{
  "Plan": {
    "Node Type": "Aggregate",
    "Strategy": "Plain",
    "Partial Mode": "Finalize",
    "Parallel Aware": false,
    "Startup Cost": 276911.09,
    "Total Cost": 276911.1,
    "Plan Rows": 1,
    "Plan Width": 8,
    "Actual Startup Time": 437.135,
    "Actual Total Time": 450.995,
    "Actual Rows": 1,
    "Actual Loops": 1,
    "Plans": [
      {
        "Node Type": "Gather",
        "Parent Relationship": "Outer",
        "Parallel Aware": false,
        "Startup Cost": 276910.98,
        "Total Cost": 276911.09,
        "Plan Rows": 1,
        "Plan Width": 8,
        "Actual Startup Time": 436.81,
        "Actual Total Time": 450.988,
        "Actual Rows": 2,
        "Actual Loops": 1,
        "Workers Planned": 1,
        "Workers Launched": 1,
        "Single Copy": false,
        "Plans": [
          {
            "Node Type": "Aggregate",
            "Strategy": "Plain",
            "Partial Mode": "Partial",
            "Parent Relationship": "Outer",
            "Parallel Aware": false,
            "Startup Cost": 275910.98,
            "Total Cost": 275910.99,
            "Plan Rows": 1,
            "Plan Width": 8,
            "Actual Startup Time": 430.814,
            "Actual Total Time": 430.819,
            "Actual Rows": 1,
            "Actual Loops": 2,
            "Plans": [
              {
                "Node Type": "Hash Join",
                "Parent Relationship": "Outer",
                "Parallel Aware": true,
                "Join Type": "Inner",
                "Startup Cost": 95610.65,
                "Total Cost": 275904.02,
                "Plan Rows": 2784,
                "Plan Width": 0,
                "Actual Startup Time": 215.018,
                "Actual Total Time": 430.43,
                "Actual Rows": 4732,
                "Actual Loops": 2,
                "Inner Unique": true,
                "Hash Cond": "(mi.movie_id = t.id)",
                "Plans": [
                  {
                    "Node Type": "Bitmap Heap Scan",
                    "Parent Relationship": "Outer",
                    "Parallel Aware": true,
                    "Relation Name": "movie_info",
                    "Alias": "mi",
                    "Startup Cost": 37261.42,
                    "Total Cost": 214378.69,
                    "Plan Rows": 1209942,
                    "Plan Width": 4,
                    "Actual Startup Time": 61.49,
                    "Actual Total Time": 175.088,
                    "Actual Rows": 1045534,
                    "Actual Loops": 2,
                    "Recheck Cond": "(info_type_id < 3)",
                    "Rows Removed by Index Recheck": 0,
                    "Exact Heap Blocks": 8896,
                    "Lossy Heap Blocks": 0,
                    "Plans": [
                      {
                        "Node Type": "Bitmap Index Scan",
                        "Parent Relationship": "Outer",
                        "Parallel Aware": false,
                        "Index Name": "info_type_id_movie_info",
                        "Startup Cost": 0.0,
                        "Total Cost": 36747.19,
                        "Plan Rows": 2056901,
                        "Plan Width": 0,
                        "Actual Startup Time": 59.483,
                        "Actual Total Time": 59.484,
                        "Actual Rows": 2091068,
                        "Actual Loops": 1,
                        "Index Cond": "(info_type_id < 3)"
                      }
                    ]
                  },
                  {
                    "Node Type": "Hash",
                    "Parent Relationship": "Inner",
                    "Parallel Aware": true,
                    "Startup Cost": 58306.47,
                    "Total Cost": 58306.47,
                    "Plan Rows": 3421,
                    "Plan Width": 4,
                    "Actual Startup Time": 152.254,
                    "Actual Total Time": 152.255,
                    "Actual Rows": 2957,
                    "Actual Loops": 2,
                    "Hash Buckets": 8192,
                    "Original Hash Buckets": 8192,
                    "Hash Batches": 1,
                    "Original Hash Batches": 1,
                    "Peak Memory Usage": 320,
                    "Plans": [
                      {
                        "Node Type": "Seq Scan",
                        "Parent Relationship": "Outer",
                        "Parallel Aware": true,
                        "Relation Name": "title",
                        "Alias": "t",
                        "Startup Cost": 0.0,
                        "Total Cost": 58306.47,
                        "Plan Rows": 3421,
                        "Plan Width": 4,
                        "Actual Startup Time": 1.172,
                        "Actual Total Time": 150.83,
                        "Actual Rows": 2957,
                        "Actual Loops": 2,
                        "Filter": "((kind_id < 7) AND (production_year = 1974))",
                        "Rows Removed by Filter": 1261199
                      }
                    ]
                  }
                ]
              }
            ]
          }
        ]
      }
    ]
  },
  "Planning Time": 0.286,
  "Triggers": [],
  "Execution Time": 451.061
}