[
  {
    "Plan": {
      "Node Type": "Aggregate",
      "Strategy": "Plain",
      "Partial Mode": "Finalize",
      "Parallel Aware": false,
      "Startup Cost": 432940.19,
      "Total Cost": 432940.2,
      "Plan Rows": 1,
      "Plan Width": 8,
      "Actual Startup Time": 1792.033,
      "Actual Total Time": 1851.931,
      "Actual Rows": 1,
      "Actual Loops": 1,
      "Plans": [
        {
          "Node Type": "Gather",
          "Parent Relationship": "Outer",
          "Parallel Aware": false,
          "Startup Cost": 432939.57,
          "Total Cost": 432940.18,
          "Plan Rows": 6,
          "Plan Width": 8,
          "Actual Startup Time": 1771.716,
          "Actual Total Time": 1851.917,
          "Actual Rows": 7,
          "Actual Loops": 1,
          "Workers Planned": 6,
          "Workers Launched": 6,
          "Single Copy": false,
          "Plans": [
            {
              "Node Type": "Aggregate",
              "Strategy": "Plain",
              "Partial Mode": "Partial",
              "Parent Relationship": "Outer",
              "Parallel Aware": false,
              "Startup Cost": 431939.57,
              "Total Cost": 431939.58,
              "Plan Rows": 1,
              "Plan Width": 8,
              "Actual Startup Time": 1756.585,
              "Actual Total Time": 1756.963,
              "Actual Rows": 1,
              "Actual Loops": 7,
              "Plans": [
                {
                  "Node Type": "Hash Join",
                  "Parent Relationship": "Outer",
                  "Parallel Aware": true,
                  "Join Type": "Inner",
                  "Startup Cost": 70940.21,
                  "Total Cost": 429062.48,
                  "Plan Rows": 1150837,
                  "Plan Width": 0,
                  "Actual Startup Time": 668.683,
                  "Actual Total Time": 1656.027,
                  "Actual Rows": 2407692,
                  "Actual Loops": 7,
                  "Inner Unique": false,
                  "Hash Cond": "(ci.movie_id = t.id)",
                  "Plans": [
                    {
                      "Node Type": "Seq Scan",
                      "Parent Relationship": "Outer",
                      "Parallel Aware": true,
                      "Relation Name": "cast_info",
                      "Alias": "ci",
                      "Startup Cost": 0.0,
                      "Total Cost": 343257.03,
                      "Plan Rows": 2685353,
                      "Plan Width": 4,
                      "Actual Startup Time": 320.302,
                      "Actual Total Time": 649.189,
                      "Actual Rows": 2281147,
                      "Actual Loops": 7,
                      "Filter": "((person_id > 64194) AND (role_id > 2))",
                      "Rows Removed by Filter": 2896617
                    },
                    {
                      "Node Type": "Hash",
                      "Parent Relationship": "Inner",
                      "Parallel Aware": true,
                      "Startup Cost": 65296.84,
                      "Total Cost": 65296.84,
                      "Plan Rows": 451470,
                      "Plan Width": 8,
                      "Actual Startup Time": 343.548,
                      "Actual Total Time": 343.924,
                      "Actual Rows": 154877,
                      "Actual Loops": 7,
                      "Hash Buckets": 2097152,
                      "Original Hash Buckets": 2097152,
                      "Hash Batches": 1,
                      "Original Hash Batches": 1,
                      "Peak Memory Usage": 58912,
                      "Plans": [
                        {
                          "Node Type": "Hash Join",
                          "Parent Relationship": "Outer",
                          "Parallel Aware": true,
                          "Join Type": "Inner",
                          "Startup Cost": 50102.28,
                          "Total Cost": 65296.84,
                          "Plan Rows": 451470,
                          "Plan Width": 8,
                          "Actual Startup Time": 213.409,
                          "Actual Total Time": 289.373,
                          "Actual Rows": 154877,
                          "Actual Loops": 7,
                          "Inner Unique": true,
                          "Hash Cond": "(mi_idx.movie_id = t.id)",
                          "Plans": [
                            {
                              "Node Type": "Seq Scan",
                              "Parent Relationship": "Outer",
                              "Parallel Aware": true,
                              "Relation Name": "movie_info_idx",
                              "Alias": "mi_idx",
                              "Startup Cost": 0.0,
                              "Total Cost": 13685.15,
                              "Plan Rows": 575015,
                              "Plan Width": 4,
                              "Actual Startup Time": 0.024,
                              "Actual Total Time": 19.399,
                              "Actual Rows": 197148,
                              "Actual Loops": 7
                            },
                            {
                              "Node Type": "Hash",
                              "Parent Relationship": "Inner",
                              "Parallel Aware": true,
                              "Startup Cost": 43898.92,
                              "Total Cost": 43898.92,
                              "Plan Rows": 496269,
                              "Plan Width": 4,
                              "Actual Startup Time": 211.121,
                              "Actual Total Time": 211.122,
                              "Actual Rows": 282374,
                              "Actual Loops": 7,
                              "Hash Buckets": 2097152,
                              "Original Hash Buckets": 2097152,
                              "Hash Batches": 1,
                              "Original Hash Batches": 1,
                              "Peak Memory Usage": 93824,
                              "Plans": [
                                {
                                  "Node Type": "Seq Scan",
                                  "Parent Relationship": "Outer",
                                  "Parallel Aware": true,
                                  "Relation Name": "title",
                                  "Alias": "t",
                                  "Startup Cost": 0.0,
                                  "Total Cost": 43898.92,
                                  "Plan Rows": 496269,
                                  "Plan Width": 4,
                                  "Actual Startup Time": 0.044,
                                  "Actual Total Time": 80.303,
                                  "Actual Rows": 282374,
                                  "Actual Loops": 7,
                                  "Filter": "(production_year > 1977)",
                                  "Rows Removed by Filter": 78814
                                }
                              ]
                            }
                          ]
                        }
                      ]
                    }
                  ]
                }
              ]
            }
          ]
        }
      ]
    },
    "Planning Time": 1.291,
    "Triggers": [],
    "Execution Time": 1852.058
  }
]