[
  {
    "Plan": {
      "Node Type": "Aggregate",
      "Strategy": "Plain",
      "Partial Mode": "Finalize",
      "Parallel Aware": false,
      "Startup Cost": 108774.44,
      "Total Cost": 108774.45,
      "Plan Rows": 1,
      "Plan Width": 8,
      "Actual Startup Time": 168.974,
      "Actual Total Time": 186.734,
      "Actual Rows": 1,
      "Actual Loops": 1,
      "Plans": [
        {
          "Node Type": "Gather",
          "Parent Relationship": "Outer",
          "Parallel Aware": false,
          "Startup Cost": 108773.92,
          "Total Cost": 108774.43,
          "Plan Rows": 5,
          "Plan Width": 8,
          "Actual Startup Time": 168.812,
          "Actual Total Time": 186.712,
          "Actual Rows": 6,
          "Actual Loops": 1,
          "Workers Planned": 5,
          "Workers Launched": 5,
          "Single Copy": false,
          "Plans": [
            {
              "Node Type": "Aggregate",
              "Strategy": "Plain",
              "Partial Mode": "Partial",
              "Parent Relationship": "Outer",
              "Parallel Aware": false,
              "Startup Cost": 107773.92,
              "Total Cost": 107773.93,
              "Plan Rows": 1,
              "Plan Width": 8,
              "Actual Startup Time": 162.107,
              "Actual Total Time": 162.109,
              "Actual Rows": 1,
              "Actual Loops": 6,
              "Plans": [
                {
                  "Node Type": "Index Scan",
                  "Parent Relationship": "Outer",
                  "Parallel Aware": true,
                  "Scan Direction": "Forward",
                  "Index Name": "role_id_cast_info",
                  "Relation Name": "cast_info",
                  "Alias": "ci",
                  "Startup Cost": 0.56,
                  "Total Cost": 107159.34,
                  "Plan Rows": 245832,
                  "Plan Width": 0,
                  "Actual Startup Time": 0.107,
                  "Actual Total Time": 153.852,
                  "Actual Rows": 146915,
                  "Actual Loops": 6,
                  "Index Cond": "(role_id = 3)",
                  "Rows Removed by Index Recheck": 0,
                  "Filter": "(person_id < 1122828)",
                  "Rows Removed by Filter": 521091
                }
              ]
            }
          ]
        }
      ]
    },
    "Planning Time": 0.249,
    "Triggers": [],
    "Execution Time": 186.81
  }
]