[
  {
    "Plan": {
      "Node Type": "Aggregate",
      "Strategy": "Plain",
      "Partial Mode": "Finalize",
      "Parallel Aware": false,
      "Startup Cost": 44329.59,
      "Total Cost": 44329.6,
      "Plan Rows": 1,
      "Plan Width": 8,
      "Actual Startup Time": 116.841,
      "Actual Total Time": 124.673,
      "Actual Rows": 1,
      "Actual Loops": 1,
      "Plans": [
        {
          "Node Type": "Gather",
          "Parent Relationship": "Outer",
          "Parallel Aware": false,
          "Startup Cost": 44329.27,
          "Total Cost": 44329.58,
          "Plan Rows": 3,
          "Plan Width": 8,
          "Actual Startup Time": 116.74,
          "Actual Total Time": 124.665,
          "Actual Rows": 4,
          "Actual Loops": 1,
          "Workers Planned": 3,
          "Workers Launched": 3,
          "Single Copy": false,
          "Plans": [
            {
              "Node Type": "Aggregate",
              "Strategy": "Plain",
              "Partial Mode": "Partial",
              "Parent Relationship": "Outer",
              "Parallel Aware": false,
              "Startup Cost": 43329.27,
              "Total Cost": 43329.28,
              "Plan Rows": 1,
              "Plan Width": 8,
              "Actual Startup Time": 109.859,
              "Actual Total Time": 109.86,
              "Actual Rows": 1,
              "Actual Loops": 4,
              "Plans": [
                {
                  "Node Type": "Seq Scan",
                  "Parent Relationship": "Outer",
                  "Parallel Aware": true,
                  "Relation Name": "movie_keyword",
                  "Alias": "mk",
                  "Startup Cost": 0.0,
                  "Total Cost": 42695.65,
                  "Plan Rows": 253448,
                  "Plan Width": 0,
                  "Actual Startup Time": 5.715,
                  "Actual Total Time": 100.374,
                  "Actual Rows": 194374,
                  "Actual Loops": 4,
                  "Filter": "(keyword_id > 24250)",
                  "Rows Removed by Filter": 936609
                }
              ]
            }
          ]
        }
      ]
    },
    "Planning Time": 0.751,
    "Triggers": [],
    "Execution Time": 124.73
  }
]