{
  "Plan": {
    "Node Type": "Aggregate",
    "Strategy": "Plain",
    "Partial Mode": "Finalize",
    "Parallel Aware": false,
    "Startup Cost": 118134.55,
    "Total Cost": 118134.56,
    "Plan Rows": 1,
    "Plan Width": 8,
    "Actual Startup Time": 442.953,
    "Actual Total Time": 456.021,
    "Actual Rows": 1,
    "Actual Loops": 1,
    "Plans": [
      {
        "Node Type": "Gather",
        "Parent Relationship": "Outer",
        "Parallel Aware": false,
        "Startup Cost": 118134.43,
        "Total Cost": 118134.54,
        "Plan Rows": 1,
        "Plan Width": 8,
        "Actual Startup Time": 442.664,
        "Actual Total Time": 456.014,
        "Actual Rows": 2,
        "Actual Loops": 1,
        "Workers Planned": 1,
        "Workers Launched": 1,
        "Single Copy": false,
        "Plans": [
          {
            "Node Type": "Aggregate",
            "Strategy": "Plain",
            "Partial Mode": "Partial",
            "Parent Relationship": "Outer",
            "Parallel Aware": false,
            "Startup Cost": 117134.43,
            "Total Cost": 117134.44,
            "Plan Rows": 1,
            "Plan Width": 8,
            "Actual Startup Time": 440.088,
            "Actual Total Time": 440.091,
            "Actual Rows": 1,
            "Actual Loops": 2,
            "Plans": [
              {
                "Node Type": "Hash Join",
                "Parent Relationship": "Outer",
                "Parallel Aware": true,
                "Join Type": "Inner",
                "Startup Cost": 58878.78,
                "Total Cost": 116929.62,
                "Plan Rows": 81924,
                "Plan Width": 0,
                "Actual Startup Time": 132.643,
                "Actual Total Time": 438.041,
                "Actual Rows": 49390,
                "Actual Loops": 2,
                "Inner Unique": true,
                "Hash Cond": "(mk.movie_id = t.id)",
                "Plans": [
                  {
                    "Node Type": "Seq Scan",
                    "Parent Relationship": "Outer",
                    "Parallel Aware": true,
                    "Relation Name": "movie_keyword",
                    "Alias": "mk",
                    "Startup Cost": 0.0,
                    "Total Cost": 51065.35,
                    "Plan Rows": 2661135,
                    "Plan Width": 4,
                    "Actual Startup Time": 0.01,
                    "Actual Total Time": 145.907,
                    "Actual Rows": 2261965,
                    "Actual Loops": 2
                  },
                  {
                    "Node Type": "Hash",
                    "Parent Relationship": "Inner",
                    "Parallel Aware": true,
                    "Startup Cost": 58306.47,
                    "Total Cost": 58306.47,
                    "Plan Rows": 45785,
                    "Plan Width": 4,
                    "Actual Startup Time": 131.693,
                    "Actual Total Time": 131.694,
                    "Actual Rows": 37064,
                    "Actual Loops": 2,
                    "Hash Buckets": 131072,
                    "Original Hash Buckets": 131072,
                    "Hash Batches": 1,
                    "Original Hash Batches": 1,
                    "Peak Memory Usage": 3968,
                    "Plans": [
                      {
                        "Node Type": "Seq Scan",
                        "Parent Relationship": "Outer",
                        "Parallel Aware": true,
                        "Relation Name": "title",
                        "Alias": "t",
                        "Startup Cost": 0.0,
                        "Total Cost": 58306.47,
                        "Plan Rows": 45785,
                        "Plan Width": 4,
                        "Actual Startup Time": 0.029,
                        "Actual Total Time": 122.293,
                        "Actual Rows": 37064,
                        "Actual Loops": 2,
                        "Filter": "((kind_id < 4) AND (production_year > 2011))",
                        "Rows Removed by Filter": 1227092
                      }
                    ]
                  }
                ]
              }
            ]
          }
        ]
      }
    ]
  },
  "Planning Time": 0.216,
  "Triggers": [],
  "Execution Time": 456.062
}