{
    "Plan": {
        "Node Type": "Aggregate",
        "Strategy": "Plain",
        "Partial Mode": "Simple",
        "Parallel Aware": false,
        "Startup Cost": 20002312293.5,
        "Total Cost": 20002312293.51,
        "Plan Rows": 1,
        "Plan Width": 8,
        "Actual Startup Time": 35728.649,
        "Actual Total Time": 35728.652,
        "Actual Rows": 1,
        "Actual Loops": 1,
        "Output": [
            "count(*)"
        ],
        "Plans": [
            {
                "Node Type": "Hash Join",
                "Parent Relationship": "Outer",
                "Parallel Aware": false,
                "Join Type": "Inner",
                "Startup Cost": 20000123271.27,
                "Total Cost": 20002293344.08,
                "Plan Rows": 7579765,
                "Plan Width": 0,
                "Actual Startup Time": 1689.301,
                "Actual Total Time": 35452.734,
                "Actual Rows": 6168565,
                "Actual Loops": 1,
                "Inner Unique": true,
                "Hash Cond": "(ci.movie_id = t.id)",
                "Plans": [
                    {
                        "Node Type": "Index Scan",
                        "Parent Relationship": "Outer",
                        "Parallel Aware": false,
                        "Scan Direction": "Forward",
                        "Index Name": "movie_id_cast_info",
                        "Relation Name": "cast_info",
                        "Schema": "public",
                        "Alias": "ci",
                        "Startup Cost": 10000000000.57,
                        "Total Cost": 10002074909.69,
                        "Plan Rows": 36252776,
                        "Plan Width": 4,
                        "Actual Startup Time": 0.083,
                        "Actual Total Time": 29562.795,
                        "Actual Rows": 36244344,
                        "Actual Loops": 1,
                        "Output": [
                            "ci.id",
                            "ci.person_id",
                            "ci.movie_id",
                            "ci.person_role_id",
                            "ci.note",
                            "ci.nr_order",
                            "ci.role_id"
                        ]
                    },
                    {
                        "Node Type": "Hash",
                        "Parent Relationship": "Inner",
                        "Parallel Aware": false,
                        "Startup Cost": 10000116662.9,
                        "Total Cost": 10000116662.9,
                        "Plan Rows": 528624,
                        "Plan Width": 4,
                        "Actual Startup Time": 1669.674,
                        "Actual Total Time": 1669.675,
                        "Actual Rows": 523734,
                        "Actual Loops": 1,
                        "Output": [
                            "t.id"
                        ],
                        "Hash Buckets": 1048576,
                        "Original Hash Buckets": 1048576,
                        "Hash Batches": 1,
                        "Original Hash Batches": 1,
                        "Peak Memory Usage": 26605,
                        "Plans": [
                            {
                                "Node Type": "Index Scan",
                                "Parent Relationship": "Outer",
                                "Parallel Aware": false,
                                "Scan Direction": "Forward",
                                "Index Name": "title_pkey",
                                "Relation Name": "title",
                                "Schema": "public",
                                "Alias": "t",
                                "Startup Cost": 10000000000.43,
                                "Total Cost": 10000116662.9,
                                "Plan Rows": 528624,
                                "Plan Width": 4,
                                "Actual Startup Time": 4.718,
                                "Actual Total Time": 1503.179,
                                "Actual Rows": 523734,
                                "Actual Loops": 1,
                                "Output": [
                                    "t.id"
                                ],
                                "Filter": "(t.production_year < 1981)",
                                "Rows Removed by Filter": 2004578
                            }
                        ]
                    }
                ]
            }
        ]
    },
    "Planning Time": 2.854,
    "Triggers": [],
    "Execution Time": 35729.708
}