[
  {
    "Plan": {
      "Node Type": "Aggregate",
      "Strategy": "Plain",
      "Partial Mode": "Simple",
      "Parallel Aware": false,
      "Startup Cost": 39989.68,
      "Total Cost": 39989.69,
      "Plan Rows": 1,
      "Plan Width": 8,
      "Actual Startup Time": 39.057,
      "Actual Total Time": 39.058,
      "Actual Rows": 1,
      "Actual Loops": 1,
      "Plans": [
        {
          "Node Type": "Bitmap Heap Scan",
          "Parent Relationship": "Outer",
          "Parallel Aware": false,
          "Relation Name": "title",
          "Alias": "t",
          "Startup Cost": 2167.54,
          "Total Cost": 39987.27,
          "Plan Rows": 963,
          "Plan Width": 0,
          "Actual Startup Time": 7.867,
          "Actual Total Time": 38.997,
          "Actual Rows": 953,
          "Actual Loops": 1,
          "Recheck Cond": "(kind_id = 4)",
          "Rows Removed by Index Recheck": 0,
          "Filter": "(production_year = 1989)",
          "Rows Removed by Filter": 117281,
          "Exact Heap Blocks": 12711,
          "Lossy Heap Blocks": 0,
          "Plans": [
            {
              "Node Type": "Bitmap Index Scan",
              "Parent Relationship": "Outer",
              "Parallel Aware": false,
              "Index Name": "kind_id_title",
              "Startup Cost": 0.0,
              "Total Cost": 2167.3,
              "Plan Rows": 121449,
              "Plan Width": 0,
              "Actual Startup Time": 5.711,
              "Actual Total Time": 5.711,
              "Actual Rows": 118234,
              "Actual Loops": 1,
              "Index Cond": "(kind_id = 4)"
            }
          ]
        }
      ]
    },
    "Planning Time": 0.083,
    "Triggers": [],
    "Execution Time": 39.086
  }
]