[
  {
    "Plan": {
      "Node Type": "Aggregate",
      "Strategy": "Plain",
      "Partial Mode": "Finalize",
      "Parallel Aware": false,
      "Startup Cost": 33036.11,
      "Total Cost": 33036.12,
      "Plan Rows": 1,
      "Plan Width": 8,
      "Actual Startup Time": 36.524,
      "Actual Total Time": 41.572,
      "Actual Rows": 1,
      "Actual Loops": 1,
      "Plans": [
        {
          "Node Type": "Gather",
          "Parent Relationship": "Outer",
          "Parallel Aware": false,
          "Startup Cost": 33035.9,
          "Total Cost": 33036.11,
          "Plan Rows": 2,
          "Plan Width": 8,
          "Actual Startup Time": 36.382,
          "Actual Total Time": 41.565,
          "Actual Rows": 3,
          "Actual Loops": 1,
          "Workers Planned": 2,
          "Workers Launched": 2,
          "Single Copy": false,
          "Plans": [
            {
              "Node Type": "Aggregate",
              "Strategy": "Plain",
              "Partial Mode": "Partial",
              "Parent Relationship": "Outer",
              "Parallel Aware": false,
              "Startup Cost": 32035.9,
              "Total Cost": 32035.91,
              "Plan Rows": 1,
              "Plan Width": 8,
              "Actual Startup Time": 30.732,
              "Actual Total Time": 30.733,
              "Actual Rows": 1,
              "Actual Loops": 3,
              "Plans": [
                {
                  "Node Type": "Nested Loop",
                  "Parent Relationship": "Outer",
                  "Parallel Aware": false,
                  "Join Type": "Inner",
                  "Startup Cost": 131.61,
                  "Total Cost": 32030.23,
                  "Plan Rows": 2266,
                  "Plan Width": 0,
                  "Actual Startup Time": 3.275,
                  "Actual Total Time": 30.314,
                  "Actual Rows": 2162,
                  "Actual Loops": 3,
                  "Inner Unique": true,
                  "Plans": [
                    {
                      "Node Type": "Bitmap Heap Scan",
                      "Parent Relationship": "Outer",
                      "Parallel Aware": true,
                      "Relation Name": "movie_keyword",
                      "Alias": "mk",
                      "Startup Cost": 131.18,
                      "Total Cost": 14093.28,
                      "Plan Rows": 2513,
                      "Plan Width": 4,
                      "Actual Startup Time": 3.176,
                      "Actual Total Time": 10.737,
                      "Actual Rows": 2172,
                      "Actual Loops": 3,
                      "Recheck Cond": "(keyword_id = 196)",
                      "Rows Removed by Index Recheck": 0,
                      "Exact Heap Blocks": 2395,
                      "Lossy Heap Blocks": 0,
                      "Plans": [
                        {
                          "Node Type": "Bitmap Index Scan",
                          "Parent Relationship": "Outer",
                          "Parallel Aware": false,
                          "Index Name": "keyword_id_movie_keyword",
                          "Startup Cost": 0.0,
                          "Total Cost": 129.67,
                          "Plan Rows": 6032,
                          "Plan Width": 0,
                          "Actual Startup Time": 4.505,
                          "Actual Total Time": 4.505,
                          "Actual Rows": 6516,
                          "Actual Loops": 1,
                          "Index Cond": "(keyword_id = 196)"
                        }
                      ]
                    },
                    {
                      "Node Type": "Index Scan",
                      "Parent Relationship": "Inner",
                      "Parallel Aware": false,
                      "Scan Direction": "Forward",
                      "Index Name": "title_pkey",
                      "Relation Name": "title",
                      "Alias": "t",
                      "Startup Cost": 0.43,
                      "Total Cost": 7.14,
                      "Plan Rows": 1,
                      "Plan Width": 4,
                      "Actual Startup Time": 0.008,
                      "Actual Total Time": 0.008,
                      "Actual Rows": 1,
                      "Actual Loops": 6516,
                      "Index Cond": "(id = mk.movie_id)",
                      "Rows Removed by Index Recheck": 0,
                      "Filter": "(production_year > 1953)",
                      "Rows Removed by Filter": 0
                    }
                  ]
                }
              ]
            }
          ]
        }
      ]
    },
    "Planning Time": 0.622,
    "Triggers": [],
    "Execution Time": 41.663
  }
]