[
    {
        "Bao": {
            "Bao prediction": "NaN",
            "Bao recommended hint": "(no hint)"
        }
    },
    {
        "Plan": {
            "Node Type": "Aggregate",
            "Strategy": "Plain",
            "Partial Mode": "Finalize",
            "Parallel Aware": false,
            "Startup Cost": 234833.6,
            "Total Cost": 234833.61,
            "Plan Rows": 1,
            "Plan Width": 8,
            "Actual Startup Time": 291.966,
            "Actual Total Time": 306.414,
            "Actual Rows": 1,
            "Actual Loops": 1,
            "Output": [
                "count(*)"
            ],
            "Plans": [
                {
                    "Node Type": "Gather",
                    "Parent Relationship": "Outer",
                    "Parallel Aware": false,
                    "Startup Cost": 234833.08,
                    "Total Cost": 234833.59,
                    "Plan Rows": 5,
                    "Plan Width": 8,
                    "Actual Startup Time": 289.888,
                    "Actual Total Time": 306.403,
                    "Actual Rows": 6,
                    "Actual Loops": 1,
                    "Output": [
                        "(PARTIAL count(*))"
                    ],
                    "Workers Planned": 5,
                    "Workers Launched": 5,
                    "Single Copy": false,
                    "Plans": [
                        {
                            "Node Type": "Aggregate",
                            "Strategy": "Plain",
                            "Partial Mode": "Partial",
                            "Parent Relationship": "Outer",
                            "Parallel Aware": false,
                            "Startup Cost": 233833.08,
                            "Total Cost": 233833.09,
                            "Plan Rows": 1,
                            "Plan Width": 8,
                            "Actual Startup Time": 279.498,
                            "Actual Total Time": 279.501,
                            "Actual Rows": 1,
                            "Actual Loops": 6,
                            "Output": [
                                "PARTIAL count(*)"
                            ],
                            "Workers": [
                                {
                                    "Worker Number": 0,
                                    "Actual Startup Time": 276.797,
                                    "Actual Total Time": 276.801,
                                    "Actual Rows": 1,
                                    "Actual Loops": 1
                                },
                                {
                                    "Worker Number": 1,
                                    "Actual Startup Time": 277.167,
                                    "Actual Total Time": 277.171,
                                    "Actual Rows": 1,
                                    "Actual Loops": 1
                                },
                                {
                                    "Worker Number": 2,
                                    "Actual Startup Time": 277.652,
                                    "Actual Total Time": 277.654,
                                    "Actual Rows": 1,
                                    "Actual Loops": 1
                                },
                                {
                                    "Worker Number": 3,
                                    "Actual Startup Time": 277.746,
                                    "Actual Total Time": 277.749,
                                    "Actual Rows": 1,
                                    "Actual Loops": 1
                                },
                                {
                                    "Worker Number": 4,
                                    "Actual Startup Time": 278.491,
                                    "Actual Total Time": 278.494,
                                    "Actual Rows": 1,
                                    "Actual Loops": 1
                                }
                            ],
                            "Plans": [
                                {
                                    "Node Type": "Hash Join",
                                    "Parent Relationship": "Outer",
                                    "Parallel Aware": true,
                                    "Join Type": "Inner",
                                    "Startup Cost": 68147.46,
                                    "Total Cost": 233759.86,
                                    "Plan Rows": 29287,
                                    "Plan Width": 0,
                                    "Actual Startup Time": 179.128,
                                    "Actual Total Time": 276.344,
                                    "Actual Rows": 41770,
                                    "Actual Loops": 6,
                                    "Inner Unique": true,
                                    "Hash Cond": "(mi.movie_id = t.id)",
                                    "Workers": [
                                        {
                                            "Worker Number": 0,
                                            "Actual Startup Time": 178.326,
                                            "Actual Total Time": 273.515,
                                            "Actual Rows": 32902,
                                            "Actual Loops": 1
                                        },
                                        {
                                            "Worker Number": 1,
                                            "Actual Startup Time": 174.85,
                                            "Actual Total Time": 273.647,
                                            "Actual Rows": 32829,
                                            "Actual Loops": 1
                                        },
                                        {
                                            "Worker Number": 2,
                                            "Actual Startup Time": 176.001,
                                            "Actual Total Time": 275.193,
                                            "Actual Rows": 51676,
                                            "Actual Loops": 1
                                        },
                                        {
                                            "Worker Number": 3,
                                            "Actual Startup Time": 174.871,
                                            "Actual Total Time": 274.271,
                                            "Actual Rows": 46077,
                                            "Actual Loops": 1
                                        },
                                        {
                                            "Worker Number": 4,
                                            "Actual Startup Time": 182.335,
                                            "Actual Total Time": 275.052,
                                            "Actual Rows": 32555,
                                            "Actual Loops": 1
                                        }
                                    ],
                                    "Plans": [
                                        {
                                            "Node Type": "Bitmap Heap Scan",
                                            "Parent Relationship": "Outer",
                                            "Parallel Aware": true,
                                            "Relation Name": "movie_info",
                                            "Schema": "public",
                                            "Alias": "mi",
                                            "Startup Cost": 21701.28,
                                            "Total Cost": 186685.52,
                                            "Plan Rows": 239299,
                                            "Plan Width": 4,
                                            "Actual Startup Time": 60.02,
                                            "Actual Total Time": 132.03,
                                            "Actual Rows": 200062,
                                            "Actual Loops": 6,
                                            "Output": [
                                                "mi.id",
                                                "mi.movie_id",
                                                "mi.info_type_id",
                                                "mi.info",
                                                "mi.note"
                                            ],
                                            "Recheck Cond": "(mi.info_type_id > 35)",
                                            "Rows Removed by Index Recheck": 0,
                                            "Exact Heap Blocks": 8810,
                                            "Lossy Heap Blocks": 0,
                                            "Workers": [
                                                {
                                                    "Worker Number": 0,
                                                    "Actual Startup Time": 59.85,
                                                    "Actual Total Time": 134.524,
                                                    "Actual Rows": 151362,
                                                    "Actual Loops": 1
                                                },
                                                {
                                                    "Worker Number": 1,
                                                    "Actual Startup Time": 60.489,
                                                    "Actual Total Time": 133.204,
                                                    "Actual Rows": 149786,
                                                    "Actual Loops": 1
                                                },
                                                {
                                                    "Worker Number": 2,
                                                    "Actual Startup Time": 59.697,
                                                    "Actual Total Time": 132.89,
                                                    "Actual Rows": 285785,
                                                    "Actual Loops": 1
                                                },
                                                {
                                                    "Worker Number": 3,
                                                    "Actual Startup Time": 59.957,
                                                    "Actual Total Time": 133.352,
                                                    "Actual Rows": 206280,
                                                    "Actual Loops": 1
                                                },
                                                {
                                                    "Worker Number": 4,
                                                    "Actual Startup Time": 60.162,
                                                    "Actual Total Time": 133.18,
                                                    "Actual Rows": 150106,
                                                    "Actual Loops": 1
                                                }
                                            ],
                                            "Plans": [
                                                {
                                                    "Node Type": "Bitmap Index Scan",
                                                    "Parent Relationship": "Outer",
                                                    "Parallel Aware": false,
                                                    "Index Name": "info_type_id_movie_info",
                                                    "Startup Cost": 0.0,
                                                    "Total Cost": 21402.16,
                                                    "Plan Rows": 1196496,
                                                    "Plan Width": 0,
                                                    "Actual Startup Time": 54.285,
                                                    "Actual Total Time": 54.285,
                                                    "Actual Rows": 1200370,
                                                    "Actual Loops": 1,
                                                    "Index Cond": "(mi.info_type_id > 35)",
                                                    "Workers": [
                                                        {
                                                            "Worker Number": 2,
                                                            "Actual Startup Time": 54.285,
                                                            "Actual Total Time": 54.285,
                                                            "Actual Rows": 1200370,
                                                            "Actual Loops": 1
                                                        }
                                                    ]
                                                }
                                            ]
                                        },
                                        {
                                            "Node Type": "Hash",
                                            "Parent Relationship": "Inner",
                                            "Parallel Aware": true,
                                            "Startup Cost": 45479.21,
                                            "Total Cost": 45479.21,
                                            "Plan Rows": 77358,
                                            "Plan Width": 4,
                                            "Actual Startup Time": 99.417,
                                            "Actual Total Time": 99.418,
                                            "Actual Rows": 44433,
                                            "Actual Loops": 6,
                                            "Output": [
                                                "t.id"
                                            ],
                                            "Hash Buckets": 524288,
                                            "Original Hash Buckets": 524288,
                                            "Hash Batches": 1,
                                            "Original Hash Batches": 1,
                                            "Peak Memory Usage": 14624,
                                            "Workers": [
                                                {
                                                    "Worker Number": 0,
                                                    "Actual Startup Time": 98.659,
                                                    "Actual Total Time": 98.66,
                                                    "Actual Rows": 33318,
                                                    "Actual Loops": 1
                                                },
                                                {
                                                    "Worker Number": 1,
                                                    "Actual Startup Time": 99.006,
                                                    "Actual Total Time": 99.007,
                                                    "Actual Rows": 33055,
                                                    "Actual Loops": 1
                                                },
                                                {
                                                    "Worker Number": 2,
                                                    "Actual Startup Time": 99.511,
                                                    "Actual Total Time": 99.512,
                                                    "Actual Rows": 50335,
                                                    "Actual Loops": 1
                                                },
                                                {
                                                    "Worker Number": 3,
                                                    "Actual Startup Time": 99.627,
                                                    "Actual Total Time": 99.628,
                                                    "Actual Rows": 50329,
                                                    "Actual Loops": 1
                                                },
                                                {
                                                    "Worker Number": 4,
                                                    "Actual Startup Time": 100.089,
                                                    "Actual Total Time": 100.09,
                                                    "Actual Rows": 32483,
                                                    "Actual Loops": 1
                                                }
                                            ],
                                            "Plans": [
                                                {
                                                    "Node Type": "Seq Scan",
                                                    "Parent Relationship": "Outer",
                                                    "Parallel Aware": true,
                                                    "Relation Name": "title",
                                                    "Schema": "public",
                                                    "Alias": "t",
                                                    "Startup Cost": 0.0,
                                                    "Total Cost": 45479.21,
                                                    "Plan Rows": 77358,
                                                    "Plan Width": 4,
                                                    "Actual Startup Time": 0.093,
                                                    "Actual Total Time": 80.879,
                                                    "Actual Rows": 44433,
                                                    "Actual Loops": 6,
                                                    "Output": [
                                                        "t.id"
                                                    ],
                                                    "Filter": "((t.kind_id < 7) AND (t.production_year > 2007))",
                                                    "Rows Removed by Filter": 376952,
                                                    "Workers": [
                                                        {
                                                            "Worker Number": 0,
                                                            "Actual Startup Time": 0.05,
                                                            "Actual Total Time": 81.748,
                                                            "Actual Rows": 33318,
                                                            "Actual Loops": 1
                                                        },
                                                        {
                                                            "Worker Number": 1,
                                                            "Actual Startup Time": 0.047,
                                                            "Actual Total Time": 81.327,
                                                            "Actual Rows": 33055,
                                                            "Actual Loops": 1
                                                        },
                                                        {
                                                            "Worker Number": 2,
                                                            "Actual Startup Time": 0.173,
                                                            "Actual Total Time": 80.88,
                                                            "Actual Rows": 50335,
                                                            "Actual Loops": 1
                                                        },
                                                        {
                                                            "Worker Number": 3,
                                                            "Actual Startup Time": 0.039,
                                                            "Actual Total Time": 80.747,
                                                            "Actual Rows": 50329,
                                                            "Actual Loops": 1
                                                        },
                                                        {
                                                            "Worker Number": 4,
                                                            "Actual Startup Time": 0.181,
                                                            "Actual Total Time": 81.431,
                                                            "Actual Rows": 32483,
                                                            "Actual Loops": 1
                                                        }
                                                    ]
                                                }
                                            ]
                                        }
                                    ]
                                }
                            ]
                        }
                    ]
                }
            ]
        },
        "Planning Time": 181.183,
        "Triggers": [],
        "Execution Time": 306.552
    }
]