{
    "Plan": {
        "Node Type": "Aggregate",
        "Strategy": "Plain",
        "Partial Mode": "Finalize",
        "Parallel Aware": false,
        "Startup Cost": 286034.57,
        "Total Cost": 286034.58,
        "Plan Rows": 1,
        "Plan Width": 8,
        "Actual Startup Time": 1087.259,
        "Actual Total Time": 1134.114,
        "Actual Rows": 1,
        "Actual Loops": 1,
        "Output": [
            "count(*)"
        ],
        "Plans": [
            {
                "Node Type": "Gather",
                "Parent Relationship": "Outer",
                "Parallel Aware": false,
                "Startup Cost": 286034.05,
                "Total Cost": 286034.56,
                "Plan Rows": 5,
                "Plan Width": 8,
                "Actual Startup Time": 1075.899,
                "Actual Total Time": 1134.1,
                "Actual Rows": 6,
                "Actual Loops": 1,
                "Output": [
                    "(PARTIAL count(*))"
                ],
                "Workers Planned": 5,
                "Workers Launched": 5,
                "Single Copy": false,
                "Plans": [
                    {
                        "Node Type": "Aggregate",
                        "Strategy": "Plain",
                        "Partial Mode": "Partial",
                        "Parent Relationship": "Outer",
                        "Parallel Aware": false,
                        "Startup Cost": 285034.05,
                        "Total Cost": 285034.06,
                        "Plan Rows": 1,
                        "Plan Width": 8,
                        "Actual Startup Time": 1065.13,
                        "Actual Total Time": 1065.441,
                        "Actual Rows": 1,
                        "Actual Loops": 6,
                        "Output": [
                            "PARTIAL count(*)"
                        ],
                        "Workers": [
                            {
                                "Worker Number": 0,
                                "Actual Startup Time": 1062.193,
                                "Actual Total Time": 1062.198,
                                "Actual Rows": 1,
                                "Actual Loops": 1
                            },
                            {
                                "Worker Number": 1,
                                "Actual Startup Time": 1062.603,
                                "Actual Total Time": 1062.609,
                                "Actual Rows": 1,
                                "Actual Loops": 1
                            },
                            {
                                "Worker Number": 2,
                                "Actual Startup Time": 1063.953,
                                "Actual Total Time": 1063.958,
                                "Actual Rows": 1,
                                "Actual Loops": 1
                            },
                            {
                                "Worker Number": 3,
                                "Actual Startup Time": 1063.553,
                                "Actual Total Time": 1063.56,
                                "Actual Rows": 1,
                                "Actual Loops": 1
                            },
                            {
                                "Worker Number": 4,
                                "Actual Startup Time": 1063.554,
                                "Actual Total Time": 1063.559,
                                "Actual Rows": 1,
                                "Actual Loops": 1
                            }
                        ],
                        "Plans": [
                            {
                                "Node Type": "Hash Join",
                                "Parent Relationship": "Outer",
                                "Parallel Aware": true,
                                "Join Type": "Inner",
                                "Startup Cost": 80559.52,
                                "Total Cost": 284612.65,
                                "Plan Rows": 168561,
                                "Plan Width": 0,
                                "Actual Startup Time": 374.372,
                                "Actual Total Time": 1012.131,
                                "Actual Rows": 1171636,
                                "Actual Loops": 6,
                                "Inner Unique": false,
                                "Hash Cond": "(mi.movie_id = t.id)",
                                "Workers": [
                                    {
                                        "Worker Number": 0,
                                        "Actual Startup Time": 371.591,
                                        "Actual Total Time": 1011.698,
                                        "Actual Rows": 1287940,
                                        "Actual Loops": 1
                                    },
                                    {
                                        "Worker Number": 1,
                                        "Actual Startup Time": 372.016,
                                        "Actual Total Time": 1012.056,
                                        "Actual Rows": 1280405,
                                        "Actual Loops": 1
                                    },
                                    {
                                        "Worker Number": 2,
                                        "Actual Startup Time": 372.378,
                                        "Actual Total Time": 1013.344,
                                        "Actual Rows": 1289690,
                                        "Actual Loops": 1
                                    },
                                    {
                                        "Worker Number": 3,
                                        "Actual Startup Time": 372.943,
                                        "Actual Total Time": 1008.677,
                                        "Actual Rows": 870974,
                                        "Actual Loops": 1
                                    },
                                    {
                                        "Worker Number": 4,
                                        "Actual Startup Time": 372.963,
                                        "Actual Total Time": 1013.236,
                                        "Actual Rows": 1273554,
                                        "Actual Loops": 1
                                    }
                                ],
                                "Plans": [
                                    {
                                        "Node Type": "Seq Scan",
                                        "Parent Relationship": "Outer",
                                        "Parallel Aware": true,
                                        "Relation Name": "movie_info",
                                        "Schema": "public",
                                        "Alias": "mi",
                                        "Startup Cost": 0.0,
                                        "Total Cost": 198880.74,
                                        "Plan Rows": 1234303,
                                        "Plan Width": 4,
                                        "Actual Startup Time": 16.838,
                                        "Actual Total Time": 337.694,
                                        "Actual Rows": 1037249,
                                        "Actual Loops": 6,
                                        "Output": [
                                            "mi.id",
                                            "mi.movie_id",
                                            "mi.info_type_id",
                                            "mi.info",
                                            "mi.note"
                                        ],
                                        "Filter": "(mi.info_type_id > 8)",
                                        "Rows Removed by Filter": 1435371,
                                        "Workers": [
                                            {
                                                "Worker Number": 0,
                                                "Actual Startup Time": 16.837,
                                                "Actual Total Time": 340.182,
                                                "Actual Rows": 1122545,
                                                "Actual Loops": 1
                                            },
                                            {
                                                "Worker Number": 1,
                                                "Actual Startup Time": 16.797,
                                                "Actual Total Time": 345.516,
                                                "Actual Rows": 1113346,
                                                "Actual Loops": 1
                                            },
                                            {
                                                "Worker Number": 2,
                                                "Actual Startup Time": 16.849,
                                                "Actual Total Time": 340.126,
                                                "Actual Rows": 1129279,
                                                "Actual Loops": 1
                                            },
                                            {
                                                "Worker Number": 3,
                                                "Actual Startup Time": 16.846,
                                                "Actual Total Time": 354.756,
                                                "Actual Rows": 782392,
                                                "Actual Loops": 1
                                            },
                                            {
                                                "Worker Number": 4,
                                                "Actual Startup Time": 16.863,
                                                "Actual Total Time": 345.014,
                                                "Actual Rows": 1107633,
                                                "Actual Loops": 1
                                            }
                                        ]
                                    },
                                    {
                                        "Node Type": "Hash",
                                        "Parent Relationship": "Inner",
                                        "Parallel Aware": true,
                                        "Startup Cost": 79167.27,
                                        "Total Cost": 79167.27,
                                        "Plan Rows": 111380,
                                        "Plan Width": 8,
                                        "Actual Startup Time": 354.801,
                                        "Actual Total Time": 355.11,
                                        "Actual Rows": 134433,
                                        "Actual Loops": 6,
                                        "Output": [
                                            "t.id",
                                            "mc.movie_id"
                                        ],
                                        "Hash Buckets": 1048576,
                                        "Original Hash Buckets": 524288,
                                        "Hash Batches": 1,
                                        "Original Hash Batches": 1,
                                        "Peak Memory Usage": 43936,
                                        "Workers": [
                                            {
                                                "Worker Number": 0,
                                                "Actual Startup Time": 354.107,
                                                "Actual Total Time": 354.111,
                                                "Actual Rows": 143999,
                                                "Actual Loops": 1
                                            },
                                            {
                                                "Worker Number": 1,
                                                "Actual Startup Time": 354.392,
                                                "Actual Total Time": 354.396,
                                                "Actual Rows": 147101,
                                                "Actual Loops": 1
                                            },
                                            {
                                                "Worker Number": 2,
                                                "Actual Startup Time": 354.784,
                                                "Actual Total Time": 354.788,
                                                "Actual Rows": 147205,
                                                "Actual Loops": 1
                                            },
                                            {
                                                "Worker Number": 3,
                                                "Actual Startup Time": 355.363,
                                                "Actual Total Time": 355.367,
                                                "Actual Rows": 109249,
                                                "Actual Loops": 1
                                            },
                                            {
                                                "Worker Number": 4,
                                                "Actual Startup Time": 355.315,
                                                "Actual Total Time": 355.319,
                                                "Actual Rows": 145853,
                                                "Actual Loops": 1
                                            }
                                        ],
                                        "Plans": [
                                            {
                                                "Node Type": "Hash Join",
                                                "Parent Relationship": "Outer",
                                                "Parallel Aware": true,
                                                "Join Type": "Inner",
                                                "Startup Cost": 47009.89,
                                                "Total Cost": 79167.27,
                                                "Plan Rows": 111380,
                                                "Plan Width": 8,
                                                "Actual Startup Time": 190.736,
                                                "Actual Total Time": 291.094,
                                                "Actual Rows": 134433,
                                                "Actual Loops": 6,
                                                "Output": [
                                                    "t.id",
                                                    "mc.movie_id"
                                                ],
                                                "Inner Unique": true,
                                                "Hash Cond": "(mc.movie_id = t.id)",
                                                "Workers": [
                                                    {
                                                        "Worker Number": 0,
                                                        "Actual Startup Time": 190.288,
                                                        "Actual Total Time": 289.953,
                                                        "Actual Rows": 143999,
                                                        "Actual Loops": 1
                                                    },
                                                    {
                                                        "Worker Number": 1,
                                                        "Actual Startup Time": 190.654,
                                                        "Actual Total Time": 291.603,
                                                        "Actual Rows": 147101,
                                                        "Actual Loops": 1
                                                    },
                                                    {
                                                        "Worker Number": 2,
                                                        "Actual Startup Time": 190.878,
                                                        "Actual Total Time": 290.789,
                                                        "Actual Rows": 147205,
                                                        "Actual Loops": 1
                                                    },
                                                    {
                                                        "Worker Number": 3,
                                                        "Actual Startup Time": 190.836,
                                                        "Actual Total Time": 291.171,
                                                        "Actual Rows": 109249,
                                                        "Actual Loops": 1
                                                    },
                                                    {
                                                        "Worker Number": 4,
                                                        "Actual Startup Time": 190.733,
                                                        "Actual Total Time": 291.183,
                                                        "Actual Rows": 145853,
                                                        "Actual Loops": 1
                                                    }
                                                ],
                                                "Plans": [
                                                    {
                                                        "Node Type": "Seq Scan",
                                                        "Parent Relationship": "Outer",
                                                        "Parallel Aware": true,
                                                        "Relation Name": "movie_companies",
                                                        "Schema": "public",
                                                        "Alias": "mc",
                                                        "Startup Cost": 0.0,
                                                        "Total Cost": 31414.82,
                                                        "Plan Rows": 282881,
                                                        "Plan Width": 4,
                                                        "Actual Startup Time": 25.426,
                                                        "Actual Total Time": 56.174,
                                                        "Actual Rows": 179425,
                                                        "Actual Loops": 6,
                                                        "Output": [
                                                            "mc.id",
                                                            "mc.movie_id",
                                                            "mc.company_id",
                                                            "mc.company_type_id",
                                                            "mc.note"
                                                        ],
                                                        "Filter": "((mc.company_id > 2690) AND (mc.company_type_id > 1))",
                                                        "Rows Removed by Filter": 255430,
                                                        "Workers": [
                                                            {
                                                                "Worker Number": 0,
                                                                "Actual Startup Time": 25.431,
                                                                "Actual Total Time": 55.452,
                                                                "Actual Rows": 194117,
                                                                "Actual Loops": 1
                                                            },
                                                            {
                                                                "Worker Number": 1,
                                                                "Actual Startup Time": 25.398,
                                                                "Actual Total Time": 55.669,
                                                                "Actual Rows": 195400,
                                                                "Actual Loops": 1
                                                            },
                                                            {
                                                                "Worker Number": 2,
                                                                "Actual Startup Time": 25.415,
                                                                "Actual Total Time": 55.329,
                                                                "Actual Rows": 196858,
                                                                "Actual Loops": 1
                                                            },
                                                            {
                                                                "Worker Number": 3,
                                                                "Actual Startup Time": 25.405,
                                                                "Actual Total Time": 59.65,
                                                                "Actual Rows": 143913,
                                                                "Actual Loops": 1
                                                            },
                                                            {
                                                                "Worker Number": 4,
                                                                "Actual Startup Time": 25.385,
                                                                "Actual Total Time": 55.377,
                                                                "Actual Rows": 192367,
                                                                "Actual Loops": 1
                                                            }
                                                        ]
                                                    },
                                                    {
                                                        "Node Type": "Hash",
                                                        "Parent Relationship": "Inner",
                                                        "Parallel Aware": true,
                                                        "Startup Cost": 43899.01,
                                                        "Total Cost": 43899.01,
                                                        "Plan Rows": 248871,
                                                        "Plan Width": 4,
                                                        "Actual Startup Time": 162.957,
                                                        "Actual Total Time": 162.959,
                                                        "Actual Rows": 164175,
                                                        "Actual Loops": 6,
                                                        "Output": [
                                                            "t.id"
                                                        ],
                                                        "Hash Buckets": 1048576,
                                                        "Original Hash Buckets": 1048576,
                                                        "Hash Batches": 1,
                                                        "Original Hash Batches": 1,
                                                        "Peak Memory Usage": 46848,
                                                        "Workers": [
                                                            {
                                                                "Worker Number": 0,
                                                                "Actual Startup Time": 164.51,
                                                                "Actual Total Time": 164.511,
                                                                "Actual Rows": 174340,
                                                                "Actual Loops": 1
                                                            },
                                                            {
                                                                "Worker Number": 1,
                                                                "Actual Startup Time": 164.958,
                                                                "Actual Total Time": 164.959,
                                                                "Actual Rows": 175409,
                                                                "Actual Loops": 1
                                                            },
                                                            {
                                                                "Worker Number": 2,
                                                                "Actual Startup Time": 165.222,
                                                                "Actual Total Time": 165.223,
                                                                "Actual Rows": 172607,
                                                                "Actual Loops": 1
                                                            },
                                                            {
                                                                "Worker Number": 3,
                                                                "Actual Startup Time": 165.074,
                                                                "Actual Total Time": 165.075,
                                                                "Actual Rows": 130117,
                                                                "Actual Loops": 1
                                                            },
                                                            {
                                                                "Worker Number": 4,
                                                                "Actual Startup Time": 165.092,
                                                                "Actual Total Time": 165.093,
                                                                "Actual Rows": 175005,
                                                                "Actual Loops": 1
                                                            }
                                                        ],
                                                        "Plans": [
                                                            {
                                                                "Node Type": "Seq Scan",
                                                                "Parent Relationship": "Outer",
                                                                "Parallel Aware": true,
                                                                "Relation Name": "title",
                                                                "Schema": "public",
                                                                "Alias": "t",
                                                                "Startup Cost": 0.0,
                                                                "Total Cost": 43899.01,
                                                                "Plan Rows": 248871,
                                                                "Plan Width": 4,
                                                                "Actual Startup Time": 0.081,
                                                                "Actual Total Time": 85.96,
                                                                "Actual Rows": 164175,
                                                                "Actual Loops": 6,
                                                                "Output": [
                                                                    "t.id"
                                                                ],
                                                                "Filter": "(t.kind_id < 7)",
                                                                "Rows Removed by Filter": 257211,
                                                                "Workers": [
                                                                    {
                                                                        "Worker Number": 0,
                                                                        "Actual Startup Time": 0.091,
                                                                        "Actual Total Time": 86.145,
                                                                        "Actual Rows": 174340,
                                                                        "Actual Loops": 1
                                                                    },
                                                                    {
                                                                        "Worker Number": 1,
                                                                        "Actual Startup Time": 0.095,
                                                                        "Actual Total Time": 85.642,
                                                                        "Actual Rows": 175409,
                                                                        "Actual Loops": 1
                                                                    },
                                                                    {
                                                                        "Worker Number": 2,
                                                                        "Actual Startup Time": 0.102,
                                                                        "Actual Total Time": 85.822,
                                                                        "Actual Rows": 172607,
                                                                        "Actual Loops": 1
                                                                    },
                                                                    {
                                                                        "Worker Number": 3,
                                                                        "Actual Startup Time": 0.083,
                                                                        "Actual Total Time": 88.266,
                                                                        "Actual Rows": 130117,
                                                                        "Actual Loops": 1
                                                                    },
                                                                    {
                                                                        "Worker Number": 4,
                                                                        "Actual Startup Time": 0.091,
                                                                        "Actual Total Time": 86.574,
                                                                        "Actual Rows": 175005,
                                                                        "Actual Loops": 1
                                                                    }
                                                                ]
                                                            }
                                                        ]
                                                    }
                                                ]
                                            }
                                        ]
                                    }
                                ]
                            }
                        ]
                    }
                ]
            }
        ]
    },
    "Planning Time": 1.735,
    "Triggers": [],
    "Execution Time": 1134.213
}