[
    {
        "Bao": {
            "Bao prediction": "NaN",
            "Bao recommended hint": "(no hint)"
        }
    },
    {
        "Plan": {
            "Node Type": "Aggregate",
            "Strategy": "Plain",
            "Partial Mode": "Finalize",
            "Parallel Aware": false,
            "Startup Cost": 33090.73,
            "Total Cost": 33090.74,
            "Plan Rows": 1,
            "Plan Width": 8,
            "Actual Startup Time": 103.732,
            "Actual Total Time": 110.578,
            "Actual Rows": 1,
            "Actual Loops": 1,
            "Output": [
                "count(*)"
            ],
            "Plans": [
                {
                    "Node Type": "Gather",
                    "Parent Relationship": "Outer",
                    "Parallel Aware": false,
                    "Startup Cost": 33090.41,
                    "Total Cost": 33090.72,
                    "Plan Rows": 3,
                    "Plan Width": 8,
                    "Actual Startup Time": 103.643,
                    "Actual Total Time": 110.568,
                    "Actual Rows": 4,
                    "Actual Loops": 1,
                    "Output": [
                        "(PARTIAL count(*))"
                    ],
                    "Workers Planned": 3,
                    "Workers Launched": 3,
                    "Single Copy": false,
                    "Plans": [
                        {
                            "Node Type": "Aggregate",
                            "Strategy": "Plain",
                            "Partial Mode": "Partial",
                            "Parent Relationship": "Outer",
                            "Parallel Aware": false,
                            "Startup Cost": 32090.41,
                            "Total Cost": 32090.42,
                            "Plan Rows": 1,
                            "Plan Width": 8,
                            "Actual Startup Time": 94.999,
                            "Actual Total Time": 95.001,
                            "Actual Rows": 1,
                            "Actual Loops": 4,
                            "Output": [
                                "PARTIAL count(*)"
                            ],
                            "Workers": [
                                {
                                    "Worker Number": 0,
                                    "Actual Startup Time": 91.772,
                                    "Actual Total Time": 91.773,
                                    "Actual Rows": 1,
                                    "Actual Loops": 1
                                },
                                {
                                    "Worker Number": 1,
                                    "Actual Startup Time": 92.294,
                                    "Actual Total Time": 92.296,
                                    "Actual Rows": 1,
                                    "Actual Loops": 1
                                },
                                {
                                    "Worker Number": 2,
                                    "Actual Startup Time": 92.696,
                                    "Actual Total Time": 92.697,
                                    "Actual Rows": 1,
                                    "Actual Loops": 1
                                }
                            ],
                            "Plans": [
                                {
                                    "Node Type": "Seq Scan",
                                    "Parent Relationship": "Outer",
                                    "Parallel Aware": true,
                                    "Relation Name": "movie_companies",
                                    "Schema": "public",
                                    "Alias": "mc",
                                    "Startup Cost": 0.0,
                                    "Total Cost": 31414.82,
                                    "Plan Rows": 270237,
                                    "Plan Width": 0,
                                    "Actual Startup Time": 1.093,
                                    "Actual Total Time": 85.75,
                                    "Actual Rows": 159624,
                                    "Actual Loops": 4,
                                    "Output": [
                                        "id",
                                        "movie_id",
                                        "company_id",
                                        "company_type_id",
                                        "note"
                                    ],
                                    "Filter": "((mc.company_id > 2840) AND (mc.company_type_id < 2))",
                                    "Rows Removed by Filter": 492658,
                                    "Workers": [
                                        {
                                            "Worker Number": 0,
                                            "Actual Startup Time": 0.066,
                                            "Actual Total Time": 83.533,
                                            "Actual Rows": 114129,
                                            "Actual Loops": 1
                                        },
                                        {
                                            "Worker Number": 1,
                                            "Actual Startup Time": 0.142,
                                            "Actual Total Time": 83.515,
                                            "Actual Rows": 174475,
                                            "Actual Loops": 1
                                        },
                                        {
                                            "Worker Number": 2,
                                            "Actual Startup Time": 0.067,
                                            "Actual Total Time": 83.916,
                                            "Actual Rows": 175610,
                                            "Actual Loops": 1
                                        }
                                    ]
                                }
                            ]
                        }
                    ]
                }
            ]
        },
        "Planning Time": 294.222,
        "Triggers": [],
        "Execution Time": 110.654
    }
]