{
  "Plan": {
    "Node Type": "Aggregate",
    "Strategy": "Plain",
    "Partial Mode": "Finalize",
    "Parallel Aware": false,
    "Startup Cost": 349045.76,
    "Total Cost": 349045.77,
    "Plan Rows": 1,
    "Plan Width": 8,
    "Actual Startup Time": 1461.106,
    "Actual Total Time": 1505.799,
    "Actual Rows": 1,
    "Actual Loops": 1,
    "Plans": [
      {
        "Node Type": "Gather",
        "Parent Relationship": "Outer",
        "Parallel Aware": false,
        "Startup Cost": 349045.65,
        "Total Cost": 349045.76,
        "Plan Rows": 1,
        "Plan Width": 8,
        "Actual Startup Time": 1460.352,
        "Actual Total Time": 1505.792,
        "Actual Rows": 2,
        "Actual Loops": 1,
        "Workers Planned": 1,
        "Workers Launched": 1,
        "Single Copy": false,
        "Plans": [
          {
            "Node Type": "Aggregate",
            "Strategy": "Plain",
            "Partial Mode": "Partial",
            "Parent Relationship": "Outer",
            "Parallel Aware": false,
            "Startup Cost": 348045.65,
            "Total Cost": 348045.66,
            "Plan Rows": 1,
            "Plan Width": 8,
            "Actual Startup Time": 1453.925,
            "Actual Total Time": 1453.931,
            "Actual Rows": 1,
            "Actual Loops": 2,
            "Plans": [
              {
                "Node Type": "Hash Join",
                "Parent Relationship": "Outer",
                "Parallel Aware": true,
                "Join Type": "Inner",
                "Startup Cost": 326370.5,
                "Total Cost": 347988.8,
                "Plan Rows": 22739,
                "Plan Width": 0,
                "Actual Startup Time": 1393.726,
                "Actual Total Time": 1452.966,
                "Actual Rows": 24268,
                "Actual Loops": 2,
                "Inner Unique": false,
                "Hash Cond": "(mi_idx.movie_id = t.id)",
                "Plans": [
                  {
                    "Node Type": "Seq Scan",
                    "Parent Relationship": "Outer",
                    "Parallel Aware": true,
                    "Relation Name": "movie_info_idx",
                    "Alias": "mi_idx",
                    "Startup Cost": 0.0,
                    "Total Cost": 18082.32,
                    "Plan Rows": 544356,
                    "Plan Width": 4,
                    "Actual Startup Time": 0.021,
                    "Actual Total Time": 55.173,
                    "Actual Rows": 460055,
                    "Actual Loops": 2,
                    "Filter": "(info_type_id > 99)",
                    "Rows Removed by Filter": 229962
                  },
                  {
                    "Node Type": "Hash",
                    "Parent Relationship": "Inner",
                    "Parallel Aware": true,
                    "Startup Cost": 325593.92,
                    "Total Cost": 325593.92,
                    "Plan Rows": 62126,
                    "Plan Width": 8,
                    "Actual Startup Time": 1351.471,
                    "Actual Total Time": 1351.475,
                    "Actual Rows": 98086,
                    "Actual Loops": 2,
                    "Hash Buckets": 262144,
                    "Original Hash Buckets": 131072,
                    "Hash Batches": 1,
                    "Original Hash Batches": 1,
                    "Peak Memory Usage": 10784,
                    "Plans": [
                      {
                        "Node Type": "Hash Join",
                        "Parent Relationship": "Outer",
                        "Parallel Aware": true,
                        "Join Type": "Inner",
                        "Startup Cost": 53810.44,
                        "Total Cost": 325593.92,
                        "Plan Rows": 62126,
                        "Plan Width": 8,
                        "Actual Startup Time": 113.232,
                        "Actual Total Time": 1322.991,
                        "Actual Rows": 98086,
                        "Actual Loops": 2,
                        "Inner Unique": true,
                        "Hash Cond": "(mi.movie_id = t.id)",
                        "Plans": [
                          {
                            "Node Type": "Seq Scan",
                            "Parent Relationship": "Outer",
                            "Parallel Aware": true,
                            "Relation Name": "movie_info",
                            "Alias": "mi",
                            "Startup Cost": 0.0,
                            "Total Cost": 248955.74,
                            "Plan Rows": 8696274,
                            "Plan Width": 4,
                            "Actual Startup Time": 0.011,
                            "Actual Total Time": 600.202,
                            "Actual Rows": 7417860,
                            "Actual Loops": 2
                          },
                          {
                            "Node Type": "Hash",
                            "Parent Relationship": "Inner",
                            "Parallel Aware": true,
                            "Startup Cost": 53677.62,
                            "Total Cost": 53677.62,
                            "Plan Rows": 10625,
                            "Plan Width": 4,
                            "Actual Startup Time": 96.25,
                            "Actual Total Time": 96.252,
                            "Actual Rows": 11010,
                            "Actual Loops": 2,
                            "Hash Buckets": 32768,
                            "Original Hash Buckets": 32768,
                            "Hash Batches": 1,
                            "Original Hash Batches": 1,
                            "Peak Memory Usage": 1152,
                            "Plans": [
                              {
                                "Node Type": "Bitmap Heap Scan",
                                "Parent Relationship": "Outer",
                                "Parallel Aware": true,
                                "Relation Name": "title",
                                "Alias": "t",
                                "Startup Cost": 11827.37,
                                "Total Cost": 53677.62,
                                "Plan Rows": 10625,
                                "Plan Width": 4,
                                "Actual Startup Time": 35.964,
                                "Actual Total Time": 93.339,
                                "Actual Rows": 11010,
                                "Actual Loops": 2,
                                "Recheck Cond": "(kind_id = 1)",
                                "Rows Removed by Index Recheck": 0,
                                "Filter": "(production_year > 2012)",
                                "Rows Removed by Filter": 320402,
                                "Exact Heap Blocks": 9506,
                                "Lossy Heap Blocks": 0,
                                "Plans": [
                                  {
                                    "Node Type": "Bitmap Index Scan",
                                    "Parent Relationship": "Outer",
                                    "Parallel Aware": false,
                                    "Index Name": "kind_id_title",
                                    "Startup Cost": 0.0,
                                    "Total Cost": 11822.85,
                                    "Plan Rows": 663256,
                                    "Plan Width": 0,
                                    "Actual Startup Time": 37.534,
                                    "Actual Total Time": 37.535,
                                    "Actual Rows": 662825,
                                    "Actual Loops": 1,
                                    "Index Cond": "(kind_id = 1)"
                                  }
                                ]
                              }
                            ]
                          }
                        ]
                      }
                    ]
                  }
                ]
              }
            ]
          }
        ]
      }
    ]
  },
  "Planning Time": 0.919,
  "Triggers": [],
  "Execution Time": 1505.905
}