[
  {
    "Plan": {
      "Node Type": "Aggregate",
      "Strategy": "Plain",
      "Partial Mode": "Finalize",
      "Parallel Aware": false,
      "Startup Cost": 45317.23,
      "Total Cost": 45317.24,
      "Plan Rows": 1,
      "Plan Width": 8,
      "Actual Startup Time": 147.434,
      "Actual Total Time": 153.637,
      "Actual Rows": 1,
      "Actual Loops": 1,
      "Plans": [
        {
          "Node Type": "Gather",
          "Parent Relationship": "Outer",
          "Parallel Aware": false,
          "Startup Cost": 45316.91,
          "Total Cost": 45317.22,
          "Plan Rows": 3,
          "Plan Width": 8,
          "Actual Startup Time": 147.299,
          "Actual Total Time": 153.628,
          "Actual Rows": 4,
          "Actual Loops": 1,
          "Workers Planned": 3,
          "Workers Launched": 3,
          "Single Copy": false,
          "Plans": [
            {
              "Node Type": "Aggregate",
              "Strategy": "Plain",
              "Partial Mode": "Partial",
              "Parent Relationship": "Outer",
              "Parallel Aware": false,
              "Startup Cost": 44316.91,
              "Total Cost": 44316.92,
              "Plan Rows": 1,
              "Plan Width": 8,
              "Actual Startup Time": 142.102,
              "Actual Total Time": 142.103,
              "Actual Rows": 1,
              "Actual Loops": 4,
              "Plans": [
                {
                  "Node Type": "Seq Scan",
                  "Parent Relationship": "Outer",
                  "Parallel Aware": true,
                  "Relation Name": "movie_keyword",
                  "Alias": "mk",
                  "Startup Cost": 0.0,
                  "Total Cost": 42695.65,
                  "Plan Rows": 648502,
                  "Plan Width": 0,
                  "Actual Startup Time": 0.124,
                  "Actual Total Time": 115.858,
                  "Actual Rows": 503830,
                  "Actual Loops": 4,
                  "Filter": "(keyword_id < 3596)",
                  "Rows Removed by Filter": 627152
                }
              ]
            }
          ]
        }
      ]
    },
    "Planning Time": 0.132,
    "Triggers": [],
    "Execution Time": 153.686
  }
]