[
  {
    "Plan": {
      "Node Type": "Aggregate",
      "Strategy": "Plain",
      "Partial Mode": "Finalize",
      "Parallel Aware": false,
      "Startup Cost": 45312.88,
      "Total Cost": 45312.89,
      "Plan Rows": 1,
      "Plan Width": 8,
      "Actual Startup Time": 162.18,
      "Actual Total Time": 171.16,
      "Actual Rows": 1,
      "Actual Loops": 1,
      "Plans": [
        {
          "Node Type": "Gather",
          "Parent Relationship": "Outer",
          "Parallel Aware": false,
          "Startup Cost": 45312.56,
          "Total Cost": 45312.87,
          "Plan Rows": 3,
          "Plan Width": 8,
          "Actual Startup Time": 162.058,
          "Actual Total Time": 171.15,
          "Actual Rows": 4,
          "Actual Loops": 1,
          "Workers Planned": 3,
          "Workers Launched": 3,
          "Single Copy": false,
          "Plans": [
            {
              "Node Type": "Aggregate",
              "Strategy": "Plain",
              "Partial Mode": "Partial",
              "Parent Relationship": "Outer",
              "Parallel Aware": false,
              "Startup Cost": 44312.56,
              "Total Cost": 44312.57,
              "Plan Rows": 1,
              "Plan Width": 8,
              "Actual Startup Time": 153.571,
              "Actual Total Time": 153.573,
              "Actual Rows": 1,
              "Actual Loops": 4,
              "Plans": [
                {
                  "Node Type": "Seq Scan",
                  "Parent Relationship": "Outer",
                  "Parallel Aware": true,
                  "Relation Name": "movie_keyword",
                  "Alias": "mk",
                  "Startup Cost": 0.0,
                  "Total Cost": 42695.65,
                  "Plan Rows": 646762,
                  "Plan Width": 0,
                  "Actual Startup Time": 0.059,
                  "Actual Total Time": 127.011,
                  "Actual Rows": 503830,
                  "Actual Loops": 4,
                  "Filter": "(keyword_id < 3596)",
                  "Rows Removed by Filter": 627152
                }
              ]
            }
          ]
        }
      ]
    },
    "Planning Time": 0.154,
    "Triggers": [],
    "Execution Time": 171.21
  }
]