{
  "Plan": {
    "Node Type": "Aggregate",
    "Strategy": "Plain",
    "Partial Mode": "Finalize",
    "Parallel Aware": false,
    "Startup Cost": 398533.15,
    "Total Cost": 398533.16,
    "Plan Rows": 1,
    "Plan Width": 8,
    "Actual Startup Time": 2651.273,
    "Actual Total Time": 2704.308,
    "Actual Rows": 1,
    "Actual Loops": 1,
    "Plans": [
      {
        "Node Type": "Gather",
        "Parent Relationship": "Outer",
        "Parallel Aware": false,
        "Startup Cost": 398533.03,
        "Total Cost": 398533.14,
        "Plan Rows": 1,
        "Plan Width": 8,
        "Actual Startup Time": 2648.712,
        "Actual Total Time": 2704.297,
        "Actual Rows": 2,
        "Actual Loops": 1,
        "Workers Planned": 1,
        "Workers Launched": 1,
        "Single Copy": false,
        "Plans": [
          {
            "Node Type": "Aggregate",
            "Strategy": "Plain",
            "Partial Mode": "Partial",
            "Parent Relationship": "Outer",
            "Parallel Aware": false,
            "Startup Cost": 397533.03,
            "Total Cost": 397533.04,
            "Plan Rows": 1,
            "Plan Width": 8,
            "Actual Startup Time": 2643.211,
            "Actual Total Time": 2643.92,
            "Actual Rows": 1,
            "Actual Loops": 2,
            "Plans": [
              {
                "Node Type": "Hash Join",
                "Parent Relationship": "Outer",
                "Parallel Aware": true,
                "Join Type": "Inner",
                "Startup Cost": 84762.96,
                "Total Cost": 393899.7,
                "Plan Rows": 1453335,
                "Plan Width": 0,
                "Actual Startup Time": 577.098,
                "Actual Total Time": 2520.297,
                "Actual Rows": 3037422,
                "Actual Loops": 2,
                "Inner Unique": false,
                "Hash Cond": "(mi.movie_id = t.id)",
                "Plans": [
                  {
                    "Node Type": "Seq Scan",
                    "Parent Relationship": "Outer",
                    "Parallel Aware": true,
                    "Relation Name": "movie_info",
                    "Alias": "mi",
                    "Startup Cost": 0.0,
                    "Total Cost": 270696.42,
                    "Plan Rows": 7971004,
                    "Plan Width": 4,
                    "Actual Startup Time": 0.018,
                    "Actual Total Time": 767.86,
                    "Actual Rows": 6820974,
                    "Actual Loops": 2,
                    "Filter": "(info_type_id < 41)",
                    "Rows Removed by Filter": 596886
                  },
                  {
                    "Node Type": "Hash",
                    "Parent Relationship": "Inner",
                    "Parallel Aware": true,
                    "Startup Cost": 81373.41,
                    "Total Cost": 81373.41,
                    "Plan Rows": 271164,
                    "Plan Width": 8,
                    "Actual Startup Time": 569.622,
                    "Actual Total Time": 570.329,
                    "Actual Rows": 230092,
                    "Actual Loops": 2,
                    "Hash Buckets": 524288,
                    "Original Hash Buckets": 524288,
                    "Hash Batches": 1,
                    "Original Hash Batches": 1,
                    "Peak Memory Usage": 22144,
                    "Plans": [
                      {
                        "Node Type": "Hash Join",
                        "Parent Relationship": "Outer",
                        "Parallel Aware": true,
                        "Join Type": "Inner",
                        "Startup Cost": 21471.87,
                        "Total Cost": 81373.41,
                        "Plan Rows": 271164,
                        "Plan Width": 8,
                        "Actual Startup Time": 121.781,
                        "Actual Total Time": 510.544,
                        "Actual Rows": 230092,
                        "Actual Loops": 2,
                        "Inner Unique": false,
                        "Hash Cond": "(t.id = mi_idx.movie_id)",
                        "Plans": [
                          {
                            "Node Type": "Seq Scan",
                            "Parent Relationship": "Outer",
                            "Parallel Aware": true,
                            "Relation Name": "title",
                            "Alias": "t",
                            "Startup Cost": 0.0,
                            "Total Cost": 50870.31,
                            "Plan Rows": 1487231,
                            "Plan Width": 4,
                            "Actual Startup Time": 0.008,
                            "Actual Total Time": 120.004,
                            "Actual Rows": 1264156,
                            "Actual Loops": 2
                          },
                          {
                            "Node Type": "Hash",
                            "Parent Relationship": "Inner",
                            "Parallel Aware": true,
                            "Startup Cost": 18082.32,
                            "Total Cost": 18082.32,
                            "Plan Rows": 271164,
                            "Plan Width": 4,
                            "Actual Startup Time": 118.278,
                            "Actual Total Time": 118.279,
                            "Actual Rows": 230092,
                            "Actual Loops": 2,
                            "Hash Buckets": 524288,
                            "Original Hash Buckets": 524288,
                            "Hash Batches": 1,
                            "Original Hash Batches": 1,
                            "Peak Memory Usage": 22144,
                            "Plans": [
                              {
                                "Node Type": "Seq Scan",
                                "Parent Relationship": "Outer",
                                "Parallel Aware": true,
                                "Relation Name": "movie_info_idx",
                                "Alias": "mi_idx",
                                "Startup Cost": 0.0,
                                "Total Cost": 18082.32,
                                "Plan Rows": 271164,
                                "Plan Width": 4,
                                "Actual Startup Time": 0.056,
                                "Actual Total Time": 66.141,
                                "Actual Rows": 230092,
                                "Actual Loops": 2,
                                "Filter": "(info_type_id > 100)",
                                "Rows Removed by Filter": 459925
                              }
                            ]
                          }
                        ]
                      }
                    ]
                  }
                ]
              }
            ]
          }
        ]
      }
    ]
  },
  "Planning Time": 0.983,
  "Triggers": [],
  "Execution Time": 2704.402
}