[
  {
    "Plan": {
      "Node Type": "Aggregate",
      "Strategy": "Plain",
      "Partial Mode": "Finalize",
      "Parallel Aware": false,
      "Startup Cost": 47191.34,
      "Total Cost": 47191.35,
      "Plan Rows": 1,
      "Plan Width": 8,
      "Actual Startup Time": 178.537,
      "Actual Total Time": 187.087,
      "Actual Rows": 1,
      "Actual Loops": 1,
      "Plans": [
        {
          "Node Type": "Gather",
          "Parent Relationship": "Outer",
          "Parallel Aware": false,
          "Startup Cost": 47191.02,
          "Total Cost": 47191.33,
          "Plan Rows": 3,
          "Plan Width": 8,
          "Actual Startup Time": 178.379,
          "Actual Total Time": 187.079,
          "Actual Rows": 4,
          "Actual Loops": 1,
          "Workers Planned": 3,
          "Workers Launched": 3,
          "Single Copy": false,
          "Plans": [
            {
              "Node Type": "Aggregate",
              "Strategy": "Plain",
              "Partial Mode": "Partial",
              "Parent Relationship": "Outer",
              "Parallel Aware": false,
              "Startup Cost": 46191.02,
              "Total Cost": 46191.03,
              "Plan Rows": 1,
              "Plan Width": 8,
              "Actual Startup Time": 173.353,
              "Actual Total Time": 173.354,
              "Actual Rows": 1,
              "Actual Loops": 4,
              "Plans": [
                {
                  "Node Type": "Seq Scan",
                  "Parent Relationship": "Outer",
                  "Parallel Aware": true,
                  "Relation Name": "movie_keyword",
                  "Alias": "mk",
                  "Startup Cost": 0.0,
                  "Total Cost": 42695.65,
                  "Plan Rows": 1398146,
                  "Plan Width": 0,
                  "Actual Startup Time": 0.036,
                  "Actual Total Time": 124.03,
                  "Actual Rows": 1082642,
                  "Actual Loops": 4,
                  "Filter": "(keyword_id < 70020)",
                  "Rows Removed by Filter": 48340
                }
              ]
            }
          ]
        }
      ]
    },
    "Planning Time": 0.096,
    "Triggers": [],
    "Execution Time": 187.119
  }
]