[
  {
    "Plan": {
      "Node Type": "Aggregate",
      "Strategy": "Plain",
      "Partial Mode": "Finalize",
      "Parallel Aware": false,
      "Startup Cost": 57184.8,
      "Total Cost": 57184.81,
      "Plan Rows": 1,
      "Plan Width": 8,
      "Actual Startup Time": 95.03,
      "Actual Total Time": 107.45,
      "Actual Rows": 1,
      "Actual Loops": 1,
      "Plans": [
        {
          "Node Type": "Gather",
          "Parent Relationship": "Outer",
          "Parallel Aware": false,
          "Startup Cost": 57184.59,
          "Total Cost": 57184.8,
          "Plan Rows": 2,
          "Plan Width": 8,
          "Actual Startup Time": 94.884,
          "Actual Total Time": 107.443,
          "Actual Rows": 3,
          "Actual Loops": 1,
          "Workers Planned": 2,
          "Workers Launched": 2,
          "Single Copy": false,
          "Plans": [
            {
              "Node Type": "Aggregate",
              "Strategy": "Plain",
              "Partial Mode": "Partial",
              "Parent Relationship": "Outer",
              "Parallel Aware": false,
              "Startup Cost": 56184.59,
              "Total Cost": 56184.6,
              "Plan Rows": 1,
              "Plan Width": 8,
              "Actual Startup Time": 86.395,
              "Actual Total Time": 86.397,
              "Actual Rows": 1,
              "Actual Loops": 3,
              "Plans": [
                {
                  "Node Type": "Nested Loop",
                  "Parent Relationship": "Outer",
                  "Parallel Aware": false,
                  "Join Type": "Inner",
                  "Startup Cost": 248.24,
                  "Total Cost": 56116.25,
                  "Plan Rows": 27334,
                  "Plan Width": 0,
                  "Actual Startup Time": 1.805,
                  "Actual Total Time": 82.816,
                  "Actual Rows": 56012,
                  "Actual Loops": 3,
                  "Inner Unique": false,
                  "Plans": [
                    {
                      "Node Type": "Nested Loop",
                      "Parent Relationship": "Outer",
                      "Parallel Aware": false,
                      "Join Type": "Inner",
                      "Startup Cost": 247.81,
                      "Total Cost": 47084.0,
                      "Plan Rows": 4675,
                      "Plan Width": 8,
                      "Actual Startup Time": 1.623,
                      "Actual Total Time": 26.26,
                      "Actual Rows": 3556,
                      "Actual Loops": 3,
                      "Inner Unique": true,
                      "Plans": [
                        {
                          "Node Type": "Bitmap Heap Scan",
                          "Parent Relationship": "Outer",
                          "Parallel Aware": true,
                          "Relation Name": "movie_companies",
                          "Alias": "mc",
                          "Startup Cost": 247.38,
                          "Total Cost": 17289.47,
                          "Plan Rows": 4675,
                          "Plan Width": 4,
                          "Actual Startup Time": 1.449,
                          "Actual Total Time": 4.091,
                          "Actual Rows": 3556,
                          "Actual Loops": 3,
                          "Recheck Cond": "(company_id = 11)",
                          "Rows Removed by Index Recheck": 0,
                          "Exact Heap Blocks": 791,
                          "Lossy Heap Blocks": 0,
                          "Plans": [
                            {
                              "Node Type": "Bitmap Index Scan",
                              "Parent Relationship": "Outer",
                              "Parallel Aware": false,
                              "Index Name": "company_id_movie_companies",
                              "Startup Cost": 0.0,
                              "Total Cost": 244.57,
                              "Plan Rows": 11219,
                              "Plan Width": 0,
                              "Actual Startup Time": 3.435,
                              "Actual Total Time": 3.435,
                              "Actual Rows": 10667,
                              "Actual Loops": 1,
                              "Index Cond": "(company_id = 11)"
                            }
                          ]
                        },
                        {
                          "Node Type": "Index Only Scan",
                          "Parent Relationship": "Inner",
                          "Parallel Aware": false,
                          "Scan Direction": "Forward",
                          "Index Name": "title_pkey",
                          "Relation Name": "title",
                          "Alias": "t",
                          "Startup Cost": 0.43,
                          "Total Cost": 6.37,
                          "Plan Rows": 1,
                          "Plan Width": 4,
                          "Actual Startup Time": 0.006,
                          "Actual Total Time": 0.006,
                          "Actual Rows": 1,
                          "Actual Loops": 10667,
                          "Index Cond": "(id = mc.movie_id)",
                          "Rows Removed by Index Recheck": 0,
                          "Heap Fetches": 10667
                        }
                      ]
                    },
                    {
                      "Node Type": "Index Only Scan",
                      "Parent Relationship": "Inner",
                      "Parallel Aware": false,
                      "Scan Direction": "Forward",
                      "Index Name": "movie_id_movie_info",
                      "Relation Name": "movie_info",
                      "Alias": "mi",
                      "Startup Cost": 0.43,
                      "Total Cost": 1.51,
                      "Plan Rows": 42,
                      "Plan Width": 4,
                      "Actual Startup Time": 0.004,
                      "Actual Total Time": 0.014,
                      "Actual Rows": 16,
                      "Actual Loops": 10667,
                      "Index Cond": "(movie_id = t.id)",
                      "Rows Removed by Index Recheck": 0,
                      "Heap Fetches": 168036
                    }
                  ]
                }
              ]
            }
          ]
        }
      ]
    },
    "Planning Time": 1.463,
    "Triggers": [],
    "Execution Time": 107.546
  }
]