[
  {
    "Plan": {
      "Node Type": "Aggregate",
      "Strategy": "Plain",
      "Partial Mode": "Finalize",
      "Parallel Aware": false,
      "Startup Cost": 31322.54,
      "Total Cost": 31322.55,
      "Plan Rows": 1,
      "Plan Width": 8,
      "Actual Startup Time": 90.597,
      "Actual Total Time": 99.237,
      "Actual Rows": 1,
      "Actual Loops": 1,
      "Plans": [
        {
          "Node Type": "Gather",
          "Parent Relationship": "Outer",
          "Parallel Aware": false,
          "Startup Cost": 31322.22,
          "Total Cost": 31322.53,
          "Plan Rows": 3,
          "Plan Width": 8,
          "Actual Startup Time": 90.488,
          "Actual Total Time": 99.229,
          "Actual Rows": 4,
          "Actual Loops": 1,
          "Workers Planned": 3,
          "Workers Launched": 3,
          "Single Copy": false,
          "Plans": [
            {
              "Node Type": "Aggregate",
              "Strategy": "Plain",
              "Partial Mode": "Partial",
              "Parent Relationship": "Outer",
              "Parallel Aware": false,
              "Startup Cost": 30322.22,
              "Total Cost": 30322.23,
              "Plan Rows": 1,
              "Plan Width": 8,
              "Actual Startup Time": 87.011,
              "Actual Total Time": 87.012,
              "Actual Rows": 1,
              "Actual Loops": 4,
              "Plans": [
                {
                  "Node Type": "Seq Scan",
                  "Parent Relationship": "Outer",
                  "Parallel Aware": true,
                  "Relation Name": "movie_companies",
                  "Alias": "mc",
                  "Startup Cost": 0.0,
                  "Total Cost": 29310.68,
                  "Plan Rows": 404616,
                  "Plan Width": 0,
                  "Actual Startup Time": 11.233,
                  "Actual Total Time": 72.418,
                  "Actual Rows": 311119,
                  "Actual Loops": 4,
                  "Filter": "(company_id > 11717)",
                  "Rows Removed by Filter": 341164
                }
              ]
            }
          ]
        }
      ]
    },
    "Planning Time": 0.087,
    "Triggers": [],
    "Execution Time": 99.264
  }
]