[
  {
    "Plan": {
      "Node Type": "Aggregate",
      "Strategy": "Plain",
      "Partial Mode": "Finalize",
      "Parallel Aware": false,
      "Startup Cost": 31312.33,
      "Total Cost": 31312.34,
      "Plan Rows": 1,
      "Plan Width": 8,
      "Actual Startup Time": 103.104,
      "Actual Total Time": 110.859,
      "Actual Rows": 1,
      "Actual Loops": 1,
      "Plans": [
        {
          "Node Type": "Gather",
          "Parent Relationship": "Outer",
          "Parallel Aware": false,
          "Startup Cost": 31312.02,
          "Total Cost": 31312.33,
          "Plan Rows": 3,
          "Plan Width": 8,
          "Actual Startup Time": 103.005,
          "Actual Total Time": 110.85,
          "Actual Rows": 4,
          "Actual Loops": 1,
          "Workers Planned": 3,
          "Workers Launched": 3,
          "Single Copy": false,
          "Plans": [
            {
              "Node Type": "Aggregate",
              "Strategy": "Plain",
              "Partial Mode": "Partial",
              "Parent Relationship": "Outer",
              "Parallel Aware": false,
              "Startup Cost": 30312.02,
              "Total Cost": 30312.03,
              "Plan Rows": 1,
              "Plan Width": 8,
              "Actual Startup Time": 96.695,
              "Actual Total Time": 96.696,
              "Actual Rows": 1,
              "Actual Loops": 4,
              "Plans": [
                {
                  "Node Type": "Seq Scan",
                  "Parent Relationship": "Outer",
                  "Parallel Aware": true,
                  "Relation Name": "movie_companies",
                  "Alias": "mc",
                  "Startup Cost": 0.0,
                  "Total Cost": 29310.68,
                  "Plan Rows": 400534,
                  "Plan Width": 0,
                  "Actual Startup Time": 20.739,
                  "Actual Total Time": 82.254,
                  "Actual Rows": 311119,
                  "Actual Loops": 4,
                  "Filter": "(company_id > 11717)",
                  "Rows Removed by Filter": 341164
                }
              ]
            }
          ]
        }
      ]
    },
    "Planning Time": 0.158,
    "Triggers": [],
    "Execution Time": 110.907
  }
]