[
  {
    "Plan": {
      "Node Type": "Aggregate",
      "Strategy": "Plain",
      "Partial Mode": "Finalize",
      "Parallel Aware": false,
      "Startup Cost": 339046.0,
      "Total Cost": 339046.01,
      "Plan Rows": 1,
      "Plan Width": 8,
      "Actual Startup Time": 849.925,
      "Actual Total Time": 903.155,
      "Actual Rows": 1,
      "Actual Loops": 1,
      "Plans": [
        {
          "Node Type": "Gather",
          "Parent Relationship": "Outer",
          "Parallel Aware": false,
          "Startup Cost": 339045.38,
          "Total Cost": 339045.99,
          "Plan Rows": 6,
          "Plan Width": 8,
          "Actual Startup Time": 849.633,
          "Actual Total Time": 903.144,
          "Actual Rows": 7,
          "Actual Loops": 1,
          "Workers Planned": 6,
          "Workers Launched": 6,
          "Single Copy": false,
          "Plans": [
            {
              "Node Type": "Aggregate",
              "Strategy": "Plain",
              "Partial Mode": "Partial",
              "Parent Relationship": "Outer",
              "Parallel Aware": false,
              "Startup Cost": 338045.38,
              "Total Cost": 338045.39,
              "Plan Rows": 1,
              "Plan Width": 8,
              "Actual Startup Time": 841.346,
              "Actual Total Time": 841.35,
              "Actual Rows": 1,
              "Actual Loops": 7,
              "Plans": [
                {
                  "Node Type": "Seq Scan",
                  "Parent Relationship": "Outer",
                  "Parallel Aware": true,
                  "Relation Name": "cast_info",
                  "Alias": "ci",
                  "Startup Cost": 0.0,
                  "Total Cost": 328211.39,
                  "Plan Rows": 3933594,
                  "Plan Width": 0,
                  "Actual Startup Time": 151.712,
                  "Actual Total Time": 658.954,
                  "Actual Rows": 3353113,
                  "Actual Loops": 7,
                  "Filter": "(person_id > 1259641)",
                  "Rows Removed by Filter": 1824650
                }
              ]
            }
          ]
        }
      ]
    },
    "Planning Time": 0.087,
    "Triggers": [],
    "Execution Time": 903.199
  }
]