[
  {
    "Plan": {
      "Node Type": "Aggregate",
      "Strategy": "Plain",
      "Partial Mode": "Finalize",
      "Parallel Aware": false,
      "Startup Cost": 33351.6,
      "Total Cost": 33351.61,
      "Plan Rows": 1,
      "Plan Width": 8,
      "Actual Startup Time": 113.792,
      "Actual Total Time": 121.871,
      "Actual Rows": 1,
      "Actual Loops": 1,
      "Plans": [
        {
          "Node Type": "Gather",
          "Parent Relationship": "Outer",
          "Parallel Aware": false,
          "Startup Cost": 33351.28,
          "Total Cost": 33351.59,
          "Plan Rows": 3,
          "Plan Width": 8,
          "Actual Startup Time": 113.671,
          "Actual Total Time": 121.862,
          "Actual Rows": 4,
          "Actual Loops": 1,
          "Workers Planned": 3,
          "Workers Launched": 3,
          "Single Copy": false,
          "Plans": [
            {
              "Node Type": "Aggregate",
              "Strategy": "Plain",
              "Partial Mode": "Partial",
              "Parent Relationship": "Outer",
              "Parallel Aware": false,
              "Startup Cost": 32351.28,
              "Total Cost": 32351.29,
              "Plan Rows": 1,
              "Plan Width": 8,
              "Actual Startup Time": 105.578,
              "Actual Total Time": 105.579,
              "Actual Rows": 1,
              "Actual Loops": 4,
              "Plans": [
                {
                  "Node Type": "Seq Scan",
                  "Parent Relationship": "Outer",
                  "Parallel Aware": true,
                  "Relation Name": "movie_companies",
                  "Alias": "mc",
                  "Startup Cost": 0.0,
                  "Total Cost": 31414.82,
                  "Plan Rows": 374584,
                  "Plan Width": 0,
                  "Actual Startup Time": 51.954,
                  "Actual Total Time": 93.555,
                  "Actual Rows": 252082,
                  "Actual Loops": 4,
                  "Filter": "((company_id < 91361) AND (company_type_id = 2))",
                  "Rows Removed by Filter": 400200
                }
              ]
            }
          ]
        }
      ]
    },
    "Planning Time": 0.217,
    "Triggers": [],
    "Execution Time": 121.949
  }
]