[
  {
    "Plan": {
      "Node Type": "Aggregate",
      "Strategy": "Plain",
      "Partial Mode": "Finalize",
      "Parallel Aware": false,
      "Startup Cost": 46480.36,
      "Total Cost": 46480.37,
      "Plan Rows": 1,
      "Plan Width": 8,
      "Actual Startup Time": 93.431,
      "Actual Total Time": 106.282,
      "Actual Rows": 1,
      "Actual Loops": 1,
      "Plans": [
        {
          "Node Type": "Gather",
          "Parent Relationship": "Outer",
          "Parallel Aware": false,
          "Startup Cost": 46479.94,
          "Total Cost": 46480.35,
          "Plan Rows": 4,
          "Plan Width": 8,
          "Actual Startup Time": 93.275,
          "Actual Total Time": 106.273,
          "Actual Rows": 5,
          "Actual Loops": 1,
          "Workers Planned": 4,
          "Workers Launched": 4,
          "Single Copy": false,
          "Plans": [
            {
              "Node Type": "Aggregate",
              "Strategy": "Plain",
              "Partial Mode": "Partial",
              "Parent Relationship": "Outer",
              "Parallel Aware": false,
              "Startup Cost": 45479.94,
              "Total Cost": 45479.95,
              "Plan Rows": 1,
              "Plan Width": 8,
              "Actual Startup Time": 85.898,
              "Actual Total Time": 85.899,
              "Actual Rows": 1,
              "Actual Loops": 5,
              "Plans": [
                {
                  "Node Type": "Seq Scan",
                  "Parent Relationship": "Outer",
                  "Parallel Aware": true,
                  "Relation Name": "title",
                  "Alias": "t",
                  "Startup Cost": 0.0,
                  "Total Cost": 45479.1,
                  "Plan Rows": 335,
                  "Plan Width": 0,
                  "Actual Startup Time": 59.431,
                  "Actual Total Time": 85.794,
                  "Actual Rows": 919,
                  "Actual Loops": 5,
                  "Filter": "((kind_id < 4) AND (production_year = 1910))",
                  "Rows Removed by Filter": 504743
                }
              ]
            }
          ]
        }
      ]
    },
    "Planning Time": 0.201,
    "Triggers": [],
    "Execution Time": 106.346
  }
]