{
  "Plan": {
    "Node Type": "Aggregate",
    "Strategy": "Plain",
    "Partial Mode": "Simple",
    "Parallel Aware": false,
    "Startup Cost": 3111.48,
    "Total Cost": 3111.49,
    "Plan Rows": 1,
    "Plan Width": 8,
    "Actual Startup Time": 20.799,
    "Actual Total Time": 20.8,
    "Actual Rows": 1,
    "Actual Loops": 1,
    "Plans": [
      {
        "Node Type": "Nested Loop",
        "Parent Relationship": "Outer",
        "Parallel Aware": false,
        "Join Type": "Inner",
        "Startup Cost": 7.21,
        "Total Cost": 3111.17,
        "Plan Rows": 125,
        "Plan Width": 0,
        "Actual Startup Time": 1.071,
        "Actual Total Time": 20.654,
        "Actual Rows": 576,
        "Actual Loops": 1,
        "Inner Unique": false,
        "Plans": [
          {
            "Node Type": "Nested Loop",
            "Parent Relationship": "Outer",
            "Parallel Aware": false,
            "Join Type": "Inner",
            "Startup Cost": 6.78,
            "Total Cost": 3006.58,
            "Plan Rows": 164,
            "Plan Width": 8,
            "Actual Startup Time": 1.018,
            "Actual Total Time": 18.0,
            "Actual Rows": 181,
            "Actual Loops": 1,
            "Inner Unique": true,
            "Plans": [
              {
                "Node Type": "Bitmap Heap Scan",
                "Parent Relationship": "Outer",
                "Parallel Aware": false,
                "Relation Name": "movie_keyword",
                "Alias": "mk",
                "Startup Cost": 6.35,
                "Total Cost": 922.98,
                "Plan Rows": 248,
                "Plan Width": 4,
                "Actual Startup Time": 0.953,
                "Actual Total Time": 4.27,
                "Actual Rows": 1685,
                "Actual Loops": 1,
                "Recheck Cond": "(keyword_id = 434)",
                "Rows Removed by Index Recheck": 0,
                "Exact Heap Blocks": 1088,
                "Lossy Heap Blocks": 0,
                "Plans": [
                  {
                    "Node Type": "Bitmap Index Scan",
                    "Parent Relationship": "Outer",
                    "Parallel Aware": false,
                    "Index Name": "keyword_id_movie_keyword",
                    "Startup Cost": 0.0,
                    "Total Cost": 6.29,
                    "Plan Rows": 248,
                    "Plan Width": 0,
                    "Actual Startup Time": 0.474,
                    "Actual Total Time": 0.474,
                    "Actual Rows": 1685,
                    "Actual Loops": 1,
                    "Index Cond": "(keyword_id = 434)"
                  }
                ]
              },
              {
                "Node Type": "Index Scan",
                "Parent Relationship": "Inner",
                "Parallel Aware": false,
                "Scan Direction": "Forward",
                "Index Name": "title_pkey",
                "Relation Name": "title",
                "Alias": "t",
                "Startup Cost": 0.43,
                "Total Cost": 8.4,
                "Plan Rows": 1,
                "Plan Width": 4,
                "Actual Startup Time": 0.007,
                "Actual Total Time": 0.007,
                "Actual Rows": 0,
                "Actual Loops": 1685,
                "Index Cond": "(id = mk.movie_id)",
                "Rows Removed by Index Recheck": 0,
                "Filter": "(kind_id > 3)",
                "Rows Removed by Filter": 1
              }
            ]
          },
          {
            "Node Type": "Index Scan",
            "Parent Relationship": "Inner",
            "Parallel Aware": false,
            "Scan Direction": "Forward",
            "Index Name": "movie_id_movie_companies",
            "Relation Name": "movie_companies",
            "Alias": "mc",
            "Startup Cost": 0.43,
            "Total Cost": 0.6,
            "Plan Rows": 4,
            "Plan Width": 4,
            "Actual Startup Time": 0.01,
            "Actual Total Time": 0.013,
            "Actual Rows": 3,
            "Actual Loops": 181,
            "Index Cond": "(movie_id = t.id)",
            "Rows Removed by Index Recheck": 0,
            "Filter": "(company_id < 47442)",
            "Rows Removed by Filter": 1
          }
        ]
      }
    ]
  },
  "Planning Time": 1.053,
  "Triggers": [],
  "Execution Time": 20.885
}