[
  {
    "Plan": {
      "Node Type": "Aggregate",
      "Strategy": "Plain",
      "Partial Mode": "Finalize",
      "Parallel Aware": false,
      "Startup Cost": 46141.67,
      "Total Cost": 46141.68,
      "Plan Rows": 1,
      "Plan Width": 8,
      "Actual Startup Time": 164.205,
      "Actual Total Time": 174.368,
      "Actual Rows": 1,
      "Actual Loops": 1,
      "Plans": [
        {
          "Node Type": "Gather",
          "Parent Relationship": "Outer",
          "Parallel Aware": false,
          "Startup Cost": 46141.35,
          "Total Cost": 46141.66,
          "Plan Rows": 3,
          "Plan Width": 8,
          "Actual Startup Time": 164.095,
          "Actual Total Time": 174.359,
          "Actual Rows": 4,
          "Actual Loops": 1,
          "Workers Planned": 3,
          "Workers Launched": 3,
          "Single Copy": false,
          "Plans": [
            {
              "Node Type": "Aggregate",
              "Strategy": "Plain",
              "Partial Mode": "Partial",
              "Parent Relationship": "Outer",
              "Parallel Aware": false,
              "Startup Cost": 45141.35,
              "Total Cost": 45141.36,
              "Plan Rows": 1,
              "Plan Width": 8,
              "Actual Startup Time": 157.353,
              "Actual Total Time": 157.355,
              "Actual Rows": 1,
              "Actual Loops": 4,
              "Plans": [
                {
                  "Node Type": "Seq Scan",
                  "Parent Relationship": "Outer",
                  "Parallel Aware": true,
                  "Relation Name": "movie_keyword",
                  "Alias": "mk",
                  "Startup Cost": 0.0,
                  "Total Cost": 42695.65,
                  "Plan Rows": 978279,
                  "Plan Width": 0,
                  "Actual Startup Time": 0.052,
                  "Actual Total Time": 121.275,
                  "Actual Rows": 760835,
                  "Actual Loops": 4,
                  "Filter": "(keyword_id < 11078)",
                  "Rows Removed by Filter": 370147
                }
              ]
            }
          ]
        }
      ]
    },
    "Planning Time": 0.184,
    "Triggers": [],
    "Execution Time": 174.423
  }
]