[
  {
    "Plan": {
      "Node Type": "Aggregate",
      "Strategy": "Plain",
      "Partial Mode": "Finalize",
      "Parallel Aware": false,
      "Startup Cost": 92256.35,
      "Total Cost": 92256.36,
      "Plan Rows": 1,
      "Plan Width": 8,
      "Actual Startup Time": 272.59,
      "Actual Total Time": 290.422,
      "Actual Rows": 1,
      "Actual Loops": 1,
      "Plans": [
        {
          "Node Type": "Gather",
          "Parent Relationship": "Outer",
          "Parallel Aware": false,
          "Startup Cost": 92256.03,
          "Total Cost": 92256.34,
          "Plan Rows": 3,
          "Plan Width": 8,
          "Actual Startup Time": 272.062,
          "Actual Total Time": 290.411,
          "Actual Rows": 4,
          "Actual Loops": 1,
          "Workers Planned": 3,
          "Workers Launched": 3,
          "Single Copy": false,
          "Plans": [
            {
              "Node Type": "Aggregate",
              "Strategy": "Plain",
              "Partial Mode": "Partial",
              "Parent Relationship": "Outer",
              "Parallel Aware": false,
              "Startup Cost": 91256.03,
              "Total Cost": 91256.04,
              "Plan Rows": 1,
              "Plan Width": 8,
              "Actual Startup Time": 263.659,
              "Actual Total Time": 263.662,
              "Actual Rows": 1,
              "Actual Loops": 4,
              "Plans": [
                {
                  "Node Type": "Hash Join",
                  "Parent Relationship": "Outer",
                  "Parallel Aware": true,
                  "Join Type": "Inner",
                  "Startup Cost": 46153.7,
                  "Total Cost": 91075.05,
                  "Plan Rows": 72395,
                  "Plan Width": 0,
                  "Actual Startup Time": 107.917,
                  "Actual Total Time": 263.178,
                  "Actual Rows": 10855,
                  "Actual Loops": 4,
                  "Inner Unique": true,
                  "Hash Cond": "(mk.movie_id = t.id)",
                  "Plans": [
                    {
                      "Node Type": "Seq Scan",
                      "Parent Relationship": "Outer",
                      "Parallel Aware": true,
                      "Relation Name": "movie_keyword",
                      "Alias": "mk",
                      "Startup Cost": 0.0,
                      "Total Cost": 42695.65,
                      "Plan Rows": 847884,
                      "Plan Width": 4,
                      "Actual Startup Time": 0.225,
                      "Actual Total Time": 105.697,
                      "Actual Rows": 655664,
                      "Actual Loops": 4,
                      "Filter": "(keyword_id > 3259)",
                      "Rows Removed by Filter": 475319
                    },
                    {
                      "Node Type": "Hash",
                      "Parent Relationship": "Inner",
                      "Parallel Aware": true,
                      "Startup Cost": 45479.1,
                      "Total Cost": 45479.1,
                      "Plan Rows": 53968,
                      "Plan Width": 4,
                      "Actual Startup Time": 104.876,
                      "Actual Total Time": 104.877,
                      "Actual Rows": 30197,
                      "Actual Loops": 4,
                      "Hash Buckets": 262144,
                      "Original Hash Buckets": 262144,
                      "Hash Batches": 1,
                      "Original Hash Batches": 1,
                      "Peak Memory Usage": 6848,
                      "Plans": [
                        {
                          "Node Type": "Seq Scan",
                          "Parent Relationship": "Outer",
                          "Parallel Aware": true,
                          "Relation Name": "title",
                          "Alias": "t",
                          "Startup Cost": 0.0,
                          "Total Cost": 45479.1,
                          "Plan Rows": 53968,
                          "Plan Width": 4,
                          "Actual Startup Time": 0.053,
                          "Actual Total Time": 94.462,
                          "Actual Rows": 30197,
                          "Actual Loops": 4,
                          "Filter": "((production_year < 1970) AND (kind_id = 7))",
                          "Rows Removed by Filter": 601881
                        }
                      ]
                    }
                  ]
                }
              ]
            }
          ]
        }
      ]
    },
    "Planning Time": 0.692,
    "Triggers": [],
    "Execution Time": 290.496
  }
]