{
  "Plan": {
    "Node Type": "Aggregate",
    "Strategy": "Plain",
    "Partial Mode": "Finalize",
    "Parallel Aware": false,
    "Startup Cost": 333074.33,
    "Total Cost": 333074.34,
    "Plan Rows": 1,
    "Plan Width": 8,
    "Actual Startup Time": 1227.991,
    "Actual Total Time": 1249.246,
    "Actual Rows": 1,
    "Actual Loops": 1,
    "Plans": [
      {
        "Node Type": "Gather",
        "Parent Relationship": "Outer",
        "Parallel Aware": false,
        "Startup Cost": 333074.22,
        "Total Cost": 333074.33,
        "Plan Rows": 1,
        "Plan Width": 8,
        "Actual Startup Time": 1222.113,
        "Actual Total Time": 1249.237,
        "Actual Rows": 2,
        "Actual Loops": 1,
        "Workers Planned": 1,
        "Workers Launched": 1,
        "Single Copy": false,
        "Plans": [
          {
            "Node Type": "Aggregate",
            "Strategy": "Plain",
            "Partial Mode": "Partial",
            "Parent Relationship": "Outer",
            "Parallel Aware": false,
            "Startup Cost": 332074.22,
            "Total Cost": 332074.23,
            "Plan Rows": 1,
            "Plan Width": 8,
            "Actual Startup Time": 1213.733,
            "Actual Total Time": 1214.686,
            "Actual Rows": 1,
            "Actual Loops": 2,
            "Plans": [
              {
                "Node Type": "Hash Join",
                "Parent Relationship": "Outer",
                "Parallel Aware": true,
                "Join Type": "Inner",
                "Startup Cost": 294441.49,
                "Total Cost": 331236.22,
                "Plan Rows": 335199,
                "Plan Width": 0,
                "Actual Startup Time": 1003.932,
                "Actual Total Time": 1207.683,
                "Actual Rows": 170121,
                "Actual Loops": 2,
                "Inner Unique": false,
                "Hash Cond": "(ci.movie_id = t.id)",
                "Plans": [
                  {
                    "Node Type": "Index Scan",
                    "Parent Relationship": "Outer",
                    "Parallel Aware": true,
                    "Scan Direction": "Forward",
                    "Index Name": "role_id_cast_info",
                    "Relation Name": "cast_info",
                    "Alias": "ci",
                    "Startup Cost": 0.56,
                    "Total Cost": 32487.36,
                    "Plan Rows": 622980,
                    "Plan Width": 4,
                    "Actual Startup Time": 0.131,
                    "Actual Total Time": 69.693,
                    "Actual Rows": 546779,
                    "Actual Loops": 2,
                    "Index Cond": "(role_id = 9)",
                    "Rows Removed by Index Recheck": 0
                  },
                  {
                    "Node Type": "Hash",
                    "Parent Relationship": "Inner",
                    "Parallel Aware": true,
                    "Startup Cost": 284438.24,
                    "Total Cost": 284438.24,
                    "Plan Rows": 800215,
                    "Plan Width": 8,
                    "Actual Startup Time": 989.056,
                    "Actual Total Time": 990.007,
                    "Actual Rows": 362168,
                    "Actual Loops": 2,
                    "Hash Buckets": 2097152,
                    "Original Hash Buckets": 2097152,
                    "Hash Batches": 1,
                    "Original Hash Batches": 1,
                    "Peak Memory Usage": 44736,
                    "Plans": [
                      {
                        "Node Type": "Hash Join",
                        "Parent Relationship": "Outer",
                        "Parallel Aware": true,
                        "Join Type": "Inner",
                        "Startup Cost": 104144.87,
                        "Total Cost": 284438.24,
                        "Plan Rows": 800215,
                        "Plan Width": 8,
                        "Actual Startup Time": 441.372,
                        "Actual Total Time": 878.766,
                        "Actual Rows": 362168,
                        "Actual Loops": 2,
                        "Inner Unique": true,
                        "Hash Cond": "(mi.movie_id = t.id)",
                        "Plans": [
                          {
                            "Node Type": "Bitmap Heap Scan",
                            "Parent Relationship": "Outer",
                            "Parallel Aware": true,
                            "Relation Name": "movie_info",
                            "Alias": "mi",
                            "Startup Cost": 37261.42,
                            "Total Cost": 214378.69,
                            "Plan Rows": 1209942,
                            "Plan Width": 4,
                            "Actual Startup Time": 58.113,
                            "Actual Total Time": 150.379,
                            "Actual Rows": 1045534,
                            "Actual Loops": 2,
                            "Recheck Cond": "(info_type_id < 3)",
                            "Rows Removed by Index Recheck": 0,
                            "Exact Heap Blocks": 6827,
                            "Lossy Heap Blocks": 0,
                            "Plans": [
                              {
                                "Node Type": "Bitmap Index Scan",
                                "Parent Relationship": "Outer",
                                "Parallel Aware": false,
                                "Index Name": "info_type_id_movie_info",
                                "Startup Cost": 0.0,
                                "Total Cost": 36747.19,
                                "Plan Rows": 2056901,
                                "Plan Width": 0,
                                "Actual Startup Time": 56.197,
                                "Actual Total Time": 56.197,
                                "Actual Rows": 2091068,
                                "Actual Loops": 1,
                                "Index Cond": "(info_type_id < 3)"
                              }
                            ]
                          },
                          {
                            "Node Type": "Hash",
                            "Parent Relationship": "Inner",
                            "Parallel Aware": true,
                            "Startup Cost": 54588.39,
                            "Total Cost": 54588.39,
                            "Plan Rows": 983605,
                            "Plan Width": 4,
                            "Actual Startup Time": 375.555,
                            "Actual Total Time": 375.556,
                            "Actual Rows": 837049,
                            "Actual Loops": 2,
                            "Hash Buckets": 2097152,
                            "Original Hash Buckets": 2097152,
                            "Hash Batches": 1,
                            "Original Hash Batches": 1,
                            "Peak Memory Usage": 81888,
                            "Plans": [
                              {
                                "Node Type": "Seq Scan",
                                "Parent Relationship": "Outer",
                                "Parallel Aware": true,
                                "Relation Name": "title",
                                "Alias": "t",
                                "Startup Cost": 0.0,
                                "Total Cost": 54588.39,
                                "Plan Rows": 983605,
                                "Plan Width": 4,
                                "Actual Startup Time": 0.03,
                                "Actual Total Time": 163.498,
                                "Actual Rows": 837049,
                                "Actual Loops": 2,
                                "Filter": "(kind_id > 3)",
                                "Rows Removed by Filter": 427107
                              }
                            ]
                          }
                        ]
                      }
                    ]
                  }
                ]
              }
            ]
          }
        ]
      }
    ]
  },
  "Planning Time": 1.156,
  "Triggers": [],
  "Execution Time": 1249.364
}