[
  {
    "Plan": {
      "Node Type": "Aggregate",
      "Strategy": "Plain",
      "Partial Mode": "Finalize",
      "Parallel Aware": false,
      "Startup Cost": 37116.99,
      "Total Cost": 37117.0,
      "Plan Rows": 1,
      "Plan Width": 8,
      "Actual Startup Time": 108.826,
      "Actual Total Time": 116.558,
      "Actual Rows": 1,
      "Actual Loops": 1,
      "Plans": [
        {
          "Node Type": "Gather",
          "Parent Relationship": "Outer",
          "Parallel Aware": false,
          "Startup Cost": 37116.67,
          "Total Cost": 37116.98,
          "Plan Rows": 3,
          "Plan Width": 8,
          "Actual Startup Time": 108.561,
          "Actual Total Time": 116.551,
          "Actual Rows": 4,
          "Actual Loops": 1,
          "Workers Planned": 3,
          "Workers Launched": 3,
          "Single Copy": false,
          "Plans": [
            {
              "Node Type": "Aggregate",
              "Strategy": "Plain",
              "Partial Mode": "Partial",
              "Parent Relationship": "Outer",
              "Parallel Aware": false,
              "Startup Cost": 36116.67,
              "Total Cost": 36116.68,
              "Plan Rows": 1,
              "Plan Width": 8,
              "Actual Startup Time": 99.938,
              "Actual Total Time": 99.939,
              "Actual Rows": 1,
              "Actual Loops": 4,
              "Plans": [
                {
                  "Node Type": "Bitmap Heap Scan",
                  "Parent Relationship": "Outer",
                  "Parallel Aware": true,
                  "Relation Name": "movie_keyword",
                  "Alias": "mk",
                  "Startup Cost": 9497.05,
                  "Total Cost": 35755.74,
                  "Plan Rows": 144375,
                  "Plan Width": 0,
                  "Actual Startup Time": 25.363,
                  "Actual Total Time": 93.656,
                  "Actual Rows": 109190,
                  "Actual Loops": 4,
                  "Recheck Cond": "(keyword_id > 40237)",
                  "Rows Removed by Index Recheck": 0,
                  "Exact Heap Blocks": 10469,
                  "Lossy Heap Blocks": 0,
                  "Plans": [
                    {
                      "Node Type": "Bitmap Index Scan",
                      "Parent Relationship": "Outer",
                      "Parallel Aware": false,
                      "Index Name": "keyword_id_movie_keyword",
                      "Startup Cost": 0.0,
                      "Total Cost": 9385.16,
                      "Plan Rows": 447563,
                      "Plan Width": 0,
                      "Actual Startup Time": 30.001,
                      "Actual Total Time": 30.002,
                      "Actual Rows": 436758,
                      "Actual Loops": 1,
                      "Index Cond": "(keyword_id > 40237)"
                    }
                  ]
                }
              ]
            }
          ]
        }
      ]
    },
    "Planning Time": 0.085,
    "Triggers": [],
    "Execution Time": 116.596
  }
]