[
  {
    "Plan": {
      "Node Type": "Aggregate",
      "Strategy": "Plain",
      "Partial Mode": "Finalize",
      "Parallel Aware": false,
      "Startup Cost": 204954.45,
      "Total Cost": 204954.46,
      "Plan Rows": 1,
      "Plan Width": 8,
      "Actual Startup Time": 1832.598,
      "Actual Total Time": 1873.045,
      "Actual Rows": 1,
      "Actual Loops": 1,
      "Plans": [
        {
          "Node Type": "Gather",
          "Parent Relationship": "Outer",
          "Parallel Aware": false,
          "Startup Cost": 204954.13,
          "Total Cost": 204954.44,
          "Plan Rows": 3,
          "Plan Width": 8,
          "Actual Startup Time": 1814.374,
          "Actual Total Time": 1873.031,
          "Actual Rows": 4,
          "Actual Loops": 1,
          "Workers Planned": 3,
          "Workers Launched": 3,
          "Single Copy": false,
          "Plans": [
            {
              "Node Type": "Aggregate",
              "Strategy": "Plain",
              "Partial Mode": "Partial",
              "Parent Relationship": "Outer",
              "Parallel Aware": false,
              "Startup Cost": 203954.13,
              "Total Cost": 203954.14,
              "Plan Rows": 1,
              "Plan Width": 8,
              "Actual Startup Time": 1797.173,
              "Actual Total Time": 1798.374,
              "Actual Rows": 1,
              "Actual Loops": 4,
              "Plans": [
                {
                  "Node Type": "Hash Join",
                  "Parent Relationship": "Outer",
                  "Parallel Aware": true,
                  "Join Type": "Inner",
                  "Startup Cost": 169389.31,
                  "Total Cost": 201619.65,
                  "Plan Rows": 933792,
                  "Plan Width": 0,
                  "Actual Startup Time": 1247.209,
                  "Actual Total Time": 1717.436,
                  "Actual Rows": 1628988,
                  "Actual Loops": 4,
                  "Inner Unique": false,
                  "Hash Cond": "(mc.movie_id = t.id)",
                  "Plans": [
                    {
                      "Node Type": "Seq Scan",
                      "Parent Relationship": "Outer",
                      "Parallel Aware": true,
                      "Relation Name": "movie_companies",
                      "Alias": "mc",
                      "Startup Cost": 0.0,
                      "Total Cost": 27206.55,
                      "Plan Rows": 841655,
                      "Plan Width": 4,
                      "Actual Startup Time": 0.036,
                      "Actual Total Time": 68.838,
                      "Actual Rows": 652282,
                      "Actual Loops": 4
                    },
                    {
                      "Node Type": "Hash",
                      "Parent Relationship": "Inner",
                      "Parallel Aware": true,
                      "Startup Cost": 162376.64,
                      "Total Cost": 162376.64,
                      "Plan Rows": 561014,
                      "Plan Width": 8,
                      "Actual Startup Time": 1236.128,
                      "Actual Total Time": 1237.327,
                      "Actual Rows": 831261,
                      "Actual Loops": 4,
                      "Hash Buckets": 4194304,
                      "Original Hash Buckets": 4194304,
                      "Hash Batches": 1,
                      "Original Hash Batches": 1,
                      "Peak Memory Usage": 162912,
                      "Plans": [
                        {
                          "Node Type": "Hash Join",
                          "Parent Relationship": "Outer",
                          "Parallel Aware": true,
                          "Join Type": "Inner",
                          "Startup Cost": 50060.36,
                          "Total Cost": 162376.64,
                          "Plan Rows": 561014,
                          "Plan Width": 8,
                          "Actual Startup Time": 277.758,
                          "Actual Total Time": 936.858,
                          "Actual Rows": 831261,
                          "Actual Loops": 4,
                          "Inner Unique": true,
                          "Hash Cond": "(ci.movie_id = t.id)",
                          "Plans": [
                            {
                              "Node Type": "Index Scan",
                              "Parent Relationship": "Outer",
                              "Parallel Aware": true,
                              "Scan Direction": "Forward",
                              "Index Name": "role_id_cast_info",
                              "Relation Name": "cast_info",
                              "Alias": "ci",
                              "Startup Cost": 0.56,
                              "Total Cost": 110428.26,
                              "Plan Rows": 719463,
                              "Plan Width": 4,
                              "Actual Startup Time": 0.223,
                              "Actual Total Time": 212.087,
                              "Actual Rows": 923458,
                              "Actual Loops": 4,
                              "Index Cond": "(role_id = 3)",
                              "Rows Removed by Index Recheck": 0,
                              "Filter": "(person_id > 399434)",
                              "Rows Removed by Filter": 78551
                            },
                            {
                              "Node Type": "Hash",
                              "Parent Relationship": "Inner",
                              "Parallel Aware": true,
                              "Startup Cost": 43898.92,
                              "Total Cost": 43898.92,
                              "Plan Rows": 492870,
                              "Plan Width": 4,
                              "Actual Startup Time": 274.707,
                              "Actual Total Time": 274.709,
                              "Actual Rows": 490547,
                              "Actual Loops": 4,
                              "Hash Buckets": 2097152,
                              "Original Hash Buckets": 2097152,
                              "Hash Batches": 1,
                              "Original Hash Batches": 1,
                              "Peak Memory Usage": 93216,
                              "Plans": [
                                {
                                  "Node Type": "Seq Scan",
                                  "Parent Relationship": "Outer",
                                  "Parallel Aware": true,
                                  "Relation Name": "title",
                                  "Alias": "t",
                                  "Startup Cost": 0.0,
                                  "Total Cost": 43898.92,
                                  "Plan Rows": 492870,
                                  "Plan Width": 4,
                                  "Actual Startup Time": 0.037,
                                  "Actual Total Time": 115.604,
                                  "Actual Rows": 490547,
                                  "Actual Loops": 4,
                                  "Filter": "(production_year > 1978)",
                                  "Rows Removed by Filter": 141531
                                }
                              ]
                            }
                          ]
                        }
                      ]
                    }
                  ]
                }
              ]
            }
          ]
        }
      ]
    },
    "Planning Time": 1.281,
    "Triggers": [],
    "Execution Time": 1873.135
  }
]