[
  {
    "Plan": {
      "Node Type": "Aggregate",
      "Strategy": "Plain",
      "Partial Mode": "Finalize",
      "Parallel Aware": false,
      "Startup Cost": 52599.63,
      "Total Cost": 52599.64,
      "Plan Rows": 1,
      "Plan Width": 8,
      "Actual Startup Time": 115.164,
      "Actual Total Time": 133.368,
      "Actual Rows": 1,
      "Actual Loops": 1,
      "Plans": [
        {
          "Node Type": "Gather",
          "Parent Relationship": "Outer",
          "Parallel Aware": false,
          "Startup Cost": 52599.21,
          "Total Cost": 52599.62,
          "Plan Rows": 4,
          "Plan Width": 8,
          "Actual Startup Time": 114.849,
          "Actual Total Time": 133.357,
          "Actual Rows": 5,
          "Actual Loops": 1,
          "Workers Planned": 4,
          "Workers Launched": 4,
          "Single Copy": false,
          "Plans": [
            {
              "Node Type": "Aggregate",
              "Strategy": "Plain",
              "Partial Mode": "Partial",
              "Parent Relationship": "Outer",
              "Parallel Aware": false,
              "Startup Cost": 51599.21,
              "Total Cost": 51599.22,
              "Plan Rows": 1,
              "Plan Width": 8,
              "Actual Startup Time": 104.367,
              "Actual Total Time": 104.369,
              "Actual Rows": 1,
              "Actual Loops": 5,
              "Plans": [
                {
                  "Node Type": "Nested Loop",
                  "Parent Relationship": "Outer",
                  "Parallel Aware": false,
                  "Join Type": "Inner",
                  "Startup Cost": 0.86,
                  "Total Cost": 51593.47,
                  "Plan Rows": 2297,
                  "Plan Width": 0,
                  "Actual Startup Time": 64.628,
                  "Actual Total Time": 104.078,
                  "Actual Rows": 3542,
                  "Actual Loops": 5,
                  "Inner Unique": false,
                  "Join Filter": "(t.id = mi.movie_id)",
                  "Rows Removed by Join Filter": 0,
                  "Plans": [
                    {
                      "Node Type": "Nested Loop",
                      "Parent Relationship": "Outer",
                      "Parallel Aware": false,
                      "Join Type": "Inner",
                      "Startup Cost": 0.43,
                      "Total Cost": 50812.86,
                      "Plan Rows": 391,
                      "Plan Width": 8,
                      "Actual Startup Time": 64.526,
                      "Actual Total Time": 92.44,
                      "Actual Rows": 452,
                      "Actual Loops": 5,
                      "Inner Unique": false,
                      "Plans": [
                        {
                          "Node Type": "Seq Scan",
                          "Parent Relationship": "Outer",
                          "Parallel Aware": true,
                          "Relation Name": "title",
                          "Alias": "t",
                          "Startup Cost": 0.0,
                          "Total Cost": 43899.32,
                          "Plan Rows": 379,
                          "Plan Width": 4,
                          "Actual Startup Time": 64.365,
                          "Actual Total Time": 87.665,
                          "Actual Rows": 262,
                          "Actual Loops": 5,
                          "Filter": "(production_year = 1897)",
                          "Rows Removed by Filter": 505401
                        },
                        {
                          "Node Type": "Index Only Scan",
                          "Parent Relationship": "Inner",
                          "Parallel Aware": false,
                          "Scan Direction": "Forward",
                          "Index Name": "movie_id_movie_companies",
                          "Relation Name": "movie_companies",
                          "Alias": "mc",
                          "Startup Cost": 0.43,
                          "Total Cost": 18.19,
                          "Plan Rows": 5,
                          "Plan Width": 4,
                          "Actual Startup Time": 0.014,
                          "Actual Total Time": 0.017,
                          "Actual Rows": 2,
                          "Actual Loops": 1309,
                          "Index Cond": "(movie_id = t.id)",
                          "Rows Removed by Index Recheck": 0,
                          "Heap Fetches": 2262
                        }
                      ]
                    },
                    {
                      "Node Type": "Index Only Scan",
                      "Parent Relationship": "Inner",
                      "Parallel Aware": false,
                      "Scan Direction": "Forward",
                      "Index Name": "movie_id_movie_info",
                      "Relation Name": "movie_info",
                      "Alias": "mi",
                      "Startup Cost": 0.43,
                      "Total Cost": 1.48,
                      "Plan Rows": 41,
                      "Plan Width": 4,
                      "Actual Startup Time": 0.01,
                      "Actual Total Time": 0.024,
                      "Actual Rows": 8,
                      "Actual Loops": 2262,
                      "Index Cond": "(movie_id = mc.movie_id)",
                      "Rows Removed by Index Recheck": 0,
                      "Heap Fetches": 17708
                    }
                  ]
                }
              ]
            }
          ]
        }
      ]
    },
    "Planning Time": 1.329,
    "Triggers": [],
    "Execution Time": 133.443
  }
]