[
    {
        "Bao": {
            "Bao prediction": "NaN",
            "Bao recommended hint": "(no hint)"
        }
    },
    {
        "Plan": {
            "Node Type": "Aggregate",
            "Strategy": "Plain",
            "Partial Mode": "Finalize",
            "Parallel Aware": false,
            "Startup Cost": 255036.25,
            "Total Cost": 255036.26,
            "Plan Rows": 1,
            "Plan Width": 8,
            "Actual Startup Time": 346.184,
            "Actual Total Time": 361.573,
            "Actual Rows": 1,
            "Actual Loops": 1,
            "Output": [
                "count(*)"
            ],
            "Plans": [
                {
                    "Node Type": "Gather",
                    "Parent Relationship": "Outer",
                    "Parallel Aware": false,
                    "Startup Cost": 255035.62,
                    "Total Cost": 255036.23,
                    "Plan Rows": 6,
                    "Plan Width": 8,
                    "Actual Startup Time": 346.076,
                    "Actual Total Time": 361.566,
                    "Actual Rows": 7,
                    "Actual Loops": 1,
                    "Output": [
                        "(PARTIAL count(*))"
                    ],
                    "Workers Planned": 6,
                    "Workers Launched": 6,
                    "Single Copy": false,
                    "Plans": [
                        {
                            "Node Type": "Aggregate",
                            "Strategy": "Plain",
                            "Partial Mode": "Partial",
                            "Parent Relationship": "Outer",
                            "Parallel Aware": false,
                            "Startup Cost": 254035.62,
                            "Total Cost": 254035.63,
                            "Plan Rows": 1,
                            "Plan Width": 8,
                            "Actual Startup Time": 336.042,
                            "Actual Total Time": 336.043,
                            "Actual Rows": 1,
                            "Actual Loops": 7,
                            "Output": [
                                "PARTIAL count(*)"
                            ],
                            "Workers": [
                                {
                                    "Worker Number": 0,
                                    "Actual Startup Time": 333.686,
                                    "Actual Total Time": 333.687,
                                    "Actual Rows": 1,
                                    "Actual Loops": 1
                                },
                                {
                                    "Worker Number": 1,
                                    "Actual Startup Time": 334.099,
                                    "Actual Total Time": 334.1,
                                    "Actual Rows": 1,
                                    "Actual Loops": 1
                                },
                                {
                                    "Worker Number": 2,
                                    "Actual Startup Time": 334.271,
                                    "Actual Total Time": 334.271,
                                    "Actual Rows": 1,
                                    "Actual Loops": 1
                                },
                                {
                                    "Worker Number": 3,
                                    "Actual Startup Time": 334.44,
                                    "Actual Total Time": 334.441,
                                    "Actual Rows": 1,
                                    "Actual Loops": 1
                                },
                                {
                                    "Worker Number": 4,
                                    "Actual Startup Time": 334.765,
                                    "Actual Total Time": 334.766,
                                    "Actual Rows": 1,
                                    "Actual Loops": 1
                                },
                                {
                                    "Worker Number": 5,
                                    "Actual Startup Time": 335.306,
                                    "Actual Total Time": 335.308,
                                    "Actual Rows": 1,
                                    "Actual Loops": 1
                                }
                            ],
                            "Plans": [
                                {
                                    "Node Type": "Index Scan",
                                    "Parent Relationship": "Outer",
                                    "Parallel Aware": true,
                                    "Scan Direction": "Forward",
                                    "Index Name": "role_id_cast_info",
                                    "Relation Name": "cast_info",
                                    "Schema": "public",
                                    "Alias": "ci",
                                    "Startup Cost": 0.56,
                                    "Total Cost": 251544.36,
                                    "Plan Rows": 996507,
                                    "Plan Width": 0,
                                    "Actual Startup Time": 0.153,
                                    "Actual Total Time": 284.234,
                                    "Actual Rows": 1094892,
                                    "Actual Loops": 7,
                                    "Output": [
                                        "id",
                                        "person_id",
                                        "movie_id",
                                        "person_role_id",
                                        "note",
                                        "nr_order",
                                        "role_id"
                                    ],
                                    "Index Cond": "(ci.role_id > 4)",
                                    "Rows Removed by Index Recheck": 0,
                                    "Filter": "(ci.person_id > 1293889)",
                                    "Rows Removed by Filter": 245780,
                                    "Workers": [
                                        {
                                            "Worker Number": 0,
                                            "Actual Startup Time": 0.288,
                                            "Actual Total Time": 281.133,
                                            "Actual Rows": 737108,
                                            "Actual Loops": 1
                                        },
                                        {
                                            "Worker Number": 1,
                                            "Actual Startup Time": 0.114,
                                            "Actual Total Time": 282.932,
                                            "Actual Rows": 1129734,
                                            "Actual Loops": 1
                                        },
                                        {
                                            "Worker Number": 2,
                                            "Actual Startup Time": 0.152,
                                            "Actual Total Time": 283.792,
                                            "Actual Rows": 1125856,
                                            "Actual Loops": 1
                                        },
                                        {
                                            "Worker Number": 3,
                                            "Actual Startup Time": 0.238,
                                            "Actual Total Time": 283.827,
                                            "Actual Rows": 1112340,
                                            "Actual Loops": 1
                                        },
                                        {
                                            "Worker Number": 4,
                                            "Actual Startup Time": 0.115,
                                            "Actual Total Time": 283.651,
                                            "Actual Rows": 1129040,
                                            "Actual Loops": 1
                                        },
                                        {
                                            "Worker Number": 5,
                                            "Actual Startup Time": 0.128,
                                            "Actual Total Time": 284.483,
                                            "Actual Rows": 1122685,
                                            "Actual Loops": 1
                                        }
                                    ]
                                }
                            ]
                        }
                    ]
                }
            ]
        },
        "Planning Time": 181.171,
        "Triggers": [],
        "Execution Time": 361.623
    }
]