[
    {
        "Bao": {
            "Bao prediction": 455.636,
            "Bao recommended hint": "SET enable_mergejoin TO off; "
        }
    },
    {
        "Plan": {
            "Node Type": "Aggregate",
            "Strategy": "Plain",
            "Partial Mode": "Finalize",
            "Parallel Aware": false,
            "Startup Cost": 45166.61,
            "Total Cost": 45166.62,
            "Plan Rows": 1,
            "Plan Width": 64,
            "Actual Startup Time": 755.782,
            "Actual Total Time": 834.545,
            "Actual Rows": 1,
            "Actual Loops": 1,
            "Output": [
                "min(chn.name)",
                "min(t.title)"
            ],
            "Plans": [
                {
                    "Node Type": "Gather",
                    "Parent Relationship": "Outer",
                    "Parallel Aware": false,
                    "Startup Cost": 45166.29,
                    "Total Cost": 45166.6,
                    "Plan Rows": 3,
                    "Plan Width": 64,
                    "Actual Startup Time": 755.55,
                    "Actual Total Time": 834.502,
                    "Actual Rows": 4,
                    "Actual Loops": 1,
                    "Output": [
                        "(PARTIAL min(chn.name))",
                        "(PARTIAL min(t.title))"
                    ],
                    "Workers Planned": 3,
                    "Workers Launched": 3,
                    "Single Copy": false,
                    "Plans": [
                        {
                            "Node Type": "Aggregate",
                            "Strategy": "Plain",
                            "Partial Mode": "Partial",
                            "Parent Relationship": "Outer",
                            "Parallel Aware": false,
                            "Startup Cost": 44166.29,
                            "Total Cost": 44166.3,
                            "Plan Rows": 1,
                            "Plan Width": 64,
                            "Actual Startup Time": 742.952,
                            "Actual Total Time": 742.959,
                            "Actual Rows": 1,
                            "Actual Loops": 4,
                            "Output": [
                                "PARTIAL min(chn.name)",
                                "PARTIAL min(t.title)"
                            ],
                            "Workers": [
                                {
                                    "Worker Number": 0,
                                    "Actual Startup Time": 739.822,
                                    "Actual Total Time": 739.828,
                                    "Actual Rows": 1,
                                    "Actual Loops": 1
                                },
                                {
                                    "Worker Number": 1,
                                    "Actual Startup Time": 740.739,
                                    "Actual Total Time": 740.745,
                                    "Actual Rows": 1,
                                    "Actual Loops": 1
                                },
                                {
                                    "Worker Number": 2,
                                    "Actual Startup Time": 737.413,
                                    "Actual Total Time": 737.419,
                                    "Actual Rows": 1,
                                    "Actual Loops": 1
                                }
                            ],
                            "Plans": [
                                {
                                    "Node Type": "Hash Join",
                                    "Parent Relationship": "Outer",
                                    "Parallel Aware": false,
                                    "Join Type": "Inner",
                                    "Startup Cost": 4743.8,
                                    "Total Cost": 44143.8,
                                    "Plan Rows": 4497,
                                    "Plan Width": 33,
                                    "Actual Startup Time": 29.76,
                                    "Actual Total Time": 741.314,
                                    "Actual Rows": 4871,
                                    "Actual Loops": 4,
                                    "Output": [
                                        "chn.name",
                                        "t.title"
                                    ],
                                    "Inner Unique": true,
                                    "Hash Cond": "(ci.role_id = rt.id)",
                                    "Workers": [
                                        {
                                            "Worker Number": 0,
                                            "Actual Startup Time": 27.33,
                                            "Actual Total Time": 738.191,
                                            "Actual Rows": 5022,
                                            "Actual Loops": 1
                                        },
                                        {
                                            "Worker Number": 1,
                                            "Actual Startup Time": 27.688,
                                            "Actual Total Time": 739.191,
                                            "Actual Rows": 4779,
                                            "Actual Loops": 1
                                        },
                                        {
                                            "Worker Number": 2,
                                            "Actual Startup Time": 24.256,
                                            "Actual Total Time": 735.825,
                                            "Actual Rows": 4407,
                                            "Actual Loops": 1
                                        }
                                    ],
                                    "Plans": [
                                        {
                                            "Node Type": "Nested Loop",
                                            "Parent Relationship": "Outer",
                                            "Parallel Aware": false,
                                            "Join Type": "Inner",
                                            "Startup Cost": 4742.53,
                                            "Total Cost": 44126.56,
                                            "Plan Rows": 4497,
                                            "Plan Width": 37,
                                            "Actual Startup Time": 29.352,
                                            "Actual Total Time": 738.83,
                                            "Actual Rows": 4871,
                                            "Actual Loops": 4,
                                            "Output": [
                                                "chn.name",
                                                "ci.role_id",
                                                "t.title"
                                            ],
                                            "Inner Unique": true,
                                            "Workers": [
                                                {
                                                    "Worker Number": 0,
                                                    "Actual Startup Time": 26.837,
                                                    "Actual Total Time": 735.679,
                                                    "Actual Rows": 5022,
                                                    "Actual Loops": 1
                                                },
                                                {
                                                    "Worker Number": 1,
                                                    "Actual Startup Time": 27.284,
                                                    "Actual Total Time": 736.811,
                                                    "Actual Rows": 4779,
                                                    "Actual Loops": 1
                                                },
                                                {
                                                    "Worker Number": 2,
                                                    "Actual Startup Time": 23.714,
                                                    "Actual Total Time": 733.227,
                                                    "Actual Rows": 4407,
                                                    "Actual Loops": 1
                                                }
                                            ],
                                            "Plans": [
                                                {
                                                    "Node Type": "Nested Loop",
                                                    "Parent Relationship": "Outer",
                                                    "Parallel Aware": false,
                                                    "Join Type": "Inner",
                                                    "Startup Cost": 4742.1,
                                                    "Total Cost": 41792.75,
                                                    "Plan Rows": 4497,
                                                    "Plan Width": 25,
                                                    "Actual Startup Time": 26.954,
                                                    "Actual Total Time": 696.439,
                                                    "Actual Rows": 22612,
                                                    "Actual Loops": 4,
                                                    "Output": [
                                                        "ci.person_role_id",
                                                        "ci.role_id",
                                                        "t.title"
                                                    ],
                                                    "Inner Unique": false,
                                                    "Join Filter": "(t.id = ci.movie_id)",
                                                    "Rows Removed by Join Filter": 0,
                                                    "Workers": [
                                                        {
                                                            "Worker Number": 0,
                                                            "Actual Startup Time": 23.281,
                                                            "Actual Total Time": 693.357,
                                                            "Actual Rows": 24268,
                                                            "Actual Loops": 1
                                                        },
                                                        {
                                                            "Worker Number": 1,
                                                            "Actual Startup Time": 25.98,
                                                            "Actual Total Time": 695.724,
                                                            "Actual Rows": 22926,
                                                            "Actual Loops": 1
                                                        },
                                                        {
                                                            "Worker Number": 2,
                                                            "Actual Startup Time": 21.61,
                                                            "Actual Total Time": 690.455,
                                                            "Actual Rows": 20133,
                                                            "Actual Loops": 1
                                                        }
                                                    ],
                                                    "Plans": [
                                                        {
                                                            "Node Type": "Hash Join",
                                                            "Parent Relationship": "Outer",
                                                            "Parallel Aware": false,
                                                            "Join Type": "Inner",
                                                            "Startup Cost": 4741.54,
                                                            "Total Cost": 38490.2,
                                                            "Plan Rows": 1748,
                                                            "Plan Width": 25,
                                                            "Actual Startup Time": 26.112,
                                                            "Actual Total Time": 291.161,
                                                            "Actual Rows": 3083,
                                                            "Actual Loops": 4,
                                                            "Output": [
                                                                "mc.movie_id",
                                                                "t.title",
                                                                "t.id"
                                                            ],
                                                            "Inner Unique": true,
                                                            "Hash Cond": "(mc.company_type_id = ct.id)",
                                                            "Workers": [
                                                                {
                                                                    "Worker Number": 0,
                                                                    "Actual Startup Time": 22.601,
                                                                    "Actual Total Time": 288.999,
                                                                    "Actual Rows": 3203,
                                                                    "Actual Loops": 1
                                                                },
                                                                {
                                                                    "Worker Number": 1,
                                                                    "Actual Startup Time": 24.687,
                                                                    "Actual Total Time": 296.752,
                                                                    "Actual Rows": 3195,
                                                                    "Actual Loops": 1
                                                                },
                                                                {
                                                                    "Worker Number": 2,
                                                                    "Actual Startup Time": 20.416,
                                                                    "Actual Total Time": 280.668,
                                                                    "Actual Rows": 2986,
                                                                    "Actual Loops": 1
                                                                }
                                                            ],
                                                            "Plans": [
                                                                {
                                                                    "Node Type": "Nested Loop",
                                                                    "Parent Relationship": "Outer",
                                                                    "Parallel Aware": false,
                                                                    "Join Type": "Inner",
                                                                    "Startup Cost": 4740.45,
                                                                    "Total Cost": 38479.66,
                                                                    "Plan Rows": 1748,
                                                                    "Plan Width": 29,
                                                                    "Actual Startup Time": 25.999,
                                                                    "Actual Total Time": 289.334,
                                                                    "Actual Rows": 3083,
                                                                    "Actual Loops": 4,
                                                                    "Output": [
                                                                        "mc.movie_id",
                                                                        "mc.company_type_id",
                                                                        "t.title",
                                                                        "t.id"
                                                                    ],
                                                                    "Inner Unique": true,
                                                                    "Workers": [
                                                                        {
                                                                            "Worker Number": 0,
                                                                            "Actual Startup Time": 22.477,
                                                                            "Actual Total Time": 287.182,
                                                                            "Actual Rows": 3203,
                                                                            "Actual Loops": 1
                                                                        },
                                                                        {
                                                                            "Worker Number": 1,
                                                                            "Actual Startup Time": 24.593,
                                                                            "Actual Total Time": 294.967,
                                                                            "Actual Rows": 3195,
                                                                            "Actual Loops": 1
                                                                        },
                                                                        {
                                                                            "Worker Number": 2,
                                                                            "Actual Startup Time": 20.288,
                                                                            "Actual Total Time": 278.727,
                                                                            "Actual Rows": 2986,
                                                                            "Actual Loops": 1
                                                                        }
                                                                    ],
                                                                    "Plans": [
                                                                        {
                                                                            "Node Type": "Hash Join",
                                                                            "Parent Relationship": "Outer",
                                                                            "Parallel Aware": true,
                                                                            "Join Type": "Inner",
                                                                            "Startup Cost": 4740.02,
                                                                            "Total Cost": 34155.95,
                                                                            "Plan Rows": 8331,
                                                                            "Plan Width": 8,
                                                                            "Actual Startup Time": 25.503,
                                                                            "Actual Total Time": 196.485,
                                                                            "Actual Rows": 14102,
                                                                            "Actual Loops": 4,
                                                                            "Output": [
                                                                                "mc.movie_id",
                                                                                "mc.company_type_id"
                                                                            ],
                                                                            "Inner Unique": true,
                                                                            "Hash Cond": "(mc.company_id = cn.id)",
                                                                            "Workers": [
                                                                                {
                                                                                    "Worker Number": 0,
                                                                                    "Actual Startup Time": 22.311,
                                                                                    "Actual Total Time": 192.342,
                                                                                    "Actual Rows": 14363,
                                                                                    "Actual Loops": 1
                                                                                },
                                                                                {
                                                                                    "Worker Number": 1,
                                                                                    "Actual Startup Time": 23.298,
                                                                                    "Actual Total Time": 201.321,
                                                                                    "Actual Rows": 14868,
                                                                                    "Actual Loops": 1
                                                                                },
                                                                                {
                                                                                    "Worker Number": 2,
                                                                                    "Actual Startup Time": 19.828,
                                                                                    "Actual Total Time": 186.872,
                                                                                    "Actual Rows": 13715,
                                                                                    "Actual Loops": 1
                                                                                }
                                                                            ],
                                                                            "Plans": [
                                                                                {
                                                                                    "Node Type": "Seq Scan",
                                                                                    "Parent Relationship": "Outer",
                                                                                    "Parallel Aware": true,
                                                                                    "Relation Name": "movie_companies",
                                                                                    "Schema": "public",
                                                                                    "Alias": "mc",
                                                                                    "Startup Cost": 0.0,
                                                                                    "Total Cost": 27206.55,
                                                                                    "Plan Rows": 841655,
                                                                                    "Plan Width": 12,
                                                                                    "Actual Startup Time": 0.028,
                                                                                    "Actual Total Time": 81.815,
                                                                                    "Actual Rows": 652282,
                                                                                    "Actual Loops": 4,
                                                                                    "Output": [
                                                                                        "mc.id",
                                                                                        "mc.movie_id",
                                                                                        "mc.company_id",
                                                                                        "mc.company_type_id",
                                                                                        "mc.note"
                                                                                    ],
                                                                                    "Workers": [
                                                                                        {
                                                                                            "Worker Number": 0,
                                                                                            "Actual Startup Time": 0.041,
                                                                                            "Actual Total Time": 81.619,
                                                                                            "Actual Rows": 656826,
                                                                                            "Actual Loops": 1
                                                                                        },
                                                                                        {
                                                                                            "Worker Number": 1,
                                                                                            "Actual Startup Time": 0.02,
                                                                                            "Actual Total Time": 85.177,
                                                                                            "Actual Rows": 693179,
                                                                                            "Actual Loops": 1
                                                                                        },
                                                                                        {
                                                                                            "Worker Number": 2,
                                                                                            "Actual Startup Time": 0.04,
                                                                                            "Actual Total Time": 79.53,
                                                                                            "Actual Rows": 623283,
                                                                                            "Actual Loops": 1
                                                                                        }
                                                                                    ]
                                                                                },
                                                                                {
                                                                                    "Node Type": "Hash",
                                                                                    "Parent Relationship": "Inner",
                                                                                    "Parallel Aware": true,
                                                                                    "Startup Cost": 4722.92,
                                                                                    "Total Cost": 4722.92,
                                                                                    "Plan Rows": 1368,
                                                                                    "Plan Width": 4,
                                                                                    "Actual Startup Time": 24.485,
                                                                                    "Actual Total Time": 24.486,
                                                                                    "Actual Rows": 585,
                                                                                    "Actual Loops": 4,
                                                                                    "Output": [
                                                                                        "cn.id"
                                                                                    ],
                                                                                    "Hash Buckets": 4096,
                                                                                    "Original Hash Buckets": 4096,
                                                                                    "Hash Batches": 1,
                                                                                    "Original Hash Batches": 1,
                                                                                    "Peak Memory Usage": 160,
                                                                                    "Workers": [
                                                                                        {
                                                                                            "Worker Number": 0,
                                                                                            "Actual Startup Time": 22.159,
                                                                                            "Actual Total Time": 22.16,
                                                                                            "Actual Rows": 630,
                                                                                            "Actual Loops": 1
                                                                                        },
                                                                                        {
                                                                                            "Worker Number": 1,
                                                                                            "Actual Startup Time": 23.199,
                                                                                            "Actual Total Time": 23.2,
                                                                                            "Actual Rows": 751,
                                                                                            "Actual Loops": 1
                                                                                        },
                                                                                        {
                                                                                            "Worker Number": 2,
                                                                                            "Actual Startup Time": 19.707,
                                                                                            "Actual Total Time": 19.708,
                                                                                            "Actual Rows": 309,
                                                                                            "Actual Loops": 1
                                                                                        }
                                                                                    ],
                                                                                    "Plans": [
                                                                                        {
                                                                                            "Node Type": "Seq Scan",
                                                                                            "Parent Relationship": "Outer",
                                                                                            "Parallel Aware": true,
                                                                                            "Relation Name": "company_name",
                                                                                            "Schema": "public",
                                                                                            "Alias": "cn",
                                                                                            "Startup Cost": 0.0,
                                                                                            "Total Cost": 4722.92,
                                                                                            "Plan Rows": 1368,
                                                                                            "Plan Width": 4,
                                                                                            "Actual Startup Time": 0.069,
                                                                                            "Actual Total Time": 23.703,
                                                                                            "Actual Rows": 585,
                                                                                            "Actual Loops": 4,
                                                                                            "Output": [
                                                                                                "cn.id"
                                                                                            ],
                                                                                            "Filter": "((cn.country_code)::text = '[nl]'::text)",
                                                                                            "Rows Removed by Filter": 58164,
                                                                                            "Workers": [
                                                                                                {
                                                                                                    "Worker Number": 0,
                                                                                                    "Actual Startup Time": 0.072,
                                                                                                    "Actual Total Time": 21.359,
                                                                                                    "Actual Rows": 630,
                                                                                                    "Actual Loops": 1
                                                                                                },
                                                                                                {
                                                                                                    "Worker Number": 1,
                                                                                                    "Actual Startup Time": 0.051,
                                                                                                    "Actual Total Time": 22.413,
                                                                                                    "Actual Rows": 751,
                                                                                                    "Actual Loops": 1
                                                                                                },
                                                                                                {
                                                                                                    "Worker Number": 2,
                                                                                                    "Actual Startup Time": 0.077,
                                                                                                    "Actual Total Time": 19.171,
                                                                                                    "Actual Rows": 309,
                                                                                                    "Actual Loops": 1
                                                                                                }
                                                                                            ]
                                                                                        }
                                                                                    ]
                                                                                }
                                                                            ]
                                                                        },
                                                                        {
                                                                            "Node Type": "Index Scan",
                                                                            "Parent Relationship": "Inner",
                                                                            "Parallel Aware": false,
                                                                            "Scan Direction": "Forward",
                                                                            "Index Name": "title_pkey",
                                                                            "Relation Name": "title",
                                                                            "Schema": "public",
                                                                            "Alias": "t",
                                                                            "Startup Cost": 0.43,
                                                                            "Total Cost": 0.52,
                                                                            "Plan Rows": 1,
                                                                            "Plan Width": 21,
                                                                            "Actual Startup Time": 0.006,
                                                                            "Actual Total Time": 0.006,
                                                                            "Actual Rows": 0,
                                                                            "Actual Loops": 56410,
                                                                            "Output": [
                                                                                "t.id",
                                                                                "t.title",
                                                                                "t.imdb_index",
                                                                                "t.kind_id",
                                                                                "t.production_year",
                                                                                "t.imdb_id",
                                                                                "t.phonetic_code",
                                                                                "t.episode_of_id",
                                                                                "t.season_nr",
                                                                                "t.episode_nr",
                                                                                "t.series_years",
                                                                                "t.md5sum"
                                                                            ],
                                                                            "Index Cond": "(t.id = mc.movie_id)",
                                                                            "Rows Removed by Index Recheck": 0,
                                                                            "Filter": "(t.production_year > 2009)",
                                                                            "Rows Removed by Filter": 1,
                                                                            "Workers": [
                                                                                {
                                                                                    "Worker Number": 0,
                                                                                    "Actual Startup Time": 0.006,
                                                                                    "Actual Total Time": 0.006,
                                                                                    "Actual Rows": 0,
                                                                                    "Actual Loops": 14363
                                                                                },
                                                                                {
                                                                                    "Worker Number": 1,
                                                                                    "Actual Startup Time": 0.006,
                                                                                    "Actual Total Time": 0.006,
                                                                                    "Actual Rows": 0,
                                                                                    "Actual Loops": 14868
                                                                                },
                                                                                {
                                                                                    "Worker Number": 2,
                                                                                    "Actual Startup Time": 0.006,
                                                                                    "Actual Total Time": 0.006,
                                                                                    "Actual Rows": 0,
                                                                                    "Actual Loops": 13715
                                                                                }
                                                                            ]
                                                                        }
                                                                    ]
                                                                },
                                                                {
                                                                    "Node Type": "Hash",
                                                                    "Parent Relationship": "Inner",
                                                                    "Parallel Aware": false,
                                                                    "Startup Cost": 1.04,
                                                                    "Total Cost": 1.04,
                                                                    "Plan Rows": 4,
                                                                    "Plan Width": 4,
                                                                    "Actual Startup Time": 0.053,
                                                                    "Actual Total Time": 0.053,
                                                                    "Actual Rows": 4,
                                                                    "Actual Loops": 4,
                                                                    "Output": [
                                                                        "ct.id"
                                                                    ],
                                                                    "Hash Buckets": 1024,
                                                                    "Original Hash Buckets": 1024,
                                                                    "Hash Batches": 1,
                                                                    "Original Hash Batches": 1,
                                                                    "Peak Memory Usage": 9,
                                                                    "Workers": [
                                                                        {
                                                                            "Worker Number": 0,
                                                                            "Actual Startup Time": 0.065,
                                                                            "Actual Total Time": 0.065,
                                                                            "Actual Rows": 4,
                                                                            "Actual Loops": 1
                                                                        },
                                                                        {
                                                                            "Worker Number": 1,
                                                                            "Actual Startup Time": 0.05,
                                                                            "Actual Total Time": 0.05,
                                                                            "Actual Rows": 4,
                                                                            "Actual Loops": 1
                                                                        },
                                                                        {
                                                                            "Worker Number": 2,
                                                                            "Actual Startup Time": 0.067,
                                                                            "Actual Total Time": 0.067,
                                                                            "Actual Rows": 4,
                                                                            "Actual Loops": 1
                                                                        }
                                                                    ],
                                                                    "Plans": [
                                                                        {
                                                                            "Node Type": "Seq Scan",
                                                                            "Parent Relationship": "Outer",
                                                                            "Parallel Aware": false,
                                                                            "Relation Name": "company_type",
                                                                            "Schema": "public",
                                                                            "Alias": "ct",
                                                                            "Startup Cost": 0.0,
                                                                            "Total Cost": 1.04,
                                                                            "Plan Rows": 4,
                                                                            "Plan Width": 4,
                                                                            "Actual Startup Time": 0.038,
                                                                            "Actual Total Time": 0.04,
                                                                            "Actual Rows": 4,
                                                                            "Actual Loops": 4,
                                                                            "Output": [
                                                                                "ct.id"
                                                                            ],
                                                                            "Workers": [
                                                                                {
                                                                                    "Worker Number": 0,
                                                                                    "Actual Startup Time": 0.049,
                                                                                    "Actual Total Time": 0.052,
                                                                                    "Actual Rows": 4,
                                                                                    "Actual Loops": 1
                                                                                },
                                                                                {
                                                                                    "Worker Number": 1,
                                                                                    "Actual Startup Time": 0.038,
                                                                                    "Actual Total Time": 0.04,
                                                                                    "Actual Rows": 4,
                                                                                    "Actual Loops": 1
                                                                                },
                                                                                {
                                                                                    "Worker Number": 2,
                                                                                    "Actual Startup Time": 0.05,
                                                                                    "Actual Total Time": 0.053,
                                                                                    "Actual Rows": 4,
                                                                                    "Actual Loops": 1
                                                                                }
                                                                            ]
                                                                        }
                                                                    ]
                                                                }
                                                            ]
                                                        },
                                                        {
                                                            "Node Type": "Index Scan",
                                                            "Parent Relationship": "Inner",
                                                            "Parallel Aware": false,
                                                            "Scan Direction": "Forward",
                                                            "Index Name": "movie_id_cast_info",
                                                            "Relation Name": "cast_info",
                                                            "Schema": "public",
                                                            "Alias": "ci",
                                                            "Startup Cost": 0.56,
                                                            "Total Cost": 1.85,
                                                            "Plan Rows": 3,
                                                            "Plan Width": 12,
                                                            "Actual Startup Time": 0.051,
                                                            "Actual Total Time": 0.129,
                                                            "Actual Rows": 7,
                                                            "Actual Loops": 12332,
                                                            "Output": [
                                                                "ci.id",
                                                                "ci.person_id",
                                                                "ci.movie_id",
                                                                "ci.person_role_id",
                                                                "ci.note",
                                                                "ci.nr_order",
                                                                "ci.role_id"
                                                            ],
                                                            "Index Cond": "(ci.movie_id = mc.movie_id)",
                                                            "Rows Removed by Index Recheck": 0,
                                                            "Filter": "(ci.note ~~ '%(as%'::text)",
                                                            "Rows Removed by Filter": 58,
                                                            "Workers": [
                                                                {
                                                                    "Worker Number": 0,
                                                                    "Actual Startup Time": 0.049,
                                                                    "Actual Total Time": 0.124,
                                                                    "Actual Rows": 8,
                                                                    "Actual Loops": 3203
                                                                },
                                                                {
                                                                    "Worker Number": 1,
                                                                    "Actual Startup Time": 0.05,
                                                                    "Actual Total Time": 0.123,
                                                                    "Actual Rows": 7,
                                                                    "Actual Loops": 3195
                                                                },
                                                                {
                                                                    "Worker Number": 2,
                                                                    "Actual Startup Time": 0.053,
                                                                    "Actual Total Time": 0.135,
                                                                    "Actual Rows": 7,
                                                                    "Actual Loops": 2986
                                                                }
                                                            ]
                                                        }
                                                    ]
                                                },
                                                {
                                                    "Node Type": "Index Scan",
                                                    "Parent Relationship": "Inner",
                                                    "Parallel Aware": false,
                                                    "Scan Direction": "Forward",
                                                    "Index Name": "char_name_pkey",
                                                    "Relation Name": "char_name",
                                                    "Schema": "public",
                                                    "Alias": "chn",
                                                    "Startup Cost": 0.43,
                                                    "Total Cost": 0.52,
                                                    "Plan Rows": 1,
                                                    "Plan Width": 20,
                                                    "Actual Startup Time": 0.001,
                                                    "Actual Total Time": 0.001,
                                                    "Actual Rows": 0,
                                                    "Actual Loops": 90448,
                                                    "Output": [
                                                        "chn.id",
                                                        "chn.name",
                                                        "chn.imdb_index",
                                                        "chn.imdb_id",
                                                        "chn.name_pcode_nf",
                                                        "chn.surname_pcode",
                                                        "chn.md5sum"
                                                    ],
                                                    "Index Cond": "(chn.id = ci.person_role_id)",
                                                    "Rows Removed by Index Recheck": 0,
                                                    "Workers": [
                                                        {
                                                            "Worker Number": 0,
                                                            "Actual Startup Time": 0.001,
                                                            "Actual Total Time": 0.001,
                                                            "Actual Rows": 0,
                                                            "Actual Loops": 24268
                                                        },
                                                        {
                                                            "Worker Number": 1,
                                                            "Actual Startup Time": 0.001,
                                                            "Actual Total Time": 0.001,
                                                            "Actual Rows": 0,
                                                            "Actual Loops": 22926
                                                        },
                                                        {
                                                            "Worker Number": 2,
                                                            "Actual Startup Time": 0.002,
                                                            "Actual Total Time": 0.002,
                                                            "Actual Rows": 0,
                                                            "Actual Loops": 20133
                                                        }
                                                    ]
                                                }
                                            ]
                                        },
                                        {
                                            "Node Type": "Hash",
                                            "Parent Relationship": "Inner",
                                            "Parallel Aware": false,
                                            "Startup Cost": 1.12,
                                            "Total Cost": 1.12,
                                            "Plan Rows": 12,
                                            "Plan Width": 4,
                                            "Actual Startup Time": 0.099,
                                            "Actual Total Time": 0.099,
                                            "Actual Rows": 12,
                                            "Actual Loops": 4,
                                            "Output": [
                                                "rt.id"
                                            ],
                                            "Hash Buckets": 1024,
                                            "Original Hash Buckets": 1024,
                                            "Hash Batches": 1,
                                            "Original Hash Batches": 1,
                                            "Peak Memory Usage": 9,
                                            "Workers": [
                                                {
                                                    "Worker Number": 0,
                                                    "Actual Startup Time": 0.126,
                                                    "Actual Total Time": 0.126,
                                                    "Actual Rows": 12,
                                                    "Actual Loops": 1
                                                },
                                                {
                                                    "Worker Number": 1,
                                                    "Actual Startup Time": 0.092,
                                                    "Actual Total Time": 0.093,
                                                    "Actual Rows": 12,
                                                    "Actual Loops": 1
                                                },
                                                {
                                                    "Worker Number": 2,
                                                    "Actual Startup Time": 0.129,
                                                    "Actual Total Time": 0.13,
                                                    "Actual Rows": 12,
                                                    "Actual Loops": 1
                                                }
                                            ],
                                            "Plans": [
                                                {
                                                    "Node Type": "Seq Scan",
                                                    "Parent Relationship": "Outer",
                                                    "Parallel Aware": false,
                                                    "Relation Name": "role_type",
                                                    "Schema": "public",
                                                    "Alias": "rt",
                                                    "Startup Cost": 0.0,
                                                    "Total Cost": 1.12,
                                                    "Plan Rows": 12,
                                                    "Plan Width": 4,
                                                    "Actual Startup Time": 0.063,
                                                    "Actual Total Time": 0.069,
                                                    "Actual Rows": 12,
                                                    "Actual Loops": 4,
                                                    "Output": [
                                                        "rt.id"
                                                    ],
                                                    "Workers": [
                                                        {
                                                            "Worker Number": 0,
                                                            "Actual Startup Time": 0.085,
                                                            "Actual Total Time": 0.091,
                                                            "Actual Rows": 12,
                                                            "Actual Loops": 1
                                                        },
                                                        {
                                                            "Worker Number": 1,
                                                            "Actual Startup Time": 0.063,
                                                            "Actual Total Time": 0.067,
                                                            "Actual Rows": 12,
                                                            "Actual Loops": 1
                                                        },
                                                        {
                                                            "Worker Number": 2,
                                                            "Actual Startup Time": 0.085,
                                                            "Actual Total Time": 0.093,
                                                            "Actual Rows": 12,
                                                            "Actual Loops": 1
                                                        }
                                                    ]
                                                }
                                            ]
                                        }
                                    ]
                                }
                            ]
                        }
                    ]
                }
            ]
        },
        "Planning Time": 1812.742,
        "Triggers": [],
        "Execution Time": 835.502
    }
]