[
  {
    "Plan": {
      "Node Type": "Aggregate",
      "Strategy": "Plain",
      "Partial Mode": "Finalize",
      "Parallel Aware": false,
      "Startup Cost": 31786.04,
      "Total Cost": 31786.05,
      "Plan Rows": 1,
      "Plan Width": 8,
      "Actual Startup Time": 97.101,
      "Actual Total Time": 102.783,
      "Actual Rows": 1,
      "Actual Loops": 1,
      "Plans": [
        {
          "Node Type": "Gather",
          "Parent Relationship": "Outer",
          "Parallel Aware": false,
          "Startup Cost": 31785.72,
          "Total Cost": 31786.03,
          "Plan Rows": 3,
          "Plan Width": 8,
          "Actual Startup Time": 96.952,
          "Actual Total Time": 102.774,
          "Actual Rows": 4,
          "Actual Loops": 1,
          "Workers Planned": 3,
          "Workers Launched": 3,
          "Single Copy": false,
          "Plans": [
            {
              "Node Type": "Aggregate",
              "Strategy": "Plain",
              "Partial Mode": "Partial",
              "Parent Relationship": "Outer",
              "Parallel Aware": false,
              "Startup Cost": 30785.72,
              "Total Cost": 30785.73,
              "Plan Rows": 1,
              "Plan Width": 8,
              "Actual Startup Time": 92.907,
              "Actual Total Time": 92.908,
              "Actual Rows": 1,
              "Actual Loops": 4,
              "Plans": [
                {
                  "Node Type": "Seq Scan",
                  "Parent Relationship": "Outer",
                  "Parallel Aware": true,
                  "Relation Name": "movie_companies",
                  "Alias": "mc",
                  "Startup Cost": 0.0,
                  "Total Cost": 29310.68,
                  "Plan Rows": 590016,
                  "Plan Width": 0,
                  "Actual Startup Time": 0.03,
                  "Actual Total Time": 71.748,
                  "Actual Rows": 459356,
                  "Actual Loops": 4,
                  "Filter": "(company_id < 33797)",
                  "Rows Removed by Filter": 192926
                }
              ]
            }
          ]
        }
      ]
    },
    "Planning Time": 0.094,
    "Triggers": [],
    "Execution Time": 102.813
  }
]