[
  {
    "Plan": {
      "Node Type": "Aggregate",
      "Strategy": "Plain",
      "Partial Mode": "Finalize",
      "Parallel Aware": false,
      "Startup Cost": 77249.8,
      "Total Cost": 77249.81,
      "Plan Rows": 1,
      "Plan Width": 8,
      "Actual Startup Time": 110.216,
      "Actual Total Time": 124.233,
      "Actual Rows": 1,
      "Actual Loops": 1,
      "Plans": [
        {
          "Node Type": "Gather",
          "Parent Relationship": "Outer",
          "Parallel Aware": false,
          "Startup Cost": 77249.38,
          "Total Cost": 77249.79,
          "Plan Rows": 4,
          "Plan Width": 8,
          "Actual Startup Time": 109.91,
          "Actual Total Time": 124.222,
          "Actual Rows": 5,
          "Actual Loops": 1,
          "Workers Planned": 4,
          "Workers Launched": 4,
          "Single Copy": false,
          "Plans": [
            {
              "Node Type": "Aggregate",
              "Strategy": "Plain",
              "Partial Mode": "Partial",
              "Parent Relationship": "Outer",
              "Parallel Aware": false,
              "Startup Cost": 76249.38,
              "Total Cost": 76249.39,
              "Plan Rows": 1,
              "Plan Width": 8,
              "Actual Startup Time": 103.764,
              "Actual Total Time": 103.765,
              "Actual Rows": 1,
              "Actual Loops": 5,
              "Plans": [
                {
                  "Node Type": "Nested Loop",
                  "Parent Relationship": "Outer",
                  "Parallel Aware": false,
                  "Join Type": "Inner",
                  "Startup Cost": 0.43,
                  "Total Cost": 76230.1,
                  "Plan Rows": 7711,
                  "Plan Width": 0,
                  "Actual Startup Time": 57.184,
                  "Actual Total Time": 103.659,
                  "Actual Rows": 1123,
                  "Actual Loops": 5,
                  "Inner Unique": false,
                  "Plans": [
                    {
                      "Node Type": "Seq Scan",
                      "Parent Relationship": "Outer",
                      "Parallel Aware": true,
                      "Relation Name": "title",
                      "Alias": "t",
                      "Startup Cost": 0.0,
                      "Total Cost": 43899.32,
                      "Plan Rows": 4310,
                      "Plan Width": 4,
                      "Actual Startup Time": 51.92,
                      "Actual Total Time": 82.152,
                      "Actual Rows": 3378,
                      "Actual Loops": 5,
                      "Filter": "(production_year < 1907)",
                      "Rows Removed by Filter": 502284
                    },
                    {
                      "Node Type": "Index Only Scan",
                      "Parent Relationship": "Inner",
                      "Parallel Aware": false,
                      "Scan Direction": "Forward",
                      "Index Name": "movie_id_movie_keyword",
                      "Relation Name": "movie_keyword",
                      "Alias": "mk",
                      "Startup Cost": 0.43,
                      "Total Cost": 7.04,
                      "Plan Rows": 46,
                      "Plan Width": 4,
                      "Actual Startup Time": 0.006,
                      "Actual Total Time": 0.006,
                      "Actual Rows": 0,
                      "Actual Loops": 16892,
                      "Index Cond": "(movie_id = t.id)",
                      "Rows Removed by Index Recheck": 0,
                      "Heap Fetches": 5615
                    }
                  ]
                }
              ]
            }
          ]
        }
      ]
    },
    "Planning Time": 0.607,
    "Triggers": [],
    "Execution Time": 124.307
  }
]