[
  {
    "Plan": {
      "Node Type": "Aggregate",
      "Strategy": "Plain",
      "Partial Mode": "Finalize",
      "Parallel Aware": false,
      "Startup Cost": 328527.83,
      "Total Cost": 328527.84,
      "Plan Rows": 1,
      "Plan Width": 8,
      "Actual Startup Time": 376.582,
      "Actual Total Time": 384.101,
      "Actual Rows": 1,
      "Actual Loops": 1,
      "Plans": [
        {
          "Node Type": "Gather",
          "Parent Relationship": "Outer",
          "Parallel Aware": false,
          "Startup Cost": 328527.41,
          "Total Cost": 328527.82,
          "Plan Rows": 4,
          "Plan Width": 8,
          "Actual Startup Time": 370.778,
          "Actual Total Time": 384.091,
          "Actual Rows": 5,
          "Actual Loops": 1,
          "Workers Planned": 4,
          "Workers Launched": 4,
          "Single Copy": false,
          "Plans": [
            {
              "Node Type": "Aggregate",
              "Strategy": "Plain",
              "Partial Mode": "Partial",
              "Parent Relationship": "Outer",
              "Parallel Aware": false,
              "Startup Cost": 327527.41,
              "Total Cost": 327527.42,
              "Plan Rows": 1,
              "Plan Width": 8,
              "Actual Startup Time": 366.449,
              "Actual Total Time": 366.549,
              "Actual Rows": 1,
              "Actual Loops": 5,
              "Plans": [
                {
                  "Node Type": "Hash Join",
                  "Parent Relationship": "Outer",
                  "Parallel Aware": true,
                  "Join Type": "Inner",
                  "Startup Cost": 278511.23,
                  "Total Cost": 327301.46,
                  "Plan Rows": 90377,
                  "Plan Width": 0,
                  "Actual Startup Time": 157.177,
                  "Actual Total Time": 358.787,
                  "Actual Rows": 154634,
                  "Actual Loops": 5,
                  "Inner Unique": false,
                  "Hash Cond": "(t.id = ci.movie_id)",
                  "Plans": [
                    {
                      "Node Type": "Seq Scan",
                      "Parent Relationship": "Outer",
                      "Parallel Aware": true,
                      "Relation Name": "title",
                      "Alias": "t",
                      "Startup Cost": 0.0,
                      "Total Cost": 42318.81,
                      "Plan Rows": 632080,
                      "Plan Width": 4,
                      "Actual Startup Time": 0.006,
                      "Actual Total Time": 61.585,
                      "Actual Rows": 505662,
                      "Actual Loops": 5
                    },
                    {
                      "Node Type": "Hash",
                      "Parent Relationship": "Inner",
                      "Parallel Aware": true,
                      "Startup Cost": 277758.09,
                      "Total Cost": 277758.09,
                      "Plan Rows": 60251,
                      "Plan Width": 4,
                      "Actual Startup Time": 155.957,
                      "Actual Total Time": 155.958,
                      "Actual Rows": 154634,
                      "Actual Loops": 5,
                      "Hash Buckets": 1048576,
                      "Original Hash Buckets": 524288,
                      "Hash Batches": 1,
                      "Original Hash Batches": 1,
                      "Peak Memory Usage": 42624,
                      "Plans": [
                        {
                          "Node Type": "Bitmap Heap Scan",
                          "Parent Relationship": "Outer",
                          "Parallel Aware": true,
                          "Relation Name": "cast_info",
                          "Alias": "ci",
                          "Startup Cost": 22504.05,
                          "Total Cost": 277758.09,
                          "Plan Rows": 60251,
                          "Plan Width": 4,
                          "Actual Startup Time": 35.743,
                          "Actual Total Time": 85.885,
                          "Actual Rows": 154634,
                          "Actual Loops": 5,
                          "Recheck Cond": "(person_id < 108322)",
                          "Rows Removed by Index Recheck": 0,
                          "Filter": "(role_id = 1)",
                          "Rows Removed by Filter": 57302,
                          "Exact Heap Blocks": 3143,
                          "Lossy Heap Blocks": 0,
                          "Plans": [
                            {
                              "Node Type": "Bitmap Index Scan",
                              "Parent Relationship": "Outer",
                              "Parallel Aware": false,
                              "Index Name": "person_id_cast_info",
                              "Startup Cost": 0.0,
                              "Total Cost": 22413.68,
                              "Plan Rows": 1026815,
                              "Plan Width": 0,
                              "Actual Startup Time": 34.985,
                              "Actual Total Time": 34.985,
                              "Actual Rows": 1059681,
                              "Actual Loops": 1,
                              "Index Cond": "(person_id < 108322)"
                            }
                          ]
                        }
                      ]
                    }
                  ]
                }
              ]
            }
          ]
        }
      ]
    },
    "Planning Time": 0.242,
    "Triggers": [],
    "Execution Time": 384.144
  }
]