[
  {
    "Plan": {
      "Node Type": "Aggregate",
      "Strategy": "Plain",
      "Partial Mode": "Finalize",
      "Parallel Aware": false,
      "Startup Cost": 43047.53,
      "Total Cost": 43047.54,
      "Plan Rows": 1,
      "Plan Width": 8,
      "Actual Startup Time": 44.283,
      "Actual Total Time": 51.084,
      "Actual Rows": 1,
      "Actual Loops": 1,
      "Plans": [
        {
          "Node Type": "Gather",
          "Parent Relationship": "Outer",
          "Parallel Aware": false,
          "Startup Cost": 43047.11,
          "Total Cost": 43047.52,
          "Plan Rows": 4,
          "Plan Width": 8,
          "Actual Startup Time": 44.079,
          "Actual Total Time": 51.074,
          "Actual Rows": 5,
          "Actual Loops": 1,
          "Workers Planned": 4,
          "Workers Launched": 4,
          "Single Copy": false,
          "Plans": [
            {
              "Node Type": "Aggregate",
              "Strategy": "Plain",
              "Partial Mode": "Partial",
              "Parent Relationship": "Outer",
              "Parallel Aware": false,
              "Startup Cost": 42047.11,
              "Total Cost": 42047.12,
              "Plan Rows": 1,
              "Plan Width": 8,
              "Actual Startup Time": 36.79,
              "Actual Total Time": 36.792,
              "Actual Rows": 1,
              "Actual Loops": 5,
              "Plans": [
                {
                  "Node Type": "Nested Loop",
                  "Parent Relationship": "Outer",
                  "Parallel Aware": false,
                  "Join Type": "Inner",
                  "Startup Cost": 1727.36,
                  "Total Cost": 42046.58,
                  "Plan Rows": 210,
                  "Plan Width": 0,
                  "Actual Startup Time": 7.236,
                  "Actual Total Time": 36.71,
                  "Actual Rows": 516,
                  "Actual Loops": 5,
                  "Inner Unique": false,
                  "Plans": [
                    {
                      "Node Type": "Bitmap Heap Scan",
                      "Parent Relationship": "Outer",
                      "Parallel Aware": true,
                      "Relation Name": "title",
                      "Alias": "t",
                      "Startup Cost": 1726.93,
                      "Total Cost": 38088.07,
                      "Plan Rows": 203,
                      "Plan Width": 4,
                      "Actual Startup Time": 6.775,
                      "Actual Total Time": 31.564,
                      "Actual Rows": 257,
                      "Actual Loops": 5,
                      "Recheck Cond": "(kind_id = 3)",
                      "Rows Removed by Index Recheck": 0,
                      "Filter": "(production_year = 1988)",
                      "Rows Removed by Filter": 19850,
                      "Exact Heap Blocks": 6391,
                      "Lossy Heap Blocks": 0,
                      "Plans": [
                        {
                          "Node Type": "Bitmap Index Scan",
                          "Parent Relationship": "Outer",
                          "Parallel Aware": false,
                          "Index Name": "kind_id_title",
                          "Startup Cost": 0.0,
                          "Total Cost": 1726.72,
                          "Plan Rows": 96839,
                          "Plan Width": 0,
                          "Actual Startup Time": 9.709,
                          "Actual Total Time": 9.709,
                          "Actual Rows": 100537,
                          "Actual Loops": 1,
                          "Index Cond": "(kind_id = 3)"
                        }
                      ]
                    },
                    {
                      "Node Type": "Index Only Scan",
                      "Parent Relationship": "Inner",
                      "Parallel Aware": false,
                      "Scan Direction": "Forward",
                      "Index Name": "movie_id_movie_companies",
                      "Relation Name": "movie_companies",
                      "Alias": "mc",
                      "Startup Cost": 0.43,
                      "Total Cost": 19.45,
                      "Plan Rows": 5,
                      "Plan Width": 4,
                      "Actual Startup Time": 0.016,
                      "Actual Total Time": 0.019,
                      "Actual Rows": 2,
                      "Actual Loops": 1286,
                      "Index Cond": "(movie_id = t.id)",
                      "Rows Removed by Index Recheck": 0,
                      "Heap Fetches": 2581
                    }
                  ]
                }
              ]
            }
          ]
        }
      ]
    },
    "Planning Time": 0.314,
    "Triggers": [],
    "Execution Time": 51.139
  }
]