[
  {
    "Plan": {
      "Node Type": "Aggregate",
      "Strategy": "Plain",
      "Partial Mode": "Finalize",
      "Parallel Aware": false,
      "Startup Cost": 404513.02,
      "Total Cost": 404513.03,
      "Plan Rows": 1,
      "Plan Width": 8,
      "Actual Startup Time": 623.014,
      "Actual Total Time": 650.332,
      "Actual Rows": 1,
      "Actual Loops": 1,
      "Plans": [
        {
          "Node Type": "Gather",
          "Parent Relationship": "Outer",
          "Parallel Aware": false,
          "Startup Cost": 404512.7,
          "Total Cost": 404513.01,
          "Plan Rows": 3,
          "Plan Width": 8,
          "Actual Startup Time": 619.786,
          "Actual Total Time": 650.321,
          "Actual Rows": 4,
          "Actual Loops": 1,
          "Workers Planned": 3,
          "Workers Launched": 3,
          "Single Copy": false,
          "Plans": [
            {
              "Node Type": "Aggregate",
              "Strategy": "Plain",
              "Partial Mode": "Partial",
              "Parent Relationship": "Outer",
              "Parallel Aware": false,
              "Startup Cost": 403512.7,
              "Total Cost": 403512.71,
              "Plan Rows": 1,
              "Plan Width": 8,
              "Actual Startup Time": 615.35,
              "Actual Total Time": 615.356,
              "Actual Rows": 1,
              "Actual Loops": 4,
              "Plans": [
                {
                  "Node Type": "Hash Join",
                  "Parent Relationship": "Outer",
                  "Parallel Aware": true,
                  "Join Type": "Inner",
                  "Startup Cost": 358590.68,
                  "Total Cost": 403271.38,
                  "Plan Rows": 96529,
                  "Plan Width": 0,
                  "Actual Startup Time": 428.193,
                  "Actual Total Time": 613.266,
                  "Actual Rows": 43769,
                  "Actual Loops": 4,
                  "Inner Unique": false,
                  "Hash Cond": "(mk.movie_id = t.id)",
                  "Plans": [
                    {
                      "Node Type": "Seq Scan",
                      "Parent Relationship": "Outer",
                      "Parallel Aware": true,
                      "Relation Name": "movie_keyword",
                      "Alias": "mk",
                      "Startup Cost": 0.0,
                      "Total Cost": 39047.32,
                      "Plan Rows": 1459332,
                      "Plan Width": 4,
                      "Actual Startup Time": 0.027,
                      "Actual Total Time": 90.963,
                      "Actual Rows": 1130982,
                      "Actual Loops": 4
                    },
                    {
                      "Node Type": "Hash",
                      "Parent Relationship": "Inner",
                      "Parallel Aware": true,
                      "Startup Cost": 358242.26,
                      "Total Cost": 358242.26,
                      "Plan Rows": 27874,
                      "Plan Width": 8,
                      "Actual Startup Time": 426.299,
                      "Actual Total Time": 426.303,
                      "Actual Rows": 30775,
                      "Actual Loops": 4,
                      "Hash Buckets": 262144,
                      "Original Hash Buckets": 262144,
                      "Hash Batches": 1,
                      "Original Hash Batches": 1,
                      "Peak Memory Usage": 6912,
                      "Plans": [
                        {
                          "Node Type": "Hash Join",
                          "Parent Relationship": "Outer",
                          "Parallel Aware": true,
                          "Join Type": "Inner",
                          "Startup Cost": 99122.66,
                          "Total Cost": 358242.26,
                          "Plan Rows": 27874,
                          "Plan Width": 8,
                          "Actual Startup Time": 322.656,
                          "Actual Total Time": 415.922,
                          "Actual Rows": 30775,
                          "Actual Loops": 4,
                          "Inner Unique": true,
                          "Hash Cond": "(ci.movie_id = t.id)",
                          "Plans": [
                            {
                              "Node Type": "Bitmap Heap Scan",
                              "Parent Relationship": "Outer",
                              "Parallel Aware": true,
                              "Relation Name": "cast_info",
                              "Alias": "ci",
                              "Startup Cost": 52392.05,
                              "Total Cost": 311049.52,
                              "Plan Rows": 176049,
                              "Plan Width": 4,
                              "Actual Startup Time": 182.163,
                              "Actual Total Time": 231.178,
                              "Actual Rows": 174677,
                              "Actual Loops": 4,
                              "Recheck Cond": "(person_id < 239007)",
                              "Rows Removed by Index Recheck": 0,
                              "Filter": "(role_id > 2)",
                              "Rows Removed by Filter": 441555,
                              "Exact Heap Blocks": 10120,
                              "Lossy Heap Blocks": 0,
                              "Plans": [
                                {
                                  "Node Type": "Bitmap Index Scan",
                                  "Parent Relationship": "Outer",
                                  "Parallel Aware": false,
                                  "Index Name": "person_id_cast_info",
                                  "Startup Cost": 0.0,
                                  "Total Cost": 52127.98,
                                  "Plan Rows": 2388188,
                                  "Plan Width": 0,
                                  "Actual Startup Time": 107.709,
                                  "Actual Total Time": 107.709,
                                  "Actual Rows": 2464927,
                                  "Actual Loops": 1,
                                  "Index Cond": "(person_id < 239007)"
                                }
                              ]
                            },
                            {
                              "Node Type": "Hash",
                              "Parent Relationship": "Inner",
                              "Parallel Aware": true,
                              "Startup Cost": 45479.59,
                              "Total Cost": 45479.59,
                              "Plan Rows": 100082,
                              "Plan Width": 4,
                              "Actual Startup Time": 138.273,
                              "Actual Total Time": 138.274,
                              "Actual Rows": 108554,
                              "Actual Loops": 4,
                              "Hash Buckets": 524288,
                              "Original Hash Buckets": 524288,
                              "Hash Batches": 1,
                              "Original Hash Batches": 1,
                              "Peak Memory Usage": 21184,
                              "Plans": [
                                {
                                  "Node Type": "Seq Scan",
                                  "Parent Relationship": "Outer",
                                  "Parallel Aware": true,
                                  "Relation Name": "title",
                                  "Alias": "t",
                                  "Startup Cost": 0.0,
                                  "Total Cost": 45479.59,
                                  "Plan Rows": 100082,
                                  "Plan Width": 4,
                                  "Actual Startup Time": 0.027,
                                  "Actual Total Time": 98.0,
                                  "Actual Rows": 108554,
                                  "Actual Loops": 4,
                                  "Filter": "((production_year > 2008) AND (kind_id = 7))",
                                  "Rows Removed by Filter": 523524
                                }
                              ]
                            }
                          ]
                        }
                      ]
                    }
                  ]
                }
              ]
            }
          ]
        }
      ]
    },
    "Planning Time": 0.898,
    "Triggers": [],
    "Execution Time": 650.408
  }
]