{
  "Plan": {
    "Node Type": "Aggregate",
    "Strategy": "Plain",
    "Partial Mode": "Finalize",
    "Parallel Aware": false,
    "Startup Cost": 167693.39,
    "Total Cost": 167693.4,
    "Plan Rows": 1,
    "Plan Width": 8,
    "Actual Startup Time": 636.61,
    "Actual Total Time": 658.283,
    "Actual Rows": 1,
    "Actual Loops": 1,
    "Plans": [
      {
        "Node Type": "Gather",
        "Parent Relationship": "Outer",
        "Parallel Aware": false,
        "Startup Cost": 167693.27,
        "Total Cost": 167693.38,
        "Plan Rows": 1,
        "Plan Width": 8,
        "Actual Startup Time": 635.953,
        "Actual Total Time": 658.275,
        "Actual Rows": 2,
        "Actual Loops": 1,
        "Workers Planned": 1,
        "Workers Launched": 1,
        "Single Copy": false,
        "Plans": [
          {
            "Node Type": "Aggregate",
            "Strategy": "Plain",
            "Partial Mode": "Partial",
            "Parent Relationship": "Outer",
            "Parallel Aware": false,
            "Startup Cost": 166693.27,
            "Total Cost": 166693.28,
            "Plan Rows": 1,
            "Plan Width": 8,
            "Actual Startup Time": 629.923,
            "Actual Total Time": 629.929,
            "Actual Rows": 1,
            "Actual Loops": 2,
            "Plans": [
              {
                "Node Type": "Hash Join",
                "Parent Relationship": "Outer",
                "Parallel Aware": true,
                "Join Type": "Inner",
                "Startup Cost": 100339.48,
                "Total Cost": 166492.17,
                "Plan Rows": 80441,
                "Plan Width": 0,
                "Actual Startup Time": 333.309,
                "Actual Total Time": 628.948,
                "Actual Rows": 23468,
                "Actual Loops": 2,
                "Inner Unique": false,
                "Hash Cond": "(mk.movie_id = t.id)",
                "Plans": [
                  {
                    "Node Type": "Seq Scan",
                    "Parent Relationship": "Outer",
                    "Parallel Aware": true,
                    "Relation Name": "movie_keyword",
                    "Alias": "mk",
                    "Startup Cost": 0.0,
                    "Total Cost": 57718.19,
                    "Plan Rows": 2123020,
                    "Plan Width": 4,
                    "Actual Startup Time": 0.013,
                    "Actual Total Time": 191.103,
                    "Actual Rows": 1811060,
                    "Actual Loops": 2,
                    "Filter": "(keyword_id < 20476)",
                    "Rows Removed by Filter": 450904
                  },
                  {
                    "Node Type": "Hash",
                    "Parent Relationship": "Inner",
                    "Parallel Aware": true,
                    "Startup Cost": 99635.09,
                    "Total Cost": 99635.09,
                    "Plan Rows": 56351,
                    "Plan Width": 8,
                    "Actual Startup Time": 330.552,
                    "Actual Total Time": 330.556,
                    "Actual Rows": 22076,
                    "Actual Loops": 2,
                    "Hash Buckets": 131072,
                    "Original Hash Buckets": 131072,
                    "Hash Batches": 1,
                    "Original Hash Batches": 1,
                    "Peak Memory Usage": 2784,
                    "Plans": [
                      {
                        "Node Type": "Hash Join",
                        "Parent Relationship": "Outer",
                        "Parallel Aware": true,
                        "Join Type": "Inner",
                        "Startup Cost": 60232.72,
                        "Total Cost": 99635.09,
                        "Plan Rows": 56351,
                        "Plan Width": 8,
                        "Actual Startup Time": 178.728,
                        "Actual Total Time": 325.435,
                        "Actual Rows": 22076,
                        "Actual Loops": 2,
                        "Inner Unique": true,
                        "Hash Cond": "(mc.movie_id = t.id)",
                        "Plans": [
                          {
                            "Node Type": "Seq Scan",
                            "Parent Relationship": "Outer",
                            "Parallel Aware": true,
                            "Relation Name": "movie_companies",
                            "Alias": "mc",
                            "Startup Cost": 0.0,
                            "Total Cost": 37974.77,
                            "Plan Rows": 543847,
                            "Plan Width": 4,
                            "Actual Startup Time": 15.847,
                            "Actual Total Time": 106.303,
                            "Actual Rows": 467830,
                            "Actual Loops": 2,
                            "Filter": "(company_id > 19209)",
                            "Rows Removed by Filter": 836735
                          },
                          {
                            "Node Type": "Hash",
                            "Parent Relationship": "Inner",
                            "Parallel Aware": true,
                            "Startup Cost": 58306.47,
                            "Total Cost": 58306.47,
                            "Plan Rows": 154100,
                            "Plan Width": 4,
                            "Actual Startup Time": 160.155,
                            "Actual Total Time": 160.156,
                            "Actual Rows": 69987,
                            "Actual Loops": 2,
                            "Hash Buckets": 262144,
                            "Original Hash Buckets": 262144,
                            "Hash Batches": 1,
                            "Original Hash Batches": 1,
                            "Peak Memory Usage": 7552,
                            "Plans": [
                              {
                                "Node Type": "Seq Scan",
                                "Parent Relationship": "Outer",
                                "Parallel Aware": true,
                                "Relation Name": "title",
                                "Alias": "t",
                                "Startup Cost": 0.0,
                                "Total Cost": 58306.47,
                                "Plan Rows": 154100,
                                "Plan Width": 4,
                                "Actual Startup Time": 0.025,
                                "Actual Total Time": 142.417,
                                "Actual Rows": 69987,
                                "Actual Loops": 2,
                                "Filter": "((kind_id > 1) AND (production_year < 1970))",
                                "Rows Removed by Filter": 1194169
                              }
                            ]
                          }
                        ]
                      }
                    ]
                  }
                ]
              }
            ]
          }
        ]
      }
    ]
  },
  "Planning Time": 1.032,
  "Triggers": [],
  "Execution Time": 658.367
}