[
  {
    "Plan": {
      "Node Type": "Aggregate",
      "Strategy": "Plain",
      "Partial Mode": "Simple",
      "Parallel Aware": false,
      "Startup Cost": 16795.24,
      "Total Cost": 16795.25,
      "Plan Rows": 1,
      "Plan Width": 8,
      "Actual Startup Time": 21.688,
      "Actual Total Time": 21.69,
      "Actual Rows": 1,
      "Actual Loops": 1,
      "Plans": [
        {
          "Node Type": "Bitmap Heap Scan",
          "Parent Relationship": "Outer",
          "Parallel Aware": false,
          "Relation Name": "movie_companies",
          "Alias": "mc",
          "Startup Cost": 222.71,
          "Total Cost": 16782.21,
          "Plan Rows": 5211,
          "Plan Width": 0,
          "Actual Startup Time": 16.073,
          "Actual Total Time": 21.256,
          "Actual Rows": 3656,
          "Actual Loops": 1,
          "Recheck Cond": "(company_id = 1451)",
          "Rows Removed by Index Recheck": 0,
          "Filter": "(company_type_id > 1)",
          "Rows Removed by Filter": 5810,
          "Exact Heap Blocks": 5155,
          "Lossy Heap Blocks": 0,
          "Plans": [
            {
              "Node Type": "Bitmap Index Scan",
              "Parent Relationship": "Outer",
              "Parallel Aware": false,
              "Index Name": "company_id_movie_companies",
              "Startup Cost": 0.0,
              "Total Cost": 221.4,
              "Plan Rows": 10263,
              "Plan Width": 0,
              "Actual Startup Time": 3.866,
              "Actual Total Time": 3.867,
              "Actual Rows": 9466,
              "Actual Loops": 1,
              "Index Cond": "(company_id = 1451)"
            }
          ]
        }
      ]
    },
    "Planning Time": 0.205,
    "Triggers": [],
    "Execution Time": 21.758
  }
]