[
    {
        "Bao": {
            "Bao prediction": 444.441,
            "Bao recommended hint": "(no hint)"
        }
    },
    {
        "Plan": {
            "Node Type": "Aggregate",
            "Strategy": "Plain",
            "Partial Mode": "Finalize",
            "Parallel Aware": false,
            "Startup Cost": 44302.5,
            "Total Cost": 44302.51,
            "Plan Rows": 1,
            "Plan Width": 8,
            "Actual Startup Time": 138.811,
            "Actual Total Time": 144.406,
            "Actual Rows": 1,
            "Actual Loops": 1,
            "Output": [
                "count(*)"
            ],
            "Plans": [
                {
                    "Node Type": "Gather",
                    "Parent Relationship": "Outer",
                    "Parallel Aware": false,
                    "Startup Cost": 44302.18,
                    "Total Cost": 44302.49,
                    "Plan Rows": 3,
                    "Plan Width": 8,
                    "Actual Startup Time": 138.719,
                    "Actual Total Time": 144.399,
                    "Actual Rows": 4,
                    "Actual Loops": 1,
                    "Output": [
                        "(PARTIAL count(*))"
                    ],
                    "Workers Planned": 3,
                    "Workers Launched": 3,
                    "Single Copy": false,
                    "Plans": [
                        {
                            "Node Type": "Aggregate",
                            "Strategy": "Plain",
                            "Partial Mode": "Partial",
                            "Parent Relationship": "Outer",
                            "Parallel Aware": false,
                            "Startup Cost": 43302.18,
                            "Total Cost": 43302.19,
                            "Plan Rows": 1,
                            "Plan Width": 8,
                            "Actual Startup Time": 131.083,
                            "Actual Total Time": 131.084,
                            "Actual Rows": 1,
                            "Actual Loops": 4,
                            "Output": [
                                "PARTIAL count(*)"
                            ],
                            "Workers": [
                                {
                                    "Worker Number": 0,
                                    "Actual Startup Time": 128.709,
                                    "Actual Total Time": 128.71,
                                    "Actual Rows": 1,
                                    "Actual Loops": 1
                                },
                                {
                                    "Worker Number": 1,
                                    "Actual Startup Time": 128.749,
                                    "Actual Total Time": 128.75,
                                    "Actual Rows": 1,
                                    "Actual Loops": 1
                                },
                                {
                                    "Worker Number": 2,
                                    "Actual Startup Time": 128.745,
                                    "Actual Total Time": 128.746,
                                    "Actual Rows": 1,
                                    "Actual Loops": 1
                                }
                            ],
                            "Plans": [
                                {
                                    "Node Type": "Seq Scan",
                                    "Parent Relationship": "Outer",
                                    "Parallel Aware": true,
                                    "Relation Name": "movie_keyword",
                                    "Schema": "public",
                                    "Alias": "mk",
                                    "Startup Cost": 0.0,
                                    "Total Cost": 42695.65,
                                    "Plan Rows": 242612,
                                    "Plan Width": 0,
                                    "Actual Startup Time": 6.456,
                                    "Actual Total Time": 118.196,
                                    "Actual Rows": 184769,
                                    "Actual Loops": 4,
                                    "Output": [
                                        "id",
                                        "movie_id",
                                        "keyword_id"
                                    ],
                                    "Filter": "(mk.keyword_id > 25453)",
                                    "Rows Removed by Filter": 946214,
                                    "Workers": [
                                        {
                                            "Worker Number": 0,
                                            "Actual Startup Time": 4.116,
                                            "Actual Total Time": 116.142,
                                            "Actual Rows": 155248,
                                            "Actual Loops": 1
                                        },
                                        {
                                            "Worker Number": 1,
                                            "Actual Startup Time": 4.131,
                                            "Actual Total Time": 116.202,
                                            "Actual Rows": 156046,
                                            "Actual Loops": 1
                                        },
                                        {
                                            "Worker Number": 2,
                                            "Actual Startup Time": 4.113,
                                            "Actual Total Time": 116.211,
                                            "Actual Rows": 234616,
                                            "Actual Loops": 1
                                        }
                                    ]
                                }
                            ]
                        }
                    ]
                }
            ]
        },
        "Planning Time": 472.526,
        "Triggers": [],
        "Execution Time": 144.486
    }
]