{
  "Plan": {
    "Node Type": "Aggregate",
    "Strategy": "Plain",
    "Partial Mode": "Finalize",
    "Parallel Aware": false,
    "Startup Cost": 647009.06,
    "Total Cost": 647009.07,
    "Plan Rows": 1,
    "Plan Width": 8,
    "Actual Startup Time": 2147.788,
    "Actual Total Time": 2182.397,
    "Actual Rows": 1,
    "Actual Loops": 1,
    "Plans": [
      {
        "Node Type": "Gather",
        "Parent Relationship": "Outer",
        "Parallel Aware": false,
        "Startup Cost": 647008.95,
        "Total Cost": 647009.06,
        "Plan Rows": 1,
        "Plan Width": 8,
        "Actual Startup Time": 2146.206,
        "Actual Total Time": 2182.388,
        "Actual Rows": 2,
        "Actual Loops": 1,
        "Workers Planned": 1,
        "Workers Launched": 1,
        "Single Copy": false,
        "Plans": [
          {
            "Node Type": "Aggregate",
            "Strategy": "Plain",
            "Partial Mode": "Partial",
            "Parent Relationship": "Outer",
            "Parallel Aware": false,
            "Startup Cost": 646008.95,
            "Total Cost": 646008.96,
            "Plan Rows": 1,
            "Plan Width": 8,
            "Actual Startup Time": 2142.212,
            "Actual Total Time": 2142.218,
            "Actual Rows": 1,
            "Actual Loops": 2,
            "Plans": [
              {
                "Node Type": "Hash Join",
                "Parent Relationship": "Outer",
                "Parallel Aware": true,
                "Join Type": "Inner",
                "Startup Cost": 583212.07,
                "Total Cost": 645486.34,
                "Plan Rows": 209042,
                "Plan Width": 0,
                "Actual Startup Time": 1641.842,
                "Actual Total Time": 2079.829,
                "Actual Rows": 1551780,
                "Actual Loops": 2,
                "Inner Unique": false,
                "Hash Cond": "(mk.movie_id = t.id)",
                "Plans": [
                  {
                    "Node Type": "Seq Scan",
                    "Parent Relationship": "Outer",
                    "Parallel Aware": true,
                    "Relation Name": "movie_keyword",
                    "Alias": "mk",
                    "Startup Cost": 0.0,
                    "Total Cost": 51065.35,
                    "Plan Rows": 2661135,
                    "Plan Width": 4,
                    "Actual Startup Time": 0.012,
                    "Actual Total Time": 146.113,
                    "Actual Rows": 2261965,
                    "Actual Loops": 2
                  },
                  {
                    "Node Type": "Hash",
                    "Parent Relationship": "Inner",
                    "Parallel Aware": true,
                    "Startup Cost": 581751.72,
                    "Total Cost": 581751.72,
                    "Plan Rows": 116828,
                    "Plan Width": 8,
                    "Actual Startup Time": 1638.113,
                    "Actual Total Time": 1638.118,
                    "Actual Rows": 169302,
                    "Actual Loops": 2,
                    "Hash Buckets": 524288,
                    "Original Hash Buckets": 262144,
                    "Hash Batches": 1,
                    "Original Hash Batches": 1,
                    "Peak Memory Usage": 19424,
                    "Plans": [
                      {
                        "Node Type": "Hash Join",
                        "Parent Relationship": "Outer",
                        "Parallel Aware": true,
                        "Join Type": "Inner",
                        "Startup Cost": 245618.31,
                        "Total Cost": 581751.72,
                        "Plan Rows": 116828,
                        "Plan Width": 8,
                        "Actual Startup Time": 476.497,
                        "Actual Total Time": 1586.281,
                        "Actual Rows": 169302,
                        "Actual Loops": 2,
                        "Inner Unique": true,
                        "Hash Cond": "(ci.movie_id = t.id)",
                        "Plans": [
                          {
                            "Node Type": "Bitmap Heap Scan",
                            "Parent Relationship": "Outer",
                            "Parallel Aware": true,
                            "Relation Name": "cast_info",
                            "Alias": "ci",
                            "Startup Cost": 186648.06,
                            "Total Cost": 514192.61,
                            "Plan Rows": 3271940,
                            "Plan Width": 4,
                            "Actual Startup Time": 315.058,
                            "Actual Total Time": 875.497,
                            "Actual Rows": 4197114,
                            "Actual Loops": 2,
                            "Recheck Cond": "(person_id > 2844919)",
                            "Rows Removed by Index Recheck": 0,
                            "Filter": "(role_id > 1)",
                            "Rows Removed by Filter": 0,
                            "Exact Heap Blocks": 51260,
                            "Lossy Heap Blocks": 0,
                            "Plans": [
                              {
                                "Node Type": "Bitmap Index Scan",
                                "Parent Relationship": "Outer",
                                "Parallel Aware": false,
                                "Index Name": "person_id_cast_info",
                                "Startup Cost": 0.0,
                                "Total Cost": 185257.48,
                                "Plan Rows": 8483856,
                                "Plan Width": 0,
                                "Actual Startup Time": 298.008,
                                "Actual Total Time": 298.009,
                                "Actual Rows": 8394227,
                                "Actual Loops": 1,
                                "Index Cond": "(person_id > 2844919)"
                              }
                            ]
                          },
                          {
                            "Node Type": "Hash",
                            "Parent Relationship": "Inner",
                            "Parallel Aware": true,
                            "Startup Cost": 58306.47,
                            "Total Cost": 58306.47,
                            "Plan Rows": 53103,
                            "Plan Width": 4,
                            "Actual Startup Time": 160.232,
                            "Actual Total Time": 160.233,
                            "Actual Rows": 97486,
                            "Actual Loops": 2,
                            "Hash Buckets": 262144,
                            "Original Hash Buckets": 131072,
                            "Hash Batches": 1,
                            "Original Hash Batches": 1,
                            "Peak Memory Usage": 10720,
                            "Plans": [
                              {
                                "Node Type": "Seq Scan",
                                "Parent Relationship": "Outer",
                                "Parallel Aware": true,
                                "Relation Name": "title",
                                "Alias": "t",
                                "Startup Cost": 0.0,
                                "Total Cost": 58306.47,
                                "Plan Rows": 53103,
                                "Plan Width": 4,
                                "Actual Startup Time": 0.233,
                                "Actual Total Time": 136.041,
                                "Actual Rows": 97486,
                                "Actual Loops": 2,
                                "Filter": "((kind_id < 7) AND (production_year < 1960))",
                                "Rows Removed by Filter": 1166670
                              }
                            ]
                          }
                        ]
                      }
                    ]
                  }
                ]
              }
            ]
          }
        ]
      }
    ]
  },
  "Planning Time": 0.982,
  "Triggers": [],
  "Execution Time": 2182.503
}