[
  {
    "Bao": {
      "Bao prediction": 1459.323,
      "Bao recommended hint": "SET enable_hashjoin TO off; SET enable_mergejoin TO off; "
    }
  },
  {
    "Plan": {
      "Node Type": "Aggregate",
      "Strategy": "Plain",
      "Partial Mode": "Simple",
      "Parallel Aware": false,
      "Startup Cost": 4351.24,
      "Total Cost": 4351.25,
      "Plan Rows": 1,
      "Plan Width": 32,
      "Actual Startup Time": 7371.991,
      "Actual Total Time": 7371.998,
      "Actual Rows": 1,
      "Actual Loops": 1,
      "Plans": [
        {
          "Node Type": "Nested Loop",
          "Parent Relationship": "Outer",
          "Parallel Aware": false,
          "Join Type": "Inner",
          "Startup Cost": 13.05,
          "Total Cost": 4351.24,
          "Plan Rows": 1,
          "Plan Width": 15,
          "Actual Startup Time": 133.584,
          "Actual Total Time": 7369.763,
          "Actual Rows": 11538,
          "Actual Loops": 1,
          "Inner Unique": true,
          "Plans": [
            {
              "Node Type": "Nested Loop",
              "Parent Relationship": "Outer",
              "Parallel Aware": false,
              "Join Type": "Inner",
              "Startup Cost": 12.62,
              "Total Cost": 4350.79,
              "Plan Rows": 1,
              "Plan Width": 27,
              "Actual Startup Time": 133.535,
              "Actual Total Time": 7333.57,
              "Actual Rows": 11538,
              "Actual Loops": 1,
              "Inner Unique": true,
              "Plans": [
                {
                  "Node Type": "Nested Loop",
                  "Parent Relationship": "Outer",
                  "Parallel Aware": false,
                  "Join Type": "Inner",
                  "Startup Cost": 12.2,
                  "Total Cost": 4350.34,
                  "Plan Rows": 1,
                  "Plan Width": 31,
                  "Actual Startup Time": 133.472,
                  "Actual Total Time": 7279.614,
                  "Actual Rows": 11538,
                  "Actual Loops": 1,
                  "Inner Unique": false,
                  "Plans": [
                    {
                      "Node Type": "Nested Loop",
                      "Parent Relationship": "Outer",
                      "Parallel Aware": false,
                      "Join Type": "Inner",
                      "Startup Cost": 11.77,
                      "Total Cost": 4349.77,
                      "Plan Rows": 1,
                      "Plan Width": 23,
                      "Actual Startup Time": 133.422,
                      "Actual Total Time": 7249.064,
                      "Actual Rows": 1972,
                      "Actual Loops": 1,
                      "Inner Unique": true,
                      "Plans": [
                        {
                          "Node Type": "Nested Loop",
                          "Parent Relationship": "Outer",
                          "Parallel Aware": false,
                          "Join Type": "Inner",
                          "Startup Cost": 11.34,
                          "Total Cost": 3810.95,
                          "Plan Rows": 1177,
                          "Plan Width": 12,
                          "Actual Startup Time": 17.019,
                          "Actual Total Time": 2430.449,
                          "Actual Rows": 1038393,
                          "Actual Loops": 1,
                          "Inner Unique": false,
                          "Plans": [
                            {
                              "Node Type": "Nested Loop",
                              "Parent Relationship": "Outer",
                              "Parallel Aware": false,
                              "Join Type": "Inner",
                              "Startup Cost": 10.77,
                              "Total Cost": 3747.51,
                              "Plan Rows": 34,
                              "Plan Width": 4,
                              "Actual Startup Time": 16.918,
                              "Actual Total Time": 88.48,
                              "Actual Rows": 41840,
                              "Actual Loops": 1,
                              "Inner Unique": false,
                              "Plans": [
                                {
                                  "Node Type": "Seq Scan",
                                  "Parent Relationship": "Outer",
                                  "Parallel Aware": false,
                                  "Relation Name": "keyword",
                                  "Alias": "k",
                                  "Startup Cost": 0.0,
                                  "Total Cost": 2626.12,
                                  "Plan Rows": 1,
                                  "Plan Width": 4,
                                  "Actual Startup Time": 1.503,
                                  "Actual Total Time": 16.115,
                                  "Actual Rows": 1,
                                  "Actual Loops": 1,
                                  "Filter": "(keyword = 'character-name-in-title'::text)",
                                  "Rows Removed by Filter": 134169
                                },
                                {
                                  "Node Type": "Bitmap Heap Scan",
                                  "Parent Relationship": "Inner",
                                  "Parallel Aware": false,
                                  "Relation Name": "movie_keyword",
                                  "Alias": "mk",
                                  "Startup Cost": 10.77,
                                  "Total Cost": 1118.36,
                                  "Plan Rows": 302,
                                  "Plan Width": 8,
                                  "Actual Startup Time": 15.404,
                                  "Actual Total Time": 65.801,
                                  "Actual Rows": 41840,
                                  "Actual Loops": 1,
                                  "Recheck Cond": "(keyword_id = k.id)",
                                  "Rows Removed by Index Recheck": 0,
                                  "Exact Heap Blocks": 11541,
                                  "Lossy Heap Blocks": 0,
                                  "Plans": [
                                    {
                                      "Node Type": "Bitmap Index Scan",
                                      "Parent Relationship": "Outer",
                                      "Parallel Aware": false,
                                      "Index Name": "keyword_id_movie_keyword",
                                      "Startup Cost": 0.0,
                                      "Total Cost": 10.7,
                                      "Plan Rows": 302,
                                      "Plan Width": 0,
                                      "Actual Startup Time": 12.119,
                                      "Actual Total Time": 12.119,
                                      "Actual Rows": 41840,
                                      "Actual Loops": 1,
                                      "Index Cond": "(keyword_id = k.id)"
                                    }
                                  ]
                                }
                              ]
                            },
                            {
                              "Node Type": "Index Scan",
                              "Parent Relationship": "Inner",
                              "Parallel Aware": false,
                              "Scan Direction": "Forward",
                              "Index Name": "movie_id_cast_info",
                              "Relation Name": "cast_info",
                              "Alias": "ci",
                              "Startup Cost": 0.56,
                              "Total Cost": 1.52,
                              "Plan Rows": 35,
                              "Plan Width": 8,
                              "Actual Startup Time": 0.01,
                              "Actual Total Time": 0.053,
                              "Actual Rows": 25,
                              "Actual Loops": 41840,
                              "Index Cond": "(movie_id = mk.movie_id)",
                              "Rows Removed by Index Recheck": 0
                            }
                          ]
                        },
                        {
                          "Node Type": "Index Scan",
                          "Parent Relationship": "Inner",
                          "Parallel Aware": false,
                          "Scan Direction": "Forward",
                          "Index Name": "name_pkey",
                          "Relation Name": "name",
                          "Alias": "n",
                          "Startup Cost": 0.43,
                          "Total Cost": 0.46,
                          "Plan Rows": 1,
                          "Plan Width": 19,
                          "Actual Startup Time": 0.004,
                          "Actual Total Time": 0.004,
                          "Actual Rows": 0,
                          "Actual Loops": 1038393,
                          "Index Cond": "(id = ci.person_id)",
                          "Rows Removed by Index Recheck": 0,
                          "Filter": "(name ~~ '%Bert%'::text)",
                          "Rows Removed by Filter": 1
                        }
                      ]
                    },
                    {
                      "Node Type": "Index Scan",
                      "Parent Relationship": "Inner",
                      "Parallel Aware": false,
                      "Scan Direction": "Forward",
                      "Index Name": "movie_id_movie_companies",
                      "Relation Name": "movie_companies",
                      "Alias": "mc",
                      "Startup Cost": 0.43,
                      "Total Cost": 0.52,
                      "Plan Rows": 5,
                      "Plan Width": 8,
                      "Actual Startup Time": 0.01,
                      "Actual Total Time": 0.014,
                      "Actual Rows": 6,
                      "Actual Loops": 1972,
                      "Index Cond": "(movie_id = ci.movie_id)",
                      "Rows Removed by Index Recheck": 0
                    }
                  ]
                },
                {
                  "Node Type": "Index Only Scan",
                  "Parent Relationship": "Inner",
                  "Parallel Aware": false,
                  "Scan Direction": "Forward",
                  "Index Name": "company_name_pkey",
                  "Relation Name": "company_name",
                  "Alias": "cn",
                  "Startup Cost": 0.42,
                  "Total Cost": 0.44,
                  "Plan Rows": 1,
                  "Plan Width": 4,
                  "Actual Startup Time": 0.004,
                  "Actual Total Time": 0.004,
                  "Actual Rows": 1,
                  "Actual Loops": 11538,
                  "Index Cond": "(id = mc.company_id)",
                  "Rows Removed by Index Recheck": 0,
                  "Heap Fetches": 11538
                }
              ]
            },
            {
              "Node Type": "Index Only Scan",
              "Parent Relationship": "Inner",
              "Parallel Aware": false,
              "Scan Direction": "Forward",
              "Index Name": "title_pkey",
              "Relation Name": "title",
              "Alias": "t",
              "Startup Cost": 0.43,
              "Total Cost": 0.45,
              "Plan Rows": 1,
              "Plan Width": 4,
              "Actual Startup Time": 0.003,
              "Actual Total Time": 0.003,
              "Actual Rows": 1,
              "Actual Loops": 11538,
              "Index Cond": "(id = ci.movie_id)",
              "Rows Removed by Index Recheck": 0,
              "Heap Fetches": 11538
            }
          ]
        }
      ]
    },
    "Planning Time": 484.562,
    "Triggers": [],
    "Execution Time": 7372.762
  }
]