[
  {
    "Plan": {
      "Node Type": "Aggregate",
      "Strategy": "Plain",
      "Partial Mode": "Finalize",
      "Parallel Aware": false,
      "Startup Cost": 348074.33,
      "Total Cost": 348074.34,
      "Plan Rows": 1,
      "Plan Width": 8,
      "Actual Startup Time": 547.958,
      "Actual Total Time": 567.984,
      "Actual Rows": 1,
      "Actual Loops": 1,
      "Plans": [
        {
          "Node Type": "Gather",
          "Parent Relationship": "Outer",
          "Parallel Aware": false,
          "Startup Cost": 348073.7,
          "Total Cost": 348074.31,
          "Plan Rows": 6,
          "Plan Width": 8,
          "Actual Startup Time": 542.615,
          "Actual Total Time": 567.939,
          "Actual Rows": 7,
          "Actual Loops": 1,
          "Workers Planned": 6,
          "Workers Launched": 6,
          "Single Copy": false,
          "Plans": [
            {
              "Node Type": "Aggregate",
              "Strategy": "Plain",
              "Partial Mode": "Partial",
              "Parent Relationship": "Outer",
              "Parallel Aware": false,
              "Startup Cost": 347073.7,
              "Total Cost": 347073.71,
              "Plan Rows": 1,
              "Plan Width": 8,
              "Actual Startup Time": 525.859,
              "Actual Total Time": 525.863,
              "Actual Rows": 1,
              "Actual Loops": 7,
              "Plans": [
                {
                  "Node Type": "Hash Join",
                  "Parent Relationship": "Outer",
                  "Parallel Aware": true,
                  "Join Type": "Inner",
                  "Startup Cost": 89287.57,
                  "Total Cost": 346606.78,
                  "Plan Rows": 186769,
                  "Plan Width": 0,
                  "Actual Startup Time": 313.102,
                  "Actual Total Time": 516.09,
                  "Actual Rows": 156179,
                  "Actual Loops": 7,
                  "Inner Unique": true,
                  "Hash Cond": "(ci.movie_id = t.id)",
                  "Plans": [
                    {
                      "Node Type": "Bitmap Heap Scan",
                      "Parent Relationship": "Outer",
                      "Parallel Aware": true,
                      "Relation Name": "cast_info",
                      "Alias": "ci",
                      "Startup Cost": 40569.76,
                      "Total Cost": 297085.03,
                      "Plan Rows": 306262,
                      "Plan Width": 4,
                      "Actual Startup Time": 77.406,
                      "Actual Total Time": 144.602,
                      "Actual Rows": 270906,
                      "Actual Loops": 7,
                      "Recheck Cond": "(person_id < 186641)",
                      "Rows Removed by Index Recheck": 0,
                      "Exact Heap Blocks": 3036,
                      "Lossy Heap Blocks": 0,
                      "Plans": [
                        {
                          "Node Type": "Bitmap Index Scan",
                          "Parent Relationship": "Outer",
                          "Parallel Aware": false,
                          "Index Name": "person_id_cast_info",
                          "Startup Cost": 0.0,
                          "Total Cost": 40110.36,
                          "Plan Rows": 1837573,
                          "Plan Width": 0,
                          "Actual Startup Time": 74.085,
                          "Actual Total Time": 74.086,
                          "Actual Rows": 1896341,
                          "Actual Loops": 1,
                          "Index Cond": "(person_id < 186641)"
                        }
                      ]
                    },
                    {
                      "Node Type": "Hash",
                      "Parent Relationship": "Inner",
                      "Parallel Aware": true,
                      "Startup Cost": 43899.32,
                      "Total Cost": 43899.32,
                      "Plan Rows": 385479,
                      "Plan Width": 4,
                      "Actual Startup Time": 230.458,
                      "Actual Total Time": 230.459,
                      "Actual Rows": 220466,
                      "Actual Loops": 7,
                      "Hash Buckets": 2097152,
                      "Original Hash Buckets": 2097152,
                      "Hash Batches": 1,
                      "Original Hash Batches": 1,
                      "Peak Memory Usage": 76864,
                      "Plans": [
                        {
                          "Node Type": "Seq Scan",
                          "Parent Relationship": "Outer",
                          "Parallel Aware": true,
                          "Relation Name": "title",
                          "Alias": "t",
                          "Startup Cost": 0.0,
                          "Total Cost": 43899.32,
                          "Plan Rows": 385479,
                          "Plan Width": 4,
                          "Actual Startup Time": 0.064,
                          "Actual Total Time": 93.904,
                          "Actual Rows": 220466,
                          "Actual Loops": 7,
                          "Filter": "(kind_id = 7)",
                          "Rows Removed by Filter": 140721
                        }
                      ]
                    }
                  ]
                }
              ]
            }
          ]
        }
      ]
    },
    "Planning Time": 0.627,
    "Triggers": [],
    "Execution Time": 568.108
  }
]