[
  {
    "Plan": {
      "Node Type": "Aggregate",
      "Strategy": "Plain",
      "Partial Mode": "Finalize",
      "Parallel Aware": false,
      "Startup Cost": 349029.23,
      "Total Cost": 349029.24,
      "Plan Rows": 1,
      "Plan Width": 8,
      "Actual Startup Time": 508.44,
      "Actual Total Time": 523.362,
      "Actual Rows": 1,
      "Actual Loops": 1,
      "Plans": [
        {
          "Node Type": "Gather",
          "Parent Relationship": "Outer",
          "Parallel Aware": false,
          "Startup Cost": 349028.6,
          "Total Cost": 349029.21,
          "Plan Rows": 6,
          "Plan Width": 8,
          "Actual Startup Time": 491.793,
          "Actual Total Time": 523.347,
          "Actual Rows": 7,
          "Actual Loops": 1,
          "Workers Planned": 6,
          "Workers Launched": 6,
          "Single Copy": false,
          "Plans": [
            {
              "Node Type": "Aggregate",
              "Strategy": "Plain",
              "Partial Mode": "Partial",
              "Parent Relationship": "Outer",
              "Parallel Aware": false,
              "Startup Cost": 348028.6,
              "Total Cost": 348028.61,
              "Plan Rows": 1,
              "Plan Width": 8,
              "Actual Startup Time": 477.038,
              "Actual Total Time": 477.042,
              "Actual Rows": 1,
              "Actual Loops": 7,
              "Plans": [
                {
                  "Node Type": "Hash Join",
                  "Parent Relationship": "Outer",
                  "Parallel Aware": true,
                  "Join Type": "Inner",
                  "Startup Cost": 90137.32,
                  "Total Cost": 347553.45,
                  "Plan Rows": 190062,
                  "Plan Width": 0,
                  "Actual Startup Time": 286.5,
                  "Actual Total Time": 467.356,
                  "Actual Rows": 156179,
                  "Actual Loops": 7,
                  "Inner Unique": true,
                  "Hash Cond": "(ci.movie_id = t.id)",
                  "Plans": [
                    {
                      "Node Type": "Bitmap Heap Scan",
                      "Parent Relationship": "Outer",
                      "Parallel Aware": true,
                      "Relation Name": "cast_info",
                      "Alias": "ci",
                      "Startup Cost": 41435.7,
                      "Total Cost": 298031.08,
                      "Plan Rows": 312670,
                      "Plan Width": 4,
                      "Actual Startup Time": 80.305,
                      "Actual Total Time": 140.834,
                      "Actual Rows": 270906,
                      "Actual Loops": 7,
                      "Recheck Cond": "(person_id < 186641)",
                      "Rows Removed by Index Recheck": 0,
                      "Exact Heap Blocks": 3032,
                      "Lossy Heap Blocks": 0,
                      "Plans": [
                        {
                          "Node Type": "Bitmap Index Scan",
                          "Parent Relationship": "Outer",
                          "Parallel Aware": false,
                          "Index Name": "person_id_cast_info",
                          "Startup Cost": 0.0,
                          "Total Cost": 40966.7,
                          "Plan Rows": 1876018,
                          "Plan Width": 0,
                          "Actual Startup Time": 77.005,
                          "Actual Total Time": 77.005,
                          "Actual Rows": 1896341,
                          "Actual Loops": 1,
                          "Index Cond": "(person_id < 186641)"
                        }
                      ]
                    },
                    {
                      "Node Type": "Hash",
                      "Parent Relationship": "Inner",
                      "Parallel Aware": true,
                      "Startup Cost": 43898.92,
                      "Total Cost": 43898.92,
                      "Plan Rows": 384216,
                      "Plan Width": 4,
                      "Actual Startup Time": 201.439,
                      "Actual Total Time": 201.441,
                      "Actual Rows": 220466,
                      "Actual Loops": 7,
                      "Hash Buckets": 2097152,
                      "Original Hash Buckets": 2097152,
                      "Hash Batches": 1,
                      "Original Hash Batches": 1,
                      "Peak Memory Usage": 76864,
                      "Plans": [
                        {
                          "Node Type": "Seq Scan",
                          "Parent Relationship": "Outer",
                          "Parallel Aware": true,
                          "Relation Name": "title",
                          "Alias": "t",
                          "Startup Cost": 0.0,
                          "Total Cost": 43898.92,
                          "Plan Rows": 384216,
                          "Plan Width": 4,
                          "Actual Startup Time": 0.041,
                          "Actual Total Time": 87.11,
                          "Actual Rows": 220466,
                          "Actual Loops": 7,
                          "Filter": "(kind_id = 7)",
                          "Rows Removed by Filter": 140721
                        }
                      ]
                    }
                  ]
                }
              ]
            }
          ]
        }
      ]
    },
    "Planning Time": 0.603,
    "Triggers": [],
    "Execution Time": 523.464
  }
]