{
  "Plan": {
    "Node Type": "Aggregate",
    "Strategy": "Plain",
    "Partial Mode": "Finalize",
    "Parallel Aware": false,
    "Startup Cost": 63653.23,
    "Total Cost": 63653.24,
    "Plan Rows": 1,
    "Plan Width": 8,
    "Actual Startup Time": 92.07,
    "Actual Total Time": 97.75,
    "Actual Rows": 1,
    "Actual Loops": 1,
    "Plans": [
      {
        "Node Type": "Gather",
        "Parent Relationship": "Outer",
        "Parallel Aware": false,
        "Startup Cost": 63653.11,
        "Total Cost": 63653.22,
        "Plan Rows": 1,
        "Plan Width": 8,
        "Actual Startup Time": 91.872,
        "Actual Total Time": 97.742,
        "Actual Rows": 2,
        "Actual Loops": 1,
        "Workers Planned": 1,
        "Workers Launched": 1,
        "Single Copy": false,
        "Plans": [
          {
            "Node Type": "Aggregate",
            "Strategy": "Plain",
            "Partial Mode": "Partial",
            "Parent Relationship": "Outer",
            "Parallel Aware": false,
            "Startup Cost": 62653.11,
            "Total Cost": 62653.12,
            "Plan Rows": 1,
            "Plan Width": 8,
            "Actual Startup Time": 85.579,
            "Actual Total Time": 85.583,
            "Actual Rows": 1,
            "Actual Loops": 2,
            "Plans": [
              {
                "Node Type": "Nested Loop",
                "Parent Relationship": "Outer",
                "Parallel Aware": false,
                "Join Type": "Inner",
                "Startup Cost": 40810.68,
                "Total Cost": 62650.81,
                "Plan Rows": 922,
                "Plan Width": 0,
                "Actual Startup Time": 67.003,
                "Actual Total Time": 85.408,
                "Actual Rows": 2635,
                "Actual Loops": 2,
                "Inner Unique": false,
                "Join Filter": "(t.id = mk.movie_id)",
                "Rows Removed by Join Filter": 0,
                "Plans": [
                  {
                    "Node Type": "Hash Join",
                    "Parent Relationship": "Outer",
                    "Parallel Aware": true,
                    "Join Type": "Inner",
                    "Startup Cost": 40810.25,
                    "Total Cost": 60118.59,
                    "Plan Rows": 515,
                    "Plan Width": 8,
                    "Actual Startup Time": 66.856,
                    "Actual Total Time": 78.903,
                    "Actual Rows": 708,
                    "Actual Loops": 2,
                    "Inner Unique": true,
                    "Hash Cond": "(mc.movie_id = t.id)",
                    "Plans": [
                      {
                        "Node Type": "Bitmap Heap Scan",
                        "Parent Relationship": "Outer",
                        "Parallel Aware": true,
                        "Relation Name": "movie_companies",
                        "Alias": "mc",
                        "Startup Cost": 1263.95,
                        "Total Cost": 20482.33,
                        "Plan Rows": 34271,
                        "Plan Width": 4,
                        "Actual Startup Time": 5.123,
                        "Actual Total Time": 12.398,
                        "Actual Rows": 27884,
                        "Actual Loops": 2,
                        "Recheck Cond": "(company_id > 186965)",
                        "Rows Removed by Index Recheck": 0,
                        "Exact Heap Blocks": 1118,
                        "Lossy Heap Blocks": 0,
                        "Plans": [
                          {
                            "Node Type": "Bitmap Index Scan",
                            "Parent Relationship": "Outer",
                            "Parallel Aware": false,
                            "Index Name": "company_id_movie_companies",
                            "Startup Cost": 0.0,
                            "Total Cost": 1249.38,
                            "Plan Rows": 58260,
                            "Plan Width": 0,
                            "Actual Startup Time": 4.654,
                            "Actual Total Time": 4.654,
                            "Actual Rows": 55769,
                            "Actual Loops": 1,
                            "Index Cond": "(company_id > 186965)"
                          }
                        ]
                      },
                      {
                        "Node Type": "Hash",
                        "Parent Relationship": "Inner",
                        "Parallel Aware": true,
                        "Startup Cost": 39266.69,
                        "Total Cost": 39266.69,
                        "Plan Rows": 22369,
                        "Plan Width": 4,
                        "Actual Startup Time": 60.321,
                        "Actual Total Time": 60.321,
                        "Actual Rows": 18678,
                        "Actual Loops": 2,
                        "Hash Buckets": 65536,
                        "Original Hash Buckets": 65536,
                        "Hash Batches": 1,
                        "Original Hash Batches": 1,
                        "Peak Memory Usage": 2016,
                        "Plans": [
                          {
                            "Node Type": "Bitmap Heap Scan",
                            "Parent Relationship": "Outer",
                            "Parallel Aware": true,
                            "Relation Name": "title",
                            "Alias": "t",
                            "Startup Cost": 2190.44,
                            "Total Cost": 39266.69,
                            "Plan Rows": 22369,
                            "Plan Width": 4,
                            "Actual Startup Time": 15.475,
                            "Actual Total Time": 54.44,
                            "Actual Rows": 18678,
                            "Actual Loops": 2,
                            "Recheck Cond": "(kind_id = 4)",
                            "Rows Removed by Index Recheck": 0,
                            "Filter": "(production_year > 2007)",
                            "Rows Removed by Filter": 40438,
                            "Exact Heap Blocks": 9786,
                            "Lossy Heap Blocks": 0,
                            "Plans": [
                              {
                                "Node Type": "Bitmap Index Scan",
                                "Parent Relationship": "Outer",
                                "Parallel Aware": false,
                                "Index Name": "kind_id_title",
                                "Startup Cost": 0.0,
                                "Total Cost": 2180.94,
                                "Plan Rows": 122201,
                                "Plan Width": 0,
                                "Actual Startup Time": 15.892,
                                "Actual Total Time": 15.892,
                                "Actual Rows": 118234,
                                "Actual Loops": 1,
                                "Index Cond": "(kind_id = 4)"
                              }
                            ]
                          }
                        ]
                      }
                    ]
                  },
                  {
                    "Node Type": "Index Only Scan",
                    "Parent Relationship": "Inner",
                    "Parallel Aware": false,
                    "Scan Direction": "Forward",
                    "Index Name": "movie_id_movie_keyword",
                    "Relation Name": "movie_keyword",
                    "Alias": "mk",
                    "Startup Cost": 0.43,
                    "Total Cost": 4.35,
                    "Plan Rows": 45,
                    "Plan Width": 4,
                    "Actual Startup Time": 0.008,
                    "Actual Total Time": 0.008,
                    "Actual Rows": 4,
                    "Actual Loops": 1415,
                    "Index Cond": "(movie_id = mc.movie_id)",
                    "Rows Removed by Index Recheck": 0,
                    "Heap Fetches": 5270
                  }
                ]
              }
            ]
          }
        ]
      }
    ]
  },
  "Planning Time": 0.993,
  "Triggers": [],
  "Execution Time": 97.864
}