[
  {
    "Plan": {
      "Node Type": "Aggregate",
      "Strategy": "Plain",
      "Partial Mode": "Finalize",
      "Parallel Aware": false,
      "Startup Cost": 46880.7,
      "Total Cost": 46880.71,
      "Plan Rows": 1,
      "Plan Width": 8,
      "Actual Startup Time": 106.482,
      "Actual Total Time": 119.776,
      "Actual Rows": 1,
      "Actual Loops": 1,
      "Plans": [
        {
          "Node Type": "Gather",
          "Parent Relationship": "Outer",
          "Parallel Aware": false,
          "Startup Cost": 46880.28,
          "Total Cost": 46880.69,
          "Plan Rows": 4,
          "Plan Width": 8,
          "Actual Startup Time": 106.294,
          "Actual Total Time": 119.765,
          "Actual Rows": 5,
          "Actual Loops": 1,
          "Workers Planned": 4,
          "Workers Launched": 4,
          "Single Copy": false,
          "Plans": [
            {
              "Node Type": "Aggregate",
              "Strategy": "Plain",
              "Partial Mode": "Partial",
              "Parent Relationship": "Outer",
              "Parallel Aware": false,
              "Startup Cost": 45880.28,
              "Total Cost": 45880.29,
              "Plan Rows": 1,
              "Plan Width": 8,
              "Actual Startup Time": 99.448,
              "Actual Total Time": 99.45,
              "Actual Rows": 1,
              "Actual Loops": 5,
              "Plans": [
                {
                  "Node Type": "Seq Scan",
                  "Parent Relationship": "Outer",
                  "Parallel Aware": true,
                  "Relation Name": "title",
                  "Alias": "t",
                  "Startup Cost": 0.0,
                  "Total Cost": 45479.59,
                  "Plan Rows": 160278,
                  "Plan Width": 0,
                  "Actual Startup Time": 40.679,
                  "Actual Total Time": 92.628,
                  "Actual Rows": 131262,
                  "Actual Loops": 5,
                  "Filter": "((kind_id < 2) AND (production_year > 0))",
                  "Rows Removed by Filter": 374400
                }
              ]
            }
          ]
        }
      ]
    },
    "Planning Time": 0.163,
    "Triggers": [],
    "Execution Time": 119.83
  }
]