[
  {
    "Plan": {
      "Node Type": "Aggregate",
      "Strategy": "Plain",
      "Partial Mode": "Finalize",
      "Parallel Aware": false,
      "Startup Cost": 9753.35,
      "Total Cost": 9753.36,
      "Plan Rows": 1,
      "Plan Width": 8,
      "Actual Startup Time": 39.852,
      "Actual Total Time": 42.888,
      "Actual Rows": 1,
      "Actual Loops": 1,
      "Plans": [
        {
          "Node Type": "Gather",
          "Parent Relationship": "Outer",
          "Parallel Aware": false,
          "Startup Cost": 9753.04,
          "Total Cost": 9753.35,
          "Plan Rows": 3,
          "Plan Width": 8,
          "Actual Startup Time": 39.787,
          "Actual Total Time": 42.88,
          "Actual Rows": 4,
          "Actual Loops": 1,
          "Workers Planned": 3,
          "Workers Launched": 3,
          "Single Copy": false,
          "Plans": [
            {
              "Node Type": "Aggregate",
              "Strategy": "Plain",
              "Partial Mode": "Partial",
              "Parent Relationship": "Outer",
              "Parallel Aware": false,
              "Startup Cost": 8753.04,
              "Total Cost": 8753.05,
              "Plan Rows": 1,
              "Plan Width": 8,
              "Actual Startup Time": 30.914,
              "Actual Total Time": 30.915,
              "Actual Rows": 1,
              "Actual Loops": 4,
              "Plans": [
                {
                  "Node Type": "Index Scan",
                  "Parent Relationship": "Outer",
                  "Parallel Aware": true,
                  "Scan Direction": "Forward",
                  "Index Name": "role_id_cast_info",
                  "Relation Name": "cast_info",
                  "Alias": "ci",
                  "Startup Cost": 0.56,
                  "Total Cost": 8600.37,
                  "Plan Rows": 61066,
                  "Plan Width": 0,
                  "Actual Startup Time": 0.18,
                  "Actual Total Time": 28.828,
                  "Actual Rows": 19914,
                  "Actual Loops": 4,
                  "Index Cond": "(role_id > 10)",
                  "Rows Removed by Index Recheck": 0,
                  "Filter": "(person_id < 2354772)",
                  "Rows Removed by Filter": 59115
                }
              ]
            }
          ]
        }
      ]
    },
    "Planning Time": 0.233,
    "Triggers": [],
    "Execution Time": 42.954
  }
]