[
  {
    "Plan": {
      "Node Type": "Aggregate",
      "Strategy": "Plain",
      "Partial Mode": "Finalize",
      "Parallel Aware": false,
      "Startup Cost": 28990.65,
      "Total Cost": 28990.66,
      "Plan Rows": 1,
      "Plan Width": 8,
      "Actual Startup Time": 76.591,
      "Actual Total Time": 82.186,
      "Actual Rows": 1,
      "Actual Loops": 1,
      "Plans": [
        {
          "Node Type": "Gather",
          "Parent Relationship": "Outer",
          "Parallel Aware": false,
          "Startup Cost": 28990.33,
          "Total Cost": 28990.64,
          "Plan Rows": 3,
          "Plan Width": 8,
          "Actual Startup Time": 76.326,
          "Actual Total Time": 82.179,
          "Actual Rows": 4,
          "Actual Loops": 1,
          "Workers Planned": 3,
          "Workers Launched": 3,
          "Single Copy": false,
          "Plans": [
            {
              "Node Type": "Aggregate",
              "Strategy": "Plain",
              "Partial Mode": "Partial",
              "Parent Relationship": "Outer",
              "Parallel Aware": false,
              "Startup Cost": 27990.33,
              "Total Cost": 27990.34,
              "Plan Rows": 1,
              "Plan Width": 8,
              "Actual Startup Time": 70.437,
              "Actual Total Time": 70.439,
              "Actual Rows": 1,
              "Actual Loops": 4,
              "Plans": [
                {
                  "Node Type": "Bitmap Heap Scan",
                  "Parent Relationship": "Outer",
                  "Parallel Aware": true,
                  "Relation Name": "movie_keyword",
                  "Alias": "mk",
                  "Startup Cost": 2879.87,
                  "Total Cost": 27880.92,
                  "Plan Rows": 43764,
                  "Plan Width": 0,
                  "Actual Startup Time": 22.103,
                  "Actual Total Time": 67.937,
                  "Actual Rows": 33024,
                  "Actual Loops": 4,
                  "Recheck Cond": "(keyword_id > 76064)",
                  "Rows Removed by Index Recheck": 0,
                  "Exact Heap Blocks": 12016,
                  "Lossy Heap Blocks": 0,
                  "Plans": [
                    {
                      "Node Type": "Bitmap Index Scan",
                      "Parent Relationship": "Outer",
                      "Parallel Aware": false,
                      "Index Name": "keyword_id_movie_keyword",
                      "Startup Cost": 0.0,
                      "Total Cost": 2845.95,
                      "Plan Rows": 135669,
                      "Plan Width": 0,
                      "Actual Startup Time": 20.631,
                      "Actual Total Time": 20.631,
                      "Actual Rows": 132096,
                      "Actual Loops": 1,
                      "Index Cond": "(keyword_id > 76064)"
                    }
                  ]
                }
              ]
            }
          ]
        }
      ]
    },
    "Planning Time": 0.152,
    "Triggers": [],
    "Execution Time": 82.249
  }
]