{
  "Plan": {
    "Node Type": "Aggregate",
    "Strategy": "Plain",
    "Partial Mode": "Finalize",
    "Parallel Aware": false,
    "Startup Cost": 120454.7,
    "Total Cost": 120454.71,
    "Plan Rows": 1,
    "Plan Width": 8,
    "Actual Startup Time": 376.424,
    "Actual Total Time": 389.531,
    "Actual Rows": 1,
    "Actual Loops": 1,
    "Plans": [
      {
        "Node Type": "Gather",
        "Parent Relationship": "Outer",
        "Parallel Aware": false,
        "Startup Cost": 120454.59,
        "Total Cost": 120454.7,
        "Plan Rows": 1,
        "Plan Width": 8,
        "Actual Startup Time": 375.978,
        "Actual Total Time": 389.524,
        "Actual Rows": 2,
        "Actual Loops": 1,
        "Workers Planned": 1,
        "Workers Launched": 1,
        "Single Copy": false,
        "Plans": [
          {
            "Node Type": "Aggregate",
            "Strategy": "Plain",
            "Partial Mode": "Partial",
            "Parent Relationship": "Outer",
            "Parallel Aware": false,
            "Startup Cost": 119454.59,
            "Total Cost": 119454.6,
            "Plan Rows": 1,
            "Plan Width": 8,
            "Actual Startup Time": 373.417,
            "Actual Total Time": 373.42,
            "Actual Rows": 1,
            "Actual Loops": 2,
            "Plans": [
              {
                "Node Type": "Hash Join",
                "Parent Relationship": "Outer",
                "Parallel Aware": true,
                "Join Type": "Inner",
                "Startup Cost": 59434.12,
                "Total Cost": 119328.85,
                "Plan Rows": 50295,
                "Plan Width": 0,
                "Actual Startup Time": 149.09,
                "Actual Total Time": 371.936,
                "Actual Rows": 33159,
                "Actual Loops": 2,
                "Inner Unique": true,
                "Hash Cond": "(mk.movie_id = t.id)",
                "Plans": [
                  {
                    "Node Type": "Seq Scan",
                    "Parent Relationship": "Outer",
                    "Parallel Aware": true,
                    "Relation Name": "movie_keyword",
                    "Alias": "mk",
                    "Startup Cost": 0.0,
                    "Total Cost": 57718.19,
                    "Plan Rows": 829158,
                    "Plan Width": 4,
                    "Actual Startup Time": 0.014,
                    "Actual Total Time": 159.724,
                    "Actual Rows": 711963,
                    "Actual Loops": 2,
                    "Filter": "(keyword_id < 1962)",
                    "Rows Removed by Filter": 1550002
                  },
                  {
                    "Node Type": "Hash",
                    "Parent Relationship": "Inner",
                    "Parallel Aware": true,
                    "Startup Cost": 58306.47,
                    "Total Cost": 58306.47,
                    "Plan Rows": 90212,
                    "Plan Width": 4,
                    "Actual Startup Time": 146.894,
                    "Actual Total Time": 146.895,
                    "Actual Rows": 67380,
                    "Actual Loops": 2,
                    "Hash Buckets": 262144,
                    "Original Hash Buckets": 262144,
                    "Hash Batches": 1,
                    "Original Hash Batches": 1,
                    "Peak Memory Usage": 7360,
                    "Plans": [
                      {
                        "Node Type": "Seq Scan",
                        "Parent Relationship": "Outer",
                        "Parallel Aware": true,
                        "Relation Name": "title",
                        "Alias": "t",
                        "Startup Cost": 0.0,
                        "Total Cost": 58306.47,
                        "Plan Rows": 90212,
                        "Plan Width": 4,
                        "Actual Startup Time": 0.039,
                        "Actual Total Time": 130.263,
                        "Actual Rows": 67380,
                        "Actual Loops": 2,
                        "Filter": "((kind_id < 7) AND (production_year > 2010))",
                        "Rows Removed by Filter": 1196776
                      }
                    ]
                  }
                ]
              }
            ]
          }
        ]
      }
    ]
  },
  "Planning Time": 0.217,
  "Triggers": [],
  "Execution Time": 389.567
}