[
  {
    "Plan": {
      "Node Type": "Aggregate",
      "Strategy": "Plain",
      "Partial Mode": "Finalize",
      "Parallel Aware": false,
      "Startup Cost": 255705.08,
      "Total Cost": 255705.09,
      "Plan Rows": 1,
      "Plan Width": 8,
      "Actual Startup Time": 1232.576,
      "Actual Total Time": 1294.427,
      "Actual Rows": 1,
      "Actual Loops": 1,
      "Plans": [
        {
          "Node Type": "Gather",
          "Parent Relationship": "Outer",
          "Parallel Aware": false,
          "Startup Cost": 255704.66,
          "Total Cost": 255705.07,
          "Plan Rows": 4,
          "Plan Width": 8,
          "Actual Startup Time": 1229.269,
          "Actual Total Time": 1294.415,
          "Actual Rows": 5,
          "Actual Loops": 1,
          "Workers Planned": 4,
          "Workers Launched": 4,
          "Single Copy": false,
          "Plans": [
            {
              "Node Type": "Aggregate",
              "Strategy": "Plain",
              "Partial Mode": "Partial",
              "Parent Relationship": "Outer",
              "Parallel Aware": false,
              "Startup Cost": 254704.66,
              "Total Cost": 254704.67,
              "Plan Rows": 1,
              "Plan Width": 8,
              "Actual Startup Time": 1219.325,
              "Actual Total Time": 1219.329,
              "Actual Rows": 1,
              "Actual Loops": 5,
              "Plans": [
                {
                  "Node Type": "Nested Loop",
                  "Parent Relationship": "Outer",
                  "Parallel Aware": false,
                  "Join Type": "Inner",
                  "Startup Cost": 29515.37,
                  "Total Cost": 253569.82,
                  "Plan Rows": 453934,
                  "Plan Width": 0,
                  "Actual Startup Time": 106.612,
                  "Actual Total Time": 1164.95,
                  "Actual Rows": 1097288,
                  "Actual Loops": 5,
                  "Inner Unique": false,
                  "Plans": [
                    {
                      "Node Type": "Hash Join",
                      "Parent Relationship": "Outer",
                      "Parallel Aware": true,
                      "Join Type": "Inner",
                      "Startup Cost": 29514.93,
                      "Total Cost": 75284.93,
                      "Plan Rows": 90178,
                      "Plan Width": 8,
                      "Actual Startup Time": 106.545,
                      "Actual Total Time": 337.929,
                      "Actual Rows": 71271,
                      "Actual Loops": 5,
                      "Inner Unique": false,
                      "Hash Cond": "(t.id = mc.movie_id)",
                      "Plans": [
                        {
                          "Node Type": "Seq Scan",
                          "Parent Relationship": "Outer",
                          "Parallel Aware": true,
                          "Relation Name": "title",
                          "Alias": "t",
                          "Startup Cost": 0.0,
                          "Total Cost": 42318.73,
                          "Plan Rows": 632073,
                          "Plan Width": 4,
                          "Actual Startup Time": 0.011,
                          "Actual Total Time": 67.083,
                          "Actual Rows": 505662,
                          "Actual Loops": 5
                        },
                        {
                          "Node Type": "Hash",
                          "Parent Relationship": "Inner",
                          "Parallel Aware": true,
                          "Startup Cost": 28060.44,
                          "Total Cost": 28060.44,
                          "Plan Rows": 116359,
                          "Plan Width": 4,
                          "Actual Startup Time": 103.719,
                          "Actual Total Time": 103.72,
                          "Actual Rows": 71271,
                          "Actual Loops": 5,
                          "Hash Buckets": 524288,
                          "Original Hash Buckets": 524288,
                          "Hash Batches": 1,
                          "Original Hash Batches": 1,
                          "Peak Memory Usage": 18144,
                          "Plans": [
                            {
                              "Node Type": "Bitmap Heap Scan",
                              "Parent Relationship": "Outer",
                              "Parallel Aware": true,
                              "Relation Name": "movie_companies",
                              "Alias": "mc",
                              "Startup Cost": 7815.96,
                              "Total Cost": 28060.44,
                              "Plan Rows": 116359,
                              "Plan Width": 4,
                              "Actual Startup Time": 29.792,
                              "Actual Total Time": 75.467,
                              "Actual Rows": 71271,
                              "Actual Loops": 5,
                              "Recheck Cond": "(company_id < 180)",
                              "Rows Removed by Index Recheck": 0,
                              "Exact Heap Blocks": 6725,
                              "Lossy Heap Blocks": 0,
                              "Plans": [
                                {
                                  "Node Type": "Bitmap Index Scan",
                                  "Parent Relationship": "Outer",
                                  "Parallel Aware": false,
                                  "Index Name": "company_id_movie_companies",
                                  "Startup Cost": 0.0,
                                  "Total Cost": 7725.78,
                                  "Plan Rows": 360713,
                                  "Plan Width": 0,
                                  "Actual Startup Time": 26.298,
                                  "Actual Total Time": 26.299,
                                  "Actual Rows": 356356,
                                  "Actual Loops": 1,
                                  "Index Cond": "(company_id < 180)"
                                }
                              ]
                            }
                          ]
                        }
                      ]
                    },
                    {
                      "Node Type": "Index Scan",
                      "Parent Relationship": "Inner",
                      "Parallel Aware": false,
                      "Scan Direction": "Forward",
                      "Index Name": "movie_id_movie_info",
                      "Relation Name": "movie_info",
                      "Alias": "mi",
                      "Startup Cost": 0.43,
                      "Total Cost": 1.62,
                      "Plan Rows": 36,
                      "Plan Width": 4,
                      "Actual Startup Time": 0.004,
                      "Actual Total Time": 0.01,
                      "Actual Rows": 15,
                      "Actual Loops": 356356,
                      "Index Cond": "(movie_id = t.id)",
                      "Rows Removed by Index Recheck": 0,
                      "Filter": "(info_type_id > 2)",
                      "Rows Removed by Filter": 1
                    }
                  ]
                }
              ]
            }
          ]
        }
      ]
    },
    "Planning Time": 1.423,
    "Triggers": [],
    "Execution Time": 1294.562
  }
]