{
  "Plan": {
    "Node Type": "Aggregate",
    "Strategy": "Plain",
    "Partial Mode": "Finalize",
    "Parallel Aware": false,
    "Startup Cost": 542464.09,
    "Total Cost": 542464.1,
    "Plan Rows": 1,
    "Plan Width": 8,
    "Actual Startup Time": 1369.707,
    "Actual Total Time": 1389.973,
    "Actual Rows": 1,
    "Actual Loops": 1,
    "Plans": [
      {
        "Node Type": "Gather",
        "Parent Relationship": "Outer",
        "Parallel Aware": false,
        "Startup Cost": 542463.98,
        "Total Cost": 542464.09,
        "Plan Rows": 1,
        "Plan Width": 8,
        "Actual Startup Time": 1366.298,
        "Actual Total Time": 1389.965,
        "Actual Rows": 2,
        "Actual Loops": 1,
        "Workers Planned": 1,
        "Workers Launched": 1,
        "Single Copy": false,
        "Plans": [
          {
            "Node Type": "Aggregate",
            "Strategy": "Plain",
            "Partial Mode": "Partial",
            "Parent Relationship": "Outer",
            "Parallel Aware": false,
            "Startup Cost": 541463.98,
            "Total Cost": 541463.99,
            "Plan Rows": 1,
            "Plan Width": 8,
            "Actual Startup Time": 1353.02,
            "Actual Total Time": 1353.025,
            "Actual Rows": 1,
            "Actual Loops": 2,
            "Plans": [
              {
                "Node Type": "Nested Loop",
                "Parent Relationship": "Outer",
                "Parallel Aware": false,
                "Join Type": "Inner",
                "Startup Cost": 97974.96,
                "Total Cost": 540719.9,
                "Plan Rows": 297630,
                "Plan Width": 0,
                "Actual Startup Time": 684.628,
                "Actual Total Time": 1336.552,
                "Actual Rows": 370086,
                "Actual Loops": 2,
                "Inner Unique": false,
                "Plans": [
                  {
                    "Node Type": "Hash Join",
                    "Parent Relationship": "Outer",
                    "Parallel Aware": true,
                    "Join Type": "Inner",
                    "Startup Cost": 97974.53,
                    "Total Cost": 362380.14,
                    "Plan Rows": 288409,
                    "Plan Width": 8,
                    "Actual Startup Time": 684.556,
                    "Actual Total Time": 828.238,
                    "Actual Rows": 156555,
                    "Actual Loops": 2,
                    "Inner Unique": true,
                    "Hash Cond": "(ci.movie_id = t.id)",
                    "Plans": [
                      {
                        "Node Type": "Bitmap Heap Scan",
                        "Parent Relationship": "Outer",
                        "Parallel Aware": true,
                        "Relation Name": "cast_info",
                        "Alias": "ci",
                        "Startup Cost": 27013.87,
                        "Total Cost": 290559.84,
                        "Plan Rows": 327482,
                        "Plan Width": 4,
                        "Actual Startup Time": 105.177,
                        "Actual Total Time": 140.244,
                        "Actual Rows": 175534,
                        "Actual Loops": 2,
                        "Recheck Cond": "(person_id < 126573)",
                        "Rows Removed by Index Recheck": 0,
                        "Filter": "(role_id > 2)",
                        "Rows Removed by Filter": 453685,
                        "Exact Heap Blocks": 7503,
                        "Lossy Heap Blocks": 0,
                        "Plans": [
                          {
                            "Node Type": "Bitmap Index Scan",
                            "Parent Relationship": "Outer",
                            "Parallel Aware": false,
                            "Index Name": "person_id_cast_info",
                            "Startup Cost": 0.0,
                            "Total Cost": 26874.69,
                            "Plan Rows": 1230683,
                            "Plan Width": 0,
                            "Actual Startup Time": 49.508,
                            "Actual Total Time": 49.509,
                            "Actual Rows": 1258439,
                            "Actual Loops": 1,
                            "Index Cond": "(person_id < 126573)"
                          }
                        ]
                      },
                      {
                        "Node Type": "Hash",
                        "Parent Relationship": "Inner",
                        "Parallel Aware": true,
                        "Startup Cost": 54588.39,
                        "Total Cost": 54588.39,
                        "Plan Rows": 1309782,
                        "Plan Width": 4,
                        "Actual Startup Time": 557.106,
                        "Actual Total Time": 557.107,
                        "Actual Rows": 1112284,
                        "Actual Loops": 2,
                        "Hash Buckets": 4194304,
                        "Original Hash Buckets": 4194304,
                        "Hash Batches": 1,
                        "Original Hash Batches": 1,
                        "Peak Memory Usage": 119808,
                        "Plans": [
                          {
                            "Node Type": "Seq Scan",
                            "Parent Relationship": "Outer",
                            "Parallel Aware": true,
                            "Relation Name": "title",
                            "Alias": "t",
                            "Startup Cost": 0.0,
                            "Total Cost": 54588.39,
                            "Plan Rows": 1309782,
                            "Plan Width": 4,
                            "Actual Startup Time": 0.03,
                            "Actual Total Time": 187.55,
                            "Actual Rows": 1112284,
                            "Actual Loops": 2,
                            "Filter": "(production_year < 2012)",
                            "Rows Removed by Filter": 151872
                          }
                        ]
                      }
                    ]
                  },
                  {
                    "Node Type": "Index Only Scan",
                    "Parent Relationship": "Inner",
                    "Parallel Aware": false,
                    "Scan Direction": "Forward",
                    "Index Name": "movie_id_movie_companies",
                    "Relation Name": "movie_companies",
                    "Alias": "mc",
                    "Startup Cost": 0.43,
                    "Total Cost": 0.57,
                    "Plan Rows": 5,
                    "Plan Width": 4,
                    "Actual Startup Time": 0.002,
                    "Actual Total Time": 0.003,
                    "Actual Rows": 2,
                    "Actual Loops": 313110,
                    "Index Cond": "(movie_id = t.id)",
                    "Rows Removed by Index Recheck": 0,
                    "Heap Fetches": 740173
                  }
                ]
              }
            ]
          }
        ]
      }
    ]
  },
  "Planning Time": 0.957,
  "Triggers": [],
  "Execution Time": 1390.076
}