[
  {
    "Plan": {
      "Node Type": "Aggregate",
      "Strategy": "Plain",
      "Partial Mode": "Finalize",
      "Parallel Aware": false,
      "Startup Cost": 400477.47,
      "Total Cost": 400477.48,
      "Plan Rows": 1,
      "Plan Width": 8,
      "Actual Startup Time": 2466.314,
      "Actual Total Time": 2490.765,
      "Actual Rows": 1,
      "Actual Loops": 1,
      "Plans": [
        {
          "Node Type": "Gather",
          "Parent Relationship": "Outer",
          "Parallel Aware": false,
          "Startup Cost": 400476.84,
          "Total Cost": 400477.45,
          "Plan Rows": 6,
          "Plan Width": 8,
          "Actual Startup Time": 2451.189,
          "Actual Total Time": 2490.757,
          "Actual Rows": 7,
          "Actual Loops": 1,
          "Workers Planned": 6,
          "Workers Launched": 6,
          "Single Copy": false,
          "Plans": [
            {
              "Node Type": "Aggregate",
              "Strategy": "Plain",
              "Partial Mode": "Partial",
              "Parent Relationship": "Outer",
              "Parallel Aware": false,
              "Startup Cost": 399476.84,
              "Total Cost": 399476.85,
              "Plan Rows": 1,
              "Plan Width": 8,
              "Actual Startup Time": 2440.389,
              "Actual Total Time": 2440.392,
              "Actual Rows": 1,
              "Actual Loops": 7,
              "Plans": [
                {
                  "Node Type": "Hash Join",
                  "Parent Relationship": "Outer",
                  "Parallel Aware": true,
                  "Join Type": "Inner",
                  "Startup Cost": 49115.06,
                  "Total Cost": 390927.04,
                  "Plan Rows": 3419920,
                  "Plan Width": 0,
                  "Actual Startup Time": 188.574,
                  "Actual Total Time": 2276.974,
                  "Actual Rows": 3099871,
                  "Actual Loops": 7,
                  "Inner Unique": true,
                  "Hash Cond": "(ci.movie_id = t.id)",
                  "Plans": [
                    {
                      "Node Type": "Seq Scan",
                      "Parent Relationship": "Outer",
                      "Parallel Aware": true,
                      "Relation Name": "cast_info",
                      "Alias": "ci",
                      "Startup Cost": 0.0,
                      "Total Cost": 328213.62,
                      "Plan Rows": 5180323,
                      "Plan Width": 4,
                      "Actual Startup Time": 0.025,
                      "Actual Total Time": 625.024,
                      "Actual Rows": 4443108,
                      "Actual Loops": 7,
                      "Filter": "(person_id < 3152371)",
                      "Rows Removed by Filter": 734655
                    },
                    {
                      "Node Type": "Hash",
                      "Parent Relationship": "Inner",
                      "Parallel Aware": true,
                      "Startup Cost": 43899.01,
                      "Total Cost": 43899.01,
                      "Plan Rows": 417284,
                      "Plan Width": 4,
                      "Actual Startup Time": 184.284,
                      "Actual Total Time": 184.284,
                      "Actual Rows": 239077,
                      "Actual Loops": 7,
                      "Hash Buckets": 2097152,
                      "Original Hash Buckets": 2097152,
                      "Hash Batches": 1,
                      "Original Hash Batches": 1,
                      "Peak Memory Usage": 81984,
                      "Plans": [
                        {
                          "Node Type": "Seq Scan",
                          "Parent Relationship": "Outer",
                          "Parallel Aware": true,
                          "Relation Name": "title",
                          "Alias": "t",
                          "Startup Cost": 0.0,
                          "Total Cost": 43899.01,
                          "Plan Rows": 417284,
                          "Plan Width": 4,
                          "Actual Startup Time": 0.04,
                          "Actual Total Time": 77.939,
                          "Actual Rows": 239077,
                          "Actual Loops": 7,
                          "Filter": "(production_year > 1993)",
                          "Rows Removed by Filter": 122110
                        }
                      ]
                    }
                  ]
                }
              ]
            }
          ]
        }
      ]
    },
    "Planning Time": 0.305,
    "Triggers": [],
    "Execution Time": 2490.81
  }
]