[
  {
    "Plan": {
      "Node Type": "Aggregate",
      "Strategy": "Plain",
      "Partial Mode": "Finalize",
      "Parallel Aware": false,
      "Startup Cost": 47005.58,
      "Total Cost": 47005.59,
      "Plan Rows": 1,
      "Plan Width": 8,
      "Actual Startup Time": 114.771,
      "Actual Total Time": 126.926,
      "Actual Rows": 1,
      "Actual Loops": 1,
      "Plans": [
        {
          "Node Type": "Gather",
          "Parent Relationship": "Outer",
          "Parallel Aware": false,
          "Startup Cost": 47005.16,
          "Total Cost": 47005.57,
          "Plan Rows": 4,
          "Plan Width": 8,
          "Actual Startup Time": 114.522,
          "Actual Total Time": 126.918,
          "Actual Rows": 5,
          "Actual Loops": 1,
          "Workers Planned": 4,
          "Workers Launched": 4,
          "Single Copy": false,
          "Plans": [
            {
              "Node Type": "Aggregate",
              "Strategy": "Plain",
              "Partial Mode": "Partial",
              "Parent Relationship": "Outer",
              "Parallel Aware": false,
              "Startup Cost": 46005.16,
              "Total Cost": 46005.17,
              "Plan Rows": 1,
              "Plan Width": 8,
              "Actual Startup Time": 106.161,
              "Actual Total Time": 106.162,
              "Actual Rows": 1,
              "Actual Loops": 5,
              "Plans": [
                {
                  "Node Type": "Seq Scan",
                  "Parent Relationship": "Outer",
                  "Parallel Aware": true,
                  "Relation Name": "title",
                  "Alias": "t",
                  "Startup Cost": 0.0,
                  "Total Cost": 45479.1,
                  "Plan Rows": 210426,
                  "Plan Width": 0,
                  "Actual Startup Time": 0.039,
                  "Actual Total Time": 94.648,
                  "Actual Rows": 184602,
                  "Actual Loops": 5,
                  "Filter": "((kind_id > 3) AND (production_year > 2002))",
                  "Rows Removed by Filter": 321061
                }
              ]
            }
          ]
        }
      ]
    },
    "Planning Time": 0.184,
    "Triggers": [],
    "Execution Time": 126.986
  }
]