[
  {
    "Plan": {
      "Node Type": "Aggregate",
      "Strategy": "Plain",
      "Partial Mode": "Finalize",
      "Parallel Aware": false,
      "Startup Cost": 45703.22,
      "Total Cost": 45703.23,
      "Plan Rows": 1,
      "Plan Width": 8,
      "Actual Startup Time": 143.871,
      "Actual Total Time": 151.522,
      "Actual Rows": 1,
      "Actual Loops": 1,
      "Plans": [
        {
          "Node Type": "Gather",
          "Parent Relationship": "Outer",
          "Parallel Aware": false,
          "Startup Cost": 45702.9,
          "Total Cost": 45703.21,
          "Plan Rows": 3,
          "Plan Width": 8,
          "Actual Startup Time": 143.773,
          "Actual Total Time": 151.515,
          "Actual Rows": 4,
          "Actual Loops": 1,
          "Workers Planned": 3,
          "Workers Launched": 3,
          "Single Copy": false,
          "Plans": [
            {
              "Node Type": "Aggregate",
              "Strategy": "Plain",
              "Partial Mode": "Partial",
              "Parent Relationship": "Outer",
              "Parallel Aware": false,
              "Startup Cost": 44702.9,
              "Total Cost": 44702.91,
              "Plan Rows": 1,
              "Plan Width": 8,
              "Actual Startup Time": 140.499,
              "Actual Total Time": 140.5,
              "Actual Rows": 1,
              "Actual Loops": 4,
              "Plans": [
                {
                  "Node Type": "Seq Scan",
                  "Parent Relationship": "Outer",
                  "Parallel Aware": true,
                  "Relation Name": "movie_keyword",
                  "Alias": "mk",
                  "Startup Cost": 0.0,
                  "Total Cost": 42695.65,
                  "Plan Rows": 802900,
                  "Plan Width": 0,
                  "Actual Startup Time": 0.023,
                  "Actual Total Time": 111.76,
                  "Actual Rows": 626246,
                  "Actual Loops": 4,
                  "Filter": "(keyword_id < 6141)",
                  "Rows Removed by Filter": 504737
                }
              ]
            }
          ]
        }
      ]
    },
    "Planning Time": 0.054,
    "Triggers": [],
    "Execution Time": 151.553
  }
]