[
  {
    "Plan": {
      "Node Type": "Aggregate",
      "Strategy": "Plain",
      "Partial Mode": "Finalize",
      "Parallel Aware": false,
      "Startup Cost": 45713.1,
      "Total Cost": 45713.11,
      "Plan Rows": 1,
      "Plan Width": 8,
      "Actual Startup Time": 157.798,
      "Actual Total Time": 168.283,
      "Actual Rows": 1,
      "Actual Loops": 1,
      "Plans": [
        {
          "Node Type": "Gather",
          "Parent Relationship": "Outer",
          "Parallel Aware": false,
          "Startup Cost": 45712.78,
          "Total Cost": 45713.09,
          "Plan Rows": 3,
          "Plan Width": 8,
          "Actual Startup Time": 157.673,
          "Actual Total Time": 168.273,
          "Actual Rows": 4,
          "Actual Loops": 1,
          "Workers Planned": 3,
          "Workers Launched": 3,
          "Single Copy": false,
          "Plans": [
            {
              "Node Type": "Aggregate",
              "Strategy": "Plain",
              "Partial Mode": "Partial",
              "Parent Relationship": "Outer",
              "Parallel Aware": false,
              "Startup Cost": 44712.78,
              "Total Cost": 44712.79,
              "Plan Rows": 1,
              "Plan Width": 8,
              "Actual Startup Time": 148.953,
              "Actual Total Time": 148.954,
              "Actual Rows": 1,
              "Actual Loops": 4,
              "Plans": [
                {
                  "Node Type": "Seq Scan",
                  "Parent Relationship": "Outer",
                  "Parallel Aware": true,
                  "Relation Name": "movie_keyword",
                  "Alias": "mk",
                  "Startup Cost": 0.0,
                  "Total Cost": 42695.65,
                  "Plan Rows": 806850,
                  "Plan Width": 0,
                  "Actual Startup Time": 0.062,
                  "Actual Total Time": 119.432,
                  "Actual Rows": 626246,
                  "Actual Loops": 4,
                  "Filter": "(keyword_id < 6141)",
                  "Rows Removed by Filter": 504737
                }
              ]
            }
          ]
        }
      ]
    },
    "Planning Time": 0.187,
    "Triggers": [],
    "Execution Time": 168.349
  }
]