[
  {
    "Plan": {
      "Node Type": "Aggregate",
      "Strategy": "Plain",
      "Partial Mode": "Finalize",
      "Parallel Aware": false,
      "Startup Cost": 45483.79,
      "Total Cost": 45483.8,
      "Plan Rows": 1,
      "Plan Width": 8,
      "Actual Startup Time": 145.652,
      "Actual Total Time": 155.151,
      "Actual Rows": 1,
      "Actual Loops": 1,
      "Plans": [
        {
          "Node Type": "Gather",
          "Parent Relationship": "Outer",
          "Parallel Aware": false,
          "Startup Cost": 45483.47,
          "Total Cost": 45483.78,
          "Plan Rows": 3,
          "Plan Width": 8,
          "Actual Startup Time": 145.515,
          "Actual Total Time": 155.141,
          "Actual Rows": 4,
          "Actual Loops": 1,
          "Workers Planned": 3,
          "Workers Launched": 3,
          "Single Copy": false,
          "Plans": [
            {
              "Node Type": "Aggregate",
              "Strategy": "Plain",
              "Partial Mode": "Partial",
              "Parent Relationship": "Outer",
              "Parallel Aware": false,
              "Startup Cost": 44483.47,
              "Total Cost": 44483.48,
              "Plan Rows": 1,
              "Plan Width": 8,
              "Actual Startup Time": 138.027,
              "Actual Total Time": 138.028,
              "Actual Rows": 1,
              "Actual Loops": 4,
              "Plans": [
                {
                  "Node Type": "Seq Scan",
                  "Parent Relationship": "Outer",
                  "Parallel Aware": true,
                  "Relation Name": "movie_keyword",
                  "Alias": "mk",
                  "Startup Cost": 0.0,
                  "Total Cost": 42695.65,
                  "Plan Rows": 715127,
                  "Plan Width": 0,
                  "Actual Startup Time": 0.07,
                  "Actual Total Time": 112.129,
                  "Actual Rows": 558316,
                  "Actual Loops": 4,
                  "Filter": "(keyword_id < 4597)",
                  "Rows Removed by Filter": 572666
                }
              ]
            }
          ]
        }
      ]
    },
    "Planning Time": 0.197,
    "Triggers": [],
    "Execution Time": 155.208
  }
]