{
  "Plan": {
    "Node Type": "Aggregate",
    "Strategy": "Plain",
    "Partial Mode": "Finalize",
    "Parallel Aware": false,
    "Startup Cost": 412798.28,
    "Total Cost": 412798.29,
    "Plan Rows": 1,
    "Plan Width": 8,
    "Actual Startup Time": 3018.317,
    "Actual Total Time": 3072.488,
    "Actual Rows": 1,
    "Actual Loops": 1,
    "Plans": [
      {
        "Node Type": "Gather",
        "Parent Relationship": "Outer",
        "Parallel Aware": false,
        "Startup Cost": 412798.17,
        "Total Cost": 412798.28,
        "Plan Rows": 1,
        "Plan Width": 8,
        "Actual Startup Time": 3016.595,
        "Actual Total Time": 3072.478,
        "Actual Rows": 2,
        "Actual Loops": 1,
        "Workers Planned": 1,
        "Workers Launched": 1,
        "Single Copy": false,
        "Plans": [
          {
            "Node Type": "Aggregate",
            "Strategy": "Plain",
            "Partial Mode": "Partial",
            "Parent Relationship": "Outer",
            "Parallel Aware": false,
            "Startup Cost": 411798.17,
            "Total Cost": 411798.18,
            "Plan Rows": 1,
            "Plan Width": 8,
            "Actual Startup Time": 3010.694,
            "Actual Total Time": 3011.105,
            "Actual Rows": 1,
            "Actual Loops": 2,
            "Plans": [
              {
                "Node Type": "Hash Join",
                "Parent Relationship": "Outer",
                "Parallel Aware": true,
                "Join Type": "Inner",
                "Startup Cost": 120939.36,
                "Total Cost": 409026.86,
                "Plan Rows": 1108526,
                "Plan Width": 0,
                "Actual Startup Time": 559.143,
                "Actual Total Time": 2673.283,
                "Actual Rows": 8709608,
                "Actual Loops": 2,
                "Inner Unique": false,
                "Hash Cond": "(mi.movie_id = t.id)",
                "Plans": [
                  {
                    "Node Type": "Seq Scan",
                    "Parent Relationship": "Outer",
                    "Parallel Aware": true,
                    "Relation Name": "movie_info",
                    "Alias": "mi",
                    "Startup Cost": 0.0,
                    "Total Cost": 248955.74,
                    "Plan Rows": 8696274,
                    "Plan Width": 4,
                    "Actual Startup Time": 0.014,
                    "Actual Total Time": 632.33,
                    "Actual Rows": 7417860,
                    "Actual Loops": 2
                  },
                  {
                    "Node Type": "Hash",
                    "Parent Relationship": "Inner",
                    "Parallel Aware": true,
                    "Startup Cost": 118569.63,
                    "Total Cost": 118569.63,
                    "Plan Rows": 189579,
                    "Plan Width": 8,
                    "Actual Startup Time": 552.323,
                    "Actual Total Time": 552.733,
                    "Actual Rows": 243014,
                    "Actual Loops": 2,
                    "Hash Buckets": 524288,
                    "Original Hash Buckets": 524288,
                    "Hash Batches": 1,
                    "Original Hash Batches": 1,
                    "Peak Memory Usage": 23136,
                    "Plans": [
                      {
                        "Node Type": "Hash Join",
                        "Parent Relationship": "Outer",
                        "Parallel Aware": true,
                        "Join Type": "Inner",
                        "Startup Cost": 56974.94,
                        "Total Cost": 118569.63,
                        "Plan Rows": 189579,
                        "Plan Width": 8,
                        "Actual Startup Time": 188.206,
                        "Actual Total Time": 509.675,
                        "Actual Rows": 243014,
                        "Actual Loops": 2,
                        "Inner Unique": true,
                        "Hash Cond": "(mk.movie_id = t.id)",
                        "Plans": [
                          {
                            "Node Type": "Seq Scan",
                            "Parent Relationship": "Outer",
                            "Parallel Aware": true,
                            "Relation Name": "movie_keyword",
                            "Alias": "mk",
                            "Startup Cost": 0.0,
                            "Total Cost": 57718.19,
                            "Plan Rows": 1476756,
                            "Plan Width": 4,
                            "Actual Startup Time": 0.015,
                            "Actual Total Time": 185.036,
                            "Actual Rows": 1255525,
                            "Actual Loops": 2,
                            "Filter": "(keyword_id < 6198)",
                            "Rows Removed by Filter": 1006440
                          },
                          {
                            "Node Type": "Hash",
                            "Parent Relationship": "Inner",
                            "Parallel Aware": true,
                            "Startup Cost": 54588.39,
                            "Total Cost": 54588.39,
                            "Plan Rows": 190924,
                            "Plan Width": 4,
                            "Actual Startup Time": 184.669,
                            "Actual Total Time": 184.671,
                            "Actual Rows": 168923,
                            "Actual Loops": 2,
                            "Hash Buckets": 524288,
                            "Original Hash Buckets": 524288,
                            "Hash Batches": 1,
                            "Original Hash Batches": 1,
                            "Peak Memory Usage": 17344,
                            "Plans": [
                              {
                                "Node Type": "Seq Scan",
                                "Parent Relationship": "Outer",
                                "Parallel Aware": true,
                                "Relation Name": "title",
                                "Alias": "t",
                                "Startup Cost": 0.0,
                                "Total Cost": 54588.39,
                                "Plan Rows": 190924,
                                "Plan Width": 4,
                                "Actual Startup Time": 0.034,
                                "Actual Total Time": 138.365,
                                "Actual Rows": 168923,
                                "Actual Loops": 2,
                                "Filter": "(production_year < 1968)",
                                "Rows Removed by Filter": 1095233
                              }
                            ]
                          }
                        ]
                      }
                    ]
                  }
                ]
              }
            ]
          }
        ]
      }
    ]
  },
  "Planning Time": 0.932,
  "Triggers": [],
  "Execution Time": 3072.58
}