{
  "Plan": {
    "Node Type": "Aggregate",
    "Strategy": "Plain",
    "Partial Mode": "Finalize",
    "Parallel Aware": false,
    "Startup Cost": 163570.79,
    "Total Cost": 163570.8,
    "Plan Rows": 1,
    "Plan Width": 8,
    "Actual Startup Time": 190.408,
    "Actual Total Time": 215.021,
    "Actual Rows": 1,
    "Actual Loops": 1,
    "Plans": [
      {
        "Node Type": "Gather",
        "Parent Relationship": "Outer",
        "Parallel Aware": false,
        "Startup Cost": 163570.68,
        "Total Cost": 163570.79,
        "Plan Rows": 1,
        "Plan Width": 8,
        "Actual Startup Time": 190.168,
        "Actual Total Time": 215.014,
        "Actual Rows": 2,
        "Actual Loops": 1,
        "Workers Planned": 1,
        "Workers Launched": 1,
        "Single Copy": false,
        "Plans": [
          {
            "Node Type": "Aggregate",
            "Strategy": "Plain",
            "Partial Mode": "Partial",
            "Parent Relationship": "Outer",
            "Parallel Aware": false,
            "Startup Cost": 162570.68,
            "Total Cost": 162570.69,
            "Plan Rows": 1,
            "Plan Width": 8,
            "Actual Startup Time": 184.176,
            "Actual Total Time": 184.177,
            "Actual Rows": 1,
            "Actual Loops": 2,
            "Plans": [
              {
                "Node Type": "Nested Loop",
                "Parent Relationship": "Outer",
                "Parallel Aware": false,
                "Join Type": "Inner",
                "Startup Cost": 0.56,
                "Total Cost": 162558.82,
                "Plan Rows": 4743,
                "Plan Width": 0,
                "Actual Startup Time": 93.325,
                "Actual Total Time": 183.76,
                "Actual Rows": 5453,
                "Actual Loops": 2,
                "Inner Unique": false,
                "Plans": [
                  {
                    "Node Type": "Seq Scan",
                    "Parent Relationship": "Outer",
                    "Parallel Aware": true,
                    "Relation Name": "title",
                    "Alias": "t",
                    "Startup Cost": 0.0,
                    "Total Cost": 58306.47,
                    "Plan Rows": 739,
                    "Plan Width": 4,
                    "Actual Startup Time": 93.185,
                    "Actual Total Time": 135.842,
                    "Actual Rows": 2006,
                    "Actual Loops": 2,
                    "Filter": "((kind_id < 7) AND (production_year = 1920))",
                    "Rows Removed by Filter": 1262150
                  },
                  {
                    "Node Type": "Index Scan",
                    "Parent Relationship": "Inner",
                    "Parallel Aware": false,
                    "Scan Direction": "Forward",
                    "Index Name": "movie_id_cast_info",
                    "Relation Name": "cast_info",
                    "Alias": "ci",
                    "Startup Cost": 0.56,
                    "Total Cost": 140.91,
                    "Plan Rows": 16,
                    "Plan Width": 4,
                    "Actual Startup Time": 0.016,
                    "Actual Total Time": 0.023,
                    "Actual Rows": 3,
                    "Actual Loops": 4012,
                    "Index Cond": "(movie_id = t.id)",
                    "Rows Removed by Index Recheck": 0,
                    "Filter": "((person_id < 2558606) AND (role_id > 1))",
                    "Rows Removed by Filter": 5
                  }
                ]
              }
            ]
          }
        ]
      }
    ]
  },
  "Planning Time": 0.507,
  "Triggers": [],
  "Execution Time": 215.097
}