[
  {
    "Plan": {
      "Node Type": "Aggregate",
      "Strategy": "Plain",
      "Partial Mode": "Finalize",
      "Parallel Aware": false,
      "Startup Cost": 429439.83,
      "Total Cost": 429439.84,
      "Plan Rows": 1,
      "Plan Width": 8,
      "Actual Startup Time": 3217.619,
      "Actual Total Time": 3281.354,
      "Actual Rows": 1,
      "Actual Loops": 1,
      "Plans": [
        {
          "Node Type": "Gather",
          "Parent Relationship": "Outer",
          "Parallel Aware": false,
          "Startup Cost": 429439.2,
          "Total Cost": 429439.81,
          "Plan Rows": 6,
          "Plan Width": 8,
          "Actual Startup Time": 3201.655,
          "Actual Total Time": 3281.34,
          "Actual Rows": 7,
          "Actual Loops": 1,
          "Workers Planned": 6,
          "Workers Launched": 6,
          "Single Copy": false,
          "Plans": [
            {
              "Node Type": "Aggregate",
              "Strategy": "Plain",
              "Partial Mode": "Partial",
              "Parent Relationship": "Outer",
              "Parallel Aware": false,
              "Startup Cost": 428439.2,
              "Total Cost": 428439.21,
              "Plan Rows": 1,
              "Plan Width": 8,
              "Actual Startup Time": 3190.521,
              "Actual Total Time": 3190.82,
              "Actual Rows": 1,
              "Actual Loops": 7,
              "Plans": [
                {
                  "Node Type": "Hash Join",
                  "Parent Relationship": "Outer",
                  "Parallel Aware": true,
                  "Join Type": "Inner",
                  "Startup Cost": 83229.72,
                  "Total Cost": 423689.22,
                  "Plan Rows": 1899992,
                  "Plan Width": 0,
                  "Actual Startup Time": 454.513,
                  "Actual Total Time": 2899.183,
                  "Actual Rows": 6002248,
                  "Actual Loops": 7,
                  "Inner Unique": false,
                  "Hash Cond": "(ci.movie_id = t.id)",
                  "Plans": [
                    {
                      "Node Type": "Seq Scan",
                      "Parent Relationship": "Outer",
                      "Parallel Aware": true,
                      "Relation Name": "cast_info",
                      "Alias": "ci",
                      "Startup Cost": 0.0,
                      "Total Cost": 313067.02,
                      "Plan Rows": 6038002,
                      "Plan Width": 4,
                      "Actual Startup Time": 0.024,
                      "Actual Total Time": 579.97,
                      "Actual Rows": 5177763,
                      "Actual Loops": 7
                    },
                    {
                      "Node Type": "Hash",
                      "Parent Relationship": "Inner",
                      "Parallel Aware": true,
                      "Startup Cost": 80743.52,
                      "Total Cost": 80743.52,
                      "Plan Rows": 198896,
                      "Plan Width": 8,
                      "Actual Startup Time": 449.68,
                      "Actual Total Time": 449.978,
                      "Actual Rows": 155672,
                      "Actual Loops": 7,
                      "Hash Buckets": 2097152,
                      "Original Hash Buckets": 1048576,
                      "Hash Batches": 1,
                      "Original Hash Batches": 1,
                      "Peak Memory Usage": 67328,
                      "Plans": [
                        {
                          "Node Type": "Hash Join",
                          "Parent Relationship": "Outer",
                          "Parallel Aware": true,
                          "Join Type": "Inner",
                          "Startup Cost": 34622.82,
                          "Total Cost": 80743.52,
                          "Plan Rows": 198896,
                          "Plan Width": 8,
                          "Actual Startup Time": 169.535,
                          "Actual Total Time": 361.829,
                          "Actual Rows": 155672,
                          "Actual Loops": 7,
                          "Inner Unique": false,
                          "Hash Cond": "(t.id = mc.movie_id)",
                          "Plans": [
                            {
                              "Node Type": "Seq Scan",
                              "Parent Relationship": "Outer",
                              "Parallel Aware": true,
                              "Relation Name": "title",
                              "Alias": "t",
                              "Startup Cost": 0.0,
                              "Total Cost": 42318.73,
                              "Plan Rows": 632073,
                              "Plan Width": 4,
                              "Actual Startup Time": 0.017,
                              "Actual Total Time": 61.983,
                              "Actual Rows": 361187,
                              "Actual Loops": 7
                            },
                            {
                              "Node Type": "Hash",
                              "Parent Relationship": "Inner",
                              "Parallel Aware": true,
                              "Startup Cost": 31414.82,
                              "Total Cost": 31414.82,
                              "Plan Rows": 256640,
                              "Plan Width": 4,
                              "Actual Startup Time": 167.968,
                              "Actual Total Time": 167.969,
                              "Actual Rows": 155672,
                              "Actual Loops": 7,
                              "Hash Buckets": 2097152,
                              "Original Hash Buckets": 1048576,
                              "Hash Batches": 1,
                              "Original Hash Batches": 1,
                              "Peak Memory Usage": 67264,
                              "Plans": [
                                {
                                  "Node Type": "Seq Scan",
                                  "Parent Relationship": "Outer",
                                  "Parallel Aware": true,
                                  "Relation Name": "movie_companies",
                                  "Alias": "mc",
                                  "Startup Cost": 0.0,
                                  "Total Cost": 31414.82,
                                  "Plan Rows": 256640,
                                  "Plan Width": 4,
                                  "Actual Startup Time": 0.052,
                                  "Actual Total Time": 67.17,
                                  "Actual Rows": 155672,
                                  "Actual Loops": 7,
                                  "Filter": "((company_id < 16522) AND (company_type_id < 2))",
                                  "Rows Removed by Filter": 217061
                                }
                              ]
                            }
                          ]
                        }
                      ]
                    }
                  ]
                }
              ]
            }
          ]
        }
      ]
    },
    "Planning Time": 1.45,
    "Triggers": [],
    "Execution Time": 3281.452
  }
]