{
  "Plan": {
    "Node Type": "Aggregate",
    "Strategy": "Plain",
    "Partial Mode": "Finalize",
    "Parallel Aware": false,
    "Startup Cost": 572297.39,
    "Total Cost": 572297.4,
    "Plan Rows": 1,
    "Plan Width": 8,
    "Actual Startup Time": 1305.359,
    "Actual Total Time": 1332.027,
    "Actual Rows": 1,
    "Actual Loops": 1,
    "Plans": [
      {
        "Node Type": "Gather",
        "Parent Relationship": "Outer",
        "Parallel Aware": false,
        "Startup Cost": 572297.28,
        "Total Cost": 572297.39,
        "Plan Rows": 1,
        "Plan Width": 8,
        "Actual Startup Time": 1304.932,
        "Actual Total Time": 1332.018,
        "Actual Rows": 2,
        "Actual Loops": 1,
        "Workers Planned": 1,
        "Workers Launched": 1,
        "Single Copy": false,
        "Plans": [
          {
            "Node Type": "Aggregate",
            "Strategy": "Plain",
            "Partial Mode": "Partial",
            "Parent Relationship": "Outer",
            "Parallel Aware": false,
            "Startup Cost": 571297.28,
            "Total Cost": 571297.29,
            "Plan Rows": 1,
            "Plan Width": 8,
            "Actual Startup Time": 1298.947,
            "Actual Total Time": 1298.951,
            "Actual Rows": 1,
            "Actual Loops": 2,
            "Plans": [
              {
                "Node Type": "Hash Join",
                "Parent Relationship": "Outer",
                "Parallel Aware": true,
                "Join Type": "Inner",
                "Startup Cost": 243833.52,
                "Total Cost": 571192.73,
                "Plan Rows": 41817,
                "Plan Width": 0,
                "Actual Startup Time": 496.416,
                "Actual Total Time": 1296.938,
                "Actual Rows": 31130,
                "Actual Loops": 2,
                "Inner Unique": true,
                "Hash Cond": "(ci.movie_id = t.id)",
                "Plans": [
                  {
                    "Node Type": "Bitmap Heap Scan",
                    "Parent Relationship": "Outer",
                    "Parallel Aware": true,
                    "Relation Name": "cast_info",
                    "Alias": "ci",
                    "Startup Cost": 185369.59,
                    "Total Cost": 499769.15,
                    "Plan Rows": 4937004,
                    "Plan Width": 4,
                    "Actual Startup Time": 357.384,
                    "Actual Total Time": 786.911,
                    "Actual Rows": 4265298,
                    "Actual Loops": 2,
                    "Recheck Cond": "(person_id < 838171)",
                    "Rows Removed by Index Recheck": 0,
                    "Exact Heap Blocks": 49014,
                    "Lossy Heap Blocks": 0,
                    "Plans": [
                      {
                        "Node Type": "Bitmap Index Scan",
                        "Parent Relationship": "Outer",
                        "Parallel Aware": false,
                        "Index Name": "person_id_cast_info",
                        "Startup Cost": 0.0,
                        "Total Cost": 183271.37,
                        "Plan Rows": 8392907,
                        "Plan Width": 0,
                        "Actual Startup Time": 341.66,
                        "Actual Total Time": 341.66,
                        "Actual Rows": 8530596,
                        "Actual Loops": 1,
                        "Index Cond": "(person_id < 838171)"
                      }
                    ]
                  },
                  {
                    "Node Type": "Hash",
                    "Parent Relationship": "Inner",
                    "Parallel Aware": true,
                    "Startup Cost": 58306.47,
                    "Total Cost": 58306.47,
                    "Plan Rows": 12597,
                    "Plan Width": 4,
                    "Actual Startup Time": 137.647,
                    "Actual Total Time": 137.648,
                    "Actual Rows": 7896,
                    "Actual Loops": 2,
                    "Hash Buckets": 32768,
                    "Original Hash Buckets": 32768,
                    "Hash Batches": 1,
                    "Original Hash Batches": 1,
                    "Peak Memory Usage": 896,
                    "Plans": [
                      {
                        "Node Type": "Seq Scan",
                        "Parent Relationship": "Outer",
                        "Parallel Aware": true,
                        "Relation Name": "title",
                        "Alias": "t",
                        "Startup Cost": 0.0,
                        "Total Cost": 58306.47,
                        "Plan Rows": 12597,
                        "Plan Width": 4,
                        "Actual Startup Time": 0.26,
                        "Actual Total Time": 135.089,
                        "Actual Rows": 7896,
                        "Actual Loops": 2,
                        "Filter": "((kind_id < 7) AND (production_year = 1999))",
                        "Rows Removed by Filter": 1256260
                      }
                    ]
                  }
                ]
              }
            ]
          }
        ]
      }
    ]
  },
  "Planning Time": 0.488,
  "Triggers": [],
  "Execution Time": 1332.132
}