[
  {
    "Plan": {
      "Node Type": "Aggregate",
      "Strategy": "Plain",
      "Partial Mode": "Finalize",
      "Parallel Aware": false,
      "Startup Cost": 223881.11,
      "Total Cost": 223881.12,
      "Plan Rows": 1,
      "Plan Width": 8,
      "Actual Startup Time": 155.702,
      "Actual Total Time": 179.464,
      "Actual Rows": 1,
      "Actual Loops": 1,
      "Plans": [
        {
          "Node Type": "Gather",
          "Parent Relationship": "Outer",
          "Parallel Aware": false,
          "Startup Cost": 223880.69,
          "Total Cost": 223881.1,
          "Plan Rows": 4,
          "Plan Width": 8,
          "Actual Startup Time": 155.56,
          "Actual Total Time": 179.455,
          "Actual Rows": 5,
          "Actual Loops": 1,
          "Workers Planned": 4,
          "Workers Launched": 4,
          "Single Copy": false,
          "Plans": [
            {
              "Node Type": "Aggregate",
              "Strategy": "Plain",
              "Partial Mode": "Partial",
              "Parent Relationship": "Outer",
              "Parallel Aware": false,
              "Startup Cost": 222880.69,
              "Total Cost": 222880.7,
              "Plan Rows": 1,
              "Plan Width": 8,
              "Actual Startup Time": 145.674,
              "Actual Total Time": 145.675,
              "Actual Rows": 1,
              "Actual Loops": 5,
              "Plans": [
                {
                  "Node Type": "Nested Loop",
                  "Parent Relationship": "Outer",
                  "Parallel Aware": false,
                  "Join Type": "Inner",
                  "Startup Cost": 0.43,
                  "Total Cost": 222830.6,
                  "Plan Rows": 20037,
                  "Plan Width": 0,
                  "Actual Startup Time": 59.151,
                  "Actual Total Time": 143.841,
                  "Actual Rows": 29111,
                  "Actual Loops": 5,
                  "Inner Unique": false,
                  "Plans": [
                    {
                      "Node Type": "Seq Scan",
                      "Parent Relationship": "Outer",
                      "Parallel Aware": true,
                      "Relation Name": "title",
                      "Alias": "t",
                      "Startup Cost": 0.0,
                      "Total Cost": 45479.1,
                      "Plan Rows": 3427,
                      "Plan Width": 4,
                      "Actual Startup Time": 59.058,
                      "Actual Total Time": 82.832,
                      "Actual Rows": 1748,
                      "Actual Loops": 5,
                      "Filter": "((kind_id = 1) AND (production_year = 2001))",
                      "Rows Removed by Filter": 503914
                    },
                    {
                      "Node Type": "Index Only Scan",
                      "Parent Relationship": "Inner",
                      "Parallel Aware": false,
                      "Scan Direction": "Forward",
                      "Index Name": "movie_id_movie_info",
                      "Relation Name": "movie_info",
                      "Alias": "mi",
                      "Startup Cost": 0.43,
                      "Total Cost": 51.33,
                      "Plan Rows": 42,
                      "Plan Width": 4,
                      "Actual Startup Time": 0.011,
                      "Actual Total Time": 0.033,
                      "Actual Rows": 17,
                      "Actual Loops": 8740,
                      "Index Cond": "(movie_id = t.id)",
                      "Rows Removed by Index Recheck": 0,
                      "Heap Fetches": 145557
                    }
                  ]
                }
              ]
            }
          ]
        }
      ]
    },
    "Planning Time": 0.639,
    "Triggers": [],
    "Execution Time": 179.546
  }
]