[
  {
    "Plan": {
      "Node Type": "Aggregate",
      "Strategy": "Plain",
      "Partial Mode": "Finalize",
      "Parallel Aware": false,
      "Startup Cost": 283079.89,
      "Total Cost": 283079.9,
      "Plan Rows": 1,
      "Plan Width": 8,
      "Actual Startup Time": 605.969,
      "Actual Total Time": 630.959,
      "Actual Rows": 1,
      "Actual Loops": 1,
      "Plans": [
        {
          "Node Type": "Gather",
          "Parent Relationship": "Outer",
          "Parallel Aware": false,
          "Startup Cost": 283079.26,
          "Total Cost": 283079.87,
          "Plan Rows": 6,
          "Plan Width": 8,
          "Actual Startup Time": 596.516,
          "Actual Total Time": 630.947,
          "Actual Rows": 7,
          "Actual Loops": 1,
          "Workers Planned": 6,
          "Workers Launched": 6,
          "Single Copy": false,
          "Plans": [
            {
              "Node Type": "Aggregate",
              "Strategy": "Plain",
              "Partial Mode": "Partial",
              "Parent Relationship": "Outer",
              "Parallel Aware": false,
              "Startup Cost": 282079.26,
              "Total Cost": 282079.27,
              "Plan Rows": 1,
              "Plan Width": 8,
              "Actual Startup Time": 586.222,
              "Actual Total Time": 586.442,
              "Actual Rows": 1,
              "Actual Loops": 7,
              "Plans": [
                {
                  "Node Type": "Hash Join",
                  "Parent Relationship": "Outer",
                  "Parallel Aware": true,
                  "Join Type": "Inner",
                  "Startup Cost": 81874.88,
                  "Total Cost": 281790.67,
                  "Plan Rows": 115435,
                  "Plan Width": 0,
                  "Actual Startup Time": 364.15,
                  "Actual Total Time": 586.41,
                  "Actual Rows": 274,
                  "Actual Loops": 7,
                  "Inner Unique": false,
                  "Hash Cond": "(ci.movie_id = t.id)",
                  "Plans": [
                    {
                      "Node Type": "Index Scan",
                      "Parent Relationship": "Outer",
                      "Parallel Aware": true,
                      "Scan Direction": "Forward",
                      "Index Name": "role_id_cast_info",
                      "Relation Name": "cast_info",
                      "Alias": "ci",
                      "Startup Cost": 0.56,
                      "Total Cost": 197877.72,
                      "Plan Rows": 466678,
                      "Plan Width": 4,
                      "Actual Startup Time": 3.148,
                      "Actual Total Time": 226.264,
                      "Actual Rows": 376,
                      "Actual Loops": 7,
                      "Index Cond": "(role_id = 2)",
                      "Rows Removed by Index Recheck": 0,
                      "Filter": "(person_id < 1359276)",
                      "Rows Removed by Filter": 1064192
                    },
                    {
                      "Node Type": "Hash",
                      "Parent Relationship": "Inner",
                      "Parallel Aware": true,
                      "Startup Cost": 79919.98,
                      "Total Cost": 79919.98,
                      "Plan Rows": 156347,
                      "Plan Width": 8,
                      "Actual Startup Time": 354.983,
                      "Actual Total Time": 355.201,
                      "Actual Rows": 121915,
                      "Actual Loops": 7,
                      "Hash Buckets": 1048576,
                      "Original Hash Buckets": 1048576,
                      "Hash Batches": 1,
                      "Original Hash Batches": 1,
                      "Peak Memory Usage": 41696,
                      "Plans": [
                        {
                          "Node Type": "Hash Join",
                          "Parent Relationship": "Outer",
                          "Parallel Aware": true,
                          "Join Type": "Inner",
                          "Startup Cost": 33936.54,
                          "Total Cost": 79919.98,
                          "Plan Rows": 156347,
                          "Plan Width": 8,
                          "Actual Startup Time": 126.081,
                          "Actual Total Time": 303.746,
                          "Actual Rows": 121915,
                          "Actual Loops": 7,
                          "Inner Unique": false,
                          "Hash Cond": "(t.id = mc.movie_id)",
                          "Plans": [
                            {
                              "Node Type": "Seq Scan",
                              "Parent Relationship": "Outer",
                              "Parallel Aware": true,
                              "Relation Name": "title",
                              "Alias": "t",
                              "Startup Cost": 0.0,
                              "Total Cost": 42318.73,
                              "Plan Rows": 632073,
                              "Plan Width": 4,
                              "Actual Startup Time": 0.017,
                              "Actual Total Time": 59.5,
                              "Actual Rows": 361187,
                              "Actual Loops": 7
                            },
                            {
                              "Node Type": "Hash",
                              "Parent Relationship": "Inner",
                              "Parallel Aware": true,
                              "Startup Cost": 31414.82,
                              "Total Cost": 31414.82,
                              "Plan Rows": 201738,
                              "Plan Width": 4,
                              "Actual Startup Time": 124.346,
                              "Actual Total Time": 124.347,
                              "Actual Rows": 121915,
                              "Actual Loops": 7,
                              "Hash Buckets": 1048576,
                              "Original Hash Buckets": 1048576,
                              "Hash Batches": 1,
                              "Original Hash Batches": 1,
                              "Peak Memory Usage": 41728,
                              "Plans": [
                                {
                                  "Node Type": "Seq Scan",
                                  "Parent Relationship": "Outer",
                                  "Parallel Aware": true,
                                  "Relation Name": "movie_companies",
                                  "Alias": "mc",
                                  "Startup Cost": 0.0,
                                  "Total Cost": 31414.82,
                                  "Plan Rows": 201738,
                                  "Plan Width": 4,
                                  "Actual Startup Time": 0.052,
                                  "Actual Total Time": 61.819,
                                  "Actual Rows": 121915,
                                  "Actual Loops": 7,
                                  "Filter": "((company_id < 11203) AND (company_type_id = 1))",
                                  "Rows Removed by Filter": 250818
                                }
                              ]
                            }
                          ]
                        }
                      ]
                    }
                  ]
                }
              ]
            }
          ]
        }
      ]
    },
    "Planning Time": 1.381,
    "Triggers": [],
    "Execution Time": 631.056
  }
]