[
  {
    "Plan": {
      "Node Type": "Aggregate",
      "Strategy": "Plain",
      "Partial Mode": "Finalize",
      "Parallel Aware": false,
      "Startup Cost": 299701.56,
      "Total Cost": 299701.57,
      "Plan Rows": 1,
      "Plan Width": 8,
      "Actual Startup Time": 1125.123,
      "Actual Total Time": 1171.699,
      "Actual Rows": 1,
      "Actual Loops": 1,
      "Plans": [
        {
          "Node Type": "Gather",
          "Parent Relationship": "Outer",
          "Parallel Aware": false,
          "Startup Cost": 299701.04,
          "Total Cost": 299701.55,
          "Plan Rows": 5,
          "Plan Width": 8,
          "Actual Startup Time": 1117.515,
          "Actual Total Time": 1171.69,
          "Actual Rows": 6,
          "Actual Loops": 1,
          "Workers Planned": 5,
          "Workers Launched": 5,
          "Single Copy": false,
          "Plans": [
            {
              "Node Type": "Aggregate",
              "Strategy": "Plain",
              "Partial Mode": "Partial",
              "Parent Relationship": "Outer",
              "Parallel Aware": false,
              "Startup Cost": 298701.04,
              "Total Cost": 298701.05,
              "Plan Rows": 1,
              "Plan Width": 8,
              "Actual Startup Time": 1106.46,
              "Actual Total Time": 1106.466,
              "Actual Rows": 1,
              "Actual Loops": 6,
              "Plans": [
                {
                  "Node Type": "Hash Join",
                  "Parent Relationship": "Outer",
                  "Parallel Aware": true,
                  "Join Type": "Inner",
                  "Startup Cost": 92513.06,
                  "Total Cost": 297155.44,
                  "Plan Rows": 618237,
                  "Plan Width": 0,
                  "Actual Startup Time": 290.147,
                  "Actual Total Time": 1029.187,
                  "Actual Rows": 1679771,
                  "Actual Loops": 6,
                  "Inner Unique": false,
                  "Hash Cond": "(mi.movie_id = t.id)",
                  "Plans": [
                    {
                      "Node Type": "Seq Scan",
                      "Parent Relationship": "Outer",
                      "Parallel Aware": true,
                      "Relation Name": "movie_info",
                      "Alias": "mi",
                      "Startup Cost": 0.0,
                      "Total Cost": 191560.33,
                      "Plan Rows": 2956733,
                      "Plan Width": 4,
                      "Actual Startup Time": 0.035,
                      "Actual Total Time": 312.473,
                      "Actual Rows": 2472620,
                      "Actual Loops": 6
                    },
                    {
                      "Node Type": "Hash",
                      "Parent Relationship": "Inner",
                      "Parallel Aware": true,
                      "Startup Cost": 90381.39,
                      "Total Cost": 90381.39,
                      "Plan Rows": 170533,
                      "Plan Width": 8,
                      "Actual Startup Time": 286.016,
                      "Actual Total Time": 286.02,
                      "Actual Rows": 41441,
                      "Actual Loops": 6,
                      "Hash Buckets": 1048576,
                      "Original Hash Buckets": 1048576,
                      "Hash Batches": 1,
                      "Original Hash Batches": 1,
                      "Peak Memory Usage": 17984,
                      "Plans": [
                        {
                          "Node Type": "Hash Join",
                          "Parent Relationship": "Outer",
                          "Parallel Aware": true,
                          "Join Type": "Inner",
                          "Startup Cost": 45572.84,
                          "Total Cost": 90381.39,
                          "Plan Rows": 170533,
                          "Plan Width": 8,
                          "Actual Startup Time": 132.931,
                          "Actual Total Time": 268.808,
                          "Actual Rows": 41441,
                          "Actual Loops": 6,
                          "Inner Unique": true,
                          "Hash Cond": "(mk.movie_id = t.id)",
                          "Plans": [
                            {
                              "Node Type": "Seq Scan",
                              "Parent Relationship": "Outer",
                              "Parallel Aware": true,
                              "Relation Name": "movie_keyword",
                              "Alias": "mk",
                              "Startup Cost": 0.0,
                              "Total Cost": 42695.65,
                              "Plan Rows": 804914,
                              "Plan Width": 4,
                              "Actual Startup Time": 0.036,
                              "Actual Total Time": 86.329,
                              "Actual Rows": 416400,
                              "Actual Loops": 6,
                              "Filter": "(keyword_id < 6104)",
                              "Rows Removed by Filter": 337589
                            },
                            {
                              "Node Type": "Hash",
                              "Parent Relationship": "Inner",
                              "Parallel Aware": true,
                              "Startup Cost": 43898.92,
                              "Total Cost": 43898.92,
                              "Plan Rows": 133914,
                              "Plan Width": 4,
                              "Actual Startup Time": 130.987,
                              "Actual Total Time": 130.988,
                              "Actual Rows": 88895,
                              "Actual Loops": 6,
                              "Hash Buckets": 1048576,
                              "Original Hash Buckets": 1048576,
                              "Hash Batches": 1,
                              "Original Hash Batches": 1,
                              "Peak Memory Usage": 29152,
                              "Plans": [
                                {
                                  "Node Type": "Seq Scan",
                                  "Parent Relationship": "Outer",
                                  "Parallel Aware": true,
                                  "Relation Name": "title",
                                  "Alias": "t",
                                  "Startup Cost": 0.0,
                                  "Total Cost": 43898.92,
                                  "Plan Rows": 133914,
                                  "Plan Width": 4,
                                  "Actual Startup Time": 0.051,
                                  "Actual Total Time": 84.559,
                                  "Actual Rows": 88895,
                                  "Actual Loops": 6,
                                  "Filter": "(production_year > 2009)",
                                  "Rows Removed by Filter": 332490
                                }
                              ]
                            }
                          ]
                        }
                      ]
                    }
                  ]
                }
              ]
            }
          ]
        }
      ]
    },
    "Planning Time": 1.405,
    "Triggers": [],
    "Execution Time": 1171.797
  }
]