{
  "Plan": {
    "Node Type": "Aggregate",
    "Strategy": "Plain",
    "Partial Mode": "Finalize",
    "Parallel Aware": false,
    "Startup Cost": 68988.77,
    "Total Cost": 68988.78,
    "Plan Rows": 1,
    "Plan Width": 8,
    "Actual Startup Time": 174.476,
    "Actual Total Time": 183.729,
    "Actual Rows": 1,
    "Actual Loops": 1,
    "Plans": [
      {
        "Node Type": "Gather",
        "Parent Relationship": "Outer",
        "Parallel Aware": false,
        "Startup Cost": 68988.66,
        "Total Cost": 68988.77,
        "Plan Rows": 1,
        "Plan Width": 8,
        "Actual Startup Time": 174.339,
        "Actual Total Time": 183.722,
        "Actual Rows": 2,
        "Actual Loops": 1,
        "Workers Planned": 1,
        "Workers Launched": 1,
        "Single Copy": false,
        "Plans": [
          {
            "Node Type": "Aggregate",
            "Strategy": "Plain",
            "Partial Mode": "Partial",
            "Parent Relationship": "Outer",
            "Parallel Aware": false,
            "Startup Cost": 67988.66,
            "Total Cost": 67988.67,
            "Plan Rows": 1,
            "Plan Width": 8,
            "Actual Startup Time": 168.401,
            "Actual Total Time": 168.404,
            "Actual Rows": 1,
            "Actual Loops": 2,
            "Plans": [
              {
                "Node Type": "Hash Join",
                "Parent Relationship": "Outer",
                "Parallel Aware": true,
                "Join Type": "Inner",
                "Startup Cost": 58374.83,
                "Total Cost": 67987.06,
                "Plan Rows": 640,
                "Plan Width": 0,
                "Actual Startup Time": 134.892,
                "Actual Total Time": 168.342,
                "Actual Rows": 1052,
                "Actual Loops": 2,
                "Inner Unique": true,
                "Hash Cond": "(ci.movie_id = t.id)",
                "Plans": [
                  {
                    "Node Type": "Index Scan",
                    "Parent Relationship": "Outer",
                    "Parallel Aware": true,
                    "Scan Direction": "Forward",
                    "Index Name": "role_id_cast_info",
                    "Relation Name": "cast_info",
                    "Alias": "ci",
                    "Startup Cost": 0.56,
                    "Total Cost": 9152.21,
                    "Plan Rows": 175457,
                    "Plan Width": 4,
                    "Actual Startup Time": 0.04,
                    "Actual Total Time": 19.863,
                    "Actual Rows": 158059,
                    "Actual Loops": 2,
                    "Index Cond": "(role_id > 10)",
                    "Rows Removed by Index Recheck": 0
                  },
                  {
                    "Node Type": "Hash",
                    "Parent Relationship": "Inner",
                    "Parallel Aware": true,
                    "Startup Cost": 58306.47,
                    "Total Cost": 58306.47,
                    "Plan Rows": 5424,
                    "Plan Width": 4,
                    "Actual Startup Time": 133.343,
                    "Actual Total Time": 133.344,
                    "Actual Rows": 4203,
                    "Actual Loops": 2,
                    "Hash Buckets": 16384,
                    "Original Hash Buckets": 16384,
                    "Hash Batches": 1,
                    "Original Hash Batches": 1,
                    "Peak Memory Usage": 480,
                    "Plans": [
                      {
                        "Node Type": "Seq Scan",
                        "Parent Relationship": "Outer",
                        "Parallel Aware": true,
                        "Relation Name": "title",
                        "Alias": "t",
                        "Startup Cost": 0.0,
                        "Total Cost": 58306.47,
                        "Plan Rows": 5424,
                        "Plan Width": 4,
                        "Actual Startup Time": 0.21,
                        "Actual Total Time": 131.673,
                        "Actual Rows": 4203,
                        "Actual Loops": 2,
                        "Filter": "((kind_id = 7) AND (production_year = 1973))",
                        "Rows Removed by Filter": 1259953
                      }
                    ]
                  }
                ]
              }
            ]
          }
        ]
      }
    ]
  },
  "Planning Time": 0.478,
  "Triggers": [],
  "Execution Time": 183.803
}