{
    "Plan": {
        "Node Type": "Aggregate",
        "Strategy": "Plain",
        "Partial Mode": "Simple",
        "Parallel Aware": false,
        "Startup Cost": 80005940454.16,
        "Total Cost": 80005940454.17,
        "Plan Rows": 1,
        "Plan Width": 8,
        "Actual Startup Time": 17328.164,
        "Actual Total Time": 17328.21,
        "Actual Rows": 1,
        "Actual Loops": 1,
        "Output": [
            "count(*)"
        ],
        "Plans": [
            {
                "Node Type": "Nested Loop",
                "Parent Relationship": "Outer",
                "Parallel Aware": false,
                "Join Type": "Inner",
                "Startup Cost": 80005927683.96,
                "Total Cost": 80005940454.16,
                "Plan Rows": 1,
                "Plan Width": 0,
                "Actual Startup Time": 17227.181,
                "Actual Total Time": 17328.189,
                "Actual Rows": 15,
                "Actual Loops": 1,
                "Inner Unique": true,
                "Plans": [
                    {
                        "Node Type": "Hash Join",
                        "Parent Relationship": "Outer",
                        "Parallel Aware": false,
                        "Join Type": "Inner",
                        "Startup Cost": 80005927683.83,
                        "Total Cost": 80005940453.99,
                        "Plan Rows": 1,
                        "Plan Width": 4,
                        "Actual Startup Time": 17227.174,
                        "Actual Total Time": 17328.154,
                        "Actual Rows": 15,
                        "Actual Loops": 1,
                        "Output": [
                            "cc.subject_id"
                        ],
                        "Inner Unique": false,
                        "Hash Cond": "(cn.id = mc.company_id)",
                        "Plans": [
                            {
                                "Node Type": "Index Scan",
                                "Parent Relationship": "Outer",
                                "Parallel Aware": false,
                                "Scan Direction": "Forward",
                                "Index Name": "company_name_pkey",
                                "Relation Name": "company_name",
                                "Schema": "public",
                                "Alias": "cn",
                                "Startup Cost": 0.42,
                                "Total Cost": 12454.44,
                                "Plan Rows": 84301,
                                "Plan Width": 4,
                                "Actual Startup Time": 0.039,
                                "Actual Total Time": 96.159,
                                "Actual Rows": 84843,
                                "Actual Loops": 1,
                                "Output": [
                                    "cn.id",
                                    "cn.name",
                                    "cn.country_code",
                                    "cn.imdb_id",
                                    "cn.name_pcode_nf",
                                    "cn.name_pcode_sf",
                                    "cn.md5sum"
                                ],
                                "Filter": "((cn.country_code)::text = '[us]'::text)",
                                "Rows Removed by Filter": 150154
                            },
                            {
                                "Node Type": "Hash",
                                "Parent Relationship": "Inner",
                                "Parallel Aware": false,
                                "Startup Cost": 80005927683.39,
                                "Total Cost": 80005927683.39,
                                "Plan Rows": 1,
                                "Plan Width": 8,
                                "Actual Startup Time": 17226.856,
                                "Actual Total Time": 17226.899,
                                "Actual Rows": 66,
                                "Actual Loops": 1,
                                "Output": [
                                    "cc.subject_id",
                                    "mc.company_id"
                                ],
                                "Hash Buckets": 1024,
                                "Original Hash Buckets": 1024,
                                "Hash Batches": 1,
                                "Original Hash Batches": 1,
                                "Peak Memory Usage": 11,
                                "Plans": [
                                    {
                                        "Node Type": "Nested Loop",
                                        "Parent Relationship": "Outer",
                                        "Parallel Aware": false,
                                        "Join Type": "Inner",
                                        "Startup Cost": 80005913955.72,
                                        "Total Cost": 80005927683.39,
                                        "Plan Rows": 1,
                                        "Plan Width": 8,
                                        "Actual Startup Time": 17226.566,
                                        "Actual Total Time": 17226.871,
                                        "Actual Rows": 66,
                                        "Actual Loops": 1,
                                        "Output": [
                                            "cc.subject_id",
                                            "mc.company_id"
                                        ],
                                        "Inner Unique": true,
                                        "Plans": [
                                            {
                                                "Node Type": "Merge Join",
                                                "Parent Relationship": "Outer",
                                                "Parallel Aware": false,
                                                "Join Type": "Inner",
                                                "Startup Cost": 70005913955.58,
                                                "Total Cost": 70005927675.23,
                                                "Plan Rows": 1,
                                                "Plan Width": 12,
                                                "Actual Startup Time": 17226.524,
                                                "Actual Total Time": 17226.594,
                                                "Actual Rows": 66,
                                                "Actual Loops": 1,
                                                "Output": [
                                                    "cc.subject_id",
                                                    "cc.status_id",
                                                    "mc.company_id"
                                                ],
                                                "Inner Unique": false,
                                                "Merge Cond": "(t.id = mc.movie_id)",
                                                "Plans": [
                                                    {
                                                        "Node Type": "Merge Join",
                                                        "Parent Relationship": "Outer",
                                                        "Parallel Aware": false,
                                                        "Join Type": "Inner",
                                                        "Startup Cost": 60005591003.28,
                                                        "Total Cost": 60005591678.57,
                                                        "Plan Rows": 1,
                                                        "Plan Width": 28,
                                                        "Actual Startup Time": 16332.415,
                                                        "Actual Total Time": 16332.459,
                                                        "Actual Rows": 3,
                                                        "Actual Loops": 1,
                                                        "Output": [
                                                            "ci.movie_id",
                                                            "cc.movie_id",
                                                            "cc.subject_id",
                                                            "cc.status_id",
                                                            "mi.movie_id",
                                                            "mk.movie_id",
                                                            "t.id"
                                                        ],
                                                        "Inner Unique": false,
                                                        "Merge Cond": "(t.id = cc.movie_id)",
                                                        "Plans": [
                                                            {
                                                                "Node Type": "Sort",
                                                                "Parent Relationship": "Outer",
                                                                "Parallel Aware": false,
                                                                "Startup Cost": 60005577409.72,
                                                                "Total Cost": 60005577409.72,
                                                                "Plan Rows": 1,
                                                                "Plan Width": 16,
                                                                "Actual Startup Time": 16285.979,
                                                                "Actual Total Time": 16286.016,
                                                                "Actual Rows": 3,
                                                                "Actual Loops": 1,
                                                                "Output": [
                                                                    "ci.movie_id",
                                                                    "mi.movie_id",
                                                                    "mk.movie_id",
                                                                    "t.id"
                                                                ],
                                                                "Sort Key": [
                                                                    "ci.movie_id"
                                                                ],
                                                                "Sort Method": "quicksort",
                                                                "Sort Space Used": 25,
                                                                "Sort Space Type": "Memory",
                                                                "Plans": [
                                                                    {
                                                                        "Node Type": "Merge Join",
                                                                        "Parent Relationship": "Outer",
                                                                        "Parallel Aware": false,
                                                                        "Join Type": "Inner",
                                                                        "Startup Cost": 60005577226.04,
                                                                        "Total Cost": 60005577409.71,
                                                                        "Plan Rows": 1,
                                                                        "Plan Width": 16,
                                                                        "Actual Startup Time": 16285.974,
                                                                        "Actual Total Time": 16286.01,
                                                                        "Actual Rows": 3,
                                                                        "Actual Loops": 1,
                                                                        "Output": [
                                                                            "ci.movie_id",
                                                                            "mi.movie_id",
                                                                            "mk.movie_id",
                                                                            "t.id"
                                                                        ],
                                                                        "Inner Unique": false,
                                                                        "Merge Cond": "(n.id = ci.person_id)",
                                                                        "Plans": [
                                                                            {
                                                                                "Node Type": "Sort",
                                                                                "Parent Relationship": "Outer",
                                                                                "Parallel Aware": false,
                                                                                "Startup Cost": 10000121000.85,
                                                                                "Total Cost": 10000121095.37,
                                                                                "Plan Rows": 37808,
                                                                                "Plan Width": 4,
                                                                                "Actual Startup Time": 501.462,
                                                                                "Actual Total Time": 501.704,
                                                                                "Actual Rows": 4356,
                                                                                "Actual Loops": 1,
                                                                                "Output": [
                                                                                    "n.id"
                                                                                ],
                                                                                "Sort Key": [
                                                                                    "n.id"
                                                                                ],
                                                                                "Sort Method": "quicksort",
                                                                                "Sort Space Used": 3881,
                                                                                "Sort Space Type": "Memory",
                                                                                "Plans": [
                                                                                    {
                                                                                        "Node Type": "Seq Scan",
                                                                                        "Parent Relationship": "Outer",
                                                                                        "Parallel Aware": false,
                                                                                        "Relation Name": "name",
                                                                                        "Schema": "public",
                                                                                        "Alias": "n",
                                                                                        "Startup Cost": 10000000000.0,
                                                                                        "Total Cost": 10000118126.24,
                                                                                        "Plan Rows": 37808,
                                                                                        "Plan Width": 4,
                                                                                        "Actual Startup Time": 197.182,
                                                                                        "Actual Total Time": 492.98,
                                                                                        "Actual Rows": 50011,
                                                                                        "Actual Loops": 1,
                                                                                        "Output": [
                                                                                            "n.id"
                                                                                        ],
                                                                                        "Filter": "((n.name ~~ '%An%'::text) AND ((n.gender)::text = 'f'::text))",
                                                                                        "Rows Removed by Filter": 4117480
                                                                                    }
                                                                                ]
                                                                            },
                                                                            {
                                                                                "Node Type": "Sort",
                                                                                "Parent Relationship": "Inner",
                                                                                "Parallel Aware": false,
                                                                                "Startup Cost": 50005456225.16,
                                                                                "Total Cost": 50005456225.17,
                                                                                "Plan Rows": 1,
                                                                                "Plan Width": 28,
                                                                                "Actual Startup Time": 15784.053,
                                                                                "Actual Total Time": 15784.086,
                                                                                "Actual Rows": 3,
                                                                                "Actual Loops": 1,
                                                                                "Output": [
                                                                                    "an.person_id",
                                                                                    "ci.movie_id",
                                                                                    "ci.person_id",
                                                                                    "mi.movie_id",
                                                                                    "mk.movie_id",
                                                                                    "pi.person_id",
                                                                                    "t.id"
                                                                                ],
                                                                                "Sort Key": [
                                                                                    "an.person_id"
                                                                                ],
                                                                                "Sort Method": "quicksort",
                                                                                "Sort Space Used": 25,
                                                                                "Sort Space Type": "Memory",
                                                                                "Plans": [
                                                                                    {
                                                                                        "Node Type": "Hash Join",
                                                                                        "Parent Relationship": "Outer",
                                                                                        "Parallel Aware": false,
                                                                                        "Join Type": "Inner",
                                                                                        "Startup Cost": 50005456211.16,
                                                                                        "Total Cost": 50005456225.15,
                                                                                        "Plan Rows": 1,
                                                                                        "Plan Width": 28,
                                                                                        "Actual Startup Time": 15784.023,
                                                                                        "Actual Total Time": 15784.069,
                                                                                        "Actual Rows": 3,
                                                                                        "Actual Loops": 1,
                                                                                        "Output": [
                                                                                            "an.person_id",
                                                                                            "ci.movie_id",
                                                                                            "ci.person_id",
                                                                                            "mi.movie_id",
                                                                                            "mk.movie_id",
                                                                                            "pi.person_id",
                                                                                            "t.id"
                                                                                        ],
                                                                                        "Inner Unique": false,
                                                                                        "Hash Cond": "(it3.id = pi.info_type_id)",
                                                                                        "Plans": [
                                                                                            {
                                                                                                "Node Type": "Index Scan",
                                                                                                "Parent Relationship": "Outer",
                                                                                                "Parallel Aware": false,
                                                                                                "Scan Direction": "Forward",
                                                                                                "Index Name": "info_type_pkey",
                                                                                                "Relation Name": "info_type",
                                                                                                "Schema": "public",
                                                                                                "Alias": "it3",
                                                                                                "Startup Cost": 0.14,
                                                                                                "Total Cost": 14.12,
                                                                                                "Plan Rows": 1,
                                                                                                "Plan Width": 4,
                                                                                                "Actual Startup Time": 0.022,
                                                                                                "Actual Total Time": 0.033,
                                                                                                "Actual Rows": 1,
                                                                                                "Actual Loops": 1,
                                                                                                "Output": [
                                                                                                    "it3.id",
                                                                                                    "it3.info"
                                                                                                ],
                                                                                                "Filter": "((it3.info)::text = 'height'::text)",
                                                                                                "Rows Removed by Filter": 112
                                                                                            },
                                                                                            {
                                                                                                "Node Type": "Hash",
                                                                                                "Parent Relationship": "Inner",
                                                                                                "Parallel Aware": false,
                                                                                                "Startup Cost": 50005456211.01,
                                                                                                "Total Cost": 50005456211.01,
                                                                                                "Plan Rows": 1,
                                                                                                "Plan Width": 32,
                                                                                                "Actual Startup Time": 15783.989,
                                                                                                "Actual Total Time": 15784.02,
                                                                                                "Actual Rows": 489,
                                                                                                "Actual Loops": 1,
                                                                                                "Output": [
                                                                                                    "an.person_id",
                                                                                                    "ci.movie_id",
                                                                                                    "ci.person_id",
                                                                                                    "mi.movie_id",
                                                                                                    "mk.movie_id",
                                                                                                    "pi.person_id",
                                                                                                    "pi.info_type_id",
                                                                                                    "t.id"
                                                                                                ],
                                                                                                "Hash Buckets": 1024,
                                                                                                "Original Hash Buckets": 1024,
                                                                                                "Hash Batches": 1,
                                                                                                "Original Hash Batches": 1,
                                                                                                "Peak Memory Usage": 39,
                                                                                                "Plans": [
                                                                                                    {
                                                                                                        "Node Type": "Nested Loop",
                                                                                                        "Parent Relationship": "Outer",
                                                                                                        "Parallel Aware": false,
                                                                                                        "Join Type": "Inner",
                                                                                                        "Startup Cost": 50005319621.83,
                                                                                                        "Total Cost": 50005456211.01,
                                                                                                        "Plan Rows": 1,
                                                                                                        "Plan Width": 32,
                                                                                                        "Actual Startup Time": 14451.972,
                                                                                                        "Actual Total Time": 15783.925,
                                                                                                        "Actual Rows": 489,
                                                                                                        "Actual Loops": 1,
                                                                                                        "Output": [
                                                                                                            "an.person_id",
                                                                                                            "ci.movie_id",
                                                                                                            "ci.person_id",
                                                                                                            "mi.movie_id",
                                                                                                            "mk.movie_id",
                                                                                                            "pi.person_id",
                                                                                                            "pi.info_type_id",
                                                                                                            "t.id"
                                                                                                        ],
                                                                                                        "Inner Unique": true,
                                                                                                        "Join Filter": "(mi.movie_id = t.id)",
                                                                                                        "Rows Removed by Join Filter": 0,
                                                                                                        "Plans": [
                                                                                                            {
                                                                                                                "Node Type": "Nested Loop",
                                                                                                                "Parent Relationship": "Outer",
                                                                                                                "Parallel Aware": false,
                                                                                                                "Join Type": "Inner",
                                                                                                                "Startup Cost": 50005319621.4,
                                                                                                                "Total Cost": 50005456209.99,
                                                                                                                "Plan Rows": 2,
                                                                                                                "Plan Width": 28,
                                                                                                                "Actual Startup Time": 14448.854,
                                                                                                                "Actual Total Time": 15781.414,
                                                                                                                "Actual Rows": 2019,
                                                                                                                "Actual Loops": 1,
                                                                                                                "Output": [
                                                                                                                    "an.person_id",
                                                                                                                    "ci.movie_id",
                                                                                                                    "ci.person_id",
                                                                                                                    "mi.movie_id",
                                                                                                                    "mk.movie_id",
                                                                                                                    "pi.person_id",
                                                                                                                    "pi.info_type_id"
                                                                                                                ],
                                                                                                                "Inner Unique": false,
                                                                                                                "Join Filter": "(ci.person_id = pi.person_id)",
                                                                                                                "Rows Removed by Join Filter": 0,
                                                                                                                "Plans": [
                                                                                                                    {
                                                                                                                        "Node Type": "Hash Join",
                                                                                                                        "Parent Relationship": "Outer",
                                                                                                                        "Parallel Aware": false,
                                                                                                                        "Join Type": "Inner",
                                                                                                                        "Startup Cost": 40005319620.71,
                                                                                                                        "Total Cost": 40005456204.68,
                                                                                                                        "Plan Rows": 1,
                                                                                                                        "Plan Width": 20,
                                                                                                                        "Actual Startup Time": 14448.635,
                                                                                                                        "Actual Total Time": 15780.196,
                                                                                                                        "Actual Rows": 11,
                                                                                                                        "Actual Loops": 1,
                                                                                                                        "Output": [
                                                                                                                            "an.person_id",
                                                                                                                            "ci.movie_id",
                                                                                                                            "ci.person_id",
                                                                                                                            "mi.movie_id",
                                                                                                                            "mk.movie_id"
                                                                                                                        ],
                                                                                                                        "Inner Unique": true,
                                                                                                                        "Hash Cond": "(mk.keyword_id = k.id)",
                                                                                                                        "Plans": [
                                                                                                                            {
                                                                                                                                "Node Type": "Merge Join",
                                                                                                                                "Parent Relationship": "Outer",
                                                                                                                                "Parallel Aware": false,
                                                                                                                                "Join Type": "Inner",
                                                                                                                                "Startup Cost": 40005314277.78,
                                                                                                                                "Total Cost": 40005450861.74,
                                                                                                                                "Plan Rows": 1,
                                                                                                                                "Plan Width": 24,
                                                                                                                                "Actual Startup Time": 14413.099,
                                                                                                                                "Actual Total Time": 15744.576,
                                                                                                                                "Actual Rows": 2421,
                                                                                                                                "Actual Loops": 1,
                                                                                                                                "Output": [
                                                                                                                                    "an.person_id",
                                                                                                                                    "ci.movie_id",
                                                                                                                                    "ci.person_id",
                                                                                                                                    "mi.movie_id",
                                                                                                                                    "mk.movie_id",
                                                                                                                                    "mk.keyword_id"
                                                                                                                                ],
                                                                                                                                "Inner Unique": false,
                                                                                                                                "Merge Cond": "(chn.id = ci.person_role_id)",
                                                                                                                                "Plans": [
                                                                                                                                    {
                                                                                                                                        "Node Type": "Index Scan",
                                                                                                                                        "Parent Relationship": "Outer",
                                                                                                                                        "Parallel Aware": false,
                                                                                                                                        "Scan Direction": "Forward",
                                                                                                                                        "Index Name": "char_name_pkey",
                                                                                                                                        "Relation Name": "char_name",
                                                                                                                                        "Schema": "public",
                                                                                                                                        "Alias": "chn",
                                                                                                                                        "Startup Cost": 0.43,
                                                                                                                                        "Total Cost": 136566.2,
                                                                                                                                        "Plan Rows": 1,
                                                                                                                                        "Plan Width": 4,
                                                                                                                                        "Actual Startup Time": 53.966,
                                                                                                                                        "Actual Total Time": 1385.05,
                                                                                                                                        "Actual Rows": 1,
                                                                                                                                        "Actual Loops": 1,
                                                                                                                                        "Output": [
                                                                                                                                            "chn.id",
                                                                                                                                            "chn.name",
                                                                                                                                            "chn.imdb_index",
                                                                                                                                            "chn.imdb_id",
                                                                                                                                            "chn.name_pcode_nf",
                                                                                                                                            "chn.surname_pcode",
                                                                                                                                            "chn.md5sum"
                                                                                                                                        ],
                                                                                                                                        "Filter": "(chn.name = 'Queen'::text)",
                                                                                                                                        "Rows Removed by Filter": 3140338
                                                                                                                                    },
                                                                                                                                    {
                                                                                                                                        "Node Type": "Sort",
                                                                                                                                        "Parent Relationship": "Inner",
                                                                                                                                        "Parallel Aware": false,
                                                                                                                                        "Startup Cost": 40005314275.24,
                                                                                                                                        "Total Cost": 40005314296.05,
                                                                                                                                        "Plan Rows": 8323,
                                                                                                                                        "Plan Width": 28,
                                                                                                                                        "Actual Startup Time": 14317.015,
                                                                                                                                        "Actual Total Time": 14334.949,
                                                                                                                                        "Actual Rows": 451416,
                                                                                                                                        "Actual Loops": 1,
                                                                                                                                        "Output": [
                                                                                                                                            "an.person_id",
                                                                                                                                            "ci.movie_id",
                                                                                                                                            "ci.person_id",
                                                                                                                                            "ci.person_role_id",
                                                                                                                                            "mi.movie_id",
                                                                                                                                            "mk.movie_id",
                                                                                                                                            "mk.keyword_id"
                                                                                                                                        ],
                                                                                                                                        "Sort Key": [
                                                                                                                                            "ci.person_role_id"
                                                                                                                                        ],
                                                                                                                                        "Sort Method": "quicksort",
                                                                                                                                        "Sort Space Used": 172035,
                                                                                                                                        "Sort Space Type": "Memory",
                                                                                                                                        "Plans": [
                                                                                                                                            {
                                                                                                                                                "Node Type": "Hash Join",
                                                                                                                                                "Parent Relationship": "Outer",
                                                                                                                                                "Parallel Aware": false,
                                                                                                                                                "Join Type": "Inner",
                                                                                                                                                "Startup Cost": 40005310992.14,
                                                                                                                                                "Total Cost": 40005313733.29,
                                                                                                                                                "Plan Rows": 8323,
                                                                                                                                                "Plan Width": 28,
                                                                                                                                                "Actual Startup Time": 13749.077,
                                                                                                                                                "Actual Total Time": 14074.529,
                                                                                                                                                "Actual Rows": 1572900,
                                                                                                                                                "Actual Loops": 1,
                                                                                                                                                "Output": [
                                                                                                                                                    "an.person_id",
                                                                                                                                                    "ci.movie_id",
                                                                                                                                                    "ci.person_id",
                                                                                                                                                    "ci.person_role_id",
                                                                                                                                                    "mi.movie_id",
                                                                                                                                                    "mk.movie_id",
                                                                                                                                                    "mk.keyword_id"
                                                                                                                                                ],
                                                                                                                                                "Inner Unique": false,
                                                                                                                                                "Hash Cond": "(ci.person_id = an.person_id)",
                                                                                                                                                "Plans": [
                                                                                                                                                    {
                                                                                                                                                        "Node Type": "Merge Join",
                                                                                                                                                        "Parent Relationship": "Outer",
                                                                                                                                                        "Parallel Aware": false,
                                                                                                                                                        "Join Type": "Inner",
                                                                                                                                                        "Startup Cost": 40005227713.19,
                                                                                                                                                        "Total Cost": 40005229714.48,
                                                                                                                                                        "Plan Rows": 3456,
                                                                                                                                                        "Plan Width": 24,
                                                                                                                                                        "Actual Startup Time": 13331.473,
                                                                                                                                                        "Actual Total Time": 13475.958,
                                                                                                                                                        "Actual Rows": 971165,
                                                                                                                                                        "Actual Loops": 1,
                                                                                                                                                        "Output": [
                                                                                                                                                            "ci.movie_id",
                                                                                                                                                            "ci.person_id",
                                                                                                                                                            "ci.person_role_id",
                                                                                                                                                            "mi.movie_id",
                                                                                                                                                            "mk.movie_id",
                                                                                                                                                            "mk.keyword_id"
                                                                                                                                                        ],
                                                                                                                                                        "Inner Unique": false,
                                                                                                                                                        "Merge Cond": "(it.id = mi.info_type_id)",
                                                                                                                                                        "Plans": [
                                                                                                                                                            {
                                                                                                                                                                "Node Type": "Index Scan",
                                                                                                                                                                "Parent Relationship": "Outer",
                                                                                                                                                                "Parallel Aware": false,
                                                                                                                                                                "Scan Direction": "Forward",
                                                                                                                                                                "Index Name": "info_type_pkey",
                                                                                                                                                                "Relation Name": "info_type",
                                                                                                                                                                "Schema": "public",
                                                                                                                                                                "Alias": "it",
                                                                                                                                                                "Startup Cost": 0.14,
                                                                                                                                                                "Total Cost": 14.12,
                                                                                                                                                                "Plan Rows": 1,
                                                                                                                                                                "Plan Width": 4,
                                                                                                                                                                "Actual Startup Time": 0.015,
                                                                                                                                                                "Actual Total Time": 0.047,
                                                                                                                                                                "Actual Rows": 1,
                                                                                                                                                                "Actual Loops": 1,
                                                                                                                                                                "Output": [
                                                                                                                                                                    "it.id",
                                                                                                                                                                    "it.info"
                                                                                                                                                                ],
                                                                                                                                                                "Filter": "((it.info)::text = 'release dates'::text)",
                                                                                                                                                                "Rows Removed by Filter": 112
                                                                                                                                                            },
                                                                                                                                                            {
                                                                                                                                                                "Node Type": "Sort",
                                                                                                                                                                "Parent Relationship": "Inner",
                                                                                                                                                                "Parallel Aware": false,
                                                                                                                                                                "Startup Cost": 40005227713.04,
                                                                                                                                                                "Total Cost": 40005228689.42,
                                                                                                                                                                "Plan Rows": 390550,
                                                                                                                                                                "Plan Width": 28,
                                                                                                                                                                "Actual Startup Time": 13331.446,
                                                                                                                                                                "Actual Total Time": 13364.789,
                                                                                                                                                                "Actual Rows": 971174,
                                                                                                                                                                "Actual Loops": 1,
                                                                                                                                                                "Output": [
                                                                                                                                                                    "ci.movie_id",
                                                                                                                                                                    "ci.person_id",
                                                                                                                                                                    "ci.person_role_id",
                                                                                                                                                                    "mi.movie_id",
                                                                                                                                                                    "mi.info_type_id",
                                                                                                                                                                    "mk.movie_id",
                                                                                                                                                                    "mk.keyword_id"
                                                                                                                                                                ],
                                                                                                                                                                "Sort Key": [
                                                                                                                                                                    "mi.info_type_id"
                                                                                                                                                                ],
                                                                                                                                                                "Sort Method": "quicksort",
                                                                                                                                                                "Sort Space Used": 100449,
                                                                                                                                                                "Sort Space Type": "Memory",
                                                                                                                                                                "Plans": [
                                                                                                                                                                    {
                                                                                                                                                                        "Node Type": "Nested Loop",
                                                                                                                                                                        "Parent Relationship": "Outer",
                                                                                                                                                                        "Parallel Aware": false,
                                                                                                                                                                        "Join Type": "Inner",
                                                                                                                                                                        "Startup Cost": 40000000003.1,
                                                                                                                                                                        "Total Cost": 40005191440.42,
                                                                                                                                                                        "Plan Rows": 390550,
                                                                                                                                                                        "Plan Width": 28,
                                                                                                                                                                        "Actual Startup Time": 200.475,
                                                                                                                                                                        "Actual Total Time": 13197.783,
                                                                                                                                                                        "Actual Rows": 971174,
                                                                                                                                                                        "Actual Loops": 1,
                                                                                                                                                                        "Output": [
                                                                                                                                                                            "ci.movie_id",
                                                                                                                                                                            "ci.person_id",
                                                                                                                                                                            "ci.person_role_id",
                                                                                                                                                                            "mi.movie_id",
                                                                                                                                                                            "mi.info_type_id",
                                                                                                                                                                            "mk.movie_id",
                                                                                                                                                                            "mk.keyword_id"
                                                                                                                                                                        ],
                                                                                                                                                                        "Inner Unique": false,
                                                                                                                                                                        "Plans": [
                                                                                                                                                                            {
                                                                                                                                                                                "Node Type": "Nested Loop",
                                                                                                                                                                                "Parent Relationship": "Outer",
                                                                                                                                                                                "Parallel Aware": false,
                                                                                                                                                                                "Join Type": "Inner",
                                                                                                                                                                                "Startup Cost": 30000000002.13,
                                                                                                                                                                                "Total Cost": 30004996717.52,
                                                                                                                                                                                "Plan Rows": 32406,
                                                                                                                                                                                "Plan Width": 20,
                                                                                                                                                                                "Actual Startup Time": 200.455,
                                                                                                                                                                                "Actual Total Time": 12720.414,
                                                                                                                                                                                "Actual Rows": 70597,
                                                                                                                                                                                "Actual Loops": 1,
                                                                                                                                                                                "Output": [
                                                                                                                                                                                    "ci.movie_id",
                                                                                                                                                                                    "ci.person_id",
                                                                                                                                                                                    "ci.person_role_id",
                                                                                                                                                                                    "mi.movie_id",
                                                                                                                                                                                    "mi.info_type_id"
                                                                                                                                                                                ],
                                                                                                                                                                                "Inner Unique": true,
                                                                                                                                                                                "Plans": [
                                                                                                                                                                                    {
                                                                                                                                                                                        "Node Type": "Nested Loop",
                                                                                                                                                                                        "Parent Relationship": "Outer",
                                                                                                                                                                                        "Parallel Aware": false,
                                                                                                                                                                                        "Join Type": "Inner",
                                                                                                                                                                                        "Startup Cost": 20000000001.98,
                                                                                                                                                                                        "Total Cost": 20003379561.17,
                                                                                                                                                                                        "Plan Rows": 388871,
                                                                                                                                                                                        "Plan Width": 24,
                                                                                                                                                                                        "Actual Startup Time": 155.276,
                                                                                                                                                                                        "Actual Total Time": 11881.626,
                                                                                                                                                                                        "Actual Rows": 231042,
                                                                                                                                                                                        "Actual Loops": 1,
                                                                                                                                                                                        "Output": [
                                                                                                                                                                                            "ci.movie_id",
                                                                                                                                                                                            "ci.person_id",
                                                                                                                                                                                            "ci.role_id",
                                                                                                                                                                                            "ci.person_role_id",
                                                                                                                                                                                            "mi.movie_id",
                                                                                                                                                                                            "mi.info_type_id"
                                                                                                                                                                                        ],
                                                                                                                                                                                        "Inner Unique": false,
                                                                                                                                                                                        "Plans": [
                                                                                                                                                                                            {
                                                                                                                                                                                                "Node Type": "Seq Scan",
                                                                                                                                                                                                "Parent Relationship": "Outer",
                                                                                                                                                                                                "Parallel Aware": false,
                                                                                                                                                                                                "Relation Name": "movie_info",
                                                                                                                                                                                                "Schema": "public",
                                                                                                                                                                                                "Alias": "mi",
                                                                                                                                                                                                "Startup Cost": 10000000000.0,
                                                                                                                                                                                                "Total Cost": 10000346431.69,
                                                                                                                                                                                                "Plan Rows": 458720,
                                                                                                                                                                                                "Plan Width": 8,
                                                                                                                                                                                                "Actual Startup Time": 141.491,
                                                                                                                                                                                                "Actual Total Time": 1481.345,
                                                                                                                                                                                                "Actual Rows": 387683,
                                                                                                                                                                                                "Actual Loops": 1,
                                                                                                                                                                                                "Output": [
                                                                                                                                                                                                    "mi.id",
                                                                                                                                                                                                    "mi.movie_id",
                                                                                                                                                                                                    "mi.info_type_id",
                                                                                                                                                                                                    "mi.info",
                                                                                                                                                                                                    "mi.note"
                                                                                                                                                                                                ],
                                                                                                                                                                                                "Filter": "(mi.info ~~ 'USA:%200%'::text)",
                                                                                                                                                                                                "Rows Removed by Filter": 14448037
                                                                                                                                                                                            },
                                                                                                                                                                                            {
                                                                                                                                                                                                "Node Type": "Bitmap Heap Scan",
                                                                                                                                                                                                "Parent Relationship": "Inner",
                                                                                                                                                                                                "Parallel Aware": false,
                                                                                                                                                                                                "Relation Name": "cast_info",
                                                                                                                                                                                                "Schema": "public",
                                                                                                                                                                                                "Alias": "ci",
                                                                                                                                                                                                "Startup Cost": 1.98,
                                                                                                                                                                                                "Total Cost": 6.6,
                                                                                                                                                                                                "Plan Rows": 1,
                                                                                                                                                                                                "Plan Width": 16,
                                                                                                                                                                                                "Actual Startup Time": 0.022,
                                                                                                                                                                                                "Actual Total Time": 0.025,
                                                                                                                                                                                                "Actual Rows": 1,
                                                                                                                                                                                                "Actual Loops": 387683,
                                                                                                                                                                                                "Output": [
                                                                                                                                                                                                    "ci.id",
                                                                                                                                                                                                    "ci.person_id",
                                                                                                                                                                                                    "ci.movie_id",
                                                                                                                                                                                                    "ci.person_role_id",
                                                                                                                                                                                                    "ci.note",
                                                                                                                                                                                                    "ci.nr_order",
                                                                                                                                                                                                    "ci.role_id"
                                                                                                                                                                                                ],
                                                                                                                                                                                                "Recheck Cond": "(ci.movie_id = mi.movie_id)",
                                                                                                                                                                                                "Rows Removed by Index Recheck": 0,
                                                                                                                                                                                                "Filter": "(ci.note = ANY ('{(voice),\"(voice) (uncredited)\",\"(voice: English version)\"}'::text[]))",
                                                                                                                                                                                                "Rows Removed by Filter": 21,
                                                                                                                                                                                                "Exact Heap Blocks": 8259149,
                                                                                                                                                                                                "Lossy Heap Blocks": 0,
                                                                                                                                                                                                "Plans": [
                                                                                                                                                                                                    {
                                                                                                                                                                                                        "Node Type": "Bitmap Index Scan",
                                                                                                                                                                                                        "Parent Relationship": "Outer",
                                                                                                                                                                                                        "Parallel Aware": false,
                                                                                                                                                                                                        "Index Name": "movie_id_cast_info",
                                                                                                                                                                                                        "Startup Cost": 0.0,
                                                                                                                                                                                                        "Total Cost": 1.98,
                                                                                                                                                                                                        "Plan Rows": 38,
                                                                                                                                                                                                        "Plan Width": 0,
                                                                                                                                                                                                        "Actual Startup Time": 0.004,
                                                                                                                                                                                                        "Actual Total Time": 0.004,
                                                                                                                                                                                                        "Actual Rows": 22,
                                                                                                                                                                                                        "Actual Loops": 387683,
                                                                                                                                                                                                        "Index Cond": "(ci.movie_id = mi.movie_id)"
                                                                                                                                                                                                    }
                                                                                                                                                                                                ]
                                                                                                                                                                                            }
                                                                                                                                                                                        ]
                                                                                                                                                                                    },
                                                                                                                                                                                    {
                                                                                                                                                                                        "Node Type": "Bitmap Heap Scan",
                                                                                                                                                                                        "Parent Relationship": "Inner",
                                                                                                                                                                                        "Parallel Aware": false,
                                                                                                                                                                                        "Relation Name": "role_type",
                                                                                                                                                                                        "Schema": "public",
                                                                                                                                                                                        "Alias": "rt",
                                                                                                                                                                                        "Startup Cost": 0.14,
                                                                                                                                                                                        "Total Cost": 4.16,
                                                                                                                                                                                        "Plan Rows": 1,
                                                                                                                                                                                        "Plan Width": 4,
                                                                                                                                                                                        "Actual Startup Time": 0.002,
                                                                                                                                                                                        "Actual Total Time": 0.002,
                                                                                                                                                                                        "Actual Rows": 0,
                                                                                                                                                                                        "Actual Loops": 231042,
                                                                                                                                                                                        "Output": [
                                                                                                                                                                                            "rt.id",
                                                                                                                                                                                            "rt.role"
                                                                                                                                                                                        ],
                                                                                                                                                                                        "Recheck Cond": "(rt.id = ci.role_id)",
                                                                                                                                                                                        "Rows Removed by Index Recheck": 0,
                                                                                                                                                                                        "Filter": "((rt.role)::text = 'actress'::text)",
                                                                                                                                                                                        "Rows Removed by Filter": 1,
                                                                                                                                                                                        "Exact Heap Blocks": 231042,
                                                                                                                                                                                        "Lossy Heap Blocks": 0,
                                                                                                                                                                                        "Plans": [
                                                                                                                                                                                            {
                                                                                                                                                                                                "Node Type": "Bitmap Index Scan",
                                                                                                                                                                                                "Parent Relationship": "Outer",
                                                                                                                                                                                                "Parallel Aware": false,
                                                                                                                                                                                                "Index Name": "role_type_pkey",
                                                                                                                                                                                                "Startup Cost": 0.0,
                                                                                                                                                                                                "Total Cost": 0.14,
                                                                                                                                                                                                "Plan Rows": 1,
                                                                                                                                                                                                "Plan Width": 0,
                                                                                                                                                                                                "Actual Startup Time": 0.001,
                                                                                                                                                                                                "Actual Total Time": 0.001,
                                                                                                                                                                                                "Actual Rows": 1,
                                                                                                                                                                                                "Actual Loops": 231042,
                                                                                                                                                                                                "Index Cond": "(rt.id = ci.role_id)"
                                                                                                                                                                                            }
                                                                                                                                                                                        ]
                                                                                                                                                                                    }
                                                                                                                                                                                ]
                                                                                                                                                                            },
                                                                                                                                                                            {
                                                                                                                                                                                "Node Type": "Bitmap Heap Scan",
                                                                                                                                                                                "Parent Relationship": "Inner",
                                                                                                                                                                                "Parallel Aware": false,
                                                                                                                                                                                "Relation Name": "movie_keyword",
                                                                                                                                                                                "Schema": "public",
                                                                                                                                                                                "Alias": "mk",
                                                                                                                                                                                "Startup Cost": 0.97,
                                                                                                                                                                                "Total Cost": 5.55,
                                                                                                                                                                                "Plan Rows": 46,
                                                                                                                                                                                "Plan Width": 8,
                                                                                                                                                                                "Actual Startup Time": 0.003,
                                                                                                                                                                                "Actual Total Time": 0.004,
                                                                                                                                                                                "Actual Rows": 14,
                                                                                                                                                                                "Actual Loops": 70597,
                                                                                                                                                                                "Output": [
                                                                                                                                                                                    "mk.id",
                                                                                                                                                                                    "mk.movie_id",
                                                                                                                                                                                    "mk.keyword_id"
                                                                                                                                                                                ],
                                                                                                                                                                                "Recheck Cond": "(mk.movie_id = mi.movie_id)",
                                                                                                                                                                                "Rows Removed by Index Recheck": 0,
                                                                                                                                                                                "Exact Heap Blocks": 37874,
                                                                                                                                                                                "Lossy Heap Blocks": 0,
                                                                                                                                                                                "Plans": [
                                                                                                                                                                                    {
                                                                                                                                                                                        "Node Type": "Bitmap Index Scan",
                                                                                                                                                                                        "Parent Relationship": "Outer",
                                                                                                                                                                                        "Parallel Aware": false,
                                                                                                                                                                                        "Index Name": "movie_id_movie_keyword",
                                                                                                                                                                                        "Startup Cost": 0.0,
                                                                                                                                                                                        "Total Cost": 0.96,
                                                                                                                                                                                        "Plan Rows": 46,
                                                                                                                                                                                        "Plan Width": 0,
                                                                                                                                                                                        "Actual Startup Time": 0.002,
                                                                                                                                                                                        "Actual Total Time": 0.002,
                                                                                                                                                                                        "Actual Rows": 14,
                                                                                                                                                                                        "Actual Loops": 70597,
                                                                                                                                                                                        "Index Cond": "(mk.movie_id = mi.movie_id)"
                                                                                                                                                                                    }
                                                                                                                                                                                ]
                                                                                                                                                                            }
                                                                                                                                                                        ]
                                                                                                                                                                    }
                                                                                                                                                                ]
                                                                                                                                                            }
                                                                                                                                                        ]
                                                                                                                                                    },
                                                                                                                                                    {
                                                                                                                                                        "Node Type": "Hash",
                                                                                                                                                        "Parent Relationship": "Inner",
                                                                                                                                                        "Parallel Aware": false,
                                                                                                                                                        "Startup Cost": 72012.16,
                                                                                                                                                        "Total Cost": 72012.16,
                                                                                                                                                        "Plan Rows": 901343,
                                                                                                                                                        "Plan Width": 4,
                                                                                                                                                        "Actual Startup Time": 416.724,
                                                                                                                                                        "Actual Total Time": 416.725,
                                                                                                                                                        "Actual Rows": 901343,
                                                                                                                                                        "Actual Loops": 1,
                                                                                                                                                        "Output": [
                                                                                                                                                            "an.person_id"
                                                                                                                                                        ],
                                                                                                                                                        "Hash Buckets": 1048576,
                                                                                                                                                        "Original Hash Buckets": 1048576,
                                                                                                                                                        "Hash Batches": 1,
                                                                                                                                                        "Original Hash Batches": 1,
                                                                                                                                                        "Peak Memory Usage": 39880,
                                                                                                                                                        "Plans": [
                                                                                                                                                            {
                                                                                                                                                                "Node Type": "Index Scan",
                                                                                                                                                                "Parent Relationship": "Outer",
                                                                                                                                                                "Parallel Aware": false,
                                                                                                                                                                "Scan Direction": "Forward",
                                                                                                                                                                "Index Name": "person_id_aka_name",
                                                                                                                                                                "Relation Name": "aka_name",
                                                                                                                                                                "Schema": "public",
                                                                                                                                                                "Alias": "an",
                                                                                                                                                                "Startup Cost": 0.42,
                                                                                                                                                                "Total Cost": 72012.16,
                                                                                                                                                                "Plan Rows": 901343,
                                                                                                                                                                "Plan Width": 4,
                                                                                                                                                                "Actual Startup Time": 0.018,
                                                                                                                                                                "Actual Total Time": 276.952,
                                                                                                                                                                "Actual Rows": 901343,
                                                                                                                                                                "Actual Loops": 1,
                                                                                                                                                                "Output": [
                                                                                                                                                                    "an.person_id"
                                                                                                                                                                ]
                                                                                                                                                            }
                                                                                                                                                        ]
                                                                                                                                                    }
                                                                                                                                                ]
                                                                                                                                            }
                                                                                                                                        ]
                                                                                                                                    }
                                                                                                                                ]
                                                                                                                            },
                                                                                                                            {
                                                                                                                                "Node Type": "Hash",
                                                                                                                                "Parent Relationship": "Inner",
                                                                                                                                "Parallel Aware": false,
                                                                                                                                "Startup Cost": 5342.92,
                                                                                                                                "Total Cost": 5342.92,
                                                                                                                                "Plan Rows": 1,
                                                                                                                                "Plan Width": 4,
                                                                                                                                "Actual Startup Time": 35.471,
                                                                                                                                "Actual Total Time": 35.472,
                                                                                                                                "Actual Rows": 1,
                                                                                                                                "Actual Loops": 1,
                                                                                                                                "Output": [
                                                                                                                                    "k.id"
                                                                                                                                ],
                                                                                                                                "Hash Buckets": 1024,
                                                                                                                                "Original Hash Buckets": 1024,
                                                                                                                                "Hash Batches": 1,
                                                                                                                                "Original Hash Batches": 1,
                                                                                                                                "Peak Memory Usage": 9,
                                                                                                                                "Plans": [
                                                                                                                                    {
                                                                                                                                        "Node Type": "Index Scan",
                                                                                                                                        "Parent Relationship": "Outer",
                                                                                                                                        "Parallel Aware": false,
                                                                                                                                        "Scan Direction": "Forward",
                                                                                                                                        "Index Name": "keyword_pkey",
                                                                                                                                        "Relation Name": "keyword",
                                                                                                                                        "Schema": "public",
                                                                                                                                        "Alias": "k",
                                                                                                                                        "Startup Cost": 0.42,
                                                                                                                                        "Total Cost": 5342.92,
                                                                                                                                        "Plan Rows": 1,
                                                                                                                                        "Plan Width": 4,
                                                                                                                                        "Actual Startup Time": 1.986,
                                                                                                                                        "Actual Total Time": 35.467,
                                                                                                                                        "Actual Rows": 1,
                                                                                                                                        "Actual Loops": 1,
                                                                                                                                        "Output": [
                                                                                                                                            "k.id"
                                                                                                                                        ],
                                                                                                                                        "Filter": "(k.keyword = 'computer-animation'::text)",
                                                                                                                                        "Rows Removed by Filter": 134169
                                                                                                                                    }
                                                                                                                                ]
                                                                                                                            }
                                                                                                                        ]
                                                                                                                    },
                                                                                                                    {
                                                                                                                        "Node Type": "Bitmap Heap Scan",
                                                                                                                        "Parent Relationship": "Inner",
                                                                                                                        "Parallel Aware": false,
                                                                                                                        "Relation Name": "person_info",
                                                                                                                        "Schema": "public",
                                                                                                                        "Alias": "pi",
                                                                                                                        "Startup Cost": 0.69,
                                                                                                                        "Total Cost": 5.0,
                                                                                                                        "Plan Rows": 25,
                                                                                                                        "Plan Width": 8,
                                                                                                                        "Actual Startup Time": 0.037,
                                                                                                                        "Actual Total Time": 0.086,
                                                                                                                        "Actual Rows": 184,
                                                                                                                        "Actual Loops": 11,
                                                                                                                        "Output": [
                                                                                                                            "pi.id",
                                                                                                                            "pi.person_id",
                                                                                                                            "pi.info_type_id",
                                                                                                                            "pi.info",
                                                                                                                            "pi.note"
                                                                                                                        ],
                                                                                                                        "Recheck Cond": "(pi.person_id = an.person_id)",
                                                                                                                        "Rows Removed by Index Recheck": 0,
                                                                                                                        "Exact Heap Blocks": 88,
                                                                                                                        "Lossy Heap Blocks": 0,
                                                                                                                        "Plans": [
                                                                                                                            {
                                                                                                                                "Node Type": "Bitmap Index Scan",
                                                                                                                                "Parent Relationship": "Outer",
                                                                                                                                "Parallel Aware": false,
                                                                                                                                "Index Name": "person_id_person_info",
                                                                                                                                "Startup Cost": 0.0,
                                                                                                                                "Total Cost": 0.68,
                                                                                                                                "Plan Rows": 25,
                                                                                                                                "Plan Width": 0,
                                                                                                                                "Actual Startup Time": 0.029,
                                                                                                                                "Actual Total Time": 0.029,
                                                                                                                                "Actual Rows": 184,
                                                                                                                                "Actual Loops": 11,
                                                                                                                                "Index Cond": "(pi.person_id = an.person_id)"
                                                                                                                            }
                                                                                                                        ]
                                                                                                                    }
                                                                                                                ]
                                                                                                            },
                                                                                                            {
                                                                                                                "Node Type": "Index Scan",
                                                                                                                "Parent Relationship": "Inner",
                                                                                                                "Parallel Aware": false,
                                                                                                                "Scan Direction": "Forward",
                                                                                                                "Index Name": "title_pkey",
                                                                                                                "Relation Name": "title",
                                                                                                                "Schema": "public",
                                                                                                                "Alias": "t",
                                                                                                                "Startup Cost": 0.43,
                                                                                                                "Total Cost": 0.49,
                                                                                                                "Plan Rows": 1,
                                                                                                                "Plan Width": 4,
                                                                                                                "Actual Startup Time": 0.001,
                                                                                                                "Actual Total Time": 0.001,
                                                                                                                "Actual Rows": 0,
                                                                                                                "Actual Loops": 2019,
                                                                                                                "Output": [
                                                                                                                    "t.id",
                                                                                                                    "t.title",
                                                                                                                    "t.imdb_index",
                                                                                                                    "t.kind_id",
                                                                                                                    "t.production_year",
                                                                                                                    "t.imdb_id",
                                                                                                                    "t.phonetic_code",
                                                                                                                    "t.episode_of_id",
                                                                                                                    "t.season_nr",
                                                                                                                    "t.episode_nr",
                                                                                                                    "t.series_years",
                                                                                                                    "t.md5sum"
                                                                                                                ],
                                                                                                                "Index Cond": "(t.id = mk.movie_id)",
                                                                                                                "Rows Removed by Index Recheck": 0,
                                                                                                                "Filter": "((t.production_year >= 2000) AND (t.production_year <= 2008) AND (t.title = 'Shrek 2'::text))",
                                                                                                                "Rows Removed by Filter": 1
                                                                                                            }
                                                                                                        ]
                                                                                                    }
                                                                                                ]
                                                                                            }
                                                                                        ]
                                                                                    }
                                                                                ]
                                                                            }
                                                                        ]
                                                                    }
                                                                ]
                                                            },
                                                            {
                                                                "Node Type": "Sort",
                                                                "Parent Relationship": "Inner",
                                                                "Parallel Aware": false,
                                                                "Startup Cost": 13593.56,
                                                                "Total Cost": 13931.28,
                                                                "Plan Rows": 135086,
                                                                "Plan Width": 12,
                                                                "Actual Startup Time": 35.91,
                                                                "Actual Total Time": 40.561,
                                                                "Actual Rows": 110758,
                                                                "Actual Loops": 1,
                                                                "Output": [
                                                                    "cc.movie_id",
                                                                    "cc.subject_id",
                                                                    "cc.status_id"
                                                                ],
                                                                "Sort Key": [
                                                                    "cc.movie_id"
                                                                ],
                                                                "Sort Method": "quicksort",
                                                                "Sort Space Used": 12477,
                                                                "Sort Space Type": "Memory",
                                                                "Plans": [
                                                                    {
                                                                        "Node Type": "Seq Scan",
                                                                        "Parent Relationship": "Outer",
                                                                        "Parallel Aware": false,
                                                                        "Relation Name": "complete_cast",
                                                                        "Schema": "public",
                                                                        "Alias": "cc",
                                                                        "Startup Cost": 0.0,
                                                                        "Total Cost": 2081.86,
                                                                        "Plan Rows": 135086,
                                                                        "Plan Width": 12,
                                                                        "Actual Startup Time": 0.017,
                                                                        "Actual Total Time": 11.87,
                                                                        "Actual Rows": 135086,
                                                                        "Actual Loops": 1,
                                                                        "Output": [
                                                                            "cc.movie_id",
                                                                            "cc.subject_id",
                                                                            "cc.status_id"
                                                                        ]
                                                                    }
                                                                ]
                                                            }
                                                        ]
                                                    },
                                                    {
                                                        "Node Type": "Sort",
                                                        "Parent Relationship": "Inner",
                                                        "Parallel Aware": false,
                                                        "Startup Cost": 10000322951.0,
                                                        "Total Cost": 10000329473.82,
                                                        "Plan Rows": 2609129,
                                                        "Plan Width": 8,
                                                        "Actual Startup Time": 712.428,
                                                        "Actual Total Time": 787.178,
                                                        "Actual Rows": 2122686,
                                                        "Actual Loops": 1,
                                                        "Output": [
                                                            "mc.movie_id",
                                                            "mc.company_id"
                                                        ],
                                                        "Sort Key": [
                                                            "mc.movie_id"
                                                        ],
                                                        "Sort Method": "quicksort",
                                                        "Sort Space Used": 220607,
                                                        "Sort Space Type": "Memory",
                                                        "Plans": [
                                                            {
                                                                "Node Type": "Seq Scan",
                                                                "Parent Relationship": "Outer",
                                                                "Parallel Aware": false,
                                                                "Relation Name": "movie_companies",
                                                                "Schema": "public",
                                                                "Alias": "mc",
                                                                "Startup Cost": 10000000000.0,
                                                                "Total Cost": 10000044881.29,
                                                                "Plan Rows": 2609129,
                                                                "Plan Width": 8,
                                                                "Actual Startup Time": 0.028,
                                                                "Actual Total Time": 272.069,
                                                                "Actual Rows": 2609129,
                                                                "Actual Loops": 1,
                                                                "Output": [
                                                                    "mc.movie_id",
                                                                    "mc.company_id"
                                                                ]
                                                            }
                                                        ]
                                                    }
                                                ]
                                            },
                                            {
                                                "Node Type": "Bitmap Heap Scan",
                                                "Parent Relationship": "Inner",
                                                "Parallel Aware": false,
                                                "Relation Name": "comp_cast_type",
                                                "Schema": "public",
                                                "Alias": "cct2",
                                                "Startup Cost": 0.14,
                                                "Total Cost": 4.15,
                                                "Plan Rows": 1,
                                                "Plan Width": 4,
                                                "Actual Startup Time": 0.002,
                                                "Actual Total Time": 0.002,
                                                "Actual Rows": 1,
                                                "Actual Loops": 66,
                                                "Output": [
                                                    "cct2.id",
                                                    "cct2.kind"
                                                ],
                                                "Recheck Cond": "(cct2.id = cc.status_id)",
                                                "Rows Removed by Index Recheck": 0,
                                                "Filter": "((cct2.kind)::text = 'complete+verified'::text)",
                                                "Rows Removed by Filter": 0,
                                                "Exact Heap Blocks": 66,
                                                "Lossy Heap Blocks": 0,
                                                "Plans": [
                                                    {
                                                        "Node Type": "Bitmap Index Scan",
                                                        "Parent Relationship": "Outer",
                                                        "Parallel Aware": false,
                                                        "Index Name": "comp_cast_type_pkey",
                                                        "Startup Cost": 0.0,
                                                        "Total Cost": 0.14,
                                                        "Plan Rows": 1,
                                                        "Plan Width": 0,
                                                        "Actual Startup Time": 0.001,
                                                        "Actual Total Time": 0.001,
                                                        "Actual Rows": 1,
                                                        "Actual Loops": 66,
                                                        "Index Cond": "(cct2.id = cc.status_id)"
                                                    }
                                                ]
                                            }
                                        ]
                                    }
                                ]
                            }
                        ]
                    },
                    {
                        "Node Type": "Index Scan",
                        "Parent Relationship": "Inner",
                        "Parallel Aware": false,
                        "Scan Direction": "Forward",
                        "Index Name": "comp_cast_type_pkey",
                        "Relation Name": "comp_cast_type",
                        "Schema": "public",
                        "Alias": "cct1",
                        "Startup Cost": 0.13,
                        "Total Cost": 0.15,
                        "Plan Rows": 1,
                        "Plan Width": 4,
                        "Actual Startup Time": 0.001,
                        "Actual Total Time": 0.001,
                        "Actual Rows": 1,
                        "Actual Loops": 15,
                        "Output": [
                            "cct1.id",
                            "cct1.kind"
                        ],
                        "Index Cond": "(cct1.id = cc.subject_id)",
                        "Rows Removed by Index Recheck": 0,
                        "Filter": "((cct1.kind)::text = 'cast'::text)",
                        "Rows Removed by Filter": 0
                    }
                ]
            }
        ]
    },
    "Planning Time": 1721.357,
    "Triggers": [],
    "Execution Time": 17328.811
}