[
  {
    "Plan": {
      "Node Type": "Aggregate",
      "Strategy": "Plain",
      "Partial Mode": "Finalize",
      "Parallel Aware": false,
      "Startup Cost": 345944.11,
      "Total Cost": 345944.12,
      "Plan Rows": 1,
      "Plan Width": 8,
      "Actual Startup Time": 760.223,
      "Actual Total Time": 825.495,
      "Actual Rows": 1,
      "Actual Loops": 1,
      "Plans": [
        {
          "Node Type": "Gather",
          "Parent Relationship": "Outer",
          "Parallel Aware": false,
          "Startup Cost": 345943.49,
          "Total Cost": 345944.1,
          "Plan Rows": 6,
          "Plan Width": 8,
          "Actual Startup Time": 760.012,
          "Actual Total Time": 825.481,
          "Actual Rows": 7,
          "Actual Loops": 1,
          "Workers Planned": 6,
          "Workers Launched": 6,
          "Single Copy": false,
          "Plans": [
            {
              "Node Type": "Aggregate",
              "Strategy": "Plain",
              "Partial Mode": "Partial",
              "Parent Relationship": "Outer",
              "Parallel Aware": false,
              "Startup Cost": 344943.49,
              "Total Cost": 344943.5,
              "Plan Rows": 1,
              "Plan Width": 8,
              "Actual Startup Time": 749.486,
              "Actual Total Time": 749.487,
              "Actual Rows": 1,
              "Actual Loops": 7,
              "Plans": [
                {
                  "Node Type": "Seq Scan",
                  "Parent Relationship": "Outer",
                  "Parallel Aware": true,
                  "Relation Name": "cast_info",
                  "Alias": "ci",
                  "Startup Cost": 0.0,
                  "Total Cost": 343316.27,
                  "Plan Rows": 650886,
                  "Plan Width": 0,
                  "Actual Startup Time": 384.118,
                  "Actual Total Time": 689.078,
                  "Actual Rows": 1244097,
                  "Actual Loops": 7,
                  "Filter": "((person_id > 2819145) AND (role_id > 2))",
                  "Rows Removed by Filter": 3933667
                }
              ]
            }
          ]
        }
      ]
    },
    "Planning Time": 0.242,
    "Triggers": [],
    "Execution Time": 825.575
  }
]