{
  "Plan": {
    "Node Type": "Aggregate",
    "Strategy": "Plain",
    "Partial Mode": "Finalize",
    "Parallel Aware": false,
    "Startup Cost": 455277.19,
    "Total Cost": 455277.2,
    "Plan Rows": 1,
    "Plan Width": 8,
    "Actual Startup Time": 2939.065,
    "Actual Total Time": 2992.99,
    "Actual Rows": 1,
    "Actual Loops": 1,
    "Plans": [
      {
        "Node Type": "Gather",
        "Parent Relationship": "Outer",
        "Parallel Aware": false,
        "Startup Cost": 455277.08,
        "Total Cost": 455277.19,
        "Plan Rows": 1,
        "Plan Width": 8,
        "Actual Startup Time": 2933.093,
        "Actual Total Time": 2992.982,
        "Actual Rows": 2,
        "Actual Loops": 1,
        "Workers Planned": 1,
        "Workers Launched": 1,
        "Single Copy": false,
        "Plans": [
          {
            "Node Type": "Aggregate",
            "Strategy": "Plain",
            "Partial Mode": "Partial",
            "Parent Relationship": "Outer",
            "Parallel Aware": false,
            "Startup Cost": 454277.08,
            "Total Cost": 454277.09,
            "Plan Rows": 1,
            "Plan Width": 8,
            "Actual Startup Time": 2924.987,
            "Actual Total Time": 2924.994,
            "Actual Rows": 1,
            "Actual Loops": 2,
            "Plans": [
              {
                "Node Type": "Hash Join",
                "Parent Relationship": "Outer",
                "Parallel Aware": true,
                "Join Type": "Inner",
                "Startup Cost": 117402.87,
                "Total Cost": 443742.02,
                "Plan Rows": 4214021,
                "Plan Width": 0,
                "Actual Startup Time": 863.078,
                "Actual Total Time": 2808.466,
                "Actual Rows": 2968090,
                "Actual Loops": 2,
                "Inner Unique": false,
                "Hash Cond": "(mi.movie_id = t.id)",
                "Plans": [
                  {
                    "Node Type": "Seq Scan",
                    "Parent Relationship": "Outer",
                    "Parallel Aware": true,
                    "Relation Name": "movie_info",
                    "Alias": "mi",
                    "Startup Cost": 0.0,
                    "Total Cost": 270696.42,
                    "Plan Rows": 8227834,
                    "Plan Width": 4,
                    "Actual Startup Time": 0.019,
                    "Actual Total Time": 778.921,
                    "Actual Rows": 7016790,
                    "Actual Loops": 2,
                    "Filter": "(info_type_id > 1)",
                    "Rows Removed by Filter": 401070
                  },
                  {
                    "Node Type": "Hash",
                    "Parent Relationship": "Inner",
                    "Parallel Aware": true,
                    "Startup Cost": 107881.49,
                    "Total Cost": 107881.49,
                    "Plan Rows": 761710,
                    "Plan Width": 8,
                    "Actual Startup Time": 848.156,
                    "Actual Total Time": 848.161,
                    "Actual Rows": 344062,
                    "Actual Loops": 2,
                    "Hash Buckets": 2097152,
                    "Original Hash Buckets": 2097152,
                    "Hash Batches": 1,
                    "Original Hash Batches": 1,
                    "Peak Memory Usage": 43328,
                    "Plans": [
                      {
                        "Node Type": "Hash Join",
                        "Parent Relationship": "Outer",
                        "Parallel Aware": true,
                        "Join Type": "Inner",
                        "Startup Cost": 66883.45,
                        "Total Cost": 107881.49,
                        "Plan Rows": 761710,
                        "Plan Width": 8,
                        "Actual Startup Time": 377.453,
                        "Actual Total Time": 750.536,
                        "Actual Rows": 344062,
                        "Actual Loops": 2,
                        "Inner Unique": true,
                        "Hash Cond": "(mc.movie_id = t.id)",
                        "Plans": [
                          {
                            "Node Type": "Seq Scan",
                            "Parent Relationship": "Outer",
                            "Parallel Aware": true,
                            "Relation Name": "movie_companies",
                            "Alias": "mc",
                            "Startup Cost": 0.0,
                            "Total Cost": 37974.77,
                            "Plan Rows": 1151721,
                            "Plan Width": 4,
                            "Actual Startup Time": 0.016,
                            "Actual Total Time": 126.034,
                            "Actual Rows": 972745,
                            "Actual Loops": 2,
                            "Filter": "(company_id < 51862)",
                            "Rows Removed by Filter": 331820
                          },
                          {
                            "Node Type": "Hash",
                            "Parent Relationship": "Inner",
                            "Parallel Aware": true,
                            "Startup Cost": 54588.39,
                            "Total Cost": 54588.39,
                            "Plan Rows": 983605,
                            "Plan Width": 4,
                            "Actual Startup Time": 370.236,
                            "Actual Total Time": 370.237,
                            "Actual Rows": 837049,
                            "Actual Loops": 2,
                            "Hash Buckets": 2097152,
                            "Original Hash Buckets": 2097152,
                            "Hash Batches": 1,
                            "Original Hash Batches": 1,
                            "Peak Memory Usage": 81920,
                            "Plans": [
                              {
                                "Node Type": "Seq Scan",
                                "Parent Relationship": "Outer",
                                "Parallel Aware": true,
                                "Relation Name": "title",
                                "Alias": "t",
                                "Startup Cost": 0.0,
                                "Total Cost": 54588.39,
                                "Plan Rows": 983605,
                                "Plan Width": 4,
                                "Actual Startup Time": 0.038,
                                "Actual Total Time": 160.58,
                                "Actual Rows": 837049,
                                "Actual Loops": 2,
                                "Filter": "(kind_id > 3)",
                                "Rows Removed by Filter": 427107
                              }
                            ]
                          }
                        ]
                      }
                    ]
                  }
                ]
              }
            ]
          }
        ]
      }
    ]
  },
  "Planning Time": 0.978,
  "Triggers": [],
  "Execution Time": 2993.076
}