[
    {
        "Bao": {
            "Bao prediction": "NaN",
            "Bao recommended hint": "(no hint)"
        }
    },
    {
        "Plan": {
            "Node Type": "Aggregate",
            "Strategy": "Plain",
            "Partial Mode": "Simple",
            "Parallel Aware": false,
            "Startup Cost": 25212.41,
            "Total Cost": 25212.42,
            "Plan Rows": 1,
            "Plan Width": 8,
            "Actual Startup Time": 23.617,
            "Actual Total Time": 23.618,
            "Actual Rows": 1,
            "Actual Loops": 1,
            "Output": [
                "count(*)"
            ],
            "Plans": [
                {
                    "Node Type": "Bitmap Heap Scan",
                    "Parent Relationship": "Outer",
                    "Parallel Aware": false,
                    "Relation Name": "title",
                    "Schema": "public",
                    "Alias": "t",
                    "Startup Cost": 222.48,
                    "Total Cost": 25182.07,
                    "Plan Rows": 12136,
                    "Plan Width": 0,
                    "Actual Startup Time": 7.222,
                    "Actual Total Time": 22.344,
                    "Actual Rows": 12600,
                    "Actual Loops": 1,
                    "Recheck Cond": "(t.kind_id = 6)",
                    "Rows Removed by Index Recheck": 0,
                    "Exact Heap Blocks": 7903,
                    "Lossy Heap Blocks": 0,
                    "Plans": [
                        {
                            "Node Type": "Bitmap Index Scan",
                            "Parent Relationship": "Outer",
                            "Parallel Aware": false,
                            "Index Name": "kind_id_title",
                            "Startup Cost": 0.0,
                            "Total Cost": 219.45,
                            "Plan Rows": 12136,
                            "Plan Width": 0,
                            "Actual Startup Time": 4.121,
                            "Actual Total Time": 4.122,
                            "Actual Rows": 12600,
                            "Actual Loops": 1,
                            "Index Cond": "(t.kind_id = 6)"
                        }
                    ]
                }
            ]
        },
        "Planning Time": 198.973,
        "Triggers": [],
        "Execution Time": 23.699
    }
]