[
  {
    "Plan": {
      "Node Type": "Aggregate",
      "Strategy": "Plain",
      "Partial Mode": "Finalize",
      "Parallel Aware": false,
      "Startup Cost": 97039.8,
      "Total Cost": 97039.81,
      "Plan Rows": 1,
      "Plan Width": 8,
      "Actual Startup Time": 321.922,
      "Actual Total Time": 343.748,
      "Actual Rows": 1,
      "Actual Loops": 1,
      "Plans": [
        {
          "Node Type": "Gather",
          "Parent Relationship": "Outer",
          "Parallel Aware": false,
          "Startup Cost": 97039.48,
          "Total Cost": 97039.79,
          "Plan Rows": 3,
          "Plan Width": 8,
          "Actual Startup Time": 321.913,
          "Actual Total Time": 343.742,
          "Actual Rows": 4,
          "Actual Loops": 1,
          "Workers Planned": 3,
          "Workers Launched": 3,
          "Single Copy": false,
          "Plans": [
            {
              "Node Type": "Aggregate",
              "Strategy": "Plain",
              "Partial Mode": "Partial",
              "Parent Relationship": "Outer",
              "Parallel Aware": false,
              "Startup Cost": 96039.48,
              "Total Cost": 96039.49,
              "Plan Rows": 1,
              "Plan Width": 8,
              "Actual Startup Time": 311.782,
              "Actual Total Time": 311.785,
              "Actual Rows": 1,
              "Actual Loops": 4,
              "Plans": [
                {
                  "Node Type": "Nested Loop",
                  "Parent Relationship": "Outer",
                  "Parallel Aware": false,
                  "Join Type": "Inner",
                  "Startup Cost": 44013.65,
                  "Total Cost": 95985.02,
                  "Plan Rows": 21786,
                  "Plan Width": 0,
                  "Actual Startup Time": 103.872,
                  "Actual Total Time": 305.235,
                  "Actual Rows": 146070,
                  "Actual Loops": 4,
                  "Inner Unique": false,
                  "Join Filter": "(t.id = mk.movie_id)",
                  "Rows Removed by Join Filter": 0,
                  "Plans": [
                    {
                      "Node Type": "Hash Join",
                      "Parent Relationship": "Outer",
                      "Parallel Aware": true,
                      "Join Type": "Inner",
                      "Startup Cost": 44013.22,
                      "Total Cost": 73429.11,
                      "Plan Rows": 12176,
                      "Plan Width": 8,
                      "Actual Startup Time": 103.553,
                      "Actual Total Time": 230.355,
                      "Actual Rows": 8509,
                      "Actual Loops": 4,
                      "Inner Unique": true,
                      "Hash Cond": "(mc.movie_id = t.id)",
                      "Plans": [
                        {
                          "Node Type": "Seq Scan",
                          "Parent Relationship": "Outer",
                          "Parallel Aware": true,
                          "Relation Name": "movie_companies",
                          "Alias": "mc",
                          "Startup Cost": 0.0,
                          "Total Cost": 27206.55,
                          "Plan Rows": 841655,
                          "Plan Width": 4,
                          "Actual Startup Time": 0.018,
                          "Actual Total Time": 58.967,
                          "Actual Rows": 652282,
                          "Actual Loops": 4
                        },
                        {
                          "Node Type": "Hash",
                          "Parent Relationship": "Inner",
                          "Parallel Aware": true,
                          "Startup Cost": 43898.92,
                          "Total Cost": 43898.92,
                          "Plan Rows": 9144,
                          "Plan Width": 4,
                          "Actual Startup Time": 101.825,
                          "Actual Total Time": 101.826,
                          "Actual Rows": 9127,
                          "Actual Loops": 4,
                          "Hash Buckets": 65536,
                          "Original Hash Buckets": 65536,
                          "Hash Batches": 1,
                          "Original Hash Batches": 1,
                          "Peak Memory Usage": 2016,
                          "Plans": [
                            {
                              "Node Type": "Seq Scan",
                              "Parent Relationship": "Outer",
                              "Parallel Aware": true,
                              "Relation Name": "title",
                              "Alias": "t",
                              "Startup Cost": 0.0,
                              "Total Cost": 43898.92,
                              "Plan Rows": 9144,
                              "Plan Width": 4,
                              "Actual Startup Time": 0.072,
                              "Actual Total Time": 96.772,
                              "Actual Rows": 9127,
                              "Actual Loops": 4,
                              "Filter": "(production_year = 1996)",
                              "Rows Removed by Filter": 622951
                            }
                          ]
                        }
                      ]
                    },
                    {
                      "Node Type": "Index Only Scan",
                      "Parent Relationship": "Inner",
                      "Parallel Aware": false,
                      "Scan Direction": "Forward",
                      "Index Name": "movie_id_movie_keyword",
                      "Relation Name": "movie_keyword",
                      "Alias": "mk",
                      "Startup Cost": 0.43,
                      "Total Cost": 1.29,
                      "Plan Rows": 45,
                      "Plan Width": 4,
                      "Actual Startup Time": 0.004,
                      "Actual Total Time": 0.007,
                      "Actual Rows": 17,
                      "Actual Loops": 34035,
                      "Index Cond": "(movie_id = mc.movie_id)",
                      "Rows Removed by Index Recheck": 0,
                      "Heap Fetches": 584280
                    }
                  ]
                }
              ]
            }
          ]
        }
      ]
    },
    "Planning Time": 1.303,
    "Triggers": [],
    "Execution Time": 343.828
  }
]