[
  {
    "Plan": {
      "Node Type": "Aggregate",
      "Strategy": "Plain",
      "Partial Mode": "Finalize",
      "Parallel Aware": false,
      "Startup Cost": 59968.23,
      "Total Cost": 59968.24,
      "Plan Rows": 1,
      "Plan Width": 8,
      "Actual Startup Time": 107.36,
      "Actual Total Time": 120.898,
      "Actual Rows": 1,
      "Actual Loops": 1,
      "Plans": [
        {
          "Node Type": "Gather",
          "Parent Relationship": "Outer",
          "Parallel Aware": false,
          "Startup Cost": 59967.81,
          "Total Cost": 59968.22,
          "Plan Rows": 4,
          "Plan Width": 8,
          "Actual Startup Time": 107.153,
          "Actual Total Time": 120.881,
          "Actual Rows": 5,
          "Actual Loops": 1,
          "Workers Planned": 4,
          "Workers Launched": 4,
          "Single Copy": false,
          "Plans": [
            {
              "Node Type": "Aggregate",
              "Strategy": "Plain",
              "Partial Mode": "Partial",
              "Parent Relationship": "Outer",
              "Parallel Aware": false,
              "Startup Cost": 58967.81,
              "Total Cost": 58967.82,
              "Plan Rows": 1,
              "Plan Width": 8,
              "Actual Startup Time": 100.22,
              "Actual Total Time": 100.222,
              "Actual Rows": 1,
              "Actual Loops": 5,
              "Plans": [
                {
                  "Node Type": "Nested Loop",
                  "Parent Relationship": "Outer",
                  "Parallel Aware": false,
                  "Join Type": "Inner",
                  "Startup Cost": 0.43,
                  "Total Cost": 58966.31,
                  "Plan Rows": 598,
                  "Plan Width": 0,
                  "Actual Startup Time": 0.853,
                  "Actual Total Time": 100.119,
                  "Actual Rows": 624,
                  "Actual Loops": 5,
                  "Inner Unique": false,
                  "Plans": [
                    {
                      "Node Type": "Seq Scan",
                      "Parent Relationship": "Outer",
                      "Parallel Aware": true,
                      "Relation Name": "title",
                      "Alias": "t",
                      "Startup Cost": 0.0,
                      "Total Cost": 43899.32,
                      "Plan Rows": 3287,
                      "Plan Width": 4,
                      "Actual Startup Time": 0.225,
                      "Actual Total Time": 82.41,
                      "Actual Rows": 2870,
                      "Actual Loops": 5,
                      "Filter": "(production_year = 1969)",
                      "Rows Removed by Filter": 502793
                    },
                    {
                      "Node Type": "Index Scan",
                      "Parent Relationship": "Inner",
                      "Parallel Aware": false,
                      "Scan Direction": "Forward",
                      "Index Name": "movie_id_movie_info_idx",
                      "Relation Name": "movie_info_idx",
                      "Alias": "mi_idx",
                      "Startup Cost": 0.43,
                      "Total Cost": 4.57,
                      "Plan Rows": 1,
                      "Plan Width": 4,
                      "Actual Startup Time": 0.006,
                      "Actual Total Time": 0.006,
                      "Actual Rows": 0,
                      "Actual Loops": 14349,
                      "Index Cond": "(movie_id = t.id)",
                      "Rows Removed by Index Recheck": 0,
                      "Filter": "(info_type_id = 100)",
                      "Rows Removed by Filter": 0
                    }
                  ]
                }
              ]
            }
          ]
        }
      ]
    },
    "Planning Time": 0.333,
    "Triggers": [],
    "Execution Time": 120.941
  }
]