{
  "Plan": {
    "Node Type": "Aggregate",
    "Strategy": "Plain",
    "Partial Mode": "Finalize",
    "Parallel Aware": false,
    "Startup Cost": 749483.18,
    "Total Cost": 749483.19,
    "Plan Rows": 1,
    "Plan Width": 8,
    "Actual Startup Time": 1327.277,
    "Actual Total Time": 1393.321,
    "Actual Rows": 1,
    "Actual Loops": 1,
    "Plans": [
      {
        "Node Type": "Gather",
        "Parent Relationship": "Outer",
        "Parallel Aware": false,
        "Startup Cost": 749483.07,
        "Total Cost": 749483.18,
        "Plan Rows": 1,
        "Plan Width": 8,
        "Actual Startup Time": 1327.081,
        "Actual Total Time": 1393.312,
        "Actual Rows": 2,
        "Actual Loops": 1,
        "Workers Planned": 1,
        "Workers Launched": 1,
        "Single Copy": false,
        "Plans": [
          {
            "Node Type": "Aggregate",
            "Strategy": "Plain",
            "Partial Mode": "Partial",
            "Parent Relationship": "Outer",
            "Parallel Aware": false,
            "Startup Cost": 748483.07,
            "Total Cost": 748483.08,
            "Plan Rows": 1,
            "Plan Width": 8,
            "Actual Startup Time": 1323.7,
            "Actual Total Time": 1323.704,
            "Actual Rows": 1,
            "Actual Loops": 2,
            "Plans": [
              {
                "Node Type": "Hash Join",
                "Parent Relationship": "Outer",
                "Parallel Aware": true,
                "Join Type": "Inner",
                "Startup Cost": 442414.89,
                "Total Cost": 748334.03,
                "Plan Rows": 59614,
                "Plan Width": 0,
                "Actual Startup Time": 284.98,
                "Actual Total Time": 1318.974,
                "Actual Rows": 109338,
                "Actual Loops": 2,
                "Inner Unique": false,
                "Hash Cond": "(mi.movie_id = t.id)",
                "Plans": [
                  {
                    "Node Type": "Seq Scan",
                    "Parent Relationship": "Outer",
                    "Parallel Aware": true,
                    "Relation Name": "movie_info",
                    "Alias": "mi",
                    "Startup Cost": 0.0,
                    "Total Cost": 270696.42,
                    "Plan Rows": 5579529,
                    "Plan Width": 4,
                    "Actual Startup Time": 0.012,
                    "Actual Total Time": 725.726,
                    "Actual Rows": 4782576,
                    "Actual Loops": 2,
                    "Filter": "(info_type_id < 16)",
                    "Rows Removed by Filter": 2635284
                  },
                  {
                    "Node Type": "Hash",
                    "Parent Relationship": "Inner",
                    "Parallel Aware": true,
                    "Startup Cost": 442216.26,
                    "Total Cost": 442216.26,
                    "Plan Rows": 15890,
                    "Plan Width": 8,
                    "Actual Startup Time": 282.775,
                    "Actual Total Time": 282.777,
                    "Actual Rows": 10637,
                    "Actual Loops": 2,
                    "Hash Buckets": 32768,
                    "Original Hash Buckets": 32768,
                    "Hash Batches": 1,
                    "Original Hash Batches": 1,
                    "Peak Memory Usage": 1120,
                    "Plans": [
                      {
                        "Node Type": "Nested Loop",
                        "Parent Relationship": "Outer",
                        "Parallel Aware": false,
                        "Join Type": "Inner",
                        "Startup Cost": 0.56,
                        "Total Cost": 442216.26,
                        "Plan Rows": 15890,
                        "Plan Width": 8,
                        "Actual Startup Time": 1.775,
                        "Actual Total Time": 279.281,
                        "Actual Rows": 10637,
                        "Actual Loops": 2,
                        "Inner Unique": false,
                        "Plans": [
                          {
                            "Node Type": "Seq Scan",
                            "Parent Relationship": "Outer",
                            "Parallel Aware": true,
                            "Relation Name": "title",
                            "Alias": "t",
                            "Startup Cost": 0.0,
                            "Total Cost": 58306.47,
                            "Plan Rows": 3558,
                            "Plan Width": 4,
                            "Actual Startup Time": 0.698,
                            "Actual Total Time": 132.087,
                            "Actual Rows": 3086,
                            "Actual Loops": 2,
                            "Filter": "((kind_id < 7) AND (production_year = 1971))",
                            "Rows Removed by Filter": 1261070
                          },
                          {
                            "Node Type": "Index Scan",
                            "Parent Relationship": "Inner",
                            "Parallel Aware": false,
                            "Scan Direction": "Forward",
                            "Index Name": "movie_id_cast_info",
                            "Relation Name": "cast_info",
                            "Alias": "ci",
                            "Startup Cost": 0.56,
                            "Total Cost": 107.79,
                            "Plan Rows": 11,
                            "Plan Width": 4,
                            "Actual Startup Time": 0.037,
                            "Actual Total Time": 0.047,
                            "Actual Rows": 3,
                            "Actual Loops": 6173,
                            "Index Cond": "(movie_id = t.id)",
                            "Rows Removed by Index Recheck": 0,
                            "Filter": "(person_id > 2580613)",
                            "Rows Removed by Filter": 11
                          }
                        ]
                      }
                    ]
                  }
                ]
              }
            ]
          }
        ]
      }
    ]
  },
  "Planning Time": 1.09,
  "Triggers": [],
  "Execution Time": 1393.423
}