[
  {
    "Plan": {
      "Node Type": "Aggregate",
      "Strategy": "Plain",
      "Partial Mode": "Finalize",
      "Parallel Aware": false,
      "Startup Cost": 98541.09,
      "Total Cost": 98541.1,
      "Plan Rows": 1,
      "Plan Width": 8,
      "Actual Startup Time": 723.27,
      "Actual Total Time": 744.913,
      "Actual Rows": 1,
      "Actual Loops": 1,
      "Plans": [
        {
          "Node Type": "Gather",
          "Parent Relationship": "Outer",
          "Parallel Aware": false,
          "Startup Cost": 98540.77,
          "Total Cost": 98541.08,
          "Plan Rows": 3,
          "Plan Width": 8,
          "Actual Startup Time": 708.156,
          "Actual Total Time": 744.903,
          "Actual Rows": 4,
          "Actual Loops": 1,
          "Workers Planned": 3,
          "Workers Launched": 3,
          "Single Copy": false,
          "Plans": [
            {
              "Node Type": "Aggregate",
              "Strategy": "Plain",
              "Partial Mode": "Partial",
              "Parent Relationship": "Outer",
              "Parallel Aware": false,
              "Startup Cost": 97540.77,
              "Total Cost": 97540.78,
              "Plan Rows": 1,
              "Plan Width": 8,
              "Actual Startup Time": 688.911,
              "Actual Total Time": 688.915,
              "Actual Rows": 1,
              "Actual Loops": 4,
              "Plans": [
                {
                  "Node Type": "Hash Join",
                  "Parent Relationship": "Outer",
                  "Parallel Aware": true,
                  "Join Type": "Inner",
                  "Startup Cost": 51262.73,
                  "Total Cost": 94140.81,
                  "Plan Rows": 1359983,
                  "Plan Width": 0,
                  "Actual Startup Time": 366.471,
                  "Actual Total Time": 643.832,
                  "Actual Rows": 1104963,
                  "Actual Loops": 4,
                  "Inner Unique": true,
                  "Hash Cond": "(mk.movie_id = t.id)",
                  "Plans": [
                    {
                      "Node Type": "Seq Scan",
                      "Parent Relationship": "Outer",
                      "Parallel Aware": true,
                      "Relation Name": "movie_keyword",
                      "Alias": "mk",
                      "Startup Cost": 0.0,
                      "Total Cost": 39047.32,
                      "Plan Rows": 1459332,
                      "Plan Width": 4,
                      "Actual Startup Time": 0.028,
                      "Actual Total Time": 84.771,
                      "Actual Rows": 1130982,
                      "Actual Loops": 4
                    },
                    {
                      "Node Type": "Hash",
                      "Parent Relationship": "Inner",
                      "Parallel Aware": true,
                      "Startup Cost": 43899.32,
                      "Total Cost": 43899.32,
                      "Plan Rows": 589073,
                      "Plan Width": 4,
                      "Actual Startup Time": 354.546,
                      "Actual Total Time": 354.547,
                      "Actual Rows": 587348,
                      "Actual Loops": 4,
                      "Hash Buckets": 4194304,
                      "Original Hash Buckets": 4194304,
                      "Hash Batches": 1,
                      "Original Hash Batches": 1,
                      "Peak Memory Usage": 124736,
                      "Plans": [
                        {
                          "Node Type": "Seq Scan",
                          "Parent Relationship": "Outer",
                          "Parallel Aware": true,
                          "Relation Name": "title",
                          "Alias": "t",
                          "Startup Cost": 0.0,
                          "Total Cost": 43899.32,
                          "Plan Rows": 589073,
                          "Plan Width": 4,
                          "Actual Startup Time": 0.05,
                          "Actual Total Time": 115.281,
                          "Actual Rows": 587348,
                          "Actual Loops": 4,
                          "Filter": "(production_year > 1926)",
                          "Rows Removed by Filter": 44730
                        }
                      ]
                    }
                  ]
                }
              ]
            }
          ]
        }
      ]
    },
    "Planning Time": 0.502,
    "Triggers": [],
    "Execution Time": 744.973
  }
]