[
    {
        "Bao": {
            "Bao prediction": "NaN",
            "Bao recommended hint": "(no hint)"
        }
    },
    {
        "Plan": {
            "Node Type": "Aggregate",
            "Strategy": "Plain",
            "Partial Mode": "Finalize",
            "Parallel Aware": false,
            "Startup Cost": 31565.68,
            "Total Cost": 31565.69,
            "Plan Rows": 1,
            "Plan Width": 8,
            "Actual Startup Time": 83.259,
            "Actual Total Time": 86.883,
            "Actual Rows": 1,
            "Actual Loops": 1,
            "Output": [
                "count(*)"
            ],
            "Plans": [
                {
                    "Node Type": "Gather",
                    "Parent Relationship": "Outer",
                    "Parallel Aware": false,
                    "Startup Cost": 31565.36,
                    "Total Cost": 31565.67,
                    "Plan Rows": 3,
                    "Plan Width": 8,
                    "Actual Startup Time": 83.124,
                    "Actual Total Time": 86.876,
                    "Actual Rows": 4,
                    "Actual Loops": 1,
                    "Output": [
                        "(PARTIAL count(*))"
                    ],
                    "Workers Planned": 3,
                    "Workers Launched": 3,
                    "Single Copy": false,
                    "Plans": [
                        {
                            "Node Type": "Aggregate",
                            "Strategy": "Plain",
                            "Partial Mode": "Partial",
                            "Parent Relationship": "Outer",
                            "Parallel Aware": false,
                            "Startup Cost": 30565.36,
                            "Total Cost": 30565.37,
                            "Plan Rows": 1,
                            "Plan Width": 8,
                            "Actual Startup Time": 73.683,
                            "Actual Total Time": 73.685,
                            "Actual Rows": 1,
                            "Actual Loops": 4,
                            "Output": [
                                "PARTIAL count(*)"
                            ],
                            "Workers": [
                                {
                                    "Worker Number": 0,
                                    "Actual Startup Time": 70.376,
                                    "Actual Total Time": 70.378,
                                    "Actual Rows": 1,
                                    "Actual Loops": 1
                                },
                                {
                                    "Worker Number": 1,
                                    "Actual Startup Time": 70.624,
                                    "Actual Total Time": 70.626,
                                    "Actual Rows": 1,
                                    "Actual Loops": 1
                                },
                                {
                                    "Worker Number": 2,
                                    "Actual Startup Time": 70.995,
                                    "Actual Total Time": 70.997,
                                    "Actual Rows": 1,
                                    "Actual Loops": 1
                                }
                            ],
                            "Plans": [
                                {
                                    "Node Type": "Bitmap Heap Scan",
                                    "Parent Relationship": "Outer",
                                    "Parallel Aware": true,
                                    "Relation Name": "movie_companies",
                                    "Schema": "public",
                                    "Alias": "mc",
                                    "Startup Cost": 9468.31,
                                    "Total Cost": 30384.68,
                                    "Plan Rows": 72273,
                                    "Plan Width": 0,
                                    "Actual Startup Time": 25.539,
                                    "Actual Total Time": 66.675,
                                    "Actual Rows": 110901,
                                    "Actual Loops": 4,
                                    "Recheck Cond": "(mc.company_id > 77866)",
                                    "Rows Removed by Index Recheck": 0,
                                    "Filter": "(mc.company_type_id > 1)",
                                    "Rows Removed by Filter": 0,
                                    "Exact Heap Blocks": 3649,
                                    "Lossy Heap Blocks": 0,
                                    "Workers": [
                                        {
                                            "Worker Number": 0,
                                            "Actual Startup Time": 22.446,
                                            "Actual Total Time": 63.956,
                                            "Actual Rows": 74970,
                                            "Actual Loops": 1
                                        },
                                        {
                                            "Worker Number": 1,
                                            "Actual Startup Time": 22.549,
                                            "Actual Total Time": 64.288,
                                            "Actual Rows": 69735,
                                            "Actual Loops": 1
                                        },
                                        {
                                            "Worker Number": 2,
                                            "Actual Startup Time": 22.833,
                                            "Actual Total Time": 64.555,
                                            "Actual Rows": 74094,
                                            "Actual Loops": 1
                                        }
                                    ],
                                    "Plans": [
                                        {
                                            "Node Type": "Bitmap Index Scan",
                                            "Parent Relationship": "Outer",
                                            "Parallel Aware": false,
                                            "Index Name": "company_id_movie_companies",
                                            "Startup Cost": 0.0,
                                            "Total Cost": 9412.3,
                                            "Plan Rows": 439449,
                                            "Plan Width": 0,
                                            "Actual Startup Time": 33.439,
                                            "Actual Total Time": 33.439,
                                            "Actual Rows": 443605,
                                            "Actual Loops": 1,
                                            "Index Cond": "(mc.company_id > 77866)"
                                        }
                                    ]
                                }
                            ]
                        }
                    ]
                }
            ]
        },
        "Planning Time": 188.4,
        "Triggers": [],
        "Execution Time": 86.985
    }
]