[
  {
    "Plan": {
      "Node Type": "Aggregate",
      "Strategy": "Plain",
      "Partial Mode": "Finalize",
      "Parallel Aware": false,
      "Startup Cost": 77266.61,
      "Total Cost": 77266.62,
      "Plan Rows": 1,
      "Plan Width": 8,
      "Actual Startup Time": 192.968,
      "Actual Total Time": 208.534,
      "Actual Rows": 1,
      "Actual Loops": 1,
      "Plans": [
        {
          "Node Type": "Gather",
          "Parent Relationship": "Outer",
          "Parallel Aware": false,
          "Startup Cost": 77266.29,
          "Total Cost": 77266.6,
          "Plan Rows": 3,
          "Plan Width": 8,
          "Actual Startup Time": 192.591,
          "Actual Total Time": 208.526,
          "Actual Rows": 4,
          "Actual Loops": 1,
          "Workers Planned": 3,
          "Workers Launched": 3,
          "Single Copy": false,
          "Plans": [
            {
              "Node Type": "Aggregate",
              "Strategy": "Plain",
              "Partial Mode": "Partial",
              "Parent Relationship": "Outer",
              "Parallel Aware": false,
              "Startup Cost": 76266.29,
              "Total Cost": 76266.3,
              "Plan Rows": 1,
              "Plan Width": 8,
              "Actual Startup Time": 185.721,
              "Actual Total Time": 185.727,
              "Actual Rows": 1,
              "Actual Loops": 4,
              "Plans": [
                {
                  "Node Type": "Hash Join",
                  "Parent Relationship": "Outer",
                  "Parallel Aware": true,
                  "Join Type": "Inner",
                  "Startup Cost": 44023.63,
                  "Total Cost": 76254.07,
                  "Plan Rows": 4889,
                  "Plan Width": 0,
                  "Actual Startup Time": 125.533,
                  "Actual Total Time": 185.483,
                  "Actual Rows": 3949,
                  "Actual Loops": 4,
                  "Inner Unique": true,
                  "Hash Cond": "(mc.movie_id = t.id)",
                  "Plans": [
                    {
                      "Node Type": "Seq Scan",
                      "Parent Relationship": "Outer",
                      "Parallel Aware": true,
                      "Relation Name": "movie_companies",
                      "Alias": "mc",
                      "Startup Cost": 0.0,
                      "Total Cost": 31414.82,
                      "Plan Rows": 310712,
                      "Plan Width": 4,
                      "Actual Startup Time": 31.963,
                      "Actual Total Time": 67.936,
                      "Actual Rows": 281188,
                      "Actual Loops": 4,
                      "Filter": "((company_id > 1406) AND (company_type_id > 1))",
                      "Rows Removed by Filter": 371094
                    },
                    {
                      "Node Type": "Hash",
                      "Parent Relationship": "Inner",
                      "Parallel Aware": true,
                      "Startup Cost": 43899.32,
                      "Total Cost": 43899.32,
                      "Plan Rows": 9945,
                      "Plan Width": 4,
                      "Actual Startup Time": 92.744,
                      "Actual Total Time": 92.746,
                      "Actual Rows": 9739,
                      "Actual Loops": 4,
                      "Hash Buckets": 65536,
                      "Original Hash Buckets": 65536,
                      "Hash Batches": 1,
                      "Original Hash Batches": 1,
                      "Peak Memory Usage": 2112,
                      "Plans": [
                        {
                          "Node Type": "Seq Scan",
                          "Parent Relationship": "Outer",
                          "Parallel Aware": true,
                          "Relation Name": "title",
                          "Alias": "t",
                          "Startup Cost": 0.0,
                          "Total Cost": 43899.32,
                          "Plan Rows": 9945,
                          "Plan Width": 4,
                          "Actual Startup Time": 0.053,
                          "Actual Total Time": 88.478,
                          "Actual Rows": 9739,
                          "Actual Loops": 4,
                          "Filter": "(production_year = 1997)",
                          "Rows Removed by Filter": 622339
                        }
                      ]
                    }
                  ]
                }
              ]
            }
          ]
        }
      ]
    },
    "Planning Time": 0.269,
    "Triggers": [],
    "Execution Time": 208.566
  }
]