[
  {
    "Plan": {
      "Node Type": "Aggregate",
      "Strategy": "Plain",
      "Partial Mode": "Finalize",
      "Parallel Aware": false,
      "Startup Cost": 377947.5,
      "Total Cost": 377947.51,
      "Plan Rows": 1,
      "Plan Width": 8,
      "Actual Startup Time": 1682.636,
      "Actual Total Time": 1750.422,
      "Actual Rows": 1,
      "Actual Loops": 1,
      "Plans": [
        {
          "Node Type": "Gather",
          "Parent Relationship": "Outer",
          "Parallel Aware": false,
          "Startup Cost": 377946.87,
          "Total Cost": 377947.48,
          "Plan Rows": 6,
          "Plan Width": 8,
          "Actual Startup Time": 1681.023,
          "Actual Total Time": 1750.411,
          "Actual Rows": 7,
          "Actual Loops": 1,
          "Workers Planned": 6,
          "Workers Launched": 6,
          "Single Copy": false,
          "Plans": [
            {
              "Node Type": "Aggregate",
              "Strategy": "Plain",
              "Partial Mode": "Partial",
              "Parent Relationship": "Outer",
              "Parallel Aware": false,
              "Startup Cost": 376946.87,
              "Total Cost": 376946.88,
              "Plan Rows": 1,
              "Plan Width": 8,
              "Actual Startup Time": 1672.761,
              "Actual Total Time": 1672.764,
              "Actual Rows": 1,
              "Actual Loops": 7,
              "Plans": [
                {
                  "Node Type": "Hash Join",
                  "Parent Relationship": "Outer",
                  "Parallel Aware": true,
                  "Join Type": "Inner",
                  "Startup Cost": 46355.56,
                  "Total Cost": 375272.36,
                  "Plan Rows": 669806,
                  "Plan Width": 0,
                  "Actual Startup Time": 106.893,
                  "Actual Total Time": 1633.704,
                  "Actual Rows": 777793,
                  "Actual Loops": 7,
                  "Inner Unique": true,
                  "Hash Cond": "(ci.movie_id = t.id)",
                  "Plans": [
                    {
                      "Node Type": "Seq Scan",
                      "Parent Relationship": "Outer",
                      "Parallel Aware": true,
                      "Relation Name": "cast_info",
                      "Alias": "ci",
                      "Startup Cost": 0.0,
                      "Total Cost": 313067.02,
                      "Plan Rows": 6038002,
                      "Plan Width": 4,
                      "Actual Startup Time": 0.024,
                      "Actual Total Time": 550.819,
                      "Actual Rows": 5177763,
                      "Actual Loops": 7
                    },
                    {
                      "Node Type": "Hash",
                      "Parent Relationship": "Inner",
                      "Parallel Aware": true,
                      "Startup Cost": 45479.1,
                      "Total Cost": 45479.1,
                      "Plan Rows": 70117,
                      "Plan Width": 4,
                      "Actual Startup Time": 104.698,
                      "Actual Total Time": 104.699,
                      "Actual Rows": 54614,
                      "Actual Loops": 7,
                      "Hash Buckets": 524288,
                      "Original Hash Buckets": 524288,
                      "Hash Batches": 1,
                      "Original Hash Batches": 1,
                      "Peak Memory Usage": 19200,
                      "Plans": [
                        {
                          "Node Type": "Seq Scan",
                          "Parent Relationship": "Outer",
                          "Parallel Aware": true,
                          "Relation Name": "title",
                          "Alias": "t",
                          "Startup Cost": 0.0,
                          "Total Cost": 45479.1,
                          "Plan Rows": 70117,
                          "Plan Width": 4,
                          "Actual Startup Time": 48.658,
                          "Actual Total Time": 78.957,
                          "Actual Rows": 54614,
                          "Actual Loops": 7,
                          "Filter": "((production_year < 2001) AND (kind_id = 1))",
                          "Rows Removed by Filter": 306574
                        }
                      ]
                    }
                  ]
                }
              ]
            }
          ]
        }
      ]
    },
    "Planning Time": 0.627,
    "Triggers": [],
    "Execution Time": 1750.509
  }
]