{
  "Plan": {
    "Node Type": "Aggregate",
    "Strategy": "Plain",
    "Partial Mode": "Finalize",
    "Parallel Aware": false,
    "Startup Cost": 163926.37,
    "Total Cost": 163926.38,
    "Plan Rows": 1,
    "Plan Width": 8,
    "Actual Startup Time": 474.103,
    "Actual Total Time": 486.248,
    "Actual Rows": 1,
    "Actual Loops": 1,
    "Plans": [
      {
        "Node Type": "Gather",
        "Parent Relationship": "Outer",
        "Parallel Aware": false,
        "Startup Cost": 163926.25,
        "Total Cost": 163926.36,
        "Plan Rows": 1,
        "Plan Width": 8,
        "Actual Startup Time": 473.407,
        "Actual Total Time": 486.241,
        "Actual Rows": 2,
        "Actual Loops": 1,
        "Workers Planned": 1,
        "Workers Launched": 1,
        "Single Copy": false,
        "Plans": [
          {
            "Node Type": "Aggregate",
            "Strategy": "Plain",
            "Partial Mode": "Partial",
            "Parent Relationship": "Outer",
            "Parallel Aware": false,
            "Startup Cost": 162926.25,
            "Total Cost": 162926.26,
            "Plan Rows": 1,
            "Plan Width": 8,
            "Actual Startup Time": 467.329,
            "Actual Total Time": 467.334,
            "Actual Rows": 1,
            "Actual Loops": 2,
            "Plans": [
              {
                "Node Type": "Nested Loop",
                "Parent Relationship": "Outer",
                "Parallel Aware": false,
                "Join Type": "Inner",
                "Startup Cost": 61243.55,
                "Total Cost": 162722.06,
                "Plan Rows": 81679,
                "Plan Width": 0,
                "Actual Startup Time": 201.957,
                "Actual Total Time": 462.5,
                "Actual Rows": 94028,
                "Actual Loops": 2,
                "Inner Unique": false,
                "Join Filter": "(t.id = mc.movie_id)",
                "Rows Removed by Join Filter": 0,
                "Plans": [
                  {
                    "Node Type": "Hash Join",
                    "Parent Relationship": "Outer",
                    "Parallel Aware": true,
                    "Join Type": "Inner",
                    "Startup Cost": 61243.12,
                    "Total Cost": 79426.91,
                    "Plan Rows": 128234,
                    "Plan Width": 8,
                    "Actual Startup Time": 201.523,
                    "Actual Total Time": 338.707,
                    "Actual Rows": 52522,
                    "Actual Loops": 2,
                    "Inner Unique": true,
                    "Hash Cond": "(mi_idx.movie_id = t.id)",
                    "Plans": [
                      {
                        "Node Type": "Seq Scan",
                        "Parent Relationship": "Outer",
                        "Parallel Aware": true,
                        "Relation Name": "movie_info_idx",
                        "Alias": "mi_idx",
                        "Startup Cost": 0.0,
                        "Total Cost": 16052.85,
                        "Plan Rows": 811785,
                        "Plan Width": 4,
                        "Actual Startup Time": 0.02,
                        "Actual Total Time": 49.007,
                        "Actual Rows": 690018,
                        "Actual Loops": 2
                      },
                      {
                        "Node Type": "Hash",
                        "Parent Relationship": "Inner",
                        "Parallel Aware": true,
                        "Startup Cost": 58306.47,
                        "Total Cost": 58306.47,
                        "Plan Rows": 234932,
                        "Plan Width": 4,
                        "Actual Startup Time": 195.912,
                        "Actual Total Time": 195.913,
                        "Actual Rows": 144446,
                        "Actual Loops": 2,
                        "Hash Buckets": 524288,
                        "Original Hash Buckets": 524288,
                        "Hash Batches": 1,
                        "Original Hash Batches": 1,
                        "Peak Memory Usage": 15424,
                        "Plans": [
                          {
                            "Node Type": "Seq Scan",
                            "Parent Relationship": "Outer",
                            "Parallel Aware": true,
                            "Relation Name": "title",
                            "Alias": "t",
                            "Startup Cost": 0.0,
                            "Total Cost": 58306.47,
                            "Plan Rows": 234932,
                            "Plan Width": 4,
                            "Actual Startup Time": 0.03,
                            "Actual Total Time": 149.877,
                            "Actual Rows": 144446,
                            "Actual Loops": 2,
                            "Filter": "((production_year < 1989) AND (kind_id = 7))",
                            "Rows Removed by Filter": 1119710
                          }
                        ]
                      }
                    ]
                  },
                  {
                    "Node Type": "Index Scan",
                    "Parent Relationship": "Inner",
                    "Parallel Aware": false,
                    "Scan Direction": "Forward",
                    "Index Name": "movie_id_movie_companies",
                    "Relation Name": "movie_companies",
                    "Alias": "mc",
                    "Startup Cost": 0.43,
                    "Total Cost": 0.61,
                    "Plan Rows": 3,
                    "Plan Width": 4,
                    "Actual Startup Time": 0.002,
                    "Actual Total Time": 0.002,
                    "Actual Rows": 2,
                    "Actual Loops": 105045,
                    "Index Cond": "(movie_id = mi_idx.movie_id)",
                    "Rows Removed by Index Recheck": 0,
                    "Filter": "(company_id < 16339)",
                    "Rows Removed by Filter": 1
                  }
                ]
              }
            ]
          }
        ]
      }
    ]
  },
  "Planning Time": 1.113,
  "Triggers": [],
  "Execution Time": 486.339
}