[
  {
    "Plan": {
      "Node Type": "Aggregate",
      "Strategy": "Plain",
      "Partial Mode": "Finalize",
      "Parallel Aware": false,
      "Startup Cost": 346165.19,
      "Total Cost": 346165.2,
      "Plan Rows": 1,
      "Plan Width": 8,
      "Actual Startup Time": 731.59,
      "Actual Total Time": 779.422,
      "Actual Rows": 1,
      "Actual Loops": 1,
      "Plans": [
        {
          "Node Type": "Gather",
          "Parent Relationship": "Outer",
          "Parallel Aware": false,
          "Startup Cost": 346164.56,
          "Total Cost": 346165.17,
          "Plan Rows": 6,
          "Plan Width": 8,
          "Actual Startup Time": 731.359,
          "Actual Total Time": 779.402,
          "Actual Rows": 7,
          "Actual Loops": 1,
          "Workers Planned": 6,
          "Workers Launched": 6,
          "Single Copy": false,
          "Plans": [
            {
              "Node Type": "Aggregate",
              "Strategy": "Plain",
              "Partial Mode": "Partial",
              "Parent Relationship": "Outer",
              "Parallel Aware": false,
              "Startup Cost": 345164.56,
              "Total Cost": 345164.57,
              "Plan Rows": 1,
              "Plan Width": 8,
              "Actual Startup Time": 722.087,
              "Actual Total Time": 722.088,
              "Actual Rows": 1,
              "Actual Loops": 7,
              "Plans": [
                {
                  "Node Type": "Seq Scan",
                  "Parent Relationship": "Outer",
                  "Parallel Aware": true,
                  "Relation Name": "cast_info",
                  "Alias": "ci",
                  "Startup Cost": 0.0,
                  "Total Cost": 343316.27,
                  "Plan Rows": 739317,
                  "Plan Width": 0,
                  "Actual Startup Time": 490.493,
                  "Actual Total Time": 707.108,
                  "Actual Rows": 251895,
                  "Actual Loops": 7,
                  "Filter": "((person_id > 3100142) AND (role_id < 8))",
                  "Rows Removed by Filter": 4925868
                }
              ]
            }
          ]
        }
      ]
    },
    "Planning Time": 0.088,
    "Triggers": [],
    "Execution Time": 779.467
  }
]