{
  "Plan": {
    "Node Type": "Aggregate",
    "Strategy": "Plain",
    "Partial Mode": "Finalize",
    "Parallel Aware": false,
    "Startup Cost": 116891.37,
    "Total Cost": 116891.38,
    "Plan Rows": 1,
    "Plan Width": 8,
    "Actual Startup Time": 906.031,
    "Actual Total Time": 928.245,
    "Actual Rows": 1,
    "Actual Loops": 1,
    "Plans": [
      {
        "Node Type": "Gather",
        "Parent Relationship": "Outer",
        "Parallel Aware": false,
        "Startup Cost": 116891.26,
        "Total Cost": 116891.37,
        "Plan Rows": 1,
        "Plan Width": 8,
        "Actual Startup Time": 898.585,
        "Actual Total Time": 928.228,
        "Actual Rows": 2,
        "Actual Loops": 1,
        "Workers Planned": 1,
        "Workers Launched": 1,
        "Single Copy": false,
        "Plans": [
          {
            "Node Type": "Aggregate",
            "Strategy": "Plain",
            "Partial Mode": "Partial",
            "Parent Relationship": "Outer",
            "Parallel Aware": false,
            "Startup Cost": 115891.26,
            "Total Cost": 115891.27,
            "Plan Rows": 1,
            "Plan Width": 8,
            "Actual Startup Time": 887.397,
            "Actual Total Time": 887.401,
            "Actual Rows": 1,
            "Actual Loops": 2,
            "Plans": [
              {
                "Node Type": "Hash Join",
                "Parent Relationship": "Outer",
                "Parallel Aware": true,
                "Join Type": "Inner",
                "Startup Cost": 84222.38,
                "Total Cost": 114867.87,
                "Plan Rows": 409355,
                "Plan Width": 0,
                "Actual Startup Time": 655.079,
                "Actual Total Time": 868.53,
                "Actual Rows": 353597,
                "Actual Loops": 2,
                "Inner Unique": true,
                "Hash Cond": "(mk.movie_id = t.id)",
                "Plans": [
                  {
                    "Node Type": "Bitmap Heap Scan",
                    "Parent Relationship": "Outer",
                    "Parallel Aware": true,
                    "Relation Name": "movie_keyword",
                    "Alias": "mk",
                    "Startup Cost": 14761.68,
                    "Total Cost": 44332.61,
                    "Plan Rows": 409355,
                    "Plan Width": 4,
                    "Actual Startup Time": 78.955,
                    "Actual Total Time": 170.587,
                    "Actual Rows": 353597,
                    "Actual Loops": 2,
                    "Recheck Cond": "(keyword_id < 593)",
                    "Rows Removed by Index Recheck": 0,
                    "Exact Heap Blocks": 15171,
                    "Lossy Heap Blocks": 0,
                    "Plans": [
                      {
                        "Node Type": "Bitmap Index Scan",
                        "Parent Relationship": "Outer",
                        "Parallel Aware": false,
                        "Index Name": "keyword_id_movie_keyword",
                        "Startup Cost": 0.0,
                        "Total Cost": 14587.7,
                        "Plan Rows": 695903,
                        "Plan Width": 0,
                        "Actual Startup Time": 73.229,
                        "Actual Total Time": 73.23,
                        "Actual Rows": 707194,
                        "Actual Loops": 1,
                        "Index Cond": "(keyword_id < 593)"
                      }
                    ]
                  },
                  {
                    "Node Type": "Hash",
                    "Parent Relationship": "Inner",
                    "Parallel Aware": true,
                    "Startup Cost": 50870.31,
                    "Total Cost": 50870.31,
                    "Plan Rows": 1487231,
                    "Plan Width": 4,
                    "Actual Startup Time": 554.779,
                    "Actual Total Time": 554.78,
                    "Actual Rows": 1264156,
                    "Actual Loops": 2,
                    "Hash Buckets": 4194304,
                    "Original Hash Buckets": 4194304,
                    "Hash Batches": 1,
                    "Original Hash Batches": 1,
                    "Peak Memory Usage": 131680,
                    "Plans": [
                      {
                        "Node Type": "Seq Scan",
                        "Parent Relationship": "Outer",
                        "Parallel Aware": true,
                        "Relation Name": "title",
                        "Alias": "t",
                        "Startup Cost": 0.0,
                        "Total Cost": 50870.31,
                        "Plan Rows": 1487231,
                        "Plan Width": 4,
                        "Actual Startup Time": 0.037,
                        "Actual Total Time": 172.124,
                        "Actual Rows": 1264156,
                        "Actual Loops": 2
                      }
                    ]
                  }
                ]
              }
            ]
          }
        ]
      }
    ]
  },
  "Planning Time": 0.658,
  "Triggers": [],
  "Execution Time": 928.334
}