[
  {
    "Plan": {
      "Node Type": "Aggregate",
      "Strategy": "Plain",
      "Partial Mode": "Finalize",
      "Parallel Aware": false,
      "Startup Cost": 109955.71,
      "Total Cost": 109955.72,
      "Plan Rows": 1,
      "Plan Width": 8,
      "Actual Startup Time": 396.354,
      "Actual Total Time": 418.489,
      "Actual Rows": 1,
      "Actual Loops": 1,
      "Plans": [
        {
          "Node Type": "Gather",
          "Parent Relationship": "Outer",
          "Parallel Aware": false,
          "Startup Cost": 109955.39,
          "Total Cost": 109955.7,
          "Plan Rows": 3,
          "Plan Width": 8,
          "Actual Startup Time": 393.597,
          "Actual Total Time": 418.479,
          "Actual Rows": 4,
          "Actual Loops": 1,
          "Workers Planned": 3,
          "Workers Launched": 3,
          "Single Copy": false,
          "Plans": [
            {
              "Node Type": "Aggregate",
              "Strategy": "Plain",
              "Partial Mode": "Partial",
              "Parent Relationship": "Outer",
              "Parallel Aware": false,
              "Startup Cost": 108955.39,
              "Total Cost": 108955.4,
              "Plan Rows": 1,
              "Plan Width": 8,
              "Actual Startup Time": 387.047,
              "Actual Total Time": 387.181,
              "Actual Rows": 1,
              "Actual Loops": 4,
              "Plans": [
                {
                  "Node Type": "Hash Join",
                  "Parent Relationship": "Outer",
                  "Parallel Aware": true,
                  "Join Type": "Inner",
                  "Startup Cost": 61676.34,
                  "Total Cost": 108847.15,
                  "Plan Rows": 43296,
                  "Plan Width": 0,
                  "Actual Startup Time": 218.191,
                  "Actual Total Time": 384.401,
                  "Actual Rows": 63368,
                  "Actual Loops": 4,
                  "Inner Unique": false,
                  "Hash Cond": "(mk.movie_id = t.id)",
                  "Plans": [
                    {
                      "Node Type": "Seq Scan",
                      "Parent Relationship": "Outer",
                      "Parallel Aware": true,
                      "Relation Name": "movie_keyword",
                      "Alias": "mk",
                      "Startup Cost": 0.0,
                      "Total Cost": 42695.65,
                      "Plan Rows": 1145270,
                      "Plan Width": 4,
                      "Actual Startup Time": 0.064,
                      "Actual Total Time": 106.642,
                      "Actual Rows": 885327,
                      "Actual Loops": 4,
                      "Filter": "(keyword_id > 919)",
                      "Rows Removed by Filter": 245656
                    },
                    {
                      "Node Type": "Hash",
                      "Parent Relationship": "Inner",
                      "Parallel Aware": true,
                      "Startup Cost": 61178.5,
                      "Total Cost": 61178.5,
                      "Plan Rows": 39827,
                      "Plan Width": 8,
                      "Actual Startup Time": 217.053,
                      "Actual Total Time": 217.185,
                      "Actual Rows": 16016,
                      "Actual Loops": 4,
                      "Hash Buckets": 131072,
                      "Original Hash Buckets": 131072,
                      "Hash Batches": 1,
                      "Original Hash Batches": 1,
                      "Peak Memory Usage": 3616,
                      "Plans": [
                        {
                          "Node Type": "Hash Join",
                          "Parent Relationship": "Outer",
                          "Parallel Aware": true,
                          "Join Type": "Inner",
                          "Startup Cost": 45557.71,
                          "Total Cost": 61178.5,
                          "Plan Rows": 39827,
                          "Plan Width": 8,
                          "Actual Startup Time": 144.997,
                          "Actual Total Time": 210.757,
                          "Actual Rows": 16016,
                          "Actual Loops": 4,
                          "Inner Unique": true,
                          "Hash Cond": "(mi_idx.movie_id = t.id)",
                          "Plans": [
                            {
                              "Node Type": "Seq Scan",
                              "Parent Relationship": "Outer",
                              "Parallel Aware": true,
                              "Relation Name": "movie_info_idx",
                              "Alias": "mi_idx",
                              "Startup Cost": 0.0,
                              "Total Cost": 15122.68,
                              "Plan Rows": 189755,
                              "Plan Width": 4,
                              "Actual Startup Time": 0.015,
                              "Actual Total Time": 33.064,
                              "Actual Rows": 114981,
                              "Actual Loops": 4,
                              "Filter": "(info_type_id = 99)",
                              "Rows Removed by Filter": 230028
                            },
                            {
                              "Node Type": "Hash",
                              "Parent Relationship": "Inner",
                              "Parallel Aware": true,
                              "Startup Cost": 43899.32,
                              "Total Cost": 43899.32,
                              "Plan Rows": 132671,
                              "Plan Width": 4,
                              "Actual Startup Time": 142.457,
                              "Actual Total Time": 142.458,
                              "Actual Rows": 133342,
                              "Actual Loops": 4,
                              "Hash Buckets": 1048576,
                              "Original Hash Buckets": 1048576,
                              "Hash Batches": 1,
                              "Original Hash Batches": 1,
                              "Peak Memory Usage": 29120,
                              "Plans": [
                                {
                                  "Node Type": "Seq Scan",
                                  "Parent Relationship": "Outer",
                                  "Parallel Aware": true,
                                  "Relation Name": "title",
                                  "Alias": "t",
                                  "Startup Cost": 0.0,
                                  "Total Cost": 43899.32,
                                  "Plan Rows": 132671,
                                  "Plan Width": 4,
                                  "Actual Startup Time": 0.028,
                                  "Actual Total Time": 92.399,
                                  "Actual Rows": 133342,
                                  "Actual Loops": 4,
                                  "Filter": "(production_year > 2009)",
                                  "Rows Removed by Filter": 498736
                                }
                              ]
                            }
                          ]
                        }
                      ]
                    }
                  ]
                }
              ]
            }
          ]
        }
      ]
    },
    "Planning Time": 0.666,
    "Triggers": [],
    "Execution Time": 418.543
  }
]