[
    {
        "Bao": {
            "Bao prediction": "NaN",
            "Bao recommended hint": "(no hint)"
        }
    },
    {
        "Plan": {
            "Node Type": "Aggregate",
            "Strategy": "Plain",
            "Partial Mode": "Simple",
            "Parallel Aware": false,
            "Startup Cost": 20515.33,
            "Total Cost": 20515.34,
            "Plan Rows": 1,
            "Plan Width": 8,
            "Actual Startup Time": 16.894,
            "Actual Total Time": 16.895,
            "Actual Rows": 1,
            "Actual Loops": 1,
            "Output": [
                "count(*)"
            ],
            "Plans": [
                {
                    "Node Type": "Bitmap Heap Scan",
                    "Parent Relationship": "Outer",
                    "Parallel Aware": false,
                    "Relation Name": "movie_companies",
                    "Schema": "public",
                    "Alias": "mc",
                    "Startup Cost": 984.48,
                    "Total Cost": 20459.38,
                    "Plan Rows": 22381,
                    "Plan Width": 0,
                    "Actual Startup Time": 3.365,
                    "Actual Total Time": 14.76,
                    "Actual Rows": 42064,
                    "Actual Loops": 1,
                    "Recheck Cond": "(mc.company_id = 19)",
                    "Rows Removed by Index Recheck": 0,
                    "Filter": "(mc.company_type_id < 2)",
                    "Rows Removed by Filter": 5188,
                    "Exact Heap Blocks": 4740,
                    "Lossy Heap Blocks": 0,
                    "Plans": [
                        {
                            "Node Type": "Bitmap Index Scan",
                            "Parent Relationship": "Outer",
                            "Parallel Aware": false,
                            "Index Name": "company_id_movie_companies",
                            "Startup Cost": 0.0,
                            "Total Cost": 978.88,
                            "Plan Rows": 45660,
                            "Plan Width": 0,
                            "Actual Startup Time": 2.681,
                            "Actual Total Time": 2.681,
                            "Actual Rows": 47252,
                            "Actual Loops": 1,
                            "Index Cond": "(mc.company_id = 19)"
                        }
                    ]
                }
            ]
        },
        "Planning Time": 188.993,
        "Triggers": [],
        "Execution Time": 16.978
    }
]