{
    "Plan": {
        "Node Type": "Aggregate",
        "Strategy": "Plain",
        "Partial Mode": "Simple",
        "Parallel Aware": false,
        "Startup Cost": 10002744809.51,
        "Total Cost": 10002744809.52,
        "Plan Rows": 1,
        "Plan Width": 8,
        "Actual Startup Time": 8583.25,
        "Actual Total Time": 8583.255,
        "Actual Rows": 1,
        "Actual Loops": 1,
        "Output": [
            "count(*)"
        ],
        "Plans": [
            {
                "Node Type": "Hash Join",
                "Parent Relationship": "Outer",
                "Parallel Aware": false,
                "Join Type": "Inner",
                "Startup Cost": 10000592091.01,
                "Total Cost": 10002742185.59,
                "Plan Rows": 1049569,
                "Plan Width": 0,
                "Actual Startup Time": 5487.325,
                "Actual Total Time": 8355.161,
                "Actual Rows": 5964850,
                "Actual Loops": 1,
                "Inner Unique": false,
                "Hash Cond": "(t.id = mi.movie_id)",
                "Plans": [
                    {
                        "Node Type": "Hash Join",
                        "Parent Relationship": "Outer",
                        "Parallel Aware": false,
                        "Join Type": "Inner",
                        "Startup Cost": 10000043730.49,
                        "Total Cost": 10000179157.54,
                        "Plan Rows": 296256,
                        "Plan Width": 8,
                        "Actual Startup Time": 273.163,
                        "Actual Total Time": 2438.141,
                        "Actual Rows": 580698,
                        "Actual Loops": 1,
                        "Output": [
                            "t.id",
                            "mc.movie_id"
                        ],
                        "Inner Unique": false,
                        "Hash Cond": "(t.id = mc.movie_id)",
                        "Plans": [
                            {
                                "Node Type": "Index Scan",
                                "Parent Relationship": "Outer",
                                "Parallel Aware": false,
                                "Scan Direction": "Forward",
                                "Index Name": "title_pkey",
                                "Relation Name": "title",
                                "Schema": "public",
                                "Alias": "t",
                                "Startup Cost": 10000000000.43,
                                "Total Cost": 10000110342.1,
                                "Plan Rows": 2528322,
                                "Plan Width": 4,
                                "Actual Startup Time": 0.037,
                                "Actual Total Time": 1415.309,
                                "Actual Rows": 2528312,
                                "Actual Loops": 1,
                                "Output": [
                                    "t.id",
                                    "t.title",
                                    "t.imdb_index",
                                    "t.kind_id",
                                    "t.production_year",
                                    "t.imdb_id",
                                    "t.phonetic_code",
                                    "t.episode_of_id",
                                    "t.season_nr",
                                    "t.episode_nr",
                                    "t.series_years",
                                    "t.md5sum"
                                ]
                            },
                            {
                                "Node Type": "Hash",
                                "Parent Relationship": "Inner",
                                "Parallel Aware": false,
                                "Startup Cost": 40026.86,
                                "Total Cost": 40026.86,
                                "Plan Rows": 296256,
                                "Plan Width": 4,
                                "Actual Startup Time": 255.685,
                                "Actual Total Time": 255.686,
                                "Actual Rows": 580698,
                                "Actual Loops": 1,
                                "Output": [
                                    "mc.movie_id"
                                ],
                                "Hash Buckets": 1048576,
                                "Original Hash Buckets": 524288,
                                "Hash Batches": 1,
                                "Original Hash Batches": 1,
                                "Peak Memory Usage": 28608,
                                "Plans": [
                                    {
                                        "Node Type": "Bitmap Heap Scan",
                                        "Parent Relationship": "Outer",
                                        "Parallel Aware": false,
                                        "Relation Name": "movie_companies",
                                        "Schema": "public",
                                        "Alias": "mc",
                                        "Startup Cost": 12520.62,
                                        "Total Cost": 40026.86,
                                        "Plan Rows": 296256,
                                        "Plan Width": 4,
                                        "Actual Startup Time": 24.908,
                                        "Actual Total Time": 138.252,
                                        "Actual Rows": 580698,
                                        "Actual Loops": 1,
                                        "Output": [
                                            "mc.movie_id"
                                        ],
                                        "Recheck Cond": "(mc.company_id > 71045)",
                                        "Rows Removed by Index Recheck": 0,
                                        "Filter": "(mc.company_type_id = 2)",
                                        "Rows Removed by Filter": 0,
                                        "Exact Heap Blocks": 7429,
                                        "Lossy Heap Blocks": 0,
                                        "Plans": [
                                            {
                                                "Node Type": "Bitmap Index Scan",
                                                "Parent Relationship": "Outer",
                                                "Parallel Aware": false,
                                                "Index Name": "company_id_movie_companies",
                                                "Startup Cost": 0.0,
                                                "Total Cost": 12446.55,
                                                "Plan Rows": 581083,
                                                "Plan Width": 0,
                                                "Actual Startup Time": 24.046,
                                                "Actual Total Time": 24.046,
                                                "Actual Rows": 580698,
                                                "Actual Loops": 1,
                                                "Index Cond": "(mc.company_id > 71045)"
                                            }
                                        ]
                                    }
                                ]
                            }
                        ]
                    },
                    {
                        "Node Type": "Hash",
                        "Parent Relationship": "Inner",
                        "Parallel Aware": false,
                        "Startup Cost": 436394.46,
                        "Total Cost": 436394.46,
                        "Plan Rows": 8957285,
                        "Plan Width": 4,
                        "Actual Startup Time": 5117.65,
                        "Actual Total Time": 5117.651,
                        "Actual Rows": 8950757,
                        "Actual Loops": 1,
                        "Output": [
                            "mi.movie_id"
                        ],
                        "Hash Buckets": 16777216,
                        "Original Hash Buckets": 16777216,
                        "Hash Batches": 1,
                        "Original Hash Batches": 1,
                        "Peak Memory Usage": 445748,
                        "Plans": [
                            {
                                "Node Type": "Bitmap Heap Scan",
                                "Parent Relationship": "Outer",
                                "Parallel Aware": false,
                                "Relation Name": "movie_info",
                                "Schema": "public",
                                "Alias": "mi",
                                "Startup Cost": 162435.39,
                                "Total Cost": 436394.46,
                                "Plan Rows": 8957285,
                                "Plan Width": 4,
                                "Actual Startup Time": 487.059,
                                "Actual Total Time": 2491.142,
                                "Actual Rows": 8950757,
                                "Actual Loops": 1,
                                "Output": [
                                    "mi.movie_id"
                                ],
                                "Recheck Cond": "(mi.info_type_id > 6)",
                                "Rows Removed by Index Recheck": 0,
                                "Exact Heap Blocks": 123740,
                                "Lossy Heap Blocks": 0,
                                "Plans": [
                                    {
                                        "Node Type": "Bitmap Index Scan",
                                        "Parent Relationship": "Outer",
                                        "Parallel Aware": false,
                                        "Index Name": "info_type_id_movie_info",
                                        "Startup Cost": 0.0,
                                        "Total Cost": 160196.07,
                                        "Plan Rows": 8957285,
                                        "Plan Width": 0,
                                        "Actual Startup Time": 453.466,
                                        "Actual Total Time": 453.466,
                                        "Actual Rows": 8950757,
                                        "Actual Loops": 1,
                                        "Index Cond": "(mi.info_type_id > 6)"
                                    }
                                ]
                            }
                        ]
                    }
                ]
            }
        ]
    },
    "Planning Time": 10.833,
    "Triggers": [],
    "Execution Time": 8595.747
}