[
  {
    "Plan": {
      "Node Type": "Aggregate",
      "Strategy": "Plain",
      "Partial Mode": "Finalize",
      "Parallel Aware": false,
      "Startup Cost": 349789.96,
      "Total Cost": 349789.97,
      "Plan Rows": 1,
      "Plan Width": 8,
      "Actual Startup Time": 760.536,
      "Actual Total Time": 818.962,
      "Actual Rows": 1,
      "Actual Loops": 1,
      "Plans": [
        {
          "Node Type": "Gather",
          "Parent Relationship": "Outer",
          "Parallel Aware": false,
          "Startup Cost": 349789.33,
          "Total Cost": 349789.94,
          "Plan Rows": 6,
          "Plan Width": 8,
          "Actual Startup Time": 760.428,
          "Actual Total Time": 818.953,
          "Actual Rows": 7,
          "Actual Loops": 1,
          "Workers Planned": 6,
          "Workers Launched": 6,
          "Single Copy": false,
          "Plans": [
            {
              "Node Type": "Aggregate",
              "Strategy": "Plain",
              "Partial Mode": "Partial",
              "Parent Relationship": "Outer",
              "Parallel Aware": false,
              "Startup Cost": 348789.33,
              "Total Cost": 348789.34,
              "Plan Rows": 1,
              "Plan Width": 8,
              "Actual Startup Time": 749.966,
              "Actual Total Time": 749.967,
              "Actual Rows": 1,
              "Actual Loops": 7,
              "Plans": [
                {
                  "Node Type": "Seq Scan",
                  "Parent Relationship": "Outer",
                  "Parallel Aware": true,
                  "Relation Name": "cast_info",
                  "Alias": "ci",
                  "Startup Cost": 0.0,
                  "Total Cost": 343257.03,
                  "Plan Rows": 2212921,
                  "Plan Width": 0,
                  "Actual Startup Time": 346.57,
                  "Actual Total Time": 667.203,
                  "Actual Rows": 2020704,
                  "Actual Loops": 7,
                  "Filter": "((person_id > 681890) AND (role_id > 2))",
                  "Rows Removed by Filter": 3157060
                }
              ]
            }
          ]
        }
      ]
    },
    "Planning Time": 0.21,
    "Triggers": [],
    "Execution Time": 819.03
  }
]