[
  {
    "Plan": {
      "Node Type": "Aggregate",
      "Strategy": "Plain",
      "Partial Mode": "Finalize",
      "Parallel Aware": false,
      "Startup Cost": 124437.72,
      "Total Cost": 124437.73,
      "Plan Rows": 1,
      "Plan Width": 8,
      "Actual Startup Time": 1440.026,
      "Actual Total Time": 1462.267,
      "Actual Rows": 1,
      "Actual Loops": 1,
      "Plans": [
        {
          "Node Type": "Gather",
          "Parent Relationship": "Outer",
          "Parallel Aware": false,
          "Startup Cost": 124437.4,
          "Total Cost": 124437.71,
          "Plan Rows": 3,
          "Plan Width": 8,
          "Actual Startup Time": 1433.287,
          "Actual Total Time": 1462.255,
          "Actual Rows": 4,
          "Actual Loops": 1,
          "Workers Planned": 3,
          "Workers Launched": 3,
          "Single Copy": false,
          "Plans": [
            {
              "Node Type": "Aggregate",
              "Strategy": "Plain",
              "Partial Mode": "Partial",
              "Parent Relationship": "Outer",
              "Parallel Aware": false,
              "Startup Cost": 123437.4,
              "Total Cost": 123437.41,
              "Plan Rows": 1,
              "Plan Width": 8,
              "Actual Startup Time": 1426.799,
              "Actual Total Time": 1427.409,
              "Actual Rows": 1,
              "Actual Loops": 4,
              "Plans": [
                {
                  "Node Type": "Hash Join",
                  "Parent Relationship": "Outer",
                  "Parallel Aware": true,
                  "Join Type": "Inner",
                  "Startup Cost": 77635.0,
                  "Total Cost": 122877.4,
                  "Plan Rows": 224001,
                  "Plan Width": 0,
                  "Actual Startup Time": 531.394,
                  "Actual Total Time": 1161.468,
                  "Actual Rows": 5339050,
                  "Actual Loops": 4,
                  "Inner Unique": false,
                  "Hash Cond": "(mk.movie_id = t.id)",
                  "Plans": [
                    {
                      "Node Type": "Seq Scan",
                      "Parent Relationship": "Outer",
                      "Parallel Aware": true,
                      "Relation Name": "movie_keyword",
                      "Alias": "mk",
                      "Startup Cost": 0.0,
                      "Total Cost": 39047.32,
                      "Plan Rows": 1459332,
                      "Plan Width": 4,
                      "Actual Startup Time": 0.033,
                      "Actual Total Time": 101.614,
                      "Actual Rows": 1130982,
                      "Actual Loops": 4
                    },
                    {
                      "Node Type": "Hash",
                      "Parent Relationship": "Inner",
                      "Parallel Aware": true,
                      "Startup Cost": 76070.16,
                      "Total Cost": 76070.16,
                      "Plan Rows": 125187,
                      "Plan Width": 8,
                      "Actual Startup Time": 481.549,
                      "Actual Total Time": 482.157,
                      "Actual Rows": 237068,
                      "Actual Loops": 4,
                      "Hash Buckets": 1048576,
                      "Original Hash Buckets": 524288,
                      "Hash Batches": 1,
                      "Original Hash Batches": 1,
                      "Peak Memory Usage": 49440,
                      "Plans": [
                        {
                          "Node Type": "Hash Join",
                          "Parent Relationship": "Outer",
                          "Parallel Aware": true,
                          "Join Type": "Inner",
                          "Startup Cost": 46654.27,
                          "Total Cost": 76070.16,
                          "Plan Rows": 125187,
                          "Plan Width": 8,
                          "Actual Startup Time": 198.668,
                          "Actual Total Time": 388.345,
                          "Actual Rows": 237068,
                          "Actual Loops": 4,
                          "Inner Unique": true,
                          "Hash Cond": "(mc.movie_id = t.id)",
                          "Plans": [
                            {
                              "Node Type": "Seq Scan",
                              "Parent Relationship": "Outer",
                              "Parallel Aware": true,
                              "Relation Name": "movie_companies",
                              "Alias": "mc",
                              "Startup Cost": 0.0,
                              "Total Cost": 27206.55,
                              "Plan Rows": 841655,
                              "Plan Width": 4,
                              "Actual Startup Time": 0.02,
                              "Actual Total Time": 69.301,
                              "Actual Rows": 652282,
                              "Actual Loops": 4
                            },
                            {
                              "Node Type": "Hash",
                              "Parent Relationship": "Inner",
                              "Parallel Aware": true,
                              "Startup Cost": 45479.1,
                              "Total Cost": 45479.1,
                              "Plan Rows": 94014,
                              "Plan Width": 4,
                              "Actual Startup Time": 162.19,
                              "Actual Total Time": 162.191,
                              "Actual Rows": 110007,
                              "Actual Loops": 4,
                              "Hash Buckets": 524288,
                              "Original Hash Buckets": 524288,
                              "Hash Batches": 1,
                              "Original Hash Batches": 1,
                              "Peak Memory Usage": 21376,
                              "Plans": [
                                {
                                  "Node Type": "Seq Scan",
                                  "Parent Relationship": "Outer",
                                  "Parallel Aware": true,
                                  "Relation Name": "title",
                                  "Alias": "t",
                                  "Startup Cost": 0.0,
                                  "Total Cost": 45479.1,
                                  "Plan Rows": 94014,
                                  "Plan Width": 4,
                                  "Actual Startup Time": 69.44,
                                  "Actual Total Time": 118.395,
                                  "Actual Rows": 110007,
                                  "Actual Loops": 4,
                                  "Filter": "((production_year < 2006) AND (kind_id = 1))",
                                  "Rows Removed by Filter": 522071
                                }
                              ]
                            }
                          ]
                        }
                      ]
                    }
                  ]
                }
              ]
            }
          ]
        }
      ]
    },
    "Planning Time": 1.427,
    "Triggers": [],
    "Execution Time": 1462.353
  }
]