{
  "Plan": {
    "Node Type": "Aggregate",
    "Strategy": "Plain",
    "Partial Mode": "Finalize",
    "Parallel Aware": false,
    "Startup Cost": 80452.51,
    "Total Cost": 80452.52,
    "Plan Rows": 1,
    "Plan Width": 8,
    "Actual Startup Time": 178.849,
    "Actual Total Time": 192.08,
    "Actual Rows": 1,
    "Actual Loops": 1,
    "Plans": [
      {
        "Node Type": "Gather",
        "Parent Relationship": "Outer",
        "Parallel Aware": false,
        "Startup Cost": 80452.4,
        "Total Cost": 80452.51,
        "Plan Rows": 1,
        "Plan Width": 8,
        "Actual Startup Time": 178.542,
        "Actual Total Time": 192.072,
        "Actual Rows": 2,
        "Actual Loops": 1,
        "Workers Planned": 1,
        "Workers Launched": 1,
        "Single Copy": false,
        "Plans": [
          {
            "Node Type": "Aggregate",
            "Strategy": "Plain",
            "Partial Mode": "Partial",
            "Parent Relationship": "Outer",
            "Parallel Aware": false,
            "Startup Cost": 79452.4,
            "Total Cost": 79452.41,
            "Plan Rows": 1,
            "Plan Width": 8,
            "Actual Startup Time": 171.991,
            "Actual Total Time": 171.995,
            "Actual Rows": 1,
            "Actual Loops": 2,
            "Plans": [
              {
                "Node Type": "Hash Join",
                "Parent Relationship": "Outer",
                "Parallel Aware": true,
                "Join Type": "Inner",
                "Startup Cost": 20909.72,
                "Total Cost": 79451.27,
                "Plan Rows": 452,
                "Plan Width": 0,
                "Actual Startup Time": 48.934,
                "Actual Total Time": 171.978,
                "Actual Rows": 17,
                "Actual Loops": 2,
                "Inner Unique": false,
                "Hash Cond": "(t.id = mc.movie_id)",
                "Plans": [
                  {
                    "Node Type": "Seq Scan",
                    "Parent Relationship": "Outer",
                    "Parallel Aware": true,
                    "Relation Name": "title",
                    "Alias": "t",
                    "Startup Cost": 0.0,
                    "Total Cost": 58306.47,
                    "Plan Rows": 37188,
                    "Plan Width": 4,
                    "Actual Startup Time": 0.029,
                    "Actual Total Time": 125.724,
                    "Actual Rows": 26885,
                    "Actual Loops": 2,
                    "Filter": "((kind_id < 7) AND (production_year = 2011))",
                    "Rows Removed by Filter": 1237271
                  },
                  {
                    "Node Type": "Hash",
                    "Parent Relationship": "Inner",
                    "Parallel Aware": true,
                    "Startup Cost": 20684.01,
                    "Total Cost": 20684.01,
                    "Plan Rows": 18057,
                    "Plan Width": 4,
                    "Actual Startup Time": 37.602,
                    "Actual Total Time": 37.604,
                    "Actual Rows": 27748,
                    "Actual Loops": 2,
                    "Hash Buckets": 65536,
                    "Original Hash Buckets": 32768,
                    "Hash Batches": 1,
                    "Original Hash Batches": 1,
                    "Peak Memory Usage": 2976,
                    "Plans": [
                      {
                        "Node Type": "Bitmap Heap Scan",
                        "Parent Relationship": "Outer",
                        "Parallel Aware": true,
                        "Relation Name": "movie_companies",
                        "Alias": "mc",
                        "Startup Cost": 1343.79,
                        "Total Cost": 20684.01,
                        "Plan Rows": 18057,
                        "Plan Width": 4,
                        "Actual Startup Time": 6.154,
                        "Actual Total Time": 26.565,
                        "Actual Rows": 27748,
                        "Actual Loops": 2,
                        "Recheck Cond": "(company_id = 6)",
                        "Rows Removed by Index Recheck": 0,
                        "Filter": "(company_type_id = 1)",
                        "Rows Removed by Filter": 3289,
                        "Exact Heap Blocks": 4134,
                        "Lossy Heap Blocks": 0,
                        "Plans": [
                          {
                            "Node Type": "Bitmap Index Scan",
                            "Parent Relationship": "Outer",
                            "Parallel Aware": false,
                            "Index Name": "company_id_movie_companies",
                            "Startup Cost": 0.0,
                            "Total Cost": 1336.12,
                            "Plan Rows": 62358,
                            "Plan Width": 0,
                            "Actual Startup Time": 8.877,
                            "Actual Total Time": 8.877,
                            "Actual Rows": 62075,
                            "Actual Loops": 1,
                            "Index Cond": "(company_id = 6)"
                          }
                        ]
                      }
                    ]
                  }
                ]
              }
            ]
          }
        ]
      }
    ]
  },
  "Planning Time": 0.523,
  "Triggers": [],
  "Execution Time": 192.177
}