[
  {
    "Plan": {
      "Node Type": "Aggregate",
      "Strategy": "Plain",
      "Partial Mode": "Finalize",
      "Parallel Aware": false,
      "Startup Cost": 114865.79,
      "Total Cost": 114865.8,
      "Plan Rows": 1,
      "Plan Width": 8,
      "Actual Startup Time": 744.467,
      "Actual Total Time": 763.439,
      "Actual Rows": 1,
      "Actual Loops": 1,
      "Plans": [
        {
          "Node Type": "Gather",
          "Parent Relationship": "Outer",
          "Parallel Aware": false,
          "Startup Cost": 114865.47,
          "Total Cost": 114865.78,
          "Plan Rows": 3,
          "Plan Width": 8,
          "Actual Startup Time": 738.831,
          "Actual Total Time": 763.429,
          "Actual Rows": 4,
          "Actual Loops": 1,
          "Workers Planned": 3,
          "Workers Launched": 3,
          "Single Copy": false,
          "Plans": [
            {
              "Node Type": "Aggregate",
              "Strategy": "Plain",
              "Partial Mode": "Partial",
              "Parent Relationship": "Outer",
              "Parallel Aware": false,
              "Startup Cost": 113865.47,
              "Total Cost": 113865.48,
              "Plan Rows": 1,
              "Plan Width": 8,
              "Actual Startup Time": 728.603,
              "Actual Total Time": 728.609,
              "Actual Rows": 1,
              "Actual Loops": 4,
              "Plans": [
                {
                  "Node Type": "Hash Join",
                  "Parent Relationship": "Outer",
                  "Parallel Aware": true,
                  "Join Type": "Inner",
                  "Startup Cost": 68427.84,
                  "Total Cost": 113417.9,
                  "Plan Rows": 179026,
                  "Plan Width": 0,
                  "Actual Startup Time": 500.459,
                  "Actual Total Time": 702.583,
                  "Actual Rows": 576468,
                  "Actual Loops": 4,
                  "Inner Unique": false,
                  "Hash Cond": "(mk.movie_id = t.id)",
                  "Plans": [
                    {
                      "Node Type": "Seq Scan",
                      "Parent Relationship": "Outer",
                      "Parallel Aware": true,
                      "Relation Name": "movie_keyword",
                      "Alias": "mk",
                      "Startup Cost": 0.0,
                      "Total Cost": 42695.65,
                      "Plan Rows": 492494,
                      "Plan Width": 4,
                      "Actual Startup Time": 0.712,
                      "Actual Total Time": 102.49,
                      "Actual Rows": 383252,
                      "Actual Loops": 4,
                      "Filter": "(keyword_id > 10419)",
                      "Rows Removed by Filter": 747730
                    },
                    {
                      "Node Type": "Hash",
                      "Parent Relationship": "Inner",
                      "Parallel Aware": true,
                      "Startup Cost": 65555.79,
                      "Total Cost": 65555.79,
                      "Plan Rows": 229764,
                      "Plan Width": 8,
                      "Actual Startup Time": 494.612,
                      "Actual Total Time": 494.617,
                      "Actual Rows": 229962,
                      "Actual Loops": 4,
                      "Hash Buckets": 1048576,
                      "Original Hash Buckets": 1048576,
                      "Hash Batches": 1,
                      "Original Hash Batches": 1,
                      "Peak Memory Usage": 44256,
                      "Plans": [
                        {
                          "Node Type": "Hash Join",
                          "Parent Relationship": "Outer",
                          "Parallel Aware": true,
                          "Join Type": "Inner",
                          "Startup Cost": 19909.43,
                          "Total Cost": 65555.79,
                          "Plan Rows": 229764,
                          "Plan Width": 8,
                          "Actual Startup Time": 136.025,
                          "Actual Total Time": 423.832,
                          "Actual Rows": 229962,
                          "Actual Loops": 4,
                          "Inner Unique": false,
                          "Hash Cond": "(t.id = mi_idx.movie_id)",
                          "Plans": [
                            {
                              "Node Type": "Seq Scan",
                              "Parent Relationship": "Outer",
                              "Parallel Aware": true,
                              "Relation Name": "title",
                              "Alias": "t",
                              "Startup Cost": 0.0,
                              "Total Cost": 42318.73,
                              "Plan Rows": 632073,
                              "Plan Width": 4,
                              "Actual Startup Time": 0.012,
                              "Actual Total Time": 81.205,
                              "Actual Rows": 632078,
                              "Actual Loops": 4
                            },
                            {
                              "Node Type": "Hash",
                              "Parent Relationship": "Inner",
                              "Parallel Aware": true,
                              "Startup Cost": 15122.68,
                              "Total Cost": 15122.68,
                              "Plan Rows": 382940,
                              "Plan Width": 4,
                              "Actual Startup Time": 133.291,
                              "Actual Total Time": 133.293,
                              "Actual Rows": 229962,
                              "Actual Loops": 4,
                              "Hash Buckets": 1048576,
                              "Original Hash Buckets": 1048576,
                              "Hash Batches": 1,
                              "Original Hash Batches": 1,
                              "Peak Memory Usage": 44256,
                              "Plans": [
                                {
                                  "Node Type": "Seq Scan",
                                  "Parent Relationship": "Outer",
                                  "Parallel Aware": true,
                                  "Relation Name": "movie_info_idx",
                                  "Alias": "mi_idx",
                                  "Startup Cost": 0.0,
                                  "Total Cost": 15122.68,
                                  "Plan Rows": 382940,
                                  "Plan Width": 4,
                                  "Actual Startup Time": 0.078,
                                  "Actual Total Time": 56.081,
                                  "Actual Rows": 229962,
                                  "Actual Loops": 4,
                                  "Filter": "(info_type_id < 101)",
                                  "Rows Removed by Filter": 115046
                                }
                              ]
                            }
                          ]
                        }
                      ]
                    }
                  ]
                }
              ]
            }
          ]
        }
      ]
    },
    "Planning Time": 1.391,
    "Triggers": [],
    "Execution Time": 763.528
  }
]