[
  {
    "Plan": {
      "Node Type": "Aggregate",
      "Strategy": "Plain",
      "Partial Mode": "Finalize",
      "Parallel Aware": false,
      "Startup Cost": 2830487.77,
      "Total Cost": 2830487.78,
      "Plan Rows": 1,
      "Plan Width": 64,
      "Actual Startup Time": 29723.663,
      "Actual Total Time": 29834.046,
      "Actual Rows": 1,
      "Actual Loops": 1,
      "Plans": [
        {
          "Node Type": "Gather",
          "Parent Relationship": "Outer",
          "Parallel Aware": false,
          "Startup Cost": 2830487.13,
          "Total Cost": 2830487.74,
          "Plan Rows": 6,
          "Plan Width": 64,
          "Actual Startup Time": 29722.925,
          "Actual Total Time": 29834.026,
          "Actual Rows": 7,
          "Actual Loops": 1,
          "Workers Planned": 6,
          "Workers Launched": 6,
          "Single Copy": false,
          "Plans": [
            {
              "Node Type": "Aggregate",
              "Strategy": "Plain",
              "Partial Mode": "Partial",
              "Parent Relationship": "Outer",
              "Parallel Aware": false,
              "Startup Cost": 2829487.13,
              "Total Cost": 2829487.14,
              "Plan Rows": 1,
              "Plan Width": 64,
              "Actual Startup Time": 29708.481,
              "Actual Total Time": 29708.492,
              "Actual Rows": 1,
              "Actual Loops": 7,
              "Plans": [
                {
                  "Node Type": "Nested Loop",
                  "Parent Relationship": "Outer",
                  "Parallel Aware": false,
                  "Join Type": "Inner",
                  "Startup Cost": 2.27,
                  "Total Cost": 2823648.74,
                  "Plan Rows": 1167678,
                  "Plan Width": 33,
                  "Actual Startup Time": 16605.041,
                  "Actual Total Time": 29661.589,
                  "Actual Rows": 355373,
                  "Actual Loops": 7,
                  "Inner Unique": false,
                  "Join Filter": "(n1.id = a1.person_id)",
                  "Rows Removed by Join Filter": 0,
                  "Plans": [
                    {
                      "Node Type": "Nested Loop",
                      "Parent Relationship": "Outer",
                      "Parallel Aware": false,
                      "Join Type": "Inner",
                      "Startup Cost": 1.84,
                      "Total Cost": 2586416.45,
                      "Plan Rows": 487516,
                      "Plan Width": 25,
                      "Actual Startup Time": 16604.122,
                      "Actual Total Time": 28973.92,
                      "Actual Rows": 281523,
                      "Actual Loops": 7,
                      "Inner Unique": true,
                      "Plans": [
                        {
                          "Node Type": "Nested Loop",
                          "Parent Relationship": "Outer",
                          "Parallel Aware": false,
                          "Join Type": "Inner",
                          "Startup Cost": 1.41,
                          "Total Cost": 2365833.0,
                          "Plan Rows": 487516,
                          "Plan Width": 16,
                          "Actual Startup Time": 16604.055,
                          "Actual Total Time": 27655.291,
                          "Actual Rows": 281523,
                          "Actual Loops": 7,
                          "Inner Unique": true,
                          "Plans": [
                            {
                              "Node Type": "Nested Loop",
                              "Parent Relationship": "Outer",
                              "Parallel Aware": false,
                              "Join Type": "Inner",
                              "Startup Cost": 0.98,
                              "Total Cost": 2143871.6,
                              "Plan Rows": 487516,
                              "Plan Width": 12,
                              "Actual Startup Time": 16603.943,
                              "Actual Total Time": 26931.119,
                              "Actual Rows": 281523,
                              "Actual Loops": 7,
                              "Inner Unique": true,
                              "Plans": [
                                {
                                  "Node Type": "Nested Loop",
                                  "Parent Relationship": "Outer",
                                  "Parallel Aware": false,
                                  "Join Type": "Inner",
                                  "Startup Cost": 0.56,
                                  "Total Cost": 1542307.63,
                                  "Plan Rows": 1348964,
                                  "Plan Width": 16,
                                  "Actual Startup Time": 16602.828,
                                  "Actual Total Time": 25095.504,
                                  "Actual Rows": 635836,
                                  "Actual Loops": 7,
                                  "Inner Unique": false,
                                  "Plans": [
                                    {
                                      "Node Type": "Nested Loop",
                                      "Parent Relationship": "Outer",
                                      "Parallel Aware": false,
                                      "Join Type": "Inner",
                                      "Startup Cost": 0.14,
                                      "Total Cost": 1254921.99,
                                      "Plan Rows": 503635,
                                      "Plan Width": 8,
                                      "Actual Startup Time": 16602.703,
                                      "Actual Total Time": 23058.331,
                                      "Actual Rows": 389849,
                                      "Actual Loops": 7,
                                      "Inner Unique": true,
                                      "Plans": [
                                        {
                                          "Node Type": "Seq Scan",
                                          "Parent Relationship": "Outer",
                                          "Parallel Aware": true,
                                          "Relation Name": "cast_info",
                                          "Alias": "ci",
                                          "Startup Cost": 0.0,
                                          "Total Cost": 313123.16,
                                          "Plan Rows": 6043616,
                                          "Plan Width": 12,
                                          "Actual Startup Time": 0.072,
                                          "Actual Total Time": 968.035,
                                          "Actual Rows": 5177763,
                                          "Actual Loops": 7
                                        },
                                        {
                                          "Node Type": "Index Scan",
                                          "Parent Relationship": "Inner",
                                          "Parallel Aware": false,
                                          "Scan Direction": "Forward",
                                          "Index Name": "role_type_pkey",
                                          "Relation Name": "role_type",
                                          "Alias": "rt",
                                          "Startup Cost": 0.14,
                                          "Total Cost": 0.16,
                                          "Plan Rows": 1,
                                          "Plan Width": 4,
                                          "Actual Startup Time": 0.004,
                                          "Actual Total Time": 0.004,
                                          "Actual Rows": 0,
                                          "Actual Loops": 36244344,
                                          "Index Cond": "(id = ci.role_id)",
                                          "Rows Removed by Index Recheck": 0,
                                          "Filter": "((role)::text = 'writer'::text)",
                                          "Rows Removed by Filter": 1
                                        }
                                      ]
                                    },
                                    {
                                      "Node Type": "Index Scan",
                                      "Parent Relationship": "Inner",
                                      "Parallel Aware": false,
                                      "Scan Direction": "Forward",
                                      "Index Name": "movie_id_movie_companies",
                                      "Relation Name": "movie_companies",
                                      "Alias": "mc",
                                      "Startup Cost": 0.43,
                                      "Total Cost": 0.52,
                                      "Plan Rows": 5,
                                      "Plan Width": 8,
                                      "Actual Startup Time": 0.004,
                                      "Actual Total Time": 0.005,
                                      "Actual Rows": 2,
                                      "Actual Loops": 2728943,
                                      "Index Cond": "(movie_id = ci.movie_id)",
                                      "Rows Removed by Index Recheck": 0
                                    }
                                  ]
                                },
                                {
                                  "Node Type": "Index Scan",
                                  "Parent Relationship": "Inner",
                                  "Parallel Aware": false,
                                  "Scan Direction": "Forward",
                                  "Index Name": "company_name_pkey",
                                  "Relation Name": "company_name",
                                  "Alias": "cn",
                                  "Startup Cost": 0.42,
                                  "Total Cost": 0.45,
                                  "Plan Rows": 1,
                                  "Plan Width": 4,
                                  "Actual Startup Time": 0.003,
                                  "Actual Total Time": 0.003,
                                  "Actual Rows": 0,
                                  "Actual Loops": 4450853,
                                  "Index Cond": "(id = mc.company_id)",
                                  "Rows Removed by Index Recheck": 0,
                                  "Filter": "((country_code)::text = '[us]'::text)",
                                  "Rows Removed by Filter": 1
                                }
                              ]
                            },
                            {
                              "Node Type": "Index Only Scan",
                              "Parent Relationship": "Inner",
                              "Parallel Aware": false,
                              "Scan Direction": "Forward",
                              "Index Name": "name_pkey",
                              "Relation Name": "name",
                              "Alias": "n1",
                              "Startup Cost": 0.43,
                              "Total Cost": 0.46,
                              "Plan Rows": 1,
                              "Plan Width": 4,
                              "Actual Startup Time": 0.002,
                              "Actual Total Time": 0.002,
                              "Actual Rows": 1,
                              "Actual Loops": 1970658,
                              "Index Cond": "(id = ci.person_id)",
                              "Rows Removed by Index Recheck": 0,
                              "Heap Fetches": 1970658
                            }
                          ]
                        },
                        {
                          "Node Type": "Index Scan",
                          "Parent Relationship": "Inner",
                          "Parallel Aware": false,
                          "Scan Direction": "Forward",
                          "Index Name": "title_pkey",
                          "Relation Name": "title",
                          "Alias": "t",
                          "Startup Cost": 0.43,
                          "Total Cost": 0.45,
                          "Plan Rows": 1,
                          "Plan Width": 21,
                          "Actual Startup Time": 0.004,
                          "Actual Total Time": 0.004,
                          "Actual Rows": 1,
                          "Actual Loops": 1970658,
                          "Index Cond": "(id = ci.movie_id)",
                          "Rows Removed by Index Recheck": 0
                        }
                      ]
                    },
                    {
                      "Node Type": "Index Scan",
                      "Parent Relationship": "Inner",
                      "Parallel Aware": false,
                      "Scan Direction": "Forward",
                      "Index Name": "person_id_aka_name",
                      "Relation Name": "aka_name",
                      "Alias": "a1",
                      "Startup Cost": 0.42,
                      "Total Cost": 0.46,
                      "Plan Rows": 2,
                      "Plan Width": 20,
                      "Actual Startup Time": 0.002,
                      "Actual Total Time": 0.002,
                      "Actual Rows": 1,
                      "Actual Loops": 1970658,
                      "Index Cond": "(person_id = ci.person_id)",
                      "Rows Removed by Index Recheck": 0
                    }
                  ]
                }
              ]
            }
          ]
        }
      ]
    },
    "Planning Time": 8.033,
    "Triggers": [],
    "Execution Time": 29834.644
  }
]