[
    {
        "Bao": {
            "Bao prediction": "NaN",
            "Bao recommended hint": "(no hint)"
        }
    },
    {
        "Plan": {
            "Node Type": "Aggregate",
            "Strategy": "Plain",
            "Partial Mode": "Finalize",
            "Parallel Aware": false,
            "Startup Cost": 83549.51,
            "Total Cost": 83549.52,
            "Plan Rows": 1,
            "Plan Width": 8,
            "Actual Startup Time": 254.617,
            "Actual Total Time": 266.042,
            "Actual Rows": 1,
            "Actual Loops": 1,
            "Output": [
                "count(*)"
            ],
            "Plans": [
                {
                    "Node Type": "Gather",
                    "Parent Relationship": "Outer",
                    "Parallel Aware": false,
                    "Startup Cost": 83549.19,
                    "Total Cost": 83549.5,
                    "Plan Rows": 3,
                    "Plan Width": 8,
                    "Actual Startup Time": 253.776,
                    "Actual Total Time": 266.031,
                    "Actual Rows": 4,
                    "Actual Loops": 1,
                    "Output": [
                        "(PARTIAL count(*))"
                    ],
                    "Workers Planned": 3,
                    "Workers Launched": 3,
                    "Single Copy": false,
                    "Plans": [
                        {
                            "Node Type": "Aggregate",
                            "Strategy": "Plain",
                            "Partial Mode": "Partial",
                            "Parent Relationship": "Outer",
                            "Parallel Aware": false,
                            "Startup Cost": 82549.19,
                            "Total Cost": 82549.2,
                            "Plan Rows": 1,
                            "Plan Width": 8,
                            "Actual Startup Time": 244.96,
                            "Actual Total Time": 244.964,
                            "Actual Rows": 1,
                            "Actual Loops": 4,
                            "Output": [
                                "PARTIAL count(*)"
                            ],
                            "Workers": [
                                {
                                    "Worker Number": 0,
                                    "Actual Startup Time": 242.599,
                                    "Actual Total Time": 242.603,
                                    "Actual Rows": 1,
                                    "Actual Loops": 1
                                },
                                {
                                    "Worker Number": 1,
                                    "Actual Startup Time": 242.574,
                                    "Actual Total Time": 242.578,
                                    "Actual Rows": 1,
                                    "Actual Loops": 1
                                },
                                {
                                    "Worker Number": 2,
                                    "Actual Startup Time": 242.139,
                                    "Actual Total Time": 242.143,
                                    "Actual Rows": 1,
                                    "Actual Loops": 1
                                }
                            ],
                            "Plans": [
                                {
                                    "Node Type": "Hash Join",
                                    "Parent Relationship": "Outer",
                                    "Parallel Aware": true,
                                    "Join Type": "Inner",
                                    "Startup Cost": 55511.89,
                                    "Total Cost": 82522.71,
                                    "Plan Rows": 10594,
                                    "Plan Width": 0,
                                    "Actual Startup Time": 153.438,
                                    "Actual Total Time": 244.586,
                                    "Actual Rows": 3443,
                                    "Actual Loops": 4,
                                    "Inner Unique": true,
                                    "Hash Cond": "(mk.movie_id = t.id)",
                                    "Workers": [
                                        {
                                            "Worker Number": 0,
                                            "Actual Startup Time": 151.143,
                                            "Actual Total Time": 242.258,
                                            "Actual Rows": 2831,
                                            "Actual Loops": 1
                                        },
                                        {
                                            "Worker Number": 1,
                                            "Actual Startup Time": 150.395,
                                            "Actual Total Time": 242.255,
                                            "Actual Rows": 4267,
                                            "Actual Loops": 1
                                        },
                                        {
                                            "Worker Number": 2,
                                            "Actual Startup Time": 151.226,
                                            "Actual Total Time": 241.771,
                                            "Actual Rows": 3276,
                                            "Actual Loops": 1
                                        }
                                    ],
                                    "Plans": [
                                        {
                                            "Node Type": "Bitmap Heap Scan",
                                            "Parent Relationship": "Outer",
                                            "Parallel Aware": true,
                                            "Relation Name": "movie_keyword",
                                            "Schema": "public",
                                            "Alias": "mk",
                                            "Startup Cost": 11117.76,
                                            "Total Cost": 37684.83,
                                            "Plan Rows": 169046,
                                            "Plan Width": 4,
                                            "Actual Startup Time": 44.279,
                                            "Actual Total Time": 108.75,
                                            "Actual Rows": 130220,
                                            "Actual Loops": 4,
                                            "Output": [
                                                "mk.id",
                                                "mk.movie_id",
                                                "mk.keyword_id"
                                            ],
                                            "Recheck Cond": "(mk.keyword_id < 382)",
                                            "Rows Removed by Index Recheck": 0,
                                            "Exact Heap Blocks": 5943,
                                            "Lossy Heap Blocks": 0,
                                            "Workers": [
                                                {
                                                    "Worker Number": 0,
                                                    "Actual Startup Time": 44.313,
                                                    "Actual Total Time": 110.293,
                                                    "Actual Rows": 115712,
                                                    "Actual Loops": 1
                                                },
                                                {
                                                    "Worker Number": 1,
                                                    "Actual Startup Time": 44.074,
                                                    "Actual Total Time": 109.064,
                                                    "Actual Rows": 148707,
                                                    "Actual Loops": 1
                                                },
                                                {
                                                    "Worker Number": 2,
                                                    "Actual Startup Time": 44.329,
                                                    "Actual Total Time": 110.348,
                                                    "Actual Rows": 129681,
                                                    "Actual Loops": 1
                                                }
                                            ],
                                            "Plans": [
                                                {
                                                    "Node Type": "Bitmap Index Scan",
                                                    "Parent Relationship": "Outer",
                                                    "Parallel Aware": false,
                                                    "Index Name": "keyword_id_movie_keyword",
                                                    "Startup Cost": 0.0,
                                                    "Total Cost": 10986.75,
                                                    "Plan Rows": 524042,
                                                    "Plan Width": 0,
                                                    "Actual Startup Time": 40.126,
                                                    "Actual Total Time": 40.127,
                                                    "Actual Rows": 520878,
                                                    "Actual Loops": 1,
                                                    "Index Cond": "(mk.keyword_id < 382)",
                                                    "Workers": [
                                                        {
                                                            "Worker Number": 1,
                                                            "Actual Startup Time": 40.126,
                                                            "Actual Total Time": 40.127,
                                                            "Actual Rows": 520878,
                                                            "Actual Loops": 1
                                                        }
                                                    ]
                                                }
                                            ]
                                        },
                                        {
                                            "Node Type": "Hash",
                                            "Parent Relationship": "Inner",
                                            "Parallel Aware": true,
                                            "Startup Cost": 43899.01,
                                            "Total Cost": 43899.01,
                                            "Plan Rows": 39610,
                                            "Plan Width": 4,
                                            "Actual Startup Time": 107.696,
                                            "Actual Total Time": 107.697,
                                            "Actual Rows": 40004,
                                            "Actual Loops": 4,
                                            "Output": [
                                                "t.id"
                                            ],
                                            "Hash Buckets": 262144,
                                            "Original Hash Buckets": 262144,
                                            "Hash Batches": 1,
                                            "Original Hash Batches": 1,
                                            "Peak Memory Usage": 8416,
                                            "Workers": [
                                                {
                                                    "Worker Number": 0,
                                                    "Actual Startup Time": 106.114,
                                                    "Actual Total Time": 106.115,
                                                    "Actual Rows": 36856,
                                                    "Actual Loops": 1
                                                },
                                                {
                                                    "Worker Number": 1,
                                                    "Actual Startup Time": 105.967,
                                                    "Actual Total Time": 105.968,
                                                    "Actual Rows": 36201,
                                                    "Actual Loops": 1
                                                },
                                                {
                                                    "Worker Number": 2,
                                                    "Actual Startup Time": 105.585,
                                                    "Actual Total Time": 105.586,
                                                    "Actual Rows": 37834,
                                                    "Actual Loops": 1
                                                }
                                            ],
                                            "Plans": [
                                                {
                                                    "Node Type": "Seq Scan",
                                                    "Parent Relationship": "Outer",
                                                    "Parallel Aware": true,
                                                    "Relation Name": "title",
                                                    "Schema": "public",
                                                    "Alias": "t",
                                                    "Startup Cost": 0.0,
                                                    "Total Cost": 43899.01,
                                                    "Plan Rows": 39610,
                                                    "Plan Width": 4,
                                                    "Actual Startup Time": 0.042,
                                                    "Actual Total Time": 91.898,
                                                    "Actual Rows": 40004,
                                                    "Actual Loops": 4,
                                                    "Output": [
                                                        "t.id"
                                                    ],
                                                    "Filter": "(t.production_year = 2011)",
                                                    "Rows Removed by Filter": 592074,
                                                    "Workers": [
                                                        {
                                                            "Worker Number": 0,
                                                            "Actual Startup Time": 0.045,
                                                            "Actual Total Time": 90.776,
                                                            "Actual Rows": 36856,
                                                            "Actual Loops": 1
                                                        },
                                                        {
                                                            "Worker Number": 1,
                                                            "Actual Startup Time": 0.044,
                                                            "Actual Total Time": 90.996,
                                                            "Actual Rows": 36201,
                                                            "Actual Loops": 1
                                                        },
                                                        {
                                                            "Worker Number": 2,
                                                            "Actual Startup Time": 0.064,
                                                            "Actual Total Time": 91.254,
                                                            "Actual Rows": 37834,
                                                            "Actual Loops": 1
                                                        }
                                                    ]
                                                }
                                            ]
                                        }
                                    ]
                                }
                            ]
                        }
                    ]
                }
            ]
        },
        "Planning Time": 196.26,
        "Triggers": [],
        "Execution Time": 266.181
    }
]