{
  "Plan": {
    "Node Type": "Aggregate",
    "Strategy": "Plain",
    "Partial Mode": "Finalize",
    "Parallel Aware": false,
    "Startup Cost": 360379.15,
    "Total Cost": 360379.16,
    "Plan Rows": 1,
    "Plan Width": 8,
    "Actual Startup Time": 371.824,
    "Actual Total Time": 412.826,
    "Actual Rows": 1,
    "Actual Loops": 1,
    "Plans": [
      {
        "Node Type": "Gather",
        "Parent Relationship": "Outer",
        "Parallel Aware": false,
        "Startup Cost": 360379.04,
        "Total Cost": 360379.15,
        "Plan Rows": 1,
        "Plan Width": 8,
        "Actual Startup Time": 370.837,
        "Actual Total Time": 412.817,
        "Actual Rows": 2,
        "Actual Loops": 1,
        "Workers Planned": 1,
        "Workers Launched": 1,
        "Single Copy": false,
        "Plans": [
          {
            "Node Type": "Aggregate",
            "Strategy": "Plain",
            "Partial Mode": "Partial",
            "Parent Relationship": "Outer",
            "Parallel Aware": false,
            "Startup Cost": 359379.04,
            "Total Cost": 359379.05,
            "Plan Rows": 1,
            "Plan Width": 8,
            "Actual Startup Time": 364.641,
            "Actual Total Time": 364.644,
            "Actual Rows": 1,
            "Actual Loops": 2,
            "Plans": [
              {
                "Node Type": "Nested Loop",
                "Parent Relationship": "Outer",
                "Parallel Aware": false,
                "Join Type": "Inner",
                "Startup Cost": 62211.64,
                "Total Cost": 358674.94,
                "Plan Rows": 281642,
                "Plan Width": 0,
                "Actual Startup Time": 192.924,
                "Actual Total Time": 358.093,
                "Actual Rows": 130811,
                "Actual Loops": 2,
                "Inner Unique": false,
                "Join Filter": "(t.id = ci.movie_id)",
                "Rows Removed by Join Filter": 0,
                "Plans": [
                  {
                    "Node Type": "Hash Join",
                    "Parent Relationship": "Outer",
                    "Parallel Aware": true,
                    "Join Type": "Inner",
                    "Startup Cost": 62211.07,
                    "Total Cost": 228663.85,
                    "Plan Rows": 19655,
                    "Plan Width": 8,
                    "Actual Startup Time": 192.849,
                    "Actual Total Time": 224.944,
                    "Actual Rows": 2720,
                    "Actual Loops": 2,
                    "Inner Unique": true,
                    "Hash Cond": "(mi.movie_id = t.id)",
                    "Plans": [
                      {
                        "Node Type": "Bitmap Heap Scan",
                        "Parent Relationship": "Outer",
                        "Parallel Aware": true,
                        "Relation Name": "movie_info",
                        "Alias": "mi",
                        "Startup Cost": 5618.66,
                        "Total Cost": 171592.82,
                        "Plan Rows": 182332,
                        "Plan Width": 4,
                        "Actual Startup Time": 10.84,
                        "Actual Total Time": 28.836,
                        "Actual Rows": 153394,
                        "Actual Loops": 2,
                        "Recheck Cond": "(info_type_id > 105)",
                        "Rows Removed by Index Recheck": 0,
                        "Exact Heap Blocks": 2988,
                        "Lossy Heap Blocks": 0,
                        "Plans": [
                          {
                            "Node Type": "Bitmap Index Scan",
                            "Parent Relationship": "Outer",
                            "Parallel Aware": false,
                            "Index Name": "info_type_id_movie_info",
                            "Startup Cost": 0.0,
                            "Total Cost": 5541.16,
                            "Plan Rows": 309964,
                            "Plan Width": 0,
                            "Actual Startup Time": 10.157,
                            "Actual Total Time": 10.158,
                            "Actual Rows": 306788,
                            "Actual Loops": 1,
                            "Index Cond": "(info_type_id > 105)"
                          }
                        ]
                      },
                      {
                        "Node Type": "Hash",
                        "Parent Relationship": "Inner",
                        "Parallel Aware": true,
                        "Startup Cost": 54588.39,
                        "Total Cost": 54588.39,
                        "Plan Rows": 160322,
                        "Plan Width": 4,
                        "Actual Startup Time": 176.615,
                        "Actual Total Time": 176.615,
                        "Actual Rows": 142528,
                        "Actual Loops": 2,
                        "Hash Buckets": 524288,
                        "Original Hash Buckets": 524288,
                        "Hash Batches": 1,
                        "Original Hash Batches": 1,
                        "Peak Memory Usage": 15264,
                        "Plans": [
                          {
                            "Node Type": "Seq Scan",
                            "Parent Relationship": "Outer",
                            "Parallel Aware": true,
                            "Relation Name": "title",
                            "Alias": "t",
                            "Startup Cost": 0.0,
                            "Total Cost": 54588.39,
                            "Plan Rows": 160322,
                            "Plan Width": 4,
                            "Actual Startup Time": 0.025,
                            "Actual Total Time": 138.747,
                            "Actual Rows": 142528,
                            "Actual Loops": 2,
                            "Filter": "(production_year < 1964)",
                            "Rows Removed by Filter": 1121628
                          }
                        ]
                      }
                    ]
                  },
                  {
                    "Node Type": "Index Only Scan",
                    "Parent Relationship": "Inner",
                    "Parallel Aware": false,
                    "Scan Direction": "Forward",
                    "Index Name": "movie_id_cast_info",
                    "Relation Name": "cast_info",
                    "Alias": "ci",
                    "Startup Cost": 0.56,
                    "Total Cost": 6.15,
                    "Plan Rows": 37,
                    "Plan Width": 4,
                    "Actual Startup Time": 0.006,
                    "Actual Total Time": 0.044,
                    "Actual Rows": 48,
                    "Actual Loops": 5440,
                    "Index Cond": "(movie_id = mi.movie_id)",
                    "Rows Removed by Index Recheck": 0,
                    "Heap Fetches": 261622
                  }
                ]
              }
            ]
          }
        ]
      }
    ]
  },
  "Planning Time": 0.93,
  "Triggers": [],
  "Execution Time": 412.947
}