{
  "Plan": {
    "Node Type": "Aggregate",
    "Strategy": "Plain",
    "Partial Mode": "Finalize",
    "Parallel Aware": false,
    "Startup Cost": 118747.84,
    "Total Cost": 118747.85,
    "Plan Rows": 1,
    "Plan Width": 8,
    "Actual Startup Time": 544.098,
    "Actual Total Time": 561.206,
    "Actual Rows": 1,
    "Actual Loops": 1,
    "Plans": [
      {
        "Node Type": "Gather",
        "Parent Relationship": "Outer",
        "Parallel Aware": false,
        "Startup Cost": 118747.73,
        "Total Cost": 118747.84,
        "Plan Rows": 1,
        "Plan Width": 8,
        "Actual Startup Time": 543.496,
        "Actual Total Time": 561.199,
        "Actual Rows": 2,
        "Actual Loops": 1,
        "Workers Planned": 1,
        "Workers Launched": 1,
        "Single Copy": false,
        "Plans": [
          {
            "Node Type": "Aggregate",
            "Strategy": "Plain",
            "Partial Mode": "Partial",
            "Parent Relationship": "Outer",
            "Parallel Aware": false,
            "Startup Cost": 117747.73,
            "Total Cost": 117747.74,
            "Plan Rows": 1,
            "Plan Width": 8,
            "Actual Startup Time": 537.836,
            "Actual Total Time": 537.84,
            "Actual Rows": 1,
            "Actual Loops": 2,
            "Plans": [
              {
                "Node Type": "Hash Join",
                "Parent Relationship": "Outer",
                "Parallel Aware": true,
                "Join Type": "Inner",
                "Startup Cost": 59330.44,
                "Total Cost": 117381.29,
                "Plan Rows": 146577,
                "Plan Width": 0,
                "Actual Startup Time": 170.764,
                "Actual Total Time": 520.907,
                "Actual Rows": 436229,
                "Actual Loops": 2,
                "Inner Unique": true,
                "Hash Cond": "(mk.movie_id = t.id)",
                "Plans": [
                  {
                    "Node Type": "Seq Scan",
                    "Parent Relationship": "Outer",
                    "Parallel Aware": true,
                    "Relation Name": "movie_keyword",
                    "Alias": "mk",
                    "Startup Cost": 0.0,
                    "Total Cost": 51065.35,
                    "Plan Rows": 2661135,
                    "Plan Width": 4,
                    "Actual Startup Time": 0.013,
                    "Actual Total Time": 149.119,
                    "Actual Rows": 2261965,
                    "Actual Loops": 2
                  },
                  {
                    "Node Type": "Hash",
                    "Parent Relationship": "Inner",
                    "Parallel Aware": true,
                    "Startup Cost": 58306.47,
                    "Total Cost": 58306.47,
                    "Plan Rows": 81918,
                    "Plan Width": 4,
                    "Actual Startup Time": 167.154,
                    "Actual Total Time": 167.155,
                    "Actual Rows": 122822,
                    "Actual Loops": 2,
                    "Hash Buckets": 262144,
                    "Original Hash Buckets": 262144,
                    "Hash Batches": 1,
                    "Original Hash Batches": 1,
                    "Peak Memory Usage": 11680,
                    "Plans": [
                      {
                        "Node Type": "Seq Scan",
                        "Parent Relationship": "Outer",
                        "Parallel Aware": true,
                        "Relation Name": "title",
                        "Alias": "t",
                        "Startup Cost": 0.0,
                        "Total Cost": 58306.47,
                        "Plan Rows": 81918,
                        "Plan Width": 4,
                        "Actual Startup Time": 0.344,
                        "Actual Total Time": 141.823,
                        "Actual Rows": 122822,
                        "Actual Loops": 2,
                        "Filter": "((kind_id < 7) AND (production_year < 1970))",
                        "Rows Removed by Filter": 1141334
                      }
                    ]
                  }
                ]
              }
            ]
          }
        ]
      }
    ]
  },
  "Planning Time": 0.482,
  "Triggers": [],
  "Execution Time": 561.276
}