{
    "Plan": {
        "Node Type": "Aggregate",
        "Strategy": "Plain",
        "Partial Mode": "Finalize",
        "Parallel Aware": false,
        "Startup Cost": 249230.43,
        "Total Cost": 249230.44,
        "Plan Rows": 1,
        "Plan Width": 8,
        "Actual Startup Time": 583.129,
        "Actual Total Time": 621.344,
        "Actual Rows": 1,
        "Actual Loops": 1,
        "Output": [
            "count(*)"
        ],
        "Plans": [
            {
                "Node Type": "Gather",
                "Parent Relationship": "Outer",
                "Parallel Aware": false,
                "Startup Cost": 249229.91,
                "Total Cost": 249230.42,
                "Plan Rows": 5,
                "Plan Width": 8,
                "Actual Startup Time": 576.23,
                "Actual Total Time": 621.332,
                "Actual Rows": 6,
                "Actual Loops": 1,
                "Output": [
                    "(PARTIAL count(*))"
                ],
                "Workers Planned": 5,
                "Workers Launched": 5,
                "Single Copy": false,
                "Plans": [
                    {
                        "Node Type": "Aggregate",
                        "Strategy": "Plain",
                        "Partial Mode": "Partial",
                        "Parent Relationship": "Outer",
                        "Parallel Aware": false,
                        "Startup Cost": 248229.91,
                        "Total Cost": 248229.92,
                        "Plan Rows": 1,
                        "Plan Width": 8,
                        "Actual Startup Time": 564.932,
                        "Actual Total Time": 564.936,
                        "Actual Rows": 1,
                        "Actual Loops": 6,
                        "Output": [
                            "PARTIAL count(*)"
                        ],
                        "Workers": [
                            {
                                "Worker Number": 0,
                                "Actual Startup Time": 563.895,
                                "Actual Total Time": 563.899,
                                "Actual Rows": 1,
                                "Actual Loops": 1
                            },
                            {
                                "Worker Number": 1,
                                "Actual Startup Time": 562.486,
                                "Actual Total Time": 562.491,
                                "Actual Rows": 1,
                                "Actual Loops": 1
                            },
                            {
                                "Worker Number": 2,
                                "Actual Startup Time": 562.59,
                                "Actual Total Time": 562.592,
                                "Actual Rows": 1,
                                "Actual Loops": 1
                            },
                            {
                                "Worker Number": 3,
                                "Actual Startup Time": 562.414,
                                "Actual Total Time": 562.419,
                                "Actual Rows": 1,
                                "Actual Loops": 1
                            },
                            {
                                "Worker Number": 4,
                                "Actual Startup Time": 562.414,
                                "Actual Total Time": 562.419,
                                "Actual Rows": 1,
                                "Actual Loops": 1
                            }
                        ],
                        "Plans": [
                            {
                                "Node Type": "Hash Join",
                                "Parent Relationship": "Outer",
                                "Parallel Aware": true,
                                "Join Type": "Inner",
                                "Startup Cost": 48727.04,
                                "Total Cost": 248001.04,
                                "Plan Rows": 91546,
                                "Plan Width": 0,
                                "Actual Startup Time": 241.483,
                                "Actual Total Time": 563.587,
                                "Actual Rows": 28180,
                                "Actual Loops": 6,
                                "Inner Unique": true,
                                "Hash Cond": "(mi.movie_id = t.id)",
                                "Workers": [
                                    {
                                        "Worker Number": 0,
                                        "Actual Startup Time": 239.211,
                                        "Actual Total Time": 562.49,
                                        "Actual Rows": 21665,
                                        "Actual Loops": 1
                                    },
                                    {
                                        "Worker Number": 1,
                                        "Actual Startup Time": 239.292,
                                        "Actual Total Time": 561.008,
                                        "Actual Rows": 22761,
                                        "Actual Loops": 1
                                    },
                                    {
                                        "Worker Number": 2,
                                        "Actual Startup Time": 239.401,
                                        "Actual Total Time": 561.313,
                                        "Actual Rows": 32253,
                                        "Actual Loops": 1
                                    },
                                    {
                                        "Worker Number": 3,
                                        "Actual Startup Time": 239.192,
                                        "Actual Total Time": 561.208,
                                        "Actual Rows": 29142,
                                        "Actual Loops": 1
                                    },
                                    {
                                        "Worker Number": 4,
                                        "Actual Startup Time": 239.205,
                                        "Actual Total Time": 561.181,
                                        "Actual Rows": 29669,
                                        "Actual Loops": 1
                                    }
                                ],
                                "Plans": [
                                    {
                                        "Node Type": "Seq Scan",
                                        "Parent Relationship": "Outer",
                                        "Parallel Aware": true,
                                        "Relation Name": "movie_info",
                                        "Schema": "public",
                                        "Alias": "mi",
                                        "Startup Cost": 0.0,
                                        "Total Cost": 198880.74,
                                        "Plan Rows": 149814,
                                        "Plan Width": 4,
                                        "Actual Startup Time": 30.157,
                                        "Actual Total Time": 299.985,
                                        "Actual Rows": 133690,
                                        "Actual Loops": 6,
                                        "Output": [
                                            "mi.id",
                                            "mi.movie_id",
                                            "mi.info_type_id",
                                            "mi.info",
                                            "mi.note"
                                        ],
                                        "Filter": "(mi.info_type_id < 2)",
                                        "Rows Removed by Filter": 2338930,
                                        "Workers": [
                                            {
                                                "Worker Number": 0,
                                                "Actual Startup Time": 30.105,
                                                "Actual Total Time": 301.358,
                                                "Actual Rows": 103771,
                                                "Actual Loops": 1
                                            },
                                            {
                                                "Worker Number": 1,
                                                "Actual Startup Time": 30.196,
                                                "Actual Total Time": 302.521,
                                                "Actual Rows": 110450,
                                                "Actual Loops": 1
                                            },
                                            {
                                                "Worker Number": 2,
                                                "Actual Startup Time": 30.178,
                                                "Actual Total Time": 299.913,
                                                "Actual Rows": 153516,
                                                "Actual Loops": 1
                                            },
                                            {
                                                "Worker Number": 3,
                                                "Actual Startup Time": 30.184,
                                                "Actual Total Time": 299.152,
                                                "Actual Rows": 135138,
                                                "Actual Loops": 1
                                            },
                                            {
                                                "Worker Number": 4,
                                                "Actual Startup Time": 30.1,
                                                "Actual Total Time": 299.233,
                                                "Actual Rows": 136980,
                                                "Actual Loops": 1
                                            }
                                        ]
                                    },
                                    {
                                        "Node Type": "Hash",
                                        "Parent Relationship": "Inner",
                                        "Parallel Aware": true,
                                        "Startup Cost": 43899.01,
                                        "Total Cost": 43899.01,
                                        "Plan Rows": 386243,
                                        "Plan Width": 4,
                                        "Actual Startup Time": 206.823,
                                        "Actual Total Time": 206.824,
                                        "Actual Rows": 259311,
                                        "Actual Loops": 6,
                                        "Output": [
                                            "t.id"
                                        ],
                                        "Hash Buckets": 2097152,
                                        "Original Hash Buckets": 2097152,
                                        "Hash Batches": 1,
                                        "Original Hash Batches": 1,
                                        "Peak Memory Usage": 77344,
                                        "Workers": [
                                            {
                                                "Worker Number": 0,
                                                "Actual Startup Time": 208.134,
                                                "Actual Total Time": 208.135,
                                                "Actual Rows": 192673,
                                                "Actual Loops": 1
                                            },
                                            {
                                                "Worker Number": 1,
                                                "Actual Startup Time": 208.523,
                                                "Actual Total Time": 208.524,
                                                "Actual Rows": 204780,
                                                "Actual Loops": 1
                                            },
                                            {
                                                "Worker Number": 2,
                                                "Actual Startup Time": 208.592,
                                                "Actual Total Time": 208.593,
                                                "Actual Rows": 266603,
                                                "Actual Loops": 1
                                            },
                                            {
                                                "Worker Number": 3,
                                                "Actual Startup Time": 208.282,
                                                "Actual Total Time": 208.283,
                                                "Actual Rows": 249053,
                                                "Actual Loops": 1
                                            },
                                            {
                                                "Worker Number": 4,
                                                "Actual Startup Time": 208.136,
                                                "Actual Total Time": 208.137,
                                                "Actual Rows": 258212,
                                                "Actual Loops": 1
                                            }
                                        ],
                                        "Plans": [
                                            {
                                                "Node Type": "Seq Scan",
                                                "Parent Relationship": "Outer",
                                                "Parallel Aware": true,
                                                "Relation Name": "title",
                                                "Schema": "public",
                                                "Alias": "t",
                                                "Startup Cost": 0.0,
                                                "Total Cost": 43899.01,
                                                "Plan Rows": 386243,
                                                "Plan Width": 4,
                                                "Actual Startup Time": 0.056,
                                                "Actual Total Time": 84.273,
                                                "Actual Rows": 259311,
                                                "Actual Loops": 6,
                                                "Output": [
                                                    "t.id"
                                                ],
                                                "Filter": "(t.kind_id > 4)",
                                                "Rows Removed by Filter": 162075,
                                                "Workers": [
                                                    {
                                                        "Worker Number": 0,
                                                        "Actual Startup Time": 0.064,
                                                        "Actual Total Time": 87.14,
                                                        "Actual Rows": 192673,
                                                        "Actual Loops": 1
                                                    },
                                                    {
                                                        "Worker Number": 1,
                                                        "Actual Startup Time": 0.066,
                                                        "Actual Total Time": 88.688,
                                                        "Actual Rows": 204780,
                                                        "Actual Loops": 1
                                                    },
                                                    {
                                                        "Worker Number": 2,
                                                        "Actual Startup Time": 0.062,
                                                        "Actual Total Time": 86.756,
                                                        "Actual Rows": 266603,
                                                        "Actual Loops": 1
                                                    },
                                                    {
                                                        "Worker Number": 3,
                                                        "Actual Startup Time": 0.062,
                                                        "Actual Total Time": 84.782,
                                                        "Actual Rows": 249053,
                                                        "Actual Loops": 1
                                                    },
                                                    {
                                                        "Worker Number": 4,
                                                        "Actual Startup Time": 0.069,
                                                        "Actual Total Time": 84.701,
                                                        "Actual Rows": 258212,
                                                        "Actual Loops": 1
                                                    }
                                                ]
                                            }
                                        ]
                                    }
                                ]
                            }
                        ]
                    }
                ]
            }
        ]
    },
    "Planning Time": 0.365,
    "Triggers": [],
    "Execution Time": 621.39
}