{
  "Plan": {
    "Node Type": "Aggregate",
    "Strategy": "Plain",
    "Partial Mode": "Finalize",
    "Parallel Aware": false,
    "Startup Cost": 492808.96,
    "Total Cost": 492808.97,
    "Plan Rows": 1,
    "Plan Width": 8,
    "Actual Startup Time": 2316.003,
    "Actual Total Time": 2346.223,
    "Actual Rows": 1,
    "Actual Loops": 1,
    "Plans": [
      {
        "Node Type": "Gather",
        "Parent Relationship": "Outer",
        "Parallel Aware": false,
        "Startup Cost": 492808.85,
        "Total Cost": 492808.96,
        "Plan Rows": 1,
        "Plan Width": 8,
        "Actual Startup Time": 2310.541,
        "Actual Total Time": 2346.216,
        "Actual Rows": 2,
        "Actual Loops": 1,
        "Workers Planned": 1,
        "Workers Launched": 1,
        "Single Copy": false,
        "Plans": [
          {
            "Node Type": "Aggregate",
            "Strategy": "Plain",
            "Partial Mode": "Partial",
            "Parent Relationship": "Outer",
            "Parallel Aware": false,
            "Startup Cost": 491808.85,
            "Total Cost": 491808.86,
            "Plan Rows": 1,
            "Plan Width": 8,
            "Actual Startup Time": 2297.722,
            "Actual Total Time": 2297.725,
            "Actual Rows": 1,
            "Actual Loops": 2,
            "Plans": [
              {
                "Node Type": "Hash Join",
                "Parent Relationship": "Outer",
                "Parallel Aware": true,
                "Join Type": "Inner",
                "Startup Cost": 184923.49,
                "Total Cost": 484121.14,
                "Plan Rows": 3075084,
                "Plan Width": 0,
                "Actual Startup Time": 785.197,
                "Actual Total Time": 2187.38,
                "Actual Rows": 2701148,
                "Actual Loops": 2,
                "Inner Unique": true,
                "Hash Cond": "(ci.movie_id = t.id)",
                "Plans": [
                  {
                    "Node Type": "Bitmap Heap Scan",
                    "Parent Relationship": "Outer",
                    "Parallel Aware": true,
                    "Relation Name": "cast_info",
                    "Alias": "ci",
                    "Startup Cost": 115462.79,
                    "Total Cost": 406588.33,
                    "Plan Rows": 3075084,
                    "Plan Width": 4,
                    "Actual Startup Time": 259.465,
                    "Actual Total Time": 544.436,
                    "Actual Rows": 2701148,
                    "Actual Loops": 2,
                    "Recheck Cond": "(person_id < 521305)",
                    "Rows Removed by Index Recheck": 0,
                    "Exact Heap Blocks": 28981,
                    "Lossy Heap Blocks": 0,
                    "Plans": [
                      {
                        "Node Type": "Bitmap Index Scan",
                        "Parent Relationship": "Outer",
                        "Parallel Aware": false,
                        "Index Name": "person_id_cast_info",
                        "Startup Cost": 0.0,
                        "Total Cost": 114155.88,
                        "Plan Rows": 5227642,
                        "Plan Width": 0,
                        "Actual Startup Time": 249.467,
                        "Actual Total Time": 249.468,
                        "Actual Rows": 5402295,
                        "Actual Loops": 1,
                        "Index Cond": "(person_id < 521305)"
                      }
                    ]
                  },
                  {
                    "Node Type": "Hash",
                    "Parent Relationship": "Inner",
                    "Parallel Aware": true,
                    "Startup Cost": 50870.31,
                    "Total Cost": 50870.31,
                    "Plan Rows": 1487231,
                    "Plan Width": 4,
                    "Actual Startup Time": 503.354,
                    "Actual Total Time": 503.354,
                    "Actual Rows": 1264156,
                    "Actual Loops": 2,
                    "Hash Buckets": 4194304,
                    "Original Hash Buckets": 4194304,
                    "Hash Batches": 1,
                    "Original Hash Batches": 1,
                    "Peak Memory Usage": 131712,
                    "Plans": [
                      {
                        "Node Type": "Seq Scan",
                        "Parent Relationship": "Outer",
                        "Parallel Aware": true,
                        "Relation Name": "title",
                        "Alias": "t",
                        "Startup Cost": 0.0,
                        "Total Cost": 50870.31,
                        "Plan Rows": 1487231,
                        "Plan Width": 4,
                        "Actual Startup Time": 0.027,
                        "Actual Total Time": 152.211,
                        "Actual Rows": 1264156,
                        "Actual Loops": 2
                      }
                    ]
                  }
                ]
              }
            ]
          }
        ]
      }
    ]
  },
  "Planning Time": 0.576,
  "Triggers": [],
  "Execution Time": 2346.307
}