[
  {
    "Plan": {
      "Node Type": "Aggregate",
      "Strategy": "Plain",
      "Partial Mode": "Finalize",
      "Parallel Aware": false,
      "Startup Cost": 45043.41,
      "Total Cost": 45043.42,
      "Plan Rows": 1,
      "Plan Width": 8,
      "Actual Startup Time": 164.826,
      "Actual Total Time": 175.222,
      "Actual Rows": 1,
      "Actual Loops": 1,
      "Plans": [
        {
          "Node Type": "Gather",
          "Parent Relationship": "Outer",
          "Parallel Aware": false,
          "Startup Cost": 45043.1,
          "Total Cost": 45043.41,
          "Plan Rows": 3,
          "Plan Width": 8,
          "Actual Startup Time": 164.682,
          "Actual Total Time": 175.214,
          "Actual Rows": 4,
          "Actual Loops": 1,
          "Workers Planned": 3,
          "Workers Launched": 3,
          "Single Copy": false,
          "Plans": [
            {
              "Node Type": "Aggregate",
              "Strategy": "Plain",
              "Partial Mode": "Partial",
              "Parent Relationship": "Outer",
              "Parallel Aware": false,
              "Startup Cost": 44043.1,
              "Total Cost": 44043.11,
              "Plan Rows": 1,
              "Plan Width": 8,
              "Actual Startup Time": 156.374,
              "Actual Total Time": 156.376,
              "Actual Rows": 1,
              "Actual Loops": 4,
              "Plans": [
                {
                  "Node Type": "Seq Scan",
                  "Parent Relationship": "Outer",
                  "Parallel Aware": true,
                  "Relation Name": "movie_keyword",
                  "Alias": "mk",
                  "Startup Cost": 0.0,
                  "Total Cost": 42695.65,
                  "Plan Rows": 538977,
                  "Plan Width": 0,
                  "Actual Startup Time": 1.302,
                  "Actual Total Time": 132.846,
                  "Actual Rows": 419361,
                  "Actual Loops": 4,
                  "Filter": "(keyword_id > 8670)",
                  "Rows Removed by Filter": 711622
                }
              ]
            }
          ]
        }
      ]
    },
    "Planning Time": 0.16,
    "Triggers": [],
    "Execution Time": 175.273
  }
]