[
  {
    "Plan": {
      "Node Type": "Aggregate",
      "Strategy": "Plain",
      "Partial Mode": "Finalize",
      "Parallel Aware": false,
      "Startup Cost": 76486.0,
      "Total Cost": 76486.01,
      "Plan Rows": 1,
      "Plan Width": 8,
      "Actual Startup Time": 206.925,
      "Actual Total Time": 224.485,
      "Actual Rows": 1,
      "Actual Loops": 1,
      "Plans": [
        {
          "Node Type": "Gather",
          "Parent Relationship": "Outer",
          "Parallel Aware": false,
          "Startup Cost": 76485.68,
          "Total Cost": 76485.99,
          "Plan Rows": 3,
          "Plan Width": 8,
          "Actual Startup Time": 205.133,
          "Actual Total Time": 224.477,
          "Actual Rows": 4,
          "Actual Loops": 1,
          "Workers Planned": 3,
          "Workers Launched": 3,
          "Single Copy": false,
          "Plans": [
            {
              "Node Type": "Aggregate",
              "Strategy": "Plain",
              "Partial Mode": "Partial",
              "Parent Relationship": "Outer",
              "Parallel Aware": false,
              "Startup Cost": 75485.68,
              "Total Cost": 75485.69,
              "Plan Rows": 1,
              "Plan Width": 8,
              "Actual Startup Time": 195.984,
              "Actual Total Time": 195.989,
              "Actual Rows": 1,
              "Actual Loops": 4,
              "Plans": [
                {
                  "Node Type": "Hash Join",
                  "Parent Relationship": "Outer",
                  "Parallel Aware": true,
                  "Join Type": "Inner",
                  "Startup Cost": 50160.35,
                  "Total Cost": 75468.46,
                  "Plan Rows": 6891,
                  "Plan Width": 0,
                  "Actual Startup Time": 140.365,
                  "Actual Total Time": 195.596,
                  "Actual Rows": 4650,
                  "Actual Loops": 4,
                  "Inner Unique": true,
                  "Hash Cond": "(mk.movie_id = t.id)",
                  "Plans": [
                    {
                      "Node Type": "Bitmap Heap Scan",
                      "Parent Relationship": "Outer",
                      "Parallel Aware": true,
                      "Relation Name": "movie_keyword",
                      "Alias": "mk",
                      "Startup Cost": 3717.12,
                      "Total Cost": 28877.0,
                      "Plan Rows": 56470,
                      "Plan Width": 4,
                      "Actual Startup Time": 13.316,
                      "Actual Total Time": 55.401,
                      "Actual Rows": 47194,
                      "Actual Loops": 4,
                      "Recheck Cond": "(keyword_id < 137)",
                      "Rows Removed by Index Recheck": 0,
                      "Exact Heap Blocks": 8976,
                      "Lossy Heap Blocks": 0,
                      "Plans": [
                        {
                          "Node Type": "Bitmap Index Scan",
                          "Parent Relationship": "Outer",
                          "Parallel Aware": false,
                          "Index Name": "keyword_id_movie_keyword",
                          "Startup Cost": 0.0,
                          "Total Cost": 3673.36,
                          "Plan Rows": 175057,
                          "Plan Width": 0,
                          "Actual Startup Time": 9.821,
                          "Actual Total Time": 9.822,
                          "Actual Rows": 188777,
                          "Actual Loops": 1,
                          "Index Cond": "(keyword_id < 137)"
                        }
                      ]
                    },
                    {
                      "Node Type": "Hash",
                      "Parent Relationship": "Inner",
                      "Parallel Aware": true,
                      "Startup Cost": 45479.1,
                      "Total Cost": 45479.1,
                      "Plan Rows": 77130,
                      "Plan Width": 4,
                      "Actual Startup Time": 123.743,
                      "Actual Total Time": 123.746,
                      "Actual Rows": 66650,
                      "Actual Loops": 4,
                      "Hash Buckets": 524288,
                      "Original Hash Buckets": 524288,
                      "Hash Batches": 1,
                      "Original Hash Batches": 1,
                      "Peak Memory Usage": 14624,
                      "Plans": [
                        {
                          "Node Type": "Seq Scan",
                          "Parent Relationship": "Outer",
                          "Parallel Aware": true,
                          "Relation Name": "title",
                          "Alias": "t",
                          "Startup Cost": 0.0,
                          "Total Cost": 45479.1,
                          "Plan Rows": 77130,
                          "Plan Width": 4,
                          "Actual Startup Time": 0.049,
                          "Actual Total Time": 99.34,
                          "Actual Rows": 66650,
                          "Actual Loops": 4,
                          "Filter": "((kind_id < 7) AND (production_year > 2007))",
                          "Rows Removed by Filter": 565428
                        }
                      ]
                    }
                  ]
                }
              ]
            }
          ]
        }
      ]
    },
    "Planning Time": 0.663,
    "Triggers": [],
    "Execution Time": 224.579
  }
]