[
  {
    "Plan": {
      "Node Type": "Aggregate",
      "Strategy": "Plain",
      "Partial Mode": "Finalize",
      "Parallel Aware": false,
      "Startup Cost": 103063.29,
      "Total Cost": 103063.3,
      "Plan Rows": 1,
      "Plan Width": 8,
      "Actual Startup Time": 364.84,
      "Actual Total Time": 404.661,
      "Actual Rows": 1,
      "Actual Loops": 1,
      "Plans": [
        {
          "Node Type": "Gather",
          "Parent Relationship": "Outer",
          "Parallel Aware": false,
          "Startup Cost": 103062.97,
          "Total Cost": 103063.28,
          "Plan Rows": 3,
          "Plan Width": 8,
          "Actual Startup Time": 363.923,
          "Actual Total Time": 404.649,
          "Actual Rows": 4,
          "Actual Loops": 1,
          "Workers Planned": 3,
          "Workers Launched": 3,
          "Single Copy": false,
          "Plans": [
            {
              "Node Type": "Aggregate",
              "Strategy": "Plain",
              "Partial Mode": "Partial",
              "Parent Relationship": "Outer",
              "Parallel Aware": false,
              "Startup Cost": 102062.97,
              "Total Cost": 102062.98,
              "Plan Rows": 1,
              "Plan Width": 8,
              "Actual Startup Time": 360.243,
              "Actual Total Time": 360.248,
              "Actual Rows": 1,
              "Actual Loops": 4,
              "Plans": [
                {
                  "Node Type": "Nested Loop",
                  "Parent Relationship": "Outer",
                  "Parallel Aware": false,
                  "Join Type": "Inner",
                  "Startup Cost": 51506.92,
                  "Total Cost": 102054.76,
                  "Plan Rows": 3283,
                  "Plan Width": 0,
                  "Actual Startup Time": 127.218,
                  "Actual Total Time": 359.107,
                  "Actual Rows": 11007,
                  "Actual Loops": 4,
                  "Inner Unique": false,
                  "Join Filter": "(t.id = mi.movie_id)",
                  "Rows Removed by Join Filter": 0,
                  "Plans": [
                    {
                      "Node Type": "Hash Join",
                      "Parent Relationship": "Outer",
                      "Parallel Aware": true,
                      "Join Type": "Inner",
                      "Startup Cost": 51506.48,
                      "Total Cost": 77604.66,
                      "Plan Rows": 6316,
                      "Plan Width": 8,
                      "Actual Startup Time": 127.022,
                      "Actual Total Time": 186.686,
                      "Actual Rows": 10877,
                      "Actual Loops": 4,
                      "Inner Unique": true,
                      "Hash Cond": "(mk.movie_id = t.id)",
                      "Plans": [
                        {
                          "Node Type": "Bitmap Heap Scan",
                          "Parent Relationship": "Outer",
                          "Parallel Aware": true,
                          "Relation Name": "movie_keyword",
                          "Alias": "mk",
                          "Startup Cost": 7148.1,
                          "Total Cost": 32960.92,
                          "Plan Rows": 108706,
                          "Plan Width": 4,
                          "Actual Startup Time": 21.412,
                          "Actual Total Time": 62.137,
                          "Actual Rows": 83536,
                          "Actual Loops": 4,
                          "Recheck Cond": "(keyword_id < 275)",
                          "Rows Removed by Index Recheck": 0,
                          "Exact Heap Blocks": 8784,
                          "Lossy Heap Blocks": 0,
                          "Plans": [
                            {
                              "Node Type": "Bitmap Index Scan",
                              "Parent Relationship": "Outer",
                              "Parallel Aware": false,
                              "Index Name": "keyword_id_movie_keyword",
                              "Startup Cost": 0.0,
                              "Total Cost": 7063.85,
                              "Plan Rows": 336989,
                              "Plan Width": 0,
                              "Actual Startup Time": 17.855,
                              "Actual Total Time": 17.856,
                              "Actual Rows": 334142,
                              "Actual Loops": 1,
                              "Index Cond": "(keyword_id < 275)"
                            }
                          ]
                        },
                        {
                          "Node Type": "Hash",
                          "Parent Relationship": "Inner",
                          "Parallel Aware": true,
                          "Startup Cost": 43899.32,
                          "Total Cost": 43899.32,
                          "Plan Rows": 36725,
                          "Plan Width": 4,
                          "Actual Startup Time": 103.337,
                          "Actual Total Time": 103.337,
                          "Actual Rows": 40084,
                          "Actual Loops": 4,
                          "Hash Buckets": 262144,
                          "Original Hash Buckets": 262144,
                          "Hash Batches": 1,
                          "Original Hash Batches": 1,
                          "Peak Memory Usage": 8384,
                          "Plans": [
                            {
                              "Node Type": "Seq Scan",
                              "Parent Relationship": "Outer",
                              "Parallel Aware": true,
                              "Relation Name": "title",
                              "Alias": "t",
                              "Startup Cost": 0.0,
                              "Total Cost": 43899.32,
                              "Plan Rows": 36725,
                              "Plan Width": 4,
                              "Actual Startup Time": 0.858,
                              "Actual Total Time": 89.106,
                              "Actual Rows": 40084,
                              "Actual Loops": 4,
                              "Filter": "(production_year < 1949)",
                              "Rows Removed by Filter": 591994
                            }
                          ]
                        }
                      ]
                    },
                    {
                      "Node Type": "Index Scan",
                      "Parent Relationship": "Inner",
                      "Parallel Aware": false,
                      "Scan Direction": "Forward",
                      "Index Name": "movie_id_movie_info",
                      "Relation Name": "movie_info",
                      "Alias": "mi",
                      "Startup Cost": 0.43,
                      "Total Cost": 3.82,
                      "Plan Rows": 4,
                      "Plan Width": 4,
                      "Actual Startup Time": 0.013,
                      "Actual Total Time": 0.015,
                      "Actual Rows": 1,
                      "Actual Loops": 43509,
                      "Index Cond": "(movie_id = mk.movie_id)",
                      "Rows Removed by Index Recheck": 0,
                      "Filter": "(info_type_id = 2)",
                      "Rows Removed by Filter": 26
                    }
                  ]
                }
              ]
            }
          ]
        }
      ]
    },
    "Planning Time": 0.565,
    "Triggers": [],
    "Execution Time": 404.725
  }
]