[
    {
        "Bao": {
            "Bao prediction": "NaN",
            "Bao recommended hint": "(no hint)"
        }
    },
    {
        "Plan": {
            "Node Type": "Aggregate",
            "Strategy": "Plain",
            "Partial Mode": "Finalize",
            "Parallel Aware": false,
            "Startup Cost": 33439.64,
            "Total Cost": 33439.65,
            "Plan Rows": 1,
            "Plan Width": 8,
            "Actual Startup Time": 101.922,
            "Actual Total Time": 106.642,
            "Actual Rows": 1,
            "Actual Loops": 1,
            "Output": [
                "count(*)"
            ],
            "Plans": [
                {
                    "Node Type": "Gather",
                    "Parent Relationship": "Outer",
                    "Parallel Aware": false,
                    "Startup Cost": 33439.32,
                    "Total Cost": 33439.63,
                    "Plan Rows": 3,
                    "Plan Width": 8,
                    "Actual Startup Time": 101.806,
                    "Actual Total Time": 106.635,
                    "Actual Rows": 4,
                    "Actual Loops": 1,
                    "Output": [
                        "(PARTIAL count(*))"
                    ],
                    "Workers Planned": 3,
                    "Workers Launched": 3,
                    "Single Copy": false,
                    "Plans": [
                        {
                            "Node Type": "Aggregate",
                            "Strategy": "Plain",
                            "Partial Mode": "Partial",
                            "Parent Relationship": "Outer",
                            "Parallel Aware": false,
                            "Startup Cost": 32439.32,
                            "Total Cost": 32439.33,
                            "Plan Rows": 1,
                            "Plan Width": 8,
                            "Actual Startup Time": 93.731,
                            "Actual Total Time": 93.732,
                            "Actual Rows": 1,
                            "Actual Loops": 4,
                            "Output": [
                                "PARTIAL count(*)"
                            ],
                            "Workers": [
                                {
                                    "Worker Number": 0,
                                    "Actual Startup Time": 90.6,
                                    "Actual Total Time": 90.601,
                                    "Actual Rows": 1,
                                    "Actual Loops": 1
                                },
                                {
                                    "Worker Number": 1,
                                    "Actual Startup Time": 91.241,
                                    "Actual Total Time": 91.242,
                                    "Actual Rows": 1,
                                    "Actual Loops": 1
                                },
                                {
                                    "Worker Number": 2,
                                    "Actual Startup Time": 91.551,
                                    "Actual Total Time": 91.551,
                                    "Actual Rows": 1,
                                    "Actual Loops": 1
                                }
                            ],
                            "Plans": [
                                {
                                    "Node Type": "Seq Scan",
                                    "Parent Relationship": "Outer",
                                    "Parallel Aware": true,
                                    "Relation Name": "movie_companies",
                                    "Schema": "public",
                                    "Alias": "mc",
                                    "Startup Cost": 0.0,
                                    "Total Cost": 31414.82,
                                    "Plan Rows": 409800,
                                    "Plan Width": 0,
                                    "Actual Startup Time": 42.402,
                                    "Actual Total Time": 80.447,
                                    "Actual Rows": 303746,
                                    "Actual Loops": 4,
                                    "Output": [
                                        "id",
                                        "movie_id",
                                        "company_id",
                                        "company_type_id",
                                        "note"
                                    ],
                                    "Filter": "((mc.company_id < 146386) AND (mc.company_type_id = 2))",
                                    "Rows Removed by Filter": 348536,
                                    "Workers": [
                                        {
                                            "Worker Number": 0,
                                            "Actual Startup Time": 39.279,
                                            "Actual Total Time": 77.531,
                                            "Actual Rows": 324391,
                                            "Actual Loops": 1
                                        },
                                        {
                                            "Worker Number": 1,
                                            "Actual Startup Time": 39.914,
                                            "Actual Total Time": 78.102,
                                            "Actual Rows": 199745,
                                            "Actual Loops": 1
                                        },
                                        {
                                            "Worker Number": 2,
                                            "Actual Startup Time": 40.216,
                                            "Actual Total Time": 78.574,
                                            "Actual Rows": 321708,
                                            "Actual Loops": 1
                                        }
                                    ]
                                }
                            ]
                        }
                    ]
                }
            ]
        },
        "Planning Time": 223.333,
        "Triggers": [],
        "Execution Time": 106.688
    }
]