[
  {
    "Plan": {
      "Node Type": "Aggregate",
      "Strategy": "Plain",
      "Partial Mode": "Finalize",
      "Parallel Aware": false,
      "Startup Cost": 309014.04,
      "Total Cost": 309014.05,
      "Plan Rows": 1,
      "Plan Width": 8,
      "Actual Startup Time": 2834.725,
      "Actual Total Time": 2882.674,
      "Actual Rows": 1,
      "Actual Loops": 1,
      "Plans": [
        {
          "Node Type": "Gather",
          "Parent Relationship": "Outer",
          "Parallel Aware": false,
          "Startup Cost": 309013.52,
          "Total Cost": 309014.03,
          "Plan Rows": 5,
          "Plan Width": 8,
          "Actual Startup Time": 2817.606,
          "Actual Total Time": 2882.662,
          "Actual Rows": 6,
          "Actual Loops": 1,
          "Workers Planned": 5,
          "Workers Launched": 5,
          "Single Copy": false,
          "Plans": [
            {
              "Node Type": "Aggregate",
              "Strategy": "Plain",
              "Partial Mode": "Partial",
              "Parent Relationship": "Outer",
              "Parallel Aware": false,
              "Startup Cost": 308013.52,
              "Total Cost": 308013.53,
              "Plan Rows": 1,
              "Plan Width": 8,
              "Actual Startup Time": 2801.767,
              "Actual Total Time": 2802.572,
              "Actual Rows": 1,
              "Actual Loops": 6,
              "Plans": [
                {
                  "Node Type": "Hash Join",
                  "Parent Relationship": "Outer",
                  "Parallel Aware": true,
                  "Join Type": "Inner",
                  "Startup Cost": 96917.95,
                  "Total Cost": 305817.54,
                  "Plan Rows": 878392,
                  "Plan Width": 0,
                  "Actual Startup Time": 535.108,
                  "Actual Total Time": 2211.168,
                  "Actual Rows": 13184140,
                  "Actual Loops": 6,
                  "Inner Unique": false,
                  "Hash Cond": "(mi.movie_id = t.id)",
                  "Plans": [
                    {
                      "Node Type": "Seq Scan",
                      "Parent Relationship": "Outer",
                      "Parallel Aware": true,
                      "Relation Name": "movie_info",
                      "Alias": "mi",
                      "Startup Cost": 0.0,
                      "Total Cost": 198952.16,
                      "Plan Rows": 1897040,
                      "Plan Width": 4,
                      "Actual Startup Time": 0.049,
                      "Actual Total Time": 343.398,
                      "Actual Rows": 1594192,
                      "Actual Loops": 6,
                      "Filter": "(info_type_id < 16)",
                      "Rows Removed by Filter": 878428
                    },
                    {
                      "Node Type": "Hash",
                      "Parent Relationship": "Inner",
                      "Parallel Aware": true,
                      "Startup Cost": 92197.45,
                      "Total Cost": 92197.45,
                      "Plan Rows": 377640,
                      "Plan Width": 8,
                      "Actual Startup Time": 528.598,
                      "Actual Total Time": 529.401,
                      "Actual Rows": 426370,
                      "Actual Loops": 6,
                      "Hash Buckets": 4194304,
                      "Original Hash Buckets": 2097152,
                      "Hash Batches": 1,
                      "Original Hash Batches": 1,
                      "Peak Memory Usage": 149376,
                      "Plans": [
                        {
                          "Node Type": "Hash Join",
                          "Parent Relationship": "Outer",
                          "Parallel Aware": true,
                          "Join Type": "Inner",
                          "Startup Cost": 46574.43,
                          "Total Cost": 92197.45,
                          "Plan Rows": 377640,
                          "Plan Width": 8,
                          "Actual Startup Time": 150.073,
                          "Actual Total Time": 346.038,
                          "Actual Rows": 426370,
                          "Actual Loops": 6,
                          "Inner Unique": true,
                          "Hash Cond": "(mk.movie_id = t.id)",
                          "Plans": [
                            {
                              "Node Type": "Seq Scan",
                              "Parent Relationship": "Outer",
                              "Parallel Aware": true,
                              "Relation Name": "movie_keyword",
                              "Alias": "mk",
                              "Startup Cost": 0.0,
                              "Total Cost": 42695.65,
                              "Plan Rows": 1115188,
                              "Plan Width": 4,
                              "Actual Startup Time": 0.036,
                              "Actual Total Time": 92.387,
                              "Actual Rows": 577060,
                              "Actual Loops": 6,
                              "Filter": "(keyword_id < 16526)",
                              "Rows Removed by Filter": 176928
                            },
                            {
                              "Node Type": "Hash",
                              "Parent Relationship": "Inner",
                              "Parallel Aware": true,
                              "Startup Cost": 43898.92,
                              "Total Cost": 43898.92,
                              "Plan Rows": 214041,
                              "Plan Width": 4,
                              "Actual Startup Time": 148.456,
                              "Actual Total Time": 148.457,
                              "Actual Rows": 142369,
                              "Actual Loops": 6,
                              "Hash Buckets": 1048576,
                              "Original Hash Buckets": 1048576,
                              "Hash Batches": 1,
                              "Original Hash Batches": 1,
                              "Peak Memory Usage": 41792,
                              "Plans": [
                                {
                                  "Node Type": "Seq Scan",
                                  "Parent Relationship": "Outer",
                                  "Parallel Aware": true,
                                  "Relation Name": "title",
                                  "Alias": "t",
                                  "Startup Cost": 0.0,
                                  "Total Cost": 43898.92,
                                  "Plan Rows": 214041,
                                  "Plan Width": 4,
                                  "Actual Startup Time": 0.053,
                                  "Actual Total Time": 86.286,
                                  "Actual Rows": 142369,
                                  "Actual Loops": 6,
                                  "Filter": "(kind_id < 4)",
                                  "Rows Removed by Filter": 279016
                                }
                              ]
                            }
                          ]
                        }
                      ]
                    }
                  ]
                }
              ]
            }
          ]
        }
      ]
    },
    "Planning Time": 1.421,
    "Triggers": [],
    "Execution Time": 2882.772
  }
]