{
  "Plan": {
    "Node Type": "Aggregate",
    "Strategy": "Plain",
    "Partial Mode": "Finalize",
    "Parallel Aware": false,
    "Startup Cost": 86558.71,
    "Total Cost": 86558.72,
    "Plan Rows": 1,
    "Plan Width": 8,
    "Actual Startup Time": 330.682,
    "Actual Total Time": 346.331,
    "Actual Rows": 1,
    "Actual Loops": 1,
    "Plans": [
      {
        "Node Type": "Gather",
        "Parent Relationship": "Outer",
        "Parallel Aware": false,
        "Startup Cost": 86558.6,
        "Total Cost": 86558.71,
        "Plan Rows": 1,
        "Plan Width": 8,
        "Actual Startup Time": 329.925,
        "Actual Total Time": 346.32,
        "Actual Rows": 2,
        "Actual Loops": 1,
        "Workers Planned": 1,
        "Workers Launched": 1,
        "Single Copy": false,
        "Plans": [
          {
            "Node Type": "Aggregate",
            "Strategy": "Plain",
            "Partial Mode": "Partial",
            "Parent Relationship": "Outer",
            "Parallel Aware": false,
            "Startup Cost": 85558.6,
            "Total Cost": 85558.61,
            "Plan Rows": 1,
            "Plan Width": 8,
            "Actual Startup Time": 323.812,
            "Actual Total Time": 323.977,
            "Actual Rows": 1,
            "Actual Loops": 2,
            "Plans": [
              {
                "Node Type": "Hash Join",
                "Parent Relationship": "Outer",
                "Parallel Aware": true,
                "Join Type": "Inner",
                "Startup Cost": 26600.06,
                "Total Cost": 85484.83,
                "Plan Rows": 29505,
                "Plan Width": 0,
                "Actual Startup Time": 97.087,
                "Actual Total Time": 321.243,
                "Actual Rows": 59270,
                "Actual Loops": 2,
                "Inner Unique": false,
                "Hash Cond": "(t.id = mc.movie_id)",
                "Plans": [
                  {
                    "Node Type": "Seq Scan",
                    "Parent Relationship": "Outer",
                    "Parallel Aware": true,
                    "Relation Name": "title",
                    "Alias": "t",
                    "Startup Cost": 0.0,
                    "Total Cost": 54588.39,
                    "Plan Rows": 659652,
                    "Plan Width": 4,
                    "Actual Startup Time": 0.011,
                    "Actual Total Time": 138.774,
                    "Actual Rows": 566678,
                    "Actual Loops": 2,
                    "Filter": "(production_year < 2002)",
                    "Rows Removed by Filter": 697478
                  },
                  {
                    "Node Type": "Hash",
                    "Parent Relationship": "Inner",
                    "Parallel Aware": true,
                    "Startup Cost": 25768.56,
                    "Total Cost": 25768.56,
                    "Plan Rows": 66520,
                    "Plan Width": 4,
                    "Actual Startup Time": 94.634,
                    "Actual Total Time": 94.635,
                    "Actual Rows": 88267,
                    "Actual Loops": 2,
                    "Hash Buckets": 262144,
                    "Original Hash Buckets": 131072,
                    "Hash Batches": 1,
                    "Original Hash Batches": 1,
                    "Peak Memory Usage": 10016,
                    "Plans": [
                      {
                        "Node Type": "Bitmap Heap Scan",
                        "Parent Relationship": "Outer",
                        "Parallel Aware": true,
                        "Relation Name": "movie_companies",
                        "Alias": "mc",
                        "Startup Cost": 4951.61,
                        "Total Cost": 25768.56,
                        "Plan Rows": 66520,
                        "Plan Width": 4,
                        "Actual Startup Time": 26.504,
                        "Actual Total Time": 71.511,
                        "Actual Rows": 88267,
                        "Actual Loops": 2,
                        "Recheck Cond": "(company_id < 92)",
                        "Rows Removed by Index Recheck": 0,
                        "Filter": "(company_type_id = 1)",
                        "Rows Removed by Filter": 26535,
                        "Exact Heap Blocks": 12040,
                        "Lossy Heap Blocks": 0,
                        "Plans": [
                          {
                            "Node Type": "Bitmap Index Scan",
                            "Parent Relationship": "Outer",
                            "Parallel Aware": false,
                            "Index Name": "company_id_movie_companies",
                            "Startup Cost": 0.0,
                            "Total Cost": 4923.34,
                            "Plan Rows": 229721,
                            "Plan Width": 0,
                            "Actual Startup Time": 25.425,
                            "Actual Total Time": 25.425,
                            "Actual Rows": 229604,
                            "Actual Loops": 1,
                            "Index Cond": "(company_id < 92)"
                          }
                        ]
                      }
                    ]
                  }
                ]
              }
            ]
          }
        ]
      }
    ]
  },
  "Planning Time": 0.485,
  "Triggers": [],
  "Execution Time": 346.429
}