[
    {
        "Bao": {
            "Bao prediction": "NaN",
            "Bao recommended hint": "(no hint)"
        }
    },
    {
        "Plan": {
            "Node Type": "Aggregate",
            "Strategy": "Plain",
            "Partial Mode": "Finalize",
            "Parallel Aware": false,
            "Startup Cost": 32960.23,
            "Total Cost": 32960.24,
            "Plan Rows": 1,
            "Plan Width": 8,
            "Actual Startup Time": 96.901,
            "Actual Total Time": 102.672,
            "Actual Rows": 1,
            "Actual Loops": 1,
            "Output": [
                "count(*)"
            ],
            "Plans": [
                {
                    "Node Type": "Gather",
                    "Parent Relationship": "Outer",
                    "Parallel Aware": false,
                    "Startup Cost": 32959.91,
                    "Total Cost": 32960.22,
                    "Plan Rows": 3,
                    "Plan Width": 8,
                    "Actual Startup Time": 96.797,
                    "Actual Total Time": 102.665,
                    "Actual Rows": 4,
                    "Actual Loops": 1,
                    "Output": [
                        "(PARTIAL count(*))"
                    ],
                    "Workers Planned": 3,
                    "Workers Launched": 3,
                    "Single Copy": false,
                    "Plans": [
                        {
                            "Node Type": "Aggregate",
                            "Strategy": "Plain",
                            "Partial Mode": "Partial",
                            "Parent Relationship": "Outer",
                            "Parallel Aware": false,
                            "Startup Cost": 31959.91,
                            "Total Cost": 31959.92,
                            "Plan Rows": 1,
                            "Plan Width": 8,
                            "Actual Startup Time": 88.559,
                            "Actual Total Time": 88.561,
                            "Actual Rows": 1,
                            "Actual Loops": 4,
                            "Output": [
                                "PARTIAL count(*)"
                            ],
                            "Workers": [
                                {
                                    "Worker Number": 0,
                                    "Actual Startup Time": 85.369,
                                    "Actual Total Time": 85.37,
                                    "Actual Rows": 1,
                                    "Actual Loops": 1
                                },
                                {
                                    "Worker Number": 1,
                                    "Actual Startup Time": 86.098,
                                    "Actual Total Time": 86.098,
                                    "Actual Rows": 1,
                                    "Actual Loops": 1
                                },
                                {
                                    "Worker Number": 2,
                                    "Actual Startup Time": 86.263,
                                    "Actual Total Time": 86.264,
                                    "Actual Rows": 1,
                                    "Actual Loops": 1
                                }
                            ],
                            "Plans": [
                                {
                                    "Node Type": "Seq Scan",
                                    "Parent Relationship": "Outer",
                                    "Parallel Aware": true,
                                    "Relation Name": "movie_companies",
                                    "Schema": "public",
                                    "Alias": "mc",
                                    "Startup Cost": 0.0,
                                    "Total Cost": 31414.82,
                                    "Plan Rows": 218038,
                                    "Plan Width": 0,
                                    "Actual Startup Time": 42.78,
                                    "Actual Total Time": 78.546,
                                    "Actual Rows": 229498,
                                    "Actual Loops": 4,
                                    "Output": [
                                        "id",
                                        "movie_id",
                                        "company_id",
                                        "company_type_id",
                                        "note"
                                    ],
                                    "Filter": "((mc.company_id > 11207) AND (mc.company_type_id = 2))",
                                    "Rows Removed by Filter": 422784,
                                    "Workers": [
                                        {
                                            "Worker Number": 0,
                                            "Actual Startup Time": 39.605,
                                            "Actual Total Time": 75.687,
                                            "Actual Rows": 147237,
                                            "Actual Loops": 1
                                        },
                                        {
                                            "Worker Number": 1,
                                            "Actual Startup Time": 40.309,
                                            "Actual Total Time": 76.231,
                                            "Actual Rows": 240936,
                                            "Actual Loops": 1
                                        },
                                        {
                                            "Worker Number": 2,
                                            "Actual Startup Time": 40.48,
                                            "Actual Total Time": 76.503,
                                            "Actual Rows": 240598,
                                            "Actual Loops": 1
                                        }
                                    ]
                                }
                            ]
                        }
                    ]
                }
            ]
        },
        "Planning Time": 198.625,
        "Triggers": [],
        "Execution Time": 102.718
    }
]