[
  {
    "Plan": {
      "Node Type": "Aggregate",
      "Strategy": "Plain",
      "Partial Mode": "Finalize",
      "Parallel Aware": false,
      "Startup Cost": 79501.6,
      "Total Cost": 79501.61,
      "Plan Rows": 1,
      "Plan Width": 8,
      "Actual Startup Time": 231.512,
      "Actual Total Time": 247.105,
      "Actual Rows": 1,
      "Actual Loops": 1,
      "Plans": [
        {
          "Node Type": "Gather",
          "Parent Relationship": "Outer",
          "Parallel Aware": false,
          "Startup Cost": 79501.28,
          "Total Cost": 79501.59,
          "Plan Rows": 3,
          "Plan Width": 8,
          "Actual Startup Time": 229.054,
          "Actual Total Time": 247.088,
          "Actual Rows": 4,
          "Actual Loops": 1,
          "Workers Planned": 3,
          "Workers Launched": 3,
          "Single Copy": false,
          "Plans": [
            {
              "Node Type": "Aggregate",
              "Strategy": "Plain",
              "Partial Mode": "Partial",
              "Parent Relationship": "Outer",
              "Parallel Aware": false,
              "Startup Cost": 78501.28,
              "Total Cost": 78501.29,
              "Plan Rows": 1,
              "Plan Width": 8,
              "Actual Startup Time": 223.124,
              "Actual Total Time": 223.128,
              "Actual Rows": 1,
              "Actual Loops": 4,
              "Plans": [
                {
                  "Node Type": "Hash Join",
                  "Parent Relationship": "Outer",
                  "Parallel Aware": true,
                  "Join Type": "Inner",
                  "Startup Cost": 46576.39,
                  "Total Cost": 78441.72,
                  "Plan Rows": 23824,
                  "Plan Width": 0,
                  "Actual Startup Time": 150.066,
                  "Actual Total Time": 221.562,
                  "Actual Rows": 33077,
                  "Actual Loops": 4,
                  "Inner Unique": true,
                  "Hash Cond": "(mc.movie_id = t.id)",
                  "Plans": [
                    {
                      "Node Type": "Seq Scan",
                      "Parent Relationship": "Outer",
                      "Parallel Aware": true,
                      "Relation Name": "movie_companies",
                      "Alias": "mc",
                      "Startup Cost": 0.0,
                      "Total Cost": 31414.82,
                      "Plan Rows": 171625,
                      "Plan Width": 4,
                      "Actual Startup Time": 10.026,
                      "Actual Total Time": 62.976,
                      "Actual Rows": 59604,
                      "Actual Loops": 4,
                      "Filter": "((company_id > 14326) AND (company_type_id = 1))",
                      "Rows Removed by Filter": 592678
                    },
                    {
                      "Node Type": "Hash",
                      "Parent Relationship": "Inner",
                      "Parallel Aware": true,
                      "Startup Cost": 45479.59,
                      "Total Cost": 45479.59,
                      "Plan Rows": 87744,
                      "Plan Width": 4,
                      "Actual Startup Time": 137.483,
                      "Actual Total Time": 137.484,
                      "Actual Rows": 106143,
                      "Actual Loops": 4,
                      "Hash Buckets": 524288,
                      "Original Hash Buckets": 524288,
                      "Hash Batches": 1,
                      "Original Hash Batches": 1,
                      "Peak Memory Usage": 20768,
                      "Plans": [
                        {
                          "Node Type": "Seq Scan",
                          "Parent Relationship": "Outer",
                          "Parallel Aware": true,
                          "Relation Name": "title",
                          "Alias": "t",
                          "Startup Cost": 0.0,
                          "Total Cost": 45479.59,
                          "Plan Rows": 87744,
                          "Plan Width": 4,
                          "Actual Startup Time": 58.744,
                          "Actual Total Time": 102.963,
                          "Actual Rows": 106143,
                          "Actual Loops": 4,
                          "Filter": "((production_year < 2005) AND (kind_id = 1))",
                          "Rows Removed by Filter": 525935
                        }
                      ]
                    }
                  ]
                }
              ]
            }
          ]
        }
      ]
    },
    "Planning Time": 0.38,
    "Triggers": [],
    "Execution Time": 247.156
  }
]