[
  {
    "Plan": {
      "Node Type": "Aggregate",
      "Strategy": "Plain",
      "Partial Mode": "Simple",
      "Parallel Aware": false,
      "Startup Cost": 23362.29,
      "Total Cost": 23362.3,
      "Plan Rows": 1,
      "Plan Width": 96,
      "Actual Startup Time": 3069.324,
      "Actual Total Time": 3069.33,
      "Actual Rows": 1,
      "Actual Loops": 1,
      "Output": [
        "min(cn.name)",
        "min(mi_idx.info)",
        "min(t.title)"
      ],
      "Plans": [
        {
          "Node Type": "Nested Loop",
          "Parent Relationship": "Outer",
          "Parallel Aware": false,
          "Join Type": "Inner",
          "Startup Cost": 6176.91,
          "Total Cost": 23362.29,
          "Plan Rows": 1,
          "Plan Width": 41,
          "Actual Startup Time": 61.795,
          "Actual Total Time": 3068.639,
          "Actual Rows": 1555,
          "Actual Loops": 1,
          "Output": [
            "cn.name",
            "mi_idx.info",
            "t.title"
          ],
          "Inner Unique": true,
          "Plans": [
            {
              "Node Type": "Hash Join",
              "Parent Relationship": "Outer",
              "Parallel Aware": false,
              "Join Type": "Inner",
              "Startup Cost": 6176.49,
              "Total Cost": 23361.39,
              "Plan Rows": 2,
              "Plan Width": 26,
              "Actual Startup Time": 54.962,
              "Actual Total Time": 3036.303,
              "Actual Rows": 4613,
              "Actual Loops": 1,
              "Output": [
                "mc.company_id",
                "mi_idx.info",
                "t.title"
              ],
              "Inner Unique": true,
              "Hash Cond": "(mi.info_type_id = it1.id)",
              "Plans": [
                {
                  "Node Type": "Nested Loop",
                  "Parent Relationship": "Outer",
                  "Parallel Aware": false,
                  "Join Type": "Inner",
                  "Startup Cost": 6174.06,
                  "Total Cost": 23358.47,
                  "Plan Rows": 183,
                  "Plan Width": 30,
                  "Actual Startup Time": 54.822,
                  "Actual Total Time": 3034.26,
                  "Actual Rows": 4613,
                  "Actual Loops": 1,
                  "Output": [
                    "mc.company_id",
                    "mi.info_type_id",
                    "mi_idx.info",
                    "t.title"
                  ],
                  "Inner Unique": false,
                  "Join Filter": "(t.id = mi.movie_id)",
                  "Rows Removed by Join Filter": 0,
                  "Plans": [
                    {
                      "Node Type": "Hash Join",
                      "Parent Relationship": "Outer",
                      "Parallel Aware": false,
                      "Join Type": "Inner",
                      "Startup Cost": 6173.63,
                      "Total Cost": 23159.34,
                      "Plan Rows": 123,
                      "Plan Width": 38,
                      "Actual Startup Time": 52.396,
                      "Actual Total Time": 1361.122,
                      "Actual Rows": 75347,
                      "Actual Loops": 1,
                      "Output": [
                        "mc.movie_id",
                        "mc.company_id",
                        "mi_idx.info",
                        "mi_idx.movie_id",
                        "t.title",
                        "t.id"
                      ],
                      "Inner Unique": true,
                      "Hash Cond": "(mc.company_type_id = ct.id)",
                      "Plans": [
                        {
                          "Node Type": "Nested Loop",
                          "Parent Relationship": "Outer",
                          "Parallel Aware": false,
                          "Join Type": "Inner",
                          "Startup Cost": 6172.57,
                          "Total Cost": 23131.63,
                          "Plan Rows": 4928,
                          "Plan Width": 42,
                          "Actual Startup Time": 52.32,
                          "Actual Total Time": 1323.847,
                          "Actual Rows": 183764,
                          "Actual Loops": 1,
                          "Output": [
                            "mi_idx.info",
                            "mi_idx.movie_id",
                            "mc.movie_id",
                            "mc.company_type_id",
                            "mc.company_id",
                            "t.title",
                            "t.id"
                          ],
                          "Inner Unique": false,
                          "Plans": [
                            {
                              "Node Type": "Nested Loop",
                              "Parent Relationship": "Outer",
                              "Parallel Aware": false,
                              "Join Type": "Inner",
                              "Startup Cost": 6172.14,
                              "Total Cost": 22511.66,
                              "Plan Rows": 917,
                              "Plan Width": 30,
                              "Actual Startup Time": 52.306,
                              "Actual Total Time": 921.567,
                              "Actual Rows": 59509,
                              "Actual Loops": 1,
                              "Output": [
                                "mi_idx.info",
                                "mi_idx.movie_id",
                                "t.title",
                                "t.id"
                              ],
                              "Inner Unique": true,
                              "Plans": [
                                {
                                  "Node Type": "Nested Loop",
                                  "Parent Relationship": "Outer",
                                  "Parallel Aware": false,
                                  "Join Type": "Inner",
                                  "Startup Cost": 6171.71,
                                  "Total Cost": 19912.66,
                                  "Plan Rows": 2224,
                                  "Plan Width": 9,
                                  "Actual Startup Time": 52.214,
                                  "Actual Total Time": 201.413,
                                  "Actual Rows": 135808,
                                  "Actual Loops": 1,
                                  "Output": [
                                    "mi_idx.info",
                                    "mi_idx.movie_id"
                                  ],
                                  "Inner Unique": false,
                                  "Plans": [
                                    {
                                      "Node Type": "Seq Scan",
                                      "Parent Relationship": "Outer",
                                      "Parallel Aware": false,
                                      "Relation Name": "info_type",
                                      "Schema": "public",
                                      "Alias": "it2",
                                      "Startup Cost": 0.0,
                                      "Total Cost": 2.41,
                                      "Plan Rows": 1,
                                      "Plan Width": 4,
                                      "Actual Startup Time": 0.031,
                                      "Actual Total Time": 0.036,
                                      "Actual Rows": 1,
                                      "Actual Loops": 1,
                                      "Output": [
                                        "it2.id",
                                        "it2.info"
                                      ],
                                      "Filter": "((it2.info)::text = 'rating'::text)",
                                      "Rows Removed by Filter": 112
                                    },
                                    {
                                      "Node Type": "Bitmap Heap Scan",
                                      "Parent Relationship": "Inner",
                                      "Parallel Aware": false,
                                      "Relation Name": "movie_info_idx",
                                      "Schema": "public",
                                      "Alias": "mi_idx",
                                      "Startup Cost": 6171.71,
                                      "Total Cost": 19281.84,
                                      "Plan Rows": 62841,
                                      "Plan Width": 13,
                                      "Actual Startup Time": 52.173,
                                      "Actual Total Time": 184.241,
                                      "Actual Rows": 135808,
                                      "Actual Loops": 1,
                                      "Output": [
                                        "mi_idx.id",
                                        "mi_idx.movie_id",
                                        "mi_idx.info_type_id",
                                        "mi_idx.info",
                                        "mi_idx.note"
                                      ],
                                      "Recheck Cond": "(mi_idx.info_type_id = it2.id)",
                                      "Rows Removed by Index Recheck": 0,
                                      "Filter": "(mi_idx.info > '6.9'::text)",
                                      "Rows Removed by Filter": 324117,
                                      "Exact Heap Blocks": 7934,
                                      "Lossy Heap Blocks": 0,
                                      "Plans": [
                                        {
                                          "Node Type": "Bitmap Index Scan",
                                          "Parent Relationship": "Outer",
                                          "Parallel Aware": false,
                                          "Index Name": "info_type_id_movie_info_idx",
                                          "Startup Cost": 0.0,
                                          "Total Cost": 6155.99,
                                          "Plan Rows": 345009,
                                          "Plan Width": 0,
                                          "Actual Startup Time": 50.684,
                                          "Actual Total Time": 50.684,
                                          "Actual Rows": 459925,
                                          "Actual Loops": 1,
                                          "Index Cond": "(mi_idx.info_type_id = it2.id)"
                                        }
                                      ]
                                    }
                                  ]
                                },
                                {
                                  "Node Type": "Index Scan",
                                  "Parent Relationship": "Inner",
                                  "Parallel Aware": false,
                                  "Scan Direction": "Forward",
                                  "Index Name": "title_pkey",
                                  "Relation Name": "title",
                                  "Schema": "public",
                                  "Alias": "t",
                                  "Startup Cost": 0.43,
                                  "Total Cost": 1.17,
                                  "Plan Rows": 1,
                                  "Plan Width": 21,
                                  "Actual Startup Time": 0.005,
                                  "Actual Total Time": 0.005,
                                  "Actual Rows": 0,
                                  "Actual Loops": 135808,
                                  "Output": [
                                    "t.id",
                                    "t.title",
                                    "t.imdb_index",
                                    "t.kind_id",
                                    "t.production_year",
                                    "t.imdb_id",
                                    "t.phonetic_code",
                                    "t.episode_of_id",
                                    "t.season_nr",
                                    "t.episode_nr",
                                    "t.series_years",
                                    "t.md5sum"
                                  ],
                                  "Index Cond": "(t.id = mi_idx.movie_id)",
                                  "Rows Removed by Index Recheck": 0,
                                  "Filter": "((t.production_year >= 1997) AND (t.production_year <= 2009))",
                                  "Rows Removed by Filter": 1
                                }
                              ]
                            },
                            {
                              "Node Type": "Index Scan",
                              "Parent Relationship": "Inner",
                              "Parallel Aware": false,
                              "Scan Direction": "Forward",
                              "Index Name": "movie_id_movie_companies",
                              "Relation Name": "movie_companies",
                              "Schema": "public",
                              "Alias": "mc",
                              "Startup Cost": 0.43,
                              "Total Cost": 0.63,
                              "Plan Rows": 5,
                              "Plan Width": 12,
                              "Actual Startup Time": 0.004,
                              "Actual Total Time": 0.006,
                              "Actual Rows": 3,
                              "Actual Loops": 59509,
                              "Output": [
                                "mc.id",
                                "mc.movie_id",
                                "mc.company_id",
                                "mc.company_type_id",
                                "mc.note"
                              ],
                              "Index Cond": "(mc.movie_id = t.id)",
                              "Rows Removed by Index Recheck": 0
                            }
                          ]
                        },
                        {
                          "Node Type": "Hash",
                          "Parent Relationship": "Inner",
                          "Parallel Aware": false,
                          "Startup Cost": 1.05,
                          "Total Cost": 1.05,
                          "Plan Rows": 1,
                          "Plan Width": 4,
                          "Actual Startup Time": 0.017,
                          "Actual Total Time": 0.017,
                          "Actual Rows": 1,
                          "Actual Loops": 1,
                          "Output": [
                            "ct.id"
                          ],
                          "Hash Buckets": 1024,
                          "Original Hash Buckets": 1024,
                          "Hash Batches": 1,
                          "Original Hash Batches": 1,
                          "Peak Memory Usage": 9,
                          "Plans": [
                            {
                              "Node Type": "Seq Scan",
                              "Parent Relationship": "Outer",
                              "Parallel Aware": false,
                              "Relation Name": "company_type",
                              "Schema": "public",
                              "Alias": "ct",
                              "Startup Cost": 0.0,
                              "Total Cost": 1.05,
                              "Plan Rows": 1,
                              "Plan Width": 4,
                              "Actual Startup Time": 0.013,
                              "Actual Total Time": 0.014,
                              "Actual Rows": 1,
                              "Actual Loops": 1,
                              "Output": [
                                "ct.id"
                              ],
                              "Filter": "((ct.kind)::text = 'production companies'::text)",
                              "Rows Removed by Filter": 3
                            }
                          ]
                        }
                      ]
                    },
                    {
                      "Node Type": "Index Scan",
                      "Parent Relationship": "Inner",
                      "Parallel Aware": false,
                      "Scan Direction": "Forward",
                      "Index Name": "movie_id_movie_info",
                      "Relation Name": "movie_info",
                      "Schema": "public",
                      "Alias": "mi",
                      "Startup Cost": 0.43,
                      "Total Cost": 1.61,
                      "Plan Rows": 1,
                      "Plan Width": 8,
                      "Actual Startup Time": 0.022,
                      "Actual Total Time": 0.022,
                      "Actual Rows": 0,
                      "Actual Loops": 75347,
                      "Output": [
                        "mi.id",
                        "mi.movie_id",
                        "mi.info_type_id",
                        "mi.info",
                        "mi.note"
                      ],
                      "Index Cond": "(mi.movie_id = mc.movie_id)",
                      "Rows Removed by Index Recheck": 0,
                      "Filter": "(mi.info = ANY ('{Crime,Horror}'::text[]))",
                      "Rows Removed by Filter": 34
                    }
                  ]
                },
                {
                  "Node Type": "Hash",
                  "Parent Relationship": "Inner",
                  "Parallel Aware": false,
                  "Startup Cost": 2.41,
                  "Total Cost": 2.41,
                  "Plan Rows": 1,
                  "Plan Width": 4,
                  "Actual Startup Time": 0.055,
                  "Actual Total Time": 0.055,
                  "Actual Rows": 1,
                  "Actual Loops": 1,
                  "Output": [
                    "it1.id"
                  ],
                  "Hash Buckets": 1024,
                  "Original Hash Buckets": 1024,
                  "Hash Batches": 1,
                  "Original Hash Batches": 1,
                  "Peak Memory Usage": 9,
                  "Plans": [
                    {
                      "Node Type": "Seq Scan",
                      "Parent Relationship": "Outer",
                      "Parallel Aware": false,
                      "Relation Name": "info_type",
                      "Schema": "public",
                      "Alias": "it1",
                      "Startup Cost": 0.0,
                      "Total Cost": 2.41,
                      "Plan Rows": 1,
                      "Plan Width": 4,
                      "Actual Startup Time": 0.028,
                      "Actual Total Time": 0.049,
                      "Actual Rows": 1,
                      "Actual Loops": 1,
                      "Output": [
                        "it1.id"
                      ],
                      "Filter": "((it1.info)::text = 'genres'::text)",
                      "Rows Removed by Filter": 112
                    }
                  ]
                }
              ]
            },
            {
              "Node Type": "Index Scan",
              "Parent Relationship": "Inner",
              "Parallel Aware": false,
              "Scan Direction": "Forward",
              "Index Name": "company_name_pkey",
              "Relation Name": "company_name",
              "Schema": "public",
              "Alias": "cn",
              "Startup Cost": 0.42,
              "Total Cost": 0.45,
              "Plan Rows": 1,
              "Plan Width": 23,
              "Actual Startup Time": 0.007,
              "Actual Total Time": 0.007,
              "Actual Rows": 0,
              "Actual Loops": 4613,
              "Output": [
                "cn.id",
                "cn.name",
                "cn.country_code",
                "cn.imdb_id",
                "cn.name_pcode_nf",
                "cn.name_pcode_sf",
                "cn.md5sum"
              ],
              "Index Cond": "(cn.id = mc.company_id)",
              "Rows Removed by Index Recheck": 0,
              "Filter": "((cn.country_code)::text = '[us]'::text)",
              "Rows Removed by Filter": 1
            }
          ]
        }
      ]
    },
    "Planning Time": 25364.798,
    "Triggers": [],
    "Execution Time": 3069.734
  }
]