{
  "Plan": {
    "Node Type": "Aggregate",
    "Strategy": "Plain",
    "Partial Mode": "Simple",
    "Parallel Aware": false,
    "Startup Cost": 696.4,
    "Total Cost": 696.41,
    "Plan Rows": 1,
    "Plan Width": 8,
    "Actual Startup Time": 11.463,
    "Actual Total Time": 11.465,
    "Actual Rows": 1,
    "Actual Loops": 1,
    "Plans": [
      {
        "Node Type": "Nested Loop",
        "Parent Relationship": "Outer",
        "Parallel Aware": false,
        "Join Type": "Inner",
        "Startup Cost": 0.86,
        "Total Cost": 696.33,
        "Plan Rows": 30,
        "Plan Width": 0,
        "Actual Startup Time": 0.17,
        "Actual Total Time": 11.365,
        "Actual Rows": 346,
        "Actual Loops": 1,
        "Inner Unique": true,
        "Plans": [
          {
            "Node Type": "Index Scan",
            "Parent Relationship": "Outer",
            "Parallel Aware": false,
            "Scan Direction": "Forward",
            "Index Name": "company_id_movie_companies",
            "Relation Name": "movie_companies",
            "Alias": "mc",
            "Startup Cost": 0.43,
            "Total Cost": 273.83,
            "Plan Rows": 50,
            "Plan Width": 4,
            "Actual Startup Time": 0.133,
            "Actual Total Time": 2.333,
            "Actual Rows": 927,
            "Actual Loops": 1,
            "Index Cond": "(company_id = 125)",
            "Rows Removed by Index Recheck": 0,
            "Filter": "(company_type_id = 1)",
            "Rows Removed by Filter": 197
          },
          {
            "Node Type": "Index Scan",
            "Parent Relationship": "Inner",
            "Parallel Aware": false,
            "Scan Direction": "Forward",
            "Index Name": "title_pkey",
            "Relation Name": "title",
            "Alias": "t",
            "Startup Cost": 0.43,
            "Total Cost": 8.45,
            "Plan Rows": 1,
            "Plan Width": 4,
            "Actual Startup Time": 0.009,
            "Actual Total Time": 0.009,
            "Actual Rows": 0,
            "Actual Loops": 927,
            "Index Cond": "(id = mc.movie_id)",
            "Rows Removed by Index Recheck": 0,
            "Filter": "(kind_id = 7)",
            "Rows Removed by Filter": 1
          }
        ]
      }
    ]
  },
  "Planning Time": 0.743,
  "Triggers": [],
  "Execution Time": 11.537
}