{
  "Plan": {
    "Node Type": "Aggregate",
    "Strategy": "Plain",
    "Partial Mode": "Finalize",
    "Parallel Aware": false,
    "Startup Cost": 169634.54,
    "Total Cost": 169634.55,
    "Plan Rows": 1,
    "Plan Width": 8,
    "Actual Startup Time": 781.178,
    "Actual Total Time": 802.374,
    "Actual Rows": 1,
    "Actual Loops": 1,
    "Plans": [
      {
        "Node Type": "Gather",
        "Parent Relationship": "Outer",
        "Parallel Aware": false,
        "Startup Cost": 169634.43,
        "Total Cost": 169634.54,
        "Plan Rows": 1,
        "Plan Width": 8,
        "Actual Startup Time": 778.946,
        "Actual Total Time": 802.367,
        "Actual Rows": 2,
        "Actual Loops": 1,
        "Workers Planned": 1,
        "Workers Launched": 1,
        "Single Copy": false,
        "Plans": [
          {
            "Node Type": "Aggregate",
            "Strategy": "Plain",
            "Partial Mode": "Partial",
            "Parent Relationship": "Outer",
            "Parallel Aware": false,
            "Startup Cost": 168634.43,
            "Total Cost": 168634.44,
            "Plan Rows": 1,
            "Plan Width": 8,
            "Actual Startup Time": 772.59,
            "Actual Total Time": 772.596,
            "Actual Rows": 1,
            "Actual Loops": 2,
            "Plans": [
              {
                "Node Type": "Hash Join",
                "Parent Relationship": "Outer",
                "Parallel Aware": true,
                "Join Type": "Inner",
                "Startup Cost": 106606.7,
                "Total Cost": 168341.22,
                "Plan Rows": 117285,
                "Plan Width": 0,
                "Actual Startup Time": 433.699,
                "Actual Total Time": 762.777,
                "Actual Rows": 240736,
                "Actual Loops": 2,
                "Inner Unique": false,
                "Hash Cond": "(mk.movie_id = t.id)",
                "Plans": [
                  {
                    "Node Type": "Seq Scan",
                    "Parent Relationship": "Outer",
                    "Parallel Aware": true,
                    "Relation Name": "movie_keyword",
                    "Alias": "mk",
                    "Startup Cost": 0.0,
                    "Total Cost": 51065.35,
                    "Plan Rows": 2661135,
                    "Plan Width": 4,
                    "Actual Startup Time": 0.011,
                    "Actual Total Time": 149.671,
                    "Actual Rows": 2261965,
                    "Actual Loops": 2
                  },
                  {
                    "Node Type": "Hash",
                    "Parent Relationship": "Inner",
                    "Parallel Aware": true,
                    "Startup Cost": 105787.36,
                    "Total Cost": 105787.36,
                    "Plan Rows": 65547,
                    "Plan Width": 8,
                    "Actual Startup Time": 431.247,
                    "Actual Total Time": 431.25,
                    "Actual Rows": 58188,
                    "Actual Loops": 2,
                    "Hash Buckets": 131072,
                    "Original Hash Buckets": 131072,
                    "Hash Batches": 1,
                    "Original Hash Batches": 1,
                    "Peak Memory Usage": 5600,
                    "Plans": [
                      {
                        "Node Type": "Hash Join",
                        "Parent Relationship": "Outer",
                        "Parallel Aware": true,
                        "Join Type": "Inner",
                        "Startup Cost": 44400.74,
                        "Total Cost": 105787.36,
                        "Plan Rows": 65547,
                        "Plan Width": 8,
                        "Actual Startup Time": 186.462,
                        "Actual Total Time": 416.552,
                        "Actual Rows": 58188,
                        "Actual Loops": 2,
                        "Inner Unique": false,
                        "Hash Cond": "(t.id = mc.movie_id)",
                        "Plans": [
                          {
                            "Node Type": "Seq Scan",
                            "Parent Relationship": "Outer",
                            "Parallel Aware": true,
                            "Relation Name": "title",
                            "Alias": "t",
                            "Startup Cost": 0.0,
                            "Total Cost": 58306.47,
                            "Plan Rows": 431133,
                            "Plan Width": 4,
                            "Actual Startup Time": 0.012,
                            "Actual Total Time": 141.165,
                            "Actual Rows": 398080,
                            "Actual Loops": 2,
                            "Filter": "((production_year > 2003) AND (kind_id = 7))",
                            "Rows Removed by Filter": 866076
                          },
                          {
                            "Node Type": "Hash",
                            "Parent Relationship": "Inner",
                            "Parallel Aware": true,
                            "Startup Cost": 41574.35,
                            "Total Cost": 41574.35,
                            "Plan Rows": 226111,
                            "Plan Width": 4,
                            "Actual Startup Time": 182.288,
                            "Actual Total Time": 182.289,
                            "Actual Rows": 270574,
                            "Actual Loops": 2,
                            "Hash Buckets": 1048576,
                            "Original Hash Buckets": 524288,
                            "Hash Batches": 1,
                            "Original Hash Batches": 1,
                            "Peak Memory Usage": 33472,
                            "Plans": [
                              {
                                "Node Type": "Index Scan",
                                "Parent Relationship": "Outer",
                                "Parallel Aware": true,
                                "Scan Direction": "Forward",
                                "Index Name": "company_type_id_movie_companies",
                                "Relation Name": "movie_companies",
                                "Alias": "mc",
                                "Startup Cost": 0.43,
                                "Total Cost": 41574.35,
                                "Plan Rows": 226111,
                                "Plan Width": 4,
                                "Actual Startup Time": 0.112,
                                "Actual Total Time": 114.655,
                                "Actual Rows": 270574,
                                "Actual Loops": 2,
                                "Index Cond": "(company_type_id = 1)",
                                "Rows Removed by Index Recheck": 0,
                                "Filter": "(company_id < 1639)",
                                "Rows Removed by Filter": 366550
                              }
                            ]
                          }
                        ]
                      }
                    ]
                  }
                ]
              }
            ]
          }
        ]
      }
    ]
  },
  "Planning Time": 1.217,
  "Triggers": [],
  "Execution Time": 802.468
}