{
  "Plan": {
    "Node Type": "Aggregate",
    "Strategy": "Plain",
    "Partial Mode": "Finalize",
    "Parallel Aware": false,
    "Startup Cost": 114825.09,
    "Total Cost": 114825.1,
    "Plan Rows": 1,
    "Plan Width": 32,
    "Actual Startup Time": 232.494,
    "Actual Total Time": 245.378,
    "Actual Rows": 1,
    "Actual Loops": 1,
    "Plans": [
      {
        "Node Type": "Gather",
        "Parent Relationship": "Outer",
        "Parallel Aware": false,
        "Startup Cost": 114824.98,
        "Total Cost": 114825.09,
        "Plan Rows": 1,
        "Plan Width": 32,
        "Actual Startup Time": 232.349,
        "Actual Total Time": 245.369,
        "Actual Rows": 2,
        "Actual Loops": 1,
        "Workers Planned": 1,
        "Workers Launched": 1,
        "Single Copy": false,
        "Plans": [
          {
            "Node Type": "Aggregate",
            "Strategy": "Plain",
            "Partial Mode": "Partial",
            "Parent Relationship": "Outer",
            "Parallel Aware": false,
            "Startup Cost": 113824.98,
            "Total Cost": 113824.99,
            "Plan Rows": 1,
            "Plan Width": 32,
            "Actual Startup Time": 225.761,
            "Actual Total Time": 225.767,
            "Actual Rows": 1,
            "Actual Loops": 2,
            "Plans": [
              {
                "Node Type": "Hash Join",
                "Parent Relationship": "Outer",
                "Parallel Aware": false,
                "Join Type": "Inner",
                "Startup Cost": 5.47,
                "Total Cost": 113815.01,
                "Plan Rows": 3986,
                "Plan Width": 17,
                "Actual Startup Time": 153.676,
                "Actual Total Time": 225.702,
                "Actual Rows": 328,
                "Actual Loops": 2,
                "Inner Unique": true,
                "Hash Cond": "(mi.info_type_id = it.id)",
                "Plans": [
                  {
                    "Node Type": "Nested Loop",
                    "Parent Relationship": "Outer",
                    "Parallel Aware": false,
                    "Join Type": "Inner",
                    "Startup Cost": 1.93,
                    "Total Cost": 113800.62,
                    "Plan Rows": 3986,
                    "Plan Width": 21,
                    "Actual Startup Time": 153.616,
                    "Actual Total Time": 225.539,
                    "Actual Rows": 328,
                    "Actual Loops": 2,
                    "Inner Unique": false,
                    "Plans": [
                      {
                        "Node Type": "Nested Loop",
                        "Parent Relationship": "Outer",
                        "Parallel Aware": false,
                        "Join Type": "Inner",
                        "Startup Cost": 1.49,
                        "Total Cost": 80212.97,
                        "Plan Rows": 15345,
                        "Plan Width": 25,
                        "Actual Startup Time": 153.54,
                        "Actual Total Time": 209.372,
                        "Actual Rows": 377,
                        "Actual Loops": 2,
                        "Inner Unique": true,
                        "Plans": [
                          {
                            "Node Type": "Hash Join",
                            "Parent Relationship": "Outer",
                            "Parallel Aware": false,
                            "Join Type": "Inner",
                            "Startup Cost": 1.06,
                            "Total Cost": 42359.77,
                            "Plan Rows": 25294,
                            "Plan Width": 4,
                            "Actual Startup Time": 153.479,
                            "Actual Total Time": 205.341,
                            "Actual Rows": 399,
                            "Actual Loops": 2,
                            "Inner Unique": true,
                            "Hash Cond": "(mc.company_type_id = ct.id)",
                            "Plans": [
                              {
                                "Node Type": "Seq Scan",
                                "Parent Relationship": "Outer",
                                "Parallel Aware": true,
                                "Relation Name": "movie_companies",
                                "Alias": "mc",
                                "Startup Cost": 0.0,
                                "Total Cost": 41811.73,
                                "Plan Rows": 101177,
                                "Plan Width": 8,
                                "Actual Startup Time": 0.059,
                                "Actual Total Time": 195.824,
                                "Actual Rows": 147814,
                                "Actual Loops": 2,
                                "Filter": "((note !~~ '%(TV)%'::text) AND (note ~~ '%(USA)%'::text))",
                                "Rows Removed by Filter": 1156750
                              },
                              {
                                "Node Type": "Hash",
                                "Parent Relationship": "Inner",
                                "Parallel Aware": false,
                                "Startup Cost": 1.05,
                                "Total Cost": 1.05,
                                "Plan Rows": 1,
                                "Plan Width": 4,
                                "Actual Startup Time": 0.067,
                                "Actual Total Time": 0.068,
                                "Actual Rows": 1,
                                "Actual Loops": 2,
                                "Hash Buckets": 1024,
                                "Original Hash Buckets": 1024,
                                "Hash Batches": 1,
                                "Original Hash Batches": 1,
                                "Peak Memory Usage": 9,
                                "Plans": [
                                  {
                                    "Node Type": "Seq Scan",
                                    "Parent Relationship": "Outer",
                                    "Parallel Aware": false,
                                    "Relation Name": "company_type",
                                    "Alias": "ct",
                                    "Startup Cost": 0.0,
                                    "Total Cost": 1.05,
                                    "Plan Rows": 1,
                                    "Plan Width": 4,
                                    "Actual Startup Time": 0.05,
                                    "Actual Total Time": 0.053,
                                    "Actual Rows": 1,
                                    "Actual Loops": 2,
                                    "Filter": "((kind)::text = 'production companies'::text)",
                                    "Rows Removed by Filter": 3
                                  }
                                ]
                              }
                            ]
                          },
                          {
                            "Node Type": "Index Scan",
                            "Parent Relationship": "Inner",
                            "Parallel Aware": false,
                            "Scan Direction": "Forward",
                            "Index Name": "title_pkey",
                            "Relation Name": "title",
                            "Alias": "t",
                            "Startup Cost": 0.43,
                            "Total Cost": 1.5,
                            "Plan Rows": 1,
                            "Plan Width": 21,
                            "Actual Startup Time": 0.01,
                            "Actual Total Time": 0.01,
                            "Actual Rows": 1,
                            "Actual Loops": 798,
                            "Index Cond": "(id = mc.movie_id)",
                            "Rows Removed by Index Recheck": 0,
                            "Filter": "(production_year > 1997)",
                            "Rows Removed by Filter": 0
                          }
                        ]
                      },
                      {
                        "Node Type": "Index Scan",
                        "Parent Relationship": "Inner",
                        "Parallel Aware": false,
                        "Scan Direction": "Forward",
                        "Index Name": "movie_id_movie_info",
                        "Relation Name": "movie_info",
                        "Alias": "mi",
                        "Startup Cost": 0.43,
                        "Total Cost": 2.17,
                        "Plan Rows": 2,
                        "Plan Width": 8,
                        "Actual Startup Time": 0.038,
                        "Actual Total Time": 0.042,
                        "Actual Rows": 1,
                        "Actual Loops": 754,
                        "Index Cond": "(movie_id = t.id)",
                        "Rows Removed by Index Recheck": 0,
                        "Filter": "(info = ANY ('{Danish,Swedish,USA,Norway,Denmark,American,Germany,German,Denish,Norwegian}'::text[]))",
                        "Rows Removed by Filter": 10
                      }
                    ]
                  },
                  {
                    "Node Type": "Hash",
                    "Parent Relationship": "Inner",
                    "Parallel Aware": false,
                    "Startup Cost": 2.13,
                    "Total Cost": 2.13,
                    "Plan Rows": 113,
                    "Plan Width": 4,
                    "Actual Startup Time": 0.043,
                    "Actual Total Time": 0.043,
                    "Actual Rows": 113,
                    "Actual Loops": 2,
                    "Hash Buckets": 1024,
                    "Original Hash Buckets": 1024,
                    "Hash Batches": 1,
                    "Original Hash Batches": 1,
                    "Peak Memory Usage": 12,
                    "Plans": [
                      {
                        "Node Type": "Seq Scan",
                        "Parent Relationship": "Outer",
                        "Parallel Aware": false,
                        "Relation Name": "info_type",
                        "Alias": "it",
                        "Startup Cost": 0.0,
                        "Total Cost": 2.13,
                        "Plan Rows": 113,
                        "Plan Width": 4,
                        "Actual Startup Time": 0.019,
                        "Actual Total Time": 0.027,
                        "Actual Rows": 113,
                        "Actual Loops": 2
                      }
                    ]
                  }
                ]
              }
            ]
          }
        ]
      }
    ]
  },
  "Planning Time": 1.318,
  "Triggers": [],
  "Execution Time": 245.496
}