[
  {
    "Plan": {
      "Node Type": "Aggregate",
      "Strategy": "Plain",
      "Partial Mode": "Finalize",
      "Parallel Aware": false,
      "Startup Cost": 66631.4,
      "Total Cost": 66631.41,
      "Plan Rows": 1,
      "Plan Width": 8,
      "Actual Startup Time": 113.815,
      "Actual Total Time": 128.454,
      "Actual Rows": 1,
      "Actual Loops": 1,
      "Plans": [
        {
          "Node Type": "Gather",
          "Parent Relationship": "Outer",
          "Parallel Aware": false,
          "Startup Cost": 66630.98,
          "Total Cost": 66631.39,
          "Plan Rows": 4,
          "Plan Width": 8,
          "Actual Startup Time": 113.698,
          "Actual Total Time": 128.446,
          "Actual Rows": 5,
          "Actual Loops": 1,
          "Workers Planned": 4,
          "Workers Launched": 4,
          "Single Copy": false,
          "Plans": [
            {
              "Node Type": "Aggregate",
              "Strategy": "Plain",
              "Partial Mode": "Partial",
              "Parent Relationship": "Outer",
              "Parallel Aware": false,
              "Startup Cost": 65630.98,
              "Total Cost": 65630.99,
              "Plan Rows": 1,
              "Plan Width": 8,
              "Actual Startup Time": 103.907,
              "Actual Total Time": 103.908,
              "Actual Rows": 1,
              "Actual Loops": 5,
              "Plans": [
                {
                  "Node Type": "Nested Loop",
                  "Parent Relationship": "Outer",
                  "Parallel Aware": false,
                  "Join Type": "Inner",
                  "Startup Cost": 0.43,
                  "Total Cost": 65620.08,
                  "Plan Rows": 4361,
                  "Plan Width": 0,
                  "Actual Startup Time": 2.295,
                  "Actual Total Time": 103.397,
                  "Actual Rows": 9686,
                  "Actual Loops": 5,
                  "Inner Unique": false,
                  "Plans": [
                    {
                      "Node Type": "Seq Scan",
                      "Parent Relationship": "Outer",
                      "Parallel Aware": true,
                      "Relation Name": "title",
                      "Alias": "t",
                      "Startup Cost": 0.0,
                      "Total Cost": 45479.1,
                      "Plan Rows": 2437,
                      "Plan Width": 4,
                      "Actual Startup Time": 0.786,
                      "Actual Total Time": 82.032,
                      "Actual Rows": 1895,
                      "Actual Loops": 5,
                      "Filter": "((kind_id < 7) AND (production_year = 1991))",
                      "Rows Removed by Filter": 503768
                    },
                    {
                      "Node Type": "Index Only Scan",
                      "Parent Relationship": "Inner",
                      "Parallel Aware": false,
                      "Scan Direction": "Forward",
                      "Index Name": "movie_id_movie_keyword",
                      "Relation Name": "movie_keyword",
                      "Alias": "mk",
                      "Startup Cost": 0.43,
                      "Total Cost": 7.81,
                      "Plan Rows": 45,
                      "Plan Width": 4,
                      "Actual Startup Time": 0.01,
                      "Actual Total Time": 0.01,
                      "Actual Rows": 5,
                      "Actual Loops": 9474,
                      "Index Cond": "(movie_id = t.id)",
                      "Rows Removed by Index Recheck": 0,
                      "Heap Fetches": 48430
                    }
                  ]
                }
              ]
            }
          ]
        }
      ]
    },
    "Planning Time": 0.506,
    "Triggers": [],
    "Execution Time": 128.516
  }
]