[
  {
    "Plan": {
      "Node Type": "Aggregate",
      "Strategy": "Plain",
      "Partial Mode": "Finalize",
      "Parallel Aware": false,
      "Startup Cost": 101741.42,
      "Total Cost": 101741.43,
      "Plan Rows": 1,
      "Plan Width": 8,
      "Actual Startup Time": 699.097,
      "Actual Total Time": 714.979,
      "Actual Rows": 1,
      "Actual Loops": 1,
      "Plans": [
        {
          "Node Type": "Gather",
          "Parent Relationship": "Outer",
          "Parallel Aware": false,
          "Startup Cost": 101741.11,
          "Total Cost": 101741.42,
          "Plan Rows": 3,
          "Plan Width": 8,
          "Actual Startup Time": 691.362,
          "Actual Total Time": 714.97,
          "Actual Rows": 4,
          "Actual Loops": 1,
          "Workers Planned": 3,
          "Workers Launched": 3,
          "Single Copy": false,
          "Plans": [
            {
              "Node Type": "Aggregate",
              "Strategy": "Plain",
              "Partial Mode": "Partial",
              "Parent Relationship": "Outer",
              "Parallel Aware": false,
              "Startup Cost": 100741.11,
              "Total Cost": 100741.12,
              "Plan Rows": 1,
              "Plan Width": 8,
              "Actual Startup Time": 680.981,
              "Actual Total Time": 680.987,
              "Actual Rows": 1,
              "Actual Loops": 4,
              "Plans": [
                {
                  "Node Type": "Hash Join",
                  "Parent Relationship": "Outer",
                  "Parallel Aware": true,
                  "Join Type": "Inner",
                  "Startup Cost": 68005.56,
                  "Total Cost": 100273.18,
                  "Plan Rows": 187169,
                  "Plan Width": 0,
                  "Actual Startup Time": 471.032,
                  "Actual Total Time": 663.207,
                  "Actual Rows": 359221,
                  "Actual Loops": 4,
                  "Inner Unique": false,
                  "Hash Cond": "(mc.movie_id = t.id)",
                  "Plans": [
                    {
                      "Node Type": "Seq Scan",
                      "Parent Relationship": "Outer",
                      "Parallel Aware": true,
                      "Relation Name": "movie_companies",
                      "Alias": "mc",
                      "Startup Cost": 0.0,
                      "Total Cost": 29310.68,
                      "Plan Rows": 580552,
                      "Plan Width": 4,
                      "Actual Startup Time": 0.576,
                      "Actual Total Time": 80.424,
                      "Actual Rows": 451334,
                      "Actual Loops": 4,
                      "Filter": "(company_id > 1782)",
                      "Rows Removed by Filter": 200948
                    },
                    {
                      "Node Type": "Hash",
                      "Parent Relationship": "Inner",
                      "Parallel Aware": true,
                      "Startup Cost": 63760.15,
                      "Total Cost": 63760.15,
                      "Plan Rows": 339633,
                      "Plan Width": 8,
                      "Actual Startup Time": 465.28,
                      "Actual Total Time": 465.283,
                      "Actual Rows": 182496,
                      "Actual Loops": 4,
                      "Hash Buckets": 1048576,
                      "Original Hash Buckets": 1048576,
                      "Hash Batches": 1,
                      "Original Hash Batches": 1,
                      "Peak Memory Usage": 36832,
                      "Plans": [
                        {
                          "Node Type": "Hash Join",
                          "Parent Relationship": "Outer",
                          "Parallel Aware": true,
                          "Join Type": "Inner",
                          "Startup Cost": 48565.59,
                          "Total Cost": 63760.15,
                          "Plan Rows": 339633,
                          "Plan Width": 8,
                          "Actual Startup Time": 292.39,
                          "Actual Total Time": 414.338,
                          "Actual Rows": 182496,
                          "Actual Loops": 4,
                          "Inner Unique": true,
                          "Hash Cond": "(mi_idx.movie_id = t.id)",
                          "Plans": [
                            {
                              "Node Type": "Seq Scan",
                              "Parent Relationship": "Outer",
                              "Parallel Aware": true,
                              "Relation Name": "movie_info_idx",
                              "Alias": "mi_idx",
                              "Startup Cost": 0.0,
                              "Total Cost": 13685.15,
                              "Plan Rows": 575015,
                              "Plan Width": 4,
                              "Actual Startup Time": 0.029,
                              "Actual Total Time": 34.234,
                              "Actual Rows": 345009,
                              "Actual Loops": 4
                            },
                            {
                              "Node Type": "Hash",
                              "Parent Relationship": "Inner",
                              "Parallel Aware": true,
                              "Startup Cost": 43898.92,
                              "Total Cost": 43898.92,
                              "Plan Rows": 373334,
                              "Plan Width": 4,
                              "Actual Startup Time": 287.685,
                              "Actual Total Time": 287.686,
                              "Actual Rows": 371258,
                              "Actual Loops": 4,
                              "Hash Buckets": 2097152,
                              "Original Hash Buckets": 2097152,
                              "Hash Batches": 1,
                              "Original Hash Batches": 1,
                              "Peak Memory Usage": 74528,
                              "Plans": [
                                {
                                  "Node Type": "Seq Scan",
                                  "Parent Relationship": "Outer",
                                  "Parallel Aware": true,
                                  "Relation Name": "title",
                                  "Alias": "t",
                                  "Startup Cost": 0.0,
                                  "Total Cost": 43898.92,
                                  "Plan Rows": 373334,
                                  "Plan Width": 4,
                                  "Actual Startup Time": 0.05,
                                  "Actual Total Time": 124.662,
                                  "Actual Rows": 371258,
                                  "Actual Loops": 4,
                                  "Filter": "(production_year > 1998)",
                                  "Rows Removed by Filter": 260820
                                }
                              ]
                            }
                          ]
                        }
                      ]
                    }
                  ]
                }
              ]
            }
          ]
        }
      ]
    },
    "Planning Time": 1.379,
    "Triggers": [],
    "Execution Time": 715.067
  }
]