[
    {
        "Bao": {
            "Bao prediction": "NaN",
            "Bao recommended hint": "(no hint)"
        }
    },
    {
        "Plan": {
            "Node Type": "Aggregate",
            "Strategy": "Plain",
            "Partial Mode": "Finalize",
            "Parallel Aware": false,
            "Startup Cost": 32896.22,
            "Total Cost": 32896.23,
            "Plan Rows": 1,
            "Plan Width": 8,
            "Actual Startup Time": 96.133,
            "Actual Total Time": 101.233,
            "Actual Rows": 1,
            "Actual Loops": 1,
            "Output": [
                "count(*)"
            ],
            "Plans": [
                {
                    "Node Type": "Gather",
                    "Parent Relationship": "Outer",
                    "Parallel Aware": false,
                    "Startup Cost": 32895.91,
                    "Total Cost": 32896.22,
                    "Plan Rows": 3,
                    "Plan Width": 8,
                    "Actual Startup Time": 96.016,
                    "Actual Total Time": 101.221,
                    "Actual Rows": 4,
                    "Actual Loops": 1,
                    "Output": [
                        "(PARTIAL count(*))"
                    ],
                    "Workers Planned": 3,
                    "Workers Launched": 3,
                    "Single Copy": false,
                    "Plans": [
                        {
                            "Node Type": "Aggregate",
                            "Strategy": "Plain",
                            "Partial Mode": "Partial",
                            "Parent Relationship": "Outer",
                            "Parallel Aware": false,
                            "Startup Cost": 31895.91,
                            "Total Cost": 31895.92,
                            "Plan Rows": 1,
                            "Plan Width": 8,
                            "Actual Startup Time": 87.862,
                            "Actual Total Time": 87.863,
                            "Actual Rows": 1,
                            "Actual Loops": 4,
                            "Output": [
                                "PARTIAL count(*)"
                            ],
                            "Workers": [
                                {
                                    "Worker Number": 0,
                                    "Actual Startup Time": 84.978,
                                    "Actual Total Time": 84.98,
                                    "Actual Rows": 1,
                                    "Actual Loops": 1
                                },
                                {
                                    "Worker Number": 1,
                                    "Actual Startup Time": 85.243,
                                    "Actual Total Time": 85.245,
                                    "Actual Rows": 1,
                                    "Actual Loops": 1
                                },
                                {
                                    "Worker Number": 2,
                                    "Actual Startup Time": 85.49,
                                    "Actual Total Time": 85.492,
                                    "Actual Rows": 1,
                                    "Actual Loops": 1
                                }
                            ],
                            "Plans": [
                                {
                                    "Node Type": "Seq Scan",
                                    "Parent Relationship": "Outer",
                                    "Parallel Aware": true,
                                    "Relation Name": "movie_companies",
                                    "Schema": "public",
                                    "Alias": "mc",
                                    "Startup Cost": 0.0,
                                    "Total Cost": 31414.82,
                                    "Plan Rows": 192435,
                                    "Plan Width": 0,
                                    "Actual Startup Time": 42.167,
                                    "Actual Total Time": 78.067,
                                    "Actual Rows": 219104,
                                    "Actual Loops": 4,
                                    "Output": [
                                        "id",
                                        "movie_id",
                                        "company_id",
                                        "company_type_id",
                                        "note"
                                    ],
                                    "Filter": "((mc.company_id > 12673) AND (mc.company_type_id = 2))",
                                    "Rows Removed by Filter": 433179,
                                    "Workers": [
                                        {
                                            "Worker Number": 0,
                                            "Actual Startup Time": 39.298,
                                            "Actual Total Time": 75.559,
                                            "Actual Rows": 231706,
                                            "Actual Loops": 1
                                        },
                                        {
                                            "Worker Number": 1,
                                            "Actual Startup Time": 39.527,
                                            "Actual Total Time": 75.634,
                                            "Actual Rows": 145189,
                                            "Actual Loops": 1
                                        },
                                        {
                                            "Worker Number": 2,
                                            "Actual Startup Time": 39.793,
                                            "Actual Total Time": 76.178,
                                            "Actual Rows": 229144,
                                            "Actual Loops": 1
                                        }
                                    ]
                                }
                            ]
                        }
                    ]
                }
            ]
        },
        "Planning Time": 176.432,
        "Triggers": [],
        "Execution Time": 101.285
    }
]