{
  "Plan": {
    "Node Type": "Aggregate",
    "Strategy": "Plain",
    "Partial Mode": "Finalize",
    "Parallel Aware": false,
    "Startup Cost": 92162.57,
    "Total Cost": 92162.58,
    "Plan Rows": 1,
    "Plan Width": 8,
    "Actual Startup Time": 414.736,
    "Actual Total Time": 429.927,
    "Actual Rows": 1,
    "Actual Loops": 1,
    "Plans": [
      {
        "Node Type": "Gather",
        "Parent Relationship": "Outer",
        "Parallel Aware": false,
        "Startup Cost": 92162.46,
        "Total Cost": 92162.57,
        "Plan Rows": 1,
        "Plan Width": 8,
        "Actual Startup Time": 413.407,
        "Actual Total Time": 429.922,
        "Actual Rows": 2,
        "Actual Loops": 1,
        "Workers Planned": 1,
        "Workers Launched": 1,
        "Single Copy": false,
        "Plans": [
          {
            "Node Type": "Aggregate",
            "Strategy": "Plain",
            "Partial Mode": "Partial",
            "Parent Relationship": "Outer",
            "Parallel Aware": false,
            "Startup Cost": 91162.46,
            "Total Cost": 91162.47,
            "Plan Rows": 1,
            "Plan Width": 8,
            "Actual Startup Time": 407.202,
            "Actual Total Time": 407.207,
            "Actual Rows": 1,
            "Actual Loops": 2,
            "Plans": [
              {
                "Node Type": "Merge Join",
                "Parent Relationship": "Outer",
                "Parallel Aware": false,
                "Join Type": "Inner",
                "Startup Cost": 90732.37,
                "Total Cost": 91162.44,
                "Plan Rows": 6,
                "Plan Width": 0,
                "Actual Startup Time": 404.323,
                "Actual Total Time": 407.199,
                "Actual Rows": 10,
                "Actual Loops": 2,
                "Inner Unique": false,
                "Merge Cond": "(t.id = ci.movie_id)",
                "Plans": [
                  {
                    "Node Type": "Sort",
                    "Parent Relationship": "Outer",
                    "Parallel Aware": false,
                    "Startup Cost": 89666.36,
                    "Total Cost": 89881.14,
                    "Plan Rows": 85910,
                    "Plan Width": 8,
                    "Actual Startup Time": 401.174,
                    "Actual Total Time": 404.02,
                    "Actual Rows": 41954,
                    "Actual Loops": 2,
                    "Sort Key": [
                      "t.id"
                    ],
                    "Sort Method": "quicksort",
                    "Sort Space Used": 3976,
                    "Sort Space Type": "Memory",
                    "Workers": [
                      {
                        "Worker Number": 0,
                        "Sort Method": "quicksort",
                        "Sort Space Used": 2262,
                        "Sort Space Type": "Memory"
                      }
                    ],
                    "Plans": [
                      {
                        "Node Type": "Hash Join",
                        "Parent Relationship": "Outer",
                        "Parallel Aware": true,
                        "Join Type": "Inner",
                        "Startup Cost": 21425.18,
                        "Total Cost": 82625.81,
                        "Plan Rows": 85910,
                        "Plan Width": 8,
                        "Actual Startup Time": 132.883,
                        "Actual Total Time": 387.984,
                        "Actual Rows": 41954,
                        "Actual Loops": 2,
                        "Inner Unique": false,
                        "Hash Cond": "(t.id = mi_idx.movie_id)",
                        "Plans": [
                          {
                            "Node Type": "Seq Scan",
                            "Parent Relationship": "Outer",
                            "Parallel Aware": true,
                            "Relation Name": "title",
                            "Alias": "t",
                            "Startup Cost": 0.0,
                            "Total Cost": 58306.47,
                            "Plan Rows": 477762,
                            "Plan Width": 4,
                            "Actual Startup Time": 0.012,
                            "Actual Total Time": 160.829,
                            "Actual Rows": 369380,
                            "Actual Loops": 2,
                            "Filter": "((production_year < 2005) AND (kind_id = 7))",
                            "Rows Removed by Filter": 894776
                          },
                          {
                            "Node Type": "Hash",
                            "Parent Relationship": "Inner",
                            "Parallel Aware": true,
                            "Startup Cost": 18082.32,
                            "Total Cost": 18082.32,
                            "Plan Rows": 267429,
                            "Plan Width": 4,
                            "Actual Startup Time": 127.426,
                            "Actual Total Time": 127.427,
                            "Actual Rows": 229962,
                            "Actual Loops": 2,
                            "Hash Buckets": 524288,
                            "Original Hash Buckets": 524288,
                            "Hash Batches": 1,
                            "Original Hash Batches": 1,
                            "Peak Memory Usage": 22144,
                            "Plans": [
                              {
                                "Node Type": "Seq Scan",
                                "Parent Relationship": "Outer",
                                "Parallel Aware": true,
                                "Relation Name": "movie_info_idx",
                                "Alias": "mi_idx",
                                "Startup Cost": 0.0,
                                "Total Cost": 18082.32,
                                "Plan Rows": 267429,
                                "Plan Width": 4,
                                "Actual Startup Time": 0.043,
                                "Actual Total Time": 73.504,
                                "Actual Rows": 229962,
                                "Actual Loops": 2,
                                "Filter": "(info_type_id = 99)",
                                "Rows Removed by Filter": 460055
                              }
                            ]
                          }
                        ]
                      }
                    ]
                  },
                  {
                    "Node Type": "Sort",
                    "Parent Relationship": "Inner",
                    "Parallel Aware": false,
                    "Startup Cost": 1066.01,
                    "Total Cost": 1066.44,
                    "Plan Rows": 171,
                    "Plan Width": 4,
                    "Actual Startup Time": 0.439,
                    "Actual Total Time": 0.47,
                    "Actual Rows": 694,
                    "Actual Loops": 2,
                    "Sort Key": [
                      "ci.movie_id"
                    ],
                    "Sort Method": "quicksort",
                    "Sort Space Used": 58,
                    "Sort Space Type": "Memory",
                    "Workers": [
                      {
                        "Worker Number": 0,
                        "Sort Method": "quicksort",
                        "Sort Space Used": 58,
                        "Sort Space Type": "Memory"
                      }
                    ],
                    "Plans": [
                      {
                        "Node Type": "Index Scan",
                        "Parent Relationship": "Outer",
                        "Parallel Aware": false,
                        "Scan Direction": "Forward",
                        "Index Name": "person_id_cast_info",
                        "Relation Name": "cast_info",
                        "Alias": "ci",
                        "Startup Cost": 0.56,
                        "Total Cost": 1059.67,
                        "Plan Rows": 171,
                        "Plan Width": 4,
                        "Actual Startup Time": 0.124,
                        "Actual Total Time": 0.316,
                        "Actual Rows": 710,
                        "Actual Loops": 2,
                        "Index Cond": "(person_id = 1302434)",
                        "Rows Removed by Index Recheck": 0,
                        "Filter": "(role_id < 2)",
                        "Rows Removed by Filter": 0
                      }
                    ]
                  }
                ]
              }
            ]
          }
        ]
      }
    ]
  },
  "Planning Time": 1.132,
  "Triggers": [],
  "Execution Time": 430.022
}