[
  {
    "Plan": {
      "Node Type": "Aggregate",
      "Strategy": "Plain",
      "Partial Mode": "Finalize",
      "Parallel Aware": false,
      "Startup Cost": 223512.18,
      "Total Cost": 223512.19,
      "Plan Rows": 1,
      "Plan Width": 8,
      "Actual Startup Time": 531.609,
      "Actual Total Time": 548.33,
      "Actual Rows": 1,
      "Actual Loops": 1,
      "Plans": [
        {
          "Node Type": "Gather",
          "Parent Relationship": "Outer",
          "Parallel Aware": false,
          "Startup Cost": 223511.66,
          "Total Cost": 223512.17,
          "Plan Rows": 5,
          "Plan Width": 8,
          "Actual Startup Time": 529.956,
          "Actual Total Time": 548.32,
          "Actual Rows": 6,
          "Actual Loops": 1,
          "Workers Planned": 5,
          "Workers Launched": 5,
          "Single Copy": false,
          "Plans": [
            {
              "Node Type": "Aggregate",
              "Strategy": "Plain",
              "Partial Mode": "Partial",
              "Parent Relationship": "Outer",
              "Parallel Aware": false,
              "Startup Cost": 222511.66,
              "Total Cost": 222511.67,
              "Plan Rows": 1,
              "Plan Width": 8,
              "Actual Startup Time": 522.357,
              "Actual Total Time": 522.36,
              "Actual Rows": 1,
              "Actual Loops": 6,
              "Plans": [
                {
                  "Node Type": "Nested Loop",
                  "Parent Relationship": "Outer",
                  "Parallel Aware": false,
                  "Join Type": "Inner",
                  "Startup Cost": 49103.38,
                  "Total Cost": 222495.47,
                  "Plan Rows": 6473,
                  "Plan Width": 0,
                  "Actual Startup Time": 116.96,
                  "Actual Total Time": 468.628,
                  "Actual Rows": 1112121,
                  "Actual Loops": 6,
                  "Inner Unique": false,
                  "Plans": [
                    {
                      "Node Type": "Hash Join",
                      "Parent Relationship": "Outer",
                      "Parallel Aware": true,
                      "Join Type": "Inner",
                      "Startup Cost": 49102.95,
                      "Total Cost": 214237.84,
                      "Plan Rows": 3618,
                      "Plan Width": 8,
                      "Actual Startup Time": 116.672,
                      "Actual Total Time": 125.899,
                      "Actual Rows": 11032,
                      "Actual Loops": 6,
                      "Inner Unique": true,
                      "Hash Cond": "(mi.movie_id = t.id)",
                      "Plans": [
                        {
                          "Node Type": "Bitmap Heap Scan",
                          "Parent Relationship": "Outer",
                          "Parallel Aware": true,
                          "Relation Name": "movie_info",
                          "Alias": "mi",
                          "Startup Cost": 2647.66,
                          "Total Cost": 167705.65,
                          "Plan Rows": 29296,
                          "Plan Width": 4,
                          "Actual Startup Time": 8.643,
                          "Actual Total Time": 17.236,
                          "Actual Rows": 24581,
                          "Actual Loops": 6,
                          "Recheck Cond": "(info_type_id = 107)",
                          "Rows Removed by Index Recheck": 0,
                          "Exact Heap Blocks": 654,
                          "Lossy Heap Blocks": 0,
                          "Plans": [
                            {
                              "Node Type": "Bitmap Index Scan",
                              "Parent Relationship": "Outer",
                              "Parallel Aware": false,
                              "Index Name": "info_type_id_movie_info",
                              "Startup Cost": 0.0,
                              "Total Cost": 2611.04,
                              "Plan Rows": 146481,
                              "Plan Width": 0,
                              "Actual Startup Time": 7.824,
                              "Actual Total Time": 7.824,
                              "Actual Rows": 147487,
                              "Actual Loops": 1,
                              "Index Cond": "(info_type_id = 107)"
                            }
                          ]
                        },
                        {
                          "Node Type": "Hash",
                          "Parent Relationship": "Inner",
                          "Parallel Aware": true,
                          "Startup Cost": 45479.59,
                          "Total Cost": 45479.59,
                          "Plan Rows": 78056,
                          "Plan Width": 4,
                          "Actual Startup Time": 101.194,
                          "Actual Total Time": 101.194,
                          "Actual Rows": 40798,
                          "Actual Loops": 6,
                          "Hash Buckets": 524288,
                          "Original Hash Buckets": 524288,
                          "Hash Batches": 1,
                          "Original Hash Batches": 1,
                          "Peak Memory Usage": 13792,
                          "Plans": [
                            {
                              "Node Type": "Seq Scan",
                              "Parent Relationship": "Outer",
                              "Parallel Aware": true,
                              "Relation Name": "title",
                              "Alias": "t",
                              "Startup Cost": 0.0,
                              "Total Cost": 45479.59,
                              "Plan Rows": 78056,
                              "Plan Width": 4,
                              "Actual Startup Time": 40.514,
                              "Actual Total Time": 82.427,
                              "Actual Rows": 40798,
                              "Actual Loops": 6,
                              "Filter": "((production_year > 2003) AND (kind_id = 1))",
                              "Rows Removed by Filter": 380587
                            }
                          ]
                        }
                      ]
                    },
                    {
                      "Node Type": "Index Only Scan",
                      "Parent Relationship": "Inner",
                      "Parallel Aware": false,
                      "Scan Direction": "Forward",
                      "Index Name": "movie_id_movie_keyword",
                      "Relation Name": "movie_keyword",
                      "Alias": "mk",
                      "Startup Cost": 0.43,
                      "Total Cost": 1.82,
                      "Plan Rows": 46,
                      "Plan Width": 4,
                      "Actual Startup Time": 0.006,
                      "Actual Total Time": 0.023,
                      "Actual Rows": 101,
                      "Actual Loops": 66192,
                      "Index Cond": "(movie_id = t.id)",
                      "Rows Removed by Index Recheck": 0,
                      "Heap Fetches": 6672725
                    }
                  ]
                }
              ]
            }
          ]
        }
      ]
    },
    "Planning Time": 0.768,
    "Triggers": [],
    "Execution Time": 548.403
  }
]