[
  {
    "Plan": {
      "Node Type": "Aggregate",
      "Strategy": "Plain",
      "Partial Mode": "Finalize",
      "Parallel Aware": false,
      "Startup Cost": 32737.96,
      "Total Cost": 32737.97,
      "Plan Rows": 1,
      "Plan Width": 8,
      "Actual Startup Time": 106.596,
      "Actual Total Time": 115.372,
      "Actual Rows": 1,
      "Actual Loops": 1,
      "Plans": [
        {
          "Node Type": "Gather",
          "Parent Relationship": "Outer",
          "Parallel Aware": false,
          "Startup Cost": 32737.64,
          "Total Cost": 32737.95,
          "Plan Rows": 3,
          "Plan Width": 8,
          "Actual Startup Time": 106.453,
          "Actual Total Time": 115.362,
          "Actual Rows": 4,
          "Actual Loops": 1,
          "Workers Planned": 3,
          "Workers Launched": 3,
          "Single Copy": false,
          "Plans": [
            {
              "Node Type": "Aggregate",
              "Strategy": "Plain",
              "Partial Mode": "Partial",
              "Parent Relationship": "Outer",
              "Parallel Aware": false,
              "Startup Cost": 31737.64,
              "Total Cost": 31737.65,
              "Plan Rows": 1,
              "Plan Width": 8,
              "Actual Startup Time": 98.131,
              "Actual Total Time": 98.132,
              "Actual Rows": 1,
              "Actual Loops": 4,
              "Plans": [
                {
                  "Node Type": "Seq Scan",
                  "Parent Relationship": "Outer",
                  "Parallel Aware": true,
                  "Relation Name": "movie_companies",
                  "Alias": "mc",
                  "Startup Cost": 0.0,
                  "Total Cost": 31414.82,
                  "Plan Rows": 129128,
                  "Plan Width": 0,
                  "Actual Startup Time": 0.044,
                  "Actual Total Time": 86.721,
                  "Actual Rows": 142928,
                  "Actual Loops": 4,
                  "Filter": "((company_id < 1820) AND (company_type_id = 1))",
                  "Rows Removed by Filter": 509354
                }
              ]
            }
          ]
        }
      ]
    },
    "Planning Time": 0.192,
    "Triggers": [],
    "Execution Time": 115.424
  }
]