[
  {
    "Plan": {
      "Node Type": "Aggregate",
      "Strategy": "Plain",
      "Partial Mode": "Finalize",
      "Parallel Aware": false,
      "Startup Cost": 349878.41,
      "Total Cost": 349878.42,
      "Plan Rows": 1,
      "Plan Width": 8,
      "Actual Startup Time": 803.731,
      "Actual Total Time": 854.639,
      "Actual Rows": 1,
      "Actual Loops": 1,
      "Plans": [
        {
          "Node Type": "Gather",
          "Parent Relationship": "Outer",
          "Parallel Aware": false,
          "Startup Cost": 349877.79,
          "Total Cost": 349878.4,
          "Plan Rows": 6,
          "Plan Width": 8,
          "Actual Startup Time": 803.589,
          "Actual Total Time": 854.626,
          "Actual Rows": 7,
          "Actual Loops": 1,
          "Workers Planned": 6,
          "Workers Launched": 6,
          "Single Copy": false,
          "Plans": [
            {
              "Node Type": "Aggregate",
              "Strategy": "Plain",
              "Partial Mode": "Partial",
              "Parent Relationship": "Outer",
              "Parallel Aware": false,
              "Startup Cost": 348877.79,
              "Total Cost": 348877.8,
              "Plan Rows": 1,
              "Plan Width": 8,
              "Actual Startup Time": 795.925,
              "Actual Total Time": 795.927,
              "Actual Rows": 1,
              "Actual Loops": 7,
              "Plans": [
                {
                  "Node Type": "Seq Scan",
                  "Parent Relationship": "Outer",
                  "Parallel Aware": true,
                  "Relation Name": "cast_info",
                  "Alias": "ci",
                  "Startup Cost": 0.0,
                  "Total Cost": 343316.27,
                  "Plan Rows": 2224607,
                  "Plan Width": 0,
                  "Actual Startup Time": 258.644,
                  "Actual Total Time": 726.683,
                  "Actual Rows": 1166955,
                  "Actual Loops": 7,
                  "Filter": "((person_id < 2099967) AND (role_id > 1))",
                  "Rows Removed by Filter": 4010809
                }
              ]
            }
          ]
        }
      ]
    },
    "Planning Time": 0.092,
    "Triggers": [],
    "Execution Time": 854.684
  }
]