[
  {
    "Plan": {
      "Node Type": "Aggregate",
      "Strategy": "Plain",
      "Partial Mode": "Finalize",
      "Parallel Aware": false,
      "Startup Cost": 349938.57,
      "Total Cost": 349938.58,
      "Plan Rows": 1,
      "Plan Width": 8,
      "Actual Startup Time": 708.719,
      "Actual Total Time": 771.231,
      "Actual Rows": 1,
      "Actual Loops": 1,
      "Plans": [
        {
          "Node Type": "Gather",
          "Parent Relationship": "Outer",
          "Parallel Aware": false,
          "Startup Cost": 349937.95,
          "Total Cost": 349938.56,
          "Plan Rows": 6,
          "Plan Width": 8,
          "Actual Startup Time": 708.591,
          "Actual Total Time": 771.22,
          "Actual Rows": 7,
          "Actual Loops": 1,
          "Workers Planned": 6,
          "Workers Launched": 6,
          "Single Copy": false,
          "Plans": [
            {
              "Node Type": "Aggregate",
              "Strategy": "Plain",
              "Partial Mode": "Partial",
              "Parent Relationship": "Outer",
              "Parallel Aware": false,
              "Startup Cost": 348937.95,
              "Total Cost": 348937.96,
              "Plan Rows": 1,
              "Plan Width": 8,
              "Actual Startup Time": 698.751,
              "Actual Total Time": 698.752,
              "Actual Rows": 1,
              "Actual Loops": 7,
              "Plans": [
                {
                  "Node Type": "Seq Scan",
                  "Parent Relationship": "Outer",
                  "Parallel Aware": true,
                  "Relation Name": "cast_info",
                  "Alias": "ci",
                  "Startup Cost": 0.0,
                  "Total Cost": 343257.03,
                  "Plan Rows": 2272367,
                  "Plan Width": 0,
                  "Actual Startup Time": 231.801,
                  "Actual Total Time": 646.943,
                  "Actual Rows": 1166955,
                  "Actual Loops": 7,
                  "Filter": "((person_id < 2099967) AND (role_id > 1))",
                  "Rows Removed by Filter": 4010809
                }
              ]
            }
          ]
        }
      ]
    },
    "Planning Time": 0.222,
    "Triggers": [],
    "Execution Time": 771.305
  }
]