{
  "Plan": {
    "Node Type": "Aggregate",
    "Strategy": "Plain",
    "Partial Mode": "Finalize",
    "Parallel Aware": false,
    "Startup Cost": 114134.29,
    "Total Cost": 114134.3,
    "Plan Rows": 1,
    "Plan Width": 8,
    "Actual Startup Time": 336.074,
    "Actual Total Time": 362.727,
    "Actual Rows": 1,
    "Actual Loops": 1,
    "Plans": [
      {
        "Node Type": "Gather",
        "Parent Relationship": "Outer",
        "Parallel Aware": false,
        "Startup Cost": 114134.18,
        "Total Cost": 114134.29,
        "Plan Rows": 1,
        "Plan Width": 8,
        "Actual Startup Time": 335.66,
        "Actual Total Time": 362.719,
        "Actual Rows": 2,
        "Actual Loops": 1,
        "Workers Planned": 1,
        "Workers Launched": 1,
        "Single Copy": false,
        "Plans": [
          {
            "Node Type": "Aggregate",
            "Strategy": "Plain",
            "Partial Mode": "Partial",
            "Parent Relationship": "Outer",
            "Parallel Aware": false,
            "Startup Cost": 113134.18,
            "Total Cost": 113134.19,
            "Plan Rows": 1,
            "Plan Width": 8,
            "Actual Startup Time": 329.281,
            "Actual Total Time": 329.285,
            "Actual Rows": 1,
            "Actual Loops": 2,
            "Plans": [
              {
                "Node Type": "Nested Loop",
                "Parent Relationship": "Outer",
                "Parallel Aware": false,
                "Join Type": "Inner",
                "Startup Cost": 66689.85,
                "Total Cost": 113057.87,
                "Plan Rows": 30526,
                "Plan Width": 0,
                "Actual Startup Time": 210.18,
                "Actual Total Time": 328.229,
                "Actual Rows": 15985,
                "Actual Loops": 2,
                "Inner Unique": false,
                "Join Filter": "(t.id = mi.movie_id)",
                "Rows Removed by Join Filter": 0,
                "Plans": [
                  {
                    "Node Type": "Hash Join",
                    "Parent Relationship": "Outer",
                    "Parallel Aware": true,
                    "Join Type": "Inner",
                    "Startup Cost": 66689.42,
                    "Total Cost": 96093.7,
                    "Plan Rows": 5221,
                    "Plan Width": 8,
                    "Actual Startup Time": 210.092,
                    "Actual Total Time": 296.327,
                    "Actual Rows": 1356,
                    "Actual Loops": 2,
                    "Inner Unique": true,
                    "Hash Cond": "(mk.movie_id = t.id)",
                    "Plans": [
                      {
                        "Node Type": "Bitmap Heap Scan",
                        "Parent Relationship": "Outer",
                        "Parallel Aware": true,
                        "Relation Name": "movie_keyword",
                        "Alias": "mk",
                        "Startup Cost": 11804.5,
                        "Total Cost": 40349.65,
                        "Plan Rows": 327292,
                        "Plan Width": 4,
                        "Actual Startup Time": 30.673,
                        "Actual Total Time": 105.824,
                        "Actual Rows": 285149,
                        "Actual Loops": 2,
                        "Recheck Cond": "(keyword_id < 405)",
                        "Rows Removed by Index Recheck": 0,
                        "Exact Heap Blocks": 17587,
                        "Lossy Heap Blocks": 0,
                        "Plans": [
                          {
                            "Node Type": "Bitmap Index Scan",
                            "Parent Relationship": "Outer",
                            "Parallel Aware": false,
                            "Index Name": "keyword_id_movie_keyword",
                            "Startup Cost": 0.0,
                            "Total Cost": 11665.4,
                            "Plan Rows": 556396,
                            "Plan Width": 0,
                            "Actual Startup Time": 27.117,
                            "Actual Total Time": 27.117,
                            "Actual Rows": 570298,
                            "Actual Loops": 1,
                            "Index Cond": "(keyword_id < 405)"
                          }
                        ]
                      },
                      {
                        "Node Type": "Hash",
                        "Parent Relationship": "Inner",
                        "Parallel Aware": true,
                        "Startup Cost": 54588.39,
                        "Total Cost": 54588.39,
                        "Plan Rows": 23722,
                        "Plan Width": 4,
                        "Actual Startup Time": 155.149,
                        "Actual Total Time": 155.15,
                        "Actual Rows": 21410,
                        "Actual Loops": 2,
                        "Hash Buckets": 65536,
                        "Original Hash Buckets": 65536,
                        "Hash Batches": 1,
                        "Original Hash Batches": 1,
                        "Peak Memory Usage": 2208,
                        "Plans": [
                          {
                            "Node Type": "Seq Scan",
                            "Parent Relationship": "Outer",
                            "Parallel Aware": true,
                            "Relation Name": "title",
                            "Alias": "t",
                            "Startup Cost": 0.0,
                            "Total Cost": 54588.39,
                            "Plan Rows": 23722,
                            "Plan Width": 4,
                            "Actual Startup Time": 78.334,
                            "Actual Total Time": 149.445,
                            "Actual Rows": 21410,
                            "Actual Loops": 2,
                            "Filter": "(production_year < 1913)",
                            "Rows Removed by Filter": 1242746
                          }
                        ]
                      }
                    ]
                  },
                  {
                    "Node Type": "Index Only Scan",
                    "Parent Relationship": "Inner",
                    "Parallel Aware": false,
                    "Scan Direction": "Forward",
                    "Index Name": "movie_id_movie_info",
                    "Relation Name": "movie_info",
                    "Alias": "mi",
                    "Startup Cost": 0.43,
                    "Total Cost": 2.72,
                    "Plan Rows": 42,
                    "Plan Width": 4,
                    "Actual Startup Time": 0.008,
                    "Actual Total Time": 0.022,
                    "Actual Rows": 12,
                    "Actual Loops": 2713,
                    "Index Cond": "(movie_id = mk.movie_id)",
                    "Rows Removed by Index Recheck": 0,
                    "Heap Fetches": 31970
                  }
                ]
              }
            ]
          }
        ]
      }
    ]
  },
  "Planning Time": 0.993,
  "Triggers": [],
  "Execution Time": 362.837
}