{
  "Plan": {
    "Node Type": "Aggregate",
    "Strategy": "Plain",
    "Partial Mode": "Finalize",
    "Parallel Aware": false,
    "Startup Cost": 87035.47,
    "Total Cost": 87035.48,
    "Plan Rows": 1,
    "Plan Width": 8,
    "Actual Startup Time": 271.179,
    "Actual Total Time": 284.301,
    "Actual Rows": 1,
    "Actual Loops": 1,
    "Plans": [
      {
        "Node Type": "Gather",
        "Parent Relationship": "Outer",
        "Parallel Aware": false,
        "Startup Cost": 87035.35,
        "Total Cost": 87035.46,
        "Plan Rows": 1,
        "Plan Width": 8,
        "Actual Startup Time": 270.996,
        "Actual Total Time": 284.293,
        "Actual Rows": 2,
        "Actual Loops": 1,
        "Workers Planned": 1,
        "Workers Launched": 1,
        "Single Copy": false,
        "Plans": [
          {
            "Node Type": "Aggregate",
            "Strategy": "Plain",
            "Partial Mode": "Partial",
            "Parent Relationship": "Outer",
            "Parallel Aware": false,
            "Startup Cost": 86035.35,
            "Total Cost": 86035.36,
            "Plan Rows": 1,
            "Plan Width": 8,
            "Actual Startup Time": 265.166,
            "Actual Total Time": 265.171,
            "Actual Rows": 1,
            "Actual Loops": 2,
            "Plans": [
              {
                "Node Type": "Nested Loop",
                "Parent Relationship": "Outer",
                "Parallel Aware": false,
                "Join Type": "Inner",
                "Startup Cost": 58399.57,
                "Total Cost": 85976.2,
                "Plan Rows": 23661,
                "Plan Width": 0,
                "Actual Startup Time": 143.41,
                "Actual Total Time": 264.127,
                "Actual Rows": 22060,
                "Actual Loops": 2,
                "Inner Unique": false,
                "Join Filter": "(t.id = mi.movie_id)",
                "Rows Removed by Join Filter": 0,
                "Plans": [
                  {
                    "Node Type": "Hash Join",
                    "Parent Relationship": "Outer",
                    "Parallel Aware": true,
                    "Join Type": "Inner",
                    "Startup Cost": 58399.13,
                    "Total Cost": 76582.92,
                    "Plan Rows": 4046,
                    "Plan Width": 8,
                    "Actual Startup Time": 143.341,
                    "Actual Total Time": 245.461,
                    "Actual Rows": 2769,
                    "Actual Loops": 2,
                    "Inner Unique": true,
                    "Hash Cond": "(mi_idx.movie_id = t.id)",
                    "Plans": [
                      {
                        "Node Type": "Seq Scan",
                        "Parent Relationship": "Outer",
                        "Parallel Aware": true,
                        "Relation Name": "movie_info_idx",
                        "Alias": "mi_idx",
                        "Startup Cost": 0.0,
                        "Total Cost": 16052.85,
                        "Plan Rows": 811785,
                        "Plan Width": 4,
                        "Actual Startup Time": 0.02,
                        "Actual Total Time": 50.9,
                        "Actual Rows": 690018,
                        "Actual Loops": 2
                      },
                      {
                        "Node Type": "Hash",
                        "Parent Relationship": "Inner",
                        "Parallel Aware": true,
                        "Startup Cost": 58306.47,
                        "Total Cost": 58306.47,
                        "Plan Rows": 7413,
                        "Plan Width": 4,
                        "Actual Startup Time": 142.501,
                        "Actual Total Time": 142.503,
                        "Actual Rows": 6322,
                        "Actual Loops": 2,
                        "Hash Buckets": 16384,
                        "Original Hash Buckets": 16384,
                        "Hash Batches": 1,
                        "Original Hash Batches": 1,
                        "Peak Memory Usage": 672,
                        "Plans": [
                          {
                            "Node Type": "Seq Scan",
                            "Parent Relationship": "Outer",
                            "Parallel Aware": true,
                            "Relation Name": "title",
                            "Alias": "t",
                            "Startup Cost": 0.0,
                            "Total Cost": 58306.47,
                            "Plan Rows": 7413,
                            "Plan Width": 4,
                            "Actual Startup Time": 0.115,
                            "Actual Total Time": 139.852,
                            "Actual Rows": 6322,
                            "Actual Loops": 2,
                            "Filter": "((kind_id = 7) AND (production_year = 1989))",
                            "Rows Removed by Filter": 1257834
                          }
                        ]
                      }
                    ]
                  },
                  {
                    "Node Type": "Index Only Scan",
                    "Parent Relationship": "Inner",
                    "Parallel Aware": false,
                    "Scan Direction": "Forward",
                    "Index Name": "movie_id_movie_info",
                    "Relation Name": "movie_info",
                    "Alias": "mi",
                    "Startup Cost": 0.43,
                    "Total Cost": 1.8,
                    "Plan Rows": 42,
                    "Plan Width": 4,
                    "Actual Startup Time": 0.003,
                    "Actual Total Time": 0.006,
                    "Actual Rows": 8,
                    "Actual Loops": 5538,
                    "Index Cond": "(movie_id = mi_idx.movie_id)",
                    "Rows Removed by Index Recheck": 0,
                    "Heap Fetches": 44121
                  }
                ]
              }
            ]
          }
        ]
      }
    ]
  },
  "Planning Time": 0.575,
  "Triggers": [],
  "Execution Time": 284.363
}