[
  {
    "Plan": {
      "Node Type": "Aggregate",
      "Strategy": "Plain",
      "Partial Mode": "Finalize",
      "Parallel Aware": false,
      "Startup Cost": 391567.54,
      "Total Cost": 391567.55,
      "Plan Rows": 1,
      "Plan Width": 8,
      "Actual Startup Time": 1992.162,
      "Actual Total Time": 2053.602,
      "Actual Rows": 1,
      "Actual Loops": 1,
      "Plans": [
        {
          "Node Type": "Gather",
          "Parent Relationship": "Outer",
          "Parallel Aware": false,
          "Startup Cost": 391566.91,
          "Total Cost": 391567.52,
          "Plan Rows": 6,
          "Plan Width": 8,
          "Actual Startup Time": 1987.487,
          "Actual Total Time": 2053.588,
          "Actual Rows": 7,
          "Actual Loops": 1,
          "Workers Planned": 6,
          "Workers Launched": 6,
          "Single Copy": false,
          "Plans": [
            {
              "Node Type": "Aggregate",
              "Strategy": "Plain",
              "Partial Mode": "Partial",
              "Parent Relationship": "Outer",
              "Parallel Aware": false,
              "Startup Cost": 390566.91,
              "Total Cost": 390566.92,
              "Plan Rows": 1,
              "Plan Width": 8,
              "Actual Startup Time": 1976.58,
              "Actual Total Time": 1976.583,
              "Actual Rows": 1,
              "Actual Loops": 7,
              "Plans": [
                {
                  "Node Type": "Hash Join",
                  "Parent Relationship": "Outer",
                  "Parallel Aware": true,
                  "Join Type": "Inner",
                  "Startup Cost": 46997.13,
                  "Total Cost": 386377.36,
                  "Plan Rows": 1675820,
                  "Plan Width": 0,
                  "Actual Startup Time": 265.173,
                  "Actual Total Time": 1903.205,
                  "Actual Rows": 1472000,
                  "Actual Loops": 7,
                  "Inner Unique": true,
                  "Hash Cond": "(ci.movie_id = t.id)",
                  "Plans": [
                    {
                      "Node Type": "Seq Scan",
                      "Parent Relationship": "Outer",
                      "Parallel Aware": true,
                      "Relation Name": "cast_info",
                      "Alias": "ci",
                      "Startup Cost": 0.0,
                      "Total Cost": 328162.03,
                      "Plan Rows": 4273596,
                      "Plan Width": 4,
                      "Actual Startup Time": 113.839,
                      "Actual Total Time": 671.708,
                      "Actual Rows": 3660547,
                      "Actual Loops": 7,
                      "Filter": "(person_id > 1042605)",
                      "Rows Removed by Filter": 1517216
                    },
                    {
                      "Node Type": "Hash",
                      "Parent Relationship": "Inner",
                      "Parallel Aware": true,
                      "Startup Cost": 43898.92,
                      "Total Cost": 43898.92,
                      "Plan Rows": 247857,
                      "Plan Width": 4,
                      "Actual Startup Time": 147.815,
                      "Actual Total Time": 147.816,
                      "Actual Rows": 140721,
                      "Actual Loops": 7,
                      "Hash Buckets": 1048576,
                      "Original Hash Buckets": 1048576,
                      "Hash Batches": 1,
                      "Original Hash Batches": 1,
                      "Peak Memory Usage": 46848,
                      "Plans": [
                        {
                          "Node Type": "Seq Scan",
                          "Parent Relationship": "Outer",
                          "Parallel Aware": true,
                          "Relation Name": "title",
                          "Alias": "t",
                          "Startup Cost": 0.0,
                          "Total Cost": 43898.92,
                          "Plan Rows": 247857,
                          "Plan Width": 4,
                          "Actual Startup Time": 0.049,
                          "Actual Total Time": 83.01,
                          "Actual Rows": 140721,
                          "Actual Loops": 7,
                          "Filter": "(kind_id < 7)",
                          "Rows Removed by Filter": 220466
                        }
                      ]
                    }
                  ]
                }
              ]
            }
          ]
        }
      ]
    },
    "Planning Time": 0.682,
    "Triggers": [],
    "Execution Time": 2053.695
  }
]