[
  {
    "Plan": {
      "Node Type": "Aggregate",
      "Strategy": "Plain",
      "Partial Mode": "Finalize",
      "Parallel Aware": false,
      "Startup Cost": 81116.04,
      "Total Cost": 81116.05,
      "Plan Rows": 1,
      "Plan Width": 8,
      "Actual Startup Time": 482.748,
      "Actual Total Time": 493.82,
      "Actual Rows": 1,
      "Actual Loops": 1,
      "Plans": [
        {
          "Node Type": "Gather",
          "Parent Relationship": "Outer",
          "Parallel Aware": false,
          "Startup Cost": 81115.72,
          "Total Cost": 81116.03,
          "Plan Rows": 3,
          "Plan Width": 8,
          "Actual Startup Time": 476.959,
          "Actual Total Time": 493.803,
          "Actual Rows": 4,
          "Actual Loops": 1,
          "Workers Planned": 3,
          "Workers Launched": 3,
          "Single Copy": false,
          "Plans": [
            {
              "Node Type": "Aggregate",
              "Strategy": "Plain",
              "Partial Mode": "Partial",
              "Parent Relationship": "Outer",
              "Parallel Aware": false,
              "Startup Cost": 80115.72,
              "Total Cost": 80115.73,
              "Plan Rows": 1,
              "Plan Width": 8,
              "Actual Startup Time": 470.567,
              "Actual Total Time": 470.57,
              "Actual Rows": 1,
              "Actual Loops": 4,
              "Plans": [
                {
                  "Node Type": "Hash Join",
                  "Parent Relationship": "Outer",
                  "Parallel Aware": true,
                  "Join Type": "Inner",
                  "Startup Cost": 49269.58,
                  "Total Cost": 78685.47,
                  "Plan Rows": 572100,
                  "Plan Width": 0,
                  "Actual Startup Time": 234.919,
                  "Actual Total Time": 454.656,
                  "Actual Rows": 370800,
                  "Actual Loops": 4,
                  "Inner Unique": true,
                  "Hash Cond": "(mc.movie_id = t.id)",
                  "Plans": [
                    {
                      "Node Type": "Seq Scan",
                      "Parent Relationship": "Outer",
                      "Parallel Aware": true,
                      "Relation Name": "movie_companies",
                      "Alias": "mc",
                      "Startup Cost": 0.0,
                      "Total Cost": 27206.55,
                      "Plan Rows": 841655,
                      "Plan Width": 4,
                      "Actual Startup Time": 0.016,
                      "Actual Total Time": 53.227,
                      "Actual Rows": 652282,
                      "Actual Loops": 4
                    },
                    {
                      "Node Type": "Hash",
                      "Parent Relationship": "Inner",
                      "Parallel Aware": true,
                      "Startup Cost": 43899.01,
                      "Total Cost": 43899.01,
                      "Plan Rows": 429646,
                      "Plan Width": 4,
                      "Actual Startup Time": 230.182,
                      "Actual Total Time": 230.183,
                      "Actual Rows": 431308,
                      "Actual Loops": 4,
                      "Hash Buckets": 2097152,
                      "Original Hash Buckets": 2097152,
                      "Hash Batches": 1,
                      "Original Hash Batches": 1,
                      "Peak Memory Usage": 83904,
                      "Plans": [
                        {
                          "Node Type": "Seq Scan",
                          "Parent Relationship": "Outer",
                          "Parallel Aware": true,
                          "Relation Name": "title",
                          "Alias": "t",
                          "Startup Cost": 0.0,
                          "Total Cost": 43899.01,
                          "Plan Rows": 429646,
                          "Plan Width": 4,
                          "Actual Startup Time": 0.019,
                          "Actual Total Time": 94.536,
                          "Actual Rows": 431308,
                          "Actual Loops": 4,
                          "Filter": "(production_year > 1991)",
                          "Rows Removed by Filter": 200770
                        }
                      ]
                    }
                  ]
                }
              ]
            }
          ]
        }
      ]
    },
    "Planning Time": 0.275,
    "Triggers": [],
    "Execution Time": 493.856
  }
]