{
  "Plan": {
    "Node Type": "Aggregate",
    "Strategy": "Plain",
    "Partial Mode": "Finalize",
    "Parallel Aware": false,
    "Startup Cost": 363511.49,
    "Total Cost": 363511.5,
    "Plan Rows": 1,
    "Plan Width": 8,
    "Actual Startup Time": 2744.44,
    "Actual Total Time": 2776.696,
    "Actual Rows": 1,
    "Actual Loops": 1,
    "Plans": [
      {
        "Node Type": "Gather",
        "Parent Relationship": "Outer",
        "Parallel Aware": false,
        "Startup Cost": 363511.38,
        "Total Cost": 363511.49,
        "Plan Rows": 1,
        "Plan Width": 8,
        "Actual Startup Time": 2739.979,
        "Actual Total Time": 2776.686,
        "Actual Rows": 2,
        "Actual Loops": 1,
        "Workers Planned": 1,
        "Workers Launched": 1,
        "Single Copy": false,
        "Plans": [
          {
            "Node Type": "Aggregate",
            "Strategy": "Plain",
            "Partial Mode": "Partial",
            "Parent Relationship": "Outer",
            "Parallel Aware": false,
            "Startup Cost": 362511.38,
            "Total Cost": 362511.39,
            "Plan Rows": 1,
            "Plan Width": 8,
            "Actual Startup Time": 2736.678,
            "Actual Total Time": 2738.286,
            "Actual Rows": 1,
            "Actual Loops": 2,
            "Plans": [
              {
                "Node Type": "Hash Join",
                "Parent Relationship": "Outer",
                "Parallel Aware": true,
                "Join Type": "Inner",
                "Startup Cost": 113223.63,
                "Total Cost": 361255.47,
                "Plan Rows": 502364,
                "Plan Width": 0,
                "Actual Startup Time": 712.298,
                "Actual Total Time": 2518.607,
                "Actual Rows": 4504088,
                "Actual Loops": 2,
                "Inner Unique": false,
                "Hash Cond": "(ci.movie_id = t.id)",
                "Plans": [
                  {
                    "Node Type": "Index Scan",
                    "Parent Relationship": "Outer",
                    "Parallel Aware": true,
                    "Scan Direction": "Forward",
                    "Index Name": "role_id_cast_info",
                    "Relation Name": "cast_info",
                    "Alias": "ci",
                    "Startup Cost": 0.56,
                    "Total Cost": 228633.54,
                    "Plan Rows": 4385010,
                    "Plan Width": 4,
                    "Actual Startup Time": 0.07,
                    "Actual Total Time": 607.704,
                    "Actual Rows": 3718118,
                    "Actual Loops": 2,
                    "Index Cond": "(role_id > 7)",
                    "Rows Removed by Index Recheck": 0
                  },
                  {
                    "Node Type": "Hash",
                    "Parent Relationship": "Inner",
                    "Parallel Aware": true,
                    "Startup Cost": 111093.27,
                    "Total Cost": 111093.27,
                    "Plan Rows": 170383,
                    "Plan Width": 8,
                    "Actual Startup Time": 706.809,
                    "Actual Total Time": 708.415,
                    "Actual Rows": 316916,
                    "Actual Loops": 2,
                    "Hash Buckets": 1048576,
                    "Original Hash Buckets": 524288,
                    "Hash Batches": 1,
                    "Original Hash Batches": 1,
                    "Peak Memory Usage": 37120,
                    "Plans": [
                      {
                        "Node Type": "Hash Join",
                        "Parent Relationship": "Outer",
                        "Parallel Aware": true,
                        "Join Type": "Inner",
                        "Startup Cost": 79029.14,
                        "Total Cost": 111093.27,
                        "Plan Rows": 170383,
                        "Plan Width": 8,
                        "Actual Startup Time": 366.745,
                        "Actual Total Time": 611.393,
                        "Actual Rows": 316916,
                        "Actual Loops": 2,
                        "Inner Unique": true,
                        "Hash Cond": "(mk.movie_id = t.id)",
                        "Plans": [
                          {
                            "Node Type": "Bitmap Heap Scan",
                            "Parent Relationship": "Outer",
                            "Parallel Aware": true,
                            "Relation Name": "movie_keyword",
                            "Alias": "mk",
                            "Startup Cost": 18145.43,
                            "Total Cost": 48888.79,
                            "Plan Rows": 503149,
                            "Plan Width": 4,
                            "Actual Startup Time": 42.665,
                            "Actual Total Time": 153.749,
                            "Actual Rows": 430663,
                            "Actual Loops": 2,
                            "Recheck Cond": "(keyword_id < 820)",
                            "Rows Removed by Index Recheck": 0,
                            "Exact Heap Blocks": 15544,
                            "Lossy Heap Blocks": 0,
                            "Plans": [
                              {
                                "Node Type": "Bitmap Index Scan",
                                "Parent Relationship": "Outer",
                                "Parallel Aware": false,
                                "Index Name": "keyword_id_movie_keyword",
                                "Startup Cost": 0.0,
                                "Total Cost": 17931.59,
                                "Plan Rows": 855354,
                                "Plan Width": 0,
                                "Actual Startup Time": 39.028,
                                "Actual Total Time": 39.028,
                                "Actual Rows": 861326,
                                "Actual Loops": 1,
                                "Index Cond": "(keyword_id < 820)"
                              }
                            ]
                          },
                          {
                            "Node Type": "Hash",
                            "Parent Relationship": "Inner",
                            "Parallel Aware": true,
                            "Startup Cost": 54588.39,
                            "Total Cost": 54588.39,
                            "Plan Rows": 503626,
                            "Plan Width": 4,
                            "Actual Startup Time": 317.438,
                            "Actual Total Time": 317.439,
                            "Actual Rows": 427107,
                            "Actual Loops": 2,
                            "Hash Buckets": 1048576,
                            "Original Hash Buckets": 1048576,
                            "Hash Batches": 1,
                            "Original Hash Batches": 1,
                            "Peak Memory Usage": 41664,
                            "Plans": [
                              {
                                "Node Type": "Seq Scan",
                                "Parent Relationship": "Outer",
                                "Parallel Aware": true,
                                "Relation Name": "title",
                                "Alias": "t",
                                "Startup Cost": 0.0,
                                "Total Cost": 54588.39,
                                "Plan Rows": 503626,
                                "Plan Width": 4,
                                "Actual Startup Time": 0.039,
                                "Actual Total Time": 172.167,
                                "Actual Rows": 427107,
                                "Actual Loops": 2,
                                "Filter": "(kind_id < 4)",
                                "Rows Removed by Filter": 837049
                              }
                            ]
                          }
                        ]
                      }
                    ]
                  }
                ]
              }
            ]
          }
        ]
      }
    ]
  },
  "Planning Time": 0.963,
  "Triggers": [],
  "Execution Time": 2776.802
}