[
  {
    "Plan": {
      "Node Type": "Aggregate",
      "Strategy": "Plain",
      "Partial Mode": "Finalize",
      "Parallel Aware": false,
      "Startup Cost": 32846.35,
      "Total Cost": 32846.36,
      "Plan Rows": 1,
      "Plan Width": 8,
      "Actual Startup Time": 123.508,
      "Actual Total Time": 135.58,
      "Actual Rows": 1,
      "Actual Loops": 1,
      "Plans": [
        {
          "Node Type": "Gather",
          "Parent Relationship": "Outer",
          "Parallel Aware": false,
          "Startup Cost": 32846.03,
          "Total Cost": 32846.34,
          "Plan Rows": 3,
          "Plan Width": 8,
          "Actual Startup Time": 123.336,
          "Actual Total Time": 135.561,
          "Actual Rows": 4,
          "Actual Loops": 1,
          "Workers Planned": 3,
          "Workers Launched": 3,
          "Single Copy": false,
          "Plans": [
            {
              "Node Type": "Aggregate",
              "Strategy": "Plain",
              "Partial Mode": "Partial",
              "Parent Relationship": "Outer",
              "Parallel Aware": false,
              "Startup Cost": 31846.03,
              "Total Cost": 31846.04,
              "Plan Rows": 1,
              "Plan Width": 8,
              "Actual Startup Time": 118.773,
              "Actual Total Time": 118.775,
              "Actual Rows": 1,
              "Actual Loops": 4,
              "Plans": [
                {
                  "Node Type": "Seq Scan",
                  "Parent Relationship": "Outer",
                  "Parallel Aware": true,
                  "Relation Name": "movie_companies",
                  "Alias": "mc",
                  "Startup Cost": 0.0,
                  "Total Cost": 31414.82,
                  "Plan Rows": 172484,
                  "Plan Width": 0,
                  "Actual Startup Time": 0.024,
                  "Actual Total Time": 104.61,
                  "Actual Rows": 187686,
                  "Actual Loops": 4,
                  "Filter": "((company_id < 7527) AND (company_type_id = 1))",
                  "Rows Removed by Filter": 464596
                }
              ]
            }
          ]
        }
      ]
    },
    "Planning Time": 0.235,
    "Triggers": [],
    "Execution Time": 135.643
  }
]