[
  {
    "Plan": {
      "Node Type": "Aggregate",
      "Strategy": "Plain",
      "Partial Mode": "Finalize",
      "Parallel Aware": false,
      "Startup Cost": 32852.75,
      "Total Cost": 32852.76,
      "Plan Rows": 1,
      "Plan Width": 8,
      "Actual Startup Time": 97.973,
      "Actual Total Time": 105.829,
      "Actual Rows": 1,
      "Actual Loops": 1,
      "Plans": [
        {
          "Node Type": "Gather",
          "Parent Relationship": "Outer",
          "Parallel Aware": false,
          "Startup Cost": 32852.43,
          "Total Cost": 32852.74,
          "Plan Rows": 3,
          "Plan Width": 8,
          "Actual Startup Time": 97.84,
          "Actual Total Time": 105.821,
          "Actual Rows": 4,
          "Actual Loops": 1,
          "Workers Planned": 3,
          "Workers Launched": 3,
          "Single Copy": false,
          "Plans": [
            {
              "Node Type": "Aggregate",
              "Strategy": "Plain",
              "Partial Mode": "Partial",
              "Parent Relationship": "Outer",
              "Parallel Aware": false,
              "Startup Cost": 31852.43,
              "Total Cost": 31852.44,
              "Plan Rows": 1,
              "Plan Width": 8,
              "Actual Startup Time": 89.81,
              "Actual Total Time": 89.811,
              "Actual Rows": 1,
              "Actual Loops": 4,
              "Plans": [
                {
                  "Node Type": "Seq Scan",
                  "Parent Relationship": "Outer",
                  "Parallel Aware": true,
                  "Relation Name": "movie_companies",
                  "Alias": "mc",
                  "Startup Cost": 0.0,
                  "Total Cost": 31414.82,
                  "Plan Rows": 175045,
                  "Plan Width": 0,
                  "Actual Startup Time": 0.049,
                  "Actual Total Time": 77.34,
                  "Actual Rows": 187686,
                  "Actual Loops": 4,
                  "Filter": "((company_id < 7527) AND (company_type_id = 1))",
                  "Rows Removed by Filter": 464596
                }
              ]
            }
          ]
        }
      ]
    },
    "Planning Time": 0.219,
    "Triggers": [],
    "Execution Time": 105.886
  }
]