[
  {
    "Plan": {
      "Node Type": "Aggregate",
      "Strategy": "Plain",
      "Partial Mode": "Finalize",
      "Parallel Aware": false,
      "Startup Cost": 265306.78,
      "Total Cost": 265306.79,
      "Plan Rows": 1,
      "Plan Width": 8,
      "Actual Startup Time": 976.393,
      "Actual Total Time": 1026.338,
      "Actual Rows": 1,
      "Actual Loops": 1,
      "Plans": [
        {
          "Node Type": "Gather",
          "Parent Relationship": "Outer",
          "Parallel Aware": false,
          "Startup Cost": 265306.56,
          "Total Cost": 265306.77,
          "Plan Rows": 2,
          "Plan Width": 8,
          "Actual Startup Time": 973.011,
          "Actual Total Time": 1026.326,
          "Actual Rows": 3,
          "Actual Loops": 1,
          "Workers Planned": 2,
          "Workers Launched": 2,
          "Single Copy": false,
          "Plans": [
            {
              "Node Type": "Aggregate",
              "Strategy": "Plain",
              "Partial Mode": "Partial",
              "Parent Relationship": "Outer",
              "Parallel Aware": false,
              "Startup Cost": 264306.56,
              "Total Cost": 264306.57,
              "Plan Rows": 1,
              "Plan Width": 8,
              "Actual Startup Time": 964.541,
              "Actual Total Time": 964.55,
              "Actual Rows": 1,
              "Actual Loops": 3,
              "Plans": [
                {
                  "Node Type": "Hash Join",
                  "Parent Relationship": "Outer",
                  "Parallel Aware": true,
                  "Join Type": "Inner",
                  "Startup Cost": 247845.34,
                  "Total Cost": 263962.24,
                  "Plan Rows": 137728,
                  "Plan Width": 0,
                  "Actual Startup Time": 847.129,
                  "Actual Total Time": 955.045,
                  "Actual Rows": 241357,
                  "Actual Loops": 3,
                  "Inner Unique": false,
                  "Hash Cond": "(mi_idx.movie_id = t.id)",
                  "Plans": [
                    {
                      "Node Type": "Seq Scan",
                      "Parent Relationship": "Outer",
                      "Parallel Aware": true,
                      "Relation Name": "movie_info_idx",
                      "Alias": "mi_idx",
                      "Startup Cost": 0.0,
                      "Total Cost": 13685.15,
                      "Plan Rows": 575015,
                      "Plan Width": 4,
                      "Actual Startup Time": 0.034,
                      "Actual Total Time": 35.119,
                      "Actual Rows": 460012,
                      "Actual Loops": 3
                    },
                    {
                      "Node Type": "Hash",
                      "Parent Relationship": "Inner",
                      "Parallel Aware": true,
                      "Startup Cost": 246331.4,
                      "Total Cost": 246331.4,
                      "Plan Rows": 121115,
                      "Plan Width": 8,
                      "Actual Startup Time": 840.471,
                      "Actual Total Time": 840.478,
                      "Actual Rows": 162544,
                      "Actual Loops": 3,
                      "Hash Buckets": 1048576,
                      "Original Hash Buckets": 1048576,
                      "Hash Batches": 1,
                      "Original Hash Batches": 1,
                      "Peak Memory Usage": 27296,
                      "Plans": [
                        {
                          "Node Type": "Hash Join",
                          "Parent Relationship": "Outer",
                          "Parallel Aware": true,
                          "Join Type": "Inner",
                          "Startup Cost": 46357.58,
                          "Total Cost": 246331.4,
                          "Plan Rows": 121115,
                          "Plan Width": 8,
                          "Actual Startup Time": 236.06,
                          "Actual Total Time": 790.069,
                          "Actual Rows": 162544,
                          "Actual Loops": 3,
                          "Inner Unique": true,
                          "Hash Cond": "(mi.movie_id = t.id)",
                          "Plans": [
                            {
                              "Node Type": "Seq Scan",
                              "Parent Relationship": "Outer",
                              "Parallel Aware": true,
                              "Relation Name": "movie_info",
                              "Alias": "mi",
                              "Startup Cost": 0.0,
                              "Total Cost": 198952.16,
                              "Plan Rows": 389205,
                              "Plan Width": 4,
                              "Actual Startup Time": 26.455,
                              "Actual Total Time": 453.191,
                              "Actual Rows": 621877,
                              "Actual Loops": 3,
                              "Filter": "(info_type_id > 17)",
                              "Rows Removed by Filter": 4323363
                            },
                            {
                              "Node Type": "Hash",
                              "Parent Relationship": "Inner",
                              "Parallel Aware": true,
                              "Startup Cost": 43898.92,
                              "Total Cost": 43898.92,
                              "Plan Rows": 196693,
                              "Plan Width": 4,
                              "Actual Startup Time": 206.114,
                              "Actual Total Time": 206.115,
                              "Actual Rows": 261642,
                              "Actual Loops": 3,
                              "Hash Buckets": 1048576,
                              "Original Hash Buckets": 1048576,
                              "Hash Batches": 1,
                              "Original Hash Batches": 1,
                              "Peak Memory Usage": 38912,
                              "Plans": [
                                {
                                  "Node Type": "Seq Scan",
                                  "Parent Relationship": "Outer",
                                  "Parallel Aware": true,
                                  "Relation Name": "title",
                                  "Alias": "t",
                                  "Startup Cost": 0.0,
                                  "Total Cost": 43898.92,
                                  "Plan Rows": 196693,
                                  "Plan Width": 4,
                                  "Actual Startup Time": 0.053,
                                  "Actual Total Time": 119.66,
                                  "Actual Rows": 261642,
                                  "Actual Loops": 3,
                                  "Filter": "(production_year > 2007)",
                                  "Rows Removed by Filter": 581129
                                }
                              ]
                            }
                          ]
                        }
                      ]
                    }
                  ]
                }
              ]
            }
          ]
        }
      ]
    },
    "Planning Time": 1.333,
    "Triggers": [],
    "Execution Time": 1026.432
  }
]