{
  "Plan": {
    "Node Type": "Aggregate",
    "Strategy": "Plain",
    "Partial Mode": "Finalize",
    "Parallel Aware": false,
    "Startup Cost": 150482.55,
    "Total Cost": 150482.56,
    "Plan Rows": 1,
    "Plan Width": 8,
    "Actual Startup Time": 733.565,
    "Actual Total Time": 750.785,
    "Actual Rows": 1,
    "Actual Loops": 1,
    "Plans": [
      {
        "Node Type": "Gather",
        "Parent Relationship": "Outer",
        "Parallel Aware": false,
        "Startup Cost": 150482.44,
        "Total Cost": 150482.55,
        "Plan Rows": 1,
        "Plan Width": 8,
        "Actual Startup Time": 729.943,
        "Actual Total Time": 750.778,
        "Actual Rows": 2,
        "Actual Loops": 1,
        "Workers Planned": 1,
        "Workers Launched": 1,
        "Single Copy": false,
        "Plans": [
          {
            "Node Type": "Aggregate",
            "Strategy": "Plain",
            "Partial Mode": "Partial",
            "Parent Relationship": "Outer",
            "Parallel Aware": false,
            "Startup Cost": 149482.44,
            "Total Cost": 149482.45,
            "Plan Rows": 1,
            "Plan Width": 8,
            "Actual Startup Time": 723.429,
            "Actual Total Time": 723.435,
            "Actual Rows": 1,
            "Actual Loops": 2,
            "Plans": [
              {
                "Node Type": "Hash Join",
                "Parent Relationship": "Outer",
                "Parallel Aware": true,
                "Join Type": "Inner",
                "Startup Cost": 120741.83,
                "Total Cost": 149361.66,
                "Plan Rows": 48312,
                "Plan Width": 0,
                "Actual Startup Time": 629.237,
                "Actual Total Time": 719.728,
                "Actual Rows": 78164,
                "Actual Loops": 2,
                "Inner Unique": false,
                "Hash Cond": "(mk.movie_id = t.id)",
                "Plans": [
                  {
                    "Node Type": "Bitmap Heap Scan",
                    "Parent Relationship": "Outer",
                    "Parallel Aware": true,
                    "Relation Name": "movie_keyword",
                    "Alias": "mk",
                    "Startup Cost": 8615.54,
                    "Total Cost": 36055.42,
                    "Plan Rows": 238870,
                    "Plan Width": 4,
                    "Actual Startup Time": 23.567,
                    "Actual Total Time": 79.639,
                    "Actual Rows": 197422,
                    "Actual Loops": 2,
                    "Recheck Cond": "(keyword_id > 43704)",
                    "Rows Removed by Index Recheck": 0,
                    "Exact Heap Blocks": 13533,
                    "Lossy Heap Blocks": 0,
                    "Plans": [
                      {
                        "Node Type": "Bitmap Index Scan",
                        "Parent Relationship": "Outer",
                        "Parallel Aware": false,
                        "Index Name": "keyword_id_movie_keyword",
                        "Startup Cost": 0.0,
                        "Total Cost": 8514.02,
                        "Plan Rows": 406079,
                        "Plan Width": 0,
                        "Actual Startup Time": 20.345,
                        "Actual Total Time": 20.345,
                        "Actual Rows": 394843,
                        "Actual Loops": 1,
                        "Index Cond": "(keyword_id > 43704)"
                      }
                    ]
                  },
                  {
                    "Node Type": "Hash",
                    "Parent Relationship": "Inner",
                    "Parallel Aware": true,
                    "Startup Cost": 108366.36,
                    "Total Cost": 108366.36,
                    "Plan Rows": 300794,
                    "Plan Width": 8,
                    "Actual Startup Time": 600.218,
                    "Actual Total Time": 600.222,
                    "Actual Rows": 122244,
                    "Actual Loops": 2,
                    "Hash Buckets": 524288,
                    "Original Hash Buckets": 524288,
                    "Hash Batches": 1,
                    "Original Hash Batches": 1,
                    "Peak Memory Usage": 13664,
                    "Plans": [
                      {
                        "Node Type": "Hash Join",
                        "Parent Relationship": "Outer",
                        "Parallel Aware": true,
                        "Join Type": "Inner",
                        "Startup Cost": 65167.06,
                        "Total Cost": 108366.36,
                        "Plan Rows": 300794,
                        "Plan Width": 8,
                        "Actual Startup Time": 416.511,
                        "Actual Total Time": 570.112,
                        "Actual Rows": 122244,
                        "Actual Loops": 2,
                        "Inner Unique": true,
                        "Hash Cond": "(mc.movie_id = t.id)",
                        "Plans": [
                          {
                            "Node Type": "Seq Scan",
                            "Parent Relationship": "Outer",
                            "Parallel Aware": true,
                            "Relation Name": "movie_companies",
                            "Alias": "mc",
                            "Startup Cost": 0.0,
                            "Total Cost": 41811.73,
                            "Plan Rows": 528599,
                            "Plan Width": 4,
                            "Actual Startup Time": 47.822,
                            "Actual Total Time": 105.413,
                            "Actual Rows": 289532,
                            "Actual Loops": 2,
                            "Filter": "((company_id < 25022) AND (company_type_id = 2))",
                            "Rows Removed by Filter": 1015032
                          },
                          {
                            "Node Type": "Hash",
                            "Parent Relationship": "Inner",
                            "Parallel Aware": true,
                            "Startup Cost": 54588.39,
                            "Total Cost": 54588.39,
                            "Plan Rows": 846294,
                            "Plan Width": 4,
                            "Actual Startup Time": 357.785,
                            "Actual Total Time": 357.786,
                            "Actual Rows": 717233,
                            "Actual Loops": 2,
                            "Hash Buckets": 2097152,
                            "Original Hash Buckets": 2097152,
                            "Hash Batches": 1,
                            "Original Hash Batches": 1,
                            "Peak Memory Usage": 72544,
                            "Plans": [
                              {
                                "Node Type": "Seq Scan",
                                "Parent Relationship": "Outer",
                                "Parallel Aware": true,
                                "Relation Name": "title",
                                "Alias": "t",
                                "Startup Cost": 0.0,
                                "Total Cost": 54588.39,
                                "Plan Rows": 846294,
                                "Plan Width": 4,
                                "Actual Startup Time": 0.031,
                                "Actual Total Time": 160.715,
                                "Actual Rows": 717233,
                                "Actual Loops": 2,
                                "Filter": "(production_year > 1999)",
                                "Rows Removed by Filter": 546923
                              }
                            ]
                          }
                        ]
                      }
                    ]
                  }
                ]
              }
            ]
          }
        ]
      }
    ]
  },
  "Planning Time": 1.053,
  "Triggers": [],
  "Execution Time": 750.893
}