[
  {
    "Plan": {
      "Node Type": "Aggregate",
      "Strategy": "Plain",
      "Partial Mode": "Finalize",
      "Parallel Aware": false,
      "Startup Cost": 135147.03,
      "Total Cost": 135147.04,
      "Plan Rows": 1,
      "Plan Width": 8,
      "Actual Startup Time": 1124.673,
      "Actual Total Time": 1144.041,
      "Actual Rows": 1,
      "Actual Loops": 1,
      "Plans": [
        {
          "Node Type": "Gather",
          "Parent Relationship": "Outer",
          "Parallel Aware": false,
          "Startup Cost": 135146.71,
          "Total Cost": 135147.02,
          "Plan Rows": 3,
          "Plan Width": 8,
          "Actual Startup Time": 1120.919,
          "Actual Total Time": 1144.035,
          "Actual Rows": 4,
          "Actual Loops": 1,
          "Workers Planned": 3,
          "Workers Launched": 3,
          "Single Copy": false,
          "Plans": [
            {
              "Node Type": "Aggregate",
              "Strategy": "Plain",
              "Partial Mode": "Partial",
              "Parent Relationship": "Outer",
              "Parallel Aware": false,
              "Startup Cost": 134146.71,
              "Total Cost": 134146.72,
              "Plan Rows": 1,
              "Plan Width": 8,
              "Actual Startup Time": 1111.323,
              "Actual Total Time": 1111.327,
              "Actual Rows": 1,
              "Actual Loops": 4,
              "Plans": [
                {
                  "Node Type": "Hash Join",
                  "Parent Relationship": "Outer",
                  "Parallel Aware": true,
                  "Join Type": "Inner",
                  "Startup Cost": 83610.32,
                  "Total Cost": 132939.84,
                  "Plan Rows": 482750,
                  "Plan Width": 0,
                  "Actual Startup Time": 442.02,
                  "Actual Total Time": 943.838,
                  "Actual Rows": 3920480,
                  "Actual Loops": 4,
                  "Inner Unique": false,
                  "Hash Cond": "(mk.movie_id = t.id)",
                  "Plans": [
                    {
                      "Node Type": "Seq Scan",
                      "Parent Relationship": "Outer",
                      "Parallel Aware": true,
                      "Relation Name": "movie_keyword",
                      "Alias": "mk",
                      "Startup Cost": 0.0,
                      "Total Cost": 42695.65,
                      "Plan Rows": 1447199,
                      "Plan Width": 4,
                      "Actual Startup Time": 0.027,
                      "Actual Total Time": 119.015,
                      "Actual Rows": 1121401,
                      "Actual Loops": 4,
                      "Filter": "(keyword_id < 105550)",
                      "Rows Removed by Filter": 9582
                    },
                    {
                      "Node Type": "Hash",
                      "Parent Relationship": "Inner",
                      "Parallel Aware": true,
                      "Startup Cost": 80974.77,
                      "Total Cost": 80974.77,
                      "Plan Rows": 210844,
                      "Plan Width": 8,
                      "Actual Startup Time": 431.972,
                      "Actual Total Time": 431.975,
                      "Actual Rows": 160756,
                      "Actual Loops": 4,
                      "Hash Buckets": 1048576,
                      "Original Hash Buckets": 1048576,
                      "Hash Batches": 1,
                      "Original Hash Batches": 1,
                      "Peak Memory Usage": 33408,
                      "Plans": [
                        {
                          "Node Type": "Hash Join",
                          "Parent Relationship": "Outer",
                          "Parallel Aware": true,
                          "Join Type": "Inner",
                          "Startup Cost": 34815.53,
                          "Total Cost": 80974.77,
                          "Plan Rows": 210844,
                          "Plan Width": 8,
                          "Actual Startup Time": 138.715,
                          "Actual Total Time": 379.728,
                          "Actual Rows": 160756,
                          "Actual Loops": 4,
                          "Inner Unique": false,
                          "Hash Cond": "(t.id = mc.movie_id)",
                          "Plans": [
                            {
                              "Node Type": "Seq Scan",
                              "Parent Relationship": "Outer",
                              "Parallel Aware": true,
                              "Relation Name": "title",
                              "Alias": "t",
                              "Startup Cost": 0.0,
                              "Total Cost": 42318.73,
                              "Plan Rows": 632073,
                              "Plan Width": 4,
                              "Actual Startup Time": 0.012,
                              "Actual Total Time": 77.745,
                              "Actual Rows": 632078,
                              "Actual Loops": 4
                            },
                            {
                              "Node Type": "Hash",
                              "Parent Relationship": "Inner",
                              "Parallel Aware": true,
                              "Startup Cost": 31414.82,
                              "Total Cost": 31414.82,
                              "Plan Rows": 272057,
                              "Plan Width": 4,
                              "Actual Startup Time": 135.55,
                              "Actual Total Time": 135.551,
                              "Actual Rows": 160756,
                              "Actual Loops": 4,
                              "Hash Buckets": 1048576,
                              "Original Hash Buckets": 1048576,
                              "Hash Batches": 1,
                              "Original Hash Batches": 1,
                              "Peak Memory Usage": 33440,
                              "Plans": [
                                {
                                  "Node Type": "Seq Scan",
                                  "Parent Relationship": "Outer",
                                  "Parallel Aware": true,
                                  "Relation Name": "movie_companies",
                                  "Alias": "mc",
                                  "Startup Cost": 0.0,
                                  "Total Cost": 31414.82,
                                  "Plan Rows": 272057,
                                  "Plan Width": 4,
                                  "Actual Startup Time": 2.42,
                                  "Actual Total Time": 83.247,
                                  "Actual Rows": 160756,
                                  "Actual Loops": 4,
                                  "Filter": "((company_id > 2763) AND (company_type_id = 1))",
                                  "Rows Removed by Filter": 491526
                                }
                              ]
                            }
                          ]
                        }
                      ]
                    }
                  ]
                }
              ]
            }
          ]
        }
      ]
    },
    "Planning Time": 1.531,
    "Triggers": [],
    "Execution Time": 1144.123
  }
]