{
    "Plan": {
        "Node Type": "Aggregate",
        "Strategy": "Plain",
        "Partial Mode": "Finalize",
        "Parallel Aware": false,
        "Startup Cost": 449105.13,
        "Total Cost": 449105.14,
        "Plan Rows": 1,
        "Plan Width": 8,
        "Actual Startup Time": 2375.597,
        "Actual Total Time": 2426.973,
        "Actual Rows": 1,
        "Actual Loops": 1,
        "Output": [
            "count(*)"
        ],
        "Plans": [
            {
                "Node Type": "Gather",
                "Parent Relationship": "Outer",
                "Parallel Aware": false,
                "Startup Cost": 449104.51,
                "Total Cost": 449105.12,
                "Plan Rows": 6,
                "Plan Width": 8,
                "Actual Startup Time": 2353.593,
                "Actual Total Time": 2426.96,
                "Actual Rows": 7,
                "Actual Loops": 1,
                "Output": [
                    "(PARTIAL count(*))"
                ],
                "Workers Planned": 6,
                "Workers Launched": 6,
                "Single Copy": false,
                "Plans": [
                    {
                        "Node Type": "Aggregate",
                        "Strategy": "Plain",
                        "Partial Mode": "Partial",
                        "Parent Relationship": "Outer",
                        "Parallel Aware": false,
                        "Startup Cost": 448104.51,
                        "Total Cost": 448104.52,
                        "Plan Rows": 1,
                        "Plan Width": 8,
                        "Actual Startup Time": 2339.029,
                        "Actual Total Time": 2339.677,
                        "Actual Rows": 1,
                        "Actual Loops": 7,
                        "Output": [
                            "PARTIAL count(*)"
                        ],
                        "Workers": [
                            {
                                "Worker Number": 0,
                                "Actual Startup Time": 2336.163,
                                "Actual Total Time": 2336.169,
                                "Actual Rows": 1,
                                "Actual Loops": 1
                            },
                            {
                                "Worker Number": 1,
                                "Actual Startup Time": 2339.324,
                                "Actual Total Time": 2339.328,
                                "Actual Rows": 1,
                                "Actual Loops": 1
                            },
                            {
                                "Worker Number": 2,
                                "Actual Startup Time": 2336.195,
                                "Actual Total Time": 2336.201,
                                "Actual Rows": 1,
                                "Actual Loops": 1
                            },
                            {
                                "Worker Number": 3,
                                "Actual Startup Time": 2336.238,
                                "Actual Total Time": 2336.244,
                                "Actual Rows": 1,
                                "Actual Loops": 1
                            },
                            {
                                "Worker Number": 4,
                                "Actual Startup Time": 2336.238,
                                "Actual Total Time": 2336.243,
                                "Actual Rows": 1,
                                "Actual Loops": 1
                            },
                            {
                                "Worker Number": 5,
                                "Actual Startup Time": 2336.475,
                                "Actual Total Time": 2336.487,
                                "Actual Rows": 1,
                                "Actual Loops": 1
                            }
                        ],
                        "Plans": [
                            {
                                "Node Type": "Hash Join",
                                "Parent Relationship": "Outer",
                                "Parallel Aware": true,
                                "Join Type": "Inner",
                                "Startup Cost": 93718.84,
                                "Total Cost": 446072.96,
                                "Plan Rows": 812621,
                                "Plan Width": 0,
                                "Actual Startup Time": 454.471,
                                "Actual Total Time": 2030.821,
                                "Actual Rows": 7478886,
                                "Actual Loops": 7,
                                "Inner Unique": false,
                                "Hash Cond": "(ci.movie_id = t.id)",
                                "Workers": [
                                    {
                                        "Worker Number": 0,
                                        "Actual Startup Time": 452.05,
                                        "Actual Total Time": 2007.25,
                                        "Actual Rows": 5364493,
                                        "Actual Loops": 1
                                    },
                                    {
                                        "Worker Number": 1,
                                        "Actual Startup Time": 452.017,
                                        "Actual Total Time": 2034.064,
                                        "Actual Rows": 7791405,
                                        "Actual Loops": 1
                                    },
                                    {
                                        "Worker Number": 2,
                                        "Actual Startup Time": 452.094,
                                        "Actual Total Time": 2040.788,
                                        "Actual Rows": 7594130,
                                        "Actual Loops": 1
                                    },
                                    {
                                        "Worker Number": 3,
                                        "Actual Startup Time": 452.13,
                                        "Actual Total Time": 2027.676,
                                        "Actual Rows": 7871096,
                                        "Actual Loops": 1
                                    },
                                    {
                                        "Worker Number": 4,
                                        "Actual Startup Time": 452.161,
                                        "Actual Total Time": 2031.923,
                                        "Actual Rows": 7769650,
                                        "Actual Loops": 1
                                    },
                                    {
                                        "Worker Number": 5,
                                        "Actual Startup Time": 452.379,
                                        "Actual Total Time": 2039.494,
                                        "Actual Rows": 7730182,
                                        "Actual Loops": 1
                                    }
                                ],
                                "Plans": [
                                    {
                                        "Node Type": "Seq Scan",
                                        "Parent Relationship": "Outer",
                                        "Parallel Aware": true,
                                        "Relation Name": "cast_info",
                                        "Schema": "public",
                                        "Alias": "ci",
                                        "Startup Cost": 0.0,
                                        "Total Cost": 343318.94,
                                        "Plan Rows": 1710352,
                                        "Plan Width": 4,
                                        "Actual Startup Time": 0.023,
                                        "Actual Total Time": 613.51,
                                        "Actual Rows": 1612201,
                                        "Actual Loops": 7,
                                        "Output": [
                                            "ci.id",
                                            "ci.person_id",
                                            "ci.movie_id",
                                            "ci.person_role_id",
                                            "ci.note",
                                            "ci.nr_order",
                                            "ci.role_id"
                                        ],
                                        "Filter": "((ci.person_id < 1158501) AND (ci.role_id < 10))",
                                        "Rows Removed by Filter": 3565563,
                                        "Workers": [
                                            {
                                                "Worker Number": 0,
                                                "Actual Startup Time": 0.02,
                                                "Actual Total Time": 629.941,
                                                "Actual Rows": 1150349,
                                                "Actual Loops": 1
                                            },
                                            {
                                                "Worker Number": 1,
                                                "Actual Startup Time": 0.019,
                                                "Actual Total Time": 621.795,
                                                "Actual Rows": 1696451,
                                                "Actual Loops": 1
                                            },
                                            {
                                                "Worker Number": 2,
                                                "Actual Startup Time": 0.029,
                                                "Actual Total Time": 617.936,
                                                "Actual Rows": 1628984,
                                                "Actual Loops": 1
                                            },
                                            {
                                                "Worker Number": 3,
                                                "Actual Startup Time": 0.031,
                                                "Actual Total Time": 616.824,
                                                "Actual Rows": 1667723,
                                                "Actual Loops": 1
                                            },
                                            {
                                                "Worker Number": 4,
                                                "Actual Startup Time": 0.026,
                                                "Actual Total Time": 622.365,
                                                "Actual Rows": 1698667,
                                                "Actual Loops": 1
                                            },
                                            {
                                                "Worker Number": 5,
                                                "Actual Startup Time": 0.025,
                                                "Actual Total Time": 618.895,
                                                "Actual Rows": 1653198,
                                                "Actual Loops": 1
                                            }
                                        ]
                                    },
                                    {
                                        "Node Type": "Hash",
                                        "Parent Relationship": "Inner",
                                        "Parallel Aware": true,
                                        "Startup Cost": 88875.06,
                                        "Total Cost": 88875.06,
                                        "Plan Rows": 387502,
                                        "Plan Width": 8,
                                        "Actual Startup Time": 449.577,
                                        "Actual Total Time": 450.223,
                                        "Actual Rows": 412382,
                                        "Actual Loops": 7,
                                        "Output": [
                                            "t.id",
                                            "mk.movie_id"
                                        ],
                                        "Hash Buckets": 4194304,
                                        "Original Hash Buckets": 2097152,
                                        "Hash Batches": 1,
                                        "Original Hash Batches": 1,
                                        "Peak Memory Usage": 162144,
                                        "Workers": [
                                            {
                                                "Worker Number": 0,
                                                "Actual Startup Time": 451.253,
                                                "Actual Total Time": 451.257,
                                                "Actual Rows": 291926,
                                                "Actual Loops": 1
                                            },
                                            {
                                                "Worker Number": 1,
                                                "Actual Startup Time": 451.252,
                                                "Actual Total Time": 451.255,
                                                "Actual Rows": 437012,
                                                "Actual Loops": 1
                                            },
                                            {
                                                "Worker Number": 2,
                                                "Actual Startup Time": 451.359,
                                                "Actual Total Time": 451.364,
                                                "Actual Rows": 407969,
                                                "Actual Loops": 1
                                            },
                                            {
                                                "Worker Number": 3,
                                                "Actual Startup Time": 451.353,
                                                "Actual Total Time": 451.357,
                                                "Actual Rows": 427619,
                                                "Actual Loops": 1
                                            },
                                            {
                                                "Worker Number": 4,
                                                "Actual Startup Time": 451.375,
                                                "Actual Total Time": 451.379,
                                                "Actual Rows": 429344,
                                                "Actual Loops": 1
                                            },
                                            {
                                                "Worker Number": 5,
                                                "Actual Startup Time": 451.662,
                                                "Actual Total Time": 451.673,
                                                "Actual Rows": 416349,
                                                "Actual Loops": 1
                                            }
                                        ],
                                        "Plans": [
                                            {
                                                "Node Type": "Hash Join",
                                                "Parent Relationship": "Outer",
                                                "Parallel Aware": true,
                                                "Join Type": "Inner",
                                                "Startup Cost": 45996.98,
                                                "Total Cost": 88875.06,
                                                "Plan Rows": 387502,
                                                "Plan Width": 8,
                                                "Actual Startup Time": 142.67,
                                                "Actual Total Time": 288.068,
                                                "Actual Rows": 412382,
                                                "Actual Loops": 7,
                                                "Output": [
                                                    "t.id",
                                                    "mk.movie_id"
                                                ],
                                                "Inner Unique": true,
                                                "Hash Cond": "(mk.movie_id = t.id)",
                                                "Workers": [
                                                    {
                                                        "Worker Number": 0,
                                                        "Actual Startup Time": 142.7,
                                                        "Actual Total Time": 288.398,
                                                        "Actual Rows": 291926,
                                                        "Actual Loops": 1
                                                    },
                                                    {
                                                        "Worker Number": 1,
                                                        "Actual Startup Time": 142.65,
                                                        "Actual Total Time": 287.853,
                                                        "Actual Rows": 437012,
                                                        "Actual Loops": 1
                                                    },
                                                    {
                                                        "Worker Number": 2,
                                                        "Actual Startup Time": 142.655,
                                                        "Actual Total Time": 287.923,
                                                        "Actual Rows": 407969,
                                                        "Actual Loops": 1
                                                    },
                                                    {
                                                        "Worker Number": 3,
                                                        "Actual Startup Time": 142.65,
                                                        "Actual Total Time": 287.988,
                                                        "Actual Rows": 427619,
                                                        "Actual Loops": 1
                                                    },
                                                    {
                                                        "Worker Number": 4,
                                                        "Actual Startup Time": 142.643,
                                                        "Actual Total Time": 288.066,
                                                        "Actual Rows": 429344,
                                                        "Actual Loops": 1
                                                    },
                                                    {
                                                        "Worker Number": 5,
                                                        "Actual Startup Time": 142.628,
                                                        "Actual Total Time": 287.941,
                                                        "Actual Rows": 416349,
                                                        "Actual Loops": 1
                                                    }
                                                ],
                                                "Plans": [
                                                    {
                                                        "Node Type": "Seq Scan",
                                                        "Parent Relationship": "Outer",
                                                        "Parallel Aware": true,
                                                        "Relation Name": "movie_keyword",
                                                        "Schema": "public",
                                                        "Alias": "mk",
                                                        "Startup Cost": 0.0,
                                                        "Total Cost": 39047.32,
                                                        "Plan Rows": 1459332,
                                                        "Plan Width": 4,
                                                        "Actual Startup Time": 0.017,
                                                        "Actual Total Time": 68.066,
                                                        "Actual Rows": 646276,
                                                        "Actual Loops": 7,
                                                        "Output": [
                                                            "mk.id",
                                                            "mk.movie_id",
                                                            "mk.keyword_id"
                                                        ],
                                                        "Workers": [
                                                            {
                                                                "Worker Number": 0,
                                                                "Actual Startup Time": 0.028,
                                                                "Actual Total Time": 69.182,
                                                                "Actual Rows": 455285,
                                                                "Actual Loops": 1
                                                            },
                                                            {
                                                                "Worker Number": 1,
                                                                "Actual Startup Time": 0.023,
                                                                "Actual Total Time": 70.052,
                                                                "Actual Rows": 672660,
                                                                "Actual Loops": 1
                                                            },
                                                            {
                                                                "Worker Number": 2,
                                                                "Actual Startup Time": 0.017,
                                                                "Actual Total Time": 70.617,
                                                                "Actual Rows": 635105,
                                                                "Actual Loops": 1
                                                            },
                                                            {
                                                                "Worker Number": 3,
                                                                "Actual Startup Time": 0.02,
                                                                "Actual Total Time": 70.197,
                                                                "Actual Rows": 668590,
                                                                "Actual Loops": 1
                                                            },
                                                            {
                                                                "Worker Number": 4,
                                                                "Actual Startup Time": 0.007,
                                                                "Actual Total Time": 70.472,
                                                                "Actual Rows": 672600,
                                                                "Actual Loops": 1
                                                            },
                                                            {
                                                                "Worker Number": 5,
                                                                "Actual Startup Time": 0.016,
                                                                "Actual Total Time": 70.816,
                                                                "Actual Rows": 647315,
                                                                "Actual Loops": 1
                                                            }
                                                        ]
                                                    },
                                                    {
                                                        "Node Type": "Hash",
                                                        "Parent Relationship": "Inner",
                                                        "Parallel Aware": true,
                                                        "Startup Cost": 43899.01,
                                                        "Total Cost": 43899.01,
                                                        "Plan Rows": 167838,
                                                        "Plan Width": 4,
                                                        "Actual Startup Time": 114.797,
                                                        "Actual Total Time": 114.799,
                                                        "Actual Rows": 94689,
                                                        "Actual Loops": 7,
                                                        "Output": [
                                                            "t.id"
                                                        ],
                                                        "Hash Buckets": 1048576,
                                                        "Original Hash Buckets": 1048576,
                                                        "Hash Batches": 1,
                                                        "Original Hash Batches": 1,
                                                        "Peak Memory Usage": 34240,
                                                        "Workers": [
                                                            {
                                                                "Worker Number": 0,
                                                                "Actual Startup Time": 115.866,
                                                                "Actual Total Time": 115.867,
                                                                "Actual Rows": 70475,
                                                                "Actual Loops": 1
                                                            },
                                                            {
                                                                "Worker Number": 1,
                                                                "Actual Startup Time": 115.837,
                                                                "Actual Total Time": 115.838,
                                                                "Actual Rows": 99712,
                                                                "Actual Loops": 1
                                                            },
                                                            {
                                                                "Worker Number": 2,
                                                                "Actual Startup Time": 115.831,
                                                                "Actual Total Time": 115.833,
                                                                "Actual Rows": 88354,
                                                                "Actual Loops": 1
                                                            },
                                                            {
                                                                "Worker Number": 3,
                                                                "Actual Startup Time": 115.967,
                                                                "Actual Total Time": 115.968,
                                                                "Actual Rows": 99380,
                                                                "Actual Loops": 1
                                                            },
                                                            {
                                                                "Worker Number": 4,
                                                                "Actual Startup Time": 115.814,
                                                                "Actual Total Time": 115.814,
                                                                "Actual Rows": 97644,
                                                                "Actual Loops": 1
                                                            },
                                                            {
                                                                "Worker Number": 5,
                                                                "Actual Startup Time": 115.803,
                                                                "Actual Total Time": 115.81,
                                                                "Actual Rows": 88841,
                                                                "Actual Loops": 1
                                                            }
                                                        ],
                                                        "Plans": [
                                                            {
                                                                "Node Type": "Seq Scan",
                                                                "Parent Relationship": "Outer",
                                                                "Parallel Aware": true,
                                                                "Relation Name": "title",
                                                                "Schema": "public",
                                                                "Alias": "t",
                                                                "Startup Cost": 0.0,
                                                                "Total Cost": 43899.01,
                                                                "Plan Rows": 167838,
                                                                "Plan Width": 4,
                                                                "Actual Startup Time": 40.368,
                                                                "Actual Total Time": 73.636,
                                                                "Actual Rows": 94689,
                                                                "Actual Loops": 7,
                                                                "Output": [
                                                                    "t.id"
                                                                ],
                                                                "Filter": "(t.kind_id = 1)",
                                                                "Rows Removed by Filter": 266498,
                                                                "Workers": [
                                                                    {
                                                                        "Worker Number": 0,
                                                                        "Actual Startup Time": 46.287,
                                                                        "Actual Total Time": 75.223,
                                                                        "Actual Rows": 70475,
                                                                        "Actual Loops": 1
                                                                    },
                                                                    {
                                                                        "Worker Number": 1,
                                                                        "Actual Startup Time": 46.303,
                                                                        "Actual Total Time": 74.216,
                                                                        "Actual Rows": 99712,
                                                                        "Actual Loops": 1
                                                                    },
                                                                    {
                                                                        "Worker Number": 2,
                                                                        "Actual Startup Time": 46.364,
                                                                        "Actual Total Time": 73.267,
                                                                        "Actual Rows": 88354,
                                                                        "Actual Loops": 1
                                                                    },
                                                                    {
                                                                        "Worker Number": 3,
                                                                        "Actual Startup Time": 46.209,
                                                                        "Actual Total Time": 74.398,
                                                                        "Actual Rows": 99380,
                                                                        "Actual Loops": 1
                                                                    },
                                                                    {
                                                                        "Worker Number": 4,
                                                                        "Actual Startup Time": 4.725,
                                                                        "Actual Total Time": 74.3,
                                                                        "Actual Rows": 97644,
                                                                        "Actual Loops": 1
                                                                    },
                                                                    {
                                                                        "Worker Number": 5,
                                                                        "Actual Startup Time": 46.391,
                                                                        "Actual Total Time": 73.104,
                                                                        "Actual Rows": 88841,
                                                                        "Actual Loops": 1
                                                                    }
                                                                ]
                                                            }
                                                        ]
                                                    }
                                                ]
                                            }
                                        ]
                                    }
                                ]
                            }
                        ]
                    }
                ]
            }
        ]
    },
    "Planning Time": 1.457,
    "Triggers": [],
    "Execution Time": 2427.063
}