[
    {
        "Bao": {
            "Bao prediction": "NaN",
            "Bao recommended hint": "(no hint)"
        }
    },
    {
        "Plan": {
            "Node Type": "Aggregate",
            "Strategy": "Plain",
            "Partial Mode": "Simple",
            "Parallel Aware": false,
            "Startup Cost": 12043.18,
            "Total Cost": 12043.19,
            "Plan Rows": 1,
            "Plan Width": 8,
            "Actual Startup Time": 2.927,
            "Actual Total Time": 2.928,
            "Actual Rows": 1,
            "Actual Loops": 1,
            "Output": [
                "count(*)"
            ],
            "Plans": [
                {
                    "Node Type": "Bitmap Heap Scan",
                    "Parent Relationship": "Outer",
                    "Parallel Aware": false,
                    "Relation Name": "movie_keyword",
                    "Schema": "public",
                    "Alias": "mk",
                    "Startup Cost": 105.3,
                    "Total Cost": 12031.29,
                    "Plan Rows": 4757,
                    "Plan Width": 0,
                    "Actual Startup Time": 0.407,
                    "Actual Total Time": 2.727,
                    "Actual Rows": 3610,
                    "Actual Loops": 1,
                    "Recheck Cond": "(mk.keyword_id > 130770)",
                    "Rows Removed by Index Recheck": 0,
                    "Exact Heap Blocks": 1159,
                    "Lossy Heap Blocks": 0,
                    "Plans": [
                        {
                            "Node Type": "Bitmap Index Scan",
                            "Parent Relationship": "Outer",
                            "Parallel Aware": false,
                            "Index Name": "keyword_id_movie_keyword",
                            "Startup Cost": 0.0,
                            "Total Cost": 104.11,
                            "Plan Rows": 4757,
                            "Plan Width": 0,
                            "Actual Startup Time": 0.259,
                            "Actual Total Time": 0.259,
                            "Actual Rows": 3610,
                            "Actual Loops": 1,
                            "Index Cond": "(mk.keyword_id > 130770)"
                        }
                    ]
                }
            ]
        },
        "Planning Time": 184.031,
        "Triggers": [],
        "Execution Time": 2.968
    }
]