[
  {
    "Plan": {
      "Node Type": "Aggregate",
      "Strategy": "Plain",
      "Partial Mode": "Finalize",
      "Parallel Aware": false,
      "Startup Cost": 31116.47,
      "Total Cost": 31116.48,
      "Plan Rows": 1,
      "Plan Width": 8,
      "Actual Startup Time": 101.453,
      "Actual Total Time": 107.912,
      "Actual Rows": 1,
      "Actual Loops": 1,
      "Plans": [
        {
          "Node Type": "Gather",
          "Parent Relationship": "Outer",
          "Parallel Aware": false,
          "Startup Cost": 31116.15,
          "Total Cost": 31116.46,
          "Plan Rows": 3,
          "Plan Width": 8,
          "Actual Startup Time": 101.305,
          "Actual Total Time": 107.902,
          "Actual Rows": 4,
          "Actual Loops": 1,
          "Workers Planned": 3,
          "Workers Launched": 3,
          "Single Copy": false,
          "Plans": [
            {
              "Node Type": "Aggregate",
              "Strategy": "Plain",
              "Partial Mode": "Partial",
              "Parent Relationship": "Outer",
              "Parallel Aware": false,
              "Startup Cost": 30116.15,
              "Total Cost": 30116.16,
              "Plan Rows": 1,
              "Plan Width": 8,
              "Actual Startup Time": 95.423,
              "Actual Total Time": 95.424,
              "Actual Rows": 1,
              "Actual Loops": 4,
              "Plans": [
                {
                  "Node Type": "Seq Scan",
                  "Parent Relationship": "Outer",
                  "Parallel Aware": true,
                  "Relation Name": "movie_companies",
                  "Alias": "mc",
                  "Startup Cost": 0.0,
                  "Total Cost": 29310.68,
                  "Plan Rows": 322188,
                  "Plan Width": 0,
                  "Actual Startup Time": 17.283,
                  "Actual Total Time": 82.454,
                  "Actual Rows": 248194,
                  "Actual Loops": 4,
                  "Filter": "(company_id > 16979)",
                  "Rows Removed by Filter": 404088
                }
              ]
            }
          ]
        }
      ]
    },
    "Planning Time": 0.201,
    "Triggers": [],
    "Execution Time": 107.969
  }
]