[
    {
        "Bao": {
            "Bao prediction": 441.371,
            "Bao recommended hint": "(no hint)"
        }
    },
    {
        "Plan": {
            "Node Type": "Aggregate",
            "Strategy": "Plain",
            "Partial Mode": "Finalize",
            "Parallel Aware": false,
            "Startup Cost": 32773.05,
            "Total Cost": 32773.06,
            "Plan Rows": 1,
            "Plan Width": 8,
            "Actual Startup Time": 83.067,
            "Actual Total Time": 89.12,
            "Actual Rows": 1,
            "Actual Loops": 1,
            "Output": [
                "count(*)"
            ],
            "Plans": [
                {
                    "Node Type": "Gather",
                    "Parent Relationship": "Outer",
                    "Parallel Aware": false,
                    "Startup Cost": 32772.73,
                    "Total Cost": 32773.04,
                    "Plan Rows": 3,
                    "Plan Width": 8,
                    "Actual Startup Time": 83.015,
                    "Actual Total Time": 89.114,
                    "Actual Rows": 4,
                    "Actual Loops": 1,
                    "Output": [
                        "(PARTIAL count(*))"
                    ],
                    "Workers Planned": 3,
                    "Workers Launched": 3,
                    "Single Copy": false,
                    "Plans": [
                        {
                            "Node Type": "Aggregate",
                            "Strategy": "Plain",
                            "Partial Mode": "Partial",
                            "Parent Relationship": "Outer",
                            "Parallel Aware": false,
                            "Startup Cost": 31772.73,
                            "Total Cost": 31772.74,
                            "Plan Rows": 1,
                            "Plan Width": 8,
                            "Actual Startup Time": 75.319,
                            "Actual Total Time": 75.32,
                            "Actual Rows": 1,
                            "Actual Loops": 4,
                            "Output": [
                                "PARTIAL count(*)"
                            ],
                            "Workers": [
                                {
                                    "Worker Number": 0,
                                    "Actual Startup Time": 72.767,
                                    "Actual Total Time": 72.768,
                                    "Actual Rows": 1,
                                    "Actual Loops": 1
                                },
                                {
                                    "Worker Number": 1,
                                    "Actual Startup Time": 72.85,
                                    "Actual Total Time": 72.851,
                                    "Actual Rows": 1,
                                    "Actual Loops": 1
                                },
                                {
                                    "Worker Number": 2,
                                    "Actual Startup Time": 73.225,
                                    "Actual Total Time": 73.226,
                                    "Actual Rows": 1,
                                    "Actual Loops": 1
                                }
                            ],
                            "Plans": [
                                {
                                    "Node Type": "Seq Scan",
                                    "Parent Relationship": "Outer",
                                    "Parallel Aware": true,
                                    "Relation Name": "movie_companies",
                                    "Schema": "public",
                                    "Alias": "mc",
                                    "Startup Cost": 0.0,
                                    "Total Cost": 31414.82,
                                    "Plan Rows": 143166,
                                    "Plan Width": 0,
                                    "Actual Startup Time": 25.715,
                                    "Actual Total Time": 73.614,
                                    "Actual Rows": 31355,
                                    "Actual Loops": 4,
                                    "Output": [
                                        "id",
                                        "movie_id",
                                        "company_id",
                                        "company_type_id",
                                        "note"
                                    ],
                                    "Filter": "((mc.company_id > 20863) AND (mc.company_type_id = 1))",
                                    "Rows Removed by Filter": 620927,
                                    "Workers": [
                                        {
                                            "Worker Number": 0,
                                            "Actual Startup Time": 23.174,
                                            "Actual Total Time": 71.135,
                                            "Actual Rows": 29702,
                                            "Actual Loops": 1
                                        },
                                        {
                                            "Worker Number": 1,
                                            "Actual Startup Time": 23.242,
                                            "Actual Total Time": 71.244,
                                            "Actual Rows": 29285,
                                            "Actual Loops": 1
                                        },
                                        {
                                            "Worker Number": 2,
                                            "Actual Startup Time": 23.621,
                                            "Actual Total Time": 71.599,
                                            "Actual Rows": 26632,
                                            "Actual Loops": 1
                                        }
                                    ]
                                }
                            ]
                        }
                    ]
                }
            ]
        },
        "Planning Time": 505.614,
        "Triggers": [],
        "Execution Time": 89.196
    }
]