{
  "Plan": {
    "Node Type": "Aggregate",
    "Strategy": "Plain",
    "Partial Mode": "Finalize",
    "Parallel Aware": false,
    "Startup Cost": 862416.22,
    "Total Cost": 862416.23,
    "Plan Rows": 1,
    "Plan Width": 8,
    "Actual Startup Time": 12634.43,
    "Actual Total Time": 12708.055,
    "Actual Rows": 1,
    "Actual Loops": 1,
    "Plans": [
      {
        "Node Type": "Gather",
        "Parent Relationship": "Outer",
        "Parallel Aware": false,
        "Startup Cost": 862416.1,
        "Total Cost": 862416.21,
        "Plan Rows": 1,
        "Plan Width": 8,
        "Actual Startup Time": 12623.913,
        "Actual Total Time": 12708.046,
        "Actual Rows": 2,
        "Actual Loops": 1,
        "Workers Planned": 1,
        "Workers Launched": 1,
        "Single Copy": false,
        "Plans": [
          {
            "Node Type": "Aggregate",
            "Strategy": "Plain",
            "Partial Mode": "Partial",
            "Parent Relationship": "Outer",
            "Parallel Aware": false,
            "Startup Cost": 861416.1,
            "Total Cost": 861416.11,
            "Plan Rows": 1,
            "Plan Width": 8,
            "Actual Startup Time": 12611.611,
            "Actual Total Time": 12614.908,
            "Actual Rows": 1,
            "Actual Loops": 2,
            "Plans": [
              {
                "Node Type": "Hash Join",
                "Parent Relationship": "Outer",
                "Parallel Aware": true,
                "Join Type": "Inner",
                "Startup Cost": 128619.75,
                "Total Cost": 817654.53,
                "Plan Rows": 17504628,
                "Plan Width": 0,
                "Actual Startup Time": 1617.869,
                "Actual Total Time": 11156.839,
                "Actual Rows": 33162884,
                "Actual Loops": 2,
                "Inner Unique": false,
                "Hash Cond": "(ci.movie_id = t.id)",
                "Plans": [
                  {
                    "Node Type": "Seq Scan",
                    "Parent Relationship": "Outer",
                    "Parallel Aware": true,
                    "Relation Name": "cast_info",
                    "Alias": "ci",
                    "Startup Cost": 0.0,
                    "Total Cost": 519069.44,
                    "Plan Rows": 17865847,
                    "Plan Width": 4,
                    "Actual Startup Time": 148.895,
                    "Actual Total Time": 1776.687,
                    "Actual Rows": 15113034,
                    "Actual Loops": 2,
                    "Filter": "(person_id > 581513)",
                    "Rows Removed by Filter": 3009138
                  },
                  {
                    "Node Type": "Hash",
                    "Parent Relationship": "Inner",
                    "Parallel Aware": true,
                    "Startup Cost": 110405.22,
                    "Total Cost": 110405.22,
                    "Plan Rows": 1457162,
                    "Plan Width": 8,
                    "Actual Startup Time": 1445.306,
                    "Actual Total Time": 1448.6,
                    "Actual Rows": 1234105,
                    "Actual Loops": 2,
                    "Hash Buckets": 4194304,
                    "Original Hash Buckets": 4194304,
                    "Hash Batches": 1,
                    "Original Hash Batches": 1,
                    "Peak Memory Usage": 129344,
                    "Plans": [
                      {
                        "Node Type": "Hash Join",
                        "Parent Relationship": "Outer",
                        "Parallel Aware": true,
                        "Join Type": "Inner",
                        "Startup Cost": 72238.59,
                        "Total Cost": 110405.22,
                        "Plan Rows": 1457162,
                        "Plan Width": 8,
                        "Actual Startup Time": 575.226,
                        "Actual Total Time": 1124.111,
                        "Actual Rows": 1234105,
                        "Actual Loops": 2,
                        "Inner Unique": true,
                        "Hash Cond": "(mc.movie_id = t.id)",
                        "Plans": [
                          {
                            "Node Type": "Seq Scan",
                            "Parent Relationship": "Outer",
                            "Parallel Aware": true,
                            "Relation Name": "movie_companies",
                            "Alias": "mc",
                            "Startup Cost": 0.0,
                            "Total Cost": 34137.82,
                            "Plan Rows": 1534782,
                            "Plan Width": 4,
                            "Actual Startup Time": 0.017,
                            "Actual Total Time": 112.568,
                            "Actual Rows": 1304564,
                            "Actual Loops": 2
                          },
                          {
                            "Node Type": "Hash",
                            "Parent Relationship": "Inner",
                            "Parallel Aware": true,
                            "Startup Cost": 54588.39,
                            "Total Cost": 54588.39,
                            "Plan Rows": 1412016,
                            "Plan Width": 4,
                            "Actual Startup Time": 559.66,
                            "Actual Total Time": 559.66,
                            "Actual Rows": 1198186,
                            "Actual Loops": 2,
                            "Hash Buckets": 4194304,
                            "Original Hash Buckets": 4194304,
                            "Hash Batches": 1,
                            "Original Hash Batches": 1,
                            "Peak Memory Usage": 126528,
                            "Plans": [
                              {
                                "Node Type": "Seq Scan",
                                "Parent Relationship": "Outer",
                                "Parallel Aware": true,
                                "Relation Name": "title",
                                "Alias": "t",
                                "Startup Cost": 0.0,
                                "Total Cost": 54588.39,
                                "Plan Rows": 1412016,
                                "Plan Width": 4,
                                "Actual Startup Time": 0.034,
                                "Actual Total Time": 190.037,
                                "Actual Rows": 1198186,
                                "Actual Loops": 2,
                                "Filter": "(production_year > 1914)",
                                "Rows Removed by Filter": 65970
                              }
                            ]
                          }
                        ]
                      }
                    ]
                  }
                ]
              }
            ]
          }
        ]
      }
    ]
  },
  "Planning Time": 0.874,
  "Triggers": [],
  "Execution Time": 12708.14
}