[
  {
    "Plan": {
      "Node Type": "Aggregate",
      "Strategy": "Plain",
      "Partial Mode": "Finalize",
      "Parallel Aware": false,
      "Startup Cost": 46791.43,
      "Total Cost": 46791.44,
      "Plan Rows": 1,
      "Plan Width": 8,
      "Actual Startup Time": 100.497,
      "Actual Total Time": 113.061,
      "Actual Rows": 1,
      "Actual Loops": 1,
      "Plans": [
        {
          "Node Type": "Gather",
          "Parent Relationship": "Outer",
          "Parallel Aware": false,
          "Startup Cost": 46791.01,
          "Total Cost": 46791.42,
          "Plan Rows": 4,
          "Plan Width": 8,
          "Actual Startup Time": 100.359,
          "Actual Total Time": 113.052,
          "Actual Rows": 5,
          "Actual Loops": 1,
          "Workers Planned": 4,
          "Workers Launched": 4,
          "Single Copy": false,
          "Plans": [
            {
              "Node Type": "Aggregate",
              "Strategy": "Plain",
              "Partial Mode": "Partial",
              "Parent Relationship": "Outer",
              "Parallel Aware": false,
              "Startup Cost": 45791.01,
              "Total Cost": 45791.02,
              "Plan Rows": 1,
              "Plan Width": 8,
              "Actual Startup Time": 92.62,
              "Actual Total Time": 92.621,
              "Actual Rows": 1,
              "Actual Loops": 5,
              "Plans": [
                {
                  "Node Type": "Seq Scan",
                  "Parent Relationship": "Outer",
                  "Parallel Aware": true,
                  "Relation Name": "title",
                  "Alias": "t",
                  "Startup Cost": 0.0,
                  "Total Cost": 45479.1,
                  "Plan Rows": 124765,
                  "Plan Width": 0,
                  "Actual Startup Time": 0.04,
                  "Actual Total Time": 88.045,
                  "Actual Rows": 84057,
                  "Actual Loops": 5,
                  "Filter": "((kind_id < 7) AND (production_year > 2002))",
                  "Rows Removed by Filter": 421605
                }
              ]
            }
          ]
        }
      ]
    },
    "Planning Time": 0.181,
    "Triggers": [],
    "Execution Time": 113.121
  }
]