[
  {
    "Plan": {
      "Node Type": "Aggregate",
      "Strategy": "Plain",
      "Partial Mode": "Finalize",
      "Parallel Aware": false,
      "Startup Cost": 88499.11,
      "Total Cost": 88499.12,
      "Plan Rows": 1,
      "Plan Width": 8,
      "Actual Startup Time": 488.52,
      "Actual Total Time": 505.872,
      "Actual Rows": 1,
      "Actual Loops": 1,
      "Plans": [
        {
          "Node Type": "Gather",
          "Parent Relationship": "Outer",
          "Parallel Aware": false,
          "Startup Cost": 88498.79,
          "Total Cost": 88499.1,
          "Plan Rows": 3,
          "Plan Width": 8,
          "Actual Startup Time": 481.098,
          "Actual Total Time": 505.863,
          "Actual Rows": 4,
          "Actual Loops": 1,
          "Workers Planned": 3,
          "Workers Launched": 3,
          "Single Copy": false,
          "Plans": [
            {
              "Node Type": "Aggregate",
              "Strategy": "Plain",
              "Partial Mode": "Partial",
              "Parent Relationship": "Outer",
              "Parallel Aware": false,
              "Startup Cost": 87498.79,
              "Total Cost": 87498.8,
              "Plan Rows": 1,
              "Plan Width": 8,
              "Actual Startup Time": 463.076,
              "Actual Total Time": 463.08,
              "Actual Rows": 1,
              "Actual Loops": 4,
              "Plans": [
                {
                  "Node Type": "Hash Join",
                  "Parent Relationship": "Outer",
                  "Parallel Aware": true,
                  "Join Type": "Inner",
                  "Startup Cost": 60334.51,
                  "Total Cost": 87114.35,
                  "Plan Rows": 153775,
                  "Plan Width": 0,
                  "Actual Startup Time": 367.553,
                  "Actual Total Time": 457.708,
                  "Actual Rows": 116467,
                  "Actual Loops": 4,
                  "Inner Unique": true,
                  "Hash Cond": "(mk.movie_id = t.id)",
                  "Plans": [
                    {
                      "Node Type": "Bitmap Heap Scan",
                      "Parent Relationship": "Outer",
                      "Parallel Aware": true,
                      "Relation Name": "movie_keyword",
                      "Alias": "mk",
                      "Startup Cost": 10114.87,
                      "Total Cost": 36491.05,
                      "Plan Rows": 153775,
                      "Plan Width": 4,
                      "Actual Startup Time": 32.898,
                      "Actual Total Time": 84.629,
                      "Actual Rows": 116467,
                      "Actual Loops": 4,
                      "Recheck Cond": "(keyword_id > 38237)",
                      "Rows Removed by Index Recheck": 0,
                      "Exact Heap Blocks": 7808,
                      "Lossy Heap Blocks": 0,
                      "Plans": [
                        {
                          "Node Type": "Bitmap Index Scan",
                          "Parent Relationship": "Outer",
                          "Parallel Aware": false,
                          "Index Name": "keyword_id_movie_keyword",
                          "Startup Cost": 0.0,
                          "Total Cost": 9995.69,
                          "Plan Rows": 476701,
                          "Plan Width": 0,
                          "Actual Startup Time": 29.487,
                          "Actual Total Time": 29.488,
                          "Actual Rows": 465868,
                          "Actual Loops": 1,
                          "Index Cond": "(keyword_id > 38237)"
                        }
                      ]
                    },
                    {
                      "Node Type": "Hash",
                      "Parent Relationship": "Inner",
                      "Parallel Aware": true,
                      "Startup Cost": 42318.73,
                      "Total Cost": 42318.73,
                      "Plan Rows": 632073,
                      "Plan Width": 4,
                      "Actual Startup Time": 323.382,
                      "Actual Total Time": 323.383,
                      "Actual Rows": 632078,
                      "Actual Loops": 4,
                      "Hash Buckets": 4194304,
                      "Original Hash Buckets": 4194304,
                      "Hash Batches": 1,
                      "Original Hash Batches": 1,
                      "Peak Memory Usage": 131744,
                      "Plans": [
                        {
                          "Node Type": "Seq Scan",
                          "Parent Relationship": "Outer",
                          "Parallel Aware": true,
                          "Relation Name": "title",
                          "Alias": "t",
                          "Startup Cost": 0.0,
                          "Total Cost": 42318.73,
                          "Plan Rows": 632073,
                          "Plan Width": 4,
                          "Actual Startup Time": 0.031,
                          "Actual Total Time": 95.868,
                          "Actual Rows": 632078,
                          "Actual Loops": 4
                        }
                      ]
                    }
                  ]
                }
              ]
            }
          ]
        }
      ]
    },
    "Planning Time": 0.584,
    "Triggers": [],
    "Execution Time": 505.96
  }
]