{
  "Plan": {
    "Node Type": "Aggregate",
    "Strategy": "Plain",
    "Partial Mode": "Finalize",
    "Parallel Aware": false,
    "Startup Cost": 230833.59,
    "Total Cost": 230833.6,
    "Plan Rows": 1,
    "Plan Width": 8,
    "Actual Startup Time": 234.289,
    "Actual Total Time": 246.68,
    "Actual Rows": 1,
    "Actual Loops": 1,
    "Plans": [
      {
        "Node Type": "Gather",
        "Parent Relationship": "Outer",
        "Parallel Aware": false,
        "Startup Cost": 230833.48,
        "Total Cost": 230833.59,
        "Plan Rows": 1,
        "Plan Width": 8,
        "Actual Startup Time": 233.982,
        "Actual Total Time": 246.673,
        "Actual Rows": 2,
        "Actual Loops": 1,
        "Workers Planned": 1,
        "Workers Launched": 1,
        "Single Copy": false,
        "Plans": [
          {
            "Node Type": "Aggregate",
            "Strategy": "Plain",
            "Partial Mode": "Partial",
            "Parent Relationship": "Outer",
            "Parallel Aware": false,
            "Startup Cost": 229833.48,
            "Total Cost": 229833.49,
            "Plan Rows": 1,
            "Plan Width": 8,
            "Actual Startup Time": 228.02,
            "Actual Total Time": 228.023,
            "Actual Rows": 1,
            "Actual Loops": 2,
            "Plans": [
              {
                "Node Type": "Hash Join",
                "Parent Relationship": "Outer",
                "Parallel Aware": true,
                "Join Type": "Inner",
                "Startup Cost": 63630.16,
                "Total Cost": 229814.62,
                "Plan Rows": 7546,
                "Plan Width": 0,
                "Actual Startup Time": 175.871,
                "Actual Total Time": 227.901,
                "Actual Rows": 1713,
                "Actual Loops": 2,
                "Inner Unique": true,
                "Hash Cond": "(mi.movie_id = t.id)",
                "Plans": [
                  {
                    "Node Type": "Bitmap Heap Scan",
                    "Parent Relationship": "Outer",
                    "Parallel Aware": true,
                    "Relation Name": "movie_info",
                    "Alias": "mi",
                    "Startup Cost": 8535.51,
                    "Total Cost": 173992.52,
                    "Plan Rows": 277121,
                    "Plan Width": 4,
                    "Actual Startup Time": 21.492,
                    "Actual Total Time": 43.842,
                    "Actual Rows": 237222,
                    "Actual Loops": 2,
                    "Recheck Cond": "(info_type_id = 6)",
                    "Rows Removed by Index Recheck": 0,
                    "Exact Heap Blocks": 1597,
                    "Lossy Heap Blocks": 0,
                    "Plans": [
                      {
                        "Node Type": "Bitmap Index Scan",
                        "Parent Relationship": "Outer",
                        "Parallel Aware": false,
                        "Index Name": "info_type_id_movie_info",
                        "Startup Cost": 0.0,
                        "Total Cost": 8417.73,
                        "Plan Rows": 471106,
                        "Plan Width": 0,
                        "Actual Startup Time": 20.992,
                        "Actual Total Time": 20.993,
                        "Actual Rows": 474443,
                        "Actual Loops": 1,
                        "Index Cond": "(info_type_id = 6)"
                      }
                    ]
                  },
                  {
                    "Node Type": "Hash",
                    "Parent Relationship": "Inner",
                    "Parallel Aware": true,
                    "Startup Cost": 54588.39,
                    "Total Cost": 54588.39,
                    "Plan Rows": 40501,
                    "Plan Width": 4,
                    "Actual Startup Time": 152.014,
                    "Actual Total Time": 152.014,
                    "Actual Rows": 33671,
                    "Actual Loops": 2,
                    "Hash Buckets": 131072,
                    "Original Hash Buckets": 131072,
                    "Hash Batches": 1,
                    "Original Hash Batches": 1,
                    "Peak Memory Usage": 3680,
                    "Plans": [
                      {
                        "Node Type": "Seq Scan",
                        "Parent Relationship": "Outer",
                        "Parallel Aware": true,
                        "Relation Name": "title",
                        "Alias": "t",
                        "Startup Cost": 0.0,
                        "Total Cost": 54588.39,
                        "Plan Rows": 40501,
                        "Plan Width": 4,
                        "Actual Startup Time": 0.059,
                        "Actual Total Time": 140.628,
                        "Actual Rows": 33671,
                        "Actual Loops": 2,
                        "Filter": "(production_year > 2012)",
                        "Rows Removed by Filter": 1230485
                      }
                    ]
                  }
                ]
              }
            ]
          }
        ]
      }
    ]
  },
  "Planning Time": 0.565,
  "Triggers": [],
  "Execution Time": 246.763
}