[
  {
    "Plan": {
      "Node Type": "Aggregate",
      "Strategy": "Plain",
      "Partial Mode": "Finalize",
      "Parallel Aware": false,
      "Startup Cost": 282539.44,
      "Total Cost": 282539.45,
      "Plan Rows": 1,
      "Plan Width": 8,
      "Actual Startup Time": 128.436,
      "Actual Total Time": 137.117,
      "Actual Rows": 1,
      "Actual Loops": 1,
      "Plans": [
        {
          "Node Type": "Gather",
          "Parent Relationship": "Outer",
          "Parallel Aware": false,
          "Startup Cost": 282538.82,
          "Total Cost": 282539.43,
          "Plan Rows": 6,
          "Plan Width": 8,
          "Actual Startup Time": 128.107,
          "Actual Total Time": 137.11,
          "Actual Rows": 7,
          "Actual Loops": 1,
          "Workers Planned": 6,
          "Workers Launched": 6,
          "Single Copy": false,
          "Plans": [
            {
              "Node Type": "Aggregate",
              "Strategy": "Plain",
              "Partial Mode": "Partial",
              "Parent Relationship": "Outer",
              "Parallel Aware": false,
              "Startup Cost": 281538.82,
              "Total Cost": 281538.83,
              "Plan Rows": 1,
              "Plan Width": 8,
              "Actual Startup Time": 119.941,
              "Actual Total Time": 119.943,
              "Actual Rows": 1,
              "Actual Loops": 7,
              "Plans": [
                {
                  "Node Type": "Bitmap Heap Scan",
                  "Parent Relationship": "Outer",
                  "Parallel Aware": true,
                  "Relation Name": "cast_info",
                  "Alias": "ci",
                  "Startup Cost": 25917.37,
                  "Total Cost": 281049.74,
                  "Plan Rows": 195630,
                  "Plan Width": 0,
                  "Actual Startup Time": 53.384,
                  "Actual Total Time": 109.832,
                  "Actual Rows": 158933,
                  "Actual Loops": 7,
                  "Recheck Cond": "(person_id > 3845796)",
                  "Rows Removed by Index Recheck": 0,
                  "Exact Heap Blocks": 4975,
                  "Lossy Heap Blocks": 0,
                  "Plans": [
                    {
                      "Node Type": "Bitmap Index Scan",
                      "Parent Relationship": "Outer",
                      "Parallel Aware": false,
                      "Index Name": "person_id_cast_info",
                      "Startup Cost": 0.0,
                      "Total Cost": 25623.92,
                      "Plan Rows": 1173781,
                      "Plan Width": 0,
                      "Actual Startup Time": 58.106,
                      "Actual Total Time": 58.108,
                      "Actual Rows": 1112531,
                      "Actual Loops": 1,
                      "Index Cond": "(person_id > 3845796)"
                    }
                  ]
                }
              ]
            }
          ]
        }
      ]
    },
    "Planning Time": 0.197,
    "Triggers": [],
    "Execution Time": 137.196
  }
]