[
  {
    "Plan": {
      "Node Type": "Aggregate",
      "Strategy": "Plain",
      "Partial Mode": "Finalize",
      "Parallel Aware": false,
      "Startup Cost": 95235.59,
      "Total Cost": 95235.6,
      "Plan Rows": 1,
      "Plan Width": 8,
      "Actual Startup Time": 474.67,
      "Actual Total Time": 502.592,
      "Actual Rows": 1,
      "Actual Loops": 1,
      "Plans": [
        {
          "Node Type": "Gather",
          "Parent Relationship": "Outer",
          "Parallel Aware": false,
          "Startup Cost": 95235.27,
          "Total Cost": 95235.58,
          "Plan Rows": 3,
          "Plan Width": 8,
          "Actual Startup Time": 470.943,
          "Actual Total Time": 502.581,
          "Actual Rows": 4,
          "Actual Loops": 1,
          "Workers Planned": 3,
          "Workers Launched": 3,
          "Single Copy": false,
          "Plans": [
            {
              "Node Type": "Aggregate",
              "Strategy": "Plain",
              "Partial Mode": "Partial",
              "Parent Relationship": "Outer",
              "Parallel Aware": false,
              "Startup Cost": 94235.27,
              "Total Cost": 94235.28,
              "Plan Rows": 1,
              "Plan Width": 8,
              "Actual Startup Time": 462.751,
              "Actual Total Time": 463.019,
              "Actual Rows": 1,
              "Actual Loops": 4,
              "Plans": [
                {
                  "Node Type": "Hash Join",
                  "Parent Relationship": "Outer",
                  "Parallel Aware": true,
                  "Join Type": "Inner",
                  "Startup Cost": 64064.41,
                  "Total Cost": 94179.41,
                  "Plan Rows": 22344,
                  "Plan Width": 0,
                  "Actual Startup Time": 392.148,
                  "Actual Total Time": 462.016,
                  "Actual Rows": 16819,
                  "Actual Loops": 4,
                  "Inner Unique": false,
                  "Hash Cond": "(mc.movie_id = t.id)",
                  "Plans": [
                    {
                      "Node Type": "Seq Scan",
                      "Parent Relationship": "Outer",
                      "Parallel Aware": true,
                      "Relation Name": "movie_companies",
                      "Alias": "mc",
                      "Startup Cost": 0.0,
                      "Total Cost": 29310.68,
                      "Plan Rows": 199589,
                      "Plan Width": 4,
                      "Actual Startup Time": 31.801,
                      "Actual Total Time": 78.359,
                      "Actual Rows": 153434,
                      "Actual Loops": 4,
                      "Filter": "(company_id > 63882)",
                      "Rows Removed by Filter": 498848
                    },
                    {
                      "Node Type": "Hash",
                      "Parent Relationship": "Inner",
                      "Parallel Aware": true,
                      "Startup Cost": 63179.86,
                      "Total Cost": 63179.86,
                      "Plan Rows": 70764,
                      "Plan Width": 8,
                      "Actual Startup Time": 350.147,
                      "Actual Total Time": 350.413,
                      "Actual Rows": 35476,
                      "Actual Loops": 4,
                      "Hash Buckets": 524288,
                      "Original Hash Buckets": 524288,
                      "Hash Batches": 1,
                      "Original Hash Batches": 1,
                      "Peak Memory Usage": 9696,
                      "Plans": [
                        {
                          "Node Type": "Hash Join",
                          "Parent Relationship": "Outer",
                          "Parallel Aware": true,
                          "Join Type": "Inner",
                          "Startup Cost": 17540.14,
                          "Total Cost": 63179.86,
                          "Plan Rows": 70764,
                          "Plan Width": 8,
                          "Actual Startup Time": 109.06,
                          "Actual Total Time": 333.074,
                          "Actual Rows": 35476,
                          "Actual Loops": 4,
                          "Inner Unique": false,
                          "Hash Cond": "(t.id = mi_idx.movie_id)",
                          "Plans": [
                            {
                              "Node Type": "Seq Scan",
                              "Parent Relationship": "Outer",
                              "Parallel Aware": true,
                              "Relation Name": "title",
                              "Alias": "t",
                              "Startup Cost": 0.0,
                              "Total Cost": 43899.32,
                              "Plan Rows": 385479,
                              "Plan Width": 4,
                              "Actual Startup Time": 0.026,
                              "Actual Total Time": 114.617,
                              "Actual Rows": 385816,
                              "Actual Loops": 4,
                              "Filter": "(kind_id = 7)",
                              "Rows Removed by Filter": 246262
                            },
                            {
                              "Node Type": "Hash",
                              "Parent Relationship": "Inner",
                              "Parallel Aware": true,
                              "Startup Cost": 15122.68,
                              "Total Cost": 15122.68,
                              "Plan Rows": 193397,
                              "Plan Width": 4,
                              "Actual Startup Time": 107.004,
                              "Actual Total Time": 107.006,
                              "Actual Rows": 115046,
                              "Actual Loops": 4,
                              "Hash Buckets": 524288,
                              "Original Hash Buckets": 524288,
                              "Hash Batches": 1,
                              "Original Hash Batches": 1,
                              "Peak Memory Usage": 22176,
                              "Plans": [
                                {
                                  "Node Type": "Seq Scan",
                                  "Parent Relationship": "Outer",
                                  "Parallel Aware": true,
                                  "Relation Name": "movie_info_idx",
                                  "Alias": "mi_idx",
                                  "Startup Cost": 0.0,
                                  "Total Cost": 15122.68,
                                  "Plan Rows": 193397,
                                  "Plan Width": 4,
                                  "Actual Startup Time": 0.061,
                                  "Actual Total Time": 53.891,
                                  "Actual Rows": 115046,
                                  "Actual Loops": 4,
                                  "Filter": "(info_type_id > 100)",
                                  "Rows Removed by Filter": 229962
                                }
                              ]
                            }
                          ]
                        }
                      ]
                    }
                  ]
                }
              ]
            }
          ]
        }
      ]
    },
    "Planning Time": 1.436,
    "Triggers": [],
    "Execution Time": 502.684
  }
]