[
  {
    "Plan": {
      "Node Type": "Aggregate",
      "Strategy": "Plain",
      "Partial Mode": "Finalize",
      "Parallel Aware": false,
      "Startup Cost": 326586.81,
      "Total Cost": 326586.82,
      "Plan Rows": 1,
      "Plan Width": 8,
      "Actual Startup Time": 1273.776,
      "Actual Total Time": 1358.841,
      "Actual Rows": 1,
      "Actual Loops": 1,
      "Plans": [
        {
          "Node Type": "Gather",
          "Parent Relationship": "Outer",
          "Parallel Aware": false,
          "Startup Cost": 326586.49,
          "Total Cost": 326586.8,
          "Plan Rows": 3,
          "Plan Width": 8,
          "Actual Startup Time": 1271.813,
          "Actual Total Time": 1358.831,
          "Actual Rows": 4,
          "Actual Loops": 1,
          "Workers Planned": 3,
          "Workers Launched": 3,
          "Single Copy": false,
          "Plans": [
            {
              "Node Type": "Aggregate",
              "Strategy": "Plain",
              "Partial Mode": "Partial",
              "Parent Relationship": "Outer",
              "Parallel Aware": false,
              "Startup Cost": 325586.49,
              "Total Cost": 325586.5,
              "Plan Rows": 1,
              "Plan Width": 8,
              "Actual Startup Time": 1262.303,
              "Actual Total Time": 1262.307,
              "Actual Rows": 1,
              "Actual Loops": 4,
              "Plans": [
                {
                  "Node Type": "Nested Loop",
                  "Parent Relationship": "Outer",
                  "Parallel Aware": false,
                  "Join Type": "Inner",
                  "Startup Cost": 47944.23,
                  "Total Cost": 323114.49,
                  "Plan Rows": 988801,
                  "Plan Width": 0,
                  "Actual Startup Time": 204.28,
                  "Actual Total Time": 1222.747,
                  "Actual Rows": 835279,
                  "Actual Loops": 4,
                  "Inner Unique": false,
                  "Plans": [
                    {
                      "Node Type": "Hash Join",
                      "Parent Relationship": "Outer",
                      "Parallel Aware": true,
                      "Join Type": "Inner",
                      "Startup Cost": 47943.66,
                      "Total Cost": 79939.19,
                      "Plan Rows": 69007,
                      "Plan Width": 8,
                      "Actual Startup Time": 204.182,
                      "Actual Total Time": 321.405,
                      "Actual Rows": 39367,
                      "Actual Loops": 4,
                      "Inner Unique": true,
                      "Hash Cond": "(mc.movie_id = t.id)",
                      "Plans": [
                        {
                          "Node Type": "Seq Scan",
                          "Parent Relationship": "Outer",
                          "Parallel Aware": true,
                          "Relation Name": "movie_companies",
                          "Alias": "mc",
                          "Startup Cost": 0.0,
                          "Total Cost": 31414.82,
                          "Plan Rows": 221222,
                          "Plan Width": 4,
                          "Actual Startup Time": 29.624,
                          "Actual Total Time": 66.726,
                          "Actual Rows": 231944,
                          "Actual Loops": 4,
                          "Filter": "((company_id > 11149) AND (company_type_id = 2))",
                          "Rows Removed by Filter": 420338
                        },
                        {
                          "Node Type": "Hash",
                          "Parent Relationship": "Inner",
                          "Parallel Aware": true,
                          "Startup Cost": 45479.1,
                          "Total Cost": 45479.1,
                          "Plan Rows": 197165,
                          "Plan Width": 4,
                          "Actual Startup Time": 169.601,
                          "Actual Total Time": 169.601,
                          "Actual Rows": 173117,
                          "Actual Loops": 4,
                          "Hash Buckets": 1048576,
                          "Original Hash Buckets": 1048576,
                          "Hash Batches": 1,
                          "Original Hash Batches": 1,
                          "Peak Memory Usage": 35360,
                          "Plans": [
                            {
                              "Node Type": "Seq Scan",
                              "Parent Relationship": "Outer",
                              "Parallel Aware": true,
                              "Relation Name": "title",
                              "Alias": "t",
                              "Startup Cost": 0.0,
                              "Total Cost": 45479.1,
                              "Plan Rows": 197165,
                              "Plan Width": 4,
                              "Actual Startup Time": 0.041,
                              "Actual Total Time": 103.469,
                              "Actual Rows": 173117,
                              "Actual Loops": 4,
                              "Filter": "((kind_id > 1) AND (production_year < 2001))",
                              "Rows Removed by Filter": 458961
                            }
                          ]
                        }
                      ]
                    },
                    {
                      "Node Type": "Index Only Scan",
                      "Parent Relationship": "Inner",
                      "Parallel Aware": false,
                      "Scan Direction": "Forward",
                      "Index Name": "movie_id_cast_info",
                      "Relation Name": "cast_info",
                      "Alias": "ci",
                      "Startup Cost": 0.56,
                      "Total Cost": 3.15,
                      "Plan Rows": 37,
                      "Plan Width": 4,
                      "Actual Startup Time": 0.005,
                      "Actual Total Time": 0.021,
                      "Actual Rows": 21,
                      "Actual Loops": 157467,
                      "Index Cond": "(movie_id = t.id)",
                      "Rows Removed by Index Recheck": 0,
                      "Heap Fetches": 3341117
                    }
                  ]
                }
              ]
            }
          ]
        }
      ]
    },
    "Planning Time": 1.449,
    "Triggers": [],
    "Execution Time": 1358.958
  }
]