[
  {
    "Plan": {
      "Node Type": "Aggregate",
      "Strategy": "Plain",
      "Partial Mode": "Finalize",
      "Parallel Aware": false,
      "Startup Cost": 718938.76,
      "Total Cost": 718938.77,
      "Plan Rows": 1,
      "Plan Width": 8,
      "Actual Startup Time": 13789.467,
      "Actual Total Time": 13876.823,
      "Actual Rows": 1,
      "Actual Loops": 1,
      "Plans": [
        {
          "Node Type": "Gather",
          "Parent Relationship": "Outer",
          "Parallel Aware": false,
          "Startup Cost": 718938.14,
          "Total Cost": 718938.75,
          "Plan Rows": 6,
          "Plan Width": 8,
          "Actual Startup Time": 13694.814,
          "Actual Total Time": 13876.807,
          "Actual Rows": 7,
          "Actual Loops": 1,
          "Workers Planned": 6,
          "Workers Launched": 6,
          "Single Copy": false,
          "Plans": [
            {
              "Node Type": "Aggregate",
              "Strategy": "Plain",
              "Partial Mode": "Partial",
              "Parent Relationship": "Outer",
              "Parallel Aware": false,
              "Startup Cost": 717938.14,
              "Total Cost": 717938.15,
              "Plan Rows": 1,
              "Plan Width": 8,
              "Actual Startup Time": 13642.062,
              "Actual Total Time": 13643.441,
              "Actual Rows": 1,
              "Actual Loops": 7,
              "Plans": [
                {
                  "Node Type": "Hash Join",
                  "Parent Relationship": "Outer",
                  "Parallel Aware": true,
                  "Join Type": "Inner",
                  "Startup Cost": 278005.47,
                  "Total Cost": 664262.36,
                  "Plan Rows": 21470311,
                  "Plan Width": 0,
                  "Actual Startup Time": 2725.354,
                  "Actual Total Time": 11590.336,
                  "Actual Rows": 43575650,
                  "Actual Loops": 7,
                  "Inner Unique": false,
                  "Hash Cond": "(ci.movie_id = t.id)",
                  "Plans": [
                    {
                      "Node Type": "Seq Scan",
                      "Parent Relationship": "Outer",
                      "Parallel Aware": true,
                      "Relation Name": "cast_info",
                      "Alias": "ci",
                      "Startup Cost": 0.0,
                      "Total Cost": 313106.51,
                      "Plan Rows": 6041951,
                      "Plan Width": 4,
                      "Actual Startup Time": 0.052,
                      "Actual Total Time": 591.639,
                      "Actual Rows": 5177763,
                      "Actual Loops": 7
                    },
                    {
                      "Node Type": "Hash",
                      "Parent Relationship": "Inner",
                      "Parallel Aware": true,
                      "Startup Cost": 255543.35,
                      "Total Cost": 255543.35,
                      "Plan Rows": 1796970,
                      "Plan Width": 8,
                      "Actual Startup Time": 2705.552,
                      "Actual Total Time": 2706.929,
                      "Actual Rows": 1468824,
                      "Actual Loops": 7,
                      "Hash Buckets": 16777216,
                      "Original Hash Buckets": 16777216,
                      "Hash Batches": 1,
                      "Original Hash Batches": 1,
                      "Peak Memory Usage": 533440,
                      "Plans": [
                        {
                          "Node Type": "Hash Join",
                          "Parent Relationship": "Outer",
                          "Parallel Aware": true,
                          "Join Type": "Inner",
                          "Startup Cost": 48747.52,
                          "Total Cost": 255543.35,
                          "Plan Rows": 1796970,
                          "Plan Width": 8,
                          "Actual Startup Time": 231.902,
                          "Actual Total Time": 1535.897,
                          "Actual Rows": 1468824,
                          "Actual Loops": 7,
                          "Inner Unique": true,
                          "Hash Cond": "(mi.movie_id = t.id)",
                          "Plans": [
                            {
                              "Node Type": "Seq Scan",
                              "Parent Relationship": "Outer",
                              "Parallel Aware": true,
                              "Relation Name": "movie_info",
                              "Alias": "mi",
                              "Startup Cost": 0.0,
                              "Total Cost": 199108.24,
                              "Plan Rows": 2928598,
                              "Plan Width": 4,
                              "Actual Startup Time": 0.041,
                              "Actual Total Time": 477.506,
                              "Actual Rows": 2091138,
                              "Actual Loops": 7,
                              "Filter": "(info_type_id < 107)",
                              "Rows Removed by Filter": 28251
                            },
                            {
                              "Node Type": "Hash",
                              "Parent Relationship": "Inner",
                              "Parallel Aware": true,
                              "Startup Cost": 43899.32,
                              "Total Cost": 43899.32,
                              "Plan Rows": 387856,
                              "Plan Width": 4,
                              "Actual Startup Time": 229.407,
                              "Actual Total Time": 229.409,
                              "Actual Rows": 221675,
                              "Actual Loops": 7,
                              "Hash Buckets": 2097152,
                              "Original Hash Buckets": 2097152,
                              "Hash Batches": 1,
                              "Original Hash Batches": 1,
                              "Peak Memory Usage": 77216,
                              "Plans": [
                                {
                                  "Node Type": "Seq Scan",
                                  "Parent Relationship": "Outer",
                                  "Parallel Aware": true,
                                  "Relation Name": "title",
                                  "Alias": "t",
                                  "Startup Cost": 0.0,
                                  "Total Cost": 43899.32,
                                  "Plan Rows": 387856,
                                  "Plan Width": 4,
                                  "Actual Startup Time": 0.065,
                                  "Actual Total Time": 99.491,
                                  "Actual Rows": 221675,
                                  "Actual Loops": 7,
                                  "Filter": "(production_year < 2007)",
                                  "Rows Removed by Filter": 139512
                                }
                              ]
                            }
                          ]
                        }
                      ]
                    }
                  ]
                }
              ]
            }
          ]
        }
      ]
    },
    "Planning Time": 0.533,
    "Triggers": [],
    "Execution Time": 13876.88
  }
]