[
  {
    "Plan": {
      "Node Type": "Aggregate",
      "Strategy": "Plain",
      "Partial Mode": "Finalize",
      "Parallel Aware": false,
      "Startup Cost": 390784.2,
      "Total Cost": 390784.21,
      "Plan Rows": 1,
      "Plan Width": 8,
      "Actual Startup Time": 986.088,
      "Actual Total Time": 1053.779,
      "Actual Rows": 1,
      "Actual Loops": 1,
      "Plans": [
        {
          "Node Type": "Gather",
          "Parent Relationship": "Outer",
          "Parallel Aware": false,
          "Startup Cost": 390783.58,
          "Total Cost": 390784.19,
          "Plan Rows": 6,
          "Plan Width": 8,
          "Actual Startup Time": 982.332,
          "Actual Total Time": 1053.751,
          "Actual Rows": 7,
          "Actual Loops": 1,
          "Workers Planned": 6,
          "Workers Launched": 6,
          "Single Copy": false,
          "Plans": [
            {
              "Node Type": "Aggregate",
              "Strategy": "Plain",
              "Partial Mode": "Partial",
              "Parent Relationship": "Outer",
              "Parallel Aware": false,
              "Startup Cost": 389783.58,
              "Total Cost": 389783.59,
              "Plan Rows": 1,
              "Plan Width": 8,
              "Actual Startup Time": 972.248,
              "Actual Total Time": 972.251,
              "Actual Rows": 1,
              "Actual Loops": 7,
              "Plans": [
                {
                  "Node Type": "Hash Join",
                  "Parent Relationship": "Outer",
                  "Parallel Aware": true,
                  "Join Type": "Inner",
                  "Startup Cost": 44770.15,
                  "Total Cost": 389622.36,
                  "Plan Rows": 64488,
                  "Plan Width": 0,
                  "Actual Startup Time": 481.985,
                  "Actual Total Time": 968.072,
                  "Actual Rows": 71738,
                  "Actual Loops": 7,
                  "Inner Unique": true,
                  "Hash Cond": "(ci.movie_id = t.id)",
                  "Plans": [
                    {
                      "Node Type": "Seq Scan",
                      "Parent Relationship": "Outer",
                      "Parallel Aware": true,
                      "Relation Name": "cast_info",
                      "Alias": "ci",
                      "Startup Cost": 0.0,
                      "Total Cost": 343316.27,
                      "Plan Rows": 585121,
                      "Plan Width": 4,
                      "Actual Startup Time": 382.881,
                      "Actual Total Time": 680.418,
                      "Actual Rows": 1125592,
                      "Actual Loops": 7,
                      "Filter": "((person_id > 2890341) AND (role_id > 2))",
                      "Rows Removed by Filter": 4052171
                    },
                    {
                      "Node Type": "Hash",
                      "Parent Relationship": "Inner",
                      "Parallel Aware": true,
                      "Startup Cost": 43899.32,
                      "Total Cost": 43899.32,
                      "Plan Rows": 69666,
                      "Plan Width": 4,
                      "Actual Startup Time": 96.999,
                      "Actual Total Time": 97.0,
                      "Actual Rows": 42353,
                      "Actual Loops": 7,
                      "Hash Buckets": 524288,
                      "Original Hash Buckets": 524288,
                      "Hash Batches": 1,
                      "Original Hash Batches": 1,
                      "Peak Memory Usage": 15808,
                      "Plans": [
                        {
                          "Node Type": "Seq Scan",
                          "Parent Relationship": "Outer",
                          "Parallel Aware": true,
                          "Relation Name": "title",
                          "Alias": "t",
                          "Startup Cost": 0.0,
                          "Total Cost": 43899.32,
                          "Plan Rows": 69666,
                          "Plan Width": 4,
                          "Actual Startup Time": 0.05,
                          "Actual Total Time": 77.422,
                          "Actual Rows": 42353,
                          "Actual Loops": 7,
                          "Filter": "(production_year < 1965)",
                          "Rows Removed by Filter": 318834
                        }
                      ]
                    }
                  ]
                }
              ]
            }
          ]
        }
      ]
    },
    "Planning Time": 0.333,
    "Triggers": [],
    "Execution Time": 1053.842
  }
]