[
  {
    "Plan": {
      "Node Type": "Aggregate",
      "Strategy": "Plain",
      "Partial Mode": "Finalize",
      "Parallel Aware": false,
      "Startup Cost": 381716.38,
      "Total Cost": 381716.39,
      "Plan Rows": 1,
      "Plan Width": 8,
      "Actual Startup Time": 1577.5,
      "Actual Total Time": 1599.828,
      "Actual Rows": 1,
      "Actual Loops": 1,
      "Plans": [
        {
          "Node Type": "Gather",
          "Parent Relationship": "Outer",
          "Parallel Aware": false,
          "Startup Cost": 381716.16,
          "Total Cost": 381716.37,
          "Plan Rows": 2,
          "Plan Width": 8,
          "Actual Startup Time": 1562.911,
          "Actual Total Time": 1599.818,
          "Actual Rows": 3,
          "Actual Loops": 1,
          "Workers Planned": 2,
          "Workers Launched": 2,
          "Single Copy": false,
          "Plans": [
            {
              "Node Type": "Aggregate",
              "Strategy": "Plain",
              "Partial Mode": "Partial",
              "Parent Relationship": "Outer",
              "Parallel Aware": false,
              "Startup Cost": 380716.16,
              "Total Cost": 380716.17,
              "Plan Rows": 1,
              "Plan Width": 8,
              "Actual Startup Time": 1551.616,
              "Actual Total Time": 1551.624,
              "Actual Rows": 1,
              "Actual Loops": 3,
              "Plans": [
                {
                  "Node Type": "Hash Join",
                  "Parent Relationship": "Outer",
                  "Parallel Aware": true,
                  "Join Type": "Inner",
                  "Startup Cost": 363061.26,
                  "Total Cost": 379628.1,
                  "Plan Rows": 435227,
                  "Plan Width": 0,
                  "Actual Startup Time": 1274.936,
                  "Actual Total Time": 1508.952,
                  "Actual Rows": 780051,
                  "Actual Loops": 3,
                  "Inner Unique": false,
                  "Hash Cond": "(mi_idx.movie_id = t.id)",
                  "Plans": [
                    {
                      "Node Type": "Seq Scan",
                      "Parent Relationship": "Outer",
                      "Parallel Aware": true,
                      "Relation Name": "movie_info_idx",
                      "Alias": "mi_idx",
                      "Startup Cost": 0.0,
                      "Total Cost": 13685.15,
                      "Plan Rows": 575015,
                      "Plan Width": 4,
                      "Actual Startup Time": 0.021,
                      "Actual Total Time": 47.213,
                      "Actual Rows": 460012,
                      "Actual Loops": 3
                    },
                    {
                      "Node Type": "Hash",
                      "Parent Relationship": "Inner",
                      "Parallel Aware": true,
                      "Startup Cost": 359074.28,
                      "Total Cost": 359074.28,
                      "Plan Rows": 318959,
                      "Plan Width": 8,
                      "Actual Startup Time": 1264.922,
                      "Actual Total Time": 1264.928,
                      "Actual Rows": 672342,
                      "Actual Loops": 3,
                      "Hash Buckets": 2097152,
                      "Original Hash Buckets": 2097152,
                      "Hash Batches": 1,
                      "Original Hash Batches": 1,
                      "Peak Memory Usage": 95360,
                      "Plans": [
                        {
                          "Node Type": "Hash Join",
                          "Parent Relationship": "Outer",
                          "Parallel Aware": true,
                          "Join Type": "Inner",
                          "Startup Cost": 100666.61,
                          "Total Cost": 359074.28,
                          "Plan Rows": 318959,
                          "Plan Width": 8,
                          "Actual Startup Time": 544.708,
                          "Actual Total Time": 1038.135,
                          "Actual Rows": 672342,
                          "Actual Loops": 3,
                          "Inner Unique": true,
                          "Hash Cond": "(ci.movie_id = t.id)",
                          "Plans": [
                            {
                              "Node Type": "Bitmap Heap Scan",
                              "Parent Relationship": "Outer",
                              "Parallel Aware": true,
                              "Relation Name": "cast_info",
                              "Alias": "ci",
                              "Startup Cost": 50104.07,
                              "Total Cost": 307518.9,
                              "Plan Rows": 378226,
                              "Plan Width": 4,
                              "Actual Startup Time": 147.2,
                              "Actual Total Time": 259.562,
                              "Actual Rows": 779296,
                              "Actual Loops": 3,
                              "Recheck Cond": "(person_id < 227487)",
                              "Rows Removed by Index Recheck": 0,
                              "Exact Heap Blocks": 9950,
                              "Lossy Heap Blocks": 0,
                              "Plans": [
                                {
                                  "Node Type": "Bitmap Index Scan",
                                  "Parent Relationship": "Outer",
                                  "Parallel Aware": false,
                                  "Index Name": "person_id_cast_info",
                                  "Startup Cost": 0.0,
                                  "Total Cost": 49536.74,
                                  "Plan Rows": 2269356,
                                  "Plan Width": 0,
                                  "Actual Startup Time": 141.274,
                                  "Actual Total Time": 141.275,
                                  "Actual Rows": 2337889,
                                  "Actual Loops": 1,
                                  "Index Cond": "(person_id < 227487)"
                                }
                              ]
                            },
                            {
                              "Node Type": "Hash",
                              "Parent Relationship": "Inner",
                              "Parallel Aware": true,
                              "Startup Cost": 43899.32,
                              "Total Cost": 43899.32,
                              "Plan Rows": 533057,
                              "Plan Width": 4,
                              "Actual Startup Time": 388.745,
                              "Actual Total Time": 388.746,
                              "Actual Rows": 706124,
                              "Actual Loops": 3,
                              "Hash Buckets": 4194304,
                              "Original Hash Buckets": 4194304,
                              "Hash Batches": 1,
                              "Original Hash Batches": 1,
                              "Peak Memory Usage": 115680,
                              "Plans": [
                                {
                                  "Node Type": "Seq Scan",
                                  "Parent Relationship": "Outer",
                                  "Parallel Aware": true,
                                  "Relation Name": "title",
                                  "Alias": "t",
                                  "Startup Cost": 0.0,
                                  "Total Cost": 43899.32,
                                  "Plan Rows": 533057,
                                  "Plan Width": 4,
                                  "Actual Startup Time": 0.043,
                                  "Actual Total Time": 149.978,
                                  "Actual Rows": 706124,
                                  "Actual Loops": 3,
                                  "Filter": "(production_year > 1967)",
                                  "Rows Removed by Filter": 136647
                                }
                              ]
                            }
                          ]
                        }
                      ]
                    }
                  ]
                }
              ]
            }
          ]
        }
      ]
    },
    "Planning Time": 1.357,
    "Triggers": [],
    "Execution Time": 1599.935
  }
]