[
  {
    "Plan": {
      "Node Type": "Aggregate",
      "Strategy": "Plain",
      "Partial Mode": "Finalize",
      "Parallel Aware": false,
      "Startup Cost": 158735.56,
      "Total Cost": 158735.57,
      "Plan Rows": 1,
      "Plan Width": 8,
      "Actual Startup Time": 224.66,
      "Actual Total Time": 243.877,
      "Actual Rows": 1,
      "Actual Loops": 1,
      "Plans": [
        {
          "Node Type": "Gather",
          "Parent Relationship": "Outer",
          "Parallel Aware": false,
          "Startup Cost": 158735.03,
          "Total Cost": 158735.54,
          "Plan Rows": 5,
          "Plan Width": 8,
          "Actual Startup Time": 224.543,
          "Actual Total Time": 243.865,
          "Actual Rows": 6,
          "Actual Loops": 1,
          "Workers Planned": 5,
          "Workers Launched": 5,
          "Single Copy": false,
          "Plans": [
            {
              "Node Type": "Aggregate",
              "Strategy": "Plain",
              "Partial Mode": "Partial",
              "Parent Relationship": "Outer",
              "Parallel Aware": false,
              "Startup Cost": 157735.03,
              "Total Cost": 157735.04,
              "Plan Rows": 1,
              "Plan Width": 8,
              "Actual Startup Time": 219.087,
              "Actual Total Time": 219.088,
              "Actual Rows": 1,
              "Actual Loops": 6,
              "Plans": [
                {
                  "Node Type": "Index Scan",
                  "Parent Relationship": "Outer",
                  "Parallel Aware": true,
                  "Scan Direction": "Forward",
                  "Index Name": "role_id_cast_info",
                  "Relation Name": "cast_info",
                  "Alias": "ci",
                  "Startup Cost": 0.56,
                  "Total Cost": 155872.35,
                  "Plan Rows": 745075,
                  "Plan Width": 0,
                  "Actual Startup Time": 0.082,
                  "Actual Total Time": 207.877,
                  "Actual Rows": 207176,
                  "Actual Loops": 6,
                  "Index Cond": "(role_id > 8)",
                  "Rows Removed by Index Recheck": 0,
                  "Filter": "(person_id < 2436935)",
                  "Rows Removed by Filter": 748273
                }
              ]
            }
          ]
        }
      ]
    },
    "Planning Time": 0.135,
    "Triggers": [],
    "Execution Time": 243.92
  }
]