[
  {
    "Plan": {
      "Node Type": "Aggregate",
      "Strategy": "Plain",
      "Partial Mode": "Finalize",
      "Parallel Aware": false,
      "Startup Cost": 94270.22,
      "Total Cost": 94270.23,
      "Plan Rows": 1,
      "Plan Width": 8,
      "Actual Startup Time": 718.422,
      "Actual Total Time": 795.801,
      "Actual Rows": 1,
      "Actual Loops": 1,
      "Plans": [
        {
          "Node Type": "Gather",
          "Parent Relationship": "Outer",
          "Parallel Aware": false,
          "Startup Cost": 94269.91,
          "Total Cost": 94270.22,
          "Plan Rows": 3,
          "Plan Width": 8,
          "Actual Startup Time": 718.157,
          "Actual Total Time": 795.791,
          "Actual Rows": 4,
          "Actual Loops": 1,
          "Workers Planned": 3,
          "Workers Launched": 3,
          "Single Copy": false,
          "Plans": [
            {
              "Node Type": "Aggregate",
              "Strategy": "Plain",
              "Partial Mode": "Partial",
              "Parent Relationship": "Outer",
              "Parallel Aware": false,
              "Startup Cost": 93269.91,
              "Total Cost": 93269.92,
              "Plan Rows": 1,
              "Plan Width": 8,
              "Actual Startup Time": 708.765,
              "Actual Total Time": 708.768,
              "Actual Rows": 1,
              "Actual Loops": 4,
              "Plans": [
                {
                  "Node Type": "Nested Loop",
                  "Parent Relationship": "Outer",
                  "Parallel Aware": false,
                  "Join Type": "Inner",
                  "Startup Cost": 45561.66,
                  "Total Cost": 93139.97,
                  "Plan Rows": 51976,
                  "Plan Width": 0,
                  "Actual Startup Time": 99.04,
                  "Actual Total Time": 697.665,
                  "Actual Rows": 219545,
                  "Actual Loops": 4,
                  "Inner Unique": false,
                  "Join Filter": "(t.id = ci.movie_id)",
                  "Rows Removed by Join Filter": 0,
                  "Plans": [
                    {
                      "Node Type": "Hash Join",
                      "Parent Relationship": "Outer",
                      "Parallel Aware": true,
                      "Join Type": "Inner",
                      "Startup Cost": 45561.1,
                      "Total Cost": 74976.99,
                      "Plan Rows": 8735,
                      "Plan Width": 8,
                      "Actual Startup Time": 98.922,
                      "Actual Total Time": 219.395,
                      "Actual Rows": 12788,
                      "Actual Loops": 4,
                      "Inner Unique": true,
                      "Hash Cond": "(mc.movie_id = t.id)",
                      "Plans": [
                        {
                          "Node Type": "Seq Scan",
                          "Parent Relationship": "Outer",
                          "Parallel Aware": true,
                          "Relation Name": "movie_companies",
                          "Alias": "mc",
                          "Startup Cost": 0.0,
                          "Total Cost": 27206.55,
                          "Plan Rows": 841655,
                          "Plan Width": 4,
                          "Actual Startup Time": 0.018,
                          "Actual Total Time": 52.564,
                          "Actual Rows": 652282,
                          "Actual Loops": 4
                        },
                        {
                          "Node Type": "Hash",
                          "Parent Relationship": "Inner",
                          "Parallel Aware": true,
                          "Startup Cost": 45479.1,
                          "Total Cost": 45479.1,
                          "Plan Rows": 6560,
                          "Plan Width": 4,
                          "Actual Startup Time": 97.523,
                          "Actual Total Time": 97.524,
                          "Actual Rows": 5982,
                          "Actual Loops": 4,
                          "Hash Buckets": 32768,
                          "Original Hash Buckets": 32768,
                          "Hash Batches": 1,
                          "Original Hash Batches": 1,
                          "Peak Memory Usage": 1280,
                          "Plans": [
                            {
                              "Node Type": "Seq Scan",
                              "Parent Relationship": "Outer",
                              "Parallel Aware": true,
                              "Relation Name": "title",
                              "Alias": "t",
                              "Startup Cost": 0.0,
                              "Total Cost": 45479.1,
                              "Plan Rows": 6560,
                              "Plan Width": 4,
                              "Actual Startup Time": 0.077,
                              "Actual Total Time": 94.872,
                              "Actual Rows": 5982,
                              "Actual Loops": 4,
                              "Filter": "((kind_id < 7) AND (production_year = 2003))",
                              "Rows Removed by Filter": 626096
                            }
                          ]
                        }
                      ]
                    },
                    {
                      "Node Type": "Index Scan",
                      "Parent Relationship": "Inner",
                      "Parallel Aware": false,
                      "Scan Direction": "Forward",
                      "Index Name": "movie_id_cast_info",
                      "Relation Name": "cast_info",
                      "Alias": "ci",
                      "Startup Cost": 0.56,
                      "Total Cost": 1.89,
                      "Plan Rows": 15,
                      "Plan Width": 4,
                      "Actual Startup Time": 0.018,
                      "Actual Total Time": 0.036,
                      "Actual Rows": 17,
                      "Actual Loops": 51151,
                      "Index Cond": "(movie_id = mc.movie_id)",
                      "Rows Removed by Index Recheck": 0,
                      "Filter": "(person_id > 2146513)",
                      "Rows Removed by Filter": 20
                    }
                  ]
                }
              ]
            }
          ]
        }
      ]
    },
    "Planning Time": 1.465,
    "Triggers": [],
    "Execution Time": 795.915
  }
]