[
  {
    "Plan": {
      "Node Type": "Aggregate",
      "Strategy": "Plain",
      "Partial Mode": "Finalize",
      "Parallel Aware": false,
      "Startup Cost": 34687.91,
      "Total Cost": 34687.92,
      "Plan Rows": 1,
      "Plan Width": 8,
      "Actual Startup Time": 46.765,
      "Actual Total Time": 51.674,
      "Actual Rows": 1,
      "Actual Loops": 1,
      "Plans": [
        {
          "Node Type": "Gather",
          "Parent Relationship": "Outer",
          "Parallel Aware": false,
          "Startup Cost": 34687.7,
          "Total Cost": 34687.91,
          "Plan Rows": 2,
          "Plan Width": 8,
          "Actual Startup Time": 46.543,
          "Actual Total Time": 51.667,
          "Actual Rows": 3,
          "Actual Loops": 1,
          "Workers Planned": 2,
          "Workers Launched": 2,
          "Single Copy": false,
          "Plans": [
            {
              "Node Type": "Aggregate",
              "Strategy": "Plain",
              "Partial Mode": "Partial",
              "Parent Relationship": "Outer",
              "Parallel Aware": false,
              "Startup Cost": 33687.7,
              "Total Cost": 33687.71,
              "Plan Rows": 1,
              "Plan Width": 8,
              "Actual Startup Time": 38.328,
              "Actual Total Time": 38.33,
              "Actual Rows": 1,
              "Actual Loops": 3,
              "Plans": [
                {
                  "Node Type": "Nested Loop",
                  "Parent Relationship": "Outer",
                  "Parallel Aware": false,
                  "Join Type": "Inner",
                  "Startup Cost": 216.88,
                  "Total Cost": 33686.72,
                  "Plan Rows": 390,
                  "Plan Width": 0,
                  "Actual Startup Time": 3.933,
                  "Actual Total Time": 38.311,
                  "Actual Rows": 22,
                  "Actual Loops": 3,
                  "Inner Unique": false,
                  "Plans": [
                    {
                      "Node Type": "Nested Loop",
                      "Parent Relationship": "Outer",
                      "Parallel Aware": false,
                      "Join Type": "Inner",
                      "Startup Cost": 216.44,
                      "Total Cost": 31390.63,
                      "Plan Rows": 1236,
                      "Plan Width": 8,
                      "Actual Startup Time": 3.236,
                      "Actual Total Time": 32.423,
                      "Actual Rows": 116,
                      "Actual Loops": 3,
                      "Inner Unique": true,
                      "Plans": [
                        {
                          "Node Type": "Bitmap Heap Scan",
                          "Parent Relationship": "Outer",
                          "Parallel Aware": true,
                          "Relation Name": "movie_companies",
                          "Alias": "mc",
                          "Startup Cost": 216.01,
                          "Total Cost": 16451.94,
                          "Plan Rows": 2034,
                          "Plan Width": 4,
                          "Actual Startup Time": 3.053,
                          "Actual Total Time": 11.871,
                          "Actual Rows": 2373,
                          "Actual Loops": 3,
                          "Recheck Cond": "(company_id = 2561)",
                          "Rows Removed by Index Recheck": 0,
                          "Filter": "(company_type_id < 2)",
                          "Rows Removed by Filter": 1013,
                          "Exact Heap Blocks": 4085,
                          "Lossy Heap Blocks": 0,
                          "Plans": [
                            {
                              "Node Type": "Bitmap Index Scan",
                              "Parent Relationship": "Outer",
                              "Parallel Aware": false,
                              "Index Name": "company_id_movie_companies",
                              "Startup Cost": 0.0,
                              "Total Cost": 214.79,
                              "Plan Rows": 9915,
                              "Plan Width": 0,
                              "Actual Startup Time": 5.996,
                              "Actual Total Time": 5.996,
                              "Actual Rows": 10160,
                              "Actual Loops": 1,
                              "Index Cond": "(company_id = 2561)"
                            }
                          ]
                        },
                        {
                          "Node Type": "Index Scan",
                          "Parent Relationship": "Inner",
                          "Parallel Aware": false,
                          "Scan Direction": "Forward",
                          "Index Name": "title_pkey",
                          "Relation Name": "title",
                          "Alias": "t",
                          "Startup Cost": 0.43,
                          "Total Cost": 7.34,
                          "Plan Rows": 1,
                          "Plan Width": 4,
                          "Actual Startup Time": 0.008,
                          "Actual Total Time": 0.008,
                          "Actual Rows": 0,
                          "Actual Loops": 7120,
                          "Index Cond": "(id = mc.movie_id)",
                          "Rows Removed by Index Recheck": 0,
                          "Filter": "(kind_id = 7)",
                          "Rows Removed by Filter": 1
                        }
                      ]
                    },
                    {
                      "Node Type": "Index Scan",
                      "Parent Relationship": "Inner",
                      "Parallel Aware": false,
                      "Scan Direction": "Forward",
                      "Index Name": "movie_id_movie_info",
                      "Relation Name": "movie_info",
                      "Alias": "mi",
                      "Startup Cost": 0.43,
                      "Total Cost": 1.84,
                      "Plan Rows": 2,
                      "Plan Width": 4,
                      "Actual Startup Time": 0.04,
                      "Actual Total Time": 0.049,
                      "Actual Rows": 0,
                      "Actual Loops": 349,
                      "Index Cond": "(movie_id = t.id)",
                      "Rows Removed by Index Recheck": 0,
                      "Filter": "(info_type_id = 1)",
                      "Rows Removed by Filter": 31
                    }
                  ]
                }
              ]
            }
          ]
        }
      ]
    },
    "Planning Time": 1.514,
    "Triggers": [],
    "Execution Time": 51.774
  }
]