[
  {
    "Plan": {
      "Node Type": "Aggregate",
      "Strategy": "Plain",
      "Partial Mode": "Finalize",
      "Parallel Aware": false,
      "Startup Cost": 342183.95,
      "Total Cost": 342183.96,
      "Plan Rows": 1,
      "Plan Width": 8,
      "Actual Startup Time": 932.862,
      "Actual Total Time": 995.245,
      "Actual Rows": 1,
      "Actual Loops": 1,
      "Plans": [
        {
          "Node Type": "Gather",
          "Parent Relationship": "Outer",
          "Parallel Aware": false,
          "Startup Cost": 342183.33,
          "Total Cost": 342183.94,
          "Plan Rows": 6,
          "Plan Width": 8,
          "Actual Startup Time": 932.726,
          "Actual Total Time": 995.231,
          "Actual Rows": 7,
          "Actual Loops": 1,
          "Workers Planned": 6,
          "Workers Launched": 6,
          "Single Copy": false,
          "Plans": [
            {
              "Node Type": "Aggregate",
              "Strategy": "Plain",
              "Partial Mode": "Partial",
              "Parent Relationship": "Outer",
              "Parallel Aware": false,
              "Startup Cost": 341183.33,
              "Total Cost": 341183.34,
              "Plan Rows": 1,
              "Plan Width": 8,
              "Actual Startup Time": 922.167,
              "Actual Total Time": 922.168,
              "Actual Rows": 1,
              "Actual Loops": 7,
              "Plans": [
                {
                  "Node Type": "Seq Scan",
                  "Parent Relationship": "Outer",
                  "Parallel Aware": true,
                  "Relation Name": "cast_info",
                  "Alias": "ci",
                  "Startup Cost": 0.0,
                  "Total Cost": 328211.39,
                  "Plan Rows": 5188775,
                  "Plan Width": 0,
                  "Actual Startup Time": 0.066,
                  "Actual Total Time": 689.135,
                  "Actual Rows": 4450549,
                  "Actual Loops": 7,
                  "Filter": "(person_id < 3159384)",
                  "Rows Removed by Filter": 727215
                }
              ]
            }
          ]
        }
      ]
    },
    "Planning Time": 0.166,
    "Triggers": [],
    "Execution Time": 995.308
  }
]