[
  {
    "Plan": {
      "Node Type": "Aggregate",
      "Strategy": "Plain",
      "Partial Mode": "Finalize",
      "Parallel Aware": false,
      "Startup Cost": 62990.54,
      "Total Cost": 62990.55,
      "Plan Rows": 1,
      "Plan Width": 8,
      "Actual Startup Time": 185.658,
      "Actual Total Time": 199.251,
      "Actual Rows": 1,
      "Actual Loops": 1,
      "Plans": [
        {
          "Node Type": "Gather",
          "Parent Relationship": "Outer",
          "Parallel Aware": false,
          "Startup Cost": 62990.33,
          "Total Cost": 62990.54,
          "Plan Rows": 2,
          "Plan Width": 8,
          "Actual Startup Time": 185.384,
          "Actual Total Time": 199.243,
          "Actual Rows": 3,
          "Actual Loops": 1,
          "Workers Planned": 2,
          "Workers Launched": 2,
          "Single Copy": false,
          "Plans": [
            {
              "Node Type": "Aggregate",
              "Strategy": "Plain",
              "Partial Mode": "Partial",
              "Parent Relationship": "Outer",
              "Parallel Aware": false,
              "Startup Cost": 61990.33,
              "Total Cost": 61990.34,
              "Plan Rows": 1,
              "Plan Width": 8,
              "Actual Startup Time": 177.867,
              "Actual Total Time": 177.87,
              "Actual Rows": 1,
              "Actual Loops": 3,
              "Plans": [
                {
                  "Node Type": "Hash Join",
                  "Parent Relationship": "Outer",
                  "Parallel Aware": true,
                  "Join Type": "Inner",
                  "Startup Cost": 45821.0,
                  "Total Cost": 61948.9,
                  "Plan Rows": 16572,
                  "Plan Width": 0,
                  "Actual Startup Time": 115.005,
                  "Actual Total Time": 177.836,
                  "Actual Rows": 545,
                  "Actual Loops": 3,
                  "Inner Unique": true,
                  "Hash Cond": "(mi_idx.movie_id = t.id)",
                  "Plans": [
                    {
                      "Node Type": "Seq Scan",
                      "Parent Relationship": "Outer",
                      "Parallel Aware": true,
                      "Relation Name": "movie_info_idx",
                      "Alias": "mi_idx",
                      "Startup Cost": 0.0,
                      "Total Cost": 15122.68,
                      "Plan Rows": 382940,
                      "Plan Width": 4,
                      "Actual Startup Time": 0.027,
                      "Actual Total Time": 42.855,
                      "Actual Rows": 306617,
                      "Actual Loops": 3,
                      "Filter": "(info_type_id < 101)",
                      "Rows Removed by Filter": 153395
                    },
                    {
                      "Node Type": "Hash",
                      "Parent Relationship": "Inner",
                      "Parallel Aware": true,
                      "Startup Cost": 45479.1,
                      "Total Cost": 45479.1,
                      "Plan Rows": 27352,
                      "Plan Width": 4,
                      "Actual Startup Time": 110.643,
                      "Actual Total Time": 110.643,
                      "Actual Rows": 4632,
                      "Actual Loops": 3,
                      "Hash Buckets": 131072,
                      "Original Hash Buckets": 131072,
                      "Hash Batches": 1,
                      "Original Hash Batches": 1,
                      "Peak Memory Usage": 1632,
                      "Plans": [
                        {
                          "Node Type": "Seq Scan",
                          "Parent Relationship": "Outer",
                          "Parallel Aware": true,
                          "Relation Name": "title",
                          "Alias": "t",
                          "Startup Cost": 0.0,
                          "Total Cost": 45479.1,
                          "Plan Rows": 27352,
                          "Plan Width": 4,
                          "Actual Startup Time": 0.074,
                          "Actual Total Time": 108.128,
                          "Actual Rows": 4632,
                          "Actual Loops": 3,
                          "Filter": "((production_year < 1954) AND (kind_id = 7))",
                          "Rows Removed by Filter": 838139
                        }
                      ]
                    }
                  ]
                }
              ]
            }
          ]
        }
      ]
    },
    "Planning Time": 0.493,
    "Triggers": [],
    "Execution Time": 199.31
  }
]