[
    {
        "Bao": {
            "Bao prediction": 451.986,
            "Bao recommended hint": "(no hint)"
        }
    },
    {
        "Plan": {
            "Node Type": "Aggregate",
            "Strategy": "Plain",
            "Partial Mode": "Finalize",
            "Parallel Aware": false,
            "Startup Cost": 345358.96,
            "Total Cost": 345358.97,
            "Plan Rows": 1,
            "Plan Width": 8,
            "Actual Startup Time": 834.927,
            "Actual Total Time": 866.32,
            "Actual Rows": 1,
            "Actual Loops": 1,
            "Output": [
                "count(*)"
            ],
            "Plans": [
                {
                    "Node Type": "Gather",
                    "Parent Relationship": "Outer",
                    "Parallel Aware": false,
                    "Startup Cost": 345358.33,
                    "Total Cost": 345358.94,
                    "Plan Rows": 6,
                    "Plan Width": 8,
                    "Actual Startup Time": 834.844,
                    "Actual Total Time": 866.31,
                    "Actual Rows": 7,
                    "Actual Loops": 1,
                    "Output": [
                        "(PARTIAL count(*))"
                    ],
                    "Workers Planned": 6,
                    "Workers Launched": 6,
                    "Single Copy": false,
                    "Plans": [
                        {
                            "Node Type": "Aggregate",
                            "Strategy": "Plain",
                            "Partial Mode": "Partial",
                            "Parent Relationship": "Outer",
                            "Parallel Aware": false,
                            "Startup Cost": 344358.33,
                            "Total Cost": 344358.34,
                            "Plan Rows": 1,
                            "Plan Width": 8,
                            "Actual Startup Time": 825.379,
                            "Actual Total Time": 825.38,
                            "Actual Rows": 1,
                            "Actual Loops": 7,
                            "Output": [
                                "PARTIAL count(*)"
                            ],
                            "Workers": [
                                {
                                    "Worker Number": 0,
                                    "Actual Startup Time": 823.578,
                                    "Actual Total Time": 823.579,
                                    "Actual Rows": 1,
                                    "Actual Loops": 1
                                },
                                {
                                    "Worker Number": 1,
                                    "Actual Startup Time": 823.762,
                                    "Actual Total Time": 823.763,
                                    "Actual Rows": 1,
                                    "Actual Loops": 1
                                },
                                {
                                    "Worker Number": 2,
                                    "Actual Startup Time": 823.972,
                                    "Actual Total Time": 823.973,
                                    "Actual Rows": 1,
                                    "Actual Loops": 1
                                },
                                {
                                    "Worker Number": 3,
                                    "Actual Startup Time": 824.0,
                                    "Actual Total Time": 824.001,
                                    "Actual Rows": 1,
                                    "Actual Loops": 1
                                },
                                {
                                    "Worker Number": 4,
                                    "Actual Startup Time": 824.071,
                                    "Actual Total Time": 824.073,
                                    "Actual Rows": 1,
                                    "Actual Loops": 1
                                },
                                {
                                    "Worker Number": 5,
                                    "Actual Startup Time": 824.233,
                                    "Actual Total Time": 824.235,
                                    "Actual Rows": 1,
                                    "Actual Loops": 1
                                }
                            ],
                            "Plans": [
                                {
                                    "Node Type": "Seq Scan",
                                    "Parent Relationship": "Outer",
                                    "Parallel Aware": true,
                                    "Relation Name": "cast_info",
                                    "Schema": "public",
                                    "Alias": "ci",
                                    "Startup Cost": 0.0,
                                    "Total Cost": 343318.94,
                                    "Plan Rows": 415756,
                                    "Plan Width": 0,
                                    "Actual Startup Time": 506.572,
                                    "Actual Total Time": 772.024,
                                    "Actual Rows": 802341,
                                    "Actual Loops": 7,
                                    "Output": [
                                        "id",
                                        "person_id",
                                        "movie_id",
                                        "person_role_id",
                                        "note",
                                        "nr_order",
                                        "role_id"
                                    ],
                                    "Filter": "((ci.person_id > 3090175) AND (ci.role_id > 2))",
                                    "Rows Removed by Filter": 4375423,
                                    "Workers": [
                                        {
                                            "Worker Number": 0,
                                            "Actual Startup Time": 504.786,
                                            "Actual Total Time": 770.622,
                                            "Actual Rows": 786901,
                                            "Actual Loops": 1
                                        },
                                        {
                                            "Worker Number": 1,
                                            "Actual Startup Time": 504.931,
                                            "Actual Total Time": 771.238,
                                            "Actual Rows": 780963,
                                            "Actual Loops": 1
                                        },
                                        {
                                            "Worker Number": 2,
                                            "Actual Startup Time": 505.181,
                                            "Actual Total Time": 771.19,
                                            "Actual Rows": 784735,
                                            "Actual Loops": 1
                                        },
                                        {
                                            "Worker Number": 3,
                                            "Actual Startup Time": 505.178,
                                            "Actual Total Time": 771.088,
                                            "Actual Rows": 786883,
                                            "Actual Loops": 1
                                        },
                                        {
                                            "Worker Number": 4,
                                            "Actual Startup Time": 505.285,
                                            "Actual Total Time": 771.865,
                                            "Actual Rows": 761719,
                                            "Actual Loops": 1
                                        },
                                        {
                                            "Worker Number": 5,
                                            "Actual Startup Time": 505.424,
                                            "Actual Total Time": 773.455,
                                            "Actual Rows": 747901,
                                            "Actual Loops": 1
                                        }
                                    ]
                                }
                            ]
                        }
                    ]
                }
            ]
        },
        "Planning Time": 1849.411,
        "Triggers": [],
        "Execution Time": 866.42
    }
]