[
  {
    "Plan": {
      "Node Type": "Aggregate",
      "Strategy": "Plain",
      "Partial Mode": "Finalize",
      "Parallel Aware": false,
      "Startup Cost": 125180.66,
      "Total Cost": 125180.67,
      "Plan Rows": 1,
      "Plan Width": 8,
      "Actual Startup Time": 565.005,
      "Actual Total Time": 587.826,
      "Actual Rows": 1,
      "Actual Loops": 1,
      "Plans": [
        {
          "Node Type": "Gather",
          "Parent Relationship": "Outer",
          "Parallel Aware": false,
          "Startup Cost": 125180.34,
          "Total Cost": 125180.65,
          "Plan Rows": 3,
          "Plan Width": 8,
          "Actual Startup Time": 557.161,
          "Actual Total Time": 587.815,
          "Actual Rows": 4,
          "Actual Loops": 1,
          "Workers Planned": 3,
          "Workers Launched": 3,
          "Single Copy": false,
          "Plans": [
            {
              "Node Type": "Aggregate",
              "Strategy": "Plain",
              "Partial Mode": "Partial",
              "Parent Relationship": "Outer",
              "Parallel Aware": false,
              "Startup Cost": 124180.34,
              "Total Cost": 124180.35,
              "Plan Rows": 1,
              "Plan Width": 8,
              "Actual Startup Time": 552.336,
              "Actual Total Time": 552.343,
              "Actual Rows": 1,
              "Actual Loops": 4,
              "Plans": [
                {
                  "Node Type": "Hash Join",
                  "Parent Relationship": "Outer",
                  "Parallel Aware": true,
                  "Join Type": "Inner",
                  "Startup Cost": 78564.17,
                  "Total Cost": 124026.08,
                  "Plan Rows": 61706,
                  "Plan Width": 0,
                  "Actual Startup Time": 353.48,
                  "Actual Total Time": 542.953,
                  "Actual Rows": 189563,
                  "Actual Loops": 4,
                  "Inner Unique": false,
                  "Hash Cond": "(mk.movie_id = t.id)",
                  "Plans": [
                    {
                      "Node Type": "Seq Scan",
                      "Parent Relationship": "Outer",
                      "Parallel Aware": true,
                      "Relation Name": "movie_keyword",
                      "Alias": "mk",
                      "Startup Cost": 0.0,
                      "Total Cost": 42695.65,
                      "Plan Rows": 696529,
                      "Plan Width": 4,
                      "Actual Startup Time": 0.372,
                      "Actual Total Time": 117.831,
                      "Actual Rows": 536294,
                      "Actual Loops": 4,
                      "Filter": "(keyword_id > 5447)",
                      "Rows Removed by Filter": 594688
                    },
                    {
                      "Node Type": "Hash",
                      "Parent Relationship": "Inner",
                      "Parallel Aware": true,
                      "Startup Cost": 77864.19,
                      "Total Cost": 77864.19,
                      "Plan Rows": 55999,
                      "Plan Width": 8,
                      "Actual Startup Time": 351.108,
                      "Actual Total Time": 351.113,
                      "Actual Rows": 44453,
                      "Actual Loops": 4,
                      "Hash Buckets": 262144,
                      "Original Hash Buckets": 262144,
                      "Hash Batches": 1,
                      "Original Hash Batches": 1,
                      "Peak Memory Usage": 9056,
                      "Plans": [
                        {
                          "Node Type": "Hash Join",
                          "Parent Relationship": "Outer",
                          "Parallel Aware": true,
                          "Join Type": "Inner",
                          "Startup Cost": 47373.13,
                          "Total Cost": 77864.19,
                          "Plan Rows": 55999,
                          "Plan Width": 8,
                          "Actual Startup Time": 228.376,
                          "Actual Total Time": 336.139,
                          "Actual Rows": 44453,
                          "Actual Loops": 4,
                          "Inner Unique": true,
                          "Hash Cond": "(ci.movie_id = t.id)",
                          "Plans": [
                            {
                              "Node Type": "Index Scan",
                              "Parent Relationship": "Outer",
                              "Parallel Aware": true,
                              "Scan Direction": "Forward",
                              "Index Name": "role_id_cast_info",
                              "Relation Name": "cast_info",
                              "Alias": "ci",
                              "Startup Cost": 0.56,
                              "Total Cost": 29878.05,
                              "Plan Rows": 233742,
                              "Plan Width": 4,
                              "Actual Startup Time": 0.189,
                              "Actual Total Time": 60.985,
                              "Actual Rows": 133345,
                              "Actual Loops": 4,
                              "Index Cond": "(role_id = 9)",
                              "Rows Removed by Index Recheck": 0,
                              "Filter": "(person_id < 3232554)",
                              "Rows Removed by Filter": 140044
                            },
                            {
                              "Node Type": "Hash",
                              "Parent Relationship": "Inner",
                              "Parallel Aware": true,
                              "Startup Cost": 45479.59,
                              "Total Cost": 45479.59,
                              "Plan Rows": 151438,
                              "Plan Width": 4,
                              "Actual Startup Time": 222.442,
                              "Actual Total Time": 222.444,
                              "Actual Rows": 162554,
                              "Actual Loops": 4,
                              "Hash Buckets": 1048576,
                              "Original Hash Buckets": 1048576,
                              "Hash Batches": 1,
                              "Original Hash Batches": 1,
                              "Peak Memory Usage": 33696,
                              "Plans": [
                                {
                                  "Node Type": "Seq Scan",
                                  "Parent Relationship": "Outer",
                                  "Parallel Aware": true,
                                  "Relation Name": "title",
                                  "Alias": "t",
                                  "Startup Cost": 0.0,
                                  "Total Cost": 45479.59,
                                  "Plan Rows": 151438,
                                  "Plan Width": 4,
                                  "Actual Startup Time": 0.038,
                                  "Actual Total Time": 113.767,
                                  "Actual Rows": 162554,
                                  "Actual Loops": 4,
                                  "Filter": "((kind_id < 4) AND (production_year < 2009))",
                                  "Rows Removed by Filter": 469524
                                }
                              ]
                            }
                          ]
                        }
                      ]
                    }
                  ]
                }
              ]
            }
          ]
        }
      ]
    },
    "Planning Time": 1.115,
    "Triggers": [],
    "Execution Time": 587.906
  }
]