[
  {
    "Plan": {
      "Node Type": "Aggregate",
      "Strategy": "Plain",
      "Partial Mode": "Simple",
      "Parallel Aware": false,
      "Startup Cost": 4911.14,
      "Total Cost": 4911.15,
      "Plan Rows": 1,
      "Plan Width": 8,
      "Actual Startup Time": 16.68,
      "Actual Total Time": 16.683,
      "Actual Rows": 1,
      "Actual Loops": 1,
      "Plans": [
        {
          "Node Type": "Nested Loop",
          "Parent Relationship": "Outer",
          "Parallel Aware": false,
          "Join Type": "Inner",
          "Startup Cost": 1.43,
          "Total Cost": 4905.54,
          "Plan Rows": 2243,
          "Plan Width": 0,
          "Actual Startup Time": 15.547,
          "Actual Total Time": 16.645,
          "Actual Rows": 128,
          "Actual Loops": 1,
          "Inner Unique": false,
          "Plans": [
            {
              "Node Type": "Nested Loop",
              "Parent Relationship": "Outer",
              "Parallel Aware": false,
              "Join Type": "Inner",
              "Startup Cost": 0.99,
              "Total Cost": 4178.01,
              "Plan Rows": 382,
              "Plan Width": 8,
              "Actual Startup Time": 15.516,
              "Actual Total Time": 16.027,
              "Actual Rows": 52,
              "Actual Loops": 1,
              "Inner Unique": true,
              "Plans": [
                {
                  "Node Type": "Index Scan",
                  "Parent Relationship": "Outer",
                  "Parallel Aware": false,
                  "Scan Direction": "Forward",
                  "Index Name": "person_id_cast_info",
                  "Relation Name": "cast_info",
                  "Alias": "ci",
                  "Startup Cost": 0.56,
                  "Total Cost": 987.07,
                  "Plan Rows": 382,
                  "Plan Width": 4,
                  "Actual Startup Time": 15.48,
                  "Actual Total Time": 15.524,
                  "Actual Rows": 52,
                  "Actual Loops": 1,
                  "Index Cond": "(person_id = 651335)",
                  "Rows Removed by Index Recheck": 0,
                  "Filter": "(role_id < 7)",
                  "Rows Removed by Filter": 0
                },
                {
                  "Node Type": "Index Only Scan",
                  "Parent Relationship": "Inner",
                  "Parallel Aware": false,
                  "Scan Direction": "Forward",
                  "Index Name": "title_pkey",
                  "Relation Name": "title",
                  "Alias": "t",
                  "Startup Cost": 0.43,
                  "Total Cost": 8.35,
                  "Plan Rows": 1,
                  "Plan Width": 4,
                  "Actual Startup Time": 0.008,
                  "Actual Total Time": 0.008,
                  "Actual Rows": 1,
                  "Actual Loops": 52,
                  "Index Cond": "(id = ci.movie_id)",
                  "Rows Removed by Index Recheck": 0,
                  "Heap Fetches": 52
                }
              ]
            },
            {
              "Node Type": "Index Only Scan",
              "Parent Relationship": "Inner",
              "Parallel Aware": false,
              "Scan Direction": "Forward",
              "Index Name": "movie_id_movie_info",
              "Relation Name": "movie_info",
              "Alias": "mi",
              "Startup Cost": 0.43,
              "Total Cost": 1.49,
              "Plan Rows": 41,
              "Plan Width": 4,
              "Actual Startup Time": 0.007,
              "Actual Total Time": 0.01,
              "Actual Rows": 2,
              "Actual Loops": 52,
              "Index Cond": "(movie_id = t.id)",
              "Rows Removed by Index Recheck": 0,
              "Heap Fetches": 128
            }
          ]
        }
      ]
    },
    "Planning Time": 0.916,
    "Triggers": [],
    "Execution Time": 16.737
  }
]