[
  {
    "Plan": {
      "Node Type": "Aggregate",
      "Strategy": "Plain",
      "Partial Mode": "Finalize",
      "Parallel Aware": false,
      "Startup Cost": 116524.5,
      "Total Cost": 116524.51,
      "Plan Rows": 1,
      "Plan Width": 8,
      "Actual Startup Time": 649.393,
      "Actual Total Time": 671.256,
      "Actual Rows": 1,
      "Actual Loops": 1,
      "Plans": [
        {
          "Node Type": "Gather",
          "Parent Relationship": "Outer",
          "Parallel Aware": false,
          "Startup Cost": 116524.18,
          "Total Cost": 116524.49,
          "Plan Rows": 3,
          "Plan Width": 8,
          "Actual Startup Time": 632.24,
          "Actual Total Time": 671.246,
          "Actual Rows": 4,
          "Actual Loops": 1,
          "Workers Planned": 3,
          "Workers Launched": 3,
          "Single Copy": false,
          "Plans": [
            {
              "Node Type": "Aggregate",
              "Strategy": "Plain",
              "Partial Mode": "Partial",
              "Parent Relationship": "Outer",
              "Parallel Aware": false,
              "Startup Cost": 115524.18,
              "Total Cost": 115524.19,
              "Plan Rows": 1,
              "Plan Width": 8,
              "Actual Startup Time": 629.089,
              "Actual Total Time": 629.095,
              "Actual Rows": 1,
              "Actual Loops": 4,
              "Plans": [
                {
                  "Node Type": "Hash Join",
                  "Parent Relationship": "Outer",
                  "Parallel Aware": true,
                  "Join Type": "Inner",
                  "Startup Cost": 84537.36,
                  "Total Cost": 115251.7,
                  "Plan Rows": 108993,
                  "Plan Width": 0,
                  "Actual Startup Time": 437.715,
                  "Actual Total Time": 606.399,
                  "Actual Rows": 538100,
                  "Actual Loops": 4,
                  "Inner Unique": false,
                  "Hash Cond": "(mc.movie_id = t.id)",
                  "Plans": [
                    {
                      "Node Type": "Seq Scan",
                      "Parent Relationship": "Outer",
                      "Parallel Aware": true,
                      "Relation Name": "movie_companies",
                      "Alias": "mc",
                      "Startup Cost": 0.0,
                      "Total Cost": 27206.55,
                      "Plan Rows": 841655,
                      "Plan Width": 4,
                      "Actual Startup Time": 0.021,
                      "Actual Total Time": 52.477,
                      "Actual Rows": 652282,
                      "Actual Loops": 4
                    },
                    {
                      "Node Type": "Hash",
                      "Parent Relationship": "Inner",
                      "Parallel Aware": true,
                      "Startup Cost": 83217.15,
                      "Total Cost": 83217.15,
                      "Plan Rows": 105617,
                      "Plan Width": 8,
                      "Actual Startup Time": 436.0,
                      "Actual Total Time": 436.004,
                      "Actual Rows": 82827,
                      "Actual Loops": 4,
                      "Hash Buckets": 524288,
                      "Original Hash Buckets": 524288,
                      "Hash Batches": 1,
                      "Original Hash Batches": 1,
                      "Peak Memory Usage": 17152,
                      "Plans": [
                        {
                          "Node Type": "Hash Join",
                          "Parent Relationship": "Outer",
                          "Parallel Aware": true,
                          "Join Type": "Inner",
                          "Startup Cost": 57165.69,
                          "Total Cost": 83217.15,
                          "Plan Rows": 105617,
                          "Plan Width": 8,
                          "Actual Startup Time": 332.489,
                          "Actual Total Time": 410.572,
                          "Actual Rows": 82827,
                          "Actual Loops": 4,
                          "Inner Unique": true,
                          "Hash Cond": "(mk.movie_id = t.id)",
                          "Plans": [
                            {
                              "Node Type": "Bitmap Heap Scan",
                              "Parent Relationship": "Outer",
                              "Parallel Aware": true,
                              "Relation Name": "movie_keyword",
                              "Alias": "mk",
                              "Startup Cost": 6945.88,
                              "Total Cost": 32720.1,
                              "Plan Rows": 105617,
                              "Plan Width": 4,
                              "Actual Startup Time": 27.064,
                              "Actual Total Time": 69.112,
                              "Actual Rows": 82827,
                              "Actual Loops": 4,
                              "Recheck Cond": "(keyword_id < 267)",
                              "Rows Removed by Index Recheck": 0,
                              "Exact Heap Blocks": 6951,
                              "Lossy Heap Blocks": 0,
                              "Plans": [
                                {
                                  "Node Type": "Bitmap Index Scan",
                                  "Parent Relationship": "Outer",
                                  "Parallel Aware": false,
                                  "Index Name": "keyword_id_movie_keyword",
                                  "Startup Cost": 0.0,
                                  "Total Cost": 6864.03,
                                  "Plan Rows": 327413,
                                  "Plan Width": 0,
                                  "Actual Startup Time": 23.547,
                                  "Actual Total Time": 23.547,
                                  "Actual Rows": 331308,
                                  "Actual Loops": 1,
                                  "Index Cond": "(keyword_id < 267)"
                                }
                              ]
                            },
                            {
                              "Node Type": "Hash",
                              "Parent Relationship": "Inner",
                              "Parallel Aware": true,
                              "Startup Cost": 42318.81,
                              "Total Cost": 42318.81,
                              "Plan Rows": 632080,
                              "Plan Width": 4,
                              "Actual Startup Time": 298.452,
                              "Actual Total Time": 298.452,
                              "Actual Rows": 632078,
                              "Actual Loops": 4,
                              "Hash Buckets": 4194304,
                              "Original Hash Buckets": 4194304,
                              "Hash Batches": 1,
                              "Original Hash Batches": 1,
                              "Peak Memory Usage": 131744,
                              "Plans": [
                                {
                                  "Node Type": "Seq Scan",
                                  "Parent Relationship": "Outer",
                                  "Parallel Aware": true,
                                  "Relation Name": "title",
                                  "Alias": "t",
                                  "Startup Cost": 0.0,
                                  "Total Cost": 42318.81,
                                  "Plan Rows": 632080,
                                  "Plan Width": 4,
                                  "Actual Startup Time": 0.024,
                                  "Actual Total Time": 87.154,
                                  "Actual Rows": 632078,
                                  "Actual Loops": 4
                                }
                              ]
                            }
                          ]
                        }
                      ]
                    }
                  ]
                }
              ]
            }
          ]
        }
      ]
    },
    "Planning Time": 0.604,
    "Triggers": [],
    "Execution Time": 671.311
  }
]