[
  {
    "Plan": {
      "Node Type": "Aggregate",
      "Strategy": "Plain",
      "Partial Mode": "Finalize",
      "Parallel Aware": false,
      "Startup Cost": 83537.72,
      "Total Cost": 83537.73,
      "Plan Rows": 1,
      "Plan Width": 8,
      "Actual Startup Time": 451.956,
      "Actual Total Time": 467.771,
      "Actual Rows": 1,
      "Actual Loops": 1,
      "Plans": [
        {
          "Node Type": "Gather",
          "Parent Relationship": "Outer",
          "Parallel Aware": false,
          "Startup Cost": 83537.41,
          "Total Cost": 83537.72,
          "Plan Rows": 3,
          "Plan Width": 8,
          "Actual Startup Time": 444.506,
          "Actual Total Time": 467.762,
          "Actual Rows": 4,
          "Actual Loops": 1,
          "Workers Planned": 3,
          "Workers Launched": 3,
          "Single Copy": false,
          "Plans": [
            {
              "Node Type": "Aggregate",
              "Strategy": "Plain",
              "Partial Mode": "Partial",
              "Parent Relationship": "Outer",
              "Parallel Aware": false,
              "Startup Cost": 82537.41,
              "Total Cost": 82537.42,
              "Plan Rows": 1,
              "Plan Width": 8,
              "Actual Startup Time": 425.434,
              "Actual Total Time": 425.438,
              "Actual Rows": 1,
              "Actual Loops": 4,
              "Plans": [
                {
                  "Node Type": "Hash Join",
                  "Parent Relationship": "Outer",
                  "Parallel Aware": true,
                  "Join Type": "Inner",
                  "Startup Cost": 56421.48,
                  "Total Cost": 82301.67,
                  "Plan Rows": 94294,
                  "Plan Width": 0,
                  "Actual Startup Time": 355.019,
                  "Actual Total Time": 421.868,
                  "Actual Rows": 72179,
                  "Actual Loops": 4,
                  "Inner Unique": true,
                  "Hash Cond": "(mk.movie_id = t.id)",
                  "Plans": [
                    {
                      "Node Type": "Bitmap Heap Scan",
                      "Parent Relationship": "Outer",
                      "Parallel Aware": true,
                      "Relation Name": "movie_keyword",
                      "Alias": "mk",
                      "Startup Cost": 6201.84,
                      "Total Cost": 31834.5,
                      "Plan Rows": 94294,
                      "Plan Width": 4,
                      "Actual Startup Time": 18.073,
                      "Actual Total Time": 59.452,
                      "Actual Rows": 72179,
                      "Actual Loops": 4,
                      "Recheck Cond": "(keyword_id > 55524)",
                      "Rows Removed by Index Recheck": 0,
                      "Exact Heap Blocks": 7369,
                      "Lossy Heap Blocks": 0,
                      "Plans": [
                        {
                          "Node Type": "Bitmap Index Scan",
                          "Parent Relationship": "Outer",
                          "Parallel Aware": false,
                          "Index Name": "keyword_id_movie_keyword",
                          "Startup Cost": 0.0,
                          "Total Cost": 6128.76,
                          "Plan Rows": 292310,
                          "Plan Width": 0,
                          "Actual Startup Time": 14.833,
                          "Actual Total Time": 14.833,
                          "Actual Rows": 288716,
                          "Actual Loops": 1,
                          "Index Cond": "(keyword_id > 55524)"
                        }
                      ]
                    },
                    {
                      "Node Type": "Hash",
                      "Parent Relationship": "Inner",
                      "Parallel Aware": true,
                      "Startup Cost": 42318.73,
                      "Total Cost": 42318.73,
                      "Plan Rows": 632073,
                      "Plan Width": 4,
                      "Actual Startup Time": 325.691,
                      "Actual Total Time": 325.692,
                      "Actual Rows": 632078,
                      "Actual Loops": 4,
                      "Hash Buckets": 4194304,
                      "Original Hash Buckets": 4194304,
                      "Hash Batches": 1,
                      "Original Hash Batches": 1,
                      "Peak Memory Usage": 131744,
                      "Plans": [
                        {
                          "Node Type": "Seq Scan",
                          "Parent Relationship": "Outer",
                          "Parallel Aware": true,
                          "Relation Name": "title",
                          "Alias": "t",
                          "Startup Cost": 0.0,
                          "Total Cost": 42318.73,
                          "Plan Rows": 632073,
                          "Plan Width": 4,
                          "Actual Startup Time": 0.034,
                          "Actual Total Time": 94.848,
                          "Actual Rows": 632078,
                          "Actual Loops": 4
                        }
                      ]
                    }
                  ]
                }
              ]
            }
          ]
        }
      ]
    },
    "Planning Time": 0.656,
    "Triggers": [],
    "Execution Time": 467.861
  }
]