[
  {
    "Plan": {
      "Node Type": "Aggregate",
      "Strategy": "Plain",
      "Partial Mode": "Finalize",
      "Parallel Aware": false,
      "Startup Cost": 392841.67,
      "Total Cost": 392841.68,
      "Plan Rows": 1,
      "Plan Width": 8,
      "Actual Startup Time": 885.621,
      "Actual Total Time": 940.043,
      "Actual Rows": 1,
      "Actual Loops": 1,
      "Plans": [
        {
          "Node Type": "Gather",
          "Parent Relationship": "Outer",
          "Parallel Aware": false,
          "Startup Cost": 392841.05,
          "Total Cost": 392841.66,
          "Plan Rows": 6,
          "Plan Width": 8,
          "Actual Startup Time": 884.857,
          "Actual Total Time": 940.031,
          "Actual Rows": 7,
          "Actual Loops": 1,
          "Workers Planned": 6,
          "Workers Launched": 6,
          "Single Copy": false,
          "Plans": [
            {
              "Node Type": "Aggregate",
              "Strategy": "Plain",
              "Partial Mode": "Partial",
              "Parent Relationship": "Outer",
              "Parallel Aware": false,
              "Startup Cost": 391841.05,
              "Total Cost": 391841.06,
              "Plan Rows": 1,
              "Plan Width": 8,
              "Actual Startup Time": 876.503,
              "Actual Total Time": 876.507,
              "Actual Rows": 1,
              "Actual Loops": 7,
              "Plans": [
                {
                  "Node Type": "Hash Join",
                  "Parent Relationship": "Outer",
                  "Parallel Aware": true,
                  "Join Type": "Inner",
                  "Startup Cost": 45759.21,
                  "Total Cost": 391750.87,
                  "Plan Rows": 36069,
                  "Plan Width": 0,
                  "Actual Startup Time": 422.86,
                  "Actual Total Time": 873.254,
                  "Actual Rows": 55587,
                  "Actual Loops": 7,
                  "Inner Unique": true,
                  "Hash Cond": "(ci.movie_id = t.id)",
                  "Plans": [
                    {
                      "Node Type": "Seq Scan",
                      "Parent Relationship": "Outer",
                      "Parallel Aware": true,
                      "Relation Name": "cast_info",
                      "Alias": "ci",
                      "Startup Cost": 0.0,
                      "Total Cost": 343316.27,
                      "Plan Rows": 1019197,
                      "Plan Width": 4,
                      "Actual Startup Time": 341.644,
                      "Actual Total Time": 627.895,
                      "Actual Rows": 1329500,
                      "Actual Loops": 7,
                      "Filter": "((person_id > 2770962) AND (role_id > 1))",
                      "Rows Removed by Filter": 3848264
                    },
                    {
                      "Node Type": "Hash",
                      "Parent Relationship": "Inner",
                      "Parallel Aware": true,
                      "Startup Cost": 45479.59,
                      "Total Cost": 45479.59,
                      "Plan Rows": 22370,
                      "Plan Width": 4,
                      "Actual Startup Time": 80.128,
                      "Actual Total Time": 80.129,
                      "Actual Rows": 11570,
                      "Actual Loops": 7,
                      "Hash Buckets": 131072,
                      "Original Hash Buckets": 131072,
                      "Hash Batches": 1,
                      "Original Hash Batches": 1,
                      "Peak Memory Usage": 4320,
                      "Plans": [
                        {
                          "Node Type": "Seq Scan",
                          "Parent Relationship": "Outer",
                          "Parallel Aware": true,
                          "Relation Name": "title",
                          "Alias": "t",
                          "Startup Cost": 0.0,
                          "Total Cost": 45479.59,
                          "Plan Rows": 22370,
                          "Plan Width": 4,
                          "Actual Startup Time": 0.187,
                          "Actual Total Time": 74.54,
                          "Actual Rows": 11570,
                          "Actual Loops": 7,
                          "Filter": "((kind_id < 7) AND (production_year > 2011))",
                          "Rows Removed by Filter": 349617
                        }
                      ]
                    }
                  ]
                }
              ]
            }
          ]
        }
      ]
    },
    "Planning Time": 0.54,
    "Triggers": [],
    "Execution Time": 940.126
  }
]