[
    {
        "Bao": {
            "Bao prediction": "NaN",
            "Bao recommended hint": "(no hint)"
        }
    },
    {
        "Plan": {
            "Node Type": "Aggregate",
            "Strategy": "Plain",
            "Partial Mode": "Finalize",
            "Parallel Aware": false,
            "Startup Cost": 39602.28,
            "Total Cost": 39602.29,
            "Plan Rows": 1,
            "Plan Width": 8,
            "Actual Startup Time": 112.196,
            "Actual Total Time": 118.802,
            "Actual Rows": 1,
            "Actual Loops": 1,
            "Output": [
                "count(*)"
            ],
            "Plans": [
                {
                    "Node Type": "Gather",
                    "Parent Relationship": "Outer",
                    "Parallel Aware": false,
                    "Startup Cost": 39601.96,
                    "Total Cost": 39602.27,
                    "Plan Rows": 3,
                    "Plan Width": 8,
                    "Actual Startup Time": 111.922,
                    "Actual Total Time": 118.794,
                    "Actual Rows": 4,
                    "Actual Loops": 1,
                    "Output": [
                        "(PARTIAL count(*))"
                    ],
                    "Workers Planned": 3,
                    "Workers Launched": 3,
                    "Single Copy": false,
                    "Plans": [
                        {
                            "Node Type": "Aggregate",
                            "Strategy": "Plain",
                            "Partial Mode": "Partial",
                            "Parent Relationship": "Outer",
                            "Parallel Aware": false,
                            "Startup Cost": 38601.96,
                            "Total Cost": 38601.97,
                            "Plan Rows": 1,
                            "Plan Width": 8,
                            "Actual Startup Time": 103.246,
                            "Actual Total Time": 103.247,
                            "Actual Rows": 1,
                            "Actual Loops": 4,
                            "Output": [
                                "PARTIAL count(*)"
                            ],
                            "Workers": [
                                {
                                    "Worker Number": 0,
                                    "Actual Startup Time": 100.121,
                                    "Actual Total Time": 100.123,
                                    "Actual Rows": 1,
                                    "Actual Loops": 1
                                },
                                {
                                    "Worker Number": 1,
                                    "Actual Startup Time": 100.51,
                                    "Actual Total Time": 100.512,
                                    "Actual Rows": 1,
                                    "Actual Loops": 1
                                },
                                {
                                    "Worker Number": 2,
                                    "Actual Startup Time": 100.8,
                                    "Actual Total Time": 100.801,
                                    "Actual Rows": 1,
                                    "Actual Loops": 1
                                }
                            ],
                            "Plans": [
                                {
                                    "Node Type": "Bitmap Heap Scan",
                                    "Parent Relationship": "Outer",
                                    "Parallel Aware": true,
                                    "Relation Name": "movie_keyword",
                                    "Schema": "public",
                                    "Alias": "mk",
                                    "Startup Cost": 11520.6,
                                    "Total Cost": 38164.07,
                                    "Plan Rows": 175158,
                                    "Plan Width": 0,
                                    "Actual Startup Time": 24.819,
                                    "Actual Total Time": 95.561,
                                    "Actual Rows": 135790,
                                    "Actual Loops": 4,
                                    "Recheck Cond": "(mk.keyword_id < 386)",
                                    "Rows Removed by Index Recheck": 0,
                                    "Exact Heap Blocks": 10714,
                                    "Lossy Heap Blocks": 0,
                                    "Workers": [
                                        {
                                            "Worker Number": 0,
                                            "Actual Startup Time": 21.937,
                                            "Actual Total Time": 93.275,
                                            "Actual Rows": 100771,
                                            "Actual Loops": 1
                                        },
                                        {
                                            "Worker Number": 1,
                                            "Actual Startup Time": 22.053,
                                            "Actual Total Time": 93.648,
                                            "Actual Rows": 102225,
                                            "Actual Loops": 1
                                        },
                                        {
                                            "Worker Number": 2,
                                            "Actual Startup Time": 22.473,
                                            "Actual Total Time": 94.228,
                                            "Actual Rows": 101267,
                                            "Actual Loops": 1
                                        }
                                    ],
                                    "Plans": [
                                        {
                                            "Node Type": "Bitmap Index Scan",
                                            "Parent Relationship": "Outer",
                                            "Parallel Aware": false,
                                            "Index Name": "keyword_id_movie_keyword",
                                            "Startup Cost": 0.0,
                                            "Total Cost": 11384.85,
                                            "Plan Rows": 542989,
                                            "Plan Width": 0,
                                            "Actual Startup Time": 29.342,
                                            "Actual Total Time": 29.343,
                                            "Actual Rows": 543158,
                                            "Actual Loops": 1,
                                            "Index Cond": "(mk.keyword_id < 386)"
                                        }
                                    ]
                                }
                            ]
                        }
                    ]
                }
            ]
        },
        "Planning Time": 182.639,
        "Triggers": [],
        "Execution Time": 118.901
    }
]