[
  {
    "Plan": {
      "Node Type": "Aggregate",
      "Strategy": "Plain",
      "Partial Mode": "Simple",
      "Parallel Aware": false,
      "Startup Cost": 788.22,
      "Total Cost": 788.23,
      "Plan Rows": 1,
      "Plan Width": 8,
      "Actual Startup Time": 3.135,
      "Actual Total Time": 3.137,
      "Actual Rows": 1,
      "Actual Loops": 1,
      "Plans": [
        {
          "Node Type": "Nested Loop",
          "Parent Relationship": "Outer",
          "Parallel Aware": false,
          "Join Type": "Inner",
          "Startup Cost": 1.29,
          "Total Cost": 788.02,
          "Plan Rows": 81,
          "Plan Width": 0,
          "Actual Startup Time": 0.232,
          "Actual Total Time": 3.094,
          "Actual Rows": 474,
          "Actual Loops": 1,
          "Inner Unique": false,
          "Plans": [
            {
              "Node Type": "Nested Loop",
              "Parent Relationship": "Outer",
              "Parallel Aware": false,
              "Join Type": "Inner",
              "Startup Cost": 0.86,
              "Total Cost": 695.78,
              "Plan Rows": 50,
              "Plan Width": 8,
              "Actual Startup Time": 0.093,
              "Actual Total Time": 1.99,
              "Actual Rows": 481,
              "Actual Loops": 1,
              "Inner Unique": true,
              "Plans": [
                {
                  "Node Type": "Index Scan",
                  "Parent Relationship": "Outer",
                  "Parallel Aware": false,
                  "Scan Direction": "Forward",
                  "Index Name": "company_id_movie_companies",
                  "Relation Name": "movie_companies",
                  "Alias": "mc",
                  "Startup Cost": 0.43,
                  "Total Cost": 273.41,
                  "Plan Rows": 50,
                  "Plan Width": 4,
                  "Actual Startup Time": 0.083,
                  "Actual Total Time": 0.373,
                  "Actual Rows": 481,
                  "Actual Loops": 1,
                  "Index Cond": "(company_id = 789)",
                  "Rows Removed by Index Recheck": 0,
                  "Filter": "(company_type_id < 2)",
                  "Rows Removed by Filter": 273
                },
                {
                  "Node Type": "Index Only Scan",
                  "Parent Relationship": "Inner",
                  "Parallel Aware": false,
                  "Scan Direction": "Forward",
                  "Index Name": "title_pkey",
                  "Relation Name": "title",
                  "Alias": "t",
                  "Startup Cost": 0.43,
                  "Total Cost": 8.45,
                  "Plan Rows": 1,
                  "Plan Width": 4,
                  "Actual Startup Time": 0.003,
                  "Actual Total Time": 0.003,
                  "Actual Rows": 1,
                  "Actual Loops": 481,
                  "Index Cond": "(id = mc.movie_id)",
                  "Rows Removed by Index Recheck": 0,
                  "Heap Fetches": 481
                }
              ]
            },
            {
              "Node Type": "Index Scan",
              "Parent Relationship": "Inner",
              "Parallel Aware": false,
              "Scan Direction": "Forward",
              "Index Name": "movie_id_movie_keyword",
              "Relation Name": "movie_keyword",
              "Alias": "mk",
              "Startup Cost": 0.43,
              "Total Cost": 1.42,
              "Plan Rows": 42,
              "Plan Width": 4,
              "Actual Startup Time": 0.002,
              "Actual Total Time": 0.002,
              "Actual Rows": 1,
              "Actual Loops": 481,
              "Index Cond": "(movie_id = t.id)",
              "Rows Removed by Index Recheck": 0,
              "Filter": "(keyword_id > 335)",
              "Rows Removed by Filter": 0
            }
          ]
        }
      ]
    },
    "Planning Time": 0.444,
    "Triggers": [],
    "Execution Time": 3.162
  }
]