{
  "Plan": {
    "Node Type": "Aggregate",
    "Strategy": "Plain",
    "Partial Mode": "Finalize",
    "Parallel Aware": false,
    "Startup Cost": 97403.85,
    "Total Cost": 97403.86,
    "Plan Rows": 1,
    "Plan Width": 8,
    "Actual Startup Time": 488.899,
    "Actual Total Time": 502.422,
    "Actual Rows": 1,
    "Actual Loops": 1,
    "Plans": [
      {
        "Node Type": "Gather",
        "Parent Relationship": "Outer",
        "Parallel Aware": false,
        "Startup Cost": 97403.74,
        "Total Cost": 97403.85,
        "Plan Rows": 1,
        "Plan Width": 8,
        "Actual Startup Time": 487.046,
        "Actual Total Time": 502.415,
        "Actual Rows": 2,
        "Actual Loops": 1,
        "Workers Planned": 1,
        "Workers Launched": 1,
        "Single Copy": false,
        "Plans": [
          {
            "Node Type": "Aggregate",
            "Strategy": "Plain",
            "Partial Mode": "Partial",
            "Parent Relationship": "Outer",
            "Parallel Aware": false,
            "Startup Cost": 96403.74,
            "Total Cost": 96403.75,
            "Plan Rows": 1,
            "Plan Width": 8,
            "Actual Startup Time": 480.891,
            "Actual Total Time": 480.896,
            "Actual Rows": 1,
            "Actual Loops": 2,
            "Plans": [
              {
                "Node Type": "Hash Join",
                "Parent Relationship": "Outer",
                "Parallel Aware": true,
                "Join Type": "Inner",
                "Startup Cost": 37498.76,
                "Total Cost": 96238.01,
                "Plan Rows": 66292,
                "Plan Width": 0,
                "Actual Startup Time": 188.994,
                "Actual Total Time": 476.175,
                "Actual Rows": 107524,
                "Actual Loops": 2,
                "Inner Unique": false,
                "Hash Cond": "(t.id = mc.movie_id)",
                "Plans": [
                  {
                    "Node Type": "Seq Scan",
                    "Parent Relationship": "Outer",
                    "Parallel Aware": true,
                    "Relation Name": "title",
                    "Alias": "t",
                    "Startup Cost": 0.0,
                    "Total Cost": 54588.39,
                    "Plan Rows": 601746,
                    "Plan Width": 4,
                    "Actual Startup Time": 0.012,
                    "Actual Total Time": 144.858,
                    "Actual Rows": 506460,
                    "Actual Loops": 2,
                    "Filter": "(production_year > 2005)",
                    "Rows Removed by Filter": 757696
                  },
                  {
                    "Node Type": "Hash",
                    "Parent Relationship": "Inner",
                    "Parallel Aware": true,
                    "Startup Cost": 35450.74,
                    "Total Cost": 35450.74,
                    "Plan Rows": 163841,
                    "Plan Width": 4,
                    "Actual Startup Time": 183.194,
                    "Actual Total Time": 183.196,
                    "Actual Rows": 281709,
                    "Actual Loops": 2,
                    "Hash Buckets": 1048576,
                    "Original Hash Buckets": 524288,
                    "Hash Batches": 1,
                    "Original Hash Batches": 1,
                    "Peak Memory Usage": 34336,
                    "Plans": [
                      {
                        "Node Type": "Bitmap Heap Scan",
                        "Parent Relationship": "Outer",
                        "Parallel Aware": true,
                        "Relation Name": "movie_companies",
                        "Alias": "mc",
                        "Startup Cost": 11820.38,
                        "Total Cost": 35450.74,
                        "Plan Rows": 163841,
                        "Plan Width": 4,
                        "Actual Startup Time": 52.502,
                        "Actual Total Time": 110.156,
                        "Actual Rows": 281709,
                        "Actual Loops": 2,
                        "Recheck Cond": "(company_id > 71574)",
                        "Rows Removed by Index Recheck": 0,
                        "Filter": "(company_type_id = 2)",
                        "Rows Removed by Filter": 0,
                        "Exact Heap Blocks": 4500,
                        "Lossy Heap Blocks": 0,
                        "Plans": [
                          {
                            "Node Type": "Bitmap Index Scan",
                            "Parent Relationship": "Outer",
                            "Parallel Aware": false,
                            "Index Name": "company_id_movie_companies",
                            "Startup Cost": 0.0,
                            "Total Cost": 11750.74,
                            "Plan Rows": 548575,
                            "Plan Width": 0,
                            "Actual Startup Time": 51.499,
                            "Actual Total Time": 51.5,
                            "Actual Rows": 563418,
                            "Actual Loops": 1,
                            "Index Cond": "(company_id > 71574)"
                          }
                        ]
                      }
                    ]
                  }
                ]
              }
            ]
          }
        ]
      }
    ]
  },
  "Planning Time": 0.447,
  "Triggers": [],
  "Execution Time": 502.513
}