[
  {
    "Plan": {
      "Node Type": "Aggregate",
      "Strategy": "Plain",
      "Partial Mode": "Finalize",
      "Parallel Aware": false,
      "Startup Cost": 44383.23,
      "Total Cost": 44383.24,
      "Plan Rows": 1,
      "Plan Width": 8,
      "Actual Startup Time": 111.911,
      "Actual Total Time": 120.357,
      "Actual Rows": 1,
      "Actual Loops": 1,
      "Plans": [
        {
          "Node Type": "Gather",
          "Parent Relationship": "Outer",
          "Parallel Aware": false,
          "Startup Cost": 44382.92,
          "Total Cost": 44383.23,
          "Plan Rows": 3,
          "Plan Width": 8,
          "Actual Startup Time": 111.767,
          "Actual Total Time": 120.349,
          "Actual Rows": 4,
          "Actual Loops": 1,
          "Workers Planned": 3,
          "Workers Launched": 3,
          "Single Copy": false,
          "Plans": [
            {
              "Node Type": "Aggregate",
              "Strategy": "Plain",
              "Partial Mode": "Partial",
              "Parent Relationship": "Outer",
              "Parallel Aware": false,
              "Startup Cost": 43382.92,
              "Total Cost": 43382.93,
              "Plan Rows": 1,
              "Plan Width": 8,
              "Actual Startup Time": 106.717,
              "Actual Total Time": 106.718,
              "Actual Rows": 1,
              "Actual Loops": 4,
              "Plans": [
                {
                  "Node Type": "Seq Scan",
                  "Parent Relationship": "Outer",
                  "Parallel Aware": true,
                  "Relation Name": "movie_keyword",
                  "Alias": "mk",
                  "Startup Cost": 0.0,
                  "Total Cost": 42695.65,
                  "Plan Rows": 274905,
                  "Plan Width": 0,
                  "Actual Startup Time": 1.872,
                  "Actual Total Time": 96.672,
                  "Actual Rows": 210977,
                  "Actual Loops": 4,
                  "Filter": "(keyword_id > 21728)",
                  "Rows Removed by Filter": 920005
                }
              ]
            }
          ]
        }
      ]
    },
    "Planning Time": 0.082,
    "Triggers": [],
    "Execution Time": 120.392
  }
]