[
  {
    "Plan": {
      "Node Type": "Aggregate",
      "Strategy": "Plain",
      "Partial Mode": "Finalize",
      "Parallel Aware": false,
      "Startup Cost": 44383.82,
      "Total Cost": 44383.83,
      "Plan Rows": 1,
      "Plan Width": 8,
      "Actual Startup Time": 138.673,
      "Actual Total Time": 147.205,
      "Actual Rows": 1,
      "Actual Loops": 1,
      "Plans": [
        {
          "Node Type": "Gather",
          "Parent Relationship": "Outer",
          "Parallel Aware": false,
          "Startup Cost": 44383.5,
          "Total Cost": 44383.81,
          "Plan Rows": 3,
          "Plan Width": 8,
          "Actual Startup Time": 138.562,
          "Actual Total Time": 147.197,
          "Actual Rows": 4,
          "Actual Loops": 1,
          "Workers Planned": 3,
          "Workers Launched": 3,
          "Single Copy": false,
          "Plans": [
            {
              "Node Type": "Aggregate",
              "Strategy": "Plain",
              "Partial Mode": "Partial",
              "Parent Relationship": "Outer",
              "Parallel Aware": false,
              "Startup Cost": 43383.5,
              "Total Cost": 43383.51,
              "Plan Rows": 1,
              "Plan Width": 8,
              "Actual Startup Time": 130.412,
              "Actual Total Time": 130.414,
              "Actual Rows": 1,
              "Actual Loops": 4,
              "Plans": [
                {
                  "Node Type": "Seq Scan",
                  "Parent Relationship": "Outer",
                  "Parallel Aware": true,
                  "Relation Name": "movie_keyword",
                  "Alias": "mk",
                  "Startup Cost": 0.0,
                  "Total Cost": 42695.65,
                  "Plan Rows": 275139,
                  "Plan Width": 0,
                  "Actual Startup Time": 5.034,
                  "Actual Total Time": 117.595,
                  "Actual Rows": 210977,
                  "Actual Loops": 4,
                  "Filter": "(keyword_id > 21728)",
                  "Rows Removed by Filter": 920005
                }
              ]
            }
          ]
        }
      ]
    },
    "Planning Time": 0.16,
    "Triggers": [],
    "Execution Time": 147.26
  }
]