{
    "Plan": {
        "Node Type": "Aggregate",
        "Strategy": "Plain",
        "Partial Mode": "Finalize",
        "Parallel Aware": false,
        "Startup Cost": 32782.64,
        "Total Cost": 32782.65,
        "Plan Rows": 1,
        "Plan Width": 8,
        "Actual Startup Time": 110.035,
        "Actual Total Time": 117.989,
        "Actual Rows": 1,
        "Actual Loops": 1,
        "Output": [
            "count(*)"
        ],
        "Plans": [
            {
                "Node Type": "Gather",
                "Parent Relationship": "Outer",
                "Parallel Aware": false,
                "Startup Cost": 32782.32,
                "Total Cost": 32782.63,
                "Plan Rows": 3,
                "Plan Width": 8,
                "Actual Startup Time": 109.942,
                "Actual Total Time": 117.982,
                "Actual Rows": 4,
                "Actual Loops": 1,
                "Output": [
                    "(PARTIAL count(*))"
                ],
                "Workers Planned": 3,
                "Workers Launched": 3,
                "Single Copy": false,
                "Plans": [
                    {
                        "Node Type": "Aggregate",
                        "Strategy": "Plain",
                        "Partial Mode": "Partial",
                        "Parent Relationship": "Outer",
                        "Parallel Aware": false,
                        "Startup Cost": 31782.32,
                        "Total Cost": 31782.33,
                        "Plan Rows": 1,
                        "Plan Width": 8,
                        "Actual Startup Time": 100.87,
                        "Actual Total Time": 100.871,
                        "Actual Rows": 1,
                        "Actual Loops": 4,
                        "Output": [
                            "PARTIAL count(*)"
                        ],
                        "Workers": [
                            {
                                "Worker Number": 0,
                                "Actual Startup Time": 98.947,
                                "Actual Total Time": 98.948,
                                "Actual Rows": 1,
                                "Actual Loops": 1
                            },
                            {
                                "Worker Number": 1,
                                "Actual Startup Time": 95.186,
                                "Actual Total Time": 95.187,
                                "Actual Rows": 1,
                                "Actual Loops": 1
                            },
                            {
                                "Worker Number": 2,
                                "Actual Startup Time": 99.795,
                                "Actual Total Time": 99.796,
                                "Actual Rows": 1,
                                "Actual Loops": 1
                            }
                        ],
                        "Plans": [
                            {
                                "Node Type": "Seq Scan",
                                "Parent Relationship": "Outer",
                                "Parallel Aware": true,
                                "Relation Name": "movie_companies",
                                "Schema": "public",
                                "Alias": "mc",
                                "Startup Cost": 0.0,
                                "Total Cost": 31414.82,
                                "Plan Rows": 147001,
                                "Plan Width": 0,
                                "Actual Startup Time": 0.054,
                                "Actual Total Time": 90.513,
                                "Actual Rows": 164231,
                                "Actual Loops": 4,
                                "Output": [
                                    "id",
                                    "movie_id",
                                    "company_id",
                                    "company_type_id",
                                    "note"
                                ],
                                "Filter": "((mc.company_id < 3270) AND (mc.company_type_id < 2))",
                                "Rows Removed by Filter": 488052,
                                "Workers": [
                                    {
                                        "Worker Number": 0,
                                        "Actual Startup Time": 0.066,
                                        "Actual Total Time": 89.036,
                                        "Actual Rows": 148601,
                                        "Actual Loops": 1
                                    },
                                    {
                                        "Worker Number": 1,
                                        "Actual Startup Time": 0.059,
                                        "Actual Total Time": 85.807,
                                        "Actual Rows": 97583,
                                        "Actual Loops": 1
                                    },
                                    {
                                        "Worker Number": 2,
                                        "Actual Startup Time": 0.073,
                                        "Actual Total Time": 89.812,
                                        "Actual Rows": 118874,
                                        "Actual Loops": 1
                                    }
                                ]
                            }
                        ]
                    }
                ]
            }
        ]
    },
    "Planning Time": 0.746,
    "Triggers": [],
    "Execution Time": 118.104
}