[
  {
    "Plan": {
      "Node Type": "Aggregate",
      "Strategy": "Plain",
      "Partial Mode": "Finalize",
      "Parallel Aware": false,
      "Startup Cost": 24364.16,
      "Total Cost": 24364.17,
      "Plan Rows": 1,
      "Plan Width": 8,
      "Actual Startup Time": 39.609,
      "Actual Total Time": 43.266,
      "Actual Rows": 1,
      "Actual Loops": 1,
      "Plans": [
        {
          "Node Type": "Gather",
          "Parent Relationship": "Outer",
          "Parallel Aware": false,
          "Startup Cost": 24363.85,
          "Total Cost": 24364.16,
          "Plan Rows": 3,
          "Plan Width": 8,
          "Actual Startup Time": 39.457,
          "Actual Total Time": 43.259,
          "Actual Rows": 4,
          "Actual Loops": 1,
          "Workers Planned": 3,
          "Workers Launched": 3,
          "Single Copy": false,
          "Plans": [
            {
              "Node Type": "Aggregate",
              "Strategy": "Plain",
              "Partial Mode": "Partial",
              "Parent Relationship": "Outer",
              "Parallel Aware": false,
              "Startup Cost": 23363.85,
              "Total Cost": 23363.86,
              "Plan Rows": 1,
              "Plan Width": 8,
              "Actual Startup Time": 34.649,
              "Actual Total Time": 34.65,
              "Actual Rows": 1,
              "Actual Loops": 4,
              "Plans": [
                {
                  "Node Type": "Bitmap Heap Scan",
                  "Parent Relationship": "Outer",
                  "Parallel Aware": true,
                  "Relation Name": "movie_companies",
                  "Alias": "mc",
                  "Startup Cost": 3677.92,
                  "Total Cost": 23293.52,
                  "Plan Rows": 28129,
                  "Plan Width": 0,
                  "Actual Startup Time": 26.512,
                  "Actual Total Time": 34.12,
                  "Actual Rows": 9539,
                  "Actual Loops": 4,
                  "Recheck Cond": "(company_id < 34)",
                  "Rows Removed by Index Recheck": 0,
                  "Filter": "(company_type_id > 1)",
                  "Rows Removed by Filter": 32388,
                  "Exact Heap Blocks": 7228,
                  "Lossy Heap Blocks": 0,
                  "Plans": [
                    {
                      "Node Type": "Bitmap Index Scan",
                      "Parent Relationship": "Outer",
                      "Parallel Aware": false,
                      "Index Name": "company_id_movie_companies",
                      "Startup Cost": 0.0,
                      "Total Cost": 3656.12,
                      "Plan Rows": 170625,
                      "Plan Width": 0,
                      "Actual Startup Time": 8.788,
                      "Actual Total Time": 8.788,
                      "Actual Rows": 167708,
                      "Actual Loops": 1,
                      "Index Cond": "(company_id < 34)"
                    }
                  ]
                }
              ]
            }
          ]
        }
      ]
    },
    "Planning Time": 0.36,
    "Triggers": [],
    "Execution Time": 43.349
  }
]