[
  {
    "Plan": {
      "Node Type": "Aggregate",
      "Strategy": "Plain",
      "Partial Mode": "Finalize",
      "Parallel Aware": false,
      "Startup Cost": 85924.91,
      "Total Cost": 85924.92,
      "Plan Rows": 1,
      "Plan Width": 8,
      "Actual Startup Time": 212.576,
      "Actual Total Time": 225.87,
      "Actual Rows": 1,
      "Actual Loops": 1,
      "Plans": [
        {
          "Node Type": "Gather",
          "Parent Relationship": "Outer",
          "Parallel Aware": false,
          "Startup Cost": 85924.59,
          "Total Cost": 85924.9,
          "Plan Rows": 3,
          "Plan Width": 8,
          "Actual Startup Time": 211.132,
          "Actual Total Time": 225.861,
          "Actual Rows": 4,
          "Actual Loops": 1,
          "Workers Planned": 3,
          "Workers Launched": 3,
          "Single Copy": false,
          "Plans": [
            {
              "Node Type": "Aggregate",
              "Strategy": "Plain",
              "Partial Mode": "Partial",
              "Parent Relationship": "Outer",
              "Parallel Aware": false,
              "Startup Cost": 84924.59,
              "Total Cost": 84924.6,
              "Plan Rows": 1,
              "Plan Width": 8,
              "Actual Startup Time": 204.106,
              "Actual Total Time": 204.111,
              "Actual Rows": 1,
              "Actual Loops": 4,
              "Plans": [
                {
                  "Node Type": "Nested Loop",
                  "Parent Relationship": "Outer",
                  "Parallel Aware": false,
                  "Join Type": "Inner",
                  "Startup Cost": 51179.35,
                  "Total Cost": 84915.77,
                  "Plan Rows": 3529,
                  "Plan Width": 0,
                  "Actual Startup Time": 147.861,
                  "Actual Total Time": 204.017,
                  "Actual Rows": 1108,
                  "Actual Loops": 4,
                  "Inner Unique": false,
                  "Plans": [
                    {
                      "Node Type": "Hash Join",
                      "Parent Relationship": "Outer",
                      "Parallel Aware": true,
                      "Join Type": "Inner",
                      "Startup Cost": 51178.92,
                      "Total Cost": 76710.43,
                      "Plan Rows": 9118,
                      "Plan Width": 8,
                      "Actual Startup Time": 147.777,
                      "Actual Total Time": 200.992,
                      "Actual Rows": 556,
                      "Actual Loops": 4,
                      "Inner Unique": true,
                      "Hash Cond": "(mk.movie_id = t.id)",
                      "Plans": [
                        {
                          "Node Type": "Bitmap Heap Scan",
                          "Parent Relationship": "Outer",
                          "Parallel Aware": true,
                          "Relation Name": "movie_keyword",
                          "Alias": "mk",
                          "Startup Cost": 4687.98,
                          "Total Cost": 30032.49,
                          "Plan Rows": 71240,
                          "Plan Width": 4,
                          "Actual Startup Time": 18.544,
                          "Actual Total Time": 58.584,
                          "Actual Rows": 56878,
                          "Actual Loops": 4,
                          "Recheck Cond": "(keyword_id > 63779)",
                          "Rows Removed by Index Recheck": 0,
                          "Exact Heap Blocks": 6816,
                          "Lossy Heap Blocks": 0,
                          "Plans": [
                            {
                              "Node Type": "Bitmap Index Scan",
                              "Parent Relationship": "Outer",
                              "Parallel Aware": false,
                              "Index Name": "keyword_id_movie_keyword",
                              "Startup Cost": 0.0,
                              "Total Cost": 4632.77,
                              "Plan Rows": 220845,
                              "Plan Width": 0,
                              "Actual Startup Time": 15.424,
                              "Actual Total Time": 15.425,
                              "Actual Rows": 227513,
                              "Actual Loops": 1,
                              "Index Cond": "(keyword_id > 63779)"
                            }
                          ]
                        },
                        {
                          "Node Type": "Hash",
                          "Parent Relationship": "Inner",
                          "Parallel Aware": true,
                          "Startup Cost": 45479.59,
                          "Total Cost": 45479.59,
                          "Plan Rows": 80908,
                          "Plan Width": 4,
                          "Actual Startup Time": 127.296,
                          "Actual Total Time": 127.297,
                          "Actual Rows": 87384,
                          "Actual Loops": 4,
                          "Hash Buckets": 524288,
                          "Original Hash Buckets": 524288,
                          "Hash Batches": 1,
                          "Original Hash Batches": 1,
                          "Peak Memory Usage": 17824,
                          "Plans": [
                            {
                              "Node Type": "Seq Scan",
                              "Parent Relationship": "Outer",
                              "Parallel Aware": true,
                              "Relation Name": "title",
                              "Alias": "t",
                              "Startup Cost": 0.0,
                              "Total Cost": 45479.59,
                              "Plan Rows": 80908,
                              "Plan Width": 4,
                              "Actual Startup Time": 0.037,
                              "Actual Total Time": 96.269,
                              "Actual Rows": 87384,
                              "Actual Loops": 4,
                              "Filter": "((production_year > 2009) AND (kind_id = 7))",
                              "Rows Removed by Filter": 544694
                            }
                          ]
                        }
                      ]
                    },
                    {
                      "Node Type": "Index Scan",
                      "Parent Relationship": "Inner",
                      "Parallel Aware": false,
                      "Scan Direction": "Forward",
                      "Index Name": "movie_id_movie_companies",
                      "Relation Name": "movie_companies",
                      "Alias": "mc",
                      "Startup Cost": 0.43,
                      "Total Cost": 0.88,
                      "Plan Rows": 2,
                      "Plan Width": 4,
                      "Actual Startup Time": 0.004,
                      "Actual Total Time": 0.005,
                      "Actual Rows": 2,
                      "Actual Loops": 2224,
                      "Index Cond": "(movie_id = t.id)",
                      "Rows Removed by Index Recheck": 0,
                      "Filter": "(company_id < 4384)",
                      "Rows Removed by Filter": 1
                    }
                  ]
                }
              ]
            }
          ]
        }
      ]
    },
    "Planning Time": 0.557,
    "Triggers": [],
    "Execution Time": 225.925
  }
]