{
    "Plan": {
        "Node Type": "Aggregate",
        "Strategy": "Plain",
        "Partial Mode": "Finalize",
        "Parallel Aware": false,
        "Startup Cost": 264769.53,
        "Total Cost": 264769.54,
        "Plan Rows": 1,
        "Plan Width": 8,
        "Actual Startup Time": 3993.049,
        "Actual Total Time": 4086.273,
        "Actual Rows": 1,
        "Actual Loops": 1,
        "Output": [
            "count(*)"
        ],
        "Plans": [
            {
                "Node Type": "Gather",
                "Parent Relationship": "Outer",
                "Parallel Aware": false,
                "Startup Cost": 264769.11,
                "Total Cost": 264769.52,
                "Plan Rows": 4,
                "Plan Width": 8,
                "Actual Startup Time": 3990.031,
                "Actual Total Time": 4086.266,
                "Actual Rows": 5,
                "Actual Loops": 1,
                "Output": [
                    "(PARTIAL count(*))"
                ],
                "Workers Planned": 4,
                "Workers Launched": 4,
                "Single Copy": false,
                "Plans": [
                    {
                        "Node Type": "Aggregate",
                        "Strategy": "Plain",
                        "Partial Mode": "Partial",
                        "Parent Relationship": "Outer",
                        "Parallel Aware": false,
                        "Startup Cost": 263769.11,
                        "Total Cost": 263769.12,
                        "Plan Rows": 1,
                        "Plan Width": 8,
                        "Actual Startup Time": 3979.329,
                        "Actual Total Time": 3979.332,
                        "Actual Rows": 1,
                        "Actual Loops": 5,
                        "Output": [
                            "PARTIAL count(*)"
                        ],
                        "Workers": [
                            {
                                "Worker Number": 0,
                                "Actual Startup Time": 3976.438,
                                "Actual Total Time": 3976.441,
                                "Actual Rows": 1,
                                "Actual Loops": 1
                            },
                            {
                                "Worker Number": 1,
                                "Actual Startup Time": 3976.805,
                                "Actual Total Time": 3976.807,
                                "Actual Rows": 1,
                                "Actual Loops": 1
                            },
                            {
                                "Worker Number": 2,
                                "Actual Startup Time": 3976.57,
                                "Actual Total Time": 3976.573,
                                "Actual Rows": 1,
                                "Actual Loops": 1
                            },
                            {
                                "Worker Number": 3,
                                "Actual Startup Time": 3977.644,
                                "Actual Total Time": 3977.647,
                                "Actual Rows": 1,
                                "Actual Loops": 1
                            }
                        ],
                        "Plans": [
                            {
                                "Node Type": "Nested Loop",
                                "Parent Relationship": "Outer",
                                "Parallel Aware": false,
                                "Join Type": "Inner",
                                "Startup Cost": 32871.8,
                                "Total Cost": 260952.67,
                                "Plan Rows": 1126578,
                                "Plan Width": 0,
                                "Actual Startup Time": 119.342,
                                "Actual Total Time": 3805.705,
                                "Actual Rows": 3361361,
                                "Actual Loops": 5,
                                "Inner Unique": false,
                                "Workers": [
                                    {
                                        "Worker Number": 0,
                                        "Actual Startup Time": 116.545,
                                        "Actual Total Time": 3803.175,
                                        "Actual Rows": 3495035,
                                        "Actual Loops": 1
                                    },
                                    {
                                        "Worker Number": 1,
                                        "Actual Startup Time": 116.848,
                                        "Actual Total Time": 3797.53,
                                        "Actual Rows": 3173669,
                                        "Actual Loops": 1
                                    },
                                    {
                                        "Worker Number": 2,
                                        "Actual Startup Time": 116.762,
                                        "Actual Total Time": 3812.887,
                                        "Actual Rows": 2759541,
                                        "Actual Loops": 1
                                    },
                                    {
                                        "Worker Number": 3,
                                        "Actual Startup Time": 117.814,
                                        "Actual Total Time": 3798.592,
                                        "Actual Rows": 3135204,
                                        "Actual Loops": 1
                                    }
                                ],
                                "Plans": [
                                    {
                                        "Node Type": "Hash Join",
                                        "Parent Relationship": "Outer",
                                        "Parallel Aware": true,
                                        "Join Type": "Inner",
                                        "Startup Cost": 32871.23,
                                        "Total Cost": 79773.6,
                                        "Plan Rows": 78569,
                                        "Plan Width": 8,
                                        "Actual Startup Time": 119.249,
                                        "Actual Total Time": 435.092,
                                        "Actual Rows": 90532,
                                        "Actual Loops": 5,
                                        "Output": [
                                            "t.id",
                                            "mc.movie_id"
                                        ],
                                        "Inner Unique": false,
                                        "Hash Cond": "(t.id = mc.movie_id)",
                                        "Workers": [
                                            {
                                                "Worker Number": 0,
                                                "Actual Startup Time": 116.431,
                                                "Actual Total Time": 437.118,
                                                "Actual Rows": 94549,
                                                "Actual Loops": 1
                                            },
                                            {
                                                "Worker Number": 1,
                                                "Actual Startup Time": 116.738,
                                                "Actual Total Time": 431.922,
                                                "Actual Rows": 84147,
                                                "Actual Loops": 1
                                            },
                                            {
                                                "Worker Number": 2,
                                                "Actual Startup Time": 116.647,
                                                "Actual Total Time": 421.039,
                                                "Actual Rows": 73501,
                                                "Actual Loops": 1
                                            },
                                            {
                                                "Worker Number": 3,
                                                "Actual Startup Time": 117.717,
                                                "Actual Total Time": 430.736,
                                                "Actual Rows": 82967,
                                                "Actual Loops": 1
                                            }
                                        ],
                                        "Plans": [
                                            {
                                                "Node Type": "Seq Scan",
                                                "Parent Relationship": "Outer",
                                                "Parallel Aware": true,
                                                "Relation Name": "title",
                                                "Schema": "public",
                                                "Alias": "t",
                                                "Startup Cost": 0.0,
                                                "Total Cost": 43899.01,
                                                "Plan Rows": 549983,
                                                "Plan Width": 4,
                                                "Actual Startup Time": 0.029,
                                                "Actual Total Time": 97.934,
                                                "Actual Rows": 440739,
                                                "Actual Loops": 5,
                                                "Output": [
                                                    "t.id",
                                                    "t.title",
                                                    "t.imdb_index",
                                                    "t.kind_id",
                                                    "t.production_year",
                                                    "t.imdb_id",
                                                    "t.phonetic_code",
                                                    "t.episode_of_id",
                                                    "t.season_nr",
                                                    "t.episode_nr",
                                                    "t.series_years",
                                                    "t.md5sum"
                                                ],
                                                "Filter": "(t.production_year > 1960)",
                                                "Rows Removed by Filter": 64923,
                                                "Workers": [
                                                    {
                                                        "Worker Number": 0,
                                                        "Actual Startup Time": 0.039,
                                                        "Actual Total Time": 101.401,
                                                        "Actual Rows": 462121,
                                                        "Actual Loops": 1
                                                    },
                                                    {
                                                        "Worker Number": 1,
                                                        "Actual Startup Time": 0.03,
                                                        "Actual Total Time": 104.862,
                                                        "Actual Rows": 410697,
                                                        "Actual Loops": 1
                                                    },
                                                    {
                                                        "Worker Number": 2,
                                                        "Actual Startup Time": 0.04,
                                                        "Actual Total Time": 98.346,
                                                        "Actual Rows": 359854,
                                                        "Actual Loops": 1
                                                    },
                                                    {
                                                        "Worker Number": 3,
                                                        "Actual Startup Time": 0.03,
                                                        "Actual Total Time": 104.098,
                                                        "Actual Rows": 404081,
                                                        "Actual Loops": 1
                                                    }
                                                ]
                                            },
                                            {
                                                "Node Type": "Hash",
                                                "Parent Relationship": "Inner",
                                                "Parallel Aware": true,
                                                "Startup Cost": 31414.82,
                                                "Total Cost": 31414.82,
                                                "Plan Rows": 116513,
                                                "Plan Width": 4,
                                                "Actual Startup Time": 116.168,
                                                "Actual Total Time": 116.169,
                                                "Actual Rows": 103939,
                                                "Actual Loops": 5,
                                                "Output": [
                                                    "mc.movie_id"
                                                ],
                                                "Hash Buckets": 524288,
                                                "Original Hash Buckets": 524288,
                                                "Hash Batches": 1,
                                                "Original Hash Batches": 1,
                                                "Peak Memory Usage": 24512,
                                                "Workers": [
                                                    {
                                                        "Worker Number": 0,
                                                        "Actual Startup Time": 115.942,
                                                        "Actual Total Time": 115.944,
                                                        "Actual Rows": 97080,
                                                        "Actual Loops": 1
                                                    },
                                                    {
                                                        "Worker Number": 1,
                                                        "Actual Startup Time": 116.327,
                                                        "Actual Total Time": 116.328,
                                                        "Actual Rows": 94271,
                                                        "Actual Loops": 1
                                                    },
                                                    {
                                                        "Worker Number": 2,
                                                        "Actual Startup Time": 116.034,
                                                        "Actual Total Time": 116.035,
                                                        "Actual Rows": 80427,
                                                        "Actual Loops": 1
                                                    },
                                                    {
                                                        "Worker Number": 3,
                                                        "Actual Startup Time": 117.16,
                                                        "Actual Total Time": 117.161,
                                                        "Actual Rows": 91435,
                                                        "Actual Loops": 1
                                                    }
                                                ],
                                                "Plans": [
                                                    {
                                                        "Node Type": "Seq Scan",
                                                        "Parent Relationship": "Outer",
                                                        "Parallel Aware": true,
                                                        "Relation Name": "movie_companies",
                                                        "Schema": "public",
                                                        "Alias": "mc",
                                                        "Startup Cost": 0.0,
                                                        "Total Cost": 31414.82,
                                                        "Plan Rows": 116513,
                                                        "Plan Width": 4,
                                                        "Actual Startup Time": 0.053,
                                                        "Actual Total Time": 76.059,
                                                        "Actual Rows": 103939,
                                                        "Actual Loops": 5,
                                                        "Output": [
                                                            "mc.movie_id"
                                                        ],
                                                        "Filter": "((mc.company_id < 1435) AND (mc.company_type_id < 2))",
                                                        "Rows Removed by Filter": 417887,
                                                        "Workers": [
                                                            {
                                                                "Worker Number": 0,
                                                                "Actual Startup Time": 0.051,
                                                                "Actual Total Time": 77.344,
                                                                "Actual Rows": 97080,
                                                                "Actual Loops": 1
                                                            },
                                                            {
                                                                "Worker Number": 1,
                                                                "Actual Startup Time": 0.053,
                                                                "Actual Total Time": 77.43,
                                                                "Actual Rows": 94271,
                                                                "Actual Loops": 1
                                                            },
                                                            {
                                                                "Worker Number": 2,
                                                                "Actual Startup Time": 0.071,
                                                                "Actual Total Time": 75.747,
                                                                "Actual Rows": 80427,
                                                                "Actual Loops": 1
                                                            },
                                                            {
                                                                "Worker Number": 3,
                                                                "Actual Startup Time": 0.065,
                                                                "Actual Total Time": 77.438,
                                                                "Actual Rows": 91435,
                                                                "Actual Loops": 1
                                                            }
                                                        ]
                                                    }
                                                ]
                                            }
                                        ]
                                    },
                                    {
                                        "Node Type": "Index Only Scan",
                                        "Parent Relationship": "Inner",
                                        "Parallel Aware": false,
                                        "Scan Direction": "Forward",
                                        "Index Name": "movie_id_cast_info",
                                        "Relation Name": "cast_info",
                                        "Schema": "public",
                                        "Alias": "ci",
                                        "Startup Cost": 0.56,
                                        "Total Cost": 1.93,
                                        "Plan Rows": 38,
                                        "Plan Width": 4,
                                        "Actual Startup Time": 0.006,
                                        "Actual Total Time": 0.034,
                                        "Actual Rows": 37,
                                        "Actual Loops": 452662,
                                        "Output": [
                                            "ci.movie_id"
                                        ],
                                        "Index Cond": "(ci.movie_id = t.id)",
                                        "Rows Removed by Index Recheck": 0,
                                        "Heap Fetches": 16806805,
                                        "Workers": [
                                            {
                                                "Worker Number": 0,
                                                "Actual Startup Time": 0.005,
                                                "Actual Total Time": 0.033,
                                                "Actual Rows": 37,
                                                "Actual Loops": 94549
                                            },
                                            {
                                                "Worker Number": 1,
                                                "Actual Startup Time": 0.006,
                                                "Actual Total Time": 0.036,
                                                "Actual Rows": 38,
                                                "Actual Loops": 84147
                                            },
                                            {
                                                "Worker Number": 2,
                                                "Actual Startup Time": 0.007,
                                                "Actual Total Time": 0.042,
                                                "Actual Rows": 38,
                                                "Actual Loops": 73501
                                            },
                                            {
                                                "Worker Number": 3,
                                                "Actual Startup Time": 0.006,
                                                "Actual Total Time": 0.037,
                                                "Actual Rows": 38,
                                                "Actual Loops": 82967
                                            }
                                        ]
                                    }
                                ]
                            }
                        ]
                    }
                ]
            }
        ]
    },
    "Planning Time": 1.578,
    "Triggers": [],
    "Execution Time": 4086.382
}