{
  "Plan": {
    "Node Type": "Aggregate",
    "Strategy": "Plain",
    "Partial Mode": "Finalize",
    "Parallel Aware": false,
    "Startup Cost": 578627.84,
    "Total Cost": 578627.85,
    "Plan Rows": 1,
    "Plan Width": 8,
    "Actual Startup Time": 1724.058,
    "Actual Total Time": 1763.612,
    "Actual Rows": 1,
    "Actual Loops": 1,
    "Plans": [
      {
        "Node Type": "Gather",
        "Parent Relationship": "Outer",
        "Parallel Aware": false,
        "Startup Cost": 578627.73,
        "Total Cost": 578627.84,
        "Plan Rows": 1,
        "Plan Width": 8,
        "Actual Startup Time": 1722.444,
        "Actual Total Time": 1763.601,
        "Actual Rows": 2,
        "Actual Loops": 1,
        "Workers Planned": 1,
        "Workers Launched": 1,
        "Single Copy": false,
        "Plans": [
          {
            "Node Type": "Aggregate",
            "Strategy": "Plain",
            "Partial Mode": "Partial",
            "Parent Relationship": "Outer",
            "Parallel Aware": false,
            "Startup Cost": 577627.73,
            "Total Cost": 577627.74,
            "Plan Rows": 1,
            "Plan Width": 8,
            "Actual Startup Time": 1716.289,
            "Actual Total Time": 1716.293,
            "Actual Rows": 1,
            "Actual Loops": 2,
            "Plans": [
              {
                "Node Type": "Hash Join",
                "Parent Relationship": "Outer",
                "Parallel Aware": true,
                "Join Type": "Inner",
                "Startup Cost": 242603.43,
                "Total Cost": 576373.01,
                "Plan Rows": 501889,
                "Plan Width": 0,
                "Actual Startup Time": 598.824,
                "Actual Total Time": 1705.056,
                "Actual Rows": 250419,
                "Actual Loops": 2,
                "Inner Unique": true,
                "Hash Cond": "(ci.movie_id = t.id)",
                "Plans": [
                  {
                    "Node Type": "Bitmap Heap Scan",
                    "Parent Relationship": "Outer",
                    "Parallel Aware": true,
                    "Relation Name": "cast_info",
                    "Alias": "ci",
                    "Startup Cost": 181362.22,
                    "Total Cost": 506786.24,
                    "Plan Rows": 3179255,
                    "Plan Width": 4,
                    "Actual Startup Time": 411.879,
                    "Actual Total Time": 978.815,
                    "Actual Rows": 4075506,
                    "Actual Loops": 2,
                    "Recheck Cond": "(person_id > 2866069)",
                    "Rows Removed by Index Recheck": 0,
                    "Filter": "(role_id > 1)",
                    "Rows Removed by Filter": 0,
                    "Exact Heap Blocks": 50704,
                    "Lossy Heap Blocks": 0,
                    "Plans": [
                      {
                        "Node Type": "Bitmap Index Scan",
                        "Parent Relationship": "Outer",
                        "Parallel Aware": false,
                        "Index Name": "person_id_cast_info",
                        "Startup Cost": 0.0,
                        "Total Cost": 180011.03,
                        "Plan Rows": 8243529,
                        "Plan Width": 0,
                        "Actual Startup Time": 395.468,
                        "Actual Total Time": 395.469,
                        "Actual Rows": 8151013,
                        "Actual Loops": 1,
                        "Index Cond": "(person_id > 2866069)"
                      }
                    ]
                  },
                  {
                    "Node Type": "Hash",
                    "Parent Relationship": "Inner",
                    "Parallel Aware": true,
                    "Startup Cost": 58306.47,
                    "Total Cost": 58306.47,
                    "Plan Rows": 234780,
                    "Plan Width": 4,
                    "Actual Startup Time": 180.281,
                    "Actual Total Time": 180.282,
                    "Actual Rows": 135140,
                    "Actual Loops": 2,
                    "Hash Buckets": 524288,
                    "Original Hash Buckets": 524288,
                    "Hash Batches": 1,
                    "Original Hash Batches": 1,
                    "Peak Memory Usage": 14720,
                    "Plans": [
                      {
                        "Node Type": "Seq Scan",
                        "Parent Relationship": "Outer",
                        "Parallel Aware": true,
                        "Relation Name": "title",
                        "Alias": "t",
                        "Startup Cost": 0.0,
                        "Total Cost": 58306.47,
                        "Plan Rows": 234780,
                        "Plan Width": 4,
                        "Actual Startup Time": 0.028,
                        "Actual Total Time": 144.807,
                        "Actual Rows": 135140,
                        "Actual Loops": 2,
                        "Filter": "((kind_id > 1) AND (production_year < 1983))",
                        "Rows Removed by Filter": 1129016
                      }
                    ]
                  }
                ]
              }
            ]
          }
        ]
      }
    ]
  },
  "Planning Time": 0.497,
  "Triggers": [],
  "Execution Time": 1763.714
}