[
  {
    "Plan": {
      "Node Type": "Aggregate",
      "Strategy": "Plain",
      "Partial Mode": "Finalize",
      "Parallel Aware": false,
      "Startup Cost": 32790.89,
      "Total Cost": 32790.9,
      "Plan Rows": 1,
      "Plan Width": 8,
      "Actual Startup Time": 104.836,
      "Actual Total Time": 113.624,
      "Actual Rows": 1,
      "Actual Loops": 1,
      "Plans": [
        {
          "Node Type": "Gather",
          "Parent Relationship": "Outer",
          "Parallel Aware": false,
          "Startup Cost": 32790.57,
          "Total Cost": 32790.88,
          "Plan Rows": 3,
          "Plan Width": 8,
          "Actual Startup Time": 104.684,
          "Actual Total Time": 113.613,
          "Actual Rows": 4,
          "Actual Loops": 1,
          "Workers Planned": 3,
          "Workers Launched": 3,
          "Single Copy": false,
          "Plans": [
            {
              "Node Type": "Aggregate",
              "Strategy": "Plain",
              "Partial Mode": "Partial",
              "Parent Relationship": "Outer",
              "Parallel Aware": false,
              "Startup Cost": 31790.57,
              "Total Cost": 31790.58,
              "Plan Rows": 1,
              "Plan Width": 8,
              "Actual Startup Time": 97.5,
              "Actual Total Time": 97.501,
              "Actual Rows": 1,
              "Actual Loops": 4,
              "Plans": [
                {
                  "Node Type": "Seq Scan",
                  "Parent Relationship": "Outer",
                  "Parallel Aware": true,
                  "Relation Name": "movie_companies",
                  "Alias": "mc",
                  "Startup Cost": 0.0,
                  "Total Cost": 31414.82,
                  "Plan Rows": 150301,
                  "Plan Width": 0,
                  "Actual Startup Time": 0.033,
                  "Actual Total Time": 85.804,
                  "Actual Rows": 167728,
                  "Actual Loops": 4,
                  "Filter": "((company_id < 3755) AND (company_type_id = 1))",
                  "Rows Removed by Filter": 484554
                }
              ]
            }
          ]
        }
      ]
    },
    "Planning Time": 0.191,
    "Triggers": [],
    "Execution Time": 113.674
  }
]