[
  {
    "Plan": {
      "Node Type": "Aggregate",
      "Strategy": "Plain",
      "Partial Mode": "Finalize",
      "Parallel Aware": false,
      "Startup Cost": 353420.28,
      "Total Cost": 353420.29,
      "Plan Rows": 1,
      "Plan Width": 8,
      "Actual Startup Time": 1010.576,
      "Actual Total Time": 1057.889,
      "Actual Rows": 1,
      "Actual Loops": 1,
      "Plans": [
        {
          "Node Type": "Gather",
          "Parent Relationship": "Outer",
          "Parallel Aware": false,
          "Startup Cost": 353419.65,
          "Total Cost": 353420.26,
          "Plan Rows": 6,
          "Plan Width": 8,
          "Actual Startup Time": 1010.406,
          "Actual Total Time": 1057.877,
          "Actual Rows": 7,
          "Actual Loops": 1,
          "Workers Planned": 6,
          "Workers Launched": 6,
          "Single Copy": false,
          "Plans": [
            {
              "Node Type": "Aggregate",
              "Strategy": "Plain",
              "Partial Mode": "Partial",
              "Parent Relationship": "Outer",
              "Parallel Aware": false,
              "Startup Cost": 352419.65,
              "Total Cost": 352419.66,
              "Plan Rows": 1,
              "Plan Width": 8,
              "Actual Startup Time": 1003.736,
              "Actual Total Time": 1003.737,
              "Actual Rows": 1,
              "Actual Loops": 7,
              "Plans": [
                {
                  "Node Type": "Seq Scan",
                  "Parent Relationship": "Outer",
                  "Parallel Aware": true,
                  "Relation Name": "cast_info",
                  "Alias": "ci",
                  "Startup Cost": 0.0,
                  "Total Cost": 343316.27,
                  "Plan Rows": 3641353,
                  "Plan Width": 0,
                  "Actual Startup Time": 261.047,
                  "Actual Total Time": 821.287,
                  "Actual Rows": 3258390,
                  "Actual Loops": 7,
                  "Filter": "((person_id > 260869) AND (role_id > 1))",
                  "Rows Removed by Filter": 1919374
                }
              ]
            }
          ]
        }
      ]
    },
    "Planning Time": 0.272,
    "Triggers": [],
    "Execution Time": 1057.957
  }
]