[
    {
        "Bao": {
            "Bao prediction": 402.028,
            "Bao recommended hint": "SET enable_mergejoin TO off; SET enable_indexscan TO off; "
        }
    },
    {
        "Plan": {
            "Node Type": "Aggregate",
            "Strategy": "Plain",
            "Partial Mode": "Simple",
            "Parallel Aware": false,
            "Startup Cost": 8048.25,
            "Total Cost": 8048.26,
            "Plan Rows": 1,
            "Plan Width": 96,
            "Actual Startup Time": 1257.207,
            "Actual Total Time": 1257.218,
            "Actual Rows": 1,
            "Actual Loops": 1,
            "Output": [
                "min(cn.name)",
                "min(mi_idx.info)",
                "min(t.title)"
            ],
            "Plans": [
                {
                    "Node Type": "Nested Loop",
                    "Parent Relationship": "Outer",
                    "Parallel Aware": false,
                    "Join Type": "Inner",
                    "Startup Cost": 13.85,
                    "Total Cost": 8048.24,
                    "Plan Rows": 1,
                    "Plan Width": 41,
                    "Actual Startup Time": 18.052,
                    "Actual Total Time": 1256.589,
                    "Actual Rows": 1131,
                    "Actual Loops": 1,
                    "Output": [
                        "cn.name",
                        "mi_idx.info",
                        "t.title"
                    ],
                    "Inner Unique": true,
                    "Join Filter": "(t.kind_id = kt.id)",
                    "Rows Removed by Join Filter": 109,
                    "Plans": [
                        {
                            "Node Type": "Nested Loop",
                            "Parent Relationship": "Outer",
                            "Parallel Aware": false,
                            "Join Type": "Inner",
                            "Startup Cost": 13.85,
                            "Total Cost": 8047.13,
                            "Plan Rows": 1,
                            "Plan Width": 45,
                            "Actual Startup Time": 18.033,
                            "Actual Total Time": 1251.859,
                            "Actual Rows": 1180,
                            "Actual Loops": 1,
                            "Output": [
                                "cn.name",
                                "mi_idx.info",
                                "t.title",
                                "t.kind_id"
                            ],
                            "Inner Unique": true,
                            "Join Filter": "(mi.info_type_id = it1.id)",
                            "Rows Removed by Join Filter": 520,
                            "Plans": [
                                {
                                    "Node Type": "Nested Loop",
                                    "Parent Relationship": "Outer",
                                    "Parallel Aware": false,
                                    "Join Type": "Inner",
                                    "Startup Cost": 13.85,
                                    "Total Cost": 8044.7,
                                    "Plan Rows": 1,
                                    "Plan Width": 49,
                                    "Actual Startup Time": 18.02,
                                    "Actual Total Time": 1236.958,
                                    "Actual Rows": 1700,
                                    "Actual Loops": 1,
                                    "Output": [
                                        "cn.name",
                                        "mi.info_type_id",
                                        "mi_idx.info",
                                        "t.title",
                                        "t.kind_id"
                                    ],
                                    "Inner Unique": false,
                                    "Join Filter": "(t.id = mi.movie_id)",
                                    "Rows Removed by Join Filter": 0,
                                    "Plans": [
                                        {
                                            "Node Type": "Nested Loop",
                                            "Parent Relationship": "Outer",
                                            "Parallel Aware": false,
                                            "Join Type": "Inner",
                                            "Startup Cost": 13.06,
                                            "Total Cost": 8039.18,
                                            "Plan Rows": 1,
                                            "Plan Width": 65,
                                            "Actual Startup Time": 13.452,
                                            "Actual Total Time": 835.707,
                                            "Actual Rows": 4166,
                                            "Actual Loops": 1,
                                            "Output": [
                                                "cc.movie_id",
                                                "mc.movie_id",
                                                "cn.name",
                                                "mi_idx.info",
                                                "mi_idx.movie_id",
                                                "mk.movie_id",
                                                "t.title",
                                                "t.kind_id",
                                                "t.id"
                                            ],
                                            "Inner Unique": true,
                                            "Plans": [
                                                {
                                                    "Node Type": "Nested Loop",
                                                    "Parent Relationship": "Outer",
                                                    "Parallel Aware": false,
                                                    "Join Type": "Inner",
                                                    "Startup Cost": 12.62,
                                                    "Total Cost": 8034.72,
                                                    "Plan Rows": 1,
                                                    "Plan Width": 40,
                                                    "Actual Startup Time": 13.368,
                                                    "Actual Total Time": 778.869,
                                                    "Actual Rows": 6376,
                                                    "Actual Loops": 1,
                                                    "Output": [
                                                        "cc.movie_id",
                                                        "mc.movie_id",
                                                        "cn.name",
                                                        "mi_idx.info",
                                                        "mi_idx.movie_id",
                                                        "mk.movie_id"
                                                    ],
                                                    "Inner Unique": true,
                                                    "Join Filter": "(mc.company_type_id = ct.id)",
                                                    "Rows Removed by Join Filter": 0,
                                                    "Plans": [
                                                        {
                                                            "Node Type": "Nested Loop",
                                                            "Parent Relationship": "Outer",
                                                            "Parallel Aware": false,
                                                            "Join Type": "Inner",
                                                            "Startup Cost": 12.62,
                                                            "Total Cost": 8033.63,
                                                            "Plan Rows": 1,
                                                            "Plan Width": 44,
                                                            "Actual Startup Time": 13.357,
                                                            "Actual Total Time": 753.273,
                                                            "Actual Rows": 6376,
                                                            "Actual Loops": 1,
                                                            "Output": [
                                                                "cc.movie_id",
                                                                "mc.movie_id",
                                                                "mc.company_type_id",
                                                                "cn.name",
                                                                "mi_idx.info",
                                                                "mi_idx.movie_id",
                                                                "mk.movie_id"
                                                            ],
                                                            "Inner Unique": true,
                                                            "Plans": [
                                                                {
                                                                    "Node Type": "Nested Loop",
                                                                    "Parent Relationship": "Outer",
                                                                    "Parallel Aware": false,
                                                                    "Join Type": "Inner",
                                                                    "Startup Cost": 12.16,
                                                                    "Total Cost": 8029.16,
                                                                    "Plan Rows": 1,
                                                                    "Plan Width": 29,
                                                                    "Actual Startup Time": 13.313,
                                                                    "Actual Total Time": 689.723,
                                                                    "Actual Rows": 6570,
                                                                    "Actual Loops": 1,
                                                                    "Output": [
                                                                        "cc.movie_id",
                                                                        "mc.movie_id",
                                                                        "mc.company_type_id",
                                                                        "mc.company_id",
                                                                        "mi_idx.info",
                                                                        "mi_idx.movie_id",
                                                                        "mk.movie_id"
                                                                    ],
                                                                    "Inner Unique": false,
                                                                    "Plans": [
                                                                        {
                                                                            "Node Type": "Nested Loop",
                                                                            "Parent Relationship": "Outer",
                                                                            "Parallel Aware": false,
                                                                            "Join Type": "Inner",
                                                                            "Startup Cost": 11.69,
                                                                            "Total Cost": 8024.59,
                                                                            "Plan Rows": 1,
                                                                            "Plan Width": 17,
                                                                            "Actual Startup Time": 13.207,
                                                                            "Actual Total Time": 636.99,
                                                                            "Actual Rows": 1591,
                                                                            "Actual Loops": 1,
                                                                            "Output": [
                                                                                "cc.movie_id",
                                                                                "mi_idx.info",
                                                                                "mi_idx.movie_id",
                                                                                "mk.movie_id"
                                                                            ],
                                                                            "Inner Unique": true,
                                                                            "Join Filter": "(cc.status_id = cct2.id)",
                                                                            "Rows Removed by Join Filter": 7532,
                                                                            "Plans": [
                                                                                {
                                                                                    "Node Type": "Nested Loop",
                                                                                    "Parent Relationship": "Outer",
                                                                                    "Parallel Aware": false,
                                                                                    "Join Type": "Inner",
                                                                                    "Startup Cost": 11.69,
                                                                                    "Total Cost": 8023.5,
                                                                                    "Plan Rows": 1,
                                                                                    "Plan Width": 21,
                                                                                    "Actual Startup Time": 13.199,
                                                                                    "Actual Total Time": 624.73,
                                                                                    "Actual Rows": 3041,
                                                                                    "Actual Loops": 1,
                                                                                    "Output": [
                                                                                        "cc.movie_id",
                                                                                        "cc.status_id",
                                                                                        "mi_idx.info",
                                                                                        "mi_idx.movie_id",
                                                                                        "mk.movie_id"
                                                                                    ],
                                                                                    "Inner Unique": true,
                                                                                    "Join Filter": "(cc.subject_id = cct1.id)",
                                                                                    "Rows Removed by Join Filter": 5491,
                                                                                    "Plans": [
                                                                                        {
                                                                                            "Node Type": "Nested Loop",
                                                                                            "Parent Relationship": "Outer",
                                                                                            "Parallel Aware": false,
                                                                                            "Join Type": "Inner",
                                                                                            "Startup Cost": 11.69,
                                                                                            "Total Cost": 8022.44,
                                                                                            "Plan Rows": 1,
                                                                                            "Plan Width": 25,
                                                                                            "Actual Startup Time": 11.789,
                                                                                            "Actual Total Time": 588.051,
                                                                                            "Actual Rows": 8532,
                                                                                            "Actual Loops": 1,
                                                                                            "Output": [
                                                                                                "cc.movie_id",
                                                                                                "cc.subject_id",
                                                                                                "cc.status_id",
                                                                                                "mi_idx.info",
                                                                                                "mi_idx.movie_id",
                                                                                                "mk.movie_id"
                                                                                            ],
                                                                                            "Inner Unique": false,
                                                                                            "Plans": [
                                                                                                {
                                                                                                    "Node Type": "Nested Loop",
                                                                                                    "Parent Relationship": "Outer",
                                                                                                    "Parallel Aware": false,
                                                                                                    "Join Type": "Inner",
                                                                                                    "Startup Cost": 11.25,
                                                                                                    "Total Cost": 8017.96,
                                                                                                    "Plan Rows": 1,
                                                                                                    "Plan Width": 13,
                                                                                                    "Actual Startup Time": 9.68,
                                                                                                    "Actual Total Time": 487.736,
                                                                                                    "Actual Rows": 11708,
                                                                                                    "Actual Loops": 1,
                                                                                                    "Output": [
                                                                                                        "mi_idx.info",
                                                                                                        "mi_idx.movie_id",
                                                                                                        "mk.movie_id"
                                                                                                    ],
                                                                                                    "Inner Unique": false,
                                                                                                    "Join Filter": "(mi_idx.info_type_id = it2.id)",
                                                                                                    "Rows Removed by Join Filter": 6993,
                                                                                                    "Plans": [
                                                                                                        {
                                                                                                            "Node Type": "Seq Scan",
                                                                                                            "Parent Relationship": "Outer",
                                                                                                            "Parallel Aware": false,
                                                                                                            "Relation Name": "info_type",
                                                                                                            "Schema": "public",
                                                                                                            "Alias": "it2",
                                                                                                            "Startup Cost": 0.0,
                                                                                                            "Total Cost": 2.41,
                                                                                                            "Plan Rows": 1,
                                                                                                            "Plan Width": 4,
                                                                                                            "Actual Startup Time": 0.076,
                                                                                                            "Actual Total Time": 0.079,
                                                                                                            "Actual Rows": 1,
                                                                                                            "Actual Loops": 1,
                                                                                                            "Output": [
                                                                                                                "it2.id",
                                                                                                                "it2.info"
                                                                                                            ],
                                                                                                            "Filter": "((it2.info)::text = 'rating'::text)",
                                                                                                            "Rows Removed by Filter": 112
                                                                                                        },
                                                                                                        {
                                                                                                            "Node Type": "Nested Loop",
                                                                                                            "Parent Relationship": "Inner",
                                                                                                            "Parallel Aware": false,
                                                                                                            "Join Type": "Inner",
                                                                                                            "Startup Cost": 11.25,
                                                                                                            "Total Cost": 8014.38,
                                                                                                            "Plan Rows": 93,
                                                                                                            "Plan Width": 17,
                                                                                                            "Actual Startup Time": 9.599,
                                                                                                            "Actual Total Time": 483.534,
                                                                                                            "Actual Rows": 18701,
                                                                                                            "Actual Loops": 1,
                                                                                                            "Output": [
                                                                                                                "mk.movie_id",
                                                                                                                "mi_idx.info",
                                                                                                                "mi_idx.movie_id",
                                                                                                                "mi_idx.info_type_id"
                                                                                                            ],
                                                                                                            "Inner Unique": false,
                                                                                                            "Plans": [
                                                                                                                {
                                                                                                                    "Node Type": "Nested Loop",
                                                                                                                    "Parent Relationship": "Outer",
                                                                                                                    "Parallel Aware": false,
                                                                                                                    "Join Type": "Inner",
                                                                                                                    "Startup Cost": 10.8,
                                                                                                                    "Total Cost": 7405.43,
                                                                                                                    "Plan Rows": 135,
                                                                                                                    "Plan Width": 4,
                                                                                                                    "Actual Startup Time": 9.498,
                                                                                                                    "Actual Total Time": 131.338,
                                                                                                                    "Actual Rows": 37091,
                                                                                                                    "Actual Loops": 1,
                                                                                                                    "Output": [
                                                                                                                        "mk.movie_id"
                                                                                                                    ],
                                                                                                                    "Inner Unique": false,
                                                                                                                    "Plans": [
                                                                                                                        {
                                                                                                                            "Node Type": "Seq Scan",
                                                                                                                            "Parent Relationship": "Outer",
                                                                                                                            "Parallel Aware": false,
                                                                                                                            "Relation Name": "keyword",
                                                                                                                            "Schema": "public",
                                                                                                                            "Alias": "k",
                                                                                                                            "Startup Cost": 0.0,
                                                                                                                            "Total Cost": 2961.55,
                                                                                                                            "Plan Rows": 4,
                                                                                                                            "Plan Width": 4,
                                                                                                                            "Actual Startup Time": 2.371,
                                                                                                                            "Actual Total Time": 22.988,
                                                                                                                            "Actual Rows": 3,
                                                                                                                            "Actual Loops": 1,
                                                                                                                            "Output": [
                                                                                                                                "k.id",
                                                                                                                                "k.keyword",
                                                                                                                                "k.phonetic_code"
                                                                                                                            ],
                                                                                                                            "Filter": "(k.keyword = ANY ('{murder,murder-in-title,blood,violence}'::text[]))",
                                                                                                                            "Rows Removed by Filter": 134167
                                                                                                                        },
                                                                                                                        {
                                                                                                                            "Node Type": "Bitmap Heap Scan",
                                                                                                                            "Parent Relationship": "Inner",
                                                                                                                            "Parallel Aware": false,
                                                                                                                            "Relation Name": "movie_keyword",
                                                                                                                            "Schema": "public",
                                                                                                                            "Alias": "mk",
                                                                                                                            "Startup Cost": 10.8,
                                                                                                                            "Total Cost": 1107.92,
                                                                                                                            "Plan Rows": 305,
                                                                                                                            "Plan Width": 8,
                                                                                                                            "Actual Startup Time": 4.872,
                                                                                                                            "Actual Total Time": 33.449,
                                                                                                                            "Actual Rows": 12364,
                                                                                                                            "Actual Loops": 3,
                                                                                                                            "Output": [
                                                                                                                                "mk.id",
                                                                                                                                "mk.movie_id",
                                                                                                                                "mk.keyword_id"
                                                                                                                            ],
                                                                                                                            "Recheck Cond": "(mk.keyword_id = k.id)",
                                                                                                                            "Rows Removed by Index Recheck": 0,
                                                                                                                            "Exact Heap Blocks": 26312,
                                                                                                                            "Lossy Heap Blocks": 0,
                                                                                                                            "Plans": [
                                                                                                                                {
                                                                                                                                    "Node Type": "Bitmap Index Scan",
                                                                                                                                    "Parent Relationship": "Outer",
                                                                                                                                    "Parallel Aware": false,
                                                                                                                                    "Index Name": "keyword_id_movie_keyword",
                                                                                                                                    "Startup Cost": 0.0,
                                                                                                                                    "Total Cost": 10.72,
                                                                                                                                    "Plan Rows": 305,
                                                                                                                                    "Plan Width": 0,
                                                                                                                                    "Actual Startup Time": 2.965,
                                                                                                                                    "Actual Total Time": 2.966,
                                                                                                                                    "Actual Rows": 12364,
                                                                                                                                    "Actual Loops": 3,
                                                                                                                                    "Index Cond": "(mk.keyword_id = k.id)"
                                                                                                                                }
                                                                                                                            ]
                                                                                                                        }
                                                                                                                    ]
                                                                                                                },
                                                                                                                {
                                                                                                                    "Node Type": "Bitmap Heap Scan",
                                                                                                                    "Parent Relationship": "Inner",
                                                                                                                    "Parallel Aware": false,
                                                                                                                    "Relation Name": "movie_info_idx",
                                                                                                                    "Schema": "public",
                                                                                                                    "Alias": "mi_idx",
                                                                                                                    "Startup Cost": 0.46,
                                                                                                                    "Total Cost": 4.5,
                                                                                                                    "Plan Rows": 1,
                                                                                                                    "Plan Width": 13,
                                                                                                                    "Actual Startup Time": 0.007,
                                                                                                                    "Actual Total Time": 0.007,
                                                                                                                    "Actual Rows": 1,
                                                                                                                    "Actual Loops": 37091,
                                                                                                                    "Output": [
                                                                                                                        "mi_idx.id",
                                                                                                                        "mi_idx.movie_id",
                                                                                                                        "mi_idx.info_type_id",
                                                                                                                        "mi_idx.info",
                                                                                                                        "mi_idx.note"
                                                                                                                    ],
                                                                                                                    "Recheck Cond": "(mi_idx.movie_id = mk.movie_id)",
                                                                                                                    "Rows Removed by Index Recheck": 0,
                                                                                                                    "Filter": "(mi_idx.info > '6.5'::text)",
                                                                                                                    "Rows Removed by Filter": 2,
                                                                                                                    "Exact Heap Blocks": 32895,
                                                                                                                    "Lossy Heap Blocks": 0,
                                                                                                                    "Plans": [
                                                                                                                        {
                                                                                                                            "Node Type": "Bitmap Index Scan",
                                                                                                                            "Parent Relationship": "Outer",
                                                                                                                            "Parallel Aware": false,
                                                                                                                            "Index Name": "movie_id_movie_info_idx",
                                                                                                                            "Startup Cost": 0.0,
                                                                                                                            "Total Cost": 0.46,
                                                                                                                            "Plan Rows": 3,
                                                                                                                            "Plan Width": 0,
                                                                                                                            "Actual Startup Time": 0.004,
                                                                                                                            "Actual Total Time": 0.004,
                                                                                                                            "Actual Rows": 3,
                                                                                                                            "Actual Loops": 37091,
                                                                                                                            "Index Cond": "(mi_idx.movie_id = mk.movie_id)"
                                                                                                                        }
                                                                                                                    ]
                                                                                                                }
                                                                                                            ]
                                                                                                        }
                                                                                                    ]
                                                                                                },
                                                                                                {
                                                                                                    "Node Type": "Bitmap Heap Scan",
                                                                                                    "Parent Relationship": "Inner",
                                                                                                    "Parallel Aware": false,
                                                                                                    "Relation Name": "complete_cast",
                                                                                                    "Schema": "public",
                                                                                                    "Alias": "cc",
                                                                                                    "Startup Cost": 0.44,
                                                                                                    "Total Cost": 4.46,
                                                                                                    "Plan Rows": 2,
                                                                                                    "Plan Width": 12,
                                                                                                    "Actual Startup Time": 0.005,
                                                                                                    "Actual Total Time": 0.006,
                                                                                                    "Actual Rows": 1,
                                                                                                    "Actual Loops": 11708,
                                                                                                    "Output": [
                                                                                                        "cc.id",
                                                                                                        "cc.movie_id",
                                                                                                        "cc.subject_id",
                                                                                                        "cc.status_id"
                                                                                                    ],
                                                                                                    "Recheck Cond": "(cc.movie_id = mk.movie_id)",
                                                                                                    "Rows Removed by Index Recheck": 0,
                                                                                                    "Exact Heap Blocks": 8532,
                                                                                                    "Lossy Heap Blocks": 0,
                                                                                                    "Plans": [
                                                                                                        {
                                                                                                            "Node Type": "Bitmap Index Scan",
                                                                                                            "Parent Relationship": "Outer",
                                                                                                            "Parallel Aware": false,
                                                                                                            "Index Name": "movie_id_complete_cast",
                                                                                                            "Startup Cost": 0.0,
                                                                                                            "Total Cost": 0.44,
                                                                                                            "Plan Rows": 2,
                                                                                                            "Plan Width": 0,
                                                                                                            "Actual Startup Time": 0.003,
                                                                                                            "Actual Total Time": 0.003,
                                                                                                            "Actual Rows": 1,
                                                                                                            "Actual Loops": 11708,
                                                                                                            "Index Cond": "(cc.movie_id = mk.movie_id)"
                                                                                                        }
                                                                                                    ]
                                                                                                }
                                                                                            ]
                                                                                        },
                                                                                        {
                                                                                            "Node Type": "Seq Scan",
                                                                                            "Parent Relationship": "Inner",
                                                                                            "Parallel Aware": false,
                                                                                            "Relation Name": "comp_cast_type",
                                                                                            "Schema": "public",
                                                                                            "Alias": "cct1",
                                                                                            "Startup Cost": 0.0,
                                                                                            "Total Cost": 1.05,
                                                                                            "Plan Rows": 1,
                                                                                            "Plan Width": 4,
                                                                                            "Actual Startup Time": 0.002,
                                                                                            "Actual Total Time": 0.002,
                                                                                            "Actual Rows": 1,
                                                                                            "Actual Loops": 8532,
                                                                                            "Output": [
                                                                                                "cct1.id",
                                                                                                "cct1.kind"
                                                                                            ],
                                                                                            "Filter": "((cct1.kind)::text = 'crew'::text)",
                                                                                            "Rows Removed by Filter": 2
                                                                                        }
                                                                                    ]
                                                                                },
                                                                                {
                                                                                    "Node Type": "Seq Scan",
                                                                                    "Parent Relationship": "Inner",
                                                                                    "Parallel Aware": false,
                                                                                    "Relation Name": "comp_cast_type",
                                                                                    "Schema": "public",
                                                                                    "Alias": "cct2",
                                                                                    "Startup Cost": 0.0,
                                                                                    "Total Cost": 1.05,
                                                                                    "Plan Rows": 3,
                                                                                    "Plan Width": 4,
                                                                                    "Actual Startup Time": 0.001,
                                                                                    "Actual Total Time": 0.002,
                                                                                    "Actual Rows": 3,
                                                                                    "Actual Loops": 3041,
                                                                                    "Output": [
                                                                                        "cct2.id",
                                                                                        "cct2.kind"
                                                                                    ],
                                                                                    "Filter": "((cct2.kind)::text <> 'complete+verified'::text)",
                                                                                    "Rows Removed by Filter": 0
                                                                                }
                                                                            ]
                                                                        },
                                                                        {
                                                                            "Node Type": "Bitmap Heap Scan",
                                                                            "Parent Relationship": "Inner",
                                                                            "Parallel Aware": false,
                                                                            "Relation Name": "movie_companies",
                                                                            "Schema": "public",
                                                                            "Alias": "mc",
                                                                            "Startup Cost": 0.48,
                                                                            "Total Cost": 4.56,
                                                                            "Plan Rows": 1,
                                                                            "Plan Width": 12,
                                                                            "Actual Startup Time": 0.022,
                                                                            "Actual Total Time": 0.029,
                                                                            "Actual Rows": 4,
                                                                            "Actual Loops": 1591,
                                                                            "Output": [
                                                                                "mc.id",
                                                                                "mc.movie_id",
                                                                                "mc.company_id",
                                                                                "mc.company_type_id",
                                                                                "mc.note"
                                                                            ],
                                                                            "Recheck Cond": "(mc.movie_id = mk.movie_id)",
                                                                            "Rows Removed by Index Recheck": 0,
                                                                            "Filter": "((mc.note !~~ '%(USA)%'::text) AND (mc.note ~~ '%(200%)%'::text))",
                                                                            "Rows Removed by Filter": 10,
                                                                            "Exact Heap Blocks": 3333,
                                                                            "Lossy Heap Blocks": 0,
                                                                            "Plans": [
                                                                                {
                                                                                    "Node Type": "Bitmap Index Scan",
                                                                                    "Parent Relationship": "Outer",
                                                                                    "Parallel Aware": false,
                                                                                    "Index Name": "movie_id_movie_companies",
                                                                                    "Startup Cost": 0.0,
                                                                                    "Total Cost": 0.48,
                                                                                    "Plan Rows": 5,
                                                                                    "Plan Width": 0,
                                                                                    "Actual Startup Time": 0.012,
                                                                                    "Actual Total Time": 0.012,
                                                                                    "Actual Rows": 14,
                                                                                    "Actual Loops": 1591,
                                                                                    "Index Cond": "(mc.movie_id = mk.movie_id)"
                                                                                }
                                                                            ]
                                                                        }
                                                                    ]
                                                                },
                                                                {
                                                                    "Node Type": "Bitmap Heap Scan",
                                                                    "Parent Relationship": "Inner",
                                                                    "Parallel Aware": false,
                                                                    "Relation Name": "company_name",
                                                                    "Schema": "public",
                                                                    "Alias": "cn",
                                                                    "Startup Cost": 0.45,
                                                                    "Total Cost": 4.47,
                                                                    "Plan Rows": 1,
                                                                    "Plan Width": 23,
                                                                    "Actual Startup Time": 0.006,
                                                                    "Actual Total Time": 0.006,
                                                                    "Actual Rows": 1,
                                                                    "Actual Loops": 6570,
                                                                    "Output": [
                                                                        "cn.id",
                                                                        "cn.name",
                                                                        "cn.country_code",
                                                                        "cn.imdb_id",
                                                                        "cn.name_pcode_nf",
                                                                        "cn.name_pcode_sf",
                                                                        "cn.md5sum"
                                                                    ],
                                                                    "Recheck Cond": "(cn.id = mc.company_id)",
                                                                    "Rows Removed by Index Recheck": 0,
                                                                    "Filter": "((cn.country_code)::text <> '[us]'::text)",
                                                                    "Rows Removed by Filter": 0,
                                                                    "Exact Heap Blocks": 6570,
                                                                    "Lossy Heap Blocks": 0,
                                                                    "Plans": [
                                                                        {
                                                                            "Node Type": "Bitmap Index Scan",
                                                                            "Parent Relationship": "Outer",
                                                                            "Parallel Aware": false,
                                                                            "Index Name": "company_name_pkey",
                                                                            "Startup Cost": 0.0,
                                                                            "Total Cost": 0.45,
                                                                            "Plan Rows": 1,
                                                                            "Plan Width": 0,
                                                                            "Actual Startup Time": 0.004,
                                                                            "Actual Total Time": 0.004,
                                                                            "Actual Rows": 1,
                                                                            "Actual Loops": 6570,
                                                                            "Index Cond": "(cn.id = mc.company_id)"
                                                                        }
                                                                    ]
                                                                }
                                                            ]
                                                        },
                                                        {
                                                            "Node Type": "Seq Scan",
                                                            "Parent Relationship": "Inner",
                                                            "Parallel Aware": false,
                                                            "Relation Name": "company_type",
                                                            "Schema": "public",
                                                            "Alias": "ct",
                                                            "Startup Cost": 0.0,
                                                            "Total Cost": 1.04,
                                                            "Plan Rows": 4,
                                                            "Plan Width": 4,
                                                            "Actual Startup Time": 0.001,
                                                            "Actual Total Time": 0.001,
                                                            "Actual Rows": 1,
                                                            "Actual Loops": 6376,
                                                            "Output": [
                                                                "ct.id",
                                                                "ct.kind"
                                                            ]
                                                        }
                                                    ]
                                                },
                                                {
                                                    "Node Type": "Bitmap Heap Scan",
                                                    "Parent Relationship": "Inner",
                                                    "Parallel Aware": false,
                                                    "Relation Name": "title",
                                                    "Schema": "public",
                                                    "Alias": "t",
                                                    "Startup Cost": 0.45,
                                                    "Total Cost": 4.46,
                                                    "Plan Rows": 1,
                                                    "Plan Width": 25,
                                                    "Actual Startup Time": 0.006,
                                                    "Actual Total Time": 0.006,
                                                    "Actual Rows": 1,
                                                    "Actual Loops": 6376,
                                                    "Output": [
                                                        "t.id",
                                                        "t.title",
                                                        "t.imdb_index",
                                                        "t.kind_id",
                                                        "t.production_year",
                                                        "t.imdb_id",
                                                        "t.phonetic_code",
                                                        "t.episode_of_id",
                                                        "t.season_nr",
                                                        "t.episode_nr",
                                                        "t.series_years",
                                                        "t.md5sum"
                                                    ],
                                                    "Recheck Cond": "(t.id = mk.movie_id)",
                                                    "Rows Removed by Index Recheck": 0,
                                                    "Filter": "(t.production_year > 1998)",
                                                    "Rows Removed by Filter": 0,
                                                    "Exact Heap Blocks": 6376,
                                                    "Lossy Heap Blocks": 0,
                                                    "Plans": [
                                                        {
                                                            "Node Type": "Bitmap Index Scan",
                                                            "Parent Relationship": "Outer",
                                                            "Parallel Aware": false,
                                                            "Index Name": "title_pkey",
                                                            "Startup Cost": 0.0,
                                                            "Total Cost": 0.45,
                                                            "Plan Rows": 1,
                                                            "Plan Width": 0,
                                                            "Actual Startup Time": 0.004,
                                                            "Actual Total Time": 0.004,
                                                            "Actual Rows": 1,
                                                            "Actual Loops": 6376,
                                                            "Index Cond": "(t.id = mk.movie_id)"
                                                        }
                                                    ]
                                                }
                                            ]
                                        },
                                        {
                                            "Node Type": "Bitmap Heap Scan",
                                            "Parent Relationship": "Inner",
                                            "Parallel Aware": false,
                                            "Relation Name": "movie_info",
                                            "Schema": "public",
                                            "Alias": "mi",
                                            "Startup Cost": 0.79,
                                            "Total Cost": 5.51,
                                            "Plan Rows": 1,
                                            "Plan Width": 8,
                                            "Actual Startup Time": 0.084,
                                            "Actual Total Time": 0.093,
                                            "Actual Rows": 0,
                                            "Actual Loops": 4166,
                                            "Output": [
                                                "mi.id",
                                                "mi.movie_id",
                                                "mi.info_type_id",
                                                "mi.info",
                                                "mi.note"
                                            ],
                                            "Recheck Cond": "(mi.movie_id = mk.movie_id)",
                                            "Rows Removed by Index Recheck": 0,
                                            "Filter": "(mi.info = ANY ('{Sweden,Germany,Swedish,German}'::text[]))",
                                            "Rows Removed by Filter": 290,
                                            "Exact Heap Blocks": 104875,
                                            "Lossy Heap Blocks": 0,
                                            "Plans": [
                                                {
                                                    "Node Type": "Bitmap Index Scan",
                                                    "Parent Relationship": "Outer",
                                                    "Parallel Aware": false,
                                                    "Index Name": "movie_id_movie_info",
                                                    "Startup Cost": 0.0,
                                                    "Total Cost": 0.79,
                                                    "Plan Rows": 41,
                                                    "Plan Width": 0,
                                                    "Actual Startup Time": 0.015,
                                                    "Actual Total Time": 0.015,
                                                    "Actual Rows": 290,
                                                    "Actual Loops": 4166,
                                                    "Index Cond": "(mi.movie_id = mk.movie_id)"
                                                }
                                            ]
                                        }
                                    ]
                                },
                                {
                                    "Node Type": "Seq Scan",
                                    "Parent Relationship": "Inner",
                                    "Parallel Aware": false,
                                    "Relation Name": "info_type",
                                    "Schema": "public",
                                    "Alias": "it1",
                                    "Startup Cost": 0.0,
                                    "Total Cost": 2.41,
                                    "Plan Rows": 1,
                                    "Plan Width": 4,
                                    "Actual Startup Time": 0.004,
                                    "Actual Total Time": 0.006,
                                    "Actual Rows": 1,
                                    "Actual Loops": 1700,
                                    "Output": [
                                        "it1.id",
                                        "it1.info"
                                    ],
                                    "Filter": "((it1.info)::text = 'countries'::text)",
                                    "Rows Removed by Filter": 39
                                }
                            ]
                        },
                        {
                            "Node Type": "Seq Scan",
                            "Parent Relationship": "Inner",
                            "Parallel Aware": false,
                            "Relation Name": "kind_type",
                            "Schema": "public",
                            "Alias": "kt",
                            "Startup Cost": 0.0,
                            "Total Cost": 1.09,
                            "Plan Rows": 2,
                            "Plan Width": 4,
                            "Actual Startup Time": 0.002,
                            "Actual Total Time": 0.002,
                            "Actual Rows": 1,
                            "Actual Loops": 1180,
                            "Output": [
                                "kt.id",
                                "kt.kind"
                            ],
                            "Filter": "((kt.kind)::text = ANY ('{movie,episode}'::text[]))",
                            "Rows Removed by Filter": 0
                        }
                    ]
                }
            ]
        },
        "Planning Time": 3932.597,
        "Triggers": [],
        "Execution Time": 1258.225
    }
]