{
  "Plan": {
    "Node Type": "Aggregate",
    "Strategy": "Plain",
    "Partial Mode": "Finalize",
    "Parallel Aware": false,
    "Startup Cost": 481135.68,
    "Total Cost": 481135.69,
    "Plan Rows": 1,
    "Plan Width": 8,
    "Actual Startup Time": 1330.175,
    "Actual Total Time": 1350.897,
    "Actual Rows": 1,
    "Actual Loops": 1,
    "Plans": [
      {
        "Node Type": "Gather",
        "Parent Relationship": "Outer",
        "Parallel Aware": false,
        "Startup Cost": 481135.57,
        "Total Cost": 481135.68,
        "Plan Rows": 1,
        "Plan Width": 8,
        "Actual Startup Time": 1328.336,
        "Actual Total Time": 1350.89,
        "Actual Rows": 2,
        "Actual Loops": 1,
        "Workers Planned": 1,
        "Workers Launched": 1,
        "Single Copy": false,
        "Plans": [
          {
            "Node Type": "Aggregate",
            "Strategy": "Plain",
            "Partial Mode": "Partial",
            "Parent Relationship": "Outer",
            "Parallel Aware": false,
            "Startup Cost": 480135.57,
            "Total Cost": 480135.58,
            "Plan Rows": 1,
            "Plan Width": 8,
            "Actual Startup Time": 1322.133,
            "Actual Total Time": 1322.137,
            "Actual Rows": 1,
            "Actual Loops": 2,
            "Plans": [
              {
                "Node Type": "Nested Loop",
                "Parent Relationship": "Outer",
                "Parallel Aware": false,
                "Join Type": "Inner",
                "Startup Cost": 89152.3,
                "Total Cost": 479289.16,
                "Plan Rows": 338566,
                "Plan Width": 0,
                "Actual Startup Time": 321.187,
                "Actual Total Time": 1284.03,
                "Actual Rows": 851973,
                "Actual Loops": 2,
                "Inner Unique": false,
                "Join Filter": "(t.id = mc.movie_id)",
                "Rows Removed by Join Filter": 0,
                "Plans": [
                  {
                    "Node Type": "Hash Join",
                    "Parent Relationship": "Outer",
                    "Parallel Aware": true,
                    "Join Type": "Inner",
                    "Startup Cost": 89151.87,
                    "Total Cost": 264802.19,
                    "Plan Rows": 328077,
                    "Plan Width": 8,
                    "Actual Startup Time": 321.059,
                    "Actual Total Time": 573.605,
                    "Actual Rows": 322468,
                    "Actual Loops": 2,
                    "Inner Unique": true,
                    "Hash Cond": "(mi.movie_id = t.id)",
                    "Plans": [
                      {
                        "Node Type": "Bitmap Heap Scan",
                        "Parent Relationship": "Outer",
                        "Parallel Aware": true,
                        "Relation Name": "movie_info",
                        "Alias": "mi",
                        "Startup Cost": 27808.97,
                        "Total Cost": 201089.01,
                        "Plan Rows": 902963,
                        "Plan Width": 4,
                        "Actual Startup Time": 43.719,
                        "Actual Total Time": 109.495,
                        "Actual Rows": 766954,
                        "Actual Loops": 2,
                        "Recheck Cond": "(info_type_id = 3)",
                        "Rows Removed by Index Recheck": 0,
                        "Exact Heap Blocks": 5015,
                        "Lossy Heap Blocks": 0,
                        "Plans": [
                          {
                            "Node Type": "Bitmap Index Scan",
                            "Parent Relationship": "Outer",
                            "Parallel Aware": false,
                            "Index Name": "info_type_id_movie_info",
                            "Startup Cost": 0.0,
                            "Total Cost": 27425.21,
                            "Plan Rows": 1535037,
                            "Plan Width": 0,
                            "Actual Startup Time": 42.231,
                            "Actual Total Time": 42.231,
                            "Actual Rows": 1533909,
                            "Actual Loops": 1,
                            "Index Cond": "(info_type_id = 3)"
                          }
                        ]
                      },
                      {
                        "Node Type": "Hash",
                        "Parent Relationship": "Inner",
                        "Parallel Aware": true,
                        "Startup Cost": 54588.39,
                        "Total Cost": 54588.39,
                        "Plan Rows": 540361,
                        "Plan Width": 4,
                        "Actual Startup Time": 268.588,
                        "Actual Total Time": 268.589,
                        "Actual Rows": 462302,
                        "Actual Loops": 2,
                        "Hash Buckets": 1048576,
                        "Original Hash Buckets": 1048576,
                        "Hash Batches": 1,
                        "Original Hash Batches": 1,
                        "Peak Memory Usage": 44416,
                        "Plans": [
                          {
                            "Node Type": "Seq Scan",
                            "Parent Relationship": "Outer",
                            "Parallel Aware": true,
                            "Relation Name": "title",
                            "Alias": "t",
                            "Startup Cost": 0.0,
                            "Total Cost": 54588.39,
                            "Plan Rows": 540361,
                            "Plan Width": 4,
                            "Actual Startup Time": 0.027,
                            "Actual Total Time": 157.005,
                            "Actual Rows": 462302,
                            "Actual Loops": 2,
                            "Filter": "(production_year < 1998)",
                            "Rows Removed by Filter": 801854
                          }
                        ]
                      }
                    ]
                  },
                  {
                    "Node Type": "Index Only Scan",
                    "Parent Relationship": "Inner",
                    "Parallel Aware": false,
                    "Scan Direction": "Forward",
                    "Index Name": "movie_id_movie_companies",
                    "Relation Name": "movie_companies",
                    "Alias": "mc",
                    "Startup Cost": 0.43,
                    "Total Cost": 0.59,
                    "Plan Rows": 5,
                    "Plan Width": 4,
                    "Actual Startup Time": 0.001,
                    "Actual Total Time": 0.002,
                    "Actual Rows": 3,
                    "Actual Loops": 644937,
                    "Index Cond": "(movie_id = mi.movie_id)",
                    "Rows Removed by Index Recheck": 0,
                    "Heap Fetches": 1703946
                  }
                ]
              }
            ]
          }
        ]
      }
    ]
  },
  "Planning Time": 1.13,
  "Triggers": [],
  "Execution Time": 1351.001
}