[
    {
        "Bao": {
            "Bao prediction": "NaN",
            "Bao recommended hint": "(no hint)"
        }
    },
    {
        "Plan": {
            "Node Type": "Aggregate",
            "Strategy": "Plain",
            "Partial Mode": "Finalize",
            "Parallel Aware": false,
            "Startup Cost": 28819.16,
            "Total Cost": 28819.17,
            "Plan Rows": 1,
            "Plan Width": 8,
            "Actual Startup Time": 58.629,
            "Actual Total Time": 63.4,
            "Actual Rows": 1,
            "Actual Loops": 1,
            "Output": [
                "count(*)"
            ],
            "Plans": [
                {
                    "Node Type": "Gather",
                    "Parent Relationship": "Outer",
                    "Parallel Aware": false,
                    "Startup Cost": 28818.84,
                    "Total Cost": 28819.15,
                    "Plan Rows": 3,
                    "Plan Width": 8,
                    "Actual Startup Time": 58.381,
                    "Actual Total Time": 63.392,
                    "Actual Rows": 4,
                    "Actual Loops": 1,
                    "Output": [
                        "(PARTIAL count(*))"
                    ],
                    "Workers Planned": 3,
                    "Workers Launched": 3,
                    "Single Copy": false,
                    "Plans": [
                        {
                            "Node Type": "Aggregate",
                            "Strategy": "Plain",
                            "Partial Mode": "Partial",
                            "Parent Relationship": "Outer",
                            "Parallel Aware": false,
                            "Startup Cost": 27818.84,
                            "Total Cost": 27818.85,
                            "Plan Rows": 1,
                            "Plan Width": 8,
                            "Actual Startup Time": 49.625,
                            "Actual Total Time": 49.628,
                            "Actual Rows": 1,
                            "Actual Loops": 4,
                            "Output": [
                                "PARTIAL count(*)"
                            ],
                            "Workers": [
                                {
                                    "Worker Number": 0,
                                    "Actual Startup Time": 46.68,
                                    "Actual Total Time": 46.691,
                                    "Actual Rows": 1,
                                    "Actual Loops": 1
                                },
                                {
                                    "Worker Number": 1,
                                    "Actual Startup Time": 46.84,
                                    "Actual Total Time": 46.841,
                                    "Actual Rows": 1,
                                    "Actual Loops": 1
                                },
                                {
                                    "Worker Number": 2,
                                    "Actual Startup Time": 47.209,
                                    "Actual Total Time": 47.21,
                                    "Actual Rows": 1,
                                    "Actual Loops": 1
                                }
                            ],
                            "Plans": [
                                {
                                    "Node Type": "Bitmap Heap Scan",
                                    "Parent Relationship": "Outer",
                                    "Parallel Aware": true,
                                    "Relation Name": "movie_keyword",
                                    "Schema": "public",
                                    "Alias": "mk",
                                    "Startup Cost": 2740.47,
                                    "Total Cost": 27714.78,
                                    "Plan Rows": 41625,
                                    "Plan Width": 0,
                                    "Actual Startup Time": 5.817,
                                    "Actual Total Time": 47.499,
                                    "Actual Rows": 30160,
                                    "Actual Loops": 4,
                                    "Recheck Cond": "(mk.keyword_id > 77913)",
                                    "Rows Removed by Index Recheck": 0,
                                    "Exact Heap Blocks": 11492,
                                    "Lossy Heap Blocks": 0,
                                    "Workers": [
                                        {
                                            "Worker Number": 0,
                                            "Actual Startup Time": 3.019,
                                            "Actual Total Time": 44.949,
                                            "Actual Rows": 13871,
                                            "Actual Loops": 1
                                        },
                                        {
                                            "Worker Number": 1,
                                            "Actual Startup Time": 3.159,
                                            "Actual Total Time": 45.146,
                                            "Actual Rows": 15498,
                                            "Actual Loops": 1
                                        },
                                        {
                                            "Worker Number": 2,
                                            "Actual Startup Time": 3.362,
                                            "Actual Total Time": 45.24,
                                            "Actual Rows": 16478,
                                            "Actual Loops": 1
                                        }
                                    ],
                                    "Plans": [
                                        {
                                            "Node Type": "Bitmap Index Scan",
                                            "Parent Relationship": "Outer",
                                            "Parallel Aware": false,
                                            "Index Name": "keyword_id_movie_keyword",
                                            "Startup Cost": 0.0,
                                            "Total Cost": 2708.21,
                                            "Plan Rows": 129037,
                                            "Plan Width": 0,
                                            "Actual Startup Time": 10.227,
                                            "Actual Total Time": 10.228,
                                            "Actual Rows": 120641,
                                            "Actual Loops": 1,
                                            "Index Cond": "(mk.keyword_id > 77913)"
                                        }
                                    ]
                                }
                            ]
                        }
                    ]
                }
            ]
        },
        "Planning Time": 188.888,
        "Triggers": [],
        "Execution Time": 63.5
    }
]