{
  "Plan": {
    "Node Type": "Aggregate",
    "Strategy": "Plain",
    "Partial Mode": "Finalize",
    "Parallel Aware": false,
    "Startup Cost": 606376.69,
    "Total Cost": 606376.7,
    "Plan Rows": 1,
    "Plan Width": 8,
    "Actual Startup Time": 14594.422,
    "Actual Total Time": 14720.956,
    "Actual Rows": 1,
    "Actual Loops": 1,
    "Plans": [
      {
        "Node Type": "Gather",
        "Parent Relationship": "Outer",
        "Parallel Aware": false,
        "Startup Cost": 606376.58,
        "Total Cost": 606376.69,
        "Plan Rows": 1,
        "Plan Width": 8,
        "Actual Startup Time": 14566.788,
        "Actual Total Time": 14720.938,
        "Actual Rows": 2,
        "Actual Loops": 1,
        "Workers Planned": 1,
        "Workers Launched": 1,
        "Single Copy": false,
        "Plans": [
          {
            "Node Type": "Aggregate",
            "Strategy": "Plain",
            "Partial Mode": "Partial",
            "Parent Relationship": "Outer",
            "Parallel Aware": false,
            "Startup Cost": 605376.58,
            "Total Cost": 605376.59,
            "Plan Rows": 1,
            "Plan Width": 8,
            "Actual Startup Time": 14543.514,
            "Actual Total Time": 14546.587,
            "Actual Rows": 1,
            "Actual Loops": 2,
            "Plans": [
              {
                "Node Type": "Hash Join",
                "Parent Relationship": "Outer",
                "Parallel Aware": true,
                "Join Type": "Inner",
                "Startup Cost": 449947.61,
                "Total Cost": 582618.99,
                "Plan Rows": 9103035,
                "Plan Width": 0,
                "Actual Startup Time": 6359.535,
                "Actual Total Time": 11632.688,
                "Actual Rows": 72114042,
                "Actual Loops": 2,
                "Inner Unique": false,
                "Hash Cond": "(mk.movie_id = t.id)",
                "Plans": [
                  {
                    "Node Type": "Seq Scan",
                    "Parent Relationship": "Outer",
                    "Parallel Aware": true,
                    "Relation Name": "movie_keyword",
                    "Alias": "mk",
                    "Startup Cost": 0.0,
                    "Total Cost": 57718.19,
                    "Plan Rows": 1556795,
                    "Plan Width": 4,
                    "Actual Startup Time": 0.336,
                    "Actual Total Time": 202.957,
                    "Actual Rows": 1321418,
                    "Actual Loops": 2,
                    "Filter": "(keyword_id > 3218)",
                    "Rows Removed by Filter": 940546
                  },
                  {
                    "Node Type": "Hash",
                    "Parent Relationship": "Inner",
                    "Parallel Aware": true,
                    "Startup Cost": 341244.19,
                    "Total Cost": 341244.19,
                    "Plan Rows": 8696274,
                    "Plan Width": 8,
                    "Actual Startup Time": 6302.491,
                    "Actual Total Time": 6305.562,
                    "Actual Rows": 7417860,
                    "Actual Loops": 2,
                    "Hash Buckets": 16777216,
                    "Original Hash Buckets": 16777216,
                    "Hash Batches": 1,
                    "Original Hash Batches": 1,
                    "Peak Memory Usage": 711488,
                    "Plans": [
                      {
                        "Node Type": "Hash Join",
                        "Parent Relationship": "Outer",
                        "Parallel Aware": true,
                        "Join Type": "Inner",
                        "Startup Cost": 69460.7,
                        "Total Cost": 341244.19,
                        "Plan Rows": 8696274,
                        "Plan Width": 8,
                        "Actual Startup Time": 622.354,
                        "Actual Total Time": 4015.936,
                        "Actual Rows": 7417860,
                        "Actual Loops": 2,
                        "Inner Unique": true,
                        "Hash Cond": "(mi.movie_id = t.id)",
                        "Plans": [
                          {
                            "Node Type": "Seq Scan",
                            "Parent Relationship": "Outer",
                            "Parallel Aware": true,
                            "Relation Name": "movie_info",
                            "Alias": "mi",
                            "Startup Cost": 0.0,
                            "Total Cost": 248955.74,
                            "Plan Rows": 8696274,
                            "Plan Width": 4,
                            "Actual Startup Time": 0.012,
                            "Actual Total Time": 717.783,
                            "Actual Rows": 7417860,
                            "Actual Loops": 2
                          },
                          {
                            "Node Type": "Hash",
                            "Parent Relationship": "Inner",
                            "Parallel Aware": true,
                            "Startup Cost": 50870.31,
                            "Total Cost": 50870.31,
                            "Plan Rows": 1487231,
                            "Plan Width": 4,
                            "Actual Startup Time": 611.368,
                            "Actual Total Time": 611.369,
                            "Actual Rows": 1264156,
                            "Actual Loops": 2,
                            "Hash Buckets": 4194304,
                            "Original Hash Buckets": 4194304,
                            "Hash Batches": 1,
                            "Original Hash Batches": 1,
                            "Peak Memory Usage": 131680,
                            "Plans": [
                              {
                                "Node Type": "Seq Scan",
                                "Parent Relationship": "Outer",
                                "Parallel Aware": true,
                                "Relation Name": "title",
                                "Alias": "t",
                                "Startup Cost": 0.0,
                                "Total Cost": 50870.31,
                                "Plan Rows": 1487231,
                                "Plan Width": 4,
                                "Actual Startup Time": 0.035,
                                "Actual Total Time": 189.443,
                                "Actual Rows": 1264156,
                                "Actual Loops": 2
                              }
                            ]
                          }
                        ]
                      }
                    ]
                  }
                ]
              }
            ]
          }
        ]
      }
    ]
  },
  "Planning Time": 1.023,
  "Triggers": [],
  "Execution Time": 14721.046
}