{
  "Plan": {
    "Node Type": "Aggregate",
    "Strategy": "Plain",
    "Partial Mode": "Finalize",
    "Parallel Aware": false,
    "Startup Cost": 90501.9,
    "Total Cost": 90501.91,
    "Plan Rows": 1,
    "Plan Width": 8,
    "Actual Startup Time": 131.975,
    "Actual Total Time": 140.915,
    "Actual Rows": 1,
    "Actual Loops": 1,
    "Plans": [
      {
        "Node Type": "Gather",
        "Parent Relationship": "Outer",
        "Parallel Aware": false,
        "Startup Cost": 90501.78,
        "Total Cost": 90501.89,
        "Plan Rows": 1,
        "Plan Width": 8,
        "Actual Startup Time": 131.743,
        "Actual Total Time": 140.908,
        "Actual Rows": 2,
        "Actual Loops": 1,
        "Workers Planned": 1,
        "Workers Launched": 1,
        "Single Copy": false,
        "Plans": [
          {
            "Node Type": "Aggregate",
            "Strategy": "Plain",
            "Partial Mode": "Partial",
            "Parent Relationship": "Outer",
            "Parallel Aware": false,
            "Startup Cost": 89501.78,
            "Total Cost": 89501.79,
            "Plan Rows": 1,
            "Plan Width": 8,
            "Actual Startup Time": 125.581,
            "Actual Total Time": 125.583,
            "Actual Rows": 1,
            "Actual Loops": 2,
            "Plans": [
              {
                "Node Type": "Nested Loop",
                "Parent Relationship": "Outer",
                "Parallel Aware": false,
                "Join Type": "Inner",
                "Startup Cost": 11825.05,
                "Total Cost": 89483.17,
                "Plan Rows": 7446,
                "Plan Width": 0,
                "Actual Startup Time": 38.904,
                "Actual Total Time": 124.692,
                "Actual Rows": 15815,
                "Actual Loops": 2,
                "Inner Unique": false,
                "Plans": [
                  {
                    "Node Type": "Bitmap Heap Scan",
                    "Parent Relationship": "Outer",
                    "Parallel Aware": true,
                    "Relation Name": "title",
                    "Alias": "t",
                    "Startup Cost": 11824.62,
                    "Total Cost": 53674.88,
                    "Plan Rows": 4162,
                    "Plan Width": 4,
                    "Actual Startup Time": 38.043,
                    "Actual Total Time": 97.774,
                    "Actual Rows": 2595,
                    "Actual Loops": 2,
                    "Recheck Cond": "(kind_id = 1)",
                    "Rows Removed by Index Recheck": 0,
                    "Filter": "(production_year = 1992)",
                    "Rows Removed by Filter": 328818,
                    "Exact Heap Blocks": 9699,
                    "Lossy Heap Blocks": 0,
                    "Plans": [
                      {
                        "Node Type": "Bitmap Index Scan",
                        "Parent Relationship": "Outer",
                        "Parallel Aware": false,
                        "Index Name": "kind_id_title",
                        "Startup Cost": 0.0,
                        "Total Cost": 11822.85,
                        "Plan Rows": 663256,
                        "Plan Width": 0,
                        "Actual Startup Time": 41.699,
                        "Actual Total Time": 41.7,
                        "Actual Rows": 662825,
                        "Actual Loops": 1,
                        "Index Cond": "(kind_id = 1)"
                      }
                    ]
                  },
                  {
                    "Node Type": "Index Only Scan",
                    "Parent Relationship": "Inner",
                    "Parallel Aware": false,
                    "Scan Direction": "Forward",
                    "Index Name": "movie_id_movie_keyword",
                    "Relation Name": "movie_keyword",
                    "Alias": "mk",
                    "Startup Cost": 0.43,
                    "Total Cost": 8.15,
                    "Plan Rows": 45,
                    "Plan Width": 4,
                    "Actual Startup Time": 0.008,
                    "Actual Total Time": 0.01,
                    "Actual Rows": 6,
                    "Actual Loops": 5190,
                    "Index Cond": "(movie_id = t.id)",
                    "Rows Removed by Index Recheck": 0,
                    "Heap Fetches": 31630
                  }
                ]
              }
            ]
          }
        ]
      }
    ]
  },
  "Planning Time": 0.496,
  "Triggers": [],
  "Execution Time": 141.009
}