{
  "Plan": {
    "Node Type": "Aggregate",
    "Strategy": "Plain",
    "Partial Mode": "Finalize",
    "Parallel Aware": false,
    "Startup Cost": 90877.07,
    "Total Cost": 90877.08,
    "Plan Rows": 1,
    "Plan Width": 8,
    "Actual Startup Time": 476.012,
    "Actual Total Time": 494.105,
    "Actual Rows": 1,
    "Actual Loops": 1,
    "Plans": [
      {
        "Node Type": "Gather",
        "Parent Relationship": "Outer",
        "Parallel Aware": false,
        "Startup Cost": 90876.95,
        "Total Cost": 90877.06,
        "Plan Rows": 1,
        "Plan Width": 8,
        "Actual Startup Time": 474.81,
        "Actual Total Time": 494.094,
        "Actual Rows": 2,
        "Actual Loops": 1,
        "Workers Planned": 1,
        "Workers Launched": 1,
        "Single Copy": false,
        "Plans": [
          {
            "Node Type": "Aggregate",
            "Strategy": "Plain",
            "Partial Mode": "Partial",
            "Parent Relationship": "Outer",
            "Parallel Aware": false,
            "Startup Cost": 89876.95,
            "Total Cost": 89876.96,
            "Plan Rows": 1,
            "Plan Width": 8,
            "Actual Startup Time": 468.847,
            "Actual Total Time": 468.852,
            "Actual Rows": 1,
            "Actual Loops": 2,
            "Plans": [
              {
                "Node Type": "Hash Join",
                "Parent Relationship": "Outer",
                "Parallel Aware": true,
                "Join Type": "Inner",
                "Startup Cost": 28407.75,
                "Total Cost": 89488.13,
                "Plan Rows": 155529,
                "Plan Width": 0,
                "Actual Startup Time": 117.516,
                "Actual Total Time": 462.041,
                "Actual Rows": 131416,
                "Actual Loops": 2,
                "Inner Unique": false,
                "Hash Cond": "(t.id = mc.movie_id)",
                "Plans": [
                  {
                    "Node Type": "Seq Scan",
                    "Parent Relationship": "Outer",
                    "Parallel Aware": true,
                    "Relation Name": "title",
                    "Alias": "t",
                    "Startup Cost": 0.0,
                    "Total Cost": 50870.31,
                    "Plan Rows": 1487231,
                    "Plan Width": 4,
                    "Actual Startup Time": 0.01,
                    "Actual Total Time": 133.899,
                    "Actual Rows": 1264156,
                    "Actual Loops": 2
                  },
                  {
                    "Node Type": "Hash",
                    "Parent Relationship": "Inner",
                    "Parallel Aware": true,
                    "Startup Cost": 26463.63,
                    "Total Cost": 26463.63,
                    "Plan Rows": 155529,
                    "Plan Width": 4,
                    "Actual Startup Time": 112.122,
                    "Actual Total Time": 112.124,
                    "Actual Rows": 131416,
                    "Actual Loops": 2,
                    "Hash Buckets": 524288,
                    "Original Hash Buckets": 524288,
                    "Hash Batches": 1,
                    "Original Hash Batches": 1,
                    "Peak Memory Usage": 14400,
                    "Plans": [
                      {
                        "Node Type": "Bitmap Heap Scan",
                        "Parent Relationship": "Outer",
                        "Parallel Aware": true,
                        "Relation Name": "movie_companies",
                        "Alias": "mc",
                        "Startup Cost": 5729.52,
                        "Total Cost": 26463.63,
                        "Plan Rows": 155529,
                        "Plan Width": 4,
                        "Actual Startup Time": 27.687,
                        "Actual Total Time": 81.642,
                        "Actual Rows": 131416,
                        "Actual Loops": 2,
                        "Recheck Cond": "(company_id < 137)",
                        "Rows Removed by Index Recheck": 0,
                        "Exact Heap Blocks": 12867,
                        "Lossy Heap Blocks": 0,
                        "Plans": [
                          {
                            "Node Type": "Bitmap Index Scan",
                            "Parent Relationship": "Outer",
                            "Parallel Aware": false,
                            "Index Name": "company_id_movie_companies",
                            "Startup Cost": 0.0,
                            "Total Cost": 5663.42,
                            "Plan Rows": 264399,
                            "Plan Width": 0,
                            "Actual Startup Time": 24.01,
                            "Actual Total Time": 24.011,
                            "Actual Rows": 262833,
                            "Actual Loops": 1,
                            "Index Cond": "(company_id < 137)"
                          }
                        ]
                      }
                    ]
                  }
                ]
              }
            ]
          }
        ]
      }
    ]
  },
  "Planning Time": 0.632,
  "Triggers": [],
  "Execution Time": 494.198
}