[
  {
    "Bao": {
      "Bao prediction": 763.991,
      "Bao recommended hint": "SET enable_nestloop TO off; SET enable_hashjoin TO off; "
    }
  },
  {
    "Plan": {
      "Node Type": "Aggregate",
      "Strategy": "Plain",
      "Partial Mode": "Simple",
      "Parallel Aware": false,
      "Startup Cost": 775822.78,
      "Total Cost": 775822.79,
      "Plan Rows": 1,
      "Plan Width": 96,
      "Actual Startup Time": 3913.87,
      "Actual Total Time": 3954.788,
      "Actual Rows": 1,
      "Actual Loops": 1,
      "Plans": [
        {
          "Node Type": "Merge Join",
          "Parent Relationship": "Outer",
          "Parallel Aware": false,
          "Join Type": "Inner",
          "Startup Cost": 763146.89,
          "Total Cost": 775822.77,
          "Plan Rows": 1,
          "Plan Width": 42,
          "Actual Startup Time": 3808.585,
          "Actual Total Time": 3954.719,
          "Actual Rows": 372,
          "Actual Loops": 1,
          "Inner Unique": false,
          "Merge Cond": "(cn.id = mc.company_id)",
          "Plans": [
            {
              "Node Type": "Index Scan",
              "Parent Relationship": "Outer",
              "Parallel Aware": false,
              "Scan Direction": "Forward",
              "Index Name": "company_name_pkey",
              "Relation Name": "company_name",
              "Alias": "cn",
              "Startup Cost": 0.42,
              "Total Cost": 12469.43,
              "Plan Rows": 85931,
              "Plan Width": 23,
              "Actual Startup Time": 0.013,
              "Actual Total Time": 101.773,
              "Actual Rows": 75756,
              "Actual Loops": 1,
              "Filter": "((country_code)::text = '[us]'::text)",
              "Rows Removed by Filter": 138516
            },
            {
              "Node Type": "Sort",
              "Parent Relationship": "Inner",
              "Parallel Aware": false,
              "Startup Cost": 763146.47,
              "Total Cost": 763146.47,
              "Plan Rows": 1,
              "Plan Width": 27,
              "Actual Startup Time": 3808.108,
              "Actual Total Time": 3849.08,
              "Actual Rows": 626,
              "Actual Loops": 1,
              "Sort Key": [
                "mc.company_id"
              ],
              "Sort Method": "quicksort",
              "Sort Space Used": 73,
              "Sort Space Type": "Memory",
              "Plans": [
                {
                  "Node Type": "Merge Join",
                  "Parent Relationship": "Outer",
                  "Parallel Aware": false,
                  "Join Type": "Inner",
                  "Startup Cost": 759493.31,
                  "Total Cost": 763146.46,
                  "Plan Rows": 1,
                  "Plan Width": 27,
                  "Actual Startup Time": 3570.761,
                  "Actual Total Time": 3848.857,
                  "Actual Rows": 626,
                  "Actual Loops": 1,
                  "Inner Unique": false,
                  "Merge Cond": "(t.id = mi.movie_id)",
                  "Plans": [
                    {
                      "Node Type": "Merge Join",
                      "Parent Relationship": "Outer",
                      "Parallel Aware": false,
                      "Join Type": "Inner",
                      "Startup Cost": 207553.46,
                      "Total Cost": 210548.69,
                      "Plan Rows": 1,
                      "Plan Width": 39,
                      "Actual Startup Time": 1104.691,
                      "Actual Total Time": 1273.93,
                      "Actual Rows": 117,
                      "Actual Loops": 1,
                      "Inner Unique": false,
                      "Merge Cond": "(mc.movie_id = t.id)",
                      "Plans": [
                        {
                          "Node Type": "Gather Merge",
                          "Parent Relationship": "Outer",
                          "Parallel Aware": false,
                          "Startup Cost": 159478.57,
                          "Total Cost": 162435.28,
                          "Plan Rows": 15271,
                          "Plan Width": 18,
                          "Actual Startup Time": 874.22,
                          "Actual Total Time": 1099.769,
                          "Actual Rows": 575311,
                          "Actual Loops": 1,
                          "Workers Planned": 3,
                          "Workers Launched": 3,
                          "Plans": [
                            {
                              "Node Type": "Merge Join",
                              "Parent Relationship": "Outer",
                              "Parallel Aware": false,
                              "Join Type": "Inner",
                              "Startup Cost": 158478.53,
                              "Total Cost": 159640.9,
                              "Plan Rows": 4926,
                              "Plan Width": 18,
                              "Actual Startup Time": 864.171,
                              "Actual Total Time": 1015.537,
                              "Actual Rows": 144713,
                              "Actual Loops": 4,
                              "Inner Unique": false,
                              "Merge Cond": "(mc.movie_id = miidx.movie_id)",
                              "Plans": [
                                {
                                  "Node Type": "Sort",
                                  "Parent Relationship": "Outer",
                                  "Parallel Aware": false,
                                  "Startup Cost": 89968.58,
                                  "Total Cost": 90494.62,
                                  "Plan Rows": 210414,
                                  "Plan Width": 8,
                                  "Actual Startup Time": 260.932,
                                  "Actual Total Time": 281.699,
                                  "Actual Rows": 330954,
                                  "Actual Loops": 4,
                                  "Sort Key": [
                                    "mc.movie_id"
                                  ],
                                  "Sort Method": "quicksort",
                                  "Sort Space Used": 27974,
                                  "Sort Space Type": "Memory",
                                  "Workers": [
                                    {
                                      "Worker Number": 0,
                                      "Sort Method": "quicksort",
                                      "Sort Space Used": 27877,
                                      "Sort Space Type": "Memory"
                                    },
                                    {
                                      "Worker Number": 1,
                                      "Sort Method": "quicksort",
                                      "Sort Space Used": 27920,
                                      "Sort Space Type": "Memory"
                                    },
                                    {
                                      "Worker Number": 2,
                                      "Sort Method": "quicksort",
                                      "Sort Space Used": 27956,
                                      "Sort Space Type": "Memory"
                                    }
                                  ],
                                  "Plans": [
                                    {
                                      "Node Type": "Merge Join",
                                      "Parent Relationship": "Outer",
                                      "Parallel Aware": false,
                                      "Join Type": "Inner",
                                      "Startup Cost": 1.49,
                                      "Total Cost": 71364.97,
                                      "Plan Rows": 210414,
                                      "Plan Width": 8,
                                      "Actual Startup Time": 93.587,
                                      "Actual Total Time": 188.032,
                                      "Actual Rows": 333721,
                                      "Actual Loops": 4,
                                      "Inner Unique": true,
                                      "Merge Cond": "(mc.company_type_id = ct.id)",
                                      "Plans": [
                                        {
                                          "Node Type": "Index Scan",
                                          "Parent Relationship": "Outer",
                                          "Parallel Aware": true,
                                          "Scan Direction": "Forward",
                                          "Index Name": "company_type_id_movie_companies",
                                          "Relation Name": "movie_companies",
                                          "Alias": "mc",
                                          "Startup Cost": 0.43,
                                          "Total Cost": 67155.62,
                                          "Plan Rows": 841655,
                                          "Plan Width": 12,
                                          "Actual Startup Time": 0.145,
                                          "Actual Total Time": 122.909,
                                          "Actual Rows": 652282,
                                          "Actual Loops": 4
                                        },
                                        {
                                          "Node Type": "Sort",
                                          "Parent Relationship": "Inner",
                                          "Parallel Aware": false,
                                          "Startup Cost": 1.06,
                                          "Total Cost": 1.06,
                                          "Plan Rows": 1,
                                          "Plan Width": 4,
                                          "Actual Startup Time": 0.094,
                                          "Actual Total Time": 0.095,
                                          "Actual Rows": 1,
                                          "Actual Loops": 4,
                                          "Sort Key": [
                                            "ct.id"
                                          ],
                                          "Sort Method": "quicksort",
                                          "Sort Space Used": 25,
                                          "Sort Space Type": "Memory",
                                          "Workers": [
                                            {
                                              "Worker Number": 0,
                                              "Sort Method": "quicksort",
                                              "Sort Space Used": 25,
                                              "Sort Space Type": "Memory"
                                            },
                                            {
                                              "Worker Number": 1,
                                              "Sort Method": "quicksort",
                                              "Sort Space Used": 25,
                                              "Sort Space Type": "Memory"
                                            },
                                            {
                                              "Worker Number": 2,
                                              "Sort Method": "quicksort",
                                              "Sort Space Used": 25,
                                              "Sort Space Type": "Memory"
                                            }
                                          ],
                                          "Plans": [
                                            {
                                              "Node Type": "Seq Scan",
                                              "Parent Relationship": "Outer",
                                              "Parallel Aware": false,
                                              "Relation Name": "company_type",
                                              "Alias": "ct",
                                              "Startup Cost": 0.0,
                                              "Total Cost": 1.05,
                                              "Plan Rows": 1,
                                              "Plan Width": 4,
                                              "Actual Startup Time": 0.056,
                                              "Actual Total Time": 0.069,
                                              "Actual Rows": 1,
                                              "Actual Loops": 4,
                                              "Filter": "((kind)::text = 'production companies'::text)",
                                              "Rows Removed by Filter": 3
                                            }
                                          ]
                                        }
                                      ]
                                    }
                                  ]
                                },
                                {
                                  "Node Type": "Sort",
                                  "Parent Relationship": "Inner",
                                  "Parallel Aware": false,
                                  "Startup Cost": 68509.93,
                                  "Total Cost": 68540.46,
                                  "Plan Rows": 12213,
                                  "Plan Width": 10,
                                  "Actual Startup Time": 603.205,
                                  "Actual Total Time": 632.931,
                                  "Actual Rows": 518381,
                                  "Actual Loops": 4,
                                  "Sort Key": [
                                    "miidx.movie_id"
                                  ],
                                  "Sort Method": "quicksort",
                                  "Sort Space Used": 33847,
                                  "Sort Space Type": "Memory",
                                  "Workers": [
                                    {
                                      "Worker Number": 0,
                                      "Sort Method": "quicksort",
                                      "Sort Space Used": 33847,
                                      "Sort Space Type": "Memory"
                                    },
                                    {
                                      "Worker Number": 1,
                                      "Sort Method": "quicksort",
                                      "Sort Space Used": 33847,
                                      "Sort Space Type": "Memory"
                                    },
                                    {
                                      "Worker Number": 2,
                                      "Sort Method": "quicksort",
                                      "Sort Space Used": 33847,
                                      "Sort Space Type": "Memory"
                                    }
                                  ],
                                  "Plans": [
                                    {
                                      "Node Type": "Merge Join",
                                      "Parent Relationship": "Outer",
                                      "Parallel Aware": false,
                                      "Join Type": "Inner",
                                      "Startup Cost": 2.86,
                                      "Total Cost": 67680.9,
                                      "Plan Rows": 12213,
                                      "Plan Width": 10,
                                      "Actual Startup Time": 339.408,
                                      "Actual Total Time": 496.083,
                                      "Actual Rows": 459925,
                                      "Actual Loops": 4,
                                      "Inner Unique": true,
                                      "Merge Cond": "(miidx.info_type_id = it.id)",
                                      "Plans": [
                                        {
                                          "Node Type": "Index Scan",
                                          "Parent Relationship": "Outer",
                                          "Parallel Aware": false,
                                          "Scan Direction": "Forward",
                                          "Index Name": "info_type_id_movie_info_idx",
                                          "Relation Name": "movie_info_idx",
                                          "Alias": "miidx",
                                          "Startup Cost": 0.43,
                                          "Total Cost": 64106.25,
                                          "Plan Rows": 1380035,
                                          "Plan Width": 14,
                                          "Actual Startup Time": 0.055,
                                          "Actual Total Time": 383.078,
                                          "Actual Rows": 1379776,
                                          "Actual Loops": 4
                                        },
                                        {
                                          "Node Type": "Sort",
                                          "Parent Relationship": "Inner",
                                          "Parallel Aware": false,
                                          "Startup Cost": 2.42,
                                          "Total Cost": 2.43,
                                          "Plan Rows": 1,
                                          "Plan Width": 4,
                                          "Actual Startup Time": 0.037,
                                          "Actual Total Time": 0.039,
                                          "Actual Rows": 1,
                                          "Actual Loops": 4,
                                          "Sort Key": [
                                            "it.id"
                                          ],
                                          "Sort Method": "quicksort",
                                          "Sort Space Used": 25,
                                          "Sort Space Type": "Memory",
                                          "Workers": [
                                            {
                                              "Worker Number": 0,
                                              "Sort Method": "quicksort",
                                              "Sort Space Used": 25,
                                              "Sort Space Type": "Memory"
                                            },
                                            {
                                              "Worker Number": 1,
                                              "Sort Method": "quicksort",
                                              "Sort Space Used": 25,
                                              "Sort Space Type": "Memory"
                                            },
                                            {
                                              "Worker Number": 2,
                                              "Sort Method": "quicksort",
                                              "Sort Space Used": 25,
                                              "Sort Space Type": "Memory"
                                            }
                                          ],
                                          "Plans": [
                                            {
                                              "Node Type": "Seq Scan",
                                              "Parent Relationship": "Outer",
                                              "Parallel Aware": false,
                                              "Relation Name": "info_type",
                                              "Alias": "it",
                                              "Startup Cost": 0.0,
                                              "Total Cost": 2.41,
                                              "Plan Rows": 1,
                                              "Plan Width": 4,
                                              "Actual Startup Time": 0.032,
                                              "Actual Total Time": 0.034,
                                              "Actual Rows": 1,
                                              "Actual Loops": 4,
                                              "Filter": "((info)::text = 'rating'::text)",
                                              "Rows Removed by Filter": 112
                                            }
                                          ]
                                        }
                                      ]
                                    }
                                  ]
                                }
                              ]
                            }
                          ]
                        },
                        {
                          "Node Type": "Sort",
                          "Parent Relationship": "Inner",
                          "Parallel Aware": false,
                          "Startup Cost": 48074.88,
                          "Total Cost": 48075.05,
                          "Plan Rows": 67,
                          "Plan Width": 21,
                          "Actual Startup Time": 148.877,
                          "Actual Total Time": 149.137,
                          "Actual Rows": 444,
                          "Actual Loops": 1,
                          "Sort Key": [
                            "t.id"
                          ],
                          "Sort Method": "quicksort",
                          "Sort Space Used": 59,
                          "Sort Space Type": "Memory",
                          "Plans": [
                            {
                              "Node Type": "Gather",
                              "Parent Relationship": "Outer",
                              "Parallel Aware": false,
                              "Startup Cost": 48065.39,
                              "Total Cost": 48072.85,
                              "Plan Rows": 67,
                              "Plan Width": 21,
                              "Actual Startup Time": 148.621,
                              "Actual Total Time": 148.951,
                              "Actual Rows": 395,
                              "Actual Loops": 1,
                              "Workers Planned": 4,
                              "Workers Launched": 4,
                              "Single Copy": false,
                              "Plans": [
                                {
                                  "Node Type": "Merge Join",
                                  "Parent Relationship": "Outer",
                                  "Parallel Aware": false,
                                  "Join Type": "Inner",
                                  "Startup Cost": 47065.39,
                                  "Total Cost": 47066.15,
                                  "Plan Rows": 17,
                                  "Plan Width": 21,
                                  "Actual Startup Time": 138.382,
                                  "Actual Total Time": 138.403,
                                  "Actual Rows": 79,
                                  "Actual Loops": 5,
                                  "Inner Unique": true,
                                  "Merge Cond": "(t.kind_id = kt.id)",
                                  "Plans": [
                                    {
                                      "Node Type": "Sort",
                                      "Parent Relationship": "Outer",
                                      "Parallel Aware": false,
                                      "Startup Cost": 47064.29,
                                      "Total Cost": 47064.58,
                                      "Plan Rows": 118,
                                      "Plan Width": 25,
                                      "Actual Startup Time": 138.309,
                                      "Actual Total Time": 138.316,
                                      "Actual Rows": 80,
                                      "Actual Loops": 5,
                                      "Sort Key": [
                                        "t.kind_id"
                                      ],
                                      "Sort Method": "quicksort",
                                      "Sort Space Used": 92,
                                      "Sort Space Type": "Memory",
                                      "Workers": [
                                        {
                                          "Worker Number": 0,
                                          "Sort Method": "quicksort",
                                          "Sort Space Used": 50,
                                          "Sort Space Type": "Memory"
                                        },
                                        {
                                          "Worker Number": 1,
                                          "Sort Method": "quicksort",
                                          "Sort Space Used": 68,
                                          "Sort Space Type": "Memory"
                                        },
                                        {
                                          "Worker Number": 2,
                                          "Sort Method": "quicksort",
                                          "Sort Space Used": 68,
                                          "Sort Space Type": "Memory"
                                        },
                                        {
                                          "Worker Number": 3,
                                          "Sort Method": "quicksort",
                                          "Sort Space Used": 67,
                                          "Sort Space Type": "Memory"
                                        }
                                      ],
                                      "Plans": [
                                        {
                                          "Node Type": "Seq Scan",
                                          "Parent Relationship": "Outer",
                                          "Parallel Aware": true,
                                          "Relation Name": "title",
                                          "Alias": "t",
                                          "Startup Cost": 0.0,
                                          "Total Cost": 47060.23,
                                          "Plan Rows": 118,
                                          "Plan Width": 25,
                                          "Actual Startup Time": 0.399,
                                          "Actual Total Time": 137.907,
                                          "Actual Rows": 444,
                                          "Actual Loops": 5,
                                          "Filter": "((title <> ''::text) AND ((title ~~ '%Champion%'::text) OR (title ~~ '%Loser%'::text)))",
                                          "Rows Removed by Filter": 505219
                                        }
                                      ]
                                    },
                                    {
                                      "Node Type": "Sort",
                                      "Parent Relationship": "Inner",
                                      "Parallel Aware": false,
                                      "Startup Cost": 1.1,
                                      "Total Cost": 1.1,
                                      "Plan Rows": 1,
                                      "Plan Width": 4,
                                      "Actual Startup Time": 0.066,
                                      "Actual Total Time": 0.067,
                                      "Actual Rows": 1,
                                      "Actual Loops": 5,
                                      "Sort Key": [
                                        "kt.id"
                                      ],
                                      "Sort Method": "quicksort",
                                      "Sort Space Used": 25,
                                      "Sort Space Type": "Memory",
                                      "Workers": [
                                        {
                                          "Worker Number": 0,
                                          "Sort Method": "quicksort",
                                          "Sort Space Used": 25,
                                          "Sort Space Type": "Memory"
                                        },
                                        {
                                          "Worker Number": 1,
                                          "Sort Method": "quicksort",
                                          "Sort Space Used": 25,
                                          "Sort Space Type": "Memory"
                                        },
                                        {
                                          "Worker Number": 2,
                                          "Sort Method": "quicksort",
                                          "Sort Space Used": 25,
                                          "Sort Space Type": "Memory"
                                        },
                                        {
                                          "Worker Number": 3,
                                          "Sort Method": "quicksort",
                                          "Sort Space Used": 25,
                                          "Sort Space Type": "Memory"
                                        }
                                      ],
                                      "Plans": [
                                        {
                                          "Node Type": "Seq Scan",
                                          "Parent Relationship": "Outer",
                                          "Parallel Aware": false,
                                          "Relation Name": "kind_type",
                                          "Alias": "kt",
                                          "Startup Cost": 0.0,
                                          "Total Cost": 1.09,
                                          "Plan Rows": 1,
                                          "Plan Width": 4,
                                          "Actual Startup Time": 0.043,
                                          "Actual Total Time": 0.044,
                                          "Actual Rows": 1,
                                          "Actual Loops": 5,
                                          "Filter": "((kind)::text = 'movie'::text)",
                                          "Rows Removed by Filter": 6
                                        }
                                      ]
                                    }
                                  ]
                                }
                              ]
                            }
                          ]
                        }
                      ]
                    },
                    {
                      "Node Type": "Sort",
                      "Parent Relationship": "Inner",
                      "Parallel Aware": false,
                      "Startup Cost": 551939.86,
                      "Total Cost": 552268.81,
                      "Plan Rows": 131580,
                      "Plan Width": 4,
                      "Actual Startup Time": 2320.2,
                      "Actual Total Time": 2427.889,
                      "Actual Rows": 3002584,
                      "Actual Loops": 1,
                      "Sort Key": [
                        "mi.movie_id"
                      ],
                      "Sort Method": "quicksort",
                      "Sort Space Used": 240651,
                      "Sort Space Type": "Memory",
                      "Plans": [
                        {
                          "Node Type": "Gather",
                          "Parent Relationship": "Outer",
                          "Parallel Aware": false,
                          "Startup Cost": 512462.21,
                          "Total Cost": 540751.88,
                          "Plan Rows": 131580,
                          "Plan Width": 4,
                          "Actual Startup Time": 1360.767,
                          "Actual Total Time": 1760.782,
                          "Actual Rows": 3036719,
                          "Actual Loops": 1,
                          "Workers Planned": 5,
                          "Workers Launched": 4,
                          "Single Copy": false,
                          "Plans": [
                            {
                              "Node Type": "Merge Join",
                              "Parent Relationship": "Outer",
                              "Parallel Aware": false,
                              "Join Type": "Inner",
                              "Startup Cost": 511462.21,
                              "Total Cost": 526593.88,
                              "Plan Rows": 26316,
                              "Plan Width": 4,
                              "Actual Startup Time": 1353.035,
                              "Actual Total Time": 1462.321,
                              "Actual Rows": 607344,
                              "Actual Loops": 5,
                              "Inner Unique": true,
                              "Merge Cond": "(mi.info_type_id = it2.id)",
                              "Plans": [
                                {
                                  "Node Type": "Sort",
                                  "Parent Relationship": "Outer",
                                  "Parallel Aware": false,
                                  "Startup Cost": 511459.79,
                                  "Total Cost": 518894.04,
                                  "Plan Rows": 2973701,
                                  "Plan Width": 8,
                                  "Actual Startup Time": 1169.228,
                                  "Actual Total Time": 1276.622,
                                  "Actual Rows": 2520375,
                                  "Actual Loops": 5,
                                  "Sort Key": [
                                    "mi.info_type_id"
                                  ],
                                  "Sort Method": "quicksort",
                                  "Sort Space Used": 256332,
                                  "Sort Space Type": "Memory",
                                  "Workers": [
                                    {
                                      "Worker Number": 0,
                                      "Sort Method": "quicksort",
                                      "Sort Space Used": 145853,
                                      "Sort Space Type": "Memory"
                                    },
                                    {
                                      "Worker Number": 1,
                                      "Sort Method": "quicksort",
                                      "Sort Space Used": 245278,
                                      "Sort Space Type": "Memory"
                                    },
                                    {
                                      "Worker Number": 2,
                                      "Sort Method": "quicksort",
                                      "Sort Space Used": 245332,
                                      "Sort Space Type": "Memory"
                                    },
                                    {
                                      "Worker Number": 3,
                                      "Sort Method": "quicksort",
                                      "Sort Space Used": 244999,
                                      "Sort Space Type": "Memory"
                                    }
                                  ],
                                  "Plans": [
                                    {
                                      "Node Type": "Seq Scan",
                                      "Parent Relationship": "Outer",
                                      "Parallel Aware": true,
                                      "Relation Name": "movie_info",
                                      "Alias": "mi",
                                      "Startup Cost": 0.0,
                                      "Total Cost": 191730.01,
                                      "Plan Rows": 2973701,
                                      "Plan Width": 8,
                                      "Actual Startup Time": 0.06,
                                      "Actual Total Time": 477.772,
                                      "Actual Rows": 2967144,
                                      "Actual Loops": 5
                                    }
                                  ]
                                },
                                {
                                  "Node Type": "Sort",
                                  "Parent Relationship": "Inner",
                                  "Parallel Aware": false,
                                  "Startup Cost": 2.42,
                                  "Total Cost": 2.43,
                                  "Plan Rows": 1,
                                  "Plan Width": 4,
                                  "Actual Startup Time": 0.154,
                                  "Actual Total Time": 0.155,
                                  "Actual Rows": 1,
                                  "Actual Loops": 5,
                                  "Sort Key": [
                                    "it2.id"
                                  ],
                                  "Sort Method": "quicksort",
                                  "Sort Space Used": 25,
                                  "Sort Space Type": "Memory",
                                  "Workers": [
                                    {
                                      "Worker Number": 0,
                                      "Sort Method": "quicksort",
                                      "Sort Space Used": 25,
                                      "Sort Space Type": "Memory"
                                    },
                                    {
                                      "Worker Number": 1,
                                      "Sort Method": "quicksort",
                                      "Sort Space Used": 25,
                                      "Sort Space Type": "Memory"
                                    },
                                    {
                                      "Worker Number": 2,
                                      "Sort Method": "quicksort",
                                      "Sort Space Used": 25,
                                      "Sort Space Type": "Memory"
                                    },
                                    {
                                      "Worker Number": 3,
                                      "Sort Method": "quicksort",
                                      "Sort Space Used": 25,
                                      "Sort Space Type": "Memory"
                                    }
                                  ],
                                  "Plans": [
                                    {
                                      "Node Type": "Seq Scan",
                                      "Parent Relationship": "Outer",
                                      "Parallel Aware": false,
                                      "Relation Name": "info_type",
                                      "Alias": "it2",
                                      "Startup Cost": 0.0,
                                      "Total Cost": 2.41,
                                      "Plan Rows": 1,
                                      "Plan Width": 4,
                                      "Actual Startup Time": 0.113,
                                      "Actual Total Time": 0.118,
                                      "Actual Rows": 1,
                                      "Actual Loops": 5,
                                      "Filter": "((info)::text = 'release dates'::text)",
                                      "Rows Removed by Filter": 112
                                    }
                                  ]
                                }
                              ]
                            }
                          ]
                        }
                      ]
                    }
                  ]
                }
              ]
            }
          ]
        }
      ]
    },
    "Planning Time": 454.265,
    "Triggers": [],
    "Execution Time": 4002.108
  }
]