[
  {
    "Plan": {
      "Node Type": "Aggregate",
      "Strategy": "Plain",
      "Partial Mode": "Finalize",
      "Parallel Aware": false,
      "Startup Cost": 32704.97,
      "Total Cost": 32704.98,
      "Plan Rows": 1,
      "Plan Width": 8,
      "Actual Startup Time": 74.836,
      "Actual Total Time": 82.108,
      "Actual Rows": 1,
      "Actual Loops": 1,
      "Plans": [
        {
          "Node Type": "Gather",
          "Parent Relationship": "Outer",
          "Parallel Aware": false,
          "Startup Cost": 32704.65,
          "Total Cost": 32704.96,
          "Plan Rows": 3,
          "Plan Width": 8,
          "Actual Startup Time": 74.674,
          "Actual Total Time": 82.095,
          "Actual Rows": 4,
          "Actual Loops": 1,
          "Workers Planned": 3,
          "Workers Launched": 3,
          "Single Copy": false,
          "Plans": [
            {
              "Node Type": "Aggregate",
              "Strategy": "Plain",
              "Partial Mode": "Partial",
              "Parent Relationship": "Outer",
              "Parallel Aware": false,
              "Startup Cost": 31704.65,
              "Total Cost": 31704.66,
              "Plan Rows": 1,
              "Plan Width": 8,
              "Actual Startup Time": 68.058,
              "Actual Total Time": 68.06,
              "Actual Rows": 1,
              "Actual Loops": 4,
              "Plans": [
                {
                  "Node Type": "Seq Scan",
                  "Parent Relationship": "Outer",
                  "Parallel Aware": true,
                  "Relation Name": "movie_companies",
                  "Alias": "mc",
                  "Startup Cost": 0.0,
                  "Total Cost": 31414.82,
                  "Plan Rows": 115932,
                  "Plan Width": 0,
                  "Actual Startup Time": 22.457,
                  "Actual Total Time": 67.415,
                  "Actual Rows": 10866,
                  "Actual Loops": 4,
                  "Filter": "((company_id > 40741) AND (company_type_id = 1))",
                  "Rows Removed by Filter": 641416
                }
              ]
            }
          ]
        }
      ]
    },
    "Planning Time": 0.097,
    "Triggers": [],
    "Execution Time": 82.137
  }
]