[
  {
    "Plan": {
      "Node Type": "Aggregate",
      "Strategy": "Plain",
      "Partial Mode": "Finalize",
      "Parallel Aware": false,
      "Startup Cost": 32698.78,
      "Total Cost": 32698.79,
      "Plan Rows": 1,
      "Plan Width": 8,
      "Actual Startup Time": 82.341,
      "Actual Total Time": 89.969,
      "Actual Rows": 1,
      "Actual Loops": 1,
      "Plans": [
        {
          "Node Type": "Gather",
          "Parent Relationship": "Outer",
          "Parallel Aware": false,
          "Startup Cost": 32698.46,
          "Total Cost": 32698.77,
          "Plan Rows": 3,
          "Plan Width": 8,
          "Actual Startup Time": 82.235,
          "Actual Total Time": 89.96,
          "Actual Rows": 4,
          "Actual Loops": 1,
          "Workers Planned": 3,
          "Workers Launched": 3,
          "Single Copy": false,
          "Plans": [
            {
              "Node Type": "Aggregate",
              "Strategy": "Plain",
              "Partial Mode": "Partial",
              "Parent Relationship": "Outer",
              "Parallel Aware": false,
              "Startup Cost": 31698.46,
              "Total Cost": 31698.47,
              "Plan Rows": 1,
              "Plan Width": 8,
              "Actual Startup Time": 75.344,
              "Actual Total Time": 75.345,
              "Actual Rows": 1,
              "Actual Loops": 4,
              "Plans": [
                {
                  "Node Type": "Seq Scan",
                  "Parent Relationship": "Outer",
                  "Parallel Aware": true,
                  "Relation Name": "movie_companies",
                  "Alias": "mc",
                  "Startup Cost": 0.0,
                  "Total Cost": 31414.82,
                  "Plan Rows": 113457,
                  "Plan Width": 0,
                  "Actual Startup Time": 32.22,
                  "Actual Total Time": 74.769,
                  "Actual Rows": 10866,
                  "Actual Loops": 4,
                  "Filter": "((company_id > 40741) AND (company_type_id = 1))",
                  "Rows Removed by Filter": 641416
                }
              ]
            }
          ]
        }
      ]
    },
    "Planning Time": 0.217,
    "Triggers": [],
    "Execution Time": 90.024
  }
]