{
  "Plan": {
    "Node Type": "Aggregate",
    "Strategy": "Plain",
    "Partial Mode": "Finalize",
    "Parallel Aware": false,
    "Startup Cost": 261685.74,
    "Total Cost": 261685.75,
    "Plan Rows": 1,
    "Plan Width": 96,
    "Actual Startup Time": 578.656,
    "Actual Total Time": 600.378,
    "Actual Rows": 1,
    "Actual Loops": 1,
    "Plans": [
      {
        "Node Type": "Gather",
        "Parent Relationship": "Outer",
        "Parallel Aware": false,
        "Startup Cost": 261685.63,
        "Total Cost": 261685.74,
        "Plan Rows": 1,
        "Plan Width": 96,
        "Actual Startup Time": 467.406,
        "Actual Total Time": 600.352,
        "Actual Rows": 2,
        "Actual Loops": 1,
        "Workers Planned": 1,
        "Workers Launched": 1,
        "Single Copy": false,
        "Plans": [
          {
            "Node Type": "Aggregate",
            "Strategy": "Plain",
            "Partial Mode": "Partial",
            "Parent Relationship": "Outer",
            "Parallel Aware": false,
            "Startup Cost": 260685.63,
            "Total Cost": 260685.64,
            "Plan Rows": 1,
            "Plan Width": 96,
            "Actual Startup Time": 513.476,
            "Actual Total Time": 513.494,
            "Actual Rows": 1,
            "Actual Loops": 2,
            "Plans": [
              {
                "Node Type": "Merge Join",
                "Parent Relationship": "Outer",
                "Parallel Aware": false,
                "Join Type": "Inner",
                "Startup Cost": 260685.41,
                "Total Cost": 260685.58,
                "Plan Rows": 6,
                "Plan Width": 60,
                "Actual Startup Time": 511.537,
                "Actual Total Time": 512.777,
                "Actual Rows": 7450,
                "Actual Loops": 2,
                "Inner Unique": true,
                "Merge Cond": "(ml.link_type_id = lt.id)",
                "Plans": [
                  {
                    "Node Type": "Sort",
                    "Parent Relationship": "Outer",
                    "Parallel Aware": false,
                    "Startup Cost": 260683.85,
                    "Total Cost": 260683.87,
                    "Plan Rows": 6,
                    "Plan Width": 64,
                    "Actual Startup Time": 511.488,
                    "Actual Total Time": 511.825,
                    "Actual Rows": 7450,
                    "Actual Loops": 2,
                    "Sort Key": [
                      "ml.link_type_id"
                    ],
                    "Sort Method": "quicksort",
                    "Sort Space Used": 2286,
                    "Sort Space Type": "Memory",
                    "Workers": [
                      {
                        "Worker Number": 0,
                        "Sort Method": "quicksort",
                        "Sort Space Used": 73,
                        "Sort Space Type": "Memory"
                      }
                    ],
                    "Plans": [
                      {
                        "Node Type": "Merge Join",
                        "Parent Relationship": "Outer",
                        "Parallel Aware": false,
                        "Join Type": "Inner",
                        "Startup Cost": 259633.1,
                        "Total Cost": 260683.77,
                        "Plan Rows": 6,
                        "Plan Width": 64,
                        "Actual Startup Time": 507.544,
                        "Actual Total Time": 509.97,
                        "Actual Rows": 7450,
                        "Actual Loops": 2,
                        "Inner Unique": true,
                        "Merge Cond": "(mc.company_id = cn.id)",
                        "Plans": [
                          {
                            "Node Type": "Sort",
                            "Parent Relationship": "Outer",
                            "Parallel Aware": false,
                            "Startup Cost": 235112.51,
                            "Total Cost": 235112.52,
                            "Plan Rows": 6,
                            "Plan Width": 49,
                            "Actual Startup Time": 387.443,
                            "Actual Total Time": 387.988,
                            "Actual Rows": 7458,
                            "Actual Loops": 2,
                            "Sort Key": [
                              "mc.company_id"
                            ],
                            "Sort Method": "quicksort",
                            "Sort Space Used": 1872,
                            "Sort Space Type": "Memory",
                            "Workers": [
                              {
                                "Worker Number": 0,
                                "Sort Method": "quicksort",
                                "Sort Space Used": 60,
                                "Sort Space Type": "Memory"
                              }
                            ],
                            "Plans": [
                              {
                                "Node Type": "Merge Join",
                                "Parent Relationship": "Outer",
                                "Parallel Aware": false,
                                "Join Type": "Inner",
                                "Startup Cost": 235112.3,
                                "Total Cost": 235112.43,
                                "Plan Rows": 6,
                                "Plan Width": 49,
                                "Actual Startup Time": 384.97,
                                "Actual Total Time": 386.242,
                                "Actual Rows": 7458,
                                "Actual Loops": 2,
                                "Inner Unique": true,
                                "Merge Cond": "(mc.company_type_id = ct.id)",
                                "Plans": [
                                  {
                                    "Node Type": "Sort",
                                    "Parent Relationship": "Outer",
                                    "Parallel Aware": false,
                                    "Startup Cost": 235111.23,
                                    "Total Cost": 235111.25,
                                    "Plan Rows": 9,
                                    "Plan Width": 53,
                                    "Actual Startup Time": 384.908,
                                    "Actual Total Time": 385.215,
                                    "Actual Rows": 7755,
                                    "Actual Loops": 2,
                                    "Sort Key": [
                                      "mc.company_type_id"
                                    ],
                                    "Sort Method": "quicksort",
                                    "Sort Space Used": 2108,
                                    "Sort Space Type": "Memory",
                                    "Workers": [
                                      {
                                        "Worker Number": 0,
                                        "Sort Method": "quicksort",
                                        "Sort Space Used": 72,
                                        "Sort Space Type": "Memory"
                                      }
                                    ],
                                    "Plans": [
                                      {
                                        "Node Type": "Merge Join",
                                        "Parent Relationship": "Outer",
                                        "Parallel Aware": false,
                                        "Join Type": "Inner",
                                        "Startup Cost": 220066.5,
                                        "Total Cost": 235111.08,
                                        "Plan Rows": 9,
                                        "Plan Width": 53,
                                        "Actual Startup Time": 251.631,
                                        "Actual Total Time": 383.541,
                                        "Actual Rows": 7755,
                                        "Actual Loops": 2,
                                        "Inner Unique": false,
                                        "Merge Cond": "(ml.movie_id = mc.movie_id)",
                                        "Plans": [
                                          {
                                            "Node Type": "Merge Join",
                                            "Parent Relationship": "Outer",
                                            "Parallel Aware": false,
                                            "Join Type": "Inner",
                                            "Startup Cost": 220066.07,
                                            "Total Cost": 229495.95,
                                            "Plan Rows": 16,
                                            "Plan Width": 33,
                                            "Actual Startup Time": 251.318,
                                            "Actual Total Time": 356.006,
                                            "Actual Rows": 730,
                                            "Actual Loops": 2,
                                            "Inner Unique": true,
                                            "Merge Cond": "(ml.movie_id = t.id)",
                                            "Plans": [
                                              {
                                                "Node Type": "Merge Join",
                                                "Parent Relationship": "Outer",
                                                "Parallel Aware": false,
                                                "Join Type": "Inner",
                                                "Startup Cost": 220065.64,
                                                "Total Cost": 220215.59,
                                                "Plan Rows": 18,
                                                "Plan Width": 12,
                                                "Actual Startup Time": 249.409,
                                                "Actual Total Time": 252.819,
                                                "Actual Rows": 730,
                                                "Actual Loops": 2,
                                                "Inner Unique": false,
                                                "Merge Cond": "(mk.movie_id = ml.movie_id)",
                                                "Plans": [
                                                  {
                                                    "Node Type": "Sort",
                                                    "Parent Relationship": "Outer",
                                                    "Parallel Aware": false,
                                                    "Startup Cost": 217371.8,
                                                    "Total Cost": 217371.95,
                                                    "Plan Rows": 59,
                                                    "Plan Width": 4,
                                                    "Actual Startup Time": 240.076,
                                                    "Actual Total Time": 240.107,
                                                    "Actual Rows": 241,
                                                    "Actual Loops": 2,
                                                    "Sort Key": [
                                                      "mk.movie_id"
                                                    ],
                                                    "Sort Method": "quicksort",
                                                    "Sort Space Used": 2104,
                                                    "Sort Space Type": "Memory",
                                                    "Workers": [
                                                      {
                                                        "Worker Number": 0,
                                                        "Sort Method": "quicksort",
                                                        "Sort Space Used": 1655,
                                                        "Sort Space Type": "Memory"
                                                      }
                                                    ],
                                                    "Plans": [
                                                      {
                                                        "Node Type": "Merge Join",
                                                        "Parent Relationship": "Outer",
                                                        "Parallel Aware": false,
                                                        "Join Type": "Inner",
                                                        "Startup Cost": 3553.69,
                                                        "Total Cost": 217370.06,
                                                        "Plan Rows": 59,
                                                        "Plan Width": 4,
                                                        "Actual Startup Time": 203.559,
                                                        "Actual Total Time": 235.021,
                                                        "Actual Rows": 23702,
                                                        "Actual Loops": 2,
                                                        "Inner Unique": true,
                                                        "Merge Cond": "(mk.keyword_id = k.id)",
                                                        "Plans": [
                                                          {
                                                            "Node Type": "Index Scan",
                                                            "Parent Relationship": "Outer",
                                                            "Parallel Aware": true,
                                                            "Scan Direction": "Forward",
                                                            "Index Name": "keyword_id_movie_keyword",
                                                            "Relation Name": "movie_keyword",
                                                            "Alias": "mk",
                                                            "Startup Cost": 0.43,
                                                            "Total Cost": 207922.75,
                                                            "Plan Rows": 2661135,
                                                            "Plan Width": 8,
                                                            "Actual Startup Time": 0.065,
                                                            "Actual Total Time": 178.716,
                                                            "Actual Rows": 283136,
                                                            "Actual Loops": 2
                                                          },
                                                          {
                                                            "Node Type": "Sort",
                                                            "Parent Relationship": "Inner",
                                                            "Parallel Aware": false,
                                                            "Startup Cost": 2793.86,
                                                            "Total Cost": 2793.87,
                                                            "Plan Rows": 3,
                                                            "Plan Width": 4,
                                                            "Actual Startup Time": 32.628,
                                                            "Actual Total Time": 32.632,
                                                            "Actual Rows": 3,
                                                            "Actual Loops": 2,
                                                            "Sort Key": [
                                                              "k.id"
                                                            ],
                                                            "Sort Method": "quicksort",
                                                            "Sort Space Used": 25,
                                                            "Sort Space Type": "Memory",
                                                            "Workers": [
                                                              {
                                                                "Worker Number": 0,
                                                                "Sort Method": "quicksort",
                                                                "Sort Space Used": 25,
                                                                "Sort Space Type": "Memory"
                                                              }
                                                            ],
                                                            "Plans": [
                                                              {
                                                                "Node Type": "Seq Scan",
                                                                "Parent Relationship": "Outer",
                                                                "Parallel Aware": false,
                                                                "Relation Name": "keyword",
                                                                "Alias": "k",
                                                                "Startup Cost": 0.0,
                                                                "Total Cost": 2793.84,
                                                                "Plan Rows": 3,
                                                                "Plan Width": 4,
                                                                "Actual Startup Time": 2.303,
                                                                "Actual Total Time": 32.601,
                                                                "Actual Rows": 3,
                                                                "Actual Loops": 2,
                                                                "Filter": "(keyword = ANY ('{sequel,revenge,based-on-novel}'::text[]))",
                                                                "Rows Removed by Filter": 134167
                                                              }
                                                            ]
                                                          }
                                                        ]
                                                      }
                                                    ]
                                                  },
                                                  {
                                                    "Node Type": "Sort",
                                                    "Parent Relationship": "Inner",
                                                    "Parallel Aware": false,
                                                    "Startup Cost": 2693.63,
                                                    "Total Cost": 2768.62,
                                                    "Plan Rows": 29997,
                                                    "Plan Width": 8,
                                                    "Actual Startup Time": 9.307,
                                                    "Actual Total Time": 10.698,
                                                    "Actual Rows": 29998,
                                                    "Actual Loops": 2,
                                                    "Sort Key": [
                                                      "ml.movie_id"
                                                    ],
                                                    "Sort Method": "quicksort",
                                                    "Sort Space Used": 2175,
                                                    "Sort Space Type": "Memory",
                                                    "Workers": [
                                                      {
                                                        "Worker Number": 0,
                                                        "Sort Method": "quicksort",
                                                        "Sort Space Used": 2175,
                                                        "Sort Space Type": "Memory"
                                                      }
                                                    ],
                                                    "Plans": [
                                                      {
                                                        "Node Type": "Seq Scan",
                                                        "Parent Relationship": "Outer",
                                                        "Parallel Aware": false,
                                                        "Relation Name": "movie_link",
                                                        "Alias": "ml",
                                                        "Startup Cost": 0.0,
                                                        "Total Cost": 462.97,
                                                        "Plan Rows": 29997,
                                                        "Plan Width": 8,
                                                        "Actual Startup Time": 0.033,
                                                        "Actual Total Time": 3.603,
                                                        "Actual Rows": 29997,
                                                        "Actual Loops": 2
                                                      }
                                                    ]
                                                  }
                                                ]
                                              },
                                              {
                                                "Node Type": "Index Scan",
                                                "Parent Relationship": "Inner",
                                                "Parallel Aware": false,
                                                "Scan Direction": "Forward",
                                                "Index Name": "title_pkey",
                                                "Relation Name": "title",
                                                "Alias": "t",
                                                "Startup Cost": 0.43,
                                                "Total Cost": 116680.33,
                                                "Plan Rows": 2293227,
                                                "Plan Width": 21,
                                                "Actual Startup Time": 0.036,
                                                "Actual Total Time": 93.224,
                                                "Actual Rows": 156296,
                                                "Actual Loops": 2,
                                                "Filter": "(production_year > 1950)",
                                                "Rows Removed by Filter": 7152
                                              }
                                            ]
                                          },
                                          {
                                            "Node Type": "Index Scan",
                                            "Parent Relationship": "Inner",
                                            "Parallel Aware": false,
                                            "Scan Direction": "Forward",
                                            "Index Name": "movie_id_movie_companies",
                                            "Relation Name": "movie_companies",
                                            "Alias": "mc",
                                            "Startup Cost": 0.43,
                                            "Total Cost": 140404.76,
                                            "Plan Rows": 1339266,
                                            "Plan Width": 36,
                                            "Actual Startup Time": 0.033,
                                            "Actual Total Time": 24.173,
                                            "Actual Rows": 49495,
                                            "Actual Loops": 2,
                                            "Filter": "(note IS NOT NULL)",
                                            "Rows Removed by Filter": 43284
                                          }
                                        ]
                                      }
                                    ]
                                  },
                                  {
                                    "Node Type": "Sort",
                                    "Parent Relationship": "Inner",
                                    "Parallel Aware": false,
                                    "Startup Cost": 1.07,
                                    "Total Cost": 1.08,
                                    "Plan Rows": 3,
                                    "Plan Width": 4,
                                    "Actual Startup Time": 0.058,
                                    "Actual Total Time": 0.06,
                                    "Actual Rows": 2,
                                    "Actual Loops": 2,
                                    "Sort Key": [
                                      "ct.id"
                                    ],
                                    "Sort Method": "quicksort",
                                    "Sort Space Used": 25,
                                    "Sort Space Type": "Memory",
                                    "Workers": [
                                      {
                                        "Worker Number": 0,
                                        "Sort Method": "quicksort",
                                        "Sort Space Used": 25,
                                        "Sort Space Type": "Memory"
                                      }
                                    ],
                                    "Plans": [
                                      {
                                        "Node Type": "Seq Scan",
                                        "Parent Relationship": "Outer",
                                        "Parallel Aware": false,
                                        "Relation Name": "company_type",
                                        "Alias": "ct",
                                        "Startup Cost": 0.0,
                                        "Total Cost": 1.05,
                                        "Plan Rows": 3,
                                        "Plan Width": 4,
                                        "Actual Startup Time": 0.049,
                                        "Actual Total Time": 0.051,
                                        "Actual Rows": 3,
                                        "Actual Loops": 2,
                                        "Filter": "((kind IS NOT NULL) AND ((kind)::text <> 'production companies'::text))",
                                        "Rows Removed by Filter": 1
                                      }
                                    ]
                                  }
                                ]
                              }
                            ]
                          },
                          {
                            "Node Type": "Sort",
                            "Parent Relationship": "Inner",
                            "Parallel Aware": false,
                            "Startup Cost": 24520.59,
                            "Total Cost": 25046.22,
                            "Plan Rows": 210252,
                            "Plan Width": 23,
                            "Actual Startup Time": 120.093,
                            "Actual Total Time": 120.677,
                            "Actual Rows": 2483,
                            "Actual Loops": 2,
                            "Sort Key": [
                              "cn.id"
                            ],
                            "Sort Method": "quicksort",
                            "Sort Space Used": 21419,
                            "Sort Space Type": "Memory",
                            "Workers": [
                              {
                                "Worker Number": 0,
                                "Sort Method": "quicksort",
                                "Sort Space Used": 21419,
                                "Sort Space Type": "Memory"
                              }
                            ],
                            "Plans": [
                              {
                                "Node Type": "Seq Scan",
                                "Parent Relationship": "Outer",
                                "Parallel Aware": false,
                                "Relation Name": "company_name",
                                "Alias": "cn",
                                "Startup Cost": 0.0,
                                "Total Cost": 5932.46,
                                "Plan Rows": 210252,
                                "Plan Width": 23,
                                "Actual Startup Time": 0.036,
                                "Actual Total Time": 43.397,
                                "Actual Rows": 210031,
                                "Actual Loops": 2,
                                "Filter": "((country_code)::text <> '[pl]'::text)",
                                "Rows Removed by Filter": 24966
                              }
                            ]
                          }
                        ]
                      }
                    ]
                  },
                  {
                    "Node Type": "Sort",
                    "Parent Relationship": "Inner",
                    "Parallel Aware": false,
                    "Startup Cost": 1.56,
                    "Total Cost": 1.6,
                    "Plan Rows": 18,
                    "Plan Width": 4,
                    "Actual Startup Time": 0.045,
                    "Actual Total Time": 0.047,
                    "Actual Rows": 16,
                    "Actual Loops": 2,
                    "Sort Key": [
                      "lt.id"
                    ],
                    "Sort Method": "quicksort",
                    "Sort Space Used": 25,
                    "Sort Space Type": "Memory",
                    "Workers": [
                      {
                        "Worker Number": 0,
                        "Sort Method": "quicksort",
                        "Sort Space Used": 25,
                        "Sort Space Type": "Memory"
                      }
                    ],
                    "Plans": [
                      {
                        "Node Type": "Seq Scan",
                        "Parent Relationship": "Outer",
                        "Parallel Aware": false,
                        "Relation Name": "link_type",
                        "Alias": "lt",
                        "Startup Cost": 0.0,
                        "Total Cost": 1.18,
                        "Plan Rows": 18,
                        "Plan Width": 4,
                        "Actual Startup Time": 0.035,
                        "Actual Total Time": 0.037,
                        "Actual Rows": 18,
                        "Actual Loops": 2
                      }
                    ]
                  }
                ]
              }
            ]
          }
        ]
      }
    ]
  },
  "Planning Time": 2.567,
  "Triggers": [],
  "Execution Time": 600.61
}