[
    {
        "Bao": {
            "Bao prediction": "NaN",
            "Bao recommended hint": "(no hint)"
        }
    },
    {
        "Plan": {
            "Node Type": "Aggregate",
            "Strategy": "Plain",
            "Partial Mode": "Finalize",
            "Parallel Aware": false,
            "Startup Cost": 349810.51,
            "Total Cost": 349810.52,
            "Plan Rows": 1,
            "Plan Width": 8,
            "Actual Startup Time": 920.475,
            "Actual Total Time": 961.742,
            "Actual Rows": 1,
            "Actual Loops": 1,
            "Output": [
                "count(*)"
            ],
            "Plans": [
                {
                    "Node Type": "Gather",
                    "Parent Relationship": "Outer",
                    "Parallel Aware": false,
                    "Startup Cost": 349809.88,
                    "Total Cost": 349810.49,
                    "Plan Rows": 6,
                    "Plan Width": 8,
                    "Actual Startup Time": 920.366,
                    "Actual Total Time": 961.731,
                    "Actual Rows": 7,
                    "Actual Loops": 1,
                    "Output": [
                        "(PARTIAL count(*))"
                    ],
                    "Workers Planned": 6,
                    "Workers Launched": 6,
                    "Single Copy": false,
                    "Plans": [
                        {
                            "Node Type": "Aggregate",
                            "Strategy": "Plain",
                            "Partial Mode": "Partial",
                            "Parent Relationship": "Outer",
                            "Parallel Aware": false,
                            "Startup Cost": 348809.88,
                            "Total Cost": 348809.89,
                            "Plan Rows": 1,
                            "Plan Width": 8,
                            "Actual Startup Time": 910.606,
                            "Actual Total Time": 910.607,
                            "Actual Rows": 1,
                            "Actual Loops": 7,
                            "Output": [
                                "PARTIAL count(*)"
                            ],
                            "Workers": [
                                {
                                    "Worker Number": 0,
                                    "Actual Startup Time": 908.4,
                                    "Actual Total Time": 908.401,
                                    "Actual Rows": 1,
                                    "Actual Loops": 1
                                },
                                {
                                    "Worker Number": 1,
                                    "Actual Startup Time": 908.458,
                                    "Actual Total Time": 908.459,
                                    "Actual Rows": 1,
                                    "Actual Loops": 1
                                },
                                {
                                    "Worker Number": 2,
                                    "Actual Startup Time": 908.834,
                                    "Actual Total Time": 908.835,
                                    "Actual Rows": 1,
                                    "Actual Loops": 1
                                },
                                {
                                    "Worker Number": 3,
                                    "Actual Startup Time": 908.971,
                                    "Actual Total Time": 908.972,
                                    "Actual Rows": 1,
                                    "Actual Loops": 1
                                },
                                {
                                    "Worker Number": 4,
                                    "Actual Startup Time": 909.641,
                                    "Actual Total Time": 909.642,
                                    "Actual Rows": 1,
                                    "Actual Loops": 1
                                },
                                {
                                    "Worker Number": 5,
                                    "Actual Startup Time": 909.93,
                                    "Actual Total Time": 909.931,
                                    "Actual Rows": 1,
                                    "Actual Loops": 1
                                }
                            ],
                            "Plans": [
                                {
                                    "Node Type": "Seq Scan",
                                    "Parent Relationship": "Outer",
                                    "Parallel Aware": true,
                                    "Relation Name": "cast_info",
                                    "Schema": "public",
                                    "Alias": "ci",
                                    "Startup Cost": 0.0,
                                    "Total Cost": 343318.94,
                                    "Plan Rows": 2196376,
                                    "Plan Width": 0,
                                    "Actual Startup Time": 234.601,
                                    "Actual Total Time": 760.516,
                                    "Actual Rows": 2736069,
                                    "Actual Loops": 7,
                                    "Output": [
                                        "id",
                                        "person_id",
                                        "movie_id",
                                        "person_role_id",
                                        "note",
                                        "nr_order",
                                        "role_id"
                                    ],
                                    "Filter": "((ci.person_id > 1563218) AND (ci.role_id > 1))",
                                    "Rows Removed by Filter": 2441695,
                                    "Workers": [
                                        {
                                            "Worker Number": 0,
                                            "Actual Startup Time": 232.387,
                                            "Actual Total Time": 759.508,
                                            "Actual Rows": 2247120,
                                            "Actual Loops": 1
                                        },
                                        {
                                            "Worker Number": 1,
                                            "Actual Startup Time": 232.48,
                                            "Actual Total Time": 760.592,
                                            "Actual Rows": 2229931,
                                            "Actual Loops": 1
                                        },
                                        {
                                            "Worker Number": 2,
                                            "Actual Startup Time": 232.805,
                                            "Actual Total Time": 759.782,
                                            "Actual Rows": 2246998,
                                            "Actual Loops": 1
                                        },
                                        {
                                            "Worker Number": 3,
                                            "Actual Startup Time": 232.978,
                                            "Actual Total Time": 761.139,
                                            "Actual Rows": 2236099,
                                            "Actual Loops": 1
                                        },
                                        {
                                            "Worker Number": 4,
                                            "Actual Startup Time": 233.648,
                                            "Actual Total Time": 760.685,
                                            "Actual Rows": 2238695,
                                            "Actual Loops": 1
                                        },
                                        {
                                            "Worker Number": 5,
                                            "Actual Startup Time": 233.915,
                                            "Actual Total Time": 761.027,
                                            "Actual Rows": 3658943,
                                            "Actual Loops": 1
                                        }
                                    ]
                                }
                            ]
                        }
                    ]
                }
            ]
        },
        "Planning Time": 212.326,
        "Triggers": [],
        "Execution Time": 961.805
    }
]