[
  {
    "Plan": {
      "Node Type": "Aggregate",
      "Strategy": "Plain",
      "Partial Mode": "Finalize",
      "Parallel Aware": false,
      "Startup Cost": 462759.03,
      "Total Cost": 462759.04,
      "Plan Rows": 1,
      "Plan Width": 64,
      "Actual Startup Time": 2183.042,
      "Actual Total Time": 2231.196,
      "Actual Rows": 1,
      "Actual Loops": 1,
      "Plans": [
        {
          "Node Type": "Gather",
          "Parent Relationship": "Outer",
          "Parallel Aware": false,
          "Startup Cost": 462758.39,
          "Total Cost": 462759.0,
          "Plan Rows": 6,
          "Plan Width": 64,
          "Actual Startup Time": 2149.058,
          "Actual Total Time": 2231.15,
          "Actual Rows": 7,
          "Actual Loops": 1,
          "Workers Planned": 6,
          "Workers Launched": 6,
          "Single Copy": false,
          "Plans": [
            {
              "Node Type": "Aggregate",
              "Strategy": "Plain",
              "Partial Mode": "Partial",
              "Parent Relationship": "Outer",
              "Parallel Aware": false,
              "Startup Cost": 461758.39,
              "Total Cost": 461758.4,
              "Plan Rows": 1,
              "Plan Width": 64,
              "Actual Startup Time": 2113.981,
              "Actual Total Time": 2114.013,
              "Actual Rows": 1,
              "Actual Loops": 7,
              "Plans": [
                {
                  "Node Type": "Hash Join",
                  "Parent Relationship": "Outer",
                  "Parallel Aware": false,
                  "Join Type": "Inner",
                  "Startup Cost": 132596.82,
                  "Total Cost": 461758.15,
                  "Plan Rows": 49,
                  "Plan Width": 33,
                  "Actual Startup Time": 2113.964,
                  "Actual Total Time": 2113.995,
                  "Actual Rows": 0,
                  "Actual Loops": 7,
                  "Inner Unique": true,
                  "Hash Cond": "(mc.company_type_id = ct.id)",
                  "Plans": [
                    {
                      "Node Type": "Hash Join",
                      "Parent Relationship": "Outer",
                      "Parallel Aware": true,
                      "Join Type": "Inner",
                      "Startup Cost": 132595.73,
                      "Total Cost": 461756.8,
                      "Plan Rows": 49,
                      "Plan Width": 37,
                      "Actual Startup Time": 2112.874,
                      "Actual Total Time": 2112.901,
                      "Actual Rows": 0,
                      "Actual Loops": 7,
                      "Inner Unique": true,
                      "Hash Cond": "(ci.person_role_id = chn.id)",
                      "Plans": [
                        {
                          "Node Type": "Hash Join",
                          "Parent Relationship": "Outer",
                          "Parallel Aware": false,
                          "Join Type": "Inner",
                          "Startup Cost": 78483.32,
                          "Total Cost": 407644.26,
                          "Plan Rows": 49,
                          "Plan Width": 25,
                          "Actual Startup Time": 1479.751,
                          "Actual Total Time": 1479.773,
                          "Actual Rows": 0,
                          "Actual Loops": 7,
                          "Inner Unique": true,
                          "Hash Cond": "(ci.role_id = rt.id)",
                          "Plans": [
                            {
                              "Node Type": "Hash Join",
                              "Parent Relationship": "Outer",
                              "Parallel Aware": true,
                              "Join Type": "Inner",
                              "Startup Cost": 78482.16,
                              "Total Cost": 407641.02,
                              "Plan Rows": 584,
                              "Plan Width": 29,
                              "Actual Startup Time": 868.886,
                              "Actual Total Time": 1479.499,
                              "Actual Rows": 373,
                              "Actual Loops": 7,
                              "Inner Unique": false,
                              "Hash Cond": "(ci.movie_id = t.id)",
                              "Plans": [
                                {
                                  "Node Type": "Seq Scan",
                                  "Parent Relationship": "Outer",
                                  "Parallel Aware": true,
                                  "Relation Name": "cast_info",
                                  "Alias": "ci",
                                  "Startup Cost": 0.0,
                                  "Total Cost": 328232.2,
                                  "Plan Rows": 246960,
                                  "Plan Width": 12,
                                  "Actual Startup Time": 197.935,
                                  "Actual Total Time": 1158.713,
                                  "Actual Rows": 205063,
                                  "Actual Loops": 7,
                                  "Filter": "(note ~~ '%(producer)%'::text)",
                                  "Rows Removed by Filter": 4972701
                                },
                                {
                                  "Node Type": "Hash",
                                  "Parent Relationship": "Inner",
                                  "Parallel Aware": true,
                                  "Startup Cost": 78474.96,
                                  "Total Cost": 78474.96,
                                  "Plan Rows": 576,
                                  "Plan Width": 29,
                                  "Actual Startup Time": 298.6,
                                  "Actual Total Time": 298.615,
                                  "Actual Rows": 180,
                                  "Actual Loops": 7,
                                  "Hash Buckets": 4096,
                                  "Original Hash Buckets": 4096,
                                  "Hash Batches": 1,
                                  "Original Hash Batches": 1,
                                  "Peak Memory Usage": 256,
                                  "Plans": [
                                    {
                                      "Node Type": "Hash Join",
                                      "Parent Relationship": "Outer",
                                      "Parallel Aware": true,
                                      "Join Type": "Inner",
                                      "Startup Cost": 34209.05,
                                      "Total Cost": 78474.96,
                                      "Plan Rows": 576,
                                      "Plan Width": 29,
                                      "Actual Startup Time": 144.618,
                                      "Actual Total Time": 298.019,
                                      "Actual Rows": 180,
                                      "Actual Loops": 7,
                                      "Inner Unique": false,
                                      "Hash Cond": "(t.id = mc.movie_id)",
                                      "Plans": [
                                        {
                                          "Node Type": "Seq Scan",
                                          "Parent Relationship": "Outer",
                                          "Parallel Aware": true,
                                          "Relation Name": "title",
                                          "Alias": "t",
                                          "Startup Cost": 0.0,
                                          "Total Cost": 43898.79,
                                          "Plan Rows": 97402,
                                          "Plan Width": 21,
                                          "Actual Startup Time": 0.038,
                                          "Actual Total Time": 146.911,
                                          "Actual Rows": 55952,
                                          "Actual Loops": 7,
                                          "Filter": "(production_year > 2010)",
                                          "Rows Removed by Filter": 305235
                                        },
                                        {
                                          "Node Type": "Hash",
                                          "Parent Relationship": "Inner",
                                          "Parallel Aware": true,
                                          "Startup Cost": 34148.75,
                                          "Total Cost": 34148.75,
                                          "Plan Rows": 4824,
                                          "Plan Width": 8,
                                          "Actual Startup Time": 139.531,
                                          "Actual Total Time": 139.541,
                                          "Actual Rows": 1256,
                                          "Actual Loops": 7,
                                          "Hash Buckets": 16384,
                                          "Original Hash Buckets": 16384,
                                          "Hash Batches": 1,
                                          "Original Hash Batches": 1,
                                          "Peak Memory Usage": 576,
                                          "Plans": [
                                            {
                                              "Node Type": "Hash Join",
                                              "Parent Relationship": "Outer",
                                              "Parallel Aware": true,
                                              "Join Type": "Inner",
                                              "Startup Cost": 4732.82,
                                              "Total Cost": 34148.75,
                                              "Plan Rows": 4824,
                                              "Plan Width": 8,
                                              "Actual Startup Time": 16.627,
                                              "Actual Total Time": 138.519,
                                              "Actual Rows": 1256,
                                              "Actual Loops": 7,
                                              "Inner Unique": true,
                                              "Hash Cond": "(mc.company_id = cn.id)",
                                              "Plans": [
                                                {
                                                  "Node Type": "Seq Scan",
                                                  "Parent Relationship": "Outer",
                                                  "Parallel Aware": true,
                                                  "Relation Name": "movie_companies",
                                                  "Alias": "mc",
                                                  "Startup Cost": 0.0,
                                                  "Total Cost": 27206.55,
                                                  "Plan Rows": 841655,
                                                  "Plan Width": 12,
                                                  "Actual Startup Time": 0.03,
                                                  "Actual Total Time": 78.019,
                                                  "Actual Rows": 372733,
                                                  "Actual Loops": 7
                                                },
                                                {
                                                  "Node Type": "Hash",
                                                  "Parent Relationship": "Inner",
                                                  "Parallel Aware": true,
                                                  "Startup Cost": 4722.92,
                                                  "Total Cost": 4722.92,
                                                  "Plan Rows": 792,
                                                  "Plan Width": 4,
                                                  "Actual Startup Time": 15.989,
                                                  "Actual Total Time": 15.992,
                                                  "Actual Rows": 194,
                                                  "Actual Loops": 7,
                                                  "Hash Buckets": 2048,
                                                  "Original Hash Buckets": 2048,
                                                  "Hash Batches": 1,
                                                  "Original Hash Batches": 1,
                                                  "Peak Memory Usage": 240,
                                                  "Plans": [
                                                    {
                                                      "Node Type": "Seq Scan",
                                                      "Parent Relationship": "Outer",
                                                      "Parallel Aware": true,
                                                      "Relation Name": "company_name",
                                                      "Alias": "cn",
                                                      "Startup Cost": 0.0,
                                                      "Total Cost": 4722.92,
                                                      "Plan Rows": 792,
                                                      "Plan Width": 4,
                                                      "Actual Startup Time": 0.09,
                                                      "Actual Total Time": 15.644,
                                                      "Actual Rows": 194,
                                                      "Actual Loops": 7,
                                                      "Filter": "((country_code)::text = '[ru]'::text)",
                                                      "Rows Removed by Filter": 33377
                                                    }
                                                  ]
                                                }
                                              ]
                                            }
                                          ]
                                        }
                                      ]
                                    }
                                  ]
                                }
                              ]
                            },
                            {
                              "Node Type": "Hash",
                              "Parent Relationship": "Inner",
                              "Parallel Aware": false,
                              "Startup Cost": 1.15,
                              "Total Cost": 1.15,
                              "Plan Rows": 1,
                              "Plan Width": 4,
                              "Actual Startup Time": 0.114,
                              "Actual Total Time": 0.116,
                              "Actual Rows": 1,
                              "Actual Loops": 7,
                              "Hash Buckets": 1024,
                              "Original Hash Buckets": 1024,
                              "Hash Batches": 1,
                              "Original Hash Batches": 1,
                              "Peak Memory Usage": 9,
                              "Plans": [
                                {
                                  "Node Type": "Seq Scan",
                                  "Parent Relationship": "Outer",
                                  "Parallel Aware": false,
                                  "Relation Name": "role_type",
                                  "Alias": "rt",
                                  "Startup Cost": 0.0,
                                  "Total Cost": 1.15,
                                  "Plan Rows": 1,
                                  "Plan Width": 4,
                                  "Actual Startup Time": 0.09,
                                  "Actual Total Time": 0.093,
                                  "Actual Rows": 1,
                                  "Actual Loops": 7,
                                  "Filter": "((role)::text = 'actor'::text)",
                                  "Rows Removed by Filter": 11
                                }
                              ]
                            }
                          ]
                        },
                        {
                          "Node Type": "Hash",
                          "Parent Relationship": "Inner",
                          "Parallel Aware": true,
                          "Startup Cost": 44298.85,
                          "Total Cost": 44298.85,
                          "Plan Rows": 785085,
                          "Plan Width": 20,
                          "Actual Startup Time": 620.597,
                          "Actual Total Time": 620.598,
                          "Actual Rows": 448620,
                          "Actual Loops": 7,
                          "Hash Buckets": 4194304,
                          "Original Hash Buckets": 4194304,
                          "Hash Batches": 1,
                          "Original Hash Batches": 1,
                          "Peak Memory Usage": 205152,
                          "Plans": [
                            {
                              "Node Type": "Seq Scan",
                              "Parent Relationship": "Outer",
                              "Parallel Aware": true,
                              "Relation Name": "char_name",
                              "Alias": "chn",
                              "Startup Cost": 0.0,
                              "Total Cost": 44298.85,
                              "Plan Rows": 785085,
                              "Plan Width": 20,
                              "Actual Startup Time": 0.109,
                              "Actual Total Time": 184.561,
                              "Actual Rows": 448620,
                              "Actual Loops": 7
                            }
                          ]
                        }
                      ]
                    },
                    {
                      "Node Type": "Hash",
                      "Parent Relationship": "Inner",
                      "Parallel Aware": false,
                      "Startup Cost": 1.04,
                      "Total Cost": 1.04,
                      "Plan Rows": 4,
                      "Plan Width": 4,
                      "Actual Startup Time": 0.103,
                      "Actual Total Time": 0.106,
                      "Actual Rows": 4,
                      "Actual Loops": 7,
                      "Hash Buckets": 1024,
                      "Original Hash Buckets": 1024,
                      "Hash Batches": 1,
                      "Original Hash Batches": 1,
                      "Peak Memory Usage": 9,
                      "Plans": [
                        {
                          "Node Type": "Seq Scan",
                          "Parent Relationship": "Outer",
                          "Parallel Aware": false,
                          "Relation Name": "company_type",
                          "Alias": "ct",
                          "Startup Cost": 0.0,
                          "Total Cost": 1.04,
                          "Plan Rows": 4,
                          "Plan Width": 4,
                          "Actual Startup Time": 0.068,
                          "Actual Total Time": 0.071,
                          "Actual Rows": 4,
                          "Actual Loops": 7
                        }
                      ]
                    }
                  ]
                }
              ]
            }
          ]
        }
      ]
    },
    "Planning Time": 9.145,
    "Triggers": [],
    "Execution Time": 2231.802
  }
]