[
  {
    "Plan": {
      "Node Type": "Aggregate",
      "Strategy": "Plain",
      "Partial Mode": "Finalize",
      "Parallel Aware": false,
      "Startup Cost": 80147.22,
      "Total Cost": 80147.23,
      "Plan Rows": 1,
      "Plan Width": 8,
      "Actual Startup Time": 318.367,
      "Actual Total Time": 347.754,
      "Actual Rows": 1,
      "Actual Loops": 1,
      "Plans": [
        {
          "Node Type": "Gather",
          "Parent Relationship": "Outer",
          "Parallel Aware": false,
          "Startup Cost": 80146.9,
          "Total Cost": 80147.21,
          "Plan Rows": 3,
          "Plan Width": 8,
          "Actual Startup Time": 317.484,
          "Actual Total Time": 347.744,
          "Actual Rows": 4,
          "Actual Loops": 1,
          "Workers Planned": 3,
          "Workers Launched": 3,
          "Single Copy": false,
          "Plans": [
            {
              "Node Type": "Aggregate",
              "Strategy": "Plain",
              "Partial Mode": "Partial",
              "Parent Relationship": "Outer",
              "Parallel Aware": false,
              "Startup Cost": 79146.9,
              "Total Cost": 79146.91,
              "Plan Rows": 1,
              "Plan Width": 8,
              "Actual Startup Time": 312.114,
              "Actual Total Time": 312.217,
              "Actual Rows": 1,
              "Actual Loops": 4,
              "Plans": [
                {
                  "Node Type": "Nested Loop",
                  "Parent Relationship": "Outer",
                  "Parallel Aware": false,
                  "Join Type": "Inner",
                  "Startup Cost": 47878.61,
                  "Total Cost": 79137.44,
                  "Plan Rows": 3783,
                  "Plan Width": 0,
                  "Actual Startup Time": 143.027,
                  "Actual Total Time": 304.265,
                  "Actual Rows": 131384,
                  "Actual Loops": 4,
                  "Inner Unique": false,
                  "Join Filter": "(t.id = mi.movie_id)",
                  "Rows Removed by Join Filter": 0,
                  "Plans": [
                    {
                      "Node Type": "Hash Join",
                      "Parent Relationship": "Outer",
                      "Parallel Aware": true,
                      "Join Type": "Inner",
                      "Startup Cost": 47878.17,
                      "Total Cost": 72849.18,
                      "Plan Rows": 644,
                      "Plan Width": 8,
                      "Actual Startup Time": 142.906,
                      "Actual Total Time": 169.476,
                      "Actual Rows": 4299,
                      "Actual Loops": 4,
                      "Inner Unique": true,
                      "Hash Cond": "(mk.movie_id = t.id)",
                      "Plans": [
                        {
                          "Node Type": "Bitmap Heap Scan",
                          "Parent Relationship": "Outer",
                          "Parallel Aware": true,
                          "Relation Name": "movie_keyword",
                          "Alias": "mk",
                          "Startup Cost": 2249.66,
                          "Total Cost": 27130.94,
                          "Plan Rows": 34182,
                          "Plan Width": 4,
                          "Actual Startup Time": 17.707,
                          "Actual Total Time": 46.348,
                          "Actual Rows": 27886,
                          "Actual Loops": 4,
                          "Recheck Cond": "(keyword_id < 110)",
                          "Rows Removed by Index Recheck": 0,
                          "Exact Heap Blocks": 6839,
                          "Lossy Heap Blocks": 0,
                          "Plans": [
                            {
                              "Node Type": "Bitmap Index Scan",
                              "Parent Relationship": "Outer",
                              "Parallel Aware": false,
                              "Index Name": "keyword_id_movie_keyword",
                              "Startup Cost": 0.0,
                              "Total Cost": 2223.17,
                              "Plan Rows": 105965,
                              "Plan Width": 0,
                              "Actual Startup Time": 12.515,
                              "Actual Total Time": 12.517,
                              "Actual Rows": 111546,
                              "Actual Loops": 1,
                              "Index Cond": "(keyword_id < 110)"
                            }
                          ]
                        },
                        {
                          "Node Type": "Hash",
                          "Parent Relationship": "Inner",
                          "Parallel Aware": true,
                          "Startup Cost": 45479.59,
                          "Total Cost": 45479.59,
                          "Plan Rows": 11914,
                          "Plan Width": 4,
                          "Actual Startup Time": 112.595,
                          "Actual Total Time": 112.596,
                          "Actual Rows": 43600,
                          "Actual Loops": 4,
                          "Hash Buckets": 262144,
                          "Original Hash Buckets": 65536,
                          "Hash Batches": 1,
                          "Original Hash Batches": 1,
                          "Peak Memory Usage": 10464,
                          "Plans": [
                            {
                              "Node Type": "Seq Scan",
                              "Parent Relationship": "Outer",
                              "Parallel Aware": true,
                              "Relation Name": "title",
                              "Alias": "t",
                              "Startup Cost": 0.0,
                              "Total Cost": 45479.59,
                              "Plan Rows": 11914,
                              "Plan Width": 4,
                              "Actual Startup Time": 54.595,
                              "Actual Total Time": 93.44,
                              "Actual Rows": 43600,
                              "Actual Loops": 4,
                              "Filter": "((production_year < 1955) AND (kind_id = 1))",
                              "Rows Removed by Filter": 588478
                            }
                          ]
                        }
                      ]
                    },
                    {
                      "Node Type": "Index Only Scan",
                      "Parent Relationship": "Inner",
                      "Parallel Aware": false,
                      "Scan Direction": "Forward",
                      "Index Name": "movie_id_movie_info",
                      "Relation Name": "movie_info",
                      "Alias": "mi",
                      "Startup Cost": 0.43,
                      "Total Cost": 9.25,
                      "Plan Rows": 41,
                      "Plan Width": 4,
                      "Actual Startup Time": 0.007,
                      "Actual Total Time": 0.027,
                      "Actual Rows": 31,
                      "Actual Loops": 17197,
                      "Index Cond": "(movie_id = mk.movie_id)",
                      "Rows Removed by Index Recheck": 0,
                      "Heap Fetches": 525534
                    }
                  ]
                }
              ]
            }
          ]
        }
      ]
    },
    "Planning Time": 0.649,
    "Triggers": [],
    "Execution Time": 347.817
  }
]