[
  {
    "Plan": {
      "Node Type": "Aggregate",
      "Strategy": "Plain",
      "Partial Mode": "Finalize",
      "Parallel Aware": false,
      "Startup Cost": 228081.07,
      "Total Cost": 228081.08,
      "Plan Rows": 1,
      "Plan Width": 8,
      "Actual Startup Time": 176.555,
      "Actual Total Time": 203.724,
      "Actual Rows": 1,
      "Actual Loops": 1,
      "Plans": [
        {
          "Node Type": "Gather",
          "Parent Relationship": "Outer",
          "Parallel Aware": false,
          "Startup Cost": 228080.65,
          "Total Cost": 228081.06,
          "Plan Rows": 4,
          "Plan Width": 8,
          "Actual Startup Time": 176.433,
          "Actual Total Time": 203.715,
          "Actual Rows": 5,
          "Actual Loops": 1,
          "Workers Planned": 4,
          "Workers Launched": 4,
          "Single Copy": false,
          "Plans": [
            {
              "Node Type": "Aggregate",
              "Strategy": "Plain",
              "Partial Mode": "Partial",
              "Parent Relationship": "Outer",
              "Parallel Aware": false,
              "Startup Cost": 227080.65,
              "Total Cost": 227080.66,
              "Plan Rows": 1,
              "Plan Width": 8,
              "Actual Startup Time": 166.819,
              "Actual Total Time": 166.82,
              "Actual Rows": 1,
              "Actual Loops": 5,
              "Plans": [
                {
                  "Node Type": "Nested Loop",
                  "Parent Relationship": "Outer",
                  "Parallel Aware": false,
                  "Join Type": "Inner",
                  "Startup Cost": 0.43,
                  "Total Cost": 227071.32,
                  "Plan Rows": 3730,
                  "Plan Width": 0,
                  "Actual Startup Time": 0.785,
                  "Actual Total Time": 166.34,
                  "Actual Rows": 2624,
                  "Actual Loops": 5,
                  "Inner Unique": false,
                  "Plans": [
                    {
                      "Node Type": "Seq Scan",
                      "Parent Relationship": "Outer",
                      "Parallel Aware": true,
                      "Relation Name": "title",
                      "Alias": "t",
                      "Startup Cost": 0.0,
                      "Total Cost": 45479.1,
                      "Plan Rows": 4585,
                      "Plan Width": 4,
                      "Actual Startup Time": 0.094,
                      "Actual Total Time": 82.304,
                      "Actual Rows": 3759,
                      "Actual Loops": 5,
                      "Filter": "((kind_id > 1) AND (production_year = 1991))",
                      "Rows Removed by Filter": 501904
                    },
                    {
                      "Node Type": "Index Scan",
                      "Parent Relationship": "Inner",
                      "Parallel Aware": false,
                      "Scan Direction": "Forward",
                      "Index Name": "movie_id_movie_info",
                      "Relation Name": "movie_info",
                      "Alias": "mi",
                      "Startup Cost": 0.43,
                      "Total Cost": 39.55,
                      "Plan Rows": 6,
                      "Plan Width": 4,
                      "Actual Startup Time": 0.015,
                      "Actual Total Time": 0.022,
                      "Actual Rows": 1,
                      "Actual Loops": 18793,
                      "Index Cond": "(movie_id = t.id)",
                      "Rows Removed by Index Recheck": 0,
                      "Filter": "(info_type_id < 3)",
                      "Rows Removed by Filter": 4
                    }
                  ]
                }
              ]
            }
          ]
        }
      ]
    },
    "Planning Time": 1.036,
    "Triggers": [],
    "Execution Time": 203.855
  }
]