{
  "Plan": {
    "Node Type": "Aggregate",
    "Strategy": "Plain",
    "Partial Mode": "Finalize",
    "Parallel Aware": false,
    "Startup Cost": 234132.49,
    "Total Cost": 234132.5,
    "Plan Rows": 1,
    "Plan Width": 8,
    "Actual Startup Time": 436.252,
    "Actual Total Time": 451.815,
    "Actual Rows": 1,
    "Actual Loops": 1,
    "Plans": [
      {
        "Node Type": "Gather",
        "Parent Relationship": "Outer",
        "Parallel Aware": false,
        "Startup Cost": 234132.38,
        "Total Cost": 234132.49,
        "Plan Rows": 1,
        "Plan Width": 8,
        "Actual Startup Time": 435.119,
        "Actual Total Time": 451.807,
        "Actual Rows": 2,
        "Actual Loops": 1,
        "Workers Planned": 1,
        "Workers Launched": 1,
        "Single Copy": false,
        "Plans": [
          {
            "Node Type": "Aggregate",
            "Strategy": "Plain",
            "Partial Mode": "Partial",
            "Parent Relationship": "Outer",
            "Parallel Aware": false,
            "Startup Cost": 233132.38,
            "Total Cost": 233132.39,
            "Plan Rows": 1,
            "Plan Width": 8,
            "Actual Startup Time": 428.949,
            "Actual Total Time": 429.103,
            "Actual Rows": 1,
            "Actual Loops": 2,
            "Plans": [
              {
                "Node Type": "Nested Loop",
                "Parent Relationship": "Outer",
                "Parallel Aware": false,
                "Join Type": "Inner",
                "Startup Cost": 57080.04,
                "Total Cost": 233116.34,
                "Plan Rows": 6413,
                "Plan Width": 0,
                "Actual Startup Time": 147.578,
                "Actual Total Time": 399.828,
                "Actual Rows": 578150,
                "Actual Loops": 2,
                "Inner Unique": false,
                "Join Filter": "(t.id = mk.movie_id)",
                "Rows Removed by Join Filter": 0,
                "Plans": [
                  {
                    "Node Type": "Hash Join",
                    "Parent Relationship": "Outer",
                    "Parallel Aware": true,
                    "Join Type": "Inner",
                    "Startup Cost": 57079.61,
                    "Total Cost": 222132.3,
                    "Plan Rows": 3584,
                    "Plan Width": 8,
                    "Actual Startup Time": 147.5,
                    "Actual Total Time": 174.338,
                    "Actual Rows": 15230,
                    "Actual Loops": 2,
                    "Inner Unique": true,
                    "Hash Cond": "(mi.movie_id = t.id)",
                    "Plans": [
                      {
                        "Node Type": "Bitmap Heap Scan",
                        "Parent Relationship": "Outer",
                        "Parallel Aware": true,
                        "Relation Name": "movie_info",
                        "Alias": "mi",
                        "Startup Cost": 2584.16,
                        "Total Cost": 167416.95,
                        "Plan Rows": 83774,
                        "Plan Width": 4,
                        "Actual Startup Time": 8.153,
                        "Actual Total Time": 17.314,
                        "Actual Rows": 70032,
                        "Actual Loops": 2,
                        "Recheck Cond": "(info_type_id = 9)",
                        "Rows Removed by Index Recheck": 0,
                        "Exact Heap Blocks": 1054,
                        "Lossy Heap Blocks": 0,
                        "Plans": [
                          {
                            "Node Type": "Bitmap Index Scan",
                            "Parent Relationship": "Outer",
                            "Parallel Aware": false,
                            "Index Name": "info_type_id_movie_info",
                            "Startup Cost": 0.0,
                            "Total Cost": 2548.55,
                            "Plan Rows": 142416,
                            "Plan Width": 0,
                            "Actual Startup Time": 7.788,
                            "Actual Total Time": 7.789,
                            "Actual Rows": 140065,
                            "Actual Loops": 1,
                            "Index Cond": "(info_type_id = 9)"
                          }
                        ]
                      },
                      {
                        "Node Type": "Hash",
                        "Parent Relationship": "Inner",
                        "Parallel Aware": true,
                        "Startup Cost": 53700.15,
                        "Total Cost": 53700.15,
                        "Plan Rows": 63624,
                        "Plan Width": 4,
                        "Actual Startup Time": 135.339,
                        "Actual Total Time": 135.341,
                        "Actual Rows": 122020,
                        "Actual Loops": 2,
                        "Hash Buckets": 262144,
                        "Original Hash Buckets": 131072,
                        "Hash Batches": 1,
                        "Original Hash Batches": 1,
                        "Peak Memory Usage": 12640,
                        "Plans": [
                          {
                            "Node Type": "Bitmap Heap Scan",
                            "Parent Relationship": "Outer",
                            "Parallel Aware": true,
                            "Relation Name": "title",
                            "Alias": "t",
                            "Startup Cost": 11849.89,
                            "Total Cost": 53700.15,
                            "Plan Rows": 63624,
                            "Plan Width": 4,
                            "Actual Startup Time": 35.672,
                            "Actual Total Time": 104.389,
                            "Actual Rows": 122020,
                            "Actual Loops": 2,
                            "Recheck Cond": "(kind_id = 1)",
                            "Rows Removed by Index Recheck": 0,
                            "Filter": "(production_year < 1974)",
                            "Rows Removed by Filter": 209392,
                            "Exact Heap Blocks": 9284,
                            "Lossy Heap Blocks": 0,
                            "Plans": [
                              {
                                "Node Type": "Bitmap Index Scan",
                                "Parent Relationship": "Outer",
                                "Parallel Aware": false,
                                "Index Name": "kind_id_title",
                                "Startup Cost": 0.0,
                                "Total Cost": 11822.85,
                                "Plan Rows": 663256,
                                "Plan Width": 0,
                                "Actual Startup Time": 37.672,
                                "Actual Total Time": 37.673,
                                "Actual Rows": 662825,
                                "Actual Loops": 1,
                                "Index Cond": "(kind_id = 1)"
                              }
                            ]
                          }
                        ]
                      }
                    ]
                  },
                  {
                    "Node Type": "Index Only Scan",
                    "Parent Relationship": "Inner",
                    "Parallel Aware": false,
                    "Scan Direction": "Forward",
                    "Index Name": "movie_id_movie_keyword",
                    "Relation Name": "movie_keyword",
                    "Alias": "mk",
                    "Startup Cost": 0.43,
                    "Total Cost": 2.5,
                    "Plan Rows": 45,
                    "Plan Width": 4,
                    "Actual Startup Time": 0.005,
                    "Actual Total Time": 0.011,
                    "Actual Rows": 38,
                    "Actual Loops": 30459,
                    "Index Cond": "(movie_id = mi.movie_id)",
                    "Rows Removed by Index Recheck": 0,
                    "Heap Fetches": 1156299
                  }
                ]
              }
            ]
          }
        ]
      }
    ]
  },
  "Planning Time": 1.048,
  "Triggers": [],
  "Execution Time": 451.929
}