[
  {
    "Plan": {
      "Node Type": "Aggregate",
      "Strategy": "Plain",
      "Partial Mode": "Finalize",
      "Parallel Aware": false,
      "Startup Cost": 257267.42,
      "Total Cost": 257267.43,
      "Plan Rows": 1,
      "Plan Width": 8,
      "Actual Startup Time": 340.03,
      "Actual Total Time": 357.994,
      "Actual Rows": 1,
      "Actual Loops": 1,
      "Plans": [
        {
          "Node Type": "Gather",
          "Parent Relationship": "Outer",
          "Parallel Aware": false,
          "Startup Cost": 257266.79,
          "Total Cost": 257267.4,
          "Plan Rows": 6,
          "Plan Width": 8,
          "Actual Startup Time": 339.956,
          "Actual Total Time": 357.985,
          "Actual Rows": 7,
          "Actual Loops": 1,
          "Workers Planned": 6,
          "Workers Launched": 6,
          "Single Copy": false,
          "Plans": [
            {
              "Node Type": "Aggregate",
              "Strategy": "Plain",
              "Partial Mode": "Partial",
              "Parent Relationship": "Outer",
              "Parallel Aware": false,
              "Startup Cost": 256266.79,
              "Total Cost": 256266.8,
              "Plan Rows": 1,
              "Plan Width": 8,
              "Actual Startup Time": 329.674,
              "Actual Total Time": 329.675,
              "Actual Rows": 1,
              "Actual Loops": 7,
              "Plans": [
                {
                  "Node Type": "Index Scan",
                  "Parent Relationship": "Outer",
                  "Parallel Aware": true,
                  "Scan Direction": "Forward",
                  "Index Name": "role_id_cast_info",
                  "Relation Name": "cast_info",
                  "Alias": "ci",
                  "Startup Cost": 0.56,
                  "Total Cost": 255086.64,
                  "Plan Rows": 472060,
                  "Plan Width": 0,
                  "Actual Startup Time": 0.223,
                  "Actual Total Time": 287.071,
                  "Actual Rows": 937348,
                  "Actual Loops": 7,
                  "Index Cond": "(role_id > 4)",
                  "Rows Removed by Index Recheck": 0,
                  "Filter": "(person_id > 2639004)",
                  "Rows Removed by Filter": 403324
                }
              ]
            }
          ]
        }
      ]
    },
    "Planning Time": 0.237,
    "Triggers": [],
    "Execution Time": 358.057
  }
]