{
  "Plan": {
    "Node Type": "Aggregate",
    "Strategy": "Plain",
    "Partial Mode": "Finalize",
    "Parallel Aware": false,
    "Startup Cost": 615192.73,
    "Total Cost": 615192.74,
    "Plan Rows": 1,
    "Plan Width": 8,
    "Actual Startup Time": 338.046,
    "Actual Total Time": 379.221,
    "Actual Rows": 1,
    "Actual Loops": 1,
    "Plans": [
      {
        "Node Type": "Gather",
        "Parent Relationship": "Outer",
        "Parallel Aware": false,
        "Startup Cost": 615192.62,
        "Total Cost": 615192.73,
        "Plan Rows": 1,
        "Plan Width": 8,
        "Actual Startup Time": 337.807,
        "Actual Total Time": 379.212,
        "Actual Rows": 2,
        "Actual Loops": 1,
        "Workers Planned": 1,
        "Workers Launched": 1,
        "Single Copy": false,
        "Plans": [
          {
            "Node Type": "Aggregate",
            "Strategy": "Plain",
            "Partial Mode": "Partial",
            "Parent Relationship": "Outer",
            "Parallel Aware": false,
            "Startup Cost": 614192.62,
            "Total Cost": 614192.63,
            "Plan Rows": 1,
            "Plan Width": 8,
            "Actual Startup Time": 331.691,
            "Actual Total Time": 331.693,
            "Actual Rows": 1,
            "Actual Loops": 2,
            "Plans": [
              {
                "Node Type": "Nested Loop",
                "Parent Relationship": "Outer",
                "Parallel Aware": false,
                "Join Type": "Inner",
                "Startup Cost": 1.0,
                "Total Cost": 613842.82,
                "Plan Rows": 139919,
                "Plan Width": 0,
                "Actual Startup Time": 0.489,
                "Actual Total Time": 326.088,
                "Actual Rows": 94535,
                "Actual Loops": 2,
                "Inner Unique": false,
                "Join Filter": "(t.id = mi.movie_id)",
                "Rows Removed by Join Filter": 0,
                "Plans": [
                  {
                    "Node Type": "Nested Loop",
                    "Parent Relationship": "Outer",
                    "Parallel Aware": false,
                    "Join Type": "Inner",
                    "Startup Cost": 0.56,
                    "Total Cost": 571396.93,
                    "Plan Rows": 23929,
                    "Plan Width": 8,
                    "Actual Startup Time": 0.338,
                    "Actual Total Time": 238.891,
                    "Actual Rows": 17596,
                    "Actual Loops": 2,
                    "Inner Unique": false,
                    "Plans": [
                      {
                        "Node Type": "Seq Scan",
                        "Parent Relationship": "Outer",
                        "Parallel Aware": true,
                        "Relation Name": "title",
                        "Alias": "t",
                        "Startup Cost": 0.0,
                        "Total Cost": 58306.47,
                        "Plan Rows": 5515,
                        "Plan Width": 4,
                        "Actual Startup Time": 0.032,
                        "Actual Total Time": 133.724,
                        "Actual Rows": 4134,
                        "Actual Loops": 2,
                        "Filter": "((kind_id = 7) AND (production_year = 1971))",
                        "Rows Removed by Filter": 1260022
                      },
                      {
                        "Node Type": "Index Scan",
                        "Parent Relationship": "Inner",
                        "Parallel Aware": false,
                        "Scan Direction": "Forward",
                        "Index Name": "movie_id_cast_info",
                        "Relation Name": "cast_info",
                        "Alias": "ci",
                        "Startup Cost": 0.56,
                        "Total Cost": 92.93,
                        "Plan Rows": 11,
                        "Plan Width": 4,
                        "Actual Startup Time": 0.007,
                        "Actual Total Time": 0.025,
                        "Actual Rows": 4,
                        "Actual Loops": 8269,
                        "Index Cond": "(movie_id = t.id)",
                        "Rows Removed by Index Recheck": 0,
                        "Filter": "(person_id < 1078662)",
                        "Rows Removed by Filter": 6
                      }
                    ]
                  },
                  {
                    "Node Type": "Index Only Scan",
                    "Parent Relationship": "Inner",
                    "Parallel Aware": false,
                    "Scan Direction": "Forward",
                    "Index Name": "movie_id_movie_info",
                    "Relation Name": "movie_info",
                    "Alias": "mi",
                    "Startup Cost": 0.43,
                    "Total Cost": 1.25,
                    "Plan Rows": 42,
                    "Plan Width": 4,
                    "Actual Startup Time": 0.002,
                    "Actual Total Time": 0.004,
                    "Actual Rows": 5,
                    "Actual Loops": 35192,
                    "Index Cond": "(movie_id = ci.movie_id)",
                    "Rows Removed by Index Recheck": 0,
                    "Heap Fetches": 189070
                  }
                ]
              }
            ]
          }
        ]
      }
    ]
  },
  "Planning Time": 0.988,
  "Triggers": [],
  "Execution Time": 379.318
}