[
  {
    "Plan": {
      "Node Type": "Aggregate",
      "Strategy": "Plain",
      "Partial Mode": "Finalize",
      "Parallel Aware": false,
      "Startup Cost": 44517.13,
      "Total Cost": 44517.14,
      "Plan Rows": 1,
      "Plan Width": 8,
      "Actual Startup Time": 125.698,
      "Actual Total Time": 137.129,
      "Actual Rows": 1,
      "Actual Loops": 1,
      "Plans": [
        {
          "Node Type": "Gather",
          "Parent Relationship": "Outer",
          "Parallel Aware": false,
          "Startup Cost": 44516.81,
          "Total Cost": 44517.12,
          "Plan Rows": 3,
          "Plan Width": 8,
          "Actual Startup Time": 125.539,
          "Actual Total Time": 137.118,
          "Actual Rows": 4,
          "Actual Loops": 1,
          "Workers Planned": 3,
          "Workers Launched": 3,
          "Single Copy": false,
          "Plans": [
            {
              "Node Type": "Aggregate",
              "Strategy": "Plain",
              "Partial Mode": "Partial",
              "Parent Relationship": "Outer",
              "Parallel Aware": false,
              "Startup Cost": 43516.81,
              "Total Cost": 43516.82,
              "Plan Rows": 1,
              "Plan Width": 8,
              "Actual Startup Time": 119.947,
              "Actual Total Time": 119.949,
              "Actual Rows": 1,
              "Actual Loops": 4,
              "Plans": [
                {
                  "Node Type": "Seq Scan",
                  "Parent Relationship": "Outer",
                  "Parallel Aware": true,
                  "Relation Name": "movie_keyword",
                  "Alias": "mk",
                  "Startup Cost": 0.0,
                  "Total Cost": 42695.65,
                  "Plan Rows": 328463,
                  "Plan Width": 0,
                  "Actual Startup Time": 2.631,
                  "Actual Total Time": 107.422,
                  "Actual Rows": 254382,
                  "Actual Loops": 4,
                  "Filter": "(keyword_id > 17728)",
                  "Rows Removed by Filter": 876601
                }
              ]
            }
          ]
        }
      ]
    },
    "Planning Time": 0.215,
    "Triggers": [],
    "Execution Time": 137.188
  }
]