{
  "Plan": {
    "Node Type": "Aggregate",
    "Strategy": "Plain",
    "Partial Mode": "Finalize",
    "Parallel Aware": false,
    "Startup Cost": 425563.73,
    "Total Cost": 425563.74,
    "Plan Rows": 1,
    "Plan Width": 8,
    "Actual Startup Time": 1802.166,
    "Actual Total Time": 1846.282,
    "Actual Rows": 1,
    "Actual Loops": 1,
    "Plans": [
      {
        "Node Type": "Gather",
        "Parent Relationship": "Outer",
        "Parallel Aware": false,
        "Startup Cost": 425563.62,
        "Total Cost": 425563.73,
        "Plan Rows": 1,
        "Plan Width": 8,
        "Actual Startup Time": 1801.246,
        "Actual Total Time": 1846.275,
        "Actual Rows": 2,
        "Actual Loops": 1,
        "Workers Planned": 1,
        "Workers Launched": 1,
        "Single Copy": false,
        "Plans": [
          {
            "Node Type": "Aggregate",
            "Strategy": "Plain",
            "Partial Mode": "Partial",
            "Parent Relationship": "Outer",
            "Parallel Aware": false,
            "Startup Cost": 424563.62,
            "Total Cost": 424563.63,
            "Plan Rows": 1,
            "Plan Width": 8,
            "Actual Startup Time": 1795.428,
            "Actual Total Time": 1795.433,
            "Actual Rows": 1,
            "Actual Loops": 2,
            "Plans": [
              {
                "Node Type": "Hash Join",
                "Parent Relationship": "Outer",
                "Parallel Aware": true,
                "Join Type": "Inner",
                "Startup Cost": 128392.23,
                "Total Cost": 420207.85,
                "Plan Rows": 1742307,
                "Plan Width": 0,
                "Actual Startup Time": 519.688,
                "Actual Total Time": 1770.026,
                "Actual Rows": 628794,
                "Actual Loops": 2,
                "Inner Unique": false,
                "Hash Cond": "(mi.movie_id = t.id)",
                "Plans": [
                  {
                    "Node Type": "Seq Scan",
                    "Parent Relationship": "Outer",
                    "Parallel Aware": true,
                    "Relation Name": "movie_info",
                    "Alias": "mi",
                    "Startup Cost": 0.0,
                    "Total Cost": 248955.74,
                    "Plan Rows": 8696274,
                    "Plan Width": 4,
                    "Actual Startup Time": 0.015,
                    "Actual Total Time": 585.431,
                    "Actual Rows": 7417860,
                    "Actual Loops": 2
                  },
                  {
                    "Node Type": "Hash",
                    "Parent Relationship": "Inner",
                    "Parallel Aware": true,
                    "Startup Cost": 124667.63,
                    "Total Cost": 124667.63,
                    "Plan Rows": 297968,
                    "Plan Width": 8,
                    "Actual Startup Time": 512.941,
                    "Actual Total Time": 512.945,
                    "Actual Rows": 50095,
                    "Actual Loops": 2,
                    "Hash Buckets": 524288,
                    "Original Hash Buckets": 524288,
                    "Hash Batches": 1,
                    "Original Hash Batches": 1,
                    "Peak Memory Usage": 8032,
                    "Plans": [
                      {
                        "Node Type": "Hash Join",
                        "Parent Relationship": "Outer",
                        "Parallel Aware": true,
                        "Join Type": "Inner",
                        "Startup Cost": 60594.62,
                        "Total Cost": 124667.63,
                        "Plan Rows": 297968,
                        "Plan Width": 8,
                        "Actual Startup Time": 171.924,
                        "Actual Total Time": 503.495,
                        "Actual Rows": 50095,
                        "Actual Loops": 2,
                        "Inner Unique": true,
                        "Hash Cond": "(mk.movie_id = t.id)",
                        "Plans": [
                          {
                            "Node Type": "Seq Scan",
                            "Parent Relationship": "Outer",
                            "Parallel Aware": true,
                            "Relation Name": "movie_keyword",
                            "Alias": "mk",
                            "Startup Cost": 0.0,
                            "Total Cost": 57718.19,
                            "Plan Rows": 2420879,
                            "Plan Width": 4,
                            "Actual Startup Time": 0.014,
                            "Actual Total Time": 190.337,
                            "Actual Rows": 2062945,
                            "Actual Loops": 2,
                            "Filter": "(keyword_id < 43519)",
                            "Rows Removed by Filter": 199020
                          },
                          {
                            "Node Type": "Hash",
                            "Parent Relationship": "Inner",
                            "Parallel Aware": true,
                            "Startup Cost": 58306.47,
                            "Total Cost": 58306.47,
                            "Plan Rows": 183052,
                            "Plan Width": 4,
                            "Actual Startup Time": 168.072,
                            "Actual Total Time": 168.073,
                            "Actual Rows": 104902,
                            "Actual Loops": 2,
                            "Hash Buckets": 524288,
                            "Original Hash Buckets": 524288,
                            "Hash Batches": 1,
                            "Original Hash Batches": 1,
                            "Peak Memory Usage": 12320,
                            "Plans": [
                              {
                                "Node Type": "Seq Scan",
                                "Parent Relationship": "Outer",
                                "Parallel Aware": true,
                                "Relation Name": "title",
                                "Alias": "t",
                                "Startup Cost": 0.0,
                                "Total Cost": 58306.47,
                                "Plan Rows": 183052,
                                "Plan Width": 4,
                                "Actual Startup Time": 0.034,
                                "Actual Total Time": 135.941,
                                "Actual Rows": 104902,
                                "Actual Loops": 2,
                                "Filter": "((production_year < 1981) AND (kind_id = 7))",
                                "Rows Removed by Filter": 1159254
                              }
                            ]
                          }
                        ]
                      }
                    ]
                  }
                ]
              }
            ]
          }
        ]
      }
    ]
  },
  "Planning Time": 0.999,
  "Triggers": [],
  "Execution Time": 1846.375
}