{
  "Plan": {
    "Node Type": "Aggregate",
    "Strategy": "Plain",
    "Partial Mode": "Finalize",
    "Parallel Aware": false,
    "Startup Cost": 204282.57,
    "Total Cost": 204282.58,
    "Plan Rows": 1,
    "Plan Width": 8,
    "Actual Startup Time": 884.321,
    "Actual Total Time": 906.118,
    "Actual Rows": 1,
    "Actual Loops": 1,
    "Plans": [
      {
        "Node Type": "Gather",
        "Parent Relationship": "Outer",
        "Parallel Aware": false,
        "Startup Cost": 204282.45,
        "Total Cost": 204282.56,
        "Plan Rows": 1,
        "Plan Width": 8,
        "Actual Startup Time": 883.163,
        "Actual Total Time": 906.11,
        "Actual Rows": 2,
        "Actual Loops": 1,
        "Workers Planned": 1,
        "Workers Launched": 1,
        "Single Copy": false,
        "Plans": [
          {
            "Node Type": "Aggregate",
            "Strategy": "Plain",
            "Partial Mode": "Partial",
            "Parent Relationship": "Outer",
            "Parallel Aware": false,
            "Startup Cost": 203282.45,
            "Total Cost": 203282.46,
            "Plan Rows": 1,
            "Plan Width": 8,
            "Actual Startup Time": 877.823,
            "Actual Total Time": 877.827,
            "Actual Rows": 1,
            "Actual Loops": 2,
            "Plans": [
              {
                "Node Type": "Hash Join",
                "Parent Relationship": "Outer",
                "Parallel Aware": true,
                "Join Type": "Inner",
                "Startup Cost": 61096.61,
                "Total Cost": 202315.13,
                "Plan Rows": 386929,
                "Plan Width": 0,
                "Actual Startup Time": 192.335,
                "Actual Total Time": 864.585,
                "Actual Rows": 299366,
                "Actual Loops": 2,
                "Inner Unique": true,
                "Hash Cond": "(ci.movie_id = t.id)",
                "Plans": [
                  {
                    "Node Type": "Index Scan",
                    "Parent Relationship": "Outer",
                    "Parallel Aware": true,
                    "Scan Direction": "Forward",
                    "Index Name": "role_id_cast_info",
                    "Relation Name": "cast_info",
                    "Alias": "ci",
                    "Startup Cost": 0.56,
                    "Total Cost": 134450.3,
                    "Plan Rows": 2578582,
                    "Plan Width": 4,
                    "Actual Startup Time": 0.054,
                    "Actual Total Time": 297.08,
                    "Actual Rows": 2161509,
                    "Actual Loops": 2,
                    "Index Cond": "(role_id = 10)",
                    "Rows Removed by Index Recheck": 0
                  },
                  {
                    "Node Type": "Hash",
                    "Parent Relationship": "Inner",
                    "Parallel Aware": true,
                    "Startup Cost": 58306.47,
                    "Total Cost": 58306.47,
                    "Plan Rows": 223166,
                    "Plan Width": 4,
                    "Actual Startup Time": 186.719,
                    "Actual Total Time": 186.72,
                    "Actual Rows": 150061,
                    "Actual Loops": 2,
                    "Hash Buckets": 524288,
                    "Original Hash Buckets": 524288,
                    "Hash Batches": 1,
                    "Original Hash Batches": 1,
                    "Peak Memory Usage": 15872,
                    "Plans": [
                      {
                        "Node Type": "Seq Scan",
                        "Parent Relationship": "Outer",
                        "Parallel Aware": true,
                        "Relation Name": "title",
                        "Alias": "t",
                        "Startup Cost": 0.0,
                        "Total Cost": 58306.47,
                        "Plan Rows": 223166,
                        "Plan Width": 4,
                        "Actual Startup Time": 0.091,
                        "Actual Total Time": 148.438,
                        "Actual Rows": 150061,
                        "Actual Loops": 2,
                        "Filter": "((kind_id < 4) AND (production_year > 2004))",
                        "Rows Removed by Filter": 1114095
                      }
                    ]
                  }
                ]
              }
            ]
          }
        ]
      }
    ]
  },
  "Planning Time": 0.742,
  "Triggers": [],
  "Execution Time": 906.196
}