[
  {
    "Plan": {
      "Node Type": "Aggregate",
      "Strategy": "Plain",
      "Partial Mode": "Finalize",
      "Parallel Aware": false,
      "Startup Cost": 340795.55,
      "Total Cost": 340795.56,
      "Plan Rows": 1,
      "Plan Width": 8,
      "Actual Startup Time": 824.362,
      "Actual Total Time": 870.035,
      "Actual Rows": 1,
      "Actual Loops": 1,
      "Plans": [
        {
          "Node Type": "Gather",
          "Parent Relationship": "Outer",
          "Parallel Aware": false,
          "Startup Cost": 340794.92,
          "Total Cost": 340795.53,
          "Plan Rows": 6,
          "Plan Width": 8,
          "Actual Startup Time": 824.025,
          "Actual Total Time": 870.017,
          "Actual Rows": 7,
          "Actual Loops": 1,
          "Workers Planned": 6,
          "Workers Launched": 6,
          "Single Copy": false,
          "Plans": [
            {
              "Node Type": "Aggregate",
              "Strategy": "Plain",
              "Partial Mode": "Partial",
              "Parent Relationship": "Outer",
              "Parallel Aware": false,
              "Startup Cost": 339794.92,
              "Total Cost": 339794.93,
              "Plan Rows": 1,
              "Plan Width": 8,
              "Actual Startup Time": 813.798,
              "Actual Total Time": 813.799,
              "Actual Rows": 1,
              "Actual Loops": 7,
              "Plans": [
                {
                  "Node Type": "Seq Scan",
                  "Parent Relationship": "Outer",
                  "Parallel Aware": true,
                  "Relation Name": "cast_info",
                  "Alias": "ci",
                  "Startup Cost": 0.0,
                  "Total Cost": 328211.39,
                  "Plan Rows": 4633412,
                  "Plan Width": 0,
                  "Actual Startup Time": 0.065,
                  "Actual Total Time": 626.56,
                  "Actual Rows": 3982614,
                  "Actual Loops": 7,
                  "Filter": "(person_id < 2847018)",
                  "Rows Removed by Filter": 1195149
                }
              ]
            }
          ]
        }
      ]
    },
    "Planning Time": 0.163,
    "Triggers": [],
    "Execution Time": 870.092
  }
]