[
  {
    "Plan": {
      "Node Type": "Aggregate",
      "Strategy": "Plain",
      "Partial Mode": "Finalize",
      "Parallel Aware": false,
      "Startup Cost": 327489.3,
      "Total Cost": 327489.31,
      "Plan Rows": 1,
      "Plan Width": 8,
      "Actual Startup Time": 467.247,
      "Actual Total Time": 484.828,
      "Actual Rows": 1,
      "Actual Loops": 1,
      "Plans": [
        {
          "Node Type": "Gather",
          "Parent Relationship": "Outer",
          "Parallel Aware": false,
          "Startup Cost": 327488.67,
          "Total Cost": 327489.28,
          "Plan Rows": 6,
          "Plan Width": 8,
          "Actual Startup Time": 451.769,
          "Actual Total Time": 484.813,
          "Actual Rows": 7,
          "Actual Loops": 1,
          "Workers Planned": 6,
          "Workers Launched": 6,
          "Single Copy": false,
          "Plans": [
            {
              "Node Type": "Aggregate",
              "Strategy": "Plain",
              "Partial Mode": "Partial",
              "Parent Relationship": "Outer",
              "Parallel Aware": false,
              "Startup Cost": 326488.67,
              "Total Cost": 326488.68,
              "Plan Rows": 1,
              "Plan Width": 8,
              "Actual Startup Time": 435.519,
              "Actual Total Time": 435.523,
              "Actual Rows": 1,
              "Actual Loops": 7,
              "Plans": [
                {
                  "Node Type": "Hash Join",
                  "Parent Relationship": "Outer",
                  "Parallel Aware": true,
                  "Join Type": "Inner",
                  "Startup Cost": 71069.02,
                  "Total Cost": 326191.25,
                  "Plan Rows": 118968,
                  "Plan Width": 0,
                  "Actual Startup Time": 307.954,
                  "Actual Total Time": 429.163,
                  "Actual Rows": 99861,
                  "Actual Loops": 7,
                  "Inner Unique": true,
                  "Hash Cond": "(ci.movie_id = t.id)",
                  "Plans": [
                    {
                      "Node Type": "Bitmap Heap Scan",
                      "Parent Relationship": "Outer",
                      "Parallel Aware": true,
                      "Relation Name": "cast_info",
                      "Alias": "ci",
                      "Startup Cost": 21331.41,
                      "Total Cost": 276031.0,
                      "Plan Rows": 161007,
                      "Plan Width": 4,
                      "Actual Startup Time": 80.379,
                      "Actual Total Time": 116.045,
                      "Actual Rows": 144149,
                      "Actual Loops": 7,
                      "Recheck Cond": "(person_id < 102998)",
                      "Rows Removed by Index Recheck": 0,
                      "Exact Heap Blocks": 2068,
                      "Lossy Heap Blocks": 0,
                      "Plans": [
                        {
                          "Node Type": "Bitmap Index Scan",
                          "Parent Relationship": "Outer",
                          "Parallel Aware": false,
                          "Index Name": "person_id_cast_info",
                          "Startup Cost": 0.0,
                          "Total Cost": 21089.9,
                          "Plan Rows": 966044,
                          "Plan Width": 0,
                          "Actual Startup Time": 77.657,
                          "Actual Total Time": 77.658,
                          "Actual Rows": 1009045,
                          "Actual Loops": 1,
                          "Index Cond": "(person_id < 102998)"
                        }
                      ]
                    },
                    {
                      "Node Type": "Hash",
                      "Parent Relationship": "Inner",
                      "Parallel Aware": true,
                      "Startup Cost": 43899.32,
                      "Total Cost": 43899.32,
                      "Plan Rows": 467063,
                      "Plan Width": 4,
                      "Actual Startup Time": 222.408,
                      "Actual Total Time": 222.409,
                      "Actual Rows": 266498,
                      "Actual Loops": 7,
                      "Hash Buckets": 2097152,
                      "Original Hash Buckets": 2097152,
                      "Hash Batches": 1,
                      "Original Hash Batches": 1,
                      "Peak Memory Usage": 89504,
                      "Plans": [
                        {
                          "Node Type": "Seq Scan",
                          "Parent Relationship": "Outer",
                          "Parallel Aware": true,
                          "Relation Name": "title",
                          "Alias": "t",
                          "Startup Cost": 0.0,
                          "Total Cost": 43899.32,
                          "Plan Rows": 467063,
                          "Plan Width": 4,
                          "Actual Startup Time": 0.06,
                          "Actual Total Time": 88.967,
                          "Actual Rows": 266498,
                          "Actual Loops": 7,
                          "Filter": "(kind_id > 1)",
                          "Rows Removed by Filter": 94689
                        }
                      ]
                    }
                  ]
                }
              ]
            }
          ]
        }
      ]
    },
    "Planning Time": 0.606,
    "Triggers": [],
    "Execution Time": 484.92
  }
]