[
  {
    "Plan": {
      "Node Type": "Aggregate",
      "Strategy": "Plain",
      "Partial Mode": "Finalize",
      "Parallel Aware": false,
      "Startup Cost": 328523.65,
      "Total Cost": 328523.66,
      "Plan Rows": 1,
      "Plan Width": 8,
      "Actual Startup Time": 402.063,
      "Actual Total Time": 417.732,
      "Actual Rows": 1,
      "Actual Loops": 1,
      "Plans": [
        {
          "Node Type": "Gather",
          "Parent Relationship": "Outer",
          "Parallel Aware": false,
          "Startup Cost": 328523.02,
          "Total Cost": 328523.63,
          "Plan Rows": 6,
          "Plan Width": 8,
          "Actual Startup Time": 394.523,
          "Actual Total Time": 417.72,
          "Actual Rows": 7,
          "Actual Loops": 1,
          "Workers Planned": 6,
          "Workers Launched": 6,
          "Single Copy": false,
          "Plans": [
            {
              "Node Type": "Aggregate",
              "Strategy": "Plain",
              "Partial Mode": "Partial",
              "Parent Relationship": "Outer",
              "Parallel Aware": false,
              "Startup Cost": 327523.02,
              "Total Cost": 327523.03,
              "Plan Rows": 1,
              "Plan Width": 8,
              "Actual Startup Time": 379.425,
              "Actual Total Time": 379.429,
              "Actual Rows": 1,
              "Actual Loops": 7,
              "Plans": [
                {
                  "Node Type": "Hash Join",
                  "Parent Relationship": "Outer",
                  "Parallel Aware": true,
                  "Join Type": "Inner",
                  "Startup Cost": 71985.87,
                  "Total Cost": 327213.27,
                  "Plan Rows": 123899,
                  "Plan Width": 0,
                  "Actual Startup Time": 264.412,
                  "Actual Total Time": 374.083,
                  "Actual Rows": 99861,
                  "Actual Loops": 7,
                  "Inner Unique": true,
                  "Hash Cond": "(ci.movie_id = t.id)",
                  "Plans": [
                    {
                      "Node Type": "Bitmap Heap Scan",
                      "Parent Relationship": "Outer",
                      "Parallel Aware": true,
                      "Relation Name": "cast_info",
                      "Alias": "ci",
                      "Startup Cost": 22258.72,
                      "Total Cost": 277045.22,
                      "Plan Rows": 167960,
                      "Plan Width": 4,
                      "Actual Startup Time": 49.833,
                      "Actual Total Time": 78.536,
                      "Actual Rows": 144149,
                      "Actual Loops": 7,
                      "Recheck Cond": "(person_id < 102998)",
                      "Rows Removed by Index Recheck": 0,
                      "Exact Heap Blocks": 1632,
                      "Lossy Heap Blocks": 0,
                      "Plans": [
                        {
                          "Node Type": "Bitmap Index Scan",
                          "Parent Relationship": "Outer",
                          "Parallel Aware": false,
                          "Index Name": "person_id_cast_info",
                          "Startup Cost": 0.0,
                          "Total Cost": 22006.78,
                          "Plan Rows": 1007762,
                          "Plan Width": 0,
                          "Actual Startup Time": 48.1,
                          "Actual Total Time": 48.1,
                          "Actual Rows": 1009045,
                          "Actual Loops": 1,
                          "Index Cond": "(person_id < 102998)"
                        }
                      ]
                    },
                    {
                      "Node Type": "Hash",
                      "Parent Relationship": "Inner",
                      "Parallel Aware": true,
                      "Startup Cost": 43898.92,
                      "Total Cost": 43898.92,
                      "Plan Rows": 466259,
                      "Plan Width": 4,
                      "Actual Startup Time": 209.866,
                      "Actual Total Time": 209.867,
                      "Actual Rows": 266498,
                      "Actual Loops": 7,
                      "Hash Buckets": 2097152,
                      "Original Hash Buckets": 2097152,
                      "Hash Batches": 1,
                      "Original Hash Batches": 1,
                      "Peak Memory Usage": 89504,
                      "Plans": [
                        {
                          "Node Type": "Seq Scan",
                          "Parent Relationship": "Outer",
                          "Parallel Aware": true,
                          "Relation Name": "title",
                          "Alias": "t",
                          "Startup Cost": 0.0,
                          "Total Cost": 43898.92,
                          "Plan Rows": 466259,
                          "Plan Width": 4,
                          "Actual Startup Time": 0.046,
                          "Actual Total Time": 79.611,
                          "Actual Rows": 266498,
                          "Actual Loops": 7,
                          "Filter": "(kind_id > 1)",
                          "Rows Removed by Filter": 94689
                        }
                      ]
                    }
                  ]
                }
              ]
            }
          ]
        }
      ]
    },
    "Planning Time": 0.635,
    "Triggers": [],
    "Execution Time": 417.826
  }
]