[
  {
    "Plan": {
      "Node Type": "Aggregate",
      "Strategy": "Plain",
      "Partial Mode": "Finalize",
      "Parallel Aware": false,
      "Startup Cost": 73952.65,
      "Total Cost": 73952.66,
      "Plan Rows": 1,
      "Plan Width": 8,
      "Actual Startup Time": 168.786,
      "Actual Total Time": 186.347,
      "Actual Rows": 1,
      "Actual Loops": 1,
      "Plans": [
        {
          "Node Type": "Gather",
          "Parent Relationship": "Outer",
          "Parallel Aware": false,
          "Startup Cost": 73952.33,
          "Total Cost": 73952.64,
          "Plan Rows": 3,
          "Plan Width": 8,
          "Actual Startup Time": 168.321,
          "Actual Total Time": 186.338,
          "Actual Rows": 4,
          "Actual Loops": 1,
          "Workers Planned": 3,
          "Workers Launched": 3,
          "Single Copy": false,
          "Plans": [
            {
              "Node Type": "Aggregate",
              "Strategy": "Plain",
              "Partial Mode": "Partial",
              "Parent Relationship": "Outer",
              "Parallel Aware": false,
              "Startup Cost": 72952.33,
              "Total Cost": 72952.34,
              "Plan Rows": 1,
              "Plan Width": 8,
              "Actual Startup Time": 161.157,
              "Actual Total Time": 161.161,
              "Actual Rows": 1,
              "Actual Loops": 4,
              "Plans": [
                {
                  "Node Type": "Hash Join",
                  "Parent Relationship": "Outer",
                  "Parallel Aware": true,
                  "Join Type": "Inner",
                  "Startup Cost": 47944.04,
                  "Total Cost": 72951.67,
                  "Plan Rows": 262,
                  "Plan Width": 0,
                  "Actual Startup Time": 122.698,
                  "Actual Total Time": 161.14,
                  "Actual Rows": 63,
                  "Actual Loops": 4,
                  "Inner Unique": true,
                  "Hash Cond": "(mk.movie_id = t.id)",
                  "Plans": [
                    {
                      "Node Type": "Bitmap Heap Scan",
                      "Parent Relationship": "Outer",
                      "Parallel Aware": true,
                      "Relation Name": "movie_keyword",
                      "Alias": "mk",
                      "Startup Cost": 2407.83,
                      "Total Cost": 27319.38,
                      "Plan Rows": 36604,
                      "Plan Width": 4,
                      "Actual Startup Time": 15.611,
                      "Actual Total Time": 50.423,
                      "Actual Rows": 28400,
                      "Actual Loops": 4,
                      "Recheck Cond": "(keyword_id > 79420)",
                      "Rows Removed by Index Recheck": 0,
                      "Exact Heap Blocks": 6503,
                      "Lossy Heap Blocks": 0,
                      "Plans": [
                        {
                          "Node Type": "Bitmap Index Scan",
                          "Parent Relationship": "Outer",
                          "Parallel Aware": false,
                          "Index Name": "keyword_id_movie_keyword",
                          "Startup Cost": 0.0,
                          "Total Cost": 2379.46,
                          "Plan Rows": 113471,
                          "Plan Width": 0,
                          "Actual Startup Time": 11.388,
                          "Actual Total Time": 11.389,
                          "Actual Rows": 113602,
                          "Actual Loops": 1,
                          "Index Cond": "(keyword_id > 79420)"
                        }
                      ]
                    },
                    {
                      "Node Type": "Hash",
                      "Parent Relationship": "Inner",
                      "Parallel Aware": true,
                      "Startup Cost": 45479.59,
                      "Total Cost": 45479.59,
                      "Plan Rows": 4530,
                      "Plan Width": 4,
                      "Actual Startup Time": 104.731,
                      "Actual Total Time": 104.733,
                      "Actual Rows": 5427,
                      "Actual Loops": 4,
                      "Hash Buckets": 32768,
                      "Original Hash Buckets": 32768,
                      "Hash Batches": 1,
                      "Original Hash Batches": 1,
                      "Peak Memory Usage": 1152,
                      "Plans": [
                        {
                          "Node Type": "Seq Scan",
                          "Parent Relationship": "Outer",
                          "Parallel Aware": true,
                          "Relation Name": "title",
                          "Alias": "t",
                          "Startup Cost": 0.0,
                          "Total Cost": 45479.59,
                          "Plan Rows": 4530,
                          "Plan Width": 4,
                          "Actual Startup Time": 0.077,
                          "Actual Total Time": 101.41,
                          "Actual Rows": 5427,
                          "Actual Loops": 4,
                          "Filter": "((kind_id > 1) AND (production_year = 1993))",
                          "Rows Removed by Filter": 626651
                        }
                      ]
                    }
                  ]
                }
              ]
            }
          ]
        }
      ]
    },
    "Planning Time": 0.231,
    "Triggers": [],
    "Execution Time": 186.393
  }
]