[
  {
    "Plan": {
      "Node Type": "Aggregate",
      "Strategy": "Plain",
      "Partial Mode": "Finalize",
      "Parallel Aware": false,
      "Startup Cost": 91538.08,
      "Total Cost": 91538.09,
      "Plan Rows": 1,
      "Plan Width": 8,
      "Actual Startup Time": 592.608,
      "Actual Total Time": 609.587,
      "Actual Rows": 1,
      "Actual Loops": 1,
      "Plans": [
        {
          "Node Type": "Gather",
          "Parent Relationship": "Outer",
          "Parallel Aware": false,
          "Startup Cost": 91537.76,
          "Total Cost": 91538.07,
          "Plan Rows": 3,
          "Plan Width": 8,
          "Actual Startup Time": 585.355,
          "Actual Total Time": 609.575,
          "Actual Rows": 4,
          "Actual Loops": 1,
          "Workers Planned": 3,
          "Workers Launched": 3,
          "Single Copy": false,
          "Plans": [
            {
              "Node Type": "Aggregate",
              "Strategy": "Plain",
              "Partial Mode": "Partial",
              "Parent Relationship": "Outer",
              "Parallel Aware": false,
              "Startup Cost": 90537.76,
              "Total Cost": 90537.77,
              "Plan Rows": 1,
              "Plan Width": 8,
              "Actual Startup Time": 566.822,
              "Actual Total Time": 566.826,
              "Actual Rows": 1,
              "Actual Loops": 4,
              "Plans": [
                {
                  "Node Type": "Hash Join",
                  "Parent Relationship": "Outer",
                  "Parallel Aware": true,
                  "Join Type": "Inner",
                  "Startup Cost": 62731.01,
                  "Total Cost": 90062.19,
                  "Plan Rows": 190227,
                  "Plan Width": 0,
                  "Actual Startup Time": 440.265,
                  "Actual Total Time": 558.498,
                  "Actual Rows": 147811,
                  "Actual Loops": 4,
                  "Inner Unique": true,
                  "Hash Cond": "(mk.movie_id = t.id)",
                  "Plans": [
                    {
                      "Node Type": "Bitmap Heap Scan",
                      "Parent Relationship": "Outer",
                      "Parallel Aware": true,
                      "Relation Name": "movie_keyword",
                      "Alias": "mk",
                      "Startup Cost": 12510.63,
                      "Total Cost": 39342.47,
                      "Plan Rows": 190227,
                      "Plan Width": 4,
                      "Actual Startup Time": 57.999,
                      "Actual Total Time": 122.445,
                      "Actual Rows": 147811,
                      "Actual Loops": 4,
                      "Recheck Cond": "(keyword_id > 31076)",
                      "Rows Removed by Index Recheck": 0,
                      "Exact Heap Blocks": 6802,
                      "Lossy Heap Blocks": 0,
                      "Plans": [
                        {
                          "Node Type": "Bitmap Index Scan",
                          "Parent Relationship": "Outer",
                          "Parallel Aware": false,
                          "Index Name": "keyword_id_movie_keyword",
                          "Startup Cost": 0.0,
                          "Total Cost": 12363.2,
                          "Plan Rows": 589703,
                          "Plan Width": 0,
                          "Actual Startup Time": 52.324,
                          "Actual Total Time": 52.325,
                          "Actual Rows": 591245,
                          "Actual Loops": 1,
                          "Index Cond": "(keyword_id > 31076)"
                        }
                      ]
                    },
                    {
                      "Node Type": "Hash",
                      "Parent Relationship": "Inner",
                      "Parallel Aware": true,
                      "Startup Cost": 42319.06,
                      "Total Cost": 42319.06,
                      "Plan Rows": 632106,
                      "Plan Width": 4,
                      "Actual Startup Time": 370.638,
                      "Actual Total Time": 370.639,
                      "Actual Rows": 632078,
                      "Actual Loops": 4,
                      "Hash Buckets": 4194304,
                      "Original Hash Buckets": 4194304,
                      "Hash Batches": 1,
                      "Original Hash Batches": 1,
                      "Peak Memory Usage": 131744,
                      "Plans": [
                        {
                          "Node Type": "Seq Scan",
                          "Parent Relationship": "Outer",
                          "Parallel Aware": true,
                          "Relation Name": "title",
                          "Alias": "t",
                          "Startup Cost": 0.0,
                          "Total Cost": 42319.06,
                          "Plan Rows": 632106,
                          "Plan Width": 4,
                          "Actual Startup Time": 0.033,
                          "Actual Total Time": 107.884,
                          "Actual Rows": 632078,
                          "Actual Loops": 4
                        }
                      ]
                    }
                  ]
                }
              ]
            }
          ]
        }
      ]
    },
    "Planning Time": 0.707,
    "Triggers": [],
    "Execution Time": 609.695
  }
]