[
  {
    "Plan": {
      "Node Type": "Aggregate",
      "Strategy": "Plain",
      "Partial Mode": "Finalize",
      "Parallel Aware": false,
      "Startup Cost": 443805.29,
      "Total Cost": 443805.3,
      "Plan Rows": 1,
      "Plan Width": 8,
      "Actual Startup Time": 1707.426,
      "Actual Total Time": 1778.224,
      "Actual Rows": 1,
      "Actual Loops": 1,
      "Plans": [
        {
          "Node Type": "Gather",
          "Parent Relationship": "Outer",
          "Parallel Aware": false,
          "Startup Cost": 443804.66,
          "Total Cost": 443805.27,
          "Plan Rows": 6,
          "Plan Width": 8,
          "Actual Startup Time": 1694.41,
          "Actual Total Time": 1778.215,
          "Actual Rows": 7,
          "Actual Loops": 1,
          "Workers Planned": 6,
          "Workers Launched": 6,
          "Single Copy": false,
          "Plans": [
            {
              "Node Type": "Aggregate",
              "Strategy": "Plain",
              "Partial Mode": "Partial",
              "Parent Relationship": "Outer",
              "Parallel Aware": false,
              "Startup Cost": 442804.66,
              "Total Cost": 442804.67,
              "Plan Rows": 1,
              "Plan Width": 8,
              "Actual Startup Time": 1683.73,
              "Actual Total Time": 1683.736,
              "Actual Rows": 1,
              "Actual Loops": 7,
              "Plans": [
                {
                  "Node Type": "Hash Join",
                  "Parent Relationship": "Outer",
                  "Parallel Aware": true,
                  "Join Type": "Inner",
                  "Startup Cost": 85971.98,
                  "Total Cost": 440743.35,
                  "Plan Rows": 824526,
                  "Plan Width": 0,
                  "Actual Startup Time": 788.802,
                  "Actual Total Time": 1642.519,
                  "Actual Rows": 864063,
                  "Actual Loops": 7,
                  "Inner Unique": false,
                  "Hash Cond": "(ci.movie_id = t.id)",
                  "Plans": [
                    {
                      "Node Type": "Seq Scan",
                      "Parent Relationship": "Outer",
                      "Parallel Aware": true,
                      "Relation Name": "cast_info",
                      "Alias": "ci",
                      "Startup Cost": 0.0,
                      "Total Cost": 343316.27,
                      "Plan Rows": 2345424,
                      "Plan Width": 4,
                      "Actual Startup Time": 345.955,
                      "Actual Total Time": 705.703,
                      "Actual Rows": 2120503,
                      "Actual Loops": 7,
                      "Filter": "((person_id > 444924) AND (role_id > 2))",
                      "Rows Removed by Filter": 3057260
                    },
                    {
                      "Node Type": "Hash",
                      "Parent Relationship": "Inner",
                      "Parallel Aware": true,
                      "Startup Cost": 82387.86,
                      "Total Cost": 82387.86,
                      "Plan Rows": 286729,
                      "Plan Width": 8,
                      "Actual Startup Time": 439.923,
                      "Actual Total Time": 439.927,
                      "Actual Rows": 82142,
                      "Actual Loops": 7,
                      "Hash Buckets": 1048576,
                      "Original Hash Buckets": 1048576,
                      "Hash Batches": 1,
                      "Original Hash Batches": 1,
                      "Peak Memory Usage": 30784,
                      "Plans": [
                        {
                          "Node Type": "Hash Join",
                          "Parent Relationship": "Outer",
                          "Parallel Aware": true,
                          "Join Type": "Inner",
                          "Startup Cost": 50220.38,
                          "Total Cost": 82387.86,
                          "Plan Rows": 286729,
                          "Plan Width": 8,
                          "Actual Startup Time": 329.963,
                          "Actual Total Time": 403.006,
                          "Actual Rows": 82142,
                          "Actual Loops": 7,
                          "Inner Unique": true,
                          "Hash Cond": "(mc.movie_id = t.id)",
                          "Plans": [
                            {
                              "Node Type": "Seq Scan",
                              "Parent Relationship": "Outer",
                              "Parallel Aware": true,
                              "Relation Name": "movie_companies",
                              "Alias": "mc",
                              "Startup Cost": 0.0,
                              "Total Cost": 31414.82,
                              "Plan Rows": 286729,
                              "Plan Width": 4,
                              "Actual Startup Time": 28.655,
                              "Actual Total Time": 53.98,
                              "Actual Rows": 82142,
                              "Actual Loops": 7,
                              "Filter": "((company_id < 24347) AND (company_type_id > 1))",
                              "Rows Removed by Filter": 290590
                            },
                            {
                              "Node Type": "Hash",
                              "Parent Relationship": "Inner",
                              "Parallel Aware": true,
                              "Startup Cost": 42319.06,
                              "Total Cost": 42319.06,
                              "Plan Rows": 632106,
                              "Plan Width": 4,
                              "Actual Startup Time": 295.712,
                              "Actual Total Time": 295.713,
                              "Actual Rows": 361187,
                              "Actual Loops": 7,
                              "Hash Buckets": 4194304,
                              "Original Hash Buckets": 4194304,
                              "Hash Batches": 1,
                              "Original Hash Batches": 1,
                              "Peak Memory Usage": 131776,
                              "Plans": [
                                {
                                  "Node Type": "Seq Scan",
                                  "Parent Relationship": "Outer",
                                  "Parallel Aware": true,
                                  "Relation Name": "title",
                                  "Alias": "t",
                                  "Startup Cost": 0.0,
                                  "Total Cost": 42319.06,
                                  "Plan Rows": 632106,
                                  "Plan Width": 4,
                                  "Actual Startup Time": 0.061,
                                  "Actual Total Time": 82.434,
                                  "Actual Rows": 361187,
                                  "Actual Loops": 7
                                }
                              ]
                            }
                          ]
                        }
                      ]
                    }
                  ]
                }
              ]
            }
          ]
        }
      ]
    },
    "Planning Time": 0.689,
    "Triggers": [],
    "Execution Time": 1778.292
  }
]