[
  {
    "Plan": {
      "Node Type": "Aggregate",
      "Strategy": "Plain",
      "Partial Mode": "Finalize",
      "Parallel Aware": false,
      "Startup Cost": 46105.76,
      "Total Cost": 46105.77,
      "Plan Rows": 1,
      "Plan Width": 8,
      "Actual Startup Time": 116.984,
      "Actual Total Time": 127.466,
      "Actual Rows": 1,
      "Actual Loops": 1,
      "Plans": [
        {
          "Node Type": "Gather",
          "Parent Relationship": "Outer",
          "Parallel Aware": false,
          "Startup Cost": 46105.34,
          "Total Cost": 46105.75,
          "Plan Rows": 4,
          "Plan Width": 8,
          "Actual Startup Time": 116.74,
          "Actual Total Time": 127.458,
          "Actual Rows": 5,
          "Actual Loops": 1,
          "Workers Planned": 4,
          "Workers Launched": 4,
          "Single Copy": false,
          "Plans": [
            {
              "Node Type": "Aggregate",
              "Strategy": "Plain",
              "Partial Mode": "Partial",
              "Parent Relationship": "Outer",
              "Parallel Aware": false,
              "Startup Cost": 45105.34,
              "Total Cost": 45105.35,
              "Plan Rows": 1,
              "Plan Width": 8,
              "Actual Startup Time": 109.327,
              "Actual Total Time": 109.328,
              "Actual Rows": 1,
              "Actual Loops": 5,
              "Plans": [
                {
                  "Node Type": "Seq Scan",
                  "Parent Relationship": "Outer",
                  "Parallel Aware": true,
                  "Relation Name": "title",
                  "Alias": "t",
                  "Startup Cost": 0.0,
                  "Total Cost": 43898.92,
                  "Plan Rows": 482568,
                  "Plan Width": 0,
                  "Actual Startup Time": 0.038,
                  "Actual Total Time": 90.842,
                  "Actual Rows": 383606,
                  "Actual Loops": 5,
                  "Filter": "(production_year > 1981)",
                  "Rows Removed by Filter": 122057
                }
              ]
            }
          ]
        }
      ]
    },
    "Planning Time": 0.147,
    "Triggers": [],
    "Execution Time": 127.525
  }
]