[
  {
    "Plan": {
      "Node Type": "Aggregate",
      "Strategy": "Plain",
      "Partial Mode": "Finalize",
      "Parallel Aware": false,
      "Startup Cost": 249700.27,
      "Total Cost": 249700.28,
      "Plan Rows": 1,
      "Plan Width": 8,
      "Actual Startup Time": 378.892,
      "Actual Total Time": 401.312,
      "Actual Rows": 1,
      "Actual Loops": 1,
      "Plans": [
        {
          "Node Type": "Gather",
          "Parent Relationship": "Outer",
          "Parallel Aware": false,
          "Startup Cost": 249699.65,
          "Total Cost": 249700.26,
          "Plan Rows": 6,
          "Plan Width": 8,
          "Actual Startup Time": 378.53,
          "Actual Total Time": 401.303,
          "Actual Rows": 7,
          "Actual Loops": 1,
          "Workers Planned": 6,
          "Workers Launched": 6,
          "Single Copy": false,
          "Plans": [
            {
              "Node Type": "Aggregate",
              "Strategy": "Plain",
              "Partial Mode": "Partial",
              "Parent Relationship": "Outer",
              "Parallel Aware": false,
              "Startup Cost": 248699.65,
              "Total Cost": 248699.66,
              "Plan Rows": 1,
              "Plan Width": 8,
              "Actual Startup Time": 367.235,
              "Actual Total Time": 367.239,
              "Actual Rows": 1,
              "Actual Loops": 7,
              "Plans": [
                {
                  "Node Type": "Hash Join",
                  "Parent Relationship": "Outer",
                  "Parallel Aware": true,
                  "Join Type": "Inner",
                  "Startup Cost": 45539.31,
                  "Total Cost": 248679.32,
                  "Plan Rows": 8130,
                  "Plan Width": 0,
                  "Actual Startup Time": 79.745,
                  "Actual Total Time": 366.884,
                  "Actual Rows": 4726,
                  "Actual Loops": 7,
                  "Inner Unique": true,
                  "Hash Cond": "(ci.movie_id = t.id)",
                  "Plans": [
                    {
                      "Node Type": "Index Scan",
                      "Parent Relationship": "Outer",
                      "Parallel Aware": true,
                      "Scan Direction": "Forward",
                      "Index Name": "role_id_cast_info",
                      "Relation Name": "cast_info",
                      "Alias": "ci",
                      "Startup Cost": 0.56,
                      "Total Cost": 200313.69,
                      "Plan Rows": 1076910,
                      "Plan Width": 4,
                      "Actual Startup Time": 0.256,
                      "Actual Total Time": 219.132,
                      "Actual Rows": 562901,
                      "Actual Loops": 7,
                      "Index Cond": "(role_id > 7)",
                      "Rows Removed by Index Recheck": 0,
                      "Filter": "(person_id < 3220349)",
                      "Rows Removed by Filter": 499419
                    },
                    {
                      "Node Type": "Hash",
                      "Parent Relationship": "Inner",
                      "Parallel Aware": true,
                      "Startup Cost": 45479.1,
                      "Total Cost": 45479.1,
                      "Plan Rows": 4772,
                      "Plan Width": 4,
                      "Actual Startup Time": 78.089,
                      "Actual Total Time": 78.09,
                      "Actual Rows": 3101,
                      "Actual Loops": 7,
                      "Hash Buckets": 32768,
                      "Original Hash Buckets": 32768,
                      "Hash Batches": 1,
                      "Original Hash Batches": 1,
                      "Peak Memory Usage": 1216,
                      "Plans": [
                        {
                          "Node Type": "Seq Scan",
                          "Parent Relationship": "Outer",
                          "Parallel Aware": true,
                          "Relation Name": "title",
                          "Alias": "t",
                          "Startup Cost": 0.0,
                          "Total Cost": 45479.1,
                          "Plan Rows": 4772,
                          "Plan Width": 4,
                          "Actual Startup Time": 0.099,
                          "Actual Total Time": 75.813,
                          "Actual Rows": 3101,
                          "Actual Loops": 7,
                          "Filter": "((kind_id > 1) AND (production_year = 1993))",
                          "Rows Removed by Filter": 358086
                        }
                      ]
                    }
                  ]
                }
              ]
            }
          ]
        }
      ]
    },
    "Planning Time": 0.657,
    "Triggers": [],
    "Execution Time": 401.393
  }
]