{
    "Plan": {
        "Node Type": "Aggregate",
        "Strategy": "Plain",
        "Partial Mode": "Finalize",
        "Parallel Aware": false,
        "Startup Cost": 244952.87,
        "Total Cost": 244952.88,
        "Plan Rows": 1,
        "Plan Width": 8,
        "Actual Startup Time": 407.764,
        "Actual Total Time": 449.687,
        "Actual Rows": 1,
        "Actual Loops": 1,
        "Output": [
            "count(*)"
        ],
        "Plans": [
            {
                "Node Type": "Gather",
                "Parent Relationship": "Outer",
                "Parallel Aware": false,
                "Startup Cost": 244952.35,
                "Total Cost": 244952.86,
                "Plan Rows": 5,
                "Plan Width": 8,
                "Actual Startup Time": 407.285,
                "Actual Total Time": 449.677,
                "Actual Rows": 6,
                "Actual Loops": 1,
                "Output": [
                    "(PARTIAL count(*))"
                ],
                "Workers Planned": 5,
                "Workers Launched": 5,
                "Single Copy": false,
                "Plans": [
                    {
                        "Node Type": "Aggregate",
                        "Strategy": "Plain",
                        "Partial Mode": "Partial",
                        "Parent Relationship": "Outer",
                        "Parallel Aware": false,
                        "Startup Cost": 243952.35,
                        "Total Cost": 243952.36,
                        "Plan Rows": 1,
                        "Plan Width": 8,
                        "Actual Startup Time": 397.082,
                        "Actual Total Time": 397.085,
                        "Actual Rows": 1,
                        "Actual Loops": 6,
                        "Output": [
                            "PARTIAL count(*)"
                        ],
                        "Workers": [
                            {
                                "Worker Number": 0,
                                "Actual Startup Time": 394.723,
                                "Actual Total Time": 394.725,
                                "Actual Rows": 1,
                                "Actual Loops": 1
                            },
                            {
                                "Worker Number": 1,
                                "Actual Startup Time": 394.637,
                                "Actual Total Time": 394.639,
                                "Actual Rows": 1,
                                "Actual Loops": 1
                            },
                            {
                                "Worker Number": 2,
                                "Actual Startup Time": 395.245,
                                "Actual Total Time": 395.248,
                                "Actual Rows": 1,
                                "Actual Loops": 1
                            },
                            {
                                "Worker Number": 3,
                                "Actual Startup Time": 395.735,
                                "Actual Total Time": 395.738,
                                "Actual Rows": 1,
                                "Actual Loops": 1
                            },
                            {
                                "Worker Number": 4,
                                "Actual Startup Time": 395.74,
                                "Actual Total Time": 395.743,
                                "Actual Rows": 1,
                                "Actual Loops": 1
                            }
                        ],
                        "Plans": [
                            {
                                "Node Type": "Hash Join",
                                "Parent Relationship": "Outer",
                                "Parallel Aware": true,
                                "Join Type": "Inner",
                                "Startup Cost": 44061.24,
                                "Total Cost": 243932.97,
                                "Plan Rows": 7752,
                                "Plan Width": 0,
                                "Actual Startup Time": 93.458,
                                "Actual Total Time": 396.676,
                                "Actual Rows": 7042,
                                "Actual Loops": 6,
                                "Inner Unique": true,
                                "Hash Cond": "(mi.movie_id = t.id)",
                                "Workers": [
                                    {
                                        "Worker Number": 0,
                                        "Actual Startup Time": 91.096,
                                        "Actual Total Time": 394.306,
                                        "Actual Rows": 6904,
                                        "Actual Loops": 1
                                    },
                                    {
                                        "Worker Number": 1,
                                        "Actual Startup Time": 90.914,
                                        "Actual Total Time": 394.231,
                                        "Actual Rows": 6598,
                                        "Actual Loops": 1
                                    },
                                    {
                                        "Worker Number": 2,
                                        "Actual Startup Time": 91.657,
                                        "Actual Total Time": 394.848,
                                        "Actual Rows": 6590,
                                        "Actual Loops": 1
                                    },
                                    {
                                        "Worker Number": 3,
                                        "Actual Startup Time": 92.183,
                                        "Actual Total Time": 395.337,
                                        "Actual Rows": 6452,
                                        "Actual Loops": 1
                                    },
                                    {
                                        "Worker Number": 4,
                                        "Actual Startup Time": 92.062,
                                        "Actual Total Time": 395.35,
                                        "Actual Rows": 6159,
                                        "Actual Loops": 1
                                    }
                                ],
                                "Plans": [
                                    {
                                        "Node Type": "Seq Scan",
                                        "Parent Relationship": "Outer",
                                        "Parallel Aware": true,
                                        "Relation Name": "movie_info",
                                        "Schema": "public",
                                        "Alias": "mi",
                                        "Startup Cost": 0.0,
                                        "Total Cost": 198880.74,
                                        "Plan Rows": 377518,
                                        "Plan Width": 4,
                                        "Actual Startup Time": 15.197,
                                        "Actual Total Time": 287.699,
                                        "Actual Rows": 310939,
                                        "Actual Loops": 6,
                                        "Output": [
                                            "mi.id",
                                            "mi.movie_id",
                                            "mi.info_type_id",
                                            "mi.info",
                                            "mi.note"
                                        ],
                                        "Filter": "(mi.info_type_id > 17)",
                                        "Rows Removed by Filter": 2161681,
                                        "Workers": [
                                            {
                                                "Worker Number": 0,
                                                "Actual Startup Time": 15.14,
                                                "Actual Total Time": 288.621,
                                                "Actual Rows": 293412,
                                                "Actual Loops": 1
                                            },
                                            {
                                                "Worker Number": 1,
                                                "Actual Startup Time": 15.313,
                                                "Actual Total Time": 288.957,
                                                "Actual Rows": 296685,
                                                "Actual Loops": 1
                                            },
                                            {
                                                "Worker Number": 2,
                                                "Actual Startup Time": 15.159,
                                                "Actual Total Time": 289.039,
                                                "Actual Rows": 296698,
                                                "Actual Loops": 1
                                            },
                                            {
                                                "Worker Number": 3,
                                                "Actual Startup Time": 15.129,
                                                "Actual Total Time": 288.966,
                                                "Actual Rows": 269027,
                                                "Actual Loops": 1
                                            },
                                            {
                                                "Worker Number": 4,
                                                "Actual Startup Time": 15.129,
                                                "Actual Total Time": 289.019,
                                                "Actual Rows": 269007,
                                                "Actual Loops": 1
                                            }
                                        ]
                                    },
                                    {
                                        "Node Type": "Hash",
                                        "Parent Relationship": "Inner",
                                        "Parallel Aware": true,
                                        "Startup Cost": 43899.01,
                                        "Total Cost": 43899.01,
                                        "Plan Rows": 12979,
                                        "Plan Width": 4,
                                        "Actual Startup Time": 76.66,
                                        "Actual Total Time": 76.661,
                                        "Actual Rows": 8836,
                                        "Actual Loops": 6,
                                        "Output": [
                                            "t.id"
                                        ],
                                        "Hash Buckets": 65536,
                                        "Original Hash Buckets": 65536,
                                        "Hash Batches": 1,
                                        "Original Hash Batches": 1,
                                        "Peak Memory Usage": 2688,
                                        "Workers": [
                                            {
                                                "Worker Number": 0,
                                                "Actual Startup Time": 74.962,
                                                "Actual Total Time": 74.963,
                                                "Actual Rows": 7892,
                                                "Actual Loops": 1
                                            },
                                            {
                                                "Worker Number": 1,
                                                "Actual Startup Time": 74.94,
                                                "Actual Total Time": 74.941,
                                                "Actual Rows": 7680,
                                                "Actual Loops": 1
                                            },
                                            {
                                                "Worker Number": 2,
                                                "Actual Startup Time": 75.476,
                                                "Actual Total Time": 75.477,
                                                "Actual Rows": 8246,
                                                "Actual Loops": 1
                                            },
                                            {
                                                "Worker Number": 3,
                                                "Actual Startup Time": 75.984,
                                                "Actual Total Time": 75.985,
                                                "Actual Rows": 7142,
                                                "Actual Loops": 1
                                            },
                                            {
                                                "Worker Number": 4,
                                                "Actual Startup Time": 75.983,
                                                "Actual Total Time": 75.984,
                                                "Actual Rows": 7432,
                                                "Actual Loops": 1
                                            }
                                        ],
                                        "Plans": [
                                            {
                                                "Node Type": "Seq Scan",
                                                "Parent Relationship": "Outer",
                                                "Parallel Aware": true,
                                                "Relation Name": "title",
                                                "Schema": "public",
                                                "Alias": "t",
                                                "Startup Cost": 0.0,
                                                "Total Cost": 43899.01,
                                                "Plan Rows": 12979,
                                                "Plan Width": 4,
                                                "Actual Startup Time": 0.08,
                                                "Actual Total Time": 71.972,
                                                "Actual Rows": 8836,
                                                "Actual Loops": 6,
                                                "Output": [
                                                    "t.id"
                                                ],
                                                "Filter": "(t.production_year = 2000)",
                                                "Rows Removed by Filter": 412550,
                                                "Workers": [
                                                    {
                                                        "Worker Number": 0,
                                                        "Actual Startup Time": 0.067,
                                                        "Actual Total Time": 70.197,
                                                        "Actual Rows": 7892,
                                                        "Actual Loops": 1
                                                    },
                                                    {
                                                        "Worker Number": 1,
                                                        "Actual Startup Time": 0.076,
                                                        "Actual Total Time": 70.287,
                                                        "Actual Rows": 7680,
                                                        "Actual Loops": 1
                                                    },
                                                    {
                                                        "Worker Number": 2,
                                                        "Actual Startup Time": 0.13,
                                                        "Actual Total Time": 71.16,
                                                        "Actual Rows": 8246,
                                                        "Actual Loops": 1
                                                    },
                                                    {
                                                        "Worker Number": 3,
                                                        "Actual Startup Time": 0.088,
                                                        "Actual Total Time": 71.063,
                                                        "Actual Rows": 7142,
                                                        "Actual Loops": 1
                                                    },
                                                    {
                                                        "Worker Number": 4,
                                                        "Actual Startup Time": 0.073,
                                                        "Actual Total Time": 71.469,
                                                        "Actual Rows": 7432,
                                                        "Actual Loops": 1
                                                    }
                                                ]
                                            }
                                        ]
                                    }
                                ]
                            }
                        ]
                    }
                ]
            }
        ]
    },
    "Planning Time": 0.73,
    "Triggers": [],
    "Execution Time": 449.767
}