[
  {
    "Plan": {
      "Node Type": "Aggregate",
      "Strategy": "Plain",
      "Partial Mode": "Finalize",
      "Parallel Aware": false,
      "Startup Cost": 80318.21,
      "Total Cost": 80318.22,
      "Plan Rows": 1,
      "Plan Width": 8,
      "Actual Startup Time": 268.364,
      "Actual Total Time": 287.229,
      "Actual Rows": 1,
      "Actual Loops": 1,
      "Plans": [
        {
          "Node Type": "Gather",
          "Parent Relationship": "Outer",
          "Parallel Aware": false,
          "Startup Cost": 80317.79,
          "Total Cost": 80318.2,
          "Plan Rows": 4,
          "Plan Width": 8,
          "Actual Startup Time": 266.569,
          "Actual Total Time": 287.208,
          "Actual Rows": 5,
          "Actual Loops": 1,
          "Workers Planned": 4,
          "Workers Launched": 4,
          "Single Copy": false,
          "Plans": [
            {
              "Node Type": "Aggregate",
              "Strategy": "Plain",
              "Partial Mode": "Partial",
              "Parent Relationship": "Outer",
              "Parallel Aware": false,
              "Startup Cost": 79317.79,
              "Total Cost": 79317.8,
              "Plan Rows": 1,
              "Plan Width": 8,
              "Actual Startup Time": 256.577,
              "Actual Total Time": 256.58,
              "Actual Rows": 1,
              "Actual Loops": 5,
              "Plans": [
                {
                  "Node Type": "Hash Join",
                  "Parent Relationship": "Outer",
                  "Parallel Aware": true,
                  "Join Type": "Inner",
                  "Startup Cost": 33203.66,
                  "Total Cost": 79040.52,
                  "Plan Rows": 110908,
                  "Plan Width": 0,
                  "Actual Startup Time": 191.905,
                  "Actual Total Time": 254.976,
                  "Actual Rows": 25529,
                  "Actual Loops": 5,
                  "Inner Unique": false,
                  "Hash Cond": "(t.id = mc.movie_id)",
                  "Plans": [
                    {
                      "Node Type": "Seq Scan",
                      "Parent Relationship": "Outer",
                      "Parallel Aware": true,
                      "Relation Name": "title",
                      "Alias": "t",
                      "Startup Cost": 0.0,
                      "Total Cost": 42318.73,
                      "Plan Rows": 632073,
                      "Plan Width": 4,
                      "Actual Startup Time": 0.016,
                      "Actual Total Time": 78.735,
                      "Actual Rows": 505662,
                      "Actual Loops": 5
                    },
                    {
                      "Node Type": "Hash",
                      "Parent Relationship": "Inner",
                      "Parallel Aware": true,
                      "Startup Cost": 31414.82,
                      "Total Cost": 31414.82,
                      "Plan Rows": 143107,
                      "Plan Width": 4,
                      "Actual Startup Time": 91.956,
                      "Actual Total Time": 91.957,
                      "Actual Rows": 25529,
                      "Actual Loops": 5,
                      "Hash Buckets": 524288,
                      "Original Hash Buckets": 524288,
                      "Hash Batches": 1,
                      "Original Hash Batches": 1,
                      "Peak Memory Usage": 9184,
                      "Plans": [
                        {
                          "Node Type": "Seq Scan",
                          "Parent Relationship": "Outer",
                          "Parallel Aware": true,
                          "Relation Name": "movie_companies",
                          "Alias": "mc",
                          "Startup Cost": 0.0,
                          "Total Cost": 31414.82,
                          "Plan Rows": 143107,
                          "Plan Width": 4,
                          "Actual Startup Time": 22.312,
                          "Actual Total Time": 80.669,
                          "Actual Rows": 25529,
                          "Actual Loops": 5,
                          "Filter": "((company_id > 20567) AND (company_type_id = 1))",
                          "Rows Removed by Filter": 496297
                        }
                      ]
                    }
                  ]
                }
              ]
            }
          ]
        }
      ]
    },
    "Planning Time": 0.651,
    "Triggers": [],
    "Execution Time": 287.303
  }
]