[
    {
        "Bao": {
            "Bao prediction": "NaN",
            "Bao recommended hint": "(no hint)"
        }
    },
    {
        "Plan": {
            "Node Type": "Aggregate",
            "Strategy": "Plain",
            "Partial Mode": "Finalize",
            "Parallel Aware": false,
            "Startup Cost": 79813.8,
            "Total Cost": 79813.81,
            "Plan Rows": 1,
            "Plan Width": 8,
            "Actual Startup Time": 262.182,
            "Actual Total Time": 274.423,
            "Actual Rows": 1,
            "Actual Loops": 1,
            "Output": [
                "count(*)"
            ],
            "Plans": [
                {
                    "Node Type": "Gather",
                    "Parent Relationship": "Outer",
                    "Parallel Aware": false,
                    "Startup Cost": 79813.48,
                    "Total Cost": 79813.79,
                    "Plan Rows": 3,
                    "Plan Width": 8,
                    "Actual Startup Time": 260.629,
                    "Actual Total Time": 274.412,
                    "Actual Rows": 4,
                    "Actual Loops": 1,
                    "Output": [
                        "(PARTIAL count(*))"
                    ],
                    "Workers Planned": 3,
                    "Workers Launched": 3,
                    "Single Copy": false,
                    "Plans": [
                        {
                            "Node Type": "Aggregate",
                            "Strategy": "Plain",
                            "Partial Mode": "Partial",
                            "Parent Relationship": "Outer",
                            "Parallel Aware": false,
                            "Startup Cost": 78813.48,
                            "Total Cost": 78813.49,
                            "Plan Rows": 1,
                            "Plan Width": 8,
                            "Actual Startup Time": 252.246,
                            "Actual Total Time": 252.249,
                            "Actual Rows": 1,
                            "Actual Loops": 4,
                            "Output": [
                                "PARTIAL count(*)"
                            ],
                            "Workers": [
                                {
                                    "Worker Number": 0,
                                    "Actual Startup Time": 248.984,
                                    "Actual Total Time": 248.987,
                                    "Actual Rows": 1,
                                    "Actual Loops": 1
                                },
                                {
                                    "Worker Number": 1,
                                    "Actual Startup Time": 249.717,
                                    "Actual Total Time": 249.721,
                                    "Actual Rows": 1,
                                    "Actual Loops": 1
                                },
                                {
                                    "Worker Number": 2,
                                    "Actual Startup Time": 250.148,
                                    "Actual Total Time": 250.151,
                                    "Actual Rows": 1,
                                    "Actual Loops": 1
                                }
                            ],
                            "Plans": [
                                {
                                    "Node Type": "Hash Join",
                                    "Parent Relationship": "Outer",
                                    "Parallel Aware": true,
                                    "Join Type": "Inner",
                                    "Startup Cost": 46527.63,
                                    "Total Cost": 78715.76,
                                    "Plan Rows": 39091,
                                    "Plan Width": 0,
                                    "Actual Startup Time": 186.549,
                                    "Actual Total Time": 248.175,
                                    "Actual Rows": 94173,
                                    "Actual Loops": 4,
                                    "Inner Unique": true,
                                    "Hash Cond": "(mc.movie_id = t.id)",
                                    "Workers": [
                                        {
                                            "Worker Number": 0,
                                            "Actual Startup Time": 183.35,
                                            "Actual Total Time": 244.92,
                                            "Actual Rows": 89886,
                                            "Actual Loops": 1
                                        },
                                        {
                                            "Worker Number": 1,
                                            "Actual Startup Time": 184.067,
                                            "Actual Total Time": 245.706,
                                            "Actual Rows": 93094,
                                            "Actual Loops": 1
                                        },
                                        {
                                            "Worker Number": 2,
                                            "Actual Startup Time": 184.254,
                                            "Actual Total Time": 246.167,
                                            "Actual Rows": 93134,
                                            "Actual Loops": 1
                                        }
                                    ],
                                    "Plans": [
                                        {
                                            "Node Type": "Seq Scan",
                                            "Parent Relationship": "Outer",
                                            "Parallel Aware": true,
                                            "Relation Name": "movie_companies",
                                            "Schema": "public",
                                            "Alias": "mc",
                                            "Startup Cost": 0.0,
                                            "Total Cost": 31414.82,
                                            "Plan Rows": 294593,
                                            "Plan Width": 4,
                                            "Actual Startup Time": 27.834,
                                            "Actual Total Time": 63.705,
                                            "Actual Rows": 274506,
                                            "Actual Loops": 4,
                                            "Output": [
                                                "mc.id",
                                                "mc.movie_id",
                                                "mc.company_id",
                                                "mc.company_type_id",
                                                "mc.note"
                                            ],
                                            "Filter": "((mc.company_id > 1886) AND (mc.company_type_id > 1))",
                                            "Rows Removed by Filter": 377776,
                                            "Workers": [
                                                {
                                                    "Worker Number": 0,
                                                    "Actual Startup Time": 27.833,
                                                    "Actual Total Time": 64.361,
                                                    "Actual Rows": 263031,
                                                    "Actual Loops": 1
                                                },
                                                {
                                                    "Worker Number": 1,
                                                    "Actual Startup Time": 27.825,
                                                    "Actual Total Time": 64.127,
                                                    "Actual Rows": 272624,
                                                    "Actual Loops": 1
                                                },
                                                {
                                                    "Worker Number": 2,
                                                    "Actual Startup Time": 27.833,
                                                    "Actual Total Time": 63.896,
                                                    "Actual Rows": 272370,
                                                    "Actual Loops": 1
                                                }
                                            ]
                                        },
                                        {
                                            "Node Type": "Hash",
                                            "Parent Relationship": "Inner",
                                            "Parallel Aware": true,
                                            "Startup Cost": 45479.21,
                                            "Total Cost": 45479.21,
                                            "Plan Rows": 83874,
                                            "Plan Width": 4,
                                            "Actual Startup Time": 125.514,
                                            "Actual Total Time": 125.515,
                                            "Actual Rows": 102880,
                                            "Actual Loops": 4,
                                            "Output": [
                                                "t.id"
                                            ],
                                            "Hash Buckets": 524288,
                                            "Original Hash Buckets": 524288,
                                            "Hash Batches": 1,
                                            "Original Hash Batches": 1,
                                            "Peak Memory Usage": 20256,
                                            "Workers": [
                                                {
                                                    "Worker Number": 0,
                                                    "Actual Startup Time": 124.358,
                                                    "Actual Total Time": 124.359,
                                                    "Actual Rows": 97738,
                                                    "Actual Loops": 1
                                                },
                                                {
                                                    "Worker Number": 1,
                                                    "Actual Startup Time": 125.125,
                                                    "Actual Total Time": 125.126,
                                                    "Actual Rows": 100028,
                                                    "Actual Loops": 1
                                                },
                                                {
                                                    "Worker Number": 2,
                                                    "Actual Startup Time": 125.271,
                                                    "Actual Total Time": 125.271,
                                                    "Actual Rows": 99344,
                                                    "Actual Loops": 1
                                                }
                                            ],
                                            "Plans": [
                                                {
                                                    "Node Type": "Seq Scan",
                                                    "Parent Relationship": "Outer",
                                                    "Parallel Aware": true,
                                                    "Relation Name": "title",
                                                    "Schema": "public",
                                                    "Alias": "t",
                                                    "Startup Cost": 0.0,
                                                    "Total Cost": 45479.21,
                                                    "Plan Rows": 83874,
                                                    "Plan Width": 4,
                                                    "Actual Startup Time": 54.795,
                                                    "Actual Total Time": 93.579,
                                                    "Actual Rows": 102880,
                                                    "Actual Loops": 4,
                                                    "Output": [
                                                        "t.id"
                                                    ],
                                                    "Filter": "((t.kind_id < 2) AND (t.production_year < 2004))",
                                                    "Rows Removed by Filter": 529198,
                                                    "Workers": [
                                                        {
                                                            "Worker Number": 0,
                                                            "Actual Startup Time": 53.666,
                                                            "Actual Total Time": 93.174,
                                                            "Actual Rows": 97738,
                                                            "Actual Loops": 1
                                                        },
                                                        {
                                                            "Worker Number": 1,
                                                            "Actual Startup Time": 54.275,
                                                            "Actual Total Time": 94.143,
                                                            "Actual Rows": 100028,
                                                            "Actual Loops": 1
                                                        },
                                                        {
                                                            "Worker Number": 2,
                                                            "Actual Startup Time": 54.781,
                                                            "Actual Total Time": 94.116,
                                                            "Actual Rows": 99344,
                                                            "Actual Loops": 1
                                                        }
                                                    ]
                                                }
                                            ]
                                        }
                                    ]
                                }
                            ]
                        }
                    ]
                }
            ]
        },
        "Planning Time": 215.933,
        "Triggers": [],
        "Execution Time": 274.506
    }
]