[
    {
        "Bao": {
            "Bao prediction": "NaN",
            "Bao recommended hint": "(no hint)"
        }
    },
    {
        "Plan": {
            "Node Type": "Aggregate",
            "Strategy": "Plain",
            "Partial Mode": "Simple",
            "Parallel Aware": false,
            "Startup Cost": 11861.54,
            "Total Cost": 11861.55,
            "Plan Rows": 1,
            "Plan Width": 8,
            "Actual Startup Time": 2.544,
            "Actual Total Time": 2.546,
            "Actual Rows": 1,
            "Actual Loops": 1,
            "Output": [
                "count(*)"
            ],
            "Plans": [
                {
                    "Node Type": "Bitmap Heap Scan",
                    "Parent Relationship": "Outer",
                    "Parallel Aware": false,
                    "Relation Name": "movie_companies",
                    "Schema": "public",
                    "Alias": "mc",
                    "Startup Cost": 116.87,
                    "Total Cost": 11855.04,
                    "Plan Rows": 2600,
                    "Plan Width": 0,
                    "Actual Startup Time": 0.379,
                    "Actual Total Time": 2.336,
                    "Actual Rows": 5156,
                    "Actual Loops": 1,
                    "Recheck Cond": "(mc.company_id = 49)",
                    "Rows Removed by Index Recheck": 0,
                    "Filter": "(mc.company_type_id < 2)",
                    "Rows Removed by Filter": 10,
                    "Exact Heap Blocks": 934,
                    "Lossy Heap Blocks": 0,
                    "Plans": [
                        {
                            "Node Type": "Bitmap Index Scan",
                            "Parent Relationship": "Outer",
                            "Parallel Aware": false,
                            "Index Name": "company_id_movie_companies",
                            "Startup Cost": 0.0,
                            "Total Cost": 116.22,
                            "Plan Rows": 5305,
                            "Plan Width": 0,
                            "Actual Startup Time": 0.286,
                            "Actual Total Time": 0.286,
                            "Actual Rows": 5166,
                            "Actual Loops": 1,
                            "Index Cond": "(mc.company_id = 49)"
                        }
                    ]
                }
            ]
        },
        "Planning Time": 189.337,
        "Triggers": [],
        "Execution Time": 2.582
    }
]