[
  {
    "Plan": {
      "Node Type": "Aggregate",
      "Strategy": "Plain",
      "Partial Mode": "Finalize",
      "Parallel Aware": false,
      "Startup Cost": 277066.6,
      "Total Cost": 277066.61,
      "Plan Rows": 1,
      "Plan Width": 8,
      "Actual Startup Time": 1028.804,
      "Actual Total Time": 1116.342,
      "Actual Rows": 1,
      "Actual Loops": 1,
      "Plans": [
        {
          "Node Type": "Gather",
          "Parent Relationship": "Outer",
          "Parallel Aware": false,
          "Startup Cost": 277066.08,
          "Total Cost": 277066.59,
          "Plan Rows": 5,
          "Plan Width": 8,
          "Actual Startup Time": 1025.967,
          "Actual Total Time": 1116.329,
          "Actual Rows": 6,
          "Actual Loops": 1,
          "Workers Planned": 5,
          "Workers Launched": 5,
          "Single Copy": false,
          "Plans": [
            {
              "Node Type": "Aggregate",
              "Strategy": "Plain",
              "Partial Mode": "Partial",
              "Parent Relationship": "Outer",
              "Parallel Aware": false,
              "Startup Cost": 276066.08,
              "Total Cost": 276066.09,
              "Plan Rows": 1,
              "Plan Width": 8,
              "Actual Startup Time": 1016.719,
              "Actual Total Time": 1016.721,
              "Actual Rows": 1,
              "Actual Loops": 6,
              "Plans": [
                {
                  "Node Type": "Nested Loop",
                  "Parent Relationship": "Outer",
                  "Parallel Aware": false,
                  "Join Type": "Inner",
                  "Startup Cost": 2522.42,
                  "Total Cost": 275070.46,
                  "Plan Rows": 398250,
                  "Plan Width": 0,
                  "Actual Startup Time": 10.523,
                  "Actual Total Time": 991.917,
                  "Actual Rows": 461152,
                  "Actual Loops": 6,
                  "Inner Unique": false,
                  "Plans": [
                    {
                      "Node Type": "Nested Loop",
                      "Parent Relationship": "Outer",
                      "Parallel Aware": false,
                      "Join Type": "Inner",
                      "Startup Cost": 2521.85,
                      "Total Cost": 214256.71,
                      "Plan Rows": 27793,
                      "Plan Width": 8,
                      "Actual Startup Time": 10.292,
                      "Actual Total Time": 140.066,
                      "Actual Rows": 20310,
                      "Actual Loops": 6,
                      "Inner Unique": true,
                      "Plans": [
                        {
                          "Node Type": "Bitmap Heap Scan",
                          "Parent Relationship": "Outer",
                          "Parallel Aware": true,
                          "Relation Name": "movie_info",
                          "Alias": "mi",
                          "Startup Cost": 2521.42,
                          "Total Cost": 165818.8,
                          "Plan Rows": 27793,
                          "Plan Width": 4,
                          "Actual Startup Time": 10.075,
                          "Actual Total Time": 17.89,
                          "Actual Rows": 20310,
                          "Actual Loops": 6,
                          "Recheck Cond": "(info_type_id = 105)",
                          "Rows Removed by Index Recheck": 0,
                          "Exact Heap Blocks": 1266,
                          "Lossy Heap Blocks": 0,
                          "Plans": [
                            {
                              "Node Type": "Bitmap Index Scan",
                              "Parent Relationship": "Outer",
                              "Parallel Aware": false,
                              "Index Name": "info_type_id_movie_info",
                              "Startup Cost": 0.0,
                              "Total Cost": 2486.68,
                              "Plan Rows": 138966,
                              "Plan Width": 0,
                              "Actual Startup Time": 18.34,
                              "Actual Total Time": 18.341,
                              "Actual Rows": 121863,
                              "Actual Loops": 1,
                              "Index Cond": "(info_type_id = 105)"
                            }
                          ]
                        },
                        {
                          "Node Type": "Index Only Scan",
                          "Parent Relationship": "Inner",
                          "Parallel Aware": false,
                          "Scan Direction": "Forward",
                          "Index Name": "title_pkey",
                          "Relation Name": "title",
                          "Alias": "t",
                          "Startup Cost": 0.43,
                          "Total Cost": 1.74,
                          "Plan Rows": 1,
                          "Plan Width": 4,
                          "Actual Startup Time": 0.006,
                          "Actual Total Time": 0.006,
                          "Actual Rows": 1,
                          "Actual Loops": 121863,
                          "Index Cond": "(id = mi.movie_id)",
                          "Rows Removed by Index Recheck": 0,
                          "Heap Fetches": 121863
                        }
                      ]
                    },
                    {
                      "Node Type": "Index Only Scan",
                      "Parent Relationship": "Inner",
                      "Parallel Aware": false,
                      "Scan Direction": "Forward",
                      "Index Name": "movie_id_cast_info",
                      "Relation Name": "cast_info",
                      "Alias": "ci",
                      "Startup Cost": 0.56,
                      "Total Cost": 1.82,
                      "Plan Rows": 37,
                      "Plan Width": 4,
                      "Actual Startup Time": 0.008,
                      "Actual Total Time": 0.04,
                      "Actual Rows": 23,
                      "Actual Loops": 121863,
                      "Index Cond": "(movie_id = t.id)",
                      "Rows Removed by Index Recheck": 0,
                      "Heap Fetches": 2766914
                    }
                  ]
                }
              ]
            }
          ]
        }
      ]
    },
    "Planning Time": 1.312,
    "Triggers": [],
    "Execution Time": 1116.463
  }
]