[
  {
    "Plan": {
      "Node Type": "Aggregate",
      "Strategy": "Plain",
      "Partial Mode": "Simple",
      "Parallel Aware": false,
      "Startup Cost": 24940.91,
      "Total Cost": 24940.92,
      "Plan Rows": 1,
      "Plan Width": 8,
      "Actual Startup Time": 20.601,
      "Actual Total Time": 20.602,
      "Actual Rows": 1,
      "Actual Loops": 1,
      "Plans": [
        {
          "Node Type": "Bitmap Heap Scan",
          "Parent Relationship": "Outer",
          "Parallel Aware": false,
          "Relation Name": "movie_keyword",
          "Alias": "mk",
          "Startup Cost": 420.57,
          "Total Cost": 24891.83,
          "Plan Rows": 19630,
          "Plan Width": 0,
          "Actual Startup Time": 4.645,
          "Actual Total Time": 18.89,
          "Actual Rows": 17758,
          "Actual Loops": 1,
          "Recheck Cond": "(keyword_id > 118982)",
          "Rows Removed by Index Recheck": 0,
          "Exact Heap Blocks": 5453,
          "Lossy Heap Blocks": 0,
          "Plans": [
            {
              "Node Type": "Bitmap Index Scan",
              "Parent Relationship": "Outer",
              "Parallel Aware": false,
              "Index Name": "keyword_id_movie_keyword",
              "Startup Cost": 0.0,
              "Total Cost": 415.66,
              "Plan Rows": 19630,
              "Plan Width": 0,
              "Actual Startup Time": 2.315,
              "Actual Total Time": 2.315,
              "Actual Rows": 17758,
              "Actual Loops": 1,
              "Index Cond": "(keyword_id > 118982)"
            }
          ]
        }
      ]
    },
    "Planning Time": 0.166,
    "Triggers": [],
    "Execution Time": 20.641
  }
]