[
  {
    "Plan": {
      "Node Type": "Aggregate",
      "Strategy": "Plain",
      "Partial Mode": "Finalize",
      "Parallel Aware": false,
      "Startup Cost": 109183.06,
      "Total Cost": 109183.07,
      "Plan Rows": 1,
      "Plan Width": 8,
      "Actual Startup Time": 248.493,
      "Actual Total Time": 273.161,
      "Actual Rows": 1,
      "Actual Loops": 1,
      "Plans": [
        {
          "Node Type": "Gather",
          "Parent Relationship": "Outer",
          "Parallel Aware": false,
          "Startup Cost": 109182.84,
          "Total Cost": 109183.05,
          "Plan Rows": 2,
          "Plan Width": 8,
          "Actual Startup Time": 247.781,
          "Actual Total Time": 273.152,
          "Actual Rows": 3,
          "Actual Loops": 1,
          "Workers Planned": 2,
          "Workers Launched": 2,
          "Single Copy": false,
          "Plans": [
            {
              "Node Type": "Aggregate",
              "Strategy": "Plain",
              "Partial Mode": "Partial",
              "Parent Relationship": "Outer",
              "Parallel Aware": false,
              "Startup Cost": 108182.84,
              "Total Cost": 108182.85,
              "Plan Rows": 1,
              "Plan Width": 8,
              "Actual Startup Time": 240.8,
              "Actual Total Time": 240.803,
              "Actual Rows": 1,
              "Actual Loops": 3,
              "Plans": [
                {
                  "Node Type": "Nested Loop",
                  "Parent Relationship": "Outer",
                  "Parallel Aware": false,
                  "Join Type": "Inner",
                  "Startup Cost": 46009.38,
                  "Total Cost": 108019.34,
                  "Plan Rows": 65403,
                  "Plan Width": 0,
                  "Actual Startup Time": 125.815,
                  "Actual Total Time": 239.268,
                  "Actual Rows": 25925,
                  "Actual Loops": 3,
                  "Inner Unique": false,
                  "Join Filter": "(t.id = mi.movie_id)",
                  "Rows Removed by Join Filter": 0,
                  "Plans": [
                    {
                      "Node Type": "Hash Join",
                      "Parent Relationship": "Outer",
                      "Parallel Aware": true,
                      "Join Type": "Inner",
                      "Startup Cost": 46008.95,
                      "Total Cost": 61635.83,
                      "Plan Rows": 12881,
                      "Plan Width": 8,
                      "Actual Startup Time": 125.758,
                      "Actual Total Time": 185.014,
                      "Actual Rows": 4735,
                      "Actual Loops": 3,
                      "Inner Unique": true,
                      "Hash Cond": "(mi_idx.movie_id = t.id)",
                      "Plans": [
                        {
                          "Node Type": "Seq Scan",
                          "Parent Relationship": "Outer",
                          "Parallel Aware": true,
                          "Relation Name": "movie_info_idx",
                          "Alias": "mi_idx",
                          "Startup Cost": 0.0,
                          "Total Cost": 15122.68,
                          "Plan Rows": 192074,
                          "Plan Width": 4,
                          "Actual Startup Time": 0.021,
                          "Actual Total Time": 33.509,
                          "Actual Rows": 153395,
                          "Actual Loops": 3,
                          "Filter": "(info_type_id > 100)",
                          "Rows Removed by Filter": 306617
                        },
                        {
                          "Node Type": "Hash",
                          "Parent Relationship": "Inner",
                          "Parallel Aware": true,
                          "Startup Cost": 45479.1,
                          "Total Cost": 45479.1,
                          "Plan Rows": 42388,
                          "Plan Width": 4,
                          "Actual Startup Time": 123.133,
                          "Actual Total Time": 123.135,
                          "Actual Rows": 56689,
                          "Actual Loops": 3,
                          "Hash Buckets": 262144,
                          "Original Hash Buckets": 262144,
                          "Hash Batches": 1,
                          "Original Hash Batches": 1,
                          "Peak Memory Usage": 8736,
                          "Plans": [
                            {
                              "Node Type": "Seq Scan",
                              "Parent Relationship": "Outer",
                              "Parallel Aware": true,
                              "Relation Name": "title",
                              "Alias": "t",
                              "Startup Cost": 0.0,
                              "Total Cost": 45479.1,
                              "Plan Rows": 42388,
                              "Plan Width": 4,
                              "Actual Startup Time": 0.05,
                              "Actual Total Time": 106.381,
                              "Actual Rows": 56689,
                              "Actual Loops": 3,
                              "Filter": "((kind_id > 1) AND (production_year > 2011))",
                              "Rows Removed by Filter": 786081
                            }
                          ]
                        }
                      ]
                    },
                    {
                      "Node Type": "Index Scan",
                      "Parent Relationship": "Inner",
                      "Parallel Aware": false,
                      "Scan Direction": "Forward",
                      "Index Name": "movie_id_movie_info",
                      "Relation Name": "movie_info",
                      "Alias": "mi",
                      "Startup Cost": 0.43,
                      "Total Cost": 3.15,
                      "Plan Rows": 36,
                      "Plan Width": 4,
                      "Actual Startup Time": 0.005,
                      "Actual Total Time": 0.011,
                      "Actual Rows": 5,
                      "Actual Loops": 14204,
                      "Index Cond": "(movie_id = mi_idx.movie_id)",
                      "Rows Removed by Index Recheck": 0,
                      "Filter": "(info_type_id < 18)",
                      "Rows Removed by Filter": 1
                    }
                  ]
                }
              ]
            }
          ]
        }
      ]
    },
    "Planning Time": 1.359,
    "Triggers": [],
    "Execution Time": 273.25
  }
]