{
  "Plan": {
    "Node Type": "Aggregate",
    "Strategy": "Plain",
    "Partial Mode": "Finalize",
    "Parallel Aware": false,
    "Startup Cost": 707451.01,
    "Total Cost": 707451.02,
    "Plan Rows": 1,
    "Plan Width": 8,
    "Actual Startup Time": 3790.914,
    "Actual Total Time": 3829.511,
    "Actual Rows": 1,
    "Actual Loops": 1,
    "Plans": [
      {
        "Node Type": "Gather",
        "Parent Relationship": "Outer",
        "Parallel Aware": false,
        "Startup Cost": 707450.89,
        "Total Cost": 707451.0,
        "Plan Rows": 1,
        "Plan Width": 8,
        "Actual Startup Time": 3782.991,
        "Actual Total Time": 3829.501,
        "Actual Rows": 2,
        "Actual Loops": 1,
        "Workers Planned": 1,
        "Workers Launched": 1,
        "Single Copy": false,
        "Plans": [
          {
            "Node Type": "Aggregate",
            "Strategy": "Plain",
            "Partial Mode": "Partial",
            "Parent Relationship": "Outer",
            "Parallel Aware": false,
            "Startup Cost": 706450.89,
            "Total Cost": 706450.9,
            "Plan Rows": 1,
            "Plan Width": 8,
            "Actual Startup Time": 3776.805,
            "Actual Total Time": 3777.951,
            "Actual Rows": 1,
            "Actual Loops": 2,
            "Plans": [
              {
                "Node Type": "Hash Join",
                "Parent Relationship": "Outer",
                "Parallel Aware": true,
                "Join Type": "Inner",
                "Startup Cost": 323023.88,
                "Total Cost": 700082.57,
                "Plan Rows": 2547331,
                "Plan Width": 0,
                "Actual Startup Time": 1350.346,
                "Actual Total Time": 3569.311,
                "Actual Rows": 5166305,
                "Actual Loops": 2,
                "Inner Unique": false,
                "Hash Cond": "(ci.movie_id = t.id)",
                "Plans": [
                  {
                    "Node Type": "Bitmap Heap Scan",
                    "Parent Relationship": "Outer",
                    "Parallel Aware": true,
                    "Relation Name": "cast_info",
                    "Alias": "ci",
                    "Startup Cost": 224533.87,
                    "Total Cost": 567052.65,
                    "Plan Rows": 5214834,
                    "Plan Width": 4,
                    "Actual Startup Time": 458.214,
                    "Actual Total Time": 1164.619,
                    "Actual Rows": 4896397,
                    "Actual Loops": 2,
                    "Recheck Cond": "(person_id < 1006671)",
                    "Rows Removed by Index Recheck": 0,
                    "Filter": "(role_id < 10)",
                    "Rows Removed by Filter": 219670,
                    "Exact Heap Blocks": 57735,
                    "Lossy Heap Blocks": 0,
                    "Plans": [
                      {
                        "Node Type": "Bitmap Index Scan",
                        "Parent Relationship": "Outer",
                        "Parallel Aware": false,
                        "Index Name": "person_id_cast_info",
                        "Startup Cost": 0.0,
                        "Total Cost": 222317.57,
                        "Plan Rows": 10180934,
                        "Plan Width": 0,
                        "Actual Startup Time": 437.527,
                        "Actual Total Time": 437.528,
                        "Actual Rows": 10232133,
                        "Actual Loops": 1,
                        "Index Cond": "(person_id < 1006671)"
                      }
                    ]
                  },
                  {
                    "Node Type": "Hash",
                    "Parent Relationship": "Inner",
                    "Parallel Aware": true,
                    "Startup Cost": 89409.02,
                    "Total Cost": 89409.02,
                    "Plan Rows": 726479,
                    "Plan Width": 8,
                    "Actual Startup Time": 880.981,
                    "Actual Total Time": 882.125,
                    "Actual Rows": 635623,
                    "Actual Loops": 2,
                    "Hash Buckets": 2097152,
                    "Original Hash Buckets": 2097152,
                    "Hash Batches": 1,
                    "Original Hash Batches": 1,
                    "Peak Memory Usage": 66176,
                    "Plans": [
                      {
                        "Node Type": "Hash Join",
                        "Parent Relationship": "Outer",
                        "Parallel Aware": true,
                        "Join Type": "Inner",
                        "Startup Cost": 71225.23,
                        "Total Cost": 89409.02,
                        "Plan Rows": 726479,
                        "Plan Width": 8,
                        "Actual Startup Time": 524.436,
                        "Actual Total Time": 749.07,
                        "Actual Rows": 635623,
                        "Actual Loops": 2,
                        "Inner Unique": true,
                        "Hash Cond": "(mi_idx.movie_id = t.id)",
                        "Plans": [
                          {
                            "Node Type": "Seq Scan",
                            "Parent Relationship": "Outer",
                            "Parallel Aware": true,
                            "Relation Name": "movie_info_idx",
                            "Alias": "mi_idx",
                            "Startup Cost": 0.0,
                            "Total Cost": 16052.85,
                            "Plan Rows": 811785,
                            "Plan Width": 4,
                            "Actual Startup Time": 0.018,
                            "Actual Total Time": 50.495,
                            "Actual Rows": 690018,
                            "Actual Loops": 2
                          },
                          {
                            "Node Type": "Hash",
                            "Parent Relationship": "Inner",
                            "Parallel Aware": true,
                            "Startup Cost": 54588.39,
                            "Total Cost": 54588.39,
                            "Plan Rows": 1330947,
                            "Plan Width": 4,
                            "Actual Startup Time": 511.747,
                            "Actual Total Time": 511.748,
                            "Actual Rows": 1126611,
                            "Actual Loops": 2,
                            "Hash Buckets": 4194304,
                            "Original Hash Buckets": 4194304,
                            "Hash Batches": 1,
                            "Original Hash Batches": 1,
                            "Peak Memory Usage": 120928,
                            "Plans": [
                              {
                                "Node Type": "Seq Scan",
                                "Parent Relationship": "Outer",
                                "Parallel Aware": true,
                                "Relation Name": "title",
                                "Alias": "t",
                                "Startup Cost": 0.0,
                                "Total Cost": 54588.39,
                                "Plan Rows": 1330947,
                                "Plan Width": 4,
                                "Actual Startup Time": 0.03,
                                "Actual Total Time": 180.359,
                                "Actual Rows": 1126611,
                                "Actual Loops": 2,
                                "Filter": "(production_year > 1955)",
                                "Rows Removed by Filter": 137545
                              }
                            ]
                          }
                        ]
                      }
                    ]
                  }
                ]
              }
            ]
          }
        ]
      }
    ]
  },
  "Planning Time": 0.544,
  "Triggers": [],
  "Execution Time": 3829.587
}