{
    "Plan": {
        "Node Type": "Aggregate",
        "Strategy": "Plain",
        "Partial Mode": "Finalize",
        "Parallel Aware": false,
        "Startup Cost": 213133.11,
        "Total Cost": 213133.12,
        "Plan Rows": 1,
        "Plan Width": 8,
        "Actual Startup Time": 138.592,
        "Actual Total Time": 161.706,
        "Actual Rows": 1,
        "Actual Loops": 1,
        "Output": [
            "count(*)"
        ],
        "Plans": [
            {
                "Node Type": "Gather",
                "Parent Relationship": "Outer",
                "Parallel Aware": false,
                "Startup Cost": 213132.69,
                "Total Cost": 213133.1,
                "Plan Rows": 4,
                "Plan Width": 8,
                "Actual Startup Time": 138.491,
                "Actual Total Time": 161.699,
                "Actual Rows": 5,
                "Actual Loops": 1,
                "Output": [
                    "(PARTIAL count(*))"
                ],
                "Workers Planned": 4,
                "Workers Launched": 4,
                "Single Copy": false,
                "Plans": [
                    {
                        "Node Type": "Aggregate",
                        "Strategy": "Plain",
                        "Partial Mode": "Partial",
                        "Parent Relationship": "Outer",
                        "Parallel Aware": false,
                        "Startup Cost": 212132.69,
                        "Total Cost": 212132.7,
                        "Plan Rows": 1,
                        "Plan Width": 8,
                        "Actual Startup Time": 128.105,
                        "Actual Total Time": 128.107,
                        "Actual Rows": 1,
                        "Actual Loops": 5,
                        "Output": [
                            "PARTIAL count(*)"
                        ],
                        "Workers": [
                            {
                                "Worker Number": 0,
                                "Actual Startup Time": 125.62,
                                "Actual Total Time": 125.621,
                                "Actual Rows": 1,
                                "Actual Loops": 1
                            },
                            {
                                "Worker Number": 1,
                                "Actual Startup Time": 125.592,
                                "Actual Total Time": 125.594,
                                "Actual Rows": 1,
                                "Actual Loops": 1
                            },
                            {
                                "Worker Number": 2,
                                "Actual Startup Time": 125.565,
                                "Actual Total Time": 125.568,
                                "Actual Rows": 1,
                                "Actual Loops": 1
                            },
                            {
                                "Worker Number": 3,
                                "Actual Startup Time": 126.066,
                                "Actual Total Time": 126.068,
                                "Actual Rows": 1,
                                "Actual Loops": 1
                            }
                        ],
                        "Plans": [
                            {
                                "Node Type": "Nested Loop",
                                "Parent Relationship": "Outer",
                                "Parallel Aware": false,
                                "Join Type": "Inner",
                                "Startup Cost": 0.56,
                                "Total Cost": 212132.39,
                                "Plan Rows": 118,
                                "Plan Width": 0,
                                "Actual Startup Time": 13.151,
                                "Actual Total Time": 128.088,
                                "Actual Rows": 17,
                                "Actual Loops": 5,
                                "Inner Unique": false,
                                "Workers": [
                                    {
                                        "Worker Number": 0,
                                        "Actual Startup Time": 13.856,
                                        "Actual Total Time": 125.603,
                                        "Actual Rows": 17,
                                        "Actual Loops": 1
                                    },
                                    {
                                        "Worker Number": 1,
                                        "Actual Startup Time": 18.181,
                                        "Actual Total Time": 125.579,
                                        "Actual Rows": 12,
                                        "Actual Loops": 1
                                    },
                                    {
                                        "Worker Number": 2,
                                        "Actual Startup Time": 12.25,
                                        "Actual Total Time": 125.551,
                                        "Actual Rows": 11,
                                        "Actual Loops": 1
                                    },
                                    {
                                        "Worker Number": 3,
                                        "Actual Startup Time": 19.619,
                                        "Actual Total Time": 126.05,
                                        "Actual Rows": 12,
                                        "Actual Loops": 1
                                    }
                                ],
                                "Plans": [
                                    {
                                        "Node Type": "Seq Scan",
                                        "Parent Relationship": "Outer",
                                        "Parallel Aware": true,
                                        "Relation Name": "title",
                                        "Schema": "public",
                                        "Alias": "t",
                                        "Startup Cost": 0.0,
                                        "Total Cost": 45479.21,
                                        "Plan Rows": 1520,
                                        "Plan Width": 4,
                                        "Actual Startup Time": 0.205,
                                        "Actual Total Time": 74.679,
                                        "Actual Rows": 1108,
                                        "Actual Loops": 5,
                                        "Output": [
                                            "t.id",
                                            "t.title",
                                            "t.imdb_index",
                                            "t.kind_id",
                                            "t.production_year",
                                            "t.imdb_id",
                                            "t.phonetic_code",
                                            "t.episode_of_id",
                                            "t.season_nr",
                                            "t.episode_nr",
                                            "t.series_years",
                                            "t.md5sum"
                                        ],
                                        "Filter": "((t.kind_id = 2) AND (t.production_year = 2012))",
                                        "Rows Removed by Filter": 504554,
                                        "Workers": [
                                            {
                                                "Worker Number": 0,
                                                "Actual Startup Time": 0.242,
                                                "Actual Total Time": 69.051,
                                                "Actual Rows": 684,
                                                "Actual Loops": 1
                                            },
                                            {
                                                "Worker Number": 1,
                                                "Actual Startup Time": 0.173,
                                                "Actual Total Time": 67.228,
                                                "Actual Rows": 915,
                                                "Actual Loops": 1
                                            },
                                            {
                                                "Worker Number": 2,
                                                "Actual Startup Time": 0.122,
                                                "Actual Total Time": 68.47,
                                                "Actual Rows": 693,
                                                "Actual Loops": 1
                                            },
                                            {
                                                "Worker Number": 3,
                                                "Actual Startup Time": 0.419,
                                                "Actual Total Time": 68.549,
                                                "Actual Rows": 842,
                                                "Actual Loops": 1
                                            }
                                        ]
                                    },
                                    {
                                        "Node Type": "Index Scan",
                                        "Parent Relationship": "Inner",
                                        "Parallel Aware": false,
                                        "Scan Direction": "Forward",
                                        "Index Name": "movie_id_cast_info",
                                        "Relation Name": "cast_info",
                                        "Schema": "public",
                                        "Alias": "ci",
                                        "Startup Cost": 0.56,
                                        "Total Cost": 109.63,
                                        "Plan Rows": 1,
                                        "Plan Width": 4,
                                        "Actual Startup Time": 0.047,
                                        "Actual Total Time": 0.048,
                                        "Actual Rows": 0,
                                        "Actual Loops": 5540,
                                        "Output": [
                                            "ci.id",
                                            "ci.person_id",
                                            "ci.movie_id",
                                            "ci.person_role_id",
                                            "ci.note",
                                            "ci.nr_order",
                                            "ci.role_id"
                                        ],
                                        "Index Cond": "(ci.movie_id = t.id)",
                                        "Rows Removed by Index Recheck": 0,
                                        "Filter": "((ci.person_id < 90878) AND (ci.role_id > 5))",
                                        "Rows Removed by Filter": 6,
                                        "Workers": [
                                            {
                                                "Worker Number": 0,
                                                "Actual Startup Time": 0.081,
                                                "Actual Total Time": 0.082,
                                                "Actual Rows": 0,
                                                "Actual Loops": 684
                                            },
                                            {
                                                "Worker Number": 1,
                                                "Actual Startup Time": 0.063,
                                                "Actual Total Time": 0.063,
                                                "Actual Rows": 0,
                                                "Actual Loops": 915
                                            },
                                            {
                                                "Worker Number": 2,
                                                "Actual Startup Time": 0.081,
                                                "Actual Total Time": 0.081,
                                                "Actual Rows": 0,
                                                "Actual Loops": 693
                                            },
                                            {
                                                "Worker Number": 3,
                                                "Actual Startup Time": 0.067,
                                                "Actual Total Time": 0.068,
                                                "Actual Rows": 0,
                                                "Actual Loops": 842
                                            }
                                        ]
                                    }
                                ]
                            }
                        ]
                    }
                ]
            }
        ]
    },
    "Planning Time": 0.752,
    "Triggers": [],
    "Execution Time": 161.784
}