[
  {
    "Plan": {
      "Node Type": "Aggregate",
      "Strategy": "Plain",
      "Partial Mode": "Finalize",
      "Parallel Aware": false,
      "Startup Cost": 45229.24,
      "Total Cost": 45229.25,
      "Plan Rows": 1,
      "Plan Width": 8,
      "Actual Startup Time": 153.18,
      "Actual Total Time": 162.413,
      "Actual Rows": 1,
      "Actual Loops": 1,
      "Plans": [
        {
          "Node Type": "Gather",
          "Parent Relationship": "Outer",
          "Parallel Aware": false,
          "Startup Cost": 45228.93,
          "Total Cost": 45229.24,
          "Plan Rows": 3,
          "Plan Width": 8,
          "Actual Startup Time": 153.05,
          "Actual Total Time": 162.404,
          "Actual Rows": 4,
          "Actual Loops": 1,
          "Workers Planned": 3,
          "Workers Launched": 3,
          "Single Copy": false,
          "Plans": [
            {
              "Node Type": "Aggregate",
              "Strategy": "Plain",
              "Partial Mode": "Partial",
              "Parent Relationship": "Outer",
              "Parallel Aware": false,
              "Startup Cost": 44228.93,
              "Total Cost": 44228.94,
              "Plan Rows": 1,
              "Plan Width": 8,
              "Actual Startup Time": 145.662,
              "Actual Total Time": 145.663,
              "Actual Rows": 1,
              "Actual Loops": 4,
              "Plans": [
                {
                  "Node Type": "Seq Scan",
                  "Parent Relationship": "Outer",
                  "Parallel Aware": true,
                  "Relation Name": "movie_keyword",
                  "Alias": "mk",
                  "Startup Cost": 0.0,
                  "Total Cost": 42695.65,
                  "Plan Rows": 613309,
                  "Plan Width": 0,
                  "Actual Startup Time": 1.045,
                  "Actual Total Time": 121.088,
                  "Actual Rows": 476412,
                  "Actual Loops": 4,
                  "Filter": "(keyword_id > 7087)",
                  "Rows Removed by Filter": 654570
                }
              ]
            }
          ]
        }
      ]
    },
    "Planning Time": 0.179,
    "Triggers": [],
    "Execution Time": 162.47
  }
]