[
  {
    "Plan": {
      "Node Type": "Aggregate",
      "Strategy": "Plain",
      "Partial Mode": "Finalize",
      "Parallel Aware": false,
      "Startup Cost": 345600.79,
      "Total Cost": 345600.8,
      "Plan Rows": 1,
      "Plan Width": 8,
      "Actual Startup Time": 391.042,
      "Actual Total Time": 427.44,
      "Actual Rows": 1,
      "Actual Loops": 1,
      "Plans": [
        {
          "Node Type": "Gather",
          "Parent Relationship": "Outer",
          "Parallel Aware": false,
          "Startup Cost": 345600.17,
          "Total Cost": 345600.78,
          "Plan Rows": 6,
          "Plan Width": 8,
          "Actual Startup Time": 390.913,
          "Actual Total Time": 427.426,
          "Actual Rows": 7,
          "Actual Loops": 1,
          "Workers Planned": 6,
          "Workers Launched": 6,
          "Single Copy": false,
          "Plans": [
            {
              "Node Type": "Aggregate",
              "Strategy": "Plain",
              "Partial Mode": "Partial",
              "Parent Relationship": "Outer",
              "Parallel Aware": false,
              "Startup Cost": 344600.17,
              "Total Cost": 344600.18,
              "Plan Rows": 1,
              "Plan Width": 8,
              "Actual Startup Time": 383.531,
              "Actual Total Time": 383.532,
              "Actual Rows": 1,
              "Actual Loops": 7,
              "Plans": [
                {
                  "Node Type": "Index Scan",
                  "Parent Relationship": "Outer",
                  "Parallel Aware": true,
                  "Scan Direction": "Forward",
                  "Index Name": "role_id_cast_info",
                  "Relation Name": "cast_info",
                  "Alias": "ci",
                  "Startup Cost": 0.56,
                  "Total Cost": 341155.22,
                  "Plan Rows": 1377980,
                  "Plan Width": 0,
                  "Actual Startup Time": 263.528,
                  "Actual Total Time": 361.565,
                  "Actual Rows": 491121,
                  "Actual Loops": 7,
                  "Index Cond": "(role_id = 1)",
                  "Rows Removed by Index Recheck": 0,
                  "Filter": "(person_id > 1260022)",
                  "Rows Removed by Filter": 1318978
                }
              ]
            }
          ]
        }
      ]
    },
    "Planning Time": 0.086,
    "Triggers": [],
    "Execution Time": 427.484
  }
]