[
  {
    "Plan": {
      "Node Type": "Aggregate",
      "Strategy": "Plain",
      "Partial Mode": "Finalize",
      "Parallel Aware": false,
      "Startup Cost": 249837.29,
      "Total Cost": 249837.3,
      "Plan Rows": 1,
      "Plan Width": 8,
      "Actual Startup Time": 1020.682,
      "Actual Total Time": 1061.821,
      "Actual Rows": 1,
      "Actual Loops": 1,
      "Plans": [
        {
          "Node Type": "Gather",
          "Parent Relationship": "Outer",
          "Parallel Aware": false,
          "Startup Cost": 249836.77,
          "Total Cost": 249837.28,
          "Plan Rows": 5,
          "Plan Width": 8,
          "Actual Startup Time": 1017.028,
          "Actual Total Time": 1061.811,
          "Actual Rows": 6,
          "Actual Loops": 1,
          "Workers Planned": 5,
          "Workers Launched": 5,
          "Single Copy": false,
          "Plans": [
            {
              "Node Type": "Aggregate",
              "Strategy": "Plain",
              "Partial Mode": "Partial",
              "Parent Relationship": "Outer",
              "Parallel Aware": false,
              "Startup Cost": 248836.77,
              "Total Cost": 248836.78,
              "Plan Rows": 1,
              "Plan Width": 8,
              "Actual Startup Time": 1007.181,
              "Actual Total Time": 1007.185,
              "Actual Rows": 1,
              "Actual Loops": 6,
              "Plans": [
                {
                  "Node Type": "Hash Join",
                  "Parent Relationship": "Outer",
                  "Parallel Aware": true,
                  "Join Type": "Inner",
                  "Startup Cost": 47478.99,
                  "Total Cost": 246958.39,
                  "Plan Rows": 751352,
                  "Plan Width": 0,
                  "Actual Startup Time": 148.274,
                  "Actual Total Time": 946.402,
                  "Actual Rows": 1375397,
                  "Actual Loops": 6,
                  "Inner Unique": true,
                  "Hash Cond": "(mi.movie_id = t.id)",
                  "Plans": [
                    {
                      "Node Type": "Seq Scan",
                      "Parent Relationship": "Outer",
                      "Parallel Aware": true,
                      "Relation Name": "movie_info",
                      "Alias": "mi",
                      "Startup Cost": 0.0,
                      "Total Cost": 191685.19,
                      "Plan Rows": 2969219,
                      "Plan Width": 4,
                      "Actual Startup Time": 0.027,
                      "Actual Total Time": 285.081,
                      "Actual Rows": 2472620,
                      "Actual Loops": 6
                    },
                    {
                      "Node Type": "Hash",
                      "Parent Relationship": "Inner",
                      "Parallel Aware": true,
                      "Startup Cost": 45479.59,
                      "Total Cost": 45479.59,
                      "Plan Rows": 159952,
                      "Plan Width": 4,
                      "Actual Startup Time": 132.054,
                      "Actual Total Time": 132.054,
                      "Actual Rows": 108849,
                      "Actual Loops": 6,
                      "Hash Buckets": 1048576,
                      "Original Hash Buckets": 1048576,
                      "Hash Batches": 1,
                      "Original Hash Batches": 1,
                      "Peak Memory Usage": 33824,
                      "Plans": [
                        {
                          "Node Type": "Seq Scan",
                          "Parent Relationship": "Outer",
                          "Parallel Aware": true,
                          "Relation Name": "title",
                          "Alias": "t",
                          "Startup Cost": 0.0,
                          "Total Cost": 45479.59,
                          "Plan Rows": 159952,
                          "Plan Width": 4,
                          "Actual Startup Time": 46.407,
                          "Actual Total Time": 88.895,
                          "Actual Rows": 108849,
                          "Actual Loops": 6,
                          "Filter": "((production_year < 2014) AND (kind_id = 1))",
                          "Rows Removed by Filter": 312536
                        }
                      ]
                    }
                  ]
                }
              ]
            }
          ]
        }
      ]
    },
    "Planning Time": 0.471,
    "Triggers": [],
    "Execution Time": 1061.881
  }
]