{
  "Plan": {
    "Node Type": "Aggregate",
    "Strategy": "Plain",
    "Partial Mode": "Finalize",
    "Parallel Aware": false,
    "Startup Cost": 43169.04,
    "Total Cost": 43169.05,
    "Plan Rows": 1,
    "Plan Width": 8,
    "Actual Startup Time": 83.544,
    "Actual Total Time": 94.187,
    "Actual Rows": 1,
    "Actual Loops": 1,
    "Plans": [
      {
        "Node Type": "Gather",
        "Parent Relationship": "Outer",
        "Parallel Aware": false,
        "Startup Cost": 43168.93,
        "Total Cost": 43169.04,
        "Plan Rows": 1,
        "Plan Width": 8,
        "Actual Startup Time": 83.456,
        "Actual Total Time": 94.181,
        "Actual Rows": 2,
        "Actual Loops": 1,
        "Workers Planned": 1,
        "Workers Launched": 1,
        "Single Copy": false,
        "Plans": [
          {
            "Node Type": "Aggregate",
            "Strategy": "Plain",
            "Partial Mode": "Partial",
            "Parent Relationship": "Outer",
            "Parallel Aware": false,
            "Startup Cost": 42168.93,
            "Total Cost": 42168.94,
            "Plan Rows": 1,
            "Plan Width": 8,
            "Actual Startup Time": 77.331,
            "Actual Total Time": 77.333,
            "Actual Rows": 1,
            "Actual Loops": 2,
            "Plans": [
              {
                "Node Type": "Nested Loop",
                "Parent Relationship": "Outer",
                "Parallel Aware": false,
                "Join Type": "Inner",
                "Startup Cost": 124.43,
                "Total Cost": 42121.07,
                "Plan Rows": 19145,
                "Plan Width": 0,
                "Actual Startup Time": 2.679,
                "Actual Total Time": 75.481,
                "Actual Rows": 23629,
                "Actual Loops": 2,
                "Inner Unique": false,
                "Plans": [
                  {
                    "Node Type": "Nested Loop",
                    "Parent Relationship": "Outer",
                    "Parallel Aware": false,
                    "Join Type": "Inner",
                    "Startup Cost": 124.0,
                    "Total Cost": 35795.59,
                    "Plan Rows": 3274,
                    "Plan Width": 8,
                    "Actual Startup Time": 2.549,
                    "Actual Total Time": 27.631,
                    "Actual Rows": 2838,
                    "Actual Loops": 2,
                    "Inner Unique": true,
                    "Plans": [
                      {
                        "Node Type": "Bitmap Heap Scan",
                        "Parent Relationship": "Outer",
                        "Parallel Aware": true,
                        "Relation Name": "movie_companies",
                        "Alias": "mc",
                        "Startup Cost": 123.57,
                        "Total Cost": 12168.92,
                        "Plan Rows": 3274,
                        "Plan Width": 4,
                        "Actual Startup Time": 2.393,
                        "Actual Total Time": 7.816,
                        "Actual Rows": 2838,
                        "Actual Loops": 2,
                        "Recheck Cond": "(company_id = 73)",
                        "Rows Removed by Index Recheck": 0,
                        "Exact Heap Blocks": 1912,
                        "Lossy Heap Blocks": 0,
                        "Plans": [
                          {
                            "Node Type": "Bitmap Index Scan",
                            "Parent Relationship": "Outer",
                            "Parallel Aware": false,
                            "Index Name": "company_id_movie_companies",
                            "Startup Cost": 0.0,
                            "Total Cost": 122.18,
                            "Plan Rows": 5566,
                            "Plan Width": 0,
                            "Actual Startup Time": 3.354,
                            "Actual Total Time": 3.355,
                            "Actual Rows": 5677,
                            "Actual Loops": 1,
                            "Index Cond": "(company_id = 73)"
                          }
                        ]
                      },
                      {
                        "Node Type": "Index Only Scan",
                        "Parent Relationship": "Inner",
                        "Parallel Aware": false,
                        "Scan Direction": "Forward",
                        "Index Name": "title_pkey",
                        "Relation Name": "title",
                        "Alias": "t",
                        "Startup Cost": 0.43,
                        "Total Cost": 7.22,
                        "Plan Rows": 1,
                        "Plan Width": 4,
                        "Actual Startup Time": 0.006,
                        "Actual Total Time": 0.006,
                        "Actual Rows": 1,
                        "Actual Loops": 5677,
                        "Index Cond": "(id = mc.movie_id)",
                        "Rows Removed by Index Recheck": 0,
                        "Heap Fetches": 5677
                      }
                    ]
                  },
                  {
                    "Node Type": "Index Only Scan",
                    "Parent Relationship": "Inner",
                    "Parallel Aware": false,
                    "Scan Direction": "Forward",
                    "Index Name": "movie_id_movie_info",
                    "Relation Name": "movie_info",
                    "Alias": "mi",
                    "Startup Cost": 0.43,
                    "Total Cost": 1.51,
                    "Plan Rows": 42,
                    "Plan Width": 4,
                    "Actual Startup Time": 0.006,
                    "Actual Total Time": 0.016,
                    "Actual Rows": 8,
                    "Actual Loops": 5677,
                    "Index Cond": "(movie_id = t.id)",
                    "Rows Removed by Index Recheck": 0,
                    "Heap Fetches": 47258
                  }
                ]
              }
            ]
          }
        ]
      }
    ]
  },
  "Planning Time": 0.917,
  "Triggers": [],
  "Execution Time": 94.278
}