{
  "Plan": {
    "Node Type": "Aggregate",
    "Strategy": "Plain",
    "Partial Mode": "Simple",
    "Parallel Aware": false,
    "Startup Cost": 79395.68,
    "Total Cost": 79395.69,
    "Plan Rows": 1,
    "Plan Width": 8,
    "Actual Startup Time": 124.601,
    "Actual Total Time": 133.285,
    "Actual Rows": 1,
    "Actual Loops": 1,
    "Plans": [
      {
        "Node Type": "Gather",
        "Parent Relationship": "Outer",
        "Parallel Aware": false,
        "Startup Cost": 55152.13,
        "Total Cost": 79395.67,
        "Plan Rows": 1,
        "Plan Width": 0,
        "Actual Startup Time": 120.437,
        "Actual Total Time": 133.278,
        "Actual Rows": 1,
        "Actual Loops": 1,
        "Workers Planned": 1,
        "Workers Launched": 1,
        "Single Copy": false,
        "Plans": [
          {
            "Node Type": "Nested Loop",
            "Parent Relationship": "Outer",
            "Parallel Aware": false,
            "Join Type": "Inner",
            "Startup Cost": 54152.13,
            "Total Cost": 78395.57,
            "Plan Rows": 1,
            "Plan Width": 0,
            "Actual Startup Time": 116.239,
            "Actual Total Time": 118.193,
            "Actual Rows": 0,
            "Actual Loops": 2,
            "Inner Unique": false,
            "Join Filter": "(t.id = mc.movie_id)",
            "Rows Removed by Join Filter": 0,
            "Plans": [
              {
                "Node Type": "Hash Join",
                "Parent Relationship": "Outer",
                "Parallel Aware": true,
                "Join Type": "Inner",
                "Startup Cost": 54151.7,
                "Total Cost": 78081.73,
                "Plan Rows": 49,
                "Plan Width": 8,
                "Actual Startup Time": 101.372,
                "Actual Total Time": 116.473,
                "Actual Rows": 129,
                "Actual Loops": 2,
                "Inner Unique": true,
                "Hash Cond": "(mk.movie_id = t.id)",
                "Plans": [
                  {
                    "Node Type": "Bitmap Heap Scan",
                    "Parent Relationship": "Outer",
                    "Parallel Aware": true,
                    "Relation Name": "movie_keyword",
                    "Alias": "mk",
                    "Startup Cost": 389.85,
                    "Total Cost": 24291.7,
                    "Plan Rows": 10734,
                    "Plan Width": 4,
                    "Actual Startup Time": 4.134,
                    "Actual Total Time": 18.667,
                    "Actual Rows": 10261,
                    "Actual Loops": 2,
                    "Recheck Cond": "(keyword_id = 382)",
                    "Rows Removed by Index Recheck": 0,
                    "Exact Heap Blocks": 8827,
                    "Lossy Heap Blocks": 0,
                    "Plans": [
                      {
                        "Node Type": "Bitmap Index Scan",
                        "Parent Relationship": "Outer",
                        "Parallel Aware": false,
                        "Index Name": "keyword_id_movie_keyword",
                        "Startup Cost": 0.0,
                        "Total Cost": 385.28,
                        "Plan Rows": 18247,
                        "Plan Width": 0,
                        "Actual Startup Time": 2.576,
                        "Actual Total Time": 2.576,
                        "Actual Rows": 20522,
                        "Actual Loops": 1,
                        "Index Cond": "(keyword_id = 382)"
                      }
                    ]
                  },
                  {
                    "Node Type": "Hash",
                    "Parent Relationship": "Inner",
                    "Parallel Aware": true,
                    "Startup Cost": 53676.03,
                    "Total Cost": 53676.03,
                    "Plan Rows": 6866,
                    "Plan Width": 4,
                    "Actual Startup Time": 95.532,
                    "Actual Total Time": 95.533,
                    "Actual Rows": 3538,
                    "Actual Loops": 2,
                    "Hash Buckets": 16384,
                    "Original Hash Buckets": 16384,
                    "Hash Batches": 1,
                    "Original Hash Batches": 1,
                    "Peak Memory Usage": 448,
                    "Plans": [
                      {
                        "Node Type": "Bitmap Heap Scan",
                        "Parent Relationship": "Outer",
                        "Parallel Aware": true,
                        "Relation Name": "title",
                        "Alias": "t",
                        "Startup Cost": 11825.77,
                        "Total Cost": 53676.03,
                        "Plan Rows": 6866,
                        "Plan Width": 4,
                        "Actual Startup Time": 38.573,
                        "Actual Total Time": 94.282,
                        "Actual Rows": 3538,
                        "Actual Loops": 2,
                        "Recheck Cond": "(kind_id = 1)",
                        "Rows Removed by Index Recheck": 0,
                        "Filter": "(production_year = 1998)",
                        "Rows Removed by Filter": 327875,
                        "Exact Heap Blocks": 9661,
                        "Lossy Heap Blocks": 0,
                        "Plans": [
                          {
                            "Node Type": "Bitmap Index Scan",
                            "Parent Relationship": "Outer",
                            "Parallel Aware": false,
                            "Index Name": "kind_id_title",
                            "Startup Cost": 0.0,
                            "Total Cost": 11822.85,
                            "Plan Rows": 663256,
                            "Plan Width": 0,
                            "Actual Startup Time": 40.676,
                            "Actual Total Time": 40.677,
                            "Actual Rows": 662825,
                            "Actual Loops": 1,
                            "Index Cond": "(kind_id = 1)"
                          }
                        ]
                      }
                    ]
                  }
                ]
              },
              {
                "Node Type": "Index Scan",
                "Parent Relationship": "Inner",
                "Parallel Aware": false,
                "Scan Direction": "Forward",
                "Index Name": "movie_id_movie_companies",
                "Relation Name": "movie_companies",
                "Alias": "mc",
                "Startup Cost": 0.43,
                "Total Cost": 6.39,
                "Plan Rows": 1,
                "Plan Width": 4,
                "Actual Startup Time": 0.013,
                "Actual Total Time": 0.013,
                "Actual Rows": 0,
                "Actual Loops": 258,
                "Index Cond": "(movie_id = mk.movie_id)",
                "Rows Removed by Index Recheck": 0,
                "Filter": "((company_type_id = 1) AND (company_id = 27))",
                "Rows Removed by Filter": 8
              }
            ]
          }
        ]
      }
    ]
  },
  "Planning Time": 1.065,
  "Triggers": [],
  "Execution Time": 133.39
}