{
  "Plan": {
    "Node Type": "Aggregate",
    "Strategy": "Plain",
    "Partial Mode": "Finalize",
    "Parallel Aware": false,
    "Startup Cost": 435062.84,
    "Total Cost": 435062.85,
    "Plan Rows": 1,
    "Plan Width": 8,
    "Actual Startup Time": 1097.204,
    "Actual Total Time": 1150.298,
    "Actual Rows": 1,
    "Actual Loops": 1,
    "Plans": [
      {
        "Node Type": "Gather",
        "Parent Relationship": "Outer",
        "Parallel Aware": false,
        "Startup Cost": 435062.73,
        "Total Cost": 435062.84,
        "Plan Rows": 1,
        "Plan Width": 8,
        "Actual Startup Time": 1096.673,
        "Actual Total Time": 1150.288,
        "Actual Rows": 2,
        "Actual Loops": 1,
        "Workers Planned": 1,
        "Workers Launched": 1,
        "Single Copy": false,
        "Plans": [
          {
            "Node Type": "Aggregate",
            "Strategy": "Plain",
            "Partial Mode": "Partial",
            "Parent Relationship": "Outer",
            "Parallel Aware": false,
            "Startup Cost": 434062.73,
            "Total Cost": 434062.74,
            "Plan Rows": 1,
            "Plan Width": 8,
            "Actual Startup Time": 1090.141,
            "Actual Total Time": 1090.145,
            "Actual Rows": 1,
            "Actual Loops": 2,
            "Plans": [
              {
                "Node Type": "Nested Loop",
                "Parent Relationship": "Outer",
                "Parallel Aware": false,
                "Join Type": "Inner",
                "Startup Cost": 115155.09,
                "Total Cost": 434030.62,
                "Plan Rows": 12841,
                "Plan Width": 0,
                "Actual Startup Time": 310.627,
                "Actual Total Time": 1083.776,
                "Actual Rows": 105804,
                "Actual Loops": 2,
                "Inner Unique": false,
                "Join Filter": "(t.id = mi.movie_id)",
                "Rows Removed by Join Filter": 0,
                "Plans": [
                  {
                    "Node Type": "Hash Join",
                    "Parent Relationship": "Outer",
                    "Parallel Aware": true,
                    "Join Type": "Inner",
                    "Startup Cost": 115154.65,
                    "Total Cost": 390610.3,
                    "Plan Rows": 26111,
                    "Plan Width": 8,
                    "Actual Startup Time": 310.463,
                    "Actual Total Time": 626.024,
                    "Actual Rows": 19208,
                    "Actual Loops": 2,
                    "Inner Unique": true,
                    "Hash Cond": "(ci.movie_id = t.id)",
                    "Plans": [
                      {
                        "Node Type": "Bitmap Heap Scan",
                        "Parent Relationship": "Outer",
                        "Parallel Aware": true,
                        "Relation Name": "cast_info",
                        "Alias": "ci",
                        "Startup Cost": 56525.74,
                        "Total Cost": 328029.79,
                        "Plan Rows": 1505364,
                        "Plan Width": 4,
                        "Actual Startup Time": 155.132,
                        "Actual Total Time": 299.875,
                        "Actual Rows": 1299989,
                        "Actual Loops": 2,
                        "Recheck Cond": "(person_id < 250247)",
                        "Rows Removed by Index Recheck": 0,
                        "Exact Heap Blocks": 17436,
                        "Lossy Heap Blocks": 0,
                        "Plans": [
                          {
                            "Node Type": "Bitmap Index Scan",
                            "Parent Relationship": "Outer",
                            "Parallel Aware": false,
                            "Index Name": "person_id_cast_info",
                            "Startup Cost": 0.0,
                            "Total Cost": 55885.96,
                            "Plan Rows": 2559119,
                            "Plan Width": 0,
                            "Actual Startup Time": 148.652,
                            "Actual Total Time": 148.653,
                            "Actual Rows": 2599978,
                            "Actual Loops": 1,
                            "Index Cond": "(person_id < 250247)"
                          }
                        ]
                      },
                      {
                        "Node Type": "Hash",
                        "Parent Relationship": "Inner",
                        "Parallel Aware": true,
                        "Startup Cost": 58306.47,
                        "Total Cost": 58306.47,
                        "Plan Rows": 25796,
                        "Plan Width": 4,
                        "Actual Startup Time": 154.243,
                        "Actual Total Time": 154.244,
                        "Actual Rows": 16952,
                        "Actual Loops": 2,
                        "Hash Buckets": 65536,
                        "Original Hash Buckets": 65536,
                        "Hash Batches": 1,
                        "Original Hash Batches": 1,
                        "Peak Memory Usage": 1856,
                        "Plans": [
                          {
                            "Node Type": "Seq Scan",
                            "Parent Relationship": "Outer",
                            "Parallel Aware": true,
                            "Relation Name": "title",
                            "Alias": "t",
                            "Startup Cost": 0.0,
                            "Total Cost": 58306.47,
                            "Plan Rows": 25796,
                            "Plan Width": 4,
                            "Actual Startup Time": 0.204,
                            "Actual Total Time": 148.802,
                            "Actual Rows": 16952,
                            "Actual Loops": 2,
                            "Filter": "((kind_id < 7) AND (production_year = 2006))",
                            "Rows Removed by Filter": 1247204
                          }
                        ]
                      }
                    ]
                  },
                  {
                    "Node Type": "Index Scan",
                    "Parent Relationship": "Inner",
                    "Parallel Aware": false,
                    "Scan Direction": "Forward",
                    "Index Name": "movie_id_movie_info",
                    "Relation Name": "movie_info",
                    "Alias": "mi",
                    "Startup Cost": 0.43,
                    "Total Cost": 1.61,
                    "Plan Rows": 4,
                    "Plan Width": 4,
                    "Actual Startup Time": 0.018,
                    "Actual Total Time": 0.023,
                    "Actual Rows": 6,
                    "Actual Loops": 38417,
                    "Index Cond": "(movie_id = ci.movie_id)",
                    "Rows Removed by Index Recheck": 0,
                    "Filter": "(info_type_id > 18)",
                    "Rows Removed by Filter": 23
                  }
                ]
              }
            ]
          }
        ]
      }
    ]
  },
  "Planning Time": 1.015,
  "Triggers": [],
  "Execution Time": 1150.426
}