[
  {
    "Plan": {
      "Node Type": "Aggregate",
      "Strategy": "Plain",
      "Partial Mode": "Simple",
      "Parallel Aware": false,
      "Startup Cost": 26981.97,
      "Total Cost": 26981.98,
      "Plan Rows": 1,
      "Plan Width": 8,
      "Actual Startup Time": 58.557,
      "Actual Total Time": 58.558,
      "Actual Rows": 1,
      "Actual Loops": 1,
      "Plans": [
        {
          "Node Type": "Bitmap Heap Scan",
          "Parent Relationship": "Outer",
          "Parallel Aware": false,
          "Relation Name": "movie_keyword",
          "Alias": "mk",
          "Startup Cost": 1481.24,
          "Total Cost": 26807.52,
          "Plan Rows": 69782,
          "Plan Width": 0,
          "Actual Startup Time": 13.667,
          "Actual Total Time": 53.779,
          "Actual Rows": 69915,
          "Actual Loops": 1,
          "Recheck Cond": "(keyword_id > 91242)",
          "Rows Removed by Index Recheck": 0,
          "Exact Heap Blocks": 14860,
          "Lossy Heap Blocks": 0,
          "Plans": [
            {
              "Node Type": "Bitmap Index Scan",
              "Parent Relationship": "Outer",
              "Parallel Aware": false,
              "Index Name": "keyword_id_movie_keyword",
              "Startup Cost": 0.0,
              "Total Cost": 1463.8,
              "Plan Rows": 69782,
              "Plan Width": 0,
              "Actual Startup Time": 9.314,
              "Actual Total Time": 9.315,
              "Actual Rows": 69915,
              "Actual Loops": 1,
              "Index Cond": "(keyword_id > 91242)"
            }
          ]
        }
      ]
    },
    "Planning Time": 0.192,
    "Triggers": [],
    "Execution Time": 58.604
  }
]