{
  "Plan": {
    "Node Type": "Aggregate",
    "Strategy": "Plain",
    "Partial Mode": "Finalize",
    "Parallel Aware": false,
    "Startup Cost": 106008.72,
    "Total Cost": 106008.73,
    "Plan Rows": 1,
    "Plan Width": 8,
    "Actual Startup Time": 615.986,
    "Actual Total Time": 633.452,
    "Actual Rows": 1,
    "Actual Loops": 1,
    "Plans": [
      {
        "Node Type": "Gather",
        "Parent Relationship": "Outer",
        "Parallel Aware": false,
        "Startup Cost": 106008.61,
        "Total Cost": 106008.72,
        "Plan Rows": 1,
        "Plan Width": 8,
        "Actual Startup Time": 611.003,
        "Actual Total Time": 633.443,
        "Actual Rows": 2,
        "Actual Loops": 1,
        "Workers Planned": 1,
        "Workers Launched": 1,
        "Single Copy": false,
        "Plans": [
          {
            "Node Type": "Aggregate",
            "Strategy": "Plain",
            "Partial Mode": "Partial",
            "Parent Relationship": "Outer",
            "Parallel Aware": false,
            "Startup Cost": 105008.61,
            "Total Cost": 105008.62,
            "Plan Rows": 1,
            "Plan Width": 8,
            "Actual Startup Time": 603.244,
            "Actual Total Time": 603.248,
            "Actual Rows": 1,
            "Actual Loops": 2,
            "Plans": [
              {
                "Node Type": "Hash Join",
                "Parent Relationship": "Outer",
                "Parallel Aware": true,
                "Join Type": "Inner",
                "Startup Cost": 77078.89,
                "Total Cost": 104595.13,
                "Plan Rows": 165392,
                "Plan Width": 0,
                "Actual Startup Time": 476.032,
                "Actual Total Time": 595.991,
                "Actual Rows": 170280,
                "Actual Loops": 2,
                "Inner Unique": true,
                "Hash Cond": "(mk.movie_id = t.id)",
                "Plans": [
                  {
                    "Node Type": "Bitmap Heap Scan",
                    "Parent Relationship": "Outer",
                    "Parallel Aware": true,
                    "Relation Name": "movie_keyword",
                    "Alias": "mk",
                    "Startup Cost": 7303.87,
                    "Total Cost": 34288.64,
                    "Plan Rows": 202462,
                    "Plan Width": 4,
                    "Actual Startup Time": 21.457,
                    "Actual Total Time": 80.611,
                    "Actual Rows": 181048,
                    "Actual Loops": 2,
                    "Recheck Cond": "(keyword_id < 333)",
                    "Rows Removed by Index Recheck": 0,
                    "Exact Heap Blocks": 13704,
                    "Lossy Heap Blocks": 0,
                    "Plans": [
                      {
                        "Node Type": "Bitmap Index Scan",
                        "Parent Relationship": "Outer",
                        "Parallel Aware": false,
                        "Index Name": "keyword_id_movie_keyword",
                        "Startup Cost": 0.0,
                        "Total Cost": 7217.82,
                        "Plan Rows": 344185,
                        "Plan Width": 0,
                        "Actual Startup Time": 17.894,
                        "Actual Total Time": 17.894,
                        "Actual Rows": 362095,
                        "Actual Loops": 1,
                        "Index Cond": "(keyword_id < 333)"
                      }
                    ]
                  },
                  {
                    "Node Type": "Hash",
                    "Parent Relationship": "Inner",
                    "Parallel Aware": true,
                    "Startup Cost": 54588.39,
                    "Total Cost": 54588.39,
                    "Plan Rows": 1214931,
                    "Plan Width": 4,
                    "Actual Startup Time": 439.96,
                    "Actual Total Time": 439.961,
                    "Actual Rows": 1032276,
                    "Actual Loops": 2,
                    "Hash Buckets": 2097152,
                    "Original Hash Buckets": 2097152,
                    "Hash Batches": 1,
                    "Original Hash Batches": 1,
                    "Peak Memory Usage": 97184,
                    "Plans": [
                      {
                        "Node Type": "Seq Scan",
                        "Parent Relationship": "Outer",
                        "Parallel Aware": true,
                        "Relation Name": "title",
                        "Alias": "t",
                        "Startup Cost": 0.0,
                        "Total Cost": 54588.39,
                        "Plan Rows": 1214931,
                        "Plan Width": 4,
                        "Actual Startup Time": 0.027,
                        "Actual Total Time": 178.904,
                        "Actual Rows": 1032276,
                        "Actual Loops": 2,
                        "Filter": "(production_year < 2011)",
                        "Rows Removed by Filter": 231880
                      }
                    ]
                  }
                ]
              }
            ]
          }
        ]
      }
    ]
  },
  "Planning Time": 0.689,
  "Triggers": [],
  "Execution Time": 633.544
}