[
  {
    "Plan": {
      "Node Type": "Aggregate",
      "Strategy": "Plain",
      "Partial Mode": "Finalize",
      "Parallel Aware": false,
      "Startup Cost": 336294.27,
      "Total Cost": 336294.28,
      "Plan Rows": 1,
      "Plan Width": 8,
      "Actual Startup Time": 736.846,
      "Actual Total Time": 782.655,
      "Actual Rows": 1,
      "Actual Loops": 1,
      "Plans": [
        {
          "Node Type": "Gather",
          "Parent Relationship": "Outer",
          "Parallel Aware": false,
          "Startup Cost": 336293.65,
          "Total Cost": 336294.26,
          "Plan Rows": 6,
          "Plan Width": 8,
          "Actual Startup Time": 736.622,
          "Actual Total Time": 782.633,
          "Actual Rows": 7,
          "Actual Loops": 1,
          "Workers Planned": 6,
          "Workers Launched": 6,
          "Single Copy": false,
          "Plans": [
            {
              "Node Type": "Aggregate",
              "Strategy": "Plain",
              "Partial Mode": "Partial",
              "Parent Relationship": "Outer",
              "Parallel Aware": false,
              "Startup Cost": 335293.65,
              "Total Cost": 335293.66,
              "Plan Rows": 1,
              "Plan Width": 8,
              "Actual Startup Time": 729.191,
              "Actual Total Time": 729.192,
              "Actual Rows": 1,
              "Actual Loops": 7,
              "Plans": [
                {
                  "Node Type": "Seq Scan",
                  "Parent Relationship": "Outer",
                  "Parallel Aware": true,
                  "Relation Name": "cast_info",
                  "Alias": "ci",
                  "Startup Cost": 0.0,
                  "Total Cost": 328211.39,
                  "Plan Rows": 2832903,
                  "Plan Width": 0,
                  "Actual Startup Time": 220.692,
                  "Actual Total Time": 612.679,
                  "Actual Rows": 2399304,
                  "Actual Loops": 7,
                  "Filter": "(person_id > 1946700)",
                  "Rows Removed by Filter": 2778459
                }
              ]
            }
          ]
        }
      ]
    },
    "Planning Time": 0.104,
    "Triggers": [],
    "Execution Time": 782.703
  }
]