[
  {
    "Plan": {
      "Node Type": "Aggregate",
      "Strategy": "Plain",
      "Partial Mode": "Finalize",
      "Parallel Aware": false,
      "Startup Cost": 376739.89,
      "Total Cost": 376739.9,
      "Plan Rows": 1,
      "Plan Width": 8,
      "Actual Startup Time": 1114.381,
      "Actual Total Time": 1168.301,
      "Actual Rows": 1,
      "Actual Loops": 1,
      "Plans": [
        {
          "Node Type": "Gather",
          "Parent Relationship": "Outer",
          "Parallel Aware": false,
          "Startup Cost": 376739.26,
          "Total Cost": 376739.87,
          "Plan Rows": 6,
          "Plan Width": 8,
          "Actual Startup Time": 1113.853,
          "Actual Total Time": 1168.288,
          "Actual Rows": 7,
          "Actual Loops": 1,
          "Workers Planned": 6,
          "Workers Launched": 6,
          "Single Copy": false,
          "Plans": [
            {
              "Node Type": "Aggregate",
              "Strategy": "Plain",
              "Partial Mode": "Partial",
              "Parent Relationship": "Outer",
              "Parallel Aware": false,
              "Startup Cost": 375739.26,
              "Total Cost": 375739.27,
              "Plan Rows": 1,
              "Plan Width": 8,
              "Actual Startup Time": 1105.958,
              "Actual Total Time": 1105.962,
              "Actual Rows": 1,
              "Actual Loops": 7,
              "Plans": [
                {
                  "Node Type": "Hash Join",
                  "Parent Relationship": "Outer",
                  "Parallel Aware": true,
                  "Join Type": "Inner",
                  "Startup Cost": 45923.66,
                  "Total Cost": 374890.32,
                  "Plan Rows": 339578,
                  "Plan Width": 0,
                  "Actual Startup Time": 78.56,
                  "Actual Total Time": 1104.302,
                  "Actual Rows": 28418,
                  "Actual Loops": 7,
                  "Inner Unique": true,
                  "Hash Cond": "(ci.movie_id = t.id)",
                  "Plans": [
                    {
                      "Node Type": "Seq Scan",
                      "Parent Relationship": "Outer",
                      "Parallel Aware": true,
                      "Relation Name": "cast_info",
                      "Alias": "ci",
                      "Startup Cost": 0.0,
                      "Total Cost": 313106.51,
                      "Plan Rows": 6041951,
                      "Plan Width": 4,
                      "Actual Startup Time": 0.032,
                      "Actual Total Time": 517.614,
                      "Actual Rows": 5177763,
                      "Actual Loops": 7
                    },
                    {
                      "Node Type": "Hash",
                      "Parent Relationship": "Inner",
                      "Parallel Aware": true,
                      "Startup Cost": 45479.59,
                      "Total Cost": 45479.59,
                      "Plan Rows": 35526,
                      "Plan Width": 4,
                      "Actual Startup Time": 76.684,
                      "Actual Total Time": 76.685,
                      "Actual Rows": 3685,
                      "Actual Loops": 7,
                      "Hash Buckets": 262144,
                      "Original Hash Buckets": 262144,
                      "Hash Batches": 1,
                      "Original Hash Batches": 1,
                      "Peak Memory Usage": 3168,
                      "Plans": [
                        {
                          "Node Type": "Seq Scan",
                          "Parent Relationship": "Outer",
                          "Parallel Aware": true,
                          "Relation Name": "title",
                          "Alias": "t",
                          "Startup Cost": 0.0,
                          "Total Cost": 45479.59,
                          "Plan Rows": 35526,
                          "Plan Width": 4,
                          "Actual Startup Time": 0.091,
                          "Actual Total Time": 73.978,
                          "Actual Rows": 3685,
                          "Actual Loops": 7,
                          "Filter": "((kind_id > 1) AND (production_year < 1956))",
                          "Rows Removed by Filter": 357502
                        }
                      ]
                    }
                  ]
                }
              ]
            }
          ]
        }
      ]
    },
    "Planning Time": 0.221,
    "Triggers": [],
    "Execution Time": 1168.348
  }
]