{
  "Plan": {
    "Node Type": "Aggregate",
    "Strategy": "Plain",
    "Partial Mode": "Finalize",
    "Parallel Aware": false,
    "Startup Cost": 837711.77,
    "Total Cost": 837711.78,
    "Plan Rows": 1,
    "Plan Width": 8,
    "Actual Startup Time": 3890.66,
    "Actual Total Time": 3948.223,
    "Actual Rows": 1,
    "Actual Loops": 1,
    "Plans": [
      {
        "Node Type": "Gather",
        "Parent Relationship": "Outer",
        "Parallel Aware": false,
        "Startup Cost": 837711.65,
        "Total Cost": 837711.76,
        "Plan Rows": 1,
        "Plan Width": 8,
        "Actual Startup Time": 3765.068,
        "Actual Total Time": 3948.205,
        "Actual Rows": 2,
        "Actual Loops": 1,
        "Workers Planned": 1,
        "Workers Launched": 1,
        "Single Copy": false,
        "Plans": [
          {
            "Node Type": "Aggregate",
            "Strategy": "Plain",
            "Partial Mode": "Partial",
            "Parent Relationship": "Outer",
            "Parallel Aware": false,
            "Startup Cost": 836711.65,
            "Total Cost": 836711.66,
            "Plan Rows": 1,
            "Plan Width": 8,
            "Actual Startup Time": 3815.574,
            "Actual Total Time": 3815.582,
            "Actual Rows": 1,
            "Actual Loops": 2,
            "Plans": [
              {
                "Node Type": "Merge Join",
                "Parent Relationship": "Outer",
                "Parallel Aware": false,
                "Join Type": "Inner",
                "Startup Cost": 818123.29,
                "Total Cost": 835472.28,
                "Plan Rows": 495748,
                "Plan Width": 0,
                "Actual Startup Time": 3415.087,
                "Actual Total Time": 3782.478,
                "Actual Rows": 887940,
                "Actual Loops": 2,
                "Inner Unique": false,
                "Merge Cond": "(ci.movie_id = t.id)",
                "Plans": [
                  {
                    "Node Type": "Sort",
                    "Parent Relationship": "Outer",
                    "Parallel Aware": false,
                    "Startup Cost": 313910.01,
                    "Total Cost": 318338.59,
                    "Plan Rows": 1771432,
                    "Plan Width": 4,
                    "Actual Startup Time": 605.751,
                    "Actual Total Time": 700.502,
                    "Actual Rows": 1092695,
                    "Actual Loops": 2,
                    "Sort Key": [
                      "ci.movie_id"
                    ],
                    "Sort Method": "quicksort",
                    "Sort Space Used": 101031,
                    "Sort Space Type": "Memory",
                    "Workers": [
                      {
                        "Worker Number": 0,
                        "Sort Method": "quicksort",
                        "Sort Space Used": 99714,
                        "Sort Space Type": "Memory"
                      }
                    ],
                    "Plans": [
                      {
                        "Node Type": "Index Scan",
                        "Parent Relationship": "Outer",
                        "Parallel Aware": true,
                        "Scan Direction": "Forward",
                        "Index Name": "role_id_cast_info",
                        "Relation Name": "cast_info",
                        "Alias": "ci",
                        "Startup Cost": 0.56,
                        "Total Cost": 130066.5,
                        "Plan Rows": 1771432,
                        "Plan Width": 4,
                        "Actual Startup Time": 0.093,
                        "Actual Total Time": 327.146,
                        "Actual Rows": 1092695,
                        "Actual Loops": 2,
                        "Index Cond": "(role_id = 3)",
                        "Rows Removed by Index Recheck": 0,
                        "Filter": "(person_id < 2781340)",
                        "Rows Removed by Filter": 911324
                      }
                    ]
                  },
                  {
                    "Node Type": "Sort",
                    "Parent Relationship": "Inner",
                    "Parallel Aware": false,
                    "Startup Cost": 504213.1,
                    "Total Cost": 505982.0,
                    "Plan Rows": 707561,
                    "Plan Width": 8,
                    "Actual Startup Time": 2809.24,
                    "Actual Total Time": 2888.341,
                    "Actual Rows": 1686315,
                    "Actual Loops": 2,
                    "Sort Key": [
                      "mi.movie_id"
                    ],
                    "Sort Method": "quicksort",
                    "Sort Space Used": 114231,
                    "Sort Space Type": "Memory",
                    "Workers": [
                      {
                        "Worker Number": 0,
                        "Sort Method": "quicksort",
                        "Sort Space Used": 114231,
                        "Sort Space Type": "Memory"
                      }
                    ],
                    "Plans": [
                      {
                        "Node Type": "Hash Join",
                        "Parent Relationship": "Outer",
                        "Parallel Aware": false,
                        "Join Type": "Inner",
                        "Startup Cost": 72168.63,
                        "Total Cost": 435464.72,
                        "Plan Rows": 707561,
                        "Plan Width": 8,
                        "Actual Startup Time": 322.793,
                        "Actual Total Time": 2517.329,
                        "Actual Rows": 1388342,
                        "Actual Loops": 2,
                        "Inner Unique": true,
                        "Hash Cond": "(mi.movie_id = t.id)",
                        "Plans": [
                          {
                            "Node Type": "Seq Scan",
                            "Parent Relationship": "Outer",
                            "Parallel Aware": false,
                            "Relation Name": "movie_info",
                            "Alias": "mi",
                            "Startup Cost": 0.0,
                            "Total Cost": 346788.81,
                            "Plan Rows": 6288478,
                            "Plan Width": 4,
                            "Actual Startup Time": 60.914,
                            "Actual Total Time": 1242.215,
                            "Actual Rows": 6223494,
                            "Actual Loops": 2,
                            "Filter": "(info_type_id > 8)",
                            "Rows Removed by Filter": 8612226
                          },
                          {
                            "Node Type": "Hash",
                            "Parent Relationship": "Inner",
                            "Parallel Aware": false,
                            "Startup Cost": 68612.68,
                            "Total Cost": 68612.68,
                            "Plan Rows": 284476,
                            "Plan Width": 4,
                            "Actual Startup Time": 260.638,
                            "Actual Total Time": 260.64,
                            "Actual Rows": 401493,
                            "Actual Loops": 2,
                            "Hash Buckets": 524288,
                            "Original Hash Buckets": 524288,
                            "Hash Batches": 1,
                            "Original Hash Batches": 1,
                            "Peak Memory Usage": 18211,
                            "Plans": [
                              {
                                "Node Type": "Bitmap Heap Scan",
                                "Parent Relationship": "Outer",
                                "Parallel Aware": false,
                                "Relation Name": "title",
                                "Alias": "t",
                                "Startup Cost": 17743.26,
                                "Total Cost": 68612.68,
                                "Plan Rows": 284476,
                                "Plan Width": 4,
                                "Actual Startup Time": 35.572,
                                "Actual Total Time": 188.413,
                                "Actual Rows": 401493,
                                "Actual Loops": 2,
                                "Recheck Cond": "(kind_id < 7)",
                                "Rows Removed by Index Recheck": 0,
                                "Filter": "(production_year < 1992)",
                                "Rows Removed by Filter": 583555,
                                "Exact Heap Blocks": 35472,
                                "Lossy Heap Blocks": 0,
                                "Plans": [
                                  {
                                    "Node Type": "Bitmap Index Scan",
                                    "Parent Relationship": "Outer",
                                    "Parallel Aware": false,
                                    "Index Name": "kind_id_title",
                                    "Startup Cost": 0.0,
                                    "Total Cost": 17672.14,
                                    "Plan Rows": 991428,
                                    "Plan Width": 0,
                                    "Actual Startup Time": 30.754,
                                    "Actual Total Time": 30.755,
                                    "Actual Rows": 985048,
                                    "Actual Loops": 2,
                                    "Index Cond": "(kind_id < 7)"
                                  }
                                ]
                              }
                            ]
                          }
                        ]
                      }
                    ]
                  }
                ]
              }
            ]
          }
        ]
      }
    ]
  },
  "Planning Time": 1.136,
  "Triggers": [],
  "Execution Time": 3969.454
}