{
    "Plan": {
        "Node Type": "Aggregate",
        "Strategy": "Plain",
        "Partial Mode": "Finalize",
        "Parallel Aware": false,
        "Startup Cost": 444703.54,
        "Total Cost": 444703.55,
        "Plan Rows": 1,
        "Plan Width": 8,
        "Actual Startup Time": 2204.012,
        "Actual Total Time": 2253.297,
        "Actual Rows": 1,
        "Actual Loops": 1,
        "Output": [
            "count(*)"
        ],
        "Plans": [
            {
                "Node Type": "Gather",
                "Parent Relationship": "Outer",
                "Parallel Aware": false,
                "Startup Cost": 444702.91,
                "Total Cost": 444703.52,
                "Plan Rows": 6,
                "Plan Width": 8,
                "Actual Startup Time": 2180.551,
                "Actual Total Time": 2253.285,
                "Actual Rows": 7,
                "Actual Loops": 1,
                "Output": [
                    "(PARTIAL count(*))"
                ],
                "Workers Planned": 6,
                "Workers Launched": 6,
                "Single Copy": false,
                "Plans": [
                    {
                        "Node Type": "Aggregate",
                        "Strategy": "Plain",
                        "Partial Mode": "Partial",
                        "Parent Relationship": "Outer",
                        "Parallel Aware": false,
                        "Startup Cost": 443702.91,
                        "Total Cost": 443702.92,
                        "Plan Rows": 1,
                        "Plan Width": 8,
                        "Actual Startup Time": 2167.174,
                        "Actual Total Time": 2167.18,
                        "Actual Rows": 1,
                        "Actual Loops": 7,
                        "Output": [
                            "PARTIAL count(*)"
                        ],
                        "Workers": [
                            {
                                "Worker Number": 0,
                                "Actual Startup Time": 2164.537,
                                "Actual Total Time": 2164.542,
                                "Actual Rows": 1,
                                "Actual Loops": 1
                            },
                            {
                                "Worker Number": 1,
                                "Actual Startup Time": 2165.317,
                                "Actual Total Time": 2165.322,
                                "Actual Rows": 1,
                                "Actual Loops": 1
                            },
                            {
                                "Worker Number": 2,
                                "Actual Startup Time": 2165.133,
                                "Actual Total Time": 2165.139,
                                "Actual Rows": 1,
                                "Actual Loops": 1
                            },
                            {
                                "Worker Number": 3,
                                "Actual Startup Time": 2165.211,
                                "Actual Total Time": 2165.215,
                                "Actual Rows": 1,
                                "Actual Loops": 1
                            },
                            {
                                "Worker Number": 4,
                                "Actual Startup Time": 2165.231,
                                "Actual Total Time": 2165.237,
                                "Actual Rows": 1,
                                "Actual Loops": 1
                            },
                            {
                                "Worker Number": 5,
                                "Actual Startup Time": 2165.333,
                                "Actual Total Time": 2165.339,
                                "Actual Rows": 1,
                                "Actual Loops": 1
                            }
                        ],
                        "Plans": [
                            {
                                "Node Type": "Hash Join",
                                "Parent Relationship": "Outer",
                                "Parallel Aware": true,
                                "Join Type": "Inner",
                                "Startup Cost": 83718.19,
                                "Total Cost": 441066.43,
                                "Plan Rows": 1054595,
                                "Plan Width": 0,
                                "Actual Startup Time": 621.354,
                                "Actual Total Time": 2085.823,
                                "Actual Rows": 1895137,
                                "Actual Loops": 7,
                                "Inner Unique": false,
                                "Hash Cond": "(ci.movie_id = t.id)",
                                "Workers": [
                                    {
                                        "Worker Number": 0,
                                        "Actual Startup Time": 619.017,
                                        "Actual Total Time": 2080.097,
                                        "Actual Rows": 1502959,
                                        "Actual Loops": 1
                                    },
                                    {
                                        "Worker Number": 1,
                                        "Actual Startup Time": 619.646,
                                        "Actual Total Time": 2075.674,
                                        "Actual Rows": 1583644,
                                        "Actual Loops": 1
                                    },
                                    {
                                        "Worker Number": 2,
                                        "Actual Startup Time": 619.39,
                                        "Actual Total Time": 2091.521,
                                        "Actual Rows": 1876772,
                                        "Actual Loops": 1
                                    },
                                    {
                                        "Worker Number": 3,
                                        "Actual Startup Time": 619.512,
                                        "Actual Total Time": 2083.894,
                                        "Actual Rows": 2113359,
                                        "Actual Loops": 1
                                    },
                                    {
                                        "Worker Number": 4,
                                        "Actual Startup Time": 619.563,
                                        "Actual Total Time": 2084.101,
                                        "Actual Rows": 2113204,
                                        "Actual Loops": 1
                                    },
                                    {
                                        "Worker Number": 5,
                                        "Actual Startup Time": 619.683,
                                        "Actual Total Time": 2085.411,
                                        "Actual Rows": 2058520,
                                        "Actual Loops": 1
                                    }
                                ],
                                "Plans": [
                                    {
                                        "Node Type": "Seq Scan",
                                        "Parent Relationship": "Outer",
                                        "Parallel Aware": true,
                                        "Relation Name": "cast_info",
                                        "Schema": "public",
                                        "Alias": "ci",
                                        "Startup Cost": 0.0,
                                        "Total Cost": 343318.94,
                                        "Plan Rows": 2833968,
                                        "Plan Width": 4,
                                        "Actual Startup Time": 219.71,
                                        "Actual Total Time": 716.252,
                                        "Actual Rows": 2966846,
                                        "Actual Loops": 7,
                                        "Output": [
                                            "ci.id",
                                            "ci.person_id",
                                            "ci.movie_id",
                                            "ci.person_role_id",
                                            "ci.note",
                                            "ci.nr_order",
                                            "ci.role_id"
                                        ],
                                        "Filter": "((ci.person_id > 983999) AND (ci.role_id > 1))",
                                        "Rows Removed by Filter": 2210917,
                                        "Workers": [
                                            {
                                                "Worker Number": 0,
                                                "Actual Startup Time": 219.714,
                                                "Actual Total Time": 734.871,
                                                "Actual Rows": 2293027,
                                                "Actual Loops": 1
                                            },
                                            {
                                                "Worker Number": 1,
                                                "Actual Startup Time": 219.728,
                                                "Actual Total Time": 748.155,
                                                "Actual Rows": 2444077,
                                                "Actual Loops": 1
                                            },
                                            {
                                                "Worker Number": 2,
                                                "Actual Startup Time": 219.712,
                                                "Actual Total Time": 713.79,
                                                "Actual Rows": 2935967,
                                                "Actual Loops": 1
                                            },
                                            {
                                                "Worker Number": 3,
                                                "Actual Startup Time": 219.729,
                                                "Actual Total Time": 721.838,
                                                "Actual Rows": 3334450,
                                                "Actual Loops": 1
                                            },
                                            {
                                                "Worker Number": 4,
                                                "Actual Startup Time": 219.704,
                                                "Actual Total Time": 721.106,
                                                "Actual Rows": 3334754,
                                                "Actual Loops": 1
                                            },
                                            {
                                                "Worker Number": 5,
                                                "Actual Startup Time": 219.694,
                                                "Actual Total Time": 715.98,
                                                "Actual Rows": 3234468,
                                                "Actual Loops": 1
                                            }
                                        ]
                                    },
                                    {
                                        "Node Type": "Hash",
                                        "Parent Relationship": "Inner",
                                        "Parallel Aware": true,
                                        "Startup Cost": 79924.41,
                                        "Total Cost": 79924.41,
                                        "Plan Rows": 303502,
                                        "Plan Width": 8,
                                        "Actual Startup Time": 398.116,
                                        "Actual Total Time": 398.121,
                                        "Actual Rows": 145098,
                                        "Actual Loops": 7,
                                        "Output": [
                                            "t.id",
                                            "mc.movie_id"
                                        ],
                                        "Hash Buckets": 1048576,
                                        "Original Hash Buckets": 1048576,
                                        "Hash Batches": 1,
                                        "Original Hash Batches": 1,
                                        "Peak Memory Usage": 48032,
                                        "Workers": [
                                            {
                                                "Worker Number": 0,
                                                "Actual Startup Time": 398.545,
                                                "Actual Total Time": 398.548,
                                                "Actual Rows": 110264,
                                                "Actual Loops": 1
                                            },
                                            {
                                                "Worker Number": 1,
                                                "Actual Startup Time": 399.188,
                                                "Actual Total Time": 399.191,
                                                "Actual Rows": 117476,
                                                "Actual Loops": 1
                                            },
                                            {
                                                "Worker Number": 2,
                                                "Actual Startup Time": 399.008,
                                                "Actual Total Time": 399.012,
                                                "Actual Rows": 145188,
                                                "Actual Loops": 1
                                            },
                                            {
                                                "Worker Number": 3,
                                                "Actual Startup Time": 399.032,
                                                "Actual Total Time": 399.035,
                                                "Actual Rows": 164683,
                                                "Actual Loops": 1
                                            },
                                            {
                                                "Worker Number": 4,
                                                "Actual Startup Time": 399.196,
                                                "Actual Total Time": 399.2,
                                                "Actual Rows": 163767,
                                                "Actual Loops": 1
                                            },
                                            {
                                                "Worker Number": 5,
                                                "Actual Startup Time": 399.328,
                                                "Actual Total Time": 399.332,
                                                "Actual Rows": 161378,
                                                "Actual Loops": 1
                                            }
                                        ],
                                        "Plans": [
                                            {
                                                "Node Type": "Hash Join",
                                                "Parent Relationship": "Outer",
                                                "Parallel Aware": true,
                                                "Join Type": "Inner",
                                                "Startup Cost": 49487.33,
                                                "Total Cost": 79924.41,
                                                "Plan Rows": 303502,
                                                "Plan Width": 8,
                                                "Actual Startup Time": 235.675,
                                                "Actual Total Time": 335.189,
                                                "Actual Rows": 145098,
                                                "Actual Loops": 7,
                                                "Output": [
                                                    "t.id",
                                                    "mc.movie_id"
                                                ],
                                                "Inner Unique": true,
                                                "Hash Cond": "(mc.movie_id = t.id)",
                                                "Workers": [
                                                    {
                                                        "Worker Number": 0,
                                                        "Actual Startup Time": 235.698,
                                                        "Actual Total Time": 335.39,
                                                        "Actual Rows": 110264,
                                                        "Actual Loops": 1
                                                    },
                                                    {
                                                        "Worker Number": 1,
                                                        "Actual Startup Time": 235.643,
                                                        "Actual Total Time": 335.041,
                                                        "Actual Rows": 117476,
                                                        "Actual Loops": 1
                                                    },
                                                    {
                                                        "Worker Number": 2,
                                                        "Actual Startup Time": 235.712,
                                                        "Actual Total Time": 335.394,
                                                        "Actual Rows": 145188,
                                                        "Actual Loops": 1
                                                    },
                                                    {
                                                        "Worker Number": 3,
                                                        "Actual Startup Time": 235.664,
                                                        "Actual Total Time": 335.937,
                                                        "Actual Rows": 164683,
                                                        "Actual Loops": 1
                                                    },
                                                    {
                                                        "Worker Number": 4,
                                                        "Actual Startup Time": 235.598,
                                                        "Actual Total Time": 334.839,
                                                        "Actual Rows": 163767,
                                                        "Actual Loops": 1
                                                    },
                                                    {
                                                        "Worker Number": 5,
                                                        "Actual Startup Time": 235.646,
                                                        "Actual Total Time": 334.738,
                                                        "Actual Rows": 161378,
                                                        "Actual Loops": 1
                                                    }
                                                ],
                                                "Plans": [
                                                    {
                                                        "Node Type": "Seq Scan",
                                                        "Parent Relationship": "Outer",
                                                        "Parallel Aware": true,
                                                        "Relation Name": "movie_companies",
                                                        "Schema": "public",
                                                        "Alias": "mc",
                                                        "Startup Cost": 0.0,
                                                        "Total Cost": 29310.68,
                                                        "Plan Rows": 429104,
                                                        "Plan Width": 4,
                                                        "Actual Startup Time": 21.52,
                                                        "Actual Total Time": 48.516,
                                                        "Actual Rows": 190698,
                                                        "Actual Loops": 7,
                                                        "Output": [
                                                            "mc.id",
                                                            "mc.movie_id",
                                                            "mc.company_id",
                                                            "mc.company_type_id",
                                                            "mc.note"
                                                        ],
                                                        "Filter": "(mc.company_type_id > 1)",
                                                        "Rows Removed by Filter": 182035,
                                                        "Workers": [
                                                            {
                                                                "Worker Number": 0,
                                                                "Actual Startup Time": 21.491,
                                                                "Actual Total Time": 51.025,
                                                                "Actual Rows": 145189,
                                                                "Actual Loops": 1
                                                            },
                                                            {
                                                                "Worker Number": 1,
                                                                "Actual Startup Time": 21.572,
                                                                "Actual Total Time": 51.782,
                                                                "Actual Rows": 155408,
                                                                "Actual Loops": 1
                                                            },
                                                            {
                                                                "Worker Number": 2,
                                                                "Actual Startup Time": 21.484,
                                                                "Actual Total Time": 47.714,
                                                                "Actual Rows": 190614,
                                                                "Actual Loops": 1
                                                            },
                                                            {
                                                                "Worker Number": 3,
                                                                "Actual Startup Time": 21.556,
                                                                "Actual Total Time": 48.368,
                                                                "Actual Rows": 217154,
                                                                "Actual Loops": 1
                                                            },
                                                            {
                                                                "Worker Number": 4,
                                                                "Actual Startup Time": 21.478,
                                                                "Actual Total Time": 48.322,
                                                                "Actual Rows": 216115,
                                                                "Actual Loops": 1
                                                            },
                                                            {
                                                                "Worker Number": 5,
                                                                "Actual Startup Time": 21.502,
                                                                "Actual Total Time": 48.178,
                                                                "Actual Rows": 211595,
                                                                "Actual Loops": 1
                                                            }
                                                        ]
                                                    },
                                                    {
                                                        "Node Type": "Hash",
                                                        "Parent Relationship": "Inner",
                                                        "Parallel Aware": true,
                                                        "Startup Cost": 43899.01,
                                                        "Total Cost": 43899.01,
                                                        "Plan Rows": 447066,
                                                        "Plan Width": 4,
                                                        "Actual Startup Time": 211.257,
                                                        "Actual Total Time": 211.258,
                                                        "Actual Rows": 256308,
                                                        "Actual Loops": 7,
                                                        "Output": [
                                                            "t.id"
                                                        ],
                                                        "Hash Buckets": 2097152,
                                                        "Original Hash Buckets": 2097152,
                                                        "Hash Batches": 1,
                                                        "Original Hash Batches": 1,
                                                        "Peak Memory Usage": 86656,
                                                        "Workers": [
                                                            {
                                                                "Worker Number": 0,
                                                                "Actual Startup Time": 213.775,
                                                                "Actual Total Time": 213.776,
                                                                "Actual Rows": 190389,
                                                                "Actual Loops": 1
                                                            },
                                                            {
                                                                "Worker Number": 1,
                                                                "Actual Startup Time": 213.978,
                                                                "Actual Total Time": 213.979,
                                                                "Actual Rows": 203625,
                                                                "Actual Loops": 1
                                                            },
                                                            {
                                                                "Worker Number": 2,
                                                                "Actual Startup Time": 213.878,
                                                                "Actual Total Time": 213.879,
                                                                "Actual Rows": 240428,
                                                                "Actual Loops": 1
                                                            },
                                                            {
                                                                "Worker Number": 3,
                                                                "Actual Startup Time": 213.974,
                                                                "Actual Total Time": 213.975,
                                                                "Actual Rows": 276331,
                                                                "Actual Loops": 1
                                                            },
                                                            {
                                                                "Worker Number": 4,
                                                                "Actual Startup Time": 213.76,
                                                                "Actual Total Time": 213.761,
                                                                "Actual Rows": 274128,
                                                                "Actual Loops": 1
                                                            },
                                                            {
                                                                "Worker Number": 5,
                                                                "Actual Startup Time": 213.796,
                                                                "Actual Total Time": 213.797,
                                                                "Actual Rows": 266916,
                                                                "Actual Loops": 1
                                                            }
                                                        ],
                                                        "Plans": [
                                                            {
                                                                "Node Type": "Seq Scan",
                                                                "Parent Relationship": "Outer",
                                                                "Parallel Aware": true,
                                                                "Relation Name": "title",
                                                                "Schema": "public",
                                                                "Alias": "t",
                                                                "Startup Cost": 0.0,
                                                                "Total Cost": 43899.01,
                                                                "Plan Rows": 447066,
                                                                "Plan Width": 4,
                                                                "Actual Startup Time": 0.079,
                                                                "Actual Total Time": 82.236,
                                                                "Actual Rows": 256308,
                                                                "Actual Loops": 7,
                                                                "Output": [
                                                                    "t.id"
                                                                ],
                                                                "Filter": "(t.production_year < 2009)",
                                                                "Rows Removed by Filter": 104880,
                                                                "Workers": [
                                                                    {
                                                                        "Worker Number": 0,
                                                                        "Actual Startup Time": 0.111,
                                                                        "Actual Total Time": 86.967,
                                                                        "Actual Rows": 190389,
                                                                        "Actual Loops": 1
                                                                    },
                                                                    {
                                                                        "Worker Number": 1,
                                                                        "Actual Startup Time": 0.085,
                                                                        "Actual Total Time": 86.386,
                                                                        "Actual Rows": 203625,
                                                                        "Actual Loops": 1
                                                                    },
                                                                    {
                                                                        "Worker Number": 2,
                                                                        "Actual Startup Time": 0.078,
                                                                        "Actual Total Time": 83.271,
                                                                        "Actual Rows": 240428,
                                                                        "Actual Loops": 1
                                                                    },
                                                                    {
                                                                        "Worker Number": 3,
                                                                        "Actual Startup Time": 0.077,
                                                                        "Actual Total Time": 82.963,
                                                                        "Actual Rows": 276331,
                                                                        "Actual Loops": 1
                                                                    },
                                                                    {
                                                                        "Worker Number": 4,
                                                                        "Actual Startup Time": 0.115,
                                                                        "Actual Total Time": 82.648,
                                                                        "Actual Rows": 274128,
                                                                        "Actual Loops": 1
                                                                    },
                                                                    {
                                                                        "Worker Number": 5,
                                                                        "Actual Startup Time": 0.068,
                                                                        "Actual Total Time": 82.556,
                                                                        "Actual Rows": 266916,
                                                                        "Actual Loops": 1
                                                                    }
                                                                ]
                                                            }
                                                        ]
                                                    }
                                                ]
                                            }
                                        ]
                                    }
                                ]
                            }
                        ]
                    }
                ]
            }
        ]
    },
    "Planning Time": 1.654,
    "Triggers": [],
    "Execution Time": 2253.405
}