{
  "Plan": {
    "Node Type": "Aggregate",
    "Strategy": "Plain",
    "Partial Mode": "Finalize",
    "Parallel Aware": false,
    "Startup Cost": 74026.8,
    "Total Cost": 74026.81,
    "Plan Rows": 1,
    "Plan Width": 8,
    "Actual Startup Time": 244.224,
    "Actual Total Time": 257.112,
    "Actual Rows": 1,
    "Actual Loops": 1,
    "Plans": [
      {
        "Node Type": "Gather",
        "Parent Relationship": "Outer",
        "Parallel Aware": false,
        "Startup Cost": 74026.69,
        "Total Cost": 74026.8,
        "Plan Rows": 1,
        "Plan Width": 8,
        "Actual Startup Time": 244.015,
        "Actual Total Time": 257.105,
        "Actual Rows": 2,
        "Actual Loops": 1,
        "Workers Planned": 1,
        "Workers Launched": 1,
        "Single Copy": false,
        "Plans": [
          {
            "Node Type": "Aggregate",
            "Strategy": "Plain",
            "Partial Mode": "Partial",
            "Parent Relationship": "Outer",
            "Parallel Aware": false,
            "Startup Cost": 73026.69,
            "Total Cost": 73026.7,
            "Plan Rows": 1,
            "Plan Width": 8,
            "Actual Startup Time": 238.577,
            "Actual Total Time": 238.58,
            "Actual Rows": 1,
            "Actual Loops": 2,
            "Plans": [
              {
                "Node Type": "Hash Join",
                "Parent Relationship": "Outer",
                "Parallel Aware": true,
                "Join Type": "Inner",
                "Startup Cost": 54817.85,
                "Total Cost": 73001.64,
                "Plan Rows": 10020,
                "Plan Width": 0,
                "Actual Startup Time": 179.001,
                "Actual Total Time": 238.336,
                "Actual Rows": 5331,
                "Actual Loops": 2,
                "Inner Unique": true,
                "Hash Cond": "(mi_idx.movie_id = t.id)",
                "Plans": [
                  {
                    "Node Type": "Seq Scan",
                    "Parent Relationship": "Outer",
                    "Parallel Aware": true,
                    "Relation Name": "movie_info_idx",
                    "Alias": "mi_idx",
                    "Startup Cost": 0.0,
                    "Total Cost": 16052.85,
                    "Plan Rows": 811785,
                    "Plan Width": 4,
                    "Actual Startup Time": 0.018,
                    "Actual Total Time": 46.351,
                    "Actual Rows": 690018,
                    "Actual Loops": 2
                  },
                  {
                    "Node Type": "Hash",
                    "Parent Relationship": "Inner",
                    "Parallel Aware": true,
                    "Startup Cost": 54588.39,
                    "Total Cost": 54588.39,
                    "Plan Rows": 18357,
                    "Plan Width": 4,
                    "Actual Startup Time": 139.308,
                    "Actual Total Time": 139.308,
                    "Actual Rows": 17525,
                    "Actual Loops": 2,
                    "Hash Buckets": 65536,
                    "Original Hash Buckets": 32768,
                    "Hash Batches": 1,
                    "Original Hash Batches": 1,
                    "Peak Memory Usage": 2176,
                    "Plans": [
                      {
                        "Node Type": "Seq Scan",
                        "Parent Relationship": "Outer",
                        "Parallel Aware": true,
                        "Relation Name": "title",
                        "Alias": "t",
                        "Startup Cost": 0.0,
                        "Total Cost": 54588.39,
                        "Plan Rows": 18357,
                        "Plan Width": 4,
                        "Actual Startup Time": 73.981,
                        "Actual Total Time": 134.082,
                        "Actual Rows": 17525,
                        "Actual Loops": 2,
                        "Filter": "(production_year < 1912)",
                        "Rows Removed by Filter": 1246631
                      }
                    ]
                  }
                ]
              }
            ]
          }
        ]
      }
    ]
  },
  "Planning Time": 0.379,
  "Triggers": [],
  "Execution Time": 257.177
}