{
  "Plan": {
    "Node Type": "Aggregate",
    "Strategy": "Plain",
    "Partial Mode": "Finalize",
    "Parallel Aware": false,
    "Startup Cost": 114432.32,
    "Total Cost": 114432.33,
    "Plan Rows": 1,
    "Plan Width": 8,
    "Actual Startup Time": 540.866,
    "Actual Total Time": 552.655,
    "Actual Rows": 1,
    "Actual Loops": 1,
    "Plans": [
      {
        "Node Type": "Gather",
        "Parent Relationship": "Outer",
        "Parallel Aware": false,
        "Startup Cost": 114432.2,
        "Total Cost": 114432.31,
        "Plan Rows": 1,
        "Plan Width": 8,
        "Actual Startup Time": 539.792,
        "Actual Total Time": 552.647,
        "Actual Rows": 2,
        "Actual Loops": 1,
        "Workers Planned": 1,
        "Workers Launched": 1,
        "Single Copy": false,
        "Plans": [
          {
            "Node Type": "Aggregate",
            "Strategy": "Plain",
            "Partial Mode": "Partial",
            "Parent Relationship": "Outer",
            "Parallel Aware": false,
            "Startup Cost": 113432.2,
            "Total Cost": 113432.21,
            "Plan Rows": 1,
            "Plan Width": 8,
            "Actual Startup Time": 533.679,
            "Actual Total Time": 533.683,
            "Actual Rows": 1,
            "Actual Loops": 2,
            "Plans": [
              {
                "Node Type": "Hash Join",
                "Parent Relationship": "Outer",
                "Parallel Aware": true,
                "Join Type": "Inner",
                "Startup Cost": 54942.15,
                "Total Cost": 112992.99,
                "Plan Rows": 175684,
                "Plan Width": 0,
                "Actual Startup Time": 202.846,
                "Actual Total Time": 508.147,
                "Actual Rows": 656380,
                "Actual Loops": 2,
                "Inner Unique": true,
                "Hash Cond": "(mk.movie_id = t.id)",
                "Plans": [
                  {
                    "Node Type": "Seq Scan",
                    "Parent Relationship": "Outer",
                    "Parallel Aware": true,
                    "Relation Name": "movie_keyword",
                    "Alias": "mk",
                    "Startup Cost": 0.0,
                    "Total Cost": 51065.35,
                    "Plan Rows": 2661135,
                    "Plan Width": 4,
                    "Actual Startup Time": 0.023,
                    "Actual Total Time": 152.631,
                    "Actual Rows": 2261965,
                    "Actual Loops": 2
                  },
                  {
                    "Node Type": "Hash",
                    "Parent Relationship": "Inner",
                    "Parallel Aware": true,
                    "Startup Cost": 53714.84,
                    "Total Cost": 53714.84,
                    "Plan Rows": 98185,
                    "Plan Width": 4,
                    "Actual Startup Time": 138.377,
                    "Actual Total Time": 138.379,
                    "Actual Rows": 152883,
                    "Actual Loops": 2,
                    "Hash Buckets": 524288,
                    "Original Hash Buckets": 262144,
                    "Hash Batches": 1,
                    "Original Hash Batches": 1,
                    "Peak Memory Usage": 18144,
                    "Plans": [
                      {
                        "Node Type": "Bitmap Heap Scan",
                        "Parent Relationship": "Outer",
                        "Parallel Aware": true,
                        "Relation Name": "title",
                        "Alias": "t",
                        "Startup Cost": 11864.58,
                        "Total Cost": 53714.84,
                        "Plan Rows": 98185,
                        "Plan Width": 4,
                        "Actual Startup Time": 37.678,
                        "Actual Total Time": 101.829,
                        "Actual Rows": 152883,
                        "Actual Loops": 2,
                        "Recheck Cond": "(kind_id < 2)",
                        "Rows Removed by Index Recheck": 0,
                        "Filter": "(production_year < 1988)",
                        "Rows Removed by Filter": 178530,
                        "Exact Heap Blocks": 8250,
                        "Lossy Heap Blocks": 0,
                        "Plans": [
                          {
                            "Node Type": "Bitmap Index Scan",
                            "Parent Relationship": "Outer",
                            "Parallel Aware": false,
                            "Index Name": "kind_id_title",
                            "Startup Cost": 0.0,
                            "Total Cost": 11822.85,
                            "Plan Rows": 663256,
                            "Plan Width": 0,
                            "Actual Startup Time": 37.907,
                            "Actual Total Time": 37.908,
                            "Actual Rows": 662825,
                            "Actual Loops": 1,
                            "Index Cond": "(kind_id < 2)"
                          }
                        ]
                      }
                    ]
                  }
                ]
              }
            ]
          }
        ]
      }
    ]
  },
  "Planning Time": 0.666,
  "Triggers": [],
  "Execution Time": 552.743
}