[
  {
    "Plan": {
      "Node Type": "Aggregate",
      "Strategy": "Plain",
      "Partial Mode": "Simple",
      "Parallel Aware": false,
      "Startup Cost": 7497.29,
      "Total Cost": 7497.3,
      "Plan Rows": 1,
      "Plan Width": 64,
      "Actual Startup Time": 355.844,
      "Actual Total Time": 355.85,
      "Actual Rows": 1,
      "Actual Loops": 1,
      "Output": [
        "min(mi_idx.info)",
        "min(t.title)"
      ],
      "Plans": [
        {
          "Node Type": "Nested Loop",
          "Parent Relationship": "Outer",
          "Parallel Aware": false,
          "Join Type": "Inner",
          "Startup Cost": 12.1,
          "Total Cost": 7497.29,
          "Plan Rows": 1,
          "Plan Width": 22,
          "Actual Startup Time": 19.754,
          "Actual Total Time": 355.802,
          "Actual Rows": 46,
          "Actual Loops": 1,
          "Output": [
            "mi_idx.info",
            "t.title"
          ],
          "Inner Unique": true,
          "Join Filter": "(mi.info_type_id = it1.id)",
          "Rows Removed by Join Filter": 407,
          "Plans": [
            {
              "Node Type": "Nested Loop",
              "Parent Relationship": "Outer",
              "Parallel Aware": false,
              "Join Type": "Inner",
              "Startup Cost": 12.1,
              "Total Cost": 7494.86,
              "Plan Rows": 1,
              "Plan Width": 26,
              "Actual Startup Time": 12.219,
              "Actual Total Time": 349.923,
              "Actual Rows": 453,
              "Actual Loops": 1,
              "Output": [
                "mi_idx.info",
                "mi.info_type_id",
                "t.title"
              ],
              "Inner Unique": false,
              "Join Filter": "(t.id = mi.movie_id)",
              "Rows Removed by Join Filter": 0,
              "Plans": [
                {
                  "Node Type": "Nested Loop",
                  "Parent Relationship": "Outer",
                  "Parallel Aware": false,
                  "Join Type": "Inner",
                  "Startup Cost": 11.66,
                  "Total Cost": 7492.94,
                  "Plan Rows": 1,
                  "Plan Width": 34,
                  "Actual Startup Time": 11.598,
                  "Actual Total Time": 258.209,
                  "Actual Rows": 449,
                  "Actual Loops": 1,
                  "Output": [
                    "mi_idx.info",
                    "mi_idx.movie_id",
                    "mk.movie_id",
                    "t.title",
                    "t.id"
                  ],
                  "Inner Unique": false,
                  "Join Filter": "(mi_idx.info_type_id = it2.id)",
                  "Rows Removed by Join Filter": 962,
                  "Plans": [
                    {
                      "Node Type": "Seq Scan",
                      "Parent Relationship": "Outer",
                      "Parallel Aware": false,
                      "Relation Name": "info_type",
                      "Schema": "public",
                      "Alias": "it2",
                      "Startup Cost": 0.0,
                      "Total Cost": 2.41,
                      "Plan Rows": 1,
                      "Plan Width": 4,
                      "Actual Startup Time": 0.105,
                      "Actual Total Time": 0.107,
                      "Actual Rows": 1,
                      "Actual Loops": 1,
                      "Output": [
                        "it2.id",
                        "it2.info"
                      ],
                      "Filter": "((it2.info)::text = 'rating'::text)",
                      "Rows Removed by Filter": 112
                    },
                    {
                      "Node Type": "Nested Loop",
                      "Parent Relationship": "Inner",
                      "Parallel Aware": false,
                      "Join Type": "Inner",
                      "Startup Cost": 11.66,
                      "Total Cost": 7489.88,
                      "Plan Rows": 52,
                      "Plan Width": 38,
                      "Actual Startup Time": 11.483,
                      "Actual Total Time": 257.834,
                      "Actual Rows": 1411,
                      "Actual Loops": 1,
                      "Output": [
                        "mk.movie_id",
                        "mi_idx.info",
                        "mi_idx.movie_id",
                        "mi_idx.info_type_id",
                        "t.title",
                        "t.id"
                      ],
                      "Inner Unique": false,
                      "Join Filter": "(t.id = mi_idx.movie_id)",
                      "Rows Removed by Join Filter": 0,
                      "Plans": [
                        {
                          "Node Type": "Nested Loop",
                          "Parent Relationship": "Outer",
                          "Parallel Aware": false,
                          "Join Type": "Inner",
                          "Startup Cost": 11.23,
                          "Total Cost": 7488.8,
                          "Plan Rows": 2,
                          "Plan Width": 25,
                          "Actual Startup Time": 11.329,
                          "Actual Total Time": 240.561,
                          "Actual Rows": 606,
                          "Actual Loops": 1,
                          "Output": [
                            "mk.movie_id",
                            "t.title",
                            "t.id"
                          ],
                          "Inner Unique": true,
                          "Join Filter": "(t.kind_id = kt.id)",
                          "Rows Removed by Join Filter": 8237,
                          "Plans": [
                            {
                              "Node Type": "Nested Loop",
                              "Parent Relationship": "Outer",
                              "Parallel Aware": false,
                              "Join Type": "Inner",
                              "Startup Cost": 11.23,
                              "Total Cost": 7485.68,
                              "Plan Rows": 71,
                              "Plan Width": 29,
                              "Actual Startup Time": 11.297,
                              "Actual Total Time": 237.179,
                              "Actual Rows": 4484,
                              "Actual Loops": 1,
                              "Output": [
                                "mk.movie_id",
                                "t.title",
                                "t.kind_id",
                                "t.id"
                              ],
                              "Inner Unique": true,
                              "Plans": [
                                {
                                  "Node Type": "Nested Loop",
                                  "Parent Relationship": "Outer",
                                  "Parallel Aware": false,
                                  "Join Type": "Inner",
                                  "Startup Cost": 10.8,
                                  "Total Cost": 7419.56,
                                  "Plan Rows": 135,
                                  "Plan Width": 4,
                                  "Actual Startup Time": 11.157,
                                  "Actual Total Time": 137.712,
                                  "Actual Rows": 8643,
                                  "Actual Loops": 1,
                                  "Output": [
                                    "mk.movie_id"
                                  ],
                                  "Inner Unique": false,
                                  "Plans": [
                                    {
                                      "Node Type": "Seq Scan",
                                      "Parent Relationship": "Outer",
                                      "Parallel Aware": false,
                                      "Relation Name": "keyword",
                                      "Schema": "public",
                                      "Alias": "k",
                                      "Startup Cost": 0.0,
                                      "Total Cost": 2961.55,
                                      "Plan Rows": 4,
                                      "Plan Width": 4,
                                      "Actual Startup Time": 4.033,
                                      "Actual Total Time": 28.53,
                                      "Actual Rows": 3,
                                      "Actual Loops": 1,
                                      "Output": [
                                        "k.id",
                                        "k.keyword",
                                        "k.phonetic_code"
                                      ],
                                      "Filter": "((k.keyword IS NOT NULL) AND (k.keyword = ANY ('{murder-in-title,blood,marvel-comics,hot-spring}'::text[])))",
                                      "Rows Removed by Filter": 134167
                                    },
                                    {
                                      "Node Type": "Bitmap Heap Scan",
                                      "Parent Relationship": "Inner",
                                      "Parallel Aware": false,
                                      "Relation Name": "movie_keyword",
                                      "Schema": "public",
                                      "Alias": "mk",
                                      "Startup Cost": 10.8,
                                      "Total Cost": 1111.44,
                                      "Plan Rows": 306,
                                      "Plan Width": 8,
                                      "Actual Startup Time": 2.573,
                                      "Actual Total Time": 35.324,
                                      "Actual Rows": 2881,
                                      "Actual Loops": 3,
                                      "Output": [
                                        "mk.id",
                                        "mk.movie_id",
                                        "mk.keyword_id"
                                      ],
                                      "Recheck Cond": "(mk.keyword_id = k.id)",
                                      "Rows Removed by Index Recheck": 0,
                                      "Exact Heap Blocks": 6959,
                                      "Lossy Heap Blocks": 0,
                                      "Plans": [
                                        {
                                          "Node Type": "Bitmap Index Scan",
                                          "Parent Relationship": "Outer",
                                          "Parallel Aware": false,
                                          "Index Name": "keyword_id_movie_keyword",
                                          "Startup Cost": 0.0,
                                          "Total Cost": 10.73,
                                          "Plan Rows": 306,
                                          "Plan Width": 0,
                                          "Actual Startup Time": 1.543,
                                          "Actual Total Time": 1.543,
                                          "Actual Rows": 2881,
                                          "Actual Loops": 3,
                                          "Index Cond": "(mk.keyword_id = k.id)"
                                        }
                                      ]
                                    }
                                  ]
                                },
                                {
                                  "Node Type": "Index Scan",
                                  "Parent Relationship": "Inner",
                                  "Parallel Aware": false,
                                  "Scan Direction": "Forward",
                                  "Index Name": "title_pkey",
                                  "Relation Name": "title",
                                  "Schema": "public",
                                  "Alias": "t",
                                  "Startup Cost": 0.43,
                                  "Total Cost": 0.49,
                                  "Plan Rows": 1,
                                  "Plan Width": 25,
                                  "Actual Startup Time": 0.011,
                                  "Actual Total Time": 0.011,
                                  "Actual Rows": 1,
                                  "Actual Loops": 8643,
                                  "Output": [
                                    "t.id",
                                    "t.title",
                                    "t.imdb_index",
                                    "t.kind_id",
                                    "t.production_year",
                                    "t.imdb_id",
                                    "t.phonetic_code",
                                    "t.episode_of_id",
                                    "t.season_nr",
                                    "t.episode_nr",
                                    "t.series_years",
                                    "t.md5sum"
                                  ],
                                  "Index Cond": "(t.id = mk.movie_id)",
                                  "Rows Removed by Index Recheck": 0,
                                  "Filter": "(t.production_year > 2001)",
                                  "Rows Removed by Filter": 0
                                }
                              ]
                            },
                            {
                              "Node Type": "Materialize",
                              "Parent Relationship": "Inner",
                              "Parallel Aware": false,
                              "Startup Cost": 0.0,
                              "Total Cost": 1.1,
                              "Plan Rows": 2,
                              "Plan Width": 4,
                              "Actual Startup Time": 0.0,
                              "Actual Total Time": 0.0,
                              "Actual Rows": 2,
                              "Actual Loops": 4484,
                              "Output": [
                                "kt.id"
                              ],
                              "Plans": [
                                {
                                  "Node Type": "Seq Scan",
                                  "Parent Relationship": "Outer",
                                  "Parallel Aware": false,
                                  "Relation Name": "kind_type",
                                  "Schema": "public",
                                  "Alias": "kt",
                                  "Startup Cost": 0.0,
                                  "Total Cost": 1.09,
                                  "Plan Rows": 2,
                                  "Plan Width": 4,
                                  "Actual Startup Time": 0.02,
                                  "Actual Total Time": 0.025,
                                  "Actual Rows": 2,
                                  "Actual Loops": 1,
                                  "Output": [
                                    "kt.id"
                                  ],
                                  "Filter": "((kt.kind)::text = ANY ('{\"video movie\",\"tv series\"}'::text[]))",
                                  "Rows Removed by Filter": 5
                                }
                              ]
                            }
                          ]
                        },
                        {
                          "Node Type": "Index Scan",
                          "Parent Relationship": "Inner",
                          "Parallel Aware": false,
                          "Scan Direction": "Forward",
                          "Index Name": "movie_id_movie_info_idx",
                          "Relation Name": "movie_info_idx",
                          "Schema": "public",
                          "Alias": "mi_idx",
                          "Startup Cost": 0.43,
                          "Total Cost": 0.5,
                          "Plan Rows": 3,
                          "Plan Width": 13,
                          "Actual Startup Time": 0.026,
                          "Actual Total Time": 0.027,
                          "Actual Rows": 2,
                          "Actual Loops": 606,
                          "Output": [
                            "mi_idx.id",
                            "mi_idx.movie_id",
                            "mi_idx.info_type_id",
                            "mi_idx.info",
                            "mi_idx.note"
                          ],
                          "Index Cond": "(mi_idx.movie_id = mk.movie_id)",
                          "Rows Removed by Index Recheck": 0,
                          "Filter": "(mi_idx.info < '7.1'::text)",
                          "Rows Removed by Filter": 0
                        }
                      ]
                    }
                  ]
                },
                {
                  "Node Type": "Index Scan",
                  "Parent Relationship": "Inner",
                  "Parallel Aware": false,
                  "Scan Direction": "Forward",
                  "Index Name": "movie_id_movie_info",
                  "Relation Name": "movie_info",
                  "Schema": "public",
                  "Alias": "mi",
                  "Startup Cost": 0.43,
                  "Total Cost": 1.89,
                  "Plan Rows": 3,
                  "Plan Width": 8,
                  "Actual Startup Time": 0.075,
                  "Actual Total Time": 0.203,
                  "Actual Rows": 1,
                  "Actual Loops": 449,
                  "Output": [
                    "mi.id",
                    "mi.movie_id",
                    "mi.info_type_id",
                    "mi.info",
                    "mi.note"
                  ],
                  "Index Cond": "(mi.movie_id = mk.movie_id)",
                  "Rows Removed by Index Recheck": 0,
                  "Filter": "(mi.info = ANY ('{Sweden,Germany,American,Norwegian,English,Denish,Danish,Denmark,America,Japan}'::text[]))",
                  "Rows Removed by Filter": 25
                }
              ]
            },
            {
              "Node Type": "Seq Scan",
              "Parent Relationship": "Inner",
              "Parallel Aware": false,
              "Relation Name": "info_type",
              "Schema": "public",
              "Alias": "it1",
              "Startup Cost": 0.0,
              "Total Cost": 2.41,
              "Plan Rows": 1,
              "Plan Width": 4,
              "Actual Startup Time": 0.004,
              "Actual Total Time": 0.01,
              "Actual Rows": 1,
              "Actual Loops": 453,
              "Output": [
                "it1.id",
                "it1.info"
              ],
              "Filter": "((it1.info)::text = 'countries'::text)",
              "Rows Removed by Filter": 101
            }
          ]
        }
      ]
    },
    "Planning Time": 54200.753,
    "Triggers": [],
    "Execution Time": 356.202
  }
]