{
  "Plan": {
    "Node Type": "Aggregate",
    "Strategy": "Plain",
    "Partial Mode": "Simple",
    "Parallel Aware": false,
    "Startup Cost": 15004.74,
    "Total Cost": 15004.75,
    "Plan Rows": 1,
    "Plan Width": 64,
    "Actual Startup Time": 1735.712,
    "Actual Total Time": 1735.723,
    "Actual Rows": 1,
    "Actual Loops": 1,
    "Plans": [
      {
        "Node Type": "Nested Loop",
        "Parent Relationship": "Outer",
        "Parallel Aware": false,
        "Join Type": "Inner",
        "Startup Cost": 15.22,
        "Total Cost": 15004.73,
        "Plan Rows": 1,
        "Plan Width": 32,
        "Actual Startup Time": 150.359,
        "Actual Total Time": 1735.666,
        "Actual Rows": 20,
        "Actual Loops": 1,
        "Inner Unique": true,
        "Plans": [
          {
            "Node Type": "Nested Loop",
            "Parent Relationship": "Outer",
            "Parallel Aware": false,
            "Join Type": "Inner",
            "Startup Cost": 14.79,
            "Total Cost": 15004.28,
            "Plan Rows": 1,
            "Plan Width": 21,
            "Actual Startup Time": 150.341,
            "Actual Total Time": 1735.417,
            "Actual Rows": 20,
            "Actual Loops": 1,
            "Inner Unique": true,
            "Plans": [
              {
                "Node Type": "Nested Loop",
                "Parent Relationship": "Outer",
                "Parallel Aware": false,
                "Join Type": "Inner",
                "Startup Cost": 14.36,
                "Total Cost": 14984.59,
                "Plan Rows": 43,
                "Plan Width": 25,
                "Actual Startup Time": 4.332,
                "Actual Total Time": 1028.293,
                "Actual Rows": 479146,
                "Actual Loops": 1,
                "Inner Unique": false,
                "Plans": [
                  {
                    "Node Type": "Nested Loop",
                    "Parent Relationship": "Outer",
                    "Parallel Aware": false,
                    "Join Type": "Inner",
                    "Startup Cost": 13.79,
                    "Total Cost": 14979.08,
                    "Plan Rows": 3,
                    "Plan Width": 29,
                    "Actual Startup Time": 4.297,
                    "Actual Total Time": 319.319,
                    "Actual Rows": 3740,
                    "Actual Loops": 1,
                    "Inner Unique": false,
                    "Join Filter": "(t.kind_id = kt.id)",
                    "Rows Removed by Join Filter": 1060,
                    "Plans": [
                      {
                        "Node Type": "Seq Scan",
                        "Parent Relationship": "Outer",
                        "Parallel Aware": false,
                        "Relation Name": "kind_type",
                        "Alias": "kt",
                        "Startup Cost": 0.0,
                        "Total Cost": 1.09,
                        "Plan Rows": 1,
                        "Plan Width": 4,
                        "Actual Startup Time": 0.016,
                        "Actual Total Time": 0.02,
                        "Actual Rows": 1,
                        "Actual Loops": 1,
                        "Filter": "((kind)::text = 'movie'::text)",
                        "Rows Removed by Filter": 6
                      },
                      {
                        "Node Type": "Nested Loop",
                        "Parent Relationship": "Inner",
                        "Parallel Aware": false,
                        "Join Type": "Inner",
                        "Startup Cost": 13.79,
                        "Total Cost": 14977.77,
                        "Plan Rows": 18,
                        "Plan Width": 33,
                        "Actual Startup Time": 2.877,
                        "Actual Total Time": 318.6,
                        "Actual Rows": 4800,
                        "Actual Loops": 1,
                        "Inner Unique": true,
                        "Plans": [
                          {
                            "Node Type": "Hash Join",
                            "Parent Relationship": "Outer",
                            "Parallel Aware": false,
                            "Join Type": "Inner",
                            "Startup Cost": 13.36,
                            "Total Cost": 14963.56,
                            "Plan Rows": 29,
                            "Plan Width": 8,
                            "Actual Startup Time": 1.614,
                            "Actual Total Time": 245.52,
                            "Actual Rows": 17863,
                            "Actual Loops": 1,
                            "Inner Unique": true,
                            "Hash Cond": "(cc.subject_id = cct1.id)",
                            "Plans": [
                              {
                                "Node Type": "Hash Join",
                                "Parent Relationship": "Outer",
                                "Parallel Aware": false,
                                "Join Type": "Inner",
                                "Startup Cost": 12.3,
                                "Total Cost": 14961.88,
                                "Plan Rows": 115,
                                "Plan Width": 12,
                                "Actual Startup Time": 1.58,
                                "Actual Total Time": 241.423,
                                "Actual Rows": 26304,
                                "Actual Loops": 1,
                                "Inner Unique": true,
                                "Hash Cond": "(cc.status_id = cct2.id)",
                                "Plans": [
                                  {
                                    "Node Type": "Nested Loop",
                                    "Parent Relationship": "Outer",
                                    "Parallel Aware": false,
                                    "Join Type": "Inner",
                                    "Startup Cost": 11.24,
                                    "Total Cost": 14958.33,
                                    "Plan Rows": 460,
                                    "Plan Width": 16,
                                    "Actual Startup Time": 1.554,
                                    "Actual Total Time": 236.948,
                                    "Actual Rows": 26304,
                                    "Actual Loops": 1,
                                    "Inner Unique": false,
                                    "Plans": [
                                      {
                                        "Node Type": "Nested Loop",
                                        "Parent Relationship": "Outer",
                                        "Parallel Aware": false,
                                        "Join Type": "Inner",
                                        "Startup Cost": 10.82,
                                        "Total Cost": 14797.9,
                                        "Plan Rows": 337,
                                        "Plan Width": 4,
                                        "Actual Startup Time": 1.281,
                                        "Actual Total Time": 121.523,
                                        "Actual Rows": 86937,
                                        "Actual Loops": 1,
                                        "Inner Unique": false,
                                        "Plans": [
                                          {
                                            "Node Type": "Seq Scan",
                                            "Parent Relationship": "Outer",
                                            "Parallel Aware": false,
                                            "Relation Name": "keyword",
                                            "Alias": "k",
                                            "Startup Cost": 0.0,
                                            "Total Cost": 3967.82,
                                            "Plan Rows": 10,
                                            "Plan Width": 4,
                                            "Actual Startup Time": 0.273,
                                            "Actual Total Time": 24.783,
                                            "Actual Rows": 9,
                                            "Actual Loops": 1,
                                            "Filter": "(keyword = ANY ('{based-on-comic,fight,magnet,gore,violence,gore,revenge,hand-to-hand-combat,character-name-in-title,number-in-title}'::text[]))",
                                            "Rows Removed by Filter": 134161
                                          },
                                          {
                                            "Node Type": "Bitmap Heap Scan",
                                            "Parent Relationship": "Inner",
                                            "Parallel Aware": false,
                                            "Relation Name": "movie_keyword",
                                            "Alias": "mk",
                                            "Startup Cost": 10.82,
                                            "Total Cost": 1079.93,
                                            "Plan Rows": 308,
                                            "Plan Width": 8,
                                            "Actual Startup Time": 1.252,
                                            "Actual Total Time": 9.943,
                                            "Actual Rows": 9660,
                                            "Actual Loops": 9,
                                            "Recheck Cond": "(keyword_id = k.id)",
                                            "Rows Removed by Index Recheck": 0,
                                            "Exact Heap Blocks": 41748,
                                            "Lossy Heap Blocks": 0,
                                            "Plans": [
                                              {
                                                "Node Type": "Bitmap Index Scan",
                                                "Parent Relationship": "Outer",
                                                "Parallel Aware": false,
                                                "Index Name": "keyword_id_movie_keyword",
                                                "Startup Cost": 0.0,
                                                "Total Cost": 10.74,
                                                "Plan Rows": 308,
                                                "Plan Width": 0,
                                                "Actual Startup Time": 0.728,
                                                "Actual Total Time": 0.729,
                                                "Actual Rows": 9660,
                                                "Actual Loops": 9,
                                                "Index Cond": "(keyword_id = k.id)"
                                              }
                                            ]
                                          }
                                        ]
                                      },
                                      {
                                        "Node Type": "Index Scan",
                                        "Parent Relationship": "Inner",
                                        "Parallel Aware": false,
                                        "Scan Direction": "Forward",
                                        "Index Name": "movie_id_complete_cast",
                                        "Relation Name": "complete_cast",
                                        "Alias": "cc",
                                        "Startup Cost": 0.42,
                                        "Total Cost": 0.46,
                                        "Plan Rows": 2,
                                        "Plan Width": 12,
                                        "Actual Startup Time": 0.001,
                                        "Actual Total Time": 0.001,
                                        "Actual Rows": 0,
                                        "Actual Loops": 86937,
                                        "Index Cond": "(movie_id = mk.movie_id)",
                                        "Rows Removed by Index Recheck": 0
                                      }
                                    ]
                                  },
                                  {
                                    "Node Type": "Hash",
                                    "Parent Relationship": "Inner",
                                    "Parallel Aware": false,
                                    "Startup Cost": 1.05,
                                    "Total Cost": 1.05,
                                    "Plan Rows": 1,
                                    "Plan Width": 4,
                                    "Actual Startup Time": 0.015,
                                    "Actual Total Time": 0.017,
                                    "Actual Rows": 2,
                                    "Actual Loops": 1,
                                    "Hash Buckets": 1024,
                                    "Original Hash Buckets": 1024,
                                    "Hash Batches": 1,
                                    "Original Hash Batches": 1,
                                    "Peak Memory Usage": 9,
                                    "Plans": [
                                      {
                                        "Node Type": "Seq Scan",
                                        "Parent Relationship": "Outer",
                                        "Parallel Aware": false,
                                        "Relation Name": "comp_cast_type",
                                        "Alias": "cct2",
                                        "Startup Cost": 0.0,
                                        "Total Cost": 1.05,
                                        "Plan Rows": 1,
                                        "Plan Width": 4,
                                        "Actual Startup Time": 0.01,
                                        "Actual Total Time": 0.012,
                                        "Actual Rows": 2,
                                        "Actual Loops": 1,
                                        "Filter": "((kind)::text ~~ '%complete%'::text)",
                                        "Rows Removed by Filter": 2
                                      }
                                    ]
                                  }
                                ]
                              },
                              {
                                "Node Type": "Hash",
                                "Parent Relationship": "Inner",
                                "Parallel Aware": false,
                                "Startup Cost": 1.05,
                                "Total Cost": 1.05,
                                "Plan Rows": 1,
                                "Plan Width": 4,
                                "Actual Startup Time": 0.02,
                                "Actual Total Time": 0.021,
                                "Actual Rows": 1,
                                "Actual Loops": 1,
                                "Hash Buckets": 1024,
                                "Original Hash Buckets": 1024,
                                "Hash Batches": 1,
                                "Original Hash Batches": 1,
                                "Peak Memory Usage": 9,
                                "Plans": [
                                  {
                                    "Node Type": "Seq Scan",
                                    "Parent Relationship": "Outer",
                                    "Parallel Aware": false,
                                    "Relation Name": "comp_cast_type",
                                    "Alias": "cct1",
                                    "Startup Cost": 0.0,
                                    "Total Cost": 1.05,
                                    "Plan Rows": 1,
                                    "Plan Width": 4,
                                    "Actual Startup Time": 0.01,
                                    "Actual Total Time": 0.013,
                                    "Actual Rows": 1,
                                    "Actual Loops": 1,
                                    "Filter": "((kind)::text = 'cast'::text)",
                                    "Rows Removed by Filter": 3
                                  }
                                ]
                              }
                            ]
                          },
                          {
                            "Node Type": "Index Scan",
                            "Parent Relationship": "Inner",
                            "Parallel Aware": false,
                            "Scan Direction": "Forward",
                            "Index Name": "title_pkey",
                            "Relation Name": "title",
                            "Alias": "t",
                            "Startup Cost": 0.43,
                            "Total Cost": 0.49,
                            "Plan Rows": 1,
                            "Plan Width": 25,
                            "Actual Startup Time": 0.004,
                            "Actual Total Time": 0.004,
                            "Actual Rows": 0,
                            "Actual Loops": 17863,
                            "Index Cond": "(id = mk.movie_id)",
                            "Rows Removed by Index Recheck": 0,
                            "Filter": "(production_year > 1996)",
                            "Rows Removed by Filter": 1
                          }
                        ]
                      }
                    ]
                  },
                  {
                    "Node Type": "Index Scan",
                    "Parent Relationship": "Inner",
                    "Parallel Aware": false,
                    "Scan Direction": "Forward",
                    "Index Name": "movie_id_cast_info",
                    "Relation Name": "cast_info",
                    "Alias": "ci",
                    "Startup Cost": 0.56,
                    "Total Cost": 1.5,
                    "Plan Rows": 34,
                    "Plan Width": 12,
                    "Actual Startup Time": 0.009,
                    "Actual Total Time": 0.177,
                    "Actual Rows": 128,
                    "Actual Loops": 3740,
                    "Index Cond": "(movie_id = mk.movie_id)",
                    "Rows Removed by Index Recheck": 0
                  }
                ]
              },
              {
                "Node Type": "Index Scan",
                "Parent Relationship": "Inner",
                "Parallel Aware": false,
                "Scan Direction": "Forward",
                "Index Name": "char_name_pkey",
                "Relation Name": "char_name",
                "Alias": "chn",
                "Startup Cost": 0.43,
                "Total Cost": 0.46,
                "Plan Rows": 1,
                "Plan Width": 4,
                "Actual Startup Time": 0.001,
                "Actual Total Time": 0.001,
                "Actual Rows": 0,
                "Actual Loops": 479146,
                "Index Cond": "(id = ci.person_role_id)",
                "Rows Removed by Index Recheck": 0,
                "Filter": "((name IS NOT NULL) AND ((name ~~ '%Ram\u00edrez%'::text) OR (name ~~ '%Rafa%'::text)))",
                "Rows Removed by Filter": 0
              }
            ]
          },
          {
            "Node Type": "Index Scan",
            "Parent Relationship": "Inner",
            "Parallel Aware": false,
            "Scan Direction": "Forward",
            "Index Name": "name_pkey",
            "Relation Name": "name",
            "Alias": "n",
            "Startup Cost": 0.43,
            "Total Cost": 0.46,
            "Plan Rows": 1,
            "Plan Width": 19,
            "Actual Startup Time": 0.01,
            "Actual Total Time": 0.01,
            "Actual Rows": 1,
            "Actual Loops": 20,
            "Index Cond": "(id = ci.person_id)",
            "Rows Removed by Index Recheck": 0
          }
        ]
      }
    ]
  },
  "Planning Time": 2.472,
  "Triggers": [],
  "Execution Time": 1735.901
}