{
  "Plan": {
    "Node Type": "Aggregate",
    "Strategy": "Plain",
    "Partial Mode": "Finalize",
    "Parallel Aware": false,
    "Startup Cost": 591943.26,
    "Total Cost": 591943.27,
    "Plan Rows": 1,
    "Plan Width": 8,
    "Actual Startup Time": 5554.673,
    "Actual Total Time": 5616.369,
    "Actual Rows": 1,
    "Actual Loops": 1,
    "Plans": [
      {
        "Node Type": "Gather",
        "Parent Relationship": "Outer",
        "Parallel Aware": false,
        "Startup Cost": 591943.15,
        "Total Cost": 591943.26,
        "Plan Rows": 1,
        "Plan Width": 8,
        "Actual Startup Time": 5553.442,
        "Actual Total Time": 5616.358,
        "Actual Rows": 2,
        "Actual Loops": 1,
        "Workers Planned": 1,
        "Workers Launched": 1,
        "Single Copy": false,
        "Plans": [
          {
            "Node Type": "Aggregate",
            "Strategy": "Plain",
            "Partial Mode": "Partial",
            "Parent Relationship": "Outer",
            "Parallel Aware": false,
            "Startup Cost": 590943.15,
            "Total Cost": 590943.16,
            "Plan Rows": 1,
            "Plan Width": 8,
            "Actual Startup Time": 5547.174,
            "Actual Total Time": 5547.178,
            "Actual Rows": 1,
            "Actual Loops": 2,
            "Plans": [
              {
                "Node Type": "Hash Join",
                "Parent Relationship": "Outer",
                "Parallel Aware": true,
                "Join Type": "Inner",
                "Startup Cost": 57792.53,
                "Total Cost": 579525.88,
                "Plan Rows": 4566909,
                "Plan Width": 0,
                "Actual Startup Time": 199.162,
                "Actual Total Time": 5363.432,
                "Actual Rows": 4345718,
                "Actual Loops": 2,
                "Inner Unique": true,
                "Hash Cond": "(ci.movie_id = t.id)",
                "Plans": [
                  {
                    "Node Type": "Seq Scan",
                    "Parent Relationship": "Outer",
                    "Parallel Aware": true,
                    "Relation Name": "cast_info",
                    "Alias": "ci",
                    "Startup Cost": 0.0,
                    "Total Cost": 465792.95,
                    "Plan Rows": 21310595,
                    "Plan Width": 4,
                    "Actual Startup Time": 0.016,
                    "Actual Total Time": 1410.345,
                    "Actual Rows": 18122172,
                    "Actual Loops": 2
                  },
                  {
                    "Node Type": "Hash",
                    "Parent Relationship": "Inner",
                    "Parallel Aware": true,
                    "Startup Cost": 53808.56,
                    "Total Cost": 53808.56,
                    "Plan Rows": 318717,
                    "Plan Width": 4,
                    "Actual Startup Time": 189.883,
                    "Actual Total Time": 189.884,
                    "Actual Rows": 278660,
                    "Actual Loops": 2,
                    "Hash Buckets": 1048576,
                    "Original Hash Buckets": 1048576,
                    "Hash Batches": 1,
                    "Original Hash Batches": 1,
                    "Peak Memory Usage": 30048,
                    "Plans": [
                      {
                        "Node Type": "Bitmap Heap Scan",
                        "Parent Relationship": "Outer",
                        "Parallel Aware": true,
                        "Relation Name": "title",
                        "Alias": "t",
                        "Startup Cost": 11958.3,
                        "Total Cost": 53808.56,
                        "Plan Rows": 318717,
                        "Plan Width": 4,
                        "Actual Startup Time": 32.265,
                        "Actual Total Time": 106.672,
                        "Actual Rows": 278660,
                        "Actual Loops": 2,
                        "Recheck Cond": "(kind_id < 2)",
                        "Rows Removed by Index Recheck": 0,
                        "Filter": "(production_year < 2011)",
                        "Rows Removed by Filter": 52753,
                        "Exact Heap Blocks": 7709,
                        "Lossy Heap Blocks": 0,
                        "Plans": [
                          {
                            "Node Type": "Bitmap Index Scan",
                            "Parent Relationship": "Outer",
                            "Parallel Aware": false,
                            "Index Name": "kind_id_title",
                            "Startup Cost": 0.0,
                            "Total Cost": 11822.85,
                            "Plan Rows": 663256,
                            "Plan Width": 0,
                            "Actual Startup Time": 30.505,
                            "Actual Total Time": 30.505,
                            "Actual Rows": 662825,
                            "Actual Loops": 1,
                            "Index Cond": "(kind_id < 2)"
                          }
                        ]
                      }
                    ]
                  }
                ]
              }
            ]
          }
        ]
      }
    ]
  },
  "Planning Time": 0.695,
  "Triggers": [],
  "Execution Time": 5616.485
}