[
  {
    "Plan": {
      "Node Type": "Aggregate",
      "Strategy": "Plain",
      "Partial Mode": "Finalize",
      "Parallel Aware": false,
      "Startup Cost": 346970.13,
      "Total Cost": 346970.14,
      "Plan Rows": 1,
      "Plan Width": 8,
      "Actual Startup Time": 521.262,
      "Actual Total Time": 552.309,
      "Actual Rows": 1,
      "Actual Loops": 1,
      "Plans": [
        {
          "Node Type": "Gather",
          "Parent Relationship": "Outer",
          "Parallel Aware": false,
          "Startup Cost": 346969.5,
          "Total Cost": 346970.11,
          "Plan Rows": 6,
          "Plan Width": 8,
          "Actual Startup Time": 521.11,
          "Actual Total Time": 552.29,
          "Actual Rows": 7,
          "Actual Loops": 1,
          "Workers Planned": 6,
          "Workers Launched": 6,
          "Single Copy": false,
          "Plans": [
            {
              "Node Type": "Aggregate",
              "Strategy": "Plain",
              "Partial Mode": "Partial",
              "Parent Relationship": "Outer",
              "Parallel Aware": false,
              "Startup Cost": 345969.5,
              "Total Cost": 345969.51,
              "Plan Rows": 1,
              "Plan Width": 8,
              "Actual Startup Time": 513.41,
              "Actual Total Time": 513.412,
              "Actual Rows": 1,
              "Actual Loops": 7,
              "Plans": [
                {
                  "Node Type": "Index Scan",
                  "Parent Relationship": "Outer",
                  "Parallel Aware": true,
                  "Scan Direction": "Forward",
                  "Index Name": "role_id_cast_info",
                  "Relation Name": "cast_info",
                  "Alias": "ci",
                  "Startup Cost": 0.56,
                  "Total Cost": 341155.22,
                  "Plan Rows": 1925713,
                  "Plan Width": 0,
                  "Actual Startup Time": 0.114,
                  "Actual Total Time": 421.146,
                  "Actual Rows": 1810098,
                  "Actual Loops": 7,
                  "Index Cond": "(role_id = 1)",
                  "Rows Removed by Index Recheck": 0,
                  "Filter": "(person_id < 3472946)",
                  "Rows Removed by Filter": 0
                }
              ]
            }
          ]
        }
      ]
    },
    "Planning Time": 0.112,
    "Triggers": [],
    "Execution Time": 552.351
  }
]