[
    {
        "Bao": {
            "Bao prediction": 982.312,
            "Bao recommended hint": "SET enable_nestloop TO off; "
        }
    },
    {
        "Plan": {
            "Node Type": "Aggregate",
            "Strategy": "Plain",
            "Partial Mode": "Finalize",
            "Parallel Aware": false,
            "Startup Cost": 269163.67,
            "Total Cost": 269163.68,
            "Plan Rows": 1,
            "Plan Width": 8,
            "Actual Startup Time": 590.814,
            "Actual Total Time": 617.517,
            "Actual Rows": 1,
            "Actual Loops": 1,
            "Output": [
                "count(*)"
            ],
            "Plans": [
                {
                    "Node Type": "Gather",
                    "Parent Relationship": "Outer",
                    "Parallel Aware": false,
                    "Startup Cost": 269163.15,
                    "Total Cost": 269163.66,
                    "Plan Rows": 5,
                    "Plan Width": 8,
                    "Actual Startup Time": 589.583,
                    "Actual Total Time": 617.509,
                    "Actual Rows": 6,
                    "Actual Loops": 1,
                    "Output": [
                        "(PARTIAL count(*))"
                    ],
                    "Workers Planned": 5,
                    "Workers Launched": 5,
                    "Single Copy": false,
                    "Plans": [
                        {
                            "Node Type": "Aggregate",
                            "Strategy": "Plain",
                            "Partial Mode": "Partial",
                            "Parent Relationship": "Outer",
                            "Parallel Aware": false,
                            "Startup Cost": 268163.15,
                            "Total Cost": 268163.16,
                            "Plan Rows": 1,
                            "Plan Width": 8,
                            "Actual Startup Time": 579.346,
                            "Actual Total Time": 579.352,
                            "Actual Rows": 1,
                            "Actual Loops": 6,
                            "Output": [
                                "PARTIAL count(*)"
                            ],
                            "Workers": [
                                {
                                    "Worker Number": 0,
                                    "Actual Startup Time": 577.025,
                                    "Actual Total Time": 577.03,
                                    "Actual Rows": 1,
                                    "Actual Loops": 1
                                },
                                {
                                    "Worker Number": 1,
                                    "Actual Startup Time": 577.335,
                                    "Actual Total Time": 577.341,
                                    "Actual Rows": 1,
                                    "Actual Loops": 1
                                },
                                {
                                    "Worker Number": 2,
                                    "Actual Startup Time": 577.237,
                                    "Actual Total Time": 577.242,
                                    "Actual Rows": 1,
                                    "Actual Loops": 1
                                },
                                {
                                    "Worker Number": 3,
                                    "Actual Startup Time": 577.832,
                                    "Actual Total Time": 577.837,
                                    "Actual Rows": 1,
                                    "Actual Loops": 1
                                },
                                {
                                    "Worker Number": 4,
                                    "Actual Startup Time": 578.182,
                                    "Actual Total Time": 578.187,
                                    "Actual Rows": 1,
                                    "Actual Loops": 1
                                }
                            ],
                            "Plans": [
                                {
                                    "Node Type": "Hash Join",
                                    "Parent Relationship": "Outer",
                                    "Parallel Aware": true,
                                    "Join Type": "Inner",
                                    "Startup Cost": 66978.57,
                                    "Total Cost": 268136.85,
                                    "Plan Rows": 10518,
                                    "Plan Width": 0,
                                    "Actual Startup Time": 352.774,
                                    "Actual Total Time": 579.141,
                                    "Actual Rows": 2216,
                                    "Actual Loops": 6,
                                    "Inner Unique": false,
                                    "Hash Cond": "(mi.movie_id = t.id)",
                                    "Workers": [
                                        {
                                            "Worker Number": 0,
                                            "Actual Startup Time": 350.401,
                                            "Actual Total Time": 576.798,
                                            "Actual Rows": 2042,
                                            "Actual Loops": 1
                                        },
                                        {
                                            "Worker Number": 1,
                                            "Actual Startup Time": 350.765,
                                            "Actual Total Time": 577.12,
                                            "Actual Rows": 1944,
                                            "Actual Loops": 1
                                        },
                                        {
                                            "Worker Number": 2,
                                            "Actual Startup Time": 350.703,
                                            "Actual Total Time": 577.033,
                                            "Actual Rows": 1774,
                                            "Actual Loops": 1
                                        },
                                        {
                                            "Worker Number": 3,
                                            "Actual Startup Time": 351.25,
                                            "Actual Total Time": 577.622,
                                            "Actual Rows": 1906,
                                            "Actual Loops": 1
                                        },
                                        {
                                            "Worker Number": 4,
                                            "Actual Startup Time": 351.632,
                                            "Actual Total Time": 577.96,
                                            "Actual Rows": 2025,
                                            "Actual Loops": 1
                                        }
                                    ],
                                    "Plans": [
                                        {
                                            "Node Type": "Seq Scan",
                                            "Parent Relationship": "Outer",
                                            "Parallel Aware": true,
                                            "Relation Name": "movie_info",
                                            "Schema": "public",
                                            "Alias": "mi",
                                            "Startup Cost": 0.0,
                                            "Total Cost": 198880.74,
                                            "Plan Rows": 600336,
                                            "Plan Width": 4,
                                            "Actual Startup Time": 85.996,
                                            "Actual Total Time": 366.758,
                                            "Actual Rows": 506120,
                                            "Actual Loops": 6,
                                            "Output": [
                                                "mi.id",
                                                "mi.movie_id",
                                                "mi.info_type_id",
                                                "mi.info",
                                                "mi.note"
                                            ],
                                            "Filter": "(mi.info_type_id = 16)",
                                            "Rows Removed by Filter": 1966500,
                                            "Workers": [
                                                {
                                                    "Worker Number": 0,
                                                    "Actual Startup Time": 85.94,
                                                    "Actual Total Time": 367.743,
                                                    "Actual Rows": 446435,
                                                    "Actual Loops": 1
                                                },
                                                {
                                                    "Worker Number": 1,
                                                    "Actual Startup Time": 86.006,
                                                    "Actual Total Time": 367.173,
                                                    "Actual Rows": 453002,
                                                    "Actual Loops": 1
                                                },
                                                {
                                                    "Worker Number": 2,
                                                    "Actual Startup Time": 86.005,
                                                    "Actual Total Time": 367.544,
                                                    "Actual Rows": 437926,
                                                    "Actual Loops": 1
                                                },
                                                {
                                                    "Worker Number": 3,
                                                    "Actual Startup Time": 85.996,
                                                    "Actual Total Time": 367.259,
                                                    "Actual Rows": 451526,
                                                    "Actual Loops": 1
                                                },
                                                {
                                                    "Worker Number": 4,
                                                    "Actual Startup Time": 86.021,
                                                    "Actual Total Time": 367.061,
                                                    "Actual Rows": 452507,
                                                    "Actual Loops": 1
                                                }
                                            ]
                                        },
                                        {
                                            "Node Type": "Hash",
                                            "Parent Relationship": "Inner",
                                            "Parallel Aware": true,
                                            "Startup Cost": 66840.14,
                                            "Total Cost": 66840.14,
                                            "Plan Rows": 11074,
                                            "Plan Width": 8,
                                            "Actual Startup Time": 163.254,
                                            "Actual Total Time": 163.258,
                                            "Actual Rows": 1636,
                                            "Actual Loops": 6,
                                            "Output": [
                                                "t.id",
                                                "mc.movie_id"
                                            ],
                                            "Hash Buckets": 65536,
                                            "Original Hash Buckets": 65536,
                                            "Hash Batches": 1,
                                            "Original Hash Batches": 1,
                                            "Peak Memory Usage": 960,
                                            "Workers": [
                                                {
                                                    "Worker Number": 0,
                                                    "Actual Startup Time": 161.436,
                                                    "Actual Total Time": 161.44,
                                                    "Actual Rows": 1367,
                                                    "Actual Loops": 1
                                                },
                                                {
                                                    "Worker Number": 1,
                                                    "Actual Startup Time": 161.945,
                                                    "Actual Total Time": 161.949,
                                                    "Actual Rows": 1348,
                                                    "Actual Loops": 1
                                                },
                                                {
                                                    "Worker Number": 2,
                                                    "Actual Startup Time": 161.848,
                                                    "Actual Total Time": 161.852,
                                                    "Actual Rows": 1309,
                                                    "Actual Loops": 1
                                                },
                                                {
                                                    "Worker Number": 3,
                                                    "Actual Startup Time": 162.473,
                                                    "Actual Total Time": 162.477,
                                                    "Actual Rows": 1399,
                                                    "Actual Loops": 1
                                                },
                                                {
                                                    "Worker Number": 4,
                                                    "Actual Startup Time": 162.697,
                                                    "Actual Total Time": 162.7,
                                                    "Actual Rows": 1378,
                                                    "Actual Loops": 1
                                                }
                                            ],
                                            "Plans": [
                                                {
                                                    "Node Type": "Hash Join",
                                                    "Parent Relationship": "Outer",
                                                    "Parallel Aware": true,
                                                    "Join Type": "Inner",
                                                    "Startup Cost": 20584.21,
                                                    "Total Cost": 66840.14,
                                                    "Plan Rows": 11074,
                                                    "Plan Width": 8,
                                                    "Actual Startup Time": 140.135,
                                                    "Actual Total Time": 162.215,
                                                    "Actual Rows": 1636,
                                                    "Actual Loops": 6,
                                                    "Output": [
                                                        "t.id",
                                                        "mc.movie_id"
                                                    ],
                                                    "Inner Unique": false,
                                                    "Hash Cond": "(t.id = mc.movie_id)",
                                                    "Workers": [
                                                        {
                                                            "Worker Number": 0,
                                                            "Actual Startup Time": 143.835,
                                                            "Actual Total Time": 160.571,
                                                            "Actual Rows": 1367,
                                                            "Actual Loops": 1
                                                        },
                                                        {
                                                            "Worker Number": 1,
                                                            "Actual Startup Time": 144.259,
                                                            "Actual Total Time": 160.893,
                                                            "Actual Rows": 1348,
                                                            "Actual Loops": 1
                                                        },
                                                        {
                                                            "Worker Number": 2,
                                                            "Actual Startup Time": 140.222,
                                                            "Actual Total Time": 160.765,
                                                            "Actual Rows": 1309,
                                                            "Actual Loops": 1
                                                        },
                                                        {
                                                            "Worker Number": 3,
                                                            "Actual Startup Time": 137.297,
                                                            "Actual Total Time": 161.367,
                                                            "Actual Rows": 1399,
                                                            "Actual Loops": 1
                                                        },
                                                        {
                                                            "Worker Number": 4,
                                                            "Actual Startup Time": 137.601,
                                                            "Actual Total Time": 161.734,
                                                            "Actual Rows": 1378,
                                                            "Actual Loops": 1
                                                        }
                                                    ],
                                                    "Plans": [
                                                        {
                                                            "Node Type": "Seq Scan",
                                                            "Parent Relationship": "Outer",
                                                            "Parallel Aware": true,
                                                            "Relation Name": "title",
                                                            "Schema": "public",
                                                            "Alias": "t",
                                                            "Startup Cost": 0.0,
                                                            "Total Cost": 43899.01,
                                                            "Plan Rows": 464242,
                                                            "Plan Width": 4,
                                                            "Actual Startup Time": 0.02,
                                                            "Actual Total Time": 84.772,
                                                            "Actual Rows": 310914,
                                                            "Actual Loops": 6,
                                                            "Output": [
                                                                "t.id",
                                                                "t.title",
                                                                "t.imdb_index",
                                                                "t.kind_id",
                                                                "t.production_year",
                                                                "t.imdb_id",
                                                                "t.phonetic_code",
                                                                "t.episode_of_id",
                                                                "t.season_nr",
                                                                "t.episode_nr",
                                                                "t.series_years",
                                                                "t.md5sum"
                                                            ],
                                                            "Filter": "(t.kind_id > 1)",
                                                            "Rows Removed by Filter": 110471,
                                                            "Workers": [
                                                                {
                                                                    "Worker Number": 0,
                                                                    "Actual Startup Time": 0.011,
                                                                    "Actual Total Time": 85.894,
                                                                    "Actual Rows": 265846,
                                                                    "Actual Loops": 1
                                                                },
                                                                {
                                                                    "Worker Number": 1,
                                                                    "Actual Startup Time": 0.023,
                                                                    "Actual Total Time": 85.791,
                                                                    "Actual Rows": 266757,
                                                                    "Actual Loops": 1
                                                                },
                                                                {
                                                                    "Worker Number": 2,
                                                                    "Actual Startup Time": 0.021,
                                                                    "Actual Total Time": 85.904,
                                                                    "Actual Rows": 257398,
                                                                    "Actual Loops": 1
                                                                },
                                                                {
                                                                    "Worker Number": 3,
                                                                    "Actual Startup Time": 0.035,
                                                                    "Actual Total Time": 85.71,
                                                                    "Actual Rows": 263356,
                                                                    "Actual Loops": 1
                                                                },
                                                                {
                                                                    "Worker Number": 4,
                                                                    "Actual Startup Time": 0.025,
                                                                    "Actual Total Time": 86.013,
                                                                    "Actual Rows": 258548,
                                                                    "Actual Loops": 1
                                                                }
                                                            ]
                                                        },
                                                        {
                                                            "Node Type": "Hash",
                                                            "Parent Relationship": "Inner",
                                                            "Parallel Aware": true,
                                                            "Startup Cost": 20341.02,
                                                            "Total Cost": 20341.02,
                                                            "Plan Rows": 19455,
                                                            "Plan Width": 4,
                                                            "Actual Startup Time": 26.282,
                                                            "Actual Total Time": 26.283,
                                                            "Actual Rows": 10409,
                                                            "Actual Loops": 6,
                                                            "Output": [
                                                                "mc.movie_id"
                                                            ],
                                                            "Hash Buckets": 65536,
                                                            "Original Hash Buckets": 65536,
                                                            "Hash Batches": 1,
                                                            "Original Hash Batches": 1,
                                                            "Peak Memory Usage": 3040,
                                                            "Workers": [
                                                                {
                                                                    "Worker Number": 0,
                                                                    "Actual Startup Time": 24.839,
                                                                    "Actual Total Time": 24.841,
                                                                    "Actual Rows": 8509,
                                                                    "Actual Loops": 1
                                                                },
                                                                {
                                                                    "Worker Number": 1,
                                                                    "Actual Startup Time": 25.196,
                                                                    "Actual Total Time": 25.198,
                                                                    "Actual Rows": 9310,
                                                                    "Actual Loops": 1
                                                                },
                                                                {
                                                                    "Worker Number": 2,
                                                                    "Actual Startup Time": 25.036,
                                                                    "Actual Total Time": 25.038,
                                                                    "Actual Rows": 7686,
                                                                    "Actual Loops": 1
                                                                },
                                                                {
                                                                    "Worker Number": 3,
                                                                    "Actual Startup Time": 25.697,
                                                                    "Actual Total Time": 25.699,
                                                                    "Actual Rows": 9661,
                                                                    "Actual Loops": 1
                                                                },
                                                                {
                                                                    "Worker Number": 4,
                                                                    "Actual Startup Time": 26.048,
                                                                    "Actual Total Time": 26.05,
                                                                    "Actual Rows": 7990,
                                                                    "Actual Loops": 1
                                                                }
                                                            ],
                                                            "Plans": [
                                                                {
                                                                    "Node Type": "Bitmap Heap Scan",
                                                                    "Parent Relationship": "Outer",
                                                                    "Parallel Aware": true,
                                                                    "Relation Name": "movie_companies",
                                                                    "Schema": "public",
                                                                    "Alias": "mc",
                                                                    "Startup Cost": 1307.83,
                                                                    "Total Cost": 20341.02,
                                                                    "Plan Rows": 19455,
                                                                    "Plan Width": 4,
                                                                    "Actual Startup Time": 4.99,
                                                                    "Actual Total Time": 18.956,
                                                                    "Actual Rows": 10409,
                                                                    "Actual Loops": 6,
                                                                    "Output": [
                                                                        "mc.movie_id"
                                                                    ],
                                                                    "Recheck Cond": "(mc.company_id > 182022)",
                                                                    "Rows Removed by Index Recheck": 0,
                                                                    "Exact Heap Blocks": 695,
                                                                    "Lossy Heap Blocks": 0,
                                                                    "Workers": [
                                                                        {
                                                                            "Worker Number": 0,
                                                                            "Actual Startup Time": 3.656,
                                                                            "Actual Total Time": 18.09,
                                                                            "Actual Rows": 8509,
                                                                            "Actual Loops": 1
                                                                        },
                                                                        {
                                                                            "Worker Number": 1,
                                                                            "Actual Startup Time": 3.891,
                                                                            "Actual Total Time": 18.311,
                                                                            "Actual Rows": 9310,
                                                                            "Actual Loops": 1
                                                                        },
                                                                        {
                                                                            "Worker Number": 2,
                                                                            "Actual Startup Time": 3.774,
                                                                            "Actual Total Time": 18.267,
                                                                            "Actual Rows": 7686,
                                                                            "Actual Loops": 1
                                                                        },
                                                                        {
                                                                            "Worker Number": 3,
                                                                            "Actual Startup Time": 4.31,
                                                                            "Actual Total Time": 18.908,
                                                                            "Actual Rows": 9661,
                                                                            "Actual Loops": 1
                                                                        },
                                                                        {
                                                                            "Worker Number": 4,
                                                                            "Actual Startup Time": 4.841,
                                                                            "Actual Total Time": 19.364,
                                                                            "Actual Rows": 7990,
                                                                            "Actual Loops": 1
                                                                        }
                                                                    ],
                                                                    "Plans": [
                                                                        {
                                                                            "Node Type": "Bitmap Index Scan",
                                                                            "Parent Relationship": "Outer",
                                                                            "Parallel Aware": false,
                                                                            "Index Name": "company_id_movie_companies",
                                                                            "Startup Cost": 0.0,
                                                                            "Total Cost": 1292.76,
                                                                            "Plan Rows": 60310,
                                                                            "Plan Width": 0,
                                                                            "Actual Startup Time": 8.285,
                                                                            "Actual Total Time": 8.286,
                                                                            "Actual Rows": 62456,
                                                                            "Actual Loops": 1,
                                                                            "Index Cond": "(mc.company_id > 182022)"
                                                                        }
                                                                    ]
                                                                }
                                                            ]
                                                        }
                                                    ]
                                                }
                                            ]
                                        }
                                    ]
                                }
                            ]
                        }
                    ]
                }
            ]
        },
        "Planning Time": 1524.284,
        "Triggers": [],
        "Execution Time": 617.706
    }
]