[
  {
    "Plan": {
      "Node Type": "Aggregate",
      "Strategy": "Plain",
      "Partial Mode": "Finalize",
      "Parallel Aware": false,
      "Startup Cost": 62292.86,
      "Total Cost": 62292.87,
      "Plan Rows": 1,
      "Plan Width": 8,
      "Actual Startup Time": 102.166,
      "Actual Total Time": 120.167,
      "Actual Rows": 1,
      "Actual Loops": 1,
      "Plans": [
        {
          "Node Type": "Gather",
          "Parent Relationship": "Outer",
          "Parallel Aware": false,
          "Startup Cost": 62292.44,
          "Total Cost": 62292.85,
          "Plan Rows": 4,
          "Plan Width": 8,
          "Actual Startup Time": 101.97,
          "Actual Total Time": 120.154,
          "Actual Rows": 5,
          "Actual Loops": 1,
          "Workers Planned": 4,
          "Workers Launched": 4,
          "Single Copy": false,
          "Plans": [
            {
              "Node Type": "Aggregate",
              "Strategy": "Plain",
              "Partial Mode": "Partial",
              "Parent Relationship": "Outer",
              "Parallel Aware": false,
              "Startup Cost": 61292.44,
              "Total Cost": 61292.45,
              "Plan Rows": 1,
              "Plan Width": 8,
              "Actual Startup Time": 96.455,
              "Actual Total Time": 96.456,
              "Actual Rows": 1,
              "Actual Loops": 5,
              "Plans": [
                {
                  "Node Type": "Nested Loop",
                  "Parent Relationship": "Outer",
                  "Parallel Aware": false,
                  "Join Type": "Inner",
                  "Startup Cost": 0.43,
                  "Total Cost": 61291.84,
                  "Plan Rows": 241,
                  "Plan Width": 0,
                  "Actual Startup Time": 51.924,
                  "Actual Total Time": 96.268,
                  "Actual Rows": 2617,
                  "Actual Loops": 5,
                  "Inner Unique": false,
                  "Plans": [
                    {
                      "Node Type": "Seq Scan",
                      "Parent Relationship": "Outer",
                      "Parallel Aware": true,
                      "Relation Name": "title",
                      "Alias": "t",
                      "Startup Cost": 0.0,
                      "Total Cost": 45479.59,
                      "Plan Rows": 99,
                      "Plan Width": 4,
                      "Actual Startup Time": 51.786,
                      "Actual Total Time": 74.573,
                      "Actual Rows": 435,
                      "Actual Loops": 5,
                      "Filter": "((kind_id < 2) AND (production_year = 1942))",
                      "Rows Removed by Filter": 505227
                    },
                    {
                      "Node Type": "Index Scan",
                      "Parent Relationship": "Inner",
                      "Parallel Aware": false,
                      "Scan Direction": "Forward",
                      "Index Name": "movie_id_movie_info",
                      "Relation Name": "movie_info",
                      "Alias": "mi",
                      "Startup Cost": 0.43,
                      "Total Cost": 159.55,
                      "Plan Rows": 17,
                      "Plan Width": 4,
                      "Actual Startup Time": 0.025,
                      "Actual Total Time": 0.049,
                      "Actual Rows": 6,
                      "Actual Loops": 2177,
                      "Index Cond": "(movie_id = t.id)",
                      "Rows Removed by Index Recheck": 0,
                      "Filter": "(info_type_id > 8)",
                      "Rows Removed by Filter": 10
                    }
                  ]
                }
              ]
            }
          ]
        }
      ]
    },
    "Planning Time": 0.426,
    "Triggers": [],
    "Execution Time": 120.212
  }
]