[
  {
    "Plan": {
      "Node Type": "Aggregate",
      "Strategy": "Plain",
      "Partial Mode": "Finalize",
      "Parallel Aware": false,
      "Startup Cost": 130727.22,
      "Total Cost": 130727.23,
      "Plan Rows": 1,
      "Plan Width": 8,
      "Actual Startup Time": 733.907,
      "Actual Total Time": 756.341,
      "Actual Rows": 1,
      "Actual Loops": 1,
      "Plans": [
        {
          "Node Type": "Gather",
          "Parent Relationship": "Outer",
          "Parallel Aware": false,
          "Startup Cost": 130726.9,
          "Total Cost": 130727.21,
          "Plan Rows": 3,
          "Plan Width": 8,
          "Actual Startup Time": 728.096,
          "Actual Total Time": 756.331,
          "Actual Rows": 4,
          "Actual Loops": 1,
          "Workers Planned": 3,
          "Workers Launched": 3,
          "Single Copy": false,
          "Plans": [
            {
              "Node Type": "Aggregate",
              "Strategy": "Plain",
              "Partial Mode": "Partial",
              "Parent Relationship": "Outer",
              "Parallel Aware": false,
              "Startup Cost": 129726.9,
              "Total Cost": 129726.91,
              "Plan Rows": 1,
              "Plan Width": 8,
              "Actual Startup Time": 720.274,
              "Actual Total Time": 720.371,
              "Actual Rows": 1,
              "Actual Loops": 4,
              "Plans": [
                {
                  "Node Type": "Hash Join",
                  "Parent Relationship": "Outer",
                  "Parallel Aware": true,
                  "Join Type": "Inner",
                  "Startup Cost": 82995.8,
                  "Total Cost": 128621.26,
                  "Plan Rows": 442257,
                  "Plan Width": 0,
                  "Actual Startup Time": 430.928,
                  "Actual Total Time": 690.64,
                  "Actual Rows": 653712,
                  "Actual Loops": 4,
                  "Inner Unique": false,
                  "Hash Cond": "(mk.movie_id = t.id)",
                  "Plans": [
                    {
                      "Node Type": "Seq Scan",
                      "Parent Relationship": "Outer",
                      "Parallel Aware": true,
                      "Relation Name": "movie_keyword",
                      "Alias": "mk",
                      "Startup Cost": 0.0,
                      "Total Cost": 39047.32,
                      "Plan Rows": 1459332,
                      "Plan Width": 4,
                      "Actual Startup Time": 0.034,
                      "Actual Total Time": 96.651,
                      "Actual Rows": 1130982,
                      "Actual Loops": 4
                    },
                    {
                      "Node Type": "Hash",
                      "Parent Relationship": "Inner",
                      "Parallel Aware": true,
                      "Startup Cost": 80601.39,
                      "Total Cost": 80601.39,
                      "Plan Rows": 191553,
                      "Plan Width": 8,
                      "Actual Startup Time": 426.481,
                      "Actual Total Time": 426.577,
                      "Actual Rows": 120071,
                      "Actual Loops": 4,
                      "Hash Buckets": 1048576,
                      "Original Hash Buckets": 1048576,
                      "Hash Batches": 1,
                      "Original Hash Batches": 1,
                      "Peak Memory Usage": 27008,
                      "Plans": [
                        {
                          "Node Type": "Hash Join",
                          "Parent Relationship": "Outer",
                          "Parallel Aware": true,
                          "Join Type": "Inner",
                          "Startup Cost": 34504.38,
                          "Total Cost": 80601.39,
                          "Plan Rows": 191553,
                          "Plan Width": 8,
                          "Actual Startup Time": 133.858,
                          "Actual Total Time": 379.81,
                          "Actual Rows": 120071,
                          "Actual Loops": 4,
                          "Inner Unique": false,
                          "Hash Cond": "(t.id = mc.movie_id)",
                          "Plans": [
                            {
                              "Node Type": "Seq Scan",
                              "Parent Relationship": "Outer",
                              "Parallel Aware": true,
                              "Relation Name": "title",
                              "Alias": "t",
                              "Startup Cost": 0.0,
                              "Total Cost": 42318.73,
                              "Plan Rows": 632073,
                              "Plan Width": 4,
                              "Actual Startup Time": 0.013,
                              "Actual Total Time": 80.744,
                              "Actual Rows": 632078,
                              "Actual Loops": 4
                            },
                            {
                              "Node Type": "Hash",
                              "Parent Relationship": "Inner",
                              "Parallel Aware": true,
                              "Startup Cost": 31414.82,
                              "Total Cost": 31414.82,
                              "Plan Rows": 247165,
                              "Plan Width": 4,
                              "Actual Startup Time": 131.377,
                              "Actual Total Time": 131.378,
                              "Actual Rows": 120071,
                              "Actual Loops": 4,
                              "Hash Buckets": 1048576,
                              "Original Hash Buckets": 1048576,
                              "Hash Batches": 1,
                              "Original Hash Batches": 1,
                              "Peak Memory Usage": 27040,
                              "Plans": [
                                {
                                  "Node Type": "Seq Scan",
                                  "Parent Relationship": "Outer",
                                  "Parallel Aware": true,
                                  "Relation Name": "movie_companies",
                                  "Alias": "mc",
                                  "Startup Cost": 0.0,
                                  "Total Cost": 31414.82,
                                  "Plan Rows": 247165,
                                  "Plan Width": 4,
                                  "Actual Startup Time": 51.975,
                                  "Actual Total Time": 88.686,
                                  "Actual Rows": 120071,
                                  "Actual Loops": 4,
                                  "Filter": "((company_id < 14019) AND (company_type_id > 1))",
                                  "Rows Removed by Filter": 532211
                                }
                              ]
                            }
                          ]
                        }
                      ]
                    }
                  ]
                }
              ]
            }
          ]
        }
      ]
    },
    "Planning Time": 0.814,
    "Triggers": [],
    "Execution Time": 756.4
  }
]