{
  "Plan": {
    "Node Type": "Aggregate",
    "Strategy": "Plain",
    "Partial Mode": "Finalize",
    "Parallel Aware": false,
    "Startup Cost": 151899.18,
    "Total Cost": 151899.19,
    "Plan Rows": 1,
    "Plan Width": 8,
    "Actual Startup Time": 765.178,
    "Actual Total Time": 784.117,
    "Actual Rows": 1,
    "Actual Loops": 1,
    "Plans": [
      {
        "Node Type": "Gather",
        "Parent Relationship": "Outer",
        "Parallel Aware": false,
        "Startup Cost": 151899.07,
        "Total Cost": 151899.18,
        "Plan Rows": 1,
        "Plan Width": 8,
        "Actual Startup Time": 763.196,
        "Actual Total Time": 784.11,
        "Actual Rows": 2,
        "Actual Loops": 1,
        "Workers Planned": 1,
        "Workers Launched": 1,
        "Single Copy": false,
        "Plans": [
          {
            "Node Type": "Aggregate",
            "Strategy": "Plain",
            "Partial Mode": "Partial",
            "Parent Relationship": "Outer",
            "Parallel Aware": false,
            "Startup Cost": 150899.07,
            "Total Cost": 150899.08,
            "Plan Rows": 1,
            "Plan Width": 8,
            "Actual Startup Time": 757.217,
            "Actual Total Time": 757.223,
            "Actual Rows": 1,
            "Actual Loops": 2,
            "Plans": [
              {
                "Node Type": "Hash Join",
                "Parent Relationship": "Outer",
                "Parallel Aware": true,
                "Join Type": "Inner",
                "Startup Cost": 83658.47,
                "Total Cost": 150331.8,
                "Plan Rows": 226906,
                "Plan Width": 0,
                "Actual Startup Time": 439.661,
                "Actual Total Time": 751.066,
                "Actual Rows": 152206,
                "Actual Loops": 2,
                "Inner Unique": false,
                "Hash Cond": "(mk.movie_id = t.id)",
                "Plans": [
                  {
                    "Node Type": "Seq Scan",
                    "Parent Relationship": "Outer",
                    "Parallel Aware": true,
                    "Relation Name": "movie_keyword",
                    "Alias": "mk",
                    "Startup Cost": 0.0,
                    "Total Cost": 57718.19,
                    "Plan Rows": 2032107,
                    "Plan Width": 4,
                    "Actual Startup Time": 0.075,
                    "Actual Total Time": 189.651,
                    "Actual Rows": 1720308,
                    "Actual Loops": 2,
                    "Filter": "(keyword_id > 1091)",
                    "Rows Removed by Filter": 541657
                  },
                  {
                    "Node Type": "Hash",
                    "Parent Relationship": "Inner",
                    "Parallel Aware": true,
                    "Startup Cost": 81582.66,
                    "Total Cost": 81582.66,
                    "Plan Rows": 166065,
                    "Plan Width": 8,
                    "Actual Startup Time": 431.549,
                    "Actual Total Time": 431.553,
                    "Actual Rows": 70953,
                    "Actual Loops": 2,
                    "Hash Buckets": 524288,
                    "Original Hash Buckets": 524288,
                    "Hash Batches": 1,
                    "Original Hash Batches": 1,
                    "Peak Memory Usage": 9696,
                    "Plans": [
                      {
                        "Node Type": "Hash Join",
                        "Parent Relationship": "Outer",
                        "Parallel Aware": true,
                        "Join Type": "Inner",
                        "Startup Cost": 21497.23,
                        "Total Cost": 81582.66,
                        "Plan Rows": 166065,
                        "Plan Width": 8,
                        "Actual Startup Time": 120.455,
                        "Actual Total Time": 408.234,
                        "Actual Rows": 70953,
                        "Actual Loops": 2,
                        "Inner Unique": false,
                        "Hash Cond": "(t.id = mi_idx.movie_id)",
                        "Plans": [
                          {
                            "Node Type": "Seq Scan",
                            "Parent Relationship": "Outer",
                            "Parallel Aware": true,
                            "Relation Name": "title",
                            "Alias": "t",
                            "Startup Cost": 0.0,
                            "Total Cost": 54588.39,
                            "Plan Rows": 904038,
                            "Plan Width": 4,
                            "Actual Startup Time": 0.01,
                            "Actual Total Time": 137.483,
                            "Actual Rows": 771632,
                            "Actual Loops": 2,
                            "Filter": "(kind_id = 7)",
                            "Rows Removed by Filter": 492524
                          },
                          {
                            "Node Type": "Hash",
                            "Parent Relationship": "Inner",
                            "Parallel Aware": true,
                            "Startup Cost": 18082.32,
                            "Total Cost": 18082.32,
                            "Plan Rows": 273193,
                            "Plan Width": 4,
                            "Actual Startup Time": 117.168,
                            "Actual Total Time": 117.169,
                            "Actual Rows": 229962,
                            "Actual Loops": 2,
                            "Hash Buckets": 524288,
                            "Original Hash Buckets": 524288,
                            "Hash Batches": 1,
                            "Original Hash Batches": 1,
                            "Peak Memory Usage": 22112,
                            "Plans": [
                              {
                                "Node Type": "Seq Scan",
                                "Parent Relationship": "Outer",
                                "Parallel Aware": true,
                                "Relation Name": "movie_info_idx",
                                "Alias": "mi_idx",
                                "Startup Cost": 0.0,
                                "Total Cost": 18082.32,
                                "Plan Rows": 273193,
                                "Plan Width": 4,
                                "Actual Startup Time": 0.045,
                                "Actual Total Time": 65.04,
                                "Actual Rows": 229962,
                                "Actual Loops": 2,
                                "Filter": "(info_type_id = 100)",
                                "Rows Removed by Filter": 460055
                              }
                            ]
                          }
                        ]
                      }
                    ]
                  }
                ]
              }
            ]
          }
        ]
      }
    ]
  },
  "Planning Time": 0.85,
  "Triggers": [],
  "Execution Time": 784.193
}