[
  {
    "Plan": {
      "Node Type": "Aggregate",
      "Strategy": "Plain",
      "Partial Mode": "Finalize",
      "Parallel Aware": false,
      "Startup Cost": 221626.46,
      "Total Cost": 221626.47,
      "Plan Rows": 1,
      "Plan Width": 8,
      "Actual Startup Time": 330.672,
      "Actual Total Time": 346.442,
      "Actual Rows": 1,
      "Actual Loops": 1,
      "Plans": [
        {
          "Node Type": "Gather",
          "Parent Relationship": "Outer",
          "Parallel Aware": false,
          "Startup Cost": 221625.94,
          "Total Cost": 221626.45,
          "Plan Rows": 5,
          "Plan Width": 8,
          "Actual Startup Time": 322.225,
          "Actual Total Time": 346.433,
          "Actual Rows": 6,
          "Actual Loops": 1,
          "Workers Planned": 5,
          "Workers Launched": 5,
          "Single Copy": false,
          "Plans": [
            {
              "Node Type": "Aggregate",
              "Strategy": "Plain",
              "Partial Mode": "Partial",
              "Parent Relationship": "Outer",
              "Parallel Aware": false,
              "Startup Cost": 220625.94,
              "Total Cost": 220625.95,
              "Plan Rows": 1,
              "Plan Width": 8,
              "Actual Startup Time": 302.147,
              "Actual Total Time": 302.15,
              "Actual Rows": 1,
              "Actual Loops": 6,
              "Plans": [
                {
                  "Node Type": "Hash Join",
                  "Parent Relationship": "Outer",
                  "Parallel Aware": true,
                  "Join Type": "Inner",
                  "Startup Cost": 55838.3,
                  "Total Cost": 220470.96,
                  "Plan Rows": 61993,
                  "Plan Width": 0,
                  "Actual Startup Time": 272.855,
                  "Actual Total Time": 299.484,
                  "Actual Rows": 51131,
                  "Actual Loops": 6,
                  "Inner Unique": true,
                  "Hash Cond": "(mi.movie_id = t.id)",
                  "Plans": [
                    {
                      "Node Type": "Bitmap Heap Scan",
                      "Parent Relationship": "Outer",
                      "Parallel Aware": true,
                      "Relation Name": "movie_info",
                      "Alias": "mi",
                      "Startup Cost": 5618.66,
                      "Total Cost": 170088.58,
                      "Plan Rows": 61993,
                      "Plan Width": 4,
                      "Actual Startup Time": 10.842,
                      "Actual Total Time": 24.555,
                      "Actual Rows": 51131,
                      "Actual Loops": 6,
                      "Recheck Cond": "(info_type_id > 105)",
                      "Rows Removed by Index Recheck": 0,
                      "Exact Heap Blocks": 1005,
                      "Lossy Heap Blocks": 0,
                      "Plans": [
                        {
                          "Node Type": "Bitmap Index Scan",
                          "Parent Relationship": "Outer",
                          "Parallel Aware": false,
                          "Index Name": "info_type_id_movie_info",
                          "Startup Cost": 0.0,
                          "Total Cost": 5541.16,
                          "Plan Rows": 309964,
                          "Plan Width": 0,
                          "Actual Startup Time": 10.144,
                          "Actual Total Time": 10.145,
                          "Actual Rows": 306788,
                          "Actual Loops": 1,
                          "Index Cond": "(info_type_id > 105)"
                        }
                      ]
                    },
                    {
                      "Node Type": "Hash",
                      "Parent Relationship": "Inner",
                      "Parallel Aware": true,
                      "Startup Cost": 42318.73,
                      "Total Cost": 42318.73,
                      "Plan Rows": 632073,
                      "Plan Width": 4,
                      "Actual Startup Time": 254.514,
                      "Actual Total Time": 254.515,
                      "Actual Rows": 421385,
                      "Actual Loops": 6,
                      "Hash Buckets": 4194304,
                      "Original Hash Buckets": 4194304,
                      "Hash Batches": 1,
                      "Original Hash Batches": 1,
                      "Peak Memory Usage": 131776,
                      "Plans": [
                        {
                          "Node Type": "Seq Scan",
                          "Parent Relationship": "Outer",
                          "Parallel Aware": true,
                          "Relation Name": "title",
                          "Alias": "t",
                          "Startup Cost": 0.0,
                          "Total Cost": 42318.73,
                          "Plan Rows": 632073,
                          "Plan Width": 4,
                          "Actual Startup Time": 0.037,
                          "Actual Total Time": 75.488,
                          "Actual Rows": 421385,
                          "Actual Loops": 6
                        }
                      ]
                    }
                  ]
                }
              ]
            }
          ]
        }
      ]
    },
    "Planning Time": 0.628,
    "Triggers": [],
    "Execution Time": 346.534
  }
]