[
  {
    "Plan": {
      "Node Type": "Aggregate",
      "Strategy": "Plain",
      "Partial Mode": "Finalize",
      "Parallel Aware": false,
      "Startup Cost": 252068.56,
      "Total Cost": 252068.57,
      "Plan Rows": 1,
      "Plan Width": 8,
      "Actual Startup Time": 893.52,
      "Actual Total Time": 949.89,
      "Actual Rows": 1,
      "Actual Loops": 1,
      "Plans": [
        {
          "Node Type": "Gather",
          "Parent Relationship": "Outer",
          "Parallel Aware": false,
          "Startup Cost": 252068.04,
          "Total Cost": 252068.55,
          "Plan Rows": 5,
          "Plan Width": 8,
          "Actual Startup Time": 879.902,
          "Actual Total Time": 949.872,
          "Actual Rows": 6,
          "Actual Loops": 1,
          "Workers Planned": 5,
          "Workers Launched": 5,
          "Single Copy": false,
          "Plans": [
            {
              "Node Type": "Aggregate",
              "Strategy": "Plain",
              "Partial Mode": "Partial",
              "Parent Relationship": "Outer",
              "Parallel Aware": false,
              "Startup Cost": 251068.04,
              "Total Cost": 251068.05,
              "Plan Rows": 1,
              "Plan Width": 8,
              "Actual Startup Time": 865.207,
              "Actual Total Time": 865.213,
              "Actual Rows": 1,
              "Actual Loops": 6,
              "Plans": [
                {
                  "Node Type": "Hash Join",
                  "Parent Relationship": "Outer",
                  "Parallel Aware": true,
                  "Join Type": "Inner",
                  "Startup Cost": 49326.62,
                  "Total Cost": 250026.7,
                  "Plan Rows": 416536,
                  "Plan Width": 0,
                  "Actual Startup Time": 355.68,
                  "Actual Total Time": 847.187,
                  "Actual Rows": 365800,
                  "Actual Loops": 6,
                  "Inner Unique": true,
                  "Hash Cond": "(mi.movie_id = t.id)",
                  "Plans": [
                    {
                      "Node Type": "Seq Scan",
                      "Parent Relationship": "Outer",
                      "Parallel Aware": true,
                      "Relation Name": "movie_info",
                      "Alias": "mi",
                      "Startup Cost": 0.0,
                      "Total Cost": 199108.24,
                      "Plan Rows": 606414,
                      "Plan Width": 4,
                      "Actual Startup Time": 94.817,
                      "Actual Total Time": 414.096,
                      "Actual Rows": 506120,
                      "Actual Loops": 6,
                      "Filter": "(info_type_id = 16)",
                      "Rows Removed by Filter": 1966500
                    },
                    {
                      "Node Type": "Hash",
                      "Parent Relationship": "Inner",
                      "Parallel Aware": true,
                      "Startup Cost": 43899.32,
                      "Total Cost": 43899.32,
                      "Plan Rows": 434184,
                      "Plan Width": 4,
                      "Actual Startup Time": 256.274,
                      "Actual Total Time": 256.276,
                      "Actual Rows": 287539,
                      "Actual Loops": 6,
                      "Hash Buckets": 2097152,
                      "Original Hash Buckets": 2097152,
                      "Hash Batches": 1,
                      "Original Hash Batches": 1,
                      "Peak Memory Usage": 83968,
                      "Plans": [
                        {
                          "Node Type": "Seq Scan",
                          "Parent Relationship": "Outer",
                          "Parallel Aware": true,
                          "Relation Name": "title",
                          "Alias": "t",
                          "Startup Cost": 0.0,
                          "Total Cost": 43899.32,
                          "Plan Rows": 434184,
                          "Plan Width": 4,
                          "Actual Startup Time": 0.044,
                          "Actual Total Time": 109.408,
                          "Actual Rows": 287539,
                          "Actual Loops": 6,
                          "Filter": "(production_year > 1991)",
                          "Rows Removed by Filter": 133846
                        }
                      ]
                    }
                  ]
                }
              ]
            }
          ]
        }
      ]
    },
    "Planning Time": 0.325,
    "Triggers": [],
    "Execution Time": 949.956
  }
]