[
  {
    "Plan": {
      "Node Type": "Aggregate",
      "Strategy": "Plain",
      "Partial Mode": "Finalize",
      "Parallel Aware": false,
      "Startup Cost": 112243.38,
      "Total Cost": 112243.39,
      "Plan Rows": 1,
      "Plan Width": 8,
      "Actual Startup Time": 462.52,
      "Actual Total Time": 472.703,
      "Actual Rows": 1,
      "Actual Loops": 1,
      "Plans": [
        {
          "Node Type": "Gather",
          "Parent Relationship": "Outer",
          "Parallel Aware": false,
          "Startup Cost": 112243.06,
          "Total Cost": 112243.37,
          "Plan Rows": 3,
          "Plan Width": 8,
          "Actual Startup Time": 457.895,
          "Actual Total Time": 472.695,
          "Actual Rows": 4,
          "Actual Loops": 1,
          "Workers Planned": 3,
          "Workers Launched": 3,
          "Single Copy": false,
          "Plans": [
            {
              "Node Type": "Aggregate",
              "Strategy": "Plain",
              "Partial Mode": "Partial",
              "Parent Relationship": "Outer",
              "Parallel Aware": false,
              "Startup Cost": 111243.06,
              "Total Cost": 111243.07,
              "Plan Rows": 1,
              "Plan Width": 8,
              "Actual Startup Time": 454.786,
              "Actual Total Time": 454.982,
              "Actual Rows": 1,
              "Actual Loops": 4,
              "Plans": [
                {
                  "Node Type": "Hash Join",
                  "Parent Relationship": "Outer",
                  "Parallel Aware": true,
                  "Join Type": "Inner",
                  "Startup Cost": 63138.27,
                  "Total Cost": 111036.6,
                  "Plan Rows": 82583,
                  "Plan Width": 0,
                  "Actual Startup Time": 238.377,
                  "Actual Total Time": 439.14,
                  "Actual Rows": 387851,
                  "Actual Loops": 4,
                  "Inner Unique": false,
                  "Hash Cond": "(mk.movie_id = t.id)",
                  "Plans": [
                    {
                      "Node Type": "Seq Scan",
                      "Parent Relationship": "Outer",
                      "Parallel Aware": true,
                      "Relation Name": "movie_keyword",
                      "Alias": "mk",
                      "Startup Cost": 0.0,
                      "Total Cost": 42695.65,
                      "Plan Rows": 1295622,
                      "Plan Width": 4,
                      "Actual Startup Time": 0.007,
                      "Actual Total Time": 104.799,
                      "Actual Rows": 1006410,
                      "Actual Loops": 4,
                      "Filter": "(keyword_id < 36214)",
                      "Rows Removed by Filter": 124573
                    },
                    {
                      "Node Type": "Hash",
                      "Parent Relationship": "Inner",
                      "Parallel Aware": true,
                      "Startup Cost": 62298.92,
                      "Total Cost": 62298.92,
                      "Plan Rows": 67148,
                      "Plan Width": 8,
                      "Actual Startup Time": 237.43,
                      "Actual Total Time": 237.625,
                      "Actual Rows": 49494,
                      "Actual Loops": 4,
                      "Hash Buckets": 262144,
                      "Original Hash Buckets": 262144,
                      "Hash Batches": 1,
                      "Original Hash Batches": 1,
                      "Peak Memory Usage": 9824,
                      "Plans": [
                        {
                          "Node Type": "Hash Join",
                          "Parent Relationship": "Outer",
                          "Parallel Aware": true,
                          "Join Type": "Inner",
                          "Startup Cost": 46674.46,
                          "Total Cost": 62298.92,
                          "Plan Rows": 67148,
                          "Plan Width": 8,
                          "Actual Startup Time": 155.886,
                          "Actual Total Time": 222.667,
                          "Actual Rows": 49494,
                          "Actual Loops": 4,
                          "Inner Unique": true,
                          "Hash Cond": "(mi_idx.movie_id = t.id)",
                          "Plans": [
                            {
                              "Node Type": "Seq Scan",
                              "Parent Relationship": "Outer",
                              "Parallel Aware": true,
                              "Relation Name": "movie_info_idx",
                              "Alias": "mi_idx",
                              "Startup Cost": 0.0,
                              "Total Cost": 15122.68,
                              "Plan Rows": 191154,
                              "Plan Width": 4,
                              "Actual Startup Time": 0.019,
                              "Actual Total Time": 29.176,
                              "Actual Rows": 114981,
                              "Actual Loops": 4,
                              "Filter": "(info_type_id = 99)",
                              "Rows Removed by Filter": 230028
                            },
                            {
                              "Node Type": "Hash",
                              "Parent Relationship": "Inner",
                              "Parallel Aware": true,
                              "Startup Cost": 43899.01,
                              "Total Cost": 43899.01,
                              "Plan Rows": 222036,
                              "Plan Width": 4,
                              "Actual Startup Time": 154.198,
                              "Actual Total Time": 154.199,
                              "Actual Rows": 221412,
                              "Actual Loops": 4,
                              "Hash Buckets": 1048576,
                              "Original Hash Buckets": 1048576,
                              "Hash Batches": 1,
                              "Original Hash Batches": 1,
                              "Peak Memory Usage": 42912,
                              "Plans": [
                                {
                                  "Node Type": "Seq Scan",
                                  "Parent Relationship": "Outer",
                                  "Parallel Aware": true,
                                  "Relation Name": "title",
                                  "Alias": "t",
                                  "Startup Cost": 0.0,
                                  "Total Cost": 43899.01,
                                  "Plan Rows": 222036,
                                  "Plan Width": 4,
                                  "Actual Startup Time": 0.015,
                                  "Actual Total Time": 84.048,
                                  "Actual Rows": 221412,
                                  "Actual Loops": 4,
                                  "Filter": "(production_year < 1997)",
                                  "Rows Removed by Filter": 410666
                                }
                              ]
                            }
                          ]
                        }
                      ]
                    }
                  ]
                }
              ]
            }
          ]
        }
      ]
    },
    "Planning Time": 0.4,
    "Triggers": [],
    "Execution Time": 472.736
  }
]