{
    "Plan": {
        "Node Type": "Aggregate",
        "Strategy": "Plain",
        "Partial Mode": "Finalize",
        "Parallel Aware": false,
        "Startup Cost": 508064.97,
        "Total Cost": 508064.98,
        "Plan Rows": 1,
        "Plan Width": 64,
        "Actual Startup Time": 5613.497,
        "Actual Total Time": 5696.129,
        "Actual Rows": 1,
        "Actual Loops": 1,
        "Plans": [
            {
                "Node Type": "Gather",
                "Parent Relationship": "Outer",
                "Parallel Aware": false,
                "Startup Cost": 508064.86,
                "Total Cost": 508064.97,
                "Plan Rows": 1,
                "Plan Width": 64,
                "Actual Startup Time": 5572.631,
                "Actual Total Time": 5696.115,
                "Actual Rows": 2,
                "Actual Loops": 1,
                "Workers Planned": 1,
                "Workers Launched": 1,
                "Single Copy": false,
                "Plans": [
                    {
                        "Node Type": "Aggregate",
                        "Strategy": "Plain",
                        "Partial Mode": "Partial",
                        "Parent Relationship": "Outer",
                        "Parallel Aware": false,
                        "Startup Cost": 507064.86,
                        "Total Cost": 507064.87,
                        "Plan Rows": 1,
                        "Plan Width": 64,
                        "Actual Startup Time": 5566.92,
                        "Actual Total Time": 5566.934,
                        "Actual Rows": 1,
                        "Actual Loops": 2,
                        "Plans": [
                            {
                                "Node Type": "Hash Join",
                                "Parent Relationship": "Outer",
                                "Parallel Aware": true,
                                "Join Type": "Inner",
                                "Startup Cost": 427110.82,
                                "Total Cost": 506357.75,
                                "Plan Rows": 141421,
                                "Plan Width": 33,
                                "Actual Startup Time": 3878.712,
                                "Actual Total Time": 5472.873,
                                "Actual Rows": 1243806,
                                "Actual Loops": 2,
                                "Inner Unique": false,
                                "Hash Cond": "(n1.id = a1.person_id)",
                                "Plans": [
                                    {
                                        "Node Type": "Hash Join",
                                        "Parent Relationship": "Outer",
                                        "Parallel Aware": true,
                                        "Join Type": "Inner",
                                        "Startup Cost": 403785.28,
                                        "Total Cost": 479748.27,
                                        "Plan Rows": 653880,
                                        "Plan Width": 25,
                                        "Actual Startup Time": 3669.918,
                                        "Actual Total Time": 4982.247,
                                        "Actual Rows": 985329,
                                        "Actual Loops": 2,
                                        "Inner Unique": true,
                                        "Hash Cond": "(ci.person_id = n1.id)",
                                        "Plans": [
                                            {
                                                "Node Type": "Hash Join",
                                                "Parent Relationship": "Outer",
                                                "Parallel Aware": true,
                                                "Join Type": "Inner",
                                                "Startup Cost": 293014.31,
                                                "Total Cost": 367260.87,
                                                "Plan Rows": 653880,
                                                "Plan Width": 21,
                                                "Actual Startup Time": 2786.595,
                                                "Actual Total Time": 3819.082,
                                                "Actual Rows": 985329,
                                                "Actual Loops": 2,
                                                "Inner Unique": true,
                                                "Hash Cond": "(mc.company_id = cn.id)",
                                                "Plans": [
                                                    {
                                                        "Node Type": "Hash Join",
                                                        "Parent Relationship": "Outer",
                                                        "Parallel Aware": true,
                                                        "Join Type": "Inner",
                                                        "Startup Cost": 287675.16,
                                                        "Total Cost": 357108.75,
                                                        "Plan Rows": 1833475,
                                                        "Plan Width": 25,
                                                        "Actual Startup Time": 2752.011,
                                                        "Actual Total Time": 3535.385,
                                                        "Actual Rows": 2225426,
                                                        "Actual Loops": 2,
                                                        "Inner Unique": false,
                                                        "Hash Cond": "(mc.movie_id = ci.movie_id)",
                                                        "Plans": [
                                                            {
                                                                "Node Type": "Seq Scan",
                                                                "Parent Relationship": "Outer",
                                                                "Parallel Aware": true,
                                                                "Relation Name": "movie_companies",
                                                                "Alias": "mc",
                                                                "Startup Cost": 0.0,
                                                                "Total Cost": 34137.82,
                                                                "Plan Rows": 1534782,
                                                                "Plan Width": 8,
                                                                "Actual Startup Time": 0.01,
                                                                "Actual Total Time": 109.233,
                                                                "Actual Rows": 1304564,
                                                                "Actual Loops": 2
                                                            },
                                                            {
                                                                "Node Type": "Hash",
                                                                "Parent Relationship": "Inner",
                                                                "Parallel Aware": true,
                                                                "Startup Cost": 265466.61,
                                                                "Total Cost": 265466.61,
                                                                "Plan Rows": 1776684,
                                                                "Plan Width": 29,
                                                                "Actual Startup Time": 2733.859,
                                                                "Actual Total Time": 2733.864,
                                                                "Actual Rows": 1364472,
                                                                "Actual Loops": 2,
                                                                "Hash Buckets": 4194304,
                                                                "Original Hash Buckets": 4194304,
                                                                "Hash Batches": 1,
                                                                "Original Hash Batches": 1,
                                                                "Peak Memory Usage": 206080,
                                                                "Plans": [
                                                                    {
                                                                        "Node Type": "Hash Join",
                                                                        "Parent Relationship": "Outer",
                                                                        "Parallel Aware": false,
                                                                        "Join Type": "Inner",
                                                                        "Startup Cost": 187534.09,
                                                                        "Total Cost": 265466.61,
                                                                        "Plan Rows": 1776684,
                                                                        "Plan Width": 29,
                                                                        "Actual Startup Time": 1296.132,
                                                                        "Actual Total Time": 2281.081,
                                                                        "Actual Rows": 1364472,
                                                                        "Actual Loops": 2,
                                                                        "Inner Unique": false,
                                                                        "Hash Cond": "(t.id = ci.movie_id)",
                                                                        "Plans": [
                                                                            {
                                                                                "Node Type": "Seq Scan",
                                                                                "Parent Relationship": "Outer",
                                                                                "Parallel Aware": true,
                                                                                "Relation Name": "title",
                                                                                "Alias": "t",
                                                                                "Startup Cost": 0.0,
                                                                                "Total Cost": 50870.42,
                                                                                "Plan Rows": 1487242,
                                                                                "Plan Width": 21,
                                                                                "Actual Startup Time": 0.028,
                                                                                "Actual Total Time": 155.571,
                                                                                "Actual Rows": 1264156,
                                                                                "Actual Loops": 2
                                                                            },
                                                                            {
                                                                                "Node Type": "Hash",
                                                                                "Parent Relationship": "Inner",
                                                                                "Parallel Aware": false,
                                                                                "Startup Cost": 149779.57,
                                                                                "Total Cost": 149779.57,
                                                                                "Plan Rows": 3020362,
                                                                                "Plan Width": 8,
                                                                                "Actual Startup Time": 1276.48,
                                                                                "Actual Total Time": 1276.483,
                                                                                "Actual Rows": 2728943,
                                                                                "Actual Loops": 2,
                                                                                "Hash Buckets": 4194304,
                                                                                "Original Hash Buckets": 4194304,
                                                                                "Hash Batches": 1,
                                                                                "Original Hash Batches": 1,
                                                                                "Peak Memory Usage": 139368,
                                                                                "Plans": [
                                                                                    {
                                                                                        "Node Type": "Nested Loop",
                                                                                        "Parent Relationship": "Outer",
                                                                                        "Parallel Aware": false,
                                                                                        "Join Type": "Inner",
                                                                                        "Startup Cost": 0.56,
                                                                                        "Total Cost": 149779.57,
                                                                                        "Plan Rows": 3020362,
                                                                                        "Plan Width": 8,
                                                                                        "Actual Startup Time": 0.098,
                                                                                        "Actual Total Time": 628.048,
                                                                                        "Actual Rows": 2728943,
                                                                                        "Actual Loops": 2,
                                                                                        "Inner Unique": false,
                                                                                        "Plans": [
                                                                                            {
                                                                                                "Node Type": "Seq Scan",
                                                                                                "Parent Relationship": "Outer",
                                                                                                "Parallel Aware": false,
                                                                                                "Relation Name": "role_type",
                                                                                                "Alias": "rt",
                                                                                                "Startup Cost": 0.0,
                                                                                                "Total Cost": 1.15,
                                                                                                "Plan Rows": 1,
                                                                                                "Plan Width": 4,
                                                                                                "Actual Startup Time": 0.037,
                                                                                                "Actual Total Time": 0.043,
                                                                                                "Actual Rows": 1,
                                                                                                "Actual Loops": 2,
                                                                                                "Filter": "((role)::text = 'writer'::text)",
                                                                                                "Rows Removed by Filter": 11
                                                                                            },
                                                                                            {
                                                                                                "Node Type": "Index Scan",
                                                                                                "Parent Relationship": "Inner",
                                                                                                "Parallel Aware": false,
                                                                                                "Scan Direction": "Forward",
                                                                                                "Index Name": "role_id_cast_info",
                                                                                                "Relation Name": "cast_info",
                                                                                                "Alias": "ci",
                                                                                                "Startup Cost": 0.56,
                                                                                                "Total Cost": 116829.02,
                                                                                                "Plan Rows": 3294940,
                                                                                                "Plan Width": 12,
                                                                                                "Actual Startup Time": 0.053,
                                                                                                "Actual Total Time": 392.641,
                                                                                                "Actual Rows": 2728943,
                                                                                                "Actual Loops": 2,
                                                                                                "Index Cond": "(role_id = rt.id)",
                                                                                                "Rows Removed by Index Recheck": 0
                                                                                            }
                                                                                        ]
                                                                                    }
                                                                                ]
                                                                            }
                                                                        ]
                                                                    }
                                                                ]
                                                            }
                                                        ]
                                                    },
                                                    {
                                                        "Node Type": "Hash",
                                                        "Parent Relationship": "Inner",
                                                        "Parallel Aware": true,
                                                        "Startup Cost": 4722.92,
                                                        "Total Cost": 4722.92,
                                                        "Plan Rows": 49299,
                                                        "Plan Width": 4,
                                                        "Actual Startup Time": 34.269,
                                                        "Actual Total Time": 34.27,
                                                        "Actual Rows": 42422,
                                                        "Actual Loops": 2,
                                                        "Hash Buckets": 131072,
                                                        "Original Hash Buckets": 131072,
                                                        "Hash Batches": 1,
                                                        "Original Hash Batches": 1,
                                                        "Peak Memory Usage": 4384,
                                                        "Plans": [
                                                            {
                                                                "Node Type": "Seq Scan",
                                                                "Parent Relationship": "Outer",
                                                                "Parallel Aware": true,
                                                                "Relation Name": "company_name",
                                                                "Alias": "cn",
                                                                "Startup Cost": 0.0,
                                                                "Total Cost": 4722.92,
                                                                "Plan Rows": 49299,
                                                                "Plan Width": 4,
                                                                "Actual Startup Time": 0.013,
                                                                "Actual Total Time": 15.888,
                                                                "Actual Rows": 42422,
                                                                "Actual Loops": 2,
                                                                "Filter": "((country_code)::text = '[us]'::text)",
                                                                "Rows Removed by Filter": 75077
                                                            }
                                                        ]
                                                    }
                                                ]
                                            },
                                            {
                                                "Node Type": "Hash",
                                                "Parent Relationship": "Inner",
                                                "Parallel Aware": true,
                                                "Startup Cost": 80127.65,
                                                "Total Cost": 80127.65,
                                                "Plan Rows": 2451465,
                                                "Plan Width": 4,
                                                "Actual Startup Time": 870.823,
                                                "Actual Total Time": 870.824,
                                                "Actual Rows": 2083746,
                                                "Actual Loops": 2,
                                                "Hash Buckets": 4194304,
                                                "Original Hash Buckets": 4194304,
                                                "Hash Batches": 1,
                                                "Original Hash Batches": 1,
                                                "Peak Memory Usage": 195840,
                                                "Plans": [
                                                    {
                                                        "Node Type": "Seq Scan",
                                                        "Parent Relationship": "Outer",
                                                        "Parallel Aware": true,
                                                        "Relation Name": "name",
                                                        "Alias": "n1",
                                                        "Startup Cost": 0.0,
                                                        "Total Cost": 80127.65,
                                                        "Plan Rows": 2451465,
                                                        "Plan Width": 4,
                                                        "Actual Startup Time": 0.022,
                                                        "Actual Total Time": 284.261,
                                                        "Actual Rows": 2083746,
                                                        "Actual Loops": 2
                                                    }
                                                ]
                                            }
                                        ]
                                    },
                                    {
                                        "Node Type": "Hash",
                                        "Parent Relationship": "Inner",
                                        "Parallel Aware": true,
                                        "Startup Cost": 16698.02,
                                        "Total Cost": 16698.02,
                                        "Plan Rows": 530202,
                                        "Plan Width": 20,
                                        "Actual Startup Time": 199.762,
                                        "Actual Total Time": 199.764,
                                        "Actual Rows": 450672,
                                        "Actual Loops": 2,
                                        "Hash Buckets": 1048576,
                                        "Original Hash Buckets": 1048576,
                                        "Hash Batches": 1,
                                        "Original Hash Batches": 1,
                                        "Peak Memory Usage": 58048,
                                        "Plans": [
                                            {
                                                "Node Type": "Seq Scan",
                                                "Parent Relationship": "Outer",
                                                "Parallel Aware": true,
                                                "Relation Name": "aka_name",
                                                "Alias": "a1",
                                                "Startup Cost": 0.0,
                                                "Total Cost": 16698.02,
                                                "Plan Rows": 530202,
                                                "Plan Width": 20,
                                                "Actual Startup Time": 0.039,
                                                "Actual Total Time": 76.8,
                                                "Actual Rows": 450672,
                                                "Actual Loops": 2
                                            }
                                        ]
                                    }
                                ]
                            }
                        ]
                    }
                ]
            }
        ]
    },
    "Planning Time": 2.262,
    "Triggers": [],
    "Execution Time": 5697.438
}