{
  "Plan": {
    "Node Type": "Aggregate",
    "Strategy": "Plain",
    "Partial Mode": "Finalize",
    "Parallel Aware": false,
    "Startup Cost": 526530.6,
    "Total Cost": 526530.61,
    "Plan Rows": 1,
    "Plan Width": 8,
    "Actual Startup Time": 1703.298,
    "Actual Total Time": 1727.543,
    "Actual Rows": 1,
    "Actual Loops": 1,
    "Plans": [
      {
        "Node Type": "Gather",
        "Parent Relationship": "Outer",
        "Parallel Aware": false,
        "Startup Cost": 526530.49,
        "Total Cost": 526530.6,
        "Plan Rows": 1,
        "Plan Width": 8,
        "Actual Startup Time": 1700.146,
        "Actual Total Time": 1727.533,
        "Actual Rows": 2,
        "Actual Loops": 1,
        "Workers Planned": 1,
        "Workers Launched": 1,
        "Single Copy": false,
        "Plans": [
          {
            "Node Type": "Aggregate",
            "Strategy": "Plain",
            "Partial Mode": "Partial",
            "Parent Relationship": "Outer",
            "Parallel Aware": false,
            "Startup Cost": 525530.49,
            "Total Cost": 525530.5,
            "Plan Rows": 1,
            "Plan Width": 8,
            "Actual Startup Time": 1694.132,
            "Actual Total Time": 1694.453,
            "Actual Rows": 1,
            "Actual Loops": 2,
            "Plans": [
              {
                "Node Type": "Hash Join",
                "Parent Relationship": "Outer",
                "Parallel Aware": true,
                "Join Type": "Inner",
                "Startup Cost": 216918.11,
                "Total Cost": 524165.83,
                "Plan Rows": 545863,
                "Plan Width": 0,
                "Actual Startup Time": 735.874,
                "Actual Total Time": 1611.366,
                "Actual Rows": 2046876,
                "Actual Loops": 2,
                "Inner Unique": false,
                "Hash Cond": "(ci.movie_id = t.id)",
                "Plans": [
                  {
                    "Node Type": "Bitmap Heap Scan",
                    "Parent Relationship": "Outer",
                    "Parallel Aware": true,
                    "Relation Name": "cast_info",
                    "Alias": "ci",
                    "Startup Cost": 118649.37,
                    "Total Cost": 410836.19,
                    "Plan Rows": 3159985,
                    "Plan Width": 4,
                    "Actual Startup Time": 232.485,
                    "Actual Total Time": 513.631,
                    "Actual Rows": 2767442,
                    "Actual Loops": 2,
                    "Recheck Cond": "(person_id < 534367)",
                    "Rows Removed by Index Recheck": 0,
                    "Exact Heap Blocks": 30458,
                    "Lossy Heap Blocks": 0,
                    "Plans": [
                      {
                        "Node Type": "Bitmap Index Scan",
                        "Parent Relationship": "Outer",
                        "Parallel Aware": false,
                        "Index Name": "person_id_cast_info",
                        "Startup Cost": 0.0,
                        "Total Cost": 117306.38,
                        "Plan Rows": 5371975,
                        "Plan Width": 0,
                        "Actual Startup Time": 222.459,
                        "Actual Total Time": 222.46,
                        "Actual Rows": 5534884,
                        "Actual Loops": 1,
                        "Index Cond": "(person_id < 534367)"
                      }
                    ]
                  },
                  {
                    "Node Type": "Hash",
                    "Parent Relationship": "Inner",
                    "Parallel Aware": true,
                    "Startup Cost": 95057.39,
                    "Total Cost": 95057.39,
                    "Plan Rows": 256908,
                    "Plan Width": 8,
                    "Actual Startup Time": 497.808,
                    "Actual Total Time": 498.126,
                    "Actual Rows": 283883,
                    "Actual Loops": 2,
                    "Hash Buckets": 1048576,
                    "Original Hash Buckets": 524288,
                    "Hash Batches": 1,
                    "Original Hash Batches": 1,
                    "Peak Memory Usage": 34528,
                    "Plans": [
                      {
                        "Node Type": "Hash Join",
                        "Parent Relationship": "Outer",
                        "Parallel Aware": true,
                        "Join Type": "Inner",
                        "Startup Cost": 56890.76,
                        "Total Cost": 95057.39,
                        "Plan Rows": 256908,
                        "Plan Width": 8,
                        "Actual Startup Time": 177.305,
                        "Actual Total Time": 427.853,
                        "Actual Rows": 283883,
                        "Actual Loops": 2,
                        "Inner Unique": true,
                        "Hash Cond": "(mc.movie_id = t.id)",
                        "Plans": [
                          {
                            "Node Type": "Seq Scan",
                            "Parent Relationship": "Outer",
                            "Parallel Aware": true,
                            "Relation Name": "movie_companies",
                            "Alias": "mc",
                            "Startup Cost": 0.0,
                            "Total Cost": 34137.82,
                            "Plan Rows": 1534782,
                            "Plan Width": 4,
                            "Actual Startup Time": 0.014,
                            "Actual Total Time": 99.79,
                            "Actual Rows": 1304564,
                            "Actual Loops": 2
                          },
                          {
                            "Node Type": "Hash",
                            "Parent Relationship": "Inner",
                            "Parallel Aware": true,
                            "Startup Cost": 53778.91,
                            "Total Cost": 53778.91,
                            "Plan Rows": 248948,
                            "Plan Width": 4,
                            "Actual Startup Time": 131.235,
                            "Actual Total Time": 131.237,
                            "Actual Rows": 154549,
                            "Actual Loops": 2,
                            "Hash Buckets": 524288,
                            "Original Hash Buckets": 524288,
                            "Hash Batches": 1,
                            "Original Hash Batches": 1,
                            "Peak Memory Usage": 16192,
                            "Plans": [
                              {
                                "Node Type": "Bitmap Heap Scan",
                                "Parent Relationship": "Outer",
                                "Parallel Aware": true,
                                "Relation Name": "title",
                                "Alias": "t",
                                "Startup Cost": 11928.65,
                                "Total Cost": 53778.91,
                                "Plan Rows": 248948,
                                "Plan Width": 4,
                                "Actual Startup Time": 31.712,
                                "Actual Total Time": 96.435,
                                "Actual Rows": 154549,
                                "Actual Loops": 2,
                                "Recheck Cond": "(kind_id = 1)",
                                "Rows Removed by Index Recheck": 0,
                                "Filter": "(production_year > 1995)",
                                "Rows Removed by Filter": 176864,
                                "Exact Heap Blocks": 8161,
                                "Lossy Heap Blocks": 0,
                                "Plans": [
                                  {
                                    "Node Type": "Bitmap Index Scan",
                                    "Parent Relationship": "Outer",
                                    "Parallel Aware": false,
                                    "Index Name": "kind_id_title",
                                    "Startup Cost": 0.0,
                                    "Total Cost": 11822.85,
                                    "Plan Rows": 663256,
                                    "Plan Width": 0,
                                    "Actual Startup Time": 29.835,
                                    "Actual Total Time": 29.835,
                                    "Actual Rows": 662825,
                                    "Actual Loops": 1,
                                    "Index Cond": "(kind_id = 1)"
                                  }
                                ]
                              }
                            ]
                          }
                        ]
                      }
                    ]
                  }
                ]
              }
            ]
          }
        ]
      }
    ]
  },
  "Planning Time": 1.1,
  "Triggers": [],
  "Execution Time": 1727.661
}