{
  "Plan": {
    "Node Type": "Aggregate",
    "Strategy": "Plain",
    "Partial Mode": "Finalize",
    "Parallel Aware": false,
    "Startup Cost": 2619347.0,
    "Total Cost": 2619347.01,
    "Plan Rows": 1,
    "Plan Width": 8,
    "Actual Startup Time": 14000.299,
    "Actual Total Time": 14020.172,
    "Actual Rows": 1,
    "Actual Loops": 1,
    "Plans": [
      {
        "Node Type": "Gather",
        "Parent Relationship": "Outer",
        "Parallel Aware": false,
        "Startup Cost": 2619346.88,
        "Total Cost": 2619346.99,
        "Plan Rows": 1,
        "Plan Width": 8,
        "Actual Startup Time": 14000.288,
        "Actual Total Time": 14020.166,
        "Actual Rows": 2,
        "Actual Loops": 1,
        "Workers Planned": 1,
        "Workers Launched": 1,
        "Single Copy": false,
        "Plans": [
          {
            "Node Type": "Aggregate",
            "Strategy": "Plain",
            "Partial Mode": "Partial",
            "Parent Relationship": "Outer",
            "Parallel Aware": false,
            "Startup Cost": 2618346.88,
            "Total Cost": 2618346.89,
            "Plan Rows": 1,
            "Plan Width": 8,
            "Actual Startup Time": 13835.33,
            "Actual Total Time": 13835.338,
            "Actual Rows": 1,
            "Actual Loops": 2,
            "Plans": [
              {
                "Node Type": "Merge Join",
                "Parent Relationship": "Outer",
                "Parallel Aware": false,
                "Join Type": "Inner",
                "Startup Cost": 2289332.14,
                "Total Cost": 2576526.34,
                "Plan Rows": 16728217,
                "Plan Width": 0,
                "Actual Startup Time": 8447.991,
                "Actual Total Time": 12886.57,
                "Actual Rows": 23721799,
                "Actual Loops": 2,
                "Inner Unique": false,
                "Merge Cond": "(t.id = mi.movie_id)",
                "Plans": [
                  {
                    "Node Type": "Sort",
                    "Parent Relationship": "Outer",
                    "Parallel Aware": false,
                    "Startup Cost": 1294346.65,
                    "Total Cost": 1312496.17,
                    "Plan Rows": 7259809,
                    "Plan Width": 8,
                    "Actual Startup Time": 6042.362,
                    "Actual Total Time": 6845.467,
                    "Actual Rows": 6056823,
                    "Actual Loops": 2,
                    "Sort Key": [
                      "t.id"
                    ],
                    "Sort Method": "quicksort",
                    "Sort Space Used": 497578,
                    "Sort Space Type": "Memory",
                    "Workers": [
                      {
                        "Worker Number": 0,
                        "Sort Method": "quicksort",
                        "Sort Space Used": 463466,
                        "Sort Space Type": "Memory"
                      }
                    ],
                    "Plans": [
                      {
                        "Node Type": "Hash Join",
                        "Parent Relationship": "Outer",
                        "Parallel Aware": true,
                        "Join Type": "Inner",
                        "Startup Cost": 69461.26,
                        "Total Cost": 467036.96,
                        "Plan Rows": 7259809,
                        "Plan Width": 8,
                        "Actual Startup Time": 570.123,
                        "Actual Total Time": 4399.7,
                        "Actual Rows": 6056823,
                        "Actual Loops": 2,
                        "Inner Unique": true,
                        "Hash Cond": "(ci.movie_id = t.id)",
                        "Plans": [
                          {
                            "Node Type": "Index Scan",
                            "Parent Relationship": "Outer",
                            "Parallel Aware": true,
                            "Scan Direction": "Forward",
                            "Index Name": "role_id_cast_info",
                            "Relation Name": "cast_info",
                            "Alias": "ci",
                            "Startup Cost": 0.56,
                            "Total Cost": 378519.23,
                            "Plan Rows": 7259809,
                            "Plan Width": 4,
                            "Actual Startup Time": 0.046,
                            "Actual Total Time": 947.609,
                            "Actual Rows": 6056823,
                            "Actual Loops": 2,
                            "Index Cond": "(role_id > 3)",
                            "Rows Removed by Index Recheck": 0
                          },
                          {
                            "Node Type": "Hash",
                            "Parent Relationship": "Inner",
                            "Parallel Aware": true,
                            "Startup Cost": 50870.31,
                            "Total Cost": 50870.31,
                            "Plan Rows": 1487231,
                            "Plan Width": 4,
                            "Actual Startup Time": 549.056,
                            "Actual Total Time": 549.058,
                            "Actual Rows": 1264156,
                            "Actual Loops": 2,
                            "Hash Buckets": 4194304,
                            "Original Hash Buckets": 4194304,
                            "Hash Batches": 1,
                            "Original Hash Batches": 1,
                            "Peak Memory Usage": 131712,
                            "Plans": [
                              {
                                "Node Type": "Seq Scan",
                                "Parent Relationship": "Outer",
                                "Parallel Aware": true,
                                "Relation Name": "title",
                                "Alias": "t",
                                "Startup Cost": 0.0,
                                "Total Cost": 50870.31,
                                "Plan Rows": 1487231,
                                "Plan Width": 4,
                                "Actual Startup Time": 0.03,
                                "Actual Total Time": 157.438,
                                "Actual Rows": 1264156,
                                "Actual Loops": 2
                              }
                            ]
                          }
                        ]
                      }
                    ]
                  },
                  {
                    "Node Type": "Sort",
                    "Parent Relationship": "Inner",
                    "Parallel Aware": false,
                    "Startup Cost": 994984.76,
                    "Total Cost": 1009549.14,
                    "Plan Rows": 5825750,
                    "Plan Width": 4,
                    "Actual Startup Time": 2405.613,
                    "Actual Total Time": 3360.152,
                    "Actual Rows": 24972958,
                    "Actual Loops": 2,
                    "Sort Key": [
                      "mi.movie_id"
                    ],
                    "Sort Method": "quicksort",
                    "Sort Space Used": 472466,
                    "Sort Space Type": "Memory",
                    "Workers": [
                      {
                        "Worker Number": 0,
                        "Sort Method": "quicksort",
                        "Sort Space Used": 472466,
                        "Sort Space Type": "Memory"
                      }
                    ],
                    "Plans": [
                      {
                        "Node Type": "Bitmap Heap Scan",
                        "Parent Relationship": "Outer",
                        "Parallel Aware": false,
                        "Relation Name": "movie_info",
                        "Alias": "mi",
                        "Startup Cost": 105530.0,
                        "Total Cost": 340344.87,
                        "Plan Rows": 5825750,
                        "Plan Width": 4,
                        "Actual Startup Time": 189.475,
                        "Actual Total Time": 807.506,
                        "Actual Rows": 5884963,
                        "Actual Loops": 2,
                        "Recheck Cond": "(info_type_id < 7)",
                        "Rows Removed by Index Recheck": 0,
                        "Exact Heap Blocks": 39951,
                        "Lossy Heap Blocks": 0,
                        "Plans": [
                          {
                            "Node Type": "Bitmap Index Scan",
                            "Parent Relationship": "Outer",
                            "Parallel Aware": false,
                            "Index Name": "info_type_id_movie_info",
                            "Startup Cost": 0.0,
                            "Total Cost": 104073.56,
                            "Plan Rows": 5825750,
                            "Plan Width": 0,
                            "Actual Startup Time": 184.031,
                            "Actual Total Time": 184.032,
                            "Actual Rows": 5884963,
                            "Actual Loops": 2,
                            "Index Cond": "(info_type_id < 7)"
                          }
                        ]
                      }
                    ]
                  }
                ]
              }
            ]
          }
        ]
      }
    ]
  },
  "Planning Time": 1.049,
  "Triggers": [],
  "Execution Time": 14067.322
}