{
  "Plan": {
    "Node Type": "Aggregate",
    "Strategy": "Plain",
    "Partial Mode": "Finalize",
    "Parallel Aware": false,
    "Startup Cost": 427152.45,
    "Total Cost": 427152.46,
    "Plan Rows": 1,
    "Plan Width": 8,
    "Actual Startup Time": 4056.104,
    "Actual Total Time": 4111.251,
    "Actual Rows": 1,
    "Actual Loops": 1,
    "Plans": [
      {
        "Node Type": "Gather",
        "Parent Relationship": "Outer",
        "Parallel Aware": false,
        "Startup Cost": 427152.34,
        "Total Cost": 427152.45,
        "Plan Rows": 1,
        "Plan Width": 8,
        "Actual Startup Time": 4047.728,
        "Actual Total Time": 4111.241,
        "Actual Rows": 2,
        "Actual Loops": 1,
        "Workers Planned": 1,
        "Workers Launched": 1,
        "Single Copy": false,
        "Plans": [
          {
            "Node Type": "Aggregate",
            "Strategy": "Plain",
            "Partial Mode": "Partial",
            "Parent Relationship": "Outer",
            "Parallel Aware": false,
            "Startup Cost": 426152.34,
            "Total Cost": 426152.35,
            "Plan Rows": 1,
            "Plan Width": 8,
            "Actual Startup Time": 4041.0,
            "Actual Total Time": 4042.266,
            "Actual Rows": 1,
            "Actual Loops": 2,
            "Plans": [
              {
                "Node Type": "Hash Join",
                "Parent Relationship": "Outer",
                "Parallel Aware": true,
                "Join Type": "Inner",
                "Startup Cost": 340094.0,
                "Total Cost": 422280.26,
                "Plan Rows": 1548830,
                "Plan Width": 0,
                "Actual Startup Time": 2276.377,
                "Actual Total Time": 3532.271,
                "Actual Rows": 13026745,
                "Actual Loops": 2,
                "Inner Unique": false,
                "Hash Cond": "(mk.movie_id = t.id)",
                "Plans": [
                  {
                    "Node Type": "Seq Scan",
                    "Parent Relationship": "Outer",
                    "Parallel Aware": true,
                    "Relation Name": "movie_keyword",
                    "Alias": "mk",
                    "Startup Cost": 0.0,
                    "Total Cost": 57718.19,
                    "Plan Rows": 2457169,
                    "Plan Width": 4,
                    "Actual Startup Time": 0.02,
                    "Actual Total Time": 196.387,
                    "Actual Rows": 2093892,
                    "Actual Loops": 2,
                    "Filter": "(keyword_id < 49103)",
                    "Rows Removed by Filter": 168073
                  },
                  {
                    "Node Type": "Hash",
                    "Parent Relationship": "Inner",
                    "Parallel Aware": true,
                    "Startup Cost": 328375.9,
                    "Total Cost": 328375.9,
                    "Plan Rows": 937448,
                    "Plan Width": 8,
                    "Actual Startup Time": 2261.624,
                    "Actual Total Time": 2262.888,
                    "Actual Rows": 1456598,
                    "Actual Loops": 2,
                    "Hash Buckets": 4194304,
                    "Original Hash Buckets": 2097152,
                    "Hash Batches": 1,
                    "Original Hash Batches": 1,
                    "Peak Memory Usage": 163168,
                    "Plans": [
                      {
                        "Node Type": "Hash Join",
                        "Parent Relationship": "Outer",
                        "Parallel Aware": true,
                        "Join Type": "Inner",
                        "Startup Cost": 56592.41,
                        "Total Cost": 328375.9,
                        "Plan Rows": 937448,
                        "Plan Width": 8,
                        "Actual Startup Time": 177.889,
                        "Actual Total Time": 1855.06,
                        "Actual Rows": 1456598,
                        "Actual Loops": 2,
                        "Inner Unique": true,
                        "Hash Cond": "(mi.movie_id = t.id)",
                        "Plans": [
                          {
                            "Node Type": "Seq Scan",
                            "Parent Relationship": "Outer",
                            "Parallel Aware": true,
                            "Relation Name": "movie_info",
                            "Alias": "mi",
                            "Startup Cost": 0.0,
                            "Total Cost": 248955.74,
                            "Plan Rows": 8696274,
                            "Plan Width": 4,
                            "Actual Startup Time": 0.009,
                            "Actual Total Time": 617.925,
                            "Actual Rows": 7417860,
                            "Actual Loops": 2
                          },
                          {
                            "Node Type": "Hash",
                            "Parent Relationship": "Inner",
                            "Parallel Aware": true,
                            "Startup Cost": 54588.39,
                            "Total Cost": 54588.39,
                            "Plan Rows": 160322,
                            "Plan Width": 4,
                            "Actual Startup Time": 174.388,
                            "Actual Total Time": 174.388,
                            "Actual Rows": 142528,
                            "Actual Loops": 2,
                            "Hash Buckets": 524288,
                            "Original Hash Buckets": 524288,
                            "Hash Batches": 1,
                            "Original Hash Batches": 1,
                            "Peak Memory Usage": 15264,
                            "Plans": [
                              {
                                "Node Type": "Seq Scan",
                                "Parent Relationship": "Outer",
                                "Parallel Aware": true,
                                "Relation Name": "title",
                                "Alias": "t",
                                "Startup Cost": 0.0,
                                "Total Cost": 54588.39,
                                "Plan Rows": 160322,
                                "Plan Width": 4,
                                "Actual Startup Time": 0.029,
                                "Actual Total Time": 136.629,
                                "Actual Rows": 142528,
                                "Actual Loops": 2,
                                "Filter": "(production_year < 1964)",
                                "Rows Removed by Filter": 1121628
                              }
                            ]
                          }
                        ]
                      }
                    ]
                  }
                ]
              }
            ]
          }
        ]
      }
    ]
  },
  "Planning Time": 0.9,
  "Triggers": [],
  "Execution Time": 4111.331
}