[
  {
    "Plan": {
      "Node Type": "Aggregate",
      "Strategy": "Plain",
      "Partial Mode": "Finalize",
      "Parallel Aware": false,
      "Startup Cost": 46846.91,
      "Total Cost": 46846.92,
      "Plan Rows": 1,
      "Plan Width": 8,
      "Actual Startup Time": 176.451,
      "Actual Total Time": 186.969,
      "Actual Rows": 1,
      "Actual Loops": 1,
      "Plans": [
        {
          "Node Type": "Gather",
          "Parent Relationship": "Outer",
          "Parallel Aware": false,
          "Startup Cost": 46846.59,
          "Total Cost": 46846.9,
          "Plan Rows": 3,
          "Plan Width": 8,
          "Actual Startup Time": 176.318,
          "Actual Total Time": 186.96,
          "Actual Rows": 4,
          "Actual Loops": 1,
          "Workers Planned": 3,
          "Workers Launched": 3,
          "Single Copy": false,
          "Plans": [
            {
              "Node Type": "Aggregate",
              "Strategy": "Plain",
              "Partial Mode": "Partial",
              "Parent Relationship": "Outer",
              "Parallel Aware": false,
              "Startup Cost": 45846.59,
              "Total Cost": 45846.6,
              "Plan Rows": 1,
              "Plan Width": 8,
              "Actual Startup Time": 170.736,
              "Actual Total Time": 170.737,
              "Actual Rows": 1,
              "Actual Loops": 4,
              "Plans": [
                {
                  "Node Type": "Seq Scan",
                  "Parent Relationship": "Outer",
                  "Parallel Aware": true,
                  "Relation Name": "movie_keyword",
                  "Alias": "mk",
                  "Startup Cost": 0.0,
                  "Total Cost": 42695.65,
                  "Plan Rows": 1260375,
                  "Plan Width": 0,
                  "Actual Startup Time": 0.084,
                  "Actual Total Time": 125.722,
                  "Actual Rows": 974625,
                  "Actual Loops": 4,
                  "Filter": "(keyword_id > 484)",
                  "Rows Removed by Filter": 156358
                }
              ]
            }
          ]
        }
      ]
    },
    "Planning Time": 0.177,
    "Triggers": [],
    "Execution Time": 187.022
  }
]