[
  {
    "Plan": {
      "Node Type": "Aggregate",
      "Strategy": "Plain",
      "Partial Mode": "Finalize",
      "Parallel Aware": false,
      "Startup Cost": 86267.43,
      "Total Cost": 86267.44,
      "Plan Rows": 1,
      "Plan Width": 8,
      "Actual Startup Time": 329.66,
      "Actual Total Time": 359.304,
      "Actual Rows": 1,
      "Actual Loops": 1,
      "Plans": [
        {
          "Node Type": "Gather",
          "Parent Relationship": "Outer",
          "Parallel Aware": false,
          "Startup Cost": 86267.11,
          "Total Cost": 86267.42,
          "Plan Rows": 3,
          "Plan Width": 8,
          "Actual Startup Time": 328.693,
          "Actual Total Time": 359.284,
          "Actual Rows": 4,
          "Actual Loops": 1,
          "Workers Planned": 3,
          "Workers Launched": 3,
          "Single Copy": false,
          "Plans": [
            {
              "Node Type": "Aggregate",
              "Strategy": "Plain",
              "Partial Mode": "Partial",
              "Parent Relationship": "Outer",
              "Parallel Aware": false,
              "Startup Cost": 85267.11,
              "Total Cost": 85267.12,
              "Plan Rows": 1,
              "Plan Width": 8,
              "Actual Startup Time": 321.449,
              "Actual Total Time": 321.458,
              "Actual Rows": 1,
              "Actual Loops": 4,
              "Plans": [
                {
                  "Node Type": "Hash Join",
                  "Parent Relationship": "Outer",
                  "Parallel Aware": true,
                  "Join Type": "Inner",
                  "Startup Cost": 57967.29,
                  "Total Cost": 85258.01,
                  "Plan Rows": 3639,
                  "Plan Width": 0,
                  "Actual Startup Time": 181.597,
                  "Actual Total Time": 320.853,
                  "Actual Rows": 4553,
                  "Actual Loops": 4,
                  "Inner Unique": true,
                  "Hash Cond": "(mk.movie_id = t.id)",
                  "Plans": [
                    {
                      "Node Type": "Bitmap Heap Scan",
                      "Parent Relationship": "Outer",
                      "Parallel Aware": true,
                      "Relation Name": "movie_keyword",
                      "Alias": "mk",
                      "Startup Cost": 12334.38,
                      "Total Cost": 39132.78,
                      "Plan Rows": 187552,
                      "Plan Width": 4,
                      "Actual Startup Time": 59.115,
                      "Actual Total Time": 162.069,
                      "Actual Rows": 147710,
                      "Actual Loops": 4,
                      "Recheck Cond": "(keyword_id < 430)",
                      "Rows Removed by Index Recheck": 0,
                      "Exact Heap Blocks": 6569,
                      "Lossy Heap Blocks": 0,
                      "Plans": [
                        {
                          "Node Type": "Bitmap Index Scan",
                          "Parent Relationship": "Outer",
                          "Parallel Aware": false,
                          "Index Name": "keyword_id_movie_keyword",
                          "Startup Cost": 0.0,
                          "Total Cost": 12189.02,
                          "Plan Rows": 581412,
                          "Plan Width": 0,
                          "Actual Startup Time": 53.077,
                          "Actual Total Time": 53.078,
                          "Actual Rows": 590840,
                          "Actual Loops": 1,
                          "Index Cond": "(keyword_id < 430)"
                        }
                      ]
                    },
                    {
                      "Node Type": "Hash",
                      "Parent Relationship": "Inner",
                      "Parallel Aware": true,
                      "Startup Cost": 45479.59,
                      "Total Cost": 45479.59,
                      "Plan Rows": 12266,
                      "Plan Width": 4,
                      "Actual Startup Time": 121.107,
                      "Actual Total Time": 121.111,
                      "Actual Rows": 11003,
                      "Actual Loops": 4,
                      "Hash Buckets": 65536,
                      "Original Hash Buckets": 65536,
                      "Hash Batches": 1,
                      "Original Hash Batches": 1,
                      "Peak Memory Usage": 2336,
                      "Plans": [
                        {
                          "Node Type": "Seq Scan",
                          "Parent Relationship": "Outer",
                          "Parallel Aware": true,
                          "Relation Name": "title",
                          "Alias": "t",
                          "Startup Cost": 0.0,
                          "Total Cost": 45479.59,
                          "Plan Rows": 12266,
                          "Plan Width": 4,
                          "Actual Startup Time": 0.335,
                          "Actual Total Time": 115.865,
                          "Actual Rows": 11003,
                          "Actual Loops": 4,
                          "Filter": "((kind_id < 7) AND (production_year = 2009))",
                          "Rows Removed by Filter": 621075
                        }
                      ]
                    }
                  ]
                }
              ]
            }
          ]
        }
      ]
    },
    "Planning Time": 0.463,
    "Triggers": [],
    "Execution Time": 359.395
  }
]