[
    {
        "Bao": {
            "Bao prediction": "NaN",
            "Bao recommended hint": "(no hint)"
        }
    },
    {
        "Plan": {
            "Node Type": "Aggregate",
            "Strategy": "Plain",
            "Partial Mode": "Finalize",
            "Parallel Aware": false,
            "Startup Cost": 33153.79,
            "Total Cost": 33153.8,
            "Plan Rows": 1,
            "Plan Width": 8,
            "Actual Startup Time": 95.586,
            "Actual Total Time": 100.694,
            "Actual Rows": 1,
            "Actual Loops": 1,
            "Output": [
                "count(*)"
            ],
            "Plans": [
                {
                    "Node Type": "Gather",
                    "Parent Relationship": "Outer",
                    "Parallel Aware": false,
                    "Startup Cost": 33153.47,
                    "Total Cost": 33153.78,
                    "Plan Rows": 3,
                    "Plan Width": 8,
                    "Actual Startup Time": 95.497,
                    "Actual Total Time": 100.688,
                    "Actual Rows": 4,
                    "Actual Loops": 1,
                    "Output": [
                        "(PARTIAL count(*))"
                    ],
                    "Workers Planned": 3,
                    "Workers Launched": 3,
                    "Single Copy": false,
                    "Plans": [
                        {
                            "Node Type": "Aggregate",
                            "Strategy": "Plain",
                            "Partial Mode": "Partial",
                            "Parent Relationship": "Outer",
                            "Parallel Aware": false,
                            "Startup Cost": 32153.47,
                            "Total Cost": 32153.48,
                            "Plan Rows": 1,
                            "Plan Width": 8,
                            "Actual Startup Time": 87.316,
                            "Actual Total Time": 87.318,
                            "Actual Rows": 1,
                            "Actual Loops": 4,
                            "Output": [
                                "PARTIAL count(*)"
                            ],
                            "Workers": [
                                {
                                    "Worker Number": 0,
                                    "Actual Startup Time": 84.498,
                                    "Actual Total Time": 84.5,
                                    "Actual Rows": 1,
                                    "Actual Loops": 1
                                },
                                {
                                    "Worker Number": 1,
                                    "Actual Startup Time": 84.54,
                                    "Actual Total Time": 84.54,
                                    "Actual Rows": 1,
                                    "Actual Loops": 1
                                },
                                {
                                    "Worker Number": 2,
                                    "Actual Startup Time": 85.143,
                                    "Actual Total Time": 85.145,
                                    "Actual Rows": 1,
                                    "Actual Loops": 1
                                }
                            ],
                            "Plans": [
                                {
                                    "Node Type": "Seq Scan",
                                    "Parent Relationship": "Outer",
                                    "Parallel Aware": true,
                                    "Relation Name": "movie_companies",
                                    "Schema": "public",
                                    "Alias": "mc",
                                    "Startup Cost": 0.0,
                                    "Total Cost": 31414.82,
                                    "Plan Rows": 295461,
                                    "Plan Width": 0,
                                    "Actual Startup Time": 47.21,
                                    "Actual Total Time": 80.566,
                                    "Actual Rows": 149650,
                                    "Actual Loops": 4,
                                    "Output": [
                                        "id",
                                        "movie_id",
                                        "company_id",
                                        "company_type_id",
                                        "note"
                                    ],
                                    "Filter": "((mc.company_id < 28692) AND (mc.company_type_id > 1))",
                                    "Rows Removed by Filter": 502633,
                                    "Workers": [
                                        {
                                            "Worker Number": 0,
                                            "Actual Startup Time": 44.401,
                                            "Actual Total Time": 77.925,
                                            "Actual Rows": 96469,
                                            "Actual Loops": 1
                                        },
                                        {
                                            "Worker Number": 1,
                                            "Actual Startup Time": 44.428,
                                            "Actual Total Time": 78.009,
                                            "Actual Rows": 156166,
                                            "Actual Loops": 1
                                        },
                                        {
                                            "Worker Number": 2,
                                            "Actual Startup Time": 45.038,
                                            "Actual Total Time": 78.641,
                                            "Actual Rows": 157382,
                                            "Actual Loops": 1
                                        }
                                    ]
                                }
                            ]
                        }
                    ]
                }
            ]
        },
        "Planning Time": 194.184,
        "Triggers": [],
        "Execution Time": 100.75
    }
]