[
    {
        "Bao": {
            "Bao prediction": 469.716,
            "Bao recommended hint": "(no hint)"
        }
    },
    {
        "Plan": {
            "Node Type": "Aggregate",
            "Strategy": "Plain",
            "Partial Mode": "Finalize",
            "Parallel Aware": false,
            "Startup Cost": 33456.73,
            "Total Cost": 33456.74,
            "Plan Rows": 1,
            "Plan Width": 8,
            "Actual Startup Time": 123.103,
            "Actual Total Time": 128.817,
            "Actual Rows": 1,
            "Actual Loops": 1,
            "Output": [
                "count(*)"
            ],
            "Plans": [
                {
                    "Node Type": "Gather",
                    "Parent Relationship": "Outer",
                    "Parallel Aware": false,
                    "Startup Cost": 33456.41,
                    "Total Cost": 33456.72,
                    "Plan Rows": 3,
                    "Plan Width": 8,
                    "Actual Startup Time": 122.966,
                    "Actual Total Time": 128.809,
                    "Actual Rows": 4,
                    "Actual Loops": 1,
                    "Output": [
                        "(PARTIAL count(*))"
                    ],
                    "Workers Planned": 3,
                    "Workers Launched": 3,
                    "Single Copy": false,
                    "Plans": [
                        {
                            "Node Type": "Aggregate",
                            "Strategy": "Plain",
                            "Partial Mode": "Partial",
                            "Parent Relationship": "Outer",
                            "Parallel Aware": false,
                            "Startup Cost": 32456.41,
                            "Total Cost": 32456.42,
                            "Plan Rows": 1,
                            "Plan Width": 8,
                            "Actual Startup Time": 115.31,
                            "Actual Total Time": 115.311,
                            "Actual Rows": 1,
                            "Actual Loops": 4,
                            "Output": [
                                "PARTIAL count(*)"
                            ],
                            "Workers": [
                                {
                                    "Worker Number": 0,
                                    "Actual Startup Time": 112.784,
                                    "Actual Total Time": 112.785,
                                    "Actual Rows": 1,
                                    "Actual Loops": 1
                                },
                                {
                                    "Worker Number": 1,
                                    "Actual Startup Time": 112.957,
                                    "Actual Total Time": 112.958,
                                    "Actual Rows": 1,
                                    "Actual Loops": 1
                                },
                                {
                                    "Worker Number": 2,
                                    "Actual Startup Time": 113.12,
                                    "Actual Total Time": 113.121,
                                    "Actual Rows": 1,
                                    "Actual Loops": 1
                                }
                            ],
                            "Plans": [
                                {
                                    "Node Type": "Seq Scan",
                                    "Parent Relationship": "Outer",
                                    "Parallel Aware": true,
                                    "Relation Name": "movie_companies",
                                    "Schema": "public",
                                    "Alias": "mc",
                                    "Startup Cost": 0.0,
                                    "Total Cost": 31414.82,
                                    "Plan Rows": 416637,
                                    "Plan Width": 0,
                                    "Actual Startup Time": 50.566,
                                    "Actual Total Time": 97.24,
                                    "Actual Rows": 329584,
                                    "Actual Loops": 4,
                                    "Output": [
                                        "id",
                                        "movie_id",
                                        "company_id",
                                        "company_type_id",
                                        "note"
                                    ],
                                    "Filter": "((mc.company_id > 11) AND (mc.company_type_id = 2))",
                                    "Rows Removed by Filter": 322698,
                                    "Workers": [
                                        {
                                            "Worker Number": 0,
                                            "Actual Startup Time": 48.032,
                                            "Actual Total Time": 94.861,
                                            "Actual Rows": 275077,
                                            "Actual Loops": 1
                                        },
                                        {
                                            "Worker Number": 1,
                                            "Actual Startup Time": 48.207,
                                            "Actual Total Time": 94.979,
                                            "Actual Rows": 274357,
                                            "Actual Loops": 1
                                        },
                                        {
                                            "Worker Number": 2,
                                            "Actual Startup Time": 48.386,
                                            "Actual Total Time": 95.425,
                                            "Actual Rows": 270576,
                                            "Actual Loops": 1
                                        }
                                    ]
                                }
                            ]
                        }
                    ]
                }
            ]
        },
        "Planning Time": 660.764,
        "Triggers": [],
        "Execution Time": 128.893
    }
]