[
  {
    "Plan": {
      "Node Type": "Aggregate",
      "Strategy": "Plain",
      "Partial Mode": "Finalize",
      "Parallel Aware": false,
      "Startup Cost": 194276.28,
      "Total Cost": 194276.29,
      "Plan Rows": 1,
      "Plan Width": 8,
      "Actual Startup Time": 168.365,
      "Actual Total Time": 201.889,
      "Actual Rows": 1,
      "Actual Loops": 1,
      "Plans": [
        {
          "Node Type": "Gather",
          "Parent Relationship": "Outer",
          "Parallel Aware": false,
          "Startup Cost": 194275.86,
          "Total Cost": 194276.27,
          "Plan Rows": 4,
          "Plan Width": 8,
          "Actual Startup Time": 168.105,
          "Actual Total Time": 201.882,
          "Actual Rows": 5,
          "Actual Loops": 1,
          "Workers Planned": 4,
          "Workers Launched": 4,
          "Single Copy": false,
          "Plans": [
            {
              "Node Type": "Aggregate",
              "Strategy": "Plain",
              "Partial Mode": "Partial",
              "Parent Relationship": "Outer",
              "Parallel Aware": false,
              "Startup Cost": 193275.86,
              "Total Cost": 193275.87,
              "Plan Rows": 1,
              "Plan Width": 8,
              "Actual Startup Time": 161.347,
              "Actual Total Time": 161.35,
              "Actual Rows": 1,
              "Actual Loops": 5,
              "Plans": [
                {
                  "Node Type": "Nested Loop",
                  "Parent Relationship": "Outer",
                  "Parallel Aware": false,
                  "Join Type": "Inner",
                  "Startup Cost": 0.56,
                  "Total Cost": 193226.17,
                  "Plan Rows": 19876,
                  "Plan Width": 0,
                  "Actual Startup Time": 50.5,
                  "Actual Total Time": 159.44,
                  "Actual Rows": 19029,
                  "Actual Loops": 5,
                  "Inner Unique": false,
                  "Plans": [
                    {
                      "Node Type": "Seq Scan",
                      "Parent Relationship": "Outer",
                      "Parallel Aware": true,
                      "Relation Name": "title",
                      "Alias": "t",
                      "Startup Cost": 0.0,
                      "Total Cost": 45479.59,
                      "Plan Rows": 1386,
                      "Plan Width": 4,
                      "Actual Startup Time": 50.372,
                      "Actual Total Time": 73.137,
                      "Actual Rows": 972,
                      "Actual Loops": 5,
                      "Filter": "((kind_id = 1) AND (production_year = 1988))",
                      "Rows Removed by Filter": 504690
                    },
                    {
                      "Node Type": "Index Only Scan",
                      "Parent Relationship": "Inner",
                      "Parallel Aware": false,
                      "Scan Direction": "Forward",
                      "Index Name": "movie_id_cast_info",
                      "Relation Name": "cast_info",
                      "Alias": "ci",
                      "Startup Cost": 0.56,
                      "Total Cost": 106.25,
                      "Plan Rows": 35,
                      "Plan Width": 4,
                      "Actual Startup Time": 0.014,
                      "Actual Total Time": 0.086,
                      "Actual Rows": 20,
                      "Actual Loops": 4860,
                      "Index Cond": "(movie_id = t.id)",
                      "Rows Removed by Index Recheck": 0,
                      "Heap Fetches": 95143
                    }
                  ]
                }
              ]
            }
          ]
        }
      ]
    },
    "Planning Time": 0.271,
    "Triggers": [],
    "Execution Time": 201.945
  }
]