[
  {
    "Plan": {
      "Node Type": "Aggregate",
      "Strategy": "Plain",
      "Partial Mode": "Finalize",
      "Parallel Aware": false,
      "Startup Cost": 233300.02,
      "Total Cost": 233300.03,
      "Plan Rows": 1,
      "Plan Width": 8,
      "Actual Startup Time": 269.745,
      "Actual Total Time": 293.68,
      "Actual Rows": 1,
      "Actual Loops": 1,
      "Plans": [
        {
          "Node Type": "Gather",
          "Parent Relationship": "Outer",
          "Parallel Aware": false,
          "Startup Cost": 233299.39,
          "Total Cost": 233300.0,
          "Plan Rows": 6,
          "Plan Width": 8,
          "Actual Startup Time": 269.407,
          "Actual Total Time": 293.668,
          "Actual Rows": 7,
          "Actual Loops": 1,
          "Workers Planned": 6,
          "Workers Launched": 6,
          "Single Copy": false,
          "Plans": [
            {
              "Node Type": "Aggregate",
              "Strategy": "Plain",
              "Partial Mode": "Partial",
              "Parent Relationship": "Outer",
              "Parallel Aware": false,
              "Startup Cost": 232299.39,
              "Total Cost": 232299.4,
              "Plan Rows": 1,
              "Plan Width": 8,
              "Actual Startup Time": 259.711,
              "Actual Total Time": 259.713,
              "Actual Rows": 1,
              "Actual Loops": 7,
              "Plans": [
                {
                  "Node Type": "Index Scan",
                  "Parent Relationship": "Outer",
                  "Parallel Aware": true,
                  "Scan Direction": "Forward",
                  "Index Name": "role_id_cast_info",
                  "Relation Name": "cast_info",
                  "Alias": "ci",
                  "Startup Cost": 0.56,
                  "Total Cost": 230750.01,
                  "Plan Rows": 619754,
                  "Plan Width": 0,
                  "Actual Startup Time": 0.161,
                  "Actual Total Time": 246.056,
                  "Actual Rows": 264913,
                  "Actual Loops": 7,
                  "Index Cond": "(role_id > 5)",
                  "Rows Removed by Index Recheck": 0,
                  "Filter": "(person_id < 1544710)",
                  "Rows Removed by Filter": 947417
                }
              ]
            }
          ]
        }
      ]
    },
    "Planning Time": 0.198,
    "Triggers": [],
    "Execution Time": 293.738
  }
]