[
  {
    "Plan": {
      "Node Type": "Aggregate",
      "Strategy": "Plain",
      "Partial Mode": "Finalize",
      "Parallel Aware": false,
      "Startup Cost": 96033.16,
      "Total Cost": 96033.17,
      "Plan Rows": 1,
      "Plan Width": 8,
      "Actual Startup Time": 379.922,
      "Actual Total Time": 400.454,
      "Actual Rows": 1,
      "Actual Loops": 1,
      "Plans": [
        {
          "Node Type": "Gather",
          "Parent Relationship": "Outer",
          "Parallel Aware": false,
          "Startup Cost": 96032.95,
          "Total Cost": 96033.16,
          "Plan Rows": 2,
          "Plan Width": 8,
          "Actual Startup Time": 377.785,
          "Actual Total Time": 400.447,
          "Actual Rows": 3,
          "Actual Loops": 1,
          "Workers Planned": 2,
          "Workers Launched": 2,
          "Single Copy": false,
          "Plans": [
            {
              "Node Type": "Aggregate",
              "Strategy": "Plain",
              "Partial Mode": "Partial",
              "Parent Relationship": "Outer",
              "Parallel Aware": false,
              "Startup Cost": 95032.95,
              "Total Cost": 95032.96,
              "Plan Rows": 1,
              "Plan Width": 8,
              "Actual Startup Time": 374.086,
              "Actual Total Time": 374.092,
              "Actual Rows": 1,
              "Actual Loops": 3,
              "Plans": [
                {
                  "Node Type": "Hash Join",
                  "Parent Relationship": "Outer",
                  "Parallel Aware": true,
                  "Join Type": "Inner",
                  "Startup Cost": 79055.94,
                  "Total Cost": 94973.76,
                  "Plan Rows": 23675,
                  "Plan Width": 0,
                  "Actual Startup Time": 285.74,
                  "Actual Total Time": 373.139,
                  "Actual Rows": 19937,
                  "Actual Loops": 3,
                  "Inner Unique": false,
                  "Hash Cond": "(mi_idx.movie_id = t.id)",
                  "Plans": [
                    {
                      "Node Type": "Seq Scan",
                      "Parent Relationship": "Outer",
                      "Parallel Aware": true,
                      "Relation Name": "movie_info_idx",
                      "Alias": "mi_idx",
                      "Startup Cost": 0.0,
                      "Total Cost": 13685.15,
                      "Plan Rows": 575015,
                      "Plan Width": 4,
                      "Actual Startup Time": 0.021,
                      "Actual Total Time": 42.061,
                      "Actual Rows": 460012,
                      "Actual Loops": 3
                    },
                    {
                      "Node Type": "Hash",
                      "Parent Relationship": "Inner",
                      "Parallel Aware": true,
                      "Startup Cost": 78636.16,
                      "Total Cost": 78636.16,
                      "Plan Rows": 33582,
                      "Plan Width": 8,
                      "Actual Startup Time": 284.206,
                      "Actual Total Time": 284.21,
                      "Actual Rows": 23187,
                      "Actual Loops": 3,
                      "Hash Buckets": 131072,
                      "Original Hash Buckets": 131072,
                      "Hash Batches": 1,
                      "Original Hash Batches": 1,
                      "Peak Memory Usage": 3776,
                      "Plans": [
                        {
                          "Node Type": "Hash Join",
                          "Parent Relationship": "Outer",
                          "Parallel Aware": true,
                          "Join Type": "Inner",
                          "Startup Cost": 46599.26,
                          "Total Cost": 78636.16,
                          "Plan Rows": 33582,
                          "Plan Width": 8,
                          "Actual Startup Time": 198.123,
                          "Actual Total Time": 277.276,
                          "Actual Rows": 23187,
                          "Actual Loops": 3,
                          "Inner Unique": true,
                          "Hash Cond": "(mc.movie_id = t.id)",
                          "Plans": [
                            {
                              "Node Type": "Seq Scan",
                              "Parent Relationship": "Outer",
                              "Parallel Aware": true,
                              "Relation Name": "movie_companies",
                              "Alias": "mc",
                              "Startup Cost": 0.0,
                              "Total Cost": 31414.82,
                              "Plan Rows": 236984,
                              "Plan Width": 4,
                              "Actual Startup Time": 44.129,
                              "Actual Total Time": 89.528,
                              "Actual Rows": 154177,
                              "Actual Loops": 3,
                              "Filter": "((company_id < 12944) AND (company_type_id = 2))",
                              "Rows Removed by Filter": 715533
                            },
                            {
                              "Node Type": "Hash",
                              "Parent Relationship": "Inner",
                              "Parallel Aware": true,
                              "Startup Cost": 45479.59,
                              "Total Cost": 45479.59,
                              "Plan Rows": 89574,
                              "Plan Width": 4,
                              "Actual Startup Time": 152.093,
                              "Actual Total Time": 152.094,
                              "Actual Rows": 84589,
                              "Actual Loops": 3,
                              "Hash Buckets": 524288,
                              "Original Hash Buckets": 524288,
                              "Hash Batches": 1,
                              "Original Hash Batches": 1,
                              "Peak Memory Usage": 14080,
                              "Plans": [
                                {
                                  "Node Type": "Seq Scan",
                                  "Parent Relationship": "Outer",
                                  "Parallel Aware": true,
                                  "Relation Name": "title",
                                  "Alias": "t",
                                  "Startup Cost": 0.0,
                                  "Total Cost": 45479.59,
                                  "Plan Rows": 89574,
                                  "Plan Width": 4,
                                  "Actual Startup Time": 0.022,
                                  "Actual Total Time": 121.214,
                                  "Actual Rows": 84589,
                                  "Actual Loops": 3,
                                  "Filter": "((production_year < 1986) AND (kind_id = 7))",
                                  "Rows Removed by Filter": 758182
                                }
                              ]
                            }
                          ]
                        }
                      ]
                    }
                  ]
                }
              ]
            }
          ]
        }
      ]
    },
    "Planning Time": 0.604,
    "Triggers": [],
    "Execution Time": 400.501
  }
]