[
    {
        "Bao": {
            "Bao prediction": "NaN",
            "Bao recommended hint": "(no hint)"
        }
    },
    {
        "Plan": {
            "Node Type": "Aggregate",
            "Strategy": "Plain",
            "Partial Mode": "Finalize",
            "Parallel Aware": false,
            "Startup Cost": 23447.57,
            "Total Cost": 23447.58,
            "Plan Rows": 1,
            "Plan Width": 8,
            "Actual Startup Time": 34.434,
            "Actual Total Time": 38.328,
            "Actual Rows": 1,
            "Actual Loops": 1,
            "Output": [
                "count(*)"
            ],
            "Plans": [
                {
                    "Node Type": "Gather",
                    "Parent Relationship": "Outer",
                    "Parallel Aware": false,
                    "Startup Cost": 23447.26,
                    "Total Cost": 23447.57,
                    "Plan Rows": 3,
                    "Plan Width": 8,
                    "Actual Startup Time": 34.28,
                    "Actual Total Time": 38.321,
                    "Actual Rows": 4,
                    "Actual Loops": 1,
                    "Output": [
                        "(PARTIAL count(*))"
                    ],
                    "Workers Planned": 3,
                    "Workers Launched": 3,
                    "Single Copy": false,
                    "Plans": [
                        {
                            "Node Type": "Aggregate",
                            "Strategy": "Plain",
                            "Partial Mode": "Partial",
                            "Parent Relationship": "Outer",
                            "Parallel Aware": false,
                            "Startup Cost": 22447.26,
                            "Total Cost": 22447.27,
                            "Plan Rows": 1,
                            "Plan Width": 8,
                            "Actual Startup Time": 25.821,
                            "Actual Total Time": 25.823,
                            "Actual Rows": 1,
                            "Actual Loops": 4,
                            "Output": [
                                "PARTIAL count(*)"
                            ],
                            "Workers": [
                                {
                                    "Worker Number": 0,
                                    "Actual Startup Time": 22.632,
                                    "Actual Total Time": 22.633,
                                    "Actual Rows": 1,
                                    "Actual Loops": 1
                                },
                                {
                                    "Worker Number": 1,
                                    "Actual Startup Time": 23.172,
                                    "Actual Total Time": 23.173,
                                    "Actual Rows": 1,
                                    "Actual Loops": 1
                                },
                                {
                                    "Worker Number": 2,
                                    "Actual Startup Time": 23.49,
                                    "Actual Total Time": 23.492,
                                    "Actual Rows": 1,
                                    "Actual Loops": 1
                                }
                            ],
                            "Plans": [
                                {
                                    "Node Type": "Bitmap Heap Scan",
                                    "Parent Relationship": "Outer",
                                    "Parallel Aware": true,
                                    "Relation Name": "movie_companies",
                                    "Schema": "public",
                                    "Alias": "mc",
                                    "Startup Cost": 2941.03,
                                    "Total Cost": 22391.16,
                                    "Plan Rows": 22437,
                                    "Plan Width": 0,
                                    "Actual Startup Time": 2.095,
                                    "Actual Total Time": 23.305,
                                    "Actual Rows": 34712,
                                    "Actual Loops": 4,
                                    "Recheck Cond": "(mc.company_id > 136900)",
                                    "Rows Removed by Index Recheck": 0,
                                    "Filter": "(mc.company_type_id > 1)",
                                    "Rows Removed by Filter": 0,
                                    "Exact Heap Blocks": 2517,
                                    "Lossy Heap Blocks": 0,
                                    "Workers": [
                                        {
                                            "Worker Number": 0,
                                            "Actual Startup Time": 0.186,
                                            "Actual Total Time": 20.64,
                                            "Actual Rows": 15948,
                                            "Actual Loops": 1
                                        },
                                        {
                                            "Worker Number": 1,
                                            "Actual Startup Time": 0.201,
                                            "Actual Total Time": 21.132,
                                            "Actual Rows": 15543,
                                            "Actual Loops": 1
                                        },
                                        {
                                            "Worker Number": 2,
                                            "Actual Startup Time": 0.173,
                                            "Actual Total Time": 21.411,
                                            "Actual Rows": 15345,
                                            "Actual Loops": 1
                                        }
                                    ],
                                    "Plans": [
                                        {
                                            "Node Type": "Bitmap Index Scan",
                                            "Parent Relationship": "Outer",
                                            "Parallel Aware": false,
                                            "Index Name": "company_id_movie_companies",
                                            "Startup Cost": 0.0,
                                            "Total Cost": 2923.64,
                                            "Plan Rows": 136428,
                                            "Plan Width": 0,
                                            "Actual Startup Time": 7.153,
                                            "Actual Total Time": 7.153,
                                            "Actual Rows": 138848,
                                            "Actual Loops": 1,
                                            "Index Cond": "(mc.company_id > 136900)"
                                        }
                                    ]
                                }
                            ]
                        }
                    ]
                }
            ]
        },
        "Planning Time": 175.99,
        "Triggers": [],
        "Execution Time": 38.394
    }
]