[
    {
        "Bao": {
            "Bao prediction": "NaN",
            "Bao recommended hint": "(no hint)"
        }
    },
    {
        "Plan": {
            "Node Type": "Aggregate",
            "Strategy": "Plain",
            "Partial Mode": "Simple",
            "Parallel Aware": false,
            "Startup Cost": 13916.54,
            "Total Cost": 13916.55,
            "Plan Rows": 1,
            "Plan Width": 8,
            "Actual Startup Time": 7.545,
            "Actual Total Time": 7.546,
            "Actual Rows": 1,
            "Actual Loops": 1,
            "Output": [
                "count(*)"
            ],
            "Plans": [
                {
                    "Node Type": "Bitmap Heap Scan",
                    "Parent Relationship": "Outer",
                    "Parallel Aware": false,
                    "Relation Name": "movie_keyword",
                    "Schema": "public",
                    "Alias": "mk",
                    "Startup Cost": 126.01,
                    "Total Cost": 13901.84,
                    "Plan Rows": 5881,
                    "Plan Width": 0,
                    "Actual Startup Time": 1.107,
                    "Actual Total Time": 7.18,
                    "Actual Rows": 6516,
                    "Actual Loops": 1,
                    "Recheck Cond": "(mk.keyword_id = 196)",
                    "Rows Removed by Index Recheck": 0,
                    "Exact Heap Blocks": 3894,
                    "Lossy Heap Blocks": 0,
                    "Plans": [
                        {
                            "Node Type": "Bitmap Index Scan",
                            "Parent Relationship": "Outer",
                            "Parallel Aware": false,
                            "Index Name": "keyword_id_movie_keyword",
                            "Startup Cost": 0.0,
                            "Total Cost": 124.54,
                            "Plan Rows": 5881,
                            "Plan Width": 0,
                            "Actual Startup Time": 0.587,
                            "Actual Total Time": 0.588,
                            "Actual Rows": 6516,
                            "Actual Loops": 1,
                            "Index Cond": "(mk.keyword_id = 196)"
                        }
                    ]
                }
            ]
        },
        "Planning Time": 182.452,
        "Triggers": [],
        "Execution Time": 7.589
    }
]