[
  {
    "Plan": {
      "Node Type": "Aggregate",
      "Strategy": "Plain",
      "Partial Mode": "Finalize",
      "Parallel Aware": false,
      "Startup Cost": 156172.96,
      "Total Cost": 156172.97,
      "Plan Rows": 1,
      "Plan Width": 8,
      "Actual Startup Time": 477.76,
      "Actual Total Time": 504.347,
      "Actual Rows": 1,
      "Actual Loops": 1,
      "Plans": [
        {
          "Node Type": "Gather",
          "Parent Relationship": "Outer",
          "Parallel Aware": false,
          "Startup Cost": 156172.44,
          "Total Cost": 156172.95,
          "Plan Rows": 5,
          "Plan Width": 8,
          "Actual Startup Time": 475.457,
          "Actual Total Time": 504.339,
          "Actual Rows": 6,
          "Actual Loops": 1,
          "Workers Planned": 5,
          "Workers Launched": 5,
          "Single Copy": false,
          "Plans": [
            {
              "Node Type": "Aggregate",
              "Strategy": "Plain",
              "Partial Mode": "Partial",
              "Parent Relationship": "Outer",
              "Parallel Aware": false,
              "Startup Cost": 155172.44,
              "Total Cost": 155172.45,
              "Plan Rows": 1,
              "Plan Width": 8,
              "Actual Startup Time": 465.792,
              "Actual Total Time": 465.795,
              "Actual Rows": 1,
              "Actual Loops": 6,
              "Plans": [
                {
                  "Node Type": "Hash Join",
                  "Parent Relationship": "Outer",
                  "Parallel Aware": true,
                  "Join Type": "Inner",
                  "Startup Cost": 47430.59,
                  "Total Cost": 154687.57,
                  "Plan Rows": 193949,
                  "Plan Width": 0,
                  "Actual Startup Time": 133.162,
                  "Actual Total Time": 457.551,
                  "Actual Rows": 150938,
                  "Actual Loops": 6,
                  "Inner Unique": true,
                  "Hash Cond": "(ci.movie_id = t.id)",
                  "Plans": [
                    {
                      "Node Type": "Index Scan",
                      "Parent Relationship": "Outer",
                      "Parallel Aware": true,
                      "Scan Direction": "Forward",
                      "Index Name": "role_id_cast_info",
                      "Relation Name": "cast_info",
                      "Alias": "ci",
                      "Startup Cost": 0.56,
                      "Total Cost": 105195.1,
                      "Plan Rows": 785695,
                      "Plan Width": 4,
                      "Actual Startup Time": 0.174,
                      "Actual Total Time": 147.395,
                      "Actual Rows": 668006,
                      "Actual Loops": 6,
                      "Index Cond": "(role_id = 3)",
                      "Rows Removed by Index Recheck": 0
                    },
                    {
                      "Node Type": "Hash",
                      "Parent Relationship": "Inner",
                      "Parallel Aware": true,
                      "Startup Cost": 45479.59,
                      "Total Cost": 45479.59,
                      "Plan Rows": 156035,
                      "Plan Width": 4,
                      "Actual Startup Time": 130.254,
                      "Actual Total Time": 130.255,
                      "Actual Rows": 98132,
                      "Actual Loops": 6,
                      "Hash Buckets": 1048576,
                      "Original Hash Buckets": 1048576,
                      "Hash Batches": 1,
                      "Original Hash Batches": 1,
                      "Peak Memory Usage": 31296,
                      "Plans": [
                        {
                          "Node Type": "Seq Scan",
                          "Parent Relationship": "Outer",
                          "Parallel Aware": true,
                          "Relation Name": "title",
                          "Alias": "t",
                          "Startup Cost": 0.0,
                          "Total Cost": 45479.59,
                          "Plan Rows": 156035,
                          "Plan Width": 4,
                          "Actual Startup Time": 41.731,
                          "Actual Total Time": 87.226,
                          "Actual Rows": 98132,
                          "Actual Loops": 6,
                          "Filter": "((production_year > 1915) AND (kind_id = 1))",
                          "Rows Removed by Filter": 323253
                        }
                      ]
                    }
                  ]
                }
              ]
            }
          ]
        }
      ]
    },
    "Planning Time": 0.489,
    "Triggers": [],
    "Execution Time": 504.398
  }
]