[
  {
    "Plan": {
      "Node Type": "Aggregate",
      "Strategy": "Plain",
      "Partial Mode": "Finalize",
      "Parallel Aware": false,
      "Startup Cost": 159473.0,
      "Total Cost": 159473.01,
      "Plan Rows": 1,
      "Plan Width": 8,
      "Actual Startup Time": 454.097,
      "Actual Total Time": 472.032,
      "Actual Rows": 1,
      "Actual Loops": 1,
      "Plans": [
        {
          "Node Type": "Gather",
          "Parent Relationship": "Outer",
          "Parallel Aware": false,
          "Startup Cost": 159472.48,
          "Total Cost": 159472.99,
          "Plan Rows": 5,
          "Plan Width": 8,
          "Actual Startup Time": 449.494,
          "Actual Total Time": 472.023,
          "Actual Rows": 6,
          "Actual Loops": 1,
          "Workers Planned": 5,
          "Workers Launched": 5,
          "Single Copy": false,
          "Plans": [
            {
              "Node Type": "Aggregate",
              "Strategy": "Plain",
              "Partial Mode": "Partial",
              "Parent Relationship": "Outer",
              "Parallel Aware": false,
              "Startup Cost": 158472.48,
              "Total Cost": 158472.49,
              "Plan Rows": 1,
              "Plan Width": 8,
              "Actual Startup Time": 439.149,
              "Actual Total Time": 439.152,
              "Actual Rows": 1,
              "Actual Loops": 6,
              "Plans": [
                {
                  "Node Type": "Hash Join",
                  "Parent Relationship": "Outer",
                  "Parallel Aware": true,
                  "Join Type": "Inner",
                  "Startup Cost": 47441.28,
                  "Total Cost": 157970.13,
                  "Plan Rows": 200939,
                  "Plan Width": 0,
                  "Actual Startup Time": 135.773,
                  "Actual Total Time": 431.384,
                  "Actual Rows": 150938,
                  "Actual Loops": 6,
                  "Inner Unique": true,
                  "Hash Cond": "(ci.movie_id = t.id)",
                  "Plans": [
                    {
                      "Node Type": "Index Scan",
                      "Parent Relationship": "Outer",
                      "Parallel Aware": true,
                      "Scan Direction": "Forward",
                      "Index Name": "role_id_cast_info",
                      "Relation Name": "cast_info",
                      "Alias": "ci",
                      "Startup Cost": 0.56,
                      "Total Cost": 108404.92,
                      "Plan Rows": 809334,
                      "Plan Width": 4,
                      "Actual Startup Time": 0.257,
                      "Actual Total Time": 129.435,
                      "Actual Rows": 668006,
                      "Actual Loops": 6,
                      "Index Cond": "(role_id = 3)",
                      "Rows Removed by Index Recheck": 0
                    },
                    {
                      "Node Type": "Hash",
                      "Parent Relationship": "Inner",
                      "Parallel Aware": true,
                      "Startup Cost": 45479.1,
                      "Total Cost": 45479.1,
                      "Plan Rows": 156929,
                      "Plan Width": 4,
                      "Actual Startup Time": 131.8,
                      "Actual Total Time": 131.801,
                      "Actual Rows": 98132,
                      "Actual Loops": 6,
                      "Hash Buckets": 1048576,
                      "Original Hash Buckets": 1048576,
                      "Hash Batches": 1,
                      "Original Hash Batches": 1,
                      "Peak Memory Usage": 31296,
                      "Plans": [
                        {
                          "Node Type": "Seq Scan",
                          "Parent Relationship": "Outer",
                          "Parallel Aware": true,
                          "Relation Name": "title",
                          "Alias": "t",
                          "Startup Cost": 0.0,
                          "Total Cost": 45479.1,
                          "Plan Rows": 156929,
                          "Plan Width": 4,
                          "Actual Startup Time": 47.047,
                          "Actual Total Time": 90.919,
                          "Actual Rows": 98132,
                          "Actual Loops": 6,
                          "Filter": "((production_year > 1915) AND (kind_id = 1))",
                          "Rows Removed by Filter": 323253
                        }
                      ]
                    }
                  ]
                }
              ]
            }
          ]
        }
      ]
    },
    "Planning Time": 0.616,
    "Triggers": [],
    "Execution Time": 472.106
  }
]