[
  {
    "Plan": {
      "Node Type": "Aggregate",
      "Strategy": "Plain",
      "Partial Mode": "Finalize",
      "Parallel Aware": false,
      "Startup Cost": 36827.98,
      "Total Cost": 36827.99,
      "Plan Rows": 1,
      "Plan Width": 8,
      "Actual Startup Time": 58.271,
      "Actual Total Time": 68.881,
      "Actual Rows": 1,
      "Actual Loops": 1,
      "Plans": [
        {
          "Node Type": "Gather",
          "Parent Relationship": "Outer",
          "Parallel Aware": false,
          "Startup Cost": 36827.77,
          "Total Cost": 36827.98,
          "Plan Rows": 2,
          "Plan Width": 8,
          "Actual Startup Time": 58.128,
          "Actual Total Time": 68.874,
          "Actual Rows": 3,
          "Actual Loops": 1,
          "Workers Planned": 2,
          "Workers Launched": 2,
          "Single Copy": false,
          "Plans": [
            {
              "Node Type": "Aggregate",
              "Strategy": "Plain",
              "Partial Mode": "Partial",
              "Parent Relationship": "Outer",
              "Parallel Aware": false,
              "Startup Cost": 35827.77,
              "Total Cost": 35827.78,
              "Plan Rows": 1,
              "Plan Width": 8,
              "Actual Startup Time": 52.281,
              "Actual Total Time": 52.283,
              "Actual Rows": 1,
              "Actual Loops": 3,
              "Plans": [
                {
                  "Node Type": "Nested Loop",
                  "Parent Relationship": "Outer",
                  "Parallel Aware": false,
                  "Join Type": "Inner",
                  "Startup Cost": 157.38,
                  "Total Cost": 35826.41,
                  "Plan Rows": 543,
                  "Plan Width": 0,
                  "Actual Startup Time": 5.126,
                  "Actual Total Time": 51.95,
                  "Actual Rows": 1890,
                  "Actual Loops": 3,
                  "Inner Unique": true,
                  "Plans": [
                    {
                      "Node Type": "Nested Loop",
                      "Parent Relationship": "Outer",
                      "Parallel Aware": false,
                      "Join Type": "Inner",
                      "Startup Cost": 156.95,
                      "Total Cost": 33237.47,
                      "Plan Rows": 3072,
                      "Plan Width": 8,
                      "Actual Startup Time": 5.004,
                      "Actual Total Time": 34.635,
                      "Actual Rows": 1890,
                      "Actual Loops": 3,
                      "Inner Unique": false,
                      "Plans": [
                        {
                          "Node Type": "Bitmap Heap Scan",
                          "Parent Relationship": "Outer",
                          "Parallel Aware": true,
                          "Relation Name": "movie_keyword",
                          "Alias": "mk",
                          "Startup Cost": 156.53,
                          "Total Cost": 15809.74,
                          "Plan Rows": 3016,
                          "Plan Width": 4,
                          "Actual Startup Time": 4.831,
                          "Actual Total Time": 14.62,
                          "Actual Rows": 2517,
                          "Actual Loops": 3,
                          "Recheck Cond": "(keyword_id = 910)",
                          "Rows Removed by Index Recheck": 0,
                          "Exact Heap Blocks": 3781,
                          "Lossy Heap Blocks": 0,
                          "Plans": [
                            {
                              "Node Type": "Bitmap Index Scan",
                              "Parent Relationship": "Outer",
                              "Parallel Aware": false,
                              "Index Name": "keyword_id_movie_keyword",
                              "Startup Cost": 0.0,
                              "Total Cost": 154.72,
                              "Plan Rows": 7238,
                              "Plan Width": 0,
                              "Actual Startup Time": 6.343,
                              "Actual Total Time": 6.343,
                              "Actual Rows": 7552,
                              "Actual Loops": 1,
                              "Index Cond": "(keyword_id = 910)"
                            }
                          ]
                        },
                        {
                          "Node Type": "Index Scan",
                          "Parent Relationship": "Inner",
                          "Parallel Aware": false,
                          "Scan Direction": "Forward",
                          "Index Name": "movie_id_movie_info_idx",
                          "Relation Name": "movie_info_idx",
                          "Alias": "mi_idx",
                          "Startup Cost": 0.43,
                          "Total Cost": 5.77,
                          "Plan Rows": 1,
                          "Plan Width": 4,
                          "Actual Startup Time": 0.007,
                          "Actual Total Time": 0.007,
                          "Actual Rows": 1,
                          "Actual Loops": 7552,
                          "Index Cond": "(movie_id = mk.movie_id)",
                          "Rows Removed by Index Recheck": 0,
                          "Filter": "(info_type_id < 100)",
                          "Rows Removed by Filter": 2
                        }
                      ]
                    },
                    {
                      "Node Type": "Index Only Scan",
                      "Parent Relationship": "Inner",
                      "Parallel Aware": false,
                      "Scan Direction": "Forward",
                      "Index Name": "title_pkey",
                      "Relation Name": "title",
                      "Alias": "t",
                      "Startup Cost": 0.43,
                      "Total Cost": 0.84,
                      "Plan Rows": 1,
                      "Plan Width": 4,
                      "Actual Startup Time": 0.009,
                      "Actual Total Time": 0.009,
                      "Actual Rows": 1,
                      "Actual Loops": 5670,
                      "Index Cond": "(id = mi_idx.movie_id)",
                      "Rows Removed by Index Recheck": 0,
                      "Heap Fetches": 5670
                    }
                  ]
                }
              ]
            }
          ]
        }
      ]
    },
    "Planning Time": 1.294,
    "Triggers": [],
    "Execution Time": 68.988
  }
]