{
  "Plan": {
    "Node Type": "Aggregate",
    "Strategy": "Plain",
    "Partial Mode": "Finalize",
    "Parallel Aware": false,
    "Startup Cost": 775589.22,
    "Total Cost": 775589.23,
    "Plan Rows": 1,
    "Plan Width": 8,
    "Actual Startup Time": 5503.842,
    "Actual Total Time": 5579.84,
    "Actual Rows": 1,
    "Actual Loops": 1,
    "Plans": [
      {
        "Node Type": "Gather",
        "Parent Relationship": "Outer",
        "Parallel Aware": false,
        "Startup Cost": 775589.11,
        "Total Cost": 775589.22,
        "Plan Rows": 1,
        "Plan Width": 8,
        "Actual Startup Time": 5502.68,
        "Actual Total Time": 5579.831,
        "Actual Rows": 2,
        "Actual Loops": 1,
        "Workers Planned": 1,
        "Workers Launched": 1,
        "Single Copy": false,
        "Plans": [
          {
            "Node Type": "Aggregate",
            "Strategy": "Plain",
            "Partial Mode": "Partial",
            "Parent Relationship": "Outer",
            "Parallel Aware": false,
            "Startup Cost": 774589.11,
            "Total Cost": 774589.12,
            "Plan Rows": 1,
            "Plan Width": 8,
            "Actual Startup Time": 5496.472,
            "Actual Total Time": 5496.477,
            "Actual Rows": 1,
            "Actual Loops": 2,
            "Plans": [
              {
                "Node Type": "Hash Join",
                "Parent Relationship": "Outer",
                "Parallel Aware": true,
                "Join Type": "Inner",
                "Startup Cost": 176202.17,
                "Total Cost": 758877.76,
                "Plan Rows": 6284540,
                "Plan Width": 0,
                "Actual Startup Time": 1072.237,
                "Actual Total Time": 5201.103,
                "Actual Rows": 7444922,
                "Actual Loops": 2,
                "Inner Unique": false,
                "Hash Cond": "(ci.movie_id = t.id)",
                "Plans": [
                  {
                    "Node Type": "Seq Scan",
                    "Parent Relationship": "Outer",
                    "Parallel Aware": true,
                    "Relation Name": "cast_info",
                    "Alias": "ci",
                    "Startup Cost": 0.0,
                    "Total Cost": 465792.95,
                    "Plan Rows": 21310595,
                    "Plan Width": 4,
                    "Actual Startup Time": 0.019,
                    "Actual Total Time": 1340.754,
                    "Actual Rows": 18122172,
                    "Actual Loops": 2
                  },
                  {
                    "Node Type": "Hash",
                    "Parent Relationship": "Inner",
                    "Parallel Aware": true,
                    "Startup Cost": 170719.82,
                    "Total Cost": 170719.82,
                    "Plan Rows": 438588,
                    "Plan Width": 8,
                    "Actual Startup Time": 1063.052,
                    "Actual Total Time": 1063.053,
                    "Actual Rows": 233162,
                    "Actual Loops": 2,
                    "Hash Buckets": 1048576,
                    "Original Hash Buckets": 1048576,
                    "Hash Batches": 1,
                    "Original Hash Batches": 1,
                    "Peak Memory Usage": 26464,
                    "Plans": [
                      {
                        "Node Type": "Merge Join",
                        "Parent Relationship": "Outer",
                        "Parallel Aware": false,
                        "Join Type": "Inner",
                        "Startup Cost": 3.04,
                        "Total Cost": 170719.82,
                        "Plan Rows": 438588,
                        "Plan Width": 8,
                        "Actual Startup Time": 0.475,
                        "Actual Total Time": 1007.996,
                        "Actual Rows": 233162,
                        "Actual Loops": 2,
                        "Inner Unique": false,
                        "Merge Cond": "(t.id = mi_idx.movie_id)",
                        "Plans": [
                          {
                            "Node Type": "Index Scan",
                            "Parent Relationship": "Outer",
                            "Parallel Aware": true,
                            "Scan Direction": "Forward",
                            "Index Name": "title_pkey",
                            "Relation Name": "title",
                            "Alias": "t",
                            "Startup Cost": 0.43,
                            "Total Cost": 107365.5,
                            "Plan Rows": 803515,
                            "Plan Width": 4,
                            "Actual Startup Time": 0.108,
                            "Actual Total Time": 642.49,
                            "Actual Rows": 668780,
                            "Actual Loops": 2,
                            "Filter": "((kind_id > 3) AND (production_year < 2011))",
                            "Rows Removed by Filter": 594196
                          },
                          {
                            "Node Type": "Index Only Scan",
                            "Parent Relationship": "Inner",
                            "Parallel Aware": false,
                            "Scan Direction": "Forward",
                            "Index Name": "movie_id_movie_info_idx",
                            "Relation Name": "movie_info_idx",
                            "Alias": "mi_idx",
                            "Startup Cost": 0.43,
                            "Total Cost": 53620.22,
                            "Plan Rows": 1380035,
                            "Plan Width": 4,
                            "Actual Startup Time": 0.168,
                            "Actual Total Time": 251.536,
                            "Actual Rows": 1380035,
                            "Actual Loops": 2,
                            "Heap Fetches": 2760070
                          }
                        ]
                      }
                    ]
                  }
                ]
              }
            ]
          }
        ]
      }
    ]
  },
  "Planning Time": 1.036,
  "Triggers": [],
  "Execution Time": 5579.997
}