[
  {
    "Plan": {
      "Node Type": "Aggregate",
      "Strategy": "Plain",
      "Partial Mode": "Finalize",
      "Parallel Aware": false,
      "Startup Cost": 296972.71,
      "Total Cost": 296972.72,
      "Plan Rows": 1,
      "Plan Width": 96,
      "Actual Startup Time": 1536.958,
      "Actual Total Time": 1624.705,
      "Actual Rows": 1,
      "Actual Loops": 1,
      "Plans": [
        {
          "Node Type": "Gather",
          "Parent Relationship": "Outer",
          "Parallel Aware": false,
          "Startup Cost": 296972.38,
          "Total Cost": 296972.69,
          "Plan Rows": 3,
          "Plan Width": 96,
          "Actual Startup Time": 1536.541,
          "Actual Total Time": 1624.641,
          "Actual Rows": 4,
          "Actual Loops": 1,
          "Workers Planned": 3,
          "Workers Launched": 3,
          "Single Copy": false,
          "Plans": [
            {
              "Node Type": "Aggregate",
              "Strategy": "Plain",
              "Partial Mode": "Partial",
              "Parent Relationship": "Outer",
              "Parallel Aware": false,
              "Startup Cost": 295972.38,
              "Total Cost": 295972.39,
              "Plan Rows": 1,
              "Plan Width": 96,
              "Actual Startup Time": 1525.687,
              "Actual Total Time": 1525.722,
              "Actual Rows": 1,
              "Actual Loops": 4,
              "Plans": [
                {
                  "Node Type": "Hash Join",
                  "Parent Relationship": "Outer",
                  "Parallel Aware": false,
                  "Join Type": "Inner",
                  "Startup Cost": 266535.07,
                  "Total Cost": 295972.37,
                  "Plan Rows": 1,
                  "Plan Width": 42,
                  "Actual Startup Time": 1474.078,
                  "Actual Total Time": 1525.694,
                  "Actual Rows": 34,
                  "Actual Loops": 4,
                  "Inner Unique": true,
                  "Hash Cond": "(mc.company_type_id = ct.id)",
                  "Plans": [
                    {
                      "Node Type": "Hash Join",
                      "Parent Relationship": "Outer",
                      "Parallel Aware": true,
                      "Join Type": "Inner",
                      "Startup Cost": 266534.0,
                      "Total Cost": 295971.3,
                      "Plan Rows": 1,
                      "Plan Width": 46,
                      "Actual Startup Time": 1473.397,
                      "Actual Total Time": 1524.997,
                      "Actual Rows": 34,
                      "Actual Loops": 4,
                      "Inner Unique": false,
                      "Hash Cond": "(mc.movie_id = mi.movie_id)",
                      "Plans": [
                        {
                          "Node Type": "Hash Join",
                          "Parent Relationship": "Outer",
                          "Parallel Aware": true,
                          "Join Type": "Inner",
                          "Startup Cost": 4734.61,
                          "Total Cost": 34150.54,
                          "Plan Rows": 5695,
                          "Plan Width": 27,
                          "Actual Startup Time": 12.333,
                          "Actual Total Time": 167.251,
                          "Actual Rows": 5940,
                          "Actual Loops": 4,
                          "Inner Unique": true,
                          "Hash Cond": "(mc.company_id = cn.id)",
                          "Plans": [
                            {
                              "Node Type": "Seq Scan",
                              "Parent Relationship": "Outer",
                              "Parallel Aware": true,
                              "Relation Name": "movie_companies",
                              "Alias": "mc",
                              "Startup Cost": 0.0,
                              "Total Cost": 27206.55,
                              "Plan Rows": 841655,
                              "Plan Width": 12,
                              "Actual Startup Time": 0.016,
                              "Actual Total Time": 82.52,
                              "Actual Rows": 652282,
                              "Actual Loops": 4
                            },
                            {
                              "Node Type": "Hash",
                              "Parent Relationship": "Inner",
                              "Parallel Aware": true,
                              "Startup Cost": 4722.92,
                              "Total Cost": 4722.92,
                              "Plan Rows": 935,
                              "Plan Width": 23,
                              "Actual Startup Time": 12.083,
                              "Actual Total Time": 12.085,
                              "Actual Rows": 365,
                              "Actual Loops": 4,
                              "Hash Buckets": 2048,
                              "Original Hash Buckets": 2048,
                              "Hash Batches": 1,
                              "Original Hash Batches": 1,
                              "Peak Memory Usage": 144,
                              "Plans": [
                                {
                                  "Node Type": "Seq Scan",
                                  "Parent Relationship": "Outer",
                                  "Parallel Aware": true,
                                  "Relation Name": "company_name",
                                  "Alias": "cn",
                                  "Startup Cost": 0.0,
                                  "Total Cost": 4722.92,
                                  "Plan Rows": 935,
                                  "Plan Width": 23,
                                  "Actual Startup Time": 0.033,
                                  "Actual Total Time": 11.736,
                                  "Actual Rows": 365,
                                  "Actual Loops": 4,
                                  "Filter": "((country_code)::text = '[ar]'::text)",
                                  "Rows Removed by Filter": 58384
                                }
                              ]
                            }
                          ]
                        },
                        {
                          "Node Type": "Hash",
                          "Parent Relationship": "Inner",
                          "Parallel Aware": true,
                          "Startup Cost": 261799.38,
                          "Total Cost": 261799.38,
                          "Plan Rows": 1,
                          "Plan Width": 35,
                          "Actual Startup Time": 1356.575,
                          "Actual Total Time": 1356.595,
                          "Actual Rows": 68,
                          "Actual Loops": 4,
                          "Hash Buckets": 1024,
                          "Original Hash Buckets": 1024,
                          "Hash Batches": 1,
                          "Original Hash Batches": 1,
                          "Peak Memory Usage": 136,
                          "Plans": [
                            {
                              "Node Type": "Hash Join",
                              "Parent Relationship": "Outer",
                              "Parallel Aware": true,
                              "Join Type": "Inner",
                              "Startup Cost": 246529.11,
                              "Total Cost": 261799.38,
                              "Plan Rows": 1,
                              "Plan Width": 35,
                              "Actual Startup Time": 1303.389,
                              "Actual Total Time": 1356.45,
                              "Actual Rows": 68,
                              "Actual Loops": 4,
                              "Inner Unique": false,
                              "Hash Cond": "(miidx.movie_id = mi.movie_id)",
                              "Plans": [
                                {
                                  "Node Type": "Hash Join",
                                  "Parent Relationship": "Outer",
                                  "Parallel Aware": false,
                                  "Join Type": "Inner",
                                  "Startup Cost": 2.43,
                                  "Total Cost": 15253.6,
                                  "Plan Rows": 5089,
                                  "Plan Width": 10,
                                  "Actual Startup Time": 0.097,
                                  "Actual Total Time": 88.046,
                                  "Actual Rows": 114981,
                                  "Actual Loops": 4,
                                  "Inner Unique": true,
                                  "Hash Cond": "(miidx.info_type_id = it.id)",
                                  "Plans": [
                                    {
                                      "Node Type": "Seq Scan",
                                      "Parent Relationship": "Outer",
                                      "Parallel Aware": true,
                                      "Relation Name": "movie_info_idx",
                                      "Alias": "miidx",
                                      "Startup Cost": 0.0,
                                      "Total Cost": 13685.15,
                                      "Plan Rows": 575015,
                                      "Plan Width": 14,
                                      "Actual Startup Time": 0.017,
                                      "Actual Total Time": 41.762,
                                      "Actual Rows": 345009,
                                      "Actual Loops": 4
                                    },
                                    {
                                      "Node Type": "Hash",
                                      "Parent Relationship": "Inner",
                                      "Parallel Aware": false,
                                      "Startup Cost": 2.41,
                                      "Total Cost": 2.41,
                                      "Plan Rows": 1,
                                      "Plan Width": 4,
                                      "Actual Startup Time": 0.036,
                                      "Actual Total Time": 0.037,
                                      "Actual Rows": 1,
                                      "Actual Loops": 4,
                                      "Hash Buckets": 1024,
                                      "Original Hash Buckets": 1024,
                                      "Hash Batches": 1,
                                      "Original Hash Batches": 1,
                                      "Peak Memory Usage": 9,
                                      "Plans": [
                                        {
                                          "Node Type": "Seq Scan",
                                          "Parent Relationship": "Outer",
                                          "Parallel Aware": false,
                                          "Relation Name": "info_type",
                                          "Alias": "it",
                                          "Startup Cost": 0.0,
                                          "Total Cost": 2.41,
                                          "Plan Rows": 1,
                                          "Plan Width": 4,
                                          "Actual Startup Time": 0.024,
                                          "Actual Total Time": 0.026,
                                          "Actual Rows": 1,
                                          "Actual Loops": 4,
                                          "Filter": "((info)::text = 'rating'::text)",
                                          "Rows Removed by Filter": 112
                                        }
                                      ]
                                    }
                                  ]
                                },
                                {
                                  "Node Type": "Hash",
                                  "Parent Relationship": "Inner",
                                  "Parallel Aware": true,
                                  "Startup Cost": 246526.68,
                                  "Total Cost": 246526.68,
                                  "Plan Rows": 1,
                                  "Plan Width": 25,
                                  "Actual Startup Time": 1258.126,
                                  "Actual Total Time": 1258.138,
                                  "Actual Rows": 128,
                                  "Actual Loops": 4,
                                  "Hash Buckets": 1024,
                                  "Original Hash Buckets": 1024,
                                  "Hash Batches": 1,
                                  "Original Hash Batches": 1,
                                  "Peak Memory Usage": 136,
                                  "Plans": [
                                    {
                                      "Node Type": "Hash Join",
                                      "Parent Relationship": "Outer",
                                      "Parallel Aware": false,
                                      "Join Type": "Inner",
                                      "Startup Cost": 47063.86,
                                      "Total Cost": 246526.68,
                                      "Plan Rows": 1,
                                      "Plan Width": 25,
                                      "Actual Startup Time": 661.42,
                                      "Actual Total Time": 1257.947,
                                      "Actual Rows": 128,
                                      "Actual Loops": 4,
                                      "Inner Unique": true,
                                      "Hash Cond": "(t.kind_id = kt.id)",
                                      "Plans": [
                                        {
                                          "Node Type": "Hash Join",
                                          "Parent Relationship": "Outer",
                                          "Parallel Aware": false,
                                          "Join Type": "Inner",
                                          "Startup Cost": 47062.76,
                                          "Total Cost": 246525.55,
                                          "Plan Rows": 5,
                                          "Plan Width": 29,
                                          "Actual Startup Time": 545.632,
                                          "Actual Total Time": 1257.706,
                                          "Actual Rows": 590,
                                          "Actual Loops": 4,
                                          "Inner Unique": true,
                                          "Hash Cond": "(mi.info_type_id = it2.id)",
                                          "Plans": [
                                            {
                                              "Node Type": "Hash Join",
                                              "Parent Relationship": "Outer",
                                              "Parallel Aware": true,
                                              "Join Type": "Inner",
                                              "Startup Cost": 47060.34,
                                              "Total Cost": 246521.62,
                                              "Plan Rows": 552,
                                              "Plan Width": 33,
                                              "Actual Startup Time": 237.736,
                                              "Actual Total Time": 1257.056,
                                              "Actual Rows": 2966,
                                              "Actual Loops": 4,
                                              "Inner Unique": true,
                                              "Hash Cond": "(mi.movie_id = t.id)",
                                              "Plans": [
                                                {
                                                  "Node Type": "Seq Scan",
                                                  "Parent Relationship": "Outer",
                                                  "Parallel Aware": true,
                                                  "Relation Name": "movie_info",
                                                  "Alias": "mi",
                                                  "Startup Cost": 0.0,
                                                  "Total Cost": 191670.84,
                                                  "Plan Rows": 2967784,
                                                  "Plan Width": 8,
                                                  "Actual Startup Time": 0.047,
                                                  "Actual Total Time": 612.812,
                                                  "Actual Rows": 3708930,
                                                  "Actual Loops": 4
                                                },
                                                {
                                                  "Node Type": "Hash",
                                                  "Parent Relationship": "Inner",
                                                  "Parallel Aware": true,
                                                  "Startup Cost": 47058.86,
                                                  "Total Cost": 47058.86,
                                                  "Plan Rows": 118,
                                                  "Plan Width": 25,
                                                  "Actual Startup Time": 236.581,
                                                  "Actual Total Time": 236.584,
                                                  "Actual Rows": 554,
                                                  "Actual Loops": 4,
                                                  "Hash Buckets": 4096,
                                                  "Original Hash Buckets": 1024,
                                                  "Hash Batches": 1,
                                                  "Original Hash Batches": 1,
                                                  "Peak Memory Usage": 312,
                                                  "Plans": [
                                                    {
                                                      "Node Type": "Seq Scan",
                                                      "Parent Relationship": "Outer",
                                                      "Parallel Aware": true,
                                                      "Relation Name": "title",
                                                      "Alias": "t",
                                                      "Startup Cost": 0.0,
                                                      "Total Cost": 47058.86,
                                                      "Plan Rows": 118,
                                                      "Plan Width": 25,
                                                      "Actual Startup Time": 1.214,
                                                      "Actual Total Time": 224.86,
                                                      "Actual Rows": 554,
                                                      "Actual Loops": 4,
                                                      "Filter": "((title <> ''::text) AND ((title ~~ '%Champion%'::text) OR (title ~~ '%Loser%'::text)))",
                                                      "Rows Removed by Filter": 631524
                                                    }
                                                  ]
                                                }
                                              ]
                                            },
                                            {
                                              "Node Type": "Hash",
                                              "Parent Relationship": "Inner",
                                              "Parallel Aware": false,
                                              "Startup Cost": 2.41,
                                              "Total Cost": 2.41,
                                              "Plan Rows": 1,
                                              "Plan Width": 4,
                                              "Actual Startup Time": 0.095,
                                              "Actual Total Time": 0.096,
                                              "Actual Rows": 1,
                                              "Actual Loops": 4,
                                              "Hash Buckets": 1024,
                                              "Original Hash Buckets": 1024,
                                              "Hash Batches": 1,
                                              "Original Hash Batches": 1,
                                              "Peak Memory Usage": 9,
                                              "Plans": [
                                                {
                                                  "Node Type": "Seq Scan",
                                                  "Parent Relationship": "Outer",
                                                  "Parallel Aware": false,
                                                  "Relation Name": "info_type",
                                                  "Alias": "it2",
                                                  "Startup Cost": 0.0,
                                                  "Total Cost": 2.41,
                                                  "Plan Rows": 1,
                                                  "Plan Width": 4,
                                                  "Actual Startup Time": 0.072,
                                                  "Actual Total Time": 0.086,
                                                  "Actual Rows": 1,
                                                  "Actual Loops": 4,
                                                  "Filter": "((info)::text = 'release dates'::text)",
                                                  "Rows Removed by Filter": 112
                                                }
                                              ]
                                            }
                                          ]
                                        },
                                        {
                                          "Node Type": "Hash",
                                          "Parent Relationship": "Inner",
                                          "Parallel Aware": false,
                                          "Startup Cost": 1.09,
                                          "Total Cost": 1.09,
                                          "Plan Rows": 1,
                                          "Plan Width": 4,
                                          "Actual Startup Time": 0.085,
                                          "Actual Total Time": 0.086,
                                          "Actual Rows": 1,
                                          "Actual Loops": 4,
                                          "Hash Buckets": 1024,
                                          "Original Hash Buckets": 1024,
                                          "Hash Batches": 1,
                                          "Original Hash Batches": 1,
                                          "Peak Memory Usage": 9,
                                          "Plans": [
                                            {
                                              "Node Type": "Seq Scan",
                                              "Parent Relationship": "Outer",
                                              "Parallel Aware": false,
                                              "Relation Name": "kind_type",
                                              "Alias": "kt",
                                              "Startup Cost": 0.0,
                                              "Total Cost": 1.09,
                                              "Plan Rows": 1,
                                              "Plan Width": 4,
                                              "Actual Startup Time": 0.071,
                                              "Actual Total Time": 0.075,
                                              "Actual Rows": 1,
                                              "Actual Loops": 4,
                                              "Filter": "((kind)::text = 'movie'::text)",
                                              "Rows Removed by Filter": 6
                                            }
                                          ]
                                        }
                                      ]
                                    }
                                  ]
                                }
                              ]
                            }
                          ]
                        }
                      ]
                    },
                    {
                      "Node Type": "Hash",
                      "Parent Relationship": "Inner",
                      "Parallel Aware": false,
                      "Startup Cost": 1.05,
                      "Total Cost": 1.05,
                      "Plan Rows": 1,
                      "Plan Width": 4,
                      "Actual Startup Time": 0.099,
                      "Actual Total Time": 0.108,
                      "Actual Rows": 1,
                      "Actual Loops": 4,
                      "Hash Buckets": 1024,
                      "Original Hash Buckets": 1024,
                      "Hash Batches": 1,
                      "Original Hash Batches": 1,
                      "Peak Memory Usage": 9,
                      "Plans": [
                        {
                          "Node Type": "Seq Scan",
                          "Parent Relationship": "Outer",
                          "Parallel Aware": false,
                          "Relation Name": "company_type",
                          "Alias": "ct",
                          "Startup Cost": 0.0,
                          "Total Cost": 1.05,
                          "Plan Rows": 1,
                          "Plan Width": 4,
                          "Actual Startup Time": 0.075,
                          "Actual Total Time": 0.079,
                          "Actual Rows": 1,
                          "Actual Loops": 4,
                          "Filter": "((kind)::text = 'distributors'::text)",
                          "Rows Removed by Filter": 3
                        }
                      ]
                    }
                  ]
                }
              ]
            }
          ]
        }
      ]
    },
    "Planning Time": 18.309,
    "Triggers": [],
    "Execution Time": 1625.372
  }
]