[
  {
    "Plan": {
      "Node Type": "Aggregate",
      "Strategy": "Plain",
      "Partial Mode": "Finalize",
      "Parallel Aware": false,
      "Startup Cost": 31298.83,
      "Total Cost": 31298.84,
      "Plan Rows": 1,
      "Plan Width": 8,
      "Actual Startup Time": 99.386,
      "Actual Total Time": 107.32,
      "Actual Rows": 1,
      "Actual Loops": 1,
      "Plans": [
        {
          "Node Type": "Gather",
          "Parent Relationship": "Outer",
          "Parallel Aware": false,
          "Startup Cost": 31298.52,
          "Total Cost": 31298.83,
          "Plan Rows": 3,
          "Plan Width": 8,
          "Actual Startup Time": 99.243,
          "Actual Total Time": 107.312,
          "Actual Rows": 4,
          "Actual Loops": 1,
          "Workers Planned": 3,
          "Workers Launched": 3,
          "Single Copy": false,
          "Plans": [
            {
              "Node Type": "Aggregate",
              "Strategy": "Plain",
              "Partial Mode": "Partial",
              "Parent Relationship": "Outer",
              "Parallel Aware": false,
              "Startup Cost": 30298.52,
              "Total Cost": 30298.53,
              "Plan Rows": 1,
              "Plan Width": 8,
              "Actual Startup Time": 93.008,
              "Actual Total Time": 93.009,
              "Actual Rows": 1,
              "Actual Loops": 4,
              "Plans": [
                {
                  "Node Type": "Seq Scan",
                  "Parent Relationship": "Outer",
                  "Parallel Aware": true,
                  "Relation Name": "movie_companies",
                  "Alias": "mc",
                  "Startup Cost": 0.0,
                  "Total Cost": 29310.68,
                  "Plan Rows": 395134,
                  "Plan Width": 0,
                  "Actual Startup Time": 21.274,
                  "Actual Total Time": 79.955,
                  "Actual Rows": 306985,
                  "Actual Loops": 4,
                  "Filter": "(company_id > 11949)",
                  "Rows Removed by Filter": 345297
                }
              ]
            }
          ]
        }
      ]
    },
    "Planning Time": 0.194,
    "Triggers": [],
    "Execution Time": 107.475
  }
]