[
    {
        "Bao": {
            "Bao prediction": 457.723,
            "Bao recommended hint": "(no hint)"
        }
    },
    {
        "Plan": {
            "Node Type": "Aggregate",
            "Strategy": "Plain",
            "Partial Mode": "Finalize",
            "Parallel Aware": false,
            "Startup Cost": 346223.69,
            "Total Cost": 346223.7,
            "Plan Rows": 1,
            "Plan Width": 8,
            "Actual Startup Time": 817.53,
            "Actual Total Time": 849.956,
            "Actual Rows": 1,
            "Actual Loops": 1,
            "Output": [
                "count(*)"
            ],
            "Plans": [
                {
                    "Node Type": "Gather",
                    "Parent Relationship": "Outer",
                    "Parallel Aware": false,
                    "Startup Cost": 346223.07,
                    "Total Cost": 346223.67,
                    "Plan Rows": 6,
                    "Plan Width": 8,
                    "Actual Startup Time": 817.401,
                    "Actual Total Time": 849.948,
                    "Actual Rows": 7,
                    "Actual Loops": 1,
                    "Output": [
                        "(PARTIAL count(*))"
                    ],
                    "Workers Planned": 6,
                    "Workers Launched": 6,
                    "Single Copy": false,
                    "Plans": [
                        {
                            "Node Type": "Aggregate",
                            "Strategy": "Plain",
                            "Partial Mode": "Partial",
                            "Parent Relationship": "Outer",
                            "Parallel Aware": false,
                            "Startup Cost": 345223.07,
                            "Total Cost": 345223.08,
                            "Plan Rows": 1,
                            "Plan Width": 8,
                            "Actual Startup Time": 807.879,
                            "Actual Total Time": 807.88,
                            "Actual Rows": 1,
                            "Actual Loops": 7,
                            "Output": [
                                "PARTIAL count(*)"
                            ],
                            "Workers": [
                                {
                                    "Worker Number": 0,
                                    "Actual Startup Time": 805.925,
                                    "Actual Total Time": 805.926,
                                    "Actual Rows": 1,
                                    "Actual Loops": 1
                                },
                                {
                                    "Worker Number": 1,
                                    "Actual Startup Time": 806.134,
                                    "Actual Total Time": 806.135,
                                    "Actual Rows": 1,
                                    "Actual Loops": 1
                                },
                                {
                                    "Worker Number": 2,
                                    "Actual Startup Time": 806.297,
                                    "Actual Total Time": 806.298,
                                    "Actual Rows": 1,
                                    "Actual Loops": 1
                                },
                                {
                                    "Worker Number": 3,
                                    "Actual Startup Time": 806.326,
                                    "Actual Total Time": 806.327,
                                    "Actual Rows": 1,
                                    "Actual Loops": 1
                                },
                                {
                                    "Worker Number": 4,
                                    "Actual Startup Time": 806.899,
                                    "Actual Total Time": 806.9,
                                    "Actual Rows": 1,
                                    "Actual Loops": 1
                                },
                                {
                                    "Worker Number": 5,
                                    "Actual Startup Time": 806.942,
                                    "Actual Total Time": 806.943,
                                    "Actual Rows": 1,
                                    "Actual Loops": 1
                                }
                            ],
                            "Plans": [
                                {
                                    "Node Type": "Seq Scan",
                                    "Parent Relationship": "Outer",
                                    "Parallel Aware": true,
                                    "Relation Name": "cast_info",
                                    "Schema": "public",
                                    "Alias": "ci",
                                    "Startup Cost": 0.0,
                                    "Total Cost": 343318.94,
                                    "Plan Rows": 761650,
                                    "Plan Width": 0,
                                    "Actual Startup Time": 457.053,
                                    "Actual Total Time": 747.99,
                                    "Actual Rows": 1000469,
                                    "Actual Loops": 7,
                                    "Output": [
                                        "id",
                                        "person_id",
                                        "movie_id",
                                        "person_role_id",
                                        "note",
                                        "nr_order",
                                        "role_id"
                                    ],
                                    "Filter": "((ci.person_id > 2964919) AND (ci.role_id > 1))",
                                    "Rows Removed by Filter": 4177294,
                                    "Workers": [
                                        {
                                            "Worker Number": 0,
                                            "Actual Startup Time": 455.105,
                                            "Actual Total Time": 746.646,
                                            "Actual Rows": 880988,
                                            "Actual Loops": 1
                                        },
                                        {
                                            "Worker Number": 1,
                                            "Actual Startup Time": 455.313,
                                            "Actual Total Time": 747.283,
                                            "Actual Rows": 875493,
                                            "Actual Loops": 1
                                        },
                                        {
                                            "Worker Number": 2,
                                            "Actual Startup Time": 455.486,
                                            "Actual Total Time": 747.241,
                                            "Actual Rows": 879146,
                                            "Actual Loops": 1
                                        },
                                        {
                                            "Worker Number": 3,
                                            "Actual Startup Time": 455.482,
                                            "Actual Total Time": 746.809,
                                            "Actual Rows": 886855,
                                            "Actual Loops": 1
                                        },
                                        {
                                            "Worker Number": 4,
                                            "Actual Startup Time": 456.066,
                                            "Actual Total Time": 748.049,
                                            "Actual Rows": 875937,
                                            "Actual Loops": 1
                                        },
                                        {
                                            "Worker Number": 5,
                                            "Actual Startup Time": 456.134,
                                            "Actual Total Time": 747.915,
                                            "Actual Rows": 878240,
                                            "Actual Loops": 1
                                        }
                                    ]
                                }
                            ]
                        }
                    ]
                }
            ]
        },
        "Planning Time": 1266.248,
        "Triggers": [],
        "Execution Time": 850.043
    }
]