{
  "Plan": {
    "Node Type": "Aggregate",
    "Strategy": "Plain",
    "Partial Mode": "Finalize",
    "Parallel Aware": false,
    "Startup Cost": 75509.88,
    "Total Cost": 75509.89,
    "Plan Rows": 1,
    "Plan Width": 8,
    "Actual Startup Time": 163.37,
    "Actual Total Time": 178.06,
    "Actual Rows": 1,
    "Actual Loops": 1,
    "Plans": [
      {
        "Node Type": "Gather",
        "Parent Relationship": "Outer",
        "Parallel Aware": false,
        "Startup Cost": 75509.77,
        "Total Cost": 75509.88,
        "Plan Rows": 1,
        "Plan Width": 8,
        "Actual Startup Time": 163.251,
        "Actual Total Time": 178.053,
        "Actual Rows": 2,
        "Actual Loops": 1,
        "Workers Planned": 1,
        "Workers Launched": 1,
        "Single Copy": false,
        "Plans": [
          {
            "Node Type": "Aggregate",
            "Strategy": "Plain",
            "Partial Mode": "Partial",
            "Parent Relationship": "Outer",
            "Parallel Aware": false,
            "Startup Cost": 74509.77,
            "Total Cost": 74509.78,
            "Plan Rows": 1,
            "Plan Width": 8,
            "Actual Startup Time": 157.1,
            "Actual Total Time": 157.101,
            "Actual Rows": 1,
            "Actual Loops": 2,
            "Plans": [
              {
                "Node Type": "Nested Loop",
                "Parent Relationship": "Outer",
                "Parallel Aware": false,
                "Join Type": "Inner",
                "Startup Cost": 0.86,
                "Total Cost": 74494.1,
                "Plan Rows": 6267,
                "Plan Width": 0,
                "Actual Startup Time": 93.915,
                "Actual Total Time": 156.855,
                "Actual Rows": 4606,
                "Actual Loops": 2,
                "Inner Unique": false,
                "Join Filter": "(t.id = mi.movie_id)",
                "Rows Removed by Join Filter": 0,
                "Plans": [
                  {
                    "Node Type": "Nested Loop",
                    "Parent Relationship": "Outer",
                    "Parallel Aware": false,
                    "Join Type": "Inner",
                    "Startup Cost": 0.43,
                    "Total Cost": 72005.32,
                    "Plan Rows": 1072,
                    "Plan Width": 8,
                    "Actual Startup Time": 93.856,
                    "Actual Total Time": 149.972,
                    "Actual Rows": 332,
                    "Actual Loops": 2,
                    "Inner Unique": false,
                    "Plans": [
                      {
                        "Node Type": "Seq Scan",
                        "Parent Relationship": "Outer",
                        "Parallel Aware": true,
                        "Relation Name": "title",
                        "Alias": "t",
                        "Startup Cost": 0.0,
                        "Total Cost": 58306.47,
                        "Plan Rows": 1964,
                        "Plan Width": 4,
                        "Actual Startup Time": 93.515,
                        "Actual Total Time": 137.68,
                        "Actual Rows": 4451,
                        "Actual Loops": 2,
                        "Filter": "((kind_id < 7) AND (production_year = 1913))",
                        "Rows Removed by Filter": 1259705
                      },
                      {
                        "Node Type": "Index Only Scan",
                        "Parent Relationship": "Inner",
                        "Parallel Aware": false,
                        "Scan Direction": "Forward",
                        "Index Name": "movie_id_movie_info_idx",
                        "Relation Name": "movie_info_idx",
                        "Alias": "mi_idx",
                        "Startup Cost": 0.43,
                        "Total Cost": 6.94,
                        "Plan Rows": 3,
                        "Plan Width": 4,
                        "Actual Startup Time": 0.003,
                        "Actual Total Time": 0.003,
                        "Actual Rows": 0,
                        "Actual Loops": 8902,
                        "Index Cond": "(movie_id = t.id)",
                        "Rows Removed by Index Recheck": 0,
                        "Heap Fetches": 663
                      }
                    ]
                  },
                  {
                    "Node Type": "Index Only Scan",
                    "Parent Relationship": "Inner",
                    "Parallel Aware": false,
                    "Scan Direction": "Forward",
                    "Index Name": "movie_id_movie_info",
                    "Relation Name": "movie_info",
                    "Alias": "mi",
                    "Startup Cost": 0.43,
                    "Total Cost": 1.8,
                    "Plan Rows": 42,
                    "Plan Width": 4,
                    "Actual Startup Time": 0.007,
                    "Actual Total Time": 0.019,
                    "Actual Rows": 14,
                    "Actual Loops": 663,
                    "Index Cond": "(movie_id = mi_idx.movie_id)",
                    "Rows Removed by Index Recheck": 0,
                    "Heap Fetches": 9213
                  }
                ]
              }
            ]
          }
        ]
      }
    ]
  },
  "Planning Time": 0.92,
  "Triggers": [],
  "Execution Time": 178.143
}