[
  {
    "Plan": {
      "Node Type": "Aggregate",
      "Strategy": "Plain",
      "Partial Mode": "Finalize",
      "Parallel Aware": false,
      "Startup Cost": 31720.55,
      "Total Cost": 31720.56,
      "Plan Rows": 1,
      "Plan Width": 8,
      "Actual Startup Time": 116.726,
      "Actual Total Time": 121.101,
      "Actual Rows": 1,
      "Actual Loops": 1,
      "Plans": [
        {
          "Node Type": "Gather",
          "Parent Relationship": "Outer",
          "Parallel Aware": false,
          "Startup Cost": 31720.24,
          "Total Cost": 31720.55,
          "Plan Rows": 3,
          "Plan Width": 8,
          "Actual Startup Time": 116.642,
          "Actual Total Time": 121.094,
          "Actual Rows": 4,
          "Actual Loops": 1,
          "Workers Planned": 3,
          "Workers Launched": 3,
          "Single Copy": false,
          "Plans": [
            {
              "Node Type": "Aggregate",
              "Strategy": "Plain",
              "Partial Mode": "Partial",
              "Parent Relationship": "Outer",
              "Parallel Aware": false,
              "Startup Cost": 30720.24,
              "Total Cost": 30720.25,
              "Plan Rows": 1,
              "Plan Width": 8,
              "Actual Startup Time": 110.455,
              "Actual Total Time": 110.456,
              "Actual Rows": 1,
              "Actual Loops": 4,
              "Plans": [
                {
                  "Node Type": "Seq Scan",
                  "Parent Relationship": "Outer",
                  "Parallel Aware": true,
                  "Relation Name": "movie_companies",
                  "Alias": "mc",
                  "Startup Cost": 0.0,
                  "Total Cost": 29310.68,
                  "Plan Rows": 563822,
                  "Plan Width": 0,
                  "Actual Startup Time": 0.037,
                  "Actual Total Time": 83.959,
                  "Actual Rows": 436521,
                  "Actual Loops": 4,
                  "Filter": "(company_id < 24091)",
                  "Rows Removed by Filter": 215762
                }
              ]
            }
          ]
        }
      ]
    },
    "Planning Time": 0.178,
    "Triggers": [],
    "Execution Time": 121.153
  }
]