[
  {
    "Plan": {
      "Node Type": "Aggregate",
      "Strategy": "Plain",
      "Partial Mode": "Finalize",
      "Parallel Aware": false,
      "Startup Cost": 45270.37,
      "Total Cost": 45270.38,
      "Plan Rows": 1,
      "Plan Width": 8,
      "Actual Startup Time": 141.351,
      "Actual Total Time": 150.305,
      "Actual Rows": 1,
      "Actual Loops": 1,
      "Plans": [
        {
          "Node Type": "Gather",
          "Parent Relationship": "Outer",
          "Parallel Aware": false,
          "Startup Cost": 45270.05,
          "Total Cost": 45270.36,
          "Plan Rows": 3,
          "Plan Width": 8,
          "Actual Startup Time": 141.215,
          "Actual Total Time": 150.286,
          "Actual Rows": 4,
          "Actual Loops": 1,
          "Workers Planned": 3,
          "Workers Launched": 3,
          "Single Copy": false,
          "Plans": [
            {
              "Node Type": "Aggregate",
              "Strategy": "Plain",
              "Partial Mode": "Partial",
              "Parent Relationship": "Outer",
              "Parallel Aware": false,
              "Startup Cost": 44270.05,
              "Total Cost": 44270.06,
              "Plan Rows": 1,
              "Plan Width": 8,
              "Actual Startup Time": 134.448,
              "Actual Total Time": 134.45,
              "Actual Rows": 1,
              "Actual Loops": 4,
              "Plans": [
                {
                  "Node Type": "Seq Scan",
                  "Parent Relationship": "Outer",
                  "Parallel Aware": true,
                  "Relation Name": "movie_keyword",
                  "Alias": "mk",
                  "Startup Cost": 0.0,
                  "Total Cost": 42695.65,
                  "Plan Rows": 629759,
                  "Plan Width": 0,
                  "Actual Startup Time": 0.047,
                  "Actual Total Time": 111.36,
                  "Actual Rows": 489516,
                  "Actual Loops": 4,
                  "Filter": "(keyword_id < 3407)",
                  "Rows Removed by Filter": 641467
                }
              ]
            }
          ]
        }
      ]
    },
    "Planning Time": 0.089,
    "Triggers": [],
    "Execution Time": 150.331
  }
]