{
  "Plan": {
    "Node Type": "Aggregate",
    "Strategy": "Plain",
    "Partial Mode": "Simple",
    "Parallel Aware": false,
    "Startup Cost": 11089.82,
    "Total Cost": 11089.83,
    "Plan Rows": 1,
    "Plan Width": 96,
    "Actual Startup Time": 63.132,
    "Actual Total Time": 63.135,
    "Actual Rows": 1,
    "Actual Loops": 1,
    "Plans": [
      {
        "Node Type": "Nested Loop",
        "Parent Relationship": "Outer",
        "Parallel Aware": false,
        "Join Type": "Inner",
        "Startup Cost": 41.52,
        "Total Cost": 11089.81,
        "Plan Rows": 1,
        "Plan Width": 48,
        "Actual Startup Time": 11.138,
        "Actual Total Time": 62.845,
        "Actual Rows": 1874,
        "Actual Loops": 1,
        "Inner Unique": false,
        "Join Filter": "(ml.movie_id = mi.movie_id)",
        "Rows Removed by Join Filter": 0,
        "Plans": [
          {
            "Node Type": "Nested Loop",
            "Parent Relationship": "Outer",
            "Parallel Aware": false,
            "Join Type": "Inner",
            "Startup Cost": 41.08,
            "Total Cost": 11087.97,
            "Plan Rows": 1,
            "Plan Width": 64,
            "Actual Startup Time": 11.099,
            "Actual Total Time": 59.077,
            "Actual Rows": 402,
            "Actual Loops": 1,
            "Inner Unique": true,
            "Plans": [
              {
                "Node Type": "Nested Loop",
                "Parent Relationship": "Outer",
                "Parallel Aware": false,
                "Join Type": "Inner",
                "Startup Cost": 40.66,
                "Total Cost": 11087.51,
                "Plan Rows": 1,
                "Plan Width": 49,
                "Actual Startup Time": 1.0,
                "Actual Total Time": 57.284,
                "Actual Rows": 962,
                "Actual Loops": 1,
                "Inner Unique": true,
                "Plans": [
                  {
                    "Node Type": "Nested Loop",
                    "Parent Relationship": "Outer",
                    "Parallel Aware": false,
                    "Join Type": "Inner",
                    "Startup Cost": 40.53,
                    "Total Cost": 11087.34,
                    "Plan Rows": 1,
                    "Plan Width": 53,
                    "Actual Startup Time": 0.991,
                    "Actual Total Time": 56.303,
                    "Actual Rows": 1021,
                    "Actual Loops": 1,
                    "Inner Unique": false,
                    "Join Filter": "(ml.movie_id = mc.movie_id)",
                    "Rows Removed by Join Filter": 0,
                    "Plans": [
                      {
                        "Node Type": "Nested Loop",
                        "Parent Relationship": "Outer",
                        "Parallel Aware": false,
                        "Join Type": "Inner",
                        "Startup Cost": 40.1,
                        "Total Cost": 11086.77,
                        "Plan Rows": 1,
                        "Plan Width": 41,
                        "Actual Startup Time": 0.969,
                        "Actual Total Time": 55.405,
                        "Actual Rows": 199,
                        "Actual Loops": 1,
                        "Inner Unique": true,
                        "Plans": [
                          {
                            "Node Type": "Nested Loop",
                            "Parent Relationship": "Outer",
                            "Parallel Aware": false,
                            "Join Type": "Inner",
                            "Startup Cost": 39.68,
                            "Total Cost": 10096.51,
                            "Plan Rows": 2244,
                            "Plan Width": 45,
                            "Actual Startup Time": 0.255,
                            "Actual Total Time": 20.414,
                            "Actual Rows": 17328,
                            "Actual Loops": 1,
                            "Inner Unique": false,
                            "Join Filter": "(ml.movie_id = mk.movie_id)",
                            "Rows Removed by Join Filter": 0,
                            "Plans": [
                              {
                                "Node Type": "Nested Loop",
                                "Parent Relationship": "Outer",
                                "Parallel Aware": false,
                                "Join Type": "Inner",
                                "Startup Cost": 39.25,
                                "Total Cost": 7703.31,
                                "Plan Rows": 1254,
                                "Plan Width": 37,
                                "Actual Startup Time": 0.239,
                                "Actual Total Time": 7.639,
                                "Actual Rows": 2248,
                                "Actual Loops": 1,
                                "Inner Unique": true,
                                "Plans": [
                                  {
                                    "Node Type": "Nested Loop",
                                    "Parent Relationship": "Outer",
                                    "Parallel Aware": false,
                                    "Join Type": "Inner",
                                    "Startup Cost": 38.82,
                                    "Total Cost": 245.23,
                                    "Plan Rows": 1666,
                                    "Plan Width": 16,
                                    "Actual Startup Time": 0.215,
                                    "Actual Total Time": 1.337,
                                    "Actual Rows": 2315,
                                    "Actual Loops": 1,
                                    "Inner Unique": false,
                                    "Plans": [
                                      {
                                        "Node Type": "Seq Scan",
                                        "Parent Relationship": "Outer",
                                        "Parallel Aware": false,
                                        "Relation Name": "link_type",
                                        "Alias": "lt",
                                        "Startup Cost": 0.0,
                                        "Total Cost": 1.23,
                                        "Plan Rows": 1,
                                        "Plan Width": 16,
                                        "Actual Startup Time": 0.022,
                                        "Actual Total Time": 0.027,
                                        "Actual Rows": 2,
                                        "Actual Loops": 1,
                                        "Filter": "((link)::text ~~ '%follow%'::text)",
                                        "Rows Removed by Filter": 16
                                      },
                                      {
                                        "Node Type": "Bitmap Heap Scan",
                                        "Parent Relationship": "Inner",
                                        "Parallel Aware": false,
                                        "Relation Name": "movie_link",
                                        "Alias": "ml",
                                        "Startup Cost": 38.82,
                                        "Total Cost": 225.26,
                                        "Plan Rows": 1875,
                                        "Plan Width": 8,
                                        "Actual Startup Time": 0.124,
                                        "Actual Total Time": 0.466,
                                        "Actual Rows": 1158,
                                        "Actual Loops": 2,
                                        "Recheck Cond": "(link_type_id = lt.id)",
                                        "Rows Removed by Index Recheck": 0,
                                        "Exact Heap Blocks": 191,
                                        "Lossy Heap Blocks": 0,
                                        "Plans": [
                                          {
                                            "Node Type": "Bitmap Index Scan",
                                            "Parent Relationship": "Outer",
                                            "Parallel Aware": false,
                                            "Index Name": "link_type_id_movie_link",
                                            "Startup Cost": 0.0,
                                            "Total Cost": 38.35,
                                            "Plan Rows": 1875,
                                            "Plan Width": 0,
                                            "Actual Startup Time": 0.096,
                                            "Actual Total Time": 0.096,
                                            "Actual Rows": 1158,
                                            "Actual Loops": 2,
                                            "Index Cond": "(link_type_id = lt.id)"
                                          }
                                        ]
                                      }
                                    ]
                                  },
                                  {
                                    "Node Type": "Index Scan",
                                    "Parent Relationship": "Inner",
                                    "Parallel Aware": false,
                                    "Scan Direction": "Forward",
                                    "Index Name": "title_pkey",
                                    "Relation Name": "title",
                                    "Alias": "t",
                                    "Startup Cost": 0.43,
                                    "Total Cost": 4.48,
                                    "Plan Rows": 1,
                                    "Plan Width": 21,
                                    "Actual Startup Time": 0.002,
                                    "Actual Total Time": 0.002,
                                    "Actual Rows": 1,
                                    "Actual Loops": 2315,
                                    "Index Cond": "(id = ml.movie_id)",
                                    "Rows Removed by Index Recheck": 0,
                                    "Filter": "((production_year >= 1950) AND (production_year <= 2010))",
                                    "Rows Removed by Filter": 0
                                  }
                                ]
                              },
                              {
                                "Node Type": "Index Scan",
                                "Parent Relationship": "Inner",
                                "Parallel Aware": false,
                                "Scan Direction": "Forward",
                                "Index Name": "movie_id_movie_keyword",
                                "Relation Name": "movie_keyword",
                                "Alias": "mk",
                                "Startup Cost": 0.43,
                                "Total Cost": 1.33,
                                "Plan Rows": 46,
                                "Plan Width": 8,
                                "Actual Startup Time": 0.003,
                                "Actual Total Time": 0.004,
                                "Actual Rows": 8,
                                "Actual Loops": 2248,
                                "Index Cond": "(movie_id = t.id)",
                                "Rows Removed by Index Recheck": 0
                              }
                            ]
                          },
                          {
                            "Node Type": "Index Scan",
                            "Parent Relationship": "Inner",
                            "Parallel Aware": false,
                            "Scan Direction": "Forward",
                            "Index Name": "keyword_pkey",
                            "Relation Name": "keyword",
                            "Alias": "k",
                            "Startup Cost": 0.42,
                            "Total Cost": 0.44,
                            "Plan Rows": 1,
                            "Plan Width": 4,
                            "Actual Startup Time": 0.002,
                            "Actual Total Time": 0.002,
                            "Actual Rows": 0,
                            "Actual Loops": 17328,
                            "Index Cond": "(id = mk.keyword_id)",
                            "Rows Removed by Index Recheck": 0,
                            "Filter": "(keyword = 'sequel'::text)",
                            "Rows Removed by Filter": 1
                          }
                        ]
                      },
                      {
                        "Node Type": "Index Scan",
                        "Parent Relationship": "Inner",
                        "Parallel Aware": false,
                        "Scan Direction": "Forward",
                        "Index Name": "movie_id_movie_companies",
                        "Relation Name": "movie_companies",
                        "Alias": "mc",
                        "Startup Cost": 0.43,
                        "Total Cost": 0.54,
                        "Plan Rows": 2,
                        "Plan Width": 12,
                        "Actual Startup Time": 0.003,
                        "Actual Total Time": 0.004,
                        "Actual Rows": 5,
                        "Actual Loops": 199,
                        "Index Cond": "(movie_id = mk.movie_id)",
                        "Rows Removed by Index Recheck": 0,
                        "Filter": "(note IS NULL)",
                        "Rows Removed by Filter": 2
                      }
                    ]
                  },
                  {
                    "Node Type": "Index Scan",
                    "Parent Relationship": "Inner",
                    "Parallel Aware": false,
                    "Scan Direction": "Forward",
                    "Index Name": "company_type_pkey",
                    "Relation Name": "company_type",
                    "Alias": "ct",
                    "Startup Cost": 0.13,
                    "Total Cost": 0.15,
                    "Plan Rows": 1,
                    "Plan Width": 4,
                    "Actual Startup Time": 0.001,
                    "Actual Total Time": 0.001,
                    "Actual Rows": 1,
                    "Actual Loops": 1021,
                    "Index Cond": "(id = mc.company_type_id)",
                    "Rows Removed by Index Recheck": 0,
                    "Filter": "((kind)::text = 'production companies'::text)",
                    "Rows Removed by Filter": 0
                  }
                ]
              },
              {
                "Node Type": "Index Scan",
                "Parent Relationship": "Inner",
                "Parallel Aware": false,
                "Scan Direction": "Forward",
                "Index Name": "company_name_pkey",
                "Relation Name": "company_name",
                "Alias": "cn",
                "Startup Cost": 0.42,
                "Total Cost": 0.46,
                "Plan Rows": 1,
                "Plan Width": 23,
                "Actual Startup Time": 0.002,
                "Actual Total Time": 0.002,
                "Actual Rows": 0,
                "Actual Loops": 962,
                "Index Cond": "(id = mc.company_id)",
                "Rows Removed by Index Recheck": 0,
                "Filter": "(((country_code)::text <> '[pl]'::text) AND ((name ~~ '%Film%'::text) OR (name ~~ '%Warner%'::text)))",
                "Rows Removed by Filter": 1
              }
            ]
          },
          {
            "Node Type": "Index Scan",
            "Parent Relationship": "Inner",
            "Parallel Aware": false,
            "Scan Direction": "Forward",
            "Index Name": "movie_id_movie_info",
            "Relation Name": "movie_info",
            "Alias": "mi",
            "Startup Cost": 0.43,
            "Total Cost": 1.8,
            "Plan Rows": 3,
            "Plan Width": 4,
            "Actual Startup Time": 0.007,
            "Actual Total Time": 0.009,
            "Actual Rows": 5,
            "Actual Loops": 402,
            "Index Cond": "(movie_id = mk.movie_id)",
            "Rows Removed by Index Recheck": 0,
            "Filter": "(info = ANY ('{Sweden,Norway,Germany,Denmark,Swedish,Denish,Norwegian,German,English}'::text[]))",
            "Rows Removed by Filter": 16
          }
        ]
      }
    ]
  },
  "Planning Time": 2.601,
  "Triggers": [],
  "Execution Time": 63.305
}