[
  {
    "Plan": {
      "Node Type": "Aggregate",
      "Strategy": "Plain",
      "Partial Mode": "Finalize",
      "Parallel Aware": false,
      "Startup Cost": 219020.69,
      "Total Cost": 219020.7,
      "Plan Rows": 1,
      "Plan Width": 8,
      "Actual Startup Time": 1054.045,
      "Actual Total Time": 1110.949,
      "Actual Rows": 1,
      "Actual Loops": 1,
      "Plans": [
        {
          "Node Type": "Gather",
          "Parent Relationship": "Outer",
          "Parallel Aware": false,
          "Startup Cost": 219020.27,
          "Total Cost": 219020.68,
          "Plan Rows": 4,
          "Plan Width": 8,
          "Actual Startup Time": 1051.396,
          "Actual Total Time": 1110.939,
          "Actual Rows": 5,
          "Actual Loops": 1,
          "Workers Planned": 4,
          "Workers Launched": 4,
          "Single Copy": false,
          "Plans": [
            {
              "Node Type": "Aggregate",
              "Strategy": "Plain",
              "Partial Mode": "Partial",
              "Parent Relationship": "Outer",
              "Parallel Aware": false,
              "Startup Cost": 218020.27,
              "Total Cost": 218020.28,
              "Plan Rows": 1,
              "Plan Width": 8,
              "Actual Startup Time": 1042.336,
              "Actual Total Time": 1042.34,
              "Actual Rows": 1,
              "Actual Loops": 5,
              "Plans": [
                {
                  "Node Type": "Nested Loop",
                  "Parent Relationship": "Outer",
                  "Parallel Aware": false,
                  "Join Type": "Inner",
                  "Startup Cost": 29181.32,
                  "Total Cost": 217959.57,
                  "Plan Rows": 24282,
                  "Plan Width": 0,
                  "Actual Startup Time": 139.333,
                  "Actual Total Time": 1038.269,
                  "Actual Rows": 65987,
                  "Actual Loops": 5,
                  "Inner Unique": false,
                  "Plans": [
                    {
                      "Node Type": "Hash Join",
                      "Parent Relationship": "Outer",
                      "Parallel Aware": true,
                      "Join Type": "Inner",
                      "Startup Cost": 29180.89,
                      "Total Cost": 74941.8,
                      "Plan Rows": 87364,
                      "Plan Width": 8,
                      "Actual Startup Time": 100.453,
                      "Actual Total Time": 293.851,
                      "Actual Rows": 70389,
                      "Actual Loops": 5,
                      "Inner Unique": false,
                      "Hash Cond": "(t.id = mc.movie_id)",
                      "Plans": [
                        {
                          "Node Type": "Seq Scan",
                          "Parent Relationship": "Outer",
                          "Parallel Aware": true,
                          "Relation Name": "title",
                          "Alias": "t",
                          "Startup Cost": 0.0,
                          "Total Cost": 42318.73,
                          "Plan Rows": 632073,
                          "Plan Width": 4,
                          "Actual Startup Time": 0.011,
                          "Actual Total Time": 65.777,
                          "Actual Rows": 505662,
                          "Actual Loops": 5
                        },
                        {
                          "Node Type": "Hash",
                          "Parent Relationship": "Inner",
                          "Parallel Aware": true,
                          "Startup Cost": 27771.8,
                          "Total Cost": 27771.8,
                          "Plan Rows": 112727,
                          "Plan Width": 4,
                          "Actual Startup Time": 87.038,
                          "Actual Total Time": 87.039,
                          "Actual Rows": 70389,
                          "Actual Loops": 5,
                          "Hash Buckets": 524288,
                          "Original Hash Buckets": 524288,
                          "Hash Batches": 1,
                          "Original Hash Batches": 1,
                          "Peak Memory Usage": 17920,
                          "Plans": [
                            {
                              "Node Type": "Bitmap Heap Scan",
                              "Parent Relationship": "Outer",
                              "Parallel Aware": true,
                              "Relation Name": "movie_companies",
                              "Alias": "mc",
                              "Startup Cost": 7572.71,
                              "Total Cost": 27771.8,
                              "Plan Rows": 112727,
                              "Plan Width": 4,
                              "Actual Startup Time": 29.712,
                              "Actual Total Time": 58.078,
                              "Actual Rows": 70389,
                              "Actual Loops": 5,
                              "Recheck Cond": "(company_id > 88043)",
                              "Rows Removed by Index Recheck": 0,
                              "Exact Heap Blocks": 1977,
                              "Lossy Heap Blocks": 0,
                              "Plans": [
                                {
                                  "Node Type": "Bitmap Index Scan",
                                  "Parent Relationship": "Outer",
                                  "Parallel Aware": false,
                                  "Index Name": "company_id_movie_companies",
                                  "Startup Cost": 0.0,
                                  "Total Cost": 7485.34,
                                  "Plan Rows": 349455,
                                  "Plan Width": 0,
                                  "Actual Startup Time": 28.842,
                                  "Actual Total Time": 28.843,
                                  "Actual Rows": 351944,
                                  "Actual Loops": 1,
                                  "Index Cond": "(company_id > 88043)"
                                }
                              ]
                            }
                          ]
                        }
                      ]
                    },
                    {
                      "Node Type": "Index Scan",
                      "Parent Relationship": "Inner",
                      "Parallel Aware": false,
                      "Scan Direction": "Forward",
                      "Index Name": "movie_id_movie_info",
                      "Relation Name": "movie_info",
                      "Alias": "mi",
                      "Startup Cost": 0.43,
                      "Total Cost": 1.62,
                      "Plan Rows": 2,
                      "Plan Width": 4,
                      "Actual Startup Time": 0.007,
                      "Actual Total Time": 0.01,
                      "Actual Rows": 1,
                      "Actual Loops": 351944,
                      "Index Cond": "(movie_id = t.id)",
                      "Rows Removed by Index Recheck": 0,
                      "Filter": "(info_type_id = 18)",
                      "Rows Removed by Filter": 17
                    }
                  ]
                }
              ]
            }
          ]
        }
      ]
    },
    "Planning Time": 1.579,
    "Triggers": [],
    "Execution Time": 1111.077
  }
]