{
  "Plan": {
    "Node Type": "Aggregate",
    "Strategy": "Plain",
    "Partial Mode": "Simple",
    "Parallel Aware": false,
    "Startup Cost": 185313.23,
    "Total Cost": 185313.24,
    "Plan Rows": 1,
    "Plan Width": 96,
    "Actual Startup Time": 572.44,
    "Actual Total Time": 572.552,
    "Actual Rows": 1,
    "Actual Loops": 1,
    "Plans": [
      {
        "Node Type": "Gather",
        "Parent Relationship": "Outer",
        "Parallel Aware": false,
        "Startup Cost": 1006.71,
        "Total Cost": 185313.22,
        "Plan Rows": 1,
        "Plan Width": 66,
        "Actual Startup Time": 30.417,
        "Actual Total Time": 572.479,
        "Actual Rows": 227,
        "Actual Loops": 1,
        "Workers Planned": 1,
        "Workers Launched": 0,
        "Single Copy": false,
        "Plans": [
          {
            "Node Type": "Hash Join",
            "Parent Relationship": "Outer",
            "Parallel Aware": false,
            "Join Type": "Inner",
            "Startup Cost": 6.71,
            "Total Cost": 184313.12,
            "Plan Rows": 1,
            "Plan Width": 66,
            "Actual Startup Time": 29.668,
            "Actual Total Time": 571.596,
            "Actual Rows": 227,
            "Actual Loops": 1,
            "Inner Unique": true,
            "Hash Cond": "(mi_idx.info_type_id = it2.id)",
            "Plans": [
              {
                "Node Type": "Nested Loop",
                "Parent Relationship": "Outer",
                "Parallel Aware": false,
                "Join Type": "Inner",
                "Startup Cost": 4.28,
                "Total Cost": 184310.69,
                "Plan Rows": 1,
                "Plan Width": 70,
                "Actual Startup Time": 29.61,
                "Actual Total Time": 571.44,
                "Actual Rows": 692,
                "Actual Loops": 1,
                "Inner Unique": false,
                "Join Filter": "(t.id = mi_idx.movie_id)",
                "Rows Removed by Join Filter": 0,
                "Plans": [
                  {
                    "Node Type": "Hash Join",
                    "Parent Relationship": "Outer",
                    "Parallel Aware": false,
                    "Join Type": "Inner",
                    "Startup Cost": 3.86,
                    "Total Cost": 184309.65,
                    "Plan Rows": 2,
                    "Plan Width": 72,
                    "Actual Startup Time": 29.594,
                    "Actual Total Time": 569.82,
                    "Actual Rows": 276,
                    "Actual Loops": 1,
                    "Inner Unique": true,
                    "Hash Cond": "(mi.info_type_id = it1.id)",
                    "Plans": [
                      {
                        "Node Type": "Nested Loop",
                        "Parent Relationship": "Outer",
                        "Parallel Aware": false,
                        "Join Type": "Inner",
                        "Startup Cost": 1.43,
                        "Total Cost": 184306.54,
                        "Plan Rows": 252,
                        "Plan Width": 76,
                        "Actual Startup Time": 29.512,
                        "Actual Total Time": 565.807,
                        "Actual Rows": 73167,
                        "Actual Loops": 1,
                        "Inner Unique": false,
                        "Plans": [
                          {
                            "Node Type": "Nested Loop",
                            "Parent Relationship": "Outer",
                            "Parallel Aware": false,
                            "Join Type": "Inner",
                            "Startup Cost": 0.99,
                            "Total Cost": 184227.01,
                            "Plan Rows": 43,
                            "Plan Width": 25,
                            "Actual Startup Time": 29.492,
                            "Actual Total Time": 514.55,
                            "Actual Rows": 2932,
                            "Actual Loops": 1,
                            "Inner Unique": true,
                            "Plans": [
                              {
                                "Node Type": "Nested Loop",
                                "Parent Relationship": "Outer",
                                "Parallel Aware": false,
                                "Join Type": "Inner",
                                "Startup Cost": 0.56,
                                "Total Cost": 184203.25,
                                "Plan Rows": 43,
                                "Plan Width": 4,
                                "Actual Startup Time": 29.475,
                                "Actual Total Time": 503.502,
                                "Actual Rows": 2932,
                                "Actual Loops": 1,
                                "Inner Unique": false,
                                "Plans": [
                                  {
                                    "Node Type": "Seq Scan",
                                    "Parent Relationship": "Outer",
                                    "Parallel Aware": true,
                                    "Relation Name": "name",
                                    "Alias": "n",
                                    "Startup Cost": 0.0,
                                    "Total Cost": 92382.65,
                                    "Plan Rows": 104,
                                    "Plan Width": 4,
                                    "Actual Startup Time": 0.844,
                                    "Actual Total Time": 485.557,
                                    "Actual Rows": 4710,
                                    "Actual Loops": 1,
                                    "Filter": "((name ~~ '%Jones,%'::text) AND ((gender)::text = 'm'::text))",
                                    "Rows Removed by Filter": 4162781
                                  },
                                  {
                                    "Node Type": "Index Scan",
                                    "Parent Relationship": "Inner",
                                    "Parallel Aware": false,
                                    "Scan Direction": "Forward",
                                    "Index Name": "person_id_cast_info",
                                    "Relation Name": "cast_info",
                                    "Alias": "ci",
                                    "Startup Cost": 0.56,
                                    "Total Cost": 882.65,
                                    "Plan Rows": 24,
                                    "Plan Width": 8,
                                    "Actual Startup Time": 0.003,
                                    "Actual Total Time": 0.004,
                                    "Actual Rows": 1,
                                    "Actual Loops": 4710,
                                    "Index Cond": "(person_id = n.id)",
                                    "Rows Removed by Index Recheck": 0,
                                    "Filter": "(note = ANY ('{\"(executive producer)\",(uncredited)}'::text[]))",
                                    "Rows Removed by Filter": 10
                                  }
                                ]
                              },
                              {
                                "Node Type": "Index Scan",
                                "Parent Relationship": "Inner",
                                "Parallel Aware": false,
                                "Scan Direction": "Forward",
                                "Index Name": "title_pkey",
                                "Relation Name": "title",
                                "Alias": "t",
                                "Startup Cost": 0.43,
                                "Total Cost": 0.55,
                                "Plan Rows": 1,
                                "Plan Width": 21,
                                "Actual Startup Time": 0.004,
                                "Actual Total Time": 0.004,
                                "Actual Rows": 1,
                                "Actual Loops": 2932,
                                "Index Cond": "(id = ci.movie_id)",
                                "Rows Removed by Index Recheck": 0
                              }
                            ]
                          },
                          {
                            "Node Type": "Index Scan",
                            "Parent Relationship": "Inner",
                            "Parallel Aware": false,
                            "Scan Direction": "Forward",
                            "Index Name": "movie_id_movie_info",
                            "Relation Name": "movie_info",
                            "Alias": "mi",
                            "Startup Cost": 0.43,
                            "Total Cost": 1.46,
                            "Plan Rows": 39,
                            "Plan Width": 51,
                            "Actual Startup Time": 0.004,
                            "Actual Total Time": 0.015,
                            "Actual Rows": 25,
                            "Actual Loops": 2932,
                            "Index Cond": "(movie_id = t.id)",
                            "Rows Removed by Index Recheck": 0
                          }
                        ]
                      },
                      {
                        "Node Type": "Hash",
                        "Parent Relationship": "Inner",
                        "Parallel Aware": false,
                        "Startup Cost": 2.41,
                        "Total Cost": 2.41,
                        "Plan Rows": 1,
                        "Plan Width": 4,
                        "Actual Startup Time": 0.02,
                        "Actual Total Time": 0.021,
                        "Actual Rows": 1,
                        "Actual Loops": 1,
                        "Hash Buckets": 1024,
                        "Original Hash Buckets": 1024,
                        "Hash Batches": 1,
                        "Original Hash Batches": 1,
                        "Peak Memory Usage": 9,
                        "Plans": [
                          {
                            "Node Type": "Seq Scan",
                            "Parent Relationship": "Outer",
                            "Parallel Aware": false,
                            "Relation Name": "info_type",
                            "Alias": "it1",
                            "Startup Cost": 0.0,
                            "Total Cost": 2.41,
                            "Plan Rows": 1,
                            "Plan Width": 4,
                            "Actual Startup Time": 0.017,
                            "Actual Total Time": 0.018,
                            "Actual Rows": 1,
                            "Actual Loops": 1,
                            "Filter": "((info)::text = 'budget'::text)",
                            "Rows Removed by Filter": 112
                          }
                        ]
                      }
                    ]
                  },
                  {
                    "Node Type": "Index Scan",
                    "Parent Relationship": "Inner",
                    "Parallel Aware": false,
                    "Scan Direction": "Forward",
                    "Index Name": "movie_id_movie_info_idx",
                    "Relation Name": "movie_info_idx",
                    "Alias": "mi_idx",
                    "Startup Cost": 0.43,
                    "Total Cost": 0.48,
                    "Plan Rows": 3,
                    "Plan Width": 14,
                    "Actual Startup Time": 0.005,
                    "Actual Total Time": 0.005,
                    "Actual Rows": 3,
                    "Actual Loops": 276,
                    "Index Cond": "(movie_id = mi.movie_id)",
                    "Rows Removed by Index Recheck": 0
                  }
                ]
              },
              {
                "Node Type": "Hash",
                "Parent Relationship": "Inner",
                "Parallel Aware": false,
                "Startup Cost": 2.41,
                "Total Cost": 2.41,
                "Plan Rows": 1,
                "Plan Width": 4,
                "Actual Startup Time": 0.044,
                "Actual Total Time": 0.045,
                "Actual Rows": 1,
                "Actual Loops": 1,
                "Hash Buckets": 1024,
                "Original Hash Buckets": 1024,
                "Hash Batches": 1,
                "Original Hash Batches": 1,
                "Peak Memory Usage": 9,
                "Plans": [
                  {
                    "Node Type": "Seq Scan",
                    "Parent Relationship": "Outer",
                    "Parallel Aware": false,
                    "Relation Name": "info_type",
                    "Alias": "it2",
                    "Startup Cost": 0.0,
                    "Total Cost": 2.41,
                    "Plan Rows": 1,
                    "Plan Width": 4,
                    "Actual Startup Time": 0.035,
                    "Actual Total Time": 0.039,
                    "Actual Rows": 1,
                    "Actual Loops": 1,
                    "Filter": "((info)::text = 'votes'::text)",
                    "Rows Removed by Filter": 112
                  }
                ]
              }
            ]
          }
        ]
      }
    ]
  },
  "Planning Time": 2.035,
  "Triggers": [],
  "Execution Time": 572.683
}