[
  {
    "Plan": {
      "Node Type": "Aggregate",
      "Strategy": "Plain",
      "Partial Mode": "Finalize",
      "Parallel Aware": false,
      "Startup Cost": 350669.97,
      "Total Cost": 350669.98,
      "Plan Rows": 1,
      "Plan Width": 8,
      "Actual Startup Time": 814.021,
      "Actual Total Time": 858.947,
      "Actual Rows": 1,
      "Actual Loops": 1,
      "Plans": [
        {
          "Node Type": "Gather",
          "Parent Relationship": "Outer",
          "Parallel Aware": false,
          "Startup Cost": 350669.34,
          "Total Cost": 350669.95,
          "Plan Rows": 6,
          "Plan Width": 8,
          "Actual Startup Time": 813.831,
          "Actual Total Time": 858.934,
          "Actual Rows": 7,
          "Actual Loops": 1,
          "Workers Planned": 6,
          "Workers Launched": 6,
          "Single Copy": false,
          "Plans": [
            {
              "Node Type": "Aggregate",
              "Strategy": "Plain",
              "Partial Mode": "Partial",
              "Parent Relationship": "Outer",
              "Parallel Aware": false,
              "Startup Cost": 349669.34,
              "Total Cost": 349669.35,
              "Plan Rows": 1,
              "Plan Width": 8,
              "Actual Startup Time": 807.649,
              "Actual Total Time": 807.65,
              "Actual Rows": 1,
              "Actual Loops": 7,
              "Plans": [
                {
                  "Node Type": "Seq Scan",
                  "Parent Relationship": "Outer",
                  "Parallel Aware": true,
                  "Relation Name": "cast_info",
                  "Alias": "ci",
                  "Startup Cost": 0.0,
                  "Total Cost": 343316.27,
                  "Plan Rows": 2541229,
                  "Plan Width": 0,
                  "Actual Startup Time": 365.561,
                  "Actual Total Time": 700.723,
                  "Actual Rows": 2229484,
                  "Actual Loops": 7,
                  "Filter": "((person_id > 180744) AND (role_id > 2))",
                  "Rows Removed by Filter": 2948279
                }
              ]
            }
          ]
        }
      ]
    },
    "Planning Time": 0.113,
    "Triggers": [],
    "Execution Time": 858.993
  }
]