[
  {
    "Plan": {
      "Node Type": "Aggregate",
      "Strategy": "Plain",
      "Partial Mode": "Finalize",
      "Parallel Aware": false,
      "Startup Cost": 350745.52,
      "Total Cost": 350745.53,
      "Plan Rows": 1,
      "Plan Width": 8,
      "Actual Startup Time": 797.923,
      "Actual Total Time": 856.867,
      "Actual Rows": 1,
      "Actual Loops": 1,
      "Plans": [
        {
          "Node Type": "Gather",
          "Parent Relationship": "Outer",
          "Parallel Aware": false,
          "Startup Cost": 350744.89,
          "Total Cost": 350745.5,
          "Plan Rows": 6,
          "Plan Width": 8,
          "Actual Startup Time": 797.78,
          "Actual Total Time": 856.854,
          "Actual Rows": 7,
          "Actual Loops": 1,
          "Workers Planned": 6,
          "Workers Launched": 6,
          "Single Copy": false,
          "Plans": [
            {
              "Node Type": "Aggregate",
              "Strategy": "Plain",
              "Partial Mode": "Partial",
              "Parent Relationship": "Outer",
              "Parallel Aware": false,
              "Startup Cost": 349744.89,
              "Total Cost": 349744.9,
              "Plan Rows": 1,
              "Plan Width": 8,
              "Actual Startup Time": 787.522,
              "Actual Total Time": 787.523,
              "Actual Rows": 1,
              "Actual Loops": 7,
              "Plans": [
                {
                  "Node Type": "Seq Scan",
                  "Parent Relationship": "Outer",
                  "Parallel Aware": true,
                  "Relation Name": "cast_info",
                  "Alias": "ci",
                  "Startup Cost": 0.0,
                  "Total Cost": 343257.03,
                  "Plan Rows": 2595146,
                  "Plan Width": 0,
                  "Actual Startup Time": 352.996,
                  "Actual Total Time": 690.28,
                  "Actual Rows": 2229484,
                  "Actual Loops": 7,
                  "Filter": "((person_id > 180744) AND (role_id > 2))",
                  "Rows Removed by Filter": 2948279
                }
              ]
            }
          ]
        }
      ]
    },
    "Planning Time": 0.222,
    "Triggers": [],
    "Execution Time": 856.942
  }
]