[
  {
    "Plan": {
      "Node Type": "Aggregate",
      "Strategy": "Plain",
      "Partial Mode": "Finalize",
      "Parallel Aware": false,
      "Startup Cost": 82337.81,
      "Total Cost": 82337.82,
      "Plan Rows": 1,
      "Plan Width": 8,
      "Actual Startup Time": 297.244,
      "Actual Total Time": 321.524,
      "Actual Rows": 1,
      "Actual Loops": 1,
      "Plans": [
        {
          "Node Type": "Gather",
          "Parent Relationship": "Outer",
          "Parallel Aware": false,
          "Startup Cost": 82337.39,
          "Total Cost": 82337.8,
          "Plan Rows": 4,
          "Plan Width": 8,
          "Actual Startup Time": 296.099,
          "Actual Total Time": 321.513,
          "Actual Rows": 5,
          "Actual Loops": 1,
          "Workers Planned": 4,
          "Workers Launched": 4,
          "Single Copy": false,
          "Plans": [
            {
              "Node Type": "Aggregate",
              "Strategy": "Plain",
              "Partial Mode": "Partial",
              "Parent Relationship": "Outer",
              "Parallel Aware": false,
              "Startup Cost": 81337.39,
              "Total Cost": 81337.4,
              "Plan Rows": 1,
              "Plan Width": 8,
              "Actual Startup Time": 285.763,
              "Actual Total Time": 285.767,
              "Actual Rows": 1,
              "Actual Loops": 5,
              "Plans": [
                {
                  "Node Type": "Nested Loop",
                  "Parent Relationship": "Outer",
                  "Parallel Aware": false,
                  "Join Type": "Inner",
                  "Startup Cost": 22367.45,
                  "Total Cost": 81308.98,
                  "Plan Rows": 11363,
                  "Plan Width": 0,
                  "Actual Startup Time": 119.98,
                  "Actual Total Time": 278.001,
                  "Actual Rows": 140338,
                  "Actual Loops": 5,
                  "Inner Unique": false,
                  "Plans": [
                    {
                      "Node Type": "Hash Join",
                      "Parent Relationship": "Outer",
                      "Parallel Aware": true,
                      "Join Type": "Inner",
                      "Startup Cost": 22367.02,
                      "Total Cost": 68534.62,
                      "Plan Rows": 6350,
                      "Plan Width": 8,
                      "Actual Startup Time": 115.307,
                      "Actual Total Time": 169.195,
                      "Actual Rows": 13244,
                      "Actual Loops": 5,
                      "Inner Unique": false,
                      "Hash Cond": "(t.id = mc.movie_id)",
                      "Plans": [
                        {
                          "Node Type": "Seq Scan",
                          "Parent Relationship": "Outer",
                          "Parallel Aware": true,
                          "Relation Name": "title",
                          "Alias": "t",
                          "Startup Cost": 0.0,
                          "Total Cost": 45479.1,
                          "Plan Rows": 133601,
                          "Plan Width": 4,
                          "Actual Startup Time": 0.025,
                          "Actual Total Time": 89.983,
                          "Actual Rows": 112989,
                          "Actual Loops": 5,
                          "Filter": "((kind_id < 3) AND (production_year < 2009))",
                          "Rows Removed by Filter": 392674
                        },
                        {
                          "Node Type": "Hash",
                          "Parent Relationship": "Inner",
                          "Parallel Aware": true,
                          "Startup Cost": 21882.42,
                          "Total Cost": 21882.42,
                          "Plan Rows": 38768,
                          "Plan Width": 4,
                          "Actual Startup Time": 45.5,
                          "Actual Total Time": 45.502,
                          "Actual Rows": 23107,
                          "Actual Loops": 5,
                          "Hash Buckets": 131072,
                          "Original Hash Buckets": 131072,
                          "Hash Batches": 1,
                          "Original Hash Batches": 1,
                          "Peak Memory Usage": 5632,
                          "Plans": [
                            {
                              "Node Type": "Bitmap Heap Scan",
                              "Parent Relationship": "Outer",
                              "Parallel Aware": true,
                              "Relation Name": "movie_companies",
                              "Alias": "mc",
                              "Startup Cost": 2607.82,
                              "Total Cost": 21882.42,
                              "Plan Rows": 38768,
                              "Plan Width": 4,
                              "Actual Startup Time": 10.53,
                              "Actual Total Time": 31.351,
                              "Actual Rows": 23107,
                              "Actual Loops": 5,
                              "Recheck Cond": "(company_id > 148782)",
                              "Rows Removed by Index Recheck": 0,
                              "Exact Heap Blocks": 1278,
                              "Lossy Heap Blocks": 0,
                              "Plans": [
                                {
                                  "Node Type": "Bitmap Index Scan",
                                  "Parent Relationship": "Outer",
                                  "Parallel Aware": false,
                                  "Index Name": "company_id_movie_companies",
                                  "Startup Cost": 0.0,
                                  "Total Cost": 2577.78,
                                  "Plan Rows": 120180,
                                  "Plan Width": 0,
                                  "Actual Startup Time": 14.304,
                                  "Actual Total Time": 14.305,
                                  "Actual Rows": 115537,
                                  "Actual Loops": 1,
                                  "Index Cond": "(company_id > 148782)"
                                }
                              ]
                            }
                          ]
                        }
                      ]
                    },
                    {
                      "Node Type": "Index Only Scan",
                      "Parent Relationship": "Inner",
                      "Parallel Aware": false,
                      "Scan Direction": "Forward",
                      "Index Name": "movie_id_movie_keyword",
                      "Relation Name": "movie_keyword",
                      "Alias": "mk",
                      "Startup Cost": 0.43,
                      "Total Cost": 1.56,
                      "Plan Rows": 45,
                      "Plan Width": 4,
                      "Actual Startup Time": 0.005,
                      "Actual Total Time": 0.007,
                      "Actual Rows": 11,
                      "Actual Loops": 66219,
                      "Index Cond": "(movie_id = t.id)",
                      "Rows Removed by Index Recheck": 0,
                      "Heap Fetches": 701689
                    }
                  ]
                }
              ]
            }
          ]
        }
      ]
    },
    "Planning Time": 1.455,
    "Triggers": [],
    "Execution Time": 321.638
  }
]