[
  {
    "Plan": {
      "Node Type": "Aggregate",
      "Strategy": "Plain",
      "Partial Mode": "Finalize",
      "Parallel Aware": false,
      "Startup Cost": 76885.96,
      "Total Cost": 76885.97,
      "Plan Rows": 1,
      "Plan Width": 8,
      "Actual Startup Time": 323.055,
      "Actual Total Time": 340.198,
      "Actual Rows": 1,
      "Actual Loops": 1,
      "Plans": [
        {
          "Node Type": "Gather",
          "Parent Relationship": "Outer",
          "Parallel Aware": false,
          "Startup Cost": 76885.64,
          "Total Cost": 76885.95,
          "Plan Rows": 3,
          "Plan Width": 8,
          "Actual Startup Time": 321.041,
          "Actual Total Time": 340.191,
          "Actual Rows": 4,
          "Actual Loops": 1,
          "Workers Planned": 3,
          "Workers Launched": 3,
          "Single Copy": false,
          "Plans": [
            {
              "Node Type": "Aggregate",
              "Strategy": "Plain",
              "Partial Mode": "Partial",
              "Parent Relationship": "Outer",
              "Parallel Aware": false,
              "Startup Cost": 75885.64,
              "Total Cost": 75885.65,
              "Plan Rows": 1,
              "Plan Width": 8,
              "Actual Startup Time": 316.464,
              "Actual Total Time": 316.467,
              "Actual Rows": 1,
              "Actual Loops": 4,
              "Plans": [
                {
                  "Node Type": "Hash Join",
                  "Parent Relationship": "Outer",
                  "Parallel Aware": true,
                  "Join Type": "Inner",
                  "Startup Cost": 46261.52,
                  "Total Cost": 75677.41,
                  "Plan Rows": 83292,
                  "Plan Width": 0,
                  "Actual Startup Time": 163.729,
                  "Actual Total Time": 307.615,
                  "Actual Rows": 193575,
                  "Actual Loops": 4,
                  "Inner Unique": true,
                  "Hash Cond": "(mc.movie_id = t.id)",
                  "Plans": [
                    {
                      "Node Type": "Seq Scan",
                      "Parent Relationship": "Outer",
                      "Parallel Aware": true,
                      "Relation Name": "movie_companies",
                      "Alias": "mc",
                      "Startup Cost": 0.0,
                      "Total Cost": 27206.55,
                      "Plan Rows": 841655,
                      "Plan Width": 4,
                      "Actual Startup Time": 0.009,
                      "Actual Total Time": 59.217,
                      "Actual Rows": 652282,
                      "Actual Loops": 4
                    },
                    {
                      "Node Type": "Hash",
                      "Parent Relationship": "Inner",
                      "Parallel Aware": true,
                      "Startup Cost": 45479.59,
                      "Total Cost": 45479.59,
                      "Plan Rows": 62555,
                      "Plan Width": 4,
                      "Actual Startup Time": 133.234,
                      "Actual Total Time": 133.235,
                      "Actual Rows": 91654,
                      "Actual Loops": 4,
                      "Hash Buckets": 524288,
                      "Original Hash Buckets": 262144,
                      "Hash Batches": 1,
                      "Original Hash Batches": 1,
                      "Peak Memory Usage": 20544,
                      "Plans": [
                        {
                          "Node Type": "Seq Scan",
                          "Parent Relationship": "Outer",
                          "Parallel Aware": true,
                          "Relation Name": "title",
                          "Alias": "t",
                          "Startup Cost": 0.0,
                          "Total Cost": 45479.59,
                          "Plan Rows": 62555,
                          "Plan Width": 4,
                          "Actual Startup Time": 54.691,
                          "Actual Total Time": 97.861,
                          "Actual Rows": 91654,
                          "Actual Loops": 4,
                          "Filter": "((production_year < 1999) AND (kind_id = 1))",
                          "Rows Removed by Filter": 540424
                        }
                      ]
                    }
                  ]
                }
              ]
            }
          ]
        }
      ]
    },
    "Planning Time": 0.542,
    "Triggers": [],
    "Execution Time": 340.256
  }
]