{
  "Plan": {
    "Node Type": "Aggregate",
    "Strategy": "Plain",
    "Partial Mode": "Finalize",
    "Parallel Aware": false,
    "Startup Cost": 331868.25,
    "Total Cost": 331868.26,
    "Plan Rows": 1,
    "Plan Width": 8,
    "Actual Startup Time": 1640.664,
    "Actual Total Time": 1690.569,
    "Actual Rows": 1,
    "Actual Loops": 1,
    "Plans": [
      {
        "Node Type": "Gather",
        "Parent Relationship": "Outer",
        "Parallel Aware": false,
        "Startup Cost": 331868.14,
        "Total Cost": 331868.25,
        "Plan Rows": 1,
        "Plan Width": 8,
        "Actual Startup Time": 1640.244,
        "Actual Total Time": 1690.56,
        "Actual Rows": 2,
        "Actual Loops": 1,
        "Workers Planned": 1,
        "Workers Launched": 1,
        "Single Copy": false,
        "Plans": [
          {
            "Node Type": "Aggregate",
            "Strategy": "Plain",
            "Partial Mode": "Partial",
            "Parent Relationship": "Outer",
            "Parallel Aware": false,
            "Startup Cost": 330868.14,
            "Total Cost": 330868.15,
            "Plan Rows": 1,
            "Plan Width": 8,
            "Actual Startup Time": 1634.536,
            "Actual Total Time": 1634.54,
            "Actual Rows": 1,
            "Actual Loops": 2,
            "Plans": [
              {
                "Node Type": "Hash Join",
                "Parent Relationship": "Outer",
                "Parallel Aware": true,
                "Join Type": "Inner",
                "Startup Cost": 58665.17,
                "Total Cost": 330448.66,
                "Plan Rows": 167793,
                "Plan Width": 0,
                "Actual Startup Time": 175.862,
                "Actual Total Time": 1607.118,
                "Actual Rows": 685910,
                "Actual Loops": 2,
                "Inner Unique": true,
                "Hash Cond": "(mi.movie_id = t.id)",
                "Plans": [
                  {
                    "Node Type": "Seq Scan",
                    "Parent Relationship": "Outer",
                    "Parallel Aware": true,
                    "Relation Name": "movie_info",
                    "Alias": "mi",
                    "Startup Cost": 0.0,
                    "Total Cost": 248955.74,
                    "Plan Rows": 8696274,
                    "Plan Width": 4,
                    "Actual Startup Time": 0.008,
                    "Actual Total Time": 620.925,
                    "Actual Rows": 7417860,
                    "Actual Loops": 2
                  },
                  {
                    "Node Type": "Hash",
                    "Parent Relationship": "Inner",
                    "Parallel Aware": true,
                    "Startup Cost": 58306.47,
                    "Total Cost": 58306.47,
                    "Plan Rows": 28696,
                    "Plan Width": 4,
                    "Actual Startup Time": 155.627,
                    "Actual Total Time": 155.628,
                    "Actual Rows": 62681,
                    "Actual Loops": 2,
                    "Hash Buckets": 131072,
                    "Original Hash Buckets": 65536,
                    "Hash Batches": 1,
                    "Original Hash Batches": 1,
                    "Peak Memory Usage": 6464,
                    "Plans": [
                      {
                        "Node Type": "Seq Scan",
                        "Parent Relationship": "Outer",
                        "Parallel Aware": true,
                        "Relation Name": "title",
                        "Alias": "t",
                        "Startup Cost": 0.0,
                        "Total Cost": 58306.47,
                        "Plan Rows": 28696,
                        "Plan Width": 4,
                        "Actual Startup Time": 86.032,
                        "Actual Total Time": 142.258,
                        "Actual Rows": 62681,
                        "Actual Loops": 2,
                        "Filter": "((kind_id < 7) AND (production_year < 1934))",
                        "Rows Removed by Filter": 1201475
                      }
                    ]
                  }
                ]
              }
            ]
          }
        ]
      }
    ]
  },
  "Planning Time": 0.529,
  "Triggers": [],
  "Execution Time": 1690.652
}