[
  {
    "Plan": {
      "Node Type": "Aggregate",
      "Strategy": "Plain",
      "Partial Mode": "Simple",
      "Parallel Aware": false,
      "Startup Cost": 3791.28,
      "Total Cost": 3791.29,
      "Plan Rows": 1,
      "Plan Width": 8,
      "Actual Startup Time": 21.466,
      "Actual Total Time": 21.473,
      "Actual Rows": 1,
      "Actual Loops": 1,
      "Plans": [
        {
          "Node Type": "Nested Loop",
          "Parent Relationship": "Outer",
          "Parallel Aware": false,
          "Join Type": "Inner",
          "Startup Cost": 15.21,
          "Total Cost": 3791.28,
          "Plan Rows": 1,
          "Plan Width": 0,
          "Actual Startup Time": 21.462,
          "Actual Total Time": 21.469,
          "Actual Rows": 0,
          "Actual Loops": 1,
          "Inner Unique": true,
          "Plans": [
            {
              "Node Type": "Nested Loop",
              "Parent Relationship": "Outer",
              "Parallel Aware": false,
              "Join Type": "Inner",
              "Startup Cost": 14.79,
              "Total Cost": 3790.84,
              "Plan Rows": 1,
              "Plan Width": 4,
              "Actual Startup Time": 21.462,
              "Actual Total Time": 21.468,
              "Actual Rows": 0,
              "Actual Loops": 1,
              "Inner Unique": false,
              "Join Filter": "(t.id = mc.movie_id)",
              "Rows Removed by Join Filter": 0,
              "Plans": [
                {
                  "Node Type": "Nested Loop",
                  "Parent Relationship": "Outer",
                  "Parallel Aware": false,
                  "Join Type": "Inner",
                  "Startup Cost": 14.36,
                  "Total Cost": 3790.23,
                  "Plan Rows": 1,
                  "Plan Width": 20,
                  "Actual Startup Time": 21.462,
                  "Actual Total Time": 21.468,
                  "Actual Rows": 0,
                  "Actual Loops": 1,
                  "Inner Unique": true,
                  "Plans": [
                    {
                      "Node Type": "Nested Loop",
                      "Parent Relationship": "Outer",
                      "Parallel Aware": false,
                      "Join Type": "Inner",
                      "Startup Cost": 13.93,
                      "Total Cost": 3789.3,
                      "Plan Rows": 1,
                      "Plan Width": 24,
                      "Actual Startup Time": 21.461,
                      "Actual Total Time": 21.467,
                      "Actual Rows": 0,
                      "Actual Loops": 1,
                      "Inner Unique": true,
                      "Join Filter": "(pi.info_type_id = it3.id)",
                      "Rows Removed by Join Filter": 0,
                      "Plans": [
                        {
                          "Node Type": "Nested Loop",
                          "Parent Relationship": "Outer",
                          "Parallel Aware": false,
                          "Join Type": "Inner",
                          "Startup Cost": 13.93,
                          "Total Cost": 3786.87,
                          "Plan Rows": 1,
                          "Plan Width": 28,
                          "Actual Startup Time": 21.461,
                          "Actual Total Time": 21.466,
                          "Actual Rows": 0,
                          "Actual Loops": 1,
                          "Inner Unique": true,
                          "Join Filter": "(ci.person_id = n.id)",
                          "Rows Removed by Join Filter": 0,
                          "Plans": [
                            {
                              "Node Type": "Nested Loop",
                              "Parent Relationship": "Outer",
                              "Parallel Aware": false,
                              "Join Type": "Inner",
                              "Startup Cost": 13.5,
                              "Total Cost": 3786.31,
                              "Plan Rows": 1,
                              "Plan Width": 40,
                              "Actual Startup Time": 21.461,
                              "Actual Total Time": 21.466,
                              "Actual Rows": 0,
                              "Actual Loops": 1,
                              "Inner Unique": true,
                              "Join Filter": "(mi.info_type_id = it.id)",
                              "Rows Removed by Join Filter": 0,
                              "Plans": [
                                {
                                  "Node Type": "Nested Loop",
                                  "Parent Relationship": "Outer",
                                  "Parallel Aware": false,
                                  "Join Type": "Inner",
                                  "Startup Cost": 13.5,
                                  "Total Cost": 3783.88,
                                  "Plan Rows": 1,
                                  "Plan Width": 44,
                                  "Actual Startup Time": 21.46,
                                  "Actual Total Time": 21.466,
                                  "Actual Rows": 0,
                                  "Actual Loops": 1,
                                  "Inner Unique": false,
                                  "Join Filter": "(t.id = mi.movie_id)",
                                  "Rows Removed by Join Filter": 0,
                                  "Plans": [
                                    {
                                      "Node Type": "Nested Loop",
                                      "Parent Relationship": "Outer",
                                      "Parallel Aware": false,
                                      "Join Type": "Inner",
                                      "Startup Cost": 13.07,
                                      "Total Cost": 3782.32,
                                      "Plan Rows": 1,
                                      "Plan Width": 36,
                                      "Actual Startup Time": 21.46,
                                      "Actual Total Time": 21.465,
                                      "Actual Rows": 0,
                                      "Actual Loops": 1,
                                      "Inner Unique": false,
                                      "Join Filter": "(ci.person_id = an.person_id)",
                                      "Rows Removed by Join Filter": 0,
                                      "Plans": [
                                        {
                                          "Node Type": "Nested Loop",
                                          "Parent Relationship": "Outer",
                                          "Parallel Aware": false,
                                          "Join Type": "Inner",
                                          "Startup Cost": 12.64,
                                          "Total Cost": 3781.82,
                                          "Plan Rows": 1,
                                          "Plan Width": 32,
                                          "Actual Startup Time": 21.46,
                                          "Actual Total Time": 21.464,
                                          "Actual Rows": 0,
                                          "Actual Loops": 1,
                                          "Inner Unique": true,
                                          "Join Filter": "(ci.role_id = rt.id)",
                                          "Rows Removed by Join Filter": 0,
                                          "Plans": [
                                            {
                                              "Node Type": "Nested Loop",
                                              "Parent Relationship": "Outer",
                                              "Parallel Aware": false,
                                              "Join Type": "Inner",
                                              "Startup Cost": 12.64,
                                              "Total Cost": 3780.66,
                                              "Plan Rows": 1,
                                              "Plan Width": 36,
                                              "Actual Startup Time": 21.459,
                                              "Actual Total Time": 21.464,
                                              "Actual Rows": 0,
                                              "Actual Loops": 1,
                                              "Inner Unique": false,
                                              "Plans": [
                                                {
                                                  "Node Type": "Nested Loop",
                                                  "Parent Relationship": "Outer",
                                                  "Parallel Aware": false,
                                                  "Join Type": "Inner",
                                                  "Startup Cost": 12.21,
                                                  "Total Cost": 3779.22,
                                                  "Plan Rows": 1,
                                                  "Plan Width": 28,
                                                  "Actual Startup Time": 21.459,
                                                  "Actual Total Time": 21.463,
                                                  "Actual Rows": 0,
                                                  "Actual Loops": 1,
                                                  "Inner Unique": false,
                                                  "Join Filter": "(t.id = ci.movie_id)",
                                                  "Rows Removed by Join Filter": 0,
                                                  "Plans": [
                                                    {
                                                      "Node Type": "Nested Loop",
                                                      "Parent Relationship": "Outer",
                                                      "Parallel Aware": false,
                                                      "Join Type": "Inner",
                                                      "Startup Cost": 11.65,
                                                      "Total Cost": 3777.56,
                                                      "Plan Rows": 1,
                                                      "Plan Width": 12,
                                                      "Actual Startup Time": 21.459,
                                                      "Actual Total Time": 21.463,
                                                      "Actual Rows": 0,
                                                      "Actual Loops": 1,
                                                      "Inner Unique": true,
                                                      "Join Filter": "(cc.status_id = cct2.id)",
                                                      "Rows Removed by Join Filter": 0,
                                                      "Plans": [
                                                        {
                                                          "Node Type": "Nested Loop",
                                                          "Parent Relationship": "Outer",
                                                          "Parallel Aware": false,
                                                          "Join Type": "Inner",
                                                          "Startup Cost": 11.65,
                                                          "Total Cost": 3776.5,
                                                          "Plan Rows": 1,
                                                          "Plan Width": 16,
                                                          "Actual Startup Time": 21.458,
                                                          "Actual Total Time": 21.462,
                                                          "Actual Rows": 0,
                                                          "Actual Loops": 1,
                                                          "Inner Unique": true,
                                                          "Join Filter": "(cc.subject_id = cct1.id)",
                                                          "Rows Removed by Join Filter": 0,
                                                          "Plans": [
                                                            {
                                                              "Node Type": "Nested Loop",
                                                              "Parent Relationship": "Outer",
                                                              "Parallel Aware": false,
                                                              "Join Type": "Inner",
                                                              "Startup Cost": 11.65,
                                                              "Total Cost": 3775.44,
                                                              "Plan Rows": 1,
                                                              "Plan Width": 20,
                                                              "Actual Startup Time": 21.458,
                                                              "Actual Total Time": 21.461,
                                                              "Actual Rows": 0,
                                                              "Actual Loops": 1,
                                                              "Inner Unique": false,
                                                              "Join Filter": "(t.id = cc.movie_id)",
                                                              "Rows Removed by Join Filter": 0,
                                                              "Plans": [
                                                                {
                                                                  "Node Type": "Nested Loop",
                                                                  "Parent Relationship": "Outer",
                                                                  "Parallel Aware": false,
                                                                  "Join Type": "Inner",
                                                                  "Startup Cost": 11.23,
                                                                  "Total Cost": 3774.95,
                                                                  "Plan Rows": 1,
                                                                  "Plan Width": 8,
                                                                  "Actual Startup Time": 21.458,
                                                                  "Actual Total Time": 21.46,
                                                                  "Actual Rows": 0,
                                                                  "Actual Loops": 1,
                                                                  "Inner Unique": true,
                                                                  "Plans": [
                                                                    {
                                                                      "Node Type": "Nested Loop",
                                                                      "Parent Relationship": "Outer",
                                                                      "Parallel Aware": false,
                                                                      "Join Type": "Inner",
                                                                      "Startup Cost": 10.8,
                                                                      "Total Cost": 3758.1,
                                                                      "Plan Rows": 34,
                                                                      "Plan Width": 4,
                                                                      "Actual Startup Time": 0.232,
                                                                      "Actual Total Time": 13.652,
                                                                      "Actual Rows": 414,
                                                                      "Actual Loops": 1,
                                                                      "Inner Unique": false,
                                                                      "Plans": [
                                                                        {
                                                                          "Node Type": "Seq Scan",
                                                                          "Parent Relationship": "Outer",
                                                                          "Parallel Aware": false,
                                                                          "Relation Name": "keyword",
                                                                          "Alias": "k",
                                                                          "Startup Cost": 0.0,
                                                                          "Total Cost": 2626.12,
                                                                          "Plan Rows": 1,
                                                                          "Plan Width": 4,
                                                                          "Actual Startup Time": 0.057,
                                                                          "Actual Total Time": 10.168,
                                                                          "Actual Rows": 1,
                                                                          "Actual Loops": 1,
                                                                          "Filter": "(keyword = 'computer-animation'::text)",
                                                                          "Rows Removed by Filter": 134169
                                                                        },
                                                                        {
                                                                          "Node Type": "Bitmap Heap Scan",
                                                                          "Parent Relationship": "Inner",
                                                                          "Parallel Aware": false,
                                                                          "Relation Name": "movie_keyword",
                                                                          "Alias": "mk",
                                                                          "Startup Cost": 10.8,
                                                                          "Total Cost": 1128.92,
                                                                          "Plan Rows": 305,
                                                                          "Plan Width": 8,
                                                                          "Actual Startup Time": 0.171,
                                                                          "Actual Total Time": 3.388,
                                                                          "Actual Rows": 414,
                                                                          "Actual Loops": 1,
                                                                          "Recheck Cond": "(keyword_id = k.id)",
                                                                          "Rows Removed by Index Recheck": 0,
                                                                          "Exact Heap Blocks": 358,
                                                                          "Lossy Heap Blocks": 0,
                                                                          "Plans": [
                                                                            {
                                                                              "Node Type": "Bitmap Index Scan",
                                                                              "Parent Relationship": "Outer",
                                                                              "Parallel Aware": false,
                                                                              "Index Name": "keyword_id_movie_keyword",
                                                                              "Startup Cost": 0.0,
                                                                              "Total Cost": 10.72,
                                                                              "Plan Rows": 305,
                                                                              "Plan Width": 0,
                                                                              "Actual Startup Time": 0.127,
                                                                              "Actual Total Time": 0.128,
                                                                              "Actual Rows": 414,
                                                                              "Actual Loops": 1,
                                                                              "Index Cond": "(keyword_id = k.id)"
                                                                            }
                                                                          ]
                                                                        }
                                                                      ]
                                                                    },
                                                                    {
                                                                      "Node Type": "Index Scan",
                                                                      "Parent Relationship": "Inner",
                                                                      "Parallel Aware": false,
                                                                      "Scan Direction": "Forward",
                                                                      "Index Name": "title_pkey",
                                                                      "Relation Name": "title",
                                                                      "Alias": "t",
                                                                      "Startup Cost": 0.43,
                                                                      "Total Cost": 0.49,
                                                                      "Plan Rows": 1,
                                                                      "Plan Width": 4,
                                                                      "Actual Startup Time": 0.018,
                                                                      "Actual Total Time": 0.018,
                                                                      "Actual Rows": 0,
                                                                      "Actual Loops": 414,
                                                                      "Index Cond": "(id = mk.movie_id)",
                                                                      "Rows Removed by Index Recheck": 0,
                                                                      "Filter": "((production_year >= 1994) AND (production_year <= 2002) AND (title = 'Shrek 2'::text))",
                                                                      "Rows Removed by Filter": 1
                                                                    }
                                                                  ]
                                                                },
                                                                {
                                                                  "Node Type": "Index Scan",
                                                                  "Parent Relationship": "Inner",
                                                                  "Parallel Aware": false,
                                                                  "Scan Direction": "Forward",
                                                                  "Index Name": "movie_id_complete_cast",
                                                                  "Relation Name": "complete_cast",
                                                                  "Alias": "cc",
                                                                  "Startup Cost": 0.42,
                                                                  "Total Cost": 0.46,
                                                                  "Plan Rows": 2,
                                                                  "Plan Width": 12,
                                                                  "Actual Startup Time": 0.0,
                                                                  "Actual Total Time": 0.0,
                                                                  "Actual Rows": 0,
                                                                  "Actual Loops": 0,
                                                                  "Index Cond": "(movie_id = mk.movie_id)",
                                                                  "Rows Removed by Index Recheck": 0
                                                                }
                                                              ]
                                                            },
                                                            {
                                                              "Node Type": "Seq Scan",
                                                              "Parent Relationship": "Inner",
                                                              "Parallel Aware": false,
                                                              "Relation Name": "comp_cast_type",
                                                              "Alias": "cct1",
                                                              "Startup Cost": 0.0,
                                                              "Total Cost": 1.05,
                                                              "Plan Rows": 1,
                                                              "Plan Width": 4,
                                                              "Actual Startup Time": 0.0,
                                                              "Actual Total Time": 0.0,
                                                              "Actual Rows": 0,
                                                              "Actual Loops": 0,
                                                              "Filter": "((kind)::text = 'cast'::text)",
                                                              "Rows Removed by Filter": 0
                                                            }
                                                          ]
                                                        },
                                                        {
                                                          "Node Type": "Seq Scan",
                                                          "Parent Relationship": "Inner",
                                                          "Parallel Aware": false,
                                                          "Relation Name": "comp_cast_type",
                                                          "Alias": "cct2",
                                                          "Startup Cost": 0.0,
                                                          "Total Cost": 1.05,
                                                          "Plan Rows": 1,
                                                          "Plan Width": 4,
                                                          "Actual Startup Time": 0.0,
                                                          "Actual Total Time": 0.0,
                                                          "Actual Rows": 0,
                                                          "Actual Loops": 0,
                                                          "Filter": "((kind)::text = 'complete+verified'::text)",
                                                          "Rows Removed by Filter": 0
                                                        }
                                                      ]
                                                    },
                                                    {
                                                      "Node Type": "Index Scan",
                                                      "Parent Relationship": "Inner",
                                                      "Parallel Aware": false,
                                                      "Scan Direction": "Forward",
                                                      "Index Name": "movie_id_cast_info",
                                                      "Relation Name": "cast_info",
                                                      "Alias": "ci",
                                                      "Startup Cost": 0.56,
                                                      "Total Cost": 1.65,
                                                      "Plan Rows": 1,
                                                      "Plan Width": 16,
                                                      "Actual Startup Time": 0.0,
                                                      "Actual Total Time": 0.0,
                                                      "Actual Rows": 0,
                                                      "Actual Loops": 0,
                                                      "Index Cond": "(movie_id = mk.movie_id)",
                                                      "Rows Removed by Index Recheck": 0,
                                                      "Filter": "(note = ANY ('{(voice),\"(voice) (uncredited)\",\"(voice: English version)\"}'::text[]))",
                                                      "Rows Removed by Filter": 0
                                                    }
                                                  ]
                                                },
                                                {
                                                  "Node Type": "Index Scan",
                                                  "Parent Relationship": "Inner",
                                                  "Parallel Aware": false,
                                                  "Scan Direction": "Forward",
                                                  "Index Name": "person_id_person_info",
                                                  "Relation Name": "person_info",
                                                  "Alias": "pi",
                                                  "Startup Cost": 0.43,
                                                  "Total Cost": 1.19,
                                                  "Plan Rows": 25,
                                                  "Plan Width": 8,
                                                  "Actual Startup Time": 0.0,
                                                  "Actual Total Time": 0.0,
                                                  "Actual Rows": 0,
                                                  "Actual Loops": 0,
                                                  "Index Cond": "(person_id = ci.person_id)",
                                                  "Rows Removed by Index Recheck": 0
                                                }
                                              ]
                                            },
                                            {
                                              "Node Type": "Seq Scan",
                                              "Parent Relationship": "Inner",
                                              "Parallel Aware": false,
                                              "Relation Name": "role_type",
                                              "Alias": "rt",
                                              "Startup Cost": 0.0,
                                              "Total Cost": 1.15,
                                              "Plan Rows": 1,
                                              "Plan Width": 4,
                                              "Actual Startup Time": 0.0,
                                              "Actual Total Time": 0.0,
                                              "Actual Rows": 0,
                                              "Actual Loops": 0,
                                              "Filter": "((role)::text = 'actress'::text)",
                                              "Rows Removed by Filter": 0
                                            }
                                          ]
                                        },
                                        {
                                          "Node Type": "Index Only Scan",
                                          "Parent Relationship": "Inner",
                                          "Parallel Aware": false,
                                          "Scan Direction": "Forward",
                                          "Index Name": "person_id_aka_name",
                                          "Relation Name": "aka_name",
                                          "Alias": "an",
                                          "Startup Cost": 0.42,
                                          "Total Cost": 0.48,
                                          "Plan Rows": 2,
                                          "Plan Width": 4,
                                          "Actual Startup Time": 0.0,
                                          "Actual Total Time": 0.0,
                                          "Actual Rows": 0,
                                          "Actual Loops": 0,
                                          "Index Cond": "(person_id = pi.person_id)",
                                          "Rows Removed by Index Recheck": 0,
                                          "Heap Fetches": 0
                                        }
                                      ]
                                    },
                                    {
                                      "Node Type": "Index Scan",
                                      "Parent Relationship": "Inner",
                                      "Parallel Aware": false,
                                      "Scan Direction": "Forward",
                                      "Index Name": "movie_id_movie_info",
                                      "Relation Name": "movie_info",
                                      "Alias": "mi",
                                      "Startup Cost": 0.43,
                                      "Total Cost": 1.55,
                                      "Plan Rows": 1,
                                      "Plan Width": 8,
                                      "Actual Startup Time": 0.0,
                                      "Actual Total Time": 0.0,
                                      "Actual Rows": 0,
                                      "Actual Loops": 0,
                                      "Index Cond": "(movie_id = mk.movie_id)",
                                      "Rows Removed by Index Recheck": 0,
                                      "Filter": "((info IS NOT NULL) AND ((info ~~ 'Japan:%200%'::text) OR (info ~~ 'USA:%200%'::text)))",
                                      "Rows Removed by Filter": 0
                                    }
                                  ]
                                },
                                {
                                  "Node Type": "Seq Scan",
                                  "Parent Relationship": "Inner",
                                  "Parallel Aware": false,
                                  "Relation Name": "info_type",
                                  "Alias": "it",
                                  "Startup Cost": 0.0,
                                  "Total Cost": 2.41,
                                  "Plan Rows": 1,
                                  "Plan Width": 4,
                                  "Actual Startup Time": 0.0,
                                  "Actual Total Time": 0.0,
                                  "Actual Rows": 0,
                                  "Actual Loops": 0,
                                  "Filter": "((info)::text = 'release dates'::text)",
                                  "Rows Removed by Filter": 0
                                }
                              ]
                            },
                            {
                              "Node Type": "Index Scan",
                              "Parent Relationship": "Inner",
                              "Parallel Aware": false,
                              "Scan Direction": "Forward",
                              "Index Name": "name_pkey",
                              "Relation Name": "name",
                              "Alias": "n",
                              "Startup Cost": 0.43,
                              "Total Cost": 0.55,
                              "Plan Rows": 1,
                              "Plan Width": 4,
                              "Actual Startup Time": 0.0,
                              "Actual Total Time": 0.0,
                              "Actual Rows": 0,
                              "Actual Loops": 0,
                              "Index Cond": "(id = pi.person_id)",
                              "Rows Removed by Index Recheck": 0,
                              "Filter": "((name ~~ '%An%'::text) AND ((gender)::text = 'f'::text))",
                              "Rows Removed by Filter": 0
                            }
                          ]
                        },
                        {
                          "Node Type": "Seq Scan",
                          "Parent Relationship": "Inner",
                          "Parallel Aware": false,
                          "Relation Name": "info_type",
                          "Alias": "it3",
                          "Startup Cost": 0.0,
                          "Total Cost": 2.41,
                          "Plan Rows": 1,
                          "Plan Width": 4,
                          "Actual Startup Time": 0.0,
                          "Actual Total Time": 0.0,
                          "Actual Rows": 0,
                          "Actual Loops": 0,
                          "Filter": "((info)::text = 'trivia'::text)",
                          "Rows Removed by Filter": 0
                        }
                      ]
                    },
                    {
                      "Node Type": "Index Scan",
                      "Parent Relationship": "Inner",
                      "Parallel Aware": false,
                      "Scan Direction": "Forward",
                      "Index Name": "char_name_pkey",
                      "Relation Name": "char_name",
                      "Alias": "chn",
                      "Startup Cost": 0.43,
                      "Total Cost": 0.68,
                      "Plan Rows": 1,
                      "Plan Width": 4,
                      "Actual Startup Time": 0.0,
                      "Actual Total Time": 0.0,
                      "Actual Rows": 0,
                      "Actual Loops": 0,
                      "Index Cond": "(id = ci.person_role_id)",
                      "Rows Removed by Index Recheck": 0,
                      "Filter": "(name = 'Queen'::text)",
                      "Rows Removed by Filter": 0
                    }
                  ]
                },
                {
                  "Node Type": "Index Scan",
                  "Parent Relationship": "Inner",
                  "Parallel Aware": false,
                  "Scan Direction": "Forward",
                  "Index Name": "movie_id_movie_companies",
                  "Relation Name": "movie_companies",
                  "Alias": "mc",
                  "Startup Cost": 0.43,
                  "Total Cost": 0.54,
                  "Plan Rows": 5,
                  "Plan Width": 8,
                  "Actual Startup Time": 0.0,
                  "Actual Total Time": 0.0,
                  "Actual Rows": 0,
                  "Actual Loops": 0,
                  "Index Cond": "(movie_id = mk.movie_id)",
                  "Rows Removed by Index Recheck": 0
                }
              ]
            },
            {
              "Node Type": "Index Scan",
              "Parent Relationship": "Inner",
              "Parallel Aware": false,
              "Scan Direction": "Forward",
              "Index Name": "company_name_pkey",
              "Relation Name": "company_name",
              "Alias": "cn",
              "Startup Cost": 0.42,
              "Total Cost": 0.45,
              "Plan Rows": 1,
              "Plan Width": 4,
              "Actual Startup Time": 0.0,
              "Actual Total Time": 0.0,
              "Actual Rows": 0,
              "Actual Loops": 0,
              "Index Cond": "(id = mc.company_id)",
              "Rows Removed by Index Recheck": 0,
              "Filter": "((country_code)::text = '[us]'::text)",
              "Rows Removed by Filter": 0
            }
          ]
        }
      ]
    },
    "Planning Time": 4323.106,
    "Triggers": [],
    "Execution Time": 21.877
  }
]