{
    "Plan": {
        "Node Type": "Aggregate",
        "Strategy": "Plain",
        "Partial Mode": "Simple",
        "Parallel Aware": false,
        "Startup Cost": 30000212060.05,
        "Total Cost": 30000212060.06,
        "Plan Rows": 1,
        "Plan Width": 68,
        "Actual Startup Time": 1176.583,
        "Actual Total Time": 1217.795,
        "Actual Rows": 1,
        "Actual Loops": 1,
        "Output": [
            "min(mc.note)",
            "min(t.title)",
            "min(t.production_year)"
        ],
        "Plans": [
            {
                "Node Type": "Gather",
                "Parent Relationship": "Outer",
                "Parallel Aware": false,
                "Startup Cost": 30000168107.94,
                "Total Cost": 30000212059.93,
                "Plan Rows": 16,
                "Plan Width": 45,
                "Actual Startup Time": 774.327,
                "Actual Total Time": 1217.774,
                "Actual Rows": 3,
                "Actual Loops": 1,
                "Output": [
                    "mc.note",
                    "t.title",
                    "t.production_year"
                ],
                "Workers Planned": 2,
                "Workers Launched": 2,
                "Single Copy": false,
                "Plans": [
                    {
                        "Node Type": "Nested Loop",
                        "Parent Relationship": "Outer",
                        "Parallel Aware": false,
                        "Join Type": "Inner",
                        "Startup Cost": 30000167107.94,
                        "Total Cost": 30000211058.33,
                        "Plan Rows": 7,
                        "Plan Width": 45,
                        "Actual Startup Time": 1030.942,
                        "Actual Total Time": 1052.272,
                        "Actual Rows": 1,
                        "Actual Loops": 3,
                        "Output": [
                            "mc.note",
                            "t.title",
                            "t.production_year"
                        ],
                        "Inner Unique": true,
                        "Join Filter": "(mc.movie_id = t.id)",
                        "Rows Removed by Join Filter": 0,
                        "Workers": [
                            {
                                "Worker Number": 0,
                                "Actual Startup Time": 1158.94,
                                "Actual Total Time": 1158.944,
                                "Actual Rows": 0,
                                "Actual Loops": 1
                            },
                            {
                                "Worker Number": 1,
                                "Actual Startup Time": 1160.617,
                                "Actual Total Time": 1160.622,
                                "Actual Rows": 0,
                                "Actual Loops": 1
                            }
                        ],
                        "Plans": [
                            {
                                "Node Type": "Nested Loop",
                                "Parent Relationship": "Outer",
                                "Parallel Aware": false,
                                "Join Type": "Inner",
                                "Startup Cost": 20000167107.47,
                                "Total Cost": 20000210959.52,
                                "Plan Rows": 22,
                                "Plan Width": 32,
                                "Actual Startup Time": 1022.562,
                                "Actual Total Time": 1052.21,
                                "Actual Rows": 8,
                                "Actual Loops": 3,
                                "Output": [
                                    "mc.note",
                                    "mc.movie_id",
                                    "mi_idx.movie_id"
                                ],
                                "Inner Unique": true,
                                "Workers": [
                                    {
                                        "Worker Number": 0,
                                        "Actual Startup Time": 1158.939,
                                        "Actual Total Time": 1158.942,
                                        "Actual Rows": 0,
                                        "Actual Loops": 1
                                    },
                                    {
                                        "Worker Number": 1,
                                        "Actual Startup Time": 1160.616,
                                        "Actual Total Time": 1160.619,
                                        "Actual Rows": 0,
                                        "Actual Loops": 1
                                    }
                                ],
                                "Plans": [
                                    {
                                        "Node Type": "Nested Loop",
                                        "Parent Relationship": "Outer",
                                        "Parallel Aware": false,
                                        "Join Type": "Inner",
                                        "Startup Cost": 10000167107.33,
                                        "Total Cost": 10000210602.08,
                                        "Plan Rows": 86,
                                        "Plan Width": 36,
                                        "Actual Startup Time": 1022.557,
                                        "Actual Total Time": 1052.173,
                                        "Actual Rows": 8,
                                        "Actual Loops": 3,
                                        "Output": [
                                            "mi_idx.movie_id",
                                            "mc.note",
                                            "mc.company_type_id",
                                            "mc.movie_id"
                                        ],
                                        "Inner Unique": true,
                                        "Workers": [
                                            {
                                                "Worker Number": 0,
                                                "Actual Startup Time": 1158.938,
                                                "Actual Total Time": 1158.94,
                                                "Actual Rows": 0,
                                                "Actual Loops": 1
                                            },
                                            {
                                                "Worker Number": 1,
                                                "Actual Startup Time": 1160.615,
                                                "Actual Total Time": 1160.617,
                                                "Actual Rows": 0,
                                                "Actual Loops": 1
                                            }
                                        ],
                                        "Plans": [
                                            {
                                                "Node Type": "Merge Join",
                                                "Parent Relationship": "Outer",
                                                "Parallel Aware": false,
                                                "Join Type": "Inner",
                                                "Startup Cost": 167107.18,
                                                "Total Cost": 170127.43,
                                                "Plan Rows": 9717,
                                                "Plan Width": 40,
                                                "Actual Startup Time": 939.351,
                                                "Actual Total Time": 996.837,
                                                "Actual Rows": 12331,
                                                "Actual Loops": 3,
                                                "Output": [
                                                    "mc.note",
                                                    "mc.company_type_id",
                                                    "mc.movie_id",
                                                    "mi_idx.movie_id",
                                                    "mi_idx.info_type_id"
                                                ],
                                                "Inner Unique": false,
                                                "Merge Cond": "(mi_idx.movie_id = mc.movie_id)",
                                                "Workers": [
                                                    {
                                                        "Worker Number": 0,
                                                        "Actual Startup Time": 1057.259,
                                                        "Actual Total Time": 1109.057,
                                                        "Actual Rows": 8856,
                                                        "Actual Loops": 1
                                                    },
                                                    {
                                                        "Worker Number": 1,
                                                        "Actual Startup Time": 1059.106,
                                                        "Actual Total Time": 1111.56,
                                                        "Actual Rows": 8937,
                                                        "Actual Loops": 1
                                                    }
                                                ],
                                                "Plans": [
                                                    {
                                                        "Node Type": "Sort",
                                                        "Parent Relationship": "Outer",
                                                        "Parallel Aware": false,
                                                        "Startup Cost": 68694.65,
                                                        "Total Cost": 70132.18,
                                                        "Plan Rows": 575015,
                                                        "Plan Width": 8,
                                                        "Actual Startup Time": 187.664,
                                                        "Actual Total Time": 208.574,
                                                        "Actual Rows": 459984,
                                                        "Actual Loops": 3,
                                                        "Output": [
                                                            "mi_idx.movie_id",
                                                            "mi_idx.info_type_id"
                                                        ],
                                                        "Sort Key": [
                                                            "mi_idx.movie_id"
                                                        ],
                                                        "Sort Method": "quicksort",
                                                        "Sort Space Used": 58220,
                                                        "Sort Space Type": "Memory",
                                                        "Workers": [
                                                            {
                                                                "Worker Number": 0,
                                                                "Actual Startup Time": 178.003,
                                                                "Actual Total Time": 196.662,
                                                                "Actual Rows": 328840,
                                                                "Actual Loops": 1
                                                            },
                                                            {
                                                                "Worker Number": 1,
                                                                "Actual Startup Time": 177.842,
                                                                "Actual Total Time": 196.773,
                                                                "Actual Rows": 333407,
                                                                "Actual Loops": 1
                                                            }
                                                        ],
                                                        "Plans": [
                                                            {
                                                                "Node Type": "Seq Scan",
                                                                "Parent Relationship": "Outer",
                                                                "Parallel Aware": true,
                                                                "Relation Name": "movie_info_idx",
                                                                "Schema": "public",
                                                                "Alias": "mi_idx",
                                                                "Startup Cost": 0.0,
                                                                "Total Cost": 13685.15,
                                                                "Plan Rows": 575015,
                                                                "Plan Width": 8,
                                                                "Actual Startup Time": 0.056,
                                                                "Actual Total Time": 73.622,
                                                                "Actual Rows": 460012,
                                                                "Actual Loops": 3,
                                                                "Output": [
                                                                    "mi_idx.movie_id",
                                                                    "mi_idx.info_type_id"
                                                                ],
                                                                "Workers": [
                                                                    {
                                                                        "Worker Number": 0,
                                                                        "Actual Startup Time": 0.078,
                                                                        "Actual Total Time": 67.904,
                                                                        "Actual Rows": 328872,
                                                                        "Actual Loops": 1
                                                                    },
                                                                    {
                                                                        "Worker Number": 1,
                                                                        "Actual Startup Time": 0.066,
                                                                        "Actual Total Time": 70.355,
                                                                        "Actual Rows": 333430,
                                                                        "Actual Loops": 1
                                                                    }
                                                                ]
                                                            }
                                                        ]
                                                    },
                                                    {
                                                        "Node Type": "Sort",
                                                        "Parent Relationship": "Inner",
                                                        "Parallel Aware": false,
                                                        "Startup Cost": 98412.25,
                                                        "Total Cost": 98432.86,
                                                        "Plan Rows": 8244,
                                                        "Plan Width": 32,
                                                        "Actual Startup Time": 751.474,
                                                        "Actual Total Time": 754.636,
                                                        "Actual Rows": 26012,
                                                        "Actual Loops": 3,
                                                        "Output": [
                                                            "mc.note",
                                                            "mc.company_type_id",
                                                            "mc.movie_id"
                                                        ],
                                                        "Sort Key": [
                                                            "mc.movie_id"
                                                        ],
                                                        "Sort Method": "quicksort",
                                                        "Sort Space Used": 2176,
                                                        "Sort Space Type": "Memory",
                                                        "Workers": [
                                                            {
                                                                "Worker Number": 0,
                                                                "Actual Startup Time": 879.008,
                                                                "Actual Total Time": 882.015,
                                                                "Actual Rows": 23694,
                                                                "Actual Loops": 1
                                                            },
                                                            {
                                                                "Worker Number": 1,
                                                                "Actual Startup Time": 880.96,
                                                                "Actual Total Time": 884.003,
                                                                "Actual Rows": 23759,
                                                                "Actual Loops": 1
                                                            }
                                                        ],
                                                        "Plans": [
                                                            {
                                                                "Node Type": "Index Scan",
                                                                "Parent Relationship": "Outer",
                                                                "Parallel Aware": false,
                                                                "Scan Direction": "Forward",
                                                                "Index Name": "company_type_id_movie_companies",
                                                                "Relation Name": "movie_companies",
                                                                "Schema": "public",
                                                                "Alias": "mc",
                                                                "Startup Cost": 0.43,
                                                                "Total Cost": 97876.01,
                                                                "Plan Rows": 8244,
                                                                "Plan Width": 32,
                                                                "Actual Startup Time": 309.065,
                                                                "Actual Total Time": 744.524,
                                                                "Actual Rows": 17816,
                                                                "Actual Loops": 3,
                                                                "Output": [
                                                                    "mc.note",
                                                                    "mc.company_type_id",
                                                                    "mc.movie_id"
                                                                ],
                                                                "Filter": "((mc.note !~~ '%(as Metro-Goldwyn-Mayer Pictures)%'::text) AND (mc.note ~~ '%(co-production)%'::text))",
                                                                "Rows Removed by Filter": 2591313,
                                                                "Workers": [
                                                                    {
                                                                        "Worker Number": 0,
                                                                        "Actual Startup Time": 362.065,
                                                                        "Actual Total Time": 870.427,
                                                                        "Actual Rows": 17816,
                                                                        "Actual Loops": 1
                                                                    },
                                                                    {
                                                                        "Worker Number": 1,
                                                                        "Actual Startup Time": 365.128,
                                                                        "Actual Total Time": 872.289,
                                                                        "Actual Rows": 17816,
                                                                        "Actual Loops": 1
                                                                    }
                                                                ]
                                                            }
                                                        ]
                                                    }
                                                ]
                                            },
                                            {
                                                "Node Type": "Bitmap Heap Scan",
                                                "Parent Relationship": "Inner",
                                                "Parallel Aware": false,
                                                "Relation Name": "info_type",
                                                "Schema": "public",
                                                "Alias": "it",
                                                "Startup Cost": 0.15,
                                                "Total Cost": 4.17,
                                                "Plan Rows": 1,
                                                "Plan Width": 4,
                                                "Actual Startup Time": 0.003,
                                                "Actual Total Time": 0.003,
                                                "Actual Rows": 0,
                                                "Actual Loops": 36992,
                                                "Output": [
                                                    "it.id",
                                                    "it.info"
                                                ],
                                                "Recheck Cond": "(it.id = mi_idx.info_type_id)",
                                                "Rows Removed by Index Recheck": 0,
                                                "Filter": "((it.info)::text = 'top 250 rank'::text)",
                                                "Rows Removed by Filter": 1,
                                                "Exact Heap Blocks": 19199,
                                                "Lossy Heap Blocks": 0,
                                                "Workers": [
                                                    {
                                                        "Worker Number": 0,
                                                        "Actual Startup Time": 0.003,
                                                        "Actual Total Time": 0.003,
                                                        "Actual Rows": 0,
                                                        "Actual Loops": 8856
                                                    },
                                                    {
                                                        "Worker Number": 1,
                                                        "Actual Startup Time": 0.003,
                                                        "Actual Total Time": 0.003,
                                                        "Actual Rows": 0,
                                                        "Actual Loops": 8937
                                                    }
                                                ],
                                                "Plans": [
                                                    {
                                                        "Node Type": "Bitmap Index Scan",
                                                        "Parent Relationship": "Outer",
                                                        "Parallel Aware": false,
                                                        "Index Name": "info_type_pkey",
                                                        "Startup Cost": 0.0,
                                                        "Total Cost": 0.15,
                                                        "Plan Rows": 1,
                                                        "Plan Width": 0,
                                                        "Actual Startup Time": 0.001,
                                                        "Actual Total Time": 0.001,
                                                        "Actual Rows": 1,
                                                        "Actual Loops": 36992,
                                                        "Index Cond": "(it.id = mi_idx.info_type_id)",
                                                        "Workers": [
                                                            {
                                                                "Worker Number": 0,
                                                                "Actual Startup Time": 0.002,
                                                                "Actual Total Time": 0.002,
                                                                "Actual Rows": 1,
                                                                "Actual Loops": 8856
                                                            },
                                                            {
                                                                "Worker Number": 1,
                                                                "Actual Startup Time": 0.002,
                                                                "Actual Total Time": 0.002,
                                                                "Actual Rows": 1,
                                                                "Actual Loops": 8937
                                                            }
                                                        ]
                                                    }
                                                ]
                                            }
                                        ]
                                    },
                                    {
                                        "Node Type": "Bitmap Heap Scan",
                                        "Parent Relationship": "Inner",
                                        "Parallel Aware": false,
                                        "Relation Name": "company_type",
                                        "Schema": "public",
                                        "Alias": "ct",
                                        "Startup Cost": 0.14,
                                        "Total Cost": 4.15,
                                        "Plan Rows": 1,
                                        "Plan Width": 4,
                                        "Actual Startup Time": 0.002,
                                        "Actual Total Time": 0.002,
                                        "Actual Rows": 1,
                                        "Actual Loops": 23,
                                        "Output": [
                                            "ct.id",
                                            "ct.kind"
                                        ],
                                        "Recheck Cond": "(ct.id = mc.company_type_id)",
                                        "Rows Removed by Index Recheck": 0,
                                        "Filter": "((ct.kind)::text = 'production companies'::text)",
                                        "Rows Removed by Filter": 0,
                                        "Exact Heap Blocks": 23,
                                        "Lossy Heap Blocks": 0,
                                        "Plans": [
                                            {
                                                "Node Type": "Bitmap Index Scan",
                                                "Parent Relationship": "Outer",
                                                "Parallel Aware": false,
                                                "Index Name": "company_type_pkey",
                                                "Startup Cost": 0.0,
                                                "Total Cost": 0.14,
                                                "Plan Rows": 1,
                                                "Plan Width": 0,
                                                "Actual Startup Time": 0.001,
                                                "Actual Total Time": 0.001,
                                                "Actual Rows": 1,
                                                "Actual Loops": 23,
                                                "Index Cond": "(ct.id = mc.company_type_id)"
                                            }
                                        ]
                                    }
                                ]
                            },
                            {
                                "Node Type": "Bitmap Heap Scan",
                                "Parent Relationship": "Inner",
                                "Parallel Aware": false,
                                "Relation Name": "title",
                                "Schema": "public",
                                "Alias": "t",
                                "Startup Cost": 0.46,
                                "Total Cost": 4.48,
                                "Plan Rows": 1,
                                "Plan Width": 25,
                                "Actual Startup Time": 0.006,
                                "Actual Total Time": 0.006,
                                "Actual Rows": 0,
                                "Actual Loops": 23,
                                "Output": [
                                    "t.id",
                                    "t.title",
                                    "t.imdb_index",
                                    "t.kind_id",
                                    "t.production_year",
                                    "t.imdb_id",
                                    "t.phonetic_code",
                                    "t.episode_of_id",
                                    "t.season_nr",
                                    "t.episode_nr",
                                    "t.series_years",
                                    "t.md5sum"
                                ],
                                "Recheck Cond": "(t.id = mi_idx.movie_id)",
                                "Rows Removed by Index Recheck": 0,
                                "Filter": "(t.production_year > 2007)",
                                "Rows Removed by Filter": 1,
                                "Exact Heap Blocks": 23,
                                "Lossy Heap Blocks": 0,
                                "Plans": [
                                    {
                                        "Node Type": "Bitmap Index Scan",
                                        "Parent Relationship": "Outer",
                                        "Parallel Aware": false,
                                        "Index Name": "title_pkey",
                                        "Startup Cost": 0.0,
                                        "Total Cost": 0.46,
                                        "Plan Rows": 1,
                                        "Plan Width": 0,
                                        "Actual Startup Time": 0.004,
                                        "Actual Total Time": 0.004,
                                        "Actual Rows": 1,
                                        "Actual Loops": 23,
                                        "Index Cond": "(t.id = mi_idx.movie_id)"
                                    }
                                ]
                            }
                        ]
                    }
                ]
            }
        ]
    },
    "Planning Time": 2.28,
    "Triggers": [],
    "Execution Time": 1217.994
}