[
  {
    "Plan": {
      "Node Type": "Aggregate",
      "Strategy": "Plain",
      "Partial Mode": "Finalize",
      "Parallel Aware": false,
      "Startup Cost": 331099.94,
      "Total Cost": 331099.95,
      "Plan Rows": 1,
      "Plan Width": 8,
      "Actual Startup Time": 567.933,
      "Actual Total Time": 610.32,
      "Actual Rows": 1,
      "Actual Loops": 1,
      "Plans": [
        {
          "Node Type": "Gather",
          "Parent Relationship": "Outer",
          "Parallel Aware": false,
          "Startup Cost": 331099.31,
          "Total Cost": 331099.92,
          "Plan Rows": 6,
          "Plan Width": 8,
          "Actual Startup Time": 567.606,
          "Actual Total Time": 610.31,
          "Actual Rows": 7,
          "Actual Loops": 1,
          "Workers Planned": 6,
          "Workers Launched": 6,
          "Single Copy": false,
          "Plans": [
            {
              "Node Type": "Aggregate",
              "Strategy": "Plain",
              "Partial Mode": "Partial",
              "Parent Relationship": "Outer",
              "Parallel Aware": false,
              "Startup Cost": 330099.31,
              "Total Cost": 330099.32,
              "Plan Rows": 1,
              "Plan Width": 8,
              "Actual Startup Time": 559.598,
              "Actual Total Time": 559.599,
              "Actual Rows": 1,
              "Actual Loops": 7,
              "Plans": [
                {
                  "Node Type": "Seq Scan",
                  "Parent Relationship": "Outer",
                  "Parallel Aware": true,
                  "Relation Name": "cast_info",
                  "Alias": "ci",
                  "Startup Cost": 0.0,
                  "Total Cost": 328211.39,
                  "Plan Rows": 755168,
                  "Plan Width": 0,
                  "Actual Startup Time": 386.033,
                  "Actual Total Time": 528.872,
                  "Actual Rows": 640911,
                  "Actual Loops": 7,
                  "Filter": "(person_id > 3242901)",
                  "Rows Removed by Filter": 4536852
                }
              ]
            }
          ]
        }
      ]
    },
    "Planning Time": 0.107,
    "Triggers": [],
    "Execution Time": 610.367
  }
]