[
  {
    "Plan": {
      "Node Type": "Aggregate",
      "Strategy": "Plain",
      "Partial Mode": "Finalize",
      "Parallel Aware": false,
      "Startup Cost": 127837.17,
      "Total Cost": 127837.18,
      "Plan Rows": 1,
      "Plan Width": 8,
      "Actual Startup Time": 680.902,
      "Actual Total Time": 698.835,
      "Actual Rows": 1,
      "Actual Loops": 1,
      "Plans": [
        {
          "Node Type": "Gather",
          "Parent Relationship": "Outer",
          "Parallel Aware": false,
          "Startup Cost": 127836.85,
          "Total Cost": 127837.16,
          "Plan Rows": 3,
          "Plan Width": 8,
          "Actual Startup Time": 677.182,
          "Actual Total Time": 698.827,
          "Actual Rows": 4,
          "Actual Loops": 1,
          "Workers Planned": 3,
          "Workers Launched": 3,
          "Single Copy": false,
          "Plans": [
            {
              "Node Type": "Aggregate",
              "Strategy": "Plain",
              "Partial Mode": "Partial",
              "Parent Relationship": "Outer",
              "Parallel Aware": false,
              "Startup Cost": 126836.85,
              "Total Cost": 126836.86,
              "Plan Rows": 1,
              "Plan Width": 8,
              "Actual Startup Time": 669.848,
              "Actual Total Time": 670.037,
              "Actual Rows": 1,
              "Actual Loops": 4,
              "Plans": [
                {
                  "Node Type": "Hash Join",
                  "Parent Relationship": "Outer",
                  "Parallel Aware": true,
                  "Join Type": "Inner",
                  "Startup Cost": 80351.41,
                  "Total Cost": 126653.19,
                  "Plan Rows": 73465,
                  "Plan Width": 0,
                  "Actual Startup Time": 400.154,
                  "Actual Total Time": 628.618,
                  "Actual Rows": 833220,
                  "Actual Loops": 4,
                  "Inner Unique": false,
                  "Hash Cond": "(mk.movie_id = t.id)",
                  "Plans": [
                    {
                      "Node Type": "Seq Scan",
                      "Parent Relationship": "Outer",
                      "Parallel Aware": true,
                      "Relation Name": "movie_keyword",
                      "Alias": "mk",
                      "Startup Cost": 0.0,
                      "Total Cost": 42695.65,
                      "Plan Rows": 898435,
                      "Plan Width": 4,
                      "Actual Startup Time": 0.205,
                      "Actual Total Time": 121.919,
                      "Actual Rows": 696095,
                      "Actual Loops": 4,
                      "Filter": "(keyword_id > 2839)",
                      "Rows Removed by Filter": 434887
                    },
                    {
                      "Node Type": "Hash",
                      "Parent Relationship": "Inner",
                      "Parallel Aware": true,
                      "Startup Cost": 79517.74,
                      "Total Cost": 79517.74,
                      "Plan Rows": 66694,
                      "Plan Width": 8,
                      "Actual Startup Time": 362.297,
                      "Actual Total Time": 362.484,
                      "Actual Rows": 114560,
                      "Actual Loops": 4,
                      "Hash Buckets": 524288,
                      "Original Hash Buckets": 262144,
                      "Hash Batches": 1,
                      "Original Hash Batches": 1,
                      "Peak Memory Usage": 24128,
                      "Plans": [
                        {
                          "Node Type": "Hash Join",
                          "Parent Relationship": "Outer",
                          "Parallel Aware": true,
                          "Join Type": "Inner",
                          "Startup Cost": 47371.92,
                          "Total Cost": 79517.74,
                          "Plan Rows": 66694,
                          "Plan Width": 8,
                          "Actual Startup Time": 237.519,
                          "Actual Total Time": 321.988,
                          "Actual Rows": 114560,
                          "Actual Loops": 4,
                          "Inner Unique": true,
                          "Hash Cond": "(mc.movie_id = t.id)",
                          "Plans": [
                            {
                              "Node Type": "Seq Scan",
                              "Parent Relationship": "Outer",
                              "Parallel Aware": true,
                              "Relation Name": "movie_companies",
                              "Alias": "mc",
                              "Startup Cost": 0.0,
                              "Total Cost": 31414.82,
                              "Plan Rows": 278474,
                              "Plan Width": 4,
                              "Actual Startup Time": 38.144,
                              "Actual Total Time": 84.592,
                              "Actual Rows": 266703,
                              "Actual Loops": 4,
                              "Filter": "((company_id > 3139) AND (company_type_id = 2))",
                              "Rows Removed by Filter": 385580
                            },
                            {
                              "Node Type": "Hash",
                              "Parent Relationship": "Inner",
                              "Parallel Aware": true,
                              "Startup Cost": 45479.59,
                              "Total Cost": 45479.59,
                              "Plan Rows": 151387,
                              "Plan Width": 4,
                              "Actual Startup Time": 161.224,
                              "Actual Total Time": 161.225,
                              "Actual Rows": 127782,
                              "Actual Loops": 4,
                              "Hash Buckets": 1048576,
                              "Original Hash Buckets": 1048576,
                              "Hash Batches": 1,
                              "Original Hash Batches": 1,
                              "Peak Memory Usage": 28256,
                              "Plans": [
                                {
                                  "Node Type": "Seq Scan",
                                  "Parent Relationship": "Outer",
                                  "Parallel Aware": true,
                                  "Relation Name": "title",
                                  "Alias": "t",
                                  "Startup Cost": 0.0,
                                  "Total Cost": 45479.59,
                                  "Plan Rows": 151387,
                                  "Plan Width": 4,
                                  "Actual Startup Time": 47.233,
                                  "Actual Total Time": 114.023,
                                  "Actual Rows": 127782,
                                  "Actual Loops": 4,
                                  "Filter": "((production_year > 1941) AND (kind_id = 1))",
                                  "Rows Removed by Filter": 504296
                                }
                              ]
                            }
                          ]
                        }
                      ]
                    }
                  ]
                }
              ]
            }
          ]
        }
      ]
    },
    "Planning Time": 0.473,
    "Triggers": [],
    "Execution Time": 698.874
  }
]