[
  {
    "Plan": {
      "Node Type": "Aggregate",
      "Strategy": "Plain",
      "Partial Mode": "Finalize",
      "Parallel Aware": false,
      "Startup Cost": 342700.75,
      "Total Cost": 342700.76,
      "Plan Rows": 1,
      "Plan Width": 8,
      "Actual Startup Time": 381.485,
      "Actual Total Time": 437.536,
      "Actual Rows": 1,
      "Actual Loops": 1,
      "Plans": [
        {
          "Node Type": "Gather",
          "Parent Relationship": "Outer",
          "Parallel Aware": false,
          "Startup Cost": 342700.33,
          "Total Cost": 342700.74,
          "Plan Rows": 4,
          "Plan Width": 8,
          "Actual Startup Time": 381.342,
          "Actual Total Time": 437.527,
          "Actual Rows": 5,
          "Actual Loops": 1,
          "Workers Planned": 4,
          "Workers Launched": 4,
          "Single Copy": false,
          "Plans": [
            {
              "Node Type": "Aggregate",
              "Strategy": "Plain",
              "Partial Mode": "Partial",
              "Parent Relationship": "Outer",
              "Parallel Aware": false,
              "Startup Cost": 341700.33,
              "Total Cost": 341700.34,
              "Plan Rows": 1,
              "Plan Width": 8,
              "Actual Startup Time": 371.59,
              "Actual Total Time": 371.591,
              "Actual Rows": 1,
              "Actual Loops": 5,
              "Plans": [
                {
                  "Node Type": "Nested Loop",
                  "Parent Relationship": "Outer",
                  "Parallel Aware": false,
                  "Join Type": "Inner",
                  "Startup Cost": 0.56,
                  "Total Cost": 341397.98,
                  "Plan Rows": 120937,
                  "Plan Width": 0,
                  "Actual Startup Time": 55.174,
                  "Actual Total Time": 364.352,
                  "Actual Rows": 100182,
                  "Actual Loops": 5,
                  "Inner Unique": false,
                  "Plans": [
                    {
                      "Node Type": "Seq Scan",
                      "Parent Relationship": "Outer",
                      "Parallel Aware": true,
                      "Relation Name": "title",
                      "Alias": "t",
                      "Startup Cost": 0.0,
                      "Total Cost": 45479.1,
                      "Plan Rows": 8440,
                      "Plan Width": 4,
                      "Actual Startup Time": 55.072,
                      "Actual Total Time": 79.361,
                      "Actual Rows": 5621,
                      "Actual Loops": 5,
                      "Filter": "((kind_id = 1) AND (production_year = 2009))",
                      "Rows Removed by Filter": 500042
                    },
                    {
                      "Node Type": "Index Only Scan",
                      "Parent Relationship": "Inner",
                      "Parallel Aware": false,
                      "Scan Direction": "Forward",
                      "Index Name": "movie_id_cast_info",
                      "Relation Name": "cast_info",
                      "Alias": "ci",
                      "Startup Cost": 0.56,
                      "Total Cost": 34.69,
                      "Plan Rows": 37,
                      "Plan Width": 4,
                      "Actual Startup Time": 0.009,
                      "Actual Total Time": 0.049,
                      "Actual Rows": 18,
                      "Actual Loops": 28104,
                      "Index Cond": "(movie_id = t.id)",
                      "Rows Removed by Index Recheck": 0,
                      "Heap Fetches": 500909
                    }
                  ]
                }
              ]
            }
          ]
        }
      ]
    },
    "Planning Time": 0.568,
    "Triggers": [],
    "Execution Time": 437.621
  }
]