[
  {
    "Plan": {
      "Node Type": "Aggregate",
      "Strategy": "Plain",
      "Partial Mode": "Finalize",
      "Parallel Aware": false,
      "Startup Cost": 236518.45,
      "Total Cost": 236518.46,
      "Plan Rows": 1,
      "Plan Width": 8,
      "Actual Startup Time": 220.28,
      "Actual Total Time": 228.322,
      "Actual Rows": 1,
      "Actual Loops": 1,
      "Plans": [
        {
          "Node Type": "Gather",
          "Parent Relationship": "Outer",
          "Parallel Aware": false,
          "Startup Cost": 236517.93,
          "Total Cost": 236518.44,
          "Plan Rows": 5,
          "Plan Width": 8,
          "Actual Startup Time": 219.369,
          "Actual Total Time": 228.314,
          "Actual Rows": 6,
          "Actual Loops": 1,
          "Workers Planned": 5,
          "Workers Launched": 5,
          "Single Copy": false,
          "Plans": [
            {
              "Node Type": "Aggregate",
              "Strategy": "Plain",
              "Partial Mode": "Partial",
              "Parent Relationship": "Outer",
              "Parallel Aware": false,
              "Startup Cost": 235517.93,
              "Total Cost": 235517.94,
              "Plan Rows": 1,
              "Plan Width": 8,
              "Actual Startup Time": 198.521,
              "Actual Total Time": 198.525,
              "Actual Rows": 1,
              "Actual Loops": 6,
              "Plans": [
                {
                  "Node Type": "Hash Join",
                  "Parent Relationship": "Outer",
                  "Parallel Aware": true,
                  "Join Type": "Inner",
                  "Startup Cost": 69539.01,
                  "Total Cost": 235491.06,
                  "Plan Rows": 10745,
                  "Plan Width": 0,
                  "Actual Startup Time": 150.037,
                  "Actual Total Time": 197.57,
                  "Actual Rows": 16065,
                  "Actual Loops": 6,
                  "Inner Unique": true,
                  "Hash Cond": "(mi.movie_id = t.id)",
                  "Plans": [
                    {
                      "Node Type": "Bitmap Heap Scan",
                      "Parent Relationship": "Outer",
                      "Parallel Aware": true,
                      "Relation Name": "movie_info",
                      "Alias": "mi",
                      "Startup Cost": 23735.46,
                      "Total Cost": 189000.4,
                      "Plan Rows": 261755,
                      "Plan Width": 4,
                      "Actual Startup Time": 37.487,
                      "Actual Total Time": 73.138,
                      "Actual Rows": 214821,
                      "Actual Loops": 6,
                      "Recheck Cond": "(info_type_id = 2)",
                      "Rows Removed by Index Recheck": 0,
                      "Exact Heap Blocks": 2205,
                      "Lossy Heap Blocks": 0,
                      "Plans": [
                        {
                          "Node Type": "Bitmap Index Scan",
                          "Parent Relationship": "Outer",
                          "Parallel Aware": false,
                          "Index Name": "info_type_id_movie_info",
                          "Startup Cost": 0.0,
                          "Total Cost": 23408.26,
                          "Plan Rows": 1308777,
                          "Plan Width": 0,
                          "Actual Startup Time": 36.048,
                          "Actual Total Time": 36.049,
                          "Actual Rows": 1288928,
                          "Actual Loops": 1,
                          "Index Cond": "(info_type_id = 2)"
                        }
                      ]
                    },
                    {
                      "Node Type": "Hash",
                      "Parent Relationship": "Inner",
                      "Parallel Aware": true,
                      "Startup Cost": 45479.21,
                      "Total Cost": 45479.21,
                      "Plan Rows": 25948,
                      "Plan Width": 4,
                      "Actual Startup Time": 84.153,
                      "Actual Total Time": 84.154,
                      "Actual Rows": 16499,
                      "Actual Loops": 6,
                      "Hash Buckets": 131072,
                      "Original Hash Buckets": 131072,
                      "Hash Batches": 1,
                      "Original Hash Batches": 1,
                      "Peak Memory Usage": 5024,
                      "Plans": [
                        {
                          "Node Type": "Seq Scan",
                          "Parent Relationship": "Outer",
                          "Parallel Aware": true,
                          "Relation Name": "title",
                          "Alias": "t",
                          "Startup Cost": 0.0,
                          "Total Cost": 45479.21,
                          "Plan Rows": 25948,
                          "Plan Width": 4,
                          "Actual Startup Time": 41.294,
                          "Actual Total Time": 77.845,
                          "Actual Rows": 16499,
                          "Actual Loops": 6,
                          "Filter": "((production_year > 2010) AND (kind_id = 1))",
                          "Rows Removed by Filter": 404887
                        }
                      ]
                    }
                  ]
                }
              ]
            }
          ]
        }
      ]
    },
    "Planning Time": 0.601,
    "Triggers": [],
    "Execution Time": 228.408
  }
]