[
  {
    "Plan": {
      "Node Type": "Aggregate",
      "Strategy": "Plain",
      "Partial Mode": "Finalize",
      "Parallel Aware": false,
      "Startup Cost": 78937.11,
      "Total Cost": 78937.12,
      "Plan Rows": 1,
      "Plan Width": 8,
      "Actual Startup Time": 308.86,
      "Actual Total Time": 323.187,
      "Actual Rows": 1,
      "Actual Loops": 1,
      "Plans": [
        {
          "Node Type": "Gather",
          "Parent Relationship": "Outer",
          "Parallel Aware": false,
          "Startup Cost": 78936.79,
          "Total Cost": 78937.1,
          "Plan Rows": 3,
          "Plan Width": 8,
          "Actual Startup Time": 304.943,
          "Actual Total Time": 323.18,
          "Actual Rows": 4,
          "Actual Loops": 1,
          "Workers Planned": 3,
          "Workers Launched": 3,
          "Single Copy": false,
          "Plans": [
            {
              "Node Type": "Aggregate",
              "Strategy": "Plain",
              "Partial Mode": "Partial",
              "Parent Relationship": "Outer",
              "Parallel Aware": false,
              "Startup Cost": 77936.79,
              "Total Cost": 77936.8,
              "Plan Rows": 1,
              "Plan Width": 8,
              "Actual Startup Time": 295.82,
              "Actual Total Time": 295.823,
              "Actual Rows": 1,
              "Actual Loops": 4,
              "Plans": [
                {
                  "Node Type": "Hash Join",
                  "Parent Relationship": "Outer",
                  "Parallel Aware": true,
                  "Join Type": "Inner",
                  "Startup Cost": 47965.86,
                  "Total Cost": 77784.52,
                  "Plan Rows": 60908,
                  "Plan Width": 0,
                  "Actual Startup Time": 183.964,
                  "Actual Total Time": 293.496,
                  "Actual Rows": 49806,
                  "Actual Loops": 4,
                  "Inner Unique": true,
                  "Hash Cond": "(mc.movie_id = t.id)",
                  "Plans": [
                    {
                      "Node Type": "Seq Scan",
                      "Parent Relationship": "Outer",
                      "Parallel Aware": true,
                      "Relation Name": "movie_companies",
                      "Alias": "mc",
                      "Startup Cost": 0.0,
                      "Total Cost": 29310.68,
                      "Plan Rows": 193515,
                      "Plan Width": 4,
                      "Actual Startup Time": 0.019,
                      "Actual Total Time": 63.745,
                      "Actual Rows": 148366,
                      "Actual Loops": 4,
                      "Filter": "(company_id < 686)",
                      "Rows Removed by Filter": 503916
                    },
                    {
                      "Node Type": "Hash",
                      "Parent Relationship": "Inner",
                      "Parallel Aware": true,
                      "Startup Cost": 45479.1,
                      "Total Cost": 45479.1,
                      "Plan Rows": 198941,
                      "Plan Width": 4,
                      "Actual Startup Time": 178.621,
                      "Actual Total Time": 178.622,
                      "Actual Rows": 175487,
                      "Actual Loops": 4,
                      "Hash Buckets": 1048576,
                      "Original Hash Buckets": 1048576,
                      "Hash Batches": 1,
                      "Original Hash Batches": 1,
                      "Peak Memory Usage": 35744,
                      "Plans": [
                        {
                          "Node Type": "Seq Scan",
                          "Parent Relationship": "Outer",
                          "Parallel Aware": true,
                          "Relation Name": "title",
                          "Alias": "t",
                          "Startup Cost": 0.0,
                          "Total Cost": 45479.1,
                          "Plan Rows": 198941,
                          "Plan Width": 4,
                          "Actual Startup Time": 0.048,
                          "Actual Total Time": 109.63,
                          "Actual Rows": 175487,
                          "Actual Loops": 4,
                          "Filter": "((kind_id < 7) AND (production_year > 1974))",
                          "Rows Removed by Filter": 456591
                        }
                      ]
                    }
                  ]
                }
              ]
            }
          ]
        }
      ]
    },
    "Planning Time": 0.611,
    "Triggers": [],
    "Execution Time": 323.249
  }
]