[
    {
        "Bao": {
            "Bao prediction": "NaN",
            "Bao recommended hint": "(no hint)"
        }
    },
    {
        "Plan": {
            "Node Type": "Aggregate",
            "Strategy": "Plain",
            "Partial Mode": "Finalize",
            "Parallel Aware": false,
            "Startup Cost": 38489.82,
            "Total Cost": 38489.83,
            "Plan Rows": 1,
            "Plan Width": 8,
            "Actual Startup Time": 152.627,
            "Actual Total Time": 159.444,
            "Actual Rows": 1,
            "Actual Loops": 1,
            "Output": [
                "count(*)"
            ],
            "Plans": [
                {
                    "Node Type": "Gather",
                    "Parent Relationship": "Outer",
                    "Parallel Aware": false,
                    "Startup Cost": 38489.51,
                    "Total Cost": 38489.82,
                    "Plan Rows": 3,
                    "Plan Width": 8,
                    "Actual Startup Time": 152.291,
                    "Actual Total Time": 159.432,
                    "Actual Rows": 4,
                    "Actual Loops": 1,
                    "Output": [
                        "(PARTIAL count(*))"
                    ],
                    "Workers Planned": 3,
                    "Workers Launched": 3,
                    "Single Copy": false,
                    "Plans": [
                        {
                            "Node Type": "Aggregate",
                            "Strategy": "Plain",
                            "Partial Mode": "Partial",
                            "Parent Relationship": "Outer",
                            "Parallel Aware": false,
                            "Startup Cost": 37489.51,
                            "Total Cost": 37489.52,
                            "Plan Rows": 1,
                            "Plan Width": 8,
                            "Actual Startup Time": 142.688,
                            "Actual Total Time": 142.69,
                            "Actual Rows": 1,
                            "Actual Loops": 4,
                            "Output": [
                                "PARTIAL count(*)"
                            ],
                            "Workers": [
                                {
                                    "Worker Number": 0,
                                    "Actual Startup Time": 139.286,
                                    "Actual Total Time": 139.288,
                                    "Actual Rows": 1,
                                    "Actual Loops": 1
                                },
                                {
                                    "Worker Number": 1,
                                    "Actual Startup Time": 139.514,
                                    "Actual Total Time": 139.515,
                                    "Actual Rows": 1,
                                    "Actual Loops": 1
                                },
                                {
                                    "Worker Number": 2,
                                    "Actual Startup Time": 140.151,
                                    "Actual Total Time": 140.153,
                                    "Actual Rows": 1,
                                    "Actual Loops": 1
                                }
                            ],
                            "Plans": [
                                {
                                    "Node Type": "Bitmap Heap Scan",
                                    "Parent Relationship": "Outer",
                                    "Parallel Aware": true,
                                    "Relation Name": "movie_keyword",
                                    "Schema": "public",
                                    "Alias": "mk",
                                    "Startup Cost": 10614.34,
                                    "Total Cost": 37085.98,
                                    "Plan Rows": 161411,
                                    "Plan Width": 0,
                                    "Actual Startup Time": 45.512,
                                    "Actual Total Time": 134.409,
                                    "Actual Rows": 122988,
                                    "Actual Loops": 4,
                                    "Recheck Cond": "(mk.keyword_id > 36621)",
                                    "Rows Removed by Index Recheck": 0,
                                    "Exact Heap Blocks": 7914,
                                    "Lossy Heap Blocks": 0,
                                    "Workers": [
                                        {
                                            "Worker Number": 0,
                                            "Actual Startup Time": 42.616,
                                            "Actual Total Time": 131.492,
                                            "Actual Rows": 88344,
                                            "Actual Loops": 1
                                        },
                                        {
                                            "Worker Number": 1,
                                            "Actual Startup Time": 42.575,
                                            "Actual Total Time": 132.391,
                                            "Actual Rows": 120084,
                                            "Actual Loops": 1
                                        },
                                        {
                                            "Worker Number": 2,
                                            "Actual Startup Time": 42.846,
                                            "Actual Total Time": 132.989,
                                            "Actual Rows": 115122,
                                            "Actual Loops": 1
                                        }
                                    ],
                                    "Plans": [
                                        {
                                            "Node Type": "Bitmap Index Scan",
                                            "Parent Relationship": "Outer",
                                            "Parallel Aware": false,
                                            "Index Name": "keyword_id_movie_keyword",
                                            "Startup Cost": 0.0,
                                            "Total Cost": 10489.25,
                                            "Plan Rows": 500375,
                                            "Plan Width": 0,
                                            "Actual Startup Time": 48.527,
                                            "Actual Total Time": 48.528,
                                            "Actual Rows": 491954,
                                            "Actual Loops": 1,
                                            "Index Cond": "(mk.keyword_id > 36621)"
                                        }
                                    ]
                                }
                            ]
                        }
                    ]
                }
            ]
        },
        "Planning Time": 316.204,
        "Triggers": [],
        "Execution Time": 159.614
    }
]