[
  {
    "Plan": {
      "Node Type": "Aggregate",
      "Strategy": "Plain",
      "Partial Mode": "Finalize",
      "Parallel Aware": false,
      "Startup Cost": 342372.36,
      "Total Cost": 342372.37,
      "Plan Rows": 1,
      "Plan Width": 8,
      "Actual Startup Time": 864.097,
      "Actual Total Time": 907.559,
      "Actual Rows": 1,
      "Actual Loops": 1,
      "Plans": [
        {
          "Node Type": "Gather",
          "Parent Relationship": "Outer",
          "Parallel Aware": false,
          "Startup Cost": 342371.73,
          "Total Cost": 342372.34,
          "Plan Rows": 6,
          "Plan Width": 8,
          "Actual Startup Time": 863.88,
          "Actual Total Time": 907.547,
          "Actual Rows": 7,
          "Actual Loops": 1,
          "Workers Planned": 6,
          "Workers Launched": 6,
          "Single Copy": false,
          "Plans": [
            {
              "Node Type": "Aggregate",
              "Strategy": "Plain",
              "Partial Mode": "Partial",
              "Parent Relationship": "Outer",
              "Parallel Aware": false,
              "Startup Cost": 341371.73,
              "Total Cost": 341371.74,
              "Plan Rows": 1,
              "Plan Width": 8,
              "Actual Startup Time": 857.643,
              "Actual Total Time": 857.644,
              "Actual Rows": 1,
              "Actual Loops": 7,
              "Plans": [
                {
                  "Node Type": "Seq Scan",
                  "Parent Relationship": "Outer",
                  "Parallel Aware": true,
                  "Relation Name": "cast_info",
                  "Alias": "ci",
                  "Startup Cost": 0.0,
                  "Total Cost": 328211.39,
                  "Plan Rows": 5264136,
                  "Plan Width": 0,
                  "Actual Startup Time": 61.926,
                  "Actual Total Time": 642.253,
                  "Actual Rows": 4487214,
                  "Actual Loops": 7,
                  "Filter": "(person_id > 469580)",
                  "Rows Removed by Filter": 690549
                }
              ]
            }
          ]
        }
      ]
    },
    "Planning Time": 0.108,
    "Triggers": [],
    "Execution Time": 907.606
  }
]