[
  {
    "Plan": {
      "Node Type": "Aggregate",
      "Strategy": "Plain",
      "Partial Mode": "Finalize",
      "Parallel Aware": false,
      "Startup Cost": 527104.55,
      "Total Cost": 527104.56,
      "Plan Rows": 1,
      "Plan Width": 8,
      "Actual Startup Time": 1866.379,
      "Actual Total Time": 1982.014,
      "Actual Rows": 1,
      "Actual Loops": 1,
      "Plans": [
        {
          "Node Type": "Gather",
          "Parent Relationship": "Outer",
          "Parallel Aware": false,
          "Startup Cost": 527104.03,
          "Total Cost": 527104.54,
          "Plan Rows": 5,
          "Plan Width": 8,
          "Actual Startup Time": 1863.76,
          "Actual Total Time": 1982.002,
          "Actual Rows": 6,
          "Actual Loops": 1,
          "Workers Planned": 5,
          "Workers Launched": 5,
          "Single Copy": false,
          "Plans": [
            {
              "Node Type": "Aggregate",
              "Strategy": "Plain",
              "Partial Mode": "Partial",
              "Parent Relationship": "Outer",
              "Parallel Aware": false,
              "Startup Cost": 526104.03,
              "Total Cost": 526104.04,
              "Plan Rows": 1,
              "Plan Width": 8,
              "Actual Startup Time": 1855.443,
              "Actual Total Time": 1855.447,
              "Actual Rows": 1,
              "Actual Loops": 6,
              "Plans": [
                {
                  "Node Type": "Nested Loop",
                  "Parent Relationship": "Outer",
                  "Parallel Aware": false,
                  "Join Type": "Inner",
                  "Startup Cost": 46376.79,
                  "Total Cost": 524860.14,
                  "Plan Rows": 497557,
                  "Plan Width": 0,
                  "Actual Startup Time": 107.662,
                  "Actual Total Time": 1835.425,
                  "Actual Rows": 317476,
                  "Actual Loops": 6,
                  "Inner Unique": false,
                  "Join Filter": "(t.id = ci.movie_id)",
                  "Rows Removed by Join Filter": 0,
                  "Plans": [
                    {
                      "Node Type": "Hash Join",
                      "Parent Relationship": "Outer",
                      "Parallel Aware": true,
                      "Join Type": "Inner",
                      "Startup Cost": 46376.22,
                      "Total Cost": 249351.97,
                      "Plan Rows": 167193,
                      "Plan Width": 8,
                      "Actual Startup Time": 107.38,
                      "Actual Total Time": 711.679,
                      "Actual Rows": 40706,
                      "Actual Loops": 6,
                      "Inner Unique": true,
                      "Hash Cond": "(mi.movie_id = t.id)",
                      "Plans": [
                        {
                          "Node Type": "Seq Scan",
                          "Parent Relationship": "Outer",
                          "Parallel Aware": true,
                          "Relation Name": "movie_info",
                          "Alias": "mi",
                          "Startup Cost": 0.0,
                          "Total Cost": 199108.24,
                          "Plan Rows": 1473332,
                          "Plan Width": 4,
                          "Actual Startup Time": 0.036,
                          "Actual Total Time": 365.448,
                          "Actual Rows": 1214478,
                          "Actual Loops": 6,
                          "Filter": "(info_type_id < 8)",
                          "Rows Removed by Filter": 1258142
                        },
                        {
                          "Node Type": "Hash",
                          "Parent Relationship": "Inner",
                          "Parallel Aware": true,
                          "Startup Cost": 45479.59,
                          "Total Cost": 45479.59,
                          "Plan Rows": 71731,
                          "Plan Width": 4,
                          "Actual Startup Time": 104.484,
                          "Actual Total Time": 104.485,
                          "Actual Rows": 48779,
                          "Actual Loops": 6,
                          "Hash Buckets": 524288,
                          "Original Hash Buckets": 524288,
                          "Hash Batches": 1,
                          "Original Hash Batches": 1,
                          "Peak Memory Usage": 15648,
                          "Plans": [
                            {
                              "Node Type": "Seq Scan",
                              "Parent Relationship": "Outer",
                              "Parallel Aware": true,
                              "Relation Name": "title",
                              "Alias": "t",
                              "Startup Cost": 0.0,
                              "Total Cost": 45479.59,
                              "Plan Rows": 71731,
                              "Plan Width": 4,
                              "Actual Startup Time": 0.05,
                              "Actual Total Time": 81.9,
                              "Actual Rows": 48779,
                              "Actual Loops": 6,
                              "Filter": "((kind_id > 1) AND (production_year > 2010))",
                              "Rows Removed by Filter": 372606
                            }
                          ]
                        }
                      ]
                    },
                    {
                      "Node Type": "Index Scan",
                      "Parent Relationship": "Inner",
                      "Parallel Aware": false,
                      "Scan Direction": "Forward",
                      "Index Name": "movie_id_cast_info",
                      "Relation Name": "cast_info",
                      "Alias": "ci",
                      "Startup Cost": 0.56,
                      "Total Cost": 1.56,
                      "Plan Rows": 7,
                      "Plan Width": 4,
                      "Actual Startup Time": 0.016,
                      "Actual Total Time": 0.026,
                      "Actual Rows": 8,
                      "Actual Loops": 244235,
                      "Index Cond": "(movie_id = mi.movie_id)",
                      "Rows Removed by Index Recheck": 0,
                      "Filter": "((person_id > 2553278) AND (role_id > 1))",
                      "Rows Removed by Filter": 12
                    }
                  ]
                }
              ]
            }
          ]
        }
      ]
    },
    "Planning Time": 1.191,
    "Triggers": [],
    "Execution Time": 1982.089
  }
]