[
  {
    "Plan": {
      "Node Type": "Aggregate",
      "Strategy": "Plain",
      "Partial Mode": "Simple",
      "Parallel Aware": false,
      "Startup Cost": 987.47,
      "Total Cost": 987.48,
      "Plan Rows": 1,
      "Plan Width": 8,
      "Actual Startup Time": 15.656,
      "Actual Total Time": 15.657,
      "Actual Rows": 1,
      "Actual Loops": 1,
      "Plans": [
        {
          "Node Type": "Index Scan",
          "Parent Relationship": "Outer",
          "Parallel Aware": false,
          "Scan Direction": "Forward",
          "Index Name": "person_id_cast_info",
          "Relation Name": "cast_info",
          "Alias": "ci",
          "Startup Cost": 0.56,
          "Total Cost": 987.07,
          "Plan Rows": 162,
          "Plan Width": 0,
          "Actual Startup Time": 15.614,
          "Actual Total Time": 15.646,
          "Actual Rows": 115,
          "Actual Loops": 1,
          "Index Cond": "(person_id = 3124495)",
          "Rows Removed by Index Recheck": 0,
          "Filter": "(role_id > 3)",
          "Rows Removed by Filter": 0
        }
      ]
    },
    "Planning Time": 0.09,
    "Triggers": [],
    "Execution Time": 15.676
  }
]