{
  "Plan": {
    "Node Type": "Aggregate",
    "Strategy": "Plain",
    "Partial Mode": "Finalize",
    "Parallel Aware": false,
    "Startup Cost": 26871.56,
    "Total Cost": 26871.57,
    "Plan Rows": 1,
    "Plan Width": 8,
    "Actual Startup Time": 119.528,
    "Actual Total Time": 140.841,
    "Actual Rows": 1,
    "Actual Loops": 1,
    "Plans": [
      {
        "Node Type": "Gather",
        "Parent Relationship": "Outer",
        "Parallel Aware": false,
        "Startup Cost": 26871.45,
        "Total Cost": 26871.56,
        "Plan Rows": 1,
        "Plan Width": 8,
        "Actual Startup Time": 119.39,
        "Actual Total Time": 140.834,
        "Actual Rows": 2,
        "Actual Loops": 1,
        "Workers Planned": 1,
        "Workers Launched": 1,
        "Single Copy": false,
        "Plans": [
          {
            "Node Type": "Aggregate",
            "Strategy": "Plain",
            "Partial Mode": "Partial",
            "Parent Relationship": "Outer",
            "Parallel Aware": false,
            "Startup Cost": 25871.45,
            "Total Cost": 25871.46,
            "Plan Rows": 1,
            "Plan Width": 8,
            "Actual Startup Time": 113.289,
            "Actual Total Time": 113.292,
            "Actual Rows": 1,
            "Actual Loops": 2,
            "Plans": [
              {
                "Node Type": "Nested Loop",
                "Parent Relationship": "Outer",
                "Parallel Aware": false,
                "Join Type": "Inner",
                "Startup Cost": 69.02,
                "Total Cost": 25807.3,
                "Plan Rows": 25658,
                "Plan Width": 0,
                "Actual Startup Time": 1.975,
                "Actual Total Time": 108.969,
                "Actual Rows": 56011,
                "Actual Loops": 2,
                "Inner Unique": false,
                "Plans": [
                  {
                    "Node Type": "Nested Loop",
                    "Parent Relationship": "Outer",
                    "Parallel Aware": false,
                    "Join Type": "Inner",
                    "Startup Cost": 68.45,
                    "Total Cost": 21888.42,
                    "Plan Rows": 1791,
                    "Plan Width": 8,
                    "Actual Startup Time": 1.773,
                    "Actual Total Time": 15.606,
                    "Actual Rows": 1892,
                    "Actual Loops": 2,
                    "Inner Unique": true,
                    "Plans": [
                      {
                        "Node Type": "Bitmap Heap Scan",
                        "Parent Relationship": "Outer",
                        "Parallel Aware": true,
                        "Relation Name": "movie_companies",
                        "Alias": "mc",
                        "Startup Cost": 68.02,
                        "Total Cost": 8083.96,
                        "Plan Rows": 1791,
                        "Plan Width": 4,
                        "Actual Startup Time": 1.624,
                        "Actual Total Time": 4.097,
                        "Actual Rows": 1892,
                        "Actual Loops": 2,
                        "Recheck Cond": "(company_id = 329)",
                        "Rows Removed by Index Recheck": 0,
                        "Exact Heap Blocks": 1251,
                        "Lossy Heap Blocks": 0,
                        "Plans": [
                          {
                            "Node Type": "Bitmap Index Scan",
                            "Parent Relationship": "Outer",
                            "Parallel Aware": false,
                            "Index Name": "company_id_movie_companies",
                            "Startup Cost": 0.0,
                            "Total Cost": 67.26,
                            "Plan Rows": 3044,
                            "Plan Width": 0,
                            "Actual Startup Time": 2.412,
                            "Actual Total Time": 2.412,
                            "Actual Rows": 3783,
                            "Actual Loops": 1,
                            "Index Cond": "(company_id = 329)"
                          }
                        ]
                      },
                      {
                        "Node Type": "Index Only Scan",
                        "Parent Relationship": "Inner",
                        "Parallel Aware": false,
                        "Scan Direction": "Forward",
                        "Index Name": "title_pkey",
                        "Relation Name": "title",
                        "Alias": "t",
                        "Startup Cost": 0.43,
                        "Total Cost": 7.71,
                        "Plan Rows": 1,
                        "Plan Width": 4,
                        "Actual Startup Time": 0.006,
                        "Actual Total Time": 0.006,
                        "Actual Rows": 1,
                        "Actual Loops": 3783,
                        "Index Cond": "(id = mc.movie_id)",
                        "Rows Removed by Index Recheck": 0,
                        "Heap Fetches": 3783
                      }
                    ]
                  },
                  {
                    "Node Type": "Index Only Scan",
                    "Parent Relationship": "Inner",
                    "Parallel Aware": false,
                    "Scan Direction": "Forward",
                    "Index Name": "movie_id_cast_info",
                    "Relation Name": "cast_info",
                    "Alias": "ci",
                    "Startup Cost": 0.56,
                    "Total Cost": 1.82,
                    "Plan Rows": 37,
                    "Plan Width": 4,
                    "Actual Startup Time": 0.007,
                    "Actual Total Time": 0.046,
                    "Actual Rows": 30,
                    "Actual Loops": 3783,
                    "Index Cond": "(movie_id = t.id)",
                    "Rows Removed by Index Recheck": 0,
                    "Heap Fetches": 112022
                  }
                ]
              }
            ]
          }
        ]
      }
    ]
  },
  "Planning Time": 1.041,
  "Triggers": [],
  "Execution Time": 140.941
}