[
  {
    "Plan": {
      "Node Type": "Aggregate",
      "Strategy": "Plain",
      "Partial Mode": "Finalize",
      "Parallel Aware": false,
      "Startup Cost": 249495.96,
      "Total Cost": 249495.97,
      "Plan Rows": 1,
      "Plan Width": 8,
      "Actual Startup Time": 652.205,
      "Actual Total Time": 707.659,
      "Actual Rows": 1,
      "Actual Loops": 1,
      "Plans": [
        {
          "Node Type": "Gather",
          "Parent Relationship": "Outer",
          "Parallel Aware": false,
          "Startup Cost": 249495.43,
          "Total Cost": 249495.95,
          "Plan Rows": 5,
          "Plan Width": 8,
          "Actual Startup Time": 648.324,
          "Actual Total Time": 707.643,
          "Actual Rows": 6,
          "Actual Loops": 1,
          "Workers Planned": 5,
          "Workers Launched": 5,
          "Single Copy": false,
          "Plans": [
            {
              "Node Type": "Aggregate",
              "Strategy": "Plain",
              "Partial Mode": "Partial",
              "Parent Relationship": "Outer",
              "Parallel Aware": false,
              "Startup Cost": 248495.43,
              "Total Cost": 248495.45,
              "Plan Rows": 1,
              "Plan Width": 8,
              "Actual Startup Time": 637.681,
              "Actual Total Time": 637.685,
              "Actual Rows": 1,
              "Actual Loops": 6,
              "Plans": [
                {
                  "Node Type": "Hash Join",
                  "Parent Relationship": "Outer",
                  "Parallel Aware": true,
                  "Join Type": "Inner",
                  "Startup Cost": 47897.45,
                  "Total Cost": 248159.25,
                  "Plan Rows": 134475,
                  "Plan Width": 0,
                  "Actual Startup Time": 195.986,
                  "Actual Total Time": 635.239,
                  "Actual Rows": 38326,
                  "Actual Loops": 6,
                  "Inner Unique": true,
                  "Hash Cond": "(mi.movie_id = t.id)",
                  "Plans": [
                    {
                      "Node Type": "Seq Scan",
                      "Parent Relationship": "Outer",
                      "Parallel Aware": true,
                      "Relation Name": "movie_info",
                      "Alias": "mi",
                      "Startup Cost": 0.0,
                      "Total Cost": 199108.24,
                      "Plan Rows": 439450,
                      "Plan Width": 4,
                      "Actual Startup Time": 19.971,
                      "Actual Total Time": 375.678,
                      "Actual Rows": 372308,
                      "Actual Loops": 6,
                      "Filter": "(info_type_id > 16)",
                      "Rows Removed by Filter": 2100312
                    },
                    {
                      "Node Type": "Hash",
                      "Parent Relationship": "Inner",
                      "Parallel Aware": true,
                      "Startup Cost": 45479.59,
                      "Total Cost": 45479.59,
                      "Plan Rows": 193429,
                      "Plan Width": 4,
                      "Actual Startup Time": 171.951,
                      "Actual Total Time": 171.953,
                      "Actual Rows": 115117,
                      "Actual Loops": 6,
                      "Hash Buckets": 1048576,
                      "Original Hash Buckets": 1048576,
                      "Hash Batches": 1,
                      "Original Hash Batches": 1,
                      "Peak Memory Usage": 35296,
                      "Plans": [
                        {
                          "Node Type": "Seq Scan",
                          "Parent Relationship": "Outer",
                          "Parallel Aware": true,
                          "Relation Name": "title",
                          "Alias": "t",
                          "Startup Cost": 0.0,
                          "Total Cost": 45479.59,
                          "Plan Rows": 193429,
                          "Plan Width": 4,
                          "Actual Startup Time": 0.061,
                          "Actual Total Time": 103.221,
                          "Actual Rows": 115117,
                          "Actual Loops": 6,
                          "Filter": "((kind_id > 4) AND (production_year < 2004))",
                          "Rows Removed by Filter": 306268
                        }
                      ]
                    }
                  ]
                }
              ]
            }
          ]
        }
      ]
    },
    "Planning Time": 0.733,
    "Triggers": [],
    "Execution Time": 707.751
  }
]