[
  {
    "Plan": {
      "Node Type": "Aggregate",
      "Strategy": "Plain",
      "Partial Mode": "Finalize",
      "Parallel Aware": false,
      "Startup Cost": 55491.22,
      "Total Cost": 55491.23,
      "Plan Rows": 1,
      "Plan Width": 8,
      "Actual Startup Time": 101.708,
      "Actual Total Time": 120.732,
      "Actual Rows": 1,
      "Actual Loops": 1,
      "Plans": [
        {
          "Node Type": "Gather",
          "Parent Relationship": "Outer",
          "Parallel Aware": false,
          "Startup Cost": 55490.8,
          "Total Cost": 55491.21,
          "Plan Rows": 4,
          "Plan Width": 8,
          "Actual Startup Time": 101.52,
          "Actual Total Time": 120.717,
          "Actual Rows": 5,
          "Actual Loops": 1,
          "Workers Planned": 4,
          "Workers Launched": 4,
          "Single Copy": false,
          "Plans": [
            {
              "Node Type": "Aggregate",
              "Strategy": "Plain",
              "Partial Mode": "Partial",
              "Parent Relationship": "Outer",
              "Parallel Aware": false,
              "Startup Cost": 54490.8,
              "Total Cost": 54490.81,
              "Plan Rows": 1,
              "Plan Width": 8,
              "Actual Startup Time": 94.839,
              "Actual Total Time": 94.841,
              "Actual Rows": 1,
              "Actual Loops": 5,
              "Plans": [
                {
                  "Node Type": "Nested Loop",
                  "Parent Relationship": "Outer",
                  "Parallel Aware": false,
                  "Join Type": "Inner",
                  "Startup Cost": 0.43,
                  "Total Cost": 54488.8,
                  "Plan Rows": 799,
                  "Plan Width": 0,
                  "Actual Startup Time": 1.271,
                  "Actual Total Time": 94.676,
                  "Actual Rows": 1763,
                  "Actual Loops": 5,
                  "Inner Unique": false,
                  "Plans": [
                    {
                      "Node Type": "Seq Scan",
                      "Parent Relationship": "Outer",
                      "Parallel Aware": true,
                      "Relation Name": "title",
                      "Alias": "t",
                      "Startup Cost": 0.0,
                      "Total Cost": 45479.59,
                      "Plan Rows": 1463,
                      "Plan Width": 4,
                      "Actual Startup Time": 0.515,
                      "Actual Total Time": 81.869,
                      "Actual Rows": 1417,
                      "Actual Loops": 5,
                      "Filter": "((kind_id < 7) AND (production_year = 1983))",
                      "Rows Removed by Filter": 504245
                    },
                    {
                      "Node Type": "Index Only Scan",
                      "Parent Relationship": "Inner",
                      "Parallel Aware": false,
                      "Scan Direction": "Forward",
                      "Index Name": "movie_id_movie_info_idx",
                      "Relation Name": "movie_info_idx",
                      "Alias": "mi_idx",
                      "Startup Cost": 0.43,
                      "Total Cost": 6.13,
                      "Plan Rows": 3,
                      "Plan Width": 4,
                      "Actual Startup Time": 0.008,
                      "Actual Total Time": 0.008,
                      "Actual Rows": 1,
                      "Actual Loops": 7085,
                      "Index Cond": "(movie_id = t.id)",
                      "Rows Removed by Index Recheck": 0,
                      "Heap Fetches": 8813
                    }
                  ]
                }
              ]
            }
          ]
        }
      ]
    },
    "Planning Time": 0.257,
    "Triggers": [],
    "Execution Time": 120.778
  }
]