[
  {
    "Plan": {
      "Node Type": "Aggregate",
      "Strategy": "Plain",
      "Partial Mode": "Finalize",
      "Parallel Aware": false,
      "Startup Cost": 44734.54,
      "Total Cost": 44734.55,
      "Plan Rows": 1,
      "Plan Width": 8,
      "Actual Startup Time": 118.003,
      "Actual Total Time": 126.466,
      "Actual Rows": 1,
      "Actual Loops": 1,
      "Plans": [
        {
          "Node Type": "Gather",
          "Parent Relationship": "Outer",
          "Parallel Aware": false,
          "Startup Cost": 44734.22,
          "Total Cost": 44734.53,
          "Plan Rows": 3,
          "Plan Width": 8,
          "Actual Startup Time": 117.922,
          "Actual Total Time": 126.46,
          "Actual Rows": 4,
          "Actual Loops": 1,
          "Workers Planned": 3,
          "Workers Launched": 3,
          "Single Copy": false,
          "Plans": [
            {
              "Node Type": "Aggregate",
              "Strategy": "Plain",
              "Partial Mode": "Partial",
              "Parent Relationship": "Outer",
              "Parallel Aware": false,
              "Startup Cost": 43734.22,
              "Total Cost": 43734.23,
              "Plan Rows": 1,
              "Plan Width": 8,
              "Actual Startup Time": 111.436,
              "Actual Total Time": 111.437,
              "Actual Rows": 1,
              "Actual Loops": 4,
              "Plans": [
                {
                  "Node Type": "Seq Scan",
                  "Parent Relationship": "Outer",
                  "Parallel Aware": true,
                  "Relation Name": "movie_keyword",
                  "Alias": "mk",
                  "Startup Cost": 0.0,
                  "Total Cost": 42695.65,
                  "Plan Rows": 415428,
                  "Plan Width": 0,
                  "Actual Startup Time": 0.839,
                  "Actual Total Time": 96.953,
                  "Actual Rows": 321069,
                  "Actual Loops": 4,
                  "Filter": "(keyword_id > 13759)",
                  "Rows Removed by Filter": 809914
                }
              ]
            }
          ]
        }
      ]
    },
    "Planning Time": 0.084,
    "Triggers": [],
    "Execution Time": 126.493
  }
]