[
  {
    "Plan": {
      "Node Type": "Aggregate",
      "Strategy": "Plain",
      "Partial Mode": "Finalize",
      "Parallel Aware": false,
      "Startup Cost": 32971.91,
      "Total Cost": 32971.92,
      "Plan Rows": 1,
      "Plan Width": 8,
      "Actual Startup Time": 83.08,
      "Actual Total Time": 88.466,
      "Actual Rows": 1,
      "Actual Loops": 1,
      "Plans": [
        {
          "Node Type": "Gather",
          "Parent Relationship": "Outer",
          "Parallel Aware": false,
          "Startup Cost": 32971.59,
          "Total Cost": 32971.9,
          "Plan Rows": 3,
          "Plan Width": 8,
          "Actual Startup Time": 82.917,
          "Actual Total Time": 88.457,
          "Actual Rows": 4,
          "Actual Loops": 1,
          "Workers Planned": 3,
          "Workers Launched": 3,
          "Single Copy": false,
          "Plans": [
            {
              "Node Type": "Aggregate",
              "Strategy": "Plain",
              "Partial Mode": "Partial",
              "Parent Relationship": "Outer",
              "Parallel Aware": false,
              "Startup Cost": 31971.59,
              "Total Cost": 31971.6,
              "Plan Rows": 1,
              "Plan Width": 8,
              "Actual Startup Time": 77.837,
              "Actual Total Time": 77.839,
              "Actual Rows": 1,
              "Actual Loops": 4,
              "Plans": [
                {
                  "Node Type": "Seq Scan",
                  "Parent Relationship": "Outer",
                  "Parallel Aware": true,
                  "Relation Name": "movie_companies",
                  "Alias": "mc",
                  "Startup Cost": 0.0,
                  "Total Cost": 31414.82,
                  "Plan Rows": 222710,
                  "Plan Width": 0,
                  "Actual Startup Time": 39.59,
                  "Actual Total Time": 72.55,
                  "Actual Rows": 110366,
                  "Actual Loops": 4,
                  "Filter": "((company_id < 11669) AND (company_type_id = 2))",
                  "Rows Removed by Filter": 541916
                }
              ]
            }
          ]
        }
      ]
    },
    "Planning Time": 0.095,
    "Triggers": [],
    "Execution Time": 88.496
  }
]