{
  "Plan": {
    "Node Type": "Aggregate",
    "Strategy": "Plain",
    "Partial Mode": "Finalize",
    "Parallel Aware": false,
    "Startup Cost": 347770.8,
    "Total Cost": 347770.81,
    "Plan Rows": 1,
    "Plan Width": 8,
    "Actual Startup Time": 1505.464,
    "Actual Total Time": 1554.683,
    "Actual Rows": 1,
    "Actual Loops": 1,
    "Plans": [
      {
        "Node Type": "Gather",
        "Parent Relationship": "Outer",
        "Parallel Aware": false,
        "Startup Cost": 347770.69,
        "Total Cost": 347770.8,
        "Plan Rows": 1,
        "Plan Width": 8,
        "Actual Startup Time": 1504.977,
        "Actual Total Time": 1554.674,
        "Actual Rows": 2,
        "Actual Loops": 1,
        "Workers Planned": 1,
        "Workers Launched": 1,
        "Single Copy": false,
        "Plans": [
          {
            "Node Type": "Aggregate",
            "Strategy": "Plain",
            "Partial Mode": "Partial",
            "Parent Relationship": "Outer",
            "Parallel Aware": false,
            "Startup Cost": 346770.69,
            "Total Cost": 346770.7,
            "Plan Rows": 1,
            "Plan Width": 8,
            "Actual Startup Time": 1499.537,
            "Actual Total Time": 1499.54,
            "Actual Rows": 1,
            "Actual Loops": 2,
            "Plans": [
              {
                "Node Type": "Hash Join",
                "Parent Relationship": "Outer",
                "Parallel Aware": true,
                "Join Type": "Inner",
                "Startup Cost": 55502.41,
                "Total Cost": 345850.49,
                "Plan Rows": 368079,
                "Plan Width": 0,
                "Actual Startup Time": 150.856,
                "Actual Total Time": 1488.367,
                "Actual Rows": 257410,
                "Actual Loops": 2,
                "Inner Unique": true,
                "Hash Cond": "(mi.movie_id = t.id)",
                "Plans": [
                  {
                    "Node Type": "Seq Scan",
                    "Parent Relationship": "Outer",
                    "Parallel Aware": true,
                    "Relation Name": "movie_info",
                    "Alias": "mi",
                    "Startup Cost": 0.0,
                    "Total Cost": 270696.42,
                    "Plan Rows": 7486332,
                    "Plan Width": 4,
                    "Actual Startup Time": 0.01,
                    "Actual Total Time": 729.73,
                    "Actual Rows": 6372326,
                    "Actual Loops": 2,
                    "Filter": "(info_type_id > 2)",
                    "Rows Removed by Filter": 1045534
                  },
                  {
                    "Node Type": "Hash",
                    "Parent Relationship": "Inner",
                    "Parallel Aware": true,
                    "Startup Cost": 54588.39,
                    "Total Cost": 54588.39,
                    "Plan Rows": 73122,
                    "Plan Width": 4,
                    "Actual Startup Time": 147.726,
                    "Actual Total Time": 147.726,
                    "Actual Rows": 59782,
                    "Actual Loops": 2,
                    "Hash Buckets": 131072,
                    "Original Hash Buckets": 131072,
                    "Hash Batches": 1,
                    "Original Hash Batches": 1,
                    "Peak Memory Usage": 5760,
                    "Plans": [
                      {
                        "Node Type": "Seq Scan",
                        "Parent Relationship": "Outer",
                        "Parallel Aware": true,
                        "Relation Name": "title",
                        "Alias": "t",
                        "Startup Cost": 0.0,
                        "Total Cost": 54588.39,
                        "Plan Rows": 73122,
                        "Plan Width": 4,
                        "Actual Startup Time": 0.047,
                        "Actual Total Time": 132.288,
                        "Actual Rows": 59782,
                        "Actual Loops": 2,
                        "Filter": "(production_year = 2007)",
                        "Rows Removed by Filter": 1204374
                      }
                    ]
                  }
                ]
              }
            ]
          }
        ]
      }
    ]
  },
  "Planning Time": 0.476,
  "Triggers": [],
  "Execution Time": 1554.767
}