[
  {
    "Plan": {
      "Node Type": "Aggregate",
      "Strategy": "Plain",
      "Partial Mode": "Finalize",
      "Parallel Aware": false,
      "Startup Cost": 92873.8,
      "Total Cost": 92873.81,
      "Plan Rows": 1,
      "Plan Width": 8,
      "Actual Startup Time": 418.452,
      "Actual Total Time": 435.26,
      "Actual Rows": 1,
      "Actual Loops": 1,
      "Plans": [
        {
          "Node Type": "Gather",
          "Parent Relationship": "Outer",
          "Parallel Aware": false,
          "Startup Cost": 92873.49,
          "Total Cost": 92873.8,
          "Plan Rows": 3,
          "Plan Width": 8,
          "Actual Startup Time": 412.207,
          "Actual Total Time": 435.252,
          "Actual Rows": 4,
          "Actual Loops": 1,
          "Workers Planned": 3,
          "Workers Launched": 3,
          "Single Copy": false,
          "Plans": [
            {
              "Node Type": "Aggregate",
              "Strategy": "Plain",
              "Partial Mode": "Partial",
              "Parent Relationship": "Outer",
              "Parallel Aware": false,
              "Startup Cost": 91873.49,
              "Total Cost": 91873.5,
              "Plan Rows": 1,
              "Plan Width": 8,
              "Actual Startup Time": 399.62,
              "Actual Total Time": 399.623,
              "Actual Rows": 1,
              "Actual Loops": 4,
              "Plans": [
                {
                  "Node Type": "Hash Join",
                  "Parent Relationship": "Outer",
                  "Parallel Aware": true,
                  "Join Type": "Inner",
                  "Startup Cost": 47598.29,
                  "Total Cost": 91386.35,
                  "Plan Rows": 194853,
                  "Plan Width": 0,
                  "Actual Startup Time": 232.969,
                  "Actual Total Time": 391.049,
                  "Actual Rows": 194968,
                  "Actual Loops": 4,
                  "Inner Unique": true,
                  "Hash Cond": "(mk.movie_id = t.id)",
                  "Plans": [
                    {
                      "Node Type": "Seq Scan",
                      "Parent Relationship": "Outer",
                      "Parallel Aware": true,
                      "Relation Name": "movie_keyword",
                      "Alias": "mk",
                      "Startup Cost": 0.0,
                      "Total Cost": 42695.65,
                      "Plan Rows": 416156,
                      "Plan Width": 4,
                      "Actual Startup Time": 0.967,
                      "Actual Total Time": 100.028,
                      "Actual Rows": 325032,
                      "Actual Loops": 4,
                      "Filter": "(keyword_id > 13564)",
                      "Rows Removed by Filter": 805950
                    },
                    {
                      "Node Type": "Hash",
                      "Parent Relationship": "Inner",
                      "Parallel Aware": true,
                      "Startup Cost": 43898.92,
                      "Total Cost": 43898.92,
                      "Plan Rows": 295950,
                      "Plan Width": 4,
                      "Actual Startup Time": 223.972,
                      "Actual Total Time": 223.973,
                      "Actual Rows": 298981,
                      "Actual Loops": 4,
                      "Hash Buckets": 2097152,
                      "Original Hash Buckets": 2097152,
                      "Hash Batches": 1,
                      "Original Hash Batches": 1,
                      "Peak Memory Usage": 63232,
                      "Plans": [
                        {
                          "Node Type": "Seq Scan",
                          "Parent Relationship": "Outer",
                          "Parallel Aware": true,
                          "Relation Name": "title",
                          "Alias": "t",
                          "Startup Cost": 0.0,
                          "Total Cost": 43898.92,
                          "Plan Rows": 295950,
                          "Plan Width": 4,
                          "Actual Startup Time": 0.037,
                          "Actual Total Time": 109.601,
                          "Actual Rows": 298981,
                          "Actual Loops": 4,
                          "Filter": "(production_year < 2003)",
                          "Rows Removed by Filter": 333097
                        }
                      ]
                    }
                  ]
                }
              ]
            }
          ]
        }
      ]
    },
    "Planning Time": 0.555,
    "Triggers": [],
    "Execution Time": 435.321
  }
]