[
  {
    "Plan": {
      "Node Type": "Aggregate",
      "Strategy": "Plain",
      "Partial Mode": "Finalize",
      "Parallel Aware": false,
      "Startup Cost": 45817.43,
      "Total Cost": 45817.44,
      "Plan Rows": 1,
      "Plan Width": 8,
      "Actual Startup Time": 156.033,
      "Actual Total Time": 166.955,
      "Actual Rows": 1,
      "Actual Loops": 1,
      "Plans": [
        {
          "Node Type": "Gather",
          "Parent Relationship": "Outer",
          "Parallel Aware": false,
          "Startup Cost": 45817.11,
          "Total Cost": 45817.42,
          "Plan Rows": 3,
          "Plan Width": 8,
          "Actual Startup Time": 155.879,
          "Actual Total Time": 166.946,
          "Actual Rows": 4,
          "Actual Loops": 1,
          "Workers Planned": 3,
          "Workers Launched": 3,
          "Single Copy": false,
          "Plans": [
            {
              "Node Type": "Aggregate",
              "Strategy": "Plain",
              "Partial Mode": "Partial",
              "Parent Relationship": "Outer",
              "Parallel Aware": false,
              "Startup Cost": 44817.11,
              "Total Cost": 44817.12,
              "Plan Rows": 1,
              "Plan Width": 8,
              "Actual Startup Time": 150.53,
              "Actual Total Time": 150.531,
              "Actual Rows": 1,
              "Actual Loops": 4,
              "Plans": [
                {
                  "Node Type": "Seq Scan",
                  "Parent Relationship": "Outer",
                  "Parallel Aware": true,
                  "Relation Name": "movie_keyword",
                  "Alias": "mk",
                  "Startup Cost": 0.0,
                  "Total Cost": 42695.65,
                  "Plan Rows": 848582,
                  "Plan Width": 0,
                  "Actual Startup Time": 0.04,
                  "Actual Total Time": 118.517,
                  "Actual Rows": 661590,
                  "Actual Loops": 4,
                  "Filter": "(keyword_id < 7302)",
                  "Rows Removed by Filter": 469392
                }
              ]
            }
          ]
        }
      ]
    },
    "Planning Time": 0.18,
    "Triggers": [],
    "Execution Time": 167.008
  }
]