[
  {
    "Plan": {
      "Node Type": "Aggregate",
      "Strategy": "Plain",
      "Partial Mode": "Finalize",
      "Parallel Aware": false,
      "Startup Cost": 72446.61,
      "Total Cost": 72446.62,
      "Plan Rows": 1,
      "Plan Width": 8,
      "Actual Startup Time": 415.636,
      "Actual Total Time": 435.657,
      "Actual Rows": 1,
      "Actual Loops": 1,
      "Plans": [
        {
          "Node Type": "Gather",
          "Parent Relationship": "Outer",
          "Parallel Aware": false,
          "Startup Cost": 72446.29,
          "Total Cost": 72446.6,
          "Plan Rows": 3,
          "Plan Width": 8,
          "Actual Startup Time": 402.357,
          "Actual Total Time": 435.647,
          "Actual Rows": 4,
          "Actual Loops": 1,
          "Workers Planned": 3,
          "Workers Launched": 3,
          "Single Copy": false,
          "Plans": [
            {
              "Node Type": "Aggregate",
              "Strategy": "Plain",
              "Partial Mode": "Partial",
              "Parent Relationship": "Outer",
              "Parallel Aware": false,
              "Startup Cost": 71446.29,
              "Total Cost": 71446.3,
              "Plan Rows": 1,
              "Plan Width": 8,
              "Actual Startup Time": 389.715,
              "Actual Total Time": 389.719,
              "Actual Rows": 1,
              "Actual Loops": 4,
              "Plans": [
                {
                  "Node Type": "Hash Join",
                  "Parent Relationship": "Outer",
                  "Parallel Aware": true,
                  "Join Type": "Inner",
                  "Startup Cost": 52150.4,
                  "Total Cost": 71374.53,
                  "Plan Rows": 28703,
                  "Plan Width": 0,
                  "Actual Startup Time": 369.112,
                  "Actual Total Time": 388.652,
                  "Actual Rows": 22154,
                  "Actual Loops": 4,
                  "Inner Unique": true,
                  "Hash Cond": "(mc.movie_id = t.id)",
                  "Plans": [
                    {
                      "Node Type": "Bitmap Heap Scan",
                      "Parent Relationship": "Outer",
                      "Parallel Aware": true,
                      "Relation Name": "movie_companies",
                      "Alias": "mc",
                      "Startup Cost": 1930.02,
                      "Total Cost": 21078.8,
                      "Plan Rows": 28703,
                      "Plan Width": 4,
                      "Actual Startup Time": 3.952,
                      "Actual Total Time": 11.643,
                      "Actual Rows": 22154,
                      "Actual Loops": 4,
                      "Recheck Cond": "(company_id > 164555)",
                      "Rows Removed by Index Recheck": 0,
                      "Exact Heap Blocks": 832,
                      "Lossy Heap Blocks": 0,
                      "Plans": [
                        {
                          "Node Type": "Bitmap Index Scan",
                          "Parent Relationship": "Outer",
                          "Parallel Aware": false,
                          "Index Name": "company_id_movie_companies",
                          "Startup Cost": 0.0,
                          "Total Cost": 1907.77,
                          "Plan Rows": 88979,
                          "Plan Width": 0,
                          "Actual Startup Time": 3.556,
                          "Actual Total Time": 3.557,
                          "Actual Rows": 88614,
                          "Actual Loops": 1,
                          "Index Cond": "(company_id > 164555)"
                        }
                      ]
                    },
                    {
                      "Node Type": "Hash",
                      "Parent Relationship": "Inner",
                      "Parallel Aware": true,
                      "Startup Cost": 42319.06,
                      "Total Cost": 42319.06,
                      "Plan Rows": 632106,
                      "Plan Width": 4,
                      "Actual Startup Time": 356.686,
                      "Actual Total Time": 356.687,
                      "Actual Rows": 632078,
                      "Actual Loops": 4,
                      "Hash Buckets": 4194304,
                      "Original Hash Buckets": 4194304,
                      "Hash Batches": 1,
                      "Original Hash Batches": 1,
                      "Peak Memory Usage": 131744,
                      "Plans": [
                        {
                          "Node Type": "Seq Scan",
                          "Parent Relationship": "Outer",
                          "Parallel Aware": true,
                          "Relation Name": "title",
                          "Alias": "t",
                          "Startup Cost": 0.0,
                          "Total Cost": 42319.06,
                          "Plan Rows": 632106,
                          "Plan Width": 4,
                          "Actual Startup Time": 0.051,
                          "Actual Total Time": 104.666,
                          "Actual Rows": 632078,
                          "Actual Loops": 4
                        }
                      ]
                    }
                  ]
                }
              ]
            }
          ]
        }
      ]
    },
    "Planning Time": 0.364,
    "Triggers": [],
    "Execution Time": 435.697
  }
]