[
  {
    "Plan": {
      "Node Type": "Aggregate",
      "Strategy": "Plain",
      "Partial Mode": "Finalize",
      "Parallel Aware": false,
      "Startup Cost": 68179.27,
      "Total Cost": 68179.28,
      "Plan Rows": 1,
      "Plan Width": 8,
      "Actual Startup Time": 177.095,
      "Actual Total Time": 190.235,
      "Actual Rows": 1,
      "Actual Loops": 1,
      "Plans": [
        {
          "Node Type": "Gather",
          "Parent Relationship": "Outer",
          "Parallel Aware": false,
          "Startup Cost": 68178.85,
          "Total Cost": 68179.26,
          "Plan Rows": 4,
          "Plan Width": 8,
          "Actual Startup Time": 176.278,
          "Actual Total Time": 190.225,
          "Actual Rows": 5,
          "Actual Loops": 1,
          "Workers Planned": 4,
          "Workers Launched": 4,
          "Single Copy": false,
          "Plans": [
            {
              "Node Type": "Aggregate",
              "Strategy": "Plain",
              "Partial Mode": "Partial",
              "Parent Relationship": "Outer",
              "Parallel Aware": false,
              "Startup Cost": 67178.85,
              "Total Cost": 67178.86,
              "Plan Rows": 1,
              "Plan Width": 8,
              "Actual Startup Time": 168.518,
              "Actual Total Time": 168.522,
              "Actual Rows": 1,
              "Actual Loops": 5,
              "Plans": [
                {
                  "Node Type": "Hash Join",
                  "Parent Relationship": "Outer",
                  "Parallel Aware": true,
                  "Join Type": "Inner",
                  "Startup Cost": 21566.18,
                  "Total Cost": 67120.53,
                  "Plan Rows": 23329,
                  "Plan Width": 0,
                  "Actual Startup Time": 128.596,
                  "Actual Total Time": 167.752,
                  "Actual Rows": 17723,
                  "Actual Loops": 5,
                  "Inner Unique": false,
                  "Hash Cond": "(t.id = mc.movie_id)",
                  "Plans": [
                    {
                      "Node Type": "Seq Scan",
                      "Parent Relationship": "Outer",
                      "Parallel Aware": true,
                      "Relation Name": "title",
                      "Alias": "t",
                      "Startup Cost": 0.0,
                      "Total Cost": 42318.73,
                      "Plan Rows": 632073,
                      "Plan Width": 4,
                      "Actual Startup Time": 0.026,
                      "Actual Total Time": 65.205,
                      "Actual Rows": 505662,
                      "Actual Loops": 5
                    },
                    {
                      "Node Type": "Hash",
                      "Parent Relationship": "Inner",
                      "Parallel Aware": true,
                      "Startup Cost": 21189.9,
                      "Total Cost": 21189.9,
                      "Plan Rows": 30102,
                      "Plan Width": 4,
                      "Actual Startup Time": 34.475,
                      "Actual Total Time": 34.476,
                      "Actual Rows": 17723,
                      "Actual Loops": 5,
                      "Hash Buckets": 131072,
                      "Original Hash Buckets": 131072,
                      "Hash Batches": 1,
                      "Original Hash Batches": 1,
                      "Peak Memory Usage": 4544,
                      "Plans": [
                        {
                          "Node Type": "Bitmap Heap Scan",
                          "Parent Relationship": "Outer",
                          "Parallel Aware": true,
                          "Relation Name": "movie_companies",
                          "Alias": "mc",
                          "Startup Cost": 2023.63,
                          "Total Cost": 21189.9,
                          "Plan Rows": 30102,
                          "Plan Width": 4,
                          "Actual Startup Time": 8.614,
                          "Actual Total Time": 25.234,
                          "Actual Rows": 17723,
                          "Actual Loops": 5,
                          "Recheck Cond": "(company_id > 164555)",
                          "Rows Removed by Index Recheck": 0,
                          "Exact Heap Blocks": 1123,
                          "Lossy Heap Blocks": 0,
                          "Plans": [
                            {
                              "Node Type": "Bitmap Index Scan",
                              "Parent Relationship": "Outer",
                              "Parallel Aware": false,
                              "Index Name": "company_id_movie_companies",
                              "Startup Cost": 0.0,
                              "Total Cost": 2000.3,
                              "Plan Rows": 93316,
                              "Plan Width": 0,
                              "Actual Startup Time": 10.554,
                              "Actual Total Time": 10.554,
                              "Actual Rows": 88614,
                              "Actual Loops": 1,
                              "Index Cond": "(company_id > 164555)"
                            }
                          ]
                        }
                      ]
                    }
                  ]
                }
              ]
            }
          ]
        }
      ]
    },
    "Planning Time": 0.661,
    "Triggers": [],
    "Execution Time": 190.33
  }
]