{
  "Plan": {
    "Node Type": "Aggregate",
    "Strategy": "Plain",
    "Partial Mode": "Finalize",
    "Parallel Aware": false,
    "Startup Cost": 103427.02,
    "Total Cost": 103427.03,
    "Plan Rows": 1,
    "Plan Width": 8,
    "Actual Startup Time": 576.022,
    "Actual Total Time": 595.545,
    "Actual Rows": 1,
    "Actual Loops": 1,
    "Plans": [
      {
        "Node Type": "Gather",
        "Parent Relationship": "Outer",
        "Parallel Aware": false,
        "Startup Cost": 103426.91,
        "Total Cost": 103427.02,
        "Plan Rows": 1,
        "Plan Width": 8,
        "Actual Startup Time": 572.881,
        "Actual Total Time": 595.534,
        "Actual Rows": 2,
        "Actual Loops": 1,
        "Workers Planned": 1,
        "Workers Launched": 1,
        "Single Copy": false,
        "Plans": [
          {
            "Node Type": "Aggregate",
            "Strategy": "Plain",
            "Partial Mode": "Partial",
            "Parent Relationship": "Outer",
            "Parallel Aware": false,
            "Startup Cost": 102426.91,
            "Total Cost": 102426.92,
            "Plan Rows": 1,
            "Plan Width": 8,
            "Actual Startup Time": 564.693,
            "Actual Total Time": 564.697,
            "Actual Rows": 1,
            "Actual Loops": 2,
            "Plans": [
              {
                "Node Type": "Hash Join",
                "Parent Relationship": "Outer",
                "Parallel Aware": true,
                "Join Type": "Inner",
                "Startup Cost": 74157.43,
                "Total Cost": 102078.56,
                "Plan Rows": 139342,
                "Plan Width": 0,
                "Actual Startup Time": 447.98,
                "Actual Total Time": 563.216,
                "Actual Rows": 19580,
                "Actual Loops": 2,
                "Inner Unique": true,
                "Hash Cond": "(mk.movie_id = t.id)",
                "Plans": [
                  {
                    "Node Type": "Bitmap Heap Scan",
                    "Parent Relationship": "Outer",
                    "Parallel Aware": true,
                    "Relation Name": "movie_keyword",
                    "Alias": "mk",
                    "Startup Cost": 8268.56,
                    "Total Cost": 35587.96,
                    "Plan Rows": 229232,
                    "Plan Width": 4,
                    "Actual Startup Time": 34.603,
                    "Actual Total Time": 104.12,
                    "Actual Rows": 188972,
                    "Actual Loops": 2,
                    "Recheck Cond": "(keyword_id > 45109)",
                    "Rows Removed by Index Recheck": 0,
                    "Exact Heap Blocks": 11204,
                    "Lossy Heap Blocks": 0,
                    "Plans": [
                      {
                        "Node Type": "Bitmap Index Scan",
                        "Parent Relationship": "Outer",
                        "Parallel Aware": false,
                        "Index Name": "keyword_id_movie_keyword",
                        "Startup Cost": 0.0,
                        "Total Cost": 8171.14,
                        "Plan Rows": 389694,
                        "Plan Width": 0,
                        "Actual Startup Time": 29.345,
                        "Actual Total Time": 29.346,
                        "Actual Rows": 377945,
                        "Actual Loops": 1,
                        "Index Cond": "(keyword_id > 45109)"
                      }
                    ]
                  },
                  {
                    "Node Type": "Hash",
                    "Parent Relationship": "Inner",
                    "Parallel Aware": true,
                    "Startup Cost": 54588.39,
                    "Total Cost": 54588.39,
                    "Plan Rows": 904038,
                    "Plan Width": 4,
                    "Actual Startup Time": 398.865,
                    "Actual Total Time": 398.866,
                    "Actual Rows": 771632,
                    "Actual Loops": 2,
                    "Hash Buckets": 2097152,
                    "Original Hash Buckets": 2097152,
                    "Hash Batches": 1,
                    "Original Hash Batches": 1,
                    "Peak Memory Usage": 76800,
                    "Plans": [
                      {
                        "Node Type": "Seq Scan",
                        "Parent Relationship": "Outer",
                        "Parallel Aware": true,
                        "Relation Name": "title",
                        "Alias": "t",
                        "Startup Cost": 0.0,
                        "Total Cost": 54588.39,
                        "Plan Rows": 904038,
                        "Plan Width": 4,
                        "Actual Startup Time": 0.05,
                        "Actual Total Time": 187.008,
                        "Actual Rows": 771632,
                        "Actual Loops": 2,
                        "Filter": "(kind_id = 7)",
                        "Rows Removed by Filter": 492524
                      }
                    ]
                  }
                ]
              }
            ]
          }
        ]
      }
    ]
  },
  "Planning Time": 0.549,
  "Triggers": [],
  "Execution Time": 595.631
}