{
  "Plan": {
    "Node Type": "Aggregate",
    "Strategy": "Plain",
    "Partial Mode": "Finalize",
    "Parallel Aware": false,
    "Startup Cost": 99377.46,
    "Total Cost": 99377.47,
    "Plan Rows": 1,
    "Plan Width": 8,
    "Actual Startup Time": 304.44,
    "Actual Total Time": 319.782,
    "Actual Rows": 1,
    "Actual Loops": 1,
    "Plans": [
      {
        "Node Type": "Gather",
        "Parent Relationship": "Outer",
        "Parallel Aware": false,
        "Startup Cost": 99377.34,
        "Total Cost": 99377.45,
        "Plan Rows": 1,
        "Plan Width": 8,
        "Actual Startup Time": 304.277,
        "Actual Total Time": 319.774,
        "Actual Rows": 2,
        "Actual Loops": 1,
        "Workers Planned": 1,
        "Workers Launched": 1,
        "Single Copy": false,
        "Plans": [
          {
            "Node Type": "Aggregate",
            "Strategy": "Plain",
            "Partial Mode": "Partial",
            "Parent Relationship": "Outer",
            "Parallel Aware": false,
            "Startup Cost": 98377.34,
            "Total Cost": 98377.35,
            "Plan Rows": 1,
            "Plan Width": 8,
            "Actual Startup Time": 298.59,
            "Actual Total Time": 298.593,
            "Actual Rows": 1,
            "Actual Loops": 2,
            "Plans": [
              {
                "Node Type": "Hash Join",
                "Parent Relationship": "Outer",
                "Parallel Aware": true,
                "Join Type": "Inner",
                "Startup Cost": 58408.92,
                "Total Cost": 98366.93,
                "Plan Rows": 4164,
                "Plan Width": 0,
                "Actual Startup Time": 145.971,
                "Actual Total Time": 298.469,
                "Actual Rows": 2113,
                "Actual Loops": 2,
                "Inner Unique": true,
                "Hash Cond": "(mc.movie_id = t.id)",
                "Plans": [
                  {
                    "Node Type": "Seq Scan",
                    "Parent Relationship": "Outer",
                    "Parallel Aware": true,
                    "Relation Name": "movie_companies",
                    "Alias": "mc",
                    "Startup Cost": 0.0,
                    "Total Cost": 37974.77,
                    "Plan Rows": 755522,
                    "Plan Width": 4,
                    "Actual Startup Time": 0.014,
                    "Actual Total Time": 108.493,
                    "Actual Rows": 637123,
                    "Actual Loops": 2,
                    "Filter": "(company_type_id = 1)",
                    "Rows Removed by Filter": 667442
                  },
                  {
                    "Node Type": "Hash",
                    "Parent Relationship": "Inner",
                    "Parallel Aware": true,
                    "Startup Cost": 58306.47,
                    "Total Cost": 58306.47,
                    "Plan Rows": 8196,
                    "Plan Width": 4,
                    "Actual Startup Time": 144.396,
                    "Actual Total Time": 144.397,
                    "Actual Rows": 6329,
                    "Actual Loops": 2,
                    "Hash Buckets": 16384,
                    "Original Hash Buckets": 16384,
                    "Hash Batches": 1,
                    "Original Hash Batches": 1,
                    "Peak Memory Usage": 672,
                    "Plans": [
                      {
                        "Node Type": "Seq Scan",
                        "Parent Relationship": "Outer",
                        "Parallel Aware": true,
                        "Relation Name": "title",
                        "Alias": "t",
                        "Startup Cost": 0.0,
                        "Total Cost": 58306.47,
                        "Plan Rows": 8196,
                        "Plan Width": 4,
                        "Actual Startup Time": 0.22,
                        "Actual Total Time": 141.805,
                        "Actual Rows": 6329,
                        "Actual Loops": 2,
                        "Filter": "((kind_id > 3) AND (production_year = 1986))",
                        "Rows Removed by Filter": 1257827
                      }
                    ]
                  }
                ]
              }
            ]
          }
        ]
      }
    ]
  },
  "Planning Time": 0.519,
  "Triggers": [],
  "Execution Time": 319.86
}