[
  {
    "Plan": {
      "Node Type": "Aggregate",
      "Strategy": "Plain",
      "Partial Mode": "Simple",
      "Parallel Aware": false,
      "Startup Cost": 7491.0,
      "Total Cost": 7491.01,
      "Plan Rows": 1,
      "Plan Width": 96,
      "Actual Startup Time": 2297.484,
      "Actual Total Time": 2297.492,
      "Actual Rows": 1,
      "Actual Loops": 1,
      "Plans": [
        {
          "Node Type": "Nested Loop",
          "Parent Relationship": "Outer",
          "Parallel Aware": false,
          "Join Type": "Inner",
          "Startup Cost": 12.94,
          "Total Cost": 7490.99,
          "Plan Rows": 1,
          "Plan Width": 41,
          "Actual Startup Time": 8.14,
          "Actual Total Time": 2289.968,
          "Actual Rows": 15781,
          "Actual Loops": 1,
          "Inner Unique": true,
          "Join Filter": "(mi.info_type_id = it1.id)",
          "Rows Removed by Join Filter": 2442,
          "Plans": [
            {
              "Node Type": "Nested Loop",
              "Parent Relationship": "Outer",
              "Parallel Aware": false,
              "Join Type": "Inner",
              "Startup Cost": 12.94,
              "Total Cost": 7488.57,
              "Plan Rows": 1,
              "Plan Width": 45,
              "Actual Startup Time": 8.132,
              "Actual Total Time": 2153.169,
              "Actual Rows": 18223,
              "Actual Loops": 1,
              "Inner Unique": false,
              "Join Filter": "(t.id = mi.movie_id)",
              "Rows Removed by Join Filter": 0,
              "Plans": [
                {
                  "Node Type": "Nested Loop",
                  "Parent Relationship": "Outer",
                  "Parallel Aware": false,
                  "Join Type": "Inner",
                  "Startup Cost": 12.5,
                  "Total Cost": 7486.68,
                  "Plan Rows": 1,
                  "Plan Width": 57,
                  "Actual Startup Time": 8.01,
                  "Actual Total Time": 612.299,
                  "Actual Rows": 17037,
                  "Actual Loops": 1,
                  "Inner Unique": true,
                  "Join Filter": "(mc.company_type_id = ct.id)",
                  "Rows Removed by Join Filter": 0,
                  "Plans": [
                    {
                      "Node Type": "Nested Loop",
                      "Parent Relationship": "Outer",
                      "Parallel Aware": false,
                      "Join Type": "Inner",
                      "Startup Cost": 12.5,
                      "Total Cost": 7485.59,
                      "Plan Rows": 1,
                      "Plan Width": 61,
                      "Actual Startup Time": 8.003,
                      "Actual Total Time": 539.348,
                      "Actual Rows": 17037,
                      "Actual Loops": 1,
                      "Inner Unique": true,
                      "Plans": [
                        {
                          "Node Type": "Nested Loop",
                          "Parent Relationship": "Outer",
                          "Parallel Aware": false,
                          "Join Type": "Inner",
                          "Startup Cost": 12.08,
                          "Total Cost": 7485.04,
                          "Plan Rows": 1,
                          "Plan Width": 46,
                          "Actual Startup Time": 7.97,
                          "Actual Total Time": 453.705,
                          "Actual Rows": 18495,
                          "Actual Loops": 1,
                          "Inner Unique": false,
                          "Join Filter": "(t.id = mc.movie_id)",
                          "Rows Removed by Join Filter": 0,
                          "Plans": [
                            {
                              "Node Type": "Nested Loop",
                              "Parent Relationship": "Outer",
                              "Parallel Aware": false,
                              "Join Type": "Inner",
                              "Startup Cost": 11.65,
                              "Total Cost": 7484.46,
                              "Plan Rows": 1,
                              "Plan Width": 34,
                              "Actual Startup Time": 5.418,
                              "Actual Total Time": 355.754,
                              "Actual Rows": 5076,
                              "Actual Loops": 1,
                              "Inner Unique": false,
                              "Join Filter": "(mi_idx.info_type_id = it2.id)",
                              "Rows Removed by Join Filter": 10123,
                              "Plans": [
                                {
                                  "Node Type": "Seq Scan",
                                  "Parent Relationship": "Outer",
                                  "Parallel Aware": false,
                                  "Relation Name": "info_type",
                                  "Alias": "it2",
                                  "Startup Cost": 0.0,
                                  "Total Cost": 2.41,
                                  "Plan Rows": 1,
                                  "Plan Width": 4,
                                  "Actual Startup Time": 0.018,
                                  "Actual Total Time": 0.02,
                                  "Actual Rows": 1,
                                  "Actual Loops": 1,
                                  "Filter": "((info)::text = 'rating'::text)",
                                  "Rows Removed by Filter": 112
                                },
                                {
                                  "Node Type": "Nested Loop",
                                  "Parent Relationship": "Inner",
                                  "Parallel Aware": false,
                                  "Join Type": "Inner",
                                  "Startup Cost": 11.65,
                                  "Total Cost": 7481.54,
                                  "Plan Rows": 41,
                                  "Plan Width": 38,
                                  "Actual Startup Time": 5.396,
                                  "Actual Total Time": 353.443,
                                  "Actual Rows": 15199,
                                  "Actual Loops": 1,
                                  "Inner Unique": false,
                                  "Join Filter": "(t.id = mi_idx.movie_id)",
                                  "Rows Removed by Join Filter": 0,
                                  "Plans": [
                                    {
                                      "Node Type": "Nested Loop",
                                      "Parent Relationship": "Outer",
                                      "Parallel Aware": false,
                                      "Join Type": "Inner",
                                      "Startup Cost": 11.23,
                                      "Total Cost": 7474.01,
                                      "Plan Rows": 14,
                                      "Plan Width": 25,
                                      "Actual Startup Time": 5.362,
                                      "Actual Total Time": 297.704,
                                      "Actual Rows": 7085,
                                      "Actual Loops": 1,
                                      "Inner Unique": true,
                                      "Join Filter": "(t.kind_id = kt.id)",
                                      "Rows Removed by Join Filter": 3574,
                                      "Plans": [
                                        {
                                          "Node Type": "Nested Loop",
                                          "Parent Relationship": "Outer",
                                          "Parallel Aware": false,
                                          "Join Type": "Inner",
                                          "Startup Cost": 11.23,
                                          "Total Cost": 7471.55,
                                          "Plan Rows": 48,
                                          "Plan Width": 29,
                                          "Actual Startup Time": 5.25,
                                          "Actual Total Time": 293.097,
                                          "Actual Rows": 8424,
                                          "Actual Loops": 1,
                                          "Inner Unique": true,
                                          "Plans": [
                                            {
                                              "Node Type": "Nested Loop",
                                              "Parent Relationship": "Outer",
                                              "Parallel Aware": false,
                                              "Join Type": "Inner",
                                              "Startup Cost": 10.8,
                                              "Total Cost": 7405.43,
                                              "Plan Rows": 135,
                                              "Plan Width": 4,
                                              "Actual Startup Time": 5.198,
                                              "Actual Total Time": 112.605,
                                              "Actual Rows": 37091,
                                              "Actual Loops": 1,
                                              "Inner Unique": false,
                                              "Plans": [
                                                {
                                                  "Node Type": "Seq Scan",
                                                  "Parent Relationship": "Outer",
                                                  "Parallel Aware": false,
                                                  "Relation Name": "keyword",
                                                  "Alias": "k",
                                                  "Startup Cost": 0.0,
                                                  "Total Cost": 2961.55,
                                                  "Plan Rows": 4,
                                                  "Plan Width": 4,
                                                  "Actual Startup Time": 1.275,
                                                  "Actual Total Time": 22.545,
                                                  "Actual Rows": 3,
                                                  "Actual Loops": 1,
                                                  "Filter": "(keyword = ANY ('{murder,murder-in-title,blood,violence}'::text[]))",
                                                  "Rows Removed by Filter": 134167
                                                },
                                                {
                                                  "Node Type": "Bitmap Heap Scan",
                                                  "Parent Relationship": "Inner",
                                                  "Parallel Aware": false,
                                                  "Relation Name": "movie_keyword",
                                                  "Alias": "mk",
                                                  "Startup Cost": 10.8,
                                                  "Total Cost": 1107.92,
                                                  "Plan Rows": 305,
                                                  "Plan Width": 8,
                                                  "Actual Startup Time": 3.801,
                                                  "Actual Total Time": 27.942,
                                                  "Actual Rows": 12364,
                                                  "Actual Loops": 3,
                                                  "Recheck Cond": "(keyword_id = k.id)",
                                                  "Rows Removed by Index Recheck": 0,
                                                  "Exact Heap Blocks": 26312,
                                                  "Lossy Heap Blocks": 0,
                                                  "Plans": [
                                                    {
                                                      "Node Type": "Bitmap Index Scan",
                                                      "Parent Relationship": "Outer",
                                                      "Parallel Aware": false,
                                                      "Index Name": "keyword_id_movie_keyword",
                                                      "Startup Cost": 0.0,
                                                      "Total Cost": 10.72,
                                                      "Plan Rows": 305,
                                                      "Plan Width": 0,
                                                      "Actual Startup Time": 2.243,
                                                      "Actual Total Time": 2.243,
                                                      "Actual Rows": 12364,
                                                      "Actual Loops": 3,
                                                      "Index Cond": "(keyword_id = k.id)"
                                                    }
                                                  ]
                                                }
                                              ]
                                            },
                                            {
                                              "Node Type": "Index Scan",
                                              "Parent Relationship": "Inner",
                                              "Parallel Aware": false,
                                              "Scan Direction": "Forward",
                                              "Index Name": "title_pkey",
                                              "Relation Name": "title",
                                              "Alias": "t",
                                              "Startup Cost": 0.43,
                                              "Total Cost": 0.49,
                                              "Plan Rows": 1,
                                              "Plan Width": 25,
                                              "Actual Startup Time": 0.004,
                                              "Actual Total Time": 0.004,
                                              "Actual Rows": 0,
                                              "Actual Loops": 37091,
                                              "Index Cond": "(id = mk.movie_id)",
                                              "Rows Removed by Index Recheck": 0,
                                              "Filter": "(production_year > 2006)",
                                              "Rows Removed by Filter": 1
                                            }
                                          ]
                                        },
                                        {
                                          "Node Type": "Materialize",
                                          "Parent Relationship": "Inner",
                                          "Parallel Aware": false,
                                          "Startup Cost": 0.0,
                                          "Total Cost": 1.1,
                                          "Plan Rows": 2,
                                          "Plan Width": 4,
                                          "Actual Startup Time": 0.0,
                                          "Actual Total Time": 0.0,
                                          "Actual Rows": 1,
                                          "Actual Loops": 8424,
                                          "Plans": [
                                            {
                                              "Node Type": "Seq Scan",
                                              "Parent Relationship": "Outer",
                                              "Parallel Aware": false,
                                              "Relation Name": "kind_type",
                                              "Alias": "kt",
                                              "Startup Cost": 0.0,
                                              "Total Cost": 1.09,
                                              "Plan Rows": 2,
                                              "Plan Width": 4,
                                              "Actual Startup Time": 0.008,
                                              "Actual Total Time": 0.01,
                                              "Actual Rows": 2,
                                              "Actual Loops": 1,
                                              "Filter": "((kind)::text = ANY ('{movie,episode}'::text[]))",
                                              "Rows Removed by Filter": 5
                                            }
                                          ]
                                        }
                                      ]
                                    },
                                    {
                                      "Node Type": "Index Scan",
                                      "Parent Relationship": "Inner",
                                      "Parallel Aware": false,
                                      "Scan Direction": "Forward",
                                      "Index Name": "movie_id_movie_info_idx",
                                      "Relation Name": "movie_info_idx",
                                      "Alias": "mi_idx",
                                      "Startup Cost": 0.43,
                                      "Total Cost": 0.5,
                                      "Plan Rows": 3,
                                      "Plan Width": 13,
                                      "Actual Startup Time": 0.006,
                                      "Actual Total Time": 0.007,
                                      "Actual Rows": 2,
                                      "Actual Loops": 7085,
                                      "Index Cond": "(movie_id = mk.movie_id)",
                                      "Rows Removed by Index Recheck": 0,
                                      "Filter": "(info < '8.5'::text)",
                                      "Rows Removed by Filter": 0
                                    }
                                  ]
                                }
                              ]
                            },
                            {
                              "Node Type": "Index Scan",
                              "Parent Relationship": "Inner",
                              "Parallel Aware": false,
                              "Scan Direction": "Forward",
                              "Index Name": "movie_id_movie_companies",
                              "Relation Name": "movie_companies",
                              "Alias": "mc",
                              "Startup Cost": 0.43,
                              "Total Cost": 0.57,
                              "Plan Rows": 1,
                              "Plan Width": 12,
                              "Actual Startup Time": 0.013,
                              "Actual Total Time": 0.018,
                              "Actual Rows": 4,
                              "Actual Loops": 5076,
                              "Index Cond": "(movie_id = mk.movie_id)",
                              "Rows Removed by Index Recheck": 0,
                              "Filter": "((note !~~ '%(USA)%'::text) AND (note ~~ '%(200%)%'::text))",
                              "Rows Removed by Filter": 9
                            }
                          ]
                        },
                        {
                          "Node Type": "Index Scan",
                          "Parent Relationship": "Inner",
                          "Parallel Aware": false,
                          "Scan Direction": "Forward",
                          "Index Name": "company_name_pkey",
                          "Relation Name": "company_name",
                          "Alias": "cn",
                          "Startup Cost": 0.42,
                          "Total Cost": 0.55,
                          "Plan Rows": 1,
                          "Plan Width": 23,
                          "Actual Startup Time": 0.004,
                          "Actual Total Time": 0.004,
                          "Actual Rows": 1,
                          "Actual Loops": 18495,
                          "Index Cond": "(id = mc.company_id)",
                          "Rows Removed by Index Recheck": 0,
                          "Filter": "((country_code)::text <> '[us]'::text)",
                          "Rows Removed by Filter": 0
                        }
                      ]
                    },
                    {
                      "Node Type": "Seq Scan",
                      "Parent Relationship": "Inner",
                      "Parallel Aware": false,
                      "Relation Name": "company_type",
                      "Alias": "ct",
                      "Startup Cost": 0.0,
                      "Total Cost": 1.04,
                      "Plan Rows": 4,
                      "Plan Width": 4,
                      "Actual Startup Time": 0.001,
                      "Actual Total Time": 0.001,
                      "Actual Rows": 1,
                      "Actual Loops": 17037
                    }
                  ]
                },
                {
                  "Node Type": "Index Scan",
                  "Parent Relationship": "Inner",
                  "Parallel Aware": false,
                  "Scan Direction": "Forward",
                  "Index Name": "movie_id_movie_info",
                  "Relation Name": "movie_info",
                  "Alias": "mi",
                  "Startup Cost": 0.43,
                  "Total Cost": 1.86,
                  "Plan Rows": 2,
                  "Plan Width": 8,
                  "Actual Startup Time": 0.074,
                  "Actual Total Time": 0.089,
                  "Actual Rows": 1,
                  "Actual Loops": 17037,
                  "Index Cond": "(movie_id = mk.movie_id)",
                  "Rows Removed by Index Recheck": 0,
                  "Filter": "(info = ANY ('{Sweden,Norway,Germany,Denmark,Swedish,Danish,Norwegian,German,USA,American}'::text[]))",
                  "Rows Removed by Filter": 183
                }
              ]
            },
            {
              "Node Type": "Seq Scan",
              "Parent Relationship": "Inner",
              "Parallel Aware": false,
              "Relation Name": "info_type",
              "Alias": "it1",
              "Startup Cost": 0.0,
              "Total Cost": 2.41,
              "Plan Rows": 1,
              "Plan Width": 4,
              "Actual Startup Time": 0.004,
              "Actual Total Time": 0.005,
              "Actual Rows": 1,
              "Actual Loops": 18223,
              "Filter": "((info)::text = 'countries'::text)",
              "Rows Removed by Filter": 21
            }
          ]
        }
      ]
    },
    "Planning Time": 61.369,
    "Triggers": [],
    "Execution Time": 2297.904
  }
]