[
  {
    "Plan": {
      "Node Type": "Aggregate",
      "Strategy": "Plain",
      "Partial Mode": "Finalize",
      "Parallel Aware": false,
      "Startup Cost": 98404.73,
      "Total Cost": 98404.74,
      "Plan Rows": 1,
      "Plan Width": 8,
      "Actual Startup Time": 436.427,
      "Actual Total Time": 454.701,
      "Actual Rows": 1,
      "Actual Loops": 1,
      "Plans": [
        {
          "Node Type": "Gather",
          "Parent Relationship": "Outer",
          "Parallel Aware": false,
          "Startup Cost": 98404.52,
          "Total Cost": 98404.73,
          "Plan Rows": 2,
          "Plan Width": 8,
          "Actual Startup Time": 433.847,
          "Actual Total Time": 454.693,
          "Actual Rows": 3,
          "Actual Loops": 1,
          "Workers Planned": 2,
          "Workers Launched": 2,
          "Single Copy": false,
          "Plans": [
            {
              "Node Type": "Aggregate",
              "Strategy": "Plain",
              "Partial Mode": "Partial",
              "Parent Relationship": "Outer",
              "Parallel Aware": false,
              "Startup Cost": 97404.52,
              "Total Cost": 97404.53,
              "Plan Rows": 1,
              "Plan Width": 8,
              "Actual Startup Time": 428.857,
              "Actual Total Time": 428.991,
              "Actual Rows": 1,
              "Actual Loops": 3,
              "Plans": [
                {
                  "Node Type": "Hash Join",
                  "Parent Relationship": "Outer",
                  "Parallel Aware": true,
                  "Join Type": "Inner",
                  "Startup Cost": 81157.33,
                  "Total Cost": 97227.36,
                  "Plan Rows": 70861,
                  "Plan Width": 0,
                  "Actual Startup Time": 337.395,
                  "Actual Total Time": 424.987,
                  "Actual Rows": 95447,
                  "Actual Loops": 3,
                  "Inner Unique": false,
                  "Hash Cond": "(mi_idx.movie_id = t.id)",
                  "Plans": [
                    {
                      "Node Type": "Seq Scan",
                      "Parent Relationship": "Outer",
                      "Parallel Aware": true,
                      "Relation Name": "movie_info_idx",
                      "Alias": "mi_idx",
                      "Startup Cost": 0.0,
                      "Total Cost": 13685.15,
                      "Plan Rows": 575015,
                      "Plan Width": 4,
                      "Actual Startup Time": 0.011,
                      "Actual Total Time": 35.645,
                      "Actual Rows": 460012,
                      "Actual Loops": 3
                    },
                    {
                      "Node Type": "Hash",
                      "Parent Relationship": "Inner",
                      "Parallel Aware": true,
                      "Startup Cost": 79900.94,
                      "Total Cost": 79900.94,
                      "Plan Rows": 100511,
                      "Plan Width": 8,
                      "Actual Startup Time": 335.686,
                      "Actual Total Time": 335.819,
                      "Actual Rows": 86299,
                      "Actual Loops": 3,
                      "Hash Buckets": 524288,
                      "Original Hash Buckets": 524288,
                      "Hash Batches": 1,
                      "Original Hash Batches": 1,
                      "Peak Memory Usage": 14272,
                      "Plans": [
                        {
                          "Node Type": "Hash Join",
                          "Parent Relationship": "Outer",
                          "Parallel Aware": true,
                          "Join Type": "Inner",
                          "Startup Cost": 47401.32,
                          "Total Cost": 79900.94,
                          "Plan Rows": 100511,
                          "Plan Width": 8,
                          "Actual Startup Time": 194.736,
                          "Actual Total Time": 314.206,
                          "Actual Rows": 86299,
                          "Actual Loops": 3,
                          "Inner Unique": true,
                          "Hash Cond": "(mc.movie_id = t.id)",
                          "Plans": [
                            {
                              "Node Type": "Seq Scan",
                              "Parent Relationship": "Outer",
                              "Parallel Aware": true,
                              "Relation Name": "movie_companies",
                              "Alias": "mc",
                              "Startup Cost": 0.0,
                              "Total Cost": 31414.82,
                              "Plan Rows": 413258,
                              "Plan Width": 4,
                              "Actual Startup Time": 34.919,
                              "Actual Total Time": 81.684,
                              "Actual Rows": 411069,
                              "Actual Loops": 3,
                              "Filter": "((company_id < 156552) AND (company_type_id = 2))",
                              "Rows Removed by Filter": 458641
                            },
                            {
                              "Node Type": "Hash",
                              "Parent Relationship": "Inner",
                              "Parallel Aware": true,
                              "Startup Cost": 45479.59,
                              "Total Cost": 45479.59,
                              "Plan Rows": 153739,
                              "Plan Width": 4,
                              "Actual Startup Time": 157.347,
                              "Actual Total Time": 157.348,
                              "Actual Rows": 167309,
                              "Actual Loops": 3,
                              "Hash Buckets": 1048576,
                              "Original Hash Buckets": 1048576,
                              "Hash Batches": 1,
                              "Original Hash Batches": 1,
                              "Peak Memory Usage": 27872,
                              "Plans": [
                                {
                                  "Node Type": "Seq Scan",
                                  "Parent Relationship": "Outer",
                                  "Parallel Aware": true,
                                  "Relation Name": "title",
                                  "Alias": "t",
                                  "Startup Cost": 0.0,
                                  "Total Cost": 45479.59,
                                  "Plan Rows": 153739,
                                  "Plan Width": 4,
                                  "Actual Startup Time": 0.025,
                                  "Actual Total Time": 107.555,
                                  "Actual Rows": 167309,
                                  "Actual Loops": 3,
                                  "Filter": "((kind_id > 1) AND (production_year < 1996))",
                                  "Rows Removed by Filter": 675461
                                }
                              ]
                            }
                          ]
                        }
                      ]
                    }
                  ]
                }
              ]
            }
          ]
        }
      ]
    },
    "Planning Time": 0.426,
    "Triggers": [],
    "Execution Time": 454.741
  }
]