[
  {
    "Plan": {
      "Node Type": "Aggregate",
      "Strategy": "Plain",
      "Partial Mode": "Finalize",
      "Parallel Aware": false,
      "Startup Cost": 32930.46,
      "Total Cost": 32930.47,
      "Plan Rows": 1,
      "Plan Width": 8,
      "Actual Startup Time": 99.805,
      "Actual Total Time": 107.433,
      "Actual Rows": 1,
      "Actual Loops": 1,
      "Plans": [
        {
          "Node Type": "Gather",
          "Parent Relationship": "Outer",
          "Parallel Aware": false,
          "Startup Cost": 32930.14,
          "Total Cost": 32930.45,
          "Plan Rows": 3,
          "Plan Width": 8,
          "Actual Startup Time": 99.705,
          "Actual Total Time": 107.426,
          "Actual Rows": 4,
          "Actual Loops": 1,
          "Workers Planned": 3,
          "Workers Launched": 3,
          "Single Copy": false,
          "Plans": [
            {
              "Node Type": "Aggregate",
              "Strategy": "Plain",
              "Partial Mode": "Partial",
              "Parent Relationship": "Outer",
              "Parallel Aware": false,
              "Startup Cost": 31930.14,
              "Total Cost": 31930.15,
              "Plan Rows": 1,
              "Plan Width": 8,
              "Actual Startup Time": 91.26,
              "Actual Total Time": 91.261,
              "Actual Rows": 1,
              "Actual Loops": 4,
              "Plans": [
                {
                  "Node Type": "Seq Scan",
                  "Parent Relationship": "Outer",
                  "Parallel Aware": true,
                  "Relation Name": "movie_companies",
                  "Alias": "mc",
                  "Startup Cost": 0.0,
                  "Total Cost": 31414.82,
                  "Plan Rows": 206128,
                  "Plan Width": 0,
                  "Actual Startup Time": 0.047,
                  "Actual Total Time": 77.535,
                  "Actual Rows": 217200,
                  "Actual Loops": 4,
                  "Filter": "((company_id < 11253) AND (company_type_id = 1))",
                  "Rows Removed by Filter": 435082
                }
              ]
            }
          ]
        }
      ]
    },
    "Planning Time": 0.225,
    "Triggers": [],
    "Execution Time": 107.491
  }
]