[
  {
    "Plan": {
      "Node Type": "Aggregate",
      "Strategy": "Plain",
      "Partial Mode": "Finalize",
      "Parallel Aware": false,
      "Startup Cost": 46505.06,
      "Total Cost": 46505.07,
      "Plan Rows": 1,
      "Plan Width": 8,
      "Actual Startup Time": 111.191,
      "Actual Total Time": 126.257,
      "Actual Rows": 1,
      "Actual Loops": 1,
      "Plans": [
        {
          "Node Type": "Gather",
          "Parent Relationship": "Outer",
          "Parallel Aware": false,
          "Startup Cost": 46504.64,
          "Total Cost": 46505.05,
          "Plan Rows": 4,
          "Plan Width": 8,
          "Actual Startup Time": 111.016,
          "Actual Total Time": 126.238,
          "Actual Rows": 5,
          "Actual Loops": 1,
          "Workers Planned": 4,
          "Workers Launched": 4,
          "Single Copy": false,
          "Plans": [
            {
              "Node Type": "Aggregate",
              "Strategy": "Plain",
              "Partial Mode": "Partial",
              "Parent Relationship": "Outer",
              "Parallel Aware": false,
              "Startup Cost": 45504.64,
              "Total Cost": 45504.65,
              "Plan Rows": 1,
              "Plan Width": 8,
              "Actual Startup Time": 102.011,
              "Actual Total Time": 102.013,
              "Actual Rows": 1,
              "Actual Loops": 5,
              "Plans": [
                {
                  "Node Type": "Seq Scan",
                  "Parent Relationship": "Outer",
                  "Parallel Aware": true,
                  "Relation Name": "title",
                  "Alias": "t",
                  "Startup Cost": 0.0,
                  "Total Cost": 45479.59,
                  "Plan Rows": 10022,
                  "Plan Width": 0,
                  "Actual Startup Time": 0.062,
                  "Actual Total Time": 101.106,
                  "Actual Rows": 8024,
                  "Actual Loops": 5,
                  "Filter": "((kind_id = 7) AND (production_year = 2013))",
                  "Rows Removed by Filter": 497638
                }
              ]
            }
          ]
        }
      ]
    },
    "Planning Time": 0.096,
    "Triggers": [],
    "Execution Time": 126.306
  }
]