{
    "Plan": {
        "Node Type": "Aggregate",
        "Strategy": "Plain",
        "Partial Mode": "Finalize",
        "Parallel Aware": false,
        "Startup Cost": 93225.63,
        "Total Cost": 93225.64,
        "Plan Rows": 1,
        "Plan Width": 8,
        "Actual Startup Time": 114.936,
        "Actual Total Time": 127.552,
        "Actual Rows": 1,
        "Actual Loops": 1,
        "Output": [
            "count(*)"
        ],
        "Plans": [
            {
                "Node Type": "Gather",
                "Parent Relationship": "Outer",
                "Parallel Aware": false,
                "Startup Cost": 93225.32,
                "Total Cost": 93225.63,
                "Plan Rows": 3,
                "Plan Width": 8,
                "Actual Startup Time": 114.81,
                "Actual Total Time": 127.544,
                "Actual Rows": 4,
                "Actual Loops": 1,
                "Output": [
                    "(PARTIAL count(*))"
                ],
                "Workers Planned": 3,
                "Workers Launched": 3,
                "Single Copy": false,
                "Plans": [
                    {
                        "Node Type": "Aggregate",
                        "Strategy": "Plain",
                        "Partial Mode": "Partial",
                        "Parent Relationship": "Outer",
                        "Parallel Aware": false,
                        "Startup Cost": 92225.32,
                        "Total Cost": 92225.33,
                        "Plan Rows": 1,
                        "Plan Width": 8,
                        "Actual Startup Time": 105.314,
                        "Actual Total Time": 105.316,
                        "Actual Rows": 1,
                        "Actual Loops": 4,
                        "Output": [
                            "PARTIAL count(*)"
                        ],
                        "Workers": [
                            {
                                "Worker Number": 0,
                                "Actual Startup Time": 102.299,
                                "Actual Total Time": 102.302,
                                "Actual Rows": 1,
                                "Actual Loops": 1
                            },
                            {
                                "Worker Number": 1,
                                "Actual Startup Time": 102.41,
                                "Actual Total Time": 102.412,
                                "Actual Rows": 1,
                                "Actual Loops": 1
                            },
                            {
                                "Worker Number": 2,
                                "Actual Startup Time": 102.51,
                                "Actual Total Time": 102.512,
                                "Actual Rows": 1,
                                "Actual Loops": 1
                            }
                        ],
                        "Plans": [
                            {
                                "Node Type": "Nested Loop",
                                "Parent Relationship": "Outer",
                                "Parallel Aware": false,
                                "Join Type": "Inner",
                                "Startup Cost": 0.86,
                                "Total Cost": 92202.97,
                                "Plan Rows": 8938,
                                "Plan Width": 0,
                                "Actual Startup Time": 46.93,
                                "Actual Total Time": 105.059,
                                "Actual Rows": 2852,
                                "Actual Loops": 4,
                                "Inner Unique": false,
                                "Workers": [
                                    {
                                        "Worker Number": 0,
                                        "Actual Startup Time": 43.612,
                                        "Actual Total Time": 102.017,
                                        "Actual Rows": 3230,
                                        "Actual Loops": 1
                                    },
                                    {
                                        "Worker Number": 1,
                                        "Actual Startup Time": 44.581,
                                        "Actual Total Time": 102.174,
                                        "Actual Rows": 1320,
                                        "Actual Loops": 1
                                    },
                                    {
                                        "Worker Number": 2,
                                        "Actual Startup Time": 43.962,
                                        "Actual Total Time": 102.283,
                                        "Actual Rows": 2305,
                                        "Actual Loops": 1
                                    }
                                ],
                                "Plans": [
                                    {
                                        "Node Type": "Nested Loop",
                                        "Parent Relationship": "Outer",
                                        "Parallel Aware": false,
                                        "Join Type": "Inner",
                                        "Startup Cost": 0.43,
                                        "Total Cost": 75804.68,
                                        "Plan Rows": 10141,
                                        "Plan Width": 8,
                                        "Actual Startup Time": 46.591,
                                        "Actual Total Time": 84.398,
                                        "Actual Rows": 1644,
                                        "Actual Loops": 4,
                                        "Output": [
                                            "t.id",
                                            "mc.movie_id"
                                        ],
                                        "Inner Unique": true,
                                        "Workers": [
                                            {
                                                "Worker Number": 0,
                                                "Actual Startup Time": 43.528,
                                                "Actual Total Time": 79.819,
                                                "Actual Rows": 1394,
                                                "Actual Loops": 1
                                            },
                                            {
                                                "Worker Number": 1,
                                                "Actual Startup Time": 43.618,
                                                "Actual Total Time": 80.223,
                                                "Actual Rows": 1054,
                                                "Actual Loops": 1
                                            },
                                            {
                                                "Worker Number": 2,
                                                "Actual Startup Time": 43.675,
                                                "Actual Total Time": 79.986,
                                                "Actual Rows": 1388,
                                                "Actual Loops": 1
                                            }
                                        ],
                                        "Plans": [
                                            {
                                                "Node Type": "Seq Scan",
                                                "Parent Relationship": "Outer",
                                                "Parallel Aware": true,
                                                "Relation Name": "movie_companies",
                                                "Schema": "public",
                                                "Alias": "mc",
                                                "Startup Cost": 0.0,
                                                "Total Cost": 31414.82,
                                                "Plan Rows": 10141,
                                                "Plan Width": 4,
                                                "Actual Startup Time": 46.501,
                                                "Actual Total Time": 73.19,
                                                "Actual Rows": 1644,
                                                "Actual Loops": 4,
                                                "Output": [
                                                    "mc.id",
                                                    "mc.movie_id",
                                                    "mc.company_id",
                                                    "mc.company_type_id",
                                                    "mc.note"
                                                ],
                                                "Filter": "((mc.company_type_id > 1) AND (mc.company_id = 6))",
                                                "Rows Removed by Filter": 650638,
                                                "Workers": [
                                                    {
                                                        "Worker Number": 0,
                                                        "Actual Startup Time": 43.435,
                                                        "Actual Total Time": 68.164,
                                                        "Actual Rows": 1394,
                                                        "Actual Loops": 1
                                                    },
                                                    {
                                                        "Worker Number": 1,
                                                        "Actual Startup Time": 43.482,
                                                        "Actual Total Time": 67.246,
                                                        "Actual Rows": 1054,
                                                        "Actual Loops": 1
                                                    },
                                                    {
                                                        "Worker Number": 2,
                                                        "Actual Startup Time": 43.565,
                                                        "Actual Total Time": 67.264,
                                                        "Actual Rows": 1388,
                                                        "Actual Loops": 1
                                                    }
                                                ]
                                            },
                                            {
                                                "Node Type": "Index Only Scan",
                                                "Parent Relationship": "Inner",
                                                "Parallel Aware": false,
                                                "Scan Direction": "Forward",
                                                "Index Name": "title_pkey",
                                                "Relation Name": "title",
                                                "Schema": "public",
                                                "Alias": "t",
                                                "Startup Cost": 0.43,
                                                "Total Cost": 4.38,
                                                "Plan Rows": 1,
                                                "Plan Width": 4,
                                                "Actual Startup Time": 0.006,
                                                "Actual Total Time": 0.006,
                                                "Actual Rows": 1,
                                                "Actual Loops": 6578,
                                                "Output": [
                                                    "t.id"
                                                ],
                                                "Index Cond": "(t.id = mc.movie_id)",
                                                "Rows Removed by Index Recheck": 0,
                                                "Heap Fetches": 6578,
                                                "Workers": [
                                                    {
                                                        "Worker Number": 0,
                                                        "Actual Startup Time": 0.008,
                                                        "Actual Total Time": 0.008,
                                                        "Actual Rows": 1,
                                                        "Actual Loops": 1394
                                                    },
                                                    {
                                                        "Worker Number": 1,
                                                        "Actual Startup Time": 0.012,
                                                        "Actual Total Time": 0.012,
                                                        "Actual Rows": 1,
                                                        "Actual Loops": 1054
                                                    },
                                                    {
                                                        "Worker Number": 2,
                                                        "Actual Startup Time": 0.009,
                                                        "Actual Total Time": 0.009,
                                                        "Actual Rows": 1,
                                                        "Actual Loops": 1388
                                                    }
                                                ]
                                            }
                                        ]
                                    },
                                    {
                                        "Node Type": "Index Scan",
                                        "Parent Relationship": "Inner",
                                        "Parallel Aware": false,
                                        "Scan Direction": "Forward",
                                        "Index Name": "movie_id_movie_info",
                                        "Relation Name": "movie_info",
                                        "Schema": "public",
                                        "Alias": "mi",
                                        "Startup Cost": 0.43,
                                        "Total Cost": 1.56,
                                        "Plan Rows": 6,
                                        "Plan Width": 4,
                                        "Actual Startup Time": 0.006,
                                        "Actual Total Time": 0.012,
                                        "Actual Rows": 2,
                                        "Actual Loops": 6578,
                                        "Output": [
                                            "mi.id",
                                            "mi.movie_id",
                                            "mi.info_type_id",
                                            "mi.info",
                                            "mi.note"
                                        ],
                                        "Index Cond": "(mi.movie_id = t.id)",
                                        "Rows Removed by Index Recheck": 0,
                                        "Filter": "(mi.info_type_id > 16)",
                                        "Rows Removed by Filter": 9,
                                        "Workers": [
                                            {
                                                "Worker Number": 0,
                                                "Actual Startup Time": 0.008,
                                                "Actual Total Time": 0.015,
                                                "Actual Rows": 2,
                                                "Actual Loops": 1394
                                            },
                                            {
                                                "Worker Number": 1,
                                                "Actual Startup Time": 0.011,
                                                "Actual Total Time": 0.02,
                                                "Actual Rows": 1,
                                                "Actual Loops": 1054
                                            },
                                            {
                                                "Worker Number": 2,
                                                "Actual Startup Time": 0.008,
                                                "Actual Total Time": 0.015,
                                                "Actual Rows": 2,
                                                "Actual Loops": 1388
                                            }
                                        ]
                                    }
                                ]
                            }
                        ]
                    }
                ]
            }
        ]
    },
    "Planning Time": 1.719,
    "Triggers": [],
    "Execution Time": 127.637
}