[
  {
    "Plan": {
      "Node Type": "Aggregate",
      "Strategy": "Plain",
      "Partial Mode": "Finalize",
      "Parallel Aware": false,
      "Startup Cost": 47394.33,
      "Total Cost": 47394.34,
      "Plan Rows": 1,
      "Plan Width": 8,
      "Actual Startup Time": 114.321,
      "Actual Total Time": 126.771,
      "Actual Rows": 1,
      "Actual Loops": 1,
      "Plans": [
        {
          "Node Type": "Gather",
          "Parent Relationship": "Outer",
          "Parallel Aware": false,
          "Startup Cost": 47393.91,
          "Total Cost": 47394.32,
          "Plan Rows": 4,
          "Plan Width": 8,
          "Actual Startup Time": 113.997,
          "Actual Total Time": 126.763,
          "Actual Rows": 5,
          "Actual Loops": 1,
          "Workers Planned": 4,
          "Workers Launched": 4,
          "Single Copy": false,
          "Plans": [
            {
              "Node Type": "Aggregate",
              "Strategy": "Plain",
              "Partial Mode": "Partial",
              "Parent Relationship": "Outer",
              "Parallel Aware": false,
              "Startup Cost": 46393.91,
              "Total Cost": 46393.92,
              "Plan Rows": 1,
              "Plan Width": 8,
              "Actual Startup Time": 105.937,
              "Actual Total Time": 105.938,
              "Actual Rows": 1,
              "Actual Loops": 5,
              "Plans": [
                {
                  "Node Type": "Seq Scan",
                  "Parent Relationship": "Outer",
                  "Parallel Aware": true,
                  "Relation Name": "title",
                  "Alias": "t",
                  "Startup Cost": 0.0,
                  "Total Cost": 45479.1,
                  "Plan Rows": 365924,
                  "Plan Width": 0,
                  "Actual Startup Time": 0.039,
                  "Actual Total Time": 90.625,
                  "Actual Rows": 290093,
                  "Actual Loops": 5,
                  "Filter": "((kind_id > 4) AND (production_year < 2013))",
                  "Rows Removed by Filter": 215569
                }
              ]
            }
          ]
        }
      ]
    },
    "Planning Time": 0.182,
    "Triggers": [],
    "Execution Time": 126.831
  }
]