[
    {
        "Bao": {
            "Bao prediction": "NaN",
            "Bao recommended hint": "(no hint)"
        }
    },
    {
        "Plan": {
            "Node Type": "Aggregate",
            "Strategy": "Plain",
            "Partial Mode": "Finalize",
            "Parallel Aware": false,
            "Startup Cost": 68779.98,
            "Total Cost": 68779.99,
            "Plan Rows": 1,
            "Plan Width": 8,
            "Actual Startup Time": 182.628,
            "Actual Total Time": 191.525,
            "Actual Rows": 1,
            "Actual Loops": 1,
            "Output": [
                "count(*)"
            ],
            "Plans": [
                {
                    "Node Type": "Gather",
                    "Parent Relationship": "Outer",
                    "Parallel Aware": false,
                    "Startup Cost": 68779.56,
                    "Total Cost": 68779.97,
                    "Plan Rows": 4,
                    "Plan Width": 8,
                    "Actual Startup Time": 181.824,
                    "Actual Total Time": 191.518,
                    "Actual Rows": 5,
                    "Actual Loops": 1,
                    "Output": [
                        "(PARTIAL count(*))"
                    ],
                    "Workers Planned": 4,
                    "Workers Launched": 4,
                    "Single Copy": false,
                    "Plans": [
                        {
                            "Node Type": "Aggregate",
                            "Strategy": "Plain",
                            "Partial Mode": "Partial",
                            "Parent Relationship": "Outer",
                            "Parallel Aware": false,
                            "Startup Cost": 67779.56,
                            "Total Cost": 67779.57,
                            "Plan Rows": 1,
                            "Plan Width": 8,
                            "Actual Startup Time": 172.223,
                            "Actual Total Time": 172.227,
                            "Actual Rows": 1,
                            "Actual Loops": 5,
                            "Output": [
                                "PARTIAL count(*)"
                            ],
                            "Workers": [
                                {
                                    "Worker Number": 0,
                                    "Actual Startup Time": 169.459,
                                    "Actual Total Time": 169.462,
                                    "Actual Rows": 1,
                                    "Actual Loops": 1
                                },
                                {
                                    "Worker Number": 1,
                                    "Actual Startup Time": 169.942,
                                    "Actual Total Time": 169.945,
                                    "Actual Rows": 1,
                                    "Actual Loops": 1
                                },
                                {
                                    "Worker Number": 2,
                                    "Actual Startup Time": 170.101,
                                    "Actual Total Time": 170.104,
                                    "Actual Rows": 1,
                                    "Actual Loops": 1
                                },
                                {
                                    "Worker Number": 3,
                                    "Actual Startup Time": 170.153,
                                    "Actual Total Time": 170.156,
                                    "Actual Rows": 1,
                                    "Actual Loops": 1
                                }
                            ],
                            "Plans": [
                                {
                                    "Node Type": "Hash Join",
                                    "Parent Relationship": "Outer",
                                    "Parallel Aware": true,
                                    "Join Type": "Inner",
                                    "Startup Cost": 22212.6,
                                    "Total Cost": 67741.24,
                                    "Plan Rows": 15326,
                                    "Plan Width": 0,
                                    "Actual Startup Time": 124.84,
                                    "Actual Total Time": 171.006,
                                    "Actual Rows": 24632,
                                    "Actual Loops": 5,
                                    "Inner Unique": false,
                                    "Hash Cond": "(t.id = mc.movie_id)",
                                    "Workers": [
                                        {
                                            "Worker Number": 0,
                                            "Actual Startup Time": 121.971,
                                            "Actual Total Time": 168.287,
                                            "Actual Rows": 24370,
                                            "Actual Loops": 1
                                        },
                                        {
                                            "Worker Number": 1,
                                            "Actual Startup Time": 119.007,
                                            "Actual Total Time": 168.71,
                                            "Actual Rows": 22159,
                                            "Actual Loops": 1
                                        },
                                        {
                                            "Worker Number": 2,
                                            "Actual Startup Time": 128.431,
                                            "Actual Total Time": 168.906,
                                            "Actual Rows": 22151,
                                            "Actual Loops": 1
                                        },
                                        {
                                            "Worker Number": 3,
                                            "Actual Startup Time": 122.547,
                                            "Actual Total Time": 168.995,
                                            "Actual Rows": 24134,
                                            "Actual Loops": 1
                                        }
                                    ],
                                    "Plans": [
                                        {
                                            "Node Type": "Seq Scan",
                                            "Parent Relationship": "Outer",
                                            "Parallel Aware": true,
                                            "Relation Name": "title",
                                            "Schema": "public",
                                            "Alias": "t",
                                            "Startup Cost": 0.0,
                                            "Total Cost": 42318.81,
                                            "Plan Rows": 632080,
                                            "Plan Width": 4,
                                            "Actual Startup Time": 0.013,
                                            "Actual Total Time": 62.44,
                                            "Actual Rows": 505662,
                                            "Actual Loops": 5,
                                            "Output": [
                                                "t.id",
                                                "t.title",
                                                "t.imdb_index",
                                                "t.kind_id",
                                                "t.production_year",
                                                "t.imdb_id",
                                                "t.phonetic_code",
                                                "t.episode_of_id",
                                                "t.season_nr",
                                                "t.episode_nr",
                                                "t.series_years",
                                                "t.md5sum"
                                            ],
                                            "Workers": [
                                                {
                                                    "Worker Number": 0,
                                                    "Actual Startup Time": 0.007,
                                                    "Actual Total Time": 64.597,
                                                    "Actual Rows": 491409,
                                                    "Actual Loops": 1
                                                },
                                                {
                                                    "Worker Number": 1,
                                                    "Actual Startup Time": 0.014,
                                                    "Actual Total Time": 64.269,
                                                    "Actual Rows": 453546,
                                                    "Actual Loops": 1
                                                },
                                                {
                                                    "Worker Number": 2,
                                                    "Actual Startup Time": 0.024,
                                                    "Actual Total Time": 64.577,
                                                    "Actual Rows": 458780,
                                                    "Actual Loops": 1
                                                },
                                                {
                                                    "Worker Number": 3,
                                                    "Actual Startup Time": 0.014,
                                                    "Actual Total Time": 64.99,
                                                    "Actual Rows": 492298,
                                                    "Actual Loops": 1
                                                }
                                            ]
                                        },
                                        {
                                            "Node Type": "Hash",
                                            "Parent Relationship": "Inner",
                                            "Parallel Aware": true,
                                            "Startup Cost": 21965.41,
                                            "Total Cost": 21965.41,
                                            "Plan Rows": 19775,
                                            "Plan Width": 4,
                                            "Actual Startup Time": 32.963,
                                            "Actual Total Time": 32.964,
                                            "Actual Rows": 24632,
                                            "Actual Loops": 5,
                                            "Output": [
                                                "mc.movie_id"
                                            ],
                                            "Hash Buckets": 131072,
                                            "Original Hash Buckets": 65536,
                                            "Hash Batches": 1,
                                            "Original Hash Batches": 1,
                                            "Peak Memory Usage": 6464,
                                            "Workers": [
                                                {
                                                    "Worker Number": 0,
                                                    "Actual Startup Time": 30.286,
                                                    "Actual Total Time": 30.288,
                                                    "Actual Rows": 14917,
                                                    "Actual Loops": 1
                                                },
                                                {
                                                    "Worker Number": 1,
                                                    "Actual Startup Time": 30.748,
                                                    "Actual Total Time": 30.749,
                                                    "Actual Rows": 17487,
                                                    "Actual Loops": 1
                                                },
                                                {
                                                    "Worker Number": 2,
                                                    "Actual Startup Time": 30.904,
                                                    "Actual Total Time": 30.905,
                                                    "Actual Rows": 17067,
                                                    "Actual Loops": 1
                                                },
                                                {
                                                    "Worker Number": 3,
                                                    "Actual Startup Time": 30.973,
                                                    "Actual Total Time": 30.974,
                                                    "Actual Rows": 15547,
                                                    "Actual Loops": 1
                                                }
                                            ],
                                            "Plans": [
                                                {
                                                    "Node Type": "Bitmap Heap Scan",
                                                    "Parent Relationship": "Outer",
                                                    "Parallel Aware": true,
                                                    "Relation Name": "movie_companies",
                                                    "Schema": "public",
                                                    "Alias": "mc",
                                                    "Startup Cost": 2593.59,
                                                    "Total Cost": 21965.41,
                                                    "Plan Rows": 19775,
                                                    "Plan Width": 4,
                                                    "Actual Startup Time": 1.617,
                                                    "Actual Total Time": 20.088,
                                                    "Actual Rows": 24632,
                                                    "Actual Loops": 5,
                                                    "Output": [
                                                        "mc.movie_id"
                                                    ],
                                                    "Recheck Cond": "(mc.company_id > 144700)",
                                                    "Rows Removed by Index Recheck": 0,
                                                    "Filter": "(mc.company_type_id = 2)",
                                                    "Rows Removed by Filter": 0,
                                                    "Exact Heap Blocks": 1678,
                                                    "Lossy Heap Blocks": 0,
                                                    "Workers": [
                                                        {
                                                            "Worker Number": 0,
                                                            "Actual Startup Time": 0.158,
                                                            "Actual Total Time": 18.274,
                                                            "Actual Rows": 14917,
                                                            "Actual Loops": 1
                                                        },
                                                        {
                                                            "Worker Number": 1,
                                                            "Actual Startup Time": 0.153,
                                                            "Actual Total Time": 19.44,
                                                            "Actual Rows": 17487,
                                                            "Actual Loops": 1
                                                        },
                                                        {
                                                            "Worker Number": 2,
                                                            "Actual Startup Time": 0.13,
                                                            "Actual Total Time": 19.158,
                                                            "Actual Rows": 17067,
                                                            "Actual Loops": 1
                                                        },
                                                        {
                                                            "Worker Number": 3,
                                                            "Actual Startup Time": 0.166,
                                                            "Actual Total Time": 18.911,
                                                            "Actual Rows": 15547,
                                                            "Actual Loops": 1
                                                        }
                                                    ],
                                                    "Plans": [
                                                        {
                                                            "Node Type": "Bitmap Index Scan",
                                                            "Parent Relationship": "Outer",
                                                            "Parallel Aware": false,
                                                            "Index Name": "company_id_movie_companies",
                                                            "Startup Cost": 0.0,
                                                            "Total Cost": 2578.26,
                                                            "Plan Rows": 120244,
                                                            "Plan Width": 0,
                                                            "Actual Startup Time": 6.814,
                                                            "Actual Total Time": 6.814,
                                                            "Actual Rows": 123158,
                                                            "Actual Loops": 1,
                                                            "Index Cond": "(mc.company_id > 144700)"
                                                        }
                                                    ]
                                                }
                                            ]
                                        }
                                    ]
                                }
                            ]
                        }
                    ]
                }
            ]
        },
        "Planning Time": 196.1,
        "Triggers": [],
        "Execution Time": 191.59
    }
]