{
  "Plan": {
    "Node Type": "Aggregate",
    "Strategy": "Plain",
    "Partial Mode": "Finalize",
    "Parallel Aware": false,
    "Startup Cost": 35628.52,
    "Total Cost": 35628.53,
    "Plan Rows": 1,
    "Plan Width": 8,
    "Actual Startup Time": 34.58,
    "Actual Total Time": 39.772,
    "Actual Rows": 1,
    "Actual Loops": 1,
    "Plans": [
      {
        "Node Type": "Gather",
        "Parent Relationship": "Outer",
        "Parallel Aware": false,
        "Startup Cost": 35628.4,
        "Total Cost": 35628.51,
        "Plan Rows": 1,
        "Plan Width": 8,
        "Actual Startup Time": 34.393,
        "Actual Total Time": 39.765,
        "Actual Rows": 2,
        "Actual Loops": 1,
        "Workers Planned": 1,
        "Workers Launched": 1,
        "Single Copy": false,
        "Plans": [
          {
            "Node Type": "Aggregate",
            "Strategy": "Plain",
            "Partial Mode": "Partial",
            "Parent Relationship": "Outer",
            "Parallel Aware": false,
            "Startup Cost": 34628.4,
            "Total Cost": 34628.41,
            "Plan Rows": 1,
            "Plan Width": 8,
            "Actual Startup Time": 28.176,
            "Actual Total Time": 28.179,
            "Actual Rows": 1,
            "Actual Loops": 2,
            "Plans": [
              {
                "Node Type": "Nested Loop",
                "Parent Relationship": "Outer",
                "Parallel Aware": false,
                "Join Type": "Inner",
                "Startup Cost": 107.85,
                "Total Cost": 34627.74,
                "Plan Rows": 267,
                "Plan Width": 0,
                "Actual Startup Time": 2.553,
                "Actual Total Time": 28.129,
                "Actual Rows": 116,
                "Actual Loops": 2,
                "Inner Unique": false,
                "Plans": [
                  {
                    "Node Type": "Nested Loop",
                    "Parent Relationship": "Outer",
                    "Parallel Aware": false,
                    "Join Type": "Inner",
                    "Startup Cost": 107.43,
                    "Total Cost": 33838.71,
                    "Plan Rows": 1454,
                    "Plan Width": 8,
                    "Actual Startup Time": 2.381,
                    "Actual Total Time": 25.491,
                    "Actual Rows": 171,
                    "Actual Loops": 2,
                    "Inner Unique": true,
                    "Plans": [
                      {
                        "Node Type": "Bitmap Heap Scan",
                        "Parent Relationship": "Outer",
                        "Parallel Aware": true,
                        "Relation Name": "movie_keyword",
                        "Alias": "mk",
                        "Startup Cost": 107.0,
                        "Total Cost": 12387.58,
                        "Plan Rows": 2927,
                        "Plan Width": 4,
                        "Actual Startup Time": 2.262,
                        "Actual Total Time": 9.178,
                        "Actual Rows": 1713,
                        "Actual Loops": 2,
                        "Recheck Cond": "(keyword_id = 562)",
                        "Rows Removed by Index Recheck": 0,
                        "Exact Heap Blocks": 2770,
                        "Lossy Heap Blocks": 0,
                        "Plans": [
                          {
                            "Node Type": "Bitmap Index Scan",
                            "Parent Relationship": "Outer",
                            "Parallel Aware": false,
                            "Index Name": "keyword_id_movie_keyword",
                            "Startup Cost": 0.0,
                            "Total Cost": 105.75,
                            "Plan Rows": 4976,
                            "Plan Width": 0,
                            "Actual Startup Time": 2.841,
                            "Actual Total Time": 2.841,
                            "Actual Rows": 3426,
                            "Actual Loops": 1,
                            "Index Cond": "(keyword_id = 562)"
                          }
                        ]
                      },
                      {
                        "Node Type": "Index Scan",
                        "Parent Relationship": "Inner",
                        "Parallel Aware": false,
                        "Scan Direction": "Forward",
                        "Index Name": "title_pkey",
                        "Relation Name": "title",
                        "Alias": "t",
                        "Startup Cost": 0.43,
                        "Total Cost": 7.33,
                        "Plan Rows": 1,
                        "Plan Width": 4,
                        "Actual Startup Time": 0.009,
                        "Actual Total Time": 0.009,
                        "Actual Rows": 0,
                        "Actual Loops": 3426,
                        "Index Cond": "(id = mk.movie_id)",
                        "Rows Removed by Index Recheck": 0,
                        "Filter": "((production_year < 2011) AND (kind_id = 7))",
                        "Rows Removed by Filter": 1
                      }
                    ]
                  },
                  {
                    "Node Type": "Index Scan",
                    "Parent Relationship": "Inner",
                    "Parallel Aware": false,
                    "Scan Direction": "Forward",
                    "Index Name": "movie_id_movie_info_idx",
                    "Relation Name": "movie_info_idx",
                    "Alias": "mi_idx",
                    "Startup Cost": 0.43,
                    "Total Cost": 0.53,
                    "Plan Rows": 1,
                    "Plan Width": 4,
                    "Actual Startup Time": 0.014,
                    "Actual Total Time": 0.015,
                    "Actual Rows": 1,
                    "Actual Loops": 342,
                    "Index Cond": "(movie_id = t.id)",
                    "Rows Removed by Index Recheck": 0,
                    "Filter": "(info_type_id = 100)",
                    "Rows Removed by Filter": 1
                  }
                ]
              }
            ]
          }
        ]
      }
    ]
  },
  "Planning Time": 1.001,
  "Triggers": [],
  "Execution Time": 39.873
}