{
  "Plan": {
    "Node Type": "Aggregate",
    "Strategy": "Plain",
    "Partial Mode": "Finalize",
    "Parallel Aware": false,
    "Startup Cost": 659152.08,
    "Total Cost": 659152.09,
    "Plan Rows": 1,
    "Plan Width": 8,
    "Actual Startup Time": 7644.728,
    "Actual Total Time": 7700.674,
    "Actual Rows": 1,
    "Actual Loops": 1,
    "Plans": [
      {
        "Node Type": "Gather",
        "Parent Relationship": "Outer",
        "Parallel Aware": false,
        "Startup Cost": 659151.97,
        "Total Cost": 659152.08,
        "Plan Rows": 1,
        "Plan Width": 8,
        "Actual Startup Time": 7641.413,
        "Actual Total Time": 7700.656,
        "Actual Rows": 2,
        "Actual Loops": 1,
        "Workers Planned": 1,
        "Workers Launched": 1,
        "Single Copy": false,
        "Plans": [
          {
            "Node Type": "Aggregate",
            "Strategy": "Plain",
            "Partial Mode": "Partial",
            "Parent Relationship": "Outer",
            "Parallel Aware": false,
            "Startup Cost": 658151.97,
            "Total Cost": 658151.98,
            "Plan Rows": 1,
            "Plan Width": 8,
            "Actual Startup Time": 7633.809,
            "Actual Total Time": 7633.815,
            "Actual Rows": 1,
            "Actual Loops": 2,
            "Plans": [
              {
                "Node Type": "Hash Join",
                "Parent Relationship": "Outer",
                "Parallel Aware": true,
                "Join Type": "Inner",
                "Startup Cost": 69509.14,
                "Total Cost": 632782.78,
                "Plan Rows": 10147674,
                "Plan Width": 0,
                "Actual Startup Time": 488.179,
                "Actual Total Time": 7258.983,
                "Actual Rows": 8557683,
                "Actual Loops": 2,
                "Inner Unique": true,
                "Hash Cond": "(ci.movie_id = t.id)",
                "Plans": [
                  {
                    "Node Type": "Seq Scan",
                    "Parent Relationship": "Outer",
                    "Parallel Aware": true,
                    "Relation Name": "cast_info",
                    "Alias": "ci",
                    "Startup Cost": 0.0,
                    "Total Cost": 519069.44,
                    "Plan Rows": 16839666,
                    "Plan Width": 4,
                    "Actual Startup Time": 0.017,
                    "Actual Total Time": 1739.581,
                    "Actual Rows": 14365286,
                    "Actual Loops": 2,
                    "Filter": "(person_id < 2920939)",
                    "Rows Removed by Filter": 3756886
                  },
                  {
                    "Node Type": "Hash",
                    "Parent Relationship": "Inner",
                    "Parallel Aware": true,
                    "Startup Cost": 58306.47,
                    "Total Cost": 58306.47,
                    "Plan Rows": 896214,
                    "Plan Width": 4,
                    "Actual Startup Time": 473.028,
                    "Actual Total Time": 473.029,
                    "Actual Rows": 753616,
                    "Actual Loops": 2,
                    "Hash Buckets": 2097152,
                    "Original Hash Buckets": 2097152,
                    "Hash Batches": 1,
                    "Original Hash Batches": 1,
                    "Peak Memory Usage": 75360,
                    "Plans": [
                      {
                        "Node Type": "Seq Scan",
                        "Parent Relationship": "Outer",
                        "Parallel Aware": true,
                        "Relation Name": "title",
                        "Alias": "t",
                        "Startup Cost": 0.0,
                        "Total Cost": 58306.47,
                        "Plan Rows": 896214,
                        "Plan Width": 4,
                        "Actual Startup Time": 0.028,
                        "Actual Total Time": 211.165,
                        "Actual Rows": 753616,
                        "Actual Loops": 2,
                        "Filter": "((kind_id > 1) AND (production_year < 2011))",
                        "Rows Removed by Filter": 510540
                      }
                    ]
                  }
                ]
              }
            ]
          }
        ]
      }
    ]
  },
  "Planning Time": 0.686,
  "Triggers": [],
  "Execution Time": 7700.763
}