[
  {
    "Plan": {
      "Node Type": "Aggregate",
      "Strategy": "Plain",
      "Partial Mode": "Finalize",
      "Parallel Aware": false,
      "Startup Cost": 31225.37,
      "Total Cost": 31225.38,
      "Plan Rows": 1,
      "Plan Width": 8,
      "Actual Startup Time": 100.636,
      "Actual Total Time": 108.457,
      "Actual Rows": 1,
      "Actual Loops": 1,
      "Plans": [
        {
          "Node Type": "Gather",
          "Parent Relationship": "Outer",
          "Parallel Aware": false,
          "Startup Cost": 31225.05,
          "Total Cost": 31225.36,
          "Plan Rows": 3,
          "Plan Width": 8,
          "Actual Startup Time": 100.552,
          "Actual Total Time": 108.45,
          "Actual Rows": 4,
          "Actual Loops": 1,
          "Workers Planned": 3,
          "Workers Launched": 3,
          "Single Copy": false,
          "Plans": [
            {
              "Node Type": "Aggregate",
              "Strategy": "Plain",
              "Partial Mode": "Partial",
              "Parent Relationship": "Outer",
              "Parallel Aware": false,
              "Startup Cost": 30225.05,
              "Total Cost": 30225.06,
              "Plan Rows": 1,
              "Plan Width": 8,
              "Actual Startup Time": 92.268,
              "Actual Total Time": 92.269,
              "Actual Rows": 1,
              "Actual Loops": 4,
              "Plans": [
                {
                  "Node Type": "Seq Scan",
                  "Parent Relationship": "Outer",
                  "Parallel Aware": true,
                  "Relation Name": "movie_companies",
                  "Alias": "mc",
                  "Startup Cost": 0.0,
                  "Total Cost": 29310.68,
                  "Plan Rows": 365749,
                  "Plan Width": 0,
                  "Actual Startup Time": 23.155,
                  "Actual Total Time": 80.011,
                  "Actual Rows": 284598,
                  "Actual Loops": 4,
                  "Filter": "(company_id > 13403)",
                  "Rows Removed by Filter": 367684
                }
              ]
            }
          ]
        }
      ]
    },
    "Planning Time": 0.158,
    "Triggers": [],
    "Execution Time": 108.507
  }
]