[
    {
        "Bao": {
            "Bao prediction": "NaN",
            "Bao recommended hint": "(no hint)"
        }
    },
    {
        "Plan": {
            "Node Type": "Aggregate",
            "Strategy": "Plain",
            "Partial Mode": "Finalize",
            "Parallel Aware": false,
            "Startup Cost": 346470.22,
            "Total Cost": 346470.23,
            "Plan Rows": 1,
            "Plan Width": 8,
            "Actual Startup Time": 707.9,
            "Actual Total Time": 738.939,
            "Actual Rows": 1,
            "Actual Loops": 1,
            "Output": [
                "count(*)"
            ],
            "Plans": [
                {
                    "Node Type": "Gather",
                    "Parent Relationship": "Outer",
                    "Parallel Aware": false,
                    "Startup Cost": 346469.6,
                    "Total Cost": 346470.21,
                    "Plan Rows": 6,
                    "Plan Width": 8,
                    "Actual Startup Time": 707.749,
                    "Actual Total Time": 738.928,
                    "Actual Rows": 7,
                    "Actual Loops": 1,
                    "Output": [
                        "(PARTIAL count(*))"
                    ],
                    "Workers Planned": 6,
                    "Workers Launched": 6,
                    "Single Copy": false,
                    "Plans": [
                        {
                            "Node Type": "Aggregate",
                            "Strategy": "Plain",
                            "Partial Mode": "Partial",
                            "Parent Relationship": "Outer",
                            "Parallel Aware": false,
                            "Startup Cost": 345469.6,
                            "Total Cost": 345469.61,
                            "Plan Rows": 1,
                            "Plan Width": 8,
                            "Actual Startup Time": 697.736,
                            "Actual Total Time": 697.738,
                            "Actual Rows": 1,
                            "Actual Loops": 7,
                            "Output": [
                                "PARTIAL count(*)"
                            ],
                            "Workers": [
                                {
                                    "Worker Number": 0,
                                    "Actual Startup Time": 695.709,
                                    "Actual Total Time": 695.71,
                                    "Actual Rows": 1,
                                    "Actual Loops": 1
                                },
                                {
                                    "Worker Number": 1,
                                    "Actual Startup Time": 695.834,
                                    "Actual Total Time": 695.835,
                                    "Actual Rows": 1,
                                    "Actual Loops": 1
                                },
                                {
                                    "Worker Number": 2,
                                    "Actual Startup Time": 695.841,
                                    "Actual Total Time": 695.843,
                                    "Actual Rows": 1,
                                    "Actual Loops": 1
                                },
                                {
                                    "Worker Number": 3,
                                    "Actual Startup Time": 696.187,
                                    "Actual Total Time": 696.189,
                                    "Actual Rows": 1,
                                    "Actual Loops": 1
                                },
                                {
                                    "Worker Number": 4,
                                    "Actual Startup Time": 696.64,
                                    "Actual Total Time": 696.641,
                                    "Actual Rows": 1,
                                    "Actual Loops": 1
                                },
                                {
                                    "Worker Number": 5,
                                    "Actual Startup Time": 696.634,
                                    "Actual Total Time": 696.635,
                                    "Actual Rows": 1,
                                    "Actual Loops": 1
                                }
                            ],
                            "Plans": [
                                {
                                    "Node Type": "Seq Scan",
                                    "Parent Relationship": "Outer",
                                    "Parallel Aware": true,
                                    "Relation Name": "cast_info",
                                    "Schema": "public",
                                    "Alias": "ci",
                                    "Startup Cost": 0.0,
                                    "Total Cost": 343318.94,
                                    "Plan Rows": 860262,
                                    "Plan Width": 0,
                                    "Actual Startup Time": 374.531,
                                    "Actual Total Time": 640.765,
                                    "Actual Rows": 1135937,
                                    "Actual Loops": 7,
                                    "Output": [
                                        "id",
                                        "person_id",
                                        "movie_id",
                                        "person_role_id",
                                        "note",
                                        "nr_order",
                                        "role_id"
                                    ],
                                    "Filter": "((ci.person_id > 2884261) AND (ci.role_id > 1))",
                                    "Rows Removed by Filter": 4041827,
                                    "Workers": [
                                        {
                                            "Worker Number": 0,
                                            "Actual Startup Time": 372.494,
                                            "Actual Total Time": 640.042,
                                            "Actual Rows": 1348707,
                                            "Actual Loops": 1
                                        },
                                        {
                                            "Worker Number": 1,
                                            "Actual Startup Time": 372.63,
                                            "Actual Total Time": 639.202,
                                            "Actual Rows": 842141,
                                            "Actual Loops": 1
                                        },
                                        {
                                            "Worker Number": 2,
                                            "Actual Startup Time": 372.641,
                                            "Actual Total Time": 639.067,
                                            "Actual Rows": 843053,
                                            "Actual Loops": 1
                                        },
                                        {
                                            "Worker Number": 3,
                                            "Actual Startup Time": 373.0,
                                            "Actual Total Time": 639.127,
                                            "Actual Rows": 847069,
                                            "Actual Loops": 1
                                        },
                                        {
                                            "Worker Number": 4,
                                            "Actual Startup Time": 373.428,
                                            "Actual Total Time": 642.921,
                                            "Actual Rows": 1285694,
                                            "Actual Loops": 1
                                        },
                                        {
                                            "Worker Number": 5,
                                            "Actual Startup Time": 373.426,
                                            "Actual Total Time": 642.647,
                                            "Actual Rows": 1290075,
                                            "Actual Loops": 1
                                        }
                                    ]
                                }
                            ]
                        }
                    ]
                }
            ]
        },
        "Planning Time": 182.59,
        "Triggers": [],
        "Execution Time": 739.007
    }
]