[
  {
    "Plan": {
      "Node Type": "Aggregate",
      "Strategy": "Plain",
      "Partial Mode": "Finalize",
      "Parallel Aware": false,
      "Startup Cost": 33185.41,
      "Total Cost": 33185.42,
      "Plan Rows": 1,
      "Plan Width": 8,
      "Actual Startup Time": 103.715,
      "Actual Total Time": 111.539,
      "Actual Rows": 1,
      "Actual Loops": 1,
      "Plans": [
        {
          "Node Type": "Gather",
          "Parent Relationship": "Outer",
          "Parallel Aware": false,
          "Startup Cost": 33185.09,
          "Total Cost": 33185.4,
          "Plan Rows": 3,
          "Plan Width": 8,
          "Actual Startup Time": 103.581,
          "Actual Total Time": 111.53,
          "Actual Rows": 4,
          "Actual Loops": 1,
          "Workers Planned": 3,
          "Workers Launched": 3,
          "Single Copy": false,
          "Plans": [
            {
              "Node Type": "Aggregate",
              "Strategy": "Plain",
              "Partial Mode": "Partial",
              "Parent Relationship": "Outer",
              "Parallel Aware": false,
              "Startup Cost": 32185.09,
              "Total Cost": 32185.1,
              "Plan Rows": 1,
              "Plan Width": 8,
              "Actual Startup Time": 95.49,
              "Actual Total Time": 95.491,
              "Actual Rows": 1,
              "Actual Loops": 4,
              "Plans": [
                {
                  "Node Type": "Seq Scan",
                  "Parent Relationship": "Outer",
                  "Parallel Aware": true,
                  "Relation Name": "movie_companies",
                  "Alias": "mc",
                  "Startup Cost": 0.0,
                  "Total Cost": 31414.82,
                  "Plan Rows": 308108,
                  "Plan Width": 0,
                  "Actual Startup Time": 49.375,
                  "Actual Total Time": 84.683,
                  "Actual Rows": 281144,
                  "Actual Loops": 4,
                  "Filter": "((company_id > 1407) AND (company_type_id = 2))",
                  "Rows Removed by Filter": 371138
                }
              ]
            }
          ]
        }
      ]
    },
    "Planning Time": 0.198,
    "Triggers": [],
    "Execution Time": 111.594
  }
]