{
  "Plan": {
    "Node Type": "Aggregate",
    "Strategy": "Plain",
    "Partial Mode": "Finalize",
    "Parallel Aware": false,
    "Startup Cost": 781102.49,
    "Total Cost": 781102.5,
    "Plan Rows": 1,
    "Plan Width": 8,
    "Actual Startup Time": 4616.181,
    "Actual Total Time": 4688.95,
    "Actual Rows": 1,
    "Actual Loops": 1,
    "Plans": [
      {
        "Node Type": "Gather",
        "Parent Relationship": "Outer",
        "Parallel Aware": false,
        "Startup Cost": 781102.37,
        "Total Cost": 781102.48,
        "Plan Rows": 1,
        "Plan Width": 8,
        "Actual Startup Time": 4611.11,
        "Actual Total Time": 4688.941,
        "Actual Rows": 2,
        "Actual Loops": 1,
        "Workers Planned": 1,
        "Workers Launched": 1,
        "Single Copy": false,
        "Plans": [
          {
            "Node Type": "Aggregate",
            "Strategy": "Plain",
            "Partial Mode": "Partial",
            "Parent Relationship": "Outer",
            "Parallel Aware": false,
            "Startup Cost": 780102.37,
            "Total Cost": 780102.38,
            "Plan Rows": 1,
            "Plan Width": 8,
            "Actual Startup Time": 4603.751,
            "Actual Total Time": 4605.026,
            "Actual Rows": 1,
            "Actual Loops": 2,
            "Plans": [
              {
                "Node Type": "Hash Join",
                "Parent Relationship": "Outer",
                "Parallel Aware": true,
                "Join Type": "Inner",
                "Startup Cost": 137945.23,
                "Total Cost": 769660.68,
                "Plan Rows": 4176679,
                "Plan Width": 0,
                "Actual Startup Time": 1283.069,
                "Actual Total Time": 4404.851,
                "Actual Rows": 4799973,
                "Actual Loops": 2,
                "Inner Unique": false,
                "Hash Cond": "(ci.movie_id = t.id)",
                "Plans": [
                  {
                    "Node Type": "Seq Scan",
                    "Parent Relationship": "Outer",
                    "Parallel Aware": true,
                    "Relation Name": "cast_info",
                    "Alias": "ci",
                    "Startup Cost": 0.0,
                    "Total Cost": 572345.93,
                    "Plan Rows": 9280218,
                    "Plan Width": 4,
                    "Actual Startup Time": 504.023,
                    "Actual Total Time": 1772.019,
                    "Actual Rows": 10098994,
                    "Actual Loops": 2,
                    "Filter": "((person_id > 1196511) AND (role_id > 1))",
                    "Rows Removed by Filter": 8023178
                  },
                  {
                    "Node Type": "Hash",
                    "Parent Relationship": "Inner",
                    "Parallel Aware": true,
                    "Startup Cost": 129578.39,
                    "Total Cost": 129578.39,
                    "Plan Rows": 669347,
                    "Plan Width": 8,
                    "Actual Startup Time": 764.191,
                    "Actual Total Time": 765.464,
                    "Actual Rows": 314338,
                    "Actual Loops": 2,
                    "Hash Buckets": 2097152,
                    "Original Hash Buckets": 2097152,
                    "Hash Batches": 1,
                    "Original Hash Batches": 1,
                    "Peak Memory Usage": 41024,
                    "Plans": [
                      {
                        "Node Type": "Hash Join",
                        "Parent Relationship": "Outer",
                        "Parallel Aware": true,
                        "Join Type": "Inner",
                        "Startup Cost": 68725.03,
                        "Total Cost": 129578.39,
                        "Plan Rows": 669347,
                        "Plan Width": 8,
                        "Actual Startup Time": 374.365,
                        "Actual Total Time": 694.309,
                        "Actual Rows": 314338,
                        "Actual Loops": 2,
                        "Inner Unique": true,
                        "Hash Cond": "(mk.movie_id = t.id)",
                        "Plans": [
                          {
                            "Node Type": "Seq Scan",
                            "Parent Relationship": "Outer",
                            "Parallel Aware": true,
                            "Relation Name": "movie_keyword",
                            "Alias": "mk",
                            "Startup Cost": 0.0,
                            "Total Cost": 57718.19,
                            "Plan Rows": 1194351,
                            "Plan Width": 4,
                            "Actual Startup Time": 0.551,
                            "Actual Total Time": 181.766,
                            "Actual Rows": 1013670,
                            "Actual Loops": 2,
                            "Filter": "(keyword_id > 6092)",
                            "Rows Removed by Filter": 1248295
                          },
                          {
                            "Node Type": "Hash",
                            "Parent Relationship": "Inner",
                            "Parallel Aware": true,
                            "Startup Cost": 58306.47,
                            "Total Cost": 58306.47,
                            "Plan Rows": 833485,
                            "Plan Width": 4,
                            "Actual Startup Time": 366.656,
                            "Actual Total Time": 366.657,
                            "Actual Rows": 699360,
                            "Actual Loops": 2,
                            "Hash Buckets": 2097152,
                            "Original Hash Buckets": 2097152,
                            "Hash Batches": 1,
                            "Original Hash Batches": 1,
                            "Peak Memory Usage": 71136,
                            "Plans": [
                              {
                                "Node Type": "Seq Scan",
                                "Parent Relationship": "Outer",
                                "Parallel Aware": true,
                                "Relation Name": "title",
                                "Alias": "t",
                                "Startup Cost": 0.0,
                                "Total Cost": 58306.47,
                                "Plan Rows": 833485,
                                "Plan Width": 4,
                                "Actual Startup Time": 0.029,
                                "Actual Total Time": 174.555,
                                "Actual Rows": 699360,
                                "Actual Loops": 2,
                                "Filter": "((kind_id > 1) AND (production_year < 2010))",
                                "Rows Removed by Filter": 564796
                              }
                            ]
                          }
                        ]
                      }
                    ]
                  }
                ]
              }
            ]
          }
        ]
      }
    ]
  },
  "Planning Time": 1.054,
  "Triggers": [],
  "Execution Time": 4689.046
}