[
  {
    "Plan": {
      "Node Type": "Aggregate",
      "Strategy": "Plain",
      "Partial Mode": "Finalize",
      "Parallel Aware": false,
      "Startup Cost": 431773.78,
      "Total Cost": 431773.79,
      "Plan Rows": 1,
      "Plan Width": 8,
      "Actual Startup Time": 2690.609,
      "Actual Total Time": 2754.322,
      "Actual Rows": 1,
      "Actual Loops": 1,
      "Plans": [
        {
          "Node Type": "Gather",
          "Parent Relationship": "Outer",
          "Parallel Aware": false,
          "Startup Cost": 431773.16,
          "Total Cost": 431773.77,
          "Plan Rows": 6,
          "Plan Width": 8,
          "Actual Startup Time": 2677.631,
          "Actual Total Time": 2754.313,
          "Actual Rows": 7,
          "Actual Loops": 1,
          "Workers Planned": 6,
          "Workers Launched": 6,
          "Single Copy": false,
          "Plans": [
            {
              "Node Type": "Aggregate",
              "Strategy": "Plain",
              "Partial Mode": "Partial",
              "Parent Relationship": "Outer",
              "Parallel Aware": false,
              "Startup Cost": 430773.16,
              "Total Cost": 430773.17,
              "Plan Rows": 1,
              "Plan Width": 8,
              "Actual Startup Time": 2664.745,
              "Actual Total Time": 2664.751,
              "Actual Rows": 1,
              "Actual Loops": 7,
              "Plans": [
                {
                  "Node Type": "Hash Join",
                  "Parent Relationship": "Outer",
                  "Parallel Aware": true,
                  "Join Type": "Inner",
                  "Startup Cost": 82901.23,
                  "Total Cost": 424691.95,
                  "Plan Rows": 2432481,
                  "Plan Width": 0,
                  "Actual Startup Time": 388.912,
                  "Actual Total Time": 2507.538,
                  "Actual Rows": 3838327,
                  "Actual Loops": 7,
                  "Inner Unique": false,
                  "Hash Cond": "(ci.movie_id = t.id)",
                  "Plans": [
                    {
                      "Node Type": "Seq Scan",
                      "Parent Relationship": "Outer",
                      "Parallel Aware": true,
                      "Relation Name": "cast_info",
                      "Alias": "ci",
                      "Startup Cost": 0.0,
                      "Total Cost": 313067.02,
                      "Plan Rows": 6038002,
                      "Plan Width": 4,
                      "Actual Startup Time": 0.03,
                      "Actual Total Time": 524.636,
                      "Actual Rows": 5177763,
                      "Actual Loops": 7
                    },
                    {
                      "Node Type": "Hash",
                      "Parent Relationship": "Inner",
                      "Parallel Aware": true,
                      "Startup Cost": 79718.25,
                      "Total Cost": 79718.25,
                      "Plan Rows": 254638,
                      "Plan Width": 8,
                      "Actual Startup Time": 385.349,
                      "Actual Total Time": 385.353,
                      "Actual Rows": 147125,
                      "Actual Loops": 7,
                      "Hash Buckets": 1048576,
                      "Original Hash Buckets": 1048576,
                      "Hash Batches": 1,
                      "Original Hash Batches": 1,
                      "Peak Memory Usage": 48608,
                      "Plans": [
                        {
                          "Node Type": "Hash Join",
                          "Parent Relationship": "Outer",
                          "Parallel Aware": true,
                          "Join Type": "Inner",
                          "Startup Cost": 33417.74,
                          "Total Cost": 79718.25,
                          "Plan Rows": 254638,
                          "Plan Width": 8,
                          "Actual Startup Time": 127.805,
                          "Actual Total Time": 323.039,
                          "Actual Rows": 147125,
                          "Actual Loops": 7,
                          "Inner Unique": false,
                          "Hash Cond": "(t.id = mc.movie_id)",
                          "Plans": [
                            {
                              "Node Type": "Seq Scan",
                              "Parent Relationship": "Outer",
                              "Parallel Aware": true,
                              "Relation Name": "title",
                              "Alias": "t",
                              "Startup Cost": 0.0,
                              "Total Cost": 42318.73,
                              "Plan Rows": 632073,
                              "Plan Width": 4,
                              "Actual Startup Time": 0.014,
                              "Actual Total Time": 54.612,
                              "Actual Rows": 361187,
                              "Actual Loops": 7
                            },
                            {
                              "Node Type": "Hash",
                              "Parent Relationship": "Inner",
                              "Parallel Aware": true,
                              "Startup Cost": 29310.68,
                              "Total Cost": 29310.68,
                              "Plan Rows": 328565,
                              "Plan Width": 4,
                              "Actual Startup Time": 126.032,
                              "Actual Total Time": 126.034,
                              "Actual Rows": 147125,
                              "Actual Loops": 7,
                              "Hash Buckets": 1048576,
                              "Original Hash Buckets": 1048576,
                              "Hash Batches": 1,
                              "Original Hash Batches": 1,
                              "Peak Memory Usage": 48608,
                              "Plans": [
                                {
                                  "Node Type": "Seq Scan",
                                  "Parent Relationship": "Outer",
                                  "Parallel Aware": true,
                                  "Relation Name": "movie_companies",
                                  "Alias": "mc",
                                  "Startup Cost": 0.0,
                                  "Total Cost": 29310.68,
                                  "Plan Rows": 328565,
                                  "Plan Width": 4,
                                  "Actual Startup Time": 16.662,
                                  "Actual Total Time": 62.478,
                                  "Actual Rows": 147125,
                                  "Actual Loops": 7,
                                  "Filter": "(company_id > 15599)",
                                  "Rows Removed by Filter": 225607
                                }
                              ]
                            }
                          ]
                        }
                      ]
                    }
                  ]
                }
              ]
            }
          ]
        }
      ]
    },
    "Planning Time": 1.403,
    "Triggers": [],
    "Execution Time": 2754.426
  }
]