[
  {
    "Plan": {
      "Node Type": "Aggregate",
      "Strategy": "Plain",
      "Partial Mode": "Finalize",
      "Parallel Aware": false,
      "Startup Cost": 349965.8,
      "Total Cost": 349965.81,
      "Plan Rows": 1,
      "Plan Width": 8,
      "Actual Startup Time": 803.284,
      "Actual Total Time": 859.799,
      "Actual Rows": 1,
      "Actual Loops": 1,
      "Plans": [
        {
          "Node Type": "Gather",
          "Parent Relationship": "Outer",
          "Parallel Aware": false,
          "Startup Cost": 349965.17,
          "Total Cost": 349965.78,
          "Plan Rows": 6,
          "Plan Width": 8,
          "Actual Startup Time": 803.136,
          "Actual Total Time": 859.788,
          "Actual Rows": 7,
          "Actual Loops": 1,
          "Workers Planned": 6,
          "Workers Launched": 6,
          "Single Copy": false,
          "Plans": [
            {
              "Node Type": "Aggregate",
              "Strategy": "Plain",
              "Partial Mode": "Partial",
              "Parent Relationship": "Outer",
              "Parallel Aware": false,
              "Startup Cost": 348965.17,
              "Total Cost": 348965.18,
              "Plan Rows": 1,
              "Plan Width": 8,
              "Actual Startup Time": 793.496,
              "Actual Total Time": 793.497,
              "Actual Rows": 1,
              "Actual Loops": 7,
              "Plans": [
                {
                  "Node Type": "Seq Scan",
                  "Parent Relationship": "Outer",
                  "Parallel Aware": true,
                  "Relation Name": "cast_info",
                  "Alias": "ci",
                  "Startup Cost": 0.0,
                  "Total Cost": 343257.03,
                  "Plan Rows": 2283257,
                  "Plan Width": 0,
                  "Actual Startup Time": 0.052,
                  "Actual Total Time": 677.223,
                  "Actual Rows": 2752876,
                  "Actual Loops": 7,
                  "Filter": "((person_id < 2590448) AND (role_id < 3))",
                  "Rows Removed by Filter": 2424887
                }
              ]
            }
          ]
        }
      ]
    },
    "Planning Time": 0.231,
    "Triggers": [],
    "Execution Time": 859.873
  }
]