[
    {
        "Bao": {
            "Bao prediction": "NaN",
            "Bao recommended hint": "(no hint)"
        }
    },
    {
        "Plan": {
            "Node Type": "Aggregate",
            "Strategy": "Plain",
            "Partial Mode": "Finalize",
            "Parallel Aware": false,
            "Startup Cost": 387940.07,
            "Total Cost": 387940.08,
            "Plan Rows": 1,
            "Plan Width": 8,
            "Actual Startup Time": 1458.786,
            "Actual Total Time": 1496.451,
            "Actual Rows": 1,
            "Actual Loops": 1,
            "Output": [
                "count(*)"
            ],
            "Plans": [
                {
                    "Node Type": "Gather",
                    "Parent Relationship": "Outer",
                    "Parallel Aware": false,
                    "Startup Cost": 387939.44,
                    "Total Cost": 387940.05,
                    "Plan Rows": 6,
                    "Plan Width": 8,
                    "Actual Startup Time": 1454.661,
                    "Actual Total Time": 1496.439,
                    "Actual Rows": 7,
                    "Actual Loops": 1,
                    "Output": [
                        "(PARTIAL count(*))"
                    ],
                    "Workers Planned": 6,
                    "Workers Launched": 6,
                    "Single Copy": false,
                    "Plans": [
                        {
                            "Node Type": "Aggregate",
                            "Strategy": "Plain",
                            "Partial Mode": "Partial",
                            "Parent Relationship": "Outer",
                            "Parallel Aware": false,
                            "Startup Cost": 386939.44,
                            "Total Cost": 386939.45,
                            "Plan Rows": 1,
                            "Plan Width": 8,
                            "Actual Startup Time": 1444.925,
                            "Actual Total Time": 1444.928,
                            "Actual Rows": 1,
                            "Actual Loops": 7,
                            "Output": [
                                "PARTIAL count(*)"
                            ],
                            "Workers": [
                                {
                                    "Worker Number": 0,
                                    "Actual Startup Time": 1442.683,
                                    "Actual Total Time": 1442.686,
                                    "Actual Rows": 1,
                                    "Actual Loops": 1
                                },
                                {
                                    "Worker Number": 1,
                                    "Actual Startup Time": 1442.911,
                                    "Actual Total Time": 1442.914,
                                    "Actual Rows": 1,
                                    "Actual Loops": 1
                                },
                                {
                                    "Worker Number": 2,
                                    "Actual Startup Time": 1443.042,
                                    "Actual Total Time": 1443.044,
                                    "Actual Rows": 1,
                                    "Actual Loops": 1
                                },
                                {
                                    "Worker Number": 3,
                                    "Actual Startup Time": 1443.791,
                                    "Actual Total Time": 1443.795,
                                    "Actual Rows": 1,
                                    "Actual Loops": 1
                                },
                                {
                                    "Worker Number": 4,
                                    "Actual Startup Time": 1443.846,
                                    "Actual Total Time": 1443.848,
                                    "Actual Rows": 1,
                                    "Actual Loops": 1
                                },
                                {
                                    "Worker Number": 5,
                                    "Actual Startup Time": 1443.866,
                                    "Actual Total Time": 1443.869,
                                    "Actual Rows": 1,
                                    "Actual Loops": 1
                                }
                            ],
                            "Plans": [
                                {
                                    "Node Type": "Hash Join",
                                    "Parent Relationship": "Outer",
                                    "Parallel Aware": true,
                                    "Join Type": "Inner",
                                    "Startup Cost": 46980.28,
                                    "Total Cost": 385139.85,
                                    "Plan Rows": 719838,
                                    "Plan Width": 0,
                                    "Actual Startup Time": 254.352,
                                    "Actual Total Time": 1407.807,
                                    "Actual Rows": 585508,
                                    "Actual Loops": 7,
                                    "Inner Unique": true,
                                    "Hash Cond": "(ci.movie_id = t.id)",
                                    "Workers": [
                                        {
                                            "Worker Number": 0,
                                            "Actual Startup Time": 251.755,
                                            "Actual Total Time": 1405.239,
                                            "Actual Rows": 492127,
                                            "Actual Loops": 1
                                        },
                                        {
                                            "Worker Number": 1,
                                            "Actual Startup Time": 252.341,
                                            "Actual Total Time": 1405.302,
                                            "Actual Rows": 493556,
                                            "Actual Loops": 1
                                        },
                                        {
                                            "Worker Number": 2,
                                            "Actual Startup Time": 252.61,
                                            "Actual Total Time": 1405.85,
                                            "Actual Rows": 483160,
                                            "Actual Loops": 1
                                        },
                                        {
                                            "Worker Number": 3,
                                            "Actual Startup Time": 253.215,
                                            "Actual Total Time": 1406.464,
                                            "Actual Rows": 490672,
                                            "Actual Loops": 1
                                        },
                                        {
                                            "Worker Number": 4,
                                            "Actual Startup Time": 253.529,
                                            "Actual Total Time": 1408.225,
                                            "Actual Rows": 753230,
                                            "Actual Loops": 1
                                        },
                                        {
                                            "Worker Number": 5,
                                            "Actual Startup Time": 253.237,
                                            "Actual Total Time": 1405.84,
                                            "Actual Rows": 495179,
                                            "Actual Loops": 1
                                        }
                                    ],
                                    "Plans": [
                                        {
                                            "Node Type": "Seq Scan",
                                            "Parent Relationship": "Outer",
                                            "Parallel Aware": true,
                                            "Relation Name": "cast_info",
                                            "Schema": "public",
                                            "Alias": "ci",
                                            "Startup Cost": 0.0,
                                            "Total Cost": 328213.62,
                                            "Plan Rows": 3788928,
                                            "Plan Width": 4,
                                            "Actual Startup Time": 148.931,
                                            "Actual Total Time": 673.189,
                                            "Actual Rows": 3248936,
                                            "Actual Loops": 7,
                                            "Output": [
                                                "ci.id",
                                                "ci.person_id",
                                                "ci.movie_id",
                                                "ci.person_role_id",
                                                "ci.note",
                                                "ci.nr_order",
                                                "ci.role_id"
                                            ],
                                            "Filter": "(ci.person_id > 1331016)",
                                            "Rows Removed by Filter": 1928828,
                                            "Workers": [
                                                {
                                                    "Worker Number": 0,
                                                    "Actual Startup Time": 148.964,
                                                    "Actual Total Time": 686.635,
                                                    "Actual Rows": 2721846,
                                                    "Actual Loops": 1
                                                },
                                                {
                                                    "Worker Number": 1,
                                                    "Actual Startup Time": 148.961,
                                                    "Actual Total Time": 687.739,
                                                    "Actual Rows": 2738833,
                                                    "Actual Loops": 1
                                                },
                                                {
                                                    "Worker Number": 2,
                                                    "Actual Startup Time": 148.87,
                                                    "Actual Total Time": 685.746,
                                                    "Actual Rows": 2692149,
                                                    "Actual Loops": 1
                                                },
                                                {
                                                    "Worker Number": 3,
                                                    "Actual Startup Time": 148.949,
                                                    "Actual Total Time": 674.597,
                                                    "Actual Rows": 2730198,
                                                    "Actual Loops": 1
                                                },
                                                {
                                                    "Worker Number": 4,
                                                    "Actual Startup Time": 148.95,
                                                    "Actual Total Time": 655.755,
                                                    "Actual Rows": 4184256,
                                                    "Actual Loops": 1
                                                },
                                                {
                                                    "Worker Number": 5,
                                                    "Actual Startup Time": 148.933,
                                                    "Actual Total Time": 677.95,
                                                    "Actual Rows": 2739837,
                                                    "Actual Loops": 1
                                                }
                                            ]
                                        },
                                        {
                                            "Node Type": "Hash",
                                            "Parent Relationship": "Inner",
                                            "Parallel Aware": true,
                                            "Startup Cost": 45479.21,
                                            "Total Cost": 45479.21,
                                            "Plan Rows": 120086,
                                            "Plan Width": 4,
                                            "Actual Startup Time": 103.575,
                                            "Actual Total Time": 103.576,
                                            "Actual Rows": 50078,
                                            "Actual Loops": 7,
                                            "Output": [
                                                "t.id"
                                            ],
                                            "Hash Buckets": 524288,
                                            "Original Hash Buckets": 524288,
                                            "Hash Batches": 1,
                                            "Original Hash Batches": 1,
                                            "Peak Memory Usage": 17952,
                                            "Workers": [
                                                {
                                                    "Worker Number": 0,
                                                    "Actual Startup Time": 102.092,
                                                    "Actual Total Time": 102.093,
                                                    "Actual Rows": 42228,
                                                    "Actual Loops": 1
                                                },
                                                {
                                                    "Worker Number": 1,
                                                    "Actual Startup Time": 102.616,
                                                    "Actual Total Time": 102.617,
                                                    "Actual Rows": 41879,
                                                    "Actual Loops": 1
                                                },
                                                {
                                                    "Worker Number": 2,
                                                    "Actual Startup Time": 102.571,
                                                    "Actual Total Time": 102.572,
                                                    "Actual Rows": 41659,
                                                    "Actual Loops": 1
                                                },
                                                {
                                                    "Worker Number": 3,
                                                    "Actual Startup Time": 103.544,
                                                    "Actual Total Time": 103.545,
                                                    "Actual Rows": 41123,
                                                    "Actual Loops": 1
                                                },
                                                {
                                                    "Worker Number": 4,
                                                    "Actual Startup Time": 103.482,
                                                    "Actual Total Time": 103.483,
                                                    "Actual Rows": 61353,
                                                    "Actual Loops": 1
                                                },
                                                {
                                                    "Worker Number": 5,
                                                    "Actual Startup Time": 103.487,
                                                    "Actual Total Time": 103.488,
                                                    "Actual Rows": 41211,
                                                    "Actual Loops": 1
                                                }
                                            ],
                                            "Plans": [
                                                {
                                                    "Node Type": "Seq Scan",
                                                    "Parent Relationship": "Outer",
                                                    "Parallel Aware": true,
                                                    "Relation Name": "title",
                                                    "Schema": "public",
                                                    "Alias": "t",
                                                    "Startup Cost": 0.0,
                                                    "Total Cost": 45479.21,
                                                    "Plan Rows": 120086,
                                                    "Plan Width": 4,
                                                    "Actual Startup Time": 40.404,
                                                    "Actual Total Time": 80.015,
                                                    "Actual Rows": 50078,
                                                    "Actual Loops": 7,
                                                    "Output": [
                                                        "t.id"
                                                    ],
                                                    "Filter": "((t.production_year > 1987) AND (t.kind_id = 1))",
                                                    "Rows Removed by Filter": 311110,
                                                    "Workers": [
                                                        {
                                                            "Worker Number": 0,
                                                            "Actual Startup Time": 1.216,
                                                            "Actual Total Time": 79.564,
                                                            "Actual Rows": 42228,
                                                            "Actual Loops": 1
                                                        },
                                                        {
                                                            "Worker Number": 1,
                                                            "Actual Startup Time": 45.531,
                                                            "Actual Total Time": 79.997,
                                                            "Actual Rows": 41879,
                                                            "Actual Loops": 1
                                                        },
                                                        {
                                                            "Worker Number": 2,
                                                            "Actual Startup Time": 45.836,
                                                            "Actual Total Time": 80.385,
                                                            "Actual Rows": 41659,
                                                            "Actual Loops": 1
                                                        },
                                                        {
                                                            "Worker Number": 3,
                                                            "Actual Startup Time": 46.738,
                                                            "Actual Total Time": 80.395,
                                                            "Actual Rows": 41123,
                                                            "Actual Loops": 1
                                                        },
                                                        {
                                                            "Worker Number": 4,
                                                            "Actual Startup Time": 46.452,
                                                            "Actual Total Time": 78.882,
                                                            "Actual Rows": 61353,
                                                            "Actual Loops": 1
                                                        },
                                                        {
                                                            "Worker Number": 5,
                                                            "Actual Startup Time": 46.775,
                                                            "Actual Total Time": 80.581,
                                                            "Actual Rows": 41211,
                                                            "Actual Loops": 1
                                                        }
                                                    ]
                                                }
                                            ]
                                        }
                                    ]
                                }
                            ]
                        }
                    ]
                }
            ]
        },
        "Planning Time": 177.182,
        "Triggers": [],
        "Execution Time": 1496.512
    }
]