{
  "Plan": {
    "Node Type": "Aggregate",
    "Strategy": "Plain",
    "Partial Mode": "Finalize",
    "Parallel Aware": false,
    "Startup Cost": 77551.75,
    "Total Cost": 77551.76,
    "Plan Rows": 1,
    "Plan Width": 8,
    "Actual Startup Time": 281.783,
    "Actual Total Time": 289.131,
    "Actual Rows": 1,
    "Actual Loops": 1,
    "Plans": [
      {
        "Node Type": "Gather",
        "Parent Relationship": "Outer",
        "Parallel Aware": false,
        "Startup Cost": 77551.64,
        "Total Cost": 77551.75,
        "Plan Rows": 1,
        "Plan Width": 8,
        "Actual Startup Time": 280.761,
        "Actual Total Time": 289.123,
        "Actual Rows": 2,
        "Actual Loops": 1,
        "Workers Planned": 1,
        "Workers Launched": 1,
        "Single Copy": false,
        "Plans": [
          {
            "Node Type": "Aggregate",
            "Strategy": "Plain",
            "Partial Mode": "Partial",
            "Parent Relationship": "Outer",
            "Parallel Aware": false,
            "Startup Cost": 76551.64,
            "Total Cost": 76551.65,
            "Plan Rows": 1,
            "Plan Width": 8,
            "Actual Startup Time": 275.301,
            "Actual Total Time": 275.305,
            "Actual Rows": 1,
            "Actual Loops": 2,
            "Plans": [
              {
                "Node Type": "Hash Join",
                "Parent Relationship": "Outer",
                "Parallel Aware": true,
                "Join Type": "Inner",
                "Startup Cost": 56817.76,
                "Total Cost": 76329.01,
                "Plan Rows": 89052,
                "Plan Width": 0,
                "Actual Startup Time": 183.943,
                "Actual Total Time": 270.252,
                "Actual Rows": 100944,
                "Actual Loops": 2,
                "Inner Unique": true,
                "Hash Cond": "(mi_idx.movie_id = t.id)",
                "Plans": [
                  {
                    "Node Type": "Seq Scan",
                    "Parent Relationship": "Outer",
                    "Parallel Aware": true,
                    "Relation Name": "movie_info_idx",
                    "Alias": "mi_idx",
                    "Startup Cost": 0.0,
                    "Total Cost": 18082.32,
                    "Plan Rows": 544356,
                    "Plan Width": 4,
                    "Actual Startup Time": 0.023,
                    "Actual Total Time": 67.54,
                    "Actual Rows": 460055,
                    "Actual Loops": 2,
                    "Filter": "(info_type_id > 99)",
                    "Rows Removed by Filter": 229962
                  },
                  {
                    "Node Type": "Hash",
                    "Parent Relationship": "Inner",
                    "Parallel Aware": true,
                    "Startup Cost": 53776.51,
                    "Total Cost": 53776.51,
                    "Plan Rows": 243300,
                    "Plan Width": 4,
                    "Actual Startup Time": 131.866,
                    "Actual Total Time": 131.867,
                    "Actual Rows": 151618,
                    "Actual Loops": 2,
                    "Hash Buckets": 524288,
                    "Original Hash Buckets": 524288,
                    "Hash Batches": 1,
                    "Original Hash Batches": 1,
                    "Peak Memory Usage": 16000,
                    "Plans": [
                      {
                        "Node Type": "Bitmap Heap Scan",
                        "Parent Relationship": "Outer",
                        "Parallel Aware": true,
                        "Relation Name": "title",
                        "Alias": "t",
                        "Startup Cost": 11926.25,
                        "Total Cost": 53776.51,
                        "Plan Rows": 243300,
                        "Plan Width": 4,
                        "Actual Startup Time": 27.028,
                        "Actual Total Time": 95.715,
                        "Actual Rows": 151618,
                        "Actual Loops": 2,
                        "Recheck Cond": "(kind_id = 1)",
                        "Rows Removed by Index Recheck": 0,
                        "Filter": "(production_year > 1996)",
                        "Rows Removed by Filter": 179794,
                        "Exact Heap Blocks": 9121,
                        "Lossy Heap Blocks": 0,
                        "Plans": [
                          {
                            "Node Type": "Bitmap Index Scan",
                            "Parent Relationship": "Outer",
                            "Parallel Aware": false,
                            "Index Name": "kind_id_title",
                            "Startup Cost": 0.0,
                            "Total Cost": 11822.85,
                            "Plan Rows": 663256,
                            "Plan Width": 0,
                            "Actual Startup Time": 27.666,
                            "Actual Total Time": 27.667,
                            "Actual Rows": 662825,
                            "Actual Loops": 1,
                            "Index Cond": "(kind_id = 1)"
                          }
                        ]
                      }
                    ]
                  }
                ]
              }
            ]
          }
        ]
      }
    ]
  },
  "Planning Time": 0.297,
  "Triggers": [],
  "Execution Time": 289.181
}