[
  {
    "Plan": {
      "Node Type": "Aggregate",
      "Strategy": "Plain",
      "Partial Mode": "Finalize",
      "Parallel Aware": false,
      "Startup Cost": 54766.07,
      "Total Cost": 54766.08,
      "Plan Rows": 1,
      "Plan Width": 8,
      "Actual Startup Time": 128.26,
      "Actual Total Time": 138.714,
      "Actual Rows": 1,
      "Actual Loops": 1,
      "Plans": [
        {
          "Node Type": "Gather",
          "Parent Relationship": "Outer",
          "Parallel Aware": false,
          "Startup Cost": 54765.86,
          "Total Cost": 54766.07,
          "Plan Rows": 2,
          "Plan Width": 8,
          "Actual Startup Time": 127.866,
          "Actual Total Time": 138.694,
          "Actual Rows": 3,
          "Actual Loops": 1,
          "Workers Planned": 2,
          "Workers Launched": 2,
          "Single Copy": false,
          "Plans": [
            {
              "Node Type": "Aggregate",
              "Strategy": "Plain",
              "Partial Mode": "Partial",
              "Parent Relationship": "Outer",
              "Parallel Aware": false,
              "Startup Cost": 53765.86,
              "Total Cost": 53765.87,
              "Plan Rows": 1,
              "Plan Width": 8,
              "Actual Startup Time": 123.826,
              "Actual Total Time": 123.83,
              "Actual Rows": 1,
              "Actual Loops": 3,
              "Plans": [
                {
                  "Node Type": "Hash Join",
                  "Parent Relationship": "Outer",
                  "Parallel Aware": true,
                  "Join Type": "Inner",
                  "Startup Cost": 38142.06,
                  "Total Cost": 53762.85,
                  "Plan Rows": 1205,
                  "Plan Width": 0,
                  "Actual Startup Time": 78.876,
                  "Actual Total Time": 123.713,
                  "Actual Rows": 1207,
                  "Actual Loops": 3,
                  "Inner Unique": true,
                  "Hash Cond": "(mi_idx.movie_id = t.id)",
                  "Plans": [
                    {
                      "Node Type": "Seq Scan",
                      "Parent Relationship": "Outer",
                      "Parallel Aware": true,
                      "Relation Name": "movie_info_idx",
                      "Alias": "mi_idx",
                      "Startup Cost": 0.0,
                      "Total Cost": 15122.68,
                      "Plan Rows": 189755,
                      "Plan Width": 4,
                      "Actual Startup Time": 0.013,
                      "Actual Total Time": 52.723,
                      "Actual Rows": 153308,
                      "Actual Loops": 3,
                      "Filter": "(info_type_id = 99)",
                      "Rows Removed by Filter": 306703
                    },
                    {
                      "Node Type": "Hash",
                      "Parent Relationship": "Inner",
                      "Parallel Aware": true,
                      "Startup Cost": 38091.88,
                      "Total Cost": 38091.88,
                      "Plan Rows": 4014,
                      "Plan Width": 4,
                      "Actual Startup Time": 50.185,
                      "Actual Total Time": 50.187,
                      "Actual Rows": 5536,
                      "Actual Loops": 3,
                      "Hash Buckets": 16384,
                      "Original Hash Buckets": 16384,
                      "Hash Batches": 1,
                      "Original Hash Batches": 1,
                      "Peak Memory Usage": 800,
                      "Plans": [
                        {
                          "Node Type": "Bitmap Heap Scan",
                          "Parent Relationship": "Outer",
                          "Parallel Aware": true,
                          "Relation Name": "title",
                          "Alias": "t",
                          "Startup Cost": 1730.74,
                          "Total Cost": 38091.88,
                          "Plan Rows": 4014,
                          "Plan Width": 4,
                          "Actual Startup Time": 10.714,
                          "Actual Total Time": 47.466,
                          "Actual Rows": 5536,
                          "Actual Loops": 3,
                          "Recheck Cond": "(kind_id = 3)",
                          "Rows Removed by Index Recheck": 0,
                          "Filter": "(production_year < 1975)",
                          "Rows Removed by Filter": 27976,
                          "Exact Heap Blocks": 4451,
                          "Lossy Heap Blocks": 0,
                          "Plans": [
                            {
                              "Node Type": "Bitmap Index Scan",
                              "Parent Relationship": "Outer",
                              "Parallel Aware": false,
                              "Index Name": "kind_id_title",
                              "Startup Cost": 0.0,
                              "Total Cost": 1726.72,
                              "Plan Rows": 96839,
                              "Plan Width": 0,
                              "Actual Startup Time": 10.794,
                              "Actual Total Time": 10.794,
                              "Actual Rows": 100537,
                              "Actual Loops": 1,
                              "Index Cond": "(kind_id = 3)"
                            }
                          ]
                        }
                      ]
                    }
                  ]
                }
              ]
            }
          ]
        }
      ]
    },
    "Planning Time": 0.318,
    "Triggers": [],
    "Execution Time": 138.768
  }
]