[
  {
    "Plan": {
      "Node Type": "Aggregate",
      "Strategy": "Plain",
      "Partial Mode": "Finalize",
      "Parallel Aware": false,
      "Startup Cost": 30764.38,
      "Total Cost": 30764.39,
      "Plan Rows": 1,
      "Plan Width": 8,
      "Actual Startup Time": 91.271,
      "Actual Total Time": 98.882,
      "Actual Rows": 1,
      "Actual Loops": 1,
      "Plans": [
        {
          "Node Type": "Gather",
          "Parent Relationship": "Outer",
          "Parallel Aware": false,
          "Startup Cost": 30764.06,
          "Total Cost": 30764.37,
          "Plan Rows": 3,
          "Plan Width": 8,
          "Actual Startup Time": 91.119,
          "Actual Total Time": 98.873,
          "Actual Rows": 4,
          "Actual Loops": 1,
          "Workers Planned": 3,
          "Workers Launched": 3,
          "Single Copy": false,
          "Plans": [
            {
              "Node Type": "Aggregate",
              "Strategy": "Plain",
              "Partial Mode": "Partial",
              "Parent Relationship": "Outer",
              "Parallel Aware": false,
              "Startup Cost": 29764.06,
              "Total Cost": 29764.07,
              "Plan Rows": 1,
              "Plan Width": 8,
              "Actual Startup Time": 82.606,
              "Actual Total Time": 82.607,
              "Actual Rows": 1,
              "Actual Loops": 4,
              "Plans": [
                {
                  "Node Type": "Seq Scan",
                  "Parent Relationship": "Outer",
                  "Parallel Aware": true,
                  "Relation Name": "movie_companies",
                  "Alias": "mc",
                  "Startup Cost": 0.0,
                  "Total Cost": 29310.68,
                  "Plan Rows": 181353,
                  "Plan Width": 0,
                  "Actual Startup Time": 0.054,
                  "Actual Total Time": 73.247,
                  "Actual Rows": 139146,
                  "Actual Loops": 4,
                  "Filter": "(company_id < 588)",
                  "Rows Removed by Filter": 513137
                }
              ]
            }
          ]
        }
      ]
    },
    "Planning Time": 0.087,
    "Triggers": [],
    "Execution Time": 98.912
  }
]