[
  {
    "Plan": {
      "Node Type": "Aggregate",
      "Strategy": "Plain",
      "Partial Mode": "Finalize",
      "Parallel Aware": false,
      "Startup Cost": 30159.45,
      "Total Cost": 30159.46,
      "Plan Rows": 1,
      "Plan Width": 8,
      "Actual Startup Time": 73.791,
      "Actual Total Time": 80.728,
      "Actual Rows": 1,
      "Actual Loops": 1,
      "Plans": [
        {
          "Node Type": "Gather",
          "Parent Relationship": "Outer",
          "Parallel Aware": false,
          "Startup Cost": 30159.13,
          "Total Cost": 30159.44,
          "Plan Rows": 3,
          "Plan Width": 8,
          "Actual Startup Time": 73.497,
          "Actual Total Time": 80.72,
          "Actual Rows": 4,
          "Actual Loops": 1,
          "Workers Planned": 3,
          "Workers Launched": 3,
          "Single Copy": false,
          "Plans": [
            {
              "Node Type": "Aggregate",
              "Strategy": "Plain",
              "Partial Mode": "Partial",
              "Parent Relationship": "Outer",
              "Parallel Aware": false,
              "Startup Cost": 29159.13,
              "Total Cost": 29159.14,
              "Plan Rows": 1,
              "Plan Width": 8,
              "Actual Startup Time": 68.138,
              "Actual Total Time": 68.14,
              "Actual Rows": 1,
              "Actual Loops": 4,
              "Plans": [
                {
                  "Node Type": "Bitmap Heap Scan",
                  "Parent Relationship": "Outer",
                  "Parallel Aware": true,
                  "Relation Name": "movie_keyword",
                  "Alias": "mk",
                  "Startup Cost": 3831.58,
                  "Total Cost": 29013.54,
                  "Plan Rows": 58237,
                  "Plan Width": 0,
                  "Actual Startup Time": 18.706,
                  "Actual Total Time": 65.257,
                  "Actual Rows": 46751,
                  "Actual Loops": 4,
                  "Recheck Cond": "(keyword_id > 71440)",
                  "Rows Removed by Index Recheck": 0,
                  "Exact Heap Blocks": 10297,
                  "Lossy Heap Blocks": 0,
                  "Plans": [
                    {
                      "Node Type": "Bitmap Index Scan",
                      "Parent Relationship": "Outer",
                      "Parallel Aware": false,
                      "Index Name": "keyword_id_movie_keyword",
                      "Startup Cost": 0.0,
                      "Total Cost": 3786.44,
                      "Plan Rows": 180535,
                      "Plan Width": 0,
                      "Actual Startup Time": 19.543,
                      "Actual Total Time": 19.544,
                      "Actual Rows": 187003,
                      "Actual Loops": 1,
                      "Index Cond": "(keyword_id > 71440)"
                    }
                  ]
                }
              ]
            }
          ]
        }
      ]
    },
    "Planning Time": 0.183,
    "Triggers": [],
    "Execution Time": 80.811
  }
]