[
  {
    "Plan": {
      "Node Type": "Aggregate",
      "Strategy": "Plain",
      "Partial Mode": "Finalize",
      "Parallel Aware": false,
      "Startup Cost": 83261.68,
      "Total Cost": 83261.69,
      "Plan Rows": 1,
      "Plan Width": 8,
      "Actual Startup Time": 258.989,
      "Actual Total Time": 273.534,
      "Actual Rows": 1,
      "Actual Loops": 1,
      "Plans": [
        {
          "Node Type": "Gather",
          "Parent Relationship": "Outer",
          "Parallel Aware": false,
          "Startup Cost": 83261.26,
          "Total Cost": 83261.67,
          "Plan Rows": 4,
          "Plan Width": 8,
          "Actual Startup Time": 258.075,
          "Actual Total Time": 273.526,
          "Actual Rows": 5,
          "Actual Loops": 1,
          "Workers Planned": 4,
          "Workers Launched": 4,
          "Single Copy": false,
          "Plans": [
            {
              "Node Type": "Aggregate",
              "Strategy": "Plain",
              "Partial Mode": "Partial",
              "Parent Relationship": "Outer",
              "Parallel Aware": false,
              "Startup Cost": 82261.26,
              "Total Cost": 82261.27,
              "Plan Rows": 1,
              "Plan Width": 8,
              "Actual Startup Time": 247.615,
              "Actual Total Time": 247.619,
              "Actual Rows": 1,
              "Actual Loops": 5,
              "Plans": [
                {
                  "Node Type": "Nested Loop",
                  "Parent Relationship": "Outer",
                  "Parallel Aware": false,
                  "Join Type": "Inner",
                  "Startup Cost": 22053.84,
                  "Total Cost": 82223.83,
                  "Plan Rows": 14971,
                  "Plan Width": 0,
                  "Actual Startup Time": 143.998,
                  "Actual Total Time": 246.131,
                  "Actual Rows": 30238,
                  "Actual Loops": 5,
                  "Inner Unique": false,
                  "Plans": [
                    {
                      "Node Type": "Hash Join",
                      "Parent Relationship": "Outer",
                      "Parallel Aware": true,
                      "Join Type": "Inner",
                      "Startup Cost": 22053.41,
                      "Total Cost": 67620.98,
                      "Plan Rows": 27427,
                      "Plan Width": 8,
                      "Actual Startup Time": 140.223,
                      "Actual Total Time": 185.46,
                      "Actual Rows": 20861,
                      "Actual Loops": 5,
                      "Inner Unique": false,
                      "Hash Cond": "(t.id = mc.movie_id)",
                      "Plans": [
                        {
                          "Node Type": "Seq Scan",
                          "Parent Relationship": "Outer",
                          "Parallel Aware": true,
                          "Relation Name": "title",
                          "Alias": "t",
                          "Startup Cost": 0.0,
                          "Total Cost": 42318.73,
                          "Plan Rows": 632073,
                          "Plan Width": 4,
                          "Actual Startup Time": 0.02,
                          "Actual Total Time": 68.144,
                          "Actual Rows": 505662,
                          "Actual Loops": 5
                        },
                        {
                          "Node Type": "Hash",
                          "Parent Relationship": "Inner",
                          "Parallel Aware": true,
                          "Startup Cost": 21611.04,
                          "Total Cost": 21611.04,
                          "Plan Rows": 35390,
                          "Plan Width": 4,
                          "Actual Startup Time": 43.101,
                          "Actual Total Time": 43.102,
                          "Actual Rows": 20861,
                          "Actual Loops": 5,
                          "Hash Buckets": 131072,
                          "Original Hash Buckets": 131072,
                          "Hash Batches": 1,
                          "Original Hash Batches": 1,
                          "Peak Memory Usage": 5184,
                          "Plans": [
                            {
                              "Node Type": "Bitmap Heap Scan",
                              "Parent Relationship": "Outer",
                              "Parallel Aware": true,
                              "Relation Name": "movie_companies",
                              "Alias": "mc",
                              "Startup Cost": 2378.67,
                              "Total Cost": 21611.04,
                              "Plan Rows": 35390,
                              "Plan Width": 4,
                              "Actual Startup Time": 10.684,
                              "Actual Total Time": 30.595,
                              "Actual Rows": 20861,
                              "Actual Loops": 5,
                              "Recheck Cond": "(company_id > 155030)",
                              "Rows Removed by Index Recheck": 0,
                              "Exact Heap Blocks": 1371,
                              "Lossy Heap Blocks": 0,
                              "Plans": [
                                {
                                  "Node Type": "Bitmap Index Scan",
                                  "Parent Relationship": "Outer",
                                  "Parallel Aware": false,
                                  "Index Name": "company_id_movie_companies",
                                  "Startup Cost": 0.0,
                                  "Total Cost": 2351.24,
                                  "Plan Rows": 109708,
                                  "Plan Width": 0,
                                  "Actual Startup Time": 14.653,
                                  "Actual Total Time": 14.654,
                                  "Actual Rows": 104307,
                                  "Actual Loops": 1,
                                  "Index Cond": "(company_id > 155030)"
                                }
                              ]
                            }
                          ]
                        }
                      ]
                    },
                    {
                      "Node Type": "Index Only Scan",
                      "Parent Relationship": "Inner",
                      "Parallel Aware": false,
                      "Scan Direction": "Forward",
                      "Index Name": "movie_id_movie_info_idx",
                      "Relation Name": "movie_info_idx",
                      "Alias": "mi_idx",
                      "Startup Cost": 0.43,
                      "Total Cost": 0.5,
                      "Plan Rows": 3,
                      "Plan Width": 4,
                      "Actual Startup Time": 0.002,
                      "Actual Total Time": 0.003,
                      "Actual Rows": 1,
                      "Actual Loops": 104307,
                      "Index Cond": "(movie_id = t.id)",
                      "Rows Removed by Index Recheck": 0,
                      "Heap Fetches": 151188
                    }
                  ]
                }
              ]
            }
          ]
        }
      ]
    },
    "Planning Time": 1.519,
    "Triggers": [],
    "Execution Time": 273.645
  }
]