[
  {
    "Plan": {
      "Node Type": "Aggregate",
      "Strategy": "Plain",
      "Partial Mode": "Simple",
      "Parallel Aware": false,
      "Startup Cost": 1426.47,
      "Total Cost": 1426.48,
      "Plan Rows": 1,
      "Plan Width": 8,
      "Actual Startup Time": 0.641,
      "Actual Total Time": 0.641,
      "Actual Rows": 1,
      "Actual Loops": 1,
      "Plans": [
        {
          "Node Type": "Nested Loop",
          "Parent Relationship": "Outer",
          "Parallel Aware": false,
          "Join Type": "Inner",
          "Startup Cost": 0.99,
          "Total Cost": 1426.34,
          "Plan Rows": 52,
          "Plan Width": 0,
          "Actual Startup Time": 0.08,
          "Actual Total Time": 0.633,
          "Actual Rows": 159,
          "Actual Loops": 1,
          "Inner Unique": true,
          "Plans": [
            {
              "Node Type": "Index Scan",
              "Parent Relationship": "Outer",
              "Parallel Aware": false,
              "Scan Direction": "Forward",
              "Index Name": "person_id_cast_info",
              "Relation Name": "cast_info",
              "Alias": "ci",
              "Startup Cost": 0.56,
              "Total Cost": 987.07,
              "Plan Rows": 52,
              "Plan Width": 4,
              "Actual Startup Time": 0.066,
              "Actual Total Time": 0.096,
              "Actual Rows": 159,
              "Actual Loops": 1,
              "Index Cond": "(person_id = 178277)",
              "Rows Removed by Index Recheck": 0,
              "Filter": "(role_id = 3)",
              "Rows Removed by Filter": 8
            },
            {
              "Node Type": "Index Only Scan",
              "Parent Relationship": "Inner",
              "Parallel Aware": false,
              "Scan Direction": "Forward",
              "Index Name": "title_pkey",
              "Relation Name": "title",
              "Alias": "t",
              "Startup Cost": 0.43,
              "Total Cost": 8.45,
              "Plan Rows": 1,
              "Plan Width": 4,
              "Actual Startup Time": 0.003,
              "Actual Total Time": 0.003,
              "Actual Rows": 1,
              "Actual Loops": 159,
              "Index Cond": "(id = ci.movie_id)",
              "Rows Removed by Index Recheck": 0,
              "Heap Fetches": 159
            }
          ]
        }
      ]
    },
    "Planning Time": 0.222,
    "Triggers": [],
    "Execution Time": 0.661
  }
]