[
  {
    "Plan": {
      "Node Type": "Aggregate",
      "Strategy": "Plain",
      "Partial Mode": "Finalize",
      "Parallel Aware": false,
      "Startup Cost": 336734.43,
      "Total Cost": 336734.44,
      "Plan Rows": 1,
      "Plan Width": 8,
      "Actual Startup Time": 791.357,
      "Actual Total Time": 838.658,
      "Actual Rows": 1,
      "Actual Loops": 1,
      "Plans": [
        {
          "Node Type": "Gather",
          "Parent Relationship": "Outer",
          "Parallel Aware": false,
          "Startup Cost": 336733.81,
          "Total Cost": 336734.42,
          "Plan Rows": 6,
          "Plan Width": 8,
          "Actual Startup Time": 791.158,
          "Actual Total Time": 838.646,
          "Actual Rows": 7,
          "Actual Loops": 1,
          "Workers Planned": 6,
          "Workers Launched": 6,
          "Single Copy": false,
          "Plans": [
            {
              "Node Type": "Aggregate",
              "Strategy": "Plain",
              "Partial Mode": "Partial",
              "Parent Relationship": "Outer",
              "Parallel Aware": false,
              "Startup Cost": 335733.81,
              "Total Cost": 335733.82,
              "Plan Rows": 1,
              "Plan Width": 8,
              "Actual Startup Time": 784.617,
              "Actual Total Time": 784.619,
              "Actual Rows": 1,
              "Actual Loops": 7,
              "Plans": [
                {
                  "Node Type": "Seq Scan",
                  "Parent Relationship": "Outer",
                  "Parallel Aware": true,
                  "Relation Name": "cast_info",
                  "Alias": "ci",
                  "Startup Cost": 0.0,
                  "Total Cost": 328211.39,
                  "Plan Rows": 3008967,
                  "Plan Width": 0,
                  "Actual Startup Time": 0.04,
                  "Actual Total Time": 641.71,
                  "Actual Rows": 2604648,
                  "Actual Loops": 7,
                  "Filter": "(person_id < 1811015)",
                  "Rows Removed by Filter": 2573115
                }
              ]
            }
          ]
        }
      ]
    },
    "Planning Time": 0.137,
    "Triggers": [],
    "Execution Time": 838.714
  }
]