[
  {
    "Plan": {
      "Node Type": "Aggregate",
      "Strategy": "Plain",
      "Partial Mode": "Finalize",
      "Parallel Aware": false,
      "Startup Cost": 336756.3,
      "Total Cost": 336756.31,
      "Plan Rows": 1,
      "Plan Width": 8,
      "Actual Startup Time": 706.106,
      "Actual Total Time": 771.8,
      "Actual Rows": 1,
      "Actual Loops": 1,
      "Plans": [
        {
          "Node Type": "Gather",
          "Parent Relationship": "Outer",
          "Parallel Aware": false,
          "Startup Cost": 336755.67,
          "Total Cost": 336756.28,
          "Plan Rows": 6,
          "Plan Width": 8,
          "Actual Startup Time": 705.847,
          "Actual Total Time": 771.79,
          "Actual Rows": 7,
          "Actual Loops": 1,
          "Workers Planned": 6,
          "Workers Launched": 6,
          "Single Copy": false,
          "Plans": [
            {
              "Node Type": "Aggregate",
              "Strategy": "Plain",
              "Partial Mode": "Partial",
              "Parent Relationship": "Outer",
              "Parallel Aware": false,
              "Startup Cost": 335755.67,
              "Total Cost": 335755.68,
              "Plan Rows": 1,
              "Plan Width": 8,
              "Actual Startup Time": 696.828,
              "Actual Total Time": 696.829,
              "Actual Rows": 1,
              "Actual Loops": 7,
              "Plans": [
                {
                  "Node Type": "Seq Scan",
                  "Parent Relationship": "Outer",
                  "Parallel Aware": true,
                  "Relation Name": "cast_info",
                  "Alias": "ci",
                  "Startup Cost": 0.0,
                  "Total Cost": 328162.03,
                  "Plan Rows": 3037459,
                  "Plan Width": 0,
                  "Actual Startup Time": 0.06,
                  "Actual Total Time": 583.314,
                  "Actual Rows": 2604648,
                  "Actual Loops": 7,
                  "Filter": "(person_id < 1811015)",
                  "Rows Removed by Filter": 2573115
                }
              ]
            }
          ]
        }
      ]
    },
    "Planning Time": 0.169,
    "Triggers": [],
    "Execution Time": 771.865
  }
]