[
    {
        "Bao": {
            "Bao prediction": "NaN",
            "Bao recommended hint": "(no hint)"
        }
    },
    {
        "Plan": {
            "Node Type": "Aggregate",
            "Strategy": "Plain",
            "Partial Mode": "Finalize",
            "Parallel Aware": false,
            "Startup Cost": 334209.2,
            "Total Cost": 334209.21,
            "Plan Rows": 1,
            "Plan Width": 8,
            "Actual Startup Time": 632.09,
            "Actual Total Time": 668.589,
            "Actual Rows": 1,
            "Actual Loops": 1,
            "Output": [
                "count(*)"
            ],
            "Plans": [
                {
                    "Node Type": "Gather",
                    "Parent Relationship": "Outer",
                    "Parallel Aware": false,
                    "Startup Cost": 334208.57,
                    "Total Cost": 334209.18,
                    "Plan Rows": 6,
                    "Plan Width": 8,
                    "Actual Startup Time": 631.942,
                    "Actual Total Time": 668.58,
                    "Actual Rows": 7,
                    "Actual Loops": 1,
                    "Output": [
                        "(PARTIAL count(*))"
                    ],
                    "Workers Planned": 6,
                    "Workers Launched": 6,
                    "Single Copy": false,
                    "Plans": [
                        {
                            "Node Type": "Aggregate",
                            "Strategy": "Plain",
                            "Partial Mode": "Partial",
                            "Parent Relationship": "Outer",
                            "Parallel Aware": false,
                            "Startup Cost": 333208.57,
                            "Total Cost": 333208.58,
                            "Plan Rows": 1,
                            "Plan Width": 8,
                            "Actual Startup Time": 622.325,
                            "Actual Total Time": 622.326,
                            "Actual Rows": 1,
                            "Actual Loops": 7,
                            "Output": [
                                "PARTIAL count(*)"
                            ],
                            "Workers": [
                                {
                                    "Worker Number": 0,
                                    "Actual Startup Time": 619.704,
                                    "Actual Total Time": 619.705,
                                    "Actual Rows": 1,
                                    "Actual Loops": 1
                                },
                                {
                                    "Worker Number": 1,
                                    "Actual Startup Time": 620.196,
                                    "Actual Total Time": 620.197,
                                    "Actual Rows": 1,
                                    "Actual Loops": 1
                                },
                                {
                                    "Worker Number": 2,
                                    "Actual Startup Time": 620.813,
                                    "Actual Total Time": 620.814,
                                    "Actual Rows": 1,
                                    "Actual Loops": 1
                                },
                                {
                                    "Worker Number": 3,
                                    "Actual Startup Time": 621.186,
                                    "Actual Total Time": 621.186,
                                    "Actual Rows": 1,
                                    "Actual Loops": 1
                                },
                                {
                                    "Worker Number": 4,
                                    "Actual Startup Time": 621.351,
                                    "Actual Total Time": 621.352,
                                    "Actual Rows": 1,
                                    "Actual Loops": 1
                                },
                                {
                                    "Worker Number": 5,
                                    "Actual Startup Time": 621.623,
                                    "Actual Total Time": 621.624,
                                    "Actual Rows": 1,
                                    "Actual Loops": 1
                                }
                            ],
                            "Plans": [
                                {
                                    "Node Type": "Seq Scan",
                                    "Parent Relationship": "Outer",
                                    "Parallel Aware": true,
                                    "Relation Name": "cast_info",
                                    "Schema": "public",
                                    "Alias": "ci",
                                    "Startup Cost": 0.0,
                                    "Total Cost": 328213.62,
                                    "Plan Rows": 1997983,
                                    "Plan Width": 0,
                                    "Actual Startup Time": 251.682,
                                    "Actual Total Time": 537.96,
                                    "Actual Rows": 1732312,
                                    "Actual Loops": 7,
                                    "Output": [
                                        "id",
                                        "person_id",
                                        "movie_id",
                                        "person_role_id",
                                        "note",
                                        "nr_order",
                                        "role_id"
                                    ],
                                    "Filter": "(ci.person_id > 2473748)",
                                    "Rows Removed by Filter": 3445452,
                                    "Workers": [
                                        {
                                            "Worker Number": 0,
                                            "Actual Startup Time": 249.053,
                                            "Actual Total Time": 536.295,
                                            "Actual Rows": 1251285,
                                            "Actual Loops": 1
                                        },
                                        {
                                            "Worker Number": 1,
                                            "Actual Startup Time": 249.534,
                                            "Actual Total Time": 539.688,
                                            "Actual Rows": 1215731,
                                            "Actual Loops": 1
                                        },
                                        {
                                            "Worker Number": 2,
                                            "Actual Startup Time": 250.178,
                                            "Actual Total Time": 537.271,
                                            "Actual Rows": 1263077,
                                            "Actual Loops": 1
                                        },
                                        {
                                            "Worker Number": 3,
                                            "Actual Startup Time": 250.546,
                                            "Actual Total Time": 538.551,
                                            "Actual Rows": 2011086,
                                            "Actual Loops": 1
                                        },
                                        {
                                            "Worker Number": 4,
                                            "Actual Startup Time": 250.705,
                                            "Actual Total Time": 539.095,
                                            "Actual Rows": 2001016,
                                            "Actual Loops": 1
                                        },
                                        {
                                            "Worker Number": 5,
                                            "Actual Startup Time": 250.992,
                                            "Actual Total Time": 539.188,
                                            "Actual Rows": 2004793,
                                            "Actual Loops": 1
                                        }
                                    ]
                                }
                            ]
                        }
                    ]
                }
            ]
        },
        "Planning Time": 228.85,
        "Triggers": [],
        "Execution Time": 668.667
    }
]