{
  "Plan": {
    "Node Type": "Aggregate",
    "Strategy": "Plain",
    "Partial Mode": "Simple",
    "Parallel Aware": false,
    "Startup Cost": 162814.86,
    "Total Cost": 162814.87,
    "Plan Rows": 1,
    "Plan Width": 32,
    "Actual Startup Time": 1050.712,
    "Actual Total Time": 1076.219,
    "Actual Rows": 1,
    "Actual Loops": 1,
    "Plans": [
      {
        "Node Type": "Gather",
        "Parent Relationship": "Outer",
        "Parallel Aware": false,
        "Startup Cost": 122921.33,
        "Total Cost": 162814.86,
        "Plan Rows": 1,
        "Plan Width": 17,
        "Actual Startup Time": 780.138,
        "Actual Total Time": 1075.605,
        "Actual Rows": 7834,
        "Actual Loops": 1,
        "Workers Planned": 1,
        "Workers Launched": 1,
        "Single Copy": false,
        "Plans": [
          {
            "Node Type": "Hash Join",
            "Parent Relationship": "Outer",
            "Parallel Aware": true,
            "Join Type": "Inner",
            "Startup Cost": 121921.33,
            "Total Cost": 161814.76,
            "Plan Rows": 1,
            "Plan Width": 17,
            "Actual Startup Time": 773.741,
            "Actual Total Time": 1042.294,
            "Actual Rows": 3917,
            "Actual Loops": 2,
            "Inner Unique": true,
            "Hash Cond": "(mc.company_id = cn.id)",
            "Plans": [
              {
                "Node Type": "Hash Join",
                "Parent Relationship": "Outer",
                "Parallel Aware": true,
                "Join Type": "Inner",
                "Startup Cost": 117126.99,
                "Total Cost": 157020.36,
                "Plan Rows": 21,
                "Plan Width": 21,
                "Actual Startup Time": 739.31,
                "Actual Total Time": 999.346,
                "Actual Rows": 74276,
                "Actual Loops": 2,
                "Inner Unique": false,
                "Hash Cond": "(mc.movie_id = t.id)",
                "Plans": [
                  {
                    "Node Type": "Seq Scan",
                    "Parent Relationship": "Outer",
                    "Parallel Aware": true,
                    "Relation Name": "movie_companies",
                    "Alias": "mc",
                    "Startup Cost": 0.0,
                    "Total Cost": 34137.82,
                    "Plan Rows": 1534782,
                    "Plan Width": 8,
                    "Actual Startup Time": 0.016,
                    "Actual Total Time": 108.553,
                    "Actual Rows": 1304564,
                    "Actual Loops": 2
                  },
                  {
                    "Node Type": "Hash",
                    "Parent Relationship": "Inner",
                    "Parallel Aware": true,
                    "Startup Cost": 117126.74,
                    "Total Cost": 117126.74,
                    "Plan Rows": 20,
                    "Plan Width": 25,
                    "Actual Startup Time": 739.134,
                    "Actual Total Time": 739.235,
                    "Actual Rows": 20920,
                    "Actual Loops": 2,
                    "Hash Buckets": 65536,
                    "Original Hash Buckets": 1024,
                    "Hash Batches": 1,
                    "Original Hash Batches": 1,
                    "Peak Memory Usage": 3800,
                    "Plans": [
                      {
                        "Node Type": "Hash Join",
                        "Parent Relationship": "Outer",
                        "Parallel Aware": true,
                        "Join Type": "Inner",
                        "Startup Cost": 60677.44,
                        "Total Cost": 117126.74,
                        "Plan Rows": 20,
                        "Plan Width": 25,
                        "Actual Startup Time": 415.705,
                        "Actual Total Time": 713.32,
                        "Actual Rows": 20920,
                        "Actual Loops": 2,
                        "Inner Unique": false,
                        "Hash Cond": "(t.id = mk.movie_id)",
                        "Plans": [
                          {
                            "Node Type": "Seq Scan",
                            "Parent Relationship": "Outer",
                            "Parallel Aware": true,
                            "Relation Name": "title",
                            "Alias": "t",
                            "Startup Cost": 0.0,
                            "Total Cost": 50871.58,
                            "Plan Rows": 1487358,
                            "Plan Width": 21,
                            "Actual Startup Time": 0.007,
                            "Actual Total Time": 134.007,
                            "Actual Rows": 1264156,
                            "Actual Loops": 2
                          },
                          {
                            "Node Type": "Hash",
                            "Parent Relationship": "Inner",
                            "Parallel Aware": true,
                            "Startup Cost": 60677.19,
                            "Total Cost": 60677.19,
                            "Plan Rows": 20,
                            "Plan Width": 4,
                            "Actual Startup Time": 415.574,
                            "Actual Total Time": 415.577,
                            "Actual Rows": 20920,
                            "Actual Loops": 2,
                            "Hash Buckets": 65536,
                            "Original Hash Buckets": 1024,
                            "Hash Batches": 1,
                            "Original Hash Batches": 1,
                            "Peak Memory Usage": 2680,
                            "Plans": [
                              {
                                "Node Type": "Hash Join",
                                "Parent Relationship": "Outer",
                                "Parallel Aware": false,
                                "Join Type": "Inner",
                                "Startup Cost": 2626.14,
                                "Total Cost": 60677.19,
                                "Plan Rows": 20,
                                "Plan Width": 4,
                                "Actual Startup Time": 12.846,
                                "Actual Total Time": 390.653,
                                "Actual Rows": 20920,
                                "Actual Loops": 2,
                                "Inner Unique": true,
                                "Hash Cond": "(mk.keyword_id = k.id)",
                                "Plans": [
                                  {
                                    "Node Type": "Seq Scan",
                                    "Parent Relationship": "Outer",
                                    "Parallel Aware": true,
                                    "Relation Name": "movie_keyword",
                                    "Alias": "mk",
                                    "Startup Cost": 0.0,
                                    "Total Cost": 51065.35,
                                    "Plan Rows": 2661135,
                                    "Plan Width": 8,
                                    "Actual Startup Time": 0.014,
                                    "Actual Total Time": 192.41,
                                    "Actual Rows": 2261965,
                                    "Actual Loops": 2
                                  },
                                  {
                                    "Node Type": "Hash",
                                    "Parent Relationship": "Inner",
                                    "Parallel Aware": false,
                                    "Startup Cost": 2626.12,
                                    "Total Cost": 2626.12,
                                    "Plan Rows": 1,
                                    "Plan Width": 4,
                                    "Actual Startup Time": 12.76,
                                    "Actual Total Time": 12.761,
                                    "Actual Rows": 1,
                                    "Actual Loops": 2,
                                    "Hash Buckets": 1024,
                                    "Original Hash Buckets": 1024,
                                    "Hash Batches": 1,
                                    "Original Hash Batches": 1,
                                    "Peak Memory Usage": 9,
                                    "Plans": [
                                      {
                                        "Node Type": "Seq Scan",
                                        "Parent Relationship": "Outer",
                                        "Parallel Aware": false,
                                        "Relation Name": "keyword",
                                        "Alias": "k",
                                        "Startup Cost": 0.0,
                                        "Total Cost": 2626.12,
                                        "Plan Rows": 1,
                                        "Plan Width": 4,
                                        "Actual Startup Time": 0.589,
                                        "Actual Total Time": 12.752,
                                        "Actual Rows": 1,
                                        "Actual Loops": 2,
                                        "Filter": "(keyword = 'character-name-in-title'::text)",
                                        "Rows Removed by Filter": 134169
                                      }
                                    ]
                                  }
                                ]
                              }
                            ]
                          }
                        ]
                      }
                    ]
                  }
                ]
              },
              {
                "Node Type": "Hash",
                "Parent Relationship": "Inner",
                "Parallel Aware": true,
                "Startup Cost": 4722.92,
                "Total Cost": 4722.92,
                "Plan Rows": 5714,
                "Plan Width": 4,
                "Actual Startup Time": 32.642,
                "Actual Total Time": 32.643,
                "Actual Rows": 4888,
                "Actual Loops": 2,
                "Hash Buckets": 16384,
                "Original Hash Buckets": 16384,
                "Hash Batches": 1,
                "Original Hash Batches": 1,
                "Peak Memory Usage": 544,
                "Plans": [
                  {
                    "Node Type": "Seq Scan",
                    "Parent Relationship": "Outer",
                    "Parallel Aware": true,
                    "Relation Name": "company_name",
                    "Alias": "cn",
                    "Startup Cost": 0.0,
                    "Total Cost": 4722.92,
                    "Plan Rows": 5714,
                    "Plan Width": 4,
                    "Actual Startup Time": 0.051,
                    "Actual Total Time": 30.185,
                    "Actual Rows": 4888,
                    "Actual Loops": 2,
                    "Filter": "((country_code)::text = '[de]'::text)",
                    "Rows Removed by Filter": 112611
                  }
                ]
              }
            ]
          }
        ]
      }
    ]
  },
  "Planning Time": 1.006,
  "Triggers": [],
  "Execution Time": 1076.323
}