[
  {
    "Plan": {
      "Node Type": "Aggregate",
      "Strategy": "Plain",
      "Partial Mode": "Finalize",
      "Parallel Aware": false,
      "Startup Cost": 45615.73,
      "Total Cost": 45615.74,
      "Plan Rows": 1,
      "Plan Width": 8,
      "Actual Startup Time": 149.854,
      "Actual Total Time": 160.094,
      "Actual Rows": 1,
      "Actual Loops": 1,
      "Plans": [
        {
          "Node Type": "Gather",
          "Parent Relationship": "Outer",
          "Parallel Aware": false,
          "Startup Cost": 45615.41,
          "Total Cost": 45615.72,
          "Plan Rows": 3,
          "Plan Width": 8,
          "Actual Startup Time": 149.725,
          "Actual Total Time": 160.086,
          "Actual Rows": 4,
          "Actual Loops": 1,
          "Workers Planned": 3,
          "Workers Launched": 3,
          "Single Copy": false,
          "Plans": [
            {
              "Node Type": "Aggregate",
              "Strategy": "Plain",
              "Partial Mode": "Partial",
              "Parent Relationship": "Outer",
              "Parallel Aware": false,
              "Startup Cost": 44615.41,
              "Total Cost": 44615.42,
              "Plan Rows": 1,
              "Plan Width": 8,
              "Actual Startup Time": 142.541,
              "Actual Total Time": 142.542,
              "Actual Rows": 1,
              "Actual Loops": 4,
              "Plans": [
                {
                  "Node Type": "Seq Scan",
                  "Parent Relationship": "Outer",
                  "Parallel Aware": true,
                  "Relation Name": "movie_keyword",
                  "Alias": "mk",
                  "Startup Cost": 0.0,
                  "Total Cost": 42695.65,
                  "Plan Rows": 767904,
                  "Plan Width": 0,
                  "Actual Startup Time": 0.595,
                  "Actual Total Time": 114.882,
                  "Actual Rows": 594850,
                  "Actual Loops": 4,
                  "Filter": "(keyword_id > 4023)",
                  "Rows Removed by Filter": 536132
                }
              ]
            }
          ]
        }
      ]
    },
    "Planning Time": 0.18,
    "Triggers": [],
    "Execution Time": 160.141
  }
]