{
  "Plan": {
    "Node Type": "Aggregate",
    "Strategy": "Plain",
    "Partial Mode": "Finalize",
    "Parallel Aware": false,
    "Startup Cost": 113784.0,
    "Total Cost": 113784.01,
    "Plan Rows": 1,
    "Plan Width": 8,
    "Actual Startup Time": 667.34,
    "Actual Total Time": 683.096,
    "Actual Rows": 1,
    "Actual Loops": 1,
    "Plans": [
      {
        "Node Type": "Gather",
        "Parent Relationship": "Outer",
        "Parallel Aware": false,
        "Startup Cost": 113783.89,
        "Total Cost": 113784.0,
        "Plan Rows": 1,
        "Plan Width": 8,
        "Actual Startup Time": 665.802,
        "Actual Total Time": 683.088,
        "Actual Rows": 2,
        "Actual Loops": 1,
        "Workers Planned": 1,
        "Workers Launched": 1,
        "Single Copy": false,
        "Plans": [
          {
            "Node Type": "Aggregate",
            "Strategy": "Plain",
            "Partial Mode": "Partial",
            "Parent Relationship": "Outer",
            "Parallel Aware": false,
            "Startup Cost": 112783.89,
            "Total Cost": 112783.9,
            "Plan Rows": 1,
            "Plan Width": 8,
            "Actual Startup Time": 659.629,
            "Actual Total Time": 659.633,
            "Actual Rows": 1,
            "Actual Loops": 2,
            "Plans": [
              {
                "Node Type": "Hash Join",
                "Parent Relationship": "Outer",
                "Parallel Aware": true,
                "Join Type": "Inner",
                "Startup Cost": 48185.22,
                "Total Cost": 111461.71,
                "Plan Rows": 528869,
                "Plan Width": 0,
                "Actual Startup Time": 215.935,
                "Actual Total Time": 645.085,
                "Actual Rows": 365940,
                "Actual Loops": 2,
                "Inner Unique": false,
                "Hash Cond": "(t.id = mc.movie_id)",
                "Plans": [
                  {
                    "Node Type": "Seq Scan",
                    "Parent Relationship": "Outer",
                    "Parallel Aware": true,
                    "Relation Name": "title",
                    "Alias": "t",
                    "Startup Cost": 0.0,
                    "Total Cost": 50870.31,
                    "Plan Rows": 1487231,
                    "Plan Width": 4,
                    "Actual Startup Time": 0.019,
                    "Actual Total Time": 125.156,
                    "Actual Rows": 1264156,
                    "Actual Loops": 2
                  },
                  {
                    "Node Type": "Hash",
                    "Parent Relationship": "Inner",
                    "Parallel Aware": true,
                    "Startup Cost": 41574.35,
                    "Total Cost": 41574.35,
                    "Plan Rows": 528869,
                    "Plan Width": 4,
                    "Actual Startup Time": 206.556,
                    "Actual Total Time": 206.557,
                    "Actual Rows": 365940,
                    "Actual Loops": 2,
                    "Hash Buckets": 1048576,
                    "Original Hash Buckets": 1048576,
                    "Hash Batches": 1,
                    "Original Hash Batches": 1,
                    "Peak Memory Usage": 36832,
                    "Plans": [
                      {
                        "Node Type": "Index Scan",
                        "Parent Relationship": "Outer",
                        "Parallel Aware": true,
                        "Scan Direction": "Forward",
                        "Index Name": "company_type_id_movie_companies",
                        "Relation Name": "movie_companies",
                        "Alias": "mc",
                        "Startup Cost": 0.43,
                        "Total Cost": 41574.35,
                        "Plan Rows": 528869,
                        "Plan Width": 4,
                        "Actual Startup Time": 3.967,
                        "Actual Total Time": 127.271,
                        "Actual Rows": 365940,
                        "Actual Loops": 2,
                        "Index Cond": "(company_type_id = 1)",
                        "Rows Removed by Index Recheck": 0,
                        "Filter": "(company_id > 1649)",
                        "Rows Removed by Filter": 271184
                      }
                    ]
                  }
                ]
              }
            ]
          }
        ]
      }
    ]
  },
  "Planning Time": 0.644,
  "Triggers": [],
  "Execution Time": 683.17
}