{
  "Plan": {
    "Node Type": "Aggregate",
    "Strategy": "Plain",
    "Partial Mode": "Finalize",
    "Parallel Aware": false,
    "Startup Cost": 768305.3,
    "Total Cost": 768305.31,
    "Plan Rows": 1,
    "Plan Width": 8,
    "Actual Startup Time": 6607.744,
    "Actual Total Time": 6659.263,
    "Actual Rows": 1,
    "Actual Loops": 1,
    "Plans": [
      {
        "Node Type": "Gather",
        "Parent Relationship": "Outer",
        "Parallel Aware": false,
        "Startup Cost": 768305.18,
        "Total Cost": 768305.29,
        "Plan Rows": 1,
        "Plan Width": 8,
        "Actual Startup Time": 6602.097,
        "Actual Total Time": 6659.241,
        "Actual Rows": 2,
        "Actual Loops": 1,
        "Workers Planned": 1,
        "Workers Launched": 1,
        "Single Copy": false,
        "Plans": [
          {
            "Node Type": "Aggregate",
            "Strategy": "Plain",
            "Partial Mode": "Partial",
            "Parent Relationship": "Outer",
            "Parallel Aware": false,
            "Startup Cost": 767305.18,
            "Total Cost": 767305.19,
            "Plan Rows": 1,
            "Plan Width": 8,
            "Actual Startup Time": 6589.965,
            "Actual Total Time": 6590.502,
            "Actual Rows": 1,
            "Actual Loops": 2,
            "Plans": [
              {
                "Node Type": "Hash Join",
                "Parent Relationship": "Outer",
                "Parallel Aware": true,
                "Join Type": "Inner",
                "Startup Cost": 674446.16,
                "Total Cost": 760792.94,
                "Plan Rows": 2604896,
                "Plan Width": 0,
                "Actual Startup Time": 4315.645,
                "Actual Total Time": 5888.435,
                "Actual Rows": 17060360,
                "Actual Loops": 2,
                "Inner Unique": false,
                "Hash Cond": "(mk.movie_id = t.id)",
                "Plans": [
                  {
                    "Node Type": "Seq Scan",
                    "Parent Relationship": "Outer",
                    "Parallel Aware": true,
                    "Relation Name": "movie_keyword",
                    "Alias": "mk",
                    "Startup Cost": 0.0,
                    "Total Cost": 51065.35,
                    "Plan Rows": 2661135,
                    "Plan Width": 4,
                    "Actual Startup Time": 0.011,
                    "Actual Total Time": 153.488,
                    "Actual Rows": 2261965,
                    "Actual Loops": 2
                  },
                  {
                    "Node Type": "Hash",
                    "Parent Relationship": "Inner",
                    "Parallel Aware": true,
                    "Startup Cost": 656248.64,
                    "Total Cost": 656248.64,
                    "Plan Rows": 1455801,
                    "Plan Width": 8,
                    "Actual Startup Time": 4216.354,
                    "Actual Total Time": 4216.89,
                    "Actual Rows": 1369825,
                    "Actual Loops": 2,
                    "Hash Buckets": 4194304,
                    "Original Hash Buckets": 4194304,
                    "Hash Batches": 1,
                    "Original Hash Batches": 1,
                    "Peak Memory Usage": 139968,
                    "Plans": [
                      {
                        "Node Type": "Hash Join",
                        "Parent Relationship": "Outer",
                        "Parallel Aware": true,
                        "Join Type": "Inner",
                        "Startup Cost": 56338.05,
                        "Total Cost": 656248.64,
                        "Plan Rows": 1455801,
                        "Plan Width": 8,
                        "Actual Startup Time": 647.906,
                        "Actual Total Time": 3730.678,
                        "Actual Rows": 1369825,
                        "Actual Loops": 2,
                        "Inner Unique": true,
                        "Hash Cond": "(ci.movie_id = t.id)",
                        "Plans": [
                          {
                            "Node Type": "Seq Scan",
                            "Parent Relationship": "Outer",
                            "Parallel Aware": true,
                            "Relation Name": "cast_info",
                            "Alias": "ci",
                            "Startup Cost": 0.0,
                            "Total Cost": 572345.93,
                            "Plan Rows": 10500808,
                            "Plan Width": 4,
                            "Actual Startup Time": 499.212,
                            "Actual Total Time": 1859.071,
                            "Actual Rows": 8297574,
                            "Actual Loops": 2,
                            "Filter": "((person_id > 1549395) AND (role_id < 10))",
                            "Rows Removed by Filter": 9824598
                          },
                          {
                            "Node Type": "Hash",
                            "Parent Relationship": "Inner",
                            "Parallel Aware": true,
                            "Startup Cost": 53760.74,
                            "Total Cost": 53760.74,
                            "Plan Rows": 206185,
                            "Plan Width": 4,
                            "Actual Startup Time": 146.932,
                            "Actual Total Time": 146.933,
                            "Actual Rows": 212286,
                            "Actual Loops": 2,
                            "Hash Buckets": 524288,
                            "Original Hash Buckets": 524288,
                            "Hash Batches": 1,
                            "Original Hash Batches": 1,
                            "Peak Memory Usage": 20736,
                            "Plans": [
                              {
                                "Node Type": "Bitmap Heap Scan",
                                "Parent Relationship": "Outer",
                                "Parallel Aware": true,
                                "Relation Name": "title",
                                "Alias": "t",
                                "Startup Cost": 11910.48,
                                "Total Cost": 53760.74,
                                "Plan Rows": 206185,
                                "Plan Width": 4,
                                "Actual Startup Time": 21.103,
                                "Actual Total Time": 94.057,
                                "Actual Rows": 212286,
                                "Actual Loops": 2,
                                "Recheck Cond": "(kind_id = 1)",
                                "Rows Removed by Index Recheck": 0,
                                "Filter": "(production_year < 2005)",
                                "Rows Removed by Filter": 119126,
                                "Exact Heap Blocks": 8936,
                                "Lossy Heap Blocks": 0,
                                "Plans": [
                                  {
                                    "Node Type": "Bitmap Index Scan",
                                    "Parent Relationship": "Outer",
                                    "Parallel Aware": false,
                                    "Index Name": "kind_id_title",
                                    "Startup Cost": 0.0,
                                    "Total Cost": 11822.85,
                                    "Plan Rows": 663256,
                                    "Plan Width": 0,
                                    "Actual Startup Time": 19.199,
                                    "Actual Total Time": 19.2,
                                    "Actual Rows": 662825,
                                    "Actual Loops": 1,
                                    "Index Cond": "(kind_id = 1)"
                                  }
                                ]
                              }
                            ]
                          }
                        ]
                      }
                    ]
                  }
                ]
              }
            ]
          }
        ]
      }
    ]
  },
  "Planning Time": 1.084,
  "Triggers": [],
  "Execution Time": 6659.371
}