{
  "Plan": {
    "Node Type": "Aggregate",
    "Strategy": "Plain",
    "Partial Mode": "Finalize",
    "Parallel Aware": false,
    "Startup Cost": 122497.43,
    "Total Cost": 122497.44,
    "Plan Rows": 1,
    "Plan Width": 8,
    "Actual Startup Time": 467.154,
    "Actual Total Time": 481.367,
    "Actual Rows": 1,
    "Actual Loops": 1,
    "Plans": [
      {
        "Node Type": "Gather",
        "Parent Relationship": "Outer",
        "Parallel Aware": false,
        "Startup Cost": 122497.31,
        "Total Cost": 122497.42,
        "Plan Rows": 1,
        "Plan Width": 8,
        "Actual Startup Time": 466.852,
        "Actual Total Time": 481.358,
        "Actual Rows": 2,
        "Actual Loops": 1,
        "Workers Planned": 1,
        "Workers Launched": 1,
        "Single Copy": false,
        "Plans": [
          {
            "Node Type": "Aggregate",
            "Strategy": "Plain",
            "Partial Mode": "Partial",
            "Parent Relationship": "Outer",
            "Parallel Aware": false,
            "Startup Cost": 121497.31,
            "Total Cost": 121497.32,
            "Plan Rows": 1,
            "Plan Width": 8,
            "Actual Startup Time": 461.102,
            "Actual Total Time": 461.106,
            "Actual Rows": 1,
            "Actual Loops": 2,
            "Plans": [
              {
                "Node Type": "Hash Join",
                "Parent Relationship": "Outer",
                "Parallel Aware": true,
                "Join Type": "Inner",
                "Startup Cost": 58858.07,
                "Total Cost": 121362.08,
                "Plan Rows": 54095,
                "Plan Width": 0,
                "Actual Startup Time": 159.696,
                "Actual Total Time": 460.473,
                "Actual Rows": 15034,
                "Actual Loops": 2,
                "Inner Unique": true,
                "Hash Cond": "(mk.movie_id = t.id)",
                "Plans": [
                  {
                    "Node Type": "Seq Scan",
                    "Parent Relationship": "Outer",
                    "Parallel Aware": true,
                    "Relation Name": "movie_keyword",
                    "Alias": "mk",
                    "Startup Cost": 0.0,
                    "Total Cost": 57718.19,
                    "Plan Rows": 1823164,
                    "Plan Width": 4,
                    "Actual Startup Time": 0.013,
                    "Actual Total Time": 196.118,
                    "Actual Rows": 1547734,
                    "Actual Loops": 2,
                    "Filter": "(keyword_id < 11669)",
                    "Rows Removed by Filter": 714232
                  },
                  {
                    "Node Type": "Hash",
                    "Parent Relationship": "Inner",
                    "Parallel Aware": true,
                    "Startup Cost": 58306.47,
                    "Total Cost": 58306.47,
                    "Plan Rows": 44128,
                    "Plan Width": 4,
                    "Actual Startup Time": 157.097,
                    "Actual Total Time": 157.098,
                    "Actual Rows": 42278,
                    "Actual Loops": 2,
                    "Hash Buckets": 131072,
                    "Original Hash Buckets": 131072,
                    "Hash Batches": 1,
                    "Original Hash Batches": 1,
                    "Peak Memory Usage": 4352,
                    "Plans": [
                      {
                        "Node Type": "Seq Scan",
                        "Parent Relationship": "Outer",
                        "Parallel Aware": true,
                        "Relation Name": "title",
                        "Alias": "t",
                        "Startup Cost": 0.0,
                        "Total Cost": 58306.47,
                        "Plan Rows": 44128,
                        "Plan Width": 4,
                        "Actual Startup Time": 0.035,
                        "Actual Total Time": 143.288,
                        "Actual Rows": 42278,
                        "Actual Loops": 2,
                        "Filter": "((kind_id > 4) AND (production_year = 2008))",
                        "Rows Removed by Filter": 1221878
                      }
                    ]
                  }
                ]
              }
            ]
          }
        ]
      }
    ]
  },
  "Planning Time": 0.461,
  "Triggers": [],
  "Execution Time": 481.435
}