[
    {
        "Bao": {
            "Bao prediction": 768.797,
            "Bao recommended hint": "(no hint)"
        }
    },
    {
        "Plan": {
            "Node Type": "Aggregate",
            "Strategy": "Plain",
            "Partial Mode": "Finalize",
            "Parallel Aware": false,
            "Startup Cost": 80528.1,
            "Total Cost": 80528.11,
            "Plan Rows": 1,
            "Plan Width": 8,
            "Actual Startup Time": 334.968,
            "Actual Total Time": 344.783,
            "Actual Rows": 1,
            "Actual Loops": 1,
            "Output": [
                "count(*)"
            ],
            "Plans": [
                {
                    "Node Type": "Gather",
                    "Parent Relationship": "Outer",
                    "Parallel Aware": false,
                    "Startup Cost": 80527.78,
                    "Total Cost": 80528.09,
                    "Plan Rows": 3,
                    "Plan Width": 8,
                    "Actual Startup Time": 332.7,
                    "Actual Total Time": 344.773,
                    "Actual Rows": 4,
                    "Actual Loops": 1,
                    "Output": [
                        "(PARTIAL count(*))"
                    ],
                    "Workers Planned": 3,
                    "Workers Launched": 3,
                    "Single Copy": false,
                    "Plans": [
                        {
                            "Node Type": "Aggregate",
                            "Strategy": "Plain",
                            "Partial Mode": "Partial",
                            "Parent Relationship": "Outer",
                            "Parallel Aware": false,
                            "Startup Cost": 79527.78,
                            "Total Cost": 79527.79,
                            "Plan Rows": 1,
                            "Plan Width": 8,
                            "Actual Startup Time": 324.671,
                            "Actual Total Time": 324.677,
                            "Actual Rows": 1,
                            "Actual Loops": 4,
                            "Output": [
                                "PARTIAL count(*)"
                            ],
                            "Workers": [
                                {
                                    "Worker Number": 0,
                                    "Actual Startup Time": 321.833,
                                    "Actual Total Time": 321.837,
                                    "Actual Rows": 1,
                                    "Actual Loops": 1
                                },
                                {
                                    "Worker Number": 1,
                                    "Actual Startup Time": 322.08,
                                    "Actual Total Time": 322.093,
                                    "Actual Rows": 1,
                                    "Actual Loops": 1
                                },
                                {
                                    "Worker Number": 2,
                                    "Actual Startup Time": 322.744,
                                    "Actual Total Time": 322.747,
                                    "Actual Rows": 1,
                                    "Actual Loops": 1
                                }
                            ],
                            "Plans": [
                                {
                                    "Node Type": "Hash Join",
                                    "Parent Relationship": "Outer",
                                    "Parallel Aware": true,
                                    "Join Type": "Inner",
                                    "Startup Cost": 46885.25,
                                    "Total Cost": 79349.86,
                                    "Plan Rows": 71169,
                                    "Plan Width": 0,
                                    "Actual Startup Time": 239.26,
                                    "Actual Total Time": 319.249,
                                    "Actual Rows": 79834,
                                    "Actual Loops": 4,
                                    "Inner Unique": true,
                                    "Hash Cond": "(mc.movie_id = t.id)",
                                    "Workers": [
                                        {
                                            "Worker Number": 0,
                                            "Actual Startup Time": 236.475,
                                            "Actual Total Time": 316.43,
                                            "Actual Rows": 78076,
                                            "Actual Loops": 1
                                        },
                                        {
                                            "Worker Number": 1,
                                            "Actual Startup Time": 236.74,
                                            "Actual Total Time": 316.746,
                                            "Actual Rows": 77535,
                                            "Actual Loops": 1
                                        },
                                        {
                                            "Worker Number": 2,
                                            "Actual Startup Time": 237.152,
                                            "Actual Total Time": 317.28,
                                            "Actual Rows": 79190,
                                            "Actual Loops": 1
                                        }
                                    ],
                                    "Plans": [
                                        {
                                            "Node Type": "Seq Scan",
                                            "Parent Relationship": "Outer",
                                            "Parallel Aware": true,
                                            "Relation Name": "movie_companies",
                                            "Schema": "public",
                                            "Alias": "mc",
                                            "Startup Cost": 0.0,
                                            "Total Cost": 31414.82,
                                            "Plan Rows": 399922,
                                            "Plan Width": 4,
                                            "Actual Startup Time": 39.615,
                                            "Actual Total Time": 93.719,
                                            "Actual Rows": 324155,
                                            "Actual Loops": 4,
                                            "Output": [
                                                "mc.id",
                                                "mc.movie_id",
                                                "mc.company_id",
                                                "mc.company_type_id",
                                                "mc.note"
                                            ],
                                            "Filter": "((mc.company_id > 34) AND (mc.company_type_id = 2))",
                                            "Rows Removed by Filter": 328127,
                                            "Workers": [
                                                {
                                                    "Worker Number": 0,
                                                    "Actual Startup Time": 39.646,
                                                    "Actual Total Time": 94.245,
                                                    "Actual Rows": 319857,
                                                    "Actual Loops": 1
                                                },
                                                {
                                                    "Worker Number": 1,
                                                    "Actual Startup Time": 39.622,
                                                    "Actual Total Time": 94.496,
                                                    "Actual Rows": 315710,
                                                    "Actual Loops": 1
                                                },
                                                {
                                                    "Worker Number": 2,
                                                    "Actual Startup Time": 39.657,
                                                    "Actual Total Time": 94.491,
                                                    "Actual Rows": 321860,
                                                    "Actual Loops": 1
                                                }
                                            ]
                                        },
                                        {
                                            "Node Type": "Hash",
                                            "Parent Relationship": "Inner",
                                            "Parallel Aware": true,
                                            "Startup Cost": 45479.21,
                                            "Total Cost": 45479.21,
                                            "Plan Rows": 112483,
                                            "Plan Width": 4,
                                            "Actual Startup Time": 152.624,
                                            "Actual Total Time": 152.628,
                                            "Actual Rows": 81272,
                                            "Actual Loops": 4,
                                            "Output": [
                                                "t.id"
                                            ],
                                            "Hash Buckets": 524288,
                                            "Original Hash Buckets": 524288,
                                            "Hash Batches": 1,
                                            "Original Hash Batches": 1,
                                            "Peak Memory Usage": 16896,
                                            "Workers": [
                                                {
                                                    "Worker Number": 0,
                                                    "Actual Startup Time": 152.6,
                                                    "Actual Total Time": 152.601,
                                                    "Actual Rows": 78831,
                                                    "Actual Loops": 1
                                                },
                                                {
                                                    "Worker Number": 1,
                                                    "Actual Startup Time": 152.866,
                                                    "Actual Total Time": 152.876,
                                                    "Actual Rows": 77315,
                                                    "Actual Loops": 1
                                                },
                                                {
                                                    "Worker Number": 2,
                                                    "Actual Startup Time": 153.329,
                                                    "Actual Total Time": 153.33,
                                                    "Actual Rows": 78640,
                                                    "Actual Loops": 1
                                                }
                                            ],
                                            "Plans": [
                                                {
                                                    "Node Type": "Seq Scan",
                                                    "Parent Relationship": "Outer",
                                                    "Parallel Aware": true,
                                                    "Relation Name": "title",
                                                    "Schema": "public",
                                                    "Alias": "t",
                                                    "Startup Cost": 0.0,
                                                    "Total Cost": 45479.21,
                                                    "Plan Rows": 112483,
                                                    "Plan Width": 4,
                                                    "Actual Startup Time": 53.036,
                                                    "Actual Total Time": 120.443,
                                                    "Actual Rows": 81272,
                                                    "Actual Loops": 4,
                                                    "Output": [
                                                        "t.id"
                                                    ],
                                                    "Filter": "((t.production_year > 1992) AND (t.kind_id = 1))",
                                                    "Rows Removed by Filter": 550806,
                                                    "Workers": [
                                                        {
                                                            "Worker Number": 0,
                                                            "Actual Startup Time": 67.897,
                                                            "Actual Total Time": 121.256,
                                                            "Actual Rows": 78831,
                                                            "Actual Loops": 1
                                                        },
                                                        {
                                                            "Worker Number": 1,
                                                            "Actual Startup Time": 67.794,
                                                            "Actual Total Time": 121.448,
                                                            "Actual Rows": 77315,
                                                            "Actual Loops": 1
                                                        },
                                                        {
                                                            "Worker Number": 2,
                                                            "Actual Startup Time": 67.808,
                                                            "Actual Total Time": 121.052,
                                                            "Actual Rows": 78640,
                                                            "Actual Loops": 1
                                                        }
                                                    ]
                                                }
                                            ]
                                        }
                                    ]
                                }
                            ]
                        }
                    ]
                }
            ]
        },
        "Planning Time": 1112.331,
        "Triggers": [],
        "Execution Time": 344.878
    }
]