[
    {
        "Bao": {
            "Bao prediction": "NaN",
            "Bao recommended hint": "(no hint)"
        }
    },
    {
        "Plan": {
            "Node Type": "Aggregate",
            "Strategy": "Plain",
            "Partial Mode": "Finalize",
            "Parallel Aware": false,
            "Startup Cost": 33399.94,
            "Total Cost": 33399.95,
            "Plan Rows": 1,
            "Plan Width": 8,
            "Actual Startup Time": 96.224,
            "Actual Total Time": 104.286,
            "Actual Rows": 1,
            "Actual Loops": 1,
            "Output": [
                "count(*)"
            ],
            "Plans": [
                {
                    "Node Type": "Gather",
                    "Parent Relationship": "Outer",
                    "Parallel Aware": false,
                    "Startup Cost": 33399.62,
                    "Total Cost": 33399.93,
                    "Plan Rows": 3,
                    "Plan Width": 8,
                    "Actual Startup Time": 96.141,
                    "Actual Total Time": 104.281,
                    "Actual Rows": 4,
                    "Actual Loops": 1,
                    "Output": [
                        "(PARTIAL count(*))"
                    ],
                    "Workers Planned": 3,
                    "Workers Launched": 3,
                    "Single Copy": false,
                    "Plans": [
                        {
                            "Node Type": "Aggregate",
                            "Strategy": "Plain",
                            "Partial Mode": "Partial",
                            "Parent Relationship": "Outer",
                            "Parallel Aware": false,
                            "Startup Cost": 32399.62,
                            "Total Cost": 32399.63,
                            "Plan Rows": 1,
                            "Plan Width": 8,
                            "Actual Startup Time": 88.19,
                            "Actual Total Time": 88.191,
                            "Actual Rows": 1,
                            "Actual Loops": 4,
                            "Output": [
                                "PARTIAL count(*)"
                            ],
                            "Workers": [
                                {
                                    "Worker Number": 0,
                                    "Actual Startup Time": 85.532,
                                    "Actual Total Time": 85.533,
                                    "Actual Rows": 1,
                                    "Actual Loops": 1
                                },
                                {
                                    "Worker Number": 1,
                                    "Actual Startup Time": 85.537,
                                    "Actual Total Time": 85.538,
                                    "Actual Rows": 1,
                                    "Actual Loops": 1
                                },
                                {
                                    "Worker Number": 2,
                                    "Actual Startup Time": 85.782,
                                    "Actual Total Time": 85.784,
                                    "Actual Rows": 1,
                                    "Actual Loops": 1
                                }
                            ],
                            "Plans": [
                                {
                                    "Node Type": "Seq Scan",
                                    "Parent Relationship": "Outer",
                                    "Parallel Aware": true,
                                    "Relation Name": "movie_companies",
                                    "Schema": "public",
                                    "Alias": "mc",
                                    "Startup Cost": 0.0,
                                    "Total Cost": 31414.82,
                                    "Plan Rows": 393922,
                                    "Plan Width": 0,
                                    "Actual Startup Time": 40.147,
                                    "Actual Total Time": 75.474,
                                    "Actual Rows": 321826,
                                    "Actual Loops": 4,
                                    "Output": [
                                        "id",
                                        "movie_id",
                                        "company_id",
                                        "company_type_id",
                                        "note"
                                    ],
                                    "Filter": "((mc.company_id > 69) AND (mc.company_type_id > 1))",
                                    "Rows Removed by Filter": 330456,
                                    "Workers": [
                                        {
                                            "Worker Number": 0,
                                            "Actual Startup Time": 37.487,
                                            "Actual Total Time": 73.069,
                                            "Actual Rows": 309403,
                                            "Actual Loops": 1
                                        },
                                        {
                                            "Worker Number": 1,
                                            "Actual Startup Time": 37.494,
                                            "Actual Total Time": 73.109,
                                            "Actual Rows": 307726,
                                            "Actual Loops": 1
                                        },
                                        {
                                            "Worker Number": 2,
                                            "Actual Startup Time": 37.745,
                                            "Actual Total Time": 73.319,
                                            "Actual Rows": 309208,
                                            "Actual Loops": 1
                                        }
                                    ]
                                }
                            ]
                        }
                    ]
                }
            ]
        },
        "Planning Time": 171.307,
        "Triggers": [],
        "Execution Time": 104.324
    }
]