{
  "Plan": {
    "Node Type": "Aggregate",
    "Strategy": "Plain",
    "Partial Mode": "Finalize",
    "Parallel Aware": false,
    "Startup Cost": 159295.83,
    "Total Cost": 159295.84,
    "Plan Rows": 1,
    "Plan Width": 8,
    "Actual Startup Time": 1302.142,
    "Actual Total Time": 1328.745,
    "Actual Rows": 1,
    "Actual Loops": 1,
    "Plans": [
      {
        "Node Type": "Gather",
        "Parent Relationship": "Outer",
        "Parallel Aware": false,
        "Startup Cost": 159295.72,
        "Total Cost": 159295.83,
        "Plan Rows": 1,
        "Plan Width": 8,
        "Actual Startup Time": 1295.783,
        "Actual Total Time": 1328.734,
        "Actual Rows": 2,
        "Actual Loops": 1,
        "Workers Planned": 1,
        "Workers Launched": 1,
        "Single Copy": false,
        "Plans": [
          {
            "Node Type": "Aggregate",
            "Strategy": "Plain",
            "Partial Mode": "Partial",
            "Parent Relationship": "Outer",
            "Parallel Aware": false,
            "Startup Cost": 158295.72,
            "Total Cost": 158295.73,
            "Plan Rows": 1,
            "Plan Width": 8,
            "Actual Startup Time": 1289.776,
            "Actual Total Time": 1289.788,
            "Actual Rows": 1,
            "Actual Loops": 2,
            "Plans": [
              {
                "Node Type": "Hash Join",
                "Parent Relationship": "Outer",
                "Parallel Aware": true,
                "Join Type": "Inner",
                "Startup Cost": 115474.25,
                "Total Cost": 157422.39,
                "Plan Rows": 349331,
                "Plan Width": 0,
                "Actual Startup Time": 809.753,
                "Actual Total Time": 1218.157,
                "Actual Rows": 1770608,
                "Actual Loops": 2,
                "Inner Unique": false,
                "Hash Cond": "(mc.movie_id = t.id)",
                "Plans": [
                  {
                    "Node Type": "Seq Scan",
                    "Parent Relationship": "Outer",
                    "Parallel Aware": true,
                    "Relation Name": "movie_companies",
                    "Alias": "mc",
                    "Startup Cost": 0.0,
                    "Total Cost": 34137.82,
                    "Plan Rows": 1534782,
                    "Plan Width": 4,
                    "Actual Startup Time": 0.013,
                    "Actual Total Time": 95.612,
                    "Actual Rows": 1304564,
                    "Actual Loops": 2
                  },
                  {
                    "Node Type": "Hash",
                    "Parent Relationship": "Inner",
                    "Parallel Aware": true,
                    "Startup Cost": 111242.9,
                    "Total Cost": 111242.9,
                    "Plan Rows": 338508,
                    "Plan Width": 8,
                    "Actual Startup Time": 800.582,
                    "Actual Total Time": 800.593,
                    "Actual Rows": 293395,
                    "Actual Loops": 2,
                    "Hash Buckets": 1048576,
                    "Original Hash Buckets": 1048576,
                    "Hash Batches": 1,
                    "Original Hash Batches": 1,
                    "Peak Memory Usage": 31168,
                    "Plans": [
                      {
                        "Node Type": "Hash Join",
                        "Parent Relationship": "Outer",
                        "Parallel Aware": true,
                        "Join Type": "Inner",
                        "Startup Cost": 81668.97,
                        "Total Cost": 111242.9,
                        "Plan Rows": 338508,
                        "Plan Width": 8,
                        "Actual Startup Time": 560.487,
                        "Actual Total Time": 727.035,
                        "Actual Rows": 293395,
                        "Actual Loops": 2,
                        "Inner Unique": true,
                        "Hash Cond": "(mk.movie_id = t.id)",
                        "Plans": [
                          {
                            "Node Type": "Bitmap Heap Scan",
                            "Parent Relationship": "Outer",
                            "Parallel Aware": true,
                            "Relation Name": "movie_keyword",
                            "Alias": "mk",
                            "Startup Cost": 12208.27,
                            "Total Cost": 40893.62,
                            "Plan Rows": 338508,
                            "Plan Width": 4,
                            "Actual Startup Time": 31.382,
                            "Actual Total Time": 102.947,
                            "Actual Rows": 293395,
                            "Actual Loops": 2,
                            "Recheck Cond": "(keyword_id < 423)",
                            "Rows Removed by Index Recheck": 0,
                            "Exact Heap Blocks": 13054,
                            "Lossy Heap Blocks": 0,
                            "Plans": [
                              {
                                "Node Type": "Bitmap Index Scan",
                                "Parent Relationship": "Outer",
                                "Parallel Aware": false,
                                "Index Name": "keyword_id_movie_keyword",
                                "Startup Cost": 0.0,
                                "Total Cost": 12064.41,
                                "Plan Rows": 575463,
                                "Plan Width": 0,
                                "Actual Startup Time": 27.731,
                                "Actual Total Time": 27.731,
                                "Actual Rows": 586790,
                                "Actual Loops": 1,
                                "Index Cond": "(keyword_id < 423)"
                              }
                            ]
                          },
                          {
                            "Node Type": "Hash",
                            "Parent Relationship": "Inner",
                            "Parallel Aware": true,
                            "Startup Cost": 50870.31,
                            "Total Cost": 50870.31,
                            "Plan Rows": 1487231,
                            "Plan Width": 4,
                            "Actual Startup Time": 513.211,
                            "Actual Total Time": 513.212,
                            "Actual Rows": 1264156,
                            "Actual Loops": 2,
                            "Hash Buckets": 4194304,
                            "Original Hash Buckets": 4194304,
                            "Hash Batches": 1,
                            "Original Hash Batches": 1,
                            "Peak Memory Usage": 131680,
                            "Plans": [
                              {
                                "Node Type": "Seq Scan",
                                "Parent Relationship": "Outer",
                                "Parallel Aware": true,
                                "Relation Name": "title",
                                "Alias": "t",
                                "Startup Cost": 0.0,
                                "Total Cost": 50870.31,
                                "Plan Rows": 1487231,
                                "Plan Width": 4,
                                "Actual Startup Time": 0.034,
                                "Actual Total Time": 151.145,
                                "Actual Rows": 1264156,
                                "Actual Loops": 2
                              }
                            ]
                          }
                        ]
                      }
                    ]
                  }
                ]
              }
            ]
          }
        ]
      }
    ]
  },
  "Planning Time": 1.067,
  "Triggers": [],
  "Execution Time": 1328.847
}