[
  {
    "Plan": {
      "Node Type": "Aggregate",
      "Strategy": "Plain",
      "Partial Mode": "Finalize",
      "Parallel Aware": false,
      "Startup Cost": 46486.21,
      "Total Cost": 46486.22,
      "Plan Rows": 1,
      "Plan Width": 8,
      "Actual Startup Time": 102.985,
      "Actual Total Time": 113.113,
      "Actual Rows": 1,
      "Actual Loops": 1,
      "Plans": [
        {
          "Node Type": "Gather",
          "Parent Relationship": "Outer",
          "Parallel Aware": false,
          "Startup Cost": 46485.79,
          "Total Cost": 46486.2,
          "Plan Rows": 4,
          "Plan Width": 8,
          "Actual Startup Time": 102.789,
          "Actual Total Time": 113.102,
          "Actual Rows": 5,
          "Actual Loops": 1,
          "Workers Planned": 4,
          "Workers Launched": 4,
          "Single Copy": false,
          "Plans": [
            {
              "Node Type": "Aggregate",
              "Strategy": "Plain",
              "Partial Mode": "Partial",
              "Parent Relationship": "Outer",
              "Parallel Aware": false,
              "Startup Cost": 45485.79,
              "Total Cost": 45485.8,
              "Plan Rows": 1,
              "Plan Width": 8,
              "Actual Startup Time": 93.667,
              "Actual Total Time": 93.668,
              "Actual Rows": 1,
              "Actual Loops": 5,
              "Plans": [
                {
                  "Node Type": "Seq Scan",
                  "Parent Relationship": "Outer",
                  "Parallel Aware": true,
                  "Relation Name": "title",
                  "Alias": "t",
                  "Startup Cost": 0.0,
                  "Total Cost": 45479.1,
                  "Plan Rows": 2676,
                  "Plan Width": 0,
                  "Actual Startup Time": 0.167,
                  "Actual Total Time": 93.355,
                  "Actual Rows": 1792,
                  "Actual Loops": 5,
                  "Filter": "((kind_id > 2) AND (production_year = 1976))",
                  "Rows Removed by Filter": 503871
                }
              ]
            }
          ]
        }
      ]
    },
    "Planning Time": 0.163,
    "Triggers": [],
    "Execution Time": 113.172
  }
]