[
  {
    "Plan": {
      "Node Type": "Aggregate",
      "Strategy": "Plain",
      "Partial Mode": "Finalize",
      "Parallel Aware": false,
      "Startup Cost": 335992.28,
      "Total Cost": 335992.29,
      "Plan Rows": 1,
      "Plan Width": 8,
      "Actual Startup Time": 403.738,
      "Actual Total Time": 424.358,
      "Actual Rows": 1,
      "Actual Loops": 1,
      "Plans": [
        {
          "Node Type": "Gather",
          "Parent Relationship": "Outer",
          "Parallel Aware": false,
          "Startup Cost": 335991.65,
          "Total Cost": 335992.26,
          "Plan Rows": 6,
          "Plan Width": 8,
          "Actual Startup Time": 403.646,
          "Actual Total Time": 424.35,
          "Actual Rows": 7,
          "Actual Loops": 1,
          "Workers Planned": 6,
          "Workers Launched": 6,
          "Single Copy": false,
          "Plans": [
            {
              "Node Type": "Aggregate",
              "Strategy": "Plain",
              "Partial Mode": "Partial",
              "Parent Relationship": "Outer",
              "Parallel Aware": false,
              "Startup Cost": 334991.65,
              "Total Cost": 334991.66,
              "Plan Rows": 1,
              "Plan Width": 8,
              "Actual Startup Time": 392.664,
              "Actual Total Time": 392.665,
              "Actual Rows": 1,
              "Actual Loops": 7,
              "Plans": [
                {
                  "Node Type": "Index Scan",
                  "Parent Relationship": "Outer",
                  "Parallel Aware": true,
                  "Scan Direction": "Forward",
                  "Index Name": "role_id_cast_info",
                  "Relation Name": "cast_info",
                  "Alias": "ci",
                  "Startup Cost": 0.56,
                  "Total Cost": 331632.96,
                  "Plan Rows": 1343476,
                  "Plan Width": 0,
                  "Actual Startup Time": 0.23,
                  "Actual Total Time": 364.718,
                  "Actual Rows": 583512,
                  "Actual Loops": 7,
                  "Index Cond": "(role_id > 3)",
                  "Rows Removed by Index Recheck": 0,
                  "Filter": "(person_id < 2427999)",
                  "Rows Removed by Filter": 1147009
                }
              ]
            }
          ]
        }
      ]
    },
    "Planning Time": 0.273,
    "Triggers": [],
    "Execution Time": 424.439
  }
]