[
  {
    "Plan": {
      "Node Type": "Aggregate",
      "Strategy": "Plain",
      "Partial Mode": "Finalize",
      "Parallel Aware": false,
      "Startup Cost": 383808.92,
      "Total Cost": 383808.93,
      "Plan Rows": 1,
      "Plan Width": 8,
      "Actual Startup Time": 1009.126,
      "Actual Total Time": 1038.852,
      "Actual Rows": 1,
      "Actual Loops": 1,
      "Plans": [
        {
          "Node Type": "Gather",
          "Parent Relationship": "Outer",
          "Parallel Aware": false,
          "Startup Cost": 383808.29,
          "Total Cost": 383808.9,
          "Plan Rows": 6,
          "Plan Width": 8,
          "Actual Startup Time": 1007.601,
          "Actual Total Time": 1038.835,
          "Actual Rows": 7,
          "Actual Loops": 1,
          "Workers Planned": 6,
          "Workers Launched": 6,
          "Single Copy": false,
          "Plans": [
            {
              "Node Type": "Aggregate",
              "Strategy": "Plain",
              "Partial Mode": "Partial",
              "Parent Relationship": "Outer",
              "Parallel Aware": false,
              "Startup Cost": 382808.29,
              "Total Cost": 382808.3,
              "Plan Rows": 1,
              "Plan Width": 8,
              "Actual Startup Time": 1003.234,
              "Actual Total Time": 1003.236,
              "Actual Rows": 1,
              "Actual Loops": 7,
              "Plans": [
                {
                  "Node Type": "Hash Join",
                  "Parent Relationship": "Outer",
                  "Parallel Aware": true,
                  "Join Type": "Inner",
                  "Startup Cost": 45973.23,
                  "Total Cost": 382323.75,
                  "Plan Rows": 193816,
                  "Plan Width": 0,
                  "Actual Startup Time": 242.903,
                  "Actual Total Time": 994.287,
                  "Actual Rows": 170094,
                  "Actual Loops": 7,
                  "Inner Unique": true,
                  "Hash Cond": "(ci.movie_id = t.id)",
                  "Plans": [
                    {
                      "Node Type": "Seq Scan",
                      "Parent Relationship": "Outer",
                      "Parallel Aware": true,
                      "Relation Name": "cast_info",
                      "Alias": "ci",
                      "Startup Cost": 0.0,
                      "Total Cost": 328213.62,
                      "Plan Rows": 3099769,
                      "Plan Width": 4,
                      "Actual Startup Time": 162.544,
                      "Actual Total Time": 529.247,
                      "Actual Rows": 2670853,
                      "Actual Loops": 7,
                      "Filter": "(person_id > 1737040)",
                      "Rows Removed by Filter": 2506910
                    },
                    {
                      "Node Type": "Hash",
                      "Parent Relationship": "Inner",
                      "Parallel Aware": true,
                      "Startup Cost": 45479.21,
                      "Total Cost": 45479.21,
                      "Plan Rows": 39522,
                      "Plan Width": 4,
                      "Actual Startup Time": 78.96,
                      "Actual Total Time": 78.961,
                      "Actual Rows": 36864,
                      "Actual Loops": 7,
                      "Hash Buckets": 262144,
                      "Original Hash Buckets": 262144,
                      "Hash Batches": 1,
                      "Original Hash Batches": 1,
                      "Peak Memory Usage": 12256,
                      "Plans": [
                        {
                          "Node Type": "Seq Scan",
                          "Parent Relationship": "Outer",
                          "Parallel Aware": true,
                          "Relation Name": "title",
                          "Alias": "t",
                          "Startup Cost": 0.0,
                          "Total Cost": 45479.21,
                          "Plan Rows": 39522,
                          "Plan Width": 4,
                          "Actual Startup Time": 0.068,
                          "Actual Total Time": 65.2,
                          "Actual Rows": 36864,
                          "Actual Loops": 7,
                          "Filter": "((kind_id < 7) AND (production_year < 1972))",
                          "Rows Removed by Filter": 324323
                        }
                      ]
                    }
                  ]
                }
              ]
            }
          ]
        }
      ]
    },
    "Planning Time": 0.297,
    "Triggers": [],
    "Execution Time": 1038.893
  }
]