[
  {
    "Plan": {
      "Node Type": "Aggregate",
      "Strategy": "Plain",
      "Partial Mode": "Finalize",
      "Parallel Aware": false,
      "Startup Cost": 37846.68,
      "Total Cost": 37846.69,
      "Plan Rows": 1,
      "Plan Width": 8,
      "Actual Startup Time": 108.916,
      "Actual Total Time": 116.878,
      "Actual Rows": 1,
      "Actual Loops": 1,
      "Plans": [
        {
          "Node Type": "Gather",
          "Parent Relationship": "Outer",
          "Parallel Aware": false,
          "Startup Cost": 37846.36,
          "Total Cost": 37846.67,
          "Plan Rows": 3,
          "Plan Width": 8,
          "Actual Startup Time": 108.656,
          "Actual Total Time": 116.866,
          "Actual Rows": 4,
          "Actual Loops": 1,
          "Workers Planned": 3,
          "Workers Launched": 3,
          "Single Copy": false,
          "Plans": [
            {
              "Node Type": "Aggregate",
              "Strategy": "Plain",
              "Partial Mode": "Partial",
              "Parent Relationship": "Outer",
              "Parallel Aware": false,
              "Startup Cost": 36846.36,
              "Total Cost": 36846.37,
              "Plan Rows": 1,
              "Plan Width": 8,
              "Actual Startup Time": 103.255,
              "Actual Total Time": 103.256,
              "Actual Rows": 1,
              "Actual Loops": 4,
              "Plans": [
                {
                  "Node Type": "Bitmap Heap Scan",
                  "Parent Relationship": "Outer",
                  "Parallel Aware": true,
                  "Relation Name": "movie_keyword",
                  "Alias": "mk",
                  "Startup Cost": 10090.79,
                  "Total Cost": 36462.77,
                  "Plan Rows": 153438,
                  "Plan Width": 0,
                  "Actual Startup Time": 30.287,
                  "Actual Total Time": 96.889,
                  "Actual Rows": 117723,
                  "Actual Loops": 4,
                  "Recheck Cond": "(keyword_id > 37777)",
                  "Rows Removed by Index Recheck": 0,
                  "Exact Heap Blocks": 9755,
                  "Lossy Heap Blocks": 0,
                  "Plans": [
                    {
                      "Node Type": "Bitmap Index Scan",
                      "Parent Relationship": "Outer",
                      "Parallel Aware": false,
                      "Index Name": "keyword_id_movie_keyword",
                      "Startup Cost": 0.0,
                      "Total Cost": 9971.88,
                      "Plan Rows": 475659,
                      "Plan Width": 0,
                      "Actual Startup Time": 31.744,
                      "Actual Total Time": 31.744,
                      "Actual Rows": 470893,
                      "Actual Loops": 1,
                      "Index Cond": "(keyword_id > 37777)"
                    }
                  ]
                }
              ]
            }
          ]
        }
      ]
    },
    "Planning Time": 0.2,
    "Triggers": [],
    "Execution Time": 116.92
  }
]