[
  {
    "Plan": {
      "Node Type": "Aggregate",
      "Strategy": "Plain",
      "Partial Mode": "Finalize",
      "Parallel Aware": false,
      "Startup Cost": 46601.97,
      "Total Cost": 46601.98,
      "Plan Rows": 1,
      "Plan Width": 8,
      "Actual Startup Time": 96.487,
      "Actual Total Time": 108.373,
      "Actual Rows": 1,
      "Actual Loops": 1,
      "Plans": [
        {
          "Node Type": "Gather",
          "Parent Relationship": "Outer",
          "Parallel Aware": false,
          "Startup Cost": 46601.55,
          "Total Cost": 46601.96,
          "Plan Rows": 4,
          "Plan Width": 8,
          "Actual Startup Time": 96.352,
          "Actual Total Time": 108.366,
          "Actual Rows": 5,
          "Actual Loops": 1,
          "Workers Planned": 4,
          "Workers Launched": 4,
          "Single Copy": false,
          "Plans": [
            {
              "Node Type": "Aggregate",
              "Strategy": "Plain",
              "Partial Mode": "Partial",
              "Parent Relationship": "Outer",
              "Parallel Aware": false,
              "Startup Cost": 45601.55,
              "Total Cost": 45601.56,
              "Plan Rows": 1,
              "Plan Width": 8,
              "Actual Startup Time": 88.002,
              "Actual Total Time": 88.003,
              "Actual Rows": 1,
              "Actual Loops": 5,
              "Plans": [
                {
                  "Node Type": "Seq Scan",
                  "Parent Relationship": "Outer",
                  "Parallel Aware": true,
                  "Relation Name": "title",
                  "Alias": "t",
                  "Startup Cost": 0.0,
                  "Total Cost": 45479.1,
                  "Plan Rows": 48981,
                  "Plan Width": 0,
                  "Actual Startup Time": 0.074,
                  "Actual Total Time": 84.781,
                  "Actual Rows": 66565,
                  "Actual Loops": 5,
                  "Filter": "((kind_id < 3) AND (production_year < 1989))",
                  "Rows Removed by Filter": 439098
                }
              ]
            }
          ]
        }
      ]
    },
    "Planning Time": 0.152,
    "Triggers": [],
    "Execution Time": 108.425
  }
]