[
  {
    "Plan": {
      "Node Type": "Aggregate",
      "Strategy": "Plain",
      "Partial Mode": "Finalize",
      "Parallel Aware": false,
      "Startup Cost": 44902.86,
      "Total Cost": 44902.87,
      "Plan Rows": 1,
      "Plan Width": 8,
      "Actual Startup Time": 87.903,
      "Actual Total Time": 98.398,
      "Actual Rows": 1,
      "Actual Loops": 1,
      "Plans": [
        {
          "Node Type": "Gather",
          "Parent Relationship": "Outer",
          "Parallel Aware": false,
          "Startup Cost": 44902.44,
          "Total Cost": 44902.85,
          "Plan Rows": 4,
          "Plan Width": 8,
          "Actual Startup Time": 87.574,
          "Actual Total Time": 98.391,
          "Actual Rows": 5,
          "Actual Loops": 1,
          "Workers Planned": 4,
          "Workers Launched": 4,
          "Single Copy": false,
          "Plans": [
            {
              "Node Type": "Aggregate",
              "Strategy": "Plain",
              "Partial Mode": "Partial",
              "Parent Relationship": "Outer",
              "Parallel Aware": false,
              "Startup Cost": 43902.44,
              "Total Cost": 43902.45,
              "Plan Rows": 1,
              "Plan Width": 8,
              "Actual Startup Time": 80.257,
              "Actual Total Time": 80.258,
              "Actual Rows": 1,
              "Actual Loops": 5,
              "Plans": [
                {
                  "Node Type": "Seq Scan",
                  "Parent Relationship": "Outer",
                  "Parallel Aware": true,
                  "Relation Name": "title",
                  "Alias": "t",
                  "Startup Cost": 0.0,
                  "Total Cost": 43898.92,
                  "Plan Rows": 1409,
                  "Plan Width": 0,
                  "Actual Startup Time": 56.695,
                  "Actual Total Time": 80.141,
                  "Actual Rows": 1174,
                  "Actual Loops": 5,
                  "Filter": "(production_year < 1900)",
                  "Rows Removed by Filter": 504488
                }
              ]
            }
          ]
        }
      ]
    },
    "Planning Time": 0.126,
    "Triggers": [],
    "Execution Time": 98.447
  }
]