[
  {
    "Plan": {
      "Node Type": "Aggregate",
      "Strategy": "Plain",
      "Partial Mode": "Finalize",
      "Parallel Aware": false,
      "Startup Cost": 77246.38,
      "Total Cost": 77246.39,
      "Plan Rows": 1,
      "Plan Width": 8,
      "Actual Startup Time": 246.861,
      "Actual Total Time": 263.954,
      "Actual Rows": 1,
      "Actual Loops": 1,
      "Plans": [
        {
          "Node Type": "Gather",
          "Parent Relationship": "Outer",
          "Parallel Aware": false,
          "Startup Cost": 77246.06,
          "Total Cost": 77246.37,
          "Plan Rows": 3,
          "Plan Width": 8,
          "Actual Startup Time": 245.129,
          "Actual Total Time": 263.945,
          "Actual Rows": 4,
          "Actual Loops": 1,
          "Workers Planned": 3,
          "Workers Launched": 3,
          "Single Copy": false,
          "Plans": [
            {
              "Node Type": "Aggregate",
              "Strategy": "Plain",
              "Partial Mode": "Partial",
              "Parent Relationship": "Outer",
              "Parallel Aware": false,
              "Startup Cost": 76246.06,
              "Total Cost": 76246.07,
              "Plan Rows": 1,
              "Plan Width": 8,
              "Actual Startup Time": 236.543,
              "Actual Total Time": 236.615,
              "Actual Rows": 1,
              "Actual Loops": 4,
              "Plans": [
                {
                  "Node Type": "Hash Join",
                  "Parent Relationship": "Outer",
                  "Parallel Aware": true,
                  "Join Type": "Inner",
                  "Startup Cost": 46258.79,
                  "Total Cost": 76187.94,
                  "Plan Rows": 23251,
                  "Plan Width": 0,
                  "Actual Startup Time": 151.257,
                  "Actual Total Time": 234.734,
                  "Actual Rows": 43033,
                  "Actual Loops": 4,
                  "Inner Unique": true,
                  "Hash Cond": "(mc.movie_id = t.id)",
                  "Plans": [
                    {
                      "Node Type": "Seq Scan",
                      "Parent Relationship": "Outer",
                      "Parallel Aware": true,
                      "Relation Name": "movie_companies",
                      "Alias": "mc",
                      "Startup Cost": 0.0,
                      "Total Cost": 29310.68,
                      "Plan Rows": 235607,
                      "Plan Width": 4,
                      "Actual Startup Time": 13.648,
                      "Actual Total Time": 59.104,
                      "Actual Rows": 186172,
                      "Actual Loops": 4,
                      "Filter": "(company_id > 37931)",
                      "Rows Removed by Filter": 466110
                    },
                    {
                      "Node Type": "Hash",
                      "Parent Relationship": "Inner",
                      "Parallel Aware": true,
                      "Startup Cost": 45479.1,
                      "Total Cost": 45479.1,
                      "Plan Rows": 62375,
                      "Plan Width": 4,
                      "Actual Startup Time": 135.193,
                      "Actual Total Time": 135.194,
                      "Actual Rows": 91406,
                      "Actual Loops": 4,
                      "Hash Buckets": 524288,
                      "Original Hash Buckets": 262144,
                      "Hash Batches": 1,
                      "Original Hash Batches": 1,
                      "Peak Memory Usage": 20512,
                      "Plans": [
                        {
                          "Node Type": "Seq Scan",
                          "Parent Relationship": "Outer",
                          "Parallel Aware": true,
                          "Relation Name": "title",
                          "Alias": "t",
                          "Startup Cost": 0.0,
                          "Total Cost": 45479.1,
                          "Plan Rows": 62375,
                          "Plan Width": 4,
                          "Actual Startup Time": 0.063,
                          "Actual Total Time": 100.894,
                          "Actual Rows": 91406,
                          "Actual Loops": 4,
                          "Filter": "((kind_id < 7) AND (production_year < 1988))",
                          "Rows Removed by Filter": 540672
                        }
                      ]
                    }
                  ]
                }
              ]
            }
          ]
        }
      ]
    },
    "Planning Time": 0.639,
    "Triggers": [],
    "Execution Time": 264.024
  }
]