[
  {
    "Plan": {
      "Node Type": "Aggregate",
      "Strategy": "Plain",
      "Partial Mode": "Finalize",
      "Parallel Aware": false,
      "Startup Cost": 90857.03,
      "Total Cost": 90857.04,
      "Plan Rows": 1,
      "Plan Width": 8,
      "Actual Startup Time": 235.092,
      "Actual Total Time": 253.713,
      "Actual Rows": 1,
      "Actual Loops": 1,
      "Plans": [
        {
          "Node Type": "Gather",
          "Parent Relationship": "Outer",
          "Parallel Aware": false,
          "Startup Cost": 90856.71,
          "Total Cost": 90857.02,
          "Plan Rows": 3,
          "Plan Width": 8,
          "Actual Startup Time": 234.079,
          "Actual Total Time": 253.704,
          "Actual Rows": 4,
          "Actual Loops": 1,
          "Workers Planned": 3,
          "Workers Launched": 3,
          "Single Copy": false,
          "Plans": [
            {
              "Node Type": "Aggregate",
              "Strategy": "Plain",
              "Partial Mode": "Partial",
              "Parent Relationship": "Outer",
              "Parallel Aware": false,
              "Startup Cost": 89856.71,
              "Total Cost": 89856.72,
              "Plan Rows": 1,
              "Plan Width": 8,
              "Actual Startup Time": 225.445,
              "Actual Total Time": 225.448,
              "Actual Rows": 1,
              "Actual Loops": 4,
              "Plans": [
                {
                  "Node Type": "Hash Join",
                  "Parent Relationship": "Outer",
                  "Parallel Aware": true,
                  "Join Type": "Inner",
                  "Startup Cost": 46290.52,
                  "Total Cost": 89779.15,
                  "Plan Rows": 31024,
                  "Plan Width": 0,
                  "Actual Startup Time": 110.208,
                  "Actual Total Time": 225.275,
                  "Actual Rows": 3770,
                  "Actual Loops": 4,
                  "Inner Unique": true,
                  "Hash Cond": "(mk.movie_id = t.id)",
                  "Plans": [
                    {
                      "Node Type": "Seq Scan",
                      "Parent Relationship": "Outer",
                      "Parallel Aware": true,
                      "Relation Name": "movie_keyword",
                      "Alias": "mk",
                      "Startup Cost": 0.0,
                      "Total Cost": 42695.65,
                      "Plan Rows": 302085,
                      "Plan Width": 4,
                      "Actual Startup Time": 0.025,
                      "Actual Total Time": 88.114,
                      "Actual Rows": 235964,
                      "Actual Loops": 4,
                      "Filter": "(keyword_id < 877)",
                      "Rows Removed by Filter": 895019
                    },
                    {
                      "Node Type": "Hash",
                      "Parent Relationship": "Inner",
                      "Parallel Aware": true,
                      "Startup Cost": 45479.1,
                      "Total Cost": 45479.1,
                      "Plan Rows": 64914,
                      "Plan Width": 4,
                      "Actual Startup Time": 107.181,
                      "Actual Total Time": 107.182,
                      "Actual Rows": 40422,
                      "Actual Loops": 4,
                      "Hash Buckets": 262144,
                      "Original Hash Buckets": 262144,
                      "Hash Batches": 1,
                      "Original Hash Batches": 1,
                      "Peak Memory Usage": 8448,
                      "Plans": [
                        {
                          "Node Type": "Seq Scan",
                          "Parent Relationship": "Outer",
                          "Parallel Aware": true,
                          "Relation Name": "title",
                          "Alias": "t",
                          "Startup Cost": 0.0,
                          "Total Cost": 45479.1,
                          "Plan Rows": 64914,
                          "Plan Width": 4,
                          "Actual Startup Time": 0.039,
                          "Actual Total Time": 93.21,
                          "Actual Rows": 40422,
                          "Actual Loops": 4,
                          "Filter": "((production_year < 1975) AND (kind_id = 7))",
                          "Rows Removed by Filter": 591656
                        }
                      ]
                    }
                  ]
                }
              ]
            }
          ]
        }
      ]
    },
    "Planning Time": 0.627,
    "Triggers": [],
    "Execution Time": 253.781
  }
]