[
  {
    "Plan": {
      "Node Type": "Aggregate",
      "Strategy": "Plain",
      "Partial Mode": "Finalize",
      "Parallel Aware": false,
      "Startup Cost": 31997.9,
      "Total Cost": 31997.91,
      "Plan Rows": 1,
      "Plan Width": 8,
      "Actual Startup Time": 112.6,
      "Actual Total Time": 118.744,
      "Actual Rows": 1,
      "Actual Loops": 1,
      "Plans": [
        {
          "Node Type": "Gather",
          "Parent Relationship": "Outer",
          "Parallel Aware": false,
          "Startup Cost": 31997.59,
          "Total Cost": 31997.9,
          "Plan Rows": 3,
          "Plan Width": 8,
          "Actual Startup Time": 112.503,
          "Actual Total Time": 118.736,
          "Actual Rows": 4,
          "Actual Loops": 1,
          "Workers Planned": 3,
          "Workers Launched": 3,
          "Single Copy": false,
          "Plans": [
            {
              "Node Type": "Aggregate",
              "Strategy": "Plain",
              "Partial Mode": "Partial",
              "Parent Relationship": "Outer",
              "Parallel Aware": false,
              "Startup Cost": 30997.59,
              "Total Cost": 30997.6,
              "Plan Rows": 1,
              "Plan Width": 8,
              "Actual Startup Time": 106.921,
              "Actual Total Time": 106.922,
              "Actual Rows": 1,
              "Actual Loops": 4,
              "Plans": [
                {
                  "Node Type": "Seq Scan",
                  "Parent Relationship": "Outer",
                  "Parallel Aware": true,
                  "Relation Name": "movie_companies",
                  "Alias": "mc",
                  "Startup Cost": 0.0,
                  "Total Cost": 29310.68,
                  "Plan Rows": 674762,
                  "Plan Width": 0,
                  "Actual Startup Time": 0.204,
                  "Actual Total Time": 82.066,
                  "Actual Rows": 523100,
                  "Actual Loops": 4,
                  "Filter": "(company_id > 474)",
                  "Rows Removed by Filter": 129182
                }
              ]
            }
          ]
        }
      ]
    },
    "Planning Time": 0.137,
    "Triggers": [],
    "Execution Time": 118.785
  }
]