[
  {
    "Plan": {
      "Node Type": "Aggregate",
      "Strategy": "Plain",
      "Partial Mode": "Simple",
      "Parallel Aware": false,
      "Startup Cost": 226773.77,
      "Total Cost": 226773.78,
      "Plan Rows": 1,
      "Plan Width": 64,
      "Actual Startup Time": 14451.865,
      "Actual Total Time": 14451.87,
      "Actual Rows": 1,
      "Actual Loops": 1,
      "Plans": [
        {
          "Node Type": "Nested Loop",
          "Parent Relationship": "Outer",
          "Parallel Aware": false,
          "Join Type": "Inner",
          "Startup Cost": 3.56,
          "Total Cost": 226745.42,
          "Plan Rows": 5669,
          "Plan Width": 32,
          "Actual Startup Time": 2.901,
          "Actual Total Time": 14287.571,
          "Actual Rows": 1760645,
          "Actual Loops": 1,
          "Inner Unique": false,
          "Plans": [
            {
              "Node Type": "Nested Loop",
              "Parent Relationship": "Outer",
              "Parallel Aware": false,
              "Join Type": "Inner",
              "Startup Cost": 3.14,
              "Total Cost": 225463.47,
              "Plan Rows": 2367,
              "Plan Width": 40,
              "Actual Startup Time": 2.747,
              "Actual Total Time": 12901.448,
              "Actual Rows": 787043,
              "Actual Loops": 1,
              "Inner Unique": true,
              "Plans": [
                {
                  "Node Type": "Nested Loop",
                  "Parent Relationship": "Outer",
                  "Parallel Aware": false,
                  "Join Type": "Inner",
                  "Startup Cost": 2.72,
                  "Total Cost": 222542.53,
                  "Plan Rows": 6550,
                  "Plan Width": 44,
                  "Actual Startup Time": 2.662,
                  "Actual Total Time": 8297.604,
                  "Actual Rows": 3229056,
                  "Actual Loops": 1,
                  "Inner Unique": false,
                  "Join Filter": "(t.id = mc.movie_id)",
                  "Rows Removed by Join Filter": 0,
                  "Plans": [
                    {
                      "Node Type": "Nested Loop",
                      "Parent Relationship": "Outer",
                      "Parallel Aware": false,
                      "Join Type": "Inner",
                      "Startup Cost": 2.29,
                      "Total Cost": 221824.45,
                      "Plan Rows": 1222,
                      "Plan Width": 52,
                      "Actual Startup Time": 2.574,
                      "Actual Total Time": 6723.894,
                      "Actual Rows": 341836,
                      "Actual Loops": 1,
                      "Inner Unique": true,
                      "Plans": [
                        {
                          "Node Type": "Nested Loop",
                          "Parent Relationship": "Outer",
                          "Parallel Aware": false,
                          "Join Type": "Inner",
                          "Startup Cost": 1.86,
                          "Total Cost": 221014.17,
                          "Plan Rows": 1222,
                          "Plan Width": 56,
                          "Actual Startup Time": 2.411,
                          "Actual Total Time": 5835.181,
                          "Actual Rows": 371543,
                          "Actual Loops": 1,
                          "Inner Unique": false,
                          "Join Filter": "(mi.info_type_id = it.id)",
                          "Rows Removed by Join Filter": 1399210,
                          "Plans": [
                            {
                              "Node Type": "Seq Scan",
                              "Parent Relationship": "Outer",
                              "Parallel Aware": false,
                              "Relation Name": "info_type",
                              "Alias": "it",
                              "Startup Cost": 0.0,
                              "Total Cost": 2.41,
                              "Plan Rows": 1,
                              "Plan Width": 4,
                              "Actual Startup Time": 0.031,
                              "Actual Total Time": 0.038,
                              "Actual Rows": 1,
                              "Actual Loops": 1,
                              "Filter": "((info)::text = 'release dates'::text)",
                              "Rows Removed by Filter": 112
                            },
                            {
                              "Node Type": "Nested Loop",
                              "Parent Relationship": "Inner",
                              "Parallel Aware": false,
                              "Join Type": "Inner",
                              "Startup Cost": 1.86,
                              "Total Cost": 219286.24,
                              "Plan Rows": 138042,
                              "Plan Width": 60,
                              "Actual Startup Time": 2.336,
                              "Actual Total Time": 5712.777,
                              "Actual Rows": 1770753,
                              "Actual Loops": 1,
                              "Inner Unique": false,
                              "Plans": [
                                {
                                  "Node Type": "Nested Loop",
                                  "Parent Relationship": "Outer",
                                  "Parallel Aware": false,
                                  "Join Type": "Inner",
                                  "Startup Cost": 1.42,
                                  "Total Cost": 199625.74,
                                  "Plan Rows": 9061,
                                  "Plan Width": 52,
                                  "Actual Startup Time": 2.23,
                                  "Actual Total Time": 3678.795,
                                  "Actual Rows": 168264,
                                  "Actual Loops": 1,
                                  "Inner Unique": true,
                                  "Plans": [
                                    {
                                      "Node Type": "Nested Loop",
                                      "Parent Relationship": "Outer",
                                      "Parallel Aware": false,
                                      "Join Type": "Inner",
                                      "Startup Cost": 0.99,
                                      "Total Cost": 188637.43,
                                      "Plan Rows": 16816,
                                      "Plan Width": 31,
                                      "Actual Startup Time": 0.752,
                                      "Actual Total Time": 2344.542,
                                      "Actual Rows": 276005,
                                      "Actual Loops": 1,
                                      "Inner Unique": true,
                                      "Plans": [
                                        {
                                          "Node Type": "Nested Loop",
                                          "Parent Relationship": "Outer",
                                          "Parallel Aware": false,
                                          "Join Type": "Inner",
                                          "Startup Cost": 0.56,
                                          "Total Cost": 131916.72,
                                          "Plan Rows": 73732,
                                          "Plan Width": 12,
                                          "Actual Startup Time": 0.612,
                                          "Actual Total Time": 1696.492,
                                          "Actual Rows": 276166,
                                          "Actual Loops": 1,
                                          "Inner Unique": false,
                                          "Plans": [
                                            {
                                              "Node Type": "Seq Scan",
                                              "Parent Relationship": "Outer",
                                              "Parallel Aware": false,
                                              "Relation Name": "role_type",
                                              "Alias": "rt",
                                              "Startup Cost": 0.0,
                                              "Total Cost": 1.15,
                                              "Plan Rows": 1,
                                              "Plan Width": 4,
                                              "Actual Startup Time": 0.038,
                                              "Actual Total Time": 0.043,
                                              "Actual Rows": 1,
                                              "Actual Loops": 1,
                                              "Filter": "((role)::text = 'actress'::text)",
                                              "Rows Removed by Filter": 11
                                            },
                                            {
                                              "Node Type": "Index Scan",
                                              "Parent Relationship": "Inner",
                                              "Parallel Aware": false,
                                              "Scan Direction": "Forward",
                                              "Index Name": "role_id_cast_info",
                                              "Relation Name": "cast_info",
                                              "Alias": "ci",
                                              "Startup Cost": 0.56,
                                              "Total Cost": 131111.22,
                                              "Plan Rows": 80435,
                                              "Plan Width": 16,
                                              "Actual Startup Time": 0.571,
                                              "Actual Total Time": 1669.327,
                                              "Actual Rows": 276166,
                                              "Actual Loops": 1,
                                              "Index Cond": "(role_id = rt.id)",
                                              "Rows Removed by Index Recheck": 0,
                                              "Filter": "(note = ANY ('{(voice),\"(voice: Japanese version)\",\"(voice) (uncredited)\",\"(voice: English version)\"}'::text[]))",
                                              "Rows Removed by Filter": 7175807
                                            }
                                          ]
                                        },
                                        {
                                          "Node Type": "Index Scan",
                                          "Parent Relationship": "Inner",
                                          "Parallel Aware": false,
                                          "Scan Direction": "Forward",
                                          "Index Name": "name_pkey",
                                          "Relation Name": "name",
                                          "Alias": "n",
                                          "Startup Cost": 0.43,
                                          "Total Cost": 0.77,
                                          "Plan Rows": 1,
                                          "Plan Width": 19,
                                          "Actual Startup Time": 0.002,
                                          "Actual Total Time": 0.002,
                                          "Actual Rows": 1,
                                          "Actual Loops": 276166,
                                          "Index Cond": "(id = ci.person_id)",
                                          "Rows Removed by Index Recheck": 0,
                                          "Filter": "((gender)::text = 'f'::text)",
                                          "Rows Removed by Filter": 0
                                        }
                                      ]
                                    },
                                    {
                                      "Node Type": "Index Scan",
                                      "Parent Relationship": "Inner",
                                      "Parallel Aware": false,
                                      "Scan Direction": "Forward",
                                      "Index Name": "title_pkey",
                                      "Relation Name": "title",
                                      "Alias": "t",
                                      "Startup Cost": 0.43,
                                      "Total Cost": 0.65,
                                      "Plan Rows": 1,
                                      "Plan Width": 21,
                                      "Actual Startup Time": 0.005,
                                      "Actual Total Time": 0.005,
                                      "Actual Rows": 1,
                                      "Actual Loops": 276005,
                                      "Index Cond": "(id = ci.movie_id)",
                                      "Rows Removed by Index Recheck": 0,
                                      "Filter": "(production_year > 2000)",
                                      "Rows Removed by Filter": 0
                                    }
                                  ]
                                },
                                {
                                  "Node Type": "Index Scan",
                                  "Parent Relationship": "Inner",
                                  "Parallel Aware": false,
                                  "Scan Direction": "Forward",
                                  "Index Name": "movie_id_movie_info",
                                  "Relation Name": "movie_info",
                                  "Alias": "mi",
                                  "Startup Cost": 0.43,
                                  "Total Cost": 1.77,
                                  "Plan Rows": 40,
                                  "Plan Width": 8,
                                  "Actual Startup Time": 0.004,
                                  "Actual Total Time": 0.011,
                                  "Actual Rows": 11,
                                  "Actual Loops": 168264,
                                  "Index Cond": "(movie_id = t.id)",
                                  "Rows Removed by Index Recheck": 0
                                }
                              ]
                            }
                          ]
                        },
                        {
                          "Node Type": "Index Only Scan",
                          "Parent Relationship": "Inner",
                          "Parallel Aware": false,
                          "Scan Direction": "Forward",
                          "Index Name": "char_name_pkey",
                          "Relation Name": "char_name",
                          "Alias": "chn",
                          "Startup Cost": 0.43,
                          "Total Cost": 0.66,
                          "Plan Rows": 1,
                          "Plan Width": 4,
                          "Actual Startup Time": 0.002,
                          "Actual Total Time": 0.002,
                          "Actual Rows": 1,
                          "Actual Loops": 371543,
                          "Index Cond": "(id = ci.person_role_id)",
                          "Rows Removed by Index Recheck": 0,
                          "Heap Fetches": 341836
                        }
                      ]
                    },
                    {
                      "Node Type": "Index Scan",
                      "Parent Relationship": "Inner",
                      "Parallel Aware": false,
                      "Scan Direction": "Forward",
                      "Index Name": "movie_id_movie_companies",
                      "Relation Name": "movie_companies",
                      "Alias": "mc",
                      "Startup Cost": 0.43,
                      "Total Cost": 0.53,
                      "Plan Rows": 5,
                      "Plan Width": 8,
                      "Actual Startup Time": 0.002,
                      "Actual Total Time": 0.003,
                      "Actual Rows": 9,
                      "Actual Loops": 341836,
                      "Index Cond": "(movie_id = mi.movie_id)",
                      "Rows Removed by Index Recheck": 0
                    }
                  ]
                },
                {
                  "Node Type": "Index Scan",
                  "Parent Relationship": "Inner",
                  "Parallel Aware": false,
                  "Scan Direction": "Forward",
                  "Index Name": "company_name_pkey",
                  "Relation Name": "company_name",
                  "Alias": "cn",
                  "Startup Cost": 0.42,
                  "Total Cost": 0.45,
                  "Plan Rows": 1,
                  "Plan Width": 4,
                  "Actual Startup Time": 0.001,
                  "Actual Total Time": 0.001,
                  "Actual Rows": 0,
                  "Actual Loops": 3229056,
                  "Index Cond": "(id = mc.company_id)",
                  "Rows Removed by Index Recheck": 0,
                  "Filter": "((country_code)::text = '[us]'::text)",
                  "Rows Removed by Filter": 1
                }
              ]
            },
            {
              "Node Type": "Index Only Scan",
              "Parent Relationship": "Inner",
              "Parallel Aware": false,
              "Scan Direction": "Forward",
              "Index Name": "person_id_aka_name",
              "Relation Name": "aka_name",
              "Alias": "an",
              "Startup Cost": 0.42,
              "Total Cost": 0.52,
              "Plan Rows": 2,
              "Plan Width": 4,
              "Actual Startup Time": 0.001,
              "Actual Total Time": 0.001,
              "Actual Rows": 2,
              "Actual Loops": 787043,
              "Index Cond": "(person_id = n.id)",
              "Rows Removed by Index Recheck": 0,
              "Heap Fetches": 1760645
            }
          ]
        }
      ]
    },
    "Planning Time": 29.293,
    "Triggers": [],
    "Execution Time": 14452.285
  }
]