{
  "Plan": {
    "Node Type": "Aggregate",
    "Strategy": "Plain",
    "Partial Mode": "Finalize",
    "Parallel Aware": false,
    "Startup Cost": 106579.72,
    "Total Cost": 106579.73,
    "Plan Rows": 1,
    "Plan Width": 8,
    "Actual Startup Time": 565.753,
    "Actual Total Time": 581.578,
    "Actual Rows": 1,
    "Actual Loops": 1,
    "Plans": [
      {
        "Node Type": "Gather",
        "Parent Relationship": "Outer",
        "Parallel Aware": false,
        "Startup Cost": 106579.61,
        "Total Cost": 106579.72,
        "Plan Rows": 1,
        "Plan Width": 8,
        "Actual Startup Time": 564.262,
        "Actual Total Time": 581.571,
        "Actual Rows": 2,
        "Actual Loops": 1,
        "Workers Planned": 1,
        "Workers Launched": 1,
        "Single Copy": false,
        "Plans": [
          {
            "Node Type": "Aggregate",
            "Strategy": "Plain",
            "Partial Mode": "Partial",
            "Parent Relationship": "Outer",
            "Parallel Aware": false,
            "Startup Cost": 105579.61,
            "Total Cost": 105579.62,
            "Plan Rows": 1,
            "Plan Width": 8,
            "Actual Startup Time": 558.146,
            "Actual Total Time": 558.15,
            "Actual Rows": 1,
            "Actual Loops": 2,
            "Plans": [
              {
                "Node Type": "Hash Join",
                "Parent Relationship": "Outer",
                "Parallel Aware": true,
                "Join Type": "Inner",
                "Startup Cost": 41581.98,
                "Total Cost": 104879.5,
                "Plan Rows": 280041,
                "Plan Width": 0,
                "Actual Startup Time": 185.673,
                "Actual Total Time": 546.976,
                "Actual Rows": 264057,
                "Actual Loops": 2,
                "Inner Unique": false,
                "Hash Cond": "(t.id = mc.movie_id)",
                "Plans": [
                  {
                    "Node Type": "Seq Scan",
                    "Parent Relationship": "Outer",
                    "Parallel Aware": true,
                    "Relation Name": "title",
                    "Alias": "t",
                    "Startup Cost": 0.0,
                    "Total Cost": 54588.39,
                    "Plan Rows": 1129894,
                    "Plan Width": 4,
                    "Actual Startup Time": 0.013,
                    "Actual Total Time": 150.435,
                    "Actual Rows": 961424,
                    "Actual Loops": 2,
                    "Filter": "(production_year < 2010)",
                    "Rows Removed by Filter": 302732
                  },
                  {
                    "Node Type": "Hash",
                    "Parent Relationship": "Inner",
                    "Parallel Aware": true,
                    "Startup Cost": 36974.4,
                    "Total Cost": 36974.4,
                    "Plan Rows": 368606,
                    "Plan Width": 4,
                    "Actual Startup Time": 176.407,
                    "Actual Total Time": 176.408,
                    "Actual Rows": 311330,
                    "Actual Loops": 2,
                    "Hash Buckets": 1048576,
                    "Original Hash Buckets": 1048576,
                    "Hash Batches": 1,
                    "Original Hash Batches": 1,
                    "Peak Memory Usage": 32576,
                    "Plans": [
                      {
                        "Node Type": "Bitmap Heap Scan",
                        "Parent Relationship": "Outer",
                        "Parallel Aware": true,
                        "Relation Name": "movie_companies",
                        "Alias": "mc",
                        "Startup Cost": 13576.82,
                        "Total Cost": 36974.4,
                        "Plan Rows": 368606,
                        "Plan Width": 4,
                        "Actual Startup Time": 38.465,
                        "Actual Total Time": 107.029,
                        "Actual Rows": 311330,
                        "Actual Loops": 2,
                        "Recheck Cond": "(company_id < 783)",
                        "Rows Removed by Index Recheck": 0,
                        "Exact Heap Blocks": 10947,
                        "Lossy Heap Blocks": 0,
                        "Plans": [
                          {
                            "Node Type": "Bitmap Index Scan",
                            "Parent Relationship": "Outer",
                            "Parallel Aware": false,
                            "Index Name": "company_id_movie_companies",
                            "Startup Cost": 0.0,
                            "Total Cost": 13420.16,
                            "Plan Rows": 626631,
                            "Plan Width": 0,
                            "Actual Startup Time": 35.669,
                            "Actual Total Time": 35.669,
                            "Actual Rows": 622661,
                            "Actual Loops": 1,
                            "Index Cond": "(company_id < 783)"
                          }
                        ]
                      }
                    ]
                  }
                ]
              }
            ]
          }
        ]
      }
    ]
  },
  "Planning Time": 0.451,
  "Triggers": [],
  "Execution Time": 581.672
}