[
  {
    "Bao": {
      "Bao prediction": 2308.946,
      "Bao recommended hint": "SET enable_nestloop TO off; SET enable_mergejoin TO off; SET enable_indexscan TO off; "
    }
  },
  {
    "Plan": {
      "Node Type": "Aggregate",
      "Strategy": "Plain",
      "Partial Mode": "Finalize",
      "Parallel Aware": false,
      "Startup Cost": 743143.14,
      "Total Cost": 743143.15,
      "Plan Rows": 1,
      "Plan Width": 128,
      "Actual Startup Time": 2381.694,
      "Actual Total Time": 2473.169,
      "Actual Rows": 1,
      "Actual Loops": 1,
      "Plans": [
        {
          "Node Type": "Gather",
          "Parent Relationship": "Outer",
          "Parallel Aware": false,
          "Startup Cost": 743142.69,
          "Total Cost": 743143.1,
          "Plan Rows": 4,
          "Plan Width": 128,
          "Actual Startup Time": 2380.185,
          "Actual Total Time": 2473.153,
          "Actual Rows": 5,
          "Actual Loops": 1,
          "Workers Planned": 4,
          "Workers Launched": 4,
          "Single Copy": false,
          "Plans": [
            {
              "Node Type": "Aggregate",
              "Strategy": "Plain",
              "Partial Mode": "Partial",
              "Parent Relationship": "Outer",
              "Parallel Aware": false,
              "Startup Cost": 742142.69,
              "Total Cost": 742142.7,
              "Plan Rows": 1,
              "Plan Width": 128,
              "Actual Startup Time": 2369.122,
              "Actual Total Time": 2369.214,
              "Actual Rows": 1,
              "Actual Loops": 5,
              "Plans": [
                {
                  "Node Type": "Hash Join",
                  "Parent Relationship": "Outer",
                  "Parallel Aware": true,
                  "Join Type": "Inner",
                  "Startup Cost": 697455.32,
                  "Total Cost": 742142.68,
                  "Plan Rows": 1,
                  "Plan Width": 81,
                  "Actual Startup Time": 2259.881,
                  "Actual Total Time": 2368.302,
                  "Actual Rows": 5231,
                  "Actual Loops": 5,
                  "Inner Unique": false,
                  "Hash Cond": "(t.id = mi.movie_id)",
                  "Plans": [
                    {
                      "Node Type": "Seq Scan",
                      "Parent Relationship": "Outer",
                      "Parallel Aware": true,
                      "Relation Name": "title",
                      "Alias": "t",
                      "Startup Cost": 0.0,
                      "Total Cost": 42317.53,
                      "Plan Rows": 631953,
                      "Plan Width": 21,
                      "Actual Startup Time": 0.012,
                      "Actual Total Time": 60.478,
                      "Actual Rows": 505662,
                      "Actual Loops": 5
                    },
                    {
                      "Node Type": "Hash",
                      "Parent Relationship": "Inner",
                      "Parallel Aware": true,
                      "Startup Cost": 697455.31,
                      "Total Cost": 697455.31,
                      "Plan Rows": 1,
                      "Plan Width": 80,
                      "Actual Startup Time": 2255.645,
                      "Actual Total Time": 2255.735,
                      "Actual Rows": 5231,
                      "Actual Loops": 5,
                      "Hash Buckets": 32768,
                      "Original Hash Buckets": 1024,
                      "Hash Batches": 1,
                      "Original Hash Batches": 1,
                      "Peak Memory Usage": 2680,
                      "Plans": [
                        {
                          "Node Type": "Hash Join",
                          "Parent Relationship": "Outer",
                          "Parallel Aware": true,
                          "Join Type": "Inner",
                          "Startup Cost": 627202.35,
                          "Total Cost": 697455.31,
                          "Plan Rows": 1,
                          "Plan Width": 80,
                          "Actual Startup Time": 2064.951,
                          "Actual Total Time": 2228.673,
                          "Actual Rows": 5231,
                          "Actual Loops": 5,
                          "Inner Unique": false,
                          "Hash Cond": "(n.id = ci.person_id)",
                          "Plans": [
                            {
                              "Node Type": "Seq Scan",
                              "Parent Relationship": "Outer",
                              "Parallel Aware": true,
                              "Relation Name": "name",
                              "Alias": "n",
                              "Startup Cost": 0.0,
                              "Total Cost": 68636.13,
                              "Plan Rows": 431152,
                              "Plan Width": 19,
                              "Actual Startup Time": 0.027,
                              "Actual Total Time": 124.192,
                              "Actual Rows": 347916,
                              "Actual Loops": 5,
                              "Filter": "((gender)::text = 'm'::text)",
                              "Rows Removed by Filter": 485582
                            },
                            {
                              "Node Type": "Hash",
                              "Parent Relationship": "Inner",
                              "Parallel Aware": true,
                              "Startup Cost": 627202.34,
                              "Total Cost": 627202.34,
                              "Plan Rows": 1,
                              "Plan Width": 69,
                              "Actual Startup Time": 2064.205,
                              "Actual Total Time": 2064.293,
                              "Actual Rows": 8580,
                              "Actual Loops": 5,
                              "Hash Buckets": 65536,
                              "Original Hash Buckets": 1024,
                              "Hash Batches": 1,
                              "Original Hash Batches": 1,
                              "Peak Memory Usage": 4024,
                              "Plans": [
                                {
                                  "Node Type": "Hash Join",
                                  "Parent Relationship": "Outer",
                                  "Parallel Aware": true,
                                  "Join Type": "Inner",
                                  "Startup Cost": 275569.67,
                                  "Total Cost": 627202.34,
                                  "Plan Rows": 1,
                                  "Plan Width": 69,
                                  "Actual Startup Time": 1636.545,
                                  "Actual Total Time": 2038.627,
                                  "Actual Rows": 8580,
                                  "Actual Loops": 5,
                                  "Inner Unique": false,
                                  "Hash Cond": "(ci.movie_id = mi.movie_id)",
                                  "Plans": [
                                    {
                                      "Node Type": "Seq Scan",
                                      "Parent Relationship": "Outer",
                                      "Parallel Aware": true,
                                      "Relation Name": "cast_info",
                                      "Alias": "ci",
                                      "Startup Cost": 0.0,
                                      "Total Cost": 350893.1,
                                      "Plan Rows": 197218,
                                      "Plan Width": 8,
                                      "Actual Startup Time": 96.615,
                                      "Actual Total Time": 964.168,
                                      "Actual Rows": 248943,
                                      "Actual Loops": 5,
                                      "Filter": "(note = ANY ('{(writer),\"(head writer)\",\"(written by)\",(story),\"(story editor)\"}'::text[]))",
                                      "Rows Removed by Filter": 6999926
                                    },
                                    {
                                      "Node Type": "Hash",
                                      "Parent Relationship": "Inner",
                                      "Parallel Aware": true,
                                      "Startup Cost": 275569.66,
                                      "Total Cost": 275569.66,
                                      "Plan Rows": 1,
                                      "Plan Width": 61,
                                      "Actual Startup Time": 1033.662,
                                      "Actual Total Time": 1033.748,
                                      "Actual Rows": 12677,
                                      "Actual Loops": 5,
                                      "Hash Buckets": 65536,
                                      "Original Hash Buckets": 1024,
                                      "Hash Batches": 1,
                                      "Original Hash Batches": 1,
                                      "Peak Memory Usage": 4888,
                                      "Plans": [
                                        {
                                          "Node Type": "Hash Join",
                                          "Parent Relationship": "Outer",
                                          "Parallel Aware": true,
                                          "Join Type": "Inner",
                                          "Startup Cost": 260299.39,
                                          "Total Cost": 275569.66,
                                          "Plan Rows": 1,
                                          "Plan Width": 61,
                                          "Actual Startup Time": 938.359,
                                          "Actual Total Time": 1018.758,
                                          "Actual Rows": 12677,
                                          "Actual Loops": 5,
                                          "Inner Unique": false,
                                          "Hash Cond": "(mi_idx.movie_id = mi.movie_id)",
                                          "Plans": [
                                            {
                                              "Node Type": "Hash Join",
                                              "Parent Relationship": "Outer",
                                              "Parallel Aware": false,
                                              "Join Type": "Inner",
                                              "Startup Cost": 2.43,
                                              "Total Cost": 15253.6,
                                              "Plan Rows": 5089,
                                              "Plan Width": 10,
                                              "Actual Startup Time": 0.084,
                                              "Actual Total Time": 64.712,
                                              "Actual Rows": 91985,
                                              "Actual Loops": 5,
                                              "Inner Unique": true,
                                              "Hash Cond": "(mi_idx.info_type_id = it2.id)",
                                              "Plans": [
                                                {
                                                  "Node Type": "Seq Scan",
                                                  "Parent Relationship": "Outer",
                                                  "Parallel Aware": true,
                                                  "Relation Name": "movie_info_idx",
                                                  "Alias": "mi_idx",
                                                  "Startup Cost": 0.0,
                                                  "Total Cost": 13685.15,
                                                  "Plan Rows": 575015,
                                                  "Plan Width": 14,
                                                  "Actual Startup Time": 0.018,
                                                  "Actual Total Time": 29.595,
                                                  "Actual Rows": 276007,
                                                  "Actual Loops": 5
                                                },
                                                {
                                                  "Node Type": "Hash",
                                                  "Parent Relationship": "Inner",
                                                  "Parallel Aware": false,
                                                  "Startup Cost": 2.41,
                                                  "Total Cost": 2.41,
                                                  "Plan Rows": 1,
                                                  "Plan Width": 4,
                                                  "Actual Startup Time": 0.028,
                                                  "Actual Total Time": 0.029,
                                                  "Actual Rows": 1,
                                                  "Actual Loops": 5,
                                                  "Hash Buckets": 1024,
                                                  "Original Hash Buckets": 1024,
                                                  "Hash Batches": 1,
                                                  "Original Hash Batches": 1,
                                                  "Peak Memory Usage": 9,
                                                  "Plans": [
                                                    {
                                                      "Node Type": "Seq Scan",
                                                      "Parent Relationship": "Outer",
                                                      "Parallel Aware": false,
                                                      "Relation Name": "info_type",
                                                      "Alias": "it2",
                                                      "Startup Cost": 0.0,
                                                      "Total Cost": 2.41,
                                                      "Plan Rows": 1,
                                                      "Plan Width": 4,
                                                      "Actual Startup Time": 0.019,
                                                      "Actual Total Time": 0.022,
                                                      "Actual Rows": 1,
                                                      "Actual Loops": 5,
                                                      "Filter": "((info)::text = 'votes'::text)",
                                                      "Rows Removed by Filter": 112
                                                    }
                                                  ]
                                                }
                                              ]
                                            },
                                            {
                                              "Node Type": "Hash",
                                              "Parent Relationship": "Inner",
                                              "Parallel Aware": true,
                                              "Startup Cost": 260296.95,
                                              "Total Cost": 260296.95,
                                              "Plan Rows": 1,
                                              "Plan Width": 51,
                                              "Actual Startup Time": 937.888,
                                              "Actual Total Time": 937.968,
                                              "Actual Rows": 13608,
                                              "Actual Loops": 5,
                                              "Hash Buckets": 65536,
                                              "Original Hash Buckets": 1024,
                                              "Hash Batches": 1,
                                              "Original Hash Batches": 1,
                                              "Peak Memory Usage": 4376,
                                              "Plans": [
                                                {
                                                  "Node Type": "Hash Join",
                                                  "Parent Relationship": "Outer",
                                                  "Parallel Aware": true,
                                                  "Join Type": "Inner",
                                                  "Startup Cost": 46346.34,
                                                  "Total Cost": 260296.95,
                                                  "Plan Rows": 1,
                                                  "Plan Width": 51,
                                                  "Actual Startup Time": 831.156,
                                                  "Actual Total Time": 919.286,
                                                  "Actual Rows": 13608,
                                                  "Actual Loops": 5,
                                                  "Inner Unique": false,
                                                  "Hash Cond": "(mi.movie_id = mk.movie_id)",
                                                  "Plans": [
                                                    {
                                                      "Node Type": "Hash Join",
                                                      "Parent Relationship": "Outer",
                                                      "Parallel Aware": false,
                                                      "Join Type": "Inner",
                                                      "Startup Cost": 2.43,
                                                      "Total Cost": 213951.82,
                                                      "Plan Rows": 320,
                                                      "Plan Width": 47,
                                                      "Actual Startup Time": 551.701,
                                                      "Actual Total Time": 631.005,
                                                      "Actual Rows": 37319,
                                                      "Actual Loops": 5,
                                                      "Inner Unique": true,
                                                      "Hash Cond": "(mi.info_type_id = it1.id)",
                                                      "Plans": [
                                                        {
                                                          "Node Type": "Seq Scan",
                                                          "Parent Relationship": "Outer",
                                                          "Parallel Aware": true,
                                                          "Relation Name": "movie_info",
                                                          "Alias": "mi",
                                                          "Startup Cost": 0.0,
                                                          "Total Cost": 213851.0,
                                                          "Plan Rows": 36129,
                                                          "Plan Width": 51,
                                                          "Actual Startup Time": 365.491,
                                                          "Actual Total Time": 624.095,
                                                          "Actual Rows": 37794,
                                                          "Actual Loops": 5,
                                                          "Filter": "(info = ANY ('{Horror,Action,Sci-Fi,Thriller,Crime,War}'::text[]))",
                                                          "Rows Removed by Filter": 2929350
                                                        },
                                                        {
                                                          "Node Type": "Hash",
                                                          "Parent Relationship": "Inner",
                                                          "Parallel Aware": false,
                                                          "Startup Cost": 2.41,
                                                          "Total Cost": 2.41,
                                                          "Plan Rows": 1,
                                                          "Plan Width": 4,
                                                          "Actual Startup Time": 0.056,
                                                          "Actual Total Time": 0.057,
                                                          "Actual Rows": 1,
                                                          "Actual Loops": 5,
                                                          "Hash Buckets": 1024,
                                                          "Original Hash Buckets": 1024,
                                                          "Hash Batches": 1,
                                                          "Original Hash Batches": 1,
                                                          "Peak Memory Usage": 9,
                                                          "Plans": [
                                                            {
                                                              "Node Type": "Seq Scan",
                                                              "Parent Relationship": "Outer",
                                                              "Parallel Aware": false,
                                                              "Relation Name": "info_type",
                                                              "Alias": "it1",
                                                              "Startup Cost": 0.0,
                                                              "Total Cost": 2.41,
                                                              "Plan Rows": 1,
                                                              "Plan Width": 4,
                                                              "Actual Startup Time": 0.041,
                                                              "Actual Total Time": 0.048,
                                                              "Actual Rows": 1,
                                                              "Actual Loops": 5,
                                                              "Filter": "((info)::text = 'genres'::text)",
                                                              "Rows Removed by Filter": 112
                                                            }
                                                          ]
                                                        }
                                                      ]
                                                    },
                                                    {
                                                      "Node Type": "Hash",
                                                      "Parent Relationship": "Inner",
                                                      "Parallel Aware": true,
                                                      "Startup Cost": 46342.97,
                                                      "Total Cost": 46342.97,
                                                      "Plan Rows": 76,
                                                      "Plan Width": 4,
                                                      "Actual Startup Time": 279.256,
                                                      "Actual Total Time": 279.259,
                                                      "Actual Rows": 15343,
                                                      "Actual Loops": 5,
                                                      "Hash Buckets": 131072,
                                                      "Original Hash Buckets": 1024,
                                                      "Hash Batches": 1,
                                                      "Original Hash Batches": 1,
                                                      "Peak Memory Usage": 5144,
                                                      "Plans": [
                                                        {
                                                          "Node Type": "Hash Join",
                                                          "Parent Relationship": "Outer",
                                                          "Parallel Aware": false,
                                                          "Join Type": "Inner",
                                                          "Startup Cost": 3464.78,
                                                          "Total Cost": 46342.97,
                                                          "Plan Rows": 76,
                                                          "Plan Width": 4,
                                                          "Actual Startup Time": 43.782,
                                                          "Actual Total Time": 234.766,
                                                          "Actual Rows": 15343,
                                                          "Actual Loops": 5,
                                                          "Inner Unique": true,
                                                          "Hash Cond": "(mk.keyword_id = k.id)",
                                                          "Plans": [
                                                            {
                                                              "Node Type": "Seq Scan",
                                                              "Parent Relationship": "Outer",
                                                              "Parallel Aware": true,
                                                              "Relation Name": "movie_keyword",
                                                              "Alias": "mk",
                                                              "Startup Cost": 0.0,
                                                              "Total Cost": 39047.32,
                                                              "Plan Rows": 1459332,
                                                              "Plan Width": 8,
                                                              "Actual Startup Time": 0.03,
                                                              "Actual Total Time": 104.433,
                                                              "Actual Rows": 904786,
                                                              "Actual Loops": 5
                                                            },
                                                            {
                                                              "Node Type": "Hash",
                                                              "Parent Relationship": "Inner",
                                                              "Parallel Aware": false,
                                                              "Startup Cost": 3464.69,
                                                              "Total Cost": 3464.69,
                                                              "Plan Rows": 7,
                                                              "Plan Width": 4,
                                                              "Actual Startup Time": 43.666,
                                                              "Actual Total Time": 43.667,
                                                              "Actual Rows": 7,
                                                              "Actual Loops": 5,
                                                              "Hash Buckets": 1024,
                                                              "Original Hash Buckets": 1024,
                                                              "Hash Batches": 1,
                                                              "Original Hash Batches": 1,
                                                              "Peak Memory Usage": 9,
                                                              "Plans": [
                                                                {
                                                                  "Node Type": "Seq Scan",
                                                                  "Parent Relationship": "Outer",
                                                                  "Parallel Aware": false,
                                                                  "Relation Name": "keyword",
                                                                  "Alias": "k",
                                                                  "Startup Cost": 0.0,
                                                                  "Total Cost": 3464.69,
                                                                  "Plan Rows": 7,
                                                                  "Plan Width": 4,
                                                                  "Actual Startup Time": 1.752,
                                                                  "Actual Total Time": 43.644,
                                                                  "Actual Rows": 7,
                                                                  "Actual Loops": 5,
                                                                  "Filter": "(keyword = ANY ('{murder,violence,blood,gore,death,female-nudity,hospital}'::text[]))",
                                                                  "Rows Removed by Filter": 134163
                                                                }
                                                              ]
                                                            }
                                                          ]
                                                        }
                                                      ]
                                                    }
                                                  ]
                                                }
                                              ]
                                            }
                                          ]
                                        }
                                      ]
                                    }
                                  ]
                                }
                              ]
                            }
                          ]
                        }
                      ]
                    }
                  ]
                }
              ]
            }
          ]
        }
      ]
    },
    "Planning Time": 479.427,
    "Triggers": [],
    "Execution Time": 2473.935
  }
]