{
  "Plan": {
    "Node Type": "Aggregate",
    "Strategy": "Plain",
    "Partial Mode": "Finalize",
    "Parallel Aware": false,
    "Startup Cost": 36848.63,
    "Total Cost": 36848.64,
    "Plan Rows": 1,
    "Plan Width": 8,
    "Actual Startup Time": 58.155,
    "Actual Total Time": 61.366,
    "Actual Rows": 1,
    "Actual Loops": 1,
    "Plans": [
      {
        "Node Type": "Gather",
        "Parent Relationship": "Outer",
        "Parallel Aware": false,
        "Startup Cost": 36848.52,
        "Total Cost": 36848.63,
        "Plan Rows": 1,
        "Plan Width": 8,
        "Actual Startup Time": 57.603,
        "Actual Total Time": 61.361,
        "Actual Rows": 2,
        "Actual Loops": 1,
        "Workers Planned": 1,
        "Workers Launched": 1,
        "Single Copy": false,
        "Plans": [
          {
            "Node Type": "Aggregate",
            "Strategy": "Plain",
            "Partial Mode": "Partial",
            "Parent Relationship": "Outer",
            "Parallel Aware": false,
            "Startup Cost": 35848.52,
            "Total Cost": 35848.53,
            "Plan Rows": 1,
            "Plan Width": 8,
            "Actual Startup Time": 51.632,
            "Actual Total Time": 51.635,
            "Actual Rows": 1,
            "Actual Loops": 2,
            "Plans": [
              {
                "Node Type": "Nested Loop",
                "Parent Relationship": "Outer",
                "Parallel Aware": false,
                "Join Type": "Inner",
                "Startup Cost": 17998.81,
                "Total Cost": 35848.51,
                "Plan Rows": 5,
                "Plan Width": 0,
                "Actual Startup Time": 49.157,
                "Actual Total Time": 51.628,
                "Actual Rows": 1,
                "Actual Loops": 2,
                "Inner Unique": true,
                "Plans": [
                  {
                    "Node Type": "Bitmap Heap Scan",
                    "Parent Relationship": "Outer",
                    "Parallel Aware": true,
                    "Relation Name": "cast_info",
                    "Alias": "ci",
                    "Startup Cost": 17998.38,
                    "Total Cost": 25925.4,
                    "Plan Rows": 1254,
                    "Plan Width": 4,
                    "Actual Startup Time": 46.47,
                    "Actual Total Time": 46.566,
                    "Actual Rows": 649,
                    "Actual Loops": 2,
                    "Recheck Cond": "((person_id < 10316) AND (role_id = 5))",
                    "Rows Removed by Index Recheck": 0,
                    "Exact Heap Blocks": 28,
                    "Lossy Heap Blocks": 0,
                    "Plans": [
                      {
                        "Node Type": "BitmapAnd",
                        "Parent Relationship": "Outer",
                        "Parallel Aware": false,
                        "Startup Cost": 17998.38,
                        "Total Cost": 17998.38,
                        "Plan Rows": 2131,
                        "Plan Width": 0,
                        "Actual Startup Time": 51.858,
                        "Actual Total Time": 51.859,
                        "Actual Rows": 0,
                        "Actual Loops": 1,
                        "Plans": [
                          {
                            "Node Type": "Bitmap Index Scan",
                            "Parent Relationship": "Member",
                            "Parallel Aware": false,
                            "Index Name": "person_id_cast_info",
                            "Startup Cost": 0.0,
                            "Total Cost": 1863.75,
                            "Plan Rows": 85225,
                            "Plan Width": 0,
                            "Actual Startup Time": 10.79,
                            "Actual Total Time": 10.79,
                            "Actual Rows": 89146,
                            "Actual Loops": 1,
                            "Index Cond": "(person_id < 10316)"
                          },
                          {
                            "Node Type": "Bitmap Index Scan",
                            "Parent Relationship": "Member",
                            "Parallel Aware": false,
                            "Index Name": "role_id_cast_info",
                            "Startup Cost": 0.0,
                            "Total Cost": 16133.32,
                            "Plan Rows": 905700,
                            "Plan Width": 0,
                            "Actual Startup Time": 41.012,
                            "Actual Total Time": 41.012,
                            "Actual Rows": 898389,
                            "Actual Loops": 1,
                            "Index Cond": "(role_id = 5)"
                          }
                        ]
                      }
                    ]
                  },
                  {
                    "Node Type": "Index Scan",
                    "Parent Relationship": "Inner",
                    "Parallel Aware": false,
                    "Scan Direction": "Forward",
                    "Index Name": "title_pkey",
                    "Relation Name": "title",
                    "Alias": "t",
                    "Startup Cost": 0.43,
                    "Total Cost": 7.91,
                    "Plan Rows": 1,
                    "Plan Width": 4,
                    "Actual Startup Time": 0.008,
                    "Actual Total Time": 0.008,
                    "Actual Rows": 0,
                    "Actual Loops": 1298,
                    "Index Cond": "(id = ci.movie_id)",
                    "Rows Removed by Index Recheck": 0,
                    "Filter": "(production_year = 1962)",
                    "Rows Removed by Filter": 1
                  }
                ]
              }
            ]
          }
        ]
      }
    ]
  },
  "Planning Time": 0.56,
  "Triggers": [],
  "Execution Time": 61.457
}