[
  {
    "Plan": {
      "Node Type": "Aggregate",
      "Strategy": "Plain",
      "Partial Mode": "Finalize",
      "Parallel Aware": false,
      "Startup Cost": 32973.84,
      "Total Cost": 32973.85,
      "Plan Rows": 1,
      "Plan Width": 8,
      "Actual Startup Time": 98.117,
      "Actual Total Time": 106.806,
      "Actual Rows": 1,
      "Actual Loops": 1,
      "Plans": [
        {
          "Node Type": "Gather",
          "Parent Relationship": "Outer",
          "Parallel Aware": false,
          "Startup Cost": 32973.53,
          "Total Cost": 32973.84,
          "Plan Rows": 3,
          "Plan Width": 8,
          "Actual Startup Time": 97.994,
          "Actual Total Time": 106.797,
          "Actual Rows": 4,
          "Actual Loops": 1,
          "Workers Planned": 3,
          "Workers Launched": 3,
          "Single Copy": false,
          "Plans": [
            {
              "Node Type": "Aggregate",
              "Strategy": "Plain",
              "Partial Mode": "Partial",
              "Parent Relationship": "Outer",
              "Parallel Aware": false,
              "Startup Cost": 31973.53,
              "Total Cost": 31973.54,
              "Plan Rows": 1,
              "Plan Width": 8,
              "Actual Startup Time": 90.793,
              "Actual Total Time": 90.794,
              "Actual Rows": 1,
              "Actual Loops": 4,
              "Plans": [
                {
                  "Node Type": "Seq Scan",
                  "Parent Relationship": "Outer",
                  "Parallel Aware": true,
                  "Relation Name": "movie_companies",
                  "Alias": "mc",
                  "Startup Cost": 0.0,
                  "Total Cost": 31414.82,
                  "Plan Rows": 223483,
                  "Plan Width": 0,
                  "Actual Startup Time": 52.879,
                  "Actual Total Time": 85.756,
                  "Actual Rows": 110503,
                  "Actual Loops": 4,
                  "Filter": "((company_id < 11684) AND (company_type_id = 2))",
                  "Rows Removed by Filter": 541779
                }
              ]
            }
          ]
        }
      ]
    },
    "Planning Time": 0.217,
    "Triggers": [],
    "Execution Time": 106.86
  }
]