[
  {
    "Plan": {
      "Node Type": "Aggregate",
      "Strategy": "Plain",
      "Partial Mode": "Finalize",
      "Parallel Aware": false,
      "Startup Cost": 85784.39,
      "Total Cost": 85784.4,
      "Plan Rows": 1,
      "Plan Width": 64,
      "Actual Startup Time": 898.957,
      "Actual Total Time": 986.15,
      "Actual Rows": 1,
      "Actual Loops": 1,
      "Plans": [
        {
          "Node Type": "Gather",
          "Parent Relationship": "Outer",
          "Parallel Aware": false,
          "Startup Cost": 85784.07,
          "Total Cost": 85784.38,
          "Plan Rows": 3,
          "Plan Width": 64,
          "Actual Startup Time": 898.628,
          "Actual Total Time": 986.133,
          "Actual Rows": 4,
          "Actual Loops": 1,
          "Workers Planned": 3,
          "Workers Launched": 3,
          "Single Copy": false,
          "Plans": [
            {
              "Node Type": "Aggregate",
              "Strategy": "Plain",
              "Partial Mode": "Partial",
              "Parent Relationship": "Outer",
              "Parallel Aware": false,
              "Startup Cost": 84784.07,
              "Total Cost": 84784.08,
              "Plan Rows": 1,
              "Plan Width": 64,
              "Actual Startup Time": 890.49,
              "Actual Total Time": 890.497,
              "Actual Rows": 1,
              "Actual Loops": 4,
              "Plans": [
                {
                  "Node Type": "Nested Loop",
                  "Parent Relationship": "Outer",
                  "Parallel Aware": false,
                  "Join Type": "Inner",
                  "Startup Cost": 4838.47,
                  "Total Cost": 84784.04,
                  "Plan Rows": 5,
                  "Plan Width": 33,
                  "Actual Startup Time": 534.22,
                  "Actual Total Time": 890.487,
                  "Actual Rows": 0,
                  "Actual Loops": 4,
                  "Inner Unique": true,
                  "Plans": [
                    {
                      "Node Type": "Nested Loop",
                      "Parent Relationship": "Outer",
                      "Parallel Aware": false,
                      "Join Type": "Inner",
                      "Startup Cost": 4838.34,
                      "Total Cost": 84783.15,
                      "Plan Rows": 5,
                      "Plan Width": 37,
                      "Actual Startup Time": 534.195,
                      "Actual Total Time": 890.46,
                      "Actual Rows": 0,
                      "Actual Loops": 4,
                      "Inner Unique": true,
                      "Plans": [
                        {
                          "Node Type": "Nested Loop",
                          "Parent Relationship": "Outer",
                          "Parallel Aware": false,
                          "Join Type": "Inner",
                          "Startup Cost": 4838.21,
                          "Total Cost": 84782.42,
                          "Plan Rows": 5,
                          "Plan Width": 41,
                          "Actual Startup Time": 534.166,
                          "Actual Total Time": 890.43,
                          "Actual Rows": 0,
                          "Actual Loops": 4,
                          "Inner Unique": true,
                          "Plans": [
                            {
                              "Node Type": "Nested Loop",
                              "Parent Relationship": "Outer",
                              "Parallel Aware": false,
                              "Join Type": "Inner",
                              "Startup Cost": 4837.78,
                              "Total Cost": 84740.69,
                              "Plan Rows": 5,
                              "Plan Width": 29,
                              "Actual Startup Time": 534.105,
                              "Actual Total Time": 890.368,
                              "Actual Rows": 0,
                              "Actual Loops": 4,
                              "Inner Unique": false,
                              "Join Filter": "(t.id = ci.movie_id)",
                              "Rows Removed by Join Filter": 0,
                              "Plans": [
                                {
                                  "Node Type": "Nested Loop",
                                  "Parent Relationship": "Outer",
                                  "Parallel Aware": false,
                                  "Join Type": "Inner",
                                  "Startup Cost": 4837.21,
                                  "Total Cost": 63037.98,
                                  "Plan Rows": 11641,
                                  "Plan Width": 29,
                                  "Actual Startup Time": 21.432,
                                  "Actual Total Time": 413.58,
                                  "Actual Rows": 7606,
                                  "Actual Loops": 4,
                                  "Inner Unique": true,
                                  "Plans": [
                                    {
                                      "Node Type": "Hash Join",
                                      "Parent Relationship": "Outer",
                                      "Parallel Aware": true,
                                      "Join Type": "Inner",
                                      "Startup Cost": 4836.78,
                                      "Total Cost": 34252.72,
                                      "Plan Rows": 55464,
                                      "Plan Width": 8,
                                      "Actual Startup Time": 21.249,
                                      "Actual Total Time": 205.675,
                                      "Actual Rows": 51184,
                                      "Actual Loops": 4,
                                      "Inner Unique": true,
                                      "Hash Cond": "(mc.company_id = cn.id)",
                                      "Plans": [
                                        {
                                          "Node Type": "Seq Scan",
                                          "Parent Relationship": "Outer",
                                          "Parallel Aware": true,
                                          "Relation Name": "movie_companies",
                                          "Alias": "mc",
                                          "Startup Cost": 0.0,
                                          "Total Cost": 27206.55,
                                          "Plan Rows": 841655,
                                          "Plan Width": 12,
                                          "Actual Startup Time": 0.033,
                                          "Actual Total Time": 74.981,
                                          "Actual Rows": 652282,
                                          "Actual Loops": 4
                                        },
                                        {
                                          "Node Type": "Hash",
                                          "Parent Relationship": "Inner",
                                          "Parallel Aware": true,
                                          "Startup Cost": 4722.92,
                                          "Total Cost": 4722.92,
                                          "Plan Rows": 9109,
                                          "Plan Width": 4,
                                          "Actual Startup Time": 20.191,
                                          "Actual Total Time": 20.192,
                                          "Actual Rows": 4011,
                                          "Actual Loops": 4,
                                          "Hash Buckets": 16384,
                                          "Original Hash Buckets": 16384,
                                          "Hash Batches": 1,
                                          "Original Hash Batches": 1,
                                          "Peak Memory Usage": 800,
                                          "Plans": [
                                            {
                                              "Node Type": "Seq Scan",
                                              "Parent Relationship": "Outer",
                                              "Parallel Aware": true,
                                              "Relation Name": "company_name",
                                              "Alias": "cn",
                                              "Startup Cost": 0.0,
                                              "Total Cost": 4722.92,
                                              "Plan Rows": 9109,
                                              "Plan Width": 4,
                                              "Actual Startup Time": 0.055,
                                              "Actual Total Time": 18.111,
                                              "Actual Rows": 4011,
                                              "Actual Loops": 4,
                                              "Filter": "((country_code)::text = '[gb]'::text)",
                                              "Rows Removed by Filter": 54738
                                            }
                                          ]
                                        }
                                      ]
                                    },
                                    {
                                      "Node Type": "Index Scan",
                                      "Parent Relationship": "Inner",
                                      "Parallel Aware": false,
                                      "Scan Direction": "Forward",
                                      "Index Name": "title_pkey",
                                      "Relation Name": "title",
                                      "Alias": "t",
                                      "Startup Cost": 0.43,
                                      "Total Cost": 0.52,
                                      "Plan Rows": 1,
                                      "Plan Width": 21,
                                      "Actual Startup Time": 0.004,
                                      "Actual Total Time": 0.004,
                                      "Actual Rows": 0,
                                      "Actual Loops": 204735,
                                      "Index Cond": "(id = mc.movie_id)",
                                      "Rows Removed by Index Recheck": 0,
                                      "Filter": "(production_year > 2009)",
                                      "Rows Removed by Filter": 1
                                    }
                                  ]
                                },
                                {
                                  "Node Type": "Index Scan",
                                  "Parent Relationship": "Inner",
                                  "Parallel Aware": false,
                                  "Scan Direction": "Forward",
                                  "Index Name": "movie_id_cast_info",
                                  "Relation Name": "cast_info",
                                  "Alias": "ci",
                                  "Startup Cost": 0.56,
                                  "Total Cost": 1.85,
                                  "Plan Rows": 1,
                                  "Plan Width": 12,
                                  "Actual Startup Time": 0.062,
                                  "Actual Total Time": 0.062,
                                  "Actual Rows": 0,
                                  "Actual Loops": 30423,
                                  "Index Cond": "(movie_id = mc.movie_id)",
                                  "Rows Removed by Index Recheck": 0,
                                  "Filter": "(note ~~ '%Marcy%'::text)",
                                  "Rows Removed by Filter": 29
                                }
                              ]
                            },
                            {
                              "Node Type": "Index Scan",
                              "Parent Relationship": "Inner",
                              "Parallel Aware": false,
                              "Scan Direction": "Forward",
                              "Index Name": "char_name_pkey",
                              "Relation Name": "char_name",
                              "Alias": "chn",
                              "Startup Cost": 0.43,
                              "Total Cost": 8.35,
                              "Plan Rows": 1,
                              "Plan Width": 20,
                              "Actual Startup Time": 0.118,
                              "Actual Total Time": 0.119,
                              "Actual Rows": 1,
                              "Actual Loops": 2,
                              "Index Cond": "(id = ci.person_role_id)",
                              "Rows Removed by Index Recheck": 0
                            }
                          ]
                        },
                        {
                          "Node Type": "Index Only Scan",
                          "Parent Relationship": "Inner",
                          "Parallel Aware": false,
                          "Scan Direction": "Forward",
                          "Index Name": "company_type_pkey",
                          "Relation Name": "company_type",
                          "Alias": "ct",
                          "Startup Cost": 0.13,
                          "Total Cost": 0.15,
                          "Plan Rows": 1,
                          "Plan Width": 4,
                          "Actual Startup Time": 0.055,
                          "Actual Total Time": 0.055,
                          "Actual Rows": 1,
                          "Actual Loops": 2,
                          "Index Cond": "(id = mc.company_type_id)",
                          "Rows Removed by Index Recheck": 0,
                          "Heap Fetches": 2
                        }
                      ]
                    },
                    {
                      "Node Type": "Index Only Scan",
                      "Parent Relationship": "Inner",
                      "Parallel Aware": false,
                      "Scan Direction": "Forward",
                      "Index Name": "role_type_pkey",
                      "Relation Name": "role_type",
                      "Alias": "rt",
                      "Startup Cost": 0.14,
                      "Total Cost": 0.18,
                      "Plan Rows": 1,
                      "Plan Width": 4,
                      "Actual Startup Time": 0.048,
                      "Actual Total Time": 0.048,
                      "Actual Rows": 1,
                      "Actual Loops": 2,
                      "Index Cond": "(id = ci.role_id)",
                      "Rows Removed by Index Recheck": 0,
                      "Heap Fetches": 2
                    }
                  ]
                }
              ]
            }
          ]
        }
      ]
    },
    "Planning Time": 11.852,
    "Triggers": [],
    "Execution Time": 986.643
  }
]