[
  {
    "Plan": {
      "Node Type": "Aggregate",
      "Strategy": "Plain",
      "Partial Mode": "Finalize",
      "Parallel Aware": false,
      "Startup Cost": 62040.47,
      "Total Cost": 62040.48,
      "Plan Rows": 1,
      "Plan Width": 8,
      "Actual Startup Time": 254.469,
      "Actual Total Time": 270.895,
      "Actual Rows": 1,
      "Actual Loops": 1,
      "Plans": [
        {
          "Node Type": "Gather",
          "Parent Relationship": "Outer",
          "Parallel Aware": false,
          "Startup Cost": 62040.25,
          "Total Cost": 62040.46,
          "Plan Rows": 2,
          "Plan Width": 8,
          "Actual Startup Time": 252.822,
          "Actual Total Time": 270.886,
          "Actual Rows": 3,
          "Actual Loops": 1,
          "Workers Planned": 2,
          "Workers Launched": 2,
          "Single Copy": false,
          "Plans": [
            {
              "Node Type": "Aggregate",
              "Strategy": "Plain",
              "Partial Mode": "Partial",
              "Parent Relationship": "Outer",
              "Parallel Aware": false,
              "Startup Cost": 61040.25,
              "Total Cost": 61040.26,
              "Plan Rows": 1,
              "Plan Width": 8,
              "Actual Startup Time": 249.629,
              "Actual Total Time": 249.724,
              "Actual Rows": 1,
              "Actual Loops": 3,
              "Plans": [
                {
                  "Node Type": "Hash Join",
                  "Parent Relationship": "Outer",
                  "Parallel Aware": true,
                  "Join Type": "Inner",
                  "Startup Cost": 45789.34,
                  "Total Cost": 60983.9,
                  "Plan Rows": 22542,
                  "Plan Width": 0,
                  "Actual Startup Time": 180.476,
                  "Actual Total Time": 246.844,
                  "Actual Rows": 57192,
                  "Actual Loops": 3,
                  "Inner Unique": true,
                  "Hash Cond": "(mi_idx.movie_id = t.id)",
                  "Plans": [
                    {
                      "Node Type": "Seq Scan",
                      "Parent Relationship": "Outer",
                      "Parallel Aware": true,
                      "Relation Name": "movie_info_idx",
                      "Alias": "mi_idx",
                      "Startup Cost": 0.0,
                      "Total Cost": 13685.15,
                      "Plan Rows": 575015,
                      "Plan Width": 4,
                      "Actual Startup Time": 0.013,
                      "Actual Total Time": 42.496,
                      "Actual Rows": 460012,
                      "Actual Loops": 3
                    },
                    {
                      "Node Type": "Hash",
                      "Parent Relationship": "Inner",
                      "Parallel Aware": true,
                      "Startup Cost": 45479.59,
                      "Total Cost": 45479.59,
                      "Plan Rows": 24780,
                      "Plan Width": 4,
                      "Actual Startup Time": 140.647,
                      "Actual Total Time": 140.648,
                      "Actual Rows": 78549,
                      "Actual Loops": 3,
                      "Hash Buckets": 262144,
                      "Original Hash Buckets": 131072,
                      "Hash Batches": 1,
                      "Original Hash Batches": 1,
                      "Peak Memory Usage": 12352,
                      "Plans": [
                        {
                          "Node Type": "Seq Scan",
                          "Parent Relationship": "Outer",
                          "Parallel Aware": true,
                          "Relation Name": "title",
                          "Alias": "t",
                          "Startup Cost": 0.0,
                          "Total Cost": 45479.59,
                          "Plan Rows": 24780,
                          "Plan Width": 4,
                          "Actual Startup Time": 58.678,
                          "Actual Total Time": 111.705,
                          "Actual Rows": 78549,
                          "Actual Loops": 3,
                          "Filter": "((production_year < 1972) AND (kind_id = 1))",
                          "Rows Removed by Filter": 764222
                        }
                      ]
                    }
                  ]
                }
              ]
            }
          ]
        }
      ]
    },
    "Planning Time": 0.549,
    "Triggers": [],
    "Execution Time": 270.926
  }
]