[
  {
    "Plan": {
      "Node Type": "Aggregate",
      "Strategy": "Plain",
      "Partial Mode": "Finalize",
      "Parallel Aware": false,
      "Startup Cost": 122358.85,
      "Total Cost": 122358.86,
      "Plan Rows": 1,
      "Plan Width": 8,
      "Actual Startup Time": 770.853,
      "Actual Total Time": 795.221,
      "Actual Rows": 1,
      "Actual Loops": 1,
      "Plans": [
        {
          "Node Type": "Gather",
          "Parent Relationship": "Outer",
          "Parallel Aware": false,
          "Startup Cost": 122358.53,
          "Total Cost": 122358.84,
          "Plan Rows": 3,
          "Plan Width": 8,
          "Actual Startup Time": 750.881,
          "Actual Total Time": 795.204,
          "Actual Rows": 4,
          "Actual Loops": 1,
          "Workers Planned": 3,
          "Workers Launched": 3,
          "Single Copy": false,
          "Plans": [
            {
              "Node Type": "Aggregate",
              "Strategy": "Plain",
              "Partial Mode": "Partial",
              "Parent Relationship": "Outer",
              "Parallel Aware": false,
              "Startup Cost": 121358.53,
              "Total Cost": 121358.54,
              "Plan Rows": 1,
              "Plan Width": 8,
              "Actual Startup Time": 740.604,
              "Actual Total Time": 740.61,
              "Actual Rows": 1,
              "Actual Loops": 4,
              "Plans": [
                {
                  "Node Type": "Hash Join",
                  "Parent Relationship": "Outer",
                  "Parallel Aware": true,
                  "Join Type": "Inner",
                  "Startup Cost": 90024.59,
                  "Total Cost": 120934.49,
                  "Plan Rows": 169618,
                  "Plan Width": 0,
                  "Actual Startup Time": 505.227,
                  "Actual Total Time": 710.41,
                  "Actual Rows": 748973,
                  "Actual Loops": 4,
                  "Inner Unique": false,
                  "Hash Cond": "(mc.movie_id = t.id)",
                  "Plans": [
                    {
                      "Node Type": "Seq Scan",
                      "Parent Relationship": "Outer",
                      "Parallel Aware": true,
                      "Relation Name": "movie_companies",
                      "Alias": "mc",
                      "Startup Cost": 0.0,
                      "Total Cost": 27206.55,
                      "Plan Rows": 841655,
                      "Plan Width": 4,
                      "Actual Startup Time": 0.014,
                      "Actual Total Time": 54.387,
                      "Actual Rows": 652282,
                      "Actual Loops": 4
                    },
                    {
                      "Node Type": "Hash",
                      "Parent Relationship": "Inner",
                      "Parallel Aware": true,
                      "Startup Cost": 87969.95,
                      "Total Cost": 87969.95,
                      "Plan Rows": 164371,
                      "Plan Width": 8,
                      "Actual Startup Time": 503.59,
                      "Actual Total Time": 503.595,
                      "Actual Rows": 127372,
                      "Actual Loops": 4,
                      "Hash Buckets": 524288,
                      "Original Hash Buckets": 524288,
                      "Hash Batches": 1,
                      "Original Hash Batches": 1,
                      "Peak Memory Usage": 24064,
                      "Plans": [
                        {
                          "Node Type": "Hash Join",
                          "Parent Relationship": "Outer",
                          "Parallel Aware": true,
                          "Join Type": "Inner",
                          "Startup Cost": 61029.84,
                          "Total Cost": 87969.95,
                          "Plan Rows": 164371,
                          "Plan Width": 8,
                          "Actual Startup Time": 364.515,
                          "Actual Total Time": 468.319,
                          "Actual Rows": 127372,
                          "Actual Loops": 4,
                          "Inner Unique": true,
                          "Hash Cond": "(mk.movie_id = t.id)",
                          "Plans": [
                            {
                              "Node Type": "Bitmap Heap Scan",
                              "Parent Relationship": "Outer",
                              "Parallel Aware": true,
                              "Relation Name": "movie_keyword",
                              "Alias": "mk",
                              "Startup Cost": 10809.45,
                              "Total Cost": 37318.09,
                              "Plan Rows": 164371,
                              "Plan Width": 4,
                              "Actual Startup Time": 31.081,
                              "Actual Total Time": 80.917,
                              "Actual Rows": 127372,
                              "Actual Loops": 4,
                              "Recheck Cond": "(keyword_id < 373)",
                              "Rows Removed by Index Recheck": 0,
                              "Exact Heap Blocks": 7012,
                              "Lossy Heap Blocks": 0,
                              "Plans": [
                                {
                                  "Node Type": "Bitmap Index Scan",
                                  "Parent Relationship": "Outer",
                                  "Parallel Aware": false,
                                  "Index Name": "keyword_id_movie_keyword",
                                  "Startup Cost": 0.0,
                                  "Total Cost": 10682.07,
                                  "Plan Rows": 509551,
                                  "Plan Width": 0,
                                  "Actual Startup Time": 27.5,
                                  "Actual Total Time": 27.501,
                                  "Actual Rows": 509486,
                                  "Actual Loops": 1,
                                  "Index Cond": "(keyword_id < 373)"
                                }
                              ]
                            },
                            {
                              "Node Type": "Hash",
                              "Parent Relationship": "Inner",
                              "Parallel Aware": true,
                              "Startup Cost": 42319.06,
                              "Total Cost": 42319.06,
                              "Plan Rows": 632106,
                              "Plan Width": 4,
                              "Actual Startup Time": 327.074,
                              "Actual Total Time": 327.075,
                              "Actual Rows": 632078,
                              "Actual Loops": 4,
                              "Hash Buckets": 4194304,
                              "Original Hash Buckets": 4194304,
                              "Hash Batches": 1,
                              "Original Hash Batches": 1,
                              "Peak Memory Usage": 131744,
                              "Plans": [
                                {
                                  "Node Type": "Seq Scan",
                                  "Parent Relationship": "Outer",
                                  "Parallel Aware": true,
                                  "Relation Name": "title",
                                  "Alias": "t",
                                  "Startup Cost": 0.0,
                                  "Total Cost": 42319.06,
                                  "Plan Rows": 632106,
                                  "Plan Width": 4,
                                  "Actual Startup Time": 0.044,
                                  "Actual Total Time": 95.61,
                                  "Actual Rows": 632078,
                                  "Actual Loops": 4
                                }
                              ]
                            }
                          ]
                        }
                      ]
                    }
                  ]
                }
              ]
            }
          ]
        }
      ]
    },
    "Planning Time": 0.439,
    "Triggers": [],
    "Execution Time": 795.27
  }
]