{
  "Plan": {
    "Node Type": "Aggregate",
    "Strategy": "Plain",
    "Partial Mode": "Finalize",
    "Parallel Aware": false,
    "Startup Cost": 369775.72,
    "Total Cost": 369775.73,
    "Plan Rows": 1,
    "Plan Width": 8,
    "Actual Startup Time": 1050.027,
    "Actual Total Time": 1074.198,
    "Actual Rows": 1,
    "Actual Loops": 1,
    "Plans": [
      {
        "Node Type": "Gather",
        "Parent Relationship": "Outer",
        "Parallel Aware": false,
        "Startup Cost": 369775.61,
        "Total Cost": 369775.72,
        "Plan Rows": 1,
        "Plan Width": 8,
        "Actual Startup Time": 1042.339,
        "Actual Total Time": 1074.188,
        "Actual Rows": 2,
        "Actual Loops": 1,
        "Workers Planned": 1,
        "Workers Launched": 1,
        "Single Copy": false,
        "Plans": [
          {
            "Node Type": "Aggregate",
            "Strategy": "Plain",
            "Partial Mode": "Partial",
            "Parent Relationship": "Outer",
            "Parallel Aware": false,
            "Startup Cost": 368775.61,
            "Total Cost": 368775.62,
            "Plan Rows": 1,
            "Plan Width": 8,
            "Actual Startup Time": 1032.025,
            "Actual Total Time": 1032.362,
            "Actual Rows": 1,
            "Actual Loops": 2,
            "Plans": [
              {
                "Node Type": "Hash Join",
                "Parent Relationship": "Outer",
                "Parallel Aware": true,
                "Join Type": "Inner",
                "Startup Cost": 348750.1,
                "Total Cost": 368498.7,
                "Plan Rows": 110764,
                "Plan Width": 0,
                "Actual Startup Time": 825.852,
                "Actual Total Time": 1020.36,
                "Actual Rows": 240457,
                "Actual Loops": 2,
                "Inner Unique": false,
                "Hash Cond": "(mi_idx.movie_id = t.id)",
                "Plans": [
                  {
                    "Node Type": "Seq Scan",
                    "Parent Relationship": "Outer",
                    "Parallel Aware": true,
                    "Relation Name": "movie_info_idx",
                    "Alias": "mi_idx",
                    "Startup Cost": 0.0,
                    "Total Cost": 16052.85,
                    "Plan Rows": 811785,
                    "Plan Width": 4,
                    "Actual Startup Time": 0.017,
                    "Actual Total Time": 61.234,
                    "Actual Rows": 690018,
                    "Actual Loops": 2
                  },
                  {
                    "Node Type": "Hash",
                    "Parent Relationship": "Inner",
                    "Parallel Aware": true,
                    "Startup Cost": 346213.54,
                    "Total Cost": 346213.54,
                    "Plan Rows": 202925,
                    "Plan Width": 8,
                    "Actual Startup Time": 822.363,
                    "Actual Total Time": 822.698,
                    "Actual Rows": 169649,
                    "Actual Loops": 2,
                    "Hash Buckets": 524288,
                    "Original Hash Buckets": 524288,
                    "Hash Batches": 1,
                    "Original Hash Batches": 1,
                    "Peak Memory Usage": 17408,
                    "Plans": [
                      {
                        "Node Type": "Hash Join",
                        "Parent Relationship": "Outer",
                        "Parallel Aware": true,
                        "Join Type": "Inner",
                        "Startup Cost": 77082.81,
                        "Total Cost": 346213.54,
                        "Plan Rows": 202925,
                        "Plan Width": 8,
                        "Actual Startup Time": 638.665,
                        "Actual Total Time": 767.099,
                        "Actual Rows": 169649,
                        "Actual Loops": 2,
                        "Inner Unique": true,
                        "Hash Cond": "(ci.movie_id = t.id)",
                        "Plans": [
                          {
                            "Node Type": "Bitmap Heap Scan",
                            "Parent Relationship": "Outer",
                            "Parallel Aware": true,
                            "Relation Name": "cast_info",
                            "Alias": "ci",
                            "Startup Cost": 7622.11,
                            "Total Cost": 276220.16,
                            "Plan Rows": 202925,
                            "Plan Width": 4,
                            "Actual Startup Time": 10.84,
                            "Actual Total Time": 36.093,
                            "Actual Rows": 169649,
                            "Actual Loops": 2,
                            "Recheck Cond": "(person_id > 3999737)",
                            "Rows Removed by Index Recheck": 0,
                            "Exact Heap Blocks": 2582,
                            "Lossy Heap Blocks": 0,
                            "Plans": [
                              {
                                "Node Type": "Bitmap Index Scan",
                                "Parent Relationship": "Outer",
                                "Parallel Aware": false,
                                "Index Name": "person_id_cast_info",
                                "Startup Cost": 0.0,
                                "Total Cost": 7535.86,
                                "Plan Rows": 344973,
                                "Plan Width": 0,
                                "Actual Startup Time": 10.179,
                                "Actual Total Time": 10.179,
                                "Actual Rows": 339298,
                                "Actual Loops": 1,
                                "Index Cond": "(person_id > 3999737)"
                              }
                            ]
                          },
                          {
                            "Node Type": "Hash",
                            "Parent Relationship": "Inner",
                            "Parallel Aware": true,
                            "Startup Cost": 50870.31,
                            "Total Cost": 50870.31,
                            "Plan Rows": 1487231,
                            "Plan Width": 4,
                            "Actual Startup Time": 614.104,
                            "Actual Total Time": 614.105,
                            "Actual Rows": 1264156,
                            "Actual Loops": 2,
                            "Hash Buckets": 4194304,
                            "Original Hash Buckets": 4194304,
                            "Hash Batches": 1,
                            "Original Hash Batches": 1,
                            "Peak Memory Usage": 131712,
                            "Plans": [
                              {
                                "Node Type": "Seq Scan",
                                "Parent Relationship": "Outer",
                                "Parallel Aware": true,
                                "Relation Name": "title",
                                "Alias": "t",
                                "Startup Cost": 0.0,
                                "Total Cost": 50870.31,
                                "Plan Rows": 1487231,
                                "Plan Width": 4,
                                "Actual Startup Time": 0.025,
                                "Actual Total Time": 177.488,
                                "Actual Rows": 1264156,
                                "Actual Loops": 2
                              }
                            ]
                          }
                        ]
                      }
                    ]
                  }
                ]
              }
            ]
          }
        ]
      }
    ]
  },
  "Planning Time": 0.525,
  "Triggers": [],
  "Execution Time": 1074.28
}