[
  {
    "Plan": {
      "Node Type": "Aggregate",
      "Strategy": "Plain",
      "Partial Mode": "Finalize",
      "Parallel Aware": false,
      "Startup Cost": 116871.49,
      "Total Cost": 116871.5,
      "Plan Rows": 1,
      "Plan Width": 8,
      "Actual Startup Time": 635.52,
      "Actual Total Time": 680.949,
      "Actual Rows": 1,
      "Actual Loops": 1,
      "Plans": [
        {
          "Node Type": "Gather",
          "Parent Relationship": "Outer",
          "Parallel Aware": false,
          "Startup Cost": 116871.17,
          "Total Cost": 116871.48,
          "Plan Rows": 3,
          "Plan Width": 8,
          "Actual Startup Time": 634.272,
          "Actual Total Time": 680.94,
          "Actual Rows": 4,
          "Actual Loops": 1,
          "Workers Planned": 3,
          "Workers Launched": 3,
          "Single Copy": false,
          "Plans": [
            {
              "Node Type": "Aggregate",
              "Strategy": "Plain",
              "Partial Mode": "Partial",
              "Parent Relationship": "Outer",
              "Parallel Aware": false,
              "Startup Cost": 115871.17,
              "Total Cost": 115871.18,
              "Plan Rows": 1,
              "Plan Width": 8,
              "Actual Startup Time": 626.956,
              "Actual Total Time": 627.032,
              "Actual Rows": 1,
              "Actual Loops": 4,
              "Plans": [
                {
                  "Node Type": "Nested Loop",
                  "Parent Relationship": "Outer",
                  "Parallel Aware": false,
                  "Join Type": "Inner",
                  "Startup Cost": 45855.2,
                  "Total Cost": 115656.63,
                  "Plan Rows": 85817,
                  "Plan Width": 0,
                  "Actual Startup Time": 157.496,
                  "Actual Total Time": 606.14,
                  "Actual Rows": 423878,
                  "Actual Loops": 4,
                  "Inner Unique": false,
                  "Join Filter": "(t.id = mi.movie_id)",
                  "Rows Removed by Join Filter": 0,
                  "Plans": [
                    {
                      "Node Type": "Hash Join",
                      "Parent Relationship": "Outer",
                      "Parallel Aware": true,
                      "Join Type": "Inner",
                      "Startup Cost": 45854.76,
                      "Total Cost": 78077.57,
                      "Plan Rows": 14615,
                      "Plan Width": 8,
                      "Actual Startup Time": 157.385,
                      "Actual Total Time": 241.757,
                      "Actual Rows": 31398,
                      "Actual Loops": 4,
                      "Inner Unique": true,
                      "Hash Cond": "(mc.movie_id = t.id)",
                      "Plans": [
                        {
                          "Node Type": "Seq Scan",
                          "Parent Relationship": "Outer",
                          "Parallel Aware": true,
                          "Relation Name": "movie_companies",
                          "Alias": "mc",
                          "Startup Cost": 0.0,
                          "Total Cost": 31414.82,
                          "Plan Rows": 307807,
                          "Plan Width": 4,
                          "Actual Startup Time": 35.333,
                          "Actual Total Time": 74.325,
                          "Actual Rows": 161223,
                          "Actual Loops": 4,
                          "Filter": "((company_id < 39438) AND (company_type_id = 2))",
                          "Rows Removed by Filter": 491059
                        },
                        {
                          "Node Type": "Hash",
                          "Parent Relationship": "Inner",
                          "Parallel Aware": true,
                          "Startup Cost": 45479.59,
                          "Total Cost": 45479.59,
                          "Plan Rows": 30014,
                          "Plan Width": 4,
                          "Actual Startup Time": 121.062,
                          "Actual Total Time": 121.063,
                          "Actual Rows": 56977,
                          "Actual Loops": 4,
                          "Hash Buckets": 262144,
                          "Original Hash Buckets": 131072,
                          "Hash Batches": 1,
                          "Original Hash Batches": 1,
                          "Peak Memory Usage": 12064,
                          "Plans": [
                            {
                              "Node Type": "Seq Scan",
                              "Parent Relationship": "Outer",
                              "Parallel Aware": true,
                              "Relation Name": "title",
                              "Alias": "t",
                              "Startup Cost": 0.0,
                              "Total Cost": 45479.59,
                              "Plan Rows": 30014,
                              "Plan Width": 4,
                              "Actual Startup Time": 0.109,
                              "Actual Total Time": 96.314,
                              "Actual Rows": 56977,
                              "Actual Loops": 4,
                              "Filter": "((kind_id < 7) AND (production_year < 1967))",
                              "Rows Removed by Filter": 575101
                            }
                          ]
                        }
                      ]
                    },
                    {
                      "Node Type": "Index Only Scan",
                      "Parent Relationship": "Inner",
                      "Parallel Aware": false,
                      "Scan Direction": "Forward",
                      "Index Name": "movie_id_movie_info",
                      "Relation Name": "movie_info",
                      "Alias": "mi",
                      "Startup Cost": 0.43,
                      "Total Cost": 2.06,
                      "Plan Rows": 41,
                      "Plan Width": 4,
                      "Actual Startup Time": 0.004,
                      "Actual Total Time": 0.01,
                      "Actual Rows": 14,
                      "Actual Loops": 125590,
                      "Index Cond": "(movie_id = mc.movie_id)",
                      "Rows Removed by Index Recheck": 0,
                      "Heap Fetches": 1695512
                    }
                  ]
                }
              ]
            }
          ]
        }
      ]
    },
    "Planning Time": 0.819,
    "Triggers": [],
    "Execution Time": 681.008
  }
]