[
  {
    "Plan": {
      "Node Type": "Aggregate",
      "Strategy": "Plain",
      "Partial Mode": "Finalize",
      "Parallel Aware": false,
      "Startup Cost": 146306.14,
      "Total Cost": 146306.15,
      "Plan Rows": 1,
      "Plan Width": 8,
      "Actual Startup Time": 141.323,
      "Actual Total Time": 165.308,
      "Actual Rows": 1,
      "Actual Loops": 1,
      "Plans": [
        {
          "Node Type": "Gather",
          "Parent Relationship": "Outer",
          "Parallel Aware": false,
          "Startup Cost": 146305.72,
          "Total Cost": 146306.13,
          "Plan Rows": 4,
          "Plan Width": 8,
          "Actual Startup Time": 140.992,
          "Actual Total Time": 165.296,
          "Actual Rows": 5,
          "Actual Loops": 1,
          "Workers Planned": 4,
          "Workers Launched": 4,
          "Single Copy": false,
          "Plans": [
            {
              "Node Type": "Aggregate",
              "Strategy": "Plain",
              "Partial Mode": "Partial",
              "Parent Relationship": "Outer",
              "Parallel Aware": false,
              "Startup Cost": 145305.72,
              "Total Cost": 145305.73,
              "Plan Rows": 1,
              "Plan Width": 8,
              "Actual Startup Time": 131.313,
              "Actual Total Time": 131.314,
              "Actual Rows": 1,
              "Actual Loops": 5,
              "Plans": [
                {
                  "Node Type": "Nested Loop",
                  "Parent Relationship": "Outer",
                  "Parallel Aware": false,
                  "Join Type": "Inner",
                  "Startup Cost": 0.56,
                  "Total Cost": 145275.67,
                  "Plan Rows": 12022,
                  "Plan Width": 0,
                  "Actual Startup Time": 3.647,
                  "Actual Total Time": 130.259,
                  "Actual Rows": 10712,
                  "Actual Loops": 5,
                  "Inner Unique": false,
                  "Plans": [
                    {
                      "Node Type": "Seq Scan",
                      "Parent Relationship": "Outer",
                      "Parallel Aware": true,
                      "Relation Name": "title",
                      "Alias": "t",
                      "Startup Cost": 0.0,
                      "Total Cost": 45479.59,
                      "Plan Rows": 838,
                      "Plan Width": 4,
                      "Actual Startup Time": 3.438,
                      "Actual Total Time": 77.456,
                      "Actual Rows": 636,
                      "Actual Loops": 5,
                      "Filter": "((kind_id < 7) AND (production_year = 1954))",
                      "Rows Removed by Filter": 505027
                    },
                    {
                      "Node Type": "Index Only Scan",
                      "Parent Relationship": "Inner",
                      "Parallel Aware": false,
                      "Scan Direction": "Forward",
                      "Index Name": "movie_id_cast_info",
                      "Relation Name": "cast_info",
                      "Alias": "ci",
                      "Startup Cost": 0.56,
                      "Total Cost": 118.74,
                      "Plan Rows": 35,
                      "Plan Width": 4,
                      "Actual Startup Time": 0.016,
                      "Actual Total Time": 0.081,
                      "Actual Rows": 17,
                      "Actual Loops": 3178,
                      "Index Cond": "(movie_id = t.id)",
                      "Rows Removed by Index Recheck": 0,
                      "Heap Fetches": 53560
                    }
                  ]
                }
              ]
            }
          ]
        }
      ]
    },
    "Planning Time": 0.378,
    "Triggers": [],
    "Execution Time": 165.361
  }
]