{
  "Plan": {
    "Node Type": "Aggregate",
    "Strategy": "Plain",
    "Partial Mode": "Finalize",
    "Parallel Aware": false,
    "Startup Cost": 99004.29,
    "Total Cost": 99004.3,
    "Plan Rows": 1,
    "Plan Width": 8,
    "Actual Startup Time": 665.638,
    "Actual Total Time": 680.649,
    "Actual Rows": 1,
    "Actual Loops": 1,
    "Plans": [
      {
        "Node Type": "Gather",
        "Parent Relationship": "Outer",
        "Parallel Aware": false,
        "Startup Cost": 99004.18,
        "Total Cost": 99004.29,
        "Plan Rows": 1,
        "Plan Width": 8,
        "Actual Startup Time": 664.707,
        "Actual Total Time": 680.641,
        "Actual Rows": 2,
        "Actual Loops": 1,
        "Workers Planned": 1,
        "Workers Launched": 1,
        "Single Copy": false,
        "Plans": [
          {
            "Node Type": "Aggregate",
            "Strategy": "Plain",
            "Partial Mode": "Partial",
            "Parent Relationship": "Outer",
            "Parallel Aware": false,
            "Startup Cost": 98004.18,
            "Total Cost": 98004.19,
            "Plan Rows": 1,
            "Plan Width": 8,
            "Actual Startup Time": 659.146,
            "Actual Total Time": 659.15,
            "Actual Rows": 1,
            "Actual Loops": 2,
            "Plans": [
              {
                "Node Type": "Hash Join",
                "Parent Relationship": "Outer",
                "Parallel Aware": true,
                "Join Type": "Inner",
                "Startup Cost": 59575.61,
                "Total Cost": 97742.24,
                "Plan Rows": 104778,
                "Plan Width": 0,
                "Actual Startup Time": 235.598,
                "Actual Total Time": 640.442,
                "Actual Rows": 292085,
                "Actual Loops": 2,
                "Inner Unique": true,
                "Hash Cond": "(mc.movie_id = t.id)",
                "Plans": [
                  {
                    "Node Type": "Seq Scan",
                    "Parent Relationship": "Outer",
                    "Parallel Aware": true,
                    "Relation Name": "movie_companies",
                    "Alias": "mc",
                    "Startup Cost": 0.0,
                    "Total Cost": 34137.82,
                    "Plan Rows": 1534782,
                    "Plan Width": 4,
                    "Actual Startup Time": 0.014,
                    "Actual Total Time": 142.172,
                    "Actual Rows": 1304564,
                    "Actual Loops": 2
                  },
                  {
                    "Node Type": "Hash",
                    "Parent Relationship": "Inner",
                    "Parallel Aware": true,
                    "Startup Cost": 58306.47,
                    "Total Cost": 58306.47,
                    "Plan Rows": 101531,
                    "Plan Width": 4,
                    "Actual Startup Time": 233.925,
                    "Actual Total Time": 233.926,
                    "Actual Rows": 141012,
                    "Actual Loops": 2,
                    "Hash Buckets": 524288,
                    "Original Hash Buckets": 262144,
                    "Hash Batches": 1,
                    "Original Hash Batches": 1,
                    "Peak Memory Usage": 17216,
                    "Plans": [
                      {
                        "Node Type": "Seq Scan",
                        "Parent Relationship": "Outer",
                        "Parallel Aware": true,
                        "Relation Name": "title",
                        "Alias": "t",
                        "Startup Cost": 0.0,
                        "Total Cost": 58306.47,
                        "Plan Rows": 101531,
                        "Plan Width": 4,
                        "Actual Startup Time": 0.276,
                        "Actual Total Time": 183.636,
                        "Actual Rows": 141012,
                        "Actual Loops": 2,
                        "Filter": "((kind_id < 7) AND (production_year < 1976))",
                        "Rows Removed by Filter": 1123144
                      }
                    ]
                  }
                ]
              }
            ]
          }
        ]
      }
    ]
  },
  "Planning Time": 0.303,
  "Triggers": [],
  "Execution Time": 680.69
}