{
    "Plan": {
        "Node Type": "Aggregate",
        "Strategy": "Plain",
        "Partial Mode": "Finalize",
        "Parallel Aware": false,
        "Startup Cost": 20199.88,
        "Total Cost": 20199.89,
        "Plan Rows": 1,
        "Plan Width": 96,
        "Actual Startup Time": 13297.803,
        "Actual Total Time": 13380.235,
        "Actual Rows": 1,
        "Actual Loops": 1,
        "Output": [
            "min(mi.info)",
            "min(miidx.info)",
            "min(t.title)"
        ],
        "Plans": [
            {
                "Node Type": "Gather",
                "Parent Relationship": "Outer",
                "Parallel Aware": false,
                "Startup Cost": 20199.66,
                "Total Cost": 20199.87,
                "Plan Rows": 2,
                "Plan Width": 96,
                "Actual Startup Time": 13293.263,
                "Actual Total Time": 13380.21,
                "Actual Rows": 3,
                "Actual Loops": 1,
                "Output": [
                    "(PARTIAL min(mi.info))",
                    "(PARTIAL min(miidx.info))",
                    "(PARTIAL min(t.title))"
                ],
                "Workers Planned": 2,
                "Workers Launched": 2,
                "Single Copy": false,
                "Plans": [
                    {
                        "Node Type": "Aggregate",
                        "Strategy": "Plain",
                        "Partial Mode": "Partial",
                        "Parent Relationship": "Outer",
                        "Parallel Aware": false,
                        "Startup Cost": 19199.66,
                        "Total Cost": 19199.67,
                        "Plan Rows": 1,
                        "Plan Width": 96,
                        "Actual Startup Time": 13285.287,
                        "Actual Total Time": 13285.303,
                        "Actual Rows": 1,
                        "Actual Loops": 3,
                        "Output": [
                            "PARTIAL min(mi.info)",
                            "PARTIAL min(miidx.info)",
                            "PARTIAL min(t.title)"
                        ],
                        "Workers": [
                            {
                                "Worker Number": 0,
                                "Actual Startup Time": 13283.261,
                                "Actual Total Time": 13283.277,
                                "Actual Rows": 1,
                                "Actual Loops": 1
                            },
                            {
                                "Worker Number": 1,
                                "Actual Startup Time": 13280.252,
                                "Actual Total Time": 13280.268,
                                "Actual Rows": 1,
                                "Actual Loops": 1
                            }
                        ],
                        "Plans": [
                            {
                                "Node Type": "Hash Join",
                                "Parent Relationship": "Outer",
                                "Parallel Aware": false,
                                "Join Type": "Inner",
                                "Startup Cost": 8.73,
                                "Total Cost": 19199.58,
                                "Plan Rows": 11,
                                "Plan Width": 65,
                                "Actual Startup Time": 576.601,
                                "Actual Total Time": 13264.993,
                                "Actual Rows": 37034,
                                "Actual Loops": 3,
                                "Output": [
                                    "mi.info",
                                    "miidx.info",
                                    "t.title"
                                ],
                                "Inner Unique": true,
                                "Hash Cond": "(mi.info_type_id = it2.id)",
                                "Workers": [
                                    {
                                        "Worker Number": 0,
                                        "Actual Startup Time": 586.894,
                                        "Actual Total Time": 13264.383,
                                        "Actual Rows": 33744,
                                        "Actual Loops": 1
                                    },
                                    {
                                        "Worker Number": 1,
                                        "Actual Startup Time": 569.355,
                                        "Actual Total Time": 13258.896,
                                        "Actual Rows": 39742,
                                        "Actual Loops": 1
                                    }
                                ],
                                "Plans": [
                                    {
                                        "Node Type": "Nested Loop",
                                        "Parent Relationship": "Outer",
                                        "Parallel Aware": false,
                                        "Join Type": "Inner",
                                        "Startup Cost": 6.3,
                                        "Total Cost": 19193.76,
                                        "Plan Rows": 1245,
                                        "Plan Width": 69,
                                        "Actual Startup Time": 565.104,
                                        "Actual Total Time": 13199.722,
                                        "Actual Rows": 172109,
                                        "Actual Loops": 3,
                                        "Output": [
                                            "mi.info",
                                            "mi.info_type_id",
                                            "miidx.info",
                                            "t.title"
                                        ],
                                        "Inner Unique": false,
                                        "Workers": [
                                            {
                                                "Worker Number": 0,
                                                "Actual Startup Time": 569.598,
                                                "Actual Total Time": 13202.462,
                                                "Actual Rows": 160712,
                                                "Actual Loops": 1
                                            },
                                            {
                                                "Worker Number": 1,
                                                "Actual Startup Time": 568.873,
                                                "Actual Total Time": 13190.283,
                                                "Actual Rows": 183909,
                                                "Actual Loops": 1
                                            }
                                        ],
                                        "Plans": [
                                            {
                                                "Node Type": "Nested Loop",
                                                "Parent Relationship": "Outer",
                                                "Parallel Aware": false,
                                                "Join Type": "Inner",
                                                "Startup Cost": 5.87,
                                                "Total Cost": 19117.93,
                                                "Plan Rows": 41,
                                                "Plan Width": 34,
                                                "Actual Startup Time": 552.276,
                                                "Actual Total Time": 3082.465,
                                                "Actual Rows": 5490,
                                                "Actual Loops": 3,
                                                "Output": [
                                                    "mc.movie_id",
                                                    "miidx.info",
                                                    "miidx.movie_id",
                                                    "t.title",
                                                    "t.id"
                                                ],
                                                "Inner Unique": true,
                                                "Workers": [
                                                    {
                                                        "Worker Number": 0,
                                                        "Actual Startup Time": 546.775,
                                                        "Actual Total Time": 3089.899,
                                                        "Actual Rows": 5317,
                                                        "Actual Loops": 1
                                                    },
                                                    {
                                                        "Worker Number": 1,
                                                        "Actual Startup Time": 553.254,
                                                        "Actual Total Time": 3203.97,
                                                        "Actual Rows": 5658,
                                                        "Actual Loops": 1
                                                    }
                                                ],
                                                "Plans": [
                                                    {
                                                        "Node Type": "Hash Join",
                                                        "Parent Relationship": "Outer",
                                                        "Parallel Aware": false,
                                                        "Join Type": "Inner",
                                                        "Startup Cost": 5.45,
                                                        "Total Cost": 18684.47,
                                                        "Plan Rows": 972,
                                                        "Plan Width": 38,
                                                        "Actual Startup Time": 550.174,
                                                        "Actual Total Time": 2285.782,
                                                        "Actual Rows": 100870,
                                                        "Actual Loops": 3,
                                                        "Output": [
                                                            "mc.movie_id",
                                                            "mc.company_id",
                                                            "miidx.info",
                                                            "miidx.movie_id",
                                                            "t.title",
                                                            "t.id"
                                                        ],
                                                        "Inner Unique": true,
                                                        "Hash Cond": "(mc.company_type_id = ct.id)",
                                                        "Workers": [
                                                            {
                                                                "Worker Number": 0,
                                                                "Actual Startup Time": 542.978,
                                                                "Actual Total Time": 2315.34,
                                                                "Actual Rows": 98988,
                                                                "Actual Loops": 1
                                                            },
                                                            {
                                                                "Worker Number": 1,
                                                                "Actual Startup Time": 551.284,
                                                                "Actual Total Time": 2376.436,
                                                                "Actual Rows": 99115,
                                                                "Actual Loops": 1
                                                            }
                                                        ],
                                                        "Plans": [
                                                            {
                                                                "Node Type": "Nested Loop",
                                                                "Parent Relationship": "Outer",
                                                                "Parallel Aware": false,
                                                                "Join Type": "Inner",
                                                                "Startup Cost": 4.39,
                                                                "Total Cost": 18662.39,
                                                                "Plan Rows": 3888,
                                                                "Plan Width": 42,
                                                                "Actual Startup Time": 550.087,
                                                                "Actual Total Time": 2183.123,
                                                                "Actual Rows": 257695,
                                                                "Actual Loops": 3,
                                                                "Output": [
                                                                    "miidx.info",
                                                                    "miidx.movie_id",
                                                                    "mc.movie_id",
                                                                    "mc.company_id",
                                                                    "mc.company_type_id",
                                                                    "t.title",
                                                                    "t.id"
                                                                ],
                                                                "Inner Unique": false,
                                                                "Workers": [
                                                                    {
                                                                        "Worker Number": 0,
                                                                        "Actual Startup Time": 542.847,
                                                                        "Actual Total Time": 2212.6,
                                                                        "Actual Rows": 253157,
                                                                        "Actual Loops": 1
                                                                    },
                                                                    {
                                                                        "Worker Number": 1,
                                                                        "Actual Startup Time": 551.194,
                                                                        "Actual Total Time": 2272.725,
                                                                        "Actual Rows": 255202,
                                                                        "Actual Loops": 1
                                                                    }
                                                                ],
                                                                "Plans": [
                                                                    {
                                                                        "Node Type": "Hash Join",
                                                                        "Parent Relationship": "Outer",
                                                                        "Parallel Aware": false,
                                                                        "Join Type": "Inner",
                                                                        "Startup Cost": 3.96,
                                                                        "Total Cost": 18217.25,
                                                                        "Plan Rows": 727,
                                                                        "Plan Width": 30,
                                                                        "Actual Startup Time": 550.013,
                                                                        "Actual Total Time": 1523.865,
                                                                        "Actual Rows": 69960,
                                                                        "Actual Loops": 3,
                                                                        "Output": [
                                                                            "miidx.info",
                                                                            "miidx.movie_id",
                                                                            "t.title",
                                                                            "t.id"
                                                                        ],
                                                                        "Inner Unique": true,
                                                                        "Hash Cond": "(t.kind_id = kt.id)",
                                                                        "Workers": [
                                                                            {
                                                                                "Worker Number": 0,
                                                                                "Actual Startup Time": 542.766,
                                                                                "Actual Total Time": 1548.041,
                                                                                "Actual Rows": 69168,
                                                                                "Actual Loops": 1
                                                                            },
                                                                            {
                                                                                "Worker Number": 1,
                                                                                "Actual Startup Time": 551.129,
                                                                                "Actual Total Time": 1594.001,
                                                                                "Actual Rows": 68838,
                                                                                "Actual Loops": 1
                                                                            }
                                                                        ],
                                                                        "Plans": [
                                                                            {
                                                                                "Node Type": "Nested Loop",
                                                                                "Parent Relationship": "Outer",
                                                                                "Parallel Aware": false,
                                                                                "Join Type": "Inner",
                                                                                "Startup Cost": 2.86,
                                                                                "Total Cost": 18194.71,
                                                                                "Plan Rows": 5089,
                                                                                "Plan Width": 34,
                                                                                "Actual Startup Time": 3.237,
                                                                                "Actual Total Time": 1457.408,
                                                                                "Actual Rows": 153308,
                                                                                "Actual Loops": 3,
                                                                                "Output": [
                                                                                    "miidx.info",
                                                                                    "miidx.movie_id",
                                                                                    "t.title",
                                                                                    "t.id",
                                                                                    "t.kind_id"
                                                                                ],
                                                                                "Inner Unique": true,
                                                                                "Workers": [
                                                                                    {
                                                                                        "Worker Number": 0,
                                                                                        "Actual Startup Time": 0.399,
                                                                                        "Actual Total Time": 1478.519,
                                                                                        "Actual Rows": 146458,
                                                                                        "Actual Loops": 1
                                                                                    },
                                                                                    {
                                                                                        "Worker Number": 1,
                                                                                        "Actual Startup Time": 9.201,
                                                                                        "Actual Total Time": 1524.178,
                                                                                        "Actual Rows": 141174,
                                                                                        "Actual Loops": 1
                                                                                    }
                                                                                ],
                                                                                "Plans": [
                                                                                    {
                                                                                        "Node Type": "Hash Join",
                                                                                        "Parent Relationship": "Outer",
                                                                                        "Parallel Aware": false,
                                                                                        "Join Type": "Inner",
                                                                                        "Startup Cost": 2.43,
                                                                                        "Total Cost": 15253.6,
                                                                                        "Plan Rows": 5089,
                                                                                        "Plan Width": 9,
                                                                                        "Actual Startup Time": 0.135,
                                                                                        "Actual Total Time": 263.614,
                                                                                        "Actual Rows": 153308,
                                                                                        "Actual Loops": 3,
                                                                                        "Output": [
                                                                                            "miidx.info",
                                                                                            "miidx.movie_id"
                                                                                        ],
                                                                                        "Inner Unique": true,
                                                                                        "Hash Cond": "(miidx.info_type_id = it.id)",
                                                                                        "Workers": [
                                                                                            {
                                                                                                "Worker Number": 0,
                                                                                                "Actual Startup Time": 0.191,
                                                                                                "Actual Total Time": 260.686,
                                                                                                "Actual Rows": 146458,
                                                                                                "Actual Loops": 1
                                                                                            },
                                                                                            {
                                                                                                "Worker Number": 1,
                                                                                                "Actual Startup Time": 0.136,
                                                                                                "Actual Total Time": 259.936,
                                                                                                "Actual Rows": 141174,
                                                                                                "Actual Loops": 1
                                                                                            }
                                                                                        ],
                                                                                        "Plans": [
                                                                                            {
                                                                                                "Node Type": "Seq Scan",
                                                                                                "Parent Relationship": "Outer",
                                                                                                "Parallel Aware": true,
                                                                                                "Relation Name": "movie_info_idx",
                                                                                                "Schema": "public",
                                                                                                "Alias": "miidx",
                                                                                                "Startup Cost": 0.0,
                                                                                                "Total Cost": 13685.15,
                                                                                                "Plan Rows": 575015,
                                                                                                "Plan Width": 13,
                                                                                                "Actual Startup Time": 0.032,
                                                                                                "Actual Total Time": 103.994,
                                                                                                "Actual Rows": 460012,
                                                                                                "Actual Loops": 3,
                                                                                                "Output": [
                                                                                                    "miidx.id",
                                                                                                    "miidx.movie_id",
                                                                                                    "miidx.info_type_id",
                                                                                                    "miidx.info",
                                                                                                    "miidx.note"
                                                                                                ],
                                                                                                "Workers": [
                                                                                                    {
                                                                                                        "Worker Number": 0,
                                                                                                        "Actual Startup Time": 0.047,
                                                                                                        "Actual Total Time": 105.857,
                                                                                                        "Actual Rows": 439354,
                                                                                                        "Actual Loops": 1
                                                                                                    },
                                                                                                    {
                                                                                                        "Worker Number": 1,
                                                                                                        "Actual Startup Time": 0.04,
                                                                                                        "Actual Total Time": 106.051,
                                                                                                        "Actual Rows": 423497,
                                                                                                        "Actual Loops": 1
                                                                                                    }
                                                                                                ]
                                                                                            },
                                                                                            {
                                                                                                "Node Type": "Hash",
                                                                                                "Parent Relationship": "Inner",
                                                                                                "Parallel Aware": false,
                                                                                                "Startup Cost": 2.41,
                                                                                                "Total Cost": 2.41,
                                                                                                "Plan Rows": 1,
                                                                                                "Plan Width": 4,
                                                                                                "Actual Startup Time": 0.043,
                                                                                                "Actual Total Time": 0.045,
                                                                                                "Actual Rows": 1,
                                                                                                "Actual Loops": 3,
                                                                                                "Output": [
                                                                                                    "it.id"
                                                                                                ],
                                                                                                "Hash Buckets": 1024,
                                                                                                "Original Hash Buckets": 1024,
                                                                                                "Hash Batches": 1,
                                                                                                "Original Hash Batches": 1,
                                                                                                "Peak Memory Usage": 9,
                                                                                                "Workers": [
                                                                                                    {
                                                                                                        "Worker Number": 0,
                                                                                                        "Actual Startup Time": 0.056,
                                                                                                        "Actual Total Time": 0.058,
                                                                                                        "Actual Rows": 1,
                                                                                                        "Actual Loops": 1
                                                                                                    },
                                                                                                    {
                                                                                                        "Worker Number": 1,
                                                                                                        "Actual Startup Time": 0.042,
                                                                                                        "Actual Total Time": 0.044,
                                                                                                        "Actual Rows": 1,
                                                                                                        "Actual Loops": 1
                                                                                                    }
                                                                                                ],
                                                                                                "Plans": [
                                                                                                    {
                                                                                                        "Node Type": "Seq Scan",
                                                                                                        "Parent Relationship": "Outer",
                                                                                                        "Parallel Aware": false,
                                                                                                        "Relation Name": "info_type",
                                                                                                        "Schema": "public",
                                                                                                        "Alias": "it",
                                                                                                        "Startup Cost": 0.0,
                                                                                                        "Total Cost": 2.41,
                                                                                                        "Plan Rows": 1,
                                                                                                        "Plan Width": 4,
                                                                                                        "Actual Startup Time": 0.027,
                                                                                                        "Actual Total Time": 0.031,
                                                                                                        "Actual Rows": 1,
                                                                                                        "Actual Loops": 3,
                                                                                                        "Output": [
                                                                                                            "it.id"
                                                                                                        ],
                                                                                                        "Filter": "((it.info)::text = 'rating'::text)",
                                                                                                        "Rows Removed by Filter": 112,
                                                                                                        "Workers": [
                                                                                                            {
                                                                                                                "Worker Number": 0,
                                                                                                                "Actual Startup Time": 0.034,
                                                                                                                "Actual Total Time": 0.04,
                                                                                                                "Actual Rows": 1,
                                                                                                                "Actual Loops": 1
                                                                                                            },
                                                                                                            {
                                                                                                                "Worker Number": 1,
                                                                                                                "Actual Startup Time": 0.025,
                                                                                                                "Actual Total Time": 0.03,
                                                                                                                "Actual Rows": 1,
                                                                                                                "Actual Loops": 1
                                                                                                            }
                                                                                                        ]
                                                                                                    }
                                                                                                ]
                                                                                            }
                                                                                        ]
                                                                                    },
                                                                                    {
                                                                                        "Node Type": "Index Scan",
                                                                                        "Parent Relationship": "Inner",
                                                                                        "Parallel Aware": false,
                                                                                        "Scan Direction": "Forward",
                                                                                        "Index Name": "title_pkey",
                                                                                        "Relation Name": "title",
                                                                                        "Schema": "public",
                                                                                        "Alias": "t",
                                                                                        "Startup Cost": 0.43,
                                                                                        "Total Cost": 0.58,
                                                                                        "Plan Rows": 1,
                                                                                        "Plan Width": 25,
                                                                                        "Actual Startup Time": 0.007,
                                                                                        "Actual Total Time": 0.007,
                                                                                        "Actual Rows": 1,
                                                                                        "Actual Loops": 459925,
                                                                                        "Output": [
                                                                                            "t.id",
                                                                                            "t.title",
                                                                                            "t.imdb_index",
                                                                                            "t.kind_id",
                                                                                            "t.production_year",
                                                                                            "t.imdb_id",
                                                                                            "t.phonetic_code",
                                                                                            "t.episode_of_id",
                                                                                            "t.season_nr",
                                                                                            "t.episode_nr",
                                                                                            "t.series_years",
                                                                                            "t.md5sum"
                                                                                        ],
                                                                                        "Index Cond": "(t.id = miidx.movie_id)",
                                                                                        "Rows Removed by Index Recheck": 0,
                                                                                        "Workers": [
                                                                                            {
                                                                                                "Worker Number": 0,
                                                                                                "Actual Startup Time": 0.007,
                                                                                                "Actual Total Time": 0.007,
                                                                                                "Actual Rows": 1,
                                                                                                "Actual Loops": 146458
                                                                                            },
                                                                                            {
                                                                                                "Worker Number": 1,
                                                                                                "Actual Startup Time": 0.008,
                                                                                                "Actual Total Time": 0.008,
                                                                                                "Actual Rows": 1,
                                                                                                "Actual Loops": 141174
                                                                                            }
                                                                                        ]
                                                                                    }
                                                                                ]
                                                                            },
                                                                            {
                                                                                "Node Type": "Hash",
                                                                                "Parent Relationship": "Inner",
                                                                                "Parallel Aware": false,
                                                                                "Startup Cost": 1.09,
                                                                                "Total Cost": 1.09,
                                                                                "Plan Rows": 1,
                                                                                "Plan Width": 4,
                                                                                "Actual Startup Time": 0.063,
                                                                                "Actual Total Time": 0.064,
                                                                                "Actual Rows": 1,
                                                                                "Actual Loops": 3,
                                                                                "Output": [
                                                                                    "kt.id"
                                                                                ],
                                                                                "Hash Buckets": 1024,
                                                                                "Original Hash Buckets": 1024,
                                                                                "Hash Batches": 1,
                                                                                "Original Hash Batches": 1,
                                                                                "Peak Memory Usage": 9,
                                                                                "Workers": [
                                                                                    {
                                                                                        "Worker Number": 0,
                                                                                        "Actual Startup Time": 0.093,
                                                                                        "Actual Total Time": 0.094,
                                                                                        "Actual Rows": 1,
                                                                                        "Actual Loops": 1
                                                                                    },
                                                                                    {
                                                                                        "Worker Number": 1,
                                                                                        "Actual Startup Time": 0.076,
                                                                                        "Actual Total Time": 0.077,
                                                                                        "Actual Rows": 1,
                                                                                        "Actual Loops": 1
                                                                                    }
                                                                                ],
                                                                                "Plans": [
                                                                                    {
                                                                                        "Node Type": "Seq Scan",
                                                                                        "Parent Relationship": "Outer",
                                                                                        "Parallel Aware": false,
                                                                                        "Relation Name": "kind_type",
                                                                                        "Schema": "public",
                                                                                        "Alias": "kt",
                                                                                        "Startup Cost": 0.0,
                                                                                        "Total Cost": 1.09,
                                                                                        "Plan Rows": 1,
                                                                                        "Plan Width": 4,
                                                                                        "Actual Startup Time": 0.048,
                                                                                        "Actual Total Time": 0.052,
                                                                                        "Actual Rows": 1,
                                                                                        "Actual Loops": 3,
                                                                                        "Output": [
                                                                                            "kt.id"
                                                                                        ],
                                                                                        "Filter": "((kt.kind)::text = 'movie'::text)",
                                                                                        "Rows Removed by Filter": 6,
                                                                                        "Workers": [
                                                                                            {
                                                                                                "Worker Number": 0,
                                                                                                "Actual Startup Time": 0.074,
                                                                                                "Actual Total Time": 0.079,
                                                                                                "Actual Rows": 1,
                                                                                                "Actual Loops": 1
                                                                                            },
                                                                                            {
                                                                                                "Worker Number": 1,
                                                                                                "Actual Startup Time": 0.061,
                                                                                                "Actual Total Time": 0.065,
                                                                                                "Actual Rows": 1,
                                                                                                "Actual Loops": 1
                                                                                            }
                                                                                        ]
                                                                                    }
                                                                                ]
                                                                            }
                                                                        ]
                                                                    },
                                                                    {
                                                                        "Node Type": "Index Scan",
                                                                        "Parent Relationship": "Inner",
                                                                        "Parallel Aware": false,
                                                                        "Scan Direction": "Forward",
                                                                        "Index Name": "movie_id_movie_companies",
                                                                        "Relation Name": "movie_companies",
                                                                        "Schema": "public",
                                                                        "Alias": "mc",
                                                                        "Startup Cost": 0.43,
                                                                        "Total Cost": 0.56,
                                                                        "Plan Rows": 5,
                                                                        "Plan Width": 12,
                                                                        "Actual Startup Time": 0.005,
                                                                        "Actual Total Time": 0.007,
                                                                        "Actual Rows": 4,
                                                                        "Actual Loops": 209880,
                                                                        "Output": [
                                                                            "mc.id",
                                                                            "mc.movie_id",
                                                                            "mc.company_id",
                                                                            "mc.company_type_id",
                                                                            "mc.note"
                                                                        ],
                                                                        "Index Cond": "(mc.movie_id = t.id)",
                                                                        "Rows Removed by Index Recheck": 0,
                                                                        "Workers": [
                                                                            {
                                                                                "Worker Number": 0,
                                                                                "Actual Startup Time": 0.005,
                                                                                "Actual Total Time": 0.007,
                                                                                "Actual Rows": 4,
                                                                                "Actual Loops": 69168
                                                                            },
                                                                            {
                                                                                "Worker Number": 1,
                                                                                "Actual Startup Time": 0.005,
                                                                                "Actual Total Time": 0.008,
                                                                                "Actual Rows": 4,
                                                                                "Actual Loops": 68838
                                                                            }
                                                                        ]
                                                                    }
                                                                ]
                                                            },
                                                            {
                                                                "Node Type": "Hash",
                                                                "Parent Relationship": "Inner",
                                                                "Parallel Aware": false,
                                                                "Startup Cost": 1.05,
                                                                "Total Cost": 1.05,
                                                                "Plan Rows": 1,
                                                                "Plan Width": 4,
                                                                "Actual Startup Time": 0.041,
                                                                "Actual Total Time": 0.042,
                                                                "Actual Rows": 1,
                                                                "Actual Loops": 3,
                                                                "Output": [
                                                                    "ct.id"
                                                                ],
                                                                "Hash Buckets": 1024,
                                                                "Original Hash Buckets": 1024,
                                                                "Hash Batches": 1,
                                                                "Original Hash Batches": 1,
                                                                "Peak Memory Usage": 9,
                                                                "Workers": [
                                                                    {
                                                                        "Worker Number": 0,
                                                                        "Actual Startup Time": 0.06,
                                                                        "Actual Total Time": 0.06,
                                                                        "Actual Rows": 1,
                                                                        "Actual Loops": 1
                                                                    },
                                                                    {
                                                                        "Worker Number": 1,
                                                                        "Actual Startup Time": 0.046,
                                                                        "Actual Total Time": 0.047,
                                                                        "Actual Rows": 1,
                                                                        "Actual Loops": 1
                                                                    }
                                                                ],
                                                                "Plans": [
                                                                    {
                                                                        "Node Type": "Seq Scan",
                                                                        "Parent Relationship": "Outer",
                                                                        "Parallel Aware": false,
                                                                        "Relation Name": "company_type",
                                                                        "Schema": "public",
                                                                        "Alias": "ct",
                                                                        "Startup Cost": 0.0,
                                                                        "Total Cost": 1.05,
                                                                        "Plan Rows": 1,
                                                                        "Plan Width": 4,
                                                                        "Actual Startup Time": 0.027,
                                                                        "Actual Total Time": 0.029,
                                                                        "Actual Rows": 1,
                                                                        "Actual Loops": 3,
                                                                        "Output": [
                                                                            "ct.id"
                                                                        ],
                                                                        "Filter": "((ct.kind)::text = 'production companies'::text)",
                                                                        "Rows Removed by Filter": 3,
                                                                        "Workers": [
                                                                            {
                                                                                "Worker Number": 0,
                                                                                "Actual Startup Time": 0.04,
                                                                                "Actual Total Time": 0.043,
                                                                                "Actual Rows": 1,
                                                                                "Actual Loops": 1
                                                                            },
                                                                            {
                                                                                "Worker Number": 1,
                                                                                "Actual Startup Time": 0.031,
                                                                                "Actual Total Time": 0.033,
                                                                                "Actual Rows": 1,
                                                                                "Actual Loops": 1
                                                                            }
                                                                        ]
                                                                    }
                                                                ]
                                                            }
                                                        ]
                                                    },
                                                    {
                                                        "Node Type": "Index Scan",
                                                        "Parent Relationship": "Inner",
                                                        "Parallel Aware": false,
                                                        "Scan Direction": "Forward",
                                                        "Index Name": "company_name_pkey",
                                                        "Relation Name": "company_name",
                                                        "Schema": "public",
                                                        "Alias": "cn",
                                                        "Startup Cost": 0.42,
                                                        "Total Cost": 0.45,
                                                        "Plan Rows": 1,
                                                        "Plan Width": 4,
                                                        "Actual Startup Time": 0.007,
                                                        "Actual Total Time": 0.007,
                                                        "Actual Rows": 0,
                                                        "Actual Loops": 302610,
                                                        "Output": [
                                                            "cn.id",
                                                            "cn.name",
                                                            "cn.country_code",
                                                            "cn.imdb_id",
                                                            "cn.name_pcode_nf",
                                                            "cn.name_pcode_sf",
                                                            "cn.md5sum"
                                                        ],
                                                        "Index Cond": "(cn.id = mc.company_id)",
                                                        "Rows Removed by Index Recheck": 0,
                                                        "Filter": "((cn.country_code)::text = '[de]'::text)",
                                                        "Rows Removed by Filter": 1,
                                                        "Workers": [
                                                            {
                                                                "Worker Number": 0,
                                                                "Actual Startup Time": 0.007,
                                                                "Actual Total Time": 0.007,
                                                                "Actual Rows": 0,
                                                                "Actual Loops": 98988
                                                            },
                                                            {
                                                                "Worker Number": 1,
                                                                "Actual Startup Time": 0.008,
                                                                "Actual Total Time": 0.008,
                                                                "Actual Rows": 0,
                                                                "Actual Loops": 99115
                                                            }
                                                        ]
                                                    }
                                                ]
                                            },
                                            {
                                                "Node Type": "Index Scan",
                                                "Parent Relationship": "Inner",
                                                "Parallel Aware": false,
                                                "Scan Direction": "Forward",
                                                "Index Name": "movie_id_movie_info",
                                                "Relation Name": "movie_info",
                                                "Schema": "public",
                                                "Alias": "mi",
                                                "Startup Cost": 0.43,
                                                "Total Cost": 1.46,
                                                "Plan Rows": 39,
                                                "Plan Width": 51,
                                                "Actual Startup Time": 0.904,
                                                "Actual Total Time": 1.828,
                                                "Actual Rows": 31,
                                                "Actual Loops": 16470,
                                                "Output": [
                                                    "mi.id",
                                                    "mi.movie_id",
                                                    "mi.info_type_id",
                                                    "mi.info",
                                                    "mi.note"
                                                ],
                                                "Index Cond": "(mi.movie_id = t.id)",
                                                "Rows Removed by Index Recheck": 0,
                                                "Workers": [
                                                    {
                                                        "Worker Number": 0,
                                                        "Actual Startup Time": 0.942,
                                                        "Actual Total Time": 1.888,
                                                        "Actual Rows": 30,
                                                        "Actual Loops": 5317
                                                    },
                                                    {
                                                        "Worker Number": 1,
                                                        "Actual Startup Time": 0.877,
                                                        "Actual Total Time": 1.75,
                                                        "Actual Rows": 33,
                                                        "Actual Loops": 5658
                                                    }
                                                ]
                                            }
                                        ]
                                    },
                                    {
                                        "Node Type": "Hash",
                                        "Parent Relationship": "Inner",
                                        "Parallel Aware": false,
                                        "Startup Cost": 2.41,
                                        "Total Cost": 2.41,
                                        "Plan Rows": 1,
                                        "Plan Width": 4,
                                        "Actual Startup Time": 0.114,
                                        "Actual Total Time": 0.115,
                                        "Actual Rows": 1,
                                        "Actual Loops": 3,
                                        "Output": [
                                            "it2.id"
                                        ],
                                        "Hash Buckets": 1024,
                                        "Original Hash Buckets": 1024,
                                        "Hash Batches": 1,
                                        "Original Hash Batches": 1,
                                        "Peak Memory Usage": 9,
                                        "Workers": [
                                            {
                                                "Worker Number": 0,
                                                "Actual Startup Time": 0.177,
                                                "Actual Total Time": 0.177,
                                                "Actual Rows": 1,
                                                "Actual Loops": 1
                                            },
                                            {
                                                "Worker Number": 1,
                                                "Actual Startup Time": 0.116,
                                                "Actual Total Time": 0.117,
                                                "Actual Rows": 1,
                                                "Actual Loops": 1
                                            }
                                        ],
                                        "Plans": [
                                            {
                                                "Node Type": "Seq Scan",
                                                "Parent Relationship": "Outer",
                                                "Parallel Aware": false,
                                                "Relation Name": "info_type",
                                                "Schema": "public",
                                                "Alias": "it2",
                                                "Startup Cost": 0.0,
                                                "Total Cost": 2.41,
                                                "Plan Rows": 1,
                                                "Plan Width": 4,
                                                "Actual Startup Time": 0.077,
                                                "Actual Total Time": 0.093,
                                                "Actual Rows": 1,
                                                "Actual Loops": 3,
                                                "Output": [
                                                    "it2.id"
                                                ],
                                                "Filter": "((it2.info)::text = 'release dates'::text)",
                                                "Rows Removed by Filter": 112,
                                                "Workers": [
                                                    {
                                                        "Worker Number": 0,
                                                        "Actual Startup Time": 0.129,
                                                        "Actual Total Time": 0.15,
                                                        "Actual Rows": 1,
                                                        "Actual Loops": 1
                                                    },
                                                    {
                                                        "Worker Number": 1,
                                                        "Actual Startup Time": 0.079,
                                                        "Actual Total Time": 0.095,
                                                        "Actual Rows": 1,
                                                        "Actual Loops": 1
                                                    }
                                                ]
                                            }
                                        ]
                                    }
                                ]
                            }
                        ]
                    }
                ]
            }
        ]
    },
    "Planning Time": 38.27,
    "Triggers": [],
    "Execution Time": 13380.583
}