{
  "Plan": {
    "Node Type": "Aggregate",
    "Strategy": "Plain",
    "Partial Mode": "Finalize",
    "Parallel Aware": false,
    "Startup Cost": 642568.76,
    "Total Cost": 642568.77,
    "Plan Rows": 1,
    "Plan Width": 8,
    "Actual Startup Time": 2010.681,
    "Actual Total Time": 2079.363,
    "Actual Rows": 1,
    "Actual Loops": 1,
    "Plans": [
      {
        "Node Type": "Gather",
        "Parent Relationship": "Outer",
        "Parallel Aware": false,
        "Startup Cost": 642568.65,
        "Total Cost": 642568.76,
        "Plan Rows": 1,
        "Plan Width": 8,
        "Actual Startup Time": 2010.553,
        "Actual Total Time": 2079.352,
        "Actual Rows": 2,
        "Actual Loops": 1,
        "Workers Planned": 1,
        "Workers Launched": 1,
        "Single Copy": false,
        "Plans": [
          {
            "Node Type": "Aggregate",
            "Strategy": "Plain",
            "Partial Mode": "Partial",
            "Parent Relationship": "Outer",
            "Parallel Aware": false,
            "Startup Cost": 641568.65,
            "Total Cost": 641568.66,
            "Plan Rows": 1,
            "Plan Width": 8,
            "Actual Startup Time": 2004.687,
            "Actual Total Time": 2004.691,
            "Actual Rows": 1,
            "Actual Loops": 2,
            "Plans": [
              {
                "Node Type": "Hash Join",
                "Parent Relationship": "Outer",
                "Parallel Aware": true,
                "Join Type": "Inner",
                "Startup Cost": 54755.7,
                "Total Cost": 641445.69,
                "Plan Rows": 49181,
                "Plan Width": 0,
                "Actual Startup Time": 952.046,
                "Actual Total Time": 2003.095,
                "Actual Rows": 27576,
                "Actual Loops": 2,
                "Inner Unique": true,
                "Hash Cond": "(ci.movie_id = t.id)",
                "Plans": [
                  {
                    "Node Type": "Seq Scan",
                    "Parent Relationship": "Outer",
                    "Parallel Aware": true,
                    "Relation Name": "cast_info",
                    "Alias": "ci",
                    "Startup Cost": 0.0,
                    "Total Cost": 572345.93,
                    "Plan Rows": 5464396,
                    "Plan Width": 4,
                    "Actual Startup Time": 798.249,
                    "Actual Total Time": 1578.597,
                    "Actual Rows": 3256683,
                    "Actual Loops": 2,
                    "Filter": "((person_id > 2611340) AND (role_id < 9))",
                    "Rows Removed by Filter": 14865489
                  },
                  {
                    "Node Type": "Hash",
                    "Parent Relationship": "Inner",
                    "Parallel Aware": true,
                    "Startup Cost": 54588.39,
                    "Total Cost": 54588.39,
                    "Plan Rows": 13385,
                    "Plan Width": 4,
                    "Actual Startup Time": 152.423,
                    "Actual Total Time": 152.424,
                    "Actual Rows": 11520,
                    "Actual Loops": 2,
                    "Hash Buckets": 32768,
                    "Original Hash Buckets": 32768,
                    "Hash Batches": 1,
                    "Original Hash Batches": 1,
                    "Peak Memory Usage": 1184,
                    "Plans": [
                      {
                        "Node Type": "Seq Scan",
                        "Parent Relationship": "Outer",
                        "Parallel Aware": true,
                        "Relation Name": "title",
                        "Alias": "t",
                        "Startup Cost": 0.0,
                        "Total Cost": 54588.39,
                        "Plan Rows": 13385,
                        "Plan Width": 4,
                        "Actual Startup Time": 0.065,
                        "Actual Total Time": 147.455,
                        "Actual Rows": 11520,
                        "Actual Loops": 2,
                        "Filter": "(production_year = 1990)",
                        "Rows Removed by Filter": 1252636
                      }
                    ]
                  }
                ]
              }
            ]
          }
        ]
      }
    ]
  },
  "Planning Time": 0.518,
  "Triggers": [],
  "Execution Time": 2079.462
}