[
  {
    "Plan": {
      "Node Type": "Aggregate",
      "Strategy": "Plain",
      "Partial Mode": "Finalize",
      "Parallel Aware": false,
      "Startup Cost": 44906.39,
      "Total Cost": 44906.4,
      "Plan Rows": 1,
      "Plan Width": 8,
      "Actual Startup Time": 89.586,
      "Actual Total Time": 101.334,
      "Actual Rows": 1,
      "Actual Loops": 1,
      "Plans": [
        {
          "Node Type": "Gather",
          "Parent Relationship": "Outer",
          "Parallel Aware": false,
          "Startup Cost": 44905.97,
          "Total Cost": 44906.38,
          "Plan Rows": 4,
          "Plan Width": 8,
          "Actual Startup Time": 89.328,
          "Actual Total Time": 101.325,
          "Actual Rows": 5,
          "Actual Loops": 1,
          "Workers Planned": 4,
          "Workers Launched": 4,
          "Single Copy": false,
          "Plans": [
            {
              "Node Type": "Aggregate",
              "Strategy": "Plain",
              "Partial Mode": "Partial",
              "Parent Relationship": "Outer",
              "Parallel Aware": false,
              "Startup Cost": 43905.97,
              "Total Cost": 43905.98,
              "Plan Rows": 1,
              "Plan Width": 8,
              "Actual Startup Time": 82.26,
              "Actual Total Time": 82.261,
              "Actual Rows": 1,
              "Actual Loops": 5,
              "Plans": [
                {
                  "Node Type": "Seq Scan",
                  "Parent Relationship": "Outer",
                  "Parallel Aware": true,
                  "Relation Name": "title",
                  "Alias": "t",
                  "Startup Cost": 0.0,
                  "Total Cost": 43898.92,
                  "Plan Rows": 2823,
                  "Plan Width": 0,
                  "Actual Startup Time": 0.06,
                  "Actual Total Time": 81.974,
                  "Actual Rows": 2224,
                  "Actual Loops": 5,
                  "Filter": "(production_year = 1960)",
                  "Rows Removed by Filter": 503438
                }
              ]
            }
          ]
        }
      ]
    },
    "Planning Time": 0.101,
    "Triggers": [],
    "Execution Time": 101.374
  }
]