[
  {
    "Plan": {
      "Node Type": "Aggregate",
      "Strategy": "Plain",
      "Partial Mode": "Finalize",
      "Parallel Aware": false,
      "Startup Cost": 326600.81,
      "Total Cost": 326600.82,
      "Plan Rows": 1,
      "Plan Width": 8,
      "Actual Startup Time": 326.324,
      "Actual Total Time": 347.777,
      "Actual Rows": 1,
      "Actual Loops": 1,
      "Plans": [
        {
          "Node Type": "Gather",
          "Parent Relationship": "Outer",
          "Parallel Aware": false,
          "Startup Cost": 326600.28,
          "Total Cost": 326600.79,
          "Plan Rows": 5,
          "Plan Width": 8,
          "Actual Startup Time": 322.055,
          "Actual Total Time": 347.762,
          "Actual Rows": 6,
          "Actual Loops": 1,
          "Workers Planned": 5,
          "Workers Launched": 5,
          "Single Copy": false,
          "Plans": [
            {
              "Node Type": "Aggregate",
              "Strategy": "Plain",
              "Partial Mode": "Partial",
              "Parent Relationship": "Outer",
              "Parallel Aware": false,
              "Startup Cost": 325600.28,
              "Total Cost": 325600.29,
              "Plan Rows": 1,
              "Plan Width": 8,
              "Actual Startup Time": 309.57,
              "Actual Total Time": 309.574,
              "Actual Rows": 1,
              "Actual Loops": 6,
              "Plans": [
                {
                  "Node Type": "Nested Loop",
                  "Parent Relationship": "Outer",
                  "Parallel Aware": false,
                  "Join Type": "Inner",
                  "Startup Cost": 51911.79,
                  "Total Cost": 325561.79,
                  "Plan Rows": 15398,
                  "Plan Width": 0,
                  "Actual Startup Time": 166.834,
                  "Actual Total Time": 301.763,
                  "Actual Rows": 127404,
                  "Actual Loops": 6,
                  "Inner Unique": false,
                  "Plans": [
                    {
                      "Node Type": "Hash Join",
                      "Parent Relationship": "Outer",
                      "Parallel Aware": true,
                      "Join Type": "Inner",
                      "Startup Cost": 51911.36,
                      "Total Cost": 307985.5,
                      "Plan Rows": 8606,
                      "Plan Width": 8,
                      "Actual Startup Time": 166.673,
                      "Actual Total Time": 192.038,
                      "Actual Rows": 9766,
                      "Actual Loops": 6,
                      "Inner Unique": true,
                      "Hash Cond": "(ci.movie_id = t.id)",
                      "Plans": [
                        {
                          "Node Type": "Bitmap Heap Scan",
                          "Parent Relationship": "Outer",
                          "Parallel Aware": true,
                          "Relation Name": "cast_info",
                          "Alias": "ci",
                          "Startup Cost": 4899.58,
                          "Total Cost": 260857.28,
                          "Plan Rows": 44362,
                          "Plan Width": 4,
                          "Actual Startup Time": 9.062,
                          "Actual Total Time": 15.843,
                          "Actual Rows": 36744,
                          "Actual Loops": 6,
                          "Recheck Cond": "(person_id < 25824)",
                          "Rows Removed by Index Recheck": 0,
                          "Exact Heap Blocks": 455,
                          "Lossy Heap Blocks": 0,
                          "Plans": [
                            {
                              "Node Type": "Bitmap Index Scan",
                              "Parent Relationship": "Outer",
                              "Parallel Aware": false,
                              "Index Name": "person_id_cast_info",
                              "Startup Cost": 0.0,
                              "Total Cost": 4844.13,
                              "Plan Rows": 221809,
                              "Plan Width": 0,
                              "Actual Startup Time": 8.695,
                              "Actual Total Time": 8.696,
                              "Actual Rows": 220462,
                              "Actual Loops": 1,
                              "Index Cond": "(person_id < 25824)"
                            }
                          ]
                        },
                        {
                          "Node Type": "Hash",
                          "Parent Relationship": "Inner",
                          "Parallel Aware": true,
                          "Startup Cost": 45479.1,
                          "Total Cost": 45479.1,
                          "Plan Rows": 122614,
                          "Plan Width": 4,
                          "Actual Startup Time": 154.989,
                          "Actual Total Time": 154.99,
                          "Actual Rows": 96903,
                          "Actual Loops": 6,
                          "Hash Buckets": 1048576,
                          "Original Hash Buckets": 524288,
                          "Hash Batches": 1,
                          "Original Hash Batches": 1,
                          "Peak Memory Usage": 35168,
                          "Plans": [
                            {
                              "Node Type": "Seq Scan",
                              "Parent Relationship": "Outer",
                              "Parallel Aware": true,
                              "Relation Name": "title",
                              "Alias": "t",
                              "Startup Cost": 0.0,
                              "Total Cost": 45479.1,
                              "Plan Rows": 122614,
                              "Plan Width": 4,
                              "Actual Startup Time": 0.049,
                              "Actual Total Time": 93.363,
                              "Actual Rows": 96903,
                              "Actual Loops": 6,
                              "Filter": "((kind_id < 7) AND (production_year < 2004))",
                              "Rows Removed by Filter": 324482
                            }
                          ]
                        }
                      ]
                    },
                    {
                      "Node Type": "Index Only Scan",
                      "Parent Relationship": "Inner",
                      "Parallel Aware": false,
                      "Scan Direction": "Forward",
                      "Index Name": "movie_id_movie_keyword",
                      "Relation Name": "movie_keyword",
                      "Alias": "mk",
                      "Startup Cost": 0.43,
                      "Total Cost": 1.59,
                      "Plan Rows": 45,
                      "Plan Width": 4,
                      "Actual Startup Time": 0.007,
                      "Actual Total Time": 0.01,
                      "Actual Rows": 13,
                      "Actual Loops": 58595,
                      "Index Cond": "(movie_id = t.id)",
                      "Rows Removed by Index Recheck": 0,
                      "Heap Fetches": 764425
                    }
                  ]
                }
              ]
            }
          ]
        }
      ]
    },
    "Planning Time": 1.371,
    "Triggers": [],
    "Execution Time": 347.891
  }
]