[
  {
    "Plan": {
      "Node Type": "Aggregate",
      "Strategy": "Plain",
      "Partial Mode": "Finalize",
      "Parallel Aware": false,
      "Startup Cost": 297134.53,
      "Total Cost": 297134.54,
      "Plan Rows": 1,
      "Plan Width": 96,
      "Actual Startup Time": 1258.756,
      "Actual Total Time": 1335.432,
      "Actual Rows": 1,
      "Actual Loops": 1,
      "Plans": [
        {
          "Node Type": "Gather",
          "Parent Relationship": "Outer",
          "Parallel Aware": false,
          "Startup Cost": 297134.2,
          "Total Cost": 297134.51,
          "Plan Rows": 3,
          "Plan Width": 96,
          "Actual Startup Time": 1258.476,
          "Actual Total Time": 1335.414,
          "Actual Rows": 4,
          "Actual Loops": 1,
          "Workers Planned": 3,
          "Workers Launched": 3,
          "Single Copy": false,
          "Plans": [
            {
              "Node Type": "Aggregate",
              "Strategy": "Plain",
              "Partial Mode": "Partial",
              "Parent Relationship": "Outer",
              "Parallel Aware": false,
              "Startup Cost": 296134.2,
              "Total Cost": 296134.21,
              "Plan Rows": 1,
              "Plan Width": 96,
              "Actual Startup Time": 1247.942,
              "Actual Total Time": 1247.966,
              "Actual Rows": 1,
              "Actual Loops": 4,
              "Plans": [
                {
                  "Node Type": "Hash Join",
                  "Parent Relationship": "Outer",
                  "Parallel Aware": false,
                  "Join Type": "Inner",
                  "Startup Cost": 266592.32,
                  "Total Cost": 296134.19,
                  "Plan Rows": 1,
                  "Plan Width": 42,
                  "Actual Startup Time": 1217.381,
                  "Actual Total Time": 1247.957,
                  "Actual Rows": 1,
                  "Actual Loops": 4,
                  "Inner Unique": true,
                  "Hash Cond": "(mc.company_type_id = ct.id)",
                  "Plans": [
                    {
                      "Node Type": "Hash Join",
                      "Parent Relationship": "Outer",
                      "Parallel Aware": true,
                      "Join Type": "Inner",
                      "Startup Cost": 266591.25,
                      "Total Cost": 296133.13,
                      "Plan Rows": 1,
                      "Plan Width": 46,
                      "Actual Startup Time": 1216.683,
                      "Actual Total Time": 1247.257,
                      "Actual Rows": 1,
                      "Actual Loops": 4,
                      "Inner Unique": false,
                      "Hash Cond": "(mc.movie_id = mi.movie_id)",
                      "Plans": [
                        {
                          "Node Type": "Hash Join",
                          "Parent Relationship": "Outer",
                          "Parallel Aware": true,
                          "Join Type": "Inner",
                          "Startup Cost": 4791.86,
                          "Total Cost": 34207.79,
                          "Plan Rows": 33581,
                          "Plan Width": 27,
                          "Actual Startup Time": 12.511,
                          "Actual Total Time": 152.969,
                          "Actual Rows": 37033,
                          "Actual Loops": 4,
                          "Inner Unique": true,
                          "Hash Cond": "(mc.company_id = cn.id)",
                          "Plans": [
                            {
                              "Node Type": "Seq Scan",
                              "Parent Relationship": "Outer",
                              "Parallel Aware": true,
                              "Relation Name": "movie_companies",
                              "Alias": "mc",
                              "Startup Cost": 0.0,
                              "Total Cost": 27206.55,
                              "Plan Rows": 841655,
                              "Plan Width": 12,
                              "Actual Startup Time": 0.013,
                              "Actual Total Time": 70.217,
                              "Actual Rows": 652282,
                              "Actual Loops": 4
                            },
                            {
                              "Node Type": "Hash",
                              "Parent Relationship": "Inner",
                              "Parallel Aware": true,
                              "Startup Cost": 4722.92,
                              "Total Cost": 4722.92,
                              "Plan Rows": 5515,
                              "Plan Width": 23,
                              "Actual Startup Time": 12.384,
                              "Actual Total Time": 12.385,
                              "Actual Rows": 2444,
                              "Actual Loops": 4,
                              "Hash Buckets": 16384,
                              "Original Hash Buckets": 16384,
                              "Hash Batches": 1,
                              "Original Hash Batches": 1,
                              "Peak Memory Usage": 768,
                              "Plans": [
                                {
                                  "Node Type": "Seq Scan",
                                  "Parent Relationship": "Outer",
                                  "Parallel Aware": true,
                                  "Relation Name": "company_name",
                                  "Alias": "cn",
                                  "Startup Cost": 0.0,
                                  "Total Cost": 4722.92,
                                  "Plan Rows": 5515,
                                  "Plan Width": 23,
                                  "Actual Startup Time": 0.023,
                                  "Actual Total Time": 10.88,
                                  "Actual Rows": 2444,
                                  "Actual Loops": 4,
                                  "Filter": "((country_code)::text = '[de]'::text)",
                                  "Rows Removed by Filter": 56306
                                }
                              ]
                            }
                          ]
                        },
                        {
                          "Node Type": "Hash",
                          "Parent Relationship": "Inner",
                          "Parallel Aware": true,
                          "Startup Cost": 261799.38,
                          "Total Cost": 261799.38,
                          "Plan Rows": 1,
                          "Plan Width": 35,
                          "Actual Startup Time": 1091.364,
                          "Actual Total Time": 1091.381,
                          "Actual Rows": 6,
                          "Actual Loops": 4,
                          "Hash Buckets": 1024,
                          "Original Hash Buckets": 1024,
                          "Hash Batches": 1,
                          "Original Hash Batches": 1,
                          "Peak Memory Usage": 136,
                          "Plans": [
                            {
                              "Node Type": "Hash Join",
                              "Parent Relationship": "Outer",
                              "Parallel Aware": true,
                              "Join Type": "Inner",
                              "Startup Cost": 246529.11,
                              "Total Cost": 261799.38,
                              "Plan Rows": 1,
                              "Plan Width": 35,
                              "Actual Startup Time": 1009.415,
                              "Actual Total Time": 1091.272,
                              "Actual Rows": 6,
                              "Actual Loops": 4,
                              "Inner Unique": false,
                              "Hash Cond": "(miidx.movie_id = mi.movie_id)",
                              "Plans": [
                                {
                                  "Node Type": "Hash Join",
                                  "Parent Relationship": "Outer",
                                  "Parallel Aware": false,
                                  "Join Type": "Inner",
                                  "Startup Cost": 2.43,
                                  "Total Cost": 15253.6,
                                  "Plan Rows": 5089,
                                  "Plan Width": 10,
                                  "Actual Startup Time": 0.095,
                                  "Actual Total Time": 78.147,
                                  "Actual Rows": 114981,
                                  "Actual Loops": 4,
                                  "Inner Unique": true,
                                  "Hash Cond": "(miidx.info_type_id = it.id)",
                                  "Plans": [
                                    {
                                      "Node Type": "Seq Scan",
                                      "Parent Relationship": "Outer",
                                      "Parallel Aware": true,
                                      "Relation Name": "movie_info_idx",
                                      "Alias": "miidx",
                                      "Startup Cost": 0.0,
                                      "Total Cost": 13685.15,
                                      "Plan Rows": 575015,
                                      "Plan Width": 14,
                                      "Actual Startup Time": 0.021,
                                      "Actual Total Time": 37.341,
                                      "Actual Rows": 345009,
                                      "Actual Loops": 4
                                    },
                                    {
                                      "Node Type": "Hash",
                                      "Parent Relationship": "Inner",
                                      "Parallel Aware": false,
                                      "Startup Cost": 2.41,
                                      "Total Cost": 2.41,
                                      "Plan Rows": 1,
                                      "Plan Width": 4,
                                      "Actual Startup Time": 0.033,
                                      "Actual Total Time": 0.034,
                                      "Actual Rows": 1,
                                      "Actual Loops": 4,
                                      "Hash Buckets": 1024,
                                      "Original Hash Buckets": 1024,
                                      "Hash Batches": 1,
                                      "Original Hash Batches": 1,
                                      "Peak Memory Usage": 9,
                                      "Plans": [
                                        {
                                          "Node Type": "Seq Scan",
                                          "Parent Relationship": "Outer",
                                          "Parallel Aware": false,
                                          "Relation Name": "info_type",
                                          "Alias": "it",
                                          "Startup Cost": 0.0,
                                          "Total Cost": 2.41,
                                          "Plan Rows": 1,
                                          "Plan Width": 4,
                                          "Actual Startup Time": 0.022,
                                          "Actual Total Time": 0.024,
                                          "Actual Rows": 1,
                                          "Actual Loops": 4,
                                          "Filter": "((info)::text = 'rating'::text)",
                                          "Rows Removed by Filter": 112
                                        }
                                      ]
                                    }
                                  ]
                                },
                                {
                                  "Node Type": "Hash",
                                  "Parent Relationship": "Inner",
                                  "Parallel Aware": true,
                                  "Startup Cost": 246526.68,
                                  "Total Cost": 246526.68,
                                  "Plan Rows": 1,
                                  "Plan Width": 25,
                                  "Actual Startup Time": 1005.016,
                                  "Actual Total Time": 1005.026,
                                  "Actual Rows": 35,
                                  "Actual Loops": 4,
                                  "Hash Buckets": 1024,
                                  "Original Hash Buckets": 1024,
                                  "Hash Batches": 1,
                                  "Original Hash Batches": 1,
                                  "Peak Memory Usage": 136,
                                  "Plans": [
                                    {
                                      "Node Type": "Hash Join",
                                      "Parent Relationship": "Outer",
                                      "Parallel Aware": false,
                                      "Join Type": "Inner",
                                      "Startup Cost": 47063.86,
                                      "Total Cost": 246526.68,
                                      "Plan Rows": 1,
                                      "Plan Width": 25,
                                      "Actual Startup Time": 415.046,
                                      "Actual Total Time": 1004.838,
                                      "Actual Rows": 35,
                                      "Actual Loops": 4,
                                      "Inner Unique": true,
                                      "Hash Cond": "(t.kind_id = kt.id)",
                                      "Plans": [
                                        {
                                          "Node Type": "Hash Join",
                                          "Parent Relationship": "Outer",
                                          "Parallel Aware": false,
                                          "Join Type": "Inner",
                                          "Startup Cost": 47062.76,
                                          "Total Cost": 246525.55,
                                          "Plan Rows": 5,
                                          "Plan Width": 29,
                                          "Actual Startup Time": 414.912,
                                          "Actual Total Time": 1004.68,
                                          "Actual Rows": 81,
                                          "Actual Loops": 4,
                                          "Inner Unique": true,
                                          "Hash Cond": "(mi.info_type_id = it2.id)",
                                          "Plans": [
                                            {
                                              "Node Type": "Hash Join",
                                              "Parent Relationship": "Outer",
                                              "Parallel Aware": true,
                                              "Join Type": "Inner",
                                              "Startup Cost": 47060.34,
                                              "Total Cost": 246521.62,
                                              "Plan Rows": 552,
                                              "Plan Width": 33,
                                              "Actual Startup Time": 176.437,
                                              "Actual Total Time": 1004.456,
                                              "Actual Rows": 450,
                                              "Actual Loops": 4,
                                              "Inner Unique": true,
                                              "Hash Cond": "(mi.movie_id = t.id)",
                                              "Plans": [
                                                {
                                                  "Node Type": "Seq Scan",
                                                  "Parent Relationship": "Outer",
                                                  "Parallel Aware": true,
                                                  "Relation Name": "movie_info",
                                                  "Alias": "mi",
                                                  "Startup Cost": 0.0,
                                                  "Total Cost": 191670.84,
                                                  "Plan Rows": 2967784,
                                                  "Plan Width": 8,
                                                  "Actual Startup Time": 0.038,
                                                  "Actual Total Time": 524.965,
                                                  "Actual Rows": 3708930,
                                                  "Actual Loops": 4
                                                },
                                                {
                                                  "Node Type": "Hash",
                                                  "Parent Relationship": "Inner",
                                                  "Parallel Aware": true,
                                                  "Startup Cost": 47058.86,
                                                  "Total Cost": 47058.86,
                                                  "Plan Rows": 118,
                                                  "Plan Width": 25,
                                                  "Actual Startup Time": 172.896,
                                                  "Actual Total Time": 172.897,
                                                  "Actual Rows": 74,
                                                  "Actual Loops": 4,
                                                  "Hash Buckets": 1024,
                                                  "Original Hash Buckets": 1024,
                                                  "Hash Batches": 1,
                                                  "Original Hash Batches": 1,
                                                  "Peak Memory Usage": 136,
                                                  "Plans": [
                                                    {
                                                      "Node Type": "Seq Scan",
                                                      "Parent Relationship": "Outer",
                                                      "Parallel Aware": true,
                                                      "Relation Name": "title",
                                                      "Alias": "t",
                                                      "Startup Cost": 0.0,
                                                      "Total Cost": 47058.86,
                                                      "Plan Rows": 118,
                                                      "Plan Width": 25,
                                                      "Actual Startup Time": 11.606,
                                                      "Actual Total Time": 172.67,
                                                      "Actual Rows": 74,
                                                      "Actual Loops": 4,
                                                      "Filter": "((title <> ''::text) AND ((title ~~ 'Champion%'::text) OR (title ~~ 'Loser%'::text)))",
                                                      "Rows Removed by Filter": 632004
                                                    }
                                                  ]
                                                }
                                              ]
                                            },
                                            {
                                              "Node Type": "Hash",
                                              "Parent Relationship": "Inner",
                                              "Parallel Aware": false,
                                              "Startup Cost": 2.41,
                                              "Total Cost": 2.41,
                                              "Plan Rows": 1,
                                              "Plan Width": 4,
                                              "Actual Startup Time": 0.101,
                                              "Actual Total Time": 0.102,
                                              "Actual Rows": 1,
                                              "Actual Loops": 4,
                                              "Hash Buckets": 1024,
                                              "Original Hash Buckets": 1024,
                                              "Hash Batches": 1,
                                              "Original Hash Batches": 1,
                                              "Peak Memory Usage": 9,
                                              "Plans": [
                                                {
                                                  "Node Type": "Seq Scan",
                                                  "Parent Relationship": "Outer",
                                                  "Parallel Aware": false,
                                                  "Relation Name": "info_type",
                                                  "Alias": "it2",
                                                  "Startup Cost": 0.0,
                                                  "Total Cost": 2.41,
                                                  "Plan Rows": 1,
                                                  "Plan Width": 4,
                                                  "Actual Startup Time": 0.076,
                                                  "Actual Total Time": 0.091,
                                                  "Actual Rows": 1,
                                                  "Actual Loops": 4,
                                                  "Filter": "((info)::text = 'release dates'::text)",
                                                  "Rows Removed by Filter": 112
                                                }
                                              ]
                                            }
                                          ]
                                        },
                                        {
                                          "Node Type": "Hash",
                                          "Parent Relationship": "Inner",
                                          "Parallel Aware": false,
                                          "Startup Cost": 1.09,
                                          "Total Cost": 1.09,
                                          "Plan Rows": 1,
                                          "Plan Width": 4,
                                          "Actual Startup Time": 0.087,
                                          "Actual Total Time": 0.088,
                                          "Actual Rows": 1,
                                          "Actual Loops": 4,
                                          "Hash Buckets": 1024,
                                          "Original Hash Buckets": 1024,
                                          "Hash Batches": 1,
                                          "Original Hash Batches": 1,
                                          "Peak Memory Usage": 9,
                                          "Plans": [
                                            {
                                              "Node Type": "Seq Scan",
                                              "Parent Relationship": "Outer",
                                              "Parallel Aware": false,
                                              "Relation Name": "kind_type",
                                              "Alias": "kt",
                                              "Startup Cost": 0.0,
                                              "Total Cost": 1.09,
                                              "Plan Rows": 1,
                                              "Plan Width": 4,
                                              "Actual Startup Time": 0.074,
                                              "Actual Total Time": 0.075,
                                              "Actual Rows": 1,
                                              "Actual Loops": 4,
                                              "Filter": "((kind)::text = 'episode'::text)",
                                              "Rows Removed by Filter": 6
                                            }
                                          ]
                                        }
                                      ]
                                    }
                                  ]
                                }
                              ]
                            }
                          ]
                        }
                      ]
                    },
                    {
                      "Node Type": "Hash",
                      "Parent Relationship": "Inner",
                      "Parallel Aware": false,
                      "Startup Cost": 1.05,
                      "Total Cost": 1.05,
                      "Plan Rows": 1,
                      "Plan Width": 4,
                      "Actual Startup Time": 0.098,
                      "Actual Total Time": 0.099,
                      "Actual Rows": 1,
                      "Actual Loops": 4,
                      "Hash Buckets": 1024,
                      "Original Hash Buckets": 1024,
                      "Hash Batches": 1,
                      "Original Hash Batches": 1,
                      "Peak Memory Usage": 9,
                      "Plans": [
                        {
                          "Node Type": "Seq Scan",
                          "Parent Relationship": "Outer",
                          "Parallel Aware": false,
                          "Relation Name": "company_type",
                          "Alias": "ct",
                          "Startup Cost": 0.0,
                          "Total Cost": 1.05,
                          "Plan Rows": 1,
                          "Plan Width": 4,
                          "Actual Startup Time": 0.074,
                          "Actual Total Time": 0.078,
                          "Actual Rows": 1,
                          "Actual Loops": 4,
                          "Filter": "((kind)::text = 'distributors'::text)",
                          "Rows Removed by Filter": 3
                        }
                      ]
                    }
                  ]
                }
              ]
            }
          ]
        }
      ]
    },
    "Planning Time": 9.984,
    "Triggers": [],
    "Execution Time": 1336.003
  }
]