[
  {
    "Plan": {
      "Node Type": "Aggregate",
      "Strategy": "Plain",
      "Partial Mode": "Finalize",
      "Parallel Aware": false,
      "Startup Cost": 342572.89,
      "Total Cost": 342572.9,
      "Plan Rows": 1,
      "Plan Width": 8,
      "Actual Startup Time": 834.667,
      "Actual Total Time": 893.035,
      "Actual Rows": 1,
      "Actual Loops": 1,
      "Plans": [
        {
          "Node Type": "Gather",
          "Parent Relationship": "Outer",
          "Parallel Aware": false,
          "Startup Cost": 342572.26,
          "Total Cost": 342572.87,
          "Plan Rows": 6,
          "Plan Width": 8,
          "Actual Startup Time": 834.552,
          "Actual Total Time": 893.026,
          "Actual Rows": 7,
          "Actual Loops": 1,
          "Workers Planned": 6,
          "Workers Launched": 6,
          "Single Copy": false,
          "Plans": [
            {
              "Node Type": "Aggregate",
              "Strategy": "Plain",
              "Partial Mode": "Partial",
              "Parent Relationship": "Outer",
              "Parallel Aware": false,
              "Startup Cost": 341572.26,
              "Total Cost": 341572.27,
              "Plan Rows": 1,
              "Plan Width": 8,
              "Actual Startup Time": 824.267,
              "Actual Total Time": 824.268,
              "Actual Rows": 1,
              "Actual Loops": 7,
              "Plans": [
                {
                  "Node Type": "Seq Scan",
                  "Parent Relationship": "Outer",
                  "Parallel Aware": true,
                  "Relation Name": "cast_info",
                  "Alias": "ci",
                  "Startup Cost": 0.0,
                  "Total Cost": 328162.03,
                  "Plan Rows": 5364095,
                  "Plan Width": 0,
                  "Actual Startup Time": 58.836,
                  "Actual Total Time": 635.576,
                  "Actual Rows": 4581336,
                  "Actual Loops": 7,
                  "Filter": "(person_id > 401643)",
                  "Rows Removed by Filter": 596428
                }
              ]
            }
          ]
        }
      ]
    },
    "Planning Time": 0.174,
    "Triggers": [],
    "Execution Time": 893.1
  }
]