[
  {
    "Plan": {
      "Node Type": "Aggregate",
      "Strategy": "Plain",
      "Partial Mode": "Finalize",
      "Parallel Aware": false,
      "Startup Cost": 351757.3,
      "Total Cost": 351757.32,
      "Plan Rows": 1,
      "Plan Width": 8,
      "Actual Startup Time": 809.149,
      "Actual Total Time": 852.145,
      "Actual Rows": 1,
      "Actual Loops": 1,
      "Plans": [
        {
          "Node Type": "Gather",
          "Parent Relationship": "Outer",
          "Parallel Aware": false,
          "Startup Cost": 351756.68,
          "Total Cost": 351757.29,
          "Plan Rows": 6,
          "Plan Width": 8,
          "Actual Startup Time": 808.97,
          "Actual Total Time": 852.133,
          "Actual Rows": 7,
          "Actual Loops": 1,
          "Workers Planned": 6,
          "Workers Launched": 6,
          "Single Copy": false,
          "Plans": [
            {
              "Node Type": "Aggregate",
              "Strategy": "Plain",
              "Partial Mode": "Partial",
              "Parent Relationship": "Outer",
              "Parallel Aware": false,
              "Startup Cost": 350756.68,
              "Total Cost": 350756.69,
              "Plan Rows": 1,
              "Plan Width": 8,
              "Actual Startup Time": 801.687,
              "Actual Total Time": 801.688,
              "Actual Rows": 1,
              "Actual Loops": 7,
              "Plans": [
                {
                  "Node Type": "Seq Scan",
                  "Parent Relationship": "Outer",
                  "Parallel Aware": true,
                  "Relation Name": "cast_info",
                  "Alias": "ci",
                  "Startup Cost": 0.0,
                  "Total Cost": 343316.27,
                  "Plan Rows": 2976164,
                  "Plan Width": 0,
                  "Actual Startup Time": 238.135,
                  "Actual Total Time": 693.578,
                  "Actual Rows": 2131943,
                  "Actual Loops": 7,
                  "Filter": "((person_id < 2824089) AND (role_id > 1))",
                  "Rows Removed by Filter": 3045820
                }
              ]
            }
          ]
        }
      ]
    },
    "Planning Time": 0.237,
    "Triggers": [],
    "Execution Time": 852.212
  }
]