[
  {
    "Plan": {
      "Node Type": "Aggregate",
      "Strategy": "Plain",
      "Partial Mode": "Finalize",
      "Parallel Aware": false,
      "Startup Cost": 351770.99,
      "Total Cost": 351771.01,
      "Plan Rows": 1,
      "Plan Width": 8,
      "Actual Startup Time": 838.436,
      "Actual Total Time": 896.164,
      "Actual Rows": 1,
      "Actual Loops": 1,
      "Plans": [
        {
          "Node Type": "Gather",
          "Parent Relationship": "Outer",
          "Parallel Aware": false,
          "Startup Cost": 351770.37,
          "Total Cost": 351770.98,
          "Plan Rows": 6,
          "Plan Width": 8,
          "Actual Startup Time": 838.326,
          "Actual Total Time": 896.152,
          "Actual Rows": 7,
          "Actual Loops": 1,
          "Workers Planned": 6,
          "Workers Launched": 6,
          "Single Copy": false,
          "Plans": [
            {
              "Node Type": "Aggregate",
              "Strategy": "Plain",
              "Partial Mode": "Partial",
              "Parent Relationship": "Outer",
              "Parallel Aware": false,
              "Startup Cost": 350770.37,
              "Total Cost": 350770.38,
              "Plan Rows": 1,
              "Plan Width": 8,
              "Actual Startup Time": 830.727,
              "Actual Total Time": 830.728,
              "Actual Rows": 1,
              "Actual Loops": 7,
              "Plans": [
                {
                  "Node Type": "Seq Scan",
                  "Parent Relationship": "Outer",
                  "Parallel Aware": true,
                  "Relation Name": "cast_info",
                  "Alias": "ci",
                  "Startup Cost": 0.0,
                  "Total Cost": 343257.03,
                  "Plan Rows": 3005336,
                  "Plan Width": 0,
                  "Actual Startup Time": 242.318,
                  "Actual Total Time": 729.344,
                  "Actual Rows": 2131943,
                  "Actual Loops": 7,
                  "Filter": "((person_id < 2824089) AND (role_id > 1))",
                  "Rows Removed by Filter": 3045820
                }
              ]
            }
          ]
        }
      ]
    },
    "Planning Time": 0.195,
    "Triggers": [],
    "Execution Time": 896.282
  }
]