{
    "Plan": {
        "Node Type": "Aggregate",
        "Strategy": "Plain",
        "Partial Mode": "Finalize",
        "Parallel Aware": false,
        "Startup Cost": 61678.18,
        "Total Cost": 61678.19,
        "Plan Rows": 1,
        "Plan Width": 8,
        "Actual Startup Time": 282.469,
        "Actual Total Time": 294.401,
        "Actual Rows": 1,
        "Actual Loops": 1,
        "Output": [
            "count(*)"
        ],
        "Plans": [
            {
                "Node Type": "Gather",
                "Parent Relationship": "Outer",
                "Parallel Aware": false,
                "Startup Cost": 61677.96,
                "Total Cost": 61678.17,
                "Plan Rows": 2,
                "Plan Width": 8,
                "Actual Startup Time": 280.378,
                "Actual Total Time": 294.391,
                "Actual Rows": 3,
                "Actual Loops": 1,
                "Output": [
                    "(PARTIAL count(*))"
                ],
                "Workers Planned": 2,
                "Workers Launched": 2,
                "Single Copy": false,
                "Plans": [
                    {
                        "Node Type": "Aggregate",
                        "Strategy": "Plain",
                        "Partial Mode": "Partial",
                        "Parent Relationship": "Outer",
                        "Parallel Aware": false,
                        "Startup Cost": 60677.96,
                        "Total Cost": 60677.97,
                        "Plan Rows": 1,
                        "Plan Width": 8,
                        "Actual Startup Time": 272.932,
                        "Actual Total Time": 272.936,
                        "Actual Rows": 1,
                        "Actual Loops": 3,
                        "Output": [
                            "PARTIAL count(*)"
                        ],
                        "Workers": [
                            {
                                "Worker Number": 0,
                                "Actual Startup Time": 269.225,
                                "Actual Total Time": 269.228,
                                "Actual Rows": 1,
                                "Actual Loops": 1
                            },
                            {
                                "Worker Number": 1,
                                "Actual Startup Time": 269.796,
                                "Actual Total Time": 269.798,
                                "Actual Rows": 1,
                                "Actual Loops": 1
                            }
                        ],
                        "Plans": [
                            {
                                "Node Type": "Hash Join",
                                "Parent Relationship": "Outer",
                                "Parallel Aware": true,
                                "Join Type": "Inner",
                                "Startup Cost": 45239.51,
                                "Total Cost": 60434.07,
                                "Plan Rows": 97558,
                                "Plan Width": 0,
                                "Actual Startup Time": 168.039,
                                "Actual Total Time": 268.981,
                                "Actual Rows": 85158,
                                "Actual Loops": 3,
                                "Inner Unique": true,
                                "Hash Cond": "(mi_idx.movie_id = t.id)",
                                "Workers": [
                                    {
                                        "Worker Number": 0,
                                        "Actual Startup Time": 164.345,
                                        "Actual Total Time": 265.407,
                                        "Actual Rows": 92663,
                                        "Actual Loops": 1
                                    },
                                    {
                                        "Worker Number": 1,
                                        "Actual Startup Time": 164.89,
                                        "Actual Total Time": 265.646,
                                        "Actual Rows": 62473,
                                        "Actual Loops": 1
                                    }
                                ],
                                "Plans": [
                                    {
                                        "Node Type": "Seq Scan",
                                        "Parent Relationship": "Outer",
                                        "Parallel Aware": true,
                                        "Relation Name": "movie_info_idx",
                                        "Schema": "public",
                                        "Alias": "mi_idx",
                                        "Startup Cost": 0.0,
                                        "Total Cost": 13685.15,
                                        "Plan Rows": 575015,
                                        "Plan Width": 4,
                                        "Actual Startup Time": 0.009,
                                        "Actual Total Time": 37.186,
                                        "Actual Rows": 460012,
                                        "Actual Loops": 3,
                                        "Output": [
                                            "mi_idx.id",
                                            "mi_idx.movie_id",
                                            "mi_idx.info_type_id",
                                            "mi_idx.info",
                                            "mi_idx.note"
                                        ],
                                        "Workers": [
                                            {
                                                "Worker Number": 0,
                                                "Actual Startup Time": 0.01,
                                                "Actual Total Time": 37.602,
                                                "Actual Rows": 496814,
                                                "Actual Loops": 1
                                            },
                                            {
                                                "Worker Number": 1,
                                                "Actual Startup Time": 0.009,
                                                "Actual Total Time": 38.4,
                                                "Actual Rows": 337084,
                                                "Actual Loops": 1
                                            }
                                        ]
                                    },
                                    {
                                        "Node Type": "Hash",
                                        "Parent Relationship": "Inner",
                                        "Parallel Aware": true,
                                        "Startup Cost": 43899.01,
                                        "Total Cost": 43899.01,
                                        "Plan Rows": 107240,
                                        "Plan Width": 4,
                                        "Actual Startup Time": 163.761,
                                        "Actual Total Time": 163.762,
                                        "Actual Rows": 141260,
                                        "Actual Loops": 3,
                                        "Output": [
                                            "t.id"
                                        ],
                                        "Hash Buckets": 524288,
                                        "Original Hash Buckets": 524288,
                                        "Hash Batches": 1,
                                        "Original Hash Batches": 1,
                                        "Peak Memory Usage": 20736,
                                        "Workers": [
                                            {
                                                "Worker Number": 0,
                                                "Actual Startup Time": 163.598,
                                                "Actual Total Time": 163.599,
                                                "Actual Rows": 142756,
                                                "Actual Loops": 1
                                            },
                                            {
                                                "Worker Number": 1,
                                                "Actual Startup Time": 163.893,
                                                "Actual Total Time": 163.894,
                                                "Actual Rows": 100644,
                                                "Actual Loops": 1
                                            }
                                        ],
                                        "Plans": [
                                            {
                                                "Node Type": "Seq Scan",
                                                "Parent Relationship": "Outer",
                                                "Parallel Aware": true,
                                                "Relation Name": "title",
                                                "Schema": "public",
                                                "Alias": "t",
                                                "Startup Cost": 0.0,
                                                "Total Cost": 43899.01,
                                                "Plan Rows": 107240,
                                                "Plan Width": 4,
                                                "Actual Startup Time": 0.049,
                                                "Actual Total Time": 123.774,
                                                "Actual Rows": 141260,
                                                "Actual Loops": 3,
                                                "Output": [
                                                    "t.id"
                                                ],
                                                "Filter": "(t.production_year < 1974)",
                                                "Rows Removed by Filter": 701511,
                                                "Workers": [
                                                    {
                                                        "Worker Number": 0,
                                                        "Actual Startup Time": 0.066,
                                                        "Actual Total Time": 124.947,
                                                        "Actual Rows": 142756,
                                                        "Actual Loops": 1
                                                    },
                                                    {
                                                        "Worker Number": 1,
                                                        "Actual Startup Time": 0.056,
                                                        "Actual Total Time": 125.593,
                                                        "Actual Rows": 100644,
                                                        "Actual Loops": 1
                                                    }
                                                ]
                                            }
                                        ]
                                    }
                                ]
                            }
                        ]
                    }
                ]
            }
        ]
    },
    "Planning Time": 0.674,
    "Triggers": [],
    "Execution Time": 294.471
}