{
  "Plan": {
    "Node Type": "Aggregate",
    "Strategy": "Plain",
    "Partial Mode": "Finalize",
    "Parallel Aware": false,
    "Startup Cost": 331461.12,
    "Total Cost": 331461.13,
    "Plan Rows": 1,
    "Plan Width": 8,
    "Actual Startup Time": 669.518,
    "Actual Total Time": 702.778,
    "Actual Rows": 1,
    "Actual Loops": 1,
    "Plans": [
      {
        "Node Type": "Gather",
        "Parent Relationship": "Outer",
        "Parallel Aware": false,
        "Startup Cost": 331461.01,
        "Total Cost": 331461.12,
        "Plan Rows": 1,
        "Plan Width": 8,
        "Actual Startup Time": 669.249,
        "Actual Total Time": 702.771,
        "Actual Rows": 2,
        "Actual Loops": 1,
        "Workers Planned": 1,
        "Workers Launched": 1,
        "Single Copy": false,
        "Plans": [
          {
            "Node Type": "Aggregate",
            "Strategy": "Plain",
            "Partial Mode": "Partial",
            "Parent Relationship": "Outer",
            "Parallel Aware": false,
            "Startup Cost": 330461.01,
            "Total Cost": 330461.02,
            "Plan Rows": 1,
            "Plan Width": 8,
            "Actual Startup Time": 663.05,
            "Actual Total Time": 663.053,
            "Actual Rows": 1,
            "Actual Loops": 2,
            "Plans": [
              {
                "Node Type": "Nested Loop",
                "Parent Relationship": "Outer",
                "Parallel Aware": false,
                "Join Type": "Inner",
                "Startup Cost": 59090.92,
                "Total Cost": 328820.43,
                "Plan Rows": 656231,
                "Plan Width": 0,
                "Actual Startup Time": 161.11,
                "Actual Total Time": 649.329,
                "Actual Rows": 299820,
                "Actual Loops": 2,
                "Inner Unique": false,
                "Join Filter": "(t.id = mi.movie_id)",
                "Rows Removed by Join Filter": 0,
                "Plans": [
                  {
                    "Node Type": "Hash Join",
                    "Parent Relationship": "Outer",
                    "Parallel Aware": true,
                    "Join Type": "Inner",
                    "Startup Cost": 59090.48,
                    "Total Cost": 117141.32,
                    "Plan Rows": 112228,
                    "Plan Width": 8,
                    "Actual Startup Time": 161.037,
                    "Actual Total Time": 479.337,
                    "Actual Rows": 29292,
                    "Actual Loops": 2,
                    "Inner Unique": true,
                    "Hash Cond": "(mk.movie_id = t.id)",
                    "Plans": [
                      {
                        "Node Type": "Seq Scan",
                        "Parent Relationship": "Outer",
                        "Parallel Aware": true,
                        "Relation Name": "movie_keyword",
                        "Alias": "mk",
                        "Startup Cost": 0.0,
                        "Total Cost": 51065.35,
                        "Plan Rows": 2661135,
                        "Plan Width": 4,
                        "Actual Startup Time": 0.01,
                        "Actual Total Time": 149.803,
                        "Actual Rows": 2261965,
                        "Actual Loops": 2
                      },
                      {
                        "Node Type": "Hash",
                        "Parent Relationship": "Inner",
                        "Parallel Aware": true,
                        "Startup Cost": 58306.47,
                        "Total Cost": 58306.47,
                        "Plan Rows": 62721,
                        "Plan Width": 4,
                        "Actual Startup Time": 158.476,
                        "Actual Total Time": 158.477,
                        "Actual Rows": 56836,
                        "Actual Loops": 2,
                        "Hash Buckets": 131072,
                        "Original Hash Buckets": 131072,
                        "Hash Batches": 1,
                        "Original Hash Batches": 1,
                        "Peak Memory Usage": 5472,
                        "Plans": [
                          {
                            "Node Type": "Seq Scan",
                            "Parent Relationship": "Outer",
                            "Parallel Aware": true,
                            "Relation Name": "title",
                            "Alias": "t",
                            "Startup Cost": 0.0,
                            "Total Cost": 58306.47,
                            "Plan Rows": 62721,
                            "Plan Width": 4,
                            "Actual Startup Time": 0.036,
                            "Actual Total Time": 143.864,
                            "Actual Rows": 56836,
                            "Actual Loops": 2,
                            "Filter": "((kind_id > 3) AND (production_year = 2011))",
                            "Rows Removed by Filter": 1207320
                          }
                        ]
                      }
                    ]
                  },
                  {
                    "Node Type": "Index Only Scan",
                    "Parent Relationship": "Inner",
                    "Parallel Aware": false,
                    "Scan Direction": "Forward",
                    "Index Name": "movie_id_movie_info",
                    "Relation Name": "movie_info",
                    "Alias": "mi",
                    "Startup Cost": 0.43,
                    "Total Cost": 1.36,
                    "Plan Rows": 42,
                    "Plan Width": 4,
                    "Actual Startup Time": 0.002,
                    "Actual Total Time": 0.005,
                    "Actual Rows": 10,
                    "Actual Loops": 58585,
                    "Index Cond": "(movie_id = mk.movie_id)",
                    "Rows Removed by Index Recheck": 0,
                    "Heap Fetches": 599639
                  }
                ]
              }
            ]
          }
        ]
      }
    ]
  },
  "Planning Time": 0.866,
  "Triggers": [],
  "Execution Time": 702.863
}