[
  {
    "Plan": {
      "Node Type": "Aggregate",
      "Strategy": "Plain",
      "Partial Mode": "Finalize",
      "Parallel Aware": false,
      "Startup Cost": 417367.34,
      "Total Cost": 417367.35,
      "Plan Rows": 1,
      "Plan Width": 8,
      "Actual Startup Time": 2459.241,
      "Actual Total Time": 2541.74,
      "Actual Rows": 1,
      "Actual Loops": 1,
      "Plans": [
        {
          "Node Type": "Gather",
          "Parent Relationship": "Outer",
          "Parallel Aware": false,
          "Startup Cost": 417366.72,
          "Total Cost": 417367.33,
          "Plan Rows": 6,
          "Plan Width": 8,
          "Actual Startup Time": 2443.507,
          "Actual Total Time": 2541.729,
          "Actual Rows": 7,
          "Actual Loops": 1,
          "Workers Planned": 6,
          "Workers Launched": 6,
          "Single Copy": false,
          "Plans": [
            {
              "Node Type": "Aggregate",
              "Strategy": "Plain",
              "Partial Mode": "Partial",
              "Parent Relationship": "Outer",
              "Parallel Aware": false,
              "Startup Cost": 416366.72,
              "Total Cost": 416366.73,
              "Plan Rows": 1,
              "Plan Width": 8,
              "Actual Startup Time": 2433.359,
              "Actual Total Time": 2433.52,
              "Actual Rows": 1,
              "Actual Loops": 7,
              "Plans": [
                {
                  "Node Type": "Hash Join",
                  "Parent Relationship": "Outer",
                  "Parallel Aware": true,
                  "Join Type": "Inner",
                  "Startup Cost": 70434.73,
                  "Total Cost": 412553.66,
                  "Plan Rows": 1525223,
                  "Plan Width": 0,
                  "Actual Startup Time": 375.839,
                  "Actual Total Time": 2319.956,
                  "Actual Rows": 2086763,
                  "Actual Loops": 7,
                  "Inner Unique": false,
                  "Hash Cond": "(ci.movie_id = t.id)",
                  "Plans": [
                    {
                      "Node Type": "Seq Scan",
                      "Parent Relationship": "Outer",
                      "Parallel Aware": true,
                      "Relation Name": "cast_info",
                      "Alias": "ci",
                      "Startup Cost": 0.0,
                      "Total Cost": 313106.51,
                      "Plan Rows": 6041951,
                      "Plan Width": 4,
                      "Actual Startup Time": 0.047,
                      "Actual Total Time": 659.766,
                      "Actual Rows": 5177763,
                      "Actual Loops": 7
                    },
                    {
                      "Node Type": "Hash",
                      "Parent Relationship": "Inner",
                      "Parallel Aware": true,
                      "Startup Cost": 67110.39,
                      "Total Cost": 67110.39,
                      "Plan Rows": 265947,
                      "Plan Width": 8,
                      "Actual Startup Time": 373.241,
                      "Actual Total Time": 373.399,
                      "Actual Rows": 70439,
                      "Actual Loops": 7,
                      "Hash Buckets": 1048576,
                      "Original Hash Buckets": 1048576,
                      "Hash Batches": 1,
                      "Original Hash Batches": 1,
                      "Peak Memory Usage": 27584,
                      "Plans": [
                        {
                          "Node Type": "Hash Join",
                          "Parent Relationship": "Outer",
                          "Parallel Aware": true,
                          "Join Type": "Inner",
                          "Startup Cost": 50985.96,
                          "Total Cost": 67110.39,
                          "Plan Rows": 265947,
                          "Plan Width": 8,
                          "Actual Startup Time": 254.351,
                          "Actual Total Time": 338.59,
                          "Actual Rows": 70439,
                          "Actual Loops": 7,
                          "Inner Unique": true,
                          "Hash Cond": "(mi_idx.movie_id = t.id)",
                          "Plans": [
                            {
                              "Node Type": "Seq Scan",
                              "Parent Relationship": "Outer",
                              "Parallel Aware": true,
                              "Relation Name": "movie_info_idx",
                              "Alias": "mi_idx",
                              "Startup Cost": 0.0,
                              "Total Cost": 15122.68,
                              "Plan Rows": 381618,
                              "Plan Width": 4,
                              "Actual Startup Time": 0.06,
                              "Actual Total Time": 31.284,
                              "Actual Rows": 131407,
                              "Actual Loops": 7,
                              "Filter": "(info_type_id < 101)",
                              "Rows Removed by Filter": 65741
                            },
                            {
                              "Node Type": "Hash",
                              "Parent Relationship": "Inner",
                              "Parallel Aware": true,
                              "Startup Cost": 45479.59,
                              "Total Cost": 45479.59,
                              "Plan Rows": 440510,
                              "Plan Width": 4,
                              "Actual Startup Time": 252.015,
                              "Actual Total Time": 252.018,
                              "Actual Rows": 250655,
                              "Actual Loops": 7,
                              "Hash Buckets": 2097152,
                              "Original Hash Buckets": 2097152,
                              "Hash Batches": 1,
                              "Original Hash Batches": 1,
                              "Peak Memory Usage": 85152,
                              "Plans": [
                                {
                                  "Node Type": "Seq Scan",
                                  "Parent Relationship": "Outer",
                                  "Parallel Aware": true,
                                  "Relation Name": "title",
                                  "Alias": "t",
                                  "Startup Cost": 0.0,
                                  "Total Cost": 45479.59,
                                  "Plan Rows": 440510,
                                  "Plan Width": 4,
                                  "Actual Startup Time": 0.06,
                                  "Actual Total Time": 101.97,
                                  "Actual Rows": 250655,
                                  "Actual Loops": 7,
                                  "Filter": "((kind_id > 1) AND (production_year < 2013))",
                                  "Rows Removed by Filter": 110532
                                }
                              ]
                            }
                          ]
                        }
                      ]
                    }
                  ]
                }
              ]
            }
          ]
        }
      ]
    },
    "Planning Time": 0.391,
    "Triggers": [],
    "Execution Time": 2541.799
  }
]