[
  {
    "Plan": {
      "Node Type": "Aggregate",
      "Strategy": "Plain",
      "Partial Mode": "Finalize",
      "Parallel Aware": false,
      "Startup Cost": 342113.05,
      "Total Cost": 342113.06,
      "Plan Rows": 1,
      "Plan Width": 8,
      "Actual Startup Time": 852.634,
      "Actual Total Time": 914.119,
      "Actual Rows": 1,
      "Actual Loops": 1,
      "Plans": [
        {
          "Node Type": "Gather",
          "Parent Relationship": "Outer",
          "Parallel Aware": false,
          "Startup Cost": 342112.42,
          "Total Cost": 342113.03,
          "Plan Rows": 6,
          "Plan Width": 8,
          "Actual Startup Time": 852.53,
          "Actual Total Time": 914.109,
          "Actual Rows": 7,
          "Actual Loops": 1,
          "Workers Planned": 6,
          "Workers Launched": 6,
          "Single Copy": false,
          "Plans": [
            {
              "Node Type": "Aggregate",
              "Strategy": "Plain",
              "Partial Mode": "Partial",
              "Parent Relationship": "Outer",
              "Parallel Aware": false,
              "Startup Cost": 341112.42,
              "Total Cost": 341112.43,
              "Plan Rows": 1,
              "Plan Width": 8,
              "Actual Startup Time": 843.954,
              "Actual Total Time": 843.955,
              "Actual Rows": 1,
              "Actual Loops": 7,
              "Plans": [
                {
                  "Node Type": "Seq Scan",
                  "Parent Relationship": "Outer",
                  "Parallel Aware": true,
                  "Relation Name": "cast_info",
                  "Alias": "ci",
                  "Startup Cost": 0.0,
                  "Total Cost": 328162.03,
                  "Plan Rows": 5180159,
                  "Plan Width": 0,
                  "Actual Startup Time": 68.436,
                  "Actual Total Time": 652.87,
                  "Actual Rows": 4418665,
                  "Actual Loops": 7,
                  "Filter": "(person_id > 513539)",
                  "Rows Removed by Filter": 759098
                }
              ]
            }
          ]
        }
      ]
    },
    "Planning Time": 0.196,
    "Triggers": [],
    "Execution Time": 914.192
  }
]