{
    "Plan": {
        "Node Type": "Aggregate",
        "Strategy": "Plain",
        "Partial Mode": "Finalize",
        "Parallel Aware": false,
        "Startup Cost": 400544.81,
        "Total Cost": 400544.82,
        "Plan Rows": 1,
        "Plan Width": 8,
        "Actual Startup Time": 1703.089,
        "Actual Total Time": 1753.403,
        "Actual Rows": 1,
        "Actual Loops": 1,
        "Output": [
            "count(*)"
        ],
        "Plans": [
            {
                "Node Type": "Gather",
                "Parent Relationship": "Outer",
                "Parallel Aware": false,
                "Startup Cost": 400544.18,
                "Total Cost": 400544.79,
                "Plan Rows": 6,
                "Plan Width": 8,
                "Actual Startup Time": 1698.043,
                "Actual Total Time": 1753.389,
                "Actual Rows": 7,
                "Actual Loops": 1,
                "Output": [
                    "(PARTIAL count(*))"
                ],
                "Workers Planned": 6,
                "Workers Launched": 6,
                "Single Copy": false,
                "Plans": [
                    {
                        "Node Type": "Aggregate",
                        "Strategy": "Plain",
                        "Partial Mode": "Partial",
                        "Parent Relationship": "Outer",
                        "Parallel Aware": false,
                        "Startup Cost": 399544.18,
                        "Total Cost": 399544.19,
                        "Plan Rows": 1,
                        "Plan Width": 8,
                        "Actual Startup Time": 1686.78,
                        "Actual Total Time": 1686.783,
                        "Actual Rows": 1,
                        "Actual Loops": 7,
                        "Output": [
                            "PARTIAL count(*)"
                        ],
                        "Workers": [
                            {
                                "Worker Number": 0,
                                "Actual Startup Time": 1684.618,
                                "Actual Total Time": 1684.621,
                                "Actual Rows": 1,
                                "Actual Loops": 1
                            },
                            {
                                "Worker Number": 1,
                                "Actual Startup Time": 1682.754,
                                "Actual Total Time": 1682.758,
                                "Actual Rows": 1,
                                "Actual Loops": 1
                            },
                            {
                                "Worker Number": 2,
                                "Actual Startup Time": 1685.494,
                                "Actual Total Time": 1685.497,
                                "Actual Rows": 1,
                                "Actual Loops": 1
                            },
                            {
                                "Worker Number": 3,
                                "Actual Startup Time": 1685.493,
                                "Actual Total Time": 1685.496,
                                "Actual Rows": 1,
                                "Actual Loops": 1
                            },
                            {
                                "Worker Number": 4,
                                "Actual Startup Time": 1686.048,
                                "Actual Total Time": 1686.05,
                                "Actual Rows": 1,
                                "Actual Loops": 1
                            },
                            {
                                "Worker Number": 5,
                                "Actual Startup Time": 1685.942,
                                "Actual Total Time": 1685.947,
                                "Actual Rows": 1,
                                "Actual Loops": 1
                            }
                        ],
                        "Plans": [
                            {
                                "Node Type": "Hash Join",
                                "Parent Relationship": "Outer",
                                "Parallel Aware": true,
                                "Join Type": "Inner",
                                "Startup Cost": 45976.11,
                                "Total Cost": 397491.92,
                                "Plan Rows": 820904,
                                "Plan Width": 0,
                                "Actual Startup Time": 242.283,
                                "Actual Total Time": 1650.758,
                                "Actual Rows": 701771,
                                "Actual Loops": 7,
                                "Inner Unique": true,
                                "Hash Cond": "(ci.movie_id = t.id)",
                                "Workers": [
                                    {
                                        "Worker Number": 0,
                                        "Actual Startup Time": 240.178,
                                        "Actual Total Time": 1643.782,
                                        "Actual Rows": 623839,
                                        "Actual Loops": 1
                                    },
                                    {
                                        "Worker Number": 1,
                                        "Actual Startup Time": 238.308,
                                        "Actual Total Time": 1646.249,
                                        "Actual Rows": 556783,
                                        "Actual Loops": 1
                                    },
                                    {
                                        "Worker Number": 2,
                                        "Actual Startup Time": 241.024,
                                        "Actual Total Time": 1649.051,
                                        "Actual Rows": 744812,
                                        "Actual Loops": 1
                                    },
                                    {
                                        "Worker Number": 3,
                                        "Actual Startup Time": 241.169,
                                        "Actual Total Time": 1649.23,
                                        "Actual Rows": 757240,
                                        "Actual Loops": 1
                                    },
                                    {
                                        "Worker Number": 4,
                                        "Actual Startup Time": 241.044,
                                        "Actual Total Time": 1649.722,
                                        "Actual Rows": 763579,
                                        "Actual Loops": 1
                                    },
                                    {
                                        "Worker Number": 5,
                                        "Actual Startup Time": 241.48,
                                        "Actual Total Time": 1655.01,
                                        "Actual Rows": 697227,
                                        "Actual Loops": 1
                                    }
                                ],
                                "Plans": [
                                    {
                                        "Node Type": "Seq Scan",
                                        "Parent Relationship": "Outer",
                                        "Parallel Aware": true,
                                        "Relation Name": "cast_info",
                                        "Schema": "public",
                                        "Alias": "ci",
                                        "Startup Cost": 0.0,
                                        "Total Cost": 343318.94,
                                        "Plan Rows": 3122616,
                                        "Plan Width": 4,
                                        "Actual Startup Time": 112.81,
                                        "Actual Total Time": 770.155,
                                        "Actual Rows": 2486616,
                                        "Actual Loops": 7,
                                        "Output": [
                                            "ci.id",
                                            "ci.person_id",
                                            "ci.movie_id",
                                            "ci.person_role_id",
                                            "ci.note",
                                            "ci.nr_order",
                                            "ci.role_id"
                                        ],
                                        "Filter": "((ci.person_id > 825318) AND (ci.role_id < 4))",
                                        "Rows Removed by Filter": 2691148,
                                        "Workers": [
                                            {
                                                "Worker Number": 0,
                                                "Actual Startup Time": 112.818,
                                                "Actual Total Time": 814.577,
                                                "Actual Rows": 2191349,
                                                "Actual Loops": 1
                                            },
                                            {
                                                "Worker Number": 1,
                                                "Actual Startup Time": 112.792,
                                                "Actual Total Time": 775.45,
                                                "Actual Rows": 1981774,
                                                "Actual Loops": 1
                                            },
                                            {
                                                "Worker Number": 2,
                                                "Actual Startup Time": 112.778,
                                                "Actual Total Time": 792.229,
                                                "Actual Rows": 2641089,
                                                "Actual Loops": 1
                                            },
                                            {
                                                "Worker Number": 3,
                                                "Actual Startup Time": 112.775,
                                                "Actual Total Time": 789.404,
                                                "Actual Rows": 2651718,
                                                "Actual Loops": 1
                                            },
                                            {
                                                "Worker Number": 4,
                                                "Actual Startup Time": 112.779,
                                                "Actual Total Time": 789.694,
                                                "Actual Rows": 2702639,
                                                "Actual Loops": 1
                                            },
                                            {
                                                "Worker Number": 5,
                                                "Actual Startup Time": 112.803,
                                                "Actual Total Time": 740.81,
                                                "Actual Rows": 2489023,
                                                "Actual Loops": 1
                                            }
                                        ]
                                    },
                                    {
                                        "Node Type": "Hash",
                                        "Parent Relationship": "Inner",
                                        "Parallel Aware": true,
                                        "Startup Cost": 43899.01,
                                        "Total Cost": 43899.01,
                                        "Plan Rows": 166168,
                                        "Plan Width": 4,
                                        "Actual Startup Time": 125.881,
                                        "Actual Total Time": 125.882,
                                        "Actual Rows": 94581,
                                        "Actual Loops": 7,
                                        "Output": [
                                            "t.id"
                                        ],
                                        "Hash Buckets": 1048576,
                                        "Original Hash Buckets": 1048576,
                                        "Hash Batches": 1,
                                        "Original Hash Batches": 1,
                                        "Peak Memory Usage": 34240,
                                        "Workers": [
                                            {
                                                "Worker Number": 0,
                                                "Actual Startup Time": 126.515,
                                                "Actual Total Time": 126.516,
                                                "Actual Rows": 73804,
                                                "Actual Loops": 1
                                            },
                                            {
                                                "Worker Number": 1,
                                                "Actual Startup Time": 124.755,
                                                "Actual Total Time": 124.756,
                                                "Actual Rows": 93646,
                                                "Actual Loops": 1
                                            },
                                            {
                                                "Worker Number": 2,
                                                "Actual Startup Time": 127.422,
                                                "Actual Total Time": 127.423,
                                                "Actual Rows": 92628,
                                                "Actual Loops": 1
                                            },
                                            {
                                                "Worker Number": 3,
                                                "Actual Startup Time": 127.383,
                                                "Actual Total Time": 127.385,
                                                "Actual Rows": 91640,
                                                "Actual Loops": 1
                                            },
                                            {
                                                "Worker Number": 4,
                                                "Actual Startup Time": 127.421,
                                                "Actual Total Time": 127.422,
                                                "Actual Rows": 92863,
                                                "Actual Loops": 1
                                            },
                                            {
                                                "Worker Number": 5,
                                                "Actual Startup Time": 127.832,
                                                "Actual Total Time": 127.833,
                                                "Actual Rows": 84328,
                                                "Actual Loops": 1
                                            }
                                        ],
                                        "Plans": [
                                            {
                                                "Node Type": "Seq Scan",
                                                "Parent Relationship": "Outer",
                                                "Parallel Aware": true,
                                                "Relation Name": "title",
                                                "Schema": "public",
                                                "Alias": "t",
                                                "Startup Cost": 0.0,
                                                "Total Cost": 43899.01,
                                                "Plan Rows": 166168,
                                                "Plan Width": 4,
                                                "Actual Startup Time": 0.076,
                                                "Actual Total Time": 76.348,
                                                "Actual Rows": 94581,
                                                "Actual Loops": 7,
                                                "Output": [
                                                    "t.id"
                                                ],
                                                "Filter": "(t.production_year > 2008)",
                                                "Rows Removed by Filter": 266607,
                                                "Workers": [
                                                    {
                                                        "Worker Number": 0,
                                                        "Actual Startup Time": 0.088,
                                                        "Actual Total Time": 79.433,
                                                        "Actual Rows": 73804,
                                                        "Actual Loops": 1
                                                    },
                                                    {
                                                        "Worker Number": 1,
                                                        "Actual Startup Time": 0.078,
                                                        "Actual Total Time": 77.439,
                                                        "Actual Rows": 93646,
                                                        "Actual Loops": 1
                                                    },
                                                    {
                                                        "Worker Number": 2,
                                                        "Actual Startup Time": 0.09,
                                                        "Actual Total Time": 77.768,
                                                        "Actual Rows": 92628,
                                                        "Actual Loops": 1
                                                    },
                                                    {
                                                        "Worker Number": 3,
                                                        "Actual Startup Time": 0.075,
                                                        "Actual Total Time": 77.136,
                                                        "Actual Rows": 91640,
                                                        "Actual Loops": 1
                                                    },
                                                    {
                                                        "Worker Number": 4,
                                                        "Actual Startup Time": 0.069,
                                                        "Actual Total Time": 77.821,
                                                        "Actual Rows": 92863,
                                                        "Actual Loops": 1
                                                    },
                                                    {
                                                        "Worker Number": 5,
                                                        "Actual Startup Time": 0.105,
                                                        "Actual Total Time": 78.313,
                                                        "Actual Rows": 84328,
                                                        "Actual Loops": 1
                                                    }
                                                ]
                                            }
                                        ]
                                    }
                                ]
                            }
                        ]
                    }
                ]
            }
        ]
    },
    "Planning Time": 0.768,
    "Triggers": [],
    "Execution Time": 1753.504
}