{
    "Plan": {
        "Node Type": "Aggregate",
        "Strategy": "Plain",
        "Partial Mode": "Simple",
        "Parallel Aware": false,
        "Startup Cost": 40000407719.74,
        "Total Cost": 40000407719.75,
        "Plan Rows": 1,
        "Plan Width": 64,
        "Actual Startup Time": 2996.687,
        "Actual Total Time": 2996.693,
        "Actual Rows": 1,
        "Actual Loops": 1,
        "Output": [
            "min(mi_idx.info)",
            "min(t.title)"
        ],
        "Plans": [
            {
                "Node Type": "Hash Join",
                "Parent Relationship": "Outer",
                "Parallel Aware": false,
                "Join Type": "Inner",
                "Startup Cost": 40000194310.3,
                "Total Cost": 40000407719.72,
                "Plan Rows": 4,
                "Plan Width": 22,
                "Actual Startup Time": 1643.504,
                "Actual Total Time": 2996.354,
                "Actual Rows": 1590,
                "Actual Loops": 1,
                "Output": [
                    "mi_idx.info",
                    "t.title"
                ],
                "Inner Unique": true,
                "Hash Cond": "(mk.keyword_id = k.id)",
                "Plans": [
                    {
                        "Node Type": "Hash Join",
                        "Parent Relationship": "Outer",
                        "Parallel Aware": false,
                        "Join Type": "Inner",
                        "Startup Cost": 30000188967.21,
                        "Total Cost": 30000402280.92,
                        "Plan Rows": 36463,
                        "Plan Width": 26,
                        "Actual Startup Time": 1541.505,
                        "Actual Total Time": 2873.303,
                        "Actual Rows": 1084059,
                        "Actual Loops": 1,
                        "Output": [
                            "mi_idx.info",
                            "mk.keyword_id",
                            "t.title"
                        ],
                        "Inner Unique": true,
                        "Hash Cond": "(mi_idx.info_type_id = it.id)",
                        "Plans": [
                            {
                                "Node Type": "Hash Join",
                                "Parent Relationship": "Outer",
                                "Parallel Aware": false,
                                "Join Type": "Inner",
                                "Startup Cost": 20000188953.08,
                                "Total Cost": 20000391045.12,
                                "Plan Rows": 4120381,
                                "Plan Width": 30,
                                "Actual Startup Time": 1541.473,
                                "Actual Total Time": 2685.052,
                                "Actual Rows": 2253996,
                                "Actual Loops": 1,
                                "Output": [
                                    "mi_idx.info",
                                    "mi_idx.info_type_id",
                                    "mk.keyword_id",
                                    "t.title"
                                ],
                                "Inner Unique": false,
                                "Hash Cond": "(mk.movie_id = t.id)",
                                "Plans": [
                                    {
                                        "Node Type": "Index Scan",
                                        "Parent Relationship": "Outer",
                                        "Parallel Aware": false,
                                        "Scan Direction": "Forward",
                                        "Index Name": "movie_id_movie_keyword",
                                        "Relation Name": "movie_keyword",
                                        "Schema": "public",
                                        "Alias": "mk",
                                        "Startup Cost": 10000000000.43,
                                        "Total Cost": 10000177177.46,
                                        "Plan Rows": 4523930,
                                        "Plan Width": 8,
                                        "Actual Startup Time": 0.013,
                                        "Actual Total Time": 520.628,
                                        "Actual Rows": 4523930,
                                        "Actual Loops": 1,
                                        "Output": [
                                            "mk.id",
                                            "mk.movie_id",
                                            "mk.keyword_id"
                                        ]
                                    },
                                    {
                                        "Node Type": "Hash",
                                        "Parent Relationship": "Inner",
                                        "Parallel Aware": false,
                                        "Startup Cost": 10000183398.61,
                                        "Total Cost": 10000183398.61,
                                        "Plan Rows": 444323,
                                        "Plan Width": 34,
                                        "Actual Startup Time": 1540.992,
                                        "Actual Total Time": 1540.994,
                                        "Actual Rows": 373055,
                                        "Actual Loops": 1,
                                        "Output": [
                                            "mi_idx.info",
                                            "mi_idx.movie_id",
                                            "mi_idx.info_type_id",
                                            "t.title",
                                            "t.id"
                                        ],
                                        "Hash Buckets": 524288,
                                        "Original Hash Buckets": 524288,
                                        "Hash Batches": 1,
                                        "Original Hash Batches": 1,
                                        "Peak Memory Usage": 29199,
                                        "Plans": [
                                            {
                                                "Node Type": "Merge Join",
                                                "Parent Relationship": "Outer",
                                                "Parallel Aware": false,
                                                "Join Type": "Inner",
                                                "Startup Cost": 10000000001.68,
                                                "Total Cost": 10000183398.61,
                                                "Plan Rows": 444323,
                                                "Plan Width": 34,
                                                "Actual Startup Time": 0.045,
                                                "Actual Total Time": 1454.38,
                                                "Actual Rows": 373055,
                                                "Actual Loops": 1,
                                                "Output": [
                                                    "mi_idx.info",
                                                    "mi_idx.movie_id",
                                                    "mi_idx.info_type_id",
                                                    "t.title",
                                                    "t.id"
                                                ],
                                                "Inner Unique": false,
                                                "Merge Cond": "(t.id = mi_idx.movie_id)",
                                                "Plans": [
                                                    {
                                                        "Node Type": "Index Scan",
                                                        "Parent Relationship": "Outer",
                                                        "Parallel Aware": false,
                                                        "Scan Direction": "Forward",
                                                        "Index Name": "title_pkey",
                                                        "Relation Name": "title",
                                                        "Schema": "public",
                                                        "Alias": "t",
                                                        "Startup Cost": 0.43,
                                                        "Total Cost": 116662.9,
                                                        "Plan Rows": 1189453,
                                                        "Plan Width": 21,
                                                        "Actual Startup Time": 0.025,
                                                        "Actual Total Time": 1070.045,
                                                        "Actual Rows": 1192216,
                                                        "Actual Loops": 1,
                                                        "Output": [
                                                            "t.id",
                                                            "t.title",
                                                            "t.imdb_index",
                                                            "t.kind_id",
                                                            "t.production_year",
                                                            "t.imdb_id",
                                                            "t.phonetic_code",
                                                            "t.episode_of_id",
                                                            "t.season_nr",
                                                            "t.episode_nr",
                                                            "t.series_years",
                                                            "t.md5sum"
                                                        ],
                                                        "Filter": "(t.production_year > 2003)",
                                                        "Rows Removed by Filter": 1333578
                                                    },
                                                    {
                                                        "Node Type": "Index Scan",
                                                        "Parent Relationship": "Inner",
                                                        "Parallel Aware": false,
                                                        "Scan Direction": "Forward",
                                                        "Index Name": "movie_id_movie_info_idx",
                                                        "Relation Name": "movie_info_idx",
                                                        "Schema": "public",
                                                        "Alias": "mi_idx",
                                                        "Startup Cost": 10000000000.43,
                                                        "Total Cost": 10000057080.9,
                                                        "Plan Rows": 944461,
                                                        "Plan Width": 13,
                                                        "Actual Startup Time": 0.016,
                                                        "Actual Total Time": 243.164,
                                                        "Actual Rows": 944918,
                                                        "Actual Loops": 1,
                                                        "Output": [
                                                            "mi_idx.id",
                                                            "mi_idx.movie_id",
                                                            "mi_idx.info_type_id",
                                                            "mi_idx.info",
                                                            "mi_idx.note"
                                                        ],
                                                        "Filter": "(mi_idx.info > '11'::text)",
                                                        "Rows Removed by Filter": 435117
                                                    }
                                                ]
                                            }
                                        ]
                                    }
                                ]
                            },
                            {
                                "Node Type": "Hash",
                                "Parent Relationship": "Inner",
                                "Parallel Aware": false,
                                "Startup Cost": 10000000014.12,
                                "Total Cost": 10000000014.12,
                                "Plan Rows": 1,
                                "Plan Width": 4,
                                "Actual Startup Time": 0.023,
                                "Actual Total Time": 0.023,
                                "Actual Rows": 1,
                                "Actual Loops": 1,
                                "Output": [
                                    "it.id"
                                ],
                                "Hash Buckets": 1024,
                                "Original Hash Buckets": 1024,
                                "Hash Batches": 1,
                                "Original Hash Batches": 1,
                                "Peak Memory Usage": 9,
                                "Plans": [
                                    {
                                        "Node Type": "Index Scan",
                                        "Parent Relationship": "Outer",
                                        "Parallel Aware": false,
                                        "Scan Direction": "Forward",
                                        "Index Name": "info_type_pkey",
                                        "Relation Name": "info_type",
                                        "Schema": "public",
                                        "Alias": "it",
                                        "Startup Cost": 10000000000.14,
                                        "Total Cost": 10000000014.12,
                                        "Plan Rows": 1,
                                        "Plan Width": 4,
                                        "Actual Startup Time": 0.02,
                                        "Actual Total Time": 0.022,
                                        "Actual Rows": 1,
                                        "Actual Loops": 1,
                                        "Output": [
                                            "it.id"
                                        ],
                                        "Filter": "((it.info)::text = 'rating'::text)",
                                        "Rows Removed by Filter": 112
                                    }
                                ]
                            }
                        ]
                    },
                    {
                        "Node Type": "Hash",
                        "Parent Relationship": "Inner",
                        "Parallel Aware": false,
                        "Startup Cost": 10000005342.92,
                        "Total Cost": 10000005342.92,
                        "Plan Rows": 13,
                        "Plan Width": 4,
                        "Actual Startup Time": 63.959,
                        "Actual Total Time": 63.959,
                        "Actual Rows": 30,
                        "Actual Loops": 1,
                        "Output": [
                            "k.id"
                        ],
                        "Hash Buckets": 1024,
                        "Original Hash Buckets": 1024,
                        "Hash Batches": 1,
                        "Original Hash Batches": 1,
                        "Peak Memory Usage": 10,
                        "Plans": [
                            {
                                "Node Type": "Index Scan",
                                "Parent Relationship": "Outer",
                                "Parallel Aware": false,
                                "Scan Direction": "Forward",
                                "Index Name": "keyword_pkey",
                                "Relation Name": "keyword",
                                "Schema": "public",
                                "Alias": "k",
                                "Startup Cost": 10000000000.42,
                                "Total Cost": 10000005342.92,
                                "Plan Rows": 13,
                                "Plan Width": 4,
                                "Actual Startup Time": 0.68,
                                "Actual Total Time": 63.932,
                                "Actual Rows": 30,
                                "Actual Loops": 1,
                                "Output": [
                                    "k.id"
                                ],
                                "Filter": "(k.keyword ~~ '%sequel%'::text)",
                                "Rows Removed by Filter": 134140
                            }
                        ]
                    }
                ]
            }
        ]
    },
    "Planning Time": 2.12,
    "Triggers": [],
    "Execution Time": 2996.977
}