[
  {
    "Plan": {
      "Node Type": "Aggregate",
      "Strategy": "Plain",
      "Partial Mode": "Finalize",
      "Parallel Aware": false,
      "Startup Cost": 46654.83,
      "Total Cost": 46654.84,
      "Plan Rows": 1,
      "Plan Width": 8,
      "Actual Startup Time": 57.611,
      "Actual Total Time": 63.954,
      "Actual Rows": 1,
      "Actual Loops": 1,
      "Plans": [
        {
          "Node Type": "Gather",
          "Parent Relationship": "Outer",
          "Parallel Aware": false,
          "Startup Cost": 46654.41,
          "Total Cost": 46654.82,
          "Plan Rows": 4,
          "Plan Width": 8,
          "Actual Startup Time": 57.274,
          "Actual Total Time": 63.947,
          "Actual Rows": 5,
          "Actual Loops": 1,
          "Workers Planned": 4,
          "Workers Launched": 4,
          "Single Copy": false,
          "Plans": [
            {
              "Node Type": "Aggregate",
              "Strategy": "Plain",
              "Partial Mode": "Partial",
              "Parent Relationship": "Outer",
              "Parallel Aware": false,
              "Startup Cost": 45654.41,
              "Total Cost": 45654.42,
              "Plan Rows": 1,
              "Plan Width": 8,
              "Actual Startup Time": 47.192,
              "Actual Total Time": 47.194,
              "Actual Rows": 1,
              "Actual Loops": 5,
              "Plans": [
                {
                  "Node Type": "Nested Loop",
                  "Parent Relationship": "Outer",
                  "Parallel Aware": false,
                  "Join Type": "Inner",
                  "Startup Cost": 1824.7,
                  "Total Cost": 45652.86,
                  "Plan Rows": 620,
                  "Plan Width": 0,
                  "Actual Startup Time": 46.603,
                  "Actual Total Time": 47.189,
                  "Actual Rows": 1,
                  "Actual Loops": 5,
                  "Inner Unique": false,
                  "Plans": [
                    {
                      "Node Type": "Bitmap Heap Scan",
                      "Parent Relationship": "Outer",
                      "Parallel Aware": true,
                      "Relation Name": "title",
                      "Alias": "t",
                      "Startup Cost": 1824.27,
                      "Total Cost": 38205.62,
                      "Plan Rows": 1136,
                      "Plan Width": 4,
                      "Actual Startup Time": 46.597,
                      "Actual Total Time": 47.181,
                      "Actual Rows": 0,
                      "Actual Loops": 5,
                      "Recheck Cond": "(kind_id = 3)",
                      "Rows Removed by Index Recheck": 0,
                      "Filter": "(production_year < 1930)",
                      "Rows Removed by Filter": 20107,
                      "Exact Heap Blocks": 7902,
                      "Lossy Heap Blocks": 0,
                      "Plans": [
                        {
                          "Node Type": "Bitmap Index Scan",
                          "Parent Relationship": "Outer",
                          "Parallel Aware": false,
                          "Index Name": "kind_id_title",
                          "Startup Cost": 0.0,
                          "Total Cost": 1823.13,
                          "Plan Rows": 102227,
                          "Plan Width": 0,
                          "Actual Startup Time": 17.205,
                          "Actual Total Time": 17.205,
                          "Actual Rows": 100537,
                          "Actual Loops": 1,
                          "Index Cond": "(kind_id = 3)"
                        }
                      ]
                    },
                    {
                      "Node Type": "Index Only Scan",
                      "Parent Relationship": "Inner",
                      "Parallel Aware": false,
                      "Scan Direction": "Forward",
                      "Index Name": "movie_id_movie_info_idx",
                      "Relation Name": "movie_info_idx",
                      "Alias": "mi_idx",
                      "Startup Cost": 0.43,
                      "Total Cost": 6.53,
                      "Plan Rows": 3,
                      "Plan Width": 4,
                      "Actual Startup Time": 0.019,
                      "Actual Total Time": 0.021,
                      "Actual Rows": 3,
                      "Actual Loops": 1,
                      "Index Cond": "(movie_id = t.id)",
                      "Rows Removed by Index Recheck": 0,
                      "Heap Fetches": 3
                    }
                  ]
                }
              ]
            }
          ]
        }
      ]
    },
    "Planning Time": 0.63,
    "Triggers": [],
    "Execution Time": 64.045
  }
]