[
  {
    "Plan": {
      "Node Type": "Aggregate",
      "Strategy": "Plain",
      "Partial Mode": "Finalize",
      "Parallel Aware": false,
      "Startup Cost": 339164.88,
      "Total Cost": 339164.89,
      "Plan Rows": 1,
      "Plan Width": 8,
      "Actual Startup Time": 730.454,
      "Actual Total Time": 756.898,
      "Actual Rows": 1,
      "Actual Loops": 1,
      "Plans": [
        {
          "Node Type": "Gather",
          "Parent Relationship": "Outer",
          "Parallel Aware": false,
          "Startup Cost": 339164.26,
          "Total Cost": 339164.87,
          "Plan Rows": 6,
          "Plan Width": 8,
          "Actual Startup Time": 730.372,
          "Actual Total Time": 756.891,
          "Actual Rows": 7,
          "Actual Loops": 1,
          "Workers Planned": 6,
          "Workers Launched": 6,
          "Single Copy": false,
          "Plans": [
            {
              "Node Type": "Aggregate",
              "Strategy": "Plain",
              "Partial Mode": "Partial",
              "Parent Relationship": "Outer",
              "Parallel Aware": false,
              "Startup Cost": 338164.26,
              "Total Cost": 338164.27,
              "Plan Rows": 1,
              "Plan Width": 8,
              "Actual Startup Time": 721.33,
              "Actual Total Time": 721.331,
              "Actual Rows": 1,
              "Actual Loops": 7,
              "Plans": [
                {
                  "Node Type": "Seq Scan",
                  "Parent Relationship": "Outer",
                  "Parallel Aware": true,
                  "Relation Name": "cast_info",
                  "Alias": "ci",
                  "Startup Cost": 0.0,
                  "Total Cost": 328213.62,
                  "Plan Rows": 3980257,
                  "Plan Width": 0,
                  "Actual Startup Time": 0.053,
                  "Actual Total Time": 557.19,
                  "Actual Rows": 3384286,
                  "Actual Loops": 7,
                  "Filter": "(person_id < 2426977)",
                  "Rows Removed by Filter": 1793478
                }
              ]
            }
          ]
        }
      ]
    },
    "Planning Time": 0.174,
    "Triggers": [],
    "Execution Time": 756.953
  }
]