[
  {
    "Plan": {
      "Node Type": "Aggregate",
      "Strategy": "Plain",
      "Partial Mode": "Finalize",
      "Parallel Aware": false,
      "Startup Cost": 117739.68,
      "Total Cost": 117739.69,
      "Plan Rows": 1,
      "Plan Width": 8,
      "Actual Startup Time": 140.891,
      "Actual Total Time": 148.925,
      "Actual Rows": 1,
      "Actual Loops": 1,
      "Plans": [
        {
          "Node Type": "Gather",
          "Parent Relationship": "Outer",
          "Parallel Aware": false,
          "Startup Cost": 117739.16,
          "Total Cost": 117739.67,
          "Plan Rows": 5,
          "Plan Width": 8,
          "Actual Startup Time": 140.786,
          "Actual Total Time": 148.918,
          "Actual Rows": 6,
          "Actual Loops": 1,
          "Workers Planned": 5,
          "Workers Launched": 5,
          "Single Copy": false,
          "Plans": [
            {
              "Node Type": "Aggregate",
              "Strategy": "Plain",
              "Partial Mode": "Partial",
              "Parent Relationship": "Outer",
              "Parallel Aware": false,
              "Startup Cost": 116739.16,
              "Total Cost": 116739.17,
              "Plan Rows": 1,
              "Plan Width": 8,
              "Actual Startup Time": 137.239,
              "Actual Total Time": 137.24,
              "Actual Rows": 1,
              "Actual Loops": 6,
              "Plans": [
                {
                  "Node Type": "Index Scan",
                  "Parent Relationship": "Outer",
                  "Parallel Aware": true,
                  "Scan Direction": "Forward",
                  "Index Name": "role_id_cast_info",
                  "Relation Name": "cast_info",
                  "Alias": "ci",
                  "Startup Cost": 0.56,
                  "Total Cost": 115696.32,
                  "Plan Rows": 417138,
                  "Plan Width": 0,
                  "Actual Startup Time": 0.074,
                  "Actual Total Time": 131.469,
                  "Actual Rows": 114613,
                  "Actual Loops": 6,
                  "Index Cond": "(role_id = 10)",
                  "Rows Removed by Index Recheck": 0,
                  "Filter": "(person_id < 1756121)",
                  "Rows Removed by Filter": 605890
                }
              ]
            }
          ]
        }
      ]
    },
    "Planning Time": 0.104,
    "Triggers": [],
    "Execution Time": 148.966
  }
]