[
  {
    "Plan": {
      "Node Type": "Aggregate",
      "Strategy": "Plain",
      "Partial Mode": "Finalize",
      "Parallel Aware": false,
      "Startup Cost": 33088.01,
      "Total Cost": 33088.02,
      "Plan Rows": 1,
      "Plan Width": 8,
      "Actual Startup Time": 118.439,
      "Actual Total Time": 129.77,
      "Actual Rows": 1,
      "Actual Loops": 1,
      "Plans": [
        {
          "Node Type": "Gather",
          "Parent Relationship": "Outer",
          "Parallel Aware": false,
          "Startup Cost": 33087.7,
          "Total Cost": 33088.01,
          "Plan Rows": 3,
          "Plan Width": 8,
          "Actual Startup Time": 118.269,
          "Actual Total Time": 129.762,
          "Actual Rows": 4,
          "Actual Loops": 1,
          "Workers Planned": 3,
          "Workers Launched": 3,
          "Single Copy": false,
          "Plans": [
            {
              "Node Type": "Aggregate",
              "Strategy": "Plain",
              "Partial Mode": "Partial",
              "Parent Relationship": "Outer",
              "Parallel Aware": false,
              "Startup Cost": 32087.7,
              "Total Cost": 32087.71,
              "Plan Rows": 1,
              "Plan Width": 8,
              "Actual Startup Time": 109.978,
              "Actual Total Time": 109.98,
              "Actual Rows": 1,
              "Actual Loops": 4,
              "Plans": [
                {
                  "Node Type": "Seq Scan",
                  "Parent Relationship": "Outer",
                  "Parallel Aware": true,
                  "Relation Name": "movie_companies",
                  "Alias": "mc",
                  "Startup Cost": 0.0,
                  "Total Cost": 31414.82,
                  "Plan Rows": 269151,
                  "Plan Width": 0,
                  "Actual Startup Time": 48.484,
                  "Actual Total Time": 95.336,
                  "Actual Rows": 260823,
                  "Actual Loops": 4,
                  "Filter": "((company_id > 4325) AND (company_type_id = 2))",
                  "Rows Removed by Filter": 391459
                }
              ]
            }
          ]
        }
      ]
    },
    "Planning Time": 0.114,
    "Triggers": [],
    "Execution Time": 129.804
  }
]