[
  {
    "Plan": {
      "Node Type": "Aggregate",
      "Strategy": "Plain",
      "Partial Mode": "Finalize",
      "Parallel Aware": false,
      "Startup Cost": 333851.97,
      "Total Cost": 333851.98,
      "Plan Rows": 1,
      "Plan Width": 8,
      "Actual Startup Time": 671.6,
      "Actual Total Time": 716.396,
      "Actual Rows": 1,
      "Actual Loops": 1,
      "Plans": [
        {
          "Node Type": "Gather",
          "Parent Relationship": "Outer",
          "Parallel Aware": false,
          "Startup Cost": 333851.35,
          "Total Cost": 333851.96,
          "Plan Rows": 6,
          "Plan Width": 8,
          "Actual Startup Time": 671.31,
          "Actual Total Time": 716.379,
          "Actual Rows": 7,
          "Actual Loops": 1,
          "Workers Planned": 6,
          "Workers Launched": 6,
          "Single Copy": false,
          "Plans": [
            {
              "Node Type": "Aggregate",
              "Strategy": "Plain",
              "Partial Mode": "Partial",
              "Parent Relationship": "Outer",
              "Parallel Aware": false,
              "Startup Cost": 332851.35,
              "Total Cost": 332851.36,
              "Plan Rows": 1,
              "Plan Width": 8,
              "Actual Startup Time": 661.598,
              "Actual Total Time": 661.599,
              "Actual Rows": 1,
              "Actual Loops": 7,
              "Plans": [
                {
                  "Node Type": "Seq Scan",
                  "Parent Relationship": "Outer",
                  "Parallel Aware": true,
                  "Relation Name": "cast_info",
                  "Alias": "ci",
                  "Startup Cost": 0.0,
                  "Total Cost": 328211.39,
                  "Plan Rows": 1855982,
                  "Plan Width": 0,
                  "Actual Startup Time": 291.734,
                  "Actual Total Time": 583.904,
                  "Actual Rows": 1573790,
                  "Actual Loops": 7,
                  "Filter": "(person_id > 2602456)",
                  "Rows Removed by Filter": 3603974
                }
              ]
            }
          ]
        }
      ]
    },
    "Planning Time": 0.185,
    "Triggers": [],
    "Execution Time": 716.461
  }
]