[
  {
    "Plan": {
      "Node Type": "Aggregate",
      "Strategy": "Plain",
      "Partial Mode": "Finalize",
      "Parallel Aware": false,
      "Startup Cost": 244356.25,
      "Total Cost": 244356.26,
      "Plan Rows": 1,
      "Plan Width": 8,
      "Actual Startup Time": 520.014,
      "Actual Total Time": 534.286,
      "Actual Rows": 1,
      "Actual Loops": 1,
      "Plans": [
        {
          "Node Type": "Gather",
          "Parent Relationship": "Outer",
          "Parallel Aware": false,
          "Startup Cost": 244356.03,
          "Total Cost": 244356.24,
          "Plan Rows": 2,
          "Plan Width": 8,
          "Actual Startup Time": 516.275,
          "Actual Total Time": 534.272,
          "Actual Rows": 3,
          "Actual Loops": 1,
          "Workers Planned": 2,
          "Workers Launched": 2,
          "Single Copy": false,
          "Plans": [
            {
              "Node Type": "Aggregate",
              "Strategy": "Plain",
              "Partial Mode": "Partial",
              "Parent Relationship": "Outer",
              "Parallel Aware": false,
              "Startup Cost": 243356.03,
              "Total Cost": 243356.04,
              "Plan Rows": 1,
              "Plan Width": 8,
              "Actual Startup Time": 505.958,
              "Actual Total Time": 506.218,
              "Actual Rows": 1,
              "Actual Loops": 3,
              "Plans": [
                {
                  "Node Type": "Hash Join",
                  "Parent Relationship": "Outer",
                  "Parallel Aware": true,
                  "Join Type": "Inner",
                  "Startup Cost": 227270.58,
                  "Total Cost": 243220.48,
                  "Plan Rows": 54222,
                  "Plan Width": 0,
                  "Actual Startup Time": 389.628,
                  "Actual Total Time": 498.455,
                  "Actual Rows": 190817,
                  "Actual Loops": 3,
                  "Inner Unique": false,
                  "Hash Cond": "(mi_idx.movie_id = t.id)",
                  "Plans": [
                    {
                      "Node Type": "Seq Scan",
                      "Parent Relationship": "Outer",
                      "Parallel Aware": true,
                      "Relation Name": "movie_info_idx",
                      "Alias": "mi_idx",
                      "Startup Cost": 0.0,
                      "Total Cost": 13685.15,
                      "Plan Rows": 575015,
                      "Plan Width": 4,
                      "Actual Startup Time": 0.028,
                      "Actual Total Time": 34.04,
                      "Actual Rows": 460012,
                      "Actual Loops": 3
                    },
                    {
                      "Node Type": "Hash",
                      "Parent Relationship": "Inner",
                      "Parallel Aware": true,
                      "Startup Cost": 226674.56,
                      "Total Cost": 226674.56,
                      "Plan Rows": 47682,
                      "Plan Width": 8,
                      "Actual Startup Time": 387.063,
                      "Actual Total Time": 387.321,
                      "Actual Rows": 156899,
                      "Actual Loops": 3,
                      "Hash Buckets": 524288,
                      "Original Hash Buckets": 262144,
                      "Hash Batches": 1,
                      "Original Hash Batches": 1,
                      "Peak Memory Usage": 24576,
                      "Plans": [
                        {
                          "Node Type": "Hash Join",
                          "Parent Relationship": "Outer",
                          "Parallel Aware": true,
                          "Join Type": "Inner",
                          "Startup Cost": 62272.61,
                          "Total Cost": 226674.56,
                          "Plan Rows": 47682,
                          "Plan Width": 8,
                          "Actual Startup Time": 223.02,
                          "Actual Total Time": 339.19,
                          "Actual Rows": 156899,
                          "Actual Loops": 3,
                          "Inner Unique": true,
                          "Hash Cond": "(mi.movie_id = t.id)",
                          "Plans": [
                            {
                              "Node Type": "Bitmap Heap Scan",
                              "Parent Relationship": "Outer",
                              "Parallel Aware": true,
                              "Relation Name": "movie_info",
                              "Alias": "mi",
                              "Startup Cost": 14428.12,
                              "Total Cost": 178411.99,
                              "Plan Rows": 159269,
                              "Plan Width": 4,
                              "Actual Startup Time": 22.373,
                              "Actual Total Time": 52.354,
                              "Actual Rows": 267380,
                              "Actual Loops": 3,
                              "Recheck Cond": "(info_type_id = 1)",
                              "Rows Removed by Index Recheck": 0,
                              "Exact Heap Blocks": 1625,
                              "Lossy Heap Blocks": 0,
                              "Plans": [
                                {
                                  "Node Type": "Bitmap Index Scan",
                                  "Parent Relationship": "Outer",
                                  "Parallel Aware": false,
                                  "Index Name": "info_type_id_movie_info",
                                  "Startup Cost": 0.0,
                                  "Total Cost": 14229.04,
                                  "Plan Rows": 796347,
                                  "Plan Width": 0,
                                  "Actual Startup Time": 21.61,
                                  "Actual Total Time": 21.61,
                                  "Actual Rows": 802140,
                                  "Actual Loops": 1,
                                  "Index Cond": "(info_type_id = 1)"
                                }
                              ]
                            },
                            {
                              "Node Type": "Hash",
                              "Parent Relationship": "Inner",
                              "Parallel Aware": true,
                              "Startup Cost": 45479.1,
                              "Total Cost": 45479.1,
                              "Plan Rows": 189231,
                              "Plan Width": 4,
                              "Actual Startup Time": 195.731,
                              "Actual Total Time": 195.733,
                              "Actual Rows": 219066,
                              "Actual Loops": 3,
                              "Hash Buckets": 1048576,
                              "Original Hash Buckets": 1048576,
                              "Hash Batches": 1,
                              "Original Hash Batches": 1,
                              "Peak Memory Usage": 33952,
                              "Plans": [
                                {
                                  "Node Type": "Seq Scan",
                                  "Parent Relationship": "Outer",
                                  "Parallel Aware": true,
                                  "Relation Name": "title",
                                  "Alias": "t",
                                  "Startup Cost": 0.0,
                                  "Total Cost": 45479.1,
                                  "Plan Rows": 189231,
                                  "Plan Width": 4,
                                  "Actual Startup Time": 0.04,
                                  "Actual Total Time": 120.884,
                                  "Actual Rows": 219066,
                                  "Actual Loops": 3,
                                  "Filter": "((kind_id < 7) AND (production_year > 1981))",
                                  "Rows Removed by Filter": 623704
                                }
                              ]
                            }
                          ]
                        }
                      ]
                    }
                  ]
                }
              ]
            }
          ]
        }
      ]
    },
    "Planning Time": 1.447,
    "Triggers": [],
    "Execution Time": 534.416
  }
]