[
  {
    "Plan": {
      "Node Type": "Aggregate",
      "Strategy": "Plain",
      "Partial Mode": "Finalize",
      "Parallel Aware": false,
      "Startup Cost": 99198.68,
      "Total Cost": 99198.69,
      "Plan Rows": 1,
      "Plan Width": 8,
      "Actual Startup Time": 488.594,
      "Actual Total Time": 504.569,
      "Actual Rows": 1,
      "Actual Loops": 1,
      "Plans": [
        {
          "Node Type": "Gather",
          "Parent Relationship": "Outer",
          "Parallel Aware": false,
          "Startup Cost": 99198.46,
          "Total Cost": 99198.67,
          "Plan Rows": 2,
          "Plan Width": 8,
          "Actual Startup Time": 485.891,
          "Actual Total Time": 504.56,
          "Actual Rows": 3,
          "Actual Loops": 1,
          "Workers Planned": 2,
          "Workers Launched": 2,
          "Single Copy": false,
          "Plans": [
            {
              "Node Type": "Aggregate",
              "Strategy": "Plain",
              "Partial Mode": "Partial",
              "Parent Relationship": "Outer",
              "Parallel Aware": false,
              "Startup Cost": 98198.46,
              "Total Cost": 98198.47,
              "Plan Rows": 1,
              "Plan Width": 8,
              "Actual Startup Time": 477.898,
              "Actual Total Time": 477.988,
              "Actual Rows": 1,
              "Actual Loops": 3,
              "Plans": [
                {
                  "Node Type": "Hash Join",
                  "Parent Relationship": "Outer",
                  "Parallel Aware": true,
                  "Join Type": "Inner",
                  "Startup Cost": 81227.64,
                  "Total Cost": 97992.41,
                  "Plan Rows": 82423,
                  "Plan Width": 0,
                  "Actual Startup Time": 419.373,
                  "Actual Total Time": 474.28,
                  "Actual Rows": 93903,
                  "Actual Loops": 3,
                  "Inner Unique": false,
                  "Hash Cond": "(mi_idx.movie_id = t.id)",
                  "Plans": [
                    {
                      "Node Type": "Seq Scan",
                      "Parent Relationship": "Outer",
                      "Parallel Aware": true,
                      "Relation Name": "movie_info_idx",
                      "Alias": "mi_idx",
                      "Startup Cost": 0.0,
                      "Total Cost": 15122.68,
                      "Plan Rows": 382940,
                      "Plan Width": 4,
                      "Actual Startup Time": 0.033,
                      "Actual Total Time": 40.992,
                      "Actual Rows": 306617,
                      "Actual Loops": 3,
                      "Filter": "(info_type_id < 101)",
                      "Rows Removed by Filter": 153395
                    },
                    {
                      "Node Type": "Hash",
                      "Parent Relationship": "Inner",
                      "Parallel Aware": true,
                      "Startup Cost": 79527.06,
                      "Total Cost": 79527.06,
                      "Plan Rows": 136046,
                      "Plan Width": 8,
                      "Actual Startup Time": 381.517,
                      "Actual Total Time": 381.606,
                      "Actual Rows": 84915,
                      "Actual Loops": 3,
                      "Hash Buckets": 1048576,
                      "Original Hash Buckets": 1048576,
                      "Hash Batches": 1,
                      "Original Hash Batches": 1,
                      "Peak Memory Usage": 18208,
                      "Plans": [
                        {
                          "Node Type": "Hash Join",
                          "Parent Relationship": "Outer",
                          "Parallel Aware": true,
                          "Join Type": "Inner",
                          "Startup Cost": 33609.11,
                          "Total Cost": 79527.06,
                          "Plan Rows": 136046,
                          "Plan Width": 8,
                          "Actual Startup Time": 248.327,
                          "Actual Total Time": 353.15,
                          "Actual Rows": 84915,
                          "Actual Loops": 3,
                          "Inner Unique": false,
                          "Hash Cond": "(t.id = mc.movie_id)",
                          "Plans": [
                            {
                              "Node Type": "Seq Scan",
                              "Parent Relationship": "Outer",
                              "Parallel Aware": true,
                              "Relation Name": "title",
                              "Alias": "t",
                              "Startup Cost": 0.0,
                              "Total Cost": 42318.73,
                              "Plan Rows": 632073,
                              "Plan Width": 4,
                              "Actual Startup Time": 0.009,
                              "Actual Total Time": 89.618,
                              "Actual Rows": 842771,
                              "Actual Loops": 3
                            },
                            {
                              "Node Type": "Hash",
                              "Parent Relationship": "Inner",
                              "Parallel Aware": true,
                              "Startup Cost": 31414.82,
                              "Total Cost": 31414.82,
                              "Plan Rows": 175543,
                              "Plan Width": 4,
                              "Actual Startup Time": 122.941,
                              "Actual Total Time": 122.942,
                              "Actual Rows": 84915,
                              "Actual Loops": 3,
                              "Hash Buckets": 1048576,
                              "Original Hash Buckets": 1048576,
                              "Hash Batches": 1,
                              "Original Hash Batches": 1,
                              "Peak Memory Usage": 18208,
                              "Plans": [
                                {
                                  "Node Type": "Seq Scan",
                                  "Parent Relationship": "Outer",
                                  "Parallel Aware": true,
                                  "Relation Name": "movie_companies",
                                  "Alias": "mc",
                                  "Startup Cost": 0.0,
                                  "Total Cost": 31414.82,
                                  "Plan Rows": 175543,
                                  "Plan Width": 4,
                                  "Actual Startup Time": 23.174,
                                  "Actual Total Time": 92.421,
                                  "Actual Rows": 84915,
                                  "Actual Loops": 3,
                                  "Filter": "((company_id > 13918) AND (company_type_id < 2))",
                                  "Rows Removed by Filter": 784795
                                }
                              ]
                            }
                          ]
                        }
                      ]
                    }
                  ]
                }
              ]
            }
          ]
        }
      ]
    },
    "Planning Time": 1.441,
    "Triggers": [],
    "Execution Time": 504.655
  }
]