[
  {
    "Plan": {
      "Node Type": "Aggregate",
      "Strategy": "Plain",
      "Partial Mode": "Finalize",
      "Parallel Aware": false,
      "Startup Cost": 34929.3,
      "Total Cost": 34929.31,
      "Plan Rows": 1,
      "Plan Width": 8,
      "Actual Startup Time": 89.162,
      "Actual Total Time": 97.383,
      "Actual Rows": 1,
      "Actual Loops": 1,
      "Plans": [
        {
          "Node Type": "Gather",
          "Parent Relationship": "Outer",
          "Parallel Aware": false,
          "Startup Cost": 34928.99,
          "Total Cost": 34929.3,
          "Plan Rows": 3,
          "Plan Width": 8,
          "Actual Startup Time": 88.924,
          "Actual Total Time": 97.376,
          "Actual Rows": 4,
          "Actual Loops": 1,
          "Workers Planned": 3,
          "Workers Launched": 3,
          "Single Copy": false,
          "Plans": [
            {
              "Node Type": "Aggregate",
              "Strategy": "Plain",
              "Partial Mode": "Partial",
              "Parent Relationship": "Outer",
              "Parallel Aware": false,
              "Startup Cost": 33928.99,
              "Total Cost": 33929.0,
              "Plan Rows": 1,
              "Plan Width": 8,
              "Actual Startup Time": 85.437,
              "Actual Total Time": 85.439,
              "Actual Rows": 1,
              "Actual Loops": 4,
              "Plans": [
                {
                  "Node Type": "Bitmap Heap Scan",
                  "Parent Relationship": "Outer",
                  "Parallel Aware": true,
                  "Relation Name": "movie_keyword",
                  "Alias": "mk",
                  "Startup Cost": 7715.13,
                  "Total Cost": 33635.68,
                  "Plan Rows": 117324,
                  "Plan Width": 0,
                  "Actual Startup Time": 25.595,
                  "Actual Total Time": 80.691,
                  "Actual Rows": 90080,
                  "Actual Loops": 4,
                  "Recheck Cond": "(keyword_id > 46224)",
                  "Rows Removed by Index Recheck": 0,
                  "Exact Heap Blocks": 10120,
                  "Lossy Heap Blocks": 0,
                  "Plans": [
                    {
                      "Node Type": "Bitmap Index Scan",
                      "Parent Relationship": "Outer",
                      "Parallel Aware": false,
                      "Index Name": "keyword_id_movie_keyword",
                      "Startup Cost": 0.0,
                      "Total Cost": 7624.2,
                      "Plan Rows": 363703,
                      "Plan Width": 0,
                      "Actual Startup Time": 25.493,
                      "Actual Total Time": 25.493,
                      "Actual Rows": 360321,
                      "Actual Loops": 1,
                      "Index Cond": "(keyword_id > 46224)"
                    }
                  ]
                }
              ]
            }
          ]
        }
      ]
    },
    "Planning Time": 0.188,
    "Triggers": [],
    "Execution Time": 97.459
  }
]