[
    {
        "Bao": {
            "Bao prediction": "NaN",
            "Bao recommended hint": "(no hint)"
        }
    },
    {
        "Plan": {
            "Node Type": "Aggregate",
            "Strategy": "Plain",
            "Partial Mode": "Finalize",
            "Parallel Aware": false,
            "Startup Cost": 205512.21,
            "Total Cost": 205512.22,
            "Plan Rows": 1,
            "Plan Width": 8,
            "Actual Startup Time": 202.58,
            "Actual Total Time": 212.599,
            "Actual Rows": 1,
            "Actual Loops": 1,
            "Output": [
                "count(*)"
            ],
            "Plans": [
                {
                    "Node Type": "Gather",
                    "Parent Relationship": "Outer",
                    "Parallel Aware": false,
                    "Startup Cost": 205511.79,
                    "Total Cost": 205512.2,
                    "Plan Rows": 4,
                    "Plan Width": 8,
                    "Actual Startup Time": 200.791,
                    "Actual Total Time": 212.589,
                    "Actual Rows": 5,
                    "Actual Loops": 1,
                    "Output": [
                        "(PARTIAL count(*))"
                    ],
                    "Workers Planned": 4,
                    "Workers Launched": 4,
                    "Single Copy": false,
                    "Plans": [
                        {
                            "Node Type": "Aggregate",
                            "Strategy": "Plain",
                            "Partial Mode": "Partial",
                            "Parent Relationship": "Outer",
                            "Parallel Aware": false,
                            "Startup Cost": 204511.79,
                            "Total Cost": 204511.8,
                            "Plan Rows": 1,
                            "Plan Width": 8,
                            "Actual Startup Time": 190.945,
                            "Actual Total Time": 190.949,
                            "Actual Rows": 1,
                            "Actual Loops": 5,
                            "Output": [
                                "PARTIAL count(*)"
                            ],
                            "Workers": [
                                {
                                    "Worker Number": 0,
                                    "Actual Startup Time": 188.043,
                                    "Actual Total Time": 188.047,
                                    "Actual Rows": 1,
                                    "Actual Loops": 1
                                },
                                {
                                    "Worker Number": 1,
                                    "Actual Startup Time": 188.729,
                                    "Actual Total Time": 188.732,
                                    "Actual Rows": 1,
                                    "Actual Loops": 1
                                },
                                {
                                    "Worker Number": 2,
                                    "Actual Startup Time": 188.649,
                                    "Actual Total Time": 188.652,
                                    "Actual Rows": 1,
                                    "Actual Loops": 1
                                },
                                {
                                    "Worker Number": 3,
                                    "Actual Startup Time": 188.983,
                                    "Actual Total Time": 188.986,
                                    "Actual Rows": 1,
                                    "Actual Loops": 1
                                }
                            ],
                            "Plans": [
                                {
                                    "Node Type": "Nested Loop",
                                    "Parent Relationship": "Outer",
                                    "Parallel Aware": false,
                                    "Join Type": "Inner",
                                    "Startup Cost": 48580.93,
                                    "Total Cost": 204506.53,
                                    "Plan Rows": 2104,
                                    "Plan Width": 0,
                                    "Actual Startup Time": 146.051,
                                    "Actual Total Time": 189.326,
                                    "Actual Rows": 22235,
                                    "Actual Loops": 5,
                                    "Inner Unique": false,
                                    "Workers": [
                                        {
                                            "Worker Number": 0,
                                            "Actual Startup Time": 142.853,
                                            "Actual Total Time": 186.47,
                                            "Actual Rows": 19908,
                                            "Actual Loops": 1
                                        },
                                        {
                                            "Worker Number": 1,
                                            "Actual Startup Time": 142.297,
                                            "Actual Total Time": 187.285,
                                            "Actual Rows": 26222,
                                            "Actual Loops": 1
                                        },
                                        {
                                            "Worker Number": 2,
                                            "Actual Startup Time": 145.284,
                                            "Actual Total Time": 187.114,
                                            "Actual Rows": 19774,
                                            "Actual Loops": 1
                                        },
                                        {
                                            "Worker Number": 3,
                                            "Actual Startup Time": 145.955,
                                            "Actual Total Time": 187.453,
                                            "Actual Rows": 17067,
                                            "Actual Loops": 1
                                        }
                                    ],
                                    "Plans": [
                                        {
                                            "Node Type": "Hash Join",
                                            "Parent Relationship": "Outer",
                                            "Parallel Aware": true,
                                            "Join Type": "Inner",
                                            "Startup Cost": 48580.5,
                                            "Total Cost": 201925.58,
                                            "Plan Rows": 3855,
                                            "Plan Width": 8,
                                            "Actual Startup Time": 145.947,
                                            "Actual Total Time": 155.66,
                                            "Actual Rows": 7341,
                                            "Actual Loops": 5,
                                            "Output": [
                                                "t.id",
                                                "mi.movie_id"
                                            ],
                                            "Inner Unique": true,
                                            "Hash Cond": "(mi.movie_id = t.id)",
                                            "Workers": [
                                                {
                                                    "Worker Number": 0,
                                                    "Actual Startup Time": 142.748,
                                                    "Actual Total Time": 152.585,
                                                    "Actual Rows": 6598,
                                                    "Actual Loops": 1
                                                },
                                                {
                                                    "Worker Number": 1,
                                                    "Actual Startup Time": 142.197,
                                                    "Actual Total Time": 153.405,
                                                    "Actual Rows": 8702,
                                                    "Actual Loops": 1
                                                },
                                                {
                                                    "Worker Number": 2,
                                                    "Actual Startup Time": 145.191,
                                                    "Actual Total Time": 153.516,
                                                    "Actual Rows": 6511,
                                                    "Actual Loops": 1
                                                },
                                                {
                                                    "Worker Number": 3,
                                                    "Actual Startup Time": 145.799,
                                                    "Actual Total Time": 153.863,
                                                    "Actual Rows": 5650,
                                                    "Actual Loops": 1
                                                }
                                            ],
                                            "Plans": [
                                                {
                                                    "Node Type": "Bitmap Heap Scan",
                                                    "Parent Relationship": "Outer",
                                                    "Parallel Aware": true,
                                                    "Relation Name": "movie_info",
                                                    "Schema": "public",
                                                    "Alias": "mi",
                                                    "Startup Cost": 1990.45,
                                                    "Total Cost": 155263.56,
                                                    "Plan Rows": 27420,
                                                    "Plan Width": 4,
                                                    "Actual Startup Time": 13.518,
                                                    "Actual Total Time": 23.264,
                                                    "Actual Rows": 21807,
                                                    "Actual Loops": 5,
                                                    "Output": [
                                                        "mi.id",
                                                        "mi.movie_id",
                                                        "mi.info_type_id",
                                                        "mi.info",
                                                        "mi.note"
                                                    ],
                                                    "Recheck Cond": "(mi.info_type_id = 106)",
                                                    "Rows Removed by Index Recheck": 0,
                                                    "Exact Heap Blocks": 1165,
                                                    "Lossy Heap Blocks": 0,
                                                    "Workers": [
                                                        {
                                                            "Worker Number": 0,
                                                            "Actual Startup Time": 13.516,
                                                            "Actual Total Time": 23.526,
                                                            "Actual Rows": 20257,
                                                            "Actual Loops": 1
                                                        },
                                                        {
                                                            "Worker Number": 1,
                                                            "Actual Startup Time": 13.495,
                                                            "Actual Total Time": 23.474,
                                                            "Actual Rows": 24377,
                                                            "Actual Loops": 1
                                                        },
                                                        {
                                                            "Worker Number": 2,
                                                            "Actual Startup Time": 13.519,
                                                            "Actual Total Time": 23.709,
                                                            "Actual Rows": 21141,
                                                            "Actual Loops": 1
                                                        },
                                                        {
                                                            "Worker Number": 3,
                                                            "Actual Startup Time": 13.53,
                                                            "Actual Total Time": 23.403,
                                                            "Actual Rows": 13763,
                                                            "Actual Loops": 1
                                                        }
                                                    ],
                                                    "Plans": [
                                                        {
                                                            "Node Type": "Bitmap Index Scan",
                                                            "Parent Relationship": "Outer",
                                                            "Parallel Aware": false,
                                                            "Index Name": "info_type_id_movie_info",
                                                            "Startup Cost": 0.0,
                                                            "Total Cost": 1963.03,
                                                            "Plan Rows": 109680,
                                                            "Plan Width": 0,
                                                            "Actual Startup Time": 12.559,
                                                            "Actual Total Time": 12.56,
                                                            "Actual Rows": 109034,
                                                            "Actual Loops": 1,
                                                            "Index Cond": "(mi.info_type_id = 106)",
                                                            "Workers": [
                                                                {
                                                                    "Worker Number": 0,
                                                                    "Actual Startup Time": 12.559,
                                                                    "Actual Total Time": 12.56,
                                                                    "Actual Rows": 109034,
                                                                    "Actual Loops": 1
                                                                }
                                                            ]
                                                        }
                                                    ]
                                                },
                                                {
                                                    "Node Type": "Hash",
                                                    "Parent Relationship": "Inner",
                                                    "Parallel Aware": true,
                                                    "Startup Cost": 45479.21,
                                                    "Total Cost": 45479.21,
                                                    "Plan Rows": 88867,
                                                    "Plan Width": 4,
                                                    "Actual Startup Time": 124.891,
                                                    "Actual Total Time": 124.892,
                                                    "Actual Rows": 60418,
                                                    "Actual Loops": 5,
                                                    "Output": [
                                                        "t.id"
                                                    ],
                                                    "Hash Buckets": 524288,
                                                    "Original Hash Buckets": 524288,
                                                    "Hash Batches": 1,
                                                    "Original Hash Batches": 1,
                                                    "Peak Memory Usage": 15968,
                                                    "Workers": [
                                                        {
                                                            "Worker Number": 0,
                                                            "Actual Startup Time": 123.472,
                                                            "Actual Total Time": 123.474,
                                                            "Actual Rows": 47039,
                                                            "Actual Loops": 1
                                                        },
                                                        {
                                                            "Worker Number": 1,
                                                            "Actual Startup Time": 124.121,
                                                            "Actual Total Time": 124.122,
                                                            "Actual Rows": 69691,
                                                            "Actual Loops": 1
                                                        },
                                                        {
                                                            "Worker Number": 2,
                                                            "Actual Startup Time": 123.617,
                                                            "Actual Total Time": 123.617,
                                                            "Actual Rows": 47276,
                                                            "Actual Loops": 1
                                                        },
                                                        {
                                                            "Worker Number": 3,
                                                            "Actual Startup Time": 124.321,
                                                            "Actual Total Time": 124.322,
                                                            "Actual Rows": 67807,
                                                            "Actual Loops": 1
                                                        }
                                                    ],
                                                    "Plans": [
                                                        {
                                                            "Node Type": "Seq Scan",
                                                            "Parent Relationship": "Outer",
                                                            "Parallel Aware": true,
                                                            "Relation Name": "title",
                                                            "Schema": "public",
                                                            "Alias": "t",
                                                            "Startup Cost": 0.0,
                                                            "Total Cost": 45479.21,
                                                            "Plan Rows": 88867,
                                                            "Plan Width": 4,
                                                            "Actual Startup Time": 0.043,
                                                            "Actual Total Time": 94.177,
                                                            "Actual Rows": 60418,
                                                            "Actual Loops": 5,
                                                            "Output": [
                                                                "t.id"
                                                            ],
                                                            "Filter": "((t.kind_id < 7) AND (t.production_year > 2006))",
                                                            "Rows Removed by Filter": 445245,
                                                            "Workers": [
                                                                {
                                                                    "Worker Number": 0,
                                                                    "Actual Startup Time": 0.047,
                                                                    "Actual Total Time": 92.769,
                                                                    "Actual Rows": 47039,
                                                                    "Actual Loops": 1
                                                                },
                                                                {
                                                                    "Worker Number": 1,
                                                                    "Actual Startup Time": 0.049,
                                                                    "Actual Total Time": 91.867,
                                                                    "Actual Rows": 69691,
                                                                    "Actual Loops": 1
                                                                },
                                                                {
                                                                    "Worker Number": 2,
                                                                    "Actual Startup Time": 0.039,
                                                                    "Actual Total Time": 93.514,
                                                                    "Actual Rows": 47276,
                                                                    "Actual Loops": 1
                                                                },
                                                                {
                                                                    "Worker Number": 3,
                                                                    "Actual Startup Time": 0.046,
                                                                    "Actual Total Time": 92.045,
                                                                    "Actual Rows": 67807,
                                                                    "Actual Loops": 1
                                                                }
                                                            ]
                                                        }
                                                    ]
                                                }
                                            ]
                                        },
                                        {
                                            "Node Type": "Index Only Scan",
                                            "Parent Relationship": "Inner",
                                            "Parallel Aware": false,
                                            "Scan Direction": "Forward",
                                            "Index Name": "movie_id_movie_info_idx",
                                            "Relation Name": "movie_info_idx",
                                            "Schema": "public",
                                            "Alias": "mi_idx",
                                            "Startup Cost": 0.43,
                                            "Total Cost": 0.64,
                                            "Plan Rows": 3,
                                            "Plan Width": 4,
                                            "Actual Startup Time": 0.003,
                                            "Actual Total Time": 0.004,
                                            "Actual Rows": 3,
                                            "Actual Loops": 36704,
                                            "Output": [
                                                "mi_idx.movie_id"
                                            ],
                                            "Index Cond": "(mi_idx.movie_id = t.id)",
                                            "Rows Removed by Index Recheck": 0,
                                            "Heap Fetches": 111173,
                                            "Workers": [
                                                {
                                                    "Worker Number": 0,
                                                    "Actual Startup Time": 0.004,
                                                    "Actual Total Time": 0.005,
                                                    "Actual Rows": 3,
                                                    "Actual Loops": 6598
                                                },
                                                {
                                                    "Worker Number": 1,
                                                    "Actual Startup Time": 0.003,
                                                    "Actual Total Time": 0.003,
                                                    "Actual Rows": 3,
                                                    "Actual Loops": 8702
                                                },
                                                {
                                                    "Worker Number": 2,
                                                    "Actual Startup Time": 0.004,
                                                    "Actual Total Time": 0.005,
                                                    "Actual Rows": 3,
                                                    "Actual Loops": 6511
                                                },
                                                {
                                                    "Worker Number": 3,
                                                    "Actual Startup Time": 0.004,
                                                    "Actual Total Time": 0.005,
                                                    "Actual Rows": 3,
                                                    "Actual Loops": 5650
                                                }
                                            ]
                                        }
                                    ]
                                }
                            ]
                        }
                    ]
                }
            ]
        },
        "Planning Time": 268.994,
        "Triggers": [],
        "Execution Time": 212.714
    }
]