{
  "Plan": {
    "Node Type": "Aggregate",
    "Strategy": "Plain",
    "Partial Mode": "Finalize",
    "Parallel Aware": false,
    "Startup Cost": 719156.88,
    "Total Cost": 719156.89,
    "Plan Rows": 1,
    "Plan Width": 8,
    "Actual Startup Time": 3740.16,
    "Actual Total Time": 3797.94,
    "Actual Rows": 1,
    "Actual Loops": 1,
    "Plans": [
      {
        "Node Type": "Gather",
        "Parent Relationship": "Outer",
        "Parallel Aware": false,
        "Startup Cost": 719156.77,
        "Total Cost": 719156.88,
        "Plan Rows": 1,
        "Plan Width": 8,
        "Actual Startup Time": 3736.475,
        "Actual Total Time": 3797.923,
        "Actual Rows": 2,
        "Actual Loops": 1,
        "Workers Planned": 1,
        "Workers Launched": 1,
        "Single Copy": false,
        "Plans": [
          {
            "Node Type": "Aggregate",
            "Strategy": "Plain",
            "Partial Mode": "Partial",
            "Parent Relationship": "Outer",
            "Parallel Aware": false,
            "Startup Cost": 718156.77,
            "Total Cost": 718156.78,
            "Plan Rows": 1,
            "Plan Width": 8,
            "Actual Startup Time": 3730.94,
            "Actual Total Time": 3732.295,
            "Actual Rows": 1,
            "Actual Loops": 2,
            "Plans": [
              {
                "Node Type": "Hash Join",
                "Parent Relationship": "Outer",
                "Parallel Aware": true,
                "Join Type": "Inner",
                "Startup Cost": 93199.77,
                "Total Cost": 711095.9,
                "Plan Rows": 2824345,
                "Plan Width": 0,
                "Actual Startup Time": 1381.713,
                "Actual Total Time": 3615.104,
                "Actual Rows": 2904594,
                "Actual Loops": 2,
                "Inner Unique": false,
                "Hash Cond": "(ci.movie_id = t.id)",
                "Plans": [
                  {
                    "Node Type": "Seq Scan",
                    "Parent Relationship": "Outer",
                    "Parallel Aware": true,
                    "Relation Name": "cast_info",
                    "Alias": "ci",
                    "Startup Cost": 0.0,
                    "Total Cost": 572345.93,
                    "Plan Rows": 7716374,
                    "Plan Width": 4,
                    "Actual Startup Time": 551.975,
                    "Actual Total Time": 1618.803,
                    "Actual Rows": 3692132,
                    "Actual Loops": 2,
                    "Filter": "((person_id < 2013911) AND (role_id > 1))",
                    "Rows Removed by Filter": 14430040
                  },
                  {
                    "Node Type": "Hash",
                    "Parent Relationship": "Inner",
                    "Parallel Aware": true,
                    "Startup Cost": 86395.32,
                    "Total Cost": 86395.32,
                    "Plan Rows": 544356,
                    "Plan Width": 8,
                    "Actual Startup Time": 820.467,
                    "Actual Total Time": 821.82,
                    "Actual Rows": 460055,
                    "Actual Loops": 2,
                    "Hash Buckets": 1048576,
                    "Original Hash Buckets": 1048576,
                    "Hash Batches": 1,
                    "Original Hash Batches": 1,
                    "Peak Memory Usage": 44192,
                    "Plans": [
                      {
                        "Node Type": "Hash Join",
                        "Parent Relationship": "Outer",
                        "Parallel Aware": true,
                        "Join Type": "Inner",
                        "Startup Cost": 24886.77,
                        "Total Cost": 86395.32,
                        "Plan Rows": 544356,
                        "Plan Width": 8,
                        "Actual Startup Time": 196.819,
                        "Actual Total Time": 709.761,
                        "Actual Rows": 460055,
                        "Actual Loops": 2,
                        "Inner Unique": false,
                        "Hash Cond": "(t.id = mi_idx.movie_id)",
                        "Plans": [
                          {
                            "Node Type": "Seq Scan",
                            "Parent Relationship": "Outer",
                            "Parallel Aware": true,
                            "Relation Name": "title",
                            "Alias": "t",
                            "Startup Cost": 0.0,
                            "Total Cost": 50870.31,
                            "Plan Rows": 1487231,
                            "Plan Width": 4,
                            "Actual Startup Time": 0.012,
                            "Actual Total Time": 126.112,
                            "Actual Rows": 1264156,
                            "Actual Loops": 2
                          },
                          {
                            "Node Type": "Hash",
                            "Parent Relationship": "Inner",
                            "Parallel Aware": true,
                            "Startup Cost": 18082.32,
                            "Total Cost": 18082.32,
                            "Plan Rows": 544356,
                            "Plan Width": 4,
                            "Actual Startup Time": 191.35,
                            "Actual Total Time": 191.352,
                            "Actual Rows": 460055,
                            "Actual Loops": 2,
                            "Hash Buckets": 1048576,
                            "Original Hash Buckets": 1048576,
                            "Hash Batches": 1,
                            "Original Hash Batches": 1,
                            "Peak Memory Usage": 44224,
                            "Plans": [
                              {
                                "Node Type": "Seq Scan",
                                "Parent Relationship": "Outer",
                                "Parallel Aware": true,
                                "Relation Name": "movie_info_idx",
                                "Alias": "mi_idx",
                                "Startup Cost": 0.0,
                                "Total Cost": 18082.32,
                                "Plan Rows": 544356,
                                "Plan Width": 4,
                                "Actual Startup Time": 0.061,
                                "Actual Total Time": 82.578,
                                "Actual Rows": 460055,
                                "Actual Loops": 2,
                                "Filter": "(info_type_id > 99)",
                                "Rows Removed by Filter": 229962
                              }
                            ]
                          }
                        ]
                      }
                    ]
                  }
                ]
              }
            ]
          }
        ]
      }
    ]
  },
  "Planning Time": 0.982,
  "Triggers": [],
  "Execution Time": 3798.035
}