[
  {
    "Plan": {
      "Node Type": "Aggregate",
      "Strategy": "Plain",
      "Partial Mode": "Finalize",
      "Parallel Aware": false,
      "Startup Cost": 46945.56,
      "Total Cost": 46945.57,
      "Plan Rows": 1,
      "Plan Width": 8,
      "Actual Startup Time": 62.776,
      "Actual Total Time": 68.698,
      "Actual Rows": 1,
      "Actual Loops": 1,
      "Plans": [
        {
          "Node Type": "Gather",
          "Parent Relationship": "Outer",
          "Parallel Aware": false,
          "Startup Cost": 46945.14,
          "Total Cost": 46945.55,
          "Plan Rows": 4,
          "Plan Width": 8,
          "Actual Startup Time": 62.497,
          "Actual Total Time": 68.691,
          "Actual Rows": 5,
          "Actual Loops": 1,
          "Workers Planned": 4,
          "Workers Launched": 4,
          "Single Copy": false,
          "Plans": [
            {
              "Node Type": "Aggregate",
              "Strategy": "Plain",
              "Partial Mode": "Partial",
              "Parent Relationship": "Outer",
              "Parallel Aware": false,
              "Startup Cost": 45945.14,
              "Total Cost": 45945.15,
              "Plan Rows": 1,
              "Plan Width": 8,
              "Actual Startup Time": 53.526,
              "Actual Total Time": 53.527,
              "Actual Rows": 1,
              "Actual Loops": 5,
              "Plans": [
                {
                  "Node Type": "Nested Loop",
                  "Parent Relationship": "Outer",
                  "Parallel Aware": false,
                  "Join Type": "Inner",
                  "Startup Cost": 2182.17,
                  "Total Cost": 45941.57,
                  "Plan Rows": 1425,
                  "Plan Width": 0,
                  "Actual Startup Time": 17.062,
                  "Actual Total Time": 53.45,
                  "Actual Rows": 493,
                  "Actual Loops": 5,
                  "Inner Unique": false,
                  "Plans": [
                    {
                      "Node Type": "Bitmap Heap Scan",
                      "Parent Relationship": "Outer",
                      "Parallel Aware": true,
                      "Relation Name": "title",
                      "Alias": "t",
                      "Startup Cost": 2181.73,
                      "Total Cost": 38637.99,
                      "Plan Rows": 796,
                      "Plan Width": 4,
                      "Actual Startup Time": 15.252,
                      "Actual Total Time": 48.118,
                      "Actual Rows": 227,
                      "Actual Loops": 5,
                      "Recheck Cond": "(kind_id = 4)",
                      "Rows Removed by Index Recheck": 0,
                      "Filter": "(production_year = 2013)",
                      "Rows Removed by Filter": 23420,
                      "Exact Heap Blocks": 7419,
                      "Lossy Heap Blocks": 0,
                      "Plans": [
                        {
                          "Node Type": "Bitmap Index Scan",
                          "Parent Relationship": "Outer",
                          "Parallel Aware": false,
                          "Index Name": "kind_id_title",
                          "Startup Cost": 0.0,
                          "Total Cost": 2180.94,
                          "Plan Rows": 122201,
                          "Plan Width": 0,
                          "Actual Startup Time": 18.549,
                          "Actual Total Time": 18.549,
                          "Actual Rows": 118234,
                          "Actual Loops": 1,
                          "Index Cond": "(kind_id = 4)"
                        }
                      ]
                    },
                    {
                      "Node Type": "Index Only Scan",
                      "Parent Relationship": "Inner",
                      "Parallel Aware": false,
                      "Scan Direction": "Forward",
                      "Index Name": "movie_id_movie_keyword",
                      "Relation Name": "movie_keyword",
                      "Alias": "mk",
                      "Startup Cost": 0.43,
                      "Total Cost": 8.73,
                      "Plan Rows": 45,
                      "Plan Width": 4,
                      "Actual Startup Time": 0.021,
                      "Actual Total Time": 0.022,
                      "Actual Rows": 2,
                      "Actual Loops": 1136,
                      "Index Cond": "(movie_id = t.id)",
                      "Rows Removed by Index Recheck": 0,
                      "Heap Fetches": 2466
                    }
                  ]
                }
              ]
            }
          ]
        }
      ]
    },
    "Planning Time": 0.603,
    "Triggers": [],
    "Execution Time": 68.787
  }
]