[
  {
    "Plan": {
      "Node Type": "Aggregate",
      "Strategy": "Plain",
      "Partial Mode": "Finalize",
      "Parallel Aware": false,
      "Startup Cost": 275314.3,
      "Total Cost": 275314.31,
      "Plan Rows": 1,
      "Plan Width": 8,
      "Actual Startup Time": 82.565,
      "Actual Total Time": 88.651,
      "Actual Rows": 1,
      "Actual Loops": 1,
      "Plans": [
        {
          "Node Type": "Gather",
          "Parent Relationship": "Outer",
          "Parallel Aware": false,
          "Startup Cost": 275313.68,
          "Total Cost": 275314.29,
          "Plan Rows": 6,
          "Plan Width": 8,
          "Actual Startup Time": 82.286,
          "Actual Total Time": 88.641,
          "Actual Rows": 7,
          "Actual Loops": 1,
          "Workers Planned": 6,
          "Workers Launched": 6,
          "Single Copy": false,
          "Plans": [
            {
              "Node Type": "Aggregate",
              "Strategy": "Plain",
              "Partial Mode": "Partial",
              "Parent Relationship": "Outer",
              "Parallel Aware": false,
              "Startup Cost": 274313.68,
              "Total Cost": 274313.69,
              "Plan Rows": 1,
              "Plan Width": 8,
              "Actual Startup Time": 74.937,
              "Actual Total Time": 74.939,
              "Actual Rows": 1,
              "Actual Loops": 7,
              "Plans": [
                {
                  "Node Type": "Bitmap Heap Scan",
                  "Parent Relationship": "Outer",
                  "Parallel Aware": true,
                  "Relation Name": "cast_info",
                  "Alias": "ci",
                  "Startup Cost": 19297.03,
                  "Total Cost": 274185.14,
                  "Plan Rows": 51413,
                  "Plan Width": 0,
                  "Actual Startup Time": 25.224,
                  "Actual Total Time": 68.121,
                  "Actual Rows": 95153,
                  "Actual Loops": 7,
                  "Recheck Cond": "(person_id < 94523)",
                  "Rows Removed by Index Recheck": 0,
                  "Filter": "(role_id = 1)",
                  "Rows Removed by Filter": 34260,
                  "Exact Heap Blocks": 1596,
                  "Lossy Heap Blocks": 0,
                  "Plans": [
                    {
                      "Node Type": "Bitmap Index Scan",
                      "Parent Relationship": "Outer",
                      "Parallel Aware": false,
                      "Index Name": "person_id_cast_info",
                      "Startup Cost": 0.0,
                      "Total Cost": 19219.91,
                      "Plan Rows": 880446,
                      "Plan Width": 0,
                      "Actual Startup Time": 30.462,
                      "Actual Total Time": 30.463,
                      "Actual Rows": 905888,
                      "Actual Loops": 1,
                      "Index Cond": "(person_id < 94523)"
                    }
                  ]
                }
              ]
            }
          ]
        }
      ]
    },
    "Planning Time": 0.231,
    "Triggers": [],
    "Execution Time": 88.731
  }
]