[
  {
    "Plan": {
      "Node Type": "Aggregate",
      "Strategy": "Plain",
      "Partial Mode": "Finalize",
      "Parallel Aware": false,
      "Startup Cost": 96933.13,
      "Total Cost": 96933.14,
      "Plan Rows": 1,
      "Plan Width": 8,
      "Actual Startup Time": 561.39,
      "Actual Total Time": 579.952,
      "Actual Rows": 1,
      "Actual Loops": 1,
      "Plans": [
        {
          "Node Type": "Gather",
          "Parent Relationship": "Outer",
          "Parallel Aware": false,
          "Startup Cost": 96932.81,
          "Total Cost": 96933.12,
          "Plan Rows": 3,
          "Plan Width": 8,
          "Actual Startup Time": 554.262,
          "Actual Total Time": 579.941,
          "Actual Rows": 4,
          "Actual Loops": 1,
          "Workers Planned": 3,
          "Workers Launched": 3,
          "Single Copy": false,
          "Plans": [
            {
              "Node Type": "Aggregate",
              "Strategy": "Plain",
              "Partial Mode": "Partial",
              "Parent Relationship": "Outer",
              "Parallel Aware": false,
              "Startup Cost": 95932.81,
              "Total Cost": 95932.82,
              "Plan Rows": 1,
              "Plan Width": 8,
              "Actual Startup Time": 539.802,
              "Actual Total Time": 539.805,
              "Actual Rows": 1,
              "Actual Loops": 4,
              "Plans": [
                {
                  "Node Type": "Hash Join",
                  "Parent Relationship": "Outer",
                  "Parallel Aware": true,
                  "Join Type": "Inner",
                  "Startup Cost": 51277.38,
                  "Total Cost": 95010.34,
                  "Plan Rows": 368991,
                  "Plan Width": 0,
                  "Actual Startup Time": 356.648,
                  "Actual Total Time": 526.316,
                  "Actual Rows": 299698,
                  "Actual Loops": 4,
                  "Inner Unique": true,
                  "Hash Cond": "(mk.movie_id = t.id)",
                  "Plans": [
                    {
                      "Node Type": "Seq Scan",
                      "Parent Relationship": "Outer",
                      "Parallel Aware": true,
                      "Relation Name": "movie_keyword",
                      "Alias": "mk",
                      "Startup Cost": 0.0,
                      "Total Cost": 42695.65,
                      "Plan Rows": 395161,
                      "Plan Width": 4,
                      "Actual Startup Time": 0.03,
                      "Actual Total Time": 93.143,
                      "Actual Rows": 307219,
                      "Actual Loops": 4,
                      "Filter": "(keyword_id < 1559)",
                      "Rows Removed by Filter": 823764
                    },
                    {
                      "Node Type": "Hash",
                      "Parent Relationship": "Inner",
                      "Parallel Aware": true,
                      "Startup Cost": 43899.32,
                      "Total Cost": 43899.32,
                      "Plan Rows": 590245,
                      "Plan Width": 4,
                      "Actual Startup Time": 346.038,
                      "Actual Total Time": 346.039,
                      "Actual Rows": 589410,
                      "Actual Loops": 4,
                      "Hash Buckets": 4194304,
                      "Original Hash Buckets": 4194304,
                      "Hash Batches": 1,
                      "Original Hash Batches": 1,
                      "Peak Memory Usage": 125056,
                      "Plans": [
                        {
                          "Node Type": "Seq Scan",
                          "Parent Relationship": "Outer",
                          "Parallel Aware": true,
                          "Relation Name": "title",
                          "Alias": "t",
                          "Startup Cost": 0.0,
                          "Total Cost": 43899.32,
                          "Plan Rows": 590245,
                          "Plan Width": 4,
                          "Actual Startup Time": 0.046,
                          "Actual Total Time": 119.12,
                          "Actual Rows": 589410,
                          "Actual Loops": 4,
                          "Filter": "(production_year > 1923)",
                          "Rows Removed by Filter": 42668
                        }
                      ]
                    }
                  ]
                }
              ]
            }
          ]
        }
      ]
    },
    "Planning Time": 0.225,
    "Triggers": [],
    "Execution Time": 579.99
  }
]