[
  {
    "Plan": {
      "Node Type": "Aggregate",
      "Strategy": "Plain",
      "Partial Mode": "Finalize",
      "Parallel Aware": false,
      "Startup Cost": 96923.32,
      "Total Cost": 96923.33,
      "Plan Rows": 1,
      "Plan Width": 8,
      "Actual Startup Time": 551.114,
      "Actual Total Time": 567.737,
      "Actual Rows": 1,
      "Actual Loops": 1,
      "Plans": [
        {
          "Node Type": "Gather",
          "Parent Relationship": "Outer",
          "Parallel Aware": false,
          "Startup Cost": 96923.01,
          "Total Cost": 96923.32,
          "Plan Rows": 3,
          "Plan Width": 8,
          "Actual Startup Time": 543.18,
          "Actual Total Time": 567.724,
          "Actual Rows": 4,
          "Actual Loops": 1,
          "Workers Planned": 3,
          "Workers Launched": 3,
          "Single Copy": false,
          "Plans": [
            {
              "Node Type": "Aggregate",
              "Strategy": "Plain",
              "Partial Mode": "Partial",
              "Parent Relationship": "Outer",
              "Parallel Aware": false,
              "Startup Cost": 95923.01,
              "Total Cost": 95923.02,
              "Plan Rows": 1,
              "Plan Width": 8,
              "Actual Startup Time": 525.258,
              "Actual Total Time": 525.264,
              "Actual Rows": 1,
              "Actual Loops": 4,
              "Plans": [
                {
                  "Node Type": "Hash Join",
                  "Parent Relationship": "Outer",
                  "Parallel Aware": true,
                  "Join Type": "Inner",
                  "Startup Cost": 51276.72,
                  "Total Cost": 95004.82,
                  "Plan Rows": 367274,
                  "Plan Width": 0,
                  "Actual Startup Time": 345.957,
                  "Actual Total Time": 513.042,
                  "Actual Rows": 299698,
                  "Actual Loops": 4,
                  "Inner Unique": true,
                  "Hash Cond": "(mk.movie_id = t.id)",
                  "Plans": [
                    {
                      "Node Type": "Seq Scan",
                      "Parent Relationship": "Outer",
                      "Parallel Aware": true,
                      "Relation Name": "movie_keyword",
                      "Alias": "mk",
                      "Startup Cost": 0.0,
                      "Total Cost": 42695.65,
                      "Plan Rows": 393315,
                      "Plan Width": 4,
                      "Actual Startup Time": 0.026,
                      "Actual Total Time": 93.951,
                      "Actual Rows": 307219,
                      "Actual Loops": 4,
                      "Filter": "(keyword_id < 1559)",
                      "Rows Removed by Filter": 823764
                    },
                    {
                      "Node Type": "Hash",
                      "Parent Relationship": "Inner",
                      "Parallel Aware": true,
                      "Startup Cost": 43898.92,
                      "Total Cost": 43898.92,
                      "Plan Rows": 590224,
                      "Plan Width": 4,
                      "Actual Startup Time": 334.551,
                      "Actual Total Time": 334.555,
                      "Actual Rows": 589410,
                      "Actual Loops": 4,
                      "Hash Buckets": 4194304,
                      "Original Hash Buckets": 4194304,
                      "Hash Batches": 1,
                      "Original Hash Batches": 1,
                      "Peak Memory Usage": 125056,
                      "Plans": [
                        {
                          "Node Type": "Seq Scan",
                          "Parent Relationship": "Outer",
                          "Parallel Aware": true,
                          "Relation Name": "title",
                          "Alias": "t",
                          "Startup Cost": 0.0,
                          "Total Cost": 43898.92,
                          "Plan Rows": 590224,
                          "Plan Width": 4,
                          "Actual Startup Time": 0.036,
                          "Actual Total Time": 111.786,
                          "Actual Rows": 589410,
                          "Actual Loops": 4,
                          "Filter": "(production_year > 1923)",
                          "Rows Removed by Filter": 42668
                        }
                      ]
                    }
                  ]
                }
              ]
            }
          ]
        }
      ]
    },
    "Planning Time": 0.606,
    "Triggers": [],
    "Execution Time": 567.807
  }
]