{
  "Plan": {
    "Node Type": "Aggregate",
    "Strategy": "Plain",
    "Partial Mode": "Finalize",
    "Parallel Aware": false,
    "Startup Cost": 106343.71,
    "Total Cost": 106343.72,
    "Plan Rows": 1,
    "Plan Width": 8,
    "Actual Startup Time": 430.977,
    "Actual Total Time": 442.9,
    "Actual Rows": 1,
    "Actual Loops": 1,
    "Plans": [
      {
        "Node Type": "Gather",
        "Parent Relationship": "Outer",
        "Parallel Aware": false,
        "Startup Cost": 106343.6,
        "Total Cost": 106343.71,
        "Plan Rows": 1,
        "Plan Width": 8,
        "Actual Startup Time": 430.405,
        "Actual Total Time": 442.893,
        "Actual Rows": 2,
        "Actual Loops": 1,
        "Workers Planned": 1,
        "Workers Launched": 1,
        "Single Copy": false,
        "Plans": [
          {
            "Node Type": "Aggregate",
            "Strategy": "Plain",
            "Partial Mode": "Partial",
            "Parent Relationship": "Outer",
            "Parallel Aware": false,
            "Startup Cost": 105343.6,
            "Total Cost": 105343.61,
            "Plan Rows": 1,
            "Plan Width": 8,
            "Actual Startup Time": 427.253,
            "Actual Total Time": 427.256,
            "Actual Rows": 1,
            "Actual Loops": 2,
            "Plans": [
              {
                "Node Type": "Hash Join",
                "Parent Relationship": "Outer",
                "Parallel Aware": true,
                "Join Type": "Inner",
                "Startup Cost": 43373.26,
                "Total Cost": 104805.31,
                "Plan Rows": 215314,
                "Plan Width": 0,
                "Actual Startup Time": 144.569,
                "Actual Total Time": 422.652,
                "Actual Rows": 104902,
                "Actual Loops": 2,
                "Inner Unique": false,
                "Hash Cond": "(t.id = mc.movie_id)",
                "Plans": [
                  {
                    "Node Type": "Seq Scan",
                    "Parent Relationship": "Outer",
                    "Parallel Aware": true,
                    "Relation Name": "title",
                    "Alias": "t",
                    "Startup Cost": 0.0,
                    "Total Cost": 50870.31,
                    "Plan Rows": 1487231,
                    "Plan Width": 4,
                    "Actual Startup Time": 0.009,
                    "Actual Total Time": 110.984,
                    "Actual Rows": 1264156,
                    "Actual Loops": 2
                  },
                  {
                    "Node Type": "Hash",
                    "Parent Relationship": "Inner",
                    "Parallel Aware": true,
                    "Startup Cost": 40681.83,
                    "Total Cost": 40681.83,
                    "Plan Rows": 215314,
                    "Plan Width": 4,
                    "Actual Startup Time": 139.801,
                    "Actual Total Time": 139.802,
                    "Actual Rows": 104902,
                    "Actual Loops": 2,
                    "Hash Buckets": 524288,
                    "Original Hash Buckets": 524288,
                    "Hash Batches": 1,
                    "Original Hash Batches": 1,
                    "Peak Memory Usage": 12320,
                    "Plans": [
                      {
                        "Node Type": "Bitmap Heap Scan",
                        "Parent Relationship": "Outer",
                        "Parallel Aware": true,
                        "Relation Name": "movie_companies",
                        "Alias": "mc",
                        "Startup Cost": 15530.81,
                        "Total Cost": 40681.83,
                        "Plan Rows": 215314,
                        "Plan Width": 4,
                        "Actual Startup Time": 91.954,
                        "Actual Total Time": 116.574,
                        "Actual Rows": 104902,
                        "Actual Loops": 2,
                        "Recheck Cond": "(company_id < 1394)",
                        "Rows Removed by Index Recheck": 0,
                        "Filter": "(company_type_id = 2)",
                        "Rows Removed by Filter": 254330,
                        "Exact Heap Blocks": 12575,
                        "Lossy Heap Blocks": 0,
                        "Plans": [
                          {
                            "Node Type": "Bitmap Index Scan",
                            "Parent Relationship": "Outer",
                            "Parallel Aware": false,
                            "Index Name": "company_id_movie_companies",
                            "Startup Cost": 0.0,
                            "Total Cost": 15439.3,
                            "Plan Rows": 720916,
                            "Plan Width": 0,
                            "Actual Startup Time": 43.442,
                            "Actual Total Time": 43.442,
                            "Actual Rows": 718464,
                            "Actual Loops": 1,
                            "Index Cond": "(company_id < 1394)"
                          }
                        ]
                      }
                    ]
                  }
                ]
              }
            ]
          }
        ]
      }
    ]
  },
  "Planning Time": 0.63,
  "Triggers": [],
  "Execution Time": 442.978
}