[
  {
    "Plan": {
      "Node Type": "Aggregate",
      "Strategy": "Plain",
      "Partial Mode": "Finalize",
      "Parallel Aware": false,
      "Startup Cost": 33262.15,
      "Total Cost": 33262.16,
      "Plan Rows": 1,
      "Plan Width": 8,
      "Actual Startup Time": 104.352,
      "Actual Total Time": 110.462,
      "Actual Rows": 1,
      "Actual Loops": 1,
      "Plans": [
        {
          "Node Type": "Gather",
          "Parent Relationship": "Outer",
          "Parallel Aware": false,
          "Startup Cost": 33261.83,
          "Total Cost": 33262.14,
          "Plan Rows": 3,
          "Plan Width": 8,
          "Actual Startup Time": 104.255,
          "Actual Total Time": 110.454,
          "Actual Rows": 4,
          "Actual Loops": 1,
          "Workers Planned": 3,
          "Workers Launched": 3,
          "Single Copy": false,
          "Plans": [
            {
              "Node Type": "Aggregate",
              "Strategy": "Plain",
              "Partial Mode": "Partial",
              "Parent Relationship": "Outer",
              "Parallel Aware": false,
              "Startup Cost": 32261.83,
              "Total Cost": 32261.84,
              "Plan Rows": 1,
              "Plan Width": 8,
              "Actual Startup Time": 98.156,
              "Actual Total Time": 98.157,
              "Actual Rows": 1,
              "Actual Loops": 4,
              "Plans": [
                {
                  "Node Type": "Seq Scan",
                  "Parent Relationship": "Outer",
                  "Parallel Aware": true,
                  "Relation Name": "movie_companies",
                  "Alias": "mc",
                  "Startup Cost": 0.0,
                  "Total Cost": 31414.82,
                  "Plan Rows": 338804,
                  "Plan Width": 0,
                  "Actual Startup Time": 45.659,
                  "Actual Total Time": 84.969,
                  "Actual Rows": 297976,
                  "Actual Loops": 4,
                  "Filter": "((company_id > 554) AND (company_type_id = 2))",
                  "Rows Removed by Filter": 354307
                }
              ]
            }
          ]
        }
      ]
    },
    "Planning Time": 0.234,
    "Triggers": [],
    "Execution Time": 110.518
  }
]