[
  {
    "Plan": {
      "Node Type": "Aggregate",
      "Strategy": "Plain",
      "Partial Mode": "Finalize",
      "Parallel Aware": false,
      "Startup Cost": 44674.15,
      "Total Cost": 44674.16,
      "Plan Rows": 1,
      "Plan Width": 8,
      "Actual Startup Time": 123.309,
      "Actual Total Time": 137.911,
      "Actual Rows": 1,
      "Actual Loops": 1,
      "Plans": [
        {
          "Node Type": "Gather",
          "Parent Relationship": "Outer",
          "Parallel Aware": false,
          "Startup Cost": 44673.83,
          "Total Cost": 44674.14,
          "Plan Rows": 3,
          "Plan Width": 8,
          "Actual Startup Time": 123.152,
          "Actual Total Time": 137.895,
          "Actual Rows": 4,
          "Actual Loops": 1,
          "Workers Planned": 3,
          "Workers Launched": 3,
          "Single Copy": false,
          "Plans": [
            {
              "Node Type": "Aggregate",
              "Strategy": "Plain",
              "Partial Mode": "Partial",
              "Parent Relationship": "Outer",
              "Parallel Aware": false,
              "Startup Cost": 43673.83,
              "Total Cost": 43673.84,
              "Plan Rows": 1,
              "Plan Width": 8,
              "Actual Startup Time": 118.332,
              "Actual Total Time": 118.334,
              "Actual Rows": 1,
              "Actual Loops": 4,
              "Plans": [
                {
                  "Node Type": "Seq Scan",
                  "Parent Relationship": "Outer",
                  "Parallel Aware": true,
                  "Relation Name": "movie_keyword",
                  "Alias": "mk",
                  "Startup Cost": 0.0,
                  "Total Cost": 42695.65,
                  "Plan Rows": 391271,
                  "Plan Width": 0,
                  "Actual Startup Time": 0.926,
                  "Actual Total Time": 103.761,
                  "Actual Rows": 304092,
                  "Actual Loops": 4,
                  "Filter": "(keyword_id > 15005)",
                  "Rows Removed by Filter": 826890
                }
              ]
            }
          ]
        }
      ]
    },
    "Planning Time": 0.083,
    "Triggers": [],
    "Execution Time": 137.944
  }
]