[
  {
    "Plan": {
      "Node Type": "Aggregate",
      "Strategy": "Plain",
      "Partial Mode": "Finalize",
      "Parallel Aware": false,
      "Startup Cost": 138322.16,
      "Total Cost": 138322.17,
      "Plan Rows": 1,
      "Plan Width": 8,
      "Actual Startup Time": 2512.506,
      "Actual Total Time": 2570.046,
      "Actual Rows": 1,
      "Actual Loops": 1,
      "Plans": [
        {
          "Node Type": "Gather",
          "Parent Relationship": "Outer",
          "Parallel Aware": false,
          "Startup Cost": 138321.85,
          "Total Cost": 138322.16,
          "Plan Rows": 3,
          "Plan Width": 8,
          "Actual Startup Time": 2511.643,
          "Actual Total Time": 2570.035,
          "Actual Rows": 4,
          "Actual Loops": 1,
          "Workers Planned": 3,
          "Workers Launched": 3,
          "Single Copy": false,
          "Plans": [
            {
              "Node Type": "Aggregate",
              "Strategy": "Plain",
              "Partial Mode": "Partial",
              "Parent Relationship": "Outer",
              "Parallel Aware": false,
              "Startup Cost": 137321.85,
              "Total Cost": 137321.86,
              "Plan Rows": 1,
              "Plan Width": 8,
              "Actual Startup Time": 2505.404,
              "Actual Total Time": 2505.409,
              "Actual Rows": 1,
              "Actual Loops": 4,
              "Plans": [
                {
                  "Node Type": "Nested Loop",
                  "Parent Relationship": "Outer",
                  "Parallel Aware": false,
                  "Join Type": "Inner",
                  "Startup Cost": 45668.98,
                  "Total Cost": 136565.48,
                  "Plan Rows": 302547,
                  "Plan Width": 0,
                  "Actual Startup Time": 177.605,
                  "Actual Total Time": 2359.677,
                  "Actual Rows": 2733191,
                  "Actual Loops": 4,
                  "Inner Unique": false,
                  "Join Filter": "(t.id = ci.movie_id)",
                  "Rows Removed by Join Filter": 0,
                  "Plans": [
                    {
                      "Node Type": "Hash Join",
                      "Parent Relationship": "Outer",
                      "Parallel Aware": true,
                      "Join Type": "Inner",
                      "Startup Cost": 45668.41,
                      "Total Cost": 90681.87,
                      "Plan Rows": 21102,
                      "Plan Width": 8,
                      "Actual Startup Time": 177.442,
                      "Actual Total Time": 410.854,
                      "Actual Rows": 82050,
                      "Actual Loops": 4,
                      "Inner Unique": true,
                      "Hash Cond": "(mk.movie_id = t.id)",
                      "Plans": [
                        {
                          "Node Type": "Seq Scan",
                          "Parent Relationship": "Outer",
                          "Parallel Aware": true,
                          "Relation Name": "movie_keyword",
                          "Alias": "mk",
                          "Startup Cost": 0.0,
                          "Total Cost": 42695.65,
                          "Plan Rows": 882973,
                          "Plan Width": 4,
                          "Actual Startup Time": 0.341,
                          "Actual Total Time": 138.126,
                          "Actual Rows": 683502,
                          "Actual Loops": 4,
                          "Filter": "(keyword_id > 2891)",
                          "Rows Removed by Filter": 447481
                        },
                        {
                          "Node Type": "Hash",
                          "Parent Relationship": "Inner",
                          "Parallel Aware": true,
                          "Startup Cost": 45479.59,
                          "Total Cost": 45479.59,
                          "Plan Rows": 15106,
                          "Plan Width": 4,
                          "Actual Startup Time": 174.359,
                          "Actual Total Time": 174.36,
                          "Actual Rows": 41233,
                          "Actual Loops": 4,
                          "Hash Buckets": 262144,
                          "Original Hash Buckets": 65536,
                          "Hash Batches": 1,
                          "Original Hash Batches": 1,
                          "Peak Memory Usage": 10112,
                          "Plans": [
                            {
                              "Node Type": "Seq Scan",
                              "Parent Relationship": "Outer",
                              "Parallel Aware": true,
                              "Relation Name": "title",
                              "Alias": "t",
                              "Startup Cost": 0.0,
                              "Total Cost": 45479.59,
                              "Plan Rows": 15106,
                              "Plan Width": 4,
                              "Actual Startup Time": 0.849,
                              "Actual Total Time": 142.913,
                              "Actual Rows": 41233,
                              "Actual Loops": 4,
                              "Filter": "((kind_id < 7) AND (production_year < 1951))",
                              "Rows Removed by Filter": 590845
                            }
                          ]
                        }
                      ]
                    },
                    {
                      "Node Type": "Index Only Scan",
                      "Parent Relationship": "Inner",
                      "Parallel Aware": false,
                      "Scan Direction": "Forward",
                      "Index Name": "movie_id_cast_info",
                      "Relation Name": "cast_info",
                      "Alias": "ci",
                      "Startup Cost": 0.56,
                      "Total Cost": 1.74,
                      "Plan Rows": 35,
                      "Plan Width": 4,
                      "Actual Startup Time": 0.004,
                      "Actual Total Time": 0.02,
                      "Actual Rows": 33,
                      "Actual Loops": 328201,
                      "Index Cond": "(movie_id = mk.movie_id)",
                      "Rows Removed by Index Recheck": 0,
                      "Heap Fetches": 10932764
                    }
                  ]
                }
              ]
            }
          ]
        }
      ]
    },
    "Planning Time": 1.45,
    "Triggers": [],
    "Execution Time": 2570.157
  }
]