[
  {
    "Plan": {
      "Node Type": "Aggregate",
      "Strategy": "Plain",
      "Partial Mode": "Finalize",
      "Parallel Aware": false,
      "Startup Cost": 333986.59,
      "Total Cost": 333986.6,
      "Plan Rows": 1,
      "Plan Width": 8,
      "Actual Startup Time": 668.682,
      "Actual Total Time": 734.934,
      "Actual Rows": 1,
      "Actual Loops": 1,
      "Plans": [
        {
          "Node Type": "Gather",
          "Parent Relationship": "Outer",
          "Parallel Aware": false,
          "Startup Cost": 333985.96,
          "Total Cost": 333986.57,
          "Plan Rows": 6,
          "Plan Width": 8,
          "Actual Startup Time": 668.456,
          "Actual Total Time": 734.922,
          "Actual Rows": 7,
          "Actual Loops": 1,
          "Workers Planned": 6,
          "Workers Launched": 6,
          "Single Copy": false,
          "Plans": [
            {
              "Node Type": "Aggregate",
              "Strategy": "Plain",
              "Partial Mode": "Partial",
              "Parent Relationship": "Outer",
              "Parallel Aware": false,
              "Startup Cost": 332985.96,
              "Total Cost": 332985.97,
              "Plan Rows": 1,
              "Plan Width": 8,
              "Actual Startup Time": 657.718,
              "Actual Total Time": 657.719,
              "Actual Rows": 1,
              "Actual Loops": 7,
              "Plans": [
                {
                  "Node Type": "Seq Scan",
                  "Parent Relationship": "Outer",
                  "Parallel Aware": true,
                  "Relation Name": "cast_info",
                  "Alias": "ci",
                  "Startup Cost": 0.0,
                  "Total Cost": 328211.39,
                  "Plan Rows": 1909828,
                  "Plan Width": 0,
                  "Actual Startup Time": 288.563,
                  "Actual Total Time": 586.45,
                  "Actual Rows": 1618451,
                  "Actual Loops": 7,
                  "Filter": "(person_id > 2566964)",
                  "Rows Removed by Filter": 3559312
                }
              ]
            }
          ]
        }
      ]
    },
    "Planning Time": 0.182,
    "Triggers": [],
    "Execution Time": 735.005
  }
]