[
  {
    "Plan": {
      "Node Type": "Aggregate",
      "Strategy": "Plain",
      "Partial Mode": "Finalize",
      "Parallel Aware": false,
      "Startup Cost": 333914.51,
      "Total Cost": 333914.52,
      "Plan Rows": 1,
      "Plan Width": 8,
      "Actual Startup Time": 636.907,
      "Actual Total Time": 695.915,
      "Actual Rows": 1,
      "Actual Loops": 1,
      "Plans": [
        {
          "Node Type": "Gather",
          "Parent Relationship": "Outer",
          "Parallel Aware": false,
          "Startup Cost": 333913.88,
          "Total Cost": 333914.49,
          "Plan Rows": 6,
          "Plan Width": 8,
          "Actual Startup Time": 636.809,
          "Actual Total Time": 695.904,
          "Actual Rows": 7,
          "Actual Loops": 1,
          "Workers Planned": 6,
          "Workers Launched": 6,
          "Single Copy": false,
          "Plans": [
            {
              "Node Type": "Aggregate",
              "Strategy": "Plain",
              "Partial Mode": "Partial",
              "Parent Relationship": "Outer",
              "Parallel Aware": false,
              "Startup Cost": 332913.88,
              "Total Cost": 332913.89,
              "Plan Rows": 1,
              "Plan Width": 8,
              "Actual Startup Time": 627.321,
              "Actual Total Time": 627.322,
              "Actual Rows": 1,
              "Actual Loops": 7,
              "Plans": [
                {
                  "Node Type": "Seq Scan",
                  "Parent Relationship": "Outer",
                  "Parallel Aware": true,
                  "Relation Name": "cast_info",
                  "Alias": "ci",
                  "Startup Cost": 0.0,
                  "Total Cost": 328162.03,
                  "Plan Rows": 1900743,
                  "Plan Width": 0,
                  "Actual Startup Time": 280.132,
                  "Actual Total Time": 559.906,
                  "Actual Rows": 1618451,
                  "Actual Loops": 7,
                  "Filter": "(person_id > 2566964)",
                  "Rows Removed by Filter": 3559312
                }
              ]
            }
          ]
        }
      ]
    },
    "Planning Time": 0.141,
    "Triggers": [],
    "Execution Time": 695.975
  }
]