{
  "Plan": {
    "Node Type": "Aggregate",
    "Strategy": "Plain",
    "Partial Mode": "Finalize",
    "Parallel Aware": false,
    "Startup Cost": 291068.23,
    "Total Cost": 291068.24,
    "Plan Rows": 1,
    "Plan Width": 8,
    "Actual Startup Time": 1240.67,
    "Actual Total Time": 1274.513,
    "Actual Rows": 1,
    "Actual Loops": 1,
    "Plans": [
      {
        "Node Type": "Gather",
        "Parent Relationship": "Outer",
        "Parallel Aware": false,
        "Startup Cost": 291068.11,
        "Total Cost": 291068.22,
        "Plan Rows": 1,
        "Plan Width": 8,
        "Actual Startup Time": 1240.433,
        "Actual Total Time": 1274.506,
        "Actual Rows": 2,
        "Actual Loops": 1,
        "Workers Planned": 1,
        "Workers Launched": 1,
        "Single Copy": false,
        "Plans": [
          {
            "Node Type": "Aggregate",
            "Strategy": "Plain",
            "Partial Mode": "Partial",
            "Parent Relationship": "Outer",
            "Parallel Aware": false,
            "Startup Cost": 290068.11,
            "Total Cost": 290068.12,
            "Plan Rows": 1,
            "Plan Width": 8,
            "Actual Startup Time": 1233.96,
            "Actual Total Time": 1233.964,
            "Actual Rows": 1,
            "Actual Loops": 2,
            "Plans": [
              {
                "Node Type": "Nested Loop",
                "Parent Relationship": "Outer",
                "Parallel Aware": false,
                "Join Type": "Inner",
                "Startup Cost": 38922.79,
                "Total Cost": 289150.1,
                "Plan Rows": 367206,
                "Plan Width": 0,
                "Actual Startup Time": 76.589,
                "Actual Total Time": 1211.943,
                "Actual Rows": 477393,
                "Actual Loops": 2,
                "Inner Unique": false,
                "Join Filter": "(t.id = mi.movie_id)",
                "Rows Removed by Join Filter": 0,
                "Plans": [
                  {
                    "Node Type": "Hash Join",
                    "Parent Relationship": "Outer",
                    "Parallel Aware": true,
                    "Join Type": "Inner",
                    "Startup Cost": 38922.35,
                    "Total Cost": 169285.85,
                    "Plan Rows": 62799,
                    "Plan Width": 8,
                    "Actual Startup Time": 76.528,
                    "Actual Total Time": 631.877,
                    "Actual Rows": 49627,
                    "Actual Loops": 2,
                    "Inner Unique": true,
                    "Hash Cond": "(ci.movie_id = t.id)",
                    "Plans": [
                      {
                        "Node Type": "Index Scan",
                        "Parent Relationship": "Outer",
                        "Parallel Aware": true,
                        "Scan Direction": "Forward",
                        "Index Name": "role_id_cast_info",
                        "Relation Name": "cast_info",
                        "Alias": "ci",
                        "Startup Cost": 0.56,
                        "Total Cost": 124115.52,
                        "Plan Rows": 2380394,
                        "Plan Width": 4,
                        "Actual Startup Time": 0.056,
                        "Actual Total Time": 274.328,
                        "Actual Rows": 2004018,
                        "Actual Loops": 2,
                        "Index Cond": "(role_id = 3)",
                        "Rows Removed by Index Recheck": 0
                      },
                      {
                        "Node Type": "Hash",
                        "Parent Relationship": "Inner",
                        "Parallel Aware": true,
                        "Startup Cost": 38431.34,
                        "Total Cost": 38431.34,
                        "Plan Rows": 39236,
                        "Plan Width": 4,
                        "Actual Startup Time": 74.03,
                        "Actual Total Time": 74.032,
                        "Actual Rows": 35644,
                        "Actual Loops": 2,
                        "Hash Buckets": 131072,
                        "Original Hash Buckets": 131072,
                        "Hash Batches": 1,
                        "Original Hash Batches": 1,
                        "Peak Memory Usage": 3840,
                        "Plans": [
                          {
                            "Node Type": "Bitmap Heap Scan",
                            "Parent Relationship": "Outer",
                            "Parallel Aware": true,
                            "Relation Name": "title",
                            "Alias": "t",
                            "Startup Cost": 1633.21,
                            "Total Cost": 38431.34,
                            "Plan Rows": 39236,
                            "Plan Width": 4,
                            "Actual Startup Time": 20.505,
                            "Actual Total Time": 65.613,
                            "Actual Rows": 35644,
                            "Actual Loops": 2,
                            "Recheck Cond": "(kind_id = 2)",
                            "Rows Removed by Index Recheck": 0,
                            "Filter": "(production_year > 1985)",
                            "Rows Removed by Filter": 9782,
                            "Exact Heap Blocks": 19580,
                            "Lossy Heap Blocks": 0,
                            "Plans": [
                              {
                                "Node Type": "Bitmap Index Scan",
                                "Parent Relationship": "Outer",
                                "Parallel Aware": false,
                                "Index Name": "kind_id_title",
                                "Startup Cost": 0.0,
                                "Total Cost": 1616.54,
                                "Plan Rows": 90681,
                                "Plan Width": 0,
                                "Actual Startup Time": 17.373,
                                "Actual Total Time": 17.373,
                                "Actual Rows": 90852,
                                "Actual Loops": 1,
                                "Index Cond": "(kind_id = 2)"
                              }
                            ]
                          }
                        ]
                      }
                    ]
                  },
                  {
                    "Node Type": "Index Only Scan",
                    "Parent Relationship": "Inner",
                    "Parallel Aware": false,
                    "Scan Direction": "Forward",
                    "Index Name": "movie_id_movie_info",
                    "Relation Name": "movie_info",
                    "Alias": "mi",
                    "Startup Cost": 0.43,
                    "Total Cost": 1.38,
                    "Plan Rows": 42,
                    "Plan Width": 4,
                    "Actual Startup Time": 0.005,
                    "Actual Total Time": 0.011,
                    "Actual Rows": 10,
                    "Actual Loops": 99254,
                    "Index Cond": "(movie_id = ci.movie_id)",
                    "Rows Removed by Index Recheck": 0,
                    "Heap Fetches": 954786
                  }
                ]
              }
            ]
          }
        ]
      }
    ]
  },
  "Planning Time": 0.92,
  "Triggers": [],
  "Execution Time": 1274.626
}