[
  {
    "Plan": {
      "Node Type": "Aggregate",
      "Strategy": "Plain",
      "Partial Mode": "Finalize",
      "Parallel Aware": false,
      "Startup Cost": 33192.2,
      "Total Cost": 33192.21,
      "Plan Rows": 1,
      "Plan Width": 8,
      "Actual Startup Time": 103.272,
      "Actual Total Time": 112.019,
      "Actual Rows": 1,
      "Actual Loops": 1,
      "Plans": [
        {
          "Node Type": "Gather",
          "Parent Relationship": "Outer",
          "Parallel Aware": false,
          "Startup Cost": 33191.89,
          "Total Cost": 33192.2,
          "Plan Rows": 3,
          "Plan Width": 8,
          "Actual Startup Time": 103.137,
          "Actual Total Time": 112.01,
          "Actual Rows": 4,
          "Actual Loops": 1,
          "Workers Planned": 3,
          "Workers Launched": 3,
          "Single Copy": false,
          "Plans": [
            {
              "Node Type": "Aggregate",
              "Strategy": "Plain",
              "Partial Mode": "Partial",
              "Parent Relationship": "Outer",
              "Parallel Aware": false,
              "Startup Cost": 32191.89,
              "Total Cost": 32191.9,
              "Plan Rows": 1,
              "Plan Width": 8,
              "Actual Startup Time": 97.77,
              "Actual Total Time": 97.772,
              "Actual Rows": 1,
              "Actual Loops": 4,
              "Plans": [
                {
                  "Node Type": "Seq Scan",
                  "Parent Relationship": "Outer",
                  "Parallel Aware": true,
                  "Relation Name": "movie_companies",
                  "Alias": "mc",
                  "Startup Cost": 0.0,
                  "Total Cost": 31414.82,
                  "Plan Rows": 310827,
                  "Plan Width": 0,
                  "Actual Startup Time": 41.906,
                  "Actual Total Time": 84.097,
                  "Actual Rows": 281248,
                  "Actual Loops": 4,
                  "Filter": "((company_id > 1402) AND (company_type_id = 2))",
                  "Rows Removed by Filter": 371034
                }
              ]
            }
          ]
        }
      ]
    },
    "Planning Time": 0.106,
    "Triggers": [],
    "Execution Time": 112.048
  }
]