[
  {
    "Plan": {
      "Node Type": "Aggregate",
      "Strategy": "Plain",
      "Partial Mode": "Finalize",
      "Parallel Aware": false,
      "Startup Cost": 33185.88,
      "Total Cost": 33185.89,
      "Plan Rows": 1,
      "Plan Width": 8,
      "Actual Startup Time": 102.454,
      "Actual Total Time": 110.14,
      "Actual Rows": 1,
      "Actual Loops": 1,
      "Plans": [
        {
          "Node Type": "Gather",
          "Parent Relationship": "Outer",
          "Parallel Aware": false,
          "Startup Cost": 33185.56,
          "Total Cost": 33185.87,
          "Plan Rows": 3,
          "Plan Width": 8,
          "Actual Startup Time": 102.324,
          "Actual Total Time": 110.132,
          "Actual Rows": 4,
          "Actual Loops": 1,
          "Workers Planned": 3,
          "Workers Launched": 3,
          "Single Copy": false,
          "Plans": [
            {
              "Node Type": "Aggregate",
              "Strategy": "Plain",
              "Partial Mode": "Partial",
              "Parent Relationship": "Outer",
              "Parallel Aware": false,
              "Startup Cost": 32185.56,
              "Total Cost": 32185.57,
              "Plan Rows": 1,
              "Plan Width": 8,
              "Actual Startup Time": 94.907,
              "Actual Total Time": 94.908,
              "Actual Rows": 1,
              "Actual Loops": 4,
              "Plans": [
                {
                  "Node Type": "Seq Scan",
                  "Parent Relationship": "Outer",
                  "Parallel Aware": true,
                  "Relation Name": "movie_companies",
                  "Alias": "mc",
                  "Startup Cost": 0.0,
                  "Total Cost": 31414.82,
                  "Plan Rows": 308298,
                  "Plan Width": 0,
                  "Actual Startup Time": 49.796,
                  "Actual Total Time": 84.332,
                  "Actual Rows": 281248,
                  "Actual Loops": 4,
                  "Filter": "((company_id > 1402) AND (company_type_id = 2))",
                  "Rows Removed by Filter": 371034
                }
              ]
            }
          ]
        }
      ]
    },
    "Planning Time": 0.218,
    "Triggers": [],
    "Execution Time": 110.195
  }
]