[
  {
    "Plan": {
      "Node Type": "Aggregate",
      "Strategy": "Plain",
      "Partial Mode": "Finalize",
      "Parallel Aware": false,
      "Startup Cost": 344958.71,
      "Total Cost": 344958.72,
      "Plan Rows": 1,
      "Plan Width": 8,
      "Actual Startup Time": 448.067,
      "Actual Total Time": 482.015,
      "Actual Rows": 1,
      "Actual Loops": 1,
      "Plans": [
        {
          "Node Type": "Gather",
          "Parent Relationship": "Outer",
          "Parallel Aware": false,
          "Startup Cost": 344958.09,
          "Total Cost": 344958.7,
          "Plan Rows": 6,
          "Plan Width": 8,
          "Actual Startup Time": 447.929,
          "Actual Total Time": 482.005,
          "Actual Rows": 7,
          "Actual Loops": 1,
          "Workers Planned": 6,
          "Workers Launched": 6,
          "Single Copy": false,
          "Plans": [
            {
              "Node Type": "Aggregate",
              "Strategy": "Plain",
              "Partial Mode": "Partial",
              "Parent Relationship": "Outer",
              "Parallel Aware": false,
              "Startup Cost": 343958.09,
              "Total Cost": 343958.1,
              "Plan Rows": 1,
              "Plan Width": 8,
              "Actual Startup Time": 438.376,
              "Actual Total Time": 438.377,
              "Actual Rows": 1,
              "Actual Loops": 7,
              "Plans": [
                {
                  "Node Type": "Index Scan",
                  "Parent Relationship": "Outer",
                  "Parallel Aware": true,
                  "Scan Direction": "Forward",
                  "Index Name": "role_id_cast_info",
                  "Relation Name": "cast_info",
                  "Alias": "ci",
                  "Startup Cost": 0.56,
                  "Total Cost": 341155.22,
                  "Plan Rows": 1121148,
                  "Plan Width": 0,
                  "Actual Startup Time": 426.341,
                  "Actual Total Time": 436.087,
                  "Actual Rows": 38124,
                  "Actual Loops": 7,
                  "Index Cond": "(role_id = 1)",
                  "Rows Removed by Index Recheck": 0,
                  "Filter": "(person_id > 1700464)",
                  "Rows Removed by Filter": 1771975
                }
              ]
            }
          ]
        }
      ]
    },
    "Planning Time": 0.156,
    "Triggers": [],
    "Execution Time": 482.073
  }
]