[
  {
    "Plan": {
      "Node Type": "Aggregate",
      "Strategy": "Plain",
      "Partial Mode": "Finalize",
      "Parallel Aware": false,
      "Startup Cost": 86498.3,
      "Total Cost": 86498.31,
      "Plan Rows": 1,
      "Plan Width": 8,
      "Actual Startup Time": 220.03,
      "Actual Total Time": 238.742,
      "Actual Rows": 1,
      "Actual Loops": 1,
      "Plans": [
        {
          "Node Type": "Gather",
          "Parent Relationship": "Outer",
          "Parallel Aware": false,
          "Startup Cost": 86497.88,
          "Total Cost": 86498.29,
          "Plan Rows": 4,
          "Plan Width": 8,
          "Actual Startup Time": 219.788,
          "Actual Total Time": 238.732,
          "Actual Rows": 5,
          "Actual Loops": 1,
          "Workers Planned": 4,
          "Workers Launched": 4,
          "Single Copy": false,
          "Plans": [
            {
              "Node Type": "Aggregate",
              "Strategy": "Plain",
              "Partial Mode": "Partial",
              "Parent Relationship": "Outer",
              "Parallel Aware": false,
              "Startup Cost": 85497.88,
              "Total Cost": 85497.89,
              "Plan Rows": 1,
              "Plan Width": 8,
              "Actual Startup Time": 212.1,
              "Actual Total Time": 212.102,
              "Actual Rows": 1,
              "Actual Loops": 5,
              "Plans": [
                {
                  "Node Type": "Nested Loop",
                  "Parent Relationship": "Outer",
                  "Parallel Aware": false,
                  "Join Type": "Inner",
                  "Startup Cost": 0.86,
                  "Total Cost": 85478.92,
                  "Plan Rows": 7586,
                  "Plan Width": 0,
                  "Actual Startup Time": 0.918,
                  "Actual Total Time": 203.383,
                  "Actual Rows": 177827,
                  "Actual Loops": 5,
                  "Inner Unique": false,
                  "Join Filter": "(t.id = mk.movie_id)",
                  "Rows Removed by Join Filter": 0,
                  "Plans": [
                    {
                      "Node Type": "Nested Loop",
                      "Parent Relationship": "Outer",
                      "Parallel Aware": false,
                      "Join Type": "Inner",
                      "Startup Cost": 0.43,
                      "Total Cost": 76265.38,
                      "Plan Rows": 4680,
                      "Plan Width": 8,
                      "Actual Startup Time": 0.509,
                      "Actual Total Time": 116.157,
                      "Actual Rows": 7660,
                      "Actual Loops": 5,
                      "Inner Unique": false,
                      "Plans": [
                        {
                          "Node Type": "Seq Scan",
                          "Parent Relationship": "Outer",
                          "Parallel Aware": true,
                          "Relation Name": "title",
                          "Alias": "t",
                          "Startup Cost": 0.0,
                          "Total Cost": 45479.59,
                          "Plan Rows": 5911,
                          "Plan Width": 4,
                          "Actual Startup Time": 0.116,
                          "Actual Total Time": 78.573,
                          "Actual Rows": 4127,
                          "Actual Loops": 5,
                          "Filter": "((kind_id < 7) AND (production_year = 2002))",
                          "Rows Removed by Filter": 501536
                        },
                        {
                          "Node Type": "Index Scan",
                          "Parent Relationship": "Inner",
                          "Parallel Aware": false,
                          "Scan Direction": "Forward",
                          "Index Name": "movie_id_movie_companies",
                          "Relation Name": "movie_companies",
                          "Alias": "mc",
                          "Startup Cost": 0.43,
                          "Total Cost": 5.17,
                          "Plan Rows": 4,
                          "Plan Width": 4,
                          "Actual Startup Time": 0.007,
                          "Actual Total Time": 0.008,
                          "Actual Rows": 2,
                          "Actual Loops": 20633,
                          "Index Cond": "(movie_id = t.id)",
                          "Rows Removed by Index Recheck": 0,
                          "Filter": "(company_id > 687)",
                          "Rows Removed by Filter": 0
                        }
                      ]
                    },
                    {
                      "Node Type": "Index Scan",
                      "Parent Relationship": "Inner",
                      "Parallel Aware": false,
                      "Scan Direction": "Forward",
                      "Index Name": "movie_id_movie_keyword",
                      "Relation Name": "movie_keyword",
                      "Alias": "mk",
                      "Startup Cost": 0.43,
                      "Total Cost": 1.44,
                      "Plan Rows": 42,
                      "Plan Width": 4,
                      "Actual Startup Time": 0.005,
                      "Actual Total Time": 0.009,
                      "Actual Rows": 23,
                      "Actual Loops": 38301,
                      "Index Cond": "(movie_id = mc.movie_id)",
                      "Rows Removed by Index Recheck": 0,
                      "Filter": "(keyword_id < 41429)",
                      "Rows Removed by Filter": 2
                    }
                  ]
                }
              ]
            }
          ]
        }
      ]
    },
    "Planning Time": 0.942,
    "Triggers": [],
    "Execution Time": 238.786
  }
]