[
  {
    "Plan": {
      "Node Type": "Aggregate",
      "Strategy": "Plain",
      "Partial Mode": "Finalize",
      "Parallel Aware": false,
      "Startup Cost": 10585.55,
      "Total Cost": 10585.56,
      "Plan Rows": 1,
      "Plan Width": 8,
      "Actual Startup Time": 39.055,
      "Actual Total Time": 41.773,
      "Actual Rows": 1,
      "Actual Loops": 1,
      "Plans": [
        {
          "Node Type": "Gather",
          "Parent Relationship": "Outer",
          "Parallel Aware": false,
          "Startup Cost": 10585.23,
          "Total Cost": 10585.54,
          "Plan Rows": 3,
          "Plan Width": 8,
          "Actual Startup Time": 38.999,
          "Actual Total Time": 41.766,
          "Actual Rows": 4,
          "Actual Loops": 1,
          "Workers Planned": 3,
          "Workers Launched": 3,
          "Single Copy": false,
          "Plans": [
            {
              "Node Type": "Aggregate",
              "Strategy": "Plain",
              "Partial Mode": "Partial",
              "Parent Relationship": "Outer",
              "Parallel Aware": false,
              "Startup Cost": 9585.23,
              "Total Cost": 9585.24,
              "Plan Rows": 1,
              "Plan Width": 8,
              "Actual Startup Time": 30.315,
              "Actual Total Time": 30.316,
              "Actual Rows": 1,
              "Actual Loops": 4,
              "Plans": [
                {
                  "Node Type": "Index Scan",
                  "Parent Relationship": "Outer",
                  "Parallel Aware": true,
                  "Scan Direction": "Forward",
                  "Index Name": "role_id_cast_info",
                  "Relation Name": "cast_info",
                  "Alias": "ci",
                  "Startup Cost": 0.56,
                  "Total Cost": 9367.76,
                  "Plan Rows": 86987,
                  "Plan Width": 0,
                  "Actual Startup Time": 0.216,
                  "Actual Total Time": 28.18,
                  "Actual Rows": 18642,
                  "Actual Loops": 4,
                  "Index Cond": "(role_id = 7)",
                  "Rows Removed by Index Recheck": 0,
                  "Filter": "(person_id < 3047726)",
                  "Rows Removed by Filter": 50459
                }
              ]
            }
          ]
        }
      ]
    },
    "Planning Time": 0.201,
    "Triggers": [],
    "Execution Time": 41.83
  }
]