[
  {
    "Plan": {
      "Node Type": "Aggregate",
      "Strategy": "Plain",
      "Partial Mode": "Finalize",
      "Parallel Aware": false,
      "Startup Cost": 134706.3,
      "Total Cost": 134706.31,
      "Plan Rows": 1,
      "Plan Width": 8,
      "Actual Startup Time": 1030.932,
      "Actual Total Time": 1051.142,
      "Actual Rows": 1,
      "Actual Loops": 1,
      "Plans": [
        {
          "Node Type": "Gather",
          "Parent Relationship": "Outer",
          "Parallel Aware": false,
          "Startup Cost": 134705.99,
          "Total Cost": 134706.3,
          "Plan Rows": 3,
          "Plan Width": 8,
          "Actual Startup Time": 1021.081,
          "Actual Total Time": 1051.133,
          "Actual Rows": 4,
          "Actual Loops": 1,
          "Workers Planned": 3,
          "Workers Launched": 3,
          "Single Copy": false,
          "Plans": [
            {
              "Node Type": "Aggregate",
              "Strategy": "Plain",
              "Partial Mode": "Partial",
              "Parent Relationship": "Outer",
              "Parallel Aware": false,
              "Startup Cost": 133705.99,
              "Total Cost": 133706.0,
              "Plan Rows": 1,
              "Plan Width": 8,
              "Actual Startup Time": 1008.693,
              "Actual Total Time": 1009.286,
              "Actual Rows": 1,
              "Actual Loops": 4,
              "Plans": [
                {
                  "Node Type": "Hash Join",
                  "Parent Relationship": "Outer",
                  "Parallel Aware": true,
                  "Join Type": "Inner",
                  "Startup Cost": 85916.45,
                  "Total Cost": 132071.13,
                  "Plan Rows": 653944,
                  "Plan Width": 0,
                  "Actual Startup Time": 591.531,
                  "Actual Total Time": 930.299,
                  "Actual Rows": 2021967,
                  "Actual Loops": 4,
                  "Inner Unique": false,
                  "Hash Cond": "(mk.movie_id = t.id)",
                  "Plans": [
                    {
                      "Node Type": "Seq Scan",
                      "Parent Relationship": "Outer",
                      "Parallel Aware": true,
                      "Relation Name": "movie_keyword",
                      "Alias": "mk",
                      "Startup Cost": 0.0,
                      "Total Cost": 39047.32,
                      "Plan Rows": 1459332,
                      "Plan Width": 4,
                      "Actual Startup Time": 0.03,
                      "Actual Total Time": 84.99,
                      "Actual Rows": 1130982,
                      "Actual Loops": 4
                    },
                    {
                      "Node Type": "Hash",
                      "Parent Relationship": "Inner",
                      "Parallel Aware": true,
                      "Startup Cost": 82375.96,
                      "Total Cost": 82375.96,
                      "Plan Rows": 283239,
                      "Plan Width": 8,
                      "Actual Startup Time": 583.752,
                      "Actual Total Time": 584.343,
                      "Actual Rows": 312070,
                      "Actual Loops": 4,
                      "Hash Buckets": 2097152,
                      "Original Hash Buckets": 2097152,
                      "Hash Batches": 1,
                      "Original Hash Batches": 1,
                      "Peak Memory Usage": 65280,
                      "Plans": [
                        {
                          "Node Type": "Hash Join",
                          "Parent Relationship": "Outer",
                          "Parallel Aware": true,
                          "Join Type": "Inner",
                          "Startup Cost": 35983.19,
                          "Total Cost": 82375.96,
                          "Plan Rows": 283239,
                          "Plan Width": 8,
                          "Actual Startup Time": 185.781,
                          "Actual Total Time": 480.305,
                          "Actual Rows": 312070,
                          "Actual Loops": 4,
                          "Inner Unique": false,
                          "Hash Cond": "(t.id = mc.movie_id)",
                          "Plans": [
                            {
                              "Node Type": "Seq Scan",
                              "Parent Relationship": "Outer",
                              "Parallel Aware": true,
                              "Relation Name": "title",
                              "Alias": "t",
                              "Startup Cost": 0.0,
                              "Total Cost": 42318.73,
                              "Plan Rows": 632073,
                              "Plan Width": 4,
                              "Actual Startup Time": 0.014,
                              "Actual Total Time": 75.058,
                              "Actual Rows": 632078,
                              "Actual Loops": 4
                            },
                            {
                              "Node Type": "Hash",
                              "Parent Relationship": "Inner",
                              "Parallel Aware": true,
                              "Startup Cost": 31414.82,
                              "Total Cost": 31414.82,
                              "Plan Rows": 365470,
                              "Plan Width": 4,
                              "Actual Startup Time": 181.858,
                              "Actual Total Time": 181.859,
                              "Actual Rows": 312070,
                              "Actual Loops": 4,
                              "Hash Buckets": 2097152,
                              "Original Hash Buckets": 2097152,
                              "Hash Batches": 1,
                              "Original Hash Batches": 1,
                              "Peak Memory Usage": 65280,
                              "Plans": [
                                {
                                  "Node Type": "Seq Scan",
                                  "Parent Relationship": "Outer",
                                  "Parallel Aware": true,
                                  "Relation Name": "movie_companies",
                                  "Alias": "mc",
                                  "Startup Cost": 0.0,
                                  "Total Cost": 31414.82,
                                  "Plan Rows": 365470,
                                  "Plan Width": 4,
                                  "Actual Startup Time": 47.862,
                                  "Actual Total Time": 90.862,
                                  "Actual Rows": 312070,
                                  "Actual Loops": 4,
                                  "Filter": "((company_id > 219) AND (company_type_id > 1))",
                                  "Rows Removed by Filter": 340212
                                }
                              ]
                            }
                          ]
                        }
                      ]
                    }
                  ]
                }
              ]
            }
          ]
        }
      ]
    },
    "Planning Time": 1.456,
    "Triggers": [],
    "Execution Time": 1051.238
  }
]