[
  {
    "Plan": {
      "Node Type": "Aggregate",
      "Strategy": "Plain",
      "Partial Mode": "Finalize",
      "Parallel Aware": false,
      "Startup Cost": 652936.7,
      "Total Cost": 652936.71,
      "Plan Rows": 1,
      "Plan Width": 8,
      "Actual Startup Time": 4494.548,
      "Actual Total Time": 4574.902,
      "Actual Rows": 1,
      "Actual Loops": 1,
      "Plans": [
        {
          "Node Type": "Gather",
          "Parent Relationship": "Outer",
          "Parallel Aware": false,
          "Startup Cost": 652936.08,
          "Total Cost": 652936.69,
          "Plan Rows": 6,
          "Plan Width": 8,
          "Actual Startup Time": 4476.367,
          "Actual Total Time": 4574.864,
          "Actual Rows": 7,
          "Actual Loops": 1,
          "Workers Planned": 6,
          "Workers Launched": 6,
          "Single Copy": false,
          "Plans": [
            {
              "Node Type": "Aggregate",
              "Strategy": "Plain",
              "Partial Mode": "Partial",
              "Parent Relationship": "Outer",
              "Parallel Aware": false,
              "Startup Cost": 651936.08,
              "Total Cost": 651936.09,
              "Plan Rows": 1,
              "Plan Width": 8,
              "Actual Startup Time": 4443.297,
              "Actual Total Time": 4443.781,
              "Actual Rows": 1,
              "Actual Loops": 7,
              "Plans": [
                {
                  "Node Type": "Hash Join",
                  "Parent Relationship": "Outer",
                  "Parallel Aware": true,
                  "Join Type": "Inner",
                  "Startup Cost": 260622.87,
                  "Total Cost": 621075.32,
                  "Plan Rows": 12344304,
                  "Plan Width": 0,
                  "Actual Startup Time": 1297.576,
                  "Actual Total Time": 4090.343,
                  "Actual Rows": 7737751,
                  "Actual Loops": 7,
                  "Inner Unique": false,
                  "Hash Cond": "(ci.movie_id = t.id)",
                  "Plans": [
                    {
                      "Node Type": "Seq Scan",
                      "Parent Relationship": "Outer",
                      "Parallel Aware": true,
                      "Relation Name": "cast_info",
                      "Alias": "ci",
                      "Startup Cost": 0.0,
                      "Total Cost": 313106.51,
                      "Plan Rows": 6041951,
                      "Plan Width": 4,
                      "Actual Startup Time": 0.038,
                      "Actual Total Time": 571.534,
                      "Actual Rows": 5177763,
                      "Actual Loops": 7
                    },
                    {
                      "Node Type": "Hash",
                      "Parent Relationship": "Inner",
                      "Parallel Aware": true,
                      "Startup Cost": 247708.32,
                      "Total Cost": 247708.32,
                      "Plan Rows": 1033164,
                      "Plan Width": 8,
                      "Actual Startup Time": 1287.134,
                      "Actual Total Time": 1287.616,
                      "Actual Rows": 296093,
                      "Actual Loops": 7,
                      "Hash Buckets": 8388608,
                      "Original Hash Buckets": 8388608,
                      "Hash Batches": 1,
                      "Original Hash Batches": 1,
                      "Peak Memory Usage": 146720,
                      "Plans": [
                        {
                          "Node Type": "Hash Join",
                          "Parent Relationship": "Outer",
                          "Parallel Aware": true,
                          "Join Type": "Inner",
                          "Startup Cost": 48228.91,
                          "Total Cost": 247708.32,
                          "Plan Rows": 1033164,
                          "Plan Width": 8,
                          "Actual Startup Time": 166.097,
                          "Actual Total Time": 1103.327,
                          "Actual Rows": 296093,
                          "Actual Loops": 7,
                          "Inner Unique": true,
                          "Hash Cond": "(mi.movie_id = t.id)",
                          "Plans": [
                            {
                              "Node Type": "Seq Scan",
                              "Parent Relationship": "Outer",
                              "Parallel Aware": true,
                              "Relation Name": "movie_info",
                              "Alias": "mi",
                              "Startup Cost": 0.0,
                              "Total Cost": 191685.19,
                              "Plan Rows": 2969219,
                              "Plan Width": 4,
                              "Actual Startup Time": 0.038,
                              "Actual Total Time": 343.492,
                              "Actual Rows": 2119389,
                              "Actual Loops": 7
                            },
                            {
                              "Node Type": "Hash",
                              "Parent Relationship": "Inner",
                              "Parallel Aware": true,
                              "Startup Cost": 45479.59,
                              "Total Cost": 45479.59,
                              "Plan Rows": 219946,
                              "Plan Width": 4,
                              "Actual Startup Time": 163.76,
                              "Actual Total Time": 163.762,
                              "Actual Rows": 136757,
                              "Actual Loops": 7,
                              "Hash Buckets": 1048576,
                              "Original Hash Buckets": 1048576,
                              "Hash Batches": 1,
                              "Original Hash Batches": 1,
                              "Peak Memory Usage": 45760,
                              "Plans": [
                                {
                                  "Node Type": "Seq Scan",
                                  "Parent Relationship": "Outer",
                                  "Parallel Aware": true,
                                  "Relation Name": "title",
                                  "Alias": "t",
                                  "Startup Cost": 0.0,
                                  "Total Cost": 45479.59,
                                  "Plan Rows": 219946,
                                  "Plan Width": 4,
                                  "Actual Startup Time": 0.064,
                                  "Actual Total Time": 92.049,
                                  "Actual Rows": 136757,
                                  "Actual Loops": 7,
                                  "Filter": "((production_year > 1999) AND (kind_id = 7))",
                                  "Rows Removed by Filter": 224430
                                }
                              ]
                            }
                          ]
                        }
                      ]
                    }
                  ]
                }
              ]
            }
          ]
        }
      ]
    },
    "Planning Time": 1.292,
    "Triggers": [],
    "Execution Time": 4575.001
  }
]