[
  {
    "Plan": {
      "Node Type": "Aggregate",
      "Strategy": "Plain",
      "Partial Mode": "Finalize",
      "Parallel Aware": false,
      "Startup Cost": 146004.04,
      "Total Cost": 146004.05,
      "Plan Rows": 1,
      "Plan Width": 8,
      "Actual Startup Time": 2100.531,
      "Actual Total Time": 2142.451,
      "Actual Rows": 1,
      "Actual Loops": 1,
      "Plans": [
        {
          "Node Type": "Gather",
          "Parent Relationship": "Outer",
          "Parallel Aware": false,
          "Startup Cost": 146003.72,
          "Total Cost": 146004.03,
          "Plan Rows": 3,
          "Plan Width": 8,
          "Actual Startup Time": 2082.393,
          "Actual Total Time": 2142.438,
          "Actual Rows": 4,
          "Actual Loops": 1,
          "Workers Planned": 3,
          "Workers Launched": 3,
          "Single Copy": false,
          "Plans": [
            {
              "Node Type": "Aggregate",
              "Strategy": "Plain",
              "Partial Mode": "Partial",
              "Parent Relationship": "Outer",
              "Parallel Aware": false,
              "Startup Cost": 145003.72,
              "Total Cost": 145003.73,
              "Plan Rows": 1,
              "Plan Width": 8,
              "Actual Startup Time": 2065.927,
              "Actual Total Time": 2066.873,
              "Actual Rows": 1,
              "Actual Loops": 4,
              "Plans": [
                {
                  "Node Type": "Hash Join",
                  "Parent Relationship": "Outer",
                  "Parallel Aware": true,
                  "Join Type": "Inner",
                  "Startup Cost": 90156.96,
                  "Total Cost": 141758.17,
                  "Plan Rows": 1298222,
                  "Plan Width": 0,
                  "Actual Startup Time": 940.5,
                  "Actual Total Time": 1724.859,
                  "Actual Rows": 7453414,
                  "Actual Loops": 4,
                  "Inner Unique": false,
                  "Hash Cond": "(mk.movie_id = t.id)",
                  "Plans": [
                    {
                      "Node Type": "Seq Scan",
                      "Parent Relationship": "Outer",
                      "Parallel Aware": true,
                      "Relation Name": "movie_keyword",
                      "Alias": "mk",
                      "Startup Cost": 0.0,
                      "Total Cost": 42695.65,
                      "Plan Rows": 1258065,
                      "Plan Width": 4,
                      "Actual Startup Time": 0.04,
                      "Actual Total Time": 118.887,
                      "Actual Rows": 974980,
                      "Actual Loops": 4,
                      "Filter": "(keyword_id < 29329)",
                      "Rows Removed by Filter": 156003
                    },
                    {
                      "Node Type": "Hash",
                      "Parent Relationship": "Inner",
                      "Parallel Aware": true,
                      "Startup Cost": 79636.27,
                      "Total Cost": 79636.27,
                      "Plan Rows": 841655,
                      "Plan Width": 8,
                      "Actual Startup Time": 929.388,
                      "Actual Total Time": 930.332,
                      "Actual Rows": 652282,
                      "Actual Loops": 4,
                      "Hash Buckets": 4194304,
                      "Original Hash Buckets": 4194304,
                      "Hash Batches": 1,
                      "Original Hash Batches": 1,
                      "Peak Memory Usage": 134912,
                      "Plans": [
                        {
                          "Node Type": "Hash Join",
                          "Parent Relationship": "Outer",
                          "Parallel Aware": true,
                          "Join Type": "Inner",
                          "Startup Cost": 50220.38,
                          "Total Cost": 79636.27,
                          "Plan Rows": 841655,
                          "Plan Width": 8,
                          "Actual Startup Time": 368.805,
                          "Actual Total Time": 690.303,
                          "Actual Rows": 652282,
                          "Actual Loops": 4,
                          "Inner Unique": true,
                          "Hash Cond": "(mc.movie_id = t.id)",
                          "Plans": [
                            {
                              "Node Type": "Seq Scan",
                              "Parent Relationship": "Outer",
                              "Parallel Aware": true,
                              "Relation Name": "movie_companies",
                              "Alias": "mc",
                              "Startup Cost": 0.0,
                              "Total Cost": 27206.55,
                              "Plan Rows": 841655,
                              "Plan Width": 4,
                              "Actual Startup Time": 0.012,
                              "Actual Total Time": 64.965,
                              "Actual Rows": 652282,
                              "Actual Loops": 4
                            },
                            {
                              "Node Type": "Hash",
                              "Parent Relationship": "Inner",
                              "Parallel Aware": true,
                              "Startup Cost": 42319.06,
                              "Total Cost": 42319.06,
                              "Plan Rows": 632106,
                              "Plan Width": 4,
                              "Actual Startup Time": 361.39,
                              "Actual Total Time": 361.391,
                              "Actual Rows": 632078,
                              "Actual Loops": 4,
                              "Hash Buckets": 4194304,
                              "Original Hash Buckets": 4194304,
                              "Hash Batches": 1,
                              "Original Hash Batches": 1,
                              "Peak Memory Usage": 131744,
                              "Plans": [
                                {
                                  "Node Type": "Seq Scan",
                                  "Parent Relationship": "Outer",
                                  "Parallel Aware": true,
                                  "Relation Name": "title",
                                  "Alias": "t",
                                  "Startup Cost": 0.0,
                                  "Total Cost": 42319.06,
                                  "Plan Rows": 632106,
                                  "Plan Width": 4,
                                  "Actual Startup Time": 0.056,
                                  "Actual Total Time": 101.846,
                                  "Actual Rows": 632078,
                                  "Actual Loops": 4
                                }
                              ]
                            }
                          ]
                        }
                      ]
                    }
                  ]
                }
              ]
            }
          ]
        }
      ]
    },
    "Planning Time": 1.257,
    "Triggers": [],
    "Execution Time": 2142.522
  }
]