{
    "Plan": {
        "Node Type": "Aggregate",
        "Strategy": "Plain",
        "Partial Mode": "Finalize",
        "Parallel Aware": false,
        "Startup Cost": 737099.34,
        "Total Cost": 737099.35,
        "Plan Rows": 1,
        "Plan Width": 8,
        "Actual Startup Time": 13219.345,
        "Actual Total Time": 13344.45,
        "Actual Rows": 1,
        "Actual Loops": 1,
        "Output": [
            "count(*)"
        ],
        "Plans": [
            {
                "Node Type": "Gather",
                "Parent Relationship": "Outer",
                "Parallel Aware": false,
                "Startup Cost": 737098.72,
                "Total Cost": 737099.33,
                "Plan Rows": 6,
                "Plan Width": 8,
                "Actual Startup Time": 13075.611,
                "Actual Total Time": 13344.436,
                "Actual Rows": 7,
                "Actual Loops": 1,
                "Output": [
                    "(PARTIAL count(*))"
                ],
                "Workers Planned": 6,
                "Workers Launched": 6,
                "Single Copy": false,
                "Plans": [
                    {
                        "Node Type": "Aggregate",
                        "Strategy": "Plain",
                        "Partial Mode": "Partial",
                        "Parent Relationship": "Outer",
                        "Parallel Aware": false,
                        "Startup Cost": 736098.72,
                        "Total Cost": 736098.73,
                        "Plan Rows": 1,
                        "Plan Width": 8,
                        "Actual Startup Time": 13011.148,
                        "Actual Total Time": 13011.155,
                        "Actual Rows": 1,
                        "Actual Loops": 7,
                        "Output": [
                            "PARTIAL count(*)"
                        ],
                        "Workers": [
                            {
                                "Worker Number": 0,
                                "Actual Startup Time": 13001.006,
                                "Actual Total Time": 13001.012,
                                "Actual Rows": 1,
                                "Actual Loops": 1
                            },
                            {
                                "Worker Number": 1,
                                "Actual Startup Time": 13001.169,
                                "Actual Total Time": 13001.174,
                                "Actual Rows": 1,
                                "Actual Loops": 1
                            },
                            {
                                "Worker Number": 2,
                                "Actual Startup Time": 13001.168,
                                "Actual Total Time": 13001.172,
                                "Actual Rows": 1,
                                "Actual Loops": 1
                            },
                            {
                                "Worker Number": 3,
                                "Actual Startup Time": 13001.106,
                                "Actual Total Time": 13001.112,
                                "Actual Rows": 1,
                                "Actual Loops": 1
                            },
                            {
                                "Worker Number": 4,
                                "Actual Startup Time": 13000.845,
                                "Actual Total Time": 13000.849,
                                "Actual Rows": 1,
                                "Actual Loops": 1
                            },
                            {
                                "Worker Number": 5,
                                "Actual Startup Time": 13000.934,
                                "Actual Total Time": 13000.938,
                                "Actual Rows": 1,
                                "Actual Loops": 1
                            }
                        ],
                        "Plans": [
                            {
                                "Node Type": "Hash Join",
                                "Parent Relationship": "Outer",
                                "Parallel Aware": true,
                                "Join Type": "Inner",
                                "Startup Cost": 286357.17,
                                "Total Cost": 681562.29,
                                "Plan Rows": 21814570,
                                "Plan Width": 0,
                                "Actual Startup Time": 2537.933,
                                "Actual Total Time": 11309.15,
                                "Actual Rows": 40245832,
                                "Actual Loops": 7,
                                "Inner Unique": false,
                                "Hash Cond": "(ci.movie_id = t.id)",
                                "Workers": [
                                    {
                                        "Worker Number": 0,
                                        "Actual Startup Time": 2529.98,
                                        "Actual Total Time": 11380.688,
                                        "Actual Rows": 38417578,
                                        "Actual Loops": 1
                                    },
                                    {
                                        "Worker Number": 1,
                                        "Actual Startup Time": 2529.994,
                                        "Actual Total Time": 11422.228,
                                        "Actual Rows": 39359188,
                                        "Actual Loops": 1
                                    },
                                    {
                                        "Worker Number": 2,
                                        "Actual Startup Time": 2529.963,
                                        "Actual Total Time": 11316.573,
                                        "Actual Rows": 44930454,
                                        "Actual Loops": 1
                                    },
                                    {
                                        "Worker Number": 3,
                                        "Actual Startup Time": 2529.976,
                                        "Actual Total Time": 11333.691,
                                        "Actual Rows": 39315759,
                                        "Actual Loops": 1
                                    },
                                    {
                                        "Worker Number": 4,
                                        "Actual Startup Time": 2529.75,
                                        "Actual Total Time": 11244.395,
                                        "Actual Rows": 42293589,
                                        "Actual Loops": 1
                                    },
                                    {
                                        "Worker Number": 5,
                                        "Actual Startup Time": 2529.716,
                                        "Actual Total Time": 11301.231,
                                        "Actual Rows": 37308616,
                                        "Actual Loops": 1
                                    }
                                ],
                                "Plans": [
                                    {
                                        "Node Type": "Seq Scan",
                                        "Parent Relationship": "Outer",
                                        "Parallel Aware": true,
                                        "Relation Name": "cast_info",
                                        "Schema": "public",
                                        "Alias": "ci",
                                        "Startup Cost": 0.0,
                                        "Total Cost": 328213.62,
                                        "Plan Rows": 3737980,
                                        "Plan Width": 4,
                                        "Actual Startup Time": 0.037,
                                        "Actual Total Time": 646.238,
                                        "Actual Rows": 3189839,
                                        "Actual Loops": 7,
                                        "Output": [
                                            "ci.id",
                                            "ci.person_id",
                                            "ci.movie_id",
                                            "ci.person_role_id",
                                            "ci.note",
                                            "ci.nr_order",
                                            "ci.role_id"
                                        ],
                                        "Filter": "(ci.person_id < 2275874)",
                                        "Rows Removed by Filter": 1987925,
                                        "Workers": [
                                            {
                                                "Worker Number": 0,
                                                "Actual Startup Time": 0.042,
                                                "Actual Total Time": 659.327,
                                                "Actual Rows": 3031095,
                                                "Actual Loops": 1
                                            },
                                            {
                                                "Worker Number": 1,
                                                "Actual Startup Time": 0.04,
                                                "Actual Total Time": 656.648,
                                                "Actual Rows": 3128201,
                                                "Actual Loops": 1
                                            },
                                            {
                                                "Worker Number": 2,
                                                "Actual Startup Time": 0.039,
                                                "Actual Total Time": 671.362,
                                                "Actual Rows": 3592101,
                                                "Actual Loops": 1
                                            },
                                            {
                                                "Worker Number": 3,
                                                "Actual Startup Time": 0.039,
                                                "Actual Total Time": 659.305,
                                                "Actual Rows": 3050962,
                                                "Actual Loops": 1
                                            },
                                            {
                                                "Worker Number": 4,
                                                "Actual Startup Time": 0.041,
                                                "Actual Total Time": 682.423,
                                                "Actual Rows": 3391473,
                                                "Actual Loops": 1
                                            },
                                            {
                                                "Worker Number": 5,
                                                "Actual Startup Time": 0.04,
                                                "Actual Total Time": 672.859,
                                                "Actual Rows": 2952346,
                                                "Actual Loops": 1
                                            }
                                        ]
                                    },
                                    {
                                        "Node Type": "Hash",
                                        "Parent Relationship": "Inner",
                                        "Parallel Aware": true,
                                        "Startup Cost": 249469.43,
                                        "Total Cost": 249469.43,
                                        "Plan Rows": 2951019,
                                        "Plan Width": 8,
                                        "Actual Startup Time": 2521.01,
                                        "Actual Total Time": 2521.015,
                                        "Actual Rows": 2119389,
                                        "Actual Loops": 7,
                                        "Output": [
                                            "t.id",
                                            "mi.movie_id"
                                        ],
                                        "Hash Buckets": 16777216,
                                        "Original Hash Buckets": 16777216,
                                        "Hash Batches": 1,
                                        "Original Hash Batches": 1,
                                        "Peak Memory Usage": 711520,
                                        "Workers": [
                                            {
                                                "Worker Number": 0,
                                                "Actual Startup Time": 2529.205,
                                                "Actual Total Time": 2529.209,
                                                "Actual Rows": 1795877,
                                                "Actual Loops": 1
                                            },
                                            {
                                                "Worker Number": 1,
                                                "Actual Startup Time": 2529.224,
                                                "Actual Total Time": 2529.227,
                                                "Actual Rows": 2286302,
                                                "Actual Loops": 1
                                            },
                                            {
                                                "Worker Number": 2,
                                                "Actual Startup Time": 2529.154,
                                                "Actual Total Time": 2529.156,
                                                "Actual Rows": 2537179,
                                                "Actual Loops": 1
                                            },
                                            {
                                                "Worker Number": 3,
                                                "Actual Startup Time": 2529.238,
                                                "Actual Total Time": 2529.242,
                                                "Actual Rows": 2308076,
                                                "Actual Loops": 1
                                            },
                                            {
                                                "Worker Number": 4,
                                                "Actual Startup Time": 2528.872,
                                                "Actual Total Time": 2528.875,
                                                "Actual Rows": 1886148,
                                                "Actual Loops": 1
                                            },
                                            {
                                                "Worker Number": 5,
                                                "Actual Startup Time": 2528.984,
                                                "Actual Total Time": 2528.987,
                                                "Actual Rows": 1873712,
                                                "Actual Loops": 1
                                            }
                                        ],
                                        "Plans": [
                                            {
                                                "Node Type": "Hash Join",
                                                "Parent Relationship": "Outer",
                                                "Parallel Aware": true,
                                                "Join Type": "Inner",
                                                "Startup Cost": 50219.81,
                                                "Total Cost": 249469.43,
                                                "Plan Rows": 2951019,
                                                "Plan Width": 8,
                                                "Actual Startup Time": 267.867,
                                                "Actual Total Time": 1524.988,
                                                "Actual Rows": 2119389,
                                                "Actual Loops": 7,
                                                "Output": [
                                                    "t.id",
                                                    "mi.movie_id"
                                                ],
                                                "Inner Unique": true,
                                                "Hash Cond": "(mi.movie_id = t.id)",
                                                "Workers": [
                                                    {
                                                        "Worker Number": 0,
                                                        "Actual Startup Time": 267.857,
                                                        "Actual Total Time": 1532.556,
                                                        "Actual Rows": 1795877,
                                                        "Actual Loops": 1
                                                    },
                                                    {
                                                        "Worker Number": 1,
                                                        "Actual Startup Time": 267.833,
                                                        "Actual Total Time": 1528.686,
                                                        "Actual Rows": 2286302,
                                                        "Actual Loops": 1
                                                    },
                                                    {
                                                        "Worker Number": 2,
                                                        "Actual Startup Time": 267.864,
                                                        "Actual Total Time": 1523.879,
                                                        "Actual Rows": 2537179,
                                                        "Actual Loops": 1
                                                    },
                                                    {
                                                        "Worker Number": 3,
                                                        "Actual Startup Time": 267.744,
                                                        "Actual Total Time": 1529.608,
                                                        "Actual Rows": 2308076,
                                                        "Actual Loops": 1
                                                    },
                                                    {
                                                        "Worker Number": 4,
                                                        "Actual Startup Time": 267.901,
                                                        "Actual Total Time": 1534.128,
                                                        "Actual Rows": 1886148,
                                                        "Actual Loops": 1
                                                    },
                                                    {
                                                        "Worker Number": 5,
                                                        "Actual Startup Time": 267.877,
                                                        "Actual Total Time": 1530.998,
                                                        "Actual Rows": 1873712,
                                                        "Actual Loops": 1
                                                    }
                                                ],
                                                "Plans": [
                                                    {
                                                        "Node Type": "Seq Scan",
                                                        "Parent Relationship": "Outer",
                                                        "Parallel Aware": true,
                                                        "Relation Name": "movie_info",
                                                        "Schema": "public",
                                                        "Alias": "mi",
                                                        "Startup Cost": 0.0,
                                                        "Total Cost": 191503.19,
                                                        "Plan Rows": 2951019,
                                                        "Plan Width": 4,
                                                        "Actual Startup Time": 0.036,
                                                        "Actual Total Time": 325.218,
                                                        "Actual Rows": 2119389,
                                                        "Actual Loops": 7,
                                                        "Output": [
                                                            "mi.id",
                                                            "mi.movie_id",
                                                            "mi.info_type_id",
                                                            "mi.info",
                                                            "mi.note"
                                                        ],
                                                        "Workers": [
                                                            {
                                                                "Worker Number": 0,
                                                                "Actual Startup Time": 0.042,
                                                                "Actual Total Time": 348.022,
                                                                "Actual Rows": 1795877,
                                                                "Actual Loops": 1
                                                            },
                                                            {
                                                                "Worker Number": 1,
                                                                "Actual Startup Time": 0.041,
                                                                "Actual Total Time": 322.568,
                                                                "Actual Rows": 2286302,
                                                                "Actual Loops": 1
                                                            },
                                                            {
                                                                "Worker Number": 2,
                                                                "Actual Startup Time": 0.036,
                                                                "Actual Total Time": 320.975,
                                                                "Actual Rows": 2537179,
                                                                "Actual Loops": 1
                                                            },
                                                            {
                                                                "Worker Number": 3,
                                                                "Actual Startup Time": 0.032,
                                                                "Actual Total Time": 324.968,
                                                                "Actual Rows": 2308076,
                                                                "Actual Loops": 1
                                                            },
                                                            {
                                                                "Worker Number": 4,
                                                                "Actual Startup Time": 0.044,
                                                                "Actual Total Time": 355.164,
                                                                "Actual Rows": 1886148,
                                                                "Actual Loops": 1
                                                            },
                                                            {
                                                                "Worker Number": 5,
                                                                "Actual Startup Time": 0.047,
                                                                "Actual Total Time": 354.163,
                                                                "Actual Rows": 1873712,
                                                                "Actual Loops": 1
                                                            }
                                                        ]
                                                    },
                                                    {
                                                        "Node Type": "Hash",
                                                        "Parent Relationship": "Inner",
                                                        "Parallel Aware": true,
                                                        "Startup Cost": 42318.81,
                                                        "Total Cost": 42318.81,
                                                        "Plan Rows": 632080,
                                                        "Plan Width": 4,
                                                        "Actual Startup Time": 264.193,
                                                        "Actual Total Time": 264.194,
                                                        "Actual Rows": 361187,
                                                        "Actual Loops": 7,
                                                        "Output": [
                                                            "t.id"
                                                        ],
                                                        "Hash Buckets": 4194304,
                                                        "Original Hash Buckets": 4194304,
                                                        "Hash Batches": 1,
                                                        "Original Hash Batches": 1,
                                                        "Peak Memory Usage": 131808,
                                                        "Workers": [
                                                            {
                                                                "Worker Number": 0,
                                                                "Actual Startup Time": 267.721,
                                                                "Actual Total Time": 267.723,
                                                                "Actual Rows": 286357,
                                                                "Actual Loops": 1
                                                            },
                                                            {
                                                                "Worker Number": 1,
                                                                "Actual Startup Time": 267.661,
                                                                "Actual Total Time": 267.662,
                                                                "Actual Rows": 341595,
                                                                "Actual Loops": 1
                                                            },
                                                            {
                                                                "Worker Number": 2,
                                                                "Actual Startup Time": 267.711,
                                                                "Actual Total Time": 267.711,
                                                                "Actual Rows": 394299,
                                                                "Actual Loops": 1
                                                            },
                                                            {
                                                                "Worker Number": 3,
                                                                "Actual Startup Time": 267.587,
                                                                "Actual Total Time": 267.589,
                                                                "Actual Rows": 368898,
                                                                "Actual Loops": 1
                                                            },
                                                            {
                                                                "Worker Number": 4,
                                                                "Actual Startup Time": 267.73,
                                                                "Actual Total Time": 267.731,
                                                                "Actual Rows": 301525,
                                                                "Actual Loops": 1
                                                            },
                                                            {
                                                                "Worker Number": 5,
                                                                "Actual Startup Time": 267.63,
                                                                "Actual Total Time": 267.63,
                                                                "Actual Rows": 301076,
                                                                "Actual Loops": 1
                                                            }
                                                        ],
                                                        "Plans": [
                                                            {
                                                                "Node Type": "Seq Scan",
                                                                "Parent Relationship": "Outer",
                                                                "Parallel Aware": true,
                                                                "Relation Name": "title",
                                                                "Schema": "public",
                                                                "Alias": "t",
                                                                "Startup Cost": 0.0,
                                                                "Total Cost": 42318.81,
                                                                "Plan Rows": 632080,
                                                                "Plan Width": 4,
                                                                "Actual Startup Time": 0.073,
                                                                "Actual Total Time": 75.763,
                                                                "Actual Rows": 361187,
                                                                "Actual Loops": 7,
                                                                "Output": [
                                                                    "t.id"
                                                                ],
                                                                "Workers": [
                                                                    {
                                                                        "Worker Number": 0,
                                                                        "Actual Startup Time": 0.085,
                                                                        "Actual Total Time": 79.156,
                                                                        "Actual Rows": 286357,
                                                                        "Actual Loops": 1
                                                                    },
                                                                    {
                                                                        "Worker Number": 1,
                                                                        "Actual Startup Time": 0.095,
                                                                        "Actual Total Time": 76.708,
                                                                        "Actual Rows": 341595,
                                                                        "Actual Loops": 1
                                                                    },
                                                                    {
                                                                        "Worker Number": 2,
                                                                        "Actual Startup Time": 0.067,
                                                                        "Actual Total Time": 76.934,
                                                                        "Actual Rows": 394299,
                                                                        "Actual Loops": 1
                                                                    },
                                                                    {
                                                                        "Worker Number": 3,
                                                                        "Actual Startup Time": 0.096,
                                                                        "Actual Total Time": 75.196,
                                                                        "Actual Rows": 368898,
                                                                        "Actual Loops": 1
                                                                    },
                                                                    {
                                                                        "Worker Number": 4,
                                                                        "Actual Startup Time": 0.076,
                                                                        "Actual Total Time": 80.954,
                                                                        "Actual Rows": 301525,
                                                                        "Actual Loops": 1
                                                                    },
                                                                    {
                                                                        "Worker Number": 5,
                                                                        "Actual Startup Time": 0.079,
                                                                        "Actual Total Time": 81.264,
                                                                        "Actual Rows": 301076,
                                                                        "Actual Loops": 1
                                                                    }
                                                                ]
                                                            }
                                                        ]
                                                    }
                                                ]
                                            }
                                        ]
                                    }
                                ]
                            }
                        ]
                    }
                ]
            }
        ]
    },
    "Planning Time": 1.491,
    "Triggers": [],
    "Execution Time": 13344.542
}