[
    {
        "Bao": {
            "Bao prediction": "NaN",
            "Bao recommended hint": "(no hint)"
        }
    },
    {
        "Plan": {
            "Node Type": "Aggregate",
            "Strategy": "Plain",
            "Partial Mode": "Finalize",
            "Parallel Aware": false,
            "Startup Cost": 42142.65,
            "Total Cost": 42142.66,
            "Plan Rows": 1,
            "Plan Width": 8,
            "Actual Startup Time": 149.294,
            "Actual Total Time": 154.737,
            "Actual Rows": 1,
            "Actual Loops": 1,
            "Output": [
                "count(*)"
            ],
            "Plans": [
                {
                    "Node Type": "Gather",
                    "Parent Relationship": "Outer",
                    "Parallel Aware": false,
                    "Startup Cost": 42142.33,
                    "Total Cost": 42142.64,
                    "Plan Rows": 3,
                    "Plan Width": 8,
                    "Actual Startup Time": 148.948,
                    "Actual Total Time": 154.73,
                    "Actual Rows": 4,
                    "Actual Loops": 1,
                    "Output": [
                        "(PARTIAL count(*))"
                    ],
                    "Workers Planned": 3,
                    "Workers Launched": 3,
                    "Single Copy": false,
                    "Plans": [
                        {
                            "Node Type": "Aggregate",
                            "Strategy": "Plain",
                            "Partial Mode": "Partial",
                            "Parent Relationship": "Outer",
                            "Parallel Aware": false,
                            "Startup Cost": 41142.33,
                            "Total Cost": 41142.34,
                            "Plan Rows": 1,
                            "Plan Width": 8,
                            "Actual Startup Time": 140.318,
                            "Actual Total Time": 140.32,
                            "Actual Rows": 1,
                            "Actual Loops": 4,
                            "Output": [
                                "PARTIAL count(*)"
                            ],
                            "Workers": [
                                {
                                    "Worker Number": 0,
                                    "Actual Startup Time": 137.535,
                                    "Actual Total Time": 137.536,
                                    "Actual Rows": 1,
                                    "Actual Loops": 1
                                },
                                {
                                    "Worker Number": 1,
                                    "Actual Startup Time": 137.583,
                                    "Actual Total Time": 137.585,
                                    "Actual Rows": 1,
                                    "Actual Loops": 1
                                },
                                {
                                    "Worker Number": 2,
                                    "Actual Startup Time": 137.632,
                                    "Actual Total Time": 137.634,
                                    "Actual Rows": 1,
                                    "Actual Loops": 1
                                }
                            ],
                            "Plans": [
                                {
                                    "Node Type": "Bitmap Heap Scan",
                                    "Parent Relationship": "Outer",
                                    "Parallel Aware": true,
                                    "Relation Name": "movie_keyword",
                                    "Schema": "public",
                                    "Alias": "mk",
                                    "Startup Cost": 13588.82,
                                    "Total Cost": 40625.75,
                                    "Plan Rows": 206634,
                                    "Plan Width": 0,
                                    "Actual Startup Time": 47.996,
                                    "Actual Total Time": 130.827,
                                    "Actual Rows": 156862,
                                    "Actual Loops": 4,
                                    "Recheck Cond": "(mk.keyword_id > 29261)",
                                    "Rows Removed by Index Recheck": 0,
                                    "Exact Heap Blocks": 9789,
                                    "Lossy Heap Blocks": 0,
                                    "Workers": [
                                        {
                                            "Worker Number": 0,
                                            "Actual Startup Time": 45.287,
                                            "Actual Total Time": 128.403,
                                            "Actual Rows": 107508,
                                            "Actual Loops": 1
                                        },
                                        {
                                            "Worker Number": 1,
                                            "Actual Startup Time": 45.366,
                                            "Actual Total Time": 128.743,
                                            "Actual Rows": 150640,
                                            "Actual Loops": 1
                                        },
                                        {
                                            "Worker Number": 2,
                                            "Actual Startup Time": 45.477,
                                            "Actual Total Time": 128.63,
                                            "Actual Rows": 106048,
                                            "Actual Loops": 1
                                        }
                                    ],
                                    "Plans": [
                                        {
                                            "Node Type": "Bitmap Index Scan",
                                            "Parent Relationship": "Outer",
                                            "Parallel Aware": false,
                                            "Index Name": "keyword_id_movie_keyword",
                                            "Startup Cost": 0.0,
                                            "Total Cost": 13428.68,
                                            "Plan Rows": 640566,
                                            "Plan Width": 0,
                                            "Actual Startup Time": 52.466,
                                            "Actual Total Time": 52.467,
                                            "Actual Rows": 627448,
                                            "Actual Loops": 1,
                                            "Index Cond": "(mk.keyword_id > 29261)"
                                        }
                                    ]
                                }
                            ]
                        }
                    ]
                }
            ]
        },
        "Planning Time": 199.242,
        "Triggers": [],
        "Execution Time": 154.823
    }
]