[
  {
    "Plan": {
      "Node Type": "Aggregate",
      "Strategy": "Plain",
      "Partial Mode": "Finalize",
      "Parallel Aware": false,
      "Startup Cost": 78673.97,
      "Total Cost": 78673.98,
      "Plan Rows": 1,
      "Plan Width": 8,
      "Actual Startup Time": 178.735,
      "Actual Total Time": 196.178,
      "Actual Rows": 1,
      "Actual Loops": 1,
      "Plans": [
        {
          "Node Type": "Gather",
          "Parent Relationship": "Outer",
          "Parallel Aware": false,
          "Startup Cost": 78673.65,
          "Total Cost": 78673.96,
          "Plan Rows": 3,
          "Plan Width": 8,
          "Actual Startup Time": 178.293,
          "Actual Total Time": 196.17,
          "Actual Rows": 4,
          "Actual Loops": 1,
          "Workers Planned": 3,
          "Workers Launched": 3,
          "Single Copy": false,
          "Plans": [
            {
              "Node Type": "Aggregate",
              "Strategy": "Plain",
              "Partial Mode": "Partial",
              "Parent Relationship": "Outer",
              "Parallel Aware": false,
              "Startup Cost": 77673.65,
              "Total Cost": 77673.66,
              "Plan Rows": 1,
              "Plan Width": 8,
              "Actual Startup Time": 174.096,
              "Actual Total Time": 174.099,
              "Actual Rows": 1,
              "Actual Loops": 4,
              "Plans": [
                {
                  "Node Type": "Hash Join",
                  "Parent Relationship": "Outer",
                  "Parallel Aware": true,
                  "Join Type": "Inner",
                  "Startup Cost": 45717.94,
                  "Total Cost": 77658.55,
                  "Plan Rows": 6042,
                  "Plan Width": 0,
                  "Actual Startup Time": 131.178,
                  "Actual Total Time": 174.003,
                  "Actual Rows": 1856,
                  "Actual Loops": 4,
                  "Inner Unique": true,
                  "Hash Cond": "(mc.movie_id = t.id)",
                  "Plans": [
                    {
                      "Node Type": "Seq Scan",
                      "Parent Relationship": "Outer",
                      "Parallel Aware": true,
                      "Relation Name": "movie_companies",
                      "Alias": "mc",
                      "Startup Cost": 0.0,
                      "Total Cost": 31414.82,
                      "Plan Rows": 200302,
                      "Plan Width": 4,
                      "Actual Startup Time": 30.565,
                      "Actual Total Time": 60.097,
                      "Actual Rows": 99838,
                      "Actual Loops": 4,
                      "Filter": "((company_id < 11141) AND (company_type_id = 2))",
                      "Rows Removed by Filter": 552444
                    },
                    {
                      "Node Type": "Hash",
                      "Parent Relationship": "Inner",
                      "Parallel Aware": true,
                      "Startup Cost": 45479.59,
                      "Total Cost": 45479.59,
                      "Plan Rows": 19068,
                      "Plan Width": 4,
                      "Actual Startup Time": 98.874,
                      "Actual Total Time": 98.875,
                      "Actual Rows": 21027,
                      "Actual Loops": 4,
                      "Hash Buckets": 131072,
                      "Original Hash Buckets": 131072,
                      "Hash Batches": 1,
                      "Original Hash Batches": 1,
                      "Peak Memory Usage": 4384,
                      "Plans": [
                        {
                          "Node Type": "Seq Scan",
                          "Parent Relationship": "Outer",
                          "Parallel Aware": true,
                          "Relation Name": "title",
                          "Alias": "t",
                          "Startup Cost": 0.0,
                          "Total Cost": 45479.59,
                          "Plan Rows": 19068,
                          "Plan Width": 4,
                          "Actual Startup Time": 0.031,
                          "Actual Total Time": 91.4,
                          "Actual Rows": 21027,
                          "Actual Loops": 4,
                          "Filter": "((kind_id = 7) AND (production_year = 2008))",
                          "Rows Removed by Filter": 611051
                        }
                      ]
                    }
                  ]
                }
              ]
            }
          ]
        }
      ]
    },
    "Planning Time": 0.575,
    "Triggers": [],
    "Execution Time": 196.261
  }
]