[
    {
        "Bao": {
            "Bao prediction": "NaN",
            "Bao recommended hint": "(no hint)"
        }
    },
    {
        "Plan": {
            "Node Type": "Aggregate",
            "Strategy": "Plain",
            "Partial Mode": "Finalize",
            "Parallel Aware": false,
            "Startup Cost": 32627.54,
            "Total Cost": 32627.55,
            "Plan Rows": 1,
            "Plan Width": 8,
            "Actual Startup Time": 76.746,
            "Actual Total Time": 82.938,
            "Actual Rows": 1,
            "Actual Loops": 1,
            "Output": [
                "count(*)"
            ],
            "Plans": [
                {
                    "Node Type": "Gather",
                    "Parent Relationship": "Outer",
                    "Parallel Aware": false,
                    "Startup Cost": 32627.22,
                    "Total Cost": 32627.53,
                    "Plan Rows": 3,
                    "Plan Width": 8,
                    "Actual Startup Time": 76.681,
                    "Actual Total Time": 82.932,
                    "Actual Rows": 4,
                    "Actual Loops": 1,
                    "Output": [
                        "(PARTIAL count(*))"
                    ],
                    "Workers Planned": 3,
                    "Workers Launched": 3,
                    "Single Copy": false,
                    "Plans": [
                        {
                            "Node Type": "Aggregate",
                            "Strategy": "Plain",
                            "Partial Mode": "Partial",
                            "Parent Relationship": "Outer",
                            "Parallel Aware": false,
                            "Startup Cost": 31627.22,
                            "Total Cost": 31627.23,
                            "Plan Rows": 1,
                            "Plan Width": 8,
                            "Actual Startup Time": 69.125,
                            "Actual Total Time": 69.126,
                            "Actual Rows": 1,
                            "Actual Loops": 4,
                            "Output": [
                                "PARTIAL count(*)"
                            ],
                            "Workers": [
                                {
                                    "Worker Number": 0,
                                    "Actual Startup Time": 66.696,
                                    "Actual Total Time": 66.697,
                                    "Actual Rows": 1,
                                    "Actual Loops": 1
                                },
                                {
                                    "Worker Number": 1,
                                    "Actual Startup Time": 66.567,
                                    "Actual Total Time": 66.568,
                                    "Actual Rows": 1,
                                    "Actual Loops": 1
                                },
                                {
                                    "Worker Number": 2,
                                    "Actual Startup Time": 66.789,
                                    "Actual Total Time": 66.79,
                                    "Actual Rows": 1,
                                    "Actual Loops": 1
                                }
                            ],
                            "Plans": [
                                {
                                    "Node Type": "Seq Scan",
                                    "Parent Relationship": "Outer",
                                    "Parallel Aware": true,
                                    "Relation Name": "movie_companies",
                                    "Schema": "public",
                                    "Alias": "mc",
                                    "Startup Cost": 0.0,
                                    "Total Cost": 31414.82,
                                    "Plan Rows": 84960,
                                    "Plan Width": 0,
                                    "Actual Startup Time": 39.748,
                                    "Actual Total Time": 67.528,
                                    "Actual Rows": 34198,
                                    "Actual Loops": 4,
                                    "Output": [
                                        "id",
                                        "movie_id",
                                        "company_id",
                                        "company_type_id",
                                        "note"
                                    ],
                                    "Filter": "((mc.company_id < 468) AND (mc.company_type_id = 2))",
                                    "Rows Removed by Filter": 618084,
                                    "Workers": [
                                        {
                                            "Worker Number": 0,
                                            "Actual Startup Time": 37.326,
                                            "Actual Total Time": 65.134,
                                            "Actual Rows": 35563,
                                            "Actual Loops": 1
                                        },
                                        {
                                            "Worker Number": 1,
                                            "Actual Startup Time": 37.179,
                                            "Actual Total Time": 65.074,
                                            "Actual Rows": 20484,
                                            "Actual Loops": 1
                                        },
                                        {
                                            "Worker Number": 2,
                                            "Actual Startup Time": 37.414,
                                            "Actual Total Time": 65.219,
                                            "Actual Rows": 35964,
                                            "Actual Loops": 1
                                        }
                                    ]
                                }
                            ]
                        }
                    ]
                }
            ]
        },
        "Planning Time": 175.553,
        "Triggers": [],
        "Execution Time": 82.985
    }
]