{
  "Plan": {
    "Node Type": "Aggregate",
    "Strategy": "Plain",
    "Partial Mode": "Finalize",
    "Parallel Aware": false,
    "Startup Cost": 178941.74,
    "Total Cost": 178941.75,
    "Plan Rows": 1,
    "Plan Width": 8,
    "Actual Startup Time": 578.069,
    "Actual Total Time": 621.355,
    "Actual Rows": 1,
    "Actual Loops": 1,
    "Plans": [
      {
        "Node Type": "Gather",
        "Parent Relationship": "Outer",
        "Parallel Aware": false,
        "Startup Cost": 178941.63,
        "Total Cost": 178941.74,
        "Plan Rows": 1,
        "Plan Width": 8,
        "Actual Startup Time": 577.694,
        "Actual Total Time": 621.348,
        "Actual Rows": 2,
        "Actual Loops": 1,
        "Workers Planned": 1,
        "Workers Launched": 1,
        "Single Copy": false,
        "Plans": [
          {
            "Node Type": "Aggregate",
            "Strategy": "Plain",
            "Partial Mode": "Partial",
            "Parent Relationship": "Outer",
            "Parallel Aware": false,
            "Startup Cost": 177941.63,
            "Total Cost": 177941.64,
            "Plan Rows": 1,
            "Plan Width": 8,
            "Actual Startup Time": 571.628,
            "Actual Total Time": 571.632,
            "Actual Rows": 1,
            "Actual Loops": 2,
            "Plans": [
              {
                "Node Type": "Nested Loop",
                "Parent Relationship": "Outer",
                "Parallel Aware": false,
                "Join Type": "Inner",
                "Startup Cost": 55544.62,
                "Total Cost": 177457.83,
                "Plan Rows": 193518,
                "Plan Width": 0,
                "Actual Startup Time": 189.985,
                "Actual Total Time": 556.816,
                "Actual Rows": 324908,
                "Actual Loops": 2,
                "Inner Unique": false,
                "Join Filter": "(t.id = mi.movie_id)",
                "Rows Removed by Join Filter": 0,
                "Plans": [
                  {
                    "Node Type": "Hash Join",
                    "Parent Relationship": "Outer",
                    "Parallel Aware": true,
                    "Join Type": "Inner",
                    "Startup Cost": 55544.19,
                    "Total Cost": 95208.68,
                    "Plan Rows": 33095,
                    "Plan Width": 8,
                    "Actual Startup Time": 189.902,
                    "Actual Total Time": 326.197,
                    "Actual Rows": 14208,
                    "Actual Loops": 2,
                    "Inner Unique": true,
                    "Hash Cond": "(mc.movie_id = t.id)",
                    "Plans": [
                      {
                        "Node Type": "Seq Scan",
                        "Parent Relationship": "Outer",
                        "Parallel Aware": true,
                        "Relation Name": "movie_companies",
                        "Alias": "mc",
                        "Startup Cost": 0.0,
                        "Total Cost": 37974.77,
                        "Plan Rows": 643703,
                        "Plan Width": 4,
                        "Actual Startup Time": 0.014,
                        "Actual Total Time": 107.806,
                        "Actual Rows": 545946,
                        "Actual Loops": 2,
                        "Filter": "(company_id < 7314)",
                        "Rows Removed by Filter": 758618
                      },
                      {
                        "Node Type": "Hash",
                        "Parent Relationship": "Inner",
                        "Parallel Aware": true,
                        "Startup Cost": 54588.39,
                        "Total Cost": 54588.39,
                        "Plan Rows": 76464,
                        "Plan Width": 4,
                        "Actual Startup Time": 147.984,
                        "Actual Total Time": 147.985,
                        "Actual Rows": 65162,
                        "Actual Loops": 2,
                        "Hash Buckets": 131072,
                        "Original Hash Buckets": 131072,
                        "Hash Batches": 1,
                        "Original Hash Batches": 1,
                        "Peak Memory Usage": 6144,
                        "Plans": [
                          {
                            "Node Type": "Seq Scan",
                            "Parent Relationship": "Outer",
                            "Parallel Aware": true,
                            "Relation Name": "title",
                            "Alias": "t",
                            "Startup Cost": 0.0,
                            "Total Cost": 54588.39,
                            "Plan Rows": 76464,
                            "Plan Width": 4,
                            "Actual Startup Time": 56.407,
                            "Actual Total Time": 135.161,
                            "Actual Rows": 65162,
                            "Actual Loops": 2,
                            "Filter": "(production_year < 1936)",
                            "Rows Removed by Filter": 1198994
                          }
                        ]
                      }
                    ]
                  },
                  {
                    "Node Type": "Index Only Scan",
                    "Parent Relationship": "Inner",
                    "Parallel Aware": false,
                    "Scan Direction": "Forward",
                    "Index Name": "movie_id_movie_info",
                    "Relation Name": "movie_info",
                    "Alias": "mi",
                    "Startup Cost": 0.43,
                    "Total Cost": 1.96,
                    "Plan Rows": 42,
                    "Plan Width": 4,
                    "Actual Startup Time": 0.004,
                    "Actual Total Time": 0.014,
                    "Actual Rows": 23,
                    "Actual Loops": 28416,
                    "Index Cond": "(movie_id = mc.movie_id)",
                    "Rows Removed by Index Recheck": 0,
                    "Heap Fetches": 649815
                  }
                ]
              }
            ]
          }
        ]
      }
    ]
  },
  "Planning Time": 1.026,
  "Triggers": [],
  "Execution Time": 621.448
}