[
  {
    "Plan": {
      "Node Type": "Aggregate",
      "Strategy": "Plain",
      "Partial Mode": "Finalize",
      "Parallel Aware": false,
      "Startup Cost": 47266.53,
      "Total Cost": 47266.54,
      "Plan Rows": 1,
      "Plan Width": 8,
      "Actual Startup Time": 112.731,
      "Actual Total Time": 124.682,
      "Actual Rows": 1,
      "Actual Loops": 1,
      "Plans": [
        {
          "Node Type": "Gather",
          "Parent Relationship": "Outer",
          "Parallel Aware": false,
          "Startup Cost": 47266.11,
          "Total Cost": 47266.52,
          "Plan Rows": 4,
          "Plan Width": 8,
          "Actual Startup Time": 112.605,
          "Actual Total Time": 124.674,
          "Actual Rows": 5,
          "Actual Loops": 1,
          "Workers Planned": 4,
          "Workers Launched": 4,
          "Single Copy": false,
          "Plans": [
            {
              "Node Type": "Aggregate",
              "Strategy": "Plain",
              "Partial Mode": "Partial",
              "Parent Relationship": "Outer",
              "Parallel Aware": false,
              "Startup Cost": 46266.11,
              "Total Cost": 46266.12,
              "Plan Rows": 1,
              "Plan Width": 8,
              "Actual Startup Time": 106.671,
              "Actual Total Time": 106.672,
              "Actual Rows": 1,
              "Actual Loops": 5,
              "Plans": [
                {
                  "Node Type": "Seq Scan",
                  "Parent Relationship": "Outer",
                  "Parallel Aware": true,
                  "Relation Name": "title",
                  "Alias": "t",
                  "Startup Cost": 0.0,
                  "Total Cost": 45479.1,
                  "Plan Rows": 314805,
                  "Plan Width": 0,
                  "Actual Startup Time": 0.038,
                  "Actual Total Time": 93.029,
                  "Actual Rows": 268123,
                  "Actual Loops": 5,
                  "Filter": "((production_year > 1971) AND (kind_id = 7))",
                  "Rows Removed by Filter": 237539
                }
              ]
            }
          ]
        }
      ]
    },
    "Planning Time": 0.106,
    "Triggers": [],
    "Execution Time": 124.72
  }
]