{
  "Plan": {
    "Node Type": "Aggregate",
    "Strategy": "Plain",
    "Partial Mode": "Finalize",
    "Parallel Aware": false,
    "Startup Cost": 765083.94,
    "Total Cost": 765083.95,
    "Plan Rows": 1,
    "Plan Width": 8,
    "Actual Startup Time": 3346.866,
    "Actual Total Time": 3421.327,
    "Actual Rows": 1,
    "Actual Loops": 1,
    "Plans": [
      {
        "Node Type": "Gather",
        "Parent Relationship": "Outer",
        "Parallel Aware": false,
        "Startup Cost": 765083.83,
        "Total Cost": 765083.94,
        "Plan Rows": 1,
        "Plan Width": 8,
        "Actual Startup Time": 3342.469,
        "Actual Total Time": 3421.319,
        "Actual Rows": 2,
        "Actual Loops": 1,
        "Workers Planned": 1,
        "Workers Launched": 1,
        "Single Copy": false,
        "Plans": [
          {
            "Node Type": "Aggregate",
            "Strategy": "Plain",
            "Partial Mode": "Partial",
            "Parent Relationship": "Outer",
            "Parallel Aware": false,
            "Startup Cost": 764083.83,
            "Total Cost": 764083.84,
            "Plan Rows": 1,
            "Plan Width": 8,
            "Actual Startup Time": 3336.142,
            "Actual Total Time": 3336.148,
            "Actual Rows": 1,
            "Actual Loops": 2,
            "Plans": [
              {
                "Node Type": "Hash Join",
                "Parent Relationship": "Outer",
                "Parallel Aware": true,
                "Join Type": "Inner",
                "Startup Cost": 134208.31,
                "Total Cost": 756840.82,
                "Plan Rows": 2897202,
                "Plan Width": 0,
                "Actual Startup Time": 667.992,
                "Actual Total Time": 3282.26,
                "Actual Rows": 1377888,
                "Actual Loops": 2,
                "Inner Unique": false,
                "Hash Cond": "(ci.movie_id = t.id)",
                "Plans": [
                  {
                    "Node Type": "Seq Scan",
                    "Parent Relationship": "Outer",
                    "Parallel Aware": true,
                    "Relation Name": "cast_info",
                    "Alias": "ci",
                    "Startup Cost": 0.0,
                    "Total Cost": 572345.93,
                    "Plan Rows": 8865122,
                    "Plan Width": 4,
                    "Actual Startup Time": 0.017,
                    "Actual Total Time": 1682.797,
                    "Actual Rows": 8315564,
                    "Actual Loops": 2,
                    "Filter": "((person_id < 1717716) AND (role_id < 10))",
                    "Rows Removed by Filter": 9806608
                  },
                  {
                    "Node Type": "Hash",
                    "Parent Relationship": "Inner",
                    "Parallel Aware": true,
                    "Startup Cost": 128132.79,
                    "Total Cost": 128132.79,
                    "Plan Rows": 486041,
                    "Plan Width": 8,
                    "Actual Startup Time": 659.061,
                    "Actual Total Time": 659.064,
                    "Actual Rows": 91986,
                    "Actual Loops": 2,
                    "Hash Buckets": 1048576,
                    "Original Hash Buckets": 1048576,
                    "Hash Batches": 1,
                    "Original Hash Batches": 1,
                    "Peak Memory Usage": 15392,
                    "Plans": [
                      {
                        "Node Type": "Hash Join",
                        "Parent Relationship": "Outer",
                        "Parallel Aware": true,
                        "Join Type": "Inner",
                        "Startup Cost": 67956.79,
                        "Total Cost": 128132.79,
                        "Plan Rows": 486041,
                        "Plan Width": 8,
                        "Actual Startup Time": 356.999,
                        "Actual Total Time": 634.737,
                        "Actual Rows": 91986,
                        "Actual Loops": 2,
                        "Inner Unique": true,
                        "Hash Cond": "(mk.movie_id = t.id)",
                        "Plans": [
                          {
                            "Node Type": "Seq Scan",
                            "Parent Relationship": "Outer",
                            "Parallel Aware": true,
                            "Relation Name": "movie_keyword",
                            "Alias": "mk",
                            "Startup Cost": 0.0,
                            "Total Cost": 57718.19,
                            "Plan Rows": 936309,
                            "Plan Width": 4,
                            "Actual Startup Time": 0.017,
                            "Actual Total Time": 167.655,
                            "Actual Rows": 803094,
                            "Actual Loops": 2,
                            "Filter": "(keyword_id < 2488)",
                            "Rows Removed by Filter": 1458870
                          },
                          {
                            "Node Type": "Hash",
                            "Parent Relationship": "Inner",
                            "Parallel Aware": true,
                            "Startup Cost": 58306.47,
                            "Total Cost": 58306.47,
                            "Plan Rows": 772026,
                            "Plan Width": 4,
                            "Actual Startup Time": 347.29,
                            "Actual Total Time": 347.291,
                            "Actual Rows": 695762,
                            "Actual Loops": 2,
                            "Hash Buckets": 2097152,
                            "Original Hash Buckets": 2097152,
                            "Hash Batches": 1,
                            "Original Hash Batches": 1,
                            "Peak Memory Usage": 70848,
                            "Plans": [
                              {
                                "Node Type": "Seq Scan",
                                "Parent Relationship": "Outer",
                                "Parallel Aware": true,
                                "Relation Name": "title",
                                "Alias": "t",
                                "Startup Cost": 0.0,
                                "Total Cost": 58306.47,
                                "Plan Rows": 772026,
                                "Plan Width": 4,
                                "Actual Startup Time": 0.037,
                                "Actual Total Time": 167.96,
                                "Actual Rows": 695762,
                                "Actual Loops": 2,
                                "Filter": "((production_year > 1965) AND (kind_id = 7))",
                                "Rows Removed by Filter": 568394
                              }
                            ]
                          }
                        ]
                      }
                    ]
                  }
                ]
              }
            ]
          }
        ]
      }
    ]
  },
  "Planning Time": 1.05,
  "Triggers": [],
  "Execution Time": 3421.428
}