{
  "Plan": {
    "Node Type": "Aggregate",
    "Strategy": "Plain",
    "Partial Mode": "Finalize",
    "Parallel Aware": false,
    "Startup Cost": 81917.16,
    "Total Cost": 81917.17,
    "Plan Rows": 1,
    "Plan Width": 8,
    "Actual Startup Time": 77.704,
    "Actual Total Time": 87.435,
    "Actual Rows": 1,
    "Actual Loops": 1,
    "Plans": [
      {
        "Node Type": "Gather",
        "Parent Relationship": "Outer",
        "Parallel Aware": false,
        "Startup Cost": 81917.05,
        "Total Cost": 81917.16,
        "Plan Rows": 1,
        "Plan Width": 8,
        "Actual Startup Time": 77.61,
        "Actual Total Time": 87.429,
        "Actual Rows": 2,
        "Actual Loops": 1,
        "Workers Planned": 1,
        "Workers Launched": 1,
        "Single Copy": false,
        "Plans": [
          {
            "Node Type": "Aggregate",
            "Strategy": "Plain",
            "Partial Mode": "Partial",
            "Parent Relationship": "Outer",
            "Parallel Aware": false,
            "Startup Cost": 80917.05,
            "Total Cost": 80917.06,
            "Plan Rows": 1,
            "Plan Width": 8,
            "Actual Startup Time": 71.709,
            "Actual Total Time": 71.711,
            "Actual Rows": 1,
            "Actual Loops": 2,
            "Plans": [
              {
                "Node Type": "Nested Loop",
                "Parent Relationship": "Outer",
                "Parallel Aware": false,
                "Join Type": "Inner",
                "Startup Cost": 237.71,
                "Total Cost": 80893.2,
                "Plan Rows": 9539,
                "Plan Width": 0,
                "Actual Startup Time": 7.318,
                "Actual Total Time": 69.541,
                "Actual Rows": 36005,
                "Actual Loops": 2,
                "Inner Unique": false,
                "Plans": [
                  {
                    "Node Type": "Bitmap Heap Scan",
                    "Parent Relationship": "Outer",
                    "Parallel Aware": true,
                    "Relation Name": "title",
                    "Alias": "t",
                    "Startup Cost": 237.28,
                    "Total Cost": 26196.62,
                    "Plan Rows": 6767,
                    "Plan Width": 4,
                    "Actual Startup Time": 7.123,
                    "Actual Total Time": 21.036,
                    "Actual Rows": 5952,
                    "Actual Loops": 2,
                    "Recheck Cond": "(kind_id = 6)",
                    "Rows Removed by Index Recheck": 0,
                    "Filter": "(production_year < 2012)",
                    "Rows Removed by Filter": 348,
                    "Exact Heap Blocks": 5813,
                    "Lossy Heap Blocks": 0,
                    "Plans": [
                      {
                        "Node Type": "Bitmap Index Scan",
                        "Parent Relationship": "Outer",
                        "Parallel Aware": false,
                        "Index Name": "kind_id_title",
                        "Startup Cost": 0.0,
                        "Total Cost": 234.4,
                        "Plan Rows": 13063,
                        "Plan Width": 0,
                        "Actual Startup Time": 7.753,
                        "Actual Total Time": 7.754,
                        "Actual Rows": 12600,
                        "Actual Loops": 1,
                        "Index Cond": "(kind_id = 6)"
                      }
                    ]
                  },
                  {
                    "Node Type": "Index Scan",
                    "Parent Relationship": "Inner",
                    "Parallel Aware": false,
                    "Scan Direction": "Forward",
                    "Index Name": "movie_id_movie_keyword",
                    "Relation Name": "movie_keyword",
                    "Alias": "mk",
                    "Startup Cost": 0.43,
                    "Total Cost": 7.72,
                    "Plan Rows": 36,
                    "Plan Width": 4,
                    "Actual Startup Time": 0.006,
                    "Actual Total Time": 0.007,
                    "Actual Rows": 6,
                    "Actual Loops": 11905,
                    "Index Cond": "(movie_id = t.id)",
                    "Rows Removed by Index Recheck": 0,
                    "Filter": "(keyword_id > 905)",
                    "Rows Removed by Filter": 1
                  }
                ]
              }
            ]
          }
        ]
      }
    ]
  },
  "Planning Time": 0.536,
  "Triggers": [],
  "Execution Time": 87.527
}