[
  {
    "Plan": {
      "Node Type": "Aggregate",
      "Strategy": "Plain",
      "Partial Mode": "Finalize",
      "Parallel Aware": false,
      "Startup Cost": 342494.82,
      "Total Cost": 342494.83,
      "Plan Rows": 1,
      "Plan Width": 8,
      "Actual Startup Time": 870.294,
      "Actual Total Time": 914.577,
      "Actual Rows": 1,
      "Actual Loops": 1,
      "Plans": [
        {
          "Node Type": "Gather",
          "Parent Relationship": "Outer",
          "Parallel Aware": false,
          "Startup Cost": 342494.19,
          "Total Cost": 342494.8,
          "Plan Rows": 6,
          "Plan Width": 8,
          "Actual Startup Time": 869.993,
          "Actual Total Time": 914.568,
          "Actual Rows": 7,
          "Actual Loops": 1,
          "Workers Planned": 6,
          "Workers Launched": 6,
          "Single Copy": false,
          "Plans": [
            {
              "Node Type": "Aggregate",
              "Strategy": "Plain",
              "Partial Mode": "Partial",
              "Parent Relationship": "Outer",
              "Parallel Aware": false,
              "Startup Cost": 341494.19,
              "Total Cost": 341494.2,
              "Plan Rows": 1,
              "Plan Width": 8,
              "Actual Startup Time": 862.67,
              "Actual Total Time": 862.671,
              "Actual Rows": 1,
              "Actual Loops": 7,
              "Plans": [
                {
                  "Node Type": "Seq Scan",
                  "Parent Relationship": "Outer",
                  "Parallel Aware": true,
                  "Relation Name": "cast_info",
                  "Alias": "ci",
                  "Startup Cost": 0.0,
                  "Total Cost": 328211.39,
                  "Plan Rows": 5313120,
                  "Plan Width": 0,
                  "Actual Startup Time": 55.889,
                  "Actual Total Time": 647.926,
                  "Actual Rows": 4527914,
                  "Actual Loops": 7,
                  "Filter": "(person_id > 439182)",
                  "Rows Removed by Filter": 649849
                }
              ]
            }
          ]
        }
      ]
    },
    "Planning Time": 0.09,
    "Triggers": [],
    "Execution Time": 914.614
  }
]