[
  {
    "Plan": {
      "Node Type": "Aggregate",
      "Strategy": "Plain",
      "Partial Mode": "Finalize",
      "Parallel Aware": false,
      "Startup Cost": 47332.89,
      "Total Cost": 47332.9,
      "Plan Rows": 1,
      "Plan Width": 8,
      "Actual Startup Time": 175.091,
      "Actual Total Time": 182.473,
      "Actual Rows": 1,
      "Actual Loops": 1,
      "Plans": [
        {
          "Node Type": "Gather",
          "Parent Relationship": "Outer",
          "Parallel Aware": false,
          "Startup Cost": 47332.58,
          "Total Cost": 47332.89,
          "Plan Rows": 3,
          "Plan Width": 8,
          "Actual Startup Time": 174.99,
          "Actual Total Time": 182.466,
          "Actual Rows": 4,
          "Actual Loops": 1,
          "Workers Planned": 3,
          "Workers Launched": 3,
          "Single Copy": false,
          "Plans": [
            {
              "Node Type": "Aggregate",
              "Strategy": "Plain",
              "Partial Mode": "Partial",
              "Parent Relationship": "Outer",
              "Parallel Aware": false,
              "Startup Cost": 46332.58,
              "Total Cost": 46332.59,
              "Plan Rows": 1,
              "Plan Width": 8,
              "Actual Startup Time": 170.047,
              "Actual Total Time": 170.048,
              "Actual Rows": 1,
              "Actual Loops": 4,
              "Plans": [
                {
                  "Node Type": "Seq Scan",
                  "Parent Relationship": "Outer",
                  "Parallel Aware": true,
                  "Relation Name": "movie_keyword",
                  "Alias": "mk",
                  "Startup Cost": 0.0,
                  "Total Cost": 42695.65,
                  "Plan Rows": 1454769,
                  "Plan Width": 0,
                  "Actual Startup Time": 0.037,
                  "Actual Total Time": 121.176,
                  "Actual Rows": 1127968,
                  "Actual Loops": 4,
                  "Filter": "(keyword_id < 123418)",
                  "Rows Removed by Filter": 3014
                }
              ]
            }
          ]
        }
      ]
    },
    "Planning Time": 0.191,
    "Triggers": [],
    "Execution Time": 182.51
  }
]