[
  {
    "Plan": {
      "Node Type": "Aggregate",
      "Strategy": "Plain",
      "Partial Mode": "Finalize",
      "Parallel Aware": false,
      "Startup Cost": 65275.77,
      "Total Cost": 65275.78,
      "Plan Rows": 1,
      "Plan Width": 8,
      "Actual Startup Time": 93.148,
      "Actual Total Time": 107.266,
      "Actual Rows": 1,
      "Actual Loops": 1,
      "Plans": [
        {
          "Node Type": "Gather",
          "Parent Relationship": "Outer",
          "Parallel Aware": false,
          "Startup Cost": 65275.35,
          "Total Cost": 65275.76,
          "Plan Rows": 4,
          "Plan Width": 8,
          "Actual Startup Time": 92.934,
          "Actual Total Time": 107.253,
          "Actual Rows": 5,
          "Actual Loops": 1,
          "Workers Planned": 4,
          "Workers Launched": 4,
          "Single Copy": false,
          "Plans": [
            {
              "Node Type": "Aggregate",
              "Strategy": "Plain",
              "Partial Mode": "Partial",
              "Parent Relationship": "Outer",
              "Parallel Aware": false,
              "Startup Cost": 64275.35,
              "Total Cost": 64275.36,
              "Plan Rows": 1,
              "Plan Width": 8,
              "Actual Startup Time": 87.633,
              "Actual Total Time": 87.635,
              "Actual Rows": 1,
              "Actual Loops": 5,
              "Plans": [
                {
                  "Node Type": "Nested Loop",
                  "Parent Relationship": "Outer",
                  "Parallel Aware": false,
                  "Join Type": "Inner",
                  "Startup Cost": 0.43,
                  "Total Cost": 64274.62,
                  "Plan Rows": 294,
                  "Plan Width": 0,
                  "Actual Startup Time": 2.907,
                  "Actual Total Time": 87.588,
                  "Actual Rows": 248,
                  "Actual Loops": 5,
                  "Inner Unique": false,
                  "Plans": [
                    {
                      "Node Type": "Seq Scan",
                      "Parent Relationship": "Outer",
                      "Parallel Aware": true,
                      "Relation Name": "title",
                      "Alias": "t",
                      "Startup Cost": 0.0,
                      "Total Cost": 45479.59,
                      "Plan Rows": 1398,
                      "Plan Width": 4,
                      "Actual Startup Time": 1.197,
                      "Actual Total Time": 74.795,
                      "Actual Rows": 1048,
                      "Actual Loops": 5,
                      "Filter": "((kind_id < 7) AND (production_year = 1965))",
                      "Rows Removed by Filter": 504615
                    },
                    {
                      "Node Type": "Index Scan",
                      "Parent Relationship": "Inner",
                      "Parallel Aware": false,
                      "Scan Direction": "Forward",
                      "Index Name": "movie_id_movie_companies",
                      "Relation Name": "movie_companies",
                      "Alias": "mc",
                      "Startup Cost": 0.43,
                      "Total Cost": 13.43,
                      "Plan Rows": 1,
                      "Plan Width": 4,
                      "Actual Startup Time": 0.012,
                      "Actual Total Time": 0.012,
                      "Actual Rows": 0,
                      "Actual Loops": 5239,
                      "Index Cond": "(movie_id = t.id)",
                      "Rows Removed by Index Recheck": 0,
                      "Filter": "((company_id < 5979) AND (company_type_id > 1))",
                      "Rows Removed by Filter": 2
                    }
                  ]
                }
              ]
            }
          ]
        }
      ]
    },
    "Planning Time": 0.294,
    "Triggers": [],
    "Execution Time": 107.315
  }
]