{
    "Plan": {
        "Node Type": "Aggregate",
        "Strategy": "Plain",
        "Partial Mode": "Finalize",
        "Parallel Aware": false,
        "Startup Cost": 31595.52,
        "Total Cost": 31595.53,
        "Plan Rows": 1,
        "Plan Width": 8,
        "Actual Startup Time": 123.786,
        "Actual Total Time": 132.395,
        "Actual Rows": 1,
        "Actual Loops": 1,
        "Output": [
            "count(*)"
        ],
        "Plans": [
            {
                "Node Type": "Gather",
                "Parent Relationship": "Outer",
                "Parallel Aware": false,
                "Startup Cost": 31595.2,
                "Total Cost": 31595.51,
                "Plan Rows": 3,
                "Plan Width": 8,
                "Actual Startup Time": 123.681,
                "Actual Total Time": 132.387,
                "Actual Rows": 4,
                "Actual Loops": 1,
                "Output": [
                    "(PARTIAL count(*))"
                ],
                "Workers Planned": 3,
                "Workers Launched": 3,
                "Single Copy": false,
                "Plans": [
                    {
                        "Node Type": "Aggregate",
                        "Strategy": "Plain",
                        "Partial Mode": "Partial",
                        "Parent Relationship": "Outer",
                        "Parallel Aware": false,
                        "Startup Cost": 30595.2,
                        "Total Cost": 30595.21,
                        "Plan Rows": 1,
                        "Plan Width": 8,
                        "Actual Startup Time": 117.849,
                        "Actual Total Time": 117.85,
                        "Actual Rows": 1,
                        "Actual Loops": 4,
                        "Output": [
                            "PARTIAL count(*)"
                        ],
                        "Workers": [
                            {
                                "Worker Number": 0,
                                "Actual Startup Time": 114.815,
                                "Actual Total Time": 114.817,
                                "Actual Rows": 1,
                                "Actual Loops": 1
                            },
                            {
                                "Worker Number": 1,
                                "Actual Startup Time": 115.232,
                                "Actual Total Time": 115.232,
                                "Actual Rows": 1,
                                "Actual Loops": 1
                            },
                            {
                                "Worker Number": 2,
                                "Actual Startup Time": 118.636,
                                "Actual Total Time": 118.637,
                                "Actual Rows": 1,
                                "Actual Loops": 1
                            }
                        ],
                        "Plans": [
                            {
                                "Node Type": "Seq Scan",
                                "Parent Relationship": "Outer",
                                "Parallel Aware": true,
                                "Relation Name": "movie_companies",
                                "Schema": "public",
                                "Alias": "mc",
                                "Startup Cost": 0.0,
                                "Total Cost": 29310.68,
                                "Plan Rows": 513808,
                                "Plan Width": 0,
                                "Actual Startup Time": 8.209,
                                "Actual Total Time": 97.897,
                                "Actual Rows": 397854,
                                "Actual Loops": 4,
                                "Output": [
                                    "id",
                                    "movie_id",
                                    "company_id",
                                    "company_type_id",
                                    "note"
                                ],
                                "Filter": "(mc.company_id > 5326)",
                                "Rows Removed by Filter": 254428,
                                "Workers": [
                                    {
                                        "Worker Number": 0,
                                        "Actual Startup Time": 5.199,
                                        "Actual Total Time": 95.124,
                                        "Actual Rows": 479318,
                                        "Actual Loops": 1
                                    },
                                    {
                                        "Worker Number": 1,
                                        "Actual Startup Time": 5.564,
                                        "Actual Total Time": 94.777,
                                        "Actual Rows": 316909,
                                        "Actual Loops": 1
                                    },
                                    {
                                        "Worker Number": 2,
                                        "Actual Startup Time": 8.973,
                                        "Actual Total Time": 98.012,
                                        "Actual Rows": 321955,
                                        "Actual Loops": 1
                                    }
                                ]
                            }
                        ]
                    }
                ]
            }
        ]
    },
    "Planning Time": 1.994,
    "Triggers": [],
    "Execution Time": 132.701
}