[
  {
    "Plan": {
      "Node Type": "Aggregate",
      "Strategy": "Plain",
      "Partial Mode": "Finalize",
      "Parallel Aware": false,
      "Startup Cost": 31692.89,
      "Total Cost": 31692.9,
      "Plan Rows": 1,
      "Plan Width": 8,
      "Actual Startup Time": 101.016,
      "Actual Total Time": 109.234,
      "Actual Rows": 1,
      "Actual Loops": 1,
      "Plans": [
        {
          "Node Type": "Gather",
          "Parent Relationship": "Outer",
          "Parallel Aware": false,
          "Startup Cost": 31692.58,
          "Total Cost": 31692.89,
          "Plan Rows": 3,
          "Plan Width": 8,
          "Actual Startup Time": 100.917,
          "Actual Total Time": 109.225,
          "Actual Rows": 4,
          "Actual Loops": 1,
          "Workers Planned": 3,
          "Workers Launched": 3,
          "Single Copy": false,
          "Plans": [
            {
              "Node Type": "Aggregate",
              "Strategy": "Plain",
              "Partial Mode": "Partial",
              "Parent Relationship": "Outer",
              "Parallel Aware": false,
              "Startup Cost": 30692.58,
              "Total Cost": 30692.59,
              "Plan Rows": 1,
              "Plan Width": 8,
              "Actual Startup Time": 97.406,
              "Actual Total Time": 97.407,
              "Actual Rows": 1,
              "Actual Loops": 4,
              "Plans": [
                {
                  "Node Type": "Seq Scan",
                  "Parent Relationship": "Outer",
                  "Parallel Aware": true,
                  "Relation Name": "movie_companies",
                  "Alias": "mc",
                  "Startup Cost": 0.0,
                  "Total Cost": 29310.68,
                  "Plan Rows": 552758,
                  "Plan Width": 0,
                  "Actual Startup Time": 1.298,
                  "Actual Total Time": 77.171,
                  "Actual Rows": 428460,
                  "Actual Loops": 4,
                  "Filter": "(company_id > 2805)",
                  "Rows Removed by Filter": 223822
                }
              ]
            }
          ]
        }
      ]
    },
    "Planning Time": 0.128,
    "Triggers": [],
    "Execution Time": 109.272
  }
]