[
  {
    "Plan": {
      "Node Type": "Aggregate",
      "Strategy": "Plain",
      "Partial Mode": "Finalize",
      "Parallel Aware": false,
      "Startup Cost": 245940.98,
      "Total Cost": 245940.99,
      "Plan Rows": 1,
      "Plan Width": 8,
      "Actual Startup Time": 502.755,
      "Actual Total Time": 557.563,
      "Actual Rows": 1,
      "Actual Loops": 1,
      "Plans": [
        {
          "Node Type": "Gather",
          "Parent Relationship": "Outer",
          "Parallel Aware": false,
          "Startup Cost": 245940.46,
          "Total Cost": 245940.97,
          "Plan Rows": 5,
          "Plan Width": 8,
          "Actual Startup Time": 500.377,
          "Actual Total Time": 557.547,
          "Actual Rows": 6,
          "Actual Loops": 1,
          "Workers Planned": 5,
          "Workers Launched": 5,
          "Single Copy": false,
          "Plans": [
            {
              "Node Type": "Aggregate",
              "Strategy": "Plain",
              "Partial Mode": "Partial",
              "Parent Relationship": "Outer",
              "Parallel Aware": false,
              "Startup Cost": 244940.46,
              "Total Cost": 244940.47,
              "Plan Rows": 1,
              "Plan Width": 8,
              "Actual Startup Time": 494.717,
              "Actual Total Time": 494.721,
              "Actual Rows": 1,
              "Actual Loops": 6,
              "Plans": [
                {
                  "Node Type": "Hash Join",
                  "Parent Relationship": "Outer",
                  "Parallel Aware": true,
                  "Join Type": "Inner",
                  "Startup Cost": 44612.02,
                  "Total Cost": 244843.93,
                  "Plan Rows": 38611,
                  "Plan Width": 0,
                  "Actual Startup Time": 125.56,
                  "Actual Total Time": 492.2,
                  "Actual Rows": 51783,
                  "Actual Loops": 6,
                  "Inner Unique": true,
                  "Hash Cond": "(mi.movie_id = t.id)",
                  "Plans": [
                    {
                      "Node Type": "Seq Scan",
                      "Parent Relationship": "Outer",
                      "Parallel Aware": true,
                      "Relation Name": "movie_info",
                      "Alias": "mi",
                      "Startup Cost": 0.0,
                      "Total Cost": 199108.24,
                      "Plan Rows": 428064,
                      "Plan Width": 4,
                      "Actual Startup Time": 31.076,
                      "Actual Total Time": 332.505,
                      "Actual Rows": 348511,
                      "Actual Loops": 6,
                      "Filter": "(info_type_id < 3)",
                      "Rows Removed by Filter": 2124109
                    },
                    {
                      "Node Type": "Hash",
                      "Parent Relationship": "Inner",
                      "Parallel Aware": true,
                      "Startup Cost": 43899.32,
                      "Total Cost": 43899.32,
                      "Plan Rows": 57016,
                      "Plan Width": 4,
                      "Actual Startup Time": 92.722,
                      "Actual Total Time": 92.723,
                      "Actual Rows": 40233,
                      "Actual Loops": 6,
                      "Hash Buckets": 262144,
                      "Original Hash Buckets": 262144,
                      "Hash Batches": 1,
                      "Original Hash Batches": 1,
                      "Peak Memory Usage": 11584,
                      "Plans": [
                        {
                          "Node Type": "Seq Scan",
                          "Parent Relationship": "Outer",
                          "Parallel Aware": true,
                          "Relation Name": "title",
                          "Alias": "t",
                          "Startup Cost": 0.0,
                          "Total Cost": 43899.32,
                          "Plan Rows": 57016,
                          "Plan Width": 4,
                          "Actual Startup Time": 0.045,
                          "Actual Total Time": 77.2,
                          "Actual Rows": 40233,
                          "Actual Loops": 6,
                          "Filter": "(production_year < 1960)",
                          "Rows Removed by Filter": 381152
                        }
                      ]
                    }
                  ]
                }
              ]
            }
          ]
        }
      ]
    },
    "Planning Time": 0.299,
    "Triggers": [],
    "Execution Time": 557.616
  }
]