[
  {
    "Plan": {
      "Node Type": "Aggregate",
      "Strategy": "Plain",
      "Partial Mode": "Finalize",
      "Parallel Aware": false,
      "Startup Cost": 46909.99,
      "Total Cost": 46910.0,
      "Plan Rows": 1,
      "Plan Width": 8,
      "Actual Startup Time": 107.199,
      "Actual Total Time": 118.963,
      "Actual Rows": 1,
      "Actual Loops": 1,
      "Plans": [
        {
          "Node Type": "Gather",
          "Parent Relationship": "Outer",
          "Parallel Aware": false,
          "Startup Cost": 46909.57,
          "Total Cost": 46909.98,
          "Plan Rows": 4,
          "Plan Width": 8,
          "Actual Startup Time": 107.07,
          "Actual Total Time": 118.954,
          "Actual Rows": 5,
          "Actual Loops": 1,
          "Workers Planned": 4,
          "Workers Launched": 4,
          "Single Copy": false,
          "Plans": [
            {
              "Node Type": "Aggregate",
              "Strategy": "Plain",
              "Partial Mode": "Partial",
              "Parent Relationship": "Outer",
              "Parallel Aware": false,
              "Startup Cost": 45909.57,
              "Total Cost": 45909.58,
              "Plan Rows": 1,
              "Plan Width": 8,
              "Actual Startup Time": 98.558,
              "Actual Total Time": 98.56,
              "Actual Rows": 1,
              "Actual Loops": 5,
              "Plans": [
                {
                  "Node Type": "Seq Scan",
                  "Parent Relationship": "Outer",
                  "Parallel Aware": true,
                  "Relation Name": "title",
                  "Alias": "t",
                  "Startup Cost": 0.0,
                  "Total Cost": 45479.1,
                  "Plan Rows": 172189,
                  "Plan Width": 0,
                  "Actual Startup Time": 0.045,
                  "Actual Total Time": 92.294,
                  "Actual Rows": 119527,
                  "Actual Loops": 5,
                  "Filter": "((kind_id < 3) AND (production_year > 1943))",
                  "Rows Removed by Filter": 386136
                }
              ]
            }
          ]
        }
      ]
    },
    "Planning Time": 0.196,
    "Triggers": [],
    "Execution Time": 119.027
  }
]