[
  {
    "Plan": {
      "Node Type": "Aggregate",
      "Strategy": "Plain",
      "Partial Mode": "Finalize",
      "Parallel Aware": false,
      "Startup Cost": 334286.03,
      "Total Cost": 334286.04,
      "Plan Rows": 1,
      "Plan Width": 8,
      "Actual Startup Time": 414.8,
      "Actual Total Time": 438.116,
      "Actual Rows": 1,
      "Actual Loops": 1,
      "Plans": [
        {
          "Node Type": "Gather",
          "Parent Relationship": "Outer",
          "Parallel Aware": false,
          "Startup Cost": 334285.41,
          "Total Cost": 334286.02,
          "Plan Rows": 6,
          "Plan Width": 8,
          "Actual Startup Time": 414.677,
          "Actual Total Time": 438.106,
          "Actual Rows": 7,
          "Actual Loops": 1,
          "Workers Planned": 6,
          "Workers Launched": 6,
          "Single Copy": false,
          "Plans": [
            {
              "Node Type": "Aggregate",
              "Strategy": "Plain",
              "Partial Mode": "Partial",
              "Parent Relationship": "Outer",
              "Parallel Aware": false,
              "Startup Cost": 333285.41,
              "Total Cost": 333285.42,
              "Plan Rows": 1,
              "Plan Width": 8,
              "Actual Startup Time": 404.541,
              "Actual Total Time": 404.542,
              "Actual Rows": 1,
              "Actual Loops": 7,
              "Plans": [
                {
                  "Node Type": "Index Scan",
                  "Parent Relationship": "Outer",
                  "Parallel Aware": true,
                  "Scan Direction": "Forward",
                  "Index Name": "role_id_cast_info",
                  "Relation Name": "cast_info",
                  "Alias": "ci",
                  "Startup Cost": 0.56,
                  "Total Cost": 331632.96,
                  "Plan Rows": 660979,
                  "Plan Width": 0,
                  "Actual Startup Time": 0.332,
                  "Actual Total Time": 385.541,
                  "Actual Rows": 335434,
                  "Actual Loops": 7,
                  "Index Cond": "(role_id > 3)",
                  "Rows Removed by Index Recheck": 0,
                  "Filter": "(person_id < 1144922)",
                  "Rows Removed by Filter": 1395087
                }
              ]
            }
          ]
        }
      ]
    },
    "Planning Time": 0.149,
    "Triggers": [],
    "Execution Time": 438.164
  }
]