[
  {
    "Plan": {
      "Node Type": "Aggregate",
      "Strategy": "Plain",
      "Partial Mode": "Finalize",
      "Parallel Aware": false,
      "Startup Cost": 340686.4,
      "Total Cost": 340686.41,
      "Plan Rows": 1,
      "Plan Width": 8,
      "Actual Startup Time": 395.99,
      "Actual Total Time": 460.974,
      "Actual Rows": 1,
      "Actual Loops": 1,
      "Plans": [
        {
          "Node Type": "Gather",
          "Parent Relationship": "Outer",
          "Parallel Aware": false,
          "Startup Cost": 340685.98,
          "Total Cost": 340686.39,
          "Plan Rows": 4,
          "Plan Width": 8,
          "Actual Startup Time": 395.751,
          "Actual Total Time": 460.963,
          "Actual Rows": 5,
          "Actual Loops": 1,
          "Workers Planned": 4,
          "Workers Launched": 4,
          "Single Copy": false,
          "Plans": [
            {
              "Node Type": "Aggregate",
              "Strategy": "Plain",
              "Partial Mode": "Partial",
              "Parent Relationship": "Outer",
              "Parallel Aware": false,
              "Startup Cost": 339685.98,
              "Total Cost": 339685.99,
              "Plan Rows": 1,
              "Plan Width": 8,
              "Actual Startup Time": 388.378,
              "Actual Total Time": 388.38,
              "Actual Rows": 1,
              "Actual Loops": 5,
              "Plans": [
                {
                  "Node Type": "Nested Loop",
                  "Parent Relationship": "Outer",
                  "Parallel Aware": false,
                  "Join Type": "Inner",
                  "Startup Cost": 0.56,
                  "Total Cost": 339429.83,
                  "Plan Rows": 102461,
                  "Plan Width": 0,
                  "Actual Startup Time": 0.227,
                  "Actual Total Time": 380.013,
                  "Actual Rows": 93882,
                  "Actual Loops": 5,
                  "Inner Unique": false,
                  "Plans": [
                    {
                      "Node Type": "Seq Scan",
                      "Parent Relationship": "Outer",
                      "Parallel Aware": true,
                      "Relation Name": "title",
                      "Alias": "t",
                      "Startup Cost": 0.0,
                      "Total Cost": 45479.1,
                      "Plan Rows": 7940,
                      "Plan Width": 4,
                      "Actual Startup Time": 0.033,
                      "Actual Total Time": 80.764,
                      "Actual Rows": 7940,
                      "Actual Loops": 5,
                      "Filter": "((kind_id = 7) AND (production_year = 2001))",
                      "Rows Removed by Filter": 497723
                    },
                    {
                      "Node Type": "Index Scan",
                      "Parent Relationship": "Inner",
                      "Parallel Aware": false,
                      "Scan Direction": "Forward",
                      "Index Name": "movie_id_cast_info",
                      "Relation Name": "cast_info",
                      "Alias": "ci",
                      "Startup Cost": 0.56,
                      "Total Cost": 36.69,
                      "Plan Rows": 33,
                      "Plan Width": 4,
                      "Actual Startup Time": 0.008,
                      "Actual Total Time": 0.036,
                      "Actual Rows": 12,
                      "Actual Loops": 39698,
                      "Index Cond": "(movie_id = t.id)",
                      "Rows Removed by Index Recheck": 0,
                      "Filter": "(person_id < 3432035)",
                      "Rows Removed by Filter": 1
                    }
                  ]
                }
              ]
            }
          ]
        }
      ]
    },
    "Planning Time": 0.67,
    "Triggers": [],
    "Execution Time": 461.06
  }
]