[
  {
    "Plan": {
      "Node Type": "Aggregate",
      "Strategy": "Plain",
      "Partial Mode": "Finalize",
      "Parallel Aware": false,
      "Startup Cost": 46855.6,
      "Total Cost": 46855.61,
      "Plan Rows": 1,
      "Plan Width": 8,
      "Actual Startup Time": 169.012,
      "Actual Total Time": 178.994,
      "Actual Rows": 1,
      "Actual Loops": 1,
      "Plans": [
        {
          "Node Type": "Gather",
          "Parent Relationship": "Outer",
          "Parallel Aware": false,
          "Startup Cost": 46855.28,
          "Total Cost": 46855.59,
          "Plan Rows": 3,
          "Plan Width": 8,
          "Actual Startup Time": 168.889,
          "Actual Total Time": 178.987,
          "Actual Rows": 4,
          "Actual Loops": 1,
          "Workers Planned": 3,
          "Workers Launched": 3,
          "Single Copy": false,
          "Plans": [
            {
              "Node Type": "Aggregate",
              "Strategy": "Plain",
              "Partial Mode": "Partial",
              "Parent Relationship": "Outer",
              "Parallel Aware": false,
              "Startup Cost": 45855.28,
              "Total Cost": 45855.29,
              "Plan Rows": 1,
              "Plan Width": 8,
              "Actual Startup Time": 161.805,
              "Actual Total Time": 161.806,
              "Actual Rows": 1,
              "Actual Loops": 4,
              "Plans": [
                {
                  "Node Type": "Seq Scan",
                  "Parent Relationship": "Outer",
                  "Parallel Aware": true,
                  "Relation Name": "movie_keyword",
                  "Alias": "mk",
                  "Startup Cost": 0.0,
                  "Total Cost": 42695.65,
                  "Plan Rows": 1263852,
                  "Plan Width": 0,
                  "Actual Startup Time": 0.054,
                  "Actual Total Time": 119.291,
                  "Actual Rows": 982217,
                  "Actual Loops": 4,
                  "Filter": "(keyword_id < 30941)",
                  "Rows Removed by Filter": 148765
                }
              ]
            }
          ]
        }
      ]
    },
    "Planning Time": 0.181,
    "Triggers": [],
    "Execution Time": 179.048
  }
]