{
  "Plan": {
    "Node Type": "Aggregate",
    "Strategy": "Plain",
    "Partial Mode": "Finalize",
    "Parallel Aware": false,
    "Startup Cost": 135146.83,
    "Total Cost": 135146.84,
    "Plan Rows": 1,
    "Plan Width": 8,
    "Actual Startup Time": 739.722,
    "Actual Total Time": 756.973,
    "Actual Rows": 1,
    "Actual Loops": 1,
    "Plans": [
      {
        "Node Type": "Gather",
        "Parent Relationship": "Outer",
        "Parallel Aware": false,
        "Startup Cost": 135146.71,
        "Total Cost": 135146.82,
        "Plan Rows": 1,
        "Plan Width": 8,
        "Actual Startup Time": 736.749,
        "Actual Total Time": 756.964,
        "Actual Rows": 2,
        "Actual Loops": 1,
        "Workers Planned": 1,
        "Workers Launched": 1,
        "Single Copy": false,
        "Plans": [
          {
            "Node Type": "Aggregate",
            "Strategy": "Plain",
            "Partial Mode": "Partial",
            "Parent Relationship": "Outer",
            "Parallel Aware": false,
            "Startup Cost": 134146.71,
            "Total Cost": 134146.72,
            "Plan Rows": 1,
            "Plan Width": 8,
            "Actual Startup Time": 728.682,
            "Actual Total Time": 728.685,
            "Actual Rows": 1,
            "Actual Loops": 2,
            "Plans": [
              {
                "Node Type": "Hash Join",
                "Parent Relationship": "Outer",
                "Parallel Aware": true,
                "Join Type": "Inner",
                "Startup Cost": 68300.42,
                "Total Cost": 131394.39,
                "Plan Rows": 1100931,
                "Plan Width": 0,
                "Actual Startup Time": 361.686,
                "Actual Total Time": 719.369,
                "Actual Rows": 243888,
                "Actual Loops": 2,
                "Inner Unique": true,
                "Hash Cond": "(mk.movie_id = t.id)",
                "Plans": [
                  {
                    "Node Type": "Seq Scan",
                    "Parent Relationship": "Outer",
                    "Parallel Aware": true,
                    "Relation Name": "movie_keyword",
                    "Alias": "mk",
                    "Startup Cost": 0.0,
                    "Total Cost": 57718.19,
                    "Plan Rows": 2047911,
                    "Plan Width": 4,
                    "Actual Startup Time": 0.076,
                    "Actual Total Time": 191.034,
                    "Actual Rows": 1737848,
                    "Actual Loops": 2,
                    "Filter": "(keyword_id > 1044)",
                    "Rows Removed by Filter": 524118
                  },
                  {
                    "Node Type": "Hash",
                    "Parent Relationship": "Inner",
                    "Parallel Aware": true,
                    "Startup Cost": 58306.47,
                    "Total Cost": 58306.47,
                    "Plan Rows": 799516,
                    "Plan Width": 4,
                    "Actual Startup Time": 347.025,
                    "Actual Total Time": 347.026,
                    "Actual Rows": 719348,
                    "Actual Loops": 2,
                    "Hash Buckets": 2097152,
                    "Original Hash Buckets": 2097152,
                    "Hash Batches": 1,
                    "Original Hash Batches": 1,
                    "Peak Memory Usage": 72704,
                    "Plans": [
                      {
                        "Node Type": "Seq Scan",
                        "Parent Relationship": "Outer",
                        "Parallel Aware": true,
                        "Relation Name": "title",
                        "Alias": "t",
                        "Startup Cost": 0.0,
                        "Total Cost": 58306.47,
                        "Plan Rows": 799516,
                        "Plan Width": 4,
                        "Actual Startup Time": 0.029,
                        "Actual Total Time": 167.03,
                        "Actual Rows": 719348,
                        "Actual Loops": 2,
                        "Filter": "((production_year > 1958) AND (kind_id = 7))",
                        "Rows Removed by Filter": 544808
                      }
                    ]
                  }
                ]
              }
            ]
          }
        ]
      }
    ]
  },
  "Planning Time": 0.69,
  "Triggers": [],
  "Execution Time": 757.041
}