[
  {
    "Plan": {
      "Node Type": "Aggregate",
      "Strategy": "Plain",
      "Partial Mode": "Finalize",
      "Parallel Aware": false,
      "Startup Cost": 39960.7,
      "Total Cost": 39960.71,
      "Plan Rows": 1,
      "Plan Width": 8,
      "Actual Startup Time": 148.501,
      "Actual Total Time": 158.177,
      "Actual Rows": 1,
      "Actual Loops": 1,
      "Plans": [
        {
          "Node Type": "Gather",
          "Parent Relationship": "Outer",
          "Parallel Aware": false,
          "Startup Cost": 39960.38,
          "Total Cost": 39960.69,
          "Plan Rows": 3,
          "Plan Width": 8,
          "Actual Startup Time": 148.141,
          "Actual Total Time": 158.168,
          "Actual Rows": 4,
          "Actual Loops": 1,
          "Workers Planned": 3,
          "Workers Launched": 3,
          "Single Copy": false,
          "Plans": [
            {
              "Node Type": "Aggregate",
              "Strategy": "Plain",
              "Partial Mode": "Partial",
              "Parent Relationship": "Outer",
              "Parallel Aware": false,
              "Startup Cost": 38960.38,
              "Total Cost": 38960.39,
              "Plan Rows": 1,
              "Plan Width": 8,
              "Actual Startup Time": 143.608,
              "Actual Total Time": 143.61,
              "Actual Rows": 1,
              "Actual Loops": 4,
              "Plans": [
                {
                  "Node Type": "Bitmap Heap Scan",
                  "Parent Relationship": "Outer",
                  "Parallel Aware": true,
                  "Relation Name": "movie_keyword",
                  "Alias": "mk",
                  "Startup Cost": 11811.97,
                  "Total Cost": 38511.31,
                  "Plan Rows": 179627,
                  "Plan Width": 0,
                  "Actual Startup Time": 53.397,
                  "Actual Total Time": 134.193,
                  "Actual Rows": 138952,
                  "Actual Loops": 4,
                  "Recheck Cond": "(keyword_id > 33074)",
                  "Rows Removed by Index Recheck": 0,
                  "Exact Heap Blocks": 7991,
                  "Lossy Heap Blocks": 0,
                  "Plans": [
                    {
                      "Node Type": "Bitmap Index Scan",
                      "Parent Relationship": "Outer",
                      "Parallel Aware": false,
                      "Index Name": "keyword_id_movie_keyword",
                      "Startup Cost": 0.0,
                      "Total Cost": 11672.76,
                      "Plan Rows": 556844,
                      "Plan Width": 0,
                      "Actual Startup Time": 51.859,
                      "Actual Total Time": 51.86,
                      "Actual Rows": 555808,
                      "Actual Loops": 1,
                      "Index Cond": "(keyword_id > 33074)"
                    }
                  ]
                }
              ]
            }
          ]
        }
      ]
    },
    "Planning Time": 0.106,
    "Triggers": [],
    "Execution Time": 158.222
  }
]