{
    "Plan": {
        "Node Type": "Aggregate",
        "Strategy": "Plain",
        "Partial Mode": "Finalize",
        "Parallel Aware": false,
        "Startup Cost": 114037.0,
        "Total Cost": 114037.01,
        "Plan Rows": 1,
        "Plan Width": 8,
        "Actual Startup Time": 145.487,
        "Actual Total Time": 170.319,
        "Actual Rows": 1,
        "Actual Loops": 1,
        "Output": [
            "count(*)"
        ],
        "Plans": [
            {
                "Node Type": "Gather",
                "Parent Relationship": "Outer",
                "Parallel Aware": false,
                "Startup Cost": 114036.58,
                "Total Cost": 114036.99,
                "Plan Rows": 4,
                "Plan Width": 8,
                "Actual Startup Time": 145.318,
                "Actual Total Time": 170.309,
                "Actual Rows": 5,
                "Actual Loops": 1,
                "Output": [
                    "(PARTIAL count(*))"
                ],
                "Workers Planned": 4,
                "Workers Launched": 4,
                "Single Copy": false,
                "Plans": [
                    {
                        "Node Type": "Aggregate",
                        "Strategy": "Plain",
                        "Partial Mode": "Partial",
                        "Parent Relationship": "Outer",
                        "Parallel Aware": false,
                        "Startup Cost": 113036.58,
                        "Total Cost": 113036.59,
                        "Plan Rows": 1,
                        "Plan Width": 8,
                        "Actual Startup Time": 135.345,
                        "Actual Total Time": 135.35,
                        "Actual Rows": 1,
                        "Actual Loops": 5,
                        "Output": [
                            "PARTIAL count(*)"
                        ],
                        "Workers": [
                            {
                                "Worker Number": 0,
                                "Actual Startup Time": 132.934,
                                "Actual Total Time": 132.935,
                                "Actual Rows": 1,
                                "Actual Loops": 1
                            },
                            {
                                "Worker Number": 1,
                                "Actual Startup Time": 132.932,
                                "Actual Total Time": 132.933,
                                "Actual Rows": 1,
                                "Actual Loops": 1
                            },
                            {
                                "Worker Number": 2,
                                "Actual Startup Time": 133.165,
                                "Actual Total Time": 133.167,
                                "Actual Rows": 1,
                                "Actual Loops": 1
                            },
                            {
                                "Worker Number": 3,
                                "Actual Startup Time": 133.19,
                                "Actual Total Time": 133.191,
                                "Actual Rows": 1,
                                "Actual Loops": 1
                            }
                        ],
                        "Plans": [
                            {
                                "Node Type": "Nested Loop",
                                "Parent Relationship": "Outer",
                                "Parallel Aware": false,
                                "Join Type": "Inner",
                                "Startup Cost": 0.56,
                                "Total Cost": 113034.84,
                                "Plan Rows": 697,
                                "Plan Width": 0,
                                "Actual Startup Time": 50.05,
                                "Actual Total Time": 135.192,
                                "Actual Rows": 1186,
                                "Actual Loops": 5,
                                "Inner Unique": false,
                                "Workers": [
                                    {
                                        "Worker Number": 0,
                                        "Actual Startup Time": 49.047,
                                        "Actual Total Time": 132.79,
                                        "Actual Rows": 962,
                                        "Actual Loops": 1
                                    },
                                    {
                                        "Worker Number": 1,
                                        "Actual Startup Time": 58.68,
                                        "Actual Total Time": 132.782,
                                        "Actual Rows": 1027,
                                        "Actual Loops": 1
                                    },
                                    {
                                        "Worker Number": 2,
                                        "Actual Startup Time": 59.261,
                                        "Actual Total Time": 133.027,
                                        "Actual Rows": 944,
                                        "Actual Loops": 1
                                    },
                                    {
                                        "Worker Number": 3,
                                        "Actual Startup Time": 59.547,
                                        "Actual Total Time": 133.04,
                                        "Actual Rows": 1057,
                                        "Actual Loops": 1
                                    }
                                ],
                                "Plans": [
                                    {
                                        "Node Type": "Seq Scan",
                                        "Parent Relationship": "Outer",
                                        "Parallel Aware": true,
                                        "Relation Name": "title",
                                        "Schema": "public",
                                        "Alias": "t",
                                        "Startup Cost": 0.0,
                                        "Total Cost": 43899.01,
                                        "Plan Rows": 503,
                                        "Plan Width": 4,
                                        "Actual Startup Time": 42.189,
                                        "Actual Total Time": 85.405,
                                        "Actual Rows": 497,
                                        "Actual Loops": 5,
                                        "Output": [
                                            "t.id",
                                            "t.title",
                                            "t.imdb_index",
                                            "t.kind_id",
                                            "t.production_year",
                                            "t.imdb_id",
                                            "t.phonetic_code",
                                            "t.episode_of_id",
                                            "t.season_nr",
                                            "t.episode_nr",
                                            "t.series_years",
                                            "t.md5sum"
                                        ],
                                        "Filter": "(t.production_year = 1939)",
                                        "Rows Removed by Filter": 505166,
                                        "Workers": [
                                            {
                                                "Worker Number": 0,
                                                "Actual Startup Time": 42.618,
                                                "Actual Total Time": 78.981,
                                                "Actual Rows": 415,
                                                "Actual Loops": 1
                                            },
                                            {
                                                "Worker Number": 1,
                                                "Actual Startup Time": 58.561,
                                                "Actual Total Time": 79.047,
                                                "Actual Rows": 424,
                                                "Actual Loops": 1
                                            },
                                            {
                                                "Worker Number": 2,
                                                "Actual Startup Time": 42.971,
                                                "Actual Total Time": 80.367,
                                                "Actual Rows": 406,
                                                "Actual Loops": 1
                                            },
                                            {
                                                "Worker Number": 3,
                                                "Actual Startup Time": 43.128,
                                                "Actual Total Time": 77.98,
                                                "Actual Rows": 424,
                                                "Actual Loops": 1
                                            }
                                        ]
                                    },
                                    {
                                        "Node Type": "Index Scan",
                                        "Parent Relationship": "Inner",
                                        "Parallel Aware": false,
                                        "Scan Direction": "Forward",
                                        "Index Name": "movie_id_cast_info",
                                        "Relation Name": "cast_info",
                                        "Schema": "public",
                                        "Alias": "ci",
                                        "Startup Cost": 0.56,
                                        "Total Cost": 137.41,
                                        "Plan Rows": 4,
                                        "Plan Width": 4,
                                        "Actual Startup Time": 0.086,
                                        "Actual Total Time": 0.099,
                                        "Actual Rows": 2,
                                        "Actual Loops": 2483,
                                        "Output": [
                                            "ci.id",
                                            "ci.person_id",
                                            "ci.movie_id",
                                            "ci.person_role_id",
                                            "ci.note",
                                            "ci.nr_order",
                                            "ci.role_id"
                                        ],
                                        "Index Cond": "(ci.movie_id = t.id)",
                                        "Rows Removed by Index Recheck": 0,
                                        "Filter": "((ci.person_id > 3122130) AND (ci.role_id > 1))",
                                        "Rows Removed by Filter": 19,
                                        "Workers": [
                                            {
                                                "Worker Number": 0,
                                                "Actual Startup Time": 0.112,
                                                "Actual Total Time": 0.129,
                                                "Actual Rows": 2,
                                                "Actual Loops": 415
                                            },
                                            {
                                                "Worker Number": 1,
                                                "Actual Startup Time": 0.108,
                                                "Actual Total Time": 0.126,
                                                "Actual Rows": 2,
                                                "Actual Loops": 424
                                            },
                                            {
                                                "Worker Number": 2,
                                                "Actual Startup Time": 0.111,
                                                "Actual Total Time": 0.129,
                                                "Actual Rows": 2,
                                                "Actual Loops": 406
                                            },
                                            {
                                                "Worker Number": 3,
                                                "Actual Startup Time": 0.11,
                                                "Actual Total Time": 0.129,
                                                "Actual Rows": 2,
                                                "Actual Loops": 424
                                            }
                                        ]
                                    }
                                ]
                            }
                        ]
                    }
                ]
            }
        ]
    },
    "Planning Time": 0.745,
    "Triggers": [],
    "Execution Time": 170.404
}