[
  {
    "Plan": {
      "Node Type": "Aggregate",
      "Strategy": "Plain",
      "Partial Mode": "Finalize",
      "Parallel Aware": false,
      "Startup Cost": 90419.08,
      "Total Cost": 90419.09,
      "Plan Rows": 1,
      "Plan Width": 8,
      "Actual Startup Time": 2550.65,
      "Actual Total Time": 2568.06,
      "Actual Rows": 1,
      "Actual Loops": 1,
      "Plans": [
        {
          "Node Type": "Gather",
          "Parent Relationship": "Outer",
          "Parallel Aware": false,
          "Startup Cost": 90418.77,
          "Total Cost": 90419.08,
          "Plan Rows": 3,
          "Plan Width": 8,
          "Actual Startup Time": 2548.383,
          "Actual Total Time": 2568.053,
          "Actual Rows": 4,
          "Actual Loops": 1,
          "Workers Planned": 3,
          "Workers Launched": 3,
          "Single Copy": false,
          "Plans": [
            {
              "Node Type": "Aggregate",
              "Strategy": "Plain",
              "Partial Mode": "Partial",
              "Parent Relationship": "Outer",
              "Parallel Aware": false,
              "Startup Cost": 89418.77,
              "Total Cost": 89418.78,
              "Plan Rows": 1,
              "Plan Width": 8,
              "Actual Startup Time": 2544.731,
              "Actual Total Time": 2544.736,
              "Actual Rows": 1,
              "Actual Loops": 4,
              "Plans": [
                {
                  "Node Type": "Hash Join",
                  "Parent Relationship": "Outer",
                  "Parallel Aware": true,
                  "Join Type": "Inner",
                  "Startup Cost": 61462.75,
                  "Total Cost": 89340.22,
                  "Plan Rows": 31419,
                  "Plan Width": 0,
                  "Actual Startup Time": 2457.317,
                  "Actual Total Time": 2540.942,
                  "Actual Rows": 77395,
                  "Actual Loops": 4,
                  "Inner Unique": true,
                  "Hash Cond": "(mk.movie_id = t.id)",
                  "Plans": [
                    {
                      "Node Type": "Bitmap Heap Scan",
                      "Parent Relationship": "Outer",
                      "Parallel Aware": true,
                      "Relation Name": "movie_keyword",
                      "Alias": "mk",
                      "Startup Cost": 14886.37,
                      "Total Cost": 42169.68,
                      "Plan Rows": 226345,
                      "Plan Width": 4,
                      "Actual Startup Time": 2299.152,
                      "Actual Total Time": 2369.14,
                      "Actual Rows": 176297,
                      "Actual Loops": 4,
                      "Recheck Cond": "(keyword_id < 589)",
                      "Rows Removed by Index Recheck": 0,
                      "Exact Heap Blocks": 7793,
                      "Lossy Heap Blocks": 0,
                      "Plans": [
                        {
                          "Node Type": "Bitmap Index Scan",
                          "Parent Relationship": "Outer",
                          "Parallel Aware": false,
                          "Index Name": "keyword_id_movie_keyword",
                          "Startup Cost": 0.0,
                          "Total Cost": 14710.95,
                          "Plan Rows": 701669,
                          "Plan Width": 0,
                          "Actual Startup Time": 2284.101,
                          "Actual Total Time": 2284.102,
                          "Actual Rows": 705187,
                          "Actual Loops": 1,
                          "Index Cond": "(keyword_id < 589)"
                        }
                      ]
                    },
                    {
                      "Node Type": "Hash",
                      "Parent Relationship": "Inner",
                      "Parallel Aware": true,
                      "Startup Cost": 45479.59,
                      "Total Cost": 45479.59,
                      "Plan Rows": 87744,
                      "Plan Width": 4,
                      "Actual Startup Time": 120.652,
                      "Actual Total Time": 120.653,
                      "Actual Rows": 106143,
                      "Actual Loops": 4,
                      "Hash Buckets": 524288,
                      "Original Hash Buckets": 524288,
                      "Hash Batches": 1,
                      "Original Hash Batches": 1,
                      "Peak Memory Usage": 20768,
                      "Plans": [
                        {
                          "Node Type": "Seq Scan",
                          "Parent Relationship": "Outer",
                          "Parallel Aware": true,
                          "Relation Name": "title",
                          "Alias": "t",
                          "Startup Cost": 0.0,
                          "Total Cost": 45479.59,
                          "Plan Rows": 87744,
                          "Plan Width": 4,
                          "Actual Startup Time": 48.01,
                          "Actual Total Time": 88.638,
                          "Actual Rows": 106143,
                          "Actual Loops": 4,
                          "Filter": "((production_year < 2005) AND (kind_id = 1))",
                          "Rows Removed by Filter": 525935
                        }
                      ]
                    }
                  ]
                }
              ]
            }
          ]
        }
      ]
    },
    "Planning Time": 0.244,
    "Triggers": [],
    "Execution Time": 2568.107
  }
]