[
  {
    "Plan": {
      "Node Type": "Aggregate",
      "Strategy": "Plain",
      "Partial Mode": "Finalize",
      "Parallel Aware": false,
      "Startup Cost": 33379.06,
      "Total Cost": 33379.07,
      "Plan Rows": 1,
      "Plan Width": 8,
      "Actual Startup Time": 98.069,
      "Actual Total Time": 106.926,
      "Actual Rows": 1,
      "Actual Loops": 1,
      "Plans": [
        {
          "Node Type": "Gather",
          "Parent Relationship": "Outer",
          "Parallel Aware": false,
          "Startup Cost": 33378.74,
          "Total Cost": 33379.05,
          "Plan Rows": 3,
          "Plan Width": 8,
          "Actual Startup Time": 97.921,
          "Actual Total Time": 106.917,
          "Actual Rows": 4,
          "Actual Loops": 1,
          "Workers Planned": 3,
          "Workers Launched": 3,
          "Single Copy": false,
          "Plans": [
            {
              "Node Type": "Aggregate",
              "Strategy": "Plain",
              "Partial Mode": "Partial",
              "Parent Relationship": "Outer",
              "Parallel Aware": false,
              "Startup Cost": 32378.74,
              "Total Cost": 32378.75,
              "Plan Rows": 1,
              "Plan Width": 8,
              "Actual Startup Time": 94.112,
              "Actual Total Time": 94.113,
              "Actual Rows": 1,
              "Actual Loops": 4,
              "Plans": [
                {
                  "Node Type": "Seq Scan",
                  "Parent Relationship": "Outer",
                  "Parallel Aware": true,
                  "Relation Name": "movie_companies",
                  "Alias": "mc",
                  "Startup Cost": 0.0,
                  "Total Cost": 31414.82,
                  "Plan Rows": 385569,
                  "Plan Width": 0,
                  "Actual Startup Time": 0.02,
                  "Actual Total Time": 79.839,
                  "Actual Rows": 287537,
                  "Actual Loops": 4,
                  "Filter": "((company_id > 27) AND (company_type_id = 1))",
                  "Rows Removed by Filter": 364746
                }
              ]
            }
          ]
        }
      ]
    },
    "Planning Time": 0.116,
    "Triggers": [],
    "Execution Time": 106.949
  }
]