{
  "Plan": {
    "Node Type": "Aggregate",
    "Strategy": "Plain",
    "Partial Mode": "Finalize",
    "Parallel Aware": false,
    "Startup Cost": 43598.88,
    "Total Cost": 43598.89,
    "Plan Rows": 1,
    "Plan Width": 8,
    "Actual Startup Time": 43.652,
    "Actual Total Time": 50.776,
    "Actual Rows": 1,
    "Actual Loops": 1,
    "Plans": [
      {
        "Node Type": "Gather",
        "Parent Relationship": "Outer",
        "Parallel Aware": false,
        "Startup Cost": 43598.77,
        "Total Cost": 43598.88,
        "Plan Rows": 1,
        "Plan Width": 8,
        "Actual Startup Time": 43.542,
        "Actual Total Time": 50.771,
        "Actual Rows": 2,
        "Actual Loops": 1,
        "Workers Planned": 1,
        "Workers Launched": 1,
        "Single Copy": false,
        "Plans": [
          {
            "Node Type": "Aggregate",
            "Strategy": "Plain",
            "Partial Mode": "Partial",
            "Parent Relationship": "Outer",
            "Parallel Aware": false,
            "Startup Cost": 42598.77,
            "Total Cost": 42598.78,
            "Plan Rows": 1,
            "Plan Width": 8,
            "Actual Startup Time": 37.219,
            "Actual Total Time": 37.221,
            "Actual Rows": 1,
            "Actual Loops": 2,
            "Plans": [
              {
                "Node Type": "Nested Loop",
                "Parent Relationship": "Outer",
                "Parallel Aware": false,
                "Join Type": "Inner",
                "Startup Cost": 144.71,
                "Total Cost": 42598.63,
                "Plan Rows": 55,
                "Plan Width": 0,
                "Actual Startup Time": 7.007,
                "Actual Total Time": 37.204,
                "Actual Rows": 28,
                "Actual Loops": 2,
                "Inner Unique": false,
                "Plans": [
                  {
                    "Node Type": "Nested Loop",
                    "Parent Relationship": "Outer",
                    "Parallel Aware": false,
                    "Join Type": "Inner",
                    "Startup Cost": 144.28,
                    "Total Cost": 42458.85,
                    "Plan Rows": 102,
                    "Plan Width": 8,
                    "Actual Startup Time": 6.856,
                    "Actual Total Time": 36.752,
                    "Actual Rows": 18,
                    "Actual Loops": 2,
                    "Inner Unique": true,
                    "Plans": [
                      {
                        "Node Type": "Bitmap Heap Scan",
                        "Parent Relationship": "Outer",
                        "Parallel Aware": true,
                        "Relation Name": "movie_keyword",
                        "Alias": "mk",
                        "Startup Cost": 143.85,
                        "Total Cost": 14996.23,
                        "Plan Rows": 3903,
                        "Plan Width": 4,
                        "Actual Startup Time": 3.413,
                        "Actual Total Time": 12.817,
                        "Actual Rows": 2866,
                        "Actual Loops": 2,
                        "Recheck Cond": "(keyword_id = 249)",
                        "Rows Removed by Index Recheck": 0,
                        "Exact Heap Blocks": 4245,
                        "Lossy Heap Blocks": 0,
                        "Plans": [
                          {
                            "Node Type": "Bitmap Index Scan",
                            "Parent Relationship": "Outer",
                            "Parallel Aware": false,
                            "Index Name": "keyword_id_movie_keyword",
                            "Startup Cost": 0.0,
                            "Total Cost": 142.19,
                            "Plan Rows": 6635,
                            "Plan Width": 0,
                            "Actual Startup Time": 4.099,
                            "Actual Total Time": 4.099,
                            "Actual Rows": 5733,
                            "Actual Loops": 1,
                            "Index Cond": "(keyword_id = 249)"
                          }
                        ]
                      },
                      {
                        "Node Type": "Index Scan",
                        "Parent Relationship": "Inner",
                        "Parallel Aware": false,
                        "Scan Direction": "Forward",
                        "Index Name": "title_pkey",
                        "Relation Name": "title",
                        "Alias": "t",
                        "Startup Cost": 0.43,
                        "Total Cost": 7.04,
                        "Plan Rows": 1,
                        "Plan Width": 4,
                        "Actual Startup Time": 0.008,
                        "Actual Total Time": 0.008,
                        "Actual Rows": 0,
                        "Actual Loops": 5733,
                        "Index Cond": "(id = mk.movie_id)",
                        "Rows Removed by Index Recheck": 0,
                        "Filter": "(production_year = 2013)",
                        "Rows Removed by Filter": 1
                      }
                    ]
                  },
                  {
                    "Node Type": "Index Only Scan",
                    "Parent Relationship": "Inner",
                    "Parallel Aware": false,
                    "Scan Direction": "Forward",
                    "Index Name": "movie_id_movie_info_idx",
                    "Relation Name": "movie_info_idx",
                    "Alias": "mi_idx",
                    "Startup Cost": 0.43,
                    "Total Cost": 1.34,
                    "Plan Rows": 3,
                    "Plan Width": 4,
                    "Actual Startup Time": 0.023,
                    "Actual Total Time": 0.024,
                    "Actual Rows": 2,
                    "Actual Loops": 35,
                    "Index Cond": "(movie_id = t.id)",
                    "Rows Removed by Index Recheck": 0,
                    "Heap Fetches": 57
                  }
                ]
              }
            ]
          }
        ]
      }
    ]
  },
  "Planning Time": 0.979,
  "Triggers": [],
  "Execution Time": 50.873
}