{
    "Plan": {
        "Node Type": "Aggregate",
        "Strategy": "Plain",
        "Partial Mode": "Finalize",
        "Parallel Aware": false,
        "Startup Cost": 384437.8,
        "Total Cost": 384437.81,
        "Plan Rows": 1,
        "Plan Width": 8,
        "Actual Startup Time": 1114.498,
        "Actual Total Time": 1164.801,
        "Actual Rows": 1,
        "Actual Loops": 1,
        "Output": [
            "count(*)"
        ],
        "Plans": [
            {
                "Node Type": "Gather",
                "Parent Relationship": "Outer",
                "Parallel Aware": false,
                "Startup Cost": 384437.18,
                "Total Cost": 384437.79,
                "Plan Rows": 6,
                "Plan Width": 8,
                "Actual Startup Time": 1113.853,
                "Actual Total Time": 1164.792,
                "Actual Rows": 7,
                "Actual Loops": 1,
                "Output": [
                    "(PARTIAL count(*))"
                ],
                "Workers Planned": 6,
                "Workers Launched": 6,
                "Single Copy": false,
                "Plans": [
                    {
                        "Node Type": "Aggregate",
                        "Strategy": "Plain",
                        "Partial Mode": "Partial",
                        "Parent Relationship": "Outer",
                        "Parallel Aware": false,
                        "Startup Cost": 383437.18,
                        "Total Cost": 383437.19,
                        "Plan Rows": 1,
                        "Plan Width": 8,
                        "Actual Startup Time": 1102.973,
                        "Actual Total Time": 1102.976,
                        "Actual Rows": 1,
                        "Actual Loops": 7,
                        "Output": [
                            "PARTIAL count(*)"
                        ],
                        "Workers": [
                            {
                                "Worker Number": 0,
                                "Actual Startup Time": 1100.417,
                                "Actual Total Time": 1100.419,
                                "Actual Rows": 1,
                                "Actual Loops": 1
                            },
                            {
                                "Worker Number": 1,
                                "Actual Startup Time": 1101.256,
                                "Actual Total Time": 1101.258,
                                "Actual Rows": 1,
                                "Actual Loops": 1
                            },
                            {
                                "Worker Number": 2,
                                "Actual Startup Time": 1101.331,
                                "Actual Total Time": 1101.333,
                                "Actual Rows": 1,
                                "Actual Loops": 1
                            },
                            {
                                "Worker Number": 3,
                                "Actual Startup Time": 1101.318,
                                "Actual Total Time": 1101.321,
                                "Actual Rows": 1,
                                "Actual Loops": 1
                            },
                            {
                                "Worker Number": 4,
                                "Actual Startup Time": 1101.425,
                                "Actual Total Time": 1101.428,
                                "Actual Rows": 1,
                                "Actual Loops": 1
                            },
                            {
                                "Worker Number": 5,
                                "Actual Startup Time": 1102.094,
                                "Actual Total Time": 1102.097,
                                "Actual Rows": 1,
                                "Actual Loops": 1
                            }
                        ],
                        "Plans": [
                            {
                                "Node Type": "Hash Join",
                                "Parent Relationship": "Outer",
                                "Parallel Aware": true,
                                "Join Type": "Inner",
                                "Startup Cost": 44367.09,
                                "Total Cost": 382857.34,
                                "Plan Rows": 231936,
                                "Plan Width": 0,
                                "Actual Startup Time": 270.52,
                                "Actual Total Time": 1098.538,
                                "Actual Rows": 94260,
                                "Actual Loops": 7,
                                "Inner Unique": true,
                                "Hash Cond": "(ci.movie_id = t.id)",
                                "Workers": [
                                    {
                                        "Worker Number": 0,
                                        "Actual Startup Time": 268.144,
                                        "Actual Total Time": 1096.081,
                                        "Actual Rows": 92500,
                                        "Actual Loops": 1
                                    },
                                    {
                                        "Worker Number": 1,
                                        "Actual Startup Time": 268.881,
                                        "Actual Total Time": 1096.873,
                                        "Actual Rows": 91319,
                                        "Actual Loops": 1
                                    },
                                    {
                                        "Worker Number": 2,
                                        "Actual Startup Time": 268.962,
                                        "Actual Total Time": 1097.025,
                                        "Actual Rows": 89430,
                                        "Actual Loops": 1
                                    },
                                    {
                                        "Worker Number": 3,
                                        "Actual Startup Time": 268.677,
                                        "Actual Total Time": 1097.033,
                                        "Actual Rows": 88462,
                                        "Actual Loops": 1
                                    },
                                    {
                                        "Worker Number": 4,
                                        "Actual Startup Time": 268.726,
                                        "Actual Total Time": 1097.031,
                                        "Actual Rows": 91600,
                                        "Actual Loops": 1
                                    },
                                    {
                                        "Worker Number": 5,
                                        "Actual Startup Time": 269.934,
                                        "Actual Total Time": 1097.796,
                                        "Actual Rows": 92625,
                                        "Actual Loops": 1
                                    }
                                ],
                                "Plans": [
                                    {
                                        "Node Type": "Seq Scan",
                                        "Parent Relationship": "Outer",
                                        "Parallel Aware": true,
                                        "Relation Name": "cast_info",
                                        "Schema": "public",
                                        "Alias": "ci",
                                        "Startup Cost": 0.0,
                                        "Total Cost": 328213.62,
                                        "Plan Rows": 3914897,
                                        "Plan Width": 4,
                                        "Actual Startup Time": 194.638,
                                        "Actual Total Time": 634.336,
                                        "Actual Rows": 3367665,
                                        "Actual Loops": 7,
                                        "Output": [
                                            "ci.id",
                                            "ci.person_id",
                                            "ci.movie_id",
                                            "ci.person_role_id",
                                            "ci.note",
                                            "ci.nr_order",
                                            "ci.role_id"
                                        ],
                                        "Filter": "(ci.role_id > 1)",
                                        "Rows Removed by Filter": 1810098,
                                        "Workers": [
                                            {
                                                "Worker Number": 0,
                                                "Actual Startup Time": 194.579,
                                                "Actual Total Time": 629.413,
                                                "Actual Rows": 3304949,
                                                "Actual Loops": 1
                                            },
                                            {
                                                "Worker Number": 1,
                                                "Actual Startup Time": 194.693,
                                                "Actual Total Time": 635.627,
                                                "Actual Rows": 3175565,
                                                "Actual Loops": 1
                                            },
                                            {
                                                "Worker Number": 2,
                                                "Actual Startup Time": 194.709,
                                                "Actual Total Time": 634.911,
                                                "Actual Rows": 3180402,
                                                "Actual Loops": 1
                                            },
                                            {
                                                "Worker Number": 3,
                                                "Actual Startup Time": 194.534,
                                                "Actual Total Time": 636.956,
                                                "Actual Rows": 3169292,
                                                "Actual Loops": 1
                                            },
                                            {
                                                "Worker Number": 4,
                                                "Actual Startup Time": 194.521,
                                                "Actual Total Time": 638.937,
                                                "Actual Rows": 3228132,
                                                "Actual Loops": 1
                                            },
                                            {
                                                "Worker Number": 5,
                                                "Actual Startup Time": 194.719,
                                                "Actual Total Time": 635.884,
                                                "Actual Rows": 3394791,
                                                "Actual Loops": 1
                                            }
                                        ]
                                    },
                                    {
                                        "Node Type": "Hash",
                                        "Parent Relationship": "Inner",
                                        "Parallel Aware": true,
                                        "Startup Cost": 43899.01,
                                        "Total Cost": 43899.01,
                                        "Plan Rows": 37447,
                                        "Plan Width": 4,
                                        "Actual Startup Time": 73.699,
                                        "Actual Total Time": 73.7,
                                        "Actual Rows": 21383,
                                        "Actual Loops": 7,
                                        "Output": [
                                            "t.id"
                                        ],
                                        "Hash Buckets": 262144,
                                        "Original Hash Buckets": 262144,
                                        "Hash Batches": 1,
                                        "Original Hash Batches": 1,
                                        "Peak Memory Usage": 8000,
                                        "Workers": [
                                            {
                                                "Worker Number": 0,
                                                "Actual Startup Time": 72.326,
                                                "Actual Total Time": 72.327,
                                                "Actual Rows": 20835,
                                                "Actual Loops": 1
                                            },
                                            {
                                                "Worker Number": 1,
                                                "Actual Startup Time": 73.201,
                                                "Actual Total Time": 73.202,
                                                "Actual Rows": 19473,
                                                "Actual Loops": 1
                                            },
                                            {
                                                "Worker Number": 2,
                                                "Actual Startup Time": 73.271,
                                                "Actual Total Time": 73.272,
                                                "Actual Rows": 20422,
                                                "Actual Loops": 1
                                            },
                                            {
                                                "Worker Number": 3,
                                                "Actual Startup Time": 73.271,
                                                "Actual Total Time": 73.272,
                                                "Actual Rows": 20512,
                                                "Actual Loops": 1
                                            },
                                            {
                                                "Worker Number": 4,
                                                "Actual Startup Time": 73.316,
                                                "Actual Total Time": 73.318,
                                                "Actual Rows": 19945,
                                                "Actual Loops": 1
                                            },
                                            {
                                                "Worker Number": 5,
                                                "Actual Startup Time": 74.029,
                                                "Actual Total Time": 74.03,
                                                "Actual Rows": 20950,
                                                "Actual Loops": 1
                                            }
                                        ],
                                        "Plans": [
                                            {
                                                "Node Type": "Seq Scan",
                                                "Parent Relationship": "Outer",
                                                "Parallel Aware": true,
                                                "Relation Name": "title",
                                                "Schema": "public",
                                                "Alias": "t",
                                                "Startup Cost": 0.0,
                                                "Total Cost": 43899.01,
                                                "Plan Rows": 37447,
                                                "Plan Width": 4,
                                                "Actual Startup Time": 12.959,
                                                "Actual Total Time": 65.918,
                                                "Actual Rows": 21383,
                                                "Actual Loops": 7,
                                                "Output": [
                                                    "t.id"
                                                ],
                                                "Filter": "(t.production_year < 1944)",
                                                "Rows Removed by Filter": 339805,
                                                "Workers": [
                                                    {
                                                        "Worker Number": 0,
                                                        "Actual Startup Time": 1.84,
                                                        "Actual Total Time": 65.105,
                                                        "Actual Rows": 20835,
                                                        "Actual Loops": 1
                                                    },
                                                    {
                                                        "Worker Number": 1,
                                                        "Actual Startup Time": 9.662,
                                                        "Actual Total Time": 65.332,
                                                        "Actual Rows": 19473,
                                                        "Actual Loops": 1
                                                    },
                                                    {
                                                        "Worker Number": 2,
                                                        "Actual Startup Time": 4.032,
                                                        "Actual Total Time": 66.118,
                                                        "Actual Rows": 20422,
                                                        "Actual Loops": 1
                                                    },
                                                    {
                                                        "Worker Number": 3,
                                                        "Actual Startup Time": 8.936,
                                                        "Actual Total Time": 66.078,
                                                        "Actual Rows": 20512,
                                                        "Actual Loops": 1
                                                    },
                                                    {
                                                        "Worker Number": 4,
                                                        "Actual Startup Time": 21.176,
                                                        "Actual Total Time": 65.376,
                                                        "Actual Rows": 19945,
                                                        "Actual Loops": 1
                                                    },
                                                    {
                                                        "Worker Number": 5,
                                                        "Actual Startup Time": 39.498,
                                                        "Actual Total Time": 66.493,
                                                        "Actual Rows": 20950,
                                                        "Actual Loops": 1
                                                    }
                                                ]
                                            }
                                        ]
                                    }
                                ]
                            }
                        ]
                    }
                ]
            }
        ]
    },
    "Planning Time": 0.699,
    "Triggers": [],
    "Execution Time": 1164.884
}