[
  {
    "Plan": {
      "Node Type": "Aggregate",
      "Strategy": "Plain",
      "Partial Mode": "Finalize",
      "Parallel Aware": false,
      "Startup Cost": 102900.61,
      "Total Cost": 102900.62,
      "Plan Rows": 1,
      "Plan Width": 8,
      "Actual Startup Time": 293.467,
      "Actual Total Time": 316.983,
      "Actual Rows": 1,
      "Actual Loops": 1,
      "Plans": [
        {
          "Node Type": "Gather",
          "Parent Relationship": "Outer",
          "Parallel Aware": false,
          "Startup Cost": 102900.29,
          "Total Cost": 102900.6,
          "Plan Rows": 3,
          "Plan Width": 8,
          "Actual Startup Time": 292.718,
          "Actual Total Time": 316.974,
          "Actual Rows": 4,
          "Actual Loops": 1,
          "Workers Planned": 3,
          "Workers Launched": 3,
          "Single Copy": false,
          "Plans": [
            {
              "Node Type": "Aggregate",
              "Strategy": "Plain",
              "Partial Mode": "Partial",
              "Parent Relationship": "Outer",
              "Parallel Aware": false,
              "Startup Cost": 101900.29,
              "Total Cost": 101900.3,
              "Plan Rows": 1,
              "Plan Width": 8,
              "Actual Startup Time": 283.014,
              "Actual Total Time": 283.018,
              "Actual Rows": 1,
              "Actual Loops": 4,
              "Plans": [
                {
                  "Node Type": "Nested Loop",
                  "Parent Relationship": "Outer",
                  "Parallel Aware": false,
                  "Join Type": "Inner",
                  "Startup Cost": 58900.91,
                  "Total Cost": 101826.08,
                  "Plan Rows": 29684,
                  "Plan Width": 0,
                  "Actual Startup Time": 158.942,
                  "Actual Total Time": 280.641,
                  "Actual Rows": 31480,
                  "Actual Loops": 4,
                  "Inner Unique": false,
                  "Join Filter": "(t.id = mi.movie_id)",
                  "Rows Removed by Join Filter": 0,
                  "Plans": [
                    {
                      "Node Type": "Hash Join",
                      "Parent Relationship": "Outer",
                      "Parallel Aware": true,
                      "Join Type": "Inner",
                      "Startup Cost": 58900.47,
                      "Total Cost": 86395.06,
                      "Plan Rows": 5055,
                      "Plan Width": 8,
                      "Actual Startup Time": 158.76,
                      "Actual Total Time": 233.059,
                      "Actual Rows": 1813,
                      "Actual Loops": 4,
                      "Inner Unique": true,
                      "Hash Cond": "(mk.movie_id = t.id)",
                      "Plans": [
                        {
                          "Node Type": "Bitmap Heap Scan",
                          "Parent Relationship": "Outer",
                          "Parallel Aware": true,
                          "Relation Name": "movie_keyword",
                          "Alias": "mk",
                          "Startup Cost": 13222.19,
                          "Total Cost": 40189.07,
                          "Plan Rows": 201030,
                          "Plan Width": 4,
                          "Actual Startup Time": 41.55,
                          "Actual Total Time": 95.144,
                          "Actual Rows": 155318,
                          "Actual Loops": 4,
                          "Recheck Cond": "(keyword_id > 29354)",
                          "Rows Removed by Index Recheck": 0,
                          "Exact Heap Blocks": 6676,
                          "Lossy Heap Blocks": 0,
                          "Plans": [
                            {
                              "Node Type": "Bitmap Index Scan",
                              "Parent Relationship": "Outer",
                              "Parallel Aware": false,
                              "Index Name": "keyword_id_movie_keyword",
                              "Startup Cost": 0.0,
                              "Total Cost": 13066.39,
                              "Plan Rows": 623194,
                              "Plan Width": 0,
                              "Actual Startup Time": 37.953,
                              "Actual Total Time": 37.954,
                              "Actual Rows": 621274,
                              "Actual Loops": 1,
                              "Index Cond": "(keyword_id > 29354)"
                            }
                          ]
                        },
                        {
                          "Node Type": "Hash",
                          "Parent Relationship": "Inner",
                          "Parallel Aware": true,
                          "Startup Cost": 45479.59,
                          "Total Cost": 45479.59,
                          "Plan Rows": 15896,
                          "Plan Width": 4,
                          "Actual Startup Time": 115.369,
                          "Actual Total Time": 115.369,
                          "Actual Rows": 17886,
                          "Actual Loops": 4,
                          "Hash Buckets": 131072,
                          "Original Hash Buckets": 65536,
                          "Hash Batches": 1,
                          "Original Hash Batches": 1,
                          "Peak Memory Usage": 4352,
                          "Plans": [
                            {
                              "Node Type": "Seq Scan",
                              "Parent Relationship": "Outer",
                              "Parallel Aware": true,
                              "Relation Name": "title",
                              "Alias": "t",
                              "Startup Cost": 0.0,
                              "Total Cost": 45479.59,
                              "Plan Rows": 15896,
                              "Plan Width": 4,
                              "Actual Startup Time": 0.069,
                              "Actual Total Time": 102.416,
                              "Actual Rows": 17886,
                              "Actual Loops": 4,
                              "Filter": "((kind_id > 1) AND (production_year = 2004))",
                              "Rows Removed by Filter": 614192
                            }
                          ]
                        }
                      ]
                    },
                    {
                      "Node Type": "Index Only Scan",
                      "Parent Relationship": "Inner",
                      "Parallel Aware": false,
                      "Scan Direction": "Forward",
                      "Index Name": "movie_id_movie_info",
                      "Relation Name": "movie_info",
                      "Alias": "mi",
                      "Startup Cost": 0.43,
                      "Total Cost": 2.54,
                      "Plan Rows": 41,
                      "Plan Width": 4,
                      "Actual Startup Time": 0.007,
                      "Actual Total Time": 0.023,
                      "Actual Rows": 17,
                      "Actual Loops": 7253,
                      "Index Cond": "(movie_id = mk.movie_id)",
                      "Rows Removed by Index Recheck": 0,
                      "Heap Fetches": 125921
                    }
                  ]
                }
              ]
            }
          ]
        }
      ]
    },
    "Planning Time": 1.395,
    "Triggers": [],
    "Execution Time": 317.093
  }
]