{
  "Plan": {
    "Node Type": "Aggregate",
    "Strategy": "Plain",
    "Partial Mode": "Finalize",
    "Parallel Aware": false,
    "Startup Cost": 968957.32,
    "Total Cost": 968957.33,
    "Plan Rows": 1,
    "Plan Width": 8,
    "Actual Startup Time": 7535.672,
    "Actual Total Time": 7640.905,
    "Actual Rows": 1,
    "Actual Loops": 1,
    "Plans": [
      {
        "Node Type": "Gather",
        "Parent Relationship": "Outer",
        "Parallel Aware": false,
        "Startup Cost": 968957.2,
        "Total Cost": 968957.31,
        "Plan Rows": 1,
        "Plan Width": 8,
        "Actual Startup Time": 7531.975,
        "Actual Total Time": 7640.895,
        "Actual Rows": 2,
        "Actual Loops": 1,
        "Workers Planned": 1,
        "Workers Launched": 1,
        "Single Copy": false,
        "Plans": [
          {
            "Node Type": "Aggregate",
            "Strategy": "Plain",
            "Partial Mode": "Partial",
            "Parent Relationship": "Outer",
            "Parallel Aware": false,
            "Startup Cost": 967957.2,
            "Total Cost": 967957.21,
            "Plan Rows": 1,
            "Plan Width": 8,
            "Actual Startup Time": 7525.647,
            "Actual Total Time": 7525.653,
            "Actual Rows": 1,
            "Actual Loops": 2,
            "Plans": [
              {
                "Node Type": "Hash Join",
                "Parent Relationship": "Outer",
                "Parallel Aware": true,
                "Join Type": "Inner",
                "Startup Cost": 586525.58,
                "Total Cost": 960867.17,
                "Plan Rows": 2836012,
                "Plan Width": 0,
                "Actual Startup Time": 3924.35,
                "Actual Total Time": 7109.757,
                "Actual Rows": 10252680,
                "Actual Loops": 2,
                "Inner Unique": false,
                "Hash Cond": "(mi.movie_id = t.id)",
                "Plans": [
                  {
                    "Node Type": "Seq Scan",
                    "Parent Relationship": "Outer",
                    "Parallel Aware": true,
                    "Relation Name": "movie_info",
                    "Alias": "mi",
                    "Startup Cost": 0.0,
                    "Total Cost": 248955.74,
                    "Plan Rows": 8696274,
                    "Plan Width": 4,
                    "Actual Startup Time": 0.012,
                    "Actual Total Time": 659.973,
                    "Actual Rows": 7417860,
                    "Actual Loops": 2
                  },
                  {
                    "Node Type": "Hash",
                    "Parent Relationship": "Inner",
                    "Parallel Aware": true,
                    "Startup Cost": 580462.92,
                    "Total Cost": 580462.92,
                    "Plan Rows": 485013,
                    "Plan Width": 8,
                    "Actual Startup Time": 3905.043,
                    "Actual Total Time": 3905.047,
                    "Actual Rows": 588158,
                    "Actual Loops": 2,
                    "Hash Buckets": 2097152,
                    "Original Hash Buckets": 1048576,
                    "Hash Batches": 1,
                    "Original Hash Batches": 1,
                    "Peak Memory Usage": 70624,
                    "Plans": [
                      {
                        "Node Type": "Hash Join",
                        "Parent Relationship": "Outer",
                        "Parallel Aware": true,
                        "Join Type": "Inner",
                        "Startup Cost": 58729.57,
                        "Total Cost": 580462.92,
                        "Plan Rows": 485013,
                        "Plan Width": 8,
                        "Actual Startup Time": 156.43,
                        "Actual Total Time": 3691.966,
                        "Actual Rows": 588158,
                        "Actual Loops": 2,
                        "Inner Unique": true,
                        "Hash Cond": "(ci.movie_id = t.id)",
                        "Plans": [
                          {
                            "Node Type": "Seq Scan",
                            "Parent Relationship": "Outer",
                            "Parallel Aware": true,
                            "Relation Name": "cast_info",
                            "Alias": "ci",
                            "Startup Cost": 0.0,
                            "Total Cost": 465792.95,
                            "Plan Rows": 21310595,
                            "Plan Width": 4,
                            "Actual Startup Time": 0.013,
                            "Actual Total Time": 1325.717,
                            "Actual Rows": 18122172,
                            "Actual Loops": 2
                          },
                          {
                            "Node Type": "Hash",
                            "Parent Relationship": "Inner",
                            "Parallel Aware": true,
                            "Startup Cost": 58306.47,
                            "Total Cost": 58306.47,
                            "Plan Rows": 33848,
                            "Plan Width": 4,
                            "Actual Startup Time": 155.973,
                            "Actual Total Time": 155.974,
                            "Actual Rows": 73840,
                            "Actual Loops": 2,
                            "Hash Buckets": 262144,
                            "Original Hash Buckets": 65536,
                            "Hash Batches": 1,
                            "Original Hash Batches": 1,
                            "Peak Memory Usage": 9408,
                            "Plans": [
                              {
                                "Node Type": "Seq Scan",
                                "Parent Relationship": "Outer",
                                "Parallel Aware": true,
                                "Relation Name": "title",
                                "Alias": "t",
                                "Startup Cost": 0.0,
                                "Total Cost": 58306.47,
                                "Plan Rows": 33848,
                                "Plan Width": 4,
                                "Actual Startup Time": 32.988,
                                "Actual Total Time": 136.591,
                                "Actual Rows": 73840,
                                "Actual Loops": 2,
                                "Filter": "((kind_id < 7) AND (production_year < 1943))",
                                "Rows Removed by Filter": 1190316
                              }
                            ]
                          }
                        ]
                      }
                    ]
                  }
                ]
              }
            ]
          }
        ]
      }
    ]
  },
  "Planning Time": 0.951,
  "Triggers": [],
  "Execution Time": 7641.004
}