[
    {
        "Bao": {
            "Bao prediction": "NaN",
            "Bao recommended hint": "(no hint)"
        }
    },
    {
        "Plan": {
            "Node Type": "Aggregate",
            "Strategy": "Plain",
            "Partial Mode": "Finalize",
            "Parallel Aware": false,
            "Startup Cost": 27543.15,
            "Total Cost": 27543.16,
            "Plan Rows": 1,
            "Plan Width": 8,
            "Actual Startup Time": 63.979,
            "Actual Total Time": 67.429,
            "Actual Rows": 1,
            "Actual Loops": 1,
            "Output": [
                "count(*)"
            ],
            "Plans": [
                {
                    "Node Type": "Gather",
                    "Parent Relationship": "Outer",
                    "Parallel Aware": false,
                    "Startup Cost": 27542.73,
                    "Total Cost": 27543.14,
                    "Plan Rows": 4,
                    "Plan Width": 8,
                    "Actual Startup Time": 63.922,
                    "Actual Total Time": 67.423,
                    "Actual Rows": 5,
                    "Actual Loops": 1,
                    "Output": [
                        "(PARTIAL count(*))"
                    ],
                    "Workers Planned": 4,
                    "Workers Launched": 4,
                    "Single Copy": false,
                    "Plans": [
                        {
                            "Node Type": "Aggregate",
                            "Strategy": "Plain",
                            "Partial Mode": "Partial",
                            "Parent Relationship": "Outer",
                            "Parallel Aware": false,
                            "Startup Cost": 26542.73,
                            "Total Cost": 26542.74,
                            "Plan Rows": 1,
                            "Plan Width": 8,
                            "Actual Startup Time": 54.643,
                            "Actual Total Time": 54.644,
                            "Actual Rows": 1,
                            "Actual Loops": 5,
                            "Output": [
                                "PARTIAL count(*)"
                            ],
                            "Workers": [
                                {
                                    "Worker Number": 0,
                                    "Actual Startup Time": 51.933,
                                    "Actual Total Time": 51.935,
                                    "Actual Rows": 1,
                                    "Actual Loops": 1
                                },
                                {
                                    "Worker Number": 1,
                                    "Actual Startup Time": 52.551,
                                    "Actual Total Time": 52.552,
                                    "Actual Rows": 1,
                                    "Actual Loops": 1
                                },
                                {
                                    "Worker Number": 2,
                                    "Actual Startup Time": 52.534,
                                    "Actual Total Time": 52.535,
                                    "Actual Rows": 1,
                                    "Actual Loops": 1
                                },
                                {
                                    "Worker Number": 3,
                                    "Actual Startup Time": 52.812,
                                    "Actual Total Time": 52.813,
                                    "Actual Rows": 1,
                                    "Actual Loops": 1
                                }
                            ],
                            "Plans": [
                                {
                                    "Node Type": "Index Scan",
                                    "Parent Relationship": "Outer",
                                    "Parallel Aware": true,
                                    "Scan Direction": "Forward",
                                    "Index Name": "role_id_cast_info",
                                    "Relation Name": "cast_info",
                                    "Schema": "public",
                                    "Alias": "ci",
                                    "Startup Cost": 0.56,
                                    "Total Cost": 26238.71,
                                    "Plan Rows": 121609,
                                    "Plan Width": 0,
                                    "Actual Startup Time": 0.122,
                                    "Actual Total Time": 46.547,
                                    "Actual Rows": 132232,
                                    "Actual Loops": 5,
                                    "Output": [
                                        "id",
                                        "person_id",
                                        "movie_id",
                                        "person_role_id",
                                        "note",
                                        "nr_order",
                                        "role_id"
                                    ],
                                    "Index Cond": "(ci.role_id = 5)",
                                    "Rows Removed by Index Recheck": 0,
                                    "Filter": "(ci.person_id > 1719528)",
                                    "Rows Removed by Filter": 47446,
                                    "Workers": [
                                        {
                                            "Worker Number": 0,
                                            "Actual Startup Time": 0.126,
                                            "Actual Total Time": 44.523,
                                            "Actual Rows": 115828,
                                            "Actual Loops": 1
                                        },
                                        {
                                            "Worker Number": 1,
                                            "Actual Startup Time": 0.199,
                                            "Actual Total Time": 44.883,
                                            "Actual Rows": 112610,
                                            "Actual Loops": 1
                                        },
                                        {
                                            "Worker Number": 2,
                                            "Actual Startup Time": 0.124,
                                            "Actual Total Time": 44.778,
                                            "Actual Rows": 112426,
                                            "Actual Loops": 1
                                        },
                                        {
                                            "Worker Number": 3,
                                            "Actual Startup Time": 0.121,
                                            "Actual Total Time": 45.211,
                                            "Actual Rows": 118732,
                                            "Actual Loops": 1
                                        }
                                    ]
                                }
                            ]
                        }
                    ]
                }
            ]
        },
        "Planning Time": 219.149,
        "Triggers": [],
        "Execution Time": 67.526
    }
]