[
  {
    "Plan": {
      "Node Type": "Aggregate",
      "Strategy": "Plain",
      "Partial Mode": "Finalize",
      "Parallel Aware": false,
      "Startup Cost": 46011.87,
      "Total Cost": 46011.88,
      "Plan Rows": 1,
      "Plan Width": 8,
      "Actual Startup Time": 182.646,
      "Actual Total Time": 192.686,
      "Actual Rows": 1,
      "Actual Loops": 1,
      "Plans": [
        {
          "Node Type": "Gather",
          "Parent Relationship": "Outer",
          "Parallel Aware": false,
          "Startup Cost": 46011.55,
          "Total Cost": 46011.86,
          "Plan Rows": 3,
          "Plan Width": 8,
          "Actual Startup Time": 182.516,
          "Actual Total Time": 192.677,
          "Actual Rows": 4,
          "Actual Loops": 1,
          "Workers Planned": 3,
          "Workers Launched": 3,
          "Single Copy": false,
          "Plans": [
            {
              "Node Type": "Aggregate",
              "Strategy": "Plain",
              "Partial Mode": "Partial",
              "Parent Relationship": "Outer",
              "Parallel Aware": false,
              "Startup Cost": 45011.55,
              "Total Cost": 45011.56,
              "Plan Rows": 1,
              "Plan Width": 8,
              "Actual Startup Time": 175.444,
              "Actual Total Time": 175.445,
              "Actual Rows": 1,
              "Actual Loops": 4,
              "Plans": [
                {
                  "Node Type": "Seq Scan",
                  "Parent Relationship": "Outer",
                  "Parallel Aware": true,
                  "Relation Name": "movie_keyword",
                  "Alias": "mk",
                  "Startup Cost": 0.0,
                  "Total Cost": 42695.65,
                  "Plan Rows": 926360,
                  "Plan Width": 0,
                  "Actual Startup Time": 0.414,
                  "Actual Total Time": 137.165,
                  "Actual Rows": 714663,
                  "Actual Loops": 4,
                  "Filter": "(keyword_id > 2551)",
                  "Rows Removed by Filter": 416320
                }
              ]
            }
          ]
        }
      ]
    },
    "Planning Time": 0.177,
    "Triggers": [],
    "Execution Time": 192.741
  }
]