[
  {
    "Plan": {
      "Node Type": "Aggregate",
      "Strategy": "Plain",
      "Partial Mode": "Finalize",
      "Parallel Aware": false,
      "Startup Cost": 209678.57,
      "Total Cost": 209678.58,
      "Plan Rows": 1,
      "Plan Width": 8,
      "Actual Startup Time": 1925.41,
      "Actual Total Time": 1964.003,
      "Actual Rows": 1,
      "Actual Loops": 1,
      "Plans": [
        {
          "Node Type": "Gather",
          "Parent Relationship": "Outer",
          "Parallel Aware": false,
          "Startup Cost": 209678.26,
          "Total Cost": 209678.57,
          "Plan Rows": 3,
          "Plan Width": 8,
          "Actual Startup Time": 1923.344,
          "Actual Total Time": 1963.994,
          "Actual Rows": 4,
          "Actual Loops": 1,
          "Workers Planned": 3,
          "Workers Launched": 3,
          "Single Copy": false,
          "Plans": [
            {
              "Node Type": "Aggregate",
              "Strategy": "Plain",
              "Partial Mode": "Partial",
              "Parent Relationship": "Outer",
              "Parallel Aware": false,
              "Startup Cost": 208678.26,
              "Total Cost": 208678.27,
              "Plan Rows": 1,
              "Plan Width": 8,
              "Actual Startup Time": 1915.11,
              "Actual Total Time": 1915.114,
              "Actual Rows": 1,
              "Actual Loops": 4,
              "Plans": [
                {
                  "Node Type": "Nested Loop",
                  "Parent Relationship": "Outer",
                  "Parallel Aware": false,
                  "Join Type": "Inner",
                  "Startup Cost": 46385.48,
                  "Total Cost": 207922.73,
                  "Plan Rows": 302211,
                  "Plan Width": 0,
                  "Actual Startup Time": 149.331,
                  "Actual Total Time": 1736.034,
                  "Actual Rows": 4338635,
                  "Actual Loops": 4,
                  "Inner Unique": false,
                  "Join Filter": "(t.id = mi.movie_id)",
                  "Rows Removed by Join Filter": 0,
                  "Plans": [
                    {
                      "Node Type": "Hash Join",
                      "Parent Relationship": "Outer",
                      "Parallel Aware": true,
                      "Join Type": "Inner",
                      "Startup Cost": 46385.05,
                      "Total Cost": 90259.68,
                      "Plan Rows": 51469,
                      "Plan Width": 8,
                      "Actual Startup Time": 149.241,
                      "Actual Total Time": 267.965,
                      "Actual Rows": 56915,
                      "Actual Loops": 4,
                      "Inner Unique": true,
                      "Hash Cond": "(mk.movie_id = t.id)",
                      "Plans": [
                        {
                          "Node Type": "Seq Scan",
                          "Parent Relationship": "Outer",
                          "Parallel Aware": true,
                          "Relation Name": "movie_keyword",
                          "Alias": "mk",
                          "Startup Cost": 0.0,
                          "Total Cost": 42695.65,
                          "Plan Rows": 449134,
                          "Plan Width": 4,
                          "Actual Startup Time": 0.021,
                          "Actual Total Time": 92.963,
                          "Actual Rows": 347755,
                          "Actual Loops": 4,
                          "Filter": "(keyword_id < 1878)",
                          "Rows Removed by Filter": 783228
                        },
                        {
                          "Node Type": "Hash",
                          "Parent Relationship": "Inner",
                          "Parallel Aware": true,
                          "Startup Cost": 45479.59,
                          "Total Cost": 45479.59,
                          "Plan Rows": 72437,
                          "Plan Width": 4,
                          "Actual Startup Time": 119.784,
                          "Actual Total Time": 119.785,
                          "Actual Rows": 57935,
                          "Actual Loops": 4,
                          "Hash Buckets": 524288,
                          "Original Hash Buckets": 524288,
                          "Hash Batches": 1,
                          "Original Hash Batches": 1,
                          "Peak Memory Usage": 13248,
                          "Plans": [
                            {
                              "Node Type": "Seq Scan",
                              "Parent Relationship": "Outer",
                              "Parallel Aware": true,
                              "Relation Name": "title",
                              "Alias": "t",
                              "Startup Cost": 0.0,
                              "Total Cost": 45479.59,
                              "Plan Rows": 72437,
                              "Plan Width": 4,
                              "Actual Startup Time": 46.837,
                              "Actual Total Time": 98.35,
                              "Actual Rows": 57935,
                              "Actual Loops": 4,
                              "Filter": "((production_year > 2004) AND (kind_id = 1))",
                              "Rows Removed by Filter": 574143
                            }
                          ]
                        }
                      ]
                    },
                    {
                      "Node Type": "Index Only Scan",
                      "Parent Relationship": "Inner",
                      "Parallel Aware": false,
                      "Scan Direction": "Forward",
                      "Index Name": "movie_id_movie_info",
                      "Relation Name": "movie_info",
                      "Alias": "mi",
                      "Startup Cost": 0.43,
                      "Total Cost": 1.77,
                      "Plan Rows": 41,
                      "Plan Width": 4,
                      "Actual Startup Time": 0.004,
                      "Actual Total Time": 0.019,
                      "Actual Rows": 76,
                      "Actual Loops": 227660,
                      "Index Cond": "(movie_id = mk.movie_id)",
                      "Rows Removed by Index Recheck": 0,
                      "Heap Fetches": 17354539
                    }
                  ]
                }
              ]
            }
          ]
        }
      ]
    },
    "Planning Time": 1.599,
    "Triggers": [],
    "Execution Time": 1964.105
  }
]