[
  {
    "Plan": {
      "Node Type": "Aggregate",
      "Strategy": "Plain",
      "Partial Mode": "Finalize",
      "Parallel Aware": false,
      "Startup Cost": 32950.24,
      "Total Cost": 32950.25,
      "Plan Rows": 1,
      "Plan Width": 8,
      "Actual Startup Time": 99.414,
      "Actual Total Time": 107.103,
      "Actual Rows": 1,
      "Actual Loops": 1,
      "Plans": [
        {
          "Node Type": "Gather",
          "Parent Relationship": "Outer",
          "Parallel Aware": false,
          "Startup Cost": 32949.92,
          "Total Cost": 32950.23,
          "Plan Rows": 3,
          "Plan Width": 8,
          "Actual Startup Time": 99.315,
          "Actual Total Time": 107.096,
          "Actual Rows": 4,
          "Actual Loops": 1,
          "Workers Planned": 3,
          "Workers Launched": 3,
          "Single Copy": false,
          "Plans": [
            {
              "Node Type": "Aggregate",
              "Strategy": "Plain",
              "Partial Mode": "Partial",
              "Parent Relationship": "Outer",
              "Parallel Aware": false,
              "Startup Cost": 31949.92,
              "Total Cost": 31949.93,
              "Plan Rows": 1,
              "Plan Width": 8,
              "Actual Startup Time": 92.397,
              "Actual Total Time": 92.398,
              "Actual Rows": 1,
              "Actual Loops": 4,
              "Plans": [
                {
                  "Node Type": "Seq Scan",
                  "Parent Relationship": "Outer",
                  "Parallel Aware": true,
                  "Relation Name": "movie_companies",
                  "Alias": "mc",
                  "Startup Cost": 0.0,
                  "Total Cost": 31414.82,
                  "Plan Rows": 214042,
                  "Plan Width": 0,
                  "Actual Startup Time": 48.892,
                  "Actual Total Time": 83.515,
                  "Actual Rows": 227437,
                  "Actual Loops": 4,
                  "Filter": "((company_id > 11272) AND (company_type_id > 1))",
                  "Rows Removed by Filter": 424845
                }
              ]
            }
          ]
        }
      ]
    },
    "Planning Time": 0.22,
    "Triggers": [],
    "Execution Time": 107.16
  }
]