[
  {
    "Plan": {
      "Node Type": "Aggregate",
      "Strategy": "Plain",
      "Partial Mode": "Finalize",
      "Parallel Aware": false,
      "Startup Cost": 339027.89,
      "Total Cost": 339027.9,
      "Plan Rows": 1,
      "Plan Width": 8,
      "Actual Startup Time": 396.744,
      "Actual Total Time": 418.079,
      "Actual Rows": 1,
      "Actual Loops": 1,
      "Plans": [
        {
          "Node Type": "Gather",
          "Parent Relationship": "Outer",
          "Parallel Aware": false,
          "Startup Cost": 339027.27,
          "Total Cost": 339027.88,
          "Plan Rows": 6,
          "Plan Width": 8,
          "Actual Startup Time": 396.571,
          "Actual Total Time": 418.068,
          "Actual Rows": 7,
          "Actual Loops": 1,
          "Workers Planned": 6,
          "Workers Launched": 6,
          "Single Copy": false,
          "Plans": [
            {
              "Node Type": "Aggregate",
              "Strategy": "Plain",
              "Partial Mode": "Partial",
              "Parent Relationship": "Outer",
              "Parallel Aware": false,
              "Startup Cost": 338027.27,
              "Total Cost": 338027.28,
              "Plan Rows": 1,
              "Plan Width": 8,
              "Actual Startup Time": 386.212,
              "Actual Total Time": 386.213,
              "Actual Rows": 1,
              "Actual Loops": 7,
              "Plans": [
                {
                  "Node Type": "Index Scan",
                  "Parent Relationship": "Outer",
                  "Parallel Aware": true,
                  "Scan Direction": "Forward",
                  "Index Name": "role_id_cast_info",
                  "Relation Name": "cast_info",
                  "Alias": "ci",
                  "Startup Cost": 0.56,
                  "Total Cost": 335235.55,
                  "Plan Rows": 1116687,
                  "Plan Width": 0,
                  "Actual Startup Time": 362.702,
                  "Actual Total Time": 382.03,
                  "Actual Rows": 81006,
                  "Actual Loops": 7,
                  "Index Cond": "(role_id < 2)",
                  "Rows Removed by Index Recheck": 0,
                  "Filter": "(person_id > 1660998)",
                  "Rows Removed by Filter": 1729093
                }
              ]
            }
          ]
        }
      ]
    },
    "Planning Time": 0.214,
    "Triggers": [],
    "Execution Time": 418.144
  }
]