[
  {
    "Plan": {
      "Node Type": "Aggregate",
      "Strategy": "Plain",
      "Partial Mode": "Finalize",
      "Parallel Aware": false,
      "Startup Cost": 45266.84,
      "Total Cost": 45266.85,
      "Plan Rows": 1,
      "Plan Width": 8,
      "Actual Startup Time": 169.932,
      "Actual Total Time": 181.634,
      "Actual Rows": 1,
      "Actual Loops": 1,
      "Plans": [
        {
          "Node Type": "Gather",
          "Parent Relationship": "Outer",
          "Parallel Aware": false,
          "Startup Cost": 45266.53,
          "Total Cost": 45266.84,
          "Plan Rows": 3,
          "Plan Width": 8,
          "Actual Startup Time": 169.747,
          "Actual Total Time": 181.622,
          "Actual Rows": 4,
          "Actual Loops": 1,
          "Workers Planned": 3,
          "Workers Launched": 3,
          "Single Copy": false,
          "Plans": [
            {
              "Node Type": "Aggregate",
              "Strategy": "Plain",
              "Partial Mode": "Partial",
              "Parent Relationship": "Outer",
              "Parallel Aware": false,
              "Startup Cost": 44266.53,
              "Total Cost": 44266.54,
              "Plan Rows": 1,
              "Plan Width": 8,
              "Actual Startup Time": 162.454,
              "Actual Total Time": 162.455,
              "Actual Rows": 1,
              "Actual Loops": 4,
              "Plans": [
                {
                  "Node Type": "Seq Scan",
                  "Parent Relationship": "Outer",
                  "Parallel Aware": true,
                  "Relation Name": "movie_keyword",
                  "Alias": "mk",
                  "Startup Cost": 0.0,
                  "Total Cost": 42695.65,
                  "Plan Rows": 628349,
                  "Plan Width": 0,
                  "Actual Startup Time": 0.642,
                  "Actual Total Time": 132.759,
                  "Actual Rows": 484793,
                  "Actual Loops": 4,
                  "Filter": "(keyword_id > 6819)",
                  "Rows Removed by Filter": 646190
                }
              ]
            }
          ]
        }
      ]
    },
    "Planning Time": 0.118,
    "Triggers": [],
    "Execution Time": 181.671
  }
]