[
  {
    "Plan": {
      "Node Type": "Aggregate",
      "Strategy": "Plain",
      "Partial Mode": "Finalize",
      "Parallel Aware": false,
      "Startup Cost": 45257.3,
      "Total Cost": 45257.31,
      "Plan Rows": 1,
      "Plan Width": 8,
      "Actual Startup Time": 149.332,
      "Actual Total Time": 157.009,
      "Actual Rows": 1,
      "Actual Loops": 1,
      "Plans": [
        {
          "Node Type": "Gather",
          "Parent Relationship": "Outer",
          "Parallel Aware": false,
          "Startup Cost": 45256.98,
          "Total Cost": 45257.29,
          "Plan Rows": 3,
          "Plan Width": 8,
          "Actual Startup Time": 149.227,
          "Actual Total Time": 156.999,
          "Actual Rows": 4,
          "Actual Loops": 1,
          "Workers Planned": 3,
          "Workers Launched": 3,
          "Single Copy": false,
          "Plans": [
            {
              "Node Type": "Aggregate",
              "Strategy": "Plain",
              "Partial Mode": "Partial",
              "Parent Relationship": "Outer",
              "Parallel Aware": false,
              "Startup Cost": 44256.98,
              "Total Cost": 44256.99,
              "Plan Rows": 1,
              "Plan Width": 8,
              "Actual Startup Time": 141.098,
              "Actual Total Time": 141.099,
              "Actual Rows": 1,
              "Actual Loops": 4,
              "Plans": [
                {
                  "Node Type": "Seq Scan",
                  "Parent Relationship": "Outer",
                  "Parallel Aware": true,
                  "Relation Name": "movie_keyword",
                  "Alias": "mk",
                  "Startup Cost": 0.0,
                  "Total Cost": 42695.65,
                  "Plan Rows": 624530,
                  "Plan Width": 0,
                  "Actual Startup Time": 1.007,
                  "Actual Total Time": 116.219,
                  "Actual Rows": 484793,
                  "Actual Loops": 4,
                  "Filter": "(keyword_id > 6819)",
                  "Rows Removed by Filter": 646190
                }
              ]
            }
          ]
        }
      ]
    },
    "Planning Time": 0.183,
    "Triggers": [],
    "Execution Time": 157.064
  }
]