{
    "Plan": {
        "Node Type": "Aggregate",
        "Strategy": "Plain",
        "Partial Mode": "Simple",
        "Parallel Aware": false,
        "Startup Cost": 10000584453.61,
        "Total Cost": 10000584453.62,
        "Plan Rows": 1,
        "Plan Width": 8,
        "Actual Startup Time": 6056.734,
        "Actual Total Time": 6056.738,
        "Actual Rows": 1,
        "Actual Loops": 1,
        "Output": [
            "count(*)"
        ],
        "Plans": [
            {
                "Node Type": "Hash Join",
                "Parent Relationship": "Outer",
                "Parallel Aware": false,
                "Join Type": "Inner",
                "Startup Cost": 10000247500.06,
                "Total Cost": 10000572500.91,
                "Plan Rows": 4781080,
                "Plan Width": 0,
                "Actual Startup Time": 3111.47,
                "Actual Total Time": 5868.736,
                "Actual Rows": 4749952,
                "Actual Loops": 1,
                "Inner Unique": true,
                "Hash Cond": "(ci.movie_id = t.id)",
                "Plans": [
                    {
                        "Node Type": "Bitmap Heap Scan",
                        "Parent Relationship": "Outer",
                        "Parallel Aware": false,
                        "Relation Name": "cast_info",
                        "Schema": "public",
                        "Alias": "ci",
                        "Startup Cost": 105553.94,
                        "Total Cost": 418004.43,
                        "Plan Rows": 4781080,
                        "Plan Width": 4,
                        "Actual Startup Time": 289.026,
                        "Actual Total Time": 1024.84,
                        "Actual Rows": 4749952,
                        "Actual Loops": 1,
                        "Output": [
                            "ci.id",
                            "ci.person_id",
                            "ci.movie_id",
                            "ci.person_role_id",
                            "ci.note",
                            "ci.nr_order",
                            "ci.role_id"
                        ],
                        "Recheck Cond": "(ci.person_id > 3204008)",
                        "Rows Removed by Index Recheck": 0,
                        "Exact Heap Blocks": 64870,
                        "Lossy Heap Blocks": 0,
                        "Plans": [
                            {
                                "Node Type": "Bitmap Index Scan",
                                "Parent Relationship": "Outer",
                                "Parallel Aware": false,
                                "Index Name": "person_id_cast_info",
                                "Startup Cost": 0.0,
                                "Total Cost": 104358.67,
                                "Plan Rows": 4781080,
                                "Plan Width": 0,
                                "Actual Startup Time": 273.009,
                                "Actual Total Time": 273.01,
                                "Actual Rows": 4749952,
                                "Actual Loops": 1,
                                "Index Cond": "(ci.person_id > 3204008)"
                            }
                        ]
                    },
                    {
                        "Node Type": "Hash",
                        "Parent Relationship": "Inner",
                        "Parallel Aware": false,
                        "Startup Cost": 10000110342.1,
                        "Total Cost": 10000110342.1,
                        "Plan Rows": 2528322,
                        "Plan Width": 4,
                        "Actual Startup Time": 2798.75,
                        "Actual Total Time": 2798.751,
                        "Actual Rows": 2528312,
                        "Actual Loops": 1,
                        "Output": [
                            "t.id"
                        ],
                        "Hash Buckets": 4194304,
                        "Original Hash Buckets": 4194304,
                        "Hash Batches": 1,
                        "Original Hash Batches": 1,
                        "Peak Memory Usage": 121654,
                        "Plans": [
                            {
                                "Node Type": "Index Scan",
                                "Parent Relationship": "Outer",
                                "Parallel Aware": false,
                                "Scan Direction": "Forward",
                                "Index Name": "title_pkey",
                                "Relation Name": "title",
                                "Schema": "public",
                                "Alias": "t",
                                "Startup Cost": 10000000000.43,
                                "Total Cost": 10000110342.1,
                                "Plan Rows": 2528322,
                                "Plan Width": 4,
                                "Actual Startup Time": 0.046,
                                "Actual Total Time": 1893.215,
                                "Actual Rows": 2528312,
                                "Actual Loops": 1,
                                "Output": [
                                    "t.id"
                                ]
                            }
                        ]
                    }
                ]
            }
        ]
    },
    "Planning Time": 1.847,
    "Triggers": [],
    "Execution Time": 6060.278
}