{
  "Plan": {
    "Node Type": "Aggregate",
    "Strategy": "Plain",
    "Partial Mode": "Finalize",
    "Parallel Aware": false,
    "Startup Cost": 109617.46,
    "Total Cost": 109617.47,
    "Plan Rows": 1,
    "Plan Width": 8,
    "Actual Startup Time": 279.451,
    "Actual Total Time": 292.616,
    "Actual Rows": 1,
    "Actual Loops": 1,
    "Plans": [
      {
        "Node Type": "Gather",
        "Parent Relationship": "Outer",
        "Parallel Aware": false,
        "Startup Cost": 109617.35,
        "Total Cost": 109617.46,
        "Plan Rows": 1,
        "Plan Width": 8,
        "Actual Startup Time": 278.571,
        "Actual Total Time": 292.609,
        "Actual Rows": 2,
        "Actual Loops": 1,
        "Workers Planned": 1,
        "Workers Launched": 1,
        "Single Copy": false,
        "Plans": [
          {
            "Node Type": "Aggregate",
            "Strategy": "Plain",
            "Partial Mode": "Partial",
            "Parent Relationship": "Outer",
            "Parallel Aware": false,
            "Startup Cost": 108617.35,
            "Total Cost": 108617.36,
            "Plan Rows": 1,
            "Plan Width": 8,
            "Actual Startup Time": 272.19,
            "Actual Total Time": 272.194,
            "Actual Rows": 1,
            "Actual Loops": 2,
            "Plans": [
              {
                "Node Type": "Nested Loop",
                "Parent Relationship": "Outer",
                "Parallel Aware": false,
                "Join Type": "Inner",
                "Startup Cost": 66554.27,
                "Total Cost": 108583.93,
                "Plan Rows": 13369,
                "Plan Width": 0,
                "Actual Startup Time": 209.506,
                "Actual Total Time": 272.075,
                "Actual Rows": 2061,
                "Actual Loops": 2,
                "Inner Unique": false,
                "Plans": [
                  {
                    "Node Type": "Hash Join",
                    "Parent Relationship": "Outer",
                    "Parallel Aware": true,
                    "Join Type": "Inner",
                    "Startup Cost": 66553.84,
                    "Total Cost": 93055.61,
                    "Plan Rows": 24494,
                    "Plan Width": 8,
                    "Actual Startup Time": 209.421,
                    "Actual Total Time": 268.942,
                    "Actual Rows": 1108,
                    "Actual Loops": 2,
                    "Inner Unique": true,
                    "Hash Cond": "(mk.movie_id = t.id)",
                    "Plans": [
                      {
                        "Node Type": "Bitmap Heap Scan",
                        "Parent Relationship": "Outer",
                        "Parallel Aware": true,
                        "Relation Name": "movie_keyword",
                        "Alias": "mk",
                        "Startup Cost": 4884.2,
                        "Total Cost": 31030.57,
                        "Plan Rows": 135390,
                        "Plan Width": 4,
                        "Actual Startup Time": 15.641,
                        "Actual Total Time": 56.25,
                        "Actual Rows": 110006,
                        "Actual Loops": 2,
                        "Recheck Cond": "(keyword_id > 64768)",
                        "Rows Removed by Index Recheck": 0,
                        "Exact Heap Blocks": 12286,
                        "Lossy Heap Blocks": 0,
                        "Plans": [
                          {
                            "Node Type": "Bitmap Index Scan",
                            "Parent Relationship": "Outer",
                            "Parallel Aware": false,
                            "Index Name": "keyword_id_movie_keyword",
                            "Startup Cost": 0.0,
                            "Total Cost": 4826.65,
                            "Plan Rows": 230163,
                            "Plan Width": 0,
                            "Actual Startup Time": 12.568,
                            "Actual Total Time": 12.568,
                            "Actual Rows": 220011,
                            "Actual Loops": 1,
                            "Index Cond": "(keyword_id > 64768)"
                          }
                        ]
                      },
                      {
                        "Node Type": "Hash",
                        "Parent Relationship": "Inner",
                        "Parallel Aware": true,
                        "Startup Cost": 58306.47,
                        "Total Cost": 58306.47,
                        "Plan Rows": 269054,
                        "Plan Width": 4,
                        "Actual Startup Time": 188.044,
                        "Actual Total Time": 188.045,
                        "Actual Rows": 172106,
                        "Actual Loops": 2,
                        "Hash Buckets": 524288,
                        "Original Hash Buckets": 524288,
                        "Hash Batches": 1,
                        "Original Hash Batches": 1,
                        "Peak Memory Usage": 17600,
                        "Plans": [
                          {
                            "Node Type": "Seq Scan",
                            "Parent Relationship": "Outer",
                            "Parallel Aware": true,
                            "Relation Name": "title",
                            "Alias": "t",
                            "Startup Cost": 0.0,
                            "Total Cost": 58306.47,
                            "Plan Rows": 269054,
                            "Plan Width": 4,
                            "Actual Startup Time": 0.029,
                            "Actual Total Time": 145.376,
                            "Actual Rows": 172106,
                            "Actual Loops": 2,
                            "Filter": "((production_year < 1993) AND (kind_id = 7))",
                            "Rows Removed by Filter": 1092050
                          }
                        ]
                      }
                    ]
                  },
                  {
                    "Node Type": "Index Only Scan",
                    "Parent Relationship": "Inner",
                    "Parallel Aware": false,
                    "Scan Direction": "Forward",
                    "Index Name": "movie_id_movie_info_idx",
                    "Relation Name": "movie_info_idx",
                    "Alias": "mi_idx",
                    "Startup Cost": 0.43,
                    "Total Cost": 0.6,
                    "Plan Rows": 3,
                    "Plan Width": 4,
                    "Actual Startup Time": 0.002,
                    "Actual Total Time": 0.002,
                    "Actual Rows": 2,
                    "Actual Loops": 2215,
                    "Index Cond": "(movie_id = t.id)",
                    "Rows Removed by Index Recheck": 0,
                    "Heap Fetches": 4122
                  }
                ]
              }
            ]
          }
        ]
      }
    ]
  },
  "Planning Time": 1.076,
  "Triggers": [],
  "Execution Time": 292.727
}