[
  {
    "Plan": {
      "Node Type": "Aggregate",
      "Strategy": "Plain",
      "Partial Mode": "Finalize",
      "Parallel Aware": false,
      "Startup Cost": 160602.29,
      "Total Cost": 160602.3,
      "Plan Rows": 1,
      "Plan Width": 8,
      "Actual Startup Time": 128.269,
      "Actual Total Time": 158.477,
      "Actual Rows": 1,
      "Actual Loops": 1,
      "Plans": [
        {
          "Node Type": "Gather",
          "Parent Relationship": "Outer",
          "Parallel Aware": false,
          "Startup Cost": 160601.87,
          "Total Cost": 160602.28,
          "Plan Rows": 4,
          "Plan Width": 8,
          "Actual Startup Time": 128.106,
          "Actual Total Time": 158.465,
          "Actual Rows": 5,
          "Actual Loops": 1,
          "Workers Planned": 4,
          "Workers Launched": 4,
          "Single Copy": false,
          "Plans": [
            {
              "Node Type": "Aggregate",
              "Strategy": "Plain",
              "Partial Mode": "Partial",
              "Parent Relationship": "Outer",
              "Parallel Aware": false,
              "Startup Cost": 159601.87,
              "Total Cost": 159601.88,
              "Plan Rows": 1,
              "Plan Width": 8,
              "Actual Startup Time": 121.105,
              "Actual Total Time": 121.108,
              "Actual Rows": 1,
              "Actual Loops": 5,
              "Plans": [
                {
                  "Node Type": "Nested Loop",
                  "Parent Relationship": "Outer",
                  "Parallel Aware": false,
                  "Join Type": "Inner",
                  "Startup Cost": 0.43,
                  "Total Cost": 159600.47,
                  "Plan Rows": 561,
                  "Plan Width": 0,
                  "Actual Startup Time": 57.868,
                  "Actual Total Time": 121.016,
                  "Actual Rows": 860,
                  "Actual Loops": 5,
                  "Inner Unique": false,
                  "Plans": [
                    {
                      "Node Type": "Seq Scan",
                      "Parent Relationship": "Outer",
                      "Parallel Aware": true,
                      "Relation Name": "title",
                      "Alias": "t",
                      "Startup Cost": 0.0,
                      "Total Cost": 45479.59,
                      "Plan Rows": 1018,
                      "Plan Width": 4,
                      "Actual Startup Time": 57.651,
                      "Actual Total Time": 85.413,
                      "Actual Rows": 893,
                      "Actual Loops": 5,
                      "Filter": "((kind_id = 1) AND (production_year = 1980))",
                      "Rows Removed by Filter": 504769
                    },
                    {
                      "Node Type": "Index Scan",
                      "Parent Relationship": "Inner",
                      "Parallel Aware": false,
                      "Scan Direction": "Forward",
                      "Index Name": "movie_id_movie_info",
                      "Relation Name": "movie_info",
                      "Alias": "mi",
                      "Startup Cost": 0.43,
                      "Total Cost": 112.06,
                      "Plan Rows": 4,
                      "Plan Width": 4,
                      "Actual Startup Time": 0.028,
                      "Actual Total Time": 0.039,
                      "Actual Rows": 1,
                      "Actual Loops": 4466,
                      "Index Cond": "(movie_id = t.id)",
                      "Rows Removed by Index Recheck": 0,
                      "Filter": "(info_type_id = 7)",
                      "Rows Removed by Filter": 11
                    }
                  ]
                }
              ]
            }
          ]
        }
      ]
    },
    "Planning Time": 0.253,
    "Triggers": [],
    "Execution Time": 158.523
  }
]