[
  {
    "Plan": {
      "Node Type": "Aggregate",
      "Strategy": "Plain",
      "Partial Mode": "Finalize",
      "Parallel Aware": false,
      "Startup Cost": 165366.92,
      "Total Cost": 165366.93,
      "Plan Rows": 1,
      "Plan Width": 8,
      "Actual Startup Time": 548.865,
      "Actual Total Time": 586.049,
      "Actual Rows": 1,
      "Actual Loops": 1,
      "Plans": [
        {
          "Node Type": "Gather",
          "Parent Relationship": "Outer",
          "Parallel Aware": false,
          "Startup Cost": 165366.6,
          "Total Cost": 165366.91,
          "Plan Rows": 3,
          "Plan Width": 8,
          "Actual Startup Time": 548.567,
          "Actual Total Time": 586.04,
          "Actual Rows": 4,
          "Actual Loops": 1,
          "Workers Planned": 3,
          "Workers Launched": 3,
          "Single Copy": false,
          "Plans": [
            {
              "Node Type": "Aggregate",
              "Strategy": "Plain",
              "Partial Mode": "Partial",
              "Parent Relationship": "Outer",
              "Parallel Aware": false,
              "Startup Cost": 164366.6,
              "Total Cost": 164366.61,
              "Plan Rows": 1,
              "Plan Width": 8,
              "Actual Startup Time": 539.175,
              "Actual Total Time": 539.178,
              "Actual Rows": 1,
              "Actual Loops": 4,
              "Plans": [
                {
                  "Node Type": "Nested Loop",
                  "Parent Relationship": "Outer",
                  "Parallel Aware": false,
                  "Join Type": "Inner",
                  "Startup Cost": 45712.11,
                  "Total Cost": 163144.11,
                  "Plan Rows": 488999,
                  "Plan Width": 0,
                  "Actual Startup Time": 108.331,
                  "Actual Total Time": 523.232,
                  "Actual Rows": 316578,
                  "Actual Loops": 4,
                  "Inner Unique": false,
                  "Join Filter": "(t.id = ci.movie_id)",
                  "Rows Removed by Join Filter": 0,
                  "Plans": [
                    {
                      "Node Type": "Hash Join",
                      "Parent Relationship": "Outer",
                      "Parallel Aware": true,
                      "Join Type": "Inner",
                      "Startup Cost": 45711.55,
                      "Total Cost": 91452.07,
                      "Plan Rows": 34126,
                      "Plan Width": 8,
                      "Actual Startup Time": 108.244,
                      "Actual Total Time": 288.425,
                      "Actual Rows": 8325,
                      "Actual Loops": 4,
                      "Inner Unique": true,
                      "Hash Cond": "(mk.movie_id = t.id)",
                      "Plans": [
                        {
                          "Node Type": "Seq Scan",
                          "Parent Relationship": "Outer",
                          "Parallel Aware": true,
                          "Relation Name": "movie_keyword",
                          "Alias": "mk",
                          "Startup Cost": 0.0,
                          "Total Cost": 42695.65,
                          "Plan Rows": 1159949,
                          "Plan Width": 4,
                          "Actual Startup Time": 0.026,
                          "Actual Total Time": 112.655,
                          "Actual Rows": 901417,
                          "Actual Loops": 4,
                          "Filter": "(keyword_id < 20330)",
                          "Rows Removed by Filter": 229566
                        },
                        {
                          "Node Type": "Hash",
                          "Parent Relationship": "Inner",
                          "Parallel Aware": true,
                          "Startup Cost": 45479.1,
                          "Total Cost": 45479.1,
                          "Plan Rows": 18596,
                          "Plan Width": 4,
                          "Actual Startup Time": 106.415,
                          "Actual Total Time": 106.416,
                          "Actual Rows": 21027,
                          "Actual Loops": 4,
                          "Hash Buckets": 131072,
                          "Original Hash Buckets": 131072,
                          "Hash Batches": 1,
                          "Original Hash Batches": 1,
                          "Peak Memory Usage": 4384,
                          "Plans": [
                            {
                              "Node Type": "Seq Scan",
                              "Parent Relationship": "Outer",
                              "Parallel Aware": true,
                              "Relation Name": "title",
                              "Alias": "t",
                              "Startup Cost": 0.0,
                              "Total Cost": 45479.1,
                              "Plan Rows": 18596,
                              "Plan Width": 4,
                              "Actual Startup Time": 0.047,
                              "Actual Total Time": 97.226,
                              "Actual Rows": 21027,
                              "Actual Loops": 4,
                              "Filter": "((kind_id = 7) AND (production_year = 2008))",
                              "Rows Removed by Filter": 611051
                            }
                          ]
                        }
                      ]
                    },
                    {
                      "Node Type": "Index Only Scan",
                      "Parent Relationship": "Inner",
                      "Parallel Aware": false,
                      "Scan Direction": "Forward",
                      "Index Name": "movie_id_cast_info",
                      "Relation Name": "cast_info",
                      "Alias": "ci",
                      "Startup Cost": 0.56,
                      "Total Cost": 1.64,
                      "Plan Rows": 37,
                      "Plan Width": 4,
                      "Actual Startup Time": 0.004,
                      "Actual Total Time": 0.024,
                      "Actual Rows": 38,
                      "Actual Loops": 33301,
                      "Index Cond": "(movie_id = mk.movie_id)",
                      "Rows Removed by Index Recheck": 0,
                      "Heap Fetches": 1266310
                    }
                  ]
                }
              ]
            }
          ]
        }
      ]
    },
    "Planning Time": 1.391,
    "Triggers": [],
    "Execution Time": 586.157
  }
]