[
  {
    "Plan": {
      "Node Type": "Aggregate",
      "Strategy": "Plain",
      "Partial Mode": "Finalize",
      "Parallel Aware": false,
      "Startup Cost": 33456.21,
      "Total Cost": 33456.22,
      "Plan Rows": 1,
      "Plan Width": 8,
      "Actual Startup Time": 119.825,
      "Actual Total Time": 128.507,
      "Actual Rows": 1,
      "Actual Loops": 1,
      "Plans": [
        {
          "Node Type": "Gather",
          "Parent Relationship": "Outer",
          "Parallel Aware": false,
          "Startup Cost": 33455.89,
          "Total Cost": 33456.2,
          "Plan Rows": 3,
          "Plan Width": 8,
          "Actual Startup Time": 119.686,
          "Actual Total Time": 128.498,
          "Actual Rows": 4,
          "Actual Loops": 1,
          "Workers Planned": 3,
          "Workers Launched": 3,
          "Single Copy": false,
          "Plans": [
            {
              "Node Type": "Aggregate",
              "Strategy": "Plain",
              "Partial Mode": "Partial",
              "Parent Relationship": "Outer",
              "Parallel Aware": false,
              "Startup Cost": 32455.89,
              "Total Cost": 32455.9,
              "Plan Rows": 1,
              "Plan Width": 8,
              "Actual Startup Time": 111.013,
              "Actual Total Time": 111.014,
              "Actual Rows": 1,
              "Actual Loops": 4,
              "Plans": [
                {
                  "Node Type": "Seq Scan",
                  "Parent Relationship": "Outer",
                  "Parallel Aware": true,
                  "Relation Name": "movie_companies",
                  "Alias": "mc",
                  "Startup Cost": 0.0,
                  "Total Cost": 31414.82,
                  "Plan Rows": 416428,
                  "Plan Width": 0,
                  "Actual Startup Time": 52.067,
                  "Actual Total Time": 95.554,
                  "Actual Rows": 317815,
                  "Actual Loops": 4,
                  "Filter": "((company_id < 181163) AND (company_type_id = 2))",
                  "Rows Removed by Filter": 334468
                }
              ]
            }
          ]
        }
      ]
    },
    "Planning Time": 0.228,
    "Triggers": [],
    "Execution Time": 128.566
  }
]