[
    {
        "Bao": {
            "Bao prediction": "NaN",
            "Bao recommended hint": "(no hint)"
        }
    },
    {
        "Plan": {
            "Node Type": "Aggregate",
            "Strategy": "Plain",
            "Partial Mode": "Finalize",
            "Parallel Aware": false,
            "Startup Cost": 381766.1,
            "Total Cost": 381766.11,
            "Plan Rows": 1,
            "Plan Width": 8,
            "Actual Startup Time": 1004.606,
            "Actual Total Time": 1035.166,
            "Actual Rows": 1,
            "Actual Loops": 1,
            "Output": [
                "count(*)"
            ],
            "Plans": [
                {
                    "Node Type": "Gather",
                    "Parent Relationship": "Outer",
                    "Parallel Aware": false,
                    "Startup Cost": 381765.47,
                    "Total Cost": 381766.08,
                    "Plan Rows": 6,
                    "Plan Width": 8,
                    "Actual Startup Time": 1003.729,
                    "Actual Total Time": 1035.086,
                    "Actual Rows": 7,
                    "Actual Loops": 1,
                    "Output": [
                        "(PARTIAL count(*))"
                    ],
                    "Workers Planned": 6,
                    "Workers Launched": 6,
                    "Single Copy": false,
                    "Plans": [
                        {
                            "Node Type": "Aggregate",
                            "Strategy": "Plain",
                            "Partial Mode": "Partial",
                            "Parent Relationship": "Outer",
                            "Parallel Aware": false,
                            "Startup Cost": 380765.47,
                            "Total Cost": 380765.48,
                            "Plan Rows": 1,
                            "Plan Width": 8,
                            "Actual Startup Time": 993.596,
                            "Actual Total Time": 993.599,
                            "Actual Rows": 1,
                            "Actual Loops": 7,
                            "Output": [
                                "PARTIAL count(*)"
                            ],
                            "Workers": [
                                {
                                    "Worker Number": 0,
                                    "Actual Startup Time": 991.176,
                                    "Actual Total Time": 991.179,
                                    "Actual Rows": 1,
                                    "Actual Loops": 1
                                },
                                {
                                    "Worker Number": 1,
                                    "Actual Startup Time": 991.551,
                                    "Actual Total Time": 991.553,
                                    "Actual Rows": 1,
                                    "Actual Loops": 1
                                },
                                {
                                    "Worker Number": 2,
                                    "Actual Startup Time": 991.855,
                                    "Actual Total Time": 991.857,
                                    "Actual Rows": 1,
                                    "Actual Loops": 1
                                },
                                {
                                    "Worker Number": 3,
                                    "Actual Startup Time": 992.142,
                                    "Actual Total Time": 992.144,
                                    "Actual Rows": 1,
                                    "Actual Loops": 1
                                },
                                {
                                    "Worker Number": 4,
                                    "Actual Startup Time": 992.43,
                                    "Actual Total Time": 992.433,
                                    "Actual Rows": 1,
                                    "Actual Loops": 1
                                },
                                {
                                    "Worker Number": 5,
                                    "Actual Startup Time": 992.753,
                                    "Actual Total Time": 992.756,
                                    "Actual Rows": 1,
                                    "Actual Loops": 1
                                }
                            ],
                            "Plans": [
                                {
                                    "Node Type": "Hash Join",
                                    "Parent Relationship": "Outer",
                                    "Parallel Aware": true,
                                    "Join Type": "Inner",
                                    "Startup Cost": 44341.46,
                                    "Total Cost": 380349.76,
                                    "Plan Rows": 166286,
                                    "Plan Width": 0,
                                    "Actual Startup Time": 269.149,
                                    "Actual Total Time": 983.664,
                                    "Actual Rows": 177738,
                                    "Actual Loops": 7,
                                    "Inner Unique": true,
                                    "Hash Cond": "(ci.movie_id = t.id)",
                                    "Workers": [
                                        {
                                            "Worker Number": 0,
                                            "Actual Startup Time": 266.605,
                                            "Actual Total Time": 981.405,
                                            "Actual Rows": 176887,
                                            "Actual Loops": 1
                                        },
                                        {
                                            "Worker Number": 1,
                                            "Actual Startup Time": 267.036,
                                            "Actual Total Time": 981.958,
                                            "Actual Rows": 184044,
                                            "Actual Loops": 1
                                        },
                                        {
                                            "Worker Number": 2,
                                            "Actual Startup Time": 267.353,
                                            "Actual Total Time": 982.06,
                                            "Actual Rows": 185902,
                                            "Actual Loops": 1
                                        },
                                        {
                                            "Worker Number": 3,
                                            "Actual Startup Time": 267.922,
                                            "Actual Total Time": 982.143,
                                            "Actual Rows": 182613,
                                            "Actual Loops": 1
                                        },
                                        {
                                            "Worker Number": 4,
                                            "Actual Startup Time": 267.971,
                                            "Actual Total Time": 982.677,
                                            "Actual Rows": 185429,
                                            "Actual Loops": 1
                                        },
                                        {
                                            "Worker Number": 5,
                                            "Actual Startup Time": 268.317,
                                            "Actual Total Time": 982.163,
                                            "Actual Rows": 121546,
                                            "Actual Loops": 1
                                        }
                                    ],
                                    "Plans": [
                                        {
                                            "Node Type": "Seq Scan",
                                            "Parent Relationship": "Outer",
                                            "Parallel Aware": true,
                                            "Relation Name": "cast_info",
                                            "Schema": "public",
                                            "Alias": "ci",
                                            "Startup Cost": 0.0,
                                            "Total Cost": 328213.62,
                                            "Plan Rows": 2969399,
                                            "Plan Width": 4,
                                            "Actual Startup Time": 184.648,
                                            "Actual Total Time": 551.321,
                                            "Actual Rows": 2561090,
                                            "Actual Loops": 7,
                                            "Output": [
                                                "ci.id",
                                                "ci.person_id",
                                                "ci.movie_id",
                                                "ci.person_role_id",
                                                "ci.note",
                                                "ci.nr_order",
                                                "ci.role_id"
                                            ],
                                            "Filter": "(ci.person_id > 1821213)",
                                            "Rows Removed by Filter": 2616673,
                                            "Workers": [
                                                {
                                                    "Worker Number": 0,
                                                    "Actual Startup Time": 184.617,
                                                    "Actual Total Time": 547.167,
                                                    "Actual Rows": 2614957,
                                                    "Actual Loops": 1
                                                },
                                                {
                                                    "Worker Number": 1,
                                                    "Actual Startup Time": 184.606,
                                                    "Actual Total Time": 556.291,
                                                    "Actual Rows": 2651143,
                                                    "Actual Loops": 1
                                                },
                                                {
                                                    "Worker Number": 2,
                                                    "Actual Startup Time": 184.703,
                                                    "Actual Total Time": 560.607,
                                                    "Actual Rows": 2683602,
                                                    "Actual Loops": 1
                                                },
                                                {
                                                    "Worker Number": 3,
                                                    "Actual Startup Time": 184.618,
                                                    "Actual Total Time": 551.104,
                                                    "Actual Rows": 2642880,
                                                    "Actual Loops": 1
                                                },
                                                {
                                                    "Worker Number": 4,
                                                    "Actual Startup Time": 184.577,
                                                    "Actual Total Time": 556.784,
                                                    "Actual Rows": 2652466,
                                                    "Actual Loops": 1
                                                },
                                                {
                                                    "Worker Number": 5,
                                                    "Actual Startup Time": 184.688,
                                                    "Actual Total Time": 554.183,
                                                    "Actual Rows": 1764903,
                                                    "Actual Loops": 1
                                                }
                                            ]
                                        },
                                        {
                                            "Node Type": "Hash",
                                            "Parent Relationship": "Inner",
                                            "Parallel Aware": true,
                                            "Startup Cost": 43899.01,
                                            "Total Cost": 43899.01,
                                            "Plan Rows": 35396,
                                            "Plan Width": 4,
                                            "Actual Startup Time": 82.781,
                                            "Actual Total Time": 82.782,
                                            "Actual Rows": 20243,
                                            "Actual Loops": 7,
                                            "Output": [
                                                "t.id"
                                            ],
                                            "Hash Buckets": 262144,
                                            "Original Hash Buckets": 262144,
                                            "Hash Batches": 1,
                                            "Original Hash Batches": 1,
                                            "Peak Memory Usage": 7680,
                                            "Workers": [
                                                {
                                                    "Worker Number": 0,
                                                    "Actual Startup Time": 81.079,
                                                    "Actual Total Time": 81.08,
                                                    "Actual Rows": 17991,
                                                    "Actual Loops": 1
                                                },
                                                {
                                                    "Worker Number": 1,
                                                    "Actual Startup Time": 81.467,
                                                    "Actual Total Time": 81.468,
                                                    "Actual Rows": 18176,
                                                    "Actual Loops": 1
                                                },
                                                {
                                                    "Worker Number": 2,
                                                    "Actual Startup Time": 81.775,
                                                    "Actual Total Time": 81.776,
                                                    "Actual Rows": 18981,
                                                    "Actual Loops": 1
                                                },
                                                {
                                                    "Worker Number": 3,
                                                    "Actual Startup Time": 82.02,
                                                    "Actual Total Time": 82.021,
                                                    "Actual Rows": 18798,
                                                    "Actual Loops": 1
                                                },
                                                {
                                                    "Worker Number": 4,
                                                    "Actual Startup Time": 82.332,
                                                    "Actual Total Time": 82.333,
                                                    "Actual Rows": 18180,
                                                    "Actual Loops": 1
                                                },
                                                {
                                                    "Worker Number": 5,
                                                    "Actual Startup Time": 82.641,
                                                    "Actual Total Time": 82.643,
                                                    "Actual Rows": 14472,
                                                    "Actual Loops": 1
                                                }
                                            ],
                                            "Plans": [
                                                {
                                                    "Node Type": "Seq Scan",
                                                    "Parent Relationship": "Outer",
                                                    "Parallel Aware": true,
                                                    "Relation Name": "title",
                                                    "Schema": "public",
                                                    "Alias": "t",
                                                    "Startup Cost": 0.0,
                                                    "Total Cost": 43899.01,
                                                    "Plan Rows": 35396,
                                                    "Plan Width": 4,
                                                    "Actual Startup Time": 0.046,
                                                    "Actual Total Time": 72.958,
                                                    "Actual Rows": 20243,
                                                    "Actual Loops": 7,
                                                    "Output": [
                                                        "t.id"
                                                    ],
                                                    "Filter": "(t.production_year = 2010)",
                                                    "Rows Removed by Filter": 340944,
                                                    "Workers": [
                                                        {
                                                            "Worker Number": 0,
                                                            "Actual Startup Time": 0.061,
                                                            "Actual Total Time": 71.87,
                                                            "Actual Rows": 17991,
                                                            "Actual Loops": 1
                                                        },
                                                        {
                                                            "Worker Number": 1,
                                                            "Actual Startup Time": 0.039,
                                                            "Actual Total Time": 72.014,
                                                            "Actual Rows": 18176,
                                                            "Actual Loops": 1
                                                        },
                                                        {
                                                            "Worker Number": 2,
                                                            "Actual Startup Time": 0.06,
                                                            "Actual Total Time": 72.932,
                                                            "Actual Rows": 18981,
                                                            "Actual Loops": 1
                                                        },
                                                        {
                                                            "Worker Number": 3,
                                                            "Actual Startup Time": 0.049,
                                                            "Actual Total Time": 73.267,
                                                            "Actual Rows": 18798,
                                                            "Actual Loops": 1
                                                        },
                                                        {
                                                            "Worker Number": 4,
                                                            "Actual Startup Time": 0.049,
                                                            "Actual Total Time": 72.412,
                                                            "Actual Rows": 18180,
                                                            "Actual Loops": 1
                                                        },
                                                        {
                                                            "Worker Number": 5,
                                                            "Actual Startup Time": 0.054,
                                                            "Actual Total Time": 73.23,
                                                            "Actual Rows": 14472,
                                                            "Actual Loops": 1
                                                        }
                                                    ]
                                                }
                                            ]
                                        }
                                    ]
                                }
                            ]
                        }
                    ]
                }
            ]
        },
        "Planning Time": 272.854,
        "Triggers": [],
        "Execution Time": 1035.241
    }
]