{
  "Plan": {
    "Node Type": "Aggregate",
    "Strategy": "Plain",
    "Partial Mode": "Finalize",
    "Parallel Aware": false,
    "Startup Cost": 2340167.84,
    "Total Cost": 2340167.85,
    "Plan Rows": 1,
    "Plan Width": 8,
    "Actual Startup Time": 17940.971,
    "Actual Total Time": 18047.172,
    "Actual Rows": 1,
    "Actual Loops": 1,
    "Plans": [
      {
        "Node Type": "Gather",
        "Parent Relationship": "Outer",
        "Parallel Aware": false,
        "Startup Cost": 2340167.73,
        "Total Cost": 2340167.84,
        "Plan Rows": 1,
        "Plan Width": 8,
        "Actual Startup Time": 17898.094,
        "Actual Total Time": 18047.16,
        "Actual Rows": 2,
        "Actual Loops": 1,
        "Workers Planned": 1,
        "Workers Launched": 1,
        "Single Copy": false,
        "Plans": [
          {
            "Node Type": "Aggregate",
            "Strategy": "Plain",
            "Partial Mode": "Partial",
            "Parent Relationship": "Outer",
            "Parallel Aware": false,
            "Startup Cost": 2339167.73,
            "Total Cost": 2339167.74,
            "Plan Rows": 1,
            "Plan Width": 8,
            "Actual Startup Time": 17882.447,
            "Actual Total Time": 17882.456,
            "Actual Rows": 1,
            "Actual Loops": 2,
            "Plans": [
              {
                "Node Type": "Hash Join",
                "Parent Relationship": "Outer",
                "Parallel Aware": true,
                "Join Type": "Inner",
                "Startup Cost": 1852137.8,
                "Total Cost": 2287615.34,
                "Plan Rows": 20620957,
                "Plan Width": 0,
                "Actual Startup Time": 6725.372,
                "Actual Total Time": 14678.41,
                "Actual Rows": 80743008,
                "Actual Loops": 2,
                "Inner Unique": false,
                "Hash Cond": "(mi.movie_id = t.id)",
                "Plans": [
                  {
                    "Node Type": "Seq Scan",
                    "Parent Relationship": "Outer",
                    "Parallel Aware": true,
                    "Relation Name": "movie_info",
                    "Alias": "mi",
                    "Startup Cost": 0.0,
                    "Total Cost": 248955.74,
                    "Plan Rows": 8696274,
                    "Plan Width": 4,
                    "Actual Startup Time": 0.037,
                    "Actual Total Time": 642.328,
                    "Actual Rows": 7417860,
                    "Actual Loops": 2
                  },
                  {
                    "Node Type": "Hash",
                    "Parent Relationship": "Inner",
                    "Parallel Aware": true,
                    "Startup Cost": 1808055.51,
                    "Total Cost": 1808055.51,
                    "Plan Rows": 3526583,
                    "Plan Width": 8,
                    "Actual Startup Time": 6694.401,
                    "Actual Total Time": 6694.405,
                    "Actual Rows": 3249800,
                    "Actual Loops": 2,
                    "Hash Buckets": 8388608,
                    "Original Hash Buckets": 8388608,
                    "Hash Batches": 1,
                    "Original Hash Batches": 1,
                    "Peak Memory Usage": 319808,
                    "Plans": [
                      {
                        "Node Type": "Merge Join",
                        "Parent Relationship": "Outer",
                        "Parallel Aware": false,
                        "Join Type": "Inner",
                        "Startup Cost": 1722871.44,
                        "Total Cost": 1808055.51,
                        "Plan Rows": 3526583,
                        "Plan Width": 8,
                        "Actual Startup Time": 3874.875,
                        "Actual Total Time": 5904.217,
                        "Actual Rows": 3249800,
                        "Actual Loops": 2,
                        "Inner Unique": true,
                        "Merge Cond": "(ci.movie_id = t.id)",
                        "Plans": [
                          {
                            "Node Type": "Sort",
                            "Parent Relationship": "Outer",
                            "Parallel Aware": false,
                            "Startup Cost": 1557817.63,
                            "Total Cost": 1580300.95,
                            "Plan Rows": 8993326,
                            "Plan Width": 4,
                            "Actual Startup Time": 3432.416,
                            "Actual Total Time": 4466.916,
                            "Actual Rows": 7626394,
                            "Actual Loops": 2,
                            "Sort Key": [
                              "ci.movie_id"
                            ],
                            "Sort Method": "quicksort",
                            "Sort Space Used": 569288,
                            "Sort Space Type": "Memory",
                            "Workers": [
                              {
                                "Worker Number": 0,
                                "Sort Method": "quicksort",
                                "Sort Space Used": 538904,
                                "Sort Space Type": "Memory"
                              }
                            ],
                            "Plans": [
                              {
                                "Node Type": "Seq Scan",
                                "Parent Relationship": "Outer",
                                "Parallel Aware": true,
                                "Relation Name": "cast_info",
                                "Alias": "ci",
                                "Startup Cost": 0.0,
                                "Total Cost": 519069.44,
                                "Plan Rows": 8993326,
                                "Plan Width": 4,
                                "Actual Startup Time": 0.041,
                                "Actual Total Time": 1552.496,
                                "Actual Rows": 7626394,
                                "Actual Loops": 2,
                                "Filter": "(person_id < 1502109)",
                                "Rows Removed by Filter": 10495778
                              }
                            ]
                          },
                          {
                            "Node Type": "Sort",
                            "Parent Relationship": "Inner",
                            "Parallel Aware": false,
                            "Startup Cost": 165052.85,
                            "Total Cost": 167531.42,
                            "Plan Rows": 991428,
                            "Plan Width": 4,
                            "Actual Startup Time": 442.428,
                            "Actual Total Time": 613.663,
                            "Actual Rows": 983684,
                            "Actual Loops": 2,
                            "Sort Key": [
                              "t.id"
                            ],
                            "Sort Method": "quicksort",
                            "Sort Space Used": 70751,
                            "Sort Space Type": "Memory",
                            "Workers": [
                              {
                                "Worker Number": 0,
                                "Sort Method": "quicksort",
                                "Sort Space Used": 70751,
                                "Sort Space Type": "Memory"
                              }
                            ],
                            "Plans": [
                              {
                                "Node Type": "Bitmap Heap Scan",
                                "Parent Relationship": "Outer",
                                "Parallel Aware": false,
                                "Relation Name": "title",
                                "Alias": "t",
                                "Startup Cost": 17920.0,
                                "Total Cost": 66310.85,
                                "Plan Rows": 991428,
                                "Plan Width": 4,
                                "Actual Startup Time": 37.207,
                                "Actual Total Time": 195.914,
                                "Actual Rows": 985048,
                                "Actual Loops": 2,
                                "Recheck Cond": "(kind_id < 7)",
                                "Rows Removed by Index Recheck": 0,
                                "Exact Heap Blocks": 35472,
                                "Lossy Heap Blocks": 0,
                                "Plans": [
                                  {
                                    "Node Type": "Bitmap Index Scan",
                                    "Parent Relationship": "Outer",
                                    "Parallel Aware": false,
                                    "Index Name": "kind_id_title",
                                    "Startup Cost": 0.0,
                                    "Total Cost": 17672.14,
                                    "Plan Rows": 991428,
                                    "Plan Width": 0,
                                    "Actual Startup Time": 32.401,
                                    "Actual Total Time": 32.401,
                                    "Actual Rows": 985048,
                                    "Actual Loops": 2,
                                    "Index Cond": "(kind_id < 7)"
                                  }
                                ]
                              }
                            ]
                          }
                        ]
                      }
                    ]
                  }
                ]
              }
            ]
          }
        ]
      }
    ]
  },
  "Planning Time": 0.63,
  "Triggers": [],
  "Execution Time": 18096.422
}