[
  {
    "Plan": {
      "Node Type": "Aggregate",
      "Strategy": "Plain",
      "Partial Mode": "Finalize",
      "Parallel Aware": false,
      "Startup Cost": 335383.48,
      "Total Cost": 335383.49,
      "Plan Rows": 1,
      "Plan Width": 8,
      "Actual Startup Time": 706.198,
      "Actual Total Time": 751.223,
      "Actual Rows": 1,
      "Actual Loops": 1,
      "Plans": [
        {
          "Node Type": "Gather",
          "Parent Relationship": "Outer",
          "Parallel Aware": false,
          "Startup Cost": 335382.85,
          "Total Cost": 335383.46,
          "Plan Rows": 6,
          "Plan Width": 8,
          "Actual Startup Time": 705.985,
          "Actual Total Time": 751.209,
          "Actual Rows": 7,
          "Actual Loops": 1,
          "Workers Planned": 6,
          "Workers Launched": 6,
          "Single Copy": false,
          "Plans": [
            {
              "Node Type": "Aggregate",
              "Strategy": "Plain",
              "Partial Mode": "Partial",
              "Parent Relationship": "Outer",
              "Parallel Aware": false,
              "Startup Cost": 334382.85,
              "Total Cost": 334382.86,
              "Plan Rows": 1,
              "Plan Width": 8,
              "Actual Startup Time": 697.389,
              "Actual Total Time": 697.39,
              "Actual Rows": 1,
              "Actual Loops": 7,
              "Plans": [
                {
                  "Node Type": "Seq Scan",
                  "Parent Relationship": "Outer",
                  "Parallel Aware": true,
                  "Relation Name": "cast_info",
                  "Alias": "ci",
                  "Startup Cost": 0.0,
                  "Total Cost": 328211.39,
                  "Plan Rows": 2468585,
                  "Plan Width": 0,
                  "Actual Startup Time": 0.057,
                  "Actual Total Time": 590.613,
                  "Actual Rows": 2133802,
                  "Actual Loops": 7,
                  "Filter": "(person_id < 1474525)",
                  "Rows Removed by Filter": 3043961
                }
              ]
            }
          ]
        }
      ]
    },
    "Planning Time": 0.085,
    "Triggers": [],
    "Execution Time": 751.266
  }
]