[
  {
    "Plan": {
      "Node Type": "Aggregate",
      "Strategy": "Plain",
      "Partial Mode": "Finalize",
      "Parallel Aware": false,
      "Startup Cost": 337496.24,
      "Total Cost": 337496.25,
      "Plan Rows": 1,
      "Plan Width": 8,
      "Actual Startup Time": 715.964,
      "Actual Total Time": 773.687,
      "Actual Rows": 1,
      "Actual Loops": 1,
      "Plans": [
        {
          "Node Type": "Gather",
          "Parent Relationship": "Outer",
          "Parallel Aware": false,
          "Startup Cost": 337495.61,
          "Total Cost": 337496.22,
          "Plan Rows": 6,
          "Plan Width": 8,
          "Actual Startup Time": 715.867,
          "Actual Total Time": 773.677,
          "Actual Rows": 7,
          "Actual Loops": 1,
          "Workers Planned": 6,
          "Workers Launched": 6,
          "Single Copy": false,
          "Plans": [
            {
              "Node Type": "Aggregate",
              "Strategy": "Plain",
              "Partial Mode": "Partial",
              "Parent Relationship": "Outer",
              "Parallel Aware": false,
              "Startup Cost": 336495.61,
              "Total Cost": 336495.62,
              "Plan Rows": 1,
              "Plan Width": 8,
              "Actual Startup Time": 707.642,
              "Actual Total Time": 707.643,
              "Actual Rows": 1,
              "Actual Loops": 7,
              "Plans": [
                {
                  "Node Type": "Seq Scan",
                  "Parent Relationship": "Outer",
                  "Parallel Aware": true,
                  "Relation Name": "cast_info",
                  "Alias": "ci",
                  "Startup Cost": 0.0,
                  "Total Cost": 328162.03,
                  "Plan Rows": 3333434,
                  "Plan Width": 0,
                  "Actual Startup Time": 175.812,
                  "Actual Total Time": 589.427,
                  "Actual Rows": 2859841,
                  "Actual Loops": 7,
                  "Filter": "(person_id > 1606454)",
                  "Rows Removed by Filter": 2317922
                }
              ]
            }
          ]
        }
      ]
    },
    "Planning Time": 0.176,
    "Triggers": [],
    "Execution Time": 773.757
  }
]