[
  {
    "Plan": {
      "Node Type": "Aggregate",
      "Strategy": "Plain",
      "Partial Mode": "Finalize",
      "Parallel Aware": false,
      "Startup Cost": 300868.44,
      "Total Cost": 300868.45,
      "Plan Rows": 1,
      "Plan Width": 8,
      "Actual Startup Time": 2762.296,
      "Actual Total Time": 2806.466,
      "Actual Rows": 1,
      "Actual Loops": 1,
      "Plans": [
        {
          "Node Type": "Gather",
          "Parent Relationship": "Outer",
          "Parallel Aware": false,
          "Startup Cost": 300867.91,
          "Total Cost": 300868.42,
          "Plan Rows": 5,
          "Plan Width": 8,
          "Actual Startup Time": 2748.005,
          "Actual Total Time": 2806.446,
          "Actual Rows": 6,
          "Actual Loops": 1,
          "Workers Planned": 5,
          "Workers Launched": 5,
          "Single Copy": false,
          "Plans": [
            {
              "Node Type": "Aggregate",
              "Strategy": "Plain",
              "Partial Mode": "Partial",
              "Parent Relationship": "Outer",
              "Parallel Aware": false,
              "Startup Cost": 299867.91,
              "Total Cost": 299867.92,
              "Plan Rows": 1,
              "Plan Width": 8,
              "Actual Startup Time": 2739.595,
              "Actual Total Time": 2739.839,
              "Actual Rows": 1,
              "Actual Loops": 6,
              "Plans": [
                {
                  "Node Type": "Hash Join",
                  "Parent Relationship": "Outer",
                  "Parallel Aware": true,
                  "Join Type": "Inner",
                  "Startup Cost": 94158.38,
                  "Total Cost": 298606.19,
                  "Plan Rows": 504691,
                  "Plan Width": 0,
                  "Actual Startup Time": 444.54,
                  "Actual Total Time": 2172.026,
                  "Actual Rows": 11668667,
                  "Actual Loops": 6,
                  "Inner Unique": false,
                  "Hash Cond": "(mi.movie_id = t.id)",
                  "Plans": [
                    {
                      "Node Type": "Seq Scan",
                      "Parent Relationship": "Outer",
                      "Parallel Aware": true,
                      "Relation Name": "movie_info",
                      "Alias": "mi",
                      "Startup Cost": 0.0,
                      "Total Cost": 191685.19,
                      "Plan Rows": 2969219,
                      "Plan Width": 4,
                      "Actual Startup Time": 0.036,
                      "Actual Total Time": 321.793,
                      "Actual Rows": 2472620,
                      "Actual Loops": 6
                    },
                    {
                      "Node Type": "Hash",
                      "Parent Relationship": "Inner",
                      "Parallel Aware": true,
                      "Startup Cost": 92425.44,
                      "Total Cost": 92425.44,
                      "Plan Rows": 138635,
                      "Plan Width": 8,
                      "Actual Startup Time": 442.38,
                      "Actual Total Time": 442.622,
                      "Actual Rows": 236711,
                      "Actual Loops": 6,
                      "Hash Buckets": 2097152,
                      "Original Hash Buckets": 524288,
                      "Hash Batches": 1,
                      "Original Hash Batches": 1,
                      "Peak Memory Usage": 84320,
                      "Plans": [
                        {
                          "Node Type": "Hash Join",
                          "Parent Relationship": "Outer",
                          "Parallel Aware": true,
                          "Join Type": "Inner",
                          "Startup Cost": 46323.81,
                          "Total Cost": 92425.44,
                          "Plan Rows": 138635,
                          "Plan Width": 8,
                          "Actual Startup Time": 121.416,
                          "Actual Total Time": 322.136,
                          "Actual Rows": 236711,
                          "Actual Loops": 6,
                          "Inner Unique": true,
                          "Hash Cond": "(mk.movie_id = t.id)",
                          "Plans": [
                            {
                              "Node Type": "Seq Scan",
                              "Parent Relationship": "Outer",
                              "Parallel Aware": true,
                              "Relation Name": "movie_keyword",
                              "Alias": "mk",
                              "Startup Cost": 0.0,
                              "Total Cost": 42695.65,
                              "Plan Rows": 1297512,
                              "Plan Width": 4,
                              "Actual Startup Time": 0.052,
                              "Actual Total Time": 104.33,
                              "Actual Rows": 670324,
                              "Actual Loops": 6,
                              "Filter": "(keyword_id > 359)",
                              "Rows Removed by Filter": 83664
                            },
                            {
                              "Node Type": "Hash",
                              "Parent Relationship": "Inner",
                              "Parallel Aware": true,
                              "Startup Cost": 45479.59,
                              "Total Cost": 45479.59,
                              "Plan Rows": 67538,
                              "Plan Width": 4,
                              "Actual Startup Time": 120.522,
                              "Actual Total Time": 120.524,
                              "Actual Rows": 65336,
                              "Actual Loops": 6,
                              "Hash Buckets": 524288,
                              "Original Hash Buckets": 524288,
                              "Hash Batches": 1,
                              "Original Hash Batches": 1,
                              "Peak Memory Usage": 19520,
                              "Plans": [
                                {
                                  "Node Type": "Seq Scan",
                                  "Parent Relationship": "Outer",
                                  "Parallel Aware": true,
                                  "Relation Name": "title",
                                  "Alias": "t",
                                  "Startup Cost": 0.0,
                                  "Total Cost": 45479.59,
                                  "Plan Rows": 67538,
                                  "Plan Width": 4,
                                  "Actual Startup Time": 0.107,
                                  "Actual Total Time": 92.021,
                                  "Actual Rows": 65336,
                                  "Actual Loops": 6,
                                  "Filter": "((kind_id < 7) AND (production_year < 1991))",
                                  "Rows Removed by Filter": 356049
                                }
                              ]
                            }
                          ]
                        }
                      ]
                    }
                  ]
                }
              ]
            }
          ]
        }
      ]
    },
    "Planning Time": 0.554,
    "Triggers": [],
    "Execution Time": 2806.526
  }
]