{
    "Plan": {
        "Node Type": "Aggregate",
        "Strategy": "Plain",
        "Partial Mode": "Finalize",
        "Parallel Aware": false,
        "Startup Cost": 305842.0,
        "Total Cost": 305842.01,
        "Plan Rows": 1,
        "Plan Width": 8,
        "Actual Startup Time": 1370.38,
        "Actual Total Time": 1418.827,
        "Actual Rows": 1,
        "Actual Loops": 1,
        "Output": [
            "count(*)"
        ],
        "Plans": [
            {
                "Node Type": "Gather",
                "Parent Relationship": "Outer",
                "Parallel Aware": false,
                "Startup Cost": 305841.68,
                "Total Cost": 305841.99,
                "Plan Rows": 3,
                "Plan Width": 8,
                "Actual Startup Time": 1361.981,
                "Actual Total Time": 1418.818,
                "Actual Rows": 4,
                "Actual Loops": 1,
                "Output": [
                    "(PARTIAL count(*))"
                ],
                "Workers Planned": 3,
                "Workers Launched": 3,
                "Single Copy": false,
                "Plans": [
                    {
                        "Node Type": "Aggregate",
                        "Strategy": "Plain",
                        "Partial Mode": "Partial",
                        "Parent Relationship": "Outer",
                        "Parallel Aware": false,
                        "Startup Cost": 304841.68,
                        "Total Cost": 304841.69,
                        "Plan Rows": 1,
                        "Plan Width": 8,
                        "Actual Startup Time": 1349.048,
                        "Actual Total Time": 1349.054,
                        "Actual Rows": 1,
                        "Actual Loops": 4,
                        "Output": [
                            "PARTIAL count(*)"
                        ],
                        "Workers": [
                            {
                                "Worker Number": 0,
                                "Actual Startup Time": 1344.986,
                                "Actual Total Time": 1344.992,
                                "Actual Rows": 1,
                                "Actual Loops": 1
                            },
                            {
                                "Worker Number": 1,
                                "Actual Startup Time": 1344.974,
                                "Actual Total Time": 1344.98,
                                "Actual Rows": 1,
                                "Actual Loops": 1
                            },
                            {
                                "Worker Number": 2,
                                "Actual Startup Time": 1345.023,
                                "Actual Total Time": 1345.029,
                                "Actual Rows": 1,
                                "Actual Loops": 1
                            }
                        ],
                        "Plans": [
                            {
                                "Node Type": "Hash Join",
                                "Parent Relationship": "Outer",
                                "Parallel Aware": true,
                                "Join Type": "Inner",
                                "Startup Cost": 253695.28,
                                "Total Cost": 302665.89,
                                "Plan Rows": 870316,
                                "Plan Width": 0,
                                "Actual Startup Time": 1110.029,
                                "Actual Total Time": 1337.736,
                                "Actual Rows": 298968,
                                "Actual Loops": 4,
                                "Inner Unique": false,
                                "Hash Cond": "(mk.movie_id = t.id)",
                                "Workers": [
                                    {
                                        "Worker Number": 0,
                                        "Actual Startup Time": 1106.263,
                                        "Actual Total Time": 1334.106,
                                        "Actual Rows": 287724,
                                        "Actual Loops": 1
                                    },
                                    {
                                        "Worker Number": 1,
                                        "Actual Startup Time": 1106.217,
                                        "Actual Total Time": 1334.079,
                                        "Actual Rows": 288087,
                                        "Actual Loops": 1
                                    },
                                    {
                                        "Worker Number": 2,
                                        "Actual Startup Time": 1106.276,
                                        "Actual Total Time": 1333.775,
                                        "Actual Rows": 296635,
                                        "Actual Loops": 1
                                    }
                                ],
                                "Plans": [
                                    {
                                        "Node Type": "Seq Scan",
                                        "Parent Relationship": "Outer",
                                        "Parallel Aware": true,
                                        "Relation Name": "movie_keyword",
                                        "Schema": "public",
                                        "Alias": "mk",
                                        "Startup Cost": 0.0,
                                        "Total Cost": 42695.65,
                                        "Plan Rows": 1209155,
                                        "Plan Width": 4,
                                        "Actual Startup Time": 0.045,
                                        "Actual Total Time": 119.955,
                                        "Actual Rows": 936516,
                                        "Actual Loops": 4,
                                        "Output": [
                                            "mk.id",
                                            "mk.movie_id",
                                            "mk.keyword_id"
                                        ],
                                        "Filter": "(mk.keyword_id > 740)",
                                        "Rows Removed by Filter": 194466,
                                        "Workers": [
                                            {
                                                "Worker Number": 0,
                                                "Actual Startup Time": 0.025,
                                                "Actual Total Time": 123.383,
                                                "Actual Rows": 892370,
                                                "Actual Loops": 1
                                            },
                                            {
                                                "Worker Number": 1,
                                                "Actual Startup Time": 0.047,
                                                "Actual Total Time": 123.291,
                                                "Actual Rows": 890106,
                                                "Actual Loops": 1
                                            },
                                            {
                                                "Worker Number": 2,
                                                "Actual Startup Time": 0.064,
                                                "Actual Total Time": 122.722,
                                                "Actual Rows": 889078,
                                                "Actual Loops": 1
                                            }
                                        ]
                                    },
                                    {
                                        "Node Type": "Hash",
                                        "Parent Relationship": "Inner",
                                        "Parallel Aware": true,
                                        "Startup Cost": 249145.74,
                                        "Total Cost": 249145.74,
                                        "Plan Rows": 363963,
                                        "Plan Width": 8,
                                        "Actual Startup Time": 1102.419,
                                        "Actual Total Time": 1102.423,
                                        "Actual Rows": 410451,
                                        "Actual Loops": 4,
                                        "Output": [
                                            "t.id",
                                            "mi.movie_id"
                                        ],
                                        "Hash Buckets": 2097152,
                                        "Original Hash Buckets": 2097152,
                                        "Hash Batches": 1,
                                        "Original Hash Batches": 1,
                                        "Peak Memory Usage": 80640,
                                        "Workers": [
                                            {
                                                "Worker Number": 0,
                                                "Actual Startup Time": 1105.448,
                                                "Actual Total Time": 1105.452,
                                                "Actual Rows": 403269,
                                                "Actual Loops": 1
                                            },
                                            {
                                                "Worker Number": 1,
                                                "Actual Startup Time": 1105.54,
                                                "Actual Total Time": 1105.544,
                                                "Actual Rows": 399914,
                                                "Actual Loops": 1
                                            },
                                            {
                                                "Worker Number": 2,
                                                "Actual Startup Time": 1105.594,
                                                "Actual Total Time": 1105.598,
                                                "Actual Rows": 422824,
                                                "Actual Loops": 1
                                            }
                                        ],
                                        "Plans": [
                                            {
                                                "Node Type": "Hash Join",
                                                "Parent Relationship": "Outer",
                                                "Parallel Aware": true,
                                                "Join Type": "Inner",
                                                "Startup Cost": 48689.12,
                                                "Total Cost": 249145.74,
                                                "Plan Rows": 363963,
                                                "Plan Width": 8,
                                                "Actual Startup Time": 346.658,
                                                "Actual Total Time": 879.558,
                                                "Actual Rows": 410451,
                                                "Actual Loops": 4,
                                                "Output": [
                                                    "t.id",
                                                    "mi.movie_id"
                                                ],
                                                "Inner Unique": true,
                                                "Hash Cond": "(mi.movie_id = t.id)",
                                                "Workers": [
                                                    {
                                                        "Worker Number": 0,
                                                        "Actual Startup Time": 346.63,
                                                        "Actual Total Time": 881.776,
                                                        "Actual Rows": 403269,
                                                        "Actual Loops": 1
                                                    },
                                                    {
                                                        "Worker Number": 1,
                                                        "Actual Startup Time": 346.626,
                                                        "Actual Total Time": 880.737,
                                                        "Actual Rows": 399914,
                                                        "Actual Loops": 1
                                                    },
                                                    {
                                                        "Worker Number": 2,
                                                        "Actual Startup Time": 346.617,
                                                        "Actual Total Time": 880.613,
                                                        "Actual Rows": 422824,
                                                        "Actual Loops": 1
                                                    }
                                                ],
                                                "Plans": [
                                                    {
                                                        "Node Type": "Seq Scan",
                                                        "Parent Relationship": "Outer",
                                                        "Parallel Aware": true,
                                                        "Relation Name": "movie_info",
                                                        "Schema": "public",
                                                        "Alias": "mi",
                                                        "Startup Cost": 0.0,
                                                        "Total Cost": 198880.74,
                                                        "Plan Rows": 600336,
                                                        "Plan Width": 4,
                                                        "Actual Startup Time": 85.225,
                                                        "Actual Total Time": 372.739,
                                                        "Actual Rows": 759180,
                                                        "Actual Loops": 4,
                                                        "Output": [
                                                            "mi.id",
                                                            "mi.movie_id",
                                                            "mi.info_type_id",
                                                            "mi.info",
                                                            "mi.note"
                                                        ],
                                                        "Filter": "(mi.info_type_id = 16)",
                                                        "Rows Removed by Filter": 2949750,
                                                        "Workers": [
                                                            {
                                                                "Worker Number": 0,
                                                                "Actual Startup Time": 85.223,
                                                                "Actual Total Time": 376.614,
                                                                "Actual Rows": 735353,
                                                                "Actual Loops": 1
                                                            },
                                                            {
                                                                "Worker Number": 1,
                                                                "Actual Startup Time": 85.209,
                                                                "Actual Total Time": 376.202,
                                                                "Actual Rows": 727093,
                                                                "Actual Loops": 1
                                                            },
                                                            {
                                                                "Worker Number": 2,
                                                                "Actual Startup Time": 85.231,
                                                                "Actual Total Time": 373.162,
                                                                "Actual Rows": 783854,
                                                                "Actual Loops": 1
                                                            }
                                                        ]
                                                    },
                                                    {
                                                        "Node Type": "Hash",
                                                        "Parent Relationship": "Inner",
                                                        "Parallel Aware": true,
                                                        "Startup Cost": 43899.01,
                                                        "Total Cost": 43899.01,
                                                        "Plan Rows": 383209,
                                                        "Plan Width": 4,
                                                        "Actual Startup Time": 257.947,
                                                        "Actual Total Time": 257.948,
                                                        "Actual Rows": 385816,
                                                        "Actual Loops": 4,
                                                        "Output": [
                                                            "t.id"
                                                        ],
                                                        "Hash Buckets": 2097152,
                                                        "Original Hash Buckets": 2097152,
                                                        "Hash Batches": 1,
                                                        "Original Hash Batches": 1,
                                                        "Peak Memory Usage": 76800,
                                                        "Workers": [
                                                            {
                                                                "Worker Number": 0,
                                                                "Actual Startup Time": 261.333,
                                                                "Actual Total Time": 261.335,
                                                                "Actual Rows": 356294,
                                                                "Actual Loops": 1
                                                            },
                                                            {
                                                                "Worker Number": 1,
                                                                "Actual Startup Time": 261.285,
                                                                "Actual Total Time": 261.286,
                                                                "Actual Rows": 352679,
                                                                "Actual Loops": 1
                                                            },
                                                            {
                                                                "Worker Number": 2,
                                                                "Actual Startup Time": 261.318,
                                                                "Actual Total Time": 261.319,
                                                                "Actual Rows": 362330,
                                                                "Actual Loops": 1
                                                            }
                                                        ],
                                                        "Plans": [
                                                            {
                                                                "Node Type": "Seq Scan",
                                                                "Parent Relationship": "Outer",
                                                                "Parallel Aware": true,
                                                                "Relation Name": "title",
                                                                "Schema": "public",
                                                                "Alias": "t",
                                                                "Startup Cost": 0.0,
                                                                "Total Cost": 43899.01,
                                                                "Plan Rows": 383209,
                                                                "Plan Width": 4,
                                                                "Actual Startup Time": 0.058,
                                                                "Actual Total Time": 104.908,
                                                                "Actual Rows": 385816,
                                                                "Actual Loops": 4,
                                                                "Output": [
                                                                    "t.id"
                                                                ],
                                                                "Filter": "(t.kind_id = 7)",
                                                                "Rows Removed by Filter": 246262,
                                                                "Workers": [
                                                                    {
                                                                        "Worker Number": 0,
                                                                        "Actual Startup Time": 0.074,
                                                                        "Actual Total Time": 108.928,
                                                                        "Actual Rows": 356294,
                                                                        "Actual Loops": 1
                                                                    },
                                                                    {
                                                                        "Worker Number": 1,
                                                                        "Actual Startup Time": 0.073,
                                                                        "Actual Total Time": 108.79,
                                                                        "Actual Rows": 352679,
                                                                        "Actual Loops": 1
                                                                    },
                                                                    {
                                                                        "Worker Number": 2,
                                                                        "Actual Startup Time": 0.065,
                                                                        "Actual Total Time": 108.249,
                                                                        "Actual Rows": 362330,
                                                                        "Actual Loops": 1
                                                                    }
                                                                ]
                                                            }
                                                        ]
                                                    }
                                                ]
                                            }
                                        ]
                                    }
                                ]
                            }
                        ]
                    }
                ]
            }
        ]
    },
    "Planning Time": 1.561,
    "Triggers": [],
    "Execution Time": 1418.917
}