{
  "Plan": {
    "Node Type": "Aggregate",
    "Strategy": "Plain",
    "Partial Mode": "Finalize",
    "Parallel Aware": false,
    "Startup Cost": 714267.99,
    "Total Cost": 714268.0,
    "Plan Rows": 1,
    "Plan Width": 8,
    "Actual Startup Time": 5529.583,
    "Actual Total Time": 5581.527,
    "Actual Rows": 1,
    "Actual Loops": 1,
    "Plans": [
      {
        "Node Type": "Gather",
        "Parent Relationship": "Outer",
        "Parallel Aware": false,
        "Startup Cost": 714267.88,
        "Total Cost": 714267.99,
        "Plan Rows": 1,
        "Plan Width": 8,
        "Actual Startup Time": 5517.604,
        "Actual Total Time": 5581.518,
        "Actual Rows": 2,
        "Actual Loops": 1,
        "Workers Planned": 1,
        "Workers Launched": 1,
        "Single Copy": false,
        "Plans": [
          {
            "Node Type": "Aggregate",
            "Strategy": "Plain",
            "Partial Mode": "Partial",
            "Parent Relationship": "Outer",
            "Parallel Aware": false,
            "Startup Cost": 713267.88,
            "Total Cost": 713267.89,
            "Plan Rows": 1,
            "Plan Width": 8,
            "Actual Startup Time": 5506.167,
            "Actual Total Time": 5507.727,
            "Actual Rows": 1,
            "Actual Loops": 2,
            "Plans": [
              {
                "Node Type": "Hash Join",
                "Parent Relationship": "Outer",
                "Parallel Aware": true,
                "Join Type": "Inner",
                "Startup Cost": 617226.47,
                "Total Cost": 703822.33,
                "Plan Rows": 3778221,
                "Plan Width": 0,
                "Actual Startup Time": 3774.905,
                "Actual Total Time": 5016.636,
                "Actual Rows": 11724389,
                "Actual Loops": 2,
                "Inner Unique": false,
                "Hash Cond": "(mk.movie_id = t.id)",
                "Plans": [
                  {
                    "Node Type": "Seq Scan",
                    "Parent Relationship": "Outer",
                    "Parallel Aware": true,
                    "Relation Name": "movie_keyword",
                    "Alias": "mk",
                    "Startup Cost": 0.0,
                    "Total Cost": 51065.35,
                    "Plan Rows": 2661135,
                    "Plan Width": 4,
                    "Actual Startup Time": 0.018,
                    "Actual Total Time": 158.984,
                    "Actual Rows": 2261965,
                    "Actual Loops": 2
                  },
                  {
                    "Node Type": "Hash",
                    "Parent Relationship": "Inner",
                    "Parallel Aware": true,
                    "Startup Cost": 590832.24,
                    "Total Cost": 590832.24,
                    "Plan Rows": 2111538,
                    "Plan Width": 8,
                    "Actual Startup Time": 3753.455,
                    "Actual Total Time": 3755.012,
                    "Actual Rows": 2150038,
                    "Actual Loops": 2,
                    "Hash Buckets": 8388608,
                    "Original Hash Buckets": 4194304,
                    "Hash Batches": 1,
                    "Original Hash Batches": 1,
                    "Peak Memory Usage": 266560,
                    "Plans": [
                      {
                        "Node Type": "Hash Join",
                        "Parent Relationship": "Outer",
                        "Parallel Aware": true,
                        "Join Type": "Inner",
                        "Startup Cost": 254173.72,
                        "Total Cost": 590832.24,
                        "Plan Rows": 2111538,
                        "Plan Width": 8,
                        "Actual Startup Time": 888.623,
                        "Actual Total Time": 2917.253,
                        "Actual Rows": 2150038,
                        "Actual Loops": 2,
                        "Inner Unique": true,
                        "Hash Cond": "(ci.movie_id = t.id)",
                        "Plans": [
                          {
                            "Node Type": "Bitmap Heap Scan",
                            "Parent Relationship": "Outer",
                            "Parallel Aware": true,
                            "Relation Name": "cast_info",
                            "Alias": "ci",
                            "Startup Cost": 187723.12,
                            "Total Cost": 515695.01,
                            "Plan Rows": 3309189,
                            "Plan Width": 4,
                            "Actual Startup Time": 450.369,
                            "Actual Total Time": 1083.277,
                            "Actual Rows": 3457121,
                            "Actual Loops": 2,
                            "Recheck Cond": "(person_id < 852392)",
                            "Rows Removed by Index Recheck": 0,
                            "Filter": "(role_id < 4)",
                            "Rows Removed by Filter": 872856,
                            "Exact Heap Blocks": 51368,
                            "Lossy Heap Blocks": 0,
                            "Plans": [
                              {
                                "Node Type": "Bitmap Index Scan",
                                "Parent Relationship": "Outer",
                                "Parallel Aware": false,
                                "Index Name": "person_id_cast_info",
                                "Startup Cost": 0.0,
                                "Total Cost": 186316.72,
                                "Plan Rows": 8532287,
                                "Plan Width": 0,
                                "Actual Startup Time": 434.653,
                                "Actual Total Time": 434.653,
                                "Actual Rows": 8659953,
                                "Actual Loops": 1,
                                "Index Cond": "(person_id < 852392)"
                              }
                            ]
                          },
                          {
                            "Node Type": "Hash",
                            "Parent Relationship": "Inner",
                            "Parallel Aware": true,
                            "Startup Cost": 54588.39,
                            "Total Cost": 54588.39,
                            "Plan Rows": 948977,
                            "Plan Width": 4,
                            "Actual Startup Time": 432.139,
                            "Actual Total Time": 432.139,
                            "Actual Rows": 803538,
                            "Actual Loops": 2,
                            "Hash Buckets": 2097152,
                            "Original Hash Buckets": 2097152,
                            "Hash Batches": 1,
                            "Original Hash Batches": 1,
                            "Peak Memory Usage": 79264,
                            "Plans": [
                              {
                                "Node Type": "Seq Scan",
                                "Parent Relationship": "Outer",
                                "Parallel Aware": true,
                                "Relation Name": "title",
                                "Alias": "t",
                                "Startup Cost": 0.0,
                                "Total Cost": 54588.39,
                                "Plan Rows": 948977,
                                "Plan Width": 4,
                                "Actual Startup Time": 0.036,
                                "Actual Total Time": 180.251,
                                "Actual Rows": 803538,
                                "Actual Loops": 2,
                                "Filter": "(production_year > 1995)",
                                "Rows Removed by Filter": 460618
                              }
                            ]
                          }
                        ]
                      }
                    ]
                  }
                ]
              }
            ]
          }
        ]
      }
    ]
  },
  "Planning Time": 1.107,
  "Triggers": [],
  "Execution Time": 5581.642
}