[
  {
    "Plan": {
      "Node Type": "Aggregate",
      "Strategy": "Plain",
      "Partial Mode": "Finalize",
      "Parallel Aware": false,
      "Startup Cost": 39337.92,
      "Total Cost": 39337.93,
      "Plan Rows": 1,
      "Plan Width": 8,
      "Actual Startup Time": 69.304,
      "Actual Total Time": 79.85,
      "Actual Rows": 1,
      "Actual Loops": 1,
      "Plans": [
        {
          "Node Type": "Gather",
          "Parent Relationship": "Outer",
          "Parallel Aware": false,
          "Startup Cost": 39337.71,
          "Total Cost": 39337.92,
          "Plan Rows": 2,
          "Plan Width": 8,
          "Actual Startup Time": 69.196,
          "Actual Total Time": 79.845,
          "Actual Rows": 3,
          "Actual Loops": 1,
          "Workers Planned": 2,
          "Workers Launched": 2,
          "Single Copy": false,
          "Plans": [
            {
              "Node Type": "Aggregate",
              "Strategy": "Plain",
              "Partial Mode": "Partial",
              "Parent Relationship": "Outer",
              "Parallel Aware": false,
              "Startup Cost": 38337.71,
              "Total Cost": 38337.72,
              "Plan Rows": 1,
              "Plan Width": 8,
              "Actual Startup Time": 60.862,
              "Actual Total Time": 60.864,
              "Actual Rows": 1,
              "Actual Loops": 3,
              "Plans": [
                {
                  "Node Type": "Nested Loop",
                  "Parent Relationship": "Outer",
                  "Parallel Aware": false,
                  "Join Type": "Inner",
                  "Startup Cost": 173.95,
                  "Total Cost": 38335.89,
                  "Plan Rows": 726,
                  "Plan Width": 0,
                  "Actual Startup Time": 13.351,
                  "Actual Total Time": 60.01,
                  "Actual Rows": 10181,
                  "Actual Loops": 3,
                  "Inner Unique": false,
                  "Plans": [
                    {
                      "Node Type": "Nested Loop",
                      "Parent Relationship": "Outer",
                      "Parallel Aware": false,
                      "Join Type": "Inner",
                      "Startup Cost": 173.52,
                      "Total Cost": 37048.97,
                      "Plan Rows": 124,
                      "Plan Width": 8,
                      "Actual Startup Time": 13.249,
                      "Actual Total Time": 31.879,
                      "Actual Rows": 1331,
                      "Actual Loops": 3,
                      "Inner Unique": true,
                      "Plans": [
                        {
                          "Node Type": "Bitmap Heap Scan",
                          "Parent Relationship": "Outer",
                          "Parallel Aware": true,
                          "Relation Name": "movie_companies",
                          "Alias": "mc",
                          "Startup Cost": 173.09,
                          "Total Cost": 14714.97,
                          "Plan Rows": 3261,
                          "Plan Width": 4,
                          "Actual Startup Time": 2.101,
                          "Actual Total Time": 7.617,
                          "Actual Rows": 3008,
                          "Actual Loops": 3,
                          "Recheck Cond": "(company_id = 225)",
                          "Rows Removed by Index Recheck": 0,
                          "Exact Heap Blocks": 2119,
                          "Lossy Heap Blocks": 0,
                          "Plans": [
                            {
                              "Node Type": "Bitmap Index Scan",
                              "Parent Relationship": "Outer",
                              "Parallel Aware": false,
                              "Index Name": "company_id_movie_companies",
                              "Startup Cost": 0.0,
                              "Total Cost": 171.13,
                              "Plan Rows": 7827,
                              "Plan Width": 0,
                              "Actual Startup Time": 4.395,
                              "Actual Total Time": 4.396,
                              "Actual Rows": 9025,
                              "Actual Loops": 1,
                              "Index Cond": "(company_id = 225)"
                            }
                          ]
                        },
                        {
                          "Node Type": "Index Scan",
                          "Parent Relationship": "Inner",
                          "Parallel Aware": false,
                          "Scan Direction": "Forward",
                          "Index Name": "title_pkey",
                          "Relation Name": "title",
                          "Alias": "t",
                          "Startup Cost": 0.43,
                          "Total Cost": 6.85,
                          "Plan Rows": 1,
                          "Plan Width": 4,
                          "Actual Startup Time": 0.008,
                          "Actual Total Time": 0.008,
                          "Actual Rows": 0,
                          "Actual Loops": 9025,
                          "Index Cond": "(id = mc.movie_id)",
                          "Rows Removed by Index Recheck": 0,
                          "Filter": "((production_year > 1917) AND (kind_id = 3))",
                          "Rows Removed by Filter": 1
                        }
                      ]
                    },
                    {
                      "Node Type": "Index Only Scan",
                      "Parent Relationship": "Inner",
                      "Parallel Aware": false,
                      "Scan Direction": "Forward",
                      "Index Name": "movie_id_movie_info",
                      "Relation Name": "movie_info",
                      "Alias": "mi",
                      "Startup Cost": 0.43,
                      "Total Cost": 9.96,
                      "Plan Rows": 42,
                      "Plan Width": 4,
                      "Actual Startup Time": 0.008,
                      "Actual Total Time": 0.02,
                      "Actual Rows": 8,
                      "Actual Loops": 3992,
                      "Index Cond": "(movie_id = t.id)",
                      "Rows Removed by Index Recheck": 0,
                      "Heap Fetches": 30543
                    }
                  ]
                }
              ]
            }
          ]
        }
      ]
    },
    "Planning Time": 1.434,
    "Triggers": [],
    "Execution Time": 79.954
  }
]