[
    {
        "Bao": {
            "Bao prediction": "NaN",
            "Bao recommended hint": "(no hint)"
        }
    },
    {
        "Plan": {
            "Node Type": "Aggregate",
            "Strategy": "Plain",
            "Partial Mode": "Finalize",
            "Parallel Aware": false,
            "Startup Cost": 93347.02,
            "Total Cost": 93347.03,
            "Plan Rows": 1,
            "Plan Width": 8,
            "Actual Startup Time": 498.467,
            "Actual Total Time": 533.197,
            "Actual Rows": 1,
            "Actual Loops": 1,
            "Output": [
                "count(*)"
            ],
            "Plans": [
                {
                    "Node Type": "Gather",
                    "Parent Relationship": "Outer",
                    "Parallel Aware": false,
                    "Startup Cost": 93346.8,
                    "Total Cost": 93347.01,
                    "Plan Rows": 2,
                    "Plan Width": 8,
                    "Actual Startup Time": 498.022,
                    "Actual Total Time": 533.188,
                    "Actual Rows": 3,
                    "Actual Loops": 1,
                    "Output": [
                        "(PARTIAL count(*))"
                    ],
                    "Workers Planned": 2,
                    "Workers Launched": 2,
                    "Single Copy": false,
                    "Plans": [
                        {
                            "Node Type": "Aggregate",
                            "Strategy": "Plain",
                            "Partial Mode": "Partial",
                            "Parent Relationship": "Outer",
                            "Parallel Aware": false,
                            "Startup Cost": 92346.8,
                            "Total Cost": 92346.81,
                            "Plan Rows": 1,
                            "Plan Width": 8,
                            "Actual Startup Time": 490.16,
                            "Actual Total Time": 490.165,
                            "Actual Rows": 1,
                            "Actual Loops": 3,
                            "Output": [
                                "PARTIAL count(*)"
                            ],
                            "Workers": [
                                {
                                    "Worker Number": 0,
                                    "Actual Startup Time": 486.274,
                                    "Actual Total Time": 486.279,
                                    "Actual Rows": 1,
                                    "Actual Loops": 1
                                },
                                {
                                    "Worker Number": 1,
                                    "Actual Startup Time": 486.464,
                                    "Actual Total Time": 486.467,
                                    "Actual Rows": 1,
                                    "Actual Loops": 1
                                }
                            ],
                            "Plans": [
                                {
                                    "Node Type": "Nested Loop",
                                    "Parent Relationship": "Outer",
                                    "Parallel Aware": false,
                                    "Join Type": "Inner",
                                    "Startup Cost": 38792.75,
                                    "Total Cost": 91952.54,
                                    "Plan Rows": 157703,
                                    "Plan Width": 0,
                                    "Actual Startup Time": 73.919,
                                    "Actual Total Time": 474.487,
                                    "Actual Rows": 266767,
                                    "Actual Loops": 3,
                                    "Inner Unique": false,
                                    "Join Filter": "(t.id = ci.movie_id)",
                                    "Rows Removed by Join Filter": 0,
                                    "Workers": [
                                        {
                                            "Worker Number": 0,
                                            "Actual Startup Time": 70.091,
                                            "Actual Total Time": 470.45,
                                            "Actual Rows": 156191,
                                            "Actual Loops": 1
                                        },
                                        {
                                            "Worker Number": 1,
                                            "Actual Startup Time": 70.176,
                                            "Actual Total Time": 472.425,
                                            "Actual Rows": 239069,
                                            "Actual Loops": 1
                                        }
                                    ],
                                    "Plans": [
                                        {
                                            "Node Type": "Hash Join",
                                            "Parent Relationship": "Outer",
                                            "Parallel Aware": true,
                                            "Join Type": "Inner",
                                            "Startup Cost": 38792.18,
                                            "Total Cost": 54922.5,
                                            "Plan Rows": 10998,
                                            "Plan Width": 8,
                                            "Actual Startup Time": 73.825,
                                            "Actual Total Time": 129.543,
                                            "Actual Rows": 14345,
                                            "Actual Loops": 3,
                                            "Output": [
                                                "t.id",
                                                "mi_idx.movie_id"
                                            ],
                                            "Inner Unique": true,
                                            "Hash Cond": "(mi_idx.movie_id = t.id)",
                                            "Workers": [
                                                {
                                                    "Worker Number": 0,
                                                    "Actual Startup Time": 69.966,
                                                    "Actual Total Time": 119.778,
                                                    "Actual Rows": 8346,
                                                    "Actual Loops": 1
                                                },
                                                {
                                                    "Worker Number": 1,
                                                    "Actual Startup Time": 70.063,
                                                    "Actual Total Time": 117.792,
                                                    "Actual Rows": 12787,
                                                    "Actual Loops": 1
                                                }
                                            ],
                                            "Plans": [
                                                {
                                                    "Node Type": "Seq Scan",
                                                    "Parent Relationship": "Outer",
                                                    "Parallel Aware": true,
                                                    "Relation Name": "movie_info_idx",
                                                    "Schema": "public",
                                                    "Alias": "mi_idx",
                                                    "Startup Cost": 0.0,
                                                    "Total Cost": 15122.68,
                                                    "Plan Rows": 383860,
                                                    "Plan Width": 4,
                                                    "Actual Startup Time": 0.021,
                                                    "Actual Total Time": 45.452,
                                                    "Actual Rows": 306703,
                                                    "Actual Loops": 3,
                                                    "Output": [
                                                        "mi_idx.id",
                                                        "mi_idx.movie_id",
                                                        "mi_idx.info_type_id",
                                                        "mi_idx.info",
                                                        "mi_idx.note"
                                                    ],
                                                    "Filter": "(mi_idx.info_type_id > 99)",
                                                    "Rows Removed by Filter": 153308,
                                                    "Workers": [
                                                        {
                                                            "Worker Number": 0,
                                                            "Actual Startup Time": 0.032,
                                                            "Actual Total Time": 42.418,
                                                            "Actual Rows": 191999,
                                                            "Actual Loops": 1
                                                        },
                                                        {
                                                            "Worker Number": 1,
                                                            "Actual Startup Time": 0.022,
                                                            "Actual Total Time": 41.716,
                                                            "Actual Rows": 290099,
                                                            "Actual Loops": 1
                                                        }
                                                    ]
                                                },
                                                {
                                                    "Node Type": "Hash",
                                                    "Parent Relationship": "Inner",
                                                    "Parallel Aware": true,
                                                    "Startup Cost": 38565.81,
                                                    "Total Cost": 38565.81,
                                                    "Plan Rows": 18110,
                                                    "Plan Width": 4,
                                                    "Actual Startup Time": 43.038,
                                                    "Actual Total Time": 43.039,
                                                    "Actual Rows": 23824,
                                                    "Actual Loops": 3,
                                                    "Output": [
                                                        "t.id"
                                                    ],
                                                    "Hash Buckets": 131072,
                                                    "Original Hash Buckets": 131072,
                                                    "Hash Batches": 1,
                                                    "Original Hash Batches": 1,
                                                    "Peak Memory Usage": 3904,
                                                    "Workers": [
                                                        {
                                                            "Worker Number": 0,
                                                            "Actual Startup Time": 39.345,
                                                            "Actual Total Time": 39.347,
                                                            "Actual Rows": 9858,
                                                            "Actual Loops": 1
                                                        },
                                                        {
                                                            "Worker Number": 1,
                                                            "Actual Startup Time": 39.434,
                                                            "Actual Total Time": 39.435,
                                                            "Actual Rows": 12348,
                                                            "Actual Loops": 1
                                                        }
                                                    ],
                                                    "Plans": [
                                                        {
                                                            "Node Type": "Bitmap Heap Scan",
                                                            "Parent Relationship": "Outer",
                                                            "Parallel Aware": true,
                                                            "Relation Name": "title",
                                                            "Schema": "public",
                                                            "Alias": "t",
                                                            "Startup Cost": 2124.72,
                                                            "Total Cost": 38565.81,
                                                            "Plan Rows": 18110,
                                                            "Plan Width": 4,
                                                            "Actual Startup Time": 3.006,
                                                            "Actual Total Time": 35.226,
                                                            "Actual Rows": 23824,
                                                            "Actual Loops": 3,
                                                            "Output": [
                                                                "t.id"
                                                            ],
                                                            "Recheck Cond": "(t.kind_id = 4)",
                                                            "Rows Removed by Index Recheck": 0,
                                                            "Filter": "(t.production_year < 2007)",
                                                            "Rows Removed by Filter": 15587,
                                                            "Exact Heap Blocks": 8807,
                                                            "Lossy Heap Blocks": 0,
                                                            "Workers": [
                                                                {
                                                                    "Worker Number": 0,
                                                                    "Actual Startup Time": 0.162,
                                                                    "Actual Total Time": 32.586,
                                                                    "Actual Rows": 9858,
                                                                    "Actual Loops": 1
                                                                },
                                                                {
                                                                    "Worker Number": 1,
                                                                    "Actual Startup Time": 0.196,
                                                                    "Actual Total Time": 33.424,
                                                                    "Actual Rows": 12348,
                                                                    "Actual Loops": 1
                                                                }
                                                            ],
                                                            "Plans": [
                                                                {
                                                                    "Node Type": "Bitmap Index Scan",
                                                                    "Parent Relationship": "Outer",
                                                                    "Parallel Aware": false,
                                                                    "Index Name": "kind_id_title",
                                                                    "Startup Cost": 0.0,
                                                                    "Total Cost": 2106.61,
                                                                    "Plan Rows": 118157,
                                                                    "Plan Width": 0,
                                                                    "Actual Startup Time": 6.327,
                                                                    "Actual Total Time": 6.328,
                                                                    "Actual Rows": 118234,
                                                                    "Actual Loops": 1,
                                                                    "Index Cond": "(t.kind_id = 4)"
                                                                }
                                                            ]
                                                        }
                                                    ]
                                                }
                                            ]
                                        },
                                        {
                                            "Node Type": "Index Only Scan",
                                            "Parent Relationship": "Inner",
                                            "Parallel Aware": false,
                                            "Scan Direction": "Forward",
                                            "Index Name": "movie_id_cast_info",
                                            "Relation Name": "cast_info",
                                            "Schema": "public",
                                            "Alias": "ci",
                                            "Startup Cost": 0.56,
                                            "Total Cost": 2.89,
                                            "Plan Rows": 38,
                                            "Plan Width": 4,
                                            "Actual Startup Time": 0.006,
                                            "Actual Total Time": 0.022,
                                            "Actual Rows": 19,
                                            "Actual Loops": 43036,
                                            "Output": [
                                                "ci.movie_id"
                                            ],
                                            "Index Cond": "(ci.movie_id = mi_idx.movie_id)",
                                            "Rows Removed by Index Recheck": 0,
                                            "Heap Fetches": 800300,
                                            "Workers": [
                                                {
                                                    "Worker Number": 0,
                                                    "Actual Startup Time": 0.009,
                                                    "Actual Total Time": 0.038,
                                                    "Actual Rows": 19,
                                                    "Actual Loops": 8346
                                                },
                                                {
                                                    "Worker Number": 1,
                                                    "Actual Startup Time": 0.007,
                                                    "Actual Total Time": 0.026,
                                                    "Actual Rows": 19,
                                                    "Actual Loops": 12787
                                                }
                                            ]
                                        }
                                    ]
                                }
                            ]
                        }
                    ]
                }
            ]
        },
        "Planning Time": 176.339,
        "Triggers": [],
        "Execution Time": 533.309
    }
]