[
  {
    "Plan": {
      "Node Type": "Aggregate",
      "Strategy": "Plain",
      "Partial Mode": "Finalize",
      "Parallel Aware": false,
      "Startup Cost": 340556.74,
      "Total Cost": 340556.75,
      "Plan Rows": 1,
      "Plan Width": 8,
      "Actual Startup Time": 788.23,
      "Actual Total Time": 831.824,
      "Actual Rows": 1,
      "Actual Loops": 1,
      "Plans": [
        {
          "Node Type": "Gather",
          "Parent Relationship": "Outer",
          "Parallel Aware": false,
          "Startup Cost": 340556.12,
          "Total Cost": 340556.73,
          "Plan Rows": 6,
          "Plan Width": 8,
          "Actual Startup Time": 788.047,
          "Actual Total Time": 831.809,
          "Actual Rows": 7,
          "Actual Loops": 1,
          "Workers Planned": 6,
          "Workers Launched": 6,
          "Single Copy": false,
          "Plans": [
            {
              "Node Type": "Aggregate",
              "Strategy": "Plain",
              "Partial Mode": "Partial",
              "Parent Relationship": "Outer",
              "Parallel Aware": false,
              "Startup Cost": 339556.12,
              "Total Cost": 339556.13,
              "Plan Rows": 1,
              "Plan Width": 8,
              "Actual Startup Time": 777.762,
              "Actual Total Time": 777.764,
              "Actual Rows": 1,
              "Actual Loops": 7,
              "Plans": [
                {
                  "Node Type": "Seq Scan",
                  "Parent Relationship": "Outer",
                  "Parallel Aware": true,
                  "Relation Name": "cast_info",
                  "Alias": "ci",
                  "Startup Cost": 0.0,
                  "Total Cost": 328211.39,
                  "Plan Rows": 4537891,
                  "Plan Width": 0,
                  "Actual Startup Time": 0.065,
                  "Actual Total Time": 600.026,
                  "Actual Rows": 3907114,
                  "Actual Loops": 7,
                  "Filter": "(person_id < 2804437)",
                  "Rows Removed by Filter": 1270649
                }
              ]
            }
          ]
        }
      ]
    },
    "Planning Time": 0.197,
    "Triggers": [],
    "Execution Time": 831.87
  }
]