{
  "Plan": {
    "Node Type": "Aggregate",
    "Strategy": "Plain",
    "Partial Mode": "Finalize",
    "Parallel Aware": false,
    "Startup Cost": 533892.11,
    "Total Cost": 533892.12,
    "Plan Rows": 1,
    "Plan Width": 8,
    "Actual Startup Time": 253.888,
    "Actual Total Time": 290.486,
    "Actual Rows": 1,
    "Actual Loops": 1,
    "Plans": [
      {
        "Node Type": "Gather",
        "Parent Relationship": "Outer",
        "Parallel Aware": false,
        "Startup Cost": 533892.0,
        "Total Cost": 533892.11,
        "Plan Rows": 1,
        "Plan Width": 8,
        "Actual Startup Time": 253.756,
        "Actual Total Time": 290.478,
        "Actual Rows": 2,
        "Actual Loops": 1,
        "Workers Planned": 1,
        "Workers Launched": 1,
        "Single Copy": false,
        "Plans": [
          {
            "Node Type": "Aggregate",
            "Strategy": "Plain",
            "Partial Mode": "Partial",
            "Parent Relationship": "Outer",
            "Parallel Aware": false,
            "Startup Cost": 532892.0,
            "Total Cost": 532892.01,
            "Plan Rows": 1,
            "Plan Width": 8,
            "Actual Startup Time": 247.706,
            "Actual Total Time": 247.708,
            "Actual Rows": 1,
            "Actual Loops": 2,
            "Plans": [
              {
                "Node Type": "Nested Loop",
                "Parent Relationship": "Outer",
                "Parallel Aware": false,
                "Join Type": "Inner",
                "Startup Cost": 0.56,
                "Total Cost": 532779.86,
                "Plan Rows": 44855,
                "Plan Width": 0,
                "Actual Startup Time": 0.461,
                "Actual Total Time": 245.529,
                "Actual Rows": 32752,
                "Actual Loops": 2,
                "Inner Unique": false,
                "Plans": [
                  {
                    "Node Type": "Seq Scan",
                    "Parent Relationship": "Outer",
                    "Parallel Aware": true,
                    "Relation Name": "title",
                    "Alias": "t",
                    "Startup Cost": 0.0,
                    "Total Cost": 58306.47,
                    "Plan Rows": 4852,
                    "Plan Width": 4,
                    "Actual Startup Time": 0.171,
                    "Actual Total Time": 121.94,
                    "Actual Rows": 4049,
                    "Actual Loops": 2,
                    "Filter": "((kind_id = 7) AND (production_year = 1978))",
                    "Rows Removed by Filter": 1260107
                  },
                  {
                    "Node Type": "Index Scan",
                    "Parent Relationship": "Inner",
                    "Parallel Aware": false,
                    "Scan Direction": "Forward",
                    "Index Name": "movie_id_cast_info",
                    "Relation Name": "cast_info",
                    "Alias": "ci",
                    "Startup Cost": 0.56,
                    "Total Cost": 97.55,
                    "Plan Rows": 24,
                    "Plan Width": 4,
                    "Actual Startup Time": 0.018,
                    "Actual Total Time": 0.03,
                    "Actual Rows": 8,
                    "Actual Loops": 8098,
                    "Index Cond": "(movie_id = t.id)",
                    "Rows Removed by Index Recheck": 0,
                    "Filter": "((person_id > 61105) AND (role_id > 1))",
                    "Rows Removed by Filter": 6
                  }
                ]
              }
            ]
          }
        ]
      }
    ]
  },
  "Planning Time": 0.51,
  "Triggers": [],
  "Execution Time": 290.602
}