[
  {
    "Plan": {
      "Node Type": "Aggregate",
      "Strategy": "Plain",
      "Partial Mode": "Finalize",
      "Parallel Aware": false,
      "Startup Cost": 332079.94,
      "Total Cost": 332079.95,
      "Plan Rows": 1,
      "Plan Width": 8,
      "Actual Startup Time": 667.62,
      "Actual Total Time": 713.134,
      "Actual Rows": 1,
      "Actual Loops": 1,
      "Plans": [
        {
          "Node Type": "Gather",
          "Parent Relationship": "Outer",
          "Parallel Aware": false,
          "Startup Cost": 332079.32,
          "Total Cost": 332079.93,
          "Plan Rows": 6,
          "Plan Width": 8,
          "Actual Startup Time": 667.412,
          "Actual Total Time": 713.111,
          "Actual Rows": 7,
          "Actual Loops": 1,
          "Workers Planned": 6,
          "Workers Launched": 6,
          "Single Copy": false,
          "Plans": [
            {
              "Node Type": "Aggregate",
              "Strategy": "Plain",
              "Partial Mode": "Partial",
              "Parent Relationship": "Outer",
              "Parallel Aware": false,
              "Startup Cost": 331079.32,
              "Total Cost": 331079.33,
              "Plan Rows": 1,
              "Plan Width": 8,
              "Actual Startup Time": 660.718,
              "Actual Total Time": 660.72,
              "Actual Rows": 1,
              "Actual Loops": 7,
              "Plans": [
                {
                  "Node Type": "Seq Scan",
                  "Parent Relationship": "Outer",
                  "Parallel Aware": true,
                  "Relation Name": "cast_info",
                  "Alias": "ci",
                  "Startup Cost": 0.0,
                  "Total Cost": 328211.39,
                  "Plan Rows": 1147170,
                  "Plan Width": 0,
                  "Actual Startup Time": 0.041,
                  "Actual Total Time": 604.19,
                  "Actual Rows": 1000728,
                  "Actual Loops": 7,
                  "Filter": "(person_id < 677010)",
                  "Rows Removed by Filter": 4177036
                }
              ]
            }
          ]
        }
      ]
    },
    "Planning Time": 0.13,
    "Triggers": [],
    "Execution Time": 713.19
  }
]