[
  {
    "Plan": {
      "Node Type": "Aggregate",
      "Strategy": "Plain",
      "Partial Mode": "Finalize",
      "Parallel Aware": false,
      "Startup Cost": 332004.59,
      "Total Cost": 332004.6,
      "Plan Rows": 1,
      "Plan Width": 8,
      "Actual Startup Time": 584.287,
      "Actual Total Time": 640.872,
      "Actual Rows": 1,
      "Actual Loops": 1,
      "Plans": [
        {
          "Node Type": "Gather",
          "Parent Relationship": "Outer",
          "Parallel Aware": false,
          "Startup Cost": 332003.97,
          "Total Cost": 332004.58,
          "Plan Rows": 6,
          "Plan Width": 8,
          "Actual Startup Time": 584.151,
          "Actual Total Time": 640.863,
          "Actual Rows": 7,
          "Actual Loops": 1,
          "Workers Planned": 6,
          "Workers Launched": 6,
          "Single Copy": false,
          "Plans": [
            {
              "Node Type": "Aggregate",
              "Strategy": "Plain",
              "Partial Mode": "Partial",
              "Parent Relationship": "Outer",
              "Parallel Aware": false,
              "Startup Cost": 331003.97,
              "Total Cost": 331003.98,
              "Plan Rows": 1,
              "Plan Width": 8,
              "Actual Startup Time": 573.507,
              "Actual Total Time": 573.508,
              "Actual Rows": 1,
              "Actual Loops": 7,
              "Plans": [
                {
                  "Node Type": "Seq Scan",
                  "Parent Relationship": "Outer",
                  "Parallel Aware": true,
                  "Relation Name": "cast_info",
                  "Alias": "ci",
                  "Startup Cost": 0.0,
                  "Total Cost": 328162.03,
                  "Plan Rows": 1136777,
                  "Plan Width": 0,
                  "Actual Startup Time": 0.052,
                  "Actual Total Time": 528.589,
                  "Actual Rows": 1000728,
                  "Actual Loops": 7,
                  "Filter": "(person_id < 677010)",
                  "Rows Removed by Filter": 4177036
                }
              ]
            }
          ]
        }
      ]
    },
    "Planning Time": 0.215,
    "Triggers": [],
    "Execution Time": 640.942
  }
]