{
    "Plan": {
        "Node Type": "Aggregate",
        "Strategy": "Plain",
        "Partial Mode": "Finalize",
        "Parallel Aware": false,
        "Startup Cost": 378503.11,
        "Total Cost": 378503.12,
        "Plan Rows": 1,
        "Plan Width": 8,
        "Actual Startup Time": 832.469,
        "Actual Total Time": 867.399,
        "Actual Rows": 1,
        "Actual Loops": 1,
        "Output": [
            "count(*)"
        ],
        "Plans": [
            {
                "Node Type": "Gather",
                "Parent Relationship": "Outer",
                "Parallel Aware": false,
                "Startup Cost": 378502.49,
                "Total Cost": 378503.1,
                "Plan Rows": 6,
                "Plan Width": 8,
                "Actual Startup Time": 819.963,
                "Actual Total Time": 867.387,
                "Actual Rows": 7,
                "Actual Loops": 1,
                "Output": [
                    "(PARTIAL count(*))"
                ],
                "Workers Planned": 6,
                "Workers Launched": 6,
                "Single Copy": false,
                "Plans": [
                    {
                        "Node Type": "Aggregate",
                        "Strategy": "Plain",
                        "Partial Mode": "Partial",
                        "Parent Relationship": "Outer",
                        "Parallel Aware": false,
                        "Startup Cost": 377502.49,
                        "Total Cost": 377502.5,
                        "Plan Rows": 1,
                        "Plan Width": 8,
                        "Actual Startup Time": 804.066,
                        "Actual Total Time": 804.069,
                        "Actual Rows": 1,
                        "Actual Loops": 7,
                        "Output": [
                            "PARTIAL count(*)"
                        ],
                        "Workers": [
                            {
                                "Worker Number": 0,
                                "Actual Startup Time": 801.406,
                                "Actual Total Time": 801.409,
                                "Actual Rows": 1,
                                "Actual Loops": 1
                            },
                            {
                                "Worker Number": 1,
                                "Actual Startup Time": 801.527,
                                "Actual Total Time": 801.53,
                                "Actual Rows": 1,
                                "Actual Loops": 1
                            },
                            {
                                "Worker Number": 2,
                                "Actual Startup Time": 801.287,
                                "Actual Total Time": 801.29,
                                "Actual Rows": 1,
                                "Actual Loops": 1
                            },
                            {
                                "Worker Number": 3,
                                "Actual Startup Time": 802.182,
                                "Actual Total Time": 802.185,
                                "Actual Rows": 1,
                                "Actual Loops": 1
                            },
                            {
                                "Worker Number": 4,
                                "Actual Startup Time": 801.467,
                                "Actual Total Time": 801.47,
                                "Actual Rows": 1,
                                "Actual Loops": 1
                            },
                            {
                                "Worker Number": 5,
                                "Actual Startup Time": 801.604,
                                "Actual Total Time": 801.608,
                                "Actual Rows": 1,
                                "Actual Loops": 1
                            }
                        ],
                        "Plans": [
                            {
                                "Node Type": "Hash Join",
                                "Parent Relationship": "Outer",
                                "Parallel Aware": true,
                                "Join Type": "Inner",
                                "Startup Cost": 49396.45,
                                "Total Cost": 375723.68,
                                "Plan Rows": 711523,
                                "Plan Width": 0,
                                "Actual Startup Time": 174.872,
                                "Actual Total Time": 789.742,
                                "Actual Rows": 316575,
                                "Actual Loops": 7,
                                "Inner Unique": true,
                                "Hash Cond": "(ci.movie_id = t.id)",
                                "Workers": [
                                    {
                                        "Worker Number": 0,
                                        "Actual Startup Time": 172.131,
                                        "Actual Total Time": 784.934,
                                        "Actual Rows": 238390,
                                        "Actual Loops": 1
                                    },
                                    {
                                        "Worker Number": 1,
                                        "Actual Startup Time": 172.465,
                                        "Actual Total Time": 787.971,
                                        "Actual Rows": 327169,
                                        "Actual Loops": 1
                                    },
                                    {
                                        "Worker Number": 2,
                                        "Actual Startup Time": 172.162,
                                        "Actual Total Time": 788.173,
                                        "Actual Rows": 308259,
                                        "Actual Loops": 1
                                    },
                                    {
                                        "Worker Number": 3,
                                        "Actual Startup Time": 172.382,
                                        "Actual Total Time": 788.508,
                                        "Actual Rows": 319089,
                                        "Actual Loops": 1
                                    },
                                    {
                                        "Worker Number": 4,
                                        "Actual Startup Time": 172.36,
                                        "Actual Total Time": 787.557,
                                        "Actual Rows": 324772,
                                        "Actual Loops": 1
                                    },
                                    {
                                        "Worker Number": 5,
                                        "Actual Startup Time": 172.46,
                                        "Actual Total Time": 788.159,
                                        "Actual Rows": 313994,
                                        "Actual Loops": 1
                                    }
                                ],
                                "Plans": [
                                    {
                                        "Node Type": "Index Scan",
                                        "Parent Relationship": "Outer",
                                        "Parallel Aware": true,
                                        "Scan Direction": "Forward",
                                        "Index Name": "role_id_cast_info",
                                        "Relation Name": "cast_info",
                                        "Schema": "public",
                                        "Alias": "ci",
                                        "Startup Cost": 0.56,
                                        "Total Cost": 322560.04,
                                        "Plan Rows": 1435334,
                                        "Plan Width": 4,
                                        "Actual Startup Time": 0.164,
                                        "Actual Total Time": 364.199,
                                        "Actual Rows": 612239,
                                        "Actual Loops": 7,
                                        "Output": [
                                            "ci.id",
                                            "ci.person_id",
                                            "ci.movie_id",
                                            "ci.person_role_id",
                                            "ci.note",
                                            "ci.nr_order",
                                            "ci.role_id"
                                        ],
                                        "Index Cond": "(ci.role_id > 3)",
                                        "Rows Removed by Index Recheck": 0,
                                        "Filter": "(ci.person_id < 2684018)",
                                        "Rows Removed by Filter": 1118282,
                                        "Workers": [
                                            {
                                                "Worker Number": 0,
                                                "Actual Startup Time": 0.147,
                                                "Actual Total Time": 386.887,
                                                "Actual Rows": 462851,
                                                "Actual Loops": 1
                                            },
                                            {
                                                "Worker Number": 1,
                                                "Actual Startup Time": 0.181,
                                                "Actual Total Time": 367.389,
                                                "Actual Rows": 628976,
                                                "Actual Loops": 1
                                            },
                                            {
                                                "Worker Number": 2,
                                                "Actual Startup Time": 0.082,
                                                "Actual Total Time": 367.535,
                                                "Actual Rows": 595853,
                                                "Actual Loops": 1
                                            },
                                            {
                                                "Worker Number": 3,
                                                "Actual Startup Time": 0.259,
                                                "Actual Total Time": 362.059,
                                                "Actual Rows": 616801,
                                                "Actual Loops": 1
                                            },
                                            {
                                                "Worker Number": 4,
                                                "Actual Startup Time": 0.134,
                                                "Actual Total Time": 369.172,
                                                "Actual Rows": 633719,
                                                "Actual Loops": 1
                                            },
                                            {
                                                "Worker Number": 5,
                                                "Actual Startup Time": 0.084,
                                                "Actual Total Time": 366.302,
                                                "Actual Rows": 606684,
                                                "Actual Loops": 1
                                            }
                                        ]
                                    },
                                    {
                                        "Node Type": "Hash",
                                        "Parent Relationship": "Inner",
                                        "Parallel Aware": true,
                                        "Startup Cost": 45479.21,
                                        "Total Cost": 45479.21,
                                        "Plan Rows": 313334,
                                        "Plan Width": 4,
                                        "Actual Startup Time": 169.728,
                                        "Actual Total Time": 169.729,
                                        "Actual Rows": 192698,
                                        "Actual Loops": 7,
                                        "Output": [
                                            "t.id"
                                        ],
                                        "Hash Buckets": 2097152,
                                        "Original Hash Buckets": 2097152,
                                        "Hash Batches": 1,
                                        "Original Hash Batches": 1,
                                        "Peak Memory Usage": 69216,
                                        "Workers": [
                                            {
                                                "Worker Number": 0,
                                                "Actual Startup Time": 171.557,
                                                "Actual Total Time": 171.558,
                                                "Actual Rows": 148553,
                                                "Actual Loops": 1
                                            },
                                            {
                                                "Worker Number": 1,
                                                "Actual Startup Time": 171.705,
                                                "Actual Total Time": 171.705,
                                                "Actual Rows": 190297,
                                                "Actual Loops": 1
                                            },
                                            {
                                                "Worker Number": 2,
                                                "Actual Startup Time": 171.382,
                                                "Actual Total Time": 171.383,
                                                "Actual Rows": 178129,
                                                "Actual Loops": 1
                                            },
                                            {
                                                "Worker Number": 3,
                                                "Actual Startup Time": 171.42,
                                                "Actual Total Time": 171.421,
                                                "Actual Rows": 180689,
                                                "Actual Loops": 1
                                            },
                                            {
                                                "Worker Number": 4,
                                                "Actual Startup Time": 171.668,
                                                "Actual Total Time": 171.669,
                                                "Actual Rows": 190848,
                                                "Actual Loops": 1
                                            },
                                            {
                                                "Worker Number": 5,
                                                "Actual Startup Time": 171.752,
                                                "Actual Total Time": 171.754,
                                                "Actual Rows": 179815,
                                                "Actual Loops": 1
                                            }
                                        ],
                                        "Plans": [
                                            {
                                                "Node Type": "Seq Scan",
                                                "Parent Relationship": "Outer",
                                                "Parallel Aware": true,
                                                "Relation Name": "title",
                                                "Schema": "public",
                                                "Alias": "t",
                                                "Startup Cost": 0.0,
                                                "Total Cost": 45479.21,
                                                "Plan Rows": 313334,
                                                "Plan Width": 4,
                                                "Actual Startup Time": 0.063,
                                                "Actual Total Time": 75.243,
                                                "Actual Rows": 192698,
                                                "Actual Loops": 7,
                                                "Output": [
                                                    "t.id"
                                                ],
                                                "Filter": "((t.production_year > 1970) AND (t.kind_id = 7))",
                                                "Rows Removed by Filter": 168490,
                                                "Workers": [
                                                    {
                                                        "Worker Number": 0,
                                                        "Actual Startup Time": 0.072,
                                                        "Actual Total Time": 79.234,
                                                        "Actual Rows": 148553,
                                                        "Actual Loops": 1
                                                    },
                                                    {
                                                        "Worker Number": 1,
                                                        "Actual Startup Time": 0.074,
                                                        "Actual Total Time": 76.962,
                                                        "Actual Rows": 190297,
                                                        "Actual Loops": 1
                                                    },
                                                    {
                                                        "Worker Number": 2,
                                                        "Actual Startup Time": 0.076,
                                                        "Actual Total Time": 75.988,
                                                        "Actual Rows": 178129,
                                                        "Actual Loops": 1
                                                    },
                                                    {
                                                        "Worker Number": 3,
                                                        "Actual Startup Time": 0.067,
                                                        "Actual Total Time": 76.234,
                                                        "Actual Rows": 180689,
                                                        "Actual Loops": 1
                                                    },
                                                    {
                                                        "Worker Number": 4,
                                                        "Actual Startup Time": 0.061,
                                                        "Actual Total Time": 76.68,
                                                        "Actual Rows": 190848,
                                                        "Actual Loops": 1
                                                    },
                                                    {
                                                        "Worker Number": 5,
                                                        "Actual Startup Time": 0.073,
                                                        "Actual Total Time": 75.84,
                                                        "Actual Rows": 179815,
                                                        "Actual Loops": 1
                                                    }
                                                ]
                                            }
                                        ]
                                    }
                                ]
                            }
                        ]
                    }
                ]
            }
        ]
    },
    "Planning Time": 0.75,
    "Triggers": [],
    "Execution Time": 867.492
}