{
  "Plan": {
    "Node Type": "Aggregate",
    "Strategy": "Plain",
    "Partial Mode": "Finalize",
    "Parallel Aware": false,
    "Startup Cost": 120805.53,
    "Total Cost": 120805.54,
    "Plan Rows": 1,
    "Plan Width": 8,
    "Actual Startup Time": 735.143,
    "Actual Total Time": 750.781,
    "Actual Rows": 1,
    "Actual Loops": 1,
    "Plans": [
      {
        "Node Type": "Gather",
        "Parent Relationship": "Outer",
        "Parallel Aware": false,
        "Startup Cost": 120805.42,
        "Total Cost": 120805.53,
        "Plan Rows": 1,
        "Plan Width": 8,
        "Actual Startup Time": 730.519,
        "Actual Total Time": 750.772,
        "Actual Rows": 2,
        "Actual Loops": 1,
        "Workers Planned": 1,
        "Workers Launched": 1,
        "Single Copy": false,
        "Plans": [
          {
            "Node Type": "Aggregate",
            "Strategy": "Plain",
            "Partial Mode": "Partial",
            "Parent Relationship": "Outer",
            "Parallel Aware": false,
            "Startup Cost": 119805.42,
            "Total Cost": 119805.43,
            "Plan Rows": 1,
            "Plan Width": 8,
            "Actual Startup Time": 719.119,
            "Actual Total Time": 719.123,
            "Actual Rows": 1,
            "Actual Loops": 2,
            "Plans": [
              {
                "Node Type": "Hash Join",
                "Parent Relationship": "Outer",
                "Parallel Aware": true,
                "Join Type": "Inner",
                "Startup Cost": 87368.04,
                "Total Cost": 118803.91,
                "Plan Rows": 400605,
                "Plan Width": 0,
                "Actual Startup Time": 544.517,
                "Actual Total Time": 705.592,
                "Actual Rows": 313794,
                "Actual Loops": 2,
                "Inner Unique": true,
                "Hash Cond": "(mk.movie_id = t.id)",
                "Plans": [
                  {
                    "Node Type": "Bitmap Heap Scan",
                    "Parent Relationship": "Outer",
                    "Parallel Aware": true,
                    "Relation Name": "movie_keyword",
                    "Alias": "mk",
                    "Startup Cost": 16646.16,
                    "Total Cost": 46870.3,
                    "Plan Rows": 461611,
                    "Plan Width": 4,
                    "Actual Startup Time": 43.521,
                    "Actual Total Time": 119.207,
                    "Actual Rows": 388273,
                    "Actual Loops": 2,
                    "Recheck Cond": "(keyword_id > 24289)",
                    "Rows Removed by Index Recheck": 0,
                    "Exact Heap Blocks": 13119,
                    "Lossy Heap Blocks": 0,
                    "Plans": [
                      {
                        "Node Type": "Bitmap Index Scan",
                        "Parent Relationship": "Outer",
                        "Parallel Aware": false,
                        "Index Name": "keyword_id_movie_keyword",
                        "Startup Cost": 0.0,
                        "Total Cost": 16449.97,
                        "Plan Rows": 784739,
                        "Plan Width": 0,
                        "Actual Startup Time": 39.979,
                        "Actual Total Time": 39.98,
                        "Actual Rows": 776546,
                        "Actual Loops": 1,
                        "Index Cond": "(keyword_id > 24289)"
                      }
                    ]
                  },
                  {
                    "Node Type": "Hash",
                    "Parent Relationship": "Inner",
                    "Parallel Aware": true,
                    "Startup Cost": 54588.39,
                    "Total Cost": 54588.39,
                    "Plan Rows": 1290679,
                    "Plan Width": 4,
                    "Actual Startup Time": 479.848,
                    "Actual Total Time": 479.849,
                    "Actual Rows": 1091158,
                    "Actual Loops": 2,
                    "Hash Buckets": 4194304,
                    "Original Hash Buckets": 4194304,
                    "Hash Batches": 1,
                    "Original Hash Batches": 1,
                    "Peak Memory Usage": 118176,
                    "Plans": [
                      {
                        "Node Type": "Seq Scan",
                        "Parent Relationship": "Outer",
                        "Parallel Aware": true,
                        "Relation Name": "title",
                        "Alias": "t",
                        "Startup Cost": 0.0,
                        "Total Cost": 54588.39,
                        "Plan Rows": 1290679,
                        "Plan Width": 4,
                        "Actual Startup Time": 0.026,
                        "Actual Total Time": 172.123,
                        "Actual Rows": 1091158,
                        "Actual Loops": 2,
                        "Filter": "(production_year > 1962)",
                        "Rows Removed by Filter": 172998
                      }
                    ]
                  }
                ]
              }
            ]
          }
        ]
      }
    ]
  },
  "Planning Time": 0.693,
  "Triggers": [],
  "Execution Time": 750.914
}