{
  "Plan": {
    "Node Type": "Aggregate",
    "Strategy": "Plain",
    "Partial Mode": "Finalize",
    "Parallel Aware": false,
    "Startup Cost": 438337.02,
    "Total Cost": 438337.03,
    "Plan Rows": 1,
    "Plan Width": 8,
    "Actual Startup Time": 1988.153,
    "Actual Total Time": 2032.508,
    "Actual Rows": 1,
    "Actual Loops": 1,
    "Plans": [
      {
        "Node Type": "Gather",
        "Parent Relationship": "Outer",
        "Parallel Aware": false,
        "Startup Cost": 438336.9,
        "Total Cost": 438337.01,
        "Plan Rows": 1,
        "Plan Width": 8,
        "Actual Startup Time": 1985.024,
        "Actual Total Time": 2032.495,
        "Actual Rows": 2,
        "Actual Loops": 1,
        "Workers Planned": 1,
        "Workers Launched": 1,
        "Single Copy": false,
        "Plans": [
          {
            "Node Type": "Aggregate",
            "Strategy": "Plain",
            "Partial Mode": "Partial",
            "Parent Relationship": "Outer",
            "Parallel Aware": false,
            "Startup Cost": 437336.9,
            "Total Cost": 437336.91,
            "Plan Rows": 1,
            "Plan Width": 8,
            "Actual Startup Time": 1981.708,
            "Actual Total Time": 1981.718,
            "Actual Rows": 1,
            "Actual Loops": 2,
            "Plans": [
              {
                "Node Type": "Hash Join",
                "Parent Relationship": "Outer",
                "Parallel Aware": true,
                "Join Type": "Inner",
                "Startup Cost": 126789.27,
                "Total Cost": 433824.32,
                "Plan Rows": 1405032,
                "Plan Width": 0,
                "Actual Startup Time": 659.427,
                "Actual Total Time": 1963.503,
                "Actual Rows": 424152,
                "Actual Loops": 2,
                "Inner Unique": false,
                "Hash Cond": "(mi.movie_id = t.id)",
                "Plans": [
                  {
                    "Node Type": "Seq Scan",
                    "Parent Relationship": "Outer",
                    "Parallel Aware": true,
                    "Relation Name": "movie_info",
                    "Alias": "mi",
                    "Startup Cost": 0.0,
                    "Total Cost": 270696.42,
                    "Plan Rows": 7486332,
                    "Plan Width": 4,
                    "Actual Startup Time": 0.02,
                    "Actual Total Time": 775.653,
                    "Actual Rows": 6372326,
                    "Actual Loops": 2,
                    "Filter": "(info_type_id > 2)",
                    "Rows Removed by Filter": 1045534
                  },
                  {
                    "Node Type": "Hash",
                    "Parent Relationship": "Inner",
                    "Parallel Aware": true,
                    "Startup Cost": 123300.23,
                    "Total Cost": 123300.23,
                    "Plan Rows": 279123,
                    "Plan Width": 8,
                    "Actual Startup Time": 655.42,
                    "Actual Total Time": 655.427,
                    "Actual Rows": 52154,
                    "Actual Loops": 2,
                    "Hash Buckets": 524288,
                    "Original Hash Buckets": 524288,
                    "Hash Batches": 1,
                    "Original Hash Batches": 1,
                    "Peak Memory Usage": 8192,
                    "Plans": [
                      {
                        "Node Type": "Hash Join",
                        "Parent Relationship": "Outer",
                        "Parallel Aware": true,
                        "Join Type": "Inner",
                        "Startup Cost": 89295.85,
                        "Total Cost": 123300.23,
                        "Plan Rows": 279123,
                        "Plan Width": 8,
                        "Actual Startup Time": 434.537,
                        "Actual Total Time": 641.598,
                        "Actual Rows": 52154,
                        "Actual Loops": 2,
                        "Inner Unique": true,
                        "Hash Cond": "(mk.movie_id = t.id)",
                        "Plans": [
                          {
                            "Node Type": "Bitmap Heap Scan",
                            "Parent Relationship": "Outer",
                            "Parallel Aware": true,
                            "Relation Name": "movie_keyword",
                            "Alias": "mk",
                            "Startup Cost": 22771.52,
                            "Total Cost": 55118.4,
                            "Plan Rows": 631430,
                            "Plan Width": 4,
                            "Actual Startup Time": 63.856,
                            "Actual Total Time": 169.816,
                            "Actual Rows": 542839,
                            "Actual Loops": 2,
                            "Recheck Cond": "(keyword_id < 1105)",
                            "Rows Removed by Index Recheck": 0,
                            "Exact Heap Blocks": 12503,
                            "Lossy Heap Blocks": 0,
                            "Plans": [
                              {
                                "Node Type": "Bitmap Index Scan",
                                "Parent Relationship": "Outer",
                                "Parallel Aware": false,
                                "Index Name": "keyword_id_movie_keyword",
                                "Startup Cost": 0.0,
                                "Total Cost": 22503.16,
                                "Plan Rows": 1073431,
                                "Plan Width": 0,
                                "Actual Startup Time": 60.169,
                                "Actual Total Time": 60.17,
                                "Actual Rows": 1085678,
                                "Actual Loops": 1,
                                "Index Cond": "(keyword_id < 1105)"
                              }
                            ]
                          },
                          {
                            "Node Type": "Hash",
                            "Parent Relationship": "Inner",
                            "Parallel Aware": true,
                            "Startup Cost": 58306.47,
                            "Total Cost": 58306.47,
                            "Plan Rows": 657429,
                            "Plan Width": 4,
                            "Actual Startup Time": 361.327,
                            "Actual Total Time": 361.328,
                            "Actual Rows": 606543,
                            "Actual Loops": 2,
                            "Hash Buckets": 2097152,
                            "Original Hash Buckets": 2097152,
                            "Hash Batches": 1,
                            "Original Hash Batches": 1,
                            "Peak Memory Usage": 63872,
                            "Plans": [
                              {
                                "Node Type": "Seq Scan",
                                "Parent Relationship": "Outer",
                                "Parallel Aware": true,
                                "Relation Name": "title",
                                "Alias": "t",
                                "Startup Cost": 0.0,
                                "Total Cost": 58306.47,
                                "Plan Rows": 657429,
                                "Plan Width": 4,
                                "Actual Startup Time": 0.027,
                                "Actual Total Time": 170.642,
                                "Actual Rows": 606543,
                                "Actual Loops": 2,
                                "Filter": "((production_year > 1986) AND (kind_id = 7))",
                                "Rows Removed by Filter": 657613
                              }
                            ]
                          }
                        ]
                      }
                    ]
                  }
                ]
              }
            ]
          }
        ]
      }
    ]
  },
  "Planning Time": 0.694,
  "Triggers": [],
  "Execution Time": 2032.597
}