[
    {
        "Bao": {
            "Bao prediction": "NaN",
            "Bao recommended hint": "(no hint)"
        }
    },
    {
        "Plan": {
            "Node Type": "Aggregate",
            "Strategy": "Plain",
            "Partial Mode": "Simple",
            "Parallel Aware": false,
            "Startup Cost": 17947.7,
            "Total Cost": 17947.71,
            "Plan Rows": 1,
            "Plan Width": 8,
            "Actual Startup Time": 12.21,
            "Actual Total Time": 12.212,
            "Actual Rows": 1,
            "Actual Loops": 1,
            "Output": [
                "count(*)"
            ],
            "Plans": [
                {
                    "Node Type": "Bitmap Heap Scan",
                    "Parent Relationship": "Outer",
                    "Parallel Aware": false,
                    "Relation Name": "movie_companies",
                    "Schema": "public",
                    "Alias": "mc",
                    "Startup Cost": 265.24,
                    "Total Cost": 17932.78,
                    "Plan Rows": 5968,
                    "Plan Width": 0,
                    "Actual Startup Time": 2.289,
                    "Actual Total Time": 11.582,
                    "Actual Rows": 6058,
                    "Actual Loops": 1,
                    "Recheck Cond": "(mc.company_id = 11203)",
                    "Rows Removed by Index Recheck": 0,
                    "Filter": "(mc.company_type_id = 1)",
                    "Rows Removed by Filter": 5759,
                    "Exact Heap Blocks": 3407,
                    "Lossy Heap Blocks": 0,
                    "Plans": [
                        {
                            "Node Type": "Bitmap Index Scan",
                            "Parent Relationship": "Outer",
                            "Parallel Aware": false,
                            "Index Name": "company_id_movie_companies",
                            "Startup Cost": 0.0,
                            "Total Cost": 263.75,
                            "Plan Rows": 12176,
                            "Plan Width": 0,
                            "Actual Startup Time": 1.483,
                            "Actual Total Time": 1.484,
                            "Actual Rows": 11817,
                            "Actual Loops": 1,
                            "Index Cond": "(mc.company_id = 11203)"
                        }
                    ]
                }
            ]
        },
        "Planning Time": 214.11,
        "Triggers": [],
        "Execution Time": 12.273
    }
]