[
  {
    "Plan": {
      "Node Type": "Aggregate",
      "Strategy": "Plain",
      "Partial Mode": "Finalize",
      "Parallel Aware": false,
      "Startup Cost": 270794.26,
      "Total Cost": 270794.27,
      "Plan Rows": 1,
      "Plan Width": 8,
      "Actual Startup Time": 1355.985,
      "Actual Total Time": 1391.079,
      "Actual Rows": 1,
      "Actual Loops": 1,
      "Plans": [
        {
          "Node Type": "Gather",
          "Parent Relationship": "Outer",
          "Parallel Aware": false,
          "Startup Cost": 270793.94,
          "Total Cost": 270794.25,
          "Plan Rows": 3,
          "Plan Width": 8,
          "Actual Startup Time": 1331.81,
          "Actual Total Time": 1391.068,
          "Actual Rows": 4,
          "Actual Loops": 1,
          "Workers Planned": 3,
          "Workers Launched": 3,
          "Single Copy": false,
          "Plans": [
            {
              "Node Type": "Aggregate",
              "Strategy": "Plain",
              "Partial Mode": "Partial",
              "Parent Relationship": "Outer",
              "Parallel Aware": false,
              "Startup Cost": 269793.94,
              "Total Cost": 269793.95,
              "Plan Rows": 1,
              "Plan Width": 8,
              "Actual Startup Time": 1319.168,
              "Actual Total Time": 1319.357,
              "Actual Rows": 1,
              "Actual Loops": 4,
              "Plans": [
                {
                  "Node Type": "Hash Join",
                  "Parent Relationship": "Outer",
                  "Parallel Aware": true,
                  "Join Type": "Inner",
                  "Startup Cost": 237809.35,
                  "Total Cost": 268892.92,
                  "Plan Rows": 360410,
                  "Plan Width": 0,
                  "Actual Startup Time": 754.189,
                  "Actual Total Time": 1191.94,
                  "Actual Rows": 2652336,
                  "Actual Loops": 4,
                  "Inner Unique": false,
                  "Hash Cond": "(mc.movie_id = t.id)",
                  "Plans": [
                    {
                      "Node Type": "Seq Scan",
                      "Parent Relationship": "Outer",
                      "Parallel Aware": true,
                      "Relation Name": "movie_companies",
                      "Alias": "mc",
                      "Startup Cost": 0.0,
                      "Total Cost": 27206.55,
                      "Plan Rows": 841655,
                      "Plan Width": 4,
                      "Actual Startup Time": 0.034,
                      "Actual Total Time": 66.343,
                      "Actual Rows": 652282,
                      "Actual Loops": 4
                    },
                    {
                      "Node Type": "Hash",
                      "Parent Relationship": "Inner",
                      "Parallel Aware": true,
                      "Startup Cost": 235102.71,
                      "Total Cost": 235102.71,
                      "Plan Rows": 216531,
                      "Plan Width": 8,
                      "Actual Startup Time": 746.54,
                      "Actual Total Time": 746.726,
                      "Actual Rows": 256554,
                      "Actual Loops": 4,
                      "Hash Buckets": 2097152,
                      "Original Hash Buckets": 2097152,
                      "Hash Batches": 1,
                      "Original Hash Batches": 1,
                      "Peak Memory Usage": 56640,
                      "Plans": [
                        {
                          "Node Type": "Hash Join",
                          "Parent Relationship": "Outer",
                          "Parallel Aware": true,
                          "Join Type": "Inner",
                          "Startup Cost": 69834.67,
                          "Total Cost": 235102.71,
                          "Plan Rows": 216531,
                          "Plan Width": 8,
                          "Actual Startup Time": 440.285,
                          "Actual Total Time": 643.523,
                          "Actual Rows": 256554,
                          "Actual Loops": 4,
                          "Inner Unique": true,
                          "Hash Cond": "(mi.movie_id = t.id)",
                          "Plans": [
                            {
                              "Node Type": "Bitmap Heap Scan",
                              "Parent Relationship": "Outer",
                              "Parallel Aware": true,
                              "Relation Name": "movie_info",
                              "Alias": "mi",
                              "Startup Cost": 19615.03,
                              "Total Cost": 184314.67,
                              "Plan Rows": 216531,
                              "Plan Width": 4,
                              "Actual Startup Time": 64.517,
                              "Actual Total Time": 150.455,
                              "Actual Rows": 256554,
                              "Actual Loops": 4,
                              "Recheck Cond": "(info_type_id > 84)",
                              "Rows Removed by Index Recheck": 0,
                              "Exact Heap Blocks": 11432,
                              "Lossy Heap Blocks": 0,
                              "Plans": [
                                {
                                  "Node Type": "Bitmap Index Scan",
                                  "Parent Relationship": "Outer",
                                  "Parallel Aware": false,
                                  "Index Name": "info_type_id_movie_info",
                                  "Startup Cost": 0.0,
                                  "Total Cost": 19344.36,
                                  "Plan Rows": 1082657,
                                  "Plan Width": 0,
                                  "Actual Startup Time": 55.395,
                                  "Actual Total Time": 55.396,
                                  "Actual Rows": 1026216,
                                  "Actual Loops": 1,
                                  "Index Cond": "(info_type_id > 84)"
                                }
                              ]
                            },
                            {
                              "Node Type": "Hash",
                              "Parent Relationship": "Inner",
                              "Parallel Aware": true,
                              "Startup Cost": 42318.73,
                              "Total Cost": 42318.73,
                              "Plan Rows": 632073,
                              "Plan Width": 4,
                              "Actual Startup Time": 369.432,
                              "Actual Total Time": 369.433,
                              "Actual Rows": 632078,
                              "Actual Loops": 4,
                              "Hash Buckets": 4194304,
                              "Original Hash Buckets": 4194304,
                              "Hash Batches": 1,
                              "Original Hash Batches": 1,
                              "Peak Memory Usage": 131776,
                              "Plans": [
                                {
                                  "Node Type": "Seq Scan",
                                  "Parent Relationship": "Outer",
                                  "Parallel Aware": true,
                                  "Relation Name": "title",
                                  "Alias": "t",
                                  "Startup Cost": 0.0,
                                  "Total Cost": 42318.73,
                                  "Plan Rows": 632073,
                                  "Plan Width": 4,
                                  "Actual Startup Time": 0.043,
                                  "Actual Total Time": 112.46,
                                  "Actual Rows": 632078,
                                  "Actual Loops": 4
                                }
                              ]
                            }
                          ]
                        }
                      ]
                    }
                  ]
                }
              ]
            }
          ]
        }
      ]
    },
    "Planning Time": 1.391,
    "Triggers": [],
    "Execution Time": 1391.185
  }
]