[
  {
    "Plan": {
      "Node Type": "Aggregate",
      "Strategy": "Plain",
      "Partial Mode": "Finalize",
      "Parallel Aware": false,
      "Startup Cost": 201239.14,
      "Total Cost": 201239.15,
      "Plan Rows": 1,
      "Plan Width": 8,
      "Actual Startup Time": 302.168,
      "Actual Total Time": 316.489,
      "Actual Rows": 1,
      "Actual Loops": 1,
      "Plans": [
        {
          "Node Type": "Gather",
          "Parent Relationship": "Outer",
          "Parallel Aware": false,
          "Startup Cost": 201238.51,
          "Total Cost": 201239.12,
          "Plan Rows": 6,
          "Plan Width": 8,
          "Actual Startup Time": 302.054,
          "Actual Total Time": 316.481,
          "Actual Rows": 7,
          "Actual Loops": 1,
          "Workers Planned": 6,
          "Workers Launched": 6,
          "Single Copy": false,
          "Plans": [
            {
              "Node Type": "Aggregate",
              "Strategy": "Plain",
              "Partial Mode": "Partial",
              "Parent Relationship": "Outer",
              "Parallel Aware": false,
              "Startup Cost": 200238.51,
              "Total Cost": 200238.52,
              "Plan Rows": 1,
              "Plan Width": 8,
              "Actual Startup Time": 293.126,
              "Actual Total Time": 293.127,
              "Actual Rows": 1,
              "Actual Loops": 7,
              "Plans": [
                {
                  "Node Type": "Index Scan",
                  "Parent Relationship": "Outer",
                  "Parallel Aware": true,
                  "Scan Direction": "Forward",
                  "Index Name": "role_id_cast_info",
                  "Relation Name": "cast_info",
                  "Alias": "ci",
                  "Startup Cost": 0.56,
                  "Total Cost": 197877.72,
                  "Plan Rows": 944316,
                  "Plan Width": 0,
                  "Actual Startup Time": 0.149,
                  "Actual Total Time": 245.361,
                  "Actual Rows": 1064346,
                  "Actual Loops": 7,
                  "Index Cond": "(role_id = 2)",
                  "Rows Removed by Index Recheck": 0,
                  "Filter": "(person_id > 834003)",
                  "Rows Removed by Filter": 221
                }
              ]
            }
          ]
        }
      ]
    },
    "Planning Time": 0.217,
    "Triggers": [],
    "Execution Time": 316.534
  }
]