[
  {
    "Plan": {
      "Node Type": "Aggregate",
      "Strategy": "Plain",
      "Partial Mode": "Finalize",
      "Parallel Aware": false,
      "Startup Cost": 329400.66,
      "Total Cost": 329400.67,
      "Plan Rows": 1,
      "Plan Width": 8,
      "Actual Startup Time": 377.437,
      "Actual Total Time": 440.221,
      "Actual Rows": 1,
      "Actual Loops": 1,
      "Plans": [
        {
          "Node Type": "Gather",
          "Parent Relationship": "Outer",
          "Parallel Aware": false,
          "Startup Cost": 329400.24,
          "Total Cost": 329400.65,
          "Plan Rows": 4,
          "Plan Width": 8,
          "Actual Startup Time": 377.235,
          "Actual Total Time": 440.206,
          "Actual Rows": 5,
          "Actual Loops": 1,
          "Workers Planned": 4,
          "Workers Launched": 4,
          "Single Copy": false,
          "Plans": [
            {
              "Node Type": "Aggregate",
              "Strategy": "Plain",
              "Partial Mode": "Partial",
              "Parent Relationship": "Outer",
              "Parallel Aware": false,
              "Startup Cost": 328400.24,
              "Total Cost": 328400.25,
              "Plan Rows": 1,
              "Plan Width": 8,
              "Actual Startup Time": 368.625,
              "Actual Total Time": 368.627,
              "Actual Rows": 1,
              "Actual Loops": 5,
              "Plans": [
                {
                  "Node Type": "Nested Loop",
                  "Parent Relationship": "Outer",
                  "Parallel Aware": false,
                  "Join Type": "Inner",
                  "Startup Cost": 0.56,
                  "Total Cost": 328250.96,
                  "Plan Rows": 59713,
                  "Plan Width": 0,
                  "Actual Startup Time": 0.592,
                  "Actual Total Time": 363.017,
                  "Actual Rows": 56083,
                  "Actual Loops": 5,
                  "Inner Unique": false,
                  "Plans": [
                    {
                      "Node Type": "Seq Scan",
                      "Parent Relationship": "Outer",
                      "Parallel Aware": true,
                      "Relation Name": "title",
                      "Alias": "t",
                      "Startup Cost": 0.0,
                      "Total Cost": 43899.32,
                      "Plan Rows": 6132,
                      "Plan Width": 4,
                      "Actual Startup Time": 0.174,
                      "Actual Total Time": 73.023,
                      "Actual Rows": 5355,
                      "Actual Loops": 5,
                      "Filter": "(production_year = 1993)",
                      "Rows Removed by Filter": 500307
                    },
                    {
                      "Node Type": "Index Scan",
                      "Parent Relationship": "Inner",
                      "Parallel Aware": false,
                      "Scan Direction": "Forward",
                      "Index Name": "movie_id_cast_info",
                      "Relation Name": "cast_info",
                      "Alias": "ci",
                      "Startup Cost": 0.56,
                      "Total Cost": 46.13,
                      "Plan Rows": 24,
                      "Plan Width": 4,
                      "Actual Startup Time": 0.021,
                      "Actual Total Time": 0.052,
                      "Actual Rows": 10,
                      "Actual Loops": 26775,
                      "Index Cond": "(movie_id = t.id)",
                      "Rows Removed by Index Recheck": 0,
                      "Filter": "(person_id > 1152597)",
                      "Rows Removed by Filter": 5
                    }
                  ]
                }
              ]
            }
          ]
        }
      ]
    },
    "Planning Time": 0.235,
    "Triggers": [],
    "Execution Time": 440.275
  }
]