{
  "Plan": {
    "Node Type": "Aggregate",
    "Strategy": "Plain",
    "Partial Mode": "Finalize",
    "Parallel Aware": false,
    "Startup Cost": 198879.99,
    "Total Cost": 198880.0,
    "Plan Rows": 1,
    "Plan Width": 8,
    "Actual Startup Time": 575.842,
    "Actual Total Time": 604.737,
    "Actual Rows": 1,
    "Actual Loops": 1,
    "Plans": [
      {
        "Node Type": "Gather",
        "Parent Relationship": "Outer",
        "Parallel Aware": false,
        "Startup Cost": 198879.88,
        "Total Cost": 198879.99,
        "Plan Rows": 1,
        "Plan Width": 8,
        "Actual Startup Time": 575.571,
        "Actual Total Time": 604.729,
        "Actual Rows": 2,
        "Actual Loops": 1,
        "Workers Planned": 1,
        "Workers Launched": 1,
        "Single Copy": false,
        "Plans": [
          {
            "Node Type": "Aggregate",
            "Strategy": "Plain",
            "Partial Mode": "Partial",
            "Parent Relationship": "Outer",
            "Parallel Aware": false,
            "Startup Cost": 197879.88,
            "Total Cost": 197879.89,
            "Plan Rows": 1,
            "Plan Width": 8,
            "Actual Startup Time": 569.646,
            "Actual Total Time": 569.651,
            "Actual Rows": 1,
            "Actual Loops": 2,
            "Plans": [
              {
                "Node Type": "Nested Loop",
                "Parent Relationship": "Outer",
                "Parallel Aware": false,
                "Join Type": "Inner",
                "Startup Cost": 58601.6,
                "Total Cost": 197018.16,
                "Plan Rows": 344686,
                "Plan Width": 0,
                "Actual Startup Time": 154.014,
                "Actual Total Time": 565.602,
                "Actual Rows": 91760,
                "Actual Loops": 2,
                "Inner Unique": false,
                "Join Filter": "(t.id = ci.movie_id)",
                "Rows Removed by Join Filter": 0,
                "Plans": [
                  {
                    "Node Type": "Hash Join",
                    "Parent Relationship": "Outer",
                    "Parallel Aware": true,
                    "Join Type": "Inner",
                    "Startup Cost": 58601.03,
                    "Total Cost": 116651.87,
                    "Plan Rows": 42166,
                    "Plan Width": 8,
                    "Actual Startup Time": 153.791,
                    "Actual Total Time": 464.184,
                    "Actual Rows": 4402,
                    "Actual Loops": 2,
                    "Inner Unique": true,
                    "Hash Cond": "(mk.movie_id = t.id)",
                    "Plans": [
                      {
                        "Node Type": "Seq Scan",
                        "Parent Relationship": "Outer",
                        "Parallel Aware": true,
                        "Relation Name": "movie_keyword",
                        "Alias": "mk",
                        "Startup Cost": 0.0,
                        "Total Cost": 51065.35,
                        "Plan Rows": 2661135,
                        "Plan Width": 4,
                        "Actual Startup Time": 0.012,
                        "Actual Total Time": 156.984,
                        "Actual Rows": 2261965,
                        "Actual Loops": 2
                      },
                      {
                        "Node Type": "Hash",
                        "Parent Relationship": "Inner",
                        "Parallel Aware": true,
                        "Startup Cost": 58306.47,
                        "Total Cost": 58306.47,
                        "Plan Rows": 23565,
                        "Plan Width": 4,
                        "Actual Startup Time": 151.712,
                        "Actual Total Time": 151.713,
                        "Actual Rows": 20060,
                        "Actual Loops": 2,
                        "Hash Buckets": 65536,
                        "Original Hash Buckets": 65536,
                        "Hash Batches": 1,
                        "Original Hash Batches": 1,
                        "Peak Memory Usage": 2112,
                        "Plans": [
                          {
                            "Node Type": "Seq Scan",
                            "Parent Relationship": "Outer",
                            "Parallel Aware": true,
                            "Relation Name": "title",
                            "Alias": "t",
                            "Startup Cost": 0.0,
                            "Total Cost": 58306.47,
                            "Plan Rows": 23565,
                            "Plan Width": 4,
                            "Actual Startup Time": 0.073,
                            "Actual Total Time": 144.16,
                            "Actual Rows": 20060,
                            "Actual Loops": 2,
                            "Filter": "((kind_id = 7) AND (production_year = 2013))",
                            "Rows Removed by Filter": 1244096
                          }
                        ]
                      }
                    ]
                  },
                  {
                    "Node Type": "Index Scan",
                    "Parent Relationship": "Inner",
                    "Parallel Aware": false,
                    "Scan Direction": "Forward",
                    "Index Name": "movie_id_cast_info",
                    "Relation Name": "cast_info",
                    "Alias": "ci",
                    "Startup Cost": 0.56,
                    "Total Cost": 1.64,
                    "Plan Rows": 21,
                    "Plan Width": 4,
                    "Actual Startup Time": 0.003,
                    "Actual Total Time": 0.021,
                    "Actual Rows": 21,
                    "Actual Loops": 8804,
                    "Index Cond": "(movie_id = mk.movie_id)",
                    "Rows Removed by Index Recheck": 0,
                    "Filter": "(person_id < 2084310)",
                    "Rows Removed by Filter": 20
                  }
                ]
              }
            ]
          }
        ]
      }
    ]
  },
  "Planning Time": 0.928,
  "Triggers": [],
  "Execution Time": 604.828
}