[
    {
        "Bao": {
            "Bao prediction": "NaN",
            "Bao recommended hint": "(no hint)"
        }
    },
    {
        "Plan": {
            "Node Type": "Aggregate",
            "Strategy": "Plain",
            "Partial Mode": "Finalize",
            "Parallel Aware": false,
            "Startup Cost": 27890.88,
            "Total Cost": 27890.89,
            "Plan Rows": 1,
            "Plan Width": 8,
            "Actual Startup Time": 57.899,
            "Actual Total Time": 60.692,
            "Actual Rows": 1,
            "Actual Loops": 1,
            "Output": [
                "count(*)"
            ],
            "Plans": [
                {
                    "Node Type": "Gather",
                    "Parent Relationship": "Outer",
                    "Parallel Aware": false,
                    "Startup Cost": 27890.56,
                    "Total Cost": 27890.87,
                    "Plan Rows": 3,
                    "Plan Width": 8,
                    "Actual Startup Time": 57.792,
                    "Actual Total Time": 60.685,
                    "Actual Rows": 4,
                    "Actual Loops": 1,
                    "Output": [
                        "(PARTIAL count(*))"
                    ],
                    "Workers Planned": 3,
                    "Workers Launched": 3,
                    "Single Copy": false,
                    "Plans": [
                        {
                            "Node Type": "Aggregate",
                            "Strategy": "Plain",
                            "Partial Mode": "Partial",
                            "Parent Relationship": "Outer",
                            "Parallel Aware": false,
                            "Startup Cost": 26890.56,
                            "Total Cost": 26890.57,
                            "Plan Rows": 1,
                            "Plan Width": 8,
                            "Actual Startup Time": 49.148,
                            "Actual Total Time": 49.15,
                            "Actual Rows": 1,
                            "Actual Loops": 4,
                            "Output": [
                                "PARTIAL count(*)"
                            ],
                            "Workers": [
                                {
                                    "Worker Number": 0,
                                    "Actual Startup Time": 46.32,
                                    "Actual Total Time": 46.322,
                                    "Actual Rows": 1,
                                    "Actual Loops": 1
                                },
                                {
                                    "Worker Number": 1,
                                    "Actual Startup Time": 46.359,
                                    "Actual Total Time": 46.361,
                                    "Actual Rows": 1,
                                    "Actual Loops": 1
                                },
                                {
                                    "Worker Number": 2,
                                    "Actual Startup Time": 46.611,
                                    "Actual Total Time": 46.612,
                                    "Actual Rows": 1,
                                    "Actual Loops": 1
                                }
                            ],
                            "Plans": [
                                {
                                    "Node Type": "Bitmap Heap Scan",
                                    "Parent Relationship": "Outer",
                                    "Parallel Aware": true,
                                    "Relation Name": "movie_companies",
                                    "Schema": "public",
                                    "Alias": "mc",
                                    "Startup Cost": 6513.81,
                                    "Total Cost": 26766.29,
                                    "Plan Rows": 49708,
                                    "Plan Width": 0,
                                    "Actual Startup Time": 9.492,
                                    "Actual Total Time": 43.606,
                                    "Actual Rows": 76247,
                                    "Actual Loops": 4,
                                    "Recheck Cond": "(mc.company_id > 93372)",
                                    "Rows Removed by Index Recheck": 0,
                                    "Filter": "(mc.company_type_id = 2)",
                                    "Rows Removed by Filter": 0,
                                    "Exact Heap Blocks": 2724,
                                    "Lossy Heap Blocks": 0,
                                    "Workers": [
                                        {
                                            "Worker Number": 0,
                                            "Actual Startup Time": 6.817,
                                            "Actual Total Time": 41.277,
                                            "Actual Rows": 43001,
                                            "Actual Loops": 1
                                        },
                                        {
                                            "Worker Number": 1,
                                            "Actual Startup Time": 6.734,
                                            "Actual Total Time": 41.269,
                                            "Actual Rows": 43541,
                                            "Actual Loops": 1
                                        },
                                        {
                                            "Worker Number": 2,
                                            "Actual Startup Time": 6.959,
                                            "Actual Total Time": 41.625,
                                            "Actual Rows": 43495,
                                            "Actual Loops": 1
                                        }
                                    ],
                                    "Plans": [
                                        {
                                            "Node Type": "Bitmap Index Scan",
                                            "Parent Relationship": "Outer",
                                            "Parallel Aware": false,
                                            "Index Name": "company_id_movie_companies",
                                            "Startup Cost": 0.0,
                                            "Total Cost": 6475.28,
                                            "Plan Rows": 302247,
                                            "Plan Width": 0,
                                            "Actual Startup Time": 16.623,
                                            "Actual Total Time": 16.628,
                                            "Actual Rows": 304987,
                                            "Actual Loops": 1,
                                            "Index Cond": "(mc.company_id > 93372)"
                                        }
                                    ]
                                }
                            ]
                        }
                    ]
                }
            ]
        },
        "Planning Time": 200.532,
        "Triggers": [],
        "Execution Time": 60.803
    }
]