[
  {
    "Plan": {
      "Node Type": "Aggregate",
      "Strategy": "Plain",
      "Partial Mode": "Finalize",
      "Parallel Aware": false,
      "Startup Cost": 609698.7,
      "Total Cost": 609698.71,
      "Plan Rows": 1,
      "Plan Width": 8,
      "Actual Startup Time": 7156.924,
      "Actual Total Time": 7223.976,
      "Actual Rows": 1,
      "Actual Loops": 1,
      "Plans": [
        {
          "Node Type": "Gather",
          "Parent Relationship": "Outer",
          "Parallel Aware": false,
          "Startup Cost": 609698.18,
          "Total Cost": 609698.69,
          "Plan Rows": 5,
          "Plan Width": 8,
          "Actual Startup Time": 7108.838,
          "Actual Total Time": 7223.962,
          "Actual Rows": 6,
          "Actual Loops": 1,
          "Workers Planned": 5,
          "Workers Launched": 5,
          "Single Copy": false,
          "Plans": [
            {
              "Node Type": "Aggregate",
              "Strategy": "Plain",
              "Partial Mode": "Partial",
              "Parent Relationship": "Outer",
              "Parallel Aware": false,
              "Startup Cost": 608698.18,
              "Total Cost": 608698.19,
              "Plan Rows": 1,
              "Plan Width": 8,
              "Actual Startup Time": 7086.915,
              "Actual Total Time": 7088.527,
              "Actual Rows": 1,
              "Actual Loops": 6,
              "Plans": [
                {
                  "Node Type": "Hash Join",
                  "Parent Relationship": "Outer",
                  "Parallel Aware": true,
                  "Join Type": "Inner",
                  "Startup Cost": 383434.64,
                  "Total Cost": 595231.92,
                  "Plan Rows": 5386504,
                  "Plan Width": 0,
                  "Actual Startup Time": 1892.755,
                  "Actual Total Time": 5964.591,
                  "Actual Rows": 25324690,
                  "Actual Loops": 6,
                  "Inner Unique": false,
                  "Hash Cond": "(mi.movie_id = t.id)",
                  "Plans": [
                    {
                      "Node Type": "Seq Scan",
                      "Parent Relationship": "Outer",
                      "Parallel Aware": true,
                      "Relation Name": "movie_info",
                      "Alias": "mi",
                      "Startup Cost": 0.0,
                      "Total Cost": 191685.19,
                      "Plan Rows": 2969219,
                      "Plan Width": 4,
                      "Actual Startup Time": 0.033,
                      "Actual Total Time": 303.283,
                      "Actual Rows": 2472620,
                      "Actual Loops": 6
                    },
                    {
                      "Node Type": "Hash",
                      "Parent Relationship": "Inner",
                      "Parallel Aware": true,
                      "Startup Cost": 373878.71,
                      "Total Cost": 373878.71,
                      "Plan Rows": 764475,
                      "Plan Width": 8,
                      "Actual Startup Time": 1880.165,
                      "Actual Total Time": 1881.775,
                      "Actual Rows": 860488,
                      "Actual Loops": 6,
                      "Hash Buckets": 8388608,
                      "Original Hash Buckets": 8388608,
                      "Hash Batches": 1,
                      "Original Hash Batches": 1,
                      "Peak Memory Usage": 267616,
                      "Plans": [
                        {
                          "Node Type": "Hash Join",
                          "Parent Relationship": "Outer",
                          "Parallel Aware": true,
                          "Join Type": "Inner",
                          "Startup Cost": 48473.98,
                          "Total Cost": 373878.71,
                          "Plan Rows": 764475,
                          "Plan Width": 8,
                          "Actual Startup Time": 171.238,
                          "Actual Total Time": 1436.408,
                          "Actual Rows": 860488,
                          "Actual Loops": 6,
                          "Inner Unique": true,
                          "Hash Cond": "(ci.movie_id = t.id)",
                          "Plans": [
                            {
                              "Node Type": "Index Scan",
                              "Parent Relationship": "Outer",
                              "Parallel Aware": true,
                              "Scan Direction": "Forward",
                              "Index Name": "role_id_cast_info",
                              "Relation Name": "cast_info",
                              "Alias": "ci",
                              "Startup Cost": 0.56,
                              "Total Cost": 320109.06,
                              "Plan Rows": 2017609,
                              "Plan Width": 4,
                              "Actual Startup Time": 0.138,
                              "Actual Total Time": 475.636,
                              "Actual Rows": 2018941,
                              "Actual Loops": 6,
                              "Index Cond": "(role_id > 3)",
                              "Rows Removed by Index Recheck": 0
                            },
                            {
                              "Node Type": "Hash",
                              "Parent Relationship": "Inner",
                              "Parallel Aware": true,
                              "Startup Cost": 45479.59,
                              "Total Cost": 45479.59,
                              "Plan Rows": 239506,
                              "Plan Width": 4,
                              "Actual Startup Time": 169.568,
                              "Actual Total Time": 169.572,
                              "Actual Rows": 162963,
                              "Actual Loops": 6,
                              "Hash Buckets": 1048576,
                              "Original Hash Buckets": 1048576,
                              "Hash Batches": 1,
                              "Original Hash Batches": 1,
                              "Peak Memory Usage": 46528,
                              "Plans": [
                                {
                                  "Node Type": "Seq Scan",
                                  "Parent Relationship": "Outer",
                                  "Parallel Aware": true,
                                  "Relation Name": "title",
                                  "Alias": "t",
                                  "Startup Cost": 0.0,
                                  "Total Cost": 45479.59,
                                  "Plan Rows": 239506,
                                  "Plan Width": 4,
                                  "Actual Startup Time": 0.07,
                                  "Actual Total Time": 97.04,
                                  "Actual Rows": 162963,
                                  "Actual Loops": 6,
                                  "Filter": "((kind_id < 7) AND (production_year > 0))",
                                  "Rows Removed by Filter": 258422
                                }
                              ]
                            }
                          ]
                        }
                      ]
                    }
                  ]
                }
              ]
            }
          ]
        }
      ]
    },
    "Planning Time": 0.932,
    "Triggers": [],
    "Execution Time": 7224.063
  }
]