{
    "Plan": {
        "Node Type": "Aggregate",
        "Strategy": "Plain",
        "Partial Mode": "Simple",
        "Parallel Aware": false,
        "Startup Cost": 20003035353.15,
        "Total Cost": 20003035353.16,
        "Plan Rows": 1,
        "Plan Width": 8,
        "Actual Startup Time": 9813.955,
        "Actual Total Time": 9813.96,
        "Actual Rows": 1,
        "Actual Loops": 1,
        "Output": [
            "count(*)"
        ],
        "Plans": [
            {
                "Node Type": "Hash Join",
                "Parent Relationship": "Outer",
                "Parallel Aware": false,
                "Join Type": "Inner",
                "Startup Cost": 20000802221.65,
                "Total Cost": 20003032207.38,
                "Plan Rows": 1258309,
                "Plan Width": 0,
                "Actual Startup Time": 5094.05,
                "Actual Total Time": 9631.237,
                "Actual Rows": 3200741,
                "Actual Loops": 1,
                "Inner Unique": false,
                "Hash Cond": "(t.id = ci.movie_id)",
                "Plans": [
                    {
                        "Node Type": "Nested Loop",
                        "Parent Relationship": "Outer",
                        "Parallel Aware": false,
                        "Join Type": "Inner",
                        "Startup Cost": 20000000000.94,
                        "Total Cost": 20002204940.5,
                        "Plan Rows": 249261,
                        "Plan Width": 8,
                        "Actual Startup Time": 1.795,
                        "Actual Total Time": 3968.247,
                        "Actual Rows": 275248,
                        "Actual Loops": 1,
                        "Output": [
                            "t.id",
                            "mi_idx.movie_id"
                        ],
                        "Inner Unique": false,
                        "Plans": [
                            {
                                "Node Type": "Index Scan",
                                "Parent Relationship": "Outer",
                                "Parallel Aware": false,
                                "Scan Direction": "Forward",
                                "Index Name": "title_pkey",
                                "Relation Name": "title",
                                "Schema": "public",
                                "Alias": "t",
                                "Startup Cost": 10000000000.43,
                                "Total Cost": 10000116662.9,
                                "Plan Rows": 456663,
                                "Plan Width": 4,
                                "Actual Startup Time": 1.75,
                                "Actual Total Time": 1758.987,
                                "Actual Rows": 451569,
                                "Actual Loops": 1,
                                "Output": [
                                    "t.id",
                                    "t.title",
                                    "t.imdb_index",
                                    "t.kind_id",
                                    "t.production_year",
                                    "t.imdb_id",
                                    "t.phonetic_code",
                                    "t.episode_of_id",
                                    "t.season_nr",
                                    "t.episode_nr",
                                    "t.series_years",
                                    "t.md5sum"
                                ],
                                "Filter": "(t.production_year < 1976)",
                                "Rows Removed by Filter": 2076743
                            },
                            {
                                "Node Type": "Bitmap Heap Scan",
                                "Parent Relationship": "Inner",
                                "Parallel Aware": false,
                                "Relation Name": "movie_info_idx",
                                "Schema": "public",
                                "Alias": "mi_idx",
                                "Startup Cost": 0.51,
                                "Total Cost": 4.54,
                                "Plan Rows": 3,
                                "Plan Width": 4,
                                "Actual Startup Time": 0.003,
                                "Actual Total Time": 0.003,
                                "Actual Rows": 1,
                                "Actual Loops": 451569,
                                "Output": [
                                    "mi_idx.id",
                                    "mi_idx.movie_id",
                                    "mi_idx.info_type_id",
                                    "mi_idx.info",
                                    "mi_idx.note"
                                ],
                                "Recheck Cond": "(mi_idx.movie_id = t.id)",
                                "Rows Removed by Index Recheck": 0,
                                "Exact Heap Blocks": 92432,
                                "Lossy Heap Blocks": 0,
                                "Plans": [
                                    {
                                        "Node Type": "Bitmap Index Scan",
                                        "Parent Relationship": "Outer",
                                        "Parallel Aware": false,
                                        "Index Name": "movie_id_movie_info_idx",
                                        "Startup Cost": 0.0,
                                        "Total Cost": 0.5,
                                        "Plan Rows": 3,
                                        "Plan Width": 0,
                                        "Actual Startup Time": 0.002,
                                        "Actual Total Time": 0.002,
                                        "Actual Rows": 1,
                                        "Actual Loops": 451569,
                                        "Index Cond": "(mi_idx.movie_id = t.id)"
                                    }
                                ]
                            }
                        ]
                    },
                    {
                        "Node Type": "Hash",
                        "Parent Relationship": "Inner",
                        "Parallel Aware": false,
                        "Startup Cost": 642678.29,
                        "Total Cost": 642678.29,
                        "Plan Rows": 12763394,
                        "Plan Width": 4,
                        "Actual Startup Time": 5017.271,
                        "Actual Total Time": 5017.272,
                        "Actual Rows": 12670688,
                        "Actual Loops": 1,
                        "Output": [
                            "ci.movie_id"
                        ],
                        "Hash Buckets": 16777216,
                        "Original Hash Buckets": 16777216,
                        "Hash Batches": 1,
                        "Original Hash Batches": 1,
                        "Peak Memory Usage": 576526,
                        "Plans": [
                            {
                                "Node Type": "Bitmap Heap Scan",
                                "Parent Relationship": "Outer",
                                "Parallel Aware": false,
                                "Relation Name": "cast_info",
                                "Schema": "public",
                                "Alias": "ci",
                                "Startup Cost": 230448.87,
                                "Total Cost": 642678.29,
                                "Plan Rows": 12763394,
                                "Plan Width": 4,
                                "Actual Startup Time": 385.823,
                                "Actual Total Time": 1925.832,
                                "Actual Rows": 12670688,
                                "Actual Loops": 1,
                                "Output": [
                                    "ci.movie_id"
                                ],
                                "Recheck Cond": "(ci.role_id = 1)",
                                "Rows Removed by Index Recheck": 0,
                                "Exact Heap Blocks": 84183,
                                "Lossy Heap Blocks": 0,
                                "Plans": [
                                    {
                                        "Node Type": "Bitmap Index Scan",
                                        "Parent Relationship": "Outer",
                                        "Parallel Aware": false,
                                        "Index Name": "role_id_cast_info",
                                        "Startup Cost": 0.0,
                                        "Total Cost": 227258.02,
                                        "Plan Rows": 12763394,
                                        "Plan Width": 0,
                                        "Actual Startup Time": 373.214,
                                        "Actual Total Time": 373.214,
                                        "Actual Rows": 12670688,
                                        "Actual Loops": 1,
                                        "Index Cond": "(ci.role_id = 1)"
                                    }
                                ]
                            }
                        ]
                    }
                ]
            }
        ]
    },
    "Planning Time": 3.257,
    "Triggers": [],
    "Execution Time": 9827.07
}