[
  {
    "Plan": {
      "Node Type": "Aggregate",
      "Strategy": "Plain",
      "Partial Mode": "Finalize",
      "Parallel Aware": false,
      "Startup Cost": 30222.09,
      "Total Cost": 30222.1,
      "Plan Rows": 1,
      "Plan Width": 8,
      "Actual Startup Time": 88.325,
      "Actual Total Time": 97.71,
      "Actual Rows": 1,
      "Actual Loops": 1,
      "Plans": [
        {
          "Node Type": "Gather",
          "Parent Relationship": "Outer",
          "Parallel Aware": false,
          "Startup Cost": 30221.78,
          "Total Cost": 30222.09,
          "Plan Rows": 3,
          "Plan Width": 8,
          "Actual Startup Time": 88.044,
          "Actual Total Time": 97.702,
          "Actual Rows": 4,
          "Actual Loops": 1,
          "Workers Planned": 3,
          "Workers Launched": 3,
          "Single Copy": false,
          "Plans": [
            {
              "Node Type": "Aggregate",
              "Strategy": "Plain",
              "Partial Mode": "Partial",
              "Parent Relationship": "Outer",
              "Parallel Aware": false,
              "Startup Cost": 29221.78,
              "Total Cost": 29221.79,
              "Plan Rows": 1,
              "Plan Width": 8,
              "Actual Startup Time": 80.909,
              "Actual Total Time": 80.913,
              "Actual Rows": 1,
              "Actual Loops": 4,
              "Plans": [
                {
                  "Node Type": "Bitmap Heap Scan",
                  "Parent Relationship": "Outer",
                  "Parallel Aware": true,
                  "Relation Name": "movie_keyword",
                  "Alias": "mk",
                  "Startup Cost": 3882.44,
                  "Total Cost": 29074.22,
                  "Plan Rows": 59022,
                  "Plan Width": 0,
                  "Actual Startup Time": 25.726,
                  "Actual Total Time": 77.678,
                  "Actual Rows": 44266,
                  "Actual Loops": 4,
                  "Recheck Cond": "(keyword_id > 71742)",
                  "Rows Removed by Index Recheck": 0,
                  "Exact Heap Blocks": 12021,
                  "Lossy Heap Blocks": 0,
                  "Plans": [
                    {
                      "Node Type": "Bitmap Index Scan",
                      "Parent Relationship": "Outer",
                      "Parallel Aware": false,
                      "Index Name": "keyword_id_movie_keyword",
                      "Startup Cost": 0.0,
                      "Total Cost": 3836.7,
                      "Plan Rows": 182969,
                      "Plan Width": 0,
                      "Actual Startup Time": 27.323,
                      "Actual Total Time": 27.323,
                      "Actual Rows": 177066,
                      "Actual Loops": 1,
                      "Index Cond": "(keyword_id > 71742)"
                    }
                  ]
                }
              ]
            }
          ]
        }
      ]
    },
    "Planning Time": 0.306,
    "Triggers": [],
    "Execution Time": 97.784
  }
]