{
  "Plan": {
    "Node Type": "Aggregate",
    "Strategy": "Plain",
    "Partial Mode": "Finalize",
    "Parallel Aware": false,
    "Startup Cost": 258434.42,
    "Total Cost": 258434.43,
    "Plan Rows": 1,
    "Plan Width": 8,
    "Actual Startup Time": 1463.524,
    "Actual Total Time": 1487.472,
    "Actual Rows": 1,
    "Actual Loops": 1,
    "Plans": [
      {
        "Node Type": "Gather",
        "Parent Relationship": "Outer",
        "Parallel Aware": false,
        "Startup Cost": 258434.31,
        "Total Cost": 258434.42,
        "Plan Rows": 1,
        "Plan Width": 8,
        "Actual Startup Time": 1463.383,
        "Actual Total Time": 1487.464,
        "Actual Rows": 2,
        "Actual Loops": 1,
        "Workers Planned": 1,
        "Workers Launched": 1,
        "Single Copy": false,
        "Plans": [
          {
            "Node Type": "Aggregate",
            "Strategy": "Plain",
            "Partial Mode": "Partial",
            "Parent Relationship": "Outer",
            "Parallel Aware": false,
            "Startup Cost": 257434.31,
            "Total Cost": 257434.32,
            "Plan Rows": 1,
            "Plan Width": 8,
            "Actual Startup Time": 1457.65,
            "Actual Total Time": 1457.651,
            "Actual Rows": 1,
            "Actual Loops": 2,
            "Plans": [
              {
                "Node Type": "Merge Join",
                "Parent Relationship": "Outer",
                "Parallel Aware": false,
                "Join Type": "Inner",
                "Startup Cost": 3.07,
                "Total Cost": 256209.55,
                "Plan Rows": 489904,
                "Plan Width": 0,
                "Actual Startup Time": 2.688,
                "Actual Total Time": 1432.664,
                "Actual Rows": 590965,
                "Actual Loops": 2,
                "Inner Unique": false,
                "Merge Cond": "(t.id = mc.movie_id)",
                "Plans": [
                  {
                    "Node Type": "Index Scan",
                    "Parent Relationship": "Outer",
                    "Parallel Aware": true,
                    "Scan Direction": "Forward",
                    "Index Name": "title_pkey",
                    "Relation Name": "title",
                    "Alias": "t",
                    "Startup Cost": 0.43,
                    "Total Cost": 103647.43,
                    "Plan Rows": 474726,
                    "Plan Width": 4,
                    "Actual Startup Time": 0.065,
                    "Actual Total Time": 622.726,
                    "Actual Rows": 406010,
                    "Actual Loops": 2,
                    "Filter": "(production_year < 1995)",
                    "Rows Removed by Filter": 856933
                  },
                  {
                    "Node Type": "Index Only Scan",
                    "Parent Relationship": "Inner",
                    "Parallel Aware": false,
                    "Scan Direction": "Forward",
                    "Index Name": "movie_id_movie_companies",
                    "Relation Name": "movie_companies",
                    "Alias": "mc",
                    "Startup Cost": 0.43,
                    "Total Cost": 140059.44,
                    "Plan Rows": 2609129,
                    "Plan Width": 4,
                    "Actual Startup Time": 0.129,
                    "Actual Total Time": 634.214,
                    "Actual Rows": 2609129,
                    "Actual Loops": 2,
                    "Heap Fetches": 5218258
                  }
                ]
              }
            ]
          }
        ]
      }
    ]
  },
  "Planning Time": 0.352,
  "Triggers": [],
  "Execution Time": 1487.527
}