[
  {
    "Plan": {
      "Node Type": "Aggregate",
      "Strategy": "Plain",
      "Partial Mode": "Finalize",
      "Parallel Aware": false,
      "Startup Cost": 455166.09,
      "Total Cost": 455166.1,
      "Plan Rows": 1,
      "Plan Width": 8,
      "Actual Startup Time": 2184.115,
      "Actual Total Time": 2257.193,
      "Actual Rows": 1,
      "Actual Loops": 1,
      "Plans": [
        {
          "Node Type": "Gather",
          "Parent Relationship": "Outer",
          "Parallel Aware": false,
          "Startup Cost": 455165.47,
          "Total Cost": 455166.08,
          "Plan Rows": 6,
          "Plan Width": 8,
          "Actual Startup Time": 2157.462,
          "Actual Total Time": 2257.181,
          "Actual Rows": 7,
          "Actual Loops": 1,
          "Workers Planned": 6,
          "Workers Launched": 6,
          "Single Copy": false,
          "Plans": [
            {
              "Node Type": "Aggregate",
              "Strategy": "Plain",
              "Partial Mode": "Partial",
              "Parent Relationship": "Outer",
              "Parallel Aware": false,
              "Startup Cost": 454165.47,
              "Total Cost": 454165.48,
              "Plan Rows": 1,
              "Plan Width": 8,
              "Actual Startup Time": 2141.935,
              "Actual Total Time": 2142.801,
              "Actual Rows": 1,
              "Actual Loops": 7,
              "Plans": [
                {
                  "Node Type": "Hash Join",
                  "Parent Relationship": "Outer",
                  "Parallel Aware": true,
                  "Join Type": "Inner",
                  "Startup Cost": 97300.82,
                  "Total Cost": 451053.58,
                  "Plan Rows": 1244754,
                  "Plan Width": 0,
                  "Actual Startup Time": 690.103,
                  "Actual Total Time": 1945.661,
                  "Actual Rows": 4822599,
                  "Actual Loops": 7,
                  "Inner Unique": false,
                  "Hash Cond": "(ci.movie_id = t.id)",
                  "Plans": [
                    {
                      "Node Type": "Seq Scan",
                      "Parent Relationship": "Outer",
                      "Parallel Aware": true,
                      "Relation Name": "cast_info",
                      "Alias": "ci",
                      "Startup Cost": 0.0,
                      "Total Cost": 343257.03,
                      "Plan Rows": 1728104,
                      "Plan Width": 4,
                      "Actual Startup Time": 233.899,
                      "Actual Total Time": 627.324,
                      "Actual Rows": 2258156,
                      "Actual Loops": 7,
                      "Filter": "((person_id > 2056136) AND (role_id > 1))",
                      "Rows Removed by Filter": 2919607
                    },
                    {
                      "Node Type": "Hash",
                      "Parent Relationship": "Inner",
                      "Parallel Aware": true,
                      "Startup Cost": 89957.55,
                      "Total Cost": 89957.55,
                      "Plan Rows": 587462,
                      "Plan Width": 8,
                      "Actual Startup Time": 451.273,
                      "Actual Total Time": 452.138,
                      "Actual Rows": 345829,
                      "Actual Loops": 7,
                      "Hash Buckets": 4194304,
                      "Original Hash Buckets": 2097152,
                      "Hash Batches": 1,
                      "Original Hash Batches": 1,
                      "Peak Memory Usage": 143968,
                      "Plans": [
                        {
                          "Node Type": "Hash Join",
                          "Parent Relationship": "Outer",
                          "Parallel Aware": true,
                          "Join Type": "Inner",
                          "Startup Cost": 47079.47,
                          "Total Cost": 89957.55,
                          "Plan Rows": 587462,
                          "Plan Width": 8,
                          "Actual Startup Time": 146.525,
                          "Actual Total Time": 305.345,
                          "Actual Rows": 345829,
                          "Actual Loops": 7,
                          "Inner Unique": true,
                          "Hash Cond": "(mk.movie_id = t.id)",
                          "Plans": [
                            {
                              "Node Type": "Seq Scan",
                              "Parent Relationship": "Outer",
                              "Parallel Aware": true,
                              "Relation Name": "movie_keyword",
                              "Alias": "mk",
                              "Startup Cost": 0.0,
                              "Total Cost": 39047.32,
                              "Plan Rows": 1459332,
                              "Plan Width": 4,
                              "Actual Startup Time": 0.03,
                              "Actual Total Time": 58.304,
                              "Actual Rows": 646276,
                              "Actual Loops": 7
                            },
                            {
                              "Node Type": "Hash",
                              "Parent Relationship": "Inner",
                              "Parallel Aware": true,
                              "Startup Cost": 43898.92,
                              "Total Cost": 43898.92,
                              "Plan Rows": 254444,
                              "Plan Width": 4,
                              "Actual Startup Time": 145.019,
                              "Actual Total Time": 145.02,
                              "Actual Rows": 145965,
                              "Actual Loops": 7,
                              "Hash Buckets": 1048576,
                              "Original Hash Buckets": 1048576,
                              "Hash Batches": 1,
                              "Original Hash Batches": 1,
                              "Peak Memory Usage": 48288,
                              "Plans": [
                                {
                                  "Node Type": "Seq Scan",
                                  "Parent Relationship": "Outer",
                                  "Parallel Aware": true,
                                  "Relation Name": "title",
                                  "Alias": "t",
                                  "Startup Cost": 0.0,
                                  "Total Cost": 43898.92,
                                  "Plan Rows": 254444,
                                  "Plan Width": 4,
                                  "Actual Startup Time": 0.047,
                                  "Actual Total Time": 77.67,
                                  "Actual Rows": 145965,
                                  "Actual Loops": 7,
                                  "Filter": "(production_year < 2000)",
                                  "Rows Removed by Filter": 215223
                                }
                              ]
                            }
                          ]
                        }
                      ]
                    }
                  ]
                }
              ]
            }
          ]
        }
      ]
    },
    "Planning Time": 1.289,
    "Triggers": [],
    "Execution Time": 2257.288
  }
]