[
  {
    "Plan": {
      "Node Type": "Aggregate",
      "Strategy": "Plain",
      "Partial Mode": "Finalize",
      "Parallel Aware": false,
      "Startup Cost": 111572.78,
      "Total Cost": 111572.79,
      "Plan Rows": 1,
      "Plan Width": 8,
      "Actual Startup Time": 158.702,
      "Actual Total Time": 163.174,
      "Actual Rows": 1,
      "Actual Loops": 1,
      "Plans": [
        {
          "Node Type": "Gather",
          "Parent Relationship": "Outer",
          "Parallel Aware": false,
          "Startup Cost": 111572.56,
          "Total Cost": 111572.77,
          "Plan Rows": 2,
          "Plan Width": 8,
          "Actual Startup Time": 157.702,
          "Actual Total Time": 163.166,
          "Actual Rows": 3,
          "Actual Loops": 1,
          "Workers Planned": 2,
          "Workers Launched": 2,
          "Single Copy": false,
          "Plans": [
            {
              "Node Type": "Aggregate",
              "Strategy": "Plain",
              "Partial Mode": "Partial",
              "Parent Relationship": "Outer",
              "Parallel Aware": false,
              "Startup Cost": 110572.56,
              "Total Cost": 110572.57,
              "Plan Rows": 1,
              "Plan Width": 8,
              "Actual Startup Time": 151.695,
              "Actual Total Time": 151.7,
              "Actual Rows": 1,
              "Actual Loops": 3,
              "Plans": [
                {
                  "Node Type": "Nested Loop",
                  "Parent Relationship": "Outer",
                  "Parallel Aware": false,
                  "Join Type": "Inner",
                  "Startup Cost": 71095.73,
                  "Total Cost": 110566.14,
                  "Plan Rows": 2569,
                  "Plan Width": 0,
                  "Actual Startup Time": 140.007,
                  "Actual Total Time": 151.491,
                  "Actual Rows": 1857,
                  "Actual Loops": 3,
                  "Inner Unique": false,
                  "Plans": [
                    {
                      "Node Type": "Nested Loop",
                      "Parent Relationship": "Outer",
                      "Parallel Aware": false,
                      "Join Type": "Inner",
                      "Startup Cost": 71095.3,
                      "Total Cost": 107958.46,
                      "Plan Rows": 1436,
                      "Plan Width": 8,
                      "Actual Startup Time": 137.046,
                      "Actual Total Time": 147.68,
                      "Actual Rows": 809,
                      "Actual Loops": 3,
                      "Inner Unique": true,
                      "Plans": [
                        {
                          "Node Type": "Bitmap Heap Scan",
                          "Parent Relationship": "Outer",
                          "Parallel Aware": true,
                          "Relation Name": "cast_info",
                          "Alias": "ci",
                          "Startup Cost": 71094.87,
                          "Total Cost": 90992.57,
                          "Plan Rows": 2355,
                          "Plan Width": 4,
                          "Actual Startup Time": 135.734,
                          "Actual Total Time": 136.16,
                          "Actual Rows": 1251,
                          "Actual Loops": 3,
                          "Recheck Cond": "((person_id < 6366) AND (role_id = 3))",
                          "Rows Removed by Index Recheck": 0,
                          "Exact Heap Blocks": 76,
                          "Lossy Heap Blocks": 0,
                          "Plans": [
                            {
                              "Node Type": "BitmapAnd",
                              "Parent Relationship": "Outer",
                              "Parallel Aware": false,
                              "Startup Cost": 71094.87,
                              "Total Cost": 71094.87,
                              "Plan Rows": 5651,
                              "Plan Width": 0,
                              "Actual Startup Time": 141.001,
                              "Actual Total Time": 141.003,
                              "Actual Rows": 0,
                              "Actual Loops": 1,
                              "Plans": [
                                {
                                  "Node Type": "Bitmap Index Scan",
                                  "Parent Relationship": "Member",
                                  "Parallel Aware": false,
                                  "Index Name": "person_id_cast_info",
                                  "Startup Cost": 0.0,
                                  "Total Cost": 1139.65,
                                  "Plan Rows": 52145,
                                  "Plan Width": 0,
                                  "Actual Startup Time": 8.214,
                                  "Actual Total Time": 8.214,
                                  "Actual Rows": 51424,
                                  "Actual Loops": 1,
                                  "Index Cond": "(person_id < 6366)"
                                },
                                {
                                  "Node Type": "Bitmap Index Scan",
                                  "Parent Relationship": "Member",
                                  "Parallel Aware": false,
                                  "Index Name": "role_id_cast_info",
                                  "Startup Cost": 0.0,
                                  "Total Cost": 69952.14,
                                  "Plan Rows": 3928477,
                                  "Plan Width": 0,
                                  "Actual Startup Time": 132.739,
                                  "Actual Total Time": 132.739,
                                  "Actual Rows": 4008037,
                                  "Actual Loops": 1,
                                  "Index Cond": "(role_id = 3)"
                                }
                              ]
                            }
                          ]
                        },
                        {
                          "Node Type": "Index Scan",
                          "Parent Relationship": "Inner",
                          "Parallel Aware": false,
                          "Scan Direction": "Forward",
                          "Index Name": "title_pkey",
                          "Relation Name": "title",
                          "Alias": "t",
                          "Startup Cost": 0.43,
                          "Total Cost": 7.2,
                          "Plan Rows": 1,
                          "Plan Width": 4,
                          "Actual Startup Time": 0.009,
                          "Actual Total Time": 0.009,
                          "Actual Rows": 1,
                          "Actual Loops": 3752,
                          "Index Cond": "(id = ci.movie_id)",
                          "Rows Removed by Index Recheck": 0,
                          "Filter": "(kind_id = 7)",
                          "Rows Removed by Filter": 0
                        }
                      ]
                    },
                    {
                      "Node Type": "Index Only Scan",
                      "Parent Relationship": "Inner",
                      "Parallel Aware": false,
                      "Scan Direction": "Forward",
                      "Index Name": "movie_id_movie_keyword",
                      "Relation Name": "movie_keyword",
                      "Alias": "mk",
                      "Startup Cost": 0.43,
                      "Total Cost": 1.36,
                      "Plan Rows": 46,
                      "Plan Width": 4,
                      "Actual Startup Time": 0.003,
                      "Actual Total Time": 0.004,
                      "Actual Rows": 2,
                      "Actual Loops": 2426,
                      "Index Cond": "(movie_id = t.id)",
                      "Rows Removed by Index Recheck": 0,
                      "Heap Fetches": 5572
                    }
                  ]
                }
              ]
            }
          ]
        }
      ]
    },
    "Planning Time": 1.392,
    "Triggers": [],
    "Execution Time": 163.278
  }
]