[
  {
    "Plan": {
      "Node Type": "Aggregate",
      "Strategy": "Plain",
      "Partial Mode": "Finalize",
      "Parallel Aware": false,
      "Startup Cost": 115069.12,
      "Total Cost": 115069.13,
      "Plan Rows": 1,
      "Plan Width": 8,
      "Actual Startup Time": 147.624,
      "Actual Total Time": 152.055,
      "Actual Rows": 1,
      "Actual Loops": 1,
      "Plans": [
        {
          "Node Type": "Gather",
          "Parent Relationship": "Outer",
          "Parallel Aware": false,
          "Startup Cost": 115068.91,
          "Total Cost": 115069.12,
          "Plan Rows": 2,
          "Plan Width": 8,
          "Actual Startup Time": 144.997,
          "Actual Total Time": 152.048,
          "Actual Rows": 3,
          "Actual Loops": 1,
          "Workers Planned": 2,
          "Workers Launched": 2,
          "Single Copy": false,
          "Plans": [
            {
              "Node Type": "Aggregate",
              "Strategy": "Plain",
              "Partial Mode": "Partial",
              "Parent Relationship": "Outer",
              "Parallel Aware": false,
              "Startup Cost": 114068.91,
              "Total Cost": 114068.92,
              "Plan Rows": 1,
              "Plan Width": 8,
              "Actual Startup Time": 138.426,
              "Actual Total Time": 138.431,
              "Actual Rows": 1,
              "Actual Loops": 3,
              "Plans": [
                {
                  "Node Type": "Nested Loop",
                  "Parent Relationship": "Outer",
                  "Parallel Aware": false,
                  "Join Type": "Inner",
                  "Startup Cost": 73237.61,
                  "Total Cost": 114062.25,
                  "Plan Rows": 2662,
                  "Plan Width": 0,
                  "Actual Startup Time": 125.788,
                  "Actual Total Time": 138.289,
                  "Actual Rows": 1857,
                  "Actual Loops": 3,
                  "Inner Unique": false,
                  "Plans": [
                    {
                      "Node Type": "Nested Loop",
                      "Parent Relationship": "Outer",
                      "Parallel Aware": false,
                      "Join Type": "Inner",
                      "Startup Cost": 73237.18,
                      "Total Cost": 111400.49,
                      "Plan Rows": 1488,
                      "Plan Width": 8,
                      "Actual Startup Time": 123.576,
                      "Actual Total Time": 134.9,
                      "Actual Rows": 809,
                      "Actual Loops": 3,
                      "Inner Unique": true,
                      "Plans": [
                        {
                          "Node Type": "Bitmap Heap Scan",
                          "Parent Relationship": "Outer",
                          "Parallel Aware": true,
                          "Relation Name": "cast_info",
                          "Alias": "ci",
                          "Startup Cost": 73236.75,
                          "Total Cost": 93860.53,
                          "Plan Rows": 2448,
                          "Plan Width": 4,
                          "Actual Startup Time": 122.295,
                          "Actual Total Time": 122.682,
                          "Actual Rows": 1251,
                          "Actual Loops": 3,
                          "Recheck Cond": "((person_id < 6366) AND (role_id = 3))",
                          "Rows Removed by Index Recheck": 0,
                          "Exact Heap Blocks": 74,
                          "Lossy Heap Blocks": 0,
                          "Plans": [
                            {
                              "Node Type": "BitmapAnd",
                              "Parent Relationship": "Outer",
                              "Parallel Aware": false,
                              "Startup Cost": 73236.75,
                              "Total Cost": 73236.75,
                              "Plan Rows": 5874,
                              "Plan Width": 0,
                              "Actual Startup Time": 129.26,
                              "Actual Total Time": 129.261,
                              "Actual Rows": 0,
                              "Actual Loops": 1,
                              "Plans": [
                                {
                                  "Node Type": "Bitmap Index Scan",
                                  "Parent Relationship": "Member",
                                  "Parallel Aware": false,
                                  "Index Name": "person_id_cast_info",
                                  "Startup Cost": 0.0,
                                  "Total Cost": 1150.98,
                                  "Plan Rows": 52589,
                                  "Plan Width": 0,
                                  "Actual Startup Time": 6.143,
                                  "Actual Total Time": 6.143,
                                  "Actual Rows": 51424,
                                  "Actual Loops": 1,
                                  "Index Cond": "(person_id < 6366)"
                                },
                                {
                                  "Node Type": "Bitmap Index Scan",
                                  "Parent Relationship": "Member",
                                  "Parallel Aware": false,
                                  "Index Name": "role_id_cast_info",
                                  "Startup Cost": 0.0,
                                  "Total Cost": 72082.58,
                                  "Plan Rows": 4046669,
                                  "Plan Width": 0,
                                  "Actual Startup Time": 123.07,
                                  "Actual Total Time": 123.071,
                                  "Actual Rows": 4008037,
                                  "Actual Loops": 1,
                                  "Index Cond": "(role_id = 3)"
                                }
                              ]
                            }
                          ]
                        },
                        {
                          "Node Type": "Index Scan",
                          "Parent Relationship": "Inner",
                          "Parallel Aware": false,
                          "Scan Direction": "Forward",
                          "Index Name": "title_pkey",
                          "Relation Name": "title",
                          "Alias": "t",
                          "Startup Cost": 0.43,
                          "Total Cost": 7.17,
                          "Plan Rows": 1,
                          "Plan Width": 4,
                          "Actual Startup Time": 0.009,
                          "Actual Total Time": 0.009,
                          "Actual Rows": 1,
                          "Actual Loops": 3752,
                          "Index Cond": "(id = ci.movie_id)",
                          "Rows Removed by Index Recheck": 0,
                          "Filter": "(kind_id = 7)",
                          "Rows Removed by Filter": 0
                        }
                      ]
                    },
                    {
                      "Node Type": "Index Only Scan",
                      "Parent Relationship": "Inner",
                      "Parallel Aware": false,
                      "Scan Direction": "Forward",
                      "Index Name": "movie_id_movie_keyword",
                      "Relation Name": "movie_keyword",
                      "Alias": "mk",
                      "Startup Cost": 0.43,
                      "Total Cost": 1.34,
                      "Plan Rows": 45,
                      "Plan Width": 4,
                      "Actual Startup Time": 0.003,
                      "Actual Total Time": 0.004,
                      "Actual Rows": 2,
                      "Actual Loops": 2426,
                      "Index Cond": "(movie_id = t.id)",
                      "Rows Removed by Index Recheck": 0,
                      "Heap Fetches": 5572
                    }
                  ]
                }
              ]
            }
          ]
        }
      ]
    },
    "Planning Time": 1.17,
    "Triggers": [],
    "Execution Time": 152.123
  }
]