{
  "Plan": {
    "Node Type": "Aggregate",
    "Strategy": "Plain",
    "Partial Mode": "Finalize",
    "Parallel Aware": false,
    "Startup Cost": 616086.24,
    "Total Cost": 616086.25,
    "Plan Rows": 1,
    "Plan Width": 32,
    "Actual Startup Time": 2669.005,
    "Actual Total Time": 2717.933,
    "Actual Rows": 1,
    "Actual Loops": 1,
    "Plans": [
      {
        "Node Type": "Gather",
        "Parent Relationship": "Outer",
        "Parallel Aware": false,
        "Startup Cost": 616086.12,
        "Total Cost": 616086.23,
        "Plan Rows": 1,
        "Plan Width": 32,
        "Actual Startup Time": 2668.998,
        "Actual Total Time": 2717.927,
        "Actual Rows": 2,
        "Actual Loops": 1,
        "Workers Planned": 1,
        "Workers Launched": 1,
        "Single Copy": false,
        "Plans": [
          {
            "Node Type": "Aggregate",
            "Strategy": "Plain",
            "Partial Mode": "Partial",
            "Parent Relationship": "Outer",
            "Parallel Aware": false,
            "Startup Cost": 615086.12,
            "Total Cost": 615086.13,
            "Plan Rows": 1,
            "Plan Width": 32,
            "Actual Startup Time": 2656.645,
            "Actual Total Time": 2656.651,
            "Actual Rows": 1,
            "Actual Loops": 2,
            "Plans": [
              {
                "Node Type": "Hash Join",
                "Parent Relationship": "Outer",
                "Parallel Aware": false,
                "Join Type": "Inner",
                "Startup Cost": 608975.2,
                "Total Cost": 615086.12,
                "Plan Rows": 2,
                "Plan Width": 17,
                "Actual Startup Time": 2656.64,
                "Actual Total Time": 2656.647,
                "Actual Rows": 0,
                "Actual Loops": 2,
                "Inner Unique": true,
                "Hash Cond": "(mc.company_type_id = ct.id)",
                "Plans": [
                  {
                    "Node Type": "Hash Join",
                    "Parent Relationship": "Outer",
                    "Parallel Aware": true,
                    "Join Type": "Inner",
                    "Startup Cost": 608974.14,
                    "Total Cost": 615085.02,
                    "Plan Rows": 6,
                    "Plan Width": 21,
                    "Actual Startup Time": 2647.014,
                    "Actual Total Time": 2656.357,
                    "Actual Rows": 1,
                    "Actual Loops": 2,
                    "Inner Unique": false,
                    "Hash Cond": "(t.id = mc.movie_id)",
                    "Plans": [
                      {
                        "Node Type": "Merge Join",
                        "Parent Relationship": "Outer",
                        "Parallel Aware": false,
                        "Join Type": "Inner",
                        "Startup Cost": 563325.03,
                        "Total Cost": 567638.73,
                        "Plan Rows": 287543,
                        "Plan Width": 25,
                        "Actual Startup Time": 2447.66,
                        "Actual Total Time": 2480.914,
                        "Actual Rows": 231700,
                        "Actual Loops": 2,
                        "Inner Unique": true,
                        "Merge Cond": "(mi.info_type_id = it.id)",
                        "Plans": [
                          {
                            "Node Type": "Sort",
                            "Parent Relationship": "Outer",
                            "Parallel Aware": false,
                            "Startup Cost": 563319.05,
                            "Total Cost": 564037.9,
                            "Plan Rows": 287543,
                            "Plan Width": 29,
                            "Actual Startup Time": 2447.594,
                            "Actual Total Time": 2455.638,
                            "Actual Rows": 231700,
                            "Actual Loops": 2,
                            "Sort Key": [
                              "mi.info_type_id"
                            ],
                            "Sort Method": "quicksort",
                            "Sort Space Used": 27368,
                            "Sort Space Type": "Memory",
                            "Workers": [
                              {
                                "Worker Number": 0,
                                "Sort Method": "quicksort",
                                "Sort Space Used": 23079,
                                "Sort Space Type": "Memory"
                              }
                            ],
                            "Plans": [
                              {
                                "Node Type": "Merge Join",
                                "Parent Relationship": "Outer",
                                "Parallel Aware": false,
                                "Join Type": "Inner",
                                "Startup Cost": 424551.62,
                                "Total Cost": 537248.36,
                                "Plan Rows": 287543,
                                "Plan Width": 29,
                                "Actual Startup Time": 1610.558,
                                "Actual Total Time": 2396.329,
                                "Actual Rows": 231700,
                                "Actual Loops": 2,
                                "Inner Unique": false,
                                "Merge Cond": "(t.id = mi.movie_id)",
                                "Plans": [
                                  {
                                    "Node Type": "Index Scan",
                                    "Parent Relationship": "Outer",
                                    "Parallel Aware": true,
                                    "Scan Direction": "Forward",
                                    "Index Name": "title_pkey",
                                    "Relation Name": "title",
                                    "Alias": "t",
                                    "Startup Cost": 0.43,
                                    "Total Cost": 103663.46,
                                    "Plan Rows": 923766,
                                    "Plan Width": 21,
                                    "Actual Startup Time": 0.113,
                                    "Actual Total Time": 631.778,
                                    "Actual Rows": 785084,
                                    "Actual Loops": 2,
                                    "Filter": "(production_year > 1996)",
                                    "Rows Removed by Filter": 477948
                                  },
                                  {
                                    "Node Type": "Sort",
                                    "Parent Relationship": "Inner",
                                    "Parallel Aware": false,
                                    "Startup Cost": 424545.92,
                                    "Total Cost": 426513.31,
                                    "Plan Rows": 786957,
                                    "Plan Width": 8,
                                    "Actual Startup Time": 1610.426,
                                    "Actual Total Time": 1649.676,
                                    "Actual Rows": 791862,
                                    "Actual Loops": 2,
                                    "Sort Key": [
                                      "mi.movie_id"
                                    ],
                                    "Sort Method": "quicksort",
                                    "Sort Space Used": 61695,
                                    "Sort Space Type": "Memory",
                                    "Workers": [
                                      {
                                        "Worker Number": 0,
                                        "Sort Method": "quicksort",
                                        "Sort Space Used": 61695,
                                        "Sort Space Type": "Memory"
                                      }
                                    ],
                                    "Plans": [
                                      {
                                        "Node Type": "Seq Scan",
                                        "Parent Relationship": "Outer",
                                        "Parallel Aware": false,
                                        "Relation Name": "movie_info",
                                        "Alias": "mi",
                                        "Startup Cost": 0.0,
                                        "Total Cost": 347479.51,
                                        "Plan Rows": 786957,
                                        "Plan Width": 8,
                                        "Actual Startup Time": 0.029,
                                        "Actual Total Time": 1462.234,
                                        "Actual Rows": 791862,
                                        "Actual Loops": 2,
                                        "Filter": "(info = ANY ('{Danish,English}'::text[]))",
                                        "Rows Removed by Filter": 14043858
                                      }
                                    ]
                                  }
                                ]
                              }
                            ]
                          },
                          {
                            "Node Type": "Sort",
                            "Parent Relationship": "Inner",
                            "Parallel Aware": false,
                            "Startup Cost": 5.98,
                            "Total Cost": 6.27,
                            "Plan Rows": 113,
                            "Plan Width": 4,
                            "Actual Startup Time": 0.059,
                            "Actual Total Time": 0.062,
                            "Actual Rows": 47,
                            "Actual Loops": 2,
                            "Sort Key": [
                              "it.id"
                            ],
                            "Sort Method": "quicksort",
                            "Sort Space Used": 30,
                            "Sort Space Type": "Memory",
                            "Workers": [
                              {
                                "Worker Number": 0,
                                "Sort Method": "quicksort",
                                "Sort Space Used": 30,
                                "Sort Space Type": "Memory"
                              }
                            ],
                            "Plans": [
                              {
                                "Node Type": "Seq Scan",
                                "Parent Relationship": "Outer",
                                "Parallel Aware": false,
                                "Relation Name": "info_type",
                                "Alias": "it",
                                "Startup Cost": 0.0,
                                "Total Cost": 2.13,
                                "Plan Rows": 113,
                                "Plan Width": 4,
                                "Actual Startup Time": 0.031,
                                "Actual Total Time": 0.04,
                                "Actual Rows": 113,
                                "Actual Loops": 2
                              }
                            ]
                          }
                        ]
                      },
                      {
                        "Node Type": "Hash",
                        "Parent Relationship": "Inner",
                        "Parallel Aware": true,
                        "Startup Cost": 45648.68,
                        "Total Cost": 45648.68,
                        "Plan Rows": 34,
                        "Plan Width": 8,
                        "Actual Startup Time": 157.511,
                        "Actual Total Time": 157.512,
                        "Actual Rows": 709,
                        "Actual Loops": 2,
                        "Hash Buckets": 1024,
                        "Original Hash Buckets": 1024,
                        "Hash Batches": 1,
                        "Original Hash Batches": 1,
                        "Peak Memory Usage": 72,
                        "Plans": [
                          {
                            "Node Type": "Seq Scan",
                            "Parent Relationship": "Outer",
                            "Parallel Aware": true,
                            "Relation Name": "movie_companies",
                            "Alias": "mc",
                            "Startup Cost": 0.0,
                            "Total Cost": 45648.68,
                            "Plan Rows": 34,
                            "Plan Width": 8,
                            "Actual Startup Time": 4.691,
                            "Actual Total Time": 157.18,
                            "Actual Rows": 709,
                            "Actual Loops": 2,
                            "Filter": "((note ~~ '%(VHS)%'::text) AND (note ~~ '%(USA)%'::text) AND (note ~~ '%(1994)%'::text))",
                            "Rows Removed by Filter": 1303856
                          }
                        ]
                      }
                    ]
                  },
                  {
                    "Node Type": "Hash",
                    "Parent Relationship": "Inner",
                    "Parallel Aware": false,
                    "Startup Cost": 1.05,
                    "Total Cost": 1.05,
                    "Plan Rows": 1,
                    "Plan Width": 4,
                    "Actual Startup Time": 0.077,
                    "Actual Total Time": 0.078,
                    "Actual Rows": 1,
                    "Actual Loops": 2,
                    "Hash Buckets": 1024,
                    "Original Hash Buckets": 1024,
                    "Hash Batches": 1,
                    "Original Hash Batches": 1,
                    "Peak Memory Usage": 9,
                    "Plans": [
                      {
                        "Node Type": "Seq Scan",
                        "Parent Relationship": "Outer",
                        "Parallel Aware": false,
                        "Relation Name": "company_type",
                        "Alias": "ct",
                        "Startup Cost": 0.0,
                        "Total Cost": 1.05,
                        "Plan Rows": 1,
                        "Plan Width": 4,
                        "Actual Startup Time": 0.058,
                        "Actual Total Time": 0.061,
                        "Actual Rows": 1,
                        "Actual Loops": 2,
                        "Filter": "((kind)::text = 'production companies'::text)",
                        "Rows Removed by Filter": 3
                      }
                    ]
                  }
                ]
              }
            ]
          }
        ]
      }
    ]
  },
  "Planning Time": 2.116,
  "Triggers": [],
  "Execution Time": 2718.1
}