[
  {
    "Plan": {
      "Node Type": "Aggregate",
      "Strategy": "Plain",
      "Partial Mode": "Finalize",
      "Parallel Aware": false,
      "Startup Cost": 198918.44,
      "Total Cost": 198918.45,
      "Plan Rows": 1,
      "Plan Width": 8,
      "Actual Startup Time": 288.493,
      "Actual Total Time": 303.365,
      "Actual Rows": 1,
      "Actual Loops": 1,
      "Plans": [
        {
          "Node Type": "Gather",
          "Parent Relationship": "Outer",
          "Parallel Aware": false,
          "Startup Cost": 198917.81,
          "Total Cost": 198918.42,
          "Plan Rows": 6,
          "Plan Width": 8,
          "Actual Startup Time": 288.406,
          "Actual Total Time": 303.355,
          "Actual Rows": 7,
          "Actual Loops": 1,
          "Workers Planned": 6,
          "Workers Launched": 6,
          "Single Copy": false,
          "Plans": [
            {
              "Node Type": "Aggregate",
              "Strategy": "Plain",
              "Partial Mode": "Partial",
              "Parent Relationship": "Outer",
              "Parallel Aware": false,
              "Startup Cost": 197917.81,
              "Total Cost": 197917.82,
              "Plan Rows": 1,
              "Plan Width": 8,
              "Actual Startup Time": 277.495,
              "Actual Total Time": 277.496,
              "Actual Rows": 1,
              "Actual Loops": 7,
              "Plans": [
                {
                  "Node Type": "Index Scan",
                  "Parent Relationship": "Outer",
                  "Parallel Aware": true,
                  "Scan Direction": "Forward",
                  "Index Name": "role_id_cast_info",
                  "Relation Name": "cast_info",
                  "Alias": "ci",
                  "Startup Cost": 0.56,
                  "Total Cost": 197877.72,
                  "Plan Rows": 16036,
                  "Plan Width": 0,
                  "Actual Startup Time": 47.719,
                  "Actual Total Time": 277.484,
                  "Actual Rows": 15,
                  "Actual Loops": 7,
                  "Index Cond": "(role_id = 2)",
                  "Rows Removed by Index Recheck": 0,
                  "Filter": "(person_id < 51733)",
                  "Rows Removed by Filter": 1064553
                }
              ]
            }
          ]
        }
      ]
    },
    "Planning Time": 0.245,
    "Triggers": [],
    "Execution Time": 303.433
  }
]