[
  {
    "Plan": {
      "Node Type": "Aggregate",
      "Strategy": "Plain",
      "Partial Mode": "Finalize",
      "Parallel Aware": false,
      "Startup Cost": 333348.98,
      "Total Cost": 333348.99,
      "Plan Rows": 1,
      "Plan Width": 8,
      "Actual Startup Time": 429.02,
      "Actual Total Time": 453.972,
      "Actual Rows": 1,
      "Actual Loops": 1,
      "Plans": [
        {
          "Node Type": "Gather",
          "Parent Relationship": "Outer",
          "Parallel Aware": false,
          "Startup Cost": 333348.36,
          "Total Cost": 333348.97,
          "Plan Rows": 6,
          "Plan Width": 8,
          "Actual Startup Time": 428.892,
          "Actual Total Time": 453.958,
          "Actual Rows": 7,
          "Actual Loops": 1,
          "Workers Planned": 6,
          "Workers Launched": 6,
          "Single Copy": false,
          "Plans": [
            {
              "Node Type": "Aggregate",
              "Strategy": "Plain",
              "Partial Mode": "Partial",
              "Parent Relationship": "Outer",
              "Parallel Aware": false,
              "Startup Cost": 332348.36,
              "Total Cost": 332348.37,
              "Plan Rows": 1,
              "Plan Width": 8,
              "Actual Startup Time": 418.362,
              "Actual Total Time": 418.364,
              "Actual Rows": 1,
              "Actual Loops": 7,
              "Plans": [
                {
                  "Node Type": "Index Scan",
                  "Parent Relationship": "Outer",
                  "Parallel Aware": true,
                  "Scan Direction": "Forward",
                  "Index Name": "role_id_cast_info",
                  "Relation Name": "cast_info",
                  "Alias": "ci",
                  "Startup Cost": 0.56,
                  "Total Cost": 331632.96,
                  "Plan Rows": 286159,
                  "Plan Width": 0,
                  "Actual Startup Time": 0.231,
                  "Actual Total Time": 408.086,
                  "Actual Rows": 150137,
                  "Actual Loops": 7,
                  "Index Cond": "(role_id > 3)",
                  "Rows Removed by Index Recheck": 0,
                  "Filter": "(person_id < 503104)",
                  "Rows Removed by Filter": 1580384
                }
              ]
            }
          ]
        }
      ]
    },
    "Planning Time": 0.2,
    "Triggers": [],
    "Execution Time": 454.045
  }
]