{
  "Plan": {
    "Node Type": "Aggregate",
    "Strategy": "Plain",
    "Partial Mode": "Simple",
    "Parallel Aware": false,
    "Startup Cost": 3232.54,
    "Total Cost": 3232.55,
    "Plan Rows": 1,
    "Plan Width": 8,
    "Actual Startup Time": 14.095,
    "Actual Total Time": 14.098,
    "Actual Rows": 1,
    "Actual Loops": 1,
    "Plans": [
      {
        "Node Type": "Nested Loop",
        "Parent Relationship": "Outer",
        "Parallel Aware": false,
        "Join Type": "Inner",
        "Startup Cost": 7.35,
        "Total Cost": 3232.5,
        "Plan Rows": 18,
        "Plan Width": 0,
        "Actual Startup Time": 1.142,
        "Actual Total Time": 14.084,
        "Actual Rows": 14,
        "Actual Loops": 1,
        "Inner Unique": false,
        "Plans": [
          {
            "Node Type": "Nested Loop",
            "Parent Relationship": "Outer",
            "Parallel Aware": false,
            "Join Type": "Inner",
            "Startup Cost": 6.78,
            "Total Cost": 3007.2,
            "Plan Rows": 54,
            "Plan Width": 8,
            "Actual Startup Time": 0.712,
            "Actual Total Time": 11.541,
            "Actual Rows": 23,
            "Actual Loops": 1,
            "Inner Unique": true,
            "Plans": [
              {
                "Node Type": "Bitmap Heap Scan",
                "Parent Relationship": "Outer",
                "Parallel Aware": false,
                "Relation Name": "movie_keyword",
                "Alias": "mk",
                "Startup Cost": 6.35,
                "Total Cost": 922.98,
                "Plan Rows": 248,
                "Plan Width": 4,
                "Actual Startup Time": 0.671,
                "Actual Total Time": 2.846,
                "Actual Rows": 771,
                "Actual Loops": 1,
                "Recheck Cond": "(keyword_id = 6688)",
                "Rows Removed by Index Recheck": 0,
                "Exact Heap Blocks": 745,
                "Lossy Heap Blocks": 0,
                "Plans": [
                  {
                    "Node Type": "Bitmap Index Scan",
                    "Parent Relationship": "Outer",
                    "Parallel Aware": false,
                    "Index Name": "keyword_id_movie_keyword",
                    "Startup Cost": 0.0,
                    "Total Cost": 6.29,
                    "Plan Rows": 248,
                    "Plan Width": 0,
                    "Actual Startup Time": 0.4,
                    "Actual Total Time": 0.4,
                    "Actual Rows": 771,
                    "Actual Loops": 1,
                    "Index Cond": "(keyword_id = 6688)"
                  }
                ]
              },
              {
                "Node Type": "Index Scan",
                "Parent Relationship": "Inner",
                "Parallel Aware": false,
                "Scan Direction": "Forward",
                "Index Name": "title_pkey",
                "Relation Name": "title",
                "Alias": "t",
                "Startup Cost": 0.43,
                "Total Cost": 8.4,
                "Plan Rows": 1,
                "Plan Width": 4,
                "Actual Startup Time": 0.011,
                "Actual Total Time": 0.011,
                "Actual Rows": 0,
                "Actual Loops": 771,
                "Index Cond": "(id = mk.movie_id)",
                "Rows Removed by Index Recheck": 0,
                "Filter": "((production_year > 2006) AND (kind_id = 7))",
                "Rows Removed by Filter": 1
              }
            ]
          },
          {
            "Node Type": "Index Scan",
            "Parent Relationship": "Inner",
            "Parallel Aware": false,
            "Scan Direction": "Forward",
            "Index Name": "movie_id_cast_info",
            "Relation Name": "cast_info",
            "Alias": "ci",
            "Startup Cost": 0.56,
            "Total Cost": 4.16,
            "Plan Rows": 1,
            "Plan Width": 4,
            "Actual Startup Time": 0.09,
            "Actual Total Time": 0.108,
            "Actual Rows": 1,
            "Actual Loops": 23,
            "Index Cond": "(movie_id = t.id)",
            "Rows Removed by Index Recheck": 0,
            "Filter": "((person_id > 327306) AND (role_id = 5))",
            "Rows Removed by Filter": 28
          }
        ]
      }
    ]
  },
  "Planning Time": 1.163,
  "Triggers": [],
  "Execution Time": 14.191
}