[
  {
    "Plan": {
      "Node Type": "Aggregate",
      "Strategy": "Plain",
      "Partial Mode": "Finalize",
      "Parallel Aware": false,
      "Startup Cost": 65494.23,
      "Total Cost": 65494.24,
      "Plan Rows": 1,
      "Plan Width": 8,
      "Actual Startup Time": 122.358,
      "Actual Total Time": 129.602,
      "Actual Rows": 1,
      "Actual Loops": 1,
      "Plans": [
        {
          "Node Type": "Gather",
          "Parent Relationship": "Outer",
          "Parallel Aware": false,
          "Startup Cost": 65493.91,
          "Total Cost": 65494.22,
          "Plan Rows": 3,
          "Plan Width": 8,
          "Actual Startup Time": 121.868,
          "Actual Total Time": 129.594,
          "Actual Rows": 4,
          "Actual Loops": 1,
          "Workers Planned": 3,
          "Workers Launched": 3,
          "Single Copy": false,
          "Plans": [
            {
              "Node Type": "Aggregate",
              "Strategy": "Plain",
              "Partial Mode": "Partial",
              "Parent Relationship": "Outer",
              "Parallel Aware": false,
              "Startup Cost": 64493.91,
              "Total Cost": 64493.92,
              "Plan Rows": 1,
              "Plan Width": 8,
              "Actual Startup Time": 112.49,
              "Actual Total Time": 112.494,
              "Actual Rows": 1,
              "Actual Loops": 4,
              "Plans": [
                {
                  "Node Type": "Hash Join",
                  "Parent Relationship": "Outer",
                  "Parallel Aware": true,
                  "Join Type": "Inner",
                  "Startup Cost": 44443.89,
                  "Total Cost": 64488.23,
                  "Plan Rows": 2273,
                  "Plan Width": 0,
                  "Actual Startup Time": 80.973,
                  "Actual Total Time": 112.259,
                  "Actual Rows": 2199,
                  "Actual Loops": 4,
                  "Inner Unique": true,
                  "Hash Cond": "(mc.movie_id = t.id)",
                  "Plans": [
                    {
                      "Node Type": "Bitmap Heap Scan",
                      "Parent Relationship": "Outer",
                      "Parallel Aware": true,
                      "Relation Name": "movie_companies",
                      "Alias": "mc",
                      "Startup Cost": 5572.85,
                      "Total Cost": 25399.5,
                      "Plan Rows": 82931,
                      "Plan Width": 4,
                      "Actual Startup Time": 17.522,
                      "Actual Total Time": 36.01,
                      "Actual Rows": 63774,
                      "Actual Loops": 4,
                      "Recheck Cond": "(company_id > 100270)",
                      "Rows Removed by Index Recheck": 0,
                      "Exact Heap Blocks": 1239,
                      "Lossy Heap Blocks": 0,
                      "Plans": [
                        {
                          "Node Type": "Bitmap Index Scan",
                          "Parent Relationship": "Outer",
                          "Parallel Aware": false,
                          "Index Name": "company_id_movie_companies",
                          "Startup Cost": 0.0,
                          "Total Cost": 5508.58,
                          "Plan Rows": 257087,
                          "Plan Width": 0,
                          "Actual Startup Time": 16.405,
                          "Actual Total Time": 16.406,
                          "Actual Rows": 255098,
                          "Actual Loops": 1,
                          "Index Cond": "(company_id > 100270)"
                        }
                      ]
                    },
                    {
                      "Node Type": "Hash",
                      "Parent Relationship": "Inner",
                      "Parallel Aware": true,
                      "Startup Cost": 38654.51,
                      "Total Cost": 38654.51,
                      "Plan Rows": 17322,
                      "Plan Width": 4,
                      "Actual Startup Time": 61.653,
                      "Actual Total Time": 61.654,
                      "Actual Rows": 15552,
                      "Actual Loops": 4,
                      "Hash Buckets": 131072,
                      "Original Hash Buckets": 131072,
                      "Hash Batches": 1,
                      "Original Hash Batches": 1,
                      "Peak Memory Usage": 3552,
                      "Plans": [
                        {
                          "Node Type": "Bitmap Heap Scan",
                          "Parent Relationship": "Outer",
                          "Parallel Aware": true,
                          "Relation Name": "title",
                          "Alias": "t",
                          "Startup Cost": 2198.26,
                          "Total Cost": 38654.51,
                          "Plan Rows": 17322,
                          "Plan Width": 4,
                          "Actual Startup Time": 14.642,
                          "Actual Total Time": 54.332,
                          "Actual Rows": 15552,
                          "Actual Loops": 4,
                          "Recheck Cond": "(kind_id = 4)",
                          "Rows Removed by Index Recheck": 0,
                          "Filter": "(production_year < 2006)",
                          "Rows Removed by Filter": 14006,
                          "Exact Heap Blocks": 6597,
                          "Lossy Heap Blocks": 0,
                          "Plans": [
                            {
                              "Node Type": "Bitmap Index Scan",
                              "Parent Relationship": "Outer",
                              "Parallel Aware": false,
                              "Index Name": "kind_id_title",
                              "Startup Cost": 0.0,
                              "Total Cost": 2180.94,
                              "Plan Rows": 122201,
                              "Plan Width": 0,
                              "Actual Startup Time": 14.949,
                              "Actual Total Time": 14.949,
                              "Actual Rows": 118234,
                              "Actual Loops": 1,
                              "Index Cond": "(kind_id = 4)"
                            }
                          ]
                        }
                      ]
                    }
                  ]
                }
              ]
            }
          ]
        }
      ]
    },
    "Planning Time": 0.674,
    "Triggers": [],
    "Execution Time": 129.703
  }
]