{
  "Plan": {
    "Node Type": "Aggregate",
    "Strategy": "Plain",
    "Partial Mode": "Finalize",
    "Parallel Aware": false,
    "Startup Cost": 1225834.0,
    "Total Cost": 1225834.01,
    "Plan Rows": 1,
    "Plan Width": 8,
    "Actual Startup Time": 17426.279,
    "Actual Total Time": 17512.548,
    "Actual Rows": 1,
    "Actual Loops": 1,
    "Plans": [
      {
        "Node Type": "Gather",
        "Parent Relationship": "Outer",
        "Parallel Aware": false,
        "Startup Cost": 1225833.88,
        "Total Cost": 1225833.99,
        "Plan Rows": 1,
        "Plan Width": 8,
        "Actual Startup Time": 17409.141,
        "Actual Total Time": 17512.538,
        "Actual Rows": 2,
        "Actual Loops": 1,
        "Workers Planned": 1,
        "Workers Launched": 1,
        "Single Copy": false,
        "Plans": [
          {
            "Node Type": "Aggregate",
            "Strategy": "Plain",
            "Partial Mode": "Partial",
            "Parent Relationship": "Outer",
            "Parallel Aware": false,
            "Startup Cost": 1224833.88,
            "Total Cost": 1224833.89,
            "Plan Rows": 1,
            "Plan Width": 8,
            "Actual Startup Time": 17393.722,
            "Actual Total Time": 17396.598,
            "Actual Rows": 1,
            "Actual Loops": 2,
            "Plans": [
              {
                "Node Type": "Hash Join",
                "Parent Relationship": "Outer",
                "Parallel Aware": true,
                "Join Type": "Inner",
                "Startup Cost": 664889.45,
                "Total Cost": 1154777.09,
                "Plan Rows": 28022716,
                "Plan Width": 0,
                "Actual Startup Time": 5525.937,
                "Actual Total Time": 15188.553,
                "Actual Rows": 56772376,
                "Actual Loops": 2,
                "Inner Unique": false,
                "Hash Cond": "(mi.movie_id = t.id)",
                "Plans": [
                  {
                    "Node Type": "Seq Scan",
                    "Parent Relationship": "Outer",
                    "Parallel Aware": true,
                    "Relation Name": "movie_info",
                    "Alias": "mi",
                    "Startup Cost": 0.0,
                    "Total Cost": 248955.74,
                    "Plan Rows": 8696274,
                    "Plan Width": 4,
                    "Actual Startup Time": 0.017,
                    "Actual Total Time": 719.387,
                    "Actual Rows": 7417860,
                    "Actual Loops": 2
                  },
                  {
                    "Node Type": "Hash",
                    "Parent Relationship": "Inner",
                    "Parallel Aware": true,
                    "Startup Cost": 604984.11,
                    "Total Cost": 604984.11,
                    "Plan Rows": 4792427,
                    "Plan Width": 8,
                    "Actual Startup Time": 5493.65,
                    "Actual Total Time": 5496.517,
                    "Actual Rows": 3622965,
                    "Actual Loops": 2,
                    "Hash Buckets": 8388608,
                    "Original Hash Buckets": 8388608,
                    "Hash Batches": 1,
                    "Original Hash Batches": 1,
                    "Peak Memory Usage": 349024,
                    "Plans": [
                      {
                        "Node Type": "Hash Join",
                        "Parent Relationship": "Outer",
                        "Parallel Aware": true,
                        "Join Type": "Inner",
                        "Startup Cost": 66865.64,
                        "Total Cost": 604984.11,
                        "Plan Rows": 4792427,
                        "Plan Width": 8,
                        "Actual Startup Time": 1026.357,
                        "Actual Total Time": 4230.818,
                        "Actual Rows": 3622965,
                        "Actual Loops": 2,
                        "Inner Unique": true,
                        "Hash Cond": "(ci.movie_id = t.id)",
                        "Plans": [
                          {
                            "Node Type": "Seq Scan",
                            "Parent Relationship": "Outer",
                            "Parallel Aware": true,
                            "Relation Name": "cast_info",
                            "Alias": "ci",
                            "Startup Cost": 0.0,
                            "Total Cost": 519069.44,
                            "Plan Rows": 7256762,
                            "Plan Width": 4,
                            "Actual Startup Time": 600.197,
                            "Actual Total Time": 1457.819,
                            "Actual Rows": 6157201,
                            "Actual Loops": 2,
                            "Filter": "(person_id > 2454380)",
                            "Rows Removed by Filter": 11964971
                          },
                          {
                            "Node Type": "Hash",
                            "Parent Relationship": "Inner",
                            "Parallel Aware": true,
                            "Startup Cost": 54588.39,
                            "Total Cost": 54588.39,
                            "Plan Rows": 982180,
                            "Plan Width": 4,
                            "Actual Startup Time": 420.681,
                            "Actual Total Time": 420.683,
                            "Actual Rows": 835646,
                            "Actual Loops": 2,
                            "Hash Buckets": 2097152,
                            "Original Hash Buckets": 2097152,
                            "Hash Batches": 1,
                            "Original Hash Batches": 1,
                            "Peak Memory Usage": 81792,
                            "Plans": [
                              {
                                "Node Type": "Seq Scan",
                                "Parent Relationship": "Outer",
                                "Parallel Aware": true,
                                "Relation Name": "title",
                                "Alias": "t",
                                "Startup Cost": 0.0,
                                "Total Cost": 54588.39,
                                "Plan Rows": 982180,
                                "Plan Width": 4,
                                "Actual Startup Time": 0.054,
                                "Actual Total Time": 177.824,
                                "Actual Rows": 835646,
                                "Actual Loops": 2,
                                "Filter": "(production_year < 2008)",
                                "Rows Removed by Filter": 428510
                              }
                            ]
                          }
                        ]
                      }
                    ]
                  }
                ]
              }
            ]
          }
        ]
      }
    ]
  },
  "Planning Time": 0.873,
  "Triggers": [],
  "Execution Time": 17512.633
}