{
    "Plan": {
        "Node Type": "Aggregate",
        "Strategy": "Plain",
        "Partial Mode": "Finalize",
        "Parallel Aware": false,
        "Startup Cost": 248202.67,
        "Total Cost": 248202.68,
        "Plan Rows": 1,
        "Plan Width": 8,
        "Actual Startup Time": 565.679,
        "Actual Total Time": 605.312,
        "Actual Rows": 1,
        "Actual Loops": 1,
        "Output": [
            "count(*)"
        ],
        "Plans": [
            {
                "Node Type": "Gather",
                "Parent Relationship": "Outer",
                "Parallel Aware": false,
                "Startup Cost": 248202.15,
                "Total Cost": 248202.66,
                "Plan Rows": 5,
                "Plan Width": 8,
                "Actual Startup Time": 564.606,
                "Actual Total Time": 605.299,
                "Actual Rows": 6,
                "Actual Loops": 1,
                "Output": [
                    "(PARTIAL count(*))"
                ],
                "Workers Planned": 5,
                "Workers Launched": 5,
                "Single Copy": false,
                "Plans": [
                    {
                        "Node Type": "Aggregate",
                        "Strategy": "Plain",
                        "Partial Mode": "Partial",
                        "Parent Relationship": "Outer",
                        "Parallel Aware": false,
                        "Startup Cost": 247202.15,
                        "Total Cost": 247202.16,
                        "Plan Rows": 1,
                        "Plan Width": 8,
                        "Actual Startup Time": 554.485,
                        "Actual Total Time": 554.489,
                        "Actual Rows": 1,
                        "Actual Loops": 6,
                        "Output": [
                            "PARTIAL count(*)"
                        ],
                        "Workers": [
                            {
                                "Worker Number": 0,
                                "Actual Startup Time": 552.236,
                                "Actual Total Time": 552.239,
                                "Actual Rows": 1,
                                "Actual Loops": 1
                            },
                            {
                                "Worker Number": 1,
                                "Actual Startup Time": 552.319,
                                "Actual Total Time": 552.322,
                                "Actual Rows": 1,
                                "Actual Loops": 1
                            },
                            {
                                "Worker Number": 2,
                                "Actual Startup Time": 552.79,
                                "Actual Total Time": 552.793,
                                "Actual Rows": 1,
                                "Actual Loops": 1
                            },
                            {
                                "Worker Number": 3,
                                "Actual Startup Time": 552.455,
                                "Actual Total Time": 552.458,
                                "Actual Rows": 1,
                                "Actual Loops": 1
                            },
                            {
                                "Worker Number": 4,
                                "Actual Startup Time": 553.327,
                                "Actual Total Time": 553.33,
                                "Actual Rows": 1,
                                "Actual Loops": 1
                            }
                        ],
                        "Plans": [
                            {
                                "Node Type": "Hash Join",
                                "Parent Relationship": "Outer",
                                "Parallel Aware": true,
                                "Join Type": "Inner",
                                "Startup Cost": 45718.46,
                                "Total Cost": 247129.19,
                                "Plan Rows": 29186,
                                "Plan Width": 0,
                                "Actual Startup Time": 100.67,
                                "Actual Total Time": 551.388,
                                "Actual Rows": 55028,
                                "Actual Loops": 6,
                                "Inner Unique": true,
                                "Hash Cond": "(mi.movie_id = t.id)",
                                "Workers": [
                                    {
                                        "Worker Number": 0,
                                        "Actual Startup Time": 98.439,
                                        "Actual Total Time": 549.354,
                                        "Actual Rows": 62681,
                                        "Actual Loops": 1
                                    },
                                    {
                                        "Worker Number": 1,
                                        "Actual Startup Time": 98.429,
                                        "Actual Total Time": 549.157,
                                        "Actual Rows": 42215,
                                        "Actual Loops": 1
                                    },
                                    {
                                        "Worker Number": 2,
                                        "Actual Startup Time": 98.995,
                                        "Actual Total Time": 549.906,
                                        "Actual Rows": 66796,
                                        "Actual Loops": 1
                                    },
                                    {
                                        "Worker Number": 3,
                                        "Actual Startup Time": 98.665,
                                        "Actual Total Time": 549.608,
                                        "Actual Rows": 61859,
                                        "Actual Loops": 1
                                    },
                                    {
                                        "Worker Number": 4,
                                        "Actual Startup Time": 99.492,
                                        "Actual Total Time": 550.219,
                                        "Actual Rows": 41989,
                                        "Actual Loops": 1
                                    }
                                ],
                                "Plans": [
                                    {
                                        "Node Type": "Seq Scan",
                                        "Parent Relationship": "Outer",
                                        "Parallel Aware": true,
                                        "Relation Name": "movie_info",
                                        "Schema": "public",
                                        "Alias": "mi",
                                        "Startup Cost": 0.0,
                                        "Total Cost": 198880.74,
                                        "Plan Rows": 963806,
                                        "Plan Width": 4,
                                        "Actual Startup Time": 0.034,
                                        "Actual Total Time": 346.964,
                                        "Actual Rows": 820661,
                                        "Actual Loops": 6,
                                        "Output": [
                                            "mi.id",
                                            "mi.movie_id",
                                            "mi.info_type_id",
                                            "mi.info",
                                            "mi.note"
                                        ],
                                        "Filter": "(mi.info_type_id < 5)",
                                        "Rows Removed by Filter": 1651959,
                                        "Workers": [
                                            {
                                                "Worker Number": 0,
                                                "Actual Startup Time": 0.031,
                                                "Actual Total Time": 347.179,
                                                "Actual Rows": 934655,
                                                "Actual Loops": 1
                                            },
                                            {
                                                "Worker Number": 1,
                                                "Actual Startup Time": 0.044,
                                                "Actual Total Time": 349.021,
                                                "Actual Rows": 620957,
                                                "Actual Loops": 1
                                            },
                                            {
                                                "Worker Number": 2,
                                                "Actual Startup Time": 0.037,
                                                "Actual Total Time": 345.347,
                                                "Actual Rows": 998752,
                                                "Actual Loops": 1
                                            },
                                            {
                                                "Worker Number": 3,
                                                "Actual Startup Time": 0.037,
                                                "Actual Total Time": 346.354,
                                                "Actual Rows": 926531,
                                                "Actual Loops": 1
                                            },
                                            {
                                                "Worker Number": 4,
                                                "Actual Startup Time": 0.045,
                                                "Actual Total Time": 348.495,
                                                "Actual Rows": 633998,
                                                "Actual Loops": 1
                                            }
                                        ]
                                    },
                                    {
                                        "Node Type": "Hash",
                                        "Parent Relationship": "Inner",
                                        "Parallel Aware": true,
                                        "Startup Cost": 45479.21,
                                        "Total Cost": 45479.21,
                                        "Plan Rows": 19140,
                                        "Plan Width": 4,
                                        "Actual Startup Time": 87.732,
                                        "Actual Total Time": 87.733,
                                        "Actual Rows": 14816,
                                        "Actual Loops": 6,
                                        "Output": [
                                            "t.id"
                                        ],
                                        "Hash Buckets": 131072,
                                        "Original Hash Buckets": 131072,
                                        "Hash Batches": 1,
                                        "Original Hash Batches": 1,
                                        "Peak Memory Usage": 4576,
                                        "Workers": [
                                            {
                                                "Worker Number": 0,
                                                "Actual Startup Time": 86.483,
                                                "Actual Total Time": 86.484,
                                                "Actual Rows": 16205,
                                                "Actual Loops": 1
                                            },
                                            {
                                                "Worker Number": 1,
                                                "Actual Startup Time": 86.417,
                                                "Actual Total Time": 86.418,
                                                "Actual Rows": 11553,
                                                "Actual Loops": 1
                                            },
                                            {
                                                "Worker Number": 2,
                                                "Actual Startup Time": 86.986,
                                                "Actual Total Time": 86.987,
                                                "Actual Rows": 17699,
                                                "Actual Loops": 1
                                            },
                                            {
                                                "Worker Number": 3,
                                                "Actual Startup Time": 86.693,
                                                "Actual Total Time": 86.694,
                                                "Actual Rows": 15441,
                                                "Actual Loops": 1
                                            },
                                            {
                                                "Worker Number": 4,
                                                "Actual Startup Time": 87.473,
                                                "Actual Total Time": 87.474,
                                                "Actual Rows": 11770,
                                                "Actual Loops": 1
                                            }
                                        ],
                                        "Plans": [
                                            {
                                                "Node Type": "Seq Scan",
                                                "Parent Relationship": "Outer",
                                                "Parallel Aware": true,
                                                "Relation Name": "title",
                                                "Schema": "public",
                                                "Alias": "t",
                                                "Startup Cost": 0.0,
                                                "Total Cost": 45479.21,
                                                "Plan Rows": 19140,
                                                "Plan Width": 4,
                                                "Actual Startup Time": 54.293,
                                                "Actual Total Time": 82.16,
                                                "Actual Rows": 14816,
                                                "Actual Loops": 6,
                                                "Output": [
                                                    "t.id"
                                                ],
                                                "Filter": "((t.production_year < 2010) AND (t.kind_id = 3))",
                                                "Rows Removed by Filter": 406570,
                                                "Workers": [
                                                    {
                                                        "Worker Number": 0,
                                                        "Actual Startup Time": 51.013,
                                                        "Actual Total Time": 81.036,
                                                        "Actual Rows": 16205,
                                                        "Actual Loops": 1
                                                    },
                                                    {
                                                        "Worker Number": 1,
                                                        "Actual Startup Time": 51.211,
                                                        "Actual Total Time": 81.296,
                                                        "Actual Rows": 11553,
                                                        "Actual Loops": 1
                                                    },
                                                    {
                                                        "Worker Number": 2,
                                                        "Actual Startup Time": 51.435,
                                                        "Actual Total Time": 81.589,
                                                        "Actual Rows": 17699,
                                                        "Actual Loops": 1
                                                    },
                                                    {
                                                        "Worker Number": 3,
                                                        "Actual Startup Time": 56.094,
                                                        "Actual Total Time": 80.508,
                                                        "Actual Rows": 15441,
                                                        "Actual Loops": 1
                                                    },
                                                    {
                                                        "Worker Number": 4,
                                                        "Actual Startup Time": 56.931,
                                                        "Actual Total Time": 82.412,
                                                        "Actual Rows": 11770,
                                                        "Actual Loops": 1
                                                    }
                                                ]
                                            }
                                        ]
                                    }
                                ]
                            }
                        ]
                    }
                ]
            }
        ]
    },
    "Planning Time": 0.789,
    "Triggers": [],
    "Execution Time": 605.39
}