[
    {
        "Bao": {
            "Bao prediction": "NaN",
            "Bao recommended hint": "(no hint)"
        }
    },
    {
        "Plan": {
            "Node Type": "Aggregate",
            "Strategy": "Plain",
            "Partial Mode": "Finalize",
            "Parallel Aware": false,
            "Startup Cost": 33126.63,
            "Total Cost": 33126.64,
            "Plan Rows": 1,
            "Plan Width": 8,
            "Actual Startup Time": 85.628,
            "Actual Total Time": 98.211,
            "Actual Rows": 1,
            "Actual Loops": 1,
            "Output": [
                "count(*)"
            ],
            "Plans": [
                {
                    "Node Type": "Gather",
                    "Parent Relationship": "Outer",
                    "Parallel Aware": false,
                    "Startup Cost": 33126.31,
                    "Total Cost": 33126.62,
                    "Plan Rows": 3,
                    "Plan Width": 8,
                    "Actual Startup Time": 85.533,
                    "Actual Total Time": 98.205,
                    "Actual Rows": 4,
                    "Actual Loops": 1,
                    "Output": [
                        "(PARTIAL count(*))"
                    ],
                    "Workers Planned": 3,
                    "Workers Launched": 3,
                    "Single Copy": false,
                    "Plans": [
                        {
                            "Node Type": "Aggregate",
                            "Strategy": "Plain",
                            "Partial Mode": "Partial",
                            "Parent Relationship": "Outer",
                            "Parallel Aware": false,
                            "Startup Cost": 32126.31,
                            "Total Cost": 32126.32,
                            "Plan Rows": 1,
                            "Plan Width": 8,
                            "Actual Startup Time": 77.673,
                            "Actual Total Time": 77.674,
                            "Actual Rows": 1,
                            "Actual Loops": 4,
                            "Output": [
                                "PARTIAL count(*)"
                            ],
                            "Workers": [
                                {
                                    "Worker Number": 0,
                                    "Actual Startup Time": 74.824,
                                    "Actual Total Time": 74.825,
                                    "Actual Rows": 1,
                                    "Actual Loops": 1
                                },
                                {
                                    "Worker Number": 1,
                                    "Actual Startup Time": 75.144,
                                    "Actual Total Time": 75.145,
                                    "Actual Rows": 1,
                                    "Actual Loops": 1
                                },
                                {
                                    "Worker Number": 2,
                                    "Actual Startup Time": 75.461,
                                    "Actual Total Time": 75.462,
                                    "Actual Rows": 1,
                                    "Actual Loops": 1
                                }
                            ],
                            "Plans": [
                                {
                                    "Node Type": "Seq Scan",
                                    "Parent Relationship": "Outer",
                                    "Parallel Aware": true,
                                    "Relation Name": "movie_companies",
                                    "Schema": "public",
                                    "Alias": "mc",
                                    "Startup Cost": 0.0,
                                    "Total Cost": 31414.82,
                                    "Plan Rows": 284596,
                                    "Plan Width": 0,
                                    "Actual Startup Time": 41.676,
                                    "Actual Total Time": 71.877,
                                    "Actual Rows": 140787,
                                    "Actual Loops": 4,
                                    "Output": [
                                        "id",
                                        "movie_id",
                                        "company_id",
                                        "company_type_id",
                                        "note"
                                    ],
                                    "Filter": "((mc.company_id < 22717) AND (mc.company_type_id > 1))",
                                    "Rows Removed by Filter": 511495,
                                    "Workers": [
                                        {
                                            "Worker Number": 0,
                                            "Actual Startup Time": 38.827,
                                            "Actual Total Time": 69.249,
                                            "Actual Rows": 134898,
                                            "Actual Loops": 1
                                        },
                                        {
                                            "Worker Number": 1,
                                            "Actual Startup Time": 39.153,
                                            "Actual Total Time": 69.652,
                                            "Actual Rows": 132058,
                                            "Actual Loops": 1
                                        },
                                        {
                                            "Worker Number": 2,
                                            "Actual Startup Time": 39.456,
                                            "Actual Total Time": 69.826,
                                            "Actual Rows": 135801,
                                            "Actual Loops": 1
                                        }
                                    ]
                                }
                            ]
                        }
                    ]
                }
            ]
        },
        "Planning Time": 186.88,
        "Triggers": [],
        "Execution Time": 98.264
    }
]