[
  {
    "Plan": {
      "Node Type": "Aggregate",
      "Strategy": "Plain",
      "Partial Mode": "Finalize",
      "Parallel Aware": false,
      "Startup Cost": 156975.18,
      "Total Cost": 156975.19,
      "Plan Rows": 1,
      "Plan Width": 8,
      "Actual Startup Time": 249.814,
      "Actual Total Time": 275.567,
      "Actual Rows": 1,
      "Actual Loops": 1,
      "Plans": [
        {
          "Node Type": "Gather",
          "Parent Relationship": "Outer",
          "Parallel Aware": false,
          "Startup Cost": 156974.65,
          "Total Cost": 156975.17,
          "Plan Rows": 5,
          "Plan Width": 8,
          "Actual Startup Time": 249.641,
          "Actual Total Time": 275.541,
          "Actual Rows": 6,
          "Actual Loops": 1,
          "Workers Planned": 5,
          "Workers Launched": 5,
          "Single Copy": false,
          "Plans": [
            {
              "Node Type": "Aggregate",
              "Strategy": "Plain",
              "Partial Mode": "Partial",
              "Parent Relationship": "Outer",
              "Parallel Aware": false,
              "Startup Cost": 155974.65,
              "Total Cost": 155974.67,
              "Plan Rows": 1,
              "Plan Width": 8,
              "Actual Startup Time": 242.767,
              "Actual Total Time": 242.77,
              "Actual Rows": 1,
              "Actual Loops": 6,
              "Plans": [
                {
                  "Node Type": "Index Scan",
                  "Parent Relationship": "Outer",
                  "Parallel Aware": true,
                  "Scan Direction": "Forward",
                  "Index Name": "role_id_cast_info",
                  "Relation Name": "cast_info",
                  "Alias": "ci",
                  "Startup Cost": 0.56,
                  "Total Cost": 155872.35,
                  "Plan Rows": 40924,
                  "Plan Width": 0,
                  "Actual Startup Time": 8.463,
                  "Actual Total Time": 241.925,
                  "Actual Rows": 12157,
                  "Actual Loops": 6,
                  "Index Cond": "(role_id > 8)",
                  "Rows Removed by Index Recheck": 0,
                  "Filter": "(person_id < 134522)",
                  "Rows Removed by Filter": 943292
                }
              ]
            }
          ]
        }
      ]
    },
    "Planning Time": 0.125,
    "Triggers": [],
    "Execution Time": 275.612
  }
]