{
    "Plan": {
        "Node Type": "Aggregate",
        "Strategy": "Plain",
        "Partial Mode": "Finalize",
        "Parallel Aware": false,
        "Startup Cost": 386452.52,
        "Total Cost": 386452.53,
        "Plan Rows": 1,
        "Plan Width": 8,
        "Actual Startup Time": 1409.555,
        "Actual Total Time": 1462.115,
        "Actual Rows": 1,
        "Actual Loops": 1,
        "Output": [
            "count(*)"
        ],
        "Plans": [
            {
                "Node Type": "Gather",
                "Parent Relationship": "Outer",
                "Parallel Aware": false,
                "Startup Cost": 386451.89,
                "Total Cost": 386452.5,
                "Plan Rows": 6,
                "Plan Width": 8,
                "Actual Startup Time": 1405.456,
                "Actual Total Time": 1462.089,
                "Actual Rows": 7,
                "Actual Loops": 1,
                "Output": [
                    "(PARTIAL count(*))"
                ],
                "Workers Planned": 6,
                "Workers Launched": 6,
                "Single Copy": false,
                "Plans": [
                    {
                        "Node Type": "Aggregate",
                        "Strategy": "Plain",
                        "Partial Mode": "Partial",
                        "Parent Relationship": "Outer",
                        "Parallel Aware": false,
                        "Startup Cost": 385451.89,
                        "Total Cost": 385451.9,
                        "Plan Rows": 1,
                        "Plan Width": 8,
                        "Actual Startup Time": 1397.467,
                        "Actual Total Time": 1397.518,
                        "Actual Rows": 1,
                        "Actual Loops": 7,
                        "Output": [
                            "PARTIAL count(*)"
                        ],
                        "Workers": [
                            {
                                "Worker Number": 0,
                                "Actual Startup Time": 1396.995,
                                "Actual Total Time": 1396.998,
                                "Actual Rows": 1,
                                "Actual Loops": 1
                            },
                            {
                                "Worker Number": 1,
                                "Actual Startup Time": 1396.694,
                                "Actual Total Time": 1396.697,
                                "Actual Rows": 1,
                                "Actual Loops": 1
                            },
                            {
                                "Worker Number": 2,
                                "Actual Startup Time": 1397.228,
                                "Actual Total Time": 1397.229,
                                "Actual Rows": 1,
                                "Actual Loops": 1
                            },
                            {
                                "Worker Number": 3,
                                "Actual Startup Time": 1397.632,
                                "Actual Total Time": 1397.635,
                                "Actual Rows": 1,
                                "Actual Loops": 1
                            },
                            {
                                "Worker Number": 4,
                                "Actual Startup Time": 1394.19,
                                "Actual Total Time": 1394.192,
                                "Actual Rows": 1,
                                "Actual Loops": 1
                            },
                            {
                                "Worker Number": 5,
                                "Actual Startup Time": 1394.802,
                                "Actual Total Time": 1394.804,
                                "Actual Rows": 1,
                                "Actual Loops": 1
                            }
                        ],
                        "Plans": [
                            {
                                "Node Type": "Hash Join",
                                "Parent Relationship": "Outer",
                                "Parallel Aware": true,
                                "Join Type": "Inner",
                                "Startup Cost": 46285.61,
                                "Total Cost": 384481.58,
                                "Plan Rows": 388124,
                                "Plan Width": 0,
                                "Actual Startup Time": 250.576,
                                "Actual Total Time": 1375.961,
                                "Actual Rows": 413784,
                                "Actual Loops": 7,
                                "Inner Unique": true,
                                "Hash Cond": "(ci.movie_id = t.id)",
                                "Workers": [
                                    {
                                        "Worker Number": 0,
                                        "Actual Startup Time": 249.618,
                                        "Actual Total Time": 1374.289,
                                        "Actual Rows": 326419,
                                        "Actual Loops": 1
                                    },
                                    {
                                        "Worker Number": 1,
                                        "Actual Startup Time": 249.775,
                                        "Actual Total Time": 1377.119,
                                        "Actual Rows": 454516,
                                        "Actual Loops": 1
                                    },
                                    {
                                        "Worker Number": 2,
                                        "Actual Startup Time": 250.512,
                                        "Actual Total Time": 1376.799,
                                        "Actual Rows": 474445,
                                        "Actual Loops": 1
                                    },
                                    {
                                        "Worker Number": 3,
                                        "Actual Startup Time": 250.939,
                                        "Actual Total Time": 1378.218,
                                        "Actual Rows": 451359,
                                        "Actual Loops": 1
                                    },
                                    {
                                        "Worker Number": 4,
                                        "Actual Startup Time": 247.369,
                                        "Actual Total Time": 1371.69,
                                        "Actual Rows": 323561,
                                        "Actual Loops": 1
                                    },
                                    {
                                        "Worker Number": 5,
                                        "Actual Startup Time": 247.969,
                                        "Actual Total Time": 1374.116,
                                        "Actual Rows": 482286,
                                        "Actual Loops": 1
                                    }
                                ],
                                "Plans": [
                                    {
                                        "Node Type": "Seq Scan",
                                        "Parent Relationship": "Outer",
                                        "Parallel Aware": true,
                                        "Relation Name": "cast_info",
                                        "Schema": "public",
                                        "Alias": "ci",
                                        "Startup Cost": 0.0,
                                        "Total Cost": 328213.62,
                                        "Plan Rows": 3802795,
                                        "Plan Width": 4,
                                        "Actual Startup Time": 145.334,
                                        "Actual Total Time": 637.222,
                                        "Actual Rows": 3258505,
                                        "Actual Loops": 7,
                                        "Output": [
                                            "ci.id",
                                            "ci.person_id",
                                            "ci.movie_id",
                                            "ci.person_role_id",
                                            "ci.note",
                                            "ci.nr_order",
                                            "ci.role_id"
                                        ],
                                        "Filter": "(ci.person_id > 1324838)",
                                        "Rows Removed by Filter": 1919258,
                                        "Workers": [
                                            {
                                                "Worker Number": 0,
                                                "Actual Startup Time": 145.344,
                                                "Actual Total Time": 650.284,
                                                "Actual Rows": 2563582,
                                                "Actual Loops": 1
                                            },
                                            {
                                                "Worker Number": 1,
                                                "Actual Startup Time": 145.318,
                                                "Actual Total Time": 637.754,
                                                "Actual Rows": 3553611,
                                                "Actual Loops": 1
                                            },
                                            {
                                                "Worker Number": 2,
                                                "Actual Startup Time": 145.326,
                                                "Actual Total Time": 637.325,
                                                "Actual Rows": 3744464,
                                                "Actual Loops": 1
                                            },
                                            {
                                                "Worker Number": 3,
                                                "Actual Startup Time": 145.332,
                                                "Actual Total Time": 641.776,
                                                "Actual Rows": 3614363,
                                                "Actual Loops": 1
                                            },
                                            {
                                                "Worker Number": 4,
                                                "Actual Startup Time": 145.339,
                                                "Actual Total Time": 647.567,
                                                "Actual Rows": 2554000,
                                                "Actual Loops": 1
                                            },
                                            {
                                                "Worker Number": 5,
                                                "Actual Startup Time": 145.328,
                                                "Actual Total Time": 638.302,
                                                "Actual Rows": 3759621,
                                                "Actual Loops": 1
                                            }
                                        ]
                                    },
                                    {
                                        "Node Type": "Hash",
                                        "Parent Relationship": "Inner",
                                        "Parallel Aware": true,
                                        "Startup Cost": 45479.21,
                                        "Total Cost": 45479.21,
                                        "Plan Rows": 64512,
                                        "Plan Width": 4,
                                        "Actual Startup Time": 103.669,
                                        "Actual Total Time": 103.67,
                                        "Actual Rows": 52374,
                                        "Actual Loops": 7,
                                        "Output": [
                                            "t.id"
                                        ],
                                        "Hash Buckets": 524288,
                                        "Original Hash Buckets": 262144,
                                        "Hash Batches": 1,
                                        "Original Hash Batches": 1,
                                        "Peak Memory Usage": 20608,
                                        "Workers": [
                                            {
                                                "Worker Number": 0,
                                                "Actual Startup Time": 103.852,
                                                "Actual Total Time": 103.852,
                                                "Actual Rows": 42852,
                                                "Actual Loops": 1
                                            },
                                            {
                                                "Worker Number": 1,
                                                "Actual Startup Time": 103.99,
                                                "Actual Total Time": 103.991,
                                                "Actual Rows": 54322,
                                                "Actual Loops": 1
                                            },
                                            {
                                                "Worker Number": 2,
                                                "Actual Startup Time": 104.537,
                                                "Actual Total Time": 104.538,
                                                "Actual Rows": 59574,
                                                "Actual Loops": 1
                                            },
                                            {
                                                "Worker Number": 3,
                                                "Actual Startup Time": 104.958,
                                                "Actual Total Time": 104.959,
                                                "Actual Rows": 52787,
                                                "Actual Loops": 1
                                            },
                                            {
                                                "Worker Number": 4,
                                                "Actual Startup Time": 101.365,
                                                "Actual Total Time": 101.366,
                                                "Actual Rows": 42227,
                                                "Actual Loops": 1
                                            },
                                            {
                                                "Worker Number": 5,
                                                "Actual Startup Time": 102.013,
                                                "Actual Total Time": 102.014,
                                                "Actual Rows": 60803,
                                                "Actual Loops": 1
                                            }
                                        ],
                                        "Plans": [
                                            {
                                                "Node Type": "Seq Scan",
                                                "Parent Relationship": "Outer",
                                                "Parallel Aware": true,
                                                "Relation Name": "title",
                                                "Schema": "public",
                                                "Alias": "t",
                                                "Startup Cost": 0.0,
                                                "Total Cost": 45479.21,
                                                "Plan Rows": 64512,
                                                "Plan Width": 4,
                                                "Actual Startup Time": 44.423,
                                                "Actual Total Time": 74.239,
                                                "Actual Rows": 52374,
                                                "Actual Loops": 7,
                                                "Output": [
                                                    "t.id"
                                                ],
                                                "Filter": "((t.production_year < 1999) AND (t.kind_id = 1))",
                                                "Rows Removed by Filter": 308813,
                                                "Workers": [
                                                    {
                                                        "Worker Number": 0,
                                                        "Actual Startup Time": 45.023,
                                                        "Actual Total Time": 75.343,
                                                        "Actual Rows": 42852,
                                                        "Actual Loops": 1
                                                    },
                                                    {
                                                        "Worker Number": 1,
                                                        "Actual Startup Time": 44.682,
                                                        "Actual Total Time": 74.256,
                                                        "Actual Rows": 54322,
                                                        "Actual Loops": 1
                                                    },
                                                    {
                                                        "Worker Number": 2,
                                                        "Actual Startup Time": 45.161,
                                                        "Actual Total Time": 75.357,
                                                        "Actual Rows": 59574,
                                                        "Actual Loops": 1
                                                    },
                                                    {
                                                        "Worker Number": 3,
                                                        "Actual Startup Time": 45.726,
                                                        "Actual Total Time": 74.389,
                                                        "Actual Rows": 52787,
                                                        "Actual Loops": 1
                                                    },
                                                    {
                                                        "Worker Number": 4,
                                                        "Actual Startup Time": 42.042,
                                                        "Actual Total Time": 73.168,
                                                        "Actual Rows": 42227,
                                                        "Actual Loops": 1
                                                    },
                                                    {
                                                        "Worker Number": 5,
                                                        "Actual Startup Time": 42.632,
                                                        "Actual Total Time": 73.243,
                                                        "Actual Rows": 60803,
                                                        "Actual Loops": 1
                                                    }
                                                ]
                                            }
                                        ]
                                    }
                                ]
                            }
                        ]
                    }
                ]
            }
        ]
    },
    "Planning Time": 0.596,
    "Triggers": [],
    "Execution Time": 1462.191
}