{
  "Plan": {
    "Node Type": "Aggregate",
    "Strategy": "Plain",
    "Partial Mode": "Finalize",
    "Parallel Aware": false,
    "Startup Cost": 99313.76,
    "Total Cost": 99313.77,
    "Plan Rows": 1,
    "Plan Width": 8,
    "Actual Startup Time": 672.693,
    "Actual Total Time": 692.556,
    "Actual Rows": 1,
    "Actual Loops": 1,
    "Plans": [
      {
        "Node Type": "Gather",
        "Parent Relationship": "Outer",
        "Parallel Aware": false,
        "Startup Cost": 99313.65,
        "Total Cost": 99313.76,
        "Plan Rows": 1,
        "Plan Width": 8,
        "Actual Startup Time": 666.996,
        "Actual Total Time": 692.548,
        "Actual Rows": 2,
        "Actual Loops": 1,
        "Workers Planned": 1,
        "Workers Launched": 1,
        "Single Copy": false,
        "Plans": [
          {
            "Node Type": "Aggregate",
            "Strategy": "Plain",
            "Partial Mode": "Partial",
            "Parent Relationship": "Outer",
            "Parallel Aware": false,
            "Startup Cost": 98313.65,
            "Total Cost": 98313.66,
            "Plan Rows": 1,
            "Plan Width": 8,
            "Actual Startup Time": 655.089,
            "Actual Total Time": 655.093,
            "Actual Rows": 1,
            "Actual Loops": 2,
            "Plans": [
              {
                "Node Type": "Hash Join",
                "Parent Relationship": "Outer",
                "Parallel Aware": true,
                "Join Type": "Inner",
                "Startup Cost": 72416.16,
                "Total Cost": 98108.9,
                "Plan Rows": 81900,
                "Plan Width": 0,
                "Actual Startup Time": 589.164,
                "Actual Total Time": 652.018,
                "Actual Rows": 67966,
                "Actual Loops": 2,
                "Inner Unique": true,
                "Hash Cond": "(mk.movie_id = t.id)",
                "Plans": [
                  {
                    "Node Type": "Bitmap Heap Scan",
                    "Parent Relationship": "Outer",
                    "Parallel Aware": true,
                    "Relation Name": "movie_keyword",
                    "Alias": "mk",
                    "Startup Cost": 2955.46,
                    "Total Cost": 28433.22,
                    "Plan Rows": 81900,
                    "Plan Width": 4,
                    "Actual Startup Time": 10.763,
                    "Actual Total Time": 51.796,
                    "Actual Rows": 67966,
                    "Actual Loops": 2,
                    "Recheck Cond": "(keyword_id > 75506)",
                    "Rows Removed by Index Recheck": 0,
                    "Exact Heap Blocks": 11622,
                    "Lossy Heap Blocks": 0,
                    "Plans": [
                      {
                        "Node Type": "Bitmap Index Scan",
                        "Parent Relationship": "Outer",
                        "Parallel Aware": false,
                        "Index Name": "keyword_id_movie_keyword",
                        "Startup Cost": 0.0,
                        "Total Cost": 2920.66,
                        "Plan Rows": 139230,
                        "Plan Width": 0,
                        "Actual Startup Time": 7.853,
                        "Actual Total Time": 7.853,
                        "Actual Rows": 135932,
                        "Actual Loops": 1,
                        "Index Cond": "(keyword_id > 75506)"
                      }
                    ]
                  },
                  {
                    "Node Type": "Hash",
                    "Parent Relationship": "Inner",
                    "Parallel Aware": true,
                    "Startup Cost": 50870.31,
                    "Total Cost": 50870.31,
                    "Plan Rows": 1487231,
                    "Plan Width": 4,
                    "Actual Startup Time": 556.654,
                    "Actual Total Time": 556.654,
                    "Actual Rows": 1264156,
                    "Actual Loops": 2,
                    "Hash Buckets": 4194304,
                    "Original Hash Buckets": 4194304,
                    "Hash Batches": 1,
                    "Original Hash Batches": 1,
                    "Peak Memory Usage": 131680,
                    "Plans": [
                      {
                        "Node Type": "Seq Scan",
                        "Parent Relationship": "Outer",
                        "Parallel Aware": true,
                        "Relation Name": "title",
                        "Alias": "t",
                        "Startup Cost": 0.0,
                        "Total Cost": 50870.31,
                        "Plan Rows": 1487231,
                        "Plan Width": 4,
                        "Actual Startup Time": 0.03,
                        "Actual Total Time": 158.909,
                        "Actual Rows": 1264156,
                        "Actual Loops": 2
                      }
                    ]
                  }
                ]
              }
            ]
          }
        ]
      }
    ]
  },
  "Planning Time": 0.639,
  "Triggers": [],
  "Execution Time": 692.643
}