{
  "Plan": {
    "Node Type": "Aggregate",
    "Strategy": "Plain",
    "Partial Mode": "Finalize",
    "Parallel Aware": false,
    "Startup Cost": 324951.24,
    "Total Cost": 324951.25,
    "Plan Rows": 1,
    "Plan Width": 8,
    "Actual Startup Time": 1073.245,
    "Actual Total Time": 1129.8,
    "Actual Rows": 1,
    "Actual Loops": 1,
    "Plans": [
      {
        "Node Type": "Gather",
        "Parent Relationship": "Outer",
        "Parallel Aware": false,
        "Startup Cost": 324951.13,
        "Total Cost": 324951.24,
        "Plan Rows": 1,
        "Plan Width": 8,
        "Actual Startup Time": 1070.912,
        "Actual Total Time": 1129.791,
        "Actual Rows": 2,
        "Actual Loops": 1,
        "Workers Planned": 1,
        "Workers Launched": 1,
        "Single Copy": false,
        "Plans": [
          {
            "Node Type": "Aggregate",
            "Strategy": "Plain",
            "Partial Mode": "Partial",
            "Parent Relationship": "Outer",
            "Parallel Aware": false,
            "Startup Cost": 323951.13,
            "Total Cost": 323951.14,
            "Plan Rows": 1,
            "Plan Width": 8,
            "Actual Startup Time": 1064.357,
            "Actual Total Time": 1064.363,
            "Actual Rows": 1,
            "Actual Loops": 2,
            "Plans": [
              {
                "Node Type": "Nested Loop",
                "Parent Relationship": "Outer",
                "Parallel Aware": false,
                "Join Type": "Inner",
                "Startup Cost": 72616.53,
                "Total Cost": 322862.43,
                "Plan Rows": 435482,
                "Plan Width": 0,
                "Actual Startup Time": 414.052,
                "Actual Total Time": 1050.217,
                "Actual Rows": 210699,
                "Actual Loops": 2,
                "Inner Unique": false,
                "Plans": [
                  {
                    "Node Type": "Hash Join",
                    "Parent Relationship": "Outer",
                    "Parallel Aware": true,
                    "Join Type": "Inner",
                    "Startup Cost": 72615.96,
                    "Total Cost": 99876.54,
                    "Plan Rows": 76022,
                    "Plan Width": 8,
                    "Actual Startup Time": 413.948,
                    "Actual Total Time": 523.308,
                    "Actual Rows": 16682,
                    "Actual Loops": 2,
                    "Inner Unique": true,
                    "Hash Cond": "(mk.movie_id = t.id)",
                    "Plans": [
                      {
                        "Node Type": "Bitmap Heap Scan",
                        "Parent Relationship": "Outer",
                        "Parallel Aware": true,
                        "Relation Name": "movie_keyword",
                        "Alias": "mk",
                        "Startup Cost": 6693.17,
                        "Total Cost": 33466.66,
                        "Plan Rows": 185559,
                        "Plan Width": 4,
                        "Actual Startup Time": 33.228,
                        "Actual Total Time": 92.574,
                        "Actual Rows": 166044,
                        "Actual Loops": 2,
                        "Recheck Cond": "(keyword_id < 270)",
                        "Rows Removed by Index Recheck": 0,
                        "Exact Heap Blocks": 11458,
                        "Lossy Heap Blocks": 0,
                        "Plans": [
                          {
                            "Node Type": "Bitmap Index Scan",
                            "Parent Relationship": "Outer",
                            "Parallel Aware": false,
                            "Index Name": "keyword_id_movie_keyword",
                            "Startup Cost": 0.0,
                            "Total Cost": 6614.31,
                            "Plan Rows": 315450,
                            "Plan Width": 0,
                            "Actual Startup Time": 27.435,
                            "Actual Total Time": 27.436,
                            "Actual Rows": 332089,
                            "Actual Loops": 1,
                            "Index Cond": "(keyword_id < 270)"
                          }
                        ]
                      },
                      {
                        "Node Type": "Hash",
                        "Parent Relationship": "Inner",
                        "Parallel Aware": true,
                        "Startup Cost": 58306.47,
                        "Total Cost": 58306.47,
                        "Plan Rows": 609306,
                        "Plan Width": 4,
                        "Actual Startup Time": 371.395,
                        "Actual Total Time": 371.396,
                        "Actual Rows": 567114,
                        "Actual Loops": 2,
                        "Hash Buckets": 2097152,
                        "Original Hash Buckets": 1048576,
                        "Hash Batches": 1,
                        "Original Hash Batches": 1,
                        "Peak Memory Usage": 68960,
                        "Plans": [
                          {
                            "Node Type": "Seq Scan",
                            "Parent Relationship": "Outer",
                            "Parallel Aware": true,
                            "Relation Name": "title",
                            "Alias": "t",
                            "Startup Cost": 0.0,
                            "Total Cost": 58306.47,
                            "Plan Rows": 609306,
                            "Plan Width": 4,
                            "Actual Startup Time": 0.035,
                            "Actual Total Time": 190.727,
                            "Actual Rows": 567114,
                            "Actual Loops": 2,
                            "Filter": "((production_year > 1992) AND (kind_id = 7))",
                            "Rows Removed by Filter": 697042
                          }
                        ]
                      }
                    ]
                  },
                  {
                    "Node Type": "Index Scan",
                    "Parent Relationship": "Inner",
                    "Parallel Aware": false,
                    "Scan Direction": "Forward",
                    "Index Name": "movie_id_cast_info",
                    "Relation Name": "cast_info",
                    "Alias": "ci",
                    "Startup Cost": 0.56,
                    "Total Cost": 2.78,
                    "Plan Rows": 15,
                    "Plan Width": 4,
                    "Actual Startup Time": 0.006,
                    "Actual Total Time": 0.03,
                    "Actual Rows": 13,
                    "Actual Loops": 33364,
                    "Index Cond": "(movie_id = t.id)",
                    "Rows Removed by Index Recheck": 0,
                    "Filter": "(person_id < 1426939)",
                    "Rows Removed by Filter": 22
                  }
                ]
              }
            ]
          }
        ]
      }
    ]
  },
  "Planning Time": 1.025,
  "Triggers": [],
  "Execution Time": 1129.914
}