[
  {
    "Plan": {
      "Node Type": "Aggregate",
      "Strategy": "Plain",
      "Partial Mode": "Finalize",
      "Parallel Aware": false,
      "Startup Cost": 32202.05,
      "Total Cost": 32202.06,
      "Plan Rows": 1,
      "Plan Width": 8,
      "Actual Startup Time": 131.578,
      "Actual Total Time": 141.475,
      "Actual Rows": 1,
      "Actual Loops": 1,
      "Plans": [
        {
          "Node Type": "Gather",
          "Parent Relationship": "Outer",
          "Parallel Aware": false,
          "Startup Cost": 32201.73,
          "Total Cost": 32202.04,
          "Plan Rows": 3,
          "Plan Width": 8,
          "Actual Startup Time": 131.471,
          "Actual Total Time": 141.468,
          "Actual Rows": 4,
          "Actual Loops": 1,
          "Workers Planned": 3,
          "Workers Launched": 3,
          "Single Copy": false,
          "Plans": [
            {
              "Node Type": "Aggregate",
              "Strategy": "Plain",
              "Partial Mode": "Partial",
              "Parent Relationship": "Outer",
              "Parallel Aware": false,
              "Startup Cost": 31201.73,
              "Total Cost": 31201.74,
              "Plan Rows": 1,
              "Plan Width": 8,
              "Actual Startup Time": 125.016,
              "Actual Total Time": 125.017,
              "Actual Rows": 1,
              "Actual Loops": 4,
              "Plans": [
                {
                  "Node Type": "Seq Scan",
                  "Parent Relationship": "Outer",
                  "Parallel Aware": true,
                  "Relation Name": "movie_companies",
                  "Alias": "mc",
                  "Startup Cost": 0.0,
                  "Total Cost": 29310.68,
                  "Plan Rows": 756420,
                  "Plan Width": 0,
                  "Actual Startup Time": 0.077,
                  "Actual Total Time": 94.094,
                  "Actual Rows": 586574,
                  "Actual Loops": 4,
                  "Filter": "(company_id > 136)",
                  "Rows Removed by Filter": 65708
                }
              ]
            }
          ]
        }
      ]
    },
    "Planning Time": 0.163,
    "Triggers": [],
    "Execution Time": 141.523
  }
]