{
  "Plan": {
    "Node Type": "Aggregate",
    "Strategy": "Plain",
    "Partial Mode": "Finalize",
    "Parallel Aware": false,
    "Startup Cost": 120382.64,
    "Total Cost": 120382.65,
    "Plan Rows": 1,
    "Plan Width": 8,
    "Actual Startup Time": 482.103,
    "Actual Total Time": 498.665,
    "Actual Rows": 1,
    "Actual Loops": 1,
    "Plans": [
      {
        "Node Type": "Gather",
        "Parent Relationship": "Outer",
        "Parallel Aware": false,
        "Startup Cost": 120382.52,
        "Total Cost": 120382.63,
        "Plan Rows": 1,
        "Plan Width": 8,
        "Actual Startup Time": 481.056,
        "Actual Total Time": 498.654,
        "Actual Rows": 2,
        "Actual Loops": 1,
        "Workers Planned": 1,
        "Workers Launched": 1,
        "Single Copy": false,
        "Plans": [
          {
            "Node Type": "Aggregate",
            "Strategy": "Plain",
            "Partial Mode": "Partial",
            "Parent Relationship": "Outer",
            "Parallel Aware": false,
            "Startup Cost": 119382.52,
            "Total Cost": 119382.53,
            "Plan Rows": 1,
            "Plan Width": 8,
            "Actual Startup Time": 474.986,
            "Actual Total Time": 474.998,
            "Actual Rows": 1,
            "Actual Loops": 2,
            "Plans": [
              {
                "Node Type": "Hash Join",
                "Parent Relationship": "Outer",
                "Parallel Aware": true,
                "Join Type": "Inner",
                "Startup Cost": 84969.45,
                "Total Cost": 119067.86,
                "Plan Rows": 125865,
                "Plan Width": 0,
                "Actual Startup Time": 268.448,
                "Actual Total Time": 467.834,
                "Actual Rows": 167836,
                "Actual Loops": 2,
                "Inner Unique": true,
                "Hash Cond": "(mk.movie_id = t.id)",
                "Plans": [
                  {
                    "Node Type": "Bitmap Heap Scan",
                    "Parent Relationship": "Outer",
                    "Parallel Aware": true,
                    "Relation Name": "movie_keyword",
                    "Alias": "mk",
                    "Startup Cost": 22993.43,
                    "Total Cost": 55418.02,
                    "Plan Rows": 637647,
                    "Plan Width": 4,
                    "Actual Startup Time": 55.962,
                    "Actual Total Time": 160.252,
                    "Actual Rows": 548852,
                    "Actual Loops": 2,
                    "Recheck Cond": "(keyword_id < 1126)",
                    "Rows Removed by Index Recheck": 0,
                    "Exact Heap Blocks": 14024,
                    "Lossy Heap Blocks": 0,
                    "Plans": [
                      {
                        "Node Type": "Bitmap Index Scan",
                        "Parent Relationship": "Outer",
                        "Parallel Aware": false,
                        "Index Name": "keyword_id_movie_keyword",
                        "Startup Cost": 0.0,
                        "Total Cost": 22722.43,
                        "Plan Rows": 1084000,
                        "Plan Width": 0,
                        "Actual Startup Time": 52.279,
                        "Actual Total Time": 52.28,
                        "Actual Rows": 1097703,
                        "Actual Loops": 1,
                        "Index Cond": "(keyword_id < 1126)"
                      }
                    ]
                  },
                  {
                    "Node Type": "Hash",
                    "Parent Relationship": "Inner",
                    "Parallel Aware": true,
                    "Startup Cost": 58306.47,
                    "Total Cost": 58306.47,
                    "Plan Rows": 293564,
                    "Plan Width": 4,
                    "Actual Startup Time": 206.835,
                    "Actual Total Time": 206.836,
                    "Actual Rows": 210142,
                    "Actual Loops": 2,
                    "Hash Buckets": 524288,
                    "Original Hash Buckets": 524288,
                    "Hash Batches": 1,
                    "Original Hash Batches": 1,
                    "Peak Memory Usage": 20544,
                    "Plans": [
                      {
                        "Node Type": "Seq Scan",
                        "Parent Relationship": "Outer",
                        "Parallel Aware": true,
                        "Relation Name": "title",
                        "Alias": "t",
                        "Startup Cost": 0.0,
                        "Total Cost": 58306.47,
                        "Plan Rows": 293564,
                        "Plan Width": 4,
                        "Actual Startup Time": 0.055,
                        "Actual Total Time": 148.656,
                        "Actual Rows": 210142,
                        "Actual Loops": 2,
                        "Filter": "((kind_id < 7) AND (production_year > 2002))",
                        "Rows Removed by Filter": 1054014
                      }
                    ]
                  }
                ]
              }
            ]
          }
        ]
      }
    ]
  },
  "Planning Time": 0.46,
  "Triggers": [],
  "Execution Time": 498.761
}