[
  {
    "Plan": {
      "Node Type": "Aggregate",
      "Strategy": "Plain",
      "Partial Mode": "Finalize",
      "Parallel Aware": false,
      "Startup Cost": 124548.65,
      "Total Cost": 124548.66,
      "Plan Rows": 1,
      "Plan Width": 8,
      "Actual Startup Time": 850.608,
      "Actual Total Time": 876.727,
      "Actual Rows": 1,
      "Actual Loops": 1,
      "Plans": [
        {
          "Node Type": "Gather",
          "Parent Relationship": "Outer",
          "Parallel Aware": false,
          "Startup Cost": 124548.34,
          "Total Cost": 124548.65,
          "Plan Rows": 3,
          "Plan Width": 8,
          "Actual Startup Time": 838.458,
          "Actual Total Time": 876.718,
          "Actual Rows": 4,
          "Actual Loops": 1,
          "Workers Planned": 3,
          "Workers Launched": 3,
          "Single Copy": false,
          "Plans": [
            {
              "Node Type": "Aggregate",
              "Strategy": "Plain",
              "Partial Mode": "Partial",
              "Parent Relationship": "Outer",
              "Parallel Aware": false,
              "Startup Cost": 123548.34,
              "Total Cost": 123548.35,
              "Plan Rows": 1,
              "Plan Width": 8,
              "Actual Startup Time": 832.556,
              "Actual Total Time": 832.692,
              "Actual Rows": 1,
              "Actual Loops": 4,
              "Plans": [
                {
                  "Node Type": "Hash Join",
                  "Parent Relationship": "Outer",
                  "Parallel Aware": true,
                  "Join Type": "Inner",
                  "Startup Cost": 92084.04,
                  "Total Cost": 123067.38,
                  "Plan Rows": 192383,
                  "Plan Width": 0,
                  "Actual Startup Time": 574.018,
                  "Actual Total Time": 796.115,
                  "Actual Rows": 885304,
                  "Actual Loops": 4,
                  "Inner Unique": false,
                  "Hash Cond": "(mc.movie_id = t.id)",
                  "Plans": [
                    {
                      "Node Type": "Seq Scan",
                      "Parent Relationship": "Outer",
                      "Parallel Aware": true,
                      "Relation Name": "movie_companies",
                      "Alias": "mc",
                      "Startup Cost": 0.0,
                      "Total Cost": 27206.55,
                      "Plan Rows": 841655,
                      "Plan Width": 4,
                      "Actual Startup Time": 0.016,
                      "Actual Total Time": 57.113,
                      "Actual Rows": 652282,
                      "Actual Loops": 4
                    },
                    {
                      "Node Type": "Hash",
                      "Parent Relationship": "Inner",
                      "Parallel Aware": true,
                      "Startup Cost": 89753.64,
                      "Total Cost": 89753.64,
                      "Plan Rows": 186432,
                      "Plan Width": 8,
                      "Actual Startup Time": 570.863,
                      "Actual Total Time": 570.998,
                      "Actual Rows": 146698,
                      "Actual Loops": 4,
                      "Hash Buckets": 1048576,
                      "Original Hash Buckets": 1048576,
                      "Hash Batches": 1,
                      "Original Hash Batches": 1,
                      "Peak Memory Usage": 31200,
                      "Plans": [
                        {
                          "Node Type": "Hash Join",
                          "Parent Relationship": "Outer",
                          "Parallel Aware": true,
                          "Join Type": "Inner",
                          "Startup Cost": 62479.85,
                          "Total Cost": 89753.64,
                          "Plan Rows": 186432,
                          "Plan Width": 8,
                          "Actual Startup Time": 396.592,
                          "Actual Total Time": 513.645,
                          "Actual Rows": 146698,
                          "Actual Loops": 4,
                          "Inner Unique": true,
                          "Hash Cond": "(mk.movie_id = t.id)",
                          "Plans": [
                            {
                              "Node Type": "Bitmap Heap Scan",
                              "Parent Relationship": "Outer",
                              "Parallel Aware": true,
                              "Relation Name": "movie_keyword",
                              "Alias": "mk",
                              "Startup Cost": 12259.47,
                              "Total Cost": 39043.87,
                              "Plan Rows": 186432,
                              "Plan Width": 4,
                              "Actual Startup Time": 34.574,
                              "Actual Total Time": 90.467,
                              "Actual Rows": 146698,
                              "Actual Loops": 4,
                              "Recheck Cond": "(keyword_id < 423)",
                              "Rows Removed by Index Recheck": 0,
                              "Exact Heap Blocks": 6315,
                              "Lossy Heap Blocks": 0,
                              "Plans": [
                                {
                                  "Node Type": "Bitmap Index Scan",
                                  "Parent Relationship": "Outer",
                                  "Parallel Aware": false,
                                  "Index Name": "keyword_id_movie_keyword",
                                  "Startup Cost": 0.0,
                                  "Total Cost": 12114.98,
                                  "Plan Rows": 577940,
                                  "Plan Width": 0,
                                  "Actual Startup Time": 30.948,
                                  "Actual Total Time": 30.948,
                                  "Actual Rows": 586790,
                                  "Actual Loops": 1,
                                  "Index Cond": "(keyword_id < 423)"
                                }
                              ]
                            },
                            {
                              "Node Type": "Hash",
                              "Parent Relationship": "Inner",
                              "Parallel Aware": true,
                              "Startup Cost": 42319.06,
                              "Total Cost": 42319.06,
                              "Plan Rows": 632106,
                              "Plan Width": 4,
                              "Actual Startup Time": 354.652,
                              "Actual Total Time": 354.653,
                              "Actual Rows": 632078,
                              "Actual Loops": 4,
                              "Hash Buckets": 4194304,
                              "Original Hash Buckets": 4194304,
                              "Hash Batches": 1,
                              "Original Hash Batches": 1,
                              "Peak Memory Usage": 131744,
                              "Plans": [
                                {
                                  "Node Type": "Seq Scan",
                                  "Parent Relationship": "Outer",
                                  "Parallel Aware": true,
                                  "Relation Name": "title",
                                  "Alias": "t",
                                  "Startup Cost": 0.0,
                                  "Total Cost": 42319.06,
                                  "Plan Rows": 632106,
                                  "Plan Width": 4,
                                  "Actual Startup Time": 0.052,
                                  "Actual Total Time": 98.43,
                                  "Actual Rows": 632078,
                                  "Actual Loops": 4
                                }
                              ]
                            }
                          ]
                        }
                      ]
                    }
                  ]
                }
              ]
            }
          ]
        }
      ]
    },
    "Planning Time": 0.674,
    "Triggers": [],
    "Execution Time": 876.785
  }
]