[
  {
    "Plan": {
      "Node Type": "Aggregate",
      "Strategy": "Plain",
      "Partial Mode": "Finalize",
      "Parallel Aware": false,
      "Startup Cost": 621431.9,
      "Total Cost": 621431.91,
      "Plan Rows": 1,
      "Plan Width": 8,
      "Actual Startup Time": 5824.459,
      "Actual Total Time": 5924.213,
      "Actual Rows": 1,
      "Actual Loops": 1,
      "Plans": [
        {
          "Node Type": "Gather",
          "Parent Relationship": "Outer",
          "Parallel Aware": false,
          "Startup Cost": 621431.38,
          "Total Cost": 621431.89,
          "Plan Rows": 5,
          "Plan Width": 8,
          "Actual Startup Time": 5777.663,
          "Actual Total Time": 5924.198,
          "Actual Rows": 6,
          "Actual Loops": 1,
          "Workers Planned": 5,
          "Workers Launched": 5,
          "Single Copy": false,
          "Plans": [
            {
              "Node Type": "Aggregate",
              "Strategy": "Plain",
              "Partial Mode": "Partial",
              "Parent Relationship": "Outer",
              "Parallel Aware": false,
              "Startup Cost": 620431.38,
              "Total Cost": 620431.39,
              "Plan Rows": 1,
              "Plan Width": 8,
              "Actual Startup Time": 5740.553,
              "Actual Total Time": 5740.56,
              "Actual Rows": 1,
              "Actual Loops": 6,
              "Plans": [
                {
                  "Node Type": "Hash Join",
                  "Parent Relationship": "Outer",
                  "Parallel Aware": true,
                  "Join Type": "Inner",
                  "Startup Cost": 391716.62,
                  "Total Cost": 604894.38,
                  "Plan Rows": 6214797,
                  "Plan Width": 0,
                  "Actual Startup Time": 2214.482,
                  "Actual Total Time": 5073.976,
                  "Actual Rows": 12975000,
                  "Actual Loops": 6,
                  "Inner Unique": false,
                  "Hash Cond": "(mi.movie_id = t.id)",
                  "Plans": [
                    {
                      "Node Type": "Seq Scan",
                      "Parent Relationship": "Outer",
                      "Parallel Aware": true,
                      "Relation Name": "movie_info",
                      "Alias": "mi",
                      "Startup Cost": 0.0,
                      "Total Cost": 191685.19,
                      "Plan Rows": 2969219,
                      "Plan Width": 4,
                      "Actual Startup Time": 0.027,
                      "Actual Total Time": 316.852,
                      "Actual Rows": 2472620,
                      "Actual Loops": 6
                    },
                    {
                      "Node Type": "Hash",
                      "Parent Relationship": "Inner",
                      "Parallel Aware": true,
                      "Startup Cost": 380691.24,
                      "Total Cost": 380691.24,
                      "Plan Rows": 882030,
                      "Plan Width": 8,
                      "Actual Startup Time": 2201.013,
                      "Actual Total Time": 2201.018,
                      "Actual Rows": 1064550,
                      "Actual Loops": 6,
                      "Hash Buckets": 8388608,
                      "Original Hash Buckets": 8388608,
                      "Hash Batches": 1,
                      "Original Hash Batches": 1,
                      "Peak Memory Usage": 315488,
                      "Plans": [
                        {
                          "Node Type": "Hash Join",
                          "Parent Relationship": "Outer",
                          "Parallel Aware": true,
                          "Join Type": "Inner",
                          "Startup Cost": 47854.6,
                          "Total Cost": 380691.24,
                          "Plan Rows": 882030,
                          "Plan Width": 8,
                          "Actual Startup Time": 546.576,
                          "Actual Total Time": 1665.511,
                          "Actual Rows": 1064550,
                          "Actual Loops": 6,
                          "Inner Unique": true,
                          "Hash Cond": "(ci.movie_id = t.id)",
                          "Plans": [
                            {
                              "Node Type": "Seq Scan",
                              "Parent Relationship": "Outer",
                              "Parallel Aware": true,
                              "Relation Name": "cast_info",
                              "Alias": "ci",
                              "Startup Cost": 0.0,
                              "Total Cost": 328211.39,
                              "Plan Rows": 1761998,
                              "Plan Width": 4,
                              "Actual Startup Time": 344.532,
                              "Actual Total Time": 741.642,
                              "Actual Rows": 1740090,
                              "Actual Loops": 6,
                              "Filter": "(person_id > 2665761)",
                              "Rows Removed by Filter": 4300634
                            },
                            {
                              "Node Type": "Hash",
                              "Parent Relationship": "Inner",
                              "Parallel Aware": true,
                              "Startup Cost": 43899.32,
                              "Total Cost": 43899.32,
                              "Plan Rows": 316422,
                              "Plan Width": 4,
                              "Actual Startup Time": 199.757,
                              "Actual Total Time": 199.758,
                              "Actual Rows": 210049,
                              "Actual Loops": 6,
                              "Hash Buckets": 2097152,
                              "Original Hash Buckets": 2097152,
                              "Hash Batches": 1,
                              "Original Hash Batches": 1,
                              "Peak Memory Usage": 65760,
                              "Plans": [
                                {
                                  "Node Type": "Seq Scan",
                                  "Parent Relationship": "Outer",
                                  "Parallel Aware": true,
                                  "Relation Name": "title",
                                  "Alias": "t",
                                  "Startup Cost": 0.0,
                                  "Total Cost": 43899.32,
                                  "Plan Rows": 316422,
                                  "Plan Width": 4,
                                  "Actual Startup Time": 0.058,
                                  "Actual Total Time": 98.703,
                                  "Actual Rows": 210049,
                                  "Actual Loops": 6,
                                  "Filter": "(production_year > 2002)",
                                  "Rows Removed by Filter": 211336
                                }
                              ]
                            }
                          ]
                        }
                      ]
                    }
                  ]
                }
              ]
            }
          ]
        }
      ]
    },
    "Planning Time": 1.218,
    "Triggers": [],
    "Execution Time": 5924.313
  }
]