{
  "Plan": {
    "Node Type": "Aggregate",
    "Strategy": "Plain",
    "Partial Mode": "Finalize",
    "Parallel Aware": false,
    "Startup Cost": 95535.87,
    "Total Cost": 95535.88,
    "Plan Rows": 1,
    "Plan Width": 8,
    "Actual Startup Time": 570.312,
    "Actual Total Time": 585.534,
    "Actual Rows": 1,
    "Actual Loops": 1,
    "Plans": [
      {
        "Node Type": "Gather",
        "Parent Relationship": "Outer",
        "Parallel Aware": false,
        "Startup Cost": 95535.76,
        "Total Cost": 95535.87,
        "Plan Rows": 1,
        "Plan Width": 8,
        "Actual Startup Time": 568.623,
        "Actual Total Time": 585.525,
        "Actual Rows": 2,
        "Actual Loops": 1,
        "Workers Planned": 1,
        "Workers Launched": 1,
        "Single Copy": false,
        "Plans": [
          {
            "Node Type": "Aggregate",
            "Strategy": "Plain",
            "Partial Mode": "Partial",
            "Parent Relationship": "Outer",
            "Parallel Aware": false,
            "Startup Cost": 94535.76,
            "Total Cost": 94535.77,
            "Plan Rows": 1,
            "Plan Width": 8,
            "Actual Startup Time": 562.881,
            "Actual Total Time": 563.043,
            "Actual Rows": 1,
            "Actual Loops": 2,
            "Plans": [
              {
                "Node Type": "Hash Join",
                "Parent Relationship": "Outer",
                "Parallel Aware": true,
                "Join Type": "Inner",
                "Startup Cost": 33304.74,
                "Total Cost": 94217.97,
                "Plan Rows": 127114,
                "Plan Width": 0,
                "Actual Startup Time": 164.286,
                "Actual Total Time": 551.596,
                "Actual Rows": 216284,
                "Actual Loops": 2,
                "Inner Unique": false,
                "Hash Cond": "(t.id = mc.movie_id)",
                "Plans": [
                  {
                    "Node Type": "Seq Scan",
                    "Parent Relationship": "Outer",
                    "Parallel Aware": true,
                    "Relation Name": "title",
                    "Alias": "t",
                    "Startup Cost": 0.0,
                    "Total Cost": 50870.31,
                    "Plan Rows": 1487231,
                    "Plan Width": 4,
                    "Actual Startup Time": 0.012,
                    "Actual Total Time": 136.241,
                    "Actual Rows": 1264156,
                    "Actual Loops": 2
                  },
                  {
                    "Node Type": "Hash",
                    "Parent Relationship": "Inner",
                    "Parallel Aware": true,
                    "Startup Cost": 31715.81,
                    "Total Cost": 31715.81,
                    "Plan Rows": 127114,
                    "Plan Width": 4,
                    "Actual Startup Time": 143.961,
                    "Actual Total Time": 143.963,
                    "Actual Rows": 216284,
                    "Actual Loops": 2,
                    "Hash Buckets": 524288,
                    "Original Hash Buckets": 262144,
                    "Hash Batches": 1,
                    "Original Hash Batches": 1,
                    "Peak Memory Usage": 23104,
                    "Plans": [
                      {
                        "Node Type": "Bitmap Heap Scan",
                        "Parent Relationship": "Outer",
                        "Parallel Aware": true,
                        "Relation Name": "movie_companies",
                        "Alias": "mc",
                        "Startup Cost": 9170.48,
                        "Total Cost": 31715.81,
                        "Plan Rows": 127114,
                        "Plan Width": 4,
                        "Actual Startup Time": 39.965,
                        "Actual Total Time": 91.499,
                        "Actual Rows": 216284,
                        "Actual Loops": 2,
                        "Recheck Cond": "(company_id > 78883)",
                        "Rows Removed by Index Recheck": 0,
                        "Filter": "(company_type_id = 2)",
                        "Rows Removed by Filter": 0,
                        "Exact Heap Blocks": 4752,
                        "Lossy Heap Blocks": 0,
                        "Plans": [
                          {
                            "Node Type": "Bitmap Index Scan",
                            "Parent Relationship": "Outer",
                            "Parallel Aware": false,
                            "Index Name": "company_id_movie_companies",
                            "Startup Cost": 0.0,
                            "Total Cost": 9116.46,
                            "Plan Rows": 425604,
                            "Plan Width": 0,
                            "Actual Startup Time": 41.36,
                            "Actual Total Time": 41.36,
                            "Actual Rows": 432568,
                            "Actual Loops": 1,
                            "Index Cond": "(company_id > 78883)"
                          }
                        ]
                      }
                    ]
                  }
                ]
              }
            ]
          }
        ]
      }
    ]
  },
  "Planning Time": 0.74,
  "Triggers": [],
  "Execution Time": 585.627
}