{
  "Plan": {
    "Node Type": "Aggregate",
    "Strategy": "Plain",
    "Partial Mode": "Simple",
    "Parallel Aware": false,
    "Startup Cost": 3462679.12,
    "Total Cost": 3462679.13,
    "Plan Rows": 1,
    "Plan Width": 32,
    "Actual Startup Time": 245513.793,
    "Actual Total Time": 245622.462,
    "Actual Rows": 1,
    "Actual Loops": 1,
    "Plans": [
      {
        "Node Type": "Gather",
        "Parent Relationship": "Outer",
        "Parallel Aware": false,
        "Startup Cost": 3427084.08,
        "Total Cost": 3462679.11,
        "Plan Rows": 1,
        "Plan Width": 15,
        "Actual Startup Time": 244965.125,
        "Actual Total Time": 245621.196,
        "Actual Rows": 11538,
        "Actual Loops": 1,
        "Workers Planned": 1,
        "Workers Launched": 1,
        "Single Copy": false,
        "Plans": [
          {
            "Node Type": "Hash Join",
            "Parent Relationship": "Outer",
            "Parallel Aware": true,
            "Join Type": "Inner",
            "Startup Cost": 3426084.08,
            "Total Cost": 3461679.01,
            "Plan Rows": 1,
            "Plan Width": 15,
            "Actual Startup Time": 244952.382,
            "Actual Total Time": 245456.155,
            "Actual Rows": 5769,
            "Actual Loops": 2,
            "Inner Unique": true,
            "Hash Cond": "(ci.movie_id = t.id)",
            "Plans": [
              {
                "Node Type": "Hash Join",
                "Parent Relationship": "Outer",
                "Parallel Aware": false,
                "Join Type": "Inner",
                "Startup Cost": 3375863.22,
                "Total Cost": 3411458.15,
                "Plan Rows": 1,
                "Plan Width": 27,
                "Actual Startup Time": 244200.849,
                "Actual Total Time": 244693.728,
                "Actual Rows": 5769,
                "Actual Loops": 2,
                "Inner Unique": true,
                "Hash Cond": "(mk.keyword_id = k.id)",
                "Plans": [
                  {
                    "Node Type": "Hash Join",
                    "Parent Relationship": "Outer",
                    "Parallel Aware": true,
                    "Join Type": "Inner",
                    "Startup Cost": 3373237.08,
                    "Total Cost": 3408761.71,
                    "Plan Rows": 26783,
                    "Plan Width": 31,
                    "Actual Startup Time": 244189.084,
                    "Actual Total Time": 244588.723,
                    "Actual Rows": 1905232,
                    "Actual Loops": 2,
                    "Inner Unique": false,
                    "Hash Cond": "(cn.id = mc.company_id)",
                    "Plans": [
                      {
                        "Node Type": "Seq Scan",
                        "Parent Relationship": "Outer",
                        "Parallel Aware": true,
                        "Relation Name": "company_name",
                        "Alias": "cn",
                        "Startup Cost": 0.0,
                        "Total Cost": 4377.34,
                        "Plan Rows": 138234,
                        "Plan Width": 4,
                        "Actual Startup Time": 0.063,
                        "Actual Total Time": 19.491,
                        "Actual Rows": 117498,
                        "Actual Loops": 2
                      },
                      {
                        "Node Type": "Hash",
                        "Parent Relationship": "Inner",
                        "Parallel Aware": true,
                        "Startup Cost": 3373142.23,
                        "Total Cost": 3373142.23,
                        "Plan Rows": 7588,
                        "Plan Width": 35,
                        "Actual Startup Time": 244188.728,
                        "Actual Total Time": 244188.753,
                        "Actual Rows": 1905232,
                        "Actual Loops": 2,
                        "Hash Buckets": 4194304,
                        "Original Hash Buckets": 65536,
                        "Hash Batches": 1,
                        "Original Hash Batches": 1,
                        "Peak Memory Usage": 334208,
                        "Plans": [
                          {
                            "Node Type": "Hash Join",
                            "Parent Relationship": "Outer",
                            "Parallel Aware": true,
                            "Join Type": "Inner",
                            "Startup Cost": 163653.56,
                            "Total Cost": 3373142.23,
                            "Plan Rows": 7588,
                            "Plan Width": 35,
                            "Actual Startup Time": 2566.774,
                            "Actual Total Time": 243030.94,
                            "Actual Rows": 1905232,
                            "Actual Loops": 2,
                            "Inner Unique": true,
                            "Hash Cond": "(ci.person_id = n.id)",
                            "Plans": [
                              {
                                "Node Type": "Hash Join",
                                "Parent Relationship": "Outer",
                                "Parallel Aware": true,
                                "Join Type": "Inner",
                                "Startup Cost": 95016.21,
                                "Total Cost": 3105433.65,
                                "Plan Rows": 75836581,
                                "Plan Width": 24,
                                "Actual Startup Time": 1489.189,
                                "Actual Total Time": 163224.495,
                                "Actual Rows": 1550675272,
                                "Actual Loops": 2,
                                "Inner Unique": false,
                                "Hash Cond": "(ci.movie_id = mc.movie_id)",
                                "Plans": [
                                  {
                                    "Node Type": "Hash Join",
                                    "Parent Relationship": "Outer",
                                    "Parallel Aware": true,
                                    "Join Type": "Inner",
                                    "Startup Cost": 57288.97,
                                    "Total Cost": 2682128.74,
                                    "Plan Rows": 28188682,
                                    "Plan Width": 16,
                                    "Actual Startup Time": 832.0,
                                    "Actual Total Time": 20785.828,
                                    "Actual Rows": 107882738,
                                    "Actual Loops": 2,
                                    "Inner Unique": false,
                                    "Hash Cond": "(ci.movie_id = mk.movie_id)",
                                    "Plans": [
                                      {
                                        "Node Type": "Seq Scan",
                                        "Parent Relationship": "Outer",
                                        "Parallel Aware": true,
                                        "Relation Name": "cast_info",
                                        "Alias": "ci",
                                        "Startup Cost": 0.0,
                                        "Total Cost": 313116.71,
                                        "Plan Rows": 6042971,
                                        "Plan Width": 8,
                                        "Actual Startup Time": 0.013,
                                        "Actual Total Time": 1632.937,
                                        "Actual Rows": 18122172,
                                        "Actual Loops": 2
                                      },
                                      {
                                        "Node Type": "Hash",
                                        "Parent Relationship": "Inner",
                                        "Parallel Aware": true,
                                        "Startup Cost": 39047.32,
                                        "Total Cost": 39047.32,
                                        "Plan Rows": 1459332,
                                        "Plan Width": 8,
                                        "Actual Startup Time": 805.344,
                                        "Actual Total Time": 805.345,
                                        "Actual Rows": 2261965,
                                        "Actual Loops": 2,
                                        "Hash Buckets": 8388608,
                                        "Original Hash Buckets": 8388608,
                                        "Hash Batches": 1,
                                        "Original Hash Batches": 1,
                                        "Peak Memory Usage": 242560,
                                        "Plans": [
                                          {
                                            "Node Type": "Seq Scan",
                                            "Parent Relationship": "Outer",
                                            "Parallel Aware": true,
                                            "Relation Name": "movie_keyword",
                                            "Alias": "mk",
                                            "Startup Cost": 0.0,
                                            "Total Cost": 39047.32,
                                            "Plan Rows": 1459332,
                                            "Plan Width": 8,
                                            "Actual Startup Time": 0.059,
                                            "Actual Total Time": 287.767,
                                            "Actual Rows": 2261965,
                                            "Actual Loops": 2
                                          }
                                        ]
                                      }
                                    ]
                                  },
                                  {
                                    "Node Type": "Hash",
                                    "Parent Relationship": "Inner",
                                    "Parallel Aware": true,
                                    "Startup Cost": 27206.55,
                                    "Total Cost": 27206.55,
                                    "Plan Rows": 841655,
                                    "Plan Width": 8,
                                    "Actual Startup Time": 636.584,
                                    "Actual Total Time": 636.585,
                                    "Actual Rows": 1304564,
                                    "Actual Loops": 2,
                                    "Hash Buckets": 4194304,
                                    "Original Hash Buckets": 4194304,
                                    "Hash Batches": 1,
                                    "Original Hash Batches": 1,
                                    "Peak Memory Usage": 134848,
                                    "Plans": [
                                      {
                                        "Node Type": "Seq Scan",
                                        "Parent Relationship": "Outer",
                                        "Parallel Aware": true,
                                        "Relation Name": "movie_companies",
                                        "Alias": "mc",
                                        "Startup Cost": 0.0,
                                        "Total Cost": 27206.55,
                                        "Plan Rows": 841655,
                                        "Plan Width": 8,
                                        "Actual Startup Time": 0.08,
                                        "Actual Total Time": 201.759,
                                        "Actual Rows": 1304564,
                                        "Actual Loops": 2
                                      }
                                    ]
                                  }
                                ]
                              },
                              {
                                "Node Type": "Hash",
                                "Parent Relationship": "Inner",
                                "Parallel Aware": true,
                                "Startup Cost": 68636.05,
                                "Total Cost": 68636.05,
                                "Plan Rows": 104,
                                "Plan Width": 19,
                                "Actual Startup Time": 420.533,
                                "Actual Total Time": 420.534,
                                "Actual Rows": 2608,
                                "Actual Loops": 2,
                                "Hash Buckets": 8192,
                                "Original Hash Buckets": 1024,
                                "Hash Batches": 1,
                                "Original Hash Batches": 1,
                                "Peak Memory Usage": 440,
                                "Plans": [
                                  {
                                    "Node Type": "Seq Scan",
                                    "Parent Relationship": "Outer",
                                    "Parallel Aware": true,
                                    "Relation Name": "name",
                                    "Alias": "n",
                                    "Startup Cost": 0.0,
                                    "Total Cost": 68636.05,
                                    "Plan Rows": 104,
                                    "Plan Width": 19,
                                    "Actual Startup Time": 0.293,
                                    "Actual Total Time": 346.467,
                                    "Actual Rows": 2608,
                                    "Actual Loops": 2,
                                    "Filter": "(name ~~ '%Bert%'::text)",
                                    "Rows Removed by Filter": 2081138
                                  }
                                ]
                              }
                            ]
                          }
                        ]
                      }
                    ]
                  },
                  {
                    "Node Type": "Hash",
                    "Parent Relationship": "Inner",
                    "Parallel Aware": false,
                    "Startup Cost": 2626.12,
                    "Total Cost": 2626.12,
                    "Plan Rows": 1,
                    "Plan Width": 4,
                    "Actual Startup Time": 11.46,
                    "Actual Total Time": 11.461,
                    "Actual Rows": 1,
                    "Actual Loops": 2,
                    "Hash Buckets": 1024,
                    "Original Hash Buckets": 1024,
                    "Hash Batches": 1,
                    "Original Hash Batches": 1,
                    "Peak Memory Usage": 9,
                    "Plans": [
                      {
                        "Node Type": "Seq Scan",
                        "Parent Relationship": "Outer",
                        "Parallel Aware": false,
                        "Relation Name": "keyword",
                        "Alias": "k",
                        "Startup Cost": 0.0,
                        "Total Cost": 2626.12,
                        "Plan Rows": 1,
                        "Plan Width": 4,
                        "Actual Startup Time": 0.534,
                        "Actual Total Time": 11.452,
                        "Actual Rows": 1,
                        "Actual Loops": 2,
                        "Filter": "(keyword = 'character-name-in-title'::text)",
                        "Rows Removed by Filter": 134169
                      }
                    ]
                  }
                ]
              },
              {
                "Node Type": "Hash",
                "Parent Relationship": "Inner",
                "Parallel Aware": true,
                "Startup Cost": 42319.27,
                "Total Cost": 42319.27,
                "Plan Rows": 632127,
                "Plan Width": 4,
                "Actual Startup Time": 730.573,
                "Actual Total Time": 730.574,
                "Actual Rows": 1264156,
                "Actual Loops": 2,
                "Hash Buckets": 4194304,
                "Original Hash Buckets": 4194304,
                "Hash Batches": 1,
                "Original Hash Batches": 1,
                "Peak Memory Usage": 131712,
                "Plans": [
                  {
                    "Node Type": "Seq Scan",
                    "Parent Relationship": "Outer",
                    "Parallel Aware": true,
                    "Relation Name": "title",
                    "Alias": "t",
                    "Startup Cost": 0.0,
                    "Total Cost": 42319.27,
                    "Plan Rows": 632127,
                    "Plan Width": 4,
                    "Actual Startup Time": 0.081,
                    "Actual Total Time": 251.862,
                    "Actual Rows": 1264156,
                    "Actual Loops": 2
                  }
                ]
              }
            ]
          }
        ]
      }
    ]
  },
  "Planning Time": 10.752,
  "Triggers": [],
  "Execution Time": 245623.139
}