[
  {
    "Plan": {
      "Node Type": "Aggregate",
      "Strategy": "Plain",
      "Partial Mode": "Finalize",
      "Parallel Aware": false,
      "Startup Cost": 728497.25,
      "Total Cost": 728497.26,
      "Plan Rows": 1,
      "Plan Width": 128,
      "Actual Startup Time": 2074.55,
      "Actual Total Time": 2243.792,
      "Actual Rows": 1,
      "Actual Loops": 1,
      "Plans": [
        {
          "Node Type": "Gather",
          "Parent Relationship": "Outer",
          "Parallel Aware": false,
          "Startup Cost": 728496.8,
          "Total Cost": 728497.21,
          "Plan Rows": 4,
          "Plan Width": 128,
          "Actual Startup Time": 2074.338,
          "Actual Total Time": 2243.775,
          "Actual Rows": 5,
          "Actual Loops": 1,
          "Workers Planned": 4,
          "Workers Launched": 4,
          "Single Copy": false,
          "Plans": [
            {
              "Node Type": "Aggregate",
              "Strategy": "Plain",
              "Partial Mode": "Partial",
              "Parent Relationship": "Outer",
              "Parallel Aware": false,
              "Startup Cost": 727496.8,
              "Total Cost": 727496.81,
              "Plan Rows": 1,
              "Plan Width": 128,
              "Actual Startup Time": 2063.684,
              "Actual Total Time": 2063.708,
              "Actual Rows": 1,
              "Actual Loops": 5,
              "Plans": [
                {
                  "Node Type": "Hash Join",
                  "Parent Relationship": "Outer",
                  "Parallel Aware": true,
                  "Join Type": "Inner",
                  "Startup Cost": 657206.29,
                  "Total Cost": 727496.79,
                  "Plan Rows": 1,
                  "Plan Width": 81,
                  "Actual Startup Time": 2047.964,
                  "Actual Total Time": 2063.699,
                  "Actual Rows": 0,
                  "Actual Loops": 5,
                  "Inner Unique": false,
                  "Hash Cond": "(n.id = ci.person_id)",
                  "Plans": [
                    {
                      "Node Type": "Seq Scan",
                      "Parent Relationship": "Outer",
                      "Parallel Aware": true,
                      "Relation Name": "name",
                      "Alias": "n",
                      "Startup Cost": 0.0,
                      "Total Cost": 68635.58,
                      "Plan Rows": 441309,
                      "Plan Width": 19,
                      "Actual Startup Time": 0.023,
                      "Actual Total Time": 142.014,
                      "Actual Rows": 347916,
                      "Actual Loops": 5,
                      "Filter": "((gender)::text = 'm'::text)",
                      "Rows Removed by Filter": 485582
                    },
                    {
                      "Node Type": "Hash",
                      "Parent Relationship": "Inner",
                      "Parallel Aware": true,
                      "Startup Cost": 657206.27,
                      "Total Cost": 657206.27,
                      "Plan Rows": 1,
                      "Plan Width": 70,
                      "Actual Startup Time": 1899.528,
                      "Actual Total Time": 1899.549,
                      "Actual Rows": 0,
                      "Actual Loops": 5,
                      "Hash Buckets": 1024,
                      "Original Hash Buckets": 1024,
                      "Hash Batches": 1,
                      "Original Hash Batches": 1,
                      "Peak Memory Usage": 40,
                      "Plans": [
                        {
                          "Node Type": "Hash Join",
                          "Parent Relationship": "Outer",
                          "Parallel Aware": true,
                          "Join Type": "Inner",
                          "Startup Cost": 458094.97,
                          "Total Cost": 657206.27,
                          "Plan Rows": 1,
                          "Plan Width": 70,
                          "Actual Startup Time": 1891.346,
                          "Actual Total Time": 1899.446,
                          "Actual Rows": 0,
                          "Actual Loops": 5,
                          "Inner Unique": false,
                          "Hash Cond": "(mi.movie_id = t.id)",
                          "Plans": [
                            {
                              "Node Type": "Hash Join",
                              "Parent Relationship": "Outer",
                              "Parallel Aware": false,
                              "Join Type": "Inner",
                              "Startup Cost": 2.43,
                              "Total Cost": 199113.47,
                              "Plan Rows": 67,
                              "Plan Width": 47,
                              "Actual Startup Time": 392.507,
                              "Actual Total Time": 432.21,
                              "Actual Rows": 7812,
                              "Actual Loops": 5,
                              "Inner Unique": true,
                              "Hash Cond": "(mi.info_type_id = it1.id)",
                              "Plans": [
                                {
                                  "Node Type": "Seq Scan",
                                  "Parent Relationship": "Outer",
                                  "Parallel Aware": true,
                                  "Relation Name": "movie_info",
                                  "Alias": "mi",
                                  "Startup Cost": 0.0,
                                  "Total Cost": 199090.3,
                                  "Plan Rows": 7617,
                                  "Plan Width": 51,
                                  "Actual Startup Time": 370.757,
                                  "Actual Total Time": 430.684,
                                  "Actual Rows": 7812,
                                  "Actual Loops": 5,
                                  "Filter": "(info = 'Family'::text)",
                                  "Rows Removed by Filter": 2959332
                                },
                                {
                                  "Node Type": "Hash",
                                  "Parent Relationship": "Inner",
                                  "Parallel Aware": false,
                                  "Startup Cost": 2.41,
                                  "Total Cost": 2.41,
                                  "Plan Rows": 1,
                                  "Plan Width": 4,
                                  "Actual Startup Time": 0.029,
                                  "Actual Total Time": 0.03,
                                  "Actual Rows": 1,
                                  "Actual Loops": 5,
                                  "Hash Buckets": 1024,
                                  "Original Hash Buckets": 1024,
                                  "Hash Batches": 1,
                                  "Original Hash Batches": 1,
                                  "Peak Memory Usage": 9,
                                  "Plans": [
                                    {
                                      "Node Type": "Seq Scan",
                                      "Parent Relationship": "Outer",
                                      "Parallel Aware": false,
                                      "Relation Name": "info_type",
                                      "Alias": "it1",
                                      "Startup Cost": 0.0,
                                      "Total Cost": 2.41,
                                      "Plan Rows": 1,
                                      "Plan Width": 4,
                                      "Actual Startup Time": 0.015,
                                      "Actual Total Time": 0.022,
                                      "Actual Rows": 1,
                                      "Actual Loops": 5,
                                      "Filter": "((info)::text = 'genres'::text)",
                                      "Rows Removed by Filter": 112
                                    }
                                  ]
                                }
                              ]
                            },
                            {
                              "Node Type": "Hash",
                              "Parent Relationship": "Inner",
                              "Parallel Aware": true,
                              "Startup Cost": 458092.53,
                              "Total Cost": 458092.53,
                              "Plan Rows": 1,
                              "Plan Width": 43,
                              "Actual Startup Time": 1466.504,
                              "Actual Total Time": 1466.519,
                              "Actual Rows": 1,
                              "Actual Loops": 5,
                              "Hash Buckets": 1024,
                              "Original Hash Buckets": 1024,
                              "Hash Batches": 1,
                              "Original Hash Batches": 1,
                              "Peak Memory Usage": 40,
                              "Plans": [
                                {
                                  "Node Type": "Hash Join",
                                  "Parent Relationship": "Outer",
                                  "Parallel Aware": true,
                                  "Join Type": "Inner",
                                  "Startup Cost": 442822.26,
                                  "Total Cost": 458092.53,
                                  "Plan Rows": 1,
                                  "Plan Width": 43,
                                  "Actual Startup Time": 1452.994,
                                  "Actual Total Time": 1466.458,
                                  "Actual Rows": 1,
                                  "Actual Loops": 5,
                                  "Inner Unique": false,
                                  "Hash Cond": "(mi_idx.movie_id = t.id)",
                                  "Plans": [
                                    {
                                      "Node Type": "Hash Join",
                                      "Parent Relationship": "Outer",
                                      "Parallel Aware": false,
                                      "Join Type": "Inner",
                                      "Startup Cost": 2.43,
                                      "Total Cost": 15253.6,
                                      "Plan Rows": 5089,
                                      "Plan Width": 10,
                                      "Actual Startup Time": 0.124,
                                      "Actual Total Time": 61.728,
                                      "Actual Rows": 91985,
                                      "Actual Loops": 5,
                                      "Inner Unique": true,
                                      "Hash Cond": "(mi_idx.info_type_id = it2.id)",
                                      "Plans": [
                                        {
                                          "Node Type": "Seq Scan",
                                          "Parent Relationship": "Outer",
                                          "Parallel Aware": true,
                                          "Relation Name": "movie_info_idx",
                                          "Alias": "mi_idx",
                                          "Startup Cost": 0.0,
                                          "Total Cost": 13685.15,
                                          "Plan Rows": 575015,
                                          "Plan Width": 14,
                                          "Actual Startup Time": 0.022,
                                          "Actual Total Time": 30.501,
                                          "Actual Rows": 276007,
                                          "Actual Loops": 5
                                        },
                                        {
                                          "Node Type": "Hash",
                                          "Parent Relationship": "Inner",
                                          "Parallel Aware": false,
                                          "Startup Cost": 2.41,
                                          "Total Cost": 2.41,
                                          "Plan Rows": 1,
                                          "Plan Width": 4,
                                          "Actual Startup Time": 0.063,
                                          "Actual Total Time": 0.064,
                                          "Actual Rows": 1,
                                          "Actual Loops": 5,
                                          "Hash Buckets": 1024,
                                          "Original Hash Buckets": 1024,
                                          "Hash Batches": 1,
                                          "Original Hash Batches": 1,
                                          "Peak Memory Usage": 9,
                                          "Plans": [
                                            {
                                              "Node Type": "Seq Scan",
                                              "Parent Relationship": "Outer",
                                              "Parallel Aware": false,
                                              "Relation Name": "info_type",
                                              "Alias": "it2",
                                              "Startup Cost": 0.0,
                                              "Total Cost": 2.41,
                                              "Plan Rows": 1,
                                              "Plan Width": 4,
                                              "Actual Startup Time": 0.05,
                                              "Actual Total Time": 0.052,
                                              "Actual Rows": 1,
                                              "Actual Loops": 5,
                                              "Filter": "((info)::text = 'votes'::text)",
                                              "Rows Removed by Filter": 112
                                            }
                                          ]
                                        }
                                      ]
                                    },
                                    {
                                      "Node Type": "Hash",
                                      "Parent Relationship": "Inner",
                                      "Parallel Aware": true,
                                      "Startup Cost": 442819.82,
                                      "Total Cost": 442819.82,
                                      "Plan Rows": 1,
                                      "Plan Width": 33,
                                      "Actual Startup Time": 1398.932,
                                      "Actual Total Time": 1398.941,
                                      "Actual Rows": 1,
                                      "Actual Loops": 5,
                                      "Hash Buckets": 1024,
                                      "Original Hash Buckets": 1024,
                                      "Hash Batches": 1,
                                      "Original Hash Batches": 1,
                                      "Peak Memory Usage": 72,
                                      "Plans": [
                                        {
                                          "Node Type": "Hash Join",
                                          "Parent Relationship": "Outer",
                                          "Parallel Aware": true,
                                          "Join Type": "Inner",
                                          "Startup Cost": 399941.42,
                                          "Total Cost": 442819.82,
                                          "Plan Rows": 1,
                                          "Plan Width": 33,
                                          "Actual Startup Time": 1338.529,
                                          "Actual Total Time": 1398.857,
                                          "Actual Rows": 1,
                                          "Actual Loops": 5,
                                          "Inner Unique": false,
                                          "Hash Cond": "(mk.movie_id = t.id)",
                                          "Plans": [
                                            {
                                              "Node Type": "Hash Join",
                                              "Parent Relationship": "Outer",
                                              "Parallel Aware": false,
                                              "Join Type": "Inner",
                                              "Startup Cost": 3129.33,
                                              "Total Cost": 46007.52,
                                              "Plan Rows": 55,
                                              "Plan Width": 4,
                                              "Actual Startup Time": 22.999,
                                              "Actual Total Time": 186.935,
                                              "Actual Rows": 7627,
                                              "Actual Loops": 5,
                                              "Inner Unique": true,
                                              "Hash Cond": "(mk.keyword_id = k.id)",
                                              "Plans": [
                                                {
                                                  "Node Type": "Seq Scan",
                                                  "Parent Relationship": "Outer",
                                                  "Parallel Aware": true,
                                                  "Relation Name": "movie_keyword",
                                                  "Alias": "mk",
                                                  "Startup Cost": 0.0,
                                                  "Total Cost": 39047.32,
                                                  "Plan Rows": 1459332,
                                                  "Plan Width": 8,
                                                  "Actual Startup Time": 0.038,
                                                  "Actual Total Time": 97.108,
                                                  "Actual Rows": 904786,
                                                  "Actual Loops": 5
                                                },
                                                {
                                                  "Node Type": "Hash",
                                                  "Parent Relationship": "Inner",
                                                  "Parallel Aware": false,
                                                  "Startup Cost": 3129.26,
                                                  "Total Cost": 3129.26,
                                                  "Plan Rows": 5,
                                                  "Plan Width": 4,
                                                  "Actual Startup Time": 22.854,
                                                  "Actual Total Time": 22.856,
                                                  "Actual Rows": 5,
                                                  "Actual Loops": 5,
                                                  "Hash Buckets": 1024,
                                                  "Original Hash Buckets": 1024,
                                                  "Hash Batches": 1,
                                                  "Original Hash Batches": 1,
                                                  "Peak Memory Usage": 9,
                                                  "Plans": [
                                                    {
                                                      "Node Type": "Seq Scan",
                                                      "Parent Relationship": "Outer",
                                                      "Parallel Aware": false,
                                                      "Relation Name": "keyword",
                                                      "Alias": "k",
                                                      "Startup Cost": 0.0,
                                                      "Total Cost": 3129.26,
                                                      "Plan Rows": 5,
                                                      "Plan Width": 4,
                                                      "Actual Startup Time": 0.531,
                                                      "Actual Total Time": 22.842,
                                                      "Actual Rows": 5,
                                                      "Actual Loops": 5,
                                                      "Filter": "(keyword = ANY ('{female-nudity,\"10,000-mile-club\",blood,superhero,dog}'::text[]))",
                                                      "Rows Removed by Filter": 134165
                                                    }
                                                  ]
                                                }
                                              ]
                                            },
                                            {
                                              "Node Type": "Hash",
                                              "Parent Relationship": "Inner",
                                              "Parallel Aware": true,
                                              "Startup Cost": 396811.95,
                                              "Total Cost": 396811.95,
                                              "Plan Rows": 11,
                                              "Plan Width": 29,
                                              "Actual Startup Time": 1210.841,
                                              "Actual Total Time": 1210.845,
                                              "Actual Rows": 31,
                                              "Actual Loops": 5,
                                              "Hash Buckets": 1024,
                                              "Original Hash Buckets": 1024,
                                              "Hash Batches": 1,
                                              "Original Hash Batches": 1,
                                              "Peak Memory Usage": 168,
                                              "Plans": [
                                                {
                                                  "Node Type": "Hash Join",
                                                  "Parent Relationship": "Outer",
                                                  "Parallel Aware": true,
                                                  "Join Type": "Inner",
                                                  "Startup Cost": 45479.19,
                                                  "Total Cost": 396811.95,
                                                  "Plan Rows": 11,
                                                  "Plan Width": 29,
                                                  "Actual Startup Time": 811.67,
                                                  "Actual Total Time": 1210.701,
                                                  "Actual Rows": 31,
                                                  "Actual Loops": 5,
                                                  "Inner Unique": true,
                                                  "Hash Cond": "(ci.movie_id = t.id)",
                                                  "Plans": [
                                                    {
                                                      "Node Type": "Seq Scan",
                                                      "Parent Relationship": "Outer",
                                                      "Parallel Aware": true,
                                                      "Relation Name": "cast_info",
                                                      "Alias": "ci",
                                                      "Startup Cost": 0.0,
                                                      "Total Cost": 350807.07,
                                                      "Plan Rows": 200266,
                                                      "Plan Width": 8,
                                                      "Actual Startup Time": 85.618,
                                                      "Actual Total Time": 1067.987,
                                                      "Actual Rows": 248943,
                                                      "Actual Loops": 5,
                                                      "Filter": "(note = ANY ('{(writer),\"(head writer)\",\"(written by)\",(story),\"(story editor)\"}'::text[]))",
                                                      "Rows Removed by Filter": 6999926
                                                    },
                                                    {
                                                      "Node Type": "Hash",
                                                      "Parent Relationship": "Inner",
                                                      "Parallel Aware": true,
                                                      "Startup Cost": 45478.74,
                                                      "Total Cost": 45478.74,
                                                      "Plan Rows": 36,
                                                      "Plan Width": 21,
                                                      "Actual Startup Time": 122.094,
                                                      "Actual Total Time": 122.095,
                                                      "Actual Rows": 93,
                                                      "Actual Loops": 5,
                                                      "Hash Buckets": 1024,
                                                      "Original Hash Buckets": 1024,
                                                      "Hash Batches": 1,
                                                      "Original Hash Batches": 1,
                                                      "Peak Memory Usage": 168,
                                                      "Plans": [
                                                        {
                                                          "Node Type": "Seq Scan",
                                                          "Parent Relationship": "Outer",
                                                          "Parallel Aware": true,
                                                          "Relation Name": "title",
                                                          "Alias": "t",
                                                          "Startup Cost": 0.0,
                                                          "Total Cost": 45478.74,
                                                          "Plan Rows": 36,
                                                          "Plan Width": 21,
                                                          "Actual Startup Time": 0.496,
                                                          "Actual Total Time": 121.886,
                                                          "Actual Rows": 93,
                                                          "Actual Loops": 5,
                                                          "Filter": "((title ~~ '100%'::text) AND (production_year > 1997))",
                                                          "Rows Removed by Filter": 505569
                                                        }
                                                      ]
                                                    }
                                                  ]
                                                }
                                              ]
                                            }
                                          ]
                                        }
                                      ]
                                    }
                                  ]
                                }
                              ]
                            }
                          ]
                        }
                      ]
                    }
                  ]
                }
              ]
            }
          ]
        }
      ]
    },
    "Planning Time": 12.835,
    "Triggers": [],
    "Execution Time": 2244.24
  }
]