[
  {
    "Plan": {
      "Node Type": "Aggregate",
      "Strategy": "Plain",
      "Partial Mode": "Finalize",
      "Parallel Aware": false,
      "Startup Cost": 168547.01,
      "Total Cost": 168547.02,
      "Plan Rows": 1,
      "Plan Width": 8,
      "Actual Startup Time": 1328.452,
      "Actual Total Time": 1387.031,
      "Actual Rows": 1,
      "Actual Loops": 1,
      "Plans": [
        {
          "Node Type": "Gather",
          "Parent Relationship": "Outer",
          "Parallel Aware": false,
          "Startup Cost": 168546.59,
          "Total Cost": 168547.0,
          "Plan Rows": 4,
          "Plan Width": 8,
          "Actual Startup Time": 1325.15,
          "Actual Total Time": 1387.021,
          "Actual Rows": 5,
          "Actual Loops": 1,
          "Workers Planned": 4,
          "Workers Launched": 4,
          "Single Copy": false,
          "Plans": [
            {
              "Node Type": "Aggregate",
              "Strategy": "Plain",
              "Partial Mode": "Partial",
              "Parent Relationship": "Outer",
              "Parallel Aware": false,
              "Startup Cost": 167546.59,
              "Total Cost": 167546.6,
              "Plan Rows": 1,
              "Plan Width": 8,
              "Actual Startup Time": 1314.715,
              "Actual Total Time": 1314.771,
              "Actual Rows": 1,
              "Actual Loops": 5,
              "Plans": [
                {
                  "Node Type": "Nested Loop",
                  "Parent Relationship": "Outer",
                  "Parallel Aware": false,
                  "Join Type": "Inner",
                  "Startup Cost": 31061.33,
                  "Total Cost": 167477.36,
                  "Plan Rows": 27693,
                  "Plan Width": 0,
                  "Actual Startup Time": 129.191,
                  "Actual Total Time": 1307.899,
                  "Actual Rows": 86997,
                  "Actual Loops": 5,
                  "Inner Unique": false,
                  "Plans": [
                    {
                      "Node Type": "Hash Join",
                      "Parent Relationship": "Outer",
                      "Parallel Aware": true,
                      "Join Type": "Inner",
                      "Startup Cost": 31060.89,
                      "Total Cost": 76716.68,
                      "Plan Rows": 54773,
                      "Plan Width": 8,
                      "Actual Startup Time": 129.095,
                      "Actual Total Time": 359.772,
                      "Actual Rows": 87990,
                      "Actual Loops": 5,
                      "Inner Unique": false,
                      "Hash Cond": "(t.id = mc.movie_id)",
                      "Plans": [
                        {
                          "Node Type": "Seq Scan",
                          "Parent Relationship": "Outer",
                          "Parallel Aware": true,
                          "Relation Name": "title",
                          "Alias": "t",
                          "Startup Cost": 0.0,
                          "Total Cost": 42318.73,
                          "Plan Rows": 632073,
                          "Plan Width": 4,
                          "Actual Startup Time": 0.015,
                          "Actual Total Time": 69.407,
                          "Actual Rows": 505662,
                          "Actual Loops": 5
                        },
                        {
                          "Node Type": "Hash",
                          "Parent Relationship": "Inner",
                          "Parallel Aware": true,
                          "Startup Cost": 30177.45,
                          "Total Cost": 30177.45,
                          "Plan Rows": 70675,
                          "Plan Width": 4,
                          "Actual Startup Time": 112.244,
                          "Actual Total Time": 112.245,
                          "Actual Rows": 87990,
                          "Actual Loops": 5,
                          "Hash Buckets": 524288,
                          "Original Hash Buckets": 262144,
                          "Hash Batches": 1,
                          "Original Hash Batches": 1,
                          "Peak Memory Usage": 23456,
                          "Plans": [
                            {
                              "Node Type": "Bitmap Heap Scan",
                              "Parent Relationship": "Outer",
                              "Parallel Aware": true,
                              "Relation Name": "movie_companies",
                              "Alias": "mc",
                              "Startup Cost": 9299.51,
                              "Total Cost": 30177.45,
                              "Plan Rows": 70675,
                              "Plan Width": 4,
                              "Actual Startup Time": 38.161,
                              "Actual Total Time": 74.463,
                              "Actual Rows": 87990,
                              "Actual Loops": 5,
                              "Recheck Cond": "(company_id > 78276)",
                              "Rows Removed by Index Recheck": 0,
                              "Filter": "(company_type_id > 1)",
                              "Rows Removed by Filter": 0,
                              "Exact Heap Blocks": 2551,
                              "Lossy Heap Blocks": 0,
                              "Plans": [
                                {
                                  "Node Type": "Bitmap Index Scan",
                                  "Parent Relationship": "Outer",
                                  "Parallel Aware": false,
                                  "Index Name": "company_id_movie_companies",
                                  "Startup Cost": 0.0,
                                  "Total Cost": 9244.74,
                                  "Plan Rows": 431508,
                                  "Plan Width": 0,
                                  "Actual Startup Time": 40.699,
                                  "Actual Total Time": 40.7,
                                  "Actual Rows": 439951,
                                  "Actual Loops": 1,
                                  "Index Cond": "(company_id > 78276)"
                                }
                              ]
                            }
                          ]
                        }
                      ]
                    },
                    {
                      "Node Type": "Index Scan",
                      "Parent Relationship": "Inner",
                      "Parallel Aware": false,
                      "Scan Direction": "Forward",
                      "Index Name": "movie_id_movie_info",
                      "Relation Name": "movie_info",
                      "Alias": "mi",
                      "Startup Cost": 0.43,
                      "Total Cost": 1.62,
                      "Plan Rows": 4,
                      "Plan Width": 4,
                      "Actual Startup Time": 0.004,
                      "Actual Total Time": 0.01,
                      "Actual Rows": 1,
                      "Actual Loops": 439951,
                      "Index Cond": "(movie_id = t.id)",
                      "Rows Removed by Index Recheck": 0,
                      "Filter": "(info_type_id = 4)",
                      "Rows Removed by Filter": 16
                    }
                  ]
                }
              ]
            }
          ]
        }
      ]
    },
    "Planning Time": 1.496,
    "Triggers": [],
    "Execution Time": 1387.17
  }
]