[
  {
    "Plan": {
      "Node Type": "Aggregate",
      "Strategy": "Plain",
      "Partial Mode": "Finalize",
      "Parallel Aware": false,
      "Startup Cost": 76323.43,
      "Total Cost": 76323.44,
      "Plan Rows": 1,
      "Plan Width": 8,
      "Actual Startup Time": 185.907,
      "Actual Total Time": 200.584,
      "Actual Rows": 1,
      "Actual Loops": 1,
      "Plans": [
        {
          "Node Type": "Gather",
          "Parent Relationship": "Outer",
          "Parallel Aware": false,
          "Startup Cost": 76323.12,
          "Total Cost": 76323.43,
          "Plan Rows": 3,
          "Plan Width": 8,
          "Actual Startup Time": 185.391,
          "Actual Total Time": 200.576,
          "Actual Rows": 4,
          "Actual Loops": 1,
          "Workers Planned": 3,
          "Workers Launched": 3,
          "Single Copy": false,
          "Plans": [
            {
              "Node Type": "Aggregate",
              "Strategy": "Plain",
              "Partial Mode": "Partial",
              "Parent Relationship": "Outer",
              "Parallel Aware": false,
              "Startup Cost": 75323.12,
              "Total Cost": 75323.13,
              "Plan Rows": 1,
              "Plan Width": 8,
              "Actual Startup Time": 176.214,
              "Actual Total Time": 176.217,
              "Actual Rows": 1,
              "Actual Loops": 4,
              "Plans": [
                {
                  "Node Type": "Hash Join",
                  "Parent Relationship": "Outer",
                  "Parallel Aware": true,
                  "Join Type": "Inner",
                  "Startup Cost": 54407.66,
                  "Total Cost": 75318.33,
                  "Plan Rows": 1915,
                  "Plan Width": 0,
                  "Actual Startup Time": 126.7,
                  "Actual Total Time": 176.086,
                  "Actual Rows": 1885,
                  "Actual Loops": 4,
                  "Inner Unique": true,
                  "Hash Cond": "(mc.movie_id = t.id)",
                  "Plans": [
                    {
                      "Node Type": "Bitmap Heap Scan",
                      "Parent Relationship": "Outer",
                      "Parallel Aware": true,
                      "Relation Name": "movie_companies",
                      "Alias": "mc",
                      "Startup Cost": 8692.42,
                      "Total Cost": 29434.89,
                      "Plan Rows": 64076,
                      "Plan Width": 4,
                      "Actual Startup Time": 23.129,
                      "Actual Total Time": 59.756,
                      "Actual Rows": 76803,
                      "Actual Loops": 4,
                      "Recheck Cond": "(company_id < 253)",
                      "Rows Removed by Index Recheck": 0,
                      "Filter": "(company_type_id = 1)",
                      "Rows Removed by Filter": 23550,
                      "Exact Heap Blocks": 7437,
                      "Lossy Heap Blocks": 0,
                      "Plans": [
                        {
                          "Node Type": "Bitmap Index Scan",
                          "Parent Relationship": "Outer",
                          "Parallel Aware": false,
                          "Index Name": "company_id_movie_companies",
                          "Startup Cost": 0.0,
                          "Total Cost": 8642.76,
                          "Plan Rows": 403511,
                          "Plan Width": 0,
                          "Actual Startup Time": 20.324,
                          "Actual Total Time": 20.324,
                          "Actual Rows": 401412,
                          "Actual Loops": 1,
                          "Index Cond": "(company_id < 253)"
                        }
                      ]
                    },
                    {
                      "Node Type": "Hash",
                      "Parent Relationship": "Inner",
                      "Parallel Aware": true,
                      "Startup Cost": 45479.1,
                      "Total Cost": 45479.1,
                      "Plan Rows": 18891,
                      "Plan Width": 4,
                      "Actual Startup Time": 101.536,
                      "Actual Total Time": 101.537,
                      "Actual Rows": 21019,
                      "Actual Loops": 4,
                      "Hash Buckets": 131072,
                      "Original Hash Buckets": 131072,
                      "Hash Batches": 1,
                      "Original Hash Batches": 1,
                      "Peak Memory Usage": 4384,
                      "Plans": [
                        {
                          "Node Type": "Seq Scan",
                          "Parent Relationship": "Outer",
                          "Parallel Aware": true,
                          "Relation Name": "title",
                          "Alias": "t",
                          "Startup Cost": 0.0,
                          "Total Cost": 45479.1,
                          "Plan Rows": 18891,
                          "Plan Width": 4,
                          "Actual Startup Time": 0.053,
                          "Actual Total Time": 93.578,
                          "Actual Rows": 21019,
                          "Actual Loops": 4,
                          "Filter": "((kind_id = 7) AND (production_year = 2007))",
                          "Rows Removed by Filter": 611059
                        }
                      ]
                    }
                  ]
                }
              ]
            }
          ]
        }
      ]
    },
    "Planning Time": 0.692,
    "Triggers": [],
    "Execution Time": 200.677
  }
]