[
  {
    "Plan": {
      "Node Type": "Aggregate",
      "Strategy": "Plain",
      "Partial Mode": "Finalize",
      "Parallel Aware": false,
      "Startup Cost": 405286.83,
      "Total Cost": 405286.84,
      "Plan Rows": 1,
      "Plan Width": 8,
      "Actual Startup Time": 1806.616,
      "Actual Total Time": 1860.905,
      "Actual Rows": 1,
      "Actual Loops": 1,
      "Plans": [
        {
          "Node Type": "Gather",
          "Parent Relationship": "Outer",
          "Parallel Aware": false,
          "Startup Cost": 405286.2,
          "Total Cost": 405286.81,
          "Plan Rows": 6,
          "Plan Width": 8,
          "Actual Startup Time": 1794.088,
          "Actual Total Time": 1860.892,
          "Actual Rows": 7,
          "Actual Loops": 1,
          "Workers Planned": 6,
          "Workers Launched": 6,
          "Single Copy": false,
          "Plans": [
            {
              "Node Type": "Aggregate",
              "Strategy": "Plain",
              "Partial Mode": "Partial",
              "Parent Relationship": "Outer",
              "Parallel Aware": false,
              "Startup Cost": 404286.2,
              "Total Cost": 404286.21,
              "Plan Rows": 1,
              "Plan Width": 8,
              "Actual Startup Time": 1779.448,
              "Actual Total Time": 1779.454,
              "Actual Rows": 1,
              "Actual Loops": 7,
              "Plans": [
                {
                  "Node Type": "Hash Join",
                  "Parent Relationship": "Outer",
                  "Parallel Aware": true,
                  "Join Type": "Inner",
                  "Startup Cost": 48747.52,
                  "Total Cost": 399778.14,
                  "Plan Rows": 1803226,
                  "Plan Width": 0,
                  "Actual Startup Time": 434.199,
                  "Actual Total Time": 1718.623,
                  "Actual Rows": 1225463,
                  "Actual Loops": 7,
                  "Inner Unique": true,
                  "Hash Cond": "(ci.movie_id = t.id)",
                  "Plans": [
                    {
                      "Node Type": "Seq Scan",
                      "Parent Relationship": "Outer",
                      "Parallel Aware": true,
                      "Relation Name": "cast_info",
                      "Alias": "ci",
                      "Startup Cost": 0.0,
                      "Total Cost": 343316.27,
                      "Plan Rows": 2938794,
                      "Plan Width": 4,
                      "Actual Startup Time": 224.125,
                      "Actual Total Time": 711.729,
                      "Actual Rows": 2082717,
                      "Actual Loops": 7,
                      "Filter": "((person_id < 2797143) AND (role_id > 1))",
                      "Rows Removed by Filter": 3095046
                    },
                    {
                      "Node Type": "Hash",
                      "Parent Relationship": "Inner",
                      "Parallel Aware": true,
                      "Startup Cost": 43899.32,
                      "Total Cost": 43899.32,
                      "Plan Rows": 387856,
                      "Plan Width": 4,
                      "Actual Startup Time": 205.149,
                      "Actual Total Time": 205.15,
                      "Actual Rows": 221675,
                      "Actual Loops": 7,
                      "Hash Buckets": 2097152,
                      "Original Hash Buckets": 2097152,
                      "Hash Batches": 1,
                      "Original Hash Batches": 1,
                      "Peak Memory Usage": 77184,
                      "Plans": [
                        {
                          "Node Type": "Seq Scan",
                          "Parent Relationship": "Outer",
                          "Parallel Aware": true,
                          "Relation Name": "title",
                          "Alias": "t",
                          "Startup Cost": 0.0,
                          "Total Cost": 43899.32,
                          "Plan Rows": 387856,
                          "Plan Width": 4,
                          "Actual Startup Time": 0.04,
                          "Actual Total Time": 86.623,
                          "Actual Rows": 221675,
                          "Actual Loops": 7,
                          "Filter": "(production_year < 2007)",
                          "Rows Removed by Filter": 139512
                        }
                      ]
                    }
                  ]
                }
              ]
            }
          ]
        }
      ]
    },
    "Planning Time": 0.631,
    "Triggers": [],
    "Execution Time": 1860.984
  }
]