[
  {
    "Plan": {
      "Node Type": "Aggregate",
      "Strategy": "Plain",
      "Partial Mode": "Finalize",
      "Parallel Aware": false,
      "Startup Cost": 35361.23,
      "Total Cost": 35361.24,
      "Plan Rows": 1,
      "Plan Width": 8,
      "Actual Startup Time": 129.324,
      "Actual Total Time": 140.179,
      "Actual Rows": 1,
      "Actual Loops": 1,
      "Plans": [
        {
          "Node Type": "Gather",
          "Parent Relationship": "Outer",
          "Parallel Aware": false,
          "Startup Cost": 35360.91,
          "Total Cost": 35361.22,
          "Plan Rows": 3,
          "Plan Width": 8,
          "Actual Startup Time": 128.808,
          "Actual Total Time": 140.166,
          "Actual Rows": 4,
          "Actual Loops": 1,
          "Workers Planned": 3,
          "Workers Launched": 3,
          "Single Copy": false,
          "Plans": [
            {
              "Node Type": "Aggregate",
              "Strategy": "Plain",
              "Partial Mode": "Partial",
              "Parent Relationship": "Outer",
              "Parallel Aware": false,
              "Startup Cost": 34360.91,
              "Total Cost": 34360.92,
              "Plan Rows": 1,
              "Plan Width": 8,
              "Actual Startup Time": 123.909,
              "Actual Total Time": 123.911,
              "Actual Rows": 1,
              "Actual Loops": 4,
              "Plans": [
                {
                  "Node Type": "Bitmap Heap Scan",
                  "Parent Relationship": "Outer",
                  "Parallel Aware": true,
                  "Relation Name": "movie_keyword",
                  "Alias": "mk",
                  "Startup Cost": 8067.14,
                  "Total Cost": 34054.28,
                  "Plan Rows": 122652,
                  "Plan Width": 0,
                  "Actual Startup Time": 43.124,
                  "Actual Total Time": 117.306,
                  "Actual Rows": 95263,
                  "Actual Loops": 4,
                  "Recheck Cond": "(keyword_id > 44852)",
                  "Rows Removed by Index Recheck": 0,
                  "Exact Heap Blocks": 10588,
                  "Lossy Heap Blocks": 0,
                  "Plans": [
                    {
                      "Node Type": "Bitmap Index Scan",
                      "Parent Relationship": "Outer",
                      "Parallel Aware": false,
                      "Index Name": "keyword_id_movie_keyword",
                      "Startup Cost": 0.0,
                      "Total Cost": 7972.08,
                      "Plan Rows": 380220,
                      "Plan Width": 0,
                      "Actual Startup Time": 43.874,
                      "Actual Total Time": 43.874,
                      "Actual Rows": 381051,
                      "Actual Loops": 1,
                      "Index Cond": "(keyword_id > 44852)"
                    }
                  ]
                }
              ]
            }
          ]
        }
      ]
    },
    "Planning Time": 0.204,
    "Triggers": [],
    "Execution Time": 140.292
  }
]