[
    {
        "Bao": {
            "Bao prediction": 455.004,
            "Bao recommended hint": "(no hint)"
        }
    },
    {
        "Plan": {
            "Node Type": "Aggregate",
            "Strategy": "Plain",
            "Partial Mode": "Finalize",
            "Parallel Aware": false,
            "Startup Cost": 73199.89,
            "Total Cost": 73199.9,
            "Plan Rows": 1,
            "Plan Width": 8,
            "Actual Startup Time": 126.817,
            "Actual Total Time": 134.109,
            "Actual Rows": 1,
            "Actual Loops": 1,
            "Output": [
                "count(*)"
            ],
            "Plans": [
                {
                    "Node Type": "Gather",
                    "Parent Relationship": "Outer",
                    "Parallel Aware": false,
                    "Startup Cost": 73199.37,
                    "Total Cost": 73199.88,
                    "Plan Rows": 5,
                    "Plan Width": 8,
                    "Actual Startup Time": 126.708,
                    "Actual Total Time": 134.1,
                    "Actual Rows": 6,
                    "Actual Loops": 1,
                    "Output": [
                        "(PARTIAL count(*))"
                    ],
                    "Workers Planned": 5,
                    "Workers Launched": 5,
                    "Single Copy": false,
                    "Plans": [
                        {
                            "Node Type": "Aggregate",
                            "Strategy": "Plain",
                            "Partial Mode": "Partial",
                            "Parent Relationship": "Outer",
                            "Parallel Aware": false,
                            "Startup Cost": 72199.37,
                            "Total Cost": 72199.38,
                            "Plan Rows": 1,
                            "Plan Width": 8,
                            "Actual Startup Time": 117.775,
                            "Actual Total Time": 117.776,
                            "Actual Rows": 1,
                            "Actual Loops": 6,
                            "Output": [
                                "PARTIAL count(*)"
                            ],
                            "Workers": [
                                {
                                    "Worker Number": 0,
                                    "Actual Startup Time": 115.845,
                                    "Actual Total Time": 115.846,
                                    "Actual Rows": 1,
                                    "Actual Loops": 1
                                },
                                {
                                    "Worker Number": 1,
                                    "Actual Startup Time": 115.91,
                                    "Actual Total Time": 115.911,
                                    "Actual Rows": 1,
                                    "Actual Loops": 1
                                },
                                {
                                    "Worker Number": 2,
                                    "Actual Startup Time": 115.989,
                                    "Actual Total Time": 115.99,
                                    "Actual Rows": 1,
                                    "Actual Loops": 1
                                },
                                {
                                    "Worker Number": 3,
                                    "Actual Startup Time": 115.976,
                                    "Actual Total Time": 115.978,
                                    "Actual Rows": 1,
                                    "Actual Loops": 1
                                },
                                {
                                    "Worker Number": 4,
                                    "Actual Startup Time": 116.577,
                                    "Actual Total Time": 116.578,
                                    "Actual Rows": 1,
                                    "Actual Loops": 1
                                }
                            ],
                            "Plans": [
                                {
                                    "Node Type": "Index Scan",
                                    "Parent Relationship": "Outer",
                                    "Parallel Aware": true,
                                    "Scan Direction": "Forward",
                                    "Index Name": "role_id_cast_info",
                                    "Relation Name": "cast_info",
                                    "Schema": "public",
                                    "Alias": "ci",
                                    "Startup Cost": 0.56,
                                    "Total Cost": 72121.93,
                                    "Plan Rows": 30978,
                                    "Plan Width": 0,
                                    "Actual Startup Time": 0.224,
                                    "Actual Total Time": 115.33,
                                    "Actual Rows": 25807,
                                    "Actual Loops": 6,
                                    "Output": [
                                        "id",
                                        "person_id",
                                        "movie_id",
                                        "person_role_id",
                                        "note",
                                        "nr_order",
                                        "role_id"
                                    ],
                                    "Index Cond": "(ci.role_id = 4)",
                                    "Rows Removed by Index Recheck": 0,
                                    "Filter": "(ci.person_id < 208784)",
                                    "Rows Removed by Filter": 429017,
                                    "Workers": [
                                        {
                                            "Worker Number": 0,
                                            "Actual Startup Time": 0.14,
                                            "Actual Total Time": 113.615,
                                            "Actual Rows": 17086,
                                            "Actual Loops": 1
                                        },
                                        {
                                            "Worker Number": 1,
                                            "Actual Startup Time": 0.147,
                                            "Actual Total Time": 113.588,
                                            "Actual Rows": 18030,
                                            "Actual Loops": 1
                                        },
                                        {
                                            "Worker Number": 2,
                                            "Actual Startup Time": 0.487,
                                            "Actual Total Time": 113.709,
                                            "Actual Rows": 16966,
                                            "Actual Loops": 1
                                        },
                                        {
                                            "Worker Number": 3,
                                            "Actual Startup Time": 0.158,
                                            "Actual Total Time": 113.549,
                                            "Actual Rows": 17172,
                                            "Actual Loops": 1
                                        },
                                        {
                                            "Worker Number": 4,
                                            "Actual Startup Time": 0.354,
                                            "Actual Total Time": 114.359,
                                            "Actual Rows": 17836,
                                            "Actual Loops": 1
                                        }
                                    ]
                                }
                            ]
                        }
                    ]
                }
            ]
        },
        "Planning Time": 196.132,
        "Triggers": [],
        "Execution Time": 134.163
    }
]