[
  {
    "Plan": {
      "Node Type": "Aggregate",
      "Strategy": "Plain",
      "Partial Mode": "Finalize",
      "Parallel Aware": false,
      "Startup Cost": 57817.37,
      "Total Cost": 57817.38,
      "Plan Rows": 1,
      "Plan Width": 8,
      "Actual Startup Time": 104.534,
      "Actual Total Time": 117.78,
      "Actual Rows": 1,
      "Actual Loops": 1,
      "Plans": [
        {
          "Node Type": "Gather",
          "Parent Relationship": "Outer",
          "Parallel Aware": false,
          "Startup Cost": 57816.95,
          "Total Cost": 57817.36,
          "Plan Rows": 4,
          "Plan Width": 8,
          "Actual Startup Time": 104.409,
          "Actual Total Time": 117.773,
          "Actual Rows": 5,
          "Actual Loops": 1,
          "Workers Planned": 4,
          "Workers Launched": 4,
          "Single Copy": false,
          "Plans": [
            {
              "Node Type": "Aggregate",
              "Strategy": "Plain",
              "Partial Mode": "Partial",
              "Parent Relationship": "Outer",
              "Parallel Aware": false,
              "Startup Cost": 56816.95,
              "Total Cost": 56816.96,
              "Plan Rows": 1,
              "Plan Width": 8,
              "Actual Startup Time": 94.862,
              "Actual Total Time": 94.864,
              "Actual Rows": 1,
              "Actual Loops": 5,
              "Plans": [
                {
                  "Node Type": "Nested Loop",
                  "Parent Relationship": "Outer",
                  "Parallel Aware": false,
                  "Join Type": "Inner",
                  "Startup Cost": 0.43,
                  "Total Cost": 56814.17,
                  "Plan Rows": 1110,
                  "Plan Width": 0,
                  "Actual Startup Time": 2.508,
                  "Actual Total Time": 94.677,
                  "Actual Rows": 2299,
                  "Actual Loops": 5,
                  "Inner Unique": false,
                  "Plans": [
                    {
                      "Node Type": "Seq Scan",
                      "Parent Relationship": "Outer",
                      "Parallel Aware": true,
                      "Relation Name": "title",
                      "Alias": "t",
                      "Startup Cost": 0.0,
                      "Total Cost": 45479.1,
                      "Plan Rows": 2032,
                      "Plan Width": 4,
                      "Actual Startup Time": 0.512,
                      "Actual Total Time": 81.255,
                      "Actual Rows": 1734,
                      "Actual Loops": 5,
                      "Filter": "((kind_id < 7) AND (production_year = 1989))",
                      "Rows Removed by Filter": 503929
                    },
                    {
                      "Node Type": "Index Only Scan",
                      "Parent Relationship": "Inner",
                      "Parallel Aware": false,
                      "Scan Direction": "Forward",
                      "Index Name": "movie_id_movie_info_idx",
                      "Relation Name": "movie_info_idx",
                      "Alias": "mi_idx",
                      "Startup Cost": 0.43,
                      "Total Cost": 5.55,
                      "Plan Rows": 3,
                      "Plan Width": 4,
                      "Actual Startup Time": 0.007,
                      "Actual Total Time": 0.007,
                      "Actual Rows": 1,
                      "Actual Loops": 8669,
                      "Index Cond": "(movie_id = t.id)",
                      "Rows Removed by Index Recheck": 0,
                      "Heap Fetches": 11495
                    }
                  ]
                }
              ]
            }
          ]
        }
      ]
    },
    "Planning Time": 0.576,
    "Triggers": [],
    "Execution Time": 117.846
  }
]