{
  "Plan": {
    "Node Type": "Aggregate",
    "Strategy": "Plain",
    "Partial Mode": "Finalize",
    "Parallel Aware": false,
    "Startup Cost": 77614.35,
    "Total Cost": 77614.36,
    "Plan Rows": 1,
    "Plan Width": 8,
    "Actual Startup Time": 244.154,
    "Actual Total Time": 257.167,
    "Actual Rows": 1,
    "Actual Loops": 1,
    "Plans": [
      {
        "Node Type": "Gather",
        "Parent Relationship": "Outer",
        "Parallel Aware": false,
        "Startup Cost": 77614.23,
        "Total Cost": 77614.34,
        "Plan Rows": 1,
        "Plan Width": 8,
        "Actual Startup Time": 244.009,
        "Actual Total Time": 257.161,
        "Actual Rows": 2,
        "Actual Loops": 1,
        "Workers Planned": 1,
        "Workers Launched": 1,
        "Single Copy": false,
        "Plans": [
          {
            "Node Type": "Aggregate",
            "Strategy": "Plain",
            "Partial Mode": "Partial",
            "Parent Relationship": "Outer",
            "Parallel Aware": false,
            "Startup Cost": 76614.23,
            "Total Cost": 76614.24,
            "Plan Rows": 1,
            "Plan Width": 8,
            "Actual Startup Time": 238.445,
            "Actual Total Time": 238.448,
            "Actual Rows": 1,
            "Actual Loops": 2,
            "Plans": [
              {
                "Node Type": "Hash Join",
                "Parent Relationship": "Outer",
                "Parallel Aware": true,
                "Join Type": "Inner",
                "Startup Cost": 58418.24,
                "Total Cost": 76602.03,
                "Plan Rows": 4881,
                "Plan Width": 0,
                "Actual Startup Time": 140.563,
                "Actual Total Time": 238.039,
                "Actual Rows": 8718,
                "Actual Loops": 2,
                "Inner Unique": true,
                "Hash Cond": "(mi_idx.movie_id = t.id)",
                "Plans": [
                  {
                    "Node Type": "Seq Scan",
                    "Parent Relationship": "Outer",
                    "Parallel Aware": true,
                    "Relation Name": "movie_info_idx",
                    "Alias": "mi_idx",
                    "Startup Cost": 0.0,
                    "Total Cost": 16052.85,
                    "Plan Rows": 811785,
                    "Plan Width": 4,
                    "Actual Startup Time": 0.019,
                    "Actual Total Time": 47.628,
                    "Actual Rows": 690018,
                    "Actual Loops": 2
                  },
                  {
                    "Node Type": "Hash",
                    "Parent Relationship": "Inner",
                    "Parallel Aware": true,
                    "Startup Cost": 58306.47,
                    "Total Cost": 58306.47,
                    "Plan Rows": 8942,
                    "Plan Width": 4,
                    "Actual Startup Time": 139.193,
                    "Actual Total Time": 139.193,
                    "Actual Rows": 6484,
                    "Actual Loops": 2,
                    "Hash Buckets": 16384,
                    "Original Hash Buckets": 16384,
                    "Hash Batches": 1,
                    "Original Hash Batches": 1,
                    "Peak Memory Usage": 640,
                    "Plans": [
                      {
                        "Node Type": "Seq Scan",
                        "Parent Relationship": "Outer",
                        "Parallel Aware": true,
                        "Relation Name": "title",
                        "Alias": "t",
                        "Startup Cost": 0.0,
                        "Total Cost": 58306.47,
                        "Plan Rows": 8942,
                        "Plan Width": 4,
                        "Actual Startup Time": 0.429,
                        "Actual Total Time": 137.223,
                        "Actual Rows": 6484,
                        "Actual Loops": 2,
                        "Filter": "((kind_id < 7) AND (production_year = 1997))",
                        "Rows Removed by Filter": 1257672
                      }
                    ]
                  }
                ]
              }
            ]
          }
        ]
      }
    ]
  },
  "Planning Time": 0.433,
  "Triggers": [],
  "Execution Time": 257.236
}