[
  {
    "Plan": {
      "Node Type": "Aggregate",
      "Strategy": "Plain",
      "Partial Mode": "Finalize",
      "Parallel Aware": false,
      "Startup Cost": 382813.31,
      "Total Cost": 382813.32,
      "Plan Rows": 1,
      "Plan Width": 8,
      "Actual Startup Time": 1450.556,
      "Actual Total Time": 1509.352,
      "Actual Rows": 1,
      "Actual Loops": 1,
      "Plans": [
        {
          "Node Type": "Gather",
          "Parent Relationship": "Outer",
          "Parallel Aware": false,
          "Startup Cost": 382812.68,
          "Total Cost": 382813.29,
          "Plan Rows": 6,
          "Plan Width": 8,
          "Actual Startup Time": 1449.486,
          "Actual Total Time": 1509.327,
          "Actual Rows": 7,
          "Actual Loops": 1,
          "Workers Planned": 6,
          "Workers Launched": 6,
          "Single Copy": false,
          "Plans": [
            {
              "Node Type": "Aggregate",
              "Strategy": "Plain",
              "Partial Mode": "Partial",
              "Parent Relationship": "Outer",
              "Parallel Aware": false,
              "Startup Cost": 381812.68,
              "Total Cost": 381812.69,
              "Plan Rows": 1,
              "Plan Width": 8,
              "Actual Startup Time": 1438.161,
              "Actual Total Time": 1438.164,
              "Actual Rows": 1,
              "Actual Loops": 7,
              "Plans": [
                {
                  "Node Type": "Hash Join",
                  "Parent Relationship": "Outer",
                  "Parallel Aware": true,
                  "Join Type": "Inner",
                  "Startup Cost": 38973.24,
                  "Total Cost": 381166.79,
                  "Plan Rows": 258358,
                  "Plan Width": 0,
                  "Actual Startup Time": 104.788,
                  "Actual Total Time": 1427.214,
                  "Actual Rows": 173383,
                  "Actual Loops": 7,
                  "Inner Unique": true,
                  "Hash Cond": "(ci.movie_id = t.id)",
                  "Plans": [
                    {
                      "Node Type": "Seq Scan",
                      "Parent Relationship": "Outer",
                      "Parallel Aware": true,
                      "Relation Name": "cast_info",
                      "Alias": "ci",
                      "Startup Cost": 0.0,
                      "Total Cost": 328162.03,
                      "Plan Rows": 5345333,
                      "Plan Width": 4,
                      "Actual Startup Time": 44.023,
                      "Actual Total Time": 678.519,
                      "Actual Rows": 4567784,
                      "Actual Loops": 7,
                      "Filter": "(person_id > 411614)",
                      "Rows Removed by Filter": 609979
                    },
                    {
                      "Node Type": "Hash",
                      "Parent Relationship": "Inner",
                      "Parallel Aware": true,
                      "Startup Cost": 38591.37,
                      "Total Cost": 38591.37,
                      "Plan Rows": 30550,
                      "Plan Width": 4,
                      "Actual Startup Time": 59.231,
                      "Actual Total Time": 59.232,
                      "Actual Rows": 16891,
                      "Actual Loops": 7,
                      "Hash Buckets": 131072,
                      "Original Hash Buckets": 131072,
                      "Hash Batches": 1,
                      "Original Hash Batches": 1,
                      "Peak Memory Usage": 5760,
                      "Plans": [
                        {
                          "Node Type": "Bitmap Heap Scan",
                          "Parent Relationship": "Outer",
                          "Parallel Aware": true,
                          "Relation Name": "title",
                          "Alias": "t",
                          "Startup Cost": 2211.49,
                          "Total Cost": 38591.37,
                          "Plan Rows": 30550,
                          "Plan Width": 4,
                          "Actual Startup Time": 15.27,
                          "Actual Total Time": 49.51,
                          "Actual Rows": 16891,
                          "Actual Loops": 7,
                          "Recheck Cond": "(kind_id = 4)",
                          "Rows Removed by Index Recheck": 0,
                          "Exact Heap Blocks": 4601,
                          "Lossy Heap Blocks": 0,
                          "Plans": [
                            {
                              "Node Type": "Bitmap Index Scan",
                              "Parent Relationship": "Outer",
                              "Parallel Aware": false,
                              "Index Name": "kind_id_title",
                              "Startup Cost": 0.0,
                              "Total Cost": 2180.94,
                              "Plan Rows": 122201,
                              "Plan Width": 0,
                              "Actual Startup Time": 16.381,
                              "Actual Total Time": 16.382,
                              "Actual Rows": 118234,
                              "Actual Loops": 1,
                              "Index Cond": "(kind_id = 4)"
                            }
                          ]
                        }
                      ]
                    }
                  ]
                }
              ]
            }
          ]
        }
      ]
    },
    "Planning Time": 0.729,
    "Triggers": [],
    "Execution Time": 1509.466
  }
]