[
  {
    "Plan": {
      "Node Type": "Aggregate",
      "Strategy": "Plain",
      "Partial Mode": "Finalize",
      "Parallel Aware": false,
      "Startup Cost": 236310.66,
      "Total Cost": 236310.67,
      "Plan Rows": 1,
      "Plan Width": 8,
      "Actual Startup Time": 431.29,
      "Actual Total Time": 449.443,
      "Actual Rows": 1,
      "Actual Loops": 1,
      "Plans": [
        {
          "Node Type": "Gather",
          "Parent Relationship": "Outer",
          "Parallel Aware": false,
          "Startup Cost": 236310.45,
          "Total Cost": 236310.66,
          "Plan Rows": 2,
          "Plan Width": 8,
          "Actual Startup Time": 427.007,
          "Actual Total Time": 449.434,
          "Actual Rows": 3,
          "Actual Loops": 1,
          "Workers Planned": 2,
          "Workers Launched": 2,
          "Single Copy": false,
          "Plans": [
            {
              "Node Type": "Aggregate",
              "Strategy": "Plain",
              "Partial Mode": "Partial",
              "Parent Relationship": "Outer",
              "Parallel Aware": false,
              "Startup Cost": 235310.45,
              "Total Cost": 235310.46,
              "Plan Rows": 1,
              "Plan Width": 8,
              "Actual Startup Time": 422.043,
              "Actual Total Time": 422.049,
              "Actual Rows": 1,
              "Actual Loops": 3,
              "Plans": [
                {
                  "Node Type": "Hash Join",
                  "Parent Relationship": "Outer",
                  "Parallel Aware": true,
                  "Join Type": "Inner",
                  "Startup Cost": 219293.28,
                  "Total Cost": 235212.83,
                  "Plan Rows": 39048,
                  "Plan Width": 0,
                  "Actual Startup Time": 330.938,
                  "Actual Total Time": 420.414,
                  "Actual Rows": 33634,
                  "Actual Loops": 3,
                  "Inner Unique": false,
                  "Hash Cond": "(mi_idx.movie_id = t.id)",
                  "Plans": [
                    {
                      "Node Type": "Seq Scan",
                      "Parent Relationship": "Outer",
                      "Parallel Aware": true,
                      "Relation Name": "movie_info_idx",
                      "Alias": "mi_idx",
                      "Startup Cost": 0.0,
                      "Total Cost": 13685.15,
                      "Plan Rows": 575015,
                      "Plan Width": 4,
                      "Actual Startup Time": 0.013,
                      "Actual Total Time": 43.41,
                      "Actual Rows": 460012,
                      "Actual Loops": 3
                    },
                    {
                      "Node Type": "Hash",
                      "Parent Relationship": "Inner",
                      "Parallel Aware": true,
                      "Startup Cost": 218864.05,
                      "Total Cost": 218864.05,
                      "Plan Rows": 34339,
                      "Plan Width": 8,
                      "Actual Startup Time": 329.591,
                      "Actual Total Time": 329.596,
                      "Actual Rows": 20599,
                      "Actual Loops": 3,
                      "Hash Buckets": 262144,
                      "Original Hash Buckets": 262144,
                      "Hash Batches": 1,
                      "Original Hash Batches": 1,
                      "Peak Memory Usage": 4480,
                      "Plans": [
                        {
                          "Node Type": "Hash Join",
                          "Parent Relationship": "Outer",
                          "Parallel Aware": true,
                          "Join Type": "Inner",
                          "Startup Cost": 55415.98,
                          "Total Cost": 218864.05,
                          "Plan Rows": 34339,
                          "Plan Width": 8,
                          "Actual Startup Time": 249.815,
                          "Actual Total Time": 322.66,
                          "Actual Rows": 20599,
                          "Actual Loops": 3,
                          "Inner Unique": true,
                          "Hash Cond": "(mi.movie_id = t.id)",
                          "Plans": [
                            {
                              "Node Type": "Bitmap Heap Scan",
                              "Parent Relationship": "Outer",
                              "Parallel Aware": true,
                              "Relation Name": "movie_info",
                              "Alias": "mi",
                              "Startup Cost": 8696.29,
                              "Total Cost": 171891.83,
                              "Plan Rows": 96203,
                              "Plan Width": 4,
                              "Actual Startup Time": 15.414,
                              "Actual Total Time": 33.814,
                              "Actual Rows": 158148,
                              "Actual Loops": 3,
                              "Recheck Cond": "(info_type_id = 6)",
                              "Rows Removed by Index Recheck": 0,
                              "Exact Heap Blocks": 1181,
                              "Lossy Heap Blocks": 0,
                              "Plans": [
                                {
                                  "Node Type": "Bitmap Index Scan",
                                  "Parent Relationship": "Outer",
                                  "Parallel Aware": false,
                                  "Index Name": "info_type_id_movie_info",
                                  "Startup Cost": 0.0,
                                  "Total Cost": 8576.04,
                                  "Plan Rows": 481014,
                                  "Plan Width": 0,
                                  "Actual Startup Time": 14.802,
                                  "Actual Total Time": 14.802,
                                  "Actual Rows": 474443,
                                  "Actual Loops": 1,
                                  "Index Cond": "(info_type_id = 6)"
                                }
                              ]
                            },
                            {
                              "Node Type": "Hash",
                              "Parent Relationship": "Inner",
                              "Parallel Aware": true,
                              "Startup Cost": 43899.32,
                              "Total Cost": 43899.32,
                              "Plan Rows": 225629,
                              "Plan Width": 4,
                              "Actual Startup Time": 232.052,
                              "Actual Total Time": 232.052,
                              "Actual Rows": 301497,
                              "Actual Loops": 3,
                              "Hash Buckets": 1048576,
                              "Original Hash Buckets": 1048576,
                              "Hash Batches": 1,
                              "Original Hash Batches": 1,
                              "Peak Memory Usage": 43616,
                              "Plans": [
                                {
                                  "Node Type": "Seq Scan",
                                  "Parent Relationship": "Outer",
                                  "Parallel Aware": true,
                                  "Relation Name": "title",
                                  "Alias": "t",
                                  "Startup Cost": 0.0,
                                  "Total Cost": 43899.32,
                                  "Plan Rows": 225629,
                                  "Plan Width": 4,
                                  "Actual Startup Time": 0.032,
                                  "Actual Total Time": 129.424,
                                  "Actual Rows": 301497,
                                  "Actual Loops": 3,
                                  "Filter": "(production_year > 2006)",
                                  "Rows Removed by Filter": 541274
                                }
                              ]
                            }
                          ]
                        }
                      ]
                    }
                  ]
                }
              ]
            }
          ]
        }
      ]
    },
    "Planning Time": 0.423,
    "Triggers": [],
    "Execution Time": 449.502
  }
]