[
  {
    "Plan": {
      "Node Type": "Aggregate",
      "Strategy": "Plain",
      "Partial Mode": "Finalize",
      "Parallel Aware": false,
      "Startup Cost": 236139.56,
      "Total Cost": 236139.57,
      "Plan Rows": 1,
      "Plan Width": 8,
      "Actual Startup Time": 386.912,
      "Actual Total Time": 400.837,
      "Actual Rows": 1,
      "Actual Loops": 1,
      "Plans": [
        {
          "Node Type": "Gather",
          "Parent Relationship": "Outer",
          "Parallel Aware": false,
          "Startup Cost": 236139.34,
          "Total Cost": 236139.55,
          "Plan Rows": 2,
          "Plan Width": 8,
          "Actual Startup Time": 384.172,
          "Actual Total Time": 400.829,
          "Actual Rows": 3,
          "Actual Loops": 1,
          "Workers Planned": 2,
          "Workers Launched": 2,
          "Single Copy": false,
          "Plans": [
            {
              "Node Type": "Aggregate",
              "Strategy": "Plain",
              "Partial Mode": "Partial",
              "Parent Relationship": "Outer",
              "Parallel Aware": false,
              "Startup Cost": 235139.34,
              "Total Cost": 235139.35,
              "Plan Rows": 1,
              "Plan Width": 8,
              "Actual Startup Time": 373.734,
              "Actual Total Time": 373.739,
              "Actual Rows": 1,
              "Actual Loops": 3,
              "Plans": [
                {
                  "Node Type": "Hash Join",
                  "Parent Relationship": "Outer",
                  "Parallel Aware": true,
                  "Join Type": "Inner",
                  "Startup Cost": 219124.14,
                  "Total Cost": 235042.81,
                  "Plan Rows": 38611,
                  "Plan Width": 0,
                  "Actual Startup Time": 300.723,
                  "Actual Total Time": 372.349,
                  "Actual Rows": 33634,
                  "Actual Loops": 3,
                  "Inner Unique": false,
                  "Hash Cond": "(mi_idx.movie_id = t.id)",
                  "Plans": [
                    {
                      "Node Type": "Seq Scan",
                      "Parent Relationship": "Outer",
                      "Parallel Aware": true,
                      "Relation Name": "movie_info_idx",
                      "Alias": "mi_idx",
                      "Startup Cost": 0.0,
                      "Total Cost": 13685.15,
                      "Plan Rows": 575015,
                      "Plan Width": 4,
                      "Actual Startup Time": 0.026,
                      "Actual Total Time": 33.355,
                      "Actual Rows": 460012,
                      "Actual Loops": 3
                    },
                    {
                      "Node Type": "Hash",
                      "Parent Relationship": "Inner",
                      "Parallel Aware": true,
                      "Startup Cost": 218699.72,
                      "Total Cost": 218699.72,
                      "Plan Rows": 33954,
                      "Plan Width": 8,
                      "Actual Startup Time": 298.167,
                      "Actual Total Time": 298.17,
                      "Actual Rows": 20599,
                      "Actual Loops": 3,
                      "Hash Buckets": 262144,
                      "Original Hash Buckets": 262144,
                      "Hash Batches": 1,
                      "Original Hash Batches": 1,
                      "Peak Memory Usage": 4512,
                      "Plans": [
                        {
                          "Node Type": "Hash Join",
                          "Parent Relationship": "Outer",
                          "Parallel Aware": true,
                          "Join Type": "Inner",
                          "Startup Cost": 55281.62,
                          "Total Cost": 218699.72,
                          "Plan Rows": 33954,
                          "Plan Width": 8,
                          "Actual Startup Time": 228.195,
                          "Actual Total Time": 292.324,
                          "Actual Rows": 20599,
                          "Actual Loops": 3,
                          "Inner Unique": true,
                          "Hash Cond": "(mi.movie_id = t.id)",
                          "Plans": [
                            {
                              "Node Type": "Bitmap Heap Scan",
                              "Parent Relationship": "Outer",
                              "Parallel Aware": true,
                              "Relation Name": "movie_info",
                              "Alias": "mi",
                              "Startup Cost": 8535.51,
                              "Total Cost": 171706.27,
                              "Plan Rows": 94221,
                              "Plan Width": 4,
                              "Actual Startup Time": 16.612,
                              "Actual Total Time": 34.545,
                              "Actual Rows": 158148,
                              "Actual Loops": 3,
                              "Recheck Cond": "(info_type_id = 6)",
                              "Rows Removed by Index Recheck": 0,
                              "Exact Heap Blocks": 1113,
                              "Lossy Heap Blocks": 0,
                              "Plans": [
                                {
                                  "Node Type": "Bitmap Index Scan",
                                  "Parent Relationship": "Outer",
                                  "Parallel Aware": false,
                                  "Index Name": "info_type_id_movie_info",
                                  "Startup Cost": 0.0,
                                  "Total Cost": 8417.73,
                                  "Plan Rows": 471106,
                                  "Plan Width": 0,
                                  "Actual Startup Time": 16.117,
                                  "Actual Total Time": 16.117,
                                  "Actual Rows": 474443,
                                  "Actual Loops": 1,
                                  "Index Cond": "(info_type_id = 6)"
                                }
                              ]
                            },
                            {
                              "Node Type": "Hash",
                              "Parent Relationship": "Inner",
                              "Parallel Aware": true,
                              "Startup Cost": 43898.92,
                              "Total Cost": 43898.92,
                              "Plan Rows": 227776,
                              "Plan Width": 4,
                              "Actual Startup Time": 206.609,
                              "Actual Total Time": 206.61,
                              "Actual Rows": 301497,
                              "Actual Loops": 3,
                              "Hash Buckets": 1048576,
                              "Original Hash Buckets": 1048576,
                              "Hash Batches": 1,
                              "Original Hash Batches": 1,
                              "Peak Memory Usage": 43648,
                              "Plans": [
                                {
                                  "Node Type": "Seq Scan",
                                  "Parent Relationship": "Outer",
                                  "Parallel Aware": true,
                                  "Relation Name": "title",
                                  "Alias": "t",
                                  "Startup Cost": 0.0,
                                  "Total Cost": 43898.92,
                                  "Plan Rows": 227776,
                                  "Plan Width": 4,
                                  "Actual Startup Time": 0.036,
                                  "Actual Total Time": 119.293,
                                  "Actual Rows": 301497,
                                  "Actual Loops": 3,
                                  "Filter": "(production_year > 2006)",
                                  "Rows Removed by Filter": 541274
                                }
                              ]
                            }
                          ]
                        }
                      ]
                    }
                  ]
                }
              ]
            }
          ]
        }
      ]
    },
    "Planning Time": 1.386,
    "Triggers": [],
    "Execution Time": 400.956
  }
]