[
  {
    "Plan": {
      "Node Type": "Aggregate",
      "Strategy": "Plain",
      "Partial Mode": "Finalize",
      "Parallel Aware": false,
      "Startup Cost": 34594.68,
      "Total Cost": 34594.69,
      "Plan Rows": 1,
      "Plan Width": 8,
      "Actual Startup Time": 112.179,
      "Actual Total Time": 120.521,
      "Actual Rows": 1,
      "Actual Loops": 1,
      "Plans": [
        {
          "Node Type": "Gather",
          "Parent Relationship": "Outer",
          "Parallel Aware": false,
          "Startup Cost": 34594.36,
          "Total Cost": 34594.67,
          "Plan Rows": 3,
          "Plan Width": 8,
          "Actual Startup Time": 111.902,
          "Actual Total Time": 120.513,
          "Actual Rows": 4,
          "Actual Loops": 1,
          "Workers Planned": 3,
          "Workers Launched": 3,
          "Single Copy": false,
          "Plans": [
            {
              "Node Type": "Aggregate",
              "Strategy": "Plain",
              "Partial Mode": "Partial",
              "Parent Relationship": "Outer",
              "Parallel Aware": false,
              "Startup Cost": 33594.36,
              "Total Cost": 33594.37,
              "Plan Rows": 1,
              "Plan Width": 8,
              "Actual Startup Time": 105.416,
              "Actual Total Time": 105.417,
              "Actual Rows": 1,
              "Actual Loops": 4,
              "Plans": [
                {
                  "Node Type": "Bitmap Heap Scan",
                  "Parent Relationship": "Outer",
                  "Parallel Aware": true,
                  "Relation Name": "movie_keyword",
                  "Alias": "mk",
                  "Startup Cost": 7443.02,
                  "Total Cost": 33311.47,
                  "Plan Rows": 113156,
                  "Plan Width": 0,
                  "Actual Startup Time": 37.673,
                  "Actual Total Time": 100.204,
                  "Actual Rows": 85256,
                  "Actual Loops": 4,
                  "Recheck Cond": "(keyword_id > 48664)",
                  "Rows Removed by Index Recheck": 0,
                  "Exact Heap Blocks": 11032,
                  "Lossy Heap Blocks": 0,
                  "Plans": [
                    {
                      "Node Type": "Bitmap Index Scan",
                      "Parent Relationship": "Outer",
                      "Parallel Aware": false,
                      "Index Name": "keyword_id_movie_keyword",
                      "Startup Cost": 0.0,
                      "Total Cost": 7355.32,
                      "Plan Rows": 350785,
                      "Plan Width": 0,
                      "Actual Startup Time": 39.55,
                      "Actual Total Time": 39.55,
                      "Actual Rows": 341025,
                      "Actual Loops": 1,
                      "Index Cond": "(keyword_id > 48664)"
                    }
                  ]
                }
              ]
            }
          ]
        }
      ]
    },
    "Planning Time": 0.183,
    "Triggers": [],
    "Execution Time": 120.622
  }
]