{
  "Plan": {
    "Node Type": "Aggregate",
    "Strategy": "Plain",
    "Partial Mode": "Finalize",
    "Parallel Aware": false,
    "Startup Cost": 797212.41,
    "Total Cost": 797212.42,
    "Plan Rows": 1,
    "Plan Width": 8,
    "Actual Startup Time": 7735.509,
    "Actual Total Time": 7806.127,
    "Actual Rows": 1,
    "Actual Loops": 1,
    "Plans": [
      {
        "Node Type": "Gather",
        "Parent Relationship": "Outer",
        "Parallel Aware": false,
        "Startup Cost": 797212.3,
        "Total Cost": 797212.41,
        "Plan Rows": 1,
        "Plan Width": 8,
        "Actual Startup Time": 7728.971,
        "Actual Total Time": 7806.115,
        "Actual Rows": 2,
        "Actual Loops": 1,
        "Workers Planned": 1,
        "Workers Launched": 1,
        "Single Copy": false,
        "Plans": [
          {
            "Node Type": "Aggregate",
            "Strategy": "Plain",
            "Partial Mode": "Partial",
            "Parent Relationship": "Outer",
            "Parallel Aware": false,
            "Startup Cost": 796212.3,
            "Total Cost": 796212.31,
            "Plan Rows": 1,
            "Plan Width": 8,
            "Actual Startup Time": 7722.054,
            "Actual Total Time": 7723.47,
            "Actual Rows": 1,
            "Actual Loops": 2,
            "Plans": [
              {
                "Node Type": "Hash Join",
                "Parent Relationship": "Outer",
                "Parallel Aware": true,
                "Join Type": "Inner",
                "Startup Cost": 142257.09,
                "Total Cost": 781615.01,
                "Plan Rows": 5838918,
                "Plan Width": 0,
                "Actual Startup Time": 1798.949,
                "Actual Total Time": 6909.855,
                "Actual Rows": 20679969,
                "Actual Loops": 2,
                "Inner Unique": false,
                "Hash Cond": "(ci.movie_id = t.id)",
                "Plans": [
                  {
                    "Node Type": "Seq Scan",
                    "Parent Relationship": "Outer",
                    "Parallel Aware": true,
                    "Relation Name": "cast_info",
                    "Alias": "ci",
                    "Startup Cost": 0.0,
                    "Total Cost": 572345.93,
                    "Plan Rows": 8710774,
                    "Plan Width": 4,
                    "Actual Startup Time": 581.754,
                    "Actual Total Time": 1866.896,
                    "Actual Rows": 9891327,
                    "Actual Loops": 2,
                    "Filter": "((person_id > 1345421) AND (role_id > 1))",
                    "Rows Removed by Filter": 8230845
                  },
                  {
                    "Node Type": "Hash",
                    "Parent Relationship": "Inner",
                    "Parallel Aware": true,
                    "Startup Cost": 129795.77,
                    "Total Cost": 129795.77,
                    "Plan Rows": 996906,
                    "Plan Width": 8,
                    "Actual Startup Time": 1202.967,
                    "Actual Total Time": 1204.38,
                    "Actual Rows": 857186,
                    "Actual Loops": 2,
                    "Hash Buckets": 2097152,
                    "Original Hash Buckets": 2097152,
                    "Hash Batches": 1,
                    "Original Hash Batches": 1,
                    "Peak Memory Usage": 83488,
                    "Plans": [
                      {
                        "Node Type": "Hash Join",
                        "Parent Relationship": "Outer",
                        "Parallel Aware": true,
                        "Join Type": "Inner",
                        "Startup Cost": 69460.7,
                        "Total Cost": 129795.77,
                        "Plan Rows": 996906,
                        "Plan Width": 8,
                        "Actual Startup Time": 564.494,
                        "Actual Total Time": 1003.452,
                        "Actual Rows": 857186,
                        "Actual Loops": 2,
                        "Inner Unique": true,
                        "Hash Cond": "(mk.movie_id = t.id)",
                        "Plans": [
                          {
                            "Node Type": "Seq Scan",
                            "Parent Relationship": "Outer",
                            "Parallel Aware": true,
                            "Relation Name": "movie_keyword",
                            "Alias": "mk",
                            "Startup Cost": 0.0,
                            "Total Cost": 57718.19,
                            "Plan Rows": 996906,
                            "Plan Width": 4,
                            "Actual Startup Time": 0.031,
                            "Actual Total Time": 226.834,
                            "Actual Rows": 857186,
                            "Actual Loops": 2,
                            "Filter": "(keyword_id < 2738)",
                            "Rows Removed by Filter": 1404778
                          },
                          {
                            "Node Type": "Hash",
                            "Parent Relationship": "Inner",
                            "Parallel Aware": true,
                            "Startup Cost": 50870.31,
                            "Total Cost": 50870.31,
                            "Plan Rows": 1487231,
                            "Plan Width": 4,
                            "Actual Startup Time": 551.941,
                            "Actual Total Time": 551.942,
                            "Actual Rows": 1264156,
                            "Actual Loops": 2,
                            "Hash Buckets": 4194304,
                            "Original Hash Buckets": 4194304,
                            "Hash Batches": 1,
                            "Original Hash Batches": 1,
                            "Peak Memory Usage": 131680,
                            "Plans": [
                              {
                                "Node Type": "Seq Scan",
                                "Parent Relationship": "Outer",
                                "Parallel Aware": true,
                                "Relation Name": "title",
                                "Alias": "t",
                                "Startup Cost": 0.0,
                                "Total Cost": 50870.31,
                                "Plan Rows": 1487231,
                                "Plan Width": 4,
                                "Actual Startup Time": 0.043,
                                "Actual Total Time": 174.578,
                                "Actual Rows": 1264156,
                                "Actual Loops": 2
                              }
                            ]
                          }
                        ]
                      }
                    ]
                  }
                ]
              }
            ]
          }
        ]
      }
    ]
  },
  "Planning Time": 0.957,
  "Triggers": [],
  "Execution Time": 7806.238
}