[
    {
        "Bao": {
            "Bao prediction": "NaN",
            "Bao recommended hint": "(no hint)"
        }
    },
    {
        "Plan": {
            "Node Type": "Aggregate",
            "Strategy": "Plain",
            "Partial Mode": "Finalize",
            "Parallel Aware": false,
            "Startup Cost": 248877.97,
            "Total Cost": 248877.98,
            "Plan Rows": 1,
            "Plan Width": 8,
            "Actual Startup Time": 474.498,
            "Actual Total Time": 498.797,
            "Actual Rows": 1,
            "Actual Loops": 1,
            "Output": [
                "count(*)"
            ],
            "Plans": [
                {
                    "Node Type": "Gather",
                    "Parent Relationship": "Outer",
                    "Parallel Aware": false,
                    "Startup Cost": 248877.45,
                    "Total Cost": 248877.96,
                    "Plan Rows": 5,
                    "Plan Width": 8,
                    "Actual Startup Time": 470.913,
                    "Actual Total Time": 498.788,
                    "Actual Rows": 6,
                    "Actual Loops": 1,
                    "Output": [
                        "(PARTIAL count(*))"
                    ],
                    "Workers Planned": 5,
                    "Workers Launched": 5,
                    "Single Copy": false,
                    "Plans": [
                        {
                            "Node Type": "Aggregate",
                            "Strategy": "Plain",
                            "Partial Mode": "Partial",
                            "Parent Relationship": "Outer",
                            "Parallel Aware": false,
                            "Startup Cost": 247877.45,
                            "Total Cost": 247877.46,
                            "Plan Rows": 1,
                            "Plan Width": 8,
                            "Actual Startup Time": 461.569,
                            "Actual Total Time": 461.572,
                            "Actual Rows": 1,
                            "Actual Loops": 6,
                            "Output": [
                                "PARTIAL count(*)"
                            ],
                            "Workers": [
                                {
                                    "Worker Number": 0,
                                    "Actual Startup Time": 458.627,
                                    "Actual Total Time": 458.63,
                                    "Actual Rows": 1,
                                    "Actual Loops": 1
                                },
                                {
                                    "Worker Number": 1,
                                    "Actual Startup Time": 458.911,
                                    "Actual Total Time": 458.913,
                                    "Actual Rows": 1,
                                    "Actual Loops": 1
                                },
                                {
                                    "Worker Number": 2,
                                    "Actual Startup Time": 459.267,
                                    "Actual Total Time": 459.27,
                                    "Actual Rows": 1,
                                    "Actual Loops": 1
                                },
                                {
                                    "Worker Number": 3,
                                    "Actual Startup Time": 459.477,
                                    "Actual Total Time": 459.48,
                                    "Actual Rows": 1,
                                    "Actual Loops": 1
                                },
                                {
                                    "Worker Number": 4,
                                    "Actual Startup Time": 462.922,
                                    "Actual Total Time": 462.924,
                                    "Actual Rows": 1,
                                    "Actual Loops": 1
                                }
                            ],
                            "Plans": [
                                {
                                    "Node Type": "Hash Join",
                                    "Parent Relationship": "Outer",
                                    "Parallel Aware": true,
                                    "Join Type": "Inner",
                                    "Startup Cost": 47110.88,
                                    "Total Cost": 247567.5,
                                    "Plan Rows": 123979,
                                    "Plan Width": 0,
                                    "Actual Startup Time": 240.306,
                                    "Actual Total Time": 456.176,
                                    "Actual Rows": 123330,
                                    "Actual Loops": 6,
                                    "Inner Unique": true,
                                    "Hash Cond": "(mi.movie_id = t.id)",
                                    "Workers": [
                                        {
                                            "Worker Number": 0,
                                            "Actual Startup Time": 237.419,
                                            "Actual Total Time": 453.357,
                                            "Actual Rows": 120197,
                                            "Actual Loops": 1
                                        },
                                        {
                                            "Worker Number": 1,
                                            "Actual Startup Time": 237.701,
                                            "Actual Total Time": 453.735,
                                            "Actual Rows": 117983,
                                            "Actual Loops": 1
                                        },
                                        {
                                            "Worker Number": 2,
                                            "Actual Startup Time": 238.049,
                                            "Actual Total Time": 453.855,
                                            "Actual Rows": 114005,
                                            "Actual Loops": 1
                                        },
                                        {
                                            "Worker Number": 3,
                                            "Actual Startup Time": 238.279,
                                            "Actual Total Time": 454.01,
                                            "Actual Rows": 123121,
                                            "Actual Loops": 1
                                        },
                                        {
                                            "Worker Number": 4,
                                            "Actual Startup Time": 241.709,
                                            "Actual Total Time": 457.673,
                                            "Actual Rows": 119694,
                                            "Actual Loops": 1
                                        }
                                    ],
                                    "Plans": [
                                        {
                                            "Node Type": "Seq Scan",
                                            "Parent Relationship": "Outer",
                                            "Parallel Aware": true,
                                            "Relation Name": "movie_info",
                                            "Schema": "public",
                                            "Alias": "mi",
                                            "Startup Cost": 0.0,
                                            "Total Cost": 198880.74,
                                            "Plan Rows": 600336,
                                            "Plan Width": 4,
                                            "Actual Startup Time": 63.852,
                                            "Actual Total Time": 278.955,
                                            "Actual Rows": 506120,
                                            "Actual Loops": 6,
                                            "Output": [
                                                "mi.id",
                                                "mi.movie_id",
                                                "mi.info_type_id",
                                                "mi.info",
                                                "mi.note"
                                            ],
                                            "Filter": "(mi.info_type_id = 16)",
                                            "Rows Removed by Filter": 1966500,
                                            "Workers": [
                                                {
                                                    "Worker Number": 0,
                                                    "Actual Startup Time": 63.866,
                                                    "Actual Total Time": 280.11,
                                                    "Actual Rows": 487171,
                                                    "Actual Loops": 1
                                                },
                                                {
                                                    "Worker Number": 1,
                                                    "Actual Startup Time": 63.865,
                                                    "Actual Total Time": 279.753,
                                                    "Actual Rows": 484829,
                                                    "Actual Loops": 1
                                                },
                                                {
                                                    "Worker Number": 2,
                                                    "Actual Startup Time": 63.879,
                                                    "Actual Total Time": 280.241,
                                                    "Actual Rows": 483275,
                                                    "Actual Loops": 1
                                                },
                                                {
                                                    "Worker Number": 3,
                                                    "Actual Startup Time": 63.857,
                                                    "Actual Total Time": 279.873,
                                                    "Actual Rows": 505231,
                                                    "Actual Loops": 1
                                                },
                                                {
                                                    "Worker Number": 4,
                                                    "Actual Startup Time": 63.774,
                                                    "Actual Total Time": 279.671,
                                                    "Actual Rows": 489108,
                                                    "Actual Loops": 1
                                                }
                                            ]
                                        },
                                        {
                                            "Node Type": "Hash",
                                            "Parent Relationship": "Inner",
                                            "Parallel Aware": true,
                                            "Startup Cost": 45479.21,
                                            "Total Cost": 45479.21,
                                            "Plan Rows": 130534,
                                            "Plan Width": 4,
                                            "Actual Startup Time": 97.377,
                                            "Actual Total Time": 97.378,
                                            "Actual Rows": 65873,
                                            "Actual Loops": 6,
                                            "Output": [
                                                "t.id"
                                            ],
                                            "Hash Buckets": 524288,
                                            "Original Hash Buckets": 524288,
                                            "Hash Batches": 1,
                                            "Original Hash Batches": 1,
                                            "Peak Memory Usage": 19648,
                                            "Workers": [
                                                {
                                                    "Worker Number": 0,
                                                    "Actual Startup Time": 95.633,
                                                    "Actual Total Time": 95.634,
                                                    "Actual Rows": 65027,
                                                    "Actual Loops": 1
                                                },
                                                {
                                                    "Worker Number": 1,
                                                    "Actual Startup Time": 95.919,
                                                    "Actual Total Time": 95.92,
                                                    "Actual Rows": 64232,
                                                    "Actual Loops": 1
                                                },
                                                {
                                                    "Worker Number": 2,
                                                    "Actual Startup Time": 96.312,
                                                    "Actual Total Time": 96.313,
                                                    "Actual Rows": 61017,
                                                    "Actual Loops": 1
                                                },
                                                {
                                                    "Worker Number": 3,
                                                    "Actual Startup Time": 96.539,
                                                    "Actual Total Time": 96.54,
                                                    "Actual Rows": 62318,
                                                    "Actual Loops": 1
                                                },
                                                {
                                                    "Worker Number": 4,
                                                    "Actual Startup Time": 99.908,
                                                    "Actual Total Time": 99.909,
                                                    "Actual Rows": 65066,
                                                    "Actual Loops": 1
                                                }
                                            ],
                                            "Plans": [
                                                {
                                                    "Node Type": "Seq Scan",
                                                    "Parent Relationship": "Outer",
                                                    "Parallel Aware": true,
                                                    "Relation Name": "title",
                                                    "Schema": "public",
                                                    "Alias": "t",
                                                    "Startup Cost": 0.0,
                                                    "Total Cost": 45479.21,
                                                    "Plan Rows": 130534,
                                                    "Plan Width": 4,
                                                    "Actual Startup Time": 38.945,
                                                    "Actual Total Time": 74.851,
                                                    "Actual Rows": 65873,
                                                    "Actual Loops": 6,
                                                    "Output": [
                                                        "t.id"
                                                    ],
                                                    "Filter": "((t.kind_id < 2) AND (t.production_year > 1977))",
                                                    "Rows Removed by Filter": 355512,
                                                    "Workers": [
                                                        {
                                                            "Worker Number": 0,
                                                            "Actual Startup Time": 44.121,
                                                            "Actual Total Time": 73.957,
                                                            "Actual Rows": 65027,
                                                            "Actual Loops": 1
                                                        },
                                                        {
                                                            "Worker Number": 1,
                                                            "Actual Startup Time": 44.315,
                                                            "Actual Total Time": 73.909,
                                                            "Actual Rows": 64232,
                                                            "Actual Loops": 1
                                                        },
                                                        {
                                                            "Worker Number": 2,
                                                            "Actual Startup Time": 3.393,
                                                            "Actual Total Time": 74.524,
                                                            "Actual Rows": 61017,
                                                            "Actual Loops": 1
                                                        },
                                                        {
                                                            "Worker Number": 3,
                                                            "Actual Startup Time": 44.917,
                                                            "Actual Total Time": 74.33,
                                                            "Actual Rows": 62318,
                                                            "Actual Loops": 1
                                                        },
                                                        {
                                                            "Worker Number": 4,
                                                            "Actual Startup Time": 48.621,
                                                            "Actual Total Time": 77.798,
                                                            "Actual Rows": 65066,
                                                            "Actual Loops": 1
                                                        }
                                                    ]
                                                }
                                            ]
                                        }
                                    ]
                                }
                            ]
                        }
                    ]
                }
            ]
        },
        "Planning Time": 203.36,
        "Triggers": [],
        "Execution Time": 498.9
    }
]