[
  {
    "Plan": {
      "Node Type": "Aggregate",
      "Strategy": "Plain",
      "Partial Mode": "Simple",
      "Parallel Aware": false,
      "Startup Cost": 20753.66,
      "Total Cost": 20753.67,
      "Plan Rows": 1,
      "Plan Width": 8,
      "Actual Startup Time": 4.808,
      "Actual Total Time": 4.81,
      "Actual Rows": 1,
      "Actual Loops": 1,
      "Plans": [
        {
          "Node Type": "Index Scan",
          "Parent Relationship": "Outer",
          "Parallel Aware": false,
          "Scan Direction": "Forward",
          "Index Name": "person_id_cast_info",
          "Relation Name": "cast_info",
          "Alias": "ci",
          "Startup Cost": 0.56,
          "Total Cost": 20748.27,
          "Plan Rows": 2159,
          "Plan Width": 0,
          "Actual Startup Time": 1.844,
          "Actual Total Time": 4.801,
          "Actual Rows": 1,
          "Actual Loops": 1,
          "Index Cond": "(person_id < 1272)",
          "Rows Removed by Index Recheck": 0,
          "Filter": "(role_id = 2)",
          "Rows Removed by Filter": 8610
        }
      ]
    },
    "Planning Time": 0.293,
    "Triggers": [],
    "Execution Time": 4.857
  }
]