[
  {
    "Plan": {
      "Node Type": "Aggregate",
      "Strategy": "Plain",
      "Partial Mode": "Finalize",
      "Parallel Aware": false,
      "Startup Cost": 55620.28,
      "Total Cost": 55620.29,
      "Plan Rows": 1,
      "Plan Width": 8,
      "Actual Startup Time": 93.954,
      "Actual Total Time": 104.887,
      "Actual Rows": 1,
      "Actual Loops": 1,
      "Plans": [
        {
          "Node Type": "Gather",
          "Parent Relationship": "Outer",
          "Parallel Aware": false,
          "Startup Cost": 55619.86,
          "Total Cost": 55620.27,
          "Plan Rows": 4,
          "Plan Width": 8,
          "Actual Startup Time": 93.821,
          "Actual Total Time": 104.879,
          "Actual Rows": 5,
          "Actual Loops": 1,
          "Workers Planned": 4,
          "Workers Launched": 4,
          "Single Copy": false,
          "Plans": [
            {
              "Node Type": "Aggregate",
              "Strategy": "Plain",
              "Partial Mode": "Partial",
              "Parent Relationship": "Outer",
              "Parallel Aware": false,
              "Startup Cost": 54619.86,
              "Total Cost": 54619.87,
              "Plan Rows": 1,
              "Plan Width": 8,
              "Actual Startup Time": 85.117,
              "Actual Total Time": 85.119,
              "Actual Rows": 1,
              "Actual Loops": 5,
              "Plans": [
                {
                  "Node Type": "Nested Loop",
                  "Parent Relationship": "Outer",
                  "Parallel Aware": false,
                  "Join Type": "Inner",
                  "Startup Cost": 0.43,
                  "Total Cost": 54617.83,
                  "Plan Rows": 814,
                  "Plan Width": 0,
                  "Actual Startup Time": 55.632,
                  "Actual Total Time": 85.016,
                  "Actual Rows": 1340,
                  "Actual Loops": 5,
                  "Inner Unique": false,
                  "Plans": [
                    {
                      "Node Type": "Seq Scan",
                      "Parent Relationship": "Outer",
                      "Parallel Aware": true,
                      "Relation Name": "title",
                      "Alias": "t",
                      "Startup Cost": 0.0,
                      "Total Cost": 45479.1,
                      "Plan Rows": 1492,
                      "Plan Width": 4,
                      "Actual Startup Time": 55.474,
                      "Actual Total Time": 77.502,
                      "Actual Rows": 1092,
                      "Actual Loops": 5,
                      "Filter": "((kind_id = 1) AND (production_year = 1990))",
                      "Rows Removed by Filter": 504570
                    },
                    {
                      "Node Type": "Index Only Scan",
                      "Parent Relationship": "Inner",
                      "Parallel Aware": false,
                      "Scan Direction": "Forward",
                      "Index Name": "movie_id_movie_info_idx",
                      "Relation Name": "movie_info_idx",
                      "Alias": "mi_idx",
                      "Startup Cost": 0.43,
                      "Total Cost": 6.1,
                      "Plan Rows": 3,
                      "Plan Width": 4,
                      "Actual Startup Time": 0.006,
                      "Actual Total Time": 0.006,
                      "Actual Rows": 1,
                      "Actual Loops": 5461,
                      "Index Cond": "(movie_id = t.id)",
                      "Rows Removed by Index Recheck": 0,
                      "Heap Fetches": 6700
                    }
                  ]
                }
              ]
            }
          ]
        }
      ]
    },
    "Planning Time": 0.586,
    "Triggers": [],
    "Execution Time": 104.959
  }
]