[
  {
    "Plan": {
      "Node Type": "Aggregate",
      "Strategy": "Plain",
      "Partial Mode": "Finalize",
      "Parallel Aware": false,
      "Startup Cost": 151554.86,
      "Total Cost": 151554.87,
      "Plan Rows": 1,
      "Plan Width": 8,
      "Actual Startup Time": 1877.44,
      "Actual Total Time": 1969.843,
      "Actual Rows": 1,
      "Actual Loops": 1,
      "Plans": [
        {
          "Node Type": "Gather",
          "Parent Relationship": "Outer",
          "Parallel Aware": false,
          "Startup Cost": 151554.54,
          "Total Cost": 151554.85,
          "Plan Rows": 3,
          "Plan Width": 8,
          "Actual Startup Time": 1875.111,
          "Actual Total Time": 1969.832,
          "Actual Rows": 4,
          "Actual Loops": 1,
          "Workers Planned": 3,
          "Workers Launched": 3,
          "Single Copy": false,
          "Plans": [
            {
              "Node Type": "Aggregate",
              "Strategy": "Plain",
              "Partial Mode": "Partial",
              "Parent Relationship": "Outer",
              "Parallel Aware": false,
              "Startup Cost": 150554.54,
              "Total Cost": 150554.55,
              "Plan Rows": 1,
              "Plan Width": 8,
              "Actual Startup Time": 1867.8,
              "Actual Total Time": 1867.874,
              "Actual Rows": 1,
              "Actual Loops": 4,
              "Plans": [
                {
                  "Node Type": "Nested Loop",
                  "Parent Relationship": "Outer",
                  "Parallel Aware": false,
                  "Join Type": "Inner",
                  "Startup Cost": 46028.58,
                  "Total Cost": 150183.88,
                  "Plan Rows": 148263,
                  "Plan Width": 0,
                  "Actual Startup Time": 183.757,
                  "Actual Total Time": 1845.546,
                  "Actual Rows": 339119,
                  "Actual Loops": 4,
                  "Inner Unique": false,
                  "Join Filter": "(t.id = ci.movie_id)",
                  "Rows Removed by Join Filter": 0,
                  "Plans": [
                    {
                      "Node Type": "Hash Join",
                      "Parent Relationship": "Outer",
                      "Parallel Aware": true,
                      "Join Type": "Inner",
                      "Startup Cost": 46028.01,
                      "Total Cost": 78427.03,
                      "Plan Rows": 26024,
                      "Plan Width": 8,
                      "Actual Startup Time": 183.592,
                      "Actual Total Time": 343.625,
                      "Actual Rows": 72787,
                      "Actual Loops": 4,
                      "Inner Unique": true,
                      "Hash Cond": "(mc.movie_id = t.id)",
                      "Plans": [
                        {
                          "Node Type": "Seq Scan",
                          "Parent Relationship": "Outer",
                          "Parallel Aware": true,
                          "Relation Name": "movie_companies",
                          "Alias": "mc",
                          "Startup Cost": 0.0,
                          "Total Cost": 31414.82,
                          "Plan Rows": 374932,
                          "Plan Width": 4,
                          "Actual Startup Time": 35.914,
                          "Actual Total Time": 84.758,
                          "Actual Rows": 316443,
                          "Actual Loops": 4,
                          "Filter": "((company_id > 160) AND (company_type_id = 2))",
                          "Rows Removed by Filter": 335840
                        },
                        {
                          "Node Type": "Hash",
                          "Parent Relationship": "Inner",
                          "Parallel Aware": true,
                          "Startup Cost": 45479.59,
                          "Total Cost": 45479.59,
                          "Plan Rows": 43874,
                          "Plan Width": 4,
                          "Actual Startup Time": 145.616,
                          "Actual Total Time": 145.617,
                          "Actual Rows": 78952,
                          "Actual Loops": 4,
                          "Hash Buckets": 524288,
                          "Original Hash Buckets": 262144,
                          "Hash Batches": 1,
                          "Original Hash Batches": 1,
                          "Peak Memory Usage": 18560,
                          "Plans": [
                            {
                              "Node Type": "Seq Scan",
                              "Parent Relationship": "Outer",
                              "Parallel Aware": true,
                              "Relation Name": "title",
                              "Alias": "t",
                              "Startup Cost": 0.0,
                              "Total Cost": 45479.59,
                              "Plan Rows": 43874,
                              "Plan Width": 4,
                              "Actual Startup Time": 0.118,
                              "Actual Total Time": 109.088,
                              "Actual Rows": 78952,
                              "Actual Loops": 4,
                              "Filter": "((kind_id < 3) AND (production_year < 1986))",
                              "Rows Removed by Filter": 553126
                            }
                          ]
                        }
                      ]
                    },
                    {
                      "Node Type": "Index Scan",
                      "Parent Relationship": "Inner",
                      "Parallel Aware": false,
                      "Scan Direction": "Forward",
                      "Index Name": "movie_id_cast_info",
                      "Relation Name": "cast_info",
                      "Alias": "ci",
                      "Startup Cost": 0.56,
                      "Total Cost": 2.58,
                      "Plan Rows": 14,
                      "Plan Width": 4,
                      "Actual Startup Time": 0.013,
                      "Actual Total Time": 0.02,
                      "Actual Rows": 5,
                      "Actual Loops": 291148,
                      "Index Cond": "(movie_id = mc.movie_id)",
                      "Rows Removed by Index Recheck": 0,
                      "Filter": "(person_id > 2252644)",
                      "Rows Removed by Filter": 11
                    }
                  ]
                }
              ]
            }
          ]
        }
      ]
    },
    "Planning Time": 1.23,
    "Triggers": [],
    "Execution Time": 1969.945
  }
]