[
  {
    "Plan": {
      "Node Type": "Aggregate",
      "Strategy": "Plain",
      "Partial Mode": "Finalize",
      "Parallel Aware": false,
      "Startup Cost": 238681.53,
      "Total Cost": 238681.54,
      "Plan Rows": 1,
      "Plan Width": 8,
      "Actual Startup Time": 355.203,
      "Actual Total Time": 396.308,
      "Actual Rows": 1,
      "Actual Loops": 1,
      "Plans": [
        {
          "Node Type": "Gather",
          "Parent Relationship": "Outer",
          "Parallel Aware": false,
          "Startup Cost": 238681.01,
          "Total Cost": 238681.52,
          "Plan Rows": 5,
          "Plan Width": 8,
          "Actual Startup Time": 354.317,
          "Actual Total Time": 396.298,
          "Actual Rows": 6,
          "Actual Loops": 1,
          "Workers Planned": 5,
          "Workers Launched": 5,
          "Single Copy": false,
          "Plans": [
            {
              "Node Type": "Aggregate",
              "Strategy": "Plain",
              "Partial Mode": "Partial",
              "Parent Relationship": "Outer",
              "Parallel Aware": false,
              "Startup Cost": 237681.01,
              "Total Cost": 237681.02,
              "Plan Rows": 1,
              "Plan Width": 8,
              "Actual Startup Time": 343.252,
              "Actual Total Time": 343.26,
              "Actual Rows": 1,
              "Actual Loops": 6,
              "Plans": [
                {
                  "Node Type": "Nested Loop",
                  "Parent Relationship": "Outer",
                  "Parallel Aware": false,
                  "Join Type": "Inner",
                  "Startup Cost": 62482.55,
                  "Total Cost": 237563.5,
                  "Plan Rows": 47003,
                  "Plan Width": 0,
                  "Actual Startup Time": 126.275,
                  "Actual Total Time": 339.033,
                  "Actual Rows": 54980,
                  "Actual Loops": 6,
                  "Inner Unique": false,
                  "Join Filter": "(t.id = ci.movie_id)",
                  "Rows Removed by Join Filter": 0,
                  "Plans": [
                    {
                      "Node Type": "Hash Join",
                      "Parent Relationship": "Outer",
                      "Parallel Aware": true,
                      "Join Type": "Inner",
                      "Startup Cost": 62481.99,
                      "Total Cost": 228450.97,
                      "Plan Rows": 3278,
                      "Plan Width": 8,
                      "Actual Startup Time": 126.15,
                      "Actual Total Time": 162.266,
                      "Actual Rows": 4752,
                      "Actual Loops": 6,
                      "Inner Unique": true,
                      "Hash Cond": "(mi.movie_id = t.id)",
                      "Plans": [
                        {
                          "Node Type": "Bitmap Heap Scan",
                          "Parent Relationship": "Outer",
                          "Parallel Aware": true,
                          "Relation Name": "movie_info",
                          "Alias": "mi",
                          "Startup Cost": 23754.83,
                          "Total Cost": 189033.77,
                          "Plan Rows": 262875,
                          "Plan Width": 4,
                          "Actual Startup Time": 37.141,
                          "Actual Total Time": 70.751,
                          "Actual Rows": 214821,
                          "Actual Loops": 6,
                          "Recheck Cond": "(info_type_id = 2)",
                          "Rows Removed by Index Recheck": 0,
                          "Exact Heap Blocks": 3211,
                          "Lossy Heap Blocks": 0,
                          "Plans": [
                            {
                              "Node Type": "Bitmap Index Scan",
                              "Parent Relationship": "Outer",
                              "Parallel Aware": false,
                              "Index Name": "info_type_id_movie_info",
                              "Startup Cost": 0.0,
                              "Total Cost": 23426.24,
                              "Plan Rows": 1314374,
                              "Plan Width": 0,
                              "Actual Startup Time": 35.724,
                              "Actual Total Time": 35.725,
                              "Actual Rows": 1288928,
                              "Actual Loops": 1,
                              "Index Cond": "(info_type_id = 2)"
                            }
                          ]
                        },
                        {
                          "Node Type": "Hash",
                          "Parent Relationship": "Inner",
                          "Parallel Aware": true,
                          "Startup Cost": 38628.61,
                          "Total Cost": 38628.61,
                          "Plan Rows": 7883,
                          "Plan Width": 4,
                          "Actual Startup Time": 53.502,
                          "Actual Total Time": 53.506,
                          "Actual Rows": 4805,
                          "Actual Loops": 6,
                          "Hash Buckets": 32768,
                          "Original Hash Buckets": 32768,
                          "Hash Batches": 1,
                          "Original Hash Batches": 1,
                          "Peak Memory Usage": 1504,
                          "Plans": [
                            {
                              "Node Type": "Bitmap Heap Scan",
                              "Parent Relationship": "Outer",
                              "Parallel Aware": true,
                              "Relation Name": "title",
                              "Alias": "t",
                              "Startup Cost": 2175.18,
                              "Total Cost": 38628.61,
                              "Plan Rows": 7883,
                              "Plan Width": 4,
                              "Actual Startup Time": 14.059,
                              "Actual Total Time": 50.703,
                              "Actual Rows": 4805,
                              "Actual Loops": 6,
                              "Recheck Cond": "(kind_id = 4)",
                              "Rows Removed by Index Recheck": 0,
                              "Filter": "(production_year > 2008)",
                              "Rows Removed by Filter": 14900,
                              "Exact Heap Blocks": 6769,
                              "Lossy Heap Blocks": 0,
                              "Plans": [
                                {
                                  "Node Type": "Bitmap Index Scan",
                                  "Parent Relationship": "Outer",
                                  "Parallel Aware": false,
                                  "Index Name": "kind_id_title",
                                  "Startup Cost": 0.0,
                                  "Total Cost": 2167.3,
                                  "Plan Rows": 121449,
                                  "Plan Width": 0,
                                  "Actual Startup Time": 16.269,
                                  "Actual Total Time": 16.269,
                                  "Actual Rows": 118234,
                                  "Actual Loops": 1,
                                  "Index Cond": "(kind_id = 4)"
                                }
                              ]
                            }
                          ]
                        }
                      ]
                    },
                    {
                      "Node Type": "Index Only Scan",
                      "Parent Relationship": "Inner",
                      "Parallel Aware": false,
                      "Scan Direction": "Forward",
                      "Index Name": "movie_id_cast_info",
                      "Relation Name": "cast_info",
                      "Alias": "ci",
                      "Startup Cost": 0.56,
                      "Total Cost": 2.34,
                      "Plan Rows": 35,
                      "Plan Width": 4,
                      "Actual Startup Time": 0.008,
                      "Actual Total Time": 0.035,
                      "Actual Rows": 12,
                      "Actual Loops": 28514,
                      "Index Cond": "(movie_id = mi.movie_id)",
                      "Rows Removed by Index Recheck": 0,
                      "Heap Fetches": 329877
                    }
                  ]
                }
              ]
            }
          ]
        }
      ]
    },
    "Planning Time": 1.343,
    "Triggers": [],
    "Execution Time": 396.492
  }
]