[
  {
    "Plan": {
      "Node Type": "Aggregate",
      "Strategy": "Plain",
      "Partial Mode": "Finalize",
      "Parallel Aware": false,
      "Startup Cost": 32869.76,
      "Total Cost": 32869.77,
      "Plan Rows": 1,
      "Plan Width": 8,
      "Actual Startup Time": 94.913,
      "Actual Total Time": 102.969,
      "Actual Rows": 1,
      "Actual Loops": 1,
      "Plans": [
        {
          "Node Type": "Gather",
          "Parent Relationship": "Outer",
          "Parallel Aware": false,
          "Startup Cost": 32869.44,
          "Total Cost": 32869.75,
          "Plan Rows": 3,
          "Plan Width": 8,
          "Actual Startup Time": 94.798,
          "Actual Total Time": 102.962,
          "Actual Rows": 4,
          "Actual Loops": 1,
          "Workers Planned": 3,
          "Workers Launched": 3,
          "Single Copy": false,
          "Plans": [
            {
              "Node Type": "Aggregate",
              "Strategy": "Plain",
              "Partial Mode": "Partial",
              "Parent Relationship": "Outer",
              "Parallel Aware": false,
              "Startup Cost": 31869.44,
              "Total Cost": 31869.45,
              "Plan Rows": 1,
              "Plan Width": 8,
              "Actual Startup Time": 86.222,
              "Actual Total Time": 86.223,
              "Actual Rows": 1,
              "Actual Loops": 4,
              "Plans": [
                {
                  "Node Type": "Seq Scan",
                  "Parent Relationship": "Outer",
                  "Parallel Aware": true,
                  "Relation Name": "movie_companies",
                  "Alias": "mc",
                  "Startup Cost": 0.0,
                  "Total Cost": 31414.82,
                  "Plan Rows": 181850,
                  "Plan Width": 0,
                  "Actual Startup Time": 23.655,
                  "Actual Total Time": 82.588,
                  "Actual Rows": 69801,
                  "Actual Loops": 4,
                  "Filter": "((company_id > 13165) AND (company_type_id < 2))",
                  "Rows Removed by Filter": 582481
                }
              ]
            }
          ]
        }
      ]
    },
    "Planning Time": 0.178,
    "Triggers": [],
    "Execution Time": 103.019
  }
]