[
    {
        "Bao": {
            "Bao prediction": "NaN",
            "Bao recommended hint": "(no hint)"
        }
    },
    {
        "Plan": {
            "Node Type": "Aggregate",
            "Strategy": "Plain",
            "Partial Mode": "Finalize",
            "Parallel Aware": false,
            "Startup Cost": 56526.16,
            "Total Cost": 56526.17,
            "Plan Rows": 1,
            "Plan Width": 8,
            "Actual Startup Time": 193.145,
            "Actual Total Time": 202.366,
            "Actual Rows": 1,
            "Actual Loops": 1,
            "Output": [
                "count(*)"
            ],
            "Plans": [
                {
                    "Node Type": "Gather",
                    "Parent Relationship": "Outer",
                    "Parallel Aware": false,
                    "Startup Cost": 56525.85,
                    "Total Cost": 56526.16,
                    "Plan Rows": 3,
                    "Plan Width": 8,
                    "Actual Startup Time": 190.242,
                    "Actual Total Time": 202.358,
                    "Actual Rows": 4,
                    "Actual Loops": 1,
                    "Output": [
                        "(PARTIAL count(*))"
                    ],
                    "Workers Planned": 3,
                    "Workers Launched": 3,
                    "Single Copy": false,
                    "Plans": [
                        {
                            "Node Type": "Aggregate",
                            "Strategy": "Plain",
                            "Partial Mode": "Partial",
                            "Parent Relationship": "Outer",
                            "Parallel Aware": false,
                            "Startup Cost": 55525.85,
                            "Total Cost": 55525.86,
                            "Plan Rows": 1,
                            "Plan Width": 8,
                            "Actual Startup Time": 181.754,
                            "Actual Total Time": 181.757,
                            "Actual Rows": 1,
                            "Actual Loops": 4,
                            "Output": [
                                "PARTIAL count(*)"
                            ],
                            "Workers": [
                                {
                                    "Worker Number": 0,
                                    "Actual Startup Time": 178.475,
                                    "Actual Total Time": 178.477,
                                    "Actual Rows": 1,
                                    "Actual Loops": 1
                                },
                                {
                                    "Worker Number": 1,
                                    "Actual Startup Time": 179.042,
                                    "Actual Total Time": 179.047,
                                    "Actual Rows": 1,
                                    "Actual Loops": 1
                                },
                                {
                                    "Worker Number": 2,
                                    "Actual Startup Time": 179.703,
                                    "Actual Total Time": 179.705,
                                    "Actual Rows": 1,
                                    "Actual Loops": 1
                                }
                            ],
                            "Plans": [
                                {
                                    "Node Type": "Hash Join",
                                    "Parent Relationship": "Outer",
                                    "Parallel Aware": true,
                                    "Join Type": "Inner",
                                    "Startup Cost": 46563.78,
                                    "Total Cost": 55464.33,
                                    "Plan Rows": 24608,
                                    "Plan Width": 0,
                                    "Actual Startup Time": 159.785,
                                    "Actual Total Time": 181.461,
                                    "Actual Rows": 6340,
                                    "Actual Loops": 4,
                                    "Inner Unique": true,
                                    "Hash Cond": "(ci.movie_id = t.id)",
                                    "Workers": [
                                        {
                                            "Worker Number": 0,
                                            "Actual Startup Time": 156.733,
                                            "Actual Total Time": 178.187,
                                            "Actual Rows": 6125,
                                            "Actual Loops": 1
                                        },
                                        {
                                            "Worker Number": 1,
                                            "Actual Startup Time": 157.135,
                                            "Actual Total Time": 178.73,
                                            "Actual Rows": 6686,
                                            "Actual Loops": 1
                                        },
                                        {
                                            "Worker Number": 2,
                                            "Actual Startup Time": 157.339,
                                            "Actual Total Time": 179.421,
                                            "Actual Rows": 5945,
                                            "Actual Loops": 1
                                        }
                                    ],
                                    "Plans": [
                                        {
                                            "Node Type": "Index Scan",
                                            "Parent Relationship": "Outer",
                                            "Parallel Aware": true,
                                            "Scan Direction": "Forward",
                                            "Index Name": "role_id_cast_info",
                                            "Relation Name": "cast_info",
                                            "Schema": "public",
                                            "Alias": "ci",
                                            "Startup Cost": 0.56,
                                            "Total Cost": 8709.54,
                                            "Plan Rows": 72978,
                                            "Plan Width": 4,
                                            "Actual Startup Time": 0.1,
                                            "Actual Total Time": 12.679,
                                            "Actual Rows": 22380,
                                            "Actual Loops": 4,
                                            "Output": [
                                                "ci.id",
                                                "ci.person_id",
                                                "ci.movie_id",
                                                "ci.person_role_id",
                                                "ci.note",
                                                "ci.nr_order",
                                                "ci.role_id"
                                            ],
                                            "Index Cond": "(ci.role_id > 10)",
                                            "Rows Removed by Index Recheck": 0,
                                            "Filter": "(ci.person_id < 2788307)",
                                            "Rows Removed by Filter": 56650,
                                            "Workers": [
                                                {
                                                    "Worker Number": 0,
                                                    "Actual Startup Time": 0.235,
                                                    "Actual Total Time": 12.59,
                                                    "Actual Rows": 19875,
                                                    "Actual Loops": 1
                                                },
                                                {
                                                    "Worker Number": 1,
                                                    "Actual Startup Time": 0.076,
                                                    "Actual Total Time": 13.107,
                                                    "Actual Rows": 21519,
                                                    "Actual Loops": 1
                                                },
                                                {
                                                    "Worker Number": 2,
                                                    "Actual Startup Time": 0.044,
                                                    "Actual Total Time": 12.84,
                                                    "Actual Rows": 22707,
                                                    "Actual Loops": 1
                                                }
                                            ]
                                        },
                                        {
                                            "Node Type": "Hash",
                                            "Parent Relationship": "Inner",
                                            "Parallel Aware": true,
                                            "Startup Cost": 43899.01,
                                            "Total Cost": 43899.01,
                                            "Plan Rows": 213137,
                                            "Plan Width": 4,
                                            "Actual Startup Time": 156.787,
                                            "Actual Total Time": 156.788,
                                            "Actual Rows": 212285,
                                            "Actual Loops": 4,
                                            "Output": [
                                                "t.id"
                                            ],
                                            "Hash Buckets": 1048576,
                                            "Original Hash Buckets": 1048576,
                                            "Hash Batches": 1,
                                            "Original Hash Batches": 1,
                                            "Peak Memory Usage": 41440,
                                            "Workers": [
                                                {
                                                    "Worker Number": 0,
                                                    "Actual Startup Time": 156.037,
                                                    "Actual Total Time": 156.037,
                                                    "Actual Rows": 177457,
                                                    "Actual Loops": 1
                                                },
                                                {
                                                    "Worker Number": 1,
                                                    "Actual Startup Time": 156.575,
                                                    "Actual Total Time": 156.579,
                                                    "Actual Rows": 200409,
                                                    "Actual Loops": 1
                                                },
                                                {
                                                    "Worker Number": 2,
                                                    "Actual Startup Time": 156.767,
                                                    "Actual Total Time": 156.767,
                                                    "Actual Rows": 199421,
                                                    "Actual Loops": 1
                                                }
                                            ],
                                            "Plans": [
                                                {
                                                    "Node Type": "Seq Scan",
                                                    "Parent Relationship": "Outer",
                                                    "Parallel Aware": true,
                                                    "Relation Name": "title",
                                                    "Schema": "public",
                                                    "Alias": "t",
                                                    "Startup Cost": 0.0,
                                                    "Total Cost": 43899.01,
                                                    "Plan Rows": 213137,
                                                    "Plan Width": 4,
                                                    "Actual Startup Time": 0.032,
                                                    "Actual Total Time": 92.334,
                                                    "Actual Rows": 212285,
                                                    "Actual Loops": 4,
                                                    "Output": [
                                                        "t.id"
                                                    ],
                                                    "Filter": "(t.production_year < 1996)",
                                                    "Rows Removed by Filter": 419793,
                                                    "Workers": [
                                                        {
                                                            "Worker Number": 0,
                                                            "Actual Startup Time": 0.04,
                                                            "Actual Total Time": 90.411,
                                                            "Actual Rows": 177457,
                                                            "Actual Loops": 1
                                                        },
                                                        {
                                                            "Worker Number": 1,
                                                            "Actual Startup Time": 0.042,
                                                            "Actual Total Time": 95.181,
                                                            "Actual Rows": 200409,
                                                            "Actual Loops": 1
                                                        },
                                                        {
                                                            "Worker Number": 2,
                                                            "Actual Startup Time": 0.034,
                                                            "Actual Total Time": 95.516,
                                                            "Actual Rows": 199421,
                                                            "Actual Loops": 1
                                                        }
                                                    ]
                                                }
                                            ]
                                        }
                                    ]
                                }
                            ]
                        }
                    ]
                }
            ]
        },
        "Planning Time": 175.694,
        "Triggers": [],
        "Execution Time": 202.47
    }
]