{
  "Plan": {
    "Node Type": "Aggregate",
    "Strategy": "Plain",
    "Partial Mode": "Finalize",
    "Parallel Aware": false,
    "Startup Cost": 328765.95,
    "Total Cost": 328765.96,
    "Plan Rows": 1,
    "Plan Width": 8,
    "Actual Startup Time": 1874.735,
    "Actual Total Time": 1902.121,
    "Actual Rows": 1,
    "Actual Loops": 1,
    "Plans": [
      {
        "Node Type": "Gather",
        "Parent Relationship": "Outer",
        "Parallel Aware": false,
        "Startup Cost": 328765.83,
        "Total Cost": 328765.94,
        "Plan Rows": 1,
        "Plan Width": 8,
        "Actual Startup Time": 1874.577,
        "Actual Total Time": 1902.114,
        "Actual Rows": 2,
        "Actual Loops": 1,
        "Workers Planned": 1,
        "Workers Launched": 1,
        "Single Copy": false,
        "Plans": [
          {
            "Node Type": "Aggregate",
            "Strategy": "Plain",
            "Partial Mode": "Partial",
            "Parent Relationship": "Outer",
            "Parallel Aware": false,
            "Startup Cost": 327765.83,
            "Total Cost": 327765.84,
            "Plan Rows": 1,
            "Plan Width": 8,
            "Actual Startup Time": 1868.32,
            "Actual Total Time": 1868.322,
            "Actual Rows": 1,
            "Actual Loops": 2,
            "Plans": [
              {
                "Node Type": "Merge Join",
                "Parent Relationship": "Outer",
                "Parallel Aware": false,
                "Join Type": "Inner",
                "Startup Cost": 7.15,
                "Total Cost": 327006.84,
                "Plan Rows": 303596,
                "Plan Width": 0,
                "Actual Startup Time": 3.742,
                "Actual Total Time": 1855.472,
                "Actual Rows": 271374,
                "Actual Loops": 2,
                "Inner Unique": false,
                "Merge Cond": "(t.id = mc.movie_id)",
                "Plans": [
                  {
                    "Node Type": "Merge Join",
                    "Parent Relationship": "Outer",
                    "Parallel Aware": false,
                    "Join Type": "Inner",
                    "Startup Cost": 3.13,
                    "Total Cost": 172813.47,
                    "Plan Rows": 582235,
                    "Plan Width": 8,
                    "Actual Startup Time": 2.75,
                    "Actual Total Time": 1055.89,
                    "Actual Rows": 374978,
                    "Actual Loops": 2,
                    "Inner Unique": false,
                    "Merge Cond": "(t.id = mi_idx.movie_id)",
                    "Plans": [
                      {
                        "Node Type": "Index Scan",
                        "Parent Relationship": "Outer",
                        "Parallel Aware": true,
                        "Scan Direction": "Forward",
                        "Index Name": "title_pkey",
                        "Relation Name": "title",
                        "Alias": "t",
                        "Startup Cost": 0.43,
                        "Total Cost": 107365.5,
                        "Plan Rows": 1066684,
                        "Plan Width": 4,
                        "Actual Startup Time": 0.064,
                        "Actual Total Time": 669.933,
                        "Actual Rows": 899839,
                        "Actual Loops": 2,
                        "Filter": "((kind_id > 1) AND (production_year > 0))",
                        "Rows Removed by Filter": 363114
                      },
                      {
                        "Node Type": "Index Only Scan",
                        "Parent Relationship": "Inner",
                        "Parallel Aware": false,
                        "Scan Direction": "Forward",
                        "Index Name": "movie_id_movie_info_idx",
                        "Relation Name": "movie_info_idx",
                        "Alias": "mi_idx",
                        "Startup Cost": 0.43,
                        "Total Cost": 53620.22,
                        "Plan Rows": 1380035,
                        "Plan Width": 4,
                        "Actual Startup Time": 0.221,
                        "Actual Total Time": 253.381,
                        "Actual Rows": 1380030,
                        "Actual Loops": 2,
                        "Heap Fetches": 2760059
                      }
                    ]
                  },
                  {
                    "Node Type": "Index Scan",
                    "Parent Relationship": "Inner",
                    "Parallel Aware": false,
                    "Scan Direction": "Forward",
                    "Index Name": "movie_id_movie_companies",
                    "Relation Name": "movie_companies",
                    "Alias": "mc",
                    "Startup Cost": 0.43,
                    "Total Cost": 146582.27,
                    "Plan Rows": 1318337,
                    "Plan Width": 4,
                    "Actual Startup Time": 0.13,
                    "Actual Total Time": 689.544,
                    "Actual Rows": 1505182,
                    "Actual Loops": 2,
                    "Filter": "(company_id > 11240)",
                    "Rows Removed by Filter": 1702641
                  }
                ]
              }
            ]
          }
        ]
      }
    ]
  },
  "Planning Time": 1.157,
  "Triggers": [],
  "Execution Time": 1902.213
}