{
  "Plan": {
    "Node Type": "Aggregate",
    "Strategy": "Plain",
    "Partial Mode": "Finalize",
    "Parallel Aware": false,
    "Startup Cost": 881501.46,
    "Total Cost": 881501.47,
    "Plan Rows": 1,
    "Plan Width": 8,
    "Actual Startup Time": 4774.278,
    "Actual Total Time": 4843.058,
    "Actual Rows": 1,
    "Actual Loops": 1,
    "Plans": [
      {
        "Node Type": "Gather",
        "Parent Relationship": "Outer",
        "Parallel Aware": false,
        "Startup Cost": 881501.35,
        "Total Cost": 881501.46,
        "Plan Rows": 1,
        "Plan Width": 8,
        "Actual Startup Time": 4769.515,
        "Actual Total Time": 4843.047,
        "Actual Rows": 2,
        "Actual Loops": 1,
        "Workers Planned": 1,
        "Workers Launched": 1,
        "Single Copy": false,
        "Plans": [
          {
            "Node Type": "Aggregate",
            "Strategy": "Plain",
            "Partial Mode": "Partial",
            "Parent Relationship": "Outer",
            "Parallel Aware": false,
            "Startup Cost": 880501.35,
            "Total Cost": 880501.36,
            "Plan Rows": 1,
            "Plan Width": 8,
            "Actual Startup Time": 4763.63,
            "Actual Total Time": 4764.236,
            "Actual Rows": 1,
            "Actual Loops": 2,
            "Plans": [
              {
                "Node Type": "Hash Join",
                "Parent Relationship": "Outer",
                "Parallel Aware": true,
                "Join Type": "Inner",
                "Startup Cost": 272015.52,
                "Total Cost": 869459.81,
                "Plan Rows": 4416615,
                "Plan Width": 0,
                "Actual Startup Time": 1285.479,
                "Actual Total Time": 4615.408,
                "Actual Rows": 3767413,
                "Actual Loops": 2,
                "Inner Unique": false,
                "Hash Cond": "(ci.movie_id = t.id)",
                "Plans": [
                  {
                    "Node Type": "Seq Scan",
                    "Parent Relationship": "Outer",
                    "Parallel Aware": true,
                    "Relation Name": "cast_info",
                    "Alias": "ci",
                    "Startup Cost": 0.0,
                    "Total Cost": 519069.44,
                    "Plan Rows": 13971936,
                    "Plan Width": 4,
                    "Actual Startup Time": 483.9,
                    "Actual Total Time": 1746.847,
                    "Actual Rows": 11786828,
                    "Actual Loops": 2,
                    "Filter": "(role_id > 1)",
                    "Rows Removed by Filter": 6335344
                  },
                  {
                    "Node Type": "Hash",
                    "Parent Relationship": "Inner",
                    "Parallel Aware": true,
                    "Startup Cost": 266138.98,
                    "Total Cost": 266138.98,
                    "Plan Rows": 470123,
                    "Plan Width": 8,
                    "Actual Startup Time": 792.608,
                    "Actual Total Time": 793.212,
                    "Actual Rows": 301178,
                    "Actual Loops": 2,
                    "Hash Buckets": 1048576,
                    "Original Hash Buckets": 1048576,
                    "Hash Batches": 1,
                    "Original Hash Batches": 1,
                    "Peak Memory Usage": 31776,
                    "Plans": [
                      {
                        "Node Type": "Hash Join",
                        "Parent Relationship": "Outer",
                        "Parallel Aware": true,
                        "Join Type": "Inner",
                        "Startup Cost": 92930.76,
                        "Total Cost": 266138.98,
                        "Plan Rows": 470123,
                        "Plan Width": 8,
                        "Actual Startup Time": 435.982,
                        "Actual Total Time": 713.695,
                        "Actual Rows": 301178,
                        "Actual Loops": 2,
                        "Inner Unique": true,
                        "Hash Cond": "(mi.movie_id = t.id)",
                        "Plans": [
                          {
                            "Node Type": "Bitmap Heap Scan",
                            "Parent Relationship": "Outer",
                            "Parallel Aware": true,
                            "Relation Name": "movie_info",
                            "Alias": "mi",
                            "Startup Cost": 22837.73,
                            "Total Cost": 194099.51,
                            "Plan Rows": 741502,
                            "Plan Width": 4,
                            "Actual Startup Time": 36.786,
                            "Actual Total Time": 95.042,
                            "Actual Rows": 644464,
                            "Actual Loops": 2,
                            "Recheck Cond": "(info_type_id = 2)",
                            "Rows Removed by Index Recheck": 0,
                            "Exact Heap Blocks": 4403,
                            "Lossy Heap Blocks": 0,
                            "Plans": [
                              {
                                "Node Type": "Bitmap Index Scan",
                                "Parent Relationship": "Outer",
                                "Parallel Aware": false,
                                "Index Name": "info_type_id_movie_info",
                                "Startup Cost": 0.0,
                                "Total Cost": 22522.59,
                                "Plan Rows": 1260554,
                                "Plan Width": 0,
                                "Actual Startup Time": 35.523,
                                "Actual Total Time": 35.524,
                                "Actual Rows": 1288928,
                                "Actual Loops": 1,
                                "Index Cond": "(info_type_id = 2)"
                              }
                            ]
                          },
                          {
                            "Node Type": "Hash",
                            "Parent Relationship": "Inner",
                            "Parallel Aware": true,
                            "Startup Cost": 58306.47,
                            "Total Cost": 58306.47,
                            "Plan Rows": 942925,
                            "Plan Width": 4,
                            "Actual Startup Time": 389.748,
                            "Actual Total Time": 389.749,
                            "Actual Rows": 854718,
                            "Actual Loops": 2,
                            "Hash Buckets": 2097152,
                            "Original Hash Buckets": 2097152,
                            "Hash Batches": 1,
                            "Original Hash Batches": 1,
                            "Peak Memory Usage": 83264,
                            "Plans": [
                              {
                                "Node Type": "Seq Scan",
                                "Parent Relationship": "Outer",
                                "Parallel Aware": true,
                                "Relation Name": "title",
                                "Alias": "t",
                                "Startup Cost": 0.0,
                                "Total Cost": 58306.47,
                                "Plan Rows": 942925,
                                "Plan Width": 4,
                                "Actual Startup Time": 0.035,
                                "Actual Total Time": 174.888,
                                "Actual Rows": 854718,
                                "Actual Loops": 2,
                                "Filter": "((kind_id > 1) AND (production_year > 1964))",
                                "Rows Removed by Filter": 409438
                              }
                            ]
                          }
                        ]
                      }
                    ]
                  }
                ]
              }
            ]
          }
        ]
      }
    ]
  },
  "Planning Time": 1.032,
  "Triggers": [],
  "Execution Time": 4843.174
}