[
    {
        "Bao": {
            "Bao prediction": "NaN",
            "Bao recommended hint": "(no hint)"
        }
    },
    {
        "Plan": {
            "Node Type": "Aggregate",
            "Strategy": "Plain",
            "Partial Mode": "Finalize",
            "Parallel Aware": false,
            "Startup Cost": 84036.86,
            "Total Cost": 84036.87,
            "Plan Rows": 1,
            "Plan Width": 8,
            "Actual Startup Time": 246.513,
            "Actual Total Time": 257.292,
            "Actual Rows": 1,
            "Actual Loops": 1,
            "Output": [
                "count(*)"
            ],
            "Plans": [
                {
                    "Node Type": "Gather",
                    "Parent Relationship": "Outer",
                    "Parallel Aware": false,
                    "Startup Cost": 84036.54,
                    "Total Cost": 84036.85,
                    "Plan Rows": 3,
                    "Plan Width": 8,
                    "Actual Startup Time": 243.938,
                    "Actual Total Time": 257.284,
                    "Actual Rows": 4,
                    "Actual Loops": 1,
                    "Output": [
                        "(PARTIAL count(*))"
                    ],
                    "Workers Planned": 3,
                    "Workers Launched": 3,
                    "Single Copy": false,
                    "Plans": [
                        {
                            "Node Type": "Aggregate",
                            "Strategy": "Plain",
                            "Partial Mode": "Partial",
                            "Parent Relationship": "Outer",
                            "Parallel Aware": false,
                            "Startup Cost": 83036.54,
                            "Total Cost": 83036.55,
                            "Plan Rows": 1,
                            "Plan Width": 8,
                            "Actual Startup Time": 234.964,
                            "Actual Total Time": 234.968,
                            "Actual Rows": 1,
                            "Actual Loops": 4,
                            "Output": [
                                "PARTIAL count(*)"
                            ],
                            "Workers": [
                                {
                                    "Worker Number": 0,
                                    "Actual Startup Time": 231.913,
                                    "Actual Total Time": 231.917,
                                    "Actual Rows": 1,
                                    "Actual Loops": 1
                                },
                                {
                                    "Worker Number": 1,
                                    "Actual Startup Time": 232.016,
                                    "Actual Total Time": 232.02,
                                    "Actual Rows": 1,
                                    "Actual Loops": 1
                                },
                                {
                                    "Worker Number": 2,
                                    "Actual Startup Time": 232.387,
                                    "Actual Total Time": 232.39,
                                    "Actual Rows": 1,
                                    "Actual Loops": 1
                                }
                            ],
                            "Plans": [
                                {
                                    "Node Type": "Hash Join",
                                    "Parent Relationship": "Outer",
                                    "Parallel Aware": true,
                                    "Join Type": "Inner",
                                    "Startup Cost": 56364.46,
                                    "Total Cost": 82967.33,
                                    "Plan Rows": 27683,
                                    "Plan Width": 0,
                                    "Actual Startup Time": 153.85,
                                    "Actual Total Time": 234.638,
                                    "Actual Rows": 4202,
                                    "Actual Loops": 4,
                                    "Inner Unique": true,
                                    "Hash Cond": "(mk.movie_id = t.id)",
                                    "Workers": [
                                        {
                                            "Worker Number": 0,
                                            "Actual Startup Time": 151.173,
                                            "Actual Total Time": 231.581,
                                            "Actual Rows": 3642,
                                            "Actual Loops": 1
                                        },
                                        {
                                            "Worker Number": 1,
                                            "Actual Startup Time": 151.064,
                                            "Actual Total Time": 231.682,
                                            "Actual Rows": 3800,
                                            "Actual Loops": 1
                                        },
                                        {
                                            "Worker Number": 2,
                                            "Actual Startup Time": 151.14,
                                            "Actual Total Time": 232.036,
                                            "Actual Rows": 3412,
                                            "Actual Loops": 1
                                        }
                                    ],
                                    "Plans": [
                                        {
                                            "Node Type": "Bitmap Heap Scan",
                                            "Parent Relationship": "Outer",
                                            "Parallel Aware": true,
                                            "Relation Name": "movie_keyword",
                                            "Schema": "public",
                                            "Alias": "mk",
                                            "Startup Cost": 9345.77,
                                            "Total Cost": 35575.7,
                                            "Plan Rows": 142075,
                                            "Plan Width": 4,
                                            "Actual Startup Time": 24.953,
                                            "Actual Total Time": 79.7,
                                            "Actual Rows": 110243,
                                            "Actual Loops": 4,
                                            "Output": [
                                                "mk.id",
                                                "mk.movie_id",
                                                "mk.keyword_id"
                                            ],
                                            "Recheck Cond": "(mk.keyword_id < 342)",
                                            "Rows Removed by Index Recheck": 0,
                                            "Exact Heap Blocks": 8546,
                                            "Lossy Heap Blocks": 0,
                                            "Workers": [
                                                {
                                                    "Worker Number": 0,
                                                    "Actual Startup Time": 24.99,
                                                    "Actual Total Time": 81.856,
                                                    "Actual Rows": 79982,
                                                    "Actual Loops": 1
                                                },
                                                {
                                                    "Worker Number": 1,
                                                    "Actual Startup Time": 25.023,
                                                    "Actual Total Time": 80.708,
                                                    "Actual Rows": 104881,
                                                    "Actual Loops": 1
                                                },
                                                {
                                                    "Worker Number": 2,
                                                    "Actual Startup Time": 24.919,
                                                    "Actual Total Time": 80.98,
                                                    "Actual Rows": 104440,
                                                    "Actual Loops": 1
                                                }
                                            ],
                                            "Plans": [
                                                {
                                                    "Node Type": "Bitmap Index Scan",
                                                    "Parent Relationship": "Outer",
                                                    "Parallel Aware": false,
                                                    "Index Name": "keyword_id_movie_keyword",
                                                    "Startup Cost": 0.0,
                                                    "Total Cost": 9235.67,
                                                    "Plan Rows": 440431,
                                                    "Plan Width": 0,
                                                    "Actual Startup Time": 21.292,
                                                    "Actual Total Time": 21.292,
                                                    "Actual Rows": 440973,
                                                    "Actual Loops": 1,
                                                    "Index Cond": "(mk.keyword_id < 342)"
                                                }
                                            ]
                                        },
                                        {
                                            "Node Type": "Hash",
                                            "Parent Relationship": "Inner",
                                            "Parallel Aware": true,
                                            "Startup Cost": 45479.21,
                                            "Total Cost": 45479.21,
                                            "Plan Rows": 123158,
                                            "Plan Width": 4,
                                            "Actual Startup Time": 126.547,
                                            "Actual Total Time": 126.548,
                                            "Actual Rows": 94836,
                                            "Actual Loops": 4,
                                            "Output": [
                                                "t.id"
                                            ],
                                            "Hash Buckets": 524288,
                                            "Original Hash Buckets": 524288,
                                            "Hash Batches": 1,
                                            "Original Hash Batches": 1,
                                            "Peak Memory Usage": 19008,
                                            "Workers": [
                                                {
                                                    "Worker Number": 0,
                                                    "Actual Startup Time": 125.199,
                                                    "Actual Total Time": 125.2,
                                                    "Actual Rows": 65781,
                                                    "Actual Loops": 1
                                                },
                                                {
                                                    "Worker Number": 1,
                                                    "Actual Startup Time": 125.289,
                                                    "Actual Total Time": 125.29,
                                                    "Actual Rows": 87340,
                                                    "Actual Loops": 1
                                                },
                                                {
                                                    "Worker Number": 2,
                                                    "Actual Startup Time": 125.658,
                                                    "Actual Total Time": 125.659,
                                                    "Actual Rows": 92658,
                                                    "Actual Loops": 1
                                                }
                                            ],
                                            "Plans": [
                                                {
                                                    "Node Type": "Seq Scan",
                                                    "Parent Relationship": "Outer",
                                                    "Parallel Aware": true,
                                                    "Relation Name": "title",
                                                    "Schema": "public",
                                                    "Alias": "t",
                                                    "Startup Cost": 0.0,
                                                    "Total Cost": 45479.21,
                                                    "Plan Rows": 123158,
                                                    "Plan Width": 4,
                                                    "Actual Startup Time": 0.039,
                                                    "Actual Total Time": 93.194,
                                                    "Actual Rows": 94836,
                                                    "Actual Loops": 4,
                                                    "Output": [
                                                        "t.id"
                                                    ],
                                                    "Filter": "((t.production_year < 1995) AND (t.kind_id = 7))",
                                                    "Rows Removed by Filter": 537242,
                                                    "Workers": [
                                                        {
                                                            "Worker Number": 0,
                                                            "Actual Startup Time": 0.048,
                                                            "Actual Total Time": 95.13,
                                                            "Actual Rows": 65781,
                                                            "Actual Loops": 1
                                                        },
                                                        {
                                                            "Worker Number": 1,
                                                            "Actual Startup Time": 0.043,
                                                            "Actual Total Time": 91.87,
                                                            "Actual Rows": 87340,
                                                            "Actual Loops": 1
                                                        },
                                                        {
                                                            "Worker Number": 2,
                                                            "Actual Startup Time": 0.049,
                                                            "Actual Total Time": 93.656,
                                                            "Actual Rows": 92658,
                                                            "Actual Loops": 1
                                                        }
                                                    ]
                                                }
                                            ]
                                        }
                                    ]
                                }
                            ]
                        }
                    ]
                }
            ]
        },
        "Planning Time": 188.72,
        "Triggers": [],
        "Execution Time": 257.406
    }
]