[
  {
    "Plan": {
      "Node Type": "Aggregate",
      "Strategy": "Plain",
      "Partial Mode": "Finalize",
      "Parallel Aware": false,
      "Startup Cost": 61356.57,
      "Total Cost": 61356.58,
      "Plan Rows": 1,
      "Plan Width": 8,
      "Actual Startup Time": 90.194,
      "Actual Total Time": 104.816,
      "Actual Rows": 1,
      "Actual Loops": 1,
      "Plans": [
        {
          "Node Type": "Gather",
          "Parent Relationship": "Outer",
          "Parallel Aware": false,
          "Startup Cost": 61356.25,
          "Total Cost": 61356.56,
          "Plan Rows": 3,
          "Plan Width": 8,
          "Actual Startup Time": 89.659,
          "Actual Total Time": 104.809,
          "Actual Rows": 4,
          "Actual Loops": 1,
          "Workers Planned": 3,
          "Workers Launched": 3,
          "Single Copy": false,
          "Plans": [
            {
              "Node Type": "Aggregate",
              "Strategy": "Plain",
              "Partial Mode": "Partial",
              "Parent Relationship": "Outer",
              "Parallel Aware": false,
              "Startup Cost": 60356.25,
              "Total Cost": 60356.26,
              "Plan Rows": 1,
              "Plan Width": 8,
              "Actual Startup Time": 80.06,
              "Actual Total Time": 80.062,
              "Actual Rows": 1,
              "Actual Loops": 4,
              "Plans": [
                {
                  "Node Type": "Nested Loop",
                  "Parent Relationship": "Outer",
                  "Parallel Aware": false,
                  "Join Type": "Inner",
                  "Startup Cost": 390.84,
                  "Total Cost": 60350.98,
                  "Plan Rows": 2109,
                  "Plan Width": 0,
                  "Actual Startup Time": 10.876,
                  "Actual Total Time": 79.609,
                  "Actual Rows": 3011,
                  "Actual Loops": 4,
                  "Inner Unique": false,
                  "Plans": [
                    {
                      "Node Type": "Nested Loop",
                      "Parent Relationship": "Outer",
                      "Parallel Aware": false,
                      "Join Type": "Inner",
                      "Startup Cost": 390.28,
                      "Total Cost": 57295.15,
                      "Plan Rows": 147,
                      "Plan Width": 8,
                      "Actual Startup Time": 10.337,
                      "Actual Total Time": 60.29,
                      "Actual Rows": 86,
                      "Actual Loops": 4,
                      "Inner Unique": true,
                      "Plans": [
                        {
                          "Node Type": "Bitmap Heap Scan",
                          "Parent Relationship": "Outer",
                          "Parallel Aware": true,
                          "Relation Name": "movie_keyword",
                          "Alias": "mk",
                          "Startup Cost": 389.85,
                          "Total Cost": 24231.11,
                          "Plan Rows": 5886,
                          "Plan Width": 4,
                          "Actual Startup Time": 6.238,
                          "Actual Total Time": 21.771,
                          "Actual Rows": 5130,
                          "Actual Loops": 4,
                          "Recheck Cond": "(keyword_id = 382)",
                          "Rows Removed by Index Recheck": 0,
                          "Exact Heap Blocks": 6013,
                          "Lossy Heap Blocks": 0,
                          "Plans": [
                            {
                              "Node Type": "Bitmap Index Scan",
                              "Parent Relationship": "Outer",
                              "Parallel Aware": false,
                              "Index Name": "keyword_id_movie_keyword",
                              "Startup Cost": 0.0,
                              "Total Cost": 385.28,
                              "Plan Rows": 18247,
                              "Plan Width": 0,
                              "Actual Startup Time": 10.639,
                              "Actual Total Time": 10.639,
                              "Actual Rows": 20522,
                              "Actual Loops": 1,
                              "Index Cond": "(keyword_id = 382)"
                            }
                          ]
                        },
                        {
                          "Node Type": "Index Scan",
                          "Parent Relationship": "Inner",
                          "Parallel Aware": false,
                          "Scan Direction": "Forward",
                          "Index Name": "title_pkey",
                          "Relation Name": "title",
                          "Alias": "t",
                          "Startup Cost": 0.43,
                          "Total Cost": 5.62,
                          "Plan Rows": 1,
                          "Plan Width": 4,
                          "Actual Startup Time": 0.007,
                          "Actual Total Time": 0.007,
                          "Actual Rows": 0,
                          "Actual Loops": 20522,
                          "Index Cond": "(id = mk.movie_id)",
                          "Rows Removed by Index Recheck": 0,
                          "Filter": "((kind_id < 7) AND (production_year = 2011))",
                          "Rows Removed by Filter": 1
                        }
                      ]
                    },
                    {
                      "Node Type": "Index Only Scan",
                      "Parent Relationship": "Inner",
                      "Parallel Aware": false,
                      "Scan Direction": "Forward",
                      "Index Name": "movie_id_cast_info",
                      "Relation Name": "cast_info",
                      "Alias": "ci",
                      "Startup Cost": 0.56,
                      "Total Cost": 20.42,
                      "Plan Rows": 37,
                      "Plan Width": 4,
                      "Actual Startup Time": 0.025,
                      "Actual Total Time": 0.218,
                      "Actual Rows": 35,
                      "Actual Loops": 346,
                      "Index Cond": "(movie_id = t.id)",
                      "Rows Removed by Index Recheck": 0,
                      "Heap Fetches": 12044
                    }
                  ]
                }
              ]
            }
          ]
        }
      ]
    },
    "Planning Time": 1.35,
    "Triggers": [],
    "Execution Time": 104.92
  }
]