{
  "Plan": {
    "Node Type": "Aggregate",
    "Strategy": "Plain",
    "Partial Mode": "Finalize",
    "Parallel Aware": false,
    "Startup Cost": 116628.17,
    "Total Cost": 116628.18,
    "Plan Rows": 1,
    "Plan Width": 8,
    "Actual Startup Time": 452.191,
    "Actual Total Time": 469.014,
    "Actual Rows": 1,
    "Actual Loops": 1,
    "Plans": [
      {
        "Node Type": "Gather",
        "Parent Relationship": "Outer",
        "Parallel Aware": false,
        "Startup Cost": 116628.06,
        "Total Cost": 116628.17,
        "Plan Rows": 1,
        "Plan Width": 8,
        "Actual Startup Time": 450.842,
        "Actual Total Time": 469.007,
        "Actual Rows": 2,
        "Actual Loops": 1,
        "Workers Planned": 1,
        "Workers Launched": 1,
        "Single Copy": false,
        "Plans": [
          {
            "Node Type": "Aggregate",
            "Strategy": "Plain",
            "Partial Mode": "Partial",
            "Parent Relationship": "Outer",
            "Parallel Aware": false,
            "Startup Cost": 115628.06,
            "Total Cost": 115628.07,
            "Plan Rows": 1,
            "Plan Width": 8,
            "Actual Startup Time": 444.844,
            "Actual Total Time": 444.848,
            "Actual Rows": 1,
            "Actual Loops": 2,
            "Plans": [
              {
                "Node Type": "Hash Join",
                "Parent Relationship": "Outer",
                "Parallel Aware": true,
                "Join Type": "Inner",
                "Startup Cost": 82597.01,
                "Total Cost": 115287.42,
                "Plan Rows": 136255,
                "Plan Width": 0,
                "Actual Startup Time": 278.583,
                "Actual Total Time": 436.795,
                "Actual Rows": 188439,
                "Actual Loops": 2,
                "Inner Unique": true,
                "Hash Cond": "(mk.movie_id = t.id)",
                "Plans": [
                  {
                    "Node Type": "Bitmap Heap Scan",
                    "Parent Relationship": "Outer",
                    "Parallel Aware": true,
                    "Relation Name": "movie_keyword",
                    "Alias": "mk",
                    "Startup Cost": 19638.96,
                    "Total Cost": 50899.92,
                    "Plan Rows": 544556,
                    "Plan Width": 4,
                    "Actual Startup Time": 52.763,
                    "Actual Total Time": 139.881,
                    "Actual Rows": 452774,
                    "Actual Loops": 2,
                    "Recheck Cond": "(keyword_id > 20353)",
                    "Rows Removed by Index Recheck": 0,
                    "Exact Heap Blocks": 13968,
                    "Lossy Heap Blocks": 0,
                    "Plans": [
                      {
                        "Node Type": "Bitmap Index Scan",
                        "Parent Relationship": "Outer",
                        "Parallel Aware": false,
                        "Index Name": "keyword_id_movie_keyword",
                        "Startup Cost": 0.0,
                        "Total Cost": 19407.53,
                        "Plan Rows": 925746,
                        "Plan Width": 0,
                        "Actual Startup Time": 49.072,
                        "Actual Total Time": 49.073,
                        "Actual Rows": 905548,
                        "Actual Loops": 1,
                        "Index Cond": "(keyword_id > 20353)"
                      }
                    ]
                  },
                  {
                    "Node Type": "Hash",
                    "Parent Relationship": "Inner",
                    "Parallel Aware": true,
                    "Startup Cost": 58306.47,
                    "Total Cost": 58306.47,
                    "Plan Rows": 372126,
                    "Plan Width": 4,
                    "Actual Startup Time": 216.638,
                    "Actual Total Time": 216.639,
                    "Actual Rows": 266292,
                    "Actual Loops": 2,
                    "Hash Buckets": 1048576,
                    "Original Hash Buckets": 1048576,
                    "Hash Batches": 1,
                    "Original Hash Batches": 1,
                    "Peak Memory Usage": 29056,
                    "Plans": [
                      {
                        "Node Type": "Seq Scan",
                        "Parent Relationship": "Outer",
                        "Parallel Aware": true,
                        "Relation Name": "title",
                        "Alias": "t",
                        "Startup Cost": 0.0,
                        "Total Cost": 58306.47,
                        "Plan Rows": 372126,
                        "Plan Width": 4,
                        "Actual Startup Time": 0.031,
                        "Actual Total Time": 151.054,
                        "Actual Rows": 266292,
                        "Actual Loops": 2,
                        "Filter": "((kind_id < 7) AND (production_year > 1995))",
                        "Rows Removed by Filter": 997864
                      }
                    ]
                  }
                ]
              }
            ]
          }
        ]
      }
    ]
  },
  "Planning Time": 0.63,
  "Triggers": [],
  "Execution Time": 469.1
}