{
  "Plan": {
    "Node Type": "Aggregate",
    "Strategy": "Plain",
    "Partial Mode": "Finalize",
    "Parallel Aware": false,
    "Startup Cost": 90682.7,
    "Total Cost": 90682.71,
    "Plan Rows": 1,
    "Plan Width": 8,
    "Actual Startup Time": 309.063,
    "Actual Total Time": 324.985,
    "Actual Rows": 1,
    "Actual Loops": 1,
    "Plans": [
      {
        "Node Type": "Gather",
        "Parent Relationship": "Outer",
        "Parallel Aware": false,
        "Startup Cost": 90682.59,
        "Total Cost": 90682.7,
        "Plan Rows": 1,
        "Plan Width": 8,
        "Actual Startup Time": 308.854,
        "Actual Total Time": 324.978,
        "Actual Rows": 2,
        "Actual Loops": 1,
        "Workers Planned": 1,
        "Workers Launched": 1,
        "Single Copy": false,
        "Plans": [
          {
            "Node Type": "Aggregate",
            "Strategy": "Plain",
            "Partial Mode": "Partial",
            "Parent Relationship": "Outer",
            "Parallel Aware": false,
            "Startup Cost": 89682.59,
            "Total Cost": 89682.6,
            "Plan Rows": 1,
            "Plan Width": 8,
            "Actual Startup Time": 302.806,
            "Actual Total Time": 302.809,
            "Actual Rows": 1,
            "Actual Loops": 2,
            "Plans": [
              {
                "Node Type": "Nested Loop",
                "Parent Relationship": "Outer",
                "Parallel Aware": false,
                "Join Type": "Inner",
                "Startup Cost": 58434.98,
                "Total Cost": 89600.84,
                "Plan Rows": 32700,
                "Plan Width": 0,
                "Actual Startup Time": 158.161,
                "Actual Total Time": 301.014,
                "Actual Rows": 29632,
                "Actual Loops": 2,
                "Inner Unique": false,
                "Join Filter": "(t.id = mi.movie_id)",
                "Rows Removed by Join Filter": 0,
                "Plans": [
                  {
                    "Node Type": "Hash Join",
                    "Parent Relationship": "Outer",
                    "Parallel Aware": true,
                    "Join Type": "Inner",
                    "Startup Cost": 58434.54,
                    "Total Cost": 76618.33,
                    "Plan Rows": 5592,
                    "Plan Width": 8,
                    "Actual Startup Time": 158.067,
                    "Actual Total Time": 273.025,
                    "Actual Rows": 3610,
                    "Actual Loops": 2,
                    "Inner Unique": true,
                    "Hash Cond": "(mi_idx.movie_id = t.id)",
                    "Plans": [
                      {
                        "Node Type": "Seq Scan",
                        "Parent Relationship": "Outer",
                        "Parallel Aware": true,
                        "Relation Name": "movie_info_idx",
                        "Alias": "mi_idx",
                        "Startup Cost": 0.0,
                        "Total Cost": 16052.85,
                        "Plan Rows": 811785,
                        "Plan Width": 4,
                        "Actual Startup Time": 0.021,
                        "Actual Total Time": 55.076,
                        "Actual Rows": 690018,
                        "Actual Loops": 2
                      },
                      {
                        "Node Type": "Hash",
                        "Parent Relationship": "Inner",
                        "Parallel Aware": true,
                        "Startup Cost": 58306.47,
                        "Total Cost": 58306.47,
                        "Plan Rows": 10246,
                        "Plan Width": 4,
                        "Actual Startup Time": 156.329,
                        "Actual Total Time": 156.33,
                        "Actual Rows": 9443,
                        "Actual Loops": 2,
                        "Hash Buckets": 32768,
                        "Original Hash Buckets": 32768,
                        "Hash Batches": 1,
                        "Original Hash Batches": 1,
                        "Peak Memory Usage": 1024,
                        "Plans": [
                          {
                            "Node Type": "Seq Scan",
                            "Parent Relationship": "Outer",
                            "Parallel Aware": true,
                            "Relation Name": "title",
                            "Alias": "t",
                            "Startup Cost": 0.0,
                            "Total Cost": 58306.47,
                            "Plan Rows": 10246,
                            "Plan Width": 4,
                            "Actual Startup Time": 0.107,
                            "Actual Total Time": 152.406,
                            "Actual Rows": 9443,
                            "Actual Loops": 2,
                            "Filter": "((kind_id = 7) AND (production_year = 1994))",
                            "Rows Removed by Filter": 1254713
                          }
                        ]
                      }
                    ]
                  },
                  {
                    "Node Type": "Index Only Scan",
                    "Parent Relationship": "Inner",
                    "Parallel Aware": false,
                    "Scan Direction": "Forward",
                    "Index Name": "movie_id_movie_info",
                    "Relation Name": "movie_info",
                    "Alias": "mi",
                    "Startup Cost": 0.43,
                    "Total Cost": 1.8,
                    "Plan Rows": 42,
                    "Plan Width": 4,
                    "Actual Startup Time": 0.003,
                    "Actual Total Time": 0.007,
                    "Actual Rows": 8,
                    "Actual Loops": 7221,
                    "Index Cond": "(movie_id = mi_idx.movie_id)",
                    "Rows Removed by Index Recheck": 0,
                    "Heap Fetches": 59265
                  }
                ]
              }
            ]
          }
        ]
      }
    ]
  },
  "Planning Time": 0.954,
  "Triggers": [],
  "Execution Time": 325.071
}