[
  {
    "Plan": {
      "Node Type": "Aggregate",
      "Strategy": "Plain",
      "Partial Mode": "Finalize",
      "Parallel Aware": false,
      "Startup Cost": 47317.13,
      "Total Cost": 47317.14,
      "Plan Rows": 1,
      "Plan Width": 8,
      "Actual Startup Time": 189.079,
      "Actual Total Time": 197.073,
      "Actual Rows": 1,
      "Actual Loops": 1,
      "Plans": [
        {
          "Node Type": "Gather",
          "Parent Relationship": "Outer",
          "Parallel Aware": false,
          "Startup Cost": 47316.81,
          "Total Cost": 47317.12,
          "Plan Rows": 3,
          "Plan Width": 8,
          "Actual Startup Time": 188.964,
          "Actual Total Time": 197.064,
          "Actual Rows": 4,
          "Actual Loops": 1,
          "Workers Planned": 3,
          "Workers Launched": 3,
          "Single Copy": false,
          "Plans": [
            {
              "Node Type": "Aggregate",
              "Strategy": "Plain",
              "Partial Mode": "Partial",
              "Parent Relationship": "Outer",
              "Parallel Aware": false,
              "Startup Cost": 46316.81,
              "Total Cost": 46316.82,
              "Plan Rows": 1,
              "Plan Width": 8,
              "Actual Startup Time": 182.405,
              "Actual Total Time": 182.406,
              "Actual Rows": 1,
              "Actual Loops": 4,
              "Plans": [
                {
                  "Node Type": "Seq Scan",
                  "Parent Relationship": "Outer",
                  "Parallel Aware": true,
                  "Relation Name": "movie_keyword",
                  "Alias": "mk",
                  "Startup Cost": 0.0,
                  "Total Cost": 42695.65,
                  "Plan Rows": 1448464,
                  "Plan Width": 0,
                  "Actual Startup Time": 0.043,
                  "Actual Total Time": 128.763,
                  "Actual Rows": 1122582,
                  "Actual Loops": 4,
                  "Filter": "(keyword_id < 108294)",
                  "Rows Removed by Filter": 8401
                }
              ]
            }
          ]
        }
      ]
    },
    "Planning Time": 0.266,
    "Triggers": [],
    "Execution Time": 197.129
  }
]