[
  {
    "Plan": {
      "Node Type": "Aggregate",
      "Strategy": "Plain",
      "Partial Mode": "Finalize",
      "Parallel Aware": false,
      "Startup Cost": 45500.42,
      "Total Cost": 45500.43,
      "Plan Rows": 1,
      "Plan Width": 8,
      "Actual Startup Time": 147.831,
      "Actual Total Time": 157.312,
      "Actual Rows": 1,
      "Actual Loops": 1,
      "Plans": [
        {
          "Node Type": "Gather",
          "Parent Relationship": "Outer",
          "Parallel Aware": false,
          "Startup Cost": 45500.11,
          "Total Cost": 45500.42,
          "Plan Rows": 3,
          "Plan Width": 8,
          "Actual Startup Time": 147.59,
          "Actual Total Time": 157.302,
          "Actual Rows": 4,
          "Actual Loops": 1,
          "Workers Planned": 3,
          "Workers Launched": 3,
          "Single Copy": false,
          "Plans": [
            {
              "Node Type": "Aggregate",
              "Strategy": "Plain",
              "Partial Mode": "Partial",
              "Parent Relationship": "Outer",
              "Parallel Aware": false,
              "Startup Cost": 44500.11,
              "Total Cost": 44500.12,
              "Plan Rows": 1,
              "Plan Width": 8,
              "Actual Startup Time": 141.028,
              "Actual Total Time": 141.029,
              "Actual Rows": 1,
              "Actual Loops": 4,
              "Plans": [
                {
                  "Node Type": "Seq Scan",
                  "Parent Relationship": "Outer",
                  "Parallel Aware": true,
                  "Relation Name": "movie_keyword",
                  "Alias": "mk",
                  "Startup Cost": 0.0,
                  "Total Cost": 42695.65,
                  "Plan Rows": 721781,
                  "Plan Width": 0,
                  "Actual Startup Time": 0.718,
                  "Actual Total Time": 114.695,
                  "Actual Rows": 558823,
                  "Actual Loops": 4,
                  "Filter": "(keyword_id > 4862)",
                  "Rows Removed by Filter": 572160
                }
              ]
            }
          ]
        }
      ]
    },
    "Planning Time": 0.179,
    "Triggers": [],
    "Execution Time": 157.365
  }
]