[
    {
        "Bao": {
            "Bao prediction": "NaN",
            "Bao recommended hint": "(no hint)"
        }
    },
    {
        "Plan": {
            "Node Type": "Aggregate",
            "Strategy": "Plain",
            "Partial Mode": "Finalize",
            "Parallel Aware": false,
            "Startup Cost": 339890.02,
            "Total Cost": 339890.03,
            "Plan Rows": 1,
            "Plan Width": 8,
            "Actual Startup Time": 809.946,
            "Actual Total Time": 839.431,
            "Actual Rows": 1,
            "Actual Loops": 1,
            "Output": [
                "count(*)"
            ],
            "Plans": [
                {
                    "Node Type": "Gather",
                    "Parent Relationship": "Outer",
                    "Parallel Aware": false,
                    "Startup Cost": 339889.39,
                    "Total Cost": 339890.0,
                    "Plan Rows": 6,
                    "Plan Width": 8,
                    "Actual Startup Time": 809.84,
                    "Actual Total Time": 839.421,
                    "Actual Rows": 7,
                    "Actual Loops": 1,
                    "Output": [
                        "(PARTIAL count(*))"
                    ],
                    "Workers Planned": 6,
                    "Workers Launched": 6,
                    "Single Copy": false,
                    "Plans": [
                        {
                            "Node Type": "Aggregate",
                            "Strategy": "Plain",
                            "Partial Mode": "Partial",
                            "Parent Relationship": "Outer",
                            "Parallel Aware": false,
                            "Startup Cost": 338889.39,
                            "Total Cost": 338889.4,
                            "Plan Rows": 1,
                            "Plan Width": 8,
                            "Actual Startup Time": 800.397,
                            "Actual Total Time": 800.398,
                            "Actual Rows": 1,
                            "Actual Loops": 7,
                            "Output": [
                                "PARTIAL count(*)"
                            ],
                            "Workers": [
                                {
                                    "Worker Number": 0,
                                    "Actual Startup Time": 798.642,
                                    "Actual Total Time": 798.643,
                                    "Actual Rows": 1,
                                    "Actual Loops": 1
                                },
                                {
                                    "Worker Number": 1,
                                    "Actual Startup Time": 798.704,
                                    "Actual Total Time": 798.706,
                                    "Actual Rows": 1,
                                    "Actual Loops": 1
                                },
                                {
                                    "Worker Number": 2,
                                    "Actual Startup Time": 798.742,
                                    "Actual Total Time": 798.742,
                                    "Actual Rows": 1,
                                    "Actual Loops": 1
                                },
                                {
                                    "Worker Number": 3,
                                    "Actual Startup Time": 798.655,
                                    "Actual Total Time": 798.656,
                                    "Actual Rows": 1,
                                    "Actual Loops": 1
                                },
                                {
                                    "Worker Number": 4,
                                    "Actual Startup Time": 799.109,
                                    "Actual Total Time": 799.11,
                                    "Actual Rows": 1,
                                    "Actual Loops": 1
                                },
                                {
                                    "Worker Number": 5,
                                    "Actual Startup Time": 799.443,
                                    "Actual Total Time": 799.444,
                                    "Actual Rows": 1,
                                    "Actual Loops": 1
                                }
                            ],
                            "Plans": [
                                {
                                    "Node Type": "Seq Scan",
                                    "Parent Relationship": "Outer",
                                    "Parallel Aware": true,
                                    "Relation Name": "cast_info",
                                    "Schema": "public",
                                    "Alias": "ci",
                                    "Startup Cost": 0.0,
                                    "Total Cost": 328213.62,
                                    "Plan Rows": 4270310,
                                    "Plan Width": 0,
                                    "Actual Startup Time": 117.574,
                                    "Actual Total Time": 618.035,
                                    "Actual Rows": 3656955,
                                    "Actual Loops": 7,
                                    "Output": [
                                        "id",
                                        "person_id",
                                        "movie_id",
                                        "person_role_id",
                                        "note",
                                        "nr_order",
                                        "role_id"
                                    ],
                                    "Filter": "(ci.person_id > 1044485)",
                                    "Rows Removed by Filter": 1520809,
                                    "Workers": [
                                        {
                                            "Worker Number": 0,
                                            "Actual Startup Time": 115.814,
                                            "Actual Total Time": 620.492,
                                            "Actual Rows": 4190458,
                                            "Actual Loops": 1
                                        },
                                        {
                                            "Worker Number": 1,
                                            "Actual Startup Time": 115.883,
                                            "Actual Total Time": 621.905,
                                            "Actual Rows": 4031534,
                                            "Actual Loops": 1
                                        },
                                        {
                                            "Worker Number": 2,
                                            "Actual Startup Time": 115.911,
                                            "Actual Total Time": 620.332,
                                            "Actual Rows": 4195846,
                                            "Actual Loops": 1
                                        },
                                        {
                                            "Worker Number": 3,
                                            "Actual Startup Time": 115.823,
                                            "Actual Total Time": 617.68,
                                            "Actual Rows": 2747244,
                                            "Actual Loops": 1
                                        },
                                        {
                                            "Worker Number": 4,
                                            "Actual Startup Time": 116.296,
                                            "Actual Total Time": 624.568,
                                            "Actual Rows": 2649534,
                                            "Actual Loops": 1
                                        },
                                        {
                                            "Worker Number": 5,
                                            "Actual Startup Time": 116.637,
                                            "Actual Total Time": 624.459,
                                            "Actual Rows": 2652496,
                                            "Actual Loops": 1
                                        }
                                    ]
                                }
                            ]
                        }
                    ]
                }
            ]
        },
        "Planning Time": 185.458,
        "Triggers": [],
        "Execution Time": 839.488
    }
]