[
  {
    "Plan": {
      "Node Type": "Aggregate",
      "Strategy": "Plain",
      "Partial Mode": "Finalize",
      "Parallel Aware": false,
      "Startup Cost": 351207.48,
      "Total Cost": 351207.49,
      "Plan Rows": 1,
      "Plan Width": 8,
      "Actual Startup Time": 678.652,
      "Actual Total Time": 708.843,
      "Actual Rows": 1,
      "Actual Loops": 1,
      "Plans": [
        {
          "Node Type": "Gather",
          "Parent Relationship": "Outer",
          "Parallel Aware": false,
          "Startup Cost": 351206.86,
          "Total Cost": 351207.47,
          "Plan Rows": 6,
          "Plan Width": 8,
          "Actual Startup Time": 678.532,
          "Actual Total Time": 708.835,
          "Actual Rows": 7,
          "Actual Loops": 1,
          "Workers Planned": 6,
          "Workers Launched": 6,
          "Single Copy": false,
          "Plans": [
            {
              "Node Type": "Aggregate",
              "Strategy": "Plain",
              "Partial Mode": "Partial",
              "Parent Relationship": "Outer",
              "Parallel Aware": false,
              "Startup Cost": 350206.86,
              "Total Cost": 350206.87,
              "Plan Rows": 1,
              "Plan Width": 8,
              "Actual Startup Time": 674.648,
              "Actual Total Time": 674.649,
              "Actual Rows": 1,
              "Actual Loops": 7,
              "Plans": [
                {
                  "Node Type": "Seq Scan",
                  "Parent Relationship": "Outer",
                  "Parallel Aware": true,
                  "Relation Name": "cast_info",
                  "Alias": "ci",
                  "Startup Cost": 0.0,
                  "Total Cost": 343318.94,
                  "Plan Rows": 2755168,
                  "Plan Width": 0,
                  "Actual Startup Time": 197.278,
                  "Actual Total Time": 594.39,
                  "Actual Rows": 1826868,
                  "Actual Loops": 7,
                  "Filter": "((person_id < 2628524) AND (role_id > 1))",
                  "Rows Removed by Filter": 3350895
                }
              ]
            }
          ]
        }
      ]
    },
    "Planning Time": 0.13,
    "Triggers": [],
    "Execution Time": 708.882
  }
]