[
  {
    "Plan": {
      "Node Type": "Aggregate",
      "Strategy": "Plain",
      "Partial Mode": "Finalize",
      "Parallel Aware": false,
      "Startup Cost": 351177.69,
      "Total Cost": 351177.7,
      "Plan Rows": 1,
      "Plan Width": 8,
      "Actual Startup Time": 757.587,
      "Actual Total Time": 812.788,
      "Actual Rows": 1,
      "Actual Loops": 1,
      "Plans": [
        {
          "Node Type": "Gather",
          "Parent Relationship": "Outer",
          "Parallel Aware": false,
          "Startup Cost": 351177.07,
          "Total Cost": 351177.68,
          "Plan Rows": 6,
          "Plan Width": 8,
          "Actual Startup Time": 757.459,
          "Actual Total Time": 812.778,
          "Actual Rows": 7,
          "Actual Loops": 1,
          "Workers Planned": 6,
          "Workers Launched": 6,
          "Single Copy": false,
          "Plans": [
            {
              "Node Type": "Aggregate",
              "Strategy": "Plain",
              "Partial Mode": "Partial",
              "Parent Relationship": "Outer",
              "Parallel Aware": false,
              "Startup Cost": 350177.07,
              "Total Cost": 350177.08,
              "Plan Rows": 1,
              "Plan Width": 8,
              "Actual Startup Time": 749.76,
              "Actual Total Time": 749.761,
              "Actual Rows": 1,
              "Actual Loops": 7,
              "Plans": [
                {
                  "Node Type": "Seq Scan",
                  "Parent Relationship": "Outer",
                  "Parallel Aware": true,
                  "Relation Name": "cast_info",
                  "Alias": "ci",
                  "Startup Cost": 0.0,
                  "Total Cost": 343257.03,
                  "Plan Rows": 2768016,
                  "Plan Width": 0,
                  "Actual Startup Time": 226.555,
                  "Actual Total Time": 668.971,
                  "Actual Rows": 1826868,
                  "Actual Loops": 7,
                  "Filter": "((person_id < 2628524) AND (role_id > 1))",
                  "Rows Removed by Filter": 3350895
                }
              ]
            }
          ]
        }
      ]
    },
    "Planning Time": 0.147,
    "Triggers": [],
    "Execution Time": 812.84
  }
]