{
  "Plan": {
    "Node Type": "Aggregate",
    "Strategy": "Plain",
    "Partial Mode": "Finalize",
    "Parallel Aware": false,
    "Startup Cost": 108850.88,
    "Total Cost": 108850.89,
    "Plan Rows": 1,
    "Plan Width": 8,
    "Actual Startup Time": 160.386,
    "Actual Total Time": 175.209,
    "Actual Rows": 1,
    "Actual Loops": 1,
    "Plans": [
      {
        "Node Type": "Gather",
        "Parent Relationship": "Outer",
        "Parallel Aware": false,
        "Startup Cost": 108850.77,
        "Total Cost": 108850.88,
        "Plan Rows": 1,
        "Plan Width": 8,
        "Actual Startup Time": 160.121,
        "Actual Total Time": 175.202,
        "Actual Rows": 2,
        "Actual Loops": 1,
        "Workers Planned": 1,
        "Workers Launched": 1,
        "Single Copy": false,
        "Plans": [
          {
            "Node Type": "Aggregate",
            "Strategy": "Plain",
            "Partial Mode": "Partial",
            "Parent Relationship": "Outer",
            "Parallel Aware": false,
            "Startup Cost": 107850.77,
            "Total Cost": 107850.78,
            "Plan Rows": 1,
            "Plan Width": 8,
            "Actual Startup Time": 153.84,
            "Actual Total Time": 153.845,
            "Actual Rows": 1,
            "Actual Loops": 2,
            "Plans": [
              {
                "Node Type": "Hash Join",
                "Parent Relationship": "Outer",
                "Parallel Aware": true,
                "Join Type": "Inner",
                "Startup Cost": 88747.68,
                "Total Cost": 107845.42,
                "Plan Rows": 2138,
                "Plan Width": 0,
                "Actual Startup Time": 84.175,
                "Actual Total Time": 153.451,
                "Actual Rows": 8233,
                "Actual Loops": 2,
                "Inner Unique": false,
                "Hash Cond": "(mi_idx.movie_id = t.id)",
                "Plans": [
                  {
                    "Node Type": "Seq Scan",
                    "Parent Relationship": "Outer",
                    "Parallel Aware": true,
                    "Relation Name": "movie_info_idx",
                    "Alias": "mi_idx",
                    "Startup Cost": 0.0,
                    "Total Cost": 18082.32,
                    "Plan Rows": 267429,
                    "Plan Width": 4,
                    "Actual Startup Time": 0.014,
                    "Actual Total Time": 48.733,
                    "Actual Rows": 229962,
                    "Actual Loops": 2,
                    "Filter": "(info_type_id < 100)",
                    "Rows Removed by Filter": 460055
                  },
                  {
                    "Node Type": "Hash",
                    "Parent Relationship": "Inner",
                    "Parallel Aware": true,
                    "Startup Cost": 88599.1,
                    "Total Cost": 88599.1,
                    "Plan Rows": 11886,
                    "Plan Width": 8,
                    "Actual Startup Time": 82.848,
                    "Actual Total Time": 82.85,
                    "Actual Rows": 9764,
                    "Actual Loops": 2,
                    "Hash Buckets": 32768,
                    "Original Hash Buckets": 32768,
                    "Hash Batches": 1,
                    "Original Hash Batches": 1,
                    "Peak Memory Usage": 1056,
                    "Plans": [
                      {
                        "Node Type": "Nested Loop",
                        "Parent Relationship": "Outer",
                        "Parallel Aware": false,
                        "Join Type": "Inner",
                        "Startup Cost": 429.47,
                        "Total Cost": 88599.1,
                        "Plan Rows": 11886,
                        "Plan Width": 8,
                        "Actual Startup Time": 9.228,
                        "Actual Total Time": 79.724,
                        "Actual Rows": 9764,
                        "Actual Loops": 2,
                        "Inner Unique": true,
                        "Plans": [
                          {
                            "Node Type": "Bitmap Heap Scan",
                            "Parent Relationship": "Outer",
                            "Parallel Aware": true,
                            "Relation Name": "movie_keyword",
                            "Alias": "mk",
                            "Startup Cost": 429.04,
                            "Total Cost": 24971.84,
                            "Plan Rows": 11886,
                            "Plan Width": 4,
                            "Actual Startup Time": 9.072,
                            "Actual Total Time": 30.562,
                            "Actual Rows": 9764,
                            "Actual Loops": 2,
                            "Recheck Cond": "(keyword_id = 137)",
                            "Rows Removed by Index Recheck": 0,
                            "Exact Heap Blocks": 9464,
                            "Lossy Heap Blocks": 0,
                            "Plans": [
                              {
                                "Node Type": "Bitmap Index Scan",
                                "Parent Relationship": "Outer",
                                "Parallel Aware": false,
                                "Index Name": "keyword_id_movie_keyword",
                                "Startup Cost": 0.0,
                                "Total Cost": 423.99,
                                "Plan Rows": 20207,
                                "Plan Width": 0,
                                "Actual Startup Time": 8.783,
                                "Actual Total Time": 8.783,
                                "Actual Rows": 19528,
                                "Actual Loops": 1,
                                "Index Cond": "(keyword_id = 137)"
                              }
                            ]
                          },
                          {
                            "Node Type": "Index Only Scan",
                            "Parent Relationship": "Inner",
                            "Parallel Aware": false,
                            "Scan Direction": "Forward",
                            "Index Name": "title_pkey",
                            "Relation Name": "title",
                            "Alias": "t",
                            "Startup Cost": 0.43,
                            "Total Cost": 5.35,
                            "Plan Rows": 1,
                            "Plan Width": 4,
                            "Actual Startup Time": 0.005,
                            "Actual Total Time": 0.005,
                            "Actual Rows": 1,
                            "Actual Loops": 19528,
                            "Index Cond": "(id = mk.movie_id)",
                            "Rows Removed by Index Recheck": 0,
                            "Heap Fetches": 19528
                          }
                        ]
                      }
                    ]
                  }
                ]
              }
            ]
          }
        ]
      }
    ]
  },
  "Planning Time": 1.101,
  "Triggers": [],
  "Execution Time": 175.314
}