[
  {
    "Plan": {
      "Node Type": "Aggregate",
      "Strategy": "Plain",
      "Partial Mode": "Finalize",
      "Parallel Aware": false,
      "Startup Cost": 72432.04,
      "Total Cost": 72432.05,
      "Plan Rows": 1,
      "Plan Width": 8,
      "Actual Startup Time": 255.641,
      "Actual Total Time": 275.688,
      "Actual Rows": 1,
      "Actual Loops": 1,
      "Plans": [
        {
          "Node Type": "Gather",
          "Parent Relationship": "Outer",
          "Parallel Aware": false,
          "Startup Cost": 72431.82,
          "Total Cost": 72432.03,
          "Plan Rows": 2,
          "Plan Width": 8,
          "Actual Startup Time": 255.06,
          "Actual Total Time": 275.677,
          "Actual Rows": 3,
          "Actual Loops": 1,
          "Workers Planned": 2,
          "Workers Launched": 2,
          "Single Copy": false,
          "Plans": [
            {
              "Node Type": "Aggregate",
              "Strategy": "Plain",
              "Partial Mode": "Partial",
              "Parent Relationship": "Outer",
              "Parallel Aware": false,
              "Startup Cost": 71431.82,
              "Total Cost": 71431.83,
              "Plan Rows": 1,
              "Plan Width": 8,
              "Actual Startup Time": 246.909,
              "Actual Total Time": 246.913,
              "Actual Rows": 1,
              "Actual Loops": 3,
              "Plans": [
                {
                  "Node Type": "Nested Loop",
                  "Parent Relationship": "Outer",
                  "Parallel Aware": false,
                  "Join Type": "Inner",
                  "Startup Cost": 45958.78,
                  "Total Cost": 71405.8,
                  "Plan Rows": 10408,
                  "Plan Width": 0,
                  "Actual Startup Time": 130.279,
                  "Actual Total Time": 245.249,
                  "Actual Rows": 26049,
                  "Actual Loops": 3,
                  "Inner Unique": false,
                  "Join Filter": "(t.id = mc.movie_id)",
                  "Rows Removed by Join Filter": 0,
                  "Plans": [
                    {
                      "Node Type": "Hash Join",
                      "Parent Relationship": "Outer",
                      "Parallel Aware": true,
                      "Join Type": "Inner",
                      "Startup Cost": 45958.35,
                      "Total Cost": 61589.0,
                      "Plan Rows": 11738,
                      "Plan Width": 8,
                      "Actual Startup Time": 130.21,
                      "Actual Total Time": 196.436,
                      "Actual Rows": 8508,
                      "Actual Loops": 3,
                      "Inner Unique": true,
                      "Hash Cond": "(mi_idx.movie_id = t.id)",
                      "Plans": [
                        {
                          "Node Type": "Seq Scan",
                          "Parent Relationship": "Outer",
                          "Parallel Aware": true,
                          "Relation Name": "movie_info_idx",
                          "Alias": "mi_idx",
                          "Startup Cost": 0.0,
                          "Total Cost": 15122.68,
                          "Plan Rows": 193512,
                          "Plan Width": 4,
                          "Actual Startup Time": 0.024,
                          "Actual Total Time": 40.109,
                          "Actual Rows": 153308,
                          "Actual Loops": 3,
                          "Filter": "(info_type_id = 100)",
                          "Rows Removed by Filter": 306703
                        },
                        {
                          "Node Type": "Hash",
                          "Parent Relationship": "Inner",
                          "Parallel Aware": true,
                          "Startup Cost": 45479.1,
                          "Total Cost": 45479.1,
                          "Plan Rows": 38340,
                          "Plan Width": 4,
                          "Actual Startup Time": 127.541,
                          "Actual Total Time": 127.542,
                          "Actual Rows": 44920,
                          "Actual Loops": 3,
                          "Hash Buckets": 262144,
                          "Original Hash Buckets": 262144,
                          "Hash Batches": 1,
                          "Original Hash Batches": 1,
                          "Peak Memory Usage": 7360,
                          "Plans": [
                            {
                              "Node Type": "Seq Scan",
                              "Parent Relationship": "Outer",
                              "Parallel Aware": true,
                              "Relation Name": "title",
                              "Alias": "t",
                              "Startup Cost": 0.0,
                              "Total Cost": 45479.1,
                              "Plan Rows": 38340,
                              "Plan Width": 4,
                              "Actual Startup Time": 0.114,
                              "Actual Total Time": 113.65,
                              "Actual Rows": 44920,
                              "Actual Loops": 3,
                              "Filter": "((kind_id < 7) AND (production_year > 2010))",
                              "Rows Removed by Filter": 797851
                            }
                          ]
                        }
                      ]
                    },
                    {
                      "Node Type": "Index Scan",
                      "Parent Relationship": "Inner",
                      "Parallel Aware": false,
                      "Scan Direction": "Forward",
                      "Index Name": "movie_id_movie_companies",
                      "Relation Name": "movie_companies",
                      "Alias": "mc",
                      "Startup Cost": 0.43,
                      "Total Cost": 0.77,
                      "Plan Rows": 5,
                      "Plan Width": 4,
                      "Actual Startup Time": 0.004,
                      "Actual Total Time": 0.005,
                      "Actual Rows": 3,
                      "Actual Loops": 25523,
                      "Index Cond": "(movie_id = mi_idx.movie_id)",
                      "Rows Removed by Index Recheck": 0,
                      "Filter": "(company_id > 181)",
                      "Rows Removed by Filter": 0
                    }
                  ]
                }
              ]
            }
          ]
        }
      ]
    },
    "Planning Time": 1.441,
    "Triggers": [],
    "Execution Time": 275.787
  }
]