[
  {
    "Plan": {
      "Node Type": "Aggregate",
      "Strategy": "Plain",
      "Partial Mode": "Finalize",
      "Parallel Aware": false,
      "Startup Cost": 44840.61,
      "Total Cost": 44840.62,
      "Plan Rows": 1,
      "Plan Width": 8,
      "Actual Startup Time": 141.425,
      "Actual Total Time": 156.957,
      "Actual Rows": 1,
      "Actual Loops": 1,
      "Plans": [
        {
          "Node Type": "Gather",
          "Parent Relationship": "Outer",
          "Parallel Aware": false,
          "Startup Cost": 44840.29,
          "Total Cost": 44840.6,
          "Plan Rows": 3,
          "Plan Width": 8,
          "Actual Startup Time": 141.306,
          "Actual Total Time": 156.949,
          "Actual Rows": 4,
          "Actual Loops": 1,
          "Workers Planned": 3,
          "Workers Launched": 3,
          "Single Copy": false,
          "Plans": [
            {
              "Node Type": "Aggregate",
              "Strategy": "Plain",
              "Partial Mode": "Partial",
              "Parent Relationship": "Outer",
              "Parallel Aware": false,
              "Startup Cost": 43840.29,
              "Total Cost": 43840.3,
              "Plan Rows": 1,
              "Plan Width": 8,
              "Actual Startup Time": 135.518,
              "Actual Total Time": 135.519,
              "Actual Rows": 1,
              "Actual Loops": 4,
              "Plans": [
                {
                  "Node Type": "Seq Scan",
                  "Parent Relationship": "Outer",
                  "Parallel Aware": true,
                  "Relation Name": "movie_keyword",
                  "Alias": "mk",
                  "Startup Cost": 0.0,
                  "Total Cost": 42695.65,
                  "Plan Rows": 457855,
                  "Plan Width": 0,
                  "Actual Startup Time": 1.52,
                  "Actual Total Time": 115.898,
                  "Actual Rows": 353659,
                  "Actual Loops": 4,
                  "Filter": "(keyword_id > 11813)",
                  "Rows Removed by Filter": 777323
                }
              ]
            }
          ]
        }
      ]
    },
    "Planning Time": 0.112,
    "Triggers": [],
    "Execution Time": 156.996
  }
]