{
  "Plan": {
    "Node Type": "Aggregate",
    "Strategy": "Plain",
    "Partial Mode": "Finalize",
    "Parallel Aware": false,
    "Startup Cost": 84637.29,
    "Total Cost": 84637.3,
    "Plan Rows": 1,
    "Plan Width": 8,
    "Actual Startup Time": 256.983,
    "Actual Total Time": 267.024,
    "Actual Rows": 1,
    "Actual Loops": 1,
    "Plans": [
      {
        "Node Type": "Gather",
        "Parent Relationship": "Outer",
        "Parallel Aware": false,
        "Startup Cost": 84637.18,
        "Total Cost": 84637.29,
        "Plan Rows": 1,
        "Plan Width": 8,
        "Actual Startup Time": 256.525,
        "Actual Total Time": 267.016,
        "Actual Rows": 2,
        "Actual Loops": 1,
        "Workers Planned": 1,
        "Workers Launched": 1,
        "Single Copy": false,
        "Plans": [
          {
            "Node Type": "Aggregate",
            "Strategy": "Plain",
            "Partial Mode": "Partial",
            "Parent Relationship": "Outer",
            "Parallel Aware": false,
            "Startup Cost": 83637.18,
            "Total Cost": 83637.19,
            "Plan Rows": 1,
            "Plan Width": 8,
            "Actual Startup Time": 250.451,
            "Actual Total Time": 250.455,
            "Actual Rows": 1,
            "Actual Loops": 2,
            "Plans": [
              {
                "Node Type": "Hash Join",
                "Parent Relationship": "Outer",
                "Parallel Aware": true,
                "Join Type": "Inner",
                "Startup Cost": 40103.89,
                "Total Cost": 83567.87,
                "Plan Rows": 27725,
                "Plan Width": 0,
                "Actual Startup Time": 166.15,
                "Actual Total Time": 248.981,
                "Actual Rows": 34242,
                "Actual Loops": 2,
                "Inner Unique": true,
                "Hash Cond": "(mc.movie_id = t.id)",
                "Plans": [
                  {
                    "Node Type": "Seq Scan",
                    "Parent Relationship": "Outer",
                    "Parallel Aware": true,
                    "Relation Name": "movie_companies",
                    "Alias": "mc",
                    "Startup Cost": 0.0,
                    "Total Cost": 41811.73,
                    "Plan Rows": 629431,
                    "Plan Width": 4,
                    "Actual Startup Time": 48.558,
                    "Actual Total Time": 113.108,
                    "Actual Rows": 599268,
                    "Actual Loops": 2,
                    "Filter": "((company_id > 448) AND (company_type_id = 2))",
                    "Rows Removed by Filter": 705297
                  },
                  {
                    "Node Type": "Hash",
                    "Parent Relationship": "Inner",
                    "Parallel Aware": true,
                    "Startup Cost": 39285.02,
                    "Total Cost": 39285.02,
                    "Plan Rows": 65509,
                    "Plan Width": 4,
                    "Actual Startup Time": 69.228,
                    "Actual Total Time": 69.229,
                    "Actual Rows": 58960,
                    "Actual Loops": 2,
                    "Hash Buckets": 131072,
                    "Original Hash Buckets": 131072,
                    "Hash Batches": 1,
                    "Original Hash Batches": 1,
                    "Peak Memory Usage": 5696,
                    "Plans": [
                      {
                        "Node Type": "Bitmap Heap Scan",
                        "Parent Relationship": "Outer",
                        "Parallel Aware": true,
                        "Relation Name": "title",
                        "Alias": "t",
                        "Startup Cost": 2208.78,
                        "Total Cost": 39285.02,
                        "Plan Rows": 65509,
                        "Plan Width": 4,
                        "Actual Startup Time": 17.695,
                        "Actual Total Time": 55.574,
                        "Actual Rows": 58960,
                        "Actual Loops": 2,
                        "Recheck Cond": "(kind_id = 4)",
                        "Rows Removed by Index Recheck": 0,
                        "Filter": "(production_year > 1947)",
                        "Rows Removed by Filter": 158,
                        "Exact Heap Blocks": 9661,
                        "Lossy Heap Blocks": 0,
                        "Plans": [
                          {
                            "Node Type": "Bitmap Index Scan",
                            "Parent Relationship": "Outer",
                            "Parallel Aware": false,
                            "Index Name": "kind_id_title",
                            "Startup Cost": 0.0,
                            "Total Cost": 2180.94,
                            "Plan Rows": 122201,
                            "Plan Width": 0,
                            "Actual Startup Time": 17.293,
                            "Actual Total Time": 17.293,
                            "Actual Rows": 118234,
                            "Actual Loops": 1,
                            "Index Cond": "(kind_id = 4)"
                          }
                        ]
                      }
                    ]
                  }
                ]
              }
            ]
          }
        ]
      }
    ]
  },
  "Planning Time": 0.503,
  "Triggers": [],
  "Execution Time": 267.118
}