[
  {
    "Plan": {
      "Node Type": "Aggregate",
      "Strategy": "Plain",
      "Partial Mode": "Finalize",
      "Parallel Aware": false,
      "Startup Cost": 44905.41,
      "Total Cost": 44905.42,
      "Plan Rows": 1,
      "Plan Width": 8,
      "Actual Startup Time": 115.312,
      "Actual Total Time": 122.546,
      "Actual Rows": 1,
      "Actual Loops": 1,
      "Plans": [
        {
          "Node Type": "Gather",
          "Parent Relationship": "Outer",
          "Parallel Aware": false,
          "Startup Cost": 44905.09,
          "Total Cost": 44905.4,
          "Plan Rows": 3,
          "Plan Width": 8,
          "Actual Startup Time": 115.155,
          "Actual Total Time": 122.536,
          "Actual Rows": 4,
          "Actual Loops": 1,
          "Workers Planned": 3,
          "Workers Launched": 3,
          "Single Copy": false,
          "Plans": [
            {
              "Node Type": "Aggregate",
              "Strategy": "Plain",
              "Partial Mode": "Partial",
              "Parent Relationship": "Outer",
              "Parallel Aware": false,
              "Startup Cost": 43905.09,
              "Total Cost": 43905.1,
              "Plan Rows": 1,
              "Plan Width": 8,
              "Actual Startup Time": 111.588,
              "Actual Total Time": 111.589,
              "Actual Rows": 1,
              "Actual Loops": 4,
              "Plans": [
                {
                  "Node Type": "Seq Scan",
                  "Parent Relationship": "Outer",
                  "Parallel Aware": true,
                  "Relation Name": "movie_keyword",
                  "Alias": "mk",
                  "Startup Cost": 0.0,
                  "Total Cost": 42695.65,
                  "Plan Rows": 483774,
                  "Plan Width": 0,
                  "Actual Startup Time": 0.028,
                  "Actual Total Time": 94.708,
                  "Actual Rows": 373653,
                  "Actual Loops": 4,
                  "Filter": "(keyword_id < 2144)",
                  "Rows Removed by Filter": 757329
                }
              ]
            }
          ]
        }
      ]
    },
    "Planning Time": 0.19,
    "Triggers": [],
    "Execution Time": 122.61
  }
]