[
  {
    "Plan": {
      "Node Type": "Aggregate",
      "Strategy": "Plain",
      "Partial Mode": "Finalize",
      "Parallel Aware": false,
      "Startup Cost": 348871.96,
      "Total Cost": 348871.97,
      "Plan Rows": 1,
      "Plan Width": 8,
      "Actual Startup Time": 799.772,
      "Actual Total Time": 860.343,
      "Actual Rows": 1,
      "Actual Loops": 1,
      "Plans": [
        {
          "Node Type": "Gather",
          "Parent Relationship": "Outer",
          "Parallel Aware": false,
          "Startup Cost": 348871.34,
          "Total Cost": 348871.95,
          "Plan Rows": 6,
          "Plan Width": 8,
          "Actual Startup Time": 799.621,
          "Actual Total Time": 860.331,
          "Actual Rows": 7,
          "Actual Loops": 1,
          "Workers Planned": 6,
          "Workers Launched": 6,
          "Single Copy": false,
          "Plans": [
            {
              "Node Type": "Aggregate",
              "Strategy": "Plain",
              "Partial Mode": "Partial",
              "Parent Relationship": "Outer",
              "Parallel Aware": false,
              "Startup Cost": 347871.34,
              "Total Cost": 347871.35,
              "Plan Rows": 1,
              "Plan Width": 8,
              "Actual Startup Time": 789.601,
              "Actual Total Time": 789.603,
              "Actual Rows": 1,
              "Actual Loops": 7,
              "Plans": [
                {
                  "Node Type": "Seq Scan",
                  "Parent Relationship": "Outer",
                  "Parallel Aware": true,
                  "Relation Name": "cast_info",
                  "Alias": "ci",
                  "Startup Cost": 0.0,
                  "Total Cost": 343257.03,
                  "Plan Rows": 1845723,
                  "Plan Width": 0,
                  "Actual Startup Time": 278.436,
                  "Actual Total Time": 751.995,
                  "Actual Rows": 675812,
                  "Actual Loops": 7,
                  "Filter": "((person_id < 1673917) AND (role_id > 1))",
                  "Rows Removed by Filter": 4501952
                }
              ]
            }
          ]
        }
      ]
    },
    "Planning Time": 0.238,
    "Triggers": [],
    "Execution Time": 860.42
  }
]