[
  {
    "Plan": {
      "Node Type": "Aggregate",
      "Strategy": "Plain",
      "Partial Mode": "Finalize",
      "Parallel Aware": false,
      "Startup Cost": 32791.75,
      "Total Cost": 32791.76,
      "Plan Rows": 1,
      "Plan Width": 8,
      "Actual Startup Time": 110.193,
      "Actual Total Time": 118.366,
      "Actual Rows": 1,
      "Actual Loops": 1,
      "Plans": [
        {
          "Node Type": "Gather",
          "Parent Relationship": "Outer",
          "Parallel Aware": false,
          "Startup Cost": 32791.43,
          "Total Cost": 32791.74,
          "Plan Rows": 3,
          "Plan Width": 8,
          "Actual Startup Time": 110.082,
          "Actual Total Time": 118.357,
          "Actual Rows": 4,
          "Actual Loops": 1,
          "Workers Planned": 3,
          "Workers Launched": 3,
          "Single Copy": false,
          "Plans": [
            {
              "Node Type": "Aggregate",
              "Strategy": "Plain",
              "Partial Mode": "Partial",
              "Parent Relationship": "Outer",
              "Parallel Aware": false,
              "Startup Cost": 31791.43,
              "Total Cost": 31791.44,
              "Plan Rows": 1,
              "Plan Width": 8,
              "Actual Startup Time": 101.327,
              "Actual Total Time": 101.328,
              "Actual Rows": 1,
              "Actual Loops": 4,
              "Plans": [
                {
                  "Node Type": "Seq Scan",
                  "Parent Relationship": "Outer",
                  "Parallel Aware": true,
                  "Relation Name": "movie_companies",
                  "Alias": "mc",
                  "Startup Cost": 0.0,
                  "Total Cost": 31414.82,
                  "Plan Rows": 150645,
                  "Plan Width": 0,
                  "Actual Startup Time": 51.47,
                  "Actual Total Time": 91.633,
                  "Actual Rows": 198063,
                  "Actual Loops": 4,
                  "Filter": "((company_id > 19491) AND (company_type_id = 2))",
                  "Rows Removed by Filter": 454220
                }
              ]
            }
          ]
        }
      ]
    },
    "Planning Time": 0.22,
    "Triggers": [],
    "Execution Time": 118.423
  }
]