[
  {
    "Plan": {
      "Node Type": "Aggregate",
      "Strategy": "Plain",
      "Partial Mode": "Finalize",
      "Parallel Aware": false,
      "Startup Cost": 75539.65,
      "Total Cost": 75539.66,
      "Plan Rows": 1,
      "Plan Width": 8,
      "Actual Startup Time": 209.685,
      "Actual Total Time": 225.805,
      "Actual Rows": 1,
      "Actual Loops": 1,
      "Plans": [
        {
          "Node Type": "Gather",
          "Parent Relationship": "Outer",
          "Parallel Aware": false,
          "Startup Cost": 75539.33,
          "Total Cost": 75539.64,
          "Plan Rows": 3,
          "Plan Width": 8,
          "Actual Startup Time": 209.139,
          "Actual Total Time": 225.794,
          "Actual Rows": 4,
          "Actual Loops": 1,
          "Workers Planned": 3,
          "Workers Launched": 3,
          "Single Copy": false,
          "Plans": [
            {
              "Node Type": "Aggregate",
              "Strategy": "Plain",
              "Partial Mode": "Partial",
              "Parent Relationship": "Outer",
              "Parallel Aware": false,
              "Startup Cost": 74539.33,
              "Total Cost": 74539.34,
              "Plan Rows": 1,
              "Plan Width": 8,
              "Actual Startup Time": 200.631,
              "Actual Total Time": 200.634,
              "Actual Rows": 1,
              "Actual Loops": 4,
              "Plans": [
                {
                  "Node Type": "Hash Join",
                  "Parent Relationship": "Outer",
                  "Parallel Aware": true,
                  "Join Type": "Inner",
                  "Startup Cost": 44287.38,
                  "Total Cost": 74497.23,
                  "Plan Rows": 16842,
                  "Plan Width": 0,
                  "Actual Startup Time": 113.55,
                  "Actual Total Time": 200.082,
                  "Actual Rows": 10813,
                  "Actual Loops": 4,
                  "Inner Unique": true,
                  "Hash Cond": "(mc.movie_id = t.id)",
                  "Plans": [
                    {
                      "Node Type": "Seq Scan",
                      "Parent Relationship": "Outer",
                      "Parallel Aware": true,
                      "Relation Name": "movie_companies",
                      "Alias": "mc",
                      "Startup Cost": 0.0,
                      "Total Cost": 29310.68,
                      "Plan Rows": 342541,
                      "Plan Width": 4,
                      "Actual Startup Time": 8.899,
                      "Actual Total Time": 60.364,
                      "Actual Rows": 267727,
                      "Actual Loops": 4,
                      "Filter": "(company_id > 14490)",
                      "Rows Removed by Filter": 384555
                    },
                    {
                      "Node Type": "Hash",
                      "Parent Relationship": "Inner",
                      "Parallel Aware": true,
                      "Startup Cost": 43898.92,
                      "Total Cost": 43898.92,
                      "Plan Rows": 31077,
                      "Plan Width": 4,
                      "Actual Startup Time": 102.684,
                      "Actual Total Time": 102.685,
                      "Actual Rows": 29891,
                      "Actual Loops": 4,
                      "Hash Buckets": 131072,
                      "Original Hash Buckets": 131072,
                      "Hash Batches": 1,
                      "Original Hash Batches": 1,
                      "Peak Memory Usage": 5792,
                      "Plans": [
                        {
                          "Node Type": "Seq Scan",
                          "Parent Relationship": "Outer",
                          "Parallel Aware": true,
                          "Relation Name": "title",
                          "Alias": "t",
                          "Startup Cost": 0.0,
                          "Total Cost": 43898.92,
                          "Plan Rows": 31077,
                          "Plan Width": 4,
                          "Actual Startup Time": 0.042,
                          "Actual Total Time": 91.969,
                          "Actual Rows": 29891,
                          "Actual Loops": 4,
                          "Filter": "(production_year = 2007)",
                          "Rows Removed by Filter": 602187
                        }
                      ]
                    }
                  ]
                }
              ]
            }
          ]
        }
      ]
    },
    "Planning Time": 0.716,
    "Triggers": [],
    "Execution Time": 225.874
  }
]