[
  {
    "Plan": {
      "Node Type": "Aggregate",
      "Strategy": "Plain",
      "Partial Mode": "Finalize",
      "Parallel Aware": false,
      "Startup Cost": 505711.7,
      "Total Cost": 505711.71,
      "Plan Rows": 1,
      "Plan Width": 8,
      "Actual Startup Time": 1291.817,
      "Actual Total Time": 1382.034,
      "Actual Rows": 1,
      "Actual Loops": 1,
      "Plans": [
        {
          "Node Type": "Gather",
          "Parent Relationship": "Outer",
          "Parallel Aware": false,
          "Startup Cost": 505711.08,
          "Total Cost": 505711.69,
          "Plan Rows": 6,
          "Plan Width": 8,
          "Actual Startup Time": 1289.677,
          "Actual Total Time": 1382.024,
          "Actual Rows": 7,
          "Actual Loops": 1,
          "Workers Planned": 6,
          "Workers Launched": 6,
          "Single Copy": false,
          "Plans": [
            {
              "Node Type": "Aggregate",
              "Strategy": "Plain",
              "Partial Mode": "Partial",
              "Parent Relationship": "Outer",
              "Parallel Aware": false,
              "Startup Cost": 504711.08,
              "Total Cost": 504711.09,
              "Plan Rows": 1,
              "Plan Width": 8,
              "Actual Startup Time": 1278.579,
              "Actual Total Time": 1278.583,
              "Actual Rows": 1,
              "Actual Loops": 7,
              "Plans": [
                {
                  "Node Type": "Nested Loop",
                  "Parent Relationship": "Outer",
                  "Parallel Aware": false,
                  "Join Type": "Inner",
                  "Startup Cost": 46344.68,
                  "Total Cost": 503873.51,
                  "Plan Rows": 335026,
                  "Plan Width": 0,
                  "Actual Startup Time": 532.426,
                  "Actual Total Time": 1263.325,
                  "Actual Rows": 249633,
                  "Actual Loops": 7,
                  "Inner Unique": false,
                  "Join Filter": "(t.id = mi.movie_id)",
                  "Rows Removed by Join Filter": 0,
                  "Plans": [
                    {
                      "Node Type": "Hash Join",
                      "Parent Relationship": "Outer",
                      "Parallel Aware": true,
                      "Join Type": "Inner",
                      "Startup Cost": 46344.25,
                      "Total Cost": 390974.8,
                      "Plan Rows": 57296,
                      "Plan Width": 8,
                      "Actual Startup Time": 532.317,
                      "Actual Total Time": 969.45,
                      "Actual Rows": 35340,
                      "Actual Loops": 7,
                      "Inner Unique": true,
                      "Hash Cond": "(ci.movie_id = t.id)",
                      "Plans": [
                        {
                          "Node Type": "Seq Scan",
                          "Parent Relationship": "Outer",
                          "Parallel Aware": true,
                          "Relation Name": "cast_info",
                          "Alias": "ci",
                          "Startup Cost": 0.0,
                          "Total Cost": 343257.03,
                          "Plan Rows": 523247,
                          "Plan Width": 4,
                          "Actual Startup Time": 434.674,
                          "Actual Total Time": 708.709,
                          "Actual Rows": 970152,
                          "Actual Loops": 7,
                          "Filter": "((person_id > 2982940) AND (role_id > 2))",
                          "Rows Removed by Filter": 4207611
                        },
                        {
                          "Node Type": "Hash",
                          "Parent Relationship": "Inner",
                          "Parallel Aware": true,
                          "Startup Cost": 45479.1,
                          "Total Cost": 45479.1,
                          "Plan Rows": 69212,
                          "Plan Width": 4,
                          "Actual Startup Time": 94.373,
                          "Actual Total Time": 94.374,
                          "Actual Rows": 25334,
                          "Actual Loops": 7,
                          "Hash Buckets": 524288,
                          "Original Hash Buckets": 524288,
                          "Hash Batches": 1,
                          "Original Hash Batches": 1,
                          "Peak Memory Usage": 11136,
                          "Plans": [
                            {
                              "Node Type": "Seq Scan",
                              "Parent Relationship": "Outer",
                              "Parallel Aware": true,
                              "Relation Name": "title",
                              "Alias": "t",
                              "Startup Cost": 0.0,
                              "Total Cost": 45479.1,
                              "Plan Rows": 69212,
                              "Plan Width": 4,
                              "Actual Startup Time": 0.053,
                              "Actual Total Time": 80.194,
                              "Actual Rows": 25334,
                              "Actual Loops": 7,
                              "Filter": "((production_year < 1977) AND (kind_id = 7))",
                              "Rows Removed by Filter": 335853
                            }
                          ]
                        }
                      ]
                    },
                    {
                      "Node Type": "Index Only Scan",
                      "Parent Relationship": "Inner",
                      "Parallel Aware": false,
                      "Scan Direction": "Forward",
                      "Index Name": "movie_id_movie_info",
                      "Relation Name": "movie_info",
                      "Alias": "mi",
                      "Startup Cost": 0.43,
                      "Total Cost": 1.45,
                      "Plan Rows": 42,
                      "Plan Width": 4,
                      "Actual Startup Time": 0.003,
                      "Actual Total Time": 0.007,
                      "Actual Rows": 7,
                      "Actual Loops": 247382,
                      "Index Cond": "(movie_id = ci.movie_id)",
                      "Rows Removed by Index Recheck": 0,
                      "Heap Fetches": 1747433
                    }
                  ]
                }
              ]
            }
          ]
        }
      ]
    },
    "Planning Time": 1.289,
    "Triggers": [],
    "Execution Time": 1382.141
  }
]