[
  {
    "Plan": {
      "Node Type": "Aggregate",
      "Strategy": "Plain",
      "Partial Mode": "Finalize",
      "Parallel Aware": false,
      "Startup Cost": 89899.02,
      "Total Cost": 89899.03,
      "Plan Rows": 1,
      "Plan Width": 8,
      "Actual Startup Time": 231.121,
      "Actual Total Time": 248.707,
      "Actual Rows": 1,
      "Actual Loops": 1,
      "Plans": [
        {
          "Node Type": "Gather",
          "Parent Relationship": "Outer",
          "Parallel Aware": false,
          "Startup Cost": 89898.7,
          "Total Cost": 89899.01,
          "Plan Rows": 3,
          "Plan Width": 8,
          "Actual Startup Time": 230.228,
          "Actual Total Time": 248.697,
          "Actual Rows": 4,
          "Actual Loops": 1,
          "Workers Planned": 3,
          "Workers Launched": 3,
          "Single Copy": false,
          "Plans": [
            {
              "Node Type": "Aggregate",
              "Strategy": "Plain",
              "Partial Mode": "Partial",
              "Parent Relationship": "Outer",
              "Parallel Aware": false,
              "Startup Cost": 88898.7,
              "Total Cost": 88898.71,
              "Plan Rows": 1,
              "Plan Width": 8,
              "Actual Startup Time": 222.152,
              "Actual Total Time": 222.195,
              "Actual Rows": 1,
              "Actual Loops": 4,
              "Plans": [
                {
                  "Node Type": "Hash Join",
                  "Parent Relationship": "Outer",
                  "Parallel Aware": true,
                  "Join Type": "Inner",
                  "Startup Cost": 45579.56,
                  "Total Cost": 88891.24,
                  "Plan Rows": 2984,
                  "Plan Width": 0,
                  "Actual Startup Time": 126.847,
                  "Actual Total Time": 221.69,
                  "Actual Rows": 7910,
                  "Actual Loops": 4,
                  "Inner Unique": true,
                  "Hash Cond": "(mk.movie_id = t.id)",
                  "Plans": [
                    {
                      "Node Type": "Seq Scan",
                      "Parent Relationship": "Outer",
                      "Parallel Aware": true,
                      "Relation Name": "movie_keyword",
                      "Alias": "mk",
                      "Startup Cost": 0.0,
                      "Total Cost": 42695.65,
                      "Plan Rows": 234678,
                      "Plan Width": 4,
                      "Actual Startup Time": 0.025,
                      "Actual Total Time": 93.065,
                      "Actual Rows": 183728,
                      "Actual Loops": 4,
                      "Filter": "(keyword_id < 659)",
                      "Rows Removed by Filter": 947254
                    },
                    {
                      "Node Type": "Hash",
                      "Parent Relationship": "Inner",
                      "Parallel Aware": true,
                      "Startup Cost": 45479.1,
                      "Total Cost": 45479.1,
                      "Plan Rows": 8037,
                      "Plan Width": 4,
                      "Actual Startup Time": 103.166,
                      "Actual Total Time": 103.167,
                      "Actual Rows": 30731,
                      "Actual Loops": 4,
                      "Hash Buckets": 131072,
                      "Original Hash Buckets": 32768,
                      "Hash Batches": 1,
                      "Original Hash Batches": 1,
                      "Peak Memory Usage": 6656,
                      "Plans": [
                        {
                          "Node Type": "Seq Scan",
                          "Parent Relationship": "Outer",
                          "Parallel Aware": true,
                          "Relation Name": "title",
                          "Alias": "t",
                          "Startup Cost": 0.0,
                          "Total Cost": 45479.1,
                          "Plan Rows": 8037,
                          "Plan Width": 4,
                          "Actual Startup Time": 56.961,
                          "Actual Total Time": 91.014,
                          "Actual Rows": 30731,
                          "Actual Loops": 4,
                          "Filter": "((production_year < 1933) AND (kind_id = 1))",
                          "Rows Removed by Filter": 601347
                        }
                      ]
                    }
                  ]
                }
              ]
            }
          ]
        }
      ]
    },
    "Planning Time": 0.229,
    "Triggers": [],
    "Execution Time": 248.742
  }
]