[
  {
    "Plan": {
      "Node Type": "Aggregate",
      "Strategy": "Plain",
      "Partial Mode": "Finalize",
      "Parallel Aware": false,
      "Startup Cost": 398604.76,
      "Total Cost": 398604.77,
      "Plan Rows": 1,
      "Plan Width": 8,
      "Actual Startup Time": 2315.561,
      "Actual Total Time": 2380.269,
      "Actual Rows": 1,
      "Actual Loops": 1,
      "Plans": [
        {
          "Node Type": "Gather",
          "Parent Relationship": "Outer",
          "Parallel Aware": false,
          "Startup Cost": 398604.13,
          "Total Cost": 398604.74,
          "Plan Rows": 6,
          "Plan Width": 8,
          "Actual Startup Time": 2308.72,
          "Actual Total Time": 2380.257,
          "Actual Rows": 7,
          "Actual Loops": 1,
          "Workers Planned": 6,
          "Workers Launched": 6,
          "Single Copy": false,
          "Plans": [
            {
              "Node Type": "Aggregate",
              "Strategy": "Plain",
              "Partial Mode": "Partial",
              "Parent Relationship": "Outer",
              "Parallel Aware": false,
              "Startup Cost": 397604.13,
              "Total Cost": 397604.14,
              "Plan Rows": 1,
              "Plan Width": 8,
              "Actual Startup Time": 2286.353,
              "Actual Total Time": 2286.355,
              "Actual Rows": 1,
              "Actual Loops": 7,
              "Plans": [
                {
                  "Node Type": "Hash Join",
                  "Parent Relationship": "Outer",
                  "Parallel Aware": true,
                  "Join Type": "Inner",
                  "Startup Cost": 51012.94,
                  "Total Cost": 389096.31,
                  "Plan Rows": 3403129,
                  "Plan Width": 0,
                  "Actual Startup Time": 231.469,
                  "Actual Total Time": 2162.272,
                  "Actual Rows": 3028046,
                  "Actual Loops": 7,
                  "Inner Unique": true,
                  "Hash Cond": "(ci.movie_id = t.id)",
                  "Plans": [
                    {
                      "Node Type": "Seq Scan",
                      "Parent Relationship": "Outer",
                      "Parallel Aware": true,
                      "Relation Name": "cast_info",
                      "Alias": "ci",
                      "Startup Cost": 0.0,
                      "Total Cost": 328162.03,
                      "Plan Rows": 3779555,
                      "Plan Width": 4,
                      "Actual Startup Time": 0.025,
                      "Actual Total Time": 575.915,
                      "Actual Rows": 3245787,
                      "Actual Loops": 7,
                      "Filter": "(person_id < 2319357)",
                      "Rows Removed by Filter": 1931976
                    },
                    {
                      "Node Type": "Hash",
                      "Parent Relationship": "Inner",
                      "Parallel Aware": true,
                      "Startup Cost": 43898.92,
                      "Total Cost": 43898.92,
                      "Plan Rows": 569122,
                      "Plan Width": 4,
                      "Actual Startup Time": 224.389,
                      "Actual Total Time": 224.39,
                      "Actual Rows": 324061,
                      "Actual Loops": 7,
                      "Hash Buckets": 4194304,
                      "Original Hash Buckets": 4194304,
                      "Hash Batches": 1,
                      "Original Hash Batches": 1,
                      "Peak Memory Usage": 121632,
                      "Plans": [
                        {
                          "Node Type": "Seq Scan",
                          "Parent Relationship": "Outer",
                          "Parallel Aware": true,
                          "Relation Name": "title",
                          "Alias": "t",
                          "Startup Cost": 0.0,
                          "Total Cost": 43898.92,
                          "Plan Rows": 569122,
                          "Plan Width": 4,
                          "Actual Startup Time": 0.04,
                          "Actual Total Time": 76.136,
                          "Actual Rows": 324061,
                          "Actual Loops": 7,
                          "Filter": "(production_year > 1953)",
                          "Rows Removed by Filter": 37126
                        }
                      ]
                    }
                  ]
                }
              ]
            }
          ]
        }
      ]
    },
    "Planning Time": 0.591,
    "Triggers": [],
    "Execution Time": 2380.401
  }
]