{
  "Plan": {
    "Node Type": "Aggregate",
    "Strategy": "Plain",
    "Partial Mode": "Finalize",
    "Parallel Aware": false,
    "Startup Cost": 184645.94,
    "Total Cost": 184645.95,
    "Plan Rows": 1,
    "Plan Width": 8,
    "Actual Startup Time": 1878.451,
    "Actual Total Time": 1896.159,
    "Actual Rows": 1,
    "Actual Loops": 1,
    "Plans": [
      {
        "Node Type": "Gather",
        "Parent Relationship": "Outer",
        "Parallel Aware": false,
        "Startup Cost": 184645.82,
        "Total Cost": 184645.93,
        "Plan Rows": 1,
        "Plan Width": 8,
        "Actual Startup Time": 1874.934,
        "Actual Total Time": 1896.15,
        "Actual Rows": 2,
        "Actual Loops": 1,
        "Workers Planned": 1,
        "Workers Launched": 1,
        "Single Copy": false,
        "Plans": [
          {
            "Node Type": "Aggregate",
            "Strategy": "Plain",
            "Partial Mode": "Partial",
            "Parent Relationship": "Outer",
            "Parallel Aware": false,
            "Startup Cost": 183645.82,
            "Total Cost": 183645.83,
            "Plan Rows": 1,
            "Plan Width": 8,
            "Actual Startup Time": 1869.566,
            "Actual Total Time": 1870.397,
            "Actual Rows": 1,
            "Actual Loops": 2,
            "Plans": [
              {
                "Node Type": "Hash Join",
                "Parent Relationship": "Outer",
                "Parallel Aware": true,
                "Join Type": "Inner",
                "Startup Cost": 115116.86,
                "Total Cost": 182187.1,
                "Plan Rows": 583490,
                "Plan Width": 0,
                "Actual Startup Time": 980.085,
                "Actual Total Time": 1679.188,
                "Actual Rows": 3966172,
                "Actual Loops": 2,
                "Inner Unique": false,
                "Hash Cond": "(mk.movie_id = t.id)",
                "Plans": [
                  {
                    "Node Type": "Seq Scan",
                    "Parent Relationship": "Outer",
                    "Parallel Aware": true,
                    "Relation Name": "movie_keyword",
                    "Alias": "mk",
                    "Startup Cost": 0.0,
                    "Total Cost": 57718.19,
                    "Plan Rows": 1578600,
                    "Plan Width": 4,
                    "Actual Startup Time": 0.28,
                    "Actual Total Time": 216.798,
                    "Actual Rows": 1338427,
                    "Actual Loops": 2,
                    "Filter": "(keyword_id > 3068)",
                    "Rows Removed by Filter": 923538
                  },
                  {
                    "Node Type": "Hash",
                    "Parent Relationship": "Inner",
                    "Parallel Aware": true,
                    "Startup Cost": 108245.38,
                    "Total Cost": 108245.38,
                    "Plan Rows": 549718,
                    "Plan Width": 8,
                    "Actual Startup Time": 970.632,
                    "Actual Total Time": 971.461,
                    "Actual Rows": 467168,
                    "Actual Loops": 2,
                    "Hash Buckets": 1048576,
                    "Original Hash Buckets": 1048576,
                    "Hash Batches": 1,
                    "Original Hash Batches": 1,
                    "Peak Memory Usage": 44768,
                    "Plans": [
                      {
                        "Node Type": "Hash Join",
                        "Parent Relationship": "Outer",
                        "Parallel Aware": true,
                        "Join Type": "Inner",
                        "Startup Cost": 44846.25,
                        "Total Cost": 108245.38,
                        "Plan Rows": 549718,
                        "Plan Width": 8,
                        "Actual Startup Time": 260.674,
                        "Actual Total Time": 843.109,
                        "Actual Rows": 467168,
                        "Actual Loops": 2,
                        "Inner Unique": false,
                        "Hash Cond": "(t.id = mc.movie_id)",
                        "Plans": [
                          {
                            "Node Type": "Seq Scan",
                            "Parent Relationship": "Outer",
                            "Parallel Aware": true,
                            "Relation Name": "title",
                            "Alias": "t",
                            "Startup Cost": 0.0,
                            "Total Cost": 50870.31,
                            "Plan Rows": 1487231,
                            "Plan Width": 4,
                            "Actual Startup Time": 0.012,
                            "Actual Total Time": 140.942,
                            "Actual Rows": 1264156,
                            "Actual Loops": 2
                          },
                          {
                            "Node Type": "Hash",
                            "Parent Relationship": "Inner",
                            "Parallel Aware": true,
                            "Startup Cost": 37974.77,
                            "Total Cost": 37974.77,
                            "Plan Rows": 549718,
                            "Plan Width": 4,
                            "Actual Startup Time": 255.32,
                            "Actual Total Time": 255.321,
                            "Actual Rows": 467168,
                            "Actual Loops": 2,
                            "Hash Buckets": 1048576,
                            "Original Hash Buckets": 1048576,
                            "Hash Batches": 1,
                            "Original Hash Batches": 1,
                            "Peak Memory Usage": 44768,
                            "Plans": [
                              {
                                "Node Type": "Seq Scan",
                                "Parent Relationship": "Outer",
                                "Parallel Aware": true,
                                "Relation Name": "movie_companies",
                                "Alias": "mc",
                                "Startup Cost": 0.0,
                                "Total Cost": 37974.77,
                                "Plan Rows": 549718,
                                "Plan Width": 4,
                                "Actual Startup Time": 0.04,
                                "Actual Total Time": 138.019,
                                "Actual Rows": 467168,
                                "Actual Loops": 2,
                                "Filter": "(company_id < 3393)",
                                "Rows Removed by Filter": 837397
                              }
                            ]
                          }
                        ]
                      }
                    ]
                  }
                ]
              }
            ]
          }
        ]
      }
    ]
  },
  "Planning Time": 0.899,
  "Triggers": [],
  "Execution Time": 1896.232
}