[
  {
    "Plan": {
      "Node Type": "Aggregate",
      "Strategy": "Plain",
      "Partial Mode": "Finalize",
      "Parallel Aware": false,
      "Startup Cost": 611971.54,
      "Total Cost": 611971.55,
      "Plan Rows": 1,
      "Plan Width": 8,
      "Actual Startup Time": 2002.404,
      "Actual Total Time": 2099.789,
      "Actual Rows": 1,
      "Actual Loops": 1,
      "Plans": [
        {
          "Node Type": "Gather",
          "Parent Relationship": "Outer",
          "Parallel Aware": false,
          "Startup Cost": 611971.02,
          "Total Cost": 611971.53,
          "Plan Rows": 5,
          "Plan Width": 8,
          "Actual Startup Time": 1996.223,
          "Actual Total Time": 2099.777,
          "Actual Rows": 6,
          "Actual Loops": 1,
          "Workers Planned": 5,
          "Workers Launched": 5,
          "Single Copy": false,
          "Plans": [
            {
              "Node Type": "Aggregate",
              "Strategy": "Plain",
              "Partial Mode": "Partial",
              "Parent Relationship": "Outer",
              "Parallel Aware": false,
              "Startup Cost": 610971.02,
              "Total Cost": 610971.03,
              "Plan Rows": 1,
              "Plan Width": 8,
              "Actual Startup Time": 1980.582,
              "Actual Total Time": 1980.647,
              "Actual Rows": 1,
              "Actual Loops": 6,
              "Plans": [
                {
                  "Node Type": "Hash Join",
                  "Parent Relationship": "Outer",
                  "Parallel Aware": true,
                  "Join Type": "Inner",
                  "Startup Cost": 399249.63,
                  "Total Cost": 605527.03,
                  "Plan Rows": 2177596,
                  "Plan Width": 0,
                  "Actual Startup Time": 1115.144,
                  "Actual Total Time": 1948.606,
                  "Actual Rows": 643690,
                  "Actual Loops": 6,
                  "Inner Unique": false,
                  "Hash Cond": "(mi.movie_id = t.id)",
                  "Plans": [
                    {
                      "Node Type": "Seq Scan",
                      "Parent Relationship": "Outer",
                      "Parallel Aware": true,
                      "Relation Name": "movie_info",
                      "Alias": "mi",
                      "Startup Cost": 0.0,
                      "Total Cost": 191560.33,
                      "Plan Rows": 2956733,
                      "Plan Width": 4,
                      "Actual Startup Time": 0.031,
                      "Actual Total Time": 340.448,
                      "Actual Rows": 2472620,
                      "Actual Loops": 6
                    },
                    {
                      "Node Type": "Hash",
                      "Parent Relationship": "Inner",
                      "Parallel Aware": true,
                      "Startup Cost": 395370.35,
                      "Total Cost": 395370.35,
                      "Plan Rows": 310342,
                      "Plan Width": 8,
                      "Actual Startup Time": 1108.384,
                      "Actual Total Time": 1108.447,
                      "Actual Rows": 83685,
                      "Actual Loops": 6,
                      "Hash Buckets": 2097152,
                      "Original Hash Buckets": 2097152,
                      "Hash Batches": 1,
                      "Original Hash Batches": 1,
                      "Peak Memory Usage": 36128,
                      "Plans": [
                        {
                          "Node Type": "Hash Join",
                          "Parent Relationship": "Outer",
                          "Parallel Aware": true,
                          "Join Type": "Inner",
                          "Startup Cost": 46659.22,
                          "Total Cost": 395370.35,
                          "Plan Rows": 310342,
                          "Plan Width": 8,
                          "Actual Startup Time": 368.229,
                          "Actual Total Time": 1061.942,
                          "Actual Rows": 83685,
                          "Actual Loops": 6,
                          "Inner Unique": true,
                          "Hash Cond": "(ci.movie_id = t.id)",
                          "Plans": [
                            {
                              "Node Type": "Seq Scan",
                              "Parent Relationship": "Outer",
                              "Parallel Aware": true,
                              "Relation Name": "cast_info",
                              "Alias": "ci",
                              "Startup Cost": 0.0,
                              "Total Cost": 343257.03,
                              "Plan Rows": 2077748,
                              "Plan Width": 4,
                              "Actual Startup Time": 256.372,
                              "Actual Total Time": 752.29,
                              "Actual Rows": 1069812,
                              "Actual Loops": 6,
                              "Filter": "((person_id < 1906413) AND (role_id > 1))",
                              "Rows Removed by Filter": 4970912
                            },
                            {
                              "Node Type": "Hash",
                              "Parent Relationship": "Inner",
                              "Parallel Aware": true,
                              "Startup Cost": 45479.1,
                              "Total Cost": 45479.1,
                              "Plan Rows": 94410,
                              "Plan Width": 4,
                              "Actual Startup Time": 110.551,
                              "Actual Total Time": 110.552,
                              "Actual Rows": 41589,
                              "Actual Loops": 6,
                              "Hash Buckets": 524288,
                              "Original Hash Buckets": 524288,
                              "Hash Batches": 1,
                              "Original Hash Batches": 1,
                              "Peak Memory Usage": 13920,
                              "Plans": [
                                {
                                  "Node Type": "Seq Scan",
                                  "Parent Relationship": "Outer",
                                  "Parallel Aware": true,
                                  "Relation Name": "title",
                                  "Alias": "t",
                                  "Startup Cost": 0.0,
                                  "Total Cost": 45479.1,
                                  "Plan Rows": 94410,
                                  "Plan Width": 4,
                                  "Actual Startup Time": 0.05,
                                  "Actual Total Time": 86.695,
                                  "Actual Rows": 41589,
                                  "Actual Loops": 6,
                                  "Filter": "((kind_id > 1) AND (production_year < 1981))",
                                  "Rows Removed by Filter": 379797
                                }
                              ]
                            }
                          ]
                        }
                      ]
                    }
                  ]
                }
              ]
            }
          ]
        }
      ]
    },
    "Planning Time": 1.367,
    "Triggers": [],
    "Execution Time": 2099.892
  }
]