[
  {
    "Plan": {
      "Node Type": "Aggregate",
      "Strategy": "Plain",
      "Partial Mode": "Finalize",
      "Parallel Aware": false,
      "Startup Cost": 31156.66,
      "Total Cost": 31156.67,
      "Plan Rows": 1,
      "Plan Width": 8,
      "Actual Startup Time": 95.312,
      "Actual Total Time": 104.269,
      "Actual Rows": 1,
      "Actual Loops": 1,
      "Plans": [
        {
          "Node Type": "Gather",
          "Parent Relationship": "Outer",
          "Parallel Aware": false,
          "Startup Cost": 31156.34,
          "Total Cost": 31156.65,
          "Plan Rows": 3,
          "Plan Width": 8,
          "Actual Startup Time": 95.167,
          "Actual Total Time": 104.262,
          "Actual Rows": 4,
          "Actual Loops": 1,
          "Workers Planned": 3,
          "Workers Launched": 3,
          "Single Copy": false,
          "Plans": [
            {
              "Node Type": "Aggregate",
              "Strategy": "Plain",
              "Partial Mode": "Partial",
              "Parent Relationship": "Outer",
              "Parallel Aware": false,
              "Startup Cost": 30156.34,
              "Total Cost": 30156.35,
              "Plan Rows": 1,
              "Plan Width": 8,
              "Actual Startup Time": 90.548,
              "Actual Total Time": 90.549,
              "Actual Rows": 1,
              "Actual Loops": 4,
              "Plans": [
                {
                  "Node Type": "Seq Scan",
                  "Parent Relationship": "Outer",
                  "Parallel Aware": true,
                  "Relation Name": "movie_companies",
                  "Alias": "mc",
                  "Startup Cost": 0.0,
                  "Total Cost": 29310.68,
                  "Plan Rows": 338265,
                  "Plan Width": 0,
                  "Actual Startup Time": 0.029,
                  "Actual Total Time": 75.737,
                  "Actual Rows": 263359,
                  "Actual Loops": 4,
                  "Filter": "(company_id < 6209)",
                  "Rows Removed by Filter": 388923
                }
              ]
            }
          ]
        }
      ]
    },
    "Planning Time": 0.089,
    "Triggers": [],
    "Execution Time": 104.3
  }
]