[
  {
    "Plan": {
      "Node Type": "Aggregate",
      "Strategy": "Plain",
      "Partial Mode": "Finalize",
      "Parallel Aware": false,
      "Startup Cost": 31162.55,
      "Total Cost": 31162.56,
      "Plan Rows": 1,
      "Plan Width": 8,
      "Actual Startup Time": 100.586,
      "Actual Total Time": 108.302,
      "Actual Rows": 1,
      "Actual Loops": 1,
      "Plans": [
        {
          "Node Type": "Gather",
          "Parent Relationship": "Outer",
          "Parallel Aware": false,
          "Startup Cost": 31162.24,
          "Total Cost": 31162.55,
          "Plan Rows": 3,
          "Plan Width": 8,
          "Actual Startup Time": 100.497,
          "Actual Total Time": 108.295,
          "Actual Rows": 4,
          "Actual Loops": 1,
          "Workers Planned": 3,
          "Workers Launched": 3,
          "Single Copy": false,
          "Plans": [
            {
              "Node Type": "Aggregate",
              "Strategy": "Plain",
              "Partial Mode": "Partial",
              "Parent Relationship": "Outer",
              "Parallel Aware": false,
              "Startup Cost": 30162.24,
              "Total Cost": 30162.25,
              "Plan Rows": 1,
              "Plan Width": 8,
              "Actual Startup Time": 91.855,
              "Actual Total Time": 91.856,
              "Actual Rows": 1,
              "Actual Loops": 4,
              "Plans": [
                {
                  "Node Type": "Seq Scan",
                  "Parent Relationship": "Outer",
                  "Parallel Aware": true,
                  "Relation Name": "movie_companies",
                  "Alias": "mc",
                  "Startup Cost": 0.0,
                  "Total Cost": 29310.68,
                  "Plan Rows": 340622,
                  "Plan Width": 0,
                  "Actual Startup Time": 0.044,
                  "Actual Total Time": 75.795,
                  "Actual Rows": 263359,
                  "Actual Loops": 4,
                  "Filter": "(company_id < 6209)",
                  "Rows Removed by Filter": 388923
                }
              ]
            }
          ]
        }
      ]
    },
    "Planning Time": 0.158,
    "Triggers": [],
    "Execution Time": 108.351
  }
]