[
  {
    "Plan": {
      "Node Type": "Aggregate",
      "Strategy": "Plain",
      "Partial Mode": "Simple",
      "Parallel Aware": false,
      "Startup Cost": 11269.03,
      "Total Cost": 11269.04,
      "Plan Rows": 1,
      "Plan Width": 128,
      "Actual Startup Time": 4043.861,
      "Actual Total Time": 4043.867,
      "Actual Rows": 1,
      "Actual Loops": 1,
      "Plans": [
        {
          "Node Type": "Nested Loop",
          "Parent Relationship": "Outer",
          "Parallel Aware": false,
          "Join Type": "Inner",
          "Startup Cost": 13.08,
          "Total Cost": 11269.02,
          "Plan Rows": 1,
          "Plan Width": 80,
          "Actual Startup Time": 4.573,
          "Actual Total Time": 4038.658,
          "Actual Rows": 10183,
          "Actual Loops": 1,
          "Inner Unique": true,
          "Join Filter": "(mi.movie_id = t.id)",
          "Rows Removed by Join Filter": 0,
          "Plans": [
            {
              "Node Type": "Nested Loop",
              "Parent Relationship": "Outer",
              "Parallel Aware": false,
              "Join Type": "Inner",
              "Startup Cost": 12.65,
              "Total Cost": 11268.52,
              "Plan Rows": 1,
              "Plan Width": 79,
              "Actual Startup Time": 4.508,
              "Actual Total Time": 3983.77,
              "Actual Rows": 10183,
              "Actual Loops": 1,
              "Inner Unique": true,
              "Plans": [
                {
                  "Node Type": "Nested Loop",
                  "Parent Relationship": "Outer",
                  "Parallel Aware": false,
                  "Join Type": "Inner",
                  "Startup Cost": 12.22,
                  "Total Cost": 11267.83,
                  "Plan Rows": 1,
                  "Plan Width": 68,
                  "Actual Startup Time": 4.44,
                  "Actual Total Time": 3849.5,
                  "Actual Rows": 17432,
                  "Actual Loops": 1,
                  "Inner Unique": false,
                  "Join Filter": "(mi.movie_id = ci.movie_id)",
                  "Rows Removed by Join Filter": 0,
                  "Plans": [
                    {
                      "Node Type": "Nested Loop",
                      "Parent Relationship": "Outer",
                      "Parallel Aware": false,
                      "Join Type": "Inner",
                      "Startup Cost": 11.66,
                      "Total Cost": 11266.09,
                      "Plan Rows": 1,
                      "Plan Width": 60,
                      "Actual Startup Time": 1.29,
                      "Actual Total Time": 1569.76,
                      "Actual Rows": 26667,
                      "Actual Loops": 1,
                      "Inner Unique": false,
                      "Join Filter": "(mi.info_type_id = it1.id)",
                      "Rows Removed by Join Filter": 2214,
                      "Plans": [
                        {
                          "Node Type": "Seq Scan",
                          "Parent Relationship": "Outer",
                          "Parallel Aware": false,
                          "Relation Name": "info_type",
                          "Alias": "it1",
                          "Startup Cost": 0.0,
                          "Total Cost": 2.41,
                          "Plan Rows": 1,
                          "Plan Width": 4,
                          "Actual Startup Time": 0.011,
                          "Actual Total Time": 0.019,
                          "Actual Rows": 1,
                          "Actual Loops": 1,
                          "Filter": "((info)::text = 'genres'::text)",
                          "Rows Removed by Filter": 112
                        },
                        {
                          "Node Type": "Nested Loop",
                          "Parent Relationship": "Inner",
                          "Parallel Aware": false,
                          "Join Type": "Inner",
                          "Startup Cost": 11.66,
                          "Total Cost": 11263.61,
                          "Plan Rows": 5,
                          "Plan Width": 64,
                          "Actual Startup Time": 1.277,
                          "Actual Total Time": 1563.926,
                          "Actual Rows": 28881,
                          "Actual Loops": 1,
                          "Inner Unique": false,
                          "Join Filter": "(mi_idx.movie_id = mi.movie_id)",
                          "Rows Removed by Join Filter": 0,
                          "Plans": [
                            {
                              "Node Type": "Nested Loop",
                              "Parent Relationship": "Outer",
                              "Parallel Aware": false,
                              "Join Type": "Inner",
                              "Startup Cost": 11.22,
                              "Total Cost": 11253.63,
                              "Plan Rows": 6,
                              "Plan Width": 13,
                              "Actual Startup Time": 0.912,
                              "Actual Total Time": 317.816,
                              "Actual Rows": 34444,
                              "Actual Loops": 1,
                              "Inner Unique": false,
                              "Join Filter": "(mi_idx.info_type_id = it2.id)",
                              "Rows Removed by Join Filter": 69168,
                              "Plans": [
                                {
                                  "Node Type": "Seq Scan",
                                  "Parent Relationship": "Outer",
                                  "Parallel Aware": false,
                                  "Relation Name": "info_type",
                                  "Alias": "it2",
                                  "Startup Cost": 0.0,
                                  "Total Cost": 2.41,
                                  "Plan Rows": 1,
                                  "Plan Width": 4,
                                  "Actual Startup Time": 0.012,
                                  "Actual Total Time": 0.015,
                                  "Actual Rows": 1,
                                  "Actual Loops": 1,
                                  "Filter": "((info)::text = 'votes'::text)",
                                  "Rows Removed by Filter": 112
                                },
                                {
                                  "Node Type": "Nested Loop",
                                  "Parent Relationship": "Inner",
                                  "Parallel Aware": false,
                                  "Join Type": "Inner",
                                  "Startup Cost": 11.22,
                                  "Total Cost": 11242.1,
                                  "Plan Rows": 729,
                                  "Plan Width": 17,
                                  "Actual Startup Time": 0.898,
                                  "Actual Total Time": 305.635,
                                  "Actual Rows": 103612,
                                  "Actual Loops": 1,
                                  "Inner Unique": false,
                                  "Plans": [
                                    {
                                      "Node Type": "Nested Loop",
                                      "Parent Relationship": "Outer",
                                      "Parallel Aware": false,
                                      "Join Type": "Inner",
                                      "Startup Cost": 10.8,
                                      "Total Cost": 11118.79,
                                      "Plan Rows": 236,
                                      "Plan Width": 4,
                                      "Actual Startup Time": 0.852,
                                      "Actual Total Time": 113.52,
                                      "Actual Rows": 43328,
                                      "Actual Loops": 1,
                                      "Inner Unique": false,
                                      "Plans": [
                                        {
                                          "Node Type": "Seq Scan",
                                          "Parent Relationship": "Outer",
                                          "Parallel Aware": false,
                                          "Relation Name": "keyword",
                                          "Alias": "k",
                                          "Startup Cost": 0.0,
                                          "Total Cost": 3464.69,
                                          "Plan Rows": 7,
                                          "Plan Width": 4,
                                          "Actual Startup Time": 0.129,
                                          "Actual Total Time": 19.782,
                                          "Actual Rows": 7,
                                          "Actual Loops": 1,
                                          "Filter": "(keyword = ANY ('{sequel,marvel-comics,violence,based-on-comic,superhero,murder,count-down}'::text[]))",
                                          "Rows Removed by Filter": 134163
                                        },
                                        {
                                          "Node Type": "Bitmap Heap Scan",
                                          "Parent Relationship": "Inner",
                                          "Parallel Aware": false,
                                          "Relation Name": "movie_keyword",
                                          "Alias": "mk",
                                          "Startup Cost": 10.8,
                                          "Total Cost": 1090.39,
                                          "Plan Rows": 305,
                                          "Plan Width": 8,
                                          "Actual Startup Time": 1.496,
                                          "Actual Total Time": 12.42,
                                          "Actual Rows": 6190,
                                          "Actual Loops": 7,
                                          "Recheck Cond": "(keyword_id = k.id)",
                                          "Rows Removed by Index Recheck": 0,
                                          "Exact Heap Blocks": 27959,
                                          "Lossy Heap Blocks": 0,
                                          "Plans": [
                                            {
                                              "Node Type": "Bitmap Index Scan",
                                              "Parent Relationship": "Outer",
                                              "Parallel Aware": false,
                                              "Index Name": "keyword_id_movie_keyword",
                                              "Startup Cost": 0.0,
                                              "Total Cost": 10.72,
                                              "Plan Rows": 305,
                                              "Plan Width": 0,
                                              "Actual Startup Time": 0.918,
                                              "Actual Total Time": 0.918,
                                              "Actual Rows": 6190,
                                              "Actual Loops": 7,
                                              "Index Cond": "(keyword_id = k.id)"
                                            }
                                          ]
                                        }
                                      ]
                                    },
                                    {
                                      "Node Type": "Index Scan",
                                      "Parent Relationship": "Inner",
                                      "Parallel Aware": false,
                                      "Scan Direction": "Forward",
                                      "Index Name": "movie_id_movie_info_idx",
                                      "Relation Name": "movie_info_idx",
                                      "Alias": "mi_idx",
                                      "Startup Cost": 0.43,
                                      "Total Cost": 0.49,
                                      "Plan Rows": 3,
                                      "Plan Width": 13,
                                      "Actual Startup Time": 0.003,
                                      "Actual Total Time": 0.004,
                                      "Actual Rows": 2,
                                      "Actual Loops": 43328,
                                      "Index Cond": "(movie_id = mk.movie_id)",
                                      "Rows Removed by Index Recheck": 0
                                    }
                                  ]
                                }
                              ]
                            },
                            {
                              "Node Type": "Index Scan",
                              "Parent Relationship": "Inner",
                              "Parallel Aware": false,
                              "Scan Direction": "Forward",
                              "Index Name": "movie_id_movie_info",
                              "Relation Name": "movie_info",
                              "Alias": "mi",
                              "Startup Cost": 0.43,
                              "Total Cost": 1.65,
                              "Plan Rows": 1,
                              "Plan Width": 51,
                              "Actual Startup Time": 0.034,
                              "Actual Total Time": 0.036,
                              "Actual Rows": 1,
                              "Actual Loops": 34444,
                              "Index Cond": "(movie_id = mk.movie_id)",
                              "Rows Removed by Index Recheck": 0,
                              "Filter": "(info = ANY ('{War,Western,Sci-Fi,Action,Thriller,Documentary}'::text[]))",
                              "Rows Removed by Filter": 55
                            }
                          ]
                        }
                      ]
                    },
                    {
                      "Node Type": "Index Scan",
                      "Parent Relationship": "Inner",
                      "Parallel Aware": false,
                      "Scan Direction": "Forward",
                      "Index Name": "movie_id_cast_info",
                      "Relation Name": "cast_info",
                      "Alias": "ci",
                      "Startup Cost": 0.56,
                      "Total Cost": 1.73,
                      "Plan Rows": 1,
                      "Plan Width": 8,
                      "Actual Startup Time": 0.068,
                      "Actual Total Time": 0.085,
                      "Actual Rows": 1,
                      "Actual Loops": 26667,
                      "Index Cond": "(movie_id = mk.movie_id)",
                      "Rows Removed by Index Recheck": 0,
                      "Filter": "(note = ANY ('{(writer),\"(head writer)\",\"(written by)\",(story),\"(story editor)\"}'::text[]))",
                      "Rows Removed by Filter": 63
                    }
                  ]
                },
                {
                  "Node Type": "Index Scan",
                  "Parent Relationship": "Inner",
                  "Parallel Aware": false,
                  "Scan Direction": "Forward",
                  "Index Name": "name_pkey",
                  "Relation Name": "name",
                  "Alias": "n",
                  "Startup Cost": 0.43,
                  "Total Cost": 0.69,
                  "Plan Rows": 1,
                  "Plan Width": 19,
                  "Actual Startup Time": 0.007,
                  "Actual Total Time": 0.007,
                  "Actual Rows": 1,
                  "Actual Loops": 17432,
                  "Index Cond": "(id = ci.person_id)",
                  "Rows Removed by Index Recheck": 0,
                  "Filter": "((gender)::text = 'm'::text)",
                  "Rows Removed by Filter": 0
                }
              ]
            },
            {
              "Node Type": "Index Scan",
              "Parent Relationship": "Inner",
              "Parallel Aware": false,
              "Scan Direction": "Forward",
              "Index Name": "title_pkey",
              "Relation Name": "title",
              "Alias": "t",
              "Startup Cost": 0.43,
              "Total Cost": 0.49,
              "Plan Rows": 1,
              "Plan Width": 21,
              "Actual Startup Time": 0.005,
              "Actual Total Time": 0.005,
              "Actual Rows": 1,
              "Actual Loops": 10183,
              "Index Cond": "(id = mk.movie_id)",
              "Rows Removed by Index Recheck": 0
            }
          ]
        }
      ]
    },
    "Planning Time": 28.358,
    "Triggers": [],
    "Execution Time": 4044.207
  }
]