[
  {
    "Plan": {
      "Node Type": "Aggregate",
      "Strategy": "Plain",
      "Partial Mode": "Finalize",
      "Parallel Aware": false,
      "Startup Cost": 44427.02,
      "Total Cost": 44427.03,
      "Plan Rows": 1,
      "Plan Width": 8,
      "Actual Startup Time": 129.162,
      "Actual Total Time": 138.339,
      "Actual Rows": 1,
      "Actual Loops": 1,
      "Plans": [
        {
          "Node Type": "Gather",
          "Parent Relationship": "Outer",
          "Parallel Aware": false,
          "Startup Cost": 44426.71,
          "Total Cost": 44427.02,
          "Plan Rows": 3,
          "Plan Width": 8,
          "Actual Startup Time": 129.044,
          "Actual Total Time": 138.328,
          "Actual Rows": 4,
          "Actual Loops": 1,
          "Workers Planned": 3,
          "Workers Launched": 3,
          "Single Copy": false,
          "Plans": [
            {
              "Node Type": "Aggregate",
              "Strategy": "Plain",
              "Partial Mode": "Partial",
              "Parent Relationship": "Outer",
              "Parallel Aware": false,
              "Startup Cost": 43426.71,
              "Total Cost": 43426.72,
              "Plan Rows": 1,
              "Plan Width": 8,
              "Actual Startup Time": 122.184,
              "Actual Total Time": 122.185,
              "Actual Rows": 1,
              "Actual Loops": 4,
              "Plans": [
                {
                  "Node Type": "Seq Scan",
                  "Parent Relationship": "Outer",
                  "Parallel Aware": true,
                  "Relation Name": "movie_keyword",
                  "Alias": "mk",
                  "Startup Cost": 0.0,
                  "Total Cost": 42695.65,
                  "Plan Rows": 292421,
                  "Plan Width": 0,
                  "Actual Startup Time": 2.871,
                  "Actual Total Time": 109.864,
                  "Actual Rows": 224332,
                  "Actual Loops": 4,
                  "Filter": "(keyword_id > 20581)",
                  "Rows Removed by Filter": 906651
                }
              ]
            }
          ]
        }
      ]
    },
    "Planning Time": 0.125,
    "Triggers": [],
    "Execution Time": 138.38
  }
]