[
  {
    "Plan": {
      "Node Type": "Aggregate",
      "Strategy": "Plain",
      "Partial Mode": "Finalize",
      "Parallel Aware": false,
      "Startup Cost": 377777.38,
      "Total Cost": 377777.39,
      "Plan Rows": 1,
      "Plan Width": 8,
      "Actual Startup Time": 1562.795,
      "Actual Total Time": 1622.533,
      "Actual Rows": 1,
      "Actual Loops": 1,
      "Plans": [
        {
          "Node Type": "Gather",
          "Parent Relationship": "Outer",
          "Parallel Aware": false,
          "Startup Cost": 377776.75,
          "Total Cost": 377777.36,
          "Plan Rows": 6,
          "Plan Width": 8,
          "Actual Startup Time": 1561.72,
          "Actual Total Time": 1622.516,
          "Actual Rows": 7,
          "Actual Loops": 1,
          "Workers Planned": 6,
          "Workers Launched": 6,
          "Single Copy": false,
          "Plans": [
            {
              "Node Type": "Aggregate",
              "Strategy": "Plain",
              "Partial Mode": "Partial",
              "Parent Relationship": "Outer",
              "Parallel Aware": false,
              "Startup Cost": 376776.75,
              "Total Cost": 376776.76,
              "Plan Rows": 1,
              "Plan Width": 8,
              "Actual Startup Time": 1551.435,
              "Actual Total Time": 1551.444,
              "Actual Rows": 1,
              "Actual Loops": 7,
              "Plans": [
                {
                  "Node Type": "Hash Join",
                  "Parent Relationship": "Outer",
                  "Parallel Aware": true,
                  "Join Type": "Inner",
                  "Startup Cost": 46279.99,
                  "Total Cost": 375246.64,
                  "Plan Rows": 612044,
                  "Plan Width": 0,
                  "Actual Startup Time": 113.531,
                  "Actual Total Time": 1526.38,
                  "Actual Rows": 511575,
                  "Actual Loops": 7,
                  "Inner Unique": true,
                  "Hash Cond": "(ci.movie_id = t.id)",
                  "Plans": [
                    {
                      "Node Type": "Seq Scan",
                      "Parent Relationship": "Outer",
                      "Parallel Aware": true,
                      "Relation Name": "cast_info",
                      "Alias": "ci",
                      "Startup Cost": 0.0,
                      "Total Cost": 313106.51,
                      "Plan Rows": 6041951,
                      "Plan Width": 4,
                      "Actual Startup Time": 0.039,
                      "Actual Total Time": 606.534,
                      "Actual Rows": 5177763,
                      "Actual Loops": 7
                    },
                    {
                      "Node Type": "Hash",
                      "Parent Relationship": "Inner",
                      "Parallel Aware": true,
                      "Startup Cost": 45479.59,
                      "Total Cost": 45479.59,
                      "Plan Rows": 64032,
                      "Plan Width": 4,
                      "Actual Startup Time": 111.47,
                      "Actual Total Time": 111.471,
                      "Actual Rows": 32550,
                      "Actual Loops": 7,
                      "Hash Buckets": 262144,
                      "Original Hash Buckets": 262144,
                      "Hash Batches": 1,
                      "Original Hash Batches": 1,
                      "Peak Memory Usage": 11040,
                      "Plans": [
                        {
                          "Node Type": "Seq Scan",
                          "Parent Relationship": "Outer",
                          "Parallel Aware": true,
                          "Relation Name": "title",
                          "Alias": "t",
                          "Startup Cost": 0.0,
                          "Total Cost": 45479.59,
                          "Plan Rows": 64032,
                          "Plan Width": 4,
                          "Actual Startup Time": 0.075,
                          "Actual Total Time": 93.97,
                          "Actual Rows": 32550,
                          "Actual Loops": 7,
                          "Filter": "((kind_id < 7) AND (production_year > 2008))",
                          "Rows Removed by Filter": 328638
                        }
                      ]
                    }
                  ]
                }
              ]
            }
          ]
        }
      ]
    },
    "Planning Time": 0.549,
    "Triggers": [],
    "Execution Time": 1622.618
  }
]