{
    "Plan": {
        "Node Type": "Aggregate",
        "Strategy": "Plain",
        "Partial Mode": "Simple",
        "Parallel Aware": false,
        "Startup Cost": 60001276607.75,
        "Total Cost": 60001276607.76,
        "Plan Rows": 1,
        "Plan Width": 96,
        "Actual Startup Time": 8674.506,
        "Actual Total Time": 8674.757,
        "Actual Rows": 1,
        "Actual Loops": 1,
        "Output": [
            "min(cn.name)",
            "min(mi_idx.info)",
            "min(t.title)"
        ],
        "Plans": [
            {
                "Node Type": "Nested Loop",
                "Parent Relationship": "Outer",
                "Parallel Aware": false,
                "Join Type": "Inner",
                "Startup Cost": 60001276599.99,
                "Total Cost": 60001276607.74,
                "Plan Rows": 1,
                "Plan Width": 41,
                "Actual Startup Time": 8468.761,
                "Actual Total Time": 8664.019,
                "Actual Rows": 27943,
                "Actual Loops": 1,
                "Output": [
                    "cn.name",
                    "mi_idx.info",
                    "t.title"
                ],
                "Inner Unique": true,
                "Plans": [
                    {
                        "Node Type": "Hash Join",
                        "Parent Relationship": "Outer",
                        "Parallel Aware": false,
                        "Join Type": "Inner",
                        "Startup Cost": 50001276599.85,
                        "Total Cost": 50001276600.91,
                        "Plan Rows": 1,
                        "Plan Width": 45,
                        "Actual Startup Time": 8468.708,
                        "Actual Total Time": 8476.015,
                        "Actual Rows": 30454,
                        "Actual Loops": 1,
                        "Output": [
                            "cn.name",
                            "mi_idx.info",
                            "t.title",
                            "t.kind_id"
                        ],
                        "Inner Unique": false,
                        "Hash Cond": "(ct.id = mc.company_type_id)",
                        "Plans": [
                            {
                                "Node Type": "Seq Scan",
                                "Parent Relationship": "Outer",
                                "Parallel Aware": false,
                                "Relation Name": "company_type",
                                "Schema": "public",
                                "Alias": "ct",
                                "Startup Cost": 10000000000.0,
                                "Total Cost": 10000000001.04,
                                "Plan Rows": 4,
                                "Plan Width": 4,
                                "Actual Startup Time": 0.011,
                                "Actual Total Time": 0.015,
                                "Actual Rows": 4,
                                "Actual Loops": 1,
                                "Output": [
                                    "ct.id",
                                    "ct.kind"
                                ]
                            },
                            {
                                "Node Type": "Hash",
                                "Parent Relationship": "Inner",
                                "Parallel Aware": false,
                                "Startup Cost": 40001276599.83,
                                "Total Cost": 40001276599.83,
                                "Plan Rows": 1,
                                "Plan Width": 49,
                                "Actual Startup Time": 8468.682,
                                "Actual Total Time": 8468.931,
                                "Actual Rows": 30454,
                                "Actual Loops": 1,
                                "Output": [
                                    "cn.name",
                                    "mc.company_type_id",
                                    "mi_idx.info",
                                    "t.title",
                                    "t.kind_id"
                                ],
                                "Hash Buckets": 32768,
                                "Original Hash Buckets": 1024,
                                "Hash Batches": 1,
                                "Original Hash Batches": 1,
                                "Peak Memory Usage": 2739,
                                "Plans": [
                                    {
                                        "Node Type": "Merge Join",
                                        "Parent Relationship": "Outer",
                                        "Parallel Aware": false,
                                        "Join Type": "Inner",
                                        "Startup Cost": 40001269707.88,
                                        "Total Cost": 40001276599.83,
                                        "Plan Rows": 1,
                                        "Plan Width": 49,
                                        "Actual Startup Time": 8029.654,
                                        "Actual Total Time": 8458.923,
                                        "Actual Rows": 30454,
                                        "Actual Loops": 1,
                                        "Output": [
                                            "cn.name",
                                            "mc.company_type_id",
                                            "mi_idx.info",
                                            "t.title",
                                            "t.kind_id"
                                        ],
                                        "Inner Unique": false,
                                        "Merge Cond": "(t.id = mi.movie_id)",
                                        "Plans": [
                                            {
                                                "Node Type": "Sort",
                                                "Parent Relationship": "Outer",
                                                "Parallel Aware": false,
                                                "Startup Cost": 10000208291.51,
                                                "Total Cost": 10000211740.49,
                                                "Plan Rows": 1379592,
                                                "Plan Width": 25,
                                                "Actual Startup Time": 654.252,
                                                "Actual Total Time": 878.44,
                                                "Actual Rows": 1380961,
                                                "Actual Loops": 1,
                                                "Output": [
                                                    "t.title",
                                                    "t.kind_id",
                                                    "t.id"
                                                ],
                                                "Sort Key": [
                                                    "t.id"
                                                ],
                                                "Sort Method": "quicksort",
                                                "Sort Space Used": 153732,
                                                "Sort Space Type": "Memory",
                                                "Plans": [
                                                    {
                                                        "Node Type": "Seq Scan",
                                                        "Parent Relationship": "Outer",
                                                        "Parallel Aware": false,
                                                        "Relation Name": "title",
                                                        "Schema": "public",
                                                        "Alias": "t",
                                                        "Startup Cost": 10000000000.0,
                                                        "Total Cost": 10000067602.02,
                                                        "Plan Rows": 1379592,
                                                        "Plan Width": 25,
                                                        "Actual Startup Time": 0.013,
                                                        "Actual Total Time": 282.806,
                                                        "Actual Rows": 1381453,
                                                        "Actual Loops": 1,
                                                        "Output": [
                                                            "t.title",
                                                            "t.kind_id",
                                                            "t.id"
                                                        ],
                                                        "Filter": "(t.production_year > 2000)",
                                                        "Rows Removed by Filter": 1146859
                                                    }
                                                ]
                                            },
                                            {
                                                "Node Type": "Sort",
                                                "Parent Relationship": "Inner",
                                                "Parallel Aware": false,
                                                "Startup Cost": 30001061415.68,
                                                "Total Cost": 30001061415.69,
                                                "Plan Rows": 1,
                                                "Plan Width": 44,
                                                "Actual Startup Time": 7372.277,
                                                "Actual Total Time": 7379.88,
                                                "Actual Rows": 40185,
                                                "Actual Loops": 1,
                                                "Output": [
                                                    "cn.name",
                                                    "mc.movie_id",
                                                    "mc.company_type_id",
                                                    "mi.movie_id",
                                                    "mi_idx.info",
                                                    "mi_idx.movie_id",
                                                    "mk.movie_id"
                                                ],
                                                "Sort Key": [
                                                    "mc.movie_id"
                                                ],
                                                "Sort Method": "quicksort",
                                                "Sort Space Used": 5520,
                                                "Sort Space Type": "Memory",
                                                "Plans": [
                                                    {
                                                        "Node Type": "Merge Join",
                                                        "Parent Relationship": "Outer",
                                                        "Parallel Aware": false,
                                                        "Join Type": "Inner",
                                                        "Startup Cost": 30001060785.62,
                                                        "Total Cost": 30001061415.67,
                                                        "Plan Rows": 1,
                                                        "Plan Width": 44,
                                                        "Actual Startup Time": 7329.69,
                                                        "Actual Total Time": 7358.45,
                                                        "Actual Rows": 40185,
                                                        "Actual Loops": 1,
                                                        "Output": [
                                                            "cn.name",
                                                            "mc.movie_id",
                                                            "mc.company_type_id",
                                                            "mi.movie_id",
                                                            "mi_idx.info",
                                                            "mi_idx.movie_id",
                                                            "mk.movie_id"
                                                        ],
                                                        "Inner Unique": false,
                                                        "Merge Cond": "(cn.id = mc.company_id)",
                                                        "Plans": [
                                                            {
                                                                "Node Type": "Sort",
                                                                "Parent Relationship": "Outer",
                                                                "Parallel Aware": false,
                                                                "Startup Cost": 16616.43,
                                                                "Total Cost": 16931.7,
                                                                "Plan Rows": 126107,
                                                                "Plan Width": 23,
                                                                "Actual Startup Time": 56.21,
                                                                "Actual Total Time": 63.165,
                                                                "Actual Rows": 41011,
                                                                "Actual Loops": 1,
                                                                "Output": [
                                                                    "cn.name",
                                                                    "cn.id"
                                                                ],
                                                                "Sort Key": [
                                                                    "cn.id"
                                                                ],
                                                                "Sort Method": "quicksort",
                                                                "Sort Space Used": 12078,
                                                                "Sort Space Type": "Memory",
                                                                "Plans": [
                                                                    {
                                                                        "Node Type": "Seq Scan",
                                                                        "Parent Relationship": "Outer",
                                                                        "Parallel Aware": false,
                                                                        "Relation Name": "company_name",
                                                                        "Schema": "public",
                                                                        "Alias": "cn",
                                                                        "Startup Cost": 0.0,
                                                                        "Total Cost": 5932.46,
                                                                        "Plan Rows": 126107,
                                                                        "Plan Width": 23,
                                                                        "Actual Startup Time": 0.022,
                                                                        "Actual Total Time": 25.876,
                                                                        "Actual Rows": 126230,
                                                                        "Actual Loops": 1,
                                                                        "Output": [
                                                                            "cn.name",
                                                                            "cn.id"
                                                                        ],
                                                                        "Filter": "((cn.country_code)::text <> '[us]'::text)",
                                                                        "Rows Removed by Filter": 108767
                                                                    }
                                                                ]
                                                            },
                                                            {
                                                                "Node Type": "Sort",
                                                                "Parent Relationship": "Inner",
                                                                "Parallel Aware": false,
                                                                "Startup Cost": 30001044169.19,
                                                                "Total Cost": 30001044169.2,
                                                                "Plan Rows": 1,
                                                                "Plan Width": 29,
                                                                "Actual Startup Time": 7273.466,
                                                                "Actual Total Time": 7279.887,
                                                                "Actual Rows": 44215,
                                                                "Actual Loops": 1,
                                                                "Output": [
                                                                    "mi.movie_id",
                                                                    "mc.movie_id",
                                                                    "mc.company_type_id",
                                                                    "mc.company_id",
                                                                    "mi_idx.info",
                                                                    "mi_idx.movie_id",
                                                                    "mk.movie_id"
                                                                ],
                                                                "Sort Key": [
                                                                    "mc.company_id"
                                                                ],
                                                                "Sort Method": "quicksort",
                                                                "Sort Space Used": 4991,
                                                                "Sort Space Type": "Memory",
                                                                "Plans": [
                                                                    {
                                                                        "Node Type": "Hash Join",
                                                                        "Parent Relationship": "Outer",
                                                                        "Parallel Aware": false,
                                                                        "Join Type": "Inner",
                                                                        "Startup Cost": 30000985684.02,
                                                                        "Total Cost": 30001044169.18,
                                                                        "Plan Rows": 1,
                                                                        "Plan Width": 29,
                                                                        "Actual Startup Time": 6707.207,
                                                                        "Actual Total Time": 7259.932,
                                                                        "Actual Rows": 44215,
                                                                        "Actual Loops": 1,
                                                                        "Output": [
                                                                            "mi.movie_id",
                                                                            "mc.movie_id",
                                                                            "mc.company_type_id",
                                                                            "mc.company_id",
                                                                            "mi_idx.info",
                                                                            "mi_idx.movie_id",
                                                                            "mk.movie_id"
                                                                        ],
                                                                        "Inner Unique": false,
                                                                        "Hash Cond": "(mc.movie_id = mi.movie_id)",
                                                                        "Plans": [
                                                                            {
                                                                                "Node Type": "Seq Scan",
                                                                                "Parent Relationship": "Outer",
                                                                                "Parallel Aware": false,
                                                                                "Relation Name": "movie_companies",
                                                                                "Schema": "public",
                                                                                "Alias": "mc",
                                                                                "Startup Cost": 10000000000.0,
                                                                                "Total Cost": 10000057926.93,
                                                                                "Plan Rows": 148857,
                                                                                "Plan Width": 12,
                                                                                "Actual Startup Time": 0.018,
                                                                                "Actual Total Time": 503.457,
                                                                                "Actual Rows": 303271,
                                                                                "Actual Loops": 1,
                                                                                "Output": [
                                                                                    "mc.id",
                                                                                    "mc.movie_id",
                                                                                    "mc.company_id",
                                                                                    "mc.company_type_id",
                                                                                    "mc.note"
                                                                                ],
                                                                                "Filter": "((mc.note !~~ '%(USA)%'::text) AND (mc.note ~~ '%(200%)%'::text))",
                                                                                "Rows Removed by Filter": 2305858
                                                                            },
                                                                            {
                                                                                "Node Type": "Hash",
                                                                                "Parent Relationship": "Inner",
                                                                                "Parallel Aware": false,
                                                                                "Startup Cost": 20000985684.01,
                                                                                "Total Cost": 20000985684.01,
                                                                                "Plan Rows": 1,
                                                                                "Plan Width": 17,
                                                                                "Actual Startup Time": 6705.668,
                                                                                "Actual Total Time": 6705.908,
                                                                                "Actual Rows": 16083,
                                                                                "Actual Loops": 1,
                                                                                "Output": [
                                                                                    "mi.movie_id",
                                                                                    "mi_idx.info",
                                                                                    "mi_idx.movie_id",
                                                                                    "mk.movie_id"
                                                                                ],
                                                                                "Hash Buckets": 16384,
                                                                                "Original Hash Buckets": 1024,
                                                                                "Hash Batches": 1,
                                                                                "Original Hash Batches": 1,
                                                                                "Peak Memory Usage": 882,
                                                                                "Plans": [
                                                                                    {
                                                                                        "Node Type": "Hash Join",
                                                                                        "Parent Relationship": "Outer",
                                                                                        "Parallel Aware": false,
                                                                                        "Join Type": "Inner",
                                                                                        "Startup Cost": 20000979162.09,
                                                                                        "Total Cost": 20000985684.01,
                                                                                        "Plan Rows": 1,
                                                                                        "Plan Width": 17,
                                                                                        "Actual Startup Time": 6310.431,
                                                                                        "Actual Total Time": 6702.711,
                                                                                        "Actual Rows": 16083,
                                                                                        "Actual Loops": 1,
                                                                                        "Output": [
                                                                                            "mi.movie_id",
                                                                                            "mi_idx.info",
                                                                                            "mi_idx.movie_id",
                                                                                            "mk.movie_id"
                                                                                        ],
                                                                                        "Inner Unique": true,
                                                                                        "Hash Cond": "(mi_idx.info_type_id = it2.id)",
                                                                                        "Plans": [
                                                                                            {
                                                                                                "Node Type": "Merge Join",
                                                                                                "Parent Relationship": "Outer",
                                                                                                "Parallel Aware": false,
                                                                                                "Join Type": "Inner",
                                                                                                "Startup Cost": 20000979147.95,
                                                                                                "Total Cost": 20000985669.86,
                                                                                                "Plan Rows": 5,
                                                                                                "Plan Width": 21,
                                                                                                "Actual Startup Time": 6310.385,
                                                                                                "Actual Total Time": 6696.203,
                                                                                                "Actual Rows": 54458,
                                                                                                "Actual Loops": 1,
                                                                                                "Output": [
                                                                                                    "mi.movie_id",
                                                                                                    "mi_idx.info",
                                                                                                    "mi_idx.movie_id",
                                                                                                    "mi_idx.info_type_id",
                                                                                                    "mk.movie_id"
                                                                                                ],
                                                                                                "Inner Unique": true,
                                                                                                "Merge Cond": "(mk.keyword_id = k.id)",
                                                                                                "Plans": [
                                                                                                    {
                                                                                                        "Node Type": "Sort",
                                                                                                        "Parent Relationship": "Outer",
                                                                                                        "Parallel Aware": false,
                                                                                                        "Startup Cost": 20000979147.46,
                                                                                                        "Total Cost": 20000979569.46,
                                                                                                        "Plan Rows": 168798,
                                                                                                        "Plan Width": 25,
                                                                                                        "Actual Startup Time": 6236.978,
                                                                                                        "Actual Total Time": 6474.63,
                                                                                                        "Actual Rows": 1087432,
                                                                                                        "Actual Loops": 1,
                                                                                                        "Output": [
                                                                                                            "mi.movie_id",
                                                                                                            "mi_idx.info",
                                                                                                            "mi_idx.movie_id",
                                                                                                            "mi_idx.info_type_id",
                                                                                                            "mk.movie_id",
                                                                                                            "mk.keyword_id"
                                                                                                        ],
                                                                                                        "Sort Key": [
                                                                                                            "mk.keyword_id"
                                                                                                        ],
                                                                                                        "Sort Method": "quicksort",
                                                                                                        "Sort Space Used": 650768,
                                                                                                        "Sort Space Type": "Memory",
                                                                                                        "Plans": [
                                                                                                            {
                                                                                                                "Node Type": "Merge Join",
                                                                                                                "Parent Relationship": "Outer",
                                                                                                                "Parallel Aware": false,
                                                                                                                "Join Type": "Inner",
                                                                                                                "Startup Cost": 20000933270.36,
                                                                                                                "Total Cost": 20000964491.63,
                                                                                                                "Plan Rows": 168798,
                                                                                                                "Plan Width": 25,
                                                                                                                "Actual Startup Time": 2136.306,
                                                                                                                "Actual Total Time": 4320.284,
                                                                                                                "Actual Rows": 5813237,
                                                                                                                "Actual Loops": 1,
                                                                                                                "Output": [
                                                                                                                    "mi.movie_id",
                                                                                                                    "mi_idx.info",
                                                                                                                    "mi_idx.movie_id",
                                                                                                                    "mi_idx.info_type_id",
                                                                                                                    "mk.movie_id",
                                                                                                                    "mk.keyword_id"
                                                                                                                ],
                                                                                                                "Inner Unique": false,
                                                                                                                "Merge Cond": "(mk.movie_id = mi.movie_id)",
                                                                                                                "Plans": [
                                                                                                                    {
                                                                                                                        "Node Type": "Sort",
                                                                                                                        "Parent Relationship": "Outer",
                                                                                                                        "Parallel Aware": false,
                                                                                                                        "Startup Cost": 10000569794.43,
                                                                                                                        "Total Cost": 10000581104.25,
                                                                                                                        "Plan Rows": 4523930,
                                                                                                                        "Plan Width": 8,
                                                                                                                        "Actual Startup Time": 1019.333,
                                                                                                                        "Actual Total Time": 1259.299,
                                                                                                                        "Actual Rows": 4523925,
                                                                                                                        "Actual Loops": 1,
                                                                                                                        "Output": [
                                                                                                                            "mk.movie_id",
                                                                                                                            "mk.keyword_id"
                                                                                                                        ],
                                                                                                                        "Sort Key": [
                                                                                                                            "mk.movie_id"
                                                                                                                        ],
                                                                                                                        "Sort Method": "quicksort",
                                                                                                                        "Sort Space Used": 408668,
                                                                                                                        "Sort Space Type": "Memory",
                                                                                                                        "Plans": [
                                                                                                                            {
                                                                                                                                "Node Type": "Seq Scan",
                                                                                                                                "Parent Relationship": "Outer",
                                                                                                                                "Parallel Aware": false,
                                                                                                                                "Relation Name": "movie_keyword",
                                                                                                                                "Schema": "public",
                                                                                                                                "Alias": "mk",
                                                                                                                                "Startup Cost": 10000000000.0,
                                                                                                                                "Total Cost": 10000069693.3,
                                                                                                                                "Plan Rows": 4523930,
                                                                                                                                "Plan Width": 8,
                                                                                                                                "Actual Startup Time": 0.01,
                                                                                                                                "Actual Total Time": 365.451,
                                                                                                                                "Actual Rows": 4523930,
                                                                                                                                "Actual Loops": 1,
                                                                                                                                "Output": [
                                                                                                                                    "mk.movie_id",
                                                                                                                                    "mk.keyword_id"
                                                                                                                                ]
                                                                                                                            }
                                                                                                                        ]
                                                                                                                    },
                                                                                                                    {
                                                                                                                        "Node Type": "Materialize",
                                                                                                                        "Parent Relationship": "Inner",
                                                                                                                        "Parallel Aware": false,
                                                                                                                        "Startup Cost": 10000363475.47,
                                                                                                                        "Total Cost": 10000369582.79,
                                                                                                                        "Plan Rows": 14006,
                                                                                                                        "Plan Width": 17,
                                                                                                                        "Actual Startup Time": 1116.967,
                                                                                                                        "Actual Total Time": 1814.934,
                                                                                                                        "Actual Rows": 6009762,
                                                                                                                        "Actual Loops": 1,
                                                                                                                        "Output": [
                                                                                                                            "mi.movie_id",
                                                                                                                            "mi_idx.info",
                                                                                                                            "mi_idx.movie_id",
                                                                                                                            "mi_idx.info_type_id"
                                                                                                                        ],
                                                                                                                        "Plans": [
                                                                                                                            {
                                                                                                                                "Node Type": "Merge Join",
                                                                                                                                "Parent Relationship": "Outer",
                                                                                                                                "Parallel Aware": false,
                                                                                                                                "Join Type": "Inner",
                                                                                                                                "Startup Cost": 10000363475.47,
                                                                                                                                "Total Cost": 10000369547.78,
                                                                                                                                "Plan Rows": 14006,
                                                                                                                                "Plan Width": 17,
                                                                                                                                "Actual Startup Time": 1116.955,
                                                                                                                                "Actual Total Time": 1414.008,
                                                                                                                                "Actual Rows": 529339,
                                                                                                                                "Actual Loops": 1,
                                                                                                                                "Output": [
                                                                                                                                    "mi.movie_id",
                                                                                                                                    "mi_idx.info",
                                                                                                                                    "mi_idx.movie_id",
                                                                                                                                    "mi_idx.info_type_id"
                                                                                                                                ],
                                                                                                                                "Inner Unique": false,
                                                                                                                                "Merge Cond": "(mi_idx.movie_id = mi.movie_id)",
                                                                                                                                "Plans": [
                                                                                                                                    {
                                                                                                                                        "Node Type": "Sort",
                                                                                                                                        "Parent Relationship": "Outer",
                                                                                                                                        "Parallel Aware": false,
                                                                                                                                        "Startup Cost": 10000143387.02,
                                                                                                                                        "Total Cost": 10000146318.43,
                                                                                                                                        "Plan Rows": 1172563,
                                                                                                                                        "Plan Width": 13,
                                                                                                                                        "Actual Startup Time": 388.724,
                                                                                                                                        "Actual Total Time": 443.444,
                                                                                                                                        "Actual Rows": 1172960,
                                                                                                                                        "Actual Loops": 1,
                                                                                                                                        "Output": [
                                                                                                                                            "mi_idx.info",
                                                                                                                                            "mi_idx.movie_id",
                                                                                                                                            "mi_idx.info_type_id"
                                                                                                                                        ],
                                                                                                                                        "Sort Key": [
                                                                                                                                            "mi_idx.movie_id"
                                                                                                                                        ],
                                                                                                                                        "Sort Method": "quicksort",
                                                                                                                                        "Sort Space Used": 118451,
                                                                                                                                        "Sort Space Type": "Memory",
                                                                                                                                        "Plans": [
                                                                                                                                            {
                                                                                                                                                "Node Type": "Seq Scan",
                                                                                                                                                "Parent Relationship": "Outer",
                                                                                                                                                "Parallel Aware": false,
                                                                                                                                                "Relation Name": "movie_info_idx",
                                                                                                                                                "Schema": "public",
                                                                                                                                                "Alias": "mi_idx",
                                                                                                                                                "Startup Cost": 10000000000.0,
                                                                                                                                                "Total Cost": 10000025185.44,
                                                                                                                                                "Plan Rows": 1172563,
                                                                                                                                                "Plan Width": 13,
                                                                                                                                                "Actual Startup Time": 0.028,
                                                                                                                                                "Actual Total Time": 163.766,
                                                                                                                                                "Actual Rows": 1172960,
                                                                                                                                                "Actual Loops": 1,
                                                                                                                                                "Output": [
                                                                                                                                                    "mi_idx.info",
                                                                                                                                                    "mi_idx.movie_id",
                                                                                                                                                    "mi_idx.info_type_id"
                                                                                                                                                ],
                                                                                                                                                "Filter": "(mi_idx.info < '7.0'::text)",
                                                                                                                                                "Rows Removed by Filter": 207075
                                                                                                                                            }
                                                                                                                                        ]
                                                                                                                                    },
                                                                                                                                    {
                                                                                                                                        "Node Type": "Sort",
                                                                                                                                        "Parent Relationship": "Inner",
                                                                                                                                        "Parallel Aware": false,
                                                                                                                                        "Startup Cost": 220087.86,
                                                                                                                                        "Total Cost": 220102.43,
                                                                                                                                        "Plan Rows": 5827,
                                                                                                                                        "Plan Width": 4,
                                                                                                                                        "Actual Startup Time": 728.219,
                                                                                                                                        "Actual Total Time": 770.048,
                                                                                                                                        "Actual Rows": 911145,
                                                                                                                                        "Actual Loops": 1,
                                                                                                                                        "Output": [
                                                                                                                                            "mi.movie_id"
                                                                                                                                        ],
                                                                                                                                        "Sort Key": [
                                                                                                                                            "mi.movie_id"
                                                                                                                                        ],
                                                                                                                                        "Sort Method": "quicksort",
                                                                                                                                        "Sort Space Used": 52175,
                                                                                                                                        "Sort Space Type": "Memory",
                                                                                                                                        "Plans": [
                                                                                                                                            {
                                                                                                                                                "Node Type": "Gather",
                                                                                                                                                "Parent Relationship": "Outer",
                                                                                                                                                "Parallel Aware": false,
                                                                                                                                                "Startup Cost": 218456.64,
                                                                                                                                                "Total Cost": 219723.42,
                                                                                                                                                "Plan Rows": 5827,
                                                                                                                                                "Plan Width": 4,
                                                                                                                                                "Actual Startup Time": 575.645,
                                                                                                                                                "Actual Total Time": 640.989,
                                                                                                                                                "Actual Rows": 588764,
                                                                                                                                                "Actual Loops": 1,
                                                                                                                                                "Output": [
                                                                                                                                                    "mi.movie_id"
                                                                                                                                                ],
                                                                                                                                                "Workers Planned": 5,
                                                                                                                                                "Workers Launched": 5,
                                                                                                                                                "Single Copy": false,
                                                                                                                                                "Plans": [
                                                                                                                                                    {
                                                                                                                                                        "Node Type": "Merge Join",
                                                                                                                                                        "Parent Relationship": "Outer",
                                                                                                                                                        "Parallel Aware": false,
                                                                                                                                                        "Join Type": "Inner",
                                                                                                                                                        "Startup Cost": 217456.64,
                                                                                                                                                        "Total Cost": 218140.72,
                                                                                                                                                        "Plan Rows": 1165,
                                                                                                                                                        "Plan Width": 4,
                                                                                                                                                        "Actual Startup Time": 564.784,
                                                                                                                                                        "Actual Total Time": 583.564,
                                                                                                                                                        "Actual Rows": 98127,
                                                                                                                                                        "Actual Loops": 6,
                                                                                                                                                        "Output": [
                                                                                                                                                            "mi.movie_id"
                                                                                                                                                        ],
                                                                                                                                                        "Inner Unique": true,
                                                                                                                                                        "Merge Cond": "(mi.info_type_id = it1.id)",
                                                                                                                                                        "Workers": [
                                                                                                                                                            {
                                                                                                                                                                "Worker Number": 0,
                                                                                                                                                                "Actual Startup Time": 562.264,
                                                                                                                                                                "Actual Total Time": 580.577,
                                                                                                                                                                "Actual Rows": 85374,
                                                                                                                                                                "Actual Loops": 1
                                                                                                                                                            },
                                                                                                                                                            {
                                                                                                                                                                "Worker Number": 1,
                                                                                                                                                                "Actual Startup Time": 562.493,
                                                                                                                                                                "Actual Total Time": 580.775,
                                                                                                                                                                "Actual Rows": 85162,
                                                                                                                                                                "Actual Loops": 1
                                                                                                                                                            },
                                                                                                                                                            {
                                                                                                                                                                "Worker Number": 2,
                                                                                                                                                                "Actual Startup Time": 562.915,
                                                                                                                                                                "Actual Total Time": 580.94,
                                                                                                                                                                "Actual Rows": 84145,
                                                                                                                                                                "Actual Loops": 1
                                                                                                                                                            },
                                                                                                                                                            {
                                                                                                                                                                "Worker Number": 3,
                                                                                                                                                                "Actual Startup Time": 562.897,
                                                                                                                                                                "Actual Total Time": 581.347,
                                                                                                                                                                "Actual Rows": 85976,
                                                                                                                                                                "Actual Loops": 1
                                                                                                                                                            },
                                                                                                                                                            {
                                                                                                                                                                "Worker Number": 4,
                                                                                                                                                                "Actual Startup Time": 562.915,
                                                                                                                                                                "Actual Total Time": 581.372,
                                                                                                                                                                "Actual Rows": 85997,
                                                                                                                                                                "Actual Loops": 1
                                                                                                                                                            }
                                                                                                                                                        ],
                                                                                                                                                        "Plans": [
                                                                                                                                                            {
                                                                                                                                                                "Node Type": "Sort",
                                                                                                                                                                "Parent Relationship": "Outer",
                                                                                                                                                                "Parallel Aware": false,
                                                                                                                                                                "Startup Cost": 217456.5,
                                                                                                                                                                "Total Cost": 217785.72,
                                                                                                                                                                "Plan Rows": 131691,
                                                                                                                                                                "Plan Width": 8,
                                                                                                                                                                "Actual Startup Time": 563.481,
                                                                                                                                                                "Actual Total Time": 568.786,
                                                                                                                                                                "Actual Rows": 109039,
                                                                                                                                                                "Actual Loops": 6,
                                                                                                                                                                "Output": [
                                                                                                                                                                    "mi.movie_id",
                                                                                                                                                                    "mi.info_type_id"
                                                                                                                                                                ],
                                                                                                                                                                "Sort Key": [
                                                                                                                                                                    "mi.info_type_id"
                                                                                                                                                                ],
                                                                                                                                                                "Sort Method": "quicksort",
                                                                                                                                                                "Sort Space Used": 15085,
                                                                                                                                                                "Sort Space Type": "Memory",
                                                                                                                                                                "Workers": [
                                                                                                                                                                    {
                                                                                                                                                                        "Worker Number": 0,
                                                                                                                                                                        "Actual Startup Time": 561.124,
                                                                                                                                                                        "Actual Total Time": 566.26,
                                                                                                                                                                        "Actual Rows": 93418,
                                                                                                                                                                        "Actual Loops": 1
                                                                                                                                                                    },
                                                                                                                                                                    {
                                                                                                                                                                        "Worker Number": 1,
                                                                                                                                                                        "Actual Startup Time": 561.349,
                                                                                                                                                                        "Actual Total Time": 566.461,
                                                                                                                                                                        "Actual Rows": 92962,
                                                                                                                                                                        "Actual Loops": 1
                                                                                                                                                                    },
                                                                                                                                                                    {
                                                                                                                                                                        "Worker Number": 2,
                                                                                                                                                                        "Actual Startup Time": 561.707,
                                                                                                                                                                        "Actual Total Time": 566.789,
                                                                                                                                                                        "Actual Rows": 92593,
                                                                                                                                                                        "Actual Loops": 1
                                                                                                                                                                    },
                                                                                                                                                                    {
                                                                                                                                                                        "Worker Number": 3,
                                                                                                                                                                        "Actual Startup Time": 561.732,
                                                                                                                                                                        "Actual Total Time": 566.878,
                                                                                                                                                                        "Actual Rows": 94254,
                                                                                                                                                                        "Actual Loops": 1
                                                                                                                                                                    },
                                                                                                                                                                    {
                                                                                                                                                                        "Worker Number": 4,
                                                                                                                                                                        "Actual Startup Time": 561.737,
                                                                                                                                                                        "Actual Total Time": 566.938,
                                                                                                                                                                        "Actual Rows": 94549,
                                                                                                                                                                        "Actual Loops": 1
                                                                                                                                                                    }
                                                                                                                                                                ],
                                                                                                                                                                "Plans": [
                                                                                                                                                                    {
                                                                                                                                                                        "Node Type": "Seq Scan",
                                                                                                                                                                        "Parent Relationship": "Outer",
                                                                                                                                                                        "Parallel Aware": true,
                                                                                                                                                                        "Relation Name": "movie_info",
                                                                                                                                                                        "Schema": "public",
                                                                                                                                                                        "Alias": "mi",
                                                                                                                                                                        "Startup Cost": 0.0,
                                                                                                                                                                        "Total Cost": 206258.29,
                                                                                                                                                                        "Plan Rows": 131691,
                                                                                                                                                                        "Plan Width": 8,
                                                                                                                                                                        "Actual Startup Time": 0.928,
                                                                                                                                                                        "Actual Total Time": 543.087,
                                                                                                                                                                        "Actual Rows": 111556,
                                                                                                                                                                        "Actual Loops": 6,
                                                                                                                                                                        "Output": [
                                                                                                                                                                            "mi.movie_id",
                                                                                                                                                                            "mi.info_type_id"
                                                                                                                                                                        ],
                                                                                                                                                                        "Filter": "(mi.info = ANY ('{Germany,German,USA,American}'::text[]))",
                                                                                                                                                                        "Rows Removed by Filter": 2361064,
                                                                                                                                                                        "Workers": [
                                                                                                                                                                            {
                                                                                                                                                                                "Worker Number": 0,
                                                                                                                                                                                "Actual Startup Time": 2.2,
                                                                                                                                                                                "Actual Total Time": 540.135,
                                                                                                                                                                                "Actual Rows": 95558,
                                                                                                                                                                                "Actual Loops": 1
                                                                                                                                                                            },
                                                                                                                                                                            {
                                                                                                                                                                                "Worker Number": 1,
                                                                                                                                                                                "Actual Startup Time": 2.05,
                                                                                                                                                                                "Actual Total Time": 540.503,
                                                                                                                                                                                "Actual Rows": 95164,
                                                                                                                                                                                "Actual Loops": 1
                                                                                                                                                                            },
                                                                                                                                                                            {
                                                                                                                                                                                "Worker Number": 2,
                                                                                                                                                                                "Actual Startup Time": 0.101,
                                                                                                                                                                                "Actual Total Time": 540.939,
                                                                                                                                                                                "Actual Rows": 94784,
                                                                                                                                                                                "Actual Loops": 1
                                                                                                                                                                            },
                                                                                                                                                                            {
                                                                                                                                                                                "Worker Number": 3,
                                                                                                                                                                                "Actual Startup Time": 0.159,
                                                                                                                                                                                "Actual Total Time": 540.628,
                                                                                                                                                                                "Actual Rows": 96403,
                                                                                                                                                                                "Actual Loops": 1
                                                                                                                                                                            },
                                                                                                                                                                            {
                                                                                                                                                                                "Worker Number": 4,
                                                                                                                                                                                "Actual Startup Time": 0.357,
                                                                                                                                                                                "Actual Total Time": 540.371,
                                                                                                                                                                                "Actual Rows": 96692,
                                                                                                                                                                                "Actual Loops": 1
                                                                                                                                                                            }
                                                                                                                                                                        ]
                                                                                                                                                                    }
                                                                                                                                                                ]
                                                                                                                                                            },
                                                                                                                                                            {
                                                                                                                                                                "Node Type": "Index Scan",
                                                                                                                                                                "Parent Relationship": "Inner",
                                                                                                                                                                "Parallel Aware": false,
                                                                                                                                                                "Scan Direction": "Forward",
                                                                                                                                                                "Index Name": "info_type_pkey",
                                                                                                                                                                "Relation Name": "info_type",
                                                                                                                                                                "Schema": "public",
                                                                                                                                                                "Alias": "it1",
                                                                                                                                                                "Startup Cost": 0.14,
                                                                                                                                                                "Total Cost": 14.12,
                                                                                                                                                                "Plan Rows": 1,
                                                                                                                                                                "Plan Width": 4,
                                                                                                                                                                "Actual Startup Time": 0.076,
                                                                                                                                                                "Actual Total Time": 0.106,
                                                                                                                                                                "Actual Rows": 1,
                                                                                                                                                                "Actual Loops": 6,
                                                                                                                                                                "Output": [
                                                                                                                                                                    "it1.id",
                                                                                                                                                                    "it1.info"
                                                                                                                                                                ],
                                                                                                                                                                "Filter": "((it1.info)::text = 'countries'::text)",
                                                                                                                                                                "Rows Removed by Filter": 112,
                                                                                                                                                                "Workers": [
                                                                                                                                                                    {
                                                                                                                                                                        "Worker Number": 0,
                                                                                                                                                                        "Actual Startup Time": 0.09,
                                                                                                                                                                        "Actual Total Time": 0.126,
                                                                                                                                                                        "Actual Rows": 1,
                                                                                                                                                                        "Actual Loops": 1
                                                                                                                                                                    },
                                                                                                                                                                    {
                                                                                                                                                                        "Worker Number": 1,
                                                                                                                                                                        "Actual Startup Time": 0.113,
                                                                                                                                                                        "Actual Total Time": 0.138,
                                                                                                                                                                        "Actual Rows": 1,
                                                                                                                                                                        "Actual Loops": 1
                                                                                                                                                                    },
                                                                                                                                                                    {
                                                                                                                                                                        "Worker Number": 2,
                                                                                                                                                                        "Actual Startup Time": 0.095,
                                                                                                                                                                        "Actual Total Time": 0.139,
                                                                                                                                                                        "Actual Rows": 1,
                                                                                                                                                                        "Actual Loops": 1
                                                                                                                                                                    },
                                                                                                                                                                    {
                                                                                                                                                                        "Worker Number": 3,
                                                                                                                                                                        "Actual Startup Time": 0.077,
                                                                                                                                                                        "Actual Total Time": 0.101,
                                                                                                                                                                        "Actual Rows": 1,
                                                                                                                                                                        "Actual Loops": 1
                                                                                                                                                                    },
                                                                                                                                                                    {
                                                                                                                                                                        "Worker Number": 4,
                                                                                                                                                                        "Actual Startup Time": 0.068,
                                                                                                                                                                        "Actual Total Time": 0.092,
                                                                                                                                                                        "Actual Rows": 1,
                                                                                                                                                                        "Actual Loops": 1
                                                                                                                                                                    }
                                                                                                                                                                ]
                                                                                                                                                            }
                                                                                                                                                        ]
                                                                                                                                                    }
                                                                                                                                                ]
                                                                                                                                            }
                                                                                                                                        ]
                                                                                                                                    }
                                                                                                                                ]
                                                                                                                            }
                                                                                                                        ]
                                                                                                                    }
                                                                                                                ]
                                                                                                            }
                                                                                                        ]
                                                                                                    },
                                                                                                    {
                                                                                                        "Node Type": "Index Scan",
                                                                                                        "Parent Relationship": "Inner",
                                                                                                        "Parallel Aware": false,
                                                                                                        "Scan Direction": "Forward",
                                                                                                        "Index Name": "keyword_pkey",
                                                                                                        "Relation Name": "keyword",
                                                                                                        "Schema": "public",
                                                                                                        "Alias": "k",
                                                                                                        "Startup Cost": 0.42,
                                                                                                        "Total Cost": 5678.35,
                                                                                                        "Plan Rows": 4,
                                                                                                        "Plan Width": 4,
                                                                                                        "Actual Startup Time": 0.243,
                                                                                                        "Actual Total Time": 68.114,
                                                                                                        "Actual Rows": 3,
                                                                                                        "Actual Loops": 1,
                                                                                                        "Output": [
                                                                                                            "k.id",
                                                                                                            "k.keyword",
                                                                                                            "k.phonetic_code"
                                                                                                        ],
                                                                                                        "Filter": "(k.keyword = ANY ('{murder,murder-in-title,blood,violence}'::text[]))",
                                                                                                        "Rows Removed by Filter": 134167
                                                                                                    }
                                                                                                ]
                                                                                            },
                                                                                            {
                                                                                                "Node Type": "Hash",
                                                                                                "Parent Relationship": "Inner",
                                                                                                "Parallel Aware": false,
                                                                                                "Startup Cost": 14.12,
                                                                                                "Total Cost": 14.12,
                                                                                                "Plan Rows": 1,
                                                                                                "Plan Width": 4,
                                                                                                "Actual Startup Time": 0.031,
                                                                                                "Actual Total Time": 0.032,
                                                                                                "Actual Rows": 1,
                                                                                                "Actual Loops": 1,
                                                                                                "Output": [
                                                                                                    "it2.id"
                                                                                                ],
                                                                                                "Hash Buckets": 1024,
                                                                                                "Original Hash Buckets": 1024,
                                                                                                "Hash Batches": 1,
                                                                                                "Original Hash Batches": 1,
                                                                                                "Peak Memory Usage": 9,
                                                                                                "Plans": [
                                                                                                    {
                                                                                                        "Node Type": "Index Scan",
                                                                                                        "Parent Relationship": "Outer",
                                                                                                        "Parallel Aware": false,
                                                                                                        "Scan Direction": "Forward",
                                                                                                        "Index Name": "info_type_pkey",
                                                                                                        "Relation Name": "info_type",
                                                                                                        "Schema": "public",
                                                                                                        "Alias": "it2",
                                                                                                        "Startup Cost": 0.14,
                                                                                                        "Total Cost": 14.12,
                                                                                                        "Plan Rows": 1,
                                                                                                        "Plan Width": 4,
                                                                                                        "Actual Startup Time": 0.025,
                                                                                                        "Actual Total Time": 0.028,
                                                                                                        "Actual Rows": 1,
                                                                                                        "Actual Loops": 1,
                                                                                                        "Output": [
                                                                                                            "it2.id"
                                                                                                        ],
                                                                                                        "Filter": "((it2.info)::text = 'rating'::text)",
                                                                                                        "Rows Removed by Filter": 112
                                                                                                    }
                                                                                                ]
                                                                                            }
                                                                                        ]
                                                                                    }
                                                                                ]
                                                                            }
                                                                        ]
                                                                    }
                                                                ]
                                                            }
                                                        ]
                                                    }
                                                ]
                                            }
                                        ]
                                    }
                                ]
                            }
                        ]
                    },
                    {
                        "Node Type": "Bitmap Heap Scan",
                        "Parent Relationship": "Inner",
                        "Parallel Aware": false,
                        "Relation Name": "kind_type",
                        "Schema": "public",
                        "Alias": "kt",
                        "Startup Cost": 0.14,
                        "Total Cost": 4.16,
                        "Plan Rows": 1,
                        "Plan Width": 4,
                        "Actual Startup Time": 0.003,
                        "Actual Total Time": 0.003,
                        "Actual Rows": 1,
                        "Actual Loops": 30454,
                        "Output": [
                            "kt.id",
                            "kt.kind"
                        ],
                        "Recheck Cond": "(kt.id = t.kind_id)",
                        "Rows Removed by Index Recheck": 0,
                        "Filter": "((kt.kind)::text = ANY ('{movie,episode}'::text[]))",
                        "Rows Removed by Filter": 0,
                        "Exact Heap Blocks": 30454,
                        "Lossy Heap Blocks": 0,
                        "Plans": [
                            {
                                "Node Type": "Bitmap Index Scan",
                                "Parent Relationship": "Outer",
                                "Parallel Aware": false,
                                "Index Name": "kind_type_pkey",
                                "Startup Cost": 0.0,
                                "Total Cost": 0.14,
                                "Plan Rows": 1,
                                "Plan Width": 0,
                                "Actual Startup Time": 0.001,
                                "Actual Total Time": 0.001,
                                "Actual Rows": 1,
                                "Actual Loops": 30454,
                                "Index Cond": "(kt.id = t.kind_id)"
                            }
                        ]
                    }
                ]
            }
        ]
    },
    "Planning Time": 20.418,
    "Triggers": [],
    "Execution Time": 8675.092
}