[
  {
    "Plan": {
      "Node Type": "Aggregate",
      "Strategy": "Plain",
      "Partial Mode": "Finalize",
      "Parallel Aware": false,
      "Startup Cost": 33069.57,
      "Total Cost": 33069.58,
      "Plan Rows": 1,
      "Plan Width": 8,
      "Actual Startup Time": 25.47,
      "Actual Total Time": 28.463,
      "Actual Rows": 1,
      "Actual Loops": 1,
      "Plans": [
        {
          "Node Type": "Gather",
          "Parent Relationship": "Outer",
          "Parallel Aware": false,
          "Startup Cost": 33069.36,
          "Total Cost": 33069.57,
          "Plan Rows": 2,
          "Plan Width": 8,
          "Actual Startup Time": 25.356,
          "Actual Total Time": 28.457,
          "Actual Rows": 3,
          "Actual Loops": 1,
          "Workers Planned": 2,
          "Workers Launched": 2,
          "Single Copy": false,
          "Plans": [
            {
              "Node Type": "Aggregate",
              "Strategy": "Plain",
              "Partial Mode": "Partial",
              "Parent Relationship": "Outer",
              "Parallel Aware": false,
              "Startup Cost": 32069.36,
              "Total Cost": 32069.37,
              "Plan Rows": 1,
              "Plan Width": 8,
              "Actual Startup Time": 20.718,
              "Actual Total Time": 20.719,
              "Actual Rows": 1,
              "Actual Loops": 3,
              "Plans": [
                {
                  "Node Type": "Nested Loop",
                  "Parent Relationship": "Outer",
                  "Parallel Aware": false,
                  "Join Type": "Inner",
                  "Startup Cost": 217.15,
                  "Total Cost": 32069.06,
                  "Plan Rows": 118,
                  "Plan Width": 0,
                  "Actual Startup Time": 19.777,
                  "Actual Total Time": 20.715,
                  "Actual Rows": 0,
                  "Actual Loops": 3,
                  "Inner Unique": true,
                  "Plans": [
                    {
                      "Node Type": "Bitmap Heap Scan",
                      "Parent Relationship": "Outer",
                      "Parallel Aware": true,
                      "Relation Name": "movie_companies",
                      "Alias": "mc",
                      "Startup Cost": 216.72,
                      "Total Cost": 16511.9,
                      "Plan Rows": 2130,
                      "Plan Width": 4,
                      "Actual Startup Time": 0.79,
                      "Actual Total Time": 2.66,
                      "Actual Rows": 2869,
                      "Actual Loops": 3,
                      "Recheck Cond": "(company_id = 596)",
                      "Rows Removed by Index Recheck": 0,
                      "Filter": "(company_type_id = 2)",
                      "Rows Removed by Filter": 32,
                      "Exact Heap Blocks": 626,
                      "Lossy Heap Blocks": 0,
                      "Plans": [
                        {
                          "Node Type": "Bitmap Index Scan",
                          "Parent Relationship": "Outer",
                          "Parallel Aware": false,
                          "Index Name": "company_id_movie_companies",
                          "Startup Cost": 0.0,
                          "Total Cost": 215.44,
                          "Plan Rows": 10002,
                          "Plan Width": 0,
                          "Actual Startup Time": 1.867,
                          "Actual Total Time": 1.867,
                          "Actual Rows": 8702,
                          "Actual Loops": 1,
                          "Index Cond": "(company_id = 596)"
                        }
                      ]
                    },
                    {
                      "Node Type": "Index Scan",
                      "Parent Relationship": "Inner",
                      "Parallel Aware": false,
                      "Scan Direction": "Forward",
                      "Index Name": "title_pkey",
                      "Relation Name": "title",
                      "Alias": "t",
                      "Startup Cost": 0.43,
                      "Total Cost": 7.3,
                      "Plan Rows": 1,
                      "Plan Width": 4,
                      "Actual Startup Time": 0.006,
                      "Actual Total Time": 0.006,
                      "Actual Rows": 0,
                      "Actual Loops": 8606,
                      "Index Cond": "(id = mc.movie_id)",
                      "Rows Removed by Index Recheck": 0,
                      "Filter": "((production_year > 2011) AND (kind_id = 7))",
                      "Rows Removed by Filter": 1
                    }
                  ]
                }
              ]
            }
          ]
        }
      ]
    },
    "Planning Time": 0.354,
    "Triggers": [],
    "Execution Time": 28.515
  }
]