[
  {
    "Plan": {
      "Node Type": "Aggregate",
      "Strategy": "Plain",
      "Partial Mode": "Finalize",
      "Parallel Aware": false,
      "Startup Cost": 29396.55,
      "Total Cost": 29396.56,
      "Plan Rows": 1,
      "Plan Width": 8,
      "Actual Startup Time": 34.277,
      "Actual Total Time": 38.477,
      "Actual Rows": 1,
      "Actual Loops": 1,
      "Plans": [
        {
          "Node Type": "Gather",
          "Parent Relationship": "Outer",
          "Parallel Aware": false,
          "Startup Cost": 29396.33,
          "Total Cost": 29396.54,
          "Plan Rows": 2,
          "Plan Width": 8,
          "Actual Startup Time": 34.096,
          "Actual Total Time": 38.468,
          "Actual Rows": 3,
          "Actual Loops": 1,
          "Workers Planned": 2,
          "Workers Launched": 2,
          "Single Copy": false,
          "Plans": [
            {
              "Node Type": "Aggregate",
              "Strategy": "Plain",
              "Partial Mode": "Partial",
              "Parent Relationship": "Outer",
              "Parallel Aware": false,
              "Startup Cost": 28396.33,
              "Total Cost": 28396.34,
              "Plan Rows": 1,
              "Plan Width": 8,
              "Actual Startup Time": 25.878,
              "Actual Total Time": 25.88,
              "Actual Rows": 1,
              "Actual Loops": 3,
              "Plans": [
                {
                  "Node Type": "Nested Loop",
                  "Parent Relationship": "Outer",
                  "Parallel Aware": false,
                  "Join Type": "Inner",
                  "Startup Cost": 184.54,
                  "Total Cost": 28396.09,
                  "Plan Rows": 98,
                  "Plan Width": 0,
                  "Actual Startup Time": 24.824,
                  "Actual Total Time": 25.875,
                  "Actual Rows": 0,
                  "Actual Loops": 3,
                  "Inner Unique": true,
                  "Plans": [
                    {
                      "Node Type": "Bitmap Heap Scan",
                      "Parent Relationship": "Outer",
                      "Parallel Aware": true,
                      "Relation Name": "movie_companies",
                      "Alias": "mc",
                      "Startup Cost": 184.11,
                      "Total Cost": 15205.39,
                      "Plan Rows": 1766,
                      "Plan Width": 4,
                      "Actual Startup Time": 1.562,
                      "Actual Total Time": 3.913,
                      "Actual Rows": 2869,
                      "Actual Loops": 3,
                      "Recheck Cond": "(company_id = 596)",
                      "Rows Removed by Index Recheck": 0,
                      "Filter": "(company_type_id = 2)",
                      "Rows Removed by Filter": 32,
                      "Exact Heap Blocks": 680,
                      "Lossy Heap Blocks": 0,
                      "Plans": [
                        {
                          "Node Type": "Bitmap Index Scan",
                          "Parent Relationship": "Outer",
                          "Parallel Aware": false,
                          "Index Name": "company_id_movie_companies",
                          "Startup Cost": 0.0,
                          "Total Cost": 183.05,
                          "Plan Rows": 8349,
                          "Plan Width": 0,
                          "Actual Startup Time": 3.691,
                          "Actual Total Time": 3.691,
                          "Actual Rows": 8702,
                          "Actual Loops": 1,
                          "Index Cond": "(company_id = 596)"
                        }
                      ]
                    },
                    {
                      "Node Type": "Index Scan",
                      "Parent Relationship": "Inner",
                      "Parallel Aware": false,
                      "Scan Direction": "Forward",
                      "Index Name": "title_pkey",
                      "Relation Name": "title",
                      "Alias": "t",
                      "Startup Cost": 0.43,
                      "Total Cost": 7.47,
                      "Plan Rows": 1,
                      "Plan Width": 4,
                      "Actual Startup Time": 0.007,
                      "Actual Total Time": 0.007,
                      "Actual Rows": 0,
                      "Actual Loops": 8606,
                      "Index Cond": "(id = mc.movie_id)",
                      "Rows Removed by Index Recheck": 0,
                      "Filter": "((production_year > 2011) AND (kind_id = 7))",
                      "Rows Removed by Filter": 1
                    }
                  ]
                }
              ]
            }
          ]
        }
      ]
    },
    "Planning Time": 0.667,
    "Triggers": [],
    "Execution Time": 38.564
  }
]