[
  {
    "Plan": {
      "Node Type": "Aggregate",
      "Strategy": "Plain",
      "Partial Mode": "Finalize",
      "Parallel Aware": false,
      "Startup Cost": 76922.67,
      "Total Cost": 76922.68,
      "Plan Rows": 1,
      "Plan Width": 8,
      "Actual Startup Time": 223.038,
      "Actual Total Time": 243.227,
      "Actual Rows": 1,
      "Actual Loops": 1,
      "Plans": [
        {
          "Node Type": "Gather",
          "Parent Relationship": "Outer",
          "Parallel Aware": false,
          "Startup Cost": 76922.35,
          "Total Cost": 76922.66,
          "Plan Rows": 3,
          "Plan Width": 8,
          "Actual Startup Time": 222.162,
          "Actual Total Time": 243.22,
          "Actual Rows": 4,
          "Actual Loops": 1,
          "Workers Planned": 3,
          "Workers Launched": 3,
          "Single Copy": false,
          "Plans": [
            {
              "Node Type": "Aggregate",
              "Strategy": "Plain",
              "Partial Mode": "Partial",
              "Parent Relationship": "Outer",
              "Parallel Aware": false,
              "Startup Cost": 75922.35,
              "Total Cost": 75922.36,
              "Plan Rows": 1,
              "Plan Width": 8,
              "Actual Startup Time": 216.267,
              "Actual Total Time": 216.271,
              "Actual Rows": 1,
              "Actual Loops": 4,
              "Plans": [
                {
                  "Node Type": "Hash Join",
                  "Parent Relationship": "Outer",
                  "Parallel Aware": true,
                  "Join Type": "Inner",
                  "Startup Cost": 44209.32,
                  "Total Cost": 75911.61,
                  "Plan Rows": 4296,
                  "Plan Width": 0,
                  "Actual Startup Time": 117.676,
                  "Actual Total Time": 215.911,
                  "Actual Rows": 4502,
                  "Actual Loops": 4,
                  "Inner Unique": true,
                  "Hash Cond": "(mc.movie_id = t.id)",
                  "Plans": [
                    {
                      "Node Type": "Seq Scan",
                      "Parent Relationship": "Outer",
                      "Parallel Aware": true,
                      "Relation Name": "movie_companies",
                      "Alias": "mc",
                      "Startup Cost": 0.0,
                      "Total Cost": 31414.82,
                      "Plan Rows": 109513,
                      "Plan Width": 4,
                      "Actual Startup Time": 0.026,
                      "Actual Total Time": 77.883,
                      "Actual Rows": 123067,
                      "Actual Loops": 4,
                      "Filter": "((company_id < 1263) AND (company_type_id = 1))",
                      "Rows Removed by Filter": 529216
                    },
                    {
                      "Node Type": "Hash",
                      "Parent Relationship": "Inner",
                      "Parallel Aware": true,
                      "Startup Cost": 43899.32,
                      "Total Cost": 43899.32,
                      "Plan Rows": 24800,
                      "Plan Width": 4,
                      "Actual Startup Time": 116.549,
                      "Actual Total Time": 116.55,
                      "Actual Rows": 23751,
                      "Actual Loops": 4,
                      "Hash Buckets": 131072,
                      "Original Hash Buckets": 131072,
                      "Hash Batches": 1,
                      "Original Hash Batches": 1,
                      "Peak Memory Usage": 4800,
                      "Plans": [
                        {
                          "Node Type": "Seq Scan",
                          "Parent Relationship": "Outer",
                          "Parallel Aware": true,
                          "Relation Name": "title",
                          "Alias": "t",
                          "Startup Cost": 0.0,
                          "Total Cost": 43899.32,
                          "Plan Rows": 24800,
                          "Plan Width": 4,
                          "Actual Startup Time": 0.038,
                          "Actual Total Time": 105.686,
                          "Actual Rows": 23751,
                          "Actual Loops": 4,
                          "Filter": "(production_year = 2005)",
                          "Rows Removed by Filter": 608327
                        }
                      ]
                    }
                  ]
                }
              ]
            }
          ]
        }
      ]
    },
    "Planning Time": 0.271,
    "Triggers": [],
    "Execution Time": 243.266
  }
]