{
  "Plan": {
    "Node Type": "Aggregate",
    "Strategy": "Plain",
    "Partial Mode": "Simple",
    "Parallel Aware": false,
    "Startup Cost": 106969.46,
    "Total Cost": 106969.47,
    "Plan Rows": 1,
    "Plan Width": 64,
    "Actual Startup Time": 1032.413,
    "Actual Total Time": 1032.547,
    "Actual Rows": 1,
    "Actual Loops": 1,
    "Plans": [
      {
        "Node Type": "Nested Loop",
        "Parent Relationship": "Outer",
        "Parallel Aware": false,
        "Join Type": "Inner",
        "Startup Cost": 17171.67,
        "Total Cost": 106969.45,
        "Plan Rows": 1,
        "Plan Width": 23,
        "Actual Startup Time": 497.573,
        "Actual Total Time": 1032.509,
        "Actual Rows": 9,
        "Actual Loops": 1,
        "Inner Unique": false,
        "Join Filter": "(mk.keyword_id = k.id)",
        "Rows Removed by Join Filter": 61371,
        "Plans": [
          {
            "Node Type": "Seq Scan",
            "Parent Relationship": "Outer",
            "Parallel Aware": false,
            "Relation Name": "keyword",
            "Alias": "k",
            "Startup Cost": 0.0,
            "Total Cost": 2626.12,
            "Plan Rows": 13,
            "Plan Width": 4,
            "Actual Startup Time": 3.626,
            "Actual Total Time": 26.817,
            "Actual Rows": 30,
            "Actual Loops": 1,
            "Filter": "(keyword ~~ '%sequel%'::text)",
            "Rows Removed by Filter": 134140
          },
          {
            "Node Type": "Materialize",
            "Parent Relationship": "Inner",
            "Parallel Aware": false,
            "Startup Cost": 17171.67,
            "Total Cost": 104253.24,
            "Plan Rows": 468,
            "Plan Width": 27,
            "Actual Startup Time": 3.192,
            "Actual Total Time": 33.344,
            "Actual Rows": 2046,
            "Actual Loops": 30,
            "Plans": [
              {
                "Node Type": "Nested Loop",
                "Parent Relationship": "Outer",
                "Parallel Aware": false,
                "Join Type": "Inner",
                "Startup Cost": 17171.67,
                "Total Cost": 104250.9,
                "Plan Rows": 468,
                "Plan Width": 27,
                "Actual Startup Time": 95.738,
                "Actual Total Time": 995.839,
                "Actual Rows": 2046,
                "Actual Loops": 1,
                "Inner Unique": true,
                "Join Filter": "(mi_idx.movie_id = t.id)",
                "Rows Removed by Join Filter": 0,
                "Plans": [
                  {
                    "Node Type": "Hash Join",
                    "Parent Relationship": "Outer",
                    "Parallel Aware": false,
                    "Join Type": "Inner",
                    "Startup Cost": 17171.24,
                    "Total Cost": 103837.51,
                    "Plan Rows": 823,
                    "Plan Width": 18,
                    "Actual Startup Time": 94.069,
                    "Actual Total Time": 976.153,
                    "Actual Rows": 6032,
                    "Actual Loops": 1,
                    "Inner Unique": false,
                    "Hash Cond": "(mk.movie_id = mi_idx.movie_id)",
                    "Plans": [
                      {
                        "Node Type": "Seq Scan",
                        "Parent Relationship": "Outer",
                        "Parallel Aware": false,
                        "Relation Name": "movie_keyword",
                        "Alias": "mk",
                        "Startup Cost": 0.0,
                        "Total Cost": 69693.3,
                        "Plan Rows": 4523930,
                        "Plan Width": 8,
                        "Actual Startup Time": 0.02,
                        "Actual Total Time": 466.236,
                        "Actual Rows": 4523930,
                        "Actual Loops": 1
                      },
                      {
                        "Node Type": "Hash",
                        "Parent Relationship": "Inner",
                        "Parallel Aware": false,
                        "Startup Cost": 17170.22,
                        "Total Cost": 17170.22,
                        "Plan Rows": 82,
                        "Plan Width": 10,
                        "Actual Startup Time": 83.115,
                        "Actual Total Time": 83.243,
                        "Actual Rows": 305,
                        "Actual Loops": 1,
                        "Hash Buckets": 1024,
                        "Original Hash Buckets": 1024,
                        "Hash Batches": 1,
                        "Original Hash Batches": 1,
                        "Peak Memory Usage": 20,
                        "Plans": [
                          {
                            "Node Type": "Nested Loop",
                            "Parent Relationship": "Outer",
                            "Parallel Aware": false,
                            "Join Type": "Inner",
                            "Startup Cost": 1000.0,
                            "Total Cost": 17170.22,
                            "Plan Rows": 82,
                            "Plan Width": 10,
                            "Actual Startup Time": 5.02,
                            "Actual Total Time": 83.045,
                            "Actual Rows": 305,
                            "Actual Loops": 1,
                            "Inner Unique": false,
                            "Join Filter": "(it.id = mi_idx.info_type_id)",
                            "Rows Removed by Join Filter": 8017,
                            "Plans": [
                              {
                                "Node Type": "Seq Scan",
                                "Parent Relationship": "Outer",
                                "Parallel Aware": false,
                                "Relation Name": "info_type",
                                "Alias": "it",
                                "Startup Cost": 0.0,
                                "Total Cost": 2.41,
                                "Plan Rows": 1,
                                "Plan Width": 4,
                                "Actual Startup Time": 0.039,
                                "Actual Total Time": 0.043,
                                "Actual Rows": 1,
                                "Actual Loops": 1,
                                "Filter": "((info)::text = 'rating'::text)",
                                "Rows Removed by Filter": 112
                              },
                              {
                                "Node Type": "Gather",
                                "Parent Relationship": "Inner",
                                "Parallel Aware": false,
                                "Startup Cost": 1000.0,
                                "Total Cost": 17051.68,
                                "Plan Rows": 9290,
                                "Plan Width": 14,
                                "Actual Startup Time": 1.064,
                                "Actual Total Time": 81.947,
                                "Actual Rows": 8322,
                                "Actual Loops": 1,
                                "Workers Planned": 2,
                                "Workers Launched": 2,
                                "Single Copy": false,
                                "Plans": [
                                  {
                                    "Node Type": "Seq Scan",
                                    "Parent Relationship": "Outer",
                                    "Parallel Aware": true,
                                    "Relation Name": "movie_info_idx",
                                    "Alias": "mi_idx",
                                    "Startup Cost": 0.0,
                                    "Total Cost": 15122.68,
                                    "Plan Rows": 3871,
                                    "Plan Width": 14,
                                    "Actual Startup Time": 0.406,
                                    "Actual Total Time": 73.064,
                                    "Actual Rows": 2774,
                                    "Actual Loops": 3,
                                    "Filter": "(info > '9.0'::text)",
                                    "Rows Removed by Filter": 457238
                                  }
                                ]
                              }
                            ]
                          }
                        ]
                      }
                    ]
                  },
                  {
                    "Node Type": "Index Scan",
                    "Parent Relationship": "Inner",
                    "Parallel Aware": false,
                    "Scan Direction": "Forward",
                    "Index Name": "title_pkey",
                    "Relation Name": "title",
                    "Alias": "t",
                    "Startup Cost": 0.43,
                    "Total Cost": 0.49,
                    "Plan Rows": 1,
                    "Plan Width": 21,
                    "Actual Startup Time": 0.003,
                    "Actual Total Time": 0.003,
                    "Actual Rows": 0,
                    "Actual Loops": 6032,
                    "Index Cond": "(id = mk.movie_id)",
                    "Rows Removed by Index Recheck": 0,
                    "Filter": "(production_year < 2006)",
                    "Rows Removed by Filter": 1
                  }
                ]
              }
            ]
          }
        ]
      }
    ]
  },
  "Planning Time": 7.07,
  "Triggers": [],
  "Execution Time": 1033.299
}