[
  {
    "Plan": {
      "Node Type": "Aggregate",
      "Strategy": "Plain",
      "Partial Mode": "Finalize",
      "Parallel Aware": false,
      "Startup Cost": 31287.6,
      "Total Cost": 31287.61,
      "Plan Rows": 1,
      "Plan Width": 8,
      "Actual Startup Time": 92.359,
      "Actual Total Time": 99.846,
      "Actual Rows": 1,
      "Actual Loops": 1,
      "Plans": [
        {
          "Node Type": "Gather",
          "Parent Relationship": "Outer",
          "Parallel Aware": false,
          "Startup Cost": 31287.28,
          "Total Cost": 31287.59,
          "Plan Rows": 3,
          "Plan Width": 8,
          "Actual Startup Time": 92.258,
          "Actual Total Time": 99.837,
          "Actual Rows": 4,
          "Actual Loops": 1,
          "Workers Planned": 3,
          "Workers Launched": 3,
          "Single Copy": false,
          "Plans": [
            {
              "Node Type": "Aggregate",
              "Strategy": "Plain",
              "Partial Mode": "Partial",
              "Parent Relationship": "Outer",
              "Parallel Aware": false,
              "Startup Cost": 30287.28,
              "Total Cost": 30287.29,
              "Plan Rows": 1,
              "Plan Width": 8,
              "Actual Startup Time": 85.667,
              "Actual Total Time": 85.668,
              "Actual Rows": 1,
              "Actual Loops": 4,
              "Plans": [
                {
                  "Node Type": "Seq Scan",
                  "Parent Relationship": "Outer",
                  "Parallel Aware": true,
                  "Relation Name": "movie_companies",
                  "Alias": "mc",
                  "Startup Cost": 0.0,
                  "Total Cost": 29310.68,
                  "Plan Rows": 390641,
                  "Plan Width": 0,
                  "Actual Startup Time": 0.032,
                  "Actual Total Time": 70.914,
                  "Actual Rows": 304794,
                  "Actual Loops": 4,
                  "Filter": "(company_id < 11138)",
                  "Rows Removed by Filter": 347489
                }
              ]
            }
          ]
        }
      ]
    },
    "Planning Time": 0.074,
    "Triggers": [],
    "Execution Time": 99.87
  }
]