[
  {
    "Plan": {
      "Node Type": "Aggregate",
      "Strategy": "Plain",
      "Partial Mode": "Finalize",
      "Parallel Aware": false,
      "Startup Cost": 254535.0,
      "Total Cost": 254535.01,
      "Plan Rows": 1,
      "Plan Width": 8,
      "Actual Startup Time": 1022.399,
      "Actual Total Time": 1067.427,
      "Actual Rows": 1,
      "Actual Loops": 1,
      "Plans": [
        {
          "Node Type": "Gather",
          "Parent Relationship": "Outer",
          "Parallel Aware": false,
          "Startup Cost": 254534.48,
          "Total Cost": 254534.99,
          "Plan Rows": 5,
          "Plan Width": 8,
          "Actual Startup Time": 1020.042,
          "Actual Total Time": 1067.418,
          "Actual Rows": 6,
          "Actual Loops": 1,
          "Workers Planned": 5,
          "Workers Launched": 5,
          "Single Copy": false,
          "Plans": [
            {
              "Node Type": "Aggregate",
              "Strategy": "Plain",
              "Partial Mode": "Partial",
              "Parent Relationship": "Outer",
              "Parallel Aware": false,
              "Startup Cost": 253534.48,
              "Total Cost": 253534.49,
              "Plan Rows": 1,
              "Plan Width": 8,
              "Actual Startup Time": 1009.518,
              "Actual Total Time": 1009.521,
              "Actual Rows": 1,
              "Actual Loops": 6,
              "Plans": [
                {
                  "Node Type": "Hash Join",
                  "Parent Relationship": "Outer",
                  "Parallel Aware": true,
                  "Join Type": "Inner",
                  "Startup Cost": 46449.57,
                  "Total Cost": 252682.74,
                  "Plan Rows": 340695,
                  "Plan Width": 0,
                  "Actual Startup Time": 136.383,
                  "Actual Total Time": 968.096,
                  "Actual Rows": 796892,
                  "Actual Loops": 6,
                  "Inner Unique": true,
                  "Hash Cond": "(mi.movie_id = t.id)",
                  "Plans": [
                    {
                      "Node Type": "Seq Scan",
                      "Parent Relationship": "Outer",
                      "Parallel Aware": true,
                      "Relation Name": "movie_info",
                      "Alias": "mi",
                      "Startup Cost": 0.0,
                      "Total Cost": 198952.16,
                      "Plan Rows": 2773711,
                      "Plan Width": 4,
                      "Actual Startup Time": 0.03,
                      "Actual Total Time": 406.942,
                      "Actual Rows": 2327249,
                      "Actual Loops": 6,
                      "Filter": "(info_type_id < 98)",
                      "Rows Removed by Filter": 145371
                    },
                    {
                      "Node Type": "Hash",
                      "Parent Relationship": "Inner",
                      "Parallel Aware": true,
                      "Startup Cost": 45479.1,
                      "Total Cost": 45479.1,
                      "Plan Rows": 77638,
                      "Plan Width": 4,
                      "Actual Startup Time": 118.878,
                      "Actual Total Time": 118.879,
                      "Actual Rows": 66790,
                      "Actual Loops": 6,
                      "Hash Buckets": 524288,
                      "Original Hash Buckets": 524288,
                      "Hash Batches": 1,
                      "Original Hash Batches": 1,
                      "Peak Memory Usage": 19840,
                      "Plans": [
                        {
                          "Node Type": "Seq Scan",
                          "Parent Relationship": "Outer",
                          "Parallel Aware": true,
                          "Relation Name": "title",
                          "Alias": "t",
                          "Startup Cost": 0.0,
                          "Total Cost": 45479.1,
                          "Plan Rows": 77638,
                          "Plan Width": 4,
                          "Actual Startup Time": 54.821,
                          "Actual Total Time": 90.656,
                          "Actual Rows": 66790,
                          "Actual Loops": 6,
                          "Filter": "((production_year < 2003) AND (kind_id = 1))",
                          "Rows Removed by Filter": 354595
                        }
                      ]
                    }
                  ]
                }
              ]
            }
          ]
        }
      ]
    },
    "Planning Time": 0.616,
    "Triggers": [],
    "Execution Time": 1067.507
  }
]