[
  {
    "Plan": {
      "Node Type": "Aggregate",
      "Strategy": "Plain",
      "Partial Mode": "Finalize",
      "Parallel Aware": false,
      "Startup Cost": 326706.78,
      "Total Cost": 326706.79,
      "Plan Rows": 1,
      "Plan Width": 8,
      "Actual Startup Time": 298.697,
      "Actual Total Time": 350.916,
      "Actual Rows": 1,
      "Actual Loops": 1,
      "Plans": [
        {
          "Node Type": "Gather",
          "Parent Relationship": "Outer",
          "Parallel Aware": false,
          "Startup Cost": 326706.36,
          "Total Cost": 326706.77,
          "Plan Rows": 4,
          "Plan Width": 8,
          "Actual Startup Time": 298.358,
          "Actual Total Time": 350.904,
          "Actual Rows": 5,
          "Actual Loops": 1,
          "Workers Planned": 4,
          "Workers Launched": 4,
          "Single Copy": false,
          "Plans": [
            {
              "Node Type": "Aggregate",
              "Strategy": "Plain",
              "Partial Mode": "Partial",
              "Parent Relationship": "Outer",
              "Parallel Aware": false,
              "Startup Cost": 325706.36,
              "Total Cost": 325706.37,
              "Plan Rows": 1,
              "Plan Width": 8,
              "Actual Startup Time": 288.522,
              "Actual Total Time": 288.524,
              "Actual Rows": 1,
              "Actual Loops": 5,
              "Plans": [
                {
                  "Node Type": "Nested Loop",
                  "Parent Relationship": "Outer",
                  "Parallel Aware": false,
                  "Join Type": "Inner",
                  "Startup Cost": 0.56,
                  "Total Cost": 325641.02,
                  "Plan Rows": 26134,
                  "Plan Width": 0,
                  "Actual Startup Time": 1.117,
                  "Actual Total Time": 286.535,
                  "Actual Rows": 20005,
                  "Actual Loops": 5,
                  "Inner Unique": false,
                  "Plans": [
                    {
                      "Node Type": "Seq Scan",
                      "Parent Relationship": "Outer",
                      "Parallel Aware": true,
                      "Relation Name": "title",
                      "Alias": "t",
                      "Startup Cost": 0.0,
                      "Total Cost": 45479.1,
                      "Plan Rows": 5354,
                      "Plan Width": 4,
                      "Actual Startup Time": 0.289,
                      "Actual Total Time": 74.224,
                      "Actual Rows": 3158,
                      "Actual Loops": 5,
                      "Filter": "((kind_id < 7) AND (production_year = 1999))",
                      "Rows Removed by Filter": 502504
                    },
                    {
                      "Node Type": "Index Scan",
                      "Parent Relationship": "Inner",
                      "Parallel Aware": false,
                      "Scan Direction": "Forward",
                      "Index Name": "movie_id_cast_info",
                      "Relation Name": "cast_info",
                      "Alias": "ci",
                      "Startup Cost": 0.56,
                      "Total Cost": 52.2,
                      "Plan Rows": 13,
                      "Plan Width": 4,
                      "Actual Startup Time": 0.048,
                      "Actual Total Time": 0.066,
                      "Actual Rows": 6,
                      "Actual Loops": 15791,
                      "Index Cond": "(movie_id = t.id)",
                      "Rows Removed by Index Recheck": 0,
                      "Filter": "(role_id > 3)",
                      "Rows Removed by Filter": 11
                    }
                  ]
                }
              ]
            }
          ]
        }
      ]
    },
    "Planning Time": 0.568,
    "Triggers": [],
    "Execution Time": 350.994
  }
]