{
  "Plan": {
    "Node Type": "Aggregate",
    "Strategy": "Plain",
    "Partial Mode": "Finalize",
    "Parallel Aware": false,
    "Startup Cost": 107937.74,
    "Total Cost": 107937.75,
    "Plan Rows": 1,
    "Plan Width": 8,
    "Actual Startup Time": 607.754,
    "Actual Total Time": 623.353,
    "Actual Rows": 1,
    "Actual Loops": 1,
    "Plans": [
      {
        "Node Type": "Gather",
        "Parent Relationship": "Outer",
        "Parallel Aware": false,
        "Startup Cost": 107937.62,
        "Total Cost": 107937.73,
        "Plan Rows": 1,
        "Plan Width": 8,
        "Actual Startup Time": 605.607,
        "Actual Total Time": 623.343,
        "Actual Rows": 2,
        "Actual Loops": 1,
        "Workers Planned": 1,
        "Workers Launched": 1,
        "Single Copy": false,
        "Plans": [
          {
            "Node Type": "Aggregate",
            "Strategy": "Plain",
            "Partial Mode": "Partial",
            "Parent Relationship": "Outer",
            "Parallel Aware": false,
            "Startup Cost": 106937.62,
            "Total Cost": 106937.63,
            "Plan Rows": 1,
            "Plan Width": 8,
            "Actual Startup Time": 599.423,
            "Actual Total Time": 599.428,
            "Actual Rows": 1,
            "Actual Loops": 2,
            "Plans": [
              {
                "Node Type": "Hash Join",
                "Parent Relationship": "Outer",
                "Parallel Aware": true,
                "Join Type": "Inner",
                "Startup Cost": 45283.71,
                "Total Cost": 106515.52,
                "Plan Rows": 168841,
                "Plan Width": 0,
                "Actual Startup Time": 254.48,
                "Actual Total Time": 595.245,
                "Actual Rows": 97848,
                "Actual Loops": 2,
                "Inner Unique": false,
                "Hash Cond": "(t.id = mc.movie_id)",
                "Plans": [
                  {
                    "Node Type": "Seq Scan",
                    "Parent Relationship": "Outer",
                    "Parallel Aware": true,
                    "Relation Name": "title",
                    "Alias": "t",
                    "Startup Cost": 0.0,
                    "Total Cost": 54588.39,
                    "Plan Rows": 904038,
                    "Plan Width": 4,
                    "Actual Startup Time": 0.012,
                    "Actual Total Time": 143.922,
                    "Actual Rows": 771632,
                    "Actual Loops": 2,
                    "Filter": "(kind_id = 7)",
                    "Rows Removed by Filter": 492524
                  },
                  {
                    "Node Type": "Hash",
                    "Parent Relationship": "Inner",
                    "Parallel Aware": true,
                    "Startup Cost": 41811.73,
                    "Total Cost": 41811.73,
                    "Plan Rows": 277759,
                    "Plan Width": 4,
                    "Actual Startup Time": 249.153,
                    "Actual Total Time": 249.154,
                    "Actual Rows": 398278,
                    "Actual Loops": 2,
                    "Hash Buckets": 1048576,
                    "Original Hash Buckets": 524288,
                    "Hash Batches": 1,
                    "Original Hash Batches": 1,
                    "Peak Memory Usage": 43488,
                    "Plans": [
                      {
                        "Node Type": "Seq Scan",
                        "Parent Relationship": "Outer",
                        "Parallel Aware": true,
                        "Relation Name": "movie_companies",
                        "Alias": "mc",
                        "Startup Cost": 0.0,
                        "Total Cost": 41811.73,
                        "Plan Rows": 277759,
                        "Plan Width": 4,
                        "Actual Startup Time": 66.198,
                        "Actual Total Time": 137.272,
                        "Actual Rows": 398278,
                        "Actual Loops": 2,
                        "Filter": "((company_id > 18947) AND (company_type_id > 1))",
                        "Rows Removed by Filter": 906286
                      }
                    ]
                  }
                ]
              }
            ]
          }
        ]
      }
    ]
  },
  "Planning Time": 0.748,
  "Triggers": [],
  "Execution Time": 623.433
}