[
  {
    "Plan": {
      "Node Type": "Aggregate",
      "Strategy": "Plain",
      "Partial Mode": "Finalize",
      "Parallel Aware": false,
      "Startup Cost": 32863.42,
      "Total Cost": 32863.43,
      "Plan Rows": 1,
      "Plan Width": 8,
      "Actual Startup Time": 126.092,
      "Actual Total Time": 136.435,
      "Actual Rows": 1,
      "Actual Loops": 1,
      "Plans": [
        {
          "Node Type": "Gather",
          "Parent Relationship": "Outer",
          "Parallel Aware": false,
          "Startup Cost": 32863.11,
          "Total Cost": 32863.42,
          "Plan Rows": 3,
          "Plan Width": 8,
          "Actual Startup Time": 125.818,
          "Actual Total Time": 136.424,
          "Actual Rows": 4,
          "Actual Loops": 1,
          "Workers Planned": 3,
          "Workers Launched": 3,
          "Single Copy": false,
          "Plans": [
            {
              "Node Type": "Aggregate",
              "Strategy": "Plain",
              "Partial Mode": "Partial",
              "Parent Relationship": "Outer",
              "Parallel Aware": false,
              "Startup Cost": 31863.11,
              "Total Cost": 31863.12,
              "Plan Rows": 1,
              "Plan Width": 8,
              "Actual Startup Time": 117.411,
              "Actual Total Time": 117.412,
              "Actual Rows": 1,
              "Actual Loops": 4,
              "Plans": [
                {
                  "Node Type": "Seq Scan",
                  "Parent Relationship": "Outer",
                  "Parallel Aware": true,
                  "Relation Name": "movie_companies",
                  "Alias": "mc",
                  "Startup Cost": 0.0,
                  "Total Cost": 31414.82,
                  "Plan Rows": 179315,
                  "Plan Width": 0,
                  "Actual Startup Time": 53.741,
                  "Actual Total Time": 103.504,
                  "Actual Rows": 211134,
                  "Actual Loops": 4,
                  "Filter": "((company_id > 14333) AND (company_type_id = 2))",
                  "Rows Removed by Filter": 441148
                }
              ]
            }
          ]
        }
      ]
    },
    "Planning Time": 0.182,
    "Triggers": [],
    "Execution Time": 136.482
  }
]