[
  {
    "Plan": {
      "Node Type": "Aggregate",
      "Strategy": "Plain",
      "Partial Mode": "Finalize",
      "Parallel Aware": false,
      "Startup Cost": 45448.88,
      "Total Cost": 45448.89,
      "Plan Rows": 1,
      "Plan Width": 8,
      "Actual Startup Time": 144.171,
      "Actual Total Time": 153.613,
      "Actual Rows": 1,
      "Actual Loops": 1,
      "Plans": [
        {
          "Node Type": "Gather",
          "Parent Relationship": "Outer",
          "Parallel Aware": false,
          "Startup Cost": 45448.56,
          "Total Cost": 45448.87,
          "Plan Rows": 3,
          "Plan Width": 8,
          "Actual Startup Time": 144.039,
          "Actual Total Time": 153.603,
          "Actual Rows": 4,
          "Actual Loops": 1,
          "Workers Planned": 3,
          "Workers Launched": 3,
          "Single Copy": false,
          "Plans": [
            {
              "Node Type": "Aggregate",
              "Strategy": "Plain",
              "Partial Mode": "Partial",
              "Parent Relationship": "Outer",
              "Parallel Aware": false,
              "Startup Cost": 44448.56,
              "Total Cost": 44448.57,
              "Plan Rows": 1,
              "Plan Width": 8,
              "Actual Startup Time": 137.513,
              "Actual Total Time": 137.514,
              "Actual Rows": 1,
              "Actual Loops": 4,
              "Plans": [
                {
                  "Node Type": "Seq Scan",
                  "Parent Relationship": "Outer",
                  "Parallel Aware": true,
                  "Relation Name": "movie_keyword",
                  "Alias": "mk",
                  "Startup Cost": 0.0,
                  "Total Cost": 42695.65,
                  "Plan Rows": 701163,
                  "Plan Width": 0,
                  "Actual Startup Time": 0.733,
                  "Actual Total Time": 112.673,
                  "Actual Rows": 543796,
                  "Actual Loops": 4,
                  "Filter": "(keyword_id > 5251)",
                  "Rows Removed by Filter": 587186
                }
              ]
            }
          ]
        }
      ]
    },
    "Planning Time": 0.148,
    "Triggers": [],
    "Execution Time": 153.66
  }
]