[
  {
    "Plan": {
      "Node Type": "Aggregate",
      "Strategy": "Plain",
      "Partial Mode": "Finalize",
      "Parallel Aware": false,
      "Startup Cost": 317077.43,
      "Total Cost": 317077.44,
      "Plan Rows": 1,
      "Plan Width": 8,
      "Actual Startup Time": 1300.367,
      "Actual Total Time": 1347.543,
      "Actual Rows": 1,
      "Actual Loops": 1,
      "Plans": [
        {
          "Node Type": "Gather",
          "Parent Relationship": "Outer",
          "Parallel Aware": false,
          "Startup Cost": 317076.91,
          "Total Cost": 317077.42,
          "Plan Rows": 5,
          "Plan Width": 8,
          "Actual Startup Time": 1293.669,
          "Actual Total Time": 1347.531,
          "Actual Rows": 6,
          "Actual Loops": 1,
          "Workers Planned": 5,
          "Workers Launched": 5,
          "Single Copy": false,
          "Plans": [
            {
              "Node Type": "Aggregate",
              "Strategy": "Plain",
              "Partial Mode": "Partial",
              "Parent Relationship": "Outer",
              "Parallel Aware": false,
              "Startup Cost": 316076.91,
              "Total Cost": 316076.92,
              "Plan Rows": 1,
              "Plan Width": 8,
              "Actual Startup Time": 1277.992,
              "Actual Total Time": 1278.232,
              "Actual Rows": 1,
              "Actual Loops": 6,
              "Plans": [
                {
                  "Node Type": "Hash Join",
                  "Parent Relationship": "Outer",
                  "Parallel Aware": true,
                  "Join Type": "Inner",
                  "Startup Cost": 97897.19,
                  "Total Cost": 311885.65,
                  "Plan Rows": 1676503,
                  "Plan Width": 0,
                  "Actual Startup Time": 376.315,
                  "Actual Total Time": 1191.329,
                  "Actual Rows": 2037641,
                  "Actual Loops": 6,
                  "Inner Unique": false,
                  "Hash Cond": "(mi.movie_id = t.id)",
                  "Plans": [
                    {
                      "Node Type": "Seq Scan",
                      "Parent Relationship": "Outer",
                      "Parallel Aware": true,
                      "Relation Name": "movie_info",
                      "Alias": "mi",
                      "Startup Cost": 0.0,
                      "Total Cost": 198952.16,
                      "Plan Rows": 2567528,
                      "Plan Width": 4,
                      "Actual Startup Time": 0.037,
                      "Actual Total Time": 351.172,
                      "Actual Rows": 2161681,
                      "Actual Loops": 6,
                      "Filter": "(info_type_id < 18)",
                      "Rows Removed by Filter": 310939
                    },
                    {
                      "Node Type": "Hash",
                      "Parent Relationship": "Inner",
                      "Parallel Aware": true,
                      "Startup Cost": 91240.4,
                      "Total Cost": 91240.4,
                      "Plan Rows": 532543,
                      "Plan Width": 8,
                      "Actual Startup Time": 369.984,
                      "Actual Total Time": 370.222,
                      "Actual Rows": 148143,
                      "Actual Loops": 6,
                      "Hash Buckets": 2097152,
                      "Original Hash Buckets": 2097152,
                      "Hash Batches": 1,
                      "Original Hash Batches": 1,
                      "Peak Memory Usage": 51264,
                      "Plans": [
                        {
                          "Node Type": "Hash Join",
                          "Parent Relationship": "Outer",
                          "Parallel Aware": true,
                          "Join Type": "Inner",
                          "Startup Cost": 48362.32,
                          "Total Cost": 91240.4,
                          "Plan Rows": 532543,
                          "Plan Width": 8,
                          "Actual Startup Time": 158.994,
                          "Actual Total Time": 321.593,
                          "Actual Rows": 148143,
                          "Actual Loops": 6,
                          "Inner Unique": true,
                          "Hash Cond": "(mk.movie_id = t.id)",
                          "Plans": [
                            {
                              "Node Type": "Seq Scan",
                              "Parent Relationship": "Outer",
                              "Parallel Aware": true,
                              "Relation Name": "movie_keyword",
                              "Alias": "mk",
                              "Startup Cost": 0.0,
                              "Total Cost": 39047.32,
                              "Plan Rows": 1459332,
                              "Plan Width": 4,
                              "Actual Startup Time": 0.033,
                              "Actual Total Time": 70.192,
                              "Actual Rows": 753988,
                              "Actual Loops": 6
                            },
                            {
                              "Node Type": "Hash",
                              "Parent Relationship": "Inner",
                              "Parallel Aware": true,
                              "Startup Cost": 45479.1,
                              "Total Cost": 45479.1,
                              "Plan Rows": 230658,
                              "Plan Width": 4,
                              "Actual Startup Time": 157.459,
                              "Actual Total Time": 157.46,
                              "Actual Rows": 142030,
                              "Actual Loops": 6,
                              "Hash Buckets": 1048576,
                              "Original Hash Buckets": 1048576,
                              "Hash Batches": 1,
                              "Original Hash Batches": 1,
                              "Peak Memory Usage": 41632,
                              "Plans": [
                                {
                                  "Node Type": "Seq Scan",
                                  "Parent Relationship": "Outer",
                                  "Parallel Aware": true,
                                  "Relation Name": "title",
                                  "Alias": "t",
                                  "Startup Cost": 0.0,
                                  "Total Cost": 45479.1,
                                  "Plan Rows": 230658,
                                  "Plan Width": 4,
                                  "Actual Startup Time": 0.049,
                                  "Actual Total Time": 86.916,
                                  "Actual Rows": 142030,
                                  "Actual Loops": 6,
                                  "Filter": "((kind_id > 1) AND (production_year < 2004))",
                                  "Rows Removed by Filter": 279356
                                }
                              ]
                            }
                          ]
                        }
                      ]
                    }
                  ]
                }
              ]
            }
          ]
        }
      ]
    },
    "Planning Time": 1.423,
    "Triggers": [],
    "Execution Time": 1347.638
  }
]