[
  {
    "Plan": {
      "Node Type": "Aggregate",
      "Strategy": "Plain",
      "Partial Mode": "Finalize",
      "Parallel Aware": false,
      "Startup Cost": 95056.26,
      "Total Cost": 95056.27,
      "Plan Rows": 1,
      "Plan Width": 8,
      "Actual Startup Time": 547.067,
      "Actual Total Time": 565.83,
      "Actual Rows": 1,
      "Actual Loops": 1,
      "Plans": [
        {
          "Node Type": "Gather",
          "Parent Relationship": "Outer",
          "Parallel Aware": false,
          "Startup Cost": 95055.94,
          "Total Cost": 95056.25,
          "Plan Rows": 3,
          "Plan Width": 8,
          "Actual Startup Time": 538.395,
          "Actual Total Time": 565.823,
          "Actual Rows": 4,
          "Actual Loops": 1,
          "Workers Planned": 3,
          "Workers Launched": 3,
          "Single Copy": false,
          "Plans": [
            {
              "Node Type": "Aggregate",
              "Strategy": "Plain",
              "Partial Mode": "Partial",
              "Parent Relationship": "Outer",
              "Parallel Aware": false,
              "Startup Cost": 94055.94,
              "Total Cost": 94055.95,
              "Plan Rows": 1,
              "Plan Width": 8,
              "Actual Startup Time": 524.492,
              "Actual Total Time": 524.496,
              "Actual Rows": 1,
              "Actual Loops": 4,
              "Plans": [
                {
                  "Node Type": "Hash Join",
                  "Parent Relationship": "Outer",
                  "Parallel Aware": true,
                  "Join Type": "Inner",
                  "Startup Cost": 65505.19,
                  "Total Cost": 93474.84,
                  "Plan Rows": 232440,
                  "Plan Width": 0,
                  "Actual Startup Time": 390.123,
                  "Actual Total Time": 516.451,
                  "Actual Rows": 180133,
                  "Actual Loops": 4,
                  "Inner Unique": true,
                  "Hash Cond": "(mk.movie_id = t.id)",
                  "Plans": [
                    {
                      "Node Type": "Bitmap Heap Scan",
                      "Parent Relationship": "Outer",
                      "Parallel Aware": true,
                      "Relation Name": "movie_keyword",
                      "Alias": "mk",
                      "Startup Cost": 15284.8,
                      "Total Cost": 42644.3,
                      "Plan Rows": 232440,
                      "Plan Width": 4,
                      "Actual Startup Time": 37.364,
                      "Actual Total Time": 97.858,
                      "Actual Rows": 180133,
                      "Actual Loops": 4,
                      "Recheck Cond": "(keyword_id < 641)",
                      "Rows Removed by Index Recheck": 0,
                      "Exact Heap Blocks": 7526,
                      "Lossy Heap Blocks": 0,
                      "Plans": [
                        {
                          "Node Type": "Bitmap Index Scan",
                          "Parent Relationship": "Outer",
                          "Parallel Aware": false,
                          "Index Name": "keyword_id_movie_keyword",
                          "Startup Cost": 0.0,
                          "Total Cost": 15104.66,
                          "Plan Rows": 720564,
                          "Plan Width": 0,
                          "Actual Startup Time": 33.67,
                          "Actual Total Time": 33.671,
                          "Actual Rows": 720532,
                          "Actual Loops": 1,
                          "Index Cond": "(keyword_id < 641)"
                        }
                      ]
                    },
                    {
                      "Node Type": "Hash",
                      "Parent Relationship": "Inner",
                      "Parallel Aware": true,
                      "Startup Cost": 42319.06,
                      "Total Cost": 42319.06,
                      "Plan Rows": 632106,
                      "Plan Width": 4,
                      "Actual Startup Time": 344.166,
                      "Actual Total Time": 344.167,
                      "Actual Rows": 632078,
                      "Actual Loops": 4,
                      "Hash Buckets": 4194304,
                      "Original Hash Buckets": 4194304,
                      "Hash Batches": 1,
                      "Original Hash Batches": 1,
                      "Peak Memory Usage": 131776,
                      "Plans": [
                        {
                          "Node Type": "Seq Scan",
                          "Parent Relationship": "Outer",
                          "Parallel Aware": true,
                          "Relation Name": "title",
                          "Alias": "t",
                          "Startup Cost": 0.0,
                          "Total Cost": 42319.06,
                          "Plan Rows": 632106,
                          "Plan Width": 4,
                          "Actual Startup Time": 0.045,
                          "Actual Total Time": 98.565,
                          "Actual Rows": 632078,
                          "Actual Loops": 4
                        }
                      ]
                    }
                  ]
                }
              ]
            }
          ]
        }
      ]
    },
    "Planning Time": 0.576,
    "Triggers": [],
    "Execution Time": 565.876
  }
]