[
  {
    "Plan": {
      "Node Type": "Aggregate",
      "Strategy": "Plain",
      "Partial Mode": "Finalize",
      "Parallel Aware": false,
      "Startup Cost": 336929.06,
      "Total Cost": 336929.07,
      "Plan Rows": 1,
      "Plan Width": 8,
      "Actual Startup Time": 784.333,
      "Actual Total Time": 831.292,
      "Actual Rows": 1,
      "Actual Loops": 1,
      "Plans": [
        {
          "Node Type": "Gather",
          "Parent Relationship": "Outer",
          "Parallel Aware": false,
          "Startup Cost": 336928.43,
          "Total Cost": 336929.04,
          "Plan Rows": 6,
          "Plan Width": 8,
          "Actual Startup Time": 784.006,
          "Actual Total Time": 831.278,
          "Actual Rows": 7,
          "Actual Loops": 1,
          "Workers Planned": 6,
          "Workers Launched": 6,
          "Single Copy": false,
          "Plans": [
            {
              "Node Type": "Aggregate",
              "Strategy": "Plain",
              "Partial Mode": "Partial",
              "Parent Relationship": "Outer",
              "Parallel Aware": false,
              "Startup Cost": 335928.43,
              "Total Cost": 335928.44,
              "Plan Rows": 1,
              "Plan Width": 8,
              "Actual Startup Time": 776.175,
              "Actual Total Time": 776.177,
              "Actual Rows": 1,
              "Actual Loops": 7,
              "Plans": [
                {
                  "Node Type": "Seq Scan",
                  "Parent Relationship": "Outer",
                  "Parallel Aware": true,
                  "Relation Name": "cast_info",
                  "Alias": "ci",
                  "Startup Cost": 0.0,
                  "Total Cost": 328211.39,
                  "Plan Rows": 3086816,
                  "Plan Width": 0,
                  "Actual Startup Time": 211.952,
                  "Actual Total Time": 638.732,
                  "Actual Rows": 2624235,
                  "Actual Loops": 7,
                  "Filter": "(person_id > 1771560)",
                  "Rows Removed by Filter": 2553529
                }
              ]
            }
          ]
        }
      ]
    },
    "Planning Time": 0.333,
    "Triggers": [],
    "Execution Time": 831.338
  }
]