[
  {
    "Plan": {
      "Node Type": "Aggregate",
      "Strategy": "Plain",
      "Partial Mode": "Finalize",
      "Parallel Aware": false,
      "Startup Cost": 46864.0,
      "Total Cost": 46864.01,
      "Plan Rows": 1,
      "Plan Width": 8,
      "Actual Startup Time": 101.321,
      "Actual Total Time": 113.338,
      "Actual Rows": 1,
      "Actual Loops": 1,
      "Plans": [
        {
          "Node Type": "Gather",
          "Parent Relationship": "Outer",
          "Parallel Aware": false,
          "Startup Cost": 46863.58,
          "Total Cost": 46863.99,
          "Plan Rows": 4,
          "Plan Width": 8,
          "Actual Startup Time": 101.053,
          "Actual Total Time": 113.328,
          "Actual Rows": 5,
          "Actual Loops": 1,
          "Workers Planned": 4,
          "Workers Launched": 4,
          "Single Copy": false,
          "Plans": [
            {
              "Node Type": "Aggregate",
              "Strategy": "Plain",
              "Partial Mode": "Partial",
              "Parent Relationship": "Outer",
              "Parallel Aware": false,
              "Startup Cost": 45863.58,
              "Total Cost": 45863.59,
              "Plan Rows": 1,
              "Plan Width": 8,
              "Actual Startup Time": 93.156,
              "Actual Total Time": 93.157,
              "Actual Rows": 1,
              "Actual Loops": 5,
              "Plans": [
                {
                  "Node Type": "Seq Scan",
                  "Parent Relationship": "Outer",
                  "Parallel Aware": true,
                  "Relation Name": "title",
                  "Alias": "t",
                  "Startup Cost": 0.0,
                  "Total Cost": 45479.1,
                  "Plan Rows": 153791,
                  "Plan Width": 0,
                  "Actual Startup Time": 44.106,
                  "Actual Total Time": 88.445,
                  "Actual Rows": 108200,
                  "Actual Loops": 5,
                  "Filter": "((kind_id < 2) AND (production_year > 1929))",
                  "Rows Removed by Filter": 397462
                }
              ]
            }
          ]
        }
      ]
    },
    "Planning Time": 0.153,
    "Triggers": [],
    "Execution Time": 113.388
  }
]