[
  {
    "Plan": {
      "Node Type": "Aggregate",
      "Strategy": "Plain",
      "Partial Mode": "Finalize",
      "Parallel Aware": false,
      "Startup Cost": 92619.12,
      "Total Cost": 92619.13,
      "Plan Rows": 1,
      "Plan Width": 8,
      "Actual Startup Time": 573.595,
      "Actual Total Time": 596.338,
      "Actual Rows": 1,
      "Actual Loops": 1,
      "Plans": [
        {
          "Node Type": "Gather",
          "Parent Relationship": "Outer",
          "Parallel Aware": false,
          "Startup Cost": 92618.8,
          "Total Cost": 92619.11,
          "Plan Rows": 3,
          "Plan Width": 8,
          "Actual Startup Time": 557.513,
          "Actual Total Time": 596.329,
          "Actual Rows": 4,
          "Actual Loops": 1,
          "Workers Planned": 3,
          "Workers Launched": 3,
          "Single Copy": false,
          "Plans": [
            {
              "Node Type": "Aggregate",
              "Strategy": "Plain",
              "Partial Mode": "Partial",
              "Parent Relationship": "Outer",
              "Parallel Aware": false,
              "Startup Cost": 91618.8,
              "Total Cost": 91618.81,
              "Plan Rows": 1,
              "Plan Width": 8,
              "Actual Startup Time": 546.794,
              "Actual Total Time": 546.802,
              "Actual Rows": 1,
              "Actual Loops": 4,
              "Plans": [
                {
                  "Node Type": "Hash Join",
                  "Parent Relationship": "Outer",
                  "Parallel Aware": true,
                  "Join Type": "Inner",
                  "Startup Cost": 60531.95,
                  "Total Cost": 91517.07,
                  "Plan Rows": 40692,
                  "Plan Width": 0,
                  "Actual Startup Time": 434.333,
                  "Actual Total Time": 543.178,
                  "Actual Rows": 90309,
                  "Actual Loops": 4,
                  "Inner Unique": false,
                  "Hash Cond": "(mc.movie_id = t.id)",
                  "Plans": [
                    {
                      "Node Type": "Seq Scan",
                      "Parent Relationship": "Outer",
                      "Parallel Aware": true,
                      "Relation Name": "movie_companies",
                      "Alias": "mc",
                      "Startup Cost": 0.0,
                      "Total Cost": 29310.68,
                      "Plan Rows": 411513,
                      "Plan Width": 4,
                      "Actual Startup Time": 0.01,
                      "Actual Total Time": 64.685,
                      "Actual Rows": 318562,
                      "Actual Loops": 4,
                      "Filter": "(company_type_id = 1)",
                      "Rows Removed by Filter": 333721
                    },
                    {
                      "Node Type": "Hash",
                      "Parent Relationship": "Inner",
                      "Parallel Aware": true,
                      "Startup Cost": 59523.82,
                      "Total Cost": 59523.82,
                      "Plan Rows": 80651,
                      "Plan Width": 8,
                      "Actual Startup Time": 432.135,
                      "Actual Total Time": 432.141,
                      "Actual Rows": 71180,
                      "Actual Loops": 4,
                      "Hash Buckets": 524288,
                      "Original Hash Buckets": 262144,
                      "Hash Batches": 1,
                      "Original Hash Batches": 1,
                      "Peak Memory Usage": 17344,
                      "Plans": [
                        {
                          "Node Type": "Hash Join",
                          "Parent Relationship": "Outer",
                          "Parallel Aware": true,
                          "Join Type": "Inner",
                          "Startup Cost": 50220.95,
                          "Total Cost": 59523.82,
                          "Plan Rows": 80651,
                          "Plan Width": 8,
                          "Actual Startup Time": 344.997,
                          "Actual Total Time": 402.577,
                          "Actual Rows": 71180,
                          "Actual Loops": 4,
                          "Inner Unique": true,
                          "Hash Cond": "(ci.movie_id = t.id)",
                          "Plans": [
                            {
                              "Node Type": "Index Scan",
                              "Parent Relationship": "Outer",
                              "Parallel Aware": true,
                              "Scan Direction": "Forward",
                              "Index Name": "role_id_cast_info",
                              "Relation Name": "cast_info",
                              "Alias": "ci",
                              "Startup Cost": 0.56,
                              "Total Cost": 9091.72,
                              "Plan Rows": 80651,
                              "Plan Width": 4,
                              "Actual Startup Time": 0.302,
                              "Actual Total Time": 18.037,
                              "Actual Rows": 71180,
                              "Actual Loops": 4,
                              "Index Cond": "(role_id > 10)",
                              "Rows Removed by Index Recheck": 0,
                              "Filter": "(person_id > 742559)",
                              "Rows Removed by Filter": 7850
                            },
                            {
                              "Node Type": "Hash",
                              "Parent Relationship": "Inner",
                              "Parallel Aware": true,
                              "Startup Cost": 42319.06,
                              "Total Cost": 42319.06,
                              "Plan Rows": 632106,
                              "Plan Width": 4,
                              "Actual Startup Time": 334.897,
                              "Actual Total Time": 334.899,
                              "Actual Rows": 632078,
                              "Actual Loops": 4,
                              "Hash Buckets": 4194304,
                              "Original Hash Buckets": 4194304,
                              "Hash Batches": 1,
                              "Original Hash Batches": 1,
                              "Peak Memory Usage": 131712,
                              "Plans": [
                                {
                                  "Node Type": "Seq Scan",
                                  "Parent Relationship": "Outer",
                                  "Parallel Aware": true,
                                  "Relation Name": "title",
                                  "Alias": "t",
                                  "Startup Cost": 0.0,
                                  "Total Cost": 42319.06,
                                  "Plan Rows": 632106,
                                  "Plan Width": 4,
                                  "Actual Startup Time": 0.05,
                                  "Actual Total Time": 96.128,
                                  "Actual Rows": 632078,
                                  "Actual Loops": 4
                                }
                              ]
                            }
                          ]
                        }
                      ]
                    }
                  ]
                }
              ]
            }
          ]
        }
      ]
    },
    "Planning Time": 1.445,
    "Triggers": [],
    "Execution Time": 596.425
  }
]