[
  {
    "Plan": {
      "Node Type": "Aggregate",
      "Strategy": "Plain",
      "Partial Mode": "Simple",
      "Parallel Aware": false,
      "Startup Cost": 7531.11,
      "Total Cost": 7531.12,
      "Plan Rows": 1,
      "Plan Width": 64,
      "Actual Startup Time": 223.481,
      "Actual Total Time": 223.486,
      "Actual Rows": 1,
      "Actual Loops": 1,
      "Plans": [
        {
          "Node Type": "Nested Loop",
          "Parent Relationship": "Outer",
          "Parallel Aware": false,
          "Join Type": "Inner",
          "Startup Cost": 12.11,
          "Total Cost": 7531.11,
          "Plan Rows": 1,
          "Plan Width": 23,
          "Actual Startup Time": 13.781,
          "Actual Total Time": 223.395,
          "Actual Rows": 269,
          "Actual Loops": 1,
          "Inner Unique": true,
          "Join Filter": "(mi.info_type_id = it1.id)",
          "Rows Removed by Join Filter": 12,
          "Plans": [
            {
              "Node Type": "Nested Loop",
              "Parent Relationship": "Outer",
              "Parallel Aware": false,
              "Join Type": "Inner",
              "Startup Cost": 12.11,
              "Total Cost": 7528.68,
              "Plan Rows": 1,
              "Plan Width": 27,
              "Actual Startup Time": 13.771,
              "Actual Total Time": 222.2,
              "Actual Rows": 281,
              "Actual Loops": 1,
              "Inner Unique": false,
              "Join Filter": "(t.id = mi.movie_id)",
              "Rows Removed by Join Filter": 0,
              "Plans": [
                {
                  "Node Type": "Nested Loop",
                  "Parent Relationship": "Outer",
                  "Parallel Aware": false,
                  "Join Type": "Inner",
                  "Startup Cost": 11.68,
                  "Total Cost": 7526.86,
                  "Plan Rows": 1,
                  "Plan Width": 35,
                  "Actual Startup Time": 13.59,
                  "Actual Total Time": 202.413,
                  "Actual Rows": 259,
                  "Actual Loops": 1,
                  "Inner Unique": true,
                  "Join Filter": "(t.kind_id = kt.id)",
                  "Rows Removed by Join Filter": 2410,
                  "Plans": [
                    {
                      "Node Type": "Nested Loop",
                      "Parent Relationship": "Outer",
                      "Parallel Aware": false,
                      "Join Type": "Inner",
                      "Startup Cost": 11.68,
                      "Total Cost": 7525.75,
                      "Plan Rows": 1,
                      "Plan Width": 39,
                      "Actual Startup Time": 8.024,
                      "Actual Total Time": 197.626,
                      "Actual Rows": 1457,
                      "Actual Loops": 1,
                      "Inner Unique": true,
                      "Plans": [
                        {
                          "Node Type": "Nested Loop",
                          "Parent Relationship": "Outer",
                          "Parallel Aware": false,
                          "Join Type": "Inner",
                          "Startup Cost": 11.25,
                          "Total Cost": 7524.28,
                          "Plan Rows": 3,
                          "Plan Width": 14,
                          "Actual Startup Time": 6.794,
                          "Actual Total Time": 143.199,
                          "Actual Rows": 5712,
                          "Actual Loops": 1,
                          "Inner Unique": false,
                          "Join Filter": "(mi_idx.info_type_id = it2.id)",
                          "Rows Removed by Join Filter": 17189,
                          "Plans": [
                            {
                              "Node Type": "Seq Scan",
                              "Parent Relationship": "Outer",
                              "Parallel Aware": false,
                              "Relation Name": "info_type",
                              "Alias": "it2",
                              "Startup Cost": 0.0,
                              "Total Cost": 2.41,
                              "Plan Rows": 1,
                              "Plan Width": 4,
                              "Actual Startup Time": 0.078,
                              "Actual Total Time": 0.08,
                              "Actual Rows": 1,
                              "Actual Loops": 1,
                              "Filter": "((info)::text = 'rating'::text)",
                              "Rows Removed by Filter": 112
                            },
                            {
                              "Node Type": "Nested Loop",
                              "Parent Relationship": "Inner",
                              "Parallel Aware": false,
                              "Join Type": "Inner",
                              "Startup Cost": 11.25,
                              "Total Cost": 7518.02,
                              "Plan Rows": 308,
                              "Plan Width": 18,
                              "Actual Startup Time": 6.615,
                              "Actual Total Time": 141.228,
                              "Actual Rows": 22901,
                              "Actual Loops": 1,
                              "Inner Unique": false,
                              "Plans": [
                                {
                                  "Node Type": "Nested Loop",
                                  "Parent Relationship": "Outer",
                                  "Parallel Aware": false,
                                  "Join Type": "Inner",
                                  "Startup Cost": 10.82,
                                  "Total Cost": 7447.81,
                                  "Plan Rows": 135,
                                  "Plan Width": 4,
                                  "Actual Startup Time": 6.508,
                                  "Actual Total Time": 68.232,
                                  "Actual Rows": 15365,
                                  "Actual Loops": 1,
                                  "Inner Unique": false,
                                  "Plans": [
                                    {
                                      "Node Type": "Seq Scan",
                                      "Parent Relationship": "Outer",
                                      "Parallel Aware": false,
                                      "Relation Name": "keyword",
                                      "Alias": "k",
                                      "Startup Cost": 0.0,
                                      "Total Cost": 2961.55,
                                      "Plan Rows": 4,
                                      "Plan Width": 4,
                                      "Actual Startup Time": 3.009,
                                      "Actual Total Time": 17.854,
                                      "Actual Rows": 4,
                                      "Actual Loops": 1,
                                      "Filter": "((keyword IS NOT NULL) AND (keyword = ANY ('{sequel,tv-special,marvel-comics,time-in-title}'::text[])))",
                                      "Rows Removed by Filter": 134166
                                    },
                                    {
                                      "Node Type": "Bitmap Heap Scan",
                                      "Parent Relationship": "Inner",
                                      "Parallel Aware": false,
                                      "Relation Name": "movie_keyword",
                                      "Alias": "mk",
                                      "Startup Cost": 10.82,
                                      "Total Cost": 1118.49,
                                      "Plan Rows": 308,
                                      "Plan Width": 8,
                                      "Actual Startup Time": 1.202,
                                      "Actual Total Time": 12.075,
                                      "Actual Rows": 3841,
                                      "Actual Loops": 4,
                                      "Recheck Cond": "(keyword_id = k.id)",
                                      "Rows Removed by Index Recheck": 0,
                                      "Exact Heap Blocks": 7668,
                                      "Lossy Heap Blocks": 0,
                                      "Plans": [
                                        {
                                          "Node Type": "Bitmap Index Scan",
                                          "Parent Relationship": "Outer",
                                          "Parallel Aware": false,
                                          "Index Name": "keyword_id_movie_keyword",
                                          "Startup Cost": 0.0,
                                          "Total Cost": 10.74,
                                          "Plan Rows": 308,
                                          "Plan Width": 0,
                                          "Actual Startup Time": 0.899,
                                          "Actual Total Time": 0.899,
                                          "Actual Rows": 3841,
                                          "Actual Loops": 4,
                                          "Index Cond": "(keyword_id = k.id)"
                                        }
                                      ]
                                    }
                                  ]
                                },
                                {
                                  "Node Type": "Index Scan",
                                  "Parent Relationship": "Inner",
                                  "Parallel Aware": false,
                                  "Scan Direction": "Forward",
                                  "Index Name": "movie_id_movie_info_idx",
                                  "Relation Name": "movie_info_idx",
                                  "Alias": "mi_idx",
                                  "Startup Cost": 0.43,
                                  "Total Cost": 0.5,
                                  "Plan Rows": 2,
                                  "Plan Width": 14,
                                  "Actual Startup Time": 0.004,
                                  "Actual Total Time": 0.004,
                                  "Actual Rows": 1,
                                  "Actual Loops": 15365,
                                  "Index Cond": "(movie_id = mk.movie_id)",
                                  "Rows Removed by Index Recheck": 0,
                                  "Filter": "(info < '6.3'::text)",
                                  "Rows Removed by Filter": 0
                                }
                              ]
                            }
                          ]
                        },
                        {
                          "Node Type": "Index Scan",
                          "Parent Relationship": "Inner",
                          "Parallel Aware": false,
                          "Scan Direction": "Forward",
                          "Index Name": "title_pkey",
                          "Relation Name": "title",
                          "Alias": "t",
                          "Startup Cost": 0.43,
                          "Total Cost": 0.49,
                          "Plan Rows": 1,
                          "Plan Width": 25,
                          "Actual Startup Time": 0.009,
                          "Actual Total Time": 0.009,
                          "Actual Rows": 0,
                          "Actual Loops": 5712,
                          "Index Cond": "(id = mk.movie_id)",
                          "Rows Removed by Index Recheck": 0,
                          "Filter": "(production_year > 2002)",
                          "Rows Removed by Filter": 1
                        }
                      ]
                    },
                    {
                      "Node Type": "Seq Scan",
                      "Parent Relationship": "Inner",
                      "Parallel Aware": false,
                      "Relation Name": "kind_type",
                      "Alias": "kt",
                      "Startup Cost": 0.0,
                      "Total Cost": 1.09,
                      "Plan Rows": 2,
                      "Plan Width": 4,
                      "Actual Startup Time": 0.001,
                      "Actual Total Time": 0.002,
                      "Actual Rows": 2,
                      "Actual Loops": 1457,
                      "Filter": "((kind)::text = ANY ('{\"video movie\",episode}'::text[]))",
                      "Rows Removed by Filter": 5
                    }
                  ]
                },
                {
                  "Node Type": "Index Scan",
                  "Parent Relationship": "Inner",
                  "Parallel Aware": false,
                  "Scan Direction": "Forward",
                  "Index Name": "movie_id_movie_info",
                  "Relation Name": "movie_info",
                  "Alias": "mi",
                  "Startup Cost": 0.43,
                  "Total Cost": 1.8,
                  "Plan Rows": 2,
                  "Plan Width": 8,
                  "Actual Startup Time": 0.07,
                  "Actual Total Time": 0.076,
                  "Actual Rows": 1,
                  "Actual Loops": 259,
                  "Index Cond": "(movie_id = mk.movie_id)",
                  "Rows Removed by Index Recheck": 0,
                  "Filter": "(info = ANY ('{German,Bulgaria,American,Swedish,Norway,Sweden,USA,America,Germany,Canada}'::text[]))",
                  "Rows Removed by Filter": 28
                }
              ]
            },
            {
              "Node Type": "Seq Scan",
              "Parent Relationship": "Inner",
              "Parallel Aware": false,
              "Relation Name": "info_type",
              "Alias": "it1",
              "Startup Cost": 0.0,
              "Total Cost": 2.41,
              "Plan Rows": 1,
              "Plan Width": 4,
              "Actual Startup Time": 0.002,
              "Actual Total Time": 0.003,
              "Actual Rows": 1,
              "Actual Loops": 281,
              "Filter": "((info)::text = 'countries'::text)",
              "Rows Removed by Filter": 11
            }
          ]
        }
      ]
    },
    "Planning Time": 10.785,
    "Triggers": [],
    "Execution Time": 223.891
  }
]