[
  {
    "Plan": {
      "Node Type": "Aggregate",
      "Strategy": "Plain",
      "Partial Mode": "Finalize",
      "Parallel Aware": false,
      "Startup Cost": 319541.71,
      "Total Cost": 319541.72,
      "Plan Rows": 1,
      "Plan Width": 8,
      "Actual Startup Time": 227.434,
      "Actual Total Time": 267.058,
      "Actual Rows": 1,
      "Actual Loops": 1,
      "Plans": [
        {
          "Node Type": "Gather",
          "Parent Relationship": "Outer",
          "Parallel Aware": false,
          "Startup Cost": 319541.29,
          "Total Cost": 319541.7,
          "Plan Rows": 4,
          "Plan Width": 8,
          "Actual Startup Time": 227.318,
          "Actual Total Time": 267.049,
          "Actual Rows": 5,
          "Actual Loops": 1,
          "Workers Planned": 4,
          "Workers Launched": 4,
          "Single Copy": false,
          "Plans": [
            {
              "Node Type": "Aggregate",
              "Strategy": "Plain",
              "Partial Mode": "Partial",
              "Parent Relationship": "Outer",
              "Parallel Aware": false,
              "Startup Cost": 318541.29,
              "Total Cost": 318541.3,
              "Plan Rows": 1,
              "Plan Width": 8,
              "Actual Startup Time": 217.626,
              "Actual Total Time": 217.627,
              "Actual Rows": 1,
              "Actual Loops": 5,
              "Plans": [
                {
                  "Node Type": "Nested Loop",
                  "Parent Relationship": "Outer",
                  "Parallel Aware": false,
                  "Join Type": "Inner",
                  "Startup Cost": 0.56,
                  "Total Cost": 318453.96,
                  "Plan Rows": 34932,
                  "Plan Width": 0,
                  "Actual Startup Time": 0.803,
                  "Actual Total Time": 215.212,
                  "Actual Rows": 30067,
                  "Actual Loops": 5,
                  "Inner Unique": false,
                  "Plans": [
                    {
                      "Node Type": "Seq Scan",
                      "Parent Relationship": "Outer",
                      "Parallel Aware": true,
                      "Relation Name": "title",
                      "Alias": "t",
                      "Startup Cost": 0.0,
                      "Total Cost": 45479.1,
                      "Plan Rows": 3823,
                      "Plan Width": 4,
                      "Actual Startup Time": 0.149,
                      "Actual Total Time": 60.724,
                      "Actual Rows": 3275,
                      "Actual Loops": 5,
                      "Filter": "((kind_id > 1) AND (production_year = 1989))",
                      "Rows Removed by Filter": 502388
                    },
                    {
                      "Node Type": "Index Scan",
                      "Parent Relationship": "Inner",
                      "Parallel Aware": false,
                      "Scan Direction": "Forward",
                      "Index Name": "movie_id_cast_info",
                      "Relation Name": "cast_info",
                      "Alias": "ci",
                      "Startup Cost": 0.56,
                      "Total Cost": 71.17,
                      "Plan Rows": 23,
                      "Plan Width": 4,
                      "Actual Startup Time": 0.021,
                      "Actual Total Time": 0.046,
                      "Actual Rows": 9,
                      "Actual Loops": 16373,
                      "Index Cond": "(movie_id = t.id)",
                      "Rows Removed by Index Recheck": 0,
                      "Filter": "(person_id > 1296375)",
                      "Rows Removed by Filter": 6
                    }
                  ]
                }
              ]
            }
          ]
        }
      ]
    },
    "Planning Time": 0.716,
    "Triggers": [],
    "Execution Time": 267.147
  }
]