[
  {
    "Plan": {
      "Node Type": "Aggregate",
      "Strategy": "Plain",
      "Partial Mode": "Finalize",
      "Parallel Aware": false,
      "Startup Cost": 342452.79,
      "Total Cost": 342452.8,
      "Plan Rows": 1,
      "Plan Width": 8,
      "Actual Startup Time": 508.996,
      "Actual Total Time": 567.736,
      "Actual Rows": 1,
      "Actual Loops": 1,
      "Plans": [
        {
          "Node Type": "Gather",
          "Parent Relationship": "Outer",
          "Parallel Aware": false,
          "Startup Cost": 342452.37,
          "Total Cost": 342452.78,
          "Plan Rows": 4,
          "Plan Width": 8,
          "Actual Startup Time": 508.722,
          "Actual Total Time": 567.726,
          "Actual Rows": 5,
          "Actual Loops": 1,
          "Workers Planned": 4,
          "Workers Launched": 4,
          "Single Copy": false,
          "Plans": [
            {
              "Node Type": "Aggregate",
              "Strategy": "Plain",
              "Partial Mode": "Partial",
              "Parent Relationship": "Outer",
              "Parallel Aware": false,
              "Startup Cost": 341452.37,
              "Total Cost": 341452.38,
              "Plan Rows": 1,
              "Plan Width": 8,
              "Actual Startup Time": 501.634,
              "Actual Total Time": 501.635,
              "Actual Rows": 1,
              "Actual Loops": 5,
              "Plans": [
                {
                  "Node Type": "Nested Loop",
                  "Parent Relationship": "Outer",
                  "Parallel Aware": false,
                  "Join Type": "Inner",
                  "Startup Cost": 0.56,
                  "Total Cost": 341148.18,
                  "Plan Rows": 121673,
                  "Plan Width": 0,
                  "Actual Startup Time": 49.455,
                  "Actual Total Time": 490.767,
                  "Actual Rows": 195273,
                  "Actual Loops": 5,
                  "Inner Unique": false,
                  "Plans": [
                    {
                      "Node Type": "Seq Scan",
                      "Parent Relationship": "Outer",
                      "Parallel Aware": true,
                      "Relation Name": "title",
                      "Alias": "t",
                      "Startup Cost": 0.0,
                      "Total Cost": 45479.59,
                      "Plan Rows": 8486,
                      "Plan Width": 4,
                      "Actual Startup Time": 49.34,
                      "Actual Total Time": 77.499,
                      "Actual Rows": 27686,
                      "Actual Loops": 5,
                      "Filter": "((production_year < 1939) AND (kind_id = 1))",
                      "Rows Removed by Filter": 477977
                    },
                    {
                      "Node Type": "Index Only Scan",
                      "Parent Relationship": "Inner",
                      "Parallel Aware": false,
                      "Scan Direction": "Forward",
                      "Index Name": "movie_id_cast_info",
                      "Relation Name": "cast_info",
                      "Alias": "ci",
                      "Startup Cost": 0.56,
                      "Total Cost": 34.49,
                      "Plan Rows": 35,
                      "Plan Width": 4,
                      "Actual Startup Time": 0.005,
                      "Actual Total Time": 0.014,
                      "Actual Rows": 7,
                      "Actual Loops": 138428,
                      "Index Cond": "(movie_id = t.id)",
                      "Rows Removed by Index Recheck": 0,
                      "Heap Fetches": 976364
                    }
                  ]
                }
              ]
            }
          ]
        }
      ]
    },
    "Planning Time": 0.612,
    "Triggers": [],
    "Execution Time": 567.826
  }
]