[
  {
    "Plan": {
      "Node Type": "Aggregate",
      "Strategy": "Plain",
      "Partial Mode": "Finalize",
      "Parallel Aware": false,
      "Startup Cost": 85680.32,
      "Total Cost": 85680.33,
      "Plan Rows": 1,
      "Plan Width": 8,
      "Actual Startup Time": 480.198,
      "Actual Total Time": 510.331,
      "Actual Rows": 1,
      "Actual Loops": 1,
      "Plans": [
        {
          "Node Type": "Gather",
          "Parent Relationship": "Outer",
          "Parallel Aware": false,
          "Startup Cost": 85680.0,
          "Total Cost": 85680.31,
          "Plan Rows": 3,
          "Plan Width": 8,
          "Actual Startup Time": 474.995,
          "Actual Total Time": 510.318,
          "Actual Rows": 4,
          "Actual Loops": 1,
          "Workers Planned": 3,
          "Workers Launched": 3,
          "Single Copy": false,
          "Plans": [
            {
              "Node Type": "Aggregate",
              "Strategy": "Plain",
              "Partial Mode": "Partial",
              "Parent Relationship": "Outer",
              "Parallel Aware": false,
              "Startup Cost": 84680.0,
              "Total Cost": 84680.01,
              "Plan Rows": 1,
              "Plan Width": 8,
              "Actual Startup Time": 467.111,
              "Actual Total Time": 467.118,
              "Actual Rows": 1,
              "Actual Loops": 4,
              "Plans": [
                {
                  "Node Type": "Hash Join",
                  "Parent Relationship": "Outer",
                  "Parallel Aware": true,
                  "Join Type": "Inner",
                  "Startup Cost": 57465.8,
                  "Total Cost": 84565.81,
                  "Plan Rows": 45677,
                  "Plan Width": 0,
                  "Actual Startup Time": 333.292,
                  "Actual Total Time": 460.308,
                  "Actual Rows": 94072,
                  "Actual Loops": 4,
                  "Inner Unique": true,
                  "Hash Cond": "(mk.movie_id = t.id)",
                  "Plans": [
                    {
                      "Node Type": "Bitmap Heap Scan",
                      "Parent Relationship": "Outer",
                      "Parallel Aware": true,
                      "Relation Name": "movie_keyword",
                      "Alias": "mk",
                      "Startup Cost": 11503.44,
                      "Total Cost": 38144.22,
                      "Plan Rows": 174943,
                      "Plan Width": 4,
                      "Actual Startup Time": 68.51,
                      "Actual Total Time": 167.823,
                      "Actual Rows": 135632,
                      "Actual Loops": 4,
                      "Recheck Cond": "(keyword_id > 33860)",
                      "Rows Removed by Index Recheck": 0,
                      "Exact Heap Blocks": 7218,
                      "Lossy Heap Blocks": 0,
                      "Plans": [
                        {
                          "Node Type": "Bitmap Index Scan",
                          "Parent Relationship": "Outer",
                          "Parallel Aware": false,
                          "Index Name": "keyword_id_movie_keyword",
                          "Startup Cost": 0.0,
                          "Total Cost": 11367.86,
                          "Plan Rows": 542323,
                          "Plan Width": 0,
                          "Actual Startup Time": 62.751,
                          "Actual Total Time": 62.752,
                          "Actual Rows": 542528,
                          "Actual Loops": 1,
                          "Index Cond": "(keyword_id > 33860)"
                        }
                      ]
                    },
                    {
                      "Node Type": "Hash",
                      "Parent Relationship": "Inner",
                      "Parallel Aware": true,
                      "Startup Cost": 43899.32,
                      "Total Cost": 43899.32,
                      "Plan Rows": 165043,
                      "Plan Width": 4,
                      "Actual Startup Time": 229.557,
                      "Actual Total Time": 229.559,
                      "Actual Rows": 165706,
                      "Actual Loops": 4,
                      "Hash Buckets": 1048576,
                      "Original Hash Buckets": 1048576,
                      "Hash Batches": 1,
                      "Original Hash Batches": 1,
                      "Peak Memory Usage": 34144,
                      "Plans": [
                        {
                          "Node Type": "Seq Scan",
                          "Parent Relationship": "Outer",
                          "Parallel Aware": true,
                          "Relation Name": "title",
                          "Alias": "t",
                          "Startup Cost": 0.0,
                          "Total Cost": 43899.32,
                          "Plan Rows": 165043,
                          "Plan Width": 4,
                          "Actual Startup Time": 51.182,
                          "Actual Total Time": 135.2,
                          "Actual Rows": 165706,
                          "Actual Loops": 4,
                          "Filter": "(kind_id = 1)",
                          "Rows Removed by Filter": 466372
                        }
                      ]
                    }
                  ]
                }
              ]
            }
          ]
        }
      ]
    },
    "Planning Time": 0.658,
    "Triggers": [],
    "Execution Time": 510.435
  }
]