[
    {
        "Bao": {
            "Bao prediction": "NaN",
            "Bao recommended hint": "(no hint)"
        }
    },
    {
        "Plan": {
            "Node Type": "Aggregate",
            "Strategy": "Plain",
            "Partial Mode": "Finalize",
            "Parallel Aware": false,
            "Startup Cost": 169591.66,
            "Total Cost": 169591.67,
            "Plan Rows": 1,
            "Plan Width": 8,
            "Actual Startup Time": 743.258,
            "Actual Total Time": 760.961,
            "Actual Rows": 1,
            "Actual Loops": 1,
            "Output": [
                "count(*)"
            ],
            "Plans": [
                {
                    "Node Type": "Gather",
                    "Parent Relationship": "Outer",
                    "Parallel Aware": false,
                    "Startup Cost": 169591.14,
                    "Total Cost": 169591.65,
                    "Plan Rows": 5,
                    "Plan Width": 8,
                    "Actual Startup Time": 738.263,
                    "Actual Total Time": 760.952,
                    "Actual Rows": 6,
                    "Actual Loops": 1,
                    "Output": [
                        "(PARTIAL count(*))"
                    ],
                    "Workers Planned": 5,
                    "Workers Launched": 5,
                    "Single Copy": false,
                    "Plans": [
                        {
                            "Node Type": "Aggregate",
                            "Strategy": "Plain",
                            "Partial Mode": "Partial",
                            "Parent Relationship": "Outer",
                            "Parallel Aware": false,
                            "Startup Cost": 168591.14,
                            "Total Cost": 168591.15,
                            "Plan Rows": 1,
                            "Plan Width": 8,
                            "Actual Startup Time": 716.573,
                            "Actual Total Time": 716.576,
                            "Actual Rows": 1,
                            "Actual Loops": 6,
                            "Output": [
                                "PARTIAL count(*)"
                            ],
                            "Workers": [
                                {
                                    "Worker Number": 0,
                                    "Actual Startup Time": 711.949,
                                    "Actual Total Time": 711.953,
                                    "Actual Rows": 1,
                                    "Actual Loops": 1
                                },
                                {
                                    "Worker Number": 1,
                                    "Actual Startup Time": 712.187,
                                    "Actual Total Time": 712.19,
                                    "Actual Rows": 1,
                                    "Actual Loops": 1
                                },
                                {
                                    "Worker Number": 2,
                                    "Actual Startup Time": 712.341,
                                    "Actual Total Time": 712.343,
                                    "Actual Rows": 1,
                                    "Actual Loops": 1
                                },
                                {
                                    "Worker Number": 3,
                                    "Actual Startup Time": 712.571,
                                    "Actual Total Time": 712.574,
                                    "Actual Rows": 1,
                                    "Actual Loops": 1
                                },
                                {
                                    "Worker Number": 4,
                                    "Actual Startup Time": 712.74,
                                    "Actual Total Time": 712.742,
                                    "Actual Rows": 1,
                                    "Actual Loops": 1
                                }
                            ],
                            "Plans": [
                                {
                                    "Node Type": "Hash Join",
                                    "Parent Relationship": "Outer",
                                    "Parallel Aware": true,
                                    "Join Type": "Inner",
                                    "Startup Cost": 50838.75,
                                    "Total Cost": 167654.4,
                                    "Plan Rows": 374695,
                                    "Plan Width": 0,
                                    "Actual Startup Time": 281.27,
                                    "Actual Total Time": 688.64,
                                    "Actual Rows": 519750,
                                    "Actual Loops": 6,
                                    "Inner Unique": true,
                                    "Hash Cond": "(ci.movie_id = t.id)",
                                    "Workers": [
                                        {
                                            "Worker Number": 0,
                                            "Actual Startup Time": 277.213,
                                            "Actual Total Time": 682.587,
                                            "Actual Rows": 421900,
                                            "Actual Loops": 1
                                        },
                                        {
                                            "Worker Number": 1,
                                            "Actual Startup Time": 277.282,
                                            "Actual Total Time": 686.148,
                                            "Actual Rows": 608089,
                                            "Actual Loops": 1
                                        },
                                        {
                                            "Worker Number": 2,
                                            "Actual Startup Time": 277.229,
                                            "Actual Total Time": 682.522,
                                            "Actual Rows": 429416,
                                            "Actual Loops": 1
                                        },
                                        {
                                            "Worker Number": 3,
                                            "Actual Startup Time": 277.409,
                                            "Actual Total Time": 686.599,
                                            "Actual Rows": 607142,
                                            "Actual Loops": 1
                                        },
                                        {
                                            "Worker Number": 4,
                                            "Actual Startup Time": 277.671,
                                            "Actual Total Time": 686.856,
                                            "Actual Rows": 605228,
                                            "Actual Loops": 1
                                        }
                                    ],
                                    "Plans": [
                                        {
                                            "Node Type": "Index Scan",
                                            "Parent Relationship": "Outer",
                                            "Parallel Aware": true,
                                            "Scan Direction": "Forward",
                                            "Index Name": "role_id_cast_info",
                                            "Relation Name": "cast_info",
                                            "Schema": "public",
                                            "Alias": "ci",
                                            "Startup Cost": 0.56,
                                            "Total Cost": 115696.32,
                                            "Plan Rows": 426631,
                                            "Plan Width": 4,
                                            "Actual Startup Time": 0.129,
                                            "Actual Total Time": 165.135,
                                            "Actual Rows": 604700,
                                            "Actual Loops": 6,
                                            "Output": [
                                                "ci.id",
                                                "ci.person_id",
                                                "ci.movie_id",
                                                "ci.person_role_id",
                                                "ci.note",
                                                "ci.nr_order",
                                                "ci.role_id"
                                            ],
                                            "Index Cond": "(ci.role_id = 10)",
                                            "Rows Removed by Index Recheck": 0,
                                            "Filter": "(ci.person_id > 1776850)",
                                            "Rows Removed by Filter": 115803,
                                            "Workers": [
                                                {
                                                    "Worker Number": 0,
                                                    "Actual Startup Time": 0.315,
                                                    "Actual Total Time": 170.253,
                                                    "Actual Rows": 488608,
                                                    "Actual Loops": 1
                                                },
                                                {
                                                    "Worker Number": 1,
                                                    "Actual Startup Time": 0.148,
                                                    "Actual Total Time": 163.942,
                                                    "Actual Rows": 707296,
                                                    "Actual Loops": 1
                                                },
                                                {
                                                    "Worker Number": 2,
                                                    "Actual Startup Time": 0.102,
                                                    "Actual Total Time": 172.028,
                                                    "Actual Rows": 498529,
                                                    "Actual Loops": 1
                                                },
                                                {
                                                    "Worker Number": 3,
                                                    "Actual Startup Time": 0.094,
                                                    "Actual Total Time": 162.858,
                                                    "Actual Rows": 707533,
                                                    "Actual Loops": 1
                                                },
                                                {
                                                    "Worker Number": 4,
                                                    "Actual Startup Time": 0.057,
                                                    "Actual Total Time": 165.757,
                                                    "Actual Rows": 704681,
                                                    "Actual Loops": 1
                                                }
                                            ]
                                        },
                                        {
                                            "Node Type": "Hash",
                                            "Parent Relationship": "Inner",
                                            "Parallel Aware": true,
                                            "Startup Cost": 43899.01,
                                            "Total Cost": 43899.01,
                                            "Plan Rows": 555134,
                                            "Plan Width": 4,
                                            "Actual Startup Time": 273.428,
                                            "Actual Total Time": 273.429,
                                            "Actual Rows": 370762,
                                            "Actual Loops": 6,
                                            "Output": [
                                                "t.id"
                                            ],
                                            "Hash Buckets": 4194304,
                                            "Original Hash Buckets": 4194304,
                                            "Hash Batches": 1,
                                            "Original Hash Batches": 1,
                                            "Peak Memory Usage": 119904,
                                            "Workers": [
                                                {
                                                    "Worker Number": 0,
                                                    "Actual Startup Time": 276.253,
                                                    "Actual Total Time": 276.255,
                                                    "Actual Rows": 295675,
                                                    "Actual Loops": 1
                                                },
                                                {
                                                    "Worker Number": 1,
                                                    "Actual Startup Time": 276.568,
                                                    "Actual Total Time": 276.569,
                                                    "Actual Rows": 411780,
                                                    "Actual Loops": 1
                                                },
                                                {
                                                    "Worker Number": 2,
                                                    "Actual Startup Time": 276.455,
                                                    "Actual Total Time": 276.456,
                                                    "Actual Rows": 302524,
                                                    "Actual Loops": 1
                                                },
                                                {
                                                    "Worker Number": 3,
                                                    "Actual Startup Time": 276.918,
                                                    "Actual Total Time": 276.919,
                                                    "Actual Rows": 412698,
                                                    "Actual Loops": 1
                                                },
                                                {
                                                    "Worker Number": 4,
                                                    "Actual Startup Time": 277.024,
                                                    "Actual Total Time": 277.025,
                                                    "Actual Rows": 410665,
                                                    "Actual Loops": 1
                                                }
                                            ],
                                            "Plans": [
                                                {
                                                    "Node Type": "Seq Scan",
                                                    "Parent Relationship": "Outer",
                                                    "Parallel Aware": true,
                                                    "Relation Name": "title",
                                                    "Schema": "public",
                                                    "Alias": "t",
                                                    "Startup Cost": 0.0,
                                                    "Total Cost": 43899.01,
                                                    "Plan Rows": 555134,
                                                    "Plan Width": 4,
                                                    "Actual Startup Time": 0.053,
                                                    "Actual Total Time": 94.049,
                                                    "Actual Rows": 370762,
                                                    "Actual Loops": 6,
                                                    "Output": [
                                                        "t.id"
                                                    ],
                                                    "Filter": "(t.production_year < 2012)",
                                                    "Rows Removed by Filter": 50624,
                                                    "Workers": [
                                                        {
                                                            "Worker Number": 0,
                                                            "Actual Startup Time": 0.062,
                                                            "Actual Total Time": 100.925,
                                                            "Actual Rows": 295675,
                                                            "Actual Loops": 1
                                                        },
                                                        {
                                                            "Worker Number": 1,
                                                            "Actual Startup Time": 0.054,
                                                            "Actual Total Time": 92.943,
                                                            "Actual Rows": 411780,
                                                            "Actual Loops": 1
                                                        },
                                                        {
                                                            "Worker Number": 2,
                                                            "Actual Startup Time": 0.07,
                                                            "Actual Total Time": 101.034,
                                                            "Actual Rows": 302524,
                                                            "Actual Loops": 1
                                                        },
                                                        {
                                                            "Worker Number": 3,
                                                            "Actual Startup Time": 0.054,
                                                            "Actual Total Time": 92.591,
                                                            "Actual Rows": 412698,
                                                            "Actual Loops": 1
                                                        },
                                                        {
                                                            "Worker Number": 4,
                                                            "Actual Startup Time": 0.062,
                                                            "Actual Total Time": 92.794,
                                                            "Actual Rows": 410665,
                                                            "Actual Loops": 1
                                                        }
                                                    ]
                                                }
                                            ]
                                        }
                                    ]
                                }
                            ]
                        }
                    ]
                }
            ]
        },
        "Planning Time": 322.704,
        "Triggers": [],
        "Execution Time": 761.046
    }
]