{
  "Plan": {
    "Node Type": "Aggregate",
    "Strategy": "Plain",
    "Partial Mode": "Finalize",
    "Parallel Aware": false,
    "Startup Cost": 328201.79,
    "Total Cost": 328201.8,
    "Plan Rows": 1,
    "Plan Width": 8,
    "Actual Startup Time": 2500.645,
    "Actual Total Time": 2526.245,
    "Actual Rows": 1,
    "Actual Loops": 1,
    "Plans": [
      {
        "Node Type": "Gather",
        "Parent Relationship": "Outer",
        "Parallel Aware": false,
        "Startup Cost": 328201.68,
        "Total Cost": 328201.79,
        "Plan Rows": 1,
        "Plan Width": 8,
        "Actual Startup Time": 2500.365,
        "Actual Total Time": 2526.237,
        "Actual Rows": 2,
        "Actual Loops": 1,
        "Workers Planned": 1,
        "Workers Launched": 1,
        "Single Copy": false,
        "Plans": [
          {
            "Node Type": "Aggregate",
            "Strategy": "Plain",
            "Partial Mode": "Partial",
            "Parent Relationship": "Outer",
            "Parallel Aware": false,
            "Startup Cost": 327201.68,
            "Total Cost": 327201.69,
            "Plan Rows": 1,
            "Plan Width": 8,
            "Actual Startup Time": 2494.386,
            "Actual Total Time": 2494.388,
            "Actual Rows": 1,
            "Actual Loops": 2,
            "Plans": [
              {
                "Node Type": "Merge Join",
                "Parent Relationship": "Outer",
                "Parallel Aware": false,
                "Join Type": "Inner",
                "Startup Cost": 6.84,
                "Total Cost": 326122.28,
                "Plan Rows": 431758,
                "Plan Width": 0,
                "Actual Startup Time": 2.803,
                "Actual Total Time": 2459.268,
                "Actual Rows": 655000,
                "Actual Loops": 2,
                "Inner Unique": false,
                "Merge Cond": "(t.id = mc.movie_id)",
                "Plans": [
                  {
                    "Node Type": "Merge Join",
                    "Parent Relationship": "Outer",
                    "Parallel Aware": false,
                    "Join Type": "Inner",
                    "Startup Cost": 2.99,
                    "Total Cost": 169340.97,
                    "Plan Rows": 598827,
                    "Plan Width": 8,
                    "Actual Startup Time": 1.675,
                    "Actual Total Time": 1312.118,
                    "Actual Rows": 375060,
                    "Actual Loops": 2,
                    "Inner Unique": false,
                    "Merge Cond": "(t.id = mi_idx.movie_id)",
                    "Plans": [
                      {
                        "Node Type": "Index Scan",
                        "Parent Relationship": "Outer",
                        "Parallel Aware": true,
                        "Scan Direction": "Forward",
                        "Index Name": "title_pkey",
                        "Relation Name": "title",
                        "Alias": "t",
                        "Startup Cost": 0.43,
                        "Total Cost": 103647.43,
                        "Plan Rows": 1097081,
                        "Plan Width": 4,
                        "Actual Startup Time": 0.067,
                        "Actual Total Time": 830.088,
                        "Actual Rows": 932056,
                        "Actual Loops": 2,
                        "Filter": "(kind_id > 1)",
                        "Rows Removed by Filter": 330880
                      },
                      {
                        "Node Type": "Index Only Scan",
                        "Parent Relationship": "Inner",
                        "Parallel Aware": false,
                        "Scan Direction": "Forward",
                        "Index Name": "movie_id_movie_info_idx",
                        "Relation Name": "movie_info_idx",
                        "Alias": "mi_idx",
                        "Startup Cost": 0.43,
                        "Total Cost": 53620.22,
                        "Plan Rows": 1380035,
                        "Plan Width": 4,
                        "Actual Startup Time": 0.166,
                        "Actual Total Time": 315.773,
                        "Actual Rows": 1380024,
                        "Actual Loops": 2,
                        "Heap Fetches": 2760047
                      }
                    ]
                  },
                  {
                    "Node Type": "Index Scan",
                    "Parent Relationship": "Inner",
                    "Parallel Aware": false,
                    "Scan Direction": "Forward",
                    "Index Name": "movie_id_movie_companies",
                    "Relation Name": "movie_companies",
                    "Alias": "mc",
                    "Startup Cost": 0.43,
                    "Total Cost": 146582.27,
                    "Plan Rows": 1822913,
                    "Plan Width": 4,
                    "Actual Startup Time": 0.08,
                    "Actual Total Time": 947.684,
                    "Actual Rows": 2245255,
                    "Actual Loops": 2,
                    "Filter": "(company_id < 30407)",
                    "Rows Removed by Filter": 993167
                  }
                ]
              }
            ]
          }
        ]
      }
    ]
  },
  "Planning Time": 1.052,
  "Triggers": [],
  "Execution Time": 2526.337
}