[
  {
    "Plan": {
      "Node Type": "Aggregate",
      "Strategy": "Plain",
      "Partial Mode": "Finalize",
      "Parallel Aware": false,
      "Startup Cost": 27513.78,
      "Total Cost": 27513.79,
      "Plan Rows": 1,
      "Plan Width": 8,
      "Actual Startup Time": 79.768,
      "Actual Total Time": 86.201,
      "Actual Rows": 1,
      "Actual Loops": 1,
      "Plans": [
        {
          "Node Type": "Gather",
          "Parent Relationship": "Outer",
          "Parallel Aware": false,
          "Startup Cost": 27513.46,
          "Total Cost": 27513.77,
          "Plan Rows": 3,
          "Plan Width": 8,
          "Actual Startup Time": 79.466,
          "Actual Total Time": 86.194,
          "Actual Rows": 4,
          "Actual Loops": 1,
          "Workers Planned": 3,
          "Workers Launched": 3,
          "Single Copy": false,
          "Plans": [
            {
              "Node Type": "Aggregate",
              "Strategy": "Plain",
              "Partial Mode": "Partial",
              "Parent Relationship": "Outer",
              "Parallel Aware": false,
              "Startup Cost": 26513.46,
              "Total Cost": 26513.47,
              "Plan Rows": 1,
              "Plan Width": 8,
              "Actual Startup Time": 72.474,
              "Actual Total Time": 72.475,
              "Actual Rows": 1,
              "Actual Loops": 4,
              "Plans": [
                {
                  "Node Type": "Bitmap Heap Scan",
                  "Parent Relationship": "Outer",
                  "Parallel Aware": true,
                  "Relation Name": "movie_companies",
                  "Alias": "mc",
                  "Startup Cost": 6313.97,
                  "Total Cost": 26278.54,
                  "Plan Rows": 93966,
                  "Plan Width": 0,
                  "Actual Startup Time": 23.663,
                  "Actual Total Time": 67.705,
                  "Actual Rows": 71329,
                  "Actual Loops": 4,
                  "Recheck Cond": "(company_id < 159)",
                  "Rows Removed by Index Recheck": 0,
                  "Exact Heap Blocks": 9678,
                  "Lossy Heap Blocks": 0,
                  "Plans": [
                    {
                      "Node Type": "Bitmap Index Scan",
                      "Parent Relationship": "Outer",
                      "Parallel Aware": false,
                      "Index Name": "company_id_movie_companies",
                      "Startup Cost": 0.0,
                      "Total Cost": 6241.14,
                      "Plan Rows": 291295,
                      "Plan Width": 0,
                      "Actual Startup Time": 26.154,
                      "Actual Total Time": 26.154,
                      "Actual Rows": 285317,
                      "Actual Loops": 1,
                      "Index Cond": "(company_id < 159)"
                    }
                  ]
                }
              ]
            }
          ]
        }
      ]
    },
    "Planning Time": 0.128,
    "Triggers": [],
    "Execution Time": 86.252
  }
]