{
  "Plan": {
    "Node Type": "Aggregate",
    "Strategy": "Plain",
    "Partial Mode": "Finalize",
    "Parallel Aware": false,
    "Startup Cost": 407688.35,
    "Total Cost": 407688.36,
    "Plan Rows": 1,
    "Plan Width": 8,
    "Actual Startup Time": 1312.889,
    "Actual Total Time": 1335.238,
    "Actual Rows": 1,
    "Actual Loops": 1,
    "Plans": [
      {
        "Node Type": "Gather",
        "Parent Relationship": "Outer",
        "Parallel Aware": false,
        "Startup Cost": 407688.24,
        "Total Cost": 407688.35,
        "Plan Rows": 1,
        "Plan Width": 8,
        "Actual Startup Time": 1306.432,
        "Actual Total Time": 1335.228,
        "Actual Rows": 2,
        "Actual Loops": 1,
        "Workers Planned": 1,
        "Workers Launched": 1,
        "Single Copy": false,
        "Plans": [
          {
            "Node Type": "Aggregate",
            "Strategy": "Plain",
            "Partial Mode": "Partial",
            "Parent Relationship": "Outer",
            "Parallel Aware": false,
            "Startup Cost": 406688.24,
            "Total Cost": 406688.25,
            "Plan Rows": 1,
            "Plan Width": 8,
            "Actual Startup Time": 1294.15,
            "Actual Total Time": 1294.154,
            "Actual Rows": 1,
            "Actual Loops": 2,
            "Plans": [
              {
                "Node Type": "Hash Join",
                "Parent Relationship": "Outer",
                "Parallel Aware": true,
                "Join Type": "Inner",
                "Startup Cost": 126165.77,
                "Total Cost": 404203.25,
                "Plan Rows": 993995,
                "Plan Width": 0,
                "Actual Startup Time": 598.869,
                "Actual Total Time": 1243.187,
                "Actual Rows": 1236644,
                "Actual Loops": 2,
                "Inner Unique": true,
                "Hash Cond": "(ci.movie_id = t.id)",
                "Plans": [
                  {
                    "Node Type": "Bitmap Heap Scan",
                    "Parent Relationship": "Outer",
                    "Parallel Aware": true,
                    "Relation Name": "cast_info",
                    "Alias": "ci",
                    "Startup Cost": 56705.07,
                    "Total Cost": 332133.31,
                    "Plan Rows": 993995,
                    "Plan Width": 4,
                    "Actual Startup Time": 78.394,
                    "Actual Total Time": 264.535,
                    "Actual Rows": 1236644,
                    "Actual Loops": 2,
                    "Recheck Cond": "(person_id > 3580409)",
                    "Rows Removed by Index Recheck": 0,
                    "Filter": "(role_id > 1)",
                    "Rows Removed by Filter": 0,
                    "Exact Heap Blocks": 18573,
                    "Lossy Heap Blocks": 0,
                    "Plans": [
                      {
                        "Node Type": "Bitmap Index Scan",
                        "Parent Relationship": "Outer",
                        "Parallel Aware": false,
                        "Index Name": "person_id_cast_info",
                        "Startup Cost": 0.0,
                        "Total Cost": 56282.62,
                        "Plan Rows": 2577341,
                        "Plan Width": 0,
                        "Actual Startup Time": 72.469,
                        "Actual Total Time": 72.469,
                        "Actual Rows": 2473287,
                        "Actual Loops": 1,
                        "Index Cond": "(person_id > 3580409)"
                      }
                    ]
                  },
                  {
                    "Node Type": "Hash",
                    "Parent Relationship": "Inner",
                    "Parallel Aware": true,
                    "Startup Cost": 50870.31,
                    "Total Cost": 50870.31,
                    "Plan Rows": 1487231,
                    "Plan Width": 4,
                    "Actual Startup Time": 497.872,
                    "Actual Total Time": 497.873,
                    "Actual Rows": 1264156,
                    "Actual Loops": 2,
                    "Hash Buckets": 4194304,
                    "Original Hash Buckets": 4194304,
                    "Hash Batches": 1,
                    "Original Hash Batches": 1,
                    "Peak Memory Usage": 131712,
                    "Plans": [
                      {
                        "Node Type": "Seq Scan",
                        "Parent Relationship": "Outer",
                        "Parallel Aware": true,
                        "Relation Name": "title",
                        "Alias": "t",
                        "Startup Cost": 0.0,
                        "Total Cost": 50870.31,
                        "Plan Rows": 1487231,
                        "Plan Width": 4,
                        "Actual Startup Time": 0.026,
                        "Actual Total Time": 151.672,
                        "Actual Rows": 1264156,
                        "Actual Loops": 2
                      }
                    ]
                  }
                ]
              }
            ]
          }
        ]
      }
    ]
  },
  "Planning Time": 0.614,
  "Triggers": [],
  "Execution Time": 1335.331
}