{
  "Plan": {
    "Node Type": "Aggregate",
    "Strategy": "Plain",
    "Partial Mode": "Finalize",
    "Parallel Aware": false,
    "Startup Cost": 863529.46,
    "Total Cost": 863529.47,
    "Plan Rows": 1,
    "Plan Width": 8,
    "Actual Startup Time": 3389.49,
    "Actual Total Time": 3389.567,
    "Actual Rows": 1,
    "Actual Loops": 1,
    "Plans": [
      {
        "Node Type": "Gather",
        "Parent Relationship": "Outer",
        "Parallel Aware": false,
        "Startup Cost": 863529.35,
        "Total Cost": 863529.46,
        "Plan Rows": 1,
        "Plan Width": 8,
        "Actual Startup Time": 3389.48,
        "Actual Total Time": 3389.561,
        "Actual Rows": 2,
        "Actual Loops": 1,
        "Workers Planned": 1,
        "Workers Launched": 1,
        "Single Copy": false,
        "Plans": [
          {
            "Node Type": "Aggregate",
            "Strategy": "Plain",
            "Partial Mode": "Partial",
            "Parent Relationship": "Outer",
            "Parallel Aware": false,
            "Startup Cost": 862529.35,
            "Total Cost": 862529.36,
            "Plan Rows": 1,
            "Plan Width": 8,
            "Actual Startup Time": 3345.832,
            "Actual Total Time": 3345.837,
            "Actual Rows": 1,
            "Actual Loops": 2,
            "Plans": [
              {
                "Node Type": "Merge Join",
                "Parent Relationship": "Outer",
                "Parallel Aware": false,
                "Join Type": "Inner",
                "Startup Cost": 831132.5,
                "Total Cost": 860491.55,
                "Plan Rows": 815122,
                "Plan Width": 0,
                "Actual Startup Time": 2560.839,
                "Actual Total Time": 3224.126,
                "Actual Rows": 3195619,
                "Actual Loops": 2,
                "Inner Unique": false,
                "Merge Cond": "(mi.movie_id = t.id)",
                "Plans": [
                  {
                    "Node Type": "Sort",
                    "Parent Relationship": "Outer",
                    "Parallel Aware": false,
                    "Startup Cost": 642661.63,
                    "Total Cost": 651228.91,
                    "Plan Rows": 3426912,
                    "Plan Width": 4,
                    "Actual Startup Time": 1330.996,
                    "Actual Total Time": 1436.115,
                    "Actual Rows": 2942261,
                    "Actual Loops": 2,
                    "Sort Key": [
                      "mi.movie_id"
                    ],
                    "Sort Method": "quicksort",
                    "Sort Space Used": 237948,
                    "Sort Space Type": "Memory",
                    "Workers": [
                      {
                        "Worker Number": 0,
                        "Sort Method": "quicksort",
                        "Sort Space Used": 234519,
                        "Sort Space Type": "Memory"
                      }
                    ],
                    "Plans": [
                      {
                        "Node Type": "Seq Scan",
                        "Parent Relationship": "Outer",
                        "Parallel Aware": true,
                        "Relation Name": "movie_info",
                        "Alias": "mi",
                        "Startup Cost": 0.0,
                        "Total Cost": 270696.42,
                        "Plan Rows": 3426912,
                        "Plan Width": 4,
                        "Actual Startup Time": 0.035,
                        "Actual Total Time": 715.272,
                        "Actual Rows": 2942482,
                        "Actual Loops": 2,
                        "Filter": "(info_type_id < 7)",
                        "Rows Removed by Filter": 4475378
                      }
                    ]
                  },
                  {
                    "Node Type": "Sort",
                    "Parent Relationship": "Inner",
                    "Parallel Aware": false,
                    "Startup Cost": 188470.8,
                    "Total Cost": 189974.24,
                    "Plan Rows": 601377,
                    "Plan Width": 8,
                    "Actual Startup Time": 1229.819,
                    "Actual Total Time": 1337.892,
                    "Actual Rows": 3263808,
                    "Actual Loops": 2,
                    "Sort Key": [
                      "t.id"
                    ],
                    "Sort Method": "quicksort",
                    "Sort Space Used": 60904,
                    "Sort Space Type": "Memory",
                    "Workers": [
                      {
                        "Worker Number": 0,
                        "Sort Method": "quicksort",
                        "Sort Space Used": 60904,
                        "Sort Space Type": "Memory"
                      }
                    ],
                    "Plans": [
                      {
                        "Node Type": "Hash Join",
                        "Parent Relationship": "Outer",
                        "Parallel Aware": false,
                        "Join Type": "Inner",
                        "Startup Cost": 82399.59,
                        "Total Cost": 130744.89,
                        "Plan Rows": 601377,
                        "Plan Width": 8,
                        "Actual Startup Time": 550.748,
                        "Actual Total Time": 1063.918,
                        "Actual Rows": 774986,
                        "Actual Loops": 2,
                        "Inner Unique": true,
                        "Hash Cond": "(mc.movie_id = t.id)",
                        "Plans": [
                          {
                            "Node Type": "Index Scan",
                            "Parent Relationship": "Outer",
                            "Parallel Aware": false,
                            "Scan Direction": "Forward",
                            "Index Name": "company_type_id_movie_companies",
                            "Relation Name": "movie_companies",
                            "Alias": "mc",
                            "Startup Cost": 0.43,
                            "Total Cost": 44974.2,
                            "Plan Rows": 1284387,
                            "Plan Width": 4,
                            "Actual Startup Time": 0.067,
                            "Actual Total Time": 178.035,
                            "Actual Rows": 1274246,
                            "Actual Loops": 2,
                            "Index Cond": "(company_type_id = 1)",
                            "Rows Removed by Index Recheck": 0
                          },
                          {
                            "Node Type": "Hash",
                            "Parent Relationship": "Inner",
                            "Parallel Aware": false,
                            "Startup Cost": 67601.66,
                            "Total Cost": 67601.66,
                            "Plan Rows": 1183800,
                            "Plan Width": 4,
                            "Actual Startup Time": 543.228,
                            "Actual Total Time": 543.229,
                            "Actual Rows": 1195923,
                            "Actual Loops": 2,
                            "Hash Buckets": 2097152,
                            "Original Hash Buckets": 2097152,
                            "Hash Batches": 1,
                            "Original Hash Batches": 1,
                            "Peak Memory Usage": 58429,
                            "Plans": [
                              {
                                "Node Type": "Seq Scan",
                                "Parent Relationship": "Outer",
                                "Parallel Aware": false,
                                "Relation Name": "title",
                                "Alias": "t",
                                "Startup Cost": 0.0,
                                "Total Cost": 67601.66,
                                "Plan Rows": 1183800,
                                "Plan Width": 4,
                                "Actual Startup Time": 0.038,
                                "Actual Total Time": 280.768,
                                "Actual Rows": 1195923,
                                "Actual Loops": 2,
                                "Filter": "(production_year < 2003)",
                                "Rows Removed by Filter": 1332389
                              }
                            ]
                          }
                        ]
                      }
                    ]
                  }
                ]
              }
            ]
          }
        ]
      }
    ]
  },
  "Planning Time": 1.082,
  "Triggers": [],
  "Execution Time": 3406.044
}