[
    {
        "Bao": {
            "Bao prediction": 458.073,
            "Bao recommended hint": "(no hint)"
        }
    },
    {
        "Plan": {
            "Node Type": "Aggregate",
            "Strategy": "Plain",
            "Partial Mode": "Finalize",
            "Parallel Aware": false,
            "Startup Cost": 31066.94,
            "Total Cost": 31066.95,
            "Plan Rows": 1,
            "Plan Width": 8,
            "Actual Startup Time": 121.047,
            "Actual Total Time": 130.106,
            "Actual Rows": 1,
            "Actual Loops": 1,
            "Output": [
                "count(*)"
            ],
            "Plans": [
                {
                    "Node Type": "Gather",
                    "Parent Relationship": "Outer",
                    "Parallel Aware": false,
                    "Startup Cost": 31066.62,
                    "Total Cost": 31066.93,
                    "Plan Rows": 3,
                    "Plan Width": 8,
                    "Actual Startup Time": 120.953,
                    "Actual Total Time": 130.077,
                    "Actual Rows": 4,
                    "Actual Loops": 1,
                    "Output": [
                        "(PARTIAL count(*))"
                    ],
                    "Workers Planned": 3,
                    "Workers Launched": 3,
                    "Single Copy": false,
                    "Plans": [
                        {
                            "Node Type": "Aggregate",
                            "Strategy": "Plain",
                            "Partial Mode": "Partial",
                            "Parent Relationship": "Outer",
                            "Parallel Aware": false,
                            "Startup Cost": 30066.62,
                            "Total Cost": 30066.63,
                            "Plan Rows": 1,
                            "Plan Width": 8,
                            "Actual Startup Time": 113.293,
                            "Actual Total Time": 113.295,
                            "Actual Rows": 1,
                            "Actual Loops": 4,
                            "Output": [
                                "PARTIAL count(*)"
                            ],
                            "Workers": [
                                {
                                    "Worker Number": 0,
                                    "Actual Startup Time": 110.791,
                                    "Actual Total Time": 110.792,
                                    "Actual Rows": 1,
                                    "Actual Loops": 1
                                },
                                {
                                    "Worker Number": 1,
                                    "Actual Startup Time": 110.811,
                                    "Actual Total Time": 110.813,
                                    "Actual Rows": 1,
                                    "Actual Loops": 1
                                },
                                {
                                    "Worker Number": 2,
                                    "Actual Startup Time": 111.198,
                                    "Actual Total Time": 111.199,
                                    "Actual Rows": 1,
                                    "Actual Loops": 1
                                }
                            ],
                            "Plans": [
                                {
                                    "Node Type": "Seq Scan",
                                    "Parent Relationship": "Outer",
                                    "Parallel Aware": true,
                                    "Relation Name": "movie_companies",
                                    "Schema": "public",
                                    "Alias": "mc",
                                    "Startup Cost": 0.0,
                                    "Total Cost": 29310.68,
                                    "Plan Rows": 302377,
                                    "Plan Width": 0,
                                    "Actual Startup Time": 23.427,
                                    "Actual Total Time": 97.334,
                                    "Actual Rows": 235234,
                                    "Actual Loops": 4,
                                    "Output": [
                                        "id",
                                        "movie_id",
                                        "company_id",
                                        "company_type_id",
                                        "note"
                                    ],
                                    "Filter": "(mc.company_id > 18979)",
                                    "Rows Removed by Filter": 417048,
                                    "Workers": [
                                        {
                                            "Worker Number": 0,
                                            "Actual Startup Time": 20.92,
                                            "Actual Total Time": 95.172,
                                            "Actual Rows": 225133,
                                            "Actual Loops": 1
                                        },
                                        {
                                            "Worker Number": 1,
                                            "Actual Startup Time": 20.945,
                                            "Actual Total Time": 95.306,
                                            "Actual Rows": 224851,
                                            "Actual Loops": 1
                                        },
                                        {
                                            "Worker Number": 2,
                                            "Actual Startup Time": 21.344,
                                            "Actual Total Time": 95.801,
                                            "Actual Rows": 224247,
                                            "Actual Loops": 1
                                        }
                                    ]
                                }
                            ]
                        }
                    ]
                }
            ]
        },
        "Planning Time": 1533.174,
        "Triggers": [],
        "Execution Time": 130.198
    }
]