[
  {
    "Plan": {
      "Node Type": "Aggregate",
      "Strategy": "Plain",
      "Partial Mode": "Finalize",
      "Parallel Aware": false,
      "Startup Cost": 249450.94,
      "Total Cost": 249450.95,
      "Plan Rows": 1,
      "Plan Width": 8,
      "Actual Startup Time": 551.604,
      "Actual Total Time": 593.111,
      "Actual Rows": 1,
      "Actual Loops": 1,
      "Plans": [
        {
          "Node Type": "Gather",
          "Parent Relationship": "Outer",
          "Parallel Aware": false,
          "Startup Cost": 249450.42,
          "Total Cost": 249450.93,
          "Plan Rows": 5,
          "Plan Width": 8,
          "Actual Startup Time": 550.214,
          "Actual Total Time": 593.1,
          "Actual Rows": 6,
          "Actual Loops": 1,
          "Workers Planned": 5,
          "Workers Launched": 5,
          "Single Copy": false,
          "Plans": [
            {
              "Node Type": "Aggregate",
              "Strategy": "Plain",
              "Partial Mode": "Partial",
              "Parent Relationship": "Outer",
              "Parallel Aware": false,
              "Startup Cost": 248450.42,
              "Total Cost": 248450.43,
              "Plan Rows": 1,
              "Plan Width": 8,
              "Actual Startup Time": 540.038,
              "Actual Total Time": 540.04,
              "Actual Rows": 1,
              "Actual Loops": 6,
              "Plans": [
                {
                  "Node Type": "Hash Join",
                  "Parent Relationship": "Outer",
                  "Parallel Aware": true,
                  "Join Type": "Inner",
                  "Startup Cost": 46180.97,
                  "Total Cost": 248191.65,
                  "Plan Rows": 103505,
                  "Plan Width": 0,
                  "Actual Startup Time": 95.541,
                  "Actual Total Time": 537.982,
                  "Actual Rows": 40581,
                  "Actual Loops": 6,
                  "Inner Unique": true,
                  "Hash Cond": "(mi.movie_id = t.id)",
                  "Plans": [
                    {
                      "Node Type": "Seq Scan",
                      "Parent Relationship": "Outer",
                      "Parallel Aware": true,
                      "Relation Name": "movie_info",
                      "Alias": "mi",
                      "Startup Cost": 0.0,
                      "Total Cost": 198952.16,
                      "Plan Rows": 1165150,
                      "Plan Width": 4,
                      "Actual Startup Time": 0.031,
                      "Actual Total Time": 325.737,
                      "Actual Rows": 980827,
                      "Actual Loops": 6,
                      "Filter": "(info_type_id < 7)",
                      "Rows Removed by Filter": 1491793
                    },
                    {
                      "Node Type": "Hash",
                      "Parent Relationship": "Inner",
                      "Parallel Aware": true,
                      "Startup Cost": 45479.1,
                      "Total Cost": 45479.1,
                      "Plan Rows": 56150,
                      "Plan Width": 4,
                      "Actual Startup Time": 92.508,
                      "Actual Total Time": 92.509,
                      "Actual Rows": 21592,
                      "Actual Loops": 6,
                      "Hash Buckets": 262144,
                      "Original Hash Buckets": 262144,
                      "Hash Batches": 1,
                      "Original Hash Batches": 1,
                      "Peak Memory Usage": 7200,
                      "Plans": [
                        {
                          "Node Type": "Seq Scan",
                          "Parent Relationship": "Outer",
                          "Parallel Aware": true,
                          "Relation Name": "title",
                          "Alias": "t",
                          "Startup Cost": 0.0,
                          "Total Cost": 45479.1,
                          "Plan Rows": 56150,
                          "Plan Width": 4,
                          "Actual Startup Time": 0.047,
                          "Actual Total Time": 82.537,
                          "Actual Rows": 21592,
                          "Actual Loops": 6,
                          "Filter": "((production_year < 1971) AND (kind_id = 7))",
                          "Rows Removed by Filter": 399793
                        }
                      ]
                    }
                  ]
                }
              ]
            }
          ]
        }
      ]
    },
    "Planning Time": 0.63,
    "Triggers": [],
    "Execution Time": 593.196
  }
]