[
    {
        "Bao": {
            "Bao prediction": "NaN",
            "Bao recommended hint": "(no hint)"
        }
    },
    {
        "Plan": {
            "Node Type": "Aggregate",
            "Strategy": "Plain",
            "Partial Mode": "Finalize",
            "Parallel Aware": false,
            "Startup Cost": 34448.23,
            "Total Cost": 34448.24,
            "Plan Rows": 1,
            "Plan Width": 8,
            "Actual Startup Time": 20.324,
            "Actual Total Time": 23.742,
            "Actual Rows": 1,
            "Actual Loops": 1,
            "Output": [
                "count(*)"
            ],
            "Plans": [
                {
                    "Node Type": "Gather",
                    "Parent Relationship": "Outer",
                    "Parallel Aware": false,
                    "Startup Cost": 34448.01,
                    "Total Cost": 34448.22,
                    "Plan Rows": 2,
                    "Plan Width": 8,
                    "Actual Startup Time": 20.118,
                    "Actual Total Time": 23.735,
                    "Actual Rows": 3,
                    "Actual Loops": 1,
                    "Output": [
                        "(PARTIAL count(*))"
                    ],
                    "Workers Planned": 2,
                    "Workers Launched": 2,
                    "Single Copy": false,
                    "Plans": [
                        {
                            "Node Type": "Aggregate",
                            "Strategy": "Plain",
                            "Partial Mode": "Partial",
                            "Parent Relationship": "Outer",
                            "Parallel Aware": false,
                            "Startup Cost": 33448.01,
                            "Total Cost": 33448.02,
                            "Plan Rows": 1,
                            "Plan Width": 8,
                            "Actual Startup Time": 12.171,
                            "Actual Total Time": 12.174,
                            "Actual Rows": 1,
                            "Actual Loops": 3,
                            "Output": [
                                "PARTIAL count(*)"
                            ],
                            "Workers": [
                                {
                                    "Worker Number": 0,
                                    "Actual Startup Time": 8.28,
                                    "Actual Total Time": 8.282,
                                    "Actual Rows": 1,
                                    "Actual Loops": 1
                                },
                                {
                                    "Worker Number": 1,
                                    "Actual Startup Time": 8.642,
                                    "Actual Total Time": 8.645,
                                    "Actual Rows": 1,
                                    "Actual Loops": 1
                                }
                            ],
                            "Plans": [
                                {
                                    "Node Type": "Nested Loop",
                                    "Parent Relationship": "Outer",
                                    "Parallel Aware": false,
                                    "Join Type": "Inner",
                                    "Startup Cost": 138.35,
                                    "Total Cost": 33446.0,
                                    "Plan Rows": 804,
                                    "Plan Width": 0,
                                    "Actual Startup Time": 0.693,
                                    "Actual Total Time": 11.97,
                                    "Actual Rows": 1396,
                                    "Actual Loops": 3,
                                    "Inner Unique": true,
                                    "Workers": [
                                        {
                                            "Worker Number": 0,
                                            "Actual Startup Time": 0.406,
                                            "Actual Total Time": 8.21,
                                            "Actual Rows": 196,
                                            "Actual Loops": 1
                                        },
                                        {
                                            "Worker Number": 1,
                                            "Actual Startup Time": 0.335,
                                            "Actual Total Time": 8.565,
                                            "Actual Rows": 222,
                                            "Actual Loops": 1
                                        }
                                    ],
                                    "Plans": [
                                        {
                                            "Node Type": "Bitmap Heap Scan",
                                            "Parent Relationship": "Outer",
                                            "Parallel Aware": true,
                                            "Relation Name": "movie_keyword",
                                            "Schema": "public",
                                            "Alias": "mk",
                                            "Startup Cost": 137.92,
                                            "Total Cost": 14620.1,
                                            "Plan Rows": 2660,
                                            "Plan Width": 4,
                                            "Actual Startup Time": 0.53,
                                            "Actual Total Time": 3.52,
                                            "Actual Rows": 1629,
                                            "Actual Loops": 3,
                                            "Output": [
                                                "mk.id",
                                                "mk.movie_id",
                                                "mk.keyword_id"
                                            ],
                                            "Recheck Cond": "(mk.keyword_id > 129606)",
                                            "Rows Removed by Index Recheck": 0,
                                            "Exact Heap Blocks": 1431,
                                            "Lossy Heap Blocks": 0,
                                            "Workers": [
                                                {
                                                    "Worker Number": 0,
                                                    "Actual Startup Time": 0.153,
                                                    "Actual Total Time": 2.534,
                                                    "Actual Rows": 221,
                                                    "Actual Loops": 1
                                                },
                                                {
                                                    "Worker Number": 1,
                                                    "Actual Startup Time": 0.132,
                                                    "Actual Total Time": 2.651,
                                                    "Actual Rows": 243,
                                                    "Actual Loops": 1
                                                }
                                            ],
                                            "Plans": [
                                                {
                                                    "Node Type": "Bitmap Index Scan",
                                                    "Parent Relationship": "Outer",
                                                    "Parallel Aware": false,
                                                    "Index Name": "keyword_id_movie_keyword",
                                                    "Startup Cost": 0.0,
                                                    "Total Cost": 136.32,
                                                    "Plan Rows": 6385,
                                                    "Plan Width": 0,
                                                    "Actual Startup Time": 0.98,
                                                    "Actual Total Time": 0.981,
                                                    "Actual Rows": 4887,
                                                    "Actual Loops": 1,
                                                    "Index Cond": "(mk.keyword_id > 129606)"
                                                }
                                            ]
                                        },
                                        {
                                            "Node Type": "Index Scan",
                                            "Parent Relationship": "Inner",
                                            "Parallel Aware": false,
                                            "Scan Direction": "Forward",
                                            "Index Name": "title_pkey",
                                            "Relation Name": "title",
                                            "Schema": "public",
                                            "Alias": "t",
                                            "Startup Cost": 0.43,
                                            "Total Cost": 7.08,
                                            "Plan Rows": 1,
                                            "Plan Width": 4,
                                            "Actual Startup Time": 0.005,
                                            "Actual Total Time": 0.005,
                                            "Actual Rows": 1,
                                            "Actual Loops": 4887,
                                            "Output": [
                                                "t.id",
                                                "t.title",
                                                "t.imdb_index",
                                                "t.kind_id",
                                                "t.production_year",
                                                "t.imdb_id",
                                                "t.phonetic_code",
                                                "t.episode_of_id",
                                                "t.season_nr",
                                                "t.episode_nr",
                                                "t.series_years",
                                                "t.md5sum"
                                            ],
                                            "Index Cond": "(t.id = mk.movie_id)",
                                            "Rows Removed by Index Recheck": 0,
                                            "Filter": "(t.kind_id < 3)",
                                            "Rows Removed by Filter": 0,
                                            "Workers": [
                                                {
                                                    "Worker Number": 0,
                                                    "Actual Startup Time": 0.024,
                                                    "Actual Total Time": 0.024,
                                                    "Actual Rows": 1,
                                                    "Actual Loops": 221
                                                },
                                                {
                                                    "Worker Number": 1,
                                                    "Actual Startup Time": 0.023,
                                                    "Actual Total Time": 0.023,
                                                    "Actual Rows": 1,
                                                    "Actual Loops": 243
                                                }
                                            ]
                                        }
                                    ]
                                }
                            ]
                        }
                    ]
                }
            ]
        },
        "Planning Time": 248.605,
        "Triggers": [],
        "Execution Time": 23.868
    }
]