{
  "Plan": {
    "Node Type": "Aggregate",
    "Strategy": "Plain",
    "Partial Mode": "Finalize",
    "Parallel Aware": false,
    "Startup Cost": 141238.84,
    "Total Cost": 141238.85,
    "Plan Rows": 1,
    "Plan Width": 8,
    "Actual Startup Time": 512.886,
    "Actual Total Time": 531.347,
    "Actual Rows": 1,
    "Actual Loops": 1,
    "Plans": [
      {
        "Node Type": "Gather",
        "Parent Relationship": "Outer",
        "Parallel Aware": false,
        "Startup Cost": 141238.73,
        "Total Cost": 141238.84,
        "Plan Rows": 1,
        "Plan Width": 8,
        "Actual Startup Time": 510.675,
        "Actual Total Time": 531.338,
        "Actual Rows": 2,
        "Actual Loops": 1,
        "Workers Planned": 1,
        "Workers Launched": 1,
        "Single Copy": false,
        "Plans": [
          {
            "Node Type": "Aggregate",
            "Strategy": "Plain",
            "Partial Mode": "Partial",
            "Parent Relationship": "Outer",
            "Parallel Aware": false,
            "Startup Cost": 140238.73,
            "Total Cost": 140238.74,
            "Plan Rows": 1,
            "Plan Width": 8,
            "Actual Startup Time": 505.676,
            "Actual Total Time": 505.828,
            "Actual Rows": 1,
            "Actual Loops": 2,
            "Plans": [
              {
                "Node Type": "Hash Join",
                "Parent Relationship": "Outer",
                "Parallel Aware": true,
                "Join Type": "Inner",
                "Startup Cost": 78218.09,
                "Total Cost": 140151.03,
                "Plan Rows": 35079,
                "Plan Width": 0,
                "Actual Startup Time": 279.239,
                "Actual Total Time": 505.056,
                "Actual Rows": 17463,
                "Actual Loops": 2,
                "Inner Unique": false,
                "Hash Cond": "(mk.movie_id = t.id)",
                "Plans": [
                  {
                    "Node Type": "Seq Scan",
                    "Parent Relationship": "Outer",
                    "Parallel Aware": true,
                    "Relation Name": "movie_keyword",
                    "Alias": "mk",
                    "Startup Cost": 0.0,
                    "Total Cost": 57718.19,
                    "Plan Rows": 1068905,
                    "Plan Width": 4,
                    "Actual Startup Time": 0.648,
                    "Actual Total Time": 168.303,
                    "Actual Rows": 911392,
                    "Actual Loops": 2,
                    "Filter": "(keyword_id > 7635)",
                    "Rows Removed by Filter": 1350572
                  },
                  {
                    "Node Type": "Hash",
                    "Parent Relationship": "Inner",
                    "Parallel Aware": true,
                    "Startup Cost": 77607.99,
                    "Total Cost": 77607.99,
                    "Plan Rows": 48808,
                    "Plan Width": 8,
                    "Actual Startup Time": 275.674,
                    "Actual Total Time": 275.825,
                    "Actual Rows": 16444,
                    "Actual Loops": 2,
                    "Hash Buckets": 131072,
                    "Original Hash Buckets": 131072,
                    "Hash Batches": 1,
                    "Original Hash Batches": 1,
                    "Peak Memory Usage": 2336,
                    "Plans": [
                      {
                        "Node Type": "Hash Join",
                        "Parent Relationship": "Outer",
                        "Parallel Aware": true,
                        "Join Type": "Inner",
                        "Startup Cost": 59424.21,
                        "Total Cost": 77607.99,
                        "Plan Rows": 48808,
                        "Plan Width": 8,
                        "Actual Startup Time": 162.142,
                        "Actual Total Time": 272.3,
                        "Actual Rows": 16444,
                        "Actual Loops": 2,
                        "Inner Unique": true,
                        "Hash Cond": "(mi_idx.movie_id = t.id)",
                        "Plans": [
                          {
                            "Node Type": "Seq Scan",
                            "Parent Relationship": "Outer",
                            "Parallel Aware": true,
                            "Relation Name": "movie_info_idx",
                            "Alias": "mi_idx",
                            "Startup Cost": 0.0,
                            "Total Cost": 16052.85,
                            "Plan Rows": 811785,
                            "Plan Width": 4,
                            "Actual Startup Time": 0.023,
                            "Actual Total Time": 46.784,
                            "Actual Rows": 690018,
                            "Actual Loops": 2
                          },
                          {
                            "Node Type": "Hash",
                            "Parent Relationship": "Inner",
                            "Parallel Aware": true,
                            "Startup Cost": 58306.47,
                            "Total Cost": 58306.47,
                            "Plan Rows": 89419,
                            "Plan Width": 4,
                            "Actual Startup Time": 159.705,
                            "Actual Total Time": 159.706,
                            "Actual Rows": 78761,
                            "Actual Loops": 2,
                            "Hash Buckets": 262144,
                            "Original Hash Buckets": 262144,
                            "Hash Batches": 1,
                            "Original Hash Batches": 1,
                            "Peak Memory Usage": 8224,
                            "Plans": [
                              {
                                "Node Type": "Seq Scan",
                                "Parent Relationship": "Outer",
                                "Parallel Aware": true,
                                "Relation Name": "title",
                                "Alias": "t",
                                "Startup Cost": 0.0,
                                "Total Cost": 58306.47,
                                "Plan Rows": 89419,
                                "Plan Width": 4,
                                "Actual Startup Time": 0.028,
                                "Actual Total Time": 139.357,
                                "Actual Rows": 78761,
                                "Actual Loops": 2,
                                "Filter": "((kind_id > 3) AND (production_year > 2011))",
                                "Rows Removed by Filter": 1185395
                              }
                            ]
                          }
                        ]
                      }
                    ]
                  }
                ]
              }
            ]
          }
        ]
      }
    ]
  },
  "Planning Time": 0.923,
  "Triggers": [],
  "Execution Time": 531.432
}