[
  {
    "Plan": {
      "Node Type": "Aggregate",
      "Strategy": "Plain",
      "Partial Mode": "Finalize",
      "Parallel Aware": false,
      "Startup Cost": 97061.81,
      "Total Cost": 97061.82,
      "Plan Rows": 1,
      "Plan Width": 8,
      "Actual Startup Time": 463.154,
      "Actual Total Time": 479.486,
      "Actual Rows": 1,
      "Actual Loops": 1,
      "Plans": [
        {
          "Node Type": "Gather",
          "Parent Relationship": "Outer",
          "Parallel Aware": false,
          "Startup Cost": 97061.5,
          "Total Cost": 97061.81,
          "Plan Rows": 3,
          "Plan Width": 8,
          "Actual Startup Time": 456.894,
          "Actual Total Time": 479.475,
          "Actual Rows": 4,
          "Actual Loops": 1,
          "Workers Planned": 3,
          "Workers Launched": 3,
          "Single Copy": false,
          "Plans": [
            {
              "Node Type": "Aggregate",
              "Strategy": "Plain",
              "Partial Mode": "Partial",
              "Parent Relationship": "Outer",
              "Parallel Aware": false,
              "Startup Cost": 96061.5,
              "Total Cost": 96061.51,
              "Plan Rows": 1,
              "Plan Width": 8,
              "Actual Startup Time": 449.944,
              "Actual Total Time": 449.948,
              "Actual Rows": 1,
              "Actual Loops": 4,
              "Plans": [
                {
                  "Node Type": "Hash Join",
                  "Parent Relationship": "Outer",
                  "Parallel Aware": true,
                  "Join Type": "Inner",
                  "Startup Cost": 50007.14,
                  "Total Cost": 94875.69,
                  "Plan Rows": 474323,
                  "Plan Width": 0,
                  "Actual Startup Time": 250.653,
                  "Actual Total Time": 441.521,
                  "Actual Rows": 204471,
                  "Actual Loops": 4,
                  "Inner Unique": true,
                  "Hash Cond": "(mk.movie_id = t.id)",
                  "Plans": [
                    {
                      "Node Type": "Seq Scan",
                      "Parent Relationship": "Outer",
                      "Parallel Aware": true,
                      "Relation Name": "movie_keyword",
                      "Alias": "mk",
                      "Startup Cost": 0.0,
                      "Total Cost": 42695.65,
                      "Plan Rows": 827771,
                      "Plan Width": 4,
                      "Actual Startup Time": 0.034,
                      "Actual Total Time": 102.057,
                      "Actual Rows": 644156,
                      "Actual Loops": 4,
                      "Filter": "(keyword_id < 6678)",
                      "Rows Removed by Filter": 486826
                    },
                    {
                      "Node Type": "Hash",
                      "Parent Relationship": "Inner",
                      "Parallel Aware": true,
                      "Startup Cost": 45479.59,
                      "Total Cost": 45479.59,
                      "Plan Rows": 362204,
                      "Plan Width": 4,
                      "Actual Startup Time": 246.091,
                      "Actual Total Time": 246.092,
                      "Actual Rows": 390172,
                      "Actual Loops": 4,
                      "Hash Buckets": 2097152,
                      "Original Hash Buckets": 2097152,
                      "Hash Batches": 1,
                      "Original Hash Batches": 1,
                      "Peak Memory Usage": 77504,
                      "Plans": [
                        {
                          "Node Type": "Seq Scan",
                          "Parent Relationship": "Outer",
                          "Parallel Aware": true,
                          "Relation Name": "title",
                          "Alias": "t",
                          "Startup Cost": 0.0,
                          "Total Cost": 45479.59,
                          "Plan Rows": 362204,
                          "Plan Width": 4,
                          "Actual Startup Time": 0.034,
                          "Actual Total Time": 108.443,
                          "Actual Rows": 390172,
                          "Actual Loops": 4,
                          "Filter": "((kind_id > 1) AND (production_year > 1979))",
                          "Rows Removed by Filter": 241906
                        }
                      ]
                    }
                  ]
                }
              ]
            }
          ]
        }
      ]
    },
    "Planning Time": 0.249,
    "Triggers": [],
    "Execution Time": 479.519
  }
]