[
  {
    "Plan": {
      "Node Type": "Aggregate",
      "Strategy": "Plain",
      "Partial Mode": "Finalize",
      "Parallel Aware": false,
      "Startup Cost": 97053.92,
      "Total Cost": 97053.93,
      "Plan Rows": 1,
      "Plan Width": 8,
      "Actual Startup Time": 478.056,
      "Actual Total Time": 492.109,
      "Actual Rows": 1,
      "Actual Loops": 1,
      "Plans": [
        {
          "Node Type": "Gather",
          "Parent Relationship": "Outer",
          "Parallel Aware": false,
          "Startup Cost": 97053.6,
          "Total Cost": 97053.91,
          "Plan Rows": 3,
          "Plan Width": 8,
          "Actual Startup Time": 473.732,
          "Actual Total Time": 492.096,
          "Actual Rows": 4,
          "Actual Loops": 1,
          "Workers Planned": 3,
          "Workers Launched": 3,
          "Single Copy": false,
          "Plans": [
            {
              "Node Type": "Aggregate",
              "Strategy": "Plain",
              "Partial Mode": "Partial",
              "Parent Relationship": "Outer",
              "Parallel Aware": false,
              "Startup Cost": 96053.6,
              "Total Cost": 96053.61,
              "Plan Rows": 1,
              "Plan Width": 8,
              "Actual Startup Time": 461.967,
              "Actual Total Time": 461.974,
              "Actual Rows": 1,
              "Actual Loops": 4,
              "Plans": [
                {
                  "Node Type": "Hash Join",
                  "Parent Relationship": "Outer",
                  "Parallel Aware": true,
                  "Join Type": "Inner",
                  "Startup Cost": 49991.07,
                  "Total Cost": 94867.52,
                  "Plan Rows": 474432,
                  "Plan Width": 0,
                  "Actual Startup Time": 261.468,
                  "Actual Total Time": 453.457,
                  "Actual Rows": 204471,
                  "Actual Loops": 4,
                  "Inner Unique": true,
                  "Hash Cond": "(mk.movie_id = t.id)",
                  "Plans": [
                    {
                      "Node Type": "Seq Scan",
                      "Parent Relationship": "Outer",
                      "Parallel Aware": true,
                      "Relation Name": "movie_keyword",
                      "Alias": "mk",
                      "Startup Cost": 0.0,
                      "Total Cost": 42695.65,
                      "Plan Rows": 830778,
                      "Plan Width": 4,
                      "Actual Startup Time": 0.027,
                      "Actual Total Time": 103.268,
                      "Actual Rows": 644156,
                      "Actual Loops": 4,
                      "Filter": "(keyword_id < 6678)",
                      "Rows Removed by Filter": 486826
                    },
                    {
                      "Node Type": "Hash",
                      "Parent Relationship": "Inner",
                      "Parallel Aware": true,
                      "Startup Cost": 45479.1,
                      "Total Cost": 45479.1,
                      "Plan Rows": 360958,
                      "Plan Width": 4,
                      "Actual Startup Time": 253.771,
                      "Actual Total Time": 253.775,
                      "Actual Rows": 390172,
                      "Actual Loops": 4,
                      "Hash Buckets": 2097152,
                      "Original Hash Buckets": 2097152,
                      "Hash Batches": 1,
                      "Original Hash Batches": 1,
                      "Peak Memory Usage": 77472,
                      "Plans": [
                        {
                          "Node Type": "Seq Scan",
                          "Parent Relationship": "Outer",
                          "Parallel Aware": true,
                          "Relation Name": "title",
                          "Alias": "t",
                          "Startup Cost": 0.0,
                          "Total Cost": 45479.1,
                          "Plan Rows": 360958,
                          "Plan Width": 4,
                          "Actual Startup Time": 0.035,
                          "Actual Total Time": 108.942,
                          "Actual Rows": 390172,
                          "Actual Loops": 4,
                          "Filter": "((kind_id > 1) AND (production_year > 1979))",
                          "Rows Removed by Filter": 241906
                        }
                      ]
                    }
                  ]
                }
              ]
            }
          ]
        }
      ]
    },
    "Planning Time": 0.612,
    "Triggers": [],
    "Execution Time": 492.178
  }
]