[
  {
    "Plan": {
      "Node Type": "Aggregate",
      "Strategy": "Plain",
      "Partial Mode": "Finalize",
      "Parallel Aware": false,
      "Startup Cost": 347264.8,
      "Total Cost": 347264.81,
      "Plan Rows": 1,
      "Plan Width": 8,
      "Actual Startup Time": 643.706,
      "Actual Total Time": 669.946,
      "Actual Rows": 1,
      "Actual Loops": 1,
      "Plans": [
        {
          "Node Type": "Gather",
          "Parent Relationship": "Outer",
          "Parallel Aware": false,
          "Startup Cost": 347264.18,
          "Total Cost": 347264.79,
          "Plan Rows": 6,
          "Plan Width": 8,
          "Actual Startup Time": 643.621,
          "Actual Total Time": 669.939,
          "Actual Rows": 7,
          "Actual Loops": 1,
          "Workers Planned": 6,
          "Workers Launched": 6,
          "Single Copy": false,
          "Plans": [
            {
              "Node Type": "Aggregate",
              "Strategy": "Plain",
              "Partial Mode": "Partial",
              "Parent Relationship": "Outer",
              "Parallel Aware": false,
              "Startup Cost": 346264.18,
              "Total Cost": 346264.19,
              "Plan Rows": 1,
              "Plan Width": 8,
              "Actual Startup Time": 636.265,
              "Actual Total Time": 636.266,
              "Actual Rows": 1,
              "Actual Loops": 7,
              "Plans": [
                {
                  "Node Type": "Seq Scan",
                  "Parent Relationship": "Outer",
                  "Parallel Aware": true,
                  "Relation Name": "cast_info",
                  "Alias": "ci",
                  "Startup Cost": 0.0,
                  "Total Cost": 343318.94,
                  "Plan Rows": 1178095,
                  "Plan Width": 0,
                  "Actual Startup Time": 0.045,
                  "Actual Total Time": 580.426,
                  "Actual Rows": 1205429,
                  "Actual Loops": 7,
                  "Filter": "((person_id < 1038058) AND (role_id < 4))",
                  "Rows Removed by Filter": 3972335
                }
              ]
            }
          ]
        }
      ]
    },
    "Planning Time": 0.084,
    "Triggers": [],
    "Execution Time": 669.974
  }
]