[
  {
    "Plan": {
      "Node Type": "Aggregate",
      "Strategy": "Plain",
      "Partial Mode": "Finalize",
      "Parallel Aware": false,
      "Startup Cost": 347151.64,
      "Total Cost": 347151.65,
      "Plan Rows": 1,
      "Plan Width": 8,
      "Actual Startup Time": 809.519,
      "Actual Total Time": 883.876,
      "Actual Rows": 1,
      "Actual Loops": 1,
      "Plans": [
        {
          "Node Type": "Gather",
          "Parent Relationship": "Outer",
          "Parallel Aware": false,
          "Startup Cost": 347151.02,
          "Total Cost": 347151.63,
          "Plan Rows": 6,
          "Plan Width": 8,
          "Actual Startup Time": 809.357,
          "Actual Total Time": 883.865,
          "Actual Rows": 7,
          "Actual Loops": 1,
          "Workers Planned": 6,
          "Workers Launched": 6,
          "Single Copy": false,
          "Plans": [
            {
              "Node Type": "Aggregate",
              "Strategy": "Plain",
              "Partial Mode": "Partial",
              "Parent Relationship": "Outer",
              "Parallel Aware": false,
              "Startup Cost": 346151.02,
              "Total Cost": 346151.03,
              "Plan Rows": 1,
              "Plan Width": 8,
              "Actual Startup Time": 800.54,
              "Actual Total Time": 800.541,
              "Actual Rows": 1,
              "Actual Loops": 7,
              "Plans": [
                {
                  "Node Type": "Seq Scan",
                  "Parent Relationship": "Outer",
                  "Parallel Aware": true,
                  "Relation Name": "cast_info",
                  "Alias": "ci",
                  "Startup Cost": 0.0,
                  "Total Cost": 343257.03,
                  "Plan Rows": 1157596,
                  "Plan Width": 0,
                  "Actual Startup Time": 0.047,
                  "Actual Total Time": 734.893,
                  "Actual Rows": 1205429,
                  "Actual Loops": 7,
                  "Filter": "((person_id < 1038058) AND (role_id < 4))",
                  "Rows Removed by Filter": 3972335
                }
              ]
            }
          ]
        }
      ]
    },
    "Planning Time": 0.18,
    "Triggers": [],
    "Execution Time": 883.938
  }
]