[
  {
    "Plan": {
      "Node Type": "Aggregate",
      "Strategy": "Plain",
      "Partial Mode": "Finalize",
      "Parallel Aware": false,
      "Startup Cost": 81439.06,
      "Total Cost": 81439.07,
      "Plan Rows": 1,
      "Plan Width": 8,
      "Actual Startup Time": 411.175,
      "Actual Total Time": 426.267,
      "Actual Rows": 1,
      "Actual Loops": 1,
      "Plans": [
        {
          "Node Type": "Gather",
          "Parent Relationship": "Outer",
          "Parallel Aware": false,
          "Startup Cost": 81438.64,
          "Total Cost": 81439.05,
          "Plan Rows": 4,
          "Plan Width": 8,
          "Actual Startup Time": 403.839,
          "Actual Total Time": 426.258,
          "Actual Rows": 5,
          "Actual Loops": 1,
          "Workers Planned": 4,
          "Workers Launched": 4,
          "Single Copy": false,
          "Plans": [
            {
              "Node Type": "Aggregate",
              "Strategy": "Plain",
              "Partial Mode": "Partial",
              "Parent Relationship": "Outer",
              "Parallel Aware": false,
              "Startup Cost": 80438.64,
              "Total Cost": 80438.65,
              "Plan Rows": 1,
              "Plan Width": 8,
              "Actual Startup Time": 394.33,
              "Actual Total Time": 394.333,
              "Actual Rows": 1,
              "Actual Loops": 5,
              "Plans": [
                {
                  "Node Type": "Hash Join",
                  "Parent Relationship": "Outer",
                  "Parallel Aware": true,
                  "Join Type": "Inner",
                  "Startup Cost": 33479.58,
                  "Total Cost": 79792.46,
                  "Plan Rows": 258472,
                  "Plan Width": 0,
                  "Actual Startup Time": 144.828,
                  "Actual Total Time": 385.506,
                  "Actual Rows": 208815,
                  "Actual Loops": 5,
                  "Inner Unique": false,
                  "Hash Cond": "(t.id = mc.movie_id)",
                  "Plans": [
                    {
                      "Node Type": "Seq Scan",
                      "Parent Relationship": "Outer",
                      "Parallel Aware": true,
                      "Relation Name": "title",
                      "Alias": "t",
                      "Startup Cost": 0.0,
                      "Total Cost": 42318.73,
                      "Plan Rows": 632073,
                      "Plan Width": 4,
                      "Actual Startup Time": 0.016,
                      "Actual Total Time": 63.953,
                      "Actual Rows": 505662,
                      "Actual Loops": 5
                    },
                    {
                      "Node Type": "Hash",
                      "Parent Relationship": "Inner",
                      "Parallel Aware": true,
                      "Startup Cost": 29310.68,
                      "Total Cost": 29310.68,
                      "Plan Rows": 333512,
                      "Plan Width": 4,
                      "Actual Startup Time": 140.532,
                      "Actual Total Time": 140.533,
                      "Actual Rows": 208815,
                      "Actual Loops": 5,
                      "Hash Buckets": 1048576,
                      "Original Hash Buckets": 1048576,
                      "Hash Batches": 1,
                      "Original Hash Batches": 1,
                      "Peak Memory Usage": 49152,
                      "Plans": [
                        {
                          "Node Type": "Seq Scan",
                          "Parent Relationship": "Outer",
                          "Parallel Aware": true,
                          "Relation Name": "movie_companies",
                          "Alias": "mc",
                          "Startup Cost": 0.0,
                          "Total Cost": 29310.68,
                          "Plan Rows": 333512,
                          "Plan Width": 4,
                          "Actual Startup Time": 20.547,
                          "Actual Total Time": 73.591,
                          "Actual Rows": 208815,
                          "Actual Loops": 5,
                          "Filter": "(company_id > 15121)",
                          "Rows Removed by Filter": 313010
                        }
                      ]
                    }
                  ]
                }
              ]
            }
          ]
        }
      ]
    },
    "Planning Time": 0.595,
    "Triggers": [],
    "Execution Time": 426.335
  }
]