[
  {
    "Plan": {
      "Node Type": "Aggregate",
      "Strategy": "Plain",
      "Partial Mode": "Finalize",
      "Parallel Aware": false,
      "Startup Cost": 46542.25,
      "Total Cost": 46542.26,
      "Plan Rows": 1,
      "Plan Width": 8,
      "Actual Startup Time": 87.747,
      "Actual Total Time": 98.972,
      "Actual Rows": 1,
      "Actual Loops": 1,
      "Plans": [
        {
          "Node Type": "Gather",
          "Parent Relationship": "Outer",
          "Parallel Aware": false,
          "Startup Cost": 46541.83,
          "Total Cost": 46542.24,
          "Plan Rows": 4,
          "Plan Width": 8,
          "Actual Startup Time": 87.433,
          "Actual Total Time": 98.964,
          "Actual Rows": 5,
          "Actual Loops": 1,
          "Workers Planned": 4,
          "Workers Launched": 4,
          "Single Copy": false,
          "Plans": [
            {
              "Node Type": "Aggregate",
              "Strategy": "Plain",
              "Partial Mode": "Partial",
              "Parent Relationship": "Outer",
              "Parallel Aware": false,
              "Startup Cost": 45541.83,
              "Total Cost": 45541.84,
              "Plan Rows": 1,
              "Plan Width": 8,
              "Actual Startup Time": 80.93,
              "Actual Total Time": 80.931,
              "Actual Rows": 1,
              "Actual Loops": 5,
              "Plans": [
                {
                  "Node Type": "Seq Scan",
                  "Parent Relationship": "Outer",
                  "Parallel Aware": true,
                  "Relation Name": "title",
                  "Alias": "t",
                  "Startup Cost": 0.0,
                  "Total Cost": 45479.1,
                  "Plan Rows": 25092,
                  "Plan Width": 0,
                  "Actual Startup Time": 27.309,
                  "Actual Total Time": 80.909,
                  "Actual Rows": 68,
                  "Actual Loops": 5,
                  "Filter": "((kind_id > 2) AND (production_year < 1942))",
                  "Rows Removed by Filter": 505595
                }
              ]
            }
          ]
        }
      ]
    },
    "Planning Time": 0.188,
    "Triggers": [],
    "Execution Time": 99.032
  }
]