{
  "Plan": {
    "Node Type": "Aggregate",
    "Strategy": "Plain",
    "Partial Mode": "Simple",
    "Parallel Aware": false,
    "Startup Cost": 77998.63,
    "Total Cost": 77998.64,
    "Plan Rows": 1,
    "Plan Width": 64,
    "Actual Startup Time": 280.28,
    "Actual Total Time": 291.66,
    "Actual Rows": 1,
    "Actual Loops": 1,
    "Plans": [
      {
        "Node Type": "Gather",
        "Parent Relationship": "Outer",
        "Parallel Aware": false,
        "Startup Cost": 39639.12,
        "Total Cost": 77998.62,
        "Plan Rows": 1,
        "Plan Width": 33,
        "Actual Startup Time": 280.275,
        "Actual Total Time": 291.654,
        "Actual Rows": 0,
        "Actual Loops": 1,
        "Workers Planned": 1,
        "Workers Launched": 1,
        "Single Copy": false,
        "Plans": [
          {
            "Node Type": "Nested Loop",
            "Parent Relationship": "Outer",
            "Parallel Aware": false,
            "Join Type": "Inner",
            "Startup Cost": 38639.12,
            "Total Cost": 76998.52,
            "Plan Rows": 1,
            "Plan Width": 33,
            "Actual Startup Time": 272.707,
            "Actual Total Time": 272.715,
            "Actual Rows": 0,
            "Actual Loops": 2,
            "Inner Unique": true,
            "Plans": [
              {
                "Node Type": "Nested Loop",
                "Parent Relationship": "Outer",
                "Parallel Aware": false,
                "Join Type": "Inner",
                "Startup Cost": 38638.99,
                "Total Cost": 76998.37,
                "Plan Rows": 1,
                "Plan Width": 37,
                "Actual Startup Time": 272.706,
                "Actual Total Time": 272.713,
                "Actual Rows": 0,
                "Actual Loops": 2,
                "Inner Unique": true,
                "Plans": [
                  {
                    "Node Type": "Nested Loop",
                    "Parent Relationship": "Outer",
                    "Parallel Aware": false,
                    "Join Type": "Inner",
                    "Startup Cost": 38638.56,
                    "Total Cost": 76992.95,
                    "Plan Rows": 1,
                    "Plan Width": 25,
                    "Actual Startup Time": 272.705,
                    "Actual Total Time": 272.712,
                    "Actual Rows": 0,
                    "Actual Loops": 2,
                    "Inner Unique": true,
                    "Plans": [
                      {
                        "Node Type": "Nested Loop",
                        "Parent Relationship": "Outer",
                        "Parallel Aware": false,
                        "Join Type": "Inner",
                        "Startup Cost": 38638.42,
                        "Total Cost": 76992.78,
                        "Plan Rows": 1,
                        "Plan Width": 29,
                        "Actual Startup Time": 272.704,
                        "Actual Total Time": 272.71,
                        "Actual Rows": 0,
                        "Actual Loops": 2,
                        "Inner Unique": false,
                        "Join Filter": "(t.id = ci.movie_id)",
                        "Rows Removed by Join Filter": 0,
                        "Plans": [
                          {
                            "Node Type": "Hash Join",
                            "Parent Relationship": "Outer",
                            "Parallel Aware": true,
                            "Join Type": "Inner",
                            "Startup Cost": 38637.86,
                            "Total Cost": 76840.53,
                            "Plan Rows": 78,
                            "Plan Width": 29,
                            "Actual Startup Time": 156.588,
                            "Actual Total Time": 272.056,
                            "Actual Rows": 8,
                            "Actual Loops": 2,
                            "Inner Unique": true,
                            "Hash Cond": "(mc.company_id = cn.id)",
                            "Plans": [
                              {
                                "Node Type": "Hash Join",
                                "Parent Relationship": "Outer",
                                "Parallel Aware": true,
                                "Join Type": "Inner",
                                "Startup Cost": 33905.2,
                                "Total Cost": 72071.83,
                                "Plan Rows": 13732,
                                "Plan Width": 33,
                                "Actual Startup Time": 61.039,
                                "Actual Total Time": 242.03,
                                "Actual Rows": 23706,
                                "Actual Loops": 2,
                                "Inner Unique": true,
                                "Hash Cond": "(mc.movie_id = t.id)",
                                "Plans": [
                                  {
                                    "Node Type": "Seq Scan",
                                    "Parent Relationship": "Outer",
                                    "Parallel Aware": true,
                                    "Relation Name": "movie_companies",
                                    "Alias": "mc",
                                    "Startup Cost": 0.0,
                                    "Total Cost": 34137.82,
                                    "Plan Rows": 1534782,
                                    "Plan Width": 12,
                                    "Actual Startup Time": 0.013,
                                    "Actual Total Time": 98.122,
                                    "Actual Rows": 1304564,
                                    "Actual Loops": 2
                                  },
                                  {
                                    "Node Type": "Hash",
                                    "Parent Relationship": "Inner",
                                    "Parallel Aware": true,
                                    "Startup Cost": 33738.86,
                                    "Total Cost": 33738.86,
                                    "Plan Rows": 13307,
                                    "Plan Width": 21,
                                    "Actual Startup Time": 25.874,
                                    "Actual Total Time": 25.875,
                                    "Actual Rows": 12254,
                                    "Actual Loops": 2,
                                    "Hash Buckets": 32768,
                                    "Original Hash Buckets": 32768,
                                    "Hash Batches": 1,
                                    "Original Hash Batches": 1,
                                    "Peak Memory Usage": 1888,
                                    "Plans": [
                                      {
                                        "Node Type": "Bitmap Heap Scan",
                                        "Parent Relationship": "Outer",
                                        "Parallel Aware": true,
                                        "Relation Name": "title",
                                        "Alias": "t",
                                        "Startup Cost": 427.75,
                                        "Total Cost": 33738.86,
                                        "Plan Rows": 13307,
                                        "Plan Width": 21,
                                        "Actual Startup Time": 5.342,
                                        "Actual Total Time": 22.407,
                                        "Actual Rows": 12254,
                                        "Actual Loops": 2,
                                        "Recheck Cond": "(production_year < 1910)",
                                        "Rows Removed by Index Recheck": 0,
                                        "Exact Heap Blocks": 8977,
                                        "Lossy Heap Blocks": 0,
                                        "Plans": [
                                          {
                                            "Node Type": "Bitmap Index Scan",
                                            "Parent Relationship": "Outer",
                                            "Parallel Aware": false,
                                            "Index Name": "idx_title_production_year",
                                            "Startup Cost": 0.0,
                                            "Total Cost": 422.09,
                                            "Plan Rows": 22622,
                                            "Plan Width": 0,
                                            "Actual Startup Time": 3.69,
                                            "Actual Total Time": 3.691,
                                            "Actual Rows": 24508,
                                            "Actual Loops": 1,
                                            "Index Cond": "(production_year < 1910)"
                                          }
                                        ]
                                      }
                                    ]
                                  }
                                ]
                              },
                              {
                                "Node Type": "Hash",
                                "Parent Relationship": "Inner",
                                "Parallel Aware": true,
                                "Startup Cost": 4722.92,
                                "Total Cost": 4722.92,
                                "Plan Rows": 779,
                                "Plan Width": 4,
                                "Actual Startup Time": 27.214,
                                "Actual Total Time": 27.214,
                                "Actual Rows": 680,
                                "Actual Loops": 2,
                                "Hash Buckets": 2048,
                                "Original Hash Buckets": 2048,
                                "Hash Batches": 1,
                                "Original Hash Batches": 1,
                                "Peak Memory Usage": 112,
                                "Plans": [
                                  {
                                    "Node Type": "Seq Scan",
                                    "Parent Relationship": "Outer",
                                    "Parallel Aware": true,
                                    "Relation Name": "company_name",
                                    "Alias": "cn",
                                    "Startup Cost": 0.0,
                                    "Total Cost": 4722.92,
                                    "Plan Rows": 779,
                                    "Plan Width": 4,
                                    "Actual Startup Time": 0.219,
                                    "Actual Total Time": 26.707,
                                    "Actual Rows": 680,
                                    "Actual Loops": 2,
                                    "Filter": "((country_code)::text = '[ru]'::text)",
                                    "Rows Removed by Filter": 116818
                                  }
                                ]
                              }
                            ]
                          },
                          {
                            "Node Type": "Index Scan",
                            "Parent Relationship": "Inner",
                            "Parallel Aware": false,
                            "Scan Direction": "Forward",
                            "Index Name": "movie_id_cast_info",
                            "Relation Name": "cast_info",
                            "Alias": "ci",
                            "Startup Cost": 0.56,
                            "Total Cost": 1.94,
                            "Plan Rows": 1,
                            "Plan Width": 12,
                            "Actual Startup Time": 0.074,
                            "Actual Total Time": 0.074,
                            "Actual Rows": 0,
                            "Actual Loops": 17,
                            "Index Cond": "(movie_id = mc.movie_id)",
                            "Rows Removed by Index Recheck": 0,
                            "Filter": "((note ~~ '%(voice)%'::text) AND (note ~~ '%(uncredited)%'::text))",
                            "Rows Removed by Filter": 8
                          }
                        ]
                      },
                      {
                        "Node Type": "Index Scan",
                        "Parent Relationship": "Inner",
                        "Parallel Aware": false,
                        "Scan Direction": "Forward",
                        "Index Name": "role_type_pkey",
                        "Relation Name": "role_type",
                        "Alias": "rt",
                        "Startup Cost": 0.14,
                        "Total Cost": 0.16,
                        "Plan Rows": 1,
                        "Plan Width": 4,
                        "Actual Startup Time": 0.0,
                        "Actual Total Time": 0.0,
                        "Actual Rows": 0,
                        "Actual Loops": 0,
                        "Index Cond": "(id = ci.role_id)",
                        "Rows Removed by Index Recheck": 0,
                        "Filter": "((role)::text = 'actor'::text)",
                        "Rows Removed by Filter": 0
                      }
                    ]
                  },
                  {
                    "Node Type": "Index Scan",
                    "Parent Relationship": "Inner",
                    "Parallel Aware": false,
                    "Scan Direction": "Forward",
                    "Index Name": "char_name_pkey",
                    "Relation Name": "char_name",
                    "Alias": "chn",
                    "Startup Cost": 0.43,
                    "Total Cost": 5.41,
                    "Plan Rows": 1,
                    "Plan Width": 20,
                    "Actual Startup Time": 0.0,
                    "Actual Total Time": 0.0,
                    "Actual Rows": 0,
                    "Actual Loops": 0,
                    "Index Cond": "(id = ci.person_role_id)",
                    "Rows Removed by Index Recheck": 0
                  }
                ]
              },
              {
                "Node Type": "Index Only Scan",
                "Parent Relationship": "Inner",
                "Parallel Aware": false,
                "Scan Direction": "Forward",
                "Index Name": "company_type_pkey",
                "Relation Name": "company_type",
                "Alias": "ct",
                "Startup Cost": 0.13,
                "Total Cost": 0.15,
                "Plan Rows": 1,
                "Plan Width": 4,
                "Actual Startup Time": 0.0,
                "Actual Total Time": 0.0,
                "Actual Rows": 0,
                "Actual Loops": 0,
                "Index Cond": "(id = mc.company_type_id)",
                "Rows Removed by Index Recheck": 0,
                "Heap Fetches": 0
              }
            ]
          }
        ]
      }
    ]
  },
  "Planning Time": 2.362,
  "Triggers": [],
  "Execution Time": 291.811
}