[
  {
    "Plan": {
      "Node Type": "Aggregate",
      "Strategy": "Plain",
      "Partial Mode": "Finalize",
      "Parallel Aware": false,
      "Startup Cost": 587754.14,
      "Total Cost": 587754.15,
      "Plan Rows": 1,
      "Plan Width": 8,
      "Actual Startup Time": 2077.556,
      "Actual Total Time": 2166.185,
      "Actual Rows": 1,
      "Actual Loops": 1,
      "Plans": [
        {
          "Node Type": "Gather",
          "Parent Relationship": "Outer",
          "Parallel Aware": false,
          "Startup Cost": 587753.52,
          "Total Cost": 587754.13,
          "Plan Rows": 6,
          "Plan Width": 8,
          "Actual Startup Time": 2064.208,
          "Actual Total Time": 2166.171,
          "Actual Rows": 7,
          "Actual Loops": 1,
          "Workers Planned": 6,
          "Workers Launched": 6,
          "Single Copy": false,
          "Plans": [
            {
              "Node Type": "Aggregate",
              "Strategy": "Plain",
              "Partial Mode": "Partial",
              "Parent Relationship": "Outer",
              "Parallel Aware": false,
              "Startup Cost": 586753.52,
              "Total Cost": 586753.53,
              "Plan Rows": 1,
              "Plan Width": 8,
              "Actual Startup Time": 2050.134,
              "Actual Total Time": 2050.618,
              "Actual Rows": 1,
              "Actual Loops": 7,
              "Plans": [
                {
                  "Node Type": "Hash Join",
                  "Parent Relationship": "Outer",
                  "Parallel Aware": true,
                  "Join Type": "Inner",
                  "Startup Cost": 249770.68,
                  "Total Cost": 585101.88,
                  "Plan Rows": 660655,
                  "Plan Width": 0,
                  "Actual Startup Time": 767.012,
                  "Actual Total Time": 1977.965,
                  "Actual Rows": 1646503,
                  "Actual Loops": 7,
                  "Inner Unique": false,
                  "Hash Cond": "(ci.movie_id = t.id)",
                  "Plans": [
                    {
                      "Node Type": "Seq Scan",
                      "Parent Relationship": "Outer",
                      "Parallel Aware": true,
                      "Relation Name": "cast_info",
                      "Alias": "ci",
                      "Startup Cost": 0.0,
                      "Total Cost": 328162.03,
                      "Plan Rows": 1559430,
                      "Plan Width": 4,
                      "Actual Startup Time": 0.018,
                      "Actual Total Time": 556.048,
                      "Actual Rows": 1350828,
                      "Actual Loops": 7,
                      "Filter": "(person_id < 930876)",
                      "Rows Removed by Filter": 3826936
                    },
                    {
                      "Node Type": "Hash",
                      "Parent Relationship": "Inner",
                      "Parallel Aware": true,
                      "Startup Cost": 247092.9,
                      "Total Cost": 247092.9,
                      "Plan Rows": 214223,
                      "Plan Width": 8,
                      "Actual Startup Time": 762.139,
                      "Actual Total Time": 762.622,
                      "Actual Rows": 346598,
                      "Actual Loops": 7,
                      "Hash Buckets": 4194304,
                      "Original Hash Buckets": 2097152,
                      "Hash Batches": 1,
                      "Original Hash Batches": 1,
                      "Peak Memory Usage": 144192,
                      "Plans": [
                        {
                          "Node Type": "Hash Join",
                          "Parent Relationship": "Outer",
                          "Parallel Aware": true,
                          "Join Type": "Inner",
                          "Startup Cost": 46254.97,
                          "Total Cost": 247092.9,
                          "Plan Rows": 214223,
                          "Plan Width": 8,
                          "Actual Startup Time": 156.225,
                          "Actual Total Time": 570.348,
                          "Actual Rows": 346598,
                          "Actual Loops": 7,
                          "Inner Unique": true,
                          "Hash Cond": "(mi.movie_id = t.id)",
                          "Plans": [
                            {
                              "Node Type": "Seq Scan",
                              "Parent Relationship": "Outer",
                              "Parallel Aware": true,
                              "Relation Name": "movie_info",
                              "Alias": "mi",
                              "Startup Cost": 0.0,
                              "Total Cost": 198952.16,
                              "Plan Rows": 718388,
                              "Plan Width": 4,
                              "Actual Startup Time": 27.145,
                              "Actual Total Time": 286.938,
                              "Actual Rows": 517854,
                              "Actual Loops": 7,
                              "Filter": "(info_type_id < 4)",
                              "Rows Removed by Filter": 1601535
                            },
                            {
                              "Node Type": "Hash",
                              "Parent Relationship": "Inner",
                              "Parallel Aware": true,
                              "Startup Cost": 43898.92,
                              "Total Cost": 43898.92,
                              "Plan Rows": 188484,
                              "Plan Width": 4,
                              "Actual Startup Time": 127.813,
                              "Actual Total Time": 127.815,
                              "Actual Rows": 107668,
                              "Actual Loops": 7,
                              "Hash Buckets": 1048576,
                              "Original Hash Buckets": 1048576,
                              "Hash Batches": 1,
                              "Original Hash Batches": 1,
                              "Peak Memory Usage": 37792,
                              "Plans": [
                                {
                                  "Node Type": "Seq Scan",
                                  "Parent Relationship": "Outer",
                                  "Parallel Aware": true,
                                  "Relation Name": "title",
                                  "Alias": "t",
                                  "Startup Cost": 0.0,
                                  "Total Cost": 43898.92,
                                  "Plan Rows": 188484,
                                  "Plan Width": 4,
                                  "Actual Startup Time": 0.06,
                                  "Actual Total Time": 76.937,
                                  "Actual Rows": 107668,
                                  "Actual Loops": 7,
                                  "Filter": "(kind_id < 3)",
                                  "Rows Removed by Filter": 253519
                                }
                              ]
                            }
                          ]
                        }
                      ]
                    }
                  ]
                }
              ]
            }
          ]
        }
      ]
    },
    "Planning Time": 1.29,
    "Triggers": [],
    "Execution Time": 2166.285
  }
]