[
    {
        "Bao": {
            "Bao prediction": "NaN",
            "Bao recommended hint": "(no hint)"
        }
    },
    {
        "Plan": {
            "Node Type": "Aggregate",
            "Strategy": "Plain",
            "Partial Mode": "Finalize",
            "Parallel Aware": false,
            "Startup Cost": 353552.45,
            "Total Cost": 353552.46,
            "Plan Rows": 1,
            "Plan Width": 8,
            "Actual Startup Time": 769.461,
            "Actual Total Time": 794.4,
            "Actual Rows": 1,
            "Actual Loops": 1,
            "Output": [
                "count(*)"
            ],
            "Plans": [
                {
                    "Node Type": "Gather",
                    "Parent Relationship": "Outer",
                    "Parallel Aware": false,
                    "Startup Cost": 353551.82,
                    "Total Cost": 353552.43,
                    "Plan Rows": 6,
                    "Plan Width": 8,
                    "Actual Startup Time": 769.366,
                    "Actual Total Time": 794.391,
                    "Actual Rows": 7,
                    "Actual Loops": 1,
                    "Output": [
                        "(PARTIAL count(*))"
                    ],
                    "Workers Planned": 6,
                    "Workers Launched": 6,
                    "Single Copy": false,
                    "Plans": [
                        {
                            "Node Type": "Aggregate",
                            "Strategy": "Plain",
                            "Partial Mode": "Partial",
                            "Parent Relationship": "Outer",
                            "Parallel Aware": false,
                            "Startup Cost": 352551.82,
                            "Total Cost": 352551.83,
                            "Plan Rows": 1,
                            "Plan Width": 8,
                            "Actual Startup Time": 759.211,
                            "Actual Total Time": 759.212,
                            "Actual Rows": 1,
                            "Actual Loops": 7,
                            "Output": [
                                "PARTIAL count(*)"
                            ],
                            "Workers": [
                                {
                                    "Worker Number": 0,
                                    "Actual Startup Time": 757.282,
                                    "Actual Total Time": 757.283,
                                    "Actual Rows": 1,
                                    "Actual Loops": 1
                                },
                                {
                                    "Worker Number": 1,
                                    "Actual Startup Time": 757.315,
                                    "Actual Total Time": 757.316,
                                    "Actual Rows": 1,
                                    "Actual Loops": 1
                                },
                                {
                                    "Worker Number": 2,
                                    "Actual Startup Time": 757.466,
                                    "Actual Total Time": 757.467,
                                    "Actual Rows": 1,
                                    "Actual Loops": 1
                                },
                                {
                                    "Worker Number": 3,
                                    "Actual Startup Time": 757.766,
                                    "Actual Total Time": 757.767,
                                    "Actual Rows": 1,
                                    "Actual Loops": 1
                                },
                                {
                                    "Worker Number": 4,
                                    "Actual Startup Time": 757.682,
                                    "Actual Total Time": 757.683,
                                    "Actual Rows": 1,
                                    "Actual Loops": 1
                                },
                                {
                                    "Worker Number": 5,
                                    "Actual Startup Time": 758.076,
                                    "Actual Total Time": 758.078,
                                    "Actual Rows": 1,
                                    "Actual Loops": 1
                                }
                            ],
                            "Plans": [
                                {
                                    "Node Type": "Seq Scan",
                                    "Parent Relationship": "Outer",
                                    "Parallel Aware": true,
                                    "Relation Name": "cast_info",
                                    "Schema": "public",
                                    "Alias": "ci",
                                    "Startup Cost": 0.0,
                                    "Total Cost": 343318.94,
                                    "Plan Rows": 3693153,
                                    "Plan Width": 0,
                                    "Actual Startup Time": 207.35,
                                    "Actual Total Time": 633.692,
                                    "Actual Rows": 3059409,
                                    "Actual Loops": 7,
                                    "Output": [
                                        "id",
                                        "person_id",
                                        "movie_id",
                                        "person_role_id",
                                        "note",
                                        "nr_order",
                                        "role_id"
                                    ],
                                    "Filter": "((ci.person_id < 3640877) AND (ci.role_id > 1))",
                                    "Rows Removed by Filter": 2118355,
                                    "Workers": [
                                        {
                                            "Worker Number": 0,
                                            "Actual Startup Time": 205.415,
                                            "Actual Total Time": 633.798,
                                            "Actual Rows": 2998068,
                                            "Actual Loops": 1
                                        },
                                        {
                                            "Worker Number": 1,
                                            "Actual Startup Time": 205.462,
                                            "Actual Total Time": 633.826,
                                            "Actual Rows": 2995882,
                                            "Actual Loops": 1
                                        },
                                        {
                                            "Worker Number": 2,
                                            "Actual Startup Time": 205.597,
                                            "Actual Total Time": 636.382,
                                            "Actual Rows": 2936247,
                                            "Actual Loops": 1
                                        },
                                        {
                                            "Worker Number": 3,
                                            "Actual Startup Time": 205.898,
                                            "Actual Total Time": 634.85,
                                            "Actual Rows": 2983001,
                                            "Actual Loops": 1
                                        },
                                        {
                                            "Worker Number": 4,
                                            "Actual Startup Time": 205.825,
                                            "Actual Total Time": 636.2,
                                            "Actual Rows": 2947125,
                                            "Actual Loops": 1
                                        },
                                        {
                                            "Worker Number": 5,
                                            "Actual Startup Time": 206.231,
                                            "Actual Total Time": 636.529,
                                            "Actual Rows": 2947973,
                                            "Actual Loops": 1
                                        }
                                    ]
                                }
                            ]
                        }
                    ]
                }
            ]
        },
        "Planning Time": 216.887,
        "Triggers": [],
        "Execution Time": 794.462
    }
]