[
  {
    "Plan": {
      "Node Type": "Aggregate",
      "Strategy": "Plain",
      "Partial Mode": "Finalize",
      "Parallel Aware": false,
      "Startup Cost": 606260.31,
      "Total Cost": 606260.32,
      "Plan Rows": 1,
      "Plan Width": 8,
      "Actual Startup Time": 1439.448,
      "Actual Total Time": 1512.412,
      "Actual Rows": 1,
      "Actual Loops": 1,
      "Plans": [
        {
          "Node Type": "Gather",
          "Parent Relationship": "Outer",
          "Parallel Aware": false,
          "Startup Cost": 606259.68,
          "Total Cost": 606260.29,
          "Plan Rows": 6,
          "Plan Width": 8,
          "Actual Startup Time": 1419.681,
          "Actual Total Time": 1512.386,
          "Actual Rows": 7,
          "Actual Loops": 1,
          "Workers Planned": 6,
          "Workers Launched": 6,
          "Single Copy": false,
          "Plans": [
            {
              "Node Type": "Aggregate",
              "Strategy": "Plain",
              "Partial Mode": "Partial",
              "Parent Relationship": "Outer",
              "Parallel Aware": false,
              "Startup Cost": 605259.68,
              "Total Cost": 605259.69,
              "Plan Rows": 1,
              "Plan Width": 8,
              "Actual Startup Time": 1407.643,
              "Actual Total Time": 1407.649,
              "Actual Rows": 1,
              "Actual Loops": 7,
              "Plans": [
                {
                  "Node Type": "Hash Join",
                  "Parent Relationship": "Outer",
                  "Parallel Aware": true,
                  "Join Type": "Inner",
                  "Startup Cost": 246395.48,
                  "Total Cost": 602775.15,
                  "Plan Rows": 993812,
                  "Plan Width": 0,
                  "Actual Startup Time": 576.359,
                  "Actual Total Time": 1405.595,
                  "Actual Rows": 25522,
                  "Actual Loops": 7,
                  "Inner Unique": false,
                  "Hash Cond": "(ci.movie_id = t.id)",
                  "Plans": [
                    {
                      "Node Type": "Seq Scan",
                      "Parent Relationship": "Outer",
                      "Parallel Aware": true,
                      "Relation Name": "cast_info",
                      "Alias": "ci",
                      "Startup Cost": 0.0,
                      "Total Cost": 343257.03,
                      "Plan Rows": 2969336,
                      "Plan Width": 4,
                      "Actual Startup Time": 220.377,
                      "Actual Total Time": 738.895,
                      "Actual Rows": 2998091,
                      "Actual Loops": 7,
                      "Filter": "((person_id > 905056) AND (role_id > 1))",
                      "Rows Removed by Filter": 2179672
                    },
                    {
                      "Node Type": "Hash",
                      "Parent Relationship": "Inner",
                      "Parallel Aware": true,
                      "Startup Cost": 244279.98,
                      "Total Cost": 244279.98,
                      "Plan Rows": 169240,
                      "Plan Width": 8,
                      "Actual Startup Time": 352.831,
                      "Actual Total Time": 352.835,
                      "Actual Rows": 1996,
                      "Actual Loops": 7,
                      "Hash Buckets": 1048576,
                      "Original Hash Buckets": 1048576,
                      "Hash Batches": 1,
                      "Original Hash Batches": 1,
                      "Peak Memory Usage": 8864,
                      "Plans": [
                        {
                          "Node Type": "Hash Join",
                          "Parent Relationship": "Outer",
                          "Parallel Aware": true,
                          "Join Type": "Inner",
                          "Startup Cost": 77643.5,
                          "Total Cost": 244279.98,
                          "Plan Rows": 169240,
                          "Plan Width": 8,
                          "Actual Startup Time": 241.937,
                          "Actual Total Time": 344.382,
                          "Actual Rows": 1996,
                          "Actual Loops": 7,
                          "Inner Unique": true,
                          "Hash Cond": "(mi.movie_id = t.id)",
                          "Plans": [
                            {
                              "Node Type": "Bitmap Heap Scan",
                              "Parent Relationship": "Outer",
                              "Parallel Aware": true,
                              "Relation Name": "movie_info",
                              "Alias": "mi",
                              "Startup Cost": 27808.97,
                              "Total Cost": 193639.56,
                              "Plan Rows": 307007,
                              "Plan Width": 4,
                              "Actual Startup Time": 53.938,
                              "Actual Total Time": 94.123,
                              "Actual Rows": 219130,
                              "Actual Loops": 7,
                              "Recheck Cond": "(info_type_id = 3)",
                              "Rows Removed by Index Recheck": 0,
                              "Exact Heap Blocks": 1655,
                              "Lossy Heap Blocks": 0,
                              "Plans": [
                                {
                                  "Node Type": "Bitmap Index Scan",
                                  "Parent Relationship": "Outer",
                                  "Parallel Aware": false,
                                  "Index Name": "info_type_id_movie_info",
                                  "Startup Cost": 0.0,
                                  "Total Cost": 27425.21,
                                  "Plan Rows": 1535037,
                                  "Plan Width": 0,
                                  "Actual Startup Time": 52.191,
                                  "Actual Total Time": 52.192,
                                  "Actual Rows": 1533909,
                                  "Actual Loops": 1,
                                  "Index Cond": "(info_type_id = 3)"
                                }
                              ]
                            },
                            {
                              "Node Type": "Hash",
                              "Parent Relationship": "Inner",
                              "Parallel Aware": true,
                              "Startup Cost": 45479.1,
                              "Total Cost": 45479.1,
                              "Plan Rows": 348434,
                              "Plan Width": 4,
                              "Actual Startup Time": 184.983,
                              "Actual Total Time": 184.984,
                              "Actual Rows": 210632,
                              "Actual Loops": 7,
                              "Hash Buckets": 2097152,
                              "Original Hash Buckets": 2097152,
                              "Hash Batches": 1,
                              "Original Hash Batches": 1,
                              "Peak Memory Usage": 74208,
                              "Plans": [
                                {
                                  "Node Type": "Seq Scan",
                                  "Parent Relationship": "Outer",
                                  "Parallel Aware": true,
                                  "Relation Name": "title",
                                  "Alias": "t",
                                  "Startup Cost": 0.0,
                                  "Total Cost": 45479.1,
                                  "Plan Rows": 348434,
                                  "Plan Width": 4,
                                  "Actual Startup Time": 0.044,
                                  "Actual Total Time": 83.0,
                                  "Actual Rows": 210632,
                                  "Actual Loops": 7,
                                  "Filter": "((production_year > 1950) AND (kind_id = 7))",
                                  "Rows Removed by Filter": 150555
                                }
                              ]
                            }
                          ]
                        }
                      ]
                    }
                  ]
                }
              ]
            }
          ]
        }
      ]
    },
    "Planning Time": 1.387,
    "Triggers": [],
    "Execution Time": 1512.54
  }
]