[
  {
    "Plan": {
      "Node Type": "Aggregate",
      "Strategy": "Plain",
      "Partial Mode": "Finalize",
      "Parallel Aware": false,
      "Startup Cost": 99108.77,
      "Total Cost": 99108.78,
      "Plan Rows": 1,
      "Plan Width": 8,
      "Actual Startup Time": 896.086,
      "Actual Total Time": 935.058,
      "Actual Rows": 1,
      "Actual Loops": 1,
      "Plans": [
        {
          "Node Type": "Gather",
          "Parent Relationship": "Outer",
          "Parallel Aware": false,
          "Startup Cost": 99108.45,
          "Total Cost": 99108.76,
          "Plan Rows": 3,
          "Plan Width": 8,
          "Actual Startup Time": 891.596,
          "Actual Total Time": 935.049,
          "Actual Rows": 4,
          "Actual Loops": 1,
          "Workers Planned": 3,
          "Workers Launched": 3,
          "Single Copy": false,
          "Plans": [
            {
              "Node Type": "Aggregate",
              "Strategy": "Plain",
              "Partial Mode": "Partial",
              "Parent Relationship": "Outer",
              "Parallel Aware": false,
              "Startup Cost": 98108.45,
              "Total Cost": 98108.46,
              "Plan Rows": 1,
              "Plan Width": 8,
              "Actual Startup Time": 882.032,
              "Actual Total Time": 882.036,
              "Actual Rows": 1,
              "Actual Loops": 4,
              "Plans": [
                {
                  "Node Type": "Nested Loop",
                  "Parent Relationship": "Outer",
                  "Parallel Aware": false,
                  "Join Type": "Inner",
                  "Startup Cost": 48666.63,
                  "Total Cost": 97963.23,
                  "Plan Rows": 58088,
                  "Plan Width": 0,
                  "Actual Startup Time": 206.626,
                  "Actual Total Time": 819.647,
                  "Actual Rows": 1395885,
                  "Actual Loops": 4,
                  "Inner Unique": false,
                  "Plans": [
                    {
                      "Node Type": "Hash Join",
                      "Parent Relationship": "Outer",
                      "Parallel Aware": true,
                      "Join Type": "Inner",
                      "Startup Cost": 48666.2,
                      "Total Cost": 73503.37,
                      "Plan Rows": 9934,
                      "Plan Width": 8,
                      "Actual Startup Time": 206.491,
                      "Actual Total Time": 239.747,
                      "Actual Rows": 19406,
                      "Actual Loops": 4,
                      "Inner Unique": true,
                      "Hash Cond": "(mk.movie_id = t.id)",
                      "Plans": [
                        {
                          "Node Type": "Bitmap Heap Scan",
                          "Parent Relationship": "Outer",
                          "Parallel Aware": true,
                          "Relation Name": "movie_keyword",
                          "Alias": "mk",
                          "Startup Cost": 1669.07,
                          "Total Cost": 26439.74,
                          "Plan Rows": 25334,
                          "Plan Width": 4,
                          "Actual Startup Time": 7.84,
                          "Actual Total Time": 28.653,
                          "Actual Rows": 19406,
                          "Actual Loops": 4,
                          "Recheck Cond": "(keyword_id > 88546)",
                          "Rows Removed by Index Recheck": 0,
                          "Exact Heap Blocks": 5099,
                          "Lossy Heap Blocks": 0,
                          "Plans": [
                            {
                              "Node Type": "Bitmap Index Scan",
                              "Parent Relationship": "Outer",
                              "Parallel Aware": false,
                              "Index Name": "keyword_id_movie_keyword",
                              "Startup Cost": 0.0,
                              "Total Cost": 1649.44,
                              "Plan Rows": 78534,
                              "Plan Width": 0,
                              "Actual Startup Time": 5.415,
                              "Actual Total Time": 5.416,
                              "Actual Rows": 77622,
                              "Actual Loops": 1,
                              "Index Cond": "(keyword_id > 88546)"
                            }
                          ]
                        },
                        {
                          "Node Type": "Hash",
                          "Parent Relationship": "Inner",
                          "Parallel Aware": true,
                          "Startup Cost": 43898.92,
                          "Total Cost": 43898.92,
                          "Plan Rows": 247857,
                          "Plan Width": 4,
                          "Actual Startup Time": 193.588,
                          "Actual Total Time": 193.589,
                          "Actual Rows": 246262,
                          "Actual Loops": 4,
                          "Hash Buckets": 1048576,
                          "Original Hash Buckets": 1048576,
                          "Hash Batches": 1,
                          "Original Hash Batches": 1,
                          "Peak Memory Usage": 46816,
                          "Plans": [
                            {
                              "Node Type": "Seq Scan",
                              "Parent Relationship": "Outer",
                              "Parallel Aware": true,
                              "Relation Name": "title",
                              "Alias": "t",
                              "Startup Cost": 0.0,
                              "Total Cost": 43898.92,
                              "Plan Rows": 247857,
                              "Plan Width": 4,
                              "Actual Startup Time": 0.04,
                              "Actual Total Time": 105.267,
                              "Actual Rows": 246262,
                              "Actual Loops": 4,
                              "Filter": "(kind_id < 7)",
                              "Rows Removed by Filter": 385816
                            }
                          ]
                        }
                      ]
                    },
                    {
                      "Node Type": "Index Only Scan",
                      "Parent Relationship": "Inner",
                      "Parallel Aware": false,
                      "Scan Direction": "Forward",
                      "Index Name": "movie_id_movie_info",
                      "Relation Name": "movie_info",
                      "Alias": "mi",
                      "Startup Cost": 0.43,
                      "Total Cost": 2.04,
                      "Plan Rows": 42,
                      "Plan Width": 4,
                      "Actual Startup Time": 0.005,
                      "Actual Total Time": 0.024,
                      "Actual Rows": 72,
                      "Actual Loops": 77622,
                      "Index Cond": "(movie_id = t.id)",
                      "Rows Removed by Index Recheck": 0,
                      "Heap Fetches": 5583540
                    }
                  ]
                }
              ]
            }
          ]
        }
      ]
    },
    "Planning Time": 1.417,
    "Triggers": [],
    "Execution Time": 935.176
  }
]