{
  "Plan": {
    "Node Type": "Aggregate",
    "Strategy": "Plain",
    "Partial Mode": "Finalize",
    "Parallel Aware": false,
    "Startup Cost": 134106.59,
    "Total Cost": 134106.6,
    "Plan Rows": 1,
    "Plan Width": 8,
    "Actual Startup Time": 765.727,
    "Actual Total Time": 779.432,
    "Actual Rows": 1,
    "Actual Loops": 1,
    "Plans": [
      {
        "Node Type": "Gather",
        "Parent Relationship": "Outer",
        "Parallel Aware": false,
        "Startup Cost": 134106.48,
        "Total Cost": 134106.59,
        "Plan Rows": 1,
        "Plan Width": 8,
        "Actual Startup Time": 763.493,
        "Actual Total Time": 779.424,
        "Actual Rows": 2,
        "Actual Loops": 1,
        "Workers Planned": 1,
        "Workers Launched": 1,
        "Single Copy": false,
        "Plans": [
          {
            "Node Type": "Aggregate",
            "Strategy": "Plain",
            "Partial Mode": "Partial",
            "Parent Relationship": "Outer",
            "Parallel Aware": false,
            "Startup Cost": 133106.48,
            "Total Cost": 133106.49,
            "Plan Rows": 1,
            "Plan Width": 8,
            "Actual Startup Time": 755.153,
            "Actual Total Time": 755.157,
            "Actual Rows": 1,
            "Actual Loops": 2,
            "Plans": [
              {
                "Node Type": "Hash Join",
                "Parent Relationship": "Outer",
                "Parallel Aware": true,
                "Join Type": "Inner",
                "Startup Cost": 69293.84,
                "Total Cost": 130911.53,
                "Plan Rows": 877978,
                "Plan Width": 0,
                "Actual Startup Time": 417.107,
                "Actual Total Time": 747.962,
                "Actual Rows": 185743,
                "Actual Loops": 2,
                "Inner Unique": true,
                "Hash Cond": "(mk.movie_id = t.id)",
                "Plans": [
                  {
                    "Node Type": "Seq Scan",
                    "Parent Relationship": "Outer",
                    "Parallel Aware": true,
                    "Relation Name": "movie_keyword",
                    "Alias": "mk",
                    "Startup Cost": 0.0,
                    "Total Cost": 57718.19,
                    "Plan Rows": 1485519,
                    "Plan Width": 4,
                    "Actual Startup Time": 0.407,
                    "Actual Total Time": 187.928,
                    "Actual Rows": 1258310,
                    "Actual Loops": 2,
                    "Filter": "(keyword_id > 3573)",
                    "Rows Removed by Filter": 1003656
                  },
                  {
                    "Node Type": "Hash",
                    "Parent Relationship": "Inner",
                    "Parallel Aware": true,
                    "Startup Cost": 58306.47,
                    "Total Cost": 58306.47,
                    "Plan Rows": 878990,
                    "Plan Width": 4,
                    "Actual Startup Time": 401.71,
                    "Actual Total Time": 401.711,
                    "Actual Rows": 739220,
                    "Actual Loops": 2,
                    "Hash Buckets": 2097152,
                    "Original Hash Buckets": 2097152,
                    "Hash Batches": 1,
                    "Original Hash Batches": 1,
                    "Peak Memory Usage": 74272,
                    "Plans": [
                      {
                        "Node Type": "Seq Scan",
                        "Parent Relationship": "Outer",
                        "Parallel Aware": true,
                        "Relation Name": "title",
                        "Alias": "t",
                        "Startup Cost": 0.0,
                        "Total Cost": 58306.47,
                        "Plan Rows": 878990,
                        "Plan Width": 4,
                        "Actual Startup Time": 0.034,
                        "Actual Total Time": 173.957,
                        "Actual Rows": 739220,
                        "Actual Loops": 2,
                        "Filter": "((production_year > 0) AND (kind_id = 7))",
                        "Rows Removed by Filter": 524936
                      }
                    ]
                  }
                ]
              }
            ]
          }
        ]
      }
    ]
  },
  "Planning Time": 0.758,
  "Triggers": [],
  "Execution Time": 779.502
}