[
  {
    "Plan": {
      "Node Type": "Aggregate",
      "Strategy": "Plain",
      "Partial Mode": "Finalize",
      "Parallel Aware": false,
      "Startup Cost": 32646.32,
      "Total Cost": 32646.33,
      "Plan Rows": 1,
      "Plan Width": 8,
      "Actual Startup Time": 80.051,
      "Actual Total Time": 88.298,
      "Actual Rows": 1,
      "Actual Loops": 1,
      "Plans": [
        {
          "Node Type": "Gather",
          "Parent Relationship": "Outer",
          "Parallel Aware": false,
          "Startup Cost": 32646.01,
          "Total Cost": 32646.32,
          "Plan Rows": 3,
          "Plan Width": 8,
          "Actual Startup Time": 79.935,
          "Actual Total Time": 88.29,
          "Actual Rows": 4,
          "Actual Loops": 1,
          "Workers Planned": 3,
          "Workers Launched": 3,
          "Single Copy": false,
          "Plans": [
            {
              "Node Type": "Aggregate",
              "Strategy": "Plain",
              "Partial Mode": "Partial",
              "Parent Relationship": "Outer",
              "Parallel Aware": false,
              "Startup Cost": 31646.01,
              "Total Cost": 31646.02,
              "Plan Rows": 1,
              "Plan Width": 8,
              "Actual Startup Time": 75.354,
              "Actual Total Time": 75.355,
              "Actual Rows": 1,
              "Actual Loops": 4,
              "Plans": [
                {
                  "Node Type": "Seq Scan",
                  "Parent Relationship": "Outer",
                  "Parallel Aware": true,
                  "Relation Name": "movie_companies",
                  "Alias": "mc",
                  "Startup Cost": 0.0,
                  "Total Cost": 31414.82,
                  "Plan Rows": 92475,
                  "Plan Width": 0,
                  "Actual Startup Time": 38.512,
                  "Actual Total Time": 69.517,
                  "Actual Rows": 139159,
                  "Actual Loops": 4,
                  "Filter": "((company_id > 71722) AND (company_type_id = 2))",
                  "Rows Removed by Filter": 513123
                }
              ]
            }
          ]
        }
      ]
    },
    "Planning Time": 0.227,
    "Triggers": [],
    "Execution Time": 88.354
  }
]