[
  {
    "Plan": {
      "Node Type": "Aggregate",
      "Strategy": "Plain",
      "Partial Mode": "Finalize",
      "Parallel Aware": false,
      "Startup Cost": 32637.6,
      "Total Cost": 32637.61,
      "Plan Rows": 1,
      "Plan Width": 8,
      "Actual Startup Time": 93.746,
      "Actual Total Time": 102.225,
      "Actual Rows": 1,
      "Actual Loops": 1,
      "Plans": [
        {
          "Node Type": "Gather",
          "Parent Relationship": "Outer",
          "Parallel Aware": false,
          "Startup Cost": 32637.28,
          "Total Cost": 32637.59,
          "Plan Rows": 3,
          "Plan Width": 8,
          "Actual Startup Time": 93.661,
          "Actual Total Time": 102.216,
          "Actual Rows": 4,
          "Actual Loops": 1,
          "Workers Planned": 3,
          "Workers Launched": 3,
          "Single Copy": false,
          "Plans": [
            {
              "Node Type": "Aggregate",
              "Strategy": "Plain",
              "Partial Mode": "Partial",
              "Parent Relationship": "Outer",
              "Parallel Aware": false,
              "Startup Cost": 31637.28,
              "Total Cost": 31637.29,
              "Plan Rows": 1,
              "Plan Width": 8,
              "Actual Startup Time": 87.639,
              "Actual Total Time": 87.64,
              "Actual Rows": 1,
              "Actual Loops": 4,
              "Plans": [
                {
                  "Node Type": "Seq Scan",
                  "Parent Relationship": "Outer",
                  "Parallel Aware": true,
                  "Relation Name": "movie_companies",
                  "Alias": "mc",
                  "Startup Cost": 0.0,
                  "Total Cost": 31414.82,
                  "Plan Rows": 88985,
                  "Plan Width": 0,
                  "Actual Startup Time": 46.737,
                  "Actual Total Time": 81.247,
                  "Actual Rows": 139159,
                  "Actual Loops": 4,
                  "Filter": "((company_id > 71722) AND (company_type_id = 2))",
                  "Rows Removed by Filter": 513123
                }
              ]
            }
          ]
        }
      ]
    },
    "Planning Time": 0.206,
    "Triggers": [],
    "Execution Time": 102.285
  }
]