{
    "Plan": {
        "Node Type": "Aggregate",
        "Strategy": "Plain",
        "Partial Mode": "Finalize",
        "Parallel Aware": false,
        "Startup Cost": 411904.66,
        "Total Cost": 411904.67,
        "Plan Rows": 1,
        "Plan Width": 8,
        "Actual Startup Time": 1482.008,
        "Actual Total Time": 1552.073,
        "Actual Rows": 1,
        "Actual Loops": 1,
        "Output": [
            "count(*)"
        ],
        "Plans": [
            {
                "Node Type": "Gather",
                "Parent Relationship": "Outer",
                "Parallel Aware": false,
                "Startup Cost": 411904.44,
                "Total Cost": 411904.65,
                "Plan Rows": 2,
                "Plan Width": 8,
                "Actual Startup Time": 1480.269,
                "Actual Total Time": 1552.064,
                "Actual Rows": 3,
                "Actual Loops": 1,
                "Output": [
                    "(PARTIAL count(*))"
                ],
                "Workers Planned": 2,
                "Workers Launched": 2,
                "Single Copy": false,
                "Plans": [
                    {
                        "Node Type": "Aggregate",
                        "Strategy": "Plain",
                        "Partial Mode": "Partial",
                        "Parent Relationship": "Outer",
                        "Parallel Aware": false,
                        "Startup Cost": 410904.44,
                        "Total Cost": 410904.45,
                        "Plan Rows": 1,
                        "Plan Width": 8,
                        "Actual Startup Time": 1472.009,
                        "Actual Total Time": 1472.014,
                        "Actual Rows": 1,
                        "Actual Loops": 3,
                        "Output": [
                            "PARTIAL count(*)"
                        ],
                        "Workers": [
                            {
                                "Worker Number": 0,
                                "Actual Startup Time": 1468.144,
                                "Actual Total Time": 1468.15,
                                "Actual Rows": 1,
                                "Actual Loops": 1
                            },
                            {
                                "Worker Number": 1,
                                "Actual Startup Time": 1468.319,
                                "Actual Total Time": 1468.325,
                                "Actual Rows": 1,
                                "Actual Loops": 1
                            }
                        ],
                        "Plans": [
                            {
                                "Node Type": "Hash Join",
                                "Parent Relationship": "Outer",
                                "Parallel Aware": true,
                                "Join Type": "Inner",
                                "Startup Cost": 394540.93,
                                "Total Cost": 410643.42,
                                "Plan Rows": 104411,
                                "Plan Width": 0,
                                "Actual Startup Time": 1373.127,
                                "Actual Total Time": 1467.337,
                                "Actual Rows": 115362,
                                "Actual Loops": 3,
                                "Inner Unique": false,
                                "Hash Cond": "(mi_idx.movie_id = t.id)",
                                "Workers": [
                                    {
                                        "Worker Number": 0,
                                        "Actual Startup Time": 1369.267,
                                        "Actual Total Time": 1463.458,
                                        "Actual Rows": 116981,
                                        "Actual Loops": 1
                                    },
                                    {
                                        "Worker Number": 1,
                                        "Actual Startup Time": 1369.553,
                                        "Actual Total Time": 1464.064,
                                        "Actual Rows": 102844,
                                        "Actual Loops": 1
                                    }
                                ],
                                "Plans": [
                                    {
                                        "Node Type": "Seq Scan",
                                        "Parent Relationship": "Outer",
                                        "Parallel Aware": true,
                                        "Relation Name": "movie_info_idx",
                                        "Schema": "public",
                                        "Alias": "mi_idx",
                                        "Startup Cost": 0.0,
                                        "Total Cost": 13685.15,
                                        "Plan Rows": 575015,
                                        "Plan Width": 4,
                                        "Actual Startup Time": 0.012,
                                        "Actual Total Time": 34.275,
                                        "Actual Rows": 460012,
                                        "Actual Loops": 3,
                                        "Output": [
                                            "mi_idx.id",
                                            "mi_idx.movie_id",
                                            "mi_idx.info_type_id",
                                            "mi_idx.info",
                                            "mi_idx.note"
                                        ],
                                        "Workers": [
                                            {
                                                "Worker Number": 0,
                                                "Actual Startup Time": 0.013,
                                                "Actual Total Time": 35.229,
                                                "Actual Rows": 469264,
                                                "Actual Loops": 1
                                            },
                                            {
                                                "Worker Number": 1,
                                                "Actual Startup Time": 0.013,
                                                "Actual Total Time": 34.993,
                                                "Actual Rows": 403001,
                                                "Actual Loops": 1
                                            }
                                        ]
                                    },
                                    {
                                        "Node Type": "Hash",
                                        "Parent Relationship": "Inner",
                                        "Parallel Aware": true,
                                        "Startup Cost": 393106.27,
                                        "Total Cost": 393106.27,
                                        "Plan Rows": 114773,
                                        "Plan Width": 8,
                                        "Actual Startup Time": 1368.928,
                                        "Actual Total Time": 1368.932,
                                        "Actual Rows": 95772,
                                        "Actual Loops": 3,
                                        "Output": [
                                            "t.id",
                                            "ci.movie_id"
                                        ],
                                        "Hash Buckets": 524288,
                                        "Original Hash Buckets": 524288,
                                        "Hash Batches": 1,
                                        "Original Hash Batches": 1,
                                        "Peak Memory Usage": 15392,
                                        "Workers": [
                                            {
                                                "Worker Number": 0,
                                                "Actual Startup Time": 1368.635,
                                                "Actual Total Time": 1368.639,
                                                "Actual Rows": 97624,
                                                "Actual Loops": 1
                                            },
                                            {
                                                "Worker Number": 1,
                                                "Actual Startup Time": 1368.754,
                                                "Actual Total Time": 1368.758,
                                                "Actual Rows": 81046,
                                                "Actual Loops": 1
                                            }
                                        ],
                                        "Plans": [
                                            {
                                                "Node Type": "Hash Join",
                                                "Parent Relationship": "Outer",
                                                "Parallel Aware": true,
                                                "Join Type": "Inner",
                                                "Startup Cost": 344275.38,
                                                "Total Cost": 393106.27,
                                                "Plan Rows": 114773,
                                                "Plan Width": 8,
                                                "Actual Startup Time": 1101.412,
                                                "Actual Total Time": 1343.344,
                                                "Actual Rows": 95772,
                                                "Actual Loops": 3,
                                                "Output": [
                                                    "t.id",
                                                    "ci.movie_id"
                                                ],
                                                "Inner Unique": false,
                                                "Hash Cond": "(t.id = ci.movie_id)",
                                                "Workers": [
                                                    {
                                                        "Worker Number": 0,
                                                        "Actual Startup Time": 1101.031,
                                                        "Actual Total Time": 1343.914,
                                                        "Actual Rows": 97624,
                                                        "Actual Loops": 1
                                                    },
                                                    {
                                                        "Worker Number": 1,
                                                        "Actual Startup Time": 1101.3,
                                                        "Actual Total Time": 1344.422,
                                                        "Actual Rows": 81046,
                                                        "Actual Loops": 1
                                                    }
                                                ],
                                                "Plans": [
                                                    {
                                                        "Node Type": "Seq Scan",
                                                        "Parent Relationship": "Outer",
                                                        "Parallel Aware": true,
                                                        "Relation Name": "title",
                                                        "Schema": "public",
                                                        "Alias": "t",
                                                        "Startup Cost": 0.0,
                                                        "Total Cost": 42318.81,
                                                        "Plan Rows": 632080,
                                                        "Plan Width": 4,
                                                        "Actual Startup Time": 0.009,
                                                        "Actual Total Time": 91.726,
                                                        "Actual Rows": 842771,
                                                        "Actual Loops": 3,
                                                        "Output": [
                                                            "t.id",
                                                            "t.title",
                                                            "t.imdb_index",
                                                            "t.kind_id",
                                                            "t.production_year",
                                                            "t.imdb_id",
                                                            "t.phonetic_code",
                                                            "t.episode_of_id",
                                                            "t.season_nr",
                                                            "t.episode_nr",
                                                            "t.series_years",
                                                            "t.md5sum"
                                                        ],
                                                        "Workers": [
                                                            {
                                                                "Worker Number": 0,
                                                                "Actual Startup Time": 0.011,
                                                                "Actual Total Time": 98.256,
                                                                "Actual Rows": 855145,
                                                                "Actual Loops": 1
                                                            },
                                                            {
                                                                "Worker Number": 1,
                                                                "Actual Startup Time": 0.008,
                                                                "Actual Total Time": 93.698,
                                                                "Actual Rows": 706471,
                                                                "Actual Loops": 1
                                                            }
                                                        ]
                                                    },
                                                    {
                                                        "Node Type": "Hash",
                                                        "Parent Relationship": "Inner",
                                                        "Parallel Aware": true,
                                                        "Startup Cost": 343318.94,
                                                        "Total Cost": 343318.94,
                                                        "Plan Rows": 76515,
                                                        "Plan Width": 4,
                                                        "Actual Startup Time": 1099.149,
                                                        "Actual Total Time": 1099.15,
                                                        "Actual Rows": 95772,
                                                        "Actual Loops": 3,
                                                        "Output": [
                                                            "ci.movie_id"
                                                        ],
                                                        "Hash Buckets": 524288,
                                                        "Original Hash Buckets": 524288,
                                                        "Hash Batches": 1,
                                                        "Original Hash Batches": 1,
                                                        "Peak Memory Usage": 15360,
                                                        "Workers": [
                                                            {
                                                                "Worker Number": 0,
                                                                "Actual Startup Time": 1100.936,
                                                                "Actual Total Time": 1100.937,
                                                                "Actual Rows": 96348,
                                                                "Actual Loops": 1
                                                            },
                                                            {
                                                                "Worker Number": 1,
                                                                "Actual Startup Time": 1101.168,
                                                                "Actual Total Time": 1101.169,
                                                                "Actual Rows": 86655,
                                                                "Actual Loops": 1
                                                            }
                                                        ],
                                                        "Plans": [
                                                            {
                                                                "Node Type": "Seq Scan",
                                                                "Parent Relationship": "Outer",
                                                                "Parallel Aware": true,
                                                                "Relation Name": "cast_info",
                                                                "Schema": "public",
                                                                "Alias": "ci",
                                                                "Startup Cost": 0.0,
                                                                "Total Cost": 343318.94,
                                                                "Plan Rows": 76515,
                                                                "Plan Width": 4,
                                                                "Actual Startup Time": 624.552,
                                                                "Actual Total Time": 1066.969,
                                                                "Actual Rows": 95772,
                                                                "Actual Loops": 3,
                                                                "Output": [
                                                                    "ci.movie_id"
                                                                ],
                                                                "Filter": "((ci.person_id < 108854) AND (ci.role_id > 2))",
                                                                "Rows Removed by Filter": 11985676,
                                                                "Workers": [
                                                                    {
                                                                        "Worker Number": 0,
                                                                        "Actual Startup Time": 624.513,
                                                                        "Actual Total Time": 1067.84,
                                                                        "Actual Rows": 96348,
                                                                        "Actual Loops": 1
                                                                    },
                                                                    {
                                                                        "Worker Number": 1,
                                                                        "Actual Startup Time": 624.517,
                                                                        "Actual Total Time": 1066.554,
                                                                        "Actual Rows": 86655,
                                                                        "Actual Loops": 1
                                                                    }
                                                                ]
                                                            }
                                                        ]
                                                    }
                                                ]
                                            }
                                        ]
                                    }
                                ]
                            }
                        ]
                    }
                ]
            }
        ]
    },
    "Planning Time": 1.388,
    "Triggers": [],
    "Execution Time": 1552.169
}