[
    {
        "Bao": {
            "Bao prediction": 784.076,
            "Bao recommended hint": "(no hint)"
        }
    },
    {
        "Plan": {
            "Node Type": "Aggregate",
            "Strategy": "Plain",
            "Partial Mode": "Finalize",
            "Parallel Aware": false,
            "Startup Cost": 98421.77,
            "Total Cost": 98421.78,
            "Plan Rows": 1,
            "Plan Width": 64,
            "Actual Startup Time": 1102.847,
            "Actual Total Time": 1210.754,
            "Actual Rows": 1,
            "Actual Loops": 1,
            "Output": [
                "min(chn.name)",
                "min(t.title)"
            ],
            "Plans": [
                {
                    "Node Type": "Gather",
                    "Parent Relationship": "Outer",
                    "Parallel Aware": false,
                    "Startup Cost": 98421.45,
                    "Total Cost": 98421.76,
                    "Plan Rows": 3,
                    "Plan Width": 64,
                    "Actual Startup Time": 1102.523,
                    "Actual Total Time": 1210.739,
                    "Actual Rows": 4,
                    "Actual Loops": 1,
                    "Output": [
                        "(PARTIAL min(chn.name))",
                        "(PARTIAL min(t.title))"
                    ],
                    "Workers Planned": 3,
                    "Workers Launched": 3,
                    "Single Copy": false,
                    "Plans": [
                        {
                            "Node Type": "Aggregate",
                            "Strategy": "Plain",
                            "Partial Mode": "Partial",
                            "Parent Relationship": "Outer",
                            "Parallel Aware": false,
                            "Startup Cost": 97421.45,
                            "Total Cost": 97421.46,
                            "Plan Rows": 1,
                            "Plan Width": 64,
                            "Actual Startup Time": 1090.974,
                            "Actual Total Time": 1090.982,
                            "Actual Rows": 1,
                            "Actual Loops": 4,
                            "Output": [
                                "PARTIAL min(chn.name)",
                                "PARTIAL min(t.title)"
                            ],
                            "Workers": [
                                {
                                    "Worker Number": 0,
                                    "Actual Startup Time": 1087.525,
                                    "Actual Total Time": 1087.531,
                                    "Actual Rows": 1,
                                    "Actual Loops": 1
                                },
                                {
                                    "Worker Number": 1,
                                    "Actual Startup Time": 1087.465,
                                    "Actual Total Time": 1087.472,
                                    "Actual Rows": 1,
                                    "Actual Loops": 1
                                },
                                {
                                    "Worker Number": 2,
                                    "Actual Startup Time": 1088.139,
                                    "Actual Total Time": 1088.146,
                                    "Actual Rows": 1,
                                    "Actual Loops": 1
                                }
                            ],
                            "Plans": [
                                {
                                    "Node Type": "Hash Join",
                                    "Parent Relationship": "Outer",
                                    "Parallel Aware": false,
                                    "Join Type": "Inner",
                                    "Startup Cost": 4840.57,
                                    "Total Cost": 97368.49,
                                    "Plan Rows": 10592,
                                    "Plan Width": 33,
                                    "Actual Startup Time": 31.2,
                                    "Actual Total Time": 1089.759,
                                    "Actual Rows": 3216,
                                    "Actual Loops": 4,
                                    "Output": [
                                        "chn.name",
                                        "t.title"
                                    ],
                                    "Inner Unique": true,
                                    "Hash Cond": "(ci.role_id = rt.id)",
                                    "Workers": [
                                        {
                                            "Worker Number": 0,
                                            "Actual Startup Time": 23.581,
                                            "Actual Total Time": 1086.42,
                                            "Actual Rows": 2939,
                                            "Actual Loops": 1
                                        },
                                        {
                                            "Worker Number": 1,
                                            "Actual Startup Time": 28.814,
                                            "Actual Total Time": 1086.217,
                                            "Actual Rows": 3295,
                                            "Actual Loops": 1
                                        },
                                        {
                                            "Worker Number": 2,
                                            "Actual Startup Time": 23.029,
                                            "Actual Total Time": 1087.132,
                                            "Actual Rows": 2569,
                                            "Actual Loops": 1
                                        }
                                    ],
                                    "Plans": [
                                        {
                                            "Node Type": "Hash Join",
                                            "Parent Relationship": "Outer",
                                            "Parallel Aware": false,
                                            "Join Type": "Inner",
                                            "Startup Cost": 4839.3,
                                            "Total Cost": 97329.59,
                                            "Plan Rows": 10592,
                                            "Plan Width": 37,
                                            "Actual Startup Time": 30.829,
                                            "Actual Total Time": 1088.18,
                                            "Actual Rows": 3216,
                                            "Actual Loops": 4,
                                            "Output": [
                                                "chn.name",
                                                "ci.role_id",
                                                "t.title"
                                            ],
                                            "Inner Unique": true,
                                            "Hash Cond": "(mc.company_type_id = ct.id)",
                                            "Workers": [
                                                {
                                                    "Worker Number": 0,
                                                    "Actual Startup Time": 23.172,
                                                    "Actual Total Time": 1084.882,
                                                    "Actual Rows": 2939,
                                                    "Actual Loops": 1
                                                },
                                                {
                                                    "Worker Number": 1,
                                                    "Actual Startup Time": 28.33,
                                                    "Actual Total Time": 1084.444,
                                                    "Actual Rows": 3295,
                                                    "Actual Loops": 1
                                                },
                                                {
                                                    "Worker Number": 2,
                                                    "Actual Startup Time": 22.63,
                                                    "Actual Total Time": 1085.725,
                                                    "Actual Rows": 2569,
                                                    "Actual Loops": 1
                                                }
                                            ],
                                            "Plans": [
                                                {
                                                    "Node Type": "Nested Loop",
                                                    "Parent Relationship": "Outer",
                                                    "Parallel Aware": false,
                                                    "Join Type": "Inner",
                                                    "Startup Cost": 4838.21,
                                                    "Total Cost": 97271.24,
                                                    "Plan Rows": 10592,
                                                    "Plan Width": 41,
                                                    "Actual Startup Time": 30.715,
                                                    "Actual Total Time": 1086.498,
                                                    "Actual Rows": 3216,
                                                    "Actual Loops": 4,
                                                    "Output": [
                                                        "chn.name",
                                                        "ci.role_id",
                                                        "mc.company_type_id",
                                                        "t.title"
                                                    ],
                                                    "Inner Unique": true,
                                                    "Workers": [
                                                        {
                                                            "Worker Number": 0,
                                                            "Actual Startup Time": 23.068,
                                                            "Actual Total Time": 1083.337,
                                                            "Actual Rows": 2939,
                                                            "Actual Loops": 1
                                                        },
                                                        {
                                                            "Worker Number": 1,
                                                            "Actual Startup Time": 28.212,
                                                            "Actual Total Time": 1082.674,
                                                            "Actual Rows": 3295,
                                                            "Actual Loops": 1
                                                        },
                                                        {
                                                            "Worker Number": 2,
                                                            "Actual Startup Time": 22.531,
                                                            "Actual Total Time": 1084.277,
                                                            "Actual Rows": 2569,
                                                            "Actual Loops": 1
                                                        }
                                                    ],
                                                    "Plans": [
                                                        {
                                                            "Node Type": "Nested Loop",
                                                            "Parent Relationship": "Outer",
                                                            "Parallel Aware": false,
                                                            "Join Type": "Inner",
                                                            "Startup Cost": 4837.78,
                                                            "Total Cost": 89884.38,
                                                            "Plan Rows": 10592,
                                                            "Plan Width": 29,
                                                            "Actual Startup Time": 30.592,
                                                            "Actual Total Time": 1055.742,
                                                            "Actual Rows": 3661,
                                                            "Actual Loops": 4,
                                                            "Output": [
                                                                "ci.person_role_id",
                                                                "ci.role_id",
                                                                "mc.company_type_id",
                                                                "t.title"
                                                            ],
                                                            "Inner Unique": false,
                                                            "Join Filter": "(t.id = ci.movie_id)",
                                                            "Rows Removed by Join Filter": 0,
                                                            "Workers": [
                                                                {
                                                                    "Worker Number": 0,
                                                                    "Actual Startup Time": 22.898,
                                                                    "Actual Total Time": 1055.653,
                                                                    "Actual Rows": 3405,
                                                                    "Actual Loops": 1
                                                                },
                                                                {
                                                                    "Worker Number": 1,
                                                                    "Actual Startup Time": 28.092,
                                                                    "Actual Total Time": 1047.199,
                                                                    "Actual Rows": 3659,
                                                                    "Actual Loops": 1
                                                                },
                                                                {
                                                                    "Worker Number": 2,
                                                                    "Actual Startup Time": 22.39,
                                                                    "Actual Total Time": 1059.067,
                                                                    "Actual Rows": 2834,
                                                                    "Actual Loops": 1
                                                                }
                                                            ],
                                                            "Plans": [
                                                                {
                                                                    "Node Type": "Nested Loop",
                                                                    "Parent Relationship": "Outer",
                                                                    "Parallel Aware": false,
                                                                    "Join Type": "Inner",
                                                                    "Startup Cost": 4837.21,
                                                                    "Total Cost": 63037.98,
                                                                    "Plan Rows": 14400,
                                                                    "Plan Width": 29,
                                                                    "Actual Startup Time": 24.288,
                                                                    "Actual Total Time": 448.337,
                                                                    "Actual Rows": 9852,
                                                                    "Actual Loops": 4,
                                                                    "Output": [
                                                                        "mc.movie_id",
                                                                        "mc.company_type_id",
                                                                        "t.title",
                                                                        "t.id"
                                                                    ],
                                                                    "Inner Unique": true,
                                                                    "Workers": [
                                                                        {
                                                                            "Worker Number": 0,
                                                                            "Actual Startup Time": 20.675,
                                                                            "Actual Total Time": 445.992,
                                                                            "Actual Rows": 10227,
                                                                            "Actual Loops": 1
                                                                        },
                                                                        {
                                                                            "Worker Number": 1,
                                                                            "Actual Startup Time": 20.681,
                                                                            "Actual Total Time": 441.708,
                                                                            "Actual Rows": 9285,
                                                                            "Actual Loops": 1
                                                                        },
                                                                        {
                                                                            "Worker Number": 2,
                                                                            "Actual Startup Time": 21.529,
                                                                            "Actual Total Time": 447.907,
                                                                            "Actual Rows": 9951,
                                                                            "Actual Loops": 1
                                                                        }
                                                                    ],
                                                                    "Plans": [
                                                                        {
                                                                            "Node Type": "Hash Join",
                                                                            "Parent Relationship": "Outer",
                                                                            "Parallel Aware": true,
                                                                            "Join Type": "Inner",
                                                                            "Startup Cost": 4836.78,
                                                                            "Total Cost": 34252.72,
                                                                            "Plan Rows": 55464,
                                                                            "Plan Width": 8,
                                                                            "Actual Startup Time": 24.137,
                                                                            "Actual Total Time": 230.506,
                                                                            "Actual Rows": 51184,
                                                                            "Actual Loops": 4,
                                                                            "Output": [
                                                                                "mc.movie_id",
                                                                                "mc.company_type_id"
                                                                            ],
                                                                            "Inner Unique": true,
                                                                            "Hash Cond": "(mc.company_id = cn.id)",
                                                                            "Workers": [
                                                                                {
                                                                                    "Worker Number": 0,
                                                                                    "Actual Startup Time": 20.57,
                                                                                    "Actual Total Time": 228.398,
                                                                                    "Actual Rows": 52553,
                                                                                    "Actual Loops": 1
                                                                                },
                                                                                {
                                                                                    "Worker Number": 1,
                                                                                    "Actual Startup Time": 20.461,
                                                                                    "Actual Total Time": 219.822,
                                                                                    "Actual Rows": 49427,
                                                                                    "Actual Loops": 1
                                                                                },
                                                                                {
                                                                                    "Worker Number": 2,
                                                                                    "Actual Startup Time": 21.333,
                                                                                    "Actual Total Time": 231.951,
                                                                                    "Actual Rows": 51175,
                                                                                    "Actual Loops": 1
                                                                                }
                                                                            ],
                                                                            "Plans": [
                                                                                {
                                                                                    "Node Type": "Seq Scan",
                                                                                    "Parent Relationship": "Outer",
                                                                                    "Parallel Aware": true,
                                                                                    "Relation Name": "movie_companies",
                                                                                    "Schema": "public",
                                                                                    "Alias": "mc",
                                                                                    "Startup Cost": 0.0,
                                                                                    "Total Cost": 27206.55,
                                                                                    "Plan Rows": 841655,
                                                                                    "Plan Width": 12,
                                                                                    "Actual Startup Time": 0.025,
                                                                                    "Actual Total Time": 81.922,
                                                                                    "Actual Rows": 652282,
                                                                                    "Actual Loops": 4,
                                                                                    "Output": [
                                                                                        "mc.id",
                                                                                        "mc.movie_id",
                                                                                        "mc.company_id",
                                                                                        "mc.company_type_id",
                                                                                        "mc.note"
                                                                                    ],
                                                                                    "Workers": [
                                                                                        {
                                                                                            "Worker Number": 0,
                                                                                            "Actual Startup Time": 0.022,
                                                                                            "Actual Total Time": 81.696,
                                                                                            "Actual Rows": 658580,
                                                                                            "Actual Loops": 1
                                                                                        },
                                                                                        {
                                                                                            "Worker Number": 1,
                                                                                            "Actual Startup Time": 0.032,
                                                                                            "Actual Total Time": 78.419,
                                                                                            "Actual Rows": 628062,
                                                                                            "Actual Loops": 1
                                                                                        },
                                                                                        {
                                                                                            "Worker Number": 2,
                                                                                            "Actual Startup Time": 0.025,
                                                                                            "Actual Total Time": 82.985,
                                                                                            "Actual Rows": 665432,
                                                                                            "Actual Loops": 1
                                                                                        }
                                                                                    ]
                                                                                },
                                                                                {
                                                                                    "Node Type": "Hash",
                                                                                    "Parent Relationship": "Inner",
                                                                                    "Parallel Aware": true,
                                                                                    "Startup Cost": 4722.92,
                                                                                    "Total Cost": 4722.92,
                                                                                    "Plan Rows": 9109,
                                                                                    "Plan Width": 4,
                                                                                    "Actual Startup Time": 23.1,
                                                                                    "Actual Total Time": 23.101,
                                                                                    "Actual Rows": 4011,
                                                                                    "Actual Loops": 4,
                                                                                    "Output": [
                                                                                        "cn.id"
                                                                                    ],
                                                                                    "Hash Buckets": 16384,
                                                                                    "Original Hash Buckets": 16384,
                                                                                    "Hash Batches": 1,
                                                                                    "Original Hash Batches": 1,
                                                                                    "Peak Memory Usage": 832,
                                                                                    "Workers": [
                                                                                        {
                                                                                            "Worker Number": 0,
                                                                                            "Actual Startup Time": 20.488,
                                                                                            "Actual Total Time": 20.489,
                                                                                            "Actual Rows": 3303,
                                                                                            "Actual Loops": 1
                                                                                        },
                                                                                        {
                                                                                            "Worker Number": 1,
                                                                                            "Actual Startup Time": 20.371,
                                                                                            "Actual Total Time": 20.372,
                                                                                            "Actual Rows": 3067,
                                                                                            "Actual Loops": 1
                                                                                        },
                                                                                        {
                                                                                            "Worker Number": 2,
                                                                                            "Actual Startup Time": 21.145,
                                                                                            "Actual Total Time": 21.146,
                                                                                            "Actual Rows": 3867,
                                                                                            "Actual Loops": 1
                                                                                        }
                                                                                    ],
                                                                                    "Plans": [
                                                                                        {
                                                                                            "Node Type": "Seq Scan",
                                                                                            "Parent Relationship": "Outer",
                                                                                            "Parallel Aware": true,
                                                                                            "Relation Name": "company_name",
                                                                                            "Schema": "public",
                                                                                            "Alias": "cn",
                                                                                            "Startup Cost": 0.0,
                                                                                            "Total Cost": 4722.92,
                                                                                            "Plan Rows": 9109,
                                                                                            "Plan Width": 4,
                                                                                            "Actual Startup Time": 0.055,
                                                                                            "Actual Total Time": 20.594,
                                                                                            "Actual Rows": 4011,
                                                                                            "Actual Loops": 4,
                                                                                            "Output": [
                                                                                                "cn.id"
                                                                                            ],
                                                                                            "Filter": "((cn.country_code)::text = '[gb]'::text)",
                                                                                            "Rows Removed by Filter": 54738,
                                                                                            "Workers": [
                                                                                                {
                                                                                                    "Worker Number": 0,
                                                                                                    "Actual Startup Time": 0.053,
                                                                                                    "Actual Total Time": 18.319,
                                                                                                    "Actual Rows": 3303,
                                                                                                    "Actual Loops": 1
                                                                                                },
                                                                                                {
                                                                                                    "Worker Number": 1,
                                                                                                    "Actual Startup Time": 0.067,
                                                                                                    "Actual Total Time": 18.124,
                                                                                                    "Actual Rows": 3067,
                                                                                                    "Actual Loops": 1
                                                                                                },
                                                                                                {
                                                                                                    "Worker Number": 2,
                                                                                                    "Actual Startup Time": 0.062,
                                                                                                    "Actual Total Time": 18.889,
                                                                                                    "Actual Rows": 3867,
                                                                                                    "Actual Loops": 1
                                                                                                }
                                                                                            ]
                                                                                        }
                                                                                    ]
                                                                                }
                                                                            ]
                                                                        },
                                                                        {
                                                                            "Node Type": "Index Scan",
                                                                            "Parent Relationship": "Inner",
                                                                            "Parallel Aware": false,
                                                                            "Scan Direction": "Forward",
                                                                            "Index Name": "title_pkey",
                                                                            "Relation Name": "title",
                                                                            "Schema": "public",
                                                                            "Alias": "t",
                                                                            "Startup Cost": 0.43,
                                                                            "Total Cost": 0.52,
                                                                            "Plan Rows": 1,
                                                                            "Plan Width": 21,
                                                                            "Actual Startup Time": 0.004,
                                                                            "Actual Total Time": 0.004,
                                                                            "Actual Rows": 0,
                                                                            "Actual Loops": 204735,
                                                                            "Output": [
                                                                                "t.id",
                                                                                "t.title",
                                                                                "t.imdb_index",
                                                                                "t.kind_id",
                                                                                "t.production_year",
                                                                                "t.imdb_id",
                                                                                "t.phonetic_code",
                                                                                "t.episode_of_id",
                                                                                "t.season_nr",
                                                                                "t.episode_nr",
                                                                                "t.series_years",
                                                                                "t.md5sum"
                                                                            ],
                                                                            "Index Cond": "(t.id = mc.movie_id)",
                                                                            "Rows Removed by Index Recheck": 0,
                                                                            "Filter": "(t.production_year > 2008)",
                                                                            "Rows Removed by Filter": 1,
                                                                            "Workers": [
                                                                                {
                                                                                    "Worker Number": 0,
                                                                                    "Actual Startup Time": 0.004,
                                                                                    "Actual Total Time": 0.004,
                                                                                    "Actual Rows": 0,
                                                                                    "Actual Loops": 52553
                                                                                },
                                                                                {
                                                                                    "Worker Number": 1,
                                                                                    "Actual Startup Time": 0.004,
                                                                                    "Actual Total Time": 0.004,
                                                                                    "Actual Rows": 0,
                                                                                    "Actual Loops": 49427
                                                                                },
                                                                                {
                                                                                    "Worker Number": 2,
                                                                                    "Actual Startup Time": 0.004,
                                                                                    "Actual Total Time": 0.004,
                                                                                    "Actual Rows": 0,
                                                                                    "Actual Loops": 51175
                                                                                }
                                                                            ]
                                                                        }
                                                                    ]
                                                                },
                                                                {
                                                                    "Node Type": "Index Scan",
                                                                    "Parent Relationship": "Inner",
                                                                    "Parallel Aware": false,
                                                                    "Scan Direction": "Forward",
                                                                    "Index Name": "movie_id_cast_info",
                                                                    "Relation Name": "cast_info",
                                                                    "Schema": "public",
                                                                    "Alias": "ci",
                                                                    "Startup Cost": 0.56,
                                                                    "Total Cost": 1.85,
                                                                    "Plan Rows": 1,
                                                                    "Plan Width": 12,
                                                                    "Actual Startup Time": 0.054,
                                                                    "Actual Total Time": 0.061,
                                                                    "Actual Rows": 0,
                                                                    "Actual Loops": 39406,
                                                                    "Output": [
                                                                        "ci.id",
                                                                        "ci.person_id",
                                                                        "ci.movie_id",
                                                                        "ci.person_role_id",
                                                                        "ci.note",
                                                                        "ci.nr_order",
                                                                        "ci.role_id"
                                                                    ],
                                                                    "Index Cond": "(ci.movie_id = mc.movie_id)",
                                                                    "Rows Removed by Index Recheck": 0,
                                                                    "Filter": "(ci.note ~~ '%(voice)%'::text)",
                                                                    "Rows Removed by Filter": 30,
                                                                    "Workers": [
                                                                        {
                                                                            "Worker Number": 0,
                                                                            "Actual Startup Time": 0.052,
                                                                            "Actual Total Time": 0.059,
                                                                            "Actual Rows": 0,
                                                                            "Actual Loops": 10227
                                                                        },
                                                                        {
                                                                            "Worker Number": 1,
                                                                            "Actual Startup Time": 0.057,
                                                                            "Actual Total Time": 0.065,
                                                                            "Actual Rows": 0,
                                                                            "Actual Loops": 9285
                                                                        },
                                                                        {
                                                                            "Worker Number": 2,
                                                                            "Actual Startup Time": 0.054,
                                                                            "Actual Total Time": 0.061,
                                                                            "Actual Rows": 0,
                                                                            "Actual Loops": 9951
                                                                        }
                                                                    ]
                                                                }
                                                            ]
                                                        },
                                                        {
                                                            "Node Type": "Index Scan",
                                                            "Parent Relationship": "Inner",
                                                            "Parallel Aware": false,
                                                            "Scan Direction": "Forward",
                                                            "Index Name": "char_name_pkey",
                                                            "Relation Name": "char_name",
                                                            "Schema": "public",
                                                            "Alias": "chn",
                                                            "Startup Cost": 0.43,
                                                            "Total Cost": 0.7,
                                                            "Plan Rows": 1,
                                                            "Plan Width": 20,
                                                            "Actual Startup Time": 0.008,
                                                            "Actual Total Time": 0.008,
                                                            "Actual Rows": 1,
                                                            "Actual Loops": 14643,
                                                            "Output": [
                                                                "chn.id",
                                                                "chn.name",
                                                                "chn.imdb_index",
                                                                "chn.imdb_id",
                                                                "chn.name_pcode_nf",
                                                                "chn.surname_pcode",
                                                                "chn.md5sum"
                                                            ],
                                                            "Index Cond": "(chn.id = ci.person_role_id)",
                                                            "Rows Removed by Index Recheck": 0,
                                                            "Workers": [
                                                                {
                                                                    "Worker Number": 0,
                                                                    "Actual Startup Time": 0.007,
                                                                    "Actual Total Time": 0.007,
                                                                    "Actual Rows": 1,
                                                                    "Actual Loops": 3405
                                                                },
                                                                {
                                                                    "Worker Number": 1,
                                                                    "Actual Startup Time": 0.009,
                                                                    "Actual Total Time": 0.009,
                                                                    "Actual Rows": 1,
                                                                    "Actual Loops": 3659
                                                                },
                                                                {
                                                                    "Worker Number": 2,
                                                                    "Actual Startup Time": 0.008,
                                                                    "Actual Total Time": 0.008,
                                                                    "Actual Rows": 1,
                                                                    "Actual Loops": 2834
                                                                }
                                                            ]
                                                        }
                                                    ]
                                                },
                                                {
                                                    "Node Type": "Hash",
                                                    "Parent Relationship": "Inner",
                                                    "Parallel Aware": false,
                                                    "Startup Cost": 1.04,
                                                    "Total Cost": 1.04,
                                                    "Plan Rows": 4,
                                                    "Plan Width": 4,
                                                    "Actual Startup Time": 0.057,
                                                    "Actual Total Time": 0.057,
                                                    "Actual Rows": 4,
                                                    "Actual Loops": 4,
                                                    "Output": [
                                                        "ct.id"
                                                    ],
                                                    "Hash Buckets": 1024,
                                                    "Original Hash Buckets": 1024,
                                                    "Hash Batches": 1,
                                                    "Original Hash Batches": 1,
                                                    "Peak Memory Usage": 9,
                                                    "Workers": [
                                                        {
                                                            "Worker Number": 0,
                                                            "Actual Startup Time": 0.054,
                                                            "Actual Total Time": 0.055,
                                                            "Actual Rows": 4,
                                                            "Actual Loops": 1
                                                        },
                                                        {
                                                            "Worker Number": 1,
                                                            "Actual Startup Time": 0.063,
                                                            "Actual Total Time": 0.064,
                                                            "Actual Rows": 4,
                                                            "Actual Loops": 1
                                                        },
                                                        {
                                                            "Worker Number": 2,
                                                            "Actual Startup Time": 0.052,
                                                            "Actual Total Time": 0.053,
                                                            "Actual Rows": 4,
                                                            "Actual Loops": 1
                                                        }
                                                    ],
                                                    "Plans": [
                                                        {
                                                            "Node Type": "Seq Scan",
                                                            "Parent Relationship": "Outer",
                                                            "Parallel Aware": false,
                                                            "Relation Name": "company_type",
                                                            "Schema": "public",
                                                            "Alias": "ct",
                                                            "Startup Cost": 0.0,
                                                            "Total Cost": 1.04,
                                                            "Plan Rows": 4,
                                                            "Plan Width": 4,
                                                            "Actual Startup Time": 0.042,
                                                            "Actual Total Time": 0.044,
                                                            "Actual Rows": 4,
                                                            "Actual Loops": 4,
                                                            "Output": [
                                                                "ct.id"
                                                            ],
                                                            "Workers": [
                                                                {
                                                                    "Worker Number": 0,
                                                                    "Actual Startup Time": 0.039,
                                                                    "Actual Total Time": 0.042,
                                                                    "Actual Rows": 4,
                                                                    "Actual Loops": 1
                                                                },
                                                                {
                                                                    "Worker Number": 1,
                                                                    "Actual Startup Time": 0.048,
                                                                    "Actual Total Time": 0.05,
                                                                    "Actual Rows": 4,
                                                                    "Actual Loops": 1
                                                                },
                                                                {
                                                                    "Worker Number": 2,
                                                                    "Actual Startup Time": 0.039,
                                                                    "Actual Total Time": 0.041,
                                                                    "Actual Rows": 4,
                                                                    "Actual Loops": 1
                                                                }
                                                            ]
                                                        }
                                                    ]
                                                }
                                            ]
                                        },
                                        {
                                            "Node Type": "Hash",
                                            "Parent Relationship": "Inner",
                                            "Parallel Aware": false,
                                            "Startup Cost": 1.12,
                                            "Total Cost": 1.12,
                                            "Plan Rows": 12,
                                            "Plan Width": 4,
                                            "Actual Startup Time": 0.09,
                                            "Actual Total Time": 0.09,
                                            "Actual Rows": 12,
                                            "Actual Loops": 4,
                                            "Output": [
                                                "rt.id"
                                            ],
                                            "Hash Buckets": 1024,
                                            "Original Hash Buckets": 1024,
                                            "Hash Batches": 1,
                                            "Original Hash Batches": 1,
                                            "Peak Memory Usage": 9,
                                            "Workers": [
                                                {
                                                    "Worker Number": 0,
                                                    "Actual Startup Time": 0.098,
                                                    "Actual Total Time": 0.098,
                                                    "Actual Rows": 12,
                                                    "Actual Loops": 1
                                                },
                                                {
                                                    "Worker Number": 1,
                                                    "Actual Startup Time": 0.117,
                                                    "Actual Total Time": 0.117,
                                                    "Actual Rows": 12,
                                                    "Actual Loops": 1
                                                },
                                                {
                                                    "Worker Number": 2,
                                                    "Actual Startup Time": 0.098,
                                                    "Actual Total Time": 0.098,
                                                    "Actual Rows": 12,
                                                    "Actual Loops": 1
                                                }
                                            ],
                                            "Plans": [
                                                {
                                                    "Node Type": "Seq Scan",
                                                    "Parent Relationship": "Outer",
                                                    "Parallel Aware": false,
                                                    "Relation Name": "role_type",
                                                    "Schema": "public",
                                                    "Alias": "rt",
                                                    "Startup Cost": 0.0,
                                                    "Total Cost": 1.12,
                                                    "Plan Rows": 12,
                                                    "Plan Width": 4,
                                                    "Actual Startup Time": 0.06,
                                                    "Actual Total Time": 0.065,
                                                    "Actual Rows": 12,
                                                    "Actual Loops": 4,
                                                    "Output": [
                                                        "rt.id"
                                                    ],
                                                    "Workers": [
                                                        {
                                                            "Worker Number": 0,
                                                            "Actual Startup Time": 0.069,
                                                            "Actual Total Time": 0.073,
                                                            "Actual Rows": 12,
                                                            "Actual Loops": 1
                                                        },
                                                        {
                                                            "Worker Number": 1,
                                                            "Actual Startup Time": 0.083,
                                                            "Actual Total Time": 0.088,
                                                            "Actual Rows": 12,
                                                            "Actual Loops": 1
                                                        },
                                                        {
                                                            "Worker Number": 2,
                                                            "Actual Startup Time": 0.07,
                                                            "Actual Total Time": 0.074,
                                                            "Actual Rows": 12,
                                                            "Actual Loops": 1
                                                        }
                                                    ]
                                                }
                                            ]
                                        }
                                    ]
                                }
                            ]
                        }
                    ]
                }
            ]
        },
        "Planning Time": 1040.795,
        "Triggers": [],
        "Execution Time": 1211.625
    }
]