{
    "Plan": {
        "Node Type": "Aggregate",
        "Strategy": "Plain",
        "Partial Mode": "Finalize",
        "Parallel Aware": false,
        "Startup Cost": 612389.96,
        "Total Cost": 612389.97,
        "Plan Rows": 1,
        "Plan Width": 8,
        "Actual Startup Time": 3527.443,
        "Actual Total Time": 3604.097,
        "Actual Rows": 1,
        "Actual Loops": 1,
        "Output": [
            "count(*)"
        ],
        "Plans": [
            {
                "Node Type": "Gather",
                "Parent Relationship": "Outer",
                "Parallel Aware": false,
                "Startup Cost": 612389.33,
                "Total Cost": 612389.94,
                "Plan Rows": 6,
                "Plan Width": 8,
                "Actual Startup Time": 3503.958,
                "Actual Total Time": 3604.083,
                "Actual Rows": 7,
                "Actual Loops": 1,
                "Output": [
                    "(PARTIAL count(*))"
                ],
                "Workers Planned": 6,
                "Workers Launched": 6,
                "Single Copy": false,
                "Plans": [
                    {
                        "Node Type": "Aggregate",
                        "Strategy": "Plain",
                        "Partial Mode": "Partial",
                        "Parent Relationship": "Outer",
                        "Parallel Aware": false,
                        "Startup Cost": 611389.33,
                        "Total Cost": 611389.34,
                        "Plan Rows": 1,
                        "Plan Width": 8,
                        "Actual Startup Time": 3493.154,
                        "Actual Total Time": 3493.563,
                        "Actual Rows": 1,
                        "Actual Loops": 7,
                        "Output": [
                            "PARTIAL count(*)"
                        ],
                        "Workers": [
                            {
                                "Worker Number": 0,
                                "Actual Startup Time": 3490.632,
                                "Actual Total Time": 3490.637,
                                "Actual Rows": 1,
                                "Actual Loops": 1
                            },
                            {
                                "Worker Number": 1,
                                "Actual Startup Time": 3490.788,
                                "Actual Total Time": 3490.794,
                                "Actual Rows": 1,
                                "Actual Loops": 1
                            },
                            {
                                "Worker Number": 2,
                                "Actual Startup Time": 3491.044,
                                "Actual Total Time": 3491.05,
                                "Actual Rows": 1,
                                "Actual Loops": 1
                            },
                            {
                                "Worker Number": 3,
                                "Actual Startup Time": 3491.037,
                                "Actual Total Time": 3491.043,
                                "Actual Rows": 1,
                                "Actual Loops": 1
                            },
                            {
                                "Worker Number": 4,
                                "Actual Startup Time": 3491.099,
                                "Actual Total Time": 3491.103,
                                "Actual Rows": 1,
                                "Actual Loops": 1
                            },
                            {
                                "Worker Number": 5,
                                "Actual Startup Time": 3494.505,
                                "Actual Total Time": 3494.511,
                                "Actual Rows": 1,
                                "Actual Loops": 1
                            }
                        ],
                        "Plans": [
                            {
                                "Node Type": "Hash Join",
                                "Parent Relationship": "Outer",
                                "Parallel Aware": true,
                                "Join Type": "Inner",
                                "Startup Cost": 248739.63,
                                "Total Cost": 608588.93,
                                "Plan Rows": 1120160,
                                "Plan Width": 0,
                                "Actual Startup Time": 870.358,
                                "Actual Total Time": 3120.386,
                                "Actual Rows": 8285530,
                                "Actual Loops": 7,
                                "Inner Unique": false,
                                "Hash Cond": "(ci.movie_id = t.id)",
                                "Workers": [
                                    {
                                        "Worker Number": 0,
                                        "Actual Startup Time": 868.174,
                                        "Actual Total Time": 3117.141,
                                        "Actual Rows": 8012268,
                                        "Actual Loops": 1
                                    },
                                    {
                                        "Worker Number": 1,
                                        "Actual Startup Time": 868.452,
                                        "Actual Total Time": 3134.346,
                                        "Actual Rows": 8915947,
                                        "Actual Loops": 1
                                    },
                                    {
                                        "Worker Number": 2,
                                        "Actual Startup Time": 868.848,
                                        "Actual Total Time": 3134.697,
                                        "Actual Rows": 8726228,
                                        "Actual Loops": 1
                                    },
                                    {
                                        "Worker Number": 3,
                                        "Actual Startup Time": 868.906,
                                        "Actual Total Time": 3132.769,
                                        "Actual Rows": 8958547,
                                        "Actual Loops": 1
                                    },
                                    {
                                        "Worker Number": 4,
                                        "Actual Startup Time": 868.752,
                                        "Actual Total Time": 3111.789,
                                        "Actual Rows": 8128869,
                                        "Actual Loops": 1
                                    },
                                    {
                                        "Worker Number": 5,
                                        "Actual Startup Time": 868.767,
                                        "Actual Total Time": 3102.307,
                                        "Actual Rows": 6951277,
                                        "Actual Loops": 1
                                    }
                                ],
                                "Plans": [
                                    {
                                        "Node Type": "Seq Scan",
                                        "Parent Relationship": "Outer",
                                        "Parallel Aware": true,
                                        "Relation Name": "cast_info",
                                        "Schema": "public",
                                        "Alias": "ci",
                                        "Startup Cost": 0.0,
                                        "Total Cost": 343318.94,
                                        "Plan Rows": 3810681,
                                        "Plan Width": 4,
                                        "Actual Startup Time": 225.978,
                                        "Actual Total Time": 772.084,
                                        "Actual Rows": 3329108,
                                        "Actual Loops": 7,
                                        "Output": [
                                            "ci.id",
                                            "ci.person_id",
                                            "ci.movie_id",
                                            "ci.person_role_id",
                                            "ci.note",
                                            "ci.nr_order",
                                            "ci.role_id"
                                        ],
                                        "Filter": "((ci.person_id > 102081) AND (ci.role_id > 1))",
                                        "Rows Removed by Filter": 1848655,
                                        "Workers": [
                                            {
                                                "Worker Number": 0,
                                                "Actual Startup Time": 225.898,
                                                "Actual Total Time": 795.205,
                                                "Actual Rows": 3079485,
                                                "Actual Loops": 1
                                            },
                                            {
                                                "Worker Number": 1,
                                                "Actual Startup Time": 225.978,
                                                "Actual Total Time": 776.042,
                                                "Actual Rows": 3597320,
                                                "Actual Loops": 1
                                            },
                                            {
                                                "Worker Number": 2,
                                                "Actual Startup Time": 225.984,
                                                "Actual Total Time": 780.917,
                                                "Actual Rows": 3483514,
                                                "Actual Loops": 1
                                            },
                                            {
                                                "Worker Number": 3,
                                                "Actual Startup Time": 225.998,
                                                "Actual Total Time": 776.761,
                                                "Actual Rows": 3600367,
                                                "Actual Loops": 1
                                            },
                                            {
                                                "Worker Number": 4,
                                                "Actual Startup Time": 225.995,
                                                "Actual Total Time": 781.845,
                                                "Actual Rows": 3272924,
                                                "Actual Loops": 1
                                            },
                                            {
                                                "Worker Number": 5,
                                                "Actual Startup Time": 226.01,
                                                "Actual Total Time": 785.604,
                                                "Actual Rows": 2877258,
                                                "Actual Loops": 1
                                            }
                                        ]
                                    },
                                    {
                                        "Node Type": "Hash",
                                        "Parent Relationship": "Inner",
                                        "Parallel Aware": true,
                                        "Startup Cost": 246881.62,
                                        "Total Cost": 246881.62,
                                        "Plan Rows": 148641,
                                        "Plan Width": 8,
                                        "Actual Startup Time": 641.021,
                                        "Actual Total Time": 641.428,
                                        "Actual Rows": 221774,
                                        "Actual Loops": 7,
                                        "Output": [
                                            "t.id",
                                            "mi.movie_id"
                                        ],
                                        "Hash Buckets": 2097152,
                                        "Original Hash Buckets": 1048576,
                                        "Hash Batches": 1,
                                        "Original Hash Batches": 1,
                                        "Peak Memory Usage": 85440,
                                        "Workers": [
                                            {
                                                "Worker Number": 0,
                                                "Actual Startup Time": 641.422,
                                                "Actual Total Time": 641.425,
                                                "Actual Rows": 173977,
                                                "Actual Loops": 1
                                            },
                                            {
                                                "Worker Number": 1,
                                                "Actual Startup Time": 641.849,
                                                "Actual Total Time": 641.853,
                                                "Actual Rows": 232624,
                                                "Actual Loops": 1
                                            },
                                            {
                                                "Worker Number": 2,
                                                "Actual Startup Time": 642.019,
                                                "Actual Total Time": 642.023,
                                                "Actual Rows": 231687,
                                                "Actual Loops": 1
                                            },
                                            {
                                                "Worker Number": 3,
                                                "Actual Startup Time": 641.975,
                                                "Actual Total Time": 641.979,
                                                "Actual Rows": 234220,
                                                "Actual Loops": 1
                                            },
                                            {
                                                "Worker Number": 4,
                                                "Actual Startup Time": 641.99,
                                                "Actual Total Time": 641.994,
                                                "Actual Rows": 219527,
                                                "Actual Loops": 1
                                            },
                                            {
                                                "Worker Number": 5,
                                                "Actual Startup Time": 641.971,
                                                "Actual Total Time": 641.974,
                                                "Actual Rows": 214652,
                                                "Actual Loops": 1
                                            }
                                        ],
                                        "Plans": [
                                            {
                                                "Node Type": "Hash Join",
                                                "Parent Relationship": "Outer",
                                                "Parallel Aware": true,
                                                "Join Type": "Inner",
                                                "Startup Cost": 47009.89,
                                                "Total Cost": 246881.62,
                                                "Plan Rows": 148641,
                                                "Plan Width": 8,
                                                "Actual Startup Time": 160.36,
                                                "Actual Total Time": 525.388,
                                                "Actual Rows": 221774,
                                                "Actual Loops": 7,
                                                "Output": [
                                                    "t.id",
                                                    "mi.movie_id"
                                                ],
                                                "Inner Unique": true,
                                                "Hash Cond": "(mi.movie_id = t.id)",
                                                "Workers": [
                                                    {
                                                        "Worker Number": 0,
                                                        "Actual Startup Time": 160.465,
                                                        "Actual Total Time": 526.96,
                                                        "Actual Rows": 173977,
                                                        "Actual Loops": 1
                                                    },
                                                    {
                                                        "Worker Number": 1,
                                                        "Actual Startup Time": 160.271,
                                                        "Actual Total Time": 525.458,
                                                        "Actual Rows": 232624,
                                                        "Actual Loops": 1
                                                    },
                                                    {
                                                        "Worker Number": 2,
                                                        "Actual Startup Time": 160.288,
                                                        "Actual Total Time": 526.158,
                                                        "Actual Rows": 231687,
                                                        "Actual Loops": 1
                                                    },
                                                    {
                                                        "Worker Number": 3,
                                                        "Actual Startup Time": 160.317,
                                                        "Actual Total Time": 525.79,
                                                        "Actual Rows": 234220,
                                                        "Actual Loops": 1
                                                    },
                                                    {
                                                        "Worker Number": 4,
                                                        "Actual Startup Time": 160.481,
                                                        "Actual Total Time": 525.249,
                                                        "Actual Rows": 219527,
                                                        "Actual Loops": 1
                                                    },
                                                    {
                                                        "Worker Number": 5,
                                                        "Actual Startup Time": 160.302,
                                                        "Actual Total Time": 525.437,
                                                        "Actual Rows": 214652,
                                                        "Actual Loops": 1
                                                    }
                                                ],
                                                "Plans": [
                                                    {
                                                        "Node Type": "Seq Scan",
                                                        "Parent Relationship": "Outer",
                                                        "Parallel Aware": true,
                                                        "Relation Name": "movie_info",
                                                        "Schema": "public",
                                                        "Alias": "mi",
                                                        "Startup Cost": 0.0,
                                                        "Total Cost": 198880.74,
                                                        "Plan Rows": 377518,
                                                        "Plan Width": 4,
                                                        "Actual Startup Time": 15.46,
                                                        "Actual Total Time": 289.312,
                                                        "Actual Rows": 266519,
                                                        "Actual Loops": 7,
                                                        "Output": [
                                                            "mi.id",
                                                            "mi.movie_id",
                                                            "mi.info_type_id",
                                                            "mi.info",
                                                            "mi.note"
                                                        ],
                                                        "Filter": "(mi.info_type_id > 17)",
                                                        "Rows Removed by Filter": 1852870,
                                                        "Workers": [
                                                            {
                                                                "Worker Number": 0,
                                                                "Actual Startup Time": 15.465,
                                                                "Actual Total Time": 294.542,
                                                                "Actual Rows": 207430,
                                                                "Actual Loops": 1
                                                            },
                                                            {
                                                                "Worker Number": 1,
                                                                "Actual Startup Time": 15.447,
                                                                "Actual Total Time": 290.768,
                                                                "Actual Rows": 276898,
                                                                "Actual Loops": 1
                                                            },
                                                            {
                                                                "Worker Number": 2,
                                                                "Actual Startup Time": 15.462,
                                                                "Actual Total Time": 291.025,
                                                                "Actual Rows": 276418,
                                                                "Actual Loops": 1
                                                            },
                                                            {
                                                                "Worker Number": 3,
                                                                "Actual Startup Time": 15.462,
                                                                "Actual Total Time": 291.367,
                                                                "Actual Rows": 278723,
                                                                "Actual Loops": 1
                                                            },
                                                            {
                                                                "Worker Number": 4,
                                                                "Actual Startup Time": 15.478,
                                                                "Actual Total Time": 292.386,
                                                                "Actual Rows": 263303,
                                                                "Actual Loops": 1
                                                            },
                                                            {
                                                                "Worker Number": 5,
                                                                "Actual Startup Time": 15.454,
                                                                "Actual Total Time": 292.148,
                                                                "Actual Rows": 257459,
                                                                "Actual Loops": 1
                                                            }
                                                        ]
                                                    },
                                                    {
                                                        "Node Type": "Hash",
                                                        "Parent Relationship": "Inner",
                                                        "Parallel Aware": true,
                                                        "Startup Cost": 43899.01,
                                                        "Total Cost": 43899.01,
                                                        "Plan Rows": 248871,
                                                        "Plan Width": 4,
                                                        "Actual Startup Time": 143.203,
                                                        "Actual Total Time": 143.204,
                                                        "Actual Rows": 140721,
                                                        "Actual Loops": 7,
                                                        "Output": [
                                                            "t.id"
                                                        ],
                                                        "Hash Buckets": 1048576,
                                                        "Original Hash Buckets": 1048576,
                                                        "Hash Batches": 1,
                                                        "Original Hash Batches": 1,
                                                        "Peak Memory Usage": 46848,
                                                        "Workers": [
                                                            {
                                                                "Worker Number": 0,
                                                                "Actual Startup Time": 144.71,
                                                                "Actual Total Time": 144.711,
                                                                "Actual Rows": 111189,
                                                                "Actual Loops": 1
                                                            },
                                                            {
                                                                "Worker Number": 1,
                                                                "Actual Startup Time": 144.705,
                                                                "Actual Total Time": 144.707,
                                                                "Actual Rows": 148852,
                                                                "Actual Loops": 1
                                                            },
                                                            {
                                                                "Worker Number": 2,
                                                                "Actual Startup Time": 144.735,
                                                                "Actual Total Time": 144.737,
                                                                "Actual Rows": 147847,
                                                                "Actual Loops": 1
                                                            },
                                                            {
                                                                "Worker Number": 3,
                                                                "Actual Startup Time": 144.744,
                                                                "Actual Total Time": 144.746,
                                                                "Actual Rows": 149014,
                                                                "Actual Loops": 1
                                                            },
                                                            {
                                                                "Worker Number": 4,
                                                                "Actual Startup Time": 144.71,
                                                                "Actual Total Time": 144.711,
                                                                "Actual Rows": 134160,
                                                                "Actual Loops": 1
                                                            },
                                                            {
                                                                "Worker Number": 5,
                                                                "Actual Startup Time": 144.699,
                                                                "Actual Total Time": 144.7,
                                                                "Actual Rows": 129456,
                                                                "Actual Loops": 1
                                                            }
                                                        ],
                                                        "Plans": [
                                                            {
                                                                "Node Type": "Seq Scan",
                                                                "Parent Relationship": "Outer",
                                                                "Parallel Aware": true,
                                                                "Relation Name": "title",
                                                                "Schema": "public",
                                                                "Alias": "t",
                                                                "Startup Cost": 0.0,
                                                                "Total Cost": 43899.01,
                                                                "Plan Rows": 248871,
                                                                "Plan Width": 4,
                                                                "Actual Startup Time": 0.073,
                                                                "Actual Total Time": 77.5,
                                                                "Actual Rows": 140721,
                                                                "Actual Loops": 7,
                                                                "Output": [
                                                                    "t.id"
                                                                ],
                                                                "Filter": "(t.kind_id < 7)",
                                                                "Rows Removed by Filter": 220466,
                                                                "Workers": [
                                                                    {
                                                                        "Worker Number": 0,
                                                                        "Actual Startup Time": 0.086,
                                                                        "Actual Total Time": 79.889,
                                                                        "Actual Rows": 111189,
                                                                        "Actual Loops": 1
                                                                    },
                                                                    {
                                                                        "Worker Number": 1,
                                                                        "Actual Startup Time": 0.088,
                                                                        "Actual Total Time": 78.086,
                                                                        "Actual Rows": 148852,
                                                                        "Actual Loops": 1
                                                                    },
                                                                    {
                                                                        "Worker Number": 2,
                                                                        "Actual Startup Time": 0.078,
                                                                        "Actual Total Time": 78.524,
                                                                        "Actual Rows": 147847,
                                                                        "Actual Loops": 1
                                                                    },
                                                                    {
                                                                        "Worker Number": 3,
                                                                        "Actual Startup Time": 0.074,
                                                                        "Actual Total Time": 77.841,
                                                                        "Actual Rows": 149014,
                                                                        "Actual Loops": 1
                                                                    },
                                                                    {
                                                                        "Worker Number": 4,
                                                                        "Actual Startup Time": 0.081,
                                                                        "Actual Total Time": 77.147,
                                                                        "Actual Rows": 134160,
                                                                        "Actual Loops": 1
                                                                    },
                                                                    {
                                                                        "Worker Number": 5,
                                                                        "Actual Startup Time": 0.084,
                                                                        "Actual Total Time": 77.328,
                                                                        "Actual Rows": 129456,
                                                                        "Actual Loops": 1
                                                                    }
                                                                ]
                                                            }
                                                        ]
                                                    }
                                                ]
                                            }
                                        ]
                                    }
                                ]
                            }
                        ]
                    }
                ]
            }
        ]
    },
    "Planning Time": 1.685,
    "Triggers": [],
    "Execution Time": 3604.205
}