[
  {
    "Plan": {
      "Node Type": "Aggregate",
      "Strategy": "Plain",
      "Partial Mode": "Finalize",
      "Parallel Aware": false,
      "Startup Cost": 32269.81,
      "Total Cost": 32269.82,
      "Plan Rows": 1,
      "Plan Width": 8,
      "Actual Startup Time": 136.39,
      "Actual Total Time": 142.27,
      "Actual Rows": 1,
      "Actual Loops": 1,
      "Plans": [
        {
          "Node Type": "Gather",
          "Parent Relationship": "Outer",
          "Parallel Aware": false,
          "Startup Cost": 32269.49,
          "Total Cost": 32269.8,
          "Plan Rows": 3,
          "Plan Width": 8,
          "Actual Startup Time": 136.307,
          "Actual Total Time": 142.261,
          "Actual Rows": 4,
          "Actual Loops": 1,
          "Workers Planned": 3,
          "Workers Launched": 3,
          "Single Copy": false,
          "Plans": [
            {
              "Node Type": "Aggregate",
              "Strategy": "Plain",
              "Partial Mode": "Partial",
              "Parent Relationship": "Outer",
              "Parallel Aware": false,
              "Startup Cost": 31269.49,
              "Total Cost": 31269.5,
              "Plan Rows": 1,
              "Plan Width": 8,
              "Actual Startup Time": 128.03,
              "Actual Total Time": 128.031,
              "Actual Rows": 1,
              "Actual Loops": 4,
              "Plans": [
                {
                  "Node Type": "Seq Scan",
                  "Parent Relationship": "Outer",
                  "Parallel Aware": true,
                  "Relation Name": "movie_companies",
                  "Alias": "mc",
                  "Startup Cost": 0.0,
                  "Total Cost": 29310.68,
                  "Plan Rows": 783524,
                  "Plan Width": 0,
                  "Actual Startup Time": 0.051,
                  "Actual Total Time": 94.597,
                  "Actual Rows": 606898,
                  "Actual Loops": 4,
                  "Filter": "(company_id > 39)",
                  "Rows Removed by Filter": 45384
                }
              ]
            }
          ]
        }
      ]
    },
    "Planning Time": 0.278,
    "Triggers": [],
    "Execution Time": 142.322
  }
]