[
  {
    "Plan": {
      "Node Type": "Aggregate",
      "Strategy": "Plain",
      "Partial Mode": "Finalize",
      "Parallel Aware": false,
      "Startup Cost": 351827.4,
      "Total Cost": 351827.41,
      "Plan Rows": 1,
      "Plan Width": 8,
      "Actual Startup Time": 441.82,
      "Actual Total Time": 500.797,
      "Actual Rows": 1,
      "Actual Loops": 1,
      "Plans": [
        {
          "Node Type": "Gather",
          "Parent Relationship": "Outer",
          "Parallel Aware": false,
          "Startup Cost": 351826.98,
          "Total Cost": 351827.39,
          "Plan Rows": 4,
          "Plan Width": 8,
          "Actual Startup Time": 441.542,
          "Actual Total Time": 500.785,
          "Actual Rows": 5,
          "Actual Loops": 1,
          "Workers Planned": 4,
          "Workers Launched": 4,
          "Single Copy": false,
          "Plans": [
            {
              "Node Type": "Aggregate",
              "Strategy": "Plain",
              "Partial Mode": "Partial",
              "Parent Relationship": "Outer",
              "Parallel Aware": false,
              "Startup Cost": 350826.98,
              "Total Cost": 350826.99,
              "Plan Rows": 1,
              "Plan Width": 8,
              "Actual Startup Time": 433.015,
              "Actual Total Time": 433.016,
              "Actual Rows": 1,
              "Actual Loops": 5,
              "Plans": [
                {
                  "Node Type": "Nested Loop",
                  "Parent Relationship": "Outer",
                  "Parallel Aware": false,
                  "Join Type": "Inner",
                  "Startup Cost": 0.56,
                  "Total Cost": 350594.16,
                  "Plan Rows": 93128,
                  "Plan Width": 0,
                  "Actual Startup Time": 46.936,
                  "Actual Total Time": 426.866,
                  "Actual Rows": 79981,
                  "Actual Loops": 5,
                  "Inner Unique": false,
                  "Plans": [
                    {
                      "Node Type": "Seq Scan",
                      "Parent Relationship": "Outer",
                      "Parallel Aware": true,
                      "Relation Name": "title",
                      "Alias": "t",
                      "Startup Cost": 0.0,
                      "Total Cost": 45479.59,
                      "Plan Rows": 10447,
                      "Plan Width": 4,
                      "Actual Startup Time": 46.817,
                      "Actual Total Time": 88.55,
                      "Actual Rows": 7912,
                      "Actual Loops": 5,
                      "Filter": "((kind_id = 1) AND (production_year = 2012))",
                      "Rows Removed by Filter": 497750
                    },
                    {
                      "Node Type": "Index Scan",
                      "Parent Relationship": "Inner",
                      "Parallel Aware": false,
                      "Scan Direction": "Forward",
                      "Index Name": "movie_id_cast_info",
                      "Relation Name": "cast_info",
                      "Alias": "ci",
                      "Startup Cost": 0.56,
                      "Total Cost": 28.99,
                      "Plan Rows": 22,
                      "Plan Width": 4,
                      "Actual Startup Time": 0.01,
                      "Actual Total Time": 0.041,
                      "Actual Rows": 10,
                      "Actual Loops": 39560,
                      "Index Cond": "(movie_id = t.id)",
                      "Rows Removed by Index Recheck": 0,
                      "Filter": "((person_id < 2764034) AND (role_id < 9))",
                      "Rows Removed by Filter": 6
                    }
                  ]
                }
              ]
            }
          ]
        }
      ]
    },
    "Planning Time": 0.715,
    "Triggers": [],
    "Execution Time": 500.894
  }
]