{
    "Plan": {
        "Node Type": "Aggregate",
        "Strategy": "Plain",
        "Partial Mode": "Finalize",
        "Parallel Aware": false,
        "Startup Cost": 245831.53,
        "Total Cost": 245831.54,
        "Plan Rows": 1,
        "Plan Width": 8,
        "Actual Startup Time": 459.376,
        "Actual Total Time": 504.09,
        "Actual Rows": 1,
        "Actual Loops": 1,
        "Output": [
            "count(*)"
        ],
        "Plans": [
            {
                "Node Type": "Gather",
                "Parent Relationship": "Outer",
                "Parallel Aware": false,
                "Startup Cost": 245831.01,
                "Total Cost": 245831.52,
                "Plan Rows": 5,
                "Plan Width": 8,
                "Actual Startup Time": 458.498,
                "Actual Total Time": 504.079,
                "Actual Rows": 6,
                "Actual Loops": 1,
                "Output": [
                    "(PARTIAL count(*))"
                ],
                "Workers Planned": 5,
                "Workers Launched": 5,
                "Single Copy": false,
                "Plans": [
                    {
                        "Node Type": "Aggregate",
                        "Strategy": "Plain",
                        "Partial Mode": "Partial",
                        "Parent Relationship": "Outer",
                        "Parallel Aware": false,
                        "Startup Cost": 244831.01,
                        "Total Cost": 244831.02,
                        "Plan Rows": 1,
                        "Plan Width": 8,
                        "Actual Startup Time": 448.032,
                        "Actual Total Time": 448.035,
                        "Actual Rows": 1,
                        "Actual Loops": 6,
                        "Output": [
                            "PARTIAL count(*)"
                        ],
                        "Workers": [
                            {
                                "Worker Number": 0,
                                "Actual Startup Time": 447.321,
                                "Actual Total Time": 447.325,
                                "Actual Rows": 1,
                                "Actual Loops": 1
                            },
                            {
                                "Worker Number": 1,
                                "Actual Startup Time": 446.651,
                                "Actual Total Time": 446.653,
                                "Actual Rows": 1,
                                "Actual Loops": 1
                            },
                            {
                                "Worker Number": 2,
                                "Actual Startup Time": 446.65,
                                "Actual Total Time": 446.652,
                                "Actual Rows": 1,
                                "Actual Loops": 1
                            },
                            {
                                "Worker Number": 3,
                                "Actual Startup Time": 446.186,
                                "Actual Total Time": 446.189,
                                "Actual Rows": 1,
                                "Actual Loops": 1
                            },
                            {
                                "Worker Number": 4,
                                "Actual Startup Time": 446.004,
                                "Actual Total Time": 446.007,
                                "Actual Rows": 1,
                                "Actual Loops": 1
                            }
                        ],
                        "Plans": [
                            {
                                "Node Type": "Hash Join",
                                "Parent Relationship": "Outer",
                                "Parallel Aware": true,
                                "Join Type": "Inner",
                                "Startup Cost": 45765.16,
                                "Total Cost": 244824.84,
                                "Plan Rows": 2467,
                                "Plan Width": 0,
                                "Actual Startup Time": 285.18,
                                "Actual Total Time": 447.831,
                                "Actual Rows": 2360,
                                "Actual Loops": 6,
                                "Inner Unique": true,
                                "Hash Cond": "(mi.movie_id = t.id)",
                                "Workers": [
                                    {
                                        "Worker Number": 0,
                                        "Actual Startup Time": 284.518,
                                        "Actual Total Time": 447.149,
                                        "Actual Rows": 1656,
                                        "Actual Loops": 1
                                    },
                                    {
                                        "Worker Number": 1,
                                        "Actual Startup Time": 283.636,
                                        "Actual Total Time": 446.436,
                                        "Actual Rows": 2079,
                                        "Actual Loops": 1
                                    },
                                    {
                                        "Worker Number": 2,
                                        "Actual Startup Time": 283.665,
                                        "Actual Total Time": 446.448,
                                        "Actual Rows": 1955,
                                        "Actual Loops": 1
                                    },
                                    {
                                        "Worker Number": 3,
                                        "Actual Startup Time": 283.675,
                                        "Actual Total Time": 445.973,
                                        "Actual Rows": 1961,
                                        "Actual Loops": 1
                                    },
                                    {
                                        "Worker Number": 4,
                                        "Actual Startup Time": 283.185,
                                        "Actual Total Time": 445.8,
                                        "Actual Rows": 1952,
                                        "Actual Loops": 1
                                    }
                                ],
                                "Plans": [
                                    {
                                        "Node Type": "Seq Scan",
                                        "Parent Relationship": "Outer",
                                        "Parallel Aware": true,
                                        "Relation Name": "movie_info",
                                        "Schema": "public",
                                        "Alias": "mi",
                                        "Startup Cost": 0.0,
                                        "Total Cost": 198880.74,
                                        "Plan Rows": 68169,
                                        "Plan Width": 4,
                                        "Actual Startup Time": 188.838,
                                        "Actual Total Time": 347.0,
                                        "Actual Rows": 61370,
                                        "Actual Loops": 6,
                                        "Output": [
                                            "mi.id",
                                            "mi.movie_id",
                                            "mi.info_type_id",
                                            "mi.info",
                                            "mi.note"
                                        ],
                                        "Filter": "(mi.info_type_id = 17)",
                                        "Rows Removed by Filter": 2411250,
                                        "Workers": [
                                            {
                                                "Worker Number": 0,
                                                "Actual Startup Time": 189.352,
                                                "Actual Total Time": 347.381,
                                                "Actual Rows": 45471,
                                                "Actual Loops": 1
                                            },
                                            {
                                                "Worker Number": 1,
                                                "Actual Startup Time": 188.286,
                                                "Actual Total Time": 347.63,
                                                "Actual Rows": 50557,
                                                "Actual Loops": 1
                                            },
                                            {
                                                "Worker Number": 2,
                                                "Actual Startup Time": 188.268,
                                                "Actual Total Time": 347.554,
                                                "Actual Rows": 50436,
                                                "Actual Loops": 1
                                            },
                                            {
                                                "Worker Number": 3,
                                                "Actual Startup Time": 189.356,
                                                "Actual Total Time": 347.619,
                                                "Actual Rows": 50027,
                                                "Actual Loops": 1
                                            },
                                            {
                                                "Worker Number": 4,
                                                "Actual Startup Time": 189.469,
                                                "Actual Total Time": 347.524,
                                                "Actual Rows": 51033,
                                                "Actual Loops": 1
                                            }
                                        ]
                                    },
                                    {
                                        "Node Type": "Hash",
                                        "Parent Relationship": "Inner",
                                        "Parallel Aware": true,
                                        "Startup Cost": 45479.21,
                                        "Total Cost": 45479.21,
                                        "Plan Rows": 22876,
                                        "Plan Width": 4,
                                        "Actual Startup Time": 90.489,
                                        "Actual Total Time": 90.49,
                                        "Actual Rows": 13498,
                                        "Actual Loops": 6,
                                        "Output": [
                                            "t.id"
                                        ],
                                        "Hash Buckets": 131072,
                                        "Original Hash Buckets": 131072,
                                        "Hash Batches": 1,
                                        "Original Hash Batches": 1,
                                        "Peak Memory Usage": 4256,
                                        "Workers": [
                                            {
                                                "Worker Number": 0,
                                                "Actual Startup Time": 90.333,
                                                "Actual Total Time": 90.334,
                                                "Actual Rows": 11279,
                                                "Actual Loops": 1
                                            },
                                            {
                                                "Worker Number": 1,
                                                "Actual Startup Time": 89.727,
                                                "Actual Total Time": 89.728,
                                                "Actual Rows": 12003,
                                                "Actual Loops": 1
                                            },
                                            {
                                                "Worker Number": 2,
                                                "Actual Startup Time": 89.726,
                                                "Actual Total Time": 89.727,
                                                "Actual Rows": 12148,
                                                "Actual Loops": 1
                                            },
                                            {
                                                "Worker Number": 3,
                                                "Actual Startup Time": 89.228,
                                                "Actual Total Time": 89.229,
                                                "Actual Rows": 9846,
                                                "Actual Loops": 1
                                            },
                                            {
                                                "Worker Number": 4,
                                                "Actual Startup Time": 89.108,
                                                "Actual Total Time": 89.108,
                                                "Actual Rows": 12182,
                                                "Actual Loops": 1
                                            }
                                        ],
                                        "Plans": [
                                            {
                                                "Node Type": "Seq Scan",
                                                "Parent Relationship": "Outer",
                                                "Parallel Aware": true,
                                                "Relation Name": "title",
                                                "Schema": "public",
                                                "Alias": "t",
                                                "Startup Cost": 0.0,
                                                "Total Cost": 45479.21,
                                                "Plan Rows": 22876,
                                                "Plan Width": 4,
                                                "Actual Startup Time": 0.181,
                                                "Actual Total Time": 83.955,
                                                "Actual Rows": 13498,
                                                "Actual Loops": 6,
                                                "Output": [
                                                    "t.id"
                                                ],
                                                "Filter": "((t.kind_id < 7) AND (t.production_year > 2011))",
                                                "Rows Removed by Filter": 407887,
                                                "Workers": [
                                                    {
                                                        "Worker Number": 0,
                                                        "Actual Startup Time": 0.378,
                                                        "Actual Total Time": 83.505,
                                                        "Actual Rows": 11279,
                                                        "Actual Loops": 1
                                                    },
                                                    {
                                                        "Worker Number": 1,
                                                        "Actual Startup Time": 0.066,
                                                        "Actual Total Time": 83.101,
                                                        "Actual Rows": 12003,
                                                        "Actual Loops": 1
                                                    },
                                                    {
                                                        "Worker Number": 2,
                                                        "Actual Startup Time": 0.064,
                                                        "Actual Total Time": 83.35,
                                                        "Actual Rows": 12148,
                                                        "Actual Loops": 1
                                                    },
                                                    {
                                                        "Worker Number": 3,
                                                        "Actual Startup Time": 0.45,
                                                        "Actual Total Time": 83.264,
                                                        "Actual Rows": 9846,
                                                        "Actual Loops": 1
                                                    },
                                                    {
                                                        "Worker Number": 4,
                                                        "Actual Startup Time": 0.055,
                                                        "Actual Total Time": 82.854,
                                                        "Actual Rows": 12182,
                                                        "Actual Loops": 1
                                                    }
                                                ]
                                            }
                                        ]
                                    }
                                ]
                            }
                        ]
                    }
                ]
            }
        ]
    },
    "Planning Time": 0.713,
    "Triggers": [],
    "Execution Time": 504.184
}