[
  {
    "Plan": {
      "Node Type": "Aggregate",
      "Strategy": "Plain",
      "Partial Mode": "Finalize",
      "Parallel Aware": false,
      "Startup Cost": 77433.3,
      "Total Cost": 77433.31,
      "Plan Rows": 1,
      "Plan Width": 8,
      "Actual Startup Time": 253.689,
      "Actual Total Time": 272.226,
      "Actual Rows": 1,
      "Actual Loops": 1,
      "Plans": [
        {
          "Node Type": "Gather",
          "Parent Relationship": "Outer",
          "Parallel Aware": false,
          "Startup Cost": 77432.98,
          "Total Cost": 77433.29,
          "Plan Rows": 3,
          "Plan Width": 8,
          "Actual Startup Time": 252.026,
          "Actual Total Time": 272.218,
          "Actual Rows": 4,
          "Actual Loops": 1,
          "Workers Planned": 3,
          "Workers Launched": 3,
          "Single Copy": false,
          "Plans": [
            {
              "Node Type": "Aggregate",
              "Strategy": "Plain",
              "Partial Mode": "Partial",
              "Parent Relationship": "Outer",
              "Parallel Aware": false,
              "Startup Cost": 76432.98,
              "Total Cost": 76432.99,
              "Plan Rows": 1,
              "Plan Width": 8,
              "Actual Startup Time": 247.789,
              "Actual Total Time": 247.792,
              "Actual Rows": 1,
              "Actual Loops": 4,
              "Plans": [
                {
                  "Node Type": "Hash Join",
                  "Parent Relationship": "Outer",
                  "Parallel Aware": true,
                  "Join Type": "Inner",
                  "Startup Cost": 46536.91,
                  "Total Cost": 76366.81,
                  "Plan Rows": 26468,
                  "Plan Width": 0,
                  "Actual Startup Time": 169.9,
                  "Actual Total Time": 245.693,
                  "Actual Rows": 44354,
                  "Actual Loops": 4,
                  "Inner Unique": true,
                  "Hash Cond": "(mc.movie_id = t.id)",
                  "Plans": [
                    {
                      "Node Type": "Seq Scan",
                      "Parent Relationship": "Outer",
                      "Parallel Aware": true,
                      "Relation Name": "movie_companies",
                      "Alias": "mc",
                      "Startup Cost": 0.0,
                      "Total Cost": 29310.68,
                      "Plan Rows": 197798,
                      "Plan Width": 4,
                      "Actual Startup Time": 27.079,
                      "Actual Total Time": 63.923,
                      "Actual Rows": 151903,
                      "Actual Loops": 4,
                      "Filter": "(company_id > 65419)",
                      "Rows Removed by Filter": 500379
                    },
                    {
                      "Node Type": "Hash",
                      "Parent Relationship": "Inner",
                      "Parallel Aware": true,
                      "Startup Cost": 45479.59,
                      "Total Cost": 45479.59,
                      "Plan Rows": 84586,
                      "Plan Width": 4,
                      "Actual Startup Time": 140.817,
                      "Actual Total Time": 140.818,
                      "Actual Rows": 114350,
                      "Actual Loops": 4,
                      "Hash Buckets": 524288,
                      "Original Hash Buckets": 524288,
                      "Hash Batches": 1,
                      "Original Hash Batches": 1,
                      "Peak Memory Usage": 22048,
                      "Plans": [
                        {
                          "Node Type": "Seq Scan",
                          "Parent Relationship": "Outer",
                          "Parallel Aware": true,
                          "Relation Name": "title",
                          "Alias": "t",
                          "Startup Cost": 0.0,
                          "Total Cost": 45479.59,
                          "Plan Rows": 84586,
                          "Plan Width": 4,
                          "Actual Startup Time": 0.029,
                          "Actual Total Time": 101.168,
                          "Actual Rows": 114350,
                          "Actual Loops": 4,
                          "Filter": "((kind_id < 7) AND (production_year < 1997))",
                          "Rows Removed by Filter": 517728
                        }
                      ]
                    }
                  ]
                }
              ]
            }
          ]
        }
      ]
    },
    "Planning Time": 0.34,
    "Triggers": [],
    "Execution Time": 272.266
  }
]