[
    {
        "Bao": {
            "Bao prediction": "NaN",
            "Bao recommended hint": "(no hint)"
        }
    },
    {
        "Plan": {
            "Node Type": "Aggregate",
            "Strategy": "Plain",
            "Partial Mode": "Finalize",
            "Parallel Aware": false,
            "Startup Cost": 72217.16,
            "Total Cost": 72217.17,
            "Plan Rows": 1,
            "Plan Width": 8,
            "Actual Startup Time": 225.561,
            "Actual Total Time": 234.075,
            "Actual Rows": 1,
            "Actual Loops": 1,
            "Output": [
                "count(*)"
            ],
            "Plans": [
                {
                    "Node Type": "Gather",
                    "Parent Relationship": "Outer",
                    "Parallel Aware": false,
                    "Startup Cost": 72216.74,
                    "Total Cost": 72217.15,
                    "Plan Rows": 4,
                    "Plan Width": 8,
                    "Actual Startup Time": 223.822,
                    "Actual Total Time": 234.065,
                    "Actual Rows": 5,
                    "Actual Loops": 1,
                    "Output": [
                        "(PARTIAL count(*))"
                    ],
                    "Workers Planned": 4,
                    "Workers Launched": 4,
                    "Single Copy": false,
                    "Plans": [
                        {
                            "Node Type": "Aggregate",
                            "Strategy": "Plain",
                            "Partial Mode": "Partial",
                            "Parent Relationship": "Outer",
                            "Parallel Aware": false,
                            "Startup Cost": 71216.74,
                            "Total Cost": 71216.75,
                            "Plan Rows": 1,
                            "Plan Width": 8,
                            "Actual Startup Time": 214.347,
                            "Actual Total Time": 214.351,
                            "Actual Rows": 1,
                            "Actual Loops": 5,
                            "Output": [
                                "PARTIAL count(*)"
                            ],
                            "Workers": [
                                {
                                    "Worker Number": 0,
                                    "Actual Startup Time": 211.686,
                                    "Actual Total Time": 211.689,
                                    "Actual Rows": 1,
                                    "Actual Loops": 1
                                },
                                {
                                    "Worker Number": 1,
                                    "Actual Startup Time": 211.898,
                                    "Actual Total Time": 211.902,
                                    "Actual Rows": 1,
                                    "Actual Loops": 1
                                },
                                {
                                    "Worker Number": 2,
                                    "Actual Startup Time": 212.47,
                                    "Actual Total Time": 212.474,
                                    "Actual Rows": 1,
                                    "Actual Loops": 1
                                },
                                {
                                    "Worker Number": 3,
                                    "Actual Startup Time": 212.177,
                                    "Actual Total Time": 212.181,
                                    "Actual Rows": 1,
                                    "Actual Loops": 1
                                }
                            ],
                            "Plans": [
                                {
                                    "Node Type": "Hash Join",
                                    "Parent Relationship": "Outer",
                                    "Parallel Aware": true,
                                    "Join Type": "Inner",
                                    "Startup Cost": 25418.55,
                                    "Total Cost": 71077.47,
                                    "Plan Rows": 55710,
                                    "Plan Width": 0,
                                    "Actual Startup Time": 64.45,
                                    "Actual Total Time": 211.886,
                                    "Actual Rows": 44777,
                                    "Actual Loops": 5,
                                    "Inner Unique": false,
                                    "Hash Cond": "(t.id = mc.movie_id)",
                                    "Workers": [
                                        {
                                            "Worker Number": 0,
                                            "Actual Startup Time": 61.829,
                                            "Actual Total Time": 209.297,
                                            "Actual Rows": 47094,
                                            "Actual Loops": 1
                                        },
                                        {
                                            "Worker Number": 1,
                                            "Actual Startup Time": 62.004,
                                            "Actual Total Time": 209.509,
                                            "Actual Rows": 47059,
                                            "Actual Loops": 1
                                        },
                                        {
                                            "Worker Number": 2,
                                            "Actual Startup Time": 62.45,
                                            "Actual Total Time": 210.043,
                                            "Actual Rows": 46615,
                                            "Actual Loops": 1
                                        },
                                        {
                                            "Worker Number": 3,
                                            "Actual Startup Time": 62.356,
                                            "Actual Total Time": 209.523,
                                            "Actual Rows": 30935,
                                            "Actual Loops": 1
                                        }
                                    ],
                                    "Plans": [
                                        {
                                            "Node Type": "Seq Scan",
                                            "Parent Relationship": "Outer",
                                            "Parallel Aware": true,
                                            "Relation Name": "title",
                                            "Schema": "public",
                                            "Alias": "t",
                                            "Startup Cost": 0.0,
                                            "Total Cost": 42318.81,
                                            "Plan Rows": 632080,
                                            "Plan Width": 4,
                                            "Actual Startup Time": 0.008,
                                            "Actual Total Time": 62.492,
                                            "Actual Rows": 505662,
                                            "Actual Loops": 5,
                                            "Output": [
                                                "t.id",
                                                "t.title",
                                                "t.imdb_index",
                                                "t.kind_id",
                                                "t.production_year",
                                                "t.imdb_id",
                                                "t.phonetic_code",
                                                "t.episode_of_id",
                                                "t.season_nr",
                                                "t.episode_nr",
                                                "t.series_years",
                                                "t.md5sum"
                                            ],
                                            "Workers": [
                                                {
                                                    "Worker Number": 0,
                                                    "Actual Startup Time": 0.01,
                                                    "Actual Total Time": 63.251,
                                                    "Actual Rows": 523220,
                                                    "Actual Loops": 1
                                                },
                                                {
                                                    "Worker Number": 1,
                                                    "Actual Startup Time": 0.006,
                                                    "Actual Total Time": 64.042,
                                                    "Actual Rows": 526992,
                                                    "Actual Loops": 1
                                                },
                                                {
                                                    "Worker Number": 2,
                                                    "Actual Startup Time": 0.007,
                                                    "Actual Total Time": 63.162,
                                                    "Actual Rows": 522709,
                                                    "Actual Loops": 1
                                                },
                                                {
                                                    "Worker Number": 3,
                                                    "Actual Startup Time": 0.01,
                                                    "Actual Total Time": 65.528,
                                                    "Actual Rows": 344760,
                                                    "Actual Loops": 1
                                                }
                                            ]
                                        },
                                        {
                                            "Node Type": "Hash",
                                            "Parent Relationship": "Inner",
                                            "Parallel Aware": true,
                                            "Startup Cost": 24520.0,
                                            "Total Cost": 24520.0,
                                            "Plan Rows": 71884,
                                            "Plan Width": 4,
                                            "Actual Startup Time": 63.161,
                                            "Actual Total Time": 63.163,
                                            "Actual Rows": 44777,
                                            "Actual Loops": 5,
                                            "Output": [
                                                "mc.movie_id"
                                            ],
                                            "Hash Buckets": 262144,
                                            "Original Hash Buckets": 262144,
                                            "Hash Batches": 1,
                                            "Original Hash Batches": 1,
                                            "Peak Memory Usage": 10880,
                                            "Workers": [
                                                {
                                                    "Worker Number": 0,
                                                    "Actual Startup Time": 61.337,
                                                    "Actual Total Time": 61.338,
                                                    "Actual Rows": 30563,
                                                    "Actual Loops": 1
                                                },
                                                {
                                                    "Worker Number": 1,
                                                    "Actual Startup Time": 61.603,
                                                    "Actual Total Time": 61.604,
                                                    "Actual Rows": 31010,
                                                    "Actual Loops": 1
                                                },
                                                {
                                                    "Worker Number": 2,
                                                    "Actual Startup Time": 61.97,
                                                    "Actual Total Time": 61.972,
                                                    "Actual Rows": 32974,
                                                    "Actual Loops": 1
                                                },
                                                {
                                                    "Worker Number": 3,
                                                    "Actual Startup Time": 61.876,
                                                    "Actual Total Time": 61.878,
                                                    "Actual Rows": 29016,
                                                    "Actual Loops": 1
                                                }
                                            ],
                                            "Plans": [
                                                {
                                                    "Node Type": "Bitmap Heap Scan",
                                                    "Parent Relationship": "Outer",
                                                    "Parallel Aware": true,
                                                    "Relation Name": "movie_companies",
                                                    "Schema": "public",
                                                    "Alias": "mc",
                                                    "Startup Cost": 4831.45,
                                                    "Total Cost": 24520.0,
                                                    "Plan Rows": 71884,
                                                    "Plan Width": 4,
                                                    "Actual Startup Time": 9.091,
                                                    "Actual Total Time": 46.356,
                                                    "Actual Rows": 44777,
                                                    "Actual Loops": 5,
                                                    "Output": [
                                                        "mc.movie_id"
                                                    ],
                                                    "Recheck Cond": "(mc.company_id < 82)",
                                                    "Rows Removed by Index Recheck": 0,
                                                    "Exact Heap Blocks": 7450,
                                                    "Lossy Heap Blocks": 0,
                                                    "Workers": [
                                                        {
                                                            "Worker Number": 0,
                                                            "Actual Startup Time": 7.41,
                                                            "Actual Total Time": 44.968,
                                                            "Actual Rows": 30563,
                                                            "Actual Loops": 1
                                                        },
                                                        {
                                                            "Worker Number": 1,
                                                            "Actual Startup Time": 7.527,
                                                            "Actual Total Time": 45.756,
                                                            "Actual Rows": 31010,
                                                            "Actual Loops": 1
                                                        },
                                                        {
                                                            "Worker Number": 2,
                                                            "Actual Startup Time": 7.916,
                                                            "Actual Total Time": 47.037,
                                                            "Actual Rows": 32974,
                                                            "Actual Loops": 1
                                                        },
                                                        {
                                                            "Worker Number": 3,
                                                            "Actual Startup Time": 7.772,
                                                            "Actual Total Time": 46.721,
                                                            "Actual Rows": 29016,
                                                            "Actual Loops": 1
                                                        }
                                                    ],
                                                    "Plans": [
                                                        {
                                                            "Node Type": "Bitmap Index Scan",
                                                            "Parent Relationship": "Outer",
                                                            "Parallel Aware": false,
                                                            "Index Name": "company_id_movie_companies",
                                                            "Startup Cost": 0.0,
                                                            "Total Cost": 4775.74,
                                                            "Plan Rows": 222841,
                                                            "Plan Width": 0,
                                                            "Actual Startup Time": 12.125,
                                                            "Actual Total Time": 12.125,
                                                            "Actual Rows": 223883,
                                                            "Actual Loops": 1,
                                                            "Index Cond": "(mc.company_id < 82)"
                                                        }
                                                    ]
                                                }
                                            ]
                                        }
                                    ]
                                }
                            ]
                        }
                    ]
                }
            ]
        },
        "Planning Time": 190.747,
        "Triggers": [],
        "Execution Time": 234.143
    }
]