[
  {
    "Plan": {
      "Node Type": "Aggregate",
      "Strategy": "Plain",
      "Partial Mode": "Finalize",
      "Parallel Aware": false,
      "Startup Cost": 36453.41,
      "Total Cost": 36453.42,
      "Plan Rows": 1,
      "Plan Width": 8,
      "Actual Startup Time": 129.446,
      "Actual Total Time": 140.574,
      "Actual Rows": 1,
      "Actual Loops": 1,
      "Plans": [
        {
          "Node Type": "Gather",
          "Parent Relationship": "Outer",
          "Parallel Aware": false,
          "Startup Cost": 36453.1,
          "Total Cost": 36453.41,
          "Plan Rows": 3,
          "Plan Width": 8,
          "Actual Startup Time": 129.146,
          "Actual Total Time": 140.565,
          "Actual Rows": 4,
          "Actual Loops": 1,
          "Workers Planned": 3,
          "Workers Launched": 3,
          "Single Copy": false,
          "Plans": [
            {
              "Node Type": "Aggregate",
              "Strategy": "Plain",
              "Partial Mode": "Partial",
              "Parent Relationship": "Outer",
              "Parallel Aware": false,
              "Startup Cost": 35453.1,
              "Total Cost": 35453.11,
              "Plan Rows": 1,
              "Plan Width": 8,
              "Actual Startup Time": 121.732,
              "Actual Total Time": 121.733,
              "Actual Rows": 1,
              "Actual Loops": 4,
              "Plans": [
                {
                  "Node Type": "Bitmap Heap Scan",
                  "Parent Relationship": "Outer",
                  "Parallel Aware": true,
                  "Relation Name": "movie_keyword",
                  "Alias": "mk",
                  "Startup Cost": 8956.3,
                  "Total Cost": 35112.63,
                  "Plan Rows": 136186,
                  "Plan Width": 0,
                  "Actual Startup Time": 42.265,
                  "Actual Total Time": 114.979,
                  "Actual Rows": 109056,
                  "Actual Loops": 4,
                  "Recheck Cond": "(keyword_id < 337)",
                  "Rows Removed by Index Recheck": 0,
                  "Exact Heap Blocks": 12065,
                  "Lossy Heap Blocks": 0,
                  "Plans": [
                    {
                      "Node Type": "Bitmap Index Scan",
                      "Parent Relationship": "Outer",
                      "Parallel Aware": false,
                      "Index Name": "keyword_id_movie_keyword",
                      "Startup Cost": 0.0,
                      "Total Cost": 8850.76,
                      "Plan Rows": 422177,
                      "Plan Width": 0,
                      "Actual Startup Time": 44.719,
                      "Actual Total Time": 44.72,
                      "Actual Rows": 436224,
                      "Actual Loops": 1,
                      "Index Cond": "(keyword_id < 337)"
                    }
                  ]
                }
              ]
            }
          ]
        }
      ]
    },
    "Planning Time": 0.184,
    "Triggers": [],
    "Execution Time": 140.65
  }
]