{
  "Plan": {
    "Node Type": "Aggregate",
    "Strategy": "Plain",
    "Partial Mode": "Finalize",
    "Parallel Aware": false,
    "Startup Cost": 138054.73,
    "Total Cost": 138054.74,
    "Plan Rows": 1,
    "Plan Width": 8,
    "Actual Startup Time": 1082.323,
    "Actual Total Time": 1107.254,
    "Actual Rows": 1,
    "Actual Loops": 1,
    "Plans": [
      {
        "Node Type": "Gather",
        "Parent Relationship": "Outer",
        "Parallel Aware": false,
        "Startup Cost": 138054.62,
        "Total Cost": 138054.73,
        "Plan Rows": 1,
        "Plan Width": 8,
        "Actual Startup Time": 1076.762,
        "Actual Total Time": 1107.246,
        "Actual Rows": 2,
        "Actual Loops": 1,
        "Workers Planned": 1,
        "Workers Launched": 1,
        "Single Copy": false,
        "Plans": [
          {
            "Node Type": "Aggregate",
            "Strategy": "Plain",
            "Partial Mode": "Partial",
            "Parent Relationship": "Outer",
            "Parallel Aware": false,
            "Startup Cost": 137054.62,
            "Total Cost": 137054.63,
            "Plan Rows": 1,
            "Plan Width": 8,
            "Actual Startup Time": 1070.05,
            "Actual Total Time": 1070.057,
            "Actual Rows": 1,
            "Actual Loops": 2,
            "Plans": [
              {
                "Node Type": "Hash Join",
                "Parent Relationship": "Outer",
                "Parallel Aware": true,
                "Join Type": "Inner",
                "Startup Cost": 116345.99,
                "Total Cost": 136573.97,
                "Plan Rows": 192258,
                "Plan Width": 0,
                "Actual Startup Time": 862.371,
                "Actual Total Time": 1043.013,
                "Actual Rows": 687502,
                "Actual Loops": 2,
                "Inner Unique": false,
                "Hash Cond": "(mi_idx.movie_id = t.id)",
                "Plans": [
                  {
                    "Node Type": "Seq Scan",
                    "Parent Relationship": "Outer",
                    "Parallel Aware": true,
                    "Relation Name": "movie_info_idx",
                    "Alias": "mi_idx",
                    "Startup Cost": 0.0,
                    "Total Cost": 16052.85,
                    "Plan Rows": 811785,
                    "Plan Width": 4,
                    "Actual Startup Time": 0.018,
                    "Actual Total Time": 53.189,
                    "Actual Rows": 690018,
                    "Actual Loops": 2
                  },
                  {
                    "Node Type": "Hash",
                    "Parent Relationship": "Inner",
                    "Parallel Aware": true,
                    "Startup Cost": 111943.16,
                    "Total Cost": 111943.16,
                    "Plan Rows": 352227,
                    "Plan Width": 8,
                    "Actual Startup Time": 841.575,
                    "Actual Total Time": 841.58,
                    "Actual Rows": 293211,
                    "Actual Loops": 2,
                    "Hash Buckets": 1048576,
                    "Original Hash Buckets": 1048576,
                    "Hash Batches": 1,
                    "Original Hash Batches": 1,
                    "Peak Memory Usage": 31136,
                    "Plans": [
                      {
                        "Node Type": "Hash Join",
                        "Parent Relationship": "Outer",
                        "Parallel Aware": true,
                        "Join Type": "Inner",
                        "Startup Cost": 82161.72,
                        "Total Cost": 111943.16,
                        "Plan Rows": 352227,
                        "Plan Width": 8,
                        "Actual Startup Time": 604.185,
                        "Actual Total Time": 771.649,
                        "Actual Rows": 293211,
                        "Actual Loops": 2,
                        "Inner Unique": true,
                        "Hash Cond": "(mk.movie_id = t.id)",
                        "Plans": [
                          {
                            "Node Type": "Bitmap Heap Scan",
                            "Parent Relationship": "Outer",
                            "Parallel Aware": true,
                            "Relation Name": "movie_keyword",
                            "Alias": "mk",
                            "Startup Cost": 12701.02,
                            "Total Cost": 41557.86,
                            "Plan Rows": 352227,
                            "Plan Width": 4,
                            "Actual Startup Time": 36.095,
                            "Actual Total Time": 123.428,
                            "Actual Rows": 293211,
                            "Actual Loops": 2,
                            "Recheck Cond": "(keyword_id > 31285)",
                            "Rows Removed by Index Recheck": 0,
                            "Exact Heap Blocks": 12634,
                            "Lossy Heap Blocks": 0,
                            "Plans": [
                              {
                                "Node Type": "Bitmap Index Scan",
                                "Parent Relationship": "Outer",
                                "Parallel Aware": false,
                                "Index Name": "keyword_id_movie_keyword",
                                "Startup Cost": 0.0,
                                "Total Cost": 12551.33,
                                "Plan Rows": 598786,
                                "Plan Width": 0,
                                "Actual Startup Time": 32.686,
                                "Actual Total Time": 32.687,
                                "Actual Rows": 586422,
                                "Actual Loops": 1,
                                "Index Cond": "(keyword_id > 31285)"
                              }
                            ]
                          },
                          {
                            "Node Type": "Hash",
                            "Parent Relationship": "Inner",
                            "Parallel Aware": true,
                            "Startup Cost": 50870.31,
                            "Total Cost": 50870.31,
                            "Plan Rows": 1487231,
                            "Plan Width": 4,
                            "Actual Startup Time": 551.89,
                            "Actual Total Time": 551.89,
                            "Actual Rows": 1264156,
                            "Actual Loops": 2,
                            "Hash Buckets": 4194304,
                            "Original Hash Buckets": 4194304,
                            "Hash Batches": 1,
                            "Original Hash Batches": 1,
                            "Peak Memory Usage": 131712,
                            "Plans": [
                              {
                                "Node Type": "Seq Scan",
                                "Parent Relationship": "Outer",
                                "Parallel Aware": true,
                                "Relation Name": "title",
                                "Alias": "t",
                                "Startup Cost": 0.0,
                                "Total Cost": 50870.31,
                                "Plan Rows": 1487231,
                                "Plan Width": 4,
                                "Actual Startup Time": 0.057,
                                "Actual Total Time": 162.1,
                                "Actual Rows": 1264156,
                                "Actual Loops": 2
                              }
                            ]
                          }
                        ]
                      }
                    ]
                  }
                ]
              }
            ]
          }
        ]
      }
    ]
  },
  "Planning Time": 0.93,
  "Triggers": [],
  "Execution Time": 1107.349
}