{
  "Plan": {
    "Node Type": "Aggregate",
    "Strategy": "Plain",
    "Partial Mode": "Simple",
    "Parallel Aware": false,
    "Startup Cost": 3803.75,
    "Total Cost": 3803.76,
    "Plan Rows": 1,
    "Plan Width": 96,
    "Actual Startup Time": 176.479,
    "Actual Total Time": 176.487,
    "Actual Rows": 1,
    "Actual Loops": 1,
    "Plans": [
      {
        "Node Type": "Nested Loop",
        "Parent Relationship": "Outer",
        "Parallel Aware": false,
        "Join Type": "Inner",
        "Startup Cost": 15.51,
        "Total Cost": 3803.74,
        "Plan Rows": 1,
        "Plan Width": 48,
        "Actual Startup Time": 45.395,
        "Actual Total Time": 176.321,
        "Actual Rows": 384,
        "Actual Loops": 1,
        "Inner Unique": true,
        "Plans": [
          {
            "Node Type": "Nested Loop",
            "Parent Relationship": "Outer",
            "Parallel Aware": false,
            "Join Type": "Inner",
            "Startup Cost": 15.08,
            "Total Cost": 3803.07,
            "Plan Rows": 1,
            "Plan Width": 36,
            "Actual Startup Time": 45.384,
            "Actual Total Time": 175.595,
            "Actual Rows": 384,
            "Actual Loops": 1,
            "Inner Unique": true,
            "Plans": [
              {
                "Node Type": "Nested Loop",
                "Parent Relationship": "Outer",
                "Parallel Aware": false,
                "Join Type": "Inner",
                "Startup Cost": 14.94,
                "Total Cost": 3802.89,
                "Plan Rows": 1,
                "Plan Width": 40,
                "Actual Startup Time": 42.303,
                "Actual Total Time": 174.598,
                "Actual Rows": 1014,
                "Actual Loops": 1,
                "Inner Unique": true,
                "Plans": [
                  {
                    "Node Type": "Nested Loop",
                    "Parent Relationship": "Outer",
                    "Parallel Aware": false,
                    "Join Type": "Inner",
                    "Startup Cost": 14.52,
                    "Total Cost": 3802.45,
                    "Plan Rows": 1,
                    "Plan Width": 44,
                    "Actual Startup Time": 42.294,
                    "Actual Total Time": 167.02,
                    "Actual Rows": 4044,
                    "Actual Loops": 1,
                    "Inner Unique": true,
                    "Plans": [
                      {
                        "Node Type": "Nested Loop",
                        "Parent Relationship": "Outer",
                        "Parallel Aware": false,
                        "Join Type": "Inner",
                        "Startup Cost": 14.38,
                        "Total Cost": 3802.27,
                        "Plan Rows": 1,
                        "Plan Width": 48,
                        "Actual Startup Time": 42.288,
                        "Actual Total Time": 162.525,
                        "Actual Rows": 4044,
                        "Actual Loops": 1,
                        "Inner Unique": false,
                        "Join Filter": "(n.id = an.person_id)",
                        "Rows Removed by Join Filter": 0,
                        "Plans": [
                          {
                            "Node Type": "Nested Loop",
                            "Parent Relationship": "Outer",
                            "Parallel Aware": false,
                            "Join Type": "Inner",
                            "Startup Cost": 13.96,
                            "Total Cost": 3801.77,
                            "Plan Rows": 1,
                            "Plan Width": 60,
                            "Actual Startup Time": 42.275,
                            "Actual Total Time": 151.585,
                            "Actual Rows": 4002,
                            "Actual Loops": 1,
                            "Inner Unique": true,
                            "Join Filter": "(mi.info_type_id = it.id)",
                            "Rows Removed by Join Filter": 0,
                            "Plans": [
                              {
                                "Node Type": "Nested Loop",
                                "Parent Relationship": "Outer",
                                "Parallel Aware": false,
                                "Join Type": "Inner",
                                "Startup Cost": 13.96,
                                "Total Cost": 3799.34,
                                "Plan Rows": 1,
                                "Plan Width": 64,
                                "Actual Startup Time": 42.267,
                                "Actual Total Time": 133.792,
                                "Actual Rows": 4002,
                                "Actual Loops": 1,
                                "Inner Unique": false,
                                "Join Filter": "(t.id = mi.movie_id)",
                                "Rows Removed by Join Filter": 0,
                                "Plans": [
                                  {
                                    "Node Type": "Nested Loop",
                                    "Parent Relationship": "Outer",
                                    "Parallel Aware": false,
                                    "Join Type": "Inner",
                                    "Startup Cost": 13.52,
                                    "Total Cost": 3797.81,
                                    "Plan Rows": 1,
                                    "Plan Width": 80,
                                    "Actual Startup Time": 42.228,
                                    "Actual Total Time": 59.855,
                                    "Actual Rows": 1341,
                                    "Actual Loops": 1,
                                    "Inner Unique": false,
                                    "Join Filter": "(n.id = pi.person_id)",
                                    "Rows Removed by Join Filter": 0,
                                    "Plans": [
                                      {
                                        "Node Type": "Nested Loop",
                                        "Parent Relationship": "Outer",
                                        "Parallel Aware": false,
                                        "Join Type": "Inner",
                                        "Startup Cost": 13.09,
                                        "Total Cost": 3796.37,
                                        "Plan Rows": 1,
                                        "Plan Width": 72,
                                        "Actual Startup Time": 42.204,
                                        "Actual Total Time": 59.09,
                                        "Actual Rows": 45,
                                        "Actual Loops": 1,
                                        "Inner Unique": true,
                                        "Plans": [
                                          {
                                            "Node Type": "Nested Loop",
                                            "Parent Relationship": "Outer",
                                            "Parallel Aware": false,
                                            "Join Type": "Inner",
                                            "Startup Cost": 12.66,
                                            "Total Cost": 3795.59,
                                            "Plan Rows": 1,
                                            "Plan Width": 53,
                                            "Actual Startup Time": 2.008,
                                            "Actual Total Time": 37.092,
                                            "Actual Rows": 9187,
                                            "Actual Loops": 1,
                                            "Inner Unique": false,
                                            "Join Filter": "(t.id = ci.movie_id)",
                                            "Rows Removed by Join Filter": 0,
                                            "Plans": [
                                              {
                                                "Node Type": "Nested Loop",
                                                "Parent Relationship": "Outer",
                                                "Parallel Aware": false,
                                                "Join Type": "Inner",
                                                "Startup Cost": 12.1,
                                                "Total Cost": 3793.91,
                                                "Plan Rows": 1,
                                                "Plan Width": 37,
                                                "Actual Startup Time": 1.955,
                                                "Actual Total Time": 12.428,
                                                "Actual Rows": 242,
                                                "Actual Loops": 1,
                                                "Inner Unique": false,
                                                "Join Filter": "(t.id = mc.movie_id)",
                                                "Rows Removed by Join Filter": 0,
                                                "Plans": [
                                                  {
                                                    "Node Type": "Nested Loop",
                                                    "Parent Relationship": "Outer",
                                                    "Parallel Aware": false,
                                                    "Join Type": "Inner",
                                                    "Startup Cost": 11.67,
                                                    "Total Cost": 3793.31,
                                                    "Plan Rows": 1,
                                                    "Plan Width": 29,
                                                    "Actual Startup Time": 1.934,
                                                    "Actual Total Time": 12.164,
                                                    "Actual Rows": 10,
                                                    "Actual Loops": 1,
                                                    "Inner Unique": true,
                                                    "Join Filter": "(cc.subject_id = cct1.id)",
                                                    "Rows Removed by Join Filter": 0,
                                                    "Plans": [
                                                      {
                                                        "Node Type": "Nested Loop",
                                                        "Parent Relationship": "Outer",
                                                        "Parallel Aware": false,
                                                        "Join Type": "Inner",
                                                        "Startup Cost": 11.67,
                                                        "Total Cost": 3792.25,
                                                        "Plan Rows": 1,
                                                        "Plan Width": 33,
                                                        "Actual Startup Time": 1.924,
                                                        "Actual Total Time": 12.122,
                                                        "Actual Rows": 10,
                                                        "Actual Loops": 1,
                                                        "Inner Unique": true,
                                                        "Join Filter": "(cc.status_id = cct2.id)",
                                                        "Rows Removed by Join Filter": 28,
                                                        "Plans": [
                                                          {
                                                            "Node Type": "Nested Loop",
                                                            "Parent Relationship": "Outer",
                                                            "Parallel Aware": false,
                                                            "Join Type": "Inner",
                                                            "Startup Cost": 11.67,
                                                            "Total Cost": 3791.18,
                                                            "Plan Rows": 1,
                                                            "Plan Width": 37,
                                                            "Actual Startup Time": 1.775,
                                                            "Actual Total Time": 11.941,
                                                            "Actual Rows": 38,
                                                            "Actual Loops": 1,
                                                            "Inner Unique": false,
                                                            "Plans": [
                                                              {
                                                                "Node Type": "Nested Loop",
                                                                "Parent Relationship": "Outer",
                                                                "Parallel Aware": false,
                                                                "Join Type": "Inner",
                                                                "Startup Cost": 11.25,
                                                                "Total Cost": 3785.42,
                                                                "Plan Rows": 12,
                                                                "Plan Width": 25,
                                                                "Actual Startup Time": 0.451,
                                                                "Actual Total Time": 11.31,
                                                                "Actual Rows": 132,
                                                                "Actual Loops": 1,
                                                                "Inner Unique": true,
                                                                "Plans": [
                                                                  {
                                                                    "Node Type": "Nested Loop",
                                                                    "Parent Relationship": "Outer",
                                                                    "Parallel Aware": false,
                                                                    "Join Type": "Inner",
                                                                    "Startup Cost": 10.82,
                                                                    "Total Cost": 3768.68,
                                                                    "Plan Rows": 34,
                                                                    "Plan Width": 4,
                                                                    "Actual Startup Time": 0.355,
                                                                    "Actual Total Time": 8.918,
                                                                    "Actual Rows": 414,
                                                                    "Actual Loops": 1,
                                                                    "Inner Unique": false,
                                                                    "Plans": [
                                                                      {
                                                                        "Node Type": "Seq Scan",
                                                                        "Parent Relationship": "Outer",
                                                                        "Parallel Aware": false,
                                                                        "Relation Name": "keyword",
                                                                        "Alias": "k",
                                                                        "Startup Cost": 0.0,
                                                                        "Total Cost": 2626.12,
                                                                        "Plan Rows": 1,
                                                                        "Plan Width": 4,
                                                                        "Actual Startup Time": 0.102,
                                                                        "Actual Total Time": 7.7,
                                                                        "Actual Rows": 1,
                                                                        "Actual Loops": 1,
                                                                        "Filter": "(keyword = 'computer-animation'::text)",
                                                                        "Rows Removed by Filter": 134169
                                                                      },
                                                                      {
                                                                        "Node Type": "Bitmap Heap Scan",
                                                                        "Parent Relationship": "Inner",
                                                                        "Parallel Aware": false,
                                                                        "Relation Name": "movie_keyword",
                                                                        "Alias": "mk",
                                                                        "Startup Cost": 10.82,
                                                                        "Total Cost": 1139.48,
                                                                        "Plan Rows": 308,
                                                                        "Plan Width": 8,
                                                                        "Actual Startup Time": 0.241,
                                                                        "Actual Total Time": 1.14,
                                                                        "Actual Rows": 414,
                                                                        "Actual Loops": 1,
                                                                        "Recheck Cond": "(keyword_id = k.id)",
                                                                        "Rows Removed by Index Recheck": 0,
                                                                        "Exact Heap Blocks": 358,
                                                                        "Lossy Heap Blocks": 0,
                                                                        "Plans": [
                                                                          {
                                                                            "Node Type": "Bitmap Index Scan",
                                                                            "Parent Relationship": "Outer",
                                                                            "Parallel Aware": false,
                                                                            "Index Name": "keyword_id_movie_keyword",
                                                                            "Startup Cost": 0.0,
                                                                            "Total Cost": 10.74,
                                                                            "Plan Rows": 308,
                                                                            "Plan Width": 0,
                                                                            "Actual Startup Time": 0.12,
                                                                            "Actual Total Time": 0.12,
                                                                            "Actual Rows": 414,
                                                                            "Actual Loops": 1,
                                                                            "Index Cond": "(keyword_id = k.id)"
                                                                          }
                                                                        ]
                                                                      }
                                                                    ]
                                                                  },
                                                                  {
                                                                    "Node Type": "Index Scan",
                                                                    "Parent Relationship": "Inner",
                                                                    "Parallel Aware": false,
                                                                    "Scan Direction": "Forward",
                                                                    "Index Name": "title_pkey",
                                                                    "Relation Name": "title",
                                                                    "Alias": "t",
                                                                    "Startup Cost": 0.43,
                                                                    "Total Cost": 0.49,
                                                                    "Plan Rows": 1,
                                                                    "Plan Width": 21,
                                                                    "Actual Startup Time": 0.005,
                                                                    "Actual Total Time": 0.005,
                                                                    "Actual Rows": 0,
                                                                    "Actual Loops": 414,
                                                                    "Index Cond": "(id = mk.movie_id)",
                                                                    "Rows Removed by Index Recheck": 0,
                                                                    "Filter": "((production_year >= 2005) AND (production_year <= 2011))",
                                                                    "Rows Removed by Filter": 1
                                                                  }
                                                                ]
                                                              },
                                                              {
                                                                "Node Type": "Index Scan",
                                                                "Parent Relationship": "Inner",
                                                                "Parallel Aware": false,
                                                                "Scan Direction": "Forward",
                                                                "Index Name": "movie_id_complete_cast",
                                                                "Relation Name": "complete_cast",
                                                                "Alias": "cc",
                                                                "Startup Cost": 0.42,
                                                                "Total Cost": 0.46,
                                                                "Plan Rows": 2,
                                                                "Plan Width": 12,
                                                                "Actual Startup Time": 0.004,
                                                                "Actual Total Time": 0.004,
                                                                "Actual Rows": 0,
                                                                "Actual Loops": 132,
                                                                "Index Cond": "(movie_id = t.id)",
                                                                "Rows Removed by Index Recheck": 0
                                                              }
                                                            ]
                                                          },
                                                          {
                                                            "Node Type": "Seq Scan",
                                                            "Parent Relationship": "Inner",
                                                            "Parallel Aware": false,
                                                            "Relation Name": "comp_cast_type",
                                                            "Alias": "cct2",
                                                            "Startup Cost": 0.0,
                                                            "Total Cost": 1.05,
                                                            "Plan Rows": 1,
                                                            "Plan Width": 4,
                                                            "Actual Startup Time": 0.002,
                                                            "Actual Total Time": 0.002,
                                                            "Actual Rows": 1,
                                                            "Actual Loops": 38,
                                                            "Filter": "((kind)::text = 'complete+verified'::text)",
                                                            "Rows Removed by Filter": 3
                                                          }
                                                        ]
                                                      },
                                                      {
                                                        "Node Type": "Seq Scan",
                                                        "Parent Relationship": "Inner",
                                                        "Parallel Aware": false,
                                                        "Relation Name": "comp_cast_type",
                                                        "Alias": "cct1",
                                                        "Startup Cost": 0.0,
                                                        "Total Cost": 1.05,
                                                        "Plan Rows": 1,
                                                        "Plan Width": 4,
                                                        "Actual Startup Time": 0.002,
                                                        "Actual Total Time": 0.002,
                                                        "Actual Rows": 1,
                                                        "Actual Loops": 10,
                                                        "Filter": "((kind)::text = 'cast'::text)",
                                                        "Rows Removed by Filter": 0
                                                      }
                                                    ]
                                                  },
                                                  {
                                                    "Node Type": "Index Scan",
                                                    "Parent Relationship": "Inner",
                                                    "Parallel Aware": false,
                                                    "Scan Direction": "Forward",
                                                    "Index Name": "movie_id_movie_companies",
                                                    "Relation Name": "movie_companies",
                                                    "Alias": "mc",
                                                    "Startup Cost": 0.43,
                                                    "Total Cost": 0.54,
                                                    "Plan Rows": 5,
                                                    "Plan Width": 8,
                                                    "Actual Startup Time": 0.01,
                                                    "Actual Total Time": 0.019,
                                                    "Actual Rows": 24,
                                                    "Actual Loops": 10,
                                                    "Index Cond": "(movie_id = mk.movie_id)",
                                                    "Rows Removed by Index Recheck": 0
                                                  }
                                                ]
                                              },
                                              {
                                                "Node Type": "Index Scan",
                                                "Parent Relationship": "Inner",
                                                "Parallel Aware": false,
                                                "Scan Direction": "Forward",
                                                "Index Name": "movie_id_cast_info",
                                                "Relation Name": "cast_info",
                                                "Alias": "ci",
                                                "Startup Cost": 0.56,
                                                "Total Cost": 1.67,
                                                "Plan Rows": 1,
                                                "Plan Width": 16,
                                                "Actual Startup Time": 0.006,
                                                "Actual Total Time": 0.095,
                                                "Actual Rows": 38,
                                                "Actual Loops": 242,
                                                "Index Cond": "(movie_id = mk.movie_id)",
                                                "Rows Removed by Index Recheck": 0,
                                                "Filter": "(note = ANY ('{(voice),\"(voice: Japanese version)\",\"(voice) (uncredited)\",\"(voice: English version)\"}'::text[]))",
                                                "Rows Removed by Filter": 117
                                              }
                                            ]
                                          },
                                          {
                                            "Node Type": "Index Scan",
                                            "Parent Relationship": "Inner",
                                            "Parallel Aware": false,
                                            "Scan Direction": "Forward",
                                            "Index Name": "name_pkey",
                                            "Relation Name": "name",
                                            "Alias": "n",
                                            "Startup Cost": 0.43,
                                            "Total Cost": 0.77,
                                            "Plan Rows": 1,
                                            "Plan Width": 19,
                                            "Actual Startup Time": 0.002,
                                            "Actual Total Time": 0.002,
                                            "Actual Rows": 0,
                                            "Actual Loops": 9187,
                                            "Index Cond": "(id = ci.person_id)",
                                            "Rows Removed by Index Recheck": 0,
                                            "Filter": "((name ~~ '%Al%'::text) AND ((gender)::text = 'f'::text))",
                                            "Rows Removed by Filter": 1
                                          }
                                        ]
                                      },
                                      {
                                        "Node Type": "Index Scan",
                                        "Parent Relationship": "Inner",
                                        "Parallel Aware": false,
                                        "Scan Direction": "Forward",
                                        "Index Name": "person_id_person_info",
                                        "Relation Name": "person_info",
                                        "Alias": "pi",
                                        "Startup Cost": 0.43,
                                        "Total Cost": 1.15,
                                        "Plan Rows": 24,
                                        "Plan Width": 8,
                                        "Actual Startup Time": 0.003,
                                        "Actual Total Time": 0.011,
                                        "Actual Rows": 30,
                                        "Actual Loops": 45,
                                        "Index Cond": "(person_id = ci.person_id)",
                                        "Rows Removed by Index Recheck": 0
                                      }
                                    ]
                                  },
                                  {
                                    "Node Type": "Index Scan",
                                    "Parent Relationship": "Inner",
                                    "Parallel Aware": false,
                                    "Scan Direction": "Forward",
                                    "Index Name": "movie_id_movie_info",
                                    "Relation Name": "movie_info",
                                    "Alias": "mi",
                                    "Startup Cost": 0.43,
                                    "Total Cost": 1.5,
                                    "Plan Rows": 2,
                                    "Plan Width": 8,
                                    "Actual Startup Time": 0.009,
                                    "Actual Total Time": 0.054,
                                    "Actual Rows": 3,
                                    "Actual Loops": 1341,
                                    "Index Cond": "(movie_id = mk.movie_id)",
                                    "Rows Removed by Index Recheck": 0,
                                    "Filter": "((info IS NOT NULL) AND ((info ~~ 'Japan:%200%'::text) OR (info ~~ 'USA:%200%'::text)))",
                                    "Rows Removed by Filter": 312
                                  }
                                ]
                              },
                              {
                                "Node Type": "Seq Scan",
                                "Parent Relationship": "Inner",
                                "Parallel Aware": false,
                                "Relation Name": "info_type",
                                "Alias": "it",
                                "Startup Cost": 0.0,
                                "Total Cost": 2.41,
                                "Plan Rows": 1,
                                "Plan Width": 4,
                                "Actual Startup Time": 0.003,
                                "Actual Total Time": 0.003,
                                "Actual Rows": 1,
                                "Actual Loops": 4002,
                                "Filter": "((info)::text = 'release dates'::text)",
                                "Rows Removed by Filter": 15
                              }
                            ]
                          },
                          {
                            "Node Type": "Index Only Scan",
                            "Parent Relationship": "Inner",
                            "Parallel Aware": false,
                            "Scan Direction": "Forward",
                            "Index Name": "person_id_aka_name",
                            "Relation Name": "aka_name",
                            "Alias": "an",
                            "Startup Cost": 0.42,
                            "Total Cost": 0.48,
                            "Plan Rows": 2,
                            "Plan Width": 4,
                            "Actual Startup Time": 0.002,
                            "Actual Total Time": 0.002,
                            "Actual Rows": 1,
                            "Actual Loops": 4002,
                            "Index Cond": "(person_id = pi.person_id)",
                            "Rows Removed by Index Recheck": 0,
                            "Heap Fetches": 4044
                          }
                        ]
                      },
                      {
                        "Node Type": "Index Scan",
                        "Parent Relationship": "Inner",
                        "Parallel Aware": false,
                        "Scan Direction": "Forward",
                        "Index Name": "role_type_pkey",
                        "Relation Name": "role_type",
                        "Alias": "rt",
                        "Startup Cost": 0.14,
                        "Total Cost": 0.16,
                        "Plan Rows": 1,
                        "Plan Width": 4,
                        "Actual Startup Time": 0.001,
                        "Actual Total Time": 0.001,
                        "Actual Rows": 1,
                        "Actual Loops": 4044,
                        "Index Cond": "(id = ci.role_id)",
                        "Rows Removed by Index Recheck": 0,
                        "Filter": "((role)::text = 'actress'::text)",
                        "Rows Removed by Filter": 0
                      }
                    ]
                  },
                  {
                    "Node Type": "Index Scan",
                    "Parent Relationship": "Inner",
                    "Parallel Aware": false,
                    "Scan Direction": "Forward",
                    "Index Name": "company_name_pkey",
                    "Relation Name": "company_name",
                    "Alias": "cn",
                    "Startup Cost": 0.42,
                    "Total Cost": 0.45,
                    "Plan Rows": 1,
                    "Plan Width": 4,
                    "Actual Startup Time": 0.002,
                    "Actual Total Time": 0.002,
                    "Actual Rows": 0,
                    "Actual Loops": 4044,
                    "Index Cond": "(id = mc.company_id)",
                    "Rows Removed by Index Recheck": 0,
                    "Filter": "((country_code)::text = '[us]'::text)",
                    "Rows Removed by Filter": 1
                  }
                ]
              },
              {
                "Node Type": "Index Scan",
                "Parent Relationship": "Inner",
                "Parallel Aware": false,
                "Scan Direction": "Forward",
                "Index Name": "info_type_pkey",
                "Relation Name": "info_type",
                "Alias": "it3",
                "Startup Cost": 0.14,
                "Total Cost": 0.16,
                "Plan Rows": 1,
                "Plan Width": 4,
                "Actual Startup Time": 0.001,
                "Actual Total Time": 0.001,
                "Actual Rows": 0,
                "Actual Loops": 1014,
                "Index Cond": "(id = pi.info_type_id)",
                "Rows Removed by Index Recheck": 0,
                "Filter": "((info)::text = 'trivia'::text)",
                "Rows Removed by Filter": 1
              }
            ]
          },
          {
            "Node Type": "Index Scan",
            "Parent Relationship": "Inner",
            "Parallel Aware": false,
            "Scan Direction": "Forward",
            "Index Name": "char_name_pkey",
            "Relation Name": "char_name",
            "Alias": "chn",
            "Startup Cost": 0.43,
            "Total Cost": 0.66,
            "Plan Rows": 1,
            "Plan Width": 20,
            "Actual Startup Time": 0.001,
            "Actual Total Time": 0.001,
            "Actual Rows": 1,
            "Actual Loops": 384,
            "Index Cond": "(id = ci.person_role_id)",
            "Rows Removed by Index Recheck": 0
          }
        ]
      }
    ]
  },
  "Planning Time": 6.122,
  "Triggers": [],
  "Execution Time": 176.745
}