{
    "Plan": {
        "Node Type": "Aggregate",
        "Strategy": "Plain",
        "Partial Mode": "Finalize",
        "Parallel Aware": false,
        "Startup Cost": 298115.32,
        "Total Cost": 298115.33,
        "Plan Rows": 1,
        "Plan Width": 8,
        "Actual Startup Time": 1239.361,
        "Actual Total Time": 1282.5,
        "Actual Rows": 1,
        "Actual Loops": 1,
        "Output": [
            "count(*)"
        ],
        "Plans": [
            {
                "Node Type": "Gather",
                "Parent Relationship": "Outer",
                "Parallel Aware": false,
                "Startup Cost": 298114.8,
                "Total Cost": 298115.31,
                "Plan Rows": 5,
                "Plan Width": 8,
                "Actual Startup Time": 1230.612,
                "Actual Total Time": 1282.49,
                "Actual Rows": 6,
                "Actual Loops": 1,
                "Output": [
                    "(PARTIAL count(*))"
                ],
                "Workers Planned": 5,
                "Workers Launched": 5,
                "Single Copy": false,
                "Plans": [
                    {
                        "Node Type": "Aggregate",
                        "Strategy": "Plain",
                        "Partial Mode": "Partial",
                        "Parent Relationship": "Outer",
                        "Parallel Aware": false,
                        "Startup Cost": 297114.8,
                        "Total Cost": 297114.81,
                        "Plan Rows": 1,
                        "Plan Width": 8,
                        "Actual Startup Time": 1218.744,
                        "Actual Total Time": 1218.749,
                        "Actual Rows": 1,
                        "Actual Loops": 6,
                        "Output": [
                            "PARTIAL count(*)"
                        ],
                        "Workers": [
                            {
                                "Worker Number": 0,
                                "Actual Startup Time": 1216.723,
                                "Actual Total Time": 1216.727,
                                "Actual Rows": 1,
                                "Actual Loops": 1
                            },
                            {
                                "Worker Number": 1,
                                "Actual Startup Time": 1216.52,
                                "Actual Total Time": 1216.525,
                                "Actual Rows": 1,
                                "Actual Loops": 1
                            },
                            {
                                "Worker Number": 2,
                                "Actual Startup Time": 1216.511,
                                "Actual Total Time": 1216.515,
                                "Actual Rows": 1,
                                "Actual Loops": 1
                            },
                            {
                                "Worker Number": 3,
                                "Actual Startup Time": 1216.391,
                                "Actual Total Time": 1216.395,
                                "Actual Rows": 1,
                                "Actual Loops": 1
                            },
                            {
                                "Worker Number": 4,
                                "Actual Startup Time": 1216.708,
                                "Actual Total Time": 1216.713,
                                "Actual Rows": 1,
                                "Actual Loops": 1
                            }
                        ],
                        "Plans": [
                            {
                                "Node Type": "Hash Join",
                                "Parent Relationship": "Outer",
                                "Parallel Aware": true,
                                "Join Type": "Inner",
                                "Startup Cost": 84144.76,
                                "Total Cost": 294829.58,
                                "Plan Rows": 914089,
                                "Plan Width": 0,
                                "Actual Startup Time": 344.925,
                                "Actual Total Time": 1166.757,
                                "Actual Rows": 1208061,
                                "Actual Loops": 6,
                                "Inner Unique": false,
                                "Hash Cond": "(mi.movie_id = t.id)",
                                "Workers": [
                                    {
                                        "Worker Number": 0,
                                        "Actual Startup Time": 343.465,
                                        "Actual Total Time": 1161.245,
                                        "Actual Rows": 850229,
                                        "Actual Loops": 1
                                    },
                                    {
                                        "Worker Number": 1,
                                        "Actual Startup Time": 341.986,
                                        "Actual Total Time": 1165.379,
                                        "Actual Rows": 1272621,
                                        "Actual Loops": 1
                                    },
                                    {
                                        "Worker Number": 2,
                                        "Actual Startup Time": 343.159,
                                        "Actual Total Time": 1165.233,
                                        "Actual Rows": 1276982,
                                        "Actual Loops": 1
                                    },
                                    {
                                        "Worker Number": 3,
                                        "Actual Startup Time": 342.746,
                                        "Actual Total Time": 1168.483,
                                        "Actual Rows": 1178466,
                                        "Actual Loops": 1
                                    },
                                    {
                                        "Worker Number": 4,
                                        "Actual Startup Time": 342.656,
                                        "Actual Total Time": 1165.621,
                                        "Actual Rows": 1272357,
                                        "Actual Loops": 1
                                    }
                                ],
                                "Plans": [
                                    {
                                        "Node Type": "Seq Scan",
                                        "Parent Relationship": "Outer",
                                        "Parallel Aware": true,
                                        "Relation Name": "movie_info",
                                        "Schema": "public",
                                        "Alias": "mi",
                                        "Startup Cost": 0.0,
                                        "Total Cost": 198880.74,
                                        "Plan Rows": 2538363,
                                        "Plan Width": 4,
                                        "Actual Startup Time": 0.033,
                                        "Actual Total Time": 350.145,
                                        "Actual Rows": 2124109,
                                        "Actual Loops": 6,
                                        "Output": [
                                            "mi.id",
                                            "mi.movie_id",
                                            "mi.info_type_id",
                                            "mi.info",
                                            "mi.note"
                                        ],
                                        "Filter": "(mi.info_type_id > 2)",
                                        "Rows Removed by Filter": 348511,
                                        "Workers": [
                                            {
                                                "Worker Number": 0,
                                                "Actual Startup Time": 0.035,
                                                "Actual Total Time": 372.099,
                                                "Actual Rows": 1513677,
                                                "Actual Loops": 1
                                            },
                                            {
                                                "Worker Number": 1,
                                                "Actual Startup Time": 0.034,
                                                "Actual Total Time": 353.246,
                                                "Actual Rows": 2224991,
                                                "Actual Loops": 1
                                            },
                                            {
                                                "Worker Number": 2,
                                                "Actual Startup Time": 0.038,
                                                "Actual Total Time": 354.536,
                                                "Actual Rows": 2240619,
                                                "Actual Loops": 1
                                            },
                                            {
                                                "Worker Number": 3,
                                                "Actual Startup Time": 0.042,
                                                "Actual Total Time": 358.714,
                                                "Actual Rows": 2067937,
                                                "Actual Loops": 1
                                            },
                                            {
                                                "Worker Number": 4,
                                                "Actual Startup Time": 0.034,
                                                "Actual Total Time": 354.329,
                                                "Actual Rows": 2235290,
                                                "Actual Loops": 1
                                            }
                                        ]
                                    },
                                    {
                                        "Node Type": "Hash",
                                        "Parent Relationship": "Inner",
                                        "Parallel Aware": true,
                                        "Startup Cost": 81299.54,
                                        "Total Cost": 81299.54,
                                        "Plan Rows": 227618,
                                        "Plan Width": 8,
                                        "Actual Startup Time": 340.195,
                                        "Actual Total Time": 340.198,
                                        "Actual Rows": 98546,
                                        "Actual Loops": 6,
                                        "Output": [
                                            "t.id",
                                            "mc.movie_id"
                                        ],
                                        "Hash Buckets": 1048576,
                                        "Original Hash Buckets": 1048576,
                                        "Hash Batches": 1,
                                        "Original Hash Batches": 1,
                                        "Peak Memory Usage": 31392,
                                        "Workers": [
                                            {
                                                "Worker Number": 0,
                                                "Actual Startup Time": 341.386,
                                                "Actual Total Time": 341.389,
                                                "Actual Rows": 75608,
                                                "Actual Loops": 1
                                            },
                                            {
                                                "Worker Number": 1,
                                                "Actual Startup Time": 341.269,
                                                "Actual Total Time": 341.272,
                                                "Actual Rows": 103349,
                                                "Actual Loops": 1
                                            },
                                            {
                                                "Worker Number": 2,
                                                "Actual Startup Time": 341.339,
                                                "Actual Total Time": 341.342,
                                                "Actual Rows": 105477,
                                                "Actual Loops": 1
                                            },
                                            {
                                                "Worker Number": 3,
                                                "Actual Startup Time": 341.116,
                                                "Actual Total Time": 341.119,
                                                "Actual Rows": 94734,
                                                "Actual Loops": 1
                                            },
                                            {
                                                "Worker Number": 4,
                                                "Actual Startup Time": 341.562,
                                                "Actual Total Time": 341.566,
                                                "Actual Rows": 104270,
                                                "Actual Loops": 1
                                            }
                                        ],
                                        "Plans": [
                                            {
                                                "Node Type": "Hash Join",
                                                "Parent Relationship": "Outer",
                                                "Parallel Aware": true,
                                                "Join Type": "Inner",
                                                "Startup Cost": 35086.08,
                                                "Total Cost": 81299.54,
                                                "Plan Rows": 227618,
                                                "Plan Width": 8,
                                                "Actual Startup Time": 115.979,
                                                "Actual Total Time": 296.875,
                                                "Actual Rows": 98546,
                                                "Actual Loops": 6,
                                                "Output": [
                                                    "t.id",
                                                    "mc.movie_id"
                                                ],
                                                "Inner Unique": false,
                                                "Hash Cond": "(t.id = mc.movie_id)",
                                                "Workers": [
                                                    {
                                                        "Worker Number": 0,
                                                        "Actual Startup Time": 115.957,
                                                        "Actual Total Time": 296.778,
                                                        "Actual Rows": 75608,
                                                        "Actual Loops": 1
                                                    },
                                                    {
                                                        "Worker Number": 1,
                                                        "Actual Startup Time": 115.992,
                                                        "Actual Total Time": 296.446,
                                                        "Actual Rows": 103349,
                                                        "Actual Loops": 1
                                                    },
                                                    {
                                                        "Worker Number": 2,
                                                        "Actual Startup Time": 115.96,
                                                        "Actual Total Time": 298.323,
                                                        "Actual Rows": 105477,
                                                        "Actual Loops": 1
                                                    },
                                                    {
                                                        "Worker Number": 3,
                                                        "Actual Startup Time": 115.988,
                                                        "Actual Total Time": 296.803,
                                                        "Actual Rows": 94734,
                                                        "Actual Loops": 1
                                                    },
                                                    {
                                                        "Worker Number": 4,
                                                        "Actual Startup Time": 115.909,
                                                        "Actual Total Time": 297.427,
                                                        "Actual Rows": 104270,
                                                        "Actual Loops": 1
                                                    }
                                                ],
                                                "Plans": [
                                                    {
                                                        "Node Type": "Seq Scan",
                                                        "Parent Relationship": "Outer",
                                                        "Parallel Aware": true,
                                                        "Relation Name": "title",
                                                        "Schema": "public",
                                                        "Alias": "t",
                                                        "Startup Cost": 0.0,
                                                        "Total Cost": 42318.81,
                                                        "Plan Rows": 632080,
                                                        "Plan Width": 4,
                                                        "Actual Startup Time": 0.021,
                                                        "Actual Total Time": 59.679,
                                                        "Actual Rows": 421385,
                                                        "Actual Loops": 6,
                                                        "Output": [
                                                            "t.id",
                                                            "t.title",
                                                            "t.imdb_index",
                                                            "t.kind_id",
                                                            "t.production_year",
                                                            "t.imdb_id",
                                                            "t.phonetic_code",
                                                            "t.episode_of_id",
                                                            "t.season_nr",
                                                            "t.episode_nr",
                                                            "t.series_years",
                                                            "t.md5sum"
                                                        ],
                                                        "Workers": [
                                                            {
                                                                "Worker Number": 0,
                                                                "Actual Startup Time": 0.026,
                                                                "Actual Total Time": 64.628,
                                                                "Actual Rows": 321460,
                                                                "Actual Loops": 1
                                                            },
                                                            {
                                                                "Worker Number": 1,
                                                                "Actual Startup Time": 0.024,
                                                                "Actual Total Time": 61.028,
                                                                "Actual Rows": 440624,
                                                                "Actual Loops": 1
                                                            },
                                                            {
                                                                "Worker Number": 2,
                                                                "Actual Startup Time": 0.025,
                                                                "Actual Total Time": 62.05,
                                                                "Actual Rows": 449965,
                                                                "Actual Loops": 1
                                                            },
                                                            {
                                                                "Worker Number": 3,
                                                                "Actual Startup Time": 0.028,
                                                                "Actual Total Time": 61.632,
                                                                "Actual Rows": 404298,
                                                                "Actual Loops": 1
                                                            },
                                                            {
                                                                "Worker Number": 4,
                                                                "Actual Startup Time": 0.018,
                                                                "Actual Total Time": 61.384,
                                                                "Actual Rows": 445514,
                                                                "Actual Loops": 1
                                                            }
                                                        ]
                                                    },
                                                    {
                                                        "Node Type": "Hash",
                                                        "Parent Relationship": "Inner",
                                                        "Parallel Aware": true,
                                                        "Startup Cost": 31414.82,
                                                        "Total Cost": 31414.82,
                                                        "Plan Rows": 293701,
                                                        "Plan Width": 4,
                                                        "Actual Startup Time": 114.087,
                                                        "Actual Total Time": 114.088,
                                                        "Actual Rows": 98546,
                                                        "Actual Loops": 6,
                                                        "Output": [
                                                            "mc.movie_id"
                                                        ],
                                                        "Hash Buckets": 1048576,
                                                        "Original Hash Buckets": 1048576,
                                                        "Hash Batches": 1,
                                                        "Original Hash Batches": 1,
                                                        "Peak Memory Usage": 31392,
                                                        "Workers": [
                                                            {
                                                                "Worker Number": 0,
                                                                "Actual Startup Time": 115.851,
                                                                "Actual Total Time": 115.851,
                                                                "Actual Rows": 71886,
                                                                "Actual Loops": 1
                                                            },
                                                            {
                                                                "Worker Number": 1,
                                                                "Actual Startup Time": 115.862,
                                                                "Actual Total Time": 115.863,
                                                                "Actual Rows": 102272,
                                                                "Actual Loops": 1
                                                            },
                                                            {
                                                                "Worker Number": 2,
                                                                "Actual Startup Time": 115.849,
                                                                "Actual Total Time": 115.85,
                                                                "Actual Rows": 102933,
                                                                "Actual Loops": 1
                                                            },
                                                            {
                                                                "Worker Number": 3,
                                                                "Actual Startup Time": 115.846,
                                                                "Actual Total Time": 115.847,
                                                                "Actual Rows": 97242,
                                                                "Actual Loops": 1
                                                            },
                                                            {
                                                                "Worker Number": 4,
                                                                "Actual Startup Time": 115.797,
                                                                "Actual Total Time": 115.799,
                                                                "Actual Rows": 103742,
                                                                "Actual Loops": 1
                                                            }
                                                        ],
                                                        "Plans": [
                                                            {
                                                                "Node Type": "Seq Scan",
                                                                "Parent Relationship": "Outer",
                                                                "Parallel Aware": true,
                                                                "Relation Name": "movie_companies",
                                                                "Schema": "public",
                                                                "Alias": "mc",
                                                                "Startup Cost": 0.0,
                                                                "Total Cost": 31414.82,
                                                                "Plan Rows": 293701,
                                                                "Plan Width": 4,
                                                                "Actual Startup Time": 42.584,
                                                                "Actual Total Time": 69.3,
                                                                "Actual Rows": 98546,
                                                                "Actual Loops": 6,
                                                                "Output": [
                                                                    "mc.movie_id"
                                                                ],
                                                                "Filter": "((mc.company_id < 27836) AND (mc.company_type_id > 1))",
                                                                "Rows Removed by Filter": 336309,
                                                                "Workers": [
                                                                    {
                                                                        "Worker Number": 0,
                                                                        "Actual Startup Time": 42.561,
                                                                        "Actual Total Time": 71.119,
                                                                        "Actual Rows": 71886,
                                                                        "Actual Loops": 1
                                                                    },
                                                                    {
                                                                        "Worker Number": 1,
                                                                        "Actual Startup Time": 42.605,
                                                                        "Actual Total Time": 69.402,
                                                                        "Actual Rows": 102272,
                                                                        "Actual Loops": 1
                                                                    },
                                                                    {
                                                                        "Worker Number": 2,
                                                                        "Actual Startup Time": 42.577,
                                                                        "Actual Total Time": 69.605,
                                                                        "Actual Rows": 102933,
                                                                        "Actual Loops": 1
                                                                    },
                                                                    {
                                                                        "Worker Number": 3,
                                                                        "Actual Startup Time": 42.57,
                                                                        "Actual Total Time": 69.26,
                                                                        "Actual Rows": 97242,
                                                                        "Actual Loops": 1
                                                                    },
                                                                    {
                                                                        "Worker Number": 4,
                                                                        "Actual Startup Time": 42.561,
                                                                        "Actual Total Time": 69.26,
                                                                        "Actual Rows": 103742,
                                                                        "Actual Loops": 1
                                                                    }
                                                                ]
                                                            }
                                                        ]
                                                    }
                                                ]
                                            }
                                        ]
                                    }
                                ]
                            }
                        ]
                    }
                ]
            }
        ]
    },
    "Planning Time": 1.766,
    "Triggers": [],
    "Execution Time": 1282.605
}