[
  {
    "Plan": {
      "Node Type": "Aggregate",
      "Strategy": "Plain",
      "Partial Mode": "Finalize",
      "Parallel Aware": false,
      "Startup Cost": 265442.19,
      "Total Cost": 265442.2,
      "Plan Rows": 1,
      "Plan Width": 8,
      "Actual Startup Time": 825.797,
      "Actual Total Time": 849.824,
      "Actual Rows": 1,
      "Actual Loops": 1,
      "Plans": [
        {
          "Node Type": "Gather",
          "Parent Relationship": "Outer",
          "Parallel Aware": false,
          "Startup Cost": 265441.87,
          "Total Cost": 265442.18,
          "Plan Rows": 3,
          "Plan Width": 8,
          "Actual Startup Time": 811.176,
          "Actual Total Time": 849.814,
          "Actual Rows": 4,
          "Actual Loops": 1,
          "Workers Planned": 3,
          "Workers Launched": 3,
          "Single Copy": false,
          "Plans": [
            {
              "Node Type": "Aggregate",
              "Strategy": "Plain",
              "Partial Mode": "Partial",
              "Parent Relationship": "Outer",
              "Parallel Aware": false,
              "Startup Cost": 264441.87,
              "Total Cost": 264441.88,
              "Plan Rows": 1,
              "Plan Width": 8,
              "Actual Startup Time": 801.611,
              "Actual Total Time": 801.747,
              "Actual Rows": 1,
              "Actual Loops": 4,
              "Plans": [
                {
                  "Node Type": "Hash Join",
                  "Parent Relationship": "Outer",
                  "Parallel Aware": true,
                  "Join Type": "Inner",
                  "Startup Cost": 231040.58,
                  "Total Cost": 264139.16,
                  "Plan Rows": 121084,
                  "Plan Width": 0,
                  "Actual Startup Time": 674.023,
                  "Actual Total Time": 793.242,
                  "Actual Rows": 167926,
                  "Actual Loops": 4,
                  "Inner Unique": false,
                  "Hash Cond": "(mc.movie_id = t.id)",
                  "Plans": [
                    {
                      "Node Type": "Seq Scan",
                      "Parent Relationship": "Outer",
                      "Parallel Aware": true,
                      "Relation Name": "movie_companies",
                      "Alias": "mc",
                      "Startup Cost": 0.0,
                      "Total Cost": 31414.82,
                      "Plan Rows": 384425,
                      "Plan Width": 4,
                      "Actual Startup Time": 34.761,
                      "Actual Total Time": 78.373,
                      "Actual Rows": 268726,
                      "Actual Loops": 4,
                      "Filter": "((company_id < 99398) AND (company_type_id = 2))",
                      "Rows Removed by Filter": 383556
                    },
                    {
                      "Node Type": "Hash",
                      "Parent Relationship": "Inner",
                      "Parallel Aware": true,
                      "Startup Cost": 229049.72,
                      "Total Cost": 229049.72,
                      "Plan Rows": 159269,
                      "Plan Width": 8,
                      "Actual Startup Time": 634.16,
                      "Actual Total Time": 634.295,
                      "Actual Rows": 200535,
                      "Actual Loops": 4,
                      "Hash Buckets": 1048576,
                      "Original Hash Buckets": 1048576,
                      "Hash Batches": 1,
                      "Original Hash Batches": 1,
                      "Peak Memory Usage": 39648,
                      "Plans": [
                        {
                          "Node Type": "Hash Join",
                          "Parent Relationship": "Outer",
                          "Parallel Aware": true,
                          "Join Type": "Inner",
                          "Startup Cost": 64647.77,
                          "Total Cost": 229049.72,
                          "Plan Rows": 159269,
                          "Plan Width": 8,
                          "Actual Startup Time": 412.169,
                          "Actual Total Time": 549.621,
                          "Actual Rows": 200535,
                          "Actual Loops": 4,
                          "Inner Unique": true,
                          "Hash Cond": "(mi.movie_id = t.id)",
                          "Plans": [
                            {
                              "Node Type": "Bitmap Heap Scan",
                              "Parent Relationship": "Outer",
                              "Parallel Aware": true,
                              "Relation Name": "movie_info",
                              "Alias": "mi",
                              "Startup Cost": 14428.12,
                              "Total Cost": 178411.99,
                              "Plan Rows": 159269,
                              "Plan Width": 4,
                              "Actual Startup Time": 38.222,
                              "Actual Total Time": 67.543,
                              "Actual Rows": 200535,
                              "Actual Loops": 4,
                              "Recheck Cond": "(info_type_id = 1)",
                              "Rows Removed by Index Recheck": 0,
                              "Exact Heap Blocks": 1475,
                              "Lossy Heap Blocks": 0,
                              "Plans": [
                                {
                                  "Node Type": "Bitmap Index Scan",
                                  "Parent Relationship": "Outer",
                                  "Parallel Aware": false,
                                  "Index Name": "info_type_id_movie_info",
                                  "Startup Cost": 0.0,
                                  "Total Cost": 14229.04,
                                  "Plan Rows": 796347,
                                  "Plan Width": 0,
                                  "Actual Startup Time": 36.952,
                                  "Actual Total Time": 36.953,
                                  "Actual Rows": 802140,
                                  "Actual Loops": 1,
                                  "Index Cond": "(info_type_id = 1)"
                                }
                              ]
                            },
                            {
                              "Node Type": "Hash",
                              "Parent Relationship": "Inner",
                              "Parallel Aware": true,
                              "Startup Cost": 42318.73,
                              "Total Cost": 42318.73,
                              "Plan Rows": 632073,
                              "Plan Width": 4,
                              "Actual Startup Time": 366.272,
                              "Actual Total Time": 366.273,
                              "Actual Rows": 632078,
                              "Actual Loops": 4,
                              "Hash Buckets": 4194304,
                              "Original Hash Buckets": 4194304,
                              "Hash Batches": 1,
                              "Original Hash Batches": 1,
                              "Peak Memory Usage": 131776,
                              "Plans": [
                                {
                                  "Node Type": "Seq Scan",
                                  "Parent Relationship": "Outer",
                                  "Parallel Aware": true,
                                  "Relation Name": "title",
                                  "Alias": "t",
                                  "Startup Cost": 0.0,
                                  "Total Cost": 42318.73,
                                  "Plan Rows": 632073,
                                  "Plan Width": 4,
                                  "Actual Startup Time": 0.04,
                                  "Actual Total Time": 110.617,
                                  "Actual Rows": 632078,
                                  "Actual Loops": 4
                                }
                              ]
                            }
                          ]
                        }
                      ]
                    }
                  ]
                }
              ]
            }
          ]
        }
      ]
    },
    "Planning Time": 1.422,
    "Triggers": [],
    "Execution Time": 849.928
  }
]