[
  {
    "Plan": {
      "Node Type": "Aggregate",
      "Strategy": "Plain",
      "Partial Mode": "Finalize",
      "Parallel Aware": false,
      "Startup Cost": 450135.65,
      "Total Cost": 450135.66,
      "Plan Rows": 1,
      "Plan Width": 8,
      "Actual Startup Time": 2378.532,
      "Actual Total Time": 2479.264,
      "Actual Rows": 1,
      "Actual Loops": 1,
      "Plans": [
        {
          "Node Type": "Gather",
          "Parent Relationship": "Outer",
          "Parallel Aware": false,
          "Startup Cost": 450135.13,
          "Total Cost": 450135.64,
          "Plan Rows": 5,
          "Plan Width": 8,
          "Actual Startup Time": 2377.431,
          "Actual Total Time": 2479.254,
          "Actual Rows": 6,
          "Actual Loops": 1,
          "Workers Planned": 5,
          "Workers Launched": 5,
          "Single Copy": false,
          "Plans": [
            {
              "Node Type": "Aggregate",
              "Strategy": "Plain",
              "Partial Mode": "Partial",
              "Parent Relationship": "Outer",
              "Parallel Aware": false,
              "Startup Cost": 449135.13,
              "Total Cost": 449135.14,
              "Plan Rows": 1,
              "Plan Width": 8,
              "Actual Startup Time": 2370.082,
              "Actual Total Time": 2370.09,
              "Actual Rows": 1,
              "Actual Loops": 6,
              "Plans": [
                {
                  "Node Type": "Nested Loop",
                  "Parent Relationship": "Outer",
                  "Parallel Aware": false,
                  "Join Type": "Inner",
                  "Startup Cost": 44225.49,
                  "Total Cost": 446285.94,
                  "Plan Rows": 1139678,
                  "Plan Width": 0,
                  "Actual Startup Time": 89.334,
                  "Actual Total Time": 2331.391,
                  "Actual Rows": 670915,
                  "Actual Loops": 6,
                  "Inner Unique": false,
                  "Join Filter": "(t.id = ci.movie_id)",
                  "Rows Removed by Join Filter": 0,
                  "Plans": [
                    {
                      "Node Type": "Hash Join",
                      "Parent Relationship": "Outer",
                      "Parallel Aware": true,
                      "Join Type": "Inner",
                      "Startup Cost": 44224.92,
                      "Total Cost": 243704.33,
                      "Plan Rows": 122359,
                      "Plan Width": 8,
                      "Actual Startup Time": 89.191,
                      "Actual Total Time": 760.905,
                      "Actual Rows": 202666,
                      "Actual Loops": 6,
                      "Inner Unique": true,
                      "Hash Cond": "(mi.movie_id = t.id)",
                      "Plans": [
                        {
                          "Node Type": "Seq Scan",
                          "Parent Relationship": "Outer",
                          "Parallel Aware": true,
                          "Relation Name": "movie_info",
                          "Alias": "mi",
                          "Startup Cost": 0.0,
                          "Total Cost": 191685.19,
                          "Plan Rows": 2969219,
                          "Plan Width": 4,
                          "Actual Startup Time": 0.03,
                          "Actual Total Time": 294.117,
                          "Actual Rows": 2472620,
                          "Actual Loops": 6
                        },
                        {
                          "Node Type": "Hash",
                          "Parent Relationship": "Inner",
                          "Parallel Aware": true,
                          "Startup Cost": 43899.32,
                          "Total Cost": 43899.32,
                          "Plan Rows": 26048,
                          "Plan Width": 4,
                          "Actual Startup Time": 78.326,
                          "Actual Total Time": 78.33,
                          "Actual Rows": 18752,
                          "Actual Loops": 6,
                          "Hash Buckets": 131072,
                          "Original Hash Buckets": 131072,
                          "Hash Batches": 1,
                          "Original Hash Batches": 1,
                          "Peak Memory Usage": 5504,
                          "Plans": [
                            {
                              "Node Type": "Seq Scan",
                              "Parent Relationship": "Outer",
                              "Parallel Aware": true,
                              "Relation Name": "title",
                              "Alias": "t",
                              "Startup Cost": 0.0,
                              "Total Cost": 43899.32,
                              "Plan Rows": 26048,
                              "Plan Width": 4,
                              "Actual Startup Time": 35.456,
                              "Actual Total Time": 70.789,
                              "Actual Rows": 18752,
                              "Actual Loops": 6,
                              "Filter": "(production_year < 1929)",
                              "Rows Removed by Filter": 402633
                            }
                          ]
                        }
                      ]
                    },
                    {
                      "Node Type": "Index Scan",
                      "Parent Relationship": "Inner",
                      "Parallel Aware": false,
                      "Scan Direction": "Forward",
                      "Index Name": "movie_id_cast_info",
                      "Relation Name": "cast_info",
                      "Alias": "ci",
                      "Startup Cost": 0.56,
                      "Total Cost": 1.37,
                      "Plan Rows": 23,
                      "Plan Width": 4,
                      "Actual Startup Time": 0.005,
                      "Actual Total Time": 0.007,
                      "Actual Rows": 3,
                      "Actual Loops": 1215994,
                      "Index Cond": "(movie_id = mi.movie_id)",
                      "Rows Removed by Index Recheck": 0,
                      "Filter": "(role_id > 1)",
                      "Rows Removed by Filter": 2
                    }
                  ]
                }
              ]
            }
          ]
        }
      ]
    },
    "Planning Time": 0.654,
    "Triggers": [],
    "Execution Time": 2479.326
  }
]