[
  {
    "Plan": {
      "Node Type": "Aggregate",
      "Strategy": "Plain",
      "Partial Mode": "Finalize",
      "Parallel Aware": false,
      "Startup Cost": 32632.63,
      "Total Cost": 32632.64,
      "Plan Rows": 1,
      "Plan Width": 8,
      "Actual Startup Time": 78.05,
      "Actual Total Time": 83.288,
      "Actual Rows": 1,
      "Actual Loops": 1,
      "Plans": [
        {
          "Node Type": "Gather",
          "Parent Relationship": "Outer",
          "Parallel Aware": false,
          "Startup Cost": 32632.31,
          "Total Cost": 32632.62,
          "Plan Rows": 3,
          "Plan Width": 8,
          "Actual Startup Time": 77.948,
          "Actual Total Time": 83.28,
          "Actual Rows": 4,
          "Actual Loops": 1,
          "Workers Planned": 3,
          "Workers Launched": 3,
          "Single Copy": false,
          "Plans": [
            {
              "Node Type": "Aggregate",
              "Strategy": "Plain",
              "Partial Mode": "Partial",
              "Parent Relationship": "Outer",
              "Parallel Aware": false,
              "Startup Cost": 31632.31,
              "Total Cost": 31632.32,
              "Plan Rows": 1,
              "Plan Width": 8,
              "Actual Startup Time": 74.708,
              "Actual Total Time": 74.709,
              "Actual Rows": 1,
              "Actual Loops": 4,
              "Plans": [
                {
                  "Node Type": "Seq Scan",
                  "Parent Relationship": "Outer",
                  "Parallel Aware": true,
                  "Relation Name": "movie_companies",
                  "Alias": "mc",
                  "Startup Cost": 0.0,
                  "Total Cost": 31414.82,
                  "Plan Rows": 86996,
                  "Plan Width": 0,
                  "Actual Startup Time": 0.028,
                  "Actual Total Time": 68.849,
                  "Actual Rows": 101077,
                  "Actual Loops": 4,
                  "Filter": "((company_id < 554) AND (company_type_id = 1))",
                  "Rows Removed by Filter": 551205
                }
              ]
            }
          ]
        }
      ]
    },
    "Planning Time": 0.225,
    "Triggers": [],
    "Execution Time": 83.353
  }
]