[
  {
    "Plan": {
      "Node Type": "Aggregate",
      "Strategy": "Plain",
      "Partial Mode": "Finalize",
      "Parallel Aware": false,
      "Startup Cost": 32634.42,
      "Total Cost": 32634.43,
      "Plan Rows": 1,
      "Plan Width": 8,
      "Actual Startup Time": 99.35,
      "Actual Total Time": 107.857,
      "Actual Rows": 1,
      "Actual Loops": 1,
      "Plans": [
        {
          "Node Type": "Gather",
          "Parent Relationship": "Outer",
          "Parallel Aware": false,
          "Startup Cost": 32634.1,
          "Total Cost": 32634.41,
          "Plan Rows": 3,
          "Plan Width": 8,
          "Actual Startup Time": 99.235,
          "Actual Total Time": 107.847,
          "Actual Rows": 4,
          "Actual Loops": 1,
          "Workers Planned": 3,
          "Workers Launched": 3,
          "Single Copy": false,
          "Plans": [
            {
              "Node Type": "Aggregate",
              "Strategy": "Plain",
              "Partial Mode": "Partial",
              "Parent Relationship": "Outer",
              "Parallel Aware": false,
              "Startup Cost": 31634.1,
              "Total Cost": 31634.11,
              "Plan Rows": 1,
              "Plan Width": 8,
              "Actual Startup Time": 90.641,
              "Actual Total Time": 90.642,
              "Actual Rows": 1,
              "Actual Loops": 4,
              "Plans": [
                {
                  "Node Type": "Seq Scan",
                  "Parent Relationship": "Outer",
                  "Parallel Aware": true,
                  "Relation Name": "movie_companies",
                  "Alias": "mc",
                  "Startup Cost": 0.0,
                  "Total Cost": 31414.82,
                  "Plan Rows": 87714,
                  "Plan Width": 0,
                  "Actual Startup Time": 0.046,
                  "Actual Total Time": 82.193,
                  "Actual Rows": 101077,
                  "Actual Loops": 4,
                  "Filter": "((company_id < 554) AND (company_type_id = 1))",
                  "Rows Removed by Filter": 551205
                }
              ]
            }
          ]
        }
      ]
    },
    "Planning Time": 0.22,
    "Triggers": [],
    "Execution Time": 107.913
  }
]