[
  {
    "Plan": {
      "Node Type": "Aggregate",
      "Strategy": "Plain",
      "Partial Mode": "Finalize",
      "Parallel Aware": false,
      "Startup Cost": 92467.39,
      "Total Cost": 92467.4,
      "Plan Rows": 1,
      "Plan Width": 8,
      "Actual Startup Time": 284.737,
      "Actual Total Time": 302.203,
      "Actual Rows": 1,
      "Actual Loops": 1,
      "Plans": [
        {
          "Node Type": "Gather",
          "Parent Relationship": "Outer",
          "Parallel Aware": false,
          "Startup Cost": 92467.07,
          "Total Cost": 92467.38,
          "Plan Rows": 3,
          "Plan Width": 8,
          "Actual Startup Time": 283.718,
          "Actual Total Time": 302.192,
          "Actual Rows": 4,
          "Actual Loops": 1,
          "Workers Planned": 3,
          "Workers Launched": 3,
          "Single Copy": false,
          "Plans": [
            {
              "Node Type": "Aggregate",
              "Strategy": "Plain",
              "Partial Mode": "Partial",
              "Parent Relationship": "Outer",
              "Parallel Aware": false,
              "Startup Cost": 91467.07,
              "Total Cost": 91467.08,
              "Plan Rows": 1,
              "Plan Width": 8,
              "Actual Startup Time": 275.855,
              "Actual Total Time": 275.858,
              "Actual Rows": 1,
              "Actual Loops": 4,
              "Plans": [
                {
                  "Node Type": "Hash Join",
                  "Parent Relationship": "Outer",
                  "Parallel Aware": true,
                  "Join Type": "Inner",
                  "Startup Cost": 46222.02,
                  "Total Cost": 91257.53,
                  "Plan Rows": 83815,
                  "Plan Width": 0,
                  "Actual Startup Time": 114.28,
                  "Actual Total Time": 275.358,
                  "Actual Rows": 11735,
                  "Actual Loops": 4,
                  "Inner Unique": true,
                  "Hash Cond": "(mk.movie_id = t.id)",
                  "Plans": [
                    {
                      "Node Type": "Seq Scan",
                      "Parent Relationship": "Outer",
                      "Parallel Aware": true,
                      "Relation Name": "movie_keyword",
                      "Alias": "mk",
                      "Startup Cost": 0.0,
                      "Total Cost": 42695.65,
                      "Plan Rows": 891374,
                      "Plan Width": 4,
                      "Actual Startup Time": 0.029,
                      "Actual Total Time": 102.369,
                      "Actual Rows": 689706,
                      "Actual Loops": 4,
                      "Filter": "(keyword_id < 7861)",
                      "Rows Removed by Filter": 441277
                    },
                    {
                      "Node Type": "Hash",
                      "Parent Relationship": "Inner",
                      "Parallel Aware": true,
                      "Startup Cost": 45479.1,
                      "Total Cost": 45479.1,
                      "Plan Rows": 59434,
                      "Plan Width": 4,
                      "Actual Startup Time": 111.853,
                      "Actual Total Time": 111.854,
                      "Actual Rows": 64226,
                      "Actual Loops": 4,
                      "Hash Buckets": 262144,
                      "Original Hash Buckets": 262144,
                      "Hash Batches": 1,
                      "Original Hash Batches": 1,
                      "Peak Memory Usage": 12160,
                      "Plans": [
                        {
                          "Node Type": "Seq Scan",
                          "Parent Relationship": "Outer",
                          "Parallel Aware": true,
                          "Relation Name": "title",
                          "Alias": "t",
                          "Startup Cost": 0.0,
                          "Total Cost": 45479.1,
                          "Plan Rows": 59434,
                          "Plan Width": 4,
                          "Actual Startup Time": 0.038,
                          "Actual Total Time": 91.842,
                          "Actual Rows": 64226,
                          "Actual Loops": 4,
                          "Filter": "((production_year > 2010) AND (kind_id = 7))",
                          "Rows Removed by Filter": 567852
                        }
                      ]
                    }
                  ]
                }
              ]
            }
          ]
        }
      ]
    },
    "Planning Time": 0.541,
    "Triggers": [],
    "Execution Time": 302.258
  }
]