[
  {
    "Plan": {
      "Node Type": "Aggregate",
      "Strategy": "Plain",
      "Partial Mode": "Finalize",
      "Parallel Aware": false,
      "Startup Cost": 391952.82,
      "Total Cost": 391952.83,
      "Plan Rows": 1,
      "Plan Width": 8,
      "Actual Startup Time": 956.81,
      "Actual Total Time": 985.286,
      "Actual Rows": 1,
      "Actual Loops": 1,
      "Plans": [
        {
          "Node Type": "Gather",
          "Parent Relationship": "Outer",
          "Parallel Aware": false,
          "Startup Cost": 391952.2,
          "Total Cost": 391952.81,
          "Plan Rows": 6,
          "Plan Width": 8,
          "Actual Startup Time": 943.31,
          "Actual Total Time": 985.275,
          "Actual Rows": 7,
          "Actual Loops": 1,
          "Workers Planned": 6,
          "Workers Launched": 6,
          "Single Copy": false,
          "Plans": [
            {
              "Node Type": "Aggregate",
              "Strategy": "Plain",
              "Partial Mode": "Partial",
              "Parent Relationship": "Outer",
              "Parallel Aware": false,
              "Startup Cost": 390952.2,
              "Total Cost": 390952.21,
              "Plan Rows": 1,
              "Plan Width": 8,
              "Actual Startup Time": 928.068,
              "Actual Total Time": 928.071,
              "Actual Rows": 1,
              "Actual Loops": 7,
              "Plans": [
                {
                  "Node Type": "Hash Join",
                  "Parent Relationship": "Outer",
                  "Parallel Aware": true,
                  "Join Type": "Inner",
                  "Startup Cost": 48826.53,
                  "Total Cost": 388384.65,
                  "Plan Rows": 1027019,
                  "Plan Width": 0,
                  "Actual Startup Time": 348.681,
                  "Actual Total Time": 904.128,
                  "Actual Rows": 613035,
                  "Actual Loops": 7,
                  "Inner Unique": true,
                  "Hash Cond": "(ci.movie_id = t.id)",
                  "Plans": [
                    {
                      "Node Type": "Index Scan",
                      "Parent Relationship": "Outer",
                      "Parallel Aware": true,
                      "Scan Direction": "Forward",
                      "Index Name": "role_id_cast_info",
                      "Relation Name": "cast_info",
                      "Alias": "ci",
                      "Startup Cost": 0.56,
                      "Total Cost": 335235.55,
                      "Plan Rows": 1646905,
                      "Plan Width": 4,
                      "Actual Startup Time": 160.56,
                      "Actual Total Time": 358.952,
                      "Actual Rows": 1013041,
                      "Actual Loops": 7,
                      "Index Cond": "(role_id = 1)",
                      "Rows Removed by Index Recheck": 0,
                      "Filter": "(person_id > 750697)",
                      "Rows Removed by Filter": 797058
                    },
                    {
                      "Node Type": "Hash",
                      "Parent Relationship": "Inner",
                      "Parallel Aware": true,
                      "Startup Cost": 43898.92,
                      "Total Cost": 43898.92,
                      "Plan Rows": 394164,
                      "Plan Width": 4,
                      "Actual Startup Time": 183.361,
                      "Actual Total Time": 183.362,
                      "Actual Rows": 224367,
                      "Actual Loops": 7,
                      "Hash Buckets": 2097152,
                      "Original Hash Buckets": 2097152,
                      "Hash Batches": 1,
                      "Original Hash Batches": 1,
                      "Peak Memory Usage": 77920,
                      "Plans": [
                        {
                          "Node Type": "Seq Scan",
                          "Parent Relationship": "Outer",
                          "Parallel Aware": true,
                          "Relation Name": "title",
                          "Alias": "t",
                          "Startup Cost": 0.0,
                          "Total Cost": 43898.92,
                          "Plan Rows": 394164,
                          "Plan Width": 4,
                          "Actual Startup Time": 0.043,
                          "Actual Total Time": 76.869,
                          "Actual Rows": 224367,
                          "Actual Loops": 7,
                          "Filter": "(production_year > 1996)",
                          "Rows Removed by Filter": 136821
                        }
                      ]
                    }
                  ]
                }
              ]
            }
          ]
        }
      ]
    },
    "Planning Time": 0.621,
    "Triggers": [],
    "Execution Time": 985.368
  }
]