{
  "Plan": {
    "Node Type": "Aggregate",
    "Strategy": "Plain",
    "Partial Mode": "Finalize",
    "Parallel Aware": false,
    "Startup Cost": 120699.61,
    "Total Cost": 120699.62,
    "Plan Rows": 1,
    "Plan Width": 8,
    "Actual Startup Time": 687.426,
    "Actual Total Time": 699.447,
    "Actual Rows": 1,
    "Actual Loops": 1,
    "Plans": [
      {
        "Node Type": "Gather",
        "Parent Relationship": "Outer",
        "Parallel Aware": false,
        "Startup Cost": 120699.5,
        "Total Cost": 120699.61,
        "Plan Rows": 1,
        "Plan Width": 8,
        "Actual Startup Time": 685.328,
        "Actual Total Time": 699.437,
        "Actual Rows": 2,
        "Actual Loops": 1,
        "Workers Planned": 1,
        "Workers Launched": 1,
        "Single Copy": false,
        "Plans": [
          {
            "Node Type": "Aggregate",
            "Strategy": "Plain",
            "Partial Mode": "Partial",
            "Parent Relationship": "Outer",
            "Parallel Aware": false,
            "Startup Cost": 119699.5,
            "Total Cost": 119699.51,
            "Plan Rows": 1,
            "Plan Width": 8,
            "Actual Startup Time": 680.312,
            "Actual Total Time": 680.316,
            "Actual Rows": 1,
            "Actual Loops": 2,
            "Plans": [
              {
                "Node Type": "Hash Join",
                "Parent Relationship": "Outer",
                "Parallel Aware": true,
                "Join Type": "Inner",
                "Startup Cost": 63755.21,
                "Total Cost": 118960.98,
                "Plan Rows": 295406,
                "Plan Width": 0,
                "Actual Startup Time": 302.662,
                "Actual Total Time": 670.651,
                "Actual Rows": 229970,
                "Actual Loops": 2,
                "Inner Unique": true,
                "Hash Cond": "(ci.movie_id = t.id)",
                "Plans": [
                  {
                    "Node Type": "Index Scan",
                    "Parent Relationship": "Outer",
                    "Parallel Aware": true,
                    "Scan Direction": "Forward",
                    "Index Name": "role_id_cast_info",
                    "Relation Name": "cast_info",
                    "Alias": "ci",
                    "Startup Cost": 0.56,
                    "Total Cost": 52560.36,
                    "Plan Rows": 1007991,
                    "Plan Width": 4,
                    "Actual Startup Time": 0.064,
                    "Actual Total Time": 117.235,
                    "Actual Rows": 851772,
                    "Actual Loops": 2,
                    "Index Cond": "(role_id = 8)",
                    "Rows Removed by Index Recheck": 0
                  },
                  {
                    "Node Type": "Hash",
                    "Parent Relationship": "Inner",
                    "Parallel Aware": true,
                    "Startup Cost": 58306.47,
                    "Total Cost": 58306.47,
                    "Plan Rows": 435854,
                    "Plan Width": 4,
                    "Actual Startup Time": 293.144,
                    "Actual Total Time": 293.145,
                    "Actual Rows": 403902,
                    "Actual Loops": 2,
                    "Hash Buckets": 1048576,
                    "Original Hash Buckets": 1048576,
                    "Hash Batches": 1,
                    "Original Hash Batches": 1,
                    "Peak Memory Usage": 39808,
                    "Plans": [
                      {
                        "Node Type": "Seq Scan",
                        "Parent Relationship": "Outer",
                        "Parallel Aware": true,
                        "Relation Name": "title",
                        "Alias": "t",
                        "Startup Cost": 0.0,
                        "Total Cost": 58306.47,
                        "Plan Rows": 435854,
                        "Plan Width": 4,
                        "Actual Startup Time": 0.034,
                        "Actual Total Time": 165.525,
                        "Actual Rows": 403902,
                        "Actual Loops": 2,
                        "Filter": "((kind_id > 3) AND (production_year > 2004))",
                        "Rows Removed by Filter": 860254
                      }
                    ]
                  }
                ]
              }
            ]
          }
        ]
      }
    ]
  },
  "Planning Time": 0.678,
  "Triggers": [],
  "Execution Time": 699.525
}