{
  "Plan": {
    "Node Type": "Aggregate",
    "Strategy": "Plain",
    "Partial Mode": "Finalize",
    "Parallel Aware": false,
    "Startup Cost": 115811.12,
    "Total Cost": 115811.13,
    "Plan Rows": 1,
    "Plan Width": 8,
    "Actual Startup Time": 438.581,
    "Actual Total Time": 456.812,
    "Actual Rows": 1,
    "Actual Loops": 1,
    "Plans": [
      {
        "Node Type": "Gather",
        "Parent Relationship": "Outer",
        "Parallel Aware": false,
        "Startup Cost": 115811.01,
        "Total Cost": 115811.12,
        "Plan Rows": 1,
        "Plan Width": 8,
        "Actual Startup Time": 437.23,
        "Actual Total Time": 456.802,
        "Actual Rows": 2,
        "Actual Loops": 1,
        "Workers Planned": 1,
        "Workers Launched": 1,
        "Single Copy": false,
        "Plans": [
          {
            "Node Type": "Aggregate",
            "Strategy": "Plain",
            "Partial Mode": "Partial",
            "Parent Relationship": "Outer",
            "Parallel Aware": false,
            "Startup Cost": 114811.01,
            "Total Cost": 114811.02,
            "Plan Rows": 1,
            "Plan Width": 8,
            "Actual Startup Time": 431.344,
            "Actual Total Time": 431.512,
            "Actual Rows": 1,
            "Actual Loops": 2,
            "Plans": [
              {
                "Node Type": "Hash Join",
                "Parent Relationship": "Outer",
                "Parallel Aware": true,
                "Join Type": "Inner",
                "Startup Cost": 81325.94,
                "Total Cost": 114666.06,
                "Plan Rows": 57978,
                "Plan Width": 0,
                "Actual Startup Time": 251.809,
                "Actual Total Time": 424.493,
                "Actual Rows": 162110,
                "Actual Loops": 2,
                "Inner Unique": true,
                "Hash Cond": "(mk.movie_id = t.id)",
                "Plans": [
                  {
                    "Node Type": "Bitmap Heap Scan",
                    "Parent Relationship": "Outer",
                    "Parallel Aware": true,
                    "Relation Name": "movie_keyword",
                    "Alias": "mk",
                    "Startup Cost": 21184.91,
                    "Total Cost": 52982.81,
                    "Plan Rows": 587512,
                    "Plan Width": 4,
                    "Actual Startup Time": 57.008,
                    "Actual Total Time": 148.896,
                    "Actual Rows": 500512,
                    "Actual Loops": 2,
                    "Recheck Cond": "(keyword_id < 957)",
                    "Rows Removed by Index Recheck": 0,
                    "Exact Heap Blocks": 11980,
                    "Lossy Heap Blocks": 0,
                    "Plans": [
                      {
                        "Node Type": "Bitmap Index Scan",
                        "Parent Relationship": "Outer",
                        "Parallel Aware": false,
                        "Index Name": "keyword_id_movie_keyword",
                        "Startup Cost": 0.0,
                        "Total Cost": 20935.22,
                        "Plan Rows": 998771,
                        "Plan Width": 0,
                        "Actual Startup Time": 53.288,
                        "Actual Total Time": 53.289,
                        "Actual Rows": 1001024,
                        "Actual Loops": 1,
                        "Index Cond": "(keyword_id < 957)"
                      }
                    ]
                  },
                  {
                    "Node Type": "Hash",
                    "Parent Relationship": "Inner",
                    "Parallel Aware": true,
                    "Startup Cost": 58306.47,
                    "Total Cost": 58306.47,
                    "Plan Rows": 146765,
                    "Plan Width": 4,
                    "Actual Startup Time": 191.32,
                    "Actual Total Time": 191.321,
                    "Actual Rows": 182812,
                    "Actual Loops": 2,
                    "Hash Buckets": 524288,
                    "Original Hash Buckets": 262144,
                    "Hash Batches": 1,
                    "Original Hash Batches": 1,
                    "Peak Memory Usage": 20480,
                    "Plans": [
                      {
                        "Node Type": "Seq Scan",
                        "Parent Relationship": "Outer",
                        "Parallel Aware": true,
                        "Relation Name": "title",
                        "Alias": "t",
                        "Startup Cost": 0.0,
                        "Total Cost": 58306.47,
                        "Plan Rows": 146765,
                        "Plan Width": 4,
                        "Actual Startup Time": 0.082,
                        "Actual Total Time": 148.517,
                        "Actual Rows": 182812,
                        "Actual Loops": 2,
                        "Filter": "((kind_id < 7) AND (production_year < 1988))",
                        "Rows Removed by Filter": 1081344
                      }
                    ]
                  }
                ]
              }
            ]
          }
        ]
      }
    ]
  },
  "Planning Time": 0.469,
  "Triggers": [],
  "Execution Time": 456.906
}