[
    {
        "Bao": {
            "Bao prediction": "NaN",
            "Bao recommended hint": "(no hint)"
        }
    },
    {
        "Plan": {
            "Node Type": "Aggregate",
            "Strategy": "Plain",
            "Partial Mode": "Finalize",
            "Parallel Aware": false,
            "Startup Cost": 26402.76,
            "Total Cost": 26402.77,
            "Plan Rows": 1,
            "Plan Width": 8,
            "Actual Startup Time": 67.645,
            "Actual Total Time": 72.09,
            "Actual Rows": 1,
            "Actual Loops": 1,
            "Output": [
                "count(*)"
            ],
            "Plans": [
                {
                    "Node Type": "Gather",
                    "Parent Relationship": "Outer",
                    "Parallel Aware": false,
                    "Startup Cost": 26402.45,
                    "Total Cost": 26402.76,
                    "Plan Rows": 3,
                    "Plan Width": 8,
                    "Actual Startup Time": 67.424,
                    "Actual Total Time": 72.083,
                    "Actual Rows": 4,
                    "Actual Loops": 1,
                    "Output": [
                        "(PARTIAL count(*))"
                    ],
                    "Workers Planned": 3,
                    "Workers Launched": 3,
                    "Single Copy": false,
                    "Plans": [
                        {
                            "Node Type": "Aggregate",
                            "Strategy": "Plain",
                            "Partial Mode": "Partial",
                            "Parent Relationship": "Outer",
                            "Parallel Aware": false,
                            "Startup Cost": 25402.45,
                            "Total Cost": 25402.46,
                            "Plan Rows": 1,
                            "Plan Width": 8,
                            "Actual Startup Time": 59.218,
                            "Actual Total Time": 59.219,
                            "Actual Rows": 1,
                            "Actual Loops": 4,
                            "Output": [
                                "PARTIAL count(*)"
                            ],
                            "Workers": [
                                {
                                    "Worker Number": 0,
                                    "Actual Startup Time": 56.347,
                                    "Actual Total Time": 56.348,
                                    "Actual Rows": 1,
                                    "Actual Loops": 1
                                },
                                {
                                    "Worker Number": 1,
                                    "Actual Startup Time": 56.514,
                                    "Actual Total Time": 56.516,
                                    "Actual Rows": 1,
                                    "Actual Loops": 1
                                },
                                {
                                    "Worker Number": 2,
                                    "Actual Startup Time": 56.834,
                                    "Actual Total Time": 56.836,
                                    "Actual Rows": 1,
                                    "Actual Loops": 1
                                }
                            ],
                            "Plans": [
                                {
                                    "Node Type": "Bitmap Heap Scan",
                                    "Parent Relationship": "Outer",
                                    "Parallel Aware": true,
                                    "Relation Name": "movie_companies",
                                    "Schema": "public",
                                    "Alias": "mc",
                                    "Startup Cost": 5405.52,
                                    "Total Cost": 25201.29,
                                    "Plan Rows": 80462,
                                    "Plan Width": 0,
                                    "Actual Startup Time": 11.448,
                                    "Actual Total Time": 54.603,
                                    "Actual Rows": 61510,
                                    "Actual Loops": 4,
                                    "Recheck Cond": "(mc.company_id < 115)",
                                    "Rows Removed by Index Recheck": 0,
                                    "Exact Heap Blocks": 9797,
                                    "Lossy Heap Blocks": 0,
                                    "Workers": [
                                        {
                                            "Worker Number": 0,
                                            "Actual Startup Time": 8.602,
                                            "Actual Total Time": 52.242,
                                            "Actual Rows": 32160,
                                            "Actual Loops": 1
                                        },
                                        {
                                            "Worker Number": 1,
                                            "Actual Startup Time": 8.965,
                                            "Actual Total Time": 52.347,
                                            "Actual Rows": 32656,
                                            "Actual Loops": 1
                                        },
                                        {
                                            "Worker Number": 2,
                                            "Actual Startup Time": 9.167,
                                            "Actual Total Time": 52.617,
                                            "Actual Rows": 32765,
                                            "Actual Loops": 1
                                        }
                                    ],
                                    "Plans": [
                                        {
                                            "Node Type": "Bitmap Index Scan",
                                            "Parent Relationship": "Outer",
                                            "Parallel Aware": false,
                                            "Index Name": "company_id_movie_companies",
                                            "Startup Cost": 0.0,
                                            "Total Cost": 5343.16,
                                            "Plan Rows": 249431,
                                            "Plan Width": 0,
                                            "Actual Startup Time": 15.859,
                                            "Actual Total Time": 15.859,
                                            "Actual Rows": 246042,
                                            "Actual Loops": 1,
                                            "Index Cond": "(mc.company_id < 115)"
                                        }
                                    ]
                                }
                            ]
                        }
                    ]
                }
            ]
        },
        "Planning Time": 231.882,
        "Triggers": [],
        "Execution Time": 72.14
    }
]