{
  "Plan": {
    "Node Type": "Aggregate",
    "Strategy": "Plain",
    "Partial Mode": "Finalize",
    "Parallel Aware": false,
    "Startup Cost": 410117.05,
    "Total Cost": 410117.06,
    "Plan Rows": 1,
    "Plan Width": 8,
    "Actual Startup Time": 3265.722,
    "Actual Total Time": 3316.027,
    "Actual Rows": 1,
    "Actual Loops": 1,
    "Plans": [
      {
        "Node Type": "Gather",
        "Parent Relationship": "Outer",
        "Parallel Aware": false,
        "Startup Cost": 410116.94,
        "Total Cost": 410117.05,
        "Plan Rows": 1,
        "Plan Width": 8,
        "Actual Startup Time": 3262.344,
        "Actual Total Time": 3316.017,
        "Actual Rows": 2,
        "Actual Loops": 1,
        "Workers Planned": 1,
        "Workers Launched": 1,
        "Single Copy": false,
        "Plans": [
          {
            "Node Type": "Aggregate",
            "Strategy": "Plain",
            "Partial Mode": "Partial",
            "Parent Relationship": "Outer",
            "Parallel Aware": false,
            "Startup Cost": 409116.94,
            "Total Cost": 409116.95,
            "Plan Rows": 1,
            "Plan Width": 8,
            "Actual Startup Time": 3256.466,
            "Actual Total Time": 3256.765,
            "Actual Rows": 1,
            "Actual Loops": 2,
            "Plans": [
              {
                "Node Type": "Hash Join",
                "Parent Relationship": "Outer",
                "Parallel Aware": true,
                "Join Type": "Inner",
                "Startup Cost": 109119.32,
                "Total Cost": 403620.01,
                "Plan Rows": 2198771,
                "Plan Width": 0,
                "Actual Startup Time": 719.178,
                "Actual Total Time": 3048.154,
                "Actual Rows": 5027668,
                "Actual Loops": 2,
                "Inner Unique": false,
                "Hash Cond": "(mi.movie_id = t.id)",
                "Plans": [
                  {
                    "Node Type": "Seq Scan",
                    "Parent Relationship": "Outer",
                    "Parallel Aware": true,
                    "Relation Name": "movie_info",
                    "Alias": "mi",
                    "Startup Cost": 0.0,
                    "Total Cost": 248955.74,
                    "Plan Rows": 8696274,
                    "Plan Width": 4,
                    "Actual Startup Time": 0.015,
                    "Actual Total Time": 632.741,
                    "Actual Rows": 7417860,
                    "Actual Loops": 2
                  },
                  {
                    "Node Type": "Hash",
                    "Parent Relationship": "Inner",
                    "Parallel Aware": true,
                    "Startup Cost": 104418.92,
                    "Total Cost": 104418.92,
                    "Plan Rows": 376032,
                    "Plan Width": 8,
                    "Actual Startup Time": 708.39,
                    "Actual Total Time": 708.688,
                    "Actual Rows": 326396,
                    "Actual Loops": 2,
                    "Hash Buckets": 1048576,
                    "Original Hash Buckets": 1048576,
                    "Hash Batches": 1,
                    "Original Hash Batches": 1,
                    "Peak Memory Usage": 33760,
                    "Plans": [
                      {
                        "Node Type": "Hash Join",
                        "Parent Relationship": "Outer",
                        "Parallel Aware": true,
                        "Join Type": "Inner",
                        "Startup Cost": 42041.46,
                        "Total Cost": 104418.92,
                        "Plan Rows": 376032,
                        "Plan Width": 8,
                        "Actual Startup Time": 181.046,
                        "Actual Total Time": 620.344,
                        "Actual Rows": 326396,
                        "Actual Loops": 2,
                        "Inner Unique": false,
                        "Hash Cond": "(t.id = mc.movie_id)",
                        "Plans": [
                          {
                            "Node Type": "Seq Scan",
                            "Parent Relationship": "Outer",
                            "Parallel Aware": true,
                            "Relation Name": "title",
                            "Alias": "t",
                            "Startup Cost": 0.0,
                            "Total Cost": 50870.31,
                            "Plan Rows": 1487231,
                            "Plan Width": 4,
                            "Actual Startup Time": 0.011,
                            "Actual Total Time": 118.735,
                            "Actual Rows": 1264156,
                            "Actual Loops": 2
                          },
                          {
                            "Node Type": "Hash",
                            "Parent Relationship": "Inner",
                            "Parallel Aware": true,
                            "Startup Cost": 37341.06,
                            "Total Cost": 37341.06,
                            "Plan Rows": 376032,
                            "Plan Width": 4,
                            "Actual Startup Time": 175.351,
                            "Actual Total Time": 175.353,
                            "Actual Rows": 326396,
                            "Actual Loops": 2,
                            "Hash Buckets": 1048576,
                            "Original Hash Buckets": 1048576,
                            "Hash Batches": 1,
                            "Original Hash Batches": 1,
                            "Peak Memory Usage": 33760,
                            "Plans": [
                              {
                                "Node Type": "Bitmap Heap Scan",
                                "Parent Relationship": "Outer",
                                "Parallel Aware": true,
                                "Relation Name": "movie_companies",
                                "Alias": "mc",
                                "Startup Cost": 13850.66,
                                "Total Cost": 37341.06,
                                "Plan Rows": 376032,
                                "Plan Width": 4,
                                "Actual Startup Time": 39.748,
                                "Actual Total Time": 97.02,
                                "Actual Rows": 326396,
                                "Actual Loops": 2,
                                "Recheck Cond": "(company_id > 54275)",
                                "Rows Removed by Index Recheck": 0,
                                "Exact Heap Blocks": 7317,
                                "Lossy Heap Blocks": 0,
                                "Plans": [
                                  {
                                    "Node Type": "Bitmap Index Scan",
                                    "Parent Relationship": "Outer",
                                    "Parallel Aware": false,
                                    "Index Name": "company_id_movie_companies",
                                    "Startup Cost": 0.0,
                                    "Total Cost": 13690.84,
                                    "Plan Rows": 639255,
                                    "Plan Width": 0,
                                    "Actual Startup Time": 37.979,
                                    "Actual Total Time": 37.979,
                                    "Actual Rows": 652793,
                                    "Actual Loops": 1,
                                    "Index Cond": "(company_id > 54275)"
                                  }
                                ]
                              }
                            ]
                          }
                        ]
                      }
                    ]
                  }
                ]
              }
            ]
          }
        ]
      }
    ]
  },
  "Planning Time": 0.506,
  "Triggers": [],
  "Execution Time": 3316.126
}