[
  {
    "Plan": {
      "Node Type": "Aggregate",
      "Strategy": "Plain",
      "Partial Mode": "Finalize",
      "Parallel Aware": false,
      "Startup Cost": 34667.71,
      "Total Cost": 34667.72,
      "Plan Rows": 1,
      "Plan Width": 8,
      "Actual Startup Time": 54.923,
      "Actual Total Time": 62.994,
      "Actual Rows": 1,
      "Actual Loops": 1,
      "Plans": [
        {
          "Node Type": "Gather",
          "Parent Relationship": "Outer",
          "Parallel Aware": false,
          "Startup Cost": 34667.49,
          "Total Cost": 34667.7,
          "Plan Rows": 2,
          "Plan Width": 8,
          "Actual Startup Time": 54.594,
          "Actual Total Time": 62.985,
          "Actual Rows": 3,
          "Actual Loops": 1,
          "Workers Planned": 2,
          "Workers Launched": 2,
          "Single Copy": false,
          "Plans": [
            {
              "Node Type": "Aggregate",
              "Strategy": "Plain",
              "Partial Mode": "Partial",
              "Parent Relationship": "Outer",
              "Parallel Aware": false,
              "Startup Cost": 33667.49,
              "Total Cost": 33667.5,
              "Plan Rows": 1,
              "Plan Width": 8,
              "Actual Startup Time": 46.034,
              "Actual Total Time": 46.037,
              "Actual Rows": 1,
              "Actual Loops": 3,
              "Plans": [
                {
                  "Node Type": "Nested Loop",
                  "Parent Relationship": "Outer",
                  "Parallel Aware": false,
                  "Join Type": "Inner",
                  "Startup Cost": 144.71,
                  "Total Cost": 33666.23,
                  "Plan Rows": 504,
                  "Plan Width": 0,
                  "Actual Startup Time": 2.945,
                  "Actual Total Time": 45.742,
                  "Actual Rows": 1356,
                  "Actual Loops": 3,
                  "Inner Unique": true,
                  "Plans": [
                    {
                      "Node Type": "Nested Loop",
                      "Parent Relationship": "Outer",
                      "Parallel Aware": false,
                      "Join Type": "Inner",
                      "Startup Cost": 144.28,
                      "Total Cost": 31383.04,
                      "Plan Rows": 2724,
                      "Plan Width": 8,
                      "Actual Startup Time": 2.773,
                      "Actual Total Time": 29.815,
                      "Actual Rows": 1356,
                      "Actual Loops": 3,
                      "Inner Unique": false,
                      "Plans": [
                        {
                          "Node Type": "Bitmap Heap Scan",
                          "Parent Relationship": "Outer",
                          "Parallel Aware": true,
                          "Relation Name": "movie_keyword",
                          "Alias": "mk",
                          "Startup Cost": 143.85,
                          "Total Cost": 14982.0,
                          "Plan Rows": 2765,
                          "Plan Width": 4,
                          "Actual Startup Time": 2.557,
                          "Actual Total Time": 11.67,
                          "Actual Rows": 2263,
                          "Actual Loops": 3,
                          "Recheck Cond": "(keyword_id = 495)",
                          "Rows Removed by Index Recheck": 0,
                          "Exact Heap Blocks": 3368,
                          "Lossy Heap Blocks": 0,
                          "Plans": [
                            {
                              "Node Type": "Bitmap Index Scan",
                              "Parent Relationship": "Outer",
                              "Parallel Aware": false,
                              "Index Name": "keyword_id_movie_keyword",
                              "Startup Cost": 0.0,
                              "Total Cost": 142.19,
                              "Plan Rows": 6635,
                              "Plan Width": 0,
                              "Actual Startup Time": 4.755,
                              "Actual Total Time": 4.755,
                              "Actual Rows": 6790,
                              "Actual Loops": 1,
                              "Index Cond": "(keyword_id = 495)"
                            }
                          ]
                        },
                        {
                          "Node Type": "Index Scan",
                          "Parent Relationship": "Inner",
                          "Parallel Aware": false,
                          "Scan Direction": "Forward",
                          "Index Name": "movie_id_movie_info_idx",
                          "Relation Name": "movie_info_idx",
                          "Alias": "mi_idx",
                          "Startup Cost": 0.43,
                          "Total Cost": 5.92,
                          "Plan Rows": 1,
                          "Plan Width": 4,
                          "Actual Startup Time": 0.007,
                          "Actual Total Time": 0.007,
                          "Actual Rows": 1,
                          "Actual Loops": 6790,
                          "Index Cond": "(movie_id = mk.movie_id)",
                          "Rows Removed by Index Recheck": 0,
                          "Filter": "(info_type_id = 101)",
                          "Rows Removed by Filter": 1
                        }
                      ]
                    },
                    {
                      "Node Type": "Index Only Scan",
                      "Parent Relationship": "Inner",
                      "Parallel Aware": false,
                      "Scan Direction": "Forward",
                      "Index Name": "title_pkey",
                      "Relation Name": "title",
                      "Alias": "t",
                      "Startup Cost": 0.43,
                      "Total Cost": 0.84,
                      "Plan Rows": 1,
                      "Plan Width": 4,
                      "Actual Startup Time": 0.011,
                      "Actual Total Time": 0.011,
                      "Actual Rows": 1,
                      "Actual Loops": 4068,
                      "Index Cond": "(id = mi_idx.movie_id)",
                      "Rows Removed by Index Recheck": 0,
                      "Heap Fetches": 4068
                    }
                  ]
                }
              ]
            }
          ]
        }
      ]
    },
    "Planning Time": 1.378,
    "Triggers": [],
    "Execution Time": 63.1
  }
]