[
  {
    "Plan": {
      "Node Type": "Aggregate",
      "Strategy": "Plain",
      "Partial Mode": "Finalize",
      "Parallel Aware": false,
      "Startup Cost": 46740.17,
      "Total Cost": 46740.18,
      "Plan Rows": 1,
      "Plan Width": 8,
      "Actual Startup Time": 158.668,
      "Actual Total Time": 167.005,
      "Actual Rows": 1,
      "Actual Loops": 1,
      "Plans": [
        {
          "Node Type": "Gather",
          "Parent Relationship": "Outer",
          "Parallel Aware": false,
          "Startup Cost": 46739.85,
          "Total Cost": 46740.16,
          "Plan Rows": 3,
          "Plan Width": 8,
          "Actual Startup Time": 158.56,
          "Actual Total Time": 166.999,
          "Actual Rows": 4,
          "Actual Loops": 1,
          "Workers Planned": 3,
          "Workers Launched": 3,
          "Single Copy": false,
          "Plans": [
            {
              "Node Type": "Aggregate",
              "Strategy": "Plain",
              "Partial Mode": "Partial",
              "Parent Relationship": "Outer",
              "Parallel Aware": false,
              "Startup Cost": 45739.85,
              "Total Cost": 45739.86,
              "Plan Rows": 1,
              "Plan Width": 8,
              "Actual Startup Time": 154.43,
              "Actual Total Time": 154.431,
              "Actual Rows": 1,
              "Actual Loops": 4,
              "Plans": [
                {
                  "Node Type": "Seq Scan",
                  "Parent Relationship": "Outer",
                  "Parallel Aware": true,
                  "Relation Name": "movie_keyword",
                  "Alias": "mk",
                  "Startup Cost": 0.0,
                  "Total Cost": 42695.65,
                  "Plan Rows": 1217680,
                  "Plan Width": 0,
                  "Actual Startup Time": 0.023,
                  "Actual Total Time": 113.168,
                  "Actual Rows": 944742,
                  "Actual Loops": 4,
                  "Filter": "(keyword_id < 25174)",
                  "Rows Removed by Filter": 186240
                }
              ]
            }
          ]
        }
      ]
    },
    "Planning Time": 0.07,
    "Triggers": [],
    "Execution Time": 167.041
  }
]