[
  {
    "Plan": {
      "Node Type": "Aggregate",
      "Strategy": "Plain",
      "Partial Mode": "Finalize",
      "Parallel Aware": false,
      "Startup Cost": 47108.29,
      "Total Cost": 47108.3,
      "Plan Rows": 1,
      "Plan Width": 8,
      "Actual Startup Time": 121.388,
      "Actual Total Time": 136.356,
      "Actual Rows": 1,
      "Actual Loops": 1,
      "Plans": [
        {
          "Node Type": "Gather",
          "Parent Relationship": "Outer",
          "Parallel Aware": false,
          "Startup Cost": 47107.87,
          "Total Cost": 47108.28,
          "Plan Rows": 4,
          "Plan Width": 8,
          "Actual Startup Time": 121.247,
          "Actual Total Time": 136.346,
          "Actual Rows": 5,
          "Actual Loops": 1,
          "Workers Planned": 4,
          "Workers Launched": 4,
          "Single Copy": false,
          "Plans": [
            {
              "Node Type": "Aggregate",
              "Strategy": "Plain",
              "Partial Mode": "Partial",
              "Parent Relationship": "Outer",
              "Parallel Aware": false,
              "Startup Cost": 46107.87,
              "Total Cost": 46107.88,
              "Plan Rows": 1,
              "Plan Width": 8,
              "Actual Startup Time": 113.064,
              "Actual Total Time": 113.065,
              "Actual Rows": 1,
              "Actual Loops": 5,
              "Plans": [
                {
                  "Node Type": "Seq Scan",
                  "Parent Relationship": "Outer",
                  "Parallel Aware": true,
                  "Relation Name": "title",
                  "Alias": "t",
                  "Startup Cost": 0.0,
                  "Total Cost": 45479.1,
                  "Plan Rows": 251509,
                  "Plan Width": 0,
                  "Actual Startup Time": 0.04,
                  "Actual Total Time": 100.546,
                  "Actual Rows": 189307,
                  "Actual Loops": 5,
                  "Filter": "((kind_id > 2) AND (production_year < 2006))",
                  "Rows Removed by Filter": 316356
                }
              ]
            }
          ]
        }
      ]
    },
    "Planning Time": 0.186,
    "Triggers": [],
    "Execution Time": 136.418
  }
]