[
  {
    "Plan": {
      "Node Type": "Aggregate",
      "Strategy": "Plain",
      "Partial Mode": "Finalize",
      "Parallel Aware": false,
      "Startup Cost": 46210.78,
      "Total Cost": 46210.79,
      "Plan Rows": 1,
      "Plan Width": 8,
      "Actual Startup Time": 168.978,
      "Actual Total Time": 179.781,
      "Actual Rows": 1,
      "Actual Loops": 1,
      "Plans": [
        {
          "Node Type": "Gather",
          "Parent Relationship": "Outer",
          "Parallel Aware": false,
          "Startup Cost": 46210.46,
          "Total Cost": 46210.77,
          "Plan Rows": 3,
          "Plan Width": 8,
          "Actual Startup Time": 168.766,
          "Actual Total Time": 179.771,
          "Actual Rows": 4,
          "Actual Loops": 1,
          "Workers Planned": 3,
          "Workers Launched": 3,
          "Single Copy": false,
          "Plans": [
            {
              "Node Type": "Aggregate",
              "Strategy": "Plain",
              "Partial Mode": "Partial",
              "Parent Relationship": "Outer",
              "Parallel Aware": false,
              "Startup Cost": 45210.46,
              "Total Cost": 45210.47,
              "Plan Rows": 1,
              "Plan Width": 8,
              "Actual Startup Time": 161.715,
              "Actual Total Time": 161.716,
              "Actual Rows": 1,
              "Actual Loops": 4,
              "Plans": [
                {
                  "Node Type": "Seq Scan",
                  "Parent Relationship": "Outer",
                  "Parallel Aware": true,
                  "Relation Name": "movie_keyword",
                  "Alias": "mk",
                  "Startup Cost": 0.0,
                  "Total Cost": 42695.65,
                  "Plan Rows": 1005924,
                  "Plan Width": 0,
                  "Actual Startup Time": 0.053,
                  "Actual Total Time": 124.446,
                  "Actual Rows": 778800,
                  "Actual Loops": 4,
                  "Filter": "(keyword_id < 11868)",
                  "Rows Removed by Filter": 352183
                }
              ]
            }
          ]
        }
      ]
    },
    "Planning Time": 0.152,
    "Triggers": [],
    "Execution Time": 179.829
  }
]