[
  {
    "Plan": {
      "Node Type": "Aggregate",
      "Strategy": "Plain",
      "Partial Mode": "Finalize",
      "Parallel Aware": false,
      "Startup Cost": 33065.74,
      "Total Cost": 33065.75,
      "Plan Rows": 1,
      "Plan Width": 8,
      "Actual Startup Time": 121.448,
      "Actual Total Time": 129.965,
      "Actual Rows": 1,
      "Actual Loops": 1,
      "Plans": [
        {
          "Node Type": "Gather",
          "Parent Relationship": "Outer",
          "Parallel Aware": false,
          "Startup Cost": 33065.42,
          "Total Cost": 33065.73,
          "Plan Rows": 3,
          "Plan Width": 8,
          "Actual Startup Time": 121.295,
          "Actual Total Time": 129.955,
          "Actual Rows": 4,
          "Actual Loops": 1,
          "Workers Planned": 3,
          "Workers Launched": 3,
          "Single Copy": false,
          "Plans": [
            {
              "Node Type": "Aggregate",
              "Strategy": "Plain",
              "Partial Mode": "Partial",
              "Parent Relationship": "Outer",
              "Parallel Aware": false,
              "Startup Cost": 32065.42,
              "Total Cost": 32065.43,
              "Plan Rows": 1,
              "Plan Width": 8,
              "Actual Startup Time": 112.804,
              "Actual Total Time": 112.805,
              "Actual Rows": 1,
              "Actual Loops": 4,
              "Plans": [
                {
                  "Node Type": "Seq Scan",
                  "Parent Relationship": "Outer",
                  "Parallel Aware": true,
                  "Relation Name": "movie_companies",
                  "Alias": "mc",
                  "Startup Cost": 0.0,
                  "Total Cost": 31414.82,
                  "Plan Rows": 260242,
                  "Plan Width": 0,
                  "Actual Startup Time": 0.041,
                  "Actual Total Time": 94.818,
                  "Actual Rows": 280794,
                  "Actual Loops": 4,
                  "Filter": "((company_id < 18567) AND (company_type_id < 2))",
                  "Rows Removed by Filter": 371488
                }
              ]
            }
          ]
        }
      ]
    },
    "Planning Time": 0.227,
    "Triggers": [],
    "Execution Time": 130.022
  }
]