[
  {
    "Plan": {
      "Node Type": "Aggregate",
      "Strategy": "Plain",
      "Partial Mode": "Finalize",
      "Parallel Aware": false,
      "Startup Cost": 256608.76,
      "Total Cost": 256608.77,
      "Plan Rows": 1,
      "Plan Width": 8,
      "Actual Startup Time": 351.135,
      "Actual Total Time": 379.175,
      "Actual Rows": 1,
      "Actual Loops": 1,
      "Plans": [
        {
          "Node Type": "Gather",
          "Parent Relationship": "Outer",
          "Parallel Aware": false,
          "Startup Cost": 256608.13,
          "Total Cost": 256608.74,
          "Plan Rows": 6,
          "Plan Width": 8,
          "Actual Startup Time": 351.029,
          "Actual Total Time": 379.164,
          "Actual Rows": 7,
          "Actual Loops": 1,
          "Workers Planned": 6,
          "Workers Launched": 6,
          "Single Copy": false,
          "Plans": [
            {
              "Node Type": "Aggregate",
              "Strategy": "Plain",
              "Partial Mode": "Partial",
              "Parent Relationship": "Outer",
              "Parallel Aware": false,
              "Startup Cost": 255608.13,
              "Total Cost": 255608.14,
              "Plan Rows": 1,
              "Plan Width": 8,
              "Actual Startup Time": 342.525,
              "Actual Total Time": 342.526,
              "Actual Rows": 1,
              "Actual Loops": 7,
              "Plans": [
                {
                  "Node Type": "Index Scan",
                  "Parent Relationship": "Outer",
                  "Parallel Aware": true,
                  "Scan Direction": "Forward",
                  "Index Name": "role_id_cast_info",
                  "Relation Name": "cast_info",
                  "Alias": "ci",
                  "Startup Cost": 0.56,
                  "Total Cost": 253362.23,
                  "Plan Rows": 898363,
                  "Plan Width": 0,
                  "Actual Startup Time": 0.14,
                  "Actual Total Time": 294.173,
                  "Actual Rows": 1044552,
                  "Actual Loops": 7,
                  "Index Cond": "(role_id > 4)",
                  "Rows Removed by Index Recheck": 0,
                  "Filter": "(person_id > 1549287)",
                  "Rows Removed by Filter": 296120
                }
              ]
            }
          ]
        }
      ]
    },
    "Planning Time": 0.093,
    "Triggers": [],
    "Execution Time": 379.207
  }
]