[
  {
    "Plan": {
      "Node Type": "Aggregate",
      "Strategy": "Plain",
      "Partial Mode": "Finalize",
      "Parallel Aware": false,
      "Startup Cost": 112139.92,
      "Total Cost": 112139.93,
      "Plan Rows": 1,
      "Plan Width": 8,
      "Actual Startup Time": 379.878,
      "Actual Total Time": 401.555,
      "Actual Rows": 1,
      "Actual Loops": 1,
      "Plans": [
        {
          "Node Type": "Gather",
          "Parent Relationship": "Outer",
          "Parallel Aware": false,
          "Startup Cost": 112139.6,
          "Total Cost": 112139.91,
          "Plan Rows": 3,
          "Plan Width": 8,
          "Actual Startup Time": 375.351,
          "Actual Total Time": 401.545,
          "Actual Rows": 4,
          "Actual Loops": 1,
          "Workers Planned": 3,
          "Workers Launched": 3,
          "Single Copy": false,
          "Plans": [
            {
              "Node Type": "Aggregate",
              "Strategy": "Plain",
              "Partial Mode": "Partial",
              "Parent Relationship": "Outer",
              "Parallel Aware": false,
              "Startup Cost": 111139.6,
              "Total Cost": 111139.61,
              "Plan Rows": 1,
              "Plan Width": 8,
              "Actual Startup Time": 362.049,
              "Actual Total Time": 362.052,
              "Actual Rows": 1,
              "Actual Loops": 4,
              "Plans": [
                {
                  "Node Type": "Nested Loop",
                  "Parent Relationship": "Outer",
                  "Parallel Aware": false,
                  "Join Type": "Inner",
                  "Startup Cost": 51736.88,
                  "Total Cost": 110908.48,
                  "Plan Rows": 92448,
                  "Plan Width": 0,
                  "Actual Startup Time": 269.752,
                  "Actual Total Time": 359.274,
                  "Actual Rows": 48952,
                  "Actual Loops": 4,
                  "Inner Unique": false,
                  "Plans": [
                    {
                      "Node Type": "Hash Join",
                      "Parent Relationship": "Outer",
                      "Parallel Aware": true,
                      "Join Type": "Inner",
                      "Startup Cost": 51736.45,
                      "Total Cost": 76618.87,
                      "Plan Rows": 15745,
                      "Plan Width": 8,
                      "Actual Startup Time": 269.629,
                      "Actual Total Time": 297.744,
                      "Actual Rows": 2660,
                      "Actual Loops": 4,
                      "Inner Unique": true,
                      "Hash Cond": "(mk.movie_id = t.id)",
                      "Plans": [
                        {
                          "Node Type": "Bitmap Heap Scan",
                          "Parent Relationship": "Outer",
                          "Parallel Aware": true,
                          "Relation Name": "movie_keyword",
                          "Alias": "mk",
                          "Startup Cost": 1864.96,
                          "Total Cost": 26673.03,
                          "Plan Rows": 28326,
                          "Plan Width": 4,
                          "Actual Startup Time": 8.331,
                          "Actual Total Time": 26.34,
                          "Actual Rows": 21628,
                          "Actual Loops": 4,
                          "Recheck Cond": "(keyword_id > 85900)",
                          "Rows Removed by Index Recheck": 0,
                          "Exact Heap Blocks": 6165,
                          "Lossy Heap Blocks": 0,
                          "Plans": [
                            {
                              "Node Type": "Bitmap Index Scan",
                              "Parent Relationship": "Outer",
                              "Parallel Aware": false,
                              "Index Name": "keyword_id_movie_keyword",
                              "Startup Cost": 0.0,
                              "Total Cost": 1843.01,
                              "Plan Rows": 87810,
                              "Plan Width": 0,
                              "Actual Startup Time": 5.884,
                              "Actual Total Time": 5.885,
                              "Actual Rows": 86512,
                              "Actual Loops": 1,
                              "Index Cond": "(keyword_id > 85900)"
                            }
                          ]
                        },
                        {
                          "Node Type": "Hash",
                          "Parent Relationship": "Inner",
                          "Parallel Aware": true,
                          "Startup Cost": 45479.59,
                          "Total Cost": 45479.59,
                          "Plan Rows": 351352,
                          "Plan Width": 4,
                          "Actual Startup Time": 253.21,
                          "Actual Total Time": 253.21,
                          "Actual Rows": 379648,
                          "Actual Loops": 4,
                          "Hash Buckets": 2097152,
                          "Original Hash Buckets": 2097152,
                          "Hash Batches": 1,
                          "Original Hash Batches": 1,
                          "Peak Memory Usage": 75840,
                          "Plans": [
                            {
                              "Node Type": "Seq Scan",
                              "Parent Relationship": "Outer",
                              "Parallel Aware": true,
                              "Relation Name": "title",
                              "Alias": "t",
                              "Startup Cost": 0.0,
                              "Total Cost": 45479.59,
                              "Plan Rows": 351352,
                              "Plan Width": 4,
                              "Actual Startup Time": 0.053,
                              "Actual Total Time": 107.992,
                              "Actual Rows": 379648,
                              "Actual Loops": 4,
                              "Filter": "((kind_id > 1) AND (production_year > 1983))",
                              "Rows Removed by Filter": 252430
                            }
                          ]
                        }
                      ]
                    },
                    {
                      "Node Type": "Index Only Scan",
                      "Parent Relationship": "Inner",
                      "Parallel Aware": false,
                      "Scan Direction": "Forward",
                      "Index Name": "movie_id_movie_info",
                      "Relation Name": "movie_info",
                      "Alias": "mi",
                      "Startup Cost": 0.43,
                      "Total Cost": 1.77,
                      "Plan Rows": 41,
                      "Plan Width": 4,
                      "Actual Startup Time": 0.006,
                      "Actual Total Time": 0.021,
                      "Actual Rows": 18,
                      "Actual Loops": 10639,
                      "Index Cond": "(movie_id = t.id)",
                      "Rows Removed by Index Recheck": 0,
                      "Heap Fetches": 195810
                    }
                  ]
                }
              ]
            }
          ]
        }
      ]
    },
    "Planning Time": 1.412,
    "Triggers": [],
    "Execution Time": 401.669
  }
]