[
  {
    "Plan": {
      "Node Type": "Aggregate",
      "Strategy": "Plain",
      "Partial Mode": "Finalize",
      "Parallel Aware": false,
      "Startup Cost": 112659.89,
      "Total Cost": 112659.9,
      "Plan Rows": 1,
      "Plan Width": 8,
      "Actual Startup Time": 419.247,
      "Actual Total Time": 445.704,
      "Actual Rows": 1,
      "Actual Loops": 1,
      "Plans": [
        {
          "Node Type": "Gather",
          "Parent Relationship": "Outer",
          "Parallel Aware": false,
          "Startup Cost": 112659.58,
          "Total Cost": 112659.89,
          "Plan Rows": 3,
          "Plan Width": 8,
          "Actual Startup Time": 414.958,
          "Actual Total Time": 445.694,
          "Actual Rows": 4,
          "Actual Loops": 1,
          "Workers Planned": 3,
          "Workers Launched": 3,
          "Single Copy": false,
          "Plans": [
            {
              "Node Type": "Aggregate",
              "Strategy": "Plain",
              "Partial Mode": "Partial",
              "Parent Relationship": "Outer",
              "Parallel Aware": false,
              "Startup Cost": 111659.58,
              "Total Cost": 111659.59,
              "Plan Rows": 1,
              "Plan Width": 8,
              "Actual Startup Time": 400.408,
              "Actual Total Time": 400.412,
              "Actual Rows": 1,
              "Actual Loops": 4,
              "Plans": [
                {
                  "Node Type": "Nested Loop",
                  "Parent Relationship": "Outer",
                  "Parallel Aware": false,
                  "Join Type": "Inner",
                  "Startup Cost": 51729.4,
                  "Total Cost": 111429.08,
                  "Plan Rows": 92199,
                  "Plan Width": 0,
                  "Actual Startup Time": 293.732,
                  "Actual Total Time": 397.228,
                  "Actual Rows": 48952,
                  "Actual Loops": 4,
                  "Inner Unique": false,
                  "Plans": [
                    {
                      "Node Type": "Hash Join",
                      "Parent Relationship": "Outer",
                      "Parallel Aware": true,
                      "Join Type": "Inner",
                      "Startup Cost": 51728.96,
                      "Total Cost": 76613.85,
                      "Plan Rows": 15768,
                      "Plan Width": 8,
                      "Actual Startup Time": 293.597,
                      "Actual Total Time": 326.569,
                      "Actual Rows": 2660,
                      "Actual Loops": 4,
                      "Inner Unique": true,
                      "Hash Cond": "(mk.movie_id = t.id)",
                      "Plans": [
                        {
                          "Node Type": "Bitmap Heap Scan",
                          "Parent Relationship": "Outer",
                          "Parallel Aware": true,
                          "Relation Name": "movie_keyword",
                          "Alias": "mk",
                          "Startup Cost": 1876.87,
                          "Total Cost": 26686.97,
                          "Plan Rows": 28488,
                          "Plan Width": 4,
                          "Actual Startup Time": 12.547,
                          "Actual Total Time": 34.222,
                          "Actual Rows": 21628,
                          "Actual Loops": 4,
                          "Recheck Cond": "(keyword_id > 85900)",
                          "Rows Removed by Index Recheck": 0,
                          "Exact Heap Blocks": 5443,
                          "Lossy Heap Blocks": 0,
                          "Plans": [
                            {
                              "Node Type": "Bitmap Index Scan",
                              "Parent Relationship": "Outer",
                              "Parallel Aware": false,
                              "Index Name": "keyword_id_movie_keyword",
                              "Startup Cost": 0.0,
                              "Total Cost": 1854.79,
                              "Plan Rows": 88314,
                              "Plan Width": 0,
                              "Actual Startup Time": 8.565,
                              "Actual Total Time": 8.565,
                              "Actual Rows": 86512,
                              "Actual Loops": 1,
                              "Index Cond": "(keyword_id > 85900)"
                            }
                          ]
                        },
                        {
                          "Node Type": "Hash",
                          "Parent Relationship": "Inner",
                          "Parallel Aware": true,
                          "Startup Cost": 45479.1,
                          "Total Cost": 45479.1,
                          "Plan Rows": 349840,
                          "Plan Width": 4,
                          "Actual Startup Time": 273.089,
                          "Actual Total Time": 273.089,
                          "Actual Rows": 379648,
                          "Actual Loops": 4,
                          "Hash Buckets": 2097152,
                          "Original Hash Buckets": 2097152,
                          "Hash Batches": 1,
                          "Original Hash Batches": 1,
                          "Peak Memory Usage": 75840,
                          "Plans": [
                            {
                              "Node Type": "Seq Scan",
                              "Parent Relationship": "Outer",
                              "Parallel Aware": true,
                              "Relation Name": "title",
                              "Alias": "t",
                              "Startup Cost": 0.0,
                              "Total Cost": 45479.1,
                              "Plan Rows": 349840,
                              "Plan Width": 4,
                              "Actual Startup Time": 0.043,
                              "Actual Total Time": 116.46,
                              "Actual Rows": 379648,
                              "Actual Loops": 4,
                              "Filter": "((kind_id > 1) AND (production_year > 1983))",
                              "Rows Removed by Filter": 252430
                            }
                          ]
                        }
                      ]
                    },
                    {
                      "Node Type": "Index Only Scan",
                      "Parent Relationship": "Inner",
                      "Parallel Aware": false,
                      "Scan Direction": "Forward",
                      "Index Name": "movie_id_movie_info",
                      "Relation Name": "movie_info",
                      "Alias": "mi",
                      "Startup Cost": 0.43,
                      "Total Cost": 1.79,
                      "Plan Rows": 42,
                      "Plan Width": 4,
                      "Actual Startup Time": 0.007,
                      "Actual Total Time": 0.025,
                      "Actual Rows": 18,
                      "Actual Loops": 10639,
                      "Index Cond": "(movie_id = t.id)",
                      "Rows Removed by Index Recheck": 0,
                      "Heap Fetches": 195810
                    }
                  ]
                }
              ]
            }
          ]
        }
      ]
    },
    "Planning Time": 1.453,
    "Triggers": [],
    "Execution Time": 445.82
  }
]