{
    "Plan": {
        "Node Type": "Aggregate",
        "Strategy": "Plain",
        "Partial Mode": "Finalize",
        "Parallel Aware": false,
        "Startup Cost": 600238.95,
        "Total Cost": 600238.96,
        "Plan Rows": 1,
        "Plan Width": 8,
        "Actual Startup Time": 2156.358,
        "Actual Total Time": 2233.222,
        "Actual Rows": 1,
        "Actual Loops": 1,
        "Output": [
            "count(*)"
        ],
        "Plans": [
            {
                "Node Type": "Gather",
                "Parent Relationship": "Outer",
                "Parallel Aware": false,
                "Startup Cost": 600238.33,
                "Total Cost": 600238.94,
                "Plan Rows": 6,
                "Plan Width": 8,
                "Actual Startup Time": 2142.886,
                "Actual Total Time": 2233.209,
                "Actual Rows": 7,
                "Actual Loops": 1,
                "Output": [
                    "(PARTIAL count(*))"
                ],
                "Workers Planned": 6,
                "Workers Launched": 6,
                "Single Copy": false,
                "Plans": [
                    {
                        "Node Type": "Aggregate",
                        "Strategy": "Plain",
                        "Partial Mode": "Partial",
                        "Parent Relationship": "Outer",
                        "Parallel Aware": false,
                        "Startup Cost": 599238.33,
                        "Total Cost": 599238.34,
                        "Plan Rows": 1,
                        "Plan Width": 8,
                        "Actual Startup Time": 2127.413,
                        "Actual Total Time": 2127.848,
                        "Actual Rows": 1,
                        "Actual Loops": 7,
                        "Output": [
                            "PARTIAL count(*)"
                        ],
                        "Workers": [
                            {
                                "Worker Number": 0,
                                "Actual Startup Time": 2124.56,
                                "Actual Total Time": 2124.565,
                                "Actual Rows": 1,
                                "Actual Loops": 1
                            },
                            {
                                "Worker Number": 1,
                                "Actual Startup Time": 2124.54,
                                "Actual Total Time": 2124.545,
                                "Actual Rows": 1,
                                "Actual Loops": 1
                            },
                            {
                                "Worker Number": 2,
                                "Actual Startup Time": 2127.022,
                                "Actual Total Time": 2127.029,
                                "Actual Rows": 1,
                                "Actual Loops": 1
                            },
                            {
                                "Worker Number": 3,
                                "Actual Startup Time": 2124.583,
                                "Actual Total Time": 2124.589,
                                "Actual Rows": 1,
                                "Actual Loops": 1
                            },
                            {
                                "Worker Number": 4,
                                "Actual Startup Time": 2124.577,
                                "Actual Total Time": 2124.581,
                                "Actual Rows": 1,
                                "Actual Loops": 1
                            },
                            {
                                "Worker Number": 5,
                                "Actual Startup Time": 2124.76,
                                "Actual Total Time": 2124.766,
                                "Actual Rows": 1,
                                "Actual Loops": 1
                            }
                        ],
                        "Plans": [
                            {
                                "Node Type": "Hash Join",
                                "Parent Relationship": "Outer",
                                "Parallel Aware": true,
                                "Join Type": "Inner",
                                "Startup Cost": 255317.78,
                                "Total Cost": 594943.98,
                                "Plan Rows": 1717737,
                                "Plan Width": 0,
                                "Actual Startup Time": 777.579,
                                "Actual Total Time": 2066.082,
                                "Actual Rows": 1323631,
                                "Actual Loops": 7,
                                "Inner Unique": false,
                                "Hash Cond": "(ci.movie_id = t.id)",
                                "Workers": [
                                    {
                                        "Worker Number": 0,
                                        "Actual Startup Time": 775.091,
                                        "Actual Total Time": 2058.199,
                                        "Actual Rows": 1072714,
                                        "Actual Loops": 1
                                    },
                                    {
                                        "Worker Number": 1,
                                        "Actual Startup Time": 775.083,
                                        "Actual Total Time": 2067.253,
                                        "Actual Rows": 1495274,
                                        "Actual Loops": 1
                                    },
                                    {
                                        "Worker Number": 2,
                                        "Actual Startup Time": 775.062,
                                        "Actual Total Time": 2063.43,
                                        "Actual Rows": 1026282,
                                        "Actual Loops": 1
                                    },
                                    {
                                        "Worker Number": 3,
                                        "Actual Startup Time": 775.089,
                                        "Actual Total Time": 2058.624,
                                        "Actual Rows": 1063846,
                                        "Actual Loops": 1
                                    },
                                    {
                                        "Worker Number": 4,
                                        "Actual Startup Time": 775.106,
                                        "Actual Total Time": 2067.028,
                                        "Actual Rows": 1501808,
                                        "Actual Loops": 1
                                    },
                                    {
                                        "Worker Number": 5,
                                        "Actual Startup Time": 775.261,
                                        "Actual Total Time": 2068.36,
                                        "Actual Rows": 1441390,
                                        "Actual Loops": 1
                                    }
                                ],
                                "Plans": [
                                    {
                                        "Node Type": "Seq Scan",
                                        "Parent Relationship": "Outer",
                                        "Parallel Aware": true,
                                        "Relation Name": "cast_info",
                                        "Schema": "public",
                                        "Alias": "ci",
                                        "Startup Cost": 0.0,
                                        "Total Cost": 328213.62,
                                        "Plan Rows": 2127232,
                                        "Plan Width": 4,
                                        "Actual Startup Time": 0.036,
                                        "Actual Total Time": 664.52,
                                        "Actual Rows": 1810098,
                                        "Actual Loops": 7,
                                        "Output": [
                                            "ci.id",
                                            "ci.person_id",
                                            "ci.movie_id",
                                            "ci.person_role_id",
                                            "ci.note",
                                            "ci.nr_order",
                                            "ci.role_id"
                                        ],
                                        "Filter": "(ci.role_id = 1)",
                                        "Rows Removed by Filter": 3367665,
                                        "Workers": [
                                            {
                                                "Worker Number": 0,
                                                "Actual Startup Time": 0.041,
                                                "Actual Total Time": 679.199,
                                                "Actual Rows": 1428273,
                                                "Actual Loops": 1
                                            },
                                            {
                                                "Worker Number": 1,
                                                "Actual Startup Time": 0.034,
                                                "Actual Total Time": 664.27,
                                                "Actual Rows": 2064610,
                                                "Actual Loops": 1
                                            },
                                            {
                                                "Worker Number": 2,
                                                "Actual Startup Time": 0.042,
                                                "Actual Total Time": 681.068,
                                                "Actual Rows": 1430038,
                                                "Actual Loops": 1
                                            },
                                            {
                                                "Worker Number": 3,
                                                "Actual Startup Time": 0.044,
                                                "Actual Total Time": 686.429,
                                                "Actual Rows": 1484419,
                                                "Actual Loops": 1
                                            },
                                            {
                                                "Worker Number": 4,
                                                "Actual Startup Time": 0.041,
                                                "Actual Total Time": 663.156,
                                                "Actual Rows": 2042356,
                                                "Actual Loops": 1
                                            },
                                            {
                                                "Worker Number": 5,
                                                "Actual Startup Time": 0.04,
                                                "Actual Total Time": 658.114,
                                                "Actual Rows": 1934238,
                                                "Actual Loops": 1
                                            }
                                        ]
                                    },
                                    {
                                        "Node Type": "Hash",
                                        "Parent Relationship": "Inner",
                                        "Parallel Aware": true,
                                        "Startup Cost": 250213.74,
                                        "Total Cost": 250213.74,
                                        "Plan Rows": 408323,
                                        "Plan Width": 8,
                                        "Actual Startup Time": 772.569,
                                        "Actual Total Time": 773.001,
                                        "Actual Rows": 194410,
                                        "Actual Loops": 7,
                                        "Output": [
                                            "t.id",
                                            "mi.movie_id"
                                        ],
                                        "Hash Buckets": 2097152,
                                        "Original Hash Buckets": 2097152,
                                        "Hash Batches": 1,
                                        "Original Hash Batches": 1,
                                        "Peak Memory Usage": 69760,
                                        "Workers": [
                                            {
                                                "Worker Number": 0,
                                                "Actual Startup Time": 774.294,
                                                "Actual Total Time": 774.298,
                                                "Actual Rows": 154043,
                                                "Actual Loops": 1
                                            },
                                            {
                                                "Worker Number": 1,
                                                "Actual Startup Time": 774.168,
                                                "Actual Total Time": 774.172,
                                                "Actual Rows": 222066,
                                                "Actual Loops": 1
                                            },
                                            {
                                                "Worker Number": 2,
                                                "Actual Startup Time": 774.299,
                                                "Actual Total Time": 774.304,
                                                "Actual Rows": 152692,
                                                "Actual Loops": 1
                                            },
                                            {
                                                "Worker Number": 3,
                                                "Actual Startup Time": 774.331,
                                                "Actual Total Time": 774.335,
                                                "Actual Rows": 159692,
                                                "Actual Loops": 1
                                            },
                                            {
                                                "Worker Number": 4,
                                                "Actual Startup Time": 774.279,
                                                "Actual Total Time": 774.282,
                                                "Actual Rows": 218974,
                                                "Actual Loops": 1
                                            },
                                            {
                                                "Worker Number": 5,
                                                "Actual Startup Time": 774.519,
                                                "Actual Total Time": 774.523,
                                                "Actual Rows": 204733,
                                                "Actual Loops": 1
                                            }
                                        ],
                                        "Plans": [
                                            {
                                                "Node Type": "Hash Join",
                                                "Parent Relationship": "Outer",
                                                "Parallel Aware": true,
                                                "Join Type": "Inner",
                                                "Startup Cost": 48092.96,
                                                "Total Cost": 250213.74,
                                                "Plan Rows": 408323,
                                                "Plan Width": 8,
                                                "Actual Startup Time": 165.371,
                                                "Actual Total Time": 684.119,
                                                "Actual Rows": 194410,
                                                "Actual Loops": 7,
                                                "Output": [
                                                    "t.id",
                                                    "mi.movie_id"
                                                ],
                                                "Inner Unique": true,
                                                "Hash Cond": "(mi.movie_id = t.id)",
                                                "Workers": [
                                                    {
                                                        "Worker Number": 0,
                                                        "Actual Startup Time": 165.384,
                                                        "Actual Total Time": 684.724,
                                                        "Actual Rows": 154043,
                                                        "Actual Loops": 1
                                                    },
                                                    {
                                                        "Worker Number": 1,
                                                        "Actual Startup Time": 165.349,
                                                        "Actual Total Time": 683.764,
                                                        "Actual Rows": 222066,
                                                        "Actual Loops": 1
                                                    },
                                                    {
                                                        "Worker Number": 2,
                                                        "Actual Startup Time": 165.35,
                                                        "Actual Total Time": 684.552,
                                                        "Actual Rows": 152692,
                                                        "Actual Loops": 1
                                                    },
                                                    {
                                                        "Worker Number": 3,
                                                        "Actual Startup Time": 165.369,
                                                        "Actual Total Time": 685.016,
                                                        "Actual Rows": 159692,
                                                        "Actual Loops": 1
                                                    },
                                                    {
                                                        "Worker Number": 4,
                                                        "Actual Startup Time": 165.326,
                                                        "Actual Total Time": 683.471,
                                                        "Actual Rows": 218974,
                                                        "Actual Loops": 1
                                                    },
                                                    {
                                                        "Worker Number": 5,
                                                        "Actual Startup Time": 165.367,
                                                        "Actual Total Time": 684.016,
                                                        "Actual Rows": 204733,
                                                        "Actual Loops": 1
                                                    }
                                                ],
                                                "Plans": [
                                                    {
                                                        "Node Type": "Seq Scan",
                                                        "Parent Relationship": "Outer",
                                                        "Parallel Aware": true,
                                                        "Relation Name": "movie_info",
                                                        "Schema": "public",
                                                        "Alias": "mi",
                                                        "Startup Cost": 0.0,
                                                        "Total Cost": 198880.74,
                                                        "Plan Rows": 1234303,
                                                        "Plan Width": 4,
                                                        "Actual Startup Time": 15.393,
                                                        "Actual Total Time": 314.614,
                                                        "Actual Rows": 889071,
                                                        "Actual Loops": 7,
                                                        "Output": [
                                                            "mi.id",
                                                            "mi.movie_id",
                                                            "mi.info_type_id",
                                                            "mi.info",
                                                            "mi.note"
                                                        ],
                                                        "Filter": "(mi.info_type_id > 8)",
                                                        "Rows Removed by Filter": 1230318,
                                                        "Workers": [
                                                            {
                                                                "Worker Number": 0,
                                                                "Actual Startup Time": 15.389,
                                                                "Actual Total Time": 326.507,
                                                                "Actual Rows": 673549,
                                                                "Actual Loops": 1
                                                            },
                                                            {
                                                                "Worker Number": 1,
                                                                "Actual Startup Time": 15.373,
                                                                "Actual Total Time": 314.109,
                                                                "Actual Rows": 1000973,
                                                                "Actual Loops": 1
                                                            },
                                                            {
                                                                "Worker Number": 2,
                                                                "Actual Startup Time": 15.5,
                                                                "Actual Total Time": 326.599,
                                                                "Actual Rows": 665284,
                                                                "Actual Loops": 1
                                                            },
                                                            {
                                                                "Worker Number": 3,
                                                                "Actual Startup Time": 15.339,
                                                                "Actual Total Time": 326.156,
                                                                "Actual Rows": 702630,
                                                                "Actual Loops": 1
                                                            },
                                                            {
                                                                "Worker Number": 4,
                                                                "Actual Startup Time": 15.353,
                                                                "Actual Total Time": 314.085,
                                                                "Actual Rows": 996300,
                                                                "Actual Loops": 1
                                                            },
                                                            {
                                                                "Worker Number": 5,
                                                                "Actual Startup Time": 15.418,
                                                                "Actual Total Time": 315.217,
                                                                "Actual Rows": 920350,
                                                                "Actual Loops": 1
                                                            }
                                                        ]
                                                    },
                                                    {
                                                        "Node Type": "Hash",
                                                        "Parent Relationship": "Inner",
                                                        "Parallel Aware": true,
                                                        "Startup Cost": 45479.21,
                                                        "Total Cost": 45479.21,
                                                        "Plan Rows": 209100,
                                                        "Plan Width": 4,
                                                        "Actual Startup Time": 148.611,
                                                        "Actual Total Time": 148.613,
                                                        "Actual Rows": 131663,
                                                        "Actual Loops": 7,
                                                        "Output": [
                                                            "t.id"
                                                        ],
                                                        "Hash Buckets": 1048576,
                                                        "Original Hash Buckets": 1048576,
                                                        "Hash Batches": 1,
                                                        "Original Hash Batches": 1,
                                                        "Peak Memory Usage": 44352,
                                                        "Workers": [
                                                            {
                                                                "Worker Number": 0,
                                                                "Actual Startup Time": 149.721,
                                                                "Actual Total Time": 149.722,
                                                                "Actual Rows": 100883,
                                                                "Actual Loops": 1
                                                            },
                                                            {
                                                                "Worker Number": 1,
                                                                "Actual Startup Time": 149.735,
                                                                "Actual Total Time": 149.736,
                                                                "Actual Rows": 133328,
                                                                "Actual Loops": 1
                                                            },
                                                            {
                                                                "Worker Number": 2,
                                                                "Actual Startup Time": 149.761,
                                                                "Actual Total Time": 149.763,
                                                                "Actual Rows": 98567,
                                                                "Actual Loops": 1
                                                            },
                                                            {
                                                                "Worker Number": 3,
                                                                "Actual Startup Time": 149.69,
                                                                "Actual Total Time": 149.691,
                                                                "Actual Rows": 104366,
                                                                "Actual Loops": 1
                                                            },
                                                            {
                                                                "Worker Number": 4,
                                                                "Actual Startup Time": 149.728,
                                                                "Actual Total Time": 149.729,
                                                                "Actual Rows": 133710,
                                                                "Actual Loops": 1
                                                            },
                                                            {
                                                                "Worker Number": 5,
                                                                "Actual Startup Time": 149.658,
                                                                "Actual Total Time": 149.659,
                                                                "Actual Rows": 126322,
                                                                "Actual Loops": 1
                                                            }
                                                        ],
                                                        "Plans": [
                                                            {
                                                                "Node Type": "Seq Scan",
                                                                "Parent Relationship": "Outer",
                                                                "Parallel Aware": true,
                                                                "Relation Name": "title",
                                                                "Schema": "public",
                                                                "Alias": "t",
                                                                "Startup Cost": 0.0,
                                                                "Total Cost": 45479.21,
                                                                "Plan Rows": 209100,
                                                                "Plan Width": 4,
                                                                "Actual Startup Time": 0.063,
                                                                "Actual Total Time": 79.698,
                                                                "Actual Rows": 131663,
                                                                "Actual Loops": 7,
                                                                "Output": [
                                                                    "t.id"
                                                                ],
                                                                "Filter": "((t.production_year > 2000) AND (t.kind_id = 7))",
                                                                "Rows Removed by Filter": 229524,
                                                                "Workers": [
                                                                    {
                                                                        "Worker Number": 0,
                                                                        "Actual Startup Time": 0.073,
                                                                        "Actual Total Time": 81.522,
                                                                        "Actual Rows": 100883,
                                                                        "Actual Loops": 1
                                                                    },
                                                                    {
                                                                        "Worker Number": 1,
                                                                        "Actual Startup Time": 0.076,
                                                                        "Actual Total Time": 80.782,
                                                                        "Actual Rows": 133328,
                                                                        "Actual Loops": 1
                                                                    },
                                                                    {
                                                                        "Worker Number": 2,
                                                                        "Actual Startup Time": 0.069,
                                                                        "Actual Total Time": 81.357,
                                                                        "Actual Rows": 98567,
                                                                        "Actual Loops": 1
                                                                    },
                                                                    {
                                                                        "Worker Number": 3,
                                                                        "Actual Startup Time": 0.069,
                                                                        "Actual Total Time": 82.484,
                                                                        "Actual Rows": 104366,
                                                                        "Actual Loops": 1
                                                                    },
                                                                    {
                                                                        "Worker Number": 4,
                                                                        "Actual Startup Time": 0.067,
                                                                        "Actual Total Time": 81.018,
                                                                        "Actual Rows": 133710,
                                                                        "Actual Loops": 1
                                                                    },
                                                                    {
                                                                        "Worker Number": 5,
                                                                        "Actual Startup Time": 0.072,
                                                                        "Actual Total Time": 80.593,
                                                                        "Actual Rows": 126322,
                                                                        "Actual Loops": 1
                                                                    }
                                                                ]
                                                            }
                                                        ]
                                                    }
                                                ]
                                            }
                                        ]
                                    }
                                ]
                            }
                        ]
                    }
                ]
            }
        ]
    },
    "Planning Time": 1.629,
    "Triggers": [],
    "Execution Time": 2233.326
}