[
  {
    "Plan": {
      "Node Type": "Aggregate",
      "Strategy": "Plain",
      "Partial Mode": "Finalize",
      "Parallel Aware": false,
      "Startup Cost": 336496.28,
      "Total Cost": 336496.29,
      "Plan Rows": 1,
      "Plan Width": 8,
      "Actual Startup Time": 752.322,
      "Actual Total Time": 798.917,
      "Actual Rows": 1,
      "Actual Loops": 1,
      "Plans": [
        {
          "Node Type": "Gather",
          "Parent Relationship": "Outer",
          "Parallel Aware": false,
          "Startup Cost": 336495.66,
          "Total Cost": 336496.27,
          "Plan Rows": 6,
          "Plan Width": 8,
          "Actual Startup Time": 752.04,
          "Actual Total Time": 798.9,
          "Actual Rows": 7,
          "Actual Loops": 1,
          "Workers Planned": 6,
          "Workers Launched": 6,
          "Single Copy": false,
          "Plans": [
            {
              "Node Type": "Aggregate",
              "Strategy": "Plain",
              "Partial Mode": "Partial",
              "Parent Relationship": "Outer",
              "Parallel Aware": false,
              "Startup Cost": 335495.66,
              "Total Cost": 335495.67,
              "Plan Rows": 1,
              "Plan Width": 8,
              "Actual Startup Time": 743.109,
              "Actual Total Time": 743.11,
              "Actual Rows": 1,
              "Actual Loops": 7,
              "Plans": [
                {
                  "Node Type": "Seq Scan",
                  "Parent Relationship": "Outer",
                  "Parallel Aware": true,
                  "Relation Name": "cast_info",
                  "Alias": "ci",
                  "Startup Cost": 0.0,
                  "Total Cost": 328211.39,
                  "Plan Rows": 2913706,
                  "Plan Width": 0,
                  "Actual Startup Time": 216.898,
                  "Actual Total Time": 616.691,
                  "Actual Rows": 2468485,
                  "Actual Loops": 7,
                  "Filter": "(person_id > 1891856)",
                  "Rows Removed by Filter": 2709279
                }
              ]
            }
          ]
        }
      ]
    },
    "Planning Time": 0.13,
    "Triggers": [],
    "Execution Time": 798.97
  }
]