{
  "Plan": {
    "Node Type": "Aggregate",
    "Strategy": "Plain",
    "Partial Mode": "Finalize",
    "Parallel Aware": false,
    "Startup Cost": 269553.21,
    "Total Cost": 269553.22,
    "Plan Rows": 1,
    "Plan Width": 8,
    "Actual Startup Time": 1575.817,
    "Actual Total Time": 1602.306,
    "Actual Rows": 1,
    "Actual Loops": 1,
    "Plans": [
      {
        "Node Type": "Gather",
        "Parent Relationship": "Outer",
        "Parallel Aware": false,
        "Startup Cost": 269553.1,
        "Total Cost": 269553.21,
        "Plan Rows": 1,
        "Plan Width": 8,
        "Actual Startup Time": 1570.441,
        "Actual Total Time": 1602.3,
        "Actual Rows": 2,
        "Actual Loops": 1,
        "Workers Planned": 1,
        "Workers Launched": 1,
        "Single Copy": false,
        "Plans": [
          {
            "Node Type": "Aggregate",
            "Strategy": "Plain",
            "Partial Mode": "Partial",
            "Parent Relationship": "Outer",
            "Parallel Aware": false,
            "Startup Cost": 268553.1,
            "Total Cost": 268553.11,
            "Plan Rows": 1,
            "Plan Width": 8,
            "Actual Startup Time": 1563.788,
            "Actual Total Time": 1563.794,
            "Actual Rows": 1,
            "Actual Loops": 2,
            "Plans": [
              {
                "Node Type": "Hash Join",
                "Parent Relationship": "Outer",
                "Parallel Aware": true,
                "Join Type": "Inner",
                "Startup Cost": 118535.66,
                "Total Cost": 266794.04,
                "Plan Rows": 703622,
                "Plan Width": 0,
                "Actual Startup Time": 751.218,
                "Actual Total Time": 1507.991,
                "Actual Rows": 1332316,
                "Actual Loops": 2,
                "Inner Unique": false,
                "Hash Cond": "(ci.movie_id = t.id)",
                "Plans": [
                  {
                    "Node Type": "Index Scan",
                    "Parent Relationship": "Outer",
                    "Parallel Aware": true,
                    "Scan Direction": "Forward",
                    "Index Name": "role_id_cast_info",
                    "Relation Name": "cast_info",
                    "Alias": "ci",
                    "Startup Cost": 0.56,
                    "Total Cost": 134450.3,
                    "Plan Rows": 2578582,
                    "Plan Width": 4,
                    "Actual Startup Time": 0.107,
                    "Actual Total Time": 294.524,
                    "Actual Rows": 2161509,
                    "Actual Loops": 2,
                    "Index Cond": "(role_id = 10)",
                    "Rows Removed by Index Recheck": 0
                  },
                  {
                    "Node Type": "Hash",
                    "Parent Relationship": "Inner",
                    "Parallel Aware": true,
                    "Startup Cost": 113462.3,
                    "Total Cost": 113462.3,
                    "Plan Rows": 405824,
                    "Plan Width": 8,
                    "Actual Startup Time": 742.196,
                    "Actual Total Time": 742.2,
                    "Actual Rows": 263298,
                    "Actual Loops": 2,
                    "Hash Buckets": 1048576,
                    "Original Hash Buckets": 1048576,
                    "Hash Batches": 1,
                    "Original Hash Batches": 1,
                    "Peak Memory Usage": 28832,
                    "Plans": [
                      {
                        "Node Type": "Hash Join",
                        "Parent Relationship": "Outer",
                        "Parallel Aware": true,
                        "Join Type": "Inner",
                        "Startup Cost": 69949.66,
                        "Total Cost": 113462.3,
                        "Plan Rows": 405824,
                        "Plan Width": 8,
                        "Actual Startup Time": 443.252,
                        "Actual Total Time": 681.277,
                        "Actual Rows": 263298,
                        "Actual Loops": 2,
                        "Inner Unique": true,
                        "Hash Cond": "(mc.movie_id = t.id)",
                        "Plans": [
                          {
                            "Node Type": "Seq Scan",
                            "Parent Relationship": "Outer",
                            "Parallel Aware": true,
                            "Relation Name": "movie_companies",
                            "Alias": "mc",
                            "Startup Cost": 0.0,
                            "Total Cost": 41811.73,
                            "Plan Rows": 647968,
                            "Plan Width": 4,
                            "Actual Startup Time": 48.403,
                            "Actual Total Time": 117.617,
                            "Actual Rows": 615848,
                            "Actual Loops": 2,
                            "Filter": "((company_id > 312) AND (company_type_id = 2))",
                            "Rows Removed by Filter": 688716
                          },
                          {
                            "Node Type": "Hash",
                            "Parent Relationship": "Inner",
                            "Parallel Aware": true,
                            "Startup Cost": 58306.47,
                            "Total Cost": 58306.47,
                            "Plan Rows": 931455,
                            "Plan Width": 4,
                            "Actual Startup Time": 385.151,
                            "Actual Total Time": 385.152,
                            "Actual Rows": 845103,
                            "Actual Loops": 2,
                            "Hash Buckets": 2097152,
                            "Original Hash Buckets": 2097152,
                            "Hash Batches": 1,
                            "Original Hash Batches": 1,
                            "Peak Memory Usage": 82560,
                            "Plans": [
                              {
                                "Node Type": "Seq Scan",
                                "Parent Relationship": "Outer",
                                "Parallel Aware": true,
                                "Relation Name": "title",
                                "Alias": "t",
                                "Startup Cost": 0.0,
                                "Total Cost": 58306.47,
                                "Plan Rows": 931455,
                                "Plan Width": 4,
                                "Actual Startup Time": 0.035,
                                "Actual Total Time": 171.875,
                                "Actual Rows": 845103,
                                "Actual Loops": 2,
                                "Filter": "((kind_id > 1) AND (production_year > 1966))",
                                "Rows Removed by Filter": 419053
                              }
                            ]
                          }
                        ]
                      }
                    ]
                  }
                ]
              }
            ]
          }
        ]
      }
    ]
  },
  "Planning Time": 1.301,
  "Triggers": [],
  "Execution Time": 1602.445
}