{
  "Plan": {
    "Node Type": "Aggregate",
    "Strategy": "Plain",
    "Partial Mode": "Finalize",
    "Parallel Aware": false,
    "Startup Cost": 145207.83,
    "Total Cost": 145207.84,
    "Plan Rows": 1,
    "Plan Width": 8,
    "Actual Startup Time": 556.319,
    "Actual Total Time": 575.324,
    "Actual Rows": 1,
    "Actual Loops": 1,
    "Plans": [
      {
        "Node Type": "Gather",
        "Parent Relationship": "Outer",
        "Parallel Aware": false,
        "Startup Cost": 145207.72,
        "Total Cost": 145207.83,
        "Plan Rows": 1,
        "Plan Width": 8,
        "Actual Startup Time": 555.791,
        "Actual Total Time": 575.315,
        "Actual Rows": 2,
        "Actual Loops": 1,
        "Workers Planned": 1,
        "Workers Launched": 1,
        "Single Copy": false,
        "Plans": [
          {
            "Node Type": "Aggregate",
            "Strategy": "Plain",
            "Partial Mode": "Partial",
            "Parent Relationship": "Outer",
            "Parallel Aware": false,
            "Startup Cost": 144207.72,
            "Total Cost": 144207.73,
            "Plan Rows": 1,
            "Plan Width": 8,
            "Actual Startup Time": 549.458,
            "Actual Total Time": 549.464,
            "Actual Rows": 1,
            "Actual Loops": 2,
            "Plans": [
              {
                "Node Type": "Hash Join",
                "Parent Relationship": "Outer",
                "Parallel Aware": true,
                "Join Type": "Inner",
                "Startup Cost": 82961.39,
                "Total Cost": 144147.56,
                "Plan Rows": 24064,
                "Plan Width": 0,
                "Actual Startup Time": 244.919,
                "Actual Total Time": 548.439,
                "Actual Rows": 25137,
                "Actual Loops": 2,
                "Inner Unique": false,
                "Hash Cond": "(mk.movie_id = t.id)",
                "Plans": [
                  {
                    "Node Type": "Seq Scan",
                    "Parent Relationship": "Outer",
                    "Parallel Aware": true,
                    "Relation Name": "movie_keyword",
                    "Alias": "mk",
                    "Startup Cost": 0.0,
                    "Total Cost": 51065.35,
                    "Plan Rows": 2661135,
                    "Plan Width": 4,
                    "Actual Startup Time": 0.008,
                    "Actual Total Time": 148.939,
                    "Actual Rows": 2261965,
                    "Actual Loops": 2
                  },
                  {
                    "Node Type": "Hash",
                    "Parent Relationship": "Inner",
                    "Parallel Aware": true,
                    "Startup Cost": 82793.28,
                    "Total Cost": 82793.28,
                    "Plan Rows": 13449,
                    "Plan Width": 8,
                    "Actual Startup Time": 242.777,
                    "Actual Total Time": 242.781,
                    "Actual Rows": 25912,
                    "Actual Loops": 2,
                    "Hash Buckets": 65536,
                    "Original Hash Buckets": 32768,
                    "Hash Batches": 1,
                    "Original Hash Batches": 1,
                    "Peak Memory Usage": 2816,
                    "Plans": [
                      {
                        "Node Type": "Hash Join",
                        "Parent Relationship": "Outer",
                        "Parallel Aware": true,
                        "Join Type": "Inner",
                        "Startup Cost": 21204.09,
                        "Total Cost": 82793.28,
                        "Plan Rows": 13449,
                        "Plan Width": 8,
                        "Actual Startup Time": 42.914,
                        "Actual Total Time": 234.296,
                        "Actual Rows": 25912,
                        "Actual Loops": 2,
                        "Inner Unique": false,
                        "Hash Cond": "(t.id = mc.movie_id)",
                        "Plans": [
                          {
                            "Node Type": "Seq Scan",
                            "Parent Relationship": "Outer",
                            "Parallel Aware": true,
                            "Relation Name": "title",
                            "Alias": "t",
                            "Startup Cost": 0.0,
                            "Total Cost": 58306.47,
                            "Plan Rows": 512578,
                            "Plan Width": 4,
                            "Actual Startup Time": 0.013,
                            "Actual Total Time": 141.413,
                            "Actual Rows": 400756,
                            "Actual Loops": 2,
                            "Filter": "((production_year < 2006) AND (kind_id = 7))",
                            "Rows Removed by Filter": 863400
                          },
                          {
                            "Node Type": "Hash",
                            "Parent Relationship": "Inner",
                            "Parallel Aware": true,
                            "Startup Cost": 20716.31,
                            "Total Cost": 20716.31,
                            "Plan Rows": 39022,
                            "Plan Width": 4,
                            "Actual Startup Time": 41.54,
                            "Actual Total Time": 41.542,
                            "Actual Rows": 34964,
                            "Actual Loops": 2,
                            "Hash Buckets": 131072,
                            "Original Hash Buckets": 131072,
                            "Hash Batches": 1,
                            "Original Hash Batches": 1,
                            "Peak Memory Usage": 3808,
                            "Plans": [
                              {
                                "Node Type": "Bitmap Heap Scan",
                                "Parent Relationship": "Outer",
                                "Parallel Aware": true,
                                "Relation Name": "movie_companies",
                                "Alias": "mc",
                                "Startup Cost": 1438.54,
                                "Total Cost": 20716.31,
                                "Plan Rows": 39022,
                                "Plan Width": 4,
                                "Actual Startup Time": 8.309,
                                "Actual Total Time": 30.534,
                                "Actual Rows": 34964,
                                "Actual Loops": 2,
                                "Recheck Cond": "(company_id < 11)",
                                "Rows Removed by Index Recheck": 0,
                                "Exact Heap Blocks": 5619,
                                "Lossy Heap Blocks": 0,
                                "Plans": [
                                  {
                                    "Node Type": "Bitmap Index Scan",
                                    "Parent Relationship": "Outer",
                                    "Parallel Aware": false,
                                    "Index Name": "company_id_movie_companies",
                                    "Startup Cost": 0.0,
                                    "Total Cost": 1421.96,
                                    "Plan Rows": 66337,
                                    "Plan Width": 0,
                                    "Actual Startup Time": 9.386,
                                    "Actual Total Time": 9.386,
                                    "Actual Rows": 69928,
                                    "Actual Loops": 1,
                                    "Index Cond": "(company_id < 11)"
                                  }
                                ]
                              }
                            ]
                          }
                        ]
                      }
                    ]
                  }
                ]
              }
            ]
          }
        ]
      }
    ]
  },
  "Planning Time": 1.165,
  "Triggers": [],
  "Execution Time": 575.438
}