{
  "Plan": {
    "Node Type": "Aggregate",
    "Strategy": "Plain",
    "Partial Mode": "Finalize",
    "Parallel Aware": false,
    "Startup Cost": 113195.77,
    "Total Cost": 113195.78,
    "Plan Rows": 1,
    "Plan Width": 8,
    "Actual Startup Time": 777.527,
    "Actual Total Time": 789.868,
    "Actual Rows": 1,
    "Actual Loops": 1,
    "Plans": [
      {
        "Node Type": "Gather",
        "Parent Relationship": "Outer",
        "Parallel Aware": false,
        "Startup Cost": 113195.66,
        "Total Cost": 113195.77,
        "Plan Rows": 1,
        "Plan Width": 8,
        "Actual Startup Time": 775.925,
        "Actual Total Time": 789.861,
        "Actual Rows": 2,
        "Actual Loops": 1,
        "Workers Planned": 1,
        "Workers Launched": 1,
        "Single Copy": false,
        "Plans": [
          {
            "Node Type": "Aggregate",
            "Strategy": "Plain",
            "Partial Mode": "Partial",
            "Parent Relationship": "Outer",
            "Parallel Aware": false,
            "Startup Cost": 112195.66,
            "Total Cost": 112195.67,
            "Plan Rows": 1,
            "Plan Width": 8,
            "Actual Startup Time": 770.059,
            "Actual Total Time": 770.063,
            "Actual Rows": 1,
            "Actual Loops": 2,
            "Plans": [
              {
                "Node Type": "Hash Join",
                "Parent Relationship": "Outer",
                "Parallel Aware": true,
                "Join Type": "Inner",
                "Startup Cost": 47928.39,
                "Total Cost": 110972.32,
                "Plan Rows": 489333,
                "Plan Width": 0,
                "Actual Startup Time": 245.939,
                "Actual Total Time": 749.142,
                "Actual Rows": 523486,
                "Actual Loops": 2,
                "Inner Unique": false,
                "Hash Cond": "(t.id = mc.movie_id)",
                "Plans": [
                  {
                    "Node Type": "Seq Scan",
                    "Parent Relationship": "Outer",
                    "Parallel Aware": true,
                    "Relation Name": "title",
                    "Alias": "t",
                    "Startup Cost": 0.0,
                    "Total Cost": 50870.31,
                    "Plan Rows": 1487231,
                    "Plan Width": 4,
                    "Actual Startup Time": 0.009,
                    "Actual Total Time": 112.024,
                    "Actual Rows": 1264156,
                    "Actual Loops": 2
                  },
                  {
                    "Node Type": "Hash",
                    "Parent Relationship": "Inner",
                    "Parallel Aware": true,
                    "Startup Cost": 41811.73,
                    "Total Cost": 41811.73,
                    "Plan Rows": 489333,
                    "Plan Width": 4,
                    "Actual Startup Time": 237.107,
                    "Actual Total Time": 237.107,
                    "Actual Rows": 523486,
                    "Actual Loops": 2,
                    "Hash Buckets": 1048576,
                    "Original Hash Buckets": 1048576,
                    "Hash Batches": 1,
                    "Original Hash Batches": 1,
                    "Peak Memory Usage": 49184,
                    "Plans": [
                      {
                        "Node Type": "Seq Scan",
                        "Parent Relationship": "Outer",
                        "Parallel Aware": true,
                        "Relation Name": "movie_companies",
                        "Alias": "mc",
                        "Startup Cost": 0.0,
                        "Total Cost": 41811.73,
                        "Plan Rows": 489333,
                        "Plan Width": 4,
                        "Actual Startup Time": 64.24,
                        "Actual Total Time": 135.449,
                        "Actual Rows": 523486,
                        "Actual Loops": 2,
                        "Filter": "((company_id > 4130) AND (company_type_id = 2))",
                        "Rows Removed by Filter": 781078
                      }
                    ]
                  }
                ]
              }
            ]
          }
        ]
      }
    ]
  },
  "Planning Time": 0.776,
  "Triggers": [],
  "Execution Time": 789.935
}