[
  {
    "Plan": {
      "Node Type": "Aggregate",
      "Strategy": "Plain",
      "Partial Mode": "Finalize",
      "Parallel Aware": false,
      "Startup Cost": 349605.58,
      "Total Cost": 349605.59,
      "Plan Rows": 1,
      "Plan Width": 8,
      "Actual Startup Time": 861.479,
      "Actual Total Time": 913.099,
      "Actual Rows": 1,
      "Actual Loops": 1,
      "Plans": [
        {
          "Node Type": "Gather",
          "Parent Relationship": "Outer",
          "Parallel Aware": false,
          "Startup Cost": 349604.96,
          "Total Cost": 349605.57,
          "Plan Rows": 6,
          "Plan Width": 8,
          "Actual Startup Time": 861.291,
          "Actual Total Time": 913.084,
          "Actual Rows": 7,
          "Actual Loops": 1,
          "Workers Planned": 6,
          "Workers Launched": 6,
          "Single Copy": false,
          "Plans": [
            {
              "Node Type": "Aggregate",
              "Strategy": "Plain",
              "Partial Mode": "Partial",
              "Parent Relationship": "Outer",
              "Parallel Aware": false,
              "Startup Cost": 348604.96,
              "Total Cost": 348604.97,
              "Plan Rows": 1,
              "Plan Width": 8,
              "Actual Startup Time": 851.265,
              "Actual Total Time": 851.267,
              "Actual Rows": 1,
              "Actual Loops": 7,
              "Plans": [
                {
                  "Node Type": "Seq Scan",
                  "Parent Relationship": "Outer",
                  "Parallel Aware": true,
                  "Relation Name": "cast_info",
                  "Alias": "ci",
                  "Startup Cost": 0.0,
                  "Total Cost": 343316.27,
                  "Plan Rows": 2115475,
                  "Plan Width": 0,
                  "Actual Startup Time": 287.857,
                  "Actual Total Time": 787.42,
                  "Actual Rows": 1014464,
                  "Actual Loops": 7,
                  "Filter": "((person_id < 1982710) AND (role_id > 1))",
                  "Rows Removed by Filter": 4163299
                }
              ]
            }
          ]
        }
      ]
    },
    "Planning Time": 0.21,
    "Triggers": [],
    "Execution Time": 913.168
  }
]