[
  {
    "Plan": {
      "Node Type": "Aggregate",
      "Strategy": "Plain",
      "Partial Mode": "Finalize",
      "Parallel Aware": false,
      "Startup Cost": 45067.58,
      "Total Cost": 45067.59,
      "Plan Rows": 1,
      "Plan Width": 8,
      "Actual Startup Time": 145.414,
      "Actual Total Time": 154.521,
      "Actual Rows": 1,
      "Actual Loops": 1,
      "Plans": [
        {
          "Node Type": "Gather",
          "Parent Relationship": "Outer",
          "Parallel Aware": false,
          "Startup Cost": 45067.26,
          "Total Cost": 45067.57,
          "Plan Rows": 3,
          "Plan Width": 8,
          "Actual Startup Time": 145.301,
          "Actual Total Time": 154.514,
          "Actual Rows": 4,
          "Actual Loops": 1,
          "Workers Planned": 3,
          "Workers Launched": 3,
          "Single Copy": false,
          "Plans": [
            {
              "Node Type": "Aggregate",
              "Strategy": "Plain",
              "Partial Mode": "Partial",
              "Parent Relationship": "Outer",
              "Parallel Aware": false,
              "Startup Cost": 44067.26,
              "Total Cost": 44067.27,
              "Plan Rows": 1,
              "Plan Width": 8,
              "Actual Startup Time": 137.949,
              "Actual Total Time": 137.95,
              "Actual Rows": 1,
              "Actual Loops": 4,
              "Plans": [
                {
                  "Node Type": "Seq Scan",
                  "Parent Relationship": "Outer",
                  "Parallel Aware": true,
                  "Relation Name": "movie_keyword",
                  "Alias": "mk",
                  "Startup Cost": 0.0,
                  "Total Cost": 42695.65,
                  "Plan Rows": 548643,
                  "Plan Width": 0,
                  "Actual Startup Time": 0.951,
                  "Actual Total Time": 116.378,
                  "Actual Rows": 422755,
                  "Actual Loops": 4,
                  "Filter": "(keyword_id > 8550)",
                  "Rows Removed by Filter": 708227
                }
              ]
            }
          ]
        }
      ]
    },
    "Planning Time": 0.097,
    "Triggers": [],
    "Execution Time": 154.558
  }
]