[
  {
    "Plan": {
      "Node Type": "Aggregate",
      "Strategy": "Plain",
      "Partial Mode": "Finalize",
      "Parallel Aware": false,
      "Startup Cost": 46824.05,
      "Total Cost": 46824.06,
      "Plan Rows": 1,
      "Plan Width": 8,
      "Actual Startup Time": 102.919,
      "Actual Total Time": 115.82,
      "Actual Rows": 1,
      "Actual Loops": 1,
      "Plans": [
        {
          "Node Type": "Gather",
          "Parent Relationship": "Outer",
          "Parallel Aware": false,
          "Startup Cost": 46823.63,
          "Total Cost": 46824.04,
          "Plan Rows": 4,
          "Plan Width": 8,
          "Actual Startup Time": 102.763,
          "Actual Total Time": 115.812,
          "Actual Rows": 5,
          "Actual Loops": 1,
          "Workers Planned": 4,
          "Workers Launched": 4,
          "Single Copy": false,
          "Plans": [
            {
              "Node Type": "Aggregate",
              "Strategy": "Plain",
              "Partial Mode": "Partial",
              "Parent Relationship": "Outer",
              "Parallel Aware": false,
              "Startup Cost": 45823.63,
              "Total Cost": 45823.64,
              "Plan Rows": 1,
              "Plan Width": 8,
              "Actual Startup Time": 95.25,
              "Actual Total Time": 95.251,
              "Actual Rows": 1,
              "Actual Loops": 5,
              "Plans": [
                {
                  "Node Type": "Seq Scan",
                  "Parent Relationship": "Outer",
                  "Parallel Aware": true,
                  "Relation Name": "title",
                  "Alias": "t",
                  "Startup Cost": 0.0,
                  "Total Cost": 45479.1,
                  "Plan Rows": 137813,
                  "Plan Width": 0,
                  "Actual Startup Time": 45.684,
                  "Actual Total Time": 91.267,
                  "Actual Rows": 85971,
                  "Actual Loops": 5,
                  "Filter": "((production_year > 1969) AND (kind_id = 1))",
                  "Rows Removed by Filter": 419691
                }
              ]
            }
          ]
        }
      ]
    },
    "Planning Time": 0.192,
    "Triggers": [],
    "Execution Time": 115.881
  }
]