[
  {
    "Plan": {
      "Node Type": "Aggregate",
      "Strategy": "Plain",
      "Partial Mode": "Finalize",
      "Parallel Aware": false,
      "Startup Cost": 46992.35,
      "Total Cost": 46992.36,
      "Plan Rows": 1,
      "Plan Width": 8,
      "Actual Startup Time": 104.6,
      "Actual Total Time": 116.473,
      "Actual Rows": 1,
      "Actual Loops": 1,
      "Plans": [
        {
          "Node Type": "Gather",
          "Parent Relationship": "Outer",
          "Parallel Aware": false,
          "Startup Cost": 46991.93,
          "Total Cost": 46992.34,
          "Plan Rows": 4,
          "Plan Width": 8,
          "Actual Startup Time": 104.432,
          "Actual Total Time": 116.463,
          "Actual Rows": 5,
          "Actual Loops": 1,
          "Workers Planned": 4,
          "Workers Launched": 4,
          "Single Copy": false,
          "Plans": [
            {
              "Node Type": "Aggregate",
              "Strategy": "Plain",
              "Partial Mode": "Partial",
              "Parent Relationship": "Outer",
              "Parallel Aware": false,
              "Startup Cost": 45991.93,
              "Total Cost": 45991.94,
              "Plan Rows": 1,
              "Plan Width": 8,
              "Actual Startup Time": 98.9,
              "Actual Total Time": 98.901,
              "Actual Rows": 1,
              "Actual Loops": 5,
              "Plans": [
                {
                  "Node Type": "Seq Scan",
                  "Parent Relationship": "Outer",
                  "Parallel Aware": true,
                  "Relation Name": "title",
                  "Alias": "t",
                  "Startup Cost": 0.0,
                  "Total Cost": 45479.59,
                  "Plan Rows": 204937,
                  "Plan Width": 0,
                  "Actual Startup Time": 0.029,
                  "Actual Total Time": 90.454,
                  "Actual Rows": 147752,
                  "Actual Loops": 5,
                  "Filter": "((kind_id > 6) AND (production_year < 2005))",
                  "Rows Removed by Filter": 357910
                }
              ]
            }
          ]
        }
      ]
    },
    "Planning Time": 0.101,
    "Triggers": [],
    "Execution Time": 116.507
  }
]