[
  {
    "Plan": {
      "Node Type": "Aggregate",
      "Strategy": "Plain",
      "Partial Mode": "Finalize",
      "Parallel Aware": false,
      "Startup Cost": 17860.69,
      "Total Cost": 17860.7,
      "Plan Rows": 1,
      "Plan Width": 8,
      "Actual Startup Time": 7.217,
      "Actual Total Time": 8.372,
      "Actual Rows": 1,
      "Actual Loops": 1,
      "Plans": [
        {
          "Node Type": "Gather",
          "Parent Relationship": "Outer",
          "Parallel Aware": false,
          "Startup Cost": 17860.48,
          "Total Cost": 17860.69,
          "Plan Rows": 2,
          "Plan Width": 8,
          "Actual Startup Time": 7.065,
          "Actual Total Time": 8.367,
          "Actual Rows": 3,
          "Actual Loops": 1,
          "Workers Planned": 2,
          "Workers Launched": 2,
          "Single Copy": false,
          "Plans": [
            {
              "Node Type": "Aggregate",
              "Strategy": "Plain",
              "Partial Mode": "Partial",
              "Parent Relationship": "Outer",
              "Parallel Aware": false,
              "Startup Cost": 16860.48,
              "Total Cost": 16860.49,
              "Plan Rows": 1,
              "Plan Width": 8,
              "Actual Startup Time": 3.495,
              "Actual Total Time": 3.496,
              "Actual Rows": 1,
              "Actual Loops": 3,
              "Plans": [
                {
                  "Node Type": "Nested Loop",
                  "Parent Relationship": "Outer",
                  "Parallel Aware": false,
                  "Join Type": "Inner",
                  "Startup Cost": 92.04,
                  "Total Cost": 16858.87,
                  "Plan Rows": 643,
                  "Plan Width": 0,
                  "Actual Startup Time": 3.169,
                  "Actual Total Time": 3.49,
                  "Actual Rows": 14,
                  "Actual Loops": 3,
                  "Inner Unique": true,
                  "Plans": [
                    {
                      "Node Type": "Bitmap Heap Scan",
                      "Parent Relationship": "Outer",
                      "Parallel Aware": true,
                      "Relation Name": "movie_companies",
                      "Alias": "mc",
                      "Startup Cost": 91.61,
                      "Total Cost": 9965.48,
                      "Plan Rows": 870,
                      "Plan Width": 4,
                      "Actual Startup Time": 3.083,
                      "Actual Total Time": 3.167,
                      "Actual Rows": 15,
                      "Actual Loops": 3,
                      "Recheck Cond": "(company_id = 52)",
                      "Rows Removed by Index Recheck": 0,
                      "Filter": "(company_type_id = 2)",
                      "Rows Removed by Filter": 1499,
                      "Exact Heap Blocks": 1569,
                      "Lossy Heap Blocks": 0,
                      "Plans": [
                        {
                          "Node Type": "Bitmap Index Scan",
                          "Parent Relationship": "Outer",
                          "Parallel Aware": false,
                          "Index Name": "company_id_movie_companies",
                          "Startup Cost": 0.0,
                          "Total Cost": 91.09,
                          "Plan Rows": 4088,
                          "Plan Width": 0,
                          "Actual Startup Time": 2.226,
                          "Actual Total Time": 2.226,
                          "Actual Rows": 4542,
                          "Actual Loops": 1,
                          "Index Cond": "(company_id = 52)"
                        }
                      ]
                    },
                    {
                      "Node Type": "Index Scan",
                      "Parent Relationship": "Inner",
                      "Parallel Aware": false,
                      "Scan Direction": "Forward",
                      "Index Name": "title_pkey",
                      "Relation Name": "title",
                      "Alias": "t",
                      "Startup Cost": 0.43,
                      "Total Cost": 7.92,
                      "Plan Rows": 1,
                      "Plan Width": 4,
                      "Actual Startup Time": 0.02,
                      "Actual Total Time": 0.02,
                      "Actual Rows": 1,
                      "Actual Loops": 46,
                      "Index Cond": "(id = mc.movie_id)",
                      "Rows Removed by Index Recheck": 0,
                      "Filter": "(kind_id > 1)",
                      "Rows Removed by Filter": 0
                    }
                  ]
                }
              ]
            }
          ]
        }
      ]
    },
    "Planning Time": 0.282,
    "Triggers": [],
    "Execution Time": 8.417
  }
]