[
  {
    "Plan": {
      "Node Type": "Aggregate",
      "Strategy": "Plain",
      "Partial Mode": "Simple",
      "Parallel Aware": false,
      "Startup Cost": 12102.18,
      "Total Cost": 12102.19,
      "Plan Rows": 1,
      "Plan Width": 8,
      "Actual Startup Time": 1.985,
      "Actual Total Time": 1.986,
      "Actual Rows": 1,
      "Actual Loops": 1,
      "Plans": [
        {
          "Node Type": "Bitmap Heap Scan",
          "Parent Relationship": "Outer",
          "Parallel Aware": false,
          "Relation Name": "movie_companies",
          "Alias": "mc",
          "Startup Cost": 122.22,
          "Total Cost": 12095.18,
          "Plan Rows": 2800,
          "Plan Width": 0,
          "Actual Startup Time": 0.739,
          "Actual Total Time": 1.777,
          "Actual Rows": 3777,
          "Actual Loops": 1,
          "Recheck Cond": "(company_id = 394)",
          "Rows Removed by Index Recheck": 0,
          "Filter": "(company_type_id = 2)",
          "Rows Removed by Filter": 949,
          "Exact Heap Blocks": 386,
          "Lossy Heap Blocks": 0,
          "Plans": [
            {
              "Node Type": "Bitmap Index Scan",
              "Parent Relationship": "Outer",
              "Parallel Aware": false,
              "Index Name": "company_id_movie_companies",
              "Startup Cost": 0.0,
              "Total Cost": 121.52,
              "Plan Rows": 5479,
              "Plan Width": 0,
              "Actual Startup Time": 0.244,
              "Actual Total Time": 0.244,
              "Actual Rows": 4726,
              "Actual Loops": 1,
              "Index Cond": "(company_id = 394)"
            }
          ]
        }
      ]
    },
    "Planning Time": 0.108,
    "Triggers": [],
    "Execution Time": 2.015
  }
]