[
  {
    "Plan": {
      "Node Type": "Aggregate",
      "Strategy": "Plain",
      "Partial Mode": "Finalize",
      "Parallel Aware": false,
      "Startup Cost": 47069.58,
      "Total Cost": 47069.59,
      "Plan Rows": 1,
      "Plan Width": 8,
      "Actual Startup Time": 98.345,
      "Actual Total Time": 109.769,
      "Actual Rows": 1,
      "Actual Loops": 1,
      "Plans": [
        {
          "Node Type": "Gather",
          "Parent Relationship": "Outer",
          "Parallel Aware": false,
          "Startup Cost": 47069.16,
          "Total Cost": 47069.57,
          "Plan Rows": 4,
          "Plan Width": 8,
          "Actual Startup Time": 98.215,
          "Actual Total Time": 109.761,
          "Actual Rows": 5,
          "Actual Loops": 1,
          "Workers Planned": 4,
          "Workers Launched": 4,
          "Single Copy": false,
          "Plans": [
            {
              "Node Type": "Aggregate",
              "Strategy": "Plain",
              "Partial Mode": "Partial",
              "Parent Relationship": "Outer",
              "Parallel Aware": false,
              "Startup Cost": 46069.16,
              "Total Cost": 46069.17,
              "Plan Rows": 1,
              "Plan Width": 8,
              "Actual Startup Time": 92.426,
              "Actual Total Time": 92.427,
              "Actual Rows": 1,
              "Actual Loops": 5,
              "Plans": [
                {
                  "Node Type": "Seq Scan",
                  "Parent Relationship": "Outer",
                  "Parallel Aware": true,
                  "Relation Name": "title",
                  "Alias": "t",
                  "Startup Cost": 0.0,
                  "Total Cost": 45479.1,
                  "Plan Rows": 236026,
                  "Plan Width": 0,
                  "Actual Startup Time": 0.031,
                  "Actual Total Time": 84.122,
                  "Actual Rows": 185211,
                  "Actual Loops": 5,
                  "Filter": "((kind_id < 7) AND (production_year > 1913))",
                  "Rows Removed by Filter": 320451
                }
              ]
            }
          ]
        }
      ]
    },
    "Planning Time": 0.093,
    "Triggers": [],
    "Execution Time": 109.8
  }
]