[
    {
        "Bao": {
            "Bao prediction": "NaN",
            "Bao recommended hint": "(no hint)"
        }
    },
    {
        "Plan": {
            "Node Type": "Aggregate",
            "Strategy": "Plain",
            "Partial Mode": "Finalize",
            "Parallel Aware": false,
            "Startup Cost": 26953.05,
            "Total Cost": 26953.06,
            "Plan Rows": 1,
            "Plan Width": 8,
            "Actual Startup Time": 56.165,
            "Actual Total Time": 64.702,
            "Actual Rows": 1,
            "Actual Loops": 1,
            "Output": [
                "count(*)"
            ],
            "Plans": [
                {
                    "Node Type": "Gather",
                    "Parent Relationship": "Outer",
                    "Parallel Aware": false,
                    "Startup Cost": 26952.94,
                    "Total Cost": 26953.05,
                    "Plan Rows": 1,
                    "Plan Width": 8,
                    "Actual Startup Time": 55.868,
                    "Actual Total Time": 64.694,
                    "Actual Rows": 2,
                    "Actual Loops": 1,
                    "Output": [
                        "(PARTIAL count(*))"
                    ],
                    "Workers Planned": 1,
                    "Workers Launched": 1,
                    "Single Copy": false,
                    "Plans": [
                        {
                            "Node Type": "Aggregate",
                            "Strategy": "Plain",
                            "Partial Mode": "Partial",
                            "Parent Relationship": "Outer",
                            "Parallel Aware": false,
                            "Startup Cost": 25952.94,
                            "Total Cost": 25952.95,
                            "Plan Rows": 1,
                            "Plan Width": 8,
                            "Actual Startup Time": 49.857,
                            "Actual Total Time": 49.86,
                            "Actual Rows": 1,
                            "Actual Loops": 2,
                            "Output": [
                                "PARTIAL count(*)"
                            ],
                            "Workers": [
                                {
                                    "Worker Number": 0,
                                    "Actual Startup Time": 44.135,
                                    "Actual Total Time": 44.137,
                                    "Actual Rows": 1,
                                    "Actual Loops": 1
                                }
                            ],
                            "Plans": [
                                {
                                    "Node Type": "Nested Loop",
                                    "Parent Relationship": "Outer",
                                    "Parallel Aware": false,
                                    "Join Type": "Inner",
                                    "Startup Cost": 74.23,
                                    "Total Cost": 25950.7,
                                    "Plan Rows": 896,
                                    "Plan Width": 0,
                                    "Actual Startup Time": 3.207,
                                    "Actual Total Time": 49.715,
                                    "Actual Rows": 1946,
                                    "Actual Loops": 2,
                                    "Inner Unique": false,
                                    "Workers": [
                                        {
                                            "Worker Number": 0,
                                            "Actual Startup Time": 4.717,
                                            "Actual Total Time": 44.058,
                                            "Actual Rows": 555,
                                            "Actual Loops": 1
                                        }
                                    ],
                                    "Plans": [
                                        {
                                            "Node Type": "Nested Loop",
                                            "Parent Relationship": "Outer",
                                            "Parallel Aware": false,
                                            "Join Type": "Inner",
                                            "Startup Cost": 73.8,
                                            "Total Cost": 22946.45,
                                            "Plan Rows": 1893,
                                            "Plan Width": 8,
                                            "Actual Startup Time": 0.964,
                                            "Actual Total Time": 16.369,
                                            "Actual Rows": 1764,
                                            "Actual Loops": 2,
                                            "Output": [
                                                "t.id",
                                                "mc.movie_id"
                                            ],
                                            "Inner Unique": true,
                                            "Workers": [
                                                {
                                                    "Worker Number": 0,
                                                    "Actual Startup Time": 0.414,
                                                    "Actual Total Time": 13.826,
                                                    "Actual Rows": 361,
                                                    "Actual Loops": 1
                                                }
                                            ],
                                            "Plans": [
                                                {
                                                    "Node Type": "Bitmap Heap Scan",
                                                    "Parent Relationship": "Outer",
                                                    "Parallel Aware": true,
                                                    "Relation Name": "movie_companies",
                                                    "Schema": "public",
                                                    "Alias": "mc",
                                                    "Startup Cost": 73.37,
                                                    "Total Cost": 8423.61,
                                                    "Plan Rows": 1893,
                                                    "Plan Width": 4,
                                                    "Actual Startup Time": 0.803,
                                                    "Actual Total Time": 4.571,
                                                    "Actual Rows": 1764,
                                                    "Actual Loops": 2,
                                                    "Output": [
                                                        "mc.id",
                                                        "mc.movie_id",
                                                        "mc.company_id",
                                                        "mc.company_type_id",
                                                        "mc.note"
                                                    ],
                                                    "Recheck Cond": "(mc.company_id = 419)",
                                                    "Rows Removed by Index Recheck": 0,
                                                    "Exact Heap Blocks": 2092,
                                                    "Lossy Heap Blocks": 0,
                                                    "Workers": [
                                                        {
                                                            "Worker Number": 0,
                                                            "Actual Startup Time": 0.139,
                                                            "Actual Total Time": 3.737,
                                                            "Actual Rows": 361,
                                                            "Actual Loops": 1
                                                        }
                                                    ],
                                                    "Plans": [
                                                        {
                                                            "Node Type": "Bitmap Index Scan",
                                                            "Parent Relationship": "Outer",
                                                            "Parallel Aware": false,
                                                            "Index Name": "company_id_movie_companies",
                                                            "Startup Cost": 0.0,
                                                            "Total Cost": 72.56,
                                                            "Plan Rows": 3218,
                                                            "Plan Width": 0,
                                                            "Actual Startup Time": 1.099,
                                                            "Actual Total Time": 1.1,
                                                            "Actual Rows": 3529,
                                                            "Actual Loops": 1,
                                                            "Index Cond": "(mc.company_id = 419)"
                                                        }
                                                    ]
                                                },
                                                {
                                                    "Node Type": "Index Only Scan",
                                                    "Parent Relationship": "Inner",
                                                    "Parallel Aware": false,
                                                    "Scan Direction": "Forward",
                                                    "Index Name": "title_pkey",
                                                    "Relation Name": "title",
                                                    "Schema": "public",
                                                    "Alias": "t",
                                                    "Startup Cost": 0.43,
                                                    "Total Cost": 7.67,
                                                    "Plan Rows": 1,
                                                    "Plan Width": 4,
                                                    "Actual Startup Time": 0.006,
                                                    "Actual Total Time": 0.006,
                                                    "Actual Rows": 1,
                                                    "Actual Loops": 3529,
                                                    "Output": [
                                                        "t.id"
                                                    ],
                                                    "Index Cond": "(t.id = mc.movie_id)",
                                                    "Rows Removed by Index Recheck": 0,
                                                    "Heap Fetches": 3529,
                                                    "Workers": [
                                                        {
                                                            "Worker Number": 0,
                                                            "Actual Startup Time": 0.026,
                                                            "Actual Total Time": 0.026,
                                                            "Actual Rows": 1,
                                                            "Actual Loops": 361
                                                        }
                                                    ]
                                                }
                                            ]
                                        },
                                        {
                                            "Node Type": "Index Scan",
                                            "Parent Relationship": "Inner",
                                            "Parallel Aware": false,
                                            "Scan Direction": "Forward",
                                            "Index Name": "movie_id_movie_info",
                                            "Relation Name": "movie_info",
                                            "Schema": "public",
                                            "Alias": "mi",
                                            "Startup Cost": 0.43,
                                            "Total Cost": 1.56,
                                            "Plan Rows": 3,
                                            "Plan Width": 4,
                                            "Actual Startup Time": 0.017,
                                            "Actual Total Time": 0.019,
                                            "Actual Rows": 1,
                                            "Actual Loops": 3529,
                                            "Output": [
                                                "mi.id",
                                                "mi.movie_id",
                                                "mi.info_type_id",
                                                "mi.info",
                                                "mi.note"
                                            ],
                                            "Index Cond": "(mi.movie_id = t.id)",
                                            "Rows Removed by Index Recheck": 0,
                                            "Filter": "(mi.info_type_id > 18)",
                                            "Rows Removed by Filter": 10,
                                            "Workers": [
                                                {
                                                    "Worker Number": 0,
                                                    "Actual Startup Time": 0.075,
                                                    "Actual Total Time": 0.082,
                                                    "Actual Rows": 2,
                                                    "Actual Loops": 361
                                                }
                                            ]
                                        }
                                    ]
                                }
                            ]
                        }
                    ]
                }
            ]
        },
        "Planning Time": 214.706,
        "Triggers": [],
        "Execution Time": 64.802
    }
]