[
  {
    "Plan": {
      "Node Type": "Aggregate",
      "Strategy": "Plain",
      "Partial Mode": "Finalize",
      "Parallel Aware": false,
      "Startup Cost": 32090.29,
      "Total Cost": 32090.3,
      "Plan Rows": 1,
      "Plan Width": 8,
      "Actual Startup Time": 116.064,
      "Actual Total Time": 124.286,
      "Actual Rows": 1,
      "Actual Loops": 1,
      "Plans": [
        {
          "Node Type": "Gather",
          "Parent Relationship": "Outer",
          "Parallel Aware": false,
          "Startup Cost": 32089.98,
          "Total Cost": 32090.29,
          "Plan Rows": 3,
          "Plan Width": 8,
          "Actual Startup Time": 115.958,
          "Actual Total Time": 124.278,
          "Actual Rows": 4,
          "Actual Loops": 1,
          "Workers Planned": 3,
          "Workers Launched": 3,
          "Single Copy": false,
          "Plans": [
            {
              "Node Type": "Aggregate",
              "Strategy": "Plain",
              "Partial Mode": "Partial",
              "Parent Relationship": "Outer",
              "Parallel Aware": false,
              "Startup Cost": 31089.98,
              "Total Cost": 31089.99,
              "Plan Rows": 1,
              "Plan Width": 8,
              "Actual Startup Time": 110.566,
              "Actual Total Time": 110.567,
              "Actual Rows": 1,
              "Actual Loops": 4,
              "Plans": [
                {
                  "Node Type": "Seq Scan",
                  "Parent Relationship": "Outer",
                  "Parallel Aware": true,
                  "Relation Name": "movie_companies",
                  "Alias": "mc",
                  "Startup Cost": 0.0,
                  "Total Cost": 29310.68,
                  "Plan Rows": 711718,
                  "Plan Width": 0,
                  "Actual Startup Time": 0.151,
                  "Actual Total Time": 84.864,
                  "Actual Rows": 552574,
                  "Actual Loops": 4,
                  "Filter": "(company_id > 250)",
                  "Rows Removed by Filter": 99708
                }
              ]
            }
          ]
        }
      ]
    },
    "Planning Time": 0.137,
    "Triggers": [],
    "Execution Time": 124.33
  }
]