[
  {
    "Plan": {
      "Node Type": "Aggregate",
      "Strategy": "Plain",
      "Partial Mode": "Finalize",
      "Parallel Aware": false,
      "Startup Cost": 581661.36,
      "Total Cost": 581661.37,
      "Plan Rows": 1,
      "Plan Width": 8,
      "Actual Startup Time": 1711.04,
      "Actual Total Time": 1780.672,
      "Actual Rows": 1,
      "Actual Loops": 1,
      "Plans": [
        {
          "Node Type": "Gather",
          "Parent Relationship": "Outer",
          "Parallel Aware": false,
          "Startup Cost": 581660.74,
          "Total Cost": 581661.35,
          "Plan Rows": 6,
          "Plan Width": 8,
          "Actual Startup Time": 1677.57,
          "Actual Total Time": 1780.66,
          "Actual Rows": 7,
          "Actual Loops": 1,
          "Workers Planned": 6,
          "Workers Launched": 6,
          "Single Copy": false,
          "Plans": [
            {
              "Node Type": "Aggregate",
              "Strategy": "Plain",
              "Partial Mode": "Partial",
              "Parent Relationship": "Outer",
              "Parallel Aware": false,
              "Startup Cost": 580660.74,
              "Total Cost": 580660.75,
              "Plan Rows": 1,
              "Plan Width": 8,
              "Actual Startup Time": 1662.389,
              "Actual Total Time": 1662.504,
              "Actual Rows": 1,
              "Actual Loops": 7,
              "Plans": [
                {
                  "Node Type": "Hash Join",
                  "Parent Relationship": "Outer",
                  "Parallel Aware": true,
                  "Join Type": "Inner",
                  "Startup Cost": 243514.83,
                  "Total Cost": 578734.57,
                  "Plan Rows": 770469,
                  "Plan Width": 0,
                  "Actual Startup Time": 868.5,
                  "Actual Total Time": 1622.491,
                  "Actual Rows": 817048,
                  "Actual Loops": 7,
                  "Inner Unique": false,
                  "Hash Cond": "(ci.movie_id = t.id)",
                  "Plans": [
                    {
                      "Node Type": "Seq Scan",
                      "Parent Relationship": "Outer",
                      "Parallel Aware": true,
                      "Relation Name": "cast_info",
                      "Alias": "ci",
                      "Startup Cost": 0.0,
                      "Total Cost": 328162.03,
                      "Plan Rows": 1471139,
                      "Plan Width": 4,
                      "Actual Startup Time": 316.141,
                      "Actual Total Time": 584.816,
                      "Actual Rows": 1250794,
                      "Actual Loops": 7,
                      "Filter": "(person_id > 2815600)",
                      "Rows Removed by Filter": 3926969
                    },
                    {
                      "Node Type": "Hash",
                      "Parent Relationship": "Inner",
                      "Parallel Aware": true,
                      "Startup Cost": 240204.52,
                      "Total Cost": 240204.52,
                      "Plan Rows": 264825,
                      "Plan Width": 8,
                      "Actual Startup Time": 547.732,
                      "Actual Total Time": 547.845,
                      "Actual Rows": 189337,
                      "Actual Loops": 7,
                      "Hash Buckets": 2097152,
                      "Original Hash Buckets": 2097152,
                      "Hash Batches": 1,
                      "Original Hash Batches": 1,
                      "Peak Memory Usage": 68384,
                      "Plans": [
                        {
                          "Node Type": "Hash Join",
                          "Parent Relationship": "Outer",
                          "Parallel Aware": true,
                          "Join Type": "Inner",
                          "Startup Cost": 74206.04,
                          "Total Cost": 240204.52,
                          "Plan Rows": 264825,
                          "Plan Width": 8,
                          "Actual Startup Time": 315.6,
                          "Actual Total Time": 453.333,
                          "Actual Rows": 189337,
                          "Actual Loops": 7,
                          "Inner Unique": true,
                          "Hash Cond": "(mi.movie_id = t.id)",
                          "Plans": [
                            {
                              "Node Type": "Bitmap Heap Scan",
                              "Parent Relationship": "Outer",
                              "Parallel Aware": true,
                              "Relation Name": "movie_info",
                              "Alias": "mi",
                              "Startup Cost": 23986.4,
                              "Total Cost": 189289.71,
                              "Plan Rows": 264825,
                              "Plan Width": 4,
                              "Actual Startup Time": 49.322,
                              "Actual Total Time": 79.333,
                              "Actual Rows": 189337,
                              "Actual Loops": 7,
                              "Recheck Cond": "(info_type_id = 8)",
                              "Rows Removed by Index Recheck": 0,
                              "Exact Heap Blocks": 1324,
                              "Lossy Heap Blocks": 0,
                              "Plans": [
                                {
                                  "Node Type": "Bitmap Index Scan",
                                  "Parent Relationship": "Outer",
                                  "Parallel Aware": false,
                                  "Index Name": "info_type_id_movie_info",
                                  "Startup Cost": 0.0,
                                  "Total Cost": 23655.37,
                                  "Plan Rows": 1324124,
                                  "Plan Width": 0,
                                  "Actual Startup Time": 47.972,
                                  "Actual Total Time": 47.973,
                                  "Actual Rows": 1325361,
                                  "Actual Loops": 1,
                                  "Index Cond": "(info_type_id = 8)"
                                }
                              ]
                            },
                            {
                              "Node Type": "Hash",
                              "Parent Relationship": "Inner",
                              "Parallel Aware": true,
                              "Startup Cost": 42318.73,
                              "Total Cost": 42318.73,
                              "Plan Rows": 632073,
                              "Plan Width": 4,
                              "Actual Startup Time": 262.179,
                              "Actual Total Time": 262.18,
                              "Actual Rows": 361187,
                              "Actual Loops": 7,
                              "Hash Buckets": 4194304,
                              "Original Hash Buckets": 4194304,
                              "Hash Batches": 1,
                              "Original Hash Batches": 1,
                              "Peak Memory Usage": 131808,
                              "Plans": [
                                {
                                  "Node Type": "Seq Scan",
                                  "Parent Relationship": "Outer",
                                  "Parallel Aware": true,
                                  "Relation Name": "title",
                                  "Alias": "t",
                                  "Startup Cost": 0.0,
                                  "Total Cost": 42318.73,
                                  "Plan Rows": 632073,
                                  "Plan Width": 4,
                                  "Actual Startup Time": 0.051,
                                  "Actual Total Time": 76.208,
                                  "Actual Rows": 361187,
                                  "Actual Loops": 7
                                }
                              ]
                            }
                          ]
                        }
                      ]
                    }
                  ]
                }
              ]
            }
          ]
        }
      ]
    },
    "Planning Time": 1.359,
    "Triggers": [],
    "Execution Time": 1780.796
  }
]