[
  {
    "Plan": {
      "Node Type": "Aggregate",
      "Strategy": "Plain",
      "Partial Mode": "Finalize",
      "Parallel Aware": false,
      "Startup Cost": 31027.9,
      "Total Cost": 31027.91,
      "Plan Rows": 1,
      "Plan Width": 8,
      "Actual Startup Time": 85.788,
      "Actual Total Time": 93.767,
      "Actual Rows": 1,
      "Actual Loops": 1,
      "Plans": [
        {
          "Node Type": "Gather",
          "Parent Relationship": "Outer",
          "Parallel Aware": false,
          "Startup Cost": 31027.59,
          "Total Cost": 31027.9,
          "Plan Rows": 3,
          "Plan Width": 8,
          "Actual Startup Time": 85.391,
          "Actual Total Time": 93.758,
          "Actual Rows": 4,
          "Actual Loops": 1,
          "Workers Planned": 3,
          "Workers Launched": 3,
          "Single Copy": false,
          "Plans": [
            {
              "Node Type": "Aggregate",
              "Strategy": "Plain",
              "Partial Mode": "Partial",
              "Parent Relationship": "Outer",
              "Parallel Aware": false,
              "Startup Cost": 30027.59,
              "Total Cost": 30027.6,
              "Plan Rows": 1,
              "Plan Width": 8,
              "Actual Startup Time": 81.348,
              "Actual Total Time": 81.349,
              "Actual Rows": 1,
              "Actual Loops": 4,
              "Plans": [
                {
                  "Node Type": "Bitmap Heap Scan",
                  "Parent Relationship": "Outer",
                  "Parallel Aware": true,
                  "Relation Name": "movie_keyword",
                  "Alias": "mk",
                  "Startup Cost": 4538.42,
                  "Total Cost": 29855.06,
                  "Plan Rows": 69011,
                  "Plan Width": 0,
                  "Actual Startup Time": 21.747,
                  "Actual Total Time": 77.343,
                  "Actual Rows": 54488,
                  "Actual Loops": 4,
                  "Recheck Cond": "(keyword_id > 65114)",
                  "Rows Removed by Index Recheck": 0,
                  "Exact Heap Blocks": 7667,
                  "Lossy Heap Blocks": 0,
                  "Plans": [
                    {
                      "Node Type": "Bitmap Index Scan",
                      "Parent Relationship": "Outer",
                      "Parallel Aware": false,
                      "Index Name": "keyword_id_movie_keyword",
                      "Startup Cost": 0.0,
                      "Total Cost": 4484.94,
                      "Plan Rows": 213934,
                      "Plan Width": 0,
                      "Actual Startup Time": 20.493,
                      "Actual Total Time": 20.493,
                      "Actual Rows": 217951,
                      "Actual Loops": 1,
                      "Index Cond": "(keyword_id > 65114)"
                    }
                  ]
                }
              ]
            }
          ]
        }
      ]
    },
    "Planning Time": 0.108,
    "Triggers": [],
    "Execution Time": 93.811
  }
]