{
  "Plan": {
    "Node Type": "Aggregate",
    "Strategy": "Plain",
    "Partial Mode": "Finalize",
    "Parallel Aware": false,
    "Startup Cost": 414151.78,
    "Total Cost": 414151.79,
    "Plan Rows": 1,
    "Plan Width": 8,
    "Actual Startup Time": 198.803,
    "Actual Total Time": 221.167,
    "Actual Rows": 1,
    "Actual Loops": 1,
    "Plans": [
      {
        "Node Type": "Gather",
        "Parent Relationship": "Outer",
        "Parallel Aware": false,
        "Startup Cost": 414151.66,
        "Total Cost": 414151.77,
        "Plan Rows": 1,
        "Plan Width": 8,
        "Actual Startup Time": 198.69,
        "Actual Total Time": 221.159,
        "Actual Rows": 2,
        "Actual Loops": 1,
        "Workers Planned": 1,
        "Workers Launched": 1,
        "Single Copy": false,
        "Plans": [
          {
            "Node Type": "Aggregate",
            "Strategy": "Plain",
            "Partial Mode": "Partial",
            "Parent Relationship": "Outer",
            "Parallel Aware": false,
            "Startup Cost": 413151.66,
            "Total Cost": 413151.67,
            "Plan Rows": 1,
            "Plan Width": 8,
            "Actual Startup Time": 193.2,
            "Actual Total Time": 193.202,
            "Actual Rows": 1,
            "Actual Loops": 2,
            "Plans": [
              {
                "Node Type": "Nested Loop",
                "Parent Relationship": "Outer",
                "Parallel Aware": false,
                "Join Type": "Inner",
                "Startup Cost": 0.56,
                "Total Cost": 413097.46,
                "Plan Rows": 21681,
                "Plan Width": 0,
                "Actual Startup Time": 0.638,
                "Actual Total Time": 192.623,
                "Actual Rows": 6062,
                "Actual Loops": 2,
                "Inner Unique": false,
                "Plans": [
                  {
                    "Node Type": "Seq Scan",
                    "Parent Relationship": "Outer",
                    "Parallel Aware": true,
                    "Relation Name": "title",
                    "Alias": "t",
                    "Startup Cost": 0.0,
                    "Total Cost": 58306.47,
                    "Plan Rows": 3182,
                    "Plan Width": 4,
                    "Actual Startup Time": 0.305,
                    "Actual Total Time": 139.756,
                    "Actual Rows": 2244,
                    "Actual Loops": 2,
                    "Filter": "((kind_id > 1) AND (production_year = 1954))",
                    "Rows Removed by Filter": 1261912
                  },
                  {
                    "Node Type": "Index Scan",
                    "Parent Relationship": "Inner",
                    "Parallel Aware": false,
                    "Scan Direction": "Forward",
                    "Index Name": "movie_id_cast_info",
                    "Relation Name": "cast_info",
                    "Alias": "ci",
                    "Startup Cost": 0.56,
                    "Total Cost": 111.33,
                    "Plan Rows": 17,
                    "Plan Width": 4,
                    "Actual Startup Time": 0.016,
                    "Actual Total Time": 0.023,
                    "Actual Rows": 3,
                    "Actual Loops": 4487,
                    "Index Cond": "(movie_id = t.id)",
                    "Rows Removed by Index Recheck": 0,
                    "Filter": "((person_id < 2727281) AND (role_id > 1))",
                    "Rows Removed by Filter": 6
                  }
                ]
              }
            ]
          }
        ]
      }
    ]
  },
  "Planning Time": 0.287,
  "Triggers": [],
  "Execution Time": 221.216
}