[
  {
    "Plan": {
      "Node Type": "Aggregate",
      "Strategy": "Plain",
      "Partial Mode": "Finalize",
      "Parallel Aware": false,
      "Startup Cost": 392447.43,
      "Total Cost": 392447.44,
      "Plan Rows": 1,
      "Plan Width": 8,
      "Actual Startup Time": 2174.562,
      "Actual Total Time": 2222.064,
      "Actual Rows": 1,
      "Actual Loops": 1,
      "Plans": [
        {
          "Node Type": "Gather",
          "Parent Relationship": "Outer",
          "Parallel Aware": false,
          "Startup Cost": 392447.21,
          "Total Cost": 392447.42,
          "Plan Rows": 2,
          "Plan Width": 8,
          "Actual Startup Time": 2161.216,
          "Actual Total Time": 2222.05,
          "Actual Rows": 3,
          "Actual Loops": 1,
          "Workers Planned": 2,
          "Workers Launched": 2,
          "Single Copy": false,
          "Plans": [
            {
              "Node Type": "Aggregate",
              "Strategy": "Plain",
              "Partial Mode": "Partial",
              "Parent Relationship": "Outer",
              "Parallel Aware": false,
              "Startup Cost": 391447.21,
              "Total Cost": 391447.22,
              "Plan Rows": 1,
              "Plan Width": 8,
              "Actual Startup Time": 2155.558,
              "Actual Total Time": 2157.281,
              "Actual Rows": 1,
              "Actual Loops": 3,
              "Plans": [
                {
                  "Node Type": "Hash Join",
                  "Parent Relationship": "Outer",
                  "Parallel Aware": true,
                  "Join Type": "Inner",
                  "Startup Cost": 374879.86,
                  "Total Cost": 391011.67,
                  "Plan Rows": 174218,
                  "Plan Width": 0,
                  "Actual Startup Time": 1907.502,
                  "Actual Total Time": 2115.507,
                  "Actual Rows": 999822,
                  "Actual Loops": 3,
                  "Inner Unique": false,
                  "Hash Cond": "(mi_idx.movie_id = t.id)",
                  "Plans": [
                    {
                      "Node Type": "Seq Scan",
                      "Parent Relationship": "Outer",
                      "Parallel Aware": true,
                      "Relation Name": "movie_info_idx",
                      "Alias": "mi_idx",
                      "Startup Cost": 0.0,
                      "Total Cost": 13685.15,
                      "Plan Rows": 575015,
                      "Plan Width": 4,
                      "Actual Startup Time": 0.012,
                      "Actual Total Time": 36.942,
                      "Actual Rows": 460012,
                      "Actual Loops": 3
                    },
                    {
                      "Node Type": "Hash",
                      "Parent Relationship": "Inner",
                      "Parallel Aware": true,
                      "Startup Cost": 373283.91,
                      "Total Cost": 373283.91,
                      "Plan Rows": 127676,
                      "Plan Width": 8,
                      "Actual Startup Time": 1901.281,
                      "Actual Total Time": 1903.002,
                      "Actual Rows": 934301,
                      "Actual Loops": 3,
                      "Hash Buckets": 4194304,
                      "Original Hash Buckets": 1048576,
                      "Hash Batches": 1,
                      "Original Hash Batches": 1,
                      "Peak Memory Usage": 167040,
                      "Plans": [
                        {
                          "Node Type": "Hash Join",
                          "Parent Relationship": "Outer",
                          "Parallel Aware": true,
                          "Join Type": "Inner",
                          "Startup Cost": 47367.77,
                          "Total Cost": 373283.91,
                          "Plan Rows": 127676,
                          "Plan Width": 8,
                          "Actual Startup Time": 324.783,
                          "Actual Total Time": 1539.535,
                          "Actual Rows": 934301,
                          "Actual Loops": 3,
                          "Inner Unique": true,
                          "Hash Cond": "(ci.movie_id = t.id)",
                          "Plans": [
                            {
                              "Node Type": "Index Scan",
                              "Parent Relationship": "Outer",
                              "Parallel Aware": true,
                              "Scan Direction": "Forward",
                              "Index Name": "role_id_cast_info",
                              "Relation Name": "cast_info",
                              "Alias": "ci",
                              "Startup Cost": 0.56,
                              "Total Cost": 325153.08,
                              "Plan Rows": 290901,
                              "Plan Width": 4,
                              "Actual Startup Time": 69.617,
                              "Actual Total Time": 672.197,
                              "Actual Rows": 1728400,
                              "Actual Loops": 3,
                              "Index Cond": "(role_id > 3)",
                              "Rows Removed by Index Recheck": 0,
                              "Filter": "(person_id > 3146075)",
                              "Rows Removed by Filter": 2309482
                            },
                            {
                              "Node Type": "Hash",
                              "Parent Relationship": "Inner",
                              "Parallel Aware": true,
                              "Startup Cost": 43899.32,
                              "Total Cost": 43899.32,
                              "Plan Rows": 277431,
                              "Plan Width": 4,
                              "Actual Startup Time": 248.85,
                              "Actual Total Time": 248.851,
                              "Actual Rows": 369308,
                              "Actual Loops": 3,
                              "Hash Buckets": 2097152,
                              "Original Hash Buckets": 2097152,
                              "Hash Batches": 1,
                              "Original Hash Batches": 1,
                              "Peak Memory Usage": 59744,
                              "Plans": [
                                {
                                  "Node Type": "Seq Scan",
                                  "Parent Relationship": "Outer",
                                  "Parallel Aware": true,
                                  "Relation Name": "title",
                                  "Alias": "t",
                                  "Startup Cost": 0.0,
                                  "Total Cost": 43899.32,
                                  "Plan Rows": 277431,
                                  "Plan Width": 4,
                                  "Actual Startup Time": 0.04,
                                  "Actual Total Time": 122.249,
                                  "Actual Rows": 369308,
                                  "Actual Loops": 3,
                                  "Filter": "(production_year > 2004)",
                                  "Rows Removed by Filter": 473462
                                }
                              ]
                            }
                          ]
                        }
                      ]
                    }
                  ]
                }
              ]
            }
          ]
        }
      ]
    },
    "Planning Time": 1.319,
    "Triggers": [],
    "Execution Time": 2222.162
  }
]