[
  {
    "Plan": {
      "Node Type": "Aggregate",
      "Strategy": "Plain",
      "Partial Mode": "Finalize",
      "Parallel Aware": false,
      "Startup Cost": 399108.09,
      "Total Cost": 399108.1,
      "Plan Rows": 1,
      "Plan Width": 8,
      "Actual Startup Time": 2161.806,
      "Actual Total Time": 2196.263,
      "Actual Rows": 1,
      "Actual Loops": 1,
      "Plans": [
        {
          "Node Type": "Gather",
          "Parent Relationship": "Outer",
          "Parallel Aware": false,
          "Startup Cost": 399107.88,
          "Total Cost": 399108.09,
          "Plan Rows": 2,
          "Plan Width": 8,
          "Actual Startup Time": 2147.289,
          "Actual Total Time": 2196.256,
          "Actual Rows": 3,
          "Actual Loops": 1,
          "Workers Planned": 2,
          "Workers Launched": 2,
          "Single Copy": false,
          "Plans": [
            {
              "Node Type": "Aggregate",
              "Strategy": "Plain",
              "Partial Mode": "Partial",
              "Parent Relationship": "Outer",
              "Parallel Aware": false,
              "Startup Cost": 398107.88,
              "Total Cost": 398107.89,
              "Plan Rows": 1,
              "Plan Width": 8,
              "Actual Startup Time": 2139.324,
              "Actual Total Time": 2139.33,
              "Actual Rows": 1,
              "Actual Loops": 3,
              "Plans": [
                {
                  "Node Type": "Hash Join",
                  "Parent Relationship": "Outer",
                  "Parallel Aware": true,
                  "Join Type": "Inner",
                  "Startup Cost": 381503.87,
                  "Total Cost": 397650.34,
                  "Plan Rows": 183014,
                  "Plan Width": 0,
                  "Actual Startup Time": 1885.223,
                  "Actual Total Time": 2100.779,
                  "Actual Rows": 999822,
                  "Actual Loops": 3,
                  "Inner Unique": false,
                  "Hash Cond": "(mi_idx.movie_id = t.id)",
                  "Plans": [
                    {
                      "Node Type": "Seq Scan",
                      "Parent Relationship": "Outer",
                      "Parallel Aware": true,
                      "Relation Name": "movie_info_idx",
                      "Alias": "mi_idx",
                      "Startup Cost": 0.0,
                      "Total Cost": 13685.15,
                      "Plan Rows": 575015,
                      "Plan Width": 4,
                      "Actual Startup Time": 0.025,
                      "Actual Total Time": 34.489,
                      "Actual Rows": 460012,
                      "Actual Loops": 3
                    },
                    {
                      "Node Type": "Hash",
                      "Parent Relationship": "Inner",
                      "Parallel Aware": true,
                      "Startup Cost": 379827.42,
                      "Total Cost": 379827.42,
                      "Plan Rows": 134116,
                      "Plan Width": 8,
                      "Actual Startup Time": 1879.734,
                      "Actual Total Time": 1879.738,
                      "Actual Rows": 934301,
                      "Actual Loops": 3,
                      "Hash Buckets": 4194304,
                      "Original Hash Buckets": 1048576,
                      "Hash Batches": 1,
                      "Original Hash Batches": 1,
                      "Peak Memory Usage": 167008,
                      "Plans": [
                        {
                          "Node Type": "Hash Join",
                          "Parent Relationship": "Outer",
                          "Parallel Aware": true,
                          "Join Type": "Inner",
                          "Startup Cost": 47400.53,
                          "Total Cost": 379827.42,
                          "Plan Rows": 134116,
                          "Plan Width": 8,
                          "Actual Startup Time": 320.736,
                          "Actual Total Time": 1496.562,
                          "Actual Rows": 934301,
                          "Actual Loops": 3,
                          "Inner Unique": true,
                          "Hash Cond": "(ci.movie_id = t.id)",
                          "Plans": [
                            {
                              "Node Type": "Index Scan",
                              "Parent Relationship": "Outer",
                              "Parallel Aware": true,
                              "Scan Direction": "Forward",
                              "Index Name": "role_id_cast_info",
                              "Relation Name": "cast_info",
                              "Alias": "ci",
                              "Startup Cost": 0.56,
                              "Total Cost": 331632.96,
                              "Plan Rows": 302664,
                              "Plan Width": 4,
                              "Actual Startup Time": 62.729,
                              "Actual Total Time": 626.476,
                              "Actual Rows": 1728400,
                              "Actual Loops": 3,
                              "Index Cond": "(role_id > 3)",
                              "Rows Removed by Index Recheck": 0,
                              "Filter": "(person_id > 3146075)",
                              "Rows Removed by Filter": 2309482
                            },
                            {
                              "Node Type": "Hash",
                              "Parent Relationship": "Inner",
                              "Parallel Aware": true,
                              "Startup Cost": 43898.92,
                              "Total Cost": 43898.92,
                              "Plan Rows": 280084,
                              "Plan Width": 4,
                              "Actual Startup Time": 252.211,
                              "Actual Total Time": 252.212,
                              "Actual Rows": 369308,
                              "Actual Loops": 3,
                              "Hash Buckets": 2097152,
                              "Original Hash Buckets": 2097152,
                              "Hash Batches": 1,
                              "Original Hash Batches": 1,
                              "Peak Memory Usage": 59776,
                              "Plans": [
                                {
                                  "Node Type": "Seq Scan",
                                  "Parent Relationship": "Outer",
                                  "Parallel Aware": true,
                                  "Relation Name": "title",
                                  "Alias": "t",
                                  "Startup Cost": 0.0,
                                  "Total Cost": 43898.92,
                                  "Plan Rows": 280084,
                                  "Plan Width": 4,
                                  "Actual Startup Time": 0.042,
                                  "Actual Total Time": 121.989,
                                  "Actual Rows": 369308,
                                  "Actual Loops": 3,
                                  "Filter": "(production_year > 2004)",
                                  "Rows Removed by Filter": 473462
                                }
                              ]
                            }
                          ]
                        }
                      ]
                    }
                  ]
                }
              ]
            }
          ]
        }
      ]
    },
    "Planning Time": 0.774,
    "Triggers": [],
    "Execution Time": 2196.328
  }
]