{
  "Plan": {
    "Node Type": "Aggregate",
    "Strategy": "Plain",
    "Partial Mode": "Finalize",
    "Parallel Aware": false,
    "Startup Cost": 48478.59,
    "Total Cost": 48478.6,
    "Plan Rows": 1,
    "Plan Width": 8,
    "Actual Startup Time": 53.652,
    "Actual Total Time": 60.974,
    "Actual Rows": 1,
    "Actual Loops": 1,
    "Plans": [
      {
        "Node Type": "Gather",
        "Parent Relationship": "Outer",
        "Parallel Aware": false,
        "Startup Cost": 48478.48,
        "Total Cost": 48478.59,
        "Plan Rows": 1,
        "Plan Width": 8,
        "Actual Startup Time": 53.561,
        "Actual Total Time": 60.969,
        "Actual Rows": 2,
        "Actual Loops": 1,
        "Workers Planned": 1,
        "Workers Launched": 1,
        "Single Copy": false,
        "Plans": [
          {
            "Node Type": "Aggregate",
            "Strategy": "Plain",
            "Partial Mode": "Partial",
            "Parent Relationship": "Outer",
            "Parallel Aware": false,
            "Startup Cost": 47478.48,
            "Total Cost": 47478.49,
            "Plan Rows": 1,
            "Plan Width": 8,
            "Actual Startup Time": 47.382,
            "Actual Total Time": 47.383,
            "Actual Rows": 1,
            "Actual Loops": 2,
            "Plans": [
              {
                "Node Type": "Nested Loop",
                "Parent Relationship": "Outer",
                "Parallel Aware": false,
                "Join Type": "Inner",
                "Startup Cost": 164.47,
                "Total Cost": 47467.17,
                "Plan Rows": 4524,
                "Plan Width": 0,
                "Actual Startup Time": 4.024,
                "Actual Total Time": 46.89,
                "Actual Rows": 3836,
                "Actual Loops": 2,
                "Inner Unique": true,
                "Plans": [
                  {
                    "Node Type": "Bitmap Heap Scan",
                    "Parent Relationship": "Outer",
                    "Parallel Aware": true,
                    "Relation Name": "movie_keyword",
                    "Alias": "mk",
                    "Startup Cost": 164.04,
                    "Total Cost": 16410.49,
                    "Plan Rows": 4524,
                    "Plan Width": 4,
                    "Actual Startup Time": 3.879,
                    "Actual Total Time": 15.727,
                    "Actual Rows": 3836,
                    "Actual Loops": 2,
                    "Recheck Cond": "(keyword_id = 7078)",
                    "Rows Removed by Index Recheck": 0,
                    "Exact Heap Blocks": 4558,
                    "Lossy Heap Blocks": 0,
                    "Plans": [
                      {
                        "Node Type": "Bitmap Index Scan",
                        "Parent Relationship": "Outer",
                        "Parallel Aware": false,
                        "Index Name": "keyword_id_movie_keyword",
                        "Startup Cost": 0.0,
                        "Total Cost": 162.12,
                        "Plan Rows": 7691,
                        "Plan Width": 0,
                        "Actual Startup Time": 5.041,
                        "Actual Total Time": 5.041,
                        "Actual Rows": 7673,
                        "Actual Loops": 1,
                        "Index Cond": "(keyword_id = 7078)"
                      }
                    ]
                  },
                  {
                    "Node Type": "Index Only Scan",
                    "Parent Relationship": "Inner",
                    "Parallel Aware": false,
                    "Scan Direction": "Forward",
                    "Index Name": "title_pkey",
                    "Relation Name": "title",
                    "Alias": "t",
                    "Startup Cost": 0.43,
                    "Total Cost": 6.86,
                    "Plan Rows": 1,
                    "Plan Width": 4,
                    "Actual Startup Time": 0.008,
                    "Actual Total Time": 0.008,
                    "Actual Rows": 1,
                    "Actual Loops": 7673,
                    "Index Cond": "(id = mk.movie_id)",
                    "Rows Removed by Index Recheck": 0,
                    "Heap Fetches": 7673
                  }
                ]
              }
            ]
          }
        ]
      }
    ]
  },
  "Planning Time": 0.579,
  "Triggers": [],
  "Execution Time": 61.055
}