[
  {
    "Plan": {
      "Node Type": "Aggregate",
      "Strategy": "Plain",
      "Partial Mode": "Finalize",
      "Parallel Aware": false,
      "Startup Cost": 76631.82,
      "Total Cost": 76631.83,
      "Plan Rows": 1,
      "Plan Width": 8,
      "Actual Startup Time": 322.674,
      "Actual Total Time": 337.355,
      "Actual Rows": 1,
      "Actual Loops": 1,
      "Plans": [
        {
          "Node Type": "Gather",
          "Parent Relationship": "Outer",
          "Parallel Aware": false,
          "Startup Cost": 76631.5,
          "Total Cost": 76631.81,
          "Plan Rows": 3,
          "Plan Width": 8,
          "Actual Startup Time": 321.51,
          "Actual Total Time": 337.344,
          "Actual Rows": 4,
          "Actual Loops": 1,
          "Workers Planned": 3,
          "Workers Launched": 3,
          "Single Copy": false,
          "Plans": [
            {
              "Node Type": "Aggregate",
              "Strategy": "Plain",
              "Partial Mode": "Partial",
              "Parent Relationship": "Outer",
              "Parallel Aware": false,
              "Startup Cost": 75631.5,
              "Total Cost": 75631.51,
              "Plan Rows": 1,
              "Plan Width": 8,
              "Actual Startup Time": 313.903,
              "Actual Total Time": 313.907,
              "Actual Rows": 1,
              "Actual Loops": 4,
              "Plans": [
                {
                  "Node Type": "Hash Join",
                  "Parent Relationship": "Outer",
                  "Parallel Aware": true,
                  "Join Type": "Inner",
                  "Startup Cost": 46060.82,
                  "Total Cost": 75476.71,
                  "Plan Rows": 61914,
                  "Plan Width": 0,
                  "Actual Startup Time": 139.477,
                  "Actual Total Time": 306.096,
                  "Actual Rows": 169991,
                  "Actual Loops": 4,
                  "Inner Unique": true,
                  "Hash Cond": "(mc.movie_id = t.id)",
                  "Plans": [
                    {
                      "Node Type": "Seq Scan",
                      "Parent Relationship": "Outer",
                      "Parallel Aware": true,
                      "Relation Name": "movie_companies",
                      "Alias": "mc",
                      "Startup Cost": 0.0,
                      "Total Cost": 27206.55,
                      "Plan Rows": 841655,
                      "Plan Width": 4,
                      "Actual Startup Time": 0.007,
                      "Actual Total Time": 57.969,
                      "Actual Rows": 652282,
                      "Actual Loops": 4
                    },
                    {
                      "Node Type": "Hash",
                      "Parent Relationship": "Inner",
                      "Parallel Aware": true,
                      "Startup Cost": 45479.59,
                      "Total Cost": 45479.59,
                      "Plan Rows": 46499,
                      "Plan Width": 4,
                      "Actual Startup Time": 137.078,
                      "Actual Total Time": 137.079,
                      "Actual Rows": 83040,
                      "Actual Loops": 4,
                      "Hash Buckets": 524288,
                      "Original Hash Buckets": 262144,
                      "Hash Batches": 1,
                      "Original Hash Batches": 1,
                      "Peak Memory Usage": 19232,
                      "Plans": [
                        {
                          "Node Type": "Seq Scan",
                          "Parent Relationship": "Outer",
                          "Parallel Aware": true,
                          "Relation Name": "title",
                          "Alias": "t",
                          "Startup Cost": 0.0,
                          "Total Cost": 45479.59,
                          "Plan Rows": 46499,
                          "Plan Width": 4,
                          "Actual Startup Time": 0.125,
                          "Actual Total Time": 102.133,
                          "Actual Rows": 83040,
                          "Actual Loops": 4,
                          "Filter": "((kind_id < 4) AND (production_year < 1984))",
                          "Rows Removed by Filter": 549038
                        }
                      ]
                    }
                  ]
                }
              ]
            }
          ]
        }
      ]
    },
    "Planning Time": 0.666,
    "Triggers": [],
    "Execution Time": 337.555
  }
]