[
  {
    "Plan": {
      "Node Type": "Aggregate",
      "Strategy": "Plain",
      "Partial Mode": "Finalize",
      "Parallel Aware": false,
      "Startup Cost": 205868.87,
      "Total Cost": 205868.88,
      "Plan Rows": 1,
      "Plan Width": 8,
      "Actual Startup Time": 79.427,
      "Actual Total Time": 85.257,
      "Actual Rows": 1,
      "Actual Loops": 1,
      "Plans": [
        {
          "Node Type": "Gather",
          "Parent Relationship": "Outer",
          "Parallel Aware": false,
          "Startup Cost": 205868.35,
          "Total Cost": 205868.86,
          "Plan Rows": 5,
          "Plan Width": 8,
          "Actual Startup Time": 78.457,
          "Actual Total Time": 85.251,
          "Actual Rows": 6,
          "Actual Loops": 1,
          "Workers Planned": 5,
          "Workers Launched": 5,
          "Single Copy": false,
          "Plans": [
            {
              "Node Type": "Aggregate",
              "Strategy": "Plain",
              "Partial Mode": "Partial",
              "Parent Relationship": "Outer",
              "Parallel Aware": false,
              "Startup Cost": 204868.35,
              "Total Cost": 204868.36,
              "Plan Rows": 1,
              "Plan Width": 8,
              "Actual Startup Time": 67.942,
              "Actual Total Time": 67.945,
              "Actual Rows": 1,
              "Actual Loops": 6,
              "Plans": [
                {
                  "Node Type": "Hash Join",
                  "Parent Relationship": "Outer",
                  "Parallel Aware": true,
                  "Join Type": "Inner",
                  "Startup Cost": 41494.66,
                  "Total Cost": 204864.99,
                  "Plan Rows": 1343,
                  "Plan Width": 0,
                  "Actual Startup Time": 55.597,
                  "Actual Total Time": 67.823,
                  "Actual Rows": 1698,
                  "Actual Loops": 6,
                  "Inner Unique": true,
                  "Hash Cond": "(mi.movie_id = t.id)",
                  "Plans": [
                    {
                      "Node Type": "Bitmap Heap Scan",
                      "Parent Relationship": "Outer",
                      "Parallel Aware": true,
                      "Relation Name": "movie_info",
                      "Alias": "mi",
                      "Startup Cost": 2521.42,
                      "Total Cost": 165818.8,
                      "Plan Rows": 27793,
                      "Plan Width": 4,
                      "Actual Startup Time": 4.885,
                      "Actual Total Time": 13.607,
                      "Actual Rows": 20310,
                      "Actual Loops": 6,
                      "Recheck Cond": "(info_type_id = 105)",
                      "Rows Removed by Index Recheck": 0,
                      "Exact Heap Blocks": 1550,
                      "Lossy Heap Blocks": 0,
                      "Plans": [
                        {
                          "Node Type": "Bitmap Index Scan",
                          "Parent Relationship": "Outer",
                          "Parallel Aware": false,
                          "Index Name": "info_type_id_movie_info",
                          "Startup Cost": 0.0,
                          "Total Cost": 2486.68,
                          "Plan Rows": 138966,
                          "Plan Width": 0,
                          "Actual Startup Time": 4.146,
                          "Actual Total Time": 4.146,
                          "Actual Rows": 121863,
                          "Actual Loops": 1,
                          "Index Cond": "(info_type_id = 105)"
                        }
                      ]
                    },
                    {
                      "Node Type": "Hash",
                      "Parent Relationship": "Inner",
                      "Parallel Aware": true,
                      "Startup Cost": 38591.37,
                      "Total Cost": 38591.37,
                      "Plan Rows": 30550,
                      "Plan Width": 4,
                      "Actual Startup Time": 47.961,
                      "Actual Total Time": 47.962,
                      "Actual Rows": 19706,
                      "Actual Loops": 6,
                      "Hash Buckets": 131072,
                      "Original Hash Buckets": 131072,
                      "Hash Batches": 1,
                      "Original Hash Batches": 1,
                      "Peak Memory Usage": 5728,
                      "Plans": [
                        {
                          "Node Type": "Bitmap Heap Scan",
                          "Parent Relationship": "Outer",
                          "Parallel Aware": true,
                          "Relation Name": "title",
                          "Alias": "t",
                          "Startup Cost": 2211.49,
                          "Total Cost": 38591.37,
                          "Plan Rows": 30550,
                          "Plan Width": 4,
                          "Actual Startup Time": 7.993,
                          "Actual Total Time": 39.425,
                          "Actual Rows": 19706,
                          "Actual Loops": 6,
                          "Recheck Cond": "(kind_id = 4)",
                          "Rows Removed by Index Recheck": 0,
                          "Exact Heap Blocks": 5918,
                          "Lossy Heap Blocks": 0,
                          "Plans": [
                            {
                              "Node Type": "Bitmap Index Scan",
                              "Parent Relationship": "Outer",
                              "Parallel Aware": false,
                              "Index Name": "kind_id_title",
                              "Startup Cost": 0.0,
                              "Total Cost": 2180.94,
                              "Plan Rows": 122201,
                              "Plan Width": 0,
                              "Actual Startup Time": 11.398,
                              "Actual Total Time": 11.399,
                              "Actual Rows": 118234,
                              "Actual Loops": 1,
                              "Index Cond": "(kind_id = 4)"
                            }
                          ]
                        }
                      ]
                    }
                  ]
                }
              ]
            }
          ]
        }
      ]
    },
    "Planning Time": 0.3,
    "Triggers": [],
    "Execution Time": 85.31
  }
]