[
  {
    "Plan": {
      "Node Type": "Aggregate",
      "Strategy": "Plain",
      "Partial Mode": "Finalize",
      "Parallel Aware": false,
      "Startup Cost": 32803.37,
      "Total Cost": 32803.38,
      "Plan Rows": 1,
      "Plan Width": 8,
      "Actual Startup Time": 96.361,
      "Actual Total Time": 104.625,
      "Actual Rows": 1,
      "Actual Loops": 1,
      "Plans": [
        {
          "Node Type": "Gather",
          "Parent Relationship": "Outer",
          "Parallel Aware": false,
          "Startup Cost": 32803.06,
          "Total Cost": 32803.37,
          "Plan Rows": 3,
          "Plan Width": 8,
          "Actual Startup Time": 96.13,
          "Actual Total Time": 104.617,
          "Actual Rows": 4,
          "Actual Loops": 1,
          "Workers Planned": 3,
          "Workers Launched": 3,
          "Single Copy": false,
          "Plans": [
            {
              "Node Type": "Aggregate",
              "Strategy": "Plain",
              "Partial Mode": "Partial",
              "Parent Relationship": "Outer",
              "Parallel Aware": false,
              "Startup Cost": 31803.06,
              "Total Cost": 31803.07,
              "Plan Rows": 1,
              "Plan Width": 8,
              "Actual Startup Time": 89.834,
              "Actual Total Time": 89.835,
              "Actual Rows": 1,
              "Actual Loops": 4,
              "Plans": [
                {
                  "Node Type": "Seq Scan",
                  "Parent Relationship": "Outer",
                  "Parallel Aware": true,
                  "Relation Name": "movie_companies",
                  "Alias": "mc",
                  "Startup Cost": 0.0,
                  "Total Cost": 31414.82,
                  "Plan Rows": 155295,
                  "Plan Width": 0,
                  "Actual Startup Time": 44.627,
                  "Actual Total Time": 80.651,
                  "Actual Rows": 198356,
                  "Actual Loops": 4,
                  "Filter": "((company_id > 19320) AND (company_type_id > 1))",
                  "Rows Removed by Filter": 453927
                }
              ]
            }
          ]
        }
      ]
    },
    "Planning Time": 0.195,
    "Triggers": [],
    "Execution Time": 104.678
  }
]