[
  {
    "Plan": {
      "Node Type": "Aggregate",
      "Strategy": "Plain",
      "Partial Mode": "Finalize",
      "Parallel Aware": false,
      "Startup Cost": 33187.53,
      "Total Cost": 33187.54,
      "Plan Rows": 1,
      "Plan Width": 8,
      "Actual Startup Time": 110.972,
      "Actual Total Time": 120.154,
      "Actual Rows": 1,
      "Actual Loops": 1,
      "Plans": [
        {
          "Node Type": "Gather",
          "Parent Relationship": "Outer",
          "Parallel Aware": false,
          "Startup Cost": 33187.21,
          "Total Cost": 33187.52,
          "Plan Rows": 3,
          "Plan Width": 8,
          "Actual Startup Time": 110.648,
          "Actual Total Time": 120.144,
          "Actual Rows": 4,
          "Actual Loops": 1,
          "Workers Planned": 3,
          "Workers Launched": 3,
          "Single Copy": false,
          "Plans": [
            {
              "Node Type": "Aggregate",
              "Strategy": "Plain",
              "Partial Mode": "Partial",
              "Parent Relationship": "Outer",
              "Parallel Aware": false,
              "Startup Cost": 32187.21,
              "Total Cost": 32187.22,
              "Plan Rows": 1,
              "Plan Width": 8,
              "Actual Startup Time": 103.613,
              "Actual Total Time": 103.615,
              "Actual Rows": 1,
              "Actual Loops": 4,
              "Plans": [
                {
                  "Node Type": "Seq Scan",
                  "Parent Relationship": "Outer",
                  "Parallel Aware": true,
                  "Relation Name": "movie_companies",
                  "Alias": "mc",
                  "Startup Cost": 0.0,
                  "Total Cost": 31414.82,
                  "Plan Rows": 308956,
                  "Plan Width": 0,
                  "Actual Startup Time": 45.857,
                  "Actual Total Time": 89.556,
                  "Actual Rows": 279905,
                  "Actual Loops": 4,
                  "Filter": "((company_id > 1431) AND (company_type_id > 1))",
                  "Rows Removed by Filter": 372377
                }
              ]
            }
          ]
        }
      ]
    },
    "Planning Time": 0.117,
    "Triggers": [],
    "Execution Time": 120.194
  }
]