[
  {
    "Plan": {
      "Node Type": "Aggregate",
      "Strategy": "Plain",
      "Partial Mode": "Finalize",
      "Parallel Aware": false,
      "Startup Cost": 352897.32,
      "Total Cost": 352897.33,
      "Plan Rows": 1,
      "Plan Width": 8,
      "Actual Startup Time": 948.752,
      "Actual Total Time": 994.125,
      "Actual Rows": 1,
      "Actual Loops": 1,
      "Plans": [
        {
          "Node Type": "Gather",
          "Parent Relationship": "Outer",
          "Parallel Aware": false,
          "Startup Cost": 352896.69,
          "Total Cost": 352897.3,
          "Plan Rows": 6,
          "Plan Width": 8,
          "Actual Startup Time": 948.589,
          "Actual Total Time": 994.107,
          "Actual Rows": 7,
          "Actual Loops": 1,
          "Workers Planned": 6,
          "Workers Launched": 6,
          "Single Copy": false,
          "Plans": [
            {
              "Node Type": "Aggregate",
              "Strategy": "Plain",
              "Partial Mode": "Partial",
              "Parent Relationship": "Outer",
              "Parallel Aware": false,
              "Startup Cost": 351896.69,
              "Total Cost": 351896.7,
              "Plan Rows": 1,
              "Plan Width": 8,
              "Actual Startup Time": 942.171,
              "Actual Total Time": 942.172,
              "Actual Rows": 1,
              "Actual Loops": 7,
              "Plans": [
                {
                  "Node Type": "Seq Scan",
                  "Parent Relationship": "Outer",
                  "Parallel Aware": true,
                  "Relation Name": "cast_info",
                  "Alias": "ci",
                  "Startup Cost": 0.0,
                  "Total Cost": 343316.27,
                  "Plan Rows": 3432169,
                  "Plan Width": 0,
                  "Actual Startup Time": 238.786,
                  "Actual Total Time": 768.189,
                  "Actual Rows": 3180627,
                  "Actual Loops": 7,
                  "Filter": "((person_id > 457796) AND (role_id > 1))",
                  "Rows Removed by Filter": 1997137
                }
              ]
            }
          ]
        }
      ]
    },
    "Planning Time": 0.187,
    "Triggers": [],
    "Execution Time": 994.185
  }
]