{
  "Plan": {
    "Node Type": "Aggregate",
    "Strategy": "Plain",
    "Partial Mode": "Finalize",
    "Parallel Aware": false,
    "Startup Cost": 478296.2,
    "Total Cost": 478296.21,
    "Plan Rows": 1,
    "Plan Width": 8,
    "Actual Startup Time": 2160.217,
    "Actual Total Time": 2184.413,
    "Actual Rows": 1,
    "Actual Loops": 1,
    "Plans": [
      {
        "Node Type": "Gather",
        "Parent Relationship": "Outer",
        "Parallel Aware": false,
        "Startup Cost": 478296.09,
        "Total Cost": 478296.2,
        "Plan Rows": 1,
        "Plan Width": 8,
        "Actual Startup Time": 2153.672,
        "Actual Total Time": 2184.403,
        "Actual Rows": 2,
        "Actual Loops": 1,
        "Workers Planned": 1,
        "Workers Launched": 1,
        "Single Copy": false,
        "Plans": [
          {
            "Node Type": "Aggregate",
            "Strategy": "Plain",
            "Partial Mode": "Partial",
            "Parent Relationship": "Outer",
            "Parallel Aware": false,
            "Startup Cost": 477296.09,
            "Total Cost": 477296.1,
            "Plan Rows": 1,
            "Plan Width": 8,
            "Actual Startup Time": 2141.513,
            "Actual Total Time": 2141.517,
            "Actual Rows": 1,
            "Actual Loops": 2,
            "Plans": [
              {
                "Node Type": "Hash Join",
                "Parent Relationship": "Outer",
                "Parallel Aware": true,
                "Join Type": "Inner",
                "Startup Cost": 175046.31,
                "Total Cost": 470265.91,
                "Plan Rows": 2812072,
                "Plan Width": 0,
                "Actual Startup Time": 786.976,
                "Actual Total Time": 2039.599,
                "Actual Rows": 2465250,
                "Actual Loops": 2,
                "Inner Unique": true,
                "Hash Cond": "(ci.movie_id = t.id)",
                "Plans": [
                  {
                    "Node Type": "Bitmap Heap Scan",
                    "Parent Relationship": "Outer",
                    "Parallel Aware": true,
                    "Relation Name": "cast_info",
                    "Alias": "ci",
                    "Startup Cost": 105585.61,
                    "Total Cost": 393423.51,
                    "Plan Rows": 2812072,
                    "Plan Width": 4,
                    "Actual Startup Time": 269.063,
                    "Actual Total Time": 513.076,
                    "Actual Rows": 2465250,
                    "Actual Loops": 2,
                    "Recheck Cond": "(person_id < 479061)",
                    "Rows Removed by Index Recheck": 0,
                    "Exact Heap Blocks": 26869,
                    "Lossy Heap Blocks": 0,
                    "Plans": [
                      {
                        "Node Type": "Bitmap Index Scan",
                        "Parent Relationship": "Outer",
                        "Parallel Aware": false,
                        "Index Name": "person_id_cast_info",
                        "Startup Cost": 0.0,
                        "Total Cost": 104390.48,
                        "Plan Rows": 4780522,
                        "Plan Width": 0,
                        "Actual Startup Time": 260.776,
                        "Actual Total Time": 260.777,
                        "Actual Rows": 4930500,
                        "Actual Loops": 1,
                        "Index Cond": "(person_id < 479061)"
                      }
                    ]
                  },
                  {
                    "Node Type": "Hash",
                    "Parent Relationship": "Inner",
                    "Parallel Aware": true,
                    "Startup Cost": 50870.31,
                    "Total Cost": 50870.31,
                    "Plan Rows": 1487231,
                    "Plan Width": 4,
                    "Actual Startup Time": 495.685,
                    "Actual Total Time": 495.686,
                    "Actual Rows": 1264156,
                    "Actual Loops": 2,
                    "Hash Buckets": 4194304,
                    "Original Hash Buckets": 4194304,
                    "Hash Batches": 1,
                    "Original Hash Batches": 1,
                    "Peak Memory Usage": 131712,
                    "Plans": [
                      {
                        "Node Type": "Seq Scan",
                        "Parent Relationship": "Outer",
                        "Parallel Aware": true,
                        "Relation Name": "title",
                        "Alias": "t",
                        "Startup Cost": 0.0,
                        "Total Cost": 50870.31,
                        "Plan Rows": 1487231,
                        "Plan Width": 4,
                        "Actual Startup Time": 0.025,
                        "Actual Total Time": 150.29,
                        "Actual Rows": 1264156,
                        "Actual Loops": 2
                      }
                    ]
                  }
                ]
              }
            ]
          }
        ]
      }
    ]
  },
  "Planning Time": 0.654,
  "Triggers": [],
  "Execution Time": 2184.499
}