[
    {
        "Bao": {
            "Bao prediction": "NaN",
            "Bao recommended hint": "(no hint)"
        }
    },
    {
        "Plan": {
            "Node Type": "Aggregate",
            "Strategy": "Plain",
            "Partial Mode": "Finalize",
            "Parallel Aware": false,
            "Startup Cost": 30382.24,
            "Total Cost": 30382.25,
            "Plan Rows": 1,
            "Plan Width": 8,
            "Actual Startup Time": 74.28,
            "Actual Total Time": 81.198,
            "Actual Rows": 1,
            "Actual Loops": 1,
            "Output": [
                "count(*)"
            ],
            "Plans": [
                {
                    "Node Type": "Gather",
                    "Parent Relationship": "Outer",
                    "Parallel Aware": false,
                    "Startup Cost": 30381.93,
                    "Total Cost": 30382.24,
                    "Plan Rows": 3,
                    "Plan Width": 8,
                    "Actual Startup Time": 74.032,
                    "Actual Total Time": 81.19,
                    "Actual Rows": 4,
                    "Actual Loops": 1,
                    "Output": [
                        "(PARTIAL count(*))"
                    ],
                    "Workers Planned": 3,
                    "Workers Launched": 3,
                    "Single Copy": false,
                    "Plans": [
                        {
                            "Node Type": "Aggregate",
                            "Strategy": "Plain",
                            "Partial Mode": "Partial",
                            "Parent Relationship": "Outer",
                            "Parallel Aware": false,
                            "Startup Cost": 29381.93,
                            "Total Cost": 29381.94,
                            "Plan Rows": 1,
                            "Plan Width": 8,
                            "Actual Startup Time": 65.458,
                            "Actual Total Time": 65.46,
                            "Actual Rows": 1,
                            "Actual Loops": 4,
                            "Output": [
                                "PARTIAL count(*)"
                            ],
                            "Workers": [
                                {
                                    "Worker Number": 0,
                                    "Actual Startup Time": 62.455,
                                    "Actual Total Time": 62.457,
                                    "Actual Rows": 1,
                                    "Actual Loops": 1
                                },
                                {
                                    "Worker Number": 1,
                                    "Actual Startup Time": 62.688,
                                    "Actual Total Time": 62.689,
                                    "Actual Rows": 1,
                                    "Actual Loops": 1
                                },
                                {
                                    "Worker Number": 2,
                                    "Actual Startup Time": 62.888,
                                    "Actual Total Time": 62.889,
                                    "Actual Rows": 1,
                                    "Actual Loops": 1
                                }
                            ],
                            "Plans": [
                                {
                                    "Node Type": "Bitmap Heap Scan",
                                    "Parent Relationship": "Outer",
                                    "Parallel Aware": true,
                                    "Relation Name": "movie_keyword",
                                    "Schema": "public",
                                    "Alias": "mk",
                                    "Startup Cost": 4013.32,
                                    "Total Cost": 29229.49,
                                    "Plan Rows": 60974,
                                    "Plan Width": 0,
                                    "Actual Startup Time": 9.811,
                                    "Actual Total Time": 62.427,
                                    "Actual Rows": 45606,
                                    "Actual Loops": 4,
                                    "Recheck Cond": "(mk.keyword_id < 135)",
                                    "Rows Removed by Index Recheck": 0,
                                    "Exact Heap Blocks": 13619,
                                    "Lossy Heap Blocks": 0,
                                    "Workers": [
                                        {
                                            "Worker Number": 0,
                                            "Actual Startup Time": 7.001,
                                            "Actual Total Time": 59.94,
                                            "Actual Rows": 24185,
                                            "Actual Loops": 1
                                        },
                                        {
                                            "Worker Number": 1,
                                            "Actual Startup Time": 7.042,
                                            "Actual Total Time": 60.126,
                                            "Actual Rows": 24803,
                                            "Actual Loops": 1
                                        },
                                        {
                                            "Worker Number": 2,
                                            "Actual Startup Time": 7.271,
                                            "Actual Total Time": 60.326,
                                            "Actual Rows": 23922,
                                            "Actual Loops": 1
                                        }
                                    ],
                                    "Plans": [
                                        {
                                            "Node Type": "Bitmap Index Scan",
                                            "Parent Relationship": "Outer",
                                            "Parallel Aware": false,
                                            "Index Name": "keyword_id_movie_keyword",
                                            "Startup Cost": 0.0,
                                            "Total Cost": 3966.07,
                                            "Plan Rows": 189018,
                                            "Plan Width": 0,
                                            "Actual Startup Time": 14.542,
                                            "Actual Total Time": 14.543,
                                            "Actual Rows": 182426,
                                            "Actual Loops": 1,
                                            "Index Cond": "(mk.keyword_id < 135)"
                                        }
                                    ]
                                }
                            ]
                        }
                    ]
                }
            ]
        },
        "Planning Time": 179.462,
        "Triggers": [],
        "Execution Time": 81.246
    }
]