[
  {
    "Plan": {
      "Node Type": "Aggregate",
      "Strategy": "Plain",
      "Partial Mode": "Finalize",
      "Parallel Aware": false,
      "Startup Cost": 414374.59,
      "Total Cost": 414374.6,
      "Plan Rows": 1,
      "Plan Width": 8,
      "Actual Startup Time": 2675.182,
      "Actual Total Time": 2739.409,
      "Actual Rows": 1,
      "Actual Loops": 1,
      "Plans": [
        {
          "Node Type": "Gather",
          "Parent Relationship": "Outer",
          "Parallel Aware": false,
          "Startup Cost": 414373.97,
          "Total Cost": 414374.58,
          "Plan Rows": 6,
          "Plan Width": 8,
          "Actual Startup Time": 2662.279,
          "Actual Total Time": 2739.394,
          "Actual Rows": 7,
          "Actual Loops": 1,
          "Workers Planned": 6,
          "Workers Launched": 6,
          "Single Copy": false,
          "Plans": [
            {
              "Node Type": "Aggregate",
              "Strategy": "Plain",
              "Partial Mode": "Partial",
              "Parent Relationship": "Outer",
              "Parallel Aware": false,
              "Startup Cost": 413373.97,
              "Total Cost": 413373.98,
              "Plan Rows": 1,
              "Plan Width": 8,
              "Actual Startup Time": 2647.198,
              "Actual Total Time": 2647.202,
              "Actual Rows": 1,
              "Actual Loops": 7,
              "Plans": [
                {
                  "Node Type": "Hash Join",
                  "Parent Relationship": "Outer",
                  "Parallel Aware": true,
                  "Join Type": "Inner",
                  "Startup Cost": 49124.32,
                  "Total Cost": 405261.27,
                  "Plan Rows": 3245081,
                  "Plan Width": 0,
                  "Actual Startup Time": 194.177,
                  "Actual Total Time": 2527.071,
                  "Actual Rows": 2824999,
                  "Actual Loops": 7,
                  "Inner Unique": true,
                  "Hash Cond": "(ci.movie_id = t.id)",
                  "Plans": [
                    {
                      "Node Type": "Seq Scan",
                      "Parent Relationship": "Outer",
                      "Parallel Aware": true,
                      "Relation Name": "cast_info",
                      "Alias": "ci",
                      "Startup Cost": 0.0,
                      "Total Cost": 343257.03,
                      "Plan Rows": 4906628,
                      "Plan Width": 4,
                      "Actual Startup Time": 0.026,
                      "Actual Total Time": 736.846,
                      "Actual Rows": 4515030,
                      "Actual Loops": 7,
                      "Filter": "((person_id < 3608162) AND (role_id < 10))",
                      "Rows Removed by Filter": 662734
                    },
                    {
                      "Node Type": "Hash",
                      "Parent Relationship": "Inner",
                      "Parallel Aware": true,
                      "Startup Cost": 43898.92,
                      "Total Cost": 43898.92,
                      "Plan Rows": 418032,
                      "Plan Width": 4,
                      "Actual Startup Time": 189.238,
                      "Actual Total Time": 189.239,
                      "Actual Rows": 239157,
                      "Actual Loops": 7,
                      "Hash Buckets": 2097152,
                      "Original Hash Buckets": 2097152,
                      "Hash Batches": 1,
                      "Original Hash Batches": 1,
                      "Peak Memory Usage": 81984,
                      "Plans": [
                        {
                          "Node Type": "Seq Scan",
                          "Parent Relationship": "Outer",
                          "Parallel Aware": true,
                          "Relation Name": "title",
                          "Alias": "t",
                          "Startup Cost": 0.0,
                          "Total Cost": 43898.92,
                          "Plan Rows": 418032,
                          "Plan Width": 4,
                          "Actual Startup Time": 0.044,
                          "Actual Total Time": 77.075,
                          "Actual Rows": 239157,
                          "Actual Loops": 7,
                          "Filter": "(kind_id > 3)",
                          "Rows Removed by Filter": 122031
                        }
                      ]
                    }
                  ]
                }
              ]
            }
          ]
        }
      ]
    },
    "Planning Time": 0.729,
    "Triggers": [],
    "Execution Time": 2739.5
  }
]