[
  {
    "Plan": {
      "Node Type": "Aggregate",
      "Strategy": "Plain",
      "Partial Mode": "Finalize",
      "Parallel Aware": false,
      "Startup Cost": 103808.51,
      "Total Cost": 103808.52,
      "Plan Rows": 1,
      "Plan Width": 8,
      "Actual Startup Time": 1243.603,
      "Actual Total Time": 1350.576,
      "Actual Rows": 1,
      "Actual Loops": 1,
      "Plans": [
        {
          "Node Type": "Gather",
          "Parent Relationship": "Outer",
          "Parallel Aware": false,
          "Startup Cost": 103808.19,
          "Total Cost": 103808.5,
          "Plan Rows": 3,
          "Plan Width": 8,
          "Actual Startup Time": 1239.448,
          "Actual Total Time": 1350.566,
          "Actual Rows": 4,
          "Actual Loops": 1,
          "Workers Planned": 3,
          "Workers Launched": 3,
          "Single Copy": false,
          "Plans": [
            {
              "Node Type": "Aggregate",
              "Strategy": "Plain",
              "Partial Mode": "Partial",
              "Parent Relationship": "Outer",
              "Parallel Aware": false,
              "Startup Cost": 102808.19,
              "Total Cost": 102808.2,
              "Plan Rows": 1,
              "Plan Width": 8,
              "Actual Startup Time": 1230.081,
              "Actual Total Time": 1230.085,
              "Actual Rows": 1,
              "Actual Loops": 4,
              "Plans": [
                {
                  "Node Type": "Nested Loop",
                  "Parent Relationship": "Outer",
                  "Parallel Aware": false,
                  "Join Type": "Inner",
                  "Startup Cost": 48635.84,
                  "Total Cost": 102435.75,
                  "Plan Rows": 148978,
                  "Plan Width": 0,
                  "Actual Startup Time": 199.619,
                  "Actual Total Time": 1189.438,
                  "Actual Rows": 581770,
                  "Actual Loops": 4,
                  "Inner Unique": false,
                  "Plans": [
                    {
                      "Node Type": "Hash Join",
                      "Parent Relationship": "Outer",
                      "Parallel Aware": true,
                      "Join Type": "Inner",
                      "Startup Cost": 48635.27,
                      "Total Cost": 67891.62,
                      "Plan Rows": 10391,
                      "Plan Width": 8,
                      "Actual Startup Time": 199.446,
                      "Actual Total Time": 229.517,
                      "Actual Rows": 21801,
                      "Actual Loops": 4,
                      "Inner Unique": true,
                      "Hash Cond": "(mc.movie_id = t.id)",
                      "Plans": [
                        {
                          "Node Type": "Bitmap Heap Scan",
                          "Parent Relationship": "Outer",
                          "Parallel Aware": true,
                          "Relation Name": "movie_companies",
                          "Alias": "mc",
                          "Startup Cost": 2073.2,
                          "Total Cost": 21248.61,
                          "Plan Rows": 30833,
                          "Plan Width": 4,
                          "Actual Startup Time": 3.832,
                          "Actual Total Time": 13.27,
                          "Actual Rows": 23799,
                          "Actual Loops": 4,
                          "Recheck Cond": "(company_id > 160464)",
                          "Rows Removed by Index Recheck": 0,
                          "Exact Heap Blocks": 1186,
                          "Lossy Heap Blocks": 0,
                          "Plans": [
                            {
                              "Node Type": "Bitmap Index Scan",
                              "Parent Relationship": "Outer",
                              "Parallel Aware": false,
                              "Index Name": "company_id_movie_companies",
                              "Startup Cost": 0.0,
                              "Total Cost": 2049.3,
                              "Plan Rows": 95583,
                              "Plan Width": 0,
                              "Actual Startup Time": 3.453,
                              "Actual Total Time": 3.453,
                              "Actual Rows": 95197,
                              "Actual Loops": 1,
                              "Index Cond": "(company_id > 160464)"
                            }
                          ]
                        },
                        {
                          "Node Type": "Hash",
                          "Parent Relationship": "Inner",
                          "Parallel Aware": true,
                          "Startup Cost": 43899.32,
                          "Total Cost": 43899.32,
                          "Plan Rows": 213020,
                          "Plan Width": 4,
                          "Actual Startup Time": 192.935,
                          "Actual Total Time": 192.936,
                          "Actual Rows": 213554,
                          "Actual Loops": 4,
                          "Hash Buckets": 1048576,
                          "Original Hash Buckets": 1048576,
                          "Hash Batches": 1,
                          "Original Hash Batches": 1,
                          "Peak Memory Usage": 41696,
                          "Plans": [
                            {
                              "Node Type": "Seq Scan",
                              "Parent Relationship": "Outer",
                              "Parallel Aware": true,
                              "Relation Name": "title",
                              "Alias": "t",
                              "Startup Cost": 0.0,
                              "Total Cost": 43899.32,
                              "Plan Rows": 213020,
                              "Plan Width": 4,
                              "Actual Startup Time": 0.077,
                              "Actual Total Time": 113.248,
                              "Actual Rows": 213554,
                              "Actual Loops": 4,
                              "Filter": "(kind_id < 4)",
                              "Rows Removed by Filter": 418524
                            }
                          ]
                        }
                      ]
                    },
                    {
                      "Node Type": "Index Only Scan",
                      "Parent Relationship": "Inner",
                      "Parallel Aware": false,
                      "Scan Direction": "Forward",
                      "Index Name": "movie_id_cast_info",
                      "Relation Name": "cast_info",
                      "Alias": "ci",
                      "Startup Cost": 0.56,
                      "Total Cost": 2.97,
                      "Plan Rows": 35,
                      "Plan Width": 4,
                      "Actual Startup Time": 0.006,
                      "Actual Total Time": 0.041,
                      "Actual Rows": 27,
                      "Actual Loops": 87203,
                      "Index Cond": "(movie_id = t.id)",
                      "Rows Removed by Index Recheck": 0,
                      "Heap Fetches": 2327078
                    }
                  ]
                }
              ]
            }
          ]
        }
      ]
    },
    "Planning Time": 0.388,
    "Triggers": [],
    "Execution Time": 1350.65
  }
]