[
  {
    "Plan": {
      "Node Type": "Aggregate",
      "Strategy": "Plain",
      "Partial Mode": "Finalize",
      "Parallel Aware": false,
      "Startup Cost": 47261.71,
      "Total Cost": 47261.72,
      "Plan Rows": 1,
      "Plan Width": 8,
      "Actual Startup Time": 158.724,
      "Actual Total Time": 164.318,
      "Actual Rows": 1,
      "Actual Loops": 1,
      "Plans": [
        {
          "Node Type": "Gather",
          "Parent Relationship": "Outer",
          "Parallel Aware": false,
          "Startup Cost": 47261.4,
          "Total Cost": 47261.71,
          "Plan Rows": 3,
          "Plan Width": 8,
          "Actual Startup Time": 158.626,
          "Actual Total Time": 164.31,
          "Actual Rows": 4,
          "Actual Loops": 1,
          "Workers Planned": 3,
          "Workers Launched": 3,
          "Single Copy": false,
          "Plans": [
            {
              "Node Type": "Aggregate",
              "Strategy": "Plain",
              "Partial Mode": "Partial",
              "Parent Relationship": "Outer",
              "Parallel Aware": false,
              "Startup Cost": 46261.4,
              "Total Cost": 46261.41,
              "Plan Rows": 1,
              "Plan Width": 8,
              "Actual Startup Time": 154.947,
              "Actual Total Time": 154.948,
              "Actual Rows": 1,
              "Actual Loops": 4,
              "Plans": [
                {
                  "Node Type": "Seq Scan",
                  "Parent Relationship": "Outer",
                  "Parallel Aware": true,
                  "Relation Name": "movie_keyword",
                  "Alias": "mk",
                  "Startup Cost": 0.0,
                  "Total Cost": 42695.65,
                  "Plan Rows": 1426297,
                  "Plan Width": 0,
                  "Actual Startup Time": 0.023,
                  "Actual Total Time": 108.034,
                  "Actual Rows": 1106926,
                  "Actual Loops": 4,
                  "Filter": "(keyword_id < 83296)",
                  "Rows Removed by Filter": 24057
                }
              ]
            }
          ]
        }
      ]
    },
    "Planning Time": 0.054,
    "Triggers": [],
    "Execution Time": 164.368
  }
]