[
    {
        "Bao": {
            "Bao prediction": "NaN",
            "Bao recommended hint": "(no hint)"
        }
    },
    {
        "Plan": {
            "Node Type": "Aggregate",
            "Strategy": "Plain",
            "Partial Mode": "Finalize",
            "Parallel Aware": false,
            "Startup Cost": 23665.91,
            "Total Cost": 23665.92,
            "Plan Rows": 1,
            "Plan Width": 8,
            "Actual Startup Time": 56.144,
            "Actual Total Time": 58.921,
            "Actual Rows": 1,
            "Actual Loops": 1,
            "Output": [
                "count(*)"
            ],
            "Plans": [
                {
                    "Node Type": "Gather",
                    "Parent Relationship": "Outer",
                    "Parallel Aware": false,
                    "Startup Cost": 23665.49,
                    "Total Cost": 23665.9,
                    "Plan Rows": 4,
                    "Plan Width": 8,
                    "Actual Startup Time": 55.929,
                    "Actual Total Time": 58.914,
                    "Actual Rows": 5,
                    "Actual Loops": 1,
                    "Output": [
                        "(PARTIAL count(*))"
                    ],
                    "Workers Planned": 4,
                    "Workers Launched": 4,
                    "Single Copy": false,
                    "Plans": [
                        {
                            "Node Type": "Aggregate",
                            "Strategy": "Plain",
                            "Partial Mode": "Partial",
                            "Parent Relationship": "Outer",
                            "Parallel Aware": false,
                            "Startup Cost": 22665.49,
                            "Total Cost": 22665.5,
                            "Plan Rows": 1,
                            "Plan Width": 8,
                            "Actual Startup Time": 47.054,
                            "Actual Total Time": 47.054,
                            "Actual Rows": 1,
                            "Actual Loops": 5,
                            "Output": [
                                "PARTIAL count(*)"
                            ],
                            "Workers": [
                                {
                                    "Worker Number": 0,
                                    "Actual Startup Time": 44.312,
                                    "Actual Total Time": 44.313,
                                    "Actual Rows": 1,
                                    "Actual Loops": 1
                                },
                                {
                                    "Worker Number": 1,
                                    "Actual Startup Time": 44.78,
                                    "Actual Total Time": 44.781,
                                    "Actual Rows": 1,
                                    "Actual Loops": 1
                                },
                                {
                                    "Worker Number": 2,
                                    "Actual Startup Time": 45.179,
                                    "Actual Total Time": 45.18,
                                    "Actual Rows": 1,
                                    "Actual Loops": 1
                                },
                                {
                                    "Worker Number": 3,
                                    "Actual Startup Time": 45.459,
                                    "Actual Total Time": 45.46,
                                    "Actual Rows": 1,
                                    "Actual Loops": 1
                                }
                            ],
                            "Plans": [
                                {
                                    "Node Type": "Index Scan",
                                    "Parent Relationship": "Outer",
                                    "Parallel Aware": true,
                                    "Scan Direction": "Forward",
                                    "Index Name": "role_id_cast_info",
                                    "Relation Name": "cast_info",
                                    "Schema": "public",
                                    "Alias": "ci",
                                    "Startup Cost": 0.56,
                                    "Total Cost": 22594.04,
                                    "Plan Rows": 28578,
                                    "Plan Width": 0,
                                    "Actual Startup Time": 0.117,
                                    "Actual Total Time": 41.313,
                                    "Actual Rows": 85819,
                                    "Actual Loops": 5,
                                    "Output": [
                                        "id",
                                        "person_id",
                                        "movie_id",
                                        "person_role_id",
                                        "note",
                                        "nr_order",
                                        "role_id"
                                    ],
                                    "Index Cond": "(ci.role_id = 6)",
                                    "Rows Removed by Index Recheck": 0,
                                    "Filter": "(ci.person_id > 3158936)",
                                    "Rows Removed by Filter": 68916,
                                    "Workers": [
                                        {
                                            "Worker Number": 0,
                                            "Actual Startup Time": 0.121,
                                            "Actual Total Time": 39.007,
                                            "Actual Rows": 66988,
                                            "Actual Loops": 1
                                        },
                                        {
                                            "Worker Number": 1,
                                            "Actual Startup Time": 0.167,
                                            "Actual Total Time": 39.441,
                                            "Actual Rows": 69282,
                                            "Actual Loops": 1
                                        },
                                        {
                                            "Worker Number": 2,
                                            "Actual Startup Time": 0.133,
                                            "Actual Total Time": 39.785,
                                            "Actual Rows": 74509,
                                            "Actual Loops": 1
                                        },
                                        {
                                            "Worker Number": 3,
                                            "Actual Startup Time": 0.127,
                                            "Actual Total Time": 40.088,
                                            "Actual Rows": 74445,
                                            "Actual Loops": 1
                                        }
                                    ]
                                }
                            ]
                        }
                    ]
                }
            ]
        },
        "Planning Time": 259.854,
        "Triggers": [],
        "Execution Time": 58.98
    }
]