[
  {
    "Plan": {
      "Node Type": "Aggregate",
      "Strategy": "Plain",
      "Partial Mode": "Finalize",
      "Parallel Aware": false,
      "Startup Cost": 396498.02,
      "Total Cost": 396498.03,
      "Plan Rows": 1,
      "Plan Width": 8,
      "Actual Startup Time": 2021.221,
      "Actual Total Time": 2073.44,
      "Actual Rows": 1,
      "Actual Loops": 1,
      "Plans": [
        {
          "Node Type": "Gather",
          "Parent Relationship": "Outer",
          "Parallel Aware": false,
          "Startup Cost": 396497.4,
          "Total Cost": 396498.01,
          "Plan Rows": 6,
          "Plan Width": 8,
          "Actual Startup Time": 2016.59,
          "Actual Total Time": 2073.426,
          "Actual Rows": 7,
          "Actual Loops": 1,
          "Workers Planned": 6,
          "Workers Launched": 6,
          "Single Copy": false,
          "Plans": [
            {
              "Node Type": "Aggregate",
              "Strategy": "Plain",
              "Partial Mode": "Partial",
              "Parent Relationship": "Outer",
              "Parallel Aware": false,
              "Startup Cost": 395497.4,
              "Total Cost": 395497.41,
              "Plan Rows": 1,
              "Plan Width": 8,
              "Actual Startup Time": 2005.727,
              "Actual Total Time": 2005.73,
              "Actual Rows": 1,
              "Actual Loops": 7,
              "Plans": [
                {
                  "Node Type": "Hash Join",
                  "Parent Relationship": "Outer",
                  "Parallel Aware": true,
                  "Join Type": "Inner",
                  "Startup Cost": 47814.69,
                  "Total Cost": 391220.72,
                  "Plan Rows": 1710672,
                  "Plan Width": 0,
                  "Actual Startup Time": 136.391,
                  "Actual Total Time": 1946.326,
                  "Actual Rows": 1174145,
                  "Actual Loops": 7,
                  "Inner Unique": true,
                  "Hash Cond": "(ci.movie_id = t.id)",
                  "Plans": [
                    {
                      "Node Type": "Seq Scan",
                      "Parent Relationship": "Outer",
                      "Parallel Aware": true,
                      "Relation Name": "cast_info",
                      "Alias": "ci",
                      "Startup Cost": 0.0,
                      "Total Cost": 328211.39,
                      "Plan Rows": 5788425,
                      "Plan Width": 4,
                      "Actual Startup Time": 0.041,
                      "Actual Total Time": 684.968,
                      "Actual Rows": 4972425,
                      "Actual Loops": 7,
                      "Filter": "(person_id < 3780375)",
                      "Rows Removed by Filter": 205338
                    },
                    {
                      "Node Type": "Hash",
                      "Parent Relationship": "Inner",
                      "Parallel Aware": true,
                      "Startup Cost": 45479.59,
                      "Total Cost": 45479.59,
                      "Plan Rows": 186808,
                      "Plan Width": 4,
                      "Actual Startup Time": 132.95,
                      "Actual Total Time": 132.951,
                      "Actual Rows": 92508,
                      "Actual Loops": 7,
                      "Hash Buckets": 1048576,
                      "Original Hash Buckets": 1048576,
                      "Hash Batches": 1,
                      "Original Hash Batches": 1,
                      "Peak Memory Usage": 33632,
                      "Plans": [
                        {
                          "Node Type": "Seq Scan",
                          "Parent Relationship": "Outer",
                          "Parallel Aware": true,
                          "Relation Name": "title",
                          "Alias": "t",
                          "Startup Cost": 0.0,
                          "Total Cost": 45479.59,
                          "Plan Rows": 186808,
                          "Plan Width": 4,
                          "Actual Startup Time": 0.04,
                          "Actual Total Time": 81.845,
                          "Actual Rows": 92508,
                          "Actual Loops": 7,
                          "Filter": "((kind_id > 1) AND (production_year < 2000))",
                          "Rows Removed by Filter": 268679
                        }
                      ]
                    }
                  ]
                }
              ]
            }
          ]
        }
      ]
    },
    "Planning Time": 0.632,
    "Triggers": [],
    "Execution Time": 2073.526
  }
]