[
  {
    "Plan": {
      "Node Type": "Aggregate",
      "Strategy": "Plain",
      "Partial Mode": "Finalize",
      "Parallel Aware": false,
      "Startup Cost": 396500.62,
      "Total Cost": 396500.63,
      "Plan Rows": 1,
      "Plan Width": 8,
      "Actual Startup Time": 1953.469,
      "Actual Total Time": 2019.32,
      "Actual Rows": 1,
      "Actual Loops": 1,
      "Plans": [
        {
          "Node Type": "Gather",
          "Parent Relationship": "Outer",
          "Parallel Aware": false,
          "Startup Cost": 396499.99,
          "Total Cost": 396500.6,
          "Plan Rows": 6,
          "Plan Width": 8,
          "Actual Startup Time": 1948.16,
          "Actual Total Time": 2019.308,
          "Actual Rows": 7,
          "Actual Loops": 1,
          "Workers Planned": 6,
          "Workers Launched": 6,
          "Single Copy": false,
          "Plans": [
            {
              "Node Type": "Aggregate",
              "Strategy": "Plain",
              "Partial Mode": "Partial",
              "Parent Relationship": "Outer",
              "Parallel Aware": false,
              "Startup Cost": 395499.99,
              "Total Cost": 395500.0,
              "Plan Rows": 1,
              "Plan Width": 8,
              "Actual Startup Time": 1937.142,
              "Actual Total Time": 1937.144,
              "Actual Rows": 1,
              "Actual Loops": 7,
              "Plans": [
                {
                  "Node Type": "Hash Join",
                  "Parent Relationship": "Outer",
                  "Parallel Aware": true,
                  "Join Type": "Inner",
                  "Startup Cost": 47825.29,
                  "Total Cost": 391198.19,
                  "Plan Rows": 1720720,
                  "Plan Width": 0,
                  "Actual Startup Time": 129.169,
                  "Actual Total Time": 1876.677,
                  "Actual Rows": 1174145,
                  "Actual Loops": 7,
                  "Inner Unique": true,
                  "Hash Cond": "(ci.movie_id = t.id)",
                  "Plans": [
                    {
                      "Node Type": "Seq Scan",
                      "Parent Relationship": "Outer",
                      "Parallel Aware": true,
                      "Relation Name": "cast_info",
                      "Alias": "ci",
                      "Startup Cost": 0.0,
                      "Total Cost": 328162.03,
                      "Plan Rows": 5794612,
                      "Plan Width": 4,
                      "Actual Startup Time": 0.03,
                      "Actual Total Time": 667.67,
                      "Actual Rows": 4972425,
                      "Actual Loops": 7,
                      "Filter": "(person_id < 3780375)",
                      "Rows Removed by Filter": 205338
                    },
                    {
                      "Node Type": "Hash",
                      "Parent Relationship": "Inner",
                      "Parallel Aware": true,
                      "Startup Cost": 45479.1,
                      "Total Cost": 45479.1,
                      "Plan Rows": 187695,
                      "Plan Width": 4,
                      "Actual Startup Time": 125.488,
                      "Actual Total Time": 125.489,
                      "Actual Rows": 92508,
                      "Actual Loops": 7,
                      "Hash Buckets": 1048576,
                      "Original Hash Buckets": 1048576,
                      "Hash Batches": 1,
                      "Original Hash Batches": 1,
                      "Peak Memory Usage": 33600,
                      "Plans": [
                        {
                          "Node Type": "Seq Scan",
                          "Parent Relationship": "Outer",
                          "Parallel Aware": true,
                          "Relation Name": "title",
                          "Alias": "t",
                          "Startup Cost": 0.0,
                          "Total Cost": 45479.1,
                          "Plan Rows": 187695,
                          "Plan Width": 4,
                          "Actual Startup Time": 0.042,
                          "Actual Total Time": 77.962,
                          "Actual Rows": 92508,
                          "Actual Loops": 7,
                          "Filter": "((kind_id > 1) AND (production_year < 2000))",
                          "Rows Removed by Filter": 268679
                        }
                      ]
                    }
                  ]
                }
              ]
            }
          ]
        }
      ]
    },
    "Planning Time": 0.615,
    "Triggers": [],
    "Execution Time": 2019.41
  }
]