[
  {
    "Plan": {
      "Node Type": "Aggregate",
      "Strategy": "Plain",
      "Partial Mode": "Finalize",
      "Parallel Aware": false,
      "Startup Cost": 335876.78,
      "Total Cost": 335876.79,
      "Plan Rows": 1,
      "Plan Width": 8,
      "Actual Startup Time": 818.765,
      "Actual Total Time": 892.198,
      "Actual Rows": 1,
      "Actual Loops": 1,
      "Plans": [
        {
          "Node Type": "Gather",
          "Parent Relationship": "Outer",
          "Parallel Aware": false,
          "Startup Cost": 335876.16,
          "Total Cost": 335876.77,
          "Plan Rows": 6,
          "Plan Width": 8,
          "Actual Startup Time": 818.528,
          "Actual Total Time": 892.188,
          "Actual Rows": 7,
          "Actual Loops": 1,
          "Workers Planned": 6,
          "Workers Launched": 6,
          "Single Copy": false,
          "Plans": [
            {
              "Node Type": "Aggregate",
              "Strategy": "Plain",
              "Partial Mode": "Partial",
              "Parent Relationship": "Outer",
              "Parallel Aware": false,
              "Startup Cost": 334876.16,
              "Total Cost": 334876.17,
              "Plan Rows": 1,
              "Plan Width": 8,
              "Actual Startup Time": 809.359,
              "Actual Total Time": 809.36,
              "Actual Rows": 1,
              "Actual Loops": 7,
              "Plans": [
                {
                  "Node Type": "Seq Scan",
                  "Parent Relationship": "Outer",
                  "Parallel Aware": true,
                  "Relation Name": "cast_info",
                  "Alias": "ci",
                  "Startup Cost": 0.0,
                  "Total Cost": 328162.03,
                  "Plan Rows": 2685653,
                  "Plan Width": 0,
                  "Actual Startup Time": 0.048,
                  "Actual Total Time": 684.712,
                  "Actual Rows": 2299747,
                  "Actual Loops": 7,
                  "Filter": "(person_id < 1594340)",
                  "Rows Removed by Filter": 2878016
                }
              ]
            }
          ]
        }
      ]
    },
    "Planning Time": 0.22,
    "Triggers": [],
    "Execution Time": 892.271
  }
]