[
  {
    "Plan": {
      "Node Type": "Aggregate",
      "Strategy": "Plain",
      "Partial Mode": "Finalize",
      "Parallel Aware": false,
      "Startup Cost": 21222.89,
      "Total Cost": 21222.9,
      "Plan Rows": 1,
      "Plan Width": 8,
      "Actual Startup Time": 13.419,
      "Actual Total Time": 15.289,
      "Actual Rows": 1,
      "Actual Loops": 1,
      "Plans": [
        {
          "Node Type": "Gather",
          "Parent Relationship": "Outer",
          "Parallel Aware": false,
          "Startup Cost": 21222.68,
          "Total Cost": 21222.89,
          "Plan Rows": 2,
          "Plan Width": 8,
          "Actual Startup Time": 12.704,
          "Actual Total Time": 15.277,
          "Actual Rows": 3,
          "Actual Loops": 1,
          "Workers Planned": 2,
          "Workers Launched": 2,
          "Single Copy": false,
          "Plans": [
            {
              "Node Type": "Aggregate",
              "Strategy": "Plain",
              "Partial Mode": "Partial",
              "Parent Relationship": "Outer",
              "Parallel Aware": false,
              "Startup Cost": 20222.68,
              "Total Cost": 20222.69,
              "Plan Rows": 1,
              "Plan Width": 8,
              "Actual Startup Time": 4.769,
              "Actual Total Time": 4.772,
              "Actual Rows": 1,
              "Actual Loops": 3,
              "Plans": [
                {
                  "Node Type": "Nested Loop",
                  "Parent Relationship": "Outer",
                  "Parallel Aware": false,
                  "Join Type": "Inner",
                  "Startup Cost": 104.45,
                  "Total Cost": 20216.61,
                  "Plan Rows": 2425,
                  "Plan Width": 0,
                  "Actual Startup Time": 3.884,
                  "Actual Total Time": 4.758,
                  "Actual Rows": 22,
                  "Actual Loops": 3,
                  "Inner Unique": false,
                  "Plans": [
                    {
                      "Node Type": "Nested Loop",
                      "Parent Relationship": "Outer",
                      "Parallel Aware": false,
                      "Join Type": "Inner",
                      "Startup Cost": 104.01,
                      "Total Cost": 18464.51,
                      "Plan Rows": 975,
                      "Plan Width": 8,
                      "Actual Startup Time": 3.684,
                      "Actual Total Time": 3.934,
                      "Actual Rows": 15,
                      "Actual Loops": 3,
                      "Inner Unique": true,
                      "Plans": [
                        {
                          "Node Type": "Bitmap Heap Scan",
                          "Parent Relationship": "Outer",
                          "Parallel Aware": true,
                          "Relation Name": "movie_companies",
                          "Alias": "mc",
                          "Startup Cost": 103.58,
                          "Total Cost": 10798.19,
                          "Plan Rows": 975,
                          "Plan Width": 4,
                          "Actual Startup Time": 3.525,
                          "Actual Total Time": 3.615,
                          "Actual Rows": 15,
                          "Actual Loops": 3,
                          "Recheck Cond": "(company_id = 11138)",
                          "Rows Removed by Index Recheck": 0,
                          "Filter": "(company_type_id > 1)",
                          "Rows Removed by Filter": 1379,
                          "Exact Heap Blocks": 2102,
                          "Lossy Heap Blocks": 0,
                          "Plans": [
                            {
                              "Node Type": "Bitmap Index Scan",
                              "Parent Relationship": "Outer",
                              "Parallel Aware": false,
                              "Index Name": "company_id_movie_companies",
                              "Startup Cost": 0.0,
                              "Total Cost": 103.0,
                              "Plan Rows": 4609,
                              "Plan Width": 0,
                              "Actual Startup Time": 3.193,
                              "Actual Total Time": 3.194,
                              "Actual Rows": 4181,
                              "Actual Loops": 1,
                              "Index Cond": "(company_id = 11138)"
                            }
                          ]
                        },
                        {
                          "Node Type": "Index Only Scan",
                          "Parent Relationship": "Inner",
                          "Parallel Aware": false,
                          "Scan Direction": "Forward",
                          "Index Name": "title_pkey",
                          "Relation Name": "title",
                          "Alias": "t",
                          "Startup Cost": 0.43,
                          "Total Cost": 7.86,
                          "Plan Rows": 1,
                          "Plan Width": 4,
                          "Actual Startup Time": 0.02,
                          "Actual Total Time": 0.02,
                          "Actual Rows": 1,
                          "Actual Loops": 45,
                          "Index Cond": "(id = mc.movie_id)",
                          "Rows Removed by Index Recheck": 0,
                          "Heap Fetches": 45
                        }
                      ]
                    },
                    {
                      "Node Type": "Index Scan",
                      "Parent Relationship": "Inner",
                      "Parallel Aware": false,
                      "Scan Direction": "Forward",
                      "Index Name": "movie_id_movie_info",
                      "Relation Name": "movie_info",
                      "Alias": "mi",
                      "Startup Cost": 0.43,
                      "Total Cost": 1.62,
                      "Plan Rows": 18,
                      "Plan Width": 4,
                      "Actual Startup Time": 0.033,
                      "Actual Total Time": 0.054,
                      "Actual Rows": 1,
                      "Actual Loops": 45,
                      "Index Cond": "(movie_id = t.id)",
                      "Rows Removed by Index Recheck": 0,
                      "Filter": "(info_type_id > 8)",
                      "Rows Removed by Filter": 9
                    }
                  ]
                }
              ]
            }
          ]
        }
      ]
    },
    "Planning Time": 1.454,
    "Triggers": [],
    "Execution Time": 15.387
  }
]