[
    {
        "Bao": {
            "Bao prediction": "NaN",
            "Bao recommended hint": "(no hint)"
        }
    },
    {
        "Plan": {
            "Node Type": "Aggregate",
            "Strategy": "Plain",
            "Partial Mode": "Finalize",
            "Parallel Aware": false,
            "Startup Cost": 32870.97,
            "Total Cost": 32870.98,
            "Plan Rows": 1,
            "Plan Width": 8,
            "Actual Startup Time": 92.793,
            "Actual Total Time": 100.006,
            "Actual Rows": 1,
            "Actual Loops": 1,
            "Output": [
                "count(*)"
            ],
            "Plans": [
                {
                    "Node Type": "Gather",
                    "Parent Relationship": "Outer",
                    "Parallel Aware": false,
                    "Startup Cost": 32870.65,
                    "Total Cost": 32870.96,
                    "Plan Rows": 3,
                    "Plan Width": 8,
                    "Actual Startup Time": 92.597,
                    "Actual Total Time": 99.923,
                    "Actual Rows": 4,
                    "Actual Loops": 1,
                    "Output": [
                        "(PARTIAL count(*))"
                    ],
                    "Workers Planned": 3,
                    "Workers Launched": 3,
                    "Single Copy": false,
                    "Plans": [
                        {
                            "Node Type": "Aggregate",
                            "Strategy": "Plain",
                            "Partial Mode": "Partial",
                            "Parent Relationship": "Outer",
                            "Parallel Aware": false,
                            "Startup Cost": 31870.65,
                            "Total Cost": 31870.66,
                            "Plan Rows": 1,
                            "Plan Width": 8,
                            "Actual Startup Time": 84.468,
                            "Actual Total Time": 84.469,
                            "Actual Rows": 1,
                            "Actual Loops": 4,
                            "Output": [
                                "PARTIAL count(*)"
                            ],
                            "Workers": [
                                {
                                    "Worker Number": 0,
                                    "Actual Startup Time": 81.569,
                                    "Actual Total Time": 81.571,
                                    "Actual Rows": 1,
                                    "Actual Loops": 1
                                },
                                {
                                    "Worker Number": 1,
                                    "Actual Startup Time": 81.91,
                                    "Actual Total Time": 81.911,
                                    "Actual Rows": 1,
                                    "Actual Loops": 1
                                },
                                {
                                    "Worker Number": 2,
                                    "Actual Startup Time": 82.236,
                                    "Actual Total Time": 82.237,
                                    "Actual Rows": 1,
                                    "Actual Loops": 1
                                }
                            ],
                            "Plans": [
                                {
                                    "Node Type": "Seq Scan",
                                    "Parent Relationship": "Outer",
                                    "Parallel Aware": true,
                                    "Relation Name": "movie_companies",
                                    "Schema": "public",
                                    "Alias": "mc",
                                    "Startup Cost": 0.0,
                                    "Total Cost": 31414.82,
                                    "Plan Rows": 182333,
                                    "Plan Width": 0,
                                    "Actual Startup Time": 46.604,
                                    "Actual Total Time": 80.023,
                                    "Actual Rows": 88349,
                                    "Actual Loops": 4,
                                    "Output": [
                                        "id",
                                        "movie_id",
                                        "company_id",
                                        "company_type_id",
                                        "note"
                                    ],
                                    "Filter": "((mc.company_id < 7746) AND (mc.company_type_id = 2))",
                                    "Rows Removed by Filter": 563934,
                                    "Workers": [
                                        {
                                            "Worker Number": 0,
                                            "Actual Startup Time": 43.707,
                                            "Actual Total Time": 77.19,
                                            "Actual Rows": 64023,
                                            "Actual Loops": 1
                                        },
                                        {
                                            "Worker Number": 1,
                                            "Actual Startup Time": 44.045,
                                            "Actual Total Time": 77.599,
                                            "Actual Rows": 103342,
                                            "Actual Loops": 1
                                        },
                                        {
                                            "Worker Number": 2,
                                            "Actual Startup Time": 44.371,
                                            "Actual Total Time": 77.827,
                                            "Actual Rows": 63810,
                                            "Actual Loops": 1
                                        }
                                    ]
                                }
                            ]
                        }
                    ]
                }
            ]
        },
        "Planning Time": 200.132,
        "Triggers": [],
        "Execution Time": 100.088
    }
]