[
  {
    "Plan": {
      "Node Type": "Aggregate",
      "Strategy": "Plain",
      "Partial Mode": "Finalize",
      "Parallel Aware": false,
      "Startup Cost": 47265.88,
      "Total Cost": 47265.89,
      "Plan Rows": 1,
      "Plan Width": 8,
      "Actual Startup Time": 163.985,
      "Actual Total Time": 173.391,
      "Actual Rows": 1,
      "Actual Loops": 1,
      "Plans": [
        {
          "Node Type": "Gather",
          "Parent Relationship": "Outer",
          "Parallel Aware": false,
          "Startup Cost": 47265.57,
          "Total Cost": 47265.88,
          "Plan Rows": 3,
          "Plan Width": 8,
          "Actual Startup Time": 163.878,
          "Actual Total Time": 173.382,
          "Actual Rows": 4,
          "Actual Loops": 1,
          "Workers Planned": 3,
          "Workers Launched": 3,
          "Single Copy": false,
          "Plans": [
            {
              "Node Type": "Aggregate",
              "Strategy": "Plain",
              "Partial Mode": "Partial",
              "Parent Relationship": "Outer",
              "Parallel Aware": false,
              "Startup Cost": 46265.57,
              "Total Cost": 46265.58,
              "Plan Rows": 1,
              "Plan Width": 8,
              "Actual Startup Time": 158.845,
              "Actual Total Time": 158.847,
              "Actual Rows": 1,
              "Actual Loops": 4,
              "Plans": [
                {
                  "Node Type": "Seq Scan",
                  "Parent Relationship": "Outer",
                  "Parallel Aware": true,
                  "Relation Name": "movie_keyword",
                  "Alias": "mk",
                  "Startup Cost": 0.0,
                  "Total Cost": 42695.65,
                  "Plan Rows": 1427965,
                  "Plan Width": 0,
                  "Actual Startup Time": 0.038,
                  "Actual Total Time": 112.94,
                  "Actual Rows": 1107069,
                  "Actual Loops": 4,
                  "Filter": "(keyword_id < 83453)",
                  "Rows Removed by Filter": 23914
                }
              ]
            }
          ]
        }
      ]
    },
    "Planning Time": 0.187,
    "Triggers": [],
    "Execution Time": 173.452
  }
]