[
  {
    "Plan": {
      "Node Type": "Aggregate",
      "Strategy": "Plain",
      "Partial Mode": "Finalize",
      "Parallel Aware": false,
      "Startup Cost": 33078.55,
      "Total Cost": 33078.56,
      "Plan Rows": 1,
      "Plan Width": 8,
      "Actual Startup Time": 70.782,
      "Actual Total Time": 79.313,
      "Actual Rows": 1,
      "Actual Loops": 1,
      "Plans": [
        {
          "Node Type": "Gather",
          "Parent Relationship": "Outer",
          "Parallel Aware": false,
          "Startup Cost": 33078.33,
          "Total Cost": 33078.54,
          "Plan Rows": 2,
          "Plan Width": 8,
          "Actual Startup Time": 70.467,
          "Actual Total Time": 79.305,
          "Actual Rows": 3,
          "Actual Loops": 1,
          "Workers Planned": 2,
          "Workers Launched": 2,
          "Single Copy": false,
          "Plans": [
            {
              "Node Type": "Aggregate",
              "Strategy": "Plain",
              "Partial Mode": "Partial",
              "Parent Relationship": "Outer",
              "Parallel Aware": false,
              "Startup Cost": 32078.33,
              "Total Cost": 32078.34,
              "Plan Rows": 1,
              "Plan Width": 8,
              "Actual Startup Time": 61.748,
              "Actual Total Time": 61.75,
              "Actual Rows": 1,
              "Actual Loops": 3,
              "Plans": [
                {
                  "Node Type": "Nested Loop",
                  "Parent Relationship": "Outer",
                  "Parallel Aware": false,
                  "Join Type": "Inner",
                  "Startup Cost": 91.06,
                  "Total Cost": 32074.69,
                  "Plan Rows": 1455,
                  "Plan Width": 0,
                  "Actual Startup Time": 3.689,
                  "Actual Total Time": 61.279,
                  "Actual Rows": 2198,
                  "Actual Loops": 3,
                  "Inner Unique": true,
                  "Plans": [
                    {
                      "Node Type": "Bitmap Heap Scan",
                      "Parent Relationship": "Outer",
                      "Parallel Aware": true,
                      "Relation Name": "movie_info",
                      "Alias": "mi",
                      "Startup Cost": 90.63,
                      "Total Cost": 17014.81,
                      "Plan Rows": 2053,
                      "Plan Width": 4,
                      "Actual Startup Time": 3.325,
                      "Actual Total Time": 8.62,
                      "Actual Rows": 2198,
                      "Actual Loops": 3,
                      "Recheck Cond": "(info_type_id = 51)",
                      "Rows Removed by Index Recheck": 0,
                      "Exact Heap Blocks": 679,
                      "Lossy Heap Blocks": 0,
                      "Plans": [
                        {
                          "Node Type": "Bitmap Index Scan",
                          "Parent Relationship": "Outer",
                          "Parallel Aware": false,
                          "Index Name": "info_type_id_movie_info",
                          "Startup Cost": 0.0,
                          "Total Cost": 89.4,
                          "Plan Rows": 4928,
                          "Plan Width": 0,
                          "Actual Startup Time": 9.028,
                          "Actual Total Time": 9.029,
                          "Actual Rows": 6594,
                          "Actual Loops": 1,
                          "Index Cond": "(info_type_id = 51)"
                        }
                      ]
                    },
                    {
                      "Node Type": "Index Scan",
                      "Parent Relationship": "Inner",
                      "Parallel Aware": false,
                      "Scan Direction": "Forward",
                      "Index Name": "title_pkey",
                      "Relation Name": "title",
                      "Alias": "t",
                      "Startup Cost": 0.43,
                      "Total Cost": 7.34,
                      "Plan Rows": 1,
                      "Plan Width": 4,
                      "Actual Startup Time": 0.023,
                      "Actual Total Time": 0.023,
                      "Actual Rows": 1,
                      "Actual Loops": 6594,
                      "Index Cond": "(id = mi.movie_id)",
                      "Rows Removed by Index Recheck": 0,
                      "Filter": "(production_year < 2009)",
                      "Rows Removed by Filter": 0
                    }
                  ]
                }
              ]
            }
          ]
        }
      ]
    },
    "Planning Time": 0.649,
    "Triggers": [],
    "Execution Time": 79.407
  }
]