{
  "Plan": {
    "Node Type": "Aggregate",
    "Strategy": "Plain",
    "Partial Mode": "Finalize",
    "Parallel Aware": false,
    "Startup Cost": 145430.33,
    "Total Cost": 145430.34,
    "Plan Rows": 1,
    "Plan Width": 8,
    "Actual Startup Time": 716.396,
    "Actual Total Time": 730.936,
    "Actual Rows": 1,
    "Actual Loops": 1,
    "Plans": [
      {
        "Node Type": "Gather",
        "Parent Relationship": "Outer",
        "Parallel Aware": false,
        "Startup Cost": 145430.22,
        "Total Cost": 145430.33,
        "Plan Rows": 1,
        "Plan Width": 8,
        "Actual Startup Time": 714.69,
        "Actual Total Time": 730.929,
        "Actual Rows": 2,
        "Actual Loops": 1,
        "Workers Planned": 1,
        "Workers Launched": 1,
        "Single Copy": false,
        "Plans": [
          {
            "Node Type": "Aggregate",
            "Strategy": "Plain",
            "Partial Mode": "Partial",
            "Parent Relationship": "Outer",
            "Parallel Aware": false,
            "Startup Cost": 144430.22,
            "Total Cost": 144430.23,
            "Plan Rows": 1,
            "Plan Width": 8,
            "Actual Startup Time": 708.388,
            "Actual Total Time": 708.393,
            "Actual Rows": 1,
            "Actual Loops": 2,
            "Plans": [
              {
                "Node Type": "Hash Join",
                "Parent Relationship": "Outer",
                "Parallel Aware": true,
                "Join Type": "Inner",
                "Startup Cost": 78413.69,
                "Total Cost": 144218.02,
                "Plan Rows": 84879,
                "Plan Width": 0,
                "Actual Startup Time": 355.116,
                "Actual Total Time": 688.885,
                "Actual Rows": 459593,
                "Actual Loops": 2,
                "Inner Unique": false,
                "Hash Cond": "(mk.movie_id = t.id)",
                "Plans": [
                  {
                    "Node Type": "Seq Scan",
                    "Parent Relationship": "Outer",
                    "Parallel Aware": true,
                    "Relation Name": "movie_keyword",
                    "Alias": "mk",
                    "Startup Cost": 0.0,
                    "Total Cost": 57718.19,
                    "Plan Rows": 2023160,
                    "Plan Width": 4,
                    "Actual Startup Time": 0.084,
                    "Actual Total Time": 186.295,
                    "Actual Rows": 1712572,
                    "Actual Loops": 2,
                    "Filter": "(keyword_id > 1127)",
                    "Rows Removed by Filter": 549393
                  },
                  {
                    "Node Type": "Hash",
                    "Parent Relationship": "Inner",
                    "Parallel Aware": true,
                    "Startup Cost": 77633.75,
                    "Total Cost": 77633.75,
                    "Plan Rows": 62395,
                    "Plan Width": 8,
                    "Actual Startup Time": 352.463,
                    "Actual Total Time": 352.467,
                    "Actual Rows": 62591,
                    "Actual Loops": 2,
                    "Hash Buckets": 131072,
                    "Original Hash Buckets": 131072,
                    "Hash Batches": 1,
                    "Original Hash Batches": 1,
                    "Peak Memory Usage": 5952,
                    "Plans": [
                      {
                        "Node Type": "Hash Join",
                        "Parent Relationship": "Outer",
                        "Parallel Aware": true,
                        "Join Type": "Inner",
                        "Startup Cost": 58834.3,
                        "Total Cost": 77633.75,
                        "Plan Rows": 62395,
                        "Plan Width": 8,
                        "Actual Startup Time": 229.64,
                        "Actual Total Time": 337.886,
                        "Actual Rows": 62591,
                        "Actual Loops": 2,
                        "Inner Unique": true,
                        "Hash Cond": "(mi_idx.movie_id = t.id)",
                        "Plans": [
                          {
                            "Node Type": "Seq Scan",
                            "Parent Relationship": "Outer",
                            "Parallel Aware": true,
                            "Relation Name": "movie_info_idx",
                            "Alias": "mi_idx",
                            "Startup Cost": 0.0,
                            "Total Cost": 18082.32,
                            "Plan Rows": 273193,
                            "Plan Width": 4,
                            "Actual Startup Time": 0.018,
                            "Actual Total Time": 49.99,
                            "Actual Rows": 229962,
                            "Actual Loops": 2,
                            "Filter": "(info_type_id = 100)",
                            "Rows Removed by Filter": 460055
                          },
                          {
                            "Node Type": "Hash",
                            "Parent Relationship": "Inner",
                            "Parallel Aware": true,
                            "Startup Cost": 54588.39,
                            "Total Cost": 54588.39,
                            "Plan Rows": 339673,
                            "Plan Width": 4,
                            "Actual Startup Time": 222.061,
                            "Actual Total Time": 222.062,
                            "Actual Rows": 292510,
                            "Actual Loops": 2,
                            "Hash Buckets": 1048576,
                            "Original Hash Buckets": 1048576,
                            "Hash Batches": 1,
                            "Original Hash Batches": 1,
                            "Peak Memory Usage": 31136,
                            "Plans": [
                              {
                                "Node Type": "Seq Scan",
                                "Parent Relationship": "Outer",
                                "Parallel Aware": true,
                                "Relation Name": "title",
                                "Alias": "t",
                                "Startup Cost": 0.0,
                                "Total Cost": 54588.39,
                                "Plan Rows": 339673,
                                "Plan Width": 4,
                                "Actual Startup Time": 0.029,
                                "Actual Total Time": 143.076,
                                "Actual Rows": 292510,
                                "Actual Loops": 2,
                                "Filter": "(production_year < 1985)",
                                "Rows Removed by Filter": 971646
                              }
                            ]
                          }
                        ]
                      }
                    ]
                  }
                ]
              }
            ]
          }
        ]
      }
    ]
  },
  "Planning Time": 0.851,
  "Triggers": [],
  "Execution Time": 731.013
}