{
  "Plan": {
    "Node Type": "Aggregate",
    "Strategy": "Plain",
    "Partial Mode": "Finalize",
    "Parallel Aware": false,
    "Startup Cost": 103701.04,
    "Total Cost": 103701.05,
    "Plan Rows": 1,
    "Plan Width": 8,
    "Actual Startup Time": 423.771,
    "Actual Total Time": 437.936,
    "Actual Rows": 1,
    "Actual Loops": 1,
    "Plans": [
      {
        "Node Type": "Gather",
        "Parent Relationship": "Outer",
        "Parallel Aware": false,
        "Startup Cost": 103700.93,
        "Total Cost": 103701.04,
        "Plan Rows": 1,
        "Plan Width": 8,
        "Actual Startup Time": 423.31,
        "Actual Total Time": 437.926,
        "Actual Rows": 2,
        "Actual Loops": 1,
        "Workers Planned": 1,
        "Workers Launched": 1,
        "Single Copy": false,
        "Plans": [
          {
            "Node Type": "Aggregate",
            "Strategy": "Plain",
            "Partial Mode": "Partial",
            "Parent Relationship": "Outer",
            "Parallel Aware": false,
            "Startup Cost": 102700.93,
            "Total Cost": 102700.94,
            "Plan Rows": 1,
            "Plan Width": 8,
            "Actual Startup Time": 417.231,
            "Actual Total Time": 417.238,
            "Actual Rows": 1,
            "Actual Loops": 2,
            "Plans": [
              {
                "Node Type": "Hash Join",
                "Parent Relationship": "Outer",
                "Parallel Aware": true,
                "Join Type": "Inner",
                "Startup Cost": 40952.49,
                "Total Cost": 102228.83,
                "Plan Rows": 188841,
                "Plan Width": 0,
                "Actual Startup Time": 319.746,
                "Actual Total Time": 416.521,
                "Actual Rows": 12048,
                "Actual Loops": 2,
                "Inner Unique": false,
                "Hash Cond": "(t.id = mc.movie_id)",
                "Plans": [
                  {
                    "Node Type": "Seq Scan",
                    "Parent Relationship": "Outer",
                    "Parallel Aware": true,
                    "Relation Name": "title",
                    "Alias": "t",
                    "Startup Cost": 0.0,
                    "Total Cost": 50870.31,
                    "Plan Rows": 1487231,
                    "Plan Width": 4,
                    "Actual Startup Time": 0.01,
                    "Actual Total Time": 139.831,
                    "Actual Rows": 1264156,
                    "Actual Loops": 2
                  },
                  {
                    "Node Type": "Hash",
                    "Parent Relationship": "Inner",
                    "Parallel Aware": true,
                    "Startup Cost": 38591.98,
                    "Total Cost": 38591.98,
                    "Plan Rows": 188841,
                    "Plan Width": 4,
                    "Actual Startup Time": 128.566,
                    "Actual Total Time": 128.567,
                    "Actual Rows": 12048,
                    "Actual Loops": 2,
                    "Hash Buckets": 524288,
                    "Original Hash Buckets": 524288,
                    "Hash Batches": 1,
                    "Original Hash Batches": 1,
                    "Peak Memory Usage": 5088,
                    "Plans": [
                      {
                        "Node Type": "Bitmap Heap Scan",
                        "Parent Relationship": "Outer",
                        "Parallel Aware": true,
                        "Relation Name": "movie_companies",
                        "Alias": "mc",
                        "Startup Cost": 14047.77,
                        "Total Cost": 38591.98,
                        "Plan Rows": 188841,
                        "Plan Width": 4,
                        "Actual Startup Time": 60.435,
                        "Actual Total Time": 123.929,
                        "Actual Rows": 12048,
                        "Actual Loops": 2,
                        "Recheck Cond": "(company_id > 51652)",
                        "Rows Removed by Index Recheck": 0,
                        "Filter": "(company_type_id = 1)",
                        "Rows Removed by Filter": 320218,
                        "Exact Heap Blocks": 7381,
                        "Lossy Heap Blocks": 0,
                        "Plans": [
                          {
                            "Node Type": "Bitmap Index Scan",
                            "Parent Relationship": "Outer",
                            "Parallel Aware": false,
                            "Index Name": "company_id_movie_companies",
                            "Startup Cost": 0.0,
                            "Total Cost": 13967.51,
                            "Plan Rows": 652144,
                            "Plan Width": 0,
                            "Actual Startup Time": 58.377,
                            "Actual Total Time": 58.378,
                            "Actual Rows": 664531,
                            "Actual Loops": 1,
                            "Index Cond": "(company_id > 51652)"
                          }
                        ]
                      }
                    ]
                  }
                ]
              }
            ]
          }
        ]
      }
    ]
  },
  "Planning Time": 0.655,
  "Triggers": [],
  "Execution Time": 438.025
}