[
    {
        "Bao": {
            "Bao prediction": "NaN",
            "Bao recommended hint": "(no hint)"
        }
    },
    {
        "Plan": {
            "Node Type": "Aggregate",
            "Strategy": "Plain",
            "Partial Mode": "Finalize",
            "Parallel Aware": false,
            "Startup Cost": 87181.04,
            "Total Cost": 87181.05,
            "Plan Rows": 1,
            "Plan Width": 8,
            "Actual Startup Time": 262.631,
            "Actual Total Time": 271.207,
            "Actual Rows": 1,
            "Actual Loops": 1,
            "Output": [
                "count(*)"
            ],
            "Plans": [
                {
                    "Node Type": "Gather",
                    "Parent Relationship": "Outer",
                    "Parallel Aware": false,
                    "Startup Cost": 87180.72,
                    "Total Cost": 87181.03,
                    "Plan Rows": 3,
                    "Plan Width": 8,
                    "Actual Startup Time": 261.612,
                    "Actual Total Time": 271.198,
                    "Actual Rows": 4,
                    "Actual Loops": 1,
                    "Output": [
                        "(PARTIAL count(*))"
                    ],
                    "Workers Planned": 3,
                    "Workers Launched": 3,
                    "Single Copy": false,
                    "Plans": [
                        {
                            "Node Type": "Aggregate",
                            "Strategy": "Plain",
                            "Partial Mode": "Partial",
                            "Parent Relationship": "Outer",
                            "Parallel Aware": false,
                            "Startup Cost": 86180.72,
                            "Total Cost": 86180.73,
                            "Plan Rows": 1,
                            "Plan Width": 8,
                            "Actual Startup Time": 252.589,
                            "Actual Total Time": 252.592,
                            "Actual Rows": 1,
                            "Actual Loops": 4,
                            "Output": [
                                "PARTIAL count(*)"
                            ],
                            "Workers": [
                                {
                                    "Worker Number": 0,
                                    "Actual Startup Time": 249.576,
                                    "Actual Total Time": 249.579,
                                    "Actual Rows": 1,
                                    "Actual Loops": 1
                                },
                                {
                                    "Worker Number": 1,
                                    "Actual Startup Time": 249.666,
                                    "Actual Total Time": 249.669,
                                    "Actual Rows": 1,
                                    "Actual Loops": 1
                                },
                                {
                                    "Worker Number": 2,
                                    "Actual Startup Time": 249.981,
                                    "Actual Total Time": 249.985,
                                    "Actual Rows": 1,
                                    "Actual Loops": 1
                                }
                            ],
                            "Plans": [
                                {
                                    "Node Type": "Hash Join",
                                    "Parent Relationship": "Outer",
                                    "Parallel Aware": true,
                                    "Join Type": "Inner",
                                    "Startup Cost": 58762.13,
                                    "Total Cost": 86148.0,
                                    "Plan Rows": 13087,
                                    "Plan Width": 0,
                                    "Actual Startup Time": 157.141,
                                    "Actual Total Time": 252.35,
                                    "Actual Rows": 1957,
                                    "Actual Loops": 4,
                                    "Inner Unique": true,
                                    "Hash Cond": "(mk.movie_id = t.id)",
                                    "Workers": [
                                        {
                                            "Worker Number": 0,
                                            "Actual Startup Time": 154.233,
                                            "Actual Total Time": 249.342,
                                            "Actual Rows": 1438,
                                            "Actual Loops": 1
                                        },
                                        {
                                            "Worker Number": 1,
                                            "Actual Startup Time": 154.215,
                                            "Actual Total Time": 249.44,
                                            "Actual Rows": 1308,
                                            "Actual Loops": 1
                                        },
                                        {
                                            "Worker Number": 2,
                                            "Actual Startup Time": 154.782,
                                            "Actual Total Time": 249.731,
                                            "Actual Rows": 1445,
                                            "Actual Loops": 1
                                        }
                                    ],
                                    "Plans": [
                                        {
                                            "Node Type": "Bitmap Heap Scan",
                                            "Parent Relationship": "Outer",
                                            "Parallel Aware": true,
                                            "Relation Name": "movie_keyword",
                                            "Schema": "public",
                                            "Alias": "mk",
                                            "Startup Cost": 12749.51,
                                            "Total Cost": 39626.54,
                                            "Plan Rows": 193843,
                                            "Plan Width": 4,
                                            "Actual Startup Time": 51.228,
                                            "Actual Total Time": 118.61,
                                            "Actual Rows": 151686,
                                            "Actual Loops": 4,
                                            "Output": [
                                                "mk.id",
                                                "mk.movie_id",
                                                "mk.keyword_id"
                                            ],
                                            "Recheck Cond": "(mk.keyword_id < 460)",
                                            "Rows Removed by Index Recheck": 0,
                                            "Exact Heap Blocks": 8905,
                                            "Lossy Heap Blocks": 0,
                                            "Workers": [
                                                {
                                                    "Worker Number": 0,
                                                    "Actual Startup Time": 51.273,
                                                    "Actual Total Time": 120.389,
                                                    "Actual Rows": 137221,
                                                    "Actual Loops": 1
                                                },
                                                {
                                                    "Worker Number": 1,
                                                    "Actual Startup Time": 51.308,
                                                    "Actual Total Time": 120.029,
                                                    "Actual Rows": 124535,
                                                    "Actual Loops": 1
                                                },
                                                {
                                                    "Worker Number": 2,
                                                    "Actual Startup Time": 51.32,
                                                    "Actual Total Time": 120.033,
                                                    "Actual Rows": 125206,
                                                    "Actual Loops": 1
                                                }
                                            ],
                                            "Plans": [
                                                {
                                                    "Node Type": "Bitmap Index Scan",
                                                    "Parent Relationship": "Outer",
                                                    "Parallel Aware": false,
                                                    "Index Name": "keyword_id_movie_keyword",
                                                    "Startup Cost": 0.0,
                                                    "Total Cost": 12599.28,
                                                    "Plan Rows": 600913,
                                                    "Plan Width": 0,
                                                    "Actual Startup Time": 47.466,
                                                    "Actual Total Time": 47.467,
                                                    "Actual Rows": 606746,
                                                    "Actual Loops": 1,
                                                    "Index Cond": "(mk.keyword_id < 460)"
                                                }
                                            ]
                                        },
                                        {
                                            "Node Type": "Hash",
                                            "Parent Relationship": "Inner",
                                            "Parallel Aware": true,
                                            "Startup Cost": 45479.21,
                                            "Total Cost": 45479.21,
                                            "Plan Rows": 42673,
                                            "Plan Width": 4,
                                            "Actual Startup Time": 103.894,
                                            "Actual Total Time": 103.895,
                                            "Actual Rows": 42517,
                                            "Actual Loops": 4,
                                            "Output": [
                                                "t.id"
                                            ],
                                            "Hash Buckets": 262144,
                                            "Original Hash Buckets": 262144,
                                            "Hash Batches": 1,
                                            "Original Hash Batches": 1,
                                            "Peak Memory Usage": 8768,
                                            "Workers": [
                                                {
                                                    "Worker Number": 0,
                                                    "Actual Startup Time": 102.236,
                                                    "Actual Total Time": 102.236,
                                                    "Actual Rows": 37697,
                                                    "Actual Loops": 1
                                                },
                                                {
                                                    "Worker Number": 1,
                                                    "Actual Startup Time": 102.381,
                                                    "Actual Total Time": 102.381,
                                                    "Actual Rows": 35633,
                                                    "Actual Loops": 1
                                                },
                                                {
                                                    "Worker Number": 2,
                                                    "Actual Startup Time": 102.733,
                                                    "Actual Total Time": 102.733,
                                                    "Actual Rows": 35620,
                                                    "Actual Loops": 1
                                                }
                                            ],
                                            "Plans": [
                                                {
                                                    "Node Type": "Seq Scan",
                                                    "Parent Relationship": "Outer",
                                                    "Parallel Aware": true,
                                                    "Relation Name": "title",
                                                    "Schema": "public",
                                                    "Alias": "t",
                                                    "Startup Cost": 0.0,
                                                    "Total Cost": 45479.21,
                                                    "Plan Rows": 42673,
                                                    "Plan Width": 4,
                                                    "Actual Startup Time": 0.041,
                                                    "Actual Total Time": 88.815,
                                                    "Actual Rows": 42517,
                                                    "Actual Loops": 4,
                                                    "Output": [
                                                        "t.id"
                                                    ],
                                                    "Filter": "((t.kind_id > 1) AND (t.production_year > 2011))",
                                                    "Rows Removed by Filter": 589561,
                                                    "Workers": [
                                                        {
                                                            "Worker Number": 0,
                                                            "Actual Startup Time": 0.051,
                                                            "Actual Total Time": 88.07,
                                                            "Actual Rows": 37697,
                                                            "Actual Loops": 1
                                                        },
                                                        {
                                                            "Worker Number": 1,
                                                            "Actual Startup Time": 0.042,
                                                            "Actual Total Time": 88.618,
                                                            "Actual Rows": 35633,
                                                            "Actual Loops": 1
                                                        },
                                                        {
                                                            "Worker Number": 2,
                                                            "Actual Startup Time": 0.05,
                                                            "Actual Total Time": 88.891,
                                                            "Actual Rows": 35620,
                                                            "Actual Loops": 1
                                                        }
                                                    ]
                                                }
                                            ]
                                        }
                                    ]
                                }
                            ]
                        }
                    ]
                }
            ]
        },
        "Planning Time": 192.465,
        "Triggers": [],
        "Execution Time": 271.301
    }
]