{
  "Plan": {
    "Node Type": "Aggregate",
    "Strategy": "Plain",
    "Partial Mode": "Finalize",
    "Parallel Aware": false,
    "Startup Cost": 331236.84,
    "Total Cost": 331236.85,
    "Plan Rows": 1,
    "Plan Width": 8,
    "Actual Startup Time": 1354.173,
    "Actual Total Time": 1404.114,
    "Actual Rows": 1,
    "Actual Loops": 1,
    "Plans": [
      {
        "Node Type": "Gather",
        "Parent Relationship": "Outer",
        "Parallel Aware": false,
        "Startup Cost": 331236.73,
        "Total Cost": 331236.84,
        "Plan Rows": 1,
        "Plan Width": 8,
        "Actual Startup Time": 1354.006,
        "Actual Total Time": 1404.104,
        "Actual Rows": 2,
        "Actual Loops": 1,
        "Workers Planned": 1,
        "Workers Launched": 1,
        "Single Copy": false,
        "Plans": [
          {
            "Node Type": "Aggregate",
            "Strategy": "Plain",
            "Partial Mode": "Partial",
            "Parent Relationship": "Outer",
            "Parallel Aware": false,
            "Startup Cost": 330236.73,
            "Total Cost": 330236.74,
            "Plan Rows": 1,
            "Plan Width": 8,
            "Actual Startup Time": 1348.071,
            "Actual Total Time": 1348.074,
            "Actual Rows": 1,
            "Actual Loops": 2,
            "Plans": [
              {
                "Node Type": "Hash Join",
                "Parent Relationship": "Outer",
                "Parallel Aware": true,
                "Join Type": "Inner",
                "Startup Cost": 58374.12,
                "Total Cost": 330157.61,
                "Plan Rows": 31648,
                "Plan Width": 0,
                "Actual Startup Time": 158.354,
                "Actual Total Time": 1346.712,
                "Actual Rows": 26990,
                "Actual Loops": 2,
                "Inner Unique": true,
                "Hash Cond": "(mi.movie_id = t.id)",
                "Plans": [
                  {
                    "Node Type": "Seq Scan",
                    "Parent Relationship": "Outer",
                    "Parallel Aware": true,
                    "Relation Name": "movie_info",
                    "Alias": "mi",
                    "Startup Cost": 0.0,
                    "Total Cost": 248955.74,
                    "Plan Rows": 8696274,
                    "Plan Width": 4,
                    "Actual Startup Time": 0.009,
                    "Actual Total Time": 632.167,
                    "Actual Rows": 7417860,
                    "Actual Loops": 2
                  },
                  {
                    "Node Type": "Hash",
                    "Parent Relationship": "Inner",
                    "Parallel Aware": true,
                    "Startup Cost": 58306.47,
                    "Total Cost": 58306.47,
                    "Plan Rows": 5412,
                    "Plan Width": 4,
                    "Actual Startup Time": 156.331,
                    "Actual Total Time": 156.331,
                    "Actual Rows": 4960,
                    "Actual Loops": 2,
                    "Hash Buckets": 16384,
                    "Original Hash Buckets": 16384,
                    "Hash Batches": 1,
                    "Original Hash Batches": 1,
                    "Peak Memory Usage": 544,
                    "Plans": [
                      {
                        "Node Type": "Seq Scan",
                        "Parent Relationship": "Outer",
                        "Parallel Aware": true,
                        "Relation Name": "title",
                        "Alias": "t",
                        "Startup Cost": 0.0,
                        "Total Cost": 58306.47,
                        "Plan Rows": 5412,
                        "Plan Width": 4,
                        "Actual Startup Time": 0.269,
                        "Actual Total Time": 154.275,
                        "Actual Rows": 4960,
                        "Actual Loops": 2,
                        "Filter": "((kind_id > 1) AND (production_year = 1966))",
                        "Rows Removed by Filter": 1259196
                      }
                    ]
                  }
                ]
              }
            ]
          }
        ]
      }
    ]
  },
  "Planning Time": 0.442,
  "Triggers": [],
  "Execution Time": 1404.222
}