[
  {
    "Plan": {
      "Node Type": "Aggregate",
      "Strategy": "Plain",
      "Partial Mode": "Finalize",
      "Parallel Aware": false,
      "Startup Cost": 249630.2,
      "Total Cost": 249630.21,
      "Plan Rows": 1,
      "Plan Width": 8,
      "Actual Startup Time": 551.155,
      "Actual Total Time": 571.578,
      "Actual Rows": 1,
      "Actual Loops": 1,
      "Plans": [
        {
          "Node Type": "Gather",
          "Parent Relationship": "Outer",
          "Parallel Aware": false,
          "Startup Cost": 249629.67,
          "Total Cost": 249630.18,
          "Plan Rows": 5,
          "Plan Width": 8,
          "Actual Startup Time": 531.815,
          "Actual Total Time": 571.568,
          "Actual Rows": 6,
          "Actual Loops": 1,
          "Workers Planned": 5,
          "Workers Launched": 5,
          "Single Copy": false,
          "Plans": [
            {
              "Node Type": "Aggregate",
              "Strategy": "Plain",
              "Partial Mode": "Partial",
              "Parent Relationship": "Outer",
              "Parallel Aware": false,
              "Startup Cost": 248629.67,
              "Total Cost": 248629.68,
              "Plan Rows": 1,
              "Plan Width": 8,
              "Actual Startup Time": 510.104,
              "Actual Total Time": 510.108,
              "Actual Rows": 1,
              "Actual Loops": 6,
              "Plans": [
                {
                  "Node Type": "Nested Loop",
                  "Parent Relationship": "Outer",
                  "Parallel Aware": false,
                  "Join Type": "Inner",
                  "Startup Cost": 53827.43,
                  "Total Cost": 248598.97,
                  "Plan Rows": 12283,
                  "Plan Width": 0,
                  "Actual Startup Time": 278.979,
                  "Actual Total Time": 506.794,
                  "Actual Rows": 51860,
                  "Actual Loops": 6,
                  "Inner Unique": false,
                  "Plans": [
                    {
                      "Node Type": "Hash Join",
                      "Parent Relationship": "Outer",
                      "Parallel Aware": true,
                      "Join Type": "Inner",
                      "Startup Cost": 53827.0,
                      "Total Cost": 224916.25,
                      "Plan Rows": 39817,
                      "Plan Width": 8,
                      "Actual Startup Time": 278.783,
                      "Actual Total Time": 304.892,
                      "Actual Rows": 30019,
                      "Actual Loops": 6,
                      "Inner Unique": true,
                      "Hash Cond": "(mi.movie_id = t.id)",
                      "Plans": [
                        {
                          "Node Type": "Bitmap Heap Scan",
                          "Parent Relationship": "Outer",
                          "Parallel Aware": true,
                          "Relation Name": "movie_info",
                          "Alias": "mi",
                          "Startup Cost": 3607.36,
                          "Total Cost": 174592.08,
                          "Plan Rows": 39817,
                          "Plan Width": 4,
                          "Actual Startup Time": 11.155,
                          "Actual Total Time": 21.35,
                          "Actual Rows": 30019,
                          "Actual Loops": 6,
                          "Recheck Cond": "(info_type_id = 13)",
                          "Rows Removed by Index Recheck": 0,
                          "Exact Heap Blocks": 1223,
                          "Lossy Heap Blocks": 0,
                          "Plans": [
                            {
                              "Node Type": "Bitmap Index Scan",
                              "Parent Relationship": "Outer",
                              "Parallel Aware": false,
                              "Index Name": "info_type_id_movie_info",
                              "Startup Cost": 0.0,
                              "Total Cost": 3557.59,
                              "Plan Rows": 199087,
                              "Plan Width": 0,
                              "Actual Startup Time": 10.335,
                              "Actual Total Time": 10.335,
                              "Actual Rows": 180112,
                              "Actual Loops": 1,
                              "Index Cond": "(info_type_id = 13)"
                            }
                          ]
                        },
                        {
                          "Node Type": "Hash",
                          "Parent Relationship": "Inner",
                          "Parallel Aware": true,
                          "Startup Cost": 42318.73,
                          "Total Cost": 42318.73,
                          "Plan Rows": 632073,
                          "Plan Width": 4,
                          "Actual Startup Time": 259.915,
                          "Actual Total Time": 259.916,
                          "Actual Rows": 421385,
                          "Actual Loops": 6,
                          "Hash Buckets": 4194304,
                          "Original Hash Buckets": 4194304,
                          "Hash Batches": 1,
                          "Original Hash Batches": 1,
                          "Peak Memory Usage": 131776,
                          "Plans": [
                            {
                              "Node Type": "Seq Scan",
                              "Parent Relationship": "Outer",
                              "Parallel Aware": true,
                              "Relation Name": "title",
                              "Alias": "t",
                              "Startup Cost": 0.0,
                              "Total Cost": 42318.73,
                              "Plan Rows": 632073,
                              "Plan Width": 4,
                              "Actual Startup Time": 0.033,
                              "Actual Total Time": 78.835,
                              "Actual Rows": 421385,
                              "Actual Loops": 6
                            }
                          ]
                        }
                      ]
                    },
                    {
                      "Node Type": "Index Scan",
                      "Parent Relationship": "Inner",
                      "Parallel Aware": false,
                      "Scan Direction": "Forward",
                      "Index Name": "movie_id_movie_companies",
                      "Relation Name": "movie_companies",
                      "Alias": "mc",
                      "Startup Cost": 0.43,
                      "Total Cost": 0.57,
                      "Plan Rows": 2,
                      "Plan Width": 4,
                      "Actual Startup Time": 0.005,
                      "Actual Total Time": 0.006,
                      "Actual Rows": 2,
                      "Actual Loops": 180112,
                      "Index Cond": "(movie_id = t.id)",
                      "Rows Removed by Index Recheck": 0,
                      "Filter": "(company_id > 31126)",
                      "Rows Removed by Filter": 15
                    }
                  ]
                }
              ]
            }
          ]
        }
      ]
    },
    "Planning Time": 1.353,
    "Triggers": [],
    "Execution Time": 571.681
  }
]