[
  {
    "Plan": {
      "Node Type": "Aggregate",
      "Strategy": "Plain",
      "Partial Mode": "Finalize",
      "Parallel Aware": false,
      "Startup Cost": 31222.7,
      "Total Cost": 31222.71,
      "Plan Rows": 1,
      "Plan Width": 8,
      "Actual Startup Time": 94.582,
      "Actual Total Time": 102.376,
      "Actual Rows": 1,
      "Actual Loops": 1,
      "Plans": [
        {
          "Node Type": "Gather",
          "Parent Relationship": "Outer",
          "Parallel Aware": false,
          "Startup Cost": 31222.38,
          "Total Cost": 31222.69,
          "Plan Rows": 3,
          "Plan Width": 8,
          "Actual Startup Time": 94.46,
          "Actual Total Time": 102.367,
          "Actual Rows": 4,
          "Actual Loops": 1,
          "Workers Planned": 3,
          "Workers Launched": 3,
          "Single Copy": false,
          "Plans": [
            {
              "Node Type": "Aggregate",
              "Strategy": "Plain",
              "Partial Mode": "Partial",
              "Parent Relationship": "Outer",
              "Parallel Aware": false,
              "Startup Cost": 30222.38,
              "Total Cost": 30222.39,
              "Plan Rows": 1,
              "Plan Width": 8,
              "Actual Startup Time": 89.574,
              "Actual Total Time": 89.575,
              "Actual Rows": 1,
              "Actual Loops": 4,
              "Plans": [
                {
                  "Node Type": "Seq Scan",
                  "Parent Relationship": "Outer",
                  "Parallel Aware": true,
                  "Relation Name": "movie_companies",
                  "Alias": "mc",
                  "Startup Cost": 0.0,
                  "Total Cost": 29310.68,
                  "Plan Rows": 364681,
                  "Plan Width": 0,
                  "Actual Startup Time": 0.03,
                  "Actual Total Time": 74.077,
                  "Actual Rows": 281935,
                  "Actual Loops": 4,
                  "Filter": "(company_id < 8175)",
                  "Rows Removed by Filter": 370347
                }
              ]
            }
          ]
        }
      ]
    },
    "Planning Time": 0.195,
    "Triggers": [],
    "Execution Time": 102.431
  }
]