{
  "Plan": {
    "Node Type": "Aggregate",
    "Strategy": "Plain",
    "Partial Mode": "Simple",
    "Parallel Aware": false,
    "Startup Cost": 2837185.42,
    "Total Cost": 2837185.43,
    "Plan Rows": 1,
    "Plan Width": 32,
    "Actual Startup Time": 49602.91,
    "Actual Total Time": 49603.057,
    "Actual Rows": 1,
    "Actual Loops": 1,
    "Plans": [
      {
        "Node Type": "Merge Join",
        "Parent Relationship": "Outer",
        "Parallel Aware": false,
        "Join Type": "Inner",
        "Startup Cost": 2824477.62,
        "Total Cost": 2837182.32,
        "Plan Rows": 1240,
        "Plan Width": 15,
        "Actual Startup Time": 46824.427,
        "Actual Total Time": 49434.862,
        "Actual Rows": 2832555,
        "Actual Loops": 1,
        "Inner Unique": false,
        "Merge Cond": "(cn.id = mc.company_id)",
        "Plans": [
          {
            "Node Type": "Index Scan",
            "Parent Relationship": "Outer",
            "Parallel Aware": false,
            "Scan Direction": "Forward",
            "Index Name": "company_name_pkey",
            "Relation Name": "company_name",
            "Alias": "cn",
            "Startup Cost": 0.42,
            "Total Cost": 12469.43,
            "Plan Rows": 85931,
            "Plan Width": 4,
            "Actual Startup Time": 0.06,
            "Actual Total Time": 138.915,
            "Actual Rows": 84843,
            "Actual Loops": 1,
            "Filter": "((country_code)::text = '[us]'::text)",
            "Rows Removed by Filter": 150154
          },
          {
            "Node Type": "Sort",
            "Parent Relationship": "Inner",
            "Parallel Aware": false,
            "Startup Cost": 2824476.68,
            "Total Cost": 2824485.16,
            "Plan Rows": 3391,
            "Plan Width": 19,
            "Actual Startup Time": 46824.357,
            "Actual Total Time": 48589.619,
            "Actual Rows": 7796926,
            "Actual Loops": 1,
            "Sort Key": [
              "mc.company_id"
            ],
            "Sort Method": "quicksort",
            "Sort Space Used": 773164,
            "Sort Space Type": "Memory",
            "Plans": [
              {
                "Node Type": "Merge Join",
                "Parent Relationship": "Outer",
                "Parallel Aware": false,
                "Join Type": "Inner",
                "Startup Cost": 2640468.3,
                "Total Cost": 2824277.84,
                "Plan Rows": 3391,
                "Plan Width": 19,
                "Actual Startup Time": 40230.394,
                "Actual Total Time": 44803.157,
                "Actual Rows": 7796926,
                "Actual Loops": 1,
                "Inner Unique": false,
                "Merge Cond": "(n.id = ci.person_id)",
                "Plans": [
                  {
                    "Node Type": "Index Scan",
                    "Parent Relationship": "Outer",
                    "Parallel Aware": false,
                    "Scan Direction": "Forward",
                    "Index Name": "name_pkey",
                    "Relation Name": "name",
                    "Alias": "n",
                    "Startup Cost": 0.43,
                    "Total Cost": 178171.22,
                    "Plan Rows": 4167377,
                    "Plan Width": 19,
                    "Actual Startup Time": 0.037,
                    "Actual Total Time": 1606.985,
                    "Actual Rows": 4061914,
                    "Actual Loops": 1
                  },
                  {
                    "Node Type": "Sort",
                    "Parent Relationship": "Inner",
                    "Parallel Aware": false,
                    "Startup Cost": 2640467.87,
                    "Total Cost": 2640476.35,
                    "Plan Rows": 3391,
                    "Plan Width": 8,
                    "Actual Startup Time": 40230.289,
                    "Actual Total Time": 41867.219,
                    "Actual Rows": 7796926,
                    "Actual Loops": 1,
                    "Sort Key": [
                      "ci.person_id"
                    ],
                    "Sort Method": "quicksort",
                    "Sort Space Used": 562089,
                    "Sort Space Type": "Memory",
                    "Plans": [
                      {
                        "Node Type": "Merge Join",
                        "Parent Relationship": "Outer",
                        "Parallel Aware": false,
                        "Join Type": "Inner",
                        "Startup Cost": 354477.42,
                        "Total Cost": 2640269.03,
                        "Plan Rows": 3391,
                        "Plan Width": 8,
                        "Actual Startup Time": 555.045,
                        "Actual Total Time": 38184.669,
                        "Actual Rows": 7796926,
                        "Actual Loops": 1,
                        "Inner Unique": true,
                        "Merge Cond": "(ci.movie_id = t.id)",
                        "Plans": [
                          {
                            "Node Type": "Merge Join",
                            "Parent Relationship": "Outer",
                            "Parallel Aware": false,
                            "Join Type": "Inner",
                            "Startup Cost": 354474.22,
                            "Total Cost": 2523662.92,
                            "Plan Rows": 3391,
                            "Plan Width": 20,
                            "Actual Startup Time": 550.293,
                            "Actual Total Time": 35520.483,
                            "Actual Rows": 7796926,
                            "Actual Loops": 1,
                            "Inner Unique": false,
                            "Merge Cond": "(mk.movie_id = ci.movie_id)",
                            "Plans": [
                              {
                                "Node Type": "Gather Merge",
                                "Parent Relationship": "Outer",
                                "Parallel Aware": false,
                                "Startup Cost": 354242.64,
                                "Total Cost": 358471.49,
                                "Plan Rows": 170,
                                "Plan Width": 12,
                                "Actual Startup Time": 510.112,
                                "Actual Total Time": 623.417,
                                "Actual Rows": 148552,
                                "Actual Loops": 1,
                                "Workers Planned": 3,
                                "Workers Launched": 3,
                                "Plans": [
                                  {
                                    "Node Type": "Merge Join",
                                    "Parent Relationship": "Outer",
                                    "Parallel Aware": false,
                                    "Join Type": "Inner",
                                    "Startup Cost": 353242.6,
                                    "Total Cost": 357451.47,
                                    "Plan Rows": 55,
                                    "Plan Width": 12,
                                    "Actual Startup Time": 498.33,
                                    "Actual Total Time": 724.053,
                                    "Actual Rows": 37138,
                                    "Actual Loops": 4,
                                    "Inner Unique": false,
                                    "Merge Cond": "(mc.movie_id = mk.movie_id)",
                                    "Plans": [
                                      {
                                        "Node Type": "Sort",
                                        "Parent Relationship": "Outer",
                                        "Parallel Aware": false,
                                        "Startup Cost": 110037.47,
                                        "Total Cost": 112141.61,
                                        "Plan Rows": 841655,
                                        "Plan Width": 8,
                                        "Actual Startup Time": 292.713,
                                        "Actual Total Time": 374.933,
                                        "Actual Rows": 652282,
                                        "Actual Loops": 4,
                                        "Sort Key": [
                                          "mc.movie_id"
                                        ],
                                        "Sort Method": "quicksort",
                                        "Sort Space Used": 50326,
                                        "Sort Space Type": "Memory",
                                        "Workers": [
                                          {
                                            "Worker Number": 0,
                                            "Sort Method": "quicksort",
                                            "Sort Space Used": 60592,
                                            "Sort Space Type": "Memory"
                                          },
                                          {
                                            "Worker Number": 1,
                                            "Sort Method": "quicksort",
                                            "Sort Space Used": 36629,
                                            "Sort Space Type": "Memory"
                                          },
                                          {
                                            "Worker Number": 2,
                                            "Sort Method": "quicksort",
                                            "Sort Space Used": 60774,
                                            "Sort Space Type": "Memory"
                                          }
                                        ],
                                        "Plans": [
                                          {
                                            "Node Type": "Seq Scan",
                                            "Parent Relationship": "Outer",
                                            "Parallel Aware": true,
                                            "Relation Name": "movie_companies",
                                            "Alias": "mc",
                                            "Startup Cost": 0.0,
                                            "Total Cost": 27206.55,
                                            "Plan Rows": 841655,
                                            "Plan Width": 8,
                                            "Actual Startup Time": 0.065,
                                            "Actual Total Time": 116.317,
                                            "Actual Rows": 652282,
                                            "Actual Loops": 4
                                          }
                                        ]
                                      },
                                      {
                                        "Node Type": "Sort",
                                        "Parent Relationship": "Inner",
                                        "Parallel Aware": false,
                                        "Startup Cost": 243204.9,
                                        "Total Cost": 243204.98,
                                        "Plan Rows": 34,
                                        "Plan Width": 4,
                                        "Actual Startup Time": 205.541,
                                        "Actual Total Time": 214.697,
                                        "Actual Rows": 65103,
                                        "Actual Loops": 4,
                                        "Sort Key": [
                                          "mk.movie_id"
                                        ],
                                        "Sort Method": "quicksort",
                                        "Sort Space Used": 3498,
                                        "Sort Space Type": "Memory",
                                        "Workers": [
                                          {
                                            "Worker Number": 0,
                                            "Sort Method": "quicksort",
                                            "Sort Space Used": 3498,
                                            "Sort Space Type": "Memory"
                                          },
                                          {
                                            "Worker Number": 1,
                                            "Sort Method": "quicksort",
                                            "Sort Space Used": 3498,
                                            "Sort Space Type": "Memory"
                                          },
                                          {
                                            "Worker Number": 2,
                                            "Sort Method": "quicksort",
                                            "Sort Space Used": 3498,
                                            "Sort Space Type": "Memory"
                                          }
                                        ],
                                        "Plans": [
                                          {
                                            "Node Type": "Merge Join",
                                            "Parent Relationship": "Outer",
                                            "Parallel Aware": false,
                                            "Join Type": "Inner",
                                            "Startup Cost": 842.63,
                                            "Total Cost": 243204.03,
                                            "Plan Rows": 34,
                                            "Plan Width": 4,
                                            "Actual Startup Time": 118.945,
                                            "Actual Total Time": 195.381,
                                            "Actual Rows": 41840,
                                            "Actual Loops": 4,
                                            "Inner Unique": false,
                                            "Merge Cond": "(k.id = mk.keyword_id)",
                                            "Plans": [
                                              {
                                                "Node Type": "Index Scan",
                                                "Parent Relationship": "Outer",
                                                "Parallel Aware": false,
                                                "Scan Direction": "Forward",
                                                "Index Name": "keyword_pkey",
                                                "Relation Name": "keyword",
                                                "Alias": "k",
                                                "Startup Cost": 0.42,
                                                "Total Cost": 5343.17,
                                                "Plan Rows": 1,
                                                "Plan Width": 4,
                                                "Actual Startup Time": 0.207,
                                                "Actual Total Time": 53.837,
                                                "Actual Rows": 1,
                                                "Actual Loops": 4,
                                                "Filter": "(keyword = 'character-name-in-title'::text)",
                                                "Rows Removed by Filter": 134169
                                              },
                                              {
                                                "Node Type": "Index Scan",
                                                "Parent Relationship": "Inner",
                                                "Parallel Aware": false,
                                                "Scan Direction": "Forward",
                                                "Index Name": "keyword_id_movie_keyword",
                                                "Relation Name": "movie_keyword",
                                                "Alias": "mk",
                                                "Startup Cost": 0.43,
                                                "Total Cost": 226550.7,
                                                "Plan Rows": 4523930,
                                                "Plan Width": 8,
                                                "Actual Startup Time": 0.022,
                                                "Actual Total Time": 125.546,
                                                "Actual Rows": 163762,
                                                "Actual Loops": 4
                                              }
                                            ]
                                          }
                                        ]
                                      }
                                    ]
                                  }
                                ]
                              },
                              {
                                "Node Type": "Index Scan",
                                "Parent Relationship": "Inner",
                                "Parallel Aware": false,
                                "Scan Direction": "Forward",
                                "Index Name": "movie_id_cast_info",
                                "Relation Name": "cast_info",
                                "Alias": "ci",
                                "Startup Cost": 0.56,
                                "Total Cost": 2074802.47,
                                "Plan Rows": 36257824,
                                "Plan Width": 8,
                                "Actual Startup Time": 0.02,
                                "Actual Total Time": 31591.891,
                                "Actual Rows": 43063011,
                                "Actual Loops": 1
                              }
                            ]
                          },
                          {
                            "Node Type": "Index Only Scan",
                            "Parent Relationship": "Inner",
                            "Parallel Aware": false,
                            "Scan Direction": "Forward",
                            "Index Name": "title_pkey",
                            "Relation Name": "title",
                            "Alias": "t",
                            "Startup Cost": 0.43,
                            "Total Cost": 110359.06,
                            "Plan Rows": 2528509,
                            "Plan Width": 4,
                            "Actual Startup Time": 0.026,
                            "Actual Total Time": 1779.887,
                            "Actual Rows": 2525672,
                            "Actual Loops": 1,
                            "Heap Fetches": 2525672
                          }
                        ]
                      }
                    ]
                  }
                ]
              }
            ]
          }
        ]
      }
    ]
  },
  "Planning Time": 11.472,
  "Triggers": [],
  "Execution Time": 49709.354
}