[
  {
    "Plan": {
      "Node Type": "Aggregate",
      "Strategy": "Plain",
      "Partial Mode": "Finalize",
      "Parallel Aware": false,
      "Startup Cost": 74224.54,
      "Total Cost": 74224.55,
      "Plan Rows": 1,
      "Plan Width": 8,
      "Actual Startup Time": 393.634,
      "Actual Total Time": 408.013,
      "Actual Rows": 1,
      "Actual Loops": 1,
      "Plans": [
        {
          "Node Type": "Gather",
          "Parent Relationship": "Outer",
          "Parallel Aware": false,
          "Startup Cost": 74224.22,
          "Total Cost": 74224.53,
          "Plan Rows": 3,
          "Plan Width": 8,
          "Actual Startup Time": 384.572,
          "Actual Total Time": 408.002,
          "Actual Rows": 4,
          "Actual Loops": 1,
          "Workers Planned": 3,
          "Workers Launched": 3,
          "Single Copy": false,
          "Plans": [
            {
              "Node Type": "Aggregate",
              "Strategy": "Plain",
              "Partial Mode": "Partial",
              "Parent Relationship": "Outer",
              "Parallel Aware": false,
              "Startup Cost": 73224.22,
              "Total Cost": 73224.23,
              "Plan Rows": 1,
              "Plan Width": 8,
              "Actual Startup Time": 373.073,
              "Actual Total Time": 373.078,
              "Actual Rows": 1,
              "Actual Loops": 4,
              "Plans": [
                {
                  "Node Type": "Hash Join",
                  "Parent Relationship": "Outer",
                  "Parallel Aware": true,
                  "Join Type": "Inner",
                  "Startup Cost": 53670.39,
                  "Total Cost": 73177.71,
                  "Plan Rows": 18606,
                  "Plan Width": 0,
                  "Actual Startup Time": 335.609,
                  "Actual Total Time": 372.084,
                  "Actual Rows": 20111,
                  "Actual Loops": 4,
                  "Inner Unique": true,
                  "Hash Cond": "(mc.movie_id = t.id)",
                  "Plans": [
                    {
                      "Node Type": "Bitmap Heap Scan",
                      "Parent Relationship": "Outer",
                      "Parallel Aware": true,
                      "Relation Name": "movie_companies",
                      "Alias": "mc",
                      "Startup Cost": 2945.33,
                      "Total Cost": 22396.11,
                      "Plan Rows": 21538,
                      "Plan Width": 4,
                      "Actual Startup Time": 6.888,
                      "Actual Total Time": 24.948,
                      "Actual Rows": 27816,
                      "Actual Loops": 4,
                      "Recheck Cond": "(company_id < 27)",
                      "Rows Removed by Index Recheck": 0,
                      "Filter": "(company_type_id < 2)",
                      "Rows Removed by Filter": 5885,
                      "Exact Heap Blocks": 4069,
                      "Lossy Heap Blocks": 0,
                      "Plans": [
                        {
                          "Node Type": "Bitmap Index Scan",
                          "Parent Relationship": "Outer",
                          "Parallel Aware": false,
                          "Index Name": "company_id_movie_companies",
                          "Startup Cost": 0.0,
                          "Total Cost": 2928.64,
                          "Plan Rows": 136561,
                          "Plan Width": 0,
                          "Actual Startup Time": 5.45,
                          "Actual Total Time": 5.451,
                          "Actual Rows": 134807,
                          "Actual Loops": 1,
                          "Index Cond": "(company_id < 27)"
                        }
                      ]
                    },
                    {
                      "Node Type": "Hash",
                      "Parent Relationship": "Inner",
                      "Parallel Aware": true,
                      "Startup Cost": 43899.32,
                      "Total Cost": 43899.32,
                      "Plan Rows": 546059,
                      "Plan Width": 4,
                      "Actual Startup Time": 320.954,
                      "Actual Total Time": 320.955,
                      "Actual Rows": 542791,
                      "Actual Loops": 4,
                      "Hash Buckets": 4194304,
                      "Original Hash Buckets": 4194304,
                      "Hash Batches": 1,
                      "Original Hash Batches": 1,
                      "Peak Memory Usage": 117760,
                      "Plans": [
                        {
                          "Node Type": "Seq Scan",
                          "Parent Relationship": "Outer",
                          "Parallel Aware": true,
                          "Relation Name": "title",
                          "Alias": "t",
                          "Startup Cost": 0.0,
                          "Total Cost": 43899.32,
                          "Plan Rows": 546059,
                          "Plan Width": 4,
                          "Actual Startup Time": 0.029,
                          "Actual Total Time": 112.493,
                          "Actual Rows": 542791,
                          "Actual Loops": 4,
                          "Filter": "(production_year > 1963)",
                          "Rows Removed by Filter": 89287
                        }
                      ]
                    }
                  ]
                }
              ]
            }
          ]
        }
      ]
    },
    "Planning Time": 0.326,
    "Triggers": [],
    "Execution Time": 408.061
  }
]