[
  {
    "Plan": {
      "Node Type": "Aggregate",
      "Strategy": "Plain",
      "Partial Mode": "Finalize",
      "Parallel Aware": false,
      "Startup Cost": 138320.68,
      "Total Cost": 138320.69,
      "Plan Rows": 1,
      "Plan Width": 8,
      "Actual Startup Time": 1067.949,
      "Actual Total Time": 1097.512,
      "Actual Rows": 1,
      "Actual Loops": 1,
      "Plans": [
        {
          "Node Type": "Gather",
          "Parent Relationship": "Outer",
          "Parallel Aware": false,
          "Startup Cost": 138320.36,
          "Total Cost": 138320.67,
          "Plan Rows": 3,
          "Plan Width": 8,
          "Actual Startup Time": 1041.923,
          "Actual Total Time": 1097.501,
          "Actual Rows": 4,
          "Actual Loops": 1,
          "Workers Planned": 3,
          "Workers Launched": 3,
          "Single Copy": false,
          "Plans": [
            {
              "Node Type": "Aggregate",
              "Strategy": "Plain",
              "Partial Mode": "Partial",
              "Parent Relationship": "Outer",
              "Parallel Aware": false,
              "Startup Cost": 137320.36,
              "Total Cost": 137320.37,
              "Plan Rows": 1,
              "Plan Width": 8,
              "Actual Startup Time": 1033.451,
              "Actual Total Time": 1034.054,
              "Actual Rows": 1,
              "Actual Loops": 4,
              "Plans": [
                {
                  "Node Type": "Hash Join",
                  "Parent Relationship": "Outer",
                  "Parallel Aware": true,
                  "Join Type": "Inner",
                  "Startup Cost": 86990.99,
                  "Total Cost": 135991.68,
                  "Plan Rows": 531471,
                  "Plan Width": 0,
                  "Actual Startup Time": 658.51,
                  "Actual Total Time": 967.842,
                  "Actual Rows": 1674607,
                  "Actual Loops": 4,
                  "Inner Unique": false,
                  "Hash Cond": "(mk.movie_id = t.id)",
                  "Plans": [
                    {
                      "Node Type": "Seq Scan",
                      "Parent Relationship": "Outer",
                      "Parallel Aware": true,
                      "Relation Name": "movie_keyword",
                      "Alias": "mk",
                      "Startup Cost": 0.0,
                      "Total Cost": 42695.65,
                      "Plan Rows": 1224164,
                      "Plan Width": 4,
                      "Actual Startup Time": 0.035,
                      "Actual Total Time": 108.56,
                      "Actual Rows": 950288,
                      "Actual Loops": 4,
                      "Filter": "(keyword_id < 25936)",
                      "Rows Removed by Filter": 180695
                    },
                    {
                      "Node Type": "Hash",
                      "Parent Relationship": "Inner",
                      "Parallel Aware": true,
                      "Startup Cost": 82564.72,
                      "Total Cost": 82564.72,
                      "Plan Rows": 354102,
                      "Plan Width": 8,
                      "Actual Startup Time": 653.105,
                      "Actual Total Time": 653.706,
                      "Actual Rows": 305922,
                      "Actual Loops": 4,
                      "Hash Buckets": 2097152,
                      "Original Hash Buckets": 2097152,
                      "Hash Batches": 1,
                      "Original Hash Batches": 1,
                      "Peak Memory Usage": 64352,
                      "Plans": [
                        {
                          "Node Type": "Hash Join",
                          "Parent Relationship": "Outer",
                          "Parallel Aware": true,
                          "Join Type": "Inner",
                          "Startup Cost": 50220.38,
                          "Total Cost": 82564.72,
                          "Plan Rows": 354102,
                          "Plan Width": 8,
                          "Actual Startup Time": 387.559,
                          "Actual Total Time": 547.89,
                          "Actual Rows": 305922,
                          "Actual Loops": 4,
                          "Inner Unique": true,
                          "Hash Cond": "(mc.movie_id = t.id)",
                          "Plans": [
                            {
                              "Node Type": "Seq Scan",
                              "Parent Relationship": "Outer",
                              "Parallel Aware": true,
                              "Relation Name": "movie_companies",
                              "Alias": "mc",
                              "Startup Cost": 0.0,
                              "Total Cost": 31414.82,
                              "Plan Rows": 354102,
                              "Plan Width": 4,
                              "Actual Startup Time": 31.858,
                              "Actual Total Time": 73.29,
                              "Actual Rows": 305922,
                              "Actual Loops": 4,
                              "Filter": "((company_id > 376) AND (company_type_id = 2))",
                              "Rows Removed by Filter": 346360
                            },
                            {
                              "Node Type": "Hash",
                              "Parent Relationship": "Inner",
                              "Parallel Aware": true,
                              "Startup Cost": 42319.06,
                              "Total Cost": 42319.06,
                              "Plan Rows": 632106,
                              "Plan Width": 4,
                              "Actual Startup Time": 348.786,
                              "Actual Total Time": 348.787,
                              "Actual Rows": 632078,
                              "Actual Loops": 4,
                              "Hash Buckets": 4194304,
                              "Original Hash Buckets": 4194304,
                              "Hash Batches": 1,
                              "Original Hash Batches": 1,
                              "Peak Memory Usage": 131744,
                              "Plans": [
                                {
                                  "Node Type": "Seq Scan",
                                  "Parent Relationship": "Outer",
                                  "Parallel Aware": true,
                                  "Relation Name": "title",
                                  "Alias": "t",
                                  "Startup Cost": 0.0,
                                  "Total Cost": 42319.06,
                                  "Plan Rows": 632106,
                                  "Plan Width": 4,
                                  "Actual Startup Time": 0.052,
                                  "Actual Total Time": 99.897,
                                  "Actual Rows": 632078,
                                  "Actual Loops": 4
                                }
                              ]
                            }
                          ]
                        }
                      ]
                    }
                  ]
                }
              ]
            }
          ]
        }
      ]
    },
    "Planning Time": 0.527,
    "Triggers": [],
    "Execution Time": 1097.556
  }
]