[
  {
    "Plan": {
      "Node Type": "Aggregate",
      "Strategy": "Plain",
      "Partial Mode": "Finalize",
      "Parallel Aware": false,
      "Startup Cost": 81554.36,
      "Total Cost": 81554.37,
      "Plan Rows": 1,
      "Plan Width": 8,
      "Actual Startup Time": 319.603,
      "Actual Total Time": 335.331,
      "Actual Rows": 1,
      "Actual Loops": 1,
      "Plans": [
        {
          "Node Type": "Gather",
          "Parent Relationship": "Outer",
          "Parallel Aware": false,
          "Startup Cost": 81554.04,
          "Total Cost": 81554.35,
          "Plan Rows": 3,
          "Plan Width": 8,
          "Actual Startup Time": 316.158,
          "Actual Total Time": 335.321,
          "Actual Rows": 4,
          "Actual Loops": 1,
          "Workers Planned": 3,
          "Workers Launched": 3,
          "Single Copy": false,
          "Plans": [
            {
              "Node Type": "Aggregate",
              "Strategy": "Plain",
              "Partial Mode": "Partial",
              "Parent Relationship": "Outer",
              "Parallel Aware": false,
              "Startup Cost": 80554.04,
              "Total Cost": 80554.05,
              "Plan Rows": 1,
              "Plan Width": 8,
              "Actual Startup Time": 308.453,
              "Actual Total Time": 308.456,
              "Actual Rows": 1,
              "Actual Loops": 4,
              "Plans": [
                {
                  "Node Type": "Hash Join",
                  "Parent Relationship": "Outer",
                  "Parallel Aware": true,
                  "Join Type": "Inner",
                  "Startup Cost": 48436.19,
                  "Total Cost": 80369.32,
                  "Plan Rows": 73886,
                  "Plan Width": 0,
                  "Actual Startup Time": 217.209,
                  "Actual Total Time": 307.168,
                  "Actual Rows": 30985,
                  "Actual Loops": 4,
                  "Inner Unique": true,
                  "Hash Cond": "(mc.movie_id = t.id)",
                  "Plans": [
                    {
                      "Node Type": "Seq Scan",
                      "Parent Relationship": "Outer",
                      "Parallel Aware": true,
                      "Relation Name": "movie_companies",
                      "Alias": "mc",
                      "Startup Cost": 0.0,
                      "Total Cost": 31414.82,
                      "Plan Rows": 197455,
                      "Plan Width": 4,
                      "Actual Startup Time": 30.678,
                      "Actual Total Time": 65.246,
                      "Actual Rows": 219860,
                      "Actual Loops": 4,
                      "Filter": "((company_id > 12505) AND (company_type_id = 2))",
                      "Rows Removed by Filter": 432422
                    },
                    {
                      "Node Type": "Hash",
                      "Parent Relationship": "Inner",
                      "Parallel Aware": true,
                      "Startup Cost": 45479.59,
                      "Total Cost": 45479.59,
                      "Plan Rows": 236528,
                      "Plan Width": 4,
                      "Actual Startup Time": 181.504,
                      "Actual Total Time": 181.505,
                      "Actual Rows": 219009,
                      "Actual Loops": 4,
                      "Hash Buckets": 1048576,
                      "Original Hash Buckets": 1048576,
                      "Hash Batches": 1,
                      "Original Hash Batches": 1,
                      "Peak Memory Usage": 42528,
                      "Plans": [
                        {
                          "Node Type": "Seq Scan",
                          "Parent Relationship": "Outer",
                          "Parallel Aware": true,
                          "Relation Name": "title",
                          "Alias": "t",
                          "Startup Cost": 0.0,
                          "Total Cost": 45479.59,
                          "Plan Rows": 236528,
                          "Plan Width": 4,
                          "Actual Startup Time": 0.031,
                          "Actual Total Time": 104.293,
                          "Actual Rows": 219009,
                          "Actual Loops": 4,
                          "Filter": "((production_year < 2007) AND (kind_id = 7))",
                          "Rows Removed by Filter": 413069
                        }
                      ]
                    }
                  ]
                }
              ]
            }
          ]
        }
      ]
    },
    "Planning Time": 0.987,
    "Triggers": [],
    "Execution Time": 335.405
  }
]