[
  {
    "Plan": {
      "Node Type": "Aggregate",
      "Strategy": "Plain",
      "Partial Mode": "Finalize",
      "Parallel Aware": false,
      "Startup Cost": 159681.81,
      "Total Cost": 159681.82,
      "Plan Rows": 1,
      "Plan Width": 8,
      "Actual Startup Time": 151.474,
      "Actual Total Time": 178.226,
      "Actual Rows": 1,
      "Actual Loops": 1,
      "Plans": [
        {
          "Node Type": "Gather",
          "Parent Relationship": "Outer",
          "Parallel Aware": false,
          "Startup Cost": 159681.39,
          "Total Cost": 159681.8,
          "Plan Rows": 4,
          "Plan Width": 8,
          "Actual Startup Time": 150.994,
          "Actual Total Time": 178.216,
          "Actual Rows": 5,
          "Actual Loops": 1,
          "Workers Planned": 4,
          "Workers Launched": 4,
          "Single Copy": false,
          "Plans": [
            {
              "Node Type": "Aggregate",
              "Strategy": "Plain",
              "Partial Mode": "Partial",
              "Parent Relationship": "Outer",
              "Parallel Aware": false,
              "Startup Cost": 158681.39,
              "Total Cost": 158681.4,
              "Plan Rows": 1,
              "Plan Width": 8,
              "Actual Startup Time": 144.461,
              "Actual Total Time": 144.463,
              "Actual Rows": 1,
              "Actual Loops": 5,
              "Plans": [
                {
                  "Node Type": "Nested Loop",
                  "Parent Relationship": "Outer",
                  "Parallel Aware": false,
                  "Join Type": "Inner",
                  "Startup Cost": 0.56,
                  "Total Cost": 158646.29,
                  "Plan Rows": 14040,
                  "Plan Width": 0,
                  "Actual Startup Time": 49.572,
                  "Actual Total Time": 142.932,
                  "Actual Rows": 15893,
                  "Actual Loops": 5,
                  "Inner Unique": false,
                  "Plans": [
                    {
                      "Node Type": "Seq Scan",
                      "Parent Relationship": "Outer",
                      "Parallel Aware": true,
                      "Relation Name": "title",
                      "Alias": "t",
                      "Startup Cost": 0.0,
                      "Total Cost": 45479.59,
                      "Plan Rows": 979,
                      "Plan Width": 4,
                      "Actual Startup Time": 49.425,
                      "Actual Total Time": 72.514,
                      "Actual Rows": 891,
                      "Actual Loops": 5,
                      "Filter": "((kind_id = 1) AND (production_year = 1983))",
                      "Rows Removed by Filter": 504771
                    },
                    {
                      "Node Type": "Index Only Scan",
                      "Parent Relationship": "Inner",
                      "Parallel Aware": false,
                      "Scan Direction": "Forward",
                      "Index Name": "movie_id_cast_info",
                      "Relation Name": "cast_info",
                      "Alias": "ci",
                      "Startup Cost": 0.56,
                      "Total Cost": 115.24,
                      "Plan Rows": 35,
                      "Plan Width": 4,
                      "Actual Startup Time": 0.015,
                      "Actual Total Time": 0.077,
                      "Actual Rows": 18,
                      "Actual Loops": 4455,
                      "Index Cond": "(movie_id = t.id)",
                      "Rows Removed by Index Recheck": 0,
                      "Heap Fetches": 79464
                    }
                  ]
                }
              ]
            }
          ]
        }
      ]
    },
    "Planning Time": 0.269,
    "Triggers": [],
    "Execution Time": 178.264
  }
]