[
  {
    "Plan": {
      "Node Type": "Aggregate",
      "Strategy": "Plain",
      "Partial Mode": "Finalize",
      "Parallel Aware": false,
      "Startup Cost": 46342.9,
      "Total Cost": 46342.91,
      "Plan Rows": 1,
      "Plan Width": 8,
      "Actual Startup Time": 127.564,
      "Actual Total Time": 139.022,
      "Actual Rows": 1,
      "Actual Loops": 1,
      "Plans": [
        {
          "Node Type": "Gather",
          "Parent Relationship": "Outer",
          "Parallel Aware": false,
          "Startup Cost": 46342.48,
          "Total Cost": 46342.89,
          "Plan Rows": 4,
          "Plan Width": 8,
          "Actual Startup Time": 127.286,
          "Actual Total Time": 139.008,
          "Actual Rows": 5,
          "Actual Loops": 1,
          "Workers Planned": 4,
          "Workers Launched": 4,
          "Single Copy": false,
          "Plans": [
            {
              "Node Type": "Aggregate",
              "Strategy": "Plain",
              "Partial Mode": "Partial",
              "Parent Relationship": "Outer",
              "Parallel Aware": false,
              "Startup Cost": 45342.48,
              "Total Cost": 45342.49,
              "Plan Rows": 1,
              "Plan Width": 8,
              "Actual Startup Time": 119.522,
              "Actual Total Time": 119.525,
              "Actual Rows": 1,
              "Actual Loops": 5,
              "Plans": [
                {
                  "Node Type": "Seq Scan",
                  "Parent Relationship": "Outer",
                  "Parallel Aware": true,
                  "Relation Name": "title",
                  "Alias": "t",
                  "Startup Cost": 0.0,
                  "Total Cost": 43898.92,
                  "Plan Rows": 577427,
                  "Plan Width": 0,
                  "Actual Startup Time": 0.035,
                  "Actual Total Time": 96.275,
                  "Actual Rows": 461308,
                  "Actual Loops": 5,
                  "Filter": "(production_year > 1943)",
                  "Rows Removed by Filter": 44355
                }
              ]
            }
          ]
        }
      ]
    },
    "Planning Time": 0.131,
    "Triggers": [],
    "Execution Time": 139.074
  }
]