[
    {
        "Bao": {
            "Bao prediction": "NaN",
            "Bao recommended hint": "(no hint)"
        }
    },
    {
        "Plan": {
            "Node Type": "Aggregate",
            "Strategy": "Plain",
            "Partial Mode": "Finalize",
            "Parallel Aware": false,
            "Startup Cost": 342233.71,
            "Total Cost": 342233.72,
            "Plan Rows": 1,
            "Plan Width": 8,
            "Actual Startup Time": 903.984,
            "Actual Total Time": 936.224,
            "Actual Rows": 1,
            "Actual Loops": 1,
            "Output": [
                "count(*)"
            ],
            "Plans": [
                {
                    "Node Type": "Gather",
                    "Parent Relationship": "Outer",
                    "Parallel Aware": false,
                    "Startup Cost": 342233.08,
                    "Total Cost": 342233.69,
                    "Plan Rows": 6,
                    "Plan Width": 8,
                    "Actual Startup Time": 903.869,
                    "Actual Total Time": 936.213,
                    "Actual Rows": 7,
                    "Actual Loops": 1,
                    "Output": [
                        "(PARTIAL count(*))"
                    ],
                    "Workers Planned": 6,
                    "Workers Launched": 6,
                    "Single Copy": false,
                    "Plans": [
                        {
                            "Node Type": "Aggregate",
                            "Strategy": "Plain",
                            "Partial Mode": "Partial",
                            "Parent Relationship": "Outer",
                            "Parallel Aware": false,
                            "Startup Cost": 341233.08,
                            "Total Cost": 341233.09,
                            "Plan Rows": 1,
                            "Plan Width": 8,
                            "Actual Startup Time": 894.039,
                            "Actual Total Time": 894.04,
                            "Actual Rows": 1,
                            "Actual Loops": 7,
                            "Output": [
                                "PARTIAL count(*)"
                            ],
                            "Workers": [
                                {
                                    "Worker Number": 0,
                                    "Actual Startup Time": 891.743,
                                    "Actual Total Time": 891.744,
                                    "Actual Rows": 1,
                                    "Actual Loops": 1
                                },
                                {
                                    "Worker Number": 1,
                                    "Actual Startup Time": 891.719,
                                    "Actual Total Time": 891.72,
                                    "Actual Rows": 1,
                                    "Actual Loops": 1
                                },
                                {
                                    "Worker Number": 2,
                                    "Actual Startup Time": 892.557,
                                    "Actual Total Time": 892.558,
                                    "Actual Rows": 1,
                                    "Actual Loops": 1
                                },
                                {
                                    "Worker Number": 3,
                                    "Actual Startup Time": 892.617,
                                    "Actual Total Time": 892.617,
                                    "Actual Rows": 1,
                                    "Actual Loops": 1
                                },
                                {
                                    "Worker Number": 4,
                                    "Actual Startup Time": 893.09,
                                    "Actual Total Time": 893.091,
                                    "Actual Rows": 1,
                                    "Actual Loops": 1
                                },
                                {
                                    "Worker Number": 5,
                                    "Actual Startup Time": 893.069,
                                    "Actual Total Time": 893.071,
                                    "Actual Rows": 1,
                                    "Actual Loops": 1
                                }
                            ],
                            "Plans": [
                                {
                                    "Node Type": "Seq Scan",
                                    "Parent Relationship": "Outer",
                                    "Parallel Aware": true,
                                    "Relation Name": "cast_info",
                                    "Schema": "public",
                                    "Alias": "ci",
                                    "Startup Cost": 0.0,
                                    "Total Cost": 328213.62,
                                    "Plan Rows": 5207786,
                                    "Plan Width": 0,
                                    "Actual Startup Time": 65.259,
                                    "Actual Total Time": 666.49,
                                    "Actual Rows": 4448110,
                                    "Actual Loops": 7,
                                    "Output": [
                                        "id",
                                        "person_id",
                                        "movie_id",
                                        "person_role_id",
                                        "note",
                                        "nr_order",
                                        "role_id"
                                    ],
                                    "Filter": "(ci.person_id > 494009)",
                                    "Rows Removed by Filter": 729653,
                                    "Workers": [
                                        {
                                            "Worker Number": 0,
                                            "Actual Startup Time": 62.962,
                                            "Actual Total Time": 667.036,
                                            "Actual Rows": 3406242,
                                            "Actual Loops": 1
                                        },
                                        {
                                            "Worker Number": 1,
                                            "Actual Startup Time": 62.97,
                                            "Actual Total Time": 667.037,
                                            "Actual Rows": 3400804,
                                            "Actual Loops": 1
                                        },
                                        {
                                            "Worker Number": 2,
                                            "Actual Startup Time": 63.763,
                                            "Actual Total Time": 667.684,
                                            "Actual Rows": 3400997,
                                            "Actual Loops": 1
                                        },
                                        {
                                            "Worker Number": 3,
                                            "Actual Startup Time": 63.82,
                                            "Actual Total Time": 670.21,
                                            "Actual Rows": 5326168,
                                            "Actual Loops": 1
                                        },
                                        {
                                            "Worker Number": 4,
                                            "Actual Startup Time": 64.285,
                                            "Actual Total Time": 670.245,
                                            "Actual Rows": 5513609,
                                            "Actual Loops": 1
                                        },
                                        {
                                            "Worker Number": 5,
                                            "Actual Startup Time": 64.318,
                                            "Actual Total Time": 668.813,
                                            "Actual Rows": 3397301,
                                            "Actual Loops": 1
                                        }
                                    ]
                                }
                            ]
                        }
                    ]
                }
            ]
        },
        "Planning Time": 180.76,
        "Triggers": [],
        "Execution Time": 936.282
    }
]