[
  {
    "Plan": {
      "Node Type": "Aggregate",
      "Strategy": "Plain",
      "Partial Mode": "Finalize",
      "Parallel Aware": false,
      "Startup Cost": 45212.23,
      "Total Cost": 45212.24,
      "Plan Rows": 1,
      "Plan Width": 8,
      "Actual Startup Time": 143.929,
      "Actual Total Time": 151.329,
      "Actual Rows": 1,
      "Actual Loops": 1,
      "Plans": [
        {
          "Node Type": "Gather",
          "Parent Relationship": "Outer",
          "Parallel Aware": false,
          "Startup Cost": 45211.92,
          "Total Cost": 45212.23,
          "Plan Rows": 3,
          "Plan Width": 8,
          "Actual Startup Time": 143.797,
          "Actual Total Time": 151.32,
          "Actual Rows": 4,
          "Actual Loops": 1,
          "Workers Planned": 3,
          "Workers Launched": 3,
          "Single Copy": false,
          "Plans": [
            {
              "Node Type": "Aggregate",
              "Strategy": "Plain",
              "Partial Mode": "Partial",
              "Parent Relationship": "Outer",
              "Parallel Aware": false,
              "Startup Cost": 44211.92,
              "Total Cost": 44211.93,
              "Plan Rows": 1,
              "Plan Width": 8,
              "Actual Startup Time": 135.497,
              "Actual Total Time": 135.498,
              "Actual Rows": 1,
              "Actual Loops": 4,
              "Plans": [
                {
                  "Node Type": "Seq Scan",
                  "Parent Relationship": "Outer",
                  "Parallel Aware": true,
                  "Relation Name": "movie_keyword",
                  "Alias": "mk",
                  "Startup Cost": 0.0,
                  "Total Cost": 42695.65,
                  "Plan Rows": 606505,
                  "Plan Width": 0,
                  "Actual Startup Time": 1.112,
                  "Actual Total Time": 112.609,
                  "Actual Rows": 471525,
                  "Actual Loops": 4,
                  "Filter": "(keyword_id > 7268)",
                  "Rows Removed by Filter": 659458
                }
              ]
            }
          ]
        }
      ]
    },
    "Planning Time": 0.19,
    "Triggers": [],
    "Execution Time": 151.386
  }
]