{
  "Plan": {
    "Node Type": "Aggregate",
    "Strategy": "Plain",
    "Partial Mode": "Finalize",
    "Parallel Aware": false,
    "Startup Cost": 722272.27,
    "Total Cost": 722272.28,
    "Plan Rows": 1,
    "Plan Width": 8,
    "Actual Startup Time": 3844.635,
    "Actual Total Time": 3918.193,
    "Actual Rows": 1,
    "Actual Loops": 1,
    "Plans": [
      {
        "Node Type": "Gather",
        "Parent Relationship": "Outer",
        "Parallel Aware": false,
        "Startup Cost": 722272.16,
        "Total Cost": 722272.27,
        "Plan Rows": 1,
        "Plan Width": 8,
        "Actual Startup Time": 3842.442,
        "Actual Total Time": 3918.185,
        "Actual Rows": 2,
        "Actual Loops": 1,
        "Workers Planned": 1,
        "Workers Launched": 1,
        "Single Copy": false,
        "Plans": [
          {
            "Node Type": "Aggregate",
            "Strategy": "Plain",
            "Partial Mode": "Partial",
            "Parent Relationship": "Outer",
            "Parallel Aware": false,
            "Startup Cost": 721272.16,
            "Total Cost": 721272.17,
            "Plan Rows": 1,
            "Plan Width": 8,
            "Actual Startup Time": 3836.262,
            "Actual Total Time": 3836.268,
            "Actual Rows": 1,
            "Actual Loops": 2,
            "Plans": [
              {
                "Node Type": "Hash Join",
                "Parent Relationship": "Outer",
                "Parallel Aware": true,
                "Join Type": "Inner",
                "Startup Cost": 126166.14,
                "Total Cost": 711504.68,
                "Plan Rows": 3906989,
                "Plan Width": 0,
                "Actual Startup Time": 737.797,
                "Actual Total Time": 3733.533,
                "Actual Rows": 2226364,
                "Actual Loops": 2,
                "Inner Unique": false,
                "Hash Cond": "(ci.movie_id = t.id)",
                "Plans": [
                  {
                    "Node Type": "Seq Scan",
                    "Parent Relationship": "Outer",
                    "Parallel Aware": true,
                    "Relation Name": "cast_info",
                    "Alias": "ci",
                    "Startup Cost": 0.0,
                    "Total Cost": 519069.44,
                    "Plan Rows": 11543146,
                    "Plan Width": 4,
                    "Actual Startup Time": 0.018,
                    "Actual Total Time": 1610.489,
                    "Actual Rows": 9845726,
                    "Actual Loops": 2,
                    "Filter": "(person_id < 1973549)",
                    "Rows Removed by Filter": 8276446
                  },
                  {
                    "Node Type": "Hash",
                    "Parent Relationship": "Inner",
                    "Parallel Aware": true,
                    "Startup Cost": 119873.87,
                    "Total Cost": 119873.87,
                    "Plan Rows": 503381,
                    "Plan Width": 8,
                    "Actual Startup Time": 728.371,
                    "Actual Total Time": 728.375,
                    "Actual Rows": 109378,
                    "Actual Loops": 2,
                    "Hash Buckets": 1048576,
                    "Original Hash Buckets": 1048576,
                    "Hash Batches": 1,
                    "Original Hash Batches": 1,
                    "Peak Memory Usage": 16768,
                    "Plans": [
                      {
                        "Node Type": "Hash Join",
                        "Parent Relationship": "Outer",
                        "Parallel Aware": true,
                        "Join Type": "Inner",
                        "Startup Cost": 61823.03,
                        "Total Cost": 119873.87,
                        "Plan Rows": 503381,
                        "Plan Width": 8,
                        "Actual Startup Time": 252.935,
                        "Actual Total Time": 700.562,
                        "Actual Rows": 109378,
                        "Actual Loops": 2,
                        "Inner Unique": true,
                        "Hash Cond": "(mk.movie_id = t.id)",
                        "Plans": [
                          {
                            "Node Type": "Seq Scan",
                            "Parent Relationship": "Outer",
                            "Parallel Aware": true,
                            "Relation Name": "movie_keyword",
                            "Alias": "mk",
                            "Startup Cost": 0.0,
                            "Total Cost": 51065.35,
                            "Plan Rows": 2661135,
                            "Plan Width": 4,
                            "Actual Startup Time": 0.021,
                            "Actual Total Time": 188.486,
                            "Actual Rows": 2261965,
                            "Actual Loops": 2
                          },
                          {
                            "Node Type": "Hash",
                            "Parent Relationship": "Inner",
                            "Parallel Aware": true,
                            "Startup Cost": 58306.47,
                            "Total Cost": 58306.47,
                            "Plan Rows": 281325,
                            "Plan Width": 4,
                            "Actual Startup Time": 249.754,
                            "Actual Total Time": 249.755,
                            "Actual Rows": 259164,
                            "Actual Loops": 2,
                            "Hash Buckets": 524288,
                            "Original Hash Buckets": 524288,
                            "Hash Batches": 1,
                            "Original Hash Batches": 1,
                            "Peak Memory Usage": 24416,
                            "Plans": [
                              {
                                "Node Type": "Seq Scan",
                                "Parent Relationship": "Outer",
                                "Parallel Aware": true,
                                "Relation Name": "title",
                                "Alias": "t",
                                "Startup Cost": 0.0,
                                "Total Cost": 58306.47,
                                "Plan Rows": 281325,
                                "Plan Width": 4,
                                "Actual Startup Time": 0.036,
                                "Actual Total Time": 178.501,
                                "Actual Rows": 259164,
                                "Actual Loops": 2,
                                "Filter": "((production_year > 2007) AND (kind_id = 7))",
                                "Rows Removed by Filter": 1004992
                              }
                            ]
                          }
                        ]
                      }
                    ]
                  }
                ]
              }
            ]
          }
        ]
      }
    ]
  },
  "Planning Time": 1.004,
  "Triggers": [],
  "Execution Time": 3918.296
}