[
  {
    "Plan": {
      "Node Type": "Aggregate",
      "Strategy": "Plain",
      "Partial Mode": "Finalize",
      "Parallel Aware": false,
      "Startup Cost": 44549.41,
      "Total Cost": 44549.42,
      "Plan Rows": 1,
      "Plan Width": 8,
      "Actual Startup Time": 126.815,
      "Actual Total Time": 136.579,
      "Actual Rows": 1,
      "Actual Loops": 1,
      "Plans": [
        {
          "Node Type": "Gather",
          "Parent Relationship": "Outer",
          "Parallel Aware": false,
          "Startup Cost": 44549.1,
          "Total Cost": 44549.41,
          "Plan Rows": 3,
          "Plan Width": 8,
          "Actual Startup Time": 126.723,
          "Actual Total Time": 136.57,
          "Actual Rows": 4,
          "Actual Loops": 1,
          "Workers Planned": 3,
          "Workers Launched": 3,
          "Single Copy": false,
          "Plans": [
            {
              "Node Type": "Aggregate",
              "Strategy": "Plain",
              "Partial Mode": "Partial",
              "Parent Relationship": "Outer",
              "Parallel Aware": false,
              "Startup Cost": 43549.1,
              "Total Cost": 43549.11,
              "Plan Rows": 1,
              "Plan Width": 8,
              "Actual Startup Time": 119.829,
              "Actual Total Time": 119.83,
              "Actual Rows": 1,
              "Actual Loops": 4,
              "Plans": [
                {
                  "Node Type": "Seq Scan",
                  "Parent Relationship": "Outer",
                  "Parallel Aware": true,
                  "Relation Name": "movie_keyword",
                  "Alias": "mk",
                  "Startup Cost": 0.0,
                  "Total Cost": 42695.65,
                  "Plan Rows": 341377,
                  "Plan Width": 0,
                  "Actual Startup Time": 3.203,
                  "Actual Total Time": 106.317,
                  "Actual Rows": 264523,
                  "Actual Loops": 4,
                  "Filter": "(keyword_id > 16680)",
                  "Rows Removed by Filter": 866459
                }
              ]
            }
          ]
        }
      ]
    },
    "Planning Time": 0.161,
    "Triggers": [],
    "Execution Time": 136.628
  }
]