[
  {
    "Plan": {
      "Node Type": "Aggregate",
      "Strategy": "Plain",
      "Partial Mode": "Finalize",
      "Parallel Aware": false,
      "Startup Cost": 31476.71,
      "Total Cost": 31476.72,
      "Plan Rows": 1,
      "Plan Width": 8,
      "Actual Startup Time": 103.807,
      "Actual Total Time": 109.002,
      "Actual Rows": 1,
      "Actual Loops": 1,
      "Plans": [
        {
          "Node Type": "Gather",
          "Parent Relationship": "Outer",
          "Parallel Aware": false,
          "Startup Cost": 31476.39,
          "Total Cost": 31476.7,
          "Plan Rows": 3,
          "Plan Width": 8,
          "Actual Startup Time": 103.748,
          "Actual Total Time": 108.996,
          "Actual Rows": 4,
          "Actual Loops": 1,
          "Workers Planned": 3,
          "Workers Launched": 3,
          "Single Copy": false,
          "Plans": [
            {
              "Node Type": "Aggregate",
              "Strategy": "Plain",
              "Partial Mode": "Partial",
              "Parent Relationship": "Outer",
              "Parallel Aware": false,
              "Startup Cost": 30476.39,
              "Total Cost": 30476.4,
              "Plan Rows": 1,
              "Plan Width": 8,
              "Actual Startup Time": 96.385,
              "Actual Total Time": 96.385,
              "Actual Rows": 1,
              "Actual Loops": 4,
              "Plans": [
                {
                  "Node Type": "Seq Scan",
                  "Parent Relationship": "Outer",
                  "Parallel Aware": true,
                  "Relation Name": "movie_companies",
                  "Alias": "mc",
                  "Startup Cost": 0.0,
                  "Total Cost": 29310.68,
                  "Plan Rows": 466284,
                  "Plan Width": 0,
                  "Actual Startup Time": 0.046,
                  "Actual Total Time": 75.647,
                  "Actual Rows": 359358,
                  "Actual Loops": 4,
                  "Filter": "(company_id < 12786)",
                  "Rows Removed by Filter": 292925
                }
              ]
            }
          ]
        }
      ]
    },
    "Planning Time": 0.175,
    "Triggers": [],
    "Execution Time": 109.051
  }
]