[
  {
    "Plan": {
      "Node Type": "Aggregate",
      "Strategy": "Plain",
      "Partial Mode": "Finalize",
      "Parallel Aware": false,
      "Startup Cost": 31472.39,
      "Total Cost": 31472.4,
      "Plan Rows": 1,
      "Plan Width": 8,
      "Actual Startup Time": 91.356,
      "Actual Total Time": 99.618,
      "Actual Rows": 1,
      "Actual Loops": 1,
      "Plans": [
        {
          "Node Type": "Gather",
          "Parent Relationship": "Outer",
          "Parallel Aware": false,
          "Startup Cost": 31472.08,
          "Total Cost": 31472.39,
          "Plan Rows": 3,
          "Plan Width": 8,
          "Actual Startup Time": 91.243,
          "Actual Total Time": 99.611,
          "Actual Rows": 4,
          "Actual Loops": 1,
          "Workers Planned": 3,
          "Workers Launched": 3,
          "Single Copy": false,
          "Plans": [
            {
              "Node Type": "Aggregate",
              "Strategy": "Plain",
              "Partial Mode": "Partial",
              "Parent Relationship": "Outer",
              "Parallel Aware": false,
              "Startup Cost": 30472.08,
              "Total Cost": 30472.09,
              "Plan Rows": 1,
              "Plan Width": 8,
              "Actual Startup Time": 87.506,
              "Actual Total Time": 87.507,
              "Actual Rows": 1,
              "Actual Loops": 4,
              "Plans": [
                {
                  "Node Type": "Seq Scan",
                  "Parent Relationship": "Outer",
                  "Parallel Aware": true,
                  "Relation Name": "movie_companies",
                  "Alias": "mc",
                  "Startup Cost": 0.0,
                  "Total Cost": 29310.68,
                  "Plan Rows": 464558,
                  "Plan Width": 0,
                  "Actual Startup Time": 0.021,
                  "Actual Total Time": 70.981,
                  "Actual Rows": 359358,
                  "Actual Loops": 4,
                  "Filter": "(company_id < 12786)",
                  "Rows Removed by Filter": 292925
                }
              ]
            }
          ]
        }
      ]
    },
    "Planning Time": 0.096,
    "Triggers": [],
    "Execution Time": 99.649
  }
]