[
  {
    "Plan": {
      "Node Type": "Aggregate",
      "Strategy": "Plain",
      "Partial Mode": "Simple",
      "Parallel Aware": false,
      "Startup Cost": 12917.46,
      "Total Cost": 12917.47,
      "Plan Rows": 1,
      "Plan Width": 192,
      "Actual Startup Time": 34.789,
      "Actual Total Time": 34.797,
      "Actual Rows": 1,
      "Actual Loops": 1,
      "Plans": [
        {
          "Node Type": "Nested Loop",
          "Parent Relationship": "Outer",
          "Parallel Aware": false,
          "Join Type": "Inner",
          "Startup Cost": 41.03,
          "Total Cost": 12917.44,
          "Plan Rows": 1,
          "Plan Width": 84,
          "Actual Startup Time": 34.783,
          "Actual Total Time": 34.79,
          "Actual Rows": 0,
          "Actual Loops": 1,
          "Inner Unique": true,
          "Plans": [
            {
              "Node Type": "Nested Loop",
              "Parent Relationship": "Outer",
              "Parallel Aware": false,
              "Join Type": "Inner",
              "Startup Cost": 40.61,
              "Total Cost": 12917.0,
              "Plan Rows": 1,
              "Plan Width": 69,
              "Actual Startup Time": 34.782,
              "Actual Total Time": 34.789,
              "Actual Rows": 0,
              "Actual Loops": 1,
              "Inner Unique": false,
              "Plans": [
                {
                  "Node Type": "Nested Loop",
                  "Parent Relationship": "Outer",
                  "Parallel Aware": false,
                  "Join Type": "Inner",
                  "Startup Cost": 40.18,
                  "Total Cost": 12916.36,
                  "Plan Rows": 1,
                  "Plan Width": 77,
                  "Actual Startup Time": 34.782,
                  "Actual Total Time": 34.788,
                  "Actual Rows": 0,
                  "Actual Loops": 1,
                  "Inner Unique": true,
                  "Plans": [
                    {
                      "Node Type": "Nested Loop",
                      "Parent Relationship": "Outer",
                      "Parallel Aware": false,
                      "Join Type": "Inner",
                      "Startup Cost": 39.76,
                      "Total Cost": 12915.92,
                      "Plan Rows": 1,
                      "Plan Width": 62,
                      "Actual Startup Time": 0.945,
                      "Actual Total Time": 33.342,
                      "Actual Rows": 60,
                      "Actual Loops": 1,
                      "Inner Unique": false,
                      "Plans": [
                        {
                          "Node Type": "Nested Loop",
                          "Parent Relationship": "Outer",
                          "Parallel Aware": false,
                          "Join Type": "Inner",
                          "Startup Cost": 39.33,
                          "Total Cost": 12915.3,
                          "Plan Rows": 1,
                          "Plan Width": 70,
                          "Actual Startup Time": 0.848,
                          "Actual Total Time": 32.38,
                          "Actual Rows": 20,
                          "Actual Loops": 1,
                          "Inner Unique": true,
                          "Plans": [
                            {
                              "Node Type": "Nested Loop",
                              "Parent Relationship": "Outer",
                              "Parallel Aware": false,
                              "Join Type": "Inner",
                              "Startup Cost": 39.2,
                              "Total Cost": 12915.13,
                              "Plan Rows": 1,
                              "Plan Width": 74,
                              "Actual Startup Time": 0.819,
                              "Actual Total Time": 32.185,
                              "Actual Rows": 49,
                              "Actual Loops": 1,
                              "Inner Unique": true,
                              "Join Filter": "(ml.movie_id = t1.id)",
                              "Rows Removed by Join Filter": 0,
                              "Plans": [
                                {
                                  "Node Type": "Nested Loop",
                                  "Parent Relationship": "Outer",
                                  "Parallel Aware": false,
                                  "Join Type": "Inner",
                                  "Startup Cost": 38.77,
                                  "Total Cost": 12914.54,
                                  "Plan Rows": 1,
                                  "Plan Width": 49,
                                  "Actual Startup Time": 0.776,
                                  "Actual Total Time": 30.813,
                                  "Actual Rows": 49,
                                  "Actual Loops": 1,
                                  "Inner Unique": false,
                                  "Join Filter": "(mi_idx1.info_type_id = it1.id)",
                                  "Rows Removed by Join Filter": 98,
                                  "Plans": [
                                    {
                                      "Node Type": "Seq Scan",
                                      "Parent Relationship": "Outer",
                                      "Parallel Aware": false,
                                      "Relation Name": "info_type",
                                      "Alias": "it1",
                                      "Startup Cost": 0.0,
                                      "Total Cost": 2.41,
                                      "Plan Rows": 1,
                                      "Plan Width": 4,
                                      "Actual Startup Time": 0.06,
                                      "Actual Total Time": 0.062,
                                      "Actual Rows": 1,
                                      "Actual Loops": 1,
                                      "Filter": "((info)::text = 'rating'::text COLLATE \"C\")",
                                      "Rows Removed by Filter": 112
                                    },
                                    {
                                      "Node Type": "Nested Loop",
                                      "Parent Relationship": "Inner",
                                      "Parallel Aware": false,
                                      "Join Type": "Inner",
                                      "Startup Cost": 38.77,
                                      "Total Cost": 12911.74,
                                      "Plan Rows": 31,
                                      "Plan Width": 53,
                                      "Actual Startup Time": 0.713,
                                      "Actual Total Time": 30.72,
                                      "Actual Rows": 147,
                                      "Actual Loops": 1,
                                      "Inner Unique": false,
                                      "Plans": [
                                        {
                                          "Node Type": "Nested Loop",
                                          "Parent Relationship": "Outer",
                                          "Parallel Aware": false,
                                          "Join Type": "Inner",
                                          "Startup Cost": 38.34,
                                          "Total Cost": 12887.74,
                                          "Plan Rows": 10,
                                          "Plan Width": 39,
                                          "Actual Startup Time": 0.698,
                                          "Actual Total Time": 29.903,
                                          "Actual Rows": 56,
                                          "Actual Loops": 1,
                                          "Inner Unique": false,
                                          "Join Filter": "(t2.kind_id = kt2.id)",
                                          "Rows Removed by Join Filter": 31,
                                          "Plans": [
                                            {
                                              "Node Type": "Seq Scan",
                                              "Parent Relationship": "Outer",
                                              "Parallel Aware": false,
                                              "Relation Name": "kind_type",
                                              "Alias": "kt2",
                                              "Startup Cost": 0.0,
                                              "Total Cost": 1.09,
                                              "Plan Rows": 1,
                                              "Plan Width": 4,
                                              "Actual Startup Time": 0.034,
                                              "Actual Total Time": 0.035,
                                              "Actual Rows": 1,
                                              "Actual Loops": 1,
                                              "Filter": "((kind)::text = 'tv series'::text COLLATE \"C\")",
                                              "Rows Removed by Filter": 6
                                            },
                                            {
                                              "Node Type": "Nested Loop",
                                              "Parent Relationship": "Inner",
                                              "Parallel Aware": false,
                                              "Join Type": "Inner",
                                              "Startup Cost": 38.34,
                                              "Total Cost": 12885.75,
                                              "Plan Rows": 72,
                                              "Plan Width": 43,
                                              "Actual Startup Time": 0.662,
                                              "Actual Total Time": 29.842,
                                              "Actual Rows": 87,
                                              "Actual Loops": 1,
                                              "Inner Unique": true,
                                              "Join Filter": "(ml.linked_movie_id = t2.id)",
                                              "Rows Removed by Join Filter": 0,
                                              "Plans": [
                                                {
                                                  "Node Type": "Nested Loop",
                                                  "Parent Relationship": "Outer",
                                                  "Parallel Aware": false,
                                                  "Join Type": "Inner",
                                                  "Startup Cost": 37.91,
                                                  "Total Cost": 12815.25,
                                                  "Plan Rows": 114,
                                                  "Plan Width": 18,
                                                  "Actual Startup Time": 0.287,
                                                  "Actual Total Time": 20.957,
                                                  "Actual Rows": 252,
                                                  "Actual Loops": 1,
                                                  "Inner Unique": false,
                                                  "Join Filter": "(mi_idx2.info_type_id = it2.id)",
                                                  "Rows Removed by Join Filter": 1531,
                                                  "Plans": [
                                                    {
                                                      "Node Type": "Seq Scan",
                                                      "Parent Relationship": "Outer",
                                                      "Parallel Aware": false,
                                                      "Relation Name": "info_type",
                                                      "Alias": "it2",
                                                      "Startup Cost": 0.0,
                                                      "Total Cost": 2.41,
                                                      "Plan Rows": 1,
                                                      "Plan Width": 4,
                                                      "Actual Startup Time": 0.012,
                                                      "Actual Total Time": 0.015,
                                                      "Actual Rows": 1,
                                                      "Actual Loops": 1,
                                                      "Filter": "((info)::text = 'rating'::text COLLATE \"C\")",
                                                      "Rows Removed by Filter": 112
                                                    },
                                                    {
                                                      "Node Type": "Nested Loop",
                                                      "Parent Relationship": "Inner",
                                                      "Parallel Aware": false,
                                                      "Join Type": "Inner",
                                                      "Startup Cost": 37.91,
                                                      "Total Cost": 12651.18,
                                                      "Plan Rows": 12933,
                                                      "Plan Width": 22,
                                                      "Actual Startup Time": 0.272,
                                                      "Actual Total Time": 20.712,
                                                      "Actual Rows": 1783,
                                                      "Actual Loops": 1,
                                                      "Inner Unique": false,
                                                      "Plans": [
                                                        {
                                                          "Node Type": "Nested Loop",
                                                          "Parent Relationship": "Outer",
                                                          "Parallel Aware": false,
                                                          "Join Type": "Inner",
                                                          "Startup Cost": 37.49,
                                                          "Total Cost": 612.73,
                                                          "Plan Rows": 5000,
                                                          "Plan Width": 8,
                                                          "Actual Startup Time": 0.154,
                                                          "Actual Total Time": 1.827,
                                                          "Actual Rows": 832,
                                                          "Actual Loops": 1,
                                                          "Inner Unique": false,
                                                          "Plans": [
                                                            {
                                                              "Node Type": "Seq Scan",
                                                              "Parent Relationship": "Outer",
                                                              "Parallel Aware": false,
                                                              "Relation Name": "link_type",
                                                              "Alias": "lt",
                                                              "Startup Cost": 0.0,
                                                              "Total Cost": 1.25,
                                                              "Plan Rows": 3,
                                                              "Plan Width": 4,
                                                              "Actual Startup Time": 0.024,
                                                              "Actual Total Time": 0.031,
                                                              "Actual Rows": 3,
                                                              "Actual Loops": 1,
                                                              "Filter": "((link)::text = ANY ('{spoofs,\"remake of\",\"unknown link\"}'::text[]))",
                                                              "Rows Removed by Filter": 15
                                                            },
                                                            {
                                                              "Node Type": "Bitmap Heap Scan",
                                                              "Parent Relationship": "Inner",
                                                              "Parallel Aware": false,
                                                              "Relation Name": "movie_link",
                                                              "Alias": "ml",
                                                              "Startup Cost": 37.49,
                                                              "Total Cost": 185.08,
                                                              "Plan Rows": 1875,
                                                              "Plan Width": 12,
                                                              "Actual Startup Time": 0.087,
                                                              "Actual Total Time": 0.53,
                                                              "Actual Rows": 277,
                                                              "Actual Loops": 3,
                                                              "Recheck Cond": "(link_type_id = lt.id)",
                                                              "Rows Removed by Index Recheck": 0,
                                                              "Exact Heap Blocks": 138,
                                                              "Lossy Heap Blocks": 0,
                                                              "Plans": [
                                                                {
                                                                  "Node Type": "Bitmap Index Scan",
                                                                  "Parent Relationship": "Outer",
                                                                  "Parallel Aware": false,
                                                                  "Index Name": "link_type_id_movie_link",
                                                                  "Startup Cost": 0.0,
                                                                  "Total Cost": 37.02,
                                                                  "Plan Rows": 1875,
                                                                  "Plan Width": 0,
                                                                  "Actual Startup Time": 0.073,
                                                                  "Actual Total Time": 0.073,
                                                                  "Actual Rows": 277,
                                                                  "Actual Loops": 3,
                                                                  "Index Cond": "(link_type_id = lt.id)"
                                                                }
                                                              ]
                                                            }
                                                          ]
                                                        },
                                                        {
                                                          "Node Type": "Index Scan",
                                                          "Parent Relationship": "Inner",
                                                          "Parallel Aware": false,
                                                          "Scan Direction": "Forward",
                                                          "Index Name": "movie_id_movie_info_idx",
                                                          "Relation Name": "movie_info_idx",
                                                          "Alias": "mi_idx2",
                                                          "Startup Cost": 0.43,
                                                          "Total Cost": 2.38,
                                                          "Plan Rows": 3,
                                                          "Plan Width": 14,
                                                          "Actual Startup Time": 0.021,
                                                          "Actual Total Time": 0.022,
                                                          "Actual Rows": 2,
                                                          "Actual Loops": 832,
                                                          "Index Cond": "(movie_id = ml.linked_movie_id)",
                                                          "Rows Removed by Index Recheck": 0,
                                                          "Filter": "(info < '7.0'::text)",
                                                          "Rows Removed by Filter": 1
                                                        }
                                                      ]
                                                    }
                                                  ]
                                                },
                                                {
                                                  "Node Type": "Index Scan",
                                                  "Parent Relationship": "Inner",
                                                  "Parallel Aware": false,
                                                  "Scan Direction": "Forward",
                                                  "Index Name": "title_pkey",
                                                  "Relation Name": "title",
                                                  "Alias": "t2",
                                                  "Startup Cost": 0.43,
                                                  "Total Cost": 0.61,
                                                  "Plan Rows": 1,
                                                  "Plan Width": 25,
                                                  "Actual Startup Time": 0.034,
                                                  "Actual Total Time": 0.034,
                                                  "Actual Rows": 0,
                                                  "Actual Loops": 252,
                                                  "Index Cond": "(id = mi_idx2.movie_id)",
                                                  "Rows Removed by Index Recheck": 0,
                                                  "Filter": "((production_year >= 1996) AND (production_year <= 2013))",
                                                  "Rows Removed by Filter": 1
                                                }
                                              ]
                                            }
                                          ]
                                        },
                                        {
                                          "Node Type": "Index Scan",
                                          "Parent Relationship": "Inner",
                                          "Parallel Aware": false,
                                          "Scan Direction": "Forward",
                                          "Index Name": "movie_id_movie_info_idx",
                                          "Relation Name": "movie_info_idx",
                                          "Alias": "mi_idx1",
                                          "Startup Cost": 0.43,
                                          "Total Cost": 2.37,
                                          "Plan Rows": 3,
                                          "Plan Width": 14,
                                          "Actual Startup Time": 0.012,
                                          "Actual Total Time": 0.013,
                                          "Actual Rows": 3,
                                          "Actual Loops": 56,
                                          "Index Cond": "(movie_id = ml.movie_id)",
                                          "Rows Removed by Index Recheck": 0
                                        }
                                      ]
                                    }
                                  ]
                                },
                                {
                                  "Node Type": "Index Scan",
                                  "Parent Relationship": "Inner",
                                  "Parallel Aware": false,
                                  "Scan Direction": "Forward",
                                  "Index Name": "title_pkey",
                                  "Relation Name": "title",
                                  "Alias": "t1",
                                  "Startup Cost": 0.43,
                                  "Total Cost": 0.58,
                                  "Plan Rows": 1,
                                  "Plan Width": 25,
                                  "Actual Startup Time": 0.027,
                                  "Actual Total Time": 0.027,
                                  "Actual Rows": 1,
                                  "Actual Loops": 49,
                                  "Index Cond": "(id = mi_idx1.movie_id)",
                                  "Rows Removed by Index Recheck": 0
                                }
                              ]
                            },
                            {
                              "Node Type": "Index Scan",
                              "Parent Relationship": "Inner",
                              "Parallel Aware": false,
                              "Scan Direction": "Forward",
                              "Index Name": "kind_type_pkey",
                              "Relation Name": "kind_type",
                              "Alias": "kt1",
                              "Startup Cost": 0.13,
                              "Total Cost": 0.15,
                              "Plan Rows": 1,
                              "Plan Width": 4,
                              "Actual Startup Time": 0.003,
                              "Actual Total Time": 0.003,
                              "Actual Rows": 0,
                              "Actual Loops": 49,
                              "Index Cond": "(id = t1.kind_id)",
                              "Rows Removed by Index Recheck": 0,
                              "Filter": "((kind)::text = 'tv series'::text COLLATE \"C\")",
                              "Rows Removed by Filter": 1
                            }
                          ]
                        },
                        {
                          "Node Type": "Index Scan",
                          "Parent Relationship": "Inner",
                          "Parallel Aware": false,
                          "Scan Direction": "Forward",
                          "Index Name": "movie_id_movie_companies",
                          "Relation Name": "movie_companies",
                          "Alias": "mc1",
                          "Startup Cost": 0.43,
                          "Total Cost": 0.56,
                          "Plan Rows": 5,
                          "Plan Width": 8,
                          "Actual Startup Time": 0.035,
                          "Actual Total Time": 0.046,
                          "Actual Rows": 3,
                          "Actual Loops": 20,
                          "Index Cond": "(movie_id = t1.id)",
                          "Rows Removed by Index Recheck": 0
                        }
                      ]
                    },
                    {
                      "Node Type": "Index Scan",
                      "Parent Relationship": "Inner",
                      "Parallel Aware": false,
                      "Scan Direction": "Forward",
                      "Index Name": "company_name_pkey",
                      "Relation Name": "company_name",
                      "Alias": "cn1",
                      "Startup Cost": 0.42,
                      "Total Cost": 0.45,
                      "Plan Rows": 1,
                      "Plan Width": 23,
                      "Actual Startup Time": 0.023,
                      "Actual Total Time": 0.023,
                      "Actual Rows": 0,
                      "Actual Loops": 60,
                      "Index Cond": "(id = mc1.company_id)",
                      "Rows Removed by Index Recheck": 0,
                      "Filter": "((country_code)::text = '[it]'::text)",
                      "Rows Removed by Filter": 1
                    }
                  ]
                },
                {
                  "Node Type": "Index Scan",
                  "Parent Relationship": "Inner",
                  "Parallel Aware": false,
                  "Scan Direction": "Forward",
                  "Index Name": "movie_id_movie_companies",
                  "Relation Name": "movie_companies",
                  "Alias": "mc2",
                  "Startup Cost": 0.43,
                  "Total Cost": 0.59,
                  "Plan Rows": 5,
                  "Plan Width": 8,
                  "Actual Startup Time": 0.0,
                  "Actual Total Time": 0.0,
                  "Actual Rows": 0,
                  "Actual Loops": 0,
                  "Index Cond": "(movie_id = t2.id)",
                  "Rows Removed by Index Recheck": 0
                }
              ]
            },
            {
              "Node Type": "Index Scan",
              "Parent Relationship": "Inner",
              "Parallel Aware": false,
              "Scan Direction": "Forward",
              "Index Name": "company_name_pkey",
              "Relation Name": "company_name",
              "Alias": "cn2",
              "Startup Cost": 0.42,
              "Total Cost": 0.44,
              "Plan Rows": 1,
              "Plan Width": 23,
              "Actual Startup Time": 0.0,
              "Actual Total Time": 0.0,
              "Actual Rows": 0,
              "Actual Loops": 0,
              "Index Cond": "(id = mc2.company_id)",
              "Rows Removed by Index Recheck": 0
            }
          ]
        }
      ]
    },
    "Planning Time": 273.962,
    "Triggers": [],
    "Execution Time": 35.353
  }
]