{
  "Plan": {
    "Node Type": "Aggregate",
    "Strategy": "Plain",
    "Partial Mode": "Finalize",
    "Parallel Aware": false,
    "Startup Cost": 549089.11,
    "Total Cost": 549089.12,
    "Plan Rows": 1,
    "Plan Width": 8,
    "Actual Startup Time": 429.788,
    "Actual Total Time": 485.56,
    "Actual Rows": 1,
    "Actual Loops": 1,
    "Plans": [
      {
        "Node Type": "Gather",
        "Parent Relationship": "Outer",
        "Parallel Aware": false,
        "Startup Cost": 549089.0,
        "Total Cost": 549089.11,
        "Plan Rows": 1,
        "Plan Width": 8,
        "Actual Startup Time": 429.511,
        "Actual Total Time": 485.552,
        "Actual Rows": 2,
        "Actual Loops": 1,
        "Workers Planned": 1,
        "Workers Launched": 1,
        "Single Copy": false,
        "Plans": [
          {
            "Node Type": "Aggregate",
            "Strategy": "Plain",
            "Partial Mode": "Partial",
            "Parent Relationship": "Outer",
            "Parallel Aware": false,
            "Startup Cost": 548089.0,
            "Total Cost": 548089.01,
            "Plan Rows": 1,
            "Plan Width": 8,
            "Actual Startup Time": 423.238,
            "Actual Total Time": 423.242,
            "Actual Rows": 1,
            "Actual Loops": 2,
            "Plans": [
              {
                "Node Type": "Hash Join",
                "Parent Relationship": "Outer",
                "Parallel Aware": true,
                "Join Type": "Inner",
                "Startup Cost": 527244.13,
                "Total Cost": 548076.84,
                "Plan Rows": 4863,
                "Plan Width": 0,
                "Actual Startup Time": 318.82,
                "Actual Total Time": 422.293,
                "Actual Rows": 18055,
                "Actual Loops": 2,
                "Inner Unique": false,
                "Hash Cond": "(mi_idx.movie_id = t.id)",
                "Plans": [
                  {
                    "Node Type": "Seq Scan",
                    "Parent Relationship": "Outer",
                    "Parallel Aware": true,
                    "Relation Name": "movie_info_idx",
                    "Alias": "mi_idx",
                    "Startup Cost": 0.0,
                    "Total Cost": 18082.32,
                    "Plan Rows": 544356,
                    "Plan Width": 4,
                    "Actual Startup Time": 0.014,
                    "Actual Total Time": 66.429,
                    "Actual Rows": 460055,
                    "Actual Loops": 2,
                    "Filter": "(info_type_id > 99)",
                    "Rows Removed by Filter": 229962
                  },
                  {
                    "Node Type": "Hash",
                    "Parent Relationship": "Inner",
                    "Parallel Aware": true,
                    "Startup Cost": 527078.06,
                    "Total Cost": 527078.06,
                    "Plan Rows": 13286,
                    "Plan Width": 8,
                    "Actual Startup Time": 317.114,
                    "Actual Total Time": 317.116,
                    "Actual Rows": 12912,
                    "Actual Loops": 2,
                    "Hash Buckets": 32768,
                    "Original Hash Buckets": 32768,
                    "Hash Batches": 1,
                    "Original Hash Batches": 1,
                    "Peak Memory Usage": 1312,
                    "Plans": [
                      {
                        "Node Type": "Nested Loop",
                        "Parent Relationship": "Outer",
                        "Parallel Aware": false,
                        "Join Type": "Inner",
                        "Startup Cost": 0.56,
                        "Total Cost": 527078.06,
                        "Plan Rows": 13286,
                        "Plan Width": 8,
                        "Actual Startup Time": 1.939,
                        "Actual Total Time": 312.747,
                        "Actual Rows": 12912,
                        "Actual Loops": 2,
                        "Inner Unique": false,
                        "Plans": [
                          {
                            "Node Type": "Seq Scan",
                            "Parent Relationship": "Outer",
                            "Parallel Aware": true,
                            "Relation Name": "title",
                            "Alias": "t",
                            "Startup Cost": 0.0,
                            "Total Cost": 58306.47,
                            "Plan Rows": 4782,
                            "Plan Width": 4,
                            "Actual Startup Time": 0.405,
                            "Actual Total Time": 136.47,
                            "Actual Rows": 4160,
                            "Actual Loops": 2,
                            "Filter": "((kind_id < 7) AND (production_year = 1988))",
                            "Rows Removed by Filter": 1259996
                          },
                          {
                            "Node Type": "Index Scan",
                            "Parent Relationship": "Inner",
                            "Parallel Aware": false,
                            "Scan Direction": "Forward",
                            "Index Name": "movie_id_cast_info",
                            "Relation Name": "cast_info",
                            "Alias": "ci",
                            "Startup Cost": 0.56,
                            "Total Cost": 97.96,
                            "Plan Rows": 7,
                            "Plan Width": 4,
                            "Actual Startup Time": 0.033,
                            "Actual Total Time": 0.042,
                            "Actual Rows": 3,
                            "Actual Loops": 8319,
                            "Index Cond": "(movie_id = t.id)",
                            "Rows Removed by Index Recheck": 0,
                            "Filter": "(person_id > 2975322)",
                            "Rows Removed by Filter": 14
                          }
                        ]
                      }
                    ]
                  }
                ]
              }
            ]
          }
        ]
      }
    ]
  },
  "Planning Time": 1.091,
  "Triggers": [],
  "Execution Time": 485.665
}