[
  {
    "Plan": {
      "Node Type": "Aggregate",
      "Strategy": "Plain",
      "Partial Mode": "Finalize",
      "Parallel Aware": false,
      "Startup Cost": 218195.07,
      "Total Cost": 218195.08,
      "Plan Rows": 1,
      "Plan Width": 8,
      "Actual Startup Time": 248.553,
      "Actual Total Time": 284.274,
      "Actual Rows": 1,
      "Actual Loops": 1,
      "Plans": [
        {
          "Node Type": "Gather",
          "Parent Relationship": "Outer",
          "Parallel Aware": false,
          "Startup Cost": 218194.65,
          "Total Cost": 218195.06,
          "Plan Rows": 4,
          "Plan Width": 8,
          "Actual Startup Time": 248.331,
          "Actual Total Time": 284.254,
          "Actual Rows": 5,
          "Actual Loops": 1,
          "Workers Planned": 4,
          "Workers Launched": 4,
          "Single Copy": false,
          "Plans": [
            {
              "Node Type": "Aggregate",
              "Strategy": "Plain",
              "Partial Mode": "Partial",
              "Parent Relationship": "Outer",
              "Parallel Aware": false,
              "Startup Cost": 217194.65,
              "Total Cost": 217194.66,
              "Plan Rows": 1,
              "Plan Width": 8,
              "Actual Startup Time": 241.455,
              "Actual Total Time": 241.457,
              "Actual Rows": 1,
              "Actual Loops": 5,
              "Plans": [
                {
                  "Node Type": "Nested Loop",
                  "Parent Relationship": "Outer",
                  "Parallel Aware": false,
                  "Join Type": "Inner",
                  "Startup Cost": 0.43,
                  "Total Cost": 217162.34,
                  "Plan Rows": 12924,
                  "Plan Width": 0,
                  "Actual Startup Time": 87.395,
                  "Actual Total Time": 237.642,
                  "Actual Rows": 48039,
                  "Actual Loops": 5,
                  "Inner Unique": false,
                  "Plans": [
                    {
                      "Node Type": "Seq Scan",
                      "Parent Relationship": "Outer",
                      "Parallel Aware": true,
                      "Relation Name": "title",
                      "Alias": "t",
                      "Startup Cost": 0.0,
                      "Total Cost": 45479.59,
                      "Plan Rows": 2201,
                      "Plan Width": 4,
                      "Actual Startup Time": 87.214,
                      "Actual Total Time": 123.863,
                      "Actual Rows": 4901,
                      "Actual Loops": 5,
                      "Filter": "((kind_id < 7) AND (production_year < 1910))",
                      "Rows Removed by Filter": 500761
                    },
                    {
                      "Node Type": "Index Only Scan",
                      "Parent Relationship": "Inner",
                      "Parallel Aware": false,
                      "Scan Direction": "Forward",
                      "Index Name": "movie_id_movie_info",
                      "Relation Name": "movie_info",
                      "Alias": "mi",
                      "Startup Cost": 0.43,
                      "Total Cost": 77.59,
                      "Plan Rows": 41,
                      "Plan Width": 4,
                      "Actual Startup Time": 0.009,
                      "Actual Total Time": 0.022,
                      "Actual Rows": 10,
                      "Actual Loops": 24507,
                      "Index Cond": "(movie_id = t.id)",
                      "Rows Removed by Index Recheck": 0,
                      "Heap Fetches": 240194
                    }
                  ]
                }
              ]
            }
          ]
        }
      ]
    },
    "Planning Time": 0.638,
    "Triggers": [],
    "Execution Time": 284.359
  }
]