[
  {
    "Plan": {
      "Node Type": "Aggregate",
      "Strategy": "Plain",
      "Partial Mode": "Finalize",
      "Parallel Aware": false,
      "Startup Cost": 216768.9,
      "Total Cost": 216768.91,
      "Plan Rows": 1,
      "Plan Width": 8,
      "Actual Startup Time": 200.279,
      "Actual Total Time": 227.397,
      "Actual Rows": 1,
      "Actual Loops": 1,
      "Plans": [
        {
          "Node Type": "Gather",
          "Parent Relationship": "Outer",
          "Parallel Aware": false,
          "Startup Cost": 216768.48,
          "Total Cost": 216768.89,
          "Plan Rows": 4,
          "Plan Width": 8,
          "Actual Startup Time": 200.167,
          "Actual Total Time": 227.39,
          "Actual Rows": 5,
          "Actual Loops": 1,
          "Workers Planned": 4,
          "Workers Launched": 4,
          "Single Copy": false,
          "Plans": [
            {
              "Node Type": "Aggregate",
              "Strategy": "Plain",
              "Partial Mode": "Partial",
              "Parent Relationship": "Outer",
              "Parallel Aware": false,
              "Startup Cost": 215768.48,
              "Total Cost": 215768.49,
              "Plan Rows": 1,
              "Plan Width": 8,
              "Actual Startup Time": 190.336,
              "Actual Total Time": 190.337,
              "Actual Rows": 1,
              "Actual Loops": 5,
              "Plans": [
                {
                  "Node Type": "Nested Loop",
                  "Parent Relationship": "Outer",
                  "Parallel Aware": false,
                  "Join Type": "Inner",
                  "Startup Cost": 0.43,
                  "Total Cost": 215739.27,
                  "Plan Rows": 11683,
                  "Plan Width": 0,
                  "Actual Startup Time": 61.078,
                  "Actual Total Time": 187.169,
                  "Actual Rows": 48039,
                  "Actual Loops": 5,
                  "Inner Unique": false,
                  "Plans": [
                    {
                      "Node Type": "Seq Scan",
                      "Parent Relationship": "Outer",
                      "Parallel Aware": true,
                      "Relation Name": "title",
                      "Alias": "t",
                      "Startup Cost": 0.0,
                      "Total Cost": 45479.1,
                      "Plan Rows": 1998,
                      "Plan Width": 4,
                      "Actual Startup Time": 60.969,
                      "Actual Total Time": 86.698,
                      "Actual Rows": 4901,
                      "Actual Loops": 5,
                      "Filter": "((kind_id < 7) AND (production_year < 1910))",
                      "Rows Removed by Filter": 500761
                    },
                    {
                      "Node Type": "Index Only Scan",
                      "Parent Relationship": "Inner",
                      "Parallel Aware": false,
                      "Scan Direction": "Forward",
                      "Index Name": "movie_id_movie_info",
                      "Relation Name": "movie_info",
                      "Alias": "mi",
                      "Startup Cost": 0.43,
                      "Total Cost": 84.8,
                      "Plan Rows": 42,
                      "Plan Width": 4,
                      "Actual Startup Time": 0.008,
                      "Actual Total Time": 0.019,
                      "Actual Rows": 10,
                      "Actual Loops": 24507,
                      "Index Cond": "(movie_id = t.id)",
                      "Rows Removed by Index Recheck": 0,
                      "Heap Fetches": 240194
                    }
                  ]
                }
              ]
            }
          ]
        }
      ]
    },
    "Planning Time": 0.587,
    "Triggers": [],
    "Execution Time": 227.471
  }
]