{
  "Plan": {
    "Node Type": "Aggregate",
    "Strategy": "Plain",
    "Partial Mode": "Finalize",
    "Parallel Aware": false,
    "Startup Cost": 445755.5,
    "Total Cost": 445755.51,
    "Plan Rows": 1,
    "Plan Width": 8,
    "Actual Startup Time": 1331.362,
    "Actual Total Time": 1340.654,
    "Actual Rows": 1,
    "Actual Loops": 1,
    "Plans": [
      {
        "Node Type": "Gather",
        "Parent Relationship": "Outer",
        "Parallel Aware": false,
        "Startup Cost": 445755.38,
        "Total Cost": 445755.49,
        "Plan Rows": 1,
        "Plan Width": 8,
        "Actual Startup Time": 1331.354,
        "Actual Total Time": 1340.648,
        "Actual Rows": 2,
        "Actual Loops": 1,
        "Workers Planned": 1,
        "Workers Launched": 1,
        "Single Copy": false,
        "Plans": [
          {
            "Node Type": "Aggregate",
            "Strategy": "Plain",
            "Partial Mode": "Partial",
            "Parent Relationship": "Outer",
            "Parallel Aware": false,
            "Startup Cost": 444755.38,
            "Total Cost": 444755.39,
            "Plan Rows": 1,
            "Plan Width": 8,
            "Actual Startup Time": 1317.863,
            "Actual Total Time": 1317.867,
            "Actual Rows": 1,
            "Actual Loops": 2,
            "Plans": [
              {
                "Node Type": "Merge Join",
                "Parent Relationship": "Outer",
                "Parallel Aware": false,
                "Join Type": "Inner",
                "Startup Cost": 436094.01,
                "Total Cost": 444337.14,
                "Plan Rows": 167299,
                "Plan Width": 0,
                "Actual Startup Time": 1233.465,
                "Actual Total Time": 1314.311,
                "Actual Rows": 88369,
                "Actual Loops": 2,
                "Inner Unique": false,
                "Merge Cond": "(mi.movie_id = t.id)",
                "Plans": [
                  {
                    "Node Type": "Sort",
                    "Parent Relationship": "Outer",
                    "Parallel Aware": false,
                    "Startup Cost": 267941.54,
                    "Total Cost": 269821.38,
                    "Plan Rows": 751938,
                    "Plan Width": 4,
                    "Actual Startup Time": 278.767,
                    "Actual Total Time": 300.157,
                    "Actual Rows": 649482,
                    "Actual Loops": 2,
                    "Sort Key": [
                      "mi.movie_id"
                    ],
                    "Sort Method": "quicksort",
                    "Sort Space Used": 57730,
                    "Sort Space Type": "Memory",
                    "Workers": [
                      {
                        "Worker Number": 0,
                        "Sort Method": "quicksort",
                        "Sort Space Used": 52313,
                        "Sort Space Type": "Memory"
                      }
                    ],
                    "Plans": [
                      {
                        "Node Type": "Bitmap Heap Scan",
                        "Parent Relationship": "Outer",
                        "Parallel Aware": true,
                        "Relation Name": "movie_info",
                        "Alias": "mi",
                        "Startup Cost": 23159.21,
                        "Total Cost": 194551.43,
                        "Plan Rows": 751938,
                        "Plan Width": 4,
                        "Actual Startup Time": 56.926,
                        "Actual Total Time": 134.396,
                        "Actual Rows": 649494,
                        "Actual Loops": 2,
                        "Recheck Cond": "(info_type_id = 4)",
                        "Rows Removed by Index Recheck": 0,
                        "Exact Heap Blocks": 4561,
                        "Lossy Heap Blocks": 0,
                        "Plans": [
                          {
                            "Node Type": "Bitmap Index Scan",
                            "Parent Relationship": "Outer",
                            "Parallel Aware": false,
                            "Index Name": "info_type_id_movie_info",
                            "Startup Cost": 0.0,
                            "Total Cost": 22839.64,
                            "Plan Rows": 1278294,
                            "Plan Width": 0,
                            "Actual Startup Time": 61.234,
                            "Actual Total Time": 61.235,
                            "Actual Rows": 1298989,
                            "Actual Loops": 1,
                            "Index Cond": "(info_type_id = 4)"
                          }
                        ]
                      }
                    ]
                  },
                  {
                    "Node Type": "Sort",
                    "Parent Relationship": "Inner",
                    "Parallel Aware": false,
                    "Startup Cost": 168152.41,
                    "Total Cost": 169558.72,
                    "Plan Rows": 562523,
                    "Plan Width": 8,
                    "Actual Startup Time": 954.671,
                    "Actual Total Time": 964.075,
                    "Actual Rows": 286583,
                    "Actual Loops": 2,
                    "Sort Key": [
                      "t.id"
                    ],
                    "Sort Method": "quicksort",
                    "Sort Space Used": 25592,
                    "Sort Space Type": "Memory",
                    "Workers": [
                      {
                        "Worker Number": 0,
                        "Sort Method": "quicksort",
                        "Sort Space Used": 25592,
                        "Sort Space Type": "Memory"
                      }
                    ],
                    "Plans": [
                      {
                        "Node Type": "Hash Join",
                        "Parent Relationship": "Outer",
                        "Parallel Aware": false,
                        "Join Type": "Inner",
                        "Startup Cost": 86812.48,
                        "Total Cost": 114427.1,
                        "Plan Rows": 562523,
                        "Plan Width": 8,
                        "Actual Startup Time": 596.268,
                        "Actual Total Time": 895.898,
                        "Actual Rows": 283812,
                        "Actual Loops": 2,
                        "Inner Unique": true,
                        "Hash Cond": "(mi_idx.movie_id = t.id)",
                        "Plans": [
                          {
                            "Node Type": "Seq Scan",
                            "Parent Relationship": "Outer",
                            "Parallel Aware": false,
                            "Relation Name": "movie_info_idx",
                            "Alias": "mi_idx",
                            "Startup Cost": 0.0,
                            "Total Cost": 25185.44,
                            "Plan Rows": 925405,
                            "Plan Width": 4,
                            "Actual Startup Time": 0.039,
                            "Actual Total Time": 114.979,
                            "Actual Rows": 920110,
                            "Actual Loops": 2,
                            "Filter": "(info_type_id > 99)",
                            "Rows Removed by Filter": 459925
                          },
                          {
                            "Node Type": "Hash",
                            "Parent Relationship": "Inner",
                            "Parallel Aware": false,
                            "Startup Cost": 67601.66,
                            "Total Cost": 67601.66,
                            "Plan Rows": 1536865,
                            "Plan Width": 4,
                            "Actual Startup Time": 588.573,
                            "Actual Total Time": 588.574,
                            "Actual Rows": 1543264,
                            "Actual Loops": 2,
                            "Hash Buckets": 2097152,
                            "Original Hash Buckets": 2097152,
                            "Hash Batches": 1,
                            "Original Hash Batches": 1,
                            "Peak Memory Usage": 70640,
                            "Plans": [
                              {
                                "Node Type": "Seq Scan",
                                "Parent Relationship": "Outer",
                                "Parallel Aware": false,
                                "Relation Name": "title",
                                "Alias": "t",
                                "Startup Cost": 0.0,
                                "Total Cost": 67601.66,
                                "Plan Rows": 1536865,
                                "Plan Width": 4,
                                "Actual Startup Time": 0.027,
                                "Actual Total Time": 260.314,
                                "Actual Rows": 1543264,
                                "Actual Loops": 2,
                                "Filter": "(kind_id = 7)",
                                "Rows Removed by Filter": 985048
                              }
                            ]
                          }
                        ]
                      }
                    ]
                  }
                ]
              }
            ]
          }
        ]
      }
    ]
  },
  "Planning Time": 1.132,
  "Triggers": [],
  "Execution Time": 1350.536
}