{
  "Plan": {
    "Node Type": "Aggregate",
    "Strategy": "Plain",
    "Partial Mode": "Finalize",
    "Parallel Aware": false,
    "Startup Cost": 558381.87,
    "Total Cost": 558381.88,
    "Plan Rows": 1,
    "Plan Width": 8,
    "Actual Startup Time": 2502.551,
    "Actual Total Time": 2502.623,
    "Actual Rows": 1,
    "Actual Loops": 1,
    "Plans": [
      {
        "Node Type": "Gather",
        "Parent Relationship": "Outer",
        "Parallel Aware": false,
        "Startup Cost": 558381.75,
        "Total Cost": 558381.86,
        "Plan Rows": 1,
        "Plan Width": 8,
        "Actual Startup Time": 2502.541,
        "Actual Total Time": 2502.617,
        "Actual Rows": 2,
        "Actual Loops": 1,
        "Workers Planned": 1,
        "Workers Launched": 1,
        "Single Copy": false,
        "Plans": [
          {
            "Node Type": "Aggregate",
            "Strategy": "Plain",
            "Partial Mode": "Partial",
            "Parent Relationship": "Outer",
            "Parallel Aware": false,
            "Startup Cost": 557381.75,
            "Total Cost": 557381.76,
            "Plan Rows": 1,
            "Plan Width": 8,
            "Actual Startup Time": 2481.067,
            "Actual Total Time": 2481.073,
            "Actual Rows": 1,
            "Actual Loops": 2,
            "Plans": [
              {
                "Node Type": "Merge Join",
                "Parent Relationship": "Outer",
                "Parallel Aware": false,
                "Join Type": "Inner",
                "Startup Cost": 538188.7,
                "Total Cost": 556358.02,
                "Plan Rows": 409493,
                "Plan Width": 0,
                "Actual Startup Time": 1900.461,
                "Actual Total Time": 2433.366,
                "Actual Rows": 1230784,
                "Actual Loops": 2,
                "Inner Unique": false,
                "Merge Cond": "(ci.movie_id = t.id)",
                "Plans": [
                  {
                    "Node Type": "Sort",
                    "Parent Relationship": "Outer",
                    "Parallel Aware": false,
                    "Startup Cost": 376232.2,
                    "Total Cost": 382183.18,
                    "Plan Rows": 2380394,
                    "Plan Width": 4,
                    "Actual Startup Time": 831.377,
                    "Actual Total Time": 1029.239,
                    "Actual Rows": 2003762,
                    "Actual Loops": 2,
                    "Sort Key": [
                      "ci.movie_id"
                    ],
                    "Sort Method": "quicksort",
                    "Sort Space Used": 196862,
                    "Sort Space Type": "Memory",
                    "Workers": [
                      {
                        "Worker Number": 0,
                        "Sort Method": "quicksort",
                        "Sort Space Used": 138471,
                        "Sort Space Type": "Memory"
                      }
                    ],
                    "Plans": [
                      {
                        "Node Type": "Index Scan",
                        "Parent Relationship": "Outer",
                        "Parallel Aware": true,
                        "Scan Direction": "Forward",
                        "Index Name": "role_id_cast_info",
                        "Relation Name": "cast_info",
                        "Alias": "ci",
                        "Startup Cost": 0.56,
                        "Total Cost": 124115.52,
                        "Plan Rows": 2380394,
                        "Plan Width": 4,
                        "Actual Startup Time": 0.105,
                        "Actual Total Time": 352.473,
                        "Actual Rows": 2004018,
                        "Actual Loops": 2,
                        "Index Cond": "(role_id = 3)",
                        "Rows Removed by Index Recheck": 0
                      }
                    ]
                  },
                  {
                    "Node Type": "Sort",
                    "Parent Relationship": "Inner",
                    "Parallel Aware": false,
                    "Startup Cost": 161956.25,
                    "Total Cost": 163043.59,
                    "Plan Rows": 434936,
                    "Plan Width": 8,
                    "Actual Startup Time": 1069.058,
                    "Actual Total Time": 1132.406,
                    "Actual Rows": 1583411,
                    "Actual Loops": 2,
                    "Sort Key": [
                      "t.id"
                    ],
                    "Sort Method": "quicksort",
                    "Sort Space Used": 64474,
                    "Sort Space Type": "Memory",
                    "Workers": [
                      {
                        "Worker Number": 0,
                        "Sort Method": "quicksort",
                        "Sort Space Used": 64474,
                        "Sort Space Type": "Memory"
                      }
                    ],
                    "Plans": [
                      {
                        "Node Type": "Hash Join",
                        "Parent Relationship": "Outer",
                        "Parallel Aware": false,
                        "Join Type": "Inner",
                        "Startup Cost": 72878.23,
                        "Total Cost": 121223.53,
                        "Plan Rows": 434936,
                        "Plan Width": 8,
                        "Actual Startup Time": 352.484,
                        "Actual Total Time": 887.103,
                        "Actual Rows": 851136,
                        "Actual Loops": 2,
                        "Inner Unique": true,
                        "Hash Cond": "(mc.movie_id = t.id)",
                        "Plans": [
                          {
                            "Node Type": "Index Scan",
                            "Parent Relationship": "Outer",
                            "Parallel Aware": false,
                            "Scan Direction": "Forward",
                            "Index Name": "company_type_id_movie_companies",
                            "Relation Name": "movie_companies",
                            "Alias": "mc",
                            "Startup Cost": 0.43,
                            "Total Cost": 44974.2,
                            "Plan Rows": 1284387,
                            "Plan Width": 4,
                            "Actual Startup Time": 0.059,
                            "Actual Total Time": 176.336,
                            "Actual Rows": 1274246,
                            "Actual Loops": 2,
                            "Index Cond": "(company_type_id = 1)",
                            "Rows Removed by Index Recheck": 0
                          },
                          {
                            "Node Type": "Hash",
                            "Parent Relationship": "Inner",
                            "Parallel Aware": false,
                            "Startup Cost": 62175.75,
                            "Total Cost": 62175.75,
                            "Plan Rows": 856164,
                            "Plan Width": 4,
                            "Actual Startup Time": 348.481,
                            "Actual Total Time": 348.483,
                            "Actual Rows": 854214,
                            "Actual Loops": 2,
                            "Hash Buckets": 1048576,
                            "Original Hash Buckets": 1048576,
                            "Hash Batches": 1,
                            "Original Hash Batches": 1,
                            "Peak Memory Usage": 38223,
                            "Plans": [
                              {
                                "Node Type": "Bitmap Heap Scan",
                                "Parent Relationship": "Outer",
                                "Parallel Aware": false,
                                "Relation Name": "title",
                                "Alias": "t",
                                "Startup Cost": 15475.7,
                                "Total Cost": 62175.75,
                                "Plan Rows": 856164,
                                "Plan Width": 4,
                                "Actual Startup Time": 33.31,
                                "Actual Total Time": 170.704,
                                "Actual Rows": 854214,
                                "Actual Loops": 2,
                                "Recheck Cond": "(kind_id < 4)",
                                "Rows Removed by Index Recheck": 0,
                                "Exact Heap Blocks": 35470,
                                "Lossy Heap Blocks": 0,
                                "Plans": [
                                  {
                                    "Node Type": "Bitmap Index Scan",
                                    "Parent Relationship": "Outer",
                                    "Parallel Aware": false,
                                    "Index Name": "kind_id_title",
                                    "Startup Cost": 0.0,
                                    "Total Cost": 15261.66,
                                    "Plan Rows": 856164,
                                    "Plan Width": 0,
                                    "Actual Startup Time": 28.474,
                                    "Actual Total Time": 28.474,
                                    "Actual Rows": 854214,
                                    "Actual Loops": 2,
                                    "Index Cond": "(kind_id < 4)"
                                  }
                                ]
                              }
                            ]
                          }
                        ]
                      }
                    ]
                  }
                ]
              }
            ]
          }
        ]
      }
    ]
  },
  "Planning Time": 0.905,
  "Triggers": [],
  "Execution Time": 2513.001
}