{
  "Plan": {
    "Node Type": "Aggregate",
    "Strategy": "Plain",
    "Partial Mode": "Finalize",
    "Parallel Aware": false,
    "Startup Cost": 51226.11,
    "Total Cost": 51226.12,
    "Plan Rows": 1,
    "Plan Width": 8,
    "Actual Startup Time": 50.16,
    "Actual Total Time": 58.417,
    "Actual Rows": 1,
    "Actual Loops": 1,
    "Plans": [
      {
        "Node Type": "Gather",
        "Parent Relationship": "Outer",
        "Parallel Aware": false,
        "Startup Cost": 51226.0,
        "Total Cost": 51226.11,
        "Plan Rows": 1,
        "Plan Width": 8,
        "Actual Startup Time": 50.06,
        "Actual Total Time": 58.41,
        "Actual Rows": 2,
        "Actual Loops": 1,
        "Workers Planned": 1,
        "Workers Launched": 1,
        "Single Copy": false,
        "Plans": [
          {
            "Node Type": "Aggregate",
            "Strategy": "Plain",
            "Partial Mode": "Partial",
            "Parent Relationship": "Outer",
            "Parallel Aware": false,
            "Startup Cost": 50226.0,
            "Total Cost": 50226.01,
            "Plan Rows": 1,
            "Plan Width": 8,
            "Actual Startup Time": 45.499,
            "Actual Total Time": 45.5,
            "Actual Rows": 1,
            "Actual Loops": 2,
            "Plans": [
              {
                "Node Type": "Nested Loop",
                "Parent Relationship": "Outer",
                "Parallel Aware": false,
                "Join Type": "Inner",
                "Startup Cost": 177.14,
                "Total Cost": 50220.34,
                "Plan Rows": 2264,
                "Plan Width": 0,
                "Actual Startup Time": 4.243,
                "Actual Total Time": 45.479,
                "Actual Rows": 42,
                "Actual Loops": 2,
                "Inner Unique": true,
                "Plans": [
                  {
                    "Node Type": "Bitmap Heap Scan",
                    "Parent Relationship": "Outer",
                    "Parallel Aware": true,
                    "Relation Name": "movie_keyword",
                    "Alias": "mk",
                    "Startup Cost": 176.71,
                    "Total Cost": 17147.94,
                    "Plan Rows": 4879,
                    "Plan Width": 4,
                    "Actual Startup Time": 3.783,
                    "Actual Total Time": 14.704,
                    "Actual Rows": 4198,
                    "Actual Loops": 2,
                    "Recheck Cond": "(keyword_id = 348)",
                    "Rows Removed by Index Recheck": 0,
                    "Exact Heap Blocks": 4134,
                    "Lossy Heap Blocks": 0,
                    "Plans": [
                      {
                        "Node Type": "Bitmap Index Scan",
                        "Parent Relationship": "Outer",
                        "Parallel Aware": false,
                        "Index Name": "keyword_id_movie_keyword",
                        "Startup Cost": 0.0,
                        "Total Cost": 174.64,
                        "Plan Rows": 8294,
                        "Plan Width": 0,
                        "Actual Startup Time": 4.539,
                        "Actual Total Time": 4.539,
                        "Actual Rows": 8397,
                        "Actual Loops": 1,
                        "Index Cond": "(keyword_id = 348)"
                      }
                    ]
                  },
                  {
                    "Node Type": "Index Scan",
                    "Parent Relationship": "Inner",
                    "Parallel Aware": false,
                    "Scan Direction": "Forward",
                    "Index Name": "title_pkey",
                    "Relation Name": "title",
                    "Alias": "t",
                    "Startup Cost": 0.43,
                    "Total Cost": 6.78,
                    "Plan Rows": 1,
                    "Plan Width": 4,
                    "Actual Startup Time": 0.007,
                    "Actual Total Time": 0.007,
                    "Actual Rows": 0,
                    "Actual Loops": 8397,
                    "Index Cond": "(id = mk.movie_id)",
                    "Rows Removed by Index Recheck": 0,
                    "Filter": "((production_year > 1981) AND (kind_id = 7))",
                    "Rows Removed by Filter": 1
                  }
                ]
              }
            ]
          }
        ]
      }
    ]
  },
  "Planning Time": 0.467,
  "Triggers": [],
  "Execution Time": 58.56
}