[
  {
    "Plan": {
      "Node Type": "Aggregate",
      "Strategy": "Plain",
      "Partial Mode": "Finalize",
      "Parallel Aware": false,
      "Startup Cost": 33000.54,
      "Total Cost": 33000.55,
      "Plan Rows": 1,
      "Plan Width": 8,
      "Actual Startup Time": 108.025,
      "Actual Total Time": 116.297,
      "Actual Rows": 1,
      "Actual Loops": 1,
      "Plans": [
        {
          "Node Type": "Gather",
          "Parent Relationship": "Outer",
          "Parallel Aware": false,
          "Startup Cost": 33000.22,
          "Total Cost": 33000.53,
          "Plan Rows": 3,
          "Plan Width": 8,
          "Actual Startup Time": 107.887,
          "Actual Total Time": 116.282,
          "Actual Rows": 4,
          "Actual Loops": 1,
          "Workers Planned": 3,
          "Workers Launched": 3,
          "Single Copy": false,
          "Plans": [
            {
              "Node Type": "Aggregate",
              "Strategy": "Plain",
              "Partial Mode": "Partial",
              "Parent Relationship": "Outer",
              "Parallel Aware": false,
              "Startup Cost": 32000.22,
              "Total Cost": 32000.23,
              "Plan Rows": 1,
              "Plan Width": 8,
              "Actual Startup Time": 101.403,
              "Actual Total Time": 101.404,
              "Actual Rows": 1,
              "Actual Loops": 4,
              "Plans": [
                {
                  "Node Type": "Seq Scan",
                  "Parent Relationship": "Outer",
                  "Parallel Aware": true,
                  "Relation Name": "movie_companies",
                  "Alias": "mc",
                  "Startup Cost": 0.0,
                  "Total Cost": 31414.82,
                  "Plan Rows": 234162,
                  "Plan Width": 0,
                  "Actual Startup Time": 0.032,
                  "Actual Total Time": 86.471,
                  "Actual Rows": 253642,
                  "Actual Loops": 4,
                  "Filter": "((company_id < 13776) AND (company_type_id < 2))",
                  "Rows Removed by Filter": 398640
                }
              ]
            }
          ]
        }
      ]
    },
    "Planning Time": 0.119,
    "Triggers": [],
    "Execution Time": 116.333
  }
]