[
  {
    "Plan": {
      "Node Type": "Aggregate",
      "Strategy": "Plain",
      "Partial Mode": "Finalize",
      "Parallel Aware": false,
      "Startup Cost": 123173.04,
      "Total Cost": 123173.05,
      "Plan Rows": 1,
      "Plan Width": 8,
      "Actual Startup Time": 494.294,
      "Actual Total Time": 517.355,
      "Actual Rows": 1,
      "Actual Loops": 1,
      "Plans": [
        {
          "Node Type": "Gather",
          "Parent Relationship": "Outer",
          "Parallel Aware": false,
          "Startup Cost": 123172.72,
          "Total Cost": 123173.03,
          "Plan Rows": 3,
          "Plan Width": 8,
          "Actual Startup Time": 488.79,
          "Actual Total Time": 517.344,
          "Actual Rows": 4,
          "Actual Loops": 1,
          "Workers Planned": 3,
          "Workers Launched": 3,
          "Single Copy": false,
          "Plans": [
            {
              "Node Type": "Aggregate",
              "Strategy": "Plain",
              "Partial Mode": "Partial",
              "Parent Relationship": "Outer",
              "Parallel Aware": false,
              "Startup Cost": 122172.72,
              "Total Cost": 122172.73,
              "Plan Rows": 1,
              "Plan Width": 8,
              "Actual Startup Time": 479.806,
              "Actual Total Time": 479.813,
              "Actual Rows": 1,
              "Actual Loops": 4,
              "Plans": [
                {
                  "Node Type": "Hash Join",
                  "Parent Relationship": "Outer",
                  "Parallel Aware": true,
                  "Join Type": "Inner",
                  "Startup Cost": 77336.33,
                  "Total Cost": 122034.5,
                  "Plan Rows": 55289,
                  "Plan Width": 0,
                  "Actual Startup Time": 301.235,
                  "Actual Total Time": 478.458,
                  "Actual Rows": 26441,
                  "Actual Loops": 4,
                  "Inner Unique": false,
                  "Hash Cond": "(mk.movie_id = t.id)",
                  "Plans": [
                    {
                      "Node Type": "Seq Scan",
                      "Parent Relationship": "Outer",
                      "Parallel Aware": true,
                      "Relation Name": "movie_keyword",
                      "Alias": "mk",
                      "Startup Cost": 0.0,
                      "Total Cost": 39047.32,
                      "Plan Rows": 1459332,
                      "Plan Width": 4,
                      "Actual Startup Time": 0.037,
                      "Actual Total Time": 98.739,
                      "Actual Rows": 1130982,
                      "Actual Loops": 4
                    },
                    {
                      "Node Type": "Hash",
                      "Parent Relationship": "Inner",
                      "Parallel Aware": true,
                      "Startup Cost": 76950.07,
                      "Total Cost": 76950.07,
                      "Plan Rows": 30901,
                      "Plan Width": 8,
                      "Actual Startup Time": 284.791,
                      "Actual Total Time": 284.797,
                      "Actual Rows": 8898,
                      "Actual Loops": 4,
                      "Hash Buckets": 131072,
                      "Original Hash Buckets": 131072,
                      "Hash Batches": 1,
                      "Original Hash Batches": 1,
                      "Peak Memory Usage": 2496,
                      "Plans": [
                        {
                          "Node Type": "Hash Join",
                          "Parent Relationship": "Outer",
                          "Parallel Aware": true,
                          "Join Type": "Inner",
                          "Startup Cost": 47284.24,
                          "Total Cost": 76950.07,
                          "Plan Rows": 30901,
                          "Plan Width": 8,
                          "Actual Startup Time": 220.663,
                          "Actual Total Time": 281.251,
                          "Actual Rows": 8898,
                          "Actual Loops": 4,
                          "Inner Unique": true,
                          "Hash Cond": "(mc.movie_id = t.id)",
                          "Plans": [
                            {
                              "Node Type": "Seq Scan",
                              "Parent Relationship": "Outer",
                              "Parallel Aware": true,
                              "Relation Name": "movie_companies",
                              "Alias": "mc",
                              "Startup Cost": 0.0,
                              "Total Cost": 29310.68,
                              "Plan Rows": 135295,
                              "Plan Width": 4,
                              "Actual Startup Time": 36.762,
                              "Actual Total Time": 67.72,
                              "Actual Rows": 103790,
                              "Actual Loops": 4,
                              "Filter": "(company_id > 80476)",
                              "Rows Removed by Filter": 548492
                            },
                            {
                              "Node Type": "Hash",
                              "Parent Relationship": "Inner",
                              "Parallel Aware": true,
                              "Startup Cost": 45479.59,
                              "Total Cost": 45479.59,
                              "Plan Rows": 144372,
                              "Plan Width": 4,
                              "Actual Startup Time": 180.061,
                              "Actual Total Time": 180.062,
                              "Actual Rows": 150633,
                              "Actual Loops": 4,
                              "Hash Buckets": 1048576,
                              "Original Hash Buckets": 1048576,
                              "Hash Batches": 1,
                              "Original Hash Batches": 1,
                              "Peak Memory Usage": 31840,
                              "Plans": [
                                {
                                  "Node Type": "Seq Scan",
                                  "Parent Relationship": "Outer",
                                  "Parallel Aware": true,
                                  "Relation Name": "title",
                                  "Alias": "t",
                                  "Startup Cost": 0.0,
                                  "Total Cost": 45479.59,
                                  "Plan Rows": 144372,
                                  "Plan Width": 4,
                                  "Actual Startup Time": 0.033,
                                  "Actual Total Time": 113.998,
                                  "Actual Rows": 150633,
                                  "Actual Loops": 4,
                                  "Filter": "((kind_id > 1) AND (production_year > 2007))",
                                  "Rows Removed by Filter": 481445
                                }
                              ]
                            }
                          ]
                        }
                      ]
                    }
                  ]
                }
              ]
            }
          ]
        }
      ]
    },
    "Planning Time": 1.353,
    "Triggers": [],
    "Execution Time": 517.428
  }
]