[
    {
        "Bao": {
            "Bao prediction": "NaN",
            "Bao recommended hint": "(no hint)"
        }
    },
    {
        "Plan": {
            "Node Type": "Aggregate",
            "Strategy": "Plain",
            "Partial Mode": "Finalize",
            "Parallel Aware": false,
            "Startup Cost": 100880.42,
            "Total Cost": 100880.43,
            "Plan Rows": 1,
            "Plan Width": 8,
            "Actual Startup Time": 483.196,
            "Actual Total Time": 497.038,
            "Actual Rows": 1,
            "Actual Loops": 1,
            "Output": [
                "count(*)"
            ],
            "Plans": [
                {
                    "Node Type": "Gather",
                    "Parent Relationship": "Outer",
                    "Parallel Aware": false,
                    "Startup Cost": 100880.11,
                    "Total Cost": 100880.42,
                    "Plan Rows": 3,
                    "Plan Width": 8,
                    "Actual Startup Time": 480.585,
                    "Actual Total Time": 497.029,
                    "Actual Rows": 4,
                    "Actual Loops": 1,
                    "Output": [
                        "(PARTIAL count(*))"
                    ],
                    "Workers Planned": 3,
                    "Workers Launched": 3,
                    "Single Copy": false,
                    "Plans": [
                        {
                            "Node Type": "Aggregate",
                            "Strategy": "Plain",
                            "Partial Mode": "Partial",
                            "Parent Relationship": "Outer",
                            "Parallel Aware": false,
                            "Startup Cost": 99880.11,
                            "Total Cost": 99880.12,
                            "Plan Rows": 1,
                            "Plan Width": 8,
                            "Actual Startup Time": 471.63,
                            "Actual Total Time": 471.84,
                            "Actual Rows": 1,
                            "Actual Loops": 4,
                            "Output": [
                                "PARTIAL count(*)"
                            ],
                            "Workers": [
                                {
                                    "Worker Number": 0,
                                    "Actual Startup Time": 468.372,
                                    "Actual Total Time": 468.378,
                                    "Actual Rows": 1,
                                    "Actual Loops": 1
                                },
                                {
                                    "Worker Number": 1,
                                    "Actual Startup Time": 469.124,
                                    "Actual Total Time": 469.129,
                                    "Actual Rows": 1,
                                    "Actual Loops": 1
                                },
                                {
                                    "Worker Number": 2,
                                    "Actual Startup Time": 468.789,
                                    "Actual Total Time": 468.795,
                                    "Actual Rows": 1,
                                    "Actual Loops": 1
                                }
                            ],
                            "Plans": [
                                {
                                    "Node Type": "Hash Join",
                                    "Parent Relationship": "Outer",
                                    "Parallel Aware": true,
                                    "Join Type": "Inner",
                                    "Startup Cost": 73085.48,
                                    "Total Cost": 99818.24,
                                    "Plan Rows": 24747,
                                    "Plan Width": 0,
                                    "Actual Startup Time": 383.485,
                                    "Actual Total Time": 467.58,
                                    "Actual Rows": 79640,
                                    "Actual Loops": 4,
                                    "Inner Unique": false,
                                    "Hash Cond": "(mk.movie_id = t.id)",
                                    "Workers": [
                                        {
                                            "Worker Number": 0,
                                            "Actual Startup Time": 380.376,
                                            "Actual Total Time": 464.363,
                                            "Actual Rows": 67635,
                                            "Actual Loops": 1
                                        },
                                        {
                                            "Worker Number": 1,
                                            "Actual Startup Time": 380.371,
                                            "Actual Total Time": 465.15,
                                            "Actual Rows": 90608,
                                            "Actual Loops": 1
                                        },
                                        {
                                            "Worker Number": 2,
                                            "Actual Startup Time": 380.897,
                                            "Actual Total Time": 464.739,
                                            "Actual Rows": 69127,
                                            "Actual Loops": 1
                                        }
                                    ],
                                    "Plans": [
                                        {
                                            "Node Type": "Bitmap Heap Scan",
                                            "Parent Relationship": "Outer",
                                            "Parallel Aware": true,
                                            "Relation Name": "movie_keyword",
                                            "Schema": "public",
                                            "Alias": "mk",
                                            "Startup Cost": 8974.02,
                                            "Total Cost": 35133.31,
                                            "Plan Rows": 136424,
                                            "Plan Width": 4,
                                            "Actual Startup Time": 38.399,
                                            "Actual Total Time": 89.786,
                                            "Actual Rows": 102901,
                                            "Actual Loops": 4,
                                            "Output": [
                                                "mk.id",
                                                "mk.movie_id",
                                                "mk.keyword_id"
                                            ],
                                            "Recheck Cond": "(mk.keyword_id > 42033)",
                                            "Rows Removed by Index Recheck": 0,
                                            "Exact Heap Blocks": 6461,
                                            "Lossy Heap Blocks": 0,
                                            "Workers": [
                                                {
                                                    "Worker Number": 0,
                                                    "Actual Startup Time": 38.427,
                                                    "Actual Total Time": 91.425,
                                                    "Actual Rows": 87651,
                                                    "Actual Loops": 1
                                                },
                                                {
                                                    "Worker Number": 1,
                                                    "Actual Startup Time": 38.224,
                                                    "Actual Total Time": 91.219,
                                                    "Actual Rows": 118736,
                                                    "Actual Loops": 1
                                                },
                                                {
                                                    "Worker Number": 2,
                                                    "Actual Startup Time": 38.459,
                                                    "Actual Total Time": 91.545,
                                                    "Actual Rows": 88316,
                                                    "Actual Loops": 1
                                                }
                                            ],
                                            "Plans": [
                                                {
                                                    "Node Type": "Bitmap Index Scan",
                                                    "Parent Relationship": "Outer",
                                                    "Parallel Aware": false,
                                                    "Index Name": "keyword_id_movie_keyword",
                                                    "Startup Cost": 0.0,
                                                    "Total Cost": 8868.29,
                                                    "Plan Rows": 422914,
                                                    "Plan Width": 0,
                                                    "Actual Startup Time": 34.943,
                                                    "Actual Total Time": 34.944,
                                                    "Actual Rows": 411603,
                                                    "Actual Loops": 1,
                                                    "Index Cond": "(mk.keyword_id > 42033)",
                                                    "Workers": [
                                                        {
                                                            "Worker Number": 1,
                                                            "Actual Startup Time": 34.943,
                                                            "Actual Total Time": 34.944,
                                                            "Actual Rows": 411603,
                                                            "Actual Loops": 1
                                                        }
                                                    ]
                                                }
                                            ]
                                        },
                                        {
                                            "Node Type": "Hash",
                                            "Parent Relationship": "Inner",
                                            "Parallel Aware": true,
                                            "Startup Cost": 62678.24,
                                            "Total Cost": 62678.24,
                                            "Plan Rows": 114658,
                                            "Plan Width": 8,
                                            "Actual Startup Time": 343.229,
                                            "Actual Total Time": 343.436,
                                            "Actual Rows": 114981,
                                            "Actual Loops": 4,
                                            "Output": [
                                                "t.id",
                                                "mi_idx.movie_id"
                                            ],
                                            "Hash Buckets": 524288,
                                            "Original Hash Buckets": 524288,
                                            "Hash Batches": 1,
                                            "Original Hash Batches": 1,
                                            "Peak Memory Usage": 22176,
                                            "Workers": [
                                                {
                                                    "Worker Number": 0,
                                                    "Actual Startup Time": 341.478,
                                                    "Actual Total Time": 341.482,
                                                    "Actual Rows": 107160,
                                                    "Actual Loops": 1
                                                },
                                                {
                                                    "Worker Number": 1,
                                                    "Actual Startup Time": 341.736,
                                                    "Actual Total Time": 341.739,
                                                    "Actual Rows": 116430,
                                                    "Actual Loops": 1
                                                },
                                                {
                                                    "Worker Number": 2,
                                                    "Actual Startup Time": 341.792,
                                                    "Actual Total Time": 341.796,
                                                    "Actual Rows": 107388,
                                                    "Actual Loops": 1
                                                }
                                            ],
                                            "Plans": [
                                                {
                                                    "Node Type": "Hash Join",
                                                    "Parent Relationship": "Outer",
                                                    "Parallel Aware": true,
                                                    "Join Type": "Inner",
                                                    "Startup Cost": 17511.39,
                                                    "Total Cost": 62678.24,
                                                    "Plan Rows": 114658,
                                                    "Plan Width": 8,
                                                    "Actual Startup Time": 78.697,
                                                    "Actual Total Time": 302.662,
                                                    "Actual Rows": 114981,
                                                    "Actual Loops": 4,
                                                    "Output": [
                                                        "t.id",
                                                        "mi_idx.movie_id"
                                                    ],
                                                    "Inner Unique": false,
                                                    "Hash Cond": "(t.id = mi_idx.movie_id)",
                                                    "Workers": [
                                                        {
                                                            "Worker Number": 0,
                                                            "Actual Startup Time": 76.939,
                                                            "Actual Total Time": 301.23,
                                                            "Actual Rows": 107160,
                                                            "Actual Loops": 1
                                                        },
                                                        {
                                                            "Worker Number": 1,
                                                            "Actual Startup Time": 77.148,
                                                            "Actual Total Time": 302.462,
                                                            "Actual Rows": 116430,
                                                            "Actual Loops": 1
                                                        },
                                                        {
                                                            "Worker Number": 2,
                                                            "Actual Startup Time": 77.313,
                                                            "Actual Total Time": 301.18,
                                                            "Actual Rows": 107388,
                                                            "Actual Loops": 1
                                                        }
                                                    ],
                                                    "Plans": [
                                                        {
                                                            "Node Type": "Seq Scan",
                                                            "Parent Relationship": "Outer",
                                                            "Parallel Aware": true,
                                                            "Relation Name": "title",
                                                            "Schema": "public",
                                                            "Alias": "t",
                                                            "Startup Cost": 0.0,
                                                            "Total Cost": 42318.81,
                                                            "Plan Rows": 632080,
                                                            "Plan Width": 4,
                                                            "Actual Startup Time": 0.009,
                                                            "Actual Total Time": 69.784,
                                                            "Actual Rows": 632078,
                                                            "Actual Loops": 4,
                                                            "Output": [
                                                                "t.id",
                                                                "t.title",
                                                                "t.imdb_index",
                                                                "t.kind_id",
                                                                "t.production_year",
                                                                "t.imdb_id",
                                                                "t.phonetic_code",
                                                                "t.episode_of_id",
                                                                "t.season_nr",
                                                                "t.episode_nr",
                                                                "t.series_years",
                                                                "t.md5sum"
                                                            ],
                                                            "Workers": [
                                                                {
                                                                    "Worker Number": 0,
                                                                    "Actual Startup Time": 0.011,
                                                                    "Actual Total Time": 72.796,
                                                                    "Actual Rows": 590536,
                                                                    "Actual Loops": 1
                                                                },
                                                                {
                                                                    "Worker Number": 1,
                                                                    "Actual Startup Time": 0.007,
                                                                    "Actual Total Time": 73.385,
                                                                    "Actual Rows": 635487,
                                                                    "Actual Loops": 1
                                                                },
                                                                {
                                                                    "Worker Number": 2,
                                                                    "Actual Startup Time": 0.011,
                                                                    "Actual Total Time": 73.064,
                                                                    "Actual Rows": 588269,
                                                                    "Actual Loops": 1
                                                                }
                                                            ]
                                                        },
                                                        {
                                                            "Node Type": "Hash",
                                                            "Parent Relationship": "Inner",
                                                            "Parallel Aware": true,
                                                            "Startup Cost": 15122.68,
                                                            "Total Cost": 15122.68,
                                                            "Plan Rows": 191097,
                                                            "Plan Width": 4,
                                                            "Actual Startup Time": 77.709,
                                                            "Actual Total Time": 77.71,
                                                            "Actual Rows": 114981,
                                                            "Actual Loops": 4,
                                                            "Output": [
                                                                "mi_idx.movie_id"
                                                            ],
                                                            "Hash Buckets": 524288,
                                                            "Original Hash Buckets": 524288,
                                                            "Hash Batches": 1,
                                                            "Original Hash Batches": 1,
                                                            "Peak Memory Usage": 22144,
                                                            "Workers": [
                                                                {
                                                                    "Worker Number": 0,
                                                                    "Actual Startup Time": 76.756,
                                                                    "Actual Total Time": 76.758,
                                                                    "Actual Rows": 94670,
                                                                    "Actual Loops": 1
                                                                },
                                                                {
                                                                    "Worker Number": 1,
                                                                    "Actual Startup Time": 76.982,
                                                                    "Actual Total Time": 76.983,
                                                                    "Actual Rows": 101450,
                                                                    "Actual Loops": 1
                                                                },
                                                                {
                                                                    "Worker Number": 2,
                                                                    "Actual Startup Time": 77.165,
                                                                    "Actual Total Time": 77.166,
                                                                    "Actual Rows": 99424,
                                                                    "Actual Loops": 1
                                                                }
                                                            ],
                                                            "Plans": [
                                                                {
                                                                    "Node Type": "Seq Scan",
                                                                    "Parent Relationship": "Outer",
                                                                    "Parallel Aware": true,
                                                                    "Relation Name": "movie_info_idx",
                                                                    "Schema": "public",
                                                                    "Alias": "mi_idx",
                                                                    "Startup Cost": 0.0,
                                                                    "Total Cost": 15122.68,
                                                                    "Plan Rows": 191097,
                                                                    "Plan Width": 4,
                                                                    "Actual Startup Time": 0.059,
                                                                    "Actual Total Time": 40.757,
                                                                    "Actual Rows": 114981,
                                                                    "Actual Loops": 4,
                                                                    "Output": [
                                                                        "mi_idx.movie_id"
                                                                    ],
                                                                    "Filter": "(mi_idx.info_type_id = 101)",
                                                                    "Rows Removed by Filter": 230028,
                                                                    "Workers": [
                                                                        {
                                                                            "Worker Number": 0,
                                                                            "Actual Startup Time": 0.066,
                                                                            "Actual Total Time": 40.94,
                                                                            "Actual Rows": 94670,
                                                                            "Actual Loops": 1
                                                                        },
                                                                        {
                                                                            "Worker Number": 1,
                                                                            "Actual Startup Time": 0.081,
                                                                            "Actual Total Time": 42.35,
                                                                            "Actual Rows": 101450,
                                                                            "Actual Loops": 1
                                                                        },
                                                                        {
                                                                            "Worker Number": 2,
                                                                            "Actual Startup Time": 0.076,
                                                                            "Actual Total Time": 41.242,
                                                                            "Actual Rows": 99424,
                                                                            "Actual Loops": 1
                                                                        }
                                                                    ]
                                                                }
                                                            ]
                                                        }
                                                    ]
                                                }
                                            ]
                                        }
                                    ]
                                }
                            ]
                        }
                    ]
                }
            ]
        },
        "Planning Time": 178.259,
        "Triggers": [],
        "Execution Time": 497.117
    }
]