[
  {
    "Plan": {
      "Node Type": "Aggregate",
      "Strategy": "Plain",
      "Partial Mode": "Finalize",
      "Parallel Aware": false,
      "Startup Cost": 75624.59,
      "Total Cost": 75624.6,
      "Plan Rows": 1,
      "Plan Width": 8,
      "Actual Startup Time": 527.541,
      "Actual Total Time": 547.468,
      "Actual Rows": 1,
      "Actual Loops": 1,
      "Plans": [
        {
          "Node Type": "Gather",
          "Parent Relationship": "Outer",
          "Parallel Aware": false,
          "Startup Cost": 75624.27,
          "Total Cost": 75624.58,
          "Plan Rows": 3,
          "Plan Width": 8,
          "Actual Startup Time": 516.2,
          "Actual Total Time": 547.455,
          "Actual Rows": 4,
          "Actual Loops": 1,
          "Workers Planned": 3,
          "Workers Launched": 3,
          "Single Copy": false,
          "Plans": [
            {
              "Node Type": "Aggregate",
              "Strategy": "Plain",
              "Partial Mode": "Partial",
              "Parent Relationship": "Outer",
              "Parallel Aware": false,
              "Startup Cost": 74624.27,
              "Total Cost": 74624.28,
              "Plan Rows": 1,
              "Plan Width": 8,
              "Actual Startup Time": 498.078,
              "Actual Total Time": 498.084,
              "Actual Rows": 1,
              "Actual Loops": 4,
              "Plans": [
                {
                  "Node Type": "Hash Join",
                  "Parent Relationship": "Outer",
                  "Parallel Aware": true,
                  "Join Type": "Inner",
                  "Startup Cost": 54667.4,
                  "Total Cost": 74458.76,
                  "Plan Rows": 66205,
                  "Plan Width": 0,
                  "Actual Startup Time": 427.49,
                  "Actual Total Time": 494.969,
                  "Actual Rows": 49782,
                  "Actual Loops": 4,
                  "Inner Unique": true,
                  "Hash Cond": "(mc.movie_id = t.id)",
                  "Plans": [
                    {
                      "Node Type": "Bitmap Heap Scan",
                      "Parent Relationship": "Outer",
                      "Parallel Aware": true,
                      "Relation Name": "movie_companies",
                      "Alias": "mc",
                      "Startup Cost": 4447.02,
                      "Total Cost": 24064.59,
                      "Plan Rows": 66205,
                      "Plan Width": 4,
                      "Actual Startup Time": 10.328,
                      "Actual Total Time": 39.664,
                      "Actual Rows": 49782,
                      "Actual Loops": 4,
                      "Recheck Cond": "(company_id < 60)",
                      "Rows Removed by Index Recheck": 0,
                      "Exact Heap Blocks": 6667,
                      "Lossy Heap Blocks": 0,
                      "Plans": [
                        {
                          "Node Type": "Bitmap Index Scan",
                          "Parent Relationship": "Outer",
                          "Parallel Aware": false,
                          "Index Name": "company_id_movie_companies",
                          "Startup Cost": 0.0,
                          "Total Cost": 4395.71,
                          "Plan Rows": 205237,
                          "Plan Width": 0,
                          "Actual Startup Time": 8.01,
                          "Actual Total Time": 8.011,
                          "Actual Rows": 199127,
                          "Actual Loops": 1,
                          "Index Cond": "(company_id < 60)"
                        }
                      ]
                    },
                    {
                      "Node Type": "Hash",
                      "Parent Relationship": "Inner",
                      "Parallel Aware": true,
                      "Startup Cost": 42319.06,
                      "Total Cost": 42319.06,
                      "Plan Rows": 632106,
                      "Plan Width": 4,
                      "Actual Startup Time": 405.919,
                      "Actual Total Time": 405.921,
                      "Actual Rows": 632078,
                      "Actual Loops": 4,
                      "Hash Buckets": 4194304,
                      "Original Hash Buckets": 4194304,
                      "Hash Batches": 1,
                      "Original Hash Batches": 1,
                      "Peak Memory Usage": 131776,
                      "Plans": [
                        {
                          "Node Type": "Seq Scan",
                          "Parent Relationship": "Outer",
                          "Parallel Aware": true,
                          "Relation Name": "title",
                          "Alias": "t",
                          "Startup Cost": 0.0,
                          "Total Cost": 42319.06,
                          "Plan Rows": 632106,
                          "Plan Width": 4,
                          "Actual Startup Time": 0.059,
                          "Actual Total Time": 119.353,
                          "Actual Rows": 632078,
                          "Actual Loops": 4
                        }
                      ]
                    }
                  ]
                }
              ]
            }
          ]
        }
      ]
    },
    "Planning Time": 0.644,
    "Triggers": [],
    "Execution Time": 547.557
  }
]