{
  "Plan": {
    "Node Type": "Hash Join",
    "Parallel Aware": false,
    "Join Type": "Inner",
    "Startup Cost": 54075.85,
    "Total Cost": 146214.91,
    "Plan Rows": 518519,
    "Plan Width": 4,
    "Actual Startup Time": 322.016,
    "Actual Total Time": 1231.24,
    "Actual Rows": 521808,
    "Actual Loops": 1,
    "Inner Unique": true,
    "Hash Cond": "(mc.company_id = cn.id)",
    "Plans": [
      {
        "Node Type": "Hash Join",
        "Parent Relationship": "Outer",
        "Parallel Aware": false,
        "Join Type": "Inner",
        "Startup Cost": 45793.42,
        "Total Cost": 136571.34,
        "Plan Rows": 518519,
        "Plan Width": 4,
        "Actual Startup Time": 253.409,
        "Actual Total Time": 1084.13,
        "Actual Rows": 521808,
        "Actual Loops": 1,
        "Inner Unique": true,
        "Hash Cond": "(t.kind_id = kt.id)",
        "Plans": [
          {
            "Node Type": "Hash Join",
            "Parent Relationship": "Outer",
            "Parallel Aware": false,
            "Join Type": "Inner",
            "Startup Cost": 45792.26,
            "Total Cost": 134385.0,
            "Plan Rows": 518519,
            "Plan Width": 8,
            "Actual Startup Time": 253.385,
            "Actual Total Time": 1026.177,
            "Actual Rows": 521808,
            "Actual Loops": 1,
            "Inner Unique": false,
            "Hash Cond": "(t.id = mc.movie_id)",
            "Plans": [
              {
                "Node Type": "Seq Scan",
                "Parent Relationship": "Outer",
                "Parallel Aware": false,
                "Relation Name": "title",
                "Alias": "t",
                "Startup Cost": 0.0,
                "Total Cost": 61283.09,
                "Plan Rows": 2528509,
                "Plan Width": 8,
                "Actual Startup Time": 0.008,
                "Actual Total Time": 196.873,
                "Actual Rows": 2528312,
                "Actual Loops": 1
              },
              {
                "Node Type": "Hash",
                "Parent Relationship": "Inner",
                "Parallel Aware": false,
                "Startup Cost": 39310.78,
                "Total Cost": 39310.78,
                "Plan Rows": 518519,
                "Plan Width": 8,
                "Actual Startup Time": 252.616,
                "Actual Total Time": 252.621,
                "Actual Rows": 521808,
                "Actual Loops": 1,
                "Hash Buckets": 524288,
                "Original Hash Buckets": 524288,
                "Hash Batches": 1,
                "Original Hash Batches": 1,
                "Peak Memory Usage": 24480,
                "Plans": [
                  {
                    "Node Type": "Hash Join",
                    "Parent Relationship": "Outer",
                    "Parallel Aware": false,
                    "Join Type": "Inner",
                    "Startup Cost": 11236.04,
                    "Total Cost": 39310.78,
                    "Plan Rows": 518519,
                    "Plan Width": 8,
                    "Actual Startup Time": 21.306,
                    "Actual Total Time": 176.324,
                    "Actual Rows": 521808,
                    "Actual Loops": 1,
                    "Inner Unique": true,
                    "Hash Cond": "(mc.company_type_id = ct.id)",
                    "Plans": [
                      {
                        "Node Type": "Bitmap Heap Scan",
                        "Parent Relationship": "Outer",
                        "Parallel Aware": false,
                        "Relation Name": "movie_companies",
                        "Alias": "mc",
                        "Startup Cost": 11234.95,
                        "Total Cost": 36506.44,
                        "Plan Rows": 518519,
                        "Plan Width": 12,
                        "Actual Startup Time": 21.285,
                        "Actual Total Time": 99.402,
                        "Actual Rows": 521808,
                        "Actual Loops": 1,
                        "Recheck Cond": "(company_id < 476)",
                        "Rows Removed by Index Recheck": 0,
                        "Exact Heap Blocks": 18355,
                        "Lossy Heap Blocks": 0,
                        "Plans": [
                          {
                            "Node Type": "Bitmap Index Scan",
                            "Parent Relationship": "Outer",
                            "Parallel Aware": false,
                            "Index Name": "company_id_movie_companies",
                            "Startup Cost": 0.0,
                            "Total Cost": 11105.32,
                            "Plan Rows": 518519,
                            "Plan Width": 0,
                            "Actual Startup Time": 19.056,
                            "Actual Total Time": 19.056,
                            "Actual Rows": 521808,
                            "Actual Loops": 1,
                            "Index Cond": "(company_id < 476)"
                          }
                        ]
                      },
                      {
                        "Node Type": "Hash",
                        "Parent Relationship": "Inner",
                        "Parallel Aware": false,
                        "Startup Cost": 1.04,
                        "Total Cost": 1.04,
                        "Plan Rows": 4,
                        "Plan Width": 4,
                        "Actual Startup Time": 0.011,
                        "Actual Total Time": 0.012,
                        "Actual Rows": 4,
                        "Actual Loops": 1,
                        "Hash Buckets": 1024,
                        "Original Hash Buckets": 1024,
                        "Hash Batches": 1,
                        "Original Hash Batches": 1,
                        "Peak Memory Usage": 9,
                        "Plans": [
                          {
                            "Node Type": "Seq Scan",
                            "Parent Relationship": "Outer",
                            "Parallel Aware": false,
                            "Relation Name": "company_type",
                            "Alias": "ct",
                            "Startup Cost": 0.0,
                            "Total Cost": 1.04,
                            "Plan Rows": 4,
                            "Plan Width": 4,
                            "Actual Startup Time": 0.008,
                            "Actual Total Time": 0.009,
                            "Actual Rows": 4,
                            "Actual Loops": 1
                          }
                        ]
                      }
                    ]
                  }
                ]
              }
            ]
          },
          {
            "Node Type": "Hash",
            "Parent Relationship": "Inner",
            "Parallel Aware": false,
            "Startup Cost": 1.07,
            "Total Cost": 1.07,
            "Plan Rows": 7,
            "Plan Width": 4,
            "Actual Startup Time": 0.014,
            "Actual Total Time": 0.015,
            "Actual Rows": 7,
            "Actual Loops": 1,
            "Hash Buckets": 1024,
            "Original Hash Buckets": 1024,
            "Hash Batches": 1,
            "Original Hash Batches": 1,
            "Peak Memory Usage": 9,
            "Plans": [
              {
                "Node Type": "Seq Scan",
                "Parent Relationship": "Outer",
                "Parallel Aware": false,
                "Relation Name": "kind_type",
                "Alias": "kt",
                "Startup Cost": 0.0,
                "Total Cost": 1.07,
                "Plan Rows": 7,
                "Plan Width": 4,
                "Actual Startup Time": 0.01,
                "Actual Total Time": 0.012,
                "Actual Rows": 7,
                "Actual Loops": 1
              }
            ]
          }
        ]
      },
      {
        "Node Type": "Hash",
        "Parent Relationship": "Inner",
        "Parallel Aware": false,
        "Startup Cost": 5344.97,
        "Total Cost": 5344.97,
        "Plan Rows": 234997,
        "Plan Width": 4,
        "Actual Startup Time": 68.255,
        "Actual Total Time": 68.256,
        "Actual Rows": 234997,
        "Actual Loops": 1,
        "Hash Buckets": 262144,
        "Original Hash Buckets": 262144,
        "Hash Batches": 1,
        "Original Hash Batches": 1,
        "Peak Memory Usage": 10310,
        "Plans": [
          {
            "Node Type": "Seq Scan",
            "Parent Relationship": "Outer",
            "Parallel Aware": false,
            "Relation Name": "company_name",
            "Alias": "cn",
            "Startup Cost": 0.0,
            "Total Cost": 5344.97,
            "Plan Rows": 234997,
            "Plan Width": 4,
            "Actual Startup Time": 0.025,
            "Actual Total Time": 33.022,
            "Actual Rows": 234997,
            "Actual Loops": 1
          }
        ]
      }
    ]
  },
  "Planning Time": 0.904,
  "Triggers": [],
  "Execution Time": 1246.809
}