{
  "Plan": {
    "Node Type": "Aggregate",
    "Strategy": "Plain",
    "Partial Mode": "Finalize",
    "Parallel Aware": false,
    "Startup Cost": 107990.91,
    "Total Cost": 107990.92,
    "Plan Rows": 1,
    "Plan Width": 8,
    "Actual Startup Time": 700.715,
    "Actual Total Time": 720.761,
    "Actual Rows": 1,
    "Actual Loops": 1,
    "Plans": [
      {
        "Node Type": "Gather",
        "Parent Relationship": "Outer",
        "Parallel Aware": false,
        "Startup Cost": 107990.8,
        "Total Cost": 107990.91,
        "Plan Rows": 1,
        "Plan Width": 8,
        "Actual Startup Time": 694.862,
        "Actual Total Time": 720.751,
        "Actual Rows": 2,
        "Actual Loops": 1,
        "Workers Planned": 1,
        "Workers Launched": 1,
        "Single Copy": false,
        "Plans": [
          {
            "Node Type": "Aggregate",
            "Strategy": "Plain",
            "Partial Mode": "Partial",
            "Parent Relationship": "Outer",
            "Parallel Aware": false,
            "Startup Cost": 106990.8,
            "Total Cost": 106990.81,
            "Plan Rows": 1,
            "Plan Width": 8,
            "Actual Startup Time": 686.931,
            "Actual Total Time": 686.935,
            "Actual Rows": 1,
            "Actual Loops": 2,
            "Plans": [
              {
                "Node Type": "Hash Join",
                "Parent Relationship": "Outer",
                "Parallel Aware": true,
                "Join Type": "Inner",
                "Startup Cost": 77982.4,
                "Total Cost": 106495.84,
                "Plan Rows": 197984,
                "Plan Width": 0,
                "Actual Startup Time": 522.695,
                "Actual Total Time": 681.094,
                "Actual Rows": 106663,
                "Actual Loops": 2,
                "Inner Unique": true,
                "Hash Cond": "(mk.movie_id = t.id)",
                "Plans": [
                  {
                    "Node Type": "Bitmap Heap Scan",
                    "Parent Relationship": "Outer",
                    "Parallel Aware": true,
                    "Relation Name": "movie_keyword",
                    "Alias": "mk",
                    "Startup Cost": 9680.5,
                    "Total Cost": 37489.41,
                    "Plan Rows": 268392,
                    "Plan Width": 4,
                    "Actual Startup Time": 29.552,
                    "Actual Total Time": 106.768,
                    "Actual Rows": 236272,
                    "Actual Loops": 2,
                    "Recheck Cond": "(keyword_id < 359)",
                    "Rows Removed by Index Recheck": 0,
                    "Exact Heap Blocks": 15856,
                    "Lossy Heap Blocks": 0,
                    "Plans": [
                      {
                        "Node Type": "Bitmap Index Scan",
                        "Parent Relationship": "Outer",
                        "Parallel Aware": false,
                        "Index Name": "keyword_id_movie_keyword",
                        "Startup Cost": 0.0,
                        "Total Cost": 9566.44,
                        "Plan Rows": 456267,
                        "Plan Width": 0,
                        "Actual Startup Time": 25.949,
                        "Actual Total Time": 25.95,
                        "Actual Rows": 472545,
                        "Actual Loops": 1,
                        "Index Cond": "(keyword_id < 359)"
                      }
                    ]
                  },
                  {
                    "Node Type": "Hash",
                    "Parent Relationship": "Inner",
                    "Parallel Aware": true,
                    "Startup Cost": 54588.39,
                    "Total Cost": 54588.39,
                    "Plan Rows": 1097081,
                    "Plan Width": 4,
                    "Actual Startup Time": 478.522,
                    "Actual Total Time": 478.523,
                    "Actual Rows": 932744,
                    "Actual Loops": 2,
                    "Hash Buckets": 2097152,
                    "Original Hash Buckets": 2097152,
                    "Hash Batches": 1,
                    "Original Hash Batches": 1,
                    "Peak Memory Usage": 89408,
                    "Plans": [
                      {
                        "Node Type": "Seq Scan",
                        "Parent Relationship": "Outer",
                        "Parallel Aware": true,
                        "Relation Name": "title",
                        "Alias": "t",
                        "Startup Cost": 0.0,
                        "Total Cost": 54588.39,
                        "Plan Rows": 1097081,
                        "Plan Width": 4,
                        "Actual Startup Time": 0.029,
                        "Actual Total Time": 199.232,
                        "Actual Rows": 932744,
                        "Actual Loops": 2,
                        "Filter": "(kind_id > 1)",
                        "Rows Removed by Filter": 331412
                      }
                    ]
                  }
                ]
              }
            ]
          }
        ]
      }
    ]
  },
  "Planning Time": 0.611,
  "Triggers": [],
  "Execution Time": 720.854
}