{
  "Plan": {
    "Node Type": "Aggregate",
    "Strategy": "Plain",
    "Partial Mode": "Finalize",
    "Parallel Aware": false,
    "Startup Cost": 129248.96,
    "Total Cost": 129248.97,
    "Plan Rows": 1,
    "Plan Width": 8,
    "Actual Startup Time": 657.582,
    "Actual Total Time": 674.711,
    "Actual Rows": 1,
    "Actual Loops": 1,
    "Plans": [
      {
        "Node Type": "Gather",
        "Parent Relationship": "Outer",
        "Parallel Aware": false,
        "Startup Cost": 129248.85,
        "Total Cost": 129248.96,
        "Plan Rows": 1,
        "Plan Width": 8,
        "Actual Startup Time": 656.078,
        "Actual Total Time": 674.702,
        "Actual Rows": 2,
        "Actual Loops": 1,
        "Workers Planned": 1,
        "Workers Launched": 1,
        "Single Copy": false,
        "Plans": [
          {
            "Node Type": "Aggregate",
            "Strategy": "Plain",
            "Partial Mode": "Partial",
            "Parent Relationship": "Outer",
            "Parallel Aware": false,
            "Startup Cost": 128248.85,
            "Total Cost": 128248.86,
            "Plan Rows": 1,
            "Plan Width": 8,
            "Actual Startup Time": 651.223,
            "Actual Total Time": 651.227,
            "Actual Rows": 1,
            "Actual Loops": 2,
            "Plans": [
              {
                "Node Type": "Hash Join",
                "Parent Relationship": "Outer",
                "Parallel Aware": true,
                "Join Type": "Inner",
                "Startup Cost": 62454.72,
                "Total Cost": 126833.41,
                "Plan Rows": 566178,
                "Plan Width": 0,
                "Actual Startup Time": 221.389,
                "Actual Total Time": 619.93,
                "Actual Rows": 810958,
                "Actual Loops": 2,
                "Inner Unique": true,
                "Hash Cond": "(mk.movie_id = t.id)",
                "Plans": [
                  {
                    "Node Type": "Seq Scan",
                    "Parent Relationship": "Outer",
                    "Parallel Aware": true,
                    "Relation Name": "movie_keyword",
                    "Alias": "mk",
                    "Startup Cost": 0.0,
                    "Total Cost": 57718.19,
                    "Plan Rows": 2537328,
                    "Plan Width": 4,
                    "Actual Startup Time": 0.02,
                    "Actual Total Time": 196.072,
                    "Actual Rows": 2151266,
                    "Actual Loops": 2,
                    "Filter": "(keyword_id > 171)",
                    "Rows Removed by Filter": 110700
                  },
                  {
                    "Node Type": "Hash",
                    "Parent Relationship": "Inner",
                    "Parallel Aware": true,
                    "Startup Cost": 58306.47,
                    "Total Cost": 58306.47,
                    "Plan Rows": 331860,
                    "Plan Width": 4,
                    "Actual Startup Time": 211.961,
                    "Actual Total Time": 211.962,
                    "Actual Rows": 238584,
                    "Actual Loops": 2,
                    "Hash Buckets": 1048576,
                    "Original Hash Buckets": 1048576,
                    "Hash Batches": 1,
                    "Original Hash Batches": 1,
                    "Peak Memory Usage": 26880,
                    "Plans": [
                      {
                        "Node Type": "Seq Scan",
                        "Parent Relationship": "Outer",
                        "Parallel Aware": true,
                        "Relation Name": "title",
                        "Alias": "t",
                        "Startup Cost": 0.0,
                        "Total Cost": 58306.47,
                        "Plan Rows": 331860,
                        "Plan Width": 4,
                        "Actual Startup Time": 0.032,
                        "Actual Total Time": 149.815,
                        "Actual Rows": 238584,
                        "Actual Loops": 2,
                        "Filter": "((kind_id < 7) AND (production_year > 1999))",
                        "Rows Removed by Filter": 1025572
                      }
                    ]
                  }
                ]
              }
            ]
          }
        ]
      }
    ]
  },
  "Planning Time": 0.589,
  "Triggers": [],
  "Execution Time": 674.777
}