[
  {
    "Plan": {
      "Node Type": "Aggregate",
      "Strategy": "Plain",
      "Partial Mode": "Finalize",
      "Parallel Aware": false,
      "Startup Cost": 45391.44,
      "Total Cost": 45391.45,
      "Plan Rows": 1,
      "Plan Width": 8,
      "Actual Startup Time": 132.189,
      "Actual Total Time": 141.607,
      "Actual Rows": 1,
      "Actual Loops": 1,
      "Plans": [
        {
          "Node Type": "Gather",
          "Parent Relationship": "Outer",
          "Parallel Aware": false,
          "Startup Cost": 45391.12,
          "Total Cost": 45391.43,
          "Plan Rows": 3,
          "Plan Width": 8,
          "Actual Startup Time": 131.904,
          "Actual Total Time": 141.597,
          "Actual Rows": 4,
          "Actual Loops": 1,
          "Workers Planned": 3,
          "Workers Launched": 3,
          "Single Copy": false,
          "Plans": [
            {
              "Node Type": "Aggregate",
              "Strategy": "Plain",
              "Partial Mode": "Partial",
              "Parent Relationship": "Outer",
              "Parallel Aware": false,
              "Startup Cost": 44391.12,
              "Total Cost": 44391.13,
              "Plan Rows": 1,
              "Plan Width": 8,
              "Actual Startup Time": 128.158,
              "Actual Total Time": 128.159,
              "Actual Rows": 1,
              "Actual Loops": 4,
              "Plans": [
                {
                  "Node Type": "Seq Scan",
                  "Parent Relationship": "Outer",
                  "Parallel Aware": true,
                  "Relation Name": "movie_keyword",
                  "Alias": "mk",
                  "Startup Cost": 0.0,
                  "Total Cost": 42695.65,
                  "Plan Rows": 678188,
                  "Plan Width": 0,
                  "Actual Startup Time": 0.698,
                  "Actual Total Time": 105.264,
                  "Actual Rows": 521704,
                  "Actual Loops": 4,
                  "Filter": "(keyword_id > 5792)",
                  "Rows Removed by Filter": 609279
                }
              ]
            }
          ]
        }
      ]
    },
    "Planning Time": 0.166,
    "Triggers": [],
    "Execution Time": 141.656
  }
]