[
    {
        "Bao": {
            "Bao prediction": "NaN",
            "Bao recommended hint": "(no hint)"
        }
    },
    {
        "Plan": {
            "Node Type": "Aggregate",
            "Strategy": "Plain",
            "Partial Mode": "Finalize",
            "Parallel Aware": false,
            "Startup Cost": 32734.74,
            "Total Cost": 32734.75,
            "Plan Rows": 1,
            "Plan Width": 8,
            "Actual Startup Time": 85.934,
            "Actual Total Time": 90.956,
            "Actual Rows": 1,
            "Actual Loops": 1,
            "Output": [
                "count(*)"
            ],
            "Plans": [
                {
                    "Node Type": "Gather",
                    "Parent Relationship": "Outer",
                    "Parallel Aware": false,
                    "Startup Cost": 32734.42,
                    "Total Cost": 32734.73,
                    "Plan Rows": 3,
                    "Plan Width": 8,
                    "Actual Startup Time": 85.854,
                    "Actual Total Time": 90.948,
                    "Actual Rows": 4,
                    "Actual Loops": 1,
                    "Output": [
                        "(PARTIAL count(*))"
                    ],
                    "Workers Planned": 3,
                    "Workers Launched": 3,
                    "Single Copy": false,
                    "Plans": [
                        {
                            "Node Type": "Aggregate",
                            "Strategy": "Plain",
                            "Partial Mode": "Partial",
                            "Parent Relationship": "Outer",
                            "Parallel Aware": false,
                            "Startup Cost": 31734.42,
                            "Total Cost": 31734.43,
                            "Plan Rows": 1,
                            "Plan Width": 8,
                            "Actual Startup Time": 77.777,
                            "Actual Total Time": 77.779,
                            "Actual Rows": 1,
                            "Actual Loops": 4,
                            "Output": [
                                "PARTIAL count(*)"
                            ],
                            "Workers": [
                                {
                                    "Worker Number": 0,
                                    "Actual Startup Time": 74.877,
                                    "Actual Total Time": 74.879,
                                    "Actual Rows": 1,
                                    "Actual Loops": 1
                                },
                                {
                                    "Worker Number": 1,
                                    "Actual Startup Time": 75.229,
                                    "Actual Total Time": 75.23,
                                    "Actual Rows": 1,
                                    "Actual Loops": 1
                                },
                                {
                                    "Worker Number": 2,
                                    "Actual Startup Time": 75.483,
                                    "Actual Total Time": 75.485,
                                    "Actual Rows": 1,
                                    "Actual Loops": 1
                                }
                            ],
                            "Plans": [
                                {
                                    "Node Type": "Seq Scan",
                                    "Parent Relationship": "Outer",
                                    "Parallel Aware": true,
                                    "Relation Name": "movie_companies",
                                    "Schema": "public",
                                    "Alias": "mc",
                                    "Startup Cost": 0.0,
                                    "Total Cost": 31414.82,
                                    "Plan Rows": 127841,
                                    "Plan Width": 0,
                                    "Actual Startup Time": 22.275,
                                    "Actual Total Time": 76.502,
                                    "Actual Rows": 19146,
                                    "Actual Loops": 4,
                                    "Output": [
                                        "id",
                                        "movie_id",
                                        "company_id",
                                        "company_type_id",
                                        "note"
                                    ],
                                    "Filter": "((mc.company_id > 29153) AND (mc.company_type_id < 2))",
                                    "Rows Removed by Filter": 633136,
                                    "Workers": [
                                        {
                                            "Worker Number": 0,
                                            "Actual Startup Time": 19.389,
                                            "Actual Total Time": 73.667,
                                            "Actual Rows": 14958,
                                            "Actual Loops": 1
                                        },
                                        {
                                            "Worker Number": 1,
                                            "Actual Startup Time": 19.72,
                                            "Actual Total Time": 74.081,
                                            "Actual Rows": 18530,
                                            "Actual Loops": 1
                                        },
                                        {
                                            "Worker Number": 2,
                                            "Actual Startup Time": 19.986,
                                            "Actual Total Time": 74.29,
                                            "Actual Rows": 19702,
                                            "Actual Loops": 1
                                        }
                                    ]
                                }
                            ]
                        }
                    ]
                }
            ]
        },
        "Planning Time": 305.64,
        "Triggers": [],
        "Execution Time": 91.018
    }
]