{
    "Plan": {
        "Node Type": "Aggregate",
        "Strategy": "Plain",
        "Partial Mode": "Finalize",
        "Parallel Aware": false,
        "Startup Cost": 106254.04,
        "Total Cost": 106254.05,
        "Plan Rows": 1,
        "Plan Width": 8,
        "Actual Startup Time": 197.081,
        "Actual Total Time": 212.39,
        "Actual Rows": 1,
        "Actual Loops": 1,
        "Output": [
            "count(*)"
        ],
        "Plans": [
            {
                "Node Type": "Gather",
                "Parent Relationship": "Outer",
                "Parallel Aware": false,
                "Startup Cost": 106253.73,
                "Total Cost": 106254.04,
                "Plan Rows": 3,
                "Plan Width": 8,
                "Actual Startup Time": 196.739,
                "Actual Total Time": 212.383,
                "Actual Rows": 4,
                "Actual Loops": 1,
                "Output": [
                    "(PARTIAL count(*))"
                ],
                "Workers Planned": 3,
                "Workers Launched": 3,
                "Single Copy": false,
                "Plans": [
                    {
                        "Node Type": "Aggregate",
                        "Strategy": "Plain",
                        "Partial Mode": "Partial",
                        "Parent Relationship": "Outer",
                        "Parallel Aware": false,
                        "Startup Cost": 105253.73,
                        "Total Cost": 105253.74,
                        "Plan Rows": 1,
                        "Plan Width": 8,
                        "Actual Startup Time": 186.955,
                        "Actual Total Time": 186.958,
                        "Actual Rows": 1,
                        "Actual Loops": 4,
                        "Output": [
                            "PARTIAL count(*)"
                        ],
                        "Workers": [
                            {
                                "Worker Number": 0,
                                "Actual Startup Time": 183.733,
                                "Actual Total Time": 183.737,
                                "Actual Rows": 1,
                                "Actual Loops": 1
                            },
                            {
                                "Worker Number": 1,
                                "Actual Startup Time": 183.736,
                                "Actual Total Time": 183.739,
                                "Actual Rows": 1,
                                "Actual Loops": 1
                            },
                            {
                                "Worker Number": 2,
                                "Actual Startup Time": 184.329,
                                "Actual Total Time": 184.333,
                                "Actual Rows": 1,
                                "Actual Loops": 1
                            }
                        ],
                        "Plans": [
                            {
                                "Node Type": "Nested Loop",
                                "Parent Relationship": "Outer",
                                "Parallel Aware": false,
                                "Join Type": "Inner",
                                "Startup Cost": 45842.44,
                                "Total Cost": 105103.26,
                                "Plan Rows": 60187,
                                "Plan Width": 0,
                                "Actual Startup Time": 139.097,
                                "Actual Total Time": 186.927,
                                "Actual Rows": 272,
                                "Actual Loops": 4,
                                "Inner Unique": false,
                                "Join Filter": "(t.id = mi.movie_id)",
                                "Rows Removed by Join Filter": 0,
                                "Workers": [
                                    {
                                        "Worker Number": 0,
                                        "Actual Startup Time": 140.462,
                                        "Actual Total Time": 183.709,
                                        "Actual Rows": 171,
                                        "Actual Loops": 1
                                    },
                                    {
                                        "Worker Number": 1,
                                        "Actual Startup Time": 132.44,
                                        "Actual Total Time": 183.7,
                                        "Actual Rows": 318,
                                        "Actual Loops": 1
                                    },
                                    {
                                        "Worker Number": 2,
                                        "Actual Startup Time": 132.418,
                                        "Actual Total Time": 184.298,
                                        "Actual Rows": 262,
                                        "Actual Loops": 1
                                    }
                                ],
                                "Plans": [
                                    {
                                        "Node Type": "Hash Join",
                                        "Parent Relationship": "Outer",
                                        "Parallel Aware": true,
                                        "Join Type": "Inner",
                                        "Startup Cost": 45842.01,
                                        "Total Cost": 75742.27,
                                        "Plan Rows": 10313,
                                        "Plan Width": 8,
                                        "Actual Startup Time": 138.986,
                                        "Actual Total Time": 185.347,
                                        "Actual Rows": 30,
                                        "Actual Loops": 4,
                                        "Output": [
                                            "t.id",
                                            "mc.movie_id"
                                        ],
                                        "Inner Unique": true,
                                        "Hash Cond": "(mc.movie_id = t.id)",
                                        "Workers": [
                                            {
                                                "Worker Number": 0,
                                                "Actual Startup Time": 140.342,
                                                "Actual Total Time": 182.01,
                                                "Actual Rows": 20,
                                                "Actual Loops": 1
                                            },
                                            {
                                                "Worker Number": 1,
                                                "Actual Startup Time": 132.297,
                                                "Actual Total Time": 181.549,
                                                "Actual Rows": 33,
                                                "Actual Loops": 1
                                            },
                                            {
                                                "Worker Number": 2,
                                                "Actual Startup Time": 132.268,
                                                "Actual Total Time": 182.344,
                                                "Actual Rows": 32,
                                                "Actual Loops": 1
                                            }
                                        ],
                                        "Plans": [
                                            {
                                                "Node Type": "Seq Scan",
                                                "Parent Relationship": "Outer",
                                                "Parallel Aware": true,
                                                "Relation Name": "movie_companies",
                                                "Schema": "public",
                                                "Alias": "mc",
                                                "Startup Cost": 0.0,
                                                "Total Cost": 29310.68,
                                                "Plan Rows": 224604,
                                                "Plan Width": 4,
                                                "Actual Startup Time": 18.429,
                                                "Actual Total Time": 61.343,
                                                "Actual Rows": 173782,
                                                "Actual Loops": 4,
                                                "Output": [
                                                    "mc.id",
                                                    "mc.movie_id",
                                                    "mc.company_id",
                                                    "mc.company_type_id",
                                                    "mc.note"
                                                ],
                                                "Filter": "(mc.company_id > 46323)",
                                                "Rows Removed by Filter": 478500,
                                                "Workers": [
                                                    {
                                                        "Worker Number": 0,
                                                        "Actual Startup Time": 18.416,
                                                        "Actual Total Time": 61.492,
                                                        "Actual Rows": 164662,
                                                        "Actual Loops": 1
                                                    },
                                                    {
                                                        "Worker Number": 1,
                                                        "Actual Startup Time": 18.418,
                                                        "Actual Total Time": 60.976,
                                                        "Actual Rows": 165425,
                                                        "Actual Loops": 1
                                                    },
                                                    {
                                                        "Worker Number": 2,
                                                        "Actual Startup Time": 18.425,
                                                        "Actual Total Time": 60.897,
                                                        "Actual Rows": 166465,
                                                        "Actual Loops": 1
                                                    }
                                                ]
                                            },
                                            {
                                                "Node Type": "Hash",
                                                "Parent Relationship": "Inner",
                                                "Parallel Aware": true,
                                                "Startup Cost": 45479.21,
                                                "Total Cost": 45479.21,
                                                "Plan Rows": 29024,
                                                "Plan Width": 4,
                                                "Actual Startup Time": 108.466,
                                                "Actual Total Time": 108.467,
                                                "Actual Rows": 348,
                                                "Actual Loops": 4,
                                                "Output": [
                                                    "t.id"
                                                ],
                                                "Hash Buckets": 131072,
                                                "Original Hash Buckets": 131072,
                                                "Hash Batches": 1,
                                                "Original Hash Batches": 1,
                                                "Peak Memory Usage": 1152,
                                                "Workers": [
                                                    {
                                                        "Worker Number": 0,
                                                        "Actual Startup Time": 106.543,
                                                        "Actual Total Time": 106.544,
                                                        "Actual Rows": 338,
                                                        "Actual Loops": 1
                                                    },
                                                    {
                                                        "Worker Number": 1,
                                                        "Actual Startup Time": 106.537,
                                                        "Actual Total Time": 106.538,
                                                        "Actual Rows": 315,
                                                        "Actual Loops": 1
                                                    },
                                                    {
                                                        "Worker Number": 2,
                                                        "Actual Startup Time": 107.15,
                                                        "Actual Total Time": 107.151,
                                                        "Actual Rows": 315,
                                                        "Actual Loops": 1
                                                    }
                                                ],
                                                "Plans": [
                                                    {
                                                        "Node Type": "Seq Scan",
                                                        "Parent Relationship": "Outer",
                                                        "Parallel Aware": true,
                                                        "Relation Name": "title",
                                                        "Schema": "public",
                                                        "Alias": "t",
                                                        "Startup Cost": 0.0,
                                                        "Total Cost": 45479.21,
                                                        "Plan Rows": 29024,
                                                        "Plan Width": 4,
                                                        "Actual Startup Time": 1.557,
                                                        "Actual Total Time": 107.923,
                                                        "Actual Rows": 348,
                                                        "Actual Loops": 4,
                                                        "Output": [
                                                            "t.id"
                                                        ],
                                                        "Filter": "((t.kind_id > 1) AND (t.production_year < 1949))",
                                                        "Rows Removed by Filter": 631730,
                                                        "Workers": [
                                                            {
                                                                "Worker Number": 0,
                                                                "Actual Startup Time": 0.964,
                                                                "Actual Total Time": 105.924,
                                                                "Actual Rows": 338,
                                                                "Actual Loops": 1
                                                            },
                                                            {
                                                                "Worker Number": 1,
                                                                "Actual Startup Time": 2.355,
                                                                "Actual Total Time": 105.953,
                                                                "Actual Rows": 315,
                                                                "Actual Loops": 1
                                                            },
                                                            {
                                                                "Worker Number": 2,
                                                                "Actual Startup Time": 2.158,
                                                                "Actual Total Time": 106.545,
                                                                "Actual Rows": 315,
                                                                "Actual Loops": 1
                                                            }
                                                        ]
                                                    }
                                                ]
                                            }
                                        ]
                                    },
                                    {
                                        "Node Type": "Index Only Scan",
                                        "Parent Relationship": "Inner",
                                        "Parallel Aware": false,
                                        "Scan Direction": "Forward",
                                        "Index Name": "movie_id_movie_info",
                                        "Relation Name": "movie_info",
                                        "Schema": "public",
                                        "Alias": "mi",
                                        "Startup Cost": 0.43,
                                        "Total Cost": 2.36,
                                        "Plan Rows": 39,
                                        "Plan Width": 4,
                                        "Actual Startup Time": 0.019,
                                        "Actual Total Time": 0.05,
                                        "Actual Rows": 9,
                                        "Actual Loops": 122,
                                        "Output": [
                                            "mi.movie_id"
                                        ],
                                        "Index Cond": "(mi.movie_id = mc.movie_id)",
                                        "Rows Removed by Index Recheck": 0,
                                        "Heap Fetches": 1087,
                                        "Workers": [
                                            {
                                                "Worker Number": 0,
                                                "Actual Startup Time": 0.031,
                                                "Actual Total Time": 0.082,
                                                "Actual Rows": 9,
                                                "Actual Loops": 20
                                            },
                                            {
                                                "Worker Number": 1,
                                                "Actual Startup Time": 0.023,
                                                "Actual Total Time": 0.063,
                                                "Actual Rows": 10,
                                                "Actual Loops": 33
                                            },
                                            {
                                                "Worker Number": 2,
                                                "Actual Startup Time": 0.023,
                                                "Actual Total Time": 0.059,
                                                "Actual Rows": 8,
                                                "Actual Loops": 32
                                            }
                                        ]
                                    }
                                ]
                            }
                        ]
                    }
                ]
            }
        ]
    },
    "Planning Time": 1.697,
    "Triggers": [],
    "Execution Time": 212.482
}