[
    {
        "Bao": {
            "Bao prediction": "NaN",
            "Bao recommended hint": "(no hint)"
        }
    },
    {
        "Plan": {
            "Node Type": "Aggregate",
            "Strategy": "Plain",
            "Partial Mode": "Finalize",
            "Parallel Aware": false,
            "Startup Cost": 186753.69,
            "Total Cost": 186753.7,
            "Plan Rows": 1,
            "Plan Width": 8,
            "Actual Startup Time": 160.294,
            "Actual Total Time": 168.924,
            "Actual Rows": 1,
            "Actual Loops": 1,
            "Output": [
                "count(*)"
            ],
            "Plans": [
                {
                    "Node Type": "Gather",
                    "Parent Relationship": "Outer",
                    "Parallel Aware": false,
                    "Startup Cost": 186753.17,
                    "Total Cost": 186753.68,
                    "Plan Rows": 5,
                    "Plan Width": 8,
                    "Actual Startup Time": 159.69,
                    "Actual Total Time": 168.916,
                    "Actual Rows": 6,
                    "Actual Loops": 1,
                    "Output": [
                        "(PARTIAL count(*))"
                    ],
                    "Workers Planned": 5,
                    "Workers Launched": 5,
                    "Single Copy": false,
                    "Plans": [
                        {
                            "Node Type": "Aggregate",
                            "Strategy": "Plain",
                            "Partial Mode": "Partial",
                            "Parent Relationship": "Outer",
                            "Parallel Aware": false,
                            "Startup Cost": 185753.17,
                            "Total Cost": 185753.18,
                            "Plan Rows": 1,
                            "Plan Width": 8,
                            "Actual Startup Time": 149.58,
                            "Actual Total Time": 149.582,
                            "Actual Rows": 1,
                            "Actual Loops": 6,
                            "Output": [
                                "PARTIAL count(*)"
                            ],
                            "Workers": [
                                {
                                    "Worker Number": 0,
                                    "Actual Startup Time": 147.282,
                                    "Actual Total Time": 147.283,
                                    "Actual Rows": 1,
                                    "Actual Loops": 1
                                },
                                {
                                    "Worker Number": 1,
                                    "Actual Startup Time": 147.525,
                                    "Actual Total Time": 147.526,
                                    "Actual Rows": 1,
                                    "Actual Loops": 1
                                },
                                {
                                    "Worker Number": 2,
                                    "Actual Startup Time": 147.585,
                                    "Actual Total Time": 147.587,
                                    "Actual Rows": 1,
                                    "Actual Loops": 1
                                },
                                {
                                    "Worker Number": 3,
                                    "Actual Startup Time": 147.585,
                                    "Actual Total Time": 147.587,
                                    "Actual Rows": 1,
                                    "Actual Loops": 1
                                },
                                {
                                    "Worker Number": 4,
                                    "Actual Startup Time": 148.302,
                                    "Actual Total Time": 148.303,
                                    "Actual Rows": 1,
                                    "Actual Loops": 1
                                }
                            ],
                            "Plans": [
                                {
                                    "Node Type": "Bitmap Heap Scan",
                                    "Parent Relationship": "Outer",
                                    "Parallel Aware": true,
                                    "Relation Name": "movie_info",
                                    "Schema": "public",
                                    "Alias": "mi",
                                    "Startup Cost": 20387.96,
                                    "Total Cost": 185191.13,
                                    "Plan Rows": 224814,
                                    "Plan Width": 0,
                                    "Actual Startup Time": 54.304,
                                    "Actual Total Time": 136.616,
                                    "Actual Rows": 189200,
                                    "Actual Loops": 6,
                                    "Recheck Cond": "(mi.info_type_id > 57)",
                                    "Rows Removed by Index Recheck": 0,
                                    "Exact Heap Blocks": 11349,
                                    "Lossy Heap Blocks": 0,
                                    "Workers": [
                                        {
                                            "Worker Number": 0,
                                            "Actual Startup Time": 52.033,
                                            "Actual Total Time": 134.556,
                                            "Actual Rows": 144192,
                                            "Actual Loops": 1
                                        },
                                        {
                                            "Worker Number": 1,
                                            "Actual Startup Time": 52.766,
                                            "Actual Total Time": 134.825,
                                            "Actual Rows": 144201,
                                            "Actual Loops": 1
                                        },
                                        {
                                            "Worker Number": 2,
                                            "Actual Startup Time": 52.173,
                                            "Actual Total Time": 134.91,
                                            "Actual Rows": 143731,
                                            "Actual Loops": 1
                                        },
                                        {
                                            "Worker Number": 3,
                                            "Actual Startup Time": 52.564,
                                            "Actual Total Time": 134.916,
                                            "Actual Rows": 143665,
                                            "Actual Loops": 1
                                        },
                                        {
                                            "Worker Number": 4,
                                            "Actual Startup Time": 52.892,
                                            "Actual Total Time": 136.739,
                                            "Actual Rows": 164155,
                                            "Actual Loops": 1
                                        }
                                    ],
                                    "Plans": [
                                        {
                                            "Node Type": "Bitmap Index Scan",
                                            "Parent Relationship": "Outer",
                                            "Parallel Aware": false,
                                            "Index Name": "info_type_id_movie_info",
                                            "Startup Cost": 0.0,
                                            "Total Cost": 20106.95,
                                            "Plan Rows": 1124068,
                                            "Plan Width": 0,
                                            "Actual Startup Time": 58.004,
                                            "Actual Total Time": 58.004,
                                            "Actual Rows": 1135201,
                                            "Actual Loops": 1,
                                            "Index Cond": "(mi.info_type_id > 57)"
                                        }
                                    ]
                                }
                            ]
                        }
                    ]
                }
            ]
        },
        "Planning Time": 223.4,
        "Triggers": [],
        "Execution Time": 168.996
    }
]