[
    {
        "Bao": {
            "Bao prediction": "NaN",
            "Bao recommended hint": "(no hint)"
        }
    },
    {
        "Plan": {
            "Node Type": "Aggregate",
            "Strategy": "Plain",
            "Partial Mode": "Finalize",
            "Parallel Aware": false,
            "Startup Cost": 46486.26,
            "Total Cost": 46486.27,
            "Plan Rows": 1,
            "Plan Width": 8,
            "Actual Startup Time": 97.533,
            "Actual Total Time": 108.41,
            "Actual Rows": 1,
            "Actual Loops": 1,
            "Output": [
                "count(*)"
            ],
            "Plans": [
                {
                    "Node Type": "Gather",
                    "Parent Relationship": "Outer",
                    "Parallel Aware": false,
                    "Startup Cost": 46485.84,
                    "Total Cost": 46486.25,
                    "Plan Rows": 4,
                    "Plan Width": 8,
                    "Actual Startup Time": 97.398,
                    "Actual Total Time": 108.399,
                    "Actual Rows": 5,
                    "Actual Loops": 1,
                    "Output": [
                        "(PARTIAL count(*))"
                    ],
                    "Workers Planned": 4,
                    "Workers Launched": 4,
                    "Single Copy": false,
                    "Plans": [
                        {
                            "Node Type": "Aggregate",
                            "Strategy": "Plain",
                            "Partial Mode": "Partial",
                            "Parent Relationship": "Outer",
                            "Parallel Aware": false,
                            "Startup Cost": 45485.84,
                            "Total Cost": 45485.85,
                            "Plan Rows": 1,
                            "Plan Width": 8,
                            "Actual Startup Time": 88.627,
                            "Actual Total Time": 88.628,
                            "Actual Rows": 1,
                            "Actual Loops": 5,
                            "Output": [
                                "PARTIAL count(*)"
                            ],
                            "Workers": [
                                {
                                    "Worker Number": 0,
                                    "Actual Startup Time": 85.647,
                                    "Actual Total Time": 85.648,
                                    "Actual Rows": 1,
                                    "Actual Loops": 1
                                },
                                {
                                    "Worker Number": 1,
                                    "Actual Startup Time": 86.484,
                                    "Actual Total Time": 86.485,
                                    "Actual Rows": 1,
                                    "Actual Loops": 1
                                },
                                {
                                    "Worker Number": 2,
                                    "Actual Startup Time": 86.869,
                                    "Actual Total Time": 86.87,
                                    "Actual Rows": 1,
                                    "Actual Loops": 1
                                },
                                {
                                    "Worker Number": 3,
                                    "Actual Startup Time": 87.092,
                                    "Actual Total Time": 87.093,
                                    "Actual Rows": 1,
                                    "Actual Loops": 1
                                }
                            ],
                            "Plans": [
                                {
                                    "Node Type": "Seq Scan",
                                    "Parent Relationship": "Outer",
                                    "Parallel Aware": true,
                                    "Relation Name": "title",
                                    "Schema": "public",
                                    "Alias": "t",
                                    "Startup Cost": 0.0,
                                    "Total Cost": 45479.21,
                                    "Plan Rows": 2652,
                                    "Plan Width": 0,
                                    "Actual Startup Time": 56.779,
                                    "Actual Total Time": 88.465,
                                    "Actual Rows": 1117,
                                    "Actual Loops": 5,
                                    "Output": [
                                        "id",
                                        "title",
                                        "imdb_index",
                                        "kind_id",
                                        "production_year",
                                        "imdb_id",
                                        "phonetic_code",
                                        "episode_of_id",
                                        "season_nr",
                                        "episode_nr",
                                        "series_years",
                                        "md5sum"
                                    ],
                                    "Filter": "((t.kind_id = 1) AND (t.production_year = 1995))",
                                    "Rows Removed by Filter": 504545,
                                    "Workers": [
                                        {
                                            "Worker Number": 0,
                                            "Actual Startup Time": 55.559,
                                            "Actual Total Time": 85.485,
                                            "Actual Rows": 837,
                                            "Actual Loops": 1
                                        },
                                        {
                                            "Worker Number": 1,
                                            "Actual Startup Time": 56.397,
                                            "Actual Total Time": 86.311,
                                            "Actual Rows": 873,
                                            "Actual Loops": 1
                                        },
                                        {
                                            "Worker Number": 2,
                                            "Actual Startup Time": 53.3,
                                            "Actual Total Time": 86.68,
                                            "Actual Rows": 939,
                                            "Actual Loops": 1
                                        },
                                        {
                                            "Worker Number": 3,
                                            "Actual Startup Time": 56.973,
                                            "Actual Total Time": 86.932,
                                            "Actual Rows": 1446,
                                            "Actual Loops": 1
                                        }
                                    ]
                                }
                            ]
                        }
                    ]
                }
            ]
        },
        "Planning Time": 292.134,
        "Triggers": [],
        "Execution Time": 108.465
    }
]