[
  {
    "Plan": {
      "Node Type": "Aggregate",
      "Strategy": "Plain",
      "Partial Mode": "Finalize",
      "Parallel Aware": false,
      "Startup Cost": 322345.49,
      "Total Cost": 322345.5,
      "Plan Rows": 1,
      "Plan Width": 8,
      "Actual Startup Time": 229.077,
      "Actual Total Time": 239.912,
      "Actual Rows": 1,
      "Actual Loops": 1,
      "Plans": [
        {
          "Node Type": "Gather",
          "Parent Relationship": "Outer",
          "Parallel Aware": false,
          "Startup Cost": 322344.97,
          "Total Cost": 322345.48,
          "Plan Rows": 5,
          "Plan Width": 8,
          "Actual Startup Time": 223.987,
          "Actual Total Time": 239.905,
          "Actual Rows": 6,
          "Actual Loops": 1,
          "Workers Planned": 5,
          "Workers Launched": 5,
          "Single Copy": false,
          "Plans": [
            {
              "Node Type": "Aggregate",
              "Strategy": "Plain",
              "Partial Mode": "Partial",
              "Parent Relationship": "Outer",
              "Parallel Aware": false,
              "Startup Cost": 321344.97,
              "Total Cost": 321344.98,
              "Plan Rows": 1,
              "Plan Width": 8,
              "Actual Startup Time": 217.065,
              "Actual Total Time": 217.068,
              "Actual Rows": 1,
              "Actual Loops": 6,
              "Plans": [
                {
                  "Node Type": "Hash Join",
                  "Parent Relationship": "Outer",
                  "Parallel Aware": true,
                  "Join Type": "Inner",
                  "Startup Cost": 55166.69,
                  "Total Cost": 321256.06,
                  "Plan Rows": 35563,
                  "Plan Width": 0,
                  "Actual Startup Time": 185.306,
                  "Actual Total Time": 215.654,
                  "Actual Rows": 27014,
                  "Actual Loops": 6,
                  "Inner Unique": true,
                  "Hash Cond": "(ci.movie_id = t.id)",
                  "Plans": [
                    {
                      "Node Type": "Bitmap Heap Scan",
                      "Parent Relationship": "Outer",
                      "Parallel Aware": true,
                      "Relation Name": "cast_info",
                      "Alias": "ci",
                      "Startup Cost": 6477.57,
                      "Total Cost": 272412.97,
                      "Plan Rows": 58658,
                      "Plan Width": 4,
                      "Actual Startup Time": 14.972,
                      "Actual Total Time": 22.634,
                      "Actual Rows": 49198,
                      "Actual Loops": 6,
                      "Recheck Cond": "(person_id < 34379)",
                      "Rows Removed by Index Recheck": 0,
                      "Exact Heap Blocks": 585,
                      "Lossy Heap Blocks": 0,
                      "Plans": [
                        {
                          "Node Type": "Bitmap Index Scan",
                          "Parent Relationship": "Outer",
                          "Parallel Aware": false,
                          "Index Name": "person_id_cast_info",
                          "Startup Cost": 0.0,
                          "Total Cost": 6404.25,
                          "Plan Rows": 293291,
                          "Plan Width": 0,
                          "Actual Startup Time": 14.566,
                          "Actual Total Time": 14.567,
                          "Actual Rows": 295186,
                          "Actual Loops": 1,
                          "Index Cond": "(person_id < 34379)"
                        }
                      ]
                    },
                    {
                      "Node Type": "Hash",
                      "Parent Relationship": "Inner",
                      "Parallel Aware": true,
                      "Startup Cost": 43899.01,
                      "Total Cost": 43899.01,
                      "Plan Rows": 383209,
                      "Plan Width": 4,
                      "Actual Startup Time": 167.251,
                      "Actual Total Time": 167.252,
                      "Actual Rows": 257211,
                      "Actual Loops": 6,
                      "Hash Buckets": 2097152,
                      "Original Hash Buckets": 2097152,
                      "Hash Batches": 1,
                      "Original Hash Batches": 1,
                      "Peak Memory Usage": 76832,
                      "Plans": [
                        {
                          "Node Type": "Seq Scan",
                          "Parent Relationship": "Outer",
                          "Parallel Aware": true,
                          "Relation Name": "title",
                          "Alias": "t",
                          "Startup Cost": 0.0,
                          "Total Cost": 43899.01,
                          "Plan Rows": 383209,
                          "Plan Width": 4,
                          "Actual Startup Time": 0.016,
                          "Actual Total Time": 70.599,
                          "Actual Rows": 257211,
                          "Actual Loops": 6,
                          "Filter": "(kind_id = 7)",
                          "Rows Removed by Filter": 164175
                        }
                      ]
                    }
                  ]
                }
              ]
            }
          ]
        }
      ]
    },
    "Planning Time": 0.266,
    "Triggers": [],
    "Execution Time": 239.954
  }
]