[
  {
    "Plan": {
      "Node Type": "Aggregate",
      "Strategy": "Plain",
      "Partial Mode": "Finalize",
      "Parallel Aware": false,
      "Startup Cost": 122181.36,
      "Total Cost": 122181.37,
      "Plan Rows": 1,
      "Plan Width": 8,
      "Actual Startup Time": 714.26,
      "Actual Total Time": 732.436,
      "Actual Rows": 1,
      "Actual Loops": 1,
      "Plans": [
        {
          "Node Type": "Gather",
          "Parent Relationship": "Outer",
          "Parallel Aware": false,
          "Startup Cost": 122181.05,
          "Total Cost": 122181.36,
          "Plan Rows": 3,
          "Plan Width": 8,
          "Actual Startup Time": 708.97,
          "Actual Total Time": 732.42,
          "Actual Rows": 4,
          "Actual Loops": 1,
          "Workers Planned": 3,
          "Workers Launched": 3,
          "Single Copy": false,
          "Plans": [
            {
              "Node Type": "Aggregate",
              "Strategy": "Plain",
              "Partial Mode": "Partial",
              "Parent Relationship": "Outer",
              "Parallel Aware": false,
              "Startup Cost": 121181.05,
              "Total Cost": 121181.06,
              "Plan Rows": 1,
              "Plan Width": 8,
              "Actual Startup Time": 700.712,
              "Actual Total Time": 700.72,
              "Actual Rows": 1,
              "Actual Loops": 4,
              "Plans": [
                {
                  "Node Type": "Hash Join",
                  "Parent Relationship": "Outer",
                  "Parallel Aware": true,
                  "Join Type": "Inner",
                  "Startup Cost": 90262.37,
                  "Total Cost": 120938.32,
                  "Plan Rows": 97091,
                  "Plan Width": 0,
                  "Actual Startup Time": 535.302,
                  "Actual Total Time": 695.034,
                  "Actual Rows": 120835,
                  "Actual Loops": 4,
                  "Inner Unique": false,
                  "Hash Cond": "(mc.movie_id = t.id)",
                  "Plans": [
                    {
                      "Node Type": "Seq Scan",
                      "Parent Relationship": "Outer",
                      "Parallel Aware": true,
                      "Relation Name": "movie_companies",
                      "Alias": "mc",
                      "Startup Cost": 0.0,
                      "Total Cost": 27206.55,
                      "Plan Rows": 841655,
                      "Plan Width": 4,
                      "Actual Startup Time": 0.013,
                      "Actual Total Time": 65.663,
                      "Actual Rows": 652282,
                      "Actual Loops": 4
                    },
                    {
                      "Node Type": "Hash",
                      "Parent Relationship": "Inner",
                      "Parallel Aware": true,
                      "Startup Cost": 89086.27,
                      "Total Cost": 89086.27,
                      "Plan Rows": 94088,
                      "Plan Width": 8,
                      "Actual Startup Time": 533.107,
                      "Actual Total Time": 533.111,
                      "Actual Rows": 46844,
                      "Actual Loops": 4,
                      "Hash Buckets": 524288,
                      "Original Hash Buckets": 524288,
                      "Hash Batches": 1,
                      "Original Hash Batches": 1,
                      "Peak Memory Usage": 11488,
                      "Plans": [
                        {
                          "Node Type": "Hash Join",
                          "Parent Relationship": "Outer",
                          "Parallel Aware": true,
                          "Join Type": "Inner",
                          "Startup Cost": 61790.7,
                          "Total Cost": 89086.27,
                          "Plan Rows": 94088,
                          "Plan Width": 8,
                          "Actual Startup Time": 382.126,
                          "Actual Total Time": 505.992,
                          "Actual Rows": 46844,
                          "Actual Loops": 4,
                          "Inner Unique": true,
                          "Hash Cond": "(mk.movie_id = t.id)",
                          "Plans": [
                            {
                              "Node Type": "Bitmap Heap Scan",
                              "Parent Relationship": "Outer",
                              "Parallel Aware": true,
                              "Relation Name": "movie_keyword",
                              "Alias": "mk",
                              "Startup Cost": 12354.06,
                              "Total Cost": 39156.47,
                              "Plan Rows": 187872,
                              "Plan Width": 4,
                              "Actual Startup Time": 45.819,
                              "Actual Total Time": 116.133,
                              "Actual Rows": 148230,
                              "Actual Loops": 4,
                              "Recheck Cond": "(keyword_id < 432)",
                              "Rows Removed by Index Recheck": 0,
                              "Exact Heap Blocks": 5395,
                              "Lossy Heap Blocks": 0,
                              "Plans": [
                                {
                                  "Node Type": "Bitmap Index Scan",
                                  "Parent Relationship": "Outer",
                                  "Parallel Aware": false,
                                  "Index Name": "keyword_id_movie_keyword",
                                  "Startup Cost": 0.0,
                                  "Total Cost": 12208.46,
                                  "Plan Rows": 582404,
                                  "Plan Width": 0,
                                  "Actual Startup Time": 41.982,
                                  "Actual Total Time": 41.982,
                                  "Actual Rows": 592921,
                                  "Actual Loops": 1,
                                  "Index Cond": "(keyword_id < 432)"
                                }
                              ]
                            },
                            {
                              "Node Type": "Hash",
                              "Parent Relationship": "Inner",
                              "Parallel Aware": true,
                              "Startup Cost": 45479.59,
                              "Total Cost": 45479.59,
                              "Plan Rows": 316564,
                              "Plan Width": 4,
                              "Actual Startup Time": 331.496,
                              "Actual Total Time": 331.497,
                              "Actual Rows": 343807,
                              "Actual Loops": 4,
                              "Hash Buckets": 2097152,
                              "Original Hash Buckets": 2097152,
                              "Hash Batches": 1,
                              "Original Hash Batches": 1,
                              "Peak Memory Usage": 70272,
                              "Plans": [
                                {
                                  "Node Type": "Seq Scan",
                                  "Parent Relationship": "Outer",
                                  "Parallel Aware": true,
                                  "Relation Name": "title",
                                  "Alias": "t",
                                  "Startup Cost": 0.0,
                                  "Total Cost": 45479.59,
                                  "Plan Rows": 316564,
                                  "Plan Width": 4,
                                  "Actual Startup Time": 0.034,
                                  "Actual Total Time": 159.766,
                                  "Actual Rows": 343807,
                                  "Actual Loops": 4,
                                  "Filter": "((kind_id > 1) AND (production_year > 1992))",
                                  "Rows Removed by Filter": 288271
                                }
                              ]
                            }
                          ]
                        }
                      ]
                    }
                  ]
                }
              ]
            }
          ]
        }
      ]
    },
    "Planning Time": 0.726,
    "Triggers": [],
    "Execution Time": 732.515
  }
]