[
  {
    "Plan": {
      "Node Type": "Aggregate",
      "Strategy": "Plain",
      "Partial Mode": "Finalize",
      "Parallel Aware": false,
      "Startup Cost": 122127.64,
      "Total Cost": 122127.65,
      "Plan Rows": 1,
      "Plan Width": 8,
      "Actual Startup Time": 628.857,
      "Actual Total Time": 659.454,
      "Actual Rows": 1,
      "Actual Loops": 1,
      "Plans": [
        {
          "Node Type": "Gather",
          "Parent Relationship": "Outer",
          "Parallel Aware": false,
          "Startup Cost": 122127.32,
          "Total Cost": 122127.63,
          "Plan Rows": 3,
          "Plan Width": 8,
          "Actual Startup Time": 621.843,
          "Actual Total Time": 659.445,
          "Actual Rows": 4,
          "Actual Loops": 1,
          "Workers Planned": 3,
          "Workers Launched": 3,
          "Single Copy": false,
          "Plans": [
            {
              "Node Type": "Aggregate",
              "Strategy": "Plain",
              "Partial Mode": "Partial",
              "Parent Relationship": "Outer",
              "Parallel Aware": false,
              "Startup Cost": 121127.32,
              "Total Cost": 121127.33,
              "Plan Rows": 1,
              "Plan Width": 8,
              "Actual Startup Time": 612.207,
              "Actual Total Time": 612.214,
              "Actual Rows": 1,
              "Actual Loops": 4,
              "Plans": [
                {
                  "Node Type": "Hash Join",
                  "Parent Relationship": "Outer",
                  "Parallel Aware": true,
                  "Join Type": "Inner",
                  "Startup Cost": 90213.13,
                  "Total Cost": 120886.55,
                  "Plan Rows": 96309,
                  "Plan Width": 0,
                  "Actual Startup Time": 444.18,
                  "Actual Total Time": 606.14,
                  "Actual Rows": 120835,
                  "Actual Loops": 4,
                  "Inner Unique": false,
                  "Hash Cond": "(mc.movie_id = t.id)",
                  "Plans": [
                    {
                      "Node Type": "Seq Scan",
                      "Parent Relationship": "Outer",
                      "Parallel Aware": true,
                      "Relation Name": "movie_companies",
                      "Alias": "mc",
                      "Startup Cost": 0.0,
                      "Total Cost": 27206.55,
                      "Plan Rows": 841655,
                      "Plan Width": 4,
                      "Actual Startup Time": 0.032,
                      "Actual Total Time": 66.652,
                      "Actual Rows": 652282,
                      "Actual Loops": 4
                    },
                    {
                      "Node Type": "Hash",
                      "Parent Relationship": "Inner",
                      "Parallel Aware": true,
                      "Startup Cost": 89046.57,
                      "Total Cost": 89046.57,
                      "Plan Rows": 93325,
                      "Plan Width": 8,
                      "Actual Startup Time": 440.76,
                      "Actual Total Time": 440.764,
                      "Actual Rows": 46844,
                      "Actual Loops": 4,
                      "Hash Buckets": 524288,
                      "Original Hash Buckets": 524288,
                      "Hash Batches": 1,
                      "Original Hash Batches": 1,
                      "Peak Memory Usage": 11520,
                      "Plans": [
                        {
                          "Node Type": "Hash Join",
                          "Parent Relationship": "Outer",
                          "Parallel Aware": true,
                          "Join Type": "Inner",
                          "Startup Cost": 61753.43,
                          "Total Cost": 89046.57,
                          "Plan Rows": 93325,
                          "Plan Width": 8,
                          "Actual Startup Time": 307.019,
                          "Actual Total Time": 419.785,
                          "Actual Rows": 46844,
                          "Actual Loops": 4,
                          "Inner Unique": true,
                          "Hash Cond": "(mk.movie_id = t.id)",
                          "Plans": [
                            {
                              "Node Type": "Bitmap Heap Scan",
                              "Parent Relationship": "Outer",
                              "Parallel Aware": true,
                              "Relation Name": "movie_keyword",
                              "Alias": "mk",
                              "Startup Cost": 12346.2,
                              "Total Cost": 39146.6,
                              "Plan Rows": 187712,
                              "Plan Width": 4,
                              "Actual Startup Time": 37.704,
                              "Actual Total Time": 101.298,
                              "Actual Rows": 148230,
                              "Actual Loops": 4,
                              "Recheck Cond": "(keyword_id < 432)",
                              "Rows Removed by Index Recheck": 0,
                              "Exact Heap Blocks": 8286,
                              "Lossy Heap Blocks": 0,
                              "Plans": [
                                {
                                  "Node Type": "Bitmap Index Scan",
                                  "Parent Relationship": "Outer",
                                  "Parallel Aware": false,
                                  "Index Name": "keyword_id_movie_keyword",
                                  "Startup Cost": 0.0,
                                  "Total Cost": 12200.73,
                                  "Plan Rows": 581906,
                                  "Plan Width": 0,
                                  "Actual Startup Time": 33.954,
                                  "Actual Total Time": 33.954,
                                  "Actual Rows": 592921,
                                  "Actual Loops": 1,
                                  "Index Cond": "(keyword_id < 432)"
                                }
                              ]
                            },
                            {
                              "Node Type": "Hash",
                              "Parent Relationship": "Inner",
                              "Parallel Aware": true,
                              "Startup Cost": 45479.1,
                              "Total Cost": 45479.1,
                              "Plan Rows": 314250,
                              "Plan Width": 4,
                              "Actual Startup Time": 263.838,
                              "Actual Total Time": 263.839,
                              "Actual Rows": 343807,
                              "Actual Loops": 4,
                              "Hash Buckets": 2097152,
                              "Original Hash Buckets": 2097152,
                              "Hash Batches": 1,
                              "Original Hash Batches": 1,
                              "Peak Memory Usage": 70272,
                              "Plans": [
                                {
                                  "Node Type": "Seq Scan",
                                  "Parent Relationship": "Outer",
                                  "Parallel Aware": true,
                                  "Relation Name": "title",
                                  "Alias": "t",
                                  "Startup Cost": 0.0,
                                  "Total Cost": 45479.1,
                                  "Plan Rows": 314250,
                                  "Plan Width": 4,
                                  "Actual Startup Time": 0.051,
                                  "Actual Total Time": 122.79,
                                  "Actual Rows": 343807,
                                  "Actual Loops": 4,
                                  "Filter": "((kind_id > 1) AND (production_year > 1992))",
                                  "Rows Removed by Filter": 288271
                                }
                              ]
                            }
                          ]
                        }
                      ]
                    }
                  ]
                }
              ]
            }
          ]
        }
      ]
    },
    "Planning Time": 1.478,
    "Triggers": [],
    "Execution Time": 659.568
  }
]