[
  {
    "Plan": {
      "Node Type": "Aggregate",
      "Strategy": "Plain",
      "Partial Mode": "Finalize",
      "Parallel Aware": false,
      "Startup Cost": 47431.75,
      "Total Cost": 47431.76,
      "Plan Rows": 1,
      "Plan Width": 8,
      "Actual Startup Time": 110.469,
      "Actual Total Time": 122.379,
      "Actual Rows": 1,
      "Actual Loops": 1,
      "Plans": [
        {
          "Node Type": "Gather",
          "Parent Relationship": "Outer",
          "Parallel Aware": false,
          "Startup Cost": 47431.33,
          "Total Cost": 47431.74,
          "Plan Rows": 4,
          "Plan Width": 8,
          "Actual Startup Time": 110.197,
          "Actual Total Time": 122.37,
          "Actual Rows": 5,
          "Actual Loops": 1,
          "Workers Planned": 4,
          "Workers Launched": 4,
          "Single Copy": false,
          "Plans": [
            {
              "Node Type": "Aggregate",
              "Strategy": "Plain",
              "Partial Mode": "Partial",
              "Parent Relationship": "Outer",
              "Parallel Aware": false,
              "Startup Cost": 46431.33,
              "Total Cost": 46431.34,
              "Plan Rows": 1,
              "Plan Width": 8,
              "Actual Startup Time": 104.191,
              "Actual Total Time": 104.192,
              "Actual Rows": 1,
              "Actual Loops": 5,
              "Plans": [
                {
                  "Node Type": "Seq Scan",
                  "Parent Relationship": "Outer",
                  "Parallel Aware": true,
                  "Relation Name": "title",
                  "Alias": "t",
                  "Startup Cost": 0.0,
                  "Total Cost": 45479.1,
                  "Plan Rows": 380891,
                  "Plan Width": 0,
                  "Actual Startup Time": 0.026,
                  "Actual Total Time": 89.156,
                  "Actual Rows": 301447,
                  "Actual Loops": 5,
                  "Filter": "((kind_id > 1) AND (production_year < 2011))",
                  "Rows Removed by Filter": 204216
                }
              ]
            }
          ]
        }
      ]
    },
    "Planning Time": 0.156,
    "Triggers": [],
    "Execution Time": 122.431
  }
]