[
  {
    "Plan": {
      "Node Type": "Aggregate",
      "Strategy": "Plain",
      "Partial Mode": "Finalize",
      "Parallel Aware": false,
      "Startup Cost": 45716.16,
      "Total Cost": 45716.17,
      "Plan Rows": 1,
      "Plan Width": 8,
      "Actual Startup Time": 149.987,
      "Actual Total Time": 156.862,
      "Actual Rows": 1,
      "Actual Loops": 1,
      "Plans": [
        {
          "Node Type": "Gather",
          "Parent Relationship": "Outer",
          "Parallel Aware": false,
          "Startup Cost": 45715.84,
          "Total Cost": 45716.15,
          "Plan Rows": 3,
          "Plan Width": 8,
          "Actual Startup Time": 149.881,
          "Actual Total Time": 156.855,
          "Actual Rows": 4,
          "Actual Loops": 1,
          "Workers Planned": 3,
          "Workers Launched": 3,
          "Single Copy": false,
          "Plans": [
            {
              "Node Type": "Aggregate",
              "Strategy": "Plain",
              "Partial Mode": "Partial",
              "Parent Relationship": "Outer",
              "Parallel Aware": false,
              "Startup Cost": 44715.84,
              "Total Cost": 44715.85,
              "Plan Rows": 1,
              "Plan Width": 8,
              "Actual Startup Time": 144.491,
              "Actual Total Time": 144.492,
              "Actual Rows": 1,
              "Actual Loops": 4,
              "Plans": [
                {
                  "Node Type": "Seq Scan",
                  "Parent Relationship": "Outer",
                  "Parallel Aware": true,
                  "Relation Name": "movie_keyword",
                  "Alias": "mk",
                  "Startup Cost": 0.0,
                  "Total Cost": 42695.65,
                  "Plan Rows": 808076,
                  "Plan Width": 0,
                  "Actual Startup Time": 0.226,
                  "Actual Total Time": 114.775,
                  "Actual Rows": 625704,
                  "Actual Loops": 4,
                  "Filter": "(keyword_id > 3617)",
                  "Rows Removed by Filter": 505279
                }
              ]
            }
          ]
        }
      ]
    },
    "Planning Time": 0.183,
    "Triggers": [],
    "Execution Time": 156.916
  }
]