[
  {
    "Plan": {
      "Node Type": "Aggregate",
      "Strategy": "Plain",
      "Partial Mode": "Finalize",
      "Parallel Aware": false,
      "Startup Cost": 23142.3,
      "Total Cost": 23142.31,
      "Plan Rows": 1,
      "Plan Width": 8,
      "Actual Startup Time": 30.016,
      "Actual Total Time": 33.638,
      "Actual Rows": 1,
      "Actual Loops": 1,
      "Plans": [
        {
          "Node Type": "Gather",
          "Parent Relationship": "Outer",
          "Parallel Aware": false,
          "Startup Cost": 23142.19,
          "Total Cost": 23142.3,
          "Plan Rows": 1,
          "Plan Width": 8,
          "Actual Startup Time": 29.725,
          "Actual Total Time": 33.631,
          "Actual Rows": 2,
          "Actual Loops": 1,
          "Workers Planned": 1,
          "Workers Launched": 1,
          "Single Copy": false,
          "Plans": [
            {
              "Node Type": "Aggregate",
              "Strategy": "Plain",
              "Partial Mode": "Partial",
              "Parent Relationship": "Outer",
              "Parallel Aware": false,
              "Startup Cost": 22142.19,
              "Total Cost": 22142.2,
              "Plan Rows": 1,
              "Plan Width": 8,
              "Actual Startup Time": 23.856,
              "Actual Total Time": 23.858,
              "Actual Rows": 1,
              "Actual Loops": 2,
              "Plans": [
                {
                  "Node Type": "Nested Loop",
                  "Parent Relationship": "Outer",
                  "Parallel Aware": false,
                  "Join Type": "Inner",
                  "Startup Cost": 68.88,
                  "Total Cost": 22142.0,
                  "Plan Rows": 74,
                  "Plan Width": 0,
                  "Actual Startup Time": 2.964,
                  "Actual Total Time": 23.78,
                  "Actual Rows": 244,
                  "Actual Loops": 2,
                  "Inner Unique": false,
                  "Plans": [
                    {
                      "Node Type": "Nested Loop",
                      "Parent Relationship": "Outer",
                      "Parallel Aware": false,
                      "Join Type": "Inner",
                      "Startup Cost": 68.45,
                      "Total Cost": 21897.38,
                      "Plan Rows": 411,
                      "Plan Width": 8,
                      "Actual Startup Time": 1.913,
                      "Actual Total Time": 21.432,
                      "Actual Rows": 316,
                      "Actual Loops": 2,
                      "Inner Unique": true,
                      "Plans": [
                        {
                          "Node Type": "Bitmap Heap Scan",
                          "Parent Relationship": "Outer",
                          "Parallel Aware": true,
                          "Relation Name": "movie_companies",
                          "Alias": "mc",
                          "Startup Cost": 68.02,
                          "Total Cost": 8083.96,
                          "Plan Rows": 1791,
                          "Plan Width": 4,
                          "Actual Startup Time": 1.557,
                          "Actual Total Time": 4.93,
                          "Actual Rows": 1892,
                          "Actual Loops": 2,
                          "Recheck Cond": "(company_id = 329)",
                          "Rows Removed by Index Recheck": 0,
                          "Exact Heap Blocks": 1283,
                          "Lossy Heap Blocks": 0,
                          "Plans": [
                            {
                              "Node Type": "Bitmap Index Scan",
                              "Parent Relationship": "Outer",
                              "Parallel Aware": false,
                              "Index Name": "company_id_movie_companies",
                              "Startup Cost": 0.0,
                              "Total Cost": 67.26,
                              "Plan Rows": 3044,
                              "Plan Width": 0,
                              "Actual Startup Time": 2.3,
                              "Actual Total Time": 2.301,
                              "Actual Rows": 3783,
                              "Actual Loops": 1,
                              "Index Cond": "(company_id = 329)"
                            }
                          ]
                        },
                        {
                          "Node Type": "Index Scan",
                          "Parent Relationship": "Inner",
                          "Parallel Aware": false,
                          "Scan Direction": "Forward",
                          "Index Name": "title_pkey",
                          "Relation Name": "title",
                          "Alias": "t",
                          "Startup Cost": 0.43,
                          "Total Cost": 7.71,
                          "Plan Rows": 1,
                          "Plan Width": 4,
                          "Actual Startup Time": 0.008,
                          "Actual Total Time": 0.008,
                          "Actual Rows": 0,
                          "Actual Loops": 3783,
                          "Index Cond": "(id = mc.movie_id)",
                          "Rows Removed by Index Recheck": 0,
                          "Filter": "((kind_id > 1) AND (production_year > 2007))",
                          "Rows Removed by Filter": 1
                        }
                      ]
                    },
                    {
                      "Node Type": "Index Scan",
                      "Parent Relationship": "Inner",
                      "Parallel Aware": false,
                      "Scan Direction": "Forward",
                      "Index Name": "movie_id_movie_info_idx",
                      "Relation Name": "movie_info_idx",
                      "Alias": "mi_idx",
                      "Startup Cost": 0.43,
                      "Total Cost": 0.59,
                      "Plan Rows": 1,
                      "Plan Width": 4,
                      "Actual Startup Time": 0.006,
                      "Actual Total Time": 0.007,
                      "Actual Rows": 1,
                      "Actual Loops": 632,
                      "Index Cond": "(movie_id = t.id)",
                      "Rows Removed by Index Recheck": 0,
                      "Filter": "(info_type_id < 100)",
                      "Rows Removed by Filter": 2
                    }
                  ]
                }
              ]
            }
          ]
        }
      ]
    },
    "Planning Time": 1.391,
    "Triggers": [],
    "Execution Time": 33.73
  }
]