[
  {
    "Plan": {
      "Node Type": "Aggregate",
      "Strategy": "Plain",
      "Partial Mode": "Finalize",
      "Parallel Aware": false,
      "Startup Cost": 80472.93,
      "Total Cost": 80472.94,
      "Plan Rows": 1,
      "Plan Width": 8,
      "Actual Startup Time": 197.047,
      "Actual Total Time": 211.598,
      "Actual Rows": 1,
      "Actual Loops": 1,
      "Plans": [
        {
          "Node Type": "Gather",
          "Parent Relationship": "Outer",
          "Parallel Aware": false,
          "Startup Cost": 80472.61,
          "Total Cost": 80472.92,
          "Plan Rows": 3,
          "Plan Width": 8,
          "Actual Startup Time": 196.584,
          "Actual Total Time": 211.588,
          "Actual Rows": 4,
          "Actual Loops": 1,
          "Workers Planned": 3,
          "Workers Launched": 3,
          "Single Copy": false,
          "Plans": [
            {
              "Node Type": "Aggregate",
              "Strategy": "Plain",
              "Partial Mode": "Partial",
              "Parent Relationship": "Outer",
              "Parallel Aware": false,
              "Startup Cost": 79472.61,
              "Total Cost": 79472.62,
              "Plan Rows": 1,
              "Plan Width": 8,
              "Actual Startup Time": 190.156,
              "Actual Total Time": 190.16,
              "Actual Rows": 1,
              "Actual Loops": 4,
              "Plans": [
                {
                  "Node Type": "Hash Join",
                  "Parent Relationship": "Outer",
                  "Parallel Aware": true,
                  "Join Type": "Inner",
                  "Startup Cost": 53273.64,
                  "Total Cost": 79463.73,
                  "Plan Rows": 3551,
                  "Plan Width": 0,
                  "Actual Startup Time": 129.397,
                  "Actual Total Time": 190.093,
                  "Actual Rows": 605,
                  "Actual Loops": 4,
                  "Inner Unique": true,
                  "Hash Cond": "(mk.movie_id = t.id)",
                  "Plans": [
                    {
                      "Node Type": "Bitmap Heap Scan",
                      "Parent Relationship": "Outer",
                      "Parallel Aware": true,
                      "Relation Name": "movie_keyword",
                      "Alias": "mk",
                      "Startup Cost": 7550.09,
                      "Total Cost": 33438.88,
                      "Plan Rows": 114783,
                      "Plan Width": 4,
                      "Actual Startup Time": 26.428,
                      "Actual Total Time": 72.958,
                      "Actual Rows": 86520,
                      "Actual Loops": 4,
                      "Recheck Cond": "(keyword_id > 48148)",
                      "Rows Removed by Index Recheck": 0,
                      "Exact Heap Blocks": 5640,
                      "Lossy Heap Blocks": 0,
                      "Plans": [
                        {
                          "Node Type": "Bitmap Index Scan",
                          "Parent Relationship": "Outer",
                          "Parallel Aware": false,
                          "Index Name": "keyword_id_movie_keyword",
                          "Startup Cost": 0.0,
                          "Total Cost": 7461.13,
                          "Plan Rows": 355827,
                          "Plan Width": 0,
                          "Actual Startup Time": 23.063,
                          "Actual Total Time": 23.064,
                          "Actual Rows": 346079,
                          "Actual Loops": 1,
                          "Index Cond": "(keyword_id > 48148)"
                        }
                      ]
                    },
                    {
                      "Node Type": "Hash",
                      "Parent Relationship": "Inner",
                      "Parallel Aware": true,
                      "Startup Cost": 45479.1,
                      "Total Cost": 45479.1,
                      "Plan Rows": 19556,
                      "Plan Width": 4,
                      "Actual Startup Time": 101.466,
                      "Actual Total Time": 101.467,
                      "Actual Rows": 21171,
                      "Actual Loops": 4,
                      "Hash Buckets": 131072,
                      "Original Hash Buckets": 131072,
                      "Hash Batches": 1,
                      "Original Hash Batches": 1,
                      "Peak Memory Usage": 4352,
                      "Plans": [
                        {
                          "Node Type": "Seq Scan",
                          "Parent Relationship": "Outer",
                          "Parallel Aware": true,
                          "Relation Name": "title",
                          "Alias": "t",
                          "Startup Cost": 0.0,
                          "Total Cost": 45479.1,
                          "Plan Rows": 19556,
                          "Plan Width": 4,
                          "Actual Startup Time": 0.038,
                          "Actual Total Time": 93.681,
                          "Actual Rows": 21171,
                          "Actual Loops": 4,
                          "Filter": "((kind_id = 7) AND (production_year = 2009))",
                          "Rows Removed by Filter": 610907
                        }
                      ]
                    }
                  ]
                }
              ]
            }
          ]
        }
      ]
    },
    "Planning Time": 0.549,
    "Triggers": [],
    "Execution Time": 211.676
  }
]