{
  "Plan": {
    "Node Type": "Aggregate",
    "Strategy": "Plain",
    "Partial Mode": "Finalize",
    "Parallel Aware": false,
    "Startup Cost": 416917.37,
    "Total Cost": 416917.38,
    "Plan Rows": 1,
    "Plan Width": 8,
    "Actual Startup Time": 1465.588,
    "Actual Total Time": 1488.4,
    "Actual Rows": 1,
    "Actual Loops": 1,
    "Plans": [
      {
        "Node Type": "Gather",
        "Parent Relationship": "Outer",
        "Parallel Aware": false,
        "Startup Cost": 416917.26,
        "Total Cost": 416917.37,
        "Plan Rows": 1,
        "Plan Width": 8,
        "Actual Startup Time": 1459.729,
        "Actual Total Time": 1488.391,
        "Actual Rows": 2,
        "Actual Loops": 1,
        "Workers Planned": 1,
        "Workers Launched": 1,
        "Single Copy": false,
        "Plans": [
          {
            "Node Type": "Aggregate",
            "Strategy": "Plain",
            "Partial Mode": "Partial",
            "Parent Relationship": "Outer",
            "Parallel Aware": false,
            "Startup Cost": 415917.26,
            "Total Cost": 415917.27,
            "Plan Rows": 1,
            "Plan Width": 8,
            "Actual Startup Time": 1448.019,
            "Actual Total Time": 1448.023,
            "Actual Rows": 1,
            "Actual Loops": 2,
            "Plans": [
              {
                "Node Type": "Hash Join",
                "Parent Relationship": "Outer",
                "Parallel Aware": true,
                "Join Type": "Inner",
                "Startup Cost": 134137.11,
                "Total Cost": 414423.25,
                "Plan Rows": 597601,
                "Plan Width": 0,
                "Actual Startup Time": 684.082,
                "Actual Total Time": 1401.319,
                "Actual Rows": 1081367,
                "Actual Loops": 2,
                "Inner Unique": true,
                "Hash Cond": "(ci.movie_id = t.id)",
                "Plans": [
                  {
                    "Node Type": "Bitmap Heap Scan",
                    "Parent Relationship": "Outer",
                    "Parallel Aware": true,
                    "Relation Name": "cast_info",
                    "Alias": "ci",
                    "Startup Cost": 64676.42,
                    "Total Cost": 343393.85,
                    "Plan Rows": 597601,
                    "Plan Width": 4,
                    "Actual Startup Time": 121.097,
                    "Actual Total Time": 332.756,
                    "Actual Rows": 1081367,
                    "Actual Loops": 2,
                    "Recheck Cond": "(person_id < 291929)",
                    "Rows Removed by Index Recheck": 0,
                    "Filter": "(role_id < 2)",
                    "Rows Removed by Filter": 420739,
                    "Exact Heap Blocks": 17142,
                    "Lossy Heap Blocks": 0,
                    "Plans": [
                      {
                        "Node Type": "Bitmap Index Scan",
                        "Parent Relationship": "Outer",
                        "Parallel Aware": false,
                        "Index Name": "person_id_cast_info",
                        "Startup Cost": 0.0,
                        "Total Cost": 64422.43,
                        "Plan Rows": 2950116,
                        "Plan Width": 0,
                        "Actual Startup Time": 115.95,
                        "Actual Total Time": 115.95,
                        "Actual Rows": 3004212,
                        "Actual Loops": 1,
                        "Index Cond": "(person_id < 291929)"
                      }
                    ]
                  },
                  {
                    "Node Type": "Hash",
                    "Parent Relationship": "Inner",
                    "Parallel Aware": true,
                    "Startup Cost": 50870.31,
                    "Total Cost": 50870.31,
                    "Plan Rows": 1487231,
                    "Plan Width": 4,
                    "Actual Startup Time": 541.285,
                    "Actual Total Time": 541.286,
                    "Actual Rows": 1264156,
                    "Actual Loops": 2,
                    "Hash Buckets": 4194304,
                    "Original Hash Buckets": 4194304,
                    "Hash Batches": 1,
                    "Original Hash Batches": 1,
                    "Peak Memory Usage": 131712,
                    "Plans": [
                      {
                        "Node Type": "Seq Scan",
                        "Parent Relationship": "Outer",
                        "Parallel Aware": true,
                        "Relation Name": "title",
                        "Alias": "t",
                        "Startup Cost": 0.0,
                        "Total Cost": 50870.31,
                        "Plan Rows": 1487231,
                        "Plan Width": 4,
                        "Actual Startup Time": 0.029,
                        "Actual Total Time": 152.212,
                        "Actual Rows": 1264156,
                        "Actual Loops": 2
                      }
                    ]
                  }
                ]
              }
            ]
          }
        ]
      }
    ]
  },
  "Planning Time": 0.73,
  "Triggers": [],
  "Execution Time": 1488.489
}