[
  {
    "Plan": {
      "Node Type": "Aggregate",
      "Strategy": "Plain",
      "Partial Mode": "Finalize",
      "Parallel Aware": false,
      "Startup Cost": 418087.2,
      "Total Cost": 418087.21,
      "Plan Rows": 1,
      "Plan Width": 8,
      "Actual Startup Time": 1645.411,
      "Actual Total Time": 1707.735,
      "Actual Rows": 1,
      "Actual Loops": 1,
      "Plans": [
        {
          "Node Type": "Gather",
          "Parent Relationship": "Outer",
          "Parallel Aware": false,
          "Startup Cost": 418086.57,
          "Total Cost": 418087.18,
          "Plan Rows": 6,
          "Plan Width": 8,
          "Actual Startup Time": 1634.788,
          "Actual Total Time": 1707.724,
          "Actual Rows": 7,
          "Actual Loops": 1,
          "Workers Planned": 6,
          "Workers Launched": 6,
          "Single Copy": false,
          "Plans": [
            {
              "Node Type": "Aggregate",
              "Strategy": "Plain",
              "Partial Mode": "Partial",
              "Parent Relationship": "Outer",
              "Parallel Aware": false,
              "Startup Cost": 417086.57,
              "Total Cost": 417086.58,
              "Plan Rows": 1,
              "Plan Width": 8,
              "Actual Startup Time": 1622.834,
              "Actual Total Time": 1622.84,
              "Actual Rows": 1,
              "Actual Loops": 7,
              "Plans": [
                {
                  "Node Type": "Hash Join",
                  "Parent Relationship": "Outer",
                  "Parallel Aware": true,
                  "Join Type": "Inner",
                  "Startup Cost": 64202.98,
                  "Total Cost": 416193.72,
                  "Plan Rows": 357139,
                  "Plan Width": 0,
                  "Actual Startup Time": 478.198,
                  "Actual Total Time": 1552.894,
                  "Actual Rows": 1519976,
                  "Actual Loops": 7,
                  "Inner Unique": false,
                  "Hash Cond": "(ci.movie_id = t.id)",
                  "Plans": [
                    {
                      "Node Type": "Seq Scan",
                      "Parent Relationship": "Outer",
                      "Parallel Aware": true,
                      "Relation Name": "cast_info",
                      "Alias": "ci",
                      "Startup Cost": 0.0,
                      "Total Cost": 343257.03,
                      "Plan Rows": 1932170,
                      "Plan Width": 4,
                      "Actual Startup Time": 215.652,
                      "Actual Total Time": 690.949,
                      "Actual Rows": 2524354,
                      "Actual Loops": 7,
                      "Filter": "((person_id > 1848489) AND (role_id > 1))",
                      "Rows Removed by Filter": 2653410
                    },
                    {
                      "Node Type": "Hash",
                      "Parent Relationship": "Inner",
                      "Parallel Aware": true,
                      "Startup Cost": 61768.99,
                      "Total Cost": 61768.99,
                      "Plan Rows": 194719,
                      "Plan Width": 8,
                      "Actual Startup Time": 260.164,
                      "Actual Total Time": 260.168,
                      "Actual Rows": 122015,
                      "Actual Loops": 7,
                      "Hash Buckets": 1048576,
                      "Original Hash Buckets": 524288,
                      "Hash Batches": 1,
                      "Original Hash Batches": 1,
                      "Peak Memory Usage": 45824,
                      "Plans": [
                        {
                          "Node Type": "Hash Join",
                          "Parent Relationship": "Outer",
                          "Parallel Aware": true,
                          "Join Type": "Inner",
                          "Startup Cost": 46574.43,
                          "Total Cost": 61768.99,
                          "Plan Rows": 194719,
                          "Plan Width": 8,
                          "Actual Startup Time": 141.198,
                          "Actual Total Time": 209.142,
                          "Actual Rows": 122015,
                          "Actual Loops": 7,
                          "Inner Unique": true,
                          "Hash Cond": "(mi_idx.movie_id = t.id)",
                          "Plans": [
                            {
                              "Node Type": "Seq Scan",
                              "Parent Relationship": "Outer",
                              "Parallel Aware": true,
                              "Relation Name": "movie_info_idx",
                              "Alias": "mi_idx",
                              "Startup Cost": 0.0,
                              "Total Cost": 13685.15,
                              "Plan Rows": 575015,
                              "Plan Width": 4,
                              "Actual Startup Time": 0.03,
                              "Actual Total Time": 20.48,
                              "Actual Rows": 197148,
                              "Actual Loops": 7
                            },
                            {
                              "Node Type": "Hash",
                              "Parent Relationship": "Inner",
                              "Parallel Aware": true,
                              "Startup Cost": 43898.92,
                              "Total Cost": 43898.92,
                              "Plan Rows": 214041,
                              "Plan Width": 4,
                              "Actual Startup Time": 139.054,
                              "Actual Total Time": 139.055,
                              "Actual Rows": 122031,
                              "Actual Loops": 7,
                              "Hash Buckets": 1048576,
                              "Original Hash Buckets": 1048576,
                              "Hash Batches": 1,
                              "Original Hash Batches": 1,
                              "Peak Memory Usage": 41824,
                              "Plans": [
                                {
                                  "Node Type": "Seq Scan",
                                  "Parent Relationship": "Outer",
                                  "Parallel Aware": true,
                                  "Relation Name": "title",
                                  "Alias": "t",
                                  "Startup Cost": 0.0,
                                  "Total Cost": 43898.92,
                                  "Plan Rows": 214041,
                                  "Plan Width": 4,
                                  "Actual Startup Time": 0.048,
                                  "Actual Total Time": 77.556,
                                  "Actual Rows": 122031,
                                  "Actual Loops": 7,
                                  "Filter": "(kind_id < 4)",
                                  "Rows Removed by Filter": 239157
                                }
                              ]
                            }
                          ]
                        }
                      ]
                    }
                  ]
                }
              ]
            }
          ]
        }
      ]
    },
    "Planning Time": 1.364,
    "Triggers": [],
    "Execution Time": 1707.838
  }
]