{
    "Plan": {
        "Node Type": "Aggregate",
        "Strategy": "Plain",
        "Partial Mode": "Finalize",
        "Parallel Aware": false,
        "Startup Cost": 248499.07,
        "Total Cost": 248499.08,
        "Plan Rows": 1,
        "Plan Width": 8,
        "Actual Startup Time": 557.307,
        "Actual Total Time": 599.654,
        "Actual Rows": 1,
        "Actual Loops": 1,
        "Output": [
            "count(*)"
        ],
        "Plans": [
            {
                "Node Type": "Gather",
                "Parent Relationship": "Outer",
                "Parallel Aware": false,
                "Startup Cost": 248498.55,
                "Total Cost": 248499.06,
                "Plan Rows": 5,
                "Plan Width": 8,
                "Actual Startup Time": 555.281,
                "Actual Total Time": 599.643,
                "Actual Rows": 6,
                "Actual Loops": 1,
                "Output": [
                    "(PARTIAL count(*))"
                ],
                "Workers Planned": 5,
                "Workers Launched": 5,
                "Single Copy": false,
                "Plans": [
                    {
                        "Node Type": "Aggregate",
                        "Strategy": "Plain",
                        "Partial Mode": "Partial",
                        "Parent Relationship": "Outer",
                        "Parallel Aware": false,
                        "Startup Cost": 247498.55,
                        "Total Cost": 247498.56,
                        "Plan Rows": 1,
                        "Plan Width": 8,
                        "Actual Startup Time": 545.344,
                        "Actual Total Time": 545.384,
                        "Actual Rows": 1,
                        "Actual Loops": 6,
                        "Output": [
                            "PARTIAL count(*)"
                        ],
                        "Workers": [
                            {
                                "Worker Number": 0,
                                "Actual Startup Time": 542.987,
                                "Actual Total Time": 542.99,
                                "Actual Rows": 1,
                                "Actual Loops": 1
                            },
                            {
                                "Worker Number": 1,
                                "Actual Startup Time": 543.926,
                                "Actual Total Time": 543.928,
                                "Actual Rows": 1,
                                "Actual Loops": 1
                            },
                            {
                                "Worker Number": 2,
                                "Actual Startup Time": 543.282,
                                "Actual Total Time": 543.284,
                                "Actual Rows": 1,
                                "Actual Loops": 1
                            },
                            {
                                "Worker Number": 3,
                                "Actual Startup Time": 543.302,
                                "Actual Total Time": 543.305,
                                "Actual Rows": 1,
                                "Actual Loops": 1
                            },
                            {
                                "Worker Number": 4,
                                "Actual Startup Time": 544.188,
                                "Actual Total Time": 544.191,
                                "Actual Rows": 1,
                                "Actual Loops": 1
                            }
                        ],
                        "Plans": [
                            {
                                "Node Type": "Hash Join",
                                "Parent Relationship": "Outer",
                                "Parallel Aware": true,
                                "Join Type": "Inner",
                                "Startup Cost": 45774.32,
                                "Total Cost": 247400.87,
                                "Plan Rows": 39071,
                                "Plan Width": 0,
                                "Actual Startup Time": 123.217,
                                "Actual Total Time": 540.482,
                                "Actual Rows": 97835,
                                "Actual Loops": 6,
                                "Inner Unique": true,
                                "Hash Cond": "(mi.movie_id = t.id)",
                                "Workers": [
                                    {
                                        "Worker Number": 0,
                                        "Actual Startup Time": 120.979,
                                        "Actual Total Time": 537.912,
                                        "Actual Rows": 70848,
                                        "Actual Loops": 1
                                    },
                                    {
                                        "Worker Number": 1,
                                        "Actual Startup Time": 121.262,
                                        "Actual Total Time": 538.887,
                                        "Actual Rows": 69765,
                                        "Actual Loops": 1
                                    },
                                    {
                                        "Worker Number": 2,
                                        "Actual Startup Time": 121.251,
                                        "Actual Total Time": 538.573,
                                        "Actual Rows": 107883,
                                        "Actual Loops": 1
                                    },
                                    {
                                        "Worker Number": 3,
                                        "Actual Startup Time": 121.285,
                                        "Actual Total Time": 539.038,
                                        "Actual Rows": 97012,
                                        "Actual Loops": 1
                                    },
                                    {
                                        "Worker Number": 4,
                                        "Actual Startup Time": 122.158,
                                        "Actual Total Time": 539.493,
                                        "Actual Rows": 106698,
                                        "Actual Loops": 1
                                    }
                                ],
                                "Plans": [
                                    {
                                        "Node Type": "Seq Scan",
                                        "Parent Relationship": "Outer",
                                        "Parallel Aware": true,
                                        "Relation Name": "movie_info",
                                        "Schema": "public",
                                        "Alias": "mi",
                                        "Startup Cost": 0.0,
                                        "Total Cost": 198880.74,
                                        "Plan Rows": 1046023,
                                        "Plan Width": 4,
                                        "Actual Startup Time": 16.067,
                                        "Actual Total Time": 320.662,
                                        "Actual Rows": 878428,
                                        "Actual Loops": 6,
                                        "Output": [
                                            "mi.id",
                                            "mi.movie_id",
                                            "mi.info_type_id",
                                            "mi.info",
                                            "mi.note"
                                        ],
                                        "Filter": "(mi.info_type_id > 15)",
                                        "Rows Removed by Filter": 1594192,
                                        "Workers": [
                                            {
                                                "Worker Number": 0,
                                                "Actual Startup Time": 16.054,
                                                "Actual Total Time": 325.89,
                                                "Actual Rows": 629850,
                                                "Actual Loops": 1
                                            },
                                            {
                                                "Worker Number": 1,
                                                "Actual Startup Time": 16.073,
                                                "Actual Total Time": 325.939,
                                                "Actual Rows": 628607,
                                                "Actual Loops": 1
                                            },
                                            {
                                                "Worker Number": 2,
                                                "Actual Startup Time": 16.051,
                                                "Actual Total Time": 322.49,
                                                "Actual Rows": 966133,
                                                "Actual Loops": 1
                                            },
                                            {
                                                "Worker Number": 3,
                                                "Actual Startup Time": 16.094,
                                                "Actual Total Time": 319.608,
                                                "Actual Rows": 831641,
                                                "Actual Loops": 1
                                            },
                                            {
                                                "Worker Number": 4,
                                                "Actual Startup Time": 16.067,
                                                "Actual Total Time": 322.457,
                                                "Actual Rows": 967424,
                                                "Actual Loops": 1
                                            }
                                        ]
                                    },
                                    {
                                        "Node Type": "Hash",
                                        "Parent Relationship": "Inner",
                                        "Parallel Aware": true,
                                        "Startup Cost": 45479.21,
                                        "Total Cost": 45479.21,
                                        "Plan Rows": 23609,
                                        "Plan Width": 4,
                                        "Actual Startup Time": 92.91,
                                        "Actual Total Time": 92.911,
                                        "Actual Rows": 37026,
                                        "Actual Loops": 6,
                                        "Output": [
                                            "t.id"
                                        ],
                                        "Hash Buckets": 262144,
                                        "Original Hash Buckets": 131072,
                                        "Hash Batches": 1,
                                        "Original Hash Batches": 1,
                                        "Peak Memory Usage": 11840,
                                        "Workers": [
                                            {
                                                "Worker Number": 0,
                                                "Actual Startup Time": 91.603,
                                                "Actual Total Time": 91.604,
                                                "Actual Rows": 28243,
                                                "Actual Loops": 1
                                            },
                                            {
                                                "Worker Number": 1,
                                                "Actual Startup Time": 91.874,
                                                "Actual Total Time": 91.875,
                                                "Actual Rows": 28375,
                                                "Actual Loops": 1
                                            },
                                            {
                                                "Worker Number": 2,
                                                "Actual Startup Time": 91.868,
                                                "Actual Total Time": 91.869,
                                                "Actual Rows": 39772,
                                                "Actual Loops": 1
                                            },
                                            {
                                                "Worker Number": 3,
                                                "Actual Startup Time": 91.882,
                                                "Actual Total Time": 91.883,
                                                "Actual Rows": 35062,
                                                "Actual Loops": 1
                                            },
                                            {
                                                "Worker Number": 4,
                                                "Actual Startup Time": 92.732,
                                                "Actual Total Time": 92.733,
                                                "Actual Rows": 40566,
                                                "Actual Loops": 1
                                            }
                                        ],
                                        "Plans": [
                                            {
                                                "Node Type": "Seq Scan",
                                                "Parent Relationship": "Outer",
                                                "Parallel Aware": true,
                                                "Relation Name": "title",
                                                "Schema": "public",
                                                "Alias": "t",
                                                "Startup Cost": 0.0,
                                                "Total Cost": 45479.21,
                                                "Plan Rows": 23609,
                                                "Plan Width": 4,
                                                "Actual Startup Time": 48.921,
                                                "Actual Total Time": 77.299,
                                                "Actual Rows": 37026,
                                                "Actual Loops": 6,
                                                "Output": [
                                                    "t.id"
                                                ],
                                                "Filter": "((t.production_year < 1969) AND (t.kind_id = 1))",
                                                "Rows Removed by Filter": 384360,
                                                "Workers": [
                                                    {
                                                        "Worker Number": 0,
                                                        "Actual Startup Time": 47.429,
                                                        "Actual Total Time": 77.11,
                                                        "Actual Rows": 28243,
                                                        "Actual Loops": 1
                                                    },
                                                    {
                                                        "Worker Number": 1,
                                                        "Actual Startup Time": 47.62,
                                                        "Actual Total Time": 77.487,
                                                        "Actual Rows": 28375,
                                                        "Actual Loops": 1
                                                    },
                                                    {
                                                        "Worker Number": 2,
                                                        "Actual Startup Time": 48.398,
                                                        "Actual Total Time": 76.15,
                                                        "Actual Rows": 39772,
                                                        "Actual Loops": 1
                                                    },
                                                    {
                                                        "Worker Number": 3,
                                                        "Actual Startup Time": 47.906,
                                                        "Actual Total Time": 75.269,
                                                        "Actual Rows": 35062,
                                                        "Actual Loops": 1
                                                    },
                                                    {
                                                        "Worker Number": 4,
                                                        "Actual Startup Time": 48.793,
                                                        "Actual Total Time": 77.493,
                                                        "Actual Rows": 40566,
                                                        "Actual Loops": 1
                                                    }
                                                ]
                                            }
                                        ]
                                    }
                                ]
                            }
                        ]
                    }
                ]
            }
        ]
    },
    "Planning Time": 0.794,
    "Triggers": [],
    "Execution Time": 599.735
}