[
  {
    "Plan": {
      "Node Type": "Aggregate",
      "Strategy": "Plain",
      "Partial Mode": "Finalize",
      "Parallel Aware": false,
      "Startup Cost": 32653.24,
      "Total Cost": 32653.25,
      "Plan Rows": 1,
      "Plan Width": 8,
      "Actual Startup Time": 100.364,
      "Actual Total Time": 108.122,
      "Actual Rows": 1,
      "Actual Loops": 1,
      "Plans": [
        {
          "Node Type": "Gather",
          "Parent Relationship": "Outer",
          "Parallel Aware": false,
          "Startup Cost": 32652.92,
          "Total Cost": 32653.23,
          "Plan Rows": 3,
          "Plan Width": 8,
          "Actual Startup Time": 100.245,
          "Actual Total Time": 108.114,
          "Actual Rows": 4,
          "Actual Loops": 1,
          "Workers Planned": 3,
          "Workers Launched": 3,
          "Single Copy": false,
          "Plans": [
            {
              "Node Type": "Aggregate",
              "Strategy": "Plain",
              "Partial Mode": "Partial",
              "Parent Relationship": "Outer",
              "Parallel Aware": false,
              "Startup Cost": 31652.92,
              "Total Cost": 31652.93,
              "Plan Rows": 1,
              "Plan Width": 8,
              "Actual Startup Time": 92.572,
              "Actual Total Time": 92.573,
              "Actual Rows": 1,
              "Actual Loops": 4,
              "Plans": [
                {
                  "Node Type": "Seq Scan",
                  "Parent Relationship": "Outer",
                  "Parallel Aware": true,
                  "Relation Name": "movie_companies",
                  "Alias": "mc",
                  "Startup Cost": 0.0,
                  "Total Cost": 31414.82,
                  "Plan Rows": 95241,
                  "Plan Width": 0,
                  "Actual Startup Time": 50.626,
                  "Actual Total Time": 85.78,
                  "Actual Rows": 148299,
                  "Actual Loops": 4,
                  "Filter": "((company_id > 69160) AND (company_type_id > 1))",
                  "Rows Removed by Filter": 503984
                }
              ]
            }
          ]
        }
      ]
    },
    "Planning Time": 0.217,
    "Triggers": [],
    "Execution Time": 108.18
  }
]