[
  {
    "Plan": {
      "Node Type": "Aggregate",
      "Strategy": "Plain",
      "Partial Mode": "Finalize",
      "Parallel Aware": false,
      "Startup Cost": 299518.94,
      "Total Cost": 299518.95,
      "Plan Rows": 1,
      "Plan Width": 8,
      "Actual Startup Time": 1650.833,
      "Actual Total Time": 1689.793,
      "Actual Rows": 1,
      "Actual Loops": 1,
      "Plans": [
        {
          "Node Type": "Gather",
          "Parent Relationship": "Outer",
          "Parallel Aware": false,
          "Startup Cost": 299518.42,
          "Total Cost": 299518.93,
          "Plan Rows": 5,
          "Plan Width": 8,
          "Actual Startup Time": 1637.762,
          "Actual Total Time": 1689.767,
          "Actual Rows": 6,
          "Actual Loops": 1,
          "Workers Planned": 5,
          "Workers Launched": 5,
          "Single Copy": false,
          "Plans": [
            {
              "Node Type": "Aggregate",
              "Strategy": "Plain",
              "Partial Mode": "Partial",
              "Parent Relationship": "Outer",
              "Parallel Aware": false,
              "Startup Cost": 298518.42,
              "Total Cost": 298518.43,
              "Plan Rows": 1,
              "Plan Width": 8,
              "Actual Startup Time": 1625.142,
              "Actual Total Time": 1625.226,
              "Actual Rows": 1,
              "Actual Loops": 6,
              "Plans": [
                {
                  "Node Type": "Hash Join",
                  "Parent Relationship": "Outer",
                  "Parallel Aware": true,
                  "Join Type": "Inner",
                  "Startup Cost": 92565.06,
                  "Total Cost": 297075.27,
                  "Plan Rows": 577258,
                  "Plan Width": 0,
                  "Actual Startup Time": 410.464,
                  "Actual Total Time": 1408.782,
                  "Actual Rows": 5187793,
                  "Actual Loops": 6,
                  "Inner Unique": false,
                  "Hash Cond": "(mi.movie_id = t.id)",
                  "Plans": [
                    {
                      "Node Type": "Seq Scan",
                      "Parent Relationship": "Outer",
                      "Parallel Aware": true,
                      "Relation Name": "movie_info",
                      "Alias": "mi",
                      "Startup Cost": 0.0,
                      "Total Cost": 191560.33,
                      "Plan Rows": 2956733,
                      "Plan Width": 4,
                      "Actual Startup Time": 0.045,
                      "Actual Total Time": 300.519,
                      "Actual Rows": 2472620,
                      "Actual Loops": 6
                    },
                    {
                      "Node Type": "Hash",
                      "Parent Relationship": "Inner",
                      "Parallel Aware": true,
                      "Startup Cost": 90574.69,
                      "Total Cost": 90574.69,
                      "Plan Rows": 159230,
                      "Plan Width": 8,
                      "Actual Startup Time": 407.427,
                      "Actual Total Time": 407.51,
                      "Actual Rows": 90465,
                      "Actual Loops": 6,
                      "Hash Buckets": 1048576,
                      "Original Hash Buckets": 524288,
                      "Hash Batches": 1,
                      "Original Hash Batches": 1,
                      "Peak Memory Usage": 33600,
                      "Plans": [
                        {
                          "Node Type": "Hash Join",
                          "Parent Relationship": "Outer",
                          "Parallel Aware": true,
                          "Join Type": "Inner",
                          "Startup Cost": 63172.56,
                          "Total Cost": 90574.69,
                          "Plan Rows": 159230,
                          "Plan Width": 8,
                          "Actual Startup Time": 279.985,
                          "Actual Total Time": 367.761,
                          "Actual Rows": 90465,
                          "Actual Loops": 6,
                          "Inner Unique": true,
                          "Hash Cond": "(mk.movie_id = t.id)",
                          "Plans": [
                            {
                              "Node Type": "Bitmap Heap Scan",
                              "Parent Relationship": "Outer",
                              "Parallel Aware": true,
                              "Relation Name": "movie_keyword",
                              "Alias": "mk",
                              "Startup Cost": 12819.32,
                              "Total Cost": 39709.79,
                              "Plan Rows": 194917,
                              "Plan Width": 4,
                              "Actual Startup Time": 42.758,
                              "Actual Total Time": 92.679,
                              "Actual Rows": 98839,
                              "Actual Loops": 6,
                              "Recheck Cond": "(keyword_id > 31015)",
                              "Rows Removed by Index Recheck": 0,
                              "Exact Heap Blocks": 4869,
                              "Lossy Heap Blocks": 0,
                              "Plans": [
                                {
                                  "Node Type": "Bitmap Index Scan",
                                  "Parent Relationship": "Outer",
                                  "Parallel Aware": false,
                                  "Index Name": "keyword_id_movie_keyword",
                                  "Startup Cost": 0.0,
                                  "Total Cost": 12668.26,
                                  "Plan Rows": 604244,
                                  "Plan Width": 0,
                                  "Actual Startup Time": 39.136,
                                  "Actual Total Time": 39.136,
                                  "Actual Rows": 593035,
                                  "Actual Loops": 1,
                                  "Index Cond": "(keyword_id > 31015)"
                                }
                              ]
                            },
                            {
                              "Node Type": "Hash",
                              "Parent Relationship": "Inner",
                              "Parallel Aware": true,
                              "Startup Cost": 43898.92,
                              "Total Cost": 43898.92,
                              "Plan Rows": 516346,
                              "Plan Width": 4,
                              "Actual Startup Time": 233.49,
                              "Actual Total Time": 233.491,
                              "Actual Rows": 344092,
                              "Actual Loops": 6,
                              "Hash Buckets": 2097152,
                              "Original Hash Buckets": 2097152,
                              "Hash Batches": 1,
                              "Original Hash Batches": 1,
                              "Peak Memory Usage": 97280,
                              "Plans": [
                                {
                                  "Node Type": "Seq Scan",
                                  "Parent Relationship": "Outer",
                                  "Parallel Aware": true,
                                  "Relation Name": "title",
                                  "Alias": "t",
                                  "Startup Cost": 0.0,
                                  "Total Cost": 43898.92,
                                  "Plan Rows": 516346,
                                  "Plan Width": 4,
                                  "Actual Startup Time": 0.046,
                                  "Actual Total Time": 89.708,
                                  "Actual Rows": 344092,
                                  "Actual Loops": 6,
                                  "Filter": "(production_year < 2011)",
                                  "Rows Removed by Filter": 77293
                                }
                              ]
                            }
                          ]
                        }
                      ]
                    }
                  ]
                }
              ]
            }
          ]
        }
      ]
    },
    "Planning Time": 1.38,
    "Triggers": [],
    "Execution Time": 1689.918
  }
]