[
  {
    "Plan": {
      "Node Type": "Aggregate",
      "Strategy": "Plain",
      "Partial Mode": "Finalize",
      "Parallel Aware": false,
      "Startup Cost": 40750.76,
      "Total Cost": 40750.77,
      "Plan Rows": 1,
      "Plan Width": 8,
      "Actual Startup Time": 142.306,
      "Actual Total Time": 149.338,
      "Actual Rows": 1,
      "Actual Loops": 1,
      "Plans": [
        {
          "Node Type": "Gather",
          "Parent Relationship": "Outer",
          "Parallel Aware": false,
          "Startup Cost": 40750.45,
          "Total Cost": 40750.76,
          "Plan Rows": 3,
          "Plan Width": 8,
          "Actual Startup Time": 142.085,
          "Actual Total Time": 149.329,
          "Actual Rows": 4,
          "Actual Loops": 1,
          "Workers Planned": 3,
          "Workers Launched": 3,
          "Single Copy": false,
          "Plans": [
            {
              "Node Type": "Aggregate",
              "Strategy": "Plain",
              "Partial Mode": "Partial",
              "Parent Relationship": "Outer",
              "Parallel Aware": false,
              "Startup Cost": 39750.45,
              "Total Cost": 39750.46,
              "Plan Rows": 1,
              "Plan Width": 8,
              "Actual Startup Time": 136.977,
              "Actual Total Time": 136.979,
              "Actual Rows": 1,
              "Actual Loops": 4,
              "Plans": [
                {
                  "Node Type": "Bitmap Heap Scan",
                  "Parent Relationship": "Outer",
                  "Parallel Aware": true,
                  "Relation Name": "movie_keyword",
                  "Alias": "mk",
                  "Startup Cost": 12455.19,
                  "Total Cost": 39276.9,
                  "Plan Rows": 189417,
                  "Plan Width": 0,
                  "Actual Startup Time": 55.89,
                  "Actual Total Time": 128.604,
                  "Actual Rows": 147066,
                  "Actual Loops": 4,
                  "Recheck Cond": "(keyword_id > 31205)",
                  "Rows Removed by Index Recheck": 0,
                  "Exact Heap Blocks": 8931,
                  "Lossy Heap Blocks": 0,
                  "Plans": [
                    {
                      "Node Type": "Bitmap Index Scan",
                      "Parent Relationship": "Outer",
                      "Parallel Aware": false,
                      "Index Name": "keyword_id_movie_keyword",
                      "Startup Cost": 0.0,
                      "Total Cost": 12308.39,
                      "Plan Rows": 587194,
                      "Plan Width": 0,
                      "Actual Startup Time": 56.766,
                      "Actual Total Time": 56.766,
                      "Actual Rows": 588262,
                      "Actual Loops": 1,
                      "Index Cond": "(keyword_id > 31205)"
                    }
                  ]
                }
              ]
            }
          ]
        }
      ]
    },
    "Planning Time": 0.104,
    "Triggers": [],
    "Execution Time": 149.384
  }
]