[
  {
    "Plan": {
      "Node Type": "Aggregate",
      "Strategy": "Plain",
      "Partial Mode": "Finalize",
      "Parallel Aware": false,
      "Startup Cost": 241587.7,
      "Total Cost": 241587.71,
      "Plan Rows": 1,
      "Plan Width": 8,
      "Actual Startup Time": 1041.601,
      "Actual Total Time": 1074.226,
      "Actual Rows": 1,
      "Actual Loops": 1,
      "Plans": [
        {
          "Node Type": "Gather",
          "Parent Relationship": "Outer",
          "Parallel Aware": false,
          "Startup Cost": 241587.48,
          "Total Cost": 241587.69,
          "Plan Rows": 2,
          "Plan Width": 8,
          "Actual Startup Time": 1022.798,
          "Actual Total Time": 1074.213,
          "Actual Rows": 3,
          "Actual Loops": 1,
          "Workers Planned": 2,
          "Workers Launched": 2,
          "Single Copy": false,
          "Plans": [
            {
              "Node Type": "Aggregate",
              "Strategy": "Plain",
              "Partial Mode": "Partial",
              "Parent Relationship": "Outer",
              "Parallel Aware": false,
              "Startup Cost": 240587.48,
              "Total Cost": 240587.49,
              "Plan Rows": 1,
              "Plan Width": 8,
              "Actual Startup Time": 1008.756,
              "Actual Total Time": 1008.767,
              "Actual Rows": 1,
              "Actual Loops": 3,
              "Plans": [
                {
                  "Node Type": "Hash Join",
                  "Parent Relationship": "Outer",
                  "Parallel Aware": true,
                  "Join Type": "Inner",
                  "Startup Cost": 224555.1,
                  "Total Cost": 240481.41,
                  "Plan Rows": 42429,
                  "Plan Width": 0,
                  "Actual Startup Time": 835.661,
                  "Actual Total Time": 996.317,
                  "Actual Rows": 179687,
                  "Actual Loops": 3,
                  "Inner Unique": false,
                  "Hash Cond": "(mi_idx.movie_id = t.id)",
                  "Plans": [
                    {
                      "Node Type": "Seq Scan",
                      "Parent Relationship": "Outer",
                      "Parallel Aware": true,
                      "Relation Name": "movie_info_idx",
                      "Alias": "mi_idx",
                      "Startup Cost": 0.0,
                      "Total Cost": 13685.15,
                      "Plan Rows": 575015,
                      "Plan Width": 4,
                      "Actual Startup Time": 0.038,
                      "Actual Total Time": 65.716,
                      "Actual Rows": 460012,
                      "Actual Loops": 3
                    },
                    {
                      "Node Type": "Hash",
                      "Parent Relationship": "Inner",
                      "Parallel Aware": true,
                      "Startup Cost": 224088.69,
                      "Total Cost": 224088.69,
                      "Plan Rows": 37313,
                      "Plan Width": 8,
                      "Actual Startup Time": 834.019,
                      "Actual Total Time": 834.027,
                      "Actual Rows": 60037,
                      "Actual Loops": 3,
                      "Hash Buckets": 262144,
                      "Original Hash Buckets": 262144,
                      "Hash Batches": 1,
                      "Original Hash Batches": 1,
                      "Peak Memory Usage": 9152,
                      "Plans": [
                        {
                          "Node Type": "Hash Join",
                          "Parent Relationship": "Outer",
                          "Parallel Aware": true,
                          "Join Type": "Inner",
                          "Startup Cost": 53594.7,
                          "Total Cost": 224088.69,
                          "Plan Rows": 37313,
                          "Plan Width": 8,
                          "Actual Startup Time": 744.342,
                          "Actual Total Time": 810.998,
                          "Actual Rows": 60037,
                          "Actual Loops": 3,
                          "Inner Unique": true,
                          "Hash Cond": "(mi.movie_id = t.id)",
                          "Plans": [
                            {
                              "Node Type": "Bitmap Heap Scan",
                              "Parent Relationship": "Outer",
                              "Parallel Aware": true,
                              "Relation Name": "movie_info",
                              "Alias": "mi",
                              "Startup Cost": 3374.32,
                              "Total Cost": 173770.36,
                              "Plan Rows": 37313,
                              "Plan Width": 4,
                              "Actual Startup Time": 22.077,
                              "Actual Total Time": 48.342,
                              "Actual Rows": 60037,
                              "Actual Loops": 3,
                              "Recheck Cond": "(info_type_id = 13)",
                              "Rows Removed by Index Recheck": 0,
                              "Exact Heap Blocks": 2111,
                              "Lossy Heap Blocks": 0,
                              "Plans": [
                                {
                                  "Node Type": "Bitmap Index Scan",
                                  "Parent Relationship": "Outer",
                                  "Parallel Aware": false,
                                  "Index Name": "info_type_id_movie_info",
                                  "Startup Cost": 0.0,
                                  "Total Cost": 3327.68,
                                  "Plan Rows": 186566,
                                  "Plan Width": 0,
                                  "Actual Startup Time": 20.714,
                                  "Actual Total Time": 20.715,
                                  "Actual Rows": 180112,
                                  "Actual Loops": 1,
                                  "Index Cond": "(info_type_id = 13)"
                                }
                              ]
                            },
                            {
                              "Node Type": "Hash",
                              "Parent Relationship": "Inner",
                              "Parallel Aware": true,
                              "Startup Cost": 42319.06,
                              "Total Cost": 42319.06,
                              "Plan Rows": 632106,
                              "Plan Width": 4,
                              "Actual Startup Time": 709.722,
                              "Actual Total Time": 709.724,
                              "Actual Rows": 842771,
                              "Actual Loops": 3,
                              "Hash Buckets": 4194304,
                              "Original Hash Buckets": 4194304,
                              "Hash Batches": 1,
                              "Original Hash Batches": 1,
                              "Peak Memory Usage": 131712,
                              "Plans": [
                                {
                                  "Node Type": "Seq Scan",
                                  "Parent Relationship": "Outer",
                                  "Parallel Aware": true,
                                  "Relation Name": "title",
                                  "Alias": "t",
                                  "Startup Cost": 0.0,
                                  "Total Cost": 42319.06,
                                  "Plan Rows": 632106,
                                  "Plan Width": 4,
                                  "Actual Startup Time": 0.051,
                                  "Actual Total Time": 193.066,
                                  "Actual Rows": 842771,
                                  "Actual Loops": 3
                                }
                              ]
                            }
                          ]
                        }
                      ]
                    }
                  ]
                }
              ]
            }
          ]
        }
      ]
    },
    "Planning Time": 0.614,
    "Triggers": [],
    "Execution Time": 1074.305
  }
]