[
  {
    "Plan": {
      "Node Type": "Aggregate",
      "Strategy": "Plain",
      "Partial Mode": "Finalize",
      "Parallel Aware": false,
      "Startup Cost": 206782.25,
      "Total Cost": 206782.26,
      "Plan Rows": 1,
      "Plan Width": 8,
      "Actual Startup Time": 474.778,
      "Actual Total Time": 511.336,
      "Actual Rows": 1,
      "Actual Loops": 1,
      "Plans": [
        {
          "Node Type": "Gather",
          "Parent Relationship": "Outer",
          "Parallel Aware": false,
          "Startup Cost": 206781.72,
          "Total Cost": 206782.23,
          "Plan Rows": 5,
          "Plan Width": 8,
          "Actual Startup Time": 474.633,
          "Actual Total Time": 511.326,
          "Actual Rows": 6,
          "Actual Loops": 1,
          "Workers Planned": 5,
          "Workers Launched": 5,
          "Single Copy": false,
          "Plans": [
            {
              "Node Type": "Aggregate",
              "Strategy": "Plain",
              "Partial Mode": "Partial",
              "Parent Relationship": "Outer",
              "Parallel Aware": false,
              "Startup Cost": 205781.72,
              "Total Cost": 205781.73,
              "Plan Rows": 1,
              "Plan Width": 8,
              "Actual Startup Time": 464.891,
              "Actual Total Time": 464.892,
              "Actual Rows": 1,
              "Actual Loops": 6,
              "Plans": [
                {
                  "Node Type": "Seq Scan",
                  "Parent Relationship": "Outer",
                  "Parallel Aware": true,
                  "Relation Name": "movie_info",
                  "Alias": "mi",
                  "Startup Cost": 0.0,
                  "Total Cost": 198952.16,
                  "Plan Rows": 2731824,
                  "Plan Width": 0,
                  "Actual Startup Time": 0.07,
                  "Actual Total Time": 363.45,
                  "Actual Rows": 2293191,
                  "Actual Loops": 6,
                  "Filter": "(info_type_id < 72)",
                  "Rows Removed by Filter": 179429
                }
              ]
            }
          ]
        }
      ]
    },
    "Planning Time": 0.155,
    "Triggers": [],
    "Execution Time": 511.399
  }
]