[
  {
    "Plan": {
      "Node Type": "Aggregate",
      "Strategy": "Plain",
      "Partial Mode": "Finalize",
      "Parallel Aware": false,
      "Startup Cost": 338857.85,
      "Total Cost": 338857.86,
      "Plan Rows": 1,
      "Plan Width": 8,
      "Actual Startup Time": 734.602,
      "Actual Total Time": 792.869,
      "Actual Rows": 1,
      "Actual Loops": 1,
      "Plans": [
        {
          "Node Type": "Gather",
          "Parent Relationship": "Outer",
          "Parallel Aware": false,
          "Startup Cost": 338857.23,
          "Total Cost": 338857.84,
          "Plan Rows": 6,
          "Plan Width": 8,
          "Actual Startup Time": 734.425,
          "Actual Total Time": 792.853,
          "Actual Rows": 7,
          "Actual Loops": 1,
          "Workers Planned": 6,
          "Workers Launched": 6,
          "Single Copy": false,
          "Plans": [
            {
              "Node Type": "Aggregate",
              "Strategy": "Plain",
              "Partial Mode": "Partial",
              "Parent Relationship": "Outer",
              "Parallel Aware": false,
              "Startup Cost": 337857.23,
              "Total Cost": 337857.24,
              "Plan Rows": 1,
              "Plan Width": 8,
              "Actual Startup Time": 726.166,
              "Actual Total Time": 726.167,
              "Actual Rows": 1,
              "Actual Loops": 7,
              "Plans": [
                {
                  "Node Type": "Seq Scan",
                  "Parent Relationship": "Outer",
                  "Parallel Aware": true,
                  "Relation Name": "cast_info",
                  "Alias": "ci",
                  "Startup Cost": 0.0,
                  "Total Cost": 328211.39,
                  "Plan Rows": 3858335,
                  "Plan Width": 0,
                  "Actual Startup Time": 141.691,
                  "Actual Total Time": 592.443,
                  "Actual Rows": 3293794,
                  "Actual Loops": 7,
                  "Filter": "(person_id > 1301581)",
                  "Rows Removed by Filter": 1883970
                }
              ]
            }
          ]
        }
      ]
    },
    "Planning Time": 0.139,
    "Triggers": [],
    "Execution Time": 792.927
  }
]