{
  "Plan": {
    "Node Type": "Aggregate",
    "Strategy": "Plain",
    "Partial Mode": "Simple",
    "Parallel Aware": false,
    "Startup Cost": 2289955.68,
    "Total Cost": 2289955.69,
    "Plan Rows": 1,
    "Plan Width": 96,
    "Actual Startup Time": 9702.687,
    "Actual Total Time": 9702.899,
    "Actual Rows": 1,
    "Actual Loops": 1,
    "Plans": [
      {
        "Node Type": "Merge Join",
        "Parent Relationship": "Outer",
        "Parallel Aware": false,
        "Join Type": "Inner",
        "Startup Cost": 2289955.64,
        "Total Cost": 2289955.67,
        "Plan Rows": 1,
        "Plan Width": 48,
        "Actual Startup Time": 9698.516,
        "Actual Total Time": 9701.145,
        "Actual Rows": 16308,
        "Actual Loops": 1,
        "Inner Unique": true,
        "Merge Cond": "(pi.info_type_id = it3.id)",
        "Plans": [
          {
            "Node Type": "Sort",
            "Parent Relationship": "Outer",
            "Parallel Aware": false,
            "Startup Cost": 2289953.22,
            "Total Cost": 2289953.23,
            "Plan Rows": 1,
            "Plan Width": 52,
            "Actual Startup Time": 9697.925,
            "Actual Total Time": 9698.913,
            "Actual Rows": 22519,
            "Actual Loops": 1,
            "Sort Key": [
              "pi.info_type_id"
            ],
            "Sort Method": "quicksort",
            "Sort Space Used": 8371,
            "Sort Space Type": "Memory",
            "Plans": [
              {
                "Node Type": "Merge Join",
                "Parent Relationship": "Outer",
                "Parallel Aware": false,
                "Join Type": "Inner",
                "Startup Cost": 2001597.99,
                "Total Cost": 2289953.21,
                "Plan Rows": 1,
                "Plan Width": 52,
                "Actual Startup Time": 9557.406,
                "Actual Total Time": 9685.742,
                "Actual Rows": 67827,
                "Actual Loops": 1,
                "Inner Unique": false,
                "Merge Cond": "(pi.person_id = n.id)",
                "Plans": [
                  {
                    "Node Type": "Index Scan",
                    "Parent Relationship": "Outer",
                    "Parallel Aware": false,
                    "Scan Direction": "Forward",
                    "Index Name": "person_id_person_info",
                    "Relation Name": "person_info",
                    "Alias": "pi",
                    "Startup Cost": 0.43,
                    "Total Cost": 280951.69,
                    "Plan Rows": 2965896,
                    "Plan Width": 8,
                    "Actual Startup Time": 0.014,
                    "Actual Total Time": 392.398,
                    "Actual Rows": 2023546,
                    "Actual Loops": 1
                  },
                  {
                    "Node Type": "Sort",
                    "Parent Relationship": "Inner",
                    "Parallel Aware": false,
                    "Startup Cost": 2001591.72,
                    "Total Cost": 2001591.73,
                    "Plan Rows": 1,
                    "Plan Width": 60,
                    "Actual Startup Time": 9164.979,
                    "Actual Total Time": 9167.763,
                    "Actual Rows": 67289,
                    "Actual Loops": 1,
                    "Sort Key": [
                      "ci.person_id"
                    ],
                    "Sort Method": "quicksort",
                    "Sort Space Used": 45,
                    "Sort Space Type": "Memory",
                    "Plans": [
                      {
                        "Node Type": "Merge Join",
                        "Parent Relationship": "Outer",
                        "Parallel Aware": false,
                        "Join Type": "Inner",
                        "Startup Cost": 1988915.83,
                        "Total Cost": 2001591.71,
                        "Plan Rows": 1,
                        "Plan Width": 60,
                        "Actual Startup Time": 9089.277,
                        "Actual Total Time": 9165.136,
                        "Actual Rows": 189,
                        "Actual Loops": 1,
                        "Inner Unique": false,
                        "Merge Cond": "(cn.id = mc.company_id)",
                        "Plans": [
                          {
                            "Node Type": "Index Scan",
                            "Parent Relationship": "Outer",
                            "Parallel Aware": false,
                            "Scan Direction": "Forward",
                            "Index Name": "company_name_pkey",
                            "Relation Name": "company_name",
                            "Alias": "cn",
                            "Startup Cost": 0.42,
                            "Total Cost": 12469.43,
                            "Plan Rows": 85931,
                            "Plan Width": 4,
                            "Actual Startup Time": 0.016,
                            "Actual Total Time": 72.974,
                            "Actual Rows": 57767,
                            "Actual Loops": 1,
                            "Filter": "((country_code)::text = '[us]'::text)",
                            "Rows Removed by Filter": 101950
                          },
                          {
                            "Node Type": "Sort",
                            "Parent Relationship": "Inner",
                            "Parallel Aware": false,
                            "Startup Cost": 1988915.41,
                            "Total Cost": 1988915.42,
                            "Plan Rows": 1,
                            "Plan Width": 64,
                            "Actual Startup Time": 9089.064,
                            "Actual Total Time": 9089.327,
                            "Actual Rows": 858,
                            "Actual Loops": 1,
                            "Sort Key": [
                              "mc.company_id"
                            ],
                            "Sort Method": "quicksort",
                            "Sort Space Used": 137,
                            "Sort Space Type": "Memory",
                            "Plans": [
                              {
                                "Node Type": "Merge Join",
                                "Parent Relationship": "Outer",
                                "Parallel Aware": false,
                                "Join Type": "Inner",
                                "Startup Cost": 1841988.23,
                                "Total Cost": 1988915.4,
                                "Plan Rows": 1,
                                "Plan Width": 64,
                                "Actual Startup Time": 8931.02,
                                "Actual Total Time": 9089.051,
                                "Actual Rows": 858,
                                "Actual Loops": 1,
                                "Inner Unique": false,
                                "Merge Cond": "(mc.movie_id = t.id)",
                                "Plans": [
                                  {
                                    "Node Type": "Index Scan",
                                    "Parent Relationship": "Outer",
                                    "Parallel Aware": false,
                                    "Scan Direction": "Forward",
                                    "Index Name": "movie_id_movie_companies",
                                    "Relation Name": "movie_companies",
                                    "Alias": "mc",
                                    "Startup Cost": 0.43,
                                    "Total Cost": 140404.76,
                                    "Plan Rows": 2609129,
                                    "Plan Width": 8,
                                    "Actual Startup Time": 0.014,
                                    "Actual Total Time": 414.798,
                                    "Actual Rows": 2122642,
                                    "Actual Loops": 1
                                  },
                                  {
                                    "Node Type": "Sort",
                                    "Parent Relationship": "Inner",
                                    "Parallel Aware": false,
                                    "Startup Cost": 1841987.8,
                                    "Total Cost": 1841987.8,
                                    "Plan Rows": 1,
                                    "Plan Width": 80,
                                    "Actual Startup Time": 8545.789,
                                    "Actual Total Time": 8546.032,
                                    "Actual Rows": 837,
                                    "Actual Loops": 1,
                                    "Sort Key": [
                                      "mk.movie_id"
                                    ],
                                    "Sort Method": "quicksort",
                                    "Sort Space Used": 29,
                                    "Sort Space Type": "Memory",
                                    "Plans": [
                                      {
                                        "Node Type": "Merge Join",
                                        "Parent Relationship": "Outer",
                                        "Parallel Aware": false,
                                        "Join Type": "Inner",
                                        "Startup Cost": 1767706.91,
                                        "Total Cost": 1841987.79,
                                        "Plan Rows": 1,
                                        "Plan Width": 80,
                                        "Actual Startup Time": 8516.955,
                                        "Actual Total Time": 8545.973,
                                        "Actual Rows": 33,
                                        "Actual Loops": 1,
                                        "Inner Unique": false,
                                        "Merge Cond": "(an.person_id = n.id)",
                                        "Plans": [
                                          {
                                            "Node Type": "Index Only Scan",
                                            "Parent Relationship": "Outer",
                                            "Parallel Aware": false,
                                            "Scan Direction": "Forward",
                                            "Index Name": "person_id_aka_name",
                                            "Relation Name": "aka_name",
                                            "Alias": "an",
                                            "Startup Cost": 0.42,
                                            "Total Cost": 72027.93,
                                            "Plan Rows": 901343,
                                            "Plan Width": 4,
                                            "Actual Startup Time": 0.031,
                                            "Actual Total Time": 130.774,
                                            "Actual Rows": 469059,
                                            "Actual Loops": 1,
                                            "Heap Fetches": 469059
                                          },
                                          {
                                            "Node Type": "Sort",
                                            "Parent Relationship": "Inner",
                                            "Parallel Aware": false,
                                            "Startup Cost": 1767706.48,
                                            "Total Cost": 1767706.49,
                                            "Plan Rows": 1,
                                            "Plan Width": 76,
                                            "Actual Startup Time": 8393.944,
                                            "Actual Total Time": 8394.151,
                                            "Actual Rows": 29,
                                            "Actual Loops": 1,
                                            "Sort Key": [
                                              "ci.person_id"
                                            ],
                                            "Sort Method": "quicksort",
                                            "Sort Space Used": 26,
                                            "Sort Space Type": "Memory",
                                            "Plans": [
                                              {
                                                "Node Type": "Merge Join",
                                                "Parent Relationship": "Outer",
                                                "Parallel Aware": false,
                                                "Join Type": "Inner",
                                                "Startup Cost": 1631140.67,
                                                "Total Cost": 1767706.47,
                                                "Plan Rows": 1,
                                                "Plan Width": 76,
                                                "Actual Startup Time": 7286.765,
                                                "Actual Total Time": 8394.131,
                                                "Actual Rows": 8,
                                                "Actual Loops": 1,
                                                "Inner Unique": false,
                                                "Merge Cond": "(chn.id = ci.person_role_id)",
                                                "Plans": [
                                                  {
                                                    "Node Type": "Index Scan",
                                                    "Parent Relationship": "Outer",
                                                    "Parallel Aware": false,
                                                    "Scan Direction": "Forward",
                                                    "Index Name": "char_name_pkey",
                                                    "Relation Name": "char_name",
                                                    "Alias": "chn",
                                                    "Startup Cost": 0.43,
                                                    "Total Cost": 128715.58,
                                                    "Plan Rows": 3140252,
                                                    "Plan Width": 20,
                                                    "Actual Startup Time": 0.014,
                                                    "Actual Total Time": 966.41,
                                                    "Actual Rows": 2547725,
                                                    "Actual Loops": 1
                                                  },
                                                  {
                                                    "Node Type": "Sort",
                                                    "Parent Relationship": "Inner",
                                                    "Parallel Aware": false,
                                                    "Startup Cost": 1631140.24,
                                                    "Total Cost": 1631140.25,
                                                    "Plan Rows": 1,
                                                    "Plan Width": 64,
                                                    "Actual Startup Time": 7273.686,
                                                    "Actual Total Time": 7273.889,
                                                    "Actual Rows": 9,
                                                    "Actual Loops": 1,
                                                    "Sort Key": [
                                                      "ci.person_role_id"
                                                    ],
                                                    "Sort Method": "quicksort",
                                                    "Sort Space Used": 26,
                                                    "Sort Space Type": "Memory",
                                                    "Plans": [
                                                      {
                                                        "Node Type": "Merge Join",
                                                        "Parent Relationship": "Outer",
                                                        "Parallel Aware": false,
                                                        "Join Type": "Inner",
                                                        "Startup Cost": 1631140.21,
                                                        "Total Cost": 1631140.23,
                                                        "Plan Rows": 1,
                                                        "Plan Width": 64,
                                                        "Actual Startup Time": 7273.676,
                                                        "Actual Total Time": 7273.879,
                                                        "Actual Rows": 11,
                                                        "Actual Loops": 1,
                                                        "Inner Unique": true,
                                                        "Merge Cond": "(mi.info_type_id = it.id)",
                                                        "Plans": [
                                                          {
                                                            "Node Type": "Sort",
                                                            "Parent Relationship": "Outer",
                                                            "Parallel Aware": false,
                                                            "Startup Cost": 1631137.79,
                                                            "Total Cost": 1631137.79,
                                                            "Plan Rows": 1,
                                                            "Plan Width": 68,
                                                            "Actual Startup Time": 7273.633,
                                                            "Actual Total Time": 7273.832,
                                                            "Actual Rows": 11,
                                                            "Actual Loops": 1,
                                                            "Sort Key": [
                                                              "mi.info_type_id"
                                                            ],
                                                            "Sort Method": "quicksort",
                                                            "Sort Space Used": 26,
                                                            "Sort Space Type": "Memory",
                                                            "Plans": [
                                                              {
                                                                "Node Type": "Merge Join",
                                                                "Parent Relationship": "Outer",
                                                                "Parallel Aware": false,
                                                                "Join Type": "Inner",
                                                                "Startup Cost": 1628418.05,
                                                                "Total Cost": 1631137.78,
                                                                "Plan Rows": 1,
                                                                "Plan Width": 68,
                                                                "Actual Startup Time": 7265.63,
                                                                "Actual Total Time": 7273.819,
                                                                "Actual Rows": 11,
                                                                "Actual Loops": 1,
                                                                "Inner Unique": false,
                                                                "Merge Cond": "(t.id = mi.movie_id)",
                                                                "Plans": [
                                                                  {
                                                                    "Node Type": "Sort",
                                                                    "Parent Relationship": "Outer",
                                                                    "Parallel Aware": false,
                                                                    "Startup Cost": 1228019.47,
                                                                    "Total Cost": 1228019.47,
                                                                    "Plan Rows": 1,
                                                                    "Plan Width": 60,
                                                                    "Actual Startup Time": 5504.996,
                                                                    "Actual Total Time": 5505.164,
                                                                    "Actual Rows": 4,
                                                                    "Actual Loops": 1,
                                                                    "Sort Key": [
                                                                      "mk.movie_id"
                                                                    ],
                                                                    "Sort Method": "quicksort",
                                                                    "Sort Space Used": 25,
                                                                    "Sort Space Type": "Memory",
                                                                    "Plans": [
                                                                      {
                                                                        "Node Type": "Merge Join",
                                                                        "Parent Relationship": "Outer",
                                                                        "Parallel Aware": false,
                                                                        "Join Type": "Inner",
                                                                        "Startup Cost": 1228019.43,
                                                                        "Total Cost": 1228019.46,
                                                                        "Plan Rows": 1,
                                                                        "Plan Width": 60,
                                                                        "Actual Startup Time": 5504.989,
                                                                        "Actual Total Time": 5505.155,
                                                                        "Actual Rows": 4,
                                                                        "Actual Loops": 1,
                                                                        "Inner Unique": true,
                                                                        "Merge Cond": "(cc.status_id = cct2.id)",
                                                                        "Plans": [
                                                                          {
                                                                            "Node Type": "Sort",
                                                                            "Parent Relationship": "Outer",
                                                                            "Parallel Aware": false,
                                                                            "Startup Cost": 1228018.37,
                                                                            "Total Cost": 1228018.38,
                                                                            "Plan Rows": 1,
                                                                            "Plan Width": 64,
                                                                            "Actual Startup Time": 5504.978,
                                                                            "Actual Total Time": 5505.143,
                                                                            "Actual Rows": 26,
                                                                            "Actual Loops": 1,
                                                                            "Sort Key": [
                                                                              "cc.status_id"
                                                                            ],
                                                                            "Sort Method": "quicksort",
                                                                            "Sort Space Used": 28,
                                                                            "Sort Space Type": "Memory",
                                                                            "Plans": [
                                                                              {
                                                                                "Node Type": "Merge Join",
                                                                                "Parent Relationship": "Outer",
                                                                                "Parallel Aware": false,
                                                                                "Join Type": "Inner",
                                                                                "Startup Cost": 1228018.34,
                                                                                "Total Cost": 1228018.36,
                                                                                "Plan Rows": 1,
                                                                                "Plan Width": 64,
                                                                                "Actual Startup Time": 5504.96,
                                                                                "Actual Total Time": 5505.13,
                                                                                "Actual Rows": 26,
                                                                                "Actual Loops": 1,
                                                                                "Inner Unique": true,
                                                                                "Merge Cond": "(cc.subject_id = cct1.id)",
                                                                                "Plans": [
                                                                                  {
                                                                                    "Node Type": "Sort",
                                                                                    "Parent Relationship": "Outer",
                                                                                    "Parallel Aware": false,
                                                                                    "Startup Cost": 1228017.28,
                                                                                    "Total Cost": 1228017.28,
                                                                                    "Plan Rows": 1,
                                                                                    "Plan Width": 68,
                                                                                    "Actual Startup Time": 5504.947,
                                                                                    "Actual Total Time": 5505.111,
                                                                                    "Actual Rows": 26,
                                                                                    "Actual Loops": 1,
                                                                                    "Sort Key": [
                                                                                      "cc.subject_id"
                                                                                    ],
                                                                                    "Sort Method": "quicksort",
                                                                                    "Sort Space Used": 28,
                                                                                    "Sort Space Type": "Memory",
                                                                                    "Plans": [
                                                                                      {
                                                                                        "Node Type": "Merge Join",
                                                                                        "Parent Relationship": "Outer",
                                                                                        "Parallel Aware": false,
                                                                                        "Join Type": "Inner",
                                                                                        "Startup Cost": 1228017.24,
                                                                                        "Total Cost": 1228017.27,
                                                                                        "Plan Rows": 1,
                                                                                        "Plan Width": 68,
                                                                                        "Actual Startup Time": 5504.93,
                                                                                        "Actual Total Time": 5505.097,
                                                                                        "Actual Rows": 26,
                                                                                        "Actual Loops": 1,
                                                                                        "Inner Unique": true,
                                                                                        "Merge Cond": "(ci.role_id = rt.id)",
                                                                                        "Plans": [
                                                                                          {
                                                                                            "Node Type": "Sort",
                                                                                            "Parent Relationship": "Outer",
                                                                                            "Parallel Aware": false,
                                                                                            "Startup Cost": 1228016.08,
                                                                                            "Total Cost": 1228016.09,
                                                                                            "Plan Rows": 1,
                                                                                            "Plan Width": 72,
                                                                                            "Actual Startup Time": 5504.902,
                                                                                            "Actual Total Time": 5505.062,
                                                                                            "Actual Rows": 26,
                                                                                            "Actual Loops": 1,
                                                                                            "Sort Key": [
                                                                                              "ci.role_id"
                                                                                            ],
                                                                                            "Sort Method": "quicksort",
                                                                                            "Sort Space Used": 28,
                                                                                            "Sort Space Type": "Memory",
                                                                                            "Plans": [
                                                                                              {
                                                                                                "Node Type": "Merge Join",
                                                                                                "Parent Relationship": "Outer",
                                                                                                "Parallel Aware": false,
                                                                                                "Join Type": "Inner",
                                                                                                "Startup Cost": 1227968.92,
                                                                                                "Total Cost": 1228016.07,
                                                                                                "Plan Rows": 1,
                                                                                                "Plan Width": 72,
                                                                                                "Actual Startup Time": 5499.211,
                                                                                                "Actual Total Time": 5505.045,
                                                                                                "Actual Rows": 26,
                                                                                                "Actual Loops": 1,
                                                                                                "Inner Unique": true,
                                                                                                "Merge Cond": "(ci.person_id = n.id)",
                                                                                                "Plans": [
                                                                                                  {
                                                                                                    "Node Type": "Sort",
                                                                                                    "Parent Relationship": "Outer",
                                                                                                    "Parallel Aware": false,
                                                                                                    "Startup Cost": 1132976.96,
                                                                                                    "Total Cost": 1132976.96,
                                                                                                    "Plan Rows": 1,
                                                                                                    "Plan Width": 53,
                                                                                                    "Actual Startup Time": 5213.091,
                                                                                                    "Actual Total Time": 5213.365,
                                                                                                    "Actual Rows": 1906,
                                                                                                    "Actual Loops": 1,
                                                                                                    "Sort Key": [
                                                                                                      "ci.person_id"
                                                                                                    ],
                                                                                                    "Sort Method": "quicksort",
                                                                                                    "Sort Space Used": 265,
                                                                                                    "Sort Space Type": "Memory",
                                                                                                    "Plans": [
                                                                                                      {
                                                                                                        "Node Type": "Merge Join",
                                                                                                        "Parent Relationship": "Outer",
                                                                                                        "Parallel Aware": false,
                                                                                                        "Join Type": "Inner",
                                                                                                        "Startup Cost": 995943.81,
                                                                                                        "Total Cost": 1132976.95,
                                                                                                        "Plan Rows": 1,
                                                                                                        "Plan Width": 53,
                                                                                                        "Actual Startup Time": 4769.624,
                                                                                                        "Actual Total Time": 5212.63,
                                                                                                        "Actual Rows": 1907,
                                                                                                        "Actual Loops": 1,
                                                                                                        "Inner Unique": false,
                                                                                                        "Merge Cond": "(t.id = ci.movie_id)",
                                                                                                        "Plans": [
                                                                                                          {
                                                                                                            "Node Type": "Merge Join",
                                                                                                            "Parent Relationship": "Outer",
                                                                                                            "Parallel Aware": false,
                                                                                                            "Join Type": "Inner",
                                                                                                            "Startup Cost": 240502.94,
                                                                                                            "Total Cost": 372967.58,
                                                                                                            "Plan Rows": 1,
                                                                                                            "Plan Width": 37,
                                                                                                            "Actual Startup Time": 2584.608,
                                                                                                            "Actual Total Time": 2984.94,
                                                                                                            "Actual Rows": 61,
                                                                                                            "Actual Loops": 1,
                                                                                                            "Inner Unique": false,
                                                                                                            "Merge Cond": "(t.id = cc.movie_id)",
                                                                                                            "Plans": [
                                                                                                              {
                                                                                                                "Node Type": "Merge Join",
                                                                                                                "Parent Relationship": "Outer",
                                                                                                                "Parallel Aware": false,
                                                                                                                "Join Type": "Inner",
                                                                                                                "Startup Cost": 240502.52,
                                                                                                                "Total Cost": 365982.76,
                                                                                                                "Plan Rows": 14,
                                                                                                                "Plan Width": 25,
                                                                                                                "Actual Startup Time": 1765.782,
                                                                                                                "Actual Total Time": 2944.41,
                                                                                                                "Actual Rows": 249,
                                                                                                                "Actual Loops": 1,
                                                                                                                "Inner Unique": false,
                                                                                                                "Merge Cond": "(t.id = mk.movie_id)",
                                                                                                                "Plans": [
                                                                                                                  {
                                                                                                                    "Node Type": "Index Scan",
                                                                                                                    "Parent Relationship": "Outer",
                                                                                                                    "Parallel Aware": false,
                                                                                                                    "Scan Direction": "Forward",
                                                                                                                    "Index Name": "title_pkey",
                                                                                                                    "Relation Name": "title",
                                                                                                                    "Alias": "t",
                                                                                                                    "Startup Cost": 0.43,
                                                                                                                    "Total Cost": 123001.61,
                                                                                                                    "Plan Rows": 1051436,
                                                                                                                    "Plan Width": 21,
                                                                                                                    "Actual Startup Time": 0.02,
                                                                                                                    "Actual Total Time": 1151.138,
                                                                                                                    "Actual Rows": 1041662,
                                                                                                                    "Actual Loops": 1,
                                                                                                                    "Filter": "((production_year >= 2000) AND (production_year <= 2010))",
                                                                                                                    "Rows Removed by Filter": 1480980
                                                                                                                  },
                                                                                                                  {
                                                                                                                    "Node Type": "Sort",
                                                                                                                    "Parent Relationship": "Inner",
                                                                                                                    "Parallel Aware": false,
                                                                                                                    "Startup Cost": 240487.87,
                                                                                                                    "Total Cost": 240487.95,
                                                                                                                    "Plan Rows": 34,
                                                                                                                    "Plan Width": 4,
                                                                                                                    "Actual Startup Time": 1741.008,
                                                                                                                    "Actual Total Time": 1741.124,
                                                                                                                    "Actual Rows": 414,
                                                                                                                    "Actual Loops": 1,
                                                                                                                    "Sort Key": [
                                                                                                                      "mk.movie_id"
                                                                                                                    ],
                                                                                                                    "Sort Method": "quicksort",
                                                                                                                    "Sort Space Used": 44,
                                                                                                                    "Sort Space Type": "Memory",
                                                                                                                    "Plans": [
                                                                                                                      {
                                                                                                                        "Node Type": "Merge Join",
                                                                                                                        "Parent Relationship": "Outer",
                                                                                                                        "Parallel Aware": false,
                                                                                                                        "Join Type": "Inner",
                                                                                                                        "Startup Cost": 3468.34,
                                                                                                                        "Total Cost": 240487.0,
                                                                                                                        "Plan Rows": 34,
                                                                                                                        "Plan Width": 4,
                                                                                                                        "Actual Startup Time": 1740.525,
                                                                                                                        "Actual Total Time": 1740.908,
                                                                                                                        "Actual Rows": 414,
                                                                                                                        "Actual Loops": 1,
                                                                                                                        "Inner Unique": true,
                                                                                                                        "Merge Cond": "(mk.keyword_id = k.id)",
                                                                                                                        "Plans": [
                                                                                                                          {
                                                                                                                            "Node Type": "Index Scan",
                                                                                                                            "Parent Relationship": "Outer",
                                                                                                                            "Parallel Aware": false,
                                                                                                                            "Scan Direction": "Forward",
                                                                                                                            "Index Name": "keyword_id_movie_keyword",
                                                                                                                            "Relation Name": "movie_keyword",
                                                                                                                            "Alias": "mk",
                                                                                                                            "Startup Cost": 0.43,
                                                                                                                            "Total Cost": 226550.7,
                                                                                                                            "Plan Rows": 4523930,
                                                                                                                            "Plan Width": 8,
                                                                                                                            "Actual Startup Time": 0.022,
                                                                                                                            "Actual Total Time": 1548.825,
                                                                                                                            "Actual Rows": 2617548,
                                                                                                                            "Actual Loops": 1
                                                                                                                          },
                                                                                                                          {
                                                                                                                            "Node Type": "Sort",
                                                                                                                            "Parent Relationship": "Inner",
                                                                                                                            "Parallel Aware": false,
                                                                                                                            "Startup Cost": 2626.14,
                                                                                                                            "Total Cost": 2626.14,
                                                                                                                            "Plan Rows": 1,
                                                                                                                            "Plan Width": 4,
                                                                                                                            "Actual Startup Time": 22.046,
                                                                                                                            "Actual Total Time": 22.048,
                                                                                                                            "Actual Rows": 1,
                                                                                                                            "Actual Loops": 1,
                                                                                                                            "Sort Key": [
                                                                                                                              "k.id"
                                                                                                                            ],
                                                                                                                            "Sort Method": "quicksort",
                                                                                                                            "Sort Space Used": 25,
                                                                                                                            "Sort Space Type": "Memory",
                                                                                                                            "Plans": [
                                                                                                                              {
                                                                                                                                "Node Type": "Seq Scan",
                                                                                                                                "Parent Relationship": "Outer",
                                                                                                                                "Parallel Aware": false,
                                                                                                                                "Relation Name": "keyword",
                                                                                                                                "Alias": "k",
                                                                                                                                "Startup Cost": 0.0,
                                                                                                                                "Total Cost": 2626.12,
                                                                                                                                "Plan Rows": 1,
                                                                                                                                "Plan Width": 4,
                                                                                                                                "Actual Startup Time": 0.115,
                                                                                                                                "Actual Total Time": 22.037,
                                                                                                                                "Actual Rows": 1,
                                                                                                                                "Actual Loops": 1,
                                                                                                                                "Filter": "(keyword = 'computer-animation'::text)",
                                                                                                                                "Rows Removed by Filter": 134169
                                                                                                                              }
                                                                                                                            ]
                                                                                                                          }
                                                                                                                        ]
                                                                                                                      }
                                                                                                                    ]
                                                                                                                  }
                                                                                                                ]
                                                                                                              },
                                                                                                              {
                                                                                                                "Node Type": "Index Scan",
                                                                                                                "Parent Relationship": "Inner",
                                                                                                                "Parallel Aware": false,
                                                                                                                "Scan Direction": "Forward",
                                                                                                                "Index Name": "movie_id_complete_cast",
                                                                                                                "Relation Name": "complete_cast",
                                                                                                                "Alias": "cc",
                                                                                                                "Startup Cost": 0.42,
                                                                                                                "Total Cost": 6650.11,
                                                                                                                "Plan Rows": 135086,
                                                                                                                "Plan Width": 12,
                                                                                                                "Actual Startup Time": 0.019,
                                                                                                                "Actual Total Time": 32.535,
                                                                                                                "Actual Rows": 132169,
                                                                                                                "Actual Loops": 1
                                                                                                              }
                                                                                                            ]
                                                                                                          },
                                                                                                          {
                                                                                                            "Node Type": "Sort",
                                                                                                            "Parent Relationship": "Inner",
                                                                                                            "Parallel Aware": false,
                                                                                                            "Startup Cost": 755440.88,
                                                                                                            "Total Cost": 757725.12,
                                                                                                            "Plan Rows": 913697,
                                                                                                            "Plan Width": 16,
                                                                                                            "Actual Startup Time": 2094.423,
                                                                                                            "Actual Total Time": 2172.726,
                                                                                                            "Actual Rows": 865550,
                                                                                                            "Actual Loops": 1,
                                                                                                            "Sort Key": [
                                                                                                              "ci.movie_id"
                                                                                                            ],
                                                                                                            "Sort Method": "quicksort",
                                                                                                            "Sort Space Used": 65239,
                                                                                                            "Sort Space Type": "Memory",
                                                                                                            "Plans": [
                                                                                                              {
                                                                                                                "Node Type": "Gather",
                                                                                                                "Parent Relationship": "Outer",
                                                                                                                "Parallel Aware": false,
                                                                                                                "Startup Cost": 1000.0,
                                                                                                                "Total Cost": 664978.68,
                                                                                                                "Plan Rows": 913697,
                                                                                                                "Plan Width": 16,
                                                                                                                "Actual Startup Time": 0.366,
                                                                                                                "Actual Total Time": 1933.605,
                                                                                                                "Actual Rows": 867477,
                                                                                                                "Actual Loops": 1,
                                                                                                                "Workers Planned": 1,
                                                                                                                "Workers Launched": 1,
                                                                                                                "Single Copy": false,
                                                                                                                "Plans": [
                                                                                                                  {
                                                                                                                    "Node Type": "Seq Scan",
                                                                                                                    "Parent Relationship": "Outer",
                                                                                                                    "Parallel Aware": true,
                                                                                                                    "Relation Name": "cast_info",
                                                                                                                    "Alias": "ci",
                                                                                                                    "Startup Cost": 0.0,
                                                                                                                    "Total Cost": 572608.98,
                                                                                                                    "Plan Rows": 537469,
                                                                                                                    "Plan Width": 16,
                                                                                                                    "Actual Startup Time": 0.075,
                                                                                                                    "Actual Total Time": 1857.13,
                                                                                                                    "Actual Rows": 433738,
                                                                                                                    "Actual Loops": 2,
                                                                                                                    "Filter": "(note = ANY ('{(voice),\"(voice: Japanese version)\",\"(voice) (uncredited)\",\"(voice: English version)\"}'::text[]))",
                                                                                                                    "Rows Removed by Filter": 17688434
                                                                                                                  }
                                                                                                                ]
                                                                                                              }
                                                                                                            ]
                                                                                                          }
                                                                                                        ]
                                                                                                      }
                                                                                                    ]
                                                                                                  },
                                                                                                  {
                                                                                                    "Node Type": "Sort",
                                                                                                    "Parent Relationship": "Inner",
                                                                                                    "Parallel Aware": false,
                                                                                                    "Startup Cost": 94991.96,
                                                                                                    "Total Cost": 95016.15,
                                                                                                    "Plan Rows": 9675,
                                                                                                    "Plan Width": 19,
                                                                                                    "Actual Startup Time": 285.587,
                                                                                                    "Actual Total Time": 288.694,
                                                                                                    "Actual Rows": 50011,
                                                                                                    "Actual Loops": 1,
                                                                                                    "Sort Key": [
                                                                                                      "n.id"
                                                                                                    ],
                                                                                                    "Sort Method": "quicksort",
                                                                                                    "Sort Space Used": 5246,
                                                                                                    "Sort Space Type": "Memory",
                                                                                                    "Plans": [
                                                                                                      {
                                                                                                        "Node Type": "Gather",
                                                                                                        "Parent Relationship": "Outer",
                                                                                                        "Parallel Aware": false,
                                                                                                        "Startup Cost": 1000.0,
                                                                                                        "Total Cost": 94351.47,
                                                                                                        "Plan Rows": 9675,
                                                                                                        "Plan Width": 19,
                                                                                                        "Actual Startup Time": 124.126,
                                                                                                        "Actual Total Time": 276.293,
                                                                                                        "Actual Rows": 50011,
                                                                                                        "Actual Loops": 1,
                                                                                                        "Workers Planned": 1,
                                                                                                        "Workers Launched": 1,
                                                                                                        "Single Copy": false,
                                                                                                        "Plans": [
                                                                                                          {
                                                                                                            "Node Type": "Seq Scan",
                                                                                                            "Parent Relationship": "Outer",
                                                                                                            "Parallel Aware": true,
                                                                                                            "Relation Name": "name",
                                                                                                            "Alias": "n",
                                                                                                            "Startup Cost": 0.0,
                                                                                                            "Total Cost": 92383.97,
                                                                                                            "Plan Rows": 5691,
                                                                                                            "Plan Width": 19,
                                                                                                            "Actual Startup Time": 118.236,
                                                                                                            "Actual Total Time": 266.944,
                                                                                                            "Actual Rows": 25006,
                                                                                                            "Actual Loops": 2,
                                                                                                            "Filter": "((name ~~ '%An%'::text) AND ((gender)::text = 'f'::text))",
                                                                                                            "Rows Removed by Filter": 2058740
                                                                                                          }
                                                                                                        ]
                                                                                                      }
                                                                                                    ]
                                                                                                  }
                                                                                                ]
                                                                                              }
                                                                                            ]
                                                                                          },
                                                                                          {
                                                                                            "Node Type": "Sort",
                                                                                            "Parent Relationship": "Inner",
                                                                                            "Parallel Aware": false,
                                                                                            "Startup Cost": 1.16,
                                                                                            "Total Cost": 1.16,
                                                                                            "Plan Rows": 1,
                                                                                            "Plan Width": 4,
                                                                                            "Actual Startup Time": 0.025,
                                                                                            "Actual Total Time": 0.026,
                                                                                            "Actual Rows": 1,
                                                                                            "Actual Loops": 1,
                                                                                            "Sort Key": [
                                                                                              "rt.id"
                                                                                            ],
                                                                                            "Sort Method": "quicksort",
                                                                                            "Sort Space Used": 25,
                                                                                            "Sort Space Type": "Memory",
                                                                                            "Plans": [
                                                                                              {
                                                                                                "Node Type": "Seq Scan",
                                                                                                "Parent Relationship": "Outer",
                                                                                                "Parallel Aware": false,
                                                                                                "Relation Name": "role_type",
                                                                                                "Alias": "rt",
                                                                                                "Startup Cost": 0.0,
                                                                                                "Total Cost": 1.15,
                                                                                                "Plan Rows": 1,
                                                                                                "Plan Width": 4,
                                                                                                "Actual Startup Time": 0.015,
                                                                                                "Actual Total Time": 0.016,
                                                                                                "Actual Rows": 1,
                                                                                                "Actual Loops": 1,
                                                                                                "Filter": "((role)::text = 'actress'::text)",
                                                                                                "Rows Removed by Filter": 11
                                                                                              }
                                                                                            ]
                                                                                          }
                                                                                        ]
                                                                                      }
                                                                                    ]
                                                                                  },
                                                                                  {
                                                                                    "Node Type": "Sort",
                                                                                    "Parent Relationship": "Inner",
                                                                                    "Parallel Aware": false,
                                                                                    "Startup Cost": 1.06,
                                                                                    "Total Cost": 1.06,
                                                                                    "Plan Rows": 1,
                                                                                    "Plan Width": 4,
                                                                                    "Actual Startup Time": 0.01,
                                                                                    "Actual Total Time": 0.01,
                                                                                    "Actual Rows": 1,
                                                                                    "Actual Loops": 1,
                                                                                    "Sort Key": [
                                                                                      "cct1.id"
                                                                                    ],
                                                                                    "Sort Method": "quicksort",
                                                                                    "Sort Space Used": 25,
                                                                                    "Sort Space Type": "Memory",
                                                                                    "Plans": [
                                                                                      {
                                                                                        "Node Type": "Seq Scan",
                                                                                        "Parent Relationship": "Outer",
                                                                                        "Parallel Aware": false,
                                                                                        "Relation Name": "comp_cast_type",
                                                                                        "Alias": "cct1",
                                                                                        "Startup Cost": 0.0,
                                                                                        "Total Cost": 1.05,
                                                                                        "Plan Rows": 1,
                                                                                        "Plan Width": 4,
                                                                                        "Actual Startup Time": 0.006,
                                                                                        "Actual Total Time": 0.007,
                                                                                        "Actual Rows": 1,
                                                                                        "Actual Loops": 1,
                                                                                        "Filter": "((kind)::text = 'cast'::text)",
                                                                                        "Rows Removed by Filter": 3
                                                                                      }
                                                                                    ]
                                                                                  }
                                                                                ]
                                                                              }
                                                                            ]
                                                                          },
                                                                          {
                                                                            "Node Type": "Sort",
                                                                            "Parent Relationship": "Inner",
                                                                            "Parallel Aware": false,
                                                                            "Startup Cost": 1.06,
                                                                            "Total Cost": 1.06,
                                                                            "Plan Rows": 1,
                                                                            "Plan Width": 4,
                                                                            "Actual Startup Time": 0.006,
                                                                            "Actual Total Time": 0.007,
                                                                            "Actual Rows": 1,
                                                                            "Actual Loops": 1,
                                                                            "Sort Key": [
                                                                              "cct2.id"
                                                                            ],
                                                                            "Sort Method": "quicksort",
                                                                            "Sort Space Used": 25,
                                                                            "Sort Space Type": "Memory",
                                                                            "Plans": [
                                                                              {
                                                                                "Node Type": "Seq Scan",
                                                                                "Parent Relationship": "Outer",
                                                                                "Parallel Aware": false,
                                                                                "Relation Name": "comp_cast_type",
                                                                                "Alias": "cct2",
                                                                                "Startup Cost": 0.0,
                                                                                "Total Cost": 1.05,
                                                                                "Plan Rows": 1,
                                                                                "Plan Width": 4,
                                                                                "Actual Startup Time": 0.003,
                                                                                "Actual Total Time": 0.004,
                                                                                "Actual Rows": 1,
                                                                                "Actual Loops": 1,
                                                                                "Filter": "((kind)::text = 'complete+verified'::text)",
                                                                                "Rows Removed by Filter": 3
                                                                              }
                                                                            ]
                                                                          }
                                                                        ]
                                                                      }
                                                                    ]
                                                                  },
                                                                  {
                                                                    "Node Type": "Sort",
                                                                    "Parent Relationship": "Inner",
                                                                    "Parallel Aware": false,
                                                                    "Startup Cost": 400398.59,
                                                                    "Total Cost": 401758.44,
                                                                    "Plan Rows": 543941,
                                                                    "Plan Width": 8,
                                                                    "Actual Startup Time": 1734.463,
                                                                    "Actual Total Time": 1748.419,
                                                                    "Actual Rows": 398377,
                                                                    "Actual Loops": 1,
                                                                    "Sort Key": [
                                                                      "mi.movie_id"
                                                                    ],
                                                                    "Sort Method": "quicksort",
                                                                    "Sort Space Used": 33434,
                                                                    "Sort Space Type": "Memory",
                                                                    "Plans": [
                                                                      {
                                                                        "Node Type": "Gather",
                                                                        "Parent Relationship": "Outer",
                                                                        "Parallel Aware": false,
                                                                        "Startup Cost": 1000.0,
                                                                        "Total Cost": 348579.8,
                                                                        "Plan Rows": 543941,
                                                                        "Plan Width": 8,
                                                                        "Actual Startup Time": 163.991,
                                                                        "Actual Total Time": 1655.352,
                                                                        "Actual Rows": 451104,
                                                                        "Actual Loops": 1,
                                                                        "Workers Planned": 1,
                                                                        "Workers Launched": 0,
                                                                        "Single Copy": false,
                                                                        "Plans": [
                                                                          {
                                                                            "Node Type": "Seq Scan",
                                                                            "Parent Relationship": "Outer",
                                                                            "Parallel Aware": true,
                                                                            "Relation Name": "movie_info",
                                                                            "Alias": "mi",
                                                                            "Startup Cost": 0.0,
                                                                            "Total Cost": 293185.7,
                                                                            "Plan Rows": 319965,
                                                                            "Plan Width": 8,
                                                                            "Actual Startup Time": 163.692,
                                                                            "Actual Total Time": 1629.599,
                                                                            "Actual Rows": 451104,
                                                                            "Actual Loops": 1,
                                                                            "Filter": "((info IS NOT NULL) AND ((info ~~ 'Japan:%200%'::text) OR (info ~~ 'USA:%200%'::text)))",
                                                                            "Rows Removed by Filter": 14384616
                                                                          }
                                                                        ]
                                                                      }
                                                                    ]
                                                                  }
                                                                ]
                                                              }
                                                            ]
                                                          },
                                                          {
                                                            "Node Type": "Sort",
                                                            "Parent Relationship": "Inner",
                                                            "Parallel Aware": false,
                                                            "Startup Cost": 2.42,
                                                            "Total Cost": 2.43,
                                                            "Plan Rows": 1,
                                                            "Plan Width": 4,
                                                            "Actual Startup Time": 0.039,
                                                            "Actual Total Time": 0.04,
                                                            "Actual Rows": 1,
                                                            "Actual Loops": 1,
                                                            "Sort Key": [
                                                              "it.id"
                                                            ],
                                                            "Sort Method": "quicksort",
                                                            "Sort Space Used": 25,
                                                            "Sort Space Type": "Memory",
                                                            "Plans": [
                                                              {
                                                                "Node Type": "Seq Scan",
                                                                "Parent Relationship": "Outer",
                                                                "Parallel Aware": false,
                                                                "Relation Name": "info_type",
                                                                "Alias": "it",
                                                                "Startup Cost": 0.0,
                                                                "Total Cost": 2.41,
                                                                "Plan Rows": 1,
                                                                "Plan Width": 4,
                                                                "Actual Startup Time": 0.025,
                                                                "Actual Total Time": 0.029,
                                                                "Actual Rows": 1,
                                                                "Actual Loops": 1,
                                                                "Filter": "((info)::text = 'release dates'::text)",
                                                                "Rows Removed by Filter": 112
                                                              }
                                                            ]
                                                          }
                                                        ]
                                                      }
                                                    ]
                                                  }
                                                ]
                                              }
                                            ]
                                          }
                                        ]
                                      }
                                    ]
                                  }
                                ]
                              }
                            ]
                          }
                        ]
                      }
                    ]
                  }
                ]
              }
            ]
          },
          {
            "Node Type": "Sort",
            "Parent Relationship": "Inner",
            "Parallel Aware": false,
            "Startup Cost": 2.42,
            "Total Cost": 2.43,
            "Plan Rows": 1,
            "Plan Width": 4,
            "Actual Startup Time": 0.036,
            "Actual Total Time": 0.037,
            "Actual Rows": 1,
            "Actual Loops": 1,
            "Sort Key": [
              "it3.id"
            ],
            "Sort Method": "quicksort",
            "Sort Space Used": 25,
            "Sort Space Type": "Memory",
            "Plans": [
              {
                "Node Type": "Seq Scan",
                "Parent Relationship": "Outer",
                "Parallel Aware": false,
                "Relation Name": "info_type",
                "Alias": "it3",
                "Startup Cost": 0.0,
                "Total Cost": 2.41,
                "Plan Rows": 1,
                "Plan Width": 4,
                "Actual Startup Time": 0.022,
                "Actual Total Time": 0.026,
                "Actual Rows": 1,
                "Actual Loops": 1,
                "Filter": "((info)::text = 'trivia'::text)",
                "Rows Removed by Filter": 112
              }
            ]
          }
        ]
      }
    ]
  },
  "Planning Time": 6.596,
  "Triggers": [],
  "Execution Time": 9703.265
}