{
  "Plan": {
    "Node Type": "Aggregate",
    "Strategy": "Plain",
    "Partial Mode": "Finalize",
    "Parallel Aware": false,
    "Startup Cost": 168470.13,
    "Total Cost": 168470.14,
    "Plan Rows": 1,
    "Plan Width": 8,
    "Actual Startup Time": 1184.16,
    "Actual Total Time": 1212.659,
    "Actual Rows": 1,
    "Actual Loops": 1,
    "Plans": [
      {
        "Node Type": "Gather",
        "Parent Relationship": "Outer",
        "Parallel Aware": false,
        "Startup Cost": 168470.01,
        "Total Cost": 168470.12,
        "Plan Rows": 1,
        "Plan Width": 8,
        "Actual Startup Time": 1177.001,
        "Actual Total Time": 1212.65,
        "Actual Rows": 2,
        "Actual Loops": 1,
        "Workers Planned": 1,
        "Workers Launched": 1,
        "Single Copy": false,
        "Plans": [
          {
            "Node Type": "Aggregate",
            "Strategy": "Plain",
            "Partial Mode": "Partial",
            "Parent Relationship": "Outer",
            "Parallel Aware": false,
            "Startup Cost": 167470.01,
            "Total Cost": 167470.02,
            "Plan Rows": 1,
            "Plan Width": 8,
            "Actual Startup Time": 1171.202,
            "Actual Total Time": 1171.46,
            "Actual Rows": 1,
            "Actual Loops": 2,
            "Plans": [
              {
                "Node Type": "Hash Join",
                "Parent Relationship": "Outer",
                "Parallel Aware": true,
                "Join Type": "Inner",
                "Startup Cost": 125959.62,
                "Total Cost": 167015.95,
                "Plan Rows": 181624,
                "Plan Width": 0,
                "Actual Startup Time": 918.242,
                "Actual Total Time": 1145.263,
                "Actual Rows": 623206,
                "Actual Loops": 2,
                "Inner Unique": false,
                "Hash Cond": "(mc.movie_id = t.id)",
                "Plans": [
                  {
                    "Node Type": "Seq Scan",
                    "Parent Relationship": "Outer",
                    "Parallel Aware": true,
                    "Relation Name": "movie_companies",
                    "Alias": "mc",
                    "Startup Cost": 0.0,
                    "Total Cost": 37974.77,
                    "Plan Rows": 536851,
                    "Plan Width": 4,
                    "Actual Startup Time": 18.227,
                    "Actual Total Time": 110.964,
                    "Actual Rows": 461609,
                    "Actual Loops": 2,
                    "Filter": "(company_id > 19912)",
                    "Rows Removed by Filter": 842956
                  },
                  {
                    "Node Type": "Hash",
                    "Parent Relationship": "Inner",
                    "Parallel Aware": true,
                    "Startup Cost": 119670.26,
                    "Total Cost": 119670.26,
                    "Plan Rows": 503149,
                    "Plan Width": 8,
                    "Actual Startup Time": 890.99,
                    "Actual Total Time": 891.247,
                    "Actual Rows": 430663,
                    "Actual Loops": 2,
                    "Hash Buckets": 1048576,
                    "Original Hash Buckets": 1048576,
                    "Hash Batches": 1,
                    "Original Hash Batches": 1,
                    "Peak Memory Usage": 41920,
                    "Plans": [
                      {
                        "Node Type": "Hash Join",
                        "Parent Relationship": "Outer",
                        "Parallel Aware": true,
                        "Join Type": "Inner",
                        "Startup Cost": 87606.13,
                        "Total Cost": 119670.26,
                        "Plan Rows": 503149,
                        "Plan Width": 8,
                        "Actual Startup Time": 582.487,
                        "Actual Total Time": 795.025,
                        "Actual Rows": 430663,
                        "Actual Loops": 2,
                        "Inner Unique": true,
                        "Hash Cond": "(mk.movie_id = t.id)",
                        "Plans": [
                          {
                            "Node Type": "Bitmap Heap Scan",
                            "Parent Relationship": "Outer",
                            "Parallel Aware": true,
                            "Relation Name": "movie_keyword",
                            "Alias": "mk",
                            "Startup Cost": 18145.43,
                            "Total Cost": 48888.79,
                            "Plan Rows": 503149,
                            "Plan Width": 4,
                            "Actual Startup Time": 54.3,
                            "Actual Total Time": 140.552,
                            "Actual Rows": 430663,
                            "Actual Loops": 2,
                            "Recheck Cond": "(keyword_id < 820)",
                            "Rows Removed by Index Recheck": 0,
                            "Exact Heap Blocks": 13114,
                            "Lossy Heap Blocks": 0,
                            "Plans": [
                              {
                                "Node Type": "Bitmap Index Scan",
                                "Parent Relationship": "Outer",
                                "Parallel Aware": false,
                                "Index Name": "keyword_id_movie_keyword",
                                "Startup Cost": 0.0,
                                "Total Cost": 17931.59,
                                "Plan Rows": 855354,
                                "Plan Width": 0,
                                "Actual Startup Time": 50.692,
                                "Actual Total Time": 50.692,
                                "Actual Rows": 861326,
                                "Actual Loops": 1,
                                "Index Cond": "(keyword_id < 820)"
                              }
                            ]
                          },
                          {
                            "Node Type": "Hash",
                            "Parent Relationship": "Inner",
                            "Parallel Aware": true,
                            "Startup Cost": 50870.31,
                            "Total Cost": 50870.31,
                            "Plan Rows": 1487231,
                            "Plan Width": 4,
                            "Actual Startup Time": 512.521,
                            "Actual Total Time": 512.522,
                            "Actual Rows": 1264156,
                            "Actual Loops": 2,
                            "Hash Buckets": 4194304,
                            "Original Hash Buckets": 4194304,
                            "Hash Batches": 1,
                            "Original Hash Batches": 1,
                            "Peak Memory Usage": 131712,
                            "Plans": [
                              {
                                "Node Type": "Seq Scan",
                                "Parent Relationship": "Outer",
                                "Parallel Aware": true,
                                "Relation Name": "title",
                                "Alias": "t",
                                "Startup Cost": 0.0,
                                "Total Cost": 50870.31,
                                "Plan Rows": 1487231,
                                "Plan Width": 4,
                                "Actual Startup Time": 0.036,
                                "Actual Total Time": 151.453,
                                "Actual Rows": 1264156,
                                "Actual Loops": 2
                              }
                            ]
                          }
                        ]
                      }
                    ]
                  }
                ]
              }
            ]
          }
        ]
      }
    ]
  },
  "Planning Time": 0.818,
  "Triggers": [],
  "Execution Time": 1212.803
}