[
    {
        "Bao": {
            "Bao prediction": 1186.592,
            "Bao recommended hint": "SET enable_nestloop TO off; "
        }
    },
    {
        "Plan": {
            "Node Type": "Aggregate",
            "Strategy": "Plain",
            "Partial Mode": "Finalize",
            "Parallel Aware": false,
            "Startup Cost": 284849.2,
            "Total Cost": 284849.21,
            "Plan Rows": 1,
            "Plan Width": 8,
            "Actual Startup Time": 937.292,
            "Actual Total Time": 971.827,
            "Actual Rows": 1,
            "Actual Loops": 1,
            "Output": [
                "count(*)"
            ],
            "Plans": [
                {
                    "Node Type": "Gather",
                    "Parent Relationship": "Outer",
                    "Parallel Aware": false,
                    "Startup Cost": 284848.68,
                    "Total Cost": 284849.19,
                    "Plan Rows": 5,
                    "Plan Width": 8,
                    "Actual Startup Time": 931.177,
                    "Actual Total Time": 971.818,
                    "Actual Rows": 6,
                    "Actual Loops": 1,
                    "Output": [
                        "(PARTIAL count(*))"
                    ],
                    "Workers Planned": 5,
                    "Workers Launched": 5,
                    "Single Copy": false,
                    "Plans": [
                        {
                            "Node Type": "Aggregate",
                            "Strategy": "Plain",
                            "Partial Mode": "Partial",
                            "Parent Relationship": "Outer",
                            "Parallel Aware": false,
                            "Startup Cost": 283848.68,
                            "Total Cost": 283848.69,
                            "Plan Rows": 1,
                            "Plan Width": 8,
                            "Actual Startup Time": 919.557,
                            "Actual Total Time": 919.562,
                            "Actual Rows": 1,
                            "Actual Loops": 6,
                            "Output": [
                                "PARTIAL count(*)"
                            ],
                            "Workers": [
                                {
                                    "Worker Number": 0,
                                    "Actual Startup Time": 917.352,
                                    "Actual Total Time": 917.357,
                                    "Actual Rows": 1,
                                    "Actual Loops": 1
                                },
                                {
                                    "Worker Number": 1,
                                    "Actual Startup Time": 917.422,
                                    "Actual Total Time": 917.427,
                                    "Actual Rows": 1,
                                    "Actual Loops": 1
                                },
                                {
                                    "Worker Number": 2,
                                    "Actual Startup Time": 917.419,
                                    "Actual Total Time": 917.423,
                                    "Actual Rows": 1,
                                    "Actual Loops": 1
                                },
                                {
                                    "Worker Number": 3,
                                    "Actual Startup Time": 917.466,
                                    "Actual Total Time": 917.47,
                                    "Actual Rows": 1,
                                    "Actual Loops": 1
                                },
                                {
                                    "Worker Number": 4,
                                    "Actual Startup Time": 917.469,
                                    "Actual Total Time": 917.474,
                                    "Actual Rows": 1,
                                    "Actual Loops": 1
                                }
                            ],
                            "Plans": [
                                {
                                    "Node Type": "Hash Join",
                                    "Parent Relationship": "Outer",
                                    "Parallel Aware": true,
                                    "Join Type": "Inner",
                                    "Startup Cost": 80033.22,
                                    "Total Cost": 283304.67,
                                    "Plan Rows": 217603,
                                    "Plan Width": 0,
                                    "Actual Startup Time": 226.353,
                                    "Actual Total Time": 918.279,
                                    "Actual Rows": 17105,
                                    "Actual Loops": 6,
                                    "Inner Unique": false,
                                    "Hash Cond": "(mi.movie_id = t.id)",
                                    "Workers": [
                                        {
                                            "Worker Number": 0,
                                            "Actual Startup Time": 224.253,
                                            "Actual Total Time": 916.111,
                                            "Actual Rows": 16327,
                                            "Actual Loops": 1
                                        },
                                        {
                                            "Worker Number": 1,
                                            "Actual Startup Time": 224.064,
                                            "Actual Total Time": 916.198,
                                            "Actual Rows": 15951,
                                            "Actual Loops": 1
                                        },
                                        {
                                            "Worker Number": 2,
                                            "Actual Startup Time": 223.924,
                                            "Actual Total Time": 916.234,
                                            "Actual Rows": 15604,
                                            "Actual Loops": 1
                                        },
                                        {
                                            "Worker Number": 3,
                                            "Actual Startup Time": 224.393,
                                            "Actual Total Time": 916.254,
                                            "Actual Rows": 15769,
                                            "Actual Loops": 1
                                        },
                                        {
                                            "Worker Number": 4,
                                            "Actual Startup Time": 224.22,
                                            "Actual Total Time": 916.209,
                                            "Actual Rows": 16205,
                                            "Actual Loops": 1
                                        }
                                    ],
                                    "Plans": [
                                        {
                                            "Node Type": "Seq Scan",
                                            "Parent Relationship": "Outer",
                                            "Parallel Aware": true,
                                            "Relation Name": "movie_info",
                                            "Schema": "public",
                                            "Alias": "mi",
                                            "Startup Cost": 0.0,
                                            "Total Cost": 191503.19,
                                            "Plan Rows": 2951019,
                                            "Plan Width": 4,
                                            "Actual Startup Time": 0.023,
                                            "Actual Total Time": 389.621,
                                            "Actual Rows": 2472620,
                                            "Actual Loops": 6,
                                            "Output": [
                                                "mi.id",
                                                "mi.movie_id",
                                                "mi.info_type_id",
                                                "mi.info",
                                                "mi.note"
                                            ],
                                            "Workers": [
                                                {
                                                    "Worker Number": 0,
                                                    "Actual Startup Time": 0.017,
                                                    "Actual Total Time": 396.698,
                                                    "Actual Rows": 2364130,
                                                    "Actual Loops": 1
                                                },
                                                {
                                                    "Worker Number": 1,
                                                    "Actual Startup Time": 0.033,
                                                    "Actual Total Time": 399.846,
                                                    "Actual Rows": 2347551,
                                                    "Actual Loops": 1
                                                },
                                                {
                                                    "Worker Number": 2,
                                                    "Actual Startup Time": 0.041,
                                                    "Actual Total Time": 395.99,
                                                    "Actual Rows": 2359454,
                                                    "Actual Loops": 1
                                                },
                                                {
                                                    "Worker Number": 3,
                                                    "Actual Startup Time": 0.02,
                                                    "Actual Total Time": 400.123,
                                                    "Actual Rows": 2351797,
                                                    "Actual Loops": 1
                                                },
                                                {
                                                    "Worker Number": 4,
                                                    "Actual Startup Time": 0.017,
                                                    "Actual Total Time": 397.632,
                                                    "Actual Rows": 2314917,
                                                    "Actual Loops": 1
                                                }
                                            ]
                                        },
                                        {
                                            "Node Type": "Hash",
                                            "Parent Relationship": "Inner",
                                            "Parallel Aware": true,
                                            "Startup Cost": 79281.47,
                                            "Total Cost": 79281.47,
                                            "Plan Rows": 60140,
                                            "Plan Width": 8,
                                            "Actual Startup Time": 223.927,
                                            "Actual Total Time": 223.93,
                                            "Actual Rows": 1729,
                                            "Actual Loops": 6,
                                            "Output": [
                                                "t.id",
                                                "mc.movie_id"
                                            ],
                                            "Hash Buckets": 262144,
                                            "Original Hash Buckets": 262144,
                                            "Hash Batches": 1,
                                            "Original Hash Batches": 1,
                                            "Peak Memory Usage": 2560,
                                            "Workers": [
                                                {
                                                    "Worker Number": 0,
                                                    "Actual Startup Time": 222.828,
                                                    "Actual Total Time": 222.831,
                                                    "Actual Rows": 1929,
                                                    "Actual Loops": 1
                                                },
                                                {
                                                    "Worker Number": 1,
                                                    "Actual Startup Time": 223.068,
                                                    "Actual Total Time": 223.072,
                                                    "Actual Rows": 1336,
                                                    "Actual Loops": 1
                                                },
                                                {
                                                    "Worker Number": 2,
                                                    "Actual Startup Time": 222.952,
                                                    "Actual Total Time": 222.956,
                                                    "Actual Rows": 1735,
                                                    "Actual Loops": 1
                                                },
                                                {
                                                    "Worker Number": 3,
                                                    "Actual Startup Time": 223.008,
                                                    "Actual Total Time": 223.011,
                                                    "Actual Rows": 1684,
                                                    "Actual Loops": 1
                                                },
                                                {
                                                    "Worker Number": 4,
                                                    "Actual Startup Time": 223.092,
                                                    "Actual Total Time": 223.096,
                                                    "Actual Rows": 1595,
                                                    "Actual Loops": 1
                                                }
                                            ],
                                            "Plans": [
                                                {
                                                    "Node Type": "Hash Join",
                                                    "Parent Relationship": "Outer",
                                                    "Parallel Aware": true,
                                                    "Join Type": "Inner",
                                                    "Startup Cost": 47094.43,
                                                    "Total Cost": 79281.47,
                                                    "Plan Rows": 60140,
                                                    "Plan Width": 8,
                                                    "Actual Startup Time": 133.355,
                                                    "Actual Total Time": 222.567,
                                                    "Actual Rows": 1729,
                                                    "Actual Loops": 6,
                                                    "Output": [
                                                        "t.id",
                                                        "mc.movie_id"
                                                    ],
                                                    "Inner Unique": true,
                                                    "Hash Cond": "(mc.movie_id = t.id)",
                                                    "Workers": [
                                                        {
                                                            "Worker Number": 0,
                                                            "Actual Startup Time": 132.314,
                                                            "Actual Total Time": 221.669,
                                                            "Actual Rows": 1929,
                                                            "Actual Loops": 1
                                                        },
                                                        {
                                                            "Worker Number": 1,
                                                            "Actual Startup Time": 132.311,
                                                            "Actual Total Time": 221.713,
                                                            "Actual Rows": 1336,
                                                            "Actual Loops": 1
                                                        },
                                                        {
                                                            "Worker Number": 2,
                                                            "Actual Startup Time": 132.255,
                                                            "Actual Total Time": 221.466,
                                                            "Actual Rows": 1735,
                                                            "Actual Loops": 1
                                                        },
                                                        {
                                                            "Worker Number": 3,
                                                            "Actual Startup Time": 132.708,
                                                            "Actual Total Time": 221.553,
                                                            "Actual Rows": 1684,
                                                            "Actual Loops": 1
                                                        },
                                                        {
                                                            "Worker Number": 4,
                                                            "Actual Startup Time": 132.62,
                                                            "Actual Total Time": 221.637,
                                                            "Actual Rows": 1595,
                                                            "Actual Loops": 1
                                                        }
                                                    ],
                                                    "Plans": [
                                                        {
                                                            "Node Type": "Seq Scan",
                                                            "Parent Relationship": "Outer",
                                                            "Parallel Aware": true,
                                                            "Relation Name": "movie_companies",
                                                            "Schema": "public",
                                                            "Alias": "mc",
                                                            "Startup Cost": 0.0,
                                                            "Total Cost": 31414.82,
                                                            "Plan Rows": 294180,
                                                            "Plan Width": 4,
                                                            "Actual Startup Time": 0.436,
                                                            "Actual Total Time": 63.639,
                                                            "Actual Rows": 124728,
                                                            "Actual Loops": 6,
                                                            "Output": [
                                                                "mc.id",
                                                                "mc.movie_id",
                                                                "mc.company_id",
                                                                "mc.company_type_id",
                                                                "mc.note"
                                                            ],
                                                            "Filter": "((mc.company_id > 1451) AND (mc.company_type_id < 2))",
                                                            "Rows Removed by Filter": 310126,
                                                            "Workers": [
                                                                {
                                                                    "Worker Number": 0,
                                                                    "Actual Startup Time": 0.404,
                                                                    "Actual Total Time": 63.314,
                                                                    "Actual Rows": 120380,
                                                                    "Actual Loops": 1
                                                                },
                                                                {
                                                                    "Worker Number": 1,
                                                                    "Actual Startup Time": 0.418,
                                                                    "Actual Total Time": 64.513,
                                                                    "Actual Rows": 122617,
                                                                    "Actual Loops": 1
                                                                },
                                                                {
                                                                    "Worker Number": 2,
                                                                    "Actual Startup Time": 0.395,
                                                                    "Actual Total Time": 63.647,
                                                                    "Actual Rows": 118880,
                                                                    "Actual Loops": 1
                                                                },
                                                                {
                                                                    "Worker Number": 3,
                                                                    "Actual Startup Time": 0.447,
                                                                    "Actual Total Time": 64.276,
                                                                    "Actual Rows": 122345,
                                                                    "Actual Loops": 1
                                                                },
                                                                {
                                                                    "Worker Number": 4,
                                                                    "Actual Startup Time": 0.408,
                                                                    "Actual Total Time": 64.175,
                                                                    "Actual Rows": 120761,
                                                                    "Actual Loops": 1
                                                                }
                                                            ]
                                                        },
                                                        {
                                                            "Node Type": "Hash",
                                                            "Parent Relationship": "Inner",
                                                            "Parallel Aware": true,
                                                            "Startup Cost": 45479.21,
                                                            "Total Cost": 45479.21,
                                                            "Plan Rows": 129218,
                                                            "Plan Width": 4,
                                                            "Actual Startup Time": 131.232,
                                                            "Actual Total Time": 131.233,
                                                            "Actual Rows": 67324,
                                                            "Actual Loops": 6,
                                                            "Output": [
                                                                "t.id"
                                                            ],
                                                            "Hash Buckets": 524288,
                                                            "Original Hash Buckets": 524288,
                                                            "Hash Batches": 1,
                                                            "Original Hash Batches": 1,
                                                            "Peak Memory Usage": 20000,
                                                            "Workers": [
                                                                {
                                                                    "Worker Number": 0,
                                                                    "Actual Startup Time": 131.509,
                                                                    "Actual Total Time": 131.51,
                                                                    "Actual Rows": 60046,
                                                                    "Actual Loops": 1
                                                                },
                                                                {
                                                                    "Worker Number": 1,
                                                                    "Actual Startup Time": 131.636,
                                                                    "Actual Total Time": 131.637,
                                                                    "Actual Rows": 62796,
                                                                    "Actual Loops": 1
                                                                },
                                                                {
                                                                    "Worker Number": 2,
                                                                    "Actual Startup Time": 131.565,
                                                                    "Actual Total Time": 131.566,
                                                                    "Actual Rows": 61103,
                                                                    "Actual Loops": 1
                                                                },
                                                                {
                                                                    "Worker Number": 3,
                                                                    "Actual Startup Time": 131.572,
                                                                    "Actual Total Time": 131.573,
                                                                    "Actual Rows": 63096,
                                                                    "Actual Loops": 1
                                                                },
                                                                {
                                                                    "Worker Number": 4,
                                                                    "Actual Startup Time": 131.655,
                                                                    "Actual Total Time": 131.656,
                                                                    "Actual Rows": 61020,
                                                                    "Actual Loops": 1
                                                                }
                                                            ],
                                                            "Plans": [
                                                                {
                                                                    "Node Type": "Seq Scan",
                                                                    "Parent Relationship": "Outer",
                                                                    "Parallel Aware": true,
                                                                    "Relation Name": "title",
                                                                    "Schema": "public",
                                                                    "Alias": "t",
                                                                    "Startup Cost": 0.0,
                                                                    "Total Cost": 45479.21,
                                                                    "Plan Rows": 129218,
                                                                    "Plan Width": 4,
                                                                    "Actual Startup Time": 0.043,
                                                                    "Actual Total Time": 98.684,
                                                                    "Actual Rows": 67324,
                                                                    "Actual Loops": 6,
                                                                    "Output": [
                                                                        "t.id"
                                                                    ],
                                                                    "Filter": "((t.production_year < 1996) AND (t.kind_id = 7))",
                                                                    "Rows Removed by Filter": 354061,
                                                                    "Workers": [
                                                                        {
                                                                            "Worker Number": 0,
                                                                            "Actual Startup Time": 0.048,
                                                                            "Actual Total Time": 97.98,
                                                                            "Actual Rows": 60046,
                                                                            "Actual Loops": 1
                                                                        },
                                                                        {
                                                                            "Worker Number": 1,
                                                                            "Actual Startup Time": 0.044,
                                                                            "Actual Total Time": 100.194,
                                                                            "Actual Rows": 62796,
                                                                            "Actual Loops": 1
                                                                        },
                                                                        {
                                                                            "Worker Number": 2,
                                                                            "Actual Startup Time": 0.059,
                                                                            "Actual Total Time": 99.871,
                                                                            "Actual Rows": 61103,
                                                                            "Actual Loops": 1
                                                                        },
                                                                        {
                                                                            "Worker Number": 3,
                                                                            "Actual Startup Time": 0.045,
                                                                            "Actual Total Time": 100.766,
                                                                            "Actual Rows": 63096,
                                                                            "Actual Loops": 1
                                                                        },
                                                                        {
                                                                            "Worker Number": 4,
                                                                            "Actual Startup Time": 0.043,
                                                                            "Actual Total Time": 100.066,
                                                                            "Actual Rows": 61020,
                                                                            "Actual Loops": 1
                                                                        }
                                                                    ]
                                                                }
                                                            ]
                                                        }
                                                    ]
                                                }
                                            ]
                                        }
                                    ]
                                }
                            ]
                        }
                    ]
                }
            ]
        },
        "Planning Time": 1366.738,
        "Triggers": [],
        "Execution Time": 971.969
    }
]