{
  "Plan": {
    "Node Type": "Aggregate",
    "Strategy": "Plain",
    "Partial Mode": "Finalize",
    "Parallel Aware": false,
    "Startup Cost": 100780.12,
    "Total Cost": 100780.13,
    "Plan Rows": 1,
    "Plan Width": 8,
    "Actual Startup Time": 348.247,
    "Actual Total Time": 364.053,
    "Actual Rows": 1,
    "Actual Loops": 1,
    "Plans": [
      {
        "Node Type": "Gather",
        "Parent Relationship": "Outer",
        "Parallel Aware": false,
        "Startup Cost": 100780.01,
        "Total Cost": 100780.12,
        "Plan Rows": 1,
        "Plan Width": 8,
        "Actual Startup Time": 347.98,
        "Actual Total Time": 364.044,
        "Actual Rows": 2,
        "Actual Loops": 1,
        "Workers Planned": 1,
        "Workers Launched": 1,
        "Single Copy": false,
        "Plans": [
          {
            "Node Type": "Aggregate",
            "Strategy": "Plain",
            "Partial Mode": "Partial",
            "Parent Relationship": "Outer",
            "Parallel Aware": false,
            "Startup Cost": 99780.01,
            "Total Cost": 99780.02,
            "Plan Rows": 1,
            "Plan Width": 8,
            "Actual Startup Time": 342.433,
            "Actual Total Time": 342.437,
            "Actual Rows": 1,
            "Actual Loops": 2,
            "Plans": [
              {
                "Node Type": "Hash Join",
                "Parent Relationship": "Outer",
                "Parallel Aware": true,
                "Join Type": "Inner",
                "Startup Cost": 58408.92,
                "Total Cost": 99762.28,
                "Plan Rows": 7094,
                "Plan Width": 0,
                "Actual Startup Time": 144.991,
                "Actual Total Time": 342.251,
                "Actual Rows": 3032,
                "Actual Loops": 2,
                "Inner Unique": true,
                "Hash Cond": "(mc.movie_id = t.id)",
                "Plans": [
                  {
                    "Node Type": "Seq Scan",
                    "Parent Relationship": "Outer",
                    "Parallel Aware": true,
                    "Relation Name": "movie_companies",
                    "Alias": "mc",
                    "Startup Cost": 0.0,
                    "Total Cost": 37974.77,
                    "Plan Rows": 1287076,
                    "Plan Width": 4,
                    "Actual Startup Time": 0.078,
                    "Actual Total Time": 119.984,
                    "Actual Rows": 1094660,
                    "Actual Loops": 2,
                    "Filter": "(company_id > 292)",
                    "Rows Removed by Filter": 209904
                  },
                  {
                    "Node Type": "Hash",
                    "Parent Relationship": "Inner",
                    "Parallel Aware": true,
                    "Startup Cost": 58306.47,
                    "Total Cost": 58306.47,
                    "Plan Rows": 8196,
                    "Plan Width": 4,
                    "Actual Startup Time": 143.636,
                    "Actual Total Time": 143.637,
                    "Actual Rows": 6329,
                    "Actual Loops": 2,
                    "Hash Buckets": 16384,
                    "Original Hash Buckets": 16384,
                    "Hash Batches": 1,
                    "Original Hash Batches": 1,
                    "Peak Memory Usage": 640,
                    "Plans": [
                      {
                        "Node Type": "Seq Scan",
                        "Parent Relationship": "Outer",
                        "Parallel Aware": true,
                        "Relation Name": "title",
                        "Alias": "t",
                        "Startup Cost": 0.0,
                        "Total Cost": 58306.47,
                        "Plan Rows": 8196,
                        "Plan Width": 4,
                        "Actual Startup Time": 0.101,
                        "Actual Total Time": 141.255,
                        "Actual Rows": 6329,
                        "Actual Loops": 2,
                        "Filter": "((kind_id > 3) AND (production_year = 1986))",
                        "Rows Removed by Filter": 1257827
                      }
                    ]
                  }
                ]
              }
            ]
          }
        ]
      }
    ]
  },
  "Planning Time": 0.471,
  "Triggers": [],
  "Execution Time": 364.124
}