[
  {
    "Plan": {
      "Node Type": "Aggregate",
      "Strategy": "Plain",
      "Partial Mode": "Finalize",
      "Parallel Aware": false,
      "Startup Cost": 349170.82,
      "Total Cost": 349170.83,
      "Plan Rows": 1,
      "Plan Width": 8,
      "Actual Startup Time": 566.79,
      "Actual Total Time": 590.933,
      "Actual Rows": 1,
      "Actual Loops": 1,
      "Plans": [
        {
          "Node Type": "Gather",
          "Parent Relationship": "Outer",
          "Parallel Aware": false,
          "Startup Cost": 349170.2,
          "Total Cost": 349170.81,
          "Plan Rows": 6,
          "Plan Width": 8,
          "Actual Startup Time": 544.106,
          "Actual Total Time": 590.922,
          "Actual Rows": 7,
          "Actual Loops": 1,
          "Workers Planned": 6,
          "Workers Launched": 6,
          "Single Copy": false,
          "Plans": [
            {
              "Node Type": "Aggregate",
              "Strategy": "Plain",
              "Partial Mode": "Partial",
              "Parent Relationship": "Outer",
              "Parallel Aware": false,
              "Startup Cost": 348170.2,
              "Total Cost": 348170.21,
              "Plan Rows": 1,
              "Plan Width": 8,
              "Actual Startup Time": 530.374,
              "Actual Total Time": 530.377,
              "Actual Rows": 1,
              "Actual Loops": 7,
              "Plans": [
                {
                  "Node Type": "Hash Join",
                  "Parent Relationship": "Outer",
                  "Parallel Aware": true,
                  "Join Type": "Inner",
                  "Startup Cost": 90167.85,
                  "Total Cost": 347416.25,
                  "Plan Rows": 301580,
                  "Plan Width": 0,
                  "Actual Startup Time": 347.324,
                  "Actual Total Time": 516.412,
                  "Actual Rows": 262412,
                  "Actual Loops": 7,
                  "Inner Unique": true,
                  "Hash Cond": "(ci.movie_id = t.id)",
                  "Plans": [
                    {
                      "Node Type": "Bitmap Heap Scan",
                      "Parent Relationship": "Outer",
                      "Parallel Aware": true,
                      "Relation Name": "cast_info",
                      "Alias": "ci",
                      "Startup Cost": 39948.04,
                      "Total Cost": 296404.79,
                      "Plan Rows": 301580,
                      "Plan Width": 4,
                      "Actual Startup Time": 124.079,
                      "Actual Total Time": 167.646,
                      "Actual Rows": 262412,
                      "Actual Loops": 7,
                      "Recheck Cond": "(person_id < 181131)",
                      "Rows Removed by Index Recheck": 0,
                      "Exact Heap Blocks": 2954,
                      "Lossy Heap Blocks": 0,
                      "Plans": [
                        {
                          "Node Type": "Bitmap Index Scan",
                          "Parent Relationship": "Outer",
                          "Parallel Aware": false,
                          "Index Name": "person_id_cast_info",
                          "Startup Cost": 0.0,
                          "Total Cost": 39495.67,
                          "Plan Rows": 1809481,
                          "Plan Width": 0,
                          "Actual Startup Time": 119.237,
                          "Actual Total Time": 119.237,
                          "Actual Rows": 1836884,
                          "Actual Loops": 1,
                          "Index Cond": "(person_id < 181131)"
                        }
                      ]
                    },
                    {
                      "Node Type": "Hash",
                      "Parent Relationship": "Inner",
                      "Parallel Aware": true,
                      "Startup Cost": 42318.81,
                      "Total Cost": 42318.81,
                      "Plan Rows": 632080,
                      "Plan Width": 4,
                      "Actual Startup Time": 218.453,
                      "Actual Total Time": 218.454,
                      "Actual Rows": 361187,
                      "Actual Loops": 7,
                      "Hash Buckets": 4194304,
                      "Original Hash Buckets": 4194304,
                      "Hash Batches": 1,
                      "Original Hash Batches": 1,
                      "Peak Memory Usage": 131808,
                      "Plans": [
                        {
                          "Node Type": "Seq Scan",
                          "Parent Relationship": "Outer",
                          "Parallel Aware": true,
                          "Relation Name": "title",
                          "Alias": "t",
                          "Startup Cost": 0.0,
                          "Total Cost": 42318.81,
                          "Plan Rows": 632080,
                          "Plan Width": 4,
                          "Actual Startup Time": 0.027,
                          "Actual Total Time": 63.336,
                          "Actual Rows": 361187,
                          "Actual Loops": 7
                        }
                      ]
                    }
                  ]
                }
              ]
            }
          ]
        }
      ]
    },
    "Planning Time": 0.263,
    "Triggers": [],
    "Execution Time": 590.978
  }
]