[
  {
    "Plan": {
      "Node Type": "Aggregate",
      "Strategy": "Plain",
      "Partial Mode": "Finalize",
      "Parallel Aware": false,
      "Startup Cost": 30891.84,
      "Total Cost": 30891.85,
      "Plan Rows": 1,
      "Plan Width": 8,
      "Actual Startup Time": 81.245,
      "Actual Total Time": 88.141,
      "Actual Rows": 1,
      "Actual Loops": 1,
      "Plans": [
        {
          "Node Type": "Gather",
          "Parent Relationship": "Outer",
          "Parallel Aware": false,
          "Startup Cost": 30891.52,
          "Total Cost": 30891.83,
          "Plan Rows": 3,
          "Plan Width": 8,
          "Actual Startup Time": 81.086,
          "Actual Total Time": 88.133,
          "Actual Rows": 4,
          "Actual Loops": 1,
          "Workers Planned": 3,
          "Workers Launched": 3,
          "Single Copy": false,
          "Plans": [
            {
              "Node Type": "Aggregate",
              "Strategy": "Plain",
              "Partial Mode": "Partial",
              "Parent Relationship": "Outer",
              "Parallel Aware": false,
              "Startup Cost": 29891.52,
              "Total Cost": 29891.53,
              "Plan Rows": 1,
              "Plan Width": 8,
              "Actual Startup Time": 76.242,
              "Actual Total Time": 76.244,
              "Actual Rows": 1,
              "Actual Loops": 4,
              "Plans": [
                {
                  "Node Type": "Seq Scan",
                  "Parent Relationship": "Outer",
                  "Parallel Aware": true,
                  "Relation Name": "movie_companies",
                  "Alias": "mc",
                  "Startup Cost": 0.0,
                  "Total Cost": 29310.68,
                  "Plan Rows": 232337,
                  "Plan Width": 0,
                  "Actual Startup Time": 22.694,
                  "Actual Total Time": 68.616,
                  "Actual Rows": 178337,
                  "Actual Loops": 4,
                  "Filter": "(company_id > 43628)",
                  "Rows Removed by Filter": 473946
                }
              ]
            }
          ]
        }
      ]
    },
    "Planning Time": 0.146,
    "Triggers": [],
    "Execution Time": 88.176
  }
]