{
  "Plan": {
    "Node Type": "Aggregate",
    "Strategy": "Plain",
    "Partial Mode": "Finalize",
    "Parallel Aware": false,
    "Startup Cost": 128535.77,
    "Total Cost": 128535.78,
    "Plan Rows": 1,
    "Plan Width": 8,
    "Actual Startup Time": 837.617,
    "Actual Total Time": 852.64,
    "Actual Rows": 1,
    "Actual Loops": 1,
    "Plans": [
      {
        "Node Type": "Gather",
        "Parent Relationship": "Outer",
        "Parallel Aware": false,
        "Startup Cost": 128535.66,
        "Total Cost": 128535.77,
        "Plan Rows": 1,
        "Plan Width": 8,
        "Actual Startup Time": 835.292,
        "Actual Total Time": 852.633,
        "Actual Rows": 2,
        "Actual Loops": 1,
        "Workers Planned": 1,
        "Workers Launched": 1,
        "Single Copy": false,
        "Plans": [
          {
            "Node Type": "Aggregate",
            "Strategy": "Plain",
            "Partial Mode": "Partial",
            "Parent Relationship": "Outer",
            "Parallel Aware": false,
            "Startup Cost": 127535.66,
            "Total Cost": 127535.67,
            "Plan Rows": 1,
            "Plan Width": 8,
            "Actual Startup Time": 828.86,
            "Actual Total Time": 828.865,
            "Actual Rows": 1,
            "Actual Loops": 2,
            "Plans": [
              {
                "Node Type": "Hash Join",
                "Parent Relationship": "Outer",
                "Parallel Aware": true,
                "Join Type": "Inner",
                "Startup Cost": 62839.38,
                "Total Cost": 127368.16,
                "Plan Rows": 66999,
                "Plan Width": 0,
                "Actual Startup Time": 289.235,
                "Actual Total Time": 822.534,
                "Actual Rows": 145733,
                "Actual Loops": 2,
                "Inner Unique": false,
                "Hash Cond": "(t.id = mi_idx.movie_id)",
                "Plans": [
                  {
                    "Node Type": "Hash Join",
                    "Parent Relationship": "Outer",
                    "Parallel Aware": true,
                    "Join Type": "Inner",
                    "Startup Cost": 41342.15,
                    "Total Cost": 103653.15,
                    "Plan Rows": 364734,
                    "Plan Width": 8,
                    "Actual Startup Time": 168.507,
                    "Actual Total Time": 597.726,
                    "Actual Rows": 316182,
                    "Actual Loops": 2,
                    "Inner Unique": false,
                    "Hash Cond": "(t.id = mc.movie_id)",
                    "Plans": [
                      {
                        "Node Type": "Seq Scan",
                        "Parent Relationship": "Outer",
                        "Parallel Aware": true,
                        "Relation Name": "title",
                        "Alias": "t",
                        "Startup Cost": 0.0,
                        "Total Cost": 50870.31,
                        "Plan Rows": 1487231,
                        "Plan Width": 4,
                        "Actual Startup Time": 0.01,
                        "Actual Total Time": 117.594,
                        "Actual Rows": 1264156,
                        "Actual Loops": 2
                      },
                      {
                        "Node Type": "Hash",
                        "Parent Relationship": "Inner",
                        "Parallel Aware": true,
                        "Startup Cost": 36782.98,
                        "Total Cost": 36782.98,
                        "Plan Rows": 364734,
                        "Plan Width": 4,
                        "Actual Startup Time": 165.441,
                        "Actual Total Time": 165.442,
                        "Actual Rows": 316182,
                        "Actual Loops": 2,
                        "Hash Buckets": 1048576,
                        "Original Hash Buckets": 1048576,
                        "Hash Batches": 1,
                        "Original Hash Batches": 1,
                        "Peak Memory Usage": 32960,
                        "Plans": [
                          {
                            "Node Type": "Bitmap Heap Scan",
                            "Parent Relationship": "Outer",
                            "Parallel Aware": true,
                            "Relation Name": "movie_companies",
                            "Alias": "mc",
                            "Startup Cost": 13433.8,
                            "Total Cost": 36782.98,
                            "Plan Rows": 364734,
                            "Plan Width": 4,
                            "Actual Startup Time": 41.251,
                            "Actual Total Time": 95.374,
                            "Actual Rows": 316182,
                            "Actual Loops": 2,
                            "Recheck Cond": "(company_id > 59073)",
                            "Rows Removed by Index Recheck": 0,
                            "Exact Heap Blocks": 6504,
                            "Lossy Heap Blocks": 0,
                            "Plans": [
                              {
                                "Node Type": "Bitmap Index Scan",
                                "Parent Relationship": "Outer",
                                "Parallel Aware": false,
                                "Index Name": "company_id_movie_companies",
                                "Startup Cost": 0.0,
                                "Total Cost": 13278.79,
                                "Plan Rows": 620048,
                                "Plan Width": 0,
                                "Actual Startup Time": 39.779,
                                "Actual Total Time": 39.78,
                                "Actual Rows": 632363,
                                "Actual Loops": 1,
                                "Index Cond": "(company_id > 59073)"
                              }
                            ]
                          }
                        ]
                      }
                    ]
                  },
                  {
                    "Node Type": "Hash",
                    "Parent Relationship": "Inner",
                    "Parallel Aware": true,
                    "Startup Cost": 18082.32,
                    "Total Cost": 18082.32,
                    "Plan Rows": 273193,
                    "Plan Width": 4,
                    "Actual Startup Time": 115.325,
                    "Actual Total Time": 115.326,
                    "Actual Rows": 229962,
                    "Actual Loops": 2,
                    "Hash Buckets": 524288,
                    "Original Hash Buckets": 524288,
                    "Hash Batches": 1,
                    "Original Hash Batches": 1,
                    "Peak Memory Usage": 22112,
                    "Plans": [
                      {
                        "Node Type": "Seq Scan",
                        "Parent Relationship": "Outer",
                        "Parallel Aware": true,
                        "Relation Name": "movie_info_idx",
                        "Alias": "mi_idx",
                        "Startup Cost": 0.0,
                        "Total Cost": 18082.32,
                        "Plan Rows": 273193,
                        "Plan Width": 4,
                        "Actual Startup Time": 0.047,
                        "Actual Total Time": 66.319,
                        "Actual Rows": 229962,
                        "Actual Loops": 2,
                        "Filter": "(info_type_id = 100)",
                        "Rows Removed by Filter": 460055
                      }
                    ]
                  }
                ]
              }
            ]
          }
        ]
      }
    ]
  },
  "Planning Time": 0.889,
  "Triggers": [],
  "Execution Time": 852.741
}