[
  {
    "Plan": {
      "Node Type": "Aggregate",
      "Strategy": "Plain",
      "Partial Mode": "Simple",
      "Parallel Aware": false,
      "Startup Cost": 828537.7,
      "Total Cost": 828537.71,
      "Plan Rows": 1,
      "Plan Width": 96,
      "Actual Startup Time": 6610.338,
      "Actual Total Time": 6610.637,
      "Actual Rows": 1,
      "Actual Loops": 1,
      "Plans": [
        {
          "Node Type": "Merge Join",
          "Parent Relationship": "Outer",
          "Parallel Aware": false,
          "Join Type": "Inner",
          "Startup Cost": 691970.41,
          "Total Cost": 828537.69,
          "Plan Rows": 1,
          "Plan Width": 49,
          "Actual Startup Time": 4752.822,
          "Actual Total Time": 6610.551,
          "Actual Rows": 121,
          "Actual Loops": 1,
          "Inner Unique": false,
          "Merge Cond": "(chn.id = ci.person_role_id)",
          "Plans": [
            {
              "Node Type": "Index Scan",
              "Parent Relationship": "Outer",
              "Parallel Aware": false,
              "Scan Direction": "Forward",
              "Index Name": "char_name_pkey",
              "Relation Name": "char_name",
              "Alias": "chn",
              "Startup Cost": 0.43,
              "Total Cost": 128716.85,
              "Plan Rows": 3140339,
              "Plan Width": 20,
              "Actual Startup Time": 0.016,
              "Actual Total Time": 1678.242,
              "Actual Rows": 2981443,
              "Actual Loops": 1
            },
            {
              "Node Type": "Sort",
              "Parent Relationship": "Inner",
              "Parallel Aware": false,
              "Startup Cost": 691969.98,
              "Total Cost": 691969.99,
              "Plan Rows": 1,
              "Plan Width": 37,
              "Actual Startup Time": 4749.923,
              "Actual Total Time": 4750.248,
              "Actual Rows": 122,
              "Actual Loops": 1,
              "Sort Key": [
                "ci.person_role_id"
              ],
              "Sort Method": "quicksort",
              "Sort Space Used": 36,
              "Sort Space Type": "Memory",
              "Plans": [
                {
                  "Node Type": "Merge Join",
                  "Parent Relationship": "Outer",
                  "Parallel Aware": false,
                  "Join Type": "Inner",
                  "Startup Cost": 628014.35,
                  "Total Cost": 691969.97,
                  "Plan Rows": 1,
                  "Plan Width": 37,
                  "Actual Startup Time": 4654.05,
                  "Actual Total Time": 4750.143,
                  "Actual Rows": 127,
                  "Actual Loops": 1,
                  "Inner Unique": true,
                  "Merge Cond": "(ci.person_id = n.id)",
                  "Plans": [
                    {
                      "Node Type": "Merge Join",
                      "Parent Relationship": "Outer",
                      "Parallel Aware": false,
                      "Join Type": "Inner",
                      "Startup Cost": 555760.91,
                      "Total Cost": 619696.78,
                      "Plan Rows": 7708,
                      "Plan Width": 45,
                      "Actual Startup Time": 4184.939,
                      "Actual Total Time": 4449.496,
                      "Actual Rows": 69798,
                      "Actual Loops": 1,
                      "Inner Unique": false,
                      "Merge Cond": "(an.person_id = ci.person_id)",
                      "Plans": [
                        {
                          "Node Type": "Index Scan",
                          "Parent Relationship": "Outer",
                          "Parallel Aware": false,
                          "Scan Direction": "Forward",
                          "Index Name": "person_id_aka_name",
                          "Relation Name": "aka_name",
                          "Alias": "an",
                          "Startup Cost": 0.42,
                          "Total Cost": 72006.77,
                          "Plan Rows": 901343,
                          "Plan Width": 20,
                          "Actual Startup Time": 0.015,
                          "Actual Total Time": 247.359,
                          "Actual Rows": 578726,
                          "Actual Loops": 1
                        },
                        {
                          "Node Type": "Sort",
                          "Parent Relationship": "Inner",
                          "Parallel Aware": false,
                          "Startup Cost": 555750.93,
                          "Total Cost": 555758.97,
                          "Plan Rows": 3218,
                          "Plan Width": 25,
                          "Actual Startup Time": 4144.333,
                          "Actual Total Time": 4151.198,
                          "Actual Rows": 82213,
                          "Actual Loops": 1,
                          "Sort Key": [
                            "ci.person_id"
                          ],
                          "Sort Method": "quicksort",
                          "Sort Space Used": 3228,
                          "Sort Space Type": "Memory",
                          "Plans": [
                            {
                              "Node Type": "Merge Join",
                              "Parent Relationship": "Outer",
                              "Parallel Aware": false,
                              "Join Type": "Inner",
                              "Startup Cost": 548058.34,
                              "Total Cost": 555563.45,
                              "Plan Rows": 3218,
                              "Plan Width": 25,
                              "Actual Startup Time": 3835.372,
                              "Actual Total Time": 4133.16,
                              "Actual Rows": 30619,
                              "Actual Loops": 1,
                              "Inner Unique": false,
                              "Merge Cond": "(t.id = ci.movie_id)",
                              "Plans": [
                                {
                                  "Node Type": "Gather Merge",
                                  "Parent Relationship": "Outer",
                                  "Parallel Aware": false,
                                  "Startup Cost": 176861.33,
                                  "Total Cost": 183885.63,
                                  "Plan Rows": 42516,
                                  "Plan Width": 25,
                                  "Actual Startup Time": 1960.155,
                                  "Actual Total Time": 2191.369,
                                  "Actual Rows": 144120,
                                  "Actual Loops": 1,
                                  "Workers Planned": 4,
                                  "Workers Launched": 4,
                                  "Plans": [
                                    {
                                      "Node Type": "Merge Join",
                                      "Parent Relationship": "Outer",
                                      "Parallel Aware": false,
                                      "Join Type": "Inner",
                                      "Startup Cost": 175861.28,
                                      "Total Cost": 177821.51,
                                      "Plan Rows": 10629,
                                      "Plan Width": 25,
                                      "Actual Startup Time": 1847.626,
                                      "Actual Total Time": 2096.595,
                                      "Actual Rows": 28824,
                                      "Actual Loops": 5,
                                      "Inner Unique": false,
                                      "Merge Cond": "(t.id = mc.movie_id)",
                                      "Plans": [
                                        {
                                          "Node Type": "Sort",
                                          "Parent Relationship": "Outer",
                                          "Parallel Aware": false,
                                          "Startup Cost": 70072.11,
                                          "Total Cost": 70753.15,
                                          "Plan Rows": 272418,
                                          "Plan Width": 21,
                                          "Actual Startup Time": 293.835,
                                          "Actual Total Time": 340.585,
                                          "Actual Rows": 221512,
                                          "Actual Loops": 5,
                                          "Sort Key": [
                                            "t.id"
                                          ],
                                          "Sort Method": "quicksort",
                                          "Sort Space Used": 21448,
                                          "Sort Space Type": "Memory",
                                          "Workers": [
                                            {
                                              "Worker Number": 0,
                                              "Sort Method": "quicksort",
                                              "Sort Space Used": 19927,
                                              "Sort Space Type": "Memory"
                                            },
                                            {
                                              "Worker Number": 1,
                                              "Sort Method": "quicksort",
                                              "Sort Space Used": 19958,
                                              "Sort Space Type": "Memory"
                                            },
                                            {
                                              "Worker Number": 2,
                                              "Sort Method": "quicksort",
                                              "Sort Space Used": 32678,
                                              "Sort Space Type": "Memory"
                                            },
                                            {
                                              "Worker Number": 3,
                                              "Sort Method": "quicksort",
                                              "Sort Space Used": 19741,
                                              "Sort Space Type": "Memory"
                                            }
                                          ],
                                          "Plans": [
                                            {
                                              "Node Type": "Seq Scan",
                                              "Parent Relationship": "Outer",
                                              "Parallel Aware": true,
                                              "Relation Name": "title",
                                              "Alias": "t",
                                              "Startup Cost": 0.0,
                                              "Total Cost": 45478.94,
                                              "Plan Rows": 272418,
                                              "Plan Width": 21,
                                              "Actual Startup Time": 0.056,
                                              "Actual Total Time": 183.507,
                                              "Actual Rows": 221578,
                                              "Actual Loops": 5,
                                              "Filter": "((production_year >= 2005) AND (production_year <= 2015))",
                                              "Rows Removed by Filter": 284085
                                            }
                                          ]
                                        },
                                        {
                                          "Node Type": "Sort",
                                          "Parent Relationship": "Inner",
                                          "Parallel Aware": false,
                                          "Startup Cost": 105789.14,
                                          "Total Cost": 106035.75,
                                          "Plan Rows": 98645,
                                          "Plan Width": 4,
                                          "Actual Startup Time": 1553.767,
                                          "Actual Total Time": 1659.405,
                                          "Actual Rows": 542096,
                                          "Actual Loops": 5,
                                          "Sort Key": [
                                            "mc.movie_id"
                                          ],
                                          "Sort Method": "quicksort",
                                          "Sort Space Used": 49987,
                                          "Sort Space Type": "Memory",
                                          "Workers": [
                                            {
                                              "Worker Number": 0,
                                              "Sort Method": "quicksort",
                                              "Sort Space Used": 49987,
                                              "Sort Space Type": "Memory"
                                            },
                                            {
                                              "Worker Number": 1,
                                              "Sort Method": "quicksort",
                                              "Sort Space Used": 49987,
                                              "Sort Space Type": "Memory"
                                            },
                                            {
                                              "Worker Number": 2,
                                              "Sort Method": "quicksort",
                                              "Sort Space Used": 49987,
                                              "Sort Space Type": "Memory"
                                            },
                                            {
                                              "Worker Number": 3,
                                              "Sort Method": "quicksort",
                                              "Sort Space Used": 49987,
                                              "Sort Space Type": "Memory"
                                            }
                                          ],
                                          "Plans": [
                                            {
                                              "Node Type": "Merge Join",
                                              "Parent Relationship": "Outer",
                                              "Parallel Aware": false,
                                              "Join Type": "Inner",
                                              "Startup Cost": 82573.17,
                                              "Total Cost": 97606.55,
                                              "Plan Rows": 98645,
                                              "Plan Width": 4,
                                              "Actual Startup Time": 898.026,
                                              "Actual Total Time": 1340.664,
                                              "Actual Rows": 542096,
                                              "Actual Loops": 5,
                                              "Inner Unique": false,
                                              "Merge Cond": "(cn.id = mc.company_id)",
                                              "Plans": [
                                                {
                                                  "Node Type": "Index Scan",
                                                  "Parent Relationship": "Outer",
                                                  "Parallel Aware": false,
                                                  "Scan Direction": "Forward",
                                                  "Index Name": "company_name_pkey",
                                                  "Relation Name": "company_name",
                                                  "Alias": "cn",
                                                  "Startup Cost": 0.42,
                                                  "Total Cost": 12474.79,
                                                  "Plan Rows": 84928,
                                                  "Plan Width": 4,
                                                  "Actual Startup Time": 0.064,
                                                  "Actual Total Time": 235.92,
                                                  "Actual Rows": 84448,
                                                  "Actual Loops": 5,
                                                  "Filter": "((country_code)::text = '[us]'::text)",
                                                  "Rows Removed by Filter": 148554
                                                },
                                                {
                                                  "Node Type": "Sort",
                                                  "Parent Relationship": "Inner",
                                                  "Parallel Aware": false,
                                                  "Startup Cost": 82572.26,
                                                  "Total Cost": 83254.64,
                                                  "Plan Rows": 272953,
                                                  "Plan Width": 8,
                                                  "Actual Startup Time": 897.952,
                                                  "Actual Total Time": 1004.303,
                                                  "Actual Rows": 590994,
                                                  "Actual Loops": 5,
                                                  "Sort Key": [
                                                    "mc.company_id"
                                                  ],
                                                  "Sort Method": "quicksort",
                                                  "Sort Space Used": 52279,
                                                  "Sort Space Type": "Memory",
                                                  "Workers": [
                                                    {
                                                      "Worker Number": 0,
                                                      "Sort Method": "quicksort",
                                                      "Sort Space Used": 52279,
                                                      "Sort Space Type": "Memory"
                                                    },
                                                    {
                                                      "Worker Number": 1,
                                                      "Sort Method": "quicksort",
                                                      "Sort Space Used": 52279,
                                                      "Sort Space Type": "Memory"
                                                    },
                                                    {
                                                      "Worker Number": 2,
                                                      "Sort Method": "quicksort",
                                                      "Sort Space Used": 52279,
                                                      "Sort Space Type": "Memory"
                                                    },
                                                    {
                                                      "Worker Number": 3,
                                                      "Sort Method": "quicksort",
                                                      "Sort Space Used": 52279,
                                                      "Sort Space Type": "Memory"
                                                    }
                                                  ],
                                                  "Plans": [
                                                    {
                                                      "Node Type": "Seq Scan",
                                                      "Parent Relationship": "Outer",
                                                      "Parallel Aware": false,
                                                      "Relation Name": "movie_companies",
                                                      "Alias": "mc",
                                                      "Startup Cost": 0.0,
                                                      "Total Cost": 57926.93,
                                                      "Plan Rows": 272953,
                                                      "Plan Width": 8,
                                                      "Actual Startup Time": 0.055,
                                                      "Actual Total Time": 706.401,
                                                      "Actual Rows": 590994,
                                                      "Actual Loops": 5,
                                                      "Filter": "((note IS NOT NULL) AND ((note ~~ '%(USA)%'::text) OR (note ~~ '%(worldwide)%'::text)))",
                                                      "Rows Removed by Filter": 2018135
                                                    }
                                                  ]
                                                }
                                              ]
                                            }
                                          ]
                                        }
                                      ]
                                    }
                                  ]
                                },
                                {
                                  "Node Type": "Sort",
                                  "Parent Relationship": "Inner",
                                  "Parallel Aware": false,
                                  "Startup Cost": 371196.84,
                                  "Total Cost": 371381.17,
                                  "Plan Rows": 73732,
                                  "Plan Width": 12,
                                  "Actual Startup Time": 1875.171,
                                  "Actual Total Time": 1908.209,
                                  "Actual Rows": 285468,
                                  "Actual Loops": 1,
                                  "Sort Key": [
                                    "ci.movie_id"
                                  ],
                                  "Sort Method": "quicksort",
                                  "Sort Space Used": 25234,
                                  "Sort Space Type": "Memory",
                                  "Plans": [
                                    {
                                      "Node Type": "Gather",
                                      "Parent Relationship": "Outer",
                                      "Parallel Aware": false,
                                      "Startup Cost": 357002.19,
                                      "Total Cost": 365235.6,
                                      "Plan Rows": 73732,
                                      "Plan Width": 12,
                                      "Actual Startup Time": 1754.242,
                                      "Actual Total Time": 1799.333,
                                      "Actual Rows": 276166,
                                      "Actual Loops": 1,
                                      "Workers Planned": 6,
                                      "Workers Launched": 3,
                                      "Single Copy": false,
                                      "Plans": [
                                        {
                                          "Node Type": "Merge Join",
                                          "Parent Relationship": "Outer",
                                          "Parallel Aware": false,
                                          "Join Type": "Inner",
                                          "Startup Cost": 356002.19,
                                          "Total Cost": 356862.4,
                                          "Plan Rows": 12289,
                                          "Plan Width": 12,
                                          "Actual Startup Time": 1744.733,
                                          "Actual Total Time": 1757.186,
                                          "Actual Rows": 69042,
                                          "Actual Loops": 4,
                                          "Inner Unique": true,
                                          "Merge Cond": "(ci.role_id = rt.id)",
                                          "Plans": [
                                            {
                                              "Node Type": "Sort",
                                              "Parent Relationship": "Outer",
                                              "Parallel Aware": false,
                                              "Startup Cost": 356001.03,
                                              "Total Cost": 356369.69,
                                              "Plan Rows": 147464,
                                              "Plan Width": 16,
                                              "Actual Startup Time": 1728.978,
                                              "Actual Total Time": 1738.751,
                                              "Actual Rows": 216782,
                                              "Actual Loops": 4,
                                              "Sort Key": [
                                                "ci.role_id"
                                              ],
                                              "Sort Method": "quicksort",
                                              "Sort Space Used": 16687,
                                              "Sort Space Type": "Memory",
                                              "Workers": [
                                                {
                                                  "Worker Number": 0,
                                                  "Sort Method": "quicksort",
                                                  "Sort Space Used": 17111,
                                                  "Sort Space Type": "Memory"
                                                },
                                                {
                                                  "Worker Number": 1,
                                                  "Sort Method": "quicksort",
                                                  "Sort Space Used": 14155,
                                                  "Sort Space Type": "Memory"
                                                },
                                                {
                                                  "Worker Number": 2,
                                                  "Sort Method": "quicksort",
                                                  "Sort Space Used": 17289,
                                                  "Sort Space Type": "Memory"
                                                }
                                              ],
                                              "Plans": [
                                                {
                                                  "Node Type": "Seq Scan",
                                                  "Parent Relationship": "Outer",
                                                  "Parallel Aware": true,
                                                  "Relation Name": "cast_info",
                                                  "Alias": "ci",
                                                  "Startup Cost": 0.0,
                                                  "Total Cost": 343341.24,
                                                  "Plan Rows": 147464,
                                                  "Plan Width": 16,
                                                  "Actual Startup Time": 0.132,
                                                  "Actual Total Time": 1677.481,
                                                  "Actual Rows": 216869,
                                                  "Actual Loops": 4,
                                                  "Filter": "(note = ANY ('{(voice),\"(voice: Japanese version)\",\"(voice) (uncredited)\",\"(voice: English version)\"}'::text[]))",
                                                  "Rows Removed by Filter": 8844217
                                                }
                                              ]
                                            },
                                            {
                                              "Node Type": "Sort",
                                              "Parent Relationship": "Inner",
                                              "Parallel Aware": false,
                                              "Startup Cost": 1.16,
                                              "Total Cost": 1.16,
                                              "Plan Rows": 1,
                                              "Plan Width": 4,
                                              "Actual Startup Time": 0.116,
                                              "Actual Total Time": 0.119,
                                              "Actual Rows": 1,
                                              "Actual Loops": 4,
                                              "Sort Key": [
                                                "rt.id"
                                              ],
                                              "Sort Method": "quicksort",
                                              "Sort Space Used": 25,
                                              "Sort Space Type": "Memory",
                                              "Workers": [
                                                {
                                                  "Worker Number": 0,
                                                  "Sort Method": "quicksort",
                                                  "Sort Space Used": 25,
                                                  "Sort Space Type": "Memory"
                                                },
                                                {
                                                  "Worker Number": 1,
                                                  "Sort Method": "quicksort",
                                                  "Sort Space Used": 25,
                                                  "Sort Space Type": "Memory"
                                                },
                                                {
                                                  "Worker Number": 2,
                                                  "Sort Method": "quicksort",
                                                  "Sort Space Used": 25,
                                                  "Sort Space Type": "Memory"
                                                }
                                              ],
                                              "Plans": [
                                                {
                                                  "Node Type": "Seq Scan",
                                                  "Parent Relationship": "Outer",
                                                  "Parallel Aware": false,
                                                  "Relation Name": "role_type",
                                                  "Alias": "rt",
                                                  "Startup Cost": 0.0,
                                                  "Total Cost": 1.15,
                                                  "Plan Rows": 1,
                                                  "Plan Width": 4,
                                                  "Actual Startup Time": 0.088,
                                                  "Actual Total Time": 0.09,
                                                  "Actual Rows": 1,
                                                  "Actual Loops": 4,
                                                  "Filter": "((role)::text = 'actress'::text)",
                                                  "Rows Removed by Filter": 11
                                                }
                                              ]
                                            }
                                          ]
                                        }
                                      ]
                                    }
                                  ]
                                }
                              ]
                            }
                          ]
                        }
                      ]
                    },
                    {
                      "Node Type": "Sort",
                      "Parent Relationship": "Inner",
                      "Parallel Aware": false,
                      "Startup Cost": 72253.44,
                      "Total Cost": 72253.68,
                      "Plan Rows": 95,
                      "Plan Width": 4,
                      "Actual Startup Time": 296.285,
                      "Actual Total Time": 296.949,
                      "Actual Rows": 6768,
                      "Actual Loops": 1,
                      "Sort Key": [
                        "n.id"
                      ],
                      "Sort Method": "quicksort",
                      "Sort Space Used": 510,
                      "Sort Space Type": "Memory",
                      "Plans": [
                        {
                          "Node Type": "Gather",
                          "Parent Relationship": "Outer",
                          "Parallel Aware": false,
                          "Startup Cost": 1000.0,
                          "Total Cost": 72250.32,
                          "Plan Rows": 95,
                          "Plan Width": 4,
                          "Actual Startup Time": 125.157,
                          "Actual Total Time": 294.365,
                          "Actual Rows": 6768,
                          "Actual Loops": 1,
                          "Workers Planned": 4,
                          "Workers Launched": 4,
                          "Single Copy": false,
                          "Plans": [
                            {
                              "Node Type": "Seq Scan",
                              "Parent Relationship": "Outer",
                              "Parallel Aware": true,
                              "Relation Name": "name",
                              "Alias": "n",
                              "Startup Cost": 0.0,
                              "Total Cost": 71240.82,
                              "Plan Rows": 24,
                              "Plan Width": 4,
                              "Actual Startup Time": 117.996,
                              "Actual Total Time": 287.031,
                              "Actual Rows": 1354,
                              "Actual Loops": 5,
                              "Filter": "((name ~~ '%Ang%'::text) AND ((gender)::text = 'f'::text))",
                              "Rows Removed by Filter": 832145
                            }
                          ]
                        }
                      ]
                    }
                  ]
                }
              ]
            }
          ]
        }
      ]
    },
    "Planning Time": 18.784,
    "Triggers": [],
    "Execution Time": 6619.765
  }
]