[
  {
    "Plan": {
      "Node Type": "Aggregate",
      "Strategy": "Plain",
      "Partial Mode": "Finalize",
      "Parallel Aware": false,
      "Startup Cost": 347694.38,
      "Total Cost": 347694.39,
      "Plan Rows": 1,
      "Plan Width": 8,
      "Actual Startup Time": 792.725,
      "Actual Total Time": 840.738,
      "Actual Rows": 1,
      "Actual Loops": 1,
      "Plans": [
        {
          "Node Type": "Gather",
          "Parent Relationship": "Outer",
          "Parallel Aware": false,
          "Startup Cost": 347693.76,
          "Total Cost": 347694.36,
          "Plan Rows": 6,
          "Plan Width": 8,
          "Actual Startup Time": 792.568,
          "Actual Total Time": 840.726,
          "Actual Rows": 7,
          "Actual Loops": 1,
          "Workers Planned": 6,
          "Workers Launched": 6,
          "Single Copy": false,
          "Plans": [
            {
              "Node Type": "Aggregate",
              "Strategy": "Plain",
              "Partial Mode": "Partial",
              "Parent Relationship": "Outer",
              "Parallel Aware": false,
              "Startup Cost": 346693.76,
              "Total Cost": 346693.77,
              "Plan Rows": 1,
              "Plan Width": 8,
              "Actual Startup Time": 785.352,
              "Actual Total Time": 785.353,
              "Actual Rows": 1,
              "Actual Loops": 7,
              "Plans": [
                {
                  "Node Type": "Seq Scan",
                  "Parent Relationship": "Outer",
                  "Parallel Aware": true,
                  "Relation Name": "cast_info",
                  "Alias": "ci",
                  "Startup Cost": 0.0,
                  "Total Cost": 343316.27,
                  "Plan Rows": 1350994,
                  "Plan Width": 0,
                  "Actual Startup Time": 0.05,
                  "Actual Total Time": 706.659,
                  "Actual Rows": 1511352,
                  "Actual Loops": 7,
                  "Filter": "((person_id < 1445767) AND (role_id < 3))",
                  "Rows Removed by Filter": 3666411
                }
              ]
            }
          ]
        }
      ]
    },
    "Planning Time": 0.098,
    "Triggers": [],
    "Execution Time": 840.779
  }
]