[
  {
    "Plan": {
      "Node Type": "Aggregate",
      "Strategy": "Plain",
      "Partial Mode": "Finalize",
      "Parallel Aware": false,
      "Startup Cost": 118822.68,
      "Total Cost": 118822.69,
      "Plan Rows": 1,
      "Plan Width": 8,
      "Actual Startup Time": 675.29,
      "Actual Total Time": 697.971,
      "Actual Rows": 1,
      "Actual Loops": 1,
      "Plans": [
        {
          "Node Type": "Gather",
          "Parent Relationship": "Outer",
          "Parallel Aware": false,
          "Startup Cost": 118822.37,
          "Total Cost": 118822.68,
          "Plan Rows": 3,
          "Plan Width": 8,
          "Actual Startup Time": 671.211,
          "Actual Total Time": 697.962,
          "Actual Rows": 4,
          "Actual Loops": 1,
          "Workers Planned": 3,
          "Workers Launched": 3,
          "Single Copy": false,
          "Plans": [
            {
              "Node Type": "Aggregate",
              "Strategy": "Plain",
              "Partial Mode": "Partial",
              "Parent Relationship": "Outer",
              "Parallel Aware": false,
              "Startup Cost": 117822.37,
              "Total Cost": 117822.38,
              "Plan Rows": 1,
              "Plan Width": 8,
              "Actual Startup Time": 664.418,
              "Actual Total Time": 664.423,
              "Actual Rows": 1,
              "Actual Loops": 4,
              "Plans": [
                {
                  "Node Type": "Nested Loop",
                  "Parent Relationship": "Outer",
                  "Parallel Aware": false,
                  "Join Type": "Inner",
                  "Startup Cost": 59448.66,
                  "Total Cost": 117797.06,
                  "Plan Rows": 10122,
                  "Plan Width": 0,
                  "Actual Startup Time": 196.095,
                  "Actual Total Time": 661.284,
                  "Actual Rows": 43708,
                  "Actual Loops": 4,
                  "Inner Unique": false,
                  "Join Filter": "(t.id = mc.movie_id)",
                  "Rows Removed by Join Filter": 0,
                  "Plans": [
                    {
                      "Node Type": "Hash Join",
                      "Parent Relationship": "Outer",
                      "Parallel Aware": true,
                      "Join Type": "Inner",
                      "Startup Cost": 59448.23,
                      "Total Cost": 86710.2,
                      "Plan Rows": 41352,
                      "Plan Width": 8,
                      "Actual Startup Time": 195.977,
                      "Actual Total Time": 287.017,
                      "Actual Rows": 90027,
                      "Actual Loops": 4,
                      "Inner Unique": true,
                      "Hash Cond": "(mk.movie_id = t.id)",
                      "Plans": [
                        {
                          "Node Type": "Bitmap Heap Scan",
                          "Parent Relationship": "Outer",
                          "Parallel Aware": true,
                          "Relation Name": "movie_keyword",
                          "Alias": "mk",
                          "Startup Cost": 12208.7,
                          "Total Cost": 38983.33,
                          "Plan Rows": 185651,
                          "Plan Width": 4,
                          "Actual Startup Time": 41.496,
                          "Actual Total Time": 92.228,
                          "Actual Rows": 143742,
                          "Actual Loops": 4,
                          "Recheck Cond": "(keyword_id > 31924)",
                          "Rows Removed by Index Recheck": 0,
                          "Exact Heap Blocks": 6453,
                          "Lossy Heap Blocks": 0,
                          "Plans": [
                            {
                              "Node Type": "Bitmap Index Scan",
                              "Parent Relationship": "Outer",
                              "Parallel Aware": false,
                              "Index Name": "keyword_id_movie_keyword",
                              "Startup Cost": 0.0,
                              "Total Cost": 12064.82,
                              "Plan Rows": 575518,
                              "Plan Width": 0,
                              "Actual Startup Time": 37.947,
                              "Actual Total Time": 37.948,
                              "Actual Rows": 574970,
                              "Actual Loops": 1,
                              "Index Cond": "(keyword_id > 31924)"
                            }
                          ]
                        },
                        {
                          "Node Type": "Hash",
                          "Parent Relationship": "Inner",
                          "Parallel Aware": true,
                          "Startup Cost": 45479.59,
                          "Total Cost": 45479.59,
                          "Plan Rows": 140796,
                          "Plan Width": 4,
                          "Actual Startup Time": 151.447,
                          "Actual Total Time": 151.448,
                          "Actual Rows": 160446,
                          "Actual Loops": 4,
                          "Hash Buckets": 1048576,
                          "Original Hash Buckets": 1048576,
                          "Hash Batches": 1,
                          "Original Hash Batches": 1,
                          "Peak Memory Usage": 33376,
                          "Plans": [
                            {
                              "Node Type": "Seq Scan",
                              "Parent Relationship": "Outer",
                              "Parallel Aware": true,
                              "Relation Name": "title",
                              "Alias": "t",
                              "Startup Cost": 0.0,
                              "Total Cost": 45479.59,
                              "Plan Rows": 140796,
                              "Plan Width": 4,
                              "Actual Startup Time": 0.041,
                              "Actual Total Time": 97.181,
                              "Actual Rows": 160446,
                              "Actual Loops": 4,
                              "Filter": "((kind_id < 7) AND (production_year < 2006))",
                              "Rows Removed by Filter": 471632
                            }
                          ]
                        }
                      ]
                    },
                    {
                      "Node Type": "Index Scan",
                      "Parent Relationship": "Inner",
                      "Parallel Aware": false,
                      "Scan Direction": "Forward",
                      "Index Name": "movie_id_movie_companies",
                      "Relation Name": "movie_companies",
                      "Alias": "mc",
                      "Startup Cost": 0.43,
                      "Total Cost": 0.74,
                      "Plan Rows": 1,
                      "Plan Width": 4,
                      "Actual Startup Time": 0.004,
                      "Actual Total Time": 0.004,
                      "Actual Rows": 0,
                      "Actual Loops": 360109,
                      "Index Cond": "(movie_id = mk.movie_id)",
                      "Rows Removed by Index Recheck": 0,
                      "Filter": "((company_id < 11138) AND (company_type_id > 1))",
                      "Rows Removed by Filter": 8
                    }
                  ]
                }
              ]
            }
          ]
        }
      ]
    },
    "Planning Time": 0.543,
    "Triggers": [],
    "Execution Time": 698.029
  }
]