[
    {
        "Bao": {
            "Bao prediction": 512.625,
            "Bao recommended hint": "(no hint)"
        }
    },
    {
        "Plan": {
            "Node Type": "Aggregate",
            "Strategy": "Plain",
            "Partial Mode": "Finalize",
            "Parallel Aware": false,
            "Startup Cost": 355130.29,
            "Total Cost": 355130.3,
            "Plan Rows": 1,
            "Plan Width": 8,
            "Actual Startup Time": 966.931,
            "Actual Total Time": 999.398,
            "Actual Rows": 1,
            "Actual Loops": 1,
            "Output": [
                "count(*)"
            ],
            "Plans": [
                {
                    "Node Type": "Gather",
                    "Parent Relationship": "Outer",
                    "Parallel Aware": false,
                    "Startup Cost": 355129.67,
                    "Total Cost": 355130.28,
                    "Plan Rows": 6,
                    "Plan Width": 8,
                    "Actual Startup Time": 966.711,
                    "Actual Total Time": 999.295,
                    "Actual Rows": 7,
                    "Actual Loops": 1,
                    "Output": [
                        "(PARTIAL count(*))"
                    ],
                    "Workers Planned": 6,
                    "Workers Launched": 6,
                    "Single Copy": false,
                    "Plans": [
                        {
                            "Node Type": "Aggregate",
                            "Strategy": "Plain",
                            "Partial Mode": "Partial",
                            "Parent Relationship": "Outer",
                            "Parallel Aware": false,
                            "Startup Cost": 354129.67,
                            "Total Cost": 354129.68,
                            "Plan Rows": 1,
                            "Plan Width": 8,
                            "Actual Startup Time": 958.112,
                            "Actual Total Time": 958.113,
                            "Actual Rows": 1,
                            "Actual Loops": 7,
                            "Output": [
                                "PARTIAL count(*)"
                            ],
                            "Workers": [
                                {
                                    "Worker Number": 0,
                                    "Actual Startup Time": 955.327,
                                    "Actual Total Time": 955.328,
                                    "Actual Rows": 1,
                                    "Actual Loops": 1
                                },
                                {
                                    "Worker Number": 1,
                                    "Actual Startup Time": 955.421,
                                    "Actual Total Time": 955.422,
                                    "Actual Rows": 1,
                                    "Actual Loops": 1
                                },
                                {
                                    "Worker Number": 2,
                                    "Actual Startup Time": 960.699,
                                    "Actual Total Time": 960.7,
                                    "Actual Rows": 1,
                                    "Actual Loops": 1
                                },
                                {
                                    "Worker Number": 3,
                                    "Actual Startup Time": 956.332,
                                    "Actual Total Time": 956.333,
                                    "Actual Rows": 1,
                                    "Actual Loops": 1
                                },
                                {
                                    "Worker Number": 4,
                                    "Actual Startup Time": 956.387,
                                    "Actual Total Time": 956.387,
                                    "Actual Rows": 1,
                                    "Actual Loops": 1
                                },
                                {
                                    "Worker Number": 5,
                                    "Actual Startup Time": 956.726,
                                    "Actual Total Time": 956.727,
                                    "Actual Rows": 1,
                                    "Actual Loops": 1
                                }
                            ],
                            "Plans": [
                                {
                                    "Node Type": "Seq Scan",
                                    "Parent Relationship": "Outer",
                                    "Parallel Aware": true,
                                    "Relation Name": "cast_info",
                                    "Schema": "public",
                                    "Alias": "ci",
                                    "Startup Cost": 0.0,
                                    "Total Cost": 343318.94,
                                    "Plan Rows": 4324291,
                                    "Plan Width": 0,
                                    "Actual Startup Time": 46.08,
                                    "Actual Total Time": 767.477,
                                    "Actual Rows": 3656052,
                                    "Actual Loops": 7,
                                    "Output": [
                                        "id",
                                        "person_id",
                                        "movie_id",
                                        "person_role_id",
                                        "note",
                                        "nr_order",
                                        "role_id"
                                    ],
                                    "Filter": "((ci.person_id > 238439) AND (ci.role_id < 6))",
                                    "Rows Removed by Filter": 1521711,
                                    "Workers": [
                                        {
                                            "Worker Number": 0,
                                            "Actual Startup Time": 43.283,
                                            "Actual Total Time": 765.989,
                                            "Actual Rows": 2868896,
                                            "Actual Loops": 1
                                        },
                                        {
                                            "Worker Number": 1,
                                            "Actual Startup Time": 43.383,
                                            "Actual Total Time": 766.609,
                                            "Actual Rows": 2864434,
                                            "Actual Loops": 1
                                        },
                                        {
                                            "Worker Number": 2,
                                            "Actual Startup Time": 48.674,
                                            "Actual Total Time": 774.402,
                                            "Actual Rows": 4225478,
                                            "Actual Loops": 1
                                        },
                                        {
                                            "Worker Number": 3,
                                            "Actual Startup Time": 44.317,
                                            "Actual Total Time": 766.525,
                                            "Actual Rows": 2874229,
                                            "Actual Loops": 1
                                        },
                                        {
                                            "Worker Number": 4,
                                            "Actual Startup Time": 44.349,
                                            "Actual Total Time": 768.595,
                                            "Actual Rows": 4598965,
                                            "Actual Loops": 1
                                        },
                                        {
                                            "Worker Number": 5,
                                            "Actual Startup Time": 44.704,
                                            "Actual Total Time": 768.404,
                                            "Actual Rows": 2857298,
                                            "Actual Loops": 1
                                        }
                                    ]
                                }
                            ]
                        }
                    ]
                }
            ]
        },
        "Planning Time": 305.987,
        "Triggers": [],
        "Execution Time": 999.504
    }
]