{
    "Plan": {
        "Node Type": "Aggregate",
        "Strategy": "Plain",
        "Partial Mode": "Simple",
        "Parallel Aware": false,
        "Startup Cost": 80000949909.57,
        "Total Cost": 80000949909.58,
        "Plan Rows": 1,
        "Plan Width": 64,
        "Actual Startup Time": 4036.927,
        "Actual Total Time": 4036.947,
        "Actual Rows": 1,
        "Actual Loops": 1,
        "Output": [
            "min(n.name)",
            "min(t.title)"
        ],
        "Plans": [
            {
                "Node Type": "Nested Loop",
                "Parent Relationship": "Outer",
                "Parallel Aware": false,
                "Join Type": "Inner",
                "Startup Cost": 80000934200.3,
                "Total Cost": 80000949909.56,
                "Plan Rows": 1,
                "Plan Width": 32,
                "Actual Startup Time": 4036.552,
                "Actual Total Time": 4036.927,
                "Actual Rows": 26,
                "Actual Loops": 1,
                "Output": [
                    "n.name",
                    "t.title"
                ],
                "Inner Unique": true,
                "Plans": [
                    {
                        "Node Type": "Nested Loop",
                        "Parent Relationship": "Outer",
                        "Parallel Aware": false,
                        "Join Type": "Inner",
                        "Startup Cost": 70000934199.86,
                        "Total Cost": 70000949905.11,
                        "Plan Rows": 1,
                        "Plan Width": 36,
                        "Actual Startup Time": 4036.516,
                        "Actual Total Time": 4036.778,
                        "Actual Rows": 26,
                        "Actual Loops": 1,
                        "Output": [
                            "mc.company_id",
                            "n.name",
                            "t.title"
                        ],
                        "Inner Unique": false,
                        "Join Filter": "(t.id = mc.movie_id)",
                        "Rows Removed by Join Filter": 0,
                        "Plans": [
                            {
                                "Node Type": "Merge Join",
                                "Parent Relationship": "Outer",
                                "Parallel Aware": false,
                                "Join Type": "Inner",
                                "Startup Cost": 60000934199.37,
                                "Total Cost": 60000949900.53,
                                "Plan Rows": 1,
                                "Plan Width": 44,
                                "Actual Startup Time": 4036.436,
                                "Actual Total Time": 4036.473,
                                "Actual Rows": 26,
                                "Actual Loops": 1,
                                "Output": [
                                    "ci.movie_id",
                                    "mi.movie_id",
                                    "n.name",
                                    "t.title",
                                    "t.id"
                                ],
                                "Inner Unique": false,
                                "Merge Cond": "(ci.person_role_id = chn.id)",
                                "Plans": [
                                    {
                                        "Node Type": "Sort",
                                        "Parent Relationship": "Outer",
                                        "Parallel Aware": false,
                                        "Startup Cost": 50000527480.34,
                                        "Total Cost": 50000527480.35,
                                        "Plan Rows": 1,
                                        "Plan Width": 48,
                                        "Actual Startup Time": 2969.646,
                                        "Actual Total Time": 2969.667,
                                        "Actual Rows": 26,
                                        "Actual Loops": 1,
                                        "Output": [
                                            "ci.movie_id",
                                            "ci.person_role_id",
                                            "mi.movie_id",
                                            "n.name",
                                            "t.title",
                                            "t.id"
                                        ],
                                        "Sort Key": [
                                            "ci.person_role_id"
                                        ],
                                        "Sort Method": "quicksort",
                                        "Sort Space Used": 27,
                                        "Sort Space Type": "Memory",
                                        "Plans": [
                                            {
                                                "Node Type": "Hash Join",
                                                "Parent Relationship": "Outer",
                                                "Parallel Aware": false,
                                                "Join Type": "Inner",
                                                "Startup Cost": 50000503690.85,
                                                "Total Cost": 50000527480.33,
                                                "Plan Rows": 1,
                                                "Plan Width": 48,
                                                "Actual Startup Time": 2873.834,
                                                "Actual Total Time": 2969.644,
                                                "Actual Rows": 26,
                                                "Actual Loops": 1,
                                                "Output": [
                                                    "ci.movie_id",
                                                    "ci.person_role_id",
                                                    "mi.movie_id",
                                                    "n.name",
                                                    "t.title",
                                                    "t.id"
                                                ],
                                                "Inner Unique": true,
                                                "Hash Cond": "(mi.movie_id = t.id)",
                                                "Plans": [
                                                    {
                                                        "Node Type": "Hash Join",
                                                        "Parent Relationship": "Outer",
                                                        "Parallel Aware": false,
                                                        "Join Type": "Inner",
                                                        "Startup Cost": 50000371096.52,
                                                        "Total Cost": 50000394886.0,
                                                        "Plan Rows": 1,
                                                        "Plan Width": 27,
                                                        "Actual Startup Time": 1422.354,
                                                        "Actual Total Time": 1518.144,
                                                        "Actual Rows": 26,
                                                        "Actual Loops": 1,
                                                        "Output": [
                                                            "ci.movie_id",
                                                            "ci.person_role_id",
                                                            "mi.movie_id",
                                                            "n.name"
                                                        ],
                                                        "Inner Unique": false,
                                                        "Hash Cond": "(an.person_id = n.id)",
                                                        "Plans": [
                                                            {
                                                                "Node Type": "Seq Scan",
                                                                "Parent Relationship": "Outer",
                                                                "Parallel Aware": false,
                                                                "Relation Name": "aka_name",
                                                                "Schema": "public",
                                                                "Alias": "an",
                                                                "Startup Cost": 10000000000.0,
                                                                "Total Cost": 10000020409.43,
                                                                "Plan Rows": 901343,
                                                                "Plan Width": 4,
                                                                "Actual Startup Time": 0.017,
                                                                "Actual Total Time": 100.796,
                                                                "Actual Rows": 901343,
                                                                "Actual Loops": 1,
                                                                "Output": [
                                                                    "an.id",
                                                                    "an.person_id",
                                                                    "an.name",
                                                                    "an.imdb_index",
                                                                    "an.name_pcode_cf",
                                                                    "an.name_pcode_nf",
                                                                    "an.surname_pcode",
                                                                    "an.md5sum"
                                                                ]
                                                            },
                                                            {
                                                                "Node Type": "Hash",
                                                                "Parent Relationship": "Inner",
                                                                "Parallel Aware": false,
                                                                "Startup Cost": 40000371096.51,
                                                                "Total Cost": 40000371096.51,
                                                                "Plan Rows": 1,
                                                                "Plan Width": 35,
                                                                "Actual Startup Time": 1364.533,
                                                                "Actual Total Time": 1364.545,
                                                                "Actual Rows": 13,
                                                                "Actual Loops": 1,
                                                                "Output": [
                                                                    "ci.movie_id",
                                                                    "ci.person_id",
                                                                    "ci.person_role_id",
                                                                    "mi.movie_id",
                                                                    "n.name",
                                                                    "n.id"
                                                                ],
                                                                "Hash Buckets": 1024,
                                                                "Original Hash Buckets": 1024,
                                                                "Hash Batches": 1,
                                                                "Original Hash Batches": 1,
                                                                "Peak Memory Usage": 9,
                                                                "Plans": [
                                                                    {
                                                                        "Node Type": "Hash Join",
                                                                        "Parent Relationship": "Outer",
                                                                        "Parallel Aware": false,
                                                                        "Join Type": "Inner",
                                                                        "Startup Cost": 40000371095.34,
                                                                        "Total Cost": 40000371096.51,
                                                                        "Plan Rows": 1,
                                                                        "Plan Width": 35,
                                                                        "Actual Startup Time": 1364.515,
                                                                        "Actual Total Time": 1364.534,
                                                                        "Actual Rows": 13,
                                                                        "Actual Loops": 1,
                                                                        "Output": [
                                                                            "ci.movie_id",
                                                                            "ci.person_id",
                                                                            "ci.person_role_id",
                                                                            "mi.movie_id",
                                                                            "n.name",
                                                                            "n.id"
                                                                        ],
                                                                        "Inner Unique": false,
                                                                        "Hash Cond": "(rt.id = ci.role_id)",
                                                                        "Plans": [
                                                                            {
                                                                                "Node Type": "Seq Scan",
                                                                                "Parent Relationship": "Outer",
                                                                                "Parallel Aware": false,
                                                                                "Relation Name": "role_type",
                                                                                "Schema": "public",
                                                                                "Alias": "rt",
                                                                                "Startup Cost": 10000000000.0,
                                                                                "Total Cost": 10000000001.15,
                                                                                "Plan Rows": 1,
                                                                                "Plan Width": 4,
                                                                                "Actual Startup Time": 0.01,
                                                                                "Actual Total Time": 0.015,
                                                                                "Actual Rows": 1,
                                                                                "Actual Loops": 1,
                                                                                "Output": [
                                                                                    "rt.id",
                                                                                    "rt.role"
                                                                                ],
                                                                                "Filter": "((rt.role)::text = 'actress'::text)",
                                                                                "Rows Removed by Filter": 11
                                                                            },
                                                                            {
                                                                                "Node Type": "Hash",
                                                                                "Parent Relationship": "Inner",
                                                                                "Parallel Aware": false,
                                                                                "Startup Cost": 30000371095.33,
                                                                                "Total Cost": 30000371095.33,
                                                                                "Plan Rows": 1,
                                                                                "Plan Width": 39,
                                                                                "Actual Startup Time": 1364.493,
                                                                                "Actual Total Time": 1364.501,
                                                                                "Actual Rows": 13,
                                                                                "Actual Loops": 1,
                                                                                "Output": [
                                                                                    "ci.movie_id",
                                                                                    "ci.person_id",
                                                                                    "ci.role_id",
                                                                                    "ci.person_role_id",
                                                                                    "mi.movie_id",
                                                                                    "n.name",
                                                                                    "n.id"
                                                                                ],
                                                                                "Hash Buckets": 1024,
                                                                                "Original Hash Buckets": 1024,
                                                                                "Hash Batches": 1,
                                                                                "Original Hash Batches": 1,
                                                                                "Peak Memory Usage": 9,
                                                                                "Plans": [
                                                                                    {
                                                                                        "Node Type": "Nested Loop",
                                                                                        "Parent Relationship": "Outer",
                                                                                        "Parallel Aware": false,
                                                                                        "Join Type": "Inner",
                                                                                        "Startup Cost": 30000000013.79,
                                                                                        "Total Cost": 30000371095.33,
                                                                                        "Plan Rows": 1,
                                                                                        "Plan Width": 39,
                                                                                        "Actual Startup Time": 723.324,
                                                                                        "Actual Total Time": 1364.486,
                                                                                        "Actual Rows": 13,
                                                                                        "Actual Loops": 1,
                                                                                        "Output": [
                                                                                            "ci.movie_id",
                                                                                            "ci.person_id",
                                                                                            "ci.role_id",
                                                                                            "ci.person_role_id",
                                                                                            "mi.movie_id",
                                                                                            "n.name",
                                                                                            "n.id"
                                                                                        ],
                                                                                        "Inner Unique": true,
                                                                                        "Plans": [
                                                                                            {
                                                                                                "Node Type": "Nested Loop",
                                                                                                "Parent Relationship": "Outer",
                                                                                                "Parallel Aware": false,
                                                                                                "Join Type": "Inner",
                                                                                                "Startup Cost": 20000000013.64,
                                                                                                "Total Cost": 20000370966.36,
                                                                                                "Plan Rows": 30,
                                                                                                "Plan Width": 43,
                                                                                                "Actual Startup Time": 723.308,
                                                                                                "Actual Total Time": 1364.419,
                                                                                                "Actual Rows": 13,
                                                                                                "Actual Loops": 1,
                                                                                                "Output": [
                                                                                                    "ci.movie_id",
                                                                                                    "ci.person_id",
                                                                                                    "ci.role_id",
                                                                                                    "ci.person_role_id",
                                                                                                    "mi.movie_id",
                                                                                                    "mi.info_type_id",
                                                                                                    "n.name",
                                                                                                    "n.id"
                                                                                                ],
                                                                                                "Inner Unique": false,
                                                                                                "Plans": [
                                                                                                    {
                                                                                                        "Node Type": "Nested Loop",
                                                                                                        "Parent Relationship": "Outer",
                                                                                                        "Parallel Aware": false,
                                                                                                        "Join Type": "Inner",
                                                                                                        "Startup Cost": 10000000012.83,
                                                                                                        "Total Cost": 10000370625.39,
                                                                                                        "Plan Rows": 62,
                                                                                                        "Plan Width": 35,
                                                                                                        "Actual Startup Time": 723.269,
                                                                                                        "Actual Total Time": 1364.21,
                                                                                                        "Actual Rows": 13,
                                                                                                        "Actual Loops": 1,
                                                                                                        "Output": [
                                                                                                            "ci.movie_id",
                                                                                                            "ci.person_id",
                                                                                                            "ci.role_id",
                                                                                                            "ci.person_role_id",
                                                                                                            "n.name",
                                                                                                            "n.id"
                                                                                                        ],
                                                                                                        "Inner Unique": false,
                                                                                                        "Plans": [
                                                                                                            {
                                                                                                                "Node Type": "Index Scan",
                                                                                                                "Parent Relationship": "Outer",
                                                                                                                "Parallel Aware": false,
                                                                                                                "Scan Direction": "Forward",
                                                                                                                "Index Name": "name_pkey",
                                                                                                                "Relation Name": "name",
                                                                                                                "Schema": "public",
                                                                                                                "Alias": "n",
                                                                                                                "Startup Cost": 0.43,
                                                                                                                "Total Cost": 199011.55,
                                                                                                                "Plan Rows": 94,
                                                                                                                "Plan Width": 19,
                                                                                                                "Actual Startup Time": 723.218,
                                                                                                                "Actual Total Time": 1364.142,
                                                                                                                "Actual Rows": 2,
                                                                                                                "Actual Loops": 1,
                                                                                                                "Output": [
                                                                                                                    "n.id",
                                                                                                                    "n.name",
                                                                                                                    "n.imdb_index",
                                                                                                                    "n.imdb_id",
                                                                                                                    "n.gender",
                                                                                                                    "n.name_pcode_cf",
                                                                                                                    "n.name_pcode_nf",
                                                                                                                    "n.surname_pcode",
                                                                                                                    "n.md5sum"
                                                                                                                ],
                                                                                                                "Filter": "((n.name ~~ '%Kop,%'::text) AND ((n.gender)::text = 'f'::text))",
                                                                                                                "Rows Removed by Filter": 4167489
                                                                                                            },
                                                                                                            {
                                                                                                                "Node Type": "Bitmap Heap Scan",
                                                                                                                "Parent Relationship": "Inner",
                                                                                                                "Parallel Aware": false,
                                                                                                                "Relation Name": "cast_info",
                                                                                                                "Schema": "public",
                                                                                                                "Alias": "ci",
                                                                                                                "Startup Cost": 12.4,
                                                                                                                "Total Cost": 1825.29,
                                                                                                                "Plan Rows": 39,
                                                                                                                "Plan Width": 16,
                                                                                                                "Actual Startup Time": 0.021,
                                                                                                                "Actual Total Time": 0.024,
                                                                                                                "Actual Rows": 6,
                                                                                                                "Actual Loops": 2,
                                                                                                                "Output": [
                                                                                                                    "ci.id",
                                                                                                                    "ci.person_id",
                                                                                                                    "ci.movie_id",
                                                                                                                    "ci.person_role_id",
                                                                                                                    "ci.note",
                                                                                                                    "ci.nr_order",
                                                                                                                    "ci.role_id"
                                                                                                                ],
                                                                                                                "Recheck Cond": "(ci.person_id = n.id)",
                                                                                                                "Rows Removed by Index Recheck": 0,
                                                                                                                "Filter": "(ci.note = ANY ('{(uncredited),(voice),(producer),\"(as Anya)\"}'::text[]))",
                                                                                                                "Rows Removed by Filter": 5,
                                                                                                                "Exact Heap Blocks": 2,
                                                                                                                "Lossy Heap Blocks": 0,
                                                                                                                "Plans": [
                                                                                                                    {
                                                                                                                        "Node Type": "Bitmap Index Scan",
                                                                                                                        "Parent Relationship": "Outer",
                                                                                                                        "Parallel Aware": false,
                                                                                                                        "Index Name": "person_id_cast_info",
                                                                                                                        "Startup Cost": 0.0,
                                                                                                                        "Total Cost": 12.39,
                                                                                                                        "Plan Rows": 510,
                                                                                                                        "Plan Width": 0,
                                                                                                                        "Actual Startup Time": 0.013,
                                                                                                                        "Actual Total Time": 0.013,
                                                                                                                        "Actual Rows": 12,
                                                                                                                        "Actual Loops": 2,
                                                                                                                        "Index Cond": "(ci.person_id = n.id)"
                                                                                                                    }
                                                                                                                ]
                                                                                                            }
                                                                                                        ]
                                                                                                    },
                                                                                                    {
                                                                                                        "Node Type": "Bitmap Heap Scan",
                                                                                                        "Parent Relationship": "Inner",
                                                                                                        "Parallel Aware": false,
                                                                                                        "Relation Name": "movie_info",
                                                                                                        "Schema": "public",
                                                                                                        "Alias": "mi",
                                                                                                        "Startup Cost": 0.81,
                                                                                                        "Total Cost": 5.49,
                                                                                                        "Plan Rows": 1,
                                                                                                        "Plan Width": 8,
                                                                                                        "Actual Startup Time": 0.008,
                                                                                                        "Actual Total Time": 0.013,
                                                                                                        "Actual Rows": 1,
                                                                                                        "Actual Loops": 13,
                                                                                                        "Output": [
                                                                                                            "mi.id",
                                                                                                            "mi.movie_id",
                                                                                                            "mi.info_type_id",
                                                                                                            "mi.info",
                                                                                                            "mi.note"
                                                                                                        ],
                                                                                                        "Recheck Cond": "(mi.movie_id = ci.movie_id)",
                                                                                                        "Rows Removed by Index Recheck": 0,
                                                                                                        "Filter": "((mi.info IS NOT NULL) AND ((mi.info ~~ 'Japan:%200%'::text) OR (mi.info ~~ 'USA:%200%'::text)))",
                                                                                                        "Rows Removed by Filter": 6,
                                                                                                        "Exact Heap Blocks": 69,
                                                                                                        "Lossy Heap Blocks": 0,
                                                                                                        "Plans": [
                                                                                                            {
                                                                                                                "Node Type": "Bitmap Index Scan",
                                                                                                                "Parent Relationship": "Outer",
                                                                                                                "Parallel Aware": false,
                                                                                                                "Index Name": "movie_id_movie_info",
                                                                                                                "Startup Cost": 0.0,
                                                                                                                "Total Cost": 0.81,
                                                                                                                "Plan Rows": 39,
                                                                                                                "Plan Width": 0,
                                                                                                                "Actual Startup Time": 0.005,
                                                                                                                "Actual Total Time": 0.005,
                                                                                                                "Actual Rows": 7,
                                                                                                                "Actual Loops": 13,
                                                                                                                "Index Cond": "(mi.movie_id = ci.movie_id)"
                                                                                                            }
                                                                                                        ]
                                                                                                    }
                                                                                                ]
                                                                                            },
                                                                                            {
                                                                                                "Node Type": "Bitmap Heap Scan",
                                                                                                "Parent Relationship": "Inner",
                                                                                                "Parallel Aware": false,
                                                                                                "Relation Name": "info_type",
                                                                                                "Schema": "public",
                                                                                                "Alias": "it",
                                                                                                "Startup Cost": 0.15,
                                                                                                "Total Cost": 4.17,
                                                                                                "Plan Rows": 1,
                                                                                                "Plan Width": 4,
                                                                                                "Actual Startup Time": 0.003,
                                                                                                "Actual Total Time": 0.003,
                                                                                                "Actual Rows": 1,
                                                                                                "Actual Loops": 13,
                                                                                                "Output": [
                                                                                                    "it.id",
                                                                                                    "it.info"
                                                                                                ],
                                                                                                "Recheck Cond": "(it.id = mi.info_type_id)",
                                                                                                "Rows Removed by Index Recheck": 0,
                                                                                                "Filter": "((it.info)::text = 'release dates'::text)",
                                                                                                "Rows Removed by Filter": 0,
                                                                                                "Exact Heap Blocks": 13,
                                                                                                "Lossy Heap Blocks": 0,
                                                                                                "Plans": [
                                                                                                    {
                                                                                                        "Node Type": "Bitmap Index Scan",
                                                                                                        "Parent Relationship": "Outer",
                                                                                                        "Parallel Aware": false,
                                                                                                        "Index Name": "info_type_pkey",
                                                                                                        "Startup Cost": 0.0,
                                                                                                        "Total Cost": 0.15,
                                                                                                        "Plan Rows": 1,
                                                                                                        "Plan Width": 0,
                                                                                                        "Actual Startup Time": 0.001,
                                                                                                        "Actual Total Time": 0.001,
                                                                                                        "Actual Rows": 1,
                                                                                                        "Actual Loops": 13,
                                                                                                        "Index Cond": "(it.id = mi.info_type_id)"
                                                                                                    }
                                                                                                ]
                                                                                            }
                                                                                        ]
                                                                                    }
                                                                                ]
                                                                            }
                                                                        ]
                                                                    }
                                                                ]
                                                            }
                                                        ]
                                                    },
                                                    {
                                                        "Node Type": "Hash",
                                                        "Parent Relationship": "Inner",
                                                        "Parallel Aware": false,
                                                        "Startup Cost": 122983.71,
                                                        "Total Cost": 122983.71,
                                                        "Plan Rows": 768850,
                                                        "Plan Width": 21,
                                                        "Actual Startup Time": 1449.852,
                                                        "Actual Total Time": 1449.853,
                                                        "Actual Rows": 772401,
                                                        "Actual Loops": 1,
                                                        "Output": [
                                                            "t.title",
                                                            "t.id"
                                                        ],
                                                        "Hash Buckets": 1048576,
                                                        "Original Hash Buckets": 1048576,
                                                        "Hash Batches": 1,
                                                        "Original Hash Batches": 1,
                                                        "Peak Memory Usage": 49340,
                                                        "Plans": [
                                                            {
                                                                "Node Type": "Index Scan",
                                                                "Parent Relationship": "Outer",
                                                                "Parallel Aware": false,
                                                                "Scan Direction": "Forward",
                                                                "Index Name": "title_pkey",
                                                                "Relation Name": "title",
                                                                "Schema": "public",
                                                                "Alias": "t",
                                                                "Startup Cost": 0.43,
                                                                "Total Cost": 122983.71,
                                                                "Plan Rows": 768850,
                                                                "Plan Width": 21,
                                                                "Actual Startup Time": 0.052,
                                                                "Actual Total Time": 1214.274,
                                                                "Actual Rows": 772401,
                                                                "Actual Loops": 1,
                                                                "Output": [
                                                                    "t.title",
                                                                    "t.id"
                                                                ],
                                                                "Filter": "((t.production_year >= 2000) AND (t.production_year <= 2008))",
                                                                "Rows Removed by Filter": 1755911
                                                            }
                                                        ]
                                                    }
                                                ]
                                            }
                                        ]
                                    },
                                    {
                                        "Node Type": "Sort",
                                        "Parent Relationship": "Inner",
                                        "Parallel Aware": false,
                                        "Startup Cost": 10000406719.03,
                                        "Total Cost": 10000414569.6,
                                        "Plan Rows": 3140227,
                                        "Plan Width": 4,
                                        "Actual Startup Time": 1065.501,
                                        "Actual Total Time": 1066.423,
                                        "Actual Rows": 4489,
                                        "Actual Loops": 1,
                                        "Output": [
                                            "chn.id"
                                        ],
                                        "Sort Key": [
                                            "chn.id"
                                        ],
                                        "Sort Method": "quicksort",
                                        "Sort Space Used": 245508,
                                        "Sort Space Type": "Memory",
                                        "Plans": [
                                            {
                                                "Node Type": "Seq Scan",
                                                "Parent Relationship": "Outer",
                                                "Parallel Aware": false,
                                                "Relation Name": "char_name",
                                                "Schema": "public",
                                                "Alias": "chn",
                                                "Startup Cost": 10000000000.0,
                                                "Total Cost": 10000067850.27,
                                                "Plan Rows": 3140227,
                                                "Plan Width": 4,
                                                "Actual Startup Time": 0.036,
                                                "Actual Total Time": 390.294,
                                                "Actual Rows": 3140339,
                                                "Actual Loops": 1,
                                                "Output": [
                                                    "chn.id"
                                                ]
                                            }
                                        ]
                                    }
                                ]
                            },
                            {
                                "Node Type": "Bitmap Heap Scan",
                                "Parent Relationship": "Inner",
                                "Parallel Aware": false,
                                "Relation Name": "movie_companies",
                                "Schema": "public",
                                "Alias": "mc",
                                "Startup Cost": 0.48,
                                "Total Cost": 4.57,
                                "Plan Rows": 1,
                                "Plan Width": 8,
                                "Actual Startup Time": 0.007,
                                "Actual Total Time": 0.009,
                                "Actual Rows": 1,
                                "Actual Loops": 26,
                                "Output": [
                                    "mc.id",
                                    "mc.movie_id",
                                    "mc.company_id",
                                    "mc.company_type_id",
                                    "mc.note"
                                ],
                                "Recheck Cond": "(mc.movie_id = ci.movie_id)",
                                "Rows Removed by Index Recheck": 0,
                                "Filter": "((mc.note IS NOT NULL) AND ((mc.note ~~ '%(USA)%'::text) OR (mc.note ~~ '%(worldwide)%'::text)))",
                                "Rows Removed by Filter": 5,
                                "Exact Heap Blocks": 54,
                                "Lossy Heap Blocks": 0,
                                "Plans": [
                                    {
                                        "Node Type": "Bitmap Index Scan",
                                        "Parent Relationship": "Outer",
                                        "Parallel Aware": false,
                                        "Index Name": "movie_id_movie_companies",
                                        "Startup Cost": 0.0,
                                        "Total Cost": 0.48,
                                        "Plan Rows": 5,
                                        "Plan Width": 0,
                                        "Actual Startup Time": 0.005,
                                        "Actual Total Time": 0.005,
                                        "Actual Rows": 6,
                                        "Actual Loops": 26,
                                        "Index Cond": "(mc.movie_id = ci.movie_id)"
                                    }
                                ]
                            }
                        ]
                    },
                    {
                        "Node Type": "Bitmap Heap Scan",
                        "Parent Relationship": "Inner",
                        "Parallel Aware": false,
                        "Relation Name": "company_name",
                        "Schema": "public",
                        "Alias": "cn",
                        "Startup Cost": 0.44,
                        "Total Cost": 4.45,
                        "Plan Rows": 1,
                        "Plan Width": 4,
                        "Actual Startup Time": 0.004,
                        "Actual Total Time": 0.004,
                        "Actual Rows": 1,
                        "Actual Loops": 26,
                        "Output": [
                            "cn.id",
                            "cn.name",
                            "cn.country_code",
                            "cn.imdb_id",
                            "cn.name_pcode_nf",
                            "cn.name_pcode_sf",
                            "cn.md5sum"
                        ],
                        "Recheck Cond": "(cn.id = mc.company_id)",
                        "Rows Removed by Index Recheck": 0,
                        "Filter": "((cn.country_code)::text = '[us]'::text)",
                        "Rows Removed by Filter": 0,
                        "Exact Heap Blocks": 26,
                        "Lossy Heap Blocks": 0,
                        "Plans": [
                            {
                                "Node Type": "Bitmap Index Scan",
                                "Parent Relationship": "Outer",
                                "Parallel Aware": false,
                                "Index Name": "company_name_pkey",
                                "Startup Cost": 0.0,
                                "Total Cost": 0.44,
                                "Plan Rows": 1,
                                "Plan Width": 0,
                                "Actual Startup Time": 0.002,
                                "Actual Total Time": 0.002,
                                "Actual Rows": 1,
                                "Actual Loops": 26,
                                "Index Cond": "(cn.id = mc.company_id)"
                            }
                        ]
                    }
                ]
            }
        ]
    },
    "Planning Time": 24.476,
    "Triggers": [],
    "Execution Time": 4037.632
}