[
  {
    "Plan": {
      "Node Type": "Aggregate",
      "Strategy": "Plain",
      "Partial Mode": "Finalize",
      "Parallel Aware": false,
      "Startup Cost": 64988.53,
      "Total Cost": 64988.54,
      "Plan Rows": 1,
      "Plan Width": 8,
      "Actual Startup Time": 377.123,
      "Actual Total Time": 392.774,
      "Actual Rows": 1,
      "Actual Loops": 1,
      "Plans": [
        {
          "Node Type": "Gather",
          "Parent Relationship": "Outer",
          "Parallel Aware": false,
          "Startup Cost": 64988.31,
          "Total Cost": 64988.52,
          "Plan Rows": 2,
          "Plan Width": 8,
          "Actual Startup Time": 372.83,
          "Actual Total Time": 392.766,
          "Actual Rows": 3,
          "Actual Loops": 1,
          "Workers Planned": 2,
          "Workers Launched": 2,
          "Single Copy": false,
          "Plans": [
            {
              "Node Type": "Aggregate",
              "Strategy": "Plain",
              "Partial Mode": "Partial",
              "Parent Relationship": "Outer",
              "Parallel Aware": false,
              "Startup Cost": 63988.31,
              "Total Cost": 63988.32,
              "Plan Rows": 1,
              "Plan Width": 8,
              "Actual Startup Time": 364.6,
              "Actual Total Time": 364.603,
              "Actual Rows": 1,
              "Actual Loops": 3,
              "Plans": [
                {
                  "Node Type": "Hash Join",
                  "Parent Relationship": "Outer",
                  "Parallel Aware": true,
                  "Join Type": "Inner",
                  "Startup Cost": 48191.99,
                  "Total Cost": 63822.34,
                  "Plan Rows": 66390,
                  "Plan Width": 0,
                  "Actual Startup Time": 252.904,
                  "Actual Total Time": 359.653,
                  "Actual Rows": 101798,
                  "Actual Loops": 3,
                  "Inner Unique": true,
                  "Hash Cond": "(mi_idx.movie_id = t.id)",
                  "Plans": [
                    {
                      "Node Type": "Seq Scan",
                      "Parent Relationship": "Outer",
                      "Parallel Aware": true,
                      "Relation Name": "movie_info_idx",
                      "Alias": "mi_idx",
                      "Startup Cost": 0.0,
                      "Total Cost": 15122.68,
                      "Plan Rows": 193397,
                      "Plan Width": 4,
                      "Actual Startup Time": 0.018,
                      "Actual Total Time": 45.547,
                      "Actual Rows": 153395,
                      "Actual Loops": 3,
                      "Filter": "(info_type_id > 100)",
                      "Rows Removed by Filter": 306617
                    },
                    {
                      "Node Type": "Hash",
                      "Parent Relationship": "Inner",
                      "Parallel Aware": true,
                      "Startup Cost": 45479.59,
                      "Total Cost": 45479.59,
                      "Plan Rows": 216992,
                      "Plan Width": 4,
                      "Actual Startup Time": 246.029,
                      "Actual Total Time": 246.03,
                      "Actual Rows": 298929,
                      "Actual Loops": 3,
                      "Hash Buckets": 1048576,
                      "Original Hash Buckets": 1048576,
                      "Hash Batches": 1,
                      "Original Hash Batches": 1,
                      "Peak Memory Usage": 43328,
                      "Plans": [
                        {
                          "Node Type": "Seq Scan",
                          "Parent Relationship": "Outer",
                          "Parallel Aware": true,
                          "Relation Name": "title",
                          "Alias": "t",
                          "Startup Cost": 0.0,
                          "Total Cost": 45479.59,
                          "Plan Rows": 216992,
                          "Plan Width": 4,
                          "Actual Startup Time": 0.049,
                          "Actual Total Time": 139.015,
                          "Actual Rows": 298929,
                          "Actual Loops": 3,
                          "Filter": "((kind_id < 7) AND (production_year < 2012))",
                          "Rows Removed by Filter": 543841
                        }
                      ]
                    }
                  ]
                }
              ]
            }
          ]
        }
      ]
    },
    "Planning Time": 0.517,
    "Triggers": [],
    "Execution Time": 392.833
  }
]