[
  {
    "Plan": {
      "Node Type": "Aggregate",
      "Strategy": "Plain",
      "Partial Mode": "Finalize",
      "Parallel Aware": false,
      "Startup Cost": 33203.74,
      "Total Cost": 33203.75,
      "Plan Rows": 1,
      "Plan Width": 8,
      "Actual Startup Time": 86.89,
      "Actual Total Time": 94.985,
      "Actual Rows": 1,
      "Actual Loops": 1,
      "Plans": [
        {
          "Node Type": "Gather",
          "Parent Relationship": "Outer",
          "Parallel Aware": false,
          "Startup Cost": 33203.43,
          "Total Cost": 33203.74,
          "Plan Rows": 3,
          "Plan Width": 8,
          "Actual Startup Time": 86.742,
          "Actual Total Time": 94.977,
          "Actual Rows": 4,
          "Actual Loops": 1,
          "Workers Planned": 3,
          "Workers Launched": 3,
          "Single Copy": false,
          "Plans": [
            {
              "Node Type": "Aggregate",
              "Strategy": "Plain",
              "Partial Mode": "Partial",
              "Parent Relationship": "Outer",
              "Parallel Aware": false,
              "Startup Cost": 32203.43,
              "Total Cost": 32203.44,
              "Plan Rows": 1,
              "Plan Width": 8,
              "Actual Startup Time": 81.179,
              "Actual Total Time": 81.179,
              "Actual Rows": 1,
              "Actual Loops": 4,
              "Plans": [
                {
                  "Node Type": "Seq Scan",
                  "Parent Relationship": "Outer",
                  "Parallel Aware": true,
                  "Relation Name": "movie_companies",
                  "Alias": "mc",
                  "Startup Cost": 0.0,
                  "Total Cost": 31414.82,
                  "Plan Rows": 315443,
                  "Plan Width": 0,
                  "Actual Startup Time": 41.317,
                  "Actual Total Time": 74.045,
                  "Actual Rows": 168969,
                  "Actual Loops": 4,
                  "Filter": "((company_id < 47123) AND (company_type_id > 1))",
                  "Rows Removed by Filter": 483313
                }
              ]
            }
          ]
        }
      ]
    },
    "Planning Time": 0.11,
    "Triggers": [],
    "Execution Time": 95.019
  }
]