{
    "Plan": {
        "Node Type": "Aggregate",
        "Strategy": "Plain",
        "Partial Mode": "Simple",
        "Parallel Aware": false,
        "Startup Cost": 30005466070.46,
        "Total Cost": 30005466070.47,
        "Plan Rows": 1,
        "Plan Width": 96,
        "Actual Startup Time": 2823.592,
        "Actual Total Time": 2823.603,
        "Actual Rows": 1,
        "Actual Loops": 1,
        "Output": [
            "min(cn.name)",
            "min((lt.link)::text)",
            "min(t.title)"
        ],
        "Plans": [
            {
                "Node Type": "Nested Loop",
                "Parent Relationship": "Outer",
                "Parallel Aware": false,
                "Join Type": "Inner",
                "Startup Cost": 30005466054.08,
                "Total Cost": 30005466070.45,
                "Plan Rows": 1,
                "Plan Width": 48,
                "Actual Startup Time": 2823.577,
                "Actual Total Time": 2823.593,
                "Actual Rows": 1,
                "Actual Loops": 1,
                "Output": [
                    "cn.name",
                    "lt.link",
                    "t.title"
                ],
                "Inner Unique": true,
                "Plans": [
                    {
                        "Node Type": "Merge Join",
                        "Parent Relationship": "Outer",
                        "Parallel Aware": false,
                        "Join Type": "Inner",
                        "Startup Cost": 20005466053.65,
                        "Total Cost": 20005466066.0,
                        "Plan Rows": 1,
                        "Plan Width": 33,
                        "Actual Startup Time": 2823.547,
                        "Actual Total Time": 2823.563,
                        "Actual Rows": 1,
                        "Actual Loops": 1,
                        "Output": [
                            "mc.company_id",
                            "lt.link",
                            "t.title"
                        ],
                        "Inner Unique": false,
                        "Merge Cond": "(lt.id = ml.link_type_id)",
                        "Plans": [
                            {
                                "Node Type": "Index Scan",
                                "Parent Relationship": "Outer",
                                "Parallel Aware": false,
                                "Scan Direction": "Forward",
                                "Index Name": "link_type_pkey",
                                "Relation Name": "link_type",
                                "Schema": "public",
                                "Alias": "lt",
                                "Startup Cost": 10000000000.14,
                                "Total Cost": 10000000012.45,
                                "Plan Rows": 1,
                                "Plan Width": 16,
                                "Actual Startup Time": 0.018,
                                "Actual Total Time": 0.023,
                                "Actual Rows": 2,
                                "Actual Loops": 1,
                                "Output": [
                                    "lt.id",
                                    "lt.link"
                                ],
                                "Filter": "((lt.link)::text ~~ '%follow%'::text)",
                                "Rows Removed by Filter": 16
                            },
                            {
                                "Node Type": "Sort",
                                "Parent Relationship": "Inner",
                                "Parallel Aware": false,
                                "Startup Cost": 10005466053.52,
                                "Total Cost": 10005466053.53,
                                "Plan Rows": 4,
                                "Plan Width": 25,
                                "Actual Startup Time": 2823.524,
                                "Actual Total Time": 2823.533,
                                "Actual Rows": 2,
                                "Actual Loops": 1,
                                "Output": [
                                    "mc.company_id",
                                    "ml.link_type_id",
                                    "t.title"
                                ],
                                "Sort Key": [
                                    "ml.link_type_id"
                                ],
                                "Sort Method": "quicksort",
                                "Sort Space Used": 25,
                                "Sort Space Type": "Memory",
                                "Plans": [
                                    {
                                        "Node Type": "Merge Join",
                                        "Parent Relationship": "Outer",
                                        "Parallel Aware": false,
                                        "Join Type": "Inner",
                                        "Startup Cost": 10005458016.0,
                                        "Total Cost": 10005466053.48,
                                        "Plan Rows": 4,
                                        "Plan Width": 25,
                                        "Actual Startup Time": 2788.617,
                                        "Actual Total Time": 2823.522,
                                        "Actual Rows": 5,
                                        "Actual Loops": 1,
                                        "Output": [
                                            "mc.company_id",
                                            "ml.link_type_id",
                                            "t.title"
                                        ],
                                        "Inner Unique": true,
                                        "Merge Cond": "(mk.keyword_id = k.id)",
                                        "Plans": [
                                            {
                                                "Node Type": "Sort",
                                                "Parent Relationship": "Outer",
                                                "Parallel Aware": false,
                                                "Startup Cost": 10005458015.36,
                                                "Total Cost": 10005459362.94,
                                                "Plan Rows": 539029,
                                                "Plan Width": 29,
                                                "Actual Startup Time": 2780.15,
                                                "Actual Total Time": 2783.93,
                                                "Actual Rows": 81223,
                                                "Actual Loops": 1,
                                                "Output": [
                                                    "mc.company_id",
                                                    "mk.keyword_id",
                                                    "ml.link_type_id",
                                                    "t.title"
                                                ],
                                                "Sort Key": [
                                                    "mk.keyword_id"
                                                ],
                                                "Sort Method": "quicksort",
                                                "Sort Space Used": 37251,
                                                "Sort Space Type": "Memory",
                                                "Plans": [
                                                    {
                                                        "Node Type": "Hash Join",
                                                        "Parent Relationship": "Outer",
                                                        "Parallel Aware": false,
                                                        "Join Type": "Inner",
                                                        "Startup Cost": 10005398613.32,
                                                        "Total Cost": 10005406699.79,
                                                        "Plan Rows": 539029,
                                                        "Plan Width": 29,
                                                        "Actual Startup Time": 2702.797,
                                                        "Actual Total Time": 2730.295,
                                                        "Actual Rows": 320498,
                                                        "Actual Loops": 1,
                                                        "Output": [
                                                            "mc.company_id",
                                                            "mk.keyword_id",
                                                            "ml.link_type_id",
                                                            "t.title"
                                                        ],
                                                        "Inner Unique": false,
                                                        "Hash Cond": "(ct.id = mc.company_type_id)",
                                                        "Plans": [
                                                            {
                                                                "Node Type": "Seq Scan",
                                                                "Parent Relationship": "Outer",
                                                                "Parallel Aware": false,
                                                                "Relation Name": "company_type",
                                                                "Schema": "public",
                                                                "Alias": "ct",
                                                                "Startup Cost": 0.0,
                                                                "Total Cost": 1.05,
                                                                "Plan Rows": 1,
                                                                "Plan Width": 4,
                                                                "Actual Startup Time": 0.018,
                                                                "Actual Total Time": 0.025,
                                                                "Actual Rows": 1,
                                                                "Actual Loops": 1,
                                                                "Output": [
                                                                    "ct.id",
                                                                    "ct.kind"
                                                                ],
                                                                "Filter": "((ct.kind)::text = 'production companies'::text)",
                                                                "Rows Removed by Filter": 3
                                                            },
                                                            {
                                                                "Node Type": "Hash",
                                                                "Parent Relationship": "Inner",
                                                                "Parallel Aware": false,
                                                                "Startup Cost": 10005371661.89,
                                                                "Total Cost": 10005371661.89,
                                                                "Plan Rows": 2156114,
                                                                "Plan Width": 33,
                                                                "Actual Startup Time": 2696.932,
                                                                "Actual Total Time": 2696.939,
                                                                "Actual Rows": 341682,
                                                                "Actual Loops": 1,
                                                                "Output": [
                                                                    "mc.company_type_id",
                                                                    "mc.company_id",
                                                                    "mk.keyword_id",
                                                                    "ml.link_type_id",
                                                                    "t.title"
                                                                ],
                                                                "Hash Buckets": 4194304,
                                                                "Original Hash Buckets": 4194304,
                                                                "Hash Batches": 1,
                                                                "Original Hash Batches": 1,
                                                                "Peak Memory Usage": 54843,
                                                                "Plans": [
                                                                    {
                                                                        "Node Type": "Hash Join",
                                                                        "Parent Relationship": "Outer",
                                                                        "Parallel Aware": false,
                                                                        "Join Type": "Inner",
                                                                        "Startup Cost": 10000166053.73,
                                                                        "Total Cost": 10005371661.89,
                                                                        "Plan Rows": 2156114,
                                                                        "Plan Width": 33,
                                                                        "Actual Startup Time": 1434.24,
                                                                        "Actual Total Time": 2652.4,
                                                                        "Actual Rows": 341682,
                                                                        "Actual Loops": 1,
                                                                        "Output": [
                                                                            "mc.company_type_id",
                                                                            "mc.company_id",
                                                                            "mk.keyword_id",
                                                                            "ml.link_type_id",
                                                                            "t.title"
                                                                        ],
                                                                        "Inner Unique": false,
                                                                        "Hash Cond": "(t.id = ml.movie_id)",
                                                                        "Plans": [
                                                                            {
                                                                                "Node Type": "Hash Join",
                                                                                "Parent Relationship": "Outer",
                                                                                "Parallel Aware": false,
                                                                                "Join Type": "Inner",
                                                                                "Startup Cost": 165215.8,
                                                                                "Total Cost": 265565.22,
                                                                                "Plan Rows": 7151538,
                                                                                "Plan Width": 41,
                                                                                "Actual Startup Time": 1428.693,
                                                                                "Actual Total Time": 2435.823,
                                                                                "Actual Rows": 3663569,
                                                                                "Actual Loops": 1,
                                                                                "Output": [
                                                                                    "mc.movie_id",
                                                                                    "mc.company_type_id",
                                                                                    "mc.company_id",
                                                                                    "mk.movie_id",
                                                                                    "mk.keyword_id",
                                                                                    "t.title",
                                                                                    "t.id"
                                                                                ],
                                                                                "Inner Unique": false,
                                                                                "Hash Cond": "(mk.movie_id = t.id)",
                                                                                "Plans": [
                                                                                    {
                                                                                        "Node Type": "Seq Scan",
                                                                                        "Parent Relationship": "Outer",
                                                                                        "Parallel Aware": false,
                                                                                        "Relation Name": "movie_keyword",
                                                                                        "Schema": "public",
                                                                                        "Alias": "mk",
                                                                                        "Startup Cost": 0.0,
                                                                                        "Total Cost": 69693.3,
                                                                                        "Plan Rows": 4523930,
                                                                                        "Plan Width": 8,
                                                                                        "Actual Startup Time": 0.025,
                                                                                        "Actual Total Time": 274.356,
                                                                                        "Actual Rows": 4523930,
                                                                                        "Actual Loops": 1,
                                                                                        "Output": [
                                                                                            "mk.id",
                                                                                            "mk.movie_id",
                                                                                            "mk.keyword_id"
                                                                                        ]
                                                                                    },
                                                                                    {
                                                                                        "Node Type": "Hash",
                                                                                        "Parent Relationship": "Inner",
                                                                                        "Parallel Aware": false,
                                                                                        "Startup Cost": 155651.03,
                                                                                        "Total Cost": 155651.03,
                                                                                        "Plan Rows": 765181,
                                                                                        "Plan Width": 33,
                                                                                        "Actual Startup Time": 1427.27,
                                                                                        "Actual Total Time": 1427.274,
                                                                                        "Actual Rows": 611679,
                                                                                        "Actual Loops": 1,
                                                                                        "Output": [
                                                                                            "mc.movie_id",
                                                                                            "mc.company_type_id",
                                                                                            "mc.company_id",
                                                                                            "t.title",
                                                                                            "t.id"
                                                                                        ],
                                                                                        "Hash Buckets": 1048576,
                                                                                        "Original Hash Buckets": 1048576,
                                                                                        "Hash Batches": 1,
                                                                                        "Original Hash Batches": 1,
                                                                                        "Peak Memory Usage": 49276,
                                                                                        "Plans": [
                                                                                            {
                                                                                                "Node Type": "Hash Join",
                                                                                                "Parent Relationship": "Outer",
                                                                                                "Parallel Aware": false,
                                                                                                "Join Type": "Inner",
                                                                                                "Startup Cost": 60699.14,
                                                                                                "Total Cost": 155651.03,
                                                                                                "Plan Rows": 765181,
                                                                                                "Plan Width": 33,
                                                                                                "Actual Startup Time": 470.733,
                                                                                                "Actual Total Time": 1285.928,
                                                                                                "Actual Rows": 611679,
                                                                                                "Actual Loops": 1,
                                                                                                "Output": [
                                                                                                    "mc.movie_id",
                                                                                                    "mc.company_type_id",
                                                                                                    "mc.company_id",
                                                                                                    "t.title",
                                                                                                    "t.id"
                                                                                                ],
                                                                                                "Inner Unique": false,
                                                                                                "Hash Cond": "(t.id = mc.movie_id)",
                                                                                                "Plans": [
                                                                                                    {
                                                                                                        "Node Type": "Seq Scan",
                                                                                                        "Parent Relationship": "Outer",
                                                                                                        "Parallel Aware": false,
                                                                                                        "Relation Name": "title",
                                                                                                        "Schema": "public",
                                                                                                        "Alias": "t",
                                                                                                        "Startup Cost": 0.0,
                                                                                                        "Total Cost": 73922.83,
                                                                                                        "Plan Rows": 1528829,
                                                                                                        "Plan Width": 21,
                                                                                                        "Actual Startup Time": 0.025,
                                                                                                        "Actual Total Time": 288.923,
                                                                                                        "Actual Rows": 1528098,
                                                                                                        "Actual Loops": 1,
                                                                                                        "Output": [
                                                                                                            "t.id",
                                                                                                            "t.title",
                                                                                                            "t.imdb_index",
                                                                                                            "t.kind_id",
                                                                                                            "t.production_year",
                                                                                                            "t.imdb_id",
                                                                                                            "t.phonetic_code",
                                                                                                            "t.episode_of_id",
                                                                                                            "t.season_nr",
                                                                                                            "t.episode_nr",
                                                                                                            "t.series_years",
                                                                                                            "t.md5sum"
                                                                                                        ],
                                                                                                        "Filter": "((t.production_year >= 1998) AND (t.production_year <= 2013))",
                                                                                                        "Rows Removed by Filter": 1000214
                                                                                                    },
                                                                                                    {
                                                                                                        "Node Type": "Hash",
                                                                                                        "Parent Relationship": "Inner",
                                                                                                        "Parallel Aware": false,
                                                                                                        "Startup Cost": 44881.29,
                                                                                                        "Total Cost": 44881.29,
                                                                                                        "Plan Rows": 1265428,
                                                                                                        "Plan Width": 12,
                                                                                                        "Actual Startup Time": 467.898,
                                                                                                        "Actual Total Time": 467.9,
                                                                                                        "Actual Rows": 1271989,
                                                                                                        "Actual Loops": 1,
                                                                                                        "Output": [
                                                                                                            "mc.movie_id",
                                                                                                            "mc.company_type_id",
                                                                                                            "mc.company_id"
                                                                                                        ],
                                                                                                        "Hash Buckets": 2097152,
                                                                                                        "Original Hash Buckets": 2097152,
                                                                                                        "Hash Batches": 1,
                                                                                                        "Original Hash Batches": 1,
                                                                                                        "Peak Memory Usage": 71040,
                                                                                                        "Plans": [
                                                                                                            {
                                                                                                                "Node Type": "Seq Scan",
                                                                                                                "Parent Relationship": "Outer",
                                                                                                                "Parallel Aware": false,
                                                                                                                "Relation Name": "movie_companies",
                                                                                                                "Schema": "public",
                                                                                                                "Alias": "mc",
                                                                                                                "Startup Cost": 0.0,
                                                                                                                "Total Cost": 44881.29,
                                                                                                                "Plan Rows": 1265428,
                                                                                                                "Plan Width": 12,
                                                                                                                "Actual Startup Time": 0.039,
                                                                                                                "Actual Total Time": 246.392,
                                                                                                                "Actual Rows": 1271989,
                                                                                                                "Actual Loops": 1,
                                                                                                                "Output": [
                                                                                                                    "mc.movie_id",
                                                                                                                    "mc.company_type_id",
                                                                                                                    "mc.company_id"
                                                                                                                ],
                                                                                                                "Filter": "(mc.note IS NULL)",
                                                                                                                "Rows Removed by Filter": 1337140
                                                                                                            }
                                                                                                        ]
                                                                                                    }
                                                                                                ]
                                                                                            }
                                                                                        ]
                                                                                    }
                                                                                ]
                                                                            },
                                                                            {
                                                                                "Node Type": "Hash",
                                                                                "Parent Relationship": "Inner",
                                                                                "Parallel Aware": false,
                                                                                "Startup Cost": 10000000462.97,
                                                                                "Total Cost": 10000000462.97,
                                                                                "Plan Rows": 29997,
                                                                                "Plan Width": 8,
                                                                                "Actual Startup Time": 5.503,
                                                                                "Actual Total Time": 5.504,
                                                                                "Actual Rows": 29997,
                                                                                "Actual Loops": 1,
                                                                                "Output": [
                                                                                    "ml.link_type_id",
                                                                                    "ml.movie_id"
                                                                                ],
                                                                                "Hash Buckets": 32768,
                                                                                "Original Hash Buckets": 32768,
                                                                                "Hash Batches": 1,
                                                                                "Original Hash Batches": 1,
                                                                                "Peak Memory Usage": 1428,
                                                                                "Plans": [
                                                                                    {
                                                                                        "Node Type": "Seq Scan",
                                                                                        "Parent Relationship": "Outer",
                                                                                        "Parallel Aware": false,
                                                                                        "Relation Name": "movie_link",
                                                                                        "Schema": "public",
                                                                                        "Alias": "ml",
                                                                                        "Startup Cost": 10000000000.0,
                                                                                        "Total Cost": 10000000462.97,
                                                                                        "Plan Rows": 29997,
                                                                                        "Plan Width": 8,
                                                                                        "Actual Startup Time": 0.016,
                                                                                        "Actual Total Time": 2.79,
                                                                                        "Actual Rows": 29997,
                                                                                        "Actual Loops": 1,
                                                                                        "Output": [
                                                                                            "ml.link_type_id",
                                                                                            "ml.movie_id"
                                                                                        ]
                                                                                    }
                                                                                ]
                                                                            }
                                                                        ]
                                                                    }
                                                                ]
                                                            }
                                                        ]
                                                    }
                                                ]
                                            },
                                            {
                                                "Node Type": "Index Scan",
                                                "Parent Relationship": "Inner",
                                                "Parallel Aware": false,
                                                "Scan Direction": "Forward",
                                                "Index Name": "keyword_pkey",
                                                "Relation Name": "keyword",
                                                "Schema": "public",
                                                "Alias": "k",
                                                "Startup Cost": 0.42,
                                                "Total Cost": 5342.92,
                                                "Plan Rows": 1,
                                                "Plan Width": 4,
                                                "Actual Startup Time": 0.444,
                                                "Actual Total Time": 35.337,
                                                "Actual Rows": 1,
                                                "Actual Loops": 1,
                                                "Output": [
                                                    "k.id",
                                                    "k.keyword",
                                                    "k.phonetic_code"
                                                ],
                                                "Filter": "(k.keyword = 'second-part'::text)",
                                                "Rows Removed by Filter": 134169
                                            }
                                        ]
                                    }
                                ]
                            }
                        ]
                    },
                    {
                        "Node Type": "Bitmap Heap Scan",
                        "Parent Relationship": "Inner",
                        "Parallel Aware": false,
                        "Relation Name": "company_name",
                        "Schema": "public",
                        "Alias": "cn",
                        "Startup Cost": 0.43,
                        "Total Cost": 4.45,
                        "Plan Rows": 1,
                        "Plan Width": 23,
                        "Actual Startup Time": 0.019,
                        "Actual Total Time": 0.019,
                        "Actual Rows": 1,
                        "Actual Loops": 1,
                        "Output": [
                            "cn.id",
                            "cn.name",
                            "cn.country_code",
                            "cn.imdb_id",
                            "cn.name_pcode_nf",
                            "cn.name_pcode_sf",
                            "cn.md5sum"
                        ],
                        "Recheck Cond": "(cn.id = mc.company_id)",
                        "Rows Removed by Index Recheck": 0,
                        "Filter": "(((cn.country_code)::text <> '[fr]'::text) AND ((cn.name ~~ '%Film%'::text) OR (cn.name ~~ '%Warner%'::text)))",
                        "Rows Removed by Filter": 0,
                        "Exact Heap Blocks": 1,
                        "Lossy Heap Blocks": 0,
                        "Plans": [
                            {
                                "Node Type": "Bitmap Index Scan",
                                "Parent Relationship": "Outer",
                                "Parallel Aware": false,
                                "Index Name": "company_name_pkey",
                                "Startup Cost": 0.0,
                                "Total Cost": 0.43,
                                "Plan Rows": 1,
                                "Plan Width": 0,
                                "Actual Startup Time": 0.012,
                                "Actual Total Time": 0.012,
                                "Actual Rows": 1,
                                "Actual Loops": 1,
                                "Index Cond": "(cn.id = mc.company_id)"
                            }
                        ]
                    }
                ]
            }
        ]
    },
    "Planning Time": 4.987,
    "Triggers": [],
    "Execution Time": 2824.873
}