[
    {
        "Bao": {
            "Bao prediction": "NaN",
            "Bao recommended hint": "(no hint)"
        }
    },
    {
        "Plan": {
            "Node Type": "Aggregate",
            "Strategy": "Plain",
            "Partial Mode": "Finalize",
            "Parallel Aware": false,
            "Startup Cost": 46493.99,
            "Total Cost": 46494.0,
            "Plan Rows": 1,
            "Plan Width": 8,
            "Actual Startup Time": 149.144,
            "Actual Total Time": 169.708,
            "Actual Rows": 1,
            "Actual Loops": 1,
            "Output": [
                "count(*)"
            ],
            "Plans": [
                {
                    "Node Type": "Gather",
                    "Parent Relationship": "Outer",
                    "Parallel Aware": false,
                    "Startup Cost": 46493.78,
                    "Total Cost": 46493.99,
                    "Plan Rows": 2,
                    "Plan Width": 8,
                    "Actual Startup Time": 148.884,
                    "Actual Total Time": 169.697,
                    "Actual Rows": 3,
                    "Actual Loops": 1,
                    "Output": [
                        "(PARTIAL count(*))"
                    ],
                    "Workers Planned": 2,
                    "Workers Launched": 2,
                    "Single Copy": false,
                    "Plans": [
                        {
                            "Node Type": "Aggregate",
                            "Strategy": "Plain",
                            "Partial Mode": "Partial",
                            "Parent Relationship": "Outer",
                            "Parallel Aware": false,
                            "Startup Cost": 45493.78,
                            "Total Cost": 45493.79,
                            "Plan Rows": 1,
                            "Plan Width": 8,
                            "Actual Startup Time": 140.792,
                            "Actual Total Time": 140.794,
                            "Actual Rows": 1,
                            "Actual Loops": 3,
                            "Output": [
                                "PARTIAL count(*)"
                            ],
                            "Workers": [
                                {
                                    "Worker Number": 0,
                                    "Actual Startup Time": 136.971,
                                    "Actual Total Time": 136.972,
                                    "Actual Rows": 1,
                                    "Actual Loops": 1
                                },
                                {
                                    "Worker Number": 1,
                                    "Actual Startup Time": 137.213,
                                    "Actual Total Time": 137.214,
                                    "Actual Rows": 1,
                                    "Actual Loops": 1
                                }
                            ],
                            "Plans": [
                                {
                                    "Node Type": "Nested Loop",
                                    "Parent Relationship": "Outer",
                                    "Parallel Aware": false,
                                    "Join Type": "Inner",
                                    "Startup Cost": 170.2,
                                    "Total Cost": 45471.47,
                                    "Plan Rows": 8925,
                                    "Plan Width": 0,
                                    "Actual Startup Time": 2.01,
                                    "Actual Total Time": 140.005,
                                    "Actual Rows": 10301,
                                    "Actual Loops": 3,
                                    "Inner Unique": false,
                                    "Workers": [
                                        {
                                            "Worker Number": 0,
                                            "Actual Startup Time": 2.314,
                                            "Actual Total Time": 136.271,
                                            "Actual Rows": 5492,
                                            "Actual Loops": 1
                                        },
                                        {
                                            "Worker Number": 1,
                                            "Actual Startup Time": 0.88,
                                            "Actual Total Time": 136.53,
                                            "Actual Rows": 5670,
                                            "Actual Loops": 1
                                        }
                                    ],
                                    "Plans": [
                                        {
                                            "Node Type": "Nested Loop",
                                            "Parent Relationship": "Outer",
                                            "Parallel Aware": false,
                                            "Join Type": "Inner",
                                            "Startup Cost": 169.63,
                                            "Total Cost": 38935.54,
                                            "Plan Rows": 3267,
                                            "Plan Width": 8,
                                            "Actual Startup Time": 1.155,
                                            "Actual Total Time": 20.497,
                                            "Actual Rows": 2216,
                                            "Actual Loops": 3,
                                            "Output": [
                                                "t.id",
                                                "mk.movie_id"
                                            ],
                                            "Inner Unique": true,
                                            "Workers": [
                                                {
                                                    "Worker Number": 0,
                                                    "Actual Startup Time": 0.337,
                                                    "Actual Total Time": 18.238,
                                                    "Actual Rows": 1153,
                                                    "Actual Loops": 1
                                                },
                                                {
                                                    "Worker Number": 1,
                                                    "Actual Startup Time": 0.341,
                                                    "Actual Total Time": 19.355,
                                                    "Actual Rows": 1120,
                                                    "Actual Loops": 1
                                                }
                                            ],
                                            "Plans": [
                                                {
                                                    "Node Type": "Bitmap Heap Scan",
                                                    "Parent Relationship": "Outer",
                                                    "Parallel Aware": true,
                                                    "Relation Name": "movie_keyword",
                                                    "Schema": "public",
                                                    "Alias": "mk",
                                                    "Startup Cost": 169.2,
                                                    "Total Cost": 16584.09,
                                                    "Plan Rows": 3267,
                                                    "Plan Width": 4,
                                                    "Actual Startup Time": 0.994,
                                                    "Actual Total Time": 6.069,
                                                    "Actual Rows": 2216,
                                                    "Actual Loops": 3,
                                                    "Output": [
                                                        "mk.id",
                                                        "mk.movie_id",
                                                        "mk.keyword_id"
                                                    ],
                                                    "Recheck Cond": "(mk.keyword_id = 500)",
                                                    "Rows Removed by Index Recheck": 0,
                                                    "Exact Heap Blocks": 2872,
                                                    "Lossy Heap Blocks": 0,
                                                    "Workers": [
                                                        {
                                                            "Worker Number": 0,
                                                            "Actual Startup Time": 0.114,
                                                            "Actual Total Time": 4.876,
                                                            "Actual Rows": 1153,
                                                            "Actual Loops": 1
                                                        },
                                                        {
                                                            "Worker Number": 1,
                                                            "Actual Startup Time": 0.115,
                                                            "Actual Total Time": 5.257,
                                                            "Actual Rows": 1120,
                                                            "Actual Loops": 1
                                                        }
                                                    ],
                                                    "Plans": [
                                                        {
                                                            "Node Type": "Bitmap Index Scan",
                                                            "Parent Relationship": "Outer",
                                                            "Parallel Aware": false,
                                                            "Index Name": "keyword_id_movie_keyword",
                                                            "Startup Cost": 0.0,
                                                            "Total Cost": 167.24,
                                                            "Plan Rows": 7841,
                                                            "Plan Width": 0,
                                                            "Actual Startup Time": 1.996,
                                                            "Actual Total Time": 1.997,
                                                            "Actual Rows": 6649,
                                                            "Actual Loops": 1,
                                                            "Index Cond": "(mk.keyword_id = 500)"
                                                        }
                                                    ]
                                                },
                                                {
                                                    "Node Type": "Index Only Scan",
                                                    "Parent Relationship": "Inner",
                                                    "Parallel Aware": false,
                                                    "Scan Direction": "Forward",
                                                    "Index Name": "title_pkey",
                                                    "Relation Name": "title",
                                                    "Schema": "public",
                                                    "Alias": "t",
                                                    "Startup Cost": 0.43,
                                                    "Total Cost": 6.84,
                                                    "Plan Rows": 1,
                                                    "Plan Width": 4,
                                                    "Actual Startup Time": 0.006,
                                                    "Actual Total Time": 0.006,
                                                    "Actual Rows": 1,
                                                    "Actual Loops": 6649,
                                                    "Output": [
                                                        "t.id"
                                                    ],
                                                    "Index Cond": "(t.id = mk.movie_id)",
                                                    "Rows Removed by Index Recheck": 0,
                                                    "Heap Fetches": 6649,
                                                    "Workers": [
                                                        {
                                                            "Worker Number": 0,
                                                            "Actual Startup Time": 0.011,
                                                            "Actual Total Time": 0.011,
                                                            "Actual Rows": 1,
                                                            "Actual Loops": 1153
                                                        },
                                                        {
                                                            "Worker Number": 1,
                                                            "Actual Startup Time": 0.012,
                                                            "Actual Total Time": 0.012,
                                                            "Actual Rows": 1,
                                                            "Actual Loops": 1120
                                                        }
                                                    ]
                                                }
                                            ]
                                        },
                                        {
                                            "Node Type": "Index Scan",
                                            "Parent Relationship": "Inner",
                                            "Parallel Aware": false,
                                            "Scan Direction": "Forward",
                                            "Index Name": "movie_id_cast_info",
                                            "Relation Name": "cast_info",
                                            "Schema": "public",
                                            "Alias": "ci",
                                            "Startup Cost": 0.56,
                                            "Total Cost": 1.93,
                                            "Plan Rows": 7,
                                            "Plan Width": 4,
                                            "Actual Startup Time": 0.039,
                                            "Actual Total Time": 0.053,
                                            "Actual Rows": 5,
                                            "Actual Loops": 6649,
                                            "Output": [
                                                "ci.id",
                                                "ci.person_id",
                                                "ci.movie_id",
                                                "ci.person_role_id",
                                                "ci.note",
                                                "ci.nr_order",
                                                "ci.role_id"
                                            ],
                                            "Index Cond": "(ci.movie_id = t.id)",
                                            "Rows Removed by Index Recheck": 0,
                                            "Filter": "(ci.person_id > 2979415)",
                                            "Rows Removed by Filter": 22,
                                            "Workers": [
                                                {
                                                    "Worker Number": 0,
                                                    "Actual Startup Time": 0.074,
                                                    "Actual Total Time": 0.101,
                                                    "Actual Rows": 5,
                                                    "Actual Loops": 1153
                                                },
                                                {
                                                    "Worker Number": 1,
                                                    "Actual Startup Time": 0.075,
                                                    "Actual Total Time": 0.103,
                                                    "Actual Rows": 5,
                                                    "Actual Loops": 1120
                                                }
                                            ]
                                        }
                                    ]
                                }
                            ]
                        }
                    ]
                }
            ]
        },
        "Planning Time": 191.955,
        "Triggers": [],
        "Execution Time": 169.85
    }
]