[
  {
    "Plan": {
      "Node Type": "Aggregate",
      "Strategy": "Plain",
      "Partial Mode": "Finalize",
      "Parallel Aware": false,
      "Startup Cost": 45540.52,
      "Total Cost": 45540.53,
      "Plan Rows": 1,
      "Plan Width": 8,
      "Actual Startup Time": 167.742,
      "Actual Total Time": 180.277,
      "Actual Rows": 1,
      "Actual Loops": 1,
      "Plans": [
        {
          "Node Type": "Gather",
          "Parent Relationship": "Outer",
          "Parallel Aware": false,
          "Startup Cost": 45540.21,
          "Total Cost": 45540.52,
          "Plan Rows": 3,
          "Plan Width": 8,
          "Actual Startup Time": 167.451,
          "Actual Total Time": 180.268,
          "Actual Rows": 4,
          "Actual Loops": 1,
          "Workers Planned": 3,
          "Workers Launched": 3,
          "Single Copy": false,
          "Plans": [
            {
              "Node Type": "Aggregate",
              "Strategy": "Plain",
              "Partial Mode": "Partial",
              "Parent Relationship": "Outer",
              "Parallel Aware": false,
              "Startup Cost": 44540.21,
              "Total Cost": 44540.22,
              "Plan Rows": 1,
              "Plan Width": 8,
              "Actual Startup Time": 161.491,
              "Actual Total Time": 161.492,
              "Actual Rows": 1,
              "Actual Loops": 4,
              "Plans": [
                {
                  "Node Type": "Seq Scan",
                  "Parent Relationship": "Outer",
                  "Parallel Aware": true,
                  "Relation Name": "movie_keyword",
                  "Alias": "mk",
                  "Startup Cost": 0.0,
                  "Total Cost": 42695.65,
                  "Plan Rows": 737821,
                  "Plan Width": 0,
                  "Actual Startup Time": 0.044,
                  "Actual Total Time": 130.547,
                  "Actual Rows": 572224,
                  "Actual Loops": 4,
                  "Filter": "(keyword_id < 4868)",
                  "Rows Removed by Filter": 558758
                }
              ]
            }
          ]
        }
      ]
    },
    "Planning Time": 0.179,
    "Triggers": [],
    "Execution Time": 180.332
  }
]