{
  "Plan": {
    "Node Type": "Aggregate",
    "Strategy": "Plain",
    "Partial Mode": "Simple",
    "Parallel Aware": false,
    "Startup Cost": 16961.06,
    "Total Cost": 16961.07,
    "Plan Rows": 1,
    "Plan Width": 96,
    "Actual Startup Time": 354.542,
    "Actual Total Time": 393.141,
    "Actual Rows": 1,
    "Actual Loops": 1,
    "Plans": [
      {
        "Node Type": "Nested Loop",
        "Parent Relationship": "Outer",
        "Parallel Aware": false,
        "Join Type": "Inner",
        "Startup Cost": 1004.43,
        "Total Cost": 16961.05,
        "Plan Rows": 1,
        "Plan Width": 66,
        "Actual Startup Time": 187.387,
        "Actual Total Time": 393.11,
        "Actual Rows": 11,
        "Actual Loops": 1,
        "Inner Unique": true,
        "Plans": [
          {
            "Node Type": "Nested Loop",
            "Parent Relationship": "Outer",
            "Parallel Aware": false,
            "Join Type": "Inner",
            "Startup Cost": 1004.0,
            "Total Cost": 16960.36,
            "Plan Rows": 1,
            "Plan Width": 70,
            "Actual Startup Time": 75.881,
            "Actual Total Time": 387.235,
            "Actual Rows": 268,
            "Actual Loops": 1,
            "Inner Unique": false,
            "Plans": [
              {
                "Node Type": "Gather",
                "Parent Relationship": "Outer",
                "Parallel Aware": false,
                "Startup Cost": 1003.43,
                "Total Cost": 16956.97,
                "Plan Rows": 1,
                "Plan Width": 78,
                "Actual Startup Time": 21.487,
                "Actual Total Time": 247.971,
                "Actual Rows": 358,
                "Actual Loops": 1,
                "Workers Planned": 2,
                "Workers Launched": 2,
                "Single Copy": false,
                "Plans": [
                  {
                    "Node Type": "Nested Loop",
                    "Parent Relationship": "Outer",
                    "Parallel Aware": false,
                    "Join Type": "Inner",
                    "Startup Cost": 3.43,
                    "Total Cost": 15956.87,
                    "Plan Rows": 1,
                    "Plan Width": 78,
                    "Actual Startup Time": 33.573,
                    "Actual Total Time": 296.905,
                    "Actual Rows": 119,
                    "Actual Loops": 3,
                    "Inner Unique": true,
                    "Plans": [
                      {
                        "Node Type": "Nested Loop",
                        "Parent Relationship": "Outer",
                        "Parallel Aware": false,
                        "Join Type": "Inner",
                        "Startup Cost": 3.29,
                        "Total Cost": 15955.55,
                        "Plan Rows": 8,
                        "Plan Width": 82,
                        "Actual Startup Time": 33.539,
                        "Actual Total Time": 296.559,
                        "Actual Rows": 119,
                        "Actual Loops": 3,
                        "Inner Unique": false,
                        "Plans": [
                          {
                            "Node Type": "Nested Loop",
                            "Parent Relationship": "Outer",
                            "Parallel Aware": false,
                            "Join Type": "Inner",
                            "Startup Cost": 2.86,
                            "Total Cost": 15823.34,
                            "Plan Rows": 56,
                            "Plan Width": 31,
                            "Actual Startup Time": 2.726,
                            "Actual Total Time": 143.044,
                            "Actual Rows": 2051,
                            "Actual Loops": 3,
                            "Inner Unique": true,
                            "Plans": [
                              {
                                "Node Type": "Hash Join",
                                "Parent Relationship": "Outer",
                                "Parallel Aware": false,
                                "Join Type": "Inner",
                                "Startup Cost": 2.43,
                                "Total Cost": 15180.6,
                                "Plan Rows": 180,
                                "Plan Width": 10,
                                "Actual Startup Time": 0.561,
                                "Actual Total Time": 64.063,
                                "Actual Rows": 5283,
                                "Actual Loops": 3,
                                "Inner Unique": true,
                                "Hash Cond": "(mi_idx.info_type_id = it2.id)",
                                "Plans": [
                                  {
                                    "Node Type": "Seq Scan",
                                    "Parent Relationship": "Outer",
                                    "Parallel Aware": true,
                                    "Relation Name": "movie_info_idx",
                                    "Alias": "mi_idx",
                                    "Startup Cost": 0.0,
                                    "Total Cost": 15122.68,
                                    "Plan Rows": 20378,
                                    "Plan Width": 14,
                                    "Actual Startup Time": 0.078,
                                    "Actual Total Time": 59.725,
                                    "Actual Rows": 17543,
                                    "Actual Loops": 3,
                                    "Filter": "(info > '8.0'::text)",
                                    "Rows Removed by Filter": 442469
                                  },
                                  {
                                    "Node Type": "Hash",
                                    "Parent Relationship": "Inner",
                                    "Parallel Aware": false,
                                    "Startup Cost": 2.41,
                                    "Total Cost": 2.41,
                                    "Plan Rows": 1,
                                    "Plan Width": 4,
                                    "Actual Startup Time": 0.093,
                                    "Actual Total Time": 0.094,
                                    "Actual Rows": 1,
                                    "Actual Loops": 3,
                                    "Hash Buckets": 1024,
                                    "Original Hash Buckets": 1024,
                                    "Hash Batches": 1,
                                    "Original Hash Batches": 1,
                                    "Peak Memory Usage": 9,
                                    "Plans": [
                                      {
                                        "Node Type": "Seq Scan",
                                        "Parent Relationship": "Outer",
                                        "Parallel Aware": false,
                                        "Relation Name": "info_type",
                                        "Alias": "it2",
                                        "Startup Cost": 0.0,
                                        "Total Cost": 2.41,
                                        "Plan Rows": 1,
                                        "Plan Width": 4,
                                        "Actual Startup Time": 0.067,
                                        "Actual Total Time": 0.072,
                                        "Actual Rows": 1,
                                        "Actual Loops": 3,
                                        "Filter": "((info)::text = 'rating'::text)",
                                        "Rows Removed by Filter": 112
                                      }
                                    ]
                                  }
                                ]
                              },
                              {
                                "Node Type": "Index Scan",
                                "Parent Relationship": "Inner",
                                "Parallel Aware": false,
                                "Scan Direction": "Forward",
                                "Index Name": "title_pkey",
                                "Relation Name": "title",
                                "Alias": "t",
                                "Startup Cost": 0.43,
                                "Total Cost": 3.57,
                                "Plan Rows": 1,
                                "Plan Width": 21,
                                "Actual Startup Time": 0.014,
                                "Actual Total Time": 0.014,
                                "Actual Rows": 0,
                                "Actual Loops": 15849,
                                "Index Cond": "(id = mi_idx.movie_id)",
                                "Rows Removed by Index Recheck": 0,
                                "Filter": "((production_year >= 2008) AND (production_year <= 2014))",
                                "Rows Removed by Filter": 1
                              }
                            ]
                          },
                          {
                            "Node Type": "Index Scan",
                            "Parent Relationship": "Inner",
                            "Parallel Aware": false,
                            "Scan Direction": "Forward",
                            "Index Name": "movie_id_movie_info",
                            "Relation Name": "movie_info",
                            "Alias": "mi",
                            "Startup Cost": 0.43,
                            "Total Cost": 2.35,
                            "Plan Rows": 1,
                            "Plan Width": 51,
                            "Actual Startup Time": 0.074,
                            "Actual Total Time": 0.074,
                            "Actual Rows": 0,
                            "Actual Loops": 6152,
                            "Index Cond": "(movie_id = t.id)",
                            "Rows Removed by Index Recheck": 0,
                            "Filter": "((note IS NULL) AND (info = ANY ('{Horror,Thriller}'::text[])))",
                            "Rows Removed by Filter": 18
                          }
                        ]
                      },
                      {
                        "Node Type": "Index Scan",
                        "Parent Relationship": "Inner",
                        "Parallel Aware": false,
                        "Scan Direction": "Forward",
                        "Index Name": "info_type_pkey",
                        "Relation Name": "info_type",
                        "Alias": "it1",
                        "Startup Cost": 0.14,
                        "Total Cost": 0.16,
                        "Plan Rows": 1,
                        "Plan Width": 4,
                        "Actual Startup Time": 0.002,
                        "Actual Total Time": 0.002,
                        "Actual Rows": 1,
                        "Actual Loops": 358,
                        "Index Cond": "(id = mi.info_type_id)",
                        "Rows Removed by Index Recheck": 0,
                        "Filter": "((info)::text = 'genres'::text)",
                        "Rows Removed by Filter": 0
                      }
                    ]
                  }
                ]
              },
              {
                "Node Type": "Index Scan",
                "Parent Relationship": "Inner",
                "Parallel Aware": false,
                "Scan Direction": "Forward",
                "Index Name": "movie_id_cast_info",
                "Relation Name": "cast_info",
                "Alias": "ci",
                "Startup Cost": 0.56,
                "Total Cost": 3.38,
                "Plan Rows": 1,
                "Plan Width": 8,
                "Actual Startup Time": 0.311,
                "Actual Total Time": 0.388,
                "Actual Rows": 1,
                "Actual Loops": 358,
                "Index Cond": "(movie_id = t.id)",
                "Rows Removed by Index Recheck": 0,
                "Filter": "(note = ANY ('{(writer),\"(head writer)\",\"(written by)\",(story),\"(story editor)\"}'::text[]))",
                "Rows Removed by Filter": 34
              }
            ]
          },
          {
            "Node Type": "Index Scan",
            "Parent Relationship": "Inner",
            "Parallel Aware": false,
            "Scan Direction": "Forward",
            "Index Name": "name_pkey",
            "Relation Name": "name",
            "Alias": "n",
            "Startup Cost": 0.43,
            "Total Cost": 0.69,
            "Plan Rows": 1,
            "Plan Width": 4,
            "Actual Startup Time": 0.021,
            "Actual Total Time": 0.021,
            "Actual Rows": 0,
            "Actual Loops": 268,
            "Index Cond": "(id = ci.person_id)",
            "Rows Removed by Index Recheck": 0,
            "Filter": "((gender IS NOT NULL) AND ((gender)::text = 'f'::text))",
            "Rows Removed by Filter": 1
          }
        ]
      }
    ]
  },
  "Planning Time": 7.962,
  "Triggers": [],
  "Execution Time": 393.533
}