{
  "Plan": {
    "Node Type": "Aggregate",
    "Strategy": "Plain",
    "Partial Mode": "Finalize",
    "Parallel Aware": false,
    "Startup Cost": 564324.79,
    "Total Cost": 564324.8,
    "Plan Rows": 1,
    "Plan Width": 8,
    "Actual Startup Time": 1798.247,
    "Actual Total Time": 1829.293,
    "Actual Rows": 1,
    "Actual Loops": 1,
    "Plans": [
      {
        "Node Type": "Gather",
        "Parent Relationship": "Outer",
        "Parallel Aware": false,
        "Startup Cost": 564324.67,
        "Total Cost": 564324.78,
        "Plan Rows": 1,
        "Plan Width": 8,
        "Actual Startup Time": 1791.493,
        "Actual Total Time": 1829.283,
        "Actual Rows": 2,
        "Actual Loops": 1,
        "Workers Planned": 1,
        "Workers Launched": 1,
        "Single Copy": false,
        "Plans": [
          {
            "Node Type": "Aggregate",
            "Strategy": "Plain",
            "Partial Mode": "Partial",
            "Parent Relationship": "Outer",
            "Parallel Aware": false,
            "Startup Cost": 563324.67,
            "Total Cost": 563324.68,
            "Plan Rows": 1,
            "Plan Width": 8,
            "Actual Startup Time": 1779.021,
            "Actual Total Time": 1779.025,
            "Actual Rows": 1,
            "Actual Loops": 2,
            "Plans": [
              {
                "Node Type": "Hash Join",
                "Parent Relationship": "Outer",
                "Parallel Aware": true,
                "Join Type": "Inner",
                "Startup Cost": 234186.35,
                "Total Cost": 558332.29,
                "Plan Rows": 1996955,
                "Plan Width": 0,
                "Actual Startup Time": 1111.837,
                "Actual Total Time": 1735.089,
                "Actual Rows": 1068854,
                "Actual Loops": 2,
                "Inner Unique": true,
                "Hash Cond": "(ci.movie_id = t.id)",
                "Plans": [
                  {
                    "Node Type": "Bitmap Heap Scan",
                    "Parent Relationship": "Outer",
                    "Parallel Aware": true,
                    "Relation Name": "cast_info",
                    "Alias": "ci",
                    "Startup Cost": 164725.65,
                    "Total Cost": 483629.57,
                    "Plan Rows": 1996955,
                    "Plan Width": 4,
                    "Actual Startup Time": 584.076,
                    "Actual Total Time": 765.569,
                    "Actual Rows": 1068854,
                    "Actual Loops": 2,
                    "Recheck Cond": "(person_id < 747628)",
                    "Rows Removed by Index Recheck": 0,
                    "Filter": "(role_id > 2)",
                    "Rows Removed by Filter": 2780356,
                    "Exact Heap Blocks": 43625,
                    "Lossy Heap Blocks": 0,
                    "Plans": [
                      {
                        "Node Type": "Bitmap Index Scan",
                        "Parent Relationship": "Outer",
                        "Parallel Aware": false,
                        "Index Name": "person_id_cast_info",
                        "Startup Cost": 0.0,
                        "Total Cost": 163876.95,
                        "Plan Rows": 7504584,
                        "Plan Width": 0,
                        "Actual Startup Time": 312.097,
                        "Actual Total Time": 312.097,
                        "Actual Rows": 7698422,
                        "Actual Loops": 1,
                        "Index Cond": "(person_id < 747628)"
                      }
                    ]
                  },
                  {
                    "Node Type": "Hash",
                    "Parent Relationship": "Inner",
                    "Parallel Aware": true,
                    "Startup Cost": 50870.31,
                    "Total Cost": 50870.31,
                    "Plan Rows": 1487231,
                    "Plan Width": 4,
                    "Actual Startup Time": 505.78,
                    "Actual Total Time": 505.78,
                    "Actual Rows": 1264156,
                    "Actual Loops": 2,
                    "Hash Buckets": 4194304,
                    "Original Hash Buckets": 4194304,
                    "Hash Batches": 1,
                    "Original Hash Batches": 1,
                    "Peak Memory Usage": 131712,
                    "Plans": [
                      {
                        "Node Type": "Seq Scan",
                        "Parent Relationship": "Outer",
                        "Parallel Aware": true,
                        "Relation Name": "title",
                        "Alias": "t",
                        "Startup Cost": 0.0,
                        "Total Cost": 50870.31,
                        "Plan Rows": 1487231,
                        "Plan Width": 4,
                        "Actual Startup Time": 0.026,
                        "Actual Total Time": 154.786,
                        "Actual Rows": 1264156,
                        "Actual Loops": 2
                      }
                    ]
                  }
                ]
              }
            ]
          }
        ]
      }
    ]
  },
  "Planning Time": 0.701,
  "Triggers": [],
  "Execution Time": 1829.427
}