[
  {
    "Plan": {
      "Node Type": "Aggregate",
      "Strategy": "Plain",
      "Partial Mode": "Finalize",
      "Parallel Aware": false,
      "Startup Cost": 122992.87,
      "Total Cost": 122992.88,
      "Plan Rows": 1,
      "Plan Width": 8,
      "Actual Startup Time": 1162.339,
      "Actual Total Time": 1184.82,
      "Actual Rows": 1,
      "Actual Loops": 1,
      "Plans": [
        {
          "Node Type": "Gather",
          "Parent Relationship": "Outer",
          "Parallel Aware": false,
          "Startup Cost": 122992.55,
          "Total Cost": 122992.86,
          "Plan Rows": 3,
          "Plan Width": 8,
          "Actual Startup Time": 1154.717,
          "Actual Total Time": 1184.812,
          "Actual Rows": 4,
          "Actual Loops": 1,
          "Workers Planned": 3,
          "Workers Launched": 3,
          "Single Copy": false,
          "Plans": [
            {
              "Node Type": "Aggregate",
              "Strategy": "Plain",
              "Partial Mode": "Partial",
              "Parent Relationship": "Outer",
              "Parallel Aware": false,
              "Startup Cost": 121992.55,
              "Total Cost": 121992.56,
              "Plan Rows": 1,
              "Plan Width": 8,
              "Actual Startup Time": 1144.436,
              "Actual Total Time": 1144.442,
              "Actual Rows": 1,
              "Actual Loops": 4,
              "Plans": [
                {
                  "Node Type": "Hash Join",
                  "Parent Relationship": "Outer",
                  "Parallel Aware": true,
                  "Join Type": "Inner",
                  "Startup Cost": 76650.84,
                  "Total Cost": 121633.7,
                  "Plan Rows": 143543,
                  "Plan Width": 0,
                  "Actual Startup Time": 484.461,
                  "Actual Total Time": 963.931,
                  "Actual Rows": 3536227,
                  "Actual Loops": 4,
                  "Inner Unique": false,
                  "Hash Cond": "(mk.movie_id = t.id)",
                  "Plans": [
                    {
                      "Node Type": "Seq Scan",
                      "Parent Relationship": "Outer",
                      "Parallel Aware": true,
                      "Relation Name": "movie_keyword",
                      "Alias": "mk",
                      "Startup Cost": 0.0,
                      "Total Cost": 39047.32,
                      "Plan Rows": 1459332,
                      "Plan Width": 4,
                      "Actual Startup Time": 0.029,
                      "Actual Total Time": 102.689,
                      "Actual Rows": 1130982,
                      "Actual Loops": 4
                    },
                    {
                      "Node Type": "Hash",
                      "Parent Relationship": "Inner",
                      "Parallel Aware": true,
                      "Startup Cost": 75648.06,
                      "Total Cost": 75648.06,
                      "Plan Rows": 80222,
                      "Plan Width": 8,
                      "Actual Startup Time": 437.004,
                      "Actual Total Time": 437.009,
                      "Actual Rows": 189579,
                      "Actual Loops": 4,
                      "Hash Buckets": 1048576,
                      "Original Hash Buckets": 262144,
                      "Hash Batches": 1,
                      "Original Hash Batches": 1,
                      "Peak Memory Usage": 44064,
                      "Plans": [
                        {
                          "Node Type": "Hash Join",
                          "Parent Relationship": "Outer",
                          "Parallel Aware": true,
                          "Join Type": "Inner",
                          "Startup Cost": 46232.17,
                          "Total Cost": 75648.06,
                          "Plan Rows": 80222,
                          "Plan Width": 8,
                          "Actual Startup Time": 182.261,
                          "Actual Total Time": 359.459,
                          "Actual Rows": 189579,
                          "Actual Loops": 4,
                          "Inner Unique": true,
                          "Hash Cond": "(mc.movie_id = t.id)",
                          "Plans": [
                            {
                              "Node Type": "Seq Scan",
                              "Parent Relationship": "Outer",
                              "Parallel Aware": true,
                              "Relation Name": "movie_companies",
                              "Alias": "mc",
                              "Startup Cost": 0.0,
                              "Total Cost": 27206.55,
                              "Plan Rows": 841655,
                              "Plan Width": 4,
                              "Actual Startup Time": 0.019,
                              "Actual Total Time": 68.35,
                              "Actual Rows": 652282,
                              "Actual Loops": 4
                            },
                            {
                              "Node Type": "Hash",
                              "Parent Relationship": "Inner",
                              "Parallel Aware": true,
                              "Startup Cost": 45479.1,
                              "Total Cost": 45479.1,
                              "Plan Rows": 60246,
                              "Plan Width": 4,
                              "Actual Startup Time": 150.086,
                              "Actual Total Time": 150.087,
                              "Actual Rows": 89886,
                              "Actual Loops": 4,
                              "Hash Buckets": 524288,
                              "Original Hash Buckets": 262144,
                              "Hash Batches": 1,
                              "Original Hash Batches": 1,
                              "Peak Memory Usage": 20256,
                              "Plans": [
                                {
                                  "Node Type": "Seq Scan",
                                  "Parent Relationship": "Outer",
                                  "Parallel Aware": true,
                                  "Relation Name": "title",
                                  "Alias": "t",
                                  "Startup Cost": 0.0,
                                  "Total Cost": 45479.1,
                                  "Plan Rows": 60246,
                                  "Plan Width": 4,
                                  "Actual Startup Time": 65.952,
                                  "Actual Total Time": 112.449,
                                  "Actual Rows": 89886,
                                  "Actual Loops": 4,
                                  "Filter": "((production_year < 1998) AND (kind_id = 1))",
                                  "Rows Removed by Filter": 542192
                                }
                              ]
                            }
                          ]
                        }
                      ]
                    }
                  ]
                }
              ]
            }
          ]
        }
      ]
    },
    "Planning Time": 1.016,
    "Triggers": [],
    "Execution Time": 1184.9
  }
]