[
    {
        "Bao": {
            "Bao prediction": "NaN",
            "Bao recommended hint": "(no hint)"
        }
    },
    {
        "Plan": {
            "Node Type": "Aggregate",
            "Strategy": "Plain",
            "Partial Mode": "Finalize",
            "Parallel Aware": false,
            "Startup Cost": 51648.5,
            "Total Cost": 51648.51,
            "Plan Rows": 1,
            "Plan Width": 8,
            "Actual Startup Time": 71.801,
            "Actual Total Time": 80.508,
            "Actual Rows": 1,
            "Actual Loops": 1,
            "Output": [
                "count(*)"
            ],
            "Plans": [
                {
                    "Node Type": "Gather",
                    "Parent Relationship": "Outer",
                    "Parallel Aware": false,
                    "Startup Cost": 51648.08,
                    "Total Cost": 51648.49,
                    "Plan Rows": 4,
                    "Plan Width": 8,
                    "Actual Startup Time": 71.449,
                    "Actual Total Time": 80.498,
                    "Actual Rows": 5,
                    "Actual Loops": 1,
                    "Output": [
                        "(PARTIAL count(*))"
                    ],
                    "Workers Planned": 4,
                    "Workers Launched": 4,
                    "Single Copy": false,
                    "Plans": [
                        {
                            "Node Type": "Aggregate",
                            "Strategy": "Plain",
                            "Partial Mode": "Partial",
                            "Parent Relationship": "Outer",
                            "Parallel Aware": false,
                            "Startup Cost": 50648.08,
                            "Total Cost": 50648.09,
                            "Plan Rows": 1,
                            "Plan Width": 8,
                            "Actual Startup Time": 61.408,
                            "Actual Total Time": 61.41,
                            "Actual Rows": 1,
                            "Actual Loops": 5,
                            "Output": [
                                "PARTIAL count(*)"
                            ],
                            "Workers": [
                                {
                                    "Worker Number": 0,
                                    "Actual Startup Time": 58.655,
                                    "Actual Total Time": 58.657,
                                    "Actual Rows": 1,
                                    "Actual Loops": 1
                                },
                                {
                                    "Worker Number": 1,
                                    "Actual Startup Time": 58.769,
                                    "Actual Total Time": 58.771,
                                    "Actual Rows": 1,
                                    "Actual Loops": 1
                                },
                                {
                                    "Worker Number": 2,
                                    "Actual Startup Time": 59.329,
                                    "Actual Total Time": 59.331,
                                    "Actual Rows": 1,
                                    "Actual Loops": 1
                                },
                                {
                                    "Worker Number": 3,
                                    "Actual Startup Time": 59.627,
                                    "Actual Total Time": 59.628,
                                    "Actual Rows": 1,
                                    "Actual Loops": 1
                                }
                            ],
                            "Plans": [
                                {
                                    "Node Type": "Nested Loop",
                                    "Parent Relationship": "Outer",
                                    "Parallel Aware": false,
                                    "Join Type": "Inner",
                                    "Startup Cost": 2108.41,
                                    "Total Cost": 50641.97,
                                    "Plan Rows": 2444,
                                    "Plan Width": 0,
                                    "Actual Startup Time": 6.663,
                                    "Actual Total Time": 60.703,
                                    "Actual Rows": 7000,
                                    "Actual Loops": 5,
                                    "Inner Unique": false,
                                    "Workers": [
                                        {
                                            "Worker Number": 0,
                                            "Actual Startup Time": 4.094,
                                            "Actual Total Time": 58.127,
                                            "Actual Rows": 4434,
                                            "Actual Loops": 1
                                        },
                                        {
                                            "Worker Number": 1,
                                            "Actual Startup Time": 4.231,
                                            "Actual Total Time": 58.198,
                                            "Actual Rows": 4832,
                                            "Actual Loops": 1
                                        },
                                        {
                                            "Worker Number": 2,
                                            "Actual Startup Time": 4.649,
                                            "Actual Total Time": 58.731,
                                            "Actual Rows": 4654,
                                            "Actual Loops": 1
                                        },
                                        {
                                            "Worker Number": 3,
                                            "Actual Startup Time": 5.298,
                                            "Actual Total Time": 59.062,
                                            "Actual Rows": 5570,
                                            "Actual Loops": 1
                                        }
                                    ],
                                    "Plans": [
                                        {
                                            "Node Type": "Bitmap Heap Scan",
                                            "Parent Relationship": "Outer",
                                            "Parallel Aware": true,
                                            "Relation Name": "title",
                                            "Schema": "public",
                                            "Alias": "t",
                                            "Startup Cost": 2107.97,
                                            "Total Cost": 38549.06,
                                            "Plan Rows": 1366,
                                            "Plan Width": 4,
                                            "Actual Startup Time": 6.376,
                                            "Actual Total Time": 31.441,
                                            "Actual Rows": 1818,
                                            "Actual Loops": 5,
                                            "Output": [
                                                "t.id",
                                                "t.title",
                                                "t.imdb_index",
                                                "t.kind_id",
                                                "t.production_year",
                                                "t.imdb_id",
                                                "t.phonetic_code",
                                                "t.episode_of_id",
                                                "t.season_nr",
                                                "t.episode_nr",
                                                "t.series_years",
                                                "t.md5sum"
                                            ],
                                            "Recheck Cond": "(t.kind_id = 4)",
                                            "Rows Removed by Index Recheck": 0,
                                            "Filter": "(t.production_year = 2007)",
                                            "Rows Removed by Filter": 21829,
                                            "Exact Heap Blocks": 5662,
                                            "Lossy Heap Blocks": 0,
                                            "Workers": [
                                                {
                                                    "Worker Number": 0,
                                                    "Actual Startup Time": 3.712,
                                                    "Actual Total Time": 28.619,
                                                    "Actual Rows": 1241,
                                                    "Actual Loops": 1
                                                },
                                                {
                                                    "Worker Number": 1,
                                                    "Actual Startup Time": 3.83,
                                                    "Actual Total Time": 28.491,
                                                    "Actual Rows": 1232,
                                                    "Actual Loops": 1
                                                },
                                                {
                                                    "Worker Number": 2,
                                                    "Actual Startup Time": 4.294,
                                                    "Actual Total Time": 29.001,
                                                    "Actual Rows": 1169,
                                                    "Actual Loops": 1
                                                },
                                                {
                                                    "Worker Number": 3,
                                                    "Actual Startup Time": 5.075,
                                                    "Actual Total Time": 28.374,
                                                    "Actual Rows": 1452,
                                                    "Actual Loops": 1
                                                }
                                            ],
                                            "Plans": [
                                                {
                                                    "Node Type": "Bitmap Index Scan",
                                                    "Parent Relationship": "Outer",
                                                    "Parallel Aware": false,
                                                    "Index Name": "kind_id_title",
                                                    "Startup Cost": 0.0,
                                                    "Total Cost": 2106.61,
                                                    "Plan Rows": 118157,
                                                    "Plan Width": 0,
                                                    "Actual Startup Time": 11.811,
                                                    "Actual Total Time": 11.812,
                                                    "Actual Rows": 118234,
                                                    "Actual Loops": 1,
                                                    "Index Cond": "(t.kind_id = 4)"
                                                }
                                            ]
                                        },
                                        {
                                            "Node Type": "Index Only Scan",
                                            "Parent Relationship": "Inner",
                                            "Parallel Aware": false,
                                            "Scan Direction": "Forward",
                                            "Index Name": "movie_id_movie_keyword",
                                            "Relation Name": "movie_keyword",
                                            "Schema": "public",
                                            "Alias": "mk",
                                            "Startup Cost": 0.43,
                                            "Total Cost": 8.39,
                                            "Plan Rows": 46,
                                            "Plan Width": 4,
                                            "Actual Startup Time": 0.014,
                                            "Actual Total Time": 0.015,
                                            "Actual Rows": 4,
                                            "Actual Loops": 9091,
                                            "Output": [
                                                "mk.movie_id"
                                            ],
                                            "Index Cond": "(mk.movie_id = t.id)",
                                            "Rows Removed by Index Recheck": 0,
                                            "Heap Fetches": 35002,
                                            "Workers": [
                                                {
                                                    "Worker Number": 0,
                                                    "Actual Startup Time": 0.021,
                                                    "Actual Total Time": 0.022,
                                                    "Actual Rows": 4,
                                                    "Actual Loops": 1241
                                                },
                                                {
                                                    "Worker Number": 1,
                                                    "Actual Startup Time": 0.021,
                                                    "Actual Total Time": 0.023,
                                                    "Actual Rows": 4,
                                                    "Actual Loops": 1232
                                                },
                                                {
                                                    "Worker Number": 2,
                                                    "Actual Startup Time": 0.022,
                                                    "Actual Total Time": 0.024,
                                                    "Actual Rows": 4,
                                                    "Actual Loops": 1169
                                                },
                                                {
                                                    "Worker Number": 3,
                                                    "Actual Startup Time": 0.019,
                                                    "Actual Total Time": 0.02,
                                                    "Actual Rows": 4,
                                                    "Actual Loops": 1452
                                                }
                                            ]
                                        }
                                    ]
                                }
                            ]
                        }
                    ]
                }
            ]
        },
        "Planning Time": 275.551,
        "Triggers": [],
        "Execution Time": 80.635
    }
]