[
  {
    "Plan": {
      "Node Type": "Aggregate",
      "Strategy": "Plain",
      "Partial Mode": "Finalize",
      "Parallel Aware": false,
      "Startup Cost": 319257.26,
      "Total Cost": 319257.27,
      "Plan Rows": 1,
      "Plan Width": 8,
      "Actual Startup Time": 232.756,
      "Actual Total Time": 246.816,
      "Actual Rows": 1,
      "Actual Loops": 1,
      "Plans": [
        {
          "Node Type": "Gather",
          "Parent Relationship": "Outer",
          "Parallel Aware": false,
          "Startup Cost": 319256.64,
          "Total Cost": 319257.25,
          "Plan Rows": 6,
          "Plan Width": 8,
          "Actual Startup Time": 232.254,
          "Actual Total Time": 246.793,
          "Actual Rows": 7,
          "Actual Loops": 1,
          "Workers Planned": 6,
          "Workers Launched": 6,
          "Single Copy": false,
          "Plans": [
            {
              "Node Type": "Aggregate",
              "Strategy": "Plain",
              "Partial Mode": "Partial",
              "Parent Relationship": "Outer",
              "Parallel Aware": false,
              "Startup Cost": 318256.64,
              "Total Cost": 318256.65,
              "Plan Rows": 1,
              "Plan Width": 8,
              "Actual Startup Time": 223.995,
              "Actual Total Time": 223.998,
              "Actual Rows": 1,
              "Actual Loops": 7,
              "Plans": [
                {
                  "Node Type": "Bitmap Heap Scan",
                  "Parent Relationship": "Outer",
                  "Parallel Aware": true,
                  "Relation Name": "cast_info",
                  "Alias": "ci",
                  "Startup Cost": 58900.11,
                  "Total Cost": 317145.05,
                  "Plan Rows": 444635,
                  "Plan Width": 0,
                  "Actual Startup Time": 91.977,
                  "Actual Total Time": 200.318,
                  "Actual Rows": 395632,
                  "Actual Loops": 7,
                  "Recheck Cond": "(person_id < 266141)",
                  "Rows Removed by Index Recheck": 0,
                  "Exact Heap Blocks": 7237,
                  "Lossy Heap Blocks": 0,
                  "Plans": [
                    {
                      "Node Type": "Bitmap Index Scan",
                      "Parent Relationship": "Outer",
                      "Parallel Aware": false,
                      "Index Name": "person_id_cast_info",
                      "Startup Cost": 0.0,
                      "Total Cost": 58233.15,
                      "Plan Rows": 2667812,
                      "Plan Width": 0,
                      "Actual Startup Time": 94.477,
                      "Actual Total Time": 94.48,
                      "Actual Rows": 2769421,
                      "Actual Loops": 1,
                      "Index Cond": "(person_id < 266141)"
                    }
                  ]
                }
              ]
            }
          ]
        }
      ]
    },
    "Planning Time": 0.211,
    "Triggers": [],
    "Execution Time": 246.877
  }
]