[
  {
    "Plan": {
      "Node Type": "Aggregate",
      "Strategy": "Plain",
      "Partial Mode": "Finalize",
      "Parallel Aware": false,
      "Startup Cost": 320125.43,
      "Total Cost": 320125.44,
      "Plan Rows": 1,
      "Plan Width": 8,
      "Actual Startup Time": 243.272,
      "Actual Total Time": 252.962,
      "Actual Rows": 1,
      "Actual Loops": 1,
      "Plans": [
        {
          "Node Type": "Gather",
          "Parent Relationship": "Outer",
          "Parallel Aware": false,
          "Startup Cost": 320124.81,
          "Total Cost": 320125.42,
          "Plan Rows": 6,
          "Plan Width": 8,
          "Actual Startup Time": 242.351,
          "Actual Total Time": 252.954,
          "Actual Rows": 7,
          "Actual Loops": 1,
          "Workers Planned": 6,
          "Workers Launched": 6,
          "Single Copy": false,
          "Plans": [
            {
              "Node Type": "Aggregate",
              "Strategy": "Plain",
              "Partial Mode": "Partial",
              "Parent Relationship": "Outer",
              "Parallel Aware": false,
              "Startup Cost": 319124.81,
              "Total Cost": 319124.82,
              "Plan Rows": 1,
              "Plan Width": 8,
              "Actual Startup Time": 232.156,
              "Actual Total Time": 232.158,
              "Actual Rows": 1,
              "Actual Loops": 7,
              "Plans": [
                {
                  "Node Type": "Bitmap Heap Scan",
                  "Parent Relationship": "Outer",
                  "Parallel Aware": true,
                  "Relation Name": "cast_info",
                  "Alias": "ci",
                  "Startup Cost": 59682.38,
                  "Total Cost": 317998.9,
                  "Plan Rows": 450362,
                  "Plan Width": 0,
                  "Actual Startup Time": 125.37,
                  "Actual Total Time": 211.725,
                  "Actual Rows": 395632,
                  "Actual Loops": 7,
                  "Recheck Cond": "(person_id < 266141)",
                  "Rows Removed by Index Recheck": 0,
                  "Exact Heap Blocks": 6552,
                  "Lossy Heap Blocks": 0,
                  "Plans": [
                    {
                      "Node Type": "Bitmap Index Scan",
                      "Parent Relationship": "Outer",
                      "Parallel Aware": false,
                      "Index Name": "person_id_cast_info",
                      "Startup Cost": 0.0,
                      "Total Cost": 59006.84,
                      "Plan Rows": 2702170,
                      "Plan Width": 0,
                      "Actual Startup Time": 129.596,
                      "Actual Total Time": 129.597,
                      "Actual Rows": 2769421,
                      "Actual Loops": 1,
                      "Index Cond": "(person_id < 266141)"
                    }
                  ]
                }
              ]
            }
          ]
        }
      ]
    },
    "Planning Time": 0.198,
    "Triggers": [],
    "Execution Time": 253.037
  }
]