[
  {
    "Plan": {
      "Node Type": "Aggregate",
      "Strategy": "Plain",
      "Partial Mode": "Finalize",
      "Parallel Aware": false,
      "Startup Cost": 136542.28,
      "Total Cost": 136542.29,
      "Plan Rows": 1,
      "Plan Width": 8,
      "Actual Startup Time": 1552.601,
      "Actual Total Time": 1589.517,
      "Actual Rows": 1,
      "Actual Loops": 1,
      "Plans": [
        {
          "Node Type": "Gather",
          "Parent Relationship": "Outer",
          "Parallel Aware": false,
          "Startup Cost": 136541.96,
          "Total Cost": 136542.27,
          "Plan Rows": 3,
          "Plan Width": 8,
          "Actual Startup Time": 1521.679,
          "Actual Total Time": 1589.502,
          "Actual Rows": 4,
          "Actual Loops": 1,
          "Workers Planned": 3,
          "Workers Launched": 3,
          "Single Copy": false,
          "Plans": [
            {
              "Node Type": "Aggregate",
              "Strategy": "Plain",
              "Partial Mode": "Partial",
              "Parent Relationship": "Outer",
              "Parallel Aware": false,
              "Startup Cost": 135541.96,
              "Total Cost": 135541.97,
              "Plan Rows": 1,
              "Plan Width": 8,
              "Actual Startup Time": 1510.177,
              "Actual Total Time": 1510.186,
              "Actual Rows": 1,
              "Actual Loops": 4,
              "Plans": [
                {
                  "Node Type": "Hash Join",
                  "Parent Relationship": "Outer",
                  "Parallel Aware": true,
                  "Join Type": "Inner",
                  "Startup Cost": 87698.46,
                  "Total Cost": 134090.78,
                  "Plan Rows": 580475,
                  "Plan Width": 0,
                  "Actual Startup Time": 976.696,
                  "Actual Total Time": 1434.924,
                  "Actual Rows": 1192308,
                  "Actual Loops": 4,
                  "Inner Unique": false,
                  "Hash Cond": "(mk.movie_id = t.id)",
                  "Plans": [
                    {
                      "Node Type": "Seq Scan",
                      "Parent Relationship": "Outer",
                      "Parallel Aware": true,
                      "Relation Name": "movie_keyword",
                      "Alias": "mk",
                      "Startup Cost": 0.0,
                      "Total Cost": 39047.32,
                      "Plan Rows": 1459332,
                      "Plan Width": 4,
                      "Actual Startup Time": 0.06,
                      "Actual Total Time": 139.492,
                      "Actual Rows": 1130982,
                      "Actual Loops": 4
                    },
                    {
                      "Node Type": "Hash",
                      "Parent Relationship": "Inner",
                      "Parallel Aware": true,
                      "Startup Cost": 83643.12,
                      "Total Cost": 83643.12,
                      "Plan Rows": 324427,
                      "Plan Width": 8,
                      "Actual Startup Time": 972.322,
                      "Actual Total Time": 972.328,
                      "Actual Rows": 188266,
                      "Actual Loops": 4,
                      "Hash Buckets": 1048576,
                      "Original Hash Buckets": 1048576,
                      "Hash Batches": 1,
                      "Original Hash Batches": 1,
                      "Peak Memory Usage": 37728,
                      "Plans": [
                        {
                          "Node Type": "Hash Join",
                          "Parent Relationship": "Outer",
                          "Parallel Aware": true,
                          "Join Type": "Inner",
                          "Startup Cost": 51321.73,
                          "Total Cost": 83643.12,
                          "Plan Rows": 324427,
                          "Plan Width": 8,
                          "Actual Startup Time": 648.209,
                          "Actual Total Time": 871.221,
                          "Actual Rows": 188266,
                          "Actual Loops": 4,
                          "Inner Unique": true,
                          "Hash Cond": "(mc.movie_id = t.id)",
                          "Plans": [
                            {
                              "Node Type": "Seq Scan",
                              "Parent Relationship": "Outer",
                              "Parallel Aware": true,
                              "Relation Name": "movie_companies",
                              "Alias": "mc",
                              "Startup Cost": 0.0,
                              "Total Cost": 31414.82,
                              "Plan Rows": 345360,
                              "Plan Width": 4,
                              "Actual Startup Time": 52.271,
                              "Actual Total Time": 114.622,
                              "Actual Rows": 205993,
                              "Actual Loops": 4,
                              "Filter": "((company_id < 73714) AND (company_type_id > 1))",
                              "Rows Removed by Filter": 446289
                            },
                            {
                              "Node Type": "Hash",
                              "Parent Relationship": "Inner",
                              "Parallel Aware": true,
                              "Startup Cost": 43899.32,
                              "Total Cost": 43899.32,
                              "Plan Rows": 593793,
                              "Plan Width": 4,
                              "Actual Startup Time": 584.811,
                              "Actual Total Time": 584.813,
                              "Actual Rows": 593643,
                              "Actual Loops": 4,
                              "Hash Buckets": 4194304,
                              "Original Hash Buckets": 4194304,
                              "Hash Batches": 1,
                              "Original Hash Batches": 1,
                              "Peak Memory Usage": 125728,
                              "Plans": [
                                {
                                  "Node Type": "Seq Scan",
                                  "Parent Relationship": "Outer",
                                  "Parallel Aware": true,
                                  "Relation Name": "title",
                                  "Alias": "t",
                                  "Startup Cost": 0.0,
                                  "Total Cost": 43899.32,
                                  "Plan Rows": 593793,
                                  "Plan Width": 4,
                                  "Actual Startup Time": 0.085,
                                  "Actual Total Time": 183.563,
                                  "Actual Rows": 593643,
                                  "Actual Loops": 4,
                                  "Filter": "(production_year > 1918)",
                                  "Rows Removed by Filter": 38435
                                }
                              ]
                            }
                          ]
                        }
                      ]
                    }
                  ]
                }
              ]
            }
          ]
        }
      ]
    },
    "Planning Time": 1.023,
    "Triggers": [],
    "Execution Time": 1589.61
  }
]