[
  {
    "Plan": {
      "Node Type": "Aggregate",
      "Strategy": "Plain",
      "Partial Mode": "Finalize",
      "Parallel Aware": false,
      "Startup Cost": 31151.0,
      "Total Cost": 31151.01,
      "Plan Rows": 1,
      "Plan Width": 8,
      "Actual Startup Time": 96.415,
      "Actual Total Time": 105.582,
      "Actual Rows": 1,
      "Actual Loops": 1,
      "Plans": [
        {
          "Node Type": "Gather",
          "Parent Relationship": "Outer",
          "Parallel Aware": false,
          "Startup Cost": 31150.58,
          "Total Cost": 31150.99,
          "Plan Rows": 4,
          "Plan Width": 8,
          "Actual Startup Time": 96.302,
          "Actual Total Time": 105.566,
          "Actual Rows": 5,
          "Actual Loops": 1,
          "Workers Planned": 4,
          "Workers Launched": 4,
          "Single Copy": false,
          "Plans": [
            {
              "Node Type": "Aggregate",
              "Strategy": "Plain",
              "Partial Mode": "Partial",
              "Parent Relationship": "Outer",
              "Parallel Aware": false,
              "Startup Cost": 30150.58,
              "Total Cost": 30150.59,
              "Plan Rows": 1,
              "Plan Width": 8,
              "Actual Startup Time": 87.379,
              "Actual Total Time": 87.38,
              "Actual Rows": 1,
              "Actual Loops": 5,
              "Plans": [
                {
                  "Node Type": "Index Scan",
                  "Parent Relationship": "Outer",
                  "Parallel Aware": true,
                  "Scan Direction": "Forward",
                  "Index Name": "role_id_cast_info",
                  "Relation Name": "cast_info",
                  "Alias": "ci",
                  "Startup Cost": 0.56,
                  "Total Cost": 29878.05,
                  "Plan Rows": 109013,
                  "Plan Width": 0,
                  "Actual Startup Time": 0.128,
                  "Actual Total Time": 74.334,
                  "Actual Rows": 170305,
                  "Actual Loops": 5,
                  "Index Cond": "(role_id = 9)",
                  "Rows Removed by Index Recheck": 0,
                  "Filter": "(person_id > 2207989)",
                  "Rows Removed by Filter": 48406
                }
              ]
            }
          ]
        }
      ]
    },
    "Planning Time": 0.132,
    "Triggers": [],
    "Execution Time": 105.626
  }
]