{
  "Plan": {
    "Node Type": "Aggregate",
    "Strategy": "Plain",
    "Partial Mode": "Finalize",
    "Parallel Aware": false,
    "Startup Cost": 180802.55,
    "Total Cost": 180802.56,
    "Plan Rows": 1,
    "Plan Width": 8,
    "Actual Startup Time": 92.455,
    "Actual Total Time": 105.124,
    "Actual Rows": 1,
    "Actual Loops": 1,
    "Plans": [
      {
        "Node Type": "Gather",
        "Parent Relationship": "Outer",
        "Parallel Aware": false,
        "Startup Cost": 180802.44,
        "Total Cost": 180802.55,
        "Plan Rows": 1,
        "Plan Width": 8,
        "Actual Startup Time": 92.329,
        "Actual Total Time": 105.116,
        "Actual Rows": 2,
        "Actual Loops": 1,
        "Workers Planned": 1,
        "Workers Launched": 1,
        "Single Copy": false,
        "Plans": [
          {
            "Node Type": "Aggregate",
            "Strategy": "Plain",
            "Partial Mode": "Partial",
            "Parent Relationship": "Outer",
            "Parallel Aware": false,
            "Startup Cost": 179802.44,
            "Total Cost": 179802.45,
            "Plan Rows": 1,
            "Plan Width": 8,
            "Actual Startup Time": 87.499,
            "Actual Total Time": 87.501,
            "Actual Rows": 1,
            "Actual Loops": 2,
            "Plans": [
              {
                "Node Type": "Nested Loop",
                "Parent Relationship": "Outer",
                "Parallel Aware": false,
                "Join Type": "Inner",
                "Startup Cost": 2181.94,
                "Total Cost": 179790.35,
                "Plan Rows": 4836,
                "Plan Width": 0,
                "Actual Startup Time": 16.978,
                "Actual Total Time": 87.127,
                "Actual Rows": 4685,
                "Actual Loops": 2,
                "Inner Unique": false,
                "Plans": [
                  {
                    "Node Type": "Bitmap Heap Scan",
                    "Parent Relationship": "Outer",
                    "Parallel Aware": true,
                    "Relation Name": "title",
                    "Alias": "t",
                    "Startup Cost": 2181.37,
                    "Total Cost": 39257.62,
                    "Plan Rows": 1028,
                    "Plan Width": 4,
                    "Actual Startup Time": 16.746,
                    "Actual Total Time": 42.11,
                    "Actual Rows": 1200,
                    "Actual Loops": 2,
                    "Recheck Cond": "(kind_id = 4)",
                    "Rows Removed by Index Recheck": 0,
                    "Filter": "(production_year = 1995)",
                    "Rows Removed by Filter": 57917,
                    "Exact Heap Blocks": 10168,
                    "Lossy Heap Blocks": 0,
                    "Plans": [
                      {
                        "Node Type": "Bitmap Index Scan",
                        "Parent Relationship": "Outer",
                        "Parallel Aware": false,
                        "Index Name": "kind_id_title",
                        "Startup Cost": 0.0,
                        "Total Cost": 2180.94,
                        "Plan Rows": 122201,
                        "Plan Width": 0,
                        "Actual Startup Time": 16.595,
                        "Actual Total Time": 16.596,
                        "Actual Rows": 118234,
                        "Actual Loops": 1,
                        "Index Cond": "(kind_id = 4)"
                      }
                    ]
                  },
                  {
                    "Node Type": "Index Scan",
                    "Parent Relationship": "Inner",
                    "Parallel Aware": false,
                    "Scan Direction": "Forward",
                    "Index Name": "movie_id_cast_info",
                    "Relation Name": "cast_info",
                    "Alias": "ci",
                    "Startup Cost": 0.56,
                    "Total Cost": 136.58,
                    "Plan Rows": 12,
                    "Plan Width": 4,
                    "Actual Startup Time": 0.014,
                    "Actual Total Time": 0.037,
                    "Actual Rows": 4,
                    "Actual Loops": 2400,
                    "Index Cond": "(movie_id = t.id)",
                    "Rows Removed by Index Recheck": 0,
                    "Filter": "((person_id > 169884) AND (role_id = 1))",
                    "Rows Removed by Filter": 7
                  }
                ]
              }
            ]
          }
        ]
      }
    ]
  },
  "Planning Time": 0.495,
  "Triggers": [],
  "Execution Time": 105.228
}