[
  {
    "Plan": {
      "Node Type": "Aggregate",
      "Strategy": "Plain",
      "Partial Mode": "Finalize",
      "Parallel Aware": false,
      "Startup Cost": 32217.34,
      "Total Cost": 32217.35,
      "Plan Rows": 1,
      "Plan Width": 8,
      "Actual Startup Time": 94.93,
      "Actual Total Time": 102.127,
      "Actual Rows": 1,
      "Actual Loops": 1,
      "Plans": [
        {
          "Node Type": "Gather",
          "Parent Relationship": "Outer",
          "Parallel Aware": false,
          "Startup Cost": 32217.03,
          "Total Cost": 32217.34,
          "Plan Rows": 3,
          "Plan Width": 8,
          "Actual Startup Time": 94.693,
          "Actual Total Time": 102.118,
          "Actual Rows": 4,
          "Actual Loops": 1,
          "Workers Planned": 3,
          "Workers Launched": 3,
          "Single Copy": false,
          "Plans": [
            {
              "Node Type": "Aggregate",
              "Strategy": "Plain",
              "Partial Mode": "Partial",
              "Parent Relationship": "Outer",
              "Parallel Aware": false,
              "Startup Cost": 31217.03,
              "Total Cost": 31217.04,
              "Plan Rows": 1,
              "Plan Width": 8,
              "Actual Startup Time": 88.95,
              "Actual Total Time": 88.951,
              "Actual Rows": 1,
              "Actual Loops": 4,
              "Plans": [
                {
                  "Node Type": "Bitmap Heap Scan",
                  "Parent Relationship": "Outer",
                  "Parallel Aware": true,
                  "Relation Name": "movie_keyword",
                  "Alias": "mk",
                  "Startup Cost": 5507.45,
                  "Total Cost": 31007.76,
                  "Plan Rows": 83705,
                  "Plan Width": 0,
                  "Actual Startup Time": 29.067,
                  "Actual Total Time": 84.868,
                  "Actual Rows": 62297,
                  "Actual Loops": 4,
                  "Recheck Cond": "(keyword_id > 60547)",
                  "Rows Removed by Index Recheck": 0,
                  "Exact Heap Blocks": 11118,
                  "Lossy Heap Blocks": 0,
                  "Plans": [
                    {
                      "Node Type": "Bitmap Index Scan",
                      "Parent Relationship": "Outer",
                      "Parallel Aware": false,
                      "Index Name": "keyword_id_movie_keyword",
                      "Startup Cost": 0.0,
                      "Total Cost": 5442.58,
                      "Plan Rows": 259486,
                      "Plan Width": 0,
                      "Actual Startup Time": 29.946,
                      "Actual Total Time": 29.947,
                      "Actual Rows": 249189,
                      "Actual Loops": 1,
                      "Index Cond": "(keyword_id > 60547)"
                    }
                  ]
                }
              ]
            }
          ]
        }
      ]
    },
    "Planning Time": 0.155,
    "Triggers": [],
    "Execution Time": 102.192
  }
]