[
  {
    "Plan": {
      "Node Type": "Aggregate",
      "Strategy": "Plain",
      "Partial Mode": "Finalize",
      "Parallel Aware": false,
      "Startup Cost": 31156.59,
      "Total Cost": 31156.6,
      "Plan Rows": 1,
      "Plan Width": 8,
      "Actual Startup Time": 96.069,
      "Actual Total Time": 101.801,
      "Actual Rows": 1,
      "Actual Loops": 1,
      "Plans": [
        {
          "Node Type": "Gather",
          "Parent Relationship": "Outer",
          "Parallel Aware": false,
          "Startup Cost": 31156.28,
          "Total Cost": 31156.59,
          "Plan Rows": 3,
          "Plan Width": 8,
          "Actual Startup Time": 95.956,
          "Actual Total Time": 101.792,
          "Actual Rows": 4,
          "Actual Loops": 1,
          "Workers Planned": 3,
          "Workers Launched": 3,
          "Single Copy": false,
          "Plans": [
            {
              "Node Type": "Aggregate",
              "Strategy": "Plain",
              "Partial Mode": "Partial",
              "Parent Relationship": "Outer",
              "Parallel Aware": false,
              "Startup Cost": 30156.28,
              "Total Cost": 30156.29,
              "Plan Rows": 1,
              "Plan Width": 8,
              "Actual Startup Time": 90.243,
              "Actual Total Time": 90.244,
              "Actual Rows": 1,
              "Actual Loops": 4,
              "Plans": [
                {
                  "Node Type": "Seq Scan",
                  "Parent Relationship": "Outer",
                  "Parallel Aware": true,
                  "Relation Name": "movie_companies",
                  "Alias": "mc",
                  "Startup Cost": 0.0,
                  "Total Cost": 29310.68,
                  "Plan Rows": 338238,
                  "Plan Width": 0,
                  "Actual Startup Time": 0.037,
                  "Actual Total Time": 74.695,
                  "Actual Rows": 262184,
                  "Actual Loops": 4,
                  "Filter": "(company_id < 6112)",
                  "Rows Removed by Filter": 390098
                }
              ]
            }
          ]
        }
      ]
    },
    "Planning Time": 0.213,
    "Triggers": [],
    "Execution Time": 101.864
  }
]