[
  {
    "Plan": {
      "Node Type": "Aggregate",
      "Strategy": "Plain",
      "Partial Mode": "Finalize",
      "Parallel Aware": false,
      "Startup Cost": 333742.91,
      "Total Cost": 333742.92,
      "Plan Rows": 1,
      "Plan Width": 8,
      "Actual Startup Time": 623.395,
      "Actual Total Time": 680.575,
      "Actual Rows": 1,
      "Actual Loops": 1,
      "Plans": [
        {
          "Node Type": "Gather",
          "Parent Relationship": "Outer",
          "Parallel Aware": false,
          "Startup Cost": 333742.29,
          "Total Cost": 333742.9,
          "Plan Rows": 6,
          "Plan Width": 8,
          "Actual Startup Time": 623.255,
          "Actual Total Time": 680.565,
          "Actual Rows": 7,
          "Actual Loops": 1,
          "Workers Planned": 6,
          "Workers Launched": 6,
          "Single Copy": false,
          "Plans": [
            {
              "Node Type": "Aggregate",
              "Strategy": "Plain",
              "Partial Mode": "Partial",
              "Parent Relationship": "Outer",
              "Parallel Aware": false,
              "Startup Cost": 332742.29,
              "Total Cost": 332742.3,
              "Plan Rows": 1,
              "Plan Width": 8,
              "Actual Startup Time": 615.122,
              "Actual Total Time": 615.123,
              "Actual Rows": 1,
              "Actual Loops": 7,
              "Plans": [
                {
                  "Node Type": "Seq Scan",
                  "Parent Relationship": "Outer",
                  "Parallel Aware": true,
                  "Relation Name": "cast_info",
                  "Alias": "ci",
                  "Startup Cost": 0.0,
                  "Total Cost": 328162.03,
                  "Plan Rows": 1832104,
                  "Plan Width": 0,
                  "Actual Startup Time": 274.722,
                  "Actual Total Time": 550.461,
                  "Actual Rows": 1556493,
                  "Actual Loops": 7,
                  "Filter": "(person_id > 2616897)",
                  "Rows Removed by Filter": 3621270
                }
              ]
            }
          ]
        }
      ]
    },
    "Planning Time": 0.198,
    "Triggers": [],
    "Execution Time": 680.646
  }
]