[
    {
        "Bao": {
            "Bao prediction": "NaN",
            "Bao recommended hint": "(no hint)"
        }
    },
    {
        "Plan": {
            "Node Type": "Aggregate",
            "Strategy": "Plain",
            "Partial Mode": "Finalize",
            "Parallel Aware": false,
            "Startup Cost": 85375.99,
            "Total Cost": 85376.0,
            "Plan Rows": 1,
            "Plan Width": 8,
            "Actual Startup Time": 447.276,
            "Actual Total Time": 463.322,
            "Actual Rows": 1,
            "Actual Loops": 1,
            "Output": [
                "count(*)"
            ],
            "Plans": [
                {
                    "Node Type": "Gather",
                    "Parent Relationship": "Outer",
                    "Parallel Aware": false,
                    "Startup Cost": 85375.68,
                    "Total Cost": 85375.99,
                    "Plan Rows": 3,
                    "Plan Width": 8,
                    "Actual Startup Time": 434.808,
                    "Actual Total Time": 463.314,
                    "Actual Rows": 4,
                    "Actual Loops": 1,
                    "Output": [
                        "(PARTIAL count(*))"
                    ],
                    "Workers Planned": 3,
                    "Workers Launched": 3,
                    "Single Copy": false,
                    "Plans": [
                        {
                            "Node Type": "Aggregate",
                            "Strategy": "Plain",
                            "Partial Mode": "Partial",
                            "Parent Relationship": "Outer",
                            "Parallel Aware": false,
                            "Startup Cost": 84375.68,
                            "Total Cost": 84375.69,
                            "Plan Rows": 1,
                            "Plan Width": 8,
                            "Actual Startup Time": 423.669,
                            "Actual Total Time": 423.672,
                            "Actual Rows": 1,
                            "Actual Loops": 4,
                            "Output": [
                                "PARTIAL count(*)"
                            ],
                            "Workers": [
                                {
                                    "Worker Number": 0,
                                    "Actual Startup Time": 419.53,
                                    "Actual Total Time": 419.534,
                                    "Actual Rows": 1,
                                    "Actual Loops": 1
                                },
                                {
                                    "Worker Number": 1,
                                    "Actual Startup Time": 420.73,
                                    "Actual Total Time": 420.733,
                                    "Actual Rows": 1,
                                    "Actual Loops": 1
                                },
                                {
                                    "Worker Number": 2,
                                    "Actual Startup Time": 419.895,
                                    "Actual Total Time": 419.898,
                                    "Actual Rows": 1,
                                    "Actual Loops": 1
                                }
                            ],
                            "Plans": [
                                {
                                    "Node Type": "Hash Join",
                                    "Parent Relationship": "Outer",
                                    "Parallel Aware": true,
                                    "Join Type": "Inner",
                                    "Startup Cost": 57871.24,
                                    "Total Cost": 84084.83,
                                    "Plan Rows": 116337,
                                    "Plan Width": 0,
                                    "Actual Startup Time": 336.343,
                                    "Actual Total Time": 418.958,
                                    "Actual Rows": 90923,
                                    "Actual Loops": 4,
                                    "Inner Unique": true,
                                    "Hash Cond": "(mk.movie_id = t.id)",
                                    "Workers": [
                                        {
                                            "Worker Number": 0,
                                            "Actual Startup Time": 332.57,
                                            "Actual Total Time": 414.84,
                                            "Actual Rows": 82608,
                                            "Actual Loops": 1
                                        },
                                        {
                                            "Worker Number": 1,
                                            "Actual Startup Time": 332.378,
                                            "Actual Total Time": 416.09,
                                            "Actual Rows": 97975,
                                            "Actual Loops": 1
                                        },
                                        {
                                            "Worker Number": 2,
                                            "Actual Startup Time": 332.888,
                                            "Actual Total Time": 415.654,
                                            "Actual Rows": 77297,
                                            "Actual Loops": 1
                                        }
                                    ],
                                    "Plans": [
                                        {
                                            "Node Type": "Bitmap Heap Scan",
                                            "Parent Relationship": "Outer",
                                            "Parallel Aware": true,
                                            "Relation Name": "movie_keyword",
                                            "Schema": "public",
                                            "Alias": "mk",
                                            "Startup Cost": 7651.43,
                                            "Total Cost": 33559.64,
                                            "Plan Rows": 116337,
                                            "Plan Width": 4,
                                            "Actual Startup Time": 30.23,
                                            "Actual Total Time": 74.962,
                                            "Actual Rows": 90923,
                                            "Actual Loops": 4,
                                            "Output": [
                                                "mk.id",
                                                "mk.movie_id",
                                                "mk.keyword_id"
                                            ],
                                            "Recheck Cond": "(mk.keyword_id < 335)",
                                            "Rows Removed by Index Recheck": 0,
                                            "Exact Heap Blocks": 7219,
                                            "Lossy Heap Blocks": 0,
                                            "Workers": [
                                                {
                                                    "Worker Number": 0,
                                                    "Actual Startup Time": 30.285,
                                                    "Actual Total Time": 76.396,
                                                    "Actual Rows": 82608,
                                                    "Actual Loops": 1
                                                },
                                                {
                                                    "Worker Number": 1,
                                                    "Actual Startup Time": 30.13,
                                                    "Actual Total Time": 76.384,
                                                    "Actual Rows": 97975,
                                                    "Actual Loops": 1
                                                },
                                                {
                                                    "Worker Number": 2,
                                                    "Actual Startup Time": 30.228,
                                                    "Actual Total Time": 77.727,
                                                    "Actual Rows": 77297,
                                                    "Actual Loops": 1
                                                }
                                            ],
                                            "Plans": [
                                                {
                                                    "Node Type": "Bitmap Index Scan",
                                                    "Parent Relationship": "Outer",
                                                    "Parallel Aware": false,
                                                    "Index Name": "keyword_id_movie_keyword",
                                                    "Startup Cost": 0.0,
                                                    "Total Cost": 7561.27,
                                                    "Plan Rows": 360645,
                                                    "Plan Width": 0,
                                                    "Actual Startup Time": 26.627,
                                                    "Actual Total Time": 26.627,
                                                    "Actual Rows": 363692,
                                                    "Actual Loops": 1,
                                                    "Index Cond": "(mk.keyword_id < 335)",
                                                    "Workers": [
                                                        {
                                                            "Worker Number": 1,
                                                            "Actual Startup Time": 26.627,
                                                            "Actual Total Time": 26.627,
                                                            "Actual Rows": 363692,
                                                            "Actual Loops": 1
                                                        }
                                                    ]
                                                }
                                            ]
                                        },
                                        {
                                            "Node Type": "Hash",
                                            "Parent Relationship": "Inner",
                                            "Parallel Aware": true,
                                            "Startup Cost": 42318.81,
                                            "Total Cost": 42318.81,
                                            "Plan Rows": 632080,
                                            "Plan Width": 4,
                                            "Actual Startup Time": 299.16,
                                            "Actual Total Time": 299.161,
                                            "Actual Rows": 632078,
                                            "Actual Loops": 4,
                                            "Output": [
                                                "t.id"
                                            ],
                                            "Hash Buckets": 4194304,
                                            "Original Hash Buckets": 4194304,
                                            "Hash Batches": 1,
                                            "Original Hash Batches": 1,
                                            "Peak Memory Usage": 131776,
                                            "Workers": [
                                                {
                                                    "Worker Number": 0,
                                                    "Actual Startup Time": 301.733,
                                                    "Actual Total Time": 301.734,
                                                    "Actual Rows": 603774,
                                                    "Actual Loops": 1
                                                },
                                                {
                                                    "Worker Number": 1,
                                                    "Actual Startup Time": 301.761,
                                                    "Actual Total Time": 301.762,
                                                    "Actual Rows": 602867,
                                                    "Actual Loops": 1
                                                },
                                                {
                                                    "Worker Number": 2,
                                                    "Actual Startup Time": 302.189,
                                                    "Actual Total Time": 302.189,
                                                    "Actual Rows": 566143,
                                                    "Actual Loops": 1
                                                }
                                            ],
                                            "Plans": [
                                                {
                                                    "Node Type": "Seq Scan",
                                                    "Parent Relationship": "Outer",
                                                    "Parallel Aware": true,
                                                    "Relation Name": "title",
                                                    "Schema": "public",
                                                    "Alias": "t",
                                                    "Startup Cost": 0.0,
                                                    "Total Cost": 42318.81,
                                                    "Plan Rows": 632080,
                                                    "Plan Width": 4,
                                                    "Actual Startup Time": 0.032,
                                                    "Actual Total Time": 87.366,
                                                    "Actual Rows": 632078,
                                                    "Actual Loops": 4,
                                                    "Output": [
                                                        "t.id"
                                                    ],
                                                    "Workers": [
                                                        {
                                                            "Worker Number": 0,
                                                            "Actual Startup Time": 0.051,
                                                            "Actual Total Time": 91.497,
                                                            "Actual Rows": 603774,
                                                            "Actual Loops": 1
                                                        },
                                                        {
                                                            "Worker Number": 1,
                                                            "Actual Startup Time": 0.025,
                                                            "Actual Total Time": 92.081,
                                                            "Actual Rows": 602867,
                                                            "Actual Loops": 1
                                                        },
                                                        {
                                                            "Worker Number": 2,
                                                            "Actual Startup Time": 0.042,
                                                            "Actual Total Time": 87.864,
                                                            "Actual Rows": 566143,
                                                            "Actual Loops": 1
                                                        }
                                                    ]
                                                }
                                            ]
                                        }
                                    ]
                                }
                            ]
                        }
                    ]
                }
            ]
        },
        "Planning Time": 199.718,
        "Triggers": [],
        "Execution Time": 463.381
    }
]