[
    {
        "Bao": {
            "Bao prediction": "NaN",
            "Bao recommended hint": "(no hint)"
        }
    },
    {
        "Plan": {
            "Node Type": "Aggregate",
            "Strategy": "Plain",
            "Partial Mode": "Simple",
            "Parallel Aware": false,
            "Startup Cost": 11619.2,
            "Total Cost": 11619.21,
            "Plan Rows": 1,
            "Plan Width": 8,
            "Actual Startup Time": 3.975,
            "Actual Total Time": 3.976,
            "Actual Rows": 1,
            "Actual Loops": 1,
            "Output": [
                "count(*)"
            ],
            "Plans": [
                {
                    "Node Type": "Bitmap Heap Scan",
                    "Parent Relationship": "Outer",
                    "Parallel Aware": false,
                    "Relation Name": "movie_keyword",
                    "Schema": "public",
                    "Alias": "mk",
                    "Startup Cost": 99.49,
                    "Total Cost": 11607.89,
                    "Plan Rows": 4524,
                    "Plan Width": 0,
                    "Actual Startup Time": 0.639,
                    "Actual Total Time": 3.752,
                    "Actual Rows": 4387,
                    "Actual Loops": 1,
                    "Recheck Cond": "(mk.keyword_id = 20321)",
                    "Rows Removed by Index Recheck": 0,
                    "Exact Heap Blocks": 1812,
                    "Lossy Heap Blocks": 0,
                    "Plans": [
                        {
                            "Node Type": "Bitmap Index Scan",
                            "Parent Relationship": "Outer",
                            "Parallel Aware": false,
                            "Index Name": "keyword_id_movie_keyword",
                            "Startup Cost": 0.0,
                            "Total Cost": 98.36,
                            "Plan Rows": 4524,
                            "Plan Width": 0,
                            "Actual Startup Time": 0.453,
                            "Actual Total Time": 0.454,
                            "Actual Rows": 4387,
                            "Actual Loops": 1,
                            "Index Cond": "(mk.keyword_id = 20321)"
                        }
                    ]
                }
            ]
        },
        "Planning Time": 187.71,
        "Triggers": [],
        "Execution Time": 4.016
    }
]