[
  {
    "Plan": {
      "Node Type": "Aggregate",
      "Strategy": "Plain",
      "Partial Mode": "Finalize",
      "Parallel Aware": false,
      "Startup Cost": 49501.27,
      "Total Cost": 49501.28,
      "Plan Rows": 1,
      "Plan Width": 8,
      "Actual Startup Time": 91.534,
      "Actual Total Time": 104.895,
      "Actual Rows": 1,
      "Actual Loops": 1,
      "Plans": [
        {
          "Node Type": "Gather",
          "Parent Relationship": "Outer",
          "Parallel Aware": false,
          "Startup Cost": 49500.85,
          "Total Cost": 49501.26,
          "Plan Rows": 4,
          "Plan Width": 8,
          "Actual Startup Time": 91.333,
          "Actual Total Time": 104.881,
          "Actual Rows": 5,
          "Actual Loops": 1,
          "Workers Planned": 4,
          "Workers Launched": 4,
          "Single Copy": false,
          "Plans": [
            {
              "Node Type": "Aggregate",
              "Strategy": "Plain",
              "Partial Mode": "Partial",
              "Parent Relationship": "Outer",
              "Parallel Aware": false,
              "Startup Cost": 48500.85,
              "Total Cost": 48500.86,
              "Plan Rows": 1,
              "Plan Width": 8,
              "Actual Startup Time": 86.593,
              "Actual Total Time": 86.594,
              "Actual Rows": 1,
              "Actual Loops": 5,
              "Plans": [
                {
                  "Node Type": "Nested Loop",
                  "Parent Relationship": "Outer",
                  "Parallel Aware": false,
                  "Join Type": "Inner",
                  "Startup Cost": 0.43,
                  "Total Cost": 48500.56,
                  "Plan Rows": 114,
                  "Plan Width": 0,
                  "Actual Startup Time": 54.372,
                  "Actual Total Time": 86.552,
                  "Actual Rows": 176,
                  "Actual Loops": 5,
                  "Inner Unique": false,
                  "Plans": [
                    {
                      "Node Type": "Seq Scan",
                      "Parent Relationship": "Outer",
                      "Parallel Aware": true,
                      "Relation Name": "title",
                      "Alias": "t",
                      "Startup Cost": 0.0,
                      "Total Cost": 43899.32,
                      "Plan Rows": 632,
                      "Plan Width": 4,
                      "Actual Startup Time": 54.008,
                      "Actual Total Time": 80.288,
                      "Actual Rows": 513,
                      "Actual Loops": 5,
                      "Filter": "(production_year = 1932)",
                      "Rows Removed by Filter": 505149
                    },
                    {
                      "Node Type": "Index Scan",
                      "Parent Relationship": "Inner",
                      "Parallel Aware": false,
                      "Scan Direction": "Forward",
                      "Index Name": "movie_id_movie_info_idx",
                      "Relation Name": "movie_info_idx",
                      "Alias": "mi_idx",
                      "Startup Cost": 0.43,
                      "Total Cost": 7.27,
                      "Plan Rows": 1,
                      "Plan Width": 4,
                      "Actual Startup Time": 0.011,
                      "Actual Total Time": 0.012,
                      "Actual Rows": 0,
                      "Actual Loops": 2567,
                      "Index Cond": "(movie_id = t.id)",
                      "Rows Removed by Index Recheck": 0,
                      "Filter": "(info_type_id = 99)",
                      "Rows Removed by Filter": 1
                    }
                  ]
                }
              ]
            }
          ]
        }
      ]
    },
    "Planning Time": 0.495,
    "Triggers": [],
    "Execution Time": 104.969
  }
]