[
  {
    "Plan": {
      "Node Type": "Aggregate",
      "Strategy": "Plain",
      "Partial Mode": "Finalize",
      "Parallel Aware": false,
      "Startup Cost": 46567.42,
      "Total Cost": 46567.43,
      "Plan Rows": 1,
      "Plan Width": 8,
      "Actual Startup Time": 99.441,
      "Actual Total Time": 110.051,
      "Actual Rows": 1,
      "Actual Loops": 1,
      "Plans": [
        {
          "Node Type": "Gather",
          "Parent Relationship": "Outer",
          "Parallel Aware": false,
          "Startup Cost": 46567.0,
          "Total Cost": 46567.41,
          "Plan Rows": 4,
          "Plan Width": 8,
          "Actual Startup Time": 99.257,
          "Actual Total Time": 110.037,
          "Actual Rows": 5,
          "Actual Loops": 1,
          "Workers Planned": 4,
          "Workers Launched": 4,
          "Single Copy": false,
          "Plans": [
            {
              "Node Type": "Aggregate",
              "Strategy": "Plain",
              "Partial Mode": "Partial",
              "Parent Relationship": "Outer",
              "Parallel Aware": false,
              "Startup Cost": 45567.0,
              "Total Cost": 45567.01,
              "Plan Rows": 1,
              "Plan Width": 8,
              "Actual Startup Time": 89.89,
              "Actual Total Time": 89.893,
              "Actual Rows": 1,
              "Actual Loops": 5,
              "Plans": [
                {
                  "Node Type": "Seq Scan",
                  "Parent Relationship": "Outer",
                  "Parallel Aware": true,
                  "Relation Name": "title",
                  "Alias": "t",
                  "Startup Cost": 0.0,
                  "Total Cost": 45479.59,
                  "Plan Rows": 34964,
                  "Plan Width": 0,
                  "Actual Startup Time": 0.051,
                  "Actual Total Time": 87.664,
                  "Actual Rows": 30132,
                  "Actual Loops": 5,
                  "Filter": "((production_year > 2011) AND (kind_id = 7))",
                  "Rows Removed by Filter": 475531
                }
              ]
            }
          ]
        }
      ]
    },
    "Planning Time": 0.198,
    "Triggers": [],
    "Execution Time": 110.121
  }
]