[
  {
    "Plan": {
      "Node Type": "Aggregate",
      "Strategy": "Plain",
      "Partial Mode": "Finalize",
      "Parallel Aware": false,
      "Startup Cost": 46566.84,
      "Total Cost": 46566.85,
      "Plan Rows": 1,
      "Plan Width": 8,
      "Actual Startup Time": 94.559,
      "Actual Total Time": 108.16,
      "Actual Rows": 1,
      "Actual Loops": 1,
      "Plans": [
        {
          "Node Type": "Gather",
          "Parent Relationship": "Outer",
          "Parallel Aware": false,
          "Startup Cost": 46566.42,
          "Total Cost": 46566.83,
          "Plan Rows": 4,
          "Plan Width": 8,
          "Actual Startup Time": 94.324,
          "Actual Total Time": 108.15,
          "Actual Rows": 5,
          "Actual Loops": 1,
          "Workers Planned": 4,
          "Workers Launched": 4,
          "Single Copy": false,
          "Plans": [
            {
              "Node Type": "Aggregate",
              "Strategy": "Plain",
              "Partial Mode": "Partial",
              "Parent Relationship": "Outer",
              "Parallel Aware": false,
              "Startup Cost": 45566.42,
              "Total Cost": 45566.43,
              "Plan Rows": 1,
              "Plan Width": 8,
              "Actual Startup Time": 86.771,
              "Actual Total Time": 86.773,
              "Actual Rows": 1,
              "Actual Loops": 5,
              "Plans": [
                {
                  "Node Type": "Seq Scan",
                  "Parent Relationship": "Outer",
                  "Parallel Aware": true,
                  "Relation Name": "title",
                  "Alias": "t",
                  "Startup Cost": 0.0,
                  "Total Cost": 45479.1,
                  "Plan Rows": 34929,
                  "Plan Width": 0,
                  "Actual Startup Time": 0.041,
                  "Actual Total Time": 84.367,
                  "Actual Rows": 30132,
                  "Actual Loops": 5,
                  "Filter": "((production_year > 2011) AND (kind_id = 7))",
                  "Rows Removed by Filter": 475531
                }
              ]
            }
          ]
        }
      ]
    },
    "Planning Time": 0.191,
    "Triggers": [],
    "Execution Time": 108.219
  }
]