[
  {
    "Plan": {
      "Node Type": "Aggregate",
      "Strategy": "Plain",
      "Partial Mode": "Finalize",
      "Parallel Aware": false,
      "Startup Cost": 131711.95,
      "Total Cost": 131711.96,
      "Plan Rows": 1,
      "Plan Width": 8,
      "Actual Startup Time": 598.77,
      "Actual Total Time": 618.428,
      "Actual Rows": 1,
      "Actual Loops": 1,
      "Plans": [
        {
          "Node Type": "Gather",
          "Parent Relationship": "Outer",
          "Parallel Aware": false,
          "Startup Cost": 131711.63,
          "Total Cost": 131711.94,
          "Plan Rows": 3,
          "Plan Width": 8,
          "Actual Startup Time": 594.229,
          "Actual Total Time": 618.403,
          "Actual Rows": 4,
          "Actual Loops": 1,
          "Workers Planned": 3,
          "Workers Launched": 3,
          "Single Copy": false,
          "Plans": [
            {
              "Node Type": "Aggregate",
              "Strategy": "Plain",
              "Partial Mode": "Partial",
              "Parent Relationship": "Outer",
              "Parallel Aware": false,
              "Startup Cost": 130711.63,
              "Total Cost": 130711.64,
              "Plan Rows": 1,
              "Plan Width": 8,
              "Actual Startup Time": 586.85,
              "Actual Total Time": 587.186,
              "Actual Rows": 1,
              "Actual Loops": 4,
              "Plans": [
                {
                  "Node Type": "Hash Join",
                  "Parent Relationship": "Outer",
                  "Parallel Aware": true,
                  "Join Type": "Inner",
                  "Startup Cost": 83000.84,
                  "Total Cost": 130055.02,
                  "Plan Rows": 262645,
                  "Plan Width": 0,
                  "Actual Startup Time": 414.701,
                  "Actual Total Time": 583.351,
                  "Actual Rows": 95726,
                  "Actual Loops": 4,
                  "Inner Unique": false,
                  "Hash Cond": "(mk.movie_id = t.id)",
                  "Plans": [
                    {
                      "Node Type": "Seq Scan",
                      "Parent Relationship": "Outer",
                      "Parallel Aware": true,
                      "Relation Name": "movie_keyword",
                      "Alias": "mk",
                      "Startup Cost": 0.0,
                      "Total Cost": 42695.65,
                      "Plan Rows": 936344,
                      "Plan Width": 4,
                      "Actual Startup Time": 0.034,
                      "Actual Total Time": 102.665,
                      "Actual Rows": 724485,
                      "Actual Loops": 4,
                      "Filter": "(keyword_id < 9195)",
                      "Rows Removed by Filter": 406498
                    },
                    {
                      "Node Type": "Hash",
                      "Parent Relationship": "Inner",
                      "Parallel Aware": true,
                      "Startup Cost": 80141.21,
                      "Total Cost": 80141.21,
                      "Plan Rows": 228770,
                      "Plan Width": 8,
                      "Actual Startup Time": 409.956,
                      "Actual Total Time": 410.291,
                      "Actual Rows": 88150,
                      "Actual Loops": 4,
                      "Hash Buckets": 1048576,
                      "Original Hash Buckets": 1048576,
                      "Hash Batches": 1,
                      "Original Hash Batches": 1,
                      "Peak Memory Usage": 22048,
                      "Plans": [
                        {
                          "Node Type": "Hash Join",
                          "Parent Relationship": "Outer",
                          "Parallel Aware": true,
                          "Join Type": "Inner",
                          "Startup Cost": 49708.77,
                          "Total Cost": 80141.21,
                          "Plan Rows": 228770,
                          "Plan Width": 8,
                          "Actual Startup Time": 257.765,
                          "Actual Total Time": 379.501,
                          "Actual Rows": 88150,
                          "Actual Loops": 4,
                          "Inner Unique": true,
                          "Hash Cond": "(mc.movie_id = t.id)",
                          "Plans": [
                            {
                              "Node Type": "Seq Scan",
                              "Parent Relationship": "Outer",
                              "Parallel Aware": true,
                              "Relation Name": "movie_companies",
                              "Alias": "mc",
                              "Startup Cost": 0.0,
                              "Total Cost": 29310.68,
                              "Plan Rows": 427336,
                              "Plan Width": 4,
                              "Actual Startup Time": 27.283,
                              "Actual Total Time": 62.927,
                              "Actual Rows": 333721,
                              "Actual Loops": 4,
                              "Filter": "(company_type_id > 1)",
                              "Rows Removed by Filter": 318562
                            },
                            {
                              "Node Type": "Hash",
                              "Parent Relationship": "Inner",
                              "Parallel Aware": true,
                              "Startup Cost": 45479.1,
                              "Total Cost": 45479.1,
                              "Plan Rows": 338374,
                              "Plan Width": 4,
                              "Actual Startup Time": 226.089,
                              "Actual Total Time": 226.09,
                              "Actual Rows": 331945,
                              "Actual Loops": 4,
                              "Hash Buckets": 2097152,
                              "Original Hash Buckets": 2097152,
                              "Hash Batches": 1,
                              "Original Hash Batches": 1,
                              "Peak Memory Usage": 68384,
                              "Plans": [
                                {
                                  "Node Type": "Seq Scan",
                                  "Parent Relationship": "Outer",
                                  "Parallel Aware": true,
                                  "Relation Name": "title",
                                  "Alias": "t",
                                  "Startup Cost": 0.0,
                                  "Total Cost": 45479.1,
                                  "Plan Rows": 338374,
                                  "Plan Width": 4,
                                  "Actual Startup Time": 0.048,
                                  "Actual Total Time": 102.479,
                                  "Actual Rows": 331945,
                                  "Actual Loops": 4,
                                  "Filter": "((production_year < 2012) AND (kind_id = 7))",
                                  "Rows Removed by Filter": 300133
                                }
                              ]
                            }
                          ]
                        }
                      ]
                    }
                  ]
                }
              ]
            }
          ]
        }
      ]
    },
    "Planning Time": 0.974,
    "Triggers": [],
    "Execution Time": 618.491
  }
]