[
    {
        "Bao": {
            "Bao prediction": "NaN",
            "Bao recommended hint": "(no hint)"
        }
    },
    {
        "Plan": {
            "Node Type": "Aggregate",
            "Strategy": "Plain",
            "Partial Mode": "Finalize",
            "Parallel Aware": false,
            "Startup Cost": 348671.41,
            "Total Cost": 348671.42,
            "Plan Rows": 1,
            "Plan Width": 8,
            "Actual Startup Time": 653.233,
            "Actual Total Time": 685.071,
            "Actual Rows": 1,
            "Actual Loops": 1,
            "Output": [
                "count(*)"
            ],
            "Plans": [
                {
                    "Node Type": "Gather",
                    "Parent Relationship": "Outer",
                    "Parallel Aware": false,
                    "Startup Cost": 348670.78,
                    "Total Cost": 348671.39,
                    "Plan Rows": 6,
                    "Plan Width": 8,
                    "Actual Startup Time": 653.104,
                    "Actual Total Time": 685.063,
                    "Actual Rows": 7,
                    "Actual Loops": 1,
                    "Output": [
                        "(PARTIAL count(*))"
                    ],
                    "Workers Planned": 6,
                    "Workers Launched": 6,
                    "Single Copy": false,
                    "Plans": [
                        {
                            "Node Type": "Aggregate",
                            "Strategy": "Plain",
                            "Partial Mode": "Partial",
                            "Parent Relationship": "Outer",
                            "Parallel Aware": false,
                            "Startup Cost": 347670.78,
                            "Total Cost": 347670.79,
                            "Plan Rows": 1,
                            "Plan Width": 8,
                            "Actual Startup Time": 642.97,
                            "Actual Total Time": 642.971,
                            "Actual Rows": 1,
                            "Actual Loops": 7,
                            "Output": [
                                "PARTIAL count(*)"
                            ],
                            "Workers": [
                                {
                                    "Worker Number": 0,
                                    "Actual Startup Time": 640.322,
                                    "Actual Total Time": 640.324,
                                    "Actual Rows": 1,
                                    "Actual Loops": 1
                                },
                                {
                                    "Worker Number": 1,
                                    "Actual Startup Time": 640.591,
                                    "Actual Total Time": 640.592,
                                    "Actual Rows": 1,
                                    "Actual Loops": 1
                                },
                                {
                                    "Worker Number": 2,
                                    "Actual Startup Time": 641.254,
                                    "Actual Total Time": 641.256,
                                    "Actual Rows": 1,
                                    "Actual Loops": 1
                                },
                                {
                                    "Worker Number": 3,
                                    "Actual Startup Time": 641.193,
                                    "Actual Total Time": 641.194,
                                    "Actual Rows": 1,
                                    "Actual Loops": 1
                                },
                                {
                                    "Worker Number": 4,
                                    "Actual Startup Time": 642.274,
                                    "Actual Total Time": 642.275,
                                    "Actual Rows": 1,
                                    "Actual Loops": 1
                                },
                                {
                                    "Worker Number": 5,
                                    "Actual Startup Time": 642.415,
                                    "Actual Total Time": 642.416,
                                    "Actual Rows": 1,
                                    "Actual Loops": 1
                                }
                            ],
                            "Plans": [
                                {
                                    "Node Type": "Seq Scan",
                                    "Parent Relationship": "Outer",
                                    "Parallel Aware": true,
                                    "Relation Name": "cast_info",
                                    "Schema": "public",
                                    "Alias": "ci",
                                    "Startup Cost": 0.0,
                                    "Total Cost": 343318.94,
                                    "Plan Rows": 1740736,
                                    "Plan Width": 0,
                                    "Actual Startup Time": 220.206,
                                    "Actual Total Time": 611.007,
                                    "Actual Rows": 639502,
                                    "Actual Loops": 7,
                                    "Output": [
                                        "id",
                                        "person_id",
                                        "movie_id",
                                        "person_role_id",
                                        "note",
                                        "nr_order",
                                        "role_id"
                                    ],
                                    "Filter": "((ci.person_id < 1585260) AND (ci.role_id > 1))",
                                    "Rows Removed by Filter": 4538261,
                                    "Workers": [
                                        {
                                            "Worker Number": 0,
                                            "Actual Startup Time": 218.367,
                                            "Actual Total Time": 608.365,
                                            "Actual Rows": 465313,
                                            "Actual Loops": 1
                                        },
                                        {
                                            "Worker Number": 1,
                                            "Actual Startup Time": 217.22,
                                            "Actual Total Time": 608.53,
                                            "Actual Rows": 467384,
                                            "Actual Loops": 1
                                        },
                                        {
                                            "Worker Number": 2,
                                            "Actual Startup Time": 218.632,
                                            "Actual Total Time": 610.573,
                                            "Actual Rows": 721346,
                                            "Actual Loops": 1
                                        },
                                        {
                                            "Worker Number": 3,
                                            "Actual Startup Time": 219.095,
                                            "Actual Total Time": 610.599,
                                            "Actual Rows": 698070,
                                            "Actual Loops": 1
                                        },
                                        {
                                            "Worker Number": 4,
                                            "Actual Startup Time": 218.703,
                                            "Actual Total Time": 611.476,
                                            "Actual Rows": 723489,
                                            "Actual Loops": 1
                                        },
                                        {
                                            "Worker Number": 5,
                                            "Actual Startup Time": 219.939,
                                            "Actual Total Time": 610.495,
                                            "Actual Rows": 464722,
                                            "Actual Loops": 1
                                        }
                                    ]
                                }
                            ]
                        }
                    ]
                }
            ]
        },
        "Planning Time": 178.184,
        "Triggers": [],
        "Execution Time": 685.115
    }
]