{
  "Plan": {
    "Node Type": "Aggregate",
    "Strategy": "Plain",
    "Partial Mode": "Finalize",
    "Parallel Aware": false,
    "Startup Cost": 269904.06,
    "Total Cost": 269904.07,
    "Plan Rows": 1,
    "Plan Width": 8,
    "Actual Startup Time": 1571.634,
    "Actual Total Time": 1615.374,
    "Actual Rows": 1,
    "Actual Loops": 1,
    "Plans": [
      {
        "Node Type": "Gather",
        "Parent Relationship": "Outer",
        "Parallel Aware": false,
        "Startup Cost": 269903.95,
        "Total Cost": 269904.06,
        "Plan Rows": 1,
        "Plan Width": 8,
        "Actual Startup Time": 1415.488,
        "Actual Total Time": 1615.358,
        "Actual Rows": 2,
        "Actual Loops": 1,
        "Workers Planned": 1,
        "Workers Launched": 1,
        "Single Copy": false,
        "Plans": [
          {
            "Node Type": "Aggregate",
            "Strategy": "Plain",
            "Partial Mode": "Partial",
            "Parent Relationship": "Outer",
            "Parallel Aware": false,
            "Startup Cost": 268903.95,
            "Total Cost": 268903.96,
            "Plan Rows": 1,
            "Plan Width": 8,
            "Actual Startup Time": 1474.35,
            "Actual Total Time": 1474.363,
            "Actual Rows": 1,
            "Actual Loops": 2,
            "Plans": [
              {
                "Node Type": "Merge Join",
                "Parent Relationship": "Outer",
                "Parallel Aware": false,
                "Join Type": "Inner",
                "Startup Cost": 260887.37,
                "Total Cost": 268546.77,
                "Plan Rows": 142872,
                "Plan Width": 0,
                "Actual Startup Time": 1336.134,
                "Actual Total Time": 1465.371,
                "Actual Rows": 171239,
                "Actual Loops": 2,
                "Inner Unique": false,
                "Merge Cond": "(t.id = mc.movie_id)",
                "Plans": [
                  {
                    "Node Type": "Sort",
                    "Parent Relationship": "Outer",
                    "Parallel Aware": false,
                    "Startup Cost": 168159.52,
                    "Total Cost": 170132.76,
                    "Plan Rows": 789293,
                    "Plan Width": 8,
                    "Actual Startup Time": 1050.61,
                    "Actual Total Time": 1081.086,
                    "Actual Rows": 689918,
                    "Actual Loops": 2,
                    "Sort Key": [
                      "mi_idx.movie_id"
                    ],
                    "Sort Method": "quicksort",
                    "Sort Space Used": 63380,
                    "Sort Space Type": "Memory",
                    "Workers": [
                      {
                        "Worker Number": 0,
                        "Sort Method": "quicksort",
                        "Sort Space Used": 50453,
                        "Sort Space Type": "Memory"
                      }
                    ],
                    "Plans": [
                      {
                        "Node Type": "Hash Join",
                        "Parent Relationship": "Outer",
                        "Parallel Aware": true,
                        "Join Type": "Inner",
                        "Startup Cost": 72663.69,
                        "Total Cost": 90847.48,
                        "Plan Rows": 789293,
                        "Plan Width": 8,
                        "Actual Startup Time": 616.492,
                        "Actual Total Time": 881.998,
                        "Actual Rows": 689928,
                        "Actual Loops": 2,
                        "Inner Unique": true,
                        "Hash Cond": "(mi_idx.movie_id = t.id)",
                        "Plans": [
                          {
                            "Node Type": "Seq Scan",
                            "Parent Relationship": "Outer",
                            "Parallel Aware": true,
                            "Relation Name": "movie_info_idx",
                            "Alias": "mi_idx",
                            "Startup Cost": 0.0,
                            "Total Cost": 16052.85,
                            "Plan Rows": 811785,
                            "Plan Width": 4,
                            "Actual Startup Time": 0.024,
                            "Actual Total Time": 63.161,
                            "Actual Rows": 690018,
                            "Actual Loops": 2
                          },
                          {
                            "Node Type": "Hash",
                            "Parent Relationship": "Inner",
                            "Parallel Aware": true,
                            "Startup Cost": 54588.39,
                            "Total Cost": 54588.39,
                            "Plan Rows": 1446024,
                            "Plan Width": 4,
                            "Actual Startup Time": 594.694,
                            "Actual Total Time": 594.697,
                            "Actual Rows": 1228109,
                            "Actual Loops": 2,
                            "Hash Buckets": 4194304,
                            "Original Hash Buckets": 4194304,
                            "Hash Batches": 1,
                            "Original Hash Batches": 1,
                            "Peak Memory Usage": 128896,
                            "Plans": [
                              {
                                "Node Type": "Seq Scan",
                                "Parent Relationship": "Outer",
                                "Parallel Aware": true,
                                "Relation Name": "title",
                                "Alias": "t",
                                "Startup Cost": 0.0,
                                "Total Cost": 54588.39,
                                "Plan Rows": 1446024,
                                "Plan Width": 4,
                                "Actual Startup Time": 0.029,
                                "Actual Total Time": 216.022,
                                "Actual Rows": 1228109,
                                "Actual Loops": 2,
                                "Filter": "(production_year > 0)",
                                "Rows Removed by Filter": 36047
                              }
                            ]
                          }
                        ]
                      }
                    ]
                  },
                  {
                    "Node Type": "Sort",
                    "Parent Relationship": "Inner",
                    "Parallel Aware": false,
                    "Startup Cost": 92727.77,
                    "Total Cost": 93871.9,
                    "Plan Rows": 457655,
                    "Plan Width": 4,
                    "Actual Startup Time": 285.505,
                    "Actual Total Time": 303.211,
                    "Actual Rows": 375811,
                    "Actual Loops": 2,
                    "Sort Key": [
                      "mc.movie_id"
                    ],
                    "Sort Method": "quicksort",
                    "Sort Space Used": 18419,
                    "Sort Space Type": "Memory",
                    "Workers": [
                      {
                        "Worker Number": 0,
                        "Sort Method": "quicksort",
                        "Sort Space Used": 18419,
                        "Sort Space Type": "Memory"
                      }
                    ],
                    "Plans": [
                      {
                        "Node Type": "Index Scan",
                        "Parent Relationship": "Outer",
                        "Parallel Aware": false,
                        "Scan Direction": "Forward",
                        "Index Name": "company_type_id_movie_companies",
                        "Relation Name": "movie_companies",
                        "Alias": "mc",
                        "Startup Cost": 0.43,
                        "Total Cost": 49699.27,
                        "Plan Rows": 457655,
                        "Plan Width": 4,
                        "Actual Startup Time": 0.129,
                        "Actual Total Time": 220.746,
                        "Actual Rows": 261848,
                        "Actual Loops": 2,
                        "Index Cond": "(company_type_id > 1)",
                        "Rows Removed by Index Recheck": 0,
                        "Filter": "(company_id < 2853)",
                        "Rows Removed by Filter": 1073035
                      }
                    ]
                  }
                ]
              }
            ]
          }
        ]
      }
    ]
  },
  "Planning Time": 1.059,
  "Triggers": [],
  "Execution Time": 1621.427
}