[
  {
    "Plan": {
      "Node Type": "Aggregate",
      "Strategy": "Plain",
      "Partial Mode": "Finalize",
      "Parallel Aware": false,
      "Startup Cost": 47163.6,
      "Total Cost": 47163.61,
      "Plan Rows": 1,
      "Plan Width": 8,
      "Actual Startup Time": 206.151,
      "Actual Total Time": 217.409,
      "Actual Rows": 1,
      "Actual Loops": 1,
      "Plans": [
        {
          "Node Type": "Gather",
          "Parent Relationship": "Outer",
          "Parallel Aware": false,
          "Startup Cost": 47163.28,
          "Total Cost": 47163.59,
          "Plan Rows": 3,
          "Plan Width": 8,
          "Actual Startup Time": 205.852,
          "Actual Total Time": 217.395,
          "Actual Rows": 4,
          "Actual Loops": 1,
          "Workers Planned": 3,
          "Workers Launched": 3,
          "Single Copy": false,
          "Plans": [
            {
              "Node Type": "Aggregate",
              "Strategy": "Plain",
              "Partial Mode": "Partial",
              "Parent Relationship": "Outer",
              "Parallel Aware": false,
              "Startup Cost": 46163.28,
              "Total Cost": 46163.29,
              "Plan Rows": 1,
              "Plan Width": 8,
              "Actual Startup Time": 201.187,
              "Actual Total Time": 201.189,
              "Actual Rows": 1,
              "Actual Loops": 4,
              "Plans": [
                {
                  "Node Type": "Seq Scan",
                  "Parent Relationship": "Outer",
                  "Parallel Aware": true,
                  "Relation Name": "movie_keyword",
                  "Alias": "mk",
                  "Startup Cost": 0.0,
                  "Total Cost": 42695.65,
                  "Plan Rows": 1387051,
                  "Plan Width": 0,
                  "Actual Startup Time": 0.036,
                  "Actual Total Time": 144.09,
                  "Actual Rows": 1073613,
                  "Actual Loops": 4,
                  "Filter": "(keyword_id < 63406)",
                  "Rows Removed by Filter": 57369
                }
              ]
            }
          ]
        }
      ]
    },
    "Planning Time": 0.148,
    "Triggers": [],
    "Execution Time": 217.46
  }
]