{
  "Plan": {
    "Node Type": "Aggregate",
    "Strategy": "Plain",
    "Partial Mode": "Finalize",
    "Parallel Aware": false,
    "Startup Cost": 486566.25,
    "Total Cost": 486566.26,
    "Plan Rows": 1,
    "Plan Width": 8,
    "Actual Startup Time": 299.011,
    "Actual Total Time": 348.129,
    "Actual Rows": 1,
    "Actual Loops": 1,
    "Plans": [
      {
        "Node Type": "Gather",
        "Parent Relationship": "Outer",
        "Parallel Aware": false,
        "Startup Cost": 486566.14,
        "Total Cost": 486566.25,
        "Plan Rows": 1,
        "Plan Width": 8,
        "Actual Startup Time": 298.901,
        "Actual Total Time": 348.121,
        "Actual Rows": 2,
        "Actual Loops": 1,
        "Workers Planned": 1,
        "Workers Launched": 1,
        "Single Copy": false,
        "Plans": [
          {
            "Node Type": "Aggregate",
            "Strategy": "Plain",
            "Partial Mode": "Partial",
            "Parent Relationship": "Outer",
            "Parallel Aware": false,
            "Startup Cost": 485566.14,
            "Total Cost": 485566.15,
            "Plan Rows": 1,
            "Plan Width": 8,
            "Actual Startup Time": 292.921,
            "Actual Total Time": 292.923,
            "Actual Rows": 1,
            "Actual Loops": 2,
            "Plans": [
              {
                "Node Type": "Nested Loop",
                "Parent Relationship": "Outer",
                "Parallel Aware": false,
                "Join Type": "Inner",
                "Startup Cost": 0.56,
                "Total Cost": 485417.81,
                "Plan Rows": 59331,
                "Plan Width": 0,
                "Actual Startup Time": 0.447,
                "Actual Total Time": 289.214,
                "Actual Rows": 59726,
                "Actual Loops": 2,
                "Inner Unique": false,
                "Plans": [
                  {
                    "Node Type": "Seq Scan",
                    "Parent Relationship": "Outer",
                    "Parallel Aware": true,
                    "Relation Name": "title",
                    "Alias": "t",
                    "Startup Cost": 0.0,
                    "Total Cost": 58306.47,
                    "Plan Rows": 4141,
                    "Plan Width": 4,
                    "Actual Startup Time": 0.255,
                    "Actual Total Time": 127.408,
                    "Actual Rows": 3664,
                    "Actual Loops": 2,
                    "Filter": "((kind_id < 7) AND (production_year = 1984))",
                    "Rows Removed by Filter": 1260492
                  },
                  {
                    "Node Type": "Index Only Scan",
                    "Parent Relationship": "Inner",
                    "Parallel Aware": false,
                    "Scan Direction": "Forward",
                    "Index Name": "movie_id_cast_info",
                    "Relation Name": "cast_info",
                    "Alias": "ci",
                    "Startup Cost": 0.56,
                    "Total Cost": 102.77,
                    "Plan Rows": 37,
                    "Plan Width": 4,
                    "Actual Startup Time": 0.009,
                    "Actual Total Time": 0.042,
                    "Actual Rows": 16,
                    "Actual Loops": 7329,
                    "Index Cond": "(movie_id = t.id)",
                    "Rows Removed by Index Recheck": 0,
                    "Heap Fetches": 119453
                  }
                ]
              }
            ]
          }
        ]
      }
    ]
  },
  "Planning Time": 0.52,
  "Triggers": [],
  "Execution Time": 348.216
}