[
  {
    "Plan": {
      "Node Type": "Aggregate",
      "Strategy": "Plain",
      "Partial Mode": "Finalize",
      "Parallel Aware": false,
      "Startup Cost": 46060.59,
      "Total Cost": 46060.6,
      "Plan Rows": 1,
      "Plan Width": 8,
      "Actual Startup Time": 207.749,
      "Actual Total Time": 219.705,
      "Actual Rows": 1,
      "Actual Loops": 1,
      "Plans": [
        {
          "Node Type": "Gather",
          "Parent Relationship": "Outer",
          "Parallel Aware": false,
          "Startup Cost": 46060.27,
          "Total Cost": 46060.58,
          "Plan Rows": 3,
          "Plan Width": 8,
          "Actual Startup Time": 207.583,
          "Actual Total Time": 219.694,
          "Actual Rows": 4,
          "Actual Loops": 1,
          "Workers Planned": 3,
          "Workers Launched": 3,
          "Single Copy": false,
          "Plans": [
            {
              "Node Type": "Aggregate",
              "Strategy": "Plain",
              "Partial Mode": "Partial",
              "Parent Relationship": "Outer",
              "Parallel Aware": false,
              "Startup Cost": 45060.27,
              "Total Cost": 45060.28,
              "Plan Rows": 1,
              "Plan Width": 8,
              "Actual Startup Time": 199.494,
              "Actual Total Time": 199.495,
              "Actual Rows": 1,
              "Actual Loops": 4,
              "Plans": [
                {
                  "Node Type": "Seq Scan",
                  "Parent Relationship": "Outer",
                  "Parallel Aware": true,
                  "Relation Name": "movie_keyword",
                  "Alias": "mk",
                  "Startup Cost": 0.0,
                  "Total Cost": 42695.65,
                  "Plan Rows": 945847,
                  "Plan Width": 0,
                  "Actual Startup Time": 0.056,
                  "Actual Total Time": 154.386,
                  "Actual Rows": 734420,
                  "Actual Loops": 4,
                  "Filter": "(keyword_id < 9807)",
                  "Rows Removed by Filter": 396562
                }
              ]
            }
          ]
        }
      ]
    },
    "Planning Time": 0.086,
    "Triggers": [],
    "Execution Time": 219.739
  }
]