{
  "Plan": {
    "Node Type": "Aggregate",
    "Strategy": "Plain",
    "Partial Mode": "Finalize",
    "Parallel Aware": false,
    "Startup Cost": 677657.92,
    "Total Cost": 677657.93,
    "Plan Rows": 1,
    "Plan Width": 8,
    "Actual Startup Time": 9696.79,
    "Actual Total Time": 9751.939,
    "Actual Rows": 1,
    "Actual Loops": 1,
    "Plans": [
      {
        "Node Type": "Gather",
        "Parent Relationship": "Outer",
        "Parallel Aware": false,
        "Startup Cost": 677657.81,
        "Total Cost": 677657.92,
        "Plan Rows": 1,
        "Plan Width": 8,
        "Actual Startup Time": 9694.875,
        "Actual Total Time": 9751.93,
        "Actual Rows": 2,
        "Actual Loops": 1,
        "Workers Planned": 1,
        "Workers Launched": 1,
        "Single Copy": false,
        "Plans": [
          {
            "Node Type": "Aggregate",
            "Strategy": "Plain",
            "Partial Mode": "Partial",
            "Parent Relationship": "Outer",
            "Parallel Aware": false,
            "Startup Cost": 676657.81,
            "Total Cost": 676657.82,
            "Plan Rows": 1,
            "Plan Width": 8,
            "Actual Startup Time": 9686.793,
            "Actual Total Time": 9686.797,
            "Actual Rows": 1,
            "Actual Loops": 2,
            "Plans": [
              {
                "Node Type": "Hash Join",
                "Parent Relationship": "Outer",
                "Parallel Aware": true,
                "Join Type": "Inner",
                "Startup Cost": 67499.49,
                "Total Cost": 640792.58,
                "Plan Rows": 14346091,
                "Plan Width": 0,
                "Actual Startup Time": 556.31,
                "Actual Total Time": 9126.282,
                "Actual Rows": 12995690,
                "Actual Loops": 2,
                "Inner Unique": true,
                "Hash Cond": "(ci.movie_id = t.id)",
                "Plans": [
                  {
                    "Node Type": "Seq Scan",
                    "Parent Relationship": "Outer",
                    "Parallel Aware": true,
                    "Relation Name": "cast_info",
                    "Alias": "ci",
                    "Startup Cost": 0.0,
                    "Total Cost": 519069.44,
                    "Plan Rows": 20656594,
                    "Plan Width": 4,
                    "Actual Startup Time": 36.109,
                    "Actual Total Time": 1920.453,
                    "Actual Rows": 17560563,
                    "Actual Loops": 2,
                    "Filter": "(person_id > 114565)",
                    "Rows Removed by Filter": 561609
                  },
                  {
                    "Node Type": "Hash",
                    "Parent Relationship": "Inner",
                    "Parallel Aware": true,
                    "Startup Cost": 54588.39,
                    "Total Cost": 54588.39,
                    "Plan Rows": 1032888,
                    "Plan Width": 4,
                    "Actual Startup Time": 505.788,
                    "Actual Total Time": 505.79,
                    "Actual Rows": 874516,
                    "Actual Loops": 2,
                    "Hash Buckets": 2097152,
                    "Original Hash Buckets": 2097152,
                    "Hash Batches": 1,
                    "Original Hash Batches": 1,
                    "Peak Memory Usage": 84832,
                    "Plans": [
                      {
                        "Node Type": "Seq Scan",
                        "Parent Relationship": "Outer",
                        "Parallel Aware": true,
                        "Relation Name": "title",
                        "Alias": "t",
                        "Startup Cost": 0.0,
                        "Total Cost": 54588.39,
                        "Plan Rows": 1032888,
                        "Plan Width": 4,
                        "Actual Startup Time": 0.027,
                        "Actual Total Time": 209.075,
                        "Actual Rows": 874516,
                        "Actual Loops": 2,
                        "Filter": "(production_year > 1990)",
                        "Rows Removed by Filter": 389640
                      }
                    ]
                  }
                ]
              }
            ]
          }
        ]
      }
    ]
  },
  "Planning Time": 0.697,
  "Triggers": [],
  "Execution Time": 9752.025
}