[
  {
    "Plan": {
      "Node Type": "Aggregate",
      "Strategy": "Plain",
      "Partial Mode": "Finalize",
      "Parallel Aware": false,
      "Startup Cost": 339897.34,
      "Total Cost": 339897.35,
      "Plan Rows": 1,
      "Plan Width": 8,
      "Actual Startup Time": 824.395,
      "Actual Total Time": 867.59,
      "Actual Rows": 1,
      "Actual Loops": 1,
      "Plans": [
        {
          "Node Type": "Gather",
          "Parent Relationship": "Outer",
          "Parallel Aware": false,
          "Startup Cost": 339896.71,
          "Total Cost": 339897.32,
          "Plan Rows": 6,
          "Plan Width": 8,
          "Actual Startup Time": 824.178,
          "Actual Total Time": 867.577,
          "Actual Rows": 7,
          "Actual Loops": 1,
          "Workers Planned": 6,
          "Workers Launched": 6,
          "Single Copy": false,
          "Plans": [
            {
              "Node Type": "Aggregate",
              "Strategy": "Plain",
              "Partial Mode": "Partial",
              "Parent Relationship": "Outer",
              "Parallel Aware": false,
              "Startup Cost": 338896.71,
              "Total Cost": 338896.72,
              "Plan Rows": 1,
              "Plan Width": 8,
              "Actual Startup Time": 816.655,
              "Actual Total Time": 816.656,
              "Actual Rows": 1,
              "Actual Loops": 7,
              "Plans": [
                {
                  "Node Type": "Seq Scan",
                  "Parent Relationship": "Outer",
                  "Parallel Aware": true,
                  "Relation Name": "cast_info",
                  "Alias": "ci",
                  "Startup Cost": 0.0,
                  "Total Cost": 328211.39,
                  "Plan Rows": 4274128,
                  "Plan Width": 0,
                  "Actual Startup Time": 0.047,
                  "Actual Total Time": 637.554,
                  "Actual Rows": 3680064,
                  "Actual Loops": 7,
                  "Filter": "(person_id < 2661648)",
                  "Rows Removed by Filter": 1497699
                }
              ]
            }
          ]
        }
      ]
    },
    "Planning Time": 0.144,
    "Triggers": [],
    "Execution Time": 867.642
  }
]