[
    {
        "Bao": {
            "Bao prediction": 607.851,
            "Bao recommended hint": "SET enable_mergejoin TO off; "
        }
    },
    {
        "Plan": {
            "Node Type": "Aggregate",
            "Strategy": "Plain",
            "Partial Mode": "Simple",
            "Parallel Aware": false,
            "Startup Cost": 39195.49,
            "Total Cost": 39195.5,
            "Plan Rows": 1,
            "Plan Width": 8,
            "Actual Startup Time": 75.034,
            "Actual Total Time": 75.036,
            "Actual Rows": 1,
            "Actual Loops": 1,
            "Output": [
                "count(*)"
            ],
            "Plans": [
                {
                    "Node Type": "Bitmap Heap Scan",
                    "Parent Relationship": "Outer",
                    "Parallel Aware": false,
                    "Relation Name": "title",
                    "Schema": "public",
                    "Alias": "t",
                    "Startup Cost": 1674.94,
                    "Total Cost": 39068.57,
                    "Plan Rows": 50769,
                    "Plan Width": 0,
                    "Actual Startup Time": 24.14,
                    "Actual Total Time": 71.192,
                    "Actual Rows": 49193,
                    "Actual Loops": 1,
                    "Recheck Cond": "(t.kind_id = 2)",
                    "Rows Removed by Index Recheck": 0,
                    "Filter": "(t.production_year > 2000)",
                    "Rows Removed by Filter": 41659,
                    "Exact Heap Blocks": 23872,
                    "Lossy Heap Blocks": 0,
                    "Plans": [
                        {
                            "Node Type": "Bitmap Index Scan",
                            "Parent Relationship": "Outer",
                            "Parallel Aware": false,
                            "Index Name": "kind_id_title",
                            "Startup Cost": 0.0,
                            "Total Cost": 1662.25,
                            "Plan Rows": 93042,
                            "Plan Width": 0,
                            "Actual Startup Time": 15.433,
                            "Actual Total Time": 15.434,
                            "Actual Rows": 90852,
                            "Actual Loops": 1,
                            "Index Cond": "(t.kind_id = 2)"
                        }
                    ]
                }
            ]
        },
        "Planning Time": 1504.237,
        "Triggers": [],
        "Execution Time": 75.136
    }
]