[
  {
    "Plan": {
      "Node Type": "Aggregate",
      "Strategy": "Plain",
      "Partial Mode": "Finalize",
      "Parallel Aware": false,
      "Startup Cost": 64588.27,
      "Total Cost": 64588.28,
      "Plan Rows": 1,
      "Plan Width": 8,
      "Actual Startup Time": 350.068,
      "Actual Total Time": 368.651,
      "Actual Rows": 1,
      "Actual Loops": 1,
      "Plans": [
        {
          "Node Type": "Gather",
          "Parent Relationship": "Outer",
          "Parallel Aware": false,
          "Startup Cost": 64588.06,
          "Total Cost": 64588.27,
          "Plan Rows": 2,
          "Plan Width": 8,
          "Actual Startup Time": 346.446,
          "Actual Total Time": 368.641,
          "Actual Rows": 3,
          "Actual Loops": 1,
          "Workers Planned": 2,
          "Workers Launched": 2,
          "Single Copy": false,
          "Plans": [
            {
              "Node Type": "Aggregate",
              "Strategy": "Plain",
              "Partial Mode": "Partial",
              "Parent Relationship": "Outer",
              "Parallel Aware": false,
              "Startup Cost": 63588.06,
              "Total Cost": 63588.07,
              "Plan Rows": 1,
              "Plan Width": 8,
              "Actual Startup Time": 340.969,
              "Actual Total Time": 340.972,
              "Actual Rows": 1,
              "Actual Loops": 3,
              "Plans": [
                {
                  "Node Type": "Hash Join",
                  "Parent Relationship": "Outer",
                  "Parallel Aware": true,
                  "Join Type": "Inner",
                  "Startup Cost": 47239.54,
                  "Total Cost": 63373.53,
                  "Plan Rows": 85813,
                  "Plan Width": 0,
                  "Actual Startup Time": 209.558,
                  "Actual Total Time": 332.678,
                  "Actual Rows": 150952,
                  "Actual Loops": 3,
                  "Inner Unique": true,
                  "Hash Cond": "(mi_idx.movie_id = t.id)",
                  "Plans": [
                    {
                      "Node Type": "Seq Scan",
                      "Parent Relationship": "Outer",
                      "Parallel Aware": true,
                      "Relation Name": "movie_info_idx",
                      "Alias": "mi_idx",
                      "Startup Cost": 0.0,
                      "Total Cost": 15122.68,
                      "Plan Rows": 385260,
                      "Plan Width": 4,
                      "Actual Startup Time": 0.014,
                      "Actual Total Time": 56.712,
                      "Actual Rows": 306703,
                      "Actual Loops": 3,
                      "Filter": "(info_type_id > 99)",
                      "Rows Removed by Filter": 153308
                    },
                    {
                      "Node Type": "Hash",
                      "Parent Relationship": "Inner",
                      "Parallel Aware": true,
                      "Startup Cost": 45479.59,
                      "Total Cost": 45479.59,
                      "Plan Rows": 140796,
                      "Plan Width": 4,
                      "Actual Startup Time": 204.093,
                      "Actual Total Time": 204.093,
                      "Actual Rows": 213928,
                      "Actual Loops": 3,
                      "Hash Buckets": 1048576,
                      "Original Hash Buckets": 1048576,
                      "Hash Batches": 1,
                      "Original Hash Batches": 1,
                      "Peak Memory Usage": 33344,
                      "Plans": [
                        {
                          "Node Type": "Seq Scan",
                          "Parent Relationship": "Outer",
                          "Parallel Aware": true,
                          "Relation Name": "title",
                          "Alias": "t",
                          "Startup Cost": 0.0,
                          "Total Cost": 45479.59,
                          "Plan Rows": 140796,
                          "Plan Width": 4,
                          "Actual Startup Time": 0.032,
                          "Actual Total Time": 134.674,
                          "Actual Rows": 213928,
                          "Actual Loops": 3,
                          "Filter": "((kind_id < 7) AND (production_year < 2006))",
                          "Rows Removed by Filter": 628842
                        }
                      ]
                    }
                  ]
                }
              ]
            }
          ]
        }
      ]
    },
    "Planning Time": 0.495,
    "Triggers": [],
    "Execution Time": 368.712
  }
]