{
  "Plan": {
    "Node Type": "Aggregate",
    "Strategy": "Plain",
    "Partial Mode": "Finalize",
    "Parallel Aware": false,
    "Startup Cost": 190240.57,
    "Total Cost": 190240.58,
    "Plan Rows": 1,
    "Plan Width": 8,
    "Actual Startup Time": 201.497,
    "Actual Total Time": 225.039,
    "Actual Rows": 1,
    "Actual Loops": 1,
    "Plans": [
      {
        "Node Type": "Gather",
        "Parent Relationship": "Outer",
        "Parallel Aware": false,
        "Startup Cost": 190240.45,
        "Total Cost": 190240.56,
        "Plan Rows": 1,
        "Plan Width": 8,
        "Actual Startup Time": 201.376,
        "Actual Total Time": 225.032,
        "Actual Rows": 2,
        "Actual Loops": 1,
        "Workers Planned": 1,
        "Workers Launched": 1,
        "Single Copy": false,
        "Plans": [
          {
            "Node Type": "Aggregate",
            "Strategy": "Plain",
            "Partial Mode": "Partial",
            "Parent Relationship": "Outer",
            "Parallel Aware": false,
            "Startup Cost": 189240.45,
            "Total Cost": 189240.46,
            "Plan Rows": 1,
            "Plan Width": 8,
            "Actual Startup Time": 195.646,
            "Actual Total Time": 195.648,
            "Actual Rows": 1,
            "Actual Loops": 2,
            "Plans": [
              {
                "Node Type": "Nested Loop",
                "Parent Relationship": "Outer",
                "Parallel Aware": false,
                "Join Type": "Inner",
                "Startup Cost": 0.43,
                "Total Cost": 189232.44,
                "Plan Rows": 3205,
                "Plan Width": 0,
                "Actual Startup Time": 94.819,
                "Actual Total Time": 194.175,
                "Actual Rows": 22318,
                "Actual Loops": 2,
                "Inner Unique": false,
                "Plans": [
                  {
                    "Node Type": "Seq Scan",
                    "Parent Relationship": "Outer",
                    "Parallel Aware": true,
                    "Relation Name": "title",
                    "Alias": "t",
                    "Startup Cost": 0.0,
                    "Total Cost": 58306.47,
                    "Plan Rows": 914,
                    "Plan Width": 4,
                    "Actual Startup Time": 94.716,
                    "Actual Total Time": 144.137,
                    "Actual Rows": 2298,
                    "Actual Loops": 2,
                    "Filter": "((kind_id < 7) AND (production_year = 1910))",
                    "Rows Removed by Filter": 1261858
                  },
                  {
                    "Node Type": "Index Scan",
                    "Parent Relationship": "Inner",
                    "Parallel Aware": false,
                    "Scan Direction": "Forward",
                    "Index Name": "movie_id_movie_info",
                    "Relation Name": "movie_info",
                    "Alias": "mi",
                    "Startup Cost": 0.43,
                    "Total Cost": 143.0,
                    "Plan Rows": 25,
                    "Plan Width": 4,
                    "Actual Startup Time": 0.008,
                    "Actual Total Time": 0.02,
                    "Actual Rows": 10,
                    "Actual Loops": 4597,
                    "Index Cond": "(movie_id = t.id)",
                    "Rows Removed by Index Recheck": 0,
                    "Filter": "(info_type_id < 15)",
                    "Rows Removed by Filter": 2
                  }
                ]
              }
            ]
          }
        ]
      }
    ]
  },
  "Planning Time": 0.303,
  "Triggers": [],
  "Execution Time": 225.092
}