[
  {
    "Plan": {
      "Node Type": "Aggregate",
      "Strategy": "Plain",
      "Partial Mode": "Simple",
      "Parallel Aware": false,
      "Startup Cost": 3825.91,
      "Total Cost": 3825.92,
      "Plan Rows": 1,
      "Plan Width": 96,
      "Actual Startup Time": 39.991,
      "Actual Total Time": 39.996,
      "Actual Rows": 1,
      "Actual Loops": 1,
      "Plans": [
        {
          "Node Type": "Nested Loop",
          "Parent Relationship": "Outer",
          "Parallel Aware": false,
          "Join Type": "Inner",
          "Startup Cost": 11.94,
          "Total Cost": 3825.83,
          "Plan Rows": 10,
          "Plan Width": 46,
          "Actual Startup Time": 2.567,
          "Actual Total Time": 39.901,
          "Actual Rows": 92,
          "Actual Loops": 1,
          "Inner Unique": true,
          "Plans": [
            {
              "Node Type": "Nested Loop",
              "Parent Relationship": "Outer",
              "Parallel Aware": false,
              "Join Type": "Inner",
              "Startup Cost": 11.51,
              "Total Cost": 3781.11,
              "Plan Rows": 10,
              "Plan Width": 33,
              "Actual Startup Time": 2.465,
              "Actual Total Time": 36.175,
              "Actual Rows": 92,
              "Actual Loops": 1,
              "Inner Unique": true,
              "Plans": [
                {
                  "Node Type": "Nested Loop",
                  "Parent Relationship": "Outer",
                  "Parallel Aware": false,
                  "Join Type": "Inner",
                  "Startup Cost": 11.08,
                  "Total Cost": 3776.24,
                  "Plan Rows": 10,
                  "Plan Width": 24,
                  "Actual Startup Time": 2.415,
                  "Actual Total Time": 35.455,
                  "Actual Rows": 92,
                  "Actual Loops": 1,
                  "Inner Unique": true,
                  "Join Filter": "(ml.link_type_id = lt.id)",
                  "Rows Removed by Join Filter": 549,
                  "Plans": [
                    {
                      "Node Type": "Nested Loop",
                      "Parent Relationship": "Outer",
                      "Parallel Aware": false,
                      "Join Type": "Inner",
                      "Startup Cost": 11.08,
                      "Total Cost": 3772.56,
                      "Plan Rows": 10,
                      "Plan Width": 16,
                      "Actual Startup Time": 2.392,
                      "Actual Total Time": 35.246,
                      "Actual Rows": 92,
                      "Actual Loops": 1,
                      "Inner Unique": false,
                      "Plans": [
                        {
                          "Node Type": "Nested Loop",
                          "Parent Relationship": "Outer",
                          "Parallel Aware": false,
                          "Join Type": "Inner",
                          "Startup Cost": 10.8,
                          "Total Cost": 3758.1,
                          "Plan Rows": 34,
                          "Plan Width": 4,
                          "Actual Startup Time": 2.282,
                          "Actual Total Time": 29.993,
                          "Actual Rows": 2373,
                          "Actual Loops": 1,
                          "Inner Unique": false,
                          "Plans": [
                            {
                              "Node Type": "Seq Scan",
                              "Parent Relationship": "Outer",
                              "Parallel Aware": false,
                              "Relation Name": "keyword",
                              "Alias": "k",
                              "Startup Cost": 0.0,
                              "Total Cost": 2626.12,
                              "Plan Rows": 1,
                              "Plan Width": 4,
                              "Actual Startup Time": 0.306,
                              "Actual Total Time": 13.175,
                              "Actual Rows": 1,
                              "Actual Loops": 1,
                              "Filter": "(keyword = 'hand-to-hand-combat'::text)",
                              "Rows Removed by Filter": 134169
                            },
                            {
                              "Node Type": "Bitmap Heap Scan",
                              "Parent Relationship": "Inner",
                              "Parallel Aware": false,
                              "Relation Name": "movie_keyword",
                              "Alias": "mk",
                              "Startup Cost": 10.8,
                              "Total Cost": 1128.92,
                              "Plan Rows": 305,
                              "Plan Width": 8,
                              "Actual Startup Time": 1.967,
                              "Actual Total Time": 16.062,
                              "Actual Rows": 2373,
                              "Actual Loops": 1,
                              "Recheck Cond": "(keyword_id = k.id)",
                              "Rows Removed by Index Recheck": 0,
                              "Exact Heap Blocks": 1935,
                              "Lossy Heap Blocks": 0,
                              "Plans": [
                                {
                                  "Node Type": "Bitmap Index Scan",
                                  "Parent Relationship": "Outer",
                                  "Parallel Aware": false,
                                  "Index Name": "keyword_id_movie_keyword",
                                  "Startup Cost": 0.0,
                                  "Total Cost": 10.72,
                                  "Plan Rows": 305,
                                  "Plan Width": 0,
                                  "Actual Startup Time": 1.4,
                                  "Actual Total Time": 1.4,
                                  "Actual Rows": 2373,
                                  "Actual Loops": 1,
                                  "Index Cond": "(keyword_id = k.id)"
                                }
                              ]
                            }
                          ]
                        },
                        {
                          "Node Type": "Index Scan",
                          "Parent Relationship": "Inner",
                          "Parallel Aware": false,
                          "Scan Direction": "Forward",
                          "Index Name": "movie_id_movie_link",
                          "Relation Name": "movie_link",
                          "Alias": "ml",
                          "Startup Cost": 0.29,
                          "Total Cost": 0.38,
                          "Plan Rows": 5,
                          "Plan Width": 12,
                          "Actual Startup Time": 0.001,
                          "Actual Total Time": 0.002,
                          "Actual Rows": 0,
                          "Actual Loops": 2373,
                          "Index Cond": "(movie_id = mk.movie_id)",
                          "Rows Removed by Index Recheck": 0
                        }
                      ]
                    },
                    {
                      "Node Type": "Materialize",
                      "Parent Relationship": "Inner",
                      "Parallel Aware": false,
                      "Startup Cost": 0.0,
                      "Total Cost": 1.27,
                      "Plan Rows": 18,
                      "Plan Width": 16,
                      "Actual Startup Time": 0.0,
                      "Actual Total Time": 0.001,
                      "Actual Rows": 7,
                      "Actual Loops": 92,
                      "Plans": [
                        {
                          "Node Type": "Seq Scan",
                          "Parent Relationship": "Outer",
                          "Parallel Aware": false,
                          "Relation Name": "link_type",
                          "Alias": "lt",
                          "Startup Cost": 0.0,
                          "Total Cost": 1.18,
                          "Plan Rows": 18,
                          "Plan Width": 16,
                          "Actual Startup Time": 0.007,
                          "Actual Total Time": 0.01,
                          "Actual Rows": 15,
                          "Actual Loops": 1
                        }
                      ]
                    }
                  ]
                },
                {
                  "Node Type": "Index Scan",
                  "Parent Relationship": "Inner",
                  "Parallel Aware": false,
                  "Scan Direction": "Forward",
                  "Index Name": "title_pkey",
                  "Relation Name": "title",
                  "Alias": "t1",
                  "Startup Cost": 0.43,
                  "Total Cost": 0.49,
                  "Plan Rows": 1,
                  "Plan Width": 21,
                  "Actual Startup Time": 0.007,
                  "Actual Total Time": 0.007,
                  "Actual Rows": 1,
                  "Actual Loops": 92,
                  "Index Cond": "(id = mk.movie_id)",
                  "Rows Removed by Index Recheck": 0
                }
              ]
            },
            {
              "Node Type": "Index Scan",
              "Parent Relationship": "Inner",
              "Parallel Aware": false,
              "Scan Direction": "Forward",
              "Index Name": "title_pkey",
              "Relation Name": "title",
              "Alias": "t2",
              "Startup Cost": 0.43,
              "Total Cost": 4.47,
              "Plan Rows": 1,
              "Plan Width": 21,
              "Actual Startup Time": 0.039,
              "Actual Total Time": 0.039,
              "Actual Rows": 1,
              "Actual Loops": 92,
              "Index Cond": "(id = ml.linked_movie_id)",
              "Rows Removed by Index Recheck": 0
            }
          ]
        }
      ]
    },
    "Planning Time": 7.836,
    "Triggers": [],
    "Execution Time": 40.541
  }
]