[
  {
    "Plan": {
      "Node Type": "Aggregate",
      "Strategy": "Plain",
      "Partial Mode": "Finalize",
      "Parallel Aware": false,
      "Startup Cost": 335785.34,
      "Total Cost": 335785.35,
      "Plan Rows": 1,
      "Plan Width": 8,
      "Actual Startup Time": 659.162,
      "Actual Total Time": 706.773,
      "Actual Rows": 1,
      "Actual Loops": 1,
      "Plans": [
        {
          "Node Type": "Gather",
          "Parent Relationship": "Outer",
          "Parallel Aware": false,
          "Startup Cost": 335784.72,
          "Total Cost": 335785.33,
          "Plan Rows": 6,
          "Plan Width": 8,
          "Actual Startup Time": 658.95,
          "Actual Total Time": 706.753,
          "Actual Rows": 7,
          "Actual Loops": 1,
          "Workers Planned": 6,
          "Workers Launched": 6,
          "Single Copy": false,
          "Plans": [
            {
              "Node Type": "Aggregate",
              "Strategy": "Plain",
              "Partial Mode": "Partial",
              "Parent Relationship": "Outer",
              "Parallel Aware": false,
              "Startup Cost": 334784.72,
              "Total Cost": 334784.73,
              "Plan Rows": 1,
              "Plan Width": 8,
              "Actual Startup Time": 650.913,
              "Actual Total Time": 650.916,
              "Actual Rows": 1,
              "Actual Loops": 7,
              "Plans": [
                {
                  "Node Type": "Seq Scan",
                  "Parent Relationship": "Outer",
                  "Parallel Aware": true,
                  "Relation Name": "cast_info",
                  "Alias": "ci",
                  "Startup Cost": 0.0,
                  "Total Cost": 328211.39,
                  "Plan Rows": 2629330,
                  "Plan Width": 0,
                  "Actual Startup Time": 222.338,
                  "Actual Total Time": 555.716,
                  "Actual Rows": 2210579,
                  "Actual Loops": 7,
                  "Filter": "(person_id > 2092148)",
                  "Rows Removed by Filter": 2967185
                }
              ]
            }
          ]
        }
      ]
    },
    "Planning Time": 0.197,
    "Triggers": [],
    "Execution Time": 706.84
  }
]