[
  {
    "Plan": {
      "Node Type": "Aggregate",
      "Strategy": "Plain",
      "Partial Mode": "Finalize",
      "Parallel Aware": false,
      "Startup Cost": 46084.11,
      "Total Cost": 46084.12,
      "Plan Rows": 1,
      "Plan Width": 8,
      "Actual Startup Time": 146.547,
      "Actual Total Time": 158.958,
      "Actual Rows": 1,
      "Actual Loops": 1,
      "Plans": [
        {
          "Node Type": "Gather",
          "Parent Relationship": "Outer",
          "Parallel Aware": false,
          "Startup Cost": 46083.79,
          "Total Cost": 46084.1,
          "Plan Rows": 3,
          "Plan Width": 8,
          "Actual Startup Time": 146.381,
          "Actual Total Time": 158.937,
          "Actual Rows": 4,
          "Actual Loops": 1,
          "Workers Planned": 3,
          "Workers Launched": 3,
          "Single Copy": false,
          "Plans": [
            {
              "Node Type": "Aggregate",
              "Strategy": "Plain",
              "Partial Mode": "Partial",
              "Parent Relationship": "Outer",
              "Parallel Aware": false,
              "Startup Cost": 45083.79,
              "Total Cost": 45083.8,
              "Plan Rows": 1,
              "Plan Width": 8,
              "Actual Startup Time": 143.19,
              "Actual Total Time": 143.193,
              "Actual Rows": 1,
              "Actual Loops": 4,
              "Plans": [
                {
                  "Node Type": "Seq Scan",
                  "Parent Relationship": "Outer",
                  "Parallel Aware": true,
                  "Relation Name": "movie_keyword",
                  "Alias": "mk",
                  "Startup Cost": 0.0,
                  "Total Cost": 42695.65,
                  "Plan Rows": 955255,
                  "Plan Width": 0,
                  "Actual Startup Time": 0.023,
                  "Actual Total Time": 111.873,
                  "Actual Rows": 742397,
                  "Actual Loops": 4,
                  "Filter": "(keyword_id < 10143)",
                  "Rows Removed by Filter": 388585
                }
              ]
            }
          ]
        }
      ]
    },
    "Planning Time": 0.101,
    "Triggers": [],
    "Execution Time": 158.996
  }
]