{
  "Plan": {
    "Node Type": "Aggregate",
    "Strategy": "Plain",
    "Partial Mode": "Finalize",
    "Parallel Aware": false,
    "Startup Cost": 99722.89,
    "Total Cost": 99722.9,
    "Plan Rows": 1,
    "Plan Width": 8,
    "Actual Startup Time": 300.661,
    "Actual Total Time": 316.679,
    "Actual Rows": 1,
    "Actual Loops": 1,
    "Plans": [
      {
        "Node Type": "Gather",
        "Parent Relationship": "Outer",
        "Parallel Aware": false,
        "Startup Cost": 99722.78,
        "Total Cost": 99722.89,
        "Plan Rows": 1,
        "Plan Width": 8,
        "Actual Startup Time": 300.469,
        "Actual Total Time": 316.664,
        "Actual Rows": 2,
        "Actual Loops": 1,
        "Workers Planned": 1,
        "Workers Launched": 1,
        "Single Copy": false,
        "Plans": [
          {
            "Node Type": "Aggregate",
            "Strategy": "Plain",
            "Partial Mode": "Partial",
            "Parent Relationship": "Outer",
            "Parallel Aware": false,
            "Startup Cost": 98722.78,
            "Total Cost": 98722.79,
            "Plan Rows": 1,
            "Plan Width": 8,
            "Actual Startup Time": 295.015,
            "Actual Total Time": 295.018,
            "Actual Rows": 1,
            "Actual Loops": 2,
            "Plans": [
              {
                "Node Type": "Hash Join",
                "Parent Relationship": "Outer",
                "Parallel Aware": true,
                "Join Type": "Inner",
                "Startup Cost": 58664.89,
                "Total Cost": 98685.22,
                "Plan Rows": 15024,
                "Plan Width": 0,
                "Actual Startup Time": 178.888,
                "Actual Total Time": 294.19,
                "Actual Rows": 17699,
                "Actual Loops": 2,
                "Inner Unique": true,
                "Hash Cond": "(mc.movie_id = t.id)",
                "Plans": [
                  {
                    "Node Type": "Seq Scan",
                    "Parent Relationship": "Outer",
                    "Parallel Aware": true,
                    "Relation Name": "movie_companies",
                    "Alias": "mc",
                    "Startup Cost": 0.0,
                    "Total Cost": 37974.77,
                    "Plan Rows": 779260,
                    "Plan Width": 4,
                    "Actual Startup Time": 44.414,
                    "Actual Total Time": 106.263,
                    "Actual Rows": 667442,
                    "Actual Loops": 2,
                    "Filter": "(company_type_id = 2)",
                    "Rows Removed by Filter": 637123
                  },
                  {
                    "Node Type": "Hash",
                    "Parent Relationship": "Inner",
                    "Parallel Aware": true,
                    "Startup Cost": 58306.47,
                    "Total Cost": 58306.47,
                    "Plan Rows": 28674,
                    "Plan Width": 4,
                    "Actual Startup Time": 133.657,
                    "Actual Total Time": 133.658,
                    "Actual Rows": 17744,
                    "Actual Loops": 2,
                    "Hash Buckets": 65536,
                    "Original Hash Buckets": 65536,
                    "Hash Batches": 1,
                    "Original Hash Batches": 1,
                    "Peak Memory Usage": 1920,
                    "Plans": [
                      {
                        "Node Type": "Seq Scan",
                        "Parent Relationship": "Outer",
                        "Parallel Aware": true,
                        "Relation Name": "title",
                        "Alias": "t",
                        "Startup Cost": 0.0,
                        "Total Cost": 58306.47,
                        "Plan Rows": 28674,
                        "Plan Width": 4,
                        "Actual Startup Time": 0.063,
                        "Actual Total Time": 128.904,
                        "Actual Rows": 17744,
                        "Actual Loops": 2,
                        "Filter": "((kind_id < 7) AND (production_year = 2007))",
                        "Rows Removed by Filter": 1246412
                      }
                    ]
                  }
                ]
              }
            ]
          }
        ]
      }
    ]
  },
  "Planning Time": 0.229,
  "Triggers": [],
  "Execution Time": 316.725
}