[
  {
    "Plan": {
      "Node Type": "Aggregate",
      "Strategy": "Plain",
      "Partial Mode": "Finalize",
      "Parallel Aware": false,
      "Startup Cost": 23317.71,
      "Total Cost": 23317.72,
      "Plan Rows": 1,
      "Plan Width": 8,
      "Actual Startup Time": 27.757,
      "Actual Total Time": 31.923,
      "Actual Rows": 1,
      "Actual Loops": 1,
      "Plans": [
        {
          "Node Type": "Gather",
          "Parent Relationship": "Outer",
          "Parallel Aware": false,
          "Startup Cost": 23317.5,
          "Total Cost": 23317.71,
          "Plan Rows": 2,
          "Plan Width": 8,
          "Actual Startup Time": 27.557,
          "Actual Total Time": 31.915,
          "Actual Rows": 3,
          "Actual Loops": 1,
          "Workers Planned": 2,
          "Workers Launched": 2,
          "Single Copy": false,
          "Plans": [
            {
              "Node Type": "Aggregate",
              "Strategy": "Plain",
              "Partial Mode": "Partial",
              "Parent Relationship": "Outer",
              "Parallel Aware": false,
              "Startup Cost": 22317.5,
              "Total Cost": 22317.51,
              "Plan Rows": 1,
              "Plan Width": 8,
              "Actual Startup Time": 21.53,
              "Actual Total Time": 21.532,
              "Actual Rows": 1,
              "Actual Loops": 3,
              "Plans": [
                {
                  "Node Type": "Nested Loop",
                  "Parent Relationship": "Outer",
                  "Parallel Aware": false,
                  "Join Type": "Inner",
                  "Startup Cost": 88.3,
                  "Total Cost": 22316.73,
                  "Plan Rows": 306,
                  "Plan Width": 0,
                  "Actual Startup Time": 1.445,
                  "Actual Total Time": 21.26,
                  "Actual Rows": 1020,
                  "Actual Loops": 3,
                  "Inner Unique": true,
                  "Join Filter": "(mc.movie_id = t.id)",
                  "Rows Removed by Join Filter": 0,
                  "Plans": [
                    {
                      "Node Type": "Nested Loop",
                      "Parent Relationship": "Outer",
                      "Parallel Aware": false,
                      "Join Type": "Inner",
                      "Startup Cost": 87.87,
                      "Total Cost": 21026.74,
                      "Plan Rows": 1521,
                      "Plan Width": 8,
                      "Actual Startup Time": 1.321,
                      "Actual Total Time": 10.497,
                      "Actual Rows": 1020,
                      "Actual Loops": 3,
                      "Inner Unique": false,
                      "Plans": [
                        {
                          "Node Type": "Bitmap Heap Scan",
                          "Parent Relationship": "Outer",
                          "Parallel Aware": true,
                          "Relation Name": "movie_companies",
                          "Alias": "mc",
                          "Startup Cost": 87.44,
                          "Total Cost": 9815.47,
                          "Plan Rows": 1667,
                          "Plan Width": 4,
                          "Actual Startup Time": 1.201,
                          "Actual Total Time": 2.591,
                          "Actual Rows": 1241,
                          "Actual Loops": 3,
                          "Recheck Cond": "(company_id = 164)",
                          "Rows Removed by Index Recheck": 0,
                          "Exact Heap Blocks": 279,
                          "Lossy Heap Blocks": 0,
                          "Plans": [
                            {
                              "Node Type": "Bitmap Index Scan",
                              "Parent Relationship": "Outer",
                              "Parallel Aware": false,
                              "Index Name": "company_id_movie_companies",
                              "Startup Cost": 0.0,
                              "Total Cost": 86.44,
                              "Plan Rows": 4001,
                              "Plan Width": 0,
                              "Actual Startup Time": 3.222,
                              "Actual Total Time": 3.222,
                              "Actual Rows": 3722,
                              "Actual Loops": 1,
                              "Index Cond": "(company_id = 164)"
                            }
                          ]
                        },
                        {
                          "Node Type": "Index Scan",
                          "Parent Relationship": "Inner",
                          "Parallel Aware": false,
                          "Scan Direction": "Forward",
                          "Index Name": "movie_id_movie_info_idx",
                          "Relation Name": "movie_info_idx",
                          "Alias": "mi_idx",
                          "Startup Cost": 0.43,
                          "Total Cost": 6.72,
                          "Plan Rows": 1,
                          "Plan Width": 4,
                          "Actual Startup Time": 0.005,
                          "Actual Total Time": 0.006,
                          "Actual Rows": 1,
                          "Actual Loops": 3722,
                          "Index Cond": "(movie_id = mc.movie_id)",
                          "Rows Removed by Index Recheck": 0,
                          "Filter": "(info_type_id = 101)",
                          "Rows Removed by Filter": 2
                        }
                      ]
                    },
                    {
                      "Node Type": "Index Only Scan",
                      "Parent Relationship": "Inner",
                      "Parallel Aware": false,
                      "Scan Direction": "Forward",
                      "Index Name": "title_pkey",
                      "Relation Name": "title",
                      "Alias": "t",
                      "Startup Cost": 0.43,
                      "Total Cost": 0.84,
                      "Plan Rows": 1,
                      "Plan Width": 4,
                      "Actual Startup Time": 0.01,
                      "Actual Total Time": 0.01,
                      "Actual Rows": 1,
                      "Actual Loops": 3059,
                      "Index Cond": "(id = mi_idx.movie_id)",
                      "Rows Removed by Index Recheck": 0,
                      "Heap Fetches": 3059
                    }
                  ]
                }
              ]
            }
          ]
        }
      ]
    },
    "Planning Time": 1.673,
    "Triggers": [],
    "Execution Time": 32.051
  }
]