{
  "Plan": {
    "Node Type": "Aggregate",
    "Strategy": "Plain",
    "Partial Mode": "Finalize",
    "Parallel Aware": false,
    "Startup Cost": 109550.5,
    "Total Cost": 109550.51,
    "Plan Rows": 1,
    "Plan Width": 8,
    "Actual Startup Time": 879.312,
    "Actual Total Time": 891.777,
    "Actual Rows": 1,
    "Actual Loops": 1,
    "Plans": [
      {
        "Node Type": "Gather",
        "Parent Relationship": "Outer",
        "Parallel Aware": false,
        "Startup Cost": 109550.39,
        "Total Cost": 109550.5,
        "Plan Rows": 1,
        "Plan Width": 8,
        "Actual Startup Time": 876.192,
        "Actual Total Time": 891.769,
        "Actual Rows": 2,
        "Actual Loops": 1,
        "Workers Planned": 1,
        "Workers Launched": 1,
        "Single Copy": false,
        "Plans": [
          {
            "Node Type": "Aggregate",
            "Strategy": "Plain",
            "Partial Mode": "Partial",
            "Parent Relationship": "Outer",
            "Parallel Aware": false,
            "Startup Cost": 108550.39,
            "Total Cost": 108550.4,
            "Plan Rows": 1,
            "Plan Width": 8,
            "Actual Startup Time": 872.055,
            "Actual Total Time": 872.058,
            "Actual Rows": 1,
            "Actual Loops": 2,
            "Plans": [
              {
                "Node Type": "Hash Join",
                "Parent Relationship": "Outer",
                "Parallel Aware": true,
                "Join Type": "Inner",
                "Startup Cost": 65128.9,
                "Total Cost": 106640.53,
                "Plan Rows": 763942,
                "Plan Width": 0,
                "Actual Startup Time": 397.822,
                "Actual Total Time": 839.225,
                "Actual Rows": 780146,
                "Actual Loops": 2,
                "Inner Unique": true,
                "Hash Cond": "(mc.movie_id = t.id)",
                "Plans": [
                  {
                    "Node Type": "Seq Scan",
                    "Parent Relationship": "Outer",
                    "Parallel Aware": true,
                    "Relation Name": "movie_companies",
                    "Alias": "mc",
                    "Startup Cost": 0.0,
                    "Total Cost": 37974.77,
                    "Plan Rows": 1347371,
                    "Plan Width": 4,
                    "Actual Startup Time": 0.013,
                    "Actual Total Time": 126.996,
                    "Actual Rows": 1146057,
                    "Actual Loops": 2,
                    "Filter": "(company_id < 91802)",
                    "Rows Removed by Filter": 158508
                  },
                  {
                    "Node Type": "Hash",
                    "Parent Relationship": "Inner",
                    "Parallel Aware": true,
                    "Startup Cost": 54588.39,
                    "Total Cost": 54588.39,
                    "Plan Rows": 843241,
                    "Plan Width": 4,
                    "Actual Startup Time": 388.363,
                    "Actual Total Time": 388.364,
                    "Actual Rows": 721649,
                    "Actual Loops": 2,
                    "Hash Buckets": 2097152,
                    "Original Hash Buckets": 2097152,
                    "Hash Batches": 1,
                    "Original Hash Batches": 1,
                    "Peak Memory Usage": 72864,
                    "Plans": [
                      {
                        "Node Type": "Seq Scan",
                        "Parent Relationship": "Outer",
                        "Parallel Aware": true,
                        "Relation Name": "title",
                        "Alias": "t",
                        "Startup Cost": 0.0,
                        "Total Cost": 54588.39,
                        "Plan Rows": 843241,
                        "Plan Width": 4,
                        "Actual Startup Time": 0.018,
                        "Actual Total Time": 176.447,
                        "Actual Rows": 721649,
                        "Actual Loops": 2,
                        "Filter": "(production_year < 2006)",
                        "Rows Removed by Filter": 542507
                      }
                    ]
                  }
                ]
              }
            ]
          }
        ]
      }
    ]
  },
  "Planning Time": 0.308,
  "Triggers": [],
  "Execution Time": 891.814
}