{
  "Plan": {
    "Node Type": "Aggregate",
    "Strategy": "Plain",
    "Partial Mode": "Finalize",
    "Parallel Aware": false,
    "Startup Cost": 110355.49,
    "Total Cost": 110355.5,
    "Plan Rows": 1,
    "Plan Width": 8,
    "Actual Startup Time": 517.94,
    "Actual Total Time": 533.607,
    "Actual Rows": 1,
    "Actual Loops": 1,
    "Plans": [
      {
        "Node Type": "Gather",
        "Parent Relationship": "Outer",
        "Parallel Aware": false,
        "Startup Cost": 110355.38,
        "Total Cost": 110355.49,
        "Plan Rows": 1,
        "Plan Width": 8,
        "Actual Startup Time": 515.371,
        "Actual Total Time": 533.598,
        "Actual Rows": 2,
        "Actual Loops": 1,
        "Workers Planned": 1,
        "Workers Launched": 1,
        "Single Copy": false,
        "Plans": [
          {
            "Node Type": "Aggregate",
            "Strategy": "Plain",
            "Partial Mode": "Partial",
            "Parent Relationship": "Outer",
            "Parallel Aware": false,
            "Startup Cost": 109355.38,
            "Total Cost": 109355.39,
            "Plan Rows": 1,
            "Plan Width": 8,
            "Actual Startup Time": 510.252,
            "Actual Total Time": 510.554,
            "Actual Rows": 1,
            "Actual Loops": 2,
            "Plans": [
              {
                "Node Type": "Hash Join",
                "Parent Relationship": "Outer",
                "Parallel Aware": true,
                "Join Type": "Inner",
                "Startup Cost": 45414.63,
                "Total Cost": 109008.71,
                "Plan Rows": 138668,
                "Plan Width": 0,
                "Actual Startup Time": 213.66,
                "Actual Total Time": 507.388,
                "Actual Rows": 70848,
                "Actual Loops": 2,
                "Inner Unique": false,
                "Hash Cond": "(t.id = mc.movie_id)",
                "Plans": [
                  {
                    "Node Type": "Seq Scan",
                    "Parent Relationship": "Outer",
                    "Parallel Aware": true,
                    "Relation Name": "title",
                    "Alias": "t",
                    "Startup Cost": 0.0,
                    "Total Cost": 58306.47,
                    "Plan Rows": 715506,
                    "Plan Width": 4,
                    "Actual Startup Time": 0.01,
                    "Actual Total Time": 145.743,
                    "Actual Rows": 650550,
                    "Actual Loops": 2,
                    "Filter": "((production_year > 1976) AND (kind_id = 7))",
                    "Rows Removed by Filter": 613606
                  },
                  {
                    "Node Type": "Hash",
                    "Parent Relationship": "Inner",
                    "Parallel Aware": true,
                    "Startup Cost": 41811.73,
                    "Total Cost": 41811.73,
                    "Plan Rows": 288232,
                    "Plan Width": 4,
                    "Actual Startup Time": 210.402,
                    "Actual Total Time": 210.403,
                    "Actual Rows": 404097,
                    "Actual Loops": 2,
                    "Hash Buckets": 1048576,
                    "Original Hash Buckets": 524288,
                    "Hash Batches": 1,
                    "Original Hash Batches": 1,
                    "Peak Memory Usage": 43936,
                    "Plans": [
                      {
                        "Node Type": "Seq Scan",
                        "Parent Relationship": "Outer",
                        "Parallel Aware": true,
                        "Relation Name": "movie_companies",
                        "Alias": "mc",
                        "Startup Cost": 0.0,
                        "Total Cost": 41811.73,
                        "Plan Rows": 288232,
                        "Plan Width": 4,
                        "Actual Startup Time": 57.908,
                        "Actual Total Time": 126.299,
                        "Actual Rows": 404097,
                        "Actual Loops": 2,
                        "Filter": "((company_id > 17461) AND (company_type_id = 2))",
                        "Rows Removed by Filter": 900468
                      }
                    ]
                  }
                ]
              }
            ]
          }
        ]
      }
    ]
  },
  "Planning Time": 0.325,
  "Triggers": [],
  "Execution Time": 533.645
}