{
  "Plan": {
    "Node Type": "Aggregate",
    "Strategy": "Plain",
    "Partial Mode": "Finalize",
    "Parallel Aware": false,
    "Startup Cost": 403154.08,
    "Total Cost": 403154.09,
    "Plan Rows": 1,
    "Plan Width": 8,
    "Actual Startup Time": 1555.257,
    "Actual Total Time": 1575.545,
    "Actual Rows": 1,
    "Actual Loops": 1,
    "Plans": [
      {
        "Node Type": "Gather",
        "Parent Relationship": "Outer",
        "Parallel Aware": false,
        "Startup Cost": 403153.97,
        "Total Cost": 403154.08,
        "Plan Rows": 1,
        "Plan Width": 8,
        "Actual Startup Time": 1544.505,
        "Actual Total Time": 1575.537,
        "Actual Rows": 2,
        "Actual Loops": 1,
        "Workers Planned": 1,
        "Workers Launched": 1,
        "Single Copy": false,
        "Plans": [
          {
            "Node Type": "Aggregate",
            "Strategy": "Plain",
            "Partial Mode": "Partial",
            "Parent Relationship": "Outer",
            "Parallel Aware": false,
            "Startup Cost": 402153.97,
            "Total Cost": 402153.98,
            "Plan Rows": 1,
            "Plan Width": 8,
            "Actual Startup Time": 1537.654,
            "Actual Total Time": 1537.662,
            "Actual Rows": 1,
            "Actual Loops": 2,
            "Plans": [
              {
                "Node Type": "Merge Join",
                "Parent Relationship": "Outer",
                "Parallel Aware": false,
                "Join Type": "Inner",
                "Startup Cost": 388517.38,
                "Total Cost": 401490.73,
                "Plan Rows": 265295,
                "Plan Width": 0,
                "Actual Startup Time": 1415.294,
                "Actual Total Time": 1527.404,
                "Actual Rows": 271236,
                "Actual Loops": 2,
                "Inner Unique": false,
                "Merge Cond": "(t.id = mc.movie_id)",
                "Plans": [
                  {
                    "Node Type": "Sort",
                    "Parent Relationship": "Outer",
                    "Parallel Aware": false,
                    "Startup Cost": 302761.23,
                    "Total Cost": 306916.96,
                    "Plan Rows": 1662290,
                    "Plan Width": 8,
                    "Actual Startup Time": 1199.75,
                    "Actual Total Time": 1242.683,
                    "Actual Rows": 1188519,
                    "Actual Loops": 2,
                    "Sort Key": [
                      "mk.movie_id"
                    ],
                    "Sort Method": "quicksort",
                    "Sort Space Used": 104225,
                    "Sort Space Type": "Memory",
                    "Workers": [
                      {
                        "Worker Number": 0,
                        "Sort Method": "quicksort",
                        "Sort Space Used": 105505,
                        "Sort Space Type": "Memory"
                      }
                    ],
                    "Plans": [
                      {
                        "Node Type": "Hash Join",
                        "Parent Relationship": "Outer",
                        "Parallel Aware": true,
                        "Join Type": "Inner",
                        "Startup Cost": 66450.6,
                        "Total Cost": 131007.27,
                        "Plan Rows": 1662290,
                        "Plan Width": 8,
                        "Actual Startup Time": 447.032,
                        "Actual Total Time": 965.25,
                        "Actual Rows": 1188534,
                        "Actual Loops": 2,
                        "Inner Unique": true,
                        "Hash Cond": "(mk.movie_id = t.id)",
                        "Plans": [
                          {
                            "Node Type": "Seq Scan",
                            "Parent Relationship": "Outer",
                            "Parallel Aware": true,
                            "Relation Name": "movie_keyword",
                            "Alias": "mk",
                            "Startup Cost": 0.0,
                            "Total Cost": 57718.19,
                            "Plan Rows": 2605131,
                            "Plan Width": 4,
                            "Actual Startup Time": 0.021,
                            "Actual Total Time": 221.102,
                            "Actual Rows": 2215258,
                            "Actual Loops": 2,
                            "Filter": "(keyword_id < 84102)",
                            "Rows Removed by Filter": 46706
                          },
                          {
                            "Node Type": "Hash",
                            "Parent Relationship": "Inner",
                            "Parallel Aware": true,
                            "Startup Cost": 54588.39,
                            "Total Cost": 54588.39,
                            "Plan Rows": 948977,
                            "Plan Width": 4,
                            "Actual Startup Time": 432.51,
                            "Actual Total Time": 432.512,
                            "Actual Rows": 803538,
                            "Actual Loops": 2,
                            "Hash Buckets": 2097152,
                            "Original Hash Buckets": 2097152,
                            "Hash Batches": 1,
                            "Original Hash Batches": 1,
                            "Peak Memory Usage": 79296,
                            "Plans": [
                              {
                                "Node Type": "Seq Scan",
                                "Parent Relationship": "Outer",
                                "Parallel Aware": true,
                                "Relation Name": "title",
                                "Alias": "t",
                                "Startup Cost": 0.0,
                                "Total Cost": 54588.39,
                                "Plan Rows": 948977,
                                "Plan Width": 4,
                                "Actual Startup Time": 0.048,
                                "Actual Total Time": 178.831,
                                "Actual Rows": 803538,
                                "Actual Loops": 2,
                                "Filter": "(production_year > 1995)",
                                "Rows Removed by Filter": 460618
                              }
                            ]
                          }
                        ]
                      }
                    ]
                  },
                  {
                    "Node Type": "Sort",
                    "Parent Relationship": "Inner",
                    "Parallel Aware": false,
                    "Startup Cost": 85755.98,
                    "Total Cost": 86764.74,
                    "Plan Rows": 403505,
                    "Plan Width": 4,
                    "Actual Startup Time": 185.763,
                    "Actual Total Time": 197.041,
                    "Actual Rows": 343114,
                    "Actual Loops": 2,
                    "Sort Key": [
                      "mc.movie_id"
                    ],
                    "Sort Method": "quicksort",
                    "Sort Space Used": 7106,
                    "Sort Space Type": "Memory",
                    "Workers": [
                      {
                        "Worker Number": 0,
                        "Sort Method": "quicksort",
                        "Sort Space Used": 7106,
                        "Sort Space Type": "Memory"
                      }
                    ],
                    "Plans": [
                      {
                        "Node Type": "Index Scan",
                        "Parent Relationship": "Outer",
                        "Parallel Aware": false,
                        "Scan Direction": "Forward",
                        "Index Name": "company_type_id_movie_companies",
                        "Relation Name": "movie_companies",
                        "Alias": "mc",
                        "Startup Cost": 0.43,
                        "Total Cost": 48185.17,
                        "Plan Rows": 403505,
                        "Plan Width": 4,
                        "Actual Startup Time": 68.54,
                        "Actual Total Time": 170.332,
                        "Actual Rows": 86050,
                        "Actual Loops": 2,
                        "Index Cond": "(company_type_id < 2)",
                        "Rows Removed by Index Recheck": 0,
                        "Filter": "(company_id > 26965)",
                        "Rows Removed by Filter": 1188196
                      }
                    ]
                  }
                ]
              }
            ]
          }
        ]
      }
    ]
  },
  "Planning Time": 1.049,
  "Triggers": [],
  "Execution Time": 1579.684
}