{
    "Plan": {
        "Node Type": "Aggregate",
        "Strategy": "Plain",
        "Partial Mode": "Finalize",
        "Parallel Aware": false,
        "Startup Cost": 356310.15,
        "Total Cost": 356310.16,
        "Plan Rows": 1,
        "Plan Width": 8,
        "Actual Startup Time": 1241.924,
        "Actual Total Time": 1314.515,
        "Actual Rows": 1,
        "Actual Loops": 1,
        "Output": [
            "count(*)"
        ],
        "Plans": [
            {
                "Node Type": "Gather",
                "Parent Relationship": "Outer",
                "Parallel Aware": false,
                "Startup Cost": 356309.62,
                "Total Cost": 356310.13,
                "Plan Rows": 5,
                "Plan Width": 8,
                "Actual Startup Time": 1241.288,
                "Actual Total Time": 1314.504,
                "Actual Rows": 6,
                "Actual Loops": 1,
                "Output": [
                    "(PARTIAL count(*))"
                ],
                "Workers Planned": 5,
                "Workers Launched": 5,
                "Single Copy": false,
                "Plans": [
                    {
                        "Node Type": "Aggregate",
                        "Strategy": "Plain",
                        "Partial Mode": "Partial",
                        "Parent Relationship": "Outer",
                        "Parallel Aware": false,
                        "Startup Cost": 355309.62,
                        "Total Cost": 355309.63,
                        "Plan Rows": 1,
                        "Plan Width": 8,
                        "Actual Startup Time": 1230.761,
                        "Actual Total Time": 1230.764,
                        "Actual Rows": 1,
                        "Actual Loops": 6,
                        "Output": [
                            "PARTIAL count(*)"
                        ],
                        "Workers": [
                            {
                                "Worker Number": 0,
                                "Actual Startup Time": 1227.976,
                                "Actual Total Time": 1227.979,
                                "Actual Rows": 1,
                                "Actual Loops": 1
                            },
                            {
                                "Worker Number": 1,
                                "Actual Startup Time": 1228.427,
                                "Actual Total Time": 1228.432,
                                "Actual Rows": 1,
                                "Actual Loops": 1
                            },
                            {
                                "Worker Number": 2,
                                "Actual Startup Time": 1228.942,
                                "Actual Total Time": 1228.945,
                                "Actual Rows": 1,
                                "Actual Loops": 1
                            },
                            {
                                "Worker Number": 3,
                                "Actual Startup Time": 1229.424,
                                "Actual Total Time": 1229.427,
                                "Actual Rows": 1,
                                "Actual Loops": 1
                            },
                            {
                                "Worker Number": 4,
                                "Actual Startup Time": 1229.423,
                                "Actual Total Time": 1229.426,
                                "Actual Rows": 1,
                                "Actual Loops": 1
                            }
                        ],
                        "Plans": [
                            {
                                "Node Type": "Nested Loop",
                                "Parent Relationship": "Outer",
                                "Parallel Aware": false,
                                "Join Type": "Inner",
                                "Startup Cost": 44083.42,
                                "Total Cost": 354828.59,
                                "Plan Rows": 192413,
                                "Plan Width": 0,
                                "Actual Startup Time": 86.12,
                                "Actual Total Time": 1229.674,
                                "Actual Rows": 10350,
                                "Actual Loops": 6,
                                "Inner Unique": false,
                                "Join Filter": "(t.id = ci.movie_id)",
                                "Rows Removed by Join Filter": 0,
                                "Workers": [
                                    {
                                        "Worker Number": 0,
                                        "Actual Startup Time": 82.431,
                                        "Actual Total Time": 1226.894,
                                        "Actual Rows": 10022,
                                        "Actual Loops": 1
                                    },
                                    {
                                        "Worker Number": 1,
                                        "Actual Startup Time": 84.905,
                                        "Actual Total Time": 1227.432,
                                        "Actual Rows": 8797,
                                        "Actual Loops": 1
                                    },
                                    {
                                        "Worker Number": 2,
                                        "Actual Startup Time": 83.525,
                                        "Actual Total Time": 1227.894,
                                        "Actual Rows": 9176,
                                        "Actual Loops": 1
                                    },
                                    {
                                        "Worker Number": 3,
                                        "Actual Startup Time": 84.786,
                                        "Actual Total Time": 1228.268,
                                        "Actual Rows": 10420,
                                        "Actual Loops": 1
                                    },
                                    {
                                        "Worker Number": 4,
                                        "Actual Startup Time": 86.229,
                                        "Actual Total Time": 1228.321,
                                        "Actual Rows": 10378,
                                        "Actual Loops": 1
                                    }
                                ],
                                "Plans": [
                                    {
                                        "Node Type": "Hash Join",
                                        "Parent Relationship": "Outer",
                                        "Parallel Aware": true,
                                        "Join Type": "Inner",
                                        "Startup Cost": 44082.86,
                                        "Total Cost": 243332.48,
                                        "Plan Rows": 68665,
                                        "Plan Width": 8,
                                        "Actual Startup Time": 85.144,
                                        "Actual Total Time": 646.762,
                                        "Actual Rows": 109282,
                                        "Actual Loops": 6,
                                        "Output": [
                                            "t.id",
                                            "mi.movie_id"
                                        ],
                                        "Inner Unique": true,
                                        "Hash Cond": "(mi.movie_id = t.id)",
                                        "Workers": [
                                            {
                                                "Worker Number": 0,
                                                "Actual Startup Time": 82.296,
                                                "Actual Total Time": 646.844,
                                                "Actual Rows": 107510,
                                                "Actual Loops": 1
                                            },
                                            {
                                                "Worker Number": 1,
                                                "Actual Startup Time": 82.836,
                                                "Actual Total Time": 632.688,
                                                "Actual Rows": 96422,
                                                "Actual Loops": 1
                                            },
                                            {
                                                "Worker Number": 2,
                                                "Actual Startup Time": 83.339,
                                                "Actual Total Time": 631.347,
                                                "Actual Rows": 94751,
                                                "Actual Loops": 1
                                            },
                                            {
                                                "Worker Number": 3,
                                                "Actual Startup Time": 83.819,
                                                "Actual Total Time": 645.531,
                                                "Actual Rows": 110217,
                                                "Actual Loops": 1
                                            },
                                            {
                                                "Worker Number": 4,
                                                "Actual Startup Time": 83.806,
                                                "Actual Total Time": 646.319,
                                                "Actual Rows": 109884,
                                                "Actual Loops": 1
                                            }
                                        ],
                                        "Plans": [
                                            {
                                                "Node Type": "Seq Scan",
                                                "Parent Relationship": "Outer",
                                                "Parallel Aware": true,
                                                "Relation Name": "movie_info",
                                                "Schema": "public",
                                                "Alias": "mi",
                                                "Startup Cost": 0.0,
                                                "Total Cost": 191503.19,
                                                "Plan Rows": 2951019,
                                                "Plan Width": 4,
                                                "Actual Startup Time": 0.027,
                                                "Actual Total Time": 278.929,
                                                "Actual Rows": 2472620,
                                                "Actual Loops": 6,
                                                "Output": [
                                                    "mi.id",
                                                    "mi.movie_id",
                                                    "mi.info_type_id",
                                                    "mi.info",
                                                    "mi.note"
                                                ],
                                                "Workers": [
                                                    {
                                                        "Worker Number": 0,
                                                        "Actual Startup Time": 0.031,
                                                        "Actual Total Time": 282.027,
                                                        "Actual Rows": 2386899,
                                                        "Actual Loops": 1
                                                    },
                                                    {
                                                        "Worker Number": 1,
                                                        "Actual Startup Time": 0.031,
                                                        "Actual Total Time": 284.696,
                                                        "Actual Rows": 2178710,
                                                        "Actual Loops": 1
                                                    },
                                                    {
                                                        "Worker Number": 2,
                                                        "Actual Startup Time": 0.032,
                                                        "Actual Total Time": 283.273,
                                                        "Actual Rows": 2139269,
                                                        "Actual Loops": 1
                                                    },
                                                    {
                                                        "Worker Number": 3,
                                                        "Actual Startup Time": 0.033,
                                                        "Actual Total Time": 281.334,
                                                        "Actual Rows": 2404023,
                                                        "Actual Loops": 1
                                                    },
                                                    {
                                                        "Worker Number": 4,
                                                        "Actual Startup Time": 0.025,
                                                        "Actual Total Time": 282.236,
                                                        "Actual Rows": 2426664,
                                                        "Actual Loops": 1
                                                    }
                                                ]
                                            },
                                            {
                                                "Node Type": "Hash",
                                                "Parent Relationship": "Inner",
                                                "Parallel Aware": true,
                                                "Startup Cost": 43899.01,
                                                "Total Cost": 43899.01,
                                                "Plan Rows": 14708,
                                                "Plan Width": 4,
                                                "Actual Startup Time": 75.088,
                                                "Actual Total Time": 75.089,
                                                "Actual Rows": 9974,
                                                "Actual Loops": 6,
                                                "Output": [
                                                    "t.id"
                                                ],
                                                "Hash Buckets": 65536,
                                                "Original Hash Buckets": 65536,
                                                "Hash Batches": 1,
                                                "Original Hash Batches": 1,
                                                "Peak Memory Usage": 2912,
                                                "Workers": [
                                                    {
                                                        "Worker Number": 0,
                                                        "Actual Startup Time": 72.957,
                                                        "Actual Total Time": 72.958,
                                                        "Actual Rows": 9635,
                                                        "Actual Loops": 1
                                                    },
                                                    {
                                                        "Worker Number": 1,
                                                        "Actual Startup Time": 73.49,
                                                        "Actual Total Time": 73.491,
                                                        "Actual Rows": 8753,
                                                        "Actual Loops": 1
                                                    },
                                                    {
                                                        "Worker Number": 2,
                                                        "Actual Startup Time": 73.981,
                                                        "Actual Total Time": 73.982,
                                                        "Actual Rows": 8337,
                                                        "Actual Loops": 1
                                                    },
                                                    {
                                                        "Worker Number": 3,
                                                        "Actual Startup Time": 74.461,
                                                        "Actual Total Time": 74.462,
                                                        "Actual Rows": 9737,
                                                        "Actual Loops": 1
                                                    },
                                                    {
                                                        "Worker Number": 4,
                                                        "Actual Startup Time": 74.467,
                                                        "Actual Total Time": 74.467,
                                                        "Actual Rows": 9808,
                                                        "Actual Loops": 1
                                                    }
                                                ],
                                                "Plans": [
                                                    {
                                                        "Node Type": "Seq Scan",
                                                        "Parent Relationship": "Outer",
                                                        "Parallel Aware": true,
                                                        "Relation Name": "title",
                                                        "Schema": "public",
                                                        "Alias": "t",
                                                        "Startup Cost": 0.0,
                                                        "Total Cost": 43899.01,
                                                        "Plan Rows": 14708,
                                                        "Plan Width": 4,
                                                        "Actual Startup Time": 48.357,
                                                        "Actual Total Time": 71.558,
                                                        "Actual Rows": 9974,
                                                        "Actual Loops": 6,
                                                        "Output": [
                                                            "t.id"
                                                        ],
                                                        "Filter": "(t.production_year < 1915)",
                                                        "Rows Removed by Filter": 411411,
                                                        "Workers": [
                                                            {
                                                                "Worker Number": 0,
                                                                "Actual Startup Time": 31.791,
                                                                "Actual Total Time": 69.758,
                                                                "Actual Rows": 9635,
                                                                "Actual Loops": 1
                                                            },
                                                            {
                                                                "Worker Number": 1,
                                                                "Actual Startup Time": 49.64,
                                                                "Actual Total Time": 70.149,
                                                                "Actual Rows": 8753,
                                                                "Actual Loops": 1
                                                            },
                                                            {
                                                                "Worker Number": 2,
                                                                "Actual Startup Time": 50.126,
                                                                "Actual Total Time": 70.119,
                                                                "Actual Rows": 8337,
                                                                "Actual Loops": 1
                                                            },
                                                            {
                                                                "Worker Number": 3,
                                                                "Actual Startup Time": 50.612,
                                                                "Actual Total Time": 71.066,
                                                                "Actual Rows": 9737,
                                                                "Actual Loops": 1
                                                            },
                                                            {
                                                                "Worker Number": 4,
                                                                "Actual Startup Time": 50.62,
                                                                "Actual Total Time": 71.203,
                                                                "Actual Rows": 9808,
                                                                "Actual Loops": 1
                                                            }
                                                        ]
                                                    }
                                                ]
                                            }
                                        ]
                                    },
                                    {
                                        "Node Type": "Index Scan",
                                        "Parent Relationship": "Inner",
                                        "Parallel Aware": false,
                                        "Scan Direction": "Forward",
                                        "Index Name": "movie_id_cast_info",
                                        "Relation Name": "cast_info",
                                        "Schema": "public",
                                        "Alias": "ci",
                                        "Startup Cost": 0.56,
                                        "Total Cost": 1.52,
                                        "Plan Rows": 8,
                                        "Plan Width": 4,
                                        "Actual Startup Time": 0.005,
                                        "Actual Total Time": 0.005,
                                        "Actual Rows": 0,
                                        "Actual Loops": 655690,
                                        "Output": [
                                            "ci.id",
                                            "ci.person_id",
                                            "ci.movie_id",
                                            "ci.person_role_id",
                                            "ci.note",
                                            "ci.nr_order",
                                            "ci.role_id"
                                        ],
                                        "Index Cond": "(ci.movie_id = mi.movie_id)",
                                        "Rows Removed by Index Recheck": 0,
                                        "Filter": "((ci.person_id > 1586319) AND (ci.role_id = 1))",
                                        "Rows Removed by Filter": 3,
                                        "Workers": [
                                            {
                                                "Worker Number": 0,
                                                "Actual Startup Time": 0.005,
                                                "Actual Total Time": 0.005,
                                                "Actual Rows": 0,
                                                "Actual Loops": 107510
                                            },
                                            {
                                                "Worker Number": 1,
                                                "Actual Startup Time": 0.006,
                                                "Actual Total Time": 0.006,
                                                "Actual Rows": 0,
                                                "Actual Loops": 96422
                                            },
                                            {
                                                "Worker Number": 2,
                                                "Actual Startup Time": 0.006,
                                                "Actual Total Time": 0.006,
                                                "Actual Rows": 0,
                                                "Actual Loops": 94751
                                            },
                                            {
                                                "Worker Number": 3,
                                                "Actual Startup Time": 0.005,
                                                "Actual Total Time": 0.005,
                                                "Actual Rows": 0,
                                                "Actual Loops": 110217
                                            },
                                            {
                                                "Worker Number": 4,
                                                "Actual Startup Time": 0.005,
                                                "Actual Total Time": 0.005,
                                                "Actual Rows": 0,
                                                "Actual Loops": 109884
                                            }
                                        ]
                                    }
                                ]
                            }
                        ]
                    }
                ]
            }
        ]
    },
    "Planning Time": 1.493,
    "Triggers": [],
    "Execution Time": 1314.624
}