{
  "Plan": {
    "Node Type": "Aggregate",
    "Strategy": "Plain",
    "Partial Mode": "Finalize",
    "Parallel Aware": false,
    "Startup Cost": 99397.38,
    "Total Cost": 99397.39,
    "Plan Rows": 1,
    "Plan Width": 8,
    "Actual Startup Time": 280.45,
    "Actual Total Time": 293.803,
    "Actual Rows": 1,
    "Actual Loops": 1,
    "Plans": [
      {
        "Node Type": "Gather",
        "Parent Relationship": "Outer",
        "Parallel Aware": false,
        "Startup Cost": 99397.27,
        "Total Cost": 99397.38,
        "Plan Rows": 1,
        "Plan Width": 8,
        "Actual Startup Time": 280.289,
        "Actual Total Time": 293.795,
        "Actual Rows": 2,
        "Actual Loops": 1,
        "Workers Planned": 1,
        "Workers Launched": 1,
        "Single Copy": false,
        "Plans": [
          {
            "Node Type": "Aggregate",
            "Strategy": "Plain",
            "Partial Mode": "Partial",
            "Parent Relationship": "Outer",
            "Parallel Aware": false,
            "Startup Cost": 98397.27,
            "Total Cost": 98397.28,
            "Plan Rows": 1,
            "Plan Width": 8,
            "Actual Startup Time": 274.939,
            "Actual Total Time": 274.942,
            "Actual Rows": 1,
            "Actual Loops": 2,
            "Plans": [
              {
                "Node Type": "Hash Join",
                "Parent Relationship": "Outer",
                "Parallel Aware": true,
                "Join Type": "Inner",
                "Startup Cost": 58427.01,
                "Total Cost": 98385.02,
                "Plan Rows": 4899,
                "Plan Width": 0,
                "Actual Startup Time": 129.507,
                "Actual Total Time": 274.874,
                "Actual Rows": 1230,
                "Actual Loops": 2,
                "Inner Unique": true,
                "Hash Cond": "(mc.movie_id = t.id)",
                "Plans": [
                  {
                    "Node Type": "Seq Scan",
                    "Parent Relationship": "Outer",
                    "Parallel Aware": true,
                    "Relation Name": "movie_companies",
                    "Alias": "mc",
                    "Startup Cost": 0.0,
                    "Total Cost": 37974.77,
                    "Plan Rows": 755522,
                    "Plan Width": 4,
                    "Actual Startup Time": 0.013,
                    "Actual Total Time": 104.035,
                    "Actual Rows": 637123,
                    "Actual Loops": 2,
                    "Filter": "(company_type_id < 2)",
                    "Rows Removed by Filter": 667442
                  },
                  {
                    "Node Type": "Hash",
                    "Parent Relationship": "Inner",
                    "Parallel Aware": true,
                    "Startup Cost": 58306.47,
                    "Total Cost": 58306.47,
                    "Plan Rows": 9643,
                    "Plan Width": 4,
                    "Actual Startup Time": 128.192,
                    "Actual Total Time": 128.193,
                    "Actual Rows": 7360,
                    "Actual Loops": 2,
                    "Hash Buckets": 32768,
                    "Original Hash Buckets": 32768,
                    "Hash Batches": 1,
                    "Original Hash Batches": 1,
                    "Peak Memory Usage": 864,
                    "Plans": [
                      {
                        "Node Type": "Seq Scan",
                        "Parent Relationship": "Outer",
                        "Parallel Aware": true,
                        "Relation Name": "title",
                        "Alias": "t",
                        "Startup Cost": 0.0,
                        "Total Cost": 58306.47,
                        "Plan Rows": 9643,
                        "Plan Width": 4,
                        "Actual Startup Time": 0.112,
                        "Actual Total Time": 125.572,
                        "Actual Rows": 7360,
                        "Actual Loops": 2,
                        "Filter": "((kind_id = 7) AND (production_year = 1992))",
                        "Rows Removed by Filter": 1256796
                      }
                    ]
                  }
                ]
              }
            ]
          }
        ]
      }
    ]
  },
  "Planning Time": 0.228,
  "Triggers": [],
  "Execution Time": 293.847
}