{
  "Plan": {
    "Node Type": "Aggregate",
    "Strategy": "Plain",
    "Partial Mode": "Finalize",
    "Parallel Aware": false,
    "Startup Cost": 97643.45,
    "Total Cost": 97643.46,
    "Plan Rows": 1,
    "Plan Width": 8,
    "Actual Startup Time": 375.832,
    "Actual Total Time": 391.882,
    "Actual Rows": 1,
    "Actual Loops": 1,
    "Plans": [
      {
        "Node Type": "Gather",
        "Parent Relationship": "Outer",
        "Parallel Aware": false,
        "Startup Cost": 97643.34,
        "Total Cost": 97643.45,
        "Plan Rows": 1,
        "Plan Width": 8,
        "Actual Startup Time": 375.457,
        "Actual Total Time": 391.873,
        "Actual Rows": 2,
        "Actual Loops": 1,
        "Workers Planned": 1,
        "Workers Launched": 1,
        "Single Copy": false,
        "Plans": [
          {
            "Node Type": "Aggregate",
            "Strategy": "Plain",
            "Partial Mode": "Partial",
            "Parent Relationship": "Outer",
            "Parallel Aware": false,
            "Startup Cost": 96643.34,
            "Total Cost": 96643.35,
            "Plan Rows": 1,
            "Plan Width": 8,
            "Actual Startup Time": 369.723,
            "Actual Total Time": 369.726,
            "Actual Rows": 1,
            "Actual Loops": 2,
            "Plans": [
              {
                "Node Type": "Hash Join",
                "Parent Relationship": "Outer",
                "Parallel Aware": true,
                "Join Type": "Inner",
                "Startup Cost": 58447.58,
                "Total Cost": 96614.21,
                "Plan Rows": 11651,
                "Plan Width": 0,
                "Actual Startup Time": 182.857,
                "Actual Total Time": 367.602,
                "Actual Rows": 50304,
                "Actual Loops": 2,
                "Inner Unique": true,
                "Hash Cond": "(mc.movie_id = t.id)",
                "Plans": [
                  {
                    "Node Type": "Seq Scan",
                    "Parent Relationship": "Outer",
                    "Parallel Aware": true,
                    "Relation Name": "movie_companies",
                    "Alias": "mc",
                    "Startup Cost": 0.0,
                    "Total Cost": 34137.82,
                    "Plan Rows": 1534782,
                    "Plan Width": 4,
                    "Actual Startup Time": 0.013,
                    "Actual Total Time": 95.917,
                    "Actual Rows": 1304564,
                    "Actual Loops": 2
                  },
                  {
                    "Node Type": "Hash",
                    "Parent Relationship": "Inner",
                    "Parallel Aware": true,
                    "Startup Cost": 58306.47,
                    "Total Cost": 58306.47,
                    "Plan Rows": 11289,
                    "Plan Width": 4,
                    "Actual Startup Time": 144.942,
                    "Actual Total Time": 144.942,
                    "Actual Rows": 25860,
                    "Actual Loops": 2,
                    "Hash Buckets": 65536,
                    "Original Hash Buckets": 32768,
                    "Hash Batches": 1,
                    "Original Hash Batches": 1,
                    "Peak Memory Usage": 2816,
                    "Plans": [
                      {
                        "Node Type": "Seq Scan",
                        "Parent Relationship": "Outer",
                        "Parallel Aware": true,
                        "Relation Name": "title",
                        "Alias": "t",
                        "Startup Cost": 0.0,
                        "Total Cost": 58306.47,
                        "Plan Rows": 11289,
                        "Plan Width": 4,
                        "Actual Startup Time": 91.777,
                        "Actual Total Time": 138.131,
                        "Actual Rows": 25860,
                        "Actual Loops": 2,
                        "Filter": "((kind_id < 7) AND (production_year < 1914))",
                        "Rows Removed by Filter": 1238296
                      }
                    ]
                  }
                ]
              }
            ]
          }
        ]
      }
    ]
  },
  "Planning Time": 0.47,
  "Triggers": [],
  "Execution Time": 391.952
}