[
  {
    "Plan": {
      "Node Type": "Aggregate",
      "Strategy": "Plain",
      "Partial Mode": "Finalize",
      "Parallel Aware": false,
      "Startup Cost": 85242.19,
      "Total Cost": 85242.2,
      "Plan Rows": 1,
      "Plan Width": 8,
      "Actual Startup Time": 315.444,
      "Actual Total Time": 331.759,
      "Actual Rows": 1,
      "Actual Loops": 1,
      "Plans": [
        {
          "Node Type": "Gather",
          "Parent Relationship": "Outer",
          "Parallel Aware": false,
          "Startup Cost": 85241.87,
          "Total Cost": 85242.18,
          "Plan Rows": 3,
          "Plan Width": 8,
          "Actual Startup Time": 312.574,
          "Actual Total Time": 331.749,
          "Actual Rows": 4,
          "Actual Loops": 1,
          "Workers Planned": 3,
          "Workers Launched": 3,
          "Single Copy": false,
          "Plans": [
            {
              "Node Type": "Aggregate",
              "Strategy": "Plain",
              "Partial Mode": "Partial",
              "Parent Relationship": "Outer",
              "Parallel Aware": false,
              "Startup Cost": 84241.87,
              "Total Cost": 84241.88,
              "Plan Rows": 1,
              "Plan Width": 8,
              "Actual Startup Time": 303.549,
              "Actual Total Time": 303.555,
              "Actual Rows": 1,
              "Actual Loops": 4,
              "Plans": [
                {
                  "Node Type": "Hash Join",
                  "Parent Relationship": "Outer",
                  "Parallel Aware": true,
                  "Join Type": "Inner",
                  "Startup Cost": 57172.74,
                  "Total Cost": 84113.94,
                  "Plan Rows": 51172,
                  "Plan Width": 0,
                  "Actual Startup Time": 210.638,
                  "Actual Total Time": 302.19,
                  "Actual Rows": 21867,
                  "Actual Loops": 4,
                  "Inner Unique": true,
                  "Hash Cond": "(mk.movie_id = t.id)",
                  "Plans": [
                    {
                      "Node Type": "Bitmap Heap Scan",
                      "Parent Relationship": "Outer",
                      "Parallel Aware": true,
                      "Relation Name": "movie_keyword",
                      "Alias": "mk",
                      "Startup Cost": 10815.17,
                      "Total Cost": 37324.7,
                      "Plan Rows": 164443,
                      "Plan Width": 4,
                      "Actual Startup Time": 32.938,
                      "Actual Total Time": 88.394,
                      "Actual Rows": 130220,
                      "Actual Loops": 4,
                      "Recheck Cond": "(keyword_id < 382)",
                      "Rows Removed by Index Recheck": 0,
                      "Exact Heap Blocks": 7274,
                      "Lossy Heap Blocks": 0,
                      "Plans": [
                        {
                          "Node Type": "Bitmap Index Scan",
                          "Parent Relationship": "Outer",
                          "Parallel Aware": false,
                          "Index Name": "keyword_id_movie_keyword",
                          "Startup Cost": 0.0,
                          "Total Cost": 10687.72,
                          "Plan Rows": 509772,
                          "Plan Width": 0,
                          "Actual Startup Time": 28.948,
                          "Actual Total Time": 28.949,
                          "Actual Rows": 520878,
                          "Actual Loops": 1,
                          "Index Cond": "(keyword_id < 382)"
                        }
                      ]
                    },
                    {
                      "Node Type": "Hash",
                      "Parent Relationship": "Inner",
                      "Parallel Aware": true,
                      "Startup Cost": 43898.92,
                      "Total Cost": 43898.92,
                      "Plan Rows": 196693,
                      "Plan Width": 4,
                      "Actual Startup Time": 172.556,
                      "Actual Total Time": 172.559,
                      "Actual Rows": 196232,
                      "Actual Loops": 4,
                      "Hash Buckets": 1048576,
                      "Original Hash Buckets": 1048576,
                      "Hash Batches": 1,
                      "Original Hash Batches": 1,
                      "Peak Memory Usage": 38976,
                      "Plans": [
                        {
                          "Node Type": "Seq Scan",
                          "Parent Relationship": "Outer",
                          "Parallel Aware": true,
                          "Relation Name": "title",
                          "Alias": "t",
                          "Startup Cost": 0.0,
                          "Total Cost": 43898.92,
                          "Plan Rows": 196693,
                          "Plan Width": 4,
                          "Actual Startup Time": 0.036,
                          "Actual Total Time": 101.416,
                          "Actual Rows": 196232,
                          "Actual Loops": 4,
                          "Filter": "(production_year > 2007)",
                          "Rows Removed by Filter": 435846
                        }
                      ]
                    }
                  ]
                }
              ]
            }
          ]
        }
      ]
    },
    "Planning Time": 0.588,
    "Triggers": [],
    "Execution Time": 331.853
  }
]