{
  "Plan": {
    "Node Type": "Aggregate",
    "Strategy": "Plain",
    "Partial Mode": "Finalize",
    "Parallel Aware": false,
    "Startup Cost": 95132.99,
    "Total Cost": 95133.0,
    "Plan Rows": 1,
    "Plan Width": 8,
    "Actual Startup Time": 448.469,
    "Actual Total Time": 463.985,
    "Actual Rows": 1,
    "Actual Loops": 1,
    "Plans": [
      {
        "Node Type": "Gather",
        "Parent Relationship": "Outer",
        "Parallel Aware": false,
        "Startup Cost": 95132.87,
        "Total Cost": 95132.98,
        "Plan Rows": 1,
        "Plan Width": 8,
        "Actual Startup Time": 447.809,
        "Actual Total Time": 463.974,
        "Actual Rows": 2,
        "Actual Loops": 1,
        "Workers Planned": 1,
        "Workers Launched": 1,
        "Single Copy": false,
        "Plans": [
          {
            "Node Type": "Aggregate",
            "Strategy": "Plain",
            "Partial Mode": "Partial",
            "Parent Relationship": "Outer",
            "Parallel Aware": false,
            "Startup Cost": 94132.87,
            "Total Cost": 94132.88,
            "Plan Rows": 1,
            "Plan Width": 8,
            "Actual Startup Time": 442.075,
            "Actual Total Time": 442.079,
            "Actual Rows": 1,
            "Actual Loops": 2,
            "Plans": [
              {
                "Node Type": "Hash Join",
                "Parent Relationship": "Outer",
                "Parallel Aware": true,
                "Join Type": "Inner",
                "Startup Cost": 55730.51,
                "Total Cost": 93897.15,
                "Plan Rows": 94291,
                "Plan Width": 0,
                "Actual Startup Time": 178.6,
                "Actual Total Time": 435.339,
                "Actual Rows": 169560,
                "Actual Loops": 2,
                "Inner Unique": true,
                "Hash Cond": "(mc.movie_id = t.id)",
                "Plans": [
                  {
                    "Node Type": "Seq Scan",
                    "Parent Relationship": "Outer",
                    "Parallel Aware": true,
                    "Relation Name": "movie_companies",
                    "Alias": "mc",
                    "Startup Cost": 0.0,
                    "Total Cost": 34137.82,
                    "Plan Rows": 1534782,
                    "Plan Width": 4,
                    "Actual Startup Time": 0.013,
                    "Actual Total Time": 100.448,
                    "Actual Rows": 1304564,
                    "Actual Loops": 2
                  },
                  {
                    "Node Type": "Hash",
                    "Parent Relationship": "Inner",
                    "Parallel Aware": true,
                    "Startup Cost": 54588.39,
                    "Total Cost": 54588.39,
                    "Plan Rows": 91370,
                    "Plan Width": 4,
                    "Actual Startup Time": 173.184,
                    "Actual Total Time": 173.185,
                    "Actual Rows": 80168,
                    "Actual Loops": 2,
                    "Hash Buckets": 262144,
                    "Original Hash Buckets": 262144,
                    "Hash Batches": 1,
                    "Original Hash Batches": 1,
                    "Peak Memory Usage": 8352,
                    "Plans": [
                      {
                        "Node Type": "Seq Scan",
                        "Parent Relationship": "Outer",
                        "Parallel Aware": true,
                        "Relation Name": "title",
                        "Alias": "t",
                        "Startup Cost": 0.0,
                        "Total Cost": 54588.39,
                        "Plan Rows": 91370,
                        "Plan Width": 4,
                        "Actual Startup Time": 0.746,
                        "Actual Total Time": 148.89,
                        "Actual Rows": 80168,
                        "Actual Loops": 2,
                        "Filter": "(production_year < 1949)",
                        "Rows Removed by Filter": 1183988
                      }
                    ]
                  }
                ]
              }
            ]
          }
        ]
      }
    ]
  },
  "Planning Time": 0.392,
  "Triggers": [],
  "Execution Time": 464.055
}