[
  {
    "Plan": {
      "Node Type": "Aggregate",
      "Strategy": "Plain",
      "Partial Mode": "Finalize",
      "Parallel Aware": false,
      "Startup Cost": 121644.3,
      "Total Cost": 121644.31,
      "Plan Rows": 1,
      "Plan Width": 8,
      "Actual Startup Time": 437.542,
      "Actual Total Time": 455.618,
      "Actual Rows": 1,
      "Actual Loops": 1,
      "Plans": [
        {
          "Node Type": "Gather",
          "Parent Relationship": "Outer",
          "Parallel Aware": false,
          "Startup Cost": 121643.99,
          "Total Cost": 121644.3,
          "Plan Rows": 3,
          "Plan Width": 8,
          "Actual Startup Time": 435.829,
          "Actual Total Time": 455.608,
          "Actual Rows": 4,
          "Actual Loops": 1,
          "Workers Planned": 3,
          "Workers Launched": 3,
          "Single Copy": false,
          "Plans": [
            {
              "Node Type": "Aggregate",
              "Strategy": "Plain",
              "Partial Mode": "Partial",
              "Parent Relationship": "Outer",
              "Parallel Aware": false,
              "Startup Cost": 120643.99,
              "Total Cost": 120644.0,
              "Plan Rows": 1,
              "Plan Width": 8,
              "Actual Startup Time": 426.363,
              "Actual Total Time": 426.371,
              "Actual Rows": 1,
              "Actual Loops": 4,
              "Plans": [
                {
                  "Node Type": "Hash Join",
                  "Parent Relationship": "Outer",
                  "Parallel Aware": true,
                  "Join Type": "Inner",
                  "Startup Cost": 75788.31,
                  "Total Cost": 120476.06,
                  "Plan Rows": 67172,
                  "Plan Width": 0,
                  "Actual Startup Time": 278.602,
                  "Actual Total Time": 425.672,
                  "Actual Rows": 17126,
                  "Actual Loops": 4,
                  "Inner Unique": false,
                  "Hash Cond": "(mk.movie_id = t.id)",
                  "Plans": [
                    {
                      "Node Type": "Seq Scan",
                      "Parent Relationship": "Outer",
                      "Parallel Aware": true,
                      "Relation Name": "movie_keyword",
                      "Alias": "mk",
                      "Startup Cost": 0.0,
                      "Total Cost": 39047.32,
                      "Plan Rows": 1459332,
                      "Plan Width": 4,
                      "Actual Startup Time": 0.027,
                      "Actual Total Time": 88.153,
                      "Actual Rows": 1130982,
                      "Actual Loops": 4
                    },
                    {
                      "Node Type": "Hash",
                      "Parent Relationship": "Inner",
                      "Parallel Aware": true,
                      "Startup Cost": 75424.63,
                      "Total Cost": 75424.63,
                      "Plan Rows": 29094,
                      "Plan Width": 8,
                      "Actual Startup Time": 258.568,
                      "Actual Total Time": 258.574,
                      "Actual Rows": 8530,
                      "Actual Loops": 4,
                      "Hash Buckets": 131072,
                      "Original Hash Buckets": 131072,
                      "Hash Batches": 1,
                      "Original Hash Batches": 1,
                      "Peak Memory Usage": 2432,
                      "Plans": [
                        {
                          "Node Type": "Hash Join",
                          "Parent Relationship": "Outer",
                          "Parallel Aware": true,
                          "Join Type": "Inner",
                          "Startup Cost": 29510.79,
                          "Total Cost": 75424.63,
                          "Plan Rows": 29094,
                          "Plan Width": 8,
                          "Actual Startup Time": 136.984,
                          "Actual Total Time": 255.456,
                          "Actual Rows": 8530,
                          "Actual Loops": 4,
                          "Inner Unique": false,
                          "Hash Cond": "(t.id = mc.movie_id)",
                          "Plans": [
                            {
                              "Node Type": "Seq Scan",
                              "Parent Relationship": "Outer",
                              "Parallel Aware": true,
                              "Relation Name": "title",
                              "Alias": "t",
                              "Startup Cost": 0.0,
                              "Total Cost": 43898.92,
                              "Plan Rows": 384216,
                              "Plan Width": 4,
                              "Actual Startup Time": 0.011,
                              "Actual Total Time": 83.349,
                              "Actual Rows": 385816,
                              "Actual Loops": 4,
                              "Filter": "(kind_id = 7)",
                              "Rows Removed by Filter": 246262
                            },
                            {
                              "Node Type": "Hash",
                              "Parent Relationship": "Inner",
                              "Parallel Aware": true,
                              "Startup Cost": 28738.81,
                              "Total Cost": 28738.81,
                              "Plan Rows": 61758,
                              "Plan Width": 4,
                              "Actual Startup Time": 102.452,
                              "Actual Total Time": 102.455,
                              "Actual Rows": 95512,
                              "Actual Loops": 4,
                              "Hash Buckets": 524288,
                              "Original Hash Buckets": 262144,
                              "Hash Batches": 1,
                              "Original Hash Batches": 1,
                              "Peak Memory Usage": 21120,
                              "Plans": [
                                {
                                  "Node Type": "Bitmap Heap Scan",
                                  "Parent Relationship": "Outer",
                                  "Parallel Aware": true,
                                  "Relation Name": "movie_companies",
                                  "Alias": "mc",
                                  "Startup Cost": 8124.29,
                                  "Total Cost": 28738.81,
                                  "Plan Rows": 61758,
                                  "Plan Width": 4,
                                  "Actual Startup Time": 31.228,
                                  "Actual Total Time": 66.544,
                                  "Actual Rows": 95512,
                                  "Actual Loops": 4,
                                  "Recheck Cond": "(company_id > 84038)",
                                  "Rows Removed by Index Recheck": 0,
                                  "Filter": "(company_type_id = 2)",
                                  "Rows Removed by Filter": 0,
                                  "Exact Heap Blocks": 2707,
                                  "Lossy Heap Blocks": 0,
                                  "Plans": [
                                    {
                                      "Node Type": "Bitmap Index Scan",
                                      "Parent Relationship": "Outer",
                                      "Parallel Aware": false,
                                      "Index Name": "company_id_movie_companies",
                                      "Startup Cost": 0.0,
                                      "Total Cost": 8076.43,
                                      "Plan Rows": 377067,
                                      "Plan Width": 0,
                                      "Actual Startup Time": 31.966,
                                      "Actual Total Time": 31.966,
                                      "Actual Rows": 382049,
                                      "Actual Loops": 1,
                                      "Index Cond": "(company_id > 84038)"
                                    }
                                  ]
                                }
                              ]
                            }
                          ]
                        }
                      ]
                    }
                  ]
                }
              ]
            }
          ]
        }
      ]
    },
    "Planning Time": 1.508,
    "Triggers": [],
    "Execution Time": 455.726
  }
]