[
    {
        "Bao": {
            "Bao prediction": 1103.446,
            "Bao recommended hint": "SET enable_nestloop TO off; "
        }
    },
    {
        "Plan": {
            "Node Type": "Aggregate",
            "Strategy": "Plain",
            "Partial Mode": "Finalize",
            "Parallel Aware": false,
            "Startup Cost": 432333.38,
            "Total Cost": 432333.39,
            "Plan Rows": 1,
            "Plan Width": 8,
            "Actual Startup Time": 1263.746,
            "Actual Total Time": 1303.409,
            "Actual Rows": 1,
            "Actual Loops": 1,
            "Output": [
                "count(*)"
            ],
            "Plans": [
                {
                    "Node Type": "Gather",
                    "Parent Relationship": "Outer",
                    "Parallel Aware": false,
                    "Startup Cost": 432332.76,
                    "Total Cost": 432333.37,
                    "Plan Rows": 6,
                    "Plan Width": 8,
                    "Actual Startup Time": 1259.917,
                    "Actual Total Time": 1303.4,
                    "Actual Rows": 7,
                    "Actual Loops": 1,
                    "Output": [
                        "(PARTIAL count(*))"
                    ],
                    "Workers Planned": 6,
                    "Workers Launched": 6,
                    "Single Copy": false,
                    "Plans": [
                        {
                            "Node Type": "Aggregate",
                            "Strategy": "Plain",
                            "Partial Mode": "Partial",
                            "Parent Relationship": "Outer",
                            "Parallel Aware": false,
                            "Startup Cost": 431332.76,
                            "Total Cost": 431332.77,
                            "Plan Rows": 1,
                            "Plan Width": 8,
                            "Actual Startup Time": 1249.266,
                            "Actual Total Time": 1249.329,
                            "Actual Rows": 1,
                            "Actual Loops": 7,
                            "Output": [
                                "PARTIAL count(*)"
                            ],
                            "Workers": [
                                {
                                    "Worker Number": 0,
                                    "Actual Startup Time": 1247.002,
                                    "Actual Total Time": 1247.008,
                                    "Actual Rows": 1,
                                    "Actual Loops": 1
                                },
                                {
                                    "Worker Number": 1,
                                    "Actual Startup Time": 1247.404,
                                    "Actual Total Time": 1247.409,
                                    "Actual Rows": 1,
                                    "Actual Loops": 1
                                },
                                {
                                    "Worker Number": 2,
                                    "Actual Startup Time": 1247.286,
                                    "Actual Total Time": 1247.298,
                                    "Actual Rows": 1,
                                    "Actual Loops": 1
                                },
                                {
                                    "Worker Number": 3,
                                    "Actual Startup Time": 1247.81,
                                    "Actual Total Time": 1247.816,
                                    "Actual Rows": 1,
                                    "Actual Loops": 1
                                },
                                {
                                    "Worker Number": 4,
                                    "Actual Startup Time": 1248.143,
                                    "Actual Total Time": 1248.147,
                                    "Actual Rows": 1,
                                    "Actual Loops": 1
                                },
                                {
                                    "Worker Number": 5,
                                    "Actual Startup Time": 1248.472,
                                    "Actual Total Time": 1248.478,
                                    "Actual Rows": 1,
                                    "Actual Loops": 1
                                }
                            ],
                            "Plans": [
                                {
                                    "Node Type": "Hash Join",
                                    "Parent Relationship": "Outer",
                                    "Parallel Aware": true,
                                    "Join Type": "Inner",
                                    "Startup Cost": 82192.92,
                                    "Total Cost": 431148.25,
                                    "Plan Rows": 73802,
                                    "Plan Width": 0,
                                    "Actual Startup Time": 626.006,
                                    "Actual Total Time": 1238.844,
                                    "Actual Rows": 170349,
                                    "Actual Loops": 7,
                                    "Inner Unique": false,
                                    "Hash Cond": "(ci.movie_id = t.id)",
                                    "Workers": [
                                        {
                                            "Worker Number": 0,
                                            "Actual Startup Time": 623.724,
                                            "Actual Total Time": 1236.48,
                                            "Actual Rows": 151927,
                                            "Actual Loops": 1
                                        },
                                        {
                                            "Worker Number": 1,
                                            "Actual Startup Time": 624.173,
                                            "Actual Total Time": 1237.173,
                                            "Actual Rows": 148235,
                                            "Actual Loops": 1
                                        },
                                        {
                                            "Worker Number": 2,
                                            "Actual Startup Time": 624.502,
                                            "Actual Total Time": 1236.503,
                                            "Actual Rows": 157881,
                                            "Actual Loops": 1
                                        },
                                        {
                                            "Worker Number": 3,
                                            "Actual Startup Time": 624.113,
                                            "Actual Total Time": 1237.701,
                                            "Actual Rows": 147263,
                                            "Actual Loops": 1
                                        },
                                        {
                                            "Worker Number": 4,
                                            "Actual Startup Time": 625.258,
                                            "Actual Total Time": 1237.881,
                                            "Actual Rows": 149353,
                                            "Actual Loops": 1
                                        },
                                        {
                                            "Worker Number": 5,
                                            "Actual Startup Time": 625.016,
                                            "Actual Total Time": 1237.871,
                                            "Actual Rows": 154631,
                                            "Actual Loops": 1
                                        }
                                    ],
                                    "Plans": [
                                        {
                                            "Node Type": "Seq Scan",
                                            "Parent Relationship": "Outer",
                                            "Parallel Aware": true,
                                            "Relation Name": "cast_info",
                                            "Schema": "public",
                                            "Alias": "ci",
                                            "Startup Cost": 0.0,
                                            "Total Cost": 343318.94,
                                            "Plan Rows": 1439552,
                                            "Plan Width": 4,
                                            "Actual Startup Time": 398.094,
                                            "Actual Total Time": 778.173,
                                            "Actual Rows": 1641832,
                                            "Actual Loops": 7,
                                            "Output": [
                                                "ci.id",
                                                "ci.person_id",
                                                "ci.movie_id",
                                                "ci.person_role_id",
                                                "ci.note",
                                                "ci.nr_order",
                                                "ci.role_id"
                                            ],
                                            "Filter": "((ci.person_id > 1647349) AND (ci.role_id > 2))",
                                            "Rows Removed by Filter": 3535931,
                                            "Workers": [
                                                {
                                                    "Worker Number": 0,
                                                    "Actual Startup Time": 398.1,
                                                    "Actual Total Time": 780.674,
                                                    "Actual Rows": 1452867,
                                                    "Actual Loops": 1
                                                },
                                                {
                                                    "Worker Number": 1,
                                                    "Actual Startup Time": 398.107,
                                                    "Actual Total Time": 780.698,
                                                    "Actual Rows": 1495380,
                                                    "Actual Loops": 1
                                                },
                                                {
                                                    "Worker Number": 2,
                                                    "Actual Startup Time": 398.104,
                                                    "Actual Total Time": 781.826,
                                                    "Actual Rows": 1471883,
                                                    "Actual Loops": 1
                                                },
                                                {
                                                    "Worker Number": 3,
                                                    "Actual Startup Time": 398.047,
                                                    "Actual Total Time": 783.142,
                                                    "Actual Rows": 1478952,
                                                    "Actual Loops": 1
                                                },
                                                {
                                                    "Worker Number": 4,
                                                    "Actual Startup Time": 398.093,
                                                    "Actual Total Time": 778.835,
                                                    "Actual Rows": 1485218,
                                                    "Actual Loops": 1
                                                },
                                                {
                                                    "Worker Number": 5,
                                                    "Actual Startup Time": 398.097,
                                                    "Actual Total Time": 777.228,
                                                    "Actual Rows": 1480896,
                                                    "Actual Loops": 1
                                                }
                                            ]
                                        },
                                        {
                                            "Node Type": "Hash",
                                            "Parent Relationship": "Inner",
                                            "Parallel Aware": true,
                                            "Startup Cost": 81670.26,
                                            "Total Cost": 81670.26,
                                            "Plan Rows": 41813,
                                            "Plan Width": 8,
                                            "Actual Startup Time": 226.34,
                                            "Actual Total Time": 226.4,
                                            "Actual Rows": 47454,
                                            "Actual Loops": 7,
                                            "Output": [
                                                "t.id",
                                                "mk.movie_id"
                                            ],
                                            "Hash Buckets": 524288,
                                            "Original Hash Buckets": 131072,
                                            "Hash Batches": 1,
                                            "Original Hash Batches": 1,
                                            "Peak Memory Usage": 20256,
                                            "Workers": [
                                                {
                                                    "Worker Number": 0,
                                                    "Actual Startup Time": 224.979,
                                                    "Actual Total Time": 224.984,
                                                    "Actual Rows": 43123,
                                                    "Actual Loops": 1
                                                },
                                                {
                                                    "Worker Number": 1,
                                                    "Actual Startup Time": 225.361,
                                                    "Actual Total Time": 225.365,
                                                    "Actual Rows": 42463,
                                                    "Actual Loops": 1
                                                },
                                                {
                                                    "Worker Number": 2,
                                                    "Actual Startup Time": 225.167,
                                                    "Actual Total Time": 225.178,
                                                    "Actual Rows": 44175,
                                                    "Actual Loops": 1
                                                },
                                                {
                                                    "Worker Number": 3,
                                                    "Actual Startup Time": 225.152,
                                                    "Actual Total Time": 225.157,
                                                    "Actual Rows": 42325,
                                                    "Actual Loops": 1
                                                },
                                                {
                                                    "Worker Number": 4,
                                                    "Actual Startup Time": 226.119,
                                                    "Actual Total Time": 226.123,
                                                    "Actual Rows": 42873,
                                                    "Actual Loops": 1
                                                },
                                                {
                                                    "Worker Number": 5,
                                                    "Actual Startup Time": 226.398,
                                                    "Actual Total Time": 226.402,
                                                    "Actual Rows": 42431,
                                                    "Actual Loops": 1
                                                }
                                            ],
                                            "Plans": [
                                                {
                                                    "Node Type": "Hash Join",
                                                    "Parent Relationship": "Outer",
                                                    "Parallel Aware": true,
                                                    "Join Type": "Inner",
                                                    "Startup Cost": 38792.18,
                                                    "Total Cost": 81670.26,
                                                    "Plan Rows": 41813,
                                                    "Plan Width": 8,
                                                    "Actual Startup Time": 83.361,
                                                    "Actual Total Time": 199.836,
                                                    "Actual Rows": 47454,
                                                    "Actual Loops": 7,
                                                    "Output": [
                                                        "t.id",
                                                        "mk.movie_id"
                                                    ],
                                                    "Inner Unique": true,
                                                    "Hash Cond": "(mk.movie_id = t.id)",
                                                    "Workers": [
                                                        {
                                                            "Worker Number": 0,
                                                            "Actual Startup Time": 81.986,
                                                            "Actual Total Time": 197.489,
                                                            "Actual Rows": 43123,
                                                            "Actual Loops": 1
                                                        },
                                                        {
                                                            "Worker Number": 1,
                                                            "Actual Startup Time": 82.415,
                                                            "Actual Total Time": 201.181,
                                                            "Actual Rows": 42463,
                                                            "Actual Loops": 1
                                                        },
                                                        {
                                                            "Worker Number": 2,
                                                            "Actual Startup Time": 82.17,
                                                            "Actual Total Time": 198.936,
                                                            "Actual Rows": 44175,
                                                            "Actual Loops": 1
                                                        },
                                                        {
                                                            "Worker Number": 3,
                                                            "Actual Startup Time": 82.181,
                                                            "Actual Total Time": 199.925,
                                                            "Actual Rows": 42325,
                                                            "Actual Loops": 1
                                                        },
                                                        {
                                                            "Worker Number": 4,
                                                            "Actual Startup Time": 83.06,
                                                            "Actual Total Time": 199.715,
                                                            "Actual Rows": 42873,
                                                            "Actual Loops": 1
                                                        },
                                                        {
                                                            "Worker Number": 5,
                                                            "Actual Startup Time": 83.415,
                                                            "Actual Total Time": 198.877,
                                                            "Actual Rows": 42431,
                                                            "Actual Loops": 1
                                                        }
                                                    ],
                                                    "Plans": [
                                                        {
                                                            "Node Type": "Seq Scan",
                                                            "Parent Relationship": "Outer",
                                                            "Parallel Aware": true,
                                                            "Relation Name": "movie_keyword",
                                                            "Schema": "public",
                                                            "Alias": "mk",
                                                            "Startup Cost": 0.0,
                                                            "Total Cost": 39047.32,
                                                            "Plan Rows": 1459332,
                                                            "Plan Width": 4,
                                                            "Actual Startup Time": 0.015,
                                                            "Actual Total Time": 71.618,
                                                            "Actual Rows": 646276,
                                                            "Actual Loops": 7,
                                                            "Output": [
                                                                "mk.id",
                                                                "mk.movie_id",
                                                                "mk.keyword_id"
                                                            ],
                                                            "Workers": [
                                                                {
                                                                    "Worker Number": 0,
                                                                    "Actual Startup Time": 0.018,
                                                                    "Actual Total Time": 72.11,
                                                                    "Actual Rows": 571465,
                                                                    "Actual Loops": 1
                                                                },
                                                                {
                                                                    "Worker Number": 1,
                                                                    "Actual Startup Time": 0.024,
                                                                    "Actual Total Time": 73.337,
                                                                    "Actual Rows": 596195,
                                                                    "Actual Loops": 1
                                                                },
                                                                {
                                                                    "Worker Number": 2,
                                                                    "Actual Startup Time": 0.014,
                                                                    "Actual Total Time": 72.843,
                                                                    "Actual Rows": 584415,
                                                                    "Actual Loops": 1
                                                                },
                                                                {
                                                                    "Worker Number": 3,
                                                                    "Actual Startup Time": 0.013,
                                                                    "Actual Total Time": 73.466,
                                                                    "Actual Rows": 589780,
                                                                    "Actual Loops": 1
                                                                },
                                                                {
                                                                    "Worker Number": 4,
                                                                    "Actual Startup Time": 0.016,
                                                                    "Actual Total Time": 72.544,
                                                                    "Actual Rows": 582935,
                                                                    "Actual Loops": 1
                                                                },
                                                                {
                                                                    "Worker Number": 5,
                                                                    "Actual Startup Time": 0.012,
                                                                    "Actual Total Time": 71.624,
                                                                    "Actual Rows": 576645,
                                                                    "Actual Loops": 1
                                                                }
                                                            ]
                                                        },
                                                        {
                                                            "Node Type": "Hash",
                                                            "Parent Relationship": "Inner",
                                                            "Parallel Aware": true,
                                                            "Startup Cost": 38565.81,
                                                            "Total Cost": 38565.81,
                                                            "Plan Rows": 18110,
                                                            "Plan Width": 4,
                                                            "Actual Startup Time": 56.608,
                                                            "Actual Total Time": 56.61,
                                                            "Actual Rows": 10210,
                                                            "Actual Loops": 7,
                                                            "Output": [
                                                                "t.id"
                                                            ],
                                                            "Hash Buckets": 131072,
                                                            "Original Hash Buckets": 131072,
                                                            "Hash Batches": 1,
                                                            "Original Hash Batches": 1,
                                                            "Peak Memory Usage": 3968,
                                                            "Workers": [
                                                                {
                                                                    "Worker Number": 0,
                                                                    "Actual Startup Time": 55.54,
                                                                    "Actual Total Time": 55.541,
                                                                    "Actual Rows": 6840,
                                                                    "Actual Loops": 1
                                                                },
                                                                {
                                                                    "Worker Number": 1,
                                                                    "Actual Startup Time": 55.897,
                                                                    "Actual Total Time": 55.898,
                                                                    "Actual Rows": 6680,
                                                                    "Actual Loops": 1
                                                                },
                                                                {
                                                                    "Worker Number": 2,
                                                                    "Actual Startup Time": 55.749,
                                                                    "Actual Total Time": 55.75,
                                                                    "Actual Rows": 6874,
                                                                    "Actual Loops": 1
                                                                },
                                                                {
                                                                    "Worker Number": 3,
                                                                    "Actual Startup Time": 55.756,
                                                                    "Actual Total Time": 55.758,
                                                                    "Actual Rows": 6984,
                                                                    "Actual Loops": 1
                                                                },
                                                                {
                                                                    "Worker Number": 4,
                                                                    "Actual Startup Time": 56.627,
                                                                    "Actual Total Time": 56.629,
                                                                    "Actual Rows": 7049,
                                                                    "Actual Loops": 1
                                                                },
                                                                {
                                                                    "Worker Number": 5,
                                                                    "Actual Startup Time": 56.953,
                                                                    "Actual Total Time": 56.954,
                                                                    "Actual Rows": 6677,
                                                                    "Actual Loops": 1
                                                                }
                                                            ],
                                                            "Plans": [
                                                                {
                                                                    "Node Type": "Bitmap Heap Scan",
                                                                    "Parent Relationship": "Outer",
                                                                    "Parallel Aware": true,
                                                                    "Relation Name": "title",
                                                                    "Schema": "public",
                                                                    "Alias": "t",
                                                                    "Startup Cost": 2124.72,
                                                                    "Total Cost": 38565.81,
                                                                    "Plan Rows": 18110,
                                                                    "Plan Width": 4,
                                                                    "Actual Startup Time": 15.347,
                                                                    "Actual Total Time": 50.551,
                                                                    "Actual Rows": 10210,
                                                                    "Actual Loops": 7,
                                                                    "Output": [
                                                                        "t.id"
                                                                    ],
                                                                    "Recheck Cond": "(t.kind_id = 4)",
                                                                    "Rows Removed by Index Recheck": 0,
                                                                    "Filter": "(t.production_year < 2007)",
                                                                    "Rows Removed by Filter": 6680,
                                                                    "Exact Heap Blocks": 5460,
                                                                    "Lossy Heap Blocks": 0,
                                                                    "Workers": [
                                                                        {
                                                                            "Worker Number": 0,
                                                                            "Actual Startup Time": 14.699,
                                                                            "Actual Total Time": 49.818,
                                                                            "Actual Rows": 6840,
                                                                            "Actual Loops": 1
                                                                        },
                                                                        {
                                                                            "Worker Number": 1,
                                                                            "Actual Startup Time": 14.544,
                                                                            "Actual Total Time": 49.912,
                                                                            "Actual Rows": 6680,
                                                                            "Actual Loops": 1
                                                                        },
                                                                        {
                                                                            "Worker Number": 2,
                                                                            "Actual Startup Time": 14.495,
                                                                            "Actual Total Time": 50.233,
                                                                            "Actual Rows": 6874,
                                                                            "Actual Loops": 1
                                                                        },
                                                                        {
                                                                            "Worker Number": 3,
                                                                            "Actual Startup Time": 14.33,
                                                                            "Actual Total Time": 50.122,
                                                                            "Actual Rows": 6984,
                                                                            "Actual Loops": 1
                                                                        },
                                                                        {
                                                                            "Worker Number": 4,
                                                                            "Actual Startup Time": 15.488,
                                                                            "Actual Total Time": 50.993,
                                                                            "Actual Rows": 7049,
                                                                            "Actual Loops": 1
                                                                        },
                                                                        {
                                                                            "Worker Number": 5,
                                                                            "Actual Startup Time": 15.665,
                                                                            "Actual Total Time": 50.946,
                                                                            "Actual Rows": 6677,
                                                                            "Actual Loops": 1
                                                                        }
                                                                    ],
                                                                    "Plans": [
                                                                        {
                                                                            "Node Type": "Bitmap Index Scan",
                                                                            "Parent Relationship": "Outer",
                                                                            "Parallel Aware": false,
                                                                            "Index Name": "kind_id_title",
                                                                            "Startup Cost": 0.0,
                                                                            "Total Cost": 2106.61,
                                                                            "Plan Rows": 118157,
                                                                            "Plan Width": 0,
                                                                            "Actual Startup Time": 14.498,
                                                                            "Actual Total Time": 14.498,
                                                                            "Actual Rows": 118234,
                                                                            "Actual Loops": 1,
                                                                            "Index Cond": "(t.kind_id = 4)"
                                                                        }
                                                                    ]
                                                                }
                                                            ]
                                                        }
                                                    ]
                                                }
                                            ]
                                        }
                                    ]
                                }
                            ]
                        }
                    ]
                }
            ]
        },
        "Planning Time": 1054.168,
        "Triggers": [],
        "Execution Time": 1303.639
    }
]