{
  "Plan": {
    "Node Type": "Aggregate",
    "Strategy": "Plain",
    "Partial Mode": "Finalize",
    "Parallel Aware": false,
    "Startup Cost": 79659.24,
    "Total Cost": 79659.25,
    "Plan Rows": 1,
    "Plan Width": 8,
    "Actual Startup Time": 308.455,
    "Actual Total Time": 323.745,
    "Actual Rows": 1,
    "Actual Loops": 1,
    "Plans": [
      {
        "Node Type": "Gather",
        "Parent Relationship": "Outer",
        "Parallel Aware": false,
        "Startup Cost": 79659.12,
        "Total Cost": 79659.23,
        "Plan Rows": 1,
        "Plan Width": 8,
        "Actual Startup Time": 307.949,
        "Actual Total Time": 323.736,
        "Actual Rows": 2,
        "Actual Loops": 1,
        "Workers Planned": 1,
        "Workers Launched": 1,
        "Single Copy": false,
        "Plans": [
          {
            "Node Type": "Aggregate",
            "Strategy": "Plain",
            "Partial Mode": "Partial",
            "Parent Relationship": "Outer",
            "Parallel Aware": false,
            "Startup Cost": 78659.12,
            "Total Cost": 78659.13,
            "Plan Rows": 1,
            "Plan Width": 8,
            "Actual Startup Time": 302.1,
            "Actual Total Time": 302.104,
            "Actual Rows": 1,
            "Actual Loops": 2,
            "Plans": [
              {
                "Node Type": "Hash Join",
                "Parent Relationship": "Outer",
                "Parallel Aware": true,
                "Join Type": "Inner",
                "Startup Cost": 59090.48,
                "Total Cost": 78601.73,
                "Plan Rows": 22957,
                "Plan Width": 0,
                "Actual Startup Time": 184.086,
                "Actual Total Time": 301.613,
                "Actual Rows": 8853,
                "Actual Loops": 2,
                "Inner Unique": true,
                "Hash Cond": "(mi_idx.movie_id = t.id)",
                "Plans": [
                  {
                    "Node Type": "Seq Scan",
                    "Parent Relationship": "Outer",
                    "Parallel Aware": true,
                    "Relation Name": "movie_info_idx",
                    "Alias": "mi_idx",
                    "Startup Cost": 0.0,
                    "Total Cost": 18082.32,
                    "Plan Rows": 544356,
                    "Plan Width": 4,
                    "Actual Startup Time": 0.024,
                    "Actual Total Time": 67.307,
                    "Actual Rows": 460055,
                    "Actual Loops": 2,
                    "Filter": "(info_type_id > 99)",
                    "Rows Removed by Filter": 229962
                  },
                  {
                    "Node Type": "Hash",
                    "Parent Relationship": "Inner",
                    "Parallel Aware": true,
                    "Startup Cost": 58306.47,
                    "Total Cost": 58306.47,
                    "Plan Rows": 62721,
                    "Plan Width": 4,
                    "Actual Startup Time": 181.341,
                    "Actual Total Time": 181.342,
                    "Actual Rows": 56836,
                    "Actual Loops": 2,
                    "Hash Buckets": 131072,
                    "Original Hash Buckets": 131072,
                    "Hash Batches": 1,
                    "Original Hash Batches": 1,
                    "Peak Memory Usage": 5504,
                    "Plans": [
                      {
                        "Node Type": "Seq Scan",
                        "Parent Relationship": "Outer",
                        "Parallel Aware": true,
                        "Relation Name": "title",
                        "Alias": "t",
                        "Startup Cost": 0.0,
                        "Total Cost": 58306.47,
                        "Plan Rows": 62721,
                        "Plan Width": 4,
                        "Actual Startup Time": 0.038,
                        "Actual Total Time": 164.322,
                        "Actual Rows": 56836,
                        "Actual Loops": 2,
                        "Filter": "((kind_id > 3) AND (production_year = 2011))",
                        "Rows Removed by Filter": 1207320
                      }
                    ]
                  }
                ]
              }
            ]
          }
        ]
      }
    ]
  },
  "Planning Time": 0.62,
  "Triggers": [],
  "Execution Time": 323.819
}