[
  {
    "Plan": {
      "Node Type": "Aggregate",
      "Strategy": "Plain",
      "Partial Mode": "Finalize",
      "Parallel Aware": false,
      "Startup Cost": 129994.76,
      "Total Cost": 129994.77,
      "Plan Rows": 1,
      "Plan Width": 8,
      "Actual Startup Time": 575.625,
      "Actual Total Time": 596.436,
      "Actual Rows": 1,
      "Actual Loops": 1,
      "Plans": [
        {
          "Node Type": "Gather",
          "Parent Relationship": "Outer",
          "Parallel Aware": false,
          "Startup Cost": 129994.44,
          "Total Cost": 129994.75,
          "Plan Rows": 3,
          "Plan Width": 8,
          "Actual Startup Time": 569.801,
          "Actual Total Time": 596.425,
          "Actual Rows": 4,
          "Actual Loops": 1,
          "Workers Planned": 3,
          "Workers Launched": 3,
          "Single Copy": false,
          "Plans": [
            {
              "Node Type": "Aggregate",
              "Strategy": "Plain",
              "Partial Mode": "Partial",
              "Parent Relationship": "Outer",
              "Parallel Aware": false,
              "Startup Cost": 128994.44,
              "Total Cost": 128994.45,
              "Plan Rows": 1,
              "Plan Width": 8,
              "Actual Startup Time": 560.876,
              "Actual Total Time": 561.184,
              "Actual Rows": 1,
              "Actual Loops": 4,
              "Plans": [
                {
                  "Node Type": "Hash Join",
                  "Parent Relationship": "Outer",
                  "Parallel Aware": true,
                  "Join Type": "Inner",
                  "Startup Cost": 97035.76,
                  "Total Cost": 128297.62,
                  "Plan Rows": 278726,
                  "Plan Width": 0,
                  "Actual Startup Time": 419.251,
                  "Actual Total Time": 555.65,
                  "Actual Rows": 136287,
                  "Actual Loops": 4,
                  "Inner Unique": false,
                  "Hash Cond": "(mc.movie_id = t.id)",
                  "Plans": [
                    {
                      "Node Type": "Seq Scan",
                      "Parent Relationship": "Outer",
                      "Parallel Aware": true,
                      "Relation Name": "movie_companies",
                      "Alias": "mc",
                      "Startup Cost": 0.0,
                      "Total Cost": 27206.55,
                      "Plan Rows": 841655,
                      "Plan Width": 4,
                      "Actual Startup Time": 0.044,
                      "Actual Total Time": 55.397,
                      "Actual Rows": 652282,
                      "Actual Loops": 4
                    },
                    {
                      "Node Type": "Hash",
                      "Parent Relationship": "Inner",
                      "Parallel Aware": true,
                      "Startup Cost": 93659.64,
                      "Total Cost": 93659.64,
                      "Plan Rows": 270090,
                      "Plan Width": 8,
                      "Actual Startup Time": 412.823,
                      "Actual Total Time": 413.13,
                      "Actual Rows": 57808,
                      "Actual Loops": 4,
                      "Hash Buckets": 1048576,
                      "Original Hash Buckets": 1048576,
                      "Hash Batches": 1,
                      "Original Hash Batches": 1,
                      "Peak Memory Usage": 17344,
                      "Plans": [
                        {
                          "Node Type": "Hash Join",
                          "Parent Relationship": "Outer",
                          "Parallel Aware": true,
                          "Join Type": "Inner",
                          "Startup Cost": 49606.95,
                          "Total Cost": 93659.64,
                          "Plan Rows": 270090,
                          "Plan Width": 8,
                          "Actual Startup Time": 239.845,
                          "Actual Total Time": 390.341,
                          "Actual Rows": 57808,
                          "Actual Loops": 4,
                          "Inner Unique": true,
                          "Hash Cond": "(mk.movie_id = t.id)",
                          "Plans": [
                            {
                              "Node Type": "Seq Scan",
                              "Parent Relationship": "Outer",
                              "Parallel Aware": true,
                              "Relation Name": "movie_keyword",
                              "Alias": "mk",
                              "Startup Cost": 0.0,
                              "Total Cost": 42695.65,
                              "Plan Rows": 516966,
                              "Plan Width": 4,
                              "Actual Startup Time": 0.554,
                              "Actual Total Time": 95.036,
                              "Actual Rows": 401960,
                              "Actual Loops": 4,
                              "Filter": "(keyword_id > 9472)",
                              "Rows Removed by Filter": 729023
                            },
                            {
                              "Node Type": "Hash",
                              "Parent Relationship": "Inner",
                              "Parallel Aware": true,
                              "Startup Cost": 45479.1,
                              "Total Cost": 45479.1,
                              "Plan Rows": 330228,
                              "Plan Width": 4,
                              "Actual Startup Time": 234.648,
                              "Actual Total Time": 234.649,
                              "Actual Rows": 349837,
                              "Actual Loops": 4,
                              "Hash Buckets": 2097152,
                              "Original Hash Buckets": 2097152,
                              "Hash Batches": 1,
                              "Original Hash Batches": 1,
                              "Peak Memory Usage": 71168,
                              "Plans": [
                                {
                                  "Node Type": "Seq Scan",
                                  "Parent Relationship": "Outer",
                                  "Parallel Aware": true,
                                  "Relation Name": "title",
                                  "Alias": "t",
                                  "Startup Cost": 0.0,
                                  "Total Cost": 45479.1,
                                  "Plan Rows": 330228,
                                  "Plan Width": 4,
                                  "Actual Startup Time": 0.044,
                                  "Actual Total Time": 105.824,
                                  "Actual Rows": 349837,
                                  "Actual Loops": 4,
                                  "Filter": "((production_year > 1964) AND (kind_id = 7))",
                                  "Rows Removed by Filter": 282241
                                }
                              ]
                            }
                          ]
                        }
                      ]
                    }
                  ]
                }
              ]
            }
          ]
        }
      ]
    },
    "Planning Time": 1.496,
    "Triggers": [],
    "Execution Time": 596.521
  }
]