[
    {
        "Bao": {
            "Bao prediction": "NaN",
            "Bao recommended hint": "(no hint)"
        }
    },
    {
        "Plan": {
            "Node Type": "Aggregate",
            "Strategy": "Plain",
            "Partial Mode": "Finalize",
            "Parallel Aware": false,
            "Startup Cost": 220230.31,
            "Total Cost": 220230.32,
            "Plan Rows": 1,
            "Plan Width": 8,
            "Actual Startup Time": 146.653,
            "Actual Total Time": 156.237,
            "Actual Rows": 1,
            "Actual Loops": 1,
            "Output": [
                "count(*)"
            ],
            "Plans": [
                {
                    "Node Type": "Gather",
                    "Parent Relationship": "Outer",
                    "Parallel Aware": false,
                    "Startup Cost": 220229.78,
                    "Total Cost": 220230.29,
                    "Plan Rows": 5,
                    "Plan Width": 8,
                    "Actual Startup Time": 142.772,
                    "Actual Total Time": 156.231,
                    "Actual Rows": 6,
                    "Actual Loops": 1,
                    "Output": [
                        "(PARTIAL count(*))"
                    ],
                    "Workers Planned": 5,
                    "Workers Launched": 5,
                    "Single Copy": false,
                    "Plans": [
                        {
                            "Node Type": "Aggregate",
                            "Strategy": "Plain",
                            "Partial Mode": "Partial",
                            "Parent Relationship": "Outer",
                            "Parallel Aware": false,
                            "Startup Cost": 219229.78,
                            "Total Cost": 219229.79,
                            "Plan Rows": 1,
                            "Plan Width": 8,
                            "Actual Startup Time": 132.569,
                            "Actual Total Time": 132.572,
                            "Actual Rows": 1,
                            "Actual Loops": 6,
                            "Output": [
                                "PARTIAL count(*)"
                            ],
                            "Workers": [
                                {
                                    "Worker Number": 0,
                                    "Actual Startup Time": 129.923,
                                    "Actual Total Time": 129.927,
                                    "Actual Rows": 1,
                                    "Actual Loops": 1
                                },
                                {
                                    "Worker Number": 1,
                                    "Actual Startup Time": 130.398,
                                    "Actual Total Time": 130.402,
                                    "Actual Rows": 1,
                                    "Actual Loops": 1
                                },
                                {
                                    "Worker Number": 2,
                                    "Actual Startup Time": 130.684,
                                    "Actual Total Time": 130.687,
                                    "Actual Rows": 1,
                                    "Actual Loops": 1
                                },
                                {
                                    "Worker Number": 3,
                                    "Actual Startup Time": 130.898,
                                    "Actual Total Time": 130.901,
                                    "Actual Rows": 1,
                                    "Actual Loops": 1
                                },
                                {
                                    "Worker Number": 4,
                                    "Actual Startup Time": 131.117,
                                    "Actual Total Time": 131.12,
                                    "Actual Rows": 1,
                                    "Actual Loops": 1
                                }
                            ],
                            "Plans": [
                                {
                                    "Node Type": "Hash Join",
                                    "Parent Relationship": "Outer",
                                    "Parallel Aware": true,
                                    "Join Type": "Inner",
                                    "Startup Cost": 49866.22,
                                    "Total Cost": 219216.15,
                                    "Plan Rows": 5455,
                                    "Plan Width": 0,
                                    "Actual Startup Time": 113.729,
                                    "Actual Total Time": 132.201,
                                    "Actual Rows": 5314,
                                    "Actual Loops": 6,
                                    "Inner Unique": true,
                                    "Hash Cond": "(mi.movie_id = t.id)",
                                    "Workers": [
                                        {
                                            "Worker Number": 0,
                                            "Actual Startup Time": 110.97,
                                            "Actual Total Time": 129.549,
                                            "Actual Rows": 4315,
                                            "Actual Loops": 1
                                        },
                                        {
                                            "Worker Number": 1,
                                            "Actual Startup Time": 110.898,
                                            "Actual Total Time": 130.003,
                                            "Actual Rows": 4602,
                                            "Actual Loops": 1
                                        },
                                        {
                                            "Worker Number": 2,
                                            "Actual Startup Time": 112.403,
                                            "Actual Total Time": 130.322,
                                            "Actual Rows": 4193,
                                            "Actual Loops": 1
                                        },
                                        {
                                            "Worker Number": 3,
                                            "Actual Startup Time": 112.06,
                                            "Actual Total Time": 130.521,
                                            "Actual Rows": 6029,
                                            "Actual Loops": 1
                                        },
                                        {
                                            "Worker Number": 4,
                                            "Actual Startup Time": 112.238,
                                            "Actual Total Time": 130.754,
                                            "Actual Rows": 5650,
                                            "Actual Loops": 1
                                        }
                                    ],
                                    "Plans": [
                                        {
                                            "Node Type": "Bitmap Heap Scan",
                                            "Parent Relationship": "Outer",
                                            "Parallel Aware": true,
                                            "Relation Name": "movie_info",
                                            "Schema": "public",
                                            "Alias": "mi",
                                            "Startup Cost": 3142.16,
                                            "Total Cost": 172401.2,
                                            "Plan Rows": 34625,
                                            "Plan Width": 4,
                                            "Actual Startup Time": 9.132,
                                            "Actual Total Time": 21.809,
                                            "Actual Rows": 30019,
                                            "Actual Loops": 6,
                                            "Output": [
                                                "mi.id",
                                                "mi.movie_id",
                                                "mi.info_type_id",
                                                "mi.info",
                                                "mi.note"
                                            ],
                                            "Recheck Cond": "(mi.info_type_id = 13)",
                                            "Rows Removed by Index Recheck": 0,
                                            "Exact Heap Blocks": 1327,
                                            "Lossy Heap Blocks": 0,
                                            "Workers": [
                                                {
                                                    "Worker Number": 0,
                                                    "Actual Startup Time": 9.217,
                                                    "Actual Total Time": 21.772,
                                                    "Actual Rows": 25379,
                                                    "Actual Loops": 1
                                                },
                                                {
                                                    "Worker Number": 1,
                                                    "Actual Startup Time": 9.16,
                                                    "Actual Total Time": 21.802,
                                                    "Actual Rows": 24552,
                                                    "Actual Loops": 1
                                                },
                                                {
                                                    "Worker Number": 2,
                                                    "Actual Startup Time": 9.183,
                                                    "Actual Total Time": 21.945,
                                                    "Actual Rows": 25166,
                                                    "Actual Loops": 1
                                                },
                                                {
                                                    "Worker Number": 3,
                                                    "Actual Startup Time": 9.064,
                                                    "Actual Total Time": 21.887,
                                                    "Actual Rows": 32516,
                                                    "Actual Loops": 1
                                                },
                                                {
                                                    "Worker Number": 4,
                                                    "Actual Startup Time": 9.135,
                                                    "Actual Total Time": 21.771,
                                                    "Actual Rows": 31713,
                                                    "Actual Loops": 1
                                                }
                                            ],
                                            "Plans": [
                                                {
                                                    "Node Type": "Bitmap Index Scan",
                                                    "Parent Relationship": "Outer",
                                                    "Parallel Aware": false,
                                                    "Index Name": "info_type_id_movie_info",
                                                    "Startup Cost": 0.0,
                                                    "Total Cost": 3098.88,
                                                    "Plan Rows": 173126,
                                                    "Plan Width": 0,
                                                    "Actual Startup Time": 8.251,
                                                    "Actual Total Time": 8.252,
                                                    "Actual Rows": 180112,
                                                    "Actual Loops": 1,
                                                    "Index Cond": "(mi.info_type_id = 13)"
                                                }
                                            ]
                                        },
                                        {
                                            "Node Type": "Hash",
                                            "Parent Relationship": "Inner",
                                            "Parallel Aware": true,
                                            "Startup Cost": 45479.21,
                                            "Total Cost": 45479.21,
                                            "Plan Rows": 99588,
                                            "Plan Width": 4,
                                            "Actual Startup Time": 102.601,
                                            "Actual Total Time": 102.602,
                                            "Actual Rows": 55999,
                                            "Actual Loops": 6,
                                            "Output": [
                                                "t.id"
                                            ],
                                            "Hash Buckets": 524288,
                                            "Original Hash Buckets": 524288,
                                            "Hash Batches": 1,
                                            "Original Hash Batches": 1,
                                            "Peak Memory Usage": 17376,
                                            "Workers": [
                                                {
                                                    "Worker Number": 0,
                                                    "Actual Startup Time": 101.028,
                                                    "Actual Total Time": 101.029,
                                                    "Actual Rows": 41935,
                                                    "Actual Loops": 1
                                                },
                                                {
                                                    "Worker Number": 1,
                                                    "Actual Startup Time": 101.214,
                                                    "Actual Total Time": 101.215,
                                                    "Actual Rows": 41754,
                                                    "Actual Loops": 1
                                                },
                                                {
                                                    "Worker Number": 2,
                                                    "Actual Startup Time": 101.758,
                                                    "Actual Total Time": 101.759,
                                                    "Actual Rows": 42306,
                                                    "Actual Loops": 1
                                                },
                                                {
                                                    "Worker Number": 3,
                                                    "Actual Startup Time": 101.996,
                                                    "Actual Total Time": 101.997,
                                                    "Actual Rows": 62584,
                                                    "Actual Loops": 1
                                                },
                                                {
                                                    "Worker Number": 4,
                                                    "Actual Startup Time": 102.217,
                                                    "Actual Total Time": 102.218,
                                                    "Actual Rows": 61491,
                                                    "Actual Loops": 1
                                                }
                                            ],
                                            "Plans": [
                                                {
                                                    "Node Type": "Seq Scan",
                                                    "Parent Relationship": "Outer",
                                                    "Parallel Aware": true,
                                                    "Relation Name": "title",
                                                    "Schema": "public",
                                                    "Alias": "t",
                                                    "Startup Cost": 0.0,
                                                    "Total Cost": 45479.21,
                                                    "Plan Rows": 99588,
                                                    "Plan Width": 4,
                                                    "Actual Startup Time": 0.064,
                                                    "Actual Total Time": 80.46,
                                                    "Actual Rows": 55999,
                                                    "Actual Loops": 6,
                                                    "Output": [
                                                        "t.id"
                                                    ],
                                                    "Filter": "((t.kind_id < 7) AND (t.production_year > 2005))",
                                                    "Rows Removed by Filter": 365386,
                                                    "Workers": [
                                                        {
                                                            "Worker Number": 0,
                                                            "Actual Startup Time": 0.075,
                                                            "Actual Total Time": 80.583,
                                                            "Actual Rows": 41935,
                                                            "Actual Loops": 1
                                                        },
                                                        {
                                                            "Worker Number": 1,
                                                            "Actual Startup Time": 0.109,
                                                            "Actual Total Time": 80.275,
                                                            "Actual Rows": 41754,
                                                            "Actual Loops": 1
                                                        },
                                                        {
                                                            "Worker Number": 2,
                                                            "Actual Startup Time": 0.058,
                                                            "Actual Total Time": 80.944,
                                                            "Actual Rows": 42306,
                                                            "Actual Loops": 1
                                                        },
                                                        {
                                                            "Worker Number": 3,
                                                            "Actual Startup Time": 0.058,
                                                            "Actual Total Time": 79.524,
                                                            "Actual Rows": 62584,
                                                            "Actual Loops": 1
                                                        },
                                                        {
                                                            "Worker Number": 4,
                                                            "Actual Startup Time": 0.055,
                                                            "Actual Total Time": 79.298,
                                                            "Actual Rows": 61491,
                                                            "Actual Loops": 1
                                                        }
                                                    ]
                                                }
                                            ]
                                        }
                                    ]
                                }
                            ]
                        }
                    ]
                }
            ]
        },
        "Planning Time": 220.872,
        "Triggers": [],
        "Execution Time": 156.315
    }
]