[
  {
    "Plan": {
      "Node Type": "Aggregate",
      "Strategy": "Plain",
      "Partial Mode": "Finalize",
      "Parallel Aware": false,
      "Startup Cost": 32764.81,
      "Total Cost": 32764.82,
      "Plan Rows": 1,
      "Plan Width": 8,
      "Actual Startup Time": 100.513,
      "Actual Total Time": 110.717,
      "Actual Rows": 1,
      "Actual Loops": 1,
      "Plans": [
        {
          "Node Type": "Gather",
          "Parent Relationship": "Outer",
          "Parallel Aware": false,
          "Startup Cost": 32764.49,
          "Total Cost": 32764.8,
          "Plan Rows": 3,
          "Plan Width": 8,
          "Actual Startup Time": 100.401,
          "Actual Total Time": 110.709,
          "Actual Rows": 4,
          "Actual Loops": 1,
          "Workers Planned": 3,
          "Workers Launched": 3,
          "Single Copy": false,
          "Plans": [
            {
              "Node Type": "Aggregate",
              "Strategy": "Plain",
              "Partial Mode": "Partial",
              "Parent Relationship": "Outer",
              "Parallel Aware": false,
              "Startup Cost": 31764.49,
              "Total Cost": 31764.5,
              "Plan Rows": 1,
              "Plan Width": 8,
              "Actual Startup Time": 95.79,
              "Actual Total Time": 95.791,
              "Actual Rows": 1,
              "Actual Loops": 4,
              "Plans": [
                {
                  "Node Type": "Seq Scan",
                  "Parent Relationship": "Outer",
                  "Parallel Aware": true,
                  "Relation Name": "movie_companies",
                  "Alias": "mc",
                  "Startup Cost": 0.0,
                  "Total Cost": 31414.82,
                  "Plan Rows": 139870,
                  "Plan Width": 0,
                  "Actual Startup Time": 0.037,
                  "Actual Total Time": 85.143,
                  "Actual Rows": 157553,
                  "Actual Loops": 4,
                  "Filter": "((company_id < 2722) AND (company_type_id = 1))",
                  "Rows Removed by Filter": 494729
                }
              ]
            }
          ]
        }
      ]
    },
    "Planning Time": 0.273,
    "Triggers": [],
    "Execution Time": 110.775
  }
]