[
  {
    "Plan": {
      "Node Type": "Aggregate",
      "Strategy": "Plain",
      "Partial Mode": "Finalize",
      "Parallel Aware": false,
      "Startup Cost": 70189.46,
      "Total Cost": 70189.47,
      "Plan Rows": 1,
      "Plan Width": 8,
      "Actual Startup Time": 51.194,
      "Actual Total Time": 57.568,
      "Actual Rows": 1,
      "Actual Loops": 1,
      "Plans": [
        {
          "Node Type": "Gather",
          "Parent Relationship": "Outer",
          "Parallel Aware": false,
          "Startup Cost": 70189.14,
          "Total Cost": 70189.45,
          "Plan Rows": 3,
          "Plan Width": 8,
          "Actual Startup Time": 50.889,
          "Actual Total Time": 57.562,
          "Actual Rows": 4,
          "Actual Loops": 1,
          "Workers Planned": 3,
          "Workers Launched": 3,
          "Single Copy": false,
          "Plans": [
            {
              "Node Type": "Aggregate",
              "Strategy": "Plain",
              "Partial Mode": "Partial",
              "Parent Relationship": "Outer",
              "Parallel Aware": false,
              "Startup Cost": 69189.14,
              "Total Cost": 69189.15,
              "Plan Rows": 1,
              "Plan Width": 8,
              "Actual Startup Time": 41.092,
              "Actual Total Time": 41.094,
              "Actual Rows": 1,
              "Actual Loops": 4,
              "Plans": [
                {
                  "Node Type": "Nested Loop",
                  "Parent Relationship": "Outer",
                  "Parallel Aware": false,
                  "Join Type": "Inner",
                  "Startup Cost": 252.23,
                  "Total Cost": 69188.99,
                  "Plan Rows": 61,
                  "Plan Width": 0,
                  "Actual Startup Time": 5.984,
                  "Actual Total Time": 41.053,
                  "Actual Rows": 217,
                  "Actual Loops": 4,
                  "Inner Unique": false,
                  "Plans": [
                    {
                      "Node Type": "Nested Loop",
                      "Parent Relationship": "Outer",
                      "Parallel Aware": false,
                      "Join Type": "Inner",
                      "Startup Cost": 251.8,
                      "Total Cost": 68921.75,
                      "Plan Rows": 118,
                      "Plan Width": 8,
                      "Actual Startup Time": 5.722,
                      "Actual Total Time": 38.701,
                      "Actual Rows": 87,
                      "Actual Loops": 4,
                      "Inner Unique": true,
                      "Plans": [
                        {
                          "Node Type": "Bitmap Heap Scan",
                          "Parent Relationship": "Outer",
                          "Parallel Aware": true,
                          "Relation Name": "movie_info",
                          "Alias": "mi",
                          "Startup Cost": 251.37,
                          "Total Cost": 41897.97,
                          "Plan Rows": 4451,
                          "Plan Width": 4,
                          "Actual Startup Time": 1.855,
                          "Actual Total Time": 4.168,
                          "Actual Rows": 4551,
                          "Actual Loops": 4,
                          "Recheck Cond": "(info_type_id = 11)",
                          "Rows Removed by Index Recheck": 0,
                          "Exact Heap Blocks": 424,
                          "Lossy Heap Blocks": 0,
                          "Plans": [
                            {
                              "Node Type": "Bitmap Index Scan",
                              "Parent Relationship": "Outer",
                              "Parallel Aware": false,
                              "Index Name": "info_type_id_movie_info",
                              "Startup Cost": 0.0,
                              "Total Cost": 247.92,
                              "Plan Rows": 13798,
                              "Plan Width": 0,
                              "Actual Startup Time": 6.718,
                              "Actual Total Time": 6.718,
                              "Actual Rows": 18205,
                              "Actual Loops": 1,
                              "Index Cond": "(info_type_id = 11)"
                            }
                          ]
                        },
                        {
                          "Node Type": "Index Scan",
                          "Parent Relationship": "Inner",
                          "Parallel Aware": false,
                          "Scan Direction": "Forward",
                          "Index Name": "title_pkey",
                          "Relation Name": "title",
                          "Alias": "t",
                          "Startup Cost": 0.43,
                          "Total Cost": 6.07,
                          "Plan Rows": 1,
                          "Plan Width": 4,
                          "Actual Startup Time": 0.007,
                          "Actual Total Time": 0.007,
                          "Actual Rows": 0,
                          "Actual Loops": 18205,
                          "Index Cond": "(id = mi.movie_id)",
                          "Rows Removed by Index Recheck": 0,
                          "Filter": "(production_year = 2003)",
                          "Rows Removed by Filter": 1
                        }
                      ]
                    },
                    {
                      "Node Type": "Index Scan",
                      "Parent Relationship": "Inner",
                      "Parallel Aware": false,
                      "Scan Direction": "Forward",
                      "Index Name": "movie_id_movie_companies",
                      "Relation Name": "movie_companies",
                      "Alias": "mc",
                      "Startup Cost": 0.43,
                      "Total Cost": 2.23,
                      "Plan Rows": 3,
                      "Plan Width": 4,
                      "Actual Startup Time": 0.025,
                      "Actual Total Time": 0.026,
                      "Actual Rows": 2,
                      "Actual Loops": 349,
                      "Index Cond": "(movie_id = t.id)",
                      "Rows Removed by Index Recheck": 0,
                      "Filter": "((company_id < 203262) AND (company_type_id = 2))",
                      "Rows Removed by Filter": 12
                    }
                  ]
                }
              ]
            }
          ]
        }
      ]
    },
    "Planning Time": 1.51,
    "Triggers": [],
    "Execution Time": 57.671
  }
]