[
  {
    "Plan": {
      "Node Type": "Aggregate",
      "Strategy": "Plain",
      "Partial Mode": "Finalize",
      "Parallel Aware": false,
      "Startup Cost": 104400.99,
      "Total Cost": 104401.0,
      "Plan Rows": 1,
      "Plan Width": 8,
      "Actual Startup Time": 633.55,
      "Actual Total Time": 652.53,
      "Actual Rows": 1,
      "Actual Loops": 1,
      "Plans": [
        {
          "Node Type": "Gather",
          "Parent Relationship": "Outer",
          "Parallel Aware": false,
          "Startup Cost": 104400.67,
          "Total Cost": 104400.98,
          "Plan Rows": 3,
          "Plan Width": 8,
          "Actual Startup Time": 624.069,
          "Actual Total Time": 652.522,
          "Actual Rows": 4,
          "Actual Loops": 1,
          "Workers Planned": 3,
          "Workers Launched": 3,
          "Single Copy": false,
          "Plans": [
            {
              "Node Type": "Aggregate",
              "Strategy": "Plain",
              "Partial Mode": "Partial",
              "Parent Relationship": "Outer",
              "Parallel Aware": false,
              "Startup Cost": 103400.67,
              "Total Cost": 103400.68,
              "Plan Rows": 1,
              "Plan Width": 8,
              "Actual Startup Time": 616.83,
              "Actual Total Time": 616.836,
              "Actual Rows": 1,
              "Actual Loops": 4,
              "Plans": [
                {
                  "Node Type": "Hash Join",
                  "Parent Relationship": "Outer",
                  "Parallel Aware": true,
                  "Join Type": "Inner",
                  "Startup Cost": 69747.15,
                  "Total Cost": 103122.11,
                  "Plan Rows": 111425,
                  "Plan Width": 0,
                  "Actual Startup Time": 469.301,
                  "Actual Total Time": 606.235,
                  "Actual Rows": 262134,
                  "Actual Loops": 4,
                  "Inner Unique": false,
                  "Hash Cond": "(mc.movie_id = t.id)",
                  "Plans": [
                    {
                      "Node Type": "Seq Scan",
                      "Parent Relationship": "Outer",
                      "Parallel Aware": true,
                      "Relation Name": "movie_companies",
                      "Alias": "mc",
                      "Startup Cost": 0.0,
                      "Total Cost": 31414.82,
                      "Plan Rows": 398899,
                      "Plan Width": 4,
                      "Actual Startup Time": 0.015,
                      "Actual Total Time": 68.111,
                      "Actual Rows": 302549,
                      "Actual Loops": 4,
                      "Filter": "((company_id > 11) AND (company_type_id < 2))",
                      "Rows Removed by Filter": 349733
                    },
                    {
                      "Node Type": "Hash",
                      "Parent Relationship": "Inner",
                      "Parallel Aware": true,
                      "Startup Cost": 66068.67,
                      "Total Cost": 66068.67,
                      "Plan Rows": 294278,
                      "Plan Width": 8,
                      "Actual Startup Time": 465.441,
                      "Actual Total Time": 465.446,
                      "Actual Rows": 173414,
                      "Actual Loops": 4,
                      "Hash Buckets": 1048576,
                      "Original Hash Buckets": 1048576,
                      "Hash Batches": 1,
                      "Original Hash Batches": 1,
                      "Peak Memory Usage": 35392,
                      "Plans": [
                        {
                          "Node Type": "Hash Join",
                          "Parent Relationship": "Outer",
                          "Parallel Aware": true,
                          "Join Type": "Inner",
                          "Startup Cost": 49934.68,
                          "Total Cost": 66068.67,
                          "Plan Rows": 294278,
                          "Plan Width": 8,
                          "Actual Startup Time": 305.01,
                          "Actual Total Time": 415.921,
                          "Actual Rows": 173414,
                          "Actual Loops": 4,
                          "Inner Unique": true,
                          "Hash Cond": "(mi_idx.movie_id = t.id)",
                          "Plans": [
                            {
                              "Node Type": "Seq Scan",
                              "Parent Relationship": "Outer",
                              "Parallel Aware": true,
                              "Relation Name": "movie_info_idx",
                              "Alias": "mi_idx",
                              "Startup Cost": 0.0,
                              "Total Cost": 15122.68,
                              "Plan Rows": 385260,
                              "Plan Width": 4,
                              "Actual Startup Time": 0.012,
                              "Actual Total Time": 39.336,
                              "Actual Rows": 230028,
                              "Actual Loops": 4,
                              "Filter": "(info_type_id > 99)",
                              "Rows Removed by Filter": 114981
                            },
                            {
                              "Node Type": "Hash",
                              "Parent Relationship": "Inner",
                              "Parallel Aware": true,
                              "Startup Cost": 43899.32,
                              "Total Cost": 43899.32,
                              "Plan Rows": 482829,
                              "Plan Width": 4,
                              "Actual Startup Time": 300.599,
                              "Actual Total Time": 300.601,
                              "Actual Rows": 479507,
                              "Actual Loops": 4,
                              "Hash Buckets": 2097152,
                              "Original Hash Buckets": 2097152,
                              "Hash Batches": 1,
                              "Original Hash Batches": 1,
                              "Peak Memory Usage": 91520,
                              "Plans": [
                                {
                                  "Node Type": "Seq Scan",
                                  "Parent Relationship": "Outer",
                                  "Parallel Aware": true,
                                  "Relation Name": "title",
                                  "Alias": "t",
                                  "Startup Cost": 0.0,
                                  "Total Cost": 43899.32,
                                  "Plan Rows": 482829,
                                  "Plan Width": 4,
                                  "Actual Startup Time": 0.047,
                                  "Actual Total Time": 112.714,
                                  "Actual Rows": 479507,
                                  "Actual Loops": 4,
                                  "Filter": "(production_year > 1981)",
                                  "Rows Removed by Filter": 152571
                                }
                              ]
                            }
                          ]
                        }
                      ]
                    }
                  ]
                }
              ]
            }
          ]
        }
      ]
    },
    "Planning Time": 1.268,
    "Triggers": [],
    "Execution Time": 652.597
  }
]