[
  {
    "Plan": {
      "Node Type": "Aggregate",
      "Strategy": "Plain",
      "Partial Mode": "Finalize",
      "Parallel Aware": false,
      "Startup Cost": 280493.21,
      "Total Cost": 280493.22,
      "Plan Rows": 1,
      "Plan Width": 8,
      "Actual Startup Time": 1245.047,
      "Actual Total Time": 1266.58,
      "Actual Rows": 1,
      "Actual Loops": 1,
      "Plans": [
        {
          "Node Type": "Gather",
          "Parent Relationship": "Outer",
          "Parallel Aware": false,
          "Startup Cost": 280492.89,
          "Total Cost": 280493.2,
          "Plan Rows": 3,
          "Plan Width": 8,
          "Actual Startup Time": 1239.841,
          "Actual Total Time": 1266.572,
          "Actual Rows": 4,
          "Actual Loops": 1,
          "Workers Planned": 3,
          "Workers Launched": 3,
          "Single Copy": false,
          "Plans": [
            {
              "Node Type": "Aggregate",
              "Strategy": "Plain",
              "Partial Mode": "Partial",
              "Parent Relationship": "Outer",
              "Parallel Aware": false,
              "Startup Cost": 279492.89,
              "Total Cost": 279492.9,
              "Plan Rows": 1,
              "Plan Width": 8,
              "Actual Startup Time": 1237.032,
              "Actual Total Time": 1237.383,
              "Actual Rows": 1,
              "Actual Loops": 4,
              "Plans": [
                {
                  "Node Type": "Hash Join",
                  "Parent Relationship": "Outer",
                  "Parallel Aware": true,
                  "Join Type": "Inner",
                  "Startup Cost": 248415.2,
                  "Total Cost": 279095.7,
                  "Plan Rows": 158877,
                  "Plan Width": 0,
                  "Actual Startup Time": 686.736,
                  "Actual Total Time": 1083.41,
                  "Actual Rows": 3910807,
                  "Actual Loops": 4,
                  "Inner Unique": false,
                  "Hash Cond": "(mc.movie_id = t.id)",
                  "Plans": [
                    {
                      "Node Type": "Seq Scan",
                      "Parent Relationship": "Outer",
                      "Parallel Aware": true,
                      "Relation Name": "movie_companies",
                      "Alias": "mc",
                      "Startup Cost": 0.0,
                      "Total Cost": 27206.55,
                      "Plan Rows": 841655,
                      "Plan Width": 4,
                      "Actual Startup Time": 0.017,
                      "Actual Total Time": 50.742,
                      "Actual Rows": 652282,
                      "Actual Loops": 4
                    },
                    {
                      "Node Type": "Hash",
                      "Parent Relationship": "Inner",
                      "Parallel Aware": true,
                      "Startup Cost": 247222.04,
                      "Total Cost": 247222.04,
                      "Plan Rows": 95453,
                      "Plan Width": 8,
                      "Actual Startup Time": 657.462,
                      "Actual Total Time": 657.812,
                      "Actual Rows": 302781,
                      "Actual Loops": 4,
                      "Hash Buckets": 2097152,
                      "Original Hash Buckets": 524288,
                      "Hash Batches": 1,
                      "Original Hash Batches": 1,
                      "Peak Memory Usage": 76096,
                      "Plans": [
                        {
                          "Node Type": "Hash Join",
                          "Parent Relationship": "Outer",
                          "Parallel Aware": true,
                          "Join Type": "Inner",
                          "Startup Cost": 47171.37,
                          "Total Cost": 247222.04,
                          "Plan Rows": 95453,
                          "Plan Width": 8,
                          "Actual Startup Time": 158.914,
                          "Actual Total Time": 554.44,
                          "Actual Rows": 302781,
                          "Actual Loops": 4,
                          "Inner Unique": true,
                          "Hash Cond": "(mi.movie_id = t.id)",
                          "Plans": [
                            {
                              "Node Type": "Seq Scan",
                              "Parent Relationship": "Outer",
                              "Parallel Aware": true,
                              "Relation Name": "movie_info",
                              "Alias": "mi",
                              "Startup Cost": 0.0,
                              "Total Cost": 198880.74,
                              "Plan Rows": 445687,
                              "Plan Width": 4,
                              "Actual Startup Time": 18.311,
                              "Actual Total Time": 321.132,
                              "Actual Rows": 558462,
                              "Actual Loops": 4,
                              "Filter": "(info_type_id > 16)",
                              "Rows Removed by Filter": 3150468
                            },
                            {
                              "Node Type": "Hash",
                              "Parent Relationship": "Inner",
                              "Parallel Aware": true,
                              "Startup Cost": 45479.21,
                              "Total Cost": 45479.21,
                              "Plan Rows": 135373,
                              "Plan Width": 4,
                              "Actual Startup Time": 121.869,
                              "Actual Total Time": 121.87,
                              "Actual Rows": 104103,
                              "Actual Loops": 4,
                              "Hash Buckets": 1048576,
                              "Original Hash Buckets": 1048576,
                              "Hash Batches": 1,
                              "Original Hash Batches": 1,
                              "Peak Memory Usage": 24576,
                              "Plans": [
                                {
                                  "Node Type": "Seq Scan",
                                  "Parent Relationship": "Outer",
                                  "Parallel Aware": true,
                                  "Relation Name": "title",
                                  "Alias": "t",
                                  "Startup Cost": 0.0,
                                  "Total Cost": 45479.21,
                                  "Plan Rows": 135373,
                                  "Plan Width": 4,
                                  "Actual Startup Time": 35.931,
                                  "Actual Total Time": 83.557,
                                  "Actual Rows": 104103,
                                  "Actual Loops": 4,
                                  "Filter": "((production_year > 1972) AND (kind_id = 1))",
                                  "Rows Removed by Filter": 527975
                                }
                              ]
                            }
                          ]
                        }
                      ]
                    }
                  ]
                }
              ]
            }
          ]
        }
      ]
    },
    "Planning Time": 0.688,
    "Triggers": [],
    "Execution Time": 1266.628
  }
]