[
  {
    "Plan": {
      "Node Type": "Aggregate",
      "Strategy": "Plain",
      "Partial Mode": "Finalize",
      "Parallel Aware": false,
      "Startup Cost": 280677.19,
      "Total Cost": 280677.2,
      "Plan Rows": 1,
      "Plan Width": 8,
      "Actual Startup Time": 1485.571,
      "Actual Total Time": 1534.2,
      "Actual Rows": 1,
      "Actual Loops": 1,
      "Plans": [
        {
          "Node Type": "Gather",
          "Parent Relationship": "Outer",
          "Parallel Aware": false,
          "Startup Cost": 280676.87,
          "Total Cost": 280677.18,
          "Plan Rows": 3,
          "Plan Width": 8,
          "Actual Startup Time": 1477.002,
          "Actual Total Time": 1534.188,
          "Actual Rows": 4,
          "Actual Loops": 1,
          "Workers Planned": 3,
          "Workers Launched": 3,
          "Single Copy": false,
          "Plans": [
            {
              "Node Type": "Aggregate",
              "Strategy": "Plain",
              "Partial Mode": "Partial",
              "Parent Relationship": "Outer",
              "Parallel Aware": false,
              "Startup Cost": 279676.87,
              "Total Cost": 279676.88,
              "Plan Rows": 1,
              "Plan Width": 8,
              "Actual Startup Time": 1470.856,
              "Actual Total Time": 1471.18,
              "Actual Rows": 1,
              "Actual Loops": 4,
              "Plans": [
                {
                  "Node Type": "Hash Join",
                  "Parent Relationship": "Outer",
                  "Parallel Aware": true,
                  "Join Type": "Inner",
                  "Startup Cost": 248572.74,
                  "Total Cost": 279264.99,
                  "Plan Rows": 164751,
                  "Plan Width": 0,
                  "Actual Startup Time": 847.104,
                  "Actual Total Time": 1298.987,
                  "Actual Rows": 3910807,
                  "Actual Loops": 4,
                  "Inner Unique": false,
                  "Hash Cond": "(mc.movie_id = t.id)",
                  "Plans": [
                    {
                      "Node Type": "Seq Scan",
                      "Parent Relationship": "Outer",
                      "Parallel Aware": true,
                      "Relation Name": "movie_companies",
                      "Alias": "mc",
                      "Startup Cost": 0.0,
                      "Total Cost": 27206.55,
                      "Plan Rows": 841655,
                      "Plan Width": 4,
                      "Actual Startup Time": 0.023,
                      "Actual Total Time": 61.454,
                      "Actual Rows": 652282,
                      "Actual Loops": 4
                    },
                    {
                      "Node Type": "Hash",
                      "Parent Relationship": "Inner",
                      "Parallel Aware": true,
                      "Startup Cost": 247335.48,
                      "Total Cost": 247335.48,
                      "Plan Rows": 98981,
                      "Plan Width": 8,
                      "Actual Startup Time": 810.719,
                      "Actual Total Time": 811.038,
                      "Actual Rows": 302781,
                      "Actual Loops": 4,
                      "Hash Buckets": 2097152,
                      "Original Hash Buckets": 524288,
                      "Hash Batches": 1,
                      "Original Hash Batches": 1,
                      "Peak Memory Usage": 76096,
                      "Plans": [
                        {
                          "Node Type": "Hash Join",
                          "Parent Relationship": "Outer",
                          "Parallel Aware": true,
                          "Join Type": "Inner",
                          "Startup Cost": 47167.36,
                          "Total Cost": 247335.48,
                          "Plan Rows": 98981,
                          "Plan Width": 8,
                          "Actual Startup Time": 196.389,
                          "Actual Total Time": 695.24,
                          "Actual Rows": 302781,
                          "Actual Loops": 4,
                          "Inner Unique": true,
                          "Hash Cond": "(mi.movie_id = t.id)",
                          "Plans": [
                            {
                              "Node Type": "Seq Scan",
                              "Parent Relationship": "Outer",
                              "Parallel Aware": true,
                              "Relation Name": "movie_info",
                              "Alias": "mi",
                              "Startup Cost": 0.0,
                              "Total Cost": 198952.16,
                              "Plan Rows": 463221,
                              "Plan Width": 4,
                              "Actual Startup Time": 23.187,
                              "Actual Total Time": 407.875,
                              "Actual Rows": 558462,
                              "Actual Loops": 4,
                              "Filter": "(info_type_id > 16)",
                              "Rows Removed by Filter": 3150468
                            },
                            {
                              "Node Type": "Hash",
                              "Parent Relationship": "Inner",
                              "Parallel Aware": true,
                              "Startup Cost": 45479.1,
                              "Total Cost": 45479.1,
                              "Plan Rows": 135061,
                              "Plan Width": 4,
                              "Actual Startup Time": 150.675,
                              "Actual Total Time": 150.676,
                              "Actual Rows": 104103,
                              "Actual Loops": 4,
                              "Hash Buckets": 1048576,
                              "Original Hash Buckets": 1048576,
                              "Hash Batches": 1,
                              "Original Hash Batches": 1,
                              "Peak Memory Usage": 24544,
                              "Plans": [
                                {
                                  "Node Type": "Seq Scan",
                                  "Parent Relationship": "Outer",
                                  "Parallel Aware": true,
                                  "Relation Name": "title",
                                  "Alias": "t",
                                  "Startup Cost": 0.0,
                                  "Total Cost": 45479.1,
                                  "Plan Rows": 135061,
                                  "Plan Width": 4,
                                  "Actual Startup Time": 49.169,
                                  "Actual Total Time": 107.353,
                                  "Actual Rows": 104103,
                                  "Actual Loops": 4,
                                  "Filter": "((production_year > 1972) AND (kind_id = 1))",
                                  "Rows Removed by Filter": 527975
                                }
                              ]
                            }
                          ]
                        }
                      ]
                    }
                  ]
                }
              ]
            }
          ]
        }
      ]
    },
    "Planning Time": 1.089,
    "Triggers": [],
    "Execution Time": 1534.317
  }
]