[
  {
    "Plan": {
      "Node Type": "Aggregate",
      "Strategy": "Plain",
      "Partial Mode": "Finalize",
      "Parallel Aware": false,
      "Startup Cost": 347015.16,
      "Total Cost": 347015.17,
      "Plan Rows": 1,
      "Plan Width": 8,
      "Actual Startup Time": 584.547,
      "Actual Total Time": 627.601,
      "Actual Rows": 1,
      "Actual Loops": 1,
      "Plans": [
        {
          "Node Type": "Gather",
          "Parent Relationship": "Outer",
          "Parallel Aware": false,
          "Startup Cost": 347014.53,
          "Total Cost": 347015.14,
          "Plan Rows": 6,
          "Plan Width": 8,
          "Actual Startup Time": 584.205,
          "Actual Total Time": 627.584,
          "Actual Rows": 7,
          "Actual Loops": 1,
          "Workers Planned": 6,
          "Workers Launched": 6,
          "Single Copy": false,
          "Plans": [
            {
              "Node Type": "Aggregate",
              "Strategy": "Plain",
              "Partial Mode": "Partial",
              "Parent Relationship": "Outer",
              "Parallel Aware": false,
              "Startup Cost": 346014.53,
              "Total Cost": 346014.54,
              "Plan Rows": 1,
              "Plan Width": 8,
              "Actual Startup Time": 575.159,
              "Actual Total Time": 575.16,
              "Actual Rows": 1,
              "Actual Loops": 7,
              "Plans": [
                {
                  "Node Type": "Seq Scan",
                  "Parent Relationship": "Outer",
                  "Parallel Aware": true,
                  "Relation Name": "cast_info",
                  "Alias": "ci",
                  "Startup Cost": 0.0,
                  "Total Cost": 343316.27,
                  "Plan Rows": 1079305,
                  "Plan Width": 0,
                  "Actual Startup Time": 301.04,
                  "Actual Total Time": 567.974,
                  "Actual Rows": 168766,
                  "Actual Loops": 7,
                  "Filter": "((person_id > 2549547) AND (role_id < 3))",
                  "Rows Removed by Filter": 5008997
                }
              ]
            }
          ]
        }
      ]
    },
    "Planning Time": 0.194,
    "Triggers": [],
    "Execution Time": 627.665
  }
]