{
  "Plan": {
    "Node Type": "Aggregate",
    "Strategy": "Plain",
    "Partial Mode": "Finalize",
    "Parallel Aware": false,
    "Startup Cost": 105409.0,
    "Total Cost": 105409.01,
    "Plan Rows": 1,
    "Plan Width": 8,
    "Actual Startup Time": 403.171,
    "Actual Total Time": 416.683,
    "Actual Rows": 1,
    "Actual Loops": 1,
    "Plans": [
      {
        "Node Type": "Gather",
        "Parent Relationship": "Outer",
        "Parallel Aware": false,
        "Startup Cost": 105408.89,
        "Total Cost": 105409.0,
        "Plan Rows": 1,
        "Plan Width": 8,
        "Actual Startup Time": 403.162,
        "Actual Total Time": 416.676,
        "Actual Rows": 2,
        "Actual Loops": 1,
        "Workers Planned": 1,
        "Workers Launched": 1,
        "Single Copy": false,
        "Plans": [
          {
            "Node Type": "Aggregate",
            "Strategy": "Plain",
            "Partial Mode": "Partial",
            "Parent Relationship": "Outer",
            "Parallel Aware": false,
            "Startup Cost": 104408.89,
            "Total Cost": 104408.9,
            "Plan Rows": 1,
            "Plan Width": 8,
            "Actual Startup Time": 396.196,
            "Actual Total Time": 396.201,
            "Actual Rows": 1,
            "Actual Loops": 2,
            "Plans": [
              {
                "Node Type": "Merge Join",
                "Parent Relationship": "Outer",
                "Parallel Aware": false,
                "Join Type": "Inner",
                "Startup Cost": 104014.81,
                "Total Cost": 104408.86,
                "Plan Rows": 11,
                "Plan Width": 0,
                "Actual Startup Time": 392.955,
                "Actual Total Time": 396.194,
                "Actual Rows": 1,
                "Actual Loops": 2,
                "Inner Unique": false,
                "Merge Cond": "(t.id = ci.movie_id)",
                "Plans": [
                  {
                    "Node Type": "Sort",
                    "Parent Relationship": "Outer",
                    "Parallel Aware": false,
                    "Startup Cost": 102939.51,
                    "Total Cost": 103135.74,
                    "Plan Rows": 78494,
                    "Plan Width": 8,
                    "Actual Startup Time": 391.6,
                    "Actual Total Time": 393.904,
                    "Actual Rows": 39866,
                    "Actual Loops": 2,
                    "Sort Key": [
                      "t.id"
                    ],
                    "Sort Method": "quicksort",
                    "Sort Space Used": 3817,
                    "Sort Space Type": "Memory",
                    "Workers": [
                      {
                        "Worker Number": 0,
                        "Sort Method": "quicksort",
                        "Sort Space Used": 3520,
                        "Sort Space Type": "Memory"
                      }
                    ],
                    "Plans": [
                      {
                        "Node Type": "Hash Join",
                        "Parent Relationship": "Outer",
                        "Parallel Aware": true,
                        "Join Type": "Inner",
                        "Startup Cost": 36909.39,
                        "Total Cost": 96557.83,
                        "Plan Rows": 78494,
                        "Plan Width": 8,
                        "Actual Startup Time": 129.297,
                        "Actual Total Time": 381.137,
                        "Actual Rows": 45474,
                        "Actual Loops": 2,
                        "Inner Unique": false,
                        "Hash Cond": "(t.id = mc.movie_id)",
                        "Plans": [
                          {
                            "Node Type": "Seq Scan",
                            "Parent Relationship": "Outer",
                            "Parallel Aware": true,
                            "Relation Name": "title",
                            "Alias": "t",
                            "Startup Cost": 0.0,
                            "Total Cost": 54588.39,
                            "Plan Rows": 735731,
                            "Plan Width": 4,
                            "Actual Startup Time": 0.015,
                            "Actual Total Time": 153.081,
                            "Actual Rows": 631850,
                            "Actual Loops": 2,
                            "Filter": "(production_year < 2004)",
                            "Rows Removed by Filter": 632306
                          },
                          {
                            "Node Type": "Hash",
                            "Parent Relationship": "Inner",
                            "Parallel Aware": true,
                            "Startup Cost": 34926.0,
                            "Total Cost": 34926.0,
                            "Plan Rows": 158671,
                            "Plan Width": 4,
                            "Actual Startup Time": 123.792,
                            "Actual Total Time": 123.794,
                            "Actual Rows": 70316,
                            "Actual Loops": 2,
                            "Hash Buckets": 524288,
                            "Original Hash Buckets": 524288,
                            "Hash Batches": 1,
                            "Original Hash Batches": 1,
                            "Peak Memory Usage": 9632,
                            "Plans": [
                              {
                                "Node Type": "Bitmap Heap Scan",
                                "Parent Relationship": "Outer",
                                "Parallel Aware": true,
                                "Relation Name": "movie_companies",
                                "Alias": "mc",
                                "Startup Cost": 11448.36,
                                "Total Cost": 34926.0,
                                "Plan Rows": 158671,
                                "Plan Width": 4,
                                "Actual Startup Time": 82.301,
                                "Actual Total Time": 105.285,
                                "Actual Rows": 70316,
                                "Actual Loops": 2,
                                "Recheck Cond": "(company_id < 495)",
                                "Rows Removed by Index Recheck": 0,
                                "Filter": "(company_type_id = 2)",
                                "Rows Removed by Filter": 194104,
                                "Exact Heap Blocks": 12749,
                                "Lossy Heap Blocks": 0,
                                "Plans": [
                                  {
                                    "Node Type": "Bitmap Index Scan",
                                    "Parent Relationship": "Outer",
                                    "Parallel Aware": false,
                                    "Index Name": "company_id_movie_companies",
                                    "Startup Cost": 0.0,
                                    "Total Cost": 11380.92,
                                    "Plan Rows": 531266,
                                    "Plan Width": 0,
                                    "Actual Startup Time": 32.787,
                                    "Actual Total Time": 32.787,
                                    "Actual Rows": 528841,
                                    "Actual Loops": 1,
                                    "Index Cond": "(company_id < 495)"
                                  }
                                ]
                              }
                            ]
                          }
                        ]
                      }
                    ]
                  },
                  {
                    "Node Type": "Sort",
                    "Parent Relationship": "Inner",
                    "Parallel Aware": false,
                    "Startup Cost": 1075.3,
                    "Total Cost": 1076.22,
                    "Plan Rows": 367,
                    "Plan Width": 4,
                    "Actual Startup Time": 0.263,
                    "Actual Total Time": 0.277,
                    "Actual Rows": 379,
                    "Actual Loops": 2,
                    "Sort Key": [
                      "ci.movie_id"
                    ],
                    "Sort Method": "quicksort",
                    "Sort Space Used": 42,
                    "Sort Space Type": "Memory",
                    "Workers": [
                      {
                        "Worker Number": 0,
                        "Sort Method": "quicksort",
                        "Sort Space Used": 42,
                        "Sort Space Type": "Memory"
                      }
                    ],
                    "Plans": [
                      {
                        "Node Type": "Index Scan",
                        "Parent Relationship": "Outer",
                        "Parallel Aware": false,
                        "Scan Direction": "Forward",
                        "Index Name": "person_id_cast_info",
                        "Relation Name": "cast_info",
                        "Alias": "ci",
                        "Startup Cost": 0.56,
                        "Total Cost": 1059.67,
                        "Plan Rows": 367,
                        "Plan Width": 4,
                        "Actual Startup Time": 0.137,
                        "Actual Total Time": 0.207,
                        "Actual Rows": 379,
                        "Actual Loops": 2,
                        "Index Cond": "(person_id = 2393199)",
                        "Rows Removed by Index Recheck": 0,
                        "Filter": "(role_id < 5)",
                        "Rows Removed by Filter": 0
                      }
                    ]
                  }
                ]
              }
            ]
          }
        ]
      }
    ]
  },
  "Planning Time": 1.242,
  "Triggers": [],
  "Execution Time": 416.83
}