[
    {
        "Bao": {
            "Bao prediction": "NaN",
            "Bao recommended hint": "(no hint)"
        }
    },
    {
        "Plan": {
            "Node Type": "Aggregate",
            "Strategy": "Plain",
            "Partial Mode": "Finalize",
            "Parallel Aware": false,
            "Startup Cost": 207245.03,
            "Total Cost": 207245.04,
            "Plan Rows": 1,
            "Plan Width": 8,
            "Actual Startup Time": 472.034,
            "Actual Total Time": 492.464,
            "Actual Rows": 1,
            "Actual Loops": 1,
            "Output": [
                "count(*)"
            ],
            "Plans": [
                {
                    "Node Type": "Gather",
                    "Parent Relationship": "Outer",
                    "Parallel Aware": false,
                    "Startup Cost": 207244.5,
                    "Total Cost": 207245.01,
                    "Plan Rows": 5,
                    "Plan Width": 8,
                    "Actual Startup Time": 471.943,
                    "Actual Total Time": 492.457,
                    "Actual Rows": 6,
                    "Actual Loops": 1,
                    "Output": [
                        "(PARTIAL count(*))"
                    ],
                    "Workers Planned": 5,
                    "Workers Launched": 5,
                    "Single Copy": false,
                    "Plans": [
                        {
                            "Node Type": "Aggregate",
                            "Strategy": "Plain",
                            "Partial Mode": "Partial",
                            "Parent Relationship": "Outer",
                            "Parallel Aware": false,
                            "Startup Cost": 206244.5,
                            "Total Cost": 206244.51,
                            "Plan Rows": 1,
                            "Plan Width": 8,
                            "Actual Startup Time": 462.814,
                            "Actual Total Time": 462.814,
                            "Actual Rows": 1,
                            "Actual Loops": 6,
                            "Output": [
                                "PARTIAL count(*)"
                            ],
                            "Workers": [
                                {
                                    "Worker Number": 0,
                                    "Actual Startup Time": 460.201,
                                    "Actual Total Time": 460.202,
                                    "Actual Rows": 1,
                                    "Actual Loops": 1
                                },
                                {
                                    "Worker Number": 1,
                                    "Actual Startup Time": 460.972,
                                    "Actual Total Time": 460.972,
                                    "Actual Rows": 1,
                                    "Actual Loops": 1
                                },
                                {
                                    "Worker Number": 2,
                                    "Actual Startup Time": 461.183,
                                    "Actual Total Time": 461.184,
                                    "Actual Rows": 1,
                                    "Actual Loops": 1
                                },
                                {
                                    "Worker Number": 3,
                                    "Actual Startup Time": 461.337,
                                    "Actual Total Time": 461.338,
                                    "Actual Rows": 1,
                                    "Actual Loops": 1
                                },
                                {
                                    "Worker Number": 4,
                                    "Actual Startup Time": 461.583,
                                    "Actual Total Time": 461.584,
                                    "Actual Rows": 1,
                                    "Actual Loops": 1
                                }
                            ],
                            "Plans": [
                                {
                                    "Node Type": "Seq Scan",
                                    "Parent Relationship": "Outer",
                                    "Parallel Aware": true,
                                    "Relation Name": "movie_info",
                                    "Schema": "public",
                                    "Alias": "mi",
                                    "Startup Cost": 0.0,
                                    "Total Cost": 198880.74,
                                    "Plan Rows": 2945506,
                                    "Plan Width": 0,
                                    "Actual Startup Time": 0.057,
                                    "Actual Total Time": 352.338,
                                    "Actual Rows": 2467590,
                                    "Actual Loops": 6,
                                    "Output": [
                                        "id",
                                        "movie_id",
                                        "info_type_id",
                                        "info",
                                        "note"
                                    ],
                                    "Filter": "(mi.info_type_id < 110)",
                                    "Rows Removed by Filter": 5030,
                                    "Workers": [
                                        {
                                            "Worker Number": 0,
                                            "Actual Startup Time": 0.085,
                                            "Actual Total Time": 350.721,
                                            "Actual Rows": 1588614,
                                            "Actual Loops": 1
                                        },
                                        {
                                            "Worker Number": 1,
                                            "Actual Startup Time": 0.062,
                                            "Actual Total Time": 355.72,
                                            "Actual Rows": 2431175,
                                            "Actual Loops": 1
                                        },
                                        {
                                            "Worker Number": 2,
                                            "Actual Startup Time": 0.062,
                                            "Actual Total Time": 355.625,
                                            "Actual Rows": 2438906,
                                            "Actual Loops": 1
                                        },
                                        {
                                            "Worker Number": 3,
                                            "Actual Startup Time": 0.063,
                                            "Actual Total Time": 354.249,
                                            "Actual Rows": 2462736,
                                            "Actual Loops": 1
                                        },
                                        {
                                            "Worker Number": 4,
                                            "Actual Startup Time": 0.06,
                                            "Actual Total Time": 356.05,
                                            "Actual Rows": 2440798,
                                            "Actual Loops": 1
                                        }
                                    ]
                                }
                            ]
                        }
                    ]
                }
            ]
        },
        "Planning Time": 196.637,
        "Triggers": [],
        "Execution Time": 492.508
    }
]