[
    {
        "Bao": {
            "Bao prediction": "NaN",
            "Bao recommended hint": "(no hint)"
        }
    },
    {
        "Plan": {
            "Node Type": "Aggregate",
            "Strategy": "Plain",
            "Partial Mode": "Finalize",
            "Parallel Aware": false,
            "Startup Cost": 235418.43,
            "Total Cost": 235418.44,
            "Plan Rows": 1,
            "Plan Width": 8,
            "Actual Startup Time": 297.974,
            "Actual Total Time": 305.056,
            "Actual Rows": 1,
            "Actual Loops": 1,
            "Output": [
                "count(*)"
            ],
            "Plans": [
                {
                    "Node Type": "Gather",
                    "Parent Relationship": "Outer",
                    "Parallel Aware": false,
                    "Startup Cost": 235417.91,
                    "Total Cost": 235418.42,
                    "Plan Rows": 5,
                    "Plan Width": 8,
                    "Actual Startup Time": 295.544,
                    "Actual Total Time": 305.046,
                    "Actual Rows": 6,
                    "Actual Loops": 1,
                    "Output": [
                        "(PARTIAL count(*))"
                    ],
                    "Workers Planned": 5,
                    "Workers Launched": 5,
                    "Single Copy": false,
                    "Plans": [
                        {
                            "Node Type": "Aggregate",
                            "Strategy": "Plain",
                            "Partial Mode": "Partial",
                            "Parent Relationship": "Outer",
                            "Parallel Aware": false,
                            "Startup Cost": 234417.91,
                            "Total Cost": 234417.92,
                            "Plan Rows": 1,
                            "Plan Width": 8,
                            "Actual Startup Time": 284.33,
                            "Actual Total Time": 284.333,
                            "Actual Rows": 1,
                            "Actual Loops": 6,
                            "Output": [
                                "PARTIAL count(*)"
                            ],
                            "Workers": [
                                {
                                    "Worker Number": 0,
                                    "Actual Startup Time": 281.662,
                                    "Actual Total Time": 281.665,
                                    "Actual Rows": 1,
                                    "Actual Loops": 1
                                },
                                {
                                    "Worker Number": 1,
                                    "Actual Startup Time": 282.095,
                                    "Actual Total Time": 282.098,
                                    "Actual Rows": 1,
                                    "Actual Loops": 1
                                },
                                {
                                    "Worker Number": 2,
                                    "Actual Startup Time": 282.285,
                                    "Actual Total Time": 282.289,
                                    "Actual Rows": 1,
                                    "Actual Loops": 1
                                },
                                {
                                    "Worker Number": 3,
                                    "Actual Startup Time": 282.335,
                                    "Actual Total Time": 282.337,
                                    "Actual Rows": 1,
                                    "Actual Loops": 1
                                },
                                {
                                    "Worker Number": 4,
                                    "Actual Startup Time": 282.69,
                                    "Actual Total Time": 282.694,
                                    "Actual Rows": 1,
                                    "Actual Loops": 1
                                }
                            ],
                            "Plans": [
                                {
                                    "Node Type": "Hash Join",
                                    "Parent Relationship": "Outer",
                                    "Parallel Aware": true,
                                    "Join Type": "Inner",
                                    "Startup Cost": 68643.14,
                                    "Total Cost": 234346.73,
                                    "Plan Rows": 28474,
                                    "Plan Width": 0,
                                    "Actual Startup Time": 223.659,
                                    "Actual Total Time": 282.115,
                                    "Actual Rows": 39636,
                                    "Actual Loops": 6,
                                    "Inner Unique": true,
                                    "Hash Cond": "(mi.movie_id = t.id)",
                                    "Workers": [
                                        {
                                            "Worker Number": 0,
                                            "Actual Startup Time": 221.034,
                                            "Actual Total Time": 279.422,
                                            "Actual Rows": 41561,
                                            "Actual Loops": 1
                                        },
                                        {
                                            "Worker Number": 1,
                                            "Actual Startup Time": 221.411,
                                            "Actual Total Time": 279.746,
                                            "Actual Rows": 41674,
                                            "Actual Loops": 1
                                        },
                                        {
                                            "Worker Number": 2,
                                            "Actual Startup Time": 221.653,
                                            "Actual Total Time": 280.038,
                                            "Actual Rows": 41292,
                                            "Actual Loops": 1
                                        },
                                        {
                                            "Worker Number": 3,
                                            "Actual Startup Time": 221.717,
                                            "Actual Total Time": 280.082,
                                            "Actual Rows": 41482,
                                            "Actual Loops": 1
                                        },
                                        {
                                            "Worker Number": 4,
                                            "Actual Startup Time": 221.894,
                                            "Actual Total Time": 280.852,
                                            "Actual Rows": 34062,
                                            "Actual Loops": 1
                                        }
                                    ],
                                    "Plans": [
                                        {
                                            "Node Type": "Bitmap Heap Scan",
                                            "Parent Relationship": "Outer",
                                            "Parallel Aware": true,
                                            "Relation Name": "movie_info",
                                            "Schema": "public",
                                            "Alias": "mi",
                                            "Startup Cost": 22246.9,
                                            "Total Cost": 187306.49,
                                            "Plan Rows": 245328,
                                            "Plan Width": 4,
                                            "Actual Startup Time": 97.752,
                                            "Actual Total Time": 132.357,
                                            "Actual Rows": 216498,
                                            "Actual Loops": 6,
                                            "Output": [
                                                "mi.id",
                                                "mi.movie_id",
                                                "mi.info_type_id",
                                                "mi.info",
                                                "mi.note"
                                            ],
                                            "Recheck Cond": "(mi.info_type_id = 4)",
                                            "Rows Removed by Index Recheck": 0,
                                            "Exact Heap Blocks": 1527,
                                            "Lossy Heap Blocks": 0,
                                            "Workers": [
                                                {
                                                    "Worker Number": 0,
                                                    "Actual Startup Time": 98.276,
                                                    "Actual Total Time": 133.635,
                                                    "Actual Rows": 219207,
                                                    "Actual Loops": 1
                                                },
                                                {
                                                    "Worker Number": 1,
                                                    "Actual Startup Time": 97.647,
                                                    "Actual Total Time": 133.292,
                                                    "Actual Rows": 221755,
                                                    "Actual Loops": 1
                                                },
                                                {
                                                    "Worker Number": 2,
                                                    "Actual Startup Time": 97.865,
                                                    "Actual Total Time": 133.39,
                                                    "Actual Rows": 218771,
                                                    "Actual Loops": 1
                                                },
                                                {
                                                    "Worker Number": 3,
                                                    "Actual Startup Time": 97.629,
                                                    "Actual Total Time": 133.342,
                                                    "Actual Rows": 220800,
                                                    "Actual Loops": 1
                                                },
                                                {
                                                    "Worker Number": 4,
                                                    "Actual Startup Time": 97.757,
                                                    "Actual Total Time": 130.536,
                                                    "Actual Rows": 181455,
                                                    "Actual Loops": 1
                                                }
                                            ],
                                            "Plans": [
                                                {
                                                    "Node Type": "Bitmap Index Scan",
                                                    "Parent Relationship": "Outer",
                                                    "Parallel Aware": false,
                                                    "Index Name": "info_type_id_movie_info",
                                                    "Startup Cost": 0.0,
                                                    "Total Cost": 21940.24,
                                                    "Plan Rows": 1226640,
                                                    "Plan Width": 0,
                                                    "Actual Startup Time": 95.41,
                                                    "Actual Total Time": 95.41,
                                                    "Actual Rows": 1298989,
                                                    "Actual Loops": 1,
                                                    "Index Cond": "(mi.info_type_id = 4)"
                                                }
                                            ]
                                        },
                                        {
                                            "Node Type": "Hash",
                                            "Parent Relationship": "Inner",
                                            "Parallel Aware": true,
                                            "Startup Cost": 45479.21,
                                            "Total Cost": 45479.21,
                                            "Plan Rows": 73363,
                                            "Plan Width": 4,
                                            "Actual Startup Time": 99.568,
                                            "Actual Total Time": 99.569,
                                            "Actual Rows": 38623,
                                            "Actual Loops": 6,
                                            "Output": [
                                                "t.id"
                                            ],
                                            "Hash Buckets": 524288,
                                            "Original Hash Buckets": 524288,
                                            "Hash Batches": 1,
                                            "Original Hash Batches": 1,
                                            "Peak Memory Usage": 13216,
                                            "Workers": [
                                                {
                                                    "Worker Number": 0,
                                                    "Actual Startup Time": 98.358,
                                                    "Actual Total Time": 98.359,
                                                    "Actual Rows": 40062,
                                                    "Actual Loops": 1
                                                },
                                                {
                                                    "Worker Number": 1,
                                                    "Actual Startup Time": 98.78,
                                                    "Actual Total Time": 98.781,
                                                    "Actual Rows": 40287,
                                                    "Actual Loops": 1
                                                },
                                                {
                                                    "Worker Number": 2,
                                                    "Actual Startup Time": 98.983,
                                                    "Actual Total Time": 98.984,
                                                    "Actual Rows": 40879,
                                                    "Actual Loops": 1
                                                },
                                                {
                                                    "Worker Number": 3,
                                                    "Actual Startup Time": 98.992,
                                                    "Actual Total Time": 98.992,
                                                    "Actual Rows": 40724,
                                                    "Actual Loops": 1
                                                },
                                                {
                                                    "Worker Number": 4,
                                                    "Actual Startup Time": 99.169,
                                                    "Actual Total Time": 99.169,
                                                    "Actual Rows": 30925,
                                                    "Actual Loops": 1
                                                }
                                            ],
                                            "Plans": [
                                                {
                                                    "Node Type": "Seq Scan",
                                                    "Parent Relationship": "Outer",
                                                    "Parallel Aware": true,
                                                    "Relation Name": "title",
                                                    "Schema": "public",
                                                    "Alias": "t",
                                                    "Startup Cost": 0.0,
                                                    "Total Cost": 45479.21,
                                                    "Plan Rows": 73363,
                                                    "Plan Width": 4,
                                                    "Actual Startup Time": 45.274,
                                                    "Actual Total Time": 84.735,
                                                    "Actual Rows": 38623,
                                                    "Actual Loops": 6,
                                                    "Output": [
                                                        "t.id"
                                                    ],
                                                    "Filter": "((t.production_year > 2004) AND (t.kind_id = 1))",
                                                    "Rows Removed by Filter": 382762,
                                                    "Workers": [
                                                        {
                                                            "Worker Number": 0,
                                                            "Actual Startup Time": 52.164,
                                                            "Actual Total Time": 83.801,
                                                            "Actual Rows": 40062,
                                                            "Actual Loops": 1
                                                        },
                                                        {
                                                            "Worker Number": 1,
                                                            "Actual Startup Time": 52.44,
                                                            "Actual Total Time": 84.143,
                                                            "Actual Rows": 40287,
                                                            "Actual Loops": 1
                                                        },
                                                        {
                                                            "Worker Number": 2,
                                                            "Actual Startup Time": 52.771,
                                                            "Actual Total Time": 84.758,
                                                            "Actual Rows": 40879,
                                                            "Actual Loops": 1
                                                        },
                                                        {
                                                            "Worker Number": 3,
                                                            "Actual Startup Time": 52.92,
                                                            "Actual Total Time": 84.451,
                                                            "Actual Rows": 40724,
                                                            "Actual Loops": 1
                                                        },
                                                        {
                                                            "Worker Number": 4,
                                                            "Actual Startup Time": 52.988,
                                                            "Actual Total Time": 84.217,
                                                            "Actual Rows": 30925,
                                                            "Actual Loops": 1
                                                        }
                                                    ]
                                                }
                                            ]
                                        }
                                    ]
                                }
                            ]
                        }
                    ]
                }
            ]
        },
        "Planning Time": 292.673,
        "Triggers": [],
        "Execution Time": 305.212
    }
]