{
    "Plan": {
        "Node Type": "Aggregate",
        "Strategy": "Plain",
        "Partial Mode": "Finalize",
        "Parallel Aware": false,
        "Startup Cost": 244946.47,
        "Total Cost": 244946.48,
        "Plan Rows": 1,
        "Plan Width": 8,
        "Actual Startup Time": 450.52,
        "Actual Total Time": 493.645,
        "Actual Rows": 1,
        "Actual Loops": 1,
        "Output": [
            "count(*)"
        ],
        "Plans": [
            {
                "Node Type": "Gather",
                "Parent Relationship": "Outer",
                "Parallel Aware": false,
                "Startup Cost": 244945.95,
                "Total Cost": 244946.46,
                "Plan Rows": 5,
                "Plan Width": 8,
                "Actual Startup Time": 449.765,
                "Actual Total Time": 493.633,
                "Actual Rows": 6,
                "Actual Loops": 1,
                "Output": [
                    "(PARTIAL count(*))"
                ],
                "Workers Planned": 5,
                "Workers Launched": 5,
                "Single Copy": false,
                "Plans": [
                    {
                        "Node Type": "Aggregate",
                        "Strategy": "Plain",
                        "Partial Mode": "Partial",
                        "Parent Relationship": "Outer",
                        "Parallel Aware": false,
                        "Startup Cost": 243945.95,
                        "Total Cost": 243945.96,
                        "Plan Rows": 1,
                        "Plan Width": 8,
                        "Actual Startup Time": 439.561,
                        "Actual Total Time": 439.565,
                        "Actual Rows": 1,
                        "Actual Loops": 6,
                        "Output": [
                            "PARTIAL count(*)"
                        ],
                        "Workers": [
                            {
                                "Worker Number": 0,
                                "Actual Startup Time": 437.036,
                                "Actual Total Time": 437.039,
                                "Actual Rows": 1,
                                "Actual Loops": 1
                            },
                            {
                                "Worker Number": 1,
                                "Actual Startup Time": 437.605,
                                "Actual Total Time": 437.608,
                                "Actual Rows": 1,
                                "Actual Loops": 1
                            },
                            {
                                "Worker Number": 2,
                                "Actual Startup Time": 437.035,
                                "Actual Total Time": 437.038,
                                "Actual Rows": 1,
                                "Actual Loops": 1
                            },
                            {
                                "Worker Number": 3,
                                "Actual Startup Time": 438.122,
                                "Actual Total Time": 438.124,
                                "Actual Rows": 1,
                                "Actual Loops": 1
                            },
                            {
                                "Worker Number": 4,
                                "Actual Startup Time": 438.641,
                                "Actual Total Time": 438.644,
                                "Actual Rows": 1,
                                "Actual Loops": 1
                            }
                        ],
                        "Plans": [
                            {
                                "Node Type": "Hash Join",
                                "Parent Relationship": "Outer",
                                "Parallel Aware": true,
                                "Join Type": "Inner",
                                "Startup Cost": 44341.46,
                                "Total Cost": 243909.3,
                                "Plan Rows": 14658,
                                "Plan Width": 0,
                                "Actual Startup Time": 327.03,
                                "Actual Total Time": 438.892,
                                "Actual Rows": 10637,
                                "Actual Loops": 6,
                                "Inner Unique": true,
                                "Hash Cond": "(mi.movie_id = t.id)",
                                "Workers": [
                                    {
                                        "Worker Number": 0,
                                        "Actual Startup Time": 324.635,
                                        "Actual Total Time": 436.413,
                                        "Actual Rows": 12195,
                                        "Actual Loops": 1
                                    },
                                    {
                                        "Worker Number": 1,
                                        "Actual Startup Time": 325.043,
                                        "Actual Total Time": 436.955,
                                        "Actual Rows": 12157,
                                        "Actual Loops": 1
                                    },
                                    {
                                        "Worker Number": 2,
                                        "Actual Startup Time": 324.564,
                                        "Actual Total Time": 436.413,
                                        "Actual Rows": 7525,
                                        "Actual Loops": 1
                                    },
                                    {
                                        "Worker Number": 3,
                                        "Actual Startup Time": 325.565,
                                        "Actual Total Time": 437.501,
                                        "Actual Rows": 12160,
                                        "Actual Loops": 1
                                    },
                                    {
                                        "Worker Number": 4,
                                        "Actual Startup Time": 325.947,
                                        "Actual Total Time": 437.923,
                                        "Actual Rows": 8621,
                                        "Actual Loops": 1
                                    }
                                ],
                                "Plans": [
                                    {
                                        "Node Type": "Seq Scan",
                                        "Parent Relationship": "Outer",
                                        "Parallel Aware": true,
                                        "Relation Name": "movie_info",
                                        "Schema": "public",
                                        "Alias": "mi",
                                        "Startup Cost": 0.0,
                                        "Total Cost": 198880.74,
                                        "Plan Rows": 261755,
                                        "Plan Width": 4,
                                        "Actual Startup Time": 234.508,
                                        "Actual Total Time": 312.039,
                                        "Actual Rows": 214821,
                                        "Actual Loops": 6,
                                        "Output": [
                                            "mi.id",
                                            "mi.movie_id",
                                            "mi.info_type_id",
                                            "mi.info",
                                            "mi.note"
                                        ],
                                        "Filter": "(mi.info_type_id = 2)",
                                        "Rows Removed by Filter": 2257799,
                                        "Workers": [
                                            {
                                                "Worker Number": 0,
                                                "Actual Startup Time": 234.456,
                                                "Actual Total Time": 311.923,
                                                "Actual Rows": 253011,
                                                "Actual Loops": 1
                                            },
                                            {
                                                "Worker Number": 1,
                                                "Actual Startup Time": 234.466,
                                                "Actual Total Time": 311.807,
                                                "Actual Rows": 249251,
                                                "Actual Loops": 1
                                            },
                                            {
                                                "Worker Number": 2,
                                                "Actual Startup Time": 234.595,
                                                "Actual Total Time": 311.588,
                                                "Actual Rows": 149318,
                                                "Actual Loops": 1
                                            },
                                            {
                                                "Worker Number": 3,
                                                "Actual Startup Time": 234.458,
                                                "Actual Total Time": 311.741,
                                                "Actual Rows": 249191,
                                                "Actual Loops": 1
                                            },
                                            {
                                                "Worker Number": 4,
                                                "Actual Startup Time": 234.441,
                                                "Actual Total Time": 312.839,
                                                "Actual Rows": 171381,
                                                "Actual Loops": 1
                                            }
                                        ]
                                    },
                                    {
                                        "Node Type": "Hash",
                                        "Parent Relationship": "Inner",
                                        "Parallel Aware": true,
                                        "Startup Cost": 43899.01,
                                        "Total Cost": 43899.01,
                                        "Plan Rows": 35396,
                                        "Plan Width": 4,
                                        "Actual Startup Time": 90.324,
                                        "Actual Total Time": 90.325,
                                        "Actual Rows": 23617,
                                        "Actual Loops": 6,
                                        "Output": [
                                            "t.id"
                                        ],
                                        "Hash Buckets": 262144,
                                        "Original Hash Buckets": 262144,
                                        "Hash Batches": 1,
                                        "Original Hash Batches": 1,
                                        "Peak Memory Usage": 7712,
                                        "Workers": [
                                            {
                                                "Worker Number": 0,
                                                "Actual Startup Time": 89.159,
                                                "Actual Total Time": 89.16,
                                                "Actual Rows": 24214,
                                                "Actual Loops": 1
                                            },
                                            {
                                                "Worker Number": 1,
                                                "Actual Startup Time": 89.754,
                                                "Actual Total Time": 89.755,
                                                "Actual Rows": 23744,
                                                "Actual Loops": 1
                                            },
                                            {
                                                "Worker Number": 2,
                                                "Actual Startup Time": 89.118,
                                                "Actual Total Time": 89.12,
                                                "Actual Rows": 17425,
                                                "Actual Loops": 1
                                            },
                                            {
                                                "Worker Number": 3,
                                                "Actual Startup Time": 90.314,
                                                "Actual Total Time": 90.315,
                                                "Actual Rows": 24552,
                                                "Actual Loops": 1
                                            },
                                            {
                                                "Worker Number": 4,
                                                "Actual Startup Time": 90.673,
                                                "Actual Total Time": 90.674,
                                                "Actual Rows": 19376,
                                                "Actual Loops": 1
                                            }
                                        ],
                                        "Plans": [
                                            {
                                                "Node Type": "Seq Scan",
                                                "Parent Relationship": "Outer",
                                                "Parallel Aware": true,
                                                "Relation Name": "title",
                                                "Schema": "public",
                                                "Alias": "t",
                                                "Startup Cost": 0.0,
                                                "Total Cost": 43899.01,
                                                "Plan Rows": 35396,
                                                "Plan Width": 4,
                                                "Actual Startup Time": 0.059,
                                                "Actual Total Time": 79.093,
                                                "Actual Rows": 23617,
                                                "Actual Loops": 6,
                                                "Output": [
                                                    "t.id"
                                                ],
                                                "Filter": "(t.production_year = 2010)",
                                                "Rows Removed by Filter": 397768,
                                                "Workers": [
                                                    {
                                                        "Worker Number": 0,
                                                        "Actual Startup Time": 0.073,
                                                        "Actual Total Time": 78.073,
                                                        "Actual Rows": 24214,
                                                        "Actual Loops": 1
                                                    },
                                                    {
                                                        "Worker Number": 1,
                                                        "Actual Startup Time": 0.06,
                                                        "Actual Total Time": 78.786,
                                                        "Actual Rows": 23744,
                                                        "Actual Loops": 1
                                                    },
                                                    {
                                                        "Worker Number": 2,
                                                        "Actual Startup Time": 0.064,
                                                        "Actual Total Time": 78.333,
                                                        "Actual Rows": 17425,
                                                        "Actual Loops": 1
                                                    },
                                                    {
                                                        "Worker Number": 3,
                                                        "Actual Startup Time": 0.065,
                                                        "Actual Total Time": 79.425,
                                                        "Actual Rows": 24552,
                                                        "Actual Loops": 1
                                                    },
                                                    {
                                                        "Worker Number": 4,
                                                        "Actual Startup Time": 0.068,
                                                        "Actual Total Time": 80.206,
                                                        "Actual Rows": 19376,
                                                        "Actual Loops": 1
                                                    }
                                                ]
                                            }
                                        ]
                                    }
                                ]
                            }
                        ]
                    }
                ]
            }
        ]
    },
    "Planning Time": 0.692,
    "Triggers": [],
    "Execution Time": 493.727
}