[
  {
    "Plan": {
      "Node Type": "Aggregate",
      "Strategy": "Plain",
      "Partial Mode": "Finalize",
      "Parallel Aware": false,
      "Startup Cost": 456977.4,
      "Total Cost": 456977.41,
      "Plan Rows": 1,
      "Plan Width": 8,
      "Actual Startup Time": 1738.371,
      "Actual Total Time": 1811.714,
      "Actual Rows": 1,
      "Actual Loops": 1,
      "Plans": [
        {
          "Node Type": "Gather",
          "Parent Relationship": "Outer",
          "Parallel Aware": false,
          "Startup Cost": 456976.78,
          "Total Cost": 456977.39,
          "Plan Rows": 6,
          "Plan Width": 8,
          "Actual Startup Time": 1726.138,
          "Actual Total Time": 1811.698,
          "Actual Rows": 7,
          "Actual Loops": 1,
          "Workers Planned": 6,
          "Workers Launched": 6,
          "Single Copy": false,
          "Plans": [
            {
              "Node Type": "Aggregate",
              "Strategy": "Plain",
              "Partial Mode": "Partial",
              "Parent Relationship": "Outer",
              "Parallel Aware": false,
              "Startup Cost": 455976.78,
              "Total Cost": 455976.79,
              "Plan Rows": 1,
              "Plan Width": 8,
              "Actual Startup Time": 1710.18,
              "Actual Total Time": 1710.351,
              "Actual Rows": 1,
              "Actual Loops": 7,
              "Plans": [
                {
                  "Node Type": "Hash Join",
                  "Parent Relationship": "Outer",
                  "Parallel Aware": true,
                  "Join Type": "Inner",
                  "Startup Cost": 96503.78,
                  "Total Cost": 452732.98,
                  "Plan Rows": 1297520,
                  "Plan Width": 0,
                  "Actual Startup Time": 557.721,
                  "Actual Total Time": 1651.272,
                  "Actual Rows": 1189392,
                  "Actual Loops": 7,
                  "Inner Unique": false,
                  "Hash Cond": "(ci.movie_id = t.id)",
                  "Plans": [
                    {
                      "Node Type": "Seq Scan",
                      "Parent Relationship": "Outer",
                      "Parallel Aware": true,
                      "Relation Name": "cast_info",
                      "Alias": "ci",
                      "Startup Cost": 0.0,
                      "Total Cost": 343316.27,
                      "Plan Rows": 2327301,
                      "Plan Width": 4,
                      "Actual Startup Time": 220.666,
                      "Actual Total Time": 755.114,
                      "Actual Rows": 2773651,
                      "Actual Loops": 7,
                      "Filter": "((person_id > 1468792) AND (role_id > 1))",
                      "Rows Removed by Filter": 2404112
                    },
                    {
                      "Node Type": "Hash",
                      "Parent Relationship": "Inner",
                      "Parallel Aware": true,
                      "Startup Cost": 90819.7,
                      "Total Cost": 90819.7,
                      "Plan Rows": 454726,
                      "Plan Width": 8,
                      "Actual Startup Time": 331.967,
                      "Actual Total Time": 332.137,
                      "Actual Rows": 100641,
                      "Actual Loops": 7,
                      "Hash Buckets": 2097152,
                      "Original Hash Buckets": 2097152,
                      "Hash Batches": 1,
                      "Original Hash Batches": 1,
                      "Peak Memory Usage": 44032,
                      "Plans": [
                        {
                          "Node Type": "Hash Join",
                          "Parent Relationship": "Outer",
                          "Parallel Aware": true,
                          "Join Type": "Inner",
                          "Startup Cost": 47941.62,
                          "Total Cost": 90819.7,
                          "Plan Rows": 454726,
                          "Plan Width": 8,
                          "Actual Startup Time": 142.846,
                          "Actual Total Time": 290.213,
                          "Actual Rows": 100641,
                          "Actual Loops": 7,
                          "Inner Unique": true,
                          "Hash Cond": "(mk.movie_id = t.id)",
                          "Plans": [
                            {
                              "Node Type": "Seq Scan",
                              "Parent Relationship": "Outer",
                              "Parallel Aware": true,
                              "Relation Name": "movie_keyword",
                              "Alias": "mk",
                              "Startup Cost": 0.0,
                              "Total Cost": 39047.32,
                              "Plan Rows": 1459332,
                              "Plan Width": 4,
                              "Actual Startup Time": 0.022,
                              "Actual Total Time": 65.956,
                              "Actual Rows": 646276,
                              "Actual Loops": 7
                            },
                            {
                              "Node Type": "Hash",
                              "Parent Relationship": "Inner",
                              "Parallel Aware": true,
                              "Startup Cost": 45479.59,
                              "Total Cost": 45479.59,
                              "Plan Rows": 196963,
                              "Plan Width": 4,
                              "Actual Startup Time": 141.353,
                              "Actual Total Time": 141.354,
                              "Actual Rows": 98924,
                              "Actual Loops": 7,
                              "Hash Buckets": 1048576,
                              "Original Hash Buckets": 1048576,
                              "Hash Batches": 1,
                              "Original Hash Batches": 1,
                              "Peak Memory Usage": 35360,
                              "Plans": [
                                {
                                  "Node Type": "Seq Scan",
                                  "Parent Relationship": "Outer",
                                  "Parallel Aware": true,
                                  "Relation Name": "title",
                                  "Alias": "t",
                                  "Startup Cost": 0.0,
                                  "Total Cost": 45479.59,
                                  "Plan Rows": 196963,
                                  "Plan Width": 4,
                                  "Actual Startup Time": 0.057,
                                  "Actual Total Time": 85.339,
                                  "Actual Rows": 98924,
                                  "Actual Loops": 7,
                                  "Filter": "((kind_id > 1) AND (production_year < 2001))",
                                  "Rows Removed by Filter": 262263
                                }
                              ]
                            }
                          ]
                        }
                      ]
                    }
                  ]
                }
              ]
            }
          ]
        }
      ]
    },
    "Planning Time": 1.413,
    "Triggers": [],
    "Execution Time": 1811.843
  }
]