[
  {
    "Plan": {
      "Node Type": "Aggregate",
      "Strategy": "Plain",
      "Partial Mode": "Finalize",
      "Parallel Aware": false,
      "Startup Cost": 147804.86,
      "Total Cost": 147804.87,
      "Plan Rows": 1,
      "Plan Width": 8,
      "Actual Startup Time": 489.137,
      "Actual Total Time": 524.962,
      "Actual Rows": 1,
      "Actual Loops": 1,
      "Plans": [
        {
          "Node Type": "Gather",
          "Parent Relationship": "Outer",
          "Parallel Aware": false,
          "Startup Cost": 147804.54,
          "Total Cost": 147804.85,
          "Plan Rows": 3,
          "Plan Width": 8,
          "Actual Startup Time": 488.542,
          "Actual Total Time": 524.95,
          "Actual Rows": 4,
          "Actual Loops": 1,
          "Workers Planned": 3,
          "Workers Launched": 3,
          "Single Copy": false,
          "Plans": [
            {
              "Node Type": "Aggregate",
              "Strategy": "Plain",
              "Partial Mode": "Partial",
              "Parent Relationship": "Outer",
              "Parallel Aware": false,
              "Startup Cost": 146804.54,
              "Total Cost": 146804.55,
              "Plan Rows": 1,
              "Plan Width": 8,
              "Actual Startup Time": 479.354,
              "Actual Total Time": 479.358,
              "Actual Rows": 1,
              "Actual Loops": 4,
              "Plans": [
                {
                  "Node Type": "Nested Loop",
                  "Parent Relationship": "Outer",
                  "Parallel Aware": false,
                  "Join Type": "Inner",
                  "Startup Cost": 45768.82,
                  "Total Cost": 146464.31,
                  "Plan Rows": 136094,
                  "Plan Width": 0,
                  "Actual Startup Time": 131.901,
                  "Actual Total Time": 470.394,
                  "Actual Rows": 136333,
                  "Actual Loops": 4,
                  "Inner Unique": false,
                  "Join Filter": "(t.id = mi.movie_id)",
                  "Rows Removed by Join Filter": 0,
                  "Plans": [
                    {
                      "Node Type": "Hash Join",
                      "Parent Relationship": "Outer",
                      "Parallel Aware": true,
                      "Join Type": "Inner",
                      "Startup Cost": 45768.39,
                      "Total Cost": 90409.93,
                      "Plan Rows": 27095,
                      "Plan Width": 8,
                      "Actual Startup Time": 131.792,
                      "Actual Total Time": 323.545,
                      "Actual Rows": 11334,
                      "Actual Loops": 4,
                      "Inner Unique": true,
                      "Hash Cond": "(mk.movie_id = t.id)",
                      "Plans": [
                        {
                          "Node Type": "Seq Scan",
                          "Parent Relationship": "Outer",
                          "Parallel Aware": true,
                          "Relation Name": "movie_keyword",
                          "Alias": "mk",
                          "Startup Cost": 0.0,
                          "Total Cost": 42695.65,
                          "Plan Rows": 741293,
                          "Plan Width": 4,
                          "Actual Startup Time": 0.364,
                          "Actual Total Time": 131.831,
                          "Actual Rows": 568383,
                          "Actual Loops": 4,
                          "Filter": "(keyword_id > 4636)",
                          "Rows Removed by Filter": 562599
                        },
                        {
                          "Node Type": "Hash",
                          "Parent Relationship": "Inner",
                          "Parallel Aware": true,
                          "Startup Cost": 45479.59,
                          "Total Cost": 45479.59,
                          "Plan Rows": 23104,
                          "Plan Width": 4,
                          "Actual Startup Time": 129.657,
                          "Actual Total Time": 129.658,
                          "Actual Rows": 25188,
                          "Actual Loops": 4,
                          "Hash Buckets": 131072,
                          "Original Hash Buckets": 131072,
                          "Hash Batches": 1,
                          "Original Hash Batches": 1,
                          "Peak Memory Usage": 5056,
                          "Plans": [
                            {
                              "Node Type": "Seq Scan",
                              "Parent Relationship": "Outer",
                              "Parallel Aware": true,
                              "Relation Name": "title",
                              "Alias": "t",
                              "Startup Cost": 0.0,
                              "Total Cost": 45479.59,
                              "Plan Rows": 23104,
                              "Plan Width": 4,
                              "Actual Startup Time": 0.061,
                              "Actual Total Time": 117.465,
                              "Actual Rows": 25188,
                              "Actual Loops": 4,
                              "Filter": "((kind_id > 1) AND (production_year = 2008))",
                              "Rows Removed by Filter": 606890
                            }
                          ]
                        }
                      ]
                    },
                    {
                      "Node Type": "Index Scan",
                      "Parent Relationship": "Inner",
                      "Parallel Aware": false,
                      "Scan Direction": "Forward",
                      "Index Name": "movie_id_movie_info",
                      "Relation Name": "movie_info",
                      "Alias": "mi",
                      "Startup Cost": 0.43,
                      "Total Cost": 1.63,
                      "Plan Rows": 35,
                      "Plan Width": 4,
                      "Actual Startup Time": 0.004,
                      "Actual Total Time": 0.011,
                      "Actual Rows": 12,
                      "Actual Loops": 45334,
                      "Index Cond": "(movie_id = mk.movie_id)",
                      "Rows Removed by Index Recheck": 0,
                      "Filter": "(info_type_id > 2)",
                      "Rows Removed by Filter": 1
                    }
                  ]
                }
              ]
            }
          ]
        }
      ]
    },
    "Planning Time": 1.083,
    "Triggers": [],
    "Execution Time": 525.036
  }
]