[
  {
    "Plan": {
      "Node Type": "Aggregate",
      "Strategy": "Plain",
      "Partial Mode": "Finalize",
      "Parallel Aware": false,
      "Startup Cost": 44772.8,
      "Total Cost": 44772.81,
      "Plan Rows": 1,
      "Plan Width": 8,
      "Actual Startup Time": 140.924,
      "Actual Total Time": 150.481,
      "Actual Rows": 1,
      "Actual Loops": 1,
      "Plans": [
        {
          "Node Type": "Gather",
          "Parent Relationship": "Outer",
          "Parallel Aware": false,
          "Startup Cost": 44772.48,
          "Total Cost": 44772.79,
          "Plan Rows": 3,
          "Plan Width": 8,
          "Actual Startup Time": 140.816,
          "Actual Total Time": 150.472,
          "Actual Rows": 4,
          "Actual Loops": 1,
          "Workers Planned": 3,
          "Workers Launched": 3,
          "Single Copy": false,
          "Plans": [
            {
              "Node Type": "Aggregate",
              "Strategy": "Plain",
              "Partial Mode": "Partial",
              "Parent Relationship": "Outer",
              "Parallel Aware": false,
              "Startup Cost": 43772.48,
              "Total Cost": 43772.49,
              "Plan Rows": 1,
              "Plan Width": 8,
              "Actual Startup Time": 133.829,
              "Actual Total Time": 133.83,
              "Actual Rows": 1,
              "Actual Loops": 4,
              "Plans": [
                {
                  "Node Type": "Seq Scan",
                  "Parent Relationship": "Outer",
                  "Parallel Aware": true,
                  "Relation Name": "movie_keyword",
                  "Alias": "mk",
                  "Startup Cost": 0.0,
                  "Total Cost": 42695.65,
                  "Plan Rows": 430730,
                  "Plan Width": 0,
                  "Actual Startup Time": 2.282,
                  "Actual Total Time": 116.399,
                  "Actual Rows": 335856,
                  "Actual Loops": 4,
                  "Filter": "(keyword_id > 12732)",
                  "Rows Removed by Filter": 795127
                }
              ]
            }
          ]
        }
      ]
    },
    "Planning Time": 0.193,
    "Triggers": [],
    "Execution Time": 150.542
  }
]