[
  {
    "Plan": {
      "Node Type": "Aggregate",
      "Strategy": "Plain",
      "Partial Mode": "Finalize",
      "Parallel Aware": false,
      "Startup Cost": 390180.32,
      "Total Cost": 390180.33,
      "Plan Rows": 1,
      "Plan Width": 8,
      "Actual Startup Time": 1817.289,
      "Actual Total Time": 1878.75,
      "Actual Rows": 1,
      "Actual Loops": 1,
      "Plans": [
        {
          "Node Type": "Gather",
          "Parent Relationship": "Outer",
          "Parallel Aware": false,
          "Startup Cost": 390179.69,
          "Total Cost": 390180.3,
          "Plan Rows": 6,
          "Plan Width": 8,
          "Actual Startup Time": 1805.044,
          "Actual Total Time": 1878.736,
          "Actual Rows": 7,
          "Actual Loops": 1,
          "Workers Planned": 6,
          "Workers Launched": 6,
          "Single Copy": false,
          "Plans": [
            {
              "Node Type": "Aggregate",
              "Strategy": "Plain",
              "Partial Mode": "Partial",
              "Parent Relationship": "Outer",
              "Parallel Aware": false,
              "Startup Cost": 389179.69,
              "Total Cost": 389179.7,
              "Plan Rows": 1,
              "Plan Width": 8,
              "Actual Startup Time": 1790.483,
              "Actual Total Time": 1790.486,
              "Actual Rows": 1,
              "Actual Loops": 7,
              "Plans": [
                {
                  "Node Type": "Hash Join",
                  "Parent Relationship": "Outer",
                  "Parallel Aware": true,
                  "Join Type": "Inner",
                  "Startup Cost": 48795.6,
                  "Total Cost": 385689.09,
                  "Plan Rows": 1396241,
                  "Plan Width": 0,
                  "Actual Startup Time": 353.848,
                  "Actual Total Time": 1720.361,
                  "Actual Rows": 1439207,
                  "Actual Loops": 7,
                  "Inner Unique": true,
                  "Hash Cond": "(ci.movie_id = t.id)",
                  "Plans": [
                    {
                      "Node Type": "Seq Scan",
                      "Parent Relationship": "Outer",
                      "Parallel Aware": true,
                      "Relation Name": "cast_info",
                      "Alias": "ci",
                      "Startup Cost": 0.0,
                      "Total Cost": 328162.03,
                      "Plan Rows": 3326269,
                      "Plan Width": 4,
                      "Actual Startup Time": 172.669,
                      "Actual Total Time": 633.407,
                      "Actual Rows": 2853083,
                      "Actual Loops": 7,
                      "Filter": "(person_id > 1611063)",
                      "Rows Removed by Filter": 2324680
                    },
                    {
                      "Node Type": "Hash",
                      "Parent Relationship": "Inner",
                      "Parallel Aware": true,
                      "Startup Cost": 45479.1,
                      "Total Cost": 45479.1,
                      "Plan Rows": 265320,
                      "Plan Width": 4,
                      "Actual Startup Time": 176.194,
                      "Actual Total Time": 176.195,
                      "Actual Rows": 164622,
                      "Actual Loops": 7,
                      "Hash Buckets": 2097152,
                      "Original Hash Buckets": 2097152,
                      "Hash Batches": 1,
                      "Original Hash Batches": 1,
                      "Peak Memory Usage": 61568,
                      "Plans": [
                        {
                          "Node Type": "Seq Scan",
                          "Parent Relationship": "Outer",
                          "Parallel Aware": true,
                          "Relation Name": "title",
                          "Alias": "t",
                          "Startup Cost": 0.0,
                          "Total Cost": 45479.1,
                          "Plan Rows": 265320,
                          "Plan Width": 4,
                          "Actual Startup Time": 0.045,
                          "Actual Total Time": 85.639,
                          "Actual Rows": 164622,
                          "Actual Loops": 7,
                          "Filter": "((kind_id > 1) AND (production_year > 1999))",
                          "Rows Removed by Filter": 196566
                        }
                      ]
                    }
                  ]
                }
              ]
            }
          ]
        }
      ]
    },
    "Planning Time": 0.536,
    "Triggers": [],
    "Execution Time": 1878.839
  }
]