[
  {
    "Plan": {
      "Node Type": "Aggregate",
      "Strategy": "Plain",
      "Partial Mode": "Finalize",
      "Parallel Aware": false,
      "Startup Cost": 180089.09,
      "Total Cost": 180089.1,
      "Plan Rows": 1,
      "Plan Width": 8,
      "Actual Startup Time": 357.879,
      "Actual Total Time": 376.948,
      "Actual Rows": 1,
      "Actual Loops": 1,
      "Plans": [
        {
          "Node Type": "Gather",
          "Parent Relationship": "Outer",
          "Parallel Aware": false,
          "Startup Cost": 180088.67,
          "Total Cost": 180089.08,
          "Plan Rows": 4,
          "Plan Width": 8,
          "Actual Startup Time": 344.706,
          "Actual Total Time": 376.939,
          "Actual Rows": 5,
          "Actual Loops": 1,
          "Workers Planned": 4,
          "Workers Launched": 4,
          "Single Copy": false,
          "Plans": [
            {
              "Node Type": "Aggregate",
              "Strategy": "Plain",
              "Partial Mode": "Partial",
              "Parent Relationship": "Outer",
              "Parallel Aware": false,
              "Startup Cost": 179088.67,
              "Total Cost": 179088.68,
              "Plan Rows": 1,
              "Plan Width": 8,
              "Actual Startup Time": 327.899,
              "Actual Total Time": 327.903,
              "Actual Rows": 1,
              "Actual Loops": 5,
              "Plans": [
                {
                  "Node Type": "Hash Join",
                  "Parent Relationship": "Outer",
                  "Parallel Aware": true,
                  "Join Type": "Inner",
                  "Startup Cost": 51490.39,
                  "Total Cost": 179044.94,
                  "Plan Rows": 17494,
                  "Plan Width": 0,
                  "Actual Startup Time": 313.707,
                  "Actual Total Time": 327.186,
                  "Actual Rows": 13605,
                  "Actual Loops": 5,
                  "Inner Unique": true,
                  "Hash Cond": "(mi.movie_id = t.id)",
                  "Plans": [
                    {
                      "Node Type": "Bitmap Heap Scan",
                      "Parent Relationship": "Outer",
                      "Parallel Aware": true,
                      "Relation Name": "movie_info",
                      "Alias": "mi",
                      "Startup Cost": 1270.75,
                      "Total Cost": 128779.37,
                      "Plan Rows": 17494,
                      "Plan Width": 4,
                      "Actual Startup Time": 4.756,
                      "Actual Total Time": 10.242,
                      "Actual Rows": 13605,
                      "Actual Loops": 5,
                      "Recheck Cond": "(info_type_id = 94)",
                      "Rows Removed by Index Recheck": 0,
                      "Exact Heap Blocks": 661,
                      "Lossy Heap Blocks": 0,
                      "Plans": [
                        {
                          "Node Type": "Bitmap Index Scan",
                          "Parent Relationship": "Outer",
                          "Parallel Aware": false,
                          "Index Name": "info_type_id_movie_info",
                          "Startup Cost": 0.0,
                          "Total Cost": 1253.25,
                          "Plan Rows": 69976,
                          "Plan Width": 0,
                          "Actual Startup Time": 4.217,
                          "Actual Total Time": 4.217,
                          "Actual Rows": 68025,
                          "Actual Loops": 1,
                          "Index Cond": "(info_type_id = 94)"
                        }
                      ]
                    },
                    {
                      "Node Type": "Hash",
                      "Parent Relationship": "Inner",
                      "Parallel Aware": true,
                      "Startup Cost": 42318.73,
                      "Total Cost": 42318.73,
                      "Plan Rows": 632073,
                      "Plan Width": 4,
                      "Actual Startup Time": 300.481,
                      "Actual Total Time": 300.482,
                      "Actual Rows": 505662,
                      "Actual Loops": 5,
                      "Hash Buckets": 4194304,
                      "Original Hash Buckets": 4194304,
                      "Hash Batches": 1,
                      "Original Hash Batches": 1,
                      "Peak Memory Usage": 131744,
                      "Plans": [
                        {
                          "Node Type": "Seq Scan",
                          "Parent Relationship": "Outer",
                          "Parallel Aware": true,
                          "Relation Name": "title",
                          "Alias": "t",
                          "Startup Cost": 0.0,
                          "Total Cost": 42318.73,
                          "Plan Rows": 632073,
                          "Plan Width": 4,
                          "Actual Startup Time": 0.036,
                          "Actual Total Time": 93.076,
                          "Actual Rows": 505662,
                          "Actual Loops": 5
                        }
                      ]
                    }
                  ]
                }
              ]
            }
          ]
        }
      ]
    },
    "Planning Time": 0.492,
    "Triggers": [],
    "Execution Time": 377.026
  }
]