[
  {
    "Plan": {
      "Node Type": "Aggregate",
      "Strategy": "Plain",
      "Partial Mode": "Finalize",
      "Parallel Aware": false,
      "Startup Cost": 298089.79,
      "Total Cost": 298089.8,
      "Plan Rows": 1,
      "Plan Width": 8,
      "Actual Startup Time": 1683.034,
      "Actual Total Time": 1730.697,
      "Actual Rows": 1,
      "Actual Loops": 1,
      "Plans": [
        {
          "Node Type": "Gather",
          "Parent Relationship": "Outer",
          "Parallel Aware": false,
          "Startup Cost": 298089.27,
          "Total Cost": 298089.78,
          "Plan Rows": 5,
          "Plan Width": 8,
          "Actual Startup Time": 1669.339,
          "Actual Total Time": 1730.684,
          "Actual Rows": 6,
          "Actual Loops": 1,
          "Workers Planned": 5,
          "Workers Launched": 5,
          "Single Copy": false,
          "Plans": [
            {
              "Node Type": "Aggregate",
              "Strategy": "Plain",
              "Partial Mode": "Partial",
              "Parent Relationship": "Outer",
              "Parallel Aware": false,
              "Startup Cost": 297089.27,
              "Total Cost": 297089.28,
              "Plan Rows": 1,
              "Plan Width": 8,
              "Actual Startup Time": 1661.135,
              "Actual Total Time": 1661.228,
              "Actual Rows": 1,
              "Actual Loops": 6,
              "Plans": [
                {
                  "Node Type": "Hash Join",
                  "Parent Relationship": "Outer",
                  "Parallel Aware": true,
                  "Join Type": "Inner",
                  "Startup Cost": 90694.14,
                  "Total Cost": 295528.19,
                  "Plan Rows": 624431,
                  "Plan Width": 0,
                  "Actual Startup Time": 446.993,
                  "Actual Total Time": 1444.584,
                  "Actual Rows": 4939553,
                  "Actual Loops": 6,
                  "Inner Unique": false,
                  "Hash Cond": "(mi.movie_id = t.id)",
                  "Plans": [
                    {
                      "Node Type": "Seq Scan",
                      "Parent Relationship": "Outer",
                      "Parallel Aware": true,
                      "Relation Name": "movie_info",
                      "Alias": "mi",
                      "Startup Cost": 0.0,
                      "Total Cost": 191685.19,
                      "Plan Rows": 2969219,
                      "Plan Width": 4,
                      "Actual Startup Time": 0.03,
                      "Actual Total Time": 283.955,
                      "Actual Rows": 2472620,
                      "Actual Loops": 6
                    },
                    {
                      "Node Type": "Hash",
                      "Parent Relationship": "Inner",
                      "Parallel Aware": true,
                      "Startup Cost": 88550.06,
                      "Total Cost": 88550.06,
                      "Plan Rows": 171526,
                      "Plan Width": 8,
                      "Actual Startup Time": 443.483,
                      "Actual Total Time": 443.574,
                      "Actual Rows": 88412,
                      "Actual Loops": 6,
                      "Hash Buckets": 1048576,
                      "Original Hash Buckets": 1048576,
                      "Hash Batches": 1,
                      "Original Hash Batches": 1,
                      "Peak Memory Usage": 29024,
                      "Plans": [
                        {
                          "Node Type": "Hash Join",
                          "Parent Relationship": "Outer",
                          "Parallel Aware": true,
                          "Join Type": "Inner",
                          "Startup Cost": 61501.73,
                          "Total Cost": 88550.06,
                          "Plan Rows": 171526,
                          "Plan Width": 8,
                          "Actual Startup Time": 328.401,
                          "Actual Total Time": 410.431,
                          "Actual Rows": 88412,
                          "Actual Loops": 6,
                          "Inner Unique": true,
                          "Hash Cond": "(mk.movie_id = t.id)",
                          "Plans": [
                            {
                              "Node Type": "Bitmap Heap Scan",
                              "Parent Relationship": "Outer",
                              "Parallel Aware": true,
                              "Relation Name": "movie_keyword",
                              "Alias": "mk",
                              "Startup Cost": 11281.35,
                              "Total Cost": 37879.42,
                              "Plan Rows": 171526,
                              "Plan Width": 4,
                              "Actual Startup Time": 35.177,
                              "Actual Total Time": 83.104,
                              "Actual Rows": 88412,
                              "Actual Loops": 6,
                              "Recheck Cond": "(keyword_id > 34372)",
                              "Rows Removed by Index Recheck": 0,
                              "Exact Heap Blocks": 4427,
                              "Lossy Heap Blocks": 0,
                              "Plans": [
                                {
                                  "Node Type": "Bitmap Index Scan",
                                  "Parent Relationship": "Outer",
                                  "Parallel Aware": false,
                                  "Index Name": "keyword_id_movie_keyword",
                                  "Startup Cost": 0.0,
                                  "Total Cost": 11148.42,
                                  "Plan Rows": 531731,
                                  "Plan Width": 0,
                                  "Actual Startup Time": 31.774,
                                  "Actual Total Time": 31.774,
                                  "Actual Rows": 530475,
                                  "Actual Loops": 1,
                                  "Index Cond": "(keyword_id > 34372)"
                                }
                              ]
                            },
                            {
                              "Node Type": "Hash",
                              "Parent Relationship": "Inner",
                              "Parallel Aware": true,
                              "Startup Cost": 42319.06,
                              "Total Cost": 42319.06,
                              "Plan Rows": 632106,
                              "Plan Width": 4,
                              "Actual Startup Time": 287.861,
                              "Actual Total Time": 287.863,
                              "Actual Rows": 421385,
                              "Actual Loops": 6,
                              "Hash Buckets": 4194304,
                              "Original Hash Buckets": 4194304,
                              "Hash Batches": 1,
                              "Original Hash Batches": 1,
                              "Peak Memory Usage": 131776,
                              "Plans": [
                                {
                                  "Node Type": "Seq Scan",
                                  "Parent Relationship": "Outer",
                                  "Parallel Aware": true,
                                  "Relation Name": "title",
                                  "Alias": "t",
                                  "Startup Cost": 0.0,
                                  "Total Cost": 42319.06,
                                  "Plan Rows": 632106,
                                  "Plan Width": 4,
                                  "Actual Startup Time": 0.062,
                                  "Actual Total Time": 81.919,
                                  "Actual Rows": 421385,
                                  "Actual Loops": 6
                                }
                              ]
                            }
                          ]
                        }
                      ]
                    }
                  ]
                }
              ]
            }
          ]
        }
      ]
    },
    "Planning Time": 0.722,
    "Triggers": [],
    "Execution Time": 1730.781
  }
]