[
  {
    "Plan": {
      "Node Type": "Aggregate",
      "Strategy": "Plain",
      "Partial Mode": "Finalize",
      "Parallel Aware": false,
      "Startup Cost": 397426.76,
      "Total Cost": 397426.77,
      "Plan Rows": 1,
      "Plan Width": 8,
      "Actual Startup Time": 2592.039,
      "Actual Total Time": 2648.208,
      "Actual Rows": 1,
      "Actual Loops": 1,
      "Plans": [
        {
          "Node Type": "Gather",
          "Parent Relationship": "Outer",
          "Parallel Aware": false,
          "Startup Cost": 397426.14,
          "Total Cost": 397426.75,
          "Plan Rows": 6,
          "Plan Width": 8,
          "Actual Startup Time": 2584.602,
          "Actual Total Time": 2648.103,
          "Actual Rows": 7,
          "Actual Loops": 1,
          "Workers Planned": 6,
          "Workers Launched": 6,
          "Single Copy": false,
          "Plans": [
            {
              "Node Type": "Aggregate",
              "Strategy": "Plain",
              "Partial Mode": "Partial",
              "Parent Relationship": "Outer",
              "Parallel Aware": false,
              "Startup Cost": 396426.14,
              "Total Cost": 396426.15,
              "Plan Rows": 1,
              "Plan Width": 8,
              "Actual Startup Time": 2573.859,
              "Actual Total Time": 2573.862,
              "Actual Rows": 1,
              "Actual Loops": 7,
              "Plans": [
                {
                  "Node Type": "Hash Join",
                  "Parent Relationship": "Outer",
                  "Parallel Aware": true,
                  "Join Type": "Inner",
                  "Startup Cost": 46982.15,
                  "Total Cost": 390673.86,
                  "Plan Rows": 2300912,
                  "Plan Width": 0,
                  "Actual Startup Time": 163.421,
                  "Actual Total Time": 2466.047,
                  "Actual Rows": 2062450,
                  "Actual Loops": 7,
                  "Inner Unique": true,
                  "Hash Cond": "(ci.movie_id = t.id)",
                  "Plans": [
                    {
                      "Node Type": "Seq Scan",
                      "Parent Relationship": "Outer",
                      "Parallel Aware": true,
                      "Relation Name": "cast_info",
                      "Alias": "ci",
                      "Startup Cost": 0.0,
                      "Total Cost": 328211.39,
                      "Plan Rows": 5897256,
                      "Plan Width": 4,
                      "Actual Startup Time": 11.875,
                      "Actual Total Time": 743.382,
                      "Actual Rows": 5050428,
                      "Actual Loops": 7,
                      "Filter": "(person_id > 93260)",
                      "Rows Removed by Filter": 127336
                    },
                    {
                      "Node Type": "Hash",
                      "Parent Relationship": "Inner",
                      "Parallel Aware": true,
                      "Startup Cost": 43899.32,
                      "Total Cost": 43899.32,
                      "Plan Rows": 246626,
                      "Plan Width": 4,
                      "Actual Startup Time": 147.978,
                      "Actual Total Time": 147.979,
                      "Actual Rows": 140721,
                      "Actual Loops": 7,
                      "Hash Buckets": 1048576,
                      "Original Hash Buckets": 1048576,
                      "Hash Batches": 1,
                      "Original Hash Batches": 1,
                      "Peak Memory Usage": 46816,
                      "Plans": [
                        {
                          "Node Type": "Seq Scan",
                          "Parent Relationship": "Outer",
                          "Parallel Aware": true,
                          "Relation Name": "title",
                          "Alias": "t",
                          "Startup Cost": 0.0,
                          "Total Cost": 43899.32,
                          "Plan Rows": 246626,
                          "Plan Width": 4,
                          "Actual Startup Time": 0.043,
                          "Actual Total Time": 80.565,
                          "Actual Rows": 140721,
                          "Actual Loops": 7,
                          "Filter": "(kind_id < 7)",
                          "Rows Removed by Filter": 220466
                        }
                      ]
                    }
                  ]
                }
              ]
            }
          ]
        }
      ]
    },
    "Planning Time": 0.635,
    "Triggers": [],
    "Execution Time": 2648.298
  }
]