[
  {
    "Plan": {
      "Node Type": "Aggregate",
      "Strategy": "Plain",
      "Partial Mode": "Finalize",
      "Parallel Aware": false,
      "Startup Cost": 41777.34,
      "Total Cost": 41777.35,
      "Plan Rows": 1,
      "Plan Width": 8,
      "Actual Startup Time": 145.815,
      "Actual Total Time": 155.382,
      "Actual Rows": 1,
      "Actual Loops": 1,
      "Plans": [
        {
          "Node Type": "Gather",
          "Parent Relationship": "Outer",
          "Parallel Aware": false,
          "Startup Cost": 41777.02,
          "Total Cost": 41777.33,
          "Plan Rows": 3,
          "Plan Width": 8,
          "Actual Startup Time": 145.534,
          "Actual Total Time": 155.373,
          "Actual Rows": 4,
          "Actual Loops": 1,
          "Workers Planned": 3,
          "Workers Launched": 3,
          "Single Copy": false,
          "Plans": [
            {
              "Node Type": "Aggregate",
              "Strategy": "Plain",
              "Partial Mode": "Partial",
              "Parent Relationship": "Outer",
              "Parallel Aware": false,
              "Startup Cost": 40777.02,
              "Total Cost": 40777.03,
              "Plan Rows": 1,
              "Plan Width": 8,
              "Actual Startup Time": 140.776,
              "Actual Total Time": 140.778,
              "Actual Rows": 1,
              "Actual Loops": 4,
              "Plans": [
                {
                  "Node Type": "Bitmap Heap Scan",
                  "Parent Relationship": "Outer",
                  "Parallel Aware": true,
                  "Relation Name": "movie_keyword",
                  "Alias": "mk",
                  "Startup Cost": 13291.66,
                  "Total Cost": 40271.79,
                  "Plan Rows": 202091,
                  "Plan Width": 0,
                  "Actual Startup Time": 55.01,
                  "Actual Total Time": 132.13,
                  "Actual Rows": 157058,
                  "Actual Loops": 4,
                  "Recheck Cond": "(keyword_id > 29220)",
                  "Rows Removed by Index Recheck": 0,
                  "Exact Heap Blocks": 10204,
                  "Lossy Heap Blocks": 0,
                  "Plans": [
                    {
                      "Node Type": "Bitmap Index Scan",
                      "Parent Relationship": "Outer",
                      "Parallel Aware": false,
                      "Index Name": "keyword_id_movie_keyword",
                      "Startup Cost": 0.0,
                      "Total Cost": 13135.04,
                      "Plan Rows": 626481,
                      "Plan Width": 0,
                      "Actual Startup Time": 55.65,
                      "Actual Total Time": 55.65,
                      "Actual Rows": 628230,
                      "Actual Loops": 1,
                      "Index Cond": "(keyword_id > 29220)"
                    }
                  ]
                }
              ]
            }
          ]
        }
      ]
    },
    "Planning Time": 0.188,
    "Triggers": [],
    "Execution Time": 155.457
  }
]