[
  {
    "Plan": {
      "Node Type": "Aggregate",
      "Strategy": "Plain",
      "Partial Mode": "Finalize",
      "Parallel Aware": false,
      "Startup Cost": 275738.81,
      "Total Cost": 275738.82,
      "Plan Rows": 1,
      "Plan Width": 8,
      "Actual Startup Time": 1153.439,
      "Actual Total Time": 1175.248,
      "Actual Rows": 1,
      "Actual Loops": 1,
      "Plans": [
        {
          "Node Type": "Gather",
          "Parent Relationship": "Outer",
          "Parallel Aware": false,
          "Startup Cost": 275738.49,
          "Total Cost": 275738.8,
          "Plan Rows": 3,
          "Plan Width": 8,
          "Actual Startup Time": 1142.537,
          "Actual Total Time": 1175.238,
          "Actual Rows": 4,
          "Actual Loops": 1,
          "Workers Planned": 3,
          "Workers Launched": 3,
          "Single Copy": false,
          "Plans": [
            {
              "Node Type": "Aggregate",
              "Strategy": "Plain",
              "Partial Mode": "Partial",
              "Parent Relationship": "Outer",
              "Parallel Aware": false,
              "Startup Cost": 274738.49,
              "Total Cost": 274738.5,
              "Plan Rows": 1,
              "Plan Width": 8,
              "Actual Startup Time": 1129.717,
              "Actual Total Time": 1129.836,
              "Actual Rows": 1,
              "Actual Loops": 4,
              "Plans": [
                {
                  "Node Type": "Hash Join",
                  "Parent Relationship": "Outer",
                  "Parallel Aware": true,
                  "Join Type": "Inner",
                  "Startup Cost": 241605.96,
                  "Total Cost": 273950.53,
                  "Plan Rows": 315185,
                  "Plan Width": 0,
                  "Actual Startup Time": 668.493,
                  "Actual Total Time": 1021.012,
                  "Actual Rows": 2852526,
                  "Actual Loops": 4,
                  "Inner Unique": false,
                  "Hash Cond": "(mc.movie_id = t.id)",
                  "Plans": [
                    {
                      "Node Type": "Seq Scan",
                      "Parent Relationship": "Outer",
                      "Parallel Aware": true,
                      "Relation Name": "movie_companies",
                      "Alias": "mc",
                      "Startup Cost": 0.0,
                      "Total Cost": 29310.68,
                      "Plan Rows": 640937,
                      "Plan Width": 4,
                      "Actual Startup Time": 0.171,
                      "Actual Total Time": 65.095,
                      "Actual Rows": 497353,
                      "Actual Loops": 4,
                      "Filter": "(company_id > 773)",
                      "Rows Removed by Filter": 154929
                    },
                    {
                      "Node Type": "Hash",
                      "Parent Relationship": "Inner",
                      "Parallel Aware": true,
                      "Startup Cost": 238497.7,
                      "Total Cost": 238497.7,
                      "Plan Rows": 248661,
                      "Plan Width": 8,
                      "Actual Startup Time": 660.683,
                      "Actual Total Time": 660.8,
                      "Actual Rows": 301177,
                      "Actual Loops": 4,
                      "Hash Buckets": 2097152,
                      "Original Hash Buckets": 2097152,
                      "Hash Batches": 1,
                      "Original Hash Batches": 1,
                      "Peak Memory Usage": 63584,
                      "Plans": [
                        {
                          "Node Type": "Hash Join",
                          "Parent Relationship": "Outer",
                          "Parallel Aware": true,
                          "Join Type": "Inner",
                          "Startup Cost": 72743.7,
                          "Total Cost": 238497.7,
                          "Plan Rows": 248661,
                          "Plan Width": 8,
                          "Actual Startup Time": 382.618,
                          "Actual Total Time": 562.618,
                          "Actual Rows": 301177,
                          "Actual Loops": 4,
                          "Inner Unique": true,
                          "Hash Cond": "(mi.movie_id = t.id)",
                          "Plans": [
                            {
                              "Node Type": "Bitmap Heap Scan",
                              "Parent Relationship": "Outer",
                              "Parallel Aware": true,
                              "Relation Name": "movie_info",
                              "Alias": "mi",
                              "Startup Cost": 22524.06,
                              "Total Cost": 187625.32,
                              "Plan Rows": 248661,
                              "Plan Width": 4,
                              "Actual Startup Time": 59.881,
                              "Actual Total Time": 128.822,
                              "Actual Rows": 301177,
                              "Actual Loops": 4,
                              "Recheck Cond": "(info_type_id > 18)",
                              "Rows Removed by Index Recheck": 0,
                              "Exact Heap Blocks": 10363,
                              "Lossy Heap Blocks": 0,
                              "Plans": [
                                {
                                  "Node Type": "Bitmap Index Scan",
                                  "Parent Relationship": "Outer",
                                  "Parallel Aware": false,
                                  "Index Name": "info_type_id_movie_info",
                                  "Startup Cost": 0.0,
                                  "Total Cost": 22213.23,
                                  "Plan Rows": 1243306,
                                  "Plan Width": 0,
                                  "Actual Startup Time": 54.12,
                                  "Actual Total Time": 54.121,
                                  "Actual Rows": 1204709,
                                  "Actual Loops": 1,
                                  "Index Cond": "(info_type_id > 18)"
                                }
                              ]
                            },
                            {
                              "Node Type": "Hash",
                              "Parent Relationship": "Inner",
                              "Parallel Aware": true,
                              "Startup Cost": 42318.73,
                              "Total Cost": 42318.73,
                              "Plan Rows": 632073,
                              "Plan Width": 4,
                              "Actual Startup Time": 316.191,
                              "Actual Total Time": 316.192,
                              "Actual Rows": 632078,
                              "Actual Loops": 4,
                              "Hash Buckets": 4194304,
                              "Original Hash Buckets": 4194304,
                              "Hash Batches": 1,
                              "Original Hash Batches": 1,
                              "Peak Memory Usage": 131744,
                              "Plans": [
                                {
                                  "Node Type": "Seq Scan",
                                  "Parent Relationship": "Outer",
                                  "Parallel Aware": true,
                                  "Relation Name": "title",
                                  "Alias": "t",
                                  "Startup Cost": 0.0,
                                  "Total Cost": 42318.73,
                                  "Plan Rows": 632073,
                                  "Plan Width": 4,
                                  "Actual Startup Time": 0.05,
                                  "Actual Total Time": 91.85,
                                  "Actual Rows": 632078,
                                  "Actual Loops": 4
                                }
                              ]
                            }
                          ]
                        }
                      ]
                    }
                  ]
                }
              ]
            }
          ]
        }
      ]
    },
    "Planning Time": 1.396,
    "Triggers": [],
    "Execution Time": 1175.354
  }
]