[
  {
    "Plan": {
      "Node Type": "Aggregate",
      "Strategy": "Plain",
      "Partial Mode": "Finalize",
      "Parallel Aware": false,
      "Startup Cost": 63997.33,
      "Total Cost": 63997.34,
      "Plan Rows": 1,
      "Plan Width": 8,
      "Actual Startup Time": 224.612,
      "Actual Total Time": 258.82,
      "Actual Rows": 1,
      "Actual Loops": 1,
      "Plans": [
        {
          "Node Type": "Gather",
          "Parent Relationship": "Outer",
          "Parallel Aware": false,
          "Startup Cost": 63997.02,
          "Total Cost": 63997.33,
          "Plan Rows": 3,
          "Plan Width": 8,
          "Actual Startup Time": 224.425,
          "Actual Total Time": 258.812,
          "Actual Rows": 4,
          "Actual Loops": 1,
          "Workers Planned": 3,
          "Workers Launched": 3,
          "Single Copy": false,
          "Plans": [
            {
              "Node Type": "Aggregate",
              "Strategy": "Plain",
              "Partial Mode": "Partial",
              "Parent Relationship": "Outer",
              "Parallel Aware": false,
              "Startup Cost": 62997.02,
              "Total Cost": 62997.03,
              "Plan Rows": 1,
              "Plan Width": 8,
              "Actual Startup Time": 214.689,
              "Actual Total Time": 214.691,
              "Actual Rows": 1,
              "Actual Loops": 4,
              "Plans": [
                {
                  "Node Type": "Nested Loop",
                  "Parent Relationship": "Outer",
                  "Parallel Aware": false,
                  "Join Type": "Inner",
                  "Startup Cost": 390.71,
                  "Total Cost": 62963.28,
                  "Plan Rows": 13496,
                  "Plan Width": 0,
                  "Actual Startup Time": 5.967,
                  "Actual Total Time": 206.689,
                  "Actual Rows": 147441,
                  "Actual Loops": 4,
                  "Inner Unique": false,
                  "Plans": [
                    {
                      "Node Type": "Nested Loop",
                      "Parent Relationship": "Outer",
                      "Parallel Aware": false,
                      "Join Type": "Inner",
                      "Startup Cost": 390.28,
                      "Total Cost": 57280.43,
                      "Plan Rows": 2308,
                      "Plan Width": 8,
                      "Actual Startup Time": 5.778,
                      "Actual Total Time": 52.837,
                      "Actual Rows": 5046,
                      "Actual Loops": 4,
                      "Inner Unique": true,
                      "Plans": [
                        {
                          "Node Type": "Bitmap Heap Scan",
                          "Parent Relationship": "Outer",
                          "Parallel Aware": true,
                          "Relation Name": "movie_keyword",
                          "Alias": "mk",
                          "Startup Cost": 389.85,
                          "Total Cost": 24231.11,
                          "Plan Rows": 5886,
                          "Plan Width": 4,
                          "Actual Startup Time": 5.612,
                          "Actual Total Time": 21.03,
                          "Actual Rows": 5130,
                          "Actual Loops": 4,
                          "Recheck Cond": "(keyword_id = 382)",
                          "Rows Removed by Index Recheck": 0,
                          "Exact Heap Blocks": 4789,
                          "Lossy Heap Blocks": 0,
                          "Plans": [
                            {
                              "Node Type": "Bitmap Index Scan",
                              "Parent Relationship": "Outer",
                              "Parallel Aware": false,
                              "Index Name": "keyword_id_movie_keyword",
                              "Startup Cost": 0.0,
                              "Total Cost": 385.28,
                              "Plan Rows": 18247,
                              "Plan Width": 0,
                              "Actual Startup Time": 9.33,
                              "Actual Total Time": 9.331,
                              "Actual Rows": 20522,
                              "Actual Loops": 1,
                              "Index Cond": "(keyword_id = 382)"
                            }
                          ]
                        },
                        {
                          "Node Type": "Index Scan",
                          "Parent Relationship": "Inner",
                          "Parallel Aware": false,
                          "Scan Direction": "Forward",
                          "Index Name": "title_pkey",
                          "Relation Name": "title",
                          "Alias": "t",
                          "Startup Cost": 0.43,
                          "Total Cost": 5.61,
                          "Plan Rows": 1,
                          "Plan Width": 4,
                          "Actual Startup Time": 0.006,
                          "Actual Total Time": 0.006,
                          "Actual Rows": 1,
                          "Actual Loops": 20522,
                          "Index Cond": "(id = mk.movie_id)",
                          "Rows Removed by Index Recheck": 0,
                          "Filter": "(kind_id < 7)",
                          "Rows Removed by Filter": 0
                        }
                      ]
                    },
                    {
                      "Node Type": "Index Only Scan",
                      "Parent Relationship": "Inner",
                      "Parallel Aware": false,
                      "Scan Direction": "Forward",
                      "Index Name": "movie_id_movie_info",
                      "Relation Name": "movie_info",
                      "Alias": "mi",
                      "Startup Cost": 0.43,
                      "Total Cost": 2.04,
                      "Plan Rows": 42,
                      "Plan Width": 4,
                      "Actual Startup Time": 0.007,
                      "Actual Total Time": 0.028,
                      "Actual Rows": 29,
                      "Actual Loops": 20185,
                      "Index Cond": "(movie_id = t.id)",
                      "Rows Removed by Index Recheck": 0,
                      "Heap Fetches": 589763
                    }
                  ]
                }
              ]
            }
          ]
        }
      ]
    },
    "Planning Time": 1.455,
    "Triggers": [],
    "Execution Time": 258.932
  }
]