[
  {
    "Plan": {
      "Node Type": "Aggregate",
      "Strategy": "Plain",
      "Partial Mode": "Finalize",
      "Parallel Aware": false,
      "Startup Cost": 434227.25,
      "Total Cost": 434227.26,
      "Plan Rows": 1,
      "Plan Width": 8,
      "Actual Startup Time": 856.004,
      "Actual Total Time": 890.927,
      "Actual Rows": 1,
      "Actual Loops": 1,
      "Plans": [
        {
          "Node Type": "Gather",
          "Parent Relationship": "Outer",
          "Parallel Aware": false,
          "Startup Cost": 434226.73,
          "Total Cost": 434227.24,
          "Plan Rows": 5,
          "Plan Width": 8,
          "Actual Startup Time": 849.584,
          "Actual Total Time": 890.919,
          "Actual Rows": 6,
          "Actual Loops": 1,
          "Workers Planned": 5,
          "Workers Launched": 5,
          "Single Copy": false,
          "Plans": [
            {
              "Node Type": "Aggregate",
              "Strategy": "Plain",
              "Partial Mode": "Partial",
              "Parent Relationship": "Outer",
              "Parallel Aware": false,
              "Startup Cost": 433226.73,
              "Total Cost": 433226.74,
              "Plan Rows": 1,
              "Plan Width": 8,
              "Actual Startup Time": 842.077,
              "Actual Total Time": 842.081,
              "Actual Rows": 1,
              "Actual Loops": 6,
              "Plans": [
                {
                  "Node Type": "Nested Loop",
                  "Parent Relationship": "Outer",
                  "Parallel Aware": false,
                  "Join Type": "Inner",
                  "Startup Cost": 71375.8,
                  "Total Cost": 432014.23,
                  "Plan Rows": 484998,
                  "Plan Width": 0,
                  "Actual Startup Time": 155.503,
                  "Actual Total Time": 824.518,
                  "Actual Rows": 328831,
                  "Actual Loops": 6,
                  "Inner Unique": false,
                  "Join Filter": "(t.id = ci.movie_id)",
                  "Rows Removed by Join Filter": 0,
                  "Plans": [
                    {
                      "Node Type": "Hash Join",
                      "Parent Relationship": "Outer",
                      "Parallel Aware": true,
                      "Join Type": "Inner",
                      "Startup Cost": 71375.24,
                      "Total Cost": 237327.29,
                      "Plan Rows": 71579,
                      "Plan Width": 8,
                      "Actual Startup Time": 155.331,
                      "Actual Total Time": 242.76,
                      "Actual Rows": 35468,
                      "Actual Loops": 6,
                      "Inner Unique": true,
                      "Hash Cond": "(mi.movie_id = t.id)",
                      "Plans": [
                        {
                          "Node Type": "Bitmap Heap Scan",
                          "Parent Relationship": "Outer",
                          "Parallel Aware": true,
                          "Relation Name": "movie_info",
                          "Alias": "mi",
                          "Startup Cost": 23735.46,
                          "Total Cost": 189000.4,
                          "Plan Rows": 261755,
                          "Plan Width": 4,
                          "Actual Startup Time": 45.127,
                          "Actual Total Time": 68.554,
                          "Actual Rows": 214821,
                          "Actual Loops": 6,
                          "Recheck Cond": "(info_type_id = 2)",
                          "Rows Removed by Index Recheck": 0,
                          "Exact Heap Blocks": 1699,
                          "Lossy Heap Blocks": 0,
                          "Plans": [
                            {
                              "Node Type": "Bitmap Index Scan",
                              "Parent Relationship": "Outer",
                              "Parallel Aware": false,
                              "Index Name": "info_type_id_movie_info",
                              "Startup Cost": 0.0,
                              "Total Cost": 23408.26,
                              "Plan Rows": 1308777,
                              "Plan Width": 0,
                              "Actual Startup Time": 43.738,
                              "Actual Total Time": 43.739,
                              "Actual Rows": 1288928,
                              "Actual Loops": 1,
                              "Index Cond": "(info_type_id = 2)"
                            }
                          ]
                        },
                        {
                          "Node Type": "Hash",
                          "Parent Relationship": "Inner",
                          "Parallel Aware": true,
                          "Startup Cost": 45479.21,
                          "Total Cost": 45479.21,
                          "Plan Rows": 172846,
                          "Plan Width": 4,
                          "Actual Startup Time": 108.198,
                          "Actual Total Time": 108.198,
                          "Actual Rows": 100676,
                          "Actual Loops": 6,
                          "Hash Buckets": 1048576,
                          "Original Hash Buckets": 1048576,
                          "Hash Batches": 1,
                          "Original Hash Batches": 1,
                          "Peak Memory Usage": 31904,
                          "Plans": [
                            {
                              "Node Type": "Seq Scan",
                              "Parent Relationship": "Outer",
                              "Parallel Aware": true,
                              "Relation Name": "title",
                              "Alias": "t",
                              "Startup Cost": 0.0,
                              "Total Cost": 45479.21,
                              "Plan Rows": 172846,
                              "Plan Width": 4,
                              "Actual Startup Time": 0.028,
                              "Actual Total Time": 70.689,
                              "Actual Rows": 100676,
                              "Actual Loops": 6,
                              "Filter": "((kind_id > 4) AND (production_year < 2002))",
                              "Rows Removed by Filter": 320709
                            }
                          ]
                        }
                      ]
                    },
                    {
                      "Node Type": "Index Scan",
                      "Parent Relationship": "Inner",
                      "Parallel Aware": false,
                      "Scan Direction": "Forward",
                      "Index Name": "movie_id_cast_info",
                      "Relation Name": "cast_info",
                      "Alias": "ci",
                      "Startup Cost": 0.56,
                      "Total Cost": 2.49,
                      "Plan Rows": 18,
                      "Plan Width": 4,
                      "Actual Startup Time": 0.004,
                      "Actual Total Time": 0.015,
                      "Actual Rows": 9,
                      "Actual Loops": 212808,
                      "Index Cond": "(movie_id = mi.movie_id)",
                      "Rows Removed by Index Recheck": 0,
                      "Filter": "(person_id < 1683818)",
                      "Rows Removed by Filter": 9
                    }
                  ]
                }
              ]
            }
          ]
        }
      ]
    },
    "Planning Time": 0.417,
    "Triggers": [],
    "Execution Time": 890.988
  }
]