{
  "Plan": {
    "Node Type": "Aggregate",
    "Strategy": "Plain",
    "Partial Mode": "Finalize",
    "Parallel Aware": false,
    "Startup Cost": 134711.36,
    "Total Cost": 134711.37,
    "Plan Rows": 1,
    "Plan Width": 8,
    "Actual Startup Time": 1076.516,
    "Actual Total Time": 1098.254,
    "Actual Rows": 1,
    "Actual Loops": 1,
    "Plans": [
      {
        "Node Type": "Gather",
        "Parent Relationship": "Outer",
        "Parallel Aware": false,
        "Startup Cost": 134711.25,
        "Total Cost": 134711.36,
        "Plan Rows": 1,
        "Plan Width": 8,
        "Actual Startup Time": 1069.914,
        "Actual Total Time": 1098.245,
        "Actual Rows": 2,
        "Actual Loops": 1,
        "Workers Planned": 1,
        "Workers Launched": 1,
        "Single Copy": false,
        "Plans": [
          {
            "Node Type": "Aggregate",
            "Strategy": "Plain",
            "Partial Mode": "Partial",
            "Parent Relationship": "Outer",
            "Parallel Aware": false,
            "Startup Cost": 133711.25,
            "Total Cost": 133711.26,
            "Plan Rows": 1,
            "Plan Width": 8,
            "Actual Startup Time": 1058.749,
            "Actual Total Time": 1058.753,
            "Actual Rows": 1,
            "Actual Loops": 2,
            "Plans": [
              {
                "Node Type": "Hash Join",
                "Parent Relationship": "Outer",
                "Parallel Aware": true,
                "Join Type": "Inner",
                "Startup Cost": 72354.75,
                "Total Cost": 131977.65,
                "Plan Rows": 693439,
                "Plan Width": 0,
                "Actual Startup Time": 664.318,
                "Actual Total Time": 1029.78,
                "Actual Rows": 614063,
                "Actual Loops": 2,
                "Inner Unique": true,
                "Hash Cond": "(mk.movie_id = t.id)",
                "Plans": [
                  {
                    "Node Type": "Seq Scan",
                    "Parent Relationship": "Outer",
                    "Parallel Aware": true,
                    "Relation Name": "movie_keyword",
                    "Alias": "mk",
                    "Startup Cost": 0.0,
                    "Total Cost": 57718.19,
                    "Plan Rows": 725602,
                    "Plan Width": 4,
                    "Actual Startup Time": 0.024,
                    "Actual Total Time": 199.726,
                    "Actual Rows": 619778,
                    "Actual Loops": 2,
                    "Filter": "(keyword_id < 1578)",
                    "Rows Removed by Filter": 1642188
                  },
                  {
                    "Node Type": "Hash",
                    "Parent Relationship": "Inner",
                    "Parallel Aware": true,
                    "Startup Cost": 54588.39,
                    "Total Cost": 54588.39,
                    "Plan Rows": 1421309,
                    "Plan Width": 4,
                    "Actual Startup Time": 642.822,
                    "Actual Total Time": 642.823,
                    "Actual Rows": 1206699,
                    "Actual Loops": 2,
                    "Hash Buckets": 4194304,
                    "Original Hash Buckets": 4194304,
                    "Hash Batches": 1,
                    "Original Hash Batches": 1,
                    "Peak Memory Usage": 127200,
                    "Plans": [
                      {
                        "Node Type": "Seq Scan",
                        "Parent Relationship": "Outer",
                        "Parallel Aware": true,
                        "Relation Name": "title",
                        "Alias": "t",
                        "Startup Cost": 0.0,
                        "Total Cost": 54588.39,
                        "Plan Rows": 1421309,
                        "Plan Width": 4,
                        "Actual Startup Time": 0.049,
                        "Actual Total Time": 219.264,
                        "Actual Rows": 1206699,
                        "Actual Loops": 2,
                        "Filter": "(production_year > 1912)",
                        "Rows Removed by Filter": 57457
                      }
                    ]
                  }
                ]
              }
            ]
          }
        ]
      }
    ]
  },
  "Planning Time": 0.49,
  "Triggers": [],
  "Execution Time": 1098.327
}