{
    "Plan": {
        "Node Type": "Aggregate",
        "Strategy": "Plain",
        "Partial Mode": "Finalize",
        "Parallel Aware": false,
        "Startup Cost": 207577.59,
        "Total Cost": 207577.6,
        "Plan Rows": 1,
        "Plan Width": 8,
        "Actual Startup Time": 3409.238,
        "Actual Total Time": 3476.348,
        "Actual Rows": 1,
        "Actual Loops": 1,
        "Output": [
            "count(*)"
        ],
        "Plans": [
            {
                "Node Type": "Gather",
                "Parent Relationship": "Outer",
                "Parallel Aware": false,
                "Startup Cost": 207577.27,
                "Total Cost": 207577.58,
                "Plan Rows": 3,
                "Plan Width": 8,
                "Actual Startup Time": 3407.695,
                "Actual Total Time": 3476.339,
                "Actual Rows": 4,
                "Actual Loops": 1,
                "Output": [
                    "(PARTIAL count(*))"
                ],
                "Workers Planned": 3,
                "Workers Launched": 3,
                "Single Copy": false,
                "Plans": [
                    {
                        "Node Type": "Aggregate",
                        "Strategy": "Plain",
                        "Partial Mode": "Partial",
                        "Parent Relationship": "Outer",
                        "Parallel Aware": false,
                        "Startup Cost": 206577.27,
                        "Total Cost": 206577.28,
                        "Plan Rows": 1,
                        "Plan Width": 8,
                        "Actual Startup Time": 3398.238,
                        "Actual Total Time": 3398.307,
                        "Actual Rows": 1,
                        "Actual Loops": 4,
                        "Output": [
                            "PARTIAL count(*)"
                        ],
                        "Workers": [
                            {
                                "Worker Number": 0,
                                "Actual Startup Time": 3395.766,
                                "Actual Total Time": 3395.769,
                                "Actual Rows": 1,
                                "Actual Loops": 1
                            },
                            {
                                "Worker Number": 1,
                                "Actual Startup Time": 3395.179,
                                "Actual Total Time": 3395.182,
                                "Actual Rows": 1,
                                "Actual Loops": 1
                            },
                            {
                                "Worker Number": 2,
                                "Actual Startup Time": 3395.054,
                                "Actual Total Time": 3395.056,
                                "Actual Rows": 1,
                                "Actual Loops": 1
                            }
                        ],
                        "Plans": [
                            {
                                "Node Type": "Nested Loop",
                                "Parent Relationship": "Outer",
                                "Parallel Aware": false,
                                "Join Type": "Inner",
                                "Startup Cost": 45881.0,
                                "Total Cost": 204719.07,
                                "Plan Rows": 743281,
                                "Plan Width": 0,
                                "Actual Startup Time": 125.869,
                                "Actual Total Time": 3182.432,
                                "Actual Rows": 4932440,
                                "Actual Loops": 4,
                                "Inner Unique": false,
                                "Join Filter": "(t.id = ci.movie_id)",
                                "Rows Removed by Join Filter": 0,
                                "Workers": [
                                    {
                                        "Worker Number": 0,
                                        "Actual Startup Time": 122.102,
                                        "Actual Total Time": 3184.221,
                                        "Actual Rows": 4977480,
                                        "Actual Loops": 1
                                    },
                                    {
                                        "Worker Number": 1,
                                        "Actual Startup Time": 123.088,
                                        "Actual Total Time": 3174.635,
                                        "Actual Rows": 4172075,
                                        "Actual Loops": 1
                                    },
                                    {
                                        "Worker Number": 2,
                                        "Actual Startup Time": 123.093,
                                        "Actual Total Time": 3180.976,
                                        "Actual Rows": 5119997,
                                        "Actual Loops": 1
                                    }
                                ],
                                "Plans": [
                                    {
                                        "Node Type": "Hash Join",
                                        "Parent Relationship": "Outer",
                                        "Parallel Aware": true,
                                        "Join Type": "Inner",
                                        "Startup Cost": 45880.43,
                                        "Total Cost": 91255.67,
                                        "Plan Rows": 51837,
                                        "Plan Width": 8,
                                        "Actual Startup Time": 125.734,
                                        "Actual Total Time": 342.957,
                                        "Actual Rows": 142150,
                                        "Actual Loops": 4,
                                        "Output": [
                                            "t.id",
                                            "mk.movie_id"
                                        ],
                                        "Inner Unique": true,
                                        "Hash Cond": "(mk.movie_id = t.id)",
                                        "Workers": [
                                            {
                                                "Worker Number": 0,
                                                "Actual Startup Time": 121.972,
                                                "Actual Total Time": 335.751,
                                                "Actual Rows": 142215,
                                                "Actual Loops": 1
                                            },
                                            {
                                                "Worker Number": 1,
                                                "Actual Startup Time": 122.815,
                                                "Actual Total Time": 333.242,
                                                "Actual Rows": 118952,
                                                "Actual Loops": 1
                                            },
                                            {
                                                "Worker Number": 2,
                                                "Actual Startup Time": 122.979,
                                                "Actual Total Time": 347.698,
                                                "Actual Rows": 150470,
                                                "Actual Loops": 1
                                            }
                                        ],
                                        "Plans": [
                                            {
                                                "Node Type": "Seq Scan",
                                                "Parent Relationship": "Outer",
                                                "Parallel Aware": true,
                                                "Relation Name": "movie_keyword",
                                                "Schema": "public",
                                                "Alias": "mk",
                                                "Startup Cost": 0.0,
                                                "Total Cost": 42695.65,
                                                "Plan Rows": 1020795,
                                                "Plan Width": 4,
                                                "Actual Startup Time": 0.079,
                                                "Actual Total Time": 117.981,
                                                "Actual Rows": 789715,
                                                "Actual Loops": 4,
                                                "Output": [
                                                    "mk.id",
                                                    "mk.movie_id",
                                                    "mk.keyword_id"
                                                ],
                                                "Filter": "(mk.keyword_id > 1780)",
                                                "Rows Removed by Filter": 341268,
                                                "Workers": [
                                                    {
                                                        "Worker Number": 0,
                                                        "Actual Startup Time": 0.07,
                                                        "Actual Total Time": 116.517,
                                                        "Actual Rows": 758674,
                                                        "Actual Loops": 1
                                                    },
                                                    {
                                                        "Worker Number": 1,
                                                        "Actual Startup Time": 0.072,
                                                        "Actual Total Time": 116.558,
                                                        "Actual Rows": 596443,
                                                        "Actual Loops": 1
                                                    },
                                                    {
                                                        "Worker Number": 2,
                                                        "Actual Startup Time": 0.08,
                                                        "Actual Total Time": 124.235,
                                                        "Actual Rows": 850132,
                                                        "Actual Loops": 1
                                                    }
                                                ]
                                            },
                                            {
                                                "Node Type": "Hash",
                                                "Parent Relationship": "Inner",
                                                "Parallel Aware": true,
                                                "Startup Cost": 45479.21,
                                                "Total Cost": 45479.21,
                                                "Plan Rows": 32098,
                                                "Plan Width": 4,
                                                "Actual Startup Time": 123.439,
                                                "Actual Total Time": 123.44,
                                                "Actual Rows": 56977,
                                                "Actual Loops": 4,
                                                "Output": [
                                                    "t.id"
                                                ],
                                                "Hash Buckets": 262144,
                                                "Original Hash Buckets": 131072,
                                                "Hash Batches": 1,
                                                "Original Hash Batches": 1,
                                                "Peak Memory Usage": 12096,
                                                "Workers": [
                                                    {
                                                        "Worker Number": 0,
                                                        "Actual Startup Time": 121.431,
                                                        "Actual Total Time": 121.431,
                                                        "Actual Rows": 54836,
                                                        "Actual Loops": 1
                                                    },
                                                    {
                                                        "Worker Number": 1,
                                                        "Actual Startup Time": 121.536,
                                                        "Actual Total Time": 121.537,
                                                        "Actual Rows": 39370,
                                                        "Actual Loops": 1
                                                    },
                                                    {
                                                        "Worker Number": 2,
                                                        "Actual Startup Time": 122.214,
                                                        "Actual Total Time": 122.215,
                                                        "Actual Rows": 60550,
                                                        "Actual Loops": 1
                                                    }
                                                ],
                                                "Plans": [
                                                    {
                                                        "Node Type": "Seq Scan",
                                                        "Parent Relationship": "Outer",
                                                        "Parallel Aware": true,
                                                        "Relation Name": "title",
                                                        "Schema": "public",
                                                        "Alias": "t",
                                                        "Startup Cost": 0.0,
                                                        "Total Cost": 45479.21,
                                                        "Plan Rows": 32098,
                                                        "Plan Width": 4,
                                                        "Actual Startup Time": 0.155,
                                                        "Actual Total Time": 100.224,
                                                        "Actual Rows": 56977,
                                                        "Actual Loops": 4,
                                                        "Output": [
                                                            "t.id"
                                                        ],
                                                        "Filter": "((t.kind_id < 7) AND (t.production_year < 1967))",
                                                        "Rows Removed by Filter": 575101,
                                                        "Workers": [
                                                            {
                                                                "Worker Number": 0,
                                                                "Actual Startup Time": 0.135,
                                                                "Actual Total Time": 98.412,
                                                                "Actual Rows": 54836,
                                                                "Actual Loops": 1
                                                            },
                                                            {
                                                                "Worker Number": 1,
                                                                "Actual Startup Time": 0.076,
                                                                "Actual Total Time": 99.127,
                                                                "Actual Rows": 39370,
                                                                "Actual Loops": 1
                                                            },
                                                            {
                                                                "Worker Number": 2,
                                                                "Actual Startup Time": 0.145,
                                                                "Actual Total Time": 99.31,
                                                                "Actual Rows": 60550,
                                                                "Actual Loops": 1
                                                            }
                                                        ]
                                                    }
                                                ]
                                            }
                                        ]
                                    },
                                    {
                                        "Node Type": "Index Only Scan",
                                        "Parent Relationship": "Inner",
                                        "Parallel Aware": false,
                                        "Scan Direction": "Forward",
                                        "Index Name": "movie_id_cast_info",
                                        "Relation Name": "cast_info",
                                        "Schema": "public",
                                        "Alias": "ci",
                                        "Startup Cost": 0.56,
                                        "Total Cost": 1.71,
                                        "Plan Rows": 38,
                                        "Plan Width": 4,
                                        "Actual Startup Time": 0.003,
                                        "Actual Total Time": 0.017,
                                        "Actual Rows": 35,
                                        "Actual Loops": 568602,
                                        "Output": [
                                            "ci.movie_id"
                                        ],
                                        "Index Cond": "(ci.movie_id = mk.movie_id)",
                                        "Rows Removed by Index Recheck": 0,
                                        "Heap Fetches": 19729758,
                                        "Workers": [
                                            {
                                                "Worker Number": 0,
                                                "Actual Startup Time": 0.003,
                                                "Actual Total Time": 0.017,
                                                "Actual Rows": 35,
                                                "Actual Loops": 142215
                                            },
                                            {
                                                "Worker Number": 1,
                                                "Actual Startup Time": 0.004,
                                                "Actual Total Time": 0.02,
                                                "Actual Rows": 35,
                                                "Actual Loops": 118952
                                            },
                                            {
                                                "Worker Number": 2,
                                                "Actual Startup Time": 0.003,
                                                "Actual Total Time": 0.016,
                                                "Actual Rows": 34,
                                                "Actual Loops": 150470
                                            }
                                        ]
                                    }
                                ]
                            }
                        ]
                    }
                ]
            }
        ]
    },
    "Planning Time": 1.495,
    "Triggers": [],
    "Execution Time": 3476.503
}