[
  {
    "Plan": {
      "Node Type": "Aggregate",
      "Strategy": "Plain",
      "Partial Mode": "Finalize",
      "Parallel Aware": false,
      "Startup Cost": 78952.58,
      "Total Cost": 78952.59,
      "Plan Rows": 1,
      "Plan Width": 8,
      "Actual Startup Time": 198.986,
      "Actual Total Time": 216.529,
      "Actual Rows": 1,
      "Actual Loops": 1,
      "Plans": [
        {
          "Node Type": "Gather",
          "Parent Relationship": "Outer",
          "Parallel Aware": false,
          "Startup Cost": 78952.26,
          "Total Cost": 78952.57,
          "Plan Rows": 3,
          "Plan Width": 8,
          "Actual Startup Time": 198.305,
          "Actual Total Time": 216.52,
          "Actual Rows": 4,
          "Actual Loops": 1,
          "Workers Planned": 3,
          "Workers Launched": 3,
          "Single Copy": false,
          "Plans": [
            {
              "Node Type": "Aggregate",
              "Strategy": "Plain",
              "Partial Mode": "Partial",
              "Parent Relationship": "Outer",
              "Parallel Aware": false,
              "Startup Cost": 77952.26,
              "Total Cost": 77952.27,
              "Plan Rows": 1,
              "Plan Width": 8,
              "Actual Startup Time": 189.293,
              "Actual Total Time": 189.298,
              "Actual Rows": 1,
              "Actual Loops": 4,
              "Plans": [
                {
                  "Node Type": "Hash Join",
                  "Parent Relationship": "Outer",
                  "Parallel Aware": true,
                  "Join Type": "Inner",
                  "Startup Cost": 46008.95,
                  "Total Cost": 77920.53,
                  "Plan Rows": 12691,
                  "Plan Width": 0,
                  "Actual Startup Time": 143.614,
                  "Actual Total Time": 189.035,
                  "Actual Rows": 5468,
                  "Actual Loops": 4,
                  "Inner Unique": true,
                  "Hash Cond": "(mc.movie_id = t.id)",
                  "Plans": [
                    {
                      "Node Type": "Seq Scan",
                      "Parent Relationship": "Outer",
                      "Parallel Aware": true,
                      "Relation Name": "movie_companies",
                      "Alias": "mc",
                      "Startup Cost": 0.0,
                      "Total Cost": 31414.82,
                      "Plan Rows": 189245,
                      "Plan Width": 4,
                      "Actual Startup Time": 29.768,
                      "Actual Total Time": 58.906,
                      "Actual Rows": 93926,
                      "Actual Loops": 4,
                      "Filter": "((company_id < 9129) AND (company_type_id = 2))",
                      "Rows Removed by Filter": 558356
                    },
                    {
                      "Node Type": "Hash",
                      "Parent Relationship": "Inner",
                      "Parallel Aware": true,
                      "Startup Cost": 45479.1,
                      "Total Cost": 45479.1,
                      "Plan Rows": 42388,
                      "Plan Width": 4,
                      "Actual Startup Time": 111.246,
                      "Actual Total Time": 111.246,
                      "Actual Rows": 42517,
                      "Actual Loops": 4,
                      "Hash Buckets": 262144,
                      "Original Hash Buckets": 262144,
                      "Hash Batches": 1,
                      "Original Hash Batches": 1,
                      "Peak Memory Usage": 8736,
                      "Plans": [
                        {
                          "Node Type": "Seq Scan",
                          "Parent Relationship": "Outer",
                          "Parallel Aware": true,
                          "Relation Name": "title",
                          "Alias": "t",
                          "Startup Cost": 0.0,
                          "Total Cost": 45479.1,
                          "Plan Rows": 42388,
                          "Plan Width": 4,
                          "Actual Startup Time": 0.044,
                          "Actual Total Time": 95.824,
                          "Actual Rows": 42517,
                          "Actual Loops": 4,
                          "Filter": "((kind_id > 1) AND (production_year > 2011))",
                          "Rows Removed by Filter": 589561
                        }
                      ]
                    }
                  ]
                }
              ]
            }
          ]
        }
      ]
    },
    "Planning Time": 0.641,
    "Triggers": [],
    "Execution Time": 216.603
  }
]