[
  {
    "Plan": {
      "Node Type": "Aggregate",
      "Strategy": "Plain",
      "Partial Mode": "Finalize",
      "Parallel Aware": false,
      "Startup Cost": 32185.7,
      "Total Cost": 32185.71,
      "Plan Rows": 1,
      "Plan Width": 8,
      "Actual Startup Time": 105.95,
      "Actual Total Time": 112.944,
      "Actual Rows": 1,
      "Actual Loops": 1,
      "Plans": [
        {
          "Node Type": "Gather",
          "Parent Relationship": "Outer",
          "Parallel Aware": false,
          "Startup Cost": 32185.39,
          "Total Cost": 32185.7,
          "Plan Rows": 3,
          "Plan Width": 8,
          "Actual Startup Time": 105.833,
          "Actual Total Time": 112.936,
          "Actual Rows": 4,
          "Actual Loops": 1,
          "Workers Planned": 3,
          "Workers Launched": 3,
          "Single Copy": false,
          "Plans": [
            {
              "Node Type": "Aggregate",
              "Strategy": "Plain",
              "Partial Mode": "Partial",
              "Parent Relationship": "Outer",
              "Parallel Aware": false,
              "Startup Cost": 31185.39,
              "Total Cost": 31185.4,
              "Plan Rows": 1,
              "Plan Width": 8,
              "Actual Startup Time": 100.838,
              "Actual Total Time": 100.839,
              "Actual Rows": 1,
              "Actual Loops": 4,
              "Plans": [
                {
                  "Node Type": "Seq Scan",
                  "Parent Relationship": "Outer",
                  "Parallel Aware": true,
                  "Relation Name": "movie_companies",
                  "Alias": "mc",
                  "Startup Cost": 0.0,
                  "Total Cost": 29310.68,
                  "Plan Rows": 749882,
                  "Plan Width": 0,
                  "Actual Startup Time": 0.044,
                  "Actual Total Time": 75.965,
                  "Actual Rows": 582562,
                  "Actual Loops": 4,
                  "Filter": "(company_id > 149)",
                  "Rows Removed by Filter": 69720
                }
              ]
            }
          ]
        }
      ]
    },
    "Planning Time": 0.091,
    "Triggers": [],
    "Execution Time": 112.974
  }
]