[
  {
    "Plan": {
      "Node Type": "Aggregate",
      "Strategy": "Plain",
      "Partial Mode": "Simple",
      "Parallel Aware": false,
      "Startup Cost": 11981.41,
      "Total Cost": 11981.42,
      "Plan Rows": 1,
      "Plan Width": 8,
      "Actual Startup Time": 7.119,
      "Actual Total Time": 7.12,
      "Actual Rows": 1,
      "Actual Loops": 1,
      "Plans": [
        {
          "Node Type": "Bitmap Heap Scan",
          "Parent Relationship": "Outer",
          "Parallel Aware": false,
          "Relation Name": "movie_companies",
          "Alias": "mc",
          "Startup Cost": 117.56,
          "Total Cost": 11974.52,
          "Plan Rows": 2756,
          "Plan Width": 0,
          "Actual Startup Time": 6.665,
          "Actual Total Time": 7.086,
          "Actual Rows": 266,
          "Actual Loops": 1,
          "Recheck Cond": "(company_id = 1709)",
          "Rows Removed by Index Recheck": 0,
          "Filter": "(company_type_id > 1)",
          "Rows Removed by Filter": 4898,
          "Exact Heap Blocks": 3075,
          "Lossy Heap Blocks": 0,
          "Plans": [
            {
              "Node Type": "Bitmap Index Scan",
              "Parent Relationship": "Outer",
              "Parallel Aware": false,
              "Index Name": "company_id_movie_companies",
              "Startup Cost": 0.0,
              "Total Cost": 116.87,
              "Plan Rows": 5392,
              "Plan Width": 0,
              "Actual Startup Time": 0.939,
              "Actual Total Time": 0.94,
              "Actual Rows": 5164,
              "Actual Loops": 1,
              "Index Cond": "(company_id = 1709)"
            }
          ]
        }
      ]
    },
    "Planning Time": 0.081,
    "Triggers": [],
    "Execution Time": 7.15
  }
]