[
  {
    "Plan": {
      "Node Type": "Aggregate",
      "Strategy": "Plain",
      "Partial Mode": "Simple",
      "Parallel Aware": false,
      "Startup Cost": 11366.8,
      "Total Cost": 11366.81,
      "Plan Rows": 1,
      "Plan Width": 8,
      "Actual Startup Time": 13.26,
      "Actual Total Time": 13.262,
      "Actual Rows": 1,
      "Actual Loops": 1,
      "Plans": [
        {
          "Node Type": "Bitmap Heap Scan",
          "Parent Relationship": "Outer",
          "Parallel Aware": false,
          "Relation Name": "movie_companies",
          "Alias": "mc",
          "Startup Cost": 110.24,
          "Total Cost": 11360.51,
          "Plan Rows": 2517,
          "Plan Width": 0,
          "Actual Startup Time": 12.461,
          "Actual Total Time": 13.204,
          "Actual Rows": 266,
          "Actual Loops": 1,
          "Recheck Cond": "(company_id = 1709)",
          "Rows Removed by Index Recheck": 0,
          "Filter": "(company_type_id > 1)",
          "Rows Removed by Filter": 4898,
          "Exact Heap Blocks": 3075,
          "Lossy Heap Blocks": 0,
          "Plans": [
            {
              "Node Type": "Bitmap Index Scan",
              "Parent Relationship": "Outer",
              "Parallel Aware": false,
              "Index Name": "company_id_movie_companies",
              "Startup Cost": 0.0,
              "Total Cost": 109.61,
              "Plan Rows": 4957,
              "Plan Width": 0,
              "Actual Startup Time": 1.735,
              "Actual Total Time": 1.735,
              "Actual Rows": 5164,
              "Actual Loops": 1,
              "Index Cond": "(company_id = 1709)"
            }
          ]
        }
      ]
    },
    "Planning Time": 0.18,
    "Triggers": [],
    "Execution Time": 13.324
  }
]