[
  {
    "Plan": {
      "Node Type": "Aggregate",
      "Strategy": "Plain",
      "Partial Mode": "Finalize",
      "Parallel Aware": false,
      "Startup Cost": 44945.83,
      "Total Cost": 44945.84,
      "Plan Rows": 1,
      "Plan Width": 8,
      "Actual Startup Time": 132.436,
      "Actual Total Time": 139.208,
      "Actual Rows": 1,
      "Actual Loops": 1,
      "Plans": [
        {
          "Node Type": "Gather",
          "Parent Relationship": "Outer",
          "Parallel Aware": false,
          "Startup Cost": 44945.52,
          "Total Cost": 44945.83,
          "Plan Rows": 3,
          "Plan Width": 8,
          "Actual Startup Time": 132.32,
          "Actual Total Time": 139.2,
          "Actual Rows": 4,
          "Actual Loops": 1,
          "Workers Planned": 3,
          "Workers Launched": 3,
          "Single Copy": false,
          "Plans": [
            {
              "Node Type": "Aggregate",
              "Strategy": "Plain",
              "Partial Mode": "Partial",
              "Parent Relationship": "Outer",
              "Parallel Aware": false,
              "Startup Cost": 43945.52,
              "Total Cost": 43945.53,
              "Plan Rows": 1,
              "Plan Width": 8,
              "Actual Startup Time": 127.152,
              "Actual Total Time": 127.153,
              "Actual Rows": 1,
              "Actual Loops": 4,
              "Plans": [
                {
                  "Node Type": "Seq Scan",
                  "Parent Relationship": "Outer",
                  "Parallel Aware": true,
                  "Relation Name": "movie_keyword",
                  "Alias": "mk",
                  "Startup Cost": 0.0,
                  "Total Cost": 42695.65,
                  "Plan Rows": 499945,
                  "Plan Width": 0,
                  "Actual Startup Time": 0.557,
                  "Actual Total Time": 107.604,
                  "Actual Rows": 384573,
                  "Actual Loops": 4,
                  "Filter": "(keyword_id > 10322)",
                  "Rows Removed by Filter": 746410
                }
              ]
            }
          ]
        }
      ]
    },
    "Planning Time": 0.144,
    "Triggers": [],
    "Execution Time": 139.254
  }
]