[
  {
    "Plan": {
      "Node Type": "Aggregate",
      "Strategy": "Plain",
      "Partial Mode": "Finalize",
      "Parallel Aware": false,
      "Startup Cost": 32665.87,
      "Total Cost": 32665.88,
      "Plan Rows": 1,
      "Plan Width": 8,
      "Actual Startup Time": 102.536,
      "Actual Total Time": 111.121,
      "Actual Rows": 1,
      "Actual Loops": 1,
      "Plans": [
        {
          "Node Type": "Gather",
          "Parent Relationship": "Outer",
          "Parallel Aware": false,
          "Startup Cost": 32665.56,
          "Total Cost": 32665.87,
          "Plan Rows": 3,
          "Plan Width": 8,
          "Actual Startup Time": 102.433,
          "Actual Total Time": 111.112,
          "Actual Rows": 4,
          "Actual Loops": 1,
          "Workers Planned": 3,
          "Workers Launched": 3,
          "Single Copy": false,
          "Plans": [
            {
              "Node Type": "Aggregate",
              "Strategy": "Plain",
              "Partial Mode": "Partial",
              "Parent Relationship": "Outer",
              "Parallel Aware": false,
              "Startup Cost": 31665.56,
              "Total Cost": 31665.57,
              "Plan Rows": 1,
              "Plan Width": 8,
              "Actual Startup Time": 91.496,
              "Actual Total Time": 91.497,
              "Actual Rows": 1,
              "Actual Loops": 4,
              "Plans": [
                {
                  "Node Type": "Seq Scan",
                  "Parent Relationship": "Outer",
                  "Parallel Aware": true,
                  "Relation Name": "movie_companies",
                  "Alias": "mc",
                  "Startup Cost": 0.0,
                  "Total Cost": 31414.82,
                  "Plan Rows": 100295,
                  "Plan Width": 0,
                  "Actual Startup Time": 0.046,
                  "Actual Total Time": 82.364,
                  "Actual Rows": 112984,
                  "Actual Loops": 4,
                  "Filter": "((company_id < 819) AND (company_type_id = 1))",
                  "Rows Removed by Filter": 539298
                }
              ]
            }
          ]
        }
      ]
    },
    "Planning Time": 0.201,
    "Triggers": [],
    "Execution Time": 111.201
  }
]