[
  {
    "Plan": {
      "Node Type": "Aggregate",
      "Strategy": "Plain",
      "Partial Mode": "Finalize",
      "Parallel Aware": false,
      "Startup Cost": 32182.69,
      "Total Cost": 32182.7,
      "Plan Rows": 1,
      "Plan Width": 8,
      "Actual Startup Time": 122.672,
      "Actual Total Time": 130.83,
      "Actual Rows": 1,
      "Actual Loops": 1,
      "Plans": [
        {
          "Node Type": "Gather",
          "Parent Relationship": "Outer",
          "Parallel Aware": false,
          "Startup Cost": 32182.37,
          "Total Cost": 32182.68,
          "Plan Rows": 3,
          "Plan Width": 8,
          "Actual Startup Time": 122.524,
          "Actual Total Time": 130.822,
          "Actual Rows": 4,
          "Actual Loops": 1,
          "Workers Planned": 3,
          "Workers Launched": 3,
          "Single Copy": false,
          "Plans": [
            {
              "Node Type": "Aggregate",
              "Strategy": "Plain",
              "Partial Mode": "Partial",
              "Parent Relationship": "Outer",
              "Parallel Aware": false,
              "Startup Cost": 31182.37,
              "Total Cost": 31182.38,
              "Plan Rows": 1,
              "Plan Width": 8,
              "Actual Startup Time": 113.993,
              "Actual Total Time": 113.994,
              "Actual Rows": 1,
              "Actual Loops": 4,
              "Plans": [
                {
                  "Node Type": "Seq Scan",
                  "Parent Relationship": "Outer",
                  "Parallel Aware": true,
                  "Relation Name": "movie_companies",
                  "Alias": "mc",
                  "Startup Cost": 0.0,
                  "Total Cost": 29310.68,
                  "Plan Rows": 748675,
                  "Plan Width": 0,
                  "Actual Startup Time": 0.107,
                  "Actual Total Time": 87.187,
                  "Actual Rows": 581563,
                  "Actual Loops": 4,
                  "Filter": "(company_id > 150)",
                  "Rows Removed by Filter": 70719
                }
              ]
            }
          ]
        }
      ]
    },
    "Planning Time": 0.144,
    "Triggers": [],
    "Execution Time": 130.875
  }
]