[
  {
    "Plan": {
      "Node Type": "Aggregate",
      "Strategy": "Plain",
      "Partial Mode": "Finalize",
      "Parallel Aware": false,
      "Startup Cost": 331026.5,
      "Total Cost": 331026.51,
      "Plan Rows": 1,
      "Plan Width": 8,
      "Actual Startup Time": 565.0,
      "Actual Total Time": 620.696,
      "Actual Rows": 1,
      "Actual Loops": 1,
      "Plans": [
        {
          "Node Type": "Gather",
          "Parent Relationship": "Outer",
          "Parallel Aware": false,
          "Startup Cost": 331025.88,
          "Total Cost": 331026.48,
          "Plan Rows": 6,
          "Plan Width": 8,
          "Actual Startup Time": 564.849,
          "Actual Total Time": 620.686,
          "Actual Rows": 7,
          "Actual Loops": 1,
          "Workers Planned": 6,
          "Workers Launched": 6,
          "Single Copy": false,
          "Plans": [
            {
              "Node Type": "Aggregate",
              "Strategy": "Plain",
              "Partial Mode": "Partial",
              "Parent Relationship": "Outer",
              "Parallel Aware": false,
              "Startup Cost": 330025.88,
              "Total Cost": 330025.89,
              "Plan Rows": 1,
              "Plan Width": 8,
              "Actual Startup Time": 556.109,
              "Actual Total Time": 556.11,
              "Actual Rows": 1,
              "Actual Loops": 7,
              "Plans": [
                {
                  "Node Type": "Seq Scan",
                  "Parent Relationship": "Outer",
                  "Parallel Aware": true,
                  "Relation Name": "cast_info",
                  "Alias": "ci",
                  "Startup Cost": 0.0,
                  "Total Cost": 328162.03,
                  "Plan Rows": 745540,
                  "Plan Width": 0,
                  "Actual Startup Time": 0.048,
                  "Actual Total Time": 525.151,
                  "Actual Rows": 655098,
                  "Actual Loops": 7,
                  "Filter": "(person_id < 442839)",
                  "Rows Removed by Filter": 4522665
                }
              ]
            }
          ]
        }
      ]
    },
    "Planning Time": 0.127,
    "Triggers": [],
    "Execution Time": 620.882
  }
]