{
  "Plan": {
    "Node Type": "Aggregate",
    "Strategy": "Plain",
    "Partial Mode": "Finalize",
    "Parallel Aware": false,
    "Startup Cost": 182109.42,
    "Total Cost": 182109.43,
    "Plan Rows": 1,
    "Plan Width": 8,
    "Actual Startup Time": 1790.442,
    "Actual Total Time": 1832.144,
    "Actual Rows": 1,
    "Actual Loops": 1,
    "Plans": [
      {
        "Node Type": "Gather",
        "Parent Relationship": "Outer",
        "Parallel Aware": false,
        "Startup Cost": 182109.31,
        "Total Cost": 182109.42,
        "Plan Rows": 1,
        "Plan Width": 8,
        "Actual Startup Time": 1781.459,
        "Actual Total Time": 1832.134,
        "Actual Rows": 2,
        "Actual Loops": 1,
        "Workers Planned": 1,
        "Workers Launched": 1,
        "Single Copy": false,
        "Plans": [
          {
            "Node Type": "Aggregate",
            "Strategy": "Plain",
            "Partial Mode": "Partial",
            "Parent Relationship": "Outer",
            "Parallel Aware": false,
            "Startup Cost": 181109.31,
            "Total Cost": 181109.32,
            "Plan Rows": 1,
            "Plan Width": 8,
            "Actual Startup Time": 1774.84,
            "Actual Total Time": 1777.693,
            "Actual Rows": 1,
            "Actual Loops": 2,
            "Plans": [
              {
                "Node Type": "Hash Join",
                "Parent Relationship": "Outer",
                "Parallel Aware": true,
                "Join Type": "Inner",
                "Startup Cost": 134142.28,
                "Total Cost": 180287.08,
                "Plan Rows": 328892,
                "Plan Width": 0,
                "Actual Startup Time": 1349.0,
                "Actual Total Time": 1681.617,
                "Actual Rows": 1842624,
                "Actual Loops": 2,
                "Inner Unique": false,
                "Hash Cond": "(mc.movie_id = t.id)",
                "Plans": [
                  {
                    "Node Type": "Seq Scan",
                    "Parent Relationship": "Outer",
                    "Parallel Aware": true,
                    "Relation Name": "movie_companies",
                    "Alias": "mc",
                    "Startup Cost": 0.0,
                    "Total Cost": 41811.73,
                    "Plan Rows": 639578,
                    "Plan Width": 4,
                    "Actual Startup Time": 63.171,
                    "Actual Total Time": 141.638,
                    "Actual Rows": 430014,
                    "Actual Loops": 2,
                    "Filter": "((company_id < 75654) AND (company_type_id = 2))",
                    "Rows Removed by Filter": 874550
                  },
                  {
                    "Node Type": "Hash",
                    "Parent Relationship": "Inner",
                    "Parallel Aware": true,
                    "Startup Cost": 124582.49,
                    "Total Cost": 124582.49,
                    "Plan Rows": 764783,
                    "Plan Width": 8,
                    "Actual Startup Time": 1271.431,
                    "Actual Total Time": 1274.282,
                    "Actual Rows": 1474448,
                    "Actual Loops": 2,
                    "Hash Buckets": 4194304,
                    "Original Hash Buckets": 2097152,
                    "Hash Batches": 1,
                    "Original Hash Batches": 1,
                    "Peak Memory Usage": 164544,
                    "Plans": [
                      {
                        "Node Type": "Hash Join",
                        "Parent Relationship": "Outer",
                        "Parallel Aware": true,
                        "Join Type": "Inner",
                        "Startup Cost": 60132.04,
                        "Total Cost": 124582.49,
                        "Plan Rows": 764783,
                        "Plan Width": 8,
                        "Actual Startup Time": 280.19,
                        "Actual Total Time": 912.019,
                        "Actual Rows": 1474448,
                        "Actual Loops": 2,
                        "Inner Unique": true,
                        "Hash Cond": "(mk.movie_id = t.id)",
                        "Plans": [
                          {
                            "Node Type": "Seq Scan",
                            "Parent Relationship": "Outer",
                            "Parallel Aware": true,
                            "Relation Name": "movie_keyword",
                            "Alias": "mk",
                            "Startup Cost": 0.0,
                            "Total Cost": 57718.19,
                            "Plan Rows": 2564665,
                            "Plan Width": 4,
                            "Actual Startup Time": 0.02,
                            "Actual Total Time": 258.613,
                            "Actual Rows": 2173184,
                            "Actual Loops": 2,
                            "Filter": "(keyword_id > 121)",
                            "Rows Removed by Filter": 88781
                          },
                          {
                            "Node Type": "Hash",
                            "Parent Relationship": "Inner",
                            "Parallel Aware": true,
                            "Startup Cost": 54588.39,
                            "Total Cost": 54588.39,
                            "Plan Rows": 443492,
                            "Plan Width": 4,
                            "Actual Startup Time": 275.743,
                            "Actual Total Time": 275.744,
                            "Actual Rows": 376838,
                            "Actual Loops": 2,
                            "Hash Buckets": 1048576,
                            "Original Hash Buckets": 1048576,
                            "Hash Batches": 1,
                            "Original Hash Batches": 1,
                            "Peak Memory Usage": 37728,
                            "Plans": [
                              {
                                "Node Type": "Seq Scan",
                                "Parent Relationship": "Outer",
                                "Parallel Aware": true,
                                "Relation Name": "title",
                                "Alias": "t",
                                "Startup Cost": 0.0,
                                "Total Cost": 54588.39,
                                "Plan Rows": 443492,
                                "Plan Width": 4,
                                "Actual Startup Time": 0.028,
                                "Actual Total Time": 167.541,
                                "Actual Rows": 376838,
                                "Actual Loops": 2,
                                "Filter": "(kind_id < 3)",
                                "Rows Removed by Filter": 887318
                              }
                            ]
                          }
                        ]
                      }
                    ]
                  }
                ]
              }
            ]
          }
        ]
      }
    ]
  },
  "Planning Time": 0.981,
  "Triggers": [],
  "Execution Time": 1832.229
}