{
  "Plan": {
    "Node Type": "Aggregate",
    "Strategy": "Plain",
    "Partial Mode": "Finalize",
    "Parallel Aware": false,
    "Startup Cost": 170388.85,
    "Total Cost": 170388.86,
    "Plan Rows": 1,
    "Plan Width": 8,
    "Actual Startup Time": 558.254,
    "Actual Total Time": 579.157,
    "Actual Rows": 1,
    "Actual Loops": 1,
    "Plans": [
      {
        "Node Type": "Gather",
        "Parent Relationship": "Outer",
        "Parallel Aware": false,
        "Startup Cost": 170388.73,
        "Total Cost": 170388.84,
        "Plan Rows": 1,
        "Plan Width": 8,
        "Actual Startup Time": 535.116,
        "Actual Total Time": 579.147,
        "Actual Rows": 2,
        "Actual Loops": 1,
        "Workers Planned": 1,
        "Workers Launched": 1,
        "Single Copy": false,
        "Plans": [
          {
            "Node Type": "Aggregate",
            "Strategy": "Plain",
            "Partial Mode": "Partial",
            "Parent Relationship": "Outer",
            "Parallel Aware": false,
            "Startup Cost": 169388.73,
            "Total Cost": 169388.74,
            "Plan Rows": 1,
            "Plan Width": 8,
            "Actual Startup Time": 538.926,
            "Actual Total Time": 538.929,
            "Actual Rows": 1,
            "Actual Loops": 2,
            "Plans": [
              {
                "Node Type": "Nested Loop",
                "Parent Relationship": "Outer",
                "Parallel Aware": false,
                "Join Type": "Inner",
                "Startup Cost": 139499.41,
                "Total Cost": 169369.81,
                "Plan Rows": 7568,
                "Plan Width": 0,
                "Actual Startup Time": 365.819,
                "Actual Total Time": 537.244,
                "Actual Rows": 30416,
                "Actual Loops": 2,
                "Inner Unique": false,
                "Join Filter": "(t.id = mc.movie_id)",
                "Rows Removed by Join Filter": 0,
                "Plans": [
                  {
                    "Node Type": "Merge Join",
                    "Parent Relationship": "Outer",
                    "Parallel Aware": false,
                    "Join Type": "Inner",
                    "Startup Cost": 139498.98,
                    "Total Cost": 142739.32,
                    "Plan Rows": 33337,
                    "Plan Width": 8,
                    "Actual Startup Time": 365.763,
                    "Actual Total Time": 440.834,
                    "Actual Rows": 32544,
                    "Actual Loops": 2,
                    "Inner Unique": true,
                    "Merge Cond": "(mi_idx.movie_id = t.id)",
                    "Plans": [
                      {
                        "Node Type": "Sort",
                        "Parent Relationship": "Outer",
                        "Parallel Aware": false,
                        "Startup Cost": 42751.04,
                        "Total Cost": 43434.03,
                        "Plan Rows": 273193,
                        "Plan Width": 4,
                        "Actual Startup Time": 119.604,
                        "Actual Total Time": 129.747,
                        "Actual Rows": 229962,
                        "Actual Loops": 2,
                        "Sort Key": [
                          "mi_idx.movie_id"
                        ],
                        "Sort Method": "quicksort",
                        "Sort Space Used": 17830,
                        "Sort Space Type": "Memory",
                        "Workers": [
                          {
                            "Worker Number": 0,
                            "Sort Method": "quicksort",
                            "Sort Space Used": 16018,
                            "Sort Space Type": "Memory"
                          }
                        ],
                        "Plans": [
                          {
                            "Node Type": "Seq Scan",
                            "Parent Relationship": "Outer",
                            "Parallel Aware": true,
                            "Relation Name": "movie_info_idx",
                            "Alias": "mi_idx",
                            "Startup Cost": 0.0,
                            "Total Cost": 18082.32,
                            "Plan Rows": 273193,
                            "Plan Width": 4,
                            "Actual Startup Time": 0.051,
                            "Actual Total Time": 68.836,
                            "Actual Rows": 229962,
                            "Actual Loops": 2,
                            "Filter": "(info_type_id = 100)",
                            "Rows Removed by Filter": 460055
                          }
                        ]
                      },
                      {
                        "Node Type": "Sort",
                        "Parent Relationship": "Inner",
                        "Parallel Aware": false,
                        "Startup Cost": 96747.91,
                        "Total Cost": 97519.21,
                        "Plan Rows": 308519,
                        "Plan Width": 4,
                        "Actual Startup Time": 246.034,
                        "Actual Total Time": 275.872,
                        "Actual Rows": 266385,
                        "Actual Loops": 2,
                        "Sort Key": [
                          "t.id"
                        ],
                        "Sort Method": "quicksort",
                        "Sort Space Used": 24785,
                        "Sort Space Type": "Memory",
                        "Workers": [
                          {
                            "Worker Number": 0,
                            "Sort Method": "quicksort",
                            "Sort Space Used": 24785,
                            "Sort Space Type": "Memory"
                          }
                        ],
                        "Plans": [
                          {
                            "Node Type": "Bitmap Heap Scan",
                            "Parent Relationship": "Outer",
                            "Parallel Aware": false,
                            "Relation Name": "title",
                            "Alias": "t",
                            "Startup Cost": 17749.27,
                            "Total Cost": 68618.69,
                            "Plan Rows": 308519,
                            "Plan Width": 4,
                            "Actual Startup Time": 36.77,
                            "Actual Total Time": 178.676,
                            "Actual Rows": 266599,
                            "Actual Loops": 2,
                            "Recheck Cond": "(kind_id < 7)",
                            "Rows Removed by Index Recheck": 0,
                            "Filter": "(production_year > 2007)",
                            "Rows Removed by Filter": 718449,
                            "Exact Heap Blocks": 35472,
                            "Lossy Heap Blocks": 0,
                            "Plans": [
                              {
                                "Node Type": "Bitmap Index Scan",
                                "Parent Relationship": "Outer",
                                "Parallel Aware": false,
                                "Index Name": "kind_id_title",
                                "Startup Cost": 0.0,
                                "Total Cost": 17672.14,
                                "Plan Rows": 991428,
                                "Plan Width": 0,
                                "Actual Startup Time": 31.915,
                                "Actual Total Time": 31.916,
                                "Actual Rows": 985048,
                                "Actual Loops": 2,
                                "Index Cond": "(kind_id < 7)"
                              }
                            ]
                          }
                        ]
                      }
                    ]
                  },
                  {
                    "Node Type": "Index Scan",
                    "Parent Relationship": "Inner",
                    "Parallel Aware": false,
                    "Scan Direction": "Forward",
                    "Index Name": "movie_id_movie_companies",
                    "Relation Name": "movie_companies",
                    "Alias": "mc",
                    "Startup Cost": 0.43,
                    "Total Cost": 0.79,
                    "Plan Rows": 1,
                    "Plan Width": 4,
                    "Actual Startup Time": 0.002,
                    "Actual Total Time": 0.003,
                    "Actual Rows": 1,
                    "Actual Loops": 65087,
                    "Index Cond": "(movie_id = mi_idx.movie_id)",
                    "Rows Removed by Index Recheck": 0,
                    "Filter": "((company_id < 9551) AND (company_type_id = 1))",
                    "Rows Removed by Filter": 2
                  }
                ]
              }
            ]
          }
        ]
      }
    ]
  },
  "Planning Time": 1.088,
  "Triggers": [],
  "Execution Time": 587.541
}