{
  "Plan": {
    "Node Type": "Aggregate",
    "Strategy": "Plain",
    "Partial Mode": "Finalize",
    "Parallel Aware": false,
    "Startup Cost": 333515.21,
    "Total Cost": 333515.22,
    "Plan Rows": 1,
    "Plan Width": 8,
    "Actual Startup Time": 3641.728,
    "Actual Total Time": 3685.331,
    "Actual Rows": 1,
    "Actual Loops": 1,
    "Plans": [
      {
        "Node Type": "Gather",
        "Parent Relationship": "Outer",
        "Parallel Aware": false,
        "Startup Cost": 333515.1,
        "Total Cost": 333515.21,
        "Plan Rows": 1,
        "Plan Width": 8,
        "Actual Startup Time": 3630.907,
        "Actual Total Time": 3685.321,
        "Actual Rows": 2,
        "Actual Loops": 1,
        "Workers Planned": 1,
        "Workers Launched": 1,
        "Single Copy": false,
        "Plans": [
          {
            "Node Type": "Aggregate",
            "Strategy": "Plain",
            "Partial Mode": "Partial",
            "Parent Relationship": "Outer",
            "Parallel Aware": false,
            "Startup Cost": 332515.1,
            "Total Cost": 332515.11,
            "Plan Rows": 1,
            "Plan Width": 8,
            "Actual Startup Time": 3620.56,
            "Actual Total Time": 3622.241,
            "Actual Rows": 1,
            "Actual Loops": 2,
            "Plans": [
              {
                "Node Type": "Hash Join",
                "Parent Relationship": "Outer",
                "Parallel Aware": true,
                "Join Type": "Inner",
                "Startup Cost": 231968.58,
                "Total Cost": 323479.04,
                "Plan Rows": 3614425,
                "Plan Width": 0,
                "Actual Startup Time": 2402.463,
                "Actual Total Time": 3350.676,
                "Actual Rows": 6820872,
                "Actual Loops": 2,
                "Inner Unique": false,
                "Hash Cond": "(mk.movie_id = t.id)",
                "Plans": [
                  {
                    "Node Type": "Seq Scan",
                    "Parent Relationship": "Outer",
                    "Parallel Aware": true,
                    "Relation Name": "movie_keyword",
                    "Alias": "mk",
                    "Startup Cost": 0.0,
                    "Total Cost": 57718.19,
                    "Plan Rows": 2506189,
                    "Plan Width": 4,
                    "Actual Startup Time": 0.025,
                    "Actual Total Time": 205.941,
                    "Actual Rows": 2134985,
                    "Actual Loops": 2,
                    "Filter": "(keyword_id < 59984)",
                    "Rows Removed by Filter": 126980
                  },
                  {
                    "Node Type": "Hash",
                    "Parent Relationship": "Inner",
                    "Parallel Aware": true,
                    "Startup Cost": 205157.53,
                    "Total Cost": 205157.53,
                    "Plan Rows": 2144884,
                    "Plan Width": 8,
                    "Actual Startup Time": 2381.54,
                    "Actual Total Time": 2383.22,
                    "Actual Rows": 1861624,
                    "Actual Loops": 2,
                    "Hash Buckets": 4194304,
                    "Original Hash Buckets": 4194304,
                    "Hash Batches": 1,
                    "Original Hash Batches": 1,
                    "Peak Memory Usage": 178464,
                    "Plans": [
                      {
                        "Node Type": "Hash Join",
                        "Parent Relationship": "Outer",
                        "Parallel Aware": true,
                        "Join Type": "Inner",
                        "Startup Cost": 69461.26,
                        "Total Cost": 205157.53,
                        "Plan Rows": 2144884,
                        "Plan Width": 8,
                        "Actual Startup Time": 507.219,
                        "Actual Total Time": 1809.03,
                        "Actual Rows": 1861624,
                        "Actual Loops": 2,
                        "Inner Unique": true,
                        "Hash Cond": "(ci.movie_id = t.id)",
                        "Plans": [
                          {
                            "Node Type": "Index Scan",
                            "Parent Relationship": "Outer",
                            "Parallel Aware": true,
                            "Scan Direction": "Forward",
                            "Index Name": "role_id_cast_info",
                            "Relation Name": "cast_info",
                            "Alias": "ci",
                            "Startup Cost": 0.56,
                            "Total Cost": 130066.5,
                            "Plan Rows": 2144884,
                            "Plan Width": 4,
                            "Actual Startup Time": 0.11,
                            "Actual Total Time": 374.135,
                            "Actual Rows": 1861624,
                            "Actual Loops": 2,
                            "Index Cond": "(role_id = 3)",
                            "Rows Removed by Index Recheck": 0,
                            "Filter": "(person_id > 355081)",
                            "Rows Removed by Filter": 142395
                          },
                          {
                            "Node Type": "Hash",
                            "Parent Relationship": "Inner",
                            "Parallel Aware": true,
                            "Startup Cost": 50870.31,
                            "Total Cost": 50870.31,
                            "Plan Rows": 1487231,
                            "Plan Width": 4,
                            "Actual Startup Time": 496.331,
                            "Actual Total Time": 496.332,
                            "Actual Rows": 1264156,
                            "Actual Loops": 2,
                            "Hash Buckets": 4194304,
                            "Original Hash Buckets": 4194304,
                            "Hash Batches": 1,
                            "Original Hash Batches": 1,
                            "Peak Memory Usage": 131712,
                            "Plans": [
                              {
                                "Node Type": "Seq Scan",
                                "Parent Relationship": "Outer",
                                "Parallel Aware": true,
                                "Relation Name": "title",
                                "Alias": "t",
                                "Startup Cost": 0.0,
                                "Total Cost": 50870.31,
                                "Plan Rows": 1487231,
                                "Plan Width": 4,
                                "Actual Startup Time": 0.052,
                                "Actual Total Time": 153.179,
                                "Actual Rows": 1264156,
                                "Actual Loops": 2
                              }
                            ]
                          }
                        ]
                      }
                    ]
                  }
                ]
              }
            ]
          }
        ]
      }
    ]
  },
  "Planning Time": 0.872,
  "Triggers": [],
  "Execution Time": 3685.416
}