[
    {
        "Bao": {
            "Bao prediction": "NaN",
            "Bao recommended hint": "(no hint)"
        }
    },
    {
        "Plan": {
            "Node Type": "Aggregate",
            "Strategy": "Plain",
            "Partial Mode": "Finalize",
            "Parallel Aware": false,
            "Startup Cost": 303838.52,
            "Total Cost": 303838.53,
            "Plan Rows": 1,
            "Plan Width": 8,
            "Actual Startup Time": 195.942,
            "Actual Total Time": 202.95,
            "Actual Rows": 1,
            "Actual Loops": 1,
            "Output": [
                "count(*)"
            ],
            "Plans": [
                {
                    "Node Type": "Gather",
                    "Parent Relationship": "Outer",
                    "Parallel Aware": false,
                    "Startup Cost": 303837.9,
                    "Total Cost": 303838.51,
                    "Plan Rows": 6,
                    "Plan Width": 8,
                    "Actual Startup Time": 195.424,
                    "Actual Total Time": 202.942,
                    "Actual Rows": 7,
                    "Actual Loops": 1,
                    "Output": [
                        "(PARTIAL count(*))"
                    ],
                    "Workers Planned": 6,
                    "Workers Launched": 6,
                    "Single Copy": false,
                    "Plans": [
                        {
                            "Node Type": "Aggregate",
                            "Strategy": "Plain",
                            "Partial Mode": "Partial",
                            "Parent Relationship": "Outer",
                            "Parallel Aware": false,
                            "Startup Cost": 302837.9,
                            "Total Cost": 302837.91,
                            "Plan Rows": 1,
                            "Plan Width": 8,
                            "Actual Startup Time": 185.421,
                            "Actual Total Time": 185.423,
                            "Actual Rows": 1,
                            "Actual Loops": 7,
                            "Output": [
                                "PARTIAL count(*)"
                            ],
                            "Workers": [
                                {
                                    "Worker Number": 0,
                                    "Actual Startup Time": 182.931,
                                    "Actual Total Time": 182.932,
                                    "Actual Rows": 1,
                                    "Actual Loops": 1
                                },
                                {
                                    "Worker Number": 1,
                                    "Actual Startup Time": 183.479,
                                    "Actual Total Time": 183.481,
                                    "Actual Rows": 1,
                                    "Actual Loops": 1
                                },
                                {
                                    "Worker Number": 2,
                                    "Actual Startup Time": 183.389,
                                    "Actual Total Time": 183.391,
                                    "Actual Rows": 1,
                                    "Actual Loops": 1
                                },
                                {
                                    "Worker Number": 3,
                                    "Actual Startup Time": 184.1,
                                    "Actual Total Time": 184.101,
                                    "Actual Rows": 1,
                                    "Actual Loops": 1
                                },
                                {
                                    "Worker Number": 4,
                                    "Actual Startup Time": 184.277,
                                    "Actual Total Time": 184.278,
                                    "Actual Rows": 1,
                                    "Actual Loops": 1
                                },
                                {
                                    "Worker Number": 5,
                                    "Actual Startup Time": 184.746,
                                    "Actual Total Time": 184.747,
                                    "Actual Rows": 1,
                                    "Actual Loops": 1
                                }
                            ],
                            "Plans": [
                                {
                                    "Node Type": "Bitmap Heap Scan",
                                    "Parent Relationship": "Outer",
                                    "Parallel Aware": true,
                                    "Relation Name": "cast_info",
                                    "Schema": "public",
                                    "Alias": "ci",
                                    "Startup Cost": 45049.84,
                                    "Total Cost": 301987.72,
                                    "Plan Rows": 340070,
                                    "Plan Width": 0,
                                    "Actual Startup Time": 88.897,
                                    "Actual Total Time": 166.402,
                                    "Actual Rows": 293018,
                                    "Actual Loops": 7,
                                    "Recheck Cond": "(ci.person_id < 201286)",
                                    "Rows Removed by Index Recheck": 0,
                                    "Exact Heap Blocks": 4765,
                                    "Lossy Heap Blocks": 0,
                                    "Workers": [
                                        {
                                            "Worker Number": 0,
                                            "Actual Startup Time": 86.412,
                                            "Actual Total Time": 163.868,
                                            "Actual Rows": 233373,
                                            "Actual Loops": 1
                                        },
                                        {
                                            "Worker Number": 1,
                                            "Actual Startup Time": 87.045,
                                            "Actual Total Time": 165.156,
                                            "Actual Rows": 218763,
                                            "Actual Loops": 1
                                        },
                                        {
                                            "Worker Number": 2,
                                            "Actual Startup Time": 86.833,
                                            "Actual Total Time": 164.188,
                                            "Actual Rows": 233785,
                                            "Actual Loops": 1
                                        },
                                        {
                                            "Worker Number": 3,
                                            "Actual Startup Time": 87.764,
                                            "Actual Total Time": 166.116,
                                            "Actual Rows": 295121,
                                            "Actual Loops": 1
                                        },
                                        {
                                            "Worker Number": 4,
                                            "Actual Startup Time": 87.893,
                                            "Actual Total Time": 166.452,
                                            "Actual Rows": 294498,
                                            "Actual Loops": 1
                                        },
                                        {
                                            "Worker Number": 5,
                                            "Actual Startup Time": 88.221,
                                            "Actual Total Time": 165.893,
                                            "Actual Rows": 312397,
                                            "Actual Loops": 1
                                        }
                                    ],
                                    "Plans": [
                                        {
                                            "Node Type": "Bitmap Index Scan",
                                            "Parent Relationship": "Outer",
                                            "Parallel Aware": false,
                                            "Index Name": "person_id_cast_info",
                                            "Startup Cost": 0.0,
                                            "Total Cost": 44539.74,
                                            "Plan Rows": 2040423,
                                            "Plan Width": 0,
                                            "Actual Startup Time": 94.924,
                                            "Actual Total Time": 94.924,
                                            "Actual Rows": 2051128,
                                            "Actual Loops": 1,
                                            "Index Cond": "(ci.person_id < 201286)"
                                        }
                                    ]
                                }
                            ]
                        }
                    ]
                }
            ]
        },
        "Planning Time": 172.919,
        "Triggers": [],
        "Execution Time": 203.005
    }
]