[
  {
    "Plan": {
      "Node Type": "Aggregate",
      "Strategy": "Plain",
      "Partial Mode": "Finalize",
      "Parallel Aware": false,
      "Startup Cost": 78967.29,
      "Total Cost": 78967.3,
      "Plan Rows": 1,
      "Plan Width": 8,
      "Actual Startup Time": 274.93,
      "Actual Total Time": 291.796,
      "Actual Rows": 1,
      "Actual Loops": 1,
      "Plans": [
        {
          "Node Type": "Gather",
          "Parent Relationship": "Outer",
          "Parallel Aware": false,
          "Startup Cost": 78966.97,
          "Total Cost": 78967.28,
          "Plan Rows": 3,
          "Plan Width": 8,
          "Actual Startup Time": 272.483,
          "Actual Total Time": 291.772,
          "Actual Rows": 4,
          "Actual Loops": 1,
          "Workers Planned": 3,
          "Workers Launched": 3,
          "Single Copy": false,
          "Plans": [
            {
              "Node Type": "Aggregate",
              "Strategy": "Plain",
              "Partial Mode": "Partial",
              "Parent Relationship": "Outer",
              "Parallel Aware": false,
              "Startup Cost": 77966.97,
              "Total Cost": 77966.98,
              "Plan Rows": 1,
              "Plan Width": 8,
              "Actual Startup Time": 263.666,
              "Actual Total Time": 263.669,
              "Actual Rows": 1,
              "Actual Loops": 4,
              "Plans": [
                {
                  "Node Type": "Hash Join",
                  "Parent Relationship": "Outer",
                  "Parallel Aware": true,
                  "Join Type": "Inner",
                  "Startup Cost": 45962.36,
                  "Total Cost": 77849.52,
                  "Plan Rows": 46982,
                  "Plan Width": 0,
                  "Actual Startup Time": 232.097,
                  "Actual Total Time": 262.833,
                  "Actual Rows": 15468,
                  "Actual Loops": 4,
                  "Inner Unique": true,
                  "Hash Cond": "(mc.movie_id = t.id)",
                  "Plans": [
                    {
                      "Node Type": "Seq Scan",
                      "Parent Relationship": "Outer",
                      "Parallel Aware": true,
                      "Relation Name": "movie_companies",
                      "Alias": "mc",
                      "Startup Cost": 0.0,
                      "Total Cost": 31414.82,
                      "Plan Rows": 179940,
                      "Plan Width": 4,
                      "Actual Startup Time": 35.251,
                      "Actual Total Time": 69.418,
                      "Actual Rows": 86576,
                      "Actual Loops": 4,
                      "Filter": "((company_id < 7475) AND (company_type_id = 2))",
                      "Rows Removed by Filter": 565706
                    },
                    {
                      "Node Type": "Hash",
                      "Parent Relationship": "Inner",
                      "Parallel Aware": true,
                      "Startup Cost": 43899.32,
                      "Total Cost": 43899.32,
                      "Plan Rows": 165043,
                      "Plan Width": 4,
                      "Actual Startup Time": 162.266,
                      "Actual Total Time": 162.267,
                      "Actual Rows": 165706,
                      "Actual Loops": 4,
                      "Hash Buckets": 1048576,
                      "Original Hash Buckets": 1048576,
                      "Hash Batches": 1,
                      "Original Hash Batches": 1,
                      "Peak Memory Usage": 34176,
                      "Plans": [
                        {
                          "Node Type": "Seq Scan",
                          "Parent Relationship": "Outer",
                          "Parallel Aware": true,
                          "Relation Name": "title",
                          "Alias": "t",
                          "Startup Cost": 0.0,
                          "Total Cost": 43899.32,
                          "Plan Rows": 165043,
                          "Plan Width": 4,
                          "Actual Startup Time": 45.837,
                          "Actual Total Time": 105.982,
                          "Actual Rows": 165706,
                          "Actual Loops": 4,
                          "Filter": "(kind_id = 1)",
                          "Rows Removed by Filter": 466372
                        }
                      ]
                    }
                  ]
                }
              ]
            }
          ]
        }
      ]
    },
    "Planning Time": 0.446,
    "Triggers": [],
    "Execution Time": 291.843
  }
]