[
  {
    "Plan": {
      "Node Type": "Aggregate",
      "Strategy": "Plain",
      "Partial Mode": "Finalize",
      "Parallel Aware": false,
      "Startup Cost": 102621.45,
      "Total Cost": 102621.46,
      "Plan Rows": 1,
      "Plan Width": 8,
      "Actual Startup Time": 743.924,
      "Actual Total Time": 759.152,
      "Actual Rows": 1,
      "Actual Loops": 1,
      "Plans": [
        {
          "Node Type": "Gather",
          "Parent Relationship": "Outer",
          "Parallel Aware": false,
          "Startup Cost": 102621.14,
          "Total Cost": 102621.45,
          "Plan Rows": 3,
          "Plan Width": 8,
          "Actual Startup Time": 738.273,
          "Actual Total Time": 759.145,
          "Actual Rows": 4,
          "Actual Loops": 1,
          "Workers Planned": 3,
          "Workers Launched": 3,
          "Single Copy": false,
          "Plans": [
            {
              "Node Type": "Aggregate",
              "Strategy": "Plain",
              "Partial Mode": "Partial",
              "Parent Relationship": "Outer",
              "Parallel Aware": false,
              "Startup Cost": 101621.14,
              "Total Cost": 101621.15,
              "Plan Rows": 1,
              "Plan Width": 8,
              "Actual Startup Time": 729.626,
              "Actual Total Time": 729.631,
              "Actual Rows": 1,
              "Actual Loops": 4,
              "Plans": [
                {
                  "Node Type": "Hash Join",
                  "Parent Relationship": "Outer",
                  "Parallel Aware": true,
                  "Join Type": "Inner",
                  "Startup Cost": 68427.84,
                  "Total Cost": 100987.39,
                  "Plan Rows": 253499,
                  "Plan Width": 0,
                  "Actual Startup Time": 473.695,
                  "Actual Total Time": 704.597,
                  "Actual Rows": 569166,
                  "Actual Loops": 4,
                  "Inner Unique": false,
                  "Hash Cond": "(mc.movie_id = t.id)",
                  "Plans": [
                    {
                      "Node Type": "Seq Scan",
                      "Parent Relationship": "Outer",
                      "Parallel Aware": true,
                      "Relation Name": "movie_companies",
                      "Alias": "mc",
                      "Startup Cost": 0.0,
                      "Total Cost": 29310.68,
                      "Plan Rows": 697365,
                      "Plan Width": 4,
                      "Actual Startup Time": 0.093,
                      "Actual Total Time": 74.53,
                      "Actual Rows": 541286,
                      "Actual Loops": 4,
                      "Filter": "(company_id > 336)",
                      "Rows Removed by Filter": 110996
                    },
                    {
                      "Node Type": "Hash",
                      "Parent Relationship": "Inner",
                      "Parallel Aware": true,
                      "Startup Cost": 65555.79,
                      "Total Cost": 65555.79,
                      "Plan Rows": 229764,
                      "Plan Width": 8,
                      "Actual Startup Time": 469.855,
                      "Actual Total Time": 469.859,
                      "Actual Rows": 229962,
                      "Actual Loops": 4,
                      "Hash Buckets": 1048576,
                      "Original Hash Buckets": 1048576,
                      "Hash Batches": 1,
                      "Original Hash Batches": 1,
                      "Peak Memory Usage": 44224,
                      "Plans": [
                        {
                          "Node Type": "Hash Join",
                          "Parent Relationship": "Outer",
                          "Parallel Aware": true,
                          "Join Type": "Inner",
                          "Startup Cost": 19909.43,
                          "Total Cost": 65555.79,
                          "Plan Rows": 229764,
                          "Plan Width": 8,
                          "Actual Startup Time": 121.668,
                          "Actual Total Time": 406.031,
                          "Actual Rows": 229962,
                          "Actual Loops": 4,
                          "Inner Unique": false,
                          "Hash Cond": "(t.id = mi_idx.movie_id)",
                          "Plans": [
                            {
                              "Node Type": "Seq Scan",
                              "Parent Relationship": "Outer",
                              "Parallel Aware": true,
                              "Relation Name": "title",
                              "Alias": "t",
                              "Startup Cost": 0.0,
                              "Total Cost": 42318.73,
                              "Plan Rows": 632073,
                              "Plan Width": 4,
                              "Actual Startup Time": 0.011,
                              "Actual Total Time": 78.431,
                              "Actual Rows": 632078,
                              "Actual Loops": 4
                            },
                            {
                              "Node Type": "Hash",
                              "Parent Relationship": "Inner",
                              "Parallel Aware": true,
                              "Startup Cost": 15122.68,
                              "Total Cost": 15122.68,
                              "Plan Rows": 382940,
                              "Plan Width": 4,
                              "Actual Startup Time": 119.297,
                              "Actual Total Time": 119.298,
                              "Actual Rows": 229962,
                              "Actual Loops": 4,
                              "Hash Buckets": 1048576,
                              "Original Hash Buckets": 1048576,
                              "Hash Batches": 1,
                              "Original Hash Batches": 1,
                              "Peak Memory Usage": 44256,
                              "Plans": [
                                {
                                  "Node Type": "Seq Scan",
                                  "Parent Relationship": "Outer",
                                  "Parallel Aware": true,
                                  "Relation Name": "movie_info_idx",
                                  "Alias": "mi_idx",
                                  "Startup Cost": 0.0,
                                  "Total Cost": 15122.68,
                                  "Plan Rows": 382940,
                                  "Plan Width": 4,
                                  "Actual Startup Time": 0.083,
                                  "Actual Total Time": 51.261,
                                  "Actual Rows": 229962,
                                  "Actual Loops": 4,
                                  "Filter": "(info_type_id < 101)",
                                  "Rows Removed by Filter": 115046
                                }
                              ]
                            }
                          ]
                        }
                      ]
                    }
                  ]
                }
              ]
            }
          ]
        }
      ]
    },
    "Planning Time": 0.684,
    "Triggers": [],
    "Execution Time": 759.207
  }
]