[
    {
        "Bao": {
            "Bao prediction": "NaN",
            "Bao recommended hint": "(no hint)"
        }
    },
    {
        "Plan": {
            "Node Type": "Aggregate",
            "Strategy": "Plain",
            "Partial Mode": "Simple",
            "Parallel Aware": false,
            "Startup Cost": 22529.07,
            "Total Cost": 22529.08,
            "Plan Rows": 1,
            "Plan Width": 8,
            "Actual Startup Time": 33.148,
            "Actual Total Time": 33.15,
            "Actual Rows": 1,
            "Actual Loops": 1,
            "Output": [
                "count(*)"
            ],
            "Plans": [
                {
                    "Node Type": "Bitmap Heap Scan",
                    "Parent Relationship": "Outer",
                    "Parallel Aware": false,
                    "Relation Name": "movie_companies",
                    "Schema": "public",
                    "Alias": "mc",
                    "Startup Cost": 2130.38,
                    "Total Cost": 22403.09,
                    "Plan Rows": 50395,
                    "Plan Width": 0,
                    "Actual Startup Time": 6.935,
                    "Actual Total Time": 28.499,
                    "Actual Rows": 100912,
                    "Actual Loops": 1,
                    "Recheck Cond": "(mc.company_id > 156959)",
                    "Rows Removed by Index Recheck": 0,
                    "Filter": "(mc.company_type_id > 1)",
                    "Rows Removed by Filter": 0,
                    "Exact Heap Blocks": 3176,
                    "Lossy Heap Blocks": 0,
                    "Plans": [
                        {
                            "Node Type": "Bitmap Index Scan",
                            "Parent Relationship": "Outer",
                            "Parallel Aware": false,
                            "Index Name": "company_id_movie_companies",
                            "Startup Cost": 0.0,
                            "Total Cost": 2117.78,
                            "Plan Rows": 98847,
                            "Plan Width": 0,
                            "Actual Startup Time": 6.485,
                            "Actual Total Time": 6.486,
                            "Actual Rows": 100912,
                            "Actual Loops": 1,
                            "Index Cond": "(mc.company_id > 156959)"
                        }
                    ]
                }
            ]
        },
        "Planning Time": 217.307,
        "Triggers": [],
        "Execution Time": 33.199
    }
]