[
  {
    "Plan": {
      "Node Type": "Aggregate",
      "Strategy": "Plain",
      "Partial Mode": "Finalize",
      "Parallel Aware": false,
      "Startup Cost": 691227.91,
      "Total Cost": 691227.92,
      "Plan Rows": 1,
      "Plan Width": 8,
      "Actual Startup Time": 4920.432,
      "Actual Total Time": 5000.499,
      "Actual Rows": 1,
      "Actual Loops": 1,
      "Plans": [
        {
          "Node Type": "Gather",
          "Parent Relationship": "Outer",
          "Parallel Aware": false,
          "Startup Cost": 691227.28,
          "Total Cost": 691227.89,
          "Plan Rows": 6,
          "Plan Width": 8,
          "Actual Startup Time": 4884.684,
          "Actual Total Time": 5000.487,
          "Actual Rows": 7,
          "Actual Loops": 1,
          "Workers Planned": 6,
          "Workers Launched": 6,
          "Single Copy": false,
          "Plans": [
            {
              "Node Type": "Aggregate",
              "Strategy": "Plain",
              "Partial Mode": "Partial",
              "Parent Relationship": "Outer",
              "Parallel Aware": false,
              "Startup Cost": 690227.28,
              "Total Cost": 690227.29,
              "Plan Rows": 1,
              "Plan Width": 8,
              "Actual Startup Time": 4839.682,
              "Actual Total Time": 4840.279,
              "Actual Rows": 1,
              "Actual Loops": 7,
              "Plans": [
                {
                  "Node Type": "Hash Join",
                  "Parent Relationship": "Outer",
                  "Parallel Aware": true,
                  "Join Type": "Inner",
                  "Startup Cost": 281817.61,
                  "Total Cost": 655185.79,
                  "Plan Rows": 14016596,
                  "Plan Width": 0,
                  "Actual Startup Time": 1689.742,
                  "Actual Total Time": 4405.852,
                  "Actual Rows": 10878021,
                  "Actual Loops": 7,
                  "Inner Unique": false,
                  "Hash Cond": "(ci.movie_id = t.id)",
                  "Plans": [
                    {
                      "Node Type": "Seq Scan",
                      "Parent Relationship": "Outer",
                      "Parallel Aware": true,
                      "Relation Name": "cast_info",
                      "Alias": "ci",
                      "Startup Cost": 0.0,
                      "Total Cost": 328162.03,
                      "Plan Rows": 3434594,
                      "Plan Width": 4,
                      "Actual Startup Time": 162.275,
                      "Actual Total Time": 584.084,
                      "Actual Rows": 2952705,
                      "Actual Loops": 7,
                      "Filter": "(person_id > 1536772)",
                      "Rows Removed by Filter": 2225059
                    },
                    {
                      "Node Type": "Hash",
                      "Parent Relationship": "Inner",
                      "Parallel Aware": true,
                      "Startup Cost": 256022.67,
                      "Total Cost": 256022.67,
                      "Plan Rows": 2063595,
                      "Plan Width": 8,
                      "Actual Startup Time": 1511.371,
                      "Actual Total Time": 1511.966,
                      "Actual Rows": 882224,
                      "Actual Loops": 7,
                      "Hash Buckets": 16777216,
                      "Original Hash Buckets": 16777216,
                      "Hash Batches": 1,
                      "Original Hash Batches": 1,
                      "Peak Memory Usage": 372768,
                      "Plans": [
                        {
                          "Node Type": "Hash Join",
                          "Parent Relationship": "Outer",
                          "Parallel Aware": true,
                          "Join Type": "Inner",
                          "Startup Cost": 49727.15,
                          "Total Cost": 256022.67,
                          "Plan Rows": 2063595,
                          "Plan Width": 8,
                          "Actual Startup Time": 191.952,
                          "Actual Total Time": 1110.004,
                          "Actual Rows": 882224,
                          "Actual Loops": 7,
                          "Inner Unique": true,
                          "Hash Cond": "(mi.movie_id = t.id)",
                          "Plans": [
                            {
                              "Node Type": "Seq Scan",
                              "Parent Relationship": "Outer",
                              "Parallel Aware": true,
                              "Relation Name": "movie_info",
                              "Alias": "mi",
                              "Startup Cost": 0.0,
                              "Total Cost": 198952.16,
                              "Plan Rows": 2797464,
                              "Plan Width": 4,
                              "Actual Startup Time": 0.036,
                              "Actual Total Time": 344.592,
                              "Actual Rows": 2004797,
                              "Actual Loops": 7,
                              "Filter": "(info_type_id > 1)",
                              "Rows Removed by Filter": 114591
                            },
                            {
                              "Node Type": "Hash",
                              "Parent Relationship": "Inner",
                              "Parallel Aware": true,
                              "Startup Cost": 43898.92,
                              "Total Cost": 43898.92,
                              "Plan Rows": 466259,
                              "Plan Width": 4,
                              "Actual Startup Time": 190.258,
                              "Actual Total Time": 190.259,
                              "Actual Rows": 266498,
                              "Actual Loops": 7,
                              "Hash Buckets": 2097152,
                              "Original Hash Buckets": 2097152,
                              "Hash Batches": 1,
                              "Original Hash Batches": 1,
                              "Peak Memory Usage": 89504,
                              "Plans": [
                                {
                                  "Node Type": "Seq Scan",
                                  "Parent Relationship": "Outer",
                                  "Parallel Aware": true,
                                  "Relation Name": "title",
                                  "Alias": "t",
                                  "Startup Cost": 0.0,
                                  "Total Cost": 43898.92,
                                  "Plan Rows": 466259,
                                  "Plan Width": 4,
                                  "Actual Startup Time": 0.054,
                                  "Actual Total Time": 78.914,
                                  "Actual Rows": 266498,
                                  "Actual Loops": 7,
                                  "Filter": "(kind_id > 1)",
                                  "Rows Removed by Filter": 94689
                                }
                              ]
                            }
                          ]
                        }
                      ]
                    }
                  ]
                }
              ]
            }
          ]
        }
      ]
    },
    "Planning Time": 1.342,
    "Triggers": [],
    "Execution Time": 5000.589
  }
]