[
  {
    "Plan": {
      "Node Type": "Aggregate",
      "Strategy": "Plain",
      "Partial Mode": "Finalize",
      "Parallel Aware": false,
      "Startup Cost": 83392.42,
      "Total Cost": 83392.43,
      "Plan Rows": 1,
      "Plan Width": 8,
      "Actual Startup Time": 215.202,
      "Actual Total Time": 231.87,
      "Actual Rows": 1,
      "Actual Loops": 1,
      "Plans": [
        {
          "Node Type": "Gather",
          "Parent Relationship": "Outer",
          "Parallel Aware": false,
          "Startup Cost": 83392.0,
          "Total Cost": 83392.41,
          "Plan Rows": 4,
          "Plan Width": 8,
          "Actual Startup Time": 214.796,
          "Actual Total Time": 231.86,
          "Actual Rows": 5,
          "Actual Loops": 1,
          "Workers Planned": 4,
          "Workers Launched": 4,
          "Single Copy": false,
          "Plans": [
            {
              "Node Type": "Aggregate",
              "Strategy": "Plain",
              "Partial Mode": "Partial",
              "Parent Relationship": "Outer",
              "Parallel Aware": false,
              "Startup Cost": 82392.0,
              "Total Cost": 82392.01,
              "Plan Rows": 1,
              "Plan Width": 8,
              "Actual Startup Time": 204.455,
              "Actual Total Time": 204.46,
              "Actual Rows": 1,
              "Actual Loops": 5,
              "Plans": [
                {
                  "Node Type": "Nested Loop",
                  "Parent Relationship": "Outer",
                  "Parallel Aware": false,
                  "Join Type": "Inner",
                  "Startup Cost": 19944.3,
                  "Total Cost": 82348.62,
                  "Plan Rows": 17352,
                  "Plan Width": 0,
                  "Actual Startup Time": 22.635,
                  "Actual Total Time": 202.716,
                  "Actual Rows": 30190,
                  "Actual Loops": 5,
                  "Inner Unique": false,
                  "Plans": [
                    {
                      "Node Type": "Hash Join",
                      "Parent Relationship": "Outer",
                      "Parallel Aware": true,
                      "Join Type": "Inner",
                      "Startup Cost": 19943.86,
                      "Total Cost": 65454.24,
                      "Plan Rows": 9697,
                      "Plan Width": 8,
                      "Actual Startup Time": 22.395,
                      "Actual Total Time": 161.551,
                      "Actual Rows": 7227,
                      "Actual Loops": 5,
                      "Inner Unique": false,
                      "Hash Cond": "(t.id = mc.movie_id)",
                      "Plans": [
                        {
                          "Node Type": "Seq Scan",
                          "Parent Relationship": "Outer",
                          "Parallel Aware": true,
                          "Relation Name": "title",
                          "Alias": "t",
                          "Startup Cost": 0.0,
                          "Total Cost": 42318.73,
                          "Plan Rows": 632073,
                          "Plan Width": 4,
                          "Actual Startup Time": 0.014,
                          "Actual Total Time": 71.301,
                          "Actual Rows": 505662,
                          "Actual Loops": 5
                        },
                        {
                          "Node Type": "Hash",
                          "Parent Relationship": "Inner",
                          "Parallel Aware": true,
                          "Startup Cost": 19787.45,
                          "Total Cost": 19787.45,
                          "Plan Rows": 12513,
                          "Plan Width": 4,
                          "Actual Startup Time": 21.008,
                          "Actual Total Time": 21.009,
                          "Actual Rows": 7227,
                          "Actual Loops": 5,
                          "Hash Buckets": 65536,
                          "Original Hash Buckets": 65536,
                          "Hash Batches": 1,
                          "Original Hash Batches": 1,
                          "Peak Memory Usage": 1984,
                          "Plans": [
                            {
                              "Node Type": "Bitmap Heap Scan",
                              "Parent Relationship": "Outer",
                              "Parallel Aware": true,
                              "Relation Name": "movie_companies",
                              "Alias": "mc",
                              "Startup Cost": 841.04,
                              "Total Cost": 19787.45,
                              "Plan Rows": 12513,
                              "Plan Width": 4,
                              "Actual Startup Time": 2.209,
                              "Actual Total Time": 16.284,
                              "Actual Rows": 7227,
                              "Actual Loops": 5,
                              "Recheck Cond": "(company_id = 160)",
                              "Rows Removed by Index Recheck": 0,
                              "Exact Heap Blocks": 2464,
                              "Lossy Heap Blocks": 0,
                              "Plans": [
                                {
                                  "Node Type": "Bitmap Index Scan",
                                  "Parent Relationship": "Outer",
                                  "Parallel Aware": false,
                                  "Index Name": "company_id_movie_companies",
                                  "Startup Cost": 0.0,
                                  "Total Cost": 831.35,
                                  "Plan Rows": 38789,
                                  "Plan Width": 0,
                                  "Actual Startup Time": 6.52,
                                  "Actual Total Time": 6.521,
                                  "Actual Rows": 36136,
                                  "Actual Loops": 1,
                                  "Index Cond": "(company_id = 160)"
                                }
                              ]
                            }
                          ]
                        }
                      ]
                    },
                    {
                      "Node Type": "Index Only Scan",
                      "Parent Relationship": "Inner",
                      "Parallel Aware": false,
                      "Scan Direction": "Forward",
                      "Index Name": "movie_id_movie_keyword",
                      "Relation Name": "movie_keyword",
                      "Alias": "mk",
                      "Startup Cost": 0.43,
                      "Total Cost": 1.29,
                      "Plan Rows": 45,
                      "Plan Width": 4,
                      "Actual Startup Time": 0.004,
                      "Actual Total Time": 0.005,
                      "Actual Rows": 4,
                      "Actual Loops": 36136,
                      "Index Cond": "(movie_id = t.id)",
                      "Rows Removed by Index Recheck": 0,
                      "Heap Fetches": 150952
                    }
                  ]
                }
              ]
            }
          ]
        }
      ]
    },
    "Planning Time": 1.391,
    "Triggers": [],
    "Execution Time": 231.972
  }
]