{
  "Plan": {
    "Node Type": "Aggregate",
    "Strategy": "Plain",
    "Partial Mode": "Finalize",
    "Parallel Aware": false,
    "Startup Cost": 247492.42,
    "Total Cost": 247492.43,
    "Plan Rows": 1,
    "Plan Width": 8,
    "Actual Startup Time": 448.137,
    "Actual Total Time": 465.047,
    "Actual Rows": 1,
    "Actual Loops": 1,
    "Plans": [
      {
        "Node Type": "Gather",
        "Parent Relationship": "Outer",
        "Parallel Aware": false,
        "Startup Cost": 247492.31,
        "Total Cost": 247492.42,
        "Plan Rows": 1,
        "Plan Width": 8,
        "Actual Startup Time": 447.884,
        "Actual Total Time": 465.041,
        "Actual Rows": 2,
        "Actual Loops": 1,
        "Workers Planned": 1,
        "Workers Launched": 1,
        "Single Copy": false,
        "Plans": [
          {
            "Node Type": "Aggregate",
            "Strategy": "Plain",
            "Partial Mode": "Partial",
            "Parent Relationship": "Outer",
            "Parallel Aware": false,
            "Startup Cost": 246492.31,
            "Total Cost": 246492.32,
            "Plan Rows": 1,
            "Plan Width": 8,
            "Actual Startup Time": 441.632,
            "Actual Total Time": 441.635,
            "Actual Rows": 1,
            "Actual Loops": 2,
            "Plans": [
              {
                "Node Type": "Nested Loop",
                "Parent Relationship": "Outer",
                "Parallel Aware": false,
                "Join Type": "Inner",
                "Startup Cost": 65214.99,
                "Total Cost": 246462.09,
                "Plan Rows": 12088,
                "Plan Width": 0,
                "Actual Startup Time": 170.476,
                "Actual Total Time": 412.714,
                "Actual Rows": 712662,
                "Actual Loops": 2,
                "Inner Unique": false,
                "Join Filter": "(t.id = mk.movie_id)",
                "Rows Removed by Join Filter": 0,
                "Plans": [
                  {
                    "Node Type": "Hash Join",
                    "Parent Relationship": "Outer",
                    "Parallel Aware": true,
                    "Join Type": "Inner",
                    "Startup Cost": 65214.56,
                    "Total Cost": 232240.82,
                    "Plan Rows": 6755,
                    "Plan Width": 8,
                    "Actual Startup Time": 170.115,
                    "Actual Total Time": 214.553,
                    "Actual Rows": 10130,
                    "Actual Loops": 2,
                    "Inner Unique": true,
                    "Hash Cond": "(mi.movie_id = t.id)",
                    "Plans": [
                      {
                        "Node Type": "Bitmap Heap Scan",
                        "Parent Relationship": "Outer",
                        "Parallel Aware": true,
                        "Relation Name": "movie_info",
                        "Alias": "mi",
                        "Startup Cost": 10248.78,
                        "Total Cost": 176401.5,
                        "Plan Rows": 332778,
                        "Plan Width": 4,
                        "Actual Startup Time": 16.707,
                        "Actual Total Time": 43.478,
                        "Actual Rows": 271684,
                        "Actual Loops": 2,
                        "Recheck Cond": "(info_type_id > 98)",
                        "Rows Removed by Index Recheck": 0,
                        "Exact Heap Blocks": 3634,
                        "Lossy Heap Blocks": 0,
                        "Plans": [
                          {
                            "Node Type": "Bitmap Index Scan",
                            "Parent Relationship": "Outer",
                            "Parallel Aware": false,
                            "Index Name": "info_type_id_movie_info",
                            "Startup Cost": 0.0,
                            "Total Cost": 10107.35,
                            "Plan Rows": 565722,
                            "Plan Width": 0,
                            "Actual Startup Time": 15.873,
                            "Actual Total Time": 15.874,
                            "Actual Rows": 543367,
                            "Actual Loops": 1,
                            "Index Cond": "(info_type_id > 98)"
                          }
                        ]
                      },
                      {
                        "Node Type": "Hash",
                        "Parent Relationship": "Inner",
                        "Parallel Aware": true,
                        "Startup Cost": 54588.39,
                        "Total Cost": 54588.39,
                        "Plan Rows": 30191,
                        "Plan Width": 4,
                        "Actual Startup Time": 142.656,
                        "Actual Total Time": 142.657,
                        "Actual Rows": 26506,
                        "Actual Loops": 2,
                        "Hash Buckets": 65536,
                        "Original Hash Buckets": 65536,
                        "Hash Batches": 1,
                        "Original Hash Batches": 1,
                        "Peak Memory Usage": 2624,
                        "Plans": [
                          {
                            "Node Type": "Seq Scan",
                            "Parent Relationship": "Outer",
                            "Parallel Aware": true,
                            "Relation Name": "title",
                            "Alias": "t",
                            "Startup Cost": 0.0,
                            "Total Cost": 54588.39,
                            "Plan Rows": 30191,
                            "Plan Width": 4,
                            "Actual Startup Time": 0.051,
                            "Actual Total Time": 135.024,
                            "Actual Rows": 26506,
                            "Actual Loops": 2,
                            "Filter": "(production_year = 2000)",
                            "Rows Removed by Filter": 1237650
                          }
                        ]
                      }
                    ]
                  },
                  {
                    "Node Type": "Index Only Scan",
                    "Parent Relationship": "Inner",
                    "Parallel Aware": false,
                    "Scan Direction": "Forward",
                    "Index Name": "movie_id_movie_keyword",
                    "Relation Name": "movie_keyword",
                    "Alias": "mk",
                    "Startup Cost": 0.43,
                    "Total Cost": 1.54,
                    "Plan Rows": 45,
                    "Plan Width": 4,
                    "Actual Startup Time": 0.004,
                    "Actual Total Time": 0.014,
                    "Actual Rows": 70,
                    "Actual Loops": 20261,
                    "Index Cond": "(movie_id = mi.movie_id)",
                    "Rows Removed by Index Recheck": 0,
                    "Heap Fetches": 1425324
                  }
                ]
              }
            ]
          }
        ]
      }
    ]
  },
  "Planning Time": 0.963,
  "Triggers": [],
  "Execution Time": 465.154
}