[
  {
    "Plan": {
      "Node Type": "Aggregate",
      "Strategy": "Plain",
      "Partial Mode": "Finalize",
      "Parallel Aware": false,
      "Startup Cost": 73438.15,
      "Total Cost": 73438.16,
      "Plan Rows": 1,
      "Plan Width": 8,
      "Actual Startup Time": 396.085,
      "Actual Total Time": 413.419,
      "Actual Rows": 1,
      "Actual Loops": 1,
      "Plans": [
        {
          "Node Type": "Gather",
          "Parent Relationship": "Outer",
          "Parallel Aware": false,
          "Startup Cost": 73437.84,
          "Total Cost": 73438.15,
          "Plan Rows": 3,
          "Plan Width": 8,
          "Actual Startup Time": 386.464,
          "Actual Total Time": 413.411,
          "Actual Rows": 4,
          "Actual Loops": 1,
          "Workers Planned": 3,
          "Workers Launched": 3,
          "Single Copy": false,
          "Plans": [
            {
              "Node Type": "Aggregate",
              "Strategy": "Plain",
              "Partial Mode": "Partial",
              "Parent Relationship": "Outer",
              "Parallel Aware": false,
              "Startup Cost": 72437.84,
              "Total Cost": 72437.85,
              "Plan Rows": 1,
              "Plan Width": 8,
              "Actual Startup Time": 369.646,
              "Actual Total Time": 369.649,
              "Actual Rows": 1,
              "Actual Loops": 4,
              "Plans": [
                {
                  "Node Type": "Hash Join",
                  "Parent Relationship": "Outer",
                  "Parallel Aware": true,
                  "Join Type": "Inner",
                  "Startup Cost": 52932.65,
                  "Total Cost": 72385.97,
                  "Plan Rows": 20745,
                  "Plan Width": 0,
                  "Actual Startup Time": 345.529,
                  "Actual Total Time": 368.305,
                  "Actual Rows": 30790,
                  "Actual Loops": 4,
                  "Inner Unique": true,
                  "Hash Cond": "(mc.movie_id = t.id)",
                  "Plans": [
                    {
                      "Node Type": "Bitmap Heap Scan",
                      "Parent Relationship": "Outer",
                      "Parallel Aware": true,
                      "Relation Name": "movie_companies",
                      "Alias": "mc",
                      "Startup Cost": 2712.26,
                      "Total Cost": 22111.14,
                      "Plan Rows": 20745,
                      "Plan Width": 4,
                      "Actual Startup Time": 4.972,
                      "Actual Total Time": 14.652,
                      "Actual Rows": 30790,
                      "Actual Loops": 4,
                      "Recheck Cond": "(company_id > 144700)",
                      "Rows Removed by Index Recheck": 0,
                      "Filter": "(company_type_id = 2)",
                      "Rows Removed by Filter": 0,
                      "Exact Heap Blocks": 1017,
                      "Lossy Heap Blocks": 0,
                      "Plans": [
                        {
                          "Node Type": "Bitmap Index Scan",
                          "Parent Relationship": "Outer",
                          "Parallel Aware": false,
                          "Index Name": "company_id_movie_companies",
                          "Startup Cost": 0.0,
                          "Total Cost": 2696.18,
                          "Plan Rows": 125834,
                          "Plan Width": 0,
                          "Actual Startup Time": 4.445,
                          "Actual Total Time": 4.445,
                          "Actual Rows": 123158,
                          "Actual Loops": 1,
                          "Index Cond": "(company_id > 144700)"
                        }
                      ]
                    },
                    {
                      "Node Type": "Hash",
                      "Parent Relationship": "Inner",
                      "Parallel Aware": true,
                      "Startup Cost": 42319.06,
                      "Total Cost": 42319.06,
                      "Plan Rows": 632106,
                      "Plan Width": 4,
                      "Actual Startup Time": 330.166,
                      "Actual Total Time": 330.167,
                      "Actual Rows": 632078,
                      "Actual Loops": 4,
                      "Hash Buckets": 4194304,
                      "Original Hash Buckets": 4194304,
                      "Hash Batches": 1,
                      "Original Hash Batches": 1,
                      "Peak Memory Usage": 131744,
                      "Plans": [
                        {
                          "Node Type": "Seq Scan",
                          "Parent Relationship": "Outer",
                          "Parallel Aware": true,
                          "Relation Name": "title",
                          "Alias": "t",
                          "Startup Cost": 0.0,
                          "Total Cost": 42319.06,
                          "Plan Rows": 632106,
                          "Plan Width": 4,
                          "Actual Startup Time": 0.047,
                          "Actual Total Time": 97.888,
                          "Actual Rows": 632078,
                          "Actual Loops": 4
                        }
                      ]
                    }
                  ]
                }
              ]
            }
          ]
        }
      ]
    },
    "Planning Time": 0.422,
    "Triggers": [],
    "Execution Time": 413.477
  }
]