[
  {
    "Plan": {
      "Node Type": "Aggregate",
      "Strategy": "Plain",
      "Partial Mode": "Finalize",
      "Parallel Aware": false,
      "Startup Cost": 68989.49,
      "Total Cost": 68989.5,
      "Plan Rows": 1,
      "Plan Width": 8,
      "Actual Startup Time": 204.868,
      "Actual Total Time": 219.297,
      "Actual Rows": 1,
      "Actual Loops": 1,
      "Plans": [
        {
          "Node Type": "Gather",
          "Parent Relationship": "Outer",
          "Parallel Aware": false,
          "Startup Cost": 68989.07,
          "Total Cost": 68989.48,
          "Plan Rows": 4,
          "Plan Width": 8,
          "Actual Startup Time": 204.213,
          "Actual Total Time": 219.287,
          "Actual Rows": 5,
          "Actual Loops": 1,
          "Workers Planned": 4,
          "Workers Launched": 4,
          "Single Copy": false,
          "Plans": [
            {
              "Node Type": "Aggregate",
              "Strategy": "Plain",
              "Partial Mode": "Partial",
              "Parent Relationship": "Outer",
              "Parallel Aware": false,
              "Startup Cost": 67989.07,
              "Total Cost": 67989.08,
              "Plan Rows": 1,
              "Plan Width": 8,
              "Actual Startup Time": 193.951,
              "Actual Total Time": 193.962,
              "Actual Rows": 1,
              "Actual Loops": 5,
              "Plans": [
                {
                  "Node Type": "Hash Join",
                  "Parent Relationship": "Outer",
                  "Parallel Aware": true,
                  "Join Type": "Inner",
                  "Startup Cost": 22417.29,
                  "Total Cost": 67948.6,
                  "Plan Rows": 16188,
                  "Plan Width": 0,
                  "Actual Startup Time": 145.312,
                  "Actual Total Time": 192.767,
                  "Actual Rows": 24632,
                  "Actual Loops": 5,
                  "Inner Unique": false,
                  "Hash Cond": "(t.id = mc.movie_id)",
                  "Plans": [
                    {
                      "Node Type": "Seq Scan",
                      "Parent Relationship": "Outer",
                      "Parallel Aware": true,
                      "Relation Name": "title",
                      "Alias": "t",
                      "Startup Cost": 0.0,
                      "Total Cost": 42318.73,
                      "Plan Rows": 632073,
                      "Plan Width": 4,
                      "Actual Startup Time": 0.012,
                      "Actual Total Time": 68.974,
                      "Actual Rows": 505662,
                      "Actual Loops": 5
                    },
                    {
                      "Node Type": "Hash",
                      "Parent Relationship": "Inner",
                      "Parallel Aware": true,
                      "Startup Cost": 22156.19,
                      "Total Cost": 22156.19,
                      "Plan Rows": 20888,
                      "Plan Width": 4,
                      "Actual Startup Time": 48.006,
                      "Actual Total Time": 48.008,
                      "Actual Rows": 24632,
                      "Actual Loops": 5,
                      "Hash Buckets": 131072,
                      "Original Hash Buckets": 65536,
                      "Hash Batches": 1,
                      "Original Hash Batches": 1,
                      "Peak Memory Usage": 6432,
                      "Plans": [
                        {
                          "Node Type": "Bitmap Heap Scan",
                          "Parent Relationship": "Outer",
                          "Parallel Aware": true,
                          "Relation Name": "movie_companies",
                          "Alias": "mc",
                          "Startup Cost": 2749.1,
                          "Total Cost": 22156.19,
                          "Plan Rows": 20888,
                          "Plan Width": 4,
                          "Actual Startup Time": 10.214,
                          "Actual Total Time": 32.691,
                          "Actual Rows": 24632,
                          "Actual Loops": 5,
                          "Recheck Cond": "(company_id > 144700)",
                          "Rows Removed by Index Recheck": 0,
                          "Filter": "(company_type_id = 2)",
                          "Rows Removed by Filter": 0,
                          "Exact Heap Blocks": 1428,
                          "Lossy Heap Blocks": 0,
                          "Plans": [
                            {
                              "Node Type": "Bitmap Index Scan",
                              "Parent Relationship": "Outer",
                              "Parallel Aware": false,
                              "Index Name": "company_id_movie_companies",
                              "Startup Cost": 0.0,
                              "Total Cost": 2732.91,
                              "Plan Rows": 127531,
                              "Plan Width": 0,
                              "Actual Startup Time": 15.221,
                              "Actual Total Time": 15.222,
                              "Actual Rows": 123158,
                              "Actual Loops": 1,
                              "Index Cond": "(company_id > 144700)"
                            }
                          ]
                        }
                      ]
                    }
                  ]
                }
              ]
            }
          ]
        }
      ]
    },
    "Planning Time": 0.666,
    "Triggers": [],
    "Execution Time": 219.392
  }
]