[
  {
    "Plan": {
      "Node Type": "Aggregate",
      "Strategy": "Plain",
      "Partial Mode": "Finalize",
      "Parallel Aware": false,
      "Startup Cost": 58835.7,
      "Total Cost": 58835.71,
      "Plan Rows": 1,
      "Plan Width": 8,
      "Actual Startup Time": 99.71,
      "Actual Total Time": 114.568,
      "Actual Rows": 1,
      "Actual Loops": 1,
      "Plans": [
        {
          "Node Type": "Gather",
          "Parent Relationship": "Outer",
          "Parallel Aware": false,
          "Startup Cost": 58835.28,
          "Total Cost": 58835.69,
          "Plan Rows": 4,
          "Plan Width": 8,
          "Actual Startup Time": 99.54,
          "Actual Total Time": 114.558,
          "Actual Rows": 5,
          "Actual Loops": 1,
          "Workers Planned": 4,
          "Workers Launched": 4,
          "Single Copy": false,
          "Plans": [
            {
              "Node Type": "Aggregate",
              "Strategy": "Plain",
              "Partial Mode": "Partial",
              "Parent Relationship": "Outer",
              "Parallel Aware": false,
              "Startup Cost": 57835.28,
              "Total Cost": 57835.29,
              "Plan Rows": 1,
              "Plan Width": 8,
              "Actual Startup Time": 92.477,
              "Actual Total Time": 92.48,
              "Actual Rows": 1,
              "Actual Loops": 5,
              "Plans": [
                {
                  "Node Type": "Nested Loop",
                  "Parent Relationship": "Outer",
                  "Parallel Aware": false,
                  "Join Type": "Inner",
                  "Startup Cost": 0.43,
                  "Total Cost": 57829.03,
                  "Plan Rows": 2500,
                  "Plan Width": 0,
                  "Actual Startup Time": 2.27,
                  "Actual Total Time": 92.273,
                  "Actual Rows": 3574,
                  "Actual Loops": 5,
                  "Inner Unique": false,
                  "Plans": [
                    {
                      "Node Type": "Seq Scan",
                      "Parent Relationship": "Outer",
                      "Parallel Aware": true,
                      "Relation Name": "title",
                      "Alias": "t",
                      "Startup Cost": 0.0,
                      "Total Cost": 45479.59,
                      "Plan Rows": 1398,
                      "Plan Width": 4,
                      "Actual Startup Time": 1.314,
                      "Actual Total Time": 77.89,
                      "Actual Rows": 1048,
                      "Actual Loops": 5,
                      "Filter": "((kind_id < 7) AND (production_year = 1965))",
                      "Rows Removed by Filter": 504615
                    },
                    {
                      "Node Type": "Index Only Scan",
                      "Parent Relationship": "Inner",
                      "Parallel Aware": false,
                      "Scan Direction": "Forward",
                      "Index Name": "movie_id_movie_keyword",
                      "Relation Name": "movie_keyword",
                      "Alias": "mk",
                      "Startup Cost": 0.43,
                      "Total Cost": 8.37,
                      "Plan Rows": 46,
                      "Plan Width": 4,
                      "Actual Startup Time": 0.012,
                      "Actual Total Time": 0.013,
                      "Actual Rows": 3,
                      "Actual Loops": 5239,
                      "Index Cond": "(movie_id = t.id)",
                      "Rows Removed by Index Recheck": 0,
                      "Heap Fetches": 17869
                    }
                  ]
                }
              ]
            }
          ]
        }
      ]
    },
    "Planning Time": 0.497,
    "Triggers": [],
    "Execution Time": 114.635
  }
]