[
    {
        "Bao": {
            "Bao prediction": "NaN",
            "Bao recommended hint": "(no hint)"
        }
    },
    {
        "Plan": {
            "Node Type": "Aggregate",
            "Strategy": "Plain",
            "Partial Mode": "Finalize",
            "Parallel Aware": false,
            "Startup Cost": 330818.54,
            "Total Cost": 330818.55,
            "Plan Rows": 1,
            "Plan Width": 8,
            "Actual Startup Time": 1467.122,
            "Actual Total Time": 1521.43,
            "Actual Rows": 1,
            "Actual Loops": 1,
            "Output": [
                "count(*)"
            ],
            "Plans": [
                {
                    "Node Type": "Gather",
                    "Parent Relationship": "Outer",
                    "Parallel Aware": false,
                    "Startup Cost": 330818.02,
                    "Total Cost": 330818.53,
                    "Plan Rows": 5,
                    "Plan Width": 8,
                    "Actual Startup Time": 1465.56,
                    "Actual Total Time": 1521.417,
                    "Actual Rows": 6,
                    "Actual Loops": 1,
                    "Output": [
                        "(PARTIAL count(*))"
                    ],
                    "Workers Planned": 5,
                    "Workers Launched": 5,
                    "Single Copy": false,
                    "Plans": [
                        {
                            "Node Type": "Aggregate",
                            "Strategy": "Plain",
                            "Partial Mode": "Partial",
                            "Parent Relationship": "Outer",
                            "Parallel Aware": false,
                            "Startup Cost": 329818.02,
                            "Total Cost": 329818.03,
                            "Plan Rows": 1,
                            "Plan Width": 8,
                            "Actual Startup Time": 1455.269,
                            "Actual Total Time": 1455.272,
                            "Actual Rows": 1,
                            "Actual Loops": 6,
                            "Output": [
                                "PARTIAL count(*)"
                            ],
                            "Workers": [
                                {
                                    "Worker Number": 0,
                                    "Actual Startup Time": 1452.702,
                                    "Actual Total Time": 1452.705,
                                    "Actual Rows": 1,
                                    "Actual Loops": 1
                                },
                                {
                                    "Worker Number": 1,
                                    "Actual Startup Time": 1453.191,
                                    "Actual Total Time": 1453.195,
                                    "Actual Rows": 1,
                                    "Actual Loops": 1
                                },
                                {
                                    "Worker Number": 2,
                                    "Actual Startup Time": 1452.79,
                                    "Actual Total Time": 1452.794,
                                    "Actual Rows": 1,
                                    "Actual Loops": 1
                                },
                                {
                                    "Worker Number": 3,
                                    "Actual Startup Time": 1453.36,
                                    "Actual Total Time": 1453.363,
                                    "Actual Rows": 1,
                                    "Actual Loops": 1
                                },
                                {
                                    "Worker Number": 4,
                                    "Actual Startup Time": 1454.617,
                                    "Actual Total Time": 1454.62,
                                    "Actual Rows": 1,
                                    "Actual Loops": 1
                                }
                            ],
                            "Plans": [
                                {
                                    "Node Type": "Nested Loop",
                                    "Parent Relationship": "Outer",
                                    "Parallel Aware": false,
                                    "Join Type": "Inner",
                                    "Startup Cost": 60529.0,
                                    "Total Cost": 328823.26,
                                    "Plan Rows": 397902,
                                    "Plan Width": 0,
                                    "Actual Startup Time": 133.092,
                                    "Actual Total Time": 1405.324,
                                    "Actual Rows": 857707,
                                    "Actual Loops": 6,
                                    "Inner Unique": false,
                                    "Join Filter": "(t.id = ci.movie_id)",
                                    "Rows Removed by Join Filter": 0,
                                    "Workers": [
                                        {
                                            "Worker Number": 0,
                                            "Actual Startup Time": 130.598,
                                            "Actual Total Time": 1397.874,
                                            "Actual Rows": 720818,
                                            "Actual Loops": 1
                                        },
                                        {
                                            "Worker Number": 1,
                                            "Actual Startup Time": 130.469,
                                            "Actual Total Time": 1398.926,
                                            "Actual Rows": 689146,
                                            "Actual Loops": 1
                                        },
                                        {
                                            "Worker Number": 2,
                                            "Actual Startup Time": 131.19,
                                            "Actual Total Time": 1398.422,
                                            "Actual Rows": 688056,
                                            "Actual Loops": 1
                                        },
                                        {
                                            "Worker Number": 3,
                                            "Actual Startup Time": 132.018,
                                            "Actual Total Time": 1407.7,
                                            "Actual Rows": 968842,
                                            "Actual Loops": 1
                                        },
                                        {
                                            "Worker Number": 4,
                                            "Actual Startup Time": 131.928,
                                            "Actual Total Time": 1409.24,
                                            "Actual Rows": 972223,
                                            "Actual Loops": 1
                                        }
                                    ],
                                    "Plans": [
                                        {
                                            "Node Type": "Hash Join",
                                            "Parent Relationship": "Outer",
                                            "Parallel Aware": true,
                                            "Join Type": "Inner",
                                            "Startup Cost": 60528.44,
                                            "Total Cost": 224787.36,
                                            "Plan Rows": 27750,
                                            "Plan Width": 8,
                                            "Actual Startup Time": 132.895,
                                            "Actual Total Time": 216.089,
                                            "Actual Rows": 48616,
                                            "Actual Loops": 6,
                                            "Output": [
                                                "t.id",
                                                "mi.movie_id"
                                            ],
                                            "Inner Unique": true,
                                            "Hash Cond": "(mi.movie_id = t.id)",
                                            "Workers": [
                                                {
                                                    "Worker Number": 0,
                                                    "Actual Startup Time": 130.319,
                                                    "Actual Total Time": 207.862,
                                                    "Actual Rows": 40221,
                                                    "Actual Loops": 1
                                                },
                                                {
                                                    "Worker Number": 1,
                                                    "Actual Startup Time": 130.339,
                                                    "Actual Total Time": 205.963,
                                                    "Actual Rows": 38789,
                                                    "Actual Loops": 1
                                                },
                                                {
                                                    "Worker Number": 2,
                                                    "Actual Startup Time": 130.919,
                                                    "Actual Total Time": 210.471,
                                                    "Actual Rows": 39261,
                                                    "Actual Loops": 1
                                                },
                                                {
                                                    "Worker Number": 3,
                                                    "Actual Startup Time": 131.894,
                                                    "Actual Total Time": 214.026,
                                                    "Actual Rows": 54714,
                                                    "Actual Loops": 1
                                                },
                                                {
                                                    "Worker Number": 4,
                                                    "Actual Startup Time": 131.577,
                                                    "Actual Total Time": 213.168,
                                                    "Actual Rows": 54144,
                                                    "Actual Loops": 1
                                                }
                                            ],
                                            "Plans": [
                                                {
                                                    "Node Type": "Bitmap Heap Scan",
                                                    "Parent Relationship": "Outer",
                                                    "Parallel Aware": true,
                                                    "Relation Name": "movie_info",
                                                    "Schema": "public",
                                                    "Alias": "mi",
                                                    "Startup Cost": 13585.7,
                                                    "Total Cost": 177451.37,
                                                    "Plan Rows": 149813,
                                                    "Plan Width": 4,
                                                    "Actual Startup Time": 27.782,
                                                    "Actual Total Time": 45.176,
                                                    "Actual Rows": 133690,
                                                    "Actual Loops": 6,
                                                    "Output": [
                                                        "mi.id",
                                                        "mi.movie_id",
                                                        "mi.info_type_id",
                                                        "mi.info",
                                                        "mi.note"
                                                    ],
                                                    "Recheck Cond": "(mi.info_type_id = 1)",
                                                    "Rows Removed by Index Recheck": 0,
                                                    "Exact Heap Blocks": 1271,
                                                    "Lossy Heap Blocks": 0,
                                                    "Workers": [
                                                        {
                                                            "Worker Number": 0,
                                                            "Actual Startup Time": 27.856,
                                                            "Actual Total Time": 45.241,
                                                            "Actual Rows": 103898,
                                                            "Actual Loops": 1
                                                        },
                                                        {
                                                            "Worker Number": 1,
                                                            "Actual Startup Time": 27.713,
                                                            "Actual Total Time": 45.285,
                                                            "Actual Rows": 100827,
                                                            "Actual Loops": 1
                                                        },
                                                        {
                                                            "Worker Number": 2,
                                                            "Actual Startup Time": 27.801,
                                                            "Actual Total Time": 45.499,
                                                            "Actual Rows": 103531,
                                                            "Actual Loops": 1
                                                        },
                                                        {
                                                            "Worker Number": 3,
                                                            "Actual Startup Time": 27.908,
                                                            "Actual Total Time": 43.794,
                                                            "Actual Rows": 144606,
                                                            "Actual Loops": 1
                                                        },
                                                        {
                                                            "Worker Number": 4,
                                                            "Actual Startup Time": 27.83,
                                                            "Actual Total Time": 43.428,
                                                            "Actual Rows": 142153,
                                                            "Actual Loops": 1
                                                        }
                                                    ],
                                                    "Plans": [
                                                        {
                                                            "Node Type": "Bitmap Index Scan",
                                                            "Parent Relationship": "Outer",
                                                            "Parallel Aware": false,
                                                            "Index Name": "info_type_id_movie_info",
                                                            "Startup Cost": 0.0,
                                                            "Total Cost": 13398.44,
                                                            "Plan Rows": 749067,
                                                            "Plan Width": 0,
                                                            "Actual Startup Time": 26.916,
                                                            "Actual Total Time": 26.917,
                                                            "Actual Rows": 802140,
                                                            "Actual Loops": 1,
                                                            "Index Cond": "(mi.info_type_id = 1)"
                                                        }
                                                    ]
                                                },
                                                {
                                                    "Node Type": "Hash",
                                                    "Parent Relationship": "Inner",
                                                    "Parallel Aware": true,
                                                    "Startup Cost": 45479.21,
                                                    "Total Cost": 45479.21,
                                                    "Plan Rows": 117082,
                                                    "Plan Width": 4,
                                                    "Actual Startup Time": 103.621,
                                                    "Actual Total Time": 103.622,
                                                    "Actual Rows": 66060,
                                                    "Actual Loops": 6,
                                                    "Output": [
                                                        "t.id"
                                                    ],
                                                    "Hash Buckets": 524288,
                                                    "Original Hash Buckets": 524288,
                                                    "Hash Batches": 1,
                                                    "Original Hash Batches": 1,
                                                    "Peak Memory Usage": 19680,
                                                    "Workers": [
                                                        {
                                                            "Worker Number": 0,
                                                            "Actual Startup Time": 101.994,
                                                            "Actual Total Time": 101.994,
                                                            "Actual Rows": 51245,
                                                            "Actual Loops": 1
                                                        },
                                                        {
                                                            "Worker Number": 1,
                                                            "Actual Startup Time": 102.164,
                                                            "Actual Total Time": 102.165,
                                                            "Actual Rows": 48408,
                                                            "Actual Loops": 1
                                                        },
                                                        {
                                                            "Worker Number": 2,
                                                            "Actual Startup Time": 102.663,
                                                            "Actual Total Time": 102.664,
                                                            "Actual Rows": 51032,
                                                            "Actual Loops": 1
                                                        },
                                                        {
                                                            "Worker Number": 3,
                                                            "Actual Startup Time": 103.156,
                                                            "Actual Total Time": 103.157,
                                                            "Actual Rows": 75842,
                                                            "Actual Loops": 1
                                                        },
                                                        {
                                                            "Worker Number": 4,
                                                            "Actual Startup Time": 103.35,
                                                            "Actual Total Time": 103.35,
                                                            "Actual Rows": 76715,
                                                            "Actual Loops": 1
                                                        }
                                                    ],
                                                    "Plans": [
                                                        {
                                                            "Node Type": "Seq Scan",
                                                            "Parent Relationship": "Outer",
                                                            "Parallel Aware": true,
                                                            "Relation Name": "title",
                                                            "Schema": "public",
                                                            "Alias": "t",
                                                            "Startup Cost": 0.0,
                                                            "Total Cost": 45479.21,
                                                            "Plan Rows": 117082,
                                                            "Plan Width": 4,
                                                            "Actual Startup Time": 0.046,
                                                            "Actual Total Time": 76.611,
                                                            "Actual Rows": 66060,
                                                            "Actual Loops": 6,
                                                            "Output": [
                                                                "t.id"
                                                            ],
                                                            "Filter": "((t.kind_id < 7) AND (t.production_year > 2003))",
                                                            "Rows Removed by Filter": 355326,
                                                            "Workers": [
                                                                {
                                                                    "Worker Number": 0,
                                                                    "Actual Startup Time": 0.054,
                                                                    "Actual Total Time": 76.327,
                                                                    "Actual Rows": 51245,
                                                                    "Actual Loops": 1
                                                                },
                                                                {
                                                                    "Worker Number": 1,
                                                                    "Actual Startup Time": 0.065,
                                                                    "Actual Total Time": 76.66,
                                                                    "Actual Rows": 48408,
                                                                    "Actual Loops": 1
                                                                },
                                                                {
                                                                    "Worker Number": 2,
                                                                    "Actual Startup Time": 0.052,
                                                                    "Actual Total Time": 77.044,
                                                                    "Actual Rows": 51032,
                                                                    "Actual Loops": 1
                                                                },
                                                                {
                                                                    "Worker Number": 3,
                                                                    "Actual Startup Time": 0.052,
                                                                    "Actual Total Time": 75.612,
                                                                    "Actual Rows": 75842,
                                                                    "Actual Loops": 1
                                                                },
                                                                {
                                                                    "Worker Number": 4,
                                                                    "Actual Startup Time": 0.039,
                                                                    "Actual Total Time": 76.424,
                                                                    "Actual Rows": 76715,
                                                                    "Actual Loops": 1
                                                                }
                                                            ]
                                                        }
                                                    ]
                                                }
                                            ]
                                        },
                                        {
                                            "Node Type": "Index Only Scan",
                                            "Parent Relationship": "Inner",
                                            "Parallel Aware": false,
                                            "Scan Direction": "Forward",
                                            "Index Name": "movie_id_cast_info",
                                            "Relation Name": "cast_info",
                                            "Schema": "public",
                                            "Alias": "ci",
                                            "Startup Cost": 0.56,
                                            "Total Cost": 3.27,
                                            "Plan Rows": 38,
                                            "Plan Width": 4,
                                            "Actual Startup Time": 0.005,
                                            "Actual Total Time": 0.022,
                                            "Actual Rows": 18,
                                            "Actual Loops": 291697,
                                            "Output": [
                                                "ci.movie_id"
                                            ],
                                            "Index Cond": "(ci.movie_id = mi.movie_id)",
                                            "Rows Removed by Index Recheck": 0,
                                            "Heap Fetches": 5146241,
                                            "Workers": [
                                                {
                                                    "Worker Number": 0,
                                                    "Actual Startup Time": 0.007,
                                                    "Actual Total Time": 0.027,
                                                    "Actual Rows": 18,
                                                    "Actual Loops": 40221
                                                },
                                                {
                                                    "Worker Number": 1,
                                                    "Actual Startup Time": 0.007,
                                                    "Actual Total Time": 0.028,
                                                    "Actual Rows": 18,
                                                    "Actual Loops": 38789
                                                },
                                                {
                                                    "Worker Number": 2,
                                                    "Actual Startup Time": 0.007,
                                                    "Actual Total Time": 0.027,
                                                    "Actual Rows": 18,
                                                    "Actual Loops": 39261
                                                },
                                                {
                                                    "Worker Number": 3,
                                                    "Actual Startup Time": 0.005,
                                                    "Actual Total Time": 0.02,
                                                    "Actual Rows": 18,
                                                    "Actual Loops": 54714
                                                },
                                                {
                                                    "Worker Number": 4,
                                                    "Actual Startup Time": 0.005,
                                                    "Actual Total Time": 0.02,
                                                    "Actual Rows": 18,
                                                    "Actual Loops": 54144
                                                }
                                            ]
                                        }
                                    ]
                                }
                            ]
                        }
                    ]
                }
            ]
        },
        "Planning Time": 214.222,
        "Triggers": [],
        "Execution Time": 1521.62
    }
]