{
  "Plan": {
    "Node Type": "Aggregate",
    "Strategy": "Plain",
    "Partial Mode": "Finalize",
    "Parallel Aware": false,
    "Startup Cost": 274238.48,
    "Total Cost": 274238.49,
    "Plan Rows": 1,
    "Plan Width": 8,
    "Actual Startup Time": 491.077,
    "Actual Total Time": 520.387,
    "Actual Rows": 1,
    "Actual Loops": 1,
    "Plans": [
      {
        "Node Type": "Gather",
        "Parent Relationship": "Outer",
        "Parallel Aware": false,
        "Startup Cost": 274238.37,
        "Total Cost": 274238.48,
        "Plan Rows": 1,
        "Plan Width": 8,
        "Actual Startup Time": 489.702,
        "Actual Total Time": 520.378,
        "Actual Rows": 2,
        "Actual Loops": 1,
        "Workers Planned": 1,
        "Workers Launched": 1,
        "Single Copy": false,
        "Plans": [
          {
            "Node Type": "Aggregate",
            "Strategy": "Plain",
            "Partial Mode": "Partial",
            "Parent Relationship": "Outer",
            "Parallel Aware": false,
            "Startup Cost": 273238.37,
            "Total Cost": 273238.38,
            "Plan Rows": 1,
            "Plan Width": 8,
            "Actual Startup Time": 483.774,
            "Actual Total Time": 483.804,
            "Actual Rows": 1,
            "Actual Loops": 2,
            "Plans": [
              {
                "Node Type": "Hash Join",
                "Parent Relationship": "Outer",
                "Parallel Aware": true,
                "Join Type": "Inner",
                "Startup Cost": 93882.01,
                "Total Cost": 273188.89,
                "Plan Rows": 19792,
                "Plan Width": 0,
                "Actual Startup Time": 271.921,
                "Actual Total Time": 482.674,
                "Actual Rows": 22520,
                "Actual Loops": 2,
                "Inner Unique": true,
                "Hash Cond": "(mi.movie_id = t.id)",
                "Plans": [
                  {
                    "Node Type": "Bitmap Heap Scan",
                    "Parent Relationship": "Outer",
                    "Parallel Aware": true,
                    "Relation Name": "movie_info",
                    "Alias": "mi",
                    "Startup Cost": 35254.11,
                    "Total Cost": 211556.11,
                    "Plan Rows": 1144719,
                    "Plan Width": 4,
                    "Actual Startup Time": 66.626,
                    "Actual Total Time": 208.684,
                    "Actual Rows": 932816,
                    "Actual Loops": 2,
                    "Recheck Cond": "(info_type_id > 17)",
                    "Rows Removed by Index Recheck": 0,
                    "Exact Heap Blocks": 25871,
                    "Lossy Heap Blocks": 0,
                    "Plans": [
                      {
                        "Node Type": "Bitmap Index Scan",
                        "Parent Relationship": "Outer",
                        "Parallel Aware": false,
                        "Index Name": "info_type_id_movie_info",
                        "Startup Cost": 0.0,
                        "Total Cost": 34767.61,
                        "Plan Rows": 1946023,
                        "Plan Width": 0,
                        "Actual Startup Time": 60.005,
                        "Actual Total Time": 60.006,
                        "Actual Rows": 1865632,
                        "Actual Loops": 1,
                        "Index Cond": "(info_type_id > 17)"
                      }
                    ]
                  },
                  {
                    "Node Type": "Hash",
                    "Parent Relationship": "Inner",
                    "Parallel Aware": true,
                    "Startup Cost": 58306.47,
                    "Total Cost": 58306.47,
                    "Plan Rows": 25714,
                    "Plan Width": 4,
                    "Actual Startup Time": 165.917,
                    "Actual Total Time": 165.918,
                    "Actual Rows": 56256,
                    "Actual Loops": 2,
                    "Hash Buckets": 131072,
                    "Original Hash Buckets": 65536,
                    "Hash Batches": 1,
                    "Original Hash Batches": 1,
                    "Peak Memory Usage": 5984,
                    "Plans": [
                      {
                        "Node Type": "Seq Scan",
                        "Parent Relationship": "Outer",
                        "Parallel Aware": true,
                        "Relation Name": "title",
                        "Alias": "t",
                        "Startup Cost": 0.0,
                        "Total Cost": 58306.47,
                        "Plan Rows": 25714,
                        "Plan Width": 4,
                        "Actual Startup Time": 90.356,
                        "Actual Total Time": 149.19,
                        "Actual Rows": 56256,
                        "Actual Loops": 2,
                        "Filter": "((kind_id < 7) AND (production_year < 1929))",
                        "Rows Removed by Filter": 1207900
                      }
                    ]
                  }
                ]
              }
            ]
          }
        ]
      }
    ]
  },
  "Planning Time": 0.461,
  "Triggers": [],
  "Execution Time": 520.483
}