{
  "Plan": {
    "Node Type": "Aggregate",
    "Strategy": "Plain",
    "Partial Mode": "Finalize",
    "Parallel Aware": false,
    "Startup Cost": 355065.69,
    "Total Cost": 355065.7,
    "Plan Rows": 1,
    "Plan Width": 8,
    "Actual Startup Time": 1553.214,
    "Actual Total Time": 1578.726,
    "Actual Rows": 1,
    "Actual Loops": 1,
    "Plans": [
      {
        "Node Type": "Gather",
        "Parent Relationship": "Outer",
        "Parallel Aware": false,
        "Startup Cost": 355065.57,
        "Total Cost": 355065.68,
        "Plan Rows": 1,
        "Plan Width": 8,
        "Actual Startup Time": 1349.461,
        "Actual Total Time": 1578.706,
        "Actual Rows": 2,
        "Actual Loops": 1,
        "Workers Planned": 1,
        "Workers Launched": 1,
        "Single Copy": false,
        "Plans": [
          {
            "Node Type": "Aggregate",
            "Strategy": "Plain",
            "Partial Mode": "Partial",
            "Parent Relationship": "Outer",
            "Parallel Aware": false,
            "Startup Cost": 354065.57,
            "Total Cost": 354065.58,
            "Plan Rows": 1,
            "Plan Width": 8,
            "Actual Startup Time": 1441.196,
            "Actual Total Time": 1441.205,
            "Actual Rows": 1,
            "Actual Loops": 2,
            "Plans": [
              {
                "Node Type": "Merge Join",
                "Parent Relationship": "Outer",
                "Parallel Aware": false,
                "Join Type": "Inner",
                "Startup Cost": 212744.63,
                "Total Cost": 353080.39,
                "Plan Rows": 394075,
                "Plan Width": 0,
                "Actual Startup Time": 1283.682,
                "Actual Total Time": 1433.151,
                "Actual Rows": 191340,
                "Actual Loops": 2,
                "Inner Unique": false,
                "Merge Cond": "(mc.movie_id = t.id)",
                "Plans": [
                  {
                    "Node Type": "Index Only Scan",
                    "Parent Relationship": "Outer",
                    "Parallel Aware": true,
                    "Scan Direction": "Forward",
                    "Index Name": "movie_id_movie_companies",
                    "Relation Name": "movie_companies",
                    "Alias": "mc",
                    "Startup Cost": 0.43,
                    "Total Cost": 129315.97,
                    "Plan Rows": 1534782,
                    "Plan Width": 4,
                    "Actual Startup Time": 0.107,
                    "Actual Total Time": 104.303,
                    "Actual Rows": 455662,
                    "Actual Loops": 2,
                    "Heap Fetches": 911325
                  },
                  {
                    "Node Type": "Sort",
                    "Parent Relationship": "Inner",
                    "Parallel Aware": false,
                    "Startup Cost": 212744.13,
                    "Total Cost": 214367.06,
                    "Plan Rows": 649172,
                    "Plan Width": 8,
                    "Actual Startup Time": 1266.138,
                    "Actual Total Time": 1279.158,
                    "Actual Rows": 319642,
                    "Actual Loops": 2,
                    "Sort Key": [
                      "mk.movie_id"
                    ],
                    "Sort Method": "quicksort",
                    "Sort Space Used": 14430,
                    "Sort Space Type": "Memory",
                    "Workers": [
                      {
                        "Worker Number": 0,
                        "Sort Method": "quicksort",
                        "Sort Space Used": 14430,
                        "Sort Space Type": "Memory"
                      }
                    ],
                    "Plans": [
                      {
                        "Node Type": "Hash Join",
                        "Parent Relationship": "Outer",
                        "Parallel Aware": false,
                        "Join Type": "Inner",
                        "Startup Cost": 109465.53,
                        "Total Cost": 150072.29,
                        "Plan Rows": 649172,
                        "Plan Width": 8,
                        "Actual Startup Time": 861.802,
                        "Actual Total Time": 1220.445,
                        "Actual Rows": 176748,
                        "Actual Loops": 2,
                        "Inner Unique": true,
                        "Hash Cond": "(mk.movie_id = t.id)",
                        "Plans": [
                          {
                            "Node Type": "Bitmap Heap Scan",
                            "Parent Relationship": "Outer",
                            "Parallel Aware": false,
                            "Relation Name": "movie_keyword",
                            "Alias": "mk",
                            "Startup Cost": 22653.05,
                            "Total Cost": 60456.44,
                            "Plan Rows": 1067951,
                            "Plan Width": 4,
                            "Actual Startup Time": 95.324,
                            "Actual Total Time": 278.17,
                            "Actual Rows": 1064196,
                            "Actual Loops": 2,
                            "Recheck Cond": "(keyword_id > 16501)",
                            "Rows Removed by Index Recheck": 0,
                            "Exact Heap Blocks": 24053,
                            "Lossy Heap Blocks": 0,
                            "Plans": [
                              {
                                "Node Type": "Bitmap Index Scan",
                                "Parent Relationship": "Outer",
                                "Parallel Aware": false,
                                "Index Name": "keyword_id_movie_keyword",
                                "Startup Cost": 0.0,
                                "Total Cost": 22386.06,
                                "Plan Rows": 1067951,
                                "Plan Width": 0,
                                "Actual Startup Time": 91.43,
                                "Actual Total Time": 91.431,
                                "Actual Rows": 1064196,
                                "Actual Loops": 2,
                                "Index Cond": "(keyword_id > 16501)"
                              }
                            ]
                          },
                          {
                            "Node Type": "Hash",
                            "Parent Relationship": "Inner",
                            "Parallel Aware": false,
                            "Startup Cost": 67601.66,
                            "Total Cost": 67601.66,
                            "Plan Rows": 1536865,
                            "Plan Width": 4,
                            "Actual Startup Time": 757.835,
                            "Actual Total Time": 757.837,
                            "Actual Rows": 1543264,
                            "Actual Loops": 2,
                            "Hash Buckets": 2097152,
                            "Original Hash Buckets": 2097152,
                            "Hash Batches": 1,
                            "Original Hash Batches": 1,
                            "Peak Memory Usage": 70640,
                            "Plans": [
                              {
                                "Node Type": "Seq Scan",
                                "Parent Relationship": "Outer",
                                "Parallel Aware": false,
                                "Relation Name": "title",
                                "Alias": "t",
                                "Startup Cost": 0.0,
                                "Total Cost": 67601.66,
                                "Plan Rows": 1536865,
                                "Plan Width": 4,
                                "Actual Startup Time": 0.035,
                                "Actual Total Time": 363.7,
                                "Actual Rows": 1543264,
                                "Actual Loops": 2,
                                "Filter": "(kind_id = 7)",
                                "Rows Removed by Filter": 985048
                              }
                            ]
                          }
                        ]
                      }
                    ]
                  }
                ]
              }
            ]
          }
        ]
      }
    ]
  },
  "Planning Time": 1.065,
  "Triggers": [],
  "Execution Time": 1593.482
}