[
  {
    "Plan": {
      "Node Type": "Aggregate",
      "Strategy": "Plain",
      "Partial Mode": "Finalize",
      "Parallel Aware": false,
      "Startup Cost": 47320.55,
      "Total Cost": 47320.56,
      "Plan Rows": 1,
      "Plan Width": 8,
      "Actual Startup Time": 182.537,
      "Actual Total Time": 193.744,
      "Actual Rows": 1,
      "Actual Loops": 1,
      "Plans": [
        {
          "Node Type": "Gather",
          "Parent Relationship": "Outer",
          "Parallel Aware": false,
          "Startup Cost": 47320.23,
          "Total Cost": 47320.54,
          "Plan Rows": 3,
          "Plan Width": 8,
          "Actual Startup Time": 182.441,
          "Actual Total Time": 193.73,
          "Actual Rows": 4,
          "Actual Loops": 1,
          "Workers Planned": 3,
          "Workers Launched": 3,
          "Single Copy": false,
          "Plans": [
            {
              "Node Type": "Aggregate",
              "Strategy": "Plain",
              "Partial Mode": "Partial",
              "Parent Relationship": "Outer",
              "Parallel Aware": false,
              "Startup Cost": 46320.23,
              "Total Cost": 46320.24,
              "Plan Rows": 1,
              "Plan Width": 8,
              "Actual Startup Time": 179.357,
              "Actual Total Time": 179.359,
              "Actual Rows": 1,
              "Actual Loops": 4,
              "Plans": [
                {
                  "Node Type": "Seq Scan",
                  "Parent Relationship": "Outer",
                  "Parallel Aware": true,
                  "Relation Name": "movie_keyword",
                  "Alias": "mk",
                  "Startup Cost": 0.0,
                  "Total Cost": 42695.65,
                  "Plan Rows": 1449832,
                  "Plan Width": 0,
                  "Actual Startup Time": 0.024,
                  "Actual Total Time": 127.543,
                  "Actual Rows": 1123651,
                  "Actual Loops": 4,
                  "Filter": "(keyword_id < 110936)",
                  "Rows Removed by Filter": 7331
                }
              ]
            }
          ]
        }
      ]
    },
    "Planning Time": 0.14,
    "Triggers": [],
    "Execution Time": 193.782
  }
]