{
  "Plan": {
    "Node Type": "Aggregate",
    "Strategy": "Plain",
    "Partial Mode": "Finalize",
    "Parallel Aware": false,
    "Startup Cost": 272576.32,
    "Total Cost": 272576.33,
    "Plan Rows": 1,
    "Plan Width": 8,
    "Actual Startup Time": 2220.734,
    "Actual Total Time": 2290.933,
    "Actual Rows": 1,
    "Actual Loops": 1,
    "Plans": [
      {
        "Node Type": "Gather",
        "Parent Relationship": "Outer",
        "Parallel Aware": false,
        "Startup Cost": 272576.21,
        "Total Cost": 272576.32,
        "Plan Rows": 1,
        "Plan Width": 8,
        "Actual Startup Time": 2219.877,
        "Actual Total Time": 2290.923,
        "Actual Rows": 2,
        "Actual Loops": 1,
        "Workers Planned": 1,
        "Workers Launched": 1,
        "Single Copy": false,
        "Plans": [
          {
            "Node Type": "Aggregate",
            "Strategy": "Plain",
            "Partial Mode": "Partial",
            "Parent Relationship": "Outer",
            "Parallel Aware": false,
            "Startup Cost": 271576.21,
            "Total Cost": 271576.22,
            "Plan Rows": 1,
            "Plan Width": 8,
            "Actual Startup Time": 2213.851,
            "Actual Total Time": 2213.855,
            "Actual Rows": 1,
            "Actual Loops": 2,
            "Plans": [
              {
                "Node Type": "Nested Loop",
                "Parent Relationship": "Outer",
                "Parallel Aware": false,
                "Join Type": "Inner",
                "Startup Cost": 59961.3,
                "Total Cost": 271483.96,
                "Plan Rows": 36899,
                "Plan Width": 0,
                "Actual Startup Time": 210.033,
                "Actual Total Time": 2206.473,
                "Actual Rows": 137860,
                "Actual Loops": 2,
                "Inner Unique": false,
                "Join Filter": "(t.id = ci.movie_id)",
                "Rows Removed by Join Filter": 0,
                "Plans": [
                  {
                    "Node Type": "Hash Join",
                    "Parent Relationship": "Outer",
                    "Parallel Aware": true,
                    "Join Type": "Inner",
                    "Startup Cost": 59960.73,
                    "Total Cost": 99981.06,
                    "Plan Rows": 69342,
                    "Plan Width": 8,
                    "Actual Startup Time": 209.011,
                    "Actual Total Time": 434.798,
                    "Actual Rows": 87353,
                    "Actual Loops": 2,
                    "Inner Unique": true,
                    "Hash Cond": "(mc.movie_id = t.id)",
                    "Plans": [
                      {
                        "Node Type": "Seq Scan",
                        "Parent Relationship": "Outer",
                        "Parallel Aware": true,
                        "Relation Name": "movie_companies",
                        "Alias": "mc",
                        "Startup Cost": 0.0,
                        "Total Cost": 37974.77,
                        "Plan Rows": 779260,
                        "Plan Width": 4,
                        "Actual Startup Time": 44.734,
                        "Actual Total Time": 110.928,
                        "Actual Rows": 667442,
                        "Actual Loops": 2,
                        "Filter": "(company_type_id > 1)",
                        "Rows Removed by Filter": 637123
                      },
                      {
                        "Node Type": "Hash",
                        "Parent Relationship": "Inner",
                        "Parallel Aware": true,
                        "Startup Cost": 58306.47,
                        "Total Cost": 58306.47,
                        "Plan Rows": 132341,
                        "Plan Width": 4,
                        "Actual Startup Time": 160.833,
                        "Actual Total Time": 160.833,
                        "Actual Rows": 98603,
                        "Actual Loops": 2,
                        "Hash Buckets": 262144,
                        "Original Hash Buckets": 262144,
                        "Hash Batches": 1,
                        "Original Hash Batches": 1,
                        "Peak Memory Usage": 9792,
                        "Plans": [
                          {
                            "Node Type": "Seq Scan",
                            "Parent Relationship": "Outer",
                            "Parallel Aware": true,
                            "Relation Name": "title",
                            "Alias": "t",
                            "Startup Cost": 0.0,
                            "Total Cost": 58306.47,
                            "Plan Rows": 132341,
                            "Plan Width": 4,
                            "Actual Startup Time": 0.058,
                            "Actual Total Time": 138.187,
                            "Actual Rows": 98603,
                            "Actual Loops": 2,
                            "Filter": "((kind_id < 4) AND (production_year > 2008))",
                            "Rows Removed by Filter": 1165553
                          }
                        ]
                      }
                    ]
                  },
                  {
                    "Node Type": "Index Scan",
                    "Parent Relationship": "Inner",
                    "Parallel Aware": false,
                    "Scan Direction": "Forward",
                    "Index Name": "movie_id_cast_info",
                    "Relation Name": "cast_info",
                    "Alias": "ci",
                    "Startup Cost": 0.56,
                    "Total Cost": 2.46,
                    "Plan Rows": 1,
                    "Plan Width": 4,
                    "Actual Startup Time": 0.019,
                    "Actual Total Time": 0.02,
                    "Actual Rows": 2,
                    "Actual Loops": 174706,
                    "Index Cond": "(movie_id = mc.movie_id)",
                    "Rows Removed by Index Recheck": 0,
                    "Filter": "(person_id > 3803854)",
                    "Rows Removed by Filter": 25
                  }
                ]
              }
            ]
          }
        ]
      }
    ]
  },
  "Planning Time": 1.159,
  "Triggers": [],
  "Execution Time": 2291.043
}