{
    "Plan": {
        "Node Type": "Aggregate",
        "Strategy": "Plain",
        "Partial Mode": "Simple",
        "Parallel Aware": false,
        "Startup Cost": 70003116873.78,
        "Total Cost": 70003116873.79,
        "Plan Rows": 1,
        "Plan Width": 96,
        "Actual Startup Time": 9891.436,
        "Actual Total Time": 9891.676,
        "Actual Rows": 1,
        "Actual Loops": 1,
        "Output": [
            "min(chn.name)",
            "min(n.name)",
            "min(t.title)"
        ],
        "Plans": [
            {
                "Node Type": "Hash Join",
                "Parent Relationship": "Outer",
                "Parallel Aware": false,
                "Join Type": "Inner",
                "Startup Cost": 70003110353.77,
                "Total Cost": 70003116873.77,
                "Plan Rows": 1,
                "Plan Width": 48,
                "Actual Startup Time": 9875.786,
                "Actual Total Time": 9891.659,
                "Actual Rows": 40,
                "Actual Loops": 1,
                "Output": [
                    "chn.name",
                    "n.name",
                    "t.title"
                ],
                "Inner Unique": false,
                "Hash Cond": "(ci.person_id = n.id)",
                "Plans": [
                    {
                        "Node Type": "Hash Join",
                        "Parent Relationship": "Outer",
                        "Parallel Aware": false,
                        "Join Type": "Inner",
                        "Startup Cost": 60002809581.54,
                        "Total Cost": 60002816101.53,
                        "Plan Rows": 1,
                        "Plan Width": 37,
                        "Actual Startup Time": 8733.814,
                        "Actual Total Time": 8749.675,
                        "Actual Rows": 55,
                        "Actual Loops": 1,
                        "Output": [
                            "chn.name",
                            "ci.person_id",
                            "t.title"
                        ],
                        "Inner Unique": false,
                        "Hash Cond": "(mi.movie_id = t.id)",
                        "Plans": [
                            {
                                "Node Type": "Hash Join",
                                "Parent Relationship": "Outer",
                                "Parallel Aware": false,
                                "Join Type": "Inner",
                                "Startup Cost": 50001812416.36,
                                "Total Cost": 50001818936.33,
                                "Plan Rows": 1,
                                "Plan Width": 12,
                                "Actual Startup Time": 5381.917,
                                "Actual Total Time": 5397.548,
                                "Actual Rows": 26,
                                "Actual Loops": 1,
                                "Output": [
                                    "mc.movie_id",
                                    "mi.movie_id",
                                    "mk.movie_id"
                                ],
                                "Inner Unique": false,
                                "Hash Cond": "(cn.id = mc.company_id)",
                                "Plans": [
                                    {
                                        "Node Type": "Seq Scan",
                                        "Parent Relationship": "Outer",
                                        "Parallel Aware": false,
                                        "Relation Name": "company_name",
                                        "Schema": "public",
                                        "Alias": "cn",
                                        "Startup Cost": 10000000000.0,
                                        "Total Cost": 10000006519.95,
                                        "Plan Rows": 1,
                                        "Plan Width": 4,
                                        "Actual Startup Time": 6.531,
                                        "Actual Total Time": 22.148,
                                        "Actual Rows": 1,
                                        "Actual Loops": 1,
                                        "Output": [
                                            "cn.id",
                                            "cn.name",
                                            "cn.country_code",
                                            "cn.imdb_id",
                                            "cn.name_pcode_nf",
                                            "cn.name_pcode_sf",
                                            "cn.md5sum"
                                        ],
                                        "Filter": "(((cn.country_code)::text = '[us]'::text) AND (cn.name = 'DreamWorks Animation'::text))",
                                        "Rows Removed by Filter": 234996
                                    },
                                    {
                                        "Node Type": "Hash",
                                        "Parent Relationship": "Inner",
                                        "Parallel Aware": false,
                                        "Startup Cost": 40001812416.3,
                                        "Total Cost": 40001812416.3,
                                        "Plan Rows": 5,
                                        "Plan Width": 16,
                                        "Actual Startup Time": 5375.358,
                                        "Actual Total Time": 5375.368,
                                        "Actual Rows": 38382,
                                        "Actual Loops": 1,
                                        "Output": [
                                            "mi.movie_id",
                                            "mc.movie_id",
                                            "mc.company_id",
                                            "mk.movie_id"
                                        ],
                                        "Hash Buckets": 65536,
                                        "Original Hash Buckets": 1024,
                                        "Hash Batches": 1,
                                        "Original Hash Batches": 1,
                                        "Peak Memory Usage": 2312,
                                        "Plans": [
                                            {
                                                "Node Type": "Merge Join",
                                                "Parent Relationship": "Outer",
                                                "Parallel Aware": false,
                                                "Join Type": "Inner",
                                                "Startup Cost": 40001812413.94,
                                                "Total Cost": 40001812416.3,
                                                "Plan Rows": 5,
                                                "Plan Width": 16,
                                                "Actual Startup Time": 5365.649,
                                                "Actual Total Time": 5370.918,
                                                "Actual Rows": 38382,
                                                "Actual Loops": 1,
                                                "Output": [
                                                    "mi.movie_id",
                                                    "mc.movie_id",
                                                    "mc.company_id",
                                                    "mk.movie_id"
                                                ],
                                                "Inner Unique": false,
                                                "Merge Cond": "(it.id = mi.info_type_id)",
                                                "Plans": [
                                                    {
                                                        "Node Type": "Sort",
                                                        "Parent Relationship": "Outer",
                                                        "Parallel Aware": false,
                                                        "Startup Cost": 10000000002.42,
                                                        "Total Cost": 10000000002.43,
                                                        "Plan Rows": 1,
                                                        "Plan Width": 4,
                                                        "Actual Startup Time": 0.022,
                                                        "Actual Total Time": 0.024,
                                                        "Actual Rows": 1,
                                                        "Actual Loops": 1,
                                                        "Output": [
                                                            "it.id"
                                                        ],
                                                        "Sort Key": [
                                                            "it.id"
                                                        ],
                                                        "Sort Method": "quicksort",
                                                        "Sort Space Used": 25,
                                                        "Sort Space Type": "Memory",
                                                        "Plans": [
                                                            {
                                                                "Node Type": "Seq Scan",
                                                                "Parent Relationship": "Outer",
                                                                "Parallel Aware": false,
                                                                "Relation Name": "info_type",
                                                                "Schema": "public",
                                                                "Alias": "it",
                                                                "Startup Cost": 10000000000.0,
                                                                "Total Cost": 10000000002.41,
                                                                "Plan Rows": 1,
                                                                "Plan Width": 4,
                                                                "Actual Startup Time": 0.012,
                                                                "Actual Total Time": 0.017,
                                                                "Actual Rows": 1,
                                                                "Actual Loops": 1,
                                                                "Output": [
                                                                    "it.id"
                                                                ],
                                                                "Filter": "((it.info)::text = 'release dates'::text)",
                                                                "Rows Removed by Filter": 112
                                                            }
                                                        ]
                                                    },
                                                    {
                                                        "Node Type": "Sort",
                                                        "Parent Relationship": "Inner",
                                                        "Parallel Aware": false,
                                                        "Startup Cost": 30001812411.52,
                                                        "Total Cost": 30001812412.67,
                                                        "Plan Rows": 461,
                                                        "Plan Width": 20,
                                                        "Actual Startup Time": 5365.62,
                                                        "Actual Total Time": 5367.022,
                                                        "Actual Rows": 38383,
                                                        "Actual Loops": 1,
                                                        "Output": [
                                                            "mk.movie_id",
                                                            "mc.movie_id",
                                                            "mc.company_id",
                                                            "mi.movie_id",
                                                            "mi.info_type_id"
                                                        ],
                                                        "Sort Key": [
                                                            "mi.info_type_id"
                                                        ],
                                                        "Sort Method": "quicksort",
                                                        "Sort Space Used": 4535,
                                                        "Sort Space Type": "Memory",
                                                        "Plans": [
                                                            {
                                                                "Node Type": "Hash Join",
                                                                "Parent Relationship": "Outer",
                                                                "Parallel Aware": false,
                                                                "Join Type": "Inner",
                                                                "Startup Cost": 30001712059.91,
                                                                "Total Cost": 30001812391.12,
                                                                "Plan Rows": 461,
                                                                "Plan Width": 20,
                                                                "Actual Startup Time": 5003.228,
                                                                "Actual Total Time": 5360.736,
                                                                "Actual Rows": 38383,
                                                                "Actual Loops": 1,
                                                                "Output": [
                                                                    "mk.movie_id",
                                                                    "mc.movie_id",
                                                                    "mc.company_id",
                                                                    "mi.movie_id",
                                                                    "mi.info_type_id"
                                                                ],
                                                                "Inner Unique": false,
                                                                "Hash Cond": "(mc.movie_id = mi.movie_id)",
                                                                "Plans": [
                                                                    {
                                                                        "Node Type": "Seq Scan",
                                                                        "Parent Relationship": "Outer",
                                                                        "Parallel Aware": false,
                                                                        "Relation Name": "movie_companies",
                                                                        "Schema": "public",
                                                                        "Alias": "mc",
                                                                        "Startup Cost": 10000000000.0,
                                                                        "Total Cost": 10000044881.29,
                                                                        "Plan Rows": 2609129,
                                                                        "Plan Width": 8,
                                                                        "Actual Startup Time": 0.009,
                                                                        "Actual Total Time": 185.966,
                                                                        "Actual Rows": 2609129,
                                                                        "Actual Loops": 1,
                                                                        "Output": [
                                                                            "mc.id",
                                                                            "mc.movie_id",
                                                                            "mc.company_id",
                                                                            "mc.company_type_id",
                                                                            "mc.note"
                                                                        ]
                                                                    },
                                                                    {
                                                                        "Node Type": "Hash",
                                                                        "Parent Relationship": "Inner",
                                                                        "Parallel Aware": false,
                                                                        "Startup Cost": 20001712058.54,
                                                                        "Total Cost": 20001712058.54,
                                                                        "Plan Rows": 110,
                                                                        "Plan Width": 12,
                                                                        "Actual Startup Time": 5002.413,
                                                                        "Actual Total Time": 5002.42,
                                                                        "Actual Rows": 2287,
                                                                        "Actual Loops": 1,
                                                                        "Output": [
                                                                            "mk.movie_id",
                                                                            "mi.movie_id",
                                                                            "mi.info_type_id"
                                                                        ],
                                                                        "Hash Buckets": 4096,
                                                                        "Original Hash Buckets": 1024,
                                                                        "Hash Batches": 1,
                                                                        "Original Hash Batches": 1,
                                                                        "Peak Memory Usage": 131,
                                                                        "Plans": [
                                                                            {
                                                                                "Node Type": "Merge Join",
                                                                                "Parent Relationship": "Outer",
                                                                                "Parallel Aware": false,
                                                                                "Join Type": "Inner",
                                                                                "Startup Cost": 20001710524.81,
                                                                                "Total Cost": 20001712058.54,
                                                                                "Plan Rows": 110,
                                                                                "Plan Width": 12,
                                                                                "Actual Startup Time": 4969.721,
                                                                                "Actual Total Time": 5002.11,
                                                                                "Actual Rows": 2287,
                                                                                "Actual Loops": 1,
                                                                                "Output": [
                                                                                    "mk.movie_id",
                                                                                    "mi.movie_id",
                                                                                    "mi.info_type_id"
                                                                                ],
                                                                                "Inner Unique": false,
                                                                                "Merge Cond": "(mi.movie_id = mk.movie_id)",
                                                                                "Plans": [
                                                                                    {
                                                                                        "Node Type": "Sort",
                                                                                        "Parent Relationship": "Outer",
                                                                                        "Parallel Aware": false,
                                                                                        "Startup Cost": 10001115142.84,
                                                                                        "Total Cost": 10001115909.23,
                                                                                        "Plan Rows": 306554,
                                                                                        "Plan Width": 8,
                                                                                        "Actual Startup Time": 2761.167,
                                                                                        "Actual Total Time": 2771.443,
                                                                                        "Actual Rows": 301177,
                                                                                        "Actual Loops": 1,
                                                                                        "Output": [
                                                                                            "mi.movie_id",
                                                                                            "mi.info_type_id"
                                                                                        ],
                                                                                        "Sort Key": [
                                                                                            "mi.movie_id"
                                                                                        ],
                                                                                        "Sort Method": "quicksort",
                                                                                        "Sort Space Used": 26409,
                                                                                        "Sort Space Type": "Memory",
                                                                                        "Plans": [
                                                                                            {
                                                                                                "Node Type": "Index Scan",
                                                                                                "Parent Relationship": "Outer",
                                                                                                "Parallel Aware": false,
                                                                                                "Scan Direction": "Forward",
                                                                                                "Index Name": "info_type_id_movie_info",
                                                                                                "Relation Name": "movie_info",
                                                                                                "Schema": "public",
                                                                                                "Alias": "mi",
                                                                                                "Startup Cost": 10000000000.43,
                                                                                                "Total Cost": 10001087206.91,
                                                                                                "Plan Rows": 306554,
                                                                                                "Plan Width": 8,
                                                                                                "Actual Startup Time": 40.424,
                                                                                                "Actual Total Time": 2708.366,
                                                                                                "Actual Rows": 301247,
                                                                                                "Actual Loops": 1,
                                                                                                "Output": [
                                                                                                    "mi.movie_id",
                                                                                                    "mi.info_type_id"
                                                                                                ],
                                                                                                "Filter": "((mi.info IS NOT NULL) AND ((mi.info ~~ 'Japan:%201%'::text) OR (mi.info ~~ 'USA:%201%'::text)))",
                                                                                                "Rows Removed by Filter": 14534473
                                                                                            }
                                                                                        ]
                                                                                    },
                                                                                    {
                                                                                        "Node Type": "Sort",
                                                                                        "Parent Relationship": "Inner",
                                                                                        "Parallel Aware": false,
                                                                                        "Startup Cost": 10000595381.81,
                                                                                        "Total Cost": 10000595382.15,
                                                                                        "Plan Rows": 135,
                                                                                        "Plan Width": 4,
                                                                                        "Actual Startup Time": 2208.332,
                                                                                        "Actual Total Time": 2212.864,
                                                                                        "Actual Rows": 42564,
                                                                                        "Actual Loops": 1,
                                                                                        "Output": [
                                                                                            "mk.movie_id"
                                                                                        ],
                                                                                        "Sort Key": [
                                                                                            "mk.movie_id"
                                                                                        ],
                                                                                        "Sort Method": "quicksort",
                                                                                        "Sort Space Used": 3489,
                                                                                        "Sort Space Type": "Memory",
                                                                                        "Plans": [
                                                                                            {
                                                                                                "Node Type": "Merge Join",
                                                                                                "Parent Relationship": "Outer",
                                                                                                "Parallel Aware": false,
                                                                                                "Join Type": "Inner",
                                                                                                "Startup Cost": 10000572756.02,
                                                                                                "Total Cost": 10000595377.04,
                                                                                                "Plan Rows": 135,
                                                                                                "Plan Width": 4,
                                                                                                "Actual Startup Time": 1500.763,
                                                                                                "Actual Total Time": 2200.616,
                                                                                                "Actual Rows": 41657,
                                                                                                "Actual Loops": 1,
                                                                                                "Output": [
                                                                                                    "mk.movie_id"
                                                                                                ],
                                                                                                "Inner Unique": false,
                                                                                                "Merge Cond": "(k.id = mk.keyword_id)",
                                                                                                "Plans": [
                                                                                                    {
                                                                                                        "Node Type": "Sort",
                                                                                                        "Parent Relationship": "Outer",
                                                                                                        "Parallel Aware": false,
                                                                                                        "Startup Cost": 10000002961.59,
                                                                                                        "Total Cost": 10000002961.6,
                                                                                                        "Plan Rows": 4,
                                                                                                        "Plan Width": 4,
                                                                                                        "Actual Startup Time": 14.012,
                                                                                                        "Actual Total Time": 14.016,
                                                                                                        "Actual Rows": 4,
                                                                                                        "Actual Loops": 1,
                                                                                                        "Output": [
                                                                                                            "k.id"
                                                                                                        ],
                                                                                                        "Sort Key": [
                                                                                                            "k.id"
                                                                                                        ],
                                                                                                        "Sort Method": "quicksort",
                                                                                                        "Sort Space Used": 25,
                                                                                                        "Sort Space Type": "Memory",
                                                                                                        "Plans": [
                                                                                                            {
                                                                                                                "Node Type": "Seq Scan",
                                                                                                                "Parent Relationship": "Outer",
                                                                                                                "Parallel Aware": false,
                                                                                                                "Relation Name": "keyword",
                                                                                                                "Schema": "public",
                                                                                                                "Alias": "k",
                                                                                                                "Startup Cost": 10000000000.0,
                                                                                                                "Total Cost": 10000002961.55,
                                                                                                                "Plan Rows": 4,
                                                                                                                "Plan Width": 4,
                                                                                                                "Actual Startup Time": 0.611,
                                                                                                                "Actual Total Time": 13.997,
                                                                                                                "Actual Rows": 4,
                                                                                                                "Actual Loops": 1,
                                                                                                                "Output": [
                                                                                                                    "k.id"
                                                                                                                ],
                                                                                                                "Filter": "(k.keyword = ANY ('{sequel,second-part,based-on-novel,christmas-special}'::text[]))",
                                                                                                                "Rows Removed by Filter": 134166
                                                                                                            }
                                                                                                        ]
                                                                                                    },
                                                                                                    {
                                                                                                        "Node Type": "Sort",
                                                                                                        "Parent Relationship": "Inner",
                                                                                                        "Parallel Aware": false,
                                                                                                        "Startup Cost": 569794.43,
                                                                                                        "Total Cost": 581104.25,
                                                                                                        "Plan Rows": 4523930,
                                                                                                        "Plan Width": 8,
                                                                                                        "Actual Startup Time": 1358.214,
                                                                                                        "Actual Total Time": 1951.232,
                                                                                                        "Actual Rows": 3068832,
                                                                                                        "Actual Loops": 1,
                                                                                                        "Output": [
                                                                                                            "mk.movie_id",
                                                                                                            "mk.keyword_id"
                                                                                                        ],
                                                                                                        "Sort Key": [
                                                                                                            "mk.keyword_id"
                                                                                                        ],
                                                                                                        "Sort Method": "quicksort",
                                                                                                        "Sort Space Used": 408668,
                                                                                                        "Sort Space Type": "Memory",
                                                                                                        "Plans": [
                                                                                                            {
                                                                                                                "Node Type": "Seq Scan",
                                                                                                                "Parent Relationship": "Outer",
                                                                                                                "Parallel Aware": false,
                                                                                                                "Relation Name": "movie_keyword",
                                                                                                                "Schema": "public",
                                                                                                                "Alias": "mk",
                                                                                                                "Startup Cost": 0.0,
                                                                                                                "Total Cost": 69693.3,
                                                                                                                "Plan Rows": 4523930,
                                                                                                                "Plan Width": 8,
                                                                                                                "Actual Startup Time": 0.012,
                                                                                                                "Actual Total Time": 398.221,
                                                                                                                "Actual Rows": 4523930,
                                                                                                                "Actual Loops": 1,
                                                                                                                "Output": [
                                                                                                                    "mk.movie_id",
                                                                                                                    "mk.keyword_id"
                                                                                                                ]
                                                                                                            }
                                                                                                        ]
                                                                                                    }
                                                                                                ]
                                                                                            }
                                                                                        ]
                                                                                    }
                                                                                ]
                                                                            }
                                                                        ]
                                                                    }
                                                                ]
                                                            }
                                                        ]
                                                    }
                                                ]
                                            }
                                        ]
                                    }
                                ]
                            },
                            {
                                "Node Type": "Hash",
                                "Parent Relationship": "Inner",
                                "Parallel Aware": false,
                                "Startup Cost": 10000997165.16,
                                "Total Cost": 10000997165.16,
                                "Plan Rows": 2,
                                "Plan Width": 45,
                                "Actual Startup Time": 3351.879,
                                "Actual Total Time": 3352.102,
                                "Actual Rows": 22,
                                "Actual Loops": 1,
                                "Output": [
                                    "chn.name",
                                    "ci.movie_id",
                                    "ci.person_id",
                                    "t.title",
                                    "t.id"
                                ],
                                "Hash Buckets": 1024,
                                "Original Hash Buckets": 1024,
                                "Hash Batches": 1,
                                "Original Hash Batches": 1,
                                "Peak Memory Usage": 10,
                                "Plans": [
                                    {
                                        "Node Type": "Merge Join",
                                        "Parent Relationship": "Outer",
                                        "Parallel Aware": false,
                                        "Join Type": "Inner",
                                        "Startup Cost": 10000996814.38,
                                        "Total Cost": 10000997165.16,
                                        "Plan Rows": 2,
                                        "Plan Width": 45,
                                        "Actual Startup Time": 3351.853,
                                        "Actual Total Time": 3352.087,
                                        "Actual Rows": 22,
                                        "Actual Loops": 1,
                                        "Output": [
                                            "chn.name",
                                            "ci.movie_id",
                                            "ci.person_id",
                                            "t.title",
                                            "t.id"
                                        ],
                                        "Inner Unique": false,
                                        "Merge Cond": "(ci.movie_id = t.id)",
                                        "Plans": [
                                            {
                                                "Node Type": "Sort",
                                                "Parent Relationship": "Outer",
                                                "Parallel Aware": false,
                                                "Startup Cost": 10000950327.13,
                                                "Total Cost": 10000950502.35,
                                                "Plan Rows": 70089,
                                                "Plan Width": 24,
                                                "Actual Startup Time": 3213.698,
                                                "Actual Total Time": 3236.439,
                                                "Actual Rows": 228956,
                                                "Actual Loops": 1,
                                                "Output": [
                                                    "chn.name",
                                                    "ci.movie_id",
                                                    "ci.person_id"
                                                ],
                                                "Sort Key": [
                                                    "ci.movie_id"
                                                ],
                                                "Sort Method": "quicksort",
                                                "Sort Space Used": 23234,
                                                "Sort Space Type": "Memory",
                                                "Plans": [
                                                    {
                                                        "Node Type": "Merge Join",
                                                        "Parent Relationship": "Outer",
                                                        "Parallel Aware": false,
                                                        "Join Type": "Inner",
                                                        "Startup Cost": 10000928490.21,
                                                        "Total Cost": 10000944686.05,
                                                        "Plan Rows": 70089,
                                                        "Plan Width": 24,
                                                        "Actual Startup Time": 2401.098,
                                                        "Actual Total Time": 3156.07,
                                                        "Actual Rows": 255651,
                                                        "Actual Loops": 1,
                                                        "Output": [
                                                            "chn.name",
                                                            "ci.movie_id",
                                                            "ci.person_id"
                                                        ],
                                                        "Inner Unique": false,
                                                        "Merge Cond": "(chn.id = ci.person_role_id)",
                                                        "Plans": [
                                                            {
                                                                "Node Type": "Sort",
                                                                "Parent Relationship": "Outer",
                                                                "Parallel Aware": false,
                                                                "Startup Cost": 10000406719.03,
                                                                "Total Cost": 10000414569.6,
                                                                "Plan Rows": 3140227,
                                                                "Plan Width": 20,
                                                                "Actual Startup Time": 1339.322,
                                                                "Actual Total Time": 1739.627,
                                                                "Actual Rows": 3140192,
                                                                "Actual Loops": 1,
                                                                "Output": [
                                                                    "chn.name",
                                                                    "chn.id"
                                                                ],
                                                                "Sort Key": [
                                                                    "chn.id"
                                                                ],
                                                                "Sort Method": "quicksort",
                                                                "Sort Space Used": 318840,
                                                                "Sort Space Type": "Memory",
                                                                "Plans": [
                                                                    {
                                                                        "Node Type": "Seq Scan",
                                                                        "Parent Relationship": "Outer",
                                                                        "Parallel Aware": false,
                                                                        "Relation Name": "char_name",
                                                                        "Schema": "public",
                                                                        "Alias": "chn",
                                                                        "Startup Cost": 10000000000.0,
                                                                        "Total Cost": 10000067850.27,
                                                                        "Plan Rows": 3140227,
                                                                        "Plan Width": 20,
                                                                        "Actual Startup Time": 0.02,
                                                                        "Actual Total Time": 397.65,
                                                                        "Actual Rows": 3140339,
                                                                        "Actual Loops": 1,
                                                                        "Output": [
                                                                            "chn.name",
                                                                            "chn.id"
                                                                        ]
                                                                    }
                                                                ]
                                                            },
                                                            {
                                                                "Node Type": "Sort",
                                                                "Parent Relationship": "Inner",
                                                                "Parallel Aware": false,
                                                                "Startup Cost": 521753.48,
                                                                "Total Cost": 521928.7,
                                                                "Plan Rows": 70089,
                                                                "Plan Width": 12,
                                                                "Actual Startup Time": 1061.767,
                                                                "Actual Total Time": 1088.518,
                                                                "Actual Rows": 255652,
                                                                "Actual Loops": 1,
                                                                "Output": [
                                                                    "ci.movie_id",
                                                                    "ci.person_id",
                                                                    "ci.person_role_id"
                                                                ],
                                                                "Sort Key": [
                                                                    "ci.person_role_id"
                                                                ],
                                                                "Sort Method": "quicksort",
                                                                "Sort Space Used": 25234,
                                                                "Sort Space Type": "Memory",
                                                                "Plans": [
                                                                    {
                                                                        "Node Type": "Merge Join",
                                                                        "Parent Relationship": "Outer",
                                                                        "Parallel Aware": false,
                                                                        "Join Type": "Inner",
                                                                        "Startup Cost": 511193.98,
                                                                        "Total Cost": 516112.4,
                                                                        "Plan Rows": 70089,
                                                                        "Plan Width": 12,
                                                                        "Actual Startup Time": 975.144,
                                                                        "Actual Total Time": 1014.823,
                                                                        "Actual Rows": 276166,
                                                                        "Actual Loops": 1,
                                                                        "Output": [
                                                                            "ci.movie_id",
                                                                            "ci.person_id",
                                                                            "ci.person_role_id"
                                                                        ],
                                                                        "Inner Unique": false,
                                                                        "Merge Cond": "(rt.id = ci.role_id)",
                                                                        "Plans": [
                                                                            {
                                                                                "Node Type": "Index Scan",
                                                                                "Parent Relationship": "Outer",
                                                                                "Parallel Aware": false,
                                                                                "Scan Direction": "Forward",
                                                                                "Index Name": "role_type_pkey",
                                                                                "Relation Name": "role_type",
                                                                                "Schema": "public",
                                                                                "Alias": "rt",
                                                                                "Startup Cost": 0.14,
                                                                                "Total Cost": 12.35,
                                                                                "Plan Rows": 1,
                                                                                "Plan Width": 4,
                                                                                "Actual Startup Time": 0.027,
                                                                                "Actual Total Time": 0.044,
                                                                                "Actual Rows": 1,
                                                                                "Actual Loops": 1,
                                                                                "Output": [
                                                                                    "rt.id",
                                                                                    "rt.role"
                                                                                ],
                                                                                "Filter": "((rt.role)::text = 'actress'::text)",
                                                                                "Rows Removed by Filter": 11
                                                                            },
                                                                            {
                                                                                "Node Type": "Sort",
                                                                                "Parent Relationship": "Inner",
                                                                                "Parallel Aware": false,
                                                                                "Startup Cost": 511193.84,
                                                                                "Total Cost": 513296.5,
                                                                                "Plan Rows": 841064,
                                                                                "Plan Width": 16,
                                                                                "Actual Startup Time": 923.223,
                                                                                "Actual Total Time": 953.159,
                                                                                "Actual Rows": 867127,
                                                                                "Actual Loops": 1,
                                                                                "Output": [
                                                                                    "ci.movie_id",
                                                                                    "ci.person_id",
                                                                                    "ci.role_id",
                                                                                    "ci.person_role_id"
                                                                                ],
                                                                                "Sort Key": [
                                                                                    "ci.role_id"
                                                                                ],
                                                                                "Sort Method": "quicksort",
                                                                                "Sort Space Used": 65239,
                                                                                "Sort Space Type": "Memory",
                                                                                "Plans": [
                                                                                    {
                                                                                        "Node Type": "Gather",
                                                                                        "Parent Relationship": "Outer",
                                                                                        "Parallel Aware": false,
                                                                                        "Startup Cost": 1000.0,
                                                                                        "Total Cost": 428425.34,
                                                                                        "Plan Rows": 841064,
                                                                                        "Plan Width": 16,
                                                                                        "Actual Startup Time": 0.436,
                                                                                        "Actual Total Time": 861.037,
                                                                                        "Actual Rows": 867477,
                                                                                        "Actual Loops": 1,
                                                                                        "Output": [
                                                                                            "ci.movie_id",
                                                                                            "ci.person_id",
                                                                                            "ci.role_id",
                                                                                            "ci.person_role_id"
                                                                                        ],
                                                                                        "Workers Planned": 6,
                                                                                        "Workers Launched": 6,
                                                                                        "Single Copy": false,
                                                                                        "Plans": [
                                                                                            {
                                                                                                "Node Type": "Seq Scan",
                                                                                                "Parent Relationship": "Outer",
                                                                                                "Parallel Aware": true,
                                                                                                "Relation Name": "cast_info",
                                                                                                "Schema": "public",
                                                                                                "Alias": "ci",
                                                                                                "Startup Cost": 0.0,
                                                                                                "Total Cost": 343318.94,
                                                                                                "Plan Rows": 140177,
                                                                                                "Plan Width": 16,
                                                                                                "Actual Startup Time": 0.155,
                                                                                                "Actual Total Time": 844.097,
                                                                                                "Actual Rows": 123925,
                                                                                                "Actual Loops": 7,
                                                                                                "Output": [
                                                                                                    "ci.movie_id",
                                                                                                    "ci.person_id",
                                                                                                    "ci.role_id",
                                                                                                    "ci.person_role_id"
                                                                                                ],
                                                                                                "Filter": "(ci.note = ANY ('{(voice),\"(voice: Japanese version)\",\"(voice) (uncredited)\",\"(voice: English version)\"}'::text[]))",
                                                                                                "Rows Removed by Filter": 5053838,
                                                                                                "Workers": [
                                                                                                    {
                                                                                                        "Worker Number": 0,
                                                                                                        "Actual Startup Time": 0.22,
                                                                                                        "Actual Total Time": 848.359,
                                                                                                        "Actual Rows": 111240,
                                                                                                        "Actual Loops": 1
                                                                                                    },
                                                                                                    {
                                                                                                        "Worker Number": 1,
                                                                                                        "Actual Startup Time": 0.113,
                                                                                                        "Actual Total Time": 863.182,
                                                                                                        "Actual Rows": 122028,
                                                                                                        "Actual Loops": 1
                                                                                                    },
                                                                                                    {
                                                                                                        "Worker Number": 2,
                                                                                                        "Actual Startup Time": 0.201,
                                                                                                        "Actual Total Time": 861.875,
                                                                                                        "Actual Rows": 127090,
                                                                                                        "Actual Loops": 1
                                                                                                    },
                                                                                                    {
                                                                                                        "Worker Number": 3,
                                                                                                        "Actual Startup Time": 0.131,
                                                                                                        "Actual Total Time": 864.164,
                                                                                                        "Actual Rows": 123322,
                                                                                                        "Actual Loops": 1
                                                                                                    },
                                                                                                    {
                                                                                                        "Worker Number": 4,
                                                                                                        "Actual Startup Time": 0.14,
                                                                                                        "Actual Total Time": 862.946,
                                                                                                        "Actual Rows": 127084,
                                                                                                        "Actual Loops": 1
                                                                                                    },
                                                                                                    {
                                                                                                        "Worker Number": 5,
                                                                                                        "Actual Startup Time": 0.264,
                                                                                                        "Actual Total Time": 864.019,
                                                                                                        "Actual Rows": 126572,
                                                                                                        "Actual Loops": 1
                                                                                                    }
                                                                                                ]
                                                                                            }
                                                                                        ]
                                                                                    }
                                                                                ]
                                                                            }
                                                                        ]
                                                                    }
                                                                ]
                                                            }
                                                        ]
                                                    }
                                                ]
                                            },
                                            {
                                                "Node Type": "Sort",
                                                "Parent Relationship": "Inner",
                                                "Parallel Aware": false,
                                                "Startup Cost": 46487.25,
                                                "Total Cost": 46487.41,
                                                "Plan Rows": 62,
                                                "Plan Width": 21,
                                                "Actual Startup Time": 98.377,
                                                "Actual Total Time": 98.432,
                                                "Actual Rows": 21,
                                                "Actual Loops": 1,
                                                "Output": [
                                                    "t.title",
                                                    "t.id"
                                                ],
                                                "Sort Key": [
                                                    "t.id"
                                                ],
                                                "Sort Method": "quicksort",
                                                "Sort Space Used": 25,
                                                "Sort Space Type": "Memory",
                                                "Plans": [
                                                    {
                                                        "Node Type": "Gather",
                                                        "Parent Relationship": "Outer",
                                                        "Parallel Aware": false,
                                                        "Startup Cost": 1000.0,
                                                        "Total Cost": 46485.41,
                                                        "Plan Rows": 62,
                                                        "Plan Width": 21,
                                                        "Actual Startup Time": 37.682,
                                                        "Actual Total Time": 98.399,
                                                        "Actual Rows": 9,
                                                        "Actual Loops": 1,
                                                        "Output": [
                                                            "t.title",
                                                            "t.id"
                                                        ],
                                                        "Workers Planned": 4,
                                                        "Workers Launched": 4,
                                                        "Single Copy": false,
                                                        "Plans": [
                                                            {
                                                                "Node Type": "Seq Scan",
                                                                "Parent Relationship": "Outer",
                                                                "Parallel Aware": true,
                                                                "Relation Name": "title",
                                                                "Schema": "public",
                                                                "Alias": "t",
                                                                "Startup Cost": 0.0,
                                                                "Total Cost": 45479.21,
                                                                "Plan Rows": 16,
                                                                "Plan Width": 21,
                                                                "Actual Startup Time": 52.742,
                                                                "Actual Total Time": 89.376,
                                                                "Actual Rows": 2,
                                                                "Actual Loops": 5,
                                                                "Output": [
                                                                    "t.title",
                                                                    "t.id"
                                                                ],
                                                                "Filter": "((t.title ~~ 'Kung Fu Panda%'::text) AND (t.production_year > 2008))",
                                                                "Rows Removed by Filter": 505661,
                                                                "Workers": [
                                                                    {
                                                                        "Worker Number": 0,
                                                                        "Actual Startup Time": 23.117,
                                                                        "Actual Total Time": 87.042,
                                                                        "Actual Rows": 3,
                                                                        "Actual Loops": 1
                                                                    },
                                                                    {
                                                                        "Worker Number": 1,
                                                                        "Actual Startup Time": 28.455,
                                                                        "Actual Total Time": 87.159,
                                                                        "Actual Rows": 1,
                                                                        "Actual Loops": 1
                                                                    },
                                                                    {
                                                                        "Worker Number": 2,
                                                                        "Actual Startup Time": 87.206,
                                                                        "Actual Total Time": 87.207,
                                                                        "Actual Rows": 0,
                                                                        "Actual Loops": 1
                                                                    },
                                                                    {
                                                                        "Worker Number": 3,
                                                                        "Actual Startup Time": 87.651,
                                                                        "Actual Total Time": 87.652,
                                                                        "Actual Rows": 0,
                                                                        "Actual Loops": 1
                                                                    }
                                                                ]
                                                            }
                                                        ]
                                                    }
                                                ]
                                            }
                                        ]
                                    }
                                ]
                            }
                        ]
                    },
                    {
                        "Node Type": "Hash",
                        "Parent Relationship": "Inner",
                        "Parallel Aware": false,
                        "Startup Cost": 10000300670.02,
                        "Total Cost": 10000300670.02,
                        "Plan Rows": 8177,
                        "Plan Width": 23,
                        "Actual Startup Time": 1141.949,
                        "Actual Total Time": 1141.952,
                        "Actual Rows": 10525,
                        "Actual Loops": 1,
                        "Output": [
                            "an.person_id",
                            "n.name",
                            "n.id"
                        ],
                        "Hash Buckets": 16384,
                        "Original Hash Buckets": 8192,
                        "Hash Batches": 1,
                        "Original Hash Batches": 1,
                        "Peak Memory Usage": 724,
                        "Plans": [
                            {
                                "Node Type": "Nested Loop",
                                "Parent Relationship": "Outer",
                                "Parallel Aware": false,
                                "Join Type": "Inner",
                                "Startup Cost": 10000000000.78,
                                "Total Cost": 10000300670.02,
                                "Plan Rows": 8177,
                                "Plan Width": 23,
                                "Actual Startup Time": 302.468,
                                "Actual Total Time": 1136.302,
                                "Actual Rows": 10525,
                                "Actual Loops": 1,
                                "Output": [
                                    "an.person_id",
                                    "n.name",
                                    "n.id"
                                ],
                                "Inner Unique": false,
                                "Plans": [
                                    {
                                        "Node Type": "Seq Scan",
                                        "Parent Relationship": "Outer",
                                        "Parallel Aware": false,
                                        "Relation Name": "name",
                                        "Schema": "public",
                                        "Alias": "n",
                                        "Startup Cost": 0.0,
                                        "Total Cost": 118126.24,
                                        "Plan Rows": 37808,
                                        "Plan Width": 19,
                                        "Actual Startup Time": 302.337,
                                        "Actual Total Time": 790.864,
                                        "Actual Rows": 50011,
                                        "Actual Loops": 1,
                                        "Output": [
                                            "n.id",
                                            "n.name",
                                            "n.imdb_index",
                                            "n.imdb_id",
                                            "n.gender",
                                            "n.name_pcode_cf",
                                            "n.name_pcode_nf",
                                            "n.surname_pcode",
                                            "n.md5sum"
                                        ],
                                        "Filter": "((n.name ~~ '%An%'::text) AND ((n.gender)::text = 'f'::text))",
                                        "Rows Removed by Filter": 4117480
                                    },
                                    {
                                        "Node Type": "Bitmap Heap Scan",
                                        "Parent Relationship": "Inner",
                                        "Parallel Aware": false,
                                        "Relation Name": "aka_name",
                                        "Schema": "public",
                                        "Alias": "an",
                                        "Startup Cost": 0.78,
                                        "Total Cost": 4.81,
                                        "Plan Rows": 2,
                                        "Plan Width": 4,
                                        "Actual Startup Time": 0.004,
                                        "Actual Total Time": 0.004,
                                        "Actual Rows": 0,
                                        "Actual Loops": 50011,
                                        "Output": [
                                            "an.id",
                                            "an.person_id",
                                            "an.name",
                                            "an.imdb_index",
                                            "an.name_pcode_cf",
                                            "an.name_pcode_nf",
                                            "an.surname_pcode",
                                            "an.md5sum"
                                        ],
                                        "Recheck Cond": "(an.person_id = n.id)",
                                        "Rows Removed by Index Recheck": 0,
                                        "Exact Heap Blocks": 7568,
                                        "Lossy Heap Blocks": 0,
                                        "Plans": [
                                            {
                                                "Node Type": "Bitmap Index Scan",
                                                "Parent Relationship": "Outer",
                                                "Parallel Aware": false,
                                                "Index Name": "person_id_aka_name",
                                                "Startup Cost": 0.0,
                                                "Total Cost": 0.78,
                                                "Plan Rows": 2,
                                                "Plan Width": 0,
                                                "Actual Startup Time": 0.003,
                                                "Actual Total Time": 0.003,
                                                "Actual Rows": 0,
                                                "Actual Loops": 50011,
                                                "Index Cond": "(an.person_id = n.id)"
                                            }
                                        ]
                                    }
                                ]
                            }
                        ]
                    }
                ]
            }
        ]
    },
    "Planning Time": 44.528,
    "Triggers": [],
    "Execution Time": 9915.139
}