[
  {
    "Plan": {
      "Node Type": "Aggregate",
      "Strategy": "Plain",
      "Partial Mode": "Finalize",
      "Parallel Aware": false,
      "Startup Cost": 332376.86,
      "Total Cost": 332376.87,
      "Plan Rows": 1,
      "Plan Width": 8,
      "Actual Startup Time": 618.205,
      "Actual Total Time": 674.557,
      "Actual Rows": 1,
      "Actual Loops": 1,
      "Plans": [
        {
          "Node Type": "Gather",
          "Parent Relationship": "Outer",
          "Parallel Aware": false,
          "Startup Cost": 332376.23,
          "Total Cost": 332376.84,
          "Plan Rows": 6,
          "Plan Width": 8,
          "Actual Startup Time": 618.081,
          "Actual Total Time": 674.547,
          "Actual Rows": 7,
          "Actual Loops": 1,
          "Workers Planned": 6,
          "Workers Launched": 6,
          "Single Copy": false,
          "Plans": [
            {
              "Node Type": "Aggregate",
              "Strategy": "Plain",
              "Partial Mode": "Partial",
              "Parent Relationship": "Outer",
              "Parallel Aware": false,
              "Startup Cost": 331376.23,
              "Total Cost": 331376.24,
              "Plan Rows": 1,
              "Plan Width": 8,
              "Actual Startup Time": 609.013,
              "Actual Total Time": 609.014,
              "Actual Rows": 1,
              "Actual Loops": 7,
              "Plans": [
                {
                  "Node Type": "Seq Scan",
                  "Parent Relationship": "Outer",
                  "Parallel Aware": true,
                  "Relation Name": "cast_info",
                  "Alias": "ci",
                  "Startup Cost": 0.0,
                  "Total Cost": 328162.03,
                  "Plan Rows": 1285682,
                  "Plan Width": 0,
                  "Actual Startup Time": 332.298,
                  "Actual Total Time": 560.72,
                  "Actual Rows": 1092271,
                  "Actual Loops": 7,
                  "Filter": "(person_id > 2911089)",
                  "Rows Removed by Filter": 4085493
                }
              ]
            }
          ]
        }
      ]
    },
    "Planning Time": 0.209,
    "Triggers": [],
    "Execution Time": 674.637
  }
]