[
  {
    "Plan": {
      "Node Type": "Aggregate",
      "Strategy": "Plain",
      "Partial Mode": "Finalize",
      "Parallel Aware": false,
      "Startup Cost": 44289.59,
      "Total Cost": 44289.6,
      "Plan Rows": 1,
      "Plan Width": 8,
      "Actual Startup Time": 119.761,
      "Actual Total Time": 130.041,
      "Actual Rows": 1,
      "Actual Loops": 1,
      "Plans": [
        {
          "Node Type": "Gather",
          "Parent Relationship": "Outer",
          "Parallel Aware": false,
          "Startup Cost": 44289.27,
          "Total Cost": 44289.58,
          "Plan Rows": 3,
          "Plan Width": 8,
          "Actual Startup Time": 119.613,
          "Actual Total Time": 130.031,
          "Actual Rows": 4,
          "Actual Loops": 1,
          "Workers Planned": 3,
          "Workers Launched": 3,
          "Single Copy": false,
          "Plans": [
            {
              "Node Type": "Aggregate",
              "Strategy": "Plain",
              "Partial Mode": "Partial",
              "Parent Relationship": "Outer",
              "Parallel Aware": false,
              "Startup Cost": 43289.27,
              "Total Cost": 43289.28,
              "Plan Rows": 1,
              "Plan Width": 8,
              "Actual Startup Time": 114.402,
              "Actual Total Time": 114.404,
              "Actual Rows": 1,
              "Actual Loops": 4,
              "Plans": [
                {
                  "Node Type": "Seq Scan",
                  "Parent Relationship": "Outer",
                  "Parallel Aware": true,
                  "Relation Name": "movie_keyword",
                  "Alias": "mk",
                  "Startup Cost": 0.0,
                  "Total Cost": 42695.65,
                  "Plan Rows": 237448,
                  "Plan Width": 0,
                  "Actual Startup Time": 0.038,
                  "Actual Total Time": 104.256,
                  "Actual Rows": 184284,
                  "Actual Loops": 4,
                  "Filter": "(keyword_id < 661)",
                  "Rows Removed by Filter": 946699
                }
              ]
            }
          ]
        }
      ]
    },
    "Planning Time": 0.074,
    "Triggers": [],
    "Execution Time": 130.073
  }
]