[
  {
    "Plan": {
      "Node Type": "Aggregate",
      "Strategy": "Plain",
      "Partial Mode": "Finalize",
      "Parallel Aware": false,
      "Startup Cost": 94365.2,
      "Total Cost": 94365.21,
      "Plan Rows": 1,
      "Plan Width": 8,
      "Actual Startup Time": 471.63,
      "Actual Total Time": 489.978,
      "Actual Rows": 1,
      "Actual Loops": 1,
      "Plans": [
        {
          "Node Type": "Gather",
          "Parent Relationship": "Outer",
          "Parallel Aware": false,
          "Startup Cost": 94364.88,
          "Total Cost": 94365.19,
          "Plan Rows": 3,
          "Plan Width": 8,
          "Actual Startup Time": 459.178,
          "Actual Total Time": 489.966,
          "Actual Rows": 4,
          "Actual Loops": 1,
          "Workers Planned": 3,
          "Workers Launched": 3,
          "Single Copy": false,
          "Plans": [
            {
              "Node Type": "Aggregate",
              "Strategy": "Plain",
              "Partial Mode": "Partial",
              "Parent Relationship": "Outer",
              "Parallel Aware": false,
              "Startup Cost": 93364.88,
              "Total Cost": 93364.89,
              "Plan Rows": 1,
              "Plan Width": 8,
              "Actual Startup Time": 447.881,
              "Actual Total Time": 447.884,
              "Actual Rows": 1,
              "Actual Loops": 4,
              "Plans": [
                {
                  "Node Type": "Hash Join",
                  "Parent Relationship": "Outer",
                  "Parallel Aware": true,
                  "Join Type": "Inner",
                  "Startup Cost": 48905.11,
                  "Total Cost": 91783.19,
                  "Plan Rows": 632676,
                  "Plan Width": 0,
                  "Actual Startup Time": 229.101,
                  "Actual Total Time": 442.597,
                  "Actual Rows": 114668,
                  "Actual Loops": 4,
                  "Inner Unique": true,
                  "Hash Cond": "(mk.movie_id = t.id)",
                  "Plans": [
                    {
                      "Node Type": "Seq Scan",
                      "Parent Relationship": "Outer",
                      "Parallel Aware": true,
                      "Relation Name": "movie_keyword",
                      "Alias": "mk",
                      "Startup Cost": 0.0,
                      "Total Cost": 39047.32,
                      "Plan Rows": 1459332,
                      "Plan Width": 4,
                      "Actual Startup Time": 0.028,
                      "Actual Total Time": 94.801,
                      "Actual Rows": 1130982,
                      "Actual Loops": 4
                    },
                    {
                      "Node Type": "Hash",
                      "Parent Relationship": "Inner",
                      "Parallel Aware": true,
                      "Startup Cost": 45479.59,
                      "Total Cost": 45479.59,
                      "Plan Rows": 274042,
                      "Plan Width": 4,
                      "Actual Startup Time": 221.364,
                      "Actual Total Time": 221.365,
                      "Actual Rows": 261056,
                      "Actual Loops": 4,
                      "Hash Buckets": 2097152,
                      "Original Hash Buckets": 2097152,
                      "Hash Batches": 1,
                      "Original Hash Batches": 1,
                      "Peak Memory Usage": 57312,
                      "Plans": [
                        {
                          "Node Type": "Seq Scan",
                          "Parent Relationship": "Outer",
                          "Parallel Aware": true,
                          "Relation Name": "title",
                          "Alias": "t",
                          "Startup Cost": 0.0,
                          "Total Cost": 45479.59,
                          "Plan Rows": 274042,
                          "Plan Width": 4,
                          "Actual Startup Time": 0.026,
                          "Actual Total Time": 115.929,
                          "Actual Rows": 261056,
                          "Actual Loops": 4,
                          "Filter": "((production_year < 2009) AND (kind_id = 7))",
                          "Rows Removed by Filter": 371022
                        }
                      ]
                    }
                  ]
                }
              ]
            }
          ]
        }
      ]
    },
    "Planning Time": 0.547,
    "Triggers": [],
    "Execution Time": 490.048
  }
]