[
  {
    "Plan": {
      "Node Type": "Aggregate",
      "Strategy": "Plain",
      "Partial Mode": "Finalize",
      "Parallel Aware": false,
      "Startup Cost": 340958.09,
      "Total Cost": 340958.1,
      "Plan Rows": 1,
      "Plan Width": 8,
      "Actual Startup Time": 931.924,
      "Actual Total Time": 981.595,
      "Actual Rows": 1,
      "Actual Loops": 1,
      "Plans": [
        {
          "Node Type": "Gather",
          "Parent Relationship": "Outer",
          "Parallel Aware": false,
          "Startup Cost": 340957.47,
          "Total Cost": 340958.08,
          "Plan Rows": 6,
          "Plan Width": 8,
          "Actual Startup Time": 931.725,
          "Actual Total Time": 981.578,
          "Actual Rows": 7,
          "Actual Loops": 1,
          "Workers Planned": 6,
          "Workers Launched": 6,
          "Single Copy": false,
          "Plans": [
            {
              "Node Type": "Aggregate",
              "Strategy": "Plain",
              "Partial Mode": "Partial",
              "Parent Relationship": "Outer",
              "Parallel Aware": false,
              "Startup Cost": 339957.47,
              "Total Cost": 339957.48,
              "Plan Rows": 1,
              "Plan Width": 8,
              "Actual Startup Time": 924.431,
              "Actual Total Time": 924.433,
              "Actual Rows": 1,
              "Actual Loops": 7,
              "Plans": [
                {
                  "Node Type": "Seq Scan",
                  "Parent Relationship": "Outer",
                  "Parallel Aware": true,
                  "Relation Name": "cast_info",
                  "Alias": "ci",
                  "Startup Cost": 0.0,
                  "Total Cost": 328211.39,
                  "Plan Rows": 4698431,
                  "Plan Width": 0,
                  "Actual Startup Time": 0.045,
                  "Actual Total Time": 705.595,
                  "Actual Rows": 4033074,
                  "Actual Loops": 7,
                  "Filter": "(person_id < 2878930)",
                  "Rows Removed by Filter": 1144689
                }
              ]
            }
          ]
        }
      ]
    },
    "Planning Time": 0.201,
    "Triggers": [],
    "Execution Time": 981.669
  }
]