[
  {
    "Plan": {
      "Node Type": "Aggregate",
      "Strategy": "Plain",
      "Partial Mode": "Finalize",
      "Parallel Aware": false,
      "Startup Cost": 133005.41,
      "Total Cost": 133005.42,
      "Plan Rows": 1,
      "Plan Width": 8,
      "Actual Startup Time": 143.893,
      "Actual Total Time": 168.011,
      "Actual Rows": 1,
      "Actual Loops": 1,
      "Plans": [
        {
          "Node Type": "Gather",
          "Parent Relationship": "Outer",
          "Parallel Aware": false,
          "Startup Cost": 133004.99,
          "Total Cost": 133005.4,
          "Plan Rows": 4,
          "Plan Width": 8,
          "Actual Startup Time": 143.777,
          "Actual Total Time": 168.002,
          "Actual Rows": 5,
          "Actual Loops": 1,
          "Workers Planned": 4,
          "Workers Launched": 4,
          "Single Copy": false,
          "Plans": [
            {
              "Node Type": "Aggregate",
              "Strategy": "Plain",
              "Partial Mode": "Partial",
              "Parent Relationship": "Outer",
              "Parallel Aware": false,
              "Startup Cost": 132004.99,
              "Total Cost": 132005.0,
              "Plan Rows": 1,
              "Plan Width": 8,
              "Actual Startup Time": 134.437,
              "Actual Total Time": 134.438,
              "Actual Rows": 1,
              "Actual Loops": 5,
              "Plans": [
                {
                  "Node Type": "Nested Loop",
                  "Parent Relationship": "Outer",
                  "Parallel Aware": false,
                  "Join Type": "Inner",
                  "Startup Cost": 0.56,
                  "Total Cost": 131981.03,
                  "Plan Rows": 9582,
                  "Plan Width": 0,
                  "Actual Startup Time": 59.637,
                  "Actual Total Time": 133.312,
                  "Actual Rows": 10748,
                  "Actual Loops": 5,
                  "Inner Unique": false,
                  "Plans": [
                    {
                      "Node Type": "Seq Scan",
                      "Parent Relationship": "Outer",
                      "Parallel Aware": true,
                      "Relation Name": "title",
                      "Alias": "t",
                      "Startup Cost": 0.0,
                      "Total Cost": 45479.1,
                      "Plan Rows": 669,
                      "Plan Width": 4,
                      "Actual Startup Time": 59.526,
                      "Actual Total Time": 81.776,
                      "Actual Rows": 606,
                      "Actual Loops": 5,
                      "Filter": "((kind_id = 1) AND (production_year = 1958))",
                      "Rows Removed by Filter": 505056
                    },
                    {
                      "Node Type": "Index Only Scan",
                      "Parent Relationship": "Inner",
                      "Parallel Aware": false,
                      "Scan Direction": "Forward",
                      "Index Name": "movie_id_cast_info",
                      "Relation Name": "cast_info",
                      "Alias": "ci",
                      "Startup Cost": 0.56,
                      "Total Cost": 128.93,
                      "Plan Rows": 37,
                      "Plan Width": 4,
                      "Actual Startup Time": 0.014,
                      "Actual Total Time": 0.082,
                      "Actual Rows": 18,
                      "Actual Loops": 3032,
                      "Index Cond": "(movie_id = t.id)",
                      "Rows Removed by Index Recheck": 0,
                      "Heap Fetches": 53740
                    }
                  ]
                }
              ]
            }
          ]
        }
      ]
    },
    "Planning Time": 0.599,
    "Triggers": [],
    "Execution Time": 168.089
  }
]