[
  {
    "Plan": {
      "Node Type": "Aggregate",
      "Strategy": "Plain",
      "Partial Mode": "Finalize",
      "Parallel Aware": false,
      "Startup Cost": 345372.4,
      "Total Cost": 345372.41,
      "Plan Rows": 1,
      "Plan Width": 8,
      "Actual Startup Time": 751.038,
      "Actual Total Time": 811.853,
      "Actual Rows": 1,
      "Actual Loops": 1,
      "Plans": [
        {
          "Node Type": "Gather",
          "Parent Relationship": "Outer",
          "Parallel Aware": false,
          "Startup Cost": 345371.77,
          "Total Cost": 345372.38,
          "Plan Rows": 6,
          "Plan Width": 8,
          "Actual Startup Time": 750.926,
          "Actual Total Time": 811.843,
          "Actual Rows": 7,
          "Actual Loops": 1,
          "Workers Planned": 6,
          "Workers Launched": 6,
          "Single Copy": false,
          "Plans": [
            {
              "Node Type": "Aggregate",
              "Strategy": "Plain",
              "Partial Mode": "Partial",
              "Parent Relationship": "Outer",
              "Parallel Aware": false,
              "Startup Cost": 344371.77,
              "Total Cost": 344371.78,
              "Plan Rows": 1,
              "Plan Width": 8,
              "Actual Startup Time": 741.432,
              "Actual Total Time": 741.434,
              "Actual Rows": 1,
              "Actual Loops": 7,
              "Plans": [
                {
                  "Node Type": "Seq Scan",
                  "Parent Relationship": "Outer",
                  "Parallel Aware": true,
                  "Relation Name": "cast_info",
                  "Alias": "ci",
                  "Startup Cost": 0.0,
                  "Total Cost": 343257.03,
                  "Plan Rows": 445897,
                  "Plan Width": 0,
                  "Actual Startup Time": 534.411,
                  "Actual Total Time": 710.643,
                  "Actual Rows": 553824,
                  "Actual Loops": 7,
                  "Filter": "((person_id > 3350618) AND (role_id > 1))",
                  "Rows Removed by Filter": 4623940
                }
              ]
            }
          ]
        }
      ]
    },
    "Planning Time": 0.217,
    "Triggers": [],
    "Execution Time": 811.924
  }
]