[
  {
    "Plan": {
      "Node Type": "Aggregate",
      "Strategy": "Plain",
      "Partial Mode": "Finalize",
      "Parallel Aware": false,
      "Startup Cost": 32005.57,
      "Total Cost": 32005.58,
      "Plan Rows": 1,
      "Plan Width": 8,
      "Actual Startup Time": 123.377,
      "Actual Total Time": 131.521,
      "Actual Rows": 1,
      "Actual Loops": 1,
      "Plans": [
        {
          "Node Type": "Gather",
          "Parent Relationship": "Outer",
          "Parallel Aware": false,
          "Startup Cost": 32005.25,
          "Total Cost": 32005.56,
          "Plan Rows": 3,
          "Plan Width": 8,
          "Actual Startup Time": 123.253,
          "Actual Total Time": 131.513,
          "Actual Rows": 4,
          "Actual Loops": 1,
          "Workers Planned": 3,
          "Workers Launched": 3,
          "Single Copy": false,
          "Plans": [
            {
              "Node Type": "Aggregate",
              "Strategy": "Plain",
              "Partial Mode": "Partial",
              "Parent Relationship": "Outer",
              "Parallel Aware": false,
              "Startup Cost": 31005.25,
              "Total Cost": 31005.26,
              "Plan Rows": 1,
              "Plan Width": 8,
              "Actual Startup Time": 114.666,
              "Actual Total Time": 114.667,
              "Actual Rows": 1,
              "Actual Loops": 4,
              "Plans": [
                {
                  "Node Type": "Seq Scan",
                  "Parent Relationship": "Outer",
                  "Parallel Aware": true,
                  "Relation Name": "movie_companies",
                  "Alias": "mc",
                  "Startup Cost": 0.0,
                  "Total Cost": 29310.68,
                  "Plan Rows": 677828,
                  "Plan Width": 0,
                  "Actual Startup Time": 0.222,
                  "Actual Total Time": 89.438,
                  "Actual Rows": 525954,
                  "Actual Loops": 4,
                  "Filter": "(company_id > 455)",
                  "Rows Removed by Filter": 126328
                }
              ]
            }
          ]
        }
      ]
    },
    "Planning Time": 0.19,
    "Triggers": [],
    "Execution Time": 131.585
  }
]