[
    {
        "Bao": {
            "Bao prediction": "NaN",
            "Bao recommended hint": "(no hint)"
        }
    },
    {
        "Plan": {
            "Node Type": "Aggregate",
            "Strategy": "Plain",
            "Partial Mode": "Finalize",
            "Parallel Aware": false,
            "Startup Cost": 185604.16,
            "Total Cost": 185604.17,
            "Plan Rows": 1,
            "Plan Width": 8,
            "Actual Startup Time": 317.777,
            "Actual Total Time": 333.252,
            "Actual Rows": 1,
            "Actual Loops": 1,
            "Output": [
                "count(*)"
            ],
            "Plans": [
                {
                    "Node Type": "Gather",
                    "Parent Relationship": "Outer",
                    "Parallel Aware": false,
                    "Startup Cost": 185603.84,
                    "Total Cost": 185604.15,
                    "Plan Rows": 3,
                    "Plan Width": 8,
                    "Actual Startup Time": 317.639,
                    "Actual Total Time": 333.243,
                    "Actual Rows": 4,
                    "Actual Loops": 1,
                    "Output": [
                        "(PARTIAL count(*))"
                    ],
                    "Workers Planned": 3,
                    "Workers Launched": 3,
                    "Single Copy": false,
                    "Plans": [
                        {
                            "Node Type": "Aggregate",
                            "Strategy": "Plain",
                            "Partial Mode": "Partial",
                            "Parent Relationship": "Outer",
                            "Parallel Aware": false,
                            "Startup Cost": 184603.84,
                            "Total Cost": 184603.85,
                            "Plan Rows": 1,
                            "Plan Width": 8,
                            "Actual Startup Time": 308.789,
                            "Actual Total Time": 308.792,
                            "Actual Rows": 1,
                            "Actual Loops": 4,
                            "Output": [
                                "PARTIAL count(*)"
                            ],
                            "Workers": [
                                {
                                    "Worker Number": 0,
                                    "Actual Startup Time": 305.783,
                                    "Actual Total Time": 305.786,
                                    "Actual Rows": 1,
                                    "Actual Loops": 1
                                },
                                {
                                    "Worker Number": 1,
                                    "Actual Startup Time": 305.767,
                                    "Actual Total Time": 305.77,
                                    "Actual Rows": 1,
                                    "Actual Loops": 1
                                },
                                {
                                    "Worker Number": 2,
                                    "Actual Startup Time": 306.332,
                                    "Actual Total Time": 306.335,
                                    "Actual Rows": 1,
                                    "Actual Loops": 1
                                }
                            ],
                            "Plans": [
                                {
                                    "Node Type": "Nested Loop",
                                    "Parent Relationship": "Outer",
                                    "Parallel Aware": false,
                                    "Join Type": "Inner",
                                    "Startup Cost": 103225.23,
                                    "Total Cost": 184590.81,
                                    "Plan Rows": 5212,
                                    "Plan Width": 0,
                                    "Actual Startup Time": 161.548,
                                    "Actual Total Time": 306.462,
                                    "Actual Rows": 32724,
                                    "Actual Loops": 4,
                                    "Inner Unique": true,
                                    "Workers": [
                                        {
                                            "Worker Number": 0,
                                            "Actual Startup Time": 158.647,
                                            "Actual Total Time": 303.454,
                                            "Actual Rows": 25528,
                                            "Actual Loops": 1
                                        },
                                        {
                                            "Worker Number": 1,
                                            "Actual Startup Time": 158.771,
                                            "Actual Total Time": 303.369,
                                            "Actual Rows": 26570,
                                            "Actual Loops": 1
                                        },
                                        {
                                            "Worker Number": 2,
                                            "Actual Startup Time": 159.285,
                                            "Actual Total Time": 304.003,
                                            "Actual Rows": 26237,
                                            "Actual Loops": 1
                                        }
                                    ],
                                    "Plans": [
                                        {
                                            "Node Type": "Bitmap Heap Scan",
                                            "Parent Relationship": "Outer",
                                            "Parallel Aware": true,
                                            "Relation Name": "cast_info",
                                            "Schema": "public",
                                            "Alias": "ci",
                                            "Startup Cost": 103224.8,
                                            "Total Cost": 154241.76,
                                            "Plan Rows": 5212,
                                            "Plan Width": 4,
                                            "Actual Startup Time": 161.324,
                                            "Actual Total Time": 166.479,
                                            "Actual Rows": 32724,
                                            "Actual Loops": 4,
                                            "Output": [
                                                "ci.id",
                                                "ci.person_id",
                                                "ci.movie_id",
                                                "ci.person_role_id",
                                                "ci.note",
                                                "ci.nr_order",
                                                "ci.role_id"
                                            ],
                                            "Recheck Cond": "((ci.person_id > 4041565) AND (ci.role_id > 8))",
                                            "Rows Removed by Index Recheck": 0,
                                            "Exact Heap Blocks": 557,
                                            "Lossy Heap Blocks": 0,
                                            "Workers": [
                                                {
                                                    "Worker Number": 0,
                                                    "Actual Startup Time": 158.416,
                                                    "Actual Total Time": 163.268,
                                                    "Actual Rows": 25528,
                                                    "Actual Loops": 1
                                                },
                                                {
                                                    "Worker Number": 1,
                                                    "Actual Startup Time": 158.446,
                                                    "Actual Total Time": 163.682,
                                                    "Actual Rows": 26570,
                                                    "Actual Loops": 1
                                                },
                                                {
                                                    "Worker Number": 2,
                                                    "Actual Startup Time": 158.971,
                                                    "Actual Total Time": 163.949,
                                                    "Actual Rows": 26237,
                                                    "Actual Loops": 1
                                                }
                                            ],
                                            "Plans": [
                                                {
                                                    "Node Type": "BitmapAnd",
                                                    "Parent Relationship": "Outer",
                                                    "Parallel Aware": false,
                                                    "Startup Cost": 103224.8,
                                                    "Total Cost": 103224.8,
                                                    "Plan Rows": 16158,
                                                    "Plan Width": 0,
                                                    "Actual Startup Time": 169.247,
                                                    "Actual Total Time": 169.248,
                                                    "Actual Rows": 0,
                                                    "Actual Loops": 1,
                                                    "Plans": [
                                                        {
                                                            "Node Type": "Bitmap Index Scan",
                                                            "Parent Relationship": "Member",
                                                            "Parallel Aware": false,
                                                            "Index Name": "person_id_cast_info",
                                                            "Startup Cost": 0.0,
                                                            "Total Cost": 2259.41,
                                                            "Plan Rows": 103312,
                                                            "Plan Width": 0,
                                                            "Actual Startup Time": 5.24,
                                                            "Actual Total Time": 5.24,
                                                            "Actual Rows": 130895,
                                                            "Actual Loops": 1,
                                                            "Index Cond": "(ci.person_id > 4041565)"
                                                        },
                                                        {
                                                            "Node Type": "Bitmap Index Scan",
                                                            "Parent Relationship": "Member",
                                                            "Parallel Aware": false,
                                                            "Index Name": "role_id_cast_info",
                                                            "Startup Cost": 0.0,
                                                            "Total Cost": 100957.07,
                                                            "Plan Rows": 5669934,
                                                            "Plan Width": 0,
                                                            "Actual Startup Time": 163.926,
                                                            "Actual Total Time": 163.926,
                                                            "Actual Rows": 5732694,
                                                            "Actual Loops": 1,
                                                            "Index Cond": "(ci.role_id > 8)"
                                                        }
                                                    ]
                                                }
                                            ]
                                        },
                                        {
                                            "Node Type": "Index Only Scan",
                                            "Parent Relationship": "Inner",
                                            "Parallel Aware": false,
                                            "Scan Direction": "Forward",
                                            "Index Name": "title_pkey",
                                            "Relation Name": "title",
                                            "Schema": "public",
                                            "Alias": "t",
                                            "Startup Cost": 0.43,
                                            "Total Cost": 5.82,
                                            "Plan Rows": 1,
                                            "Plan Width": 4,
                                            "Actual Startup Time": 0.004,
                                            "Actual Total Time": 0.004,
                                            "Actual Rows": 1,
                                            "Actual Loops": 130895,
                                            "Output": [
                                                "t.id"
                                            ],
                                            "Index Cond": "(t.id = ci.movie_id)",
                                            "Rows Removed by Index Recheck": 0,
                                            "Heap Fetches": 130895,
                                            "Workers": [
                                                {
                                                    "Worker Number": 0,
                                                    "Actual Startup Time": 0.005,
                                                    "Actual Total Time": 0.005,
                                                    "Actual Rows": 1,
                                                    "Actual Loops": 25528
                                                },
                                                {
                                                    "Worker Number": 1,
                                                    "Actual Startup Time": 0.005,
                                                    "Actual Total Time": 0.005,
                                                    "Actual Rows": 1,
                                                    "Actual Loops": 26570
                                                },
                                                {
                                                    "Worker Number": 2,
                                                    "Actual Startup Time": 0.005,
                                                    "Actual Total Time": 0.005,
                                                    "Actual Rows": 1,
                                                    "Actual Loops": 26237
                                                }
                                            ]
                                        }
                                    ]
                                }
                            ]
                        }
                    ]
                }
            ]
        },
        "Planning Time": 182.552,
        "Triggers": [],
        "Execution Time": 333.322
    }
]