[
  {
    "Plan": {
      "Node Type": "Aggregate",
      "Strategy": "Plain",
      "Partial Mode": "Finalize",
      "Parallel Aware": false,
      "Startup Cost": 31740.15,
      "Total Cost": 31740.16,
      "Plan Rows": 1,
      "Plan Width": 8,
      "Actual Startup Time": 103.769,
      "Actual Total Time": 111.437,
      "Actual Rows": 1,
      "Actual Loops": 1,
      "Plans": [
        {
          "Node Type": "Gather",
          "Parent Relationship": "Outer",
          "Parallel Aware": false,
          "Startup Cost": 31739.83,
          "Total Cost": 31740.14,
          "Plan Rows": 3,
          "Plan Width": 8,
          "Actual Startup Time": 103.675,
          "Actual Total Time": 111.428,
          "Actual Rows": 4,
          "Actual Loops": 1,
          "Workers Planned": 3,
          "Workers Launched": 3,
          "Single Copy": false,
          "Plans": [
            {
              "Node Type": "Aggregate",
              "Strategy": "Plain",
              "Partial Mode": "Partial",
              "Parent Relationship": "Outer",
              "Parallel Aware": false,
              "Startup Cost": 30739.83,
              "Total Cost": 30739.84,
              "Plan Rows": 1,
              "Plan Width": 8,
              "Actual Startup Time": 98.099,
              "Actual Total Time": 98.099,
              "Actual Rows": 1,
              "Actual Loops": 4,
              "Plans": [
                {
                  "Node Type": "Seq Scan",
                  "Parent Relationship": "Outer",
                  "Parallel Aware": true,
                  "Relation Name": "movie_companies",
                  "Alias": "mc",
                  "Startup Cost": 0.0,
                  "Total Cost": 29310.68,
                  "Plan Rows": 571660,
                  "Plan Width": 0,
                  "Actual Startup Time": 0.033,
                  "Actual Total Time": 76.248,
                  "Actual Rows": 439807,
                  "Actual Loops": 4,
                  "Filter": "(company_id < 25248)",
                  "Rows Removed by Filter": 212476
                }
              ]
            }
          ]
        }
      ]
    },
    "Planning Time": 0.16,
    "Triggers": [],
    "Execution Time": 111.485
  }
]