{
  "Plan": {
    "Node Type": "Aggregate",
    "Strategy": "Plain",
    "Partial Mode": "Finalize",
    "Parallel Aware": false,
    "Startup Cost": 64700.01,
    "Total Cost": 64700.02,
    "Plan Rows": 1,
    "Plan Width": 8,
    "Actual Startup Time": 38.825,
    "Actual Total Time": 42.82,
    "Actual Rows": 1,
    "Actual Loops": 1,
    "Plans": [
      {
        "Node Type": "Gather",
        "Parent Relationship": "Outer",
        "Parallel Aware": false,
        "Startup Cost": 64699.9,
        "Total Cost": 64700.01,
        "Plan Rows": 1,
        "Plan Width": 8,
        "Actual Startup Time": 38.711,
        "Actual Total Time": 42.814,
        "Actual Rows": 2,
        "Actual Loops": 1,
        "Workers Planned": 1,
        "Workers Launched": 1,
        "Single Copy": false,
        "Plans": [
          {
            "Node Type": "Aggregate",
            "Strategy": "Plain",
            "Partial Mode": "Partial",
            "Parent Relationship": "Outer",
            "Parallel Aware": false,
            "Startup Cost": 63699.9,
            "Total Cost": 63699.91,
            "Plan Rows": 1,
            "Plan Width": 8,
            "Actual Startup Time": 33.009,
            "Actual Total Time": 33.01,
            "Actual Rows": 1,
            "Actual Loops": 2,
            "Plans": [
              {
                "Node Type": "Nested Loop",
                "Parent Relationship": "Outer",
                "Parallel Aware": false,
                "Join Type": "Inner",
                "Startup Cost": 161.61,
                "Total Cost": 63686.85,
                "Plan Rows": 5218,
                "Plan Width": 0,
                "Actual Startup Time": 1.709,
                "Actual Total Time": 32.485,
                "Actual Rows": 3310,
                "Actual Loops": 2,
                "Inner Unique": true,
                "Plans": [
                  {
                    "Node Type": "Bitmap Heap Scan",
                    "Parent Relationship": "Outer",
                    "Parallel Aware": true,
                    "Relation Name": "movie_info",
                    "Alias": "mi",
                    "Startup Cost": 161.18,
                    "Total Cost": 28782.54,
                    "Plan Rows": 5218,
                    "Plan Width": 4,
                    "Actual Startup Time": 1.589,
                    "Actual Total Time": 5.502,
                    "Actual Rows": 3310,
                    "Actual Loops": 2,
                    "Recheck Cond": "(info_type_id = 85)",
                    "Rows Removed by Index Recheck": 0,
                    "Exact Heap Blocks": 1081,
                    "Lossy Heap Blocks": 0,
                    "Plans": [
                      {
                        "Node Type": "Bitmap Index Scan",
                        "Parent Relationship": "Outer",
                        "Parallel Aware": false,
                        "Index Name": "info_type_id_movie_info",
                        "Startup Cost": 0.0,
                        "Total Cost": 158.96,
                        "Plan Rows": 8870,
                        "Plan Width": 0,
                        "Actual Startup Time": 2.401,
                        "Actual Total Time": 2.401,
                        "Actual Rows": 6621,
                        "Actual Loops": 1,
                        "Index Cond": "(info_type_id = 85)"
                      }
                    ]
                  },
                  {
                    "Node Type": "Index Only Scan",
                    "Parent Relationship": "Inner",
                    "Parallel Aware": false,
                    "Scan Direction": "Forward",
                    "Index Name": "title_pkey",
                    "Relation Name": "title",
                    "Alias": "t",
                    "Startup Cost": 0.43,
                    "Total Cost": 6.69,
                    "Plan Rows": 1,
                    "Plan Width": 4,
                    "Actual Startup Time": 0.007,
                    "Actual Total Time": 0.007,
                    "Actual Rows": 1,
                    "Actual Loops": 6621,
                    "Index Cond": "(id = mi.movie_id)",
                    "Rows Removed by Index Recheck": 0,
                    "Heap Fetches": 6621
                  }
                ]
              }
            ]
          }
        ]
      }
    ]
  },
  "Planning Time": 0.432,
  "Triggers": [],
  "Execution Time": 42.904
}