[
    {
        "Bao": {
            "Bao prediction": "NaN",
            "Bao recommended hint": "(no hint)"
        }
    },
    {
        "Plan": {
            "Node Type": "Aggregate",
            "Strategy": "Plain",
            "Partial Mode": "Finalize",
            "Parallel Aware": false,
            "Startup Cost": 91220.84,
            "Total Cost": 91220.85,
            "Plan Rows": 1,
            "Plan Width": 8,
            "Actual Startup Time": 266.674,
            "Actual Total Time": 280.132,
            "Actual Rows": 1,
            "Actual Loops": 1,
            "Output": [
                "count(*)"
            ],
            "Plans": [
                {
                    "Node Type": "Gather",
                    "Parent Relationship": "Outer",
                    "Parallel Aware": false,
                    "Startup Cost": 91220.52,
                    "Total Cost": 91220.83,
                    "Plan Rows": 3,
                    "Plan Width": 8,
                    "Actual Startup Time": 265.325,
                    "Actual Total Time": 280.126,
                    "Actual Rows": 4,
                    "Actual Loops": 1,
                    "Output": [
                        "(PARTIAL count(*))"
                    ],
                    "Workers Planned": 3,
                    "Workers Launched": 3,
                    "Single Copy": false,
                    "Plans": [
                        {
                            "Node Type": "Aggregate",
                            "Strategy": "Plain",
                            "Partial Mode": "Partial",
                            "Parent Relationship": "Outer",
                            "Parallel Aware": false,
                            "Startup Cost": 90220.52,
                            "Total Cost": 90220.53,
                            "Plan Rows": 1,
                            "Plan Width": 8,
                            "Actual Startup Time": 256.822,
                            "Actual Total Time": 256.825,
                            "Actual Rows": 1,
                            "Actual Loops": 4,
                            "Output": [
                                "PARTIAL count(*)"
                            ],
                            "Workers": [
                                {
                                    "Worker Number": 0,
                                    "Actual Startup Time": 253.613,
                                    "Actual Total Time": 253.616,
                                    "Actual Rows": 1,
                                    "Actual Loops": 1
                                },
                                {
                                    "Worker Number": 1,
                                    "Actual Startup Time": 254.102,
                                    "Actual Total Time": 254.104,
                                    "Actual Rows": 1,
                                    "Actual Loops": 1
                                },
                                {
                                    "Worker Number": 2,
                                    "Actual Startup Time": 254.51,
                                    "Actual Total Time": 254.513,
                                    "Actual Rows": 1,
                                    "Actual Loops": 1
                                }
                            ],
                            "Plans": [
                                {
                                    "Node Type": "Hash Join",
                                    "Parent Relationship": "Outer",
                                    "Parallel Aware": true,
                                    "Join Type": "Inner",
                                    "Startup Cost": 46201.03,
                                    "Total Cost": 90114.56,
                                    "Plan Rows": 42386,
                                    "Plan Width": 0,
                                    "Actual Startup Time": 120.933,
                                    "Actual Total Time": 252.392,
                                    "Actual Rows": 102230,
                                    "Actual Loops": 4,
                                    "Inner Unique": true,
                                    "Hash Cond": "(mk.movie_id = t.id)",
                                    "Workers": [
                                        {
                                            "Worker Number": 0,
                                            "Actual Startup Time": 117.818,
                                            "Actual Total Time": 249.35,
                                            "Actual Rows": 93866,
                                            "Actual Loops": 1
                                        },
                                        {
                                            "Worker Number": 1,
                                            "Actual Startup Time": 118.316,
                                            "Actual Total Time": 249.605,
                                            "Actual Rows": 100718,
                                            "Actual Loops": 1
                                        },
                                        {
                                            "Worker Number": 2,
                                            "Actual Startup Time": 118.669,
                                            "Actual Total Time": 249.949,
                                            "Actual Rows": 101874,
                                            "Actual Loops": 1
                                        }
                                    ],
                                    "Plans": [
                                        {
                                            "Node Type": "Seq Scan",
                                            "Parent Relationship": "Outer",
                                            "Parallel Aware": true,
                                            "Relation Name": "movie_keyword",
                                            "Schema": "public",
                                            "Alias": "mk",
                                            "Startup Cost": 0.0,
                                            "Total Cost": 42695.65,
                                            "Plan Rows": 463952,
                                            "Plan Width": 4,
                                            "Actual Startup Time": 0.641,
                                            "Actual Total Time": 87.816,
                                            "Actual Rows": 353238,
                                            "Actual Loops": 4,
                                            "Output": [
                                                "mk.id",
                                                "mk.movie_id",
                                                "mk.keyword_id"
                                            ],
                                            "Filter": "(mk.keyword_id > 11824)",
                                            "Rows Removed by Filter": 777744,
                                            "Workers": [
                                                {
                                                    "Worker Number": 0,
                                                    "Actual Startup Time": 0.654,
                                                    "Actual Total Time": 87.994,
                                                    "Actual Rows": 323088,
                                                    "Actual Loops": 1
                                                },
                                                {
                                                    "Worker Number": 1,
                                                    "Actual Startup Time": 0.635,
                                                    "Actual Total Time": 88.999,
                                                    "Actual Rows": 347637,
                                                    "Actual Loops": 1
                                                },
                                                {
                                                    "Worker Number": 2,
                                                    "Actual Startup Time": 0.643,
                                                    "Actual Total Time": 88.97,
                                                    "Actual Rows": 347688,
                                                    "Actual Loops": 1
                                                }
                                            ]
                                        },
                                        {
                                            "Node Type": "Hash",
                                            "Parent Relationship": "Inner",
                                            "Parallel Aware": true,
                                            "Startup Cost": 45479.21,
                                            "Total Cost": 45479.21,
                                            "Plan Rows": 57746,
                                            "Plan Width": 4,
                                            "Actual Startup Time": 118.476,
                                            "Actual Total Time": 118.477,
                                            "Actual Rows": 85467,
                                            "Actual Loops": 4,
                                            "Output": [
                                                "t.id"
                                            ],
                                            "Hash Buckets": 524288,
                                            "Original Hash Buckets": 262144,
                                            "Hash Batches": 1,
                                            "Original Hash Batches": 1,
                                            "Peak Memory Usage": 19584,
                                            "Workers": [
                                                {
                                                    "Worker Number": 0,
                                                    "Actual Startup Time": 116.226,
                                                    "Actual Total Time": 116.227,
                                                    "Actual Rows": 73168,
                                                    "Actual Loops": 1
                                                },
                                                {
                                                    "Worker Number": 1,
                                                    "Actual Startup Time": 116.738,
                                                    "Actual Total Time": 116.74,
                                                    "Actual Rows": 82103,
                                                    "Actual Loops": 1
                                                },
                                                {
                                                    "Worker Number": 2,
                                                    "Actual Startup Time": 117.129,
                                                    "Actual Total Time": 117.13,
                                                    "Actual Rows": 82938,
                                                    "Actual Loops": 1
                                                }
                                            ],
                                            "Plans": [
                                                {
                                                    "Node Type": "Seq Scan",
                                                    "Parent Relationship": "Outer",
                                                    "Parallel Aware": true,
                                                    "Relation Name": "title",
                                                    "Schema": "public",
                                                    "Alias": "t",
                                                    "Startup Cost": 0.0,
                                                    "Total Cost": 45479.21,
                                                    "Plan Rows": 57746,
                                                    "Plan Width": 4,
                                                    "Actual Startup Time": 0.132,
                                                    "Actual Total Time": 87.551,
                                                    "Actual Rows": 85467,
                                                    "Actual Loops": 4,
                                                    "Output": [
                                                        "t.id"
                                                    ],
                                                    "Filter": "((t.kind_id < 7) AND (t.production_year < 1985))",
                                                    "Rows Removed by Filter": 546611,
                                                    "Workers": [
                                                        {
                                                            "Worker Number": 0,
                                                            "Actual Startup Time": 0.069,
                                                            "Actual Total Time": 84.372,
                                                            "Actual Rows": 73168,
                                                            "Actual Loops": 1
                                                        },
                                                        {
                                                            "Worker Number": 1,
                                                            "Actual Startup Time": 0.31,
                                                            "Actual Total Time": 86.829,
                                                            "Actual Rows": 82103,
                                                            "Actual Loops": 1
                                                        },
                                                        {
                                                            "Worker Number": 2,
                                                            "Actual Startup Time": 0.109,
                                                            "Actual Total Time": 87.336,
                                                            "Actual Rows": 82938,
                                                            "Actual Loops": 1
                                                        }
                                                    ]
                                                }
                                            ]
                                        }
                                    ]
                                }
                            ]
                        }
                    ]
                }
            ]
        },
        "Planning Time": 215.881,
        "Triggers": [],
        "Execution Time": 280.187
    }
]