[
    {
        "Bao": {
            "Bao prediction": "NaN",
            "Bao recommended hint": "(no hint)"
        }
    },
    {
        "Plan": {
            "Node Type": "Aggregate",
            "Strategy": "Plain",
            "Partial Mode": "Finalize",
            "Parallel Aware": false,
            "Startup Cost": 29382.46,
            "Total Cost": 29382.47,
            "Plan Rows": 1,
            "Plan Width": 8,
            "Actual Startup Time": 57.521,
            "Actual Total Time": 60.994,
            "Actual Rows": 1,
            "Actual Loops": 1,
            "Output": [
                "count(*)"
            ],
            "Plans": [
                {
                    "Node Type": "Gather",
                    "Parent Relationship": "Outer",
                    "Parallel Aware": false,
                    "Startup Cost": 29382.14,
                    "Total Cost": 29382.45,
                    "Plan Rows": 3,
                    "Plan Width": 8,
                    "Actual Startup Time": 57.341,
                    "Actual Total Time": 60.987,
                    "Actual Rows": 4,
                    "Actual Loops": 1,
                    "Output": [
                        "(PARTIAL count(*))"
                    ],
                    "Workers Planned": 3,
                    "Workers Launched": 3,
                    "Single Copy": false,
                    "Plans": [
                        {
                            "Node Type": "Aggregate",
                            "Strategy": "Plain",
                            "Partial Mode": "Partial",
                            "Parent Relationship": "Outer",
                            "Parallel Aware": false,
                            "Startup Cost": 28382.14,
                            "Total Cost": 28382.15,
                            "Plan Rows": 1,
                            "Plan Width": 8,
                            "Actual Startup Time": 48.563,
                            "Actual Total Time": 48.565,
                            "Actual Rows": 1,
                            "Actual Loops": 4,
                            "Output": [
                                "PARTIAL count(*)"
                            ],
                            "Workers": [
                                {
                                    "Worker Number": 0,
                                    "Actual Startup Time": 45.385,
                                    "Actual Total Time": 45.387,
                                    "Actual Rows": 1,
                                    "Actual Loops": 1
                                },
                                {
                                    "Worker Number": 1,
                                    "Actual Startup Time": 45.94,
                                    "Actual Total Time": 45.941,
                                    "Actual Rows": 1,
                                    "Actual Loops": 1
                                },
                                {
                                    "Worker Number": 2,
                                    "Actual Startup Time": 46.18,
                                    "Actual Total Time": 46.182,
                                    "Actual Rows": 1,
                                    "Actual Loops": 1
                                }
                            ],
                            "Plans": [
                                {
                                    "Node Type": "Bitmap Heap Scan",
                                    "Parent Relationship": "Outer",
                                    "Parallel Aware": true,
                                    "Relation Name": "movie_companies",
                                    "Schema": "public",
                                    "Alias": "mc",
                                    "Startup Cost": 7841.07,
                                    "Total Cost": 28090.3,
                                    "Plan Rows": 116738,
                                    "Plan Width": 0,
                                    "Actual Startup Time": 10.069,
                                    "Actual Total Time": 42.462,
                                    "Actual Rows": 91958,
                                    "Actual Loops": 4,
                                    "Recheck Cond": "(mc.company_id > 85888)",
                                    "Rows Removed by Index Recheck": 0,
                                    "Exact Heap Blocks": 3418,
                                    "Lossy Heap Blocks": 0,
                                    "Workers": [
                                        {
                                            "Worker Number": 0,
                                            "Actual Startup Time": 7.065,
                                            "Actual Total Time": 40.044,
                                            "Actual Rows": 51753,
                                            "Actual Loops": 1
                                        },
                                        {
                                            "Worker Number": 1,
                                            "Actual Startup Time": 7.448,
                                            "Actual Total Time": 40.323,
                                            "Actual Rows": 52403,
                                            "Actual Loops": 1
                                        },
                                        {
                                            "Worker Number": 2,
                                            "Actual Startup Time": 7.714,
                                            "Actual Total Time": 40.756,
                                            "Actual Rows": 50851,
                                            "Actual Loops": 1
                                        }
                                    ],
                                    "Plans": [
                                        {
                                            "Node Type": "Bitmap Index Scan",
                                            "Parent Relationship": "Outer",
                                            "Parallel Aware": false,
                                            "Index Name": "company_id_movie_companies",
                                            "Startup Cost": 0.0,
                                            "Total Cost": 7750.6,
                                            "Plan Rows": 361889,
                                            "Plan Width": 0,
                                            "Actual Startup Time": 17.299,
                                            "Actual Total Time": 17.3,
                                            "Actual Rows": 367830,
                                            "Actual Loops": 1,
                                            "Index Cond": "(mc.company_id > 85888)"
                                        }
                                    ]
                                }
                            ]
                        }
                    ]
                }
            ]
        },
        "Planning Time": 178.631,
        "Triggers": [],
        "Execution Time": 61.106
    }
]