[
  {
    "Plan": {
      "Node Type": "Aggregate",
      "Strategy": "Plain",
      "Partial Mode": "Finalize",
      "Parallel Aware": false,
      "Startup Cost": 32802.87,
      "Total Cost": 32802.88,
      "Plan Rows": 1,
      "Plan Width": 8,
      "Actual Startup Time": 83.034,
      "Actual Total Time": 90.51,
      "Actual Rows": 1,
      "Actual Loops": 1,
      "Plans": [
        {
          "Node Type": "Gather",
          "Parent Relationship": "Outer",
          "Parallel Aware": false,
          "Startup Cost": 32802.56,
          "Total Cost": 32802.87,
          "Plan Rows": 3,
          "Plan Width": 8,
          "Actual Startup Time": 82.911,
          "Actual Total Time": 90.502,
          "Actual Rows": 4,
          "Actual Loops": 1,
          "Workers Planned": 3,
          "Workers Launched": 3,
          "Single Copy": false,
          "Plans": [
            {
              "Node Type": "Aggregate",
              "Strategy": "Plain",
              "Partial Mode": "Partial",
              "Parent Relationship": "Outer",
              "Parallel Aware": false,
              "Startup Cost": 31802.56,
              "Total Cost": 31802.57,
              "Plan Rows": 1,
              "Plan Width": 8,
              "Actual Startup Time": 76.075,
              "Actual Total Time": 76.075,
              "Actual Rows": 1,
              "Actual Loops": 4,
              "Plans": [
                {
                  "Node Type": "Seq Scan",
                  "Parent Relationship": "Outer",
                  "Parallel Aware": true,
                  "Relation Name": "movie_companies",
                  "Alias": "mc",
                  "Startup Cost": 0.0,
                  "Total Cost": 31414.82,
                  "Plan Rows": 155095,
                  "Plan Width": 0,
                  "Actual Startup Time": 22.895,
                  "Actual Total Time": 73.764,
                  "Actual Rows": 44013,
                  "Actual Loops": 4,
                  "Filter": "((company_id > 17059) AND (company_type_id < 2))",
                  "Rows Removed by Filter": 608269
                }
              ]
            }
          ]
        }
      ]
    },
    "Planning Time": 0.206,
    "Triggers": [],
    "Execution Time": 90.564
  }
]