[
  {
    "Plan": {
      "Node Type": "Aggregate",
      "Strategy": "Plain",
      "Partial Mode": "Finalize",
      "Parallel Aware": false,
      "Startup Cost": 339403.61,
      "Total Cost": 339403.62,
      "Plan Rows": 1,
      "Plan Width": 8,
      "Actual Startup Time": 373.845,
      "Actual Total Time": 395.024,
      "Actual Rows": 1,
      "Actual Loops": 1,
      "Plans": [
        {
          "Node Type": "Gather",
          "Parent Relationship": "Outer",
          "Parallel Aware": false,
          "Startup Cost": 339402.99,
          "Total Cost": 339403.6,
          "Plan Rows": 6,
          "Plan Width": 8,
          "Actual Startup Time": 373.756,
          "Actual Total Time": 395.013,
          "Actual Rows": 7,
          "Actual Loops": 1,
          "Workers Planned": 6,
          "Workers Launched": 6,
          "Single Copy": false,
          "Plans": [
            {
              "Node Type": "Aggregate",
              "Strategy": "Plain",
              "Partial Mode": "Partial",
              "Parent Relationship": "Outer",
              "Parallel Aware": false,
              "Startup Cost": 338402.99,
              "Total Cost": 338403.0,
              "Plan Rows": 1,
              "Plan Width": 8,
              "Actual Startup Time": 365.146,
              "Actual Total Time": 365.147,
              "Actual Rows": 1,
              "Actual Loops": 7,
              "Plans": [
                {
                  "Node Type": "Index Scan",
                  "Parent Relationship": "Outer",
                  "Parallel Aware": true,
                  "Scan Direction": "Forward",
                  "Index Name": "role_id_cast_info",
                  "Relation Name": "cast_info",
                  "Alias": "ci",
                  "Startup Cost": 0.56,
                  "Total Cost": 335235.55,
                  "Plan Rows": 1266975,
                  "Plan Width": 0,
                  "Actual Startup Time": 282.23,
                  "Actual Total Time": 350.601,
                  "Actual Rows": 350040,
                  "Actual Loops": 7,
                  "Index Cond": "(role_id = 1)",
                  "Rows Removed by Index Recheck": 0,
                  "Filter": "(person_id > 1393304)",
                  "Rows Removed by Filter": 1460058
                }
              ]
            }
          ]
        }
      ]
    },
    "Planning Time": 0.227,
    "Triggers": [],
    "Execution Time": 395.084
  }
]