{
    "Plan": {
        "Node Type": "Aggregate",
        "Strategy": "Plain",
        "Partial Mode": "Finalize",
        "Parallel Aware": false,
        "Startup Cost": 362945.62,
        "Total Cost": 362945.63,
        "Plan Rows": 1,
        "Plan Width": 8,
        "Actual Startup Time": 1379.889,
        "Actual Total Time": 1423.206,
        "Actual Rows": 1,
        "Actual Loops": 1,
        "Output": [
            "count(*)"
        ],
        "Plans": [
            {
                "Node Type": "Gather",
                "Parent Relationship": "Outer",
                "Parallel Aware": false,
                "Startup Cost": 362945.2,
                "Total Cost": 362945.61,
                "Plan Rows": 4,
                "Plan Width": 8,
                "Actual Startup Time": 1352.65,
                "Actual Total Time": 1423.193,
                "Actual Rows": 5,
                "Actual Loops": 1,
                "Output": [
                    "(PARTIAL count(*))"
                ],
                "Workers Planned": 4,
                "Workers Launched": 4,
                "Single Copy": false,
                "Plans": [
                    {
                        "Node Type": "Aggregate",
                        "Strategy": "Plain",
                        "Partial Mode": "Partial",
                        "Parent Relationship": "Outer",
                        "Parallel Aware": false,
                        "Startup Cost": 361945.2,
                        "Total Cost": 361945.21,
                        "Plan Rows": 1,
                        "Plan Width": 8,
                        "Actual Startup Time": 1331.47,
                        "Actual Total Time": 1331.475,
                        "Actual Rows": 1,
                        "Actual Loops": 5,
                        "Output": [
                            "PARTIAL count(*)"
                        ],
                        "Workers": [
                            {
                                "Worker Number": 0,
                                "Actual Startup Time": 1332.033,
                                "Actual Total Time": 1332.037,
                                "Actual Rows": 1,
                                "Actual Loops": 1
                            },
                            {
                                "Worker Number": 1,
                                "Actual Startup Time": 1324.779,
                                "Actual Total Time": 1324.783,
                                "Actual Rows": 1,
                                "Actual Loops": 1
                            },
                            {
                                "Worker Number": 2,
                                "Actual Startup Time": 1324.173,
                                "Actual Total Time": 1324.178,
                                "Actual Rows": 1,
                                "Actual Loops": 1
                            },
                            {
                                "Worker Number": 3,
                                "Actual Startup Time": 1324.519,
                                "Actual Total Time": 1324.523,
                                "Actual Rows": 1,
                                "Actual Loops": 1
                            }
                        ],
                        "Plans": [
                            {
                                "Node Type": "Hash Join",
                                "Parent Relationship": "Outer",
                                "Parallel Aware": true,
                                "Join Type": "Inner",
                                "Startup Cost": 310317.37,
                                "Total Cost": 361907.75,
                                "Plan Rows": 14982,
                                "Plan Width": 0,
                                "Actual Startup Time": 1219.634,
                                "Actual Total Time": 1330.36,
                                "Actual Rows": 7949,
                                "Actual Loops": 5,
                                "Inner Unique": false,
                                "Hash Cond": "(t.id = mi.movie_id)",
                                "Workers": [
                                    {
                                        "Worker Number": 0,
                                        "Actual Startup Time": 1213.756,
                                        "Actual Total Time": 1330.971,
                                        "Actual Rows": 7109,
                                        "Actual Loops": 1
                                    },
                                    {
                                        "Worker Number": 1,
                                        "Actual Startup Time": 1214.832,
                                        "Actual Total Time": 1323.643,
                                        "Actual Rows": 7197,
                                        "Actual Loops": 1
                                    },
                                    {
                                        "Worker Number": 2,
                                        "Actual Startup Time": 1213.666,
                                        "Actual Total Time": 1323.106,
                                        "Actual Rows": 6846,
                                        "Actual Loops": 1
                                    },
                                    {
                                        "Worker Number": 3,
                                        "Actual Startup Time": 1214.896,
                                        "Actual Total Time": 1323.461,
                                        "Actual Rows": 9992,
                                        "Actual Loops": 1
                                    }
                                ],
                                "Plans": [
                                    {
                                        "Node Type": "Bitmap Heap Scan",
                                        "Parent Relationship": "Outer",
                                        "Parallel Aware": true,
                                        "Relation Name": "title",
                                        "Schema": "public",
                                        "Alias": "t",
                                        "Startup Cost": 27327.95,
                                        "Total Cost": 69074.09,
                                        "Plan Rows": 7243,
                                        "Plan Width": 4,
                                        "Actual Startup Time": 77.212,
                                        "Actual Total Time": 169.873,
                                        "Actual Rows": 6427,
                                        "Actual Loops": 5,
                                        "Output": [
                                            "t.id",
                                            "t.title",
                                            "t.imdb_index",
                                            "t.kind_id",
                                            "t.production_year",
                                            "t.imdb_id",
                                            "t.phonetic_code",
                                            "t.episode_of_id",
                                            "t.season_nr",
                                            "t.episode_nr",
                                            "t.series_years",
                                            "t.md5sum"
                                        ],
                                        "Recheck Cond": "(t.kind_id = 7)",
                                        "Rows Removed by Index Recheck": 0,
                                        "Filter": "(t.production_year = 1998)",
                                        "Rows Removed by Filter": 302226,
                                        "Exact Heap Blocks": 5317,
                                        "Lossy Heap Blocks": 0,
                                        "Workers": [
                                            {
                                                "Worker Number": 0,
                                                "Actual Startup Time": 77.003,
                                                "Actual Total Time": 169.352,
                                                "Actual Rows": 5796,
                                                "Actual Loops": 1
                                            },
                                            {
                                                "Worker Number": 1,
                                                "Actual Startup Time": 77.44,
                                                "Actual Total Time": 169.2,
                                                "Actual Rows": 5874,
                                                "Actual Loops": 1
                                            },
                                            {
                                                "Worker Number": 2,
                                                "Actual Startup Time": 76.995,
                                                "Actual Total Time": 169.777,
                                                "Actual Rows": 5559,
                                                "Actual Loops": 1
                                            },
                                            {
                                                "Worker Number": 3,
                                                "Actual Startup Time": 77.905,
                                                "Actual Total Time": 170.36,
                                                "Actual Rows": 7945,
                                                "Actual Loops": 1
                                            }
                                        ],
                                        "Plans": [
                                            {
                                                "Node Type": "Bitmap Index Scan",
                                                "Parent Relationship": "Outer",
                                                "Parallel Aware": false,
                                                "Index Name": "kind_id_title",
                                                "Startup Cost": 0.0,
                                                "Total Cost": 27320.71,
                                                "Plan Rows": 1532837,
                                                "Plan Width": 0,
                                                "Actual Startup Time": 70.882,
                                                "Actual Total Time": 70.883,
                                                "Actual Rows": 1543264,
                                                "Actual Loops": 1,
                                                "Index Cond": "(t.kind_id = 7)"
                                            }
                                        ]
                                    },
                                    {
                                        "Node Type": "Hash",
                                        "Parent Relationship": "Inner",
                                        "Parallel Aware": true,
                                        "Startup Cost": 269914.13,
                                        "Total Cost": 269914.13,
                                        "Plan Rows": 1046023,
                                        "Plan Width": 4,
                                        "Actual Startup Time": 1128.485,
                                        "Actual Total Time": 1128.486,
                                        "Actual Rows": 1054114,
                                        "Actual Loops": 5,
                                        "Output": [
                                            "mi.movie_id"
                                        ],
                                        "Hash Buckets": 8388608,
                                        "Original Hash Buckets": 8388608,
                                        "Hash Batches": 1,
                                        "Original Hash Batches": 1,
                                        "Peak Memory Usage": 271808,
                                        "Workers": [
                                            {
                                                "Worker Number": 0,
                                                "Actual Startup Time": 1136.122,
                                                "Actual Total Time": 1136.123,
                                                "Actual Rows": 927158,
                                                "Actual Loops": 1
                                            },
                                            {
                                                "Worker Number": 1,
                                                "Actual Startup Time": 1136.85,
                                                "Actual Total Time": 1136.852,
                                                "Actual Rows": 988412,
                                                "Actual Loops": 1
                                            },
                                            {
                                                "Worker Number": 2,
                                                "Actual Startup Time": 1136.168,
                                                "Actual Total Time": 1136.17,
                                                "Actual Rows": 931480,
                                                "Actual Loops": 1
                                            },
                                            {
                                                "Worker Number": 3,
                                                "Actual Startup Time": 1136.55,
                                                "Actual Total Time": 1136.551,
                                                "Actual Rows": 1371200,
                                                "Actual Loops": 1
                                            }
                                        ],
                                        "Plans": [
                                            {
                                                "Node Type": "Bitmap Heap Scan",
                                                "Parent Relationship": "Outer",
                                                "Parallel Aware": true,
                                                "Relation Name": "movie_info",
                                                "Schema": "public",
                                                "Alias": "mi",
                                                "Startup Cost": 94845.84,
                                                "Total Cost": 269914.13,
                                                "Plan Rows": 1046023,
                                                "Plan Width": 4,
                                                "Actual Startup Time": 348.353,
                                                "Actual Total Time": 692.649,
                                                "Actual Rows": 1054114,
                                                "Actual Loops": 5,
                                                "Output": [
                                                    "mi.movie_id"
                                                ],
                                                "Recheck Cond": "(mi.info_type_id > 15)",
                                                "Rows Removed by Index Recheck": 0,
                                                "Exact Heap Blocks": 15251,
                                                "Lossy Heap Blocks": 0,
                                                "Workers": [
                                                    {
                                                        "Worker Number": 0,
                                                        "Actual Startup Time": 348.349,
                                                        "Actual Total Time": 692.641,
                                                        "Actual Rows": 927158,
                                                        "Actual Loops": 1
                                                    },
                                                    {
                                                        "Worker Number": 1,
                                                        "Actual Startup Time": 348.4,
                                                        "Actual Total Time": 693.779,
                                                        "Actual Rows": 988412,
                                                        "Actual Loops": 1
                                                    },
                                                    {
                                                        "Worker Number": 2,
                                                        "Actual Startup Time": 348.44,
                                                        "Actual Total Time": 693.72,
                                                        "Actual Rows": 931480,
                                                        "Actual Loops": 1
                                                    },
                                                    {
                                                        "Worker Number": 3,
                                                        "Actual Startup Time": 348.355,
                                                        "Actual Total Time": 687.264,
                                                        "Actual Rows": 1371200,
                                                        "Actual Loops": 1
                                                    }
                                                ],
                                                "Plans": [
                                                    {
                                                        "Node Type": "Bitmap Index Scan",
                                                        "Parent Relationship": "Outer",
                                                        "Parallel Aware": false,
                                                        "Index Name": "info_type_id_movie_info",
                                                        "Startup Cost": 0.0,
                                                        "Total Cost": 93538.31,
                                                        "Plan Rows": 5230117,
                                                        "Plan Width": 0,
                                                        "Actual Startup Time": 327.21,
                                                        "Actual Total Time": 327.21,
                                                        "Actual Rows": 5270569,
                                                        "Actual Loops": 1,
                                                        "Index Cond": "(mi.info_type_id > 15)"
                                                    }
                                                ]
                                            }
                                        ]
                                    }
                                ]
                            }
                        ]
                    }
                ]
            }
        ]
    },
    "Planning Time": 1.761,
    "Triggers": [],
    "Execution Time": 1423.514
}