{
  "Plan": {
    "Node Type": "Aggregate",
    "Strategy": "Plain",
    "Partial Mode": "Finalize",
    "Parallel Aware": false,
    "Startup Cost": 58227.45,
    "Total Cost": 58227.46,
    "Plan Rows": 1,
    "Plan Width": 8,
    "Actual Startup Time": 194.511,
    "Actual Total Time": 204.03,
    "Actual Rows": 1,
    "Actual Loops": 1,
    "Plans": [
      {
        "Node Type": "Gather",
        "Parent Relationship": "Outer",
        "Parallel Aware": false,
        "Startup Cost": 58227.33,
        "Total Cost": 58227.44,
        "Plan Rows": 1,
        "Plan Width": 8,
        "Actual Startup Time": 194.216,
        "Actual Total Time": 204.023,
        "Actual Rows": 2,
        "Actual Loops": 1,
        "Workers Planned": 1,
        "Workers Launched": 1,
        "Single Copy": false,
        "Plans": [
          {
            "Node Type": "Aggregate",
            "Strategy": "Plain",
            "Partial Mode": "Partial",
            "Parent Relationship": "Outer",
            "Parallel Aware": false,
            "Startup Cost": 57227.33,
            "Total Cost": 57227.34,
            "Plan Rows": 1,
            "Plan Width": 8,
            "Actual Startup Time": 188.269,
            "Actual Total Time": 188.272,
            "Actual Rows": 1,
            "Actual Loops": 2,
            "Plans": [
              {
                "Node Type": "Hash Join",
                "Parent Relationship": "Outer",
                "Parallel Aware": true,
                "Join Type": "Inner",
                "Startup Cost": 38970.75,
                "Total Cost": 57154.54,
                "Plan Rows": 29116,
                "Plan Width": 0,
                "Actual Startup Time": 79.847,
                "Actual Total Time": 186.06,
                "Actual Rows": 56529,
                "Actual Loops": 2,
                "Inner Unique": true,
                "Hash Cond": "(mi_idx.movie_id = t.id)",
                "Plans": [
                  {
                    "Node Type": "Seq Scan",
                    "Parent Relationship": "Outer",
                    "Parallel Aware": true,
                    "Relation Name": "movie_info_idx",
                    "Alias": "mi_idx",
                    "Startup Cost": 0.0,
                    "Total Cost": 16052.85,
                    "Plan Rows": 811785,
                    "Plan Width": 4,
                    "Actual Startup Time": 0.017,
                    "Actual Total Time": 46.795,
                    "Actual Rows": 690018,
                    "Actual Loops": 2
                  },
                  {
                    "Node Type": "Hash",
                    "Parent Relationship": "Inner",
                    "Parallel Aware": true,
                    "Startup Cost": 38303.98,
                    "Total Cost": 38303.98,
                    "Plan Rows": 53342,
                    "Plan Width": 4,
                    "Actual Startup Time": 77.46,
                    "Actual Total Time": 77.46,
                    "Actual Rows": 45426,
                    "Actual Loops": 2,
                    "Hash Buckets": 131072,
                    "Original Hash Buckets": 131072,
                    "Hash Batches": 1,
                    "Original Hash Batches": 1,
                    "Peak Memory Usage": 4608,
                    "Plans": [
                      {
                        "Node Type": "Bitmap Heap Scan",
                        "Parent Relationship": "Outer",
                        "Parallel Aware": true,
                        "Relation Name": "title",
                        "Alias": "t",
                        "Startup Cost": 1639.21,
                        "Total Cost": 38303.98,
                        "Plan Rows": 53342,
                        "Plan Width": 4,
                        "Actual Startup Time": 21.573,
                        "Actual Total Time": 67.51,
                        "Actual Rows": 45426,
                        "Actual Loops": 2,
                        "Recheck Cond": "(kind_id = 2)",
                        "Rows Removed by Index Recheck": 0,
                        "Exact Heap Blocks": 19231,
                        "Lossy Heap Blocks": 0,
                        "Plans": [
                          {
                            "Node Type": "Bitmap Index Scan",
                            "Parent Relationship": "Outer",
                            "Parallel Aware": false,
                            "Index Name": "kind_id_title",
                            "Startup Cost": 0.0,
                            "Total Cost": 1616.54,
                            "Plan Rows": 90681,
                            "Plan Width": 0,
                            "Actual Startup Time": 17.649,
                            "Actual Total Time": 17.649,
                            "Actual Rows": 90852,
                            "Actual Loops": 1,
                            "Index Cond": "(kind_id = 2)"
                          }
                        ]
                      }
                    ]
                  }
                ]
              }
            ]
          }
        ]
      }
    ]
  },
  "Planning Time": 0.47,
  "Triggers": [],
  "Execution Time": 204.121
}