{
  "Plan": {
    "Node Type": "Aggregate",
    "Strategy": "Plain",
    "Partial Mode": "Finalize",
    "Parallel Aware": false,
    "Startup Cost": 56612.31,
    "Total Cost": 56612.32,
    "Plan Rows": 1,
    "Plan Width": 8,
    "Actual Startup Time": 254.382,
    "Actual Total Time": 281.82,
    "Actual Rows": 1,
    "Actual Loops": 1,
    "Plans": [
      {
        "Node Type": "Gather",
        "Parent Relationship": "Outer",
        "Parallel Aware": false,
        "Startup Cost": 56612.2,
        "Total Cost": 56612.31,
        "Plan Rows": 1,
        "Plan Width": 8,
        "Actual Startup Time": 254.241,
        "Actual Total Time": 281.814,
        "Actual Rows": 2,
        "Actual Loops": 1,
        "Workers Planned": 1,
        "Workers Launched": 1,
        "Single Copy": false,
        "Plans": [
          {
            "Node Type": "Aggregate",
            "Strategy": "Plain",
            "Partial Mode": "Partial",
            "Parent Relationship": "Outer",
            "Parallel Aware": false,
            "Startup Cost": 55612.2,
            "Total Cost": 55612.21,
            "Plan Rows": 1,
            "Plan Width": 8,
            "Actual Startup Time": 250.2,
            "Actual Total Time": 250.202,
            "Actual Rows": 1,
            "Actual Loops": 2,
            "Plans": [
              {
                "Node Type": "Nested Loop",
                "Parent Relationship": "Outer",
                "Parallel Aware": false,
                "Join Type": "Inner",
                "Startup Cost": 310.02,
                "Total Cost": 55551.83,
                "Plan Rows": 24149,
                "Plan Width": 0,
                "Actual Startup Time": 3.053,
                "Actual Total Time": 232.839,
                "Actual Rows": 385480,
                "Actual Loops": 2,
                "Inner Unique": false,
                "Plans": [
                  {
                    "Node Type": "Nested Loop",
                    "Parent Relationship": "Outer",
                    "Parallel Aware": false,
                    "Join Type": "Inner",
                    "Startup Cost": 309.59,
                    "Total Cost": 47572.53,
                    "Plan Rows": 4130,
                    "Plan Width": 8,
                    "Actual Startup Time": 2.962,
                    "Actual Total Time": 40.895,
                    "Actual Rows": 6394,
                    "Actual Loops": 2,
                    "Inner Unique": true,
                    "Plans": [
                      {
                        "Node Type": "Bitmap Heap Scan",
                        "Parent Relationship": "Outer",
                        "Parallel Aware": true,
                        "Relation Name": "movie_companies",
                        "Alias": "mc",
                        "Startup Cost": 309.16,
                        "Total Cost": 18783.18,
                        "Plan Rows": 4130,
                        "Plan Width": 4,
                        "Actual Startup Time": 2.88,
                        "Actual Total Time": 10.331,
                        "Actual Rows": 6394,
                        "Actual Loops": 2,
                        "Recheck Cond": "(company_id = 34)",
                        "Rows Removed by Index Recheck": 0,
                        "Filter": "(company_type_id = 1)",
                        "Rows Removed by Filter": 54,
                        "Exact Heap Blocks": 2426,
                        "Lossy Heap Blocks": 0,
                        "Plans": [
                          {
                            "Node Type": "Bitmap Index Scan",
                            "Parent Relationship": "Outer",
                            "Parallel Aware": false,
                            "Index Name": "company_id_movie_companies",
                            "Startup Cost": 0.0,
                            "Total Cost": 307.4,
                            "Plan Rows": 14263,
                            "Plan Width": 0,
                            "Actual Startup Time": 4.044,
                            "Actual Total Time": 4.045,
                            "Actual Rows": 12894,
                            "Actual Loops": 1,
                            "Index Cond": "(company_id = 34)"
                          }
                        ]
                      },
                      {
                        "Node Type": "Index Only Scan",
                        "Parent Relationship": "Inner",
                        "Parallel Aware": false,
                        "Scan Direction": "Forward",
                        "Index Name": "title_pkey",
                        "Relation Name": "title",
                        "Alias": "t",
                        "Startup Cost": 0.43,
                        "Total Cost": 6.97,
                        "Plan Rows": 1,
                        "Plan Width": 4,
                        "Actual Startup Time": 0.004,
                        "Actual Total Time": 0.004,
                        "Actual Rows": 1,
                        "Actual Loops": 12787,
                        "Index Cond": "(id = mc.movie_id)",
                        "Rows Removed by Index Recheck": 0,
                        "Heap Fetches": 12787
                      }
                    ]
                  },
                  {
                    "Node Type": "Index Only Scan",
                    "Parent Relationship": "Inner",
                    "Parallel Aware": false,
                    "Scan Direction": "Forward",
                    "Index Name": "movie_id_movie_info",
                    "Relation Name": "movie_info",
                    "Alias": "mi",
                    "Startup Cost": 0.43,
                    "Total Cost": 1.51,
                    "Plan Rows": 42,
                    "Plan Width": 4,
                    "Actual Startup Time": 0.006,
                    "Actual Total Time": 0.026,
                    "Actual Rows": 60,
                    "Actual Loops": 12787,
                    "Index Cond": "(movie_id = t.id)",
                    "Rows Removed by Index Recheck": 0,
                    "Heap Fetches": 770959
                  }
                ]
              }
            ]
          }
        ]
      }
    ]
  },
  "Planning Time": 0.733,
  "Triggers": [],
  "Execution Time": 281.905
}