{
  "Plan": {
    "Node Type": "Aggregate",
    "Strategy": "Plain",
    "Partial Mode": "Finalize",
    "Parallel Aware": false,
    "Startup Cost": 454322.15,
    "Total Cost": 454322.16,
    "Plan Rows": 1,
    "Plan Width": 8,
    "Actual Startup Time": 1900.891,
    "Actual Total Time": 1940.168,
    "Actual Rows": 1,
    "Actual Loops": 1,
    "Plans": [
      {
        "Node Type": "Gather",
        "Parent Relationship": "Outer",
        "Parallel Aware": false,
        "Startup Cost": 454322.04,
        "Total Cost": 454322.15,
        "Plan Rows": 1,
        "Plan Width": 8,
        "Actual Startup Time": 1891.679,
        "Actual Total Time": 1940.161,
        "Actual Rows": 2,
        "Actual Loops": 1,
        "Workers Planned": 1,
        "Workers Launched": 1,
        "Single Copy": false,
        "Plans": [
          {
            "Node Type": "Aggregate",
            "Strategy": "Plain",
            "Partial Mode": "Partial",
            "Parent Relationship": "Outer",
            "Parallel Aware": false,
            "Startup Cost": 453322.04,
            "Total Cost": 453322.05,
            "Plan Rows": 1,
            "Plan Width": 8,
            "Actual Startup Time": 1878.656,
            "Actual Total Time": 1878.663,
            "Actual Rows": 1,
            "Actual Loops": 2,
            "Plans": [
              {
                "Node Type": "Hash Join",
                "Parent Relationship": "Outer",
                "Parallel Aware": true,
                "Join Type": "Inner",
                "Startup Cost": 421847.74,
                "Total Cost": 452648.4,
                "Plan Rows": 269455,
                "Plan Width": 0,
                "Actual Startup Time": 1650.313,
                "Actual Total Time": 1851.508,
                "Actual Rows": 641973,
                "Actual Loops": 2,
                "Inner Unique": false,
                "Hash Cond": "(mk.movie_id = t.id)",
                "Plans": [
                  {
                    "Node Type": "Bitmap Heap Scan",
                    "Parent Relationship": "Outer",
                    "Parallel Aware": true,
                    "Relation Name": "movie_keyword",
                    "Alias": "mk",
                    "Startup Cost": 10569.02,
                    "Total Cost": 38685.81,
                    "Plan Rows": 293024,
                    "Plan Width": 4,
                    "Actual Startup Time": 34.046,
                    "Actual Total Time": 103.155,
                    "Actual Rows": 254743,
                    "Actual Loops": 2,
                    "Recheck Cond": "(keyword_id < 373)",
                    "Rows Removed by Index Recheck": 0,
                    "Exact Heap Blocks": 12498,
                    "Lossy Heap Blocks": 0,
                    "Plans": [
                      {
                        "Node Type": "Bitmap Index Scan",
                        "Parent Relationship": "Outer",
                        "Parallel Aware": false,
                        "Index Name": "keyword_id_movie_keyword",
                        "Startup Cost": 0.0,
                        "Total Cost": 10444.48,
                        "Plan Rows": 498140,
                        "Plan Width": 0,
                        "Actual Startup Time": 30.459,
                        "Actual Total Time": 30.46,
                        "Actual Rows": 509486,
                        "Actual Loops": 1,
                        "Index Cond": "(keyword_id < 373)"
                      }
                    ]
                  },
                  {
                    "Node Type": "Hash",
                    "Parent Relationship": "Inner",
                    "Parallel Aware": true,
                    "Startup Cost": 394183.61,
                    "Total Cost": 394183.61,
                    "Plan Rows": 1367609,
                    "Plan Width": 8,
                    "Actual Startup Time": 1594.431,
                    "Actual Total Time": 1594.435,
                    "Actual Rows": 1169280,
                    "Actual Loops": 2,
                    "Hash Buckets": 4194304,
                    "Original Hash Buckets": 4194304,
                    "Hash Batches": 1,
                    "Original Hash Batches": 1,
                    "Peak Memory Usage": 124288,
                    "Plans": [
                      {
                        "Node Type": "Hash Join",
                        "Parent Relationship": "Outer",
                        "Parallel Aware": true,
                        "Join Type": "Inner",
                        "Startup Cost": 120811.51,
                        "Total Cost": 394183.61,
                        "Plan Rows": 1367609,
                        "Plan Width": 8,
                        "Actual Startup Time": 581.32,
                        "Actual Total Time": 1245.184,
                        "Actual Rows": 1169280,
                        "Actual Loops": 2,
                        "Inner Unique": true,
                        "Hash Cond": "(ci.movie_id = t.id)",
                        "Plans": [
                          {
                            "Node Type": "Bitmap Heap Scan",
                            "Parent Relationship": "Outer",
                            "Parallel Aware": true,
                            "Relation Name": "cast_info",
                            "Alias": "ci",
                            "Startup Cost": 51350.81,
                            "Total Cost": 321132.92,
                            "Plan Rows": 1367609,
                            "Plan Width": 4,
                            "Actual Startup Time": 73.795,
                            "Actual Total Time": 197.861,
                            "Actual Rows": 1169280,
                            "Actual Loops": 2,
                            "Recheck Cond": "(person_id < 227517)",
                            "Rows Removed by Index Recheck": 0,
                            "Exact Heap Blocks": 12815,
                            "Lossy Heap Blocks": 0,
                            "Plans": [
                              {
                                "Node Type": "Bitmap Index Scan",
                                "Parent Relationship": "Outer",
                                "Parallel Aware": false,
                                "Index Name": "person_id_cast_info",
                                "Startup Cost": 0.0,
                                "Total Cost": 50769.58,
                                "Plan Rows": 2324935,
                                "Plan Width": 0,
                                "Actual Startup Time": 70.177,
                                "Actual Total Time": 70.177,
                                "Actual Rows": 2338561,
                                "Actual Loops": 1,
                                "Index Cond": "(person_id < 227517)"
                              }
                            ]
                          },
                          {
                            "Node Type": "Hash",
                            "Parent Relationship": "Inner",
                            "Parallel Aware": true,
                            "Startup Cost": 50870.31,
                            "Total Cost": 50870.31,
                            "Plan Rows": 1487231,
                            "Plan Width": 4,
                            "Actual Startup Time": 495.251,
                            "Actual Total Time": 495.252,
                            "Actual Rows": 1264156,
                            "Actual Loops": 2,
                            "Hash Buckets": 4194304,
                            "Original Hash Buckets": 4194304,
                            "Hash Batches": 1,
                            "Original Hash Batches": 1,
                            "Peak Memory Usage": 131712,
                            "Plans": [
                              {
                                "Node Type": "Seq Scan",
                                "Parent Relationship": "Outer",
                                "Parallel Aware": true,
                                "Relation Name": "title",
                                "Alias": "t",
                                "Startup Cost": 0.0,
                                "Total Cost": 50870.31,
                                "Plan Rows": 1487231,
                                "Plan Width": 4,
                                "Actual Startup Time": 0.039,
                                "Actual Total Time": 149.106,
                                "Actual Rows": 1264156,
                                "Actual Loops": 2
                              }
                            ]
                          }
                        ]
                      }
                    ]
                  }
                ]
              }
            ]
          }
        ]
      }
    ]
  },
  "Planning Time": 1.008,
  "Triggers": [],
  "Execution Time": 1940.282
}