{
  "Plan": {
    "Node Type": "Aggregate",
    "Strategy": "Plain",
    "Partial Mode": "Finalize",
    "Parallel Aware": false,
    "Startup Cost": 421214.34,
    "Total Cost": 421214.35,
    "Plan Rows": 1,
    "Plan Width": 8,
    "Actual Startup Time": 1846.263,
    "Actual Total Time": 1875.428,
    "Actual Rows": 1,
    "Actual Loops": 1,
    "Plans": [
      {
        "Node Type": "Gather",
        "Parent Relationship": "Outer",
        "Parallel Aware": false,
        "Startup Cost": 421214.23,
        "Total Cost": 421214.34,
        "Plan Rows": 1,
        "Plan Width": 8,
        "Actual Startup Time": 1840.298,
        "Actual Total Time": 1875.416,
        "Actual Rows": 2,
        "Actual Loops": 1,
        "Workers Planned": 1,
        "Workers Launched": 1,
        "Single Copy": false,
        "Plans": [
          {
            "Node Type": "Aggregate",
            "Strategy": "Plain",
            "Partial Mode": "Partial",
            "Parent Relationship": "Outer",
            "Parallel Aware": false,
            "Startup Cost": 420214.23,
            "Total Cost": 420214.24,
            "Plan Rows": 1,
            "Plan Width": 8,
            "Actual Startup Time": 1834.231,
            "Actual Total Time": 1834.238,
            "Actual Rows": 1,
            "Actual Loops": 2,
            "Plans": [
              {
                "Node Type": "Hash Join",
                "Parent Relationship": "Outer",
                "Parallel Aware": true,
                "Join Type": "Inner",
                "Startup Cost": 352243.88,
                "Total Cost": 418148.66,
                "Plan Rows": 826229,
                "Plan Width": 0,
                "Actual Startup Time": 981.305,
                "Actual Total Time": 1653.09,
                "Actual Rows": 4394591,
                "Actual Loops": 2,
                "Inner Unique": false,
                "Hash Cond": "(mk.movie_id = t.id)",
                "Plans": [
                  {
                    "Node Type": "Seq Scan",
                    "Parent Relationship": "Outer",
                    "Parallel Aware": true,
                    "Relation Name": "movie_keyword",
                    "Alias": "mk",
                    "Startup Cost": 0.0,
                    "Total Cost": 51065.35,
                    "Plan Rows": 2661135,
                    "Plan Width": 4,
                    "Actual Startup Time": 0.024,
                    "Actual Total Time": 156.434,
                    "Actual Rows": 2261965,
                    "Actual Loops": 2
                  },
                  {
                    "Node Type": "Hash",
                    "Parent Relationship": "Inner",
                    "Parallel Aware": true,
                    "Startup Cost": 346471.94,
                    "Total Cost": 346471.94,
                    "Plan Rows": 461755,
                    "Plan Width": 8,
                    "Actual Startup Time": 972.112,
                    "Actual Total Time": 972.117,
                    "Actual Rows": 376840,
                    "Actual Loops": 2,
                    "Hash Buckets": 1048576,
                    "Original Hash Buckets": 1048576,
                    "Hash Batches": 1,
                    "Original Hash Batches": 1,
                    "Peak Memory Usage": 37728,
                    "Plans": [
                      {
                        "Node Type": "Hash Join",
                        "Parent Relationship": "Outer",
                        "Parallel Aware": true,
                        "Join Type": "Inner",
                        "Startup Cost": 86800.89,
                        "Total Cost": 346471.94,
                        "Plan Rows": 461755,
                        "Plan Width": 8,
                        "Actual Startup Time": 615.726,
                        "Actual Total Time": 855.137,
                        "Actual Rows": 376840,
                        "Actual Loops": 2,
                        "Inner Unique": true,
                        "Hash Cond": "(ci.movie_id = t.id)",
                        "Plans": [
                          {
                            "Node Type": "Bitmap Heap Scan",
                            "Parent Relationship": "Outer",
                            "Parallel Aware": true,
                            "Relation Name": "cast_info",
                            "Alias": "ci",
                            "Startup Cost": 17340.19,
                            "Total Cost": 275799.13,
                            "Plan Rows": 461755,
                            "Plan Width": 4,
                            "Actual Startup Time": 27.495,
                            "Actual Total Time": 76.664,
                            "Actual Rows": 376840,
                            "Actual Loops": 2,
                            "Recheck Cond": "(person_id > 3917460)",
                            "Rows Removed by Index Recheck": 0,
                            "Exact Heap Blocks": 4948,
                            "Lossy Heap Blocks": 0,
                            "Plans": [
                              {
                                "Node Type": "Bitmap Index Scan",
                                "Parent Relationship": "Outer",
                                "Parallel Aware": false,
                                "Index Name": "person_id_cast_info",
                                "Startup Cost": 0.0,
                                "Total Cost": 17143.94,
                                "Plan Rows": 784984,
                                "Plan Width": 0,
                                "Actual Startup Time": 26.006,
                                "Actual Total Time": 26.006,
                                "Actual Rows": 753680,
                                "Actual Loops": 1,
                                "Index Cond": "(person_id > 3917460)"
                              }
                            ]
                          },
                          {
                            "Node Type": "Hash",
                            "Parent Relationship": "Inner",
                            "Parallel Aware": true,
                            "Startup Cost": 50870.31,
                            "Total Cost": 50870.31,
                            "Plan Rows": 1487231,
                            "Plan Width": 4,
                            "Actual Startup Time": 572.208,
                            "Actual Total Time": 572.209,
                            "Actual Rows": 1264156,
                            "Actual Loops": 2,
                            "Hash Buckets": 4194304,
                            "Original Hash Buckets": 4194304,
                            "Hash Batches": 1,
                            "Original Hash Batches": 1,
                            "Peak Memory Usage": 131680,
                            "Plans": [
                              {
                                "Node Type": "Seq Scan",
                                "Parent Relationship": "Outer",
                                "Parallel Aware": true,
                                "Relation Name": "title",
                                "Alias": "t",
                                "Startup Cost": 0.0,
                                "Total Cost": 50870.31,
                                "Plan Rows": 1487231,
                                "Plan Width": 4,
                                "Actual Startup Time": 0.032,
                                "Actual Total Time": 161.095,
                                "Actual Rows": 1264156,
                                "Actual Loops": 2
                              }
                            ]
                          }
                        ]
                      }
                    ]
                  }
                ]
              }
            ]
          }
        ]
      }
    ]
  },
  "Planning Time": 1.024,
  "Triggers": [],
  "Execution Time": 1875.529
}