[
  {
    "Plan": {
      "Node Type": "Aggregate",
      "Strategy": "Plain",
      "Partial Mode": "Finalize",
      "Parallel Aware": false,
      "Startup Cost": 32791.73,
      "Total Cost": 32791.74,
      "Plan Rows": 1,
      "Plan Width": 8,
      "Actual Startup Time": 92.741,
      "Actual Total Time": 100.929,
      "Actual Rows": 1,
      "Actual Loops": 1,
      "Plans": [
        {
          "Node Type": "Gather",
          "Parent Relationship": "Outer",
          "Parallel Aware": false,
          "Startup Cost": 32791.42,
          "Total Cost": 32791.73,
          "Plan Rows": 3,
          "Plan Width": 8,
          "Actual Startup Time": 92.649,
          "Actual Total Time": 100.92,
          "Actual Rows": 4,
          "Actual Loops": 1,
          "Workers Planned": 3,
          "Workers Launched": 3,
          "Single Copy": false,
          "Plans": [
            {
              "Node Type": "Aggregate",
              "Strategy": "Plain",
              "Partial Mode": "Partial",
              "Parent Relationship": "Outer",
              "Parallel Aware": false,
              "Startup Cost": 31791.42,
              "Total Cost": 31791.43,
              "Plan Rows": 1,
              "Plan Width": 8,
              "Actual Startup Time": 86.837,
              "Actual Total Time": 86.838,
              "Actual Rows": 1,
              "Actual Loops": 4,
              "Plans": [
                {
                  "Node Type": "Seq Scan",
                  "Parent Relationship": "Outer",
                  "Parallel Aware": true,
                  "Relation Name": "movie_companies",
                  "Alias": "mc",
                  "Startup Cost": 0.0,
                  "Total Cost": 31414.82,
                  "Plan Rows": 150639,
                  "Plan Width": 0,
                  "Actual Startup Time": 45.655,
                  "Actual Total Time": 79.079,
                  "Actual Rows": 198054,
                  "Actual Loops": 4,
                  "Filter": "((company_id > 19493) AND (company_type_id = 2))",
                  "Rows Removed by Filter": 454229
                }
              ]
            }
          ]
        }
      ]
    },
    "Planning Time": 0.222,
    "Triggers": [],
    "Execution Time": 100.988
  }
]