[
  {
    "Plan": {
      "Node Type": "Aggregate",
      "Strategy": "Plain",
      "Partial Mode": "Finalize",
      "Parallel Aware": false,
      "Startup Cost": 322013.76,
      "Total Cost": 322013.77,
      "Plan Rows": 1,
      "Plan Width": 8,
      "Actual Startup Time": 366.227,
      "Actual Total Time": 382.551,
      "Actual Rows": 1,
      "Actual Loops": 1,
      "Plans": [
        {
          "Node Type": "Gather",
          "Parent Relationship": "Outer",
          "Parallel Aware": false,
          "Startup Cost": 322013.14,
          "Total Cost": 322013.75,
          "Plan Rows": 6,
          "Plan Width": 8,
          "Actual Startup Time": 352.277,
          "Actual Total Time": 382.525,
          "Actual Rows": 7,
          "Actual Loops": 1,
          "Workers Planned": 6,
          "Workers Launched": 6,
          "Single Copy": false,
          "Plans": [
            {
              "Node Type": "Aggregate",
              "Strategy": "Plain",
              "Partial Mode": "Partial",
              "Parent Relationship": "Outer",
              "Parallel Aware": false,
              "Startup Cost": 321013.14,
              "Total Cost": 321013.15,
              "Plan Rows": 1,
              "Plan Width": 8,
              "Actual Startup Time": 340.503,
              "Actual Total Time": 340.509,
              "Actual Rows": 1,
              "Actual Loops": 7,
              "Plans": [
                {
                  "Node Type": "Hash Join",
                  "Parent Relationship": "Outer",
                  "Parallel Aware": true,
                  "Join Type": "Inner",
                  "Startup Cost": 66091.56,
                  "Total Cost": 320832.64,
                  "Plan Rows": 72200,
                  "Plan Width": 0,
                  "Actual Startup Time": 244.928,
                  "Actual Total Time": 337.355,
                  "Actual Rows": 46435,
                  "Actual Loops": 7,
                  "Inner Unique": true,
                  "Hash Cond": "(ci.movie_id = t.id)",
                  "Plans": [
                    {
                      "Node Type": "Bitmap Heap Scan",
                      "Parent Relationship": "Outer",
                      "Parallel Aware": true,
                      "Relation Name": "cast_info",
                      "Alias": "ci",
                      "Startup Cost": 17991.57,
                      "Total Cost": 272376.15,
                      "Plan Rows": 135806,
                      "Plan Width": 4,
                      "Actual Startup Time": 44.178,
                      "Actual Total Time": 78.785,
                      "Actual Rows": 109505,
                      "Actual Loops": 7,
                      "Recheck Cond": "(person_id > 3914798)",
                      "Rows Removed by Index Recheck": 0,
                      "Exact Heap Blocks": 1635,
                      "Lossy Heap Blocks": 0,
                      "Plans": [
                        {
                          "Node Type": "Bitmap Index Scan",
                          "Parent Relationship": "Outer",
                          "Parallel Aware": false,
                          "Index Name": "person_id_cast_info",
                          "Startup Cost": 0.0,
                          "Total Cost": 17787.86,
                          "Plan Rows": 814839,
                          "Plan Width": 0,
                          "Actual Startup Time": 41.535,
                          "Actual Total Time": 41.536,
                          "Actual Rows": 766533,
                          "Actual Loops": 1,
                          "Index Cond": "(person_id > 3914798)"
                        }
                      ]
                    },
                    {
                      "Node Type": "Hash",
                      "Parent Relationship": "Inner",
                      "Parallel Aware": true,
                      "Startup Cost": 43899.32,
                      "Total Cost": 43899.32,
                      "Plan Rows": 336054,
                      "Plan Width": 4,
                      "Actual Startup Time": 197.044,
                      "Actual Total Time": 197.046,
                      "Actual Rows": 192613,
                      "Actual Loops": 7,
                      "Hash Buckets": 2097152,
                      "Original Hash Buckets": 2097152,
                      "Hash Batches": 1,
                      "Original Hash Batches": 1,
                      "Peak Memory Usage": 69216,
                      "Plans": [
                        {
                          "Node Type": "Seq Scan",
                          "Parent Relationship": "Outer",
                          "Parallel Aware": true,
                          "Relation Name": "title",
                          "Alias": "t",
                          "Startup Cost": 0.0,
                          "Total Cost": 43899.32,
                          "Plan Rows": 336054,
                          "Plan Width": 4,
                          "Actual Startup Time": 0.042,
                          "Actual Total Time": 88.989,
                          "Actual Rows": 192613,
                          "Actual Loops": 7,
                          "Filter": "(production_year < 2005)",
                          "Rows Removed by Filter": 168574
                        }
                      ]
                    }
                  ]
                }
              ]
            }
          ]
        }
      ]
    },
    "Planning Time": 0.312,
    "Triggers": [],
    "Execution Time": 382.62
  }
]