{
  "Plan": {
    "Node Type": "Aggregate",
    "Strategy": "Plain",
    "Partial Mode": "Simple",
    "Parallel Aware": false,
    "Startup Cost": 15214.07,
    "Total Cost": 15214.08,
    "Plan Rows": 1,
    "Plan Width": 96,
    "Actual Startup Time": 1589.783,
    "Actual Total Time": 1589.796,
    "Actual Rows": 1,
    "Actual Loops": 1,
    "Plans": [
      {
        "Node Type": "Nested Loop",
        "Parent Relationship": "Outer",
        "Parallel Aware": false,
        "Join Type": "Inner",
        "Startup Cost": 16.89,
        "Total Cost": 15214.06,
        "Plan Rows": 1,
        "Plan Width": 39,
        "Actual Startup Time": 8.251,
        "Actual Total Time": 1588.105,
        "Actual Rows": 8013,
        "Actual Loops": 1,
        "Inner Unique": true,
        "Plans": [
          {
            "Node Type": "Nested Loop",
            "Parent Relationship": "Outer",
            "Parallel Aware": false,
            "Join Type": "Inner",
            "Startup Cost": 16.46,
            "Total Cost": 15213.61,
            "Plan Rows": 1,
            "Plan Width": 43,
            "Actual Startup Time": 8.224,
            "Actual Total Time": 1536.76,
            "Actual Rows": 8013,
            "Actual Loops": 1,
            "Inner Unique": true,
            "Plans": [
              {
                "Node Type": "Nested Loop",
                "Parent Relationship": "Outer",
                "Parallel Aware": false,
                "Join Type": "Inner",
                "Startup Cost": 16.03,
                "Total Cost": 15207.2,
                "Plan Rows": 14,
                "Plan Width": 31,
                "Actual Startup Time": 5.453,
                "Actual Total Time": 797.936,
                "Actual Rows": 282624,
                "Actual Loops": 1,
                "Inner Unique": false,
                "Plans": [
                  {
                    "Node Type": "Nested Loop",
                    "Parent Relationship": "Outer",
                    "Parallel Aware": false,
                    "Join Type": "Inner",
                    "Startup Cost": 15.46,
                    "Total Cost": 15205.36,
                    "Plan Rows": 1,
                    "Plan Width": 39,
                    "Actual Startup Time": 5.377,
                    "Actual Total Time": 307.908,
                    "Actual Rows": 2044,
                    "Actual Loops": 1,
                    "Inner Unique": true,
                    "Plans": [
                      {
                        "Node Type": "Hash Join",
                        "Parent Relationship": "Outer",
                        "Parallel Aware": false,
                        "Join Type": "Inner",
                        "Startup Cost": 15.32,
                        "Total Cost": 15205.18,
                        "Plan Rows": 1,
                        "Plan Width": 43,
                        "Actual Startup Time": 5.349,
                        "Actual Total Time": 301.218,
                        "Actual Rows": 6186,
                        "Actual Loops": 1,
                        "Inner Unique": true,
                        "Hash Cond": "(cc.subject_id = cct1.id)",
                        "Plans": [
                          {
                            "Node Type": "Hash Join",
                            "Parent Relationship": "Outer",
                            "Parallel Aware": false,
                            "Join Type": "Inner",
                            "Startup Cost": 14.26,
                            "Total Cost": 15204.1,
                            "Plan Rows": 4,
                            "Plan Width": 47,
                            "Actual Startup Time": 5.303,
                            "Actual Total Time": 299.667,
                            "Actual Rows": 7156,
                            "Actual Loops": 1,
                            "Inner Unique": true,
                            "Hash Cond": "(cc.status_id = cct2.id)",
                            "Plans": [
                              {
                                "Node Type": "Nested Loop",
                                "Parent Relationship": "Outer",
                                "Parallel Aware": false,
                                "Join Type": "Inner",
                                "Startup Cost": 13.2,
                                "Total Cost": 15202.94,
                                "Plan Rows": 18,
                                "Plan Width": 51,
                                "Actual Startup Time": 5.275,
                                "Actual Total Time": 298.198,
                                "Actual Rows": 7156,
                                "Actual Loops": 1,
                                "Inner Unique": false,
                                "Plans": [
                                  {
                                    "Node Type": "Hash Join",
                                    "Parent Relationship": "Outer",
                                    "Parallel Aware": false,
                                    "Join Type": "Inner",
                                    "Startup Cost": 12.77,
                                    "Total Cost": 15185.7,
                                    "Plan Rows": 33,
                                    "Plan Width": 37,
                                    "Actual Startup Time": 5.249,
                                    "Actual Total Time": 283.673,
                                    "Actual Rows": 2383,
                                    "Actual Loops": 1,
                                    "Inner Unique": true,
                                    "Hash Cond": "(t.kind_id = kt.id)",
                                    "Plans": [
                                      {
                                        "Node Type": "Nested Loop",
                                        "Parent Relationship": "Outer",
                                        "Parallel Aware": false,
                                        "Join Type": "Inner",
                                        "Startup Cost": 11.67,
                                        "Total Cost": 15183.63,
                                        "Plan Rows": 229,
                                        "Plan Width": 41,
                                        "Actual Startup Time": 3.474,
                                        "Actual Total Time": 282.668,
                                        "Actual Rows": 3294,
                                        "Actual Loops": 1,
                                        "Inner Unique": true,
                                        "Plans": [
                                          {
                                            "Node Type": "Nested Loop",
                                            "Parent Relationship": "Outer",
                                            "Parallel Aware": false,
                                            "Join Type": "Inner",
                                            "Startup Cost": 11.24,
                                            "Total Cost": 14958.33,
                                            "Plan Rows": 460,
                                            "Plan Width": 16,
                                            "Actual Startup Time": 1.97,
                                            "Actual Total Time": 203.29,
                                            "Actual Rows": 25557,
                                            "Actual Loops": 1,
                                            "Inner Unique": false,
                                            "Plans": [
                                              {
                                                "Node Type": "Nested Loop",
                                                "Parent Relationship": "Outer",
                                                "Parallel Aware": false,
                                                "Join Type": "Inner",
                                                "Startup Cost": 10.82,
                                                "Total Cost": 14797.9,
                                                "Plan Rows": 337,
                                                "Plan Width": 4,
                                                "Actual Startup Time": 1.7,
                                                "Actual Total Time": 112.05,
                                                "Actual Rows": 61833,
                                                "Actual Loops": 1,
                                                "Inner Unique": false,
                                                "Plans": [
                                                  {
                                                    "Node Type": "Seq Scan",
                                                    "Parent Relationship": "Outer",
                                                    "Parallel Aware": false,
                                                    "Relation Name": "keyword",
                                                    "Alias": "k",
                                                    "Startup Cost": 0.0,
                                                    "Total Cost": 3967.82,
                                                    "Plan Rows": 10,
                                                    "Plan Width": 4,
                                                    "Actual Startup Time": 0.346,
                                                    "Actual Total Time": 25.203,
                                                    "Actual Rows": 10,
                                                    "Actual Loops": 1,
                                                    "Filter": "(keyword = ANY ('{murder,hospital,based-on-comic,claw,female-nudity,magnet,marvel-comics,superhero,sequel,second-part}'::text[]))",
                                                    "Rows Removed by Filter": 134160
                                                  },
                                                  {
                                                    "Node Type": "Bitmap Heap Scan",
                                                    "Parent Relationship": "Inner",
                                                    "Parallel Aware": false,
                                                    "Relation Name": "movie_keyword",
                                                    "Alias": "mk",
                                                    "Startup Cost": 10.82,
                                                    "Total Cost": 1079.93,
                                                    "Plan Rows": 308,
                                                    "Plan Width": 8,
                                                    "Actual Startup Time": 1.07,
                                                    "Actual Total Time": 8.126,
                                                    "Actual Rows": 6183,
                                                    "Actual Loops": 10,
                                                    "Recheck Cond": "(keyword_id = k.id)",
                                                    "Rows Removed by Index Recheck": 0,
                                                    "Exact Heap Blocks": 38228,
                                                    "Lossy Heap Blocks": 0,
                                                    "Plans": [
                                                      {
                                                        "Node Type": "Bitmap Index Scan",
                                                        "Parent Relationship": "Outer",
                                                        "Parallel Aware": false,
                                                        "Index Name": "keyword_id_movie_keyword",
                                                        "Startup Cost": 0.0,
                                                        "Total Cost": 10.74,
                                                        "Plan Rows": 308,
                                                        "Plan Width": 0,
                                                        "Actual Startup Time": 0.616,
                                                        "Actual Total Time": 0.616,
                                                        "Actual Rows": 6183,
                                                        "Actual Loops": 10,
                                                        "Index Cond": "(keyword_id = k.id)"
                                                      }
                                                    ]
                                                  }
                                                ]
                                              },
                                              {
                                                "Node Type": "Index Scan",
                                                "Parent Relationship": "Inner",
                                                "Parallel Aware": false,
                                                "Scan Direction": "Forward",
                                                "Index Name": "movie_id_complete_cast",
                                                "Relation Name": "complete_cast",
                                                "Alias": "cc",
                                                "Startup Cost": 0.42,
                                                "Total Cost": 0.46,
                                                "Plan Rows": 2,
                                                "Plan Width": 12,
                                                "Actual Startup Time": 0.001,
                                                "Actual Total Time": 0.001,
                                                "Actual Rows": 0,
                                                "Actual Loops": 61833,
                                                "Index Cond": "(movie_id = mk.movie_id)",
                                                "Rows Removed by Index Recheck": 0
                                              }
                                            ]
                                          },
                                          {
                                            "Node Type": "Index Scan",
                                            "Parent Relationship": "Inner",
                                            "Parallel Aware": false,
                                            "Scan Direction": "Forward",
                                            "Index Name": "title_pkey",
                                            "Relation Name": "title",
                                            "Alias": "t",
                                            "Startup Cost": 0.43,
                                            "Total Cost": 0.49,
                                            "Plan Rows": 1,
                                            "Plan Width": 25,
                                            "Actual Startup Time": 0.003,
                                            "Actual Total Time": 0.003,
                                            "Actual Rows": 0,
                                            "Actual Loops": 25557,
                                            "Index Cond": "(id = mk.movie_id)",
                                            "Rows Removed by Index Recheck": 0,
                                            "Filter": "(production_year > 2002)",
                                            "Rows Removed by Filter": 1
                                          }
                                        ]
                                      },
                                      {
                                        "Node Type": "Hash",
                                        "Parent Relationship": "Inner",
                                        "Parallel Aware": false,
                                        "Startup Cost": 1.09,
                                        "Total Cost": 1.09,
                                        "Plan Rows": 1,
                                        "Plan Width": 4,
                                        "Actual Startup Time": 0.016,
                                        "Actual Total Time": 0.017,
                                        "Actual Rows": 1,
                                        "Actual Loops": 1,
                                        "Hash Buckets": 1024,
                                        "Original Hash Buckets": 1024,
                                        "Hash Batches": 1,
                                        "Original Hash Batches": 1,
                                        "Peak Memory Usage": 9,
                                        "Plans": [
                                          {
                                            "Node Type": "Seq Scan",
                                            "Parent Relationship": "Outer",
                                            "Parallel Aware": false,
                                            "Relation Name": "kind_type",
                                            "Alias": "kt",
                                            "Startup Cost": 0.0,
                                            "Total Cost": 1.09,
                                            "Plan Rows": 1,
                                            "Plan Width": 4,
                                            "Actual Startup Time": 0.011,
                                            "Actual Total Time": 0.014,
                                            "Actual Rows": 1,
                                            "Actual Loops": 1,
                                            "Filter": "((kind)::text = 'movie'::text)",
                                            "Rows Removed by Filter": 6
                                          }
                                        ]
                                      }
                                    ]
                                  },
                                  {
                                    "Node Type": "Index Scan",
                                    "Parent Relationship": "Inner",
                                    "Parallel Aware": false,
                                    "Scan Direction": "Forward",
                                    "Index Name": "movie_id_movie_info_idx",
                                    "Relation Name": "movie_info_idx",
                                    "Alias": "mi_idx",
                                    "Startup Cost": 0.43,
                                    "Total Cost": 0.49,
                                    "Plan Rows": 3,
                                    "Plan Width": 14,
                                    "Actual Startup Time": 0.005,
                                    "Actual Total Time": 0.005,
                                    "Actual Rows": 3,
                                    "Actual Loops": 2383,
                                    "Index Cond": "(movie_id = mk.movie_id)",
                                    "Rows Removed by Index Recheck": 0
                                  }
                                ]
                              },
                              {
                                "Node Type": "Hash",
                                "Parent Relationship": "Inner",
                                "Parallel Aware": false,
                                "Startup Cost": 1.05,
                                "Total Cost": 1.05,
                                "Plan Rows": 1,
                                "Plan Width": 4,
                                "Actual Startup Time": 0.019,
                                "Actual Total Time": 0.02,
                                "Actual Rows": 2,
                                "Actual Loops": 1,
                                "Hash Buckets": 1024,
                                "Original Hash Buckets": 1024,
                                "Hash Batches": 1,
                                "Original Hash Batches": 1,
                                "Peak Memory Usage": 9,
                                "Plans": [
                                  {
                                    "Node Type": "Seq Scan",
                                    "Parent Relationship": "Outer",
                                    "Parallel Aware": false,
                                    "Relation Name": "comp_cast_type",
                                    "Alias": "cct2",
                                    "Startup Cost": 0.0,
                                    "Total Cost": 1.05,
                                    "Plan Rows": 1,
                                    "Plan Width": 4,
                                    "Actual Startup Time": 0.013,
                                    "Actual Total Time": 0.015,
                                    "Actual Rows": 2,
                                    "Actual Loops": 1,
                                    "Filter": "((kind)::text ~~ '%complete%'::text)",
                                    "Rows Removed by Filter": 2
                                  }
                                ]
                              }
                            ]
                          },
                          {
                            "Node Type": "Hash",
                            "Parent Relationship": "Inner",
                            "Parallel Aware": false,
                            "Startup Cost": 1.05,
                            "Total Cost": 1.05,
                            "Plan Rows": 1,
                            "Plan Width": 4,
                            "Actual Startup Time": 0.032,
                            "Actual Total Time": 0.034,
                            "Actual Rows": 1,
                            "Actual Loops": 1,
                            "Hash Buckets": 1024,
                            "Original Hash Buckets": 1024,
                            "Hash Batches": 1,
                            "Original Hash Batches": 1,
                            "Peak Memory Usage": 9,
                            "Plans": [
                              {
                                "Node Type": "Seq Scan",
                                "Parent Relationship": "Outer",
                                "Parallel Aware": false,
                                "Relation Name": "comp_cast_type",
                                "Alias": "cct1",
                                "Startup Cost": 0.0,
                                "Total Cost": 1.05,
                                "Plan Rows": 1,
                                "Plan Width": 4,
                                "Actual Startup Time": 0.021,
                                "Actual Total Time": 0.024,
                                "Actual Rows": 1,
                                "Actual Loops": 1,
                                "Filter": "((kind)::text = 'cast'::text)",
                                "Rows Removed by Filter": 3
                              }
                            ]
                          }
                        ]
                      },
                      {
                        "Node Type": "Index Scan",
                        "Parent Relationship": "Inner",
                        "Parallel Aware": false,
                        "Scan Direction": "Forward",
                        "Index Name": "info_type_pkey",
                        "Relation Name": "info_type",
                        "Alias": "it2",
                        "Startup Cost": 0.14,
                        "Total Cost": 0.16,
                        "Plan Rows": 1,
                        "Plan Width": 4,
                        "Actual Startup Time": 0.001,
                        "Actual Total Time": 0.001,
                        "Actual Rows": 0,
                        "Actual Loops": 6186,
                        "Index Cond": "(id = mi_idx.info_type_id)",
                        "Rows Removed by Index Recheck": 0,
                        "Filter": "((info)::text = 'rating'::text)",
                        "Rows Removed by Filter": 1
                      }
                    ]
                  },
                  {
                    "Node Type": "Index Scan",
                    "Parent Relationship": "Inner",
                    "Parallel Aware": false,
                    "Scan Direction": "Forward",
                    "Index Name": "movie_id_cast_info",
                    "Relation Name": "cast_info",
                    "Alias": "ci",
                    "Startup Cost": 0.56,
                    "Total Cost": 1.5,
                    "Plan Rows": 34,
                    "Plan Width": 12,
                    "Actual Startup Time": 0.016,
                    "Actual Total Time": 0.226,
                    "Actual Rows": 138,
                    "Actual Loops": 2044,
                    "Index Cond": "(movie_id = mk.movie_id)",
                    "Rows Removed by Index Recheck": 0
                  }
                ]
              },
              {
                "Node Type": "Index Scan",
                "Parent Relationship": "Inner",
                "Parallel Aware": false,
                "Scan Direction": "Forward",
                "Index Name": "char_name_pkey",
                "Relation Name": "char_name",
                "Alias": "chn",
                "Startup Cost": 0.43,
                "Total Cost": 0.46,
                "Plan Rows": 1,
                "Plan Width": 20,
                "Actual Startup Time": 0.002,
                "Actual Total Time": 0.002,
                "Actual Rows": 0,
                "Actual Loops": 282624,
                "Index Cond": "(id = ci.person_role_id)",
                "Rows Removed by Index Recheck": 0,
                "Filter": "((name IS NOT NULL) AND ((name ~~ '%man%'::text) OR (name ~~ '%Man%'::text)))",
                "Rows Removed by Filter": 0
              }
            ]
          },
          {
            "Node Type": "Index Only Scan",
            "Parent Relationship": "Inner",
            "Parallel Aware": false,
            "Scan Direction": "Forward",
            "Index Name": "name_pkey",
            "Relation Name": "name",
            "Alias": "n",
            "Startup Cost": 0.43,
            "Total Cost": 0.46,
            "Plan Rows": 1,
            "Plan Width": 4,
            "Actual Startup Time": 0.006,
            "Actual Total Time": 0.006,
            "Actual Rows": 1,
            "Actual Loops": 8013,
            "Index Cond": "(id = ci.person_id)",
            "Rows Removed by Index Recheck": 0,
            "Heap Fetches": 8013
          }
        ]
      }
    ]
  },
  "Planning Time": 3.632,
  "Triggers": [],
  "Execution Time": 1590.031
}