[
  {
    "Plan": {
      "Node Type": "Aggregate",
      "Strategy": "Plain",
      "Partial Mode": "Finalize",
      "Parallel Aware": false,
      "Startup Cost": 32839.74,
      "Total Cost": 32839.75,
      "Plan Rows": 1,
      "Plan Width": 8,
      "Actual Startup Time": 86.671,
      "Actual Total Time": 94.005,
      "Actual Rows": 1,
      "Actual Loops": 1,
      "Plans": [
        {
          "Node Type": "Gather",
          "Parent Relationship": "Outer",
          "Parallel Aware": false,
          "Startup Cost": 32839.43,
          "Total Cost": 32839.74,
          "Plan Rows": 3,
          "Plan Width": 8,
          "Actual Startup Time": 86.404,
          "Actual Total Time": 93.998,
          "Actual Rows": 4,
          "Actual Loops": 1,
          "Workers Planned": 3,
          "Workers Launched": 3,
          "Single Copy": false,
          "Plans": [
            {
              "Node Type": "Aggregate",
              "Strategy": "Plain",
              "Partial Mode": "Partial",
              "Parent Relationship": "Outer",
              "Parallel Aware": false,
              "Startup Cost": 31839.43,
              "Total Cost": 31839.44,
              "Plan Rows": 1,
              "Plan Width": 8,
              "Actual Startup Time": 82.341,
              "Actual Total Time": 82.342,
              "Actual Rows": 1,
              "Actual Loops": 4,
              "Plans": [
                {
                  "Node Type": "Seq Scan",
                  "Parent Relationship": "Outer",
                  "Parallel Aware": true,
                  "Relation Name": "movie_companies",
                  "Alias": "mc",
                  "Startup Cost": 0.0,
                  "Total Cost": 31414.82,
                  "Plan Rows": 169843,
                  "Plan Width": 0,
                  "Actual Startup Time": 36.727,
                  "Actual Total Time": 73.041,
                  "Actual Rows": 207202,
                  "Actual Loops": 4,
                  "Filter": "((company_id > 15793) AND (company_type_id > 1))",
                  "Rows Removed by Filter": 445080
                }
              ]
            }
          ]
        }
      ]
    },
    "Planning Time": 0.102,
    "Triggers": [],
    "Execution Time": 94.034
  }
]