{
  "Plan": {
    "Node Type": "Aggregate",
    "Strategy": "Plain",
    "Partial Mode": "Finalize",
    "Parallel Aware": false,
    "Startup Cost": 78456.72,
    "Total Cost": 78456.73,
    "Plan Rows": 1,
    "Plan Width": 8,
    "Actual Startup Time": 235.579,
    "Actual Total Time": 248.831,
    "Actual Rows": 1,
    "Actual Loops": 1,
    "Plans": [
      {
        "Node Type": "Gather",
        "Parent Relationship": "Outer",
        "Parallel Aware": false,
        "Startup Cost": 78456.61,
        "Total Cost": 78456.72,
        "Plan Rows": 1,
        "Plan Width": 8,
        "Actual Startup Time": 235.332,
        "Actual Total Time": 248.824,
        "Actual Rows": 2,
        "Actual Loops": 1,
        "Workers Planned": 1,
        "Workers Launched": 1,
        "Single Copy": false,
        "Plans": [
          {
            "Node Type": "Aggregate",
            "Strategy": "Plain",
            "Partial Mode": "Partial",
            "Parent Relationship": "Outer",
            "Parallel Aware": false,
            "Startup Cost": 77456.61,
            "Total Cost": 77456.62,
            "Plan Rows": 1,
            "Plan Width": 8,
            "Actual Startup Time": 229.737,
            "Actual Total Time": 229.74,
            "Actual Rows": 1,
            "Actual Loops": 2,
            "Plans": [
              {
                "Node Type": "Hash Join",
                "Parent Relationship": "Outer",
                "Parallel Aware": true,
                "Join Type": "Inner",
                "Startup Cost": 58644.73,
                "Total Cost": 77444.18,
                "Plan Rows": 4971,
                "Plan Width": 0,
                "Actual Startup Time": 154.004,
                "Actual Total Time": 229.491,
                "Actual Rows": 4416,
                "Actual Loops": 2,
                "Inner Unique": true,
                "Hash Cond": "(mi_idx.movie_id = t.id)",
                "Plans": [
                  {
                    "Node Type": "Seq Scan",
                    "Parent Relationship": "Outer",
                    "Parallel Aware": true,
                    "Relation Name": "movie_info_idx",
                    "Alias": "mi_idx",
                    "Startup Cost": 0.0,
                    "Total Cost": 18082.32,
                    "Plan Rows": 273193,
                    "Plan Width": 4,
                    "Actual Startup Time": 0.018,
                    "Actual Total Time": 49.558,
                    "Actual Rows": 229962,
                    "Actual Loops": 2,
                    "Filter": "(info_type_id = 100)",
                    "Rows Removed by Filter": 460055
                  },
                  {
                    "Node Type": "Hash",
                    "Parent Relationship": "Inner",
                    "Parallel Aware": true,
                    "Startup Cost": 58306.47,
                    "Total Cost": 58306.47,
                    "Plan Rows": 27061,
                    "Plan Width": 4,
                    "Actual Startup Time": 152.392,
                    "Actual Total Time": 152.393,
                    "Actual Rows": 26432,
                    "Actual Loops": 2,
                    "Hash Buckets": 65536,
                    "Original Hash Buckets": 65536,
                    "Hash Batches": 1,
                    "Original Hash Batches": 1,
                    "Peak Memory Usage": 2624,
                    "Plans": [
                      {
                        "Node Type": "Seq Scan",
                        "Parent Relationship": "Outer",
                        "Parallel Aware": true,
                        "Relation Name": "title",
                        "Alias": "t",
                        "Startup Cost": 0.0,
                        "Total Cost": 58306.47,
                        "Plan Rows": 27061,
                        "Plan Width": 4,
                        "Actual Startup Time": 0.045,
                        "Actual Total Time": 144.268,
                        "Actual Rows": 26432,
                        "Actual Loops": 2,
                        "Filter": "((kind_id > 1) AND (production_year = 2002))",
                        "Rows Removed by Filter": 1237724
                      }
                    ]
                  }
                ]
              }
            ]
          }
        ]
      }
    ]
  },
  "Planning Time": 0.482,
  "Triggers": [],
  "Execution Time": 248.905
}