[
  {
    "Plan": {
      "Node Type": "Aggregate",
      "Strategy": "Plain",
      "Partial Mode": "Finalize",
      "Parallel Aware": false,
      "Startup Cost": 63268.1,
      "Total Cost": 63268.11,
      "Plan Rows": 1,
      "Plan Width": 8,
      "Actual Startup Time": 213.45,
      "Actual Total Time": 226.25,
      "Actual Rows": 1,
      "Actual Loops": 1,
      "Plans": [
        {
          "Node Type": "Gather",
          "Parent Relationship": "Outer",
          "Parallel Aware": false,
          "Startup Cost": 63267.78,
          "Total Cost": 63268.09,
          "Plan Rows": 3,
          "Plan Width": 8,
          "Actual Startup Time": 210.122,
          "Actual Total Time": 226.241,
          "Actual Rows": 4,
          "Actual Loops": 1,
          "Workers Planned": 3,
          "Workers Launched": 3,
          "Single Copy": false,
          "Plans": [
            {
              "Node Type": "Aggregate",
              "Strategy": "Plain",
              "Partial Mode": "Partial",
              "Parent Relationship": "Outer",
              "Parallel Aware": false,
              "Startup Cost": 62267.78,
              "Total Cost": 62267.79,
              "Plan Rows": 1,
              "Plan Width": 8,
              "Actual Startup Time": 200.861,
              "Actual Total Time": 200.865,
              "Actual Rows": 1,
              "Actual Loops": 4,
              "Plans": [
                {
                  "Node Type": "Nested Loop",
                  "Parent Relationship": "Outer",
                  "Parallel Aware": false,
                  "Join Type": "Inner",
                  "Startup Cost": 45976.09,
                  "Total Cost": 62250.22,
                  "Plan Rows": 7026,
                  "Plan Width": 0,
                  "Actual Startup Time": 172.693,
                  "Actual Total Time": 200.41,
                  "Actual Rows": 10722,
                  "Actual Loops": 4,
                  "Inner Unique": false,
                  "Plans": [
                    {
                      "Node Type": "Hash Join",
                      "Parent Relationship": "Outer",
                      "Parallel Aware": true,
                      "Join Type": "Inner",
                      "Startup Cost": 45975.66,
                      "Total Cost": 54614.69,
                      "Plan Rows": 3926,
                      "Plan Width": 8,
                      "Actual Startup Time": 172.451,
                      "Actual Total Time": 188.095,
                      "Actual Rows": 1508,
                      "Actual Loops": 4,
                      "Inner Unique": true,
                      "Hash Cond": "(ci.movie_id = t.id)",
                      "Plans": [
                        {
                          "Node Type": "Index Scan",
                          "Parent Relationship": "Outer",
                          "Parallel Aware": true,
                          "Scan Direction": "Forward",
                          "Index Name": "role_id_cast_info",
                          "Relation Name": "cast_info",
                          "Alias": "ci",
                          "Startup Cost": 0.56,
                          "Total Cost": 8600.37,
                          "Plan Rows": 14942,
                          "Plan Width": 4,
                          "Actual Startup Time": 0.273,
                          "Actual Total Time": 12.055,
                          "Actual Rows": 5773,
                          "Actual Loops": 4,
                          "Index Cond": "(role_id = 11)",
                          "Rows Removed by Index Recheck": 0,
                          "Filter": "(person_id < 559241)",
                          "Rows Removed by Filter": 73256
                        },
                        {
                          "Node Type": "Hash",
                          "Parent Relationship": "Inner",
                          "Parallel Aware": true,
                          "Startup Cost": 43898.92,
                          "Total Cost": 43898.92,
                          "Plan Rows": 166094,
                          "Plan Width": 4,
                          "Actual Startup Time": 167.144,
                          "Actual Total Time": 167.145,
                          "Actual Rows": 165516,
                          "Actual Loops": 4,
                          "Hash Buckets": 1048576,
                          "Original Hash Buckets": 1048576,
                          "Hash Batches": 1,
                          "Original Hash Batches": 1,
                          "Peak Memory Usage": 34144,
                          "Plans": [
                            {
                              "Node Type": "Seq Scan",
                              "Parent Relationship": "Outer",
                              "Parallel Aware": true,
                              "Relation Name": "title",
                              "Alias": "t",
                              "Startup Cost": 0.0,
                              "Total Cost": 43898.92,
                              "Plan Rows": 166094,
                              "Plan Width": 4,
                              "Actual Startup Time": 0.042,
                              "Actual Total Time": 101.631,
                              "Actual Rows": 165516,
                              "Actual Loops": 4,
                              "Filter": "(production_year > 2008)",
                              "Rows Removed by Filter": 466562
                            }
                          ]
                        }
                      ]
                    },
                    {
                      "Node Type": "Index Only Scan",
                      "Parent Relationship": "Inner",
                      "Parallel Aware": false,
                      "Scan Direction": "Forward",
                      "Index Name": "movie_id_movie_keyword",
                      "Relation Name": "movie_keyword",
                      "Alias": "mk",
                      "Startup Cost": 0.43,
                      "Total Cost": 1.49,
                      "Plan Rows": 45,
                      "Plan Width": 4,
                      "Actual Startup Time": 0.006,
                      "Actual Total Time": 0.007,
                      "Actual Rows": 7,
                      "Actual Loops": 6030,
                      "Index Cond": "(movie_id = t.id)",
                      "Rows Removed by Index Recheck": 0,
                      "Heap Fetches": 42889
                    }
                  ]
                }
              ]
            }
          ]
        }
      ]
    },
    "Planning Time": 1.368,
    "Triggers": [],
    "Execution Time": 226.34
  }
]