[
  {
    "Plan": {
      "Node Type": "Aggregate",
      "Strategy": "Plain",
      "Partial Mode": "Finalize",
      "Parallel Aware": false,
      "Startup Cost": 45377.0,
      "Total Cost": 45377.01,
      "Plan Rows": 1,
      "Plan Width": 8,
      "Actual Startup Time": 140.341,
      "Actual Total Time": 149.494,
      "Actual Rows": 1,
      "Actual Loops": 1,
      "Plans": [
        {
          "Node Type": "Gather",
          "Parent Relationship": "Outer",
          "Parallel Aware": false,
          "Startup Cost": 45376.68,
          "Total Cost": 45376.99,
          "Plan Rows": 3,
          "Plan Width": 8,
          "Actual Startup Time": 140.235,
          "Actual Total Time": 149.485,
          "Actual Rows": 4,
          "Actual Loops": 1,
          "Workers Planned": 3,
          "Workers Launched": 3,
          "Single Copy": false,
          "Plans": [
            {
              "Node Type": "Aggregate",
              "Strategy": "Plain",
              "Partial Mode": "Partial",
              "Parent Relationship": "Outer",
              "Parallel Aware": false,
              "Startup Cost": 44376.68,
              "Total Cost": 44376.69,
              "Plan Rows": 1,
              "Plan Width": 8,
              "Actual Startup Time": 133.943,
              "Actual Total Time": 133.944,
              "Actual Rows": 1,
              "Actual Loops": 4,
              "Plans": [
                {
                  "Node Type": "Seq Scan",
                  "Parent Relationship": "Outer",
                  "Parallel Aware": true,
                  "Relation Name": "movie_keyword",
                  "Alias": "mk",
                  "Startup Cost": 0.0,
                  "Total Cost": 42695.65,
                  "Plan Rows": 672411,
                  "Plan Width": 0,
                  "Actual Startup Time": 0.049,
                  "Actual Total Time": 110.017,
                  "Actual Rows": 521652,
                  "Actual Loops": 4,
                  "Filter": "(keyword_id < 3726)",
                  "Rows Removed by Filter": 609330
                }
              ]
            }
          ]
        }
      ]
    },
    "Planning Time": 0.177,
    "Triggers": [],
    "Execution Time": 149.548
  }
]