{
    "Plan": {
        "Node Type": "Aggregate",
        "Strategy": "Plain",
        "Partial Mode": "Finalize",
        "Parallel Aware": false,
        "Startup Cost": 92307.33,
        "Total Cost": 92307.34,
        "Plan Rows": 1,
        "Plan Width": 8,
        "Actual Startup Time": 397.596,
        "Actual Total Time": 424.219,
        "Actual Rows": 1,
        "Actual Loops": 1,
        "Output": [
            "count(*)"
        ],
        "Plans": [
            {
                "Node Type": "Gather",
                "Parent Relationship": "Outer",
                "Parallel Aware": false,
                "Startup Cost": 92307.01,
                "Total Cost": 92307.32,
                "Plan Rows": 3,
                "Plan Width": 8,
                "Actual Startup Time": 397.097,
                "Actual Total Time": 424.208,
                "Actual Rows": 4,
                "Actual Loops": 1,
                "Output": [
                    "(PARTIAL count(*))"
                ],
                "Workers Planned": 3,
                "Workers Launched": 3,
                "Single Copy": false,
                "Plans": [
                    {
                        "Node Type": "Aggregate",
                        "Strategy": "Plain",
                        "Partial Mode": "Partial",
                        "Parent Relationship": "Outer",
                        "Parallel Aware": false,
                        "Startup Cost": 91307.01,
                        "Total Cost": 91307.02,
                        "Plan Rows": 1,
                        "Plan Width": 8,
                        "Actual Startup Time": 388.181,
                        "Actual Total Time": 388.185,
                        "Actual Rows": 1,
                        "Actual Loops": 4,
                        "Output": [
                            "PARTIAL count(*)"
                        ],
                        "Workers": [
                            {
                                "Worker Number": 0,
                                "Actual Startup Time": 384.788,
                                "Actual Total Time": 384.792,
                                "Actual Rows": 1,
                                "Actual Loops": 1
                            },
                            {
                                "Worker Number": 1,
                                "Actual Startup Time": 385.601,
                                "Actual Total Time": 385.605,
                                "Actual Rows": 1,
                                "Actual Loops": 1
                            },
                            {
                                "Worker Number": 2,
                                "Actual Startup Time": 385.926,
                                "Actual Total Time": 385.929,
                                "Actual Rows": 1,
                                "Actual Loops": 1
                            }
                        ],
                        "Plans": [
                            {
                                "Node Type": "Hash Join",
                                "Parent Relationship": "Outer",
                                "Parallel Aware": true,
                                "Join Type": "Inner",
                                "Startup Cost": 45674.16,
                                "Total Cost": 91239.57,
                                "Plan Rows": 26975,
                                "Plan Width": 0,
                                "Actual Startup Time": 117.029,
                                "Actual Total Time": 386.675,
                                "Actual Rows": 19672,
                                "Actual Loops": 4,
                                "Inner Unique": true,
                                "Hash Cond": "(mk.movie_id = t.id)",
                                "Workers": [
                                    {
                                        "Worker Number": 0,
                                        "Actual Startup Time": 113.808,
                                        "Actual Total Time": 383.336,
                                        "Actual Rows": 18509,
                                        "Actual Loops": 1
                                    },
                                    {
                                        "Worker Number": 1,
                                        "Actual Startup Time": 114.483,
                                        "Actual Total Time": 384.175,
                                        "Actual Rows": 18055,
                                        "Actual Loops": 1
                                    },
                                    {
                                        "Worker Number": 2,
                                        "Actual Startup Time": 114.603,
                                        "Actual Total Time": 384.349,
                                        "Actual Rows": 19803,
                                        "Actual Loops": 1
                                    }
                                ],
                                "Plans": [
                                    {
                                        "Node Type": "Seq Scan",
                                        "Parent Relationship": "Outer",
                                        "Parallel Aware": true,
                                        "Relation Name": "movie_keyword",
                                        "Schema": "public",
                                        "Alias": "mk",
                                        "Startup Cost": 0.0,
                                        "Total Cost": 42695.65,
                                        "Plan Rows": 1093242,
                                        "Plan Width": 4,
                                        "Actual Startup Time": 0.078,
                                        "Actual Total Time": 180.736,
                                        "Actual Rows": 846786,
                                        "Actual Loops": 4,
                                        "Output": [
                                            "mk.id",
                                            "mk.movie_id",
                                            "mk.keyword_id"
                                        ],
                                        "Filter": "(mk.keyword_id > 1265)",
                                        "Rows Removed by Filter": 284196,
                                        "Workers": [
                                            {
                                                "Worker Number": 0,
                                                "Actual Startup Time": 0.085,
                                                "Actual Total Time": 183.986,
                                                "Actual Rows": 811804,
                                                "Actual Loops": 1
                                            },
                                            {
                                                "Worker Number": 1,
                                                "Actual Startup Time": 0.032,
                                                "Actual Total Time": 184.959,
                                                "Actual Rows": 810393,
                                                "Actual Loops": 1
                                            },
                                            {
                                                "Worker Number": 2,
                                                "Actual Startup Time": 0.032,
                                                "Actual Total Time": 184.393,
                                                "Actual Rows": 768795,
                                                "Actual Loops": 1
                                            }
                                        ]
                                    },
                                    {
                                        "Node Type": "Hash",
                                        "Parent Relationship": "Inner",
                                        "Parallel Aware": true,
                                        "Startup Cost": 45479.21,
                                        "Total Cost": 45479.21,
                                        "Plan Rows": 15596,
                                        "Plan Width": 4,
                                        "Actual Startup Time": 115.068,
                                        "Actual Total Time": 115.069,
                                        "Actual Rows": 13442,
                                        "Actual Loops": 4,
                                        "Output": [
                                            "t.id"
                                        ],
                                        "Hash Buckets": 65536,
                                        "Original Hash Buckets": 65536,
                                        "Hash Batches": 1,
                                        "Original Hash Batches": 1,
                                        "Peak Memory Usage": 2688,
                                        "Workers": [
                                            {
                                                "Worker Number": 0,
                                                "Actual Startup Time": 112.644,
                                                "Actual Total Time": 112.645,
                                                "Actual Rows": 10885,
                                                "Actual Loops": 1
                                            },
                                            {
                                                "Worker Number": 1,
                                                "Actual Startup Time": 113.436,
                                                "Actual Total Time": 113.437,
                                                "Actual Rows": 11241,
                                                "Actual Loops": 1
                                            },
                                            {
                                                "Worker Number": 2,
                                                "Actual Startup Time": 113.732,
                                                "Actual Total Time": 113.733,
                                                "Actual Rows": 16417,
                                                "Actual Loops": 1
                                            }
                                        ],
                                        "Plans": [
                                            {
                                                "Node Type": "Seq Scan",
                                                "Parent Relationship": "Outer",
                                                "Parallel Aware": true,
                                                "Relation Name": "title",
                                                "Schema": "public",
                                                "Alias": "t",
                                                "Startup Cost": 0.0,
                                                "Total Cost": 45479.21,
                                                "Plan Rows": 15596,
                                                "Plan Width": 4,
                                                "Actual Startup Time": 0.341,
                                                "Actual Total Time": 109.36,
                                                "Actual Rows": 13442,
                                                "Actual Loops": 4,
                                                "Output": [
                                                    "t.id"
                                                ],
                                                "Filter": "((t.kind_id < 7) AND (t.production_year = 2011))",
                                                "Rows Removed by Filter": 618636,
                                                "Workers": [
                                                    {
                                                        "Worker Number": 0,
                                                        "Actual Startup Time": 0.368,
                                                        "Actual Total Time": 106.915,
                                                        "Actual Rows": 10885,
                                                        "Actual Loops": 1
                                                    },
                                                    {
                                                        "Worker Number": 1,
                                                        "Actual Startup Time": 0.138,
                                                        "Actual Total Time": 107.776,
                                                        "Actual Rows": 11241,
                                                        "Actual Loops": 1
                                                    },
                                                    {
                                                        "Worker Number": 2,
                                                        "Actual Startup Time": 0.747,
                                                        "Actual Total Time": 107.683,
                                                        "Actual Rows": 16417,
                                                        "Actual Loops": 1
                                                    }
                                                ]
                                            }
                                        ]
                                    }
                                ]
                            }
                        ]
                    }
                ]
            }
        ]
    },
    "Planning Time": 0.646,
    "Triggers": [],
    "Execution Time": 424.359
}