[
  {
    "Plan": {
      "Node Type": "Aggregate",
      "Strategy": "Plain",
      "Partial Mode": "Finalize",
      "Parallel Aware": false,
      "Startup Cost": 44520.42,
      "Total Cost": 44520.43,
      "Plan Rows": 1,
      "Plan Width": 8,
      "Actual Startup Time": 104.392,
      "Actual Total Time": 116.121,
      "Actual Rows": 1,
      "Actual Loops": 1,
      "Plans": [
        {
          "Node Type": "Gather",
          "Parent Relationship": "Outer",
          "Parallel Aware": false,
          "Startup Cost": 44520.1,
          "Total Cost": 44520.41,
          "Plan Rows": 3,
          "Plan Width": 8,
          "Actual Startup Time": 104.212,
          "Actual Total Time": 116.115,
          "Actual Rows": 4,
          "Actual Loops": 1,
          "Workers Planned": 3,
          "Workers Launched": 3,
          "Single Copy": false,
          "Plans": [
            {
              "Node Type": "Aggregate",
              "Strategy": "Plain",
              "Partial Mode": "Partial",
              "Parent Relationship": "Outer",
              "Parallel Aware": false,
              "Startup Cost": 43520.1,
              "Total Cost": 43520.11,
              "Plan Rows": 1,
              "Plan Width": 8,
              "Actual Startup Time": 101.055,
              "Actual Total Time": 101.056,
              "Actual Rows": 1,
              "Actual Loops": 4,
              "Plans": [
                {
                  "Node Type": "Seq Scan",
                  "Parent Relationship": "Outer",
                  "Parallel Aware": true,
                  "Relation Name": "movie_keyword",
                  "Alias": "mk",
                  "Startup Cost": 0.0,
                  "Total Cost": 42695.65,
                  "Plan Rows": 329778,
                  "Plan Width": 0,
                  "Actual Startup Time": 0.023,
                  "Actual Total Time": 89.97,
                  "Actual Rows": 255930,
                  "Actual Loops": 4,
                  "Filter": "(keyword_id < 1001)",
                  "Rows Removed by Filter": 875052
                }
              ]
            }
          ]
        }
      ]
    },
    "Planning Time": 0.098,
    "Triggers": [],
    "Execution Time": 116.151
  }
]