[
  {
    "Plan": {
      "Node Type": "Aggregate",
      "Strategy": "Plain",
      "Partial Mode": "Finalize",
      "Parallel Aware": false,
      "Startup Cost": 46695.15,
      "Total Cost": 46695.16,
      "Plan Rows": 1,
      "Plan Width": 8,
      "Actual Startup Time": 108.755,
      "Actual Total Time": 120.686,
      "Actual Rows": 1,
      "Actual Loops": 1,
      "Plans": [
        {
          "Node Type": "Gather",
          "Parent Relationship": "Outer",
          "Parallel Aware": false,
          "Startup Cost": 46694.73,
          "Total Cost": 46695.14,
          "Plan Rows": 4,
          "Plan Width": 8,
          "Actual Startup Time": 108.609,
          "Actual Total Time": 120.676,
          "Actual Rows": 5,
          "Actual Loops": 1,
          "Workers Planned": 4,
          "Workers Launched": 4,
          "Single Copy": false,
          "Plans": [
            {
              "Node Type": "Aggregate",
              "Strategy": "Plain",
              "Partial Mode": "Partial",
              "Parent Relationship": "Outer",
              "Parallel Aware": false,
              "Startup Cost": 45694.73,
              "Total Cost": 45694.74,
              "Plan Rows": 1,
              "Plan Width": 8,
              "Actual Startup Time": 99.238,
              "Actual Total Time": 99.24,
              "Actual Rows": 1,
              "Actual Loops": 5,
              "Plans": [
                {
                  "Node Type": "Seq Scan",
                  "Parent Relationship": "Outer",
                  "Parallel Aware": true,
                  "Relation Name": "title",
                  "Alias": "t",
                  "Startup Cost": 0.0,
                  "Total Cost": 45479.1,
                  "Plan Rows": 86252,
                  "Plan Width": 0,
                  "Actual Startup Time": 0.047,
                  "Actual Total Time": 94.09,
                  "Actual Rows": 91480,
                  "Actual Loops": 5,
                  "Filter": "((kind_id < 7) AND (production_year < 1997))",
                  "Rows Removed by Filter": 414182
                }
              ]
            }
          ]
        }
      ]
    },
    "Planning Time": 0.191,
    "Triggers": [],
    "Execution Time": 120.75
  }
]