{
    "Plan": {
        "Node Type": "Aggregate",
        "Strategy": "Plain",
        "Partial Mode": "Finalize",
        "Parallel Aware": false,
        "Startup Cost": 121531.43,
        "Total Cost": 121531.44,
        "Plan Rows": 1,
        "Plan Width": 8,
        "Actual Startup Time": 541.473,
        "Actual Total Time": 568.105,
        "Actual Rows": 1,
        "Actual Loops": 1,
        "Output": [
            "count(*)"
        ],
        "Plans": [
            {
                "Node Type": "Gather",
                "Parent Relationship": "Outer",
                "Parallel Aware": false,
                "Startup Cost": 121531.11,
                "Total Cost": 121531.42,
                "Plan Rows": 3,
                "Plan Width": 8,
                "Actual Startup Time": 540.795,
                "Actual Total Time": 568.094,
                "Actual Rows": 4,
                "Actual Loops": 1,
                "Output": [
                    "(PARTIAL count(*))"
                ],
                "Workers Planned": 3,
                "Workers Launched": 3,
                "Single Copy": false,
                "Plans": [
                    {
                        "Node Type": "Aggregate",
                        "Strategy": "Plain",
                        "Partial Mode": "Partial",
                        "Parent Relationship": "Outer",
                        "Parallel Aware": false,
                        "Startup Cost": 120531.11,
                        "Total Cost": 120531.12,
                        "Plan Rows": 1,
                        "Plan Width": 8,
                        "Actual Startup Time": 529.818,
                        "Actual Total Time": 529.823,
                        "Actual Rows": 1,
                        "Actual Loops": 4,
                        "Output": [
                            "PARTIAL count(*)"
                        ],
                        "Workers": [
                            {
                                "Worker Number": 0,
                                "Actual Startup Time": 527.154,
                                "Actual Total Time": 527.157,
                                "Actual Rows": 1,
                                "Actual Loops": 1
                            },
                            {
                                "Worker Number": 1,
                                "Actual Startup Time": 527.133,
                                "Actual Total Time": 527.137,
                                "Actual Rows": 1,
                                "Actual Loops": 1
                            },
                            {
                                "Worker Number": 2,
                                "Actual Startup Time": 525.404,
                                "Actual Total Time": 525.409,
                                "Actual Rows": 1,
                                "Actual Loops": 1
                            }
                        ],
                        "Plans": [
                            {
                                "Node Type": "Hash Join",
                                "Parent Relationship": "Outer",
                                "Parallel Aware": true,
                                "Join Type": "Inner",
                                "Startup Cost": 93613.23,
                                "Total Cost": 120506.73,
                                "Plan Rows": 9753,
                                "Plan Width": 0,
                                "Actual Startup Time": 357.544,
                                "Actual Total Time": 528.68,
                                "Actual Rows": 9914,
                                "Actual Loops": 4,
                                "Inner Unique": true,
                                "Hash Cond": "(mc.movie_id = t.id)",
                                "Workers": [
                                    {
                                        "Worker Number": 0,
                                        "Actual Startup Time": 354.358,
                                        "Actual Total Time": 526.031,
                                        "Actual Rows": 10352,
                                        "Actual Loops": 1
                                    },
                                    {
                                        "Worker Number": 1,
                                        "Actual Startup Time": 355.546,
                                        "Actual Total Time": 525.983,
                                        "Actual Rows": 9960,
                                        "Actual Loops": 1
                                    },
                                    {
                                        "Worker Number": 2,
                                        "Actual Startup Time": 353.131,
                                        "Actual Total Time": 524.285,
                                        "Actual Rows": 9781,
                                        "Actual Loops": 1
                                    }
                                ],
                                "Plans": [
                                    {
                                        "Node Type": "Bitmap Heap Scan",
                                        "Parent Relationship": "Outer",
                                        "Parallel Aware": true,
                                        "Relation Name": "movie_companies",
                                        "Schema": "public",
                                        "Alias": "mc",
                                        "Startup Cost": 35984.27,
                                        "Total Cost": 61471.37,
                                        "Plan Rows": 535768,
                                        "Plan Width": 4,
                                        "Actual Startup Time": 127.588,
                                        "Actual Total Time": 227.358,
                                        "Actual Rows": 414221,
                                        "Actual Loops": 4,
                                        "Output": [
                                            "mc.id",
                                            "mc.movie_id",
                                            "mc.company_id",
                                            "mc.company_type_id",
                                            "mc.note"
                                        ],
                                        "Recheck Cond": "(mc.company_id < 18492)",
                                        "Rows Removed by Index Recheck": 0,
                                        "Exact Heap Blocks": 4357,
                                        "Lossy Heap Blocks": 0,
                                        "Workers": [
                                            {
                                                "Worker Number": 0,
                                                "Actual Startup Time": 127.375,
                                                "Actual Total Time": 226.316,
                                                "Actual Rows": 452092,
                                                "Actual Loops": 1
                                            },
                                            {
                                                "Worker Number": 1,
                                                "Actual Startup Time": 127.584,
                                                "Actual Total Time": 226.867,
                                                "Actual Rows": 409879,
                                                "Actual Loops": 1
                                            },
                                            {
                                                "Worker Number": 2,
                                                "Actual Startup Time": 127.695,
                                                "Actual Total Time": 226.762,
                                                "Actual Rows": 412118,
                                                "Actual Loops": 1
                                            }
                                        ],
                                        "Plans": [
                                            {
                                                "Node Type": "Bitmap Index Scan",
                                                "Parent Relationship": "Outer",
                                                "Parallel Aware": false,
                                                "Index Name": "company_id_movie_companies",
                                                "Startup Cost": 0.0,
                                                "Total Cost": 35569.04,
                                                "Plan Rows": 1660882,
                                                "Plan Width": 0,
                                                "Actual Startup Time": 122.943,
                                                "Actual Total Time": 122.943,
                                                "Actual Rows": 1656883,
                                                "Actual Loops": 1,
                                                "Index Cond": "(mc.company_id < 18492)",
                                                "Workers": [
                                                    {
                                                        "Worker Number": 0,
                                                        "Actual Startup Time": 122.943,
                                                        "Actual Total Time": 122.943,
                                                        "Actual Rows": 1656883,
                                                        "Actual Loops": 1
                                                    }
                                                ]
                                            }
                                        ]
                                    },
                                    {
                                        "Node Type": "Hash",
                                        "Parent Relationship": "Inner",
                                        "Parallel Aware": true,
                                        "Startup Cost": 57485.14,
                                        "Total Cost": 57485.14,
                                        "Plan Rows": 11506,
                                        "Plan Width": 4,
                                        "Actual Startup Time": 228.607,
                                        "Actual Total Time": 228.609,
                                        "Actual Rows": 8872,
                                        "Actual Loops": 4,
                                        "Output": [
                                            "t.id"
                                        ],
                                        "Hash Buckets": 65536,
                                        "Original Hash Buckets": 65536,
                                        "Hash Batches": 1,
                                        "Original Hash Batches": 1,
                                        "Peak Memory Usage": 1984,
                                        "Workers": [
                                            {
                                                "Worker Number": 0,
                                                "Actual Startup Time": 226.516,
                                                "Actual Total Time": 226.517,
                                                "Actual Rows": 9015,
                                                "Actual Loops": 1
                                            },
                                            {
                                                "Worker Number": 1,
                                                "Actual Startup Time": 226.493,
                                                "Actual Total Time": 226.494,
                                                "Actual Rows": 9179,
                                                "Actual Loops": 1
                                            },
                                            {
                                                "Worker Number": 2,
                                                "Actual Startup Time": 224.746,
                                                "Actual Total Time": 224.748,
                                                "Actual Rows": 8819,
                                                "Actual Loops": 1
                                            }
                                        ],
                                        "Plans": [
                                            {
                                                "Node Type": "Bitmap Heap Scan",
                                                "Parent Relationship": "Outer",
                                                "Parallel Aware": true,
                                                "Relation Name": "title",
                                                "Schema": "public",
                                                "Alias": "t",
                                                "Startup Cost": 17754.07,
                                                "Total Cost": 57485.14,
                                                "Plan Rows": 11506,
                                                "Plan Width": 4,
                                                "Actual Startup Time": 97.681,
                                                "Actual Total Time": 223.445,
                                                "Actual Rows": 8872,
                                                "Actual Loops": 4,
                                                "Output": [
                                                    "t.id"
                                                ],
                                                "Recheck Cond": "(t.kind_id < 7)",
                                                "Rows Removed by Index Recheck": 0,
                                                "Filter": "(t.production_year = 2007)",
                                                "Rows Removed by Filter": 237390,
                                                "Exact Heap Blocks": 9586,
                                                "Lossy Heap Blocks": 0,
                                                "Workers": [
                                                    {
                                                        "Worker Number": 0,
                                                        "Actual Startup Time": 95.467,
                                                        "Actual Total Time": 221.283,
                                                        "Actual Rows": 9015,
                                                        "Actual Loops": 1
                                                    },
                                                    {
                                                        "Worker Number": 1,
                                                        "Actual Startup Time": 96.304,
                                                        "Actual Total Time": 221.175,
                                                        "Actual Rows": 9179,
                                                        "Actual Loops": 1
                                                    },
                                                    {
                                                        "Worker Number": 2,
                                                        "Actual Startup Time": 93.862,
                                                        "Actual Total Time": 219.607,
                                                        "Actual Rows": 8819,
                                                        "Actual Loops": 1
                                                    }
                                                ],
                                                "Plans": [
                                                    {
                                                        "Node Type": "Bitmap Index Scan",
                                                        "Parent Relationship": "Outer",
                                                        "Parallel Aware": false,
                                                        "Index Name": "kind_id_title",
                                                        "Startup Cost": 0.0,
                                                        "Total Cost": 17742.57,
                                                        "Plan Rows": 995485,
                                                        "Plan Width": 0,
                                                        "Actual Startup Time": 95.807,
                                                        "Actual Total Time": 95.807,
                                                        "Actual Rows": 985048,
                                                        "Actual Loops": 1,
                                                        "Index Cond": "(t.kind_id < 7)"
                                                    }
                                                ]
                                            }
                                        ]
                                    }
                                ]
                            }
                        ]
                    }
                ]
            }
        ]
    },
    "Planning Time": 2.426,
    "Triggers": [],
    "Execution Time": 568.545
}