[
  {
    "Plan": {
      "Node Type": "Aggregate",
      "Strategy": "Plain",
      "Partial Mode": "Finalize",
      "Parallel Aware": false,
      "Startup Cost": 46483.67,
      "Total Cost": 46483.68,
      "Plan Rows": 1,
      "Plan Width": 8,
      "Actual Startup Time": 165.52,
      "Actual Total Time": 175.513,
      "Actual Rows": 1,
      "Actual Loops": 1,
      "Plans": [
        {
          "Node Type": "Gather",
          "Parent Relationship": "Outer",
          "Parallel Aware": false,
          "Startup Cost": 46483.35,
          "Total Cost": 46483.66,
          "Plan Rows": 3,
          "Plan Width": 8,
          "Actual Startup Time": 165.411,
          "Actual Total Time": 175.503,
          "Actual Rows": 4,
          "Actual Loops": 1,
          "Workers Planned": 3,
          "Workers Launched": 3,
          "Single Copy": false,
          "Plans": [
            {
              "Node Type": "Aggregate",
              "Strategy": "Plain",
              "Partial Mode": "Partial",
              "Parent Relationship": "Outer",
              "Parallel Aware": false,
              "Startup Cost": 45483.35,
              "Total Cost": 45483.36,
              "Plan Rows": 1,
              "Plan Width": 8,
              "Actual Startup Time": 159.351,
              "Actual Total Time": 159.352,
              "Actual Rows": 1,
              "Actual Loops": 4,
              "Plans": [
                {
                  "Node Type": "Seq Scan",
                  "Parent Relationship": "Outer",
                  "Parallel Aware": true,
                  "Relation Name": "movie_keyword",
                  "Alias": "mk",
                  "Startup Cost": 0.0,
                  "Total Cost": 42695.65,
                  "Plan Rows": 1115080,
                  "Plan Width": 0,
                  "Actual Startup Time": 0.15,
                  "Actual Total Time": 121.357,
                  "Actual Rows": 860906,
                  "Actual Loops": 4,
                  "Filter": "(keyword_id > 1084)",
                  "Rows Removed by Filter": 270076
                }
              ]
            }
          ]
        }
      ]
    },
    "Planning Time": 0.179,
    "Triggers": [],
    "Execution Time": 175.576
  }
]