[
  {
    "Plan": {
      "Node Type": "Aggregate",
      "Strategy": "Plain",
      "Partial Mode": "Finalize",
      "Parallel Aware": false,
      "Startup Cost": 601995.87,
      "Total Cost": 601995.88,
      "Plan Rows": 1,
      "Plan Width": 8,
      "Actual Startup Time": 1902.529,
      "Actual Total Time": 2030.613,
      "Actual Rows": 1,
      "Actual Loops": 1,
      "Plans": [
        {
          "Node Type": "Gather",
          "Parent Relationship": "Outer",
          "Parallel Aware": false,
          "Startup Cost": 601995.35,
          "Total Cost": 601995.86,
          "Plan Rows": 5,
          "Plan Width": 8,
          "Actual Startup Time": 1897.346,
          "Actual Total Time": 2030.599,
          "Actual Rows": 6,
          "Actual Loops": 1,
          "Workers Planned": 5,
          "Workers Launched": 5,
          "Single Copy": false,
          "Plans": [
            {
              "Node Type": "Aggregate",
              "Strategy": "Plain",
              "Partial Mode": "Partial",
              "Parent Relationship": "Outer",
              "Parallel Aware": false,
              "Startup Cost": 600995.35,
              "Total Cost": 600995.36,
              "Plan Rows": 1,
              "Plan Width": 8,
              "Actual Startup Time": 1886.136,
              "Actual Total Time": 1886.188,
              "Actual Rows": 1,
              "Actual Loops": 6,
              "Plans": [
                {
                  "Node Type": "Hash Join",
                  "Parent Relationship": "Outer",
                  "Parallel Aware": true,
                  "Join Type": "Inner",
                  "Startup Cost": 394195.11,
                  "Total Cost": 598607.07,
                  "Plan Rows": 955312,
                  "Plan Width": 0,
                  "Actual Startup Time": 1088.071,
                  "Actual Total Time": 1866.179,
                  "Actual Rows": 366786,
                  "Actual Loops": 6,
                  "Inner Unique": false,
                  "Hash Cond": "(mi.movie_id = t.id)",
                  "Plans": [
                    {
                      "Node Type": "Seq Scan",
                      "Parent Relationship": "Outer",
                      "Parallel Aware": true,
                      "Relation Name": "movie_info",
                      "Alias": "mi",
                      "Startup Cost": 0.0,
                      "Total Cost": 191685.19,
                      "Plan Rows": 2969219,
                      "Plan Width": 4,
                      "Actual Startup Time": 0.036,
                      "Actual Total Time": 365.795,
                      "Actual Rows": 2472620,
                      "Actual Loops": 6
                    },
                    {
                      "Node Type": "Hash",
                      "Parent Relationship": "Inner",
                      "Parallel Aware": true,
                      "Startup Cost": 392500.34,
                      "Total Cost": 392500.34,
                      "Plan Rows": 135582,
                      "Plan Width": 8,
                      "Actual Startup Time": 1083.016,
                      "Actual Total Time": 1083.066,
                      "Actual Rows": 45418,
                      "Actual Loops": 6,
                      "Hash Buckets": 1048576,
                      "Original Hash Buckets": 1048576,
                      "Hash Batches": 1,
                      "Original Hash Batches": 1,
                      "Peak Memory Usage": 18944,
                      "Plans": [
                        {
                          "Node Type": "Hash Join",
                          "Parent Relationship": "Outer",
                          "Parallel Aware": true,
                          "Join Type": "Inner",
                          "Startup Cost": 46545.25,
                          "Total Cost": 392500.34,
                          "Plan Rows": 135582,
                          "Plan Width": 8,
                          "Actual Startup Time": 552.745,
                          "Actual Total Time": 1055.616,
                          "Actual Rows": 45418,
                          "Actual Loops": 6,
                          "Inner Unique": true,
                          "Hash Cond": "(ci.movie_id = t.id)",
                          "Plans": [
                            {
                              "Node Type": "Seq Scan",
                              "Parent Relationship": "Outer",
                              "Parallel Aware": true,
                              "Relation Name": "cast_info",
                              "Alias": "ci",
                              "Startup Cost": 0.0,
                              "Total Cost": 343316.27,
                              "Plan Rows": 1005264,
                              "Plan Width": 4,
                              "Actual Startup Time": 431.736,
                              "Actual Total Time": 808.067,
                              "Actual Rows": 637270,
                              "Actual Loops": 6,
                              "Filter": "((person_id < 1357346) AND (role_id > 2))",
                              "Rows Removed by Filter": 5403454
                            },
                            {
                              "Node Type": "Hash",
                              "Parent Relationship": "Inner",
                              "Parallel Aware": true,
                              "Startup Cost": 45479.59,
                              "Total Cost": 45479.59,
                              "Plan Rows": 85253,
                              "Plan Width": 4,
                              "Actual Startup Time": 119.208,
                              "Actual Total Time": 119.209,
                              "Actual Rows": 36421,
                              "Actual Loops": 6,
                              "Hash Buckets": 524288,
                              "Original Hash Buckets": 524288,
                              "Hash Batches": 1,
                              "Original Hash Batches": 1,
                              "Peak Memory Usage": 12768,
                              "Plans": [
                                {
                                  "Node Type": "Seq Scan",
                                  "Parent Relationship": "Outer",
                                  "Parallel Aware": true,
                                  "Relation Name": "title",
                                  "Alias": "t",
                                  "Startup Cost": 0.0,
                                  "Total Cost": 45479.59,
                                  "Plan Rows": 85253,
                                  "Plan Width": 4,
                                  "Actual Startup Time": 0.068,
                                  "Actual Total Time": 94.84,
                                  "Actual Rows": 36421,
                                  "Actual Loops": 6,
                                  "Filter": "((kind_id > 1) AND (production_year < 1978))",
                                  "Rows Removed by Filter": 384964
                                }
                              ]
                            }
                          ]
                        }
                      ]
                    }
                  ]
                }
              ]
            }
          ]
        }
      ]
    },
    "Planning Time": 1.371,
    "Triggers": [],
    "Execution Time": 2030.754
  }
]