{
  "Plan": {
    "Node Type": "Aggregate",
    "Strategy": "Plain",
    "Partial Mode": "Finalize",
    "Parallel Aware": false,
    "Startup Cost": 132267.15,
    "Total Cost": 132267.16,
    "Plan Rows": 1,
    "Plan Width": 8,
    "Actual Startup Time": 712.27,
    "Actual Total Time": 732.043,
    "Actual Rows": 1,
    "Actual Loops": 1,
    "Plans": [
      {
        "Node Type": "Gather",
        "Parent Relationship": "Outer",
        "Parallel Aware": false,
        "Startup Cost": 132267.04,
        "Total Cost": 132267.15,
        "Plan Rows": 1,
        "Plan Width": 8,
        "Actual Startup Time": 708.312,
        "Actual Total Time": 732.035,
        "Actual Rows": 2,
        "Actual Loops": 1,
        "Workers Planned": 1,
        "Workers Launched": 1,
        "Single Copy": false,
        "Plans": [
          {
            "Node Type": "Aggregate",
            "Strategy": "Plain",
            "Partial Mode": "Partial",
            "Parent Relationship": "Outer",
            "Parallel Aware": false,
            "Startup Cost": 131267.04,
            "Total Cost": 131267.05,
            "Plan Rows": 1,
            "Plan Width": 8,
            "Actual Startup Time": 701.59,
            "Actual Total Time": 701.597,
            "Actual Rows": 1,
            "Actual Loops": 2,
            "Plans": [
              {
                "Node Type": "Hash Join",
                "Parent Relationship": "Outer",
                "Parallel Aware": true,
                "Join Type": "Inner",
                "Startup Cost": 110668.49,
                "Total Cost": 131125.4,
                "Plan Rows": 56654,
                "Plan Width": 0,
                "Actual Startup Time": 551.621,
                "Actual Total Time": 682.832,
                "Actual Rows": 490788,
                "Actual Loops": 2,
                "Inner Unique": false,
                "Hash Cond": "(mi_idx.movie_id = t.id)",
                "Plans": [
                  {
                    "Node Type": "Seq Scan",
                    "Parent Relationship": "Outer",
                    "Parallel Aware": true,
                    "Relation Name": "movie_info_idx",
                    "Alias": "mi_idx",
                    "Startup Cost": 0.0,
                    "Total Cost": 18082.32,
                    "Plan Rows": 544356,
                    "Plan Width": 4,
                    "Actual Startup Time": 0.031,
                    "Actual Total Time": 56.607,
                    "Actual Rows": 460055,
                    "Actual Loops": 2,
                    "Filter": "(info_type_id > 99)",
                    "Rows Removed by Filter": 229962
                  },
                  {
                    "Node Type": "Hash",
                    "Parent Relationship": "Inner",
                    "Parallel Aware": true,
                    "Startup Cost": 108733.68,
                    "Total Cost": 108733.68,
                    "Plan Rows": 154785,
                    "Plan Width": 8,
                    "Actual Startup Time": 540.77,
                    "Actual Total Time": 540.774,
                    "Actual Rows": 286461,
                    "Actual Loops": 2,
                    "Hash Buckets": 1048576,
                    "Original Hash Buckets": 524288,
                    "Hash Batches": 1,
                    "Original Hash Batches": 1,
                    "Peak Memory Usage": 34752,
                    "Plans": [
                      {
                        "Node Type": "Hash Join",
                        "Parent Relationship": "Outer",
                        "Parallel Aware": true,
                        "Join Type": "Inner",
                        "Startup Cost": 77366.25,
                        "Total Cost": 108733.68,
                        "Plan Rows": 154785,
                        "Plan Width": 8,
                        "Actual Startup Time": 308.975,
                        "Actual Total Time": 475.905,
                        "Actual Rows": 286461,
                        "Actual Loops": 2,
                        "Inner Unique": true,
                        "Hash Cond": "(mk.movie_id = t.id)",
                        "Plans": [
                          {
                            "Node Type": "Bitmap Heap Scan",
                            "Parent Relationship": "Outer",
                            "Parallel Aware": true,
                            "Relation Name": "movie_keyword",
                            "Alias": "mk",
                            "Startup Cost": 16482.54,
                            "Total Cost": 46650.11,
                            "Plan Rows": 457086,
                            "Plan Width": 4,
                            "Actual Startup Time": 52.134,
                            "Actual Total Time": 133.15,
                            "Actual Rows": 383957,
                            "Actual Loops": 2,
                            "Recheck Cond": "(keyword_id > 24382)",
                            "Rows Removed by Index Recheck": 0,
                            "Exact Heap Blocks": 11619,
                            "Lossy Heap Blocks": 0,
                            "Plans": [
                              {
                                "Node Type": "Bitmap Index Scan",
                                "Parent Relationship": "Outer",
                                "Parallel Aware": false,
                                "Index Name": "keyword_id_movie_keyword",
                                "Startup Cost": 0.0,
                                "Total Cost": 16288.28,
                                "Plan Rows": 777046,
                                "Plan Width": 0,
                                "Actual Startup Time": 48.577,
                                "Actual Total Time": 48.578,
                                "Actual Rows": 767914,
                                "Actual Loops": 1,
                                "Index Cond": "(keyword_id > 24382)"
                              }
                            ]
                          },
                          {
                            "Node Type": "Hash",
                            "Parent Relationship": "Inner",
                            "Parallel Aware": true,
                            "Startup Cost": 54588.39,
                            "Total Cost": 54588.39,
                            "Plan Rows": 503626,
                            "Plan Width": 4,
                            "Actual Startup Time": 249.728,
                            "Actual Total Time": 249.729,
                            "Actual Rows": 427107,
                            "Actual Loops": 2,
                            "Hash Buckets": 1048576,
                            "Original Hash Buckets": 1048576,
                            "Hash Batches": 1,
                            "Original Hash Batches": 1,
                            "Peak Memory Usage": 41664,
                            "Plans": [
                              {
                                "Node Type": "Seq Scan",
                                "Parent Relationship": "Outer",
                                "Parallel Aware": true,
                                "Relation Name": "title",
                                "Alias": "t",
                                "Startup Cost": 0.0,
                                "Total Cost": 54588.39,
                                "Plan Rows": 503626,
                                "Plan Width": 4,
                                "Actual Startup Time": 0.039,
                                "Actual Total Time": 147.001,
                                "Actual Rows": 427107,
                                "Actual Loops": 2,
                                "Filter": "(kind_id < 4)",
                                "Rows Removed by Filter": 837049
                              }
                            ]
                          }
                        ]
                      }
                    ]
                  }
                ]
              }
            ]
          }
        ]
      }
    ]
  },
  "Planning Time": 0.912,
  "Triggers": [],
  "Execution Time": 732.141
}