[
  {
    "Plan": {
      "Node Type": "Aggregate",
      "Strategy": "Plain",
      "Partial Mode": "Simple",
      "Parallel Aware": false,
      "Startup Cost": 8809.56,
      "Total Cost": 8809.57,
      "Plan Rows": 1,
      "Plan Width": 8,
      "Actual Startup Time": 3.729,
      "Actual Total Time": 3.731,
      "Actual Rows": 1,
      "Actual Loops": 1,
      "Plans": [
        {
          "Node Type": "Index Scan",
          "Parent Relationship": "Outer",
          "Parallel Aware": false,
          "Scan Direction": "Forward",
          "Index Name": "company_id_movie_companies",
          "Relation Name": "movie_companies",
          "Alias": "mc",
          "Startup Cost": 0.43,
          "Total Cost": 8805.09,
          "Plan Rows": 1786,
          "Plan Width": 0,
          "Actual Startup Time": 0.085,
          "Actual Total Time": 3.323,
          "Actual Rows": 2434,
          "Actual Loops": 1,
          "Index Cond": "(company_id = 137)",
          "Rows Removed by Index Recheck": 0,
          "Filter": "(company_type_id = 1)",
          "Rows Removed by Filter": 738
        }
      ]
    },
    "Planning Time": 0.215,
    "Triggers": [],
    "Execution Time": 3.784
  }
]