[
  {
    "Plan": {
      "Node Type": "Aggregate",
      "Strategy": "Plain",
      "Partial Mode": "Finalize",
      "Parallel Aware": false,
      "Startup Cost": 27492.75,
      "Total Cost": 27492.76,
      "Plan Rows": 1,
      "Plan Width": 8,
      "Actual Startup Time": 64.204,
      "Actual Total Time": 68.126,
      "Actual Rows": 1,
      "Actual Loops": 1,
      "Plans": [
        {
          "Node Type": "Gather",
          "Parent Relationship": "Outer",
          "Parallel Aware": false,
          "Startup Cost": 27492.43,
          "Total Cost": 27492.74,
          "Plan Rows": 3,
          "Plan Width": 8,
          "Actual Startup Time": 63.979,
          "Actual Total Time": 68.119,
          "Actual Rows": 4,
          "Actual Loops": 1,
          "Workers Planned": 3,
          "Workers Launched": 3,
          "Single Copy": false,
          "Plans": [
            {
              "Node Type": "Aggregate",
              "Strategy": "Plain",
              "Partial Mode": "Partial",
              "Parent Relationship": "Outer",
              "Parallel Aware": false,
              "Startup Cost": 26492.43,
              "Total Cost": 26492.44,
              "Plan Rows": 1,
              "Plan Width": 8,
              "Actual Startup Time": 56.127,
              "Actual Total Time": 56.129,
              "Actual Rows": 1,
              "Actual Loops": 4,
              "Plans": [
                {
                  "Node Type": "Bitmap Heap Scan",
                  "Parent Relationship": "Outer",
                  "Parallel Aware": true,
                  "Relation Name": "movie_companies",
                  "Alias": "mc",
                  "Startup Cost": 6296.41,
                  "Total Cost": 26258.09,
                  "Plan Rows": 93735,
                  "Plan Width": 0,
                  "Actual Startup Time": 20.141,
                  "Actual Total Time": 51.02,
                  "Actual Rows": 71839,
                  "Actual Loops": 4,
                  "Recheck Cond": "(company_id > 95131)",
                  "Rows Removed by Index Recheck": 0,
                  "Exact Heap Blocks": 2817,
                  "Lossy Heap Blocks": 0,
                  "Plans": [
                    {
                      "Node Type": "Bitmap Index Scan",
                      "Parent Relationship": "Outer",
                      "Parallel Aware": false,
                      "Index Name": "company_id_movie_companies",
                      "Startup Cost": 0.0,
                      "Total Cost": 6223.77,
                      "Plan Rows": 290578,
                      "Plan Width": 0,
                      "Actual Startup Time": 25.515,
                      "Actual Total Time": 25.515,
                      "Actual Rows": 287355,
                      "Actual Loops": 1,
                      "Index Cond": "(company_id > 95131)"
                    }
                  ]
                }
              ]
            }
          ]
        }
      ]
    },
    "Planning Time": 0.138,
    "Triggers": [],
    "Execution Time": 68.174
  }
]