[
  {
    "Plan": {
      "Node Type": "Aggregate",
      "Strategy": "Plain",
      "Partial Mode": "Finalize",
      "Parallel Aware": false,
      "Startup Cost": 235939.19,
      "Total Cost": 235939.2,
      "Plan Rows": 1,
      "Plan Width": 8,
      "Actual Startup Time": 212.018,
      "Actual Total Time": 226.552,
      "Actual Rows": 1,
      "Actual Loops": 1,
      "Plans": [
        {
          "Node Type": "Gather",
          "Parent Relationship": "Outer",
          "Parallel Aware": false,
          "Startup Cost": 235938.67,
          "Total Cost": 235939.18,
          "Plan Rows": 5,
          "Plan Width": 8,
          "Actual Startup Time": 211.422,
          "Actual Total Time": 226.542,
          "Actual Rows": 6,
          "Actual Loops": 1,
          "Workers Planned": 5,
          "Workers Launched": 5,
          "Single Copy": false,
          "Plans": [
            {
              "Node Type": "Aggregate",
              "Strategy": "Plain",
              "Partial Mode": "Partial",
              "Parent Relationship": "Outer",
              "Parallel Aware": false,
              "Startup Cost": 234938.67,
              "Total Cost": 234938.68,
              "Plan Rows": 1,
              "Plan Width": 8,
              "Actual Startup Time": 200.164,
              "Actual Total Time": 200.168,
              "Actual Rows": 1,
              "Actual Loops": 6,
              "Plans": [
                {
                  "Node Type": "Hash Join",
                  "Parent Relationship": "Outer",
                  "Parallel Aware": true,
                  "Join Type": "Inner",
                  "Startup Cost": 69018.5,
                  "Total Cost": 234926.11,
                  "Plan Rows": 5022,
                  "Plan Width": 0,
                  "Actual Startup Time": 130.42,
                  "Actual Total Time": 199.619,
                  "Actual Rows": 7535,
                  "Actual Loops": 6,
                  "Inner Unique": true,
                  "Hash Cond": "(mi.movie_id = t.id)",
                  "Plans": [
                    {
                      "Node Type": "Bitmap Heap Scan",
                      "Parent Relationship": "Outer",
                      "Parallel Aware": true,
                      "Relation Name": "movie_info",
                      "Alias": "mi",
                      "Startup Cost": 23385.59,
                      "Total Cost": 188613.81,
                      "Plan Rows": 258817,
                      "Plan Width": 4,
                      "Actual Startup Time": 41.415,
                      "Actual Total Time": 76.973,
                      "Actual Rows": 216498,
                      "Actual Loops": 6,
                      "Recheck Cond": "(info_type_id = 4)",
                      "Rows Removed by Index Recheck": 0,
                      "Exact Heap Blocks": 1719,
                      "Lossy Heap Blocks": 0,
                      "Plans": [
                        {
                          "Node Type": "Bitmap Index Scan",
                          "Parent Relationship": "Outer",
                          "Parallel Aware": false,
                          "Index Name": "info_type_id_movie_info",
                          "Startup Cost": 0.0,
                          "Total Cost": 23062.07,
                          "Plan Rows": 1294085,
                          "Plan Width": 0,
                          "Actual Startup Time": 40.07,
                          "Actual Total Time": 40.07,
                          "Actual Rows": 1298989,
                          "Actual Loops": 1,
                          "Index Cond": "(info_type_id = 4)"
                        }
                      ]
                    },
                    {
                      "Node Type": "Hash",
                      "Parent Relationship": "Inner",
                      "Parallel Aware": true,
                      "Startup Cost": 45479.59,
                      "Total Cost": 45479.59,
                      "Plan Rows": 12266,
                      "Plan Width": 4,
                      "Actual Startup Time": 87.036,
                      "Actual Total Time": 87.037,
                      "Actual Rows": 7335,
                      "Actual Loops": 6,
                      "Hash Buckets": 65536,
                      "Original Hash Buckets": 65536,
                      "Hash Batches": 1,
                      "Original Hash Batches": 1,
                      "Peak Memory Usage": 2336,
                      "Plans": [
                        {
                          "Node Type": "Seq Scan",
                          "Parent Relationship": "Outer",
                          "Parallel Aware": true,
                          "Relation Name": "title",
                          "Alias": "t",
                          "Startup Cost": 0.0,
                          "Total Cost": 45479.59,
                          "Plan Rows": 12266,
                          "Plan Width": 4,
                          "Actual Startup Time": 0.358,
                          "Actual Total Time": 83.435,
                          "Actual Rows": 7335,
                          "Actual Loops": 6,
                          "Filter": "((kind_id < 7) AND (production_year = 2009))",
                          "Rows Removed by Filter": 414050
                        }
                      ]
                    }
                  ]
                }
              ]
            }
          ]
        }
      ]
    },
    "Planning Time": 0.646,
    "Triggers": [],
    "Execution Time": 226.645
  }
]