[
  {
    "Plan": {
      "Node Type": "Aggregate",
      "Strategy": "Plain",
      "Partial Mode": "Finalize",
      "Parallel Aware": false,
      "Startup Cost": 128043.49,
      "Total Cost": 128043.5,
      "Plan Rows": 1,
      "Plan Width": 8,
      "Actual Startup Time": 617.24,
      "Actual Total Time": 638.494,
      "Actual Rows": 1,
      "Actual Loops": 1,
      "Plans": [
        {
          "Node Type": "Gather",
          "Parent Relationship": "Outer",
          "Parallel Aware": false,
          "Startup Cost": 128043.17,
          "Total Cost": 128043.48,
          "Plan Rows": 3,
          "Plan Width": 8,
          "Actual Startup Time": 613.485,
          "Actual Total Time": 638.482,
          "Actual Rows": 4,
          "Actual Loops": 1,
          "Workers Planned": 3,
          "Workers Launched": 3,
          "Single Copy": false,
          "Plans": [
            {
              "Node Type": "Aggregate",
              "Strategy": "Plain",
              "Partial Mode": "Partial",
              "Parent Relationship": "Outer",
              "Parallel Aware": false,
              "Startup Cost": 127043.17,
              "Total Cost": 127043.18,
              "Plan Rows": 1,
              "Plan Width": 8,
              "Actual Startup Time": 590.132,
              "Actual Total Time": 590.248,
              "Actual Rows": 1,
              "Actual Loops": 4,
              "Plans": [
                {
                  "Node Type": "Hash Join",
                  "Parent Relationship": "Outer",
                  "Parallel Aware": true,
                  "Join Type": "Inner",
                  "Startup Cost": 82815.78,
                  "Total Cost": 126827.44,
                  "Plan Rows": 86294,
                  "Plan Width": 0,
                  "Actual Startup Time": 448.507,
                  "Actual Total Time": 585.139,
                  "Actual Rows": 122786,
                  "Actual Loops": 4,
                  "Inner Unique": false,
                  "Hash Cond": "(mk.movie_id = t.id)",
                  "Plans": [
                    {
                      "Node Type": "Seq Scan",
                      "Parent Relationship": "Outer",
                      "Parallel Aware": true,
                      "Relation Name": "movie_keyword",
                      "Alias": "mk",
                      "Startup Cost": 0.0,
                      "Total Cost": 42695.65,
                      "Plan Rows": 293403,
                      "Plan Width": 4,
                      "Actual Startup Time": 0.036,
                      "Actual Total Time": 89.561,
                      "Actual Rows": 230083,
                      "Actual Loops": 4,
                      "Filter": "(keyword_id < 870)",
                      "Rows Removed by Filter": 900900
                    },
                    {
                      "Node Type": "Hash",
                      "Parent Relationship": "Inner",
                      "Parallel Aware": true,
                      "Startup Cost": 80492.01,
                      "Total Cost": 80492.01,
                      "Plan Rows": 185902,
                      "Plan Width": 8,
                      "Actual Startup Time": 438.901,
                      "Actual Total Time": 439.015,
                      "Actual Rows": 117091,
                      "Actual Loops": 4,
                      "Hash Buckets": 1048576,
                      "Original Hash Buckets": 1048576,
                      "Hash Batches": 1,
                      "Original Hash Batches": 1,
                      "Peak Memory Usage": 26592,
                      "Plans": [
                        {
                          "Node Type": "Hash Join",
                          "Parent Relationship": "Outer",
                          "Parallel Aware": true,
                          "Join Type": "Inner",
                          "Startup Cost": 34413.23,
                          "Total Cost": 80492.01,
                          "Plan Rows": 185902,
                          "Plan Width": 8,
                          "Actual Startup Time": 171.923,
                          "Actual Total Time": 393.275,
                          "Actual Rows": 117091,
                          "Actual Loops": 4,
                          "Inner Unique": false,
                          "Hash Cond": "(t.id = mc.movie_id)",
                          "Plans": [
                            {
                              "Node Type": "Seq Scan",
                              "Parent Relationship": "Outer",
                              "Parallel Aware": true,
                              "Relation Name": "title",
                              "Alias": "t",
                              "Startup Cost": 0.0,
                              "Total Cost": 42318.73,
                              "Plan Rows": 632073,
                              "Plan Width": 4,
                              "Actual Startup Time": 0.011,
                              "Actual Total Time": 74.798,
                              "Actual Rows": 632078,
                              "Actual Loops": 4
                            },
                            {
                              "Node Type": "Hash",
                              "Parent Relationship": "Inner",
                              "Parallel Aware": true,
                              "Startup Cost": 31414.82,
                              "Total Cost": 31414.82,
                              "Plan Rows": 239873,
                              "Plan Width": 4,
                              "Actual Startup Time": 167.817,
                              "Actual Total Time": 167.818,
                              "Actual Rows": 117091,
                              "Actual Loops": 4,
                              "Hash Buckets": 1048576,
                              "Original Hash Buckets": 1048576,
                              "Hash Batches": 1,
                              "Original Hash Batches": 1,
                              "Peak Memory Usage": 26560,
                              "Plans": [
                                {
                                  "Node Type": "Seq Scan",
                                  "Parent Relationship": "Outer",
                                  "Parallel Aware": true,
                                  "Relation Name": "movie_companies",
                                  "Alias": "mc",
                                  "Startup Cost": 0.0,
                                  "Total Cost": 31414.82,
                                  "Plan Rows": 239873,
                                  "Plan Width": 4,
                                  "Actual Startup Time": 74.709,
                                  "Actual Total Time": 111.406,
                                  "Actual Rows": 117091,
                                  "Actual Loops": 4,
                                  "Filter": "((company_id < 13180) AND (company_type_id > 1))",
                                  "Rows Removed by Filter": 535191
                                }
                              ]
                            }
                          ]
                        }
                      ]
                    }
                  ]
                }
              ]
            }
          ]
        }
      ]
    },
    "Planning Time": 1.424,
    "Triggers": [],
    "Execution Time": 638.619
  }
]