[
    {
        "Bao": {
            "Bao prediction": "NaN",
            "Bao recommended hint": "(no hint)"
        }
    },
    {
        "Plan": {
            "Node Type": "Aggregate",
            "Strategy": "Plain",
            "Partial Mode": "Finalize",
            "Parallel Aware": false,
            "Startup Cost": 327274.94,
            "Total Cost": 327274.95,
            "Plan Rows": 1,
            "Plan Width": 8,
            "Actual Startup Time": 355.685,
            "Actual Total Time": 364.267,
            "Actual Rows": 1,
            "Actual Loops": 1,
            "Output": [
                "count(*)"
            ],
            "Plans": [
                {
                    "Node Type": "Gather",
                    "Parent Relationship": "Outer",
                    "Parallel Aware": false,
                    "Startup Cost": 327274.32,
                    "Total Cost": 327274.93,
                    "Plan Rows": 6,
                    "Plan Width": 8,
                    "Actual Startup Time": 354.765,
                    "Actual Total Time": 364.256,
                    "Actual Rows": 7,
                    "Actual Loops": 1,
                    "Output": [
                        "(PARTIAL count(*))"
                    ],
                    "Workers Planned": 6,
                    "Workers Launched": 6,
                    "Single Copy": false,
                    "Plans": [
                        {
                            "Node Type": "Aggregate",
                            "Strategy": "Plain",
                            "Partial Mode": "Partial",
                            "Parent Relationship": "Outer",
                            "Parallel Aware": false,
                            "Startup Cost": 326274.32,
                            "Total Cost": 326274.33,
                            "Plan Rows": 1,
                            "Plan Width": 8,
                            "Actual Startup Time": 343.526,
                            "Actual Total Time": 343.527,
                            "Actual Rows": 1,
                            "Actual Loops": 7,
                            "Output": [
                                "PARTIAL count(*)"
                            ],
                            "Workers": [
                                {
                                    "Worker Number": 0,
                                    "Actual Startup Time": 341.42,
                                    "Actual Total Time": 341.421,
                                    "Actual Rows": 1,
                                    "Actual Loops": 1
                                },
                                {
                                    "Worker Number": 1,
                                    "Actual Startup Time": 341.886,
                                    "Actual Total Time": 341.888,
                                    "Actual Rows": 1,
                                    "Actual Loops": 1
                                },
                                {
                                    "Worker Number": 2,
                                    "Actual Startup Time": 341.04,
                                    "Actual Total Time": 341.042,
                                    "Actual Rows": 1,
                                    "Actual Loops": 1
                                },
                                {
                                    "Worker Number": 3,
                                    "Actual Startup Time": 341.046,
                                    "Actual Total Time": 341.047,
                                    "Actual Rows": 1,
                                    "Actual Loops": 1
                                },
                                {
                                    "Worker Number": 4,
                                    "Actual Startup Time": 342.658,
                                    "Actual Total Time": 342.66,
                                    "Actual Rows": 1,
                                    "Actual Loops": 1
                                },
                                {
                                    "Worker Number": 5,
                                    "Actual Startup Time": 342.739,
                                    "Actual Total Time": 342.74,
                                    "Actual Rows": 1,
                                    "Actual Loops": 1
                                }
                            ],
                            "Plans": [
                                {
                                    "Node Type": "Bitmap Heap Scan",
                                    "Parent Relationship": "Outer",
                                    "Parallel Aware": true,
                                    "Relation Name": "cast_info",
                                    "Schema": "public",
                                    "Alias": "ci",
                                    "Startup Cost": 65657.94,
                                    "Total Cost": 325834.83,
                                    "Plan Rows": 175796,
                                    "Plan Width": 0,
                                    "Actual Startup Time": 187.088,
                                    "Actual Total Time": 323.433,
                                    "Actual Rows": 313596,
                                    "Actual Loops": 7,
                                    "Recheck Cond": "(ci.person_id < 295830)",
                                    "Rows Removed by Index Recheck": 0,
                                    "Filter": "(ci.role_id = 1)",
                                    "Rows Removed by Filter": 121712,
                                    "Exact Heap Blocks": 5624,
                                    "Lossy Heap Blocks": 0,
                                    "Workers": [
                                        {
                                            "Worker Number": 0,
                                            "Actual Startup Time": 184.914,
                                            "Actual Total Time": 322.025,
                                            "Actual Rows": 356447,
                                            "Actual Loops": 1
                                        },
                                        {
                                            "Worker Number": 1,
                                            "Actual Startup Time": 185.379,
                                            "Actual Total Time": 321.997,
                                            "Actual Rows": 259192,
                                            "Actual Loops": 1
                                        },
                                        {
                                            "Worker Number": 2,
                                            "Actual Startup Time": 185.229,
                                            "Actual Total Time": 321.132,
                                            "Actual Rows": 253051,
                                            "Actual Loops": 1
                                        },
                                        {
                                            "Worker Number": 3,
                                            "Actual Startup Time": 184.593,
                                            "Actual Total Time": 321.062,
                                            "Actual Rows": 253131,
                                            "Actual Loops": 1
                                        },
                                        {
                                            "Worker Number": 4,
                                            "Actual Startup Time": 186.135,
                                            "Actual Total Time": 323.446,
                                            "Actual Rows": 352332,
                                            "Actual Loops": 1
                                        },
                                        {
                                            "Worker Number": 5,
                                            "Actual Startup Time": 186.393,
                                            "Actual Total Time": 323.493,
                                            "Actual Rows": 355190,
                                            "Actual Loops": 1
                                        }
                                    ],
                                    "Plans": [
                                        {
                                            "Node Type": "Bitmap Index Scan",
                                            "Parent Relationship": "Outer",
                                            "Parallel Aware": false,
                                            "Index Name": "person_id_cast_info",
                                            "Startup Cost": 0.0,
                                            "Total Cost": 65394.24,
                                            "Plan Rows": 2995957,
                                            "Plan Width": 0,
                                            "Actual Startup Time": 188.694,
                                            "Actual Total Time": 188.695,
                                            "Actual Rows": 3047156,
                                            "Actual Loops": 1,
                                            "Index Cond": "(ci.person_id < 295830)"
                                        }
                                    ]
                                }
                            ]
                        }
                    ]
                }
            ]
        },
        "Planning Time": 287.145,
        "Triggers": [],
        "Execution Time": 364.392
    }
]