{
  "Plan": {
    "Node Type": "Aggregate",
    "Strategy": "Plain",
    "Partial Mode": "Finalize",
    "Parallel Aware": false,
    "Startup Cost": 634635.67,
    "Total Cost": 634635.68,
    "Plan Rows": 1,
    "Plan Width": 8,
    "Actual Startup Time": 9080.308,
    "Actual Total Time": 9150.047,
    "Actual Rows": 1,
    "Actual Loops": 1,
    "Plans": [
      {
        "Node Type": "Gather",
        "Parent Relationship": "Outer",
        "Parallel Aware": false,
        "Startup Cost": 634635.55,
        "Total Cost": 634635.66,
        "Plan Rows": 1,
        "Plan Width": 8,
        "Actual Startup Time": 9076.645,
        "Actual Total Time": 9150.033,
        "Actual Rows": 2,
        "Actual Loops": 1,
        "Workers Planned": 1,
        "Workers Launched": 1,
        "Single Copy": false,
        "Plans": [
          {
            "Node Type": "Aggregate",
            "Strategy": "Plain",
            "Partial Mode": "Partial",
            "Parent Relationship": "Outer",
            "Parallel Aware": false,
            "Startup Cost": 633635.55,
            "Total Cost": 633635.56,
            "Plan Rows": 1,
            "Plan Width": 8,
            "Actual Startup Time": 9068.117,
            "Actual Total Time": 9068.121,
            "Actual Rows": 1,
            "Actual Loops": 2,
            "Plans": [
              {
                "Node Type": "Hash Join",
                "Parent Relationship": "Outer",
                "Parallel Aware": true,
                "Join Type": "Inner",
                "Startup Cost": 69414.21,
                "Total Cost": 591147.57,
                "Plan Rows": 16995194,
                "Plan Width": 0,
                "Actual Startup Time": 444.206,
                "Actual Total Time": 8464.233,
                "Actual Rows": 15360932,
                "Actual Loops": 2,
                "Inner Unique": true,
                "Hash Cond": "(ci.movie_id = t.id)",
                "Plans": [
                  {
                    "Node Type": "Seq Scan",
                    "Parent Relationship": "Outer",
                    "Parallel Aware": true,
                    "Relation Name": "cast_info",
                    "Alias": "ci",
                    "Startup Cost": 0.0,
                    "Total Cost": 465792.95,
                    "Plan Rows": 21310595,
                    "Plan Width": 4,
                    "Actual Startup Time": 0.013,
                    "Actual Total Time": 1330.348,
                    "Actual Rows": 18122172,
                    "Actual Loops": 2
                  },
                  {
                    "Node Type": "Hash",
                    "Parent Relationship": "Inner",
                    "Parallel Aware": true,
                    "Startup Cost": 54588.39,
                    "Total Cost": 54588.39,
                    "Plan Rows": 1186066,
                    "Plan Width": 4,
                    "Actual Startup Time": 429.03,
                    "Actual Total Time": 429.031,
                    "Actual Rows": 1002324,
                    "Actual Loops": 2,
                    "Hash Buckets": 2097152,
                    "Original Hash Buckets": 2097152,
                    "Hash Batches": 1,
                    "Original Hash Batches": 1,
                    "Peak Memory Usage": 94848,
                    "Plans": [
                      {
                        "Node Type": "Seq Scan",
                        "Parent Relationship": "Outer",
                        "Parallel Aware": true,
                        "Relation Name": "title",
                        "Alias": "t",
                        "Startup Cost": 0.0,
                        "Total Cost": 54588.39,
                        "Plan Rows": 1186066,
                        "Plan Width": 4,
                        "Actual Startup Time": 0.029,
                        "Actual Total Time": 179.79,
                        "Actual Rows": 1002324,
                        "Actual Loops": 2,
                        "Filter": "(production_year > 1975)",
                        "Rows Removed by Filter": 261832
                      }
                    ]
                  }
                ]
              }
            ]
          }
        ]
      }
    ]
  },
  "Planning Time": 0.4,
  "Triggers": [],
  "Execution Time": 9150.125
}