[
  {
    "Plan": {
      "Node Type": "Aggregate",
      "Strategy": "Plain",
      "Partial Mode": "Finalize",
      "Parallel Aware": false,
      "Startup Cost": 76704.76,
      "Total Cost": 76704.77,
      "Plan Rows": 1,
      "Plan Width": 8,
      "Actual Startup Time": 111.157,
      "Actual Total Time": 126.442,
      "Actual Rows": 1,
      "Actual Loops": 1,
      "Plans": [
        {
          "Node Type": "Gather",
          "Parent Relationship": "Outer",
          "Parallel Aware": false,
          "Startup Cost": 76704.34,
          "Total Cost": 76704.75,
          "Plan Rows": 4,
          "Plan Width": 8,
          "Actual Startup Time": 111.006,
          "Actual Total Time": 126.435,
          "Actual Rows": 5,
          "Actual Loops": 1,
          "Workers Planned": 4,
          "Workers Launched": 4,
          "Single Copy": false,
          "Plans": [
            {
              "Node Type": "Aggregate",
              "Strategy": "Plain",
              "Partial Mode": "Partial",
              "Parent Relationship": "Outer",
              "Parallel Aware": false,
              "Startup Cost": 75704.34,
              "Total Cost": 75704.35,
              "Plan Rows": 1,
              "Plan Width": 8,
              "Actual Startup Time": 103.631,
              "Actual Total Time": 103.632,
              "Actual Rows": 1,
              "Actual Loops": 5,
              "Plans": [
                {
                  "Node Type": "Nested Loop",
                  "Parent Relationship": "Outer",
                  "Parallel Aware": false,
                  "Join Type": "Inner",
                  "Startup Cost": 0.43,
                  "Total Cost": 75686.65,
                  "Plan Rows": 7077,
                  "Plan Width": 0,
                  "Actual Startup Time": 54.63,
                  "Actual Total Time": 102.914,
                  "Actual Rows": 13767,
                  "Actual Loops": 5,
                  "Inner Unique": false,
                  "Plans": [
                    {
                      "Node Type": "Seq Scan",
                      "Parent Relationship": "Outer",
                      "Parallel Aware": true,
                      "Relation Name": "title",
                      "Alias": "t",
                      "Startup Cost": 0.0,
                      "Total Cost": 45479.59,
                      "Plan Rows": 3956,
                      "Plan Width": 4,
                      "Actual Startup Time": 53.504,
                      "Actual Total Time": 81.373,
                      "Actual Rows": 1941,
                      "Actual Loops": 5,
                      "Filter": "((kind_id < 2) AND (production_year = 2002))",
                      "Rows Removed by Filter": 503722
                    },
                    {
                      "Node Type": "Index Only Scan",
                      "Parent Relationship": "Inner",
                      "Parallel Aware": false,
                      "Scan Direction": "Forward",
                      "Index Name": "movie_id_movie_keyword",
                      "Relation Name": "movie_keyword",
                      "Alias": "mk",
                      "Startup Cost": 0.43,
                      "Total Cost": 7.18,
                      "Plan Rows": 46,
                      "Plan Width": 4,
                      "Actual Startup Time": 0.009,
                      "Actual Total Time": 0.01,
                      "Actual Rows": 7,
                      "Actual Loops": 9704,
                      "Index Cond": "(movie_id = t.id)",
                      "Rows Removed by Index Recheck": 0,
                      "Heap Fetches": 68834
                    }
                  ]
                }
              ]
            }
          ]
        }
      ]
    },
    "Planning Time": 0.274,
    "Triggers": [],
    "Execution Time": 126.481
  }
]