[
  {
    "Plan": {
      "Node Type": "Aggregate",
      "Strategy": "Plain",
      "Partial Mode": "Finalize",
      "Parallel Aware": false,
      "Startup Cost": 77405.69,
      "Total Cost": 77405.7,
      "Plan Rows": 1,
      "Plan Width": 8,
      "Actual Startup Time": 116.095,
      "Actual Total Time": 130.88,
      "Actual Rows": 1,
      "Actual Loops": 1,
      "Plans": [
        {
          "Node Type": "Gather",
          "Parent Relationship": "Outer",
          "Parallel Aware": false,
          "Startup Cost": 77405.27,
          "Total Cost": 77405.68,
          "Plan Rows": 4,
          "Plan Width": 8,
          "Actual Startup Time": 115.864,
          "Actual Total Time": 130.87,
          "Actual Rows": 5,
          "Actual Loops": 1,
          "Workers Planned": 4,
          "Workers Launched": 4,
          "Single Copy": false,
          "Plans": [
            {
              "Node Type": "Aggregate",
              "Strategy": "Plain",
              "Partial Mode": "Partial",
              "Parent Relationship": "Outer",
              "Parallel Aware": false,
              "Startup Cost": 76405.27,
              "Total Cost": 76405.28,
              "Plan Rows": 1,
              "Plan Width": 8,
              "Actual Startup Time": 106.413,
              "Actual Total Time": 106.415,
              "Actual Rows": 1,
              "Actual Loops": 5,
              "Plans": [
                {
                  "Node Type": "Nested Loop",
                  "Parent Relationship": "Outer",
                  "Parallel Aware": false,
                  "Join Type": "Inner",
                  "Startup Cost": 0.43,
                  "Total Cost": 76386.98,
                  "Plan Rows": 7318,
                  "Plan Width": 0,
                  "Actual Startup Time": 59.211,
                  "Actual Total Time": 105.791,
                  "Actual Rows": 13767,
                  "Actual Loops": 5,
                  "Inner Unique": false,
                  "Plans": [
                    {
                      "Node Type": "Seq Scan",
                      "Parent Relationship": "Outer",
                      "Parallel Aware": true,
                      "Relation Name": "title",
                      "Alias": "t",
                      "Startup Cost": 0.0,
                      "Total Cost": 45479.1,
                      "Plan Rows": 4090,
                      "Plan Width": 4,
                      "Actual Startup Time": 57.642,
                      "Actual Total Time": 83.702,
                      "Actual Rows": 1941,
                      "Actual Loops": 5,
                      "Filter": "((kind_id < 2) AND (production_year = 2002))",
                      "Rows Removed by Filter": 503722
                    },
                    {
                      "Node Type": "Index Only Scan",
                      "Parent Relationship": "Inner",
                      "Parallel Aware": false,
                      "Scan Direction": "Forward",
                      "Index Name": "movie_id_movie_keyword",
                      "Relation Name": "movie_keyword",
                      "Alias": "mk",
                      "Startup Cost": 0.43,
                      "Total Cost": 7.11,
                      "Plan Rows": 45,
                      "Plan Width": 4,
                      "Actual Startup Time": 0.009,
                      "Actual Total Time": 0.01,
                      "Actual Rows": 7,
                      "Actual Loops": 9704,
                      "Index Cond": "(movie_id = t.id)",
                      "Rows Removed by Index Recheck": 0,
                      "Heap Fetches": 68834
                    }
                  ]
                }
              ]
            }
          ]
        }
      ]
    },
    "Planning Time": 0.597,
    "Triggers": [],
    "Execution Time": 130.961
  }
]