[
  {
    "Plan": {
      "Node Type": "Aggregate",
      "Strategy": "Plain",
      "Partial Mode": "Finalize",
      "Parallel Aware": false,
      "Startup Cost": 32908.2,
      "Total Cost": 32908.21,
      "Plan Rows": 1,
      "Plan Width": 8,
      "Actual Startup Time": 110.54,
      "Actual Total Time": 119.226,
      "Actual Rows": 1,
      "Actual Loops": 1,
      "Plans": [
        {
          "Node Type": "Gather",
          "Parent Relationship": "Outer",
          "Parallel Aware": false,
          "Startup Cost": 32907.88,
          "Total Cost": 32908.19,
          "Plan Rows": 3,
          "Plan Width": 8,
          "Actual Startup Time": 110.411,
          "Actual Total Time": 119.208,
          "Actual Rows": 4,
          "Actual Loops": 1,
          "Workers Planned": 3,
          "Workers Launched": 3,
          "Single Copy": false,
          "Plans": [
            {
              "Node Type": "Aggregate",
              "Strategy": "Plain",
              "Partial Mode": "Partial",
              "Parent Relationship": "Outer",
              "Parallel Aware": false,
              "Startup Cost": 31907.88,
              "Total Cost": 31907.89,
              "Plan Rows": 1,
              "Plan Width": 8,
              "Actual Startup Time": 102.146,
              "Actual Total Time": 102.148,
              "Actual Rows": 1,
              "Actual Loops": 4,
              "Plans": [
                {
                  "Node Type": "Seq Scan",
                  "Parent Relationship": "Outer",
                  "Parallel Aware": true,
                  "Relation Name": "movie_companies",
                  "Alias": "mc",
                  "Startup Cost": 0.0,
                  "Total Cost": 31414.82,
                  "Plan Rows": 197225,
                  "Plan Width": 0,
                  "Actual Startup Time": 48.042,
                  "Actual Total Time": 90.7,
                  "Actual Rows": 219849,
                  "Actual Loops": 4,
                  "Filter": "((company_id > 12526) AND (company_type_id > 1))",
                  "Rows Removed by Filter": 432433
                }
              ]
            }
          ]
        }
      ]
    },
    "Planning Time": 0.118,
    "Triggers": [],
    "Execution Time": 119.267
  }
]