[
  {
    "Plan": {
      "Node Type": "Aggregate",
      "Strategy": "Plain",
      "Partial Mode": "Finalize",
      "Parallel Aware": false,
      "Startup Cost": 30303.87,
      "Total Cost": 30303.88,
      "Plan Rows": 1,
      "Plan Width": 8,
      "Actual Startup Time": 44.232,
      "Actual Total Time": 53.038,
      "Actual Rows": 1,
      "Actual Loops": 1,
      "Plans": [
        {
          "Node Type": "Gather",
          "Parent Relationship": "Outer",
          "Parallel Aware": false,
          "Startup Cost": 30303.66,
          "Total Cost": 30303.87,
          "Plan Rows": 2,
          "Plan Width": 8,
          "Actual Startup Time": 43.985,
          "Actual Total Time": 53.02,
          "Actual Rows": 3,
          "Actual Loops": 1,
          "Workers Planned": 2,
          "Workers Launched": 2,
          "Single Copy": false,
          "Plans": [
            {
              "Node Type": "Aggregate",
              "Strategy": "Plain",
              "Partial Mode": "Partial",
              "Parent Relationship": "Outer",
              "Parallel Aware": false,
              "Startup Cost": 29303.66,
              "Total Cost": 29303.67,
              "Plan Rows": 1,
              "Plan Width": 8,
              "Actual Startup Time": 40.0,
              "Actual Total Time": 40.002,
              "Actual Rows": 1,
              "Actual Loops": 3,
              "Plans": [
                {
                  "Node Type": "Nested Loop",
                  "Parent Relationship": "Outer",
                  "Parallel Aware": false,
                  "Join Type": "Inner",
                  "Startup Cost": 174.28,
                  "Total Cost": 29303.64,
                  "Plan Rows": 5,
                  "Plan Width": 0,
                  "Actual Startup Time": 4.711,
                  "Actual Total Time": 39.981,
                  "Actual Rows": 45,
                  "Actual Loops": 3,
                  "Inner Unique": true,
                  "Join Filter": "(mc.movie_id = t.id)",
                  "Rows Removed by Join Filter": 0,
                  "Plans": [
                    {
                      "Node Type": "Nested Loop",
                      "Parent Relationship": "Outer",
                      "Parallel Aware": false,
                      "Join Type": "Inner",
                      "Startup Cost": 173.85,
                      "Total Cost": 29143.84,
                      "Plan Rows": 23,
                      "Plan Width": 8,
                      "Actual Startup Time": 4.601,
                      "Actual Total Time": 38.858,
                      "Actual Rows": 45,
                      "Actual Loops": 3,
                      "Inner Unique": false,
                      "Plans": [
                        {
                          "Node Type": "Bitmap Heap Scan",
                          "Parent Relationship": "Outer",
                          "Parallel Aware": true,
                          "Relation Name": "movie_companies",
                          "Alias": "mc",
                          "Startup Cost": 173.42,
                          "Total Cost": 14884.67,
                          "Plan Rows": 1630,
                          "Plan Width": 4,
                          "Actual Startup Time": 3.483,
                          "Actual Total Time": 13.327,
                          "Actual Rows": 1458,
                          "Actual Loops": 3,
                          "Recheck Cond": "(company_id = 159)",
                          "Rows Removed by Index Recheck": 0,
                          "Filter": "(company_type_id = 1)",
                          "Rows Removed by Filter": 1062,
                          "Exact Heap Blocks": 2740,
                          "Lossy Heap Blocks": 0,
                          "Plans": [
                            {
                              "Node Type": "Bitmap Index Scan",
                              "Parent Relationship": "Outer",
                              "Parallel Aware": false,
                              "Index Name": "company_id_movie_companies",
                              "Startup Cost": 0.0,
                              "Total Cost": 172.44,
                              "Plan Rows": 8001,
                              "Plan Width": 0,
                              "Actual Startup Time": 4.612,
                              "Actual Total Time": 4.612,
                              "Actual Rows": 7560,
                              "Actual Loops": 1,
                              "Index Cond": "(company_id = 159)"
                            }
                          ]
                        },
                        {
                          "Node Type": "Index Scan",
                          "Parent Relationship": "Inner",
                          "Parallel Aware": false,
                          "Scan Direction": "Forward",
                          "Index Name": "movie_id_movie_keyword",
                          "Relation Name": "movie_keyword",
                          "Alias": "mk",
                          "Startup Cost": 0.43,
                          "Total Cost": 8.74,
                          "Plan Rows": 1,
                          "Plan Width": 4,
                          "Actual Startup Time": 0.017,
                          "Actual Total Time": 0.017,
                          "Actual Rows": 0,
                          "Actual Loops": 4375,
                          "Index Cond": "(movie_id = mc.movie_id)",
                          "Rows Removed by Index Recheck": 0,
                          "Filter": "(keyword_id = 2879)",
                          "Rows Removed by Filter": 26
                        }
                      ]
                    },
                    {
                      "Node Type": "Index Only Scan",
                      "Parent Relationship": "Inner",
                      "Parallel Aware": false,
                      "Scan Direction": "Forward",
                      "Index Name": "title_pkey",
                      "Relation Name": "title",
                      "Alias": "t",
                      "Startup Cost": 0.43,
                      "Total Cost": 6.94,
                      "Plan Rows": 1,
                      "Plan Width": 4,
                      "Actual Startup Time": 0.024,
                      "Actual Total Time": 0.024,
                      "Actual Rows": 1,
                      "Actual Loops": 134,
                      "Index Cond": "(id = mk.movie_id)",
                      "Rows Removed by Index Recheck": 0,
                      "Heap Fetches": 134
                    }
                  ]
                }
              ]
            }
          ]
        }
      ]
    },
    "Planning Time": 1.276,
    "Triggers": [],
    "Execution Time": 53.126
  }
]