[
  {
    "Plan": {
      "Node Type": "Aggregate",
      "Strategy": "Plain",
      "Partial Mode": "Finalize",
      "Parallel Aware": false,
      "Startup Cost": 46502.55,
      "Total Cost": 46502.56,
      "Plan Rows": 1,
      "Plan Width": 8,
      "Actual Startup Time": 200.6,
      "Actual Total Time": 210.921,
      "Actual Rows": 1,
      "Actual Loops": 1,
      "Plans": [
        {
          "Node Type": "Gather",
          "Parent Relationship": "Outer",
          "Parallel Aware": false,
          "Startup Cost": 46502.23,
          "Total Cost": 46502.54,
          "Plan Rows": 3,
          "Plan Width": 8,
          "Actual Startup Time": 200.484,
          "Actual Total Time": 210.91,
          "Actual Rows": 4,
          "Actual Loops": 1,
          "Workers Planned": 3,
          "Workers Launched": 3,
          "Single Copy": false,
          "Plans": [
            {
              "Node Type": "Aggregate",
              "Strategy": "Plain",
              "Partial Mode": "Partial",
              "Parent Relationship": "Outer",
              "Parallel Aware": false,
              "Startup Cost": 45502.23,
              "Total Cost": 45502.24,
              "Plan Rows": 1,
              "Plan Width": 8,
              "Actual Startup Time": 195.936,
              "Actual Total Time": 195.938,
              "Actual Rows": 1,
              "Actual Loops": 4,
              "Plans": [
                {
                  "Node Type": "Seq Scan",
                  "Parent Relationship": "Outer",
                  "Parallel Aware": true,
                  "Relation Name": "movie_keyword",
                  "Alias": "mk",
                  "Startup Cost": 0.0,
                  "Total Cost": 42695.65,
                  "Plan Rows": 1122630,
                  "Plan Width": 0,
                  "Actual Startup Time": 0.075,
                  "Actual Total Time": 147.055,
                  "Actual Rows": 869889,
                  "Actual Loops": 4,
                  "Filter": "(keyword_id > 1038)",
                  "Rows Removed by Filter": 261094
                }
              ]
            }
          ]
        }
      ]
    },
    "Planning Time": 0.192,
    "Triggers": [],
    "Execution Time": 210.977
  }
]