{
  "Plan": {
    "Node Type": "Aggregate",
    "Strategy": "Plain",
    "Partial Mode": "Finalize",
    "Parallel Aware": false,
    "Startup Cost": 624795.41,
    "Total Cost": 624795.42,
    "Plan Rows": 1,
    "Plan Width": 8,
    "Actual Startup Time": 721.325,
    "Actual Total Time": 766.593,
    "Actual Rows": 1,
    "Actual Loops": 1,
    "Plans": [
      {
        "Node Type": "Gather",
        "Parent Relationship": "Outer",
        "Parallel Aware": false,
        "Startup Cost": 624795.29,
        "Total Cost": 624795.4,
        "Plan Rows": 1,
        "Plan Width": 8,
        "Actual Startup Time": 720.988,
        "Actual Total Time": 766.585,
        "Actual Rows": 2,
        "Actual Loops": 1,
        "Workers Planned": 1,
        "Workers Launched": 1,
        "Single Copy": false,
        "Plans": [
          {
            "Node Type": "Aggregate",
            "Strategy": "Plain",
            "Partial Mode": "Partial",
            "Parent Relationship": "Outer",
            "Parallel Aware": false,
            "Startup Cost": 623795.29,
            "Total Cost": 623795.3,
            "Plan Rows": 1,
            "Plan Width": 8,
            "Actual Startup Time": 714.906,
            "Actual Total Time": 714.91,
            "Actual Rows": 1,
            "Actual Loops": 2,
            "Plans": [
              {
                "Node Type": "Hash Join",
                "Parent Relationship": "Outer",
                "Parallel Aware": true,
                "Join Type": "Inner",
                "Startup Cost": 533879.4,
                "Total Cost": 623502.94,
                "Plan Rows": 116941,
                "Plan Width": 0,
                "Actual Startup Time": 320.05,
                "Actual Total Time": 681.96,
                "Actual Rows": 809146,
                "Actual Loops": 2,
                "Inner Unique": false,
                "Hash Cond": "(mk.movie_id = t.id)",
                "Plans": [
                  {
                    "Node Type": "Seq Scan",
                    "Parent Relationship": "Outer",
                    "Parallel Aware": true,
                    "Relation Name": "movie_keyword",
                    "Alias": "mk",
                    "Startup Cost": 0.0,
                    "Total Cost": 57718.19,
                    "Plan Rows": 2497398,
                    "Plan Width": 4,
                    "Actual Startup Time": 0.017,
                    "Actual Total Time": 189.653,
                    "Actual Rows": 2115222,
                    "Actual Loops": 2,
                    "Filter": "(keyword_id > 236)",
                    "Rows Removed by Filter": 146742
                  },
                  {
                    "Node Type": "Hash",
                    "Parent Relationship": "Inner",
                    "Parallel Aware": true,
                    "Startup Cost": 533008.91,
                    "Total Cost": 533008.91,
                    "Plan Rows": 69639,
                    "Plan Width": 8,
                    "Actual Startup Time": 317.402,
                    "Actual Total Time": 317.404,
                    "Actual Rows": 66310,
                    "Actual Loops": 2,
                    "Hash Buckets": 262144,
                    "Original Hash Buckets": 131072,
                    "Hash Batches": 1,
                    "Original Hash Batches": 1,
                    "Peak Memory Usage": 8320,
                    "Plans": [
                      {
                        "Node Type": "Nested Loop",
                        "Parent Relationship": "Outer",
                        "Parallel Aware": false,
                        "Join Type": "Inner",
                        "Startup Cost": 0.56,
                        "Total Cost": 533008.91,
                        "Plan Rows": 69639,
                        "Plan Width": 8,
                        "Actual Startup Time": 0.689,
                        "Actual Total Time": 298.623,
                        "Actual Rows": 66310,
                        "Actual Loops": 2,
                        "Inner Unique": false,
                        "Plans": [
                          {
                            "Node Type": "Seq Scan",
                            "Parent Relationship": "Outer",
                            "Parallel Aware": true,
                            "Relation Name": "title",
                            "Alias": "t",
                            "Startup Cost": 0.0,
                            "Total Cost": 58306.47,
                            "Plan Rows": 4860,
                            "Plan Width": 4,
                            "Actual Startup Time": 0.349,
                            "Actual Total Time": 122.723,
                            "Actual Rows": 3926,
                            "Actual Loops": 2,
                            "Filter": "((kind_id < 7) AND (production_year = 1986))",
                            "Rows Removed by Filter": 1260230
                          },
                          {
                            "Node Type": "Index Only Scan",
                            "Parent Relationship": "Inner",
                            "Parallel Aware": false,
                            "Scan Direction": "Forward",
                            "Index Name": "movie_id_cast_info",
                            "Relation Name": "cast_info",
                            "Alias": "ci",
                            "Startup Cost": 0.56,
                            "Total Cost": 97.31,
                            "Plan Rows": 37,
                            "Plan Width": 4,
                            "Actual Startup Time": 0.011,
                            "Actual Total Time": 0.043,
                            "Actual Rows": 17,
                            "Actual Loops": 7852,
                            "Index Cond": "(movie_id = t.id)",
                            "Rows Removed by Index Recheck": 0,
                            "Heap Fetches": 132621
                          }
                        ]
                      }
                    ]
                  }
                ]
              }
            ]
          }
        ]
      }
    ]
  },
  "Planning Time": 0.946,
  "Triggers": [],
  "Execution Time": 766.692
}