{
  "Plan": {
    "Node Type": "Aggregate",
    "Strategy": "Plain",
    "Partial Mode": "Finalize",
    "Parallel Aware": false,
    "Startup Cost": 893601.32,
    "Total Cost": 893601.33,
    "Plan Rows": 1,
    "Plan Width": 8,
    "Actual Startup Time": 5533.743,
    "Actual Total Time": 5609.504,
    "Actual Rows": 1,
    "Actual Loops": 1,
    "Plans": [
      {
        "Node Type": "Gather",
        "Parent Relationship": "Outer",
        "Parallel Aware": false,
        "Startup Cost": 893601.21,
        "Total Cost": 893601.32,
        "Plan Rows": 1,
        "Plan Width": 8,
        "Actual Startup Time": 5528.852,
        "Actual Total Time": 5609.496,
        "Actual Rows": 2,
        "Actual Loops": 1,
        "Workers Planned": 1,
        "Workers Launched": 1,
        "Single Copy": false,
        "Plans": [
          {
            "Node Type": "Aggregate",
            "Strategy": "Plain",
            "Partial Mode": "Partial",
            "Parent Relationship": "Outer",
            "Parallel Aware": false,
            "Startup Cost": 892601.21,
            "Total Cost": 892601.22,
            "Plan Rows": 1,
            "Plan Width": 8,
            "Actual Startup Time": 5515.496,
            "Actual Total Time": 5515.501,
            "Actual Rows": 1,
            "Actual Loops": 2,
            "Plans": [
              {
                "Node Type": "Hash Join",
                "Parent Relationship": "Outer",
                "Parallel Aware": true,
                "Join Type": "Inner",
                "Startup Cost": 662391.63,
                "Total Cost": 888010.03,
                "Plan Rows": 1836473,
                "Plan Width": 0,
                "Actual Startup Time": 4179.723,
                "Actual Total Time": 5364.415,
                "Actual Rows": 3944032,
                "Actual Loops": 2,
                "Inner Unique": false,
                "Hash Cond": "(mi.movie_id = t.id)",
                "Plans": [
                  {
                    "Node Type": "Bitmap Heap Scan",
                    "Parent Relationship": "Outer",
                    "Parallel Aware": true,
                    "Relation Name": "movie_info",
                    "Alias": "mi",
                    "Startup Cost": 65065.95,
                    "Total Cost": 253470.26,
                    "Plan Rows": 2112905,
                    "Plan Width": 4,
                    "Actual Startup Time": 132.774,
                    "Actual Total Time": 292.039,
                    "Actual Rows": 1812488,
                    "Actual Loops": 2,
                    "Recheck Cond": "(info_type_id < 4)",
                    "Rows Removed by Index Recheck": 0,
                    "Exact Heap Blocks": 12106,
                    "Lossy Heap Blocks": 0,
                    "Plans": [
                      {
                        "Node Type": "Bitmap Index Scan",
                        "Parent Relationship": "Outer",
                        "Parallel Aware": false,
                        "Index Name": "info_type_id_movie_info",
                        "Startup Cost": 0.0,
                        "Total Cost": 64167.97,
                        "Plan Rows": 3591938,
                        "Plan Width": 0,
                        "Actual Startup Time": 129.282,
                        "Actual Total Time": 129.283,
                        "Actual Rows": 3624977,
                        "Actual Loops": 1,
                        "Index Cond": "(info_type_id < 4)"
                      }
                    ]
                  },
                  {
                    "Node Type": "Hash",
                    "Parent Relationship": "Inner",
                    "Parallel Aware": true,
                    "Startup Cost": 581167.47,
                    "Total Cost": 581167.47,
                    "Plan Rows": 1292656,
                    "Plan Width": 8,
                    "Actual Startup Time": 4024.596,
                    "Actual Total Time": 4024.6,
                    "Actual Rows": 1051002,
                    "Actual Loops": 2,
                    "Hash Buckets": 4194304,
                    "Original Hash Buckets": 4194304,
                    "Hash Batches": 1,
                    "Original Hash Batches": 1,
                    "Peak Memory Usage": 115040,
                    "Plans": [
                      {
                        "Node Type": "Hash Join",
                        "Parent Relationship": "Outer",
                        "Parallel Aware": true,
                        "Join Type": "Inner",
                        "Startup Cost": 59434.12,
                        "Total Cost": 581167.47,
                        "Plan Rows": 1292656,
                        "Plan Width": 8,
                        "Actual Startup Time": 151.462,
                        "Actual Total Time": 3692.179,
                        "Actual Rows": 1051002,
                        "Actual Loops": 2,
                        "Inner Unique": true,
                        "Hash Cond": "(ci.movie_id = t.id)",
                        "Plans": [
                          {
                            "Node Type": "Seq Scan",
                            "Parent Relationship": "Outer",
                            "Parallel Aware": true,
                            "Relation Name": "cast_info",
                            "Alias": "ci",
                            "Startup Cost": 0.0,
                            "Total Cost": 465792.95,
                            "Plan Rows": 21310595,
                            "Plan Width": 4,
                            "Actual Startup Time": 0.013,
                            "Actual Total Time": 1330.495,
                            "Actual Rows": 18122172,
                            "Actual Loops": 2
                          },
                          {
                            "Node Type": "Hash",
                            "Parent Relationship": "Inner",
                            "Parallel Aware": true,
                            "Startup Cost": 58306.47,
                            "Total Cost": 58306.47,
                            "Plan Rows": 90212,
                            "Plan Width": 4,
                            "Actual Startup Time": 150.575,
                            "Actual Total Time": 150.576,
                            "Actual Rows": 67380,
                            "Actual Loops": 2,
                            "Hash Buckets": 262144,
                            "Original Hash Buckets": 262144,
                            "Hash Batches": 1,
                            "Original Hash Batches": 1,
                            "Peak Memory Usage": 7360,
                            "Plans": [
                              {
                                "Node Type": "Seq Scan",
                                "Parent Relationship": "Outer",
                                "Parallel Aware": true,
                                "Relation Name": "title",
                                "Alias": "t",
                                "Startup Cost": 0.0,
                                "Total Cost": 58306.47,
                                "Plan Rows": 90212,
                                "Plan Width": 4,
                                "Actual Startup Time": 0.059,
                                "Actual Total Time": 133.04,
                                "Actual Rows": 67380,
                                "Actual Loops": 2,
                                "Filter": "((kind_id < 7) AND (production_year > 2010))",
                                "Rows Removed by Filter": 1196776
                              }
                            ]
                          }
                        ]
                      }
                    ]
                  }
                ]
              }
            ]
          }
        ]
      }
    ]
  },
  "Planning Time": 0.991,
  "Triggers": [],
  "Execution Time": 5609.64
}