[
  {
    "Plan": {
      "Node Type": "Aggregate",
      "Strategy": "Plain",
      "Partial Mode": "Finalize",
      "Parallel Aware": false,
      "Startup Cost": 83833.93,
      "Total Cost": 83833.94,
      "Plan Rows": 1,
      "Plan Width": 8,
      "Actual Startup Time": 442.801,
      "Actual Total Time": 457.605,
      "Actual Rows": 1,
      "Actual Loops": 1,
      "Plans": [
        {
          "Node Type": "Gather",
          "Parent Relationship": "Outer",
          "Parallel Aware": false,
          "Startup Cost": 83833.51,
          "Total Cost": 83833.92,
          "Plan Rows": 4,
          "Plan Width": 8,
          "Actual Startup Time": 434.12,
          "Actual Total Time": 457.584,
          "Actual Rows": 5,
          "Actual Loops": 1,
          "Workers Planned": 4,
          "Workers Launched": 4,
          "Single Copy": false,
          "Plans": [
            {
              "Node Type": "Aggregate",
              "Strategy": "Plain",
              "Partial Mode": "Partial",
              "Parent Relationship": "Outer",
              "Parallel Aware": false,
              "Startup Cost": 82833.51,
              "Total Cost": 82833.52,
              "Plan Rows": 1,
              "Plan Width": 8,
              "Actual Startup Time": 420.646,
              "Actual Total Time": 420.649,
              "Actual Rows": 1,
              "Actual Loops": 5,
              "Plans": [
                {
                  "Node Type": "Hash Join",
                  "Parent Relationship": "Outer",
                  "Parallel Aware": true,
                  "Join Type": "Inner",
                  "Startup Cost": 35798.28,
                  "Total Cost": 82154.07,
                  "Plan Rows": 271775,
                  "Plan Width": 0,
                  "Actual Startup Time": 170.571,
                  "Actual Total Time": 409.284,
                  "Actual Rows": 243294,
                  "Actual Loops": 5,
                  "Inner Unique": false,
                  "Hash Cond": "(t.id = mc.movie_id)",
                  "Plans": [
                    {
                      "Node Type": "Seq Scan",
                      "Parent Relationship": "Outer",
                      "Parallel Aware": true,
                      "Relation Name": "title",
                      "Alias": "t",
                      "Startup Cost": 0.0,
                      "Total Cost": 42318.73,
                      "Plan Rows": 632073,
                      "Plan Width": 4,
                      "Actual Startup Time": 0.013,
                      "Actual Total Time": 65.798,
                      "Actual Rows": 505662,
                      "Actual Loops": 5
                    },
                    {
                      "Node Type": "Hash",
                      "Parent Relationship": "Inner",
                      "Parallel Aware": true,
                      "Startup Cost": 31414.82,
                      "Total Cost": 31414.82,
                      "Plan Rows": 350677,
                      "Plan Width": 4,
                      "Actual Startup Time": 163.841,
                      "Actual Total Time": 163.842,
                      "Actual Rows": 243294,
                      "Actual Loops": 5,
                      "Hash Buckets": 2097152,
                      "Original Hash Buckets": 2097152,
                      "Hash Batches": 1,
                      "Original Hash Batches": 1,
                      "Peak Memory Usage": 64064,
                      "Plans": [
                        {
                          "Node Type": "Seq Scan",
                          "Parent Relationship": "Outer",
                          "Parallel Aware": true,
                          "Relation Name": "movie_companies",
                          "Alias": "mc",
                          "Startup Cost": 0.0,
                          "Total Cost": 31414.82,
                          "Plan Rows": 350677,
                          "Plan Width": 4,
                          "Actual Startup Time": 45.062,
                          "Actual Total Time": 81.948,
                          "Actual Rows": 243294,
                          "Actual Loops": 5,
                          "Filter": "((company_id > 398) AND (company_type_id = 2))",
                          "Rows Removed by Filter": 278532
                        }
                      ]
                    }
                  ]
                }
              ]
            }
          ]
        }
      ]
    },
    "Planning Time": 0.675,
    "Triggers": [],
    "Execution Time": 457.673
  }
]