[
  {
    "Plan": {
      "Node Type": "Aggregate",
      "Strategy": "Plain",
      "Partial Mode": "Finalize",
      "Parallel Aware": false,
      "Startup Cost": 339391.14,
      "Total Cost": 339391.15,
      "Plan Rows": 1,
      "Plan Width": 8,
      "Actual Startup Time": 724.666,
      "Actual Total Time": 755.365,
      "Actual Rows": 1,
      "Actual Loops": 1,
      "Plans": [
        {
          "Node Type": "Gather",
          "Parent Relationship": "Outer",
          "Parallel Aware": false,
          "Startup Cost": 339390.52,
          "Total Cost": 339391.13,
          "Plan Rows": 6,
          "Plan Width": 8,
          "Actual Startup Time": 724.576,
          "Actual Total Time": 755.358,
          "Actual Rows": 7,
          "Actual Loops": 1,
          "Workers Planned": 6,
          "Workers Launched": 6,
          "Single Copy": false,
          "Plans": [
            {
              "Node Type": "Aggregate",
              "Strategy": "Plain",
              "Partial Mode": "Partial",
              "Parent Relationship": "Outer",
              "Parallel Aware": false,
              "Startup Cost": 338390.52,
              "Total Cost": 338390.53,
              "Plan Rows": 1,
              "Plan Width": 8,
              "Actual Startup Time": 717.0,
              "Actual Total Time": 717.001,
              "Actual Rows": 1,
              "Actual Loops": 7,
              "Plans": [
                {
                  "Node Type": "Seq Scan",
                  "Parent Relationship": "Outer",
                  "Parallel Aware": true,
                  "Relation Name": "cast_info",
                  "Alias": "ci",
                  "Startup Cost": 0.0,
                  "Total Cost": 328213.62,
                  "Plan Rows": 4070760,
                  "Plan Width": 0,
                  "Actual Startup Time": 0.048,
                  "Actual Total Time": 562.019,
                  "Actual Rows": 3470263,
                  "Actual Loops": 7,
                  "Filter": "(person_id < 2494377)",
                  "Rows Removed by Filter": 1707500
                }
              ]
            }
          ]
        }
      ]
    },
    "Planning Time": 0.053,
    "Triggers": [],
    "Execution Time": 755.389
  }
]