[
  {
    "Plan": {
      "Node Type": "Aggregate",
      "Strategy": "Plain",
      "Partial Mode": "Finalize",
      "Parallel Aware": false,
      "Startup Cost": 339261.55,
      "Total Cost": 339261.56,
      "Plan Rows": 1,
      "Plan Width": 8,
      "Actual Startup Time": 741.934,
      "Actual Total Time": 803.979,
      "Actual Rows": 1,
      "Actual Loops": 1,
      "Plans": [
        {
          "Node Type": "Gather",
          "Parent Relationship": "Outer",
          "Parallel Aware": false,
          "Startup Cost": 339260.93,
          "Total Cost": 339261.54,
          "Plan Rows": 6,
          "Plan Width": 8,
          "Actual Startup Time": 741.804,
          "Actual Total Time": 803.971,
          "Actual Rows": 7,
          "Actual Loops": 1,
          "Workers Planned": 6,
          "Workers Launched": 6,
          "Single Copy": false,
          "Plans": [
            {
              "Node Type": "Aggregate",
              "Strategy": "Plain",
              "Partial Mode": "Partial",
              "Parent Relationship": "Outer",
              "Parallel Aware": false,
              "Startup Cost": 338260.93,
              "Total Cost": 338260.94,
              "Plan Rows": 1,
              "Plan Width": 8,
              "Actual Startup Time": 733.476,
              "Actual Total Time": 733.476,
              "Actual Rows": 1,
              "Actual Loops": 7,
              "Plans": [
                {
                  "Node Type": "Seq Scan",
                  "Parent Relationship": "Outer",
                  "Parallel Aware": true,
                  "Relation Name": "cast_info",
                  "Alias": "ci",
                  "Startup Cost": 0.0,
                  "Total Cost": 328162.03,
                  "Plan Rows": 4039560,
                  "Plan Width": 0,
                  "Actual Startup Time": 0.05,
                  "Actual Total Time": 592.187,
                  "Actual Rows": 3470263,
                  "Actual Loops": 7,
                  "Filter": "(person_id < 2494377)",
                  "Rows Removed by Filter": 1707500
                }
              ]
            }
          ]
        }
      ]
    },
    "Planning Time": 0.125,
    "Triggers": [],
    "Execution Time": 804.037
  }
]