[
  {
    "Plan": {
      "Node Type": "Aggregate",
      "Strategy": "Plain",
      "Partial Mode": "Finalize",
      "Parallel Aware": false,
      "Startup Cost": 44826.07,
      "Total Cost": 44826.08,
      "Plan Rows": 1,
      "Plan Width": 8,
      "Actual Startup Time": 169.641,
      "Actual Total Time": 180.439,
      "Actual Rows": 1,
      "Actual Loops": 1,
      "Plans": [
        {
          "Node Type": "Gather",
          "Parent Relationship": "Outer",
          "Parallel Aware": false,
          "Startup Cost": 44825.76,
          "Total Cost": 44826.07,
          "Plan Rows": 3,
          "Plan Width": 8,
          "Actual Startup Time": 169.466,
          "Actual Total Time": 180.427,
          "Actual Rows": 4,
          "Actual Loops": 1,
          "Workers Planned": 3,
          "Workers Launched": 3,
          "Single Copy": false,
          "Plans": [
            {
              "Node Type": "Aggregate",
              "Strategy": "Plain",
              "Partial Mode": "Partial",
              "Parent Relationship": "Outer",
              "Parallel Aware": false,
              "Startup Cost": 43825.76,
              "Total Cost": 43825.77,
              "Plan Rows": 1,
              "Plan Width": 8,
              "Actual Startup Time": 164.842,
              "Actual Total Time": 164.843,
              "Actual Rows": 1,
              "Actual Loops": 4,
              "Plans": [
                {
                  "Node Type": "Seq Scan",
                  "Parent Relationship": "Outer",
                  "Parallel Aware": true,
                  "Relation Name": "movie_keyword",
                  "Alias": "mk",
                  "Startup Cost": 0.0,
                  "Total Cost": 42695.65,
                  "Plan Rows": 452041,
                  "Plan Width": 0,
                  "Actual Startup Time": 0.033,
                  "Actual Total Time": 145.279,
                  "Actual Rows": 350564,
                  "Actual Loops": 4,
                  "Filter": "(keyword_id < 1906)",
                  "Rows Removed by Filter": 780418
                }
              ]
            }
          ]
        }
      ]
    },
    "Planning Time": 0.189,
    "Triggers": [],
    "Execution Time": 180.496
  }
]