[
  {
    "Plan": {
      "Node Type": "Aggregate",
      "Strategy": "Plain",
      "Partial Mode": "Finalize",
      "Parallel Aware": false,
      "Startup Cost": 122510.61,
      "Total Cost": 122510.62,
      "Plan Rows": 1,
      "Plan Width": 8,
      "Actual Startup Time": 484.802,
      "Actual Total Time": 504.879,
      "Actual Rows": 1,
      "Actual Loops": 1,
      "Plans": [
        {
          "Node Type": "Gather",
          "Parent Relationship": "Outer",
          "Parallel Aware": false,
          "Startup Cost": 122510.29,
          "Total Cost": 122510.6,
          "Plan Rows": 3,
          "Plan Width": 8,
          "Actual Startup Time": 482.097,
          "Actual Total Time": 504.871,
          "Actual Rows": 4,
          "Actual Loops": 1,
          "Workers Planned": 3,
          "Workers Launched": 3,
          "Single Copy": false,
          "Plans": [
            {
              "Node Type": "Aggregate",
              "Strategy": "Plain",
              "Partial Mode": "Partial",
              "Parent Relationship": "Outer",
              "Parallel Aware": false,
              "Startup Cost": 121510.29,
              "Total Cost": 121510.3,
              "Plan Rows": 1,
              "Plan Width": 8,
              "Actual Startup Time": 474.792,
              "Actual Total Time": 474.896,
              "Actual Rows": 1,
              "Actual Loops": 4,
              "Plans": [
                {
                  "Node Type": "Hash Join",
                  "Parent Relationship": "Outer",
                  "Parallel Aware": true,
                  "Join Type": "Inner",
                  "Startup Cost": 76478.18,
                  "Total Cost": 121286.61,
                  "Plan Rows": 89472,
                  "Plan Width": 0,
                  "Actual Startup Time": 253.884,
                  "Actual Total Time": 454.46,
                  "Actual Rows": 496592,
                  "Actual Loops": 4,
                  "Inner Unique": false,
                  "Hash Cond": "(mk.movie_id = t.id)",
                  "Plans": [
                    {
                      "Node Type": "Seq Scan",
                      "Parent Relationship": "Outer",
                      "Parallel Aware": true,
                      "Relation Name": "movie_keyword",
                      "Alias": "mk",
                      "Startup Cost": 0.0,
                      "Total Cost": 39047.32,
                      "Plan Rows": 1459332,
                      "Plan Width": 4,
                      "Actual Startup Time": 0.035,
                      "Actual Total Time": 77.693,
                      "Actual Rows": 1130982,
                      "Actual Loops": 4
                    },
                    {
                      "Node Type": "Hash",
                      "Parent Relationship": "Inner",
                      "Parallel Aware": true,
                      "Startup Cost": 75853.1,
                      "Total Cost": 75853.1,
                      "Plan Rows": 50006,
                      "Plan Width": 8,
                      "Actual Startup Time": 252.375,
                      "Actual Total Time": 252.478,
                      "Actual Rows": 59386,
                      "Actual Loops": 4,
                      "Hash Buckets": 262144,
                      "Original Hash Buckets": 262144,
                      "Hash Batches": 1,
                      "Original Hash Batches": 1,
                      "Peak Memory Usage": 11392,
                      "Plans": [
                        {
                          "Node Type": "Hash Join",
                          "Parent Relationship": "Outer",
                          "Parallel Aware": true,
                          "Join Type": "Inner",
                          "Startup Cost": 46063.08,
                          "Total Cost": 75853.1,
                          "Plan Rows": 50006,
                          "Plan Width": 8,
                          "Actual Startup Time": 142.822,
                          "Actual Total Time": 237.688,
                          "Actual Rows": 59386,
                          "Actual Loops": 4,
                          "Inner Unique": true,
                          "Hash Cond": "(mc.movie_id = t.id)",
                          "Plans": [
                            {
                              "Node Type": "Seq Scan",
                              "Parent Relationship": "Outer",
                              "Parallel Aware": true,
                              "Relation Name": "movie_companies",
                              "Alias": "mc",
                              "Startup Cost": 0.0,
                              "Total Cost": 29310.68,
                              "Plan Rows": 182604,
                              "Plan Width": 4,
                              "Actual Startup Time": 0.009,
                              "Actual Total Time": 55.602,
                              "Actual Rows": 140420,
                              "Actual Loops": 4,
                              "Filter": "(company_id < 596)",
                              "Rows Removed by Filter": 511863
                            },
                            {
                              "Node Type": "Hash",
                              "Parent Relationship": "Inner",
                              "Parallel Aware": true,
                              "Startup Cost": 43899.32,
                              "Total Cost": 43899.32,
                              "Plan Rows": 173101,
                              "Plan Width": 4,
                              "Actual Startup Time": 140.884,
                              "Actual Total Time": 140.885,
                              "Actual Rows": 176796,
                              "Actual Loops": 4,
                              "Hash Buckets": 1048576,
                              "Original Hash Buckets": 1048576,
                              "Hash Batches": 1,
                              "Original Hash Batches": 1,
                              "Peak Memory Usage": 35936,
                              "Plans": [
                                {
                                  "Node Type": "Seq Scan",
                                  "Parent Relationship": "Outer",
                                  "Parallel Aware": true,
                                  "Relation Name": "title",
                                  "Alias": "t",
                                  "Startup Cost": 0.0,
                                  "Total Cost": 43899.32,
                                  "Plan Rows": 173101,
                                  "Plan Width": 4,
                                  "Actual Startup Time": 0.035,
                                  "Actual Total Time": 88.594,
                                  "Actual Rows": 176796,
                                  "Actual Loops": 4,
                                  "Filter": "(production_year < 1991)",
                                  "Rows Removed by Filter": 455282
                                }
                              ]
                            }
                          ]
                        }
                      ]
                    }
                  ]
                }
              ]
            }
          ]
        }
      ]
    },
    "Planning Time": 0.75,
    "Triggers": [],
    "Execution Time": 504.915
  }
]