[
    {
        "Bao": {
            "Bao prediction": "NaN",
            "Bao recommended hint": "(no hint)"
        }
    },
    {
        "Plan": {
            "Node Type": "Aggregate",
            "Strategy": "Plain",
            "Partial Mode": "Finalize",
            "Parallel Aware": false,
            "Startup Cost": 76776.65,
            "Total Cost": 76776.66,
            "Plan Rows": 1,
            "Plan Width": 8,
            "Actual Startup Time": 263.729,
            "Actual Total Time": 272.98,
            "Actual Rows": 1,
            "Actual Loops": 1,
            "Output": [
                "count(*)"
            ],
            "Plans": [
                {
                    "Node Type": "Gather",
                    "Parent Relationship": "Outer",
                    "Parallel Aware": false,
                    "Startup Cost": 76776.23,
                    "Total Cost": 76776.64,
                    "Plan Rows": 4,
                    "Plan Width": 8,
                    "Actual Startup Time": 262.151,
                    "Actual Total Time": 272.956,
                    "Actual Rows": 5,
                    "Actual Loops": 1,
                    "Output": [
                        "(PARTIAL count(*))"
                    ],
                    "Workers Planned": 4,
                    "Workers Launched": 4,
                    "Single Copy": false,
                    "Plans": [
                        {
                            "Node Type": "Aggregate",
                            "Strategy": "Plain",
                            "Partial Mode": "Partial",
                            "Parent Relationship": "Outer",
                            "Parallel Aware": false,
                            "Startup Cost": 75776.23,
                            "Total Cost": 75776.24,
                            "Plan Rows": 1,
                            "Plan Width": 8,
                            "Actual Startup Time": 252.758,
                            "Actual Total Time": 252.762,
                            "Actual Rows": 1,
                            "Actual Loops": 5,
                            "Output": [
                                "PARTIAL count(*)"
                            ],
                            "Workers": [
                                {
                                    "Worker Number": 0,
                                    "Actual Startup Time": 249.963,
                                    "Actual Total Time": 249.966,
                                    "Actual Rows": 1,
                                    "Actual Loops": 1
                                },
                                {
                                    "Worker Number": 1,
                                    "Actual Startup Time": 250.32,
                                    "Actual Total Time": 250.324,
                                    "Actual Rows": 1,
                                    "Actual Loops": 1
                                },
                                {
                                    "Worker Number": 2,
                                    "Actual Startup Time": 250.696,
                                    "Actual Total Time": 250.699,
                                    "Actual Rows": 1,
                                    "Actual Loops": 1
                                },
                                {
                                    "Worker Number": 3,
                                    "Actual Startup Time": 250.967,
                                    "Actual Total Time": 250.97,
                                    "Actual Rows": 1,
                                    "Actual Loops": 1
                                }
                            ],
                            "Plans": [
                                {
                                    "Node Type": "Hash Join",
                                    "Parent Relationship": "Outer",
                                    "Parallel Aware": true,
                                    "Join Type": "Inner",
                                    "Startup Cost": 29768.59,
                                    "Total Cost": 75545.5,
                                    "Plan Rows": 92291,
                                    "Plan Width": 0,
                                    "Actual Startup Time": 89.96,
                                    "Actual Total Time": 249.174,
                                    "Actual Rows": 72825,
                                    "Actual Loops": 5,
                                    "Inner Unique": false,
                                    "Hash Cond": "(t.id = mc.movie_id)",
                                    "Workers": [
                                        {
                                            "Worker Number": 0,
                                            "Actual Startup Time": 87.218,
                                            "Actual Total Time": 246.371,
                                            "Actual Rows": 72673,
                                            "Actual Loops": 1
                                        },
                                        {
                                            "Worker Number": 1,
                                            "Actual Startup Time": 87.304,
                                            "Actual Total Time": 246.796,
                                            "Actual Rows": 68379,
                                            "Actual Loops": 1
                                        },
                                        {
                                            "Worker Number": 2,
                                            "Actual Startup Time": 87.931,
                                            "Actual Total Time": 247.03,
                                            "Actual Rows": 68721,
                                            "Actual Loops": 1
                                        },
                                        {
                                            "Worker Number": 3,
                                            "Actual Startup Time": 88.227,
                                            "Actual Total Time": 247.466,
                                            "Actual Rows": 71748,
                                            "Actual Loops": 1
                                        }
                                    ],
                                    "Plans": [
                                        {
                                            "Node Type": "Seq Scan",
                                            "Parent Relationship": "Outer",
                                            "Parallel Aware": true,
                                            "Relation Name": "title",
                                            "Schema": "public",
                                            "Alias": "t",
                                            "Startup Cost": 0.0,
                                            "Total Cost": 42318.81,
                                            "Plan Rows": 632080,
                                            "Plan Width": 4,
                                            "Actual Startup Time": 0.008,
                                            "Actual Total Time": 58.834,
                                            "Actual Rows": 505662,
                                            "Actual Loops": 5,
                                            "Output": [
                                                "t.id",
                                                "t.title",
                                                "t.imdb_index",
                                                "t.kind_id",
                                                "t.production_year",
                                                "t.imdb_id",
                                                "t.phonetic_code",
                                                "t.episode_of_id",
                                                "t.season_nr",
                                                "t.episode_nr",
                                                "t.series_years",
                                                "t.md5sum"
                                            ],
                                            "Workers": [
                                                {
                                                    "Worker Number": 0,
                                                    "Actual Startup Time": 0.007,
                                                    "Actual Total Time": 60.793,
                                                    "Actual Rows": 502271,
                                                    "Actual Loops": 1
                                                },
                                                {
                                                    "Worker Number": 1,
                                                    "Actual Startup Time": 0.007,
                                                    "Actual Total Time": 61.315,
                                                    "Actual Rows": 470560,
                                                    "Actual Loops": 1
                                                },
                                                {
                                                    "Worker Number": 2,
                                                    "Actual Startup Time": 0.008,
                                                    "Actual Total Time": 61.857,
                                                    "Actual Rows": 477281,
                                                    "Actual Loops": 1
                                                },
                                                {
                                                    "Worker Number": 3,
                                                    "Actual Startup Time": 0.01,
                                                    "Actual Total Time": 60.769,
                                                    "Actual Rows": 500797,
                                                    "Actual Loops": 1
                                                }
                                            ]
                                        },
                                        {
                                            "Node Type": "Hash",
                                            "Parent Relationship": "Inner",
                                            "Parallel Aware": true,
                                            "Startup Cost": 28280.03,
                                            "Total Cost": 28280.03,
                                            "Plan Rows": 119085,
                                            "Plan Width": 4,
                                            "Actual Startup Time": 88.504,
                                            "Actual Total Time": 88.506,
                                            "Actual Rows": 72825,
                                            "Actual Loops": 5,
                                            "Output": [
                                                "mc.movie_id"
                                            ],
                                            "Hash Buckets": 524288,
                                            "Original Hash Buckets": 524288,
                                            "Hash Batches": 1,
                                            "Original Hash Batches": 1,
                                            "Peak Memory Usage": 18432,
                                            "Workers": [
                                                {
                                                    "Worker Number": 0,
                                                    "Actual Startup Time": 86.817,
                                                    "Actual Total Time": 86.818,
                                                    "Actual Rows": 57253,
                                                    "Actual Loops": 1
                                                },
                                                {
                                                    "Worker Number": 1,
                                                    "Actual Startup Time": 86.894,
                                                    "Actual Total Time": 86.895,
                                                    "Actual Rows": 58534,
                                                    "Actual Loops": 1
                                                },
                                                {
                                                    "Worker Number": 2,
                                                    "Actual Startup Time": 87.51,
                                                    "Actual Total Time": 87.511,
                                                    "Actual Rows": 54012,
                                                    "Actual Loops": 1
                                                },
                                                {
                                                    "Worker Number": 3,
                                                    "Actual Startup Time": 87.799,
                                                    "Actual Total Time": 87.8,
                                                    "Actual Rows": 60800,
                                                    "Actual Loops": 1
                                                }
                                            ],
                                            "Plans": [
                                                {
                                                    "Node Type": "Bitmap Heap Scan",
                                                    "Parent Relationship": "Outer",
                                                    "Parallel Aware": true,
                                                    "Relation Name": "movie_companies",
                                                    "Schema": "public",
                                                    "Alias": "mc",
                                                    "Startup Cost": 8001.46,
                                                    "Total Cost": 28280.03,
                                                    "Plan Rows": 119085,
                                                    "Plan Width": 4,
                                                    "Actual Startup Time": 13.977,
                                                    "Actual Total Time": 58.896,
                                                    "Actual Rows": 72825,
                                                    "Actual Loops": 5,
                                                    "Output": [
                                                        "mc.movie_id"
                                                    ],
                                                    "Recheck Cond": "(mc.company_id < 189)",
                                                    "Rows Removed by Index Recheck": 0,
                                                    "Exact Heap Blocks": 6085,
                                                    "Lossy Heap Blocks": 0,
                                                    "Workers": [
                                                        {
                                                            "Worker Number": 0,
                                                            "Actual Startup Time": 12.418,
                                                            "Actual Total Time": 58.516,
                                                            "Actual Rows": 57253,
                                                            "Actual Loops": 1
                                                        },
                                                        {
                                                            "Worker Number": 1,
                                                            "Actual Startup Time": 12.39,
                                                            "Actual Total Time": 58.757,
                                                            "Actual Rows": 58534,
                                                            "Actual Loops": 1
                                                        },
                                                        {
                                                            "Worker Number": 2,
                                                            "Actual Startup Time": 12.954,
                                                            "Actual Total Time": 59.585,
                                                            "Actual Rows": 54012,
                                                            "Actual Loops": 1
                                                        },
                                                        {
                                                            "Worker Number": 3,
                                                            "Actual Startup Time": 13.296,
                                                            "Actual Total Time": 59.465,
                                                            "Actual Rows": 60800,
                                                            "Actual Loops": 1
                                                        }
                                                    ],
                                                    "Plans": [
                                                        {
                                                            "Node Type": "Bitmap Index Scan",
                                                            "Parent Relationship": "Outer",
                                                            "Parallel Aware": false,
                                                            "Index Name": "company_id_movie_companies",
                                                            "Startup Cost": 0.0,
                                                            "Total Cost": 7909.17,
                                                            "Plan Rows": 369165,
                                                            "Plan Width": 0,
                                                            "Actual Startup Time": 16.004,
                                                            "Actual Total Time": 16.005,
                                                            "Actual Rows": 364123,
                                                            "Actual Loops": 1,
                                                            "Index Cond": "(mc.company_id < 189)"
                                                        }
                                                    ]
                                                }
                                            ]
                                        }
                                    ]
                                }
                            ]
                        }
                    ]
                }
            ]
        },
        "Planning Time": 183.164,
        "Triggers": [],
        "Execution Time": 273.048
    }
]