{
  "Plan": {
    "Node Type": "Aggregate",
    "Strategy": "Plain",
    "Partial Mode": "Simple",
    "Parallel Aware": false,
    "Startup Cost": 2333835.3,
    "Total Cost": 2333835.31,
    "Plan Rows": 1,
    "Plan Width": 96,
    "Actual Startup Time": 4312.663,
    "Actual Total Time": 4312.901,
    "Actual Rows": 1,
    "Actual Loops": 1,
    "Plans": [
      {
        "Node Type": "Merge Join",
        "Parent Relationship": "Outer",
        "Parallel Aware": false,
        "Join Type": "Inner",
        "Startup Cost": 2333788.92,
        "Total Cost": 2333835.29,
        "Plan Rows": 1,
        "Plan Width": 48,
        "Actual Startup Time": 4312.634,
        "Actual Total Time": 4312.877,
        "Actual Rows": 6,
        "Actual Loops": 1,
        "Inner Unique": false,
        "Merge Cond": "(k.id = mk.keyword_id)",
        "Plans": [
          {
            "Node Type": "Sort",
            "Parent Relationship": "Outer",
            "Parallel Aware": false,
            "Startup Cost": 2626.14,
            "Total Cost": 2626.14,
            "Plan Rows": 1,
            "Plan Width": 20,
            "Actual Startup Time": 28.881,
            "Actual Total Time": 28.885,
            "Actual Rows": 1,
            "Actual Loops": 1,
            "Sort Key": [
              "k.id"
            ],
            "Sort Method": "quicksort",
            "Sort Space Used": 25,
            "Sort Space Type": "Memory",
            "Plans": [
              {
                "Node Type": "Seq Scan",
                "Parent Relationship": "Outer",
                "Parallel Aware": false,
                "Relation Name": "keyword",
                "Alias": "k",
                "Startup Cost": 0.0,
                "Total Cost": 2626.12,
                "Plan Rows": 1,
                "Plan Width": 20,
                "Actual Startup Time": 0.937,
                "Actual Total Time": 28.853,
                "Actual Rows": 1,
                "Actual Loops": 1,
                "Filter": "(keyword = 'marvel-cinematic-universe'::text)",
                "Rows Removed by Filter": 134169
              }
            ]
          },
          {
            "Node Type": "Sort",
            "Parent Relationship": "Inner",
            "Parallel Aware": false,
            "Startup Cost": 2331162.62,
            "Total Cost": 2331185.88,
            "Plan Rows": 9304,
            "Plan Width": 36,
            "Actual Startup Time": 4282.545,
            "Actual Total Time": 4283.583,
            "Actual Rows": 3031,
            "Actual Loops": 1,
            "Sort Key": [
              "mk.keyword_id"
            ],
            "Sort Method": "quicksort",
            "Sort Space Used": 676,
            "Sort Space Type": "Memory",
            "Plans": [
              {
                "Node Type": "Merge Join",
                "Parent Relationship": "Outer",
                "Parallel Aware": false,
                "Join Type": "Inner",
                "Startup Cost": 2134868.14,
                "Total Cost": 2330549.32,
                "Plan Rows": 9304,
                "Plan Width": 36,
                "Actual Startup Time": 2970.988,
                "Actual Total Time": 4279.931,
                "Actual Rows": 5202,
                "Actual Loops": 1,
                "Inner Unique": false,
                "Merge Cond": "(t.id = mk.movie_id)",
                "Plans": [
                  {
                    "Node Type": "Gather Merge",
                    "Parent Relationship": "Outer",
                    "Parallel Aware": false,
                    "Startup Cost": 2134867.71,
                    "Total Cost": 2142057.57,
                    "Plan Rows": 1994,
                    "Plan Width": 40,
                    "Actual Startup Time": 2948.927,
                    "Actual Total Time": 2966.27,
                    "Actual Rows": 306,
                    "Actual Loops": 1,
                    "Workers Planned": 4,
                    "Workers Launched": 4,
                    "Plans": [
                      {
                        "Node Type": "Merge Join",
                        "Parent Relationship": "Outer",
                        "Parallel Aware": false,
                        "Join Type": "Inner",
                        "Startup Cost": 2133867.65,
                        "Total Cost": 2140820.0,
                        "Plan Rows": 498,
                        "Plan Width": 40,
                        "Actual Startup Time": 1533.759,
                        "Actual Total Time": 1605.311,
                        "Actual Rows": 61,
                        "Actual Loops": 5,
                        "Inner Unique": true,
                        "Merge Cond": "(ci.movie_id = t.id)",
                        "Plans": [
                          {
                            "Node Type": "Sort",
                            "Parent Relationship": "Outer",
                            "Parallel Aware": false,
                            "Startup Cost": 1924438.31,
                            "Total Cost": 1924440.57,
                            "Plan Rows": 907,
                            "Plan Width": 19,
                            "Actual Startup Time": 1299.237,
                            "Actual Total Time": 1299.257,
                            "Actual Rows": 97,
                            "Actual Loops": 5,
                            "Sort Key": [
                              "ci.movie_id"
                            ],
                            "Sort Method": "quicksort",
                            "Sort Space Used": 25,
                            "Sort Space Type": "Memory",
                            "Workers": [
                              {
                                "Worker Number": 0,
                                "Sort Method": "quicksort",
                                "Sort Space Used": 62,
                                "Sort Space Type": "Memory"
                              },
                              {
                                "Worker Number": 1,
                                "Sort Method": "quicksort",
                                "Sort Space Used": 25,
                                "Sort Space Type": "Memory"
                              },
                              {
                                "Worker Number": 2,
                                "Sort Method": "quicksort",
                                "Sort Space Used": 25,
                                "Sort Space Type": "Memory"
                              },
                              {
                                "Worker Number": 3,
                                "Sort Method": "quicksort",
                                "Sort Space Used": 25,
                                "Sort Space Type": "Memory"
                              }
                            ],
                            "Plans": [
                              {
                                "Node Type": "Merge Join",
                                "Parent Relationship": "Outer",
                                "Parallel Aware": false,
                                "Join Type": "Inner",
                                "Startup Cost": 35.69,
                                "Total Cost": 1924393.75,
                                "Plan Rows": 907,
                                "Plan Width": 19,
                                "Actual Startup Time": 1299.016,
                                "Actual Total Time": 1299.111,
                                "Actual Rows": 97,
                                "Actual Loops": 5,
                                "Inner Unique": false,
                                "Merge Cond": "(n.id = ci.person_id)",
                                "Plans": [
                                  {
                                    "Node Type": "Index Scan",
                                    "Parent Relationship": "Outer",
                                    "Parallel Aware": true,
                                    "Scan Direction": "Forward",
                                    "Index Name": "name_pkey",
                                    "Relation Name": "name",
                                    "Alias": "n",
                                    "Startup Cost": 0.43,
                                    "Total Cost": 149520.51,
                                    "Plan Rows": 104,
                                    "Plan Width": 19,
                                    "Actual Startup Time": 964.203,
                                    "Actual Total Time": 964.25,
                                    "Actual Rows": 0,
                                    "Actual Loops": 5,
                                    "Filter": "(name ~~ '%Downey%Robert%'::text)",
                                    "Rows Removed by Filter": 833498
                                  },
                                  {
                                    "Node Type": "Index Scan",
                                    "Parent Relationship": "Inner",
                                    "Parallel Aware": false,
                                    "Scan Direction": "Forward",
                                    "Index Name": "person_id_cast_info",
                                    "Relation Name": "cast_info",
                                    "Alias": "ci",
                                    "Startup Cost": 0.56,
                                    "Total Cost": 1688532.46,
                                    "Plan Rows": 36257824,
                                    "Plan Width": 8,
                                    "Actual Startup Time": 0.052,
                                    "Actual Total Time": 1262.395,
                                    "Actual Rows": 4303605,
                                    "Actual Loops": 1
                                  }
                                ]
                              }
                            ]
                          },
                          {
                            "Node Type": "Sort",
                            "Parent Relationship": "Inner",
                            "Parallel Aware": false,
                            "Startup Cost": 209429.18,
                            "Total Cost": 212904.15,
                            "Plan Rows": 1389987,
                            "Plan Width": 21,
                            "Actual Startup Time": 1164.975,
                            "Actual Total Time": 1371.105,
                            "Actual Rows": 1378920,
                            "Actual Loops": 1,
                            "Sort Key": [
                              "t.id"
                            ],
                            "Workers": [
                              {
                                "Worker Number": 0,
                                "Sort Method": "quicksort",
                                "Sort Space Used": 145245,
                                "Sort Space Type": "Memory"
                              }
                            ],
                            "Plans": [
                              {
                                "Node Type": "Seq Scan",
                                "Parent Relationship": "Outer",
                                "Parallel Aware": false,
                                "Relation Name": "title",
                                "Alias": "t",
                                "Startup Cost": 0.0,
                                "Total Cost": 67604.36,
                                "Plan Rows": 1389987,
                                "Plan Width": 21,
                                "Actual Startup Time": 0.098,
                                "Actual Total Time": 554.476,
                                "Actual Rows": 1381453,
                                "Actual Loops": 1,
                                "Filter": "(production_year > 2000)",
                                "Rows Removed by Filter": 1146859
                              }
                            ]
                          }
                        ]
                      }
                    ]
                  },
                  {
                    "Node Type": "Index Scan",
                    "Parent Relationship": "Inner",
                    "Parallel Aware": false,
                    "Scan Direction": "Forward",
                    "Index Name": "movie_id_movie_keyword",
                    "Relation Name": "movie_keyword",
                    "Alias": "mk",
                    "Startup Cost": 0.43,
                    "Total Cost": 177148.48,
                    "Plan Rows": 4523930,
                    "Plan Width": 8,
                    "Actual Startup Time": 0.092,
                    "Actual Total Time": 889.485,
                    "Actual Rows": 4507632,
                    "Actual Loops": 1
                  }
                ]
              }
            ]
          }
        ]
      }
    ]
  },
  "Planning Time": 7.44,
  "Triggers": [],
  "Execution Time": 4313.691
}