[
  {
    "Plan": {
      "Node Type": "Aggregate",
      "Strategy": "Plain",
      "Partial Mode": "Finalize",
      "Parallel Aware": false,
      "Startup Cost": 45781.84,
      "Total Cost": 45781.85,
      "Plan Rows": 1,
      "Plan Width": 8,
      "Actual Startup Time": 139.86,
      "Actual Total Time": 147.525,
      "Actual Rows": 1,
      "Actual Loops": 1,
      "Plans": [
        {
          "Node Type": "Gather",
          "Parent Relationship": "Outer",
          "Parallel Aware": false,
          "Startup Cost": 45781.52,
          "Total Cost": 45781.83,
          "Plan Rows": 3,
          "Plan Width": 8,
          "Actual Startup Time": 139.722,
          "Actual Total Time": 147.516,
          "Actual Rows": 4,
          "Actual Loops": 1,
          "Workers Planned": 3,
          "Workers Launched": 3,
          "Single Copy": false,
          "Plans": [
            {
              "Node Type": "Aggregate",
              "Strategy": "Plain",
              "Partial Mode": "Partial",
              "Parent Relationship": "Outer",
              "Parallel Aware": false,
              "Startup Cost": 44781.52,
              "Total Cost": 44781.53,
              "Plan Rows": 1,
              "Plan Width": 8,
              "Actual Startup Time": 136.436,
              "Actual Total Time": 136.437,
              "Actual Rows": 1,
              "Actual Loops": 4,
              "Plans": [
                {
                  "Node Type": "Seq Scan",
                  "Parent Relationship": "Outer",
                  "Parallel Aware": true,
                  "Relation Name": "movie_keyword",
                  "Alias": "mk",
                  "Startup Cost": 0.0,
                  "Total Cost": 42695.65,
                  "Plan Rows": 834346,
                  "Plan Width": 0,
                  "Actual Startup Time": 0.023,
                  "Actual Total Time": 106.547,
                  "Actual Rows": 649934,
                  "Actual Loops": 4,
                  "Filter": "(keyword_id < 6974)",
                  "Rows Removed by Filter": 481048
                }
              ]
            }
          ]
        }
      ]
    },
    "Planning Time": 0.123,
    "Triggers": [],
    "Execution Time": 147.563
  }
]