{
    "Plan": {
        "Node Type": "Aggregate",
        "Strategy": "Plain",
        "Partial Mode": "Finalize",
        "Parallel Aware": false,
        "Startup Cost": 58412.39,
        "Total Cost": 58412.4,
        "Plan Rows": 1,
        "Plan Width": 8,
        "Actual Startup Time": 109.19,
        "Actual Total Time": 122.89,
        "Actual Rows": 1,
        "Actual Loops": 1,
        "Output": [
            "count(*)"
        ],
        "Plans": [
            {
                "Node Type": "Gather",
                "Parent Relationship": "Outer",
                "Parallel Aware": false,
                "Startup Cost": 58411.97,
                "Total Cost": 58412.38,
                "Plan Rows": 4,
                "Plan Width": 8,
                "Actual Startup Time": 109.07,
                "Actual Total Time": 122.883,
                "Actual Rows": 5,
                "Actual Loops": 1,
                "Output": [
                    "(PARTIAL count(*))"
                ],
                "Workers Planned": 4,
                "Workers Launched": 4,
                "Single Copy": false,
                "Plans": [
                    {
                        "Node Type": "Aggregate",
                        "Strategy": "Plain",
                        "Partial Mode": "Partial",
                        "Parent Relationship": "Outer",
                        "Parallel Aware": false,
                        "Startup Cost": 57411.97,
                        "Total Cost": 57411.98,
                        "Plan Rows": 1,
                        "Plan Width": 8,
                        "Actual Startup Time": 98.666,
                        "Actual Total Time": 98.667,
                        "Actual Rows": 1,
                        "Actual Loops": 5,
                        "Output": [
                            "PARTIAL count(*)"
                        ],
                        "Workers": [
                            {
                                "Worker Number": 0,
                                "Actual Startup Time": 95.22,
                                "Actual Total Time": 95.223,
                                "Actual Rows": 1,
                                "Actual Loops": 1
                            },
                            {
                                "Worker Number": 1,
                                "Actual Startup Time": 96.348,
                                "Actual Total Time": 96.35,
                                "Actual Rows": 1,
                                "Actual Loops": 1
                            },
                            {
                                "Worker Number": 2,
                                "Actual Startup Time": 96.638,
                                "Actual Total Time": 96.64,
                                "Actual Rows": 1,
                                "Actual Loops": 1
                            },
                            {
                                "Worker Number": 3,
                                "Actual Startup Time": 96.836,
                                "Actual Total Time": 96.837,
                                "Actual Rows": 1,
                                "Actual Loops": 1
                            }
                        ],
                        "Plans": [
                            {
                                "Node Type": "Nested Loop",
                                "Parent Relationship": "Outer",
                                "Parallel Aware": false,
                                "Join Type": "Inner",
                                "Startup Cost": 0.86,
                                "Total Cost": 57408.59,
                                "Plan Rows": 1353,
                                "Plan Width": 0,
                                "Actual Startup Time": 2.221,
                                "Actual Total Time": 98.396,
                                "Actual Rows": 3647,
                                "Actual Loops": 5,
                                "Inner Unique": false,
                                "Join Filter": "(t.id = mc.movie_id)",
                                "Rows Removed by Join Filter": 0,
                                "Workers": [
                                    {
                                        "Worker Number": 0,
                                        "Actual Startup Time": 1.319,
                                        "Actual Total Time": 94.972,
                                        "Actual Rows": 2302,
                                        "Actual Loops": 1
                                    },
                                    {
                                        "Worker Number": 1,
                                        "Actual Startup Time": 5.856,
                                        "Actual Total Time": 96.117,
                                        "Actual Rows": 3318,
                                        "Actual Loops": 1
                                    },
                                    {
                                        "Worker Number": 2,
                                        "Actual Startup Time": 1.132,
                                        "Actual Total Time": 96.37,
                                        "Actual Rows": 3788,
                                        "Actual Loops": 1
                                    },
                                    {
                                        "Worker Number": 3,
                                        "Actual Startup Time": 0.721,
                                        "Actual Total Time": 96.595,
                                        "Actual Rows": 3187,
                                        "Actual Loops": 1
                                    }
                                ],
                                "Plans": [
                                    {
                                        "Node Type": "Nested Loop",
                                        "Parent Relationship": "Outer",
                                        "Parallel Aware": false,
                                        "Join Type": "Inner",
                                        "Startup Cost": 0.43,
                                        "Total Cost": 56540.64,
                                        "Plan Rows": 1311,
                                        "Plan Width": 8,
                                        "Actual Startup Time": 1.451,
                                        "Actual Total Time": 89.47,
                                        "Actual Rows": 1139,
                                        "Actual Loops": 5,
                                        "Output": [
                                            "t.id",
                                            "mi_idx.movie_id"
                                        ],
                                        "Inner Unique": false,
                                        "Workers": [
                                            {
                                                "Worker Number": 0,
                                                "Actual Startup Time": 1.123,
                                                "Actual Total Time": 85.221,
                                                "Actual Rows": 697,
                                                "Actual Loops": 1
                                            },
                                            {
                                                "Worker Number": 1,
                                                "Actual Startup Time": 4.279,
                                                "Actual Total Time": 87.053,
                                                "Actual Rows": 1019,
                                                "Actual Loops": 1
                                            },
                                            {
                                                "Worker Number": 2,
                                                "Actual Startup Time": 0.91,
                                                "Actual Total Time": 86.488,
                                                "Actual Rows": 1088,
                                                "Actual Loops": 1
                                            },
                                            {
                                                "Worker Number": 3,
                                                "Actual Startup Time": 0.484,
                                                "Actual Total Time": 87.419,
                                                "Actual Rows": 1024,
                                                "Actual Loops": 1
                                            }
                                        ],
                                        "Plans": [
                                            {
                                                "Node Type": "Seq Scan",
                                                "Parent Relationship": "Outer",
                                                "Parallel Aware": true,
                                                "Relation Name": "title",
                                                "Schema": "public",
                                                "Alias": "t",
                                                "Startup Cost": 0.0,
                                                "Total Cost": 43899.01,
                                                "Plan Rows": 2402,
                                                "Plan Width": 4,
                                                "Actual Startup Time": 0.43,
                                                "Actual Total Time": 77.769,
                                                "Actual Rows": 1898,
                                                "Actual Loops": 5,
                                                "Output": [
                                                    "t.id",
                                                    "t.title",
                                                    "t.imdb_index",
                                                    "t.kind_id",
                                                    "t.production_year",
                                                    "t.imdb_id",
                                                    "t.phonetic_code",
                                                    "t.episode_of_id",
                                                    "t.season_nr",
                                                    "t.episode_nr",
                                                    "t.series_years",
                                                    "t.md5sum"
                                                ],
                                                "Filter": "(t.production_year = 1957)",
                                                "Rows Removed by Filter": 503764,
                                                "Workers": [
                                                    {
                                                        "Worker Number": 0,
                                                        "Actual Startup Time": 0.146,
                                                        "Actual Total Time": 72.272,
                                                        "Actual Rows": 1118,
                                                        "Actual Loops": 1
                                                    },
                                                    {
                                                        "Worker Number": 1,
                                                        "Actual Startup Time": 0.657,
                                                        "Actual Total Time": 74.668,
                                                        "Actual Rows": 1754,
                                                        "Actual Loops": 1
                                                    },
                                                    {
                                                        "Worker Number": 2,
                                                        "Actual Startup Time": 0.703,
                                                        "Actual Total Time": 74.443,
                                                        "Actual Rows": 1763,
                                                        "Actual Loops": 1
                                                    },
                                                    {
                                                        "Worker Number": 3,
                                                        "Actual Startup Time": 0.268,
                                                        "Actual Total Time": 75.563,
                                                        "Actual Rows": 1704,
                                                        "Actual Loops": 1
                                                    }
                                                ]
                                            },
                                            {
                                                "Node Type": "Index Only Scan",
                                                "Parent Relationship": "Inner",
                                                "Parallel Aware": false,
                                                "Scan Direction": "Forward",
                                                "Index Name": "movie_id_movie_info_idx",
                                                "Relation Name": "movie_info_idx",
                                                "Schema": "public",
                                                "Alias": "mi_idx",
                                                "Startup Cost": 0.43,
                                                "Total Cost": 5.23,
                                                "Plan Rows": 3,
                                                "Plan Width": 4,
                                                "Actual Startup Time": 0.005,
                                                "Actual Total Time": 0.005,
                                                "Actual Rows": 1,
                                                "Actual Loops": 9491,
                                                "Output": [
                                                    "mi_idx.movie_id"
                                                ],
                                                "Index Cond": "(mi_idx.movie_id = t.id)",
                                                "Rows Removed by Index Recheck": 0,
                                                "Heap Fetches": 5697,
                                                "Workers": [
                                                    {
                                                        "Worker Number": 0,
                                                        "Actual Startup Time": 0.01,
                                                        "Actual Total Time": 0.011,
                                                        "Actual Rows": 1,
                                                        "Actual Loops": 1118
                                                    },
                                                    {
                                                        "Worker Number": 1,
                                                        "Actual Startup Time": 0.006,
                                                        "Actual Total Time": 0.006,
                                                        "Actual Rows": 1,
                                                        "Actual Loops": 1754
                                                    },
                                                    {
                                                        "Worker Number": 2,
                                                        "Actual Startup Time": 0.006,
                                                        "Actual Total Time": 0.006,
                                                        "Actual Rows": 1,
                                                        "Actual Loops": 1763
                                                    },
                                                    {
                                                        "Worker Number": 3,
                                                        "Actual Startup Time": 0.006,
                                                        "Actual Total Time": 0.006,
                                                        "Actual Rows": 1,
                                                        "Actual Loops": 1704
                                                    }
                                                ]
                                            }
                                        ]
                                    },
                                    {
                                        "Node Type": "Index Only Scan",
                                        "Parent Relationship": "Inner",
                                        "Parallel Aware": false,
                                        "Scan Direction": "Forward",
                                        "Index Name": "movie_id_movie_companies",
                                        "Relation Name": "movie_companies",
                                        "Schema": "public",
                                        "Alias": "mc",
                                        "Startup Cost": 0.43,
                                        "Total Cost": 0.6,
                                        "Plan Rows": 5,
                                        "Plan Width": 4,
                                        "Actual Startup Time": 0.005,
                                        "Actual Total Time": 0.007,
                                        "Actual Rows": 3,
                                        "Actual Loops": 5697,
                                        "Output": [
                                            "mc.movie_id"
                                        ],
                                        "Index Cond": "(mc.movie_id = mi_idx.movie_id)",
                                        "Rows Removed by Index Recheck": 0,
                                        "Heap Fetches": 18235,
                                        "Workers": [
                                            {
                                                "Worker Number": 0,
                                                "Actual Startup Time": 0.01,
                                                "Actual Total Time": 0.013,
                                                "Actual Rows": 3,
                                                "Actual Loops": 697
                                            },
                                            {
                                                "Worker Number": 1,
                                                "Actual Startup Time": 0.006,
                                                "Actual Total Time": 0.008,
                                                "Actual Rows": 3,
                                                "Actual Loops": 1019
                                            },
                                            {
                                                "Worker Number": 2,
                                                "Actual Startup Time": 0.006,
                                                "Actual Total Time": 0.008,
                                                "Actual Rows": 3,
                                                "Actual Loops": 1088
                                            },
                                            {
                                                "Worker Number": 3,
                                                "Actual Startup Time": 0.006,
                                                "Actual Total Time": 0.008,
                                                "Actual Rows": 3,
                                                "Actual Loops": 1024
                                            }
                                        ]
                                    }
                                ]
                            }
                        ]
                    }
                ]
            }
        ]
    },
    "Planning Time": 1.462,
    "Triggers": [],
    "Execution Time": 123.043
}