[
  {
    "Plan": {
      "Node Type": "Aggregate",
      "Strategy": "Plain",
      "Partial Mode": "Finalize",
      "Parallel Aware": false,
      "Startup Cost": 83116.13,
      "Total Cost": 83116.14,
      "Plan Rows": 1,
      "Plan Width": 8,
      "Actual Startup Time": 458.504,
      "Actual Total Time": 474.589,
      "Actual Rows": 1,
      "Actual Loops": 1,
      "Plans": [
        {
          "Node Type": "Gather",
          "Parent Relationship": "Outer",
          "Parallel Aware": false,
          "Startup Cost": 83115.71,
          "Total Cost": 83116.12,
          "Plan Rows": 4,
          "Plan Width": 8,
          "Actual Startup Time": 450.836,
          "Actual Total Time": 474.579,
          "Actual Rows": 5,
          "Actual Loops": 1,
          "Workers Planned": 4,
          "Workers Launched": 4,
          "Single Copy": false,
          "Plans": [
            {
              "Node Type": "Aggregate",
              "Strategy": "Plain",
              "Partial Mode": "Partial",
              "Parent Relationship": "Outer",
              "Parallel Aware": false,
              "Startup Cost": 82115.71,
              "Total Cost": 82115.72,
              "Plan Rows": 1,
              "Plan Width": 8,
              "Actual Startup Time": 439.927,
              "Actual Total Time": 439.931,
              "Actual Rows": 1,
              "Actual Loops": 5,
              "Plans": [
                {
                  "Node Type": "Hash Join",
                  "Parent Relationship": "Outer",
                  "Parallel Aware": true,
                  "Join Type": "Inner",
                  "Startup Cost": 35268.54,
                  "Total Cost": 81518.38,
                  "Plan Rows": 238931,
                  "Plan Width": 0,
                  "Actual Startup Time": 188.408,
                  "Actual Total Time": 429.322,
                  "Actual Rows": 224999,
                  "Actual Loops": 5,
                  "Inner Unique": false,
                  "Hash Cond": "(t.id = mc.movie_id)",
                  "Plans": [
                    {
                      "Node Type": "Seq Scan",
                      "Parent Relationship": "Outer",
                      "Parallel Aware": true,
                      "Relation Name": "title",
                      "Alias": "t",
                      "Startup Cost": 0.0,
                      "Total Cost": 42318.73,
                      "Plan Rows": 632073,
                      "Plan Width": 4,
                      "Actual Startup Time": 0.016,
                      "Actual Total Time": 66.786,
                      "Actual Rows": 505662,
                      "Actual Loops": 5
                    },
                    {
                      "Node Type": "Hash",
                      "Parent Relationship": "Inner",
                      "Parallel Aware": true,
                      "Startup Cost": 31414.82,
                      "Total Cost": 31414.82,
                      "Plan Rows": 308298,
                      "Plan Width": 4,
                      "Actual Startup Time": 183.764,
                      "Actual Total Time": 183.765,
                      "Actual Rows": 224999,
                      "Actual Loops": 5,
                      "Hash Buckets": 2097152,
                      "Original Hash Buckets": 1048576,
                      "Hash Batches": 1,
                      "Original Hash Batches": 1,
                      "Peak Memory Usage": 68672,
                      "Plans": [
                        {
                          "Node Type": "Seq Scan",
                          "Parent Relationship": "Outer",
                          "Parallel Aware": true,
                          "Relation Name": "movie_companies",
                          "Alias": "mc",
                          "Startup Cost": 0.0,
                          "Total Cost": 31414.82,
                          "Plan Rows": 308298,
                          "Plan Width": 4,
                          "Actual Startup Time": 47.746,
                          "Actual Total Time": 84.205,
                          "Actual Rows": 224999,
                          "Actual Loops": 5,
                          "Filter": "((company_id > 1402) AND (company_type_id > 1))",
                          "Rows Removed by Filter": 296827
                        }
                      ]
                    }
                  ]
                }
              ]
            }
          ]
        }
      ]
    },
    "Planning Time": 0.607,
    "Triggers": [],
    "Execution Time": 474.669
  }
]