[
  {
    "Plan": {
      "Node Type": "Aggregate",
      "Strategy": "Plain",
      "Partial Mode": "Finalize",
      "Parallel Aware": false,
      "Startup Cost": 80355.5,
      "Total Cost": 80355.51,
      "Plan Rows": 1,
      "Plan Width": 8,
      "Actual Startup Time": 338.291,
      "Actual Total Time": 353.764,
      "Actual Rows": 1,
      "Actual Loops": 1,
      "Plans": [
        {
          "Node Type": "Gather",
          "Parent Relationship": "Outer",
          "Parallel Aware": false,
          "Startup Cost": 80355.08,
          "Total Cost": 80355.49,
          "Plan Rows": 4,
          "Plan Width": 8,
          "Actual Startup Time": 332.974,
          "Actual Total Time": 353.754,
          "Actual Rows": 5,
          "Actual Loops": 1,
          "Workers Planned": 4,
          "Workers Launched": 4,
          "Single Copy": false,
          "Plans": [
            {
              "Node Type": "Aggregate",
              "Strategy": "Plain",
              "Partial Mode": "Partial",
              "Parent Relationship": "Outer",
              "Parallel Aware": false,
              "Startup Cost": 79355.08,
              "Total Cost": 79355.09,
              "Plan Rows": 1,
              "Plan Width": 8,
              "Actual Startup Time": 323.424,
              "Actual Total Time": 323.527,
              "Actual Rows": 1,
              "Actual Loops": 5,
              "Plans": [
                {
                  "Node Type": "Hash Join",
                  "Parent Relationship": "Outer",
                  "Parallel Aware": true,
                  "Join Type": "Inner",
                  "Startup Cost": 32853.92,
                  "Total Cost": 79196.97,
                  "Plan Rows": 63244,
                  "Plan Width": 0,
                  "Actual Startup Time": 132.833,
                  "Actual Total Time": 318.929,
                  "Actual Rows": 98748,
                  "Actual Loops": 5,
                  "Inner Unique": false,
                  "Hash Cond": "(t.id = mc.movie_id)",
                  "Plans": [
                    {
                      "Node Type": "Seq Scan",
                      "Parent Relationship": "Outer",
                      "Parallel Aware": true,
                      "Relation Name": "title",
                      "Alias": "t",
                      "Startup Cost": 0.0,
                      "Total Cost": 43898.92,
                      "Plan Rows": 448026,
                      "Plan Width": 4,
                      "Actual Startup Time": 0.018,
                      "Actual Total Time": 82.269,
                      "Actual Rows": 358831,
                      "Actual Loops": 5,
                      "Filter": "(production_year < 2009)",
                      "Rows Removed by Filter": 146832
                    },
                    {
                      "Node Type": "Hash",
                      "Parent Relationship": "Inner",
                      "Parallel Aware": true,
                      "Startup Cost": 31414.82,
                      "Total Cost": 31414.82,
                      "Plan Rows": 115128,
                      "Plan Width": 4,
                      "Actual Startup Time": 129.824,
                      "Actual Total Time": 129.825,
                      "Actual Rows": 135687,
                      "Actual Loops": 5,
                      "Hash Buckets": 1048576,
                      "Original Hash Buckets": 524288,
                      "Hash Batches": 1,
                      "Original Hash Batches": 1,
                      "Peak Memory Usage": 38912,
                      "Plans": [
                        {
                          "Node Type": "Seq Scan",
                          "Parent Relationship": "Outer",
                          "Parallel Aware": true,
                          "Relation Name": "movie_companies",
                          "Alias": "mc",
                          "Startup Cost": 0.0,
                          "Total Cost": 31414.82,
                          "Plan Rows": 115128,
                          "Plan Width": 4,
                          "Actual Startup Time": 42.234,
                          "Actual Total Time": 75.096,
                          "Actual Rows": 135687,
                          "Actual Loops": 5,
                          "Filter": "((company_id > 42810) AND (company_type_id = 2))",
                          "Rows Removed by Filter": 386138
                        }
                      ]
                    }
                  ]
                }
              ]
            }
          ]
        }
      ]
    },
    "Planning Time": 0.666,
    "Triggers": [],
    "Execution Time": 353.837
  }
]