[
  {
    "Plan": {
      "Node Type": "Aggregate",
      "Strategy": "Plain",
      "Partial Mode": "Finalize",
      "Parallel Aware": false,
      "Startup Cost": 373316.06,
      "Total Cost": 373316.07,
      "Plan Rows": 1,
      "Plan Width": 8,
      "Actual Startup Time": 581.049,
      "Actual Total Time": 661.349,
      "Actual Rows": 1,
      "Actual Loops": 1,
      "Plans": [
        {
          "Node Type": "Gather",
          "Parent Relationship": "Outer",
          "Parallel Aware": false,
          "Startup Cost": 373315.64,
          "Total Cost": 373316.05,
          "Plan Rows": 4,
          "Plan Width": 8,
          "Actual Startup Time": 580.938,
          "Actual Total Time": 661.338,
          "Actual Rows": 5,
          "Actual Loops": 1,
          "Workers Planned": 4,
          "Workers Launched": 4,
          "Single Copy": false,
          "Plans": [
            {
              "Node Type": "Aggregate",
              "Strategy": "Plain",
              "Partial Mode": "Partial",
              "Parent Relationship": "Outer",
              "Parallel Aware": false,
              "Startup Cost": 372315.64,
              "Total Cost": 372315.65,
              "Plan Rows": 1,
              "Plan Width": 8,
              "Actual Startup Time": 570.677,
              "Actual Total Time": 570.678,
              "Actual Rows": 1,
              "Actual Loops": 5,
              "Plans": [
                {
                  "Node Type": "Nested Loop",
                  "Parent Relationship": "Outer",
                  "Parallel Aware": false,
                  "Join Type": "Inner",
                  "Startup Cost": 0.56,
                  "Total Cost": 372215.34,
                  "Plan Rows": 40117,
                  "Plan Width": 0,
                  "Actual Startup Time": 1.63,
                  "Actual Total Time": 568.393,
                  "Actual Rows": 19420,
                  "Actual Loops": 5,
                  "Inner Unique": false,
                  "Plans": [
                    {
                      "Node Type": "Seq Scan",
                      "Parent Relationship": "Outer",
                      "Parallel Aware": true,
                      "Relation Name": "title",
                      "Alias": "t",
                      "Startup Cost": 0.0,
                      "Total Cost": 45479.1,
                      "Plan Rows": 15805,
                      "Plan Width": 4,
                      "Actual Startup Time": 0.119,
                      "Actual Total Time": 83.696,
                      "Actual Rows": 10754,
                      "Actual Loops": 5,
                      "Filter": "((kind_id < 7) AND (production_year = 2011))",
                      "Rows Removed by Filter": 494908
                    },
                    {
                      "Node Type": "Index Scan",
                      "Parent Relationship": "Inner",
                      "Parallel Aware": false,
                      "Scan Direction": "Forward",
                      "Index Name": "movie_id_cast_info",
                      "Relation Name": "cast_info",
                      "Alias": "ci",
                      "Startup Cost": 0.56,
                      "Total Cost": 20.6,
                      "Plan Rows": 7,
                      "Plan Width": 4,
                      "Actual Startup Time": 0.037,
                      "Actual Total Time": 0.044,
                      "Actual Rows": 2,
                      "Actual Loops": 53770,
                      "Index Cond": "(movie_id = t.id)",
                      "Rows Removed by Index Recheck": 0,
                      "Filter": "((person_id < 1884830) AND (role_id > 3))",
                      "Rows Removed by Filter": 13
                    }
                  ]
                }
              ]
            }
          ]
        }
      ]
    },
    "Planning Time": 0.755,
    "Triggers": [],
    "Execution Time": 661.441
  }
]