{
  "Plan": {
    "Node Type": "Aggregate",
    "Strategy": "Plain",
    "Partial Mode": "Finalize",
    "Parallel Aware": false,
    "Startup Cost": 119157.91,
    "Total Cost": 119157.92,
    "Plan Rows": 1,
    "Plan Width": 8,
    "Actual Startup Time": 353.217,
    "Actual Total Time": 368.779,
    "Actual Rows": 1,
    "Actual Loops": 1,
    "Plans": [
      {
        "Node Type": "Gather",
        "Parent Relationship": "Outer",
        "Parallel Aware": false,
        "Startup Cost": 119157.8,
        "Total Cost": 119157.91,
        "Plan Rows": 1,
        "Plan Width": 8,
        "Actual Startup Time": 352.952,
        "Actual Total Time": 368.771,
        "Actual Rows": 2,
        "Actual Loops": 1,
        "Workers Planned": 1,
        "Workers Launched": 1,
        "Single Copy": false,
        "Plans": [
          {
            "Node Type": "Aggregate",
            "Strategy": "Plain",
            "Partial Mode": "Partial",
            "Parent Relationship": "Outer",
            "Parallel Aware": false,
            "Startup Cost": 118157.8,
            "Total Cost": 118157.81,
            "Plan Rows": 1,
            "Plan Width": 8,
            "Actual Startup Time": 348.777,
            "Actual Total Time": 348.78,
            "Actual Rows": 1,
            "Actual Loops": 2,
            "Plans": [
              {
                "Node Type": "Nested Loop",
                "Parent Relationship": "Outer",
                "Parallel Aware": false,
                "Join Type": "Inner",
                "Startup Cost": 54713.13,
                "Total Cost": 118150.82,
                "Plan Rows": 2791,
                "Plan Width": 0,
                "Actual Startup Time": 170.056,
                "Actual Total Time": 348.648,
                "Actual Rows": 1661,
                "Actual Loops": 2,
                "Inner Unique": false,
                "Join Filter": "(t.id = mc.movie_id)",
                "Rows Removed by Join Filter": 0,
                "Plans": [
                  {
                    "Node Type": "Hash Join",
                    "Parent Relationship": "Outer",
                    "Parallel Aware": true,
                    "Join Type": "Inner",
                    "Startup Cost": 54712.7,
                    "Total Cost": 114587.54,
                    "Plan Rows": 5494,
                    "Plan Width": 8,
                    "Actual Startup Time": 169.997,
                    "Actual Total Time": 340.823,
                    "Actual Rows": 1182,
                    "Actual Loops": 2,
                    "Inner Unique": true,
                    "Hash Cond": "(mk.movie_id = t.id)",
                    "Plans": [
                      {
                        "Node Type": "Seq Scan",
                        "Parent Relationship": "Outer",
                        "Parallel Aware": true,
                        "Relation Name": "movie_keyword",
                        "Alias": "mk",
                        "Startup Cost": 0.0,
                        "Total Cost": 57718.19,
                        "Plan Rows": 821579,
                        "Plan Width": 4,
                        "Actual Startup Time": 0.019,
                        "Actual Total Time": 158.927,
                        "Actual Rows": 704194,
                        "Actual Loops": 2,
                        "Filter": "(keyword_id < 1920)",
                        "Rows Removed by Filter": 1557771
                      },
                      {
                        "Node Type": "Hash",
                        "Parent Relationship": "Inner",
                        "Parallel Aware": true,
                        "Startup Cost": 54588.39,
                        "Total Cost": 54588.39,
                        "Plan Rows": 9945,
                        "Plan Width": 4,
                        "Actual Startup Time": 129.54,
                        "Actual Total Time": 129.541,
                        "Actual Rows": 10546,
                        "Actual Loops": 2,
                        "Hash Buckets": 32768,
                        "Original Hash Buckets": 32768,
                        "Hash Batches": 1,
                        "Original Hash Batches": 1,
                        "Peak Memory Usage": 1120,
                        "Plans": [
                          {
                            "Node Type": "Seq Scan",
                            "Parent Relationship": "Outer",
                            "Parallel Aware": true,
                            "Relation Name": "title",
                            "Alias": "t",
                            "Startup Cost": 0.0,
                            "Total Cost": 54588.39,
                            "Plan Rows": 9945,
                            "Plan Width": 4,
                            "Actual Startup Time": 68.926,
                            "Actual Total Time": 126.813,
                            "Actual Rows": 10546,
                            "Actual Loops": 2,
                            "Filter": "(production_year < 1909)",
                            "Rows Removed by Filter": 1253610
                          }
                        ]
                      }
                    ]
                  },
                  {
                    "Node Type": "Index Scan",
                    "Parent Relationship": "Inner",
                    "Parallel Aware": false,
                    "Scan Direction": "Forward",
                    "Index Name": "movie_id_movie_companies",
                    "Relation Name": "movie_companies",
                    "Alias": "mc",
                    "Startup Cost": 0.43,
                    "Total Cost": 0.61,
                    "Plan Rows": 3,
                    "Plan Width": 4,
                    "Actual Startup Time": 0.005,
                    "Actual Total Time": 0.006,
                    "Actual Rows": 1,
                    "Actual Loops": 2363,
                    "Index Cond": "(movie_id = mk.movie_id)",
                    "Rows Removed by Index Recheck": 0,
                    "Filter": "(company_type_id = 1)",
                    "Rows Removed by Filter": 1
                  }
                ]
              }
            ]
          }
        ]
      }
    ]
  },
  "Planning Time": 0.741,
  "Triggers": [],
  "Execution Time": 368.853
}