[
  {
    "Plan": {
      "Node Type": "Aggregate",
      "Strategy": "Plain",
      "Partial Mode": "Finalize",
      "Parallel Aware": false,
      "Startup Cost": 30798.57,
      "Total Cost": 30798.58,
      "Plan Rows": 1,
      "Plan Width": 8,
      "Actual Startup Time": 83.817,
      "Actual Total Time": 91.025,
      "Actual Rows": 1,
      "Actual Loops": 1,
      "Plans": [
        {
          "Node Type": "Gather",
          "Parent Relationship": "Outer",
          "Parallel Aware": false,
          "Startup Cost": 30798.25,
          "Total Cost": 30798.56,
          "Plan Rows": 3,
          "Plan Width": 8,
          "Actual Startup Time": 83.718,
          "Actual Total Time": 91.016,
          "Actual Rows": 4,
          "Actual Loops": 1,
          "Workers Planned": 3,
          "Workers Launched": 3,
          "Single Copy": false,
          "Plans": [
            {
              "Node Type": "Aggregate",
              "Strategy": "Plain",
              "Partial Mode": "Partial",
              "Parent Relationship": "Outer",
              "Parallel Aware": false,
              "Startup Cost": 29798.25,
              "Total Cost": 29798.26,
              "Plan Rows": 1,
              "Plan Width": 8,
              "Actual Startup Time": 78.063,
              "Actual Total Time": 78.064,
              "Actual Rows": 1,
              "Actual Loops": 4,
              "Plans": [
                {
                  "Node Type": "Seq Scan",
                  "Parent Relationship": "Outer",
                  "Parallel Aware": true,
                  "Relation Name": "movie_companies",
                  "Alias": "mc",
                  "Startup Cost": 0.0,
                  "Total Cost": 29310.68,
                  "Plan Rows": 195029,
                  "Plan Width": 0,
                  "Actual Startup Time": 36.203,
                  "Actual Total Time": 71.08,
                  "Actual Rows": 149980,
                  "Actual Loops": 4,
                  "Filter": "(company_id > 67796)",
                  "Rows Removed by Filter": 502302
                }
              ]
            }
          ]
        }
      ]
    },
    "Planning Time": 0.081,
    "Triggers": [],
    "Execution Time": 91.054
  }
]