[
  {
    "Plan": {
      "Node Type": "Aggregate",
      "Strategy": "Plain",
      "Partial Mode": "Finalize",
      "Parallel Aware": false,
      "Startup Cost": 287721.78,
      "Total Cost": 287721.79,
      "Plan Rows": 1,
      "Plan Width": 8,
      "Actual Startup Time": 173.9,
      "Actual Total Time": 181.155,
      "Actual Rows": 1,
      "Actual Loops": 1,
      "Plans": [
        {
          "Node Type": "Gather",
          "Parent Relationship": "Outer",
          "Parallel Aware": false,
          "Startup Cost": 287721.15,
          "Total Cost": 287721.76,
          "Plan Rows": 6,
          "Plan Width": 8,
          "Actual Startup Time": 173.262,
          "Actual Total Time": 181.143,
          "Actual Rows": 7,
          "Actual Loops": 1,
          "Workers Planned": 6,
          "Workers Launched": 6,
          "Single Copy": false,
          "Plans": [
            {
              "Node Type": "Aggregate",
              "Strategy": "Plain",
              "Partial Mode": "Partial",
              "Parent Relationship": "Outer",
              "Parallel Aware": false,
              "Startup Cost": 286721.15,
              "Total Cost": 286721.16,
              "Plan Rows": 1,
              "Plan Width": 8,
              "Actual Startup Time": 163.461,
              "Actual Total Time": 163.463,
              "Actual Rows": 1,
              "Actual Loops": 7,
              "Plans": [
                {
                  "Node Type": "Bitmap Heap Scan",
                  "Parent Relationship": "Outer",
                  "Parallel Aware": true,
                  "Relation Name": "cast_info",
                  "Alias": "ci",
                  "Startup Cost": 30320.54,
                  "Total Cost": 286460.8,
                  "Plan Rows": 104142,
                  "Plan Width": 0,
                  "Actual Startup Time": 75.164,
                  "Actual Total Time": 151.495,
                  "Actual Rows": 195397,
                  "Actual Loops": 7,
                  "Recheck Cond": "(person_id > 3796294)",
                  "Rows Removed by Index Recheck": 0,
                  "Filter": "(role_id > 2)",
                  "Rows Removed by Filter": 0,
                  "Exact Heap Blocks": 3747,
                  "Lossy Heap Blocks": 0,
                  "Plans": [
                    {
                      "Node Type": "Bitmap Index Scan",
                      "Parent Relationship": "Outer",
                      "Parallel Aware": false,
                      "Index Name": "person_id_cast_info",
                      "Startup Cost": 0.0,
                      "Total Cost": 30164.33,
                      "Plan Rows": 1381302,
                      "Plan Width": 0,
                      "Actual Startup Time": 79.056,
                      "Actual Total Time": 79.056,
                      "Actual Rows": 1367780,
                      "Actual Loops": 1,
                      "Index Cond": "(person_id > 3796294)"
                    }
                  ]
                }
              ]
            }
          ]
        }
      ]
    },
    "Planning Time": 0.205,
    "Triggers": [],
    "Execution Time": 181.226
  }
]