{
  "Plan": {
    "Node Type": "Aggregate",
    "Strategy": "Plain",
    "Partial Mode": "Finalize",
    "Parallel Aware": false,
    "Startup Cost": 232671.43,
    "Total Cost": 232671.44,
    "Plan Rows": 1,
    "Plan Width": 8,
    "Actual Startup Time": 1182.981,
    "Actual Total Time": 1205.385,
    "Actual Rows": 1,
    "Actual Loops": 1,
    "Plans": [
      {
        "Node Type": "Gather",
        "Parent Relationship": "Outer",
        "Parallel Aware": false,
        "Startup Cost": 232671.32,
        "Total Cost": 232671.43,
        "Plan Rows": 1,
        "Plan Width": 8,
        "Actual Startup Time": 1179.806,
        "Actual Total Time": 1205.378,
        "Actual Rows": 2,
        "Actual Loops": 1,
        "Workers Planned": 1,
        "Workers Launched": 1,
        "Single Copy": false,
        "Plans": [
          {
            "Node Type": "Aggregate",
            "Strategy": "Plain",
            "Partial Mode": "Partial",
            "Parent Relationship": "Outer",
            "Parallel Aware": false,
            "Startup Cost": 231671.32,
            "Total Cost": 231671.33,
            "Plan Rows": 1,
            "Plan Width": 8,
            "Actual Startup Time": 1173.896,
            "Actual Total Time": 1173.899,
            "Actual Rows": 1,
            "Actual Loops": 2,
            "Plans": [
              {
                "Node Type": "Nested Loop",
                "Parent Relationship": "Outer",
                "Parallel Aware": false,
                "Join Type": "Inner",
                "Startup Cost": 101878.05,
                "Total Cost": 231372.92,
                "Plan Rows": 119357,
                "Plan Width": 0,
                "Actual Startup Time": 339.001,
                "Actual Total Time": 1141.873,
                "Actual Rows": 767178,
                "Actual Loops": 2,
                "Inner Unique": false,
                "Join Filter": "(t.id = mc.movie_id)",
                "Rows Removed by Join Filter": 0,
                "Plans": [
                  {
                    "Node Type": "Merge Join",
                    "Parent Relationship": "Outer",
                    "Parallel Aware": false,
                    "Join Type": "Inner",
                    "Startup Cost": 101877.62,
                    "Total Cost": 154800.2,
                    "Plan Rows": 115659,
                    "Plan Width": 8,
                    "Actual Startup Time": 338.94,
                    "Actual Total Time": 615.105,
                    "Actual Rows": 226829,
                    "Actual Loops": 2,
                    "Inner Unique": true,
                    "Merge Cond": "(mi_idx.movie_id = t.id)",
                    "Plans": [
                      {
                        "Node Type": "Index Only Scan",
                        "Parent Relationship": "Outer",
                        "Parallel Aware": true,
                        "Scan Direction": "Forward",
                        "Index Name": "movie_id_movie_info_idx",
                        "Relation Name": "movie_info_idx",
                        "Alias": "mi_idx",
                        "Startup Cost": 0.43,
                        "Total Cost": 47937.73,
                        "Plan Rows": 811785,
                        "Plan Width": 4,
                        "Actual Startup Time": 0.141,
                        "Actual Total Time": 133.991,
                        "Actual Rows": 690018,
                        "Actual Loops": 2,
                        "Heap Fetches": 1380035
                      },
                      {
                        "Node Type": "Sort",
                        "Parent Relationship": "Inner",
                        "Parallel Aware": false,
                        "Startup Cost": 101877.15,
                        "Total Cost": 102777.7,
                        "Plan Rows": 360219,
                        "Plan Width": 4,
                        "Actual Startup Time": 338.768,
                        "Actual Total Time": 396.179,
                        "Actual Rows": 469602,
                        "Actual Loops": 2,
                        "Sort Key": [
                          "t.id"
                        ],
                        "Sort Method": "quicksort",
                        "Sort Space Used": 34337,
                        "Sort Space Type": "Memory",
                        "Workers": [
                          {
                            "Worker Number": 0,
                            "Sort Method": "quicksort",
                            "Sort Space Used": 34337,
                            "Sort Space Type": "Memory"
                          }
                        ],
                        "Plans": [
                          {
                            "Node Type": "Bitmap Heap Scan",
                            "Parent Relationship": "Outer",
                            "Parallel Aware": false,
                            "Relation Name": "title",
                            "Alias": "t",
                            "Startup Cost": 17762.19,
                            "Total Cost": 68631.61,
                            "Plan Rows": 360219,
                            "Plan Width": 4,
                            "Actual Startup Time": 60.736,
                            "Actual Total Time": 221.022,
                            "Actual Rows": 470371,
                            "Actual Loops": 2,
                            "Recheck Cond": "(kind_id < 7)",
                            "Rows Removed by Index Recheck": 0,
                            "Filter": "(production_year < 1998)",
                            "Rows Removed by Filter": 514677,
                            "Exact Heap Blocks": 35472,
                            "Lossy Heap Blocks": 0,
                            "Plans": [
                              {
                                "Node Type": "Bitmap Index Scan",
                                "Parent Relationship": "Outer",
                                "Parallel Aware": false,
                                "Index Name": "kind_id_title",
                                "Startup Cost": 0.0,
                                "Total Cost": 17672.14,
                                "Plan Rows": 991428,
                                "Plan Width": 0,
                                "Actual Startup Time": 55.898,
                                "Actual Total Time": 55.899,
                                "Actual Rows": 985048,
                                "Actual Loops": 2,
                                "Index Cond": "(kind_id < 7)"
                              }
                            ]
                          }
                        ]
                      }
                    ]
                  },
                  {
                    "Node Type": "Index Only Scan",
                    "Parent Relationship": "Inner",
                    "Parallel Aware": false,
                    "Scan Direction": "Forward",
                    "Index Name": "movie_id_movie_companies",
                    "Relation Name": "movie_companies",
                    "Alias": "mc",
                    "Startup Cost": 0.43,
                    "Total Cost": 0.6,
                    "Plan Rows": 5,
                    "Plan Width": 4,
                    "Actual Startup Time": 0.001,
                    "Actual Total Time": 0.002,
                    "Actual Rows": 3,
                    "Actual Loops": 453658,
                    "Index Cond": "(movie_id = mi_idx.movie_id)",
                    "Rows Removed by Index Recheck": 0,
                    "Heap Fetches": 1534356
                  }
                ]
              }
            ]
          }
        ]
      }
    ]
  },
  "Planning Time": 1.052,
  "Triggers": [],
  "Execution Time": 1210.093
}