[
  {
    "Plan": {
      "Node Type": "Aggregate",
      "Strategy": "Plain",
      "Partial Mode": "Finalize",
      "Parallel Aware": false,
      "Startup Cost": 92263.31,
      "Total Cost": 92263.32,
      "Plan Rows": 1,
      "Plan Width": 8,
      "Actual Startup Time": 346.443,
      "Actual Total Time": 362.025,
      "Actual Rows": 1,
      "Actual Loops": 1,
      "Plans": [
        {
          "Node Type": "Gather",
          "Parent Relationship": "Outer",
          "Parallel Aware": false,
          "Startup Cost": 92263.0,
          "Total Cost": 92263.31,
          "Plan Rows": 3,
          "Plan Width": 8,
          "Actual Startup Time": 343.178,
          "Actual Total Time": 362.019,
          "Actual Rows": 4,
          "Actual Loops": 1,
          "Workers Planned": 3,
          "Workers Launched": 3,
          "Single Copy": false,
          "Plans": [
            {
              "Node Type": "Aggregate",
              "Strategy": "Plain",
              "Partial Mode": "Partial",
              "Parent Relationship": "Outer",
              "Parallel Aware": false,
              "Startup Cost": 91263.0,
              "Total Cost": 91263.01,
              "Plan Rows": 1,
              "Plan Width": 8,
              "Actual Startup Time": 337.006,
              "Actual Total Time": 337.009,
              "Actual Rows": 1,
              "Actual Loops": 4,
              "Plans": [
                {
                  "Node Type": "Hash Join",
                  "Parent Relationship": "Outer",
                  "Parallel Aware": true,
                  "Join Type": "Inner",
                  "Startup Cost": 47059.56,
                  "Total Cost": 90847.08,
                  "Plan Rows": 166365,
                  "Plan Width": 0,
                  "Actual Startup Time": 179.229,
                  "Actual Total Time": 329.805,
                  "Actual Rows": 173206,
                  "Actual Loops": 4,
                  "Inner Unique": true,
                  "Hash Cond": "(mk.movie_id = t.id)",
                  "Plans": [
                    {
                      "Node Type": "Seq Scan",
                      "Parent Relationship": "Outer",
                      "Parallel Aware": true,
                      "Relation Name": "movie_keyword",
                      "Alias": "mk",
                      "Startup Cost": 0.0,
                      "Total Cost": 42695.65,
                      "Plan Rows": 415951,
                      "Plan Width": 4,
                      "Actual Startup Time": 0.028,
                      "Actual Total Time": 88.245,
                      "Actual Rows": 322973,
                      "Actual Loops": 4,
                      "Filter": "(keyword_id < 1678)",
                      "Rows Removed by Filter": 808010
                    },
                    {
                      "Node Type": "Hash",
                      "Parent Relationship": "Inner",
                      "Parallel Aware": true,
                      "Startup Cost": 43899.32,
                      "Total Cost": 43899.32,
                      "Plan Rows": 252819,
                      "Plan Width": 4,
                      "Actual Startup Time": 176.425,
                      "Actual Total Time": 176.426,
                      "Actual Rows": 255438,
                      "Actual Loops": 4,
                      "Hash Buckets": 1048576,
                      "Original Hash Buckets": 1048576,
                      "Hash Batches": 1,
                      "Original Hash Batches": 1,
                      "Peak Memory Usage": 48224,
                      "Plans": [
                        {
                          "Node Type": "Seq Scan",
                          "Parent Relationship": "Outer",
                          "Parallel Aware": true,
                          "Relation Name": "title",
                          "Alias": "t",
                          "Startup Cost": 0.0,
                          "Total Cost": 43899.32,
                          "Plan Rows": 252819,
                          "Plan Width": 4,
                          "Actual Startup Time": 0.033,
                          "Actual Total Time": 96.226,
                          "Actual Rows": 255438,
                          "Actual Loops": 4,
                          "Filter": "(production_year < 2000)",
                          "Rows Removed by Filter": 376640
                        }
                      ]
                    }
                  ]
                }
              ]
            }
          ]
        }
      ]
    },
    "Planning Time": 0.242,
    "Triggers": [],
    "Execution Time": 362.059
  }
]