[
  {
    "Plan": {
      "Node Type": "Aggregate",
      "Strategy": "Plain",
      "Partial Mode": "Finalize",
      "Parallel Aware": false,
      "Startup Cost": 47176.19,
      "Total Cost": 47176.2,
      "Plan Rows": 1,
      "Plan Width": 8,
      "Actual Startup Time": 223.19,
      "Actual Total Time": 235.243,
      "Actual Rows": 1,
      "Actual Loops": 1,
      "Plans": [
        {
          "Node Type": "Gather",
          "Parent Relationship": "Outer",
          "Parallel Aware": false,
          "Startup Cost": 47175.88,
          "Total Cost": 47176.19,
          "Plan Rows": 3,
          "Plan Width": 8,
          "Actual Startup Time": 222.9,
          "Actual Total Time": 235.236,
          "Actual Rows": 4,
          "Actual Loops": 1,
          "Workers Planned": 3,
          "Workers Launched": 3,
          "Single Copy": false,
          "Plans": [
            {
              "Node Type": "Aggregate",
              "Strategy": "Plain",
              "Partial Mode": "Partial",
              "Parent Relationship": "Outer",
              "Parallel Aware": false,
              "Startup Cost": 46175.88,
              "Total Cost": 46175.89,
              "Plan Rows": 1,
              "Plan Width": 8,
              "Actual Startup Time": 216.833,
              "Actual Total Time": 216.834,
              "Actual Rows": 1,
              "Actual Loops": 4,
              "Plans": [
                {
                  "Node Type": "Seq Scan",
                  "Parent Relationship": "Outer",
                  "Parallel Aware": true,
                  "Relation Name": "movie_keyword",
                  "Alias": "mk",
                  "Startup Cost": 0.0,
                  "Total Cost": 42695.65,
                  "Plan Rows": 1392089,
                  "Plan Width": 0,
                  "Actual Startup Time": 0.053,
                  "Actual Total Time": 156.1,
                  "Actual Rows": 1080182,
                  "Actual Loops": 4,
                  "Filter": "(keyword_id < 67972)",
                  "Rows Removed by Filter": 50801
                }
              ]
            }
          ]
        }
      ]
    },
    "Planning Time": 0.117,
    "Triggers": [],
    "Execution Time": 235.282
  }
]