[
  {
    "Plan": {
      "Node Type": "Aggregate",
      "Strategy": "Plain",
      "Partial Mode": "Finalize",
      "Parallel Aware": false,
      "Startup Cost": 46733.18,
      "Total Cost": 46733.19,
      "Plan Rows": 1,
      "Plan Width": 8,
      "Actual Startup Time": 113.53,
      "Actual Total Time": 127.308,
      "Actual Rows": 1,
      "Actual Loops": 1,
      "Plans": [
        {
          "Node Type": "Gather",
          "Parent Relationship": "Outer",
          "Parallel Aware": false,
          "Startup Cost": 46732.76,
          "Total Cost": 46733.17,
          "Plan Rows": 4,
          "Plan Width": 8,
          "Actual Startup Time": 113.33,
          "Actual Total Time": 127.299,
          "Actual Rows": 5,
          "Actual Loops": 1,
          "Workers Planned": 4,
          "Workers Launched": 4,
          "Single Copy": false,
          "Plans": [
            {
              "Node Type": "Aggregate",
              "Strategy": "Plain",
              "Partial Mode": "Partial",
              "Parent Relationship": "Outer",
              "Parallel Aware": false,
              "Startup Cost": 45732.76,
              "Total Cost": 45732.77,
              "Plan Rows": 1,
              "Plan Width": 8,
              "Actual Startup Time": 106.604,
              "Actual Total Time": 106.606,
              "Actual Rows": 1,
              "Actual Loops": 5,
              "Plans": [
                {
                  "Node Type": "Seq Scan",
                  "Parent Relationship": "Outer",
                  "Parallel Aware": true,
                  "Relation Name": "title",
                  "Alias": "t",
                  "Startup Cost": 0.0,
                  "Total Cost": 45479.59,
                  "Plan Rows": 101269,
                  "Plan Width": 0,
                  "Actual Startup Time": 56.167,
                  "Actual Total Time": 100.644,
                  "Actual Rows": 91229,
                  "Actual Loops": 5,
                  "Filter": "((kind_id < 2) AND (production_year < 2007))",
                  "Rows Removed by Filter": 414433
                }
              ]
            }
          ]
        }
      ]
    },
    "Planning Time": 0.097,
    "Triggers": [],
    "Execution Time": 127.343
  }
]