{
  "Plan": {
    "Node Type": "Aggregate",
    "Strategy": "Plain",
    "Partial Mode": "Simple",
    "Parallel Aware": false,
    "Startup Cost": 497610.39,
    "Total Cost": 497610.4,
    "Plan Rows": 1,
    "Plan Width": 32,
    "Actual Startup Time": 1852.539,
    "Actual Total Time": 1887.753,
    "Actual Rows": 1,
    "Actual Loops": 1,
    "Plans": [
      {
        "Node Type": "Gather",
        "Parent Relationship": "Outer",
        "Parallel Aware": false,
        "Startup Cost": 497598.99,
        "Total Cost": 497610.39,
        "Plan Rows": 1,
        "Plan Width": 17,
        "Actual Startup Time": 1829.129,
        "Actual Total Time": 1887.154,
        "Actual Rows": 5228,
        "Actual Loops": 1,
        "Workers Planned": 1,
        "Workers Launched": 1,
        "Single Copy": false,
        "Plans": [
          {
            "Node Type": "Merge Join",
            "Parent Relationship": "Outer",
            "Parallel Aware": false,
            "Join Type": "Inner",
            "Startup Cost": 496598.99,
            "Total Cost": 496610.29,
            "Plan Rows": 1,
            "Plan Width": 17,
            "Actual Startup Time": 1821.896,
            "Actual Total Time": 1839.639,
            "Actual Rows": 2614,
            "Actual Loops": 2,
            "Inner Unique": true,
            "Merge Cond": "(mc.company_id = cn.id)",
            "Plans": [
              {
                "Node Type": "Sort",
                "Parent Relationship": "Outer",
                "Parallel Aware": false,
                "Startup Cost": 490541.87,
                "Total Cost": 490541.92,
                "Plan Rows": 21,
                "Plan Width": 21,
                "Actual Startup Time": 1797.644,
                "Actual Total Time": 1807.007,
                "Actual Rows": 74274,
                "Actual Loops": 2,
                "Sort Key": [
                  "mc.company_id"
                ],
                "Sort Method": "quicksort",
                "Sort Space Used": 8976,
                "Sort Space Type": "Memory",
                "Workers": [
                  {
                    "Worker Number": 0,
                    "Sort Method": "quicksort",
                    "Sort Space Used": 8062,
                    "Sort Space Type": "Memory"
                  }
                ],
                "Plans": [
                  {
                    "Node Type": "Merge Join",
                    "Parent Relationship": "Outer",
                    "Parallel Aware": false,
                    "Join Type": "Inner",
                    "Startup Cost": 240501.93,
                    "Total Cost": 490541.41,
                    "Plan Rows": 21,
                    "Plan Width": 21,
                    "Actual Startup Time": 153.861,
                    "Actual Total Time": 1777.407,
                    "Actual Rows": 74276,
                    "Actual Loops": 2,
                    "Inner Unique": false,
                    "Merge Cond": "(mc.movie_id = t.id)",
                    "Plans": [
                      {
                        "Node Type": "Index Scan",
                        "Parent Relationship": "Outer",
                        "Parallel Aware": true,
                        "Scan Direction": "Forward",
                        "Index Name": "movie_id_movie_companies",
                        "Relation Name": "movie_companies",
                        "Alias": "mc",
                        "Startup Cost": 0.43,
                        "Total Cost": 129661.29,
                        "Plan Rows": 1534782,
                        "Plan Width": 8,
                        "Actual Startup Time": 0.073,
                        "Actual Total Time": 300.546,
                        "Actual Rows": 1304564,
                        "Actual Loops": 2
                      },
                      {
                        "Node Type": "Materialize",
                        "Parent Relationship": "Inner",
                        "Parallel Aware": false,
                        "Startup Cost": 240501.5,
                        "Total Cost": 357042.87,
                        "Plan Rows": 34,
                        "Plan Width": 25,
                        "Actual Startup Time": 142.741,
                        "Actual Total Time": 1383.459,
                        "Actual Rows": 98326,
                        "Actual Loops": 2,
                        "Plans": [
                          {
                            "Node Type": "Merge Join",
                            "Parent Relationship": "Outer",
                            "Parallel Aware": false,
                            "Join Type": "Inner",
                            "Startup Cost": 240501.5,
                            "Total Cost": 357042.78,
                            "Plan Rows": 34,
                            "Plan Width": 25,
                            "Actual Startup Time": 142.728,
                            "Actual Total Time": 1368.984,
                            "Actual Rows": 41838,
                            "Actual Loops": 2,
                            "Inner Unique": false,
                            "Merge Cond": "(t.id = mk.movie_id)",
                            "Plans": [
                              {
                                "Node Type": "Index Scan",
                                "Parent Relationship": "Outer",
                                "Parallel Aware": false,
                                "Scan Direction": "Forward",
                                "Index Name": "title_pkey",
                                "Relation Name": "title",
                                "Alias": "t",
                                "Startup Cost": 0.43,
                                "Total Cost": 110359.06,
                                "Plan Rows": 2528509,
                                "Plan Width": 21,
                                "Actual Startup Time": 0.102,
                                "Actual Total Time": 1063.583,
                                "Actual Rows": 2525712,
                                "Actual Loops": 2
                              },
                              {
                                "Node Type": "Sort",
                                "Parent Relationship": "Inner",
                                "Parallel Aware": false,
                                "Startup Cost": 240487.87,
                                "Total Cost": 240487.95,
                                "Plan Rows": 34,
                                "Plan Width": 4,
                                "Actual Startup Time": 141.887,
                                "Actual Total Time": 146.39,
                                "Actual Rows": 41838,
                                "Actual Loops": 2,
                                "Sort Key": [
                                  "mk.movie_id"
                                ],
                                "Sort Method": "quicksort",
                                "Sort Space Used": 3498,
                                "Sort Space Type": "Memory",
                                "Workers": [
                                  {
                                    "Worker Number": 0,
                                    "Sort Method": "quicksort",
                                    "Sort Space Used": 3498,
                                    "Sort Space Type": "Memory"
                                  }
                                ],
                                "Plans": [
                                  {
                                    "Node Type": "Merge Join",
                                    "Parent Relationship": "Outer",
                                    "Parallel Aware": false,
                                    "Join Type": "Inner",
                                    "Startup Cost": 3468.34,
                                    "Total Cost": 240487.0,
                                    "Plan Rows": 34,
                                    "Plan Width": 4,
                                    "Actual Startup Time": 115.162,
                                    "Actual Total Time": 134.783,
                                    "Actual Rows": 41840,
                                    "Actual Loops": 2,
                                    "Inner Unique": true,
                                    "Merge Cond": "(mk.keyword_id = k.id)",
                                    "Plans": [
                                      {
                                        "Node Type": "Index Scan",
                                        "Parent Relationship": "Outer",
                                        "Parallel Aware": false,
                                        "Scan Direction": "Forward",
                                        "Index Name": "keyword_id_movie_keyword",
                                        "Relation Name": "movie_keyword",
                                        "Alias": "mk",
                                        "Startup Cost": 0.43,
                                        "Total Cost": 226550.7,
                                        "Plan Rows": 4523930,
                                        "Plan Width": 8,
                                        "Actual Startup Time": 0.093,
                                        "Actual Total Time": 96.164,
                                        "Actual Rows": 163762,
                                        "Actual Loops": 2
                                      },
                                      {
                                        "Node Type": "Sort",
                                        "Parent Relationship": "Inner",
                                        "Parallel Aware": false,
                                        "Startup Cost": 2626.14,
                                        "Total Cost": 2626.14,
                                        "Plan Rows": 1,
                                        "Plan Width": 4,
                                        "Actual Startup Time": 25.531,
                                        "Actual Total Time": 25.533,
                                        "Actual Rows": 1,
                                        "Actual Loops": 2,
                                        "Sort Key": [
                                          "k.id"
                                        ],
                                        "Sort Method": "quicksort",
                                        "Sort Space Used": 25,
                                        "Sort Space Type": "Memory",
                                        "Workers": [
                                          {
                                            "Worker Number": 0,
                                            "Sort Method": "quicksort",
                                            "Sort Space Used": 25,
                                            "Sort Space Type": "Memory"
                                          }
                                        ],
                                        "Plans": [
                                          {
                                            "Node Type": "Seq Scan",
                                            "Parent Relationship": "Outer",
                                            "Parallel Aware": false,
                                            "Relation Name": "keyword",
                                            "Alias": "k",
                                            "Startup Cost": 0.0,
                                            "Total Cost": 2626.12,
                                            "Plan Rows": 1,
                                            "Plan Width": 4,
                                            "Actual Startup Time": 1.715,
                                            "Actual Total Time": 25.511,
                                            "Actual Rows": 1,
                                            "Actual Loops": 2,
                                            "Filter": "(keyword = 'character-name-in-title'::text)",
                                            "Rows Removed by Filter": 134169
                                          }
                                        ]
                                      }
                                    ]
                                  }
                                ]
                              }
                            ]
                          }
                        ]
                      }
                    ]
                  }
                ]
              },
              {
                "Node Type": "Sort",
                "Parent Relationship": "Inner",
                "Parallel Aware": false,
                "Startup Cost": 6057.11,
                "Total Cost": 6062.71,
                "Plan Rows": 2240,
                "Plan Width": 4,
                "Actual Startup Time": 23.803,
                "Actual Total Time": 24.029,
                "Actual Rows": 2340,
                "Actual Loops": 2,
                "Sort Key": [
                  "cn.id"
                ],
                "Sort Method": "quicksort",
                "Sort Space Used": 206,
                "Sort Space Type": "Memory",
                "Workers": [
                  {
                    "Worker Number": 0,
                    "Sort Method": "quicksort",
                    "Sort Space Used": 206,
                    "Sort Space Type": "Memory"
                  }
                ],
                "Plans": [
                  {
                    "Node Type": "Seq Scan",
                    "Parent Relationship": "Outer",
                    "Parallel Aware": false,
                    "Relation Name": "company_name",
                    "Alias": "cn",
                    "Startup Cost": 0.0,
                    "Total Cost": 5932.46,
                    "Plan Rows": 2240,
                    "Plan Width": 4,
                    "Actual Startup Time": 0.041,
                    "Actual Total Time": 23.241,
                    "Actual Rows": 2340,
                    "Actual Loops": 2,
                    "Filter": "((country_code)::text = '[nl]'::text)",
                    "Rows Removed by Filter": 232657
                  }
                ]
              }
            ]
          }
        ]
      }
    ]
  },
  "Planning Time": 1.744,
  "Triggers": [],
  "Execution Time": 1887.886
}