[
  {
    "Plan": {
      "Node Type": "Aggregate",
      "Strategy": "Plain",
      "Partial Mode": "Finalize",
      "Parallel Aware": false,
      "Startup Cost": 80550.61,
      "Total Cost": 80550.62,
      "Plan Rows": 1,
      "Plan Width": 8,
      "Actual Startup Time": 397.903,
      "Actual Total Time": 414.822,
      "Actual Rows": 1,
      "Actual Loops": 1,
      "Plans": [
        {
          "Node Type": "Gather",
          "Parent Relationship": "Outer",
          "Parallel Aware": false,
          "Startup Cost": 80550.19,
          "Total Cost": 80550.6,
          "Plan Rows": 4,
          "Plan Width": 8,
          "Actual Startup Time": 395.013,
          "Actual Total Time": 414.809,
          "Actual Rows": 5,
          "Actual Loops": 1,
          "Workers Planned": 4,
          "Workers Launched": 4,
          "Single Copy": false,
          "Plans": [
            {
              "Node Type": "Aggregate",
              "Strategy": "Plain",
              "Partial Mode": "Partial",
              "Parent Relationship": "Outer",
              "Parallel Aware": false,
              "Startup Cost": 79550.19,
              "Total Cost": 79550.2,
              "Plan Rows": 1,
              "Plan Width": 8,
              "Actual Startup Time": 385.391,
              "Actual Total Time": 385.395,
              "Actual Rows": 1,
              "Actual Loops": 5,
              "Plans": [
                {
                  "Node Type": "Hash Join",
                  "Parent Relationship": "Outer",
                  "Parallel Aware": true,
                  "Join Type": "Inner",
                  "Startup Cost": 32823.91,
                  "Total Cost": 79005.64,
                  "Plan Rows": 217820,
                  "Plan Width": 0,
                  "Actual Startup Time": 147.423,
                  "Actual Total Time": 376.516,
                  "Actual Rows": 177041,
                  "Actual Loops": 5,
                  "Inner Unique": false,
                  "Hash Cond": "(t.id = mc.movie_id)",
                  "Plans": [
                    {
                      "Node Type": "Seq Scan",
                      "Parent Relationship": "Outer",
                      "Parallel Aware": true,
                      "Relation Name": "title",
                      "Alias": "t",
                      "Startup Cost": 0.0,
                      "Total Cost": 42318.73,
                      "Plan Rows": 632073,
                      "Plan Width": 4,
                      "Actual Startup Time": 0.01,
                      "Actual Total Time": 68.032,
                      "Actual Rows": 505662,
                      "Actual Loops": 5
                    },
                    {
                      "Node Type": "Hash",
                      "Parent Relationship": "Inner",
                      "Parallel Aware": true,
                      "Startup Cost": 29310.68,
                      "Total Cost": 29310.68,
                      "Plan Rows": 281058,
                      "Plan Width": 4,
                      "Actual Startup Time": 142.867,
                      "Actual Total Time": 142.868,
                      "Actual Rows": 177041,
                      "Actual Loops": 5,
                      "Hash Buckets": 1048576,
                      "Original Hash Buckets": 1048576,
                      "Hash Batches": 1,
                      "Original Hash Batches": 1,
                      "Peak Memory Usage": 42880,
                      "Plans": [
                        {
                          "Node Type": "Seq Scan",
                          "Parent Relationship": "Outer",
                          "Parallel Aware": true,
                          "Relation Name": "movie_companies",
                          "Alias": "mc",
                          "Startup Cost": 0.0,
                          "Total Cost": 29310.68,
                          "Plan Rows": 281058,
                          "Plan Width": 4,
                          "Actual Startup Time": 23.126,
                          "Actual Total Time": 79.967,
                          "Actual Rows": 177041,
                          "Actual Loops": 5,
                          "Filter": "(company_id > 22485)",
                          "Rows Removed by Filter": 344785
                        }
                      ]
                    }
                  ]
                }
              ]
            }
          ]
        }
      ]
    },
    "Planning Time": 0.647,
    "Triggers": [],
    "Execution Time": 414.903
  }
]