[
  {
    "Plan": {
      "Node Type": "Aggregate",
      "Strategy": "Plain",
      "Partial Mode": "Finalize",
      "Parallel Aware": false,
      "Startup Cost": 290413.68,
      "Total Cost": 290413.69,
      "Plan Rows": 1,
      "Plan Width": 8,
      "Actual Startup Time": 1785.928,
      "Actual Total Time": 1830.688,
      "Actual Rows": 1,
      "Actual Loops": 1,
      "Plans": [
        {
          "Node Type": "Gather",
          "Parent Relationship": "Outer",
          "Parallel Aware": false,
          "Startup Cost": 290413.16,
          "Total Cost": 290413.67,
          "Plan Rows": 5,
          "Plan Width": 8,
          "Actual Startup Time": 1778.915,
          "Actual Total Time": 1830.658,
          "Actual Rows": 6,
          "Actual Loops": 1,
          "Workers Planned": 5,
          "Workers Launched": 5,
          "Single Copy": false,
          "Plans": [
            {
              "Node Type": "Aggregate",
              "Strategy": "Plain",
              "Partial Mode": "Partial",
              "Parent Relationship": "Outer",
              "Parallel Aware": false,
              "Startup Cost": 289413.16,
              "Total Cost": 289413.17,
              "Plan Rows": 1,
              "Plan Width": 8,
              "Actual Startup Time": 1771.848,
              "Actual Total Time": 1772.094,
              "Actual Rows": 1,
              "Actual Loops": 6,
              "Plans": [
                {
                  "Node Type": "Hash Join",
                  "Parent Relationship": "Outer",
                  "Parallel Aware": true,
                  "Join Type": "Inner",
                  "Startup Cost": 77619.75,
                  "Total Cost": 288366.51,
                  "Plan Rows": 418658,
                  "Plan Width": 0,
                  "Actual Startup Time": 358.774,
                  "Actual Total Time": 1570.445,
                  "Actual Rows": 4085649,
                  "Actual Loops": 6,
                  "Inner Unique": false,
                  "Hash Cond": "(mi.movie_id = t.id)",
                  "Plans": [
                    {
                      "Node Type": "Seq Scan",
                      "Parent Relationship": "Outer",
                      "Parallel Aware": true,
                      "Relation Name": "movie_info",
                      "Alias": "mi",
                      "Startup Cost": 0.0,
                      "Total Cost": 199108.24,
                      "Plan Rows": 2743469,
                      "Plan Width": 4,
                      "Actual Startup Time": 0.074,
                      "Actual Total Time": 401.616,
                      "Actual Rows": 2285625,
                      "Actual Loops": 6,
                      "Filter": "(info_type_id < 63)",
                      "Rows Removed by Filter": 186995
                    },
                    {
                      "Node Type": "Hash",
                      "Parent Relationship": "Inner",
                      "Parallel Aware": true,
                      "Startup Cost": 76063.94,
                      "Total Cost": 76063.94,
                      "Plan Rows": 124465,
                      "Plan Width": 8,
                      "Actual Startup Time": 355.318,
                      "Actual Total Time": 355.561,
                      "Actual Rows": 164133,
                      "Actual Loops": 6,
                      "Hash Buckets": 1048576,
                      "Original Hash Buckets": 524288,
                      "Hash Batches": 1,
                      "Original Hash Batches": 1,
                      "Peak Memory Usage": 50912,
                      "Plans": [
                        {
                          "Node Type": "Hash Join",
                          "Parent Relationship": "Outer",
                          "Parallel Aware": true,
                          "Join Type": "Inner",
                          "Startup Cost": 46648.05,
                          "Total Cost": 76063.94,
                          "Plan Rows": 124465,
                          "Plan Width": 8,
                          "Actual Startup Time": 117.118,
                          "Actual Total Time": 276.344,
                          "Actual Rows": 164133,
                          "Actual Loops": 6,
                          "Inner Unique": true,
                          "Hash Cond": "(mc.movie_id = t.id)",
                          "Plans": [
                            {
                              "Node Type": "Seq Scan",
                              "Parent Relationship": "Outer",
                              "Parallel Aware": true,
                              "Relation Name": "movie_companies",
                              "Alias": "mc",
                              "Startup Cost": 0.0,
                              "Total Cost": 27206.55,
                              "Plan Rows": 841655,
                              "Plan Width": 4,
                              "Actual Startup Time": 0.012,
                              "Actual Total Time": 50.573,
                              "Actual Rows": 434855,
                              "Actual Loops": 6
                            },
                            {
                              "Node Type": "Hash",
                              "Parent Relationship": "Inner",
                              "Parallel Aware": true,
                              "Startup Cost": 45479.59,
                              "Total Cost": 45479.59,
                              "Plan Rows": 93477,
                              "Plan Width": 4,
                              "Actual Startup Time": 116.337,
                              "Actual Total Time": 116.338,
                              "Actual Rows": 80803,
                              "Actual Loops": 6,
                              "Hash Buckets": 524288,
                              "Original Hash Buckets": 524288,
                              "Hash Batches": 1,
                              "Original Hash Batches": 1,
                              "Peak Memory Usage": 23168,
                              "Plans": [
                                {
                                  "Node Type": "Seq Scan",
                                  "Parent Relationship": "Outer",
                                  "Parallel Aware": true,
                                  "Relation Name": "title",
                                  "Alias": "t",
                                  "Startup Cost": 0.0,
                                  "Total Cost": 45479.59,
                                  "Plan Rows": 93477,
                                  "Plan Width": 4,
                                  "Actual Startup Time": 0.048,
                                  "Actual Total Time": 83.094,
                                  "Actual Rows": 80803,
                                  "Actual Loops": 6,
                                  "Filter": "((kind_id < 7) AND (production_year < 1999))",
                                  "Rows Removed by Filter": 340582
                                }
                              ]
                            }
                          ]
                        }
                      ]
                    }
                  ]
                }
              ]
            }
          ]
        }
      ]
    },
    "Planning Time": 0.366,
    "Triggers": [],
    "Execution Time": 1830.736
  }
]