{
  "Plan": {
    "Node Type": "Aggregate",
    "Strategy": "Plain",
    "Partial Mode": "Finalize",
    "Parallel Aware": false,
    "Startup Cost": 187268.01,
    "Total Cost": 187268.02,
    "Plan Rows": 1,
    "Plan Width": 8,
    "Actual Startup Time": 950.599,
    "Actual Total Time": 1039.229,
    "Actual Rows": 1,
    "Actual Loops": 1,
    "Plans": [
      {
        "Node Type": "Gather",
        "Parent Relationship": "Outer",
        "Parallel Aware": false,
        "Startup Cost": 187267.9,
        "Total Cost": 187268.01,
        "Plan Rows": 1,
        "Plan Width": 8,
        "Actual Startup Time": 949.21,
        "Actual Total Time": 1039.219,
        "Actual Rows": 2,
        "Actual Loops": 1,
        "Workers Planned": 1,
        "Workers Launched": 1,
        "Single Copy": false,
        "Plans": [
          {
            "Node Type": "Aggregate",
            "Strategy": "Plain",
            "Partial Mode": "Partial",
            "Parent Relationship": "Outer",
            "Parallel Aware": false,
            "Startup Cost": 186267.9,
            "Total Cost": 186267.91,
            "Plan Rows": 1,
            "Plan Width": 8,
            "Actual Startup Time": 943.141,
            "Actual Total Time": 943.299,
            "Actual Rows": 1,
            "Actual Loops": 2,
            "Plans": [
              {
                "Node Type": "Nested Loop",
                "Parent Relationship": "Outer",
                "Parallel Aware": false,
                "Join Type": "Inner",
                "Startup Cost": 31681.04,
                "Total Cost": 185643.75,
                "Plan Rows": 249662,
                "Plan Width": 0,
                "Actual Startup Time": 134.941,
                "Actual Total Time": 920.516,
                "Actual Rows": 380350,
                "Actual Loops": 2,
                "Inner Unique": false,
                "Plans": [
                  {
                    "Node Type": "Hash Join",
                    "Parent Relationship": "Outer",
                    "Parallel Aware": true,
                    "Join Type": "Inner",
                    "Startup Cost": 31680.48,
                    "Total Cost": 91564.22,
                    "Plan Rows": 17424,
                    "Plan Width": 8,
                    "Actual Startup Time": 134.831,
                    "Actual Total Time": 328.72,
                    "Actual Rows": 12814,
                    "Actual Loops": 2,
                    "Inner Unique": false,
                    "Hash Cond": "(t.id = mc.movie_id)",
                    "Plans": [
                      {
                        "Node Type": "Seq Scan",
                        "Parent Relationship": "Outer",
                        "Parallel Aware": true,
                        "Relation Name": "title",
                        "Alias": "t",
                        "Startup Cost": 0.0,
                        "Total Cost": 58306.47,
                        "Plan Rows": 235965,
                        "Plan Width": 4,
                        "Actual Startup Time": 0.02,
                        "Actual Total Time": 138.674,
                        "Actual Rows": 167996,
                        "Actual Loops": 2,
                        "Filter": "((kind_id < 7) AND (production_year > 2005))",
                        "Rows Removed by Filter": 1096160
                      },
                      {
                        "Node Type": "Hash",
                        "Parent Relationship": "Inner",
                        "Parallel Aware": true,
                        "Startup Cost": 30307.75,
                        "Total Cost": 30307.75,
                        "Plan Rows": 109818,
                        "Plan Width": 4,
                        "Actual Startup Time": 131.329,
                        "Actual Total Time": 131.331,
                        "Actual Rows": 144794,
                        "Actual Loops": 2,
                        "Hash Buckets": 524288,
                        "Original Hash Buckets": 262144,
                        "Hash Batches": 1,
                        "Original Hash Batches": 1,
                        "Peak Memory Usage": 17504,
                        "Plans": [
                          {
                            "Node Type": "Bitmap Heap Scan",
                            "Parent Relationship": "Outer",
                            "Parallel Aware": true,
                            "Relation Name": "movie_companies",
                            "Alias": "mc",
                            "Startup Cost": 8171.46,
                            "Total Cost": 30307.75,
                            "Plan Rows": 109818,
                            "Plan Width": 4,
                            "Actual Startup Time": 32.672,
                            "Actual Total Time": 93.347,
                            "Actual Rows": 144794,
                            "Actual Loops": 2,
                            "Recheck Cond": "(company_id < 225)",
                            "Rows Removed by Index Recheck": 0,
                            "Filter": "(company_type_id < 2)",
                            "Rows Removed by Filter": 43517,
                            "Exact Heap Blocks": 13659,
                            "Lossy Heap Blocks": 0,
                            "Plans": [
                              {
                                "Node Type": "Bitmap Index Scan",
                                "Parent Relationship": "Outer",
                                "Parallel Aware": false,
                                "Index Name": "company_id_movie_companies",
                                "Startup Cost": 0.0,
                                "Total Cost": 8124.78,
                                "Plan Rows": 379247,
                                "Plan Width": 0,
                                "Actual Startup Time": 31.962,
                                "Actual Total Time": 31.963,
                                "Actual Rows": 376622,
                                "Actual Loops": 1,
                                "Index Cond": "(company_id < 225)"
                              }
                            ]
                          }
                        ]
                      }
                    ]
                  },
                  {
                    "Node Type": "Index Only Scan",
                    "Parent Relationship": "Inner",
                    "Parallel Aware": false,
                    "Scan Direction": "Forward",
                    "Index Name": "movie_id_cast_info",
                    "Relation Name": "cast_info",
                    "Alias": "ci",
                    "Startup Cost": 0.56,
                    "Total Cost": 5.03,
                    "Plan Rows": 37,
                    "Plan Width": 4,
                    "Actual Startup Time": 0.009,
                    "Actual Total Time": 0.043,
                    "Actual Rows": 30,
                    "Actual Loops": 25628,
                    "Index Cond": "(movie_id = t.id)",
                    "Rows Removed by Index Recheck": 0,
                    "Heap Fetches": 760699
                  }
                ]
              }
            ]
          }
        ]
      }
    ]
  },
  "Planning Time": 0.973,
  "Triggers": [],
  "Execution Time": 1039.36
}