{
  "Plan": {
    "Node Type": "Aggregate",
    "Strategy": "Plain",
    "Partial Mode": "Finalize",
    "Parallel Aware": false,
    "Startup Cost": 1216982.15,
    "Total Cost": 1216982.16,
    "Plan Rows": 1,
    "Plan Width": 8,
    "Actual Startup Time": 19280.84,
    "Actual Total Time": 19370.971,
    "Actual Rows": 1,
    "Actual Loops": 1,
    "Plans": [
      {
        "Node Type": "Gather",
        "Parent Relationship": "Outer",
        "Parallel Aware": false,
        "Startup Cost": 1216982.04,
        "Total Cost": 1216982.15,
        "Plan Rows": 1,
        "Plan Width": 8,
        "Actual Startup Time": 19270.213,
        "Actual Total Time": 19370.96,
        "Actual Rows": 2,
        "Actual Loops": 1,
        "Workers Planned": 1,
        "Workers Launched": 1,
        "Single Copy": false,
        "Plans": [
          {
            "Node Type": "Aggregate",
            "Strategy": "Plain",
            "Partial Mode": "Partial",
            "Parent Relationship": "Outer",
            "Parallel Aware": false,
            "Startup Cost": 1215982.04,
            "Total Cost": 1215982.05,
            "Plan Rows": 1,
            "Plan Width": 8,
            "Actual Startup Time": 19252.868,
            "Actual Total Time": 19253.644,
            "Actual Rows": 1,
            "Actual Loops": 2,
            "Plans": [
              {
                "Node Type": "Hash Join",
                "Parent Relationship": "Outer",
                "Parallel Aware": true,
                "Join Type": "Inner",
                "Startup Cost": 680668.87,
                "Total Cost": 1162997.51,
                "Plan Rows": 21193812,
                "Plan Width": 0,
                "Actual Startup Time": 6109.895,
                "Actual Total Time": 16593.949,
                "Actual Rows": 66217366,
                "Actual Loops": 2,
                "Inner Unique": false,
                "Hash Cond": "(mi.movie_id = t.id)",
                "Plans": [
                  {
                    "Node Type": "Seq Scan",
                    "Parent Relationship": "Outer",
                    "Parallel Aware": true,
                    "Relation Name": "movie_info",
                    "Alias": "mi",
                    "Startup Cost": 0.0,
                    "Total Cost": 248955.74,
                    "Plan Rows": 8696274,
                    "Plan Width": 4,
                    "Actual Startup Time": 0.016,
                    "Actual Total Time": 635.268,
                    "Actual Rows": 7417860,
                    "Actual Loops": 2
                  },
                  {
                    "Node Type": "Hash",
                    "Parent Relationship": "Inner",
                    "Parallel Aware": true,
                    "Startup Cost": 635361.97,
                    "Total Cost": 635361.97,
                    "Plan Rows": 3624552,
                    "Plan Width": 8,
                    "Actual Startup Time": 6073.906,
                    "Actual Total Time": 6074.679,
                    "Actual Rows": 2893353,
                    "Actual Loops": 2,
                    "Hash Buckets": 8388608,
                    "Original Hash Buckets": 8388608,
                    "Hash Batches": 1,
                    "Original Hash Batches": 1,
                    "Peak Memory Usage": 291968,
                    "Plans": [
                      {
                        "Node Type": "Hash Join",
                        "Parent Relationship": "Outer",
                        "Parallel Aware": true,
                        "Join Type": "Inner",
                        "Startup Cost": 61536.77,
                        "Total Cost": 635361.97,
                        "Plan Rows": 3624552,
                        "Plan Width": 8,
                        "Actual Startup Time": 210.282,
                        "Actual Total Time": 5108.515,
                        "Actual Rows": 2893353,
                        "Actual Loops": 2,
                        "Inner Unique": true,
                        "Hash Cond": "(ci.movie_id = t.id)",
                        "Plans": [
                          {
                            "Node Type": "Seq Scan",
                            "Parent Relationship": "Outer",
                            "Parallel Aware": true,
                            "Relation Name": "cast_info",
                            "Alias": "ci",
                            "Startup Cost": 0.0,
                            "Total Cost": 519069.44,
                            "Plan Rows": 20859304,
                            "Plan Width": 4,
                            "Actual Startup Time": 0.017,
                            "Actual Total Time": 1824.063,
                            "Actual Rows": 17754534,
                            "Actual Loops": 2,
                            "Filter": "(person_id < 3921036)",
                            "Rows Removed by Filter": 367638
                          },
                          {
                            "Node Type": "Hash",
                            "Parent Relationship": "Inner",
                            "Parallel Aware": true,
                            "Startup Cost": 58306.47,
                            "Total Cost": 58306.47,
                            "Plan Rows": 258424,
                            "Plan Width": 4,
                            "Actual Startup Time": 208.782,
                            "Actual Total Time": 208.783,
                            "Actual Rows": 184123,
                            "Actual Loops": 2,
                            "Hash Buckets": 524288,
                            "Original Hash Buckets": 524288,
                            "Hash Batches": 1,
                            "Original Hash Batches": 1,
                            "Peak Memory Usage": 18528,
                            "Plans": [
                              {
                                "Node Type": "Seq Scan",
                                "Parent Relationship": "Outer",
                                "Parallel Aware": true,
                                "Relation Name": "title",
                                "Alias": "t",
                                "Startup Cost": 0.0,
                                "Total Cost": 58306.47,
                                "Plan Rows": 258424,
                                "Plan Width": 4,
                                "Actual Startup Time": 0.04,
                                "Actual Total Time": 158.312,
                                "Actual Rows": 184123,
                                "Actual Loops": 2,
                                "Filter": "((kind_id < 7) AND (production_year > 2004))",
                                "Rows Removed by Filter": 1080033
                              }
                            ]
                          }
                        ]
                      }
                    ]
                  }
                ]
              }
            ]
          }
        ]
      }
    ]
  },
  "Planning Time": 0.701,
  "Triggers": [],
  "Execution Time": 19371.073
}