[
  {
    "Plan": {
      "Node Type": "Aggregate",
      "Strategy": "Plain",
      "Partial Mode": "Finalize",
      "Parallel Aware": false,
      "Startup Cost": 80078.38,
      "Total Cost": 80078.39,
      "Plan Rows": 1,
      "Plan Width": 8,
      "Actual Startup Time": 392.992,
      "Actual Total Time": 409.306,
      "Actual Rows": 1,
      "Actual Loops": 1,
      "Plans": [
        {
          "Node Type": "Gather",
          "Parent Relationship": "Outer",
          "Parallel Aware": false,
          "Startup Cost": 80078.06,
          "Total Cost": 80078.37,
          "Plan Rows": 3,
          "Plan Width": 8,
          "Actual Startup Time": 390.471,
          "Actual Total Time": 409.294,
          "Actual Rows": 4,
          "Actual Loops": 1,
          "Workers Planned": 3,
          "Workers Launched": 3,
          "Single Copy": false,
          "Plans": [
            {
              "Node Type": "Aggregate",
              "Strategy": "Plain",
              "Partial Mode": "Partial",
              "Parent Relationship": "Outer",
              "Parallel Aware": false,
              "Startup Cost": 79078.06,
              "Total Cost": 79078.07,
              "Plan Rows": 1,
              "Plan Width": 8,
              "Actual Startup Time": 381.21,
              "Actual Total Time": 381.213,
              "Actual Rows": 1,
              "Actual Loops": 4,
              "Plans": [
                {
                  "Node Type": "Hash Join",
                  "Parent Relationship": "Outer",
                  "Parallel Aware": true,
                  "Join Type": "Inner",
                  "Startup Cost": 48080.47,
                  "Total Cost": 78675.37,
                  "Plan Rows": 161077,
                  "Plan Width": 0,
                  "Actual Startup Time": 193.36,
                  "Actual Total Time": 370.725,
                  "Actual Rows": 225149,
                  "Actual Loops": 4,
                  "Inner Unique": true,
                  "Hash Cond": "(mc.movie_id = t.id)",
                  "Plans": [
                    {
                      "Node Type": "Seq Scan",
                      "Parent Relationship": "Outer",
                      "Parallel Aware": true,
                      "Relation Name": "movie_companies",
                      "Alias": "mc",
                      "Startup Cost": 0.0,
                      "Total Cost": 29310.68,
                      "Plan Rows": 489225,
                      "Plan Width": 4,
                      "Actual Startup Time": 0.022,
                      "Actual Total Time": 72.436,
                      "Actual Rows": 377378,
                      "Actual Loops": 4,
                      "Filter": "(company_id < 14069)",
                      "Rows Removed by Filter": 274904
                    },
                    {
                      "Node Type": "Hash",
                      "Parent Relationship": "Inner",
                      "Parallel Aware": true,
                      "Startup Cost": 45479.1,
                      "Total Cost": 45479.1,
                      "Plan Rows": 208110,
                      "Plan Width": 4,
                      "Actual Startup Time": 187.929,
                      "Actual Total Time": 187.93,
                      "Actual Rows": 211856,
                      "Actual Loops": 4,
                      "Hash Buckets": 1048576,
                      "Original Hash Buckets": 1048576,
                      "Hash Batches": 1,
                      "Original Hash Batches": 1,
                      "Peak Memory Usage": 41440,
                      "Plans": [
                        {
                          "Node Type": "Seq Scan",
                          "Parent Relationship": "Outer",
                          "Parallel Aware": true,
                          "Relation Name": "title",
                          "Alias": "t",
                          "Startup Cost": 0.0,
                          "Total Cost": 45479.1,
                          "Plan Rows": 208110,
                          "Plan Width": 4,
                          "Actual Startup Time": 0.039,
                          "Actual Total Time": 111.483,
                          "Actual Rows": 211856,
                          "Actual Loops": 4,
                          "Filter": "((kind_id < 4) AND (production_year > 0))",
                          "Rows Removed by Filter": 420222
                        }
                      ]
                    }
                  ]
                }
              ]
            }
          ]
        }
      ]
    },
    "Planning Time": 0.7,
    "Triggers": [],
    "Execution Time": 409.379
  }
]