{
  "Plan": {
    "Node Type": "Aggregate",
    "Strategy": "Plain",
    "Partial Mode": "Finalize",
    "Parallel Aware": false,
    "Startup Cost": 137694.02,
    "Total Cost": 137694.04,
    "Plan Rows": 1,
    "Plan Width": 8,
    "Actual Startup Time": 467.559,
    "Actual Total Time": 483.037,
    "Actual Rows": 1,
    "Actual Loops": 1,
    "Plans": [
      {
        "Node Type": "Gather",
        "Parent Relationship": "Outer",
        "Parallel Aware": false,
        "Startup Cost": 137693.91,
        "Total Cost": 137694.02,
        "Plan Rows": 1,
        "Plan Width": 8,
        "Actual Startup Time": 467.146,
        "Actual Total Time": 483.03,
        "Actual Rows": 2,
        "Actual Loops": 1,
        "Workers Planned": 1,
        "Workers Launched": 1,
        "Single Copy": false,
        "Plans": [
          {
            "Node Type": "Aggregate",
            "Strategy": "Plain",
            "Partial Mode": "Partial",
            "Parent Relationship": "Outer",
            "Parallel Aware": false,
            "Startup Cost": 136693.91,
            "Total Cost": 136693.92,
            "Plan Rows": 1,
            "Plan Width": 8,
            "Actual Startup Time": 460.685,
            "Actual Total Time": 460.694,
            "Actual Rows": 1,
            "Actual Loops": 2,
            "Plans": [
              {
                "Node Type": "Hash Join",
                "Parent Relationship": "Outer",
                "Parallel Aware": true,
                "Join Type": "Inner",
                "Startup Cost": 105747.41,
                "Total Cost": 136682.77,
                "Plan Rows": 4458,
                "Plan Width": 0,
                "Actual Startup Time": 351.525,
                "Actual Total Time": 460.466,
                "Actual Rows": 3780,
                "Actual Loops": 2,
                "Inner Unique": false,
                "Hash Cond": "(ci.movie_id = t.id)",
                "Plans": [
                  {
                    "Node Type": "Index Scan",
                    "Parent Relationship": "Outer",
                    "Parallel Aware": true,
                    "Scan Direction": "Forward",
                    "Index Name": "role_id_cast_info",
                    "Relation Name": "cast_info",
                    "Alias": "ci",
                    "Startup Cost": 0.56,
                    "Total Cost": 29113.87,
                    "Plan Rows": 478885,
                    "Plan Width": 4,
                    "Actual Startup Time": 0.087,
                    "Actual Total Time": 74.965,
                    "Actual Rows": 449194,
                    "Actual Loops": 2,
                    "Index Cond": "(role_id = 5)",
                    "Rows Removed by Index Recheck": 0,
                    "Filter": "(person_id < 3422683)",
                    "Rows Removed by Filter": 0
                  },
                  {
                    "Node Type": "Hash",
                    "Parent Relationship": "Inner",
                    "Parallel Aware": true,
                    "Startup Cost": 105573.77,
                    "Total Cost": 105573.77,
                    "Plan Rows": 13846,
                    "Plan Width": 8,
                    "Actual Startup Time": 350.247,
                    "Actual Total Time": 350.252,
                    "Actual Rows": 4915,
                    "Actual Loops": 2,
                    "Hash Buckets": 32768,
                    "Original Hash Buckets": 32768,
                    "Hash Batches": 1,
                    "Original Hash Batches": 1,
                    "Peak Memory Usage": 672,
                    "Plans": [
                      {
                        "Node Type": "Hash Join",
                        "Parent Relationship": "Outer",
                        "Parallel Aware": true,
                        "Join Type": "Inner",
                        "Startup Cost": 73429.7,
                        "Total Cost": 105573.77,
                        "Plan Rows": 13846,
                        "Plan Width": 8,
                        "Actual Startup Time": 209.855,
                        "Actual Total Time": 348.746,
                        "Actual Rows": 4915,
                        "Actual Loops": 2,
                        "Inner Unique": true,
                        "Hash Cond": "(mk.movie_id = t.id)",
                        "Plans": [
                          {
                            "Node Type": "Bitmap Heap Scan",
                            "Parent Relationship": "Outer",
                            "Parallel Aware": true,
                            "Relation Name": "movie_keyword",
                            "Alias": "mk",
                            "Startup Cost": 18335.05,
                            "Total Cost": 49144.48,
                            "Plan Rows": 508434,
                            "Plan Width": 4,
                            "Actual Startup Time": 56.705,
                            "Actual Total Time": 152.9,
                            "Actual Rows": 428710,
                            "Actual Loops": 2,
                            "Recheck Cond": "(keyword_id > 21419)",
                            "Rows Removed by Index Recheck": 0,
                            "Exact Heap Blocks": 14862,
                            "Lossy Heap Blocks": 0,
                            "Plans": [
                              {
                                "Node Type": "Bitmap Index Scan",
                                "Parent Relationship": "Outer",
                                "Parallel Aware": false,
                                "Index Name": "keyword_id_movie_keyword",
                                "Startup Cost": 0.0,
                                "Total Cost": 18118.97,
                                "Plan Rows": 864338,
                                "Plan Width": 0,
                                "Actual Startup Time": 53.091,
                                "Actual Total Time": 53.091,
                                "Actual Rows": 857420,
                                "Actual Loops": 1,
                                "Index Cond": "(keyword_id > 21419)"
                              }
                            ]
                          },
                          {
                            "Node Type": "Hash",
                            "Parent Relationship": "Inner",
                            "Parallel Aware": true,
                            "Startup Cost": 54588.39,
                            "Total Cost": 54588.39,
                            "Plan Rows": 40501,
                            "Plan Width": 4,
                            "Actual Startup Time": 151.109,
                            "Actual Total Time": 151.11,
                            "Actual Rows": 33671,
                            "Actual Loops": 2,
                            "Hash Buckets": 131072,
                            "Original Hash Buckets": 131072,
                            "Hash Batches": 1,
                            "Original Hash Batches": 1,
                            "Peak Memory Usage": 3680,
                            "Plans": [
                              {
                                "Node Type": "Seq Scan",
                                "Parent Relationship": "Outer",
                                "Parallel Aware": true,
                                "Relation Name": "title",
                                "Alias": "t",
                                "Startup Cost": 0.0,
                                "Total Cost": 54588.39,
                                "Plan Rows": 40501,
                                "Plan Width": 4,
                                "Actual Startup Time": 0.056,
                                "Actual Total Time": 138.373,
                                "Actual Rows": 33671,
                                "Actual Loops": 2,
                                "Filter": "(production_year > 2012)",
                                "Rows Removed by Filter": 1230485
                              }
                            ]
                          }
                        ]
                      }
                    ]
                  }
                ]
              }
            ]
          }
        ]
      }
    ]
  },
  "Planning Time": 0.907,
  "Triggers": [],
  "Execution Time": 483.141
}