{
  "Plan": {
    "Node Type": "Aggregate",
    "Strategy": "Plain",
    "Partial Mode": "Finalize",
    "Parallel Aware": false,
    "Startup Cost": 99269.47,
    "Total Cost": 99269.48,
    "Plan Rows": 1,
    "Plan Width": 8,
    "Actual Startup Time": 308.173,
    "Actual Total Time": 323.756,
    "Actual Rows": 1,
    "Actual Loops": 1,
    "Plans": [
      {
        "Node Type": "Gather",
        "Parent Relationship": "Outer",
        "Parallel Aware": false,
        "Startup Cost": 99269.36,
        "Total Cost": 99269.47,
        "Plan Rows": 1,
        "Plan Width": 8,
        "Actual Startup Time": 307.933,
        "Actual Total Time": 323.748,
        "Actual Rows": 2,
        "Actual Loops": 1,
        "Workers Planned": 1,
        "Workers Launched": 1,
        "Single Copy": false,
        "Plans": [
          {
            "Node Type": "Aggregate",
            "Strategy": "Plain",
            "Partial Mode": "Partial",
            "Parent Relationship": "Outer",
            "Parallel Aware": false,
            "Startup Cost": 98269.36,
            "Total Cost": 98269.37,
            "Plan Rows": 1,
            "Plan Width": 8,
            "Actual Startup Time": 302.254,
            "Actual Total Time": 302.258,
            "Actual Rows": 1,
            "Actual Loops": 2,
            "Plans": [
              {
                "Node Type": "Hash Join",
                "Parent Relationship": "Outer",
                "Parallel Aware": true,
                "Join Type": "Inner",
                "Startup Cost": 58399.13,
                "Total Cost": 98260.41,
                "Plan Rows": 3582,
                "Plan Width": 0,
                "Actual Startup Time": 213.805,
                "Actual Total Time": 302.209,
                "Actual Rows": 812,
                "Actual Loops": 2,
                "Inner Unique": true,
                "Hash Cond": "(mc.movie_id = t.id)",
                "Plans": [
                  {
                    "Node Type": "Seq Scan",
                    "Parent Relationship": "Outer",
                    "Parallel Aware": true,
                    "Relation Name": "movie_companies",
                    "Alias": "mc",
                    "Startup Cost": 0.0,
                    "Total Cost": 37974.77,
                    "Plan Rows": 718668,
                    "Plan Width": 4,
                    "Actual Startup Time": 14.045,
                    "Actual Total Time": 107.338,
                    "Actual Rows": 611934,
                    "Actual Loops": 2,
                    "Filter": "(company_id > 11961)",
                    "Rows Removed by Filter": 692630
                  },
                  {
                    "Node Type": "Hash",
                    "Parent Relationship": "Inner",
                    "Parallel Aware": true,
                    "Startup Cost": 58306.47,
                    "Total Cost": 58306.47,
                    "Plan Rows": 7413,
                    "Plan Width": 4,
                    "Actual Startup Time": 147.437,
                    "Actual Total Time": 147.438,
                    "Actual Rows": 6322,
                    "Actual Loops": 2,
                    "Hash Buckets": 16384,
                    "Original Hash Buckets": 16384,
                    "Hash Batches": 1,
                    "Original Hash Batches": 1,
                    "Peak Memory Usage": 672,
                    "Plans": [
                      {
                        "Node Type": "Seq Scan",
                        "Parent Relationship": "Outer",
                        "Parallel Aware": true,
                        "Relation Name": "title",
                        "Alias": "t",
                        "Startup Cost": 0.0,
                        "Total Cost": 58306.47,
                        "Plan Rows": 7413,
                        "Plan Width": 4,
                        "Actual Startup Time": 0.126,
                        "Actual Total Time": 145.003,
                        "Actual Rows": 6322,
                        "Actual Loops": 2,
                        "Filter": "((kind_id = 7) AND (production_year = 1989))",
                        "Rows Removed by Filter": 1257834
                      }
                    ]
                  }
                ]
              }
            ]
          }
        ]
      }
    ]
  },
  "Planning Time": 0.496,
  "Triggers": [],
  "Execution Time": 323.826
}