{
  "Plan": {
    "Node Type": "Aggregate",
    "Strategy": "Plain",
    "Partial Mode": "Finalize",
    "Parallel Aware": false,
    "Startup Cost": 853686.33,
    "Total Cost": 853686.34,
    "Plan Rows": 1,
    "Plan Width": 8,
    "Actual Startup Time": 3026.492,
    "Actual Total Time": 3044.871,
    "Actual Rows": 1,
    "Actual Loops": 1,
    "Plans": [
      {
        "Node Type": "Gather",
        "Parent Relationship": "Outer",
        "Parallel Aware": false,
        "Startup Cost": 853686.22,
        "Total Cost": 853686.33,
        "Plan Rows": 1,
        "Plan Width": 8,
        "Actual Startup Time": 3026.483,
        "Actual Total Time": 3044.865,
        "Actual Rows": 2,
        "Actual Loops": 1,
        "Workers Planned": 1,
        "Workers Launched": 1,
        "Single Copy": false,
        "Plans": [
          {
            "Node Type": "Aggregate",
            "Strategy": "Plain",
            "Partial Mode": "Partial",
            "Parent Relationship": "Outer",
            "Parallel Aware": false,
            "Startup Cost": 852686.22,
            "Total Cost": 852686.23,
            "Plan Rows": 1,
            "Plan Width": 8,
            "Actual Startup Time": 3006.546,
            "Actual Total Time": 3006.553,
            "Actual Rows": 1,
            "Actual Loops": 2,
            "Plans": [
              {
                "Node Type": "Merge Join",
                "Parent Relationship": "Outer",
                "Parallel Aware": false,
                "Join Type": "Inner",
                "Startup Cost": 839938.58,
                "Total Cost": 852568.88,
                "Plan Rows": 46936,
                "Plan Width": 0,
                "Actual Startup Time": 2593.896,
                "Actual Total Time": 2993.128,
                "Actual Rows": 354026,
                "Actual Loops": 2,
                "Inner Unique": false,
                "Merge Cond": "(t.id = mi.movie_id)",
                "Plans": [
                  {
                    "Node Type": "Sort",
                    "Parent Relationship": "Outer",
                    "Parallel Aware": false,
                    "Startup Cost": 728749.88,
                    "Total Cost": 734710.52,
                    "Plan Rows": 2384258,
                    "Plan Width": 8,
                    "Actual Startup Time": 2562.822,
                    "Actual Total Time": 2777.144,
                    "Actual Rows": 2169842,
                    "Actual Loops": 2,
                    "Sort Key": [
                      "t.id"
                    ],
                    "Sort Method": "quicksort",
                    "Sort Space Used": 201206,
                    "Sort Space Type": "Memory",
                    "Workers": [
                      {
                        "Worker Number": 0,
                        "Sort Method": "quicksort",
                        "Sort Space Used": 198834,
                        "Sort Space Type": "Memory"
                      }
                    ],
                    "Plans": [
                      {
                        "Node Type": "Hash Join",
                        "Parent Relationship": "Outer",
                        "Parallel Aware": true,
                        "Join Type": "Inner",
                        "Startup Cost": 179364.64,
                        "Total Cost": 476196.05,
                        "Plan Rows": 2384258,
                        "Plan Width": 8,
                        "Actual Startup Time": 632.745,
                        "Actual Total Time": 1998.912,
                        "Actual Rows": 2169924,
                        "Actual Loops": 2,
                        "Inner Unique": true,
                        "Hash Cond": "(ci.movie_id = t.id)",
                        "Plans": [
                          {
                            "Node Type": "Bitmap Heap Scan",
                            "Parent Relationship": "Outer",
                            "Parallel Aware": true,
                            "Relation Name": "cast_info",
                            "Alias": "ci",
                            "Startup Cost": 109589.62,
                            "Total Cost": 398759.59,
                            "Plan Rows": 2918638,
                            "Plan Width": 4,
                            "Actual Startup Time": 184.587,
                            "Actual Total Time": 454.208,
                            "Actual Rows": 2566961,
                            "Actual Loops": 2,
                            "Recheck Cond": "(person_id < 496147)",
                            "Rows Removed by Index Recheck": 0,
                            "Exact Heap Blocks": 27755,
                            "Lossy Heap Blocks": 0,
                            "Plans": [
                              {
                                "Node Type": "Bitmap Index Scan",
                                "Parent Relationship": "Outer",
                                "Parallel Aware": false,
                                "Index Name": "person_id_cast_info",
                                "Startup Cost": 0.0,
                                "Total Cost": 108349.2,
                                "Plan Rows": 4961684,
                                "Plan Width": 0,
                                "Actual Startup Time": 175.097,
                                "Actual Total Time": 175.098,
                                "Actual Rows": 5133922,
                                "Actual Loops": 1,
                                "Index Cond": "(person_id < 496147)"
                              }
                            ]
                          },
                          {
                            "Node Type": "Hash",
                            "Parent Relationship": "Inner",
                            "Parallel Aware": true,
                            "Startup Cost": 54588.39,
                            "Total Cost": 54588.39,
                            "Plan Rows": 1214931,
                            "Plan Width": 4,
                            "Actual Startup Time": 433.792,
                            "Actual Total Time": 433.793,
                            "Actual Rows": 1032276,
                            "Actual Loops": 2,
                            "Hash Buckets": 2097152,
                            "Original Hash Buckets": 2097152,
                            "Hash Batches": 1,
                            "Original Hash Batches": 1,
                            "Peak Memory Usage": 97184,
                            "Plans": [
                              {
                                "Node Type": "Seq Scan",
                                "Parent Relationship": "Outer",
                                "Parallel Aware": true,
                                "Relation Name": "title",
                                "Alias": "t",
                                "Startup Cost": 0.0,
                                "Total Cost": 54588.39,
                                "Plan Rows": 1214931,
                                "Plan Width": 4,
                                "Actual Startup Time": 0.026,
                                "Actual Total Time": 180.391,
                                "Actual Rows": 1032276,
                                "Actual Loops": 2,
                                "Filter": "(production_year < 2011)",
                                "Rows Removed by Filter": 231880
                              }
                            ]
                          }
                        ]
                      }
                    ]
                  },
                  {
                    "Node Type": "Sort",
                    "Parent Relationship": "Inner",
                    "Parallel Aware": false,
                    "Startup Cost": 111188.46,
                    "Total Cost": 111312.89,
                    "Plan Rows": 49772,
                    "Plan Width": 4,
                    "Actual Startup Time": 25.189,
                    "Actual Total Time": 40.454,
                    "Actual Rows": 359152,
                    "Actual Loops": 2,
                    "Sort Key": [
                      "mi.movie_id"
                    ],
                    "Sort Method": "quicksort",
                    "Sort Space Used": 3893,
                    "Sort Space Type": "Memory",
                    "Workers": [
                      {
                        "Worker Number": 0,
                        "Sort Method": "quicksort",
                        "Sort Space Used": 3893,
                        "Sort Space Type": "Memory"
                      }
                    ],
                    "Plans": [
                      {
                        "Node Type": "Bitmap Heap Scan",
                        "Parent Relationship": "Outer",
                        "Parallel Aware": false,
                        "Relation Name": "movie_info",
                        "Alias": "mi",
                        "Startup Cost": 902.17,
                        "Total Cost": 107305.49,
                        "Plan Rows": 49772,
                        "Plan Width": 4,
                        "Actual Startup Time": 2.609,
                        "Actual Total Time": 15.758,
                        "Actual Rows": 50267,
                        "Actual Loops": 2,
                        "Recheck Cond": "(info_type_id > 107)",
                        "Rows Removed by Index Recheck": 0,
                        "Exact Heap Blocks": 4547,
                        "Lossy Heap Blocks": 0,
                        "Plans": [
                          {
                            "Node Type": "Bitmap Index Scan",
                            "Parent Relationship": "Outer",
                            "Parallel Aware": false,
                            "Index Name": "info_type_id_movie_info",
                            "Startup Cost": 0.0,
                            "Total Cost": 889.72,
                            "Plan Rows": 49772,
                            "Plan Width": 0,
                            "Actual Startup Time": 2.107,
                            "Actual Total Time": 2.107,
                            "Actual Rows": 50267,
                            "Actual Loops": 2,
                            "Index Cond": "(info_type_id > 107)"
                          }
                        ]
                      }
                    ]
                  }
                ]
              }
            ]
          }
        ]
      }
    ]
  },
  "Planning Time": 1.031,
  "Triggers": [],
  "Execution Time": 3056.297
}