[
  {
    "Plan": {
      "Node Type": "Aggregate",
      "Strategy": "Plain",
      "Partial Mode": "Finalize",
      "Parallel Aware": false,
      "Startup Cost": 297279.77,
      "Total Cost": 297279.78,
      "Plan Rows": 1,
      "Plan Width": 8,
      "Actual Startup Time": 871.665,
      "Actual Total Time": 917.047,
      "Actual Rows": 1,
      "Actual Loops": 1,
      "Plans": [
        {
          "Node Type": "Gather",
          "Parent Relationship": "Outer",
          "Parallel Aware": false,
          "Startup Cost": 297279.25,
          "Total Cost": 297279.76,
          "Plan Rows": 5,
          "Plan Width": 8,
          "Actual Startup Time": 868.128,
          "Actual Total Time": 917.032,
          "Actual Rows": 6,
          "Actual Loops": 1,
          "Workers Planned": 5,
          "Workers Launched": 5,
          "Single Copy": false,
          "Plans": [
            {
              "Node Type": "Aggregate",
              "Strategy": "Plain",
              "Partial Mode": "Partial",
              "Parent Relationship": "Outer",
              "Parallel Aware": false,
              "Startup Cost": 296279.25,
              "Total Cost": 296279.26,
              "Plan Rows": 1,
              "Plan Width": 8,
              "Actual Startup Time": 860.521,
              "Actual Total Time": 860.602,
              "Actual Rows": 1,
              "Actual Loops": 6,
              "Plans": [
                {
                  "Node Type": "Hash Join",
                  "Parent Relationship": "Outer",
                  "Parallel Aware": true,
                  "Join Type": "Inner",
                  "Startup Cost": 91124.03,
                  "Total Cost": 295259.54,
                  "Plan Rows": 407884,
                  "Plan Width": 0,
                  "Actual Startup Time": 224.251,
                  "Actual Total Time": 814.181,
                  "Actual Rows": 1121384,
                  "Actual Loops": 6,
                  "Inner Unique": false,
                  "Hash Cond": "(mi.movie_id = t.id)",
                  "Plans": [
                    {
                      "Node Type": "Seq Scan",
                      "Parent Relationship": "Outer",
                      "Parallel Aware": true,
                      "Relation Name": "movie_info",
                      "Alias": "mi",
                      "Startup Cost": 0.0,
                      "Total Cost": 191685.19,
                      "Plan Rows": 2969219,
                      "Plan Width": 4,
                      "Actual Startup Time": 0.025,
                      "Actual Total Time": 277.349,
                      "Actual Rows": 2472620,
                      "Actual Loops": 6
                    },
                    {
                      "Node Type": "Hash",
                      "Parent Relationship": "Inner",
                      "Parallel Aware": true,
                      "Startup Cost": 89723.5,
                      "Total Cost": 89723.5,
                      "Plan Rows": 112042,
                      "Plan Width": 8,
                      "Actual Startup Time": 221.816,
                      "Actual Total Time": 221.895,
                      "Actual Rows": 26173,
                      "Actual Loops": 6,
                      "Hash Buckets": 524288,
                      "Original Hash Buckets": 524288,
                      "Hash Batches": 1,
                      "Original Hash Batches": 1,
                      "Peak Memory Usage": 10368,
                      "Plans": [
                        {
                          "Node Type": "Hash Join",
                          "Parent Relationship": "Outer",
                          "Parallel Aware": true,
                          "Join Type": "Inner",
                          "Startup Cost": 45112.8,
                          "Total Cost": 89723.5,
                          "Plan Rows": 112042,
                          "Plan Width": 8,
                          "Actual Startup Time": 103.282,
                          "Actual Total Time": 212.973,
                          "Actual Rows": 26173,
                          "Actual Loops": 6,
                          "Inner Unique": true,
                          "Hash Cond": "(mk.movie_id = t.id)",
                          "Plans": [
                            {
                              "Node Type": "Seq Scan",
                              "Parent Relationship": "Outer",
                              "Parallel Aware": true,
                              "Relation Name": "movie_keyword",
                              "Alias": "mk",
                              "Startup Cost": 0.0,
                              "Total Cost": 42695.65,
                              "Plan Rows": 729543,
                              "Plan Width": 4,
                              "Actual Startup Time": 0.228,
                              "Actual Total Time": 72.119,
                              "Actual Rows": 374522,
                              "Actual Loops": 6,
                              "Filter": "(keyword_id > 4801)",
                              "Rows Removed by Filter": 379466
                            },
                            {
                              "Node Type": "Hash",
                              "Parent Relationship": "Inner",
                              "Parallel Aware": true,
                              "Startup Cost": 43899.32,
                              "Total Cost": 43899.32,
                              "Plan Rows": 97078,
                              "Plan Width": 4,
                              "Actual Startup Time": 101.956,
                              "Actual Total Time": 101.958,
                              "Actual Rows": 65278,
                              "Actual Loops": 6,
                              "Hash Buckets": 524288,
                              "Original Hash Buckets": 524288,
                              "Hash Batches": 1,
                              "Original Hash Batches": 1,
                              "Peak Memory Usage": 19520,
                              "Plans": [
                                {
                                  "Node Type": "Seq Scan",
                                  "Parent Relationship": "Outer",
                                  "Parallel Aware": true,
                                  "Relation Name": "title",
                                  "Alias": "t",
                                  "Startup Cost": 0.0,
                                  "Total Cost": 43899.32,
                                  "Plan Rows": 97078,
                                  "Plan Width": 4,
                                  "Actual Startup Time": 0.033,
                                  "Actual Total Time": 74.552,
                                  "Actual Rows": 65278,
                                  "Actual Loops": 6,
                                  "Filter": "(production_year > 2010)",
                                  "Rows Removed by Filter": 356108
                                }
                              ]
                            }
                          ]
                        }
                      ]
                    }
                  ]
                }
              ]
            }
          ]
        }
      ]
    },
    "Planning Time": 0.611,
    "Triggers": [],
    "Execution Time": 917.106
  }
]