[
  {
    "Plan": {
      "Node Type": "Aggregate",
      "Strategy": "Plain",
      "Partial Mode": "Finalize",
      "Parallel Aware": false,
      "Startup Cost": 64823.95,
      "Total Cost": 64823.96,
      "Plan Rows": 1,
      "Plan Width": 8,
      "Actual Startup Time": 71.624,
      "Actual Total Time": 80.486,
      "Actual Rows": 1,
      "Actual Loops": 1,
      "Plans": [
        {
          "Node Type": "Gather",
          "Parent Relationship": "Outer",
          "Parallel Aware": false,
          "Startup Cost": 64823.63,
          "Total Cost": 64823.94,
          "Plan Rows": 3,
          "Plan Width": 8,
          "Actual Startup Time": 71.477,
          "Actual Total Time": 80.48,
          "Actual Rows": 4,
          "Actual Loops": 1,
          "Workers Planned": 3,
          "Workers Launched": 3,
          "Single Copy": false,
          "Plans": [
            {
              "Node Type": "Aggregate",
              "Strategy": "Plain",
              "Partial Mode": "Partial",
              "Parent Relationship": "Outer",
              "Parallel Aware": false,
              "Startup Cost": 63823.63,
              "Total Cost": 63823.64,
              "Plan Rows": 1,
              "Plan Width": 8,
              "Actual Startup Time": 63.98,
              "Actual Total Time": 63.981,
              "Actual Rows": 1,
              "Actual Loops": 4,
              "Plans": [
                {
                  "Node Type": "Nested Loop",
                  "Parent Relationship": "Outer",
                  "Parallel Aware": false,
                  "Join Type": "Inner",
                  "Startup Cost": 225.18,
                  "Total Cost": 63821.34,
                  "Plan Rows": 917,
                  "Plan Width": 0,
                  "Actual Startup Time": 0.857,
                  "Actual Total Time": 62.415,
                  "Actual Rows": 24588,
                  "Actual Loops": 4,
                  "Inner Unique": false,
                  "Plans": [
                    {
                      "Node Type": "Nested Loop",
                      "Parent Relationship": "Outer",
                      "Parallel Aware": false,
                      "Join Type": "Inner",
                      "Startup Cost": 224.75,
                      "Total Cost": 63138.08,
                      "Plan Rows": 889,
                      "Plan Width": 8,
                      "Actual Startup Time": 0.729,
                      "Actual Total Time": 30.808,
                      "Actual Rows": 3961,
                      "Actual Loops": 4,
                      "Inner Unique": true,
                      "Plans": [
                        {
                          "Node Type": "Bitmap Heap Scan",
                          "Parent Relationship": "Outer",
                          "Parallel Aware": true,
                          "Relation Name": "movie_info",
                          "Alias": "mi",
                          "Startup Cost": 224.32,
                          "Total Cost": 38245.51,
                          "Plan Rows": 3991,
                          "Plan Width": 4,
                          "Actual Startup Time": 0.538,
                          "Actual Total Time": 4.146,
                          "Actual Rows": 4635,
                          "Actual Loops": 4,
                          "Recheck Cond": "(info_type_id = 90)",
                          "Rows Removed by Index Recheck": 0,
                          "Exact Heap Blocks": 1095,
                          "Lossy Heap Blocks": 0,
                          "Plans": [
                            {
                              "Node Type": "Bitmap Index Scan",
                              "Parent Relationship": "Outer",
                              "Parallel Aware": false,
                              "Index Name": "info_type_id_movie_info",
                              "Startup Cost": 0.0,
                              "Total Cost": 221.22,
                              "Plan Rows": 12372,
                              "Plan Width": 0,
                              "Actual Startup Time": 1.488,
                              "Actual Total Time": 1.488,
                              "Actual Rows": 18539,
                              "Actual Loops": 1,
                              "Index Cond": "(info_type_id = 90)"
                            }
                          ]
                        },
                        {
                          "Node Type": "Index Scan",
                          "Parent Relationship": "Inner",
                          "Parallel Aware": false,
                          "Scan Direction": "Forward",
                          "Index Name": "title_pkey",
                          "Relation Name": "title",
                          "Alias": "t",
                          "Startup Cost": 0.43,
                          "Total Cost": 6.24,
                          "Plan Rows": 1,
                          "Plan Width": 4,
                          "Actual Startup Time": 0.005,
                          "Actual Total Time": 0.005,
                          "Actual Rows": 1,
                          "Actual Loops": 18539,
                          "Index Cond": "(id = mi.movie_id)",
                          "Rows Removed by Index Recheck": 0,
                          "Filter": "((kind_id < 7) AND (production_year < 2006))",
                          "Rows Removed by Filter": 0
                        }
                      ]
                    },
                    {
                      "Node Type": "Index Only Scan",
                      "Parent Relationship": "Inner",
                      "Parallel Aware": false,
                      "Scan Direction": "Forward",
                      "Index Name": "movie_id_movie_companies",
                      "Relation Name": "movie_companies",
                      "Alias": "mc",
                      "Startup Cost": 0.43,
                      "Total Cost": 0.72,
                      "Plan Rows": 5,
                      "Plan Width": 4,
                      "Actual Startup Time": 0.005,
                      "Actual Total Time": 0.007,
                      "Actual Rows": 6,
                      "Actual Loops": 15844,
                      "Index Cond": "(movie_id = t.id)",
                      "Rows Removed by Index Recheck": 0,
                      "Heap Fetches": 98354
                    }
                  ]
                }
              ]
            }
          ]
        }
      ]
    },
    "Planning Time": 0.435,
    "Triggers": [],
    "Execution Time": 80.527
  }
]