[
  {
    "Plan": {
      "Node Type": "Aggregate",
      "Strategy": "Plain",
      "Partial Mode": "Finalize",
      "Parallel Aware": false,
      "Startup Cost": 100182.05,
      "Total Cost": 100182.06,
      "Plan Rows": 1,
      "Plan Width": 8,
      "Actual Startup Time": 88.758,
      "Actual Total Time": 101.167,
      "Actual Rows": 1,
      "Actual Loops": 1,
      "Plans": [
        {
          "Node Type": "Gather",
          "Parent Relationship": "Outer",
          "Parallel Aware": false,
          "Startup Cost": 100181.73,
          "Total Cost": 100182.04,
          "Plan Rows": 3,
          "Plan Width": 8,
          "Actual Startup Time": 88.462,
          "Actual Total Time": 101.158,
          "Actual Rows": 4,
          "Actual Loops": 1,
          "Workers Planned": 3,
          "Workers Launched": 3,
          "Single Copy": false,
          "Plans": [
            {
              "Node Type": "Aggregate",
              "Strategy": "Plain",
              "Partial Mode": "Partial",
              "Parent Relationship": "Outer",
              "Parallel Aware": false,
              "Startup Cost": 99181.73,
              "Total Cost": 99181.74,
              "Plan Rows": 1,
              "Plan Width": 8,
              "Actual Startup Time": 78.814,
              "Actual Total Time": 78.816,
              "Actual Rows": 1,
              "Actual Loops": 4,
              "Plans": [
                {
                  "Node Type": "Nested Loop",
                  "Parent Relationship": "Outer",
                  "Parallel Aware": false,
                  "Join Type": "Inner",
                  "Startup Cost": 405.15,
                  "Total Cost": 99177.63,
                  "Plan Rows": 1641,
                  "Plan Width": 0,
                  "Actual Startup Time": 2.371,
                  "Actual Total Time": 76.951,
                  "Actual Rows": 24588,
                  "Actual Loops": 4,
                  "Inner Unique": false,
                  "Plans": [
                    {
                      "Node Type": "Nested Loop",
                      "Parent Relationship": "Outer",
                      "Parallel Aware": false,
                      "Join Type": "Inner",
                      "Startup Cost": 404.72,
                      "Total Cost": 97955.0,
                      "Plan Rows": 1590,
                      "Plan Width": 8,
                      "Actual Startup Time": 2.147,
                      "Actual Total Time": 40.22,
                      "Actual Rows": 3961,
                      "Actual Loops": 4,
                      "Inner Unique": true,
                      "Plans": [
                        {
                          "Node Type": "Bitmap Heap Scan",
                          "Parent Relationship": "Outer",
                          "Parallel Aware": true,
                          "Relation Name": "movie_info",
                          "Alias": "mi",
                          "Startup Cost": 404.29,
                          "Total Cost": 61226.42,
                          "Plan Rows": 7153,
                          "Plan Width": 4,
                          "Actual Startup Time": 1.972,
                          "Actual Total Time": 6.661,
                          "Actual Rows": 4635,
                          "Actual Loops": 4,
                          "Recheck Cond": "(info_type_id = 90)",
                          "Rows Removed by Index Recheck": 0,
                          "Exact Heap Blocks": 1118,
                          "Lossy Heap Blocks": 0,
                          "Plans": [
                            {
                              "Node Type": "Bitmap Index Scan",
                              "Parent Relationship": "Outer",
                              "Parallel Aware": false,
                              "Index Name": "info_type_id_movie_info",
                              "Startup Cost": 0.0,
                              "Total Cost": 398.75,
                              "Plan Rows": 22175,
                              "Plan Width": 0,
                              "Actual Startup Time": 6.51,
                              "Actual Total Time": 6.511,
                              "Actual Rows": 18539,
                              "Actual Loops": 1,
                              "Index Cond": "(info_type_id = 90)"
                            }
                          ]
                        },
                        {
                          "Node Type": "Index Scan",
                          "Parent Relationship": "Inner",
                          "Parallel Aware": false,
                          "Scan Direction": "Forward",
                          "Index Name": "title_pkey",
                          "Relation Name": "title",
                          "Alias": "t",
                          "Startup Cost": 0.43,
                          "Total Cost": 5.13,
                          "Plan Rows": 1,
                          "Plan Width": 4,
                          "Actual Startup Time": 0.007,
                          "Actual Total Time": 0.007,
                          "Actual Rows": 1,
                          "Actual Loops": 18539,
                          "Index Cond": "(id = mi.movie_id)",
                          "Rows Removed by Index Recheck": 0,
                          "Filter": "((kind_id < 7) AND (production_year < 2006))",
                          "Rows Removed by Filter": 0
                        }
                      ]
                    },
                    {
                      "Node Type": "Index Only Scan",
                      "Parent Relationship": "Inner",
                      "Parallel Aware": false,
                      "Scan Direction": "Forward",
                      "Index Name": "movie_id_movie_companies",
                      "Relation Name": "movie_companies",
                      "Alias": "mc",
                      "Startup Cost": 0.43,
                      "Total Cost": 0.72,
                      "Plan Rows": 5,
                      "Plan Width": 4,
                      "Actual Startup Time": 0.006,
                      "Actual Total Time": 0.008,
                      "Actual Rows": 6,
                      "Actual Loops": 15844,
                      "Index Cond": "(movie_id = t.id)",
                      "Rows Removed by Index Recheck": 0,
                      "Heap Fetches": 98354
                    }
                  ]
                }
              ]
            }
          ]
        }
      ]
    },
    "Planning Time": 1.535,
    "Triggers": [],
    "Execution Time": 101.268
  }
]