{
  "Plan": {
    "Node Type": "Aggregate",
    "Strategy": "Plain",
    "Partial Mode": "Finalize",
    "Parallel Aware": false,
    "Startup Cost": 86923.77,
    "Total Cost": 86923.78,
    "Plan Rows": 1,
    "Plan Width": 8,
    "Actual Startup Time": 206.158,
    "Actual Total Time": 222.414,
    "Actual Rows": 1,
    "Actual Loops": 1,
    "Plans": [
      {
        "Node Type": "Gather",
        "Parent Relationship": "Outer",
        "Parallel Aware": false,
        "Startup Cost": 86923.65,
        "Total Cost": 86923.76,
        "Plan Rows": 1,
        "Plan Width": 8,
        "Actual Startup Time": 205.984,
        "Actual Total Time": 222.408,
        "Actual Rows": 2,
        "Actual Loops": 1,
        "Workers Planned": 1,
        "Workers Launched": 1,
        "Single Copy": false,
        "Plans": [
          {
            "Node Type": "Aggregate",
            "Strategy": "Plain",
            "Partial Mode": "Partial",
            "Parent Relationship": "Outer",
            "Parallel Aware": false,
            "Startup Cost": 85923.65,
            "Total Cost": 85923.66,
            "Plan Rows": 1,
            "Plan Width": 8,
            "Actual Startup Time": 202.169,
            "Actual Total Time": 202.172,
            "Actual Rows": 1,
            "Actual Loops": 2,
            "Plans": [
              {
                "Node Type": "Hash Join",
                "Parent Relationship": "Outer",
                "Parallel Aware": true,
                "Join Type": "Inner",
                "Startup Cost": 59451.69,
                "Total Cost": 85922.69,
                "Plan Rows": 386,
                "Plan Width": 0,
                "Actual Startup Time": 147.794,
                "Actual Total Time": 202.121,
                "Actual Rows": 528,
                "Actual Loops": 2,
                "Inner Unique": true,
                "Hash Cond": "(mk.movie_id = t.id)",
                "Plans": [
                  {
                    "Node Type": "Bitmap Heap Scan",
                    "Parent Relationship": "Outer",
                    "Parallel Aware": true,
                    "Relation Name": "movie_keyword",
                    "Alias": "mk",
                    "Startup Cost": 4809.39,
                    "Total Cost": 30930.33,
                    "Plan Rows": 133355,
                    "Plan Width": 4,
                    "Actual Startup Time": 15.872,
                    "Actual Total Time": 59.837,
                    "Actual Rows": 108645,
                    "Actual Loops": 2,
                    "Recheck Cond": "(keyword_id > 65261)",
                    "Rows Removed by Index Recheck": 0,
                    "Exact Heap Blocks": 13489,
                    "Lossy Heap Blocks": 0,
                    "Plans": [
                      {
                        "Node Type": "Bitmap Index Scan",
                        "Parent Relationship": "Outer",
                        "Parallel Aware": false,
                        "Index Name": "keyword_id_movie_keyword",
                        "Startup Cost": 0.0,
                        "Total Cost": 4752.71,
                        "Plan Rows": 226704,
                        "Plan Width": 0,
                        "Actual Startup Time": 12.81,
                        "Actual Total Time": 12.811,
                        "Actual Rows": 217290,
                        "Actual Loops": 1,
                        "Index Cond": "(keyword_id > 65261)"
                      }
                    ]
                  },
                  {
                    "Node Type": "Hash",
                    "Parent Relationship": "Inner",
                    "Parallel Aware": true,
                    "Startup Cost": 54588.39,
                    "Total Cost": 54588.39,
                    "Plan Rows": 4313,
                    "Plan Width": 4,
                    "Actual Startup Time": 130.219,
                    "Actual Total Time": 130.22,
                    "Actual Rows": 3600,
                    "Actual Loops": 2,
                    "Hash Buckets": 8192,
                    "Original Hash Buckets": 8192,
                    "Hash Batches": 1,
                    "Original Hash Batches": 1,
                    "Peak Memory Usage": 352,
                    "Plans": [
                      {
                        "Node Type": "Seq Scan",
                        "Parent Relationship": "Outer",
                        "Parallel Aware": true,
                        "Relation Name": "title",
                        "Alias": "t",
                        "Startup Cost": 0.0,
                        "Total Cost": 54588.39,
                        "Plan Rows": 4313,
                        "Plan Width": 4,
                        "Actual Startup Time": 0.672,
                        "Actual Total Time": 128.808,
                        "Actual Rows": 3600,
                        "Actual Loops": 2,
                        "Filter": "(production_year = 1954)",
                        "Rows Removed by Filter": 1260556
                      }
                    ]
                  }
                ]
              }
            ]
          }
        ]
      }
    ]
  },
  "Planning Time": 0.45,
  "Triggers": [],
  "Execution Time": 222.509
}