[
    {
        "Bao": {
            "Bao prediction": 669.077,
            "Bao recommended hint": "(no hint)"
        }
    },
    {
        "Plan": {
            "Node Type": "Aggregate",
            "Strategy": "Plain",
            "Partial Mode": "Finalize",
            "Parallel Aware": false,
            "Startup Cost": 295455.07,
            "Total Cost": 295455.08,
            "Plan Rows": 1,
            "Plan Width": 8,
            "Actual Startup Time": 175.019,
            "Actual Total Time": 179.873,
            "Actual Rows": 1,
            "Actual Loops": 1,
            "Output": [
                "count(*)"
            ],
            "Plans": [
                {
                    "Node Type": "Gather",
                    "Parent Relationship": "Outer",
                    "Parallel Aware": false,
                    "Startup Cost": 295454.45,
                    "Total Cost": 295455.06,
                    "Plan Rows": 6,
                    "Plan Width": 8,
                    "Actual Startup Time": 174.4,
                    "Actual Total Time": 179.866,
                    "Actual Rows": 7,
                    "Actual Loops": 1,
                    "Output": [
                        "(PARTIAL count(*))"
                    ],
                    "Workers Planned": 6,
                    "Workers Launched": 6,
                    "Single Copy": false,
                    "Plans": [
                        {
                            "Node Type": "Aggregate",
                            "Strategy": "Plain",
                            "Partial Mode": "Partial",
                            "Parent Relationship": "Outer",
                            "Parallel Aware": false,
                            "Startup Cost": 294454.45,
                            "Total Cost": 294454.46,
                            "Plan Rows": 1,
                            "Plan Width": 8,
                            "Actual Startup Time": 164.574,
                            "Actual Total Time": 164.576,
                            "Actual Rows": 1,
                            "Actual Loops": 7,
                            "Output": [
                                "PARTIAL count(*)"
                            ],
                            "Workers": [
                                {
                                    "Worker Number": 0,
                                    "Actual Startup Time": 162.363,
                                    "Actual Total Time": 162.364,
                                    "Actual Rows": 1,
                                    "Actual Loops": 1
                                },
                                {
                                    "Worker Number": 1,
                                    "Actual Startup Time": 162.412,
                                    "Actual Total Time": 162.414,
                                    "Actual Rows": 1,
                                    "Actual Loops": 1
                                },
                                {
                                    "Worker Number": 2,
                                    "Actual Startup Time": 163.078,
                                    "Actual Total Time": 163.079,
                                    "Actual Rows": 1,
                                    "Actual Loops": 1
                                },
                                {
                                    "Worker Number": 3,
                                    "Actual Startup Time": 163.447,
                                    "Actual Total Time": 163.448,
                                    "Actual Rows": 1,
                                    "Actual Loops": 1
                                },
                                {
                                    "Worker Number": 4,
                                    "Actual Startup Time": 163.497,
                                    "Actual Total Time": 163.498,
                                    "Actual Rows": 1,
                                    "Actual Loops": 1
                                },
                                {
                                    "Worker Number": 5,
                                    "Actual Startup Time": 163.66,
                                    "Actual Total Time": 163.661,
                                    "Actual Rows": 1,
                                    "Actual Loops": 1
                                }
                            ],
                            "Plans": [
                                {
                                    "Node Type": "Bitmap Heap Scan",
                                    "Parent Relationship": "Outer",
                                    "Parallel Aware": true,
                                    "Relation Name": "cast_info",
                                    "Schema": "public",
                                    "Alias": "ci",
                                    "Startup Cost": 37146.71,
                                    "Total Cost": 294061.09,
                                    "Plan Rows": 157343,
                                    "Plan Width": 0,
                                    "Actual Startup Time": 73.001,
                                    "Actual Total Time": 151.951,
                                    "Actual Rows": 175112,
                                    "Actual Loops": 7,
                                    "Recheck Cond": "(ci.person_id < 169682)",
                                    "Rows Removed by Index Recheck": 0,
                                    "Filter": "(ci.role_id < 3)",
                                    "Rows Removed by Filter": 69002,
                                    "Exact Heap Blocks": 4772,
                                    "Lossy Heap Blocks": 0,
                                    "Workers": [
                                        {
                                            "Worker Number": 0,
                                            "Actual Startup Time": 70.749,
                                            "Actual Total Time": 149.779,
                                            "Actual Rows": 147371,
                                            "Actual Loops": 1
                                        },
                                        {
                                            "Worker Number": 1,
                                            "Actual Startup Time": 71.005,
                                            "Actual Total Time": 150.367,
                                            "Actual Rows": 138104,
                                            "Actual Loops": 1
                                        },
                                        {
                                            "Worker Number": 2,
                                            "Actual Startup Time": 71.745,
                                            "Actual Total Time": 150.561,
                                            "Actual Rows": 146648,
                                            "Actual Loops": 1
                                        },
                                        {
                                            "Worker Number": 3,
                                            "Actual Startup Time": 71.853,
                                            "Actual Total Time": 151.179,
                                            "Actual Rows": 146028,
                                            "Actual Loops": 1
                                        },
                                        {
                                            "Worker Number": 4,
                                            "Actual Startup Time": 71.997,
                                            "Actual Total Time": 150.867,
                                            "Actual Rows": 149224,
                                            "Actual Loops": 1
                                        },
                                        {
                                            "Worker Number": 5,
                                            "Actual Startup Time": 72.032,
                                            "Actual Total Time": 150.913,
                                            "Actual Rows": 149203,
                                            "Actual Loops": 1
                                        }
                                    ],
                                    "Plans": [
                                        {
                                            "Node Type": "Bitmap Index Scan",
                                            "Parent Relationship": "Outer",
                                            "Parallel Aware": false,
                                            "Index Name": "person_id_cast_info",
                                            "Startup Cost": 0.0,
                                            "Total Cost": 36910.7,
                                            "Plan Rows": 1690951,
                                            "Plan Width": 0,
                                            "Actual Startup Time": 78.967,
                                            "Actual Total Time": 78.967,
                                            "Actual Rows": 1708799,
                                            "Actual Loops": 1,
                                            "Index Cond": "(ci.person_id < 169682)"
                                        }
                                    ]
                                }
                            ]
                        }
                    ]
                }
            ]
        },
        "Planning Time": 1380.307,
        "Triggers": [],
        "Execution Time": 179.992
    }
]