[
    {
        "Bao": {
            "Bao prediction": "NaN",
            "Bao recommended hint": "(no hint)"
        }
    },
    {
        "Plan": {
            "Node Type": "Aggregate",
            "Strategy": "Plain",
            "Partial Mode": "Finalize",
            "Parallel Aware": false,
            "Startup Cost": 33098.52,
            "Total Cost": 33098.53,
            "Plan Rows": 1,
            "Plan Width": 8,
            "Actual Startup Time": 98.511,
            "Actual Total Time": 108.203,
            "Actual Rows": 1,
            "Actual Loops": 1,
            "Output": [
                "count(*)"
            ],
            "Plans": [
                {
                    "Node Type": "Gather",
                    "Parent Relationship": "Outer",
                    "Parallel Aware": false,
                    "Startup Cost": 33098.21,
                    "Total Cost": 33098.52,
                    "Plan Rows": 3,
                    "Plan Width": 8,
                    "Actual Startup Time": 98.424,
                    "Actual Total Time": 108.196,
                    "Actual Rows": 4,
                    "Actual Loops": 1,
                    "Output": [
                        "(PARTIAL count(*))"
                    ],
                    "Workers Planned": 3,
                    "Workers Launched": 3,
                    "Single Copy": false,
                    "Plans": [
                        {
                            "Node Type": "Aggregate",
                            "Strategy": "Plain",
                            "Partial Mode": "Partial",
                            "Parent Relationship": "Outer",
                            "Parallel Aware": false,
                            "Startup Cost": 32098.21,
                            "Total Cost": 32098.22,
                            "Plan Rows": 1,
                            "Plan Width": 8,
                            "Actual Startup Time": 90.371,
                            "Actual Total Time": 90.372,
                            "Actual Rows": 1,
                            "Actual Loops": 4,
                            "Output": [
                                "PARTIAL count(*)"
                            ],
                            "Workers": [
                                {
                                    "Worker Number": 0,
                                    "Actual Startup Time": 87.735,
                                    "Actual Total Time": 87.737,
                                    "Actual Rows": 1,
                                    "Actual Loops": 1
                                },
                                {
                                    "Worker Number": 1,
                                    "Actual Startup Time": 87.688,
                                    "Actual Total Time": 87.689,
                                    "Actual Rows": 1,
                                    "Actual Loops": 1
                                },
                                {
                                    "Worker Number": 2,
                                    "Actual Startup Time": 87.887,
                                    "Actual Total Time": 87.888,
                                    "Actual Rows": 1,
                                    "Actual Loops": 1
                                }
                            ],
                            "Plans": [
                                {
                                    "Node Type": "Seq Scan",
                                    "Parent Relationship": "Outer",
                                    "Parallel Aware": true,
                                    "Relation Name": "movie_companies",
                                    "Schema": "public",
                                    "Alias": "mc",
                                    "Startup Cost": 0.0,
                                    "Total Cost": 31414.82,
                                    "Plan Rows": 273355,
                                    "Plan Width": 0,
                                    "Actual Startup Time": 42.684,
                                    "Actual Total Time": 82.857,
                                    "Actual Rows": 133651,
                                    "Actual Loops": 4,
                                    "Output": [
                                        "id",
                                        "movie_id",
                                        "company_id",
                                        "company_type_id",
                                        "note"
                                    ],
                                    "Filter": "((mc.company_id < 18547) AND (mc.company_type_id = 2))",
                                    "Rows Removed by Filter": 518632,
                                    "Workers": [
                                        {
                                            "Worker Number": 0,
                                            "Actual Startup Time": 40.056,
                                            "Actual Total Time": 80.422,
                                            "Actual Rows": 108889,
                                            "Actual Loops": 1
                                        },
                                        {
                                            "Worker Number": 1,
                                            "Actual Startup Time": 39.998,
                                            "Actual Total Time": 80.374,
                                            "Actual Rows": 107659,
                                            "Actual Loops": 1
                                        },
                                        {
                                            "Worker Number": 2,
                                            "Actual Startup Time": 40.201,
                                            "Actual Total Time": 80.472,
                                            "Actual Rows": 110596,
                                            "Actual Loops": 1
                                        }
                                    ]
                                }
                            ]
                        }
                    ]
                }
            ]
        },
        "Planning Time": 196.48,
        "Triggers": [],
        "Execution Time": 108.26
    }
]