[
  {
    "Plan": {
      "Node Type": "Aggregate",
      "Strategy": "Plain",
      "Partial Mode": "Finalize",
      "Parallel Aware": false,
      "Startup Cost": 33057.06,
      "Total Cost": 33057.07,
      "Plan Rows": 1,
      "Plan Width": 8,
      "Actual Startup Time": 117.666,
      "Actual Total Time": 128.589,
      "Actual Rows": 1,
      "Actual Loops": 1,
      "Plans": [
        {
          "Node Type": "Gather",
          "Parent Relationship": "Outer",
          "Parallel Aware": false,
          "Startup Cost": 33056.74,
          "Total Cost": 33057.05,
          "Plan Rows": 3,
          "Plan Width": 8,
          "Actual Startup Time": 117.331,
          "Actual Total Time": 128.576,
          "Actual Rows": 4,
          "Actual Loops": 1,
          "Workers Planned": 3,
          "Workers Launched": 3,
          "Single Copy": false,
          "Plans": [
            {
              "Node Type": "Aggregate",
              "Strategy": "Plain",
              "Partial Mode": "Partial",
              "Parent Relationship": "Outer",
              "Parallel Aware": false,
              "Startup Cost": 32056.74,
              "Total Cost": 32056.75,
              "Plan Rows": 1,
              "Plan Width": 8,
              "Actual Startup Time": 112.37,
              "Actual Total Time": 112.371,
              "Actual Rows": 1,
              "Actual Loops": 4,
              "Plans": [
                {
                  "Node Type": "Seq Scan",
                  "Parent Relationship": "Outer",
                  "Parallel Aware": true,
                  "Relation Name": "movie_companies",
                  "Alias": "mc",
                  "Startup Cost": 0.0,
                  "Total Cost": 31414.82,
                  "Plan Rows": 256769,
                  "Plan Width": 0,
                  "Actual Startup Time": 0.025,
                  "Actual Total Time": 95.638,
                  "Actual Rows": 277347,
                  "Actual Loops": 4,
                  "Filter": "((company_id < 17659) AND (company_type_id < 2))",
                  "Rows Removed by Filter": 374935
                }
              ]
            }
          ]
        }
      ]
    },
    "Planning Time": 0.188,
    "Triggers": [],
    "Execution Time": 128.637
  }
]