{
  "Plan": {
    "Node Type": "Aggregate",
    "Strategy": "Plain",
    "Partial Mode": "Finalize",
    "Parallel Aware": false,
    "Startup Cost": 91552.71,
    "Total Cost": 91552.72,
    "Plan Rows": 1,
    "Plan Width": 8,
    "Actual Startup Time": 497.24,
    "Actual Total Time": 511.357,
    "Actual Rows": 1,
    "Actual Loops": 1,
    "Plans": [
      {
        "Node Type": "Gather",
        "Parent Relationship": "Outer",
        "Parallel Aware": false,
        "Startup Cost": 91552.6,
        "Total Cost": 91552.71,
        "Plan Rows": 1,
        "Plan Width": 8,
        "Actual Startup Time": 496.1,
        "Actual Total Time": 511.35,
        "Actual Rows": 2,
        "Actual Loops": 1,
        "Workers Planned": 1,
        "Workers Launched": 1,
        "Single Copy": false,
        "Plans": [
          {
            "Node Type": "Aggregate",
            "Strategy": "Plain",
            "Partial Mode": "Partial",
            "Parent Relationship": "Outer",
            "Parallel Aware": false,
            "Startup Cost": 90552.6,
            "Total Cost": 90552.61,
            "Plan Rows": 1,
            "Plan Width": 8,
            "Actual Startup Time": 492.551,
            "Actual Total Time": 492.555,
            "Actual Rows": 1,
            "Actual Loops": 2,
            "Plans": [
              {
                "Node Type": "Hash Join",
                "Parent Relationship": "Outer",
                "Parallel Aware": true,
                "Join Type": "Inner",
                "Startup Cost": 29002.79,
                "Total Cost": 90139.74,
                "Plan Rows": 165144,
                "Plan Width": 0,
                "Actual Startup Time": 111.457,
                "Actual Total Time": 485.112,
                "Actual Rows": 139440,
                "Actual Loops": 2,
                "Inner Unique": false,
                "Hash Cond": "(t.id = mc.movie_id)",
                "Plans": [
                  {
                    "Node Type": "Seq Scan",
                    "Parent Relationship": "Outer",
                    "Parallel Aware": true,
                    "Relation Name": "title",
                    "Alias": "t",
                    "Startup Cost": 0.0,
                    "Total Cost": 50870.31,
                    "Plan Rows": 1487231,
                    "Plan Width": 4,
                    "Actual Startup Time": 0.011,
                    "Actual Total Time": 133.245,
                    "Actual Rows": 1264156,
                    "Actual Loops": 2
                  },
                  {
                    "Node Type": "Hash",
                    "Parent Relationship": "Inner",
                    "Parallel Aware": true,
                    "Startup Cost": 26938.49,
                    "Total Cost": 26938.49,
                    "Plan Rows": 165144,
                    "Plan Width": 4,
                    "Actual Startup Time": 107.529,
                    "Actual Total Time": 107.53,
                    "Actual Rows": 139440,
                    "Actual Loops": 2,
                    "Hash Buckets": 524288,
                    "Original Hash Buckets": 524288,
                    "Hash Batches": 1,
                    "Original Hash Batches": 1,
                    "Peak Memory Usage": 15040,
                    "Plans": [
                      {
                        "Node Type": "Bitmap Heap Scan",
                        "Parent Relationship": "Outer",
                        "Parallel Aware": true,
                        "Relation Name": "movie_companies",
                        "Alias": "mc",
                        "Startup Cost": 6084.2,
                        "Total Cost": 26938.49,
                        "Plan Rows": 165144,
                        "Plan Width": 4,
                        "Actual Startup Time": 23.265,
                        "Actual Total Time": 74.96,
                        "Actual Rows": 139440,
                        "Actual Loops": 2,
                        "Recheck Cond": "(company_id < 150)",
                        "Rows Removed by Index Recheck": 0,
                        "Exact Heap Blocks": 12924,
                        "Lossy Heap Blocks": 0,
                        "Plans": [
                          {
                            "Node Type": "Bitmap Index Scan",
                            "Parent Relationship": "Outer",
                            "Parallel Aware": false,
                            "Index Name": "company_id_movie_companies",
                            "Startup Cost": 0.0,
                            "Total Cost": 6014.01,
                            "Plan Rows": 280744,
                            "Plan Width": 0,
                            "Actual Startup Time": 19.991,
                            "Actual Total Time": 19.992,
                            "Actual Rows": 278880,
                            "Actual Loops": 1,
                            "Index Cond": "(company_id < 150)"
                          }
                        ]
                      }
                    ]
                  }
                ]
              }
            ]
          }
        ]
      }
    ]
  },
  "Planning Time": 0.328,
  "Triggers": [],
  "Execution Time": 511.412
}