[
  {
    "Plan": {
      "Node Type": "Aggregate",
      "Strategy": "Plain",
      "Partial Mode": "Finalize",
      "Parallel Aware": false,
      "Startup Cost": 351222.0,
      "Total Cost": 351222.01,
      "Plan Rows": 1,
      "Plan Width": 8,
      "Actual Startup Time": 827.101,
      "Actual Total Time": 883.154,
      "Actual Rows": 1,
      "Actual Loops": 1,
      "Plans": [
        {
          "Node Type": "Gather",
          "Parent Relationship": "Outer",
          "Parallel Aware": false,
          "Startup Cost": 351221.48,
          "Total Cost": 351221.99,
          "Plan Rows": 5,
          "Plan Width": 8,
          "Actual Startup Time": 826.815,
          "Actual Total Time": 883.113,
          "Actual Rows": 6,
          "Actual Loops": 1,
          "Workers Planned": 5,
          "Workers Launched": 5,
          "Single Copy": false,
          "Plans": [
            {
              "Node Type": "Aggregate",
              "Strategy": "Plain",
              "Partial Mode": "Partial",
              "Parent Relationship": "Outer",
              "Parallel Aware": false,
              "Startup Cost": 350221.48,
              "Total Cost": 350221.49,
              "Plan Rows": 1,
              "Plan Width": 8,
              "Actual Startup Time": 818.648,
              "Actual Total Time": 818.651,
              "Actual Rows": 1,
              "Actual Loops": 6,
              "Plans": [
                {
                  "Node Type": "Nested Loop",
                  "Parent Relationship": "Outer",
                  "Parallel Aware": false,
                  "Join Type": "Inner",
                  "Startup Cost": 5874.02,
                  "Total Cost": 349945.93,
                  "Plan Rows": 110221,
                  "Plan Width": 0,
                  "Actual Startup Time": 6.799,
                  "Actual Total Time": 788.958,
                  "Actual Rows": 427578,
                  "Actual Loops": 6,
                  "Inner Unique": false,
                  "Plans": [
                    {
                      "Node Type": "Nested Loop",
                      "Parent Relationship": "Outer",
                      "Parallel Aware": false,
                      "Join Type": "Inner",
                      "Startup Cost": 5873.59,
                      "Total Cost": 314194.36,
                      "Plan Rows": 18772,
                      "Plan Width": 8,
                      "Actual Startup Time": 6.601,
                      "Actual Total Time": 214.984,
                      "Actual Rows": 35113,
                      "Actual Loops": 6,
                      "Inner Unique": true,
                      "Plans": [
                        {
                          "Node Type": "Bitmap Heap Scan",
                          "Parent Relationship": "Outer",
                          "Parallel Aware": true,
                          "Relation Name": "cast_info",
                          "Alias": "ci",
                          "Startup Cost": 5873.16,
                          "Total Cost": 269792.32,
                          "Plan Rows": 18772,
                          "Plan Width": 4,
                          "Actual Startup Time": 6.372,
                          "Actual Total Time": 21.048,
                          "Actual Rows": 35113,
                          "Actual Loops": 6,
                          "Recheck Cond": "(person_id < 32700)",
                          "Rows Removed by Index Recheck": 0,
                          "Filter": "(role_id = 1)",
                          "Rows Removed by Filter": 11464,
                          "Exact Heap Blocks": 695,
                          "Lossy Heap Blocks": 0,
                          "Plans": [
                            {
                              "Node Type": "Bitmap Index Scan",
                              "Parent Relationship": "Outer",
                              "Parallel Aware": false,
                              "Index Name": "person_id_cast_info",
                              "Startup Cost": 0.0,
                              "Total Cost": 5849.69,
                              "Plan Rows": 267884,
                              "Plan Width": 0,
                              "Actual Startup Time": 13.313,
                              "Actual Total Time": 13.313,
                              "Actual Rows": 279462,
                              "Actual Loops": 1,
                              "Index Cond": "(person_id < 32700)"
                            }
                          ]
                        },
                        {
                          "Node Type": "Index Only Scan",
                          "Parent Relationship": "Inner",
                          "Parallel Aware": false,
                          "Scan Direction": "Forward",
                          "Index Name": "title_pkey",
                          "Relation Name": "title",
                          "Alias": "t",
                          "Startup Cost": 0.43,
                          "Total Cost": 2.37,
                          "Plan Rows": 1,
                          "Plan Width": 4,
                          "Actual Startup Time": 0.005,
                          "Actual Total Time": 0.005,
                          "Actual Rows": 1,
                          "Actual Loops": 210680,
                          "Index Cond": "(id = ci.movie_id)",
                          "Rows Removed by Index Recheck": 0,
                          "Heap Fetches": 210680
                        }
                      ]
                    },
                    {
                      "Node Type": "Index Only Scan",
                      "Parent Relationship": "Inner",
                      "Parallel Aware": false,
                      "Scan Direction": "Forward",
                      "Index Name": "movie_id_movie_info",
                      "Relation Name": "movie_info",
                      "Alias": "mi",
                      "Startup Cost": 0.43,
                      "Total Cost": 1.49,
                      "Plan Rows": 41,
                      "Plan Width": 4,
                      "Actual Startup Time": 0.006,
                      "Actual Total Time": 0.015,
                      "Actual Rows": 12,
                      "Actual Loops": 210680,
                      "Index Cond": "(movie_id = t.id)",
                      "Rows Removed by Index Recheck": 0,
                      "Heap Fetches": 2565469
                    }
                  ]
                }
              ]
            }
          ]
        }
      ]
    },
    "Planning Time": 0.617,
    "Triggers": [],
    "Execution Time": 883.237
  }
]