[
    {
        "Bao": {
            "Bao prediction": 504.8,
            "Bao recommended hint": "SET enable_mergejoin TO off; "
        }
    },
    {
        "Plan": {
            "Node Type": "Aggregate",
            "Strategy": "Plain",
            "Partial Mode": "Finalize",
            "Parallel Aware": false,
            "Startup Cost": 352715.59,
            "Total Cost": 352715.6,
            "Plan Rows": 1,
            "Plan Width": 8,
            "Actual Startup Time": 995.846,
            "Actual Total Time": 1028.256,
            "Actual Rows": 1,
            "Actual Loops": 1,
            "Output": [
                "count(*)"
            ],
            "Plans": [
                {
                    "Node Type": "Gather",
                    "Parent Relationship": "Outer",
                    "Parallel Aware": false,
                    "Startup Cost": 352714.97,
                    "Total Cost": 352715.58,
                    "Plan Rows": 6,
                    "Plan Width": 8,
                    "Actual Startup Time": 995.714,
                    "Actual Total Time": 1028.247,
                    "Actual Rows": 7,
                    "Actual Loops": 1,
                    "Output": [
                        "(PARTIAL count(*))"
                    ],
                    "Workers Planned": 6,
                    "Workers Launched": 6,
                    "Single Copy": false,
                    "Plans": [
                        {
                            "Node Type": "Aggregate",
                            "Strategy": "Plain",
                            "Partial Mode": "Partial",
                            "Parent Relationship": "Outer",
                            "Parallel Aware": false,
                            "Startup Cost": 351714.97,
                            "Total Cost": 351714.98,
                            "Plan Rows": 1,
                            "Plan Width": 8,
                            "Actual Startup Time": 986.333,
                            "Actual Total Time": 986.334,
                            "Actual Rows": 1,
                            "Actual Loops": 7,
                            "Output": [
                                "PARTIAL count(*)"
                            ],
                            "Workers": [
                                {
                                    "Worker Number": 0,
                                    "Actual Startup Time": 984.719,
                                    "Actual Total Time": 984.72,
                                    "Actual Rows": 1,
                                    "Actual Loops": 1
                                },
                                {
                                    "Worker Number": 1,
                                    "Actual Startup Time": 984.715,
                                    "Actual Total Time": 984.716,
                                    "Actual Rows": 1,
                                    "Actual Loops": 1
                                },
                                {
                                    "Worker Number": 2,
                                    "Actual Startup Time": 985.013,
                                    "Actual Total Time": 985.015,
                                    "Actual Rows": 1,
                                    "Actual Loops": 1
                                },
                                {
                                    "Worker Number": 3,
                                    "Actual Startup Time": 984.844,
                                    "Actual Total Time": 984.845,
                                    "Actual Rows": 1,
                                    "Actual Loops": 1
                                },
                                {
                                    "Worker Number": 4,
                                    "Actual Startup Time": 984.832,
                                    "Actual Total Time": 984.834,
                                    "Actual Rows": 1,
                                    "Actual Loops": 1
                                },
                                {
                                    "Worker Number": 5,
                                    "Actual Startup Time": 985.267,
                                    "Actual Total Time": 985.268,
                                    "Actual Rows": 1,
                                    "Actual Loops": 1
                                }
                            ],
                            "Plans": [
                                {
                                    "Node Type": "Seq Scan",
                                    "Parent Relationship": "Outer",
                                    "Parallel Aware": true,
                                    "Relation Name": "cast_info",
                                    "Schema": "public",
                                    "Alias": "ci",
                                    "Startup Cost": 0.0,
                                    "Total Cost": 343318.94,
                                    "Plan Rows": 3358410,
                                    "Plan Width": 0,
                                    "Actual Startup Time": 194.62,
                                    "Actual Total Time": 826.027,
                                    "Actual Rows": 2707203,
                                    "Actual Loops": 7,
                                    "Output": [
                                        "id",
                                        "person_id",
                                        "movie_id",
                                        "person_role_id",
                                        "note",
                                        "nr_order",
                                        "role_id"
                                    ],
                                    "Filter": "((ci.person_id > 1304198) AND (ci.role_id < 10))",
                                    "Rows Removed by Filter": 2470560,
                                    "Workers": [
                                        {
                                            "Worker Number": 0,
                                            "Actual Startup Time": 192.997,
                                            "Actual Total Time": 825.547,
                                            "Actual Rows": 2405747,
                                            "Actual Loops": 1
                                        },
                                        {
                                            "Worker Number": 1,
                                            "Actual Startup Time": 193.014,
                                            "Actual Total Time": 825.58,
                                            "Actual Rows": 2409510,
                                            "Actual Loops": 1
                                        },
                                        {
                                            "Worker Number": 2,
                                            "Actual Startup Time": 193.292,
                                            "Actual Total Time": 827.538,
                                            "Actual Rows": 2380503,
                                            "Actual Loops": 1
                                        },
                                        {
                                            "Worker Number": 3,
                                            "Actual Startup Time": 193.137,
                                            "Actual Total Time": 825.876,
                                            "Actual Rows": 2407232,
                                            "Actual Loops": 1
                                        },
                                        {
                                            "Worker Number": 4,
                                            "Actual Startup Time": 193.132,
                                            "Actual Total Time": 826.045,
                                            "Actual Rows": 2404778,
                                            "Actual Loops": 1
                                        },
                                        {
                                            "Worker Number": 5,
                                            "Actual Startup Time": 193.545,
                                            "Actual Total Time": 827.263,
                                            "Actual Rows": 2388025,
                                            "Actual Loops": 1
                                        }
                                    ]
                                }
                            ]
                        }
                    ]
                }
            ]
        },
        "Planning Time": 616.137,
        "Triggers": [],
        "Execution Time": 1028.342
    }
]