[
  {
    "Plan": {
      "Node Type": "Aggregate",
      "Strategy": "Plain",
      "Partial Mode": "Finalize",
      "Parallel Aware": false,
      "Startup Cost": 342405.47,
      "Total Cost": 342405.48,
      "Plan Rows": 1,
      "Plan Width": 8,
      "Actual Startup Time": 877.513,
      "Actual Total Time": 936.096,
      "Actual Rows": 1,
      "Actual Loops": 1,
      "Plans": [
        {
          "Node Type": "Gather",
          "Parent Relationship": "Outer",
          "Parallel Aware": false,
          "Startup Cost": 342404.85,
          "Total Cost": 342405.46,
          "Plan Rows": 6,
          "Plan Width": 8,
          "Actual Startup Time": 877.276,
          "Actual Total Time": 936.086,
          "Actual Rows": 7,
          "Actual Loops": 1,
          "Workers Planned": 6,
          "Workers Launched": 6,
          "Single Copy": false,
          "Plans": [
            {
              "Node Type": "Aggregate",
              "Strategy": "Plain",
              "Partial Mode": "Partial",
              "Parent Relationship": "Outer",
              "Parallel Aware": false,
              "Startup Cost": 341404.85,
              "Total Cost": 341404.86,
              "Plan Rows": 1,
              "Plan Width": 8,
              "Actual Startup Time": 867.009,
              "Actual Total Time": 867.011,
              "Actual Rows": 1,
              "Actual Loops": 7,
              "Plans": [
                {
                  "Node Type": "Seq Scan",
                  "Parent Relationship": "Outer",
                  "Parallel Aware": true,
                  "Relation Name": "cast_info",
                  "Alias": "ci",
                  "Startup Cost": 0.0,
                  "Total Cost": 328162.03,
                  "Plan Rows": 5297128,
                  "Plan Width": 0,
                  "Actual Startup Time": 64.027,
                  "Actual Total Time": 669.78,
                  "Actual Rows": 4527486,
                  "Actual Loops": 7,
                  "Filter": "(person_id > 439399)",
                  "Rows Removed by Filter": 650277
                }
              ]
            }
          ]
        }
      ]
    },
    "Planning Time": 0.177,
    "Triggers": [],
    "Execution Time": 936.164
  }
]