[
  {
    "Plan": {
      "Node Type": "Aggregate",
      "Strategy": "Plain",
      "Partial Mode": "Finalize",
      "Parallel Aware": false,
      "Startup Cost": 30767.16,
      "Total Cost": 30767.17,
      "Plan Rows": 1,
      "Plan Width": 8,
      "Actual Startup Time": 79.229,
      "Actual Total Time": 84.51,
      "Actual Rows": 1,
      "Actual Loops": 1,
      "Plans": [
        {
          "Node Type": "Gather",
          "Parent Relationship": "Outer",
          "Parallel Aware": false,
          "Startup Cost": 30766.84,
          "Total Cost": 30767.15,
          "Plan Rows": 3,
          "Plan Width": 8,
          "Actual Startup Time": 79.104,
          "Actual Total Time": 84.502,
          "Actual Rows": 4,
          "Actual Loops": 1,
          "Workers Planned": 3,
          "Workers Launched": 3,
          "Single Copy": false,
          "Plans": [
            {
              "Node Type": "Aggregate",
              "Strategy": "Plain",
              "Partial Mode": "Partial",
              "Parent Relationship": "Outer",
              "Parallel Aware": false,
              "Startup Cost": 29766.84,
              "Total Cost": 29766.85,
              "Plan Rows": 1,
              "Plan Width": 8,
              "Actual Startup Time": 73.497,
              "Actual Total Time": 73.498,
              "Actual Rows": 1,
              "Actual Loops": 4,
              "Plans": [
                {
                  "Node Type": "Seq Scan",
                  "Parent Relationship": "Outer",
                  "Parallel Aware": true,
                  "Relation Name": "movie_companies",
                  "Alias": "mc",
                  "Startup Cost": 0.0,
                  "Total Cost": 29310.68,
                  "Plan Rows": 182465,
                  "Plan Width": 0,
                  "Actual Startup Time": 37.078,
                  "Actual Total Time": 67.501,
                  "Actual Rows": 140578,
                  "Actual Loops": 4,
                  "Filter": "(company_id > 71607)",
                  "Rows Removed by Filter": 511704
                }
              ]
            }
          ]
        }
      ]
    },
    "Planning Time": 0.079,
    "Triggers": [],
    "Execution Time": 84.536
  }
]