[
  {
    "Plan": {
      "Node Type": "Aggregate",
      "Strategy": "Plain",
      "Partial Mode": "Finalize",
      "Parallel Aware": false,
      "Startup Cost": 30752.45,
      "Total Cost": 30752.46,
      "Plan Rows": 1,
      "Plan Width": 8,
      "Actual Startup Time": 83.644,
      "Actual Total Time": 91.235,
      "Actual Rows": 1,
      "Actual Loops": 1,
      "Plans": [
        {
          "Node Type": "Gather",
          "Parent Relationship": "Outer",
          "Parallel Aware": false,
          "Startup Cost": 30752.13,
          "Total Cost": 30752.44,
          "Plan Rows": 3,
          "Plan Width": 8,
          "Actual Startup Time": 83.539,
          "Actual Total Time": 91.227,
          "Actual Rows": 4,
          "Actual Loops": 1,
          "Workers Planned": 3,
          "Workers Launched": 3,
          "Single Copy": false,
          "Plans": [
            {
              "Node Type": "Aggregate",
              "Strategy": "Plain",
              "Partial Mode": "Partial",
              "Parent Relationship": "Outer",
              "Parallel Aware": false,
              "Startup Cost": 29752.13,
              "Total Cost": 29752.14,
              "Plan Rows": 1,
              "Plan Width": 8,
              "Actual Startup Time": 77.188,
              "Actual Total Time": 77.189,
              "Actual Rows": 1,
              "Actual Loops": 4,
              "Plans": [
                {
                  "Node Type": "Seq Scan",
                  "Parent Relationship": "Outer",
                  "Parallel Aware": true,
                  "Relation Name": "movie_companies",
                  "Alias": "mc",
                  "Startup Cost": 0.0,
                  "Total Cost": 29310.68,
                  "Plan Rows": 176580,
                  "Plan Width": 0,
                  "Actual Startup Time": 42.298,
                  "Actual Total Time": 71.496,
                  "Actual Rows": 140578,
                  "Actual Loops": 4,
                  "Filter": "(company_id > 71607)",
                  "Rows Removed by Filter": 511704
                }
              ]
            }
          ]
        }
      ]
    },
    "Planning Time": 0.183,
    "Triggers": [],
    "Execution Time": 91.299
  }
]