[
  {
    "Plan": {
      "Node Type": "Aggregate",
      "Strategy": "Plain",
      "Partial Mode": "Finalize",
      "Parallel Aware": false,
      "Startup Cost": 69922.06,
      "Total Cost": 69922.07,
      "Plan Rows": 1,
      "Plan Width": 8,
      "Actual Startup Time": 50.311,
      "Actual Total Time": 56.814,
      "Actual Rows": 1,
      "Actual Loops": 1,
      "Plans": [
        {
          "Node Type": "Gather",
          "Parent Relationship": "Outer",
          "Parallel Aware": false,
          "Startup Cost": 69921.75,
          "Total Cost": 69922.06,
          "Plan Rows": 3,
          "Plan Width": 8,
          "Actual Startup Time": 50.053,
          "Actual Total Time": 56.807,
          "Actual Rows": 4,
          "Actual Loops": 1,
          "Workers Planned": 3,
          "Workers Launched": 3,
          "Single Copy": false,
          "Plans": [
            {
              "Node Type": "Aggregate",
              "Strategy": "Plain",
              "Partial Mode": "Partial",
              "Parent Relationship": "Outer",
              "Parallel Aware": false,
              "Startup Cost": 68921.75,
              "Total Cost": 68921.76,
              "Plan Rows": 1,
              "Plan Width": 8,
              "Actual Startup Time": 40.849,
              "Actual Total Time": 40.851,
              "Actual Rows": 1,
              "Actual Loops": 4,
              "Plans": [
                {
                  "Node Type": "Nested Loop",
                  "Parent Relationship": "Outer",
                  "Parallel Aware": false,
                  "Join Type": "Inner",
                  "Startup Cost": 251.8,
                  "Total Cost": 68910.62,
                  "Plan Rows": 4451,
                  "Plan Width": 0,
                  "Actual Startup Time": 2.057,
                  "Actual Total Time": 40.19,
                  "Actual Rows": 4551,
                  "Actual Loops": 4,
                  "Inner Unique": true,
                  "Plans": [
                    {
                      "Node Type": "Bitmap Heap Scan",
                      "Parent Relationship": "Outer",
                      "Parallel Aware": true,
                      "Relation Name": "movie_info",
                      "Alias": "mi",
                      "Startup Cost": 251.37,
                      "Total Cost": 41897.97,
                      "Plan Rows": 4451,
                      "Plan Width": 4,
                      "Actual Startup Time": 1.885,
                      "Actual Total Time": 4.379,
                      "Actual Rows": 4551,
                      "Actual Loops": 4,
                      "Recheck Cond": "(info_type_id = 11)",
                      "Rows Removed by Index Recheck": 0,
                      "Exact Heap Blocks": 411,
                      "Lossy Heap Blocks": 0,
                      "Plans": [
                        {
                          "Node Type": "Bitmap Index Scan",
                          "Parent Relationship": "Outer",
                          "Parallel Aware": false,
                          "Index Name": "info_type_id_movie_info",
                          "Startup Cost": 0.0,
                          "Total Cost": 247.92,
                          "Plan Rows": 13798,
                          "Plan Width": 0,
                          "Actual Startup Time": 6.894,
                          "Actual Total Time": 6.894,
                          "Actual Rows": 18205,
                          "Actual Loops": 1,
                          "Index Cond": "(info_type_id = 11)"
                        }
                      ]
                    },
                    {
                      "Node Type": "Index Only Scan",
                      "Parent Relationship": "Inner",
                      "Parallel Aware": false,
                      "Scan Direction": "Forward",
                      "Index Name": "title_pkey",
                      "Relation Name": "title",
                      "Alias": "t",
                      "Startup Cost": 0.43,
                      "Total Cost": 6.07,
                      "Plan Rows": 1,
                      "Plan Width": 4,
                      "Actual Startup Time": 0.007,
                      "Actual Total Time": 0.007,
                      "Actual Rows": 1,
                      "Actual Loops": 18205,
                      "Index Cond": "(id = mi.movie_id)",
                      "Rows Removed by Index Recheck": 0,
                      "Heap Fetches": 18205
                    }
                  ]
                }
              ]
            }
          ]
        }
      ]
    },
    "Planning Time": 0.605,
    "Triggers": [],
    "Execution Time": 56.903
  }
]