[
  {
    "Plan": {
      "Node Type": "Aggregate",
      "Strategy": "Plain",
      "Partial Mode": "Finalize",
      "Parallel Aware": false,
      "Startup Cost": 39060.81,
      "Total Cost": 39060.82,
      "Plan Rows": 1,
      "Plan Width": 8,
      "Actual Startup Time": 135.245,
      "Actual Total Time": 143.282,
      "Actual Rows": 1,
      "Actual Loops": 1,
      "Plans": [
        {
          "Node Type": "Gather",
          "Parent Relationship": "Outer",
          "Parallel Aware": false,
          "Startup Cost": 39060.5,
          "Total Cost": 39060.81,
          "Plan Rows": 3,
          "Plan Width": 8,
          "Actual Startup Time": 135.019,
          "Actual Total Time": 143.273,
          "Actual Rows": 4,
          "Actual Loops": 1,
          "Workers Planned": 3,
          "Workers Launched": 3,
          "Single Copy": false,
          "Plans": [
            {
              "Node Type": "Aggregate",
              "Strategy": "Plain",
              "Partial Mode": "Partial",
              "Parent Relationship": "Outer",
              "Parallel Aware": false,
              "Startup Cost": 38060.5,
              "Total Cost": 38060.51,
              "Plan Rows": 1,
              "Plan Width": 8,
              "Actual Startup Time": 128.065,
              "Actual Total Time": 128.067,
              "Actual Rows": 1,
              "Actual Loops": 4,
              "Plans": [
                {
                  "Node Type": "Bitmap Heap Scan",
                  "Parent Relationship": "Outer",
                  "Parallel Aware": true,
                  "Relation Name": "movie_keyword",
                  "Alias": "mk",
                  "Startup Cost": 11079.63,
                  "Total Cost": 37639.35,
                  "Plan Rows": 168458,
                  "Plan Width": 0,
                  "Actual Startup Time": 49.23,
                  "Actual Total Time": 120.728,
                  "Actual Rows": 127455,
                  "Actual Loops": 4,
                  "Recheck Cond": "(keyword_id > 35636)",
                  "Rows Removed by Index Recheck": 0,
                  "Exact Heap Blocks": 10039,
                  "Lossy Heap Blocks": 0,
                  "Plans": [
                    {
                      "Node Type": "Bitmap Index Scan",
                      "Parent Relationship": "Outer",
                      "Parallel Aware": false,
                      "Index Name": "keyword_id_movie_keyword",
                      "Startup Cost": 0.0,
                      "Total Cost": 10949.08,
                      "Plan Rows": 522219,
                      "Plan Width": 0,
                      "Actual Startup Time": 51.927,
                      "Actual Total Time": 51.928,
                      "Actual Rows": 509821,
                      "Actual Loops": 1,
                      "Index Cond": "(keyword_id > 35636)"
                    }
                  ]
                }
              ]
            }
          ]
        }
      ]
    },
    "Planning Time": 0.183,
    "Triggers": [],
    "Execution Time": 143.356
  }
]