[
  {
    "Plan": {
      "Node Type": "Aggregate",
      "Strategy": "Plain",
      "Partial Mode": "Finalize",
      "Parallel Aware": false,
      "Startup Cost": 93480.28,
      "Total Cost": 93480.29,
      "Plan Rows": 1,
      "Plan Width": 8,
      "Actual Startup Time": 503.101,
      "Actual Total Time": 520.833,
      "Actual Rows": 1,
      "Actual Loops": 1,
      "Plans": [
        {
          "Node Type": "Gather",
          "Parent Relationship": "Outer",
          "Parallel Aware": false,
          "Startup Cost": 93479.97,
          "Total Cost": 93480.28,
          "Plan Rows": 3,
          "Plan Width": 8,
          "Actual Startup Time": 497.69,
          "Actual Total Time": 520.826,
          "Actual Rows": 4,
          "Actual Loops": 1,
          "Workers Planned": 3,
          "Workers Launched": 3,
          "Single Copy": false,
          "Plans": [
            {
              "Node Type": "Aggregate",
              "Strategy": "Plain",
              "Partial Mode": "Partial",
              "Parent Relationship": "Outer",
              "Parallel Aware": false,
              "Startup Cost": 92479.97,
              "Total Cost": 92479.98,
              "Plan Rows": 1,
              "Plan Width": 8,
              "Actual Startup Time": 490.474,
              "Actual Total Time": 490.476,
              "Actual Rows": 1,
              "Actual Loops": 4,
              "Plans": [
                {
                  "Node Type": "Hash Join",
                  "Parent Relationship": "Outer",
                  "Parallel Aware": true,
                  "Join Type": "Inner",
                  "Startup Cost": 48299.72,
                  "Total Cost": 91177.8,
                  "Plan Rows": 520865,
                  "Plan Width": 0,
                  "Actual Startup Time": 181.932,
                  "Actual Total Time": 452.202,
                  "Actual Rows": 856077,
                  "Actual Loops": 4,
                  "Inner Unique": true,
                  "Hash Cond": "(mk.movie_id = t.id)",
                  "Plans": [
                    {
                      "Node Type": "Seq Scan",
                      "Parent Relationship": "Outer",
                      "Parallel Aware": true,
                      "Relation Name": "movie_keyword",
                      "Alias": "mk",
                      "Startup Cost": 0.0,
                      "Total Cost": 39047.32,
                      "Plan Rows": 1459332,
                      "Plan Width": 4,
                      "Actual Startup Time": 0.025,
                      "Actual Total Time": 90.639,
                      "Actual Rows": 1130982,
                      "Actual Loops": 4
                    },
                    {
                      "Node Type": "Hash",
                      "Parent Relationship": "Inner",
                      "Parallel Aware": true,
                      "Startup Cost": 45479.59,
                      "Total Cost": 45479.59,
                      "Plan Rows": 225611,
                      "Plan Width": 4,
                      "Actual Startup Time": 178.19,
                      "Actual Total Time": 178.191,
                      "Actual Rows": 206148,
                      "Actual Loops": 4,
                      "Hash Buckets": 1048576,
                      "Original Hash Buckets": 1048576,
                      "Hash Batches": 1,
                      "Original Hash Batches": 1,
                      "Peak Memory Usage": 40512,
                      "Plans": [
                        {
                          "Node Type": "Seq Scan",
                          "Parent Relationship": "Outer",
                          "Parallel Aware": true,
                          "Relation Name": "title",
                          "Alias": "t",
                          "Startup Cost": 0.0,
                          "Total Cost": 45479.59,
                          "Plan Rows": 225611,
                          "Plan Width": 4,
                          "Actual Startup Time": 0.037,
                          "Actual Total Time": 106.64,
                          "Actual Rows": 206148,
                          "Actual Loops": 4,
                          "Filter": "((kind_id < 7) AND (production_year > 1945))",
                          "Rows Removed by Filter": 425930
                        }
                      ]
                    }
                  ]
                }
              ]
            }
          ]
        }
      ]
    },
    "Planning Time": 0.338,
    "Triggers": [],
    "Execution Time": 520.877
  }
]