[
  {
    "Plan": {
      "Node Type": "Aggregate",
      "Strategy": "Plain",
      "Partial Mode": "Finalize",
      "Parallel Aware": false,
      "Startup Cost": 79979.13,
      "Total Cost": 79979.14,
      "Plan Rows": 1,
      "Plan Width": 8,
      "Actual Startup Time": 368.152,
      "Actual Total Time": 380.199,
      "Actual Rows": 1,
      "Actual Loops": 1,
      "Plans": [
        {
          "Node Type": "Gather",
          "Parent Relationship": "Outer",
          "Parallel Aware": false,
          "Startup Cost": 79978.81,
          "Total Cost": 79979.12,
          "Plan Rows": 3,
          "Plan Width": 8,
          "Actual Startup Time": 363.448,
          "Actual Total Time": 380.185,
          "Actual Rows": 4,
          "Actual Loops": 1,
          "Workers Planned": 3,
          "Workers Launched": 3,
          "Single Copy": false,
          "Plans": [
            {
              "Node Type": "Aggregate",
              "Strategy": "Plain",
              "Partial Mode": "Partial",
              "Parent Relationship": "Outer",
              "Parallel Aware": false,
              "Startup Cost": 78978.81,
              "Total Cost": 78978.82,
              "Plan Rows": 1,
              "Plan Width": 8,
              "Actual Startup Time": 350.177,
              "Actual Total Time": 350.183,
              "Actual Rows": 1,
              "Actual Loops": 4,
              "Plans": [
                {
                  "Node Type": "Hash Join",
                  "Parent Relationship": "Outer",
                  "Parallel Aware": true,
                  "Join Type": "Inner",
                  "Startup Cost": 58005.43,
                  "Total Cost": 78896.95,
                  "Plan Rows": 32744,
                  "Plan Width": 0,
                  "Actual Startup Time": 320.901,
                  "Actual Total Time": 349.632,
                  "Actual Rows": 9668,
                  "Actual Loops": 4,
                  "Inner Unique": true,
                  "Hash Cond": "(mc.movie_id = t.id)",
                  "Plans": [
                    {
                      "Node Type": "Bitmap Heap Scan",
                      "Parent Relationship": "Outer",
                      "Parallel Aware": true,
                      "Relation Name": "movie_companies",
                      "Alias": "mc",
                      "Startup Cost": 8589.32,
                      "Total Cost": 29308.32,
                      "Plan Rows": 65723,
                      "Plan Width": 4,
                      "Actual Startup Time": 65.544,
                      "Actual Total Time": 79.825,
                      "Actual Rows": 23216,
                      "Actual Loops": 4,
                      "Recheck Cond": "(company_id < 239)",
                      "Rows Removed by Index Recheck": 0,
                      "Filter": "(company_type_id > 1)",
                      "Rows Removed by Filter": 74684,
                      "Exact Heap Blocks": 6199,
                      "Lossy Heap Blocks": 0,
                      "Plans": [
                        {
                          "Node Type": "Bitmap Index Scan",
                          "Parent Relationship": "Outer",
                          "Parallel Aware": false,
                          "Index Name": "company_id_movie_companies",
                          "Startup Cost": 0.0,
                          "Total Cost": 8538.38,
                          "Plan Rows": 398660,
                          "Plan Width": 0,
                          "Actual Startup Time": 27.23,
                          "Actual Total Time": 27.231,
                          "Actual Rows": 391600,
                          "Actual Loops": 1,
                          "Index Cond": "(company_id < 239)"
                        }
                      ]
                    },
                    {
                      "Node Type": "Hash",
                      "Parent Relationship": "Inner",
                      "Parallel Aware": true,
                      "Startup Cost": 45479.59,
                      "Total Cost": 45479.59,
                      "Plan Rows": 314922,
                      "Plan Width": 4,
                      "Actual Startup Time": 247.062,
                      "Actual Total Time": 247.063,
                      "Actual Rows": 305384,
                      "Actual Loops": 4,
                      "Hash Buckets": 2097152,
                      "Original Hash Buckets": 2097152,
                      "Hash Batches": 1,
                      "Original Hash Batches": 1,
                      "Peak Memory Usage": 64256,
                      "Plans": [
                        {
                          "Node Type": "Seq Scan",
                          "Parent Relationship": "Outer",
                          "Parallel Aware": true,
                          "Relation Name": "title",
                          "Alias": "t",
                          "Startup Cost": 0.0,
                          "Total Cost": 45479.59,
                          "Plan Rows": 314922,
                          "Plan Width": 4,
                          "Actual Startup Time": 0.063,
                          "Actual Total Time": 119.224,
                          "Actual Rows": 305384,
                          "Actual Loops": 4,
                          "Filter": "((production_year < 2011) AND (kind_id = 7))",
                          "Rows Removed by Filter": 326694
                        }
                      ]
                    }
                  ]
                }
              ]
            }
          ]
        }
      ]
    },
    "Planning Time": 0.758,
    "Triggers": [],
    "Execution Time": 380.356
  }
]