[
  {
    "Plan": {
      "Node Type": "Aggregate",
      "Strategy": "Plain",
      "Partial Mode": "Finalize",
      "Parallel Aware": false,
      "Startup Cost": 78250.35,
      "Total Cost": 78250.36,
      "Plan Rows": 1,
      "Plan Width": 8,
      "Actual Startup Time": 206.134,
      "Actual Total Time": 224.67,
      "Actual Rows": 1,
      "Actual Loops": 1,
      "Plans": [
        {
          "Node Type": "Gather",
          "Parent Relationship": "Outer",
          "Parallel Aware": false,
          "Startup Cost": 78249.93,
          "Total Cost": 78250.34,
          "Plan Rows": 4,
          "Plan Width": 8,
          "Actual Startup Time": 205.164,
          "Actual Total Time": 224.662,
          "Actual Rows": 5,
          "Actual Loops": 1,
          "Workers Planned": 4,
          "Workers Launched": 4,
          "Single Copy": false,
          "Plans": [
            {
              "Node Type": "Aggregate",
              "Strategy": "Plain",
              "Partial Mode": "Partial",
              "Parent Relationship": "Outer",
              "Parallel Aware": false,
              "Startup Cost": 77249.93,
              "Total Cost": 77249.94,
              "Plan Rows": 1,
              "Plan Width": 8,
              "Actual Startup Time": 194.944,
              "Actual Total Time": 194.948,
              "Actual Rows": 1,
              "Actual Loops": 5,
              "Plans": [
                {
                  "Node Type": "Hash Join",
                  "Parent Relationship": "Outer",
                  "Parallel Aware": true,
                  "Join Type": "Inner",
                  "Startup Cost": 30058.44,
                  "Total Cost": 77187.47,
                  "Plan Rows": 24982,
                  "Plan Width": 0,
                  "Actual Startup Time": 89.56,
                  "Actual Total Time": 194.4,
                  "Actual Rows": 7734,
                  "Actual Loops": 5,
                  "Inner Unique": false,
                  "Hash Cond": "(t.id = mc.movie_id)",
                  "Plans": [
                    {
                      "Node Type": "Seq Scan",
                      "Parent Relationship": "Outer",
                      "Parallel Aware": true,
                      "Relation Name": "title",
                      "Alias": "t",
                      "Startup Cost": 0.0,
                      "Total Cost": 45479.1,
                      "Plan Rows": 313869,
                      "Plan Width": 4,
                      "Actual Startup Time": 0.011,
                      "Actual Total Time": 74.998,
                      "Actual Rows": 244307,
                      "Actual Loops": 5,
                      "Filter": "((production_year < 2011) AND (kind_id = 7))",
                      "Rows Removed by Filter": 261356
                    },
                    {
                      "Node Type": "Hash",
                      "Parent Relationship": "Inner",
                      "Parallel Aware": true,
                      "Startup Cost": 29247.01,
                      "Total Cost": 29247.01,
                      "Plan Rows": 64914,
                      "Plan Width": 4,
                      "Actual Startup Time": 87.562,
                      "Actual Total Time": 87.563,
                      "Actual Rows": 18573,
                      "Actual Loops": 5,
                      "Hash Buckets": 262144,
                      "Original Hash Buckets": 262144,
                      "Hash Batches": 1,
                      "Original Hash Batches": 1,
                      "Peak Memory Usage": 5792,
                      "Plans": [
                        {
                          "Node Type": "Bitmap Heap Scan",
                          "Parent Relationship": "Outer",
                          "Parallel Aware": true,
                          "Relation Name": "movie_companies",
                          "Alias": "mc",
                          "Startup Cost": 8539.26,
                          "Total Cost": 29247.01,
                          "Plan Rows": 64914,
                          "Plan Width": 4,
                          "Actual Startup Time": 68.258,
                          "Actual Total Time": 81.335,
                          "Actual Rows": 18573,
                          "Actual Loops": 5,
                          "Recheck Cond": "(company_id < 239)",
                          "Rows Removed by Index Recheck": 0,
                          "Filter": "(company_type_id > 1)",
                          "Rows Removed by Filter": 59747,
                          "Exact Heap Blocks": 8643,
                          "Lossy Heap Blocks": 0,
                          "Plans": [
                            {
                              "Node Type": "Bitmap Index Scan",
                              "Parent Relationship": "Outer",
                              "Parallel Aware": false,
                              "Index Name": "company_id_movie_companies",
                              "Startup Cost": 0.0,
                              "Total Cost": 8488.95,
                              "Plan Rows": 396336,
                              "Plan Width": 0,
                              "Actual Startup Time": 30.038,
                              "Actual Total Time": 30.038,
                              "Actual Rows": 391600,
                              "Actual Loops": 1,
                              "Index Cond": "(company_id < 239)"
                            }
                          ]
                        }
                      ]
                    }
                  ]
                }
              ]
            }
          ]
        }
      ]
    },
    "Planning Time": 0.664,
    "Triggers": [],
    "Execution Time": 224.765
  }
]