[
    {
        "Bao": {
            "Bao prediction": "NaN",
            "Bao recommended hint": "(no hint)"
        }
    },
    {
        "Plan": {
            "Node Type": "Aggregate",
            "Strategy": "Plain",
            "Partial Mode": "Finalize",
            "Parallel Aware": false,
            "Startup Cost": 24832.86,
            "Total Cost": 24832.87,
            "Plan Rows": 1,
            "Plan Width": 8,
            "Actual Startup Time": 38.09,
            "Actual Total Time": 41.557,
            "Actual Rows": 1,
            "Actual Loops": 1,
            "Output": [
                "count(*)"
            ],
            "Plans": [
                {
                    "Node Type": "Gather",
                    "Parent Relationship": "Outer",
                    "Parallel Aware": false,
                    "Startup Cost": 24832.54,
                    "Total Cost": 24832.85,
                    "Plan Rows": 3,
                    "Plan Width": 8,
                    "Actual Startup Time": 37.933,
                    "Actual Total Time": 41.551,
                    "Actual Rows": 4,
                    "Actual Loops": 1,
                    "Output": [
                        "(PARTIAL count(*))"
                    ],
                    "Workers Planned": 3,
                    "Workers Launched": 3,
                    "Single Copy": false,
                    "Plans": [
                        {
                            "Node Type": "Aggregate",
                            "Strategy": "Plain",
                            "Partial Mode": "Partial",
                            "Parent Relationship": "Outer",
                            "Parallel Aware": false,
                            "Startup Cost": 23832.54,
                            "Total Cost": 23832.55,
                            "Plan Rows": 1,
                            "Plan Width": 8,
                            "Actual Startup Time": 29.589,
                            "Actual Total Time": 29.59,
                            "Actual Rows": 1,
                            "Actual Loops": 4,
                            "Output": [
                                "PARTIAL count(*)"
                            ],
                            "Workers": [
                                {
                                    "Worker Number": 0,
                                    "Actual Startup Time": 26.382,
                                    "Actual Total Time": 26.383,
                                    "Actual Rows": 1,
                                    "Actual Loops": 1
                                },
                                {
                                    "Worker Number": 1,
                                    "Actual Startup Time": 26.958,
                                    "Actual Total Time": 26.959,
                                    "Actual Rows": 1,
                                    "Actual Loops": 1
                                },
                                {
                                    "Worker Number": 2,
                                    "Actual Startup Time": 27.306,
                                    "Actual Total Time": 27.307,
                                    "Actual Rows": 1,
                                    "Actual Loops": 1
                                }
                            ],
                            "Plans": [
                                {
                                    "Node Type": "Bitmap Heap Scan",
                                    "Parent Relationship": "Outer",
                                    "Parallel Aware": true,
                                    "Relation Name": "movie_companies",
                                    "Schema": "public",
                                    "Alias": "mc",
                                    "Startup Cost": 4055.09,
                                    "Total Cost": 23755.2,
                                    "Plan Rows": 30934,
                                    "Plan Width": 0,
                                    "Actual Startup Time": 2.193,
                                    "Actual Total Time": 26.424,
                                    "Actual Rows": 47716,
                                    "Actual Loops": 4,
                                    "Recheck Cond": "(mc.company_id > 116395)",
                                    "Rows Removed by Index Recheck": 0,
                                    "Filter": "(mc.company_type_id = 2)",
                                    "Rows Removed by Filter": 0,
                                    "Exact Heap Blocks": 2833,
                                    "Lossy Heap Blocks": 0,
                                    "Workers": [
                                        {
                                            "Worker Number": 0,
                                            "Actual Startup Time": 0.217,
                                            "Actual Total Time": 23.819,
                                            "Actual Rows": 22006,
                                            "Actual Loops": 1
                                        },
                                        {
                                            "Worker Number": 1,
                                            "Actual Startup Time": 0.18,
                                            "Actual Total Time": 24.307,
                                            "Actual Rows": 21602,
                                            "Actual Loops": 1
                                        },
                                        {
                                            "Worker Number": 2,
                                            "Actual Startup Time": 0.181,
                                            "Actual Total Time": 24.615,
                                            "Actual Rows": 21559,
                                            "Actual Loops": 1
                                        }
                                    ],
                                    "Plans": [
                                        {
                                            "Node Type": "Bitmap Index Scan",
                                            "Parent Relationship": "Outer",
                                            "Parallel Aware": false,
                                            "Index Name": "company_id_movie_companies",
                                            "Startup Cost": 0.0,
                                            "Total Cost": 4031.11,
                                            "Plan Rows": 188091,
                                            "Plan Width": 0,
                                            "Actual Startup Time": 7.641,
                                            "Actual Total Time": 7.641,
                                            "Actual Rows": 190866,
                                            "Actual Loops": 1,
                                            "Index Cond": "(mc.company_id > 116395)"
                                        }
                                    ]
                                }
                            ]
                        }
                    ]
                }
            ]
        },
        "Planning Time": 172.948,
        "Triggers": [],
        "Execution Time": 41.601
    }
]