[
    {
        "Bao": {
            "Bao prediction": 493.62,
            "Bao recommended hint": "(no hint)"
        }
    },
    {
        "Plan": {
            "Node Type": "Aggregate",
            "Strategy": "Plain",
            "Partial Mode": "Finalize",
            "Parallel Aware": false,
            "Startup Cost": 335001.78,
            "Total Cost": 335001.79,
            "Plan Rows": 1,
            "Plan Width": 8,
            "Actual Startup Time": 792.927,
            "Actual Total Time": 827.978,
            "Actual Rows": 1,
            "Actual Loops": 1,
            "Output": [
                "count(*)"
            ],
            "Plans": [
                {
                    "Node Type": "Gather",
                    "Parent Relationship": "Outer",
                    "Parallel Aware": false,
                    "Startup Cost": 335001.15,
                    "Total Cost": 335001.76,
                    "Plan Rows": 6,
                    "Plan Width": 8,
                    "Actual Startup Time": 792.827,
                    "Actual Total Time": 827.97,
                    "Actual Rows": 7,
                    "Actual Loops": 1,
                    "Output": [
                        "(PARTIAL count(*))"
                    ],
                    "Workers Planned": 6,
                    "Workers Launched": 6,
                    "Single Copy": false,
                    "Plans": [
                        {
                            "Node Type": "Aggregate",
                            "Strategy": "Plain",
                            "Partial Mode": "Partial",
                            "Parent Relationship": "Outer",
                            "Parallel Aware": false,
                            "Startup Cost": 334001.15,
                            "Total Cost": 334001.16,
                            "Plan Rows": 1,
                            "Plan Width": 8,
                            "Actual Startup Time": 784.062,
                            "Actual Total Time": 784.063,
                            "Actual Rows": 1,
                            "Actual Loops": 7,
                            "Output": [
                                "PARTIAL count(*)"
                            ],
                            "Workers": [
                                {
                                    "Worker Number": 0,
                                    "Actual Startup Time": 784.772,
                                    "Actual Total Time": 784.773,
                                    "Actual Rows": 1,
                                    "Actual Loops": 1
                                },
                                {
                                    "Worker Number": 1,
                                    "Actual Startup Time": 781.993,
                                    "Actual Total Time": 781.993,
                                    "Actual Rows": 1,
                                    "Actual Loops": 1
                                },
                                {
                                    "Worker Number": 2,
                                    "Actual Startup Time": 782.075,
                                    "Actual Total Time": 782.077,
                                    "Actual Rows": 1,
                                    "Actual Loops": 1
                                },
                                {
                                    "Worker Number": 3,
                                    "Actual Startup Time": 782.092,
                                    "Actual Total Time": 782.093,
                                    "Actual Rows": 1,
                                    "Actual Loops": 1
                                },
                                {
                                    "Worker Number": 4,
                                    "Actual Startup Time": 782.594,
                                    "Actual Total Time": 782.595,
                                    "Actual Rows": 1,
                                    "Actual Loops": 1
                                },
                                {
                                    "Worker Number": 5,
                                    "Actual Startup Time": 782.881,
                                    "Actual Total Time": 782.882,
                                    "Actual Rows": 1,
                                    "Actual Loops": 1
                                }
                            ],
                            "Plans": [
                                {
                                    "Node Type": "Seq Scan",
                                    "Parent Relationship": "Outer",
                                    "Parallel Aware": true,
                                    "Relation Name": "cast_info",
                                    "Schema": "public",
                                    "Alias": "ci",
                                    "Startup Cost": 0.0,
                                    "Total Cost": 328213.62,
                                    "Plan Rows": 2315015,
                                    "Plan Width": 0,
                                    "Actual Startup Time": 280.844,
                                    "Actual Total Time": 665.569,
                                    "Actual Rows": 1995023,
                                    "Actual Loops": 7,
                                    "Output": [
                                        "id",
                                        "person_id",
                                        "movie_id",
                                        "person_role_id",
                                        "note",
                                        "nr_order",
                                        "role_id"
                                    ],
                                    "Filter": "(ci.person_id > 2269233)",
                                    "Rows Removed by Filter": 3182740,
                                    "Workers": [
                                        {
                                            "Worker Number": 0,
                                            "Actual Startup Time": 281.566,
                                            "Actual Total Time": 667.153,
                                            "Actual Rows": 1774431,
                                            "Actual Loops": 1
                                        },
                                        {
                                            "Worker Number": 1,
                                            "Actual Startup Time": 278.751,
                                            "Actual Total Time": 664.995,
                                            "Actual Rows": 1770520,
                                            "Actual Loops": 1
                                        },
                                        {
                                            "Worker Number": 2,
                                            "Actual Startup Time": 278.858,
                                            "Actual Total Time": 665.217,
                                            "Actual Rows": 1770094,
                                            "Actual Loops": 1
                                        },
                                        {
                                            "Worker Number": 3,
                                            "Actual Startup Time": 278.891,
                                            "Actual Total Time": 667.6,
                                            "Actual Rows": 1726402,
                                            "Actual Loops": 1
                                        },
                                        {
                                            "Worker Number": 4,
                                            "Actual Startup Time": 279.372,
                                            "Actual Total Time": 665.62,
                                            "Actual Rows": 1752629,
                                            "Actual Loops": 1
                                        },
                                        {
                                            "Worker Number": 5,
                                            "Actual Startup Time": 279.651,
                                            "Actual Total Time": 665.684,
                                            "Actual Rows": 1771855,
                                            "Actual Loops": 1
                                        }
                                    ]
                                }
                            ]
                        }
                    ]
                }
            ]
        },
        "Planning Time": 687.594,
        "Triggers": [],
        "Execution Time": 828.07
    }
]