{
  "Plan": {
    "Node Type": "Aggregate",
    "Strategy": "Plain",
    "Partial Mode": "Finalize",
    "Parallel Aware": false,
    "Startup Cost": 94397.1,
    "Total Cost": 94397.11,
    "Plan Rows": 1,
    "Plan Width": 8,
    "Actual Startup Time": 452.837,
    "Actual Total Time": 465.305,
    "Actual Rows": 1,
    "Actual Loops": 1,
    "Plans": [
      {
        "Node Type": "Gather",
        "Parent Relationship": "Outer",
        "Parallel Aware": false,
        "Startup Cost": 94396.99,
        "Total Cost": 94397.1,
        "Plan Rows": 1,
        "Plan Width": 8,
        "Actual Startup Time": 451.925,
        "Actual Total Time": 465.296,
        "Actual Rows": 2,
        "Actual Loops": 1,
        "Workers Planned": 1,
        "Workers Launched": 1,
        "Single Copy": false,
        "Plans": [
          {
            "Node Type": "Aggregate",
            "Strategy": "Plain",
            "Partial Mode": "Partial",
            "Parent Relationship": "Outer",
            "Parallel Aware": false,
            "Startup Cost": 93396.99,
            "Total Cost": 93397.0,
            "Plan Rows": 1,
            "Plan Width": 8,
            "Actual Startup Time": 449.231,
            "Actual Total Time": 449.235,
            "Actual Rows": 1,
            "Actual Loops": 2,
            "Plans": [
              {
                "Node Type": "Hash Join",
                "Parent Relationship": "Outer",
                "Parallel Aware": true,
                "Join Type": "Inner",
                "Startup Cost": 32268.81,
                "Total Cost": 93109.88,
                "Plan Rows": 114845,
                "Plan Width": 0,
                "Actual Startup Time": 125.187,
                "Actual Total Time": 442.758,
                "Actual Rows": 150064,
                "Actual Loops": 2,
                "Inner Unique": false,
                "Hash Cond": "(t.id = mc.movie_id)",
                "Plans": [
                  {
                    "Node Type": "Seq Scan",
                    "Parent Relationship": "Outer",
                    "Parallel Aware": true,
                    "Relation Name": "title",
                    "Alias": "t",
                    "Startup Cost": 0.0,
                    "Total Cost": 50870.31,
                    "Plan Rows": 1487231,
                    "Plan Width": 4,
                    "Actual Startup Time": 0.012,
                    "Actual Total Time": 109.84,
                    "Actual Rows": 1264156,
                    "Actual Loops": 2
                  },
                  {
                    "Node Type": "Hash",
                    "Parent Relationship": "Inner",
                    "Parallel Aware": true,
                    "Startup Cost": 30833.25,
                    "Total Cost": 30833.25,
                    "Plan Rows": 114845,
                    "Plan Width": 4,
                    "Actual Startup Time": 123.214,
                    "Actual Total Time": 123.216,
                    "Actual Rows": 150064,
                    "Actual Loops": 2,
                    "Hash Buckets": 524288,
                    "Original Hash Buckets": 262144,
                    "Hash Batches": 1,
                    "Original Hash Batches": 1,
                    "Peak Memory Usage": 17920,
                    "Plans": [
                      {
                        "Node Type": "Bitmap Heap Scan",
                        "Parent Relationship": "Outer",
                        "Parallel Aware": true,
                        "Relation Name": "movie_companies",
                        "Alias": "mc",
                        "Startup Cost": 8543.78,
                        "Total Cost": 30833.25,
                        "Plan Rows": 114845,
                        "Plan Width": 4,
                        "Actual Startup Time": 28.184,
                        "Actual Total Time": 86.3,
                        "Actual Rows": 150064,
                        "Actual Loops": 2,
                        "Recheck Cond": "(company_id < 240)",
                        "Rows Removed by Index Recheck": 0,
                        "Filter": "(company_type_id < 2)",
                        "Rows Removed by Filter": 46456,
                        "Exact Heap Blocks": 11425,
                        "Lossy Heap Blocks": 0,
                        "Plans": [
                          {
                            "Node Type": "Bitmap Index Scan",
                            "Parent Relationship": "Outer",
                            "Parallel Aware": false,
                            "Index Name": "company_id_movie_companies",
                            "Startup Cost": 0.0,
                            "Total Cost": 8494.98,
                            "Plan Rows": 396606,
                            "Plan Width": 0,
                            "Actual Startup Time": 25.759,
                            "Actual Total Time": 25.76,
                            "Actual Rows": 393040,
                            "Actual Loops": 1,
                            "Index Cond": "(company_id < 240)"
                          }
                        ]
                      }
                    ]
                  }
                ]
              }
            ]
          }
        ]
      }
    ]
  },
  "Planning Time": 0.352,
  "Triggers": [],
  "Execution Time": 465.356
}