{
    "Plan": {
        "Node Type": "Aggregate",
        "Strategy": "Plain",
        "Partial Mode": "Finalize",
        "Parallel Aware": false,
        "Startup Cost": 244871.32,
        "Total Cost": 244871.33,
        "Plan Rows": 1,
        "Plan Width": 8,
        "Actual Startup Time": 424.34,
        "Actual Total Time": 463.388,
        "Actual Rows": 1,
        "Actual Loops": 1,
        "Output": [
            "count(*)"
        ],
        "Plans": [
            {
                "Node Type": "Gather",
                "Parent Relationship": "Outer",
                "Parallel Aware": false,
                "Startup Cost": 244870.79,
                "Total Cost": 244871.3,
                "Plan Rows": 5,
                "Plan Width": 8,
                "Actual Startup Time": 422.257,
                "Actual Total Time": 463.377,
                "Actual Rows": 6,
                "Actual Loops": 1,
                "Output": [
                    "(PARTIAL count(*))"
                ],
                "Workers Planned": 5,
                "Workers Launched": 5,
                "Single Copy": false,
                "Plans": [
                    {
                        "Node Type": "Aggregate",
                        "Strategy": "Plain",
                        "Partial Mode": "Partial",
                        "Parent Relationship": "Outer",
                        "Parallel Aware": false,
                        "Startup Cost": 243870.79,
                        "Total Cost": 243870.8,
                        "Plan Rows": 1,
                        "Plan Width": 8,
                        "Actual Startup Time": 413.215,
                        "Actual Total Time": 413.218,
                        "Actual Rows": 1,
                        "Actual Loops": 6,
                        "Output": [
                            "PARTIAL count(*)"
                        ],
                        "Workers": [
                            {
                                "Worker Number": 0,
                                "Actual Startup Time": 409.293,
                                "Actual Total Time": 409.296,
                                "Actual Rows": 1,
                                "Actual Loops": 1
                            },
                            {
                                "Worker Number": 1,
                                "Actual Startup Time": 410.319,
                                "Actual Total Time": 410.322,
                                "Actual Rows": 1,
                                "Actual Loops": 1
                            },
                            {
                                "Worker Number": 2,
                                "Actual Startup Time": 412.788,
                                "Actual Total Time": 412.791,
                                "Actual Rows": 1,
                                "Actual Loops": 1
                            },
                            {
                                "Worker Number": 3,
                                "Actual Startup Time": 412.689,
                                "Actual Total Time": 412.692,
                                "Actual Rows": 1,
                                "Actual Loops": 1
                            },
                            {
                                "Worker Number": 4,
                                "Actual Startup Time": 412.686,
                                "Actual Total Time": 412.689,
                                "Actual Rows": 1,
                                "Actual Loops": 1
                            }
                        ],
                        "Plans": [
                            {
                                "Node Type": "Hash Join",
                                "Parent Relationship": "Outer",
                                "Parallel Aware": true,
                                "Join Type": "Inner",
                                "Startup Cost": 44791.86,
                                "Total Cost": 243851.54,
                                "Plan Rows": 7703,
                                "Plan Width": 0,
                                "Actual Startup Time": 267.829,
                                "Actual Total Time": 412.584,
                                "Actual Rows": 11984,
                                "Actual Loops": 6,
                                "Inner Unique": true,
                                "Hash Cond": "(mi.movie_id = t.id)",
                                "Workers": [
                                    {
                                        "Worker Number": 0,
                                        "Actual Startup Time": 264.407,
                                        "Actual Total Time": 408.641,
                                        "Actual Rows": 8315,
                                        "Actual Loops": 1
                                    },
                                    {
                                        "Worker Number": 1,
                                        "Actual Startup Time": 263.694,
                                        "Actual Total Time": 409.724,
                                        "Actual Rows": 12312,
                                        "Actual Loops": 1
                                    },
                                    {
                                        "Worker Number": 2,
                                        "Actual Startup Time": 265.846,
                                        "Actual Total Time": 412.193,
                                        "Actual Rows": 12246,
                                        "Actual Loops": 1
                                    },
                                    {
                                        "Worker Number": 3,
                                        "Actual Startup Time": 269.104,
                                        "Actual Total Time": 412.112,
                                        "Actual Rows": 11896,
                                        "Actual Loops": 1
                                    },
                                    {
                                        "Worker Number": 4,
                                        "Actual Startup Time": 267.787,
                                        "Actual Total Time": 412.091,
                                        "Actual Rows": 12370,
                                        "Actual Loops": 1
                                    }
                                ],
                                "Plans": [
                                    {
                                        "Node Type": "Seq Scan",
                                        "Parent Relationship": "Outer",
                                        "Parallel Aware": true,
                                        "Relation Name": "movie_info",
                                        "Schema": "public",
                                        "Alias": "mi",
                                        "Startup Cost": 0.0,
                                        "Total Cost": 198880.74,
                                        "Plan Rows": 68169,
                                        "Plan Width": 4,
                                        "Actual Startup Time": 161.799,
                                        "Actual Total Time": 296.898,
                                        "Actual Rows": 61370,
                                        "Actual Loops": 6,
                                        "Output": [
                                            "mi.id",
                                            "mi.movie_id",
                                            "mi.info_type_id",
                                            "mi.info",
                                            "mi.note"
                                        ],
                                        "Filter": "(mi.info_type_id = 17)",
                                        "Rows Removed by Filter": 2411250,
                                        "Workers": [
                                            {
                                                "Worker Number": 0,
                                                "Actual Startup Time": 162.216,
                                                "Actual Total Time": 298.004,
                                                "Actual Rows": 41375,
                                                "Actual Loops": 1
                                            },
                                            {
                                                "Worker Number": 1,
                                                "Actual Startup Time": 162.087,
                                                "Actual Total Time": 297.318,
                                                "Actual Rows": 62438,
                                                "Actual Loops": 1
                                            },
                                            {
                                                "Worker Number": 2,
                                                "Actual Startup Time": 162.114,
                                                "Actual Total Time": 297.324,
                                                "Actual Rows": 61793,
                                                "Actual Loops": 1
                                            },
                                            {
                                                "Worker Number": 3,
                                                "Actual Startup Time": 162.085,
                                                "Actual Total Time": 297.404,
                                                "Actual Rows": 61801,
                                                "Actual Loops": 1
                                            },
                                            {
                                                "Worker Number": 4,
                                                "Actual Startup Time": 161.168,
                                                "Actual Total Time": 297.251,
                                                "Actual Rows": 61685,
                                                "Actual Loops": 1
                                            }
                                        ]
                                    },
                                    {
                                        "Node Type": "Hash",
                                        "Parent Relationship": "Inner",
                                        "Parallel Aware": true,
                                        "Startup Cost": 43899.01,
                                        "Total Cost": 43899.01,
                                        "Plan Rows": 71428,
                                        "Plan Width": 4,
                                        "Actual Startup Time": 101.328,
                                        "Actual Total Time": 101.329,
                                        "Actual Rows": 47509,
                                        "Actual Loops": 6,
                                        "Output": [
                                            "t.id"
                                        ],
                                        "Hash Buckets": 524288,
                                        "Original Hash Buckets": 524288,
                                        "Hash Batches": 1,
                                        "Original Hash Batches": 1,
                                        "Peak Memory Usage": 15360,
                                        "Workers": [
                                            {
                                                "Worker Number": 0,
                                                "Actual Startup Time": 99.479,
                                                "Actual Total Time": 99.481,
                                                "Actual Rows": 34460,
                                                "Actual Loops": 1
                                            },
                                            {
                                                "Worker Number": 1,
                                                "Actual Startup Time": 100.637,
                                                "Actual Total Time": 100.637,
                                                "Actual Rows": 47817,
                                                "Actual Loops": 1
                                            },
                                            {
                                                "Worker Number": 2,
                                                "Actual Startup Time": 103.032,
                                                "Actual Total Time": 103.032,
                                                "Actual Rows": 48059,
                                                "Actual Loops": 1
                                            },
                                            {
                                                "Worker Number": 3,
                                                "Actual Startup Time": 102.992,
                                                "Actual Total Time": 102.993,
                                                "Actual Rows": 47715,
                                                "Actual Loops": 1
                                            },
                                            {
                                                "Worker Number": 4,
                                                "Actual Startup Time": 102.973,
                                                "Actual Total Time": 102.974,
                                                "Actual Rows": 48628,
                                                "Actual Loops": 1
                                            }
                                        ],
                                        "Plans": [
                                            {
                                                "Node Type": "Seq Scan",
                                                "Parent Relationship": "Outer",
                                                "Parallel Aware": true,
                                                "Relation Name": "title",
                                                "Schema": "public",
                                                "Alias": "t",
                                                "Startup Cost": 0.0,
                                                "Total Cost": 43899.01,
                                                "Plan Rows": 71428,
                                                "Plan Width": 4,
                                                "Actual Startup Time": 0.072,
                                                "Actual Total Time": 78.261,
                                                "Actual Rows": 47509,
                                                "Actual Loops": 6,
                                                "Output": [
                                                    "t.id"
                                                ],
                                                "Filter": "(t.production_year < 1964)",
                                                "Rows Removed by Filter": 373876,
                                                "Workers": [
                                                    {
                                                        "Worker Number": 0,
                                                        "Actual Startup Time": 0.072,
                                                        "Actual Total Time": 79.475,
                                                        "Actual Rows": 34460,
                                                        "Actual Loops": 1
                                                    },
                                                    {
                                                        "Worker Number": 1,
                                                        "Actual Startup Time": 0.078,
                                                        "Actual Total Time": 78.742,
                                                        "Actual Rows": 47817,
                                                        "Actual Loops": 1
                                                    },
                                                    {
                                                        "Worker Number": 2,
                                                        "Actual Startup Time": 0.151,
                                                        "Actual Total Time": 78.816,
                                                        "Actual Rows": 48059,
                                                        "Actual Loops": 1
                                                    },
                                                    {
                                                        "Worker Number": 3,
                                                        "Actual Startup Time": 0.065,
                                                        "Actual Total Time": 78.199,
                                                        "Actual Rows": 47715,
                                                        "Actual Loops": 1
                                                    },
                                                    {
                                                        "Worker Number": 4,
                                                        "Actual Startup Time": 0.046,
                                                        "Actual Total Time": 78.397,
                                                        "Actual Rows": 48628,
                                                        "Actual Loops": 1
                                                    }
                                                ]
                                            }
                                        ]
                                    }
                                ]
                            }
                        ]
                    }
                ]
            }
        ]
    },
    "Planning Time": 0.59,
    "Triggers": [],
    "Execution Time": 463.461
}