{
  "Plan": {
    "Node Type": "Aggregate",
    "Strategy": "Plain",
    "Partial Mode": "Simple",
    "Parallel Aware": false,
    "Startup Cost": 91409.95,
    "Total Cost": 91409.96,
    "Plan Rows": 1,
    "Plan Width": 64,
    "Actual Startup Time": 16350.603,
    "Actual Total Time": 16350.729,
    "Actual Rows": 1,
    "Actual Loops": 1,
    "Plans": [
      {
        "Node Type": "Gather",
        "Parent Relationship": "Outer",
        "Parallel Aware": false,
        "Startup Cost": 62356.18,
        "Total Cost": 91409.94,
        "Plan Rows": 1,
        "Plan Width": 27,
        "Actual Startup Time": 12558.153,
        "Actual Total Time": 16350.595,
        "Actual Rows": 618,
        "Actual Loops": 1,
        "Workers Planned": 1,
        "Workers Launched": 1,
        "Single Copy": false,
        "Plans": [
          {
            "Node Type": "Nested Loop",
            "Parent Relationship": "Outer",
            "Parallel Aware": false,
            "Join Type": "Inner",
            "Startup Cost": 61356.18,
            "Total Cost": 90409.84,
            "Plan Rows": 1,
            "Plan Width": 27,
            "Actual Startup Time": 11742.274,
            "Actual Total Time": 13638.411,
            "Actual Rows": 309,
            "Actual Loops": 2,
            "Inner Unique": true,
            "Plans": [
              {
                "Node Type": "Nested Loop",
                "Parent Relationship": "Outer",
                "Parallel Aware": false,
                "Join Type": "Inner",
                "Startup Cost": 61356.04,
                "Total Cost": 90409.61,
                "Plan Rows": 1,
                "Plan Width": 31,
                "Actual Startup Time": 11742.266,
                "Actual Total Time": 13638.133,
                "Actual Rows": 309,
                "Actual Loops": 2,
                "Inner Unique": false,
                "Join Filter": "(t.id = mi.movie_id)",
                "Rows Removed by Join Filter": 0,
                "Plans": [
                  {
                    "Node Type": "Hash Join",
                    "Parent Relationship": "Outer",
                    "Parallel Aware": false,
                    "Join Type": "Inner",
                    "Startup Cost": 61355.61,
                    "Total Cost": 84306.78,
                    "Plan Rows": 3782,
                    "Plan Width": 43,
                    "Actual Startup Time": 319.489,
                    "Actual Total Time": 3141.849,
                    "Actual Rows": 272062,
                    "Actual Loops": 2,
                    "Inner Unique": true,
                    "Hash Cond": "(mc.company_type_id = ct.id)",
                    "Plans": [
                      {
                        "Node Type": "Nested Loop",
                        "Parent Relationship": "Outer",
                        "Parallel Aware": false,
                        "Join Type": "Inner",
                        "Startup Cost": 61354.52,
                        "Total Cost": 84285.24,
                        "Plan Rows": 3782,
                        "Plan Width": 47,
                        "Actual Startup Time": 319.108,
                        "Actual Total Time": 3079.087,
                        "Actual Rows": 272062,
                        "Actual Loops": 2,
                        "Inner Unique": true,
                        "Plans": [
                          {
                            "Node Type": "Nested Loop",
                            "Parent Relationship": "Outer",
                            "Parallel Aware": false,
                            "Join Type": "Inner",
                            "Startup Cost": 61354.1,
                            "Total Cost": 82625.76,
                            "Plan Rows": 3782,
                            "Plan Width": 51,
                            "Actual Startup Time": 319.034,
                            "Actual Total Time": 2588.12,
                            "Actual Rows": 272062,
                            "Actual Loops": 2,
                            "Inner Unique": true,
                            "Plans": [
                              {
                                "Node Type": "Nested Loop",
                                "Parent Relationship": "Outer",
                                "Parallel Aware": false,
                                "Join Type": "Inner",
                                "Startup Cost": 61353.68,
                                "Total Cost": 77975.88,
                                "Plan Rows": 10427,
                                "Plan Width": 55,
                                "Actual Startup Time": 318.93,
                                "Actual Total Time": 744.215,
                                "Actual Rows": 1193064,
                                "Actual Loops": 2,
                                "Inner Unique": false,
                                "Join Filter": "(t.id = mc.movie_id)",
                                "Rows Removed by Join Filter": 0,
                                "Plans": [
                                  {
                                    "Node Type": "Nested Loop",
                                    "Parent Relationship": "Outer",
                                    "Parallel Aware": false,
                                    "Join Type": "Inner",
                                    "Startup Cost": 61353.25,
                                    "Total Cost": 71862.65,
                                    "Plan Rows": 10104,
                                    "Plan Width": 43,
                                    "Actual Startup Time": 318.876,
                                    "Actual Total Time": 339.77,
                                    "Actual Rows": 44532,
                                    "Actual Loops": 2,
                                    "Inner Unique": false,
                                    "Plans": [
                                      {
                                        "Node Type": "Merge Join",
                                        "Parent Relationship": "Outer",
                                        "Parallel Aware": false,
                                        "Join Type": "Inner",
                                        "Startup Cost": 61352.81,
                                        "Total Cost": 61458.71,
                                        "Plan Rows": 5646,
                                        "Plan Width": 35,
                                        "Actual Startup Time": 318.77,
                                        "Actual Total Time": 319.457,
                                        "Actual Rows": 372,
                                        "Actual Loops": 2,
                                        "Inner Unique": true,
                                        "Merge Cond": "(t.kind_id = kt.id)",
                                        "Plans": [
                                          {
                                            "Node Type": "Sort",
                                            "Parent Relationship": "Outer",
                                            "Parallel Aware": false,
                                            "Startup Cost": 61351.67,
                                            "Total Cost": 61376.37,
                                            "Plan Rows": 9882,
                                            "Plan Width": 29,
                                            "Actual Startup Time": 318.692,
                                            "Actual Total Time": 318.97,
                                            "Actual Rows": 374,
                                            "Actual Loops": 2,
                                            "Sort Key": [
                                              "t.kind_id"
                                            ],
                                            "Sort Method": "quicksort",
                                            "Sort Space Used": 134,
                                            "Sort Space Type": "Memory",
                                            "Workers": [
                                              {
                                                "Worker Number": 0,
                                                "Sort Method": "quicksort",
                                                "Sort Space Used": 70,
                                                "Sort Space Type": "Memory"
                                              }
                                            ],
                                            "Plans": [
                                              {
                                                "Node Type": "Hash Join",
                                                "Parent Relationship": "Outer",
                                                "Parallel Aware": false,
                                                "Join Type": "Inner",
                                                "Startup Cost": 3235.39,
                                                "Total Cost": 60695.97,
                                                "Plan Rows": 9882,
                                                "Plan Width": 29,
                                                "Actual Startup Time": 48.548,
                                                "Actual Total Time": 318.182,
                                                "Actual Rows": 824,
                                                "Actual Loops": 2,
                                                "Inner Unique": false,
                                                "Hash Cond": "(t.id = cc.movie_id)",
                                                "Plans": [
                                                  {
                                                    "Node Type": "Seq Scan",
                                                    "Parent Relationship": "Outer",
                                                    "Parallel Aware": true,
                                                    "Relation Name": "title",
                                                    "Alias": "t",
                                                    "Startup Cost": 0.0,
                                                    "Total Cost": 54587.68,
                                                    "Plan Rows": 739754,
                                                    "Plan Width": 25,
                                                    "Actual Startup Time": 0.039,
                                                    "Actual Total Time": 185.089,
                                                    "Actual Rows": 630148,
                                                    "Actual Loops": 2,
                                                    "Filter": "(production_year > 2002)",
                                                    "Rows Removed by Filter": 634008
                                                  },
                                                  {
                                                    "Node Type": "Hash",
                                                    "Parent Relationship": "Inner",
                                                    "Parallel Aware": false,
                                                    "Startup Cost": 2813.24,
                                                    "Total Cost": 2813.24,
                                                    "Plan Rows": 33772,
                                                    "Plan Width": 4,
                                                    "Actual Startup Time": 47.427,
                                                    "Actual Total Time": 47.432,
                                                    "Actual Rows": 24592,
                                                    "Actual Loops": 2,
                                                    "Hash Buckets": 65536,
                                                    "Original Hash Buckets": 65536,
                                                    "Hash Batches": 1,
                                                    "Original Hash Batches": 1,
                                                    "Peak Memory Usage": 1377,
                                                    "Plans": [
                                                      {
                                                        "Node Type": "Hash Join",
                                                        "Parent Relationship": "Outer",
                                                        "Parallel Aware": false,
                                                        "Join Type": "Inner",
                                                        "Startup Cost": 1.06,
                                                        "Total Cost": 2813.24,
                                                        "Plan Rows": 33772,
                                                        "Plan Width": 4,
                                                        "Actual Startup Time": 0.147,
                                                        "Actual Total Time": 40.638,
                                                        "Actual Rows": 24592,
                                                        "Actual Loops": 2,
                                                        "Inner Unique": true,
                                                        "Hash Cond": "(cc.status_id = cct1.id)",
                                                        "Plans": [
                                                          {
                                                            "Node Type": "Seq Scan",
                                                            "Parent Relationship": "Outer",
                                                            "Parallel Aware": false,
                                                            "Relation Name": "complete_cast",
                                                            "Alias": "cc",
                                                            "Startup Cost": 0.0,
                                                            "Total Cost": 2081.86,
                                                            "Plan Rows": 135086,
                                                            "Plan Width": 8,
                                                            "Actual Startup Time": 0.054,
                                                            "Actual Total Time": 19.998,
                                                            "Actual Rows": 135086,
                                                            "Actual Loops": 2
                                                          },
                                                          {
                                                            "Node Type": "Hash",
                                                            "Parent Relationship": "Inner",
                                                            "Parallel Aware": false,
                                                            "Startup Cost": 1.05,
                                                            "Total Cost": 1.05,
                                                            "Plan Rows": 1,
                                                            "Plan Width": 4,
                                                            "Actual Startup Time": 0.053,
                                                            "Actual Total Time": 0.054,
                                                            "Actual Rows": 1,
                                                            "Actual Loops": 2,
                                                            "Hash Buckets": 1024,
                                                            "Original Hash Buckets": 1024,
                                                            "Hash Batches": 1,
                                                            "Original Hash Batches": 1,
                                                            "Peak Memory Usage": 9,
                                                            "Plans": [
                                                              {
                                                                "Node Type": "Seq Scan",
                                                                "Parent Relationship": "Outer",
                                                                "Parallel Aware": false,
                                                                "Relation Name": "comp_cast_type",
                                                                "Alias": "cct1",
                                                                "Startup Cost": 0.0,
                                                                "Total Cost": 1.05,
                                                                "Plan Rows": 1,
                                                                "Plan Width": 4,
                                                                "Actual Startup Time": 0.041,
                                                                "Actual Total Time": 0.043,
                                                                "Actual Rows": 1,
                                                                "Actual Loops": 2,
                                                                "Filter": "((kind)::text = 'complete+verified'::text)",
                                                                "Rows Removed by Filter": 3
                                                              }
                                                            ]
                                                          }
                                                        ]
                                                      }
                                                    ]
                                                  }
                                                ]
                                              }
                                            ]
                                          },
                                          {
                                            "Node Type": "Sort",
                                            "Parent Relationship": "Inner",
                                            "Parallel Aware": false,
                                            "Startup Cost": 1.15,
                                            "Total Cost": 1.16,
                                            "Plan Rows": 4,
                                            "Plan Width": 14,
                                            "Actual Startup Time": 0.07,
                                            "Actual Total Time": 0.072,
                                            "Actual Rows": 4,
                                            "Actual Loops": 2,
                                            "Sort Key": [
                                              "kt.id"
                                            ],
                                            "Sort Method": "quicksort",
                                            "Sort Space Used": 25,
                                            "Sort Space Type": "Memory",
                                            "Workers": [
                                              {
                                                "Worker Number": 0,
                                                "Sort Method": "quicksort",
                                                "Sort Space Used": 25,
                                                "Sort Space Type": "Memory"
                                              }
                                            ],
                                            "Plans": [
                                              {
                                                "Node Type": "Seq Scan",
                                                "Parent Relationship": "Outer",
                                                "Parallel Aware": false,
                                                "Relation Name": "kind_type",
                                                "Alias": "kt",
                                                "Startup Cost": 0.0,
                                                "Total Cost": 1.1,
                                                "Plan Rows": 4,
                                                "Plan Width": 14,
                                                "Actual Startup Time": 0.044,
                                                "Actual Total Time": 0.047,
                                                "Actual Rows": 4,
                                                "Actual Loops": 2,
                                                "Filter": "((kind)::text = ANY ('{movie,\"tv movie\",\"video movie\",\"video game\"}'::text[]))",
                                                "Rows Removed by Filter": 3
                                              }
                                            ]
                                          }
                                        ]
                                      },
                                      {
                                        "Node Type": "Index Scan",
                                        "Parent Relationship": "Inner",
                                        "Parallel Aware": false,
                                        "Scan Direction": "Forward",
                                        "Index Name": "movie_id_movie_keyword",
                                        "Relation Name": "movie_keyword",
                                        "Alias": "mk",
                                        "Startup Cost": 0.43,
                                        "Total Cost": 1.38,
                                        "Plan Rows": 46,
                                        "Plan Width": 8,
                                        "Actual Startup Time": 0.018,
                                        "Actual Total Time": 0.039,
                                        "Actual Rows": 120,
                                        "Actual Loops": 744,
                                        "Index Cond": "(movie_id = t.id)",
                                        "Rows Removed by Index Recheck": 0
                                      }
                                    ]
                                  },
                                  {
                                    "Node Type": "Index Scan",
                                    "Parent Relationship": "Inner",
                                    "Parallel Aware": false,
                                    "Scan Direction": "Forward",
                                    "Index Name": "movie_id_movie_companies",
                                    "Relation Name": "movie_companies",
                                    "Alias": "mc",
                                    "Startup Cost": 0.43,
                                    "Total Cost": 0.54,
                                    "Plan Rows": 5,
                                    "Plan Width": 12,
                                    "Actual Startup Time": 0.002,
                                    "Actual Total Time": 0.005,
                                    "Actual Rows": 27,
                                    "Actual Loops": 89064,
                                    "Index Cond": "(movie_id = mk.movie_id)",
                                    "Rows Removed by Index Recheck": 0
                                  }
                                ]
                              },
                              {
                                "Node Type": "Index Scan",
                                "Parent Relationship": "Inner",
                                "Parallel Aware": false,
                                "Scan Direction": "Forward",
                                "Index Name": "company_name_pkey",
                                "Relation Name": "company_name",
                                "Alias": "cn",
                                "Startup Cost": 0.42,
                                "Total Cost": 0.45,
                                "Plan Rows": 1,
                                "Plan Width": 4,
                                "Actual Startup Time": 0.001,
                                "Actual Total Time": 0.001,
                                "Actual Rows": 0,
                                "Actual Loops": 2386128,
                                "Index Cond": "(id = mc.company_id)",
                                "Rows Removed by Index Recheck": 0,
                                "Filter": "((country_code)::text = '[us]'::text)",
                                "Rows Removed by Filter": 1
                              }
                            ]
                          },
                          {
                            "Node Type": "Index Only Scan",
                            "Parent Relationship": "Inner",
                            "Parallel Aware": false,
                            "Scan Direction": "Forward",
                            "Index Name": "keyword_pkey",
                            "Relation Name": "keyword",
                            "Alias": "k",
                            "Startup Cost": 0.42,
                            "Total Cost": 0.44,
                            "Plan Rows": 1,
                            "Plan Width": 4,
                            "Actual Startup Time": 0.002,
                            "Actual Total Time": 0.002,
                            "Actual Rows": 1,
                            "Actual Loops": 544125,
                            "Index Cond": "(id = mk.keyword_id)",
                            "Rows Removed by Index Recheck": 0,
                            "Heap Fetches": 544125
                          }
                        ]
                      },
                      {
                        "Node Type": "Hash",
                        "Parent Relationship": "Inner",
                        "Parallel Aware": false,
                        "Startup Cost": 1.04,
                        "Total Cost": 1.04,
                        "Plan Rows": 4,
                        "Plan Width": 4,
                        "Actual Startup Time": 0.093,
                        "Actual Total Time": 0.093,
                        "Actual Rows": 4,
                        "Actual Loops": 2,
                        "Hash Buckets": 1024,
                        "Original Hash Buckets": 1024,
                        "Hash Batches": 1,
                        "Original Hash Batches": 1,
                        "Peak Memory Usage": 9,
                        "Plans": [
                          {
                            "Node Type": "Seq Scan",
                            "Parent Relationship": "Outer",
                            "Parallel Aware": false,
                            "Relation Name": "company_type",
                            "Alias": "ct",
                            "Startup Cost": 0.0,
                            "Total Cost": 1.04,
                            "Plan Rows": 4,
                            "Plan Width": 4,
                            "Actual Startup Time": 0.072,
                            "Actual Total Time": 0.075,
                            "Actual Rows": 4,
                            "Actual Loops": 2
                          }
                        ]
                      }
                    ]
                  },
                  {
                    "Node Type": "Index Scan",
                    "Parent Relationship": "Inner",
                    "Parallel Aware": false,
                    "Scan Direction": "Forward",
                    "Index Name": "movie_id_movie_info",
                    "Relation Name": "movie_info",
                    "Alias": "mi",
                    "Startup Cost": 0.43,
                    "Total Cost": 1.6,
                    "Plan Rows": 1,
                    "Plan Width": 8,
                    "Actual Startup Time": 0.038,
                    "Actual Total Time": 0.038,
                    "Actual Rows": 0,
                    "Actual Loops": 544125,
                    "Index Cond": "(movie_id = mk.movie_id)",
                    "Rows Removed by Index Recheck": 0,
                    "Filter": "((info IS NOT NULL) AND (note ~~ '%internet%'::text) AND ((info ~~ 'USA:% 199%'::text) OR (info ~~ 'USA:% 200%'::text)))",
                    "Rows Removed by Filter": 274
                  }
                ]
              },
              {
                "Node Type": "Index Scan",
                "Parent Relationship": "Inner",
                "Parallel Aware": false,
                "Scan Direction": "Forward",
                "Index Name": "info_type_pkey",
                "Relation Name": "info_type",
                "Alias": "it1",
                "Startup Cost": 0.14,
                "Total Cost": 0.19,
                "Plan Rows": 1,
                "Plan Width": 4,
                "Actual Startup Time": 0.001,
                "Actual Total Time": 0.001,
                "Actual Rows": 1,
                "Actual Loops": 618,
                "Index Cond": "(id = mi.info_type_id)",
                "Rows Removed by Index Recheck": 0,
                "Filter": "((info)::text = 'release dates'::text)",
                "Rows Removed by Filter": 0
              }
            ]
          }
        ]
      }
    ]
  },
  "Planning Time": 3.45,
  "Triggers": [],
  "Execution Time": 16350.952
}