[
  {
    "Plan": {
      "Node Type": "Aggregate",
      "Strategy": "Plain",
      "Partial Mode": "Finalize",
      "Parallel Aware": false,
      "Startup Cost": 47267.95,
      "Total Cost": 47267.96,
      "Plan Rows": 1,
      "Plan Width": 8,
      "Actual Startup Time": 210.055,
      "Actual Total Time": 220.432,
      "Actual Rows": 1,
      "Actual Loops": 1,
      "Plans": [
        {
          "Node Type": "Gather",
          "Parent Relationship": "Outer",
          "Parallel Aware": false,
          "Startup Cost": 47267.63,
          "Total Cost": 47267.94,
          "Plan Rows": 3,
          "Plan Width": 8,
          "Actual Startup Time": 209.934,
          "Actual Total Time": 220.421,
          "Actual Rows": 4,
          "Actual Loops": 1,
          "Workers Planned": 3,
          "Workers Launched": 3,
          "Single Copy": false,
          "Plans": [
            {
              "Node Type": "Aggregate",
              "Strategy": "Plain",
              "Partial Mode": "Partial",
              "Parent Relationship": "Outer",
              "Parallel Aware": false,
              "Startup Cost": 46267.63,
              "Total Cost": 46267.64,
              "Plan Rows": 1,
              "Plan Width": 8,
              "Actual Startup Time": 202.991,
              "Actual Total Time": 202.992,
              "Actual Rows": 1,
              "Actual Loops": 4,
              "Plans": [
                {
                  "Node Type": "Seq Scan",
                  "Parent Relationship": "Outer",
                  "Parallel Aware": true,
                  "Relation Name": "movie_keyword",
                  "Alias": "mk",
                  "Startup Cost": 0.0,
                  "Total Cost": 42695.65,
                  "Plan Rows": 1428792,
                  "Plan Width": 0,
                  "Actual Startup Time": 0.055,
                  "Actual Total Time": 145.149,
                  "Actual Rows": 1107764,
                  "Actual Loops": 4,
                  "Filter": "(keyword_id < 84246)",
                  "Rows Removed by Filter": 23218
                }
              ]
            }
          ]
        }
      ]
    },
    "Planning Time": 0.194,
    "Triggers": [],
    "Execution Time": 220.494
  }
]