{
  "Plan": {
    "Node Type": "Aggregate",
    "Strategy": "Plain",
    "Partial Mode": "Finalize",
    "Parallel Aware": false,
    "Startup Cost": 135204.89,
    "Total Cost": 135204.9,
    "Plan Rows": 1,
    "Plan Width": 8,
    "Actual Startup Time": 925.792,
    "Actual Total Time": 943.812,
    "Actual Rows": 1,
    "Actual Loops": 1,
    "Plans": [
      {
        "Node Type": "Gather",
        "Parent Relationship": "Outer",
        "Parallel Aware": false,
        "Startup Cost": 135204.78,
        "Total Cost": 135204.89,
        "Plan Rows": 1,
        "Plan Width": 8,
        "Actual Startup Time": 922.47,
        "Actual Total Time": 943.806,
        "Actual Rows": 2,
        "Actual Loops": 1,
        "Workers Planned": 1,
        "Workers Launched": 1,
        "Single Copy": false,
        "Plans": [
          {
            "Node Type": "Aggregate",
            "Strategy": "Plain",
            "Partial Mode": "Partial",
            "Parent Relationship": "Outer",
            "Parallel Aware": false,
            "Startup Cost": 134204.78,
            "Total Cost": 134204.79,
            "Plan Rows": 1,
            "Plan Width": 8,
            "Actual Startup Time": 909.337,
            "Actual Total Time": 909.341,
            "Actual Rows": 1,
            "Actual Loops": 2,
            "Plans": [
              {
                "Node Type": "Hash Join",
                "Parent Relationship": "Outer",
                "Parallel Aware": true,
                "Join Type": "Inner",
                "Startup Cost": 72421.81,
                "Total Cost": 132264.15,
                "Plan Rows": 776251,
                "Plan Width": 0,
                "Actual Startup Time": 573.163,
                "Actual Total Time": 880.806,
                "Actual Rows": 686012,
                "Actual Loops": 2,
                "Inner Unique": true,
                "Hash Cond": "(mk.movie_id = t.id)",
                "Plans": [
                  {
                    "Node Type": "Seq Scan",
                    "Parent Relationship": "Outer",
                    "Parallel Aware": true,
                    "Relation Name": "movie_keyword",
                    "Alias": "mk",
                    "Startup Cost": 0.0,
                    "Total Cost": 57718.19,
                    "Plan Rows": 809199,
                    "Plan Width": 4,
                    "Actual Startup Time": 1.274,
                    "Actual Total Time": 167.005,
                    "Actual Rows": 691212,
                    "Actual Loops": 2,
                    "Filter": "(keyword_id > 12080)",
                    "Rows Removed by Filter": 1570753
                  },
                  {
                    "Node Type": "Hash",
                    "Parent Relationship": "Inner",
                    "Parallel Aware": true,
                    "Startup Cost": 54588.39,
                    "Total Cost": 54588.39,
                    "Plan Rows": 1426674,
                    "Plan Width": 4,
                    "Actual Startup Time": 549.148,
                    "Actual Total Time": 549.149,
                    "Actual Rows": 1210584,
                    "Actual Loops": 2,
                    "Hash Buckets": 4194304,
                    "Original Hash Buckets": 4194304,
                    "Hash Batches": 1,
                    "Original Hash Batches": 1,
                    "Peak Memory Usage": 127520,
                    "Plans": [
                      {
                        "Node Type": "Seq Scan",
                        "Parent Relationship": "Outer",
                        "Parallel Aware": true,
                        "Relation Name": "title",
                        "Alias": "t",
                        "Startup Cost": 0.0,
                        "Total Cost": 54588.39,
                        "Plan Rows": 1426674,
                        "Plan Width": 4,
                        "Actual Startup Time": 0.031,
                        "Actual Total Time": 187.652,
                        "Actual Rows": 1210584,
                        "Actual Loops": 2,
                        "Filter": "(production_year > 1911)",
                        "Rows Removed by Filter": 53572
                      }
                    ]
                  }
                ]
              }
            ]
          }
        ]
      }
    ]
  },
  "Planning Time": 0.487,
  "Triggers": [],
  "Execution Time": 943.889
}