[
  {
    "Plan": {
      "Node Type": "Aggregate",
      "Strategy": "Plain",
      "Partial Mode": "Finalize",
      "Parallel Aware": false,
      "Startup Cost": 44445.78,
      "Total Cost": 44445.79,
      "Plan Rows": 1,
      "Plan Width": 8,
      "Actual Startup Time": 124.766,
      "Actual Total Time": 134.377,
      "Actual Rows": 1,
      "Actual Loops": 1,
      "Plans": [
        {
          "Node Type": "Gather",
          "Parent Relationship": "Outer",
          "Parallel Aware": false,
          "Startup Cost": 44445.46,
          "Total Cost": 44445.77,
          "Plan Rows": 3,
          "Plan Width": 8,
          "Actual Startup Time": 124.643,
          "Actual Total Time": 134.368,
          "Actual Rows": 4,
          "Actual Loops": 1,
          "Workers Planned": 3,
          "Workers Launched": 3,
          "Single Copy": false,
          "Plans": [
            {
              "Node Type": "Aggregate",
              "Strategy": "Plain",
              "Partial Mode": "Partial",
              "Parent Relationship": "Outer",
              "Parallel Aware": false,
              "Startup Cost": 43445.46,
              "Total Cost": 43445.47,
              "Plan Rows": 1,
              "Plan Width": 8,
              "Actual Startup Time": 117.039,
              "Actual Total Time": 117.04,
              "Actual Rows": 1,
              "Actual Loops": 4,
              "Plans": [
                {
                  "Node Type": "Seq Scan",
                  "Parent Relationship": "Outer",
                  "Parallel Aware": true,
                  "Relation Name": "movie_keyword",
                  "Alias": "mk",
                  "Startup Cost": 0.0,
                  "Total Cost": 42695.65,
                  "Plan Rows": 299924,
                  "Plan Width": 0,
                  "Actual Startup Time": 4.183,
                  "Actual Total Time": 105.069,
                  "Actual Rows": 233826,
                  "Actual Loops": 4,
                  "Filter": "(keyword_id > 20302)",
                  "Rows Removed by Filter": 897156
                }
              ]
            }
          ]
        }
      ]
    },
    "Planning Time": 0.168,
    "Triggers": [],
    "Execution Time": 134.428
  }
]