[
  {
    "Plan": {
      "Node Type": "Aggregate",
      "Strategy": "Plain",
      "Partial Mode": "Finalize",
      "Parallel Aware": false,
      "Startup Cost": 15706.69,
      "Total Cost": 15706.7,
      "Plan Rows": 1,
      "Plan Width": 8,
      "Actual Startup Time": 4.902,
      "Actual Total Time": 5.746,
      "Actual Rows": 1,
      "Actual Loops": 1,
      "Plans": [
        {
          "Node Type": "Gather",
          "Parent Relationship": "Outer",
          "Parallel Aware": false,
          "Startup Cost": 15706.57,
          "Total Cost": 15706.68,
          "Plan Rows": 1,
          "Plan Width": 8,
          "Actual Startup Time": 4.79,
          "Actual Total Time": 5.741,
          "Actual Rows": 2,
          "Actual Loops": 1,
          "Workers Planned": 1,
          "Workers Launched": 1,
          "Single Copy": false,
          "Plans": [
            {
              "Node Type": "Aggregate",
              "Strategy": "Plain",
              "Partial Mode": "Partial",
              "Parent Relationship": "Outer",
              "Parallel Aware": false,
              "Startup Cost": 14706.57,
              "Total Cost": 14706.58,
              "Plan Rows": 1,
              "Plan Width": 8,
              "Actual Startup Time": 2.631,
              "Actual Total Time": 2.632,
              "Actual Rows": 1,
              "Actual Loops": 2,
              "Plans": [
                {
                  "Node Type": "Nested Loop",
                  "Parent Relationship": "Outer",
                  "Parallel Aware": false,
                  "Join Type": "Inner",
                  "Startup Cost": 62.75,
                  "Total Cost": 14704.42,
                  "Plan Rows": 863,
                  "Plan Width": 0,
                  "Actual Startup Time": 2.206,
                  "Actual Total Time": 2.625,
                  "Actual Rows": 25,
                  "Actual Loops": 2,
                  "Inner Unique": true,
                  "Plans": [
                    {
                      "Node Type": "Bitmap Heap Scan",
                      "Parent Relationship": "Outer",
                      "Parallel Aware": true,
                      "Relation Name": "movie_companies",
                      "Alias": "mc",
                      "Startup Cost": 62.32,
                      "Total Cost": 7741.3,
                      "Plan Rows": 863,
                      "Plan Width": 4,
                      "Actual Startup Time": 2.138,
                      "Actual Total Time": 2.239,
                      "Actual Rows": 25,
                      "Actual Loops": 2,
                      "Recheck Cond": "(company_id = 425)",
                      "Rows Removed by Index Recheck": 0,
                      "Filter": "(company_type_id = 2)",
                      "Rows Removed by Filter": 959,
                      "Exact Heap Blocks": 1142,
                      "Lossy Heap Blocks": 0,
                      "Plans": [
                        {
                          "Node Type": "Bitmap Index Scan",
                          "Parent Relationship": "Outer",
                          "Parallel Aware": false,
                          "Index Name": "company_id_movie_companies",
                          "Startup Cost": 0.0,
                          "Total Cost": 61.95,
                          "Plan Rows": 2870,
                          "Plan Width": 0,
                          "Actual Startup Time": 1.311,
                          "Actual Total Time": 1.311,
                          "Actual Rows": 1968,
                          "Actual Loops": 1,
                          "Index Cond": "(company_id = 425)"
                        }
                      ]
                    },
                    {
                      "Node Type": "Index Only Scan",
                      "Parent Relationship": "Inner",
                      "Parallel Aware": false,
                      "Scan Direction": "Forward",
                      "Index Name": "title_pkey",
                      "Relation Name": "title",
                      "Alias": "t",
                      "Startup Cost": 0.43,
                      "Total Cost": 8.07,
                      "Plan Rows": 1,
                      "Plan Width": 4,
                      "Actual Startup Time": 0.015,
                      "Actual Total Time": 0.015,
                      "Actual Rows": 1,
                      "Actual Loops": 50,
                      "Index Cond": "(id = mc.movie_id)",
                      "Rows Removed by Index Recheck": 0,
                      "Heap Fetches": 50
                    }
                  ]
                }
              ]
            }
          ]
        }
      ]
    },
    "Planning Time": 0.352,
    "Triggers": [],
    "Execution Time": 5.796
  }
]