{
  "Plan": {
    "Node Type": "Aggregate",
    "Strategy": "Plain",
    "Partial Mode": "Finalize",
    "Parallel Aware": false,
    "Startup Cost": 585774.87,
    "Total Cost": 585774.88,
    "Plan Rows": 1,
    "Plan Width": 8,
    "Actual Startup Time": 4444.393,
    "Actual Total Time": 4512.716,
    "Actual Rows": 1,
    "Actual Loops": 1,
    "Plans": [
      {
        "Node Type": "Gather",
        "Parent Relationship": "Outer",
        "Parallel Aware": false,
        "Startup Cost": 585774.76,
        "Total Cost": 585774.87,
        "Plan Rows": 1,
        "Plan Width": 8,
        "Actual Startup Time": 4443.281,
        "Actual Total Time": 4512.707,
        "Actual Rows": 2,
        "Actual Loops": 1,
        "Workers Planned": 1,
        "Workers Launched": 1,
        "Single Copy": false,
        "Plans": [
          {
            "Node Type": "Aggregate",
            "Strategy": "Plain",
            "Partial Mode": "Partial",
            "Parent Relationship": "Outer",
            "Parallel Aware": false,
            "Startup Cost": 584774.76,
            "Total Cost": 584774.77,
            "Plan Rows": 1,
            "Plan Width": 8,
            "Actual Startup Time": 4437.586,
            "Actual Total Time": 4437.592,
            "Actual Rows": 1,
            "Actual Loops": 2,
            "Plans": [
              {
                "Node Type": "Hash Join",
                "Parent Relationship": "Outer",
                "Parallel Aware": true,
                "Join Type": "Inner",
                "Startup Cost": 56775.0,
                "Total Cost": 578508.36,
                "Plan Rows": 2506562,
                "Plan Width": 0,
                "Actual Startup Time": 182.431,
                "Actual Total Time": 4362.496,
                "Actual Rows": 1642448,
                "Actual Loops": 2,
                "Inner Unique": true,
                "Hash Cond": "(ci.movie_id = t.id)",
                "Plans": [
                  {
                    "Node Type": "Seq Scan",
                    "Parent Relationship": "Outer",
                    "Parallel Aware": true,
                    "Relation Name": "cast_info",
                    "Alias": "ci",
                    "Startup Cost": 0.0,
                    "Total Cost": 465792.95,
                    "Plan Rows": 21310595,
                    "Plan Width": 4,
                    "Actual Startup Time": 0.012,
                    "Actual Total Time": 1434.606,
                    "Actual Rows": 18122172,
                    "Actual Loops": 2
                  },
                  {
                    "Node Type": "Hash",
                    "Parent Relationship": "Inner",
                    "Parallel Aware": true,
                    "Startup Cost": 54588.39,
                    "Total Cost": 54588.39,
                    "Plan Rows": 174929,
                    "Plan Width": 4,
                    "Actual Startup Time": 176.791,
                    "Actual Total Time": 176.792,
                    "Actual Rows": 154767,
                    "Actual Loops": 2,
                    "Hash Buckets": 524288,
                    "Original Hash Buckets": 524288,
                    "Hash Batches": 1,
                    "Original Hash Batches": 1,
                    "Peak Memory Usage": 16256,
                    "Plans": [
                      {
                        "Node Type": "Seq Scan",
                        "Parent Relationship": "Outer",
                        "Parallel Aware": true,
                        "Relation Name": "title",
                        "Alias": "t",
                        "Startup Cost": 0.0,
                        "Total Cost": 54588.39,
                        "Plan Rows": 174929,
                        "Plan Width": 4,
                        "Actual Startup Time": 0.031,
                        "Actual Total Time": 137.677,
                        "Actual Rows": 154767,
                        "Actual Loops": 2,
                        "Filter": "(production_year < 1966)",
                        "Rows Removed by Filter": 1109389
                      }
                    ]
                  }
                ]
              }
            ]
          }
        ]
      }
    ]
  },
  "Planning Time": 0.589,
  "Triggers": [],
  "Execution Time": 4512.799
}