{
  "Plan": {
    "Node Type": "Aggregate",
    "Strategy": "Plain",
    "Partial Mode": "Finalize",
    "Parallel Aware": false,
    "Startup Cost": 348896.86,
    "Total Cost": 348896.87,
    "Plan Rows": 1,
    "Plan Width": 8,
    "Actual Startup Time": 1671.367,
    "Actual Total Time": 1720.336,
    "Actual Rows": 1,
    "Actual Loops": 1,
    "Plans": [
      {
        "Node Type": "Gather",
        "Parent Relationship": "Outer",
        "Parallel Aware": false,
        "Startup Cost": 348896.75,
        "Total Cost": 348896.86,
        "Plan Rows": 1,
        "Plan Width": 8,
        "Actual Startup Time": 1669.981,
        "Actual Total Time": 1720.328,
        "Actual Rows": 2,
        "Actual Loops": 1,
        "Workers Planned": 1,
        "Workers Launched": 1,
        "Single Copy": false,
        "Plans": [
          {
            "Node Type": "Aggregate",
            "Strategy": "Plain",
            "Partial Mode": "Partial",
            "Parent Relationship": "Outer",
            "Parallel Aware": false,
            "Startup Cost": 347896.75,
            "Total Cost": 347896.76,
            "Plan Rows": 1,
            "Plan Width": 8,
            "Actual Startup Time": 1666.413,
            "Actual Total Time": 1666.417,
            "Actual Rows": 1,
            "Actual Loops": 2,
            "Plans": [
              {
                "Node Type": "Hash Join",
                "Parent Relationship": "Outer",
                "Parallel Aware": true,
                "Join Type": "Inner",
                "Startup Cost": 62762.29,
                "Total Cost": 345213.49,
                "Plan Rows": 1073306,
                "Plan Width": 0,
                "Actual Startup Time": 275.223,
                "Actual Total Time": 1597.3,
                "Actual Rows": 1761036,
                "Actual Loops": 2,
                "Inner Unique": true,
                "Hash Cond": "(mi.movie_id = t.id)",
                "Plans": [
                  {
                    "Node Type": "Seq Scan",
                    "Parent Relationship": "Outer",
                    "Parallel Aware": true,
                    "Relation Name": "movie_info",
                    "Alias": "mi",
                    "Startup Cost": 0.0,
                    "Total Cost": 270696.42,
                    "Plan Rows": 4478001,
                    "Plan Width": 4,
                    "Actual Startup Time": 33.548,
                    "Actual Total Time": 672.905,
                    "Actual Rows": 3774428,
                    "Actual Loops": 2,
                    "Filter": "(info_type_id > 7)",
                    "Rows Removed by Filter": 3643432
                  },
                  {
                    "Node Type": "Hash",
                    "Parent Relationship": "Inner",
                    "Parallel Aware": true,
                    "Startup Cost": 58306.47,
                    "Total Cost": 58306.47,
                    "Plan Rows": 356466,
                    "Plan Width": 4,
                    "Actual Startup Time": 234.002,
                    "Actual Total Time": 234.003,
                    "Actual Rows": 337845,
                    "Actual Loops": 2,
                    "Hash Buckets": 1048576,
                    "Original Hash Buckets": 1048576,
                    "Hash Batches": 1,
                    "Original Hash Batches": 1,
                    "Peak Memory Usage": 34656,
                    "Plans": [
                      {
                        "Node Type": "Seq Scan",
                        "Parent Relationship": "Outer",
                        "Parallel Aware": true,
                        "Relation Name": "title",
                        "Alias": "t",
                        "Startup Cost": 0.0,
                        "Total Cost": 58306.47,
                        "Plan Rows": 356466,
                        "Plan Width": 4,
                        "Actual Startup Time": 0.028,
                        "Actual Total Time": 152.447,
                        "Actual Rows": 337845,
                        "Actual Loops": 2,
                        "Filter": "((kind_id < 7) AND (production_year < 2007))",
                        "Rows Removed by Filter": 926311
                      }
                    ]
                  }
                ]
              }
            ]
          }
        ]
      }
    ]
  },
  "Planning Time": 0.387,
  "Triggers": [],
  "Execution Time": 1720.389
}