[
  {
    "Plan": {
      "Node Type": "Aggregate",
      "Strategy": "Plain",
      "Partial Mode": "Finalize",
      "Parallel Aware": false,
      "Startup Cost": 32933.25,
      "Total Cost": 32933.26,
      "Plan Rows": 1,
      "Plan Width": 8,
      "Actual Startup Time": 101.921,
      "Actual Total Time": 110.606,
      "Actual Rows": 1,
      "Actual Loops": 1,
      "Plans": [
        {
          "Node Type": "Gather",
          "Parent Relationship": "Outer",
          "Parallel Aware": false,
          "Startup Cost": 32932.93,
          "Total Cost": 32933.24,
          "Plan Rows": 3,
          "Plan Width": 8,
          "Actual Startup Time": 101.814,
          "Actual Total Time": 110.598,
          "Actual Rows": 4,
          "Actual Loops": 1,
          "Workers Planned": 3,
          "Workers Launched": 3,
          "Single Copy": false,
          "Plans": [
            {
              "Node Type": "Aggregate",
              "Strategy": "Plain",
              "Partial Mode": "Partial",
              "Parent Relationship": "Outer",
              "Parallel Aware": false,
              "Startup Cost": 31932.93,
              "Total Cost": 31932.94,
              "Plan Rows": 1,
              "Plan Width": 8,
              "Actual Startup Time": 93.062,
              "Actual Total Time": 93.063,
              "Actual Rows": 1,
              "Actual Loops": 4,
              "Plans": [
                {
                  "Node Type": "Seq Scan",
                  "Parent Relationship": "Outer",
                  "Parallel Aware": true,
                  "Relation Name": "movie_companies",
                  "Alias": "mc",
                  "Startup Cost": 0.0,
                  "Total Cost": 31414.82,
                  "Plan Rows": 207245,
                  "Plan Width": 0,
                  "Actual Startup Time": 21.663,
                  "Actual Total Time": 87.127,
                  "Actual Rows": 100310,
                  "Actual Loops": 4,
                  "Filter": "((company_id > 11282) AND (company_type_id = 1))",
                  "Rows Removed by Filter": 551972
                }
              ]
            }
          ]
        }
      ]
    },
    "Planning Time": 0.217,
    "Triggers": [],
    "Execution Time": 110.662
  }
]