{
    "Plan": {
        "Node Type": "Aggregate",
        "Strategy": "Plain",
        "Partial Mode": "Finalize",
        "Parallel Aware": false,
        "Startup Cost": 289018.63,
        "Total Cost": 289018.64,
        "Plan Rows": 1,
        "Plan Width": 8,
        "Actual Startup Time": 1036.25,
        "Actual Total Time": 1078.282,
        "Actual Rows": 1,
        "Actual Loops": 1,
        "Output": [
            "count(*)"
        ],
        "Plans": [
            {
                "Node Type": "Gather",
                "Parent Relationship": "Outer",
                "Parallel Aware": false,
                "Startup Cost": 289018.11,
                "Total Cost": 289018.62,
                "Plan Rows": 5,
                "Plan Width": 8,
                "Actual Startup Time": 1026.632,
                "Actual Total Time": 1078.271,
                "Actual Rows": 6,
                "Actual Loops": 1,
                "Output": [
                    "(PARTIAL count(*))"
                ],
                "Workers Planned": 5,
                "Workers Launched": 5,
                "Single Copy": false,
                "Plans": [
                    {
                        "Node Type": "Aggregate",
                        "Strategy": "Plain",
                        "Partial Mode": "Partial",
                        "Parent Relationship": "Outer",
                        "Parallel Aware": false,
                        "Startup Cost": 288018.11,
                        "Total Cost": 288018.12,
                        "Plan Rows": 1,
                        "Plan Width": 8,
                        "Actual Startup Time": 1015.596,
                        "Actual Total Time": 1015.783,
                        "Actual Rows": 1,
                        "Actual Loops": 6,
                        "Output": [
                            "PARTIAL count(*)"
                        ],
                        "Workers": [
                            {
                                "Worker Number": 0,
                                "Actual Startup Time": 1013.34,
                                "Actual Total Time": 1013.345,
                                "Actual Rows": 1,
                                "Actual Loops": 1
                            },
                            {
                                "Worker Number": 1,
                                "Actual Startup Time": 1013.626,
                                "Actual Total Time": 1013.632,
                                "Actual Rows": 1,
                                "Actual Loops": 1
                            },
                            {
                                "Worker Number": 2,
                                "Actual Startup Time": 1014.284,
                                "Actual Total Time": 1014.289,
                                "Actual Rows": 1,
                                "Actual Loops": 1
                            },
                            {
                                "Worker Number": 3,
                                "Actual Startup Time": 1013.355,
                                "Actual Total Time": 1013.359,
                                "Actual Rows": 1,
                                "Actual Loops": 1
                            },
                            {
                                "Worker Number": 4,
                                "Actual Startup Time": 1013.353,
                                "Actual Total Time": 1013.357,
                                "Actual Rows": 1,
                                "Actual Loops": 1
                            }
                        ],
                        "Plans": [
                            {
                                "Node Type": "Hash Join",
                                "Parent Relationship": "Outer",
                                "Parallel Aware": true,
                                "Join Type": "Inner",
                                "Startup Cost": 81623.6,
                                "Total Cost": 286348.04,
                                "Plan Rows": 668028,
                                "Plan Width": 0,
                                "Actual Startup Time": 326.529,
                                "Actual Total Time": 991.362,
                                "Actual Rows": 541999,
                                "Actual Loops": 6,
                                "Inner Unique": false,
                                "Hash Cond": "(mi.movie_id = t.id)",
                                "Workers": [
                                    {
                                        "Worker Number": 0,
                                        "Actual Startup Time": 324.439,
                                        "Actual Total Time": 986.76,
                                        "Actual Rows": 384589,
                                        "Actual Loops": 1
                                    },
                                    {
                                        "Worker Number": 1,
                                        "Actual Startup Time": 324.645,
                                        "Actual Total Time": 989.673,
                                        "Actual Rows": 564436,
                                        "Actual Loops": 1
                                    },
                                    {
                                        "Worker Number": 2,
                                        "Actual Startup Time": 324.473,
                                        "Actual Total Time": 992.921,
                                        "Actual Rows": 490699,
                                        "Actual Loops": 1
                                    },
                                    {
                                        "Worker Number": 3,
                                        "Actual Startup Time": 324.429,
                                        "Actual Total Time": 989.118,
                                        "Actual Rows": 568151,
                                        "Actual Loops": 1
                                    },
                                    {
                                        "Worker Number": 4,
                                        "Actual Startup Time": 324.472,
                                        "Actual Total Time": 989.494,
                                        "Actual Rows": 561639,
                                        "Actual Loops": 1
                                    }
                                ],
                                "Plans": [
                                    {
                                        "Node Type": "Seq Scan",
                                        "Parent Relationship": "Outer",
                                        "Parallel Aware": true,
                                        "Relation Name": "movie_info",
                                        "Schema": "public",
                                        "Alias": "mi",
                                        "Startup Cost": 0.0,
                                        "Total Cost": 191503.19,
                                        "Plan Rows": 2951019,
                                        "Plan Width": 4,
                                        "Actual Startup Time": 0.03,
                                        "Actual Total Time": 283.458,
                                        "Actual Rows": 2472620,
                                        "Actual Loops": 6,
                                        "Output": [
                                            "mi.id",
                                            "mi.movie_id",
                                            "mi.info_type_id",
                                            "mi.info",
                                            "mi.note"
                                        ],
                                        "Workers": [
                                            {
                                                "Worker Number": 0,
                                                "Actual Startup Time": 0.038,
                                                "Actual Total Time": 298.136,
                                                "Actual Rows": 1723872,
                                                "Actual Loops": 1
                                            },
                                            {
                                                "Worker Number": 1,
                                                "Actual Startup Time": 0.025,
                                                "Actual Total Time": 290.391,
                                                "Actual Rows": 2579501,
                                                "Actual Loops": 1
                                            },
                                            {
                                                "Worker Number": 2,
                                                "Actual Startup Time": 0.039,
                                                "Actual Total Time": 289.123,
                                                "Actual Rows": 2195089,
                                                "Actual Loops": 1
                                            },
                                            {
                                                "Worker Number": 3,
                                                "Actual Startup Time": 0.031,
                                                "Actual Total Time": 290.179,
                                                "Actual Rows": 2587823,
                                                "Actual Loops": 1
                                            },
                                            {
                                                "Worker Number": 4,
                                                "Actual Startup Time": 0.034,
                                                "Actual Total Time": 290.864,
                                                "Actual Rows": 2587985,
                                                "Actual Loops": 1
                                            }
                                        ]
                                    },
                                    {
                                        "Node Type": "Hash",
                                        "Parent Relationship": "Inner",
                                        "Parallel Aware": true,
                                        "Startup Cost": 79315.77,
                                        "Total Cost": 79315.77,
                                        "Plan Rows": 184626,
                                        "Plan Width": 8,
                                        "Actual Startup Time": 321.901,
                                        "Actual Total Time": 322.087,
                                        "Actual Rows": 63887,
                                        "Actual Loops": 6,
                                        "Output": [
                                            "t.id",
                                            "mc.movie_id"
                                        ],
                                        "Hash Buckets": 1048576,
                                        "Original Hash Buckets": 1048576,
                                        "Hash Batches": 1,
                                        "Original Hash Batches": 1,
                                        "Peak Memory Usage": 23296,
                                        "Workers": [
                                            {
                                                "Worker Number": 0,
                                                "Actual Startup Time": 322.927,
                                                "Actual Total Time": 322.93,
                                                "Actual Rows": 49935,
                                                "Actual Loops": 1
                                            },
                                            {
                                                "Worker Number": 1,
                                                "Actual Startup Time": 323.176,
                                                "Actual Total Time": 323.18,
                                                "Actual Rows": 67287,
                                                "Actual Loops": 1
                                            },
                                            {
                                                "Worker Number": 2,
                                                "Actual Startup Time": 323.179,
                                                "Actual Total Time": 323.183,
                                                "Actual Rows": 60841,
                                                "Actual Loops": 1
                                            },
                                            {
                                                "Worker Number": 3,
                                                "Actual Startup Time": 322.958,
                                                "Actual Total Time": 322.961,
                                                "Actual Rows": 65818,
                                                "Actual Loops": 1
                                            },
                                            {
                                                "Worker Number": 4,
                                                "Actual Startup Time": 322.958,
                                                "Actual Total Time": 322.961,
                                                "Actual Rows": 67076,
                                                "Actual Loops": 1
                                            }
                                        ],
                                        "Plans": [
                                            {
                                                "Node Type": "Hash Join",
                                                "Parent Relationship": "Outer",
                                                "Parallel Aware": true,
                                                "Join Type": "Inner",
                                                "Startup Cost": 48878.7,
                                                "Total Cost": 79315.77,
                                                "Plan Rows": 184626,
                                                "Plan Width": 8,
                                                "Actual Startup Time": 204.211,
                                                "Actual Total Time": 293.206,
                                                "Actual Rows": 63887,
                                                "Actual Loops": 6,
                                                "Output": [
                                                    "t.id",
                                                    "mc.movie_id"
                                                ],
                                                "Inner Unique": true,
                                                "Hash Cond": "(mc.movie_id = t.id)",
                                                "Workers": [
                                                    {
                                                        "Worker Number": 0,
                                                        "Actual Startup Time": 204.202,
                                                        "Actual Total Time": 292.92,
                                                        "Actual Rows": 49935,
                                                        "Actual Loops": 1
                                                    },
                                                    {
                                                        "Worker Number": 1,
                                                        "Actual Startup Time": 204.21,
                                                        "Actual Total Time": 293.504,
                                                        "Actual Rows": 67287,
                                                        "Actual Loops": 1
                                                    },
                                                    {
                                                        "Worker Number": 2,
                                                        "Actual Startup Time": 204.156,
                                                        "Actual Total Time": 293.277,
                                                        "Actual Rows": 60841,
                                                        "Actual Loops": 1
                                                    },
                                                    {
                                                        "Worker Number": 3,
                                                        "Actual Startup Time": 204.212,
                                                        "Actual Total Time": 293.075,
                                                        "Actual Rows": 65818,
                                                        "Actual Loops": 1
                                                    },
                                                    {
                                                        "Worker Number": 4,
                                                        "Actual Startup Time": 204.185,
                                                        "Actual Total Time": 293.008,
                                                        "Actual Rows": 67076,
                                                        "Actual Loops": 1
                                                    }
                                                ],
                                                "Plans": [
                                                    {
                                                        "Node Type": "Seq Scan",
                                                        "Parent Relationship": "Outer",
                                                        "Parallel Aware": true,
                                                        "Relation Name": "movie_companies",
                                                        "Schema": "public",
                                                        "Alias": "mc",
                                                        "Startup Cost": 0.0,
                                                        "Total Cost": 29310.68,
                                                        "Plan Rows": 429104,
                                                        "Plan Width": 4,
                                                        "Actual Startup Time": 22.202,
                                                        "Actual Total Time": 50.558,
                                                        "Actual Rows": 222480,
                                                        "Actual Loops": 6,
                                                        "Output": [
                                                            "mc.id",
                                                            "mc.movie_id",
                                                            "mc.company_id",
                                                            "mc.company_type_id",
                                                            "mc.note"
                                                        ],
                                                        "Filter": "(mc.company_type_id > 1)",
                                                        "Rows Removed by Filter": 212374,
                                                        "Workers": [
                                                            {
                                                                "Worker Number": 0,
                                                                "Actual Startup Time": 22.186,
                                                                "Actual Total Time": 53.987,
                                                                "Actual Rows": 174058,
                                                                "Actual Loops": 1
                                                            },
                                                            {
                                                                "Worker Number": 1,
                                                                "Actual Startup Time": 22.185,
                                                                "Actual Total Time": 50.899,
                                                                "Actual Rows": 232956,
                                                                "Actual Loops": 1
                                                            },
                                                            {
                                                                "Worker Number": 2,
                                                                "Actual Startup Time": 22.192,
                                                                "Actual Total Time": 49.019,
                                                                "Actual Rows": 215069,
                                                                "Actual Loops": 1
                                                            },
                                                            {
                                                                "Worker Number": 3,
                                                                "Actual Startup Time": 22.187,
                                                                "Actual Total Time": 50.93,
                                                                "Actual Rows": 233521,
                                                                "Actual Loops": 1
                                                            },
                                                            {
                                                                "Worker Number": 4,
                                                                "Actual Startup Time": 22.18,
                                                                "Actual Total Time": 50.919,
                                                                "Actual Rows": 233488,
                                                                "Actual Loops": 1
                                                            }
                                                        ]
                                                    },
                                                    {
                                                        "Node Type": "Hash",
                                                        "Parent Relationship": "Inner",
                                                        "Parallel Aware": true,
                                                        "Startup Cost": 45479.21,
                                                        "Total Cost": 45479.21,
                                                        "Plan Rows": 271959,
                                                        "Plan Width": 4,
                                                        "Actual Startup Time": 178.713,
                                                        "Actual Total Time": 178.714,
                                                        "Actual Rows": 199223,
                                                        "Actual Loops": 6,
                                                        "Output": [
                                                            "t.id"
                                                        ],
                                                        "Hash Buckets": 2097152,
                                                        "Original Hash Buckets": 2097152,
                                                        "Hash Batches": 1,
                                                        "Original Hash Batches": 1,
                                                        "Peak Memory Usage": 63232,
                                                        "Workers": [
                                                            {
                                                                "Worker Number": 0,
                                                                "Actual Startup Time": 181.708,
                                                                "Actual Total Time": 181.709,
                                                                "Actual Rows": 146382,
                                                                "Actual Loops": 1
                                                            },
                                                            {
                                                                "Worker Number": 1,
                                                                "Actual Startup Time": 181.742,
                                                                "Actual Total Time": 181.744,
                                                                "Actual Rows": 196394,
                                                                "Actual Loops": 1
                                                            },
                                                            {
                                                                "Worker Number": 2,
                                                                "Actual Startup Time": 181.692,
                                                                "Actual Total Time": 181.693,
                                                                "Actual Rows": 167318,
                                                                "Actual Loops": 1
                                                            },
                                                            {
                                                                "Worker Number": 3,
                                                                "Actual Startup Time": 181.742,
                                                                "Actual Total Time": 181.743,
                                                                "Actual Rows": 194587,
                                                                "Actual Loops": 1
                                                            },
                                                            {
                                                                "Worker Number": 4,
                                                                "Actual Startup Time": 181.732,
                                                                "Actual Total Time": 181.733,
                                                                "Actual Rows": 195131,
                                                                "Actual Loops": 1
                                                            }
                                                        ],
                                                        "Plans": [
                                                            {
                                                                "Node Type": "Seq Scan",
                                                                "Parent Relationship": "Outer",
                                                                "Parallel Aware": true,
                                                                "Relation Name": "title",
                                                                "Schema": "public",
                                                                "Alias": "t",
                                                                "Startup Cost": 0.0,
                                                                "Total Cost": 45479.21,
                                                                "Plan Rows": 271959,
                                                                "Plan Width": 4,
                                                                "Actual Startup Time": 0.067,
                                                                "Actual Total Time": 83.574,
                                                                "Actual Rows": 199223,
                                                                "Actual Loops": 6,
                                                                "Output": [
                                                                    "t.id"
                                                                ],
                                                                "Filter": "((t.kind_id > 1) AND (t.production_year > 1998))",
                                                                "Rows Removed by Filter": 222162,
                                                                "Workers": [
                                                                    {
                                                                        "Worker Number": 0,
                                                                        "Actual Startup Time": 0.08,
                                                                        "Actual Total Time": 87.674,
                                                                        "Actual Rows": 146382,
                                                                        "Actual Loops": 1
                                                                    },
                                                                    {
                                                                        "Worker Number": 1,
                                                                        "Actual Startup Time": 0.087,
                                                                        "Actual Total Time": 85.61,
                                                                        "Actual Rows": 196394,
                                                                        "Actual Loops": 1
                                                                    },
                                                                    {
                                                                        "Worker Number": 2,
                                                                        "Actual Startup Time": 0.075,
                                                                        "Actual Total Time": 82.815,
                                                                        "Actual Rows": 167318,
                                                                        "Actual Loops": 1
                                                                    },
                                                                    {
                                                                        "Worker Number": 3,
                                                                        "Actual Startup Time": 0.079,
                                                                        "Actual Total Time": 85.29,
                                                                        "Actual Rows": 194587,
                                                                        "Actual Loops": 1
                                                                    },
                                                                    {
                                                                        "Worker Number": 4,
                                                                        "Actual Startup Time": 0.067,
                                                                        "Actual Total Time": 85.442,
                                                                        "Actual Rows": 195131,
                                                                        "Actual Loops": 1
                                                                    }
                                                                ]
                                                            }
                                                        ]
                                                    }
                                                ]
                                            }
                                        ]
                                    }
                                ]
                            }
                        ]
                    }
                ]
            }
        ]
    },
    "Planning Time": 1.559,
    "Triggers": [],
    "Execution Time": 1078.375
}