[
  {
    "Plan": {
      "Node Type": "Aggregate",
      "Strategy": "Plain",
      "Partial Mode": "Finalize",
      "Parallel Aware": false,
      "Startup Cost": 267362.2,
      "Total Cost": 267362.21,
      "Plan Rows": 1,
      "Plan Width": 8,
      "Actual Startup Time": 75.647,
      "Actual Total Time": 79.73,
      "Actual Rows": 1,
      "Actual Loops": 1,
      "Plans": [
        {
          "Node Type": "Gather",
          "Parent Relationship": "Outer",
          "Parallel Aware": false,
          "Startup Cost": 267361.58,
          "Total Cost": 267362.19,
          "Plan Rows": 6,
          "Plan Width": 8,
          "Actual Startup Time": 75.388,
          "Actual Total Time": 79.723,
          "Actual Rows": 7,
          "Actual Loops": 1,
          "Workers Planned": 6,
          "Workers Launched": 6,
          "Single Copy": false,
          "Plans": [
            {
              "Node Type": "Aggregate",
              "Strategy": "Plain",
              "Partial Mode": "Partial",
              "Parent Relationship": "Outer",
              "Parallel Aware": false,
              "Startup Cost": 266361.58,
              "Total Cost": 266361.59,
              "Plan Rows": 1,
              "Plan Width": 8,
              "Actual Startup Time": 64.807,
              "Actual Total Time": 64.808,
              "Actual Rows": 1,
              "Actual Loops": 7,
              "Plans": [
                {
                  "Node Type": "Bitmap Heap Scan",
                  "Parent Relationship": "Outer",
                  "Parallel Aware": true,
                  "Relation Name": "cast_info",
                  "Alias": "ci",
                  "Startup Cost": 10882.89,
                  "Total Cost": 266156.29,
                  "Plan Rows": 82114,
                  "Plan Width": 0,
                  "Actual Startup Time": 31.596,
                  "Actual Total Time": 58.625,
                  "Actual Rows": 67790,
                  "Actual Loops": 7,
                  "Recheck Cond": "(person_id < 53496)",
                  "Rows Removed by Index Recheck": 0,
                  "Exact Heap Blocks": 2264,
                  "Lossy Heap Blocks": 0,
                  "Plans": [
                    {
                      "Node Type": "Bitmap Index Scan",
                      "Parent Relationship": "Outer",
                      "Parallel Aware": false,
                      "Index Name": "person_id_cast_info",
                      "Startup Cost": 0.0,
                      "Total Cost": 10759.72,
                      "Plan Rows": 492687,
                      "Plan Width": 0,
                      "Actual Startup Time": 40.139,
                      "Actual Total Time": 40.14,
                      "Actual Rows": 474531,
                      "Actual Loops": 1,
                      "Index Cond": "(person_id < 53496)"
                    }
                  ]
                }
              ]
            }
          ]
        }
      ]
    },
    "Planning Time": 0.218,
    "Triggers": [],
    "Execution Time": 79.807
  }
]