[
  {
    "Plan": {
      "Node Type": "Aggregate",
      "Strategy": "Plain",
      "Partial Mode": "Finalize",
      "Parallel Aware": false,
      "Startup Cost": 49058.93,
      "Total Cost": 49058.94,
      "Plan Rows": 1,
      "Plan Width": 8,
      "Actual Startup Time": 92.694,
      "Actual Total Time": 103.858,
      "Actual Rows": 1,
      "Actual Loops": 1,
      "Plans": [
        {
          "Node Type": "Gather",
          "Parent Relationship": "Outer",
          "Parallel Aware": false,
          "Startup Cost": 49058.51,
          "Total Cost": 49058.92,
          "Plan Rows": 4,
          "Plan Width": 8,
          "Actual Startup Time": 92.565,
          "Actual Total Time": 103.85,
          "Actual Rows": 5,
          "Actual Loops": 1,
          "Workers Planned": 4,
          "Workers Launched": 4,
          "Single Copy": false,
          "Plans": [
            {
              "Node Type": "Aggregate",
              "Strategy": "Plain",
              "Partial Mode": "Partial",
              "Parent Relationship": "Outer",
              "Parallel Aware": false,
              "Startup Cost": 48058.51,
              "Total Cost": 48058.52,
              "Plan Rows": 1,
              "Plan Width": 8,
              "Actual Startup Time": 82.814,
              "Actual Total Time": 82.815,
              "Actual Rows": 1,
              "Actual Loops": 5,
              "Plans": [
                {
                  "Node Type": "Nested Loop",
                  "Parent Relationship": "Outer",
                  "Parallel Aware": false,
                  "Join Type": "Inner",
                  "Startup Cost": 0.43,
                  "Total Cost": 48058.36,
                  "Plan Rows": 60,
                  "Plan Width": 0,
                  "Actual Startup Time": 57.451,
                  "Actual Total Time": 82.796,
                  "Actual Rows": 74,
                  "Actual Loops": 5,
                  "Inner Unique": false,
                  "Plans": [
                    {
                      "Node Type": "Seq Scan",
                      "Parent Relationship": "Outer",
                      "Parallel Aware": true,
                      "Relation Name": "title",
                      "Alias": "t",
                      "Startup Cost": 0.0,
                      "Total Cost": 45479.1,
                      "Plan Rows": 330,
                      "Plan Width": 4,
                      "Actual Startup Time": 56.877,
                      "Actual Total Time": 78.784,
                      "Actual Rows": 683,
                      "Actual Loops": 5,
                      "Filter": "((kind_id < 7) AND (production_year = 1909))",
                      "Rows Removed by Filter": 504979
                    },
                    {
                      "Node Type": "Index Scan",
                      "Parent Relationship": "Inner",
                      "Parallel Aware": false,
                      "Scan Direction": "Forward",
                      "Index Name": "movie_id_movie_info_idx",
                      "Relation Name": "movie_info_idx",
                      "Alias": "mi_idx",
                      "Startup Cost": 0.43,
                      "Total Cost": 7.81,
                      "Plan Rows": 1,
                      "Plan Width": 4,
                      "Actual Startup Time": 0.005,
                      "Actual Total Time": 0.005,
                      "Actual Rows": 0,
                      "Actual Loops": 3417,
                      "Index Cond": "(movie_id = t.id)",
                      "Rows Removed by Index Recheck": 0,
                      "Filter": "(info_type_id > 100)",
                      "Rows Removed by Filter": 0
                    }
                  ]
                }
              ]
            }
          ]
        }
      ]
    },
    "Planning Time": 0.607,
    "Triggers": [],
    "Execution Time": 103.93
  }
]