[
  {
    "Plan": {
      "Node Type": "Aggregate",
      "Strategy": "Plain",
      "Partial Mode": "Finalize",
      "Parallel Aware": false,
      "Startup Cost": 27098.39,
      "Total Cost": 27098.4,
      "Plan Rows": 1,
      "Plan Width": 8,
      "Actual Startup Time": 73.915,
      "Actual Total Time": 78.36,
      "Actual Rows": 1,
      "Actual Loops": 1,
      "Plans": [
        {
          "Node Type": "Gather",
          "Parent Relationship": "Outer",
          "Parallel Aware": false,
          "Startup Cost": 27098.07,
          "Total Cost": 27098.38,
          "Plan Rows": 3,
          "Plan Width": 8,
          "Actual Startup Time": 73.713,
          "Actual Total Time": 78.351,
          "Actual Rows": 4,
          "Actual Loops": 1,
          "Workers Planned": 3,
          "Workers Launched": 3,
          "Single Copy": false,
          "Plans": [
            {
              "Node Type": "Aggregate",
              "Strategy": "Plain",
              "Partial Mode": "Partial",
              "Parent Relationship": "Outer",
              "Parallel Aware": false,
              "Startup Cost": 26098.07,
              "Total Cost": 26098.08,
              "Plan Rows": 1,
              "Plan Width": 8,
              "Actual Startup Time": 64.467,
              "Actual Total Time": 64.469,
              "Actual Rows": 1,
              "Actual Loops": 4,
              "Plans": [
                {
                  "Node Type": "Bitmap Heap Scan",
                  "Parent Relationship": "Outer",
                  "Parallel Aware": true,
                  "Relation Name": "movie_companies",
                  "Alias": "mc",
                  "Startup Cost": 5876.31,
                  "Total Cost": 25985.69,
                  "Plan Rows": 44953,
                  "Plan Width": 0,
                  "Actual Startup Time": 24.953,
                  "Actual Total Time": 59.387,
                  "Actual Rows": 67285,
                  "Actual Loops": 4,
                  "Recheck Cond": "(company_id > 97819)",
                  "Rows Removed by Index Recheck": 0,
                  "Filter": "(company_type_id > 1)",
                  "Rows Removed by Filter": 0,
                  "Exact Heap Blocks": 2549,
                  "Lossy Heap Blocks": 0,
                  "Plans": [
                    {
                      "Node Type": "Bitmap Index Scan",
                      "Parent Relationship": "Outer",
                      "Parallel Aware": false,
                      "Index Name": "company_id_movie_companies",
                      "Startup Cost": 0.0,
                      "Total Cost": 5841.47,
                      "Plan Rows": 272672,
                      "Plan Width": 0,
                      "Actual Startup Time": 32.004,
                      "Actual Total Time": 32.005,
                      "Actual Rows": 269141,
                      "Actual Loops": 1,
                      "Index Cond": "(company_id > 97819)"
                    }
                  ]
                }
              ]
            }
          ]
        }
      ]
    },
    "Planning Time": 0.278,
    "Triggers": [],
    "Execution Time": 78.441
  }
]