[
  {
    "Plan": {
      "Node Type": "Aggregate",
      "Strategy": "Plain",
      "Partial Mode": "Finalize",
      "Parallel Aware": false,
      "Startup Cost": 303406.63,
      "Total Cost": 303406.64,
      "Plan Rows": 1,
      "Plan Width": 8,
      "Actual Startup Time": 209.39,
      "Actual Total Time": 219.921,
      "Actual Rows": 1,
      "Actual Loops": 1,
      "Plans": [
        {
          "Node Type": "Gather",
          "Parent Relationship": "Outer",
          "Parallel Aware": false,
          "Startup Cost": 303406.01,
          "Total Cost": 303406.61,
          "Plan Rows": 6,
          "Plan Width": 8,
          "Actual Startup Time": 208.608,
          "Actual Total Time": 219.91,
          "Actual Rows": 7,
          "Actual Loops": 1,
          "Workers Planned": 6,
          "Workers Launched": 6,
          "Single Copy": false,
          "Plans": [
            {
              "Node Type": "Aggregate",
              "Strategy": "Plain",
              "Partial Mode": "Partial",
              "Parent Relationship": "Outer",
              "Parallel Aware": false,
              "Startup Cost": 302406.01,
              "Total Cost": 302406.02,
              "Plan Rows": 1,
              "Plan Width": 8,
              "Actual Startup Time": 201.082,
              "Actual Total Time": 201.084,
              "Actual Rows": 1,
              "Actual Loops": 7,
              "Plans": [
                {
                  "Node Type": "Bitmap Heap Scan",
                  "Parent Relationship": "Outer",
                  "Parallel Aware": true,
                  "Relation Name": "cast_info",
                  "Alias": "ci",
                  "Startup Cost": 44363.1,
                  "Total Cost": 302110.51,
                  "Plan Rows": 118200,
                  "Plan Width": 0,
                  "Actual Startup Time": 91.28,
                  "Actual Total Time": 187.136,
                  "Actual Rows": 212639,
                  "Actual Loops": 7,
                  "Recheck Cond": "(person_id < 203863)",
                  "Rows Removed by Index Recheck": 0,
                  "Filter": "(role_id < 2)",
                  "Rows Removed by Filter": 84381,
                  "Exact Heap Blocks": 4097,
                  "Lossy Heap Blocks": 0,
                  "Plans": [
                    {
                      "Node Type": "Bitmap Index Scan",
                      "Parent Relationship": "Outer",
                      "Parallel Aware": false,
                      "Index Name": "person_id_cast_info",
                      "Startup Cost": 0.0,
                      "Total Cost": 44185.79,
                      "Plan Rows": 2024164,
                      "Plan Width": 0,
                      "Actual Startup Time": 93.084,
                      "Actual Total Time": 93.085,
                      "Actual Rows": 2079138,
                      "Actual Loops": 1,
                      "Index Cond": "(person_id < 203863)"
                    }
                  ]
                }
              ]
            }
          ]
        }
      ]
    },
    "Planning Time": 0.112,
    "Triggers": [],
    "Execution Time": 219.965
  }
]