[
  {
    "Plan": {
      "Node Type": "Aggregate",
      "Strategy": "Plain",
      "Partial Mode": "Finalize",
      "Parallel Aware": false,
      "Startup Cost": 304680.47,
      "Total Cost": 304680.48,
      "Plan Rows": 1,
      "Plan Width": 8,
      "Actual Startup Time": 179.753,
      "Actual Total Time": 187.694,
      "Actual Rows": 1,
      "Actual Loops": 1,
      "Plans": [
        {
          "Node Type": "Gather",
          "Parent Relationship": "Outer",
          "Parallel Aware": false,
          "Startup Cost": 304679.84,
          "Total Cost": 304680.45,
          "Plan Rows": 6,
          "Plan Width": 8,
          "Actual Startup Time": 179.447,
          "Actual Total Time": 187.686,
          "Actual Rows": 7,
          "Actual Loops": 1,
          "Workers Planned": 6,
          "Workers Launched": 6,
          "Single Copy": false,
          "Plans": [
            {
              "Node Type": "Aggregate",
              "Strategy": "Plain",
              "Partial Mode": "Partial",
              "Parent Relationship": "Outer",
              "Parallel Aware": false,
              "Startup Cost": 303679.84,
              "Total Cost": 303679.85,
              "Plan Rows": 1,
              "Plan Width": 8,
              "Actual Startup Time": 170.363,
              "Actual Total Time": 170.365,
              "Actual Rows": 1,
              "Actual Loops": 7,
              "Plans": [
                {
                  "Node Type": "Bitmap Heap Scan",
                  "Parent Relationship": "Outer",
                  "Parallel Aware": true,
                  "Relation Name": "cast_info",
                  "Alias": "ci",
                  "Startup Cost": 45506.08,
                  "Total Cost": 303382.03,
                  "Plan Rows": 119127,
                  "Plan Width": 0,
                  "Actual Startup Time": 80.935,
                  "Actual Total Time": 158.104,
                  "Actual Rows": 212639,
                  "Actual Loops": 7,
                  "Recheck Cond": "(person_id < 203863)",
                  "Rows Removed by Index Recheck": 0,
                  "Filter": "(role_id < 2)",
                  "Rows Removed by Filter": 84381,
                  "Exact Heap Blocks": 5362,
                  "Lossy Heap Blocks": 0,
                  "Plans": [
                    {
                      "Node Type": "Bitmap Index Scan",
                      "Parent Relationship": "Outer",
                      "Parallel Aware": false,
                      "Index Name": "person_id_cast_info",
                      "Startup Cost": 0.0,
                      "Total Cost": 45327.39,
                      "Plan Rows": 2075577,
                      "Plan Width": 0,
                      "Actual Startup Time": 85.629,
                      "Actual Total Time": 85.629,
                      "Actual Rows": 2079138,
                      "Actual Loops": 1,
                      "Index Cond": "(person_id < 203863)"
                    }
                  ]
                }
              ]
            }
          ]
        }
      ]
    },
    "Planning Time": 0.187,
    "Triggers": [],
    "Execution Time": 187.758
  }
]