[
  {
    "Plan": {
      "Node Type": "Aggregate",
      "Strategy": "Plain",
      "Partial Mode": "Finalize",
      "Parallel Aware": false,
      "Startup Cost": 350795.15,
      "Total Cost": 350795.16,
      "Plan Rows": 1,
      "Plan Width": 8,
      "Actual Startup Time": 755.748,
      "Actual Total Time": 813.269,
      "Actual Rows": 1,
      "Actual Loops": 1,
      "Plans": [
        {
          "Node Type": "Gather",
          "Parent Relationship": "Outer",
          "Parallel Aware": false,
          "Startup Cost": 350794.52,
          "Total Cost": 350795.13,
          "Plan Rows": 6,
          "Plan Width": 8,
          "Actual Startup Time": 755.53,
          "Actual Total Time": 813.259,
          "Actual Rows": 7,
          "Actual Loops": 1,
          "Workers Planned": 6,
          "Workers Launched": 6,
          "Single Copy": false,
          "Plans": [
            {
              "Node Type": "Aggregate",
              "Strategy": "Plain",
              "Partial Mode": "Partial",
              "Parent Relationship": "Outer",
              "Parallel Aware": false,
              "Startup Cost": 349794.52,
              "Total Cost": 349794.53,
              "Plan Rows": 1,
              "Plan Width": 8,
              "Actual Startup Time": 748.205,
              "Actual Total Time": 748.207,
              "Actual Rows": 1,
              "Actual Loops": 7,
              "Plans": [
                {
                  "Node Type": "Seq Scan",
                  "Parent Relationship": "Outer",
                  "Parallel Aware": true,
                  "Relation Name": "cast_info",
                  "Alias": "ci",
                  "Startup Cost": 0.0,
                  "Total Cost": 343316.27,
                  "Plan Rows": 2591300,
                  "Plan Width": 0,
                  "Actual Startup Time": 332.038,
                  "Actual Total Time": 651.397,
                  "Actual Rows": 2258670,
                  "Actual Loops": 7,
                  "Filter": "((person_id > 116111) AND (role_id > 2))",
                  "Rows Removed by Filter": 2919093
                }
              ]
            }
          ]
        }
      ]
    },
    "Planning Time": 0.105,
    "Triggers": [],
    "Execution Time": 813.313
  }
]