[
  {
    "Plan": {
      "Node Type": "Aggregate",
      "Strategy": "Plain",
      "Partial Mode": "Finalize",
      "Parallel Aware": false,
      "Startup Cost": 350873.94,
      "Total Cost": 350873.95,
      "Plan Rows": 1,
      "Plan Width": 8,
      "Actual Startup Time": 978.033,
      "Actual Total Time": 1040.163,
      "Actual Rows": 1,
      "Actual Loops": 1,
      "Plans": [
        {
          "Node Type": "Gather",
          "Parent Relationship": "Outer",
          "Parallel Aware": false,
          "Startup Cost": 350873.32,
          "Total Cost": 350873.93,
          "Plan Rows": 6,
          "Plan Width": 8,
          "Actual Startup Time": 977.912,
          "Actual Total Time": 1040.152,
          "Actual Rows": 7,
          "Actual Loops": 1,
          "Workers Planned": 6,
          "Workers Launched": 6,
          "Single Copy": false,
          "Plans": [
            {
              "Node Type": "Aggregate",
              "Strategy": "Plain",
              "Partial Mode": "Partial",
              "Parent Relationship": "Outer",
              "Parallel Aware": false,
              "Startup Cost": 349873.32,
              "Total Cost": 349873.33,
              "Plan Rows": 1,
              "Plan Width": 8,
              "Actual Startup Time": 967.901,
              "Actual Total Time": 967.902,
              "Actual Rows": 1,
              "Actual Loops": 7,
              "Plans": [
                {
                  "Node Type": "Seq Scan",
                  "Parent Relationship": "Outer",
                  "Parallel Aware": true,
                  "Relation Name": "cast_info",
                  "Alias": "ci",
                  "Startup Cost": 0.0,
                  "Total Cost": 343257.03,
                  "Plan Rows": 2646516,
                  "Plan Width": 0,
                  "Actual Startup Time": 426.544,
                  "Actual Total Time": 844.586,
                  "Actual Rows": 2258670,
                  "Actual Loops": 7,
                  "Filter": "((person_id > 116111) AND (role_id > 2))",
                  "Rows Removed by Filter": 2919093
                }
              ]
            }
          ]
        }
      ]
    },
    "Planning Time": 0.235,
    "Triggers": [],
    "Execution Time": 1040.242
  }
]