{
  "Plan": {
    "Node Type": "Aggregate",
    "Strategy": "Plain",
    "Partial Mode": "Finalize",
    "Parallel Aware": false,
    "Startup Cost": 642799.28,
    "Total Cost": 642799.29,
    "Plan Rows": 1,
    "Plan Width": 8,
    "Actual Startup Time": 5829.582,
    "Actual Total Time": 5878.415,
    "Actual Rows": 1,
    "Actual Loops": 1,
    "Plans": [
      {
        "Node Type": "Gather",
        "Parent Relationship": "Outer",
        "Parallel Aware": false,
        "Startup Cost": 642799.17,
        "Total Cost": 642799.28,
        "Plan Rows": 1,
        "Plan Width": 8,
        "Actual Startup Time": 5825.97,
        "Actual Total Time": 5878.404,
        "Actual Rows": 2,
        "Actual Loops": 1,
        "Workers Planned": 1,
        "Workers Launched": 1,
        "Single Copy": false,
        "Plans": [
          {
            "Node Type": "Aggregate",
            "Strategy": "Plain",
            "Partial Mode": "Partial",
            "Parent Relationship": "Outer",
            "Parallel Aware": false,
            "Startup Cost": 641799.17,
            "Total Cost": 641799.18,
            "Plan Rows": 1,
            "Plan Width": 8,
            "Actual Startup Time": 5818.762,
            "Actual Total Time": 5818.765,
            "Actual Rows": 1,
            "Actual Loops": 2,
            "Plans": [
              {
                "Node Type": "Hash Join",
                "Parent Relationship": "Outer",
                "Parallel Aware": true,
                "Join Type": "Inner",
                "Startup Cost": 68107.58,
                "Total Cost": 619448.48,
                "Plan Rows": 8940274,
                "Plan Width": 0,
                "Actual Startup Time": 745.271,
                "Actual Total Time": 5458.582,
                "Actual Rows": 8449772,
                "Actual Loops": 2,
                "Inner Unique": true,
                "Hash Cond": "(ci.movie_id = t.id)",
                "Plans": [
                  {
                    "Node Type": "Seq Scan",
                    "Parent Relationship": "Outer",
                    "Parallel Aware": true,
                    "Relation Name": "cast_info",
                    "Alias": "ci",
                    "Startup Cost": 0.0,
                    "Total Cost": 519069.44,
                    "Plan Rows": 12293869,
                    "Plan Width": 4,
                    "Actual Startup Time": 332.313,
                    "Actual Total Time": 1427.008,
                    "Actual Rows": 10474890,
                    "Actual Loops": 2,
                    "Filter": "(person_id > 1506219)",
                    "Rows Removed by Filter": 7647282
                  },
                  {
                    "Node Type": "Hash",
                    "Parent Relationship": "Inner",
                    "Parallel Aware": true,
                    "Startup Cost": 54588.39,
                    "Total Cost": 54588.39,
                    "Plan Rows": 1081535,
                    "Plan Width": 4,
                    "Actual Startup Time": 398.414,
                    "Actual Total Time": 398.415,
                    "Actual Rows": 916684,
                    "Actual Loops": 2,
                    "Hash Buckets": 2097152,
                    "Original Hash Buckets": 2097152,
                    "Hash Batches": 1,
                    "Original Hash Batches": 1,
                    "Peak Memory Usage": 88128,
                    "Plans": [
                      {
                        "Node Type": "Seq Scan",
                        "Parent Relationship": "Outer",
                        "Parallel Aware": true,
                        "Relation Name": "title",
                        "Alias": "t",
                        "Startup Cost": 0.0,
                        "Total Cost": 54588.39,
                        "Plan Rows": 1081535,
                        "Plan Width": 4,
                        "Actual Startup Time": 0.03,
                        "Actual Total Time": 169.664,
                        "Actual Rows": 916684,
                        "Actual Loops": 2,
                        "Filter": "(production_year > 1986)",
                        "Rows Removed by Filter": 347472
                      }
                    ]
                  }
                ]
              }
            ]
          }
        ]
      }
    ]
  },
  "Planning Time": 0.661,
  "Triggers": [],
  "Execution Time": 5878.489
}