[
  {
    "Plan": {
      "Node Type": "Aggregate",
      "Strategy": "Plain",
      "Partial Mode": "Finalize",
      "Parallel Aware": false,
      "Startup Cost": 336187.47,
      "Total Cost": 336187.48,
      "Plan Rows": 1,
      "Plan Width": 8,
      "Actual Startup Time": 2046.499,
      "Actual Total Time": 2142.423,
      "Actual Rows": 1,
      "Actual Loops": 1,
      "Plans": [
        {
          "Node Type": "Gather",
          "Parent Relationship": "Outer",
          "Parallel Aware": false,
          "Startup Cost": 336186.95,
          "Total Cost": 336187.46,
          "Plan Rows": 5,
          "Plan Width": 8,
          "Actual Startup Time": 2042.146,
          "Actual Total Time": 2142.412,
          "Actual Rows": 6,
          "Actual Loops": 1,
          "Workers Planned": 5,
          "Workers Launched": 5,
          "Single Copy": false,
          "Plans": [
            {
              "Node Type": "Aggregate",
              "Strategy": "Plain",
              "Partial Mode": "Partial",
              "Parent Relationship": "Outer",
              "Parallel Aware": false,
              "Startup Cost": 335186.95,
              "Total Cost": 335186.96,
              "Plan Rows": 1,
              "Plan Width": 8,
              "Actual Startup Time": 2030.369,
              "Actual Total Time": 2030.374,
              "Actual Rows": 1,
              "Actual Loops": 6,
              "Plans": [
                {
                  "Node Type": "Nested Loop",
                  "Parent Relationship": "Outer",
                  "Parallel Aware": false,
                  "Join Type": "Inner",
                  "Startup Cost": 56419.61,
                  "Total Cost": 335022.99,
                  "Plan Rows": 65584,
                  "Plan Width": 0,
                  "Actual Startup Time": 217.099,
                  "Actual Total Time": 1976.635,
                  "Actual Rows": 994338,
                  "Actual Loops": 6,
                  "Inner Unique": false,
                  "Plans": [
                    {
                      "Node Type": "Hash Join",
                      "Parent Relationship": "Outer",
                      "Parallel Aware": true,
                      "Join Type": "Inner",
                      "Startup Cost": 56419.04,
                      "Total Cost": 220035.36,
                      "Plan Rows": 38310,
                      "Plan Width": 8,
                      "Actual Startup Time": 215.194,
                      "Actual Total Time": 257.226,
                      "Actual Rows": 32904,
                      "Actual Loops": 6,
                      "Inner Unique": true,
                      "Hash Cond": "(mi.movie_id = t.id)",
                      "Plans": [
                        {
                          "Node Type": "Bitmap Heap Scan",
                          "Parent Relationship": "Outer",
                          "Parallel Aware": true,
                          "Relation Name": "movie_info",
                          "Alias": "mi",
                          "Startup Cost": 9699.36,
                          "Total Cost": 173033.94,
                          "Plan Rows": 107327,
                          "Plan Width": 4,
                          "Actual Startup Time": 19.527,
                          "Actual Total Time": 37.353,
                          "Actual Rows": 90561,
                          "Actual Loops": 6,
                          "Recheck Cond": "(info_type_id > 98)",
                          "Rows Removed by Index Recheck": 0,
                          "Exact Heap Blocks": 1349,
                          "Lossy Heap Blocks": 0,
                          "Plans": [
                            {
                              "Node Type": "Bitmap Index Scan",
                              "Parent Relationship": "Outer",
                              "Parallel Aware": false,
                              "Index Name": "info_type_id_movie_info",
                              "Startup Cost": 0.0,
                              "Total Cost": 9565.2,
                              "Plan Rows": 536635,
                              "Plan Width": 0,
                              "Actual Startup Time": 18.613,
                              "Actual Total Time": 18.614,
                              "Actual Rows": 543367,
                              "Actual Loops": 1,
                              "Index Cond": "(info_type_id > 98)"
                            }
                          ]
                        },
                        {
                          "Node Type": "Hash",
                          "Parent Relationship": "Inner",
                          "Parallel Aware": true,
                          "Startup Cost": 43899.32,
                          "Total Cost": 43899.32,
                          "Plan Rows": 225629,
                          "Plan Width": 4,
                          "Actual Startup Time": 180.34,
                          "Actual Total Time": 180.341,
                          "Actual Rows": 150748,
                          "Actual Loops": 6,
                          "Hash Buckets": 1048576,
                          "Original Hash Buckets": 1048576,
                          "Hash Batches": 1,
                          "Original Hash Batches": 1,
                          "Peak Memory Usage": 43680,
                          "Plans": [
                            {
                              "Node Type": "Seq Scan",
                              "Parent Relationship": "Outer",
                              "Parallel Aware": true,
                              "Relation Name": "title",
                              "Alias": "t",
                              "Startup Cost": 0.0,
                              "Total Cost": 43899.32,
                              "Plan Rows": 225629,
                              "Plan Width": 4,
                              "Actual Startup Time": 0.056,
                              "Actual Total Time": 101.545,
                              "Actual Rows": 150748,
                              "Actual Loops": 6,
                              "Filter": "(production_year > 2006)",
                              "Rows Removed by Filter": 270637
                            }
                          ]
                        }
                      ]
                    },
                    {
                      "Node Type": "Index Scan",
                      "Parent Relationship": "Inner",
                      "Parallel Aware": false,
                      "Scan Direction": "Forward",
                      "Index Name": "movie_id_cast_info",
                      "Relation Name": "cast_info",
                      "Alias": "ci",
                      "Startup Cost": 0.56,
                      "Total Cost": 2.96,
                      "Plan Rows": 4,
                      "Plan Width": 4,
                      "Actual Startup Time": 0.035,
                      "Actual Total Time": 0.049,
                      "Actual Rows": 30,
                      "Actual Loops": 197421,
                      "Index Cond": "(movie_id = t.id)",
                      "Rows Removed by Index Recheck": 0,
                      "Filter": "(role_id = 10)",
                      "Rows Removed by Filter": 44
                    }
                  ]
                }
              ]
            }
          ]
        }
      ]
    },
    "Planning Time": 1.242,
    "Triggers": [],
    "Execution Time": 2142.552
  }
]