[
  {
    "Plan": {
      "Node Type": "Aggregate",
      "Strategy": "Plain",
      "Partial Mode": "Finalize",
      "Parallel Aware": false,
      "Startup Cost": 373926.48,
      "Total Cost": 373926.49,
      "Plan Rows": 1,
      "Plan Width": 8,
      "Actual Startup Time": 412.026,
      "Actual Total Time": 453.614,
      "Actual Rows": 1,
      "Actual Loops": 1,
      "Plans": [
        {
          "Node Type": "Gather",
          "Parent Relationship": "Outer",
          "Parallel Aware": false,
          "Startup Cost": 373926.06,
          "Total Cost": 373926.47,
          "Plan Rows": 4,
          "Plan Width": 8,
          "Actual Startup Time": 411.907,
          "Actual Total Time": 453.607,
          "Actual Rows": 5,
          "Actual Loops": 1,
          "Workers Planned": 4,
          "Workers Launched": 4,
          "Single Copy": false,
          "Plans": [
            {
              "Node Type": "Aggregate",
              "Strategy": "Plain",
              "Partial Mode": "Partial",
              "Parent Relationship": "Outer",
              "Parallel Aware": false,
              "Startup Cost": 372926.06,
              "Total Cost": 372926.07,
              "Plan Rows": 1,
              "Plan Width": 8,
              "Actual Startup Time": 406.693,
              "Actual Total Time": 406.694,
              "Actual Rows": 1,
              "Actual Loops": 5,
              "Plans": [
                {
                  "Node Type": "Nested Loop",
                  "Parent Relationship": "Outer",
                  "Parallel Aware": false,
                  "Join Type": "Inner",
                  "Startup Cost": 0.56,
                  "Total Cost": 372719.98,
                  "Plan Rows": 82430,
                  "Plan Width": 0,
                  "Actual Startup Time": 0.226,
                  "Actual Total Time": 402.404,
                  "Actual Rows": 68345,
                  "Actual Loops": 5,
                  "Inner Unique": false,
                  "Plans": [
                    {
                      "Node Type": "Seq Scan",
                      "Parent Relationship": "Outer",
                      "Parallel Aware": true,
                      "Relation Name": "title",
                      "Alias": "t",
                      "Startup Cost": 0.0,
                      "Total Cost": 43899.01,
                      "Plan Rows": 16329,
                      "Plan Width": 4,
                      "Actual Startup Time": 0.024,
                      "Actual Total Time": 55.065,
                      "Actual Rows": 13555,
                      "Actual Loops": 5,
                      "Filter": "(production_year = 2003)",
                      "Rows Removed by Filter": 492107
                    },
                    {
                      "Node Type": "Index Scan",
                      "Parent Relationship": "Inner",
                      "Parallel Aware": false,
                      "Scan Direction": "Forward",
                      "Index Name": "movie_id_cast_info",
                      "Relation Name": "cast_info",
                      "Alias": "ci",
                      "Startup Cost": 0.56,
                      "Total Cost": 20.0,
                      "Plan Rows": 14,
                      "Plan Width": 4,
                      "Actual Startup Time": 0.008,
                      "Actual Total Time": 0.025,
                      "Actual Rows": 5,
                      "Actual Loops": 67777,
                      "Index Cond": "(movie_id = t.id)",
                      "Rows Removed by Index Recheck": 0,
                      "Filter": "(role_id = 1)",
                      "Rows Removed by Filter": 10
                    }
                  ]
                }
              ]
            }
          ]
        }
      ]
    },
    "Planning Time": 0.5,
    "Triggers": [],
    "Execution Time": 453.685
  }
]