{
  "Plan": {
    "Node Type": "Aggregate",
    "Strategy": "Plain",
    "Partial Mode": "Finalize",
    "Parallel Aware": false,
    "Startup Cost": 1074178.99,
    "Total Cost": 1074179.0,
    "Plan Rows": 1,
    "Plan Width": 8,
    "Actual Startup Time": 15839.132,
    "Actual Total Time": 15945.473,
    "Actual Rows": 1,
    "Actual Loops": 1,
    "Plans": [
      {
        "Node Type": "Gather",
        "Parent Relationship": "Outer",
        "Parallel Aware": false,
        "Startup Cost": 1074178.88,
        "Total Cost": 1074178.99,
        "Plan Rows": 1,
        "Plan Width": 8,
        "Actual Startup Time": 15829.831,
        "Actual Total Time": 15945.464,
        "Actual Rows": 2,
        "Actual Loops": 1,
        "Workers Planned": 1,
        "Workers Launched": 1,
        "Single Copy": false,
        "Plans": [
          {
            "Node Type": "Aggregate",
            "Strategy": "Plain",
            "Partial Mode": "Partial",
            "Parent Relationship": "Outer",
            "Parallel Aware": false,
            "Startup Cost": 1073178.88,
            "Total Cost": 1073178.89,
            "Plan Rows": 1,
            "Plan Width": 8,
            "Actual Startup Time": 15816.242,
            "Actual Total Time": 15816.249,
            "Actual Rows": 1,
            "Actual Loops": 2,
            "Plans": [
              {
                "Node Type": "Hash Join",
                "Parent Relationship": "Outer",
                "Parallel Aware": true,
                "Join Type": "Inner",
                "Startup Cost": 609079.56,
                "Total Cost": 1041433.57,
                "Plan Rows": 12698125,
                "Plan Width": 0,
                "Actual Startup Time": 5805.112,
                "Actual Total Time": 13885.196,
                "Actual Rows": 49478829,
                "Actual Loops": 2,
                "Inner Unique": false,
                "Hash Cond": "(mi.movie_id = t.id)",
                "Plans": [
                  {
                    "Node Type": "Seq Scan",
                    "Parent Relationship": "Outer",
                    "Parallel Aware": true,
                    "Relation Name": "movie_info",
                    "Alias": "mi",
                    "Startup Cost": 0.0,
                    "Total Cost": 248955.74,
                    "Plan Rows": 8696274,
                    "Plan Width": 4,
                    "Actual Startup Time": 0.016,
                    "Actual Total Time": 658.554,
                    "Actual Rows": 7417860,
                    "Actual Loops": 2
                  },
                  {
                    "Node Type": "Hash",
                    "Parent Relationship": "Inner",
                    "Parallel Aware": true,
                    "Startup Cost": 581934.25,
                    "Total Cost": 581934.25,
                    "Plan Rows": 2171625,
                    "Plan Width": 8,
                    "Actual Startup Time": 5780.642,
                    "Actual Total Time": 5780.647,
                    "Actual Rows": 2411282,
                    "Actual Loops": 2,
                    "Hash Buckets": 8388608,
                    "Original Hash Buckets": 4194304,
                    "Hash Batches": 1,
                    "Original Hash Batches": 1,
                    "Peak Memory Usage": 286976,
                    "Plans": [
                      {
                        "Node Type": "Hash Join",
                        "Parent Relationship": "Outer",
                        "Parallel Aware": true,
                        "Join Type": "Inner",
                        "Startup Cost": 60200.89,
                        "Total Cost": 581934.25,
                        "Plan Rows": 2171625,
                        "Plan Width": 8,
                        "Actual Startup Time": 187.004,
                        "Actual Total Time": 4909.513,
                        "Actual Rows": 2411282,
                        "Actual Loops": 2,
                        "Inner Unique": true,
                        "Hash Cond": "(ci.movie_id = t.id)",
                        "Plans": [
                          {
                            "Node Type": "Seq Scan",
                            "Parent Relationship": "Outer",
                            "Parallel Aware": true,
                            "Relation Name": "cast_info",
                            "Alias": "ci",
                            "Startup Cost": 0.0,
                            "Total Cost": 465792.95,
                            "Plan Rows": 21310595,
                            "Plan Width": 4,
                            "Actual Startup Time": 0.015,
                            "Actual Total Time": 1364.386,
                            "Actual Rows": 18122172,
                            "Actual Loops": 2
                          },
                          {
                            "Node Type": "Hash",
                            "Parent Relationship": "Inner",
                            "Parallel Aware": true,
                            "Startup Cost": 58306.47,
                            "Total Cost": 58306.47,
                            "Plan Rows": 151554,
                            "Plan Width": 4,
                            "Actual Startup Time": 186.19,
                            "Actual Total Time": 186.191,
                            "Actual Rows": 186971,
                            "Actual Loops": 2,
                            "Hash Buckets": 524288,
                            "Original Hash Buckets": 262144,
                            "Hash Batches": 1,
                            "Original Hash Batches": 1,
                            "Peak Memory Usage": 20832,
                            "Plans": [
                              {
                                "Node Type": "Seq Scan",
                                "Parent Relationship": "Outer",
                                "Parallel Aware": true,
                                "Relation Name": "title",
                                "Alias": "t",
                                "Startup Cost": 0.0,
                                "Total Cost": 58306.47,
                                "Plan Rows": 151554,
                                "Plan Width": 4,
                                "Actual Startup Time": 0.033,
                                "Actual Total Time": 140.546,
                                "Actual Rows": 186971,
                                "Actual Loops": 2,
                                "Filter": "((kind_id < 7) AND (production_year < 1989))",
                                "Rows Removed by Filter": 1077185
                              }
                            ]
                          }
                        ]
                      }
                    ]
                  }
                ]
              }
            ]
          }
        ]
      }
    ]
  },
  "Planning Time": 0.947,
  "Triggers": [],
  "Execution Time": 15945.576
}