[
  {
    "Plan": {
      "Node Type": "Aggregate",
      "Strategy": "Plain",
      "Partial Mode": "Finalize",
      "Parallel Aware": false,
      "Startup Cost": 300184.95,
      "Total Cost": 300184.96,
      "Plan Rows": 1,
      "Plan Width": 8,
      "Actual Startup Time": 2015.445,
      "Actual Total Time": 2062.819,
      "Actual Rows": 1,
      "Actual Loops": 1,
      "Plans": [
        {
          "Node Type": "Gather",
          "Parent Relationship": "Outer",
          "Parallel Aware": false,
          "Startup Cost": 300184.43,
          "Total Cost": 300184.94,
          "Plan Rows": 5,
          "Plan Width": 8,
          "Actual Startup Time": 2005.906,
          "Actual Total Time": 2062.807,
          "Actual Rows": 6,
          "Actual Loops": 1,
          "Workers Planned": 5,
          "Workers Launched": 5,
          "Single Copy": false,
          "Plans": [
            {
              "Node Type": "Aggregate",
              "Strategy": "Plain",
              "Partial Mode": "Partial",
              "Parent Relationship": "Outer",
              "Parallel Aware": false,
              "Startup Cost": 299184.43,
              "Total Cost": 299184.44,
              "Plan Rows": 1,
              "Plan Width": 8,
              "Actual Startup Time": 1994.196,
              "Actual Total Time": 1994.477,
              "Actual Rows": 1,
              "Actual Loops": 6,
              "Plans": [
                {
                  "Node Type": "Hash Join",
                  "Parent Relationship": "Outer",
                  "Parallel Aware": true,
                  "Join Type": "Inner",
                  "Startup Cost": 93560.56,
                  "Total Cost": 297885.14,
                  "Plan Rows": 519717,
                  "Plan Width": 0,
                  "Actual Startup Time": 315.209,
                  "Actual Total Time": 1620.214,
                  "Actual Rows": 8958538,
                  "Actual Loops": 6,
                  "Inner Unique": false,
                  "Hash Cond": "(mi.movie_id = t.id)",
                  "Plans": [
                    {
                      "Node Type": "Seq Scan",
                      "Parent Relationship": "Outer",
                      "Parallel Aware": true,
                      "Relation Name": "movie_info",
                      "Alias": "mi",
                      "Startup Cost": 0.0,
                      "Total Cost": 191560.33,
                      "Plan Rows": 2956733,
                      "Plan Width": 4,
                      "Actual Startup Time": 0.032,
                      "Actual Total Time": 286.049,
                      "Actual Rows": 2472620,
                      "Actual Loops": 6
                    },
                    {
                      "Node Type": "Hash",
                      "Parent Relationship": "Inner",
                      "Parallel Aware": true,
                      "Startup Cost": 91768.6,
                      "Total Cost": 91768.6,
                      "Plan Rows": 143357,
                      "Plan Width": 8,
                      "Actual Startup Time": 311.753,
                      "Actual Total Time": 312.033,
                      "Actual Rows": 146951,
                      "Actual Loops": 6,
                      "Hash Buckets": 1048576,
                      "Original Hash Buckets": 524288,
                      "Hash Batches": 1,
                      "Original Hash Batches": 1,
                      "Peak Memory Usage": 46848,
                      "Plans": [
                        {
                          "Node Type": "Hash Join",
                          "Parent Relationship": "Outer",
                          "Parallel Aware": true,
                          "Join Type": "Inner",
                          "Startup Cost": 47781.7,
                          "Total Cost": 91768.6,
                          "Plan Rows": 143357,
                          "Plan Width": 8,
                          "Actual Startup Time": 134.245,
                          "Actual Total Time": 257.824,
                          "Actual Rows": 146951,
                          "Actual Loops": 6,
                          "Inner Unique": true,
                          "Hash Cond": "(mk.movie_id = t.id)",
                          "Plans": [
                            {
                              "Node Type": "Seq Scan",
                              "Parent Relationship": "Outer",
                              "Parallel Aware": true,
                              "Relation Name": "movie_keyword",
                              "Alias": "mk",
                              "Startup Cost": 0.0,
                              "Total Cost": 42695.65,
                              "Plan Rows": 491903,
                              "Plan Width": 4,
                              "Actual Startup Time": 0.026,
                              "Actual Total Time": 74.801,
                              "Actual Rows": 257357,
                              "Actual Loops": 6,
                              "Filter": "(keyword_id < 2276)",
                              "Rows Removed by Filter": 496631
                            },
                            {
                              "Node Type": "Hash",
                              "Parent Relationship": "Inner",
                              "Parallel Aware": true,
                              "Startup Cost": 45479.1,
                              "Total Cost": 45479.1,
                              "Plan Rows": 184208,
                              "Plan Width": 4,
                              "Actual Startup Time": 131.851,
                              "Actual Total Time": 131.852,
                              "Actual Rows": 105985,
                              "Actual Loops": 6,
                              "Hash Buckets": 1048576,
                              "Original Hash Buckets": 1048576,
                              "Hash Batches": 1,
                              "Original Hash Batches": 1,
                              "Peak Memory Usage": 33184,
                              "Plans": [
                                {
                                  "Node Type": "Seq Scan",
                                  "Parent Relationship": "Outer",
                                  "Parallel Aware": true,
                                  "Relation Name": "title",
                                  "Alias": "t",
                                  "Startup Cost": 0.0,
                                  "Total Cost": 45479.1,
                                  "Plan Rows": 184208,
                                  "Plan Width": 4,
                                  "Actual Startup Time": 0.045,
                                  "Actual Total Time": 82.463,
                                  "Actual Rows": 105985,
                                  "Actual Loops": 6,
                                  "Filter": "((kind_id < 7) AND (production_year > 1984))",
                                  "Rows Removed by Filter": 315400
                                }
                              ]
                            }
                          ]
                        }
                      ]
                    }
                  ]
                }
              ]
            }
          ]
        }
      ]
    },
    "Planning Time": 1.453,
    "Triggers": [],
    "Execution Time": 2062.923
  }
]