[
  {
    "Plan": {
      "Node Type": "Aggregate",
      "Strategy": "Plain",
      "Partial Mode": "Finalize",
      "Parallel Aware": false,
      "Startup Cost": 91992.32,
      "Total Cost": 91992.33,
      "Plan Rows": 1,
      "Plan Width": 8,
      "Actual Startup Time": 274.874,
      "Actual Total Time": 289.996,
      "Actual Rows": 1,
      "Actual Loops": 1,
      "Plans": [
        {
          "Node Type": "Gather",
          "Parent Relationship": "Outer",
          "Parallel Aware": false,
          "Startup Cost": 91992.0,
          "Total Cost": 91992.31,
          "Plan Rows": 3,
          "Plan Width": 8,
          "Actual Startup Time": 272.883,
          "Actual Total Time": 289.99,
          "Actual Rows": 4,
          "Actual Loops": 1,
          "Workers Planned": 3,
          "Workers Launched": 3,
          "Single Copy": false,
          "Plans": [
            {
              "Node Type": "Aggregate",
              "Strategy": "Plain",
              "Partial Mode": "Partial",
              "Parent Relationship": "Outer",
              "Parallel Aware": false,
              "Startup Cost": 90992.0,
              "Total Cost": 90992.01,
              "Plan Rows": 1,
              "Plan Width": 8,
              "Actual Startup Time": 267.099,
              "Actual Total Time": 267.102,
              "Actual Rows": 1,
              "Actual Loops": 4,
              "Plans": [
                {
                  "Node Type": "Hash Join",
                  "Parent Relationship": "Outer",
                  "Parallel Aware": true,
                  "Join Type": "Inner",
                  "Startup Cost": 46741.81,
                  "Total Cost": 90786.72,
                  "Plan Rows": 82112,
                  "Plan Width": 0,
                  "Actual Startup Time": 148.809,
                  "Actual Total Time": 262.827,
                  "Actual Rows": 105198,
                  "Actual Loops": 4,
                  "Inner Unique": true,
                  "Hash Cond": "(mk.movie_id = t.id)",
                  "Plans": [
                    {
                      "Node Type": "Seq Scan",
                      "Parent Relationship": "Outer",
                      "Parallel Aware": true,
                      "Relation Name": "movie_keyword",
                      "Alias": "mk",
                      "Startup Cost": 0.0,
                      "Total Cost": 42695.65,
                      "Plan Rows": 514004,
                      "Plan Width": 4,
                      "Actual Startup Time": 0.568,
                      "Actual Total Time": 92.85,
                      "Actual Rows": 396862,
                      "Actual Loops": 4,
                      "Filter": "(keyword_id > 9786)",
                      "Rows Removed by Filter": 734120
                    },
                    {
                      "Node Type": "Hash",
                      "Parent Relationship": "Inner",
                      "Parallel Aware": true,
                      "Startup Cost": 45479.59,
                      "Total Cost": 45479.59,
                      "Plan Rows": 100978,
                      "Plan Width": 4,
                      "Actual Startup Time": 121.008,
                      "Actual Total Time": 121.009,
                      "Actual Rows": 74192,
                      "Actual Loops": 4,
                      "Hash Buckets": 524288,
                      "Original Hash Buckets": 524288,
                      "Hash Batches": 1,
                      "Original Hash Batches": 1,
                      "Peak Memory Usage": 15776,
                      "Plans": [
                        {
                          "Node Type": "Seq Scan",
                          "Parent Relationship": "Outer",
                          "Parallel Aware": true,
                          "Relation Name": "title",
                          "Alias": "t",
                          "Startup Cost": 0.0,
                          "Total Cost": 45479.59,
                          "Plan Rows": 100978,
                          "Plan Width": 4,
                          "Actual Startup Time": 42.42,
                          "Actual Total Time": 95.71,
                          "Actual Rows": 74192,
                          "Actual Loops": 4,
                          "Filter": "((production_year > 1997) AND (kind_id = 1))",
                          "Rows Removed by Filter": 557886
                        }
                      ]
                    }
                  ]
                }
              ]
            }
          ]
        }
      ]
    },
    "Planning Time": 0.5,
    "Triggers": [],
    "Execution Time": 290.035
  }
]