[
    {
        "Bao": {
            "Bao prediction": "NaN",
            "Bao recommended hint": "(no hint)"
        }
    },
    {
        "Plan": {
            "Node Type": "Aggregate",
            "Strategy": "Plain",
            "Partial Mode": "Simple",
            "Parallel Aware": false,
            "Startup Cost": 27137.89,
            "Total Cost": 27137.9,
            "Plan Rows": 1,
            "Plan Width": 8,
            "Actual Startup Time": 35.657,
            "Actual Total Time": 35.658,
            "Actual Rows": 1,
            "Actual Loops": 1,
            "Output": [
                "count(*)"
            ],
            "Plans": [
                {
                    "Node Type": "Bitmap Heap Scan",
                    "Parent Relationship": "Outer",
                    "Parallel Aware": false,
                    "Relation Name": "movie_keyword",
                    "Schema": "public",
                    "Alias": "mk",
                    "Startup Cost": 1573.92,
                    "Total Cost": 26952.89,
                    "Plan Rows": 73998,
                    "Plan Width": 0,
                    "Actual Startup Time": 7.004,
                    "Actual Total Time": 32.912,
                    "Actual Rows": 70295,
                    "Actual Loops": 1,
                    "Recheck Cond": "(mk.keyword_id > 91102)",
                    "Rows Removed by Index Recheck": 0,
                    "Exact Heap Blocks": 14899,
                    "Lossy Heap Blocks": 0,
                    "Plans": [
                        {
                            "Node Type": "Bitmap Index Scan",
                            "Parent Relationship": "Outer",
                            "Parallel Aware": false,
                            "Index Name": "keyword_id_movie_keyword",
                            "Startup Cost": 0.0,
                            "Total Cost": 1555.42,
                            "Plan Rows": 73998,
                            "Plan Width": 0,
                            "Actual Startup Time": 5.143,
                            "Actual Total Time": 5.144,
                            "Actual Rows": 70295,
                            "Actual Loops": 1,
                            "Index Cond": "(mk.keyword_id > 91102)"
                        }
                    ]
                }
            ]
        },
        "Planning Time": 172.999,
        "Triggers": [],
        "Execution Time": 35.701
    }
]