[
  {
    "Plan": {
      "Node Type": "Aggregate",
      "Strategy": "Plain",
      "Partial Mode": "Finalize",
      "Parallel Aware": false,
      "Startup Cost": 689589.07,
      "Total Cost": 689589.08,
      "Plan Rows": 1,
      "Plan Width": 8,
      "Actual Startup Time": 4762.886,
      "Actual Total Time": 4843.193,
      "Actual Rows": 1,
      "Actual Loops": 1,
      "Plans": [
        {
          "Node Type": "Gather",
          "Parent Relationship": "Outer",
          "Parallel Aware": false,
          "Startup Cost": 689588.44,
          "Total Cost": 689589.05,
          "Plan Rows": 6,
          "Plan Width": 8,
          "Actual Startup Time": 4737.414,
          "Actual Total Time": 4843.179,
          "Actual Rows": 7,
          "Actual Loops": 1,
          "Workers Planned": 6,
          "Workers Launched": 6,
          "Single Copy": false,
          "Plans": [
            {
              "Node Type": "Aggregate",
              "Strategy": "Plain",
              "Partial Mode": "Partial",
              "Parent Relationship": "Outer",
              "Parallel Aware": false,
              "Startup Cost": 688588.44,
              "Total Cost": 688588.45,
              "Plan Rows": 1,
              "Plan Width": 8,
              "Actual Startup Time": 4704.649,
              "Actual Total Time": 4705.098,
              "Actual Rows": 1,
              "Actual Loops": 7,
              "Plans": [
                {
                  "Node Type": "Hash Join",
                  "Parent Relationship": "Outer",
                  "Parallel Aware": true,
                  "Join Type": "Inner",
                  "Startup Cost": 275194.38,
                  "Total Cost": 659516.0,
                  "Plan Rows": 11628979,
                  "Plan Width": 0,
                  "Actual Startup Time": 1721.939,
                  "Actual Total Time": 4335.432,
                  "Actual Rows": 9037035,
                  "Actual Loops": 7,
                  "Inner Unique": false,
                  "Hash Cond": "(ci.movie_id = t.id)",
                  "Plans": [
                    {
                      "Node Type": "Seq Scan",
                      "Parent Relationship": "Outer",
                      "Parallel Aware": true,
                      "Relation Name": "cast_info",
                      "Alias": "ci",
                      "Startup Cost": 0.0,
                      "Total Cost": 343257.03,
                      "Plan Rows": 3561327,
                      "Plan Width": 4,
                      "Actual Startup Time": 239.128,
                      "Actual Total Time": 717.011,
                      "Actual Rows": 2870478,
                      "Actual Loops": 7,
                      "Filter": "((person_id < 3426928) AND (role_id > 1))",
                      "Rows Removed by Filter": 2307285
                    },
                    {
                      "Node Type": "Hash",
                      "Parent Relationship": "Inner",
                      "Parallel Aware": true,
                      "Startup Cost": 254554.98,
                      "Total Cost": 254554.98,
                      "Plan Rows": 1651152,
                      "Plan Width": 8,
                      "Actual Startup Time": 1472.669,
                      "Actual Total Time": 1473.116,
                      "Actual Rows": 726814,
                      "Actual Loops": 7,
                      "Hash Buckets": 8388608,
                      "Original Hash Buckets": 8388608,
                      "Hash Batches": 1,
                      "Original Hash Batches": 1,
                      "Peak Memory Usage": 264608,
                      "Plans": [
                        {
                          "Node Type": "Hash Join",
                          "Parent Relationship": "Outer",
                          "Parallel Aware": true,
                          "Join Type": "Inner",
                          "Startup Cost": 49727.15,
                          "Total Cost": 254554.98,
                          "Plan Rows": 1651152,
                          "Plan Width": 8,
                          "Actual Startup Time": 216.962,
                          "Actual Total Time": 1122.516,
                          "Actual Rows": 726814,
                          "Actual Loops": 7,
                          "Inner Unique": true,
                          "Hash Cond": "(mi.movie_id = t.id)",
                          "Plans": [
                            {
                              "Node Type": "Seq Scan",
                              "Parent Relationship": "Outer",
                              "Parallel Aware": true,
                              "Relation Name": "movie_info",
                              "Alias": "mi",
                              "Startup Cost": 0.0,
                              "Total Cost": 198952.16,
                              "Plan Rows": 2238345,
                              "Plan Width": 4,
                              "Actual Startup Time": 0.04,
                              "Actual Total Time": 365.169,
                              "Actual Rows": 1601535,
                              "Actual Loops": 7,
                              "Filter": "(info_type_id > 3)",
                              "Rows Removed by Filter": 517854
                            },
                            {
                              "Node Type": "Hash",
                              "Parent Relationship": "Inner",
                              "Parallel Aware": true,
                              "Startup Cost": 43898.92,
                              "Total Cost": 43898.92,
                              "Plan Rows": 466259,
                              "Plan Width": 4,
                              "Actual Startup Time": 214.966,
                              "Actual Total Time": 214.967,
                              "Actual Rows": 266498,
                              "Actual Loops": 7,
                              "Hash Buckets": 2097152,
                              "Original Hash Buckets": 2097152,
                              "Hash Batches": 1,
                              "Original Hash Batches": 1,
                              "Peak Memory Usage": 89440,
                              "Plans": [
                                {
                                  "Node Type": "Seq Scan",
                                  "Parent Relationship": "Outer",
                                  "Parallel Aware": true,
                                  "Relation Name": "title",
                                  "Alias": "t",
                                  "Startup Cost": 0.0,
                                  "Total Cost": 43898.92,
                                  "Plan Rows": 466259,
                                  "Plan Width": 4,
                                  "Actual Startup Time": 0.054,
                                  "Actual Total Time": 85.798,
                                  "Actual Rows": 266498,
                                  "Actual Loops": 7,
                                  "Filter": "(kind_id > 1)",
                                  "Rows Removed by Filter": 94689
                                }
                              ]
                            }
                          ]
                        }
                      ]
                    }
                  ]
                }
              ]
            }
          ]
        }
      ]
    },
    "Planning Time": 1.339,
    "Triggers": [],
    "Execution Time": 4843.29
  }
]