[
  {
    "Plan": {
      "Node Type": "Aggregate",
      "Strategy": "Plain",
      "Partial Mode": "Finalize",
      "Parallel Aware": false,
      "Startup Cost": 109408.34,
      "Total Cost": 109408.35,
      "Plan Rows": 1,
      "Plan Width": 8,
      "Actual Startup Time": 349.169,
      "Actual Total Time": 360.66,
      "Actual Rows": 1,
      "Actual Loops": 1,
      "Plans": [
        {
          "Node Type": "Gather",
          "Parent Relationship": "Outer",
          "Parallel Aware": false,
          "Startup Cost": 109408.02,
          "Total Cost": 109408.33,
          "Plan Rows": 3,
          "Plan Width": 8,
          "Actual Startup Time": 346.235,
          "Actual Total Time": 360.652,
          "Actual Rows": 4,
          "Actual Loops": 1,
          "Workers Planned": 3,
          "Workers Launched": 3,
          "Single Copy": false,
          "Plans": [
            {
              "Node Type": "Aggregate",
              "Strategy": "Plain",
              "Partial Mode": "Partial",
              "Parent Relationship": "Outer",
              "Parallel Aware": false,
              "Startup Cost": 108408.02,
              "Total Cost": 108408.03,
              "Plan Rows": 1,
              "Plan Width": 8,
              "Actual Startup Time": 342.363,
              "Actual Total Time": 342.565,
              "Actual Rows": 1,
              "Actual Loops": 4,
              "Plans": [
                {
                  "Node Type": "Hash Join",
                  "Parent Relationship": "Outer",
                  "Parallel Aware": true,
                  "Join Type": "Inner",
                  "Startup Cost": 63445.87,
                  "Total Cost": 108349.88,
                  "Plan Rows": 23255,
                  "Plan Width": 0,
                  "Actual Startup Time": 217.54,
                  "Actual Total Time": 334.827,
                  "Actual Rows": 183792,
                  "Actual Loops": 4,
                  "Inner Unique": false,
                  "Hash Cond": "(mk.movie_id = t.id)",
                  "Plans": [
                    {
                      "Node Type": "Seq Scan",
                      "Parent Relationship": "Outer",
                      "Parallel Aware": true,
                      "Relation Name": "movie_keyword",
                      "Alias": "mk",
                      "Startup Cost": 0.0,
                      "Total Cost": 42695.65,
                      "Plan Rows": 563059,
                      "Plan Width": 4,
                      "Actual Startup Time": 0.009,
                      "Actual Total Time": 91.101,
                      "Actual Rows": 434724,
                      "Actual Loops": 4,
                      "Filter": "(keyword_id < 2839)",
                      "Rows Removed by Filter": 696259
                    },
                    {
                      "Node Type": "Hash",
                      "Parent Relationship": "Inner",
                      "Parallel Aware": true,
                      "Startup Cost": 62902.02,
                      "Total Cost": 62902.02,
                      "Plan Rows": 43508,
                      "Plan Width": 8,
                      "Actual Startup Time": 192.205,
                      "Actual Total Time": 192.406,
                      "Actual Rows": 41484,
                      "Actual Loops": 4,
                      "Hash Buckets": 262144,
                      "Original Hash Buckets": 131072,
                      "Hash Batches": 1,
                      "Original Hash Batches": 1,
                      "Peak Memory Usage": 9600,
                      "Plans": [
                        {
                          "Node Type": "Hash Join",
                          "Parent Relationship": "Outer",
                          "Parallel Aware": true,
                          "Join Type": "Inner",
                          "Startup Cost": 47277.56,
                          "Total Cost": 62902.02,
                          "Plan Rows": 43508,
                          "Plan Width": 8,
                          "Actual Startup Time": 138.889,
                          "Actual Total Time": 176.825,
                          "Actual Rows": 41484,
                          "Actual Loops": 4,
                          "Inner Unique": true,
                          "Hash Cond": "(mi_idx.movie_id = t.id)",
                          "Plans": [
                            {
                              "Node Type": "Seq Scan",
                              "Parent Relationship": "Outer",
                              "Parallel Aware": true,
                              "Relation Name": "movie_info_idx",
                              "Alias": "mi_idx",
                              "Startup Cost": 0.0,
                              "Total Cost": 15122.68,
                              "Plan Rows": 191154,
                              "Plan Width": 4,
                              "Actual Startup Time": 0.019,
                              "Actual Total Time": 28.998,
                              "Actual Rows": 114981,
                              "Actual Loops": 4,
                              "Filter": "(info_type_id < 100)",
                              "Rows Removed by Filter": 230028
                            },
                            {
                              "Node Type": "Hash",
                              "Parent Relationship": "Inner",
                              "Parallel Aware": true,
                              "Startup Cost": 45479.21,
                              "Total Cost": 45479.21,
                              "Plan Rows": 143868,
                              "Plan Width": 4,
                              "Actual Startup Time": 116.863,
                              "Actual Total Time": 116.864,
                              "Actual Rows": 113501,
                              "Actual Loops": 4,
                              "Hash Buckets": 1048576,
                              "Original Hash Buckets": 1048576,
                              "Hash Batches": 1,
                              "Original Hash Batches": 1,
                              "Peak Memory Usage": 26016,
                              "Plans": [
                                {
                                  "Node Type": "Seq Scan",
                                  "Parent Relationship": "Outer",
                                  "Parallel Aware": true,
                                  "Relation Name": "title",
                                  "Alias": "t",
                                  "Startup Cost": 0.0,
                                  "Total Cost": 45479.21,
                                  "Plan Rows": 143868,
                                  "Plan Width": 4,
                                  "Actual Startup Time": 33.262,
                                  "Actual Total Time": 80.547,
                                  "Actual Rows": 113501,
                                  "Actual Loops": 4,
                                  "Filter": "((kind_id < 2) AND (production_year > 1963))",
                                  "Rows Removed by Filter": 518577
                                }
                              ]
                            }
                          ]
                        }
                      ]
                    }
                  ]
                }
              ]
            }
          ]
        }
      ]
    },
    "Planning Time": 0.519,
    "Triggers": [],
    "Execution Time": 360.697
  }
]