{
  "Plan": {
    "Node Type": "Aggregate",
    "Strategy": "Plain",
    "Partial Mode": "Finalize",
    "Parallel Aware": false,
    "Startup Cost": 56433.06,
    "Total Cost": 56433.07,
    "Plan Rows": 1,
    "Plan Width": 8,
    "Actual Startup Time": 132.858,
    "Actual Total Time": 140.209,
    "Actual Rows": 1,
    "Actual Loops": 1,
    "Plans": [
      {
        "Node Type": "Gather",
        "Parent Relationship": "Outer",
        "Parallel Aware": false,
        "Startup Cost": 56432.95,
        "Total Cost": 56433.06,
        "Plan Rows": 1,
        "Plan Width": 8,
        "Actual Startup Time": 132.569,
        "Actual Total Time": 140.203,
        "Actual Rows": 2,
        "Actual Loops": 1,
        "Workers Planned": 1,
        "Workers Launched": 1,
        "Single Copy": false,
        "Plans": [
          {
            "Node Type": "Aggregate",
            "Strategy": "Plain",
            "Partial Mode": "Partial",
            "Parent Relationship": "Outer",
            "Parallel Aware": false,
            "Startup Cost": 55432.95,
            "Total Cost": 55432.96,
            "Plan Rows": 1,
            "Plan Width": 8,
            "Actual Startup Time": 126.271,
            "Actual Total Time": 126.274,
            "Actual Rows": 1,
            "Actual Loops": 2,
            "Plans": [
              {
                "Node Type": "Hash Join",
                "Parent Relationship": "Outer",
                "Parallel Aware": true,
                "Join Type": "Inner",
                "Startup Cost": 36321.28,
                "Total Cost": 55428.59,
                "Plan Rows": 1743,
                "Plan Width": 0,
                "Actual Startup Time": 33.052,
                "Actual Total Time": 126.03,
                "Actual Rows": 4622,
                "Actual Loops": 2,
                "Inner Unique": false,
                "Hash Cond": "(mi_idx.movie_id = t.id)",
                "Plans": [
                  {
                    "Node Type": "Seq Scan",
                    "Parent Relationship": "Outer",
                    "Parallel Aware": true,
                    "Relation Name": "movie_info_idx",
                    "Alias": "mi_idx",
                    "Startup Cost": 0.0,
                    "Total Cost": 16052.85,
                    "Plan Rows": 811785,
                    "Plan Width": 4,
                    "Actual Startup Time": 0.013,
                    "Actual Total Time": 46.714,
                    "Actual Rows": 690018,
                    "Actual Loops": 2
                  },
                  {
                    "Node Type": "Hash",
                    "Parent Relationship": "Inner",
                    "Parallel Aware": true,
                    "Startup Cost": 36281.36,
                    "Total Cost": 36281.36,
                    "Plan Rows": 3194,
                    "Plan Width": 8,
                    "Actual Startup Time": 31.869,
                    "Actual Total Time": 31.871,
                    "Actual Rows": 2313,
                    "Actual Loops": 2,
                    "Hash Buckets": 8192,
                    "Original Hash Buckets": 8192,
                    "Hash Batches": 1,
                    "Original Hash Batches": 1,
                    "Peak Memory Usage": 288,
                    "Plans": [
                      {
                        "Node Type": "Nested Loop",
                        "Parent Relationship": "Outer",
                        "Parallel Aware": false,
                        "Join Type": "Inner",
                        "Startup Cost": 118.94,
                        "Total Cost": 36281.36,
                        "Plan Rows": 3194,
                        "Plan Width": 8,
                        "Actual Startup Time": 2.558,
                        "Actual Total Time": 30.743,
                        "Actual Rows": 2313,
                        "Actual Loops": 2,
                        "Inner Unique": true,
                        "Plans": [
                          {
                            "Node Type": "Bitmap Heap Scan",
                            "Parent Relationship": "Outer",
                            "Parallel Aware": true,
                            "Relation Name": "movie_keyword",
                            "Alias": "mk",
                            "Startup Cost": 118.51,
                            "Total Cost": 13152.38,
                            "Plan Rows": 3194,
                            "Plan Width": 4,
                            "Actual Startup Time": 2.414,
                            "Actual Total Time": 10.52,
                            "Actual Rows": 2313,
                            "Actual Loops": 2,
                            "Recheck Cond": "(keyword_id = 465)",
                            "Rows Removed by Index Recheck": 0,
                            "Exact Heap Blocks": 3460,
                            "Lossy Heap Blocks": 0,
                            "Plans": [
                              {
                                "Node Type": "Bitmap Index Scan",
                                "Parent Relationship": "Outer",
                                "Parallel Aware": false,
                                "Index Name": "keyword_id_movie_keyword",
                                "Startup Cost": 0.0,
                                "Total Cost": 117.15,
                                "Plan Rows": 5429,
                                "Plan Width": 0,
                                "Actual Startup Time": 2.583,
                                "Actual Total Time": 2.583,
                                "Actual Rows": 4626,
                                "Actual Loops": 1,
                                "Index Cond": "(keyword_id = 465)"
                              }
                            ]
                          },
                          {
                            "Node Type": "Index Only Scan",
                            "Parent Relationship": "Inner",
                            "Parallel Aware": false,
                            "Scan Direction": "Forward",
                            "Index Name": "title_pkey",
                            "Relation Name": "title",
                            "Alias": "t",
                            "Startup Cost": 0.43,
                            "Total Cost": 7.24,
                            "Plan Rows": 1,
                            "Plan Width": 4,
                            "Actual Startup Time": 0.008,
                            "Actual Total Time": 0.008,
                            "Actual Rows": 1,
                            "Actual Loops": 4626,
                            "Index Cond": "(id = mk.movie_id)",
                            "Rows Removed by Index Recheck": 0,
                            "Heap Fetches": 4626
                          }
                        ]
                      }
                    ]
                  }
                ]
              }
            ]
          }
        ]
      }
    ]
  },
  "Planning Time": 1.0,
  "Triggers": [],
  "Execution Time": 140.308
}