[
  {
    "Plan": {
      "Node Type": "Aggregate",
      "Strategy": "Plain",
      "Partial Mode": "Finalize",
      "Parallel Aware": false,
      "Startup Cost": 78948.24,
      "Total Cost": 78948.25,
      "Plan Rows": 1,
      "Plan Width": 8,
      "Actual Startup Time": 210.175,
      "Actual Total Time": 226.647,
      "Actual Rows": 1,
      "Actual Loops": 1,
      "Plans": [
        {
          "Node Type": "Gather",
          "Parent Relationship": "Outer",
          "Parallel Aware": false,
          "Startup Cost": 78947.92,
          "Total Cost": 78948.23,
          "Plan Rows": 3,
          "Plan Width": 8,
          "Actual Startup Time": 208.496,
          "Actual Total Time": 226.639,
          "Actual Rows": 4,
          "Actual Loops": 1,
          "Workers Planned": 3,
          "Workers Launched": 3,
          "Single Copy": false,
          "Plans": [
            {
              "Node Type": "Aggregate",
              "Strategy": "Plain",
              "Partial Mode": "Partial",
              "Parent Relationship": "Outer",
              "Parallel Aware": false,
              "Startup Cost": 77947.92,
              "Total Cost": 77947.93,
              "Plan Rows": 1,
              "Plan Width": 8,
              "Actual Startup Time": 203.406,
              "Actual Total Time": 203.409,
              "Actual Rows": 1,
              "Actual Loops": 4,
              "Plans": [
                {
                  "Node Type": "Hash Join",
                  "Parent Relationship": "Outer",
                  "Parallel Aware": true,
                  "Join Type": "Inner",
                  "Startup Cost": 46279.99,
                  "Total Cost": 77925.65,
                  "Plan Rows": 8908,
                  "Plan Width": 0,
                  "Actual Startup Time": 120.552,
                  "Actual Total Time": 203.012,
                  "Actual Rows": 6320,
                  "Actual Loops": 4,
                  "Inner Unique": true,
                  "Hash Cond": "(mc.movie_id = t.id)",
                  "Plans": [
                    {
                      "Node Type": "Seq Scan",
                      "Parent Relationship": "Outer",
                      "Parallel Aware": true,
                      "Relation Name": "movie_companies",
                      "Alias": "mc",
                      "Startup Cost": 0.0,
                      "Total Cost": 31414.82,
                      "Plan Rows": 87942,
                      "Plan Width": 4,
                      "Actual Startup Time": 0.009,
                      "Actual Total Time": 63.747,
                      "Actual Rows": 102117,
                      "Actual Loops": 4,
                      "Filter": "((company_id < 575) AND (company_type_id = 1))",
                      "Rows Removed by Filter": 550165
                    },
                    {
                      "Node Type": "Hash",
                      "Parent Relationship": "Inner",
                      "Parallel Aware": true,
                      "Startup Cost": 45479.59,
                      "Total Cost": 45479.59,
                      "Plan Rows": 64032,
                      "Plan Width": 4,
                      "Actual Startup Time": 118.715,
                      "Actual Total Time": 118.716,
                      "Actual Rows": 56962,
                      "Actual Loops": 4,
                      "Hash Buckets": 262144,
                      "Original Hash Buckets": 262144,
                      "Hash Batches": 1,
                      "Original Hash Batches": 1,
                      "Peak Memory Usage": 11040,
                      "Plans": [
                        {
                          "Node Type": "Seq Scan",
                          "Parent Relationship": "Outer",
                          "Parallel Aware": true,
                          "Relation Name": "title",
                          "Alias": "t",
                          "Startup Cost": 0.0,
                          "Total Cost": 45479.59,
                          "Plan Rows": 64032,
                          "Plan Width": 4,
                          "Actual Startup Time": 0.093,
                          "Actual Total Time": 99.401,
                          "Actual Rows": 56962,
                          "Actual Loops": 4,
                          "Filter": "((kind_id < 7) AND (production_year > 2008))",
                          "Rows Removed by Filter": 575116
                        }
                      ]
                    }
                  ]
                }
              ]
            }
          ]
        }
      ]
    },
    "Planning Time": 0.473,
    "Triggers": [],
    "Execution Time": 226.709
  }
]