{
  "Plan": {
    "Node Type": "Aggregate",
    "Strategy": "Plain",
    "Partial Mode": "Finalize",
    "Parallel Aware": false,
    "Startup Cost": 327089.05,
    "Total Cost": 327089.06,
    "Plan Rows": 1,
    "Plan Width": 8,
    "Actual Startup Time": 3790.547,
    "Actual Total Time": 3856.103,
    "Actual Rows": 1,
    "Actual Loops": 1,
    "Plans": [
      {
        "Node Type": "Gather",
        "Parent Relationship": "Outer",
        "Parallel Aware": false,
        "Startup Cost": 327088.94,
        "Total Cost": 327089.05,
        "Plan Rows": 1,
        "Plan Width": 8,
        "Actual Startup Time": 3789.987,
        "Actual Total Time": 3856.095,
        "Actual Rows": 2,
        "Actual Loops": 1,
        "Workers Planned": 1,
        "Workers Launched": 1,
        "Single Copy": false,
        "Plans": [
          {
            "Node Type": "Aggregate",
            "Strategy": "Plain",
            "Partial Mode": "Partial",
            "Parent Relationship": "Outer",
            "Parallel Aware": false,
            "Startup Cost": 326088.94,
            "Total Cost": 326088.95,
            "Plan Rows": 1,
            "Plan Width": 8,
            "Actual Startup Time": 3783.661,
            "Actual Total Time": 3783.665,
            "Actual Rows": 1,
            "Actual Loops": 2,
            "Plans": [
              {
                "Node Type": "Nested Loop",
                "Parent Relationship": "Outer",
                "Parallel Aware": false,
                "Join Type": "Inner",
                "Startup Cost": 74695.16,
                "Total Cost": 324144.63,
                "Plan Rows": 777721,
                "Plan Width": 0,
                "Actual Startup Time": 242.849,
                "Actual Total Time": 3539.372,
                "Actual Rows": 5586254,
                "Actual Loops": 2,
                "Inner Unique": false,
                "Join Filter": "(t.id = ci.movie_id)",
                "Rows Removed by Join Filter": 0,
                "Plans": [
                  {
                    "Node Type": "Hash Join",
                    "Parent Relationship": "Outer",
                    "Parallel Aware": true,
                    "Join Type": "Inner",
                    "Startup Cost": 74694.6,
                    "Total Cost": 104910.48,
                    "Plan Rows": 54276,
                    "Plan Width": 8,
                    "Actual Startup Time": 242.785,
                    "Actual Total Time": 393.65,
                    "Actual Rows": 143948,
                    "Actual Loops": 2,
                    "Inner Unique": true,
                    "Hash Cond": "(mk.movie_id = t.id)",
                    "Plans": [
                      {
                        "Node Type": "Bitmap Heap Scan",
                        "Parent Relationship": "Outer",
                        "Parallel Aware": true,
                        "Relation Name": "movie_keyword",
                        "Alias": "mk",
                        "Startup Cost": 13739.46,
                        "Total Cost": 42955.34,
                        "Plan Rows": 380951,
                        "Plan Width": 4,
                        "Actual Startup Time": 41.259,
                        "Actual Total Time": 111.998,
                        "Actual Rows": 317952,
                        "Actual Loops": 2,
                        "Recheck Cond": "(keyword_id > 29032)",
                        "Rows Removed by Index Recheck": 0,
                        "Exact Heap Blocks": 12528,
                        "Lossy Heap Blocks": 0,
                        "Plans": [
                          {
                            "Node Type": "Bitmap Index Scan",
                            "Parent Relationship": "Outer",
                            "Parallel Aware": false,
                            "Index Name": "keyword_id_movie_keyword",
                            "Startup Cost": 0.0,
                            "Total Cost": 13577.55,
                            "Plan Rows": 647616,
                            "Plan Width": 0,
                            "Actual Startup Time": 37.708,
                            "Actual Total Time": 37.709,
                            "Actual Rows": 635903,
                            "Actual Loops": 1,
                            "Index Cond": "(keyword_id > 29032)"
                          }
                        ]
                      },
                      {
                        "Node Type": "Hash",
                        "Parent Relationship": "Inner",
                        "Parallel Aware": true,
                        "Startup Cost": 58306.47,
                        "Total Cost": 58306.47,
                        "Plan Rows": 211894,
                        "Plan Width": 4,
                        "Actual Startup Time": 194.847,
                        "Actual Total Time": 194.848,
                        "Actual Rows": 235186,
                        "Actual Loops": 2,
                        "Hash Buckets": 524288,
                        "Original Hash Buckets": 524288,
                        "Hash Batches": 1,
                        "Original Hash Batches": 1,
                        "Peak Memory Usage": 22528,
                        "Plans": [
                          {
                            "Node Type": "Seq Scan",
                            "Parent Relationship": "Outer",
                            "Parallel Aware": true,
                            "Relation Name": "title",
                            "Alias": "t",
                            "Startup Cost": 0.0,
                            "Total Cost": 58306.47,
                            "Plan Rows": 211894,
                            "Plan Width": 4,
                            "Actual Startup Time": 0.04,
                            "Actual Total Time": 144.988,
                            "Actual Rows": 235186,
                            "Actual Loops": 2,
                            "Filter": "((kind_id < 7) AND (production_year < 1998))",
                            "Rows Removed by Filter": 1028970
                          }
                        ]
                      }
                    ]
                  },
                  {
                    "Node Type": "Index Only Scan",
                    "Parent Relationship": "Inner",
                    "Parallel Aware": false,
                    "Scan Direction": "Forward",
                    "Index Name": "movie_id_cast_info",
                    "Relation Name": "cast_info",
                    "Alias": "ci",
                    "Startup Cost": 0.56,
                    "Total Cost": 3.58,
                    "Plan Rows": 37,
                    "Plan Width": 4,
                    "Actual Startup Time": 0.003,
                    "Actual Total Time": 0.019,
                    "Actual Rows": 39,
                    "Actual Loops": 287895,
                    "Index Cond": "(movie_id = mk.movie_id)",
                    "Rows Removed by Index Recheck": 0,
                    "Heap Fetches": 11172509
                  }
                ]
              }
            ]
          }
        ]
      }
    ]
  },
  "Planning Time": 0.931,
  "Triggers": [],
  "Execution Time": 3856.259
}