[
  {
    "Plan": {
      "Node Type": "Aggregate",
      "Strategy": "Plain",
      "Partial Mode": "Finalize",
      "Parallel Aware": false,
      "Startup Cost": 216602.61,
      "Total Cost": 216602.62,
      "Plan Rows": 1,
      "Plan Width": 8,
      "Actual Startup Time": 138.621,
      "Actual Total Time": 160.384,
      "Actual Rows": 1,
      "Actual Loops": 1,
      "Plans": [
        {
          "Node Type": "Gather",
          "Parent Relationship": "Outer",
          "Parallel Aware": false,
          "Startup Cost": 216602.19,
          "Total Cost": 216602.6,
          "Plan Rows": 4,
          "Plan Width": 8,
          "Actual Startup Time": 138.398,
          "Actual Total Time": 160.375,
          "Actual Rows": 5,
          "Actual Loops": 1,
          "Workers Planned": 4,
          "Workers Launched": 4,
          "Single Copy": false,
          "Plans": [
            {
              "Node Type": "Aggregate",
              "Strategy": "Plain",
              "Partial Mode": "Partial",
              "Parent Relationship": "Outer",
              "Parallel Aware": false,
              "Startup Cost": 215602.19,
              "Total Cost": 215602.2,
              "Plan Rows": 1,
              "Plan Width": 8,
              "Actual Startup Time": 128.71,
              "Actual Total Time": 128.711,
              "Actual Rows": 1,
              "Actual Loops": 5,
              "Plans": [
                {
                  "Node Type": "Nested Loop",
                  "Parent Relationship": "Outer",
                  "Parallel Aware": false,
                  "Join Type": "Inner",
                  "Startup Cost": 0.43,
                  "Total Cost": 215597.99,
                  "Plan Rows": 1680,
                  "Plan Width": 0,
                  "Actual Startup Time": 0.742,
                  "Actual Total Time": 128.39,
                  "Actual Rows": 2453,
                  "Actual Loops": 5,
                  "Inner Unique": false,
                  "Plans": [
                    {
                      "Node Type": "Seq Scan",
                      "Parent Relationship": "Outer",
                      "Parallel Aware": true,
                      "Relation Name": "title",
                      "Alias": "t",
                      "Startup Cost": 0.0,
                      "Total Cost": 45479.1,
                      "Plan Rows": 2066,
                      "Plan Width": 4,
                      "Actual Startup Time": 0.502,
                      "Actual Total Time": 77.282,
                      "Actual Rows": 1570,
                      "Actual Loops": 5,
                      "Filter": "((kind_id < 7) AND (production_year = 1986))",
                      "Rows Removed by Filter": 504092
                    },
                    {
                      "Node Type": "Index Scan",
                      "Parent Relationship": "Inner",
                      "Parallel Aware": false,
                      "Scan Direction": "Forward",
                      "Index Name": "movie_id_movie_info",
                      "Relation Name": "movie_info",
                      "Alias": "mi",
                      "Startup Cost": 0.43,
                      "Total Cost": 82.28,
                      "Plan Rows": 6,
                      "Plan Width": 4,
                      "Actual Startup Time": 0.017,
                      "Actual Total Time": 0.032,
                      "Actual Rows": 2,
                      "Actual Loops": 7852,
                      "Index Cond": "(movie_id = t.id)",
                      "Rows Removed by Index Recheck": 0,
                      "Filter": "(info_type_id < 3)",
                      "Rows Removed by Filter": 9
                    }
                  ]
                }
              ]
            }
          ]
        }
      ]
    },
    "Planning Time": 0.611,
    "Triggers": [],
    "Execution Time": 160.46
  }
]