{
  "Plan": {
    "Node Type": "Aggregate",
    "Strategy": "Plain",
    "Partial Mode": "Simple",
    "Parallel Aware": false,
    "Startup Cost": 1885138.91,
    "Total Cost": 1885138.92,
    "Plan Rows": 1,
    "Plan Width": 128,
    "Actual Startup Time": 9527.869,
    "Actual Total Time": 9528.056,
    "Actual Rows": 1,
    "Actual Loops": 1,
    "Plans": [
      {
        "Node Type": "Merge Join",
        "Parent Relationship": "Outer",
        "Parallel Aware": false,
        "Join Type": "Inner",
        "Startup Cost": 1885138.84,
        "Total Cost": 1885138.9,
        "Plan Rows": 1,
        "Plan Width": 81,
        "Actual Startup Time": 9525.042,
        "Actual Total Time": 9527.715,
        "Actual Rows": 2825,
        "Actual Loops": 1,
        "Inner Unique": true,
        "Merge Cond": "(mk.keyword_id = k.id)",
        "Plans": [
          {
            "Node Type": "Sort",
            "Parent Relationship": "Outer",
            "Parallel Aware": false,
            "Startup Cost": 1881674.06,
            "Total Cost": 1881674.06,
            "Plan Rows": 2,
            "Plan Width": 85,
            "Actual Startup Time": 9505.829,
            "Actual Total Time": 9507.314,
            "Actual Rows": 14162,
            "Actual Loops": 1,
            "Sort Key": [
              "mk.keyword_id"
            ],
            "Sort Method": "quicksort",
            "Sort Space Used": 13526,
            "Sort Space Type": "Memory",
            "Plans": [
              {
                "Node Type": "Merge Join",
                "Parent Relationship": "Outer",
                "Parallel Aware": false,
                "Join Type": "Inner",
                "Startup Cost": 1693216.1,
                "Total Cost": 1881674.05,
                "Plan Rows": 2,
                "Plan Width": 85,
                "Actual Startup Time": 8801.226,
                "Actual Total Time": 9479.274,
                "Actual Rows": 107406,
                "Actual Loops": 1,
                "Inner Unique": false,
                "Merge Cond": "(mk.movie_id = ci.movie_id)",
                "Plans": [
                  {
                    "Node Type": "Index Scan",
                    "Parent Relationship": "Outer",
                    "Parallel Aware": false,
                    "Scan Direction": "Forward",
                    "Index Name": "movie_id_movie_keyword",
                    "Relation Name": "movie_keyword",
                    "Alias": "mk",
                    "Startup Cost": 0.43,
                    "Total Cost": 177148.48,
                    "Plan Rows": 4523930,
                    "Plan Width": 8,
                    "Actual Startup Time": 0.016,
                    "Actual Total Time": 493.054,
                    "Actual Rows": 4439118,
                    "Actual Loops": 1
                  },
                  {
                    "Node Type": "Materialize",
                    "Parent Relationship": "Inner",
                    "Parallel Aware": false,
                    "Startup Cost": 1693215.67,
                    "Total Cost": 1693215.67,
                    "Plan Rows": 1,
                    "Plan Width": 101,
                    "Actual Startup Time": 8710.149,
                    "Actual Total Time": 8714.745,
                    "Actual Rows": 107428,
                    "Actual Loops": 1,
                    "Plans": [
                      {
                        "Node Type": "Sort",
                        "Parent Relationship": "Outer",
                        "Parallel Aware": false,
                        "Startup Cost": 1693215.67,
                        "Total Cost": 1693215.67,
                        "Plan Rows": 1,
                        "Plan Width": 101,
                        "Actual Startup Time": 8710.145,
                        "Actual Total Time": 8710.532,
                        "Actual Rows": 1017,
                        "Actual Loops": 1,
                        "Sort Key": [
                          "mc.movie_id"
                        ],
                        "Sort Method": "quicksort",
                        "Sort Space Used": 168,
                        "Sort Space Type": "Memory",
                        "Plans": [
                          {
                            "Node Type": "Merge Join",
                            "Parent Relationship": "Outer",
                            "Parallel Aware": false,
                            "Join Type": "Inner",
                            "Startup Cost": 1509456.96,
                            "Total Cost": 1693215.66,
                            "Plan Rows": 1,
                            "Plan Width": 101,
                            "Actual Startup Time": 7398.335,
                            "Actual Total Time": 8709.85,
                            "Actual Rows": 1017,
                            "Actual Loops": 1,
                            "Inner Unique": false,
                            "Merge Cond": "(n.id = ci.person_id)",
                            "Plans": [
                              {
                                "Node Type": "Index Scan",
                                "Parent Relationship": "Outer",
                                "Parallel Aware": false,
                                "Scan Direction": "Forward",
                                "Index Name": "name_pkey",
                                "Relation Name": "name",
                                "Alias": "n",
                                "Startup Cost": 0.43,
                                "Total Cost": 178171.22,
                                "Plan Rows": 4167377,
                                "Plan Width": 19,
                                "Actual Startup Time": 0.014,
                                "Actual Total Time": 1085.107,
                                "Actual Rows": 3901343,
                                "Actual Loops": 1
                              },
                              {
                                "Node Type": "Sort",
                                "Parent Relationship": "Inner",
                                "Parallel Aware": false,
                                "Startup Cost": 1509456.53,
                                "Total Cost": 1509456.54,
                                "Plan Rows": 1,
                                "Plan Width": 90,
                                "Actual Startup Time": 7393.607,
                                "Actual Total Time": 7394.007,
                                "Actual Rows": 1017,
                                "Actual Loops": 1,
                                "Sort Key": [
                                  "ci.person_id"
                                ],
                                "Sort Method": "quicksort",
                                "Sort Space Used": 151,
                                "Sort Space Type": "Memory",
                                "Plans": [
                                  {
                                    "Node Type": "Merge Join",
                                    "Parent Relationship": "Outer",
                                    "Parallel Aware": false,
                                    "Join Type": "Inner",
                                    "Startup Cost": 1392895.98,
                                    "Total Cost": 1509456.52,
                                    "Plan Rows": 1,
                                    "Plan Width": 90,
                                    "Actual Startup Time": 6750.3,
                                    "Actual Total Time": 7393.404,
                                    "Actual Rows": 1017,
                                    "Actual Loops": 1,
                                    "Inner Unique": false,
                                    "Merge Cond": "(t.id = ci.movie_id)",
                                    "Plans": [
                                      {
                                        "Node Type": "Index Scan",
                                        "Parent Relationship": "Outer",
                                        "Parallel Aware": false,
                                        "Scan Direction": "Forward",
                                        "Index Name": "title_pkey",
                                        "Relation Name": "title",
                                        "Alias": "t",
                                        "Startup Cost": 0.43,
                                        "Total Cost": 110359.06,
                                        "Plan Rows": 2528509,
                                        "Plan Width": 21,
                                        "Actual Startup Time": 0.017,
                                        "Actual Total Time": 972.559,
                                        "Actual Rows": 2504140,
                                        "Actual Loops": 1
                                      },
                                      {
                                        "Node Type": "Sort",
                                        "Parent Relationship": "Inner",
                                        "Parallel Aware": false,
                                        "Startup Cost": 1392892.78,
                                        "Total Cost": 1392892.79,
                                        "Plan Rows": 1,
                                        "Plan Width": 69,
                                        "Actual Startup Time": 6264.145,
                                        "Actual Total Time": 6264.454,
                                        "Actual Rows": 1017,
                                        "Actual Loops": 1,
                                        "Sort Key": [
                                          "mc.movie_id"
                                        ],
                                        "Sort Method": "quicksort",
                                        "Sort Space Used": 104,
                                        "Sort Space Type": "Memory",
                                        "Plans": [
                                          {
                                            "Node Type": "Merge Join",
                                            "Parent Relationship": "Outer",
                                            "Parallel Aware": false,
                                            "Join Type": "Inner",
                                            "Startup Cost": 1392892.75,
                                            "Total Cost": 1392892.77,
                                            "Plan Rows": 1,
                                            "Plan Width": 69,
                                            "Actual Startup Time": 6263.805,
                                            "Actual Total Time": 6264.148,
                                            "Actual Rows": 1017,
                                            "Actual Loops": 1,
                                            "Inner Unique": true,
                                            "Merge Cond": "(mi.info_type_id = it1.id)",
                                            "Plans": [
                                              {
                                                "Node Type": "Sort",
                                                "Parent Relationship": "Outer",
                                                "Parallel Aware": false,
                                                "Startup Cost": 1392890.32,
                                                "Total Cost": 1392890.33,
                                                "Plan Rows": 1,
                                                "Plan Width": 73,
                                                "Actual Startup Time": 6263.77,
                                                "Actual Total Time": 6263.986,
                                                "Actual Rows": 1018,
                                                "Actual Loops": 1,
                                                "Sort Key": [
                                                  "mi.info_type_id"
                                                ],
                                                "Sort Method": "quicksort",
                                                "Sort Space Used": 133,
                                                "Sort Space Type": "Memory",
                                                "Plans": [
                                                  {
                                                    "Node Type": "Merge Join",
                                                    "Parent Relationship": "Outer",
                                                    "Parallel Aware": false,
                                                    "Join Type": "Inner",
                                                    "Startup Cost": 1391944.64,
                                                    "Total Cost": 1392890.31,
                                                    "Plan Rows": 1,
                                                    "Plan Width": 73,
                                                    "Actual Startup Time": 6247.846,
                                                    "Actual Total Time": 6263.718,
                                                    "Actual Rows": 1077,
                                                    "Actual Loops": 1,
                                                    "Inner Unique": false,
                                                    "Merge Cond": "(ci.movie_id = mi.movie_id)",
                                                    "Plans": [
                                                      {
                                                        "Node Type": "Sort",
                                                        "Parent Relationship": "Outer",
                                                        "Parallel Aware": false,
                                                        "Startup Cost": 1040388.97,
                                                        "Total Cost": 1040388.98,
                                                        "Plan Rows": 4,
                                                        "Plan Width": 22,
                                                        "Actual Startup Time": 4887.667,
                                                        "Actual Total Time": 4887.866,
                                                        "Actual Rows": 1381,
                                                        "Actual Loops": 1,
                                                        "Sort Key": [
                                                          "mc.movie_id"
                                                        ],
                                                        "Sort Method": "quicksort",
                                                        "Sort Space Used": 156,
                                                        "Sort Space Type": "Memory",
                                                        "Plans": [
                                                          {
                                                            "Node Type": "Merge Join",
                                                            "Parent Relationship": "Outer",
                                                            "Parallel Aware": false,
                                                            "Join Type": "Inner",
                                                            "Startup Cost": 1040386.71,
                                                            "Total Cost": 1040388.93,
                                                            "Plan Rows": 4,
                                                            "Plan Width": 22,
                                                            "Actual Startup Time": 4887.265,
                                                            "Actual Total Time": 4887.615,
                                                            "Actual Rows": 1381,
                                                            "Actual Loops": 1,
                                                            "Inner Unique": true,
                                                            "Merge Cond": "(mi_idx.info_type_id = it2.id)",
                                                            "Plans": [
                                                              {
                                                                "Node Type": "Sort",
                                                                "Parent Relationship": "Outer",
                                                                "Parallel Aware": false,
                                                                "Startup Cost": 1040384.28,
                                                                "Total Cost": 1040385.37,
                                                                "Plan Rows": 437,
                                                                "Plan Width": 26,
                                                                "Actual Startup Time": 4887.059,
                                                                "Actual Total Time": 4887.314,
                                                                "Actual Rows": 2763,
                                                                "Actual Loops": 1,
                                                                "Sort Key": [
                                                                  "mi_idx.info_type_id"
                                                                ],
                                                                "Sort Method": "quicksort",
                                                                "Sort Space Used": 519,
                                                                "Sort Space Type": "Memory",
                                                                "Plans": [
                                                                  {
                                                                    "Node Type": "Merge Join",
                                                                    "Parent Relationship": "Outer",
                                                                    "Parallel Aware": false,
                                                                    "Join Type": "Inner",
                                                                    "Startup Cost": 977446.57,
                                                                    "Total Cost": 1040365.11,
                                                                    "Plan Rows": 437,
                                                                    "Plan Width": 26,
                                                                    "Actual Startup Time": 4474.448,
                                                                    "Actual Total Time": 4886.329,
                                                                    "Actual Rows": 4179,
                                                                    "Actual Loops": 1,
                                                                    "Inner Unique": false,
                                                                    "Merge Cond": "(ci.movie_id = mi_idx.movie_id)",
                                                                    "Plans": [
                                                                      {
                                                                        "Node Type": "Merge Join",
                                                                        "Parent Relationship": "Outer",
                                                                        "Parallel Aware": false,
                                                                        "Join Type": "Inner",
                                                                        "Startup Cost": 977446.15,
                                                                        "Total Cost": 983287.15,
                                                                        "Plan Rows": 307,
                                                                        "Plan Width": 12,
                                                                        "Actual Startup Time": 4465.42,
                                                                        "Actual Total Time": 4647.62,
                                                                        "Actual Rows": 1454,
                                                                        "Actual Loops": 1,
                                                                        "Inner Unique": false,
                                                                        "Merge Cond": "(mc.movie_id = ci.movie_id)",
                                                                        "Plans": [
                                                                          {
                                                                            "Node Type": "Sort",
                                                                            "Parent Relationship": "Outer",
                                                                            "Parallel Aware": false,
                                                                            "Startup Cost": 142771.7,
                                                                            "Total Cost": 142772.34,
                                                                            "Plan Rows": 255,
                                                                            "Plan Width": 4,
                                                                            "Actual Startup Time": 2069.862,
                                                                            "Actual Total Time": 2070.167,
                                                                            "Actual Rows": 1814,
                                                                            "Actual Loops": 1,
                                                                            "Sort Key": [
                                                                              "mc.movie_id"
                                                                            ],
                                                                            "Sort Method": "quicksort",
                                                                            "Sort Space Used": 134,
                                                                            "Sort Space Type": "Memory",
                                                                            "Plans": [
                                                                              {
                                                                                "Node Type": "Merge Join",
                                                                                "Parent Relationship": "Outer",
                                                                                "Parallel Aware": false,
                                                                                "Join Type": "Inner",
                                                                                "Startup Cost": 9916.2,
                                                                                "Total Cost": 142761.51,
                                                                                "Plan Rows": 255,
                                                                                "Plan Width": 4,
                                                                                "Actual Startup Time": 663.266,
                                                                                "Actual Total Time": 2069.559,
                                                                                "Actual Rows": 1814,
                                                                                "Actual Loops": 1,
                                                                                "Inner Unique": true,
                                                                                "Merge Cond": "(mc.company_id = cn.id)",
                                                                                "Plans": [
                                                                                  {
                                                                                    "Node Type": "Index Scan",
                                                                                    "Parent Relationship": "Outer",
                                                                                    "Parallel Aware": false,
                                                                                    "Scan Direction": "Forward",
                                                                                    "Index Name": "company_id_movie_companies",
                                                                                    "Relation Name": "movie_companies",
                                                                                    "Alias": "mc",
                                                                                    "Startup Cost": 0.43,
                                                                                    "Total Cost": 130510.28,
                                                                                    "Plan Rows": 2609129,
                                                                                    "Plan Width": 8,
                                                                                    "Actual Startup Time": 0.017,
                                                                                    "Actual Total Time": 1766.631,
                                                                                    "Actual Rows": 2562825,
                                                                                    "Actual Loops": 1
                                                                                  },
                                                                                  {
                                                                                    "Node Type": "Sort",
                                                                                    "Parent Relationship": "Inner",
                                                                                    "Parallel Aware": false,
                                                                                    "Startup Cost": 5725.74,
                                                                                    "Total Cost": 5725.8,
                                                                                    "Plan Rows": 23,
                                                                                    "Plan Width": 4,
                                                                                    "Actual Startup Time": 36.428,
                                                                                    "Actual Total Time": 36.533,
                                                                                    "Actual Rows": 10,
                                                                                    "Actual Loops": 1,
                                                                                    "Sort Key": [
                                                                                      "cn.id"
                                                                                    ],
                                                                                    "Sort Method": "quicksort",
                                                                                    "Sort Space Used": 25,
                                                                                    "Sort Space Type": "Memory",
                                                                                    "Plans": [
                                                                                      {
                                                                                        "Node Type": "Gather",
                                                                                        "Parent Relationship": "Outer",
                                                                                        "Parallel Aware": false,
                                                                                        "Startup Cost": 1000.0,
                                                                                        "Total Cost": 5725.22,
                                                                                        "Plan Rows": 23,
                                                                                        "Plan Width": 4,
                                                                                        "Actual Startup Time": 2.242,
                                                                                        "Actual Total Time": 36.492,
                                                                                        "Actual Rows": 10,
                                                                                        "Actual Loops": 1,
                                                                                        "Workers Planned": 1,
                                                                                        "Workers Launched": 1,
                                                                                        "Single Copy": false,
                                                                                        "Plans": [
                                                                                          {
                                                                                            "Node Type": "Seq Scan",
                                                                                            "Parent Relationship": "Outer",
                                                                                            "Parallel Aware": true,
                                                                                            "Relation Name": "company_name",
                                                                                            "Alias": "cn",
                                                                                            "Startup Cost": 0.0,
                                                                                            "Total Cost": 4722.92,
                                                                                            "Plan Rows": 14,
                                                                                            "Plan Width": 4,
                                                                                            "Actual Startup Time": 12.777,
                                                                                            "Actual Total Time": 29.769,
                                                                                            "Actual Rows": 5,
                                                                                            "Actual Loops": 2,
                                                                                            "Filter": "(name ~~ 'Lionsgate%'::text)",
                                                                                            "Rows Removed by Filter": 117494
                                                                                          }
                                                                                        ]
                                                                                      }
                                                                                    ]
                                                                                  }
                                                                                ]
                                                                              }
                                                                            ]
                                                                          },
                                                                          {
                                                                            "Node Type": "Sort",
                                                                            "Parent Relationship": "Inner",
                                                                            "Parallel Aware": false,
                                                                            "Startup Cost": 834674.32,
                                                                            "Total Cost": 837593.07,
                                                                            "Plan Rows": 1167502,
                                                                            "Plan Width": 8,
                                                                            "Actual Startup Time": 2383.611,
                                                                            "Actual Total Time": 2500.337,
                                                                            "Actual Rows": 1241911,
                                                                            "Actual Loops": 1,
                                                                            "Sort Key": [
                                                                              "ci.movie_id"
                                                                            ],
                                                                            "Sort Method": "quicksort",
                                                                            "Sort Space Used": 107499,
                                                                            "Sort Space Type": "Memory",
                                                                            "Plans": [
                                                                              {
                                                                                "Node Type": "Gather",
                                                                                "Parent Relationship": "Outer",
                                                                                "Parallel Aware": false,
                                                                                "Startup Cost": 1000.0,
                                                                                "Total Cost": 717019.34,
                                                                                "Plan Rows": 1167502,
                                                                                "Plan Width": 8,
                                                                                "Actual Startup Time": 148.474,
                                                                                "Actual Total Time": 2119.189,
                                                                                "Actual Rows": 1244716,
                                                                                "Actual Loops": 1,
                                                                                "Workers Planned": 1,
                                                                                "Workers Launched": 1,
                                                                                "Single Copy": false,
                                                                                "Plans": [
                                                                                  {
                                                                                    "Node Type": "Seq Scan",
                                                                                    "Parent Relationship": "Outer",
                                                                                    "Parallel Aware": true,
                                                                                    "Relation Name": "cast_info",
                                                                                    "Alias": "ci",
                                                                                    "Startup Cost": 0.0,
                                                                                    "Total Cost": 599269.14,
                                                                                    "Plan Rows": 686766,
                                                                                    "Plan Width": 8,
                                                                                    "Actual Startup Time": 102.381,
                                                                                    "Actual Total Time": 2006.569,
                                                                                    "Actual Rows": 622358,
                                                                                    "Actual Loops": 2,
                                                                                    "Filter": "(note = ANY ('{(writer),\"(head writer)\",\"(written by)\",(story),\"(story editor)\"}'::text[]))",
                                                                                    "Rows Removed by Filter": 17499814
                                                                                  }
                                                                                ]
                                                                              }
                                                                            ]
                                                                          }
                                                                        ]
                                                                      },
                                                                      {
                                                                        "Node Type": "Index Scan",
                                                                        "Parent Relationship": "Inner",
                                                                        "Parallel Aware": false,
                                                                        "Scan Direction": "Forward",
                                                                        "Index Name": "movie_id_movie_info_idx",
                                                                        "Relation Name": "movie_info_idx",
                                                                        "Alias": "mi_idx",
                                                                        "Startup Cost": 0.43,
                                                                        "Total Cost": 53622.74,
                                                                        "Plan Rows": 1380035,
                                                                        "Plan Width": 14,
                                                                        "Actual Startup Time": 0.035,
                                                                        "Actual Total Time": 158.488,
                                                                        "Actual Rows": 1370239,
                                                                        "Actual Loops": 1
                                                                      }
                                                                    ]
                                                                  }
                                                                ]
                                                              },
                                                              {
                                                                "Node Type": "Sort",
                                                                "Parent Relationship": "Inner",
                                                                "Parallel Aware": false,
                                                                "Startup Cost": 2.42,
                                                                "Total Cost": 2.43,
                                                                "Plan Rows": 1,
                                                                "Plan Width": 4,
                                                                "Actual Startup Time": 0.034,
                                                                "Actual Total Time": 0.035,
                                                                "Actual Rows": 1,
                                                                "Actual Loops": 1,
                                                                "Sort Key": [
                                                                  "it2.id"
                                                                ],
                                                                "Sort Method": "quicksort",
                                                                "Sort Space Used": 25,
                                                                "Sort Space Type": "Memory",
                                                                "Plans": [
                                                                  {
                                                                    "Node Type": "Seq Scan",
                                                                    "Parent Relationship": "Outer",
                                                                    "Parallel Aware": false,
                                                                    "Relation Name": "info_type",
                                                                    "Alias": "it2",
                                                                    "Startup Cost": 0.0,
                                                                    "Total Cost": 2.41,
                                                                    "Plan Rows": 1,
                                                                    "Plan Width": 4,
                                                                    "Actual Startup Time": 0.025,
                                                                    "Actual Total Time": 0.026,
                                                                    "Actual Rows": 1,
                                                                    "Actual Loops": 1,
                                                                    "Filter": "((info)::text = 'votes'::text)",
                                                                    "Rows Removed by Filter": 112
                                                                  }
                                                                ]
                                                              }
                                                            ]
                                                          }
                                                        ]
                                                      },
                                                      {
                                                        "Node Type": "Sort",
                                                        "Parent Relationship": "Inner",
                                                        "Parallel Aware": false,
                                                        "Startup Cost": 351555.67,
                                                        "Total Cost": 352028.69,
                                                        "Plan Rows": 189208,
                                                        "Plan Width": 51,
                                                        "Actual Startup Time": 1359.361,
                                                        "Actual Total Time": 1365.884,
                                                        "Actual Rows": 187410,
                                                        "Actual Loops": 1,
                                                        "Sort Key": [
                                                          "mi.movie_id"
                                                        ],
                                                        "Sort Method": "quicksort",
                                                        "Sort Space Used": 16323,
                                                        "Sort Space Type": "Memory",
                                                        "Plans": [
                                                          {
                                                            "Node Type": "Gather",
                                                            "Parent Relationship": "Outer",
                                                            "Parallel Aware": false,
                                                            "Startup Cost": 1000.0,
                                                            "Total Cost": 334971.95,
                                                            "Plan Rows": 189208,
                                                            "Plan Width": 51,
                                                            "Actual Startup Time": 624.833,
                                                            "Actual Total Time": 1325.561,
                                                            "Actual Rows": 188971,
                                                            "Actual Loops": 1,
                                                            "Workers Planned": 1,
                                                            "Workers Launched": 1,
                                                            "Single Copy": false,
                                                            "Plans": [
                                                              {
                                                                "Node Type": "Seq Scan",
                                                                "Parent Relationship": "Outer",
                                                                "Parallel Aware": true,
                                                                "Relation Name": "movie_info",
                                                                "Alias": "mi",
                                                                "Startup Cost": 0.0,
                                                                "Total Cost": 315051.15,
                                                                "Plan Rows": 111299,
                                                                "Plan Width": 51,
                                                                "Actual Startup Time": 714.104,
                                                                "Actual Total Time": 1306.685,
                                                                "Actual Rows": 94486,
                                                                "Actual Loops": 2,
                                                                "Filter": "(info = ANY ('{Horror,Action,Sci-Fi,Thriller,Crime,War}'::text[]))",
                                                                "Rows Removed by Filter": 7323374
                                                              }
                                                            ]
                                                          }
                                                        ]
                                                      }
                                                    ]
                                                  }
                                                ]
                                              },
                                              {
                                                "Node Type": "Sort",
                                                "Parent Relationship": "Inner",
                                                "Parallel Aware": false,
                                                "Startup Cost": 2.42,
                                                "Total Cost": 2.43,
                                                "Plan Rows": 1,
                                                "Plan Width": 4,
                                                "Actual Startup Time": 0.032,
                                                "Actual Total Time": 0.033,
                                                "Actual Rows": 1,
                                                "Actual Loops": 1,
                                                "Sort Key": [
                                                  "it1.id"
                                                ],
                                                "Sort Method": "quicksort",
                                                "Sort Space Used": 25,
                                                "Sort Space Type": "Memory",
                                                "Plans": [
                                                  {
                                                    "Node Type": "Seq Scan",
                                                    "Parent Relationship": "Outer",
                                                    "Parallel Aware": false,
                                                    "Relation Name": "info_type",
                                                    "Alias": "it1",
                                                    "Startup Cost": 0.0,
                                                    "Total Cost": 2.41,
                                                    "Plan Rows": 1,
                                                    "Plan Width": 4,
                                                    "Actual Startup Time": 0.02,
                                                    "Actual Total Time": 0.025,
                                                    "Actual Rows": 1,
                                                    "Actual Loops": 1,
                                                    "Filter": "((info)::text = 'genres'::text)",
                                                    "Rows Removed by Filter": 112
                                                  }
                                                ]
                                              }
                                            ]
                                          }
                                        ]
                                      }
                                    ]
                                  }
                                ]
                              }
                            ]
                          }
                        ]
                      }
                    ]
                  }
                ]
              }
            ]
          },
          {
            "Node Type": "Sort",
            "Parent Relationship": "Inner",
            "Parallel Aware": false,
            "Startup Cost": 3464.79,
            "Total Cost": 3464.8,
            "Plan Rows": 7,
            "Plan Width": 4,
            "Actual Startup Time": 18.918,
            "Actual Total Time": 18.918,
            "Actual Rows": 7,
            "Actual Loops": 1,
            "Sort Key": [
              "k.id"
            ],
            "Sort Method": "quicksort",
            "Sort Space Used": 25,
            "Sort Space Type": "Memory",
            "Plans": [
              {
                "Node Type": "Seq Scan",
                "Parent Relationship": "Outer",
                "Parallel Aware": false,
                "Relation Name": "keyword",
                "Alias": "k",
                "Startup Cost": 0.0,
                "Total Cost": 3464.69,
                "Plan Rows": 7,
                "Plan Width": 4,
                "Actual Startup Time": 0.532,
                "Actual Total Time": 18.907,
                "Actual Rows": 7,
                "Actual Loops": 1,
                "Filter": "(keyword = ANY ('{murder,violence,blood,gore,death,female-nudity,hospital}'::text[]))",
                "Rows Removed by Filter": 134163
              }
            ]
          }
        ]
      }
    ]
  },
  "Planning Time": 4.342,
  "Triggers": [],
  "Execution Time": 9530.909
}