[
  {
    "Plan": {
      "Node Type": "Aggregate",
      "Strategy": "Plain",
      "Partial Mode": "Finalize",
      "Parallel Aware": false,
      "Startup Cost": 31413.63,
      "Total Cost": 31413.64,
      "Plan Rows": 1,
      "Plan Width": 8,
      "Actual Startup Time": 115.441,
      "Actual Total Time": 124.133,
      "Actual Rows": 1,
      "Actual Loops": 1,
      "Plans": [
        {
          "Node Type": "Gather",
          "Parent Relationship": "Outer",
          "Parallel Aware": false,
          "Startup Cost": 31413.31,
          "Total Cost": 31413.62,
          "Plan Rows": 3,
          "Plan Width": 8,
          "Actual Startup Time": 115.262,
          "Actual Total Time": 124.118,
          "Actual Rows": 4,
          "Actual Loops": 1,
          "Workers Planned": 3,
          "Workers Launched": 3,
          "Single Copy": false,
          "Plans": [
            {
              "Node Type": "Aggregate",
              "Strategy": "Plain",
              "Partial Mode": "Partial",
              "Parent Relationship": "Outer",
              "Parallel Aware": false,
              "Startup Cost": 30413.31,
              "Total Cost": 30413.32,
              "Plan Rows": 1,
              "Plan Width": 8,
              "Actual Startup Time": 109.547,
              "Actual Total Time": 109.549,
              "Actual Rows": 1,
              "Actual Loops": 4,
              "Plans": [
                {
                  "Node Type": "Seq Scan",
                  "Parent Relationship": "Outer",
                  "Parallel Aware": true,
                  "Relation Name": "movie_companies",
                  "Alias": "mc",
                  "Startup Cost": 0.0,
                  "Total Cost": 29310.68,
                  "Plan Rows": 441051,
                  "Plan Width": 0,
                  "Actual Startup Time": 0.047,
                  "Actual Total Time": 87.99,
                  "Actual Rows": 344410,
                  "Actual Loops": 4,
                  "Filter": "(company_id < 11875)",
                  "Rows Removed by Filter": 307873
                }
              ]
            }
          ]
        }
      ]
    },
    "Planning Time": 0.201,
    "Triggers": [],
    "Execution Time": 124.19
  }
]