[
  {
    "Plan": {
      "Node Type": "Aggregate",
      "Strategy": "Plain",
      "Partial Mode": "Finalize",
      "Parallel Aware": false,
      "Startup Cost": 333906.09,
      "Total Cost": 333906.1,
      "Plan Rows": 1,
      "Plan Width": 8,
      "Actual Startup Time": 394.11,
      "Actual Total Time": 451.442,
      "Actual Rows": 1,
      "Actual Loops": 1,
      "Plans": [
        {
          "Node Type": "Gather",
          "Parent Relationship": "Outer",
          "Parallel Aware": false,
          "Startup Cost": 333905.67,
          "Total Cost": 333906.08,
          "Plan Rows": 4,
          "Plan Width": 8,
          "Actual Startup Time": 394.093,
          "Actual Total Time": 451.429,
          "Actual Rows": 5,
          "Actual Loops": 1,
          "Workers Planned": 4,
          "Workers Launched": 4,
          "Single Copy": false,
          "Plans": [
            {
              "Node Type": "Aggregate",
              "Strategy": "Plain",
              "Partial Mode": "Partial",
              "Parent Relationship": "Outer",
              "Parallel Aware": false,
              "Startup Cost": 332905.67,
              "Total Cost": 332905.68,
              "Plan Rows": 1,
              "Plan Width": 8,
              "Actual Startup Time": 386.573,
              "Actual Total Time": 386.574,
              "Actual Rows": 1,
              "Actual Loops": 5,
              "Plans": [
                {
                  "Node Type": "Nested Loop",
                  "Parent Relationship": "Outer",
                  "Parallel Aware": false,
                  "Join Type": "Inner",
                  "Startup Cost": 0.56,
                  "Total Cost": 332748.36,
                  "Plan Rows": 62927,
                  "Plan Width": 0,
                  "Actual Startup Time": 0.595,
                  "Actual Total Time": 381.367,
                  "Actual Rows": 65368,
                  "Actual Loops": 5,
                  "Inner Unique": false,
                  "Plans": [
                    {
                      "Node Type": "Seq Scan",
                      "Parent Relationship": "Outer",
                      "Parallel Aware": true,
                      "Relation Name": "title",
                      "Alias": "t",
                      "Startup Cost": 0.0,
                      "Total Cost": 45479.59,
                      "Plan Rows": 6756,
                      "Plan Width": 4,
                      "Actual Startup Time": 0.213,
                      "Actual Total Time": 75.804,
                      "Actual Rows": 5417,
                      "Actual Loops": 5,
                      "Filter": "((kind_id < 7) AND (production_year > 2012))",
                      "Rows Removed by Filter": 500245
                    },
                    {
                      "Node Type": "Index Scan",
                      "Parent Relationship": "Inner",
                      "Parallel Aware": false,
                      "Scan Direction": "Forward",
                      "Index Name": "movie_id_cast_info",
                      "Relation Name": "cast_info",
                      "Alias": "ci",
                      "Startup Cost": 0.56,
                      "Total Cost": 42.29,
                      "Plan Rows": 23,
                      "Plan Width": 4,
                      "Actual Startup Time": 0.025,
                      "Actual Total Time": 0.055,
                      "Actual Rows": 12,
                      "Actual Loops": 27085,
                      "Index Cond": "(movie_id = t.id)",
                      "Rows Removed by Index Recheck": 0,
                      "Filter": "(role_id > 1)",
                      "Rows Removed by Filter": 5
                    }
                  ]
                }
              ]
            }
          ]
        }
      ]
    },
    "Planning Time": 0.396,
    "Triggers": [],
    "Execution Time": 451.514
  }
]