[
  {
    "Plan": {
      "Node Type": "Aggregate",
      "Strategy": "Plain",
      "Partial Mode": "Finalize",
      "Parallel Aware": false,
      "Startup Cost": 231285.04,
      "Total Cost": 231285.05,
      "Plan Rows": 1,
      "Plan Width": 8,
      "Actual Startup Time": 151.958,
      "Actual Total Time": 178.87,
      "Actual Rows": 1,
      "Actual Loops": 1,
      "Plans": [
        {
          "Node Type": "Gather",
          "Parent Relationship": "Outer",
          "Parallel Aware": false,
          "Startup Cost": 231284.62,
          "Total Cost": 231285.03,
          "Plan Rows": 4,
          "Plan Width": 8,
          "Actual Startup Time": 151.837,
          "Actual Total Time": 178.861,
          "Actual Rows": 5,
          "Actual Loops": 1,
          "Workers Planned": 4,
          "Workers Launched": 4,
          "Single Copy": false,
          "Plans": [
            {
              "Node Type": "Aggregate",
              "Strategy": "Plain",
              "Partial Mode": "Partial",
              "Parent Relationship": "Outer",
              "Parallel Aware": false,
              "Startup Cost": 230284.62,
              "Total Cost": 230284.63,
              "Plan Rows": 1,
              "Plan Width": 8,
              "Actual Startup Time": 141.678,
              "Actual Total Time": 141.679,
              "Actual Rows": 1,
              "Actual Loops": 5,
              "Plans": [
                {
                  "Node Type": "Nested Loop",
                  "Parent Relationship": "Outer",
                  "Parallel Aware": false,
                  "Join Type": "Inner",
                  "Startup Cost": 0.56,
                  "Total Cost": 230254.91,
                  "Plan Rows": 11882,
                  "Plan Width": 0,
                  "Actual Startup Time": 1.301,
                  "Actual Total Time": 141.124,
                  "Actual Rows": 5971,
                  "Actual Loops": 5,
                  "Inner Unique": false,
                  "Plans": [
                    {
                      "Node Type": "Seq Scan",
                      "Parent Relationship": "Outer",
                      "Parallel Aware": true,
                      "Relation Name": "title",
                      "Alias": "t",
                      "Startup Cost": 0.0,
                      "Total Cost": 43898.92,
                      "Plan Rows": 1833,
                      "Plan Width": 4,
                      "Actual Startup Time": 0.685,
                      "Actual Total Time": 66.834,
                      "Actual Rows": 1440,
                      "Actual Loops": 5,
                      "Filter": "(production_year = 1954)",
                      "Rows Removed by Filter": 504223
                    },
                    {
                      "Node Type": "Index Scan",
                      "Parent Relationship": "Inner",
                      "Parallel Aware": false,
                      "Scan Direction": "Forward",
                      "Index Name": "movie_id_cast_info",
                      "Relation Name": "cast_info",
                      "Alias": "ci",
                      "Startup Cost": 0.56,
                      "Total Cost": 101.5,
                      "Plan Rows": 17,
                      "Plan Width": 4,
                      "Actual Startup Time": 0.039,
                      "Actual Total Time": 0.051,
                      "Actual Rows": 4,
                      "Actual Loops": 7199,
                      "Index Cond": "(movie_id = t.id)",
                      "Rows Removed by Index Recheck": 0,
                      "Filter": "(role_id > 2)",
                      "Rows Removed by Filter": 8
                    }
                  ]
                }
              ]
            }
          ]
        }
      ]
    },
    "Planning Time": 0.551,
    "Triggers": [],
    "Execution Time": 178.944
  }
]