[
  {
    "Plan": {
      "Node Type": "Aggregate",
      "Strategy": "Plain",
      "Partial Mode": "Finalize",
      "Parallel Aware": false,
      "Startup Cost": 449288.52,
      "Total Cost": 449288.53,
      "Plan Rows": 1,
      "Plan Width": 8,
      "Actual Startup Time": 2610.554,
      "Actual Total Time": 2682.42,
      "Actual Rows": 1,
      "Actual Loops": 1,
      "Plans": [
        {
          "Node Type": "Gather",
          "Parent Relationship": "Outer",
          "Parallel Aware": false,
          "Startup Cost": 449287.89,
          "Total Cost": 449288.5,
          "Plan Rows": 6,
          "Plan Width": 8,
          "Actual Startup Time": 2588.377,
          "Actual Total Time": 2682.4,
          "Actual Rows": 7,
          "Actual Loops": 1,
          "Workers Planned": 6,
          "Workers Launched": 6,
          "Single Copy": false,
          "Plans": [
            {
              "Node Type": "Aggregate",
              "Strategy": "Plain",
              "Partial Mode": "Partial",
              "Parent Relationship": "Outer",
              "Parallel Aware": false,
              "Startup Cost": 448287.89,
              "Total Cost": 448287.9,
              "Plan Rows": 1,
              "Plan Width": 8,
              "Actual Startup Time": 2577.121,
              "Actual Total Time": 2577.475,
              "Actual Rows": 1,
              "Actual Loops": 7,
              "Plans": [
                {
                  "Node Type": "Hash Join",
                  "Parent Relationship": "Outer",
                  "Parallel Aware": true,
                  "Join Type": "Inner",
                  "Startup Cost": 96086.12,
                  "Total Cost": 444239.8,
                  "Plan Rows": 1619237,
                  "Plan Width": 0,
                  "Actual Startup Time": 702.783,
                  "Actual Total Time": 2353.701,
                  "Actual Rows": 4228260,
                  "Actual Loops": 7,
                  "Inner Unique": false,
                  "Hash Cond": "(ci.movie_id = t.id)",
                  "Plans": [
                    {
                      "Node Type": "Seq Scan",
                      "Parent Relationship": "Outer",
                      "Parallel Aware": true,
                      "Relation Name": "cast_info",
                      "Alias": "ci",
                      "Startup Cost": 0.0,
                      "Total Cost": 328211.39,
                      "Plan Rows": 3925053,
                      "Plan Width": 4,
                      "Actual Startup Time": 249.385,
                      "Actual Total Time": 844.909,
                      "Actual Rows": 3367665,
                      "Actual Loops": 7,
                      "Filter": "(role_id > 1)",
                      "Rows Removed by Filter": 1810098
                    },
                    {
                      "Node Type": "Hash",
                      "Parent Relationship": "Inner",
                      "Parallel Aware": true,
                      "Startup Cost": 91880.18,
                      "Total Cost": 91880.18,
                      "Plan Rows": 336475,
                      "Plan Width": 8,
                      "Actual Startup Time": 449.895,
                      "Actual Total Time": 450.247,
                      "Actual Rows": 205597,
                      "Actual Loops": 7,
                      "Hash Buckets": 2097152,
                      "Original Hash Buckets": 1048576,
                      "Hash Batches": 1,
                      "Original Hash Batches": 1,
                      "Peak Memory Usage": 80960,
                      "Plans": [
                        {
                          "Node Type": "Hash Join",
                          "Parent Relationship": "Outer",
                          "Parallel Aware": true,
                          "Join Type": "Inner",
                          "Startup Cost": 46609.23,
                          "Total Cost": 91880.18,
                          "Plan Rows": 336475,
                          "Plan Width": 8,
                          "Actual Startup Time": 164.852,
                          "Actual Total Time": 338.198,
                          "Actual Rows": 205597,
                          "Actual Loops": 7,
                          "Inner Unique": true,
                          "Hash Cond": "(mk.movie_id = t.id)",
                          "Plans": [
                            {
                              "Node Type": "Seq Scan",
                              "Parent Relationship": "Outer",
                              "Parallel Aware": true,
                              "Relation Name": "movie_keyword",
                              "Alias": "mk",
                              "Startup Cost": 0.0,
                              "Total Cost": 42695.65,
                              "Plan Rows": 981064,
                              "Plan Width": 4,
                              "Actual Startup Time": 0.096,
                              "Actual Total Time": 95.664,
                              "Actual Rows": 434622,
                              "Actual Loops": 7,
                              "Filter": "(keyword_id > 2114)",
                              "Rows Removed by Filter": 211654
                            },
                            {
                              "Node Type": "Hash",
                              "Parent Relationship": "Inner",
                              "Parallel Aware": true,
                              "Startup Cost": 43899.32,
                              "Total Cost": 43899.32,
                              "Plan Rows": 216793,
                              "Plan Width": 4,
                              "Actual Startup Time": 163.162,
                              "Actual Total Time": 163.163,
                              "Actual Rows": 126521,
                              "Actual Loops": 7,
                              "Hash Buckets": 1048576,
                              "Original Hash Buckets": 1048576,
                              "Hash Batches": 1,
                              "Original Hash Batches": 1,
                              "Peak Memory Usage": 42976,
                              "Plans": [
                                {
                                  "Node Type": "Seq Scan",
                                  "Parent Relationship": "Outer",
                                  "Parallel Aware": true,
                                  "Relation Name": "title",
                                  "Alias": "t",
                                  "Startup Cost": 0.0,
                                  "Total Cost": 43899.32,
                                  "Plan Rows": 216793,
                                  "Plan Width": 4,
                                  "Actual Startup Time": 0.07,
                                  "Actual Total Time": 93.266,
                                  "Actual Rows": 126521,
                                  "Actual Loops": 7,
                                  "Filter": "(production_year < 1997)",
                                  "Rows Removed by Filter": 234666
                                }
                              ]
                            }
                          ]
                        }
                      ]
                    }
                  ]
                }
              ]
            }
          ]
        }
      ]
    },
    "Planning Time": 1.293,
    "Triggers": [],
    "Execution Time": 2682.523
  }
]