[
  {
    "Plan": {
      "Node Type": "Aggregate",
      "Strategy": "Plain",
      "Partial Mode": "Finalize",
      "Parallel Aware": false,
      "Startup Cost": 44404.98,
      "Total Cost": 44404.99,
      "Plan Rows": 1,
      "Plan Width": 8,
      "Actual Startup Time": 110.179,
      "Actual Total Time": 120.252,
      "Actual Rows": 1,
      "Actual Loops": 1,
      "Plans": [
        {
          "Node Type": "Gather",
          "Parent Relationship": "Outer",
          "Parallel Aware": false,
          "Startup Cost": 44404.67,
          "Total Cost": 44404.98,
          "Plan Rows": 3,
          "Plan Width": 8,
          "Actual Startup Time": 110.075,
          "Actual Total Time": 120.241,
          "Actual Rows": 4,
          "Actual Loops": 1,
          "Workers Planned": 3,
          "Workers Launched": 3,
          "Single Copy": false,
          "Plans": [
            {
              "Node Type": "Aggregate",
              "Strategy": "Plain",
              "Partial Mode": "Partial",
              "Parent Relationship": "Outer",
              "Parallel Aware": false,
              "Startup Cost": 43404.67,
              "Total Cost": 43404.68,
              "Plan Rows": 1,
              "Plan Width": 8,
              "Actual Startup Time": 103.152,
              "Actual Total Time": 103.153,
              "Actual Rows": 1,
              "Actual Loops": 4,
              "Plans": [
                {
                  "Node Type": "Seq Scan",
                  "Parent Relationship": "Outer",
                  "Parallel Aware": true,
                  "Relation Name": "movie_keyword",
                  "Alias": "mk",
                  "Startup Cost": 0.0,
                  "Total Cost": 42695.65,
                  "Plan Rows": 283605,
                  "Plan Width": 0,
                  "Actual Startup Time": 1.195,
                  "Actual Total Time": 93.058,
                  "Actual Rows": 218959,
                  "Actual Loops": 4,
                  "Filter": "(keyword_id > 21086)",
                  "Rows Removed by Filter": 912024
                }
              ]
            }
          ]
        }
      ]
    },
    "Planning Time": 0.143,
    "Triggers": [],
    "Execution Time": 120.306
  }
]