[
  {
    "Plan": {
      "Node Type": "Aggregate",
      "Strategy": "Plain",
      "Partial Mode": "Finalize",
      "Parallel Aware": false,
      "Startup Cost": 33204.36,
      "Total Cost": 33204.37,
      "Plan Rows": 1,
      "Plan Width": 8,
      "Actual Startup Time": 119.395,
      "Actual Total Time": 128.534,
      "Actual Rows": 1,
      "Actual Loops": 1,
      "Plans": [
        {
          "Node Type": "Gather",
          "Parent Relationship": "Outer",
          "Parallel Aware": false,
          "Startup Cost": 33204.04,
          "Total Cost": 33204.35,
          "Plan Rows": 3,
          "Plan Width": 8,
          "Actual Startup Time": 119.285,
          "Actual Total Time": 128.525,
          "Actual Rows": 4,
          "Actual Loops": 1,
          "Workers Planned": 3,
          "Workers Launched": 3,
          "Single Copy": false,
          "Plans": [
            {
              "Node Type": "Aggregate",
              "Strategy": "Plain",
              "Partial Mode": "Partial",
              "Parent Relationship": "Outer",
              "Parallel Aware": false,
              "Startup Cost": 32204.04,
              "Total Cost": 32204.05,
              "Plan Rows": 1,
              "Plan Width": 8,
              "Actual Startup Time": 110.849,
              "Actual Total Time": 110.85,
              "Actual Rows": 1,
              "Actual Loops": 4,
              "Plans": [
                {
                  "Node Type": "Seq Scan",
                  "Parent Relationship": "Outer",
                  "Parallel Aware": true,
                  "Relation Name": "movie_companies",
                  "Alias": "mc",
                  "Startup Cost": 0.0,
                  "Total Cost": 31414.82,
                  "Plan Rows": 315689,
                  "Plan Width": 0,
                  "Actual Startup Time": 0.049,
                  "Actual Total Time": 91.689,
                  "Actual Rows": 315059,
                  "Actual Loops": 4,
                  "Filter": "((company_id < 58833) AND (company_type_id = 1))",
                  "Rows Removed by Filter": 337223
                }
              ]
            }
          ]
        }
      ]
    },
    "Planning Time": 0.264,
    "Triggers": [],
    "Execution Time": 128.591
  }
]