[
    {
        "Bao": {
            "Bao prediction": "NaN",
            "Bao recommended hint": "(no hint)"
        }
    },
    {
        "Plan": {
            "Node Type": "Aggregate",
            "Strategy": "Plain",
            "Partial Mode": "Finalize",
            "Parallel Aware": false,
            "Startup Cost": 275385.64,
            "Total Cost": 275385.65,
            "Plan Rows": 1,
            "Plan Width": 8,
            "Actual Startup Time": 46.12,
            "Actual Total Time": 49.458,
            "Actual Rows": 1,
            "Actual Loops": 1,
            "Output": [
                "count(*)"
            ],
            "Plans": [
                {
                    "Node Type": "Gather",
                    "Parent Relationship": "Outer",
                    "Parallel Aware": false,
                    "Startup Cost": 275385.11,
                    "Total Cost": 275385.62,
                    "Plan Rows": 5,
                    "Plan Width": 8,
                    "Actual Startup Time": 45.888,
                    "Actual Total Time": 49.451,
                    "Actual Rows": 6,
                    "Actual Loops": 1,
                    "Output": [
                        "(PARTIAL count(*))"
                    ],
                    "Workers Planned": 5,
                    "Workers Launched": 5,
                    "Single Copy": false,
                    "Plans": [
                        {
                            "Node Type": "Aggregate",
                            "Strategy": "Plain",
                            "Partial Mode": "Partial",
                            "Parent Relationship": "Outer",
                            "Parallel Aware": false,
                            "Startup Cost": 274385.11,
                            "Total Cost": 274385.12,
                            "Plan Rows": 1,
                            "Plan Width": 8,
                            "Actual Startup Time": 36.03,
                            "Actual Total Time": 36.032,
                            "Actual Rows": 1,
                            "Actual Loops": 6,
                            "Output": [
                                "PARTIAL count(*)"
                            ],
                            "Workers": [
                                {
                                    "Worker Number": 0,
                                    "Actual Startup Time": 33.54,
                                    "Actual Total Time": 33.541,
                                    "Actual Rows": 1,
                                    "Actual Loops": 1
                                },
                                {
                                    "Worker Number": 1,
                                    "Actual Startup Time": 34.099,
                                    "Actual Total Time": 34.1,
                                    "Actual Rows": 1,
                                    "Actual Loops": 1
                                },
                                {
                                    "Worker Number": 2,
                                    "Actual Startup Time": 34.164,
                                    "Actual Total Time": 34.166,
                                    "Actual Rows": 1,
                                    "Actual Loops": 1
                                },
                                {
                                    "Worker Number": 3,
                                    "Actual Startup Time": 34.307,
                                    "Actual Total Time": 34.309,
                                    "Actual Rows": 1,
                                    "Actual Loops": 1
                                },
                                {
                                    "Worker Number": 4,
                                    "Actual Startup Time": 34.524,
                                    "Actual Total Time": 34.525,
                                    "Actual Rows": 1,
                                    "Actual Loops": 1
                                }
                            ],
                            "Plans": [
                                {
                                    "Node Type": "Bitmap Heap Scan",
                                    "Parent Relationship": "Outer",
                                    "Parallel Aware": true,
                                    "Relation Name": "cast_info",
                                    "Schema": "public",
                                    "Alias": "ci",
                                    "Startup Cost": 7127.34,
                                    "Total Cost": 274280.14,
                                    "Plan Rows": 41991,
                                    "Plan Width": 0,
                                    "Actual Startup Time": 4.817,
                                    "Actual Total Time": 31.292,
                                    "Actual Rows": 58094,
                                    "Actual Loops": 6,
                                    "Recheck Cond": "(ci.person_id > 3998064)",
                                    "Rows Removed by Index Recheck": 0,
                                    "Filter": "(ci.role_id > 1)",
                                    "Rows Removed by Filter": 0,
                                    "Exact Heap Blocks": 2077,
                                    "Lossy Heap Blocks": 0,
                                    "Workers": [
                                        {
                                            "Worker Number": 0,
                                            "Actual Startup Time": 2.598,
                                            "Actual Total Time": 29.108,
                                            "Actual Rows": 40697,
                                            "Actual Loops": 1
                                        },
                                        {
                                            "Worker Number": 1,
                                            "Actual Startup Time": 3.08,
                                            "Actual Total Time": 29.581,
                                            "Actual Rows": 39943,
                                            "Actual Loops": 1
                                        },
                                        {
                                            "Worker Number": 2,
                                            "Actual Startup Time": 2.984,
                                            "Actual Total Time": 29.767,
                                            "Actual Rows": 40145,
                                            "Actual Loops": 1
                                        },
                                        {
                                            "Worker Number": 3,
                                            "Actual Startup Time": 3.045,
                                            "Actual Total Time": 29.837,
                                            "Actual Rows": 38362,
                                            "Actual Loops": 1
                                        },
                                        {
                                            "Worker Number": 4,
                                            "Actual Startup Time": 3.25,
                                            "Actual Total Time": 30.138,
                                            "Actual Rows": 38281,
                                            "Actual Loops": 1
                                        }
                                    ],
                                    "Plans": [
                                        {
                                            "Node Type": "Bitmap Index Scan",
                                            "Parent Relationship": "Outer",
                                            "Parallel Aware": false,
                                            "Index Name": "person_id_cast_info",
                                            "Startup Cost": 0.0,
                                            "Total Cost": 7074.85,
                                            "Plan Rows": 324038,
                                            "Plan Width": 0,
                                            "Actual Startup Time": 13.223,
                                            "Actual Total Time": 13.224,
                                            "Actual Rows": 348565,
                                            "Actual Loops": 1,
                                            "Index Cond": "(ci.person_id > 3998064)"
                                        }
                                    ]
                                }
                            ]
                        }
                    ]
                }
            ]
        },
        "Planning Time": 177.828,
        "Triggers": [],
        "Execution Time": 49.506
    }
]