[
  {
    "Plan": {
      "Node Type": "Aggregate",
      "Strategy": "Plain",
      "Partial Mode": "Finalize",
      "Parallel Aware": false,
      "Startup Cost": 76555.82,
      "Total Cost": 76555.83,
      "Plan Rows": 1,
      "Plan Width": 8,
      "Actual Startup Time": 346.069,
      "Actual Total Time": 363.103,
      "Actual Rows": 1,
      "Actual Loops": 1,
      "Plans": [
        {
          "Node Type": "Gather",
          "Parent Relationship": "Outer",
          "Parallel Aware": false,
          "Startup Cost": 76555.5,
          "Total Cost": 76555.81,
          "Plan Rows": 3,
          "Plan Width": 8,
          "Actual Startup Time": 343.893,
          "Actual Total Time": 363.09,
          "Actual Rows": 4,
          "Actual Loops": 1,
          "Workers Planned": 3,
          "Workers Launched": 3,
          "Single Copy": false,
          "Plans": [
            {
              "Node Type": "Aggregate",
              "Strategy": "Plain",
              "Partial Mode": "Partial",
              "Parent Relationship": "Outer",
              "Parallel Aware": false,
              "Startup Cost": 75555.5,
              "Total Cost": 75555.51,
              "Plan Rows": 1,
              "Plan Width": 8,
              "Actual Startup Time": 335.998,
              "Actual Total Time": 336.07,
              "Actual Rows": 1,
              "Actual Loops": 4,
              "Plans": [
                {
                  "Node Type": "Hash Join",
                  "Parent Relationship": "Outer",
                  "Parallel Aware": true,
                  "Join Type": "Inner",
                  "Startup Cost": 46000.7,
                  "Total Cost": 75416.59,
                  "Plan Rows": 55565,
                  "Plan Width": 0,
                  "Actual Startup Time": 172.202,
                  "Actual Total Time": 327.885,
                  "Actual Rows": 159878,
                  "Actual Loops": 4,
                  "Inner Unique": true,
                  "Hash Cond": "(mc.movie_id = t.id)",
                  "Plans": [
                    {
                      "Node Type": "Seq Scan",
                      "Parent Relationship": "Outer",
                      "Parallel Aware": true,
                      "Relation Name": "movie_companies",
                      "Alias": "mc",
                      "Startup Cost": 0.0,
                      "Total Cost": 27206.55,
                      "Plan Rows": 841655,
                      "Plan Width": 4,
                      "Actual Startup Time": 0.017,
                      "Actual Total Time": 65.432,
                      "Actual Rows": 652282,
                      "Actual Loops": 4
                    },
                    {
                      "Node Type": "Hash",
                      "Parent Relationship": "Inner",
                      "Parallel Aware": true,
                      "Startup Cost": 45479.1,
                      "Total Cost": 45479.1,
                      "Plan Rows": 41728,
                      "Plan Width": 4,
                      "Actual Startup Time": 139.584,
                      "Actual Total Time": 139.584,
                      "Actual Rows": 76442,
                      "Actual Loops": 4,
                      "Hash Buckets": 524288,
                      "Original Hash Buckets": 262144,
                      "Hash Batches": 1,
                      "Original Hash Batches": 1,
                      "Peak Memory Usage": 18176,
                      "Plans": [
                        {
                          "Node Type": "Seq Scan",
                          "Parent Relationship": "Outer",
                          "Parallel Aware": true,
                          "Relation Name": "title",
                          "Alias": "t",
                          "Startup Cost": 0.0,
                          "Total Cost": 45479.1,
                          "Plan Rows": 41728,
                          "Plan Width": 4,
                          "Actual Startup Time": 62.861,
                          "Actual Total Time": 107.172,
                          "Actual Rows": 76442,
                          "Actual Loops": 4,
                          "Filter": "((production_year < 1988) AND (kind_id = 1))",
                          "Rows Removed by Filter": 555636
                        }
                      ]
                    }
                  ]
                }
              ]
            }
          ]
        }
      ]
    },
    "Planning Time": 0.536,
    "Triggers": [],
    "Execution Time": 363.165
  }
]