{
    "Plan": {
        "Node Type": "Aggregate",
        "Strategy": "Plain",
        "Partial Mode": "Finalize",
        "Parallel Aware": false,
        "Startup Cost": 90302.55,
        "Total Cost": 90302.56,
        "Plan Rows": 1,
        "Plan Width": 8,
        "Actual Startup Time": 309.149,
        "Actual Total Time": 332.739,
        "Actual Rows": 1,
        "Actual Loops": 1,
        "Output": [
            "count(*)"
        ],
        "Plans": [
            {
                "Node Type": "Gather",
                "Parent Relationship": "Outer",
                "Parallel Aware": false,
                "Startup Cost": 90302.24,
                "Total Cost": 90302.55,
                "Plan Rows": 3,
                "Plan Width": 8,
                "Actual Startup Time": 308.374,
                "Actual Total Time": 332.729,
                "Actual Rows": 4,
                "Actual Loops": 1,
                "Output": [
                    "(PARTIAL count(*))"
                ],
                "Workers Planned": 3,
                "Workers Launched": 3,
                "Single Copy": false,
                "Plans": [
                    {
                        "Node Type": "Aggregate",
                        "Strategy": "Plain",
                        "Partial Mode": "Partial",
                        "Parent Relationship": "Outer",
                        "Parallel Aware": false,
                        "Startup Cost": 89302.24,
                        "Total Cost": 89302.25,
                        "Plan Rows": 1,
                        "Plan Width": 8,
                        "Actual Startup Time": 299.453,
                        "Actual Total Time": 299.456,
                        "Actual Rows": 1,
                        "Actual Loops": 4,
                        "Output": [
                            "PARTIAL count(*)"
                        ],
                        "Workers": [
                            {
                                "Worker Number": 0,
                                "Actual Startup Time": 296.579,
                                "Actual Total Time": 296.581,
                                "Actual Rows": 1,
                                "Actual Loops": 1
                            },
                            {
                                "Worker Number": 1,
                                "Actual Startup Time": 296.577,
                                "Actual Total Time": 296.58,
                                "Actual Rows": 1,
                                "Actual Loops": 1
                            },
                            {
                                "Worker Number": 2,
                                "Actual Startup Time": 297.017,
                                "Actual Total Time": 297.02,
                                "Actual Rows": 1,
                                "Actual Loops": 1
                            }
                        ],
                        "Plans": [
                            {
                                "Node Type": "Hash Join",
                                "Parent Relationship": "Outer",
                                "Parallel Aware": true,
                                "Join Type": "Inner",
                                "Startup Cost": 46125.66,
                                "Total Cost": 89003.74,
                                "Plan Rows": 119399,
                                "Plan Width": 0,
                                "Actual Startup Time": 109.444,
                                "Actual Total Time": 298.816,
                                "Actual Rows": 15722,
                                "Actual Loops": 4,
                                "Inner Unique": true,
                                "Hash Cond": "(mk.movie_id = t.id)",
                                "Workers": [
                                    {
                                        "Worker Number": 0,
                                        "Actual Startup Time": 107.017,
                                        "Actual Total Time": 295.999,
                                        "Actual Rows": 14708,
                                        "Actual Loops": 1
                                    },
                                    {
                                        "Worker Number": 1,
                                        "Actual Startup Time": 106.537,
                                        "Actual Total Time": 295.977,
                                        "Actual Rows": 14964,
                                        "Actual Loops": 1
                                    },
                                    {
                                        "Worker Number": 2,
                                        "Actual Startup Time": 106.625,
                                        "Actual Total Time": 296.402,
                                        "Actual Rows": 14906,
                                        "Actual Loops": 1
                                    }
                                ],
                                "Plans": [
                                    {
                                        "Node Type": "Seq Scan",
                                        "Parent Relationship": "Outer",
                                        "Parallel Aware": true,
                                        "Relation Name": "movie_keyword",
                                        "Schema": "public",
                                        "Alias": "mk",
                                        "Startup Cost": 0.0,
                                        "Total Cost": 39047.32,
                                        "Plan Rows": 1459332,
                                        "Plan Width": 4,
                                        "Actual Startup Time": 0.012,
                                        "Actual Total Time": 102.009,
                                        "Actual Rows": 1130982,
                                        "Actual Loops": 4,
                                        "Output": [
                                            "mk.id",
                                            "mk.movie_id",
                                            "mk.keyword_id"
                                        ],
                                        "Workers": [
                                            {
                                                "Worker Number": 0,
                                                "Actual Startup Time": 0.009,
                                                "Actual Total Time": 105.532,
                                                "Actual Rows": 1108150,
                                                "Actual Loops": 1
                                            },
                                            {
                                                "Worker Number": 1,
                                                "Actual Startup Time": 0.015,
                                                "Actual Total Time": 105.633,
                                                "Actual Rows": 1112530,
                                                "Actual Loops": 1
                                            },
                                            {
                                                "Worker Number": 2,
                                                "Actual Startup Time": 0.016,
                                                "Actual Total Time": 106.228,
                                                "Actual Rows": 1056350,
                                                "Actual Loops": 1
                                            }
                                        ]
                                    },
                                    {
                                        "Node Type": "Hash",
                                        "Parent Relationship": "Inner",
                                        "Parallel Aware": true,
                                        "Startup Cost": 45479.21,
                                        "Total Cost": 45479.21,
                                        "Plan Rows": 51716,
                                        "Plan Width": 4,
                                        "Actual Startup Time": 106.388,
                                        "Actual Total Time": 106.389,
                                        "Actual Rows": 26038,
                                        "Actual Loops": 4,
                                        "Output": [
                                            "t.id"
                                        ],
                                        "Hash Buckets": 262144,
                                        "Original Hash Buckets": 262144,
                                        "Hash Batches": 1,
                                        "Original Hash Batches": 1,
                                        "Peak Memory Usage": 6176,
                                        "Workers": [
                                            {
                                                "Worker Number": 0,
                                                "Actual Startup Time": 105.372,
                                                "Actual Total Time": 105.373,
                                                "Actual Rows": 23678,
                                                "Actual Loops": 1
                                            },
                                            {
                                                "Worker Number": 1,
                                                "Actual Startup Time": 105.418,
                                                "Actual Total Time": 105.419,
                                                "Actual Rows": 23788,
                                                "Actual Loops": 1
                                            },
                                            {
                                                "Worker Number": 2,
                                                "Actual Startup Time": 105.9,
                                                "Actual Total Time": 105.901,
                                                "Actual Rows": 22813,
                                                "Actual Loops": 1
                                            }
                                        ],
                                        "Plans": [
                                            {
                                                "Node Type": "Seq Scan",
                                                "Parent Relationship": "Outer",
                                                "Parallel Aware": true,
                                                "Relation Name": "title",
                                                "Schema": "public",
                                                "Alias": "t",
                                                "Startup Cost": 0.0,
                                                "Total Cost": 45479.21,
                                                "Plan Rows": 51716,
                                                "Plan Width": 4,
                                                "Actual Startup Time": 0.064,
                                                "Actual Total Time": 95.372,
                                                "Actual Rows": 26038,
                                                "Actual Loops": 4,
                                                "Output": [
                                                    "t.id"
                                                ],
                                                "Filter": "((t.production_year < 1968) AND (t.kind_id = 7))",
                                                "Rows Removed by Filter": 606040,
                                                "Workers": [
                                                    {
                                                        "Worker Number": 0,
                                                        "Actual Startup Time": 0.076,
                                                        "Actual Total Time": 94.791,
                                                        "Actual Rows": 23678,
                                                        "Actual Loops": 1
                                                    },
                                                    {
                                                        "Worker Number": 1,
                                                        "Actual Startup Time": 0.073,
                                                        "Actual Total Time": 94.805,
                                                        "Actual Rows": 23788,
                                                        "Actual Loops": 1
                                                    },
                                                    {
                                                        "Worker Number": 2,
                                                        "Actual Startup Time": 0.08,
                                                        "Actual Total Time": 95.771,
                                                        "Actual Rows": 22813,
                                                        "Actual Loops": 1
                                                    }
                                                ]
                                            }
                                        ]
                                    }
                                ]
                            }
                        ]
                    }
                ]
            }
        ]
    },
    "Planning Time": 0.723,
    "Triggers": [],
    "Execution Time": 332.819
}