{
  "Plan": {
    "Node Type": "Aggregate",
    "Strategy": "Plain",
    "Partial Mode": "Finalize",
    "Parallel Aware": false,
    "Startup Cost": 394855.76,
    "Total Cost": 394855.77,
    "Plan Rows": 1,
    "Plan Width": 8,
    "Actual Startup Time": 2912.719,
    "Actual Total Time": 2967.695,
    "Actual Rows": 1,
    "Actual Loops": 1,
    "Plans": [
      {
        "Node Type": "Gather",
        "Parent Relationship": "Outer",
        "Parallel Aware": false,
        "Startup Cost": 394855.65,
        "Total Cost": 394855.76,
        "Plan Rows": 1,
        "Plan Width": 8,
        "Actual Startup Time": 2907.021,
        "Actual Total Time": 2967.684,
        "Actual Rows": 2,
        "Actual Loops": 1,
        "Workers Planned": 1,
        "Workers Launched": 1,
        "Single Copy": false,
        "Plans": [
          {
            "Node Type": "Aggregate",
            "Strategy": "Plain",
            "Partial Mode": "Partial",
            "Parent Relationship": "Outer",
            "Parallel Aware": false,
            "Startup Cost": 393855.65,
            "Total Cost": 393855.66,
            "Plan Rows": 1,
            "Plan Width": 8,
            "Actual Startup Time": 2901.204,
            "Actual Total Time": 2901.478,
            "Actual Rows": 1,
            "Actual Loops": 2,
            "Plans": [
              {
                "Node Type": "Hash Join",
                "Parent Relationship": "Outer",
                "Parallel Aware": true,
                "Join Type": "Inner",
                "Startup Cost": 104298.47,
                "Total Cost": 391472.54,
                "Plan Rows": 953242,
                "Plan Width": 0,
                "Actual Startup Time": 657.586,
                "Actual Total Time": 2581.258,
                "Actual Rows": 8054807,
                "Actual Loops": 2,
                "Inner Unique": false,
                "Hash Cond": "(mi.movie_id = t.id)",
                "Plans": [
                  {
                    "Node Type": "Seq Scan",
                    "Parent Relationship": "Outer",
                    "Parallel Aware": true,
                    "Relation Name": "movie_info",
                    "Alias": "mi",
                    "Startup Cost": 0.0,
                    "Total Cost": 248955.74,
                    "Plan Rows": 8696274,
                    "Plan Width": 4,
                    "Actual Startup Time": 0.015,
                    "Actual Total Time": 611.72,
                    "Actual Rows": 7417860,
                    "Actual Loops": 2
                  },
                  {
                    "Node Type": "Hash",
                    "Parent Relationship": "Inner",
                    "Parallel Aware": true,
                    "Startup Cost": 102260.68,
                    "Total Cost": 102260.68,
                    "Plan Rows": 163023,
                    "Plan Width": 8,
                    "Actual Startup Time": 647.512,
                    "Actual Total Time": 647.784,
                    "Actual Rows": 136866,
                    "Actual Loops": 2,
                    "Hash Buckets": 524288,
                    "Original Hash Buckets": 524288,
                    "Hash Batches": 1,
                    "Original Hash Batches": 1,
                    "Peak Memory Usage": 14848,
                    "Plans": [
                      {
                        "Node Type": "Hash Join",
                        "Parent Relationship": "Outer",
                        "Parallel Aware": true,
                        "Join Type": "Inner",
                        "Startup Cost": 75340.96,
                        "Total Cost": 102260.68,
                        "Plan Rows": 163023,
                        "Plan Width": 8,
                        "Actual Startup Time": 529.281,
                        "Actual Total Time": 618.701,
                        "Actual Rows": 136866,
                        "Actual Loops": 2,
                        "Inner Unique": true,
                        "Hash Cond": "(mk.movie_id = t.id)",
                        "Plans": [
                          {
                            "Node Type": "Bitmap Heap Scan",
                            "Parent Relationship": "Outer",
                            "Parallel Aware": true,
                            "Relation Name": "movie_keyword",
                            "Alias": "mk",
                            "Startup Cost": 5880.26,
                            "Total Cost": 32372.05,
                            "Plan Rows": 163023,
                            "Plan Width": 4,
                            "Actual Startup Time": 19.236,
                            "Actual Total Time": 68.119,
                            "Actual Rows": 136866,
                            "Actual Loops": 2,
                            "Recheck Cond": "(keyword_id > 57842)",
                            "Rows Removed by Index Recheck": 0,
                            "Exact Heap Blocks": 12110,
                            "Lossy Heap Blocks": 0,
                            "Plans": [
                              {
                                "Node Type": "Bitmap Index Scan",
                                "Parent Relationship": "Outer",
                                "Parallel Aware": false,
                                "Index Name": "keyword_id_movie_keyword",
                                "Startup Cost": 0.0,
                                "Total Cost": 5810.97,
                                "Plan Rows": 277139,
                                "Plan Width": 0,
                                "Actual Startup Time": 14.121,
                                "Actual Total Time": 14.122,
                                "Actual Rows": 273732,
                                "Actual Loops": 1,
                                "Index Cond": "(keyword_id > 57842)"
                              }
                            ]
                          },
                          {
                            "Node Type": "Hash",
                            "Parent Relationship": "Inner",
                            "Parallel Aware": true,
                            "Startup Cost": 50870.31,
                            "Total Cost": 50870.31,
                            "Plan Rows": 1487231,
                            "Plan Width": 4,
                            "Actual Startup Time": 492.37,
                            "Actual Total Time": 492.371,
                            "Actual Rows": 1264156,
                            "Actual Loops": 2,
                            "Hash Buckets": 4194304,
                            "Original Hash Buckets": 4194304,
                            "Hash Batches": 1,
                            "Original Hash Batches": 1,
                            "Peak Memory Usage": 131712,
                            "Plans": [
                              {
                                "Node Type": "Seq Scan",
                                "Parent Relationship": "Outer",
                                "Parallel Aware": true,
                                "Relation Name": "title",
                                "Alias": "t",
                                "Startup Cost": 0.0,
                                "Total Cost": 50870.31,
                                "Plan Rows": 1487231,
                                "Plan Width": 4,
                                "Actual Startup Time": 0.029,
                                "Actual Total Time": 149.286,
                                "Actual Rows": 1264156,
                                "Actual Loops": 2
                              }
                            ]
                          }
                        ]
                      }
                    ]
                  }
                ]
              }
            ]
          }
        ]
      }
    ]
  },
  "Planning Time": 0.835,
  "Triggers": [],
  "Execution Time": 2967.808
}