[
  {
    "Plan": {
      "Node Type": "Aggregate",
      "Strategy": "Plain",
      "Partial Mode": "Finalize",
      "Parallel Aware": false,
      "Startup Cost": 81026.38,
      "Total Cost": 81026.39,
      "Plan Rows": 1,
      "Plan Width": 8,
      "Actual Startup Time": 393.011,
      "Actual Total Time": 409.511,
      "Actual Rows": 1,
      "Actual Loops": 1,
      "Plans": [
        {
          "Node Type": "Gather",
          "Parent Relationship": "Outer",
          "Parallel Aware": false,
          "Startup Cost": 81025.96,
          "Total Cost": 81026.37,
          "Plan Rows": 4,
          "Plan Width": 8,
          "Actual Startup Time": 386.058,
          "Actual Total Time": 409.504,
          "Actual Rows": 5,
          "Actual Loops": 1,
          "Workers Planned": 4,
          "Workers Launched": 4,
          "Single Copy": false,
          "Plans": [
            {
              "Node Type": "Aggregate",
              "Strategy": "Plain",
              "Partial Mode": "Partial",
              "Parent Relationship": "Outer",
              "Parallel Aware": false,
              "Startup Cost": 80025.96,
              "Total Cost": 80025.97,
              "Plan Rows": 1,
              "Plan Width": 8,
              "Actual Startup Time": 376.208,
              "Actual Total Time": 376.22,
              "Actual Rows": 1,
              "Actual Loops": 5,
              "Plans": [
                {
                  "Node Type": "Hash Join",
                  "Parent Relationship": "Outer",
                  "Parallel Aware": true,
                  "Join Type": "Inner",
                  "Startup Cost": 33175.02,
                  "Total Cost": 79426.99,
                  "Plan Rows": 239589,
                  "Plan Width": 0,
                  "Actual Startup Time": 143.919,
                  "Actual Total Time": 367.395,
                  "Actual Rows": 193908,
                  "Actual Loops": 5,
                  "Inner Unique": false,
                  "Hash Cond": "(t.id = mc.movie_id)",
                  "Plans": [
                    {
                      "Node Type": "Seq Scan",
                      "Parent Relationship": "Outer",
                      "Parallel Aware": true,
                      "Relation Name": "title",
                      "Alias": "t",
                      "Startup Cost": 0.0,
                      "Total Cost": 42318.73,
                      "Plan Rows": 632073,
                      "Plan Width": 4,
                      "Actual Startup Time": 0.011,
                      "Actual Total Time": 66.895,
                      "Actual Rows": 505662,
                      "Actual Loops": 5
                    },
                    {
                      "Node Type": "Hash",
                      "Parent Relationship": "Inner",
                      "Parallel Aware": true,
                      "Startup Cost": 29310.68,
                      "Total Cost": 29310.68,
                      "Plan Rows": 309147,
                      "Plan Width": 4,
                      "Actual Startup Time": 139.641,
                      "Actual Total Time": 139.641,
                      "Actual Rows": 193908,
                      "Actual Loops": 5,
                      "Hash Buckets": 1048576,
                      "Original Hash Buckets": 1048576,
                      "Hash Batches": 1,
                      "Original Hash Batches": 1,
                      "Peak Memory Usage": 46176,
                      "Plans": [
                        {
                          "Node Type": "Seq Scan",
                          "Parent Relationship": "Outer",
                          "Parallel Aware": true,
                          "Relation Name": "movie_companies",
                          "Alias": "mc",
                          "Startup Cost": 0.0,
                          "Total Cost": 29310.68,
                          "Plan Rows": 309147,
                          "Plan Width": 4,
                          "Actual Startup Time": 21.127,
                          "Actual Total Time": 76.217,
                          "Actual Rows": 193908,
                          "Actual Loops": 5,
                          "Filter": "(company_id > 17723)",
                          "Rows Removed by Filter": 327918
                        }
                      ]
                    }
                  ]
                }
              ]
            }
          ]
        }
      ]
    },
    "Planning Time": 0.6,
    "Triggers": [],
    "Execution Time": 409.583
  }
]