[
  {
    "Plan": {
      "Node Type": "Aggregate",
      "Strategy": "Plain",
      "Partial Mode": "Finalize",
      "Parallel Aware": false,
      "Startup Cost": 332898.76,
      "Total Cost": 332898.77,
      "Plan Rows": 1,
      "Plan Width": 8,
      "Actual Startup Time": 676.395,
      "Actual Total Time": 721.943,
      "Actual Rows": 1,
      "Actual Loops": 1,
      "Plans": [
        {
          "Node Type": "Gather",
          "Parent Relationship": "Outer",
          "Parallel Aware": false,
          "Startup Cost": 332898.14,
          "Total Cost": 332898.75,
          "Plan Rows": 6,
          "Plan Width": 8,
          "Actual Startup Time": 676.184,
          "Actual Total Time": 721.924,
          "Actual Rows": 7,
          "Actual Loops": 1,
          "Workers Planned": 6,
          "Workers Launched": 6,
          "Single Copy": false,
          "Plans": [
            {
              "Node Type": "Aggregate",
              "Strategy": "Plain",
              "Partial Mode": "Partial",
              "Parent Relationship": "Outer",
              "Parallel Aware": false,
              "Startup Cost": 331898.14,
              "Total Cost": 331898.15,
              "Plan Rows": 1,
              "Plan Width": 8,
              "Actual Startup Time": 667.393,
              "Actual Total Time": 667.395,
              "Actual Rows": 1,
              "Actual Loops": 7,
              "Plans": [
                {
                  "Node Type": "Seq Scan",
                  "Parent Relationship": "Outer",
                  "Parallel Aware": true,
                  "Relation Name": "cast_info",
                  "Alias": "ci",
                  "Startup Cost": 0.0,
                  "Total Cost": 328211.39,
                  "Plan Rows": 1474698,
                  "Plan Width": 0,
                  "Actual Startup Time": 0.062,
                  "Actual Total Time": 598.216,
                  "Actual Rows": 1269448,
                  "Actual Loops": 7,
                  "Filter": "(person_id < 874716)",
                  "Rows Removed by Filter": 3908316
                }
              ]
            }
          ]
        }
      ]
    },
    "Planning Time": 0.076,
    "Triggers": [],
    "Execution Time": 721.982
  }
]