[
  {
    "Plan": {
      "Node Type": "Aggregate",
      "Strategy": "Plain",
      "Partial Mode": "Finalize",
      "Parallel Aware": false,
      "Startup Cost": 332809.66,
      "Total Cost": 332809.67,
      "Plan Rows": 1,
      "Plan Width": 8,
      "Actual Startup Time": 741.432,
      "Actual Total Time": 806.741,
      "Actual Rows": 1,
      "Actual Loops": 1,
      "Plans": [
        {
          "Node Type": "Gather",
          "Parent Relationship": "Outer",
          "Parallel Aware": false,
          "Startup Cost": 332809.04,
          "Total Cost": 332809.65,
          "Plan Rows": 6,
          "Plan Width": 8,
          "Actual Startup Time": 741.306,
          "Actual Total Time": 806.731,
          "Actual Rows": 7,
          "Actual Loops": 1,
          "Workers Planned": 6,
          "Workers Launched": 6,
          "Single Copy": false,
          "Plans": [
            {
              "Node Type": "Aggregate",
              "Strategy": "Plain",
              "Partial Mode": "Partial",
              "Parent Relationship": "Outer",
              "Parallel Aware": false,
              "Startup Cost": 331809.04,
              "Total Cost": 331809.05,
              "Plan Rows": 1,
              "Plan Width": 8,
              "Actual Startup Time": 730.912,
              "Actual Total Time": 730.914,
              "Actual Rows": 1,
              "Actual Loops": 7,
              "Plans": [
                {
                  "Node Type": "Seq Scan",
                  "Parent Relationship": "Outer",
                  "Parallel Aware": true,
                  "Relation Name": "cast_info",
                  "Alias": "ci",
                  "Startup Cost": 0.0,
                  "Total Cost": 328162.03,
                  "Plan Rows": 1458804,
                  "Plan Width": 0,
                  "Actual Startup Time": 0.048,
                  "Actual Total Time": 659.973,
                  "Actual Rows": 1269448,
                  "Actual Loops": 7,
                  "Filter": "(person_id < 874716)",
                  "Rows Removed by Filter": 3908316
                }
              ]
            }
          ]
        }
      ]
    },
    "Planning Time": 0.221,
    "Triggers": [],
    "Execution Time": 806.809
  }
]