[
  {
    "Plan": {
      "Node Type": "Aggregate",
      "Strategy": "Plain",
      "Partial Mode": "Finalize",
      "Parallel Aware": false,
      "Startup Cost": 295689.68,
      "Total Cost": 295689.69,
      "Plan Rows": 1,
      "Plan Width": 8,
      "Actual Startup Time": 1162.983,
      "Actual Total Time": 1225.546,
      "Actual Rows": 1,
      "Actual Loops": 1,
      "Plans": [
        {
          "Node Type": "Gather",
          "Parent Relationship": "Outer",
          "Parallel Aware": false,
          "Startup Cost": 295689.16,
          "Total Cost": 295689.67,
          "Plan Rows": 5,
          "Plan Width": 8,
          "Actual Startup Time": 1127.777,
          "Actual Total Time": 1225.532,
          "Actual Rows": 6,
          "Actual Loops": 1,
          "Workers Planned": 5,
          "Workers Launched": 5,
          "Single Copy": false,
          "Plans": [
            {
              "Node Type": "Aggregate",
              "Strategy": "Plain",
              "Partial Mode": "Partial",
              "Parent Relationship": "Outer",
              "Parallel Aware": false,
              "Startup Cost": 294689.16,
              "Total Cost": 294689.17,
              "Plan Rows": 1,
              "Plan Width": 8,
              "Actual Startup Time": 1116.437,
              "Actual Total Time": 1116.586,
              "Actual Rows": 1,
              "Actual Loops": 6,
              "Plans": [
                {
                  "Node Type": "Hash Join",
                  "Parent Relationship": "Outer",
                  "Parallel Aware": true,
                  "Join Type": "Inner",
                  "Startup Cost": 92101.76,
                  "Total Cost": 294278.18,
                  "Plan Rows": 164394,
                  "Plan Width": 0,
                  "Actual Startup Time": 594.057,
                  "Actual Total Time": 1094.871,
                  "Actual Rows": 379878,
                  "Actual Loops": 6,
                  "Inner Unique": false,
                  "Hash Cond": "(mi.movie_id = t.id)",
                  "Plans": [
                    {
                      "Node Type": "Seq Scan",
                      "Parent Relationship": "Outer",
                      "Parallel Aware": true,
                      "Relation Name": "movie_info",
                      "Alias": "mi",
                      "Startup Cost": 0.0,
                      "Total Cost": 198952.16,
                      "Plan Rows": 718388,
                      "Plan Width": 4,
                      "Actual Startup Time": 36.901,
                      "Actual Total Time": 386.218,
                      "Actual Rows": 604163,
                      "Actual Loops": 6,
                      "Filter": "(info_type_id < 4)",
                      "Rows Removed by Filter": 1868457
                    },
                    {
                      "Node Type": "Hash",
                      "Parent Relationship": "Inner",
                      "Parallel Aware": true,
                      "Startup Cost": 89768.82,
                      "Total Cost": 89768.82,
                      "Plan Rows": 186635,
                      "Plan Width": 8,
                      "Actual Startup Time": 548.354,
                      "Actual Total Time": 548.501,
                      "Actual Rows": 94536,
                      "Actual Loops": 6,
                      "Hash Buckets": 1048576,
                      "Original Hash Buckets": 1048576,
                      "Hash Batches": 1,
                      "Original Hash Batches": 1,
                      "Peak Memory Usage": 30464,
                      "Plans": [
                        {
                          "Node Type": "Hash Join",
                          "Parent Relationship": "Outer",
                          "Parallel Aware": true,
                          "Join Type": "Inner",
                          "Startup Cost": 62491.97,
                          "Total Cost": 89768.82,
                          "Plan Rows": 186635,
                          "Plan Width": 8,
                          "Actual Startup Time": 397.687,
                          "Actual Total Time": 504.062,
                          "Actual Rows": 94536,
                          "Actual Loops": 6,
                          "Inner Unique": true,
                          "Hash Cond": "(mk.movie_id = t.id)",
                          "Plans": [
                            {
                              "Node Type": "Bitmap Heap Scan",
                              "Parent Relationship": "Outer",
                              "Parallel Aware": true,
                              "Relation Name": "movie_keyword",
                              "Alias": "mk",
                              "Startup Cost": 12272.33,
                              "Total Cost": 39059.26,
                              "Plan Rows": 186635,
                              "Plan Width": 4,
                              "Actual Startup Time": 59.17,
                              "Actual Total Time": 118.948,
                              "Actual Rows": 94536,
                              "Actual Loops": 6,
                              "Recheck Cond": "(keyword_id > 32360)",
                              "Rows Removed by Index Recheck": 0,
                              "Exact Heap Blocks": 5758,
                              "Lossy Heap Blocks": 0,
                              "Plans": [
                                {
                                  "Node Type": "Bitmap Index Scan",
                                  "Parent Relationship": "Outer",
                                  "Parallel Aware": false,
                                  "Index Name": "keyword_id_movie_keyword",
                                  "Startup Cost": 0.0,
                                  "Total Cost": 12127.68,
                                  "Plan Rows": 578567,
                                  "Plan Width": 0,
                                  "Actual Startup Time": 53.452,
                                  "Actual Total Time": 53.453,
                                  "Actual Rows": 567218,
                                  "Actual Loops": 1,
                                  "Index Cond": "(keyword_id > 32360)"
                                }
                              ]
                            },
                            {
                              "Node Type": "Hash",
                              "Parent Relationship": "Inner",
                              "Parallel Aware": true,
                              "Startup Cost": 42318.73,
                              "Total Cost": 42318.73,
                              "Plan Rows": 632073,
                              "Plan Width": 4,
                              "Actual Startup Time": 333.102,
                              "Actual Total Time": 333.103,
                              "Actual Rows": 421385,
                              "Actual Loops": 6,
                              "Hash Buckets": 4194304,
                              "Original Hash Buckets": 4194304,
                              "Hash Batches": 1,
                              "Original Hash Batches": 1,
                              "Peak Memory Usage": 131776,
                              "Plans": [
                                {
                                  "Node Type": "Seq Scan",
                                  "Parent Relationship": "Outer",
                                  "Parallel Aware": true,
                                  "Relation Name": "title",
                                  "Alias": "t",
                                  "Startup Cost": 0.0,
                                  "Total Cost": 42318.73,
                                  "Plan Rows": 632073,
                                  "Plan Width": 4,
                                  "Actual Startup Time": 0.043,
                                  "Actual Total Time": 95.918,
                                  "Actual Rows": 421385,
                                  "Actual Loops": 6
                                }
                              ]
                            }
                          ]
                        }
                      ]
                    }
                  ]
                }
              ]
            }
          ]
        }
      ]
    },
    "Planning Time": 1.474,
    "Triggers": [],
    "Execution Time": 1225.662
  }
]