[
  {
    "Plan": {
      "Node Type": "Aggregate",
      "Strategy": "Plain",
      "Partial Mode": "Finalize",
      "Parallel Aware": false,
      "Startup Cost": 33031.4,
      "Total Cost": 33031.41,
      "Plan Rows": 1,
      "Plan Width": 8,
      "Actual Startup Time": 99.348,
      "Actual Total Time": 109.861,
      "Actual Rows": 1,
      "Actual Loops": 1,
      "Plans": [
        {
          "Node Type": "Gather",
          "Parent Relationship": "Outer",
          "Parallel Aware": false,
          "Startup Cost": 33031.09,
          "Total Cost": 33031.4,
          "Plan Rows": 3,
          "Plan Width": 8,
          "Actual Startup Time": 99.25,
          "Actual Total Time": 109.85,
          "Actual Rows": 4,
          "Actual Loops": 1,
          "Workers Planned": 3,
          "Workers Launched": 3,
          "Single Copy": false,
          "Plans": [
            {
              "Node Type": "Aggregate",
              "Strategy": "Plain",
              "Partial Mode": "Partial",
              "Parent Relationship": "Outer",
              "Parallel Aware": false,
              "Startup Cost": 32031.09,
              "Total Cost": 32031.1,
              "Plan Rows": 1,
              "Plan Width": 8,
              "Actual Startup Time": 94.937,
              "Actual Total Time": 94.938,
              "Actual Rows": 1,
              "Actual Loops": 4,
              "Plans": [
                {
                  "Node Type": "Seq Scan",
                  "Parent Relationship": "Outer",
                  "Parallel Aware": true,
                  "Relation Name": "movie_companies",
                  "Alias": "mc",
                  "Startup Cost": 0.0,
                  "Total Cost": 31414.82,
                  "Plan Rows": 246507,
                  "Plan Width": 0,
                  "Actual Startup Time": 47.402,
                  "Actual Total Time": 87.865,
                  "Actual Rows": 119528,
                  "Actual Loops": 4,
                  "Filter": "((company_id < 14002) AND (company_type_id = 2))",
                  "Rows Removed by Filter": 532754
                }
              ]
            }
          ]
        }
      ]
    },
    "Planning Time": 0.243,
    "Triggers": [],
    "Execution Time": 109.925
  }
]