[
  {
    "Plan": {
      "Node Type": "Aggregate",
      "Strategy": "Plain",
      "Partial Mode": "Finalize",
      "Parallel Aware": false,
      "Startup Cost": 328192.3,
      "Total Cost": 328192.31,
      "Plan Rows": 1,
      "Plan Width": 8,
      "Actual Startup Time": 3400.06,
      "Actual Total Time": 3466.208,
      "Actual Rows": 1,
      "Actual Loops": 1,
      "Plans": [
        {
          "Node Type": "Gather",
          "Parent Relationship": "Outer",
          "Parallel Aware": false,
          "Startup Cost": 328191.99,
          "Total Cost": 328192.3,
          "Plan Rows": 3,
          "Plan Width": 8,
          "Actual Startup Time": 3369.183,
          "Actual Total Time": 3466.196,
          "Actual Rows": 4,
          "Actual Loops": 1,
          "Workers Planned": 3,
          "Workers Launched": 3,
          "Single Copy": false,
          "Plans": [
            {
              "Node Type": "Aggregate",
              "Strategy": "Plain",
              "Partial Mode": "Partial",
              "Parent Relationship": "Outer",
              "Parallel Aware": false,
              "Startup Cost": 327191.99,
              "Total Cost": 327192.0,
              "Plan Rows": 1,
              "Plan Width": 8,
              "Actual Startup Time": 3342.983,
              "Actual Total Time": 3344.318,
              "Actual Rows": 1,
              "Actual Loops": 4,
              "Plans": [
                {
                  "Node Type": "Hash Join",
                  "Parent Relationship": "Outer",
                  "Parallel Aware": true,
                  "Join Type": "Inner",
                  "Startup Cost": 266137.46,
                  "Total Cost": 319915.34,
                  "Plan Rows": 2910659,
                  "Plan Width": 0,
                  "Actual Startup Time": 1930.114,
                  "Actual Total Time": 2910.808,
                  "Actual Rows": 9953964,
                  "Actual Loops": 4,
                  "Inner Unique": false,
                  "Hash Cond": "(mk.movie_id = t.id)",
                  "Plans": [
                    {
                      "Node Type": "Seq Scan",
                      "Parent Relationship": "Outer",
                      "Parallel Aware": true,
                      "Relation Name": "movie_keyword",
                      "Alias": "mk",
                      "Startup Cost": 0.0,
                      "Total Cost": 42695.65,
                      "Plan Rows": 1402908,
                      "Plan Width": 4,
                      "Actual Startup Time": 0.053,
                      "Actual Total Time": 121.28,
                      "Actual Rows": 1089464,
                      "Actual Loops": 4,
                      "Filter": "(keyword_id < 72374)",
                      "Rows Removed by Filter": 41518
                    },
                    {
                      "Node Type": "Hash",
                      "Parent Relationship": "Inner",
                      "Parallel Aware": true,
                      "Startup Cost": 253023.62,
                      "Total Cost": 253023.62,
                      "Plan Rows": 1049107,
                      "Plan Width": 8,
                      "Actual Startup Time": 1910.451,
                      "Actual Total Time": 1911.785,
                      "Actual Rows": 1247910,
                      "Actual Loops": 4,
                      "Hash Buckets": 8388608,
                      "Original Hash Buckets": 8388608,
                      "Hash Batches": 1,
                      "Original Hash Batches": 1,
                      "Peak Memory Usage": 260896,
                      "Plans": [
                        {
                          "Node Type": "Hash Join",
                          "Parent Relationship": "Outer",
                          "Parallel Aware": true,
                          "Join Type": "Inner",
                          "Startup Cost": 51012.94,
                          "Total Cost": 253023.62,
                          "Plan Rows": 1049107,
                          "Plan Width": 8,
                          "Actual Startup Time": 362.764,
                          "Actual Total Time": 1398.829,
                          "Actual Rows": 1247910,
                          "Actual Loops": 4,
                          "Inner Unique": true,
                          "Hash Cond": "(mi.movie_id = t.id)",
                          "Plans": [
                            {
                              "Node Type": "Seq Scan",
                              "Parent Relationship": "Outer",
                              "Parallel Aware": true,
                              "Relation Name": "movie_info",
                              "Alias": "mi",
                              "Startup Cost": 0.0,
                              "Total Cost": 198952.16,
                              "Plan Rows": 1165150,
                              "Plan Width": 4,
                              "Actual Startup Time": 0.027,
                              "Actual Total Time": 455.389,
                              "Actual Rows": 1471241,
                              "Actual Loops": 4,
                              "Filter": "(info_type_id < 7)",
                              "Rows Removed by Filter": 2237689
                            },
                            {
                              "Node Type": "Hash",
                              "Parent Relationship": "Inner",
                              "Parallel Aware": true,
                              "Startup Cost": 43898.92,
                              "Total Cost": 43898.92,
                              "Plan Rows": 569122,
                              "Plan Width": 4,
                              "Actual Startup Time": 354.603,
                              "Actual Total Time": 354.604,
                              "Actual Rows": 567107,
                              "Actual Loops": 4,
                              "Hash Buckets": 4194304,
                              "Original Hash Buckets": 4194304,
                              "Hash Batches": 1,
                              "Original Hash Batches": 1,
                              "Peak Memory Usage": 121568,
                              "Plans": [
                                {
                                  "Node Type": "Seq Scan",
                                  "Parent Relationship": "Outer",
                                  "Parallel Aware": true,
                                  "Relation Name": "title",
                                  "Alias": "t",
                                  "Startup Cost": 0.0,
                                  "Total Cost": 43898.92,
                                  "Plan Rows": 569122,
                                  "Plan Width": 4,
                                  "Actual Startup Time": 0.055,
                                  "Actual Total Time": 121.973,
                                  "Actual Rows": 567107,
                                  "Actual Loops": 4,
                                  "Filter": "(production_year > 1953)",
                                  "Rows Removed by Filter": 64971
                                }
                              ]
                            }
                          ]
                        }
                      ]
                    }
                  ]
                }
              ]
            }
          ]
        }
      ]
    },
    "Planning Time": 1.342,
    "Triggers": [],
    "Execution Time": 3466.295
  }
]