[
  {
    "Plan": {
      "Node Type": "Aggregate",
      "Strategy": "Plain",
      "Partial Mode": "Finalize",
      "Parallel Aware": false,
      "Startup Cost": 336103.32,
      "Total Cost": 336103.33,
      "Plan Rows": 1,
      "Plan Width": 8,
      "Actual Startup Time": 685.854,
      "Actual Total Time": 742.193,
      "Actual Rows": 1,
      "Actual Loops": 1,
      "Plans": [
        {
          "Node Type": "Gather",
          "Parent Relationship": "Outer",
          "Parallel Aware": false,
          "Startup Cost": 336102.69,
          "Total Cost": 336103.3,
          "Plan Rows": 6,
          "Plan Width": 8,
          "Actual Startup Time": 685.746,
          "Actual Total Time": 742.184,
          "Actual Rows": 7,
          "Actual Loops": 1,
          "Workers Planned": 6,
          "Workers Launched": 6,
          "Single Copy": false,
          "Plans": [
            {
              "Node Type": "Aggregate",
              "Strategy": "Plain",
              "Partial Mode": "Partial",
              "Parent Relationship": "Outer",
              "Parallel Aware": false,
              "Startup Cost": 335102.69,
              "Total Cost": 335102.7,
              "Plan Rows": 1,
              "Plan Width": 8,
              "Actual Startup Time": 676.277,
              "Actual Total Time": 676.278,
              "Actual Rows": 1,
              "Actual Loops": 7,
              "Plans": [
                {
                  "Node Type": "Seq Scan",
                  "Parent Relationship": "Outer",
                  "Parallel Aware": true,
                  "Relation Name": "cast_info",
                  "Alias": "ci",
                  "Startup Cost": 0.0,
                  "Total Cost": 328162.03,
                  "Plan Rows": 2776267,
                  "Plan Width": 0,
                  "Actual Startup Time": 210.815,
                  "Actual Total Time": 573.355,
                  "Actual Rows": 2372635,
                  "Actual Loops": 7,
                  "Filter": "(person_id > 1967877)",
                  "Rows Removed by Filter": 2805128
                }
              ]
            }
          ]
        }
      ]
    },
    "Planning Time": 0.202,
    "Triggers": [],
    "Execution Time": 742.266
  }
]