[
  {
    "Plan": {
      "Node Type": "Aggregate",
      "Strategy": "Plain",
      "Partial Mode": "Simple",
      "Parallel Aware": false,
      "Startup Cost": 26864.83,
      "Total Cost": 26864.84,
      "Plan Rows": 1,
      "Plan Width": 8,
      "Actual Startup Time": 18.305,
      "Actual Total Time": 18.306,
      "Actual Rows": 1,
      "Actual Loops": 1,
      "Plans": [
        {
          "Node Type": "Bitmap Heap Scan",
          "Parent Relationship": "Outer",
          "Parallel Aware": false,
          "Relation Name": "movie_keyword",
          "Alias": "mk",
          "Startup Cost": 654.12,
          "Total Cost": 26788.16,
          "Plan Rows": 30669,
          "Plan Width": 0,
          "Actual Startup Time": 2.828,
          "Actual Total Time": 17.055,
          "Actual Rows": 31179,
          "Actual Loops": 1,
          "Recheck Cond": "(keyword_id > 109769)",
          "Rows Removed by Index Recheck": 0,
          "Exact Heap Blocks": 8807,
          "Lossy Heap Blocks": 0,
          "Plans": [
            {
              "Node Type": "Bitmap Index Scan",
              "Parent Relationship": "Outer",
              "Parallel Aware": false,
              "Index Name": "keyword_id_movie_keyword",
              "Startup Cost": 0.0,
              "Total Cost": 646.45,
              "Plan Rows": 30669,
              "Plan Width": 0,
              "Actual Startup Time": 1.867,
              "Actual Total Time": 1.867,
              "Actual Rows": 31179,
              "Actual Loops": 1,
              "Index Cond": "(keyword_id > 109769)"
            }
          ]
        }
      ]
    },
    "Planning Time": 0.111,
    "Triggers": [],
    "Execution Time": 18.329
  }
]