{
  "Plan": {
    "Node Type": "Aggregate",
    "Strategy": "Plain",
    "Partial Mode": "Finalize",
    "Parallel Aware": false,
    "Startup Cost": 598071.72,
    "Total Cost": 598071.73,
    "Plan Rows": 1,
    "Plan Width": 8,
    "Actual Startup Time": 5373.239,
    "Actual Total Time": 5412.402,
    "Actual Rows": 1,
    "Actual Loops": 1,
    "Plans": [
      {
        "Node Type": "Gather",
        "Parent Relationship": "Outer",
        "Parallel Aware": false,
        "Startup Cost": 598071.61,
        "Total Cost": 598071.72,
        "Plan Rows": 1,
        "Plan Width": 8,
        "Actual Startup Time": 5364.762,
        "Actual Total Time": 5412.395,
        "Actual Rows": 2,
        "Actual Loops": 1,
        "Workers Planned": 1,
        "Workers Launched": 1,
        "Single Copy": false,
        "Plans": [
          {
            "Node Type": "Aggregate",
            "Strategy": "Plain",
            "Partial Mode": "Partial",
            "Parent Relationship": "Outer",
            "Parallel Aware": false,
            "Startup Cost": 597071.61,
            "Total Cost": 597071.62,
            "Plan Rows": 1,
            "Plan Width": 8,
            "Actual Startup Time": 5354.566,
            "Actual Total Time": 5354.571,
            "Actual Rows": 1,
            "Actual Loops": 2,
            "Plans": [
              {
                "Node Type": "Hash Join",
                "Parent Relationship": "Outer",
                "Parallel Aware": true,
                "Join Type": "Inner",
                "Startup Cost": 252504.92,
                "Total Cost": 591204.78,
                "Plan Rows": 2346731,
                "Plan Width": 0,
                "Actual Startup Time": 1338.822,
                "Actual Total Time": 5038.487,
                "Actual Rows": 8009088,
                "Actual Loops": 2,
                "Inner Unique": false,
                "Hash Cond": "(t.id = mc.movie_id)",
                "Plans": [
                  {
                    "Node Type": "Hash Join",
                    "Parent Relationship": "Outer",
                    "Parallel Aware": true,
                    "Join Type": "Inner",
                    "Startup Cost": 199182.33,
                    "Total Cost": 509865.24,
                    "Plan Rows": 2274024,
                    "Plan Width": 8,
                    "Actual Startup Time": 845.568,
                    "Actual Total Time": 2726.576,
                    "Actual Rows": 2852496,
                    "Actual Loops": 2,
                    "Inner Unique": true,
                    "Hash Cond": "(ci.movie_id = t.id)",
                    "Plans": [
                      {
                        "Node Type": "Bitmap Heap Scan",
                        "Parent Relationship": "Outer",
                        "Parallel Aware": true,
                        "Relation Name": "cast_info",
                        "Alias": "ci",
                        "Startup Cost": 129721.63,
                        "Total Cost": 434435.22,
                        "Plan Rows": 2274024,
                        "Plan Width": 4,
                        "Actual Startup Time": 280.909,
                        "Actual Total Time": 756.199,
                        "Actual Rows": 2852496,
                        "Actual Loops": 2,
                        "Recheck Cond": "(person_id > 3077720)",
                        "Rows Removed by Index Recheck": 0,
                        "Filter": "(role_id > 1)",
                        "Rows Removed by Filter": 0,
                        "Exact Heap Blocks": 40597,
                        "Lossy Heap Blocks": 0,
                        "Plans": [
                          {
                            "Node Type": "Bitmap Index Scan",
                            "Parent Relationship": "Outer",
                            "Parallel Aware": false,
                            "Index Name": "person_id_cast_info",
                            "Startup Cost": 0.0,
                            "Total Cost": 128755.17,
                            "Plan Rows": 5896347,
                            "Plan Width": 0,
                            "Actual Startup Time": 267.295,
                            "Actual Total Time": 267.296,
                            "Actual Rows": 5704992,
                            "Actual Loops": 1,
                            "Index Cond": "(person_id > 3077720)"
                          }
                        ]
                      },
                      {
                        "Node Type": "Hash",
                        "Parent Relationship": "Inner",
                        "Parallel Aware": true,
                        "Startup Cost": 50870.31,
                        "Total Cost": 50870.31,
                        "Plan Rows": 1487231,
                        "Plan Width": 4,
                        "Actual Startup Time": 553.307,
                        "Actual Total Time": 553.308,
                        "Actual Rows": 1264156,
                        "Actual Loops": 2,
                        "Hash Buckets": 4194304,
                        "Original Hash Buckets": 4194304,
                        "Hash Batches": 1,
                        "Original Hash Batches": 1,
                        "Peak Memory Usage": 131712,
                        "Plans": [
                          {
                            "Node Type": "Seq Scan",
                            "Parent Relationship": "Outer",
                            "Parallel Aware": true,
                            "Relation Name": "title",
                            "Alias": "t",
                            "Startup Cost": 0.0,
                            "Total Cost": 50870.31,
                            "Plan Rows": 1487231,
                            "Plan Width": 4,
                            "Actual Startup Time": 0.019,
                            "Actual Total Time": 156.417,
                            "Actual Rows": 1264156,
                            "Actual Loops": 2
                          }
                        ]
                      }
                    ]
                  },
                  {
                    "Node Type": "Hash",
                    "Parent Relationship": "Inner",
                    "Parallel Aware": true,
                    "Startup Cost": 34137.82,
                    "Total Cost": 34137.82,
                    "Plan Rows": 1534782,
                    "Plan Width": 4,
                    "Actual Startup Time": 475.622,
                    "Actual Total Time": 475.623,
                    "Actual Rows": 1304564,
                    "Actual Loops": 2,
                    "Hash Buckets": 4194304,
                    "Original Hash Buckets": 4194304,
                    "Hash Batches": 1,
                    "Original Hash Batches": 1,
                    "Peak Memory Usage": 134880,
                    "Plans": [
                      {
                        "Node Type": "Seq Scan",
                        "Parent Relationship": "Outer",
                        "Parallel Aware": true,
                        "Relation Name": "movie_companies",
                        "Alias": "mc",
                        "Startup Cost": 0.0,
                        "Total Cost": 34137.82,
                        "Plan Rows": 1534782,
                        "Plan Width": 4,
                        "Actual Startup Time": 0.036,
                        "Actual Total Time": 138.736,
                        "Actual Rows": 1304564,
                        "Actual Loops": 2
                      }
                    ]
                  }
                ]
              }
            ]
          }
        ]
      }
    ]
  },
  "Planning Time": 0.638,
  "Triggers": [],
  "Execution Time": 5412.476
}