[
  {
    "Plan": {
      "Node Type": "Aggregate",
      "Strategy": "Plain",
      "Partial Mode": "Finalize",
      "Parallel Aware": false,
      "Startup Cost": 46402.45,
      "Total Cost": 46402.46,
      "Plan Rows": 1,
      "Plan Width": 8,
      "Actual Startup Time": 160.412,
      "Actual Total Time": 169.765,
      "Actual Rows": 1,
      "Actual Loops": 1,
      "Plans": [
        {
          "Node Type": "Gather",
          "Parent Relationship": "Outer",
          "Parallel Aware": false,
          "Startup Cost": 46402.14,
          "Total Cost": 46402.45,
          "Plan Rows": 3,
          "Plan Width": 8,
          "Actual Startup Time": 160.291,
          "Actual Total Time": 169.755,
          "Actual Rows": 4,
          "Actual Loops": 1,
          "Workers Planned": 3,
          "Workers Launched": 3,
          "Single Copy": false,
          "Plans": [
            {
              "Node Type": "Aggregate",
              "Strategy": "Plain",
              "Partial Mode": "Partial",
              "Parent Relationship": "Outer",
              "Parallel Aware": false,
              "Startup Cost": 45402.14,
              "Total Cost": 45402.15,
              "Plan Rows": 1,
              "Plan Width": 8,
              "Actual Startup Time": 154.364,
              "Actual Total Time": 154.365,
              "Actual Rows": 1,
              "Actual Loops": 4,
              "Plans": [
                {
                  "Node Type": "Seq Scan",
                  "Parent Relationship": "Outer",
                  "Parallel Aware": true,
                  "Relation Name": "movie_keyword",
                  "Alias": "mk",
                  "Startup Cost": 0.0,
                  "Total Cost": 42695.65,
                  "Plan Rows": 1082593,
                  "Plan Width": 0,
                  "Actual Startup Time": 0.199,
                  "Actual Total Time": 118.498,
                  "Actual Rows": 835545,
                  "Actual Loops": 4,
                  "Filter": "(keyword_id > 1399)",
                  "Rows Removed by Filter": 295437
                }
              ]
            }
          ]
        }
      ]
    },
    "Planning Time": 0.183,
    "Triggers": [],
    "Execution Time": 169.821
  }
]