{
    "Plan": {
        "Node Type": "Aggregate",
        "Strategy": "Plain",
        "Partial Mode": "Simple",
        "Parallel Aware": false,
        "Startup Cost": 90005756756.17,
        "Total Cost": 90005756756.18,
        "Plan Rows": 1,
        "Plan Width": 96,
        "Actual Startup Time": 13558.93,
        "Actual Total Time": 13558.953,
        "Actual Rows": 1,
        "Actual Loops": 1,
        "Output": [
            "min(chn.name)",
            "min(n.name)",
            "min(t.title)"
        ],
        "Plans": [
            {
                "Node Type": "Nested Loop",
                "Parent Relationship": "Outer",
                "Parallel Aware": false,
                "Join Type": "Inner",
                "Startup Cost": 90001608957.85,
                "Total Cost": 90005756756.16,
                "Plan Rows": 1,
                "Plan Width": 48,
                "Actual Startup Time": 11331.79,
                "Actual Total Time": 13558.937,
                "Actual Rows": 5,
                "Actual Loops": 1,
                "Output": [
                    "chn.name",
                    "n.name",
                    "t.title"
                ],
                "Inner Unique": true,
                "Plans": [
                    {
                        "Node Type": "Hash Join",
                        "Parent Relationship": "Outer",
                        "Parallel Aware": false,
                        "Join Type": "Inner",
                        "Startup Cost": 80001608957.35,
                        "Total Cost": 80005756751.66,
                        "Plan Rows": 1,
                        "Plan Width": 36,
                        "Actual Startup Time": 11331.773,
                        "Actual Total Time": 13558.899,
                        "Actual Rows": 5,
                        "Actual Loops": 1,
                        "Output": [
                            "ci.person_role_id",
                            "n.name",
                            "t.title"
                        ],
                        "Inner Unique": false,
                        "Hash Cond": "(n.id = ci.person_id)",
                        "Plans": [
                            {
                                "Node Type": "Nested Loop",
                                "Parent Relationship": "Outer",
                                "Parallel Aware": false,
                                "Join Type": "Inner",
                                "Startup Cost": 10000000000.93,
                                "Total Cost": 10004147764.56,
                                "Plan Rows": 8177,
                                "Plan Width": 23,
                                "Actual Startup Time": 2569.027,
                                "Actual Total Time": 5222.644,
                                "Actual Rows": 10525,
                                "Actual Loops": 1,
                                "Output": [
                                    "an.person_id",
                                    "n.name",
                                    "n.id"
                                ],
                                "Inner Unique": true,
                                "Plans": [
                                    {
                                        "Node Type": "Index Scan",
                                        "Parent Relationship": "Outer",
                                        "Parallel Aware": false,
                                        "Scan Direction": "Forward",
                                        "Index Name": "person_id_aka_name",
                                        "Relation Name": "aka_name",
                                        "Schema": "public",
                                        "Alias": "an",
                                        "Startup Cost": 0.42,
                                        "Total Cost": 72012.16,
                                        "Plan Rows": 901343,
                                        "Plan Width": 4,
                                        "Actual Startup Time": 0.057,
                                        "Actual Total Time": 455.554,
                                        "Actual Rows": 901343,
                                        "Actual Loops": 1,
                                        "Output": [
                                            "an.id",
                                            "an.person_id",
                                            "an.name",
                                            "an.imdb_index",
                                            "an.name_pcode_cf",
                                            "an.name_pcode_nf",
                                            "an.surname_pcode",
                                            "an.md5sum"
                                        ]
                                    },
                                    {
                                        "Node Type": "Bitmap Heap Scan",
                                        "Parent Relationship": "Inner",
                                        "Parallel Aware": false,
                                        "Relation Name": "name",
                                        "Schema": "public",
                                        "Alias": "n",
                                        "Startup Cost": 0.5,
                                        "Total Cost": 4.52,
                                        "Plan Rows": 1,
                                        "Plan Width": 19,
                                        "Actual Startup Time": 0.003,
                                        "Actual Total Time": 0.003,
                                        "Actual Rows": 0,
                                        "Actual Loops": 901343,
                                        "Output": [
                                            "n.id",
                                            "n.name",
                                            "n.imdb_index",
                                            "n.imdb_id",
                                            "n.gender",
                                            "n.name_pcode_cf",
                                            "n.name_pcode_nf",
                                            "n.surname_pcode",
                                            "n.md5sum"
                                        ],
                                        "Recheck Cond": "(n.id = an.person_id)",
                                        "Rows Removed by Index Recheck": 0,
                                        "Filter": "((n.name ~~ '%An%'::text) AND ((n.gender)::text = 'f'::text))",
                                        "Rows Removed by Filter": 1,
                                        "Exact Heap Blocks": 901343,
                                        "Lossy Heap Blocks": 0,
                                        "Plans": [
                                            {
                                                "Node Type": "Bitmap Index Scan",
                                                "Parent Relationship": "Outer",
                                                "Parallel Aware": false,
                                                "Index Name": "name_pkey",
                                                "Startup Cost": 0.0,
                                                "Total Cost": 0.5,
                                                "Plan Rows": 1,
                                                "Plan Width": 0,
                                                "Actual Startup Time": 0.002,
                                                "Actual Total Time": 0.002,
                                                "Actual Rows": 1,
                                                "Actual Loops": 901343,
                                                "Index Cond": "(n.id = an.person_id)"
                                            }
                                        ]
                                    }
                                ]
                            },
                            {
                                "Node Type": "Hash",
                                "Parent Relationship": "Inner",
                                "Parallel Aware": false,
                                "Startup Cost": 70001608956.41,
                                "Total Cost": 70001608956.41,
                                "Plan Rows": 1,
                                "Plan Width": 25,
                                "Actual Startup Time": 8333.793,
                                "Actual Total Time": 8333.811,
                                "Actual Rows": 6,
                                "Actual Loops": 1,
                                "Output": [
                                    "ci.person_id",
                                    "ci.person_role_id",
                                    "t.title"
                                ],
                                "Hash Buckets": 1024,
                                "Original Hash Buckets": 1024,
                                "Hash Batches": 1,
                                "Original Hash Batches": 1,
                                "Peak Memory Usage": 9,
                                "Plans": [
                                    {
                                        "Node Type": "Hash Join",
                                        "Parent Relationship": "Outer",
                                        "Parallel Aware": false,
                                        "Join Type": "Inner",
                                        "Startup Cost": 70001602891.3,
                                        "Total Cost": 70001608956.41,
                                        "Plan Rows": 1,
                                        "Plan Width": 25,
                                        "Actual Startup Time": 8292.462,
                                        "Actual Total Time": 8333.805,
                                        "Actual Rows": 6,
                                        "Actual Loops": 1,
                                        "Output": [
                                            "ci.person_id",
                                            "ci.person_role_id",
                                            "t.title"
                                        ],
                                        "Inner Unique": false,
                                        "Hash Cond": "(t.id = mi.movie_id)",
                                        "Plans": [
                                            {
                                                "Node Type": "Hash Join",
                                                "Parent Relationship": "Outer",
                                                "Parallel Aware": false,
                                                "Join Type": "Inner",
                                                "Startup Cost": 20000200166.45,
                                                "Total Cost": 20000206231.55,
                                                "Plan Rows": 1,
                                                "Plan Width": 25,
                                                "Actual Startup Time": 1236.044,
                                                "Actual Total Time": 1277.373,
                                                "Actual Rows": 1,
                                                "Actual Loops": 1,
                                                "Output": [
                                                    "mk.movie_id",
                                                    "t.title",
                                                    "t.id"
                                                ],
                                                "Inner Unique": false,
                                                "Hash Cond": "(mk.movie_id = t.id)",
                                                "Plans": [
                                                    {
                                                        "Node Type": "Hash Join",
                                                        "Parent Relationship": "Outer",
                                                        "Parallel Aware": false,
                                                        "Join Type": "Inner",
                                                        "Startup Cost": 10000126242.84,
                                                        "Total Cost": 10000132307.42,
                                                        "Plan Rows": 135,
                                                        "Plan Width": 4,
                                                        "Actual Startup Time": 994.83,
                                                        "Actual Total Time": 1047.162,
                                                        "Actual Rows": 39460,
                                                        "Actual Loops": 1,
                                                        "Output": [
                                                            "mk.movie_id"
                                                        ],
                                                        "Inner Unique": false,
                                                        "Hash Cond": "(k.id = mk.keyword_id)",
                                                        "Plans": [
                                                            {
                                                                "Node Type": "Index Scan",
                                                                "Parent Relationship": "Outer",
                                                                "Parallel Aware": false,
                                                                "Scan Direction": "Forward",
                                                                "Index Name": "keyword_pkey",
                                                                "Relation Name": "keyword",
                                                                "Schema": "public",
                                                                "Alias": "k",
                                                                "Startup Cost": 10000000000.42,
                                                                "Total Cost": 10000005678.35,
                                                                "Plan Rows": 4,
                                                                "Plan Width": 4,
                                                                "Actual Startup Time": 0.24,
                                                                "Actual Total Time": 43.095,
                                                                "Actual Rows": 4,
                                                                "Actual Loops": 1,
                                                                "Output": [
                                                                    "k.id",
                                                                    "k.keyword",
                                                                    "k.phonetic_code"
                                                                ],
                                                                "Filter": "(k.keyword = ANY ('{superhero,based-on-novel,blood,feast}'::text[]))",
                                                                "Rows Removed by Filter": 134166
                                                            },
                                                            {
                                                                "Node Type": "Hash",
                                                                "Parent Relationship": "Inner",
                                                                "Parallel Aware": false,
                                                                "Startup Cost": 69693.3,
                                                                "Total Cost": 69693.3,
                                                                "Plan Rows": 4523930,
                                                                "Plan Width": 8,
                                                                "Actual Startup Time": 986.643,
                                                                "Actual Total Time": 986.644,
                                                                "Actual Rows": 4523930,
                                                                "Actual Loops": 1,
                                                                "Output": [
                                                                    "mk.movie_id",
                                                                    "mk.keyword_id"
                                                                ],
                                                                "Hash Buckets": 8388608,
                                                                "Original Hash Buckets": 8388608,
                                                                "Hash Batches": 1,
                                                                "Original Hash Batches": 1,
                                                                "Peak Memory Usage": 242253,
                                                                "Plans": [
                                                                    {
                                                                        "Node Type": "Seq Scan",
                                                                        "Parent Relationship": "Outer",
                                                                        "Parallel Aware": false,
                                                                        "Relation Name": "movie_keyword",
                                                                        "Schema": "public",
                                                                        "Alias": "mk",
                                                                        "Startup Cost": 0.0,
                                                                        "Total Cost": 69693.3,
                                                                        "Plan Rows": 4523930,
                                                                        "Plan Width": 8,
                                                                        "Actual Startup Time": 0.017,
                                                                        "Actual Total Time": 411.391,
                                                                        "Actual Rows": 4523930,
                                                                        "Actual Loops": 1,
                                                                        "Output": [
                                                                            "mk.movie_id",
                                                                            "mk.keyword_id"
                                                                        ]
                                                                    }
                                                                ]
                                                            }
                                                        ]
                                                    },
                                                    {
                                                        "Node Type": "Hash",
                                                        "Parent Relationship": "Inner",
                                                        "Parallel Aware": false,
                                                        "Startup Cost": 10000073922.83,
                                                        "Total Cost": 10000073922.83,
                                                        "Plan Rows": 62,
                                                        "Plan Width": 21,
                                                        "Actual Startup Time": 228.371,
                                                        "Actual Total Time": 228.372,
                                                        "Actual Rows": 9,
                                                        "Actual Loops": 1,
                                                        "Output": [
                                                            "t.title",
                                                            "t.id"
                                                        ],
                                                        "Hash Buckets": 1024,
                                                        "Original Hash Buckets": 1024,
                                                        "Hash Batches": 1,
                                                        "Original Hash Batches": 1,
                                                        "Peak Memory Usage": 9,
                                                        "Plans": [
                                                            {
                                                                "Node Type": "Seq Scan",
                                                                "Parent Relationship": "Outer",
                                                                "Parallel Aware": false,
                                                                "Relation Name": "title",
                                                                "Schema": "public",
                                                                "Alias": "t",
                                                                "Startup Cost": 10000000000.0,
                                                                "Total Cost": 10000073922.83,
                                                                "Plan Rows": 62,
                                                                "Plan Width": 21,
                                                                "Actual Startup Time": 52.645,
                                                                "Actual Total Time": 228.346,
                                                                "Actual Rows": 9,
                                                                "Actual Loops": 1,
                                                                "Output": [
                                                                    "t.title",
                                                                    "t.id"
                                                                ],
                                                                "Filter": "((t.title ~~ 'Kung Fu Panda%'::text) AND (t.production_year > 2008))",
                                                                "Rows Removed by Filter": 2528303
                                                            }
                                                        ]
                                                    }
                                                ]
                                            },
                                            {
                                                "Node Type": "Hash",
                                                "Parent Relationship": "Inner",
                                                "Parallel Aware": false,
                                                "Startup Cost": 50001402724.84,
                                                "Total Cost": 50001402724.84,
                                                "Plan Rows": 1,
                                                "Plan Width": 20,
                                                "Actual Startup Time": 7056.407,
                                                "Actual Total Time": 7056.418,
                                                "Actual Rows": 10,
                                                "Actual Loops": 1,
                                                "Output": [
                                                    "ci.movie_id",
                                                    "ci.person_id",
                                                    "ci.person_role_id",
                                                    "mc.movie_id",
                                                    "mi.movie_id"
                                                ],
                                                "Hash Buckets": 1024,
                                                "Original Hash Buckets": 1024,
                                                "Hash Batches": 1,
                                                "Original Hash Batches": 1,
                                                "Peak Memory Usage": 9,
                                                "Plans": [
                                                    {
                                                        "Node Type": "Hash Join",
                                                        "Parent Relationship": "Outer",
                                                        "Parallel Aware": false,
                                                        "Join Type": "Inner",
                                                        "Startup Cost": 50001401192.77,
                                                        "Total Cost": 50001402724.84,
                                                        "Plan Rows": 1,
                                                        "Plan Width": 20,
                                                        "Actual Startup Time": 7034.172,
                                                        "Actual Total Time": 7056.408,
                                                        "Actual Rows": 10,
                                                        "Actual Loops": 1,
                                                        "Output": [
                                                            "ci.movie_id",
                                                            "ci.person_id",
                                                            "ci.person_role_id",
                                                            "mc.movie_id",
                                                            "mi.movie_id"
                                                        ],
                                                        "Inner Unique": true,
                                                        "Hash Cond": "(mi.info_type_id = it.id)",
                                                        "Plans": [
                                                            {
                                                                "Node Type": "Merge Join",
                                                                "Parent Relationship": "Outer",
                                                                "Parallel Aware": false,
                                                                "Join Type": "Inner",
                                                                "Startup Cost": 50001401178.64,
                                                                "Total Cost": 50001402710.71,
                                                                "Plan Rows": 1,
                                                                "Plan Width": 24,
                                                                "Actual Startup Time": 7034.14,
                                                                "Actual Total Time": 7056.369,
                                                                "Actual Rows": 10,
                                                                "Actual Loops": 1,
                                                                "Output": [
                                                                    "ci.movie_id",
                                                                    "ci.person_id",
                                                                    "ci.person_role_id",
                                                                    "mc.movie_id",
                                                                    "mi.movie_id",
                                                                    "mi.info_type_id"
                                                                ],
                                                                "Inner Unique": false,
                                                                "Merge Cond": "(mi.movie_id = mc.movie_id)",
                                                                "Plans": [
                                                                    {
                                                                        "Node Type": "Sort",
                                                                        "Parent Relationship": "Outer",
                                                                        "Parallel Aware": false,
                                                                        "Startup Cost": 10000411255.36,
                                                                        "Total Cost": 10000412021.74,
                                                                        "Plan Rows": 306554,
                                                                        "Plan Width": 8,
                                                                        "Actual Startup Time": 1777.562,
                                                                        "Actual Total Time": 1786.799,
                                                                        "Actual Rows": 256256,
                                                                        "Actual Loops": 1,
                                                                        "Output": [
                                                                            "mi.movie_id",
                                                                            "mi.info_type_id"
                                                                        ],
                                                                        "Sort Key": [
                                                                            "mi.movie_id"
                                                                        ],
                                                                        "Sort Method": "quicksort",
                                                                        "Sort Space Used": 26409,
                                                                        "Sort Space Type": "Memory",
                                                                        "Plans": [
                                                                            {
                                                                                "Node Type": "Seq Scan",
                                                                                "Parent Relationship": "Outer",
                                                                                "Parallel Aware": false,
                                                                                "Relation Name": "movie_info",
                                                                                "Schema": "public",
                                                                                "Alias": "mi",
                                                                                "Startup Cost": 10000000000.0,
                                                                                "Total Cost": 10000383319.42,
                                                                                "Plan Rows": 306554,
                                                                                "Plan Width": 8,
                                                                                "Actual Startup Time": 200.298,
                                                                                "Actual Total Time": 1728.073,
                                                                                "Actual Rows": 301247,
                                                                                "Actual Loops": 1,
                                                                                "Output": [
                                                                                    "mi.movie_id",
                                                                                    "mi.info_type_id"
                                                                                ],
                                                                                "Filter": "((mi.info IS NOT NULL) AND ((mi.info ~~ 'Japan:%201%'::text) OR (mi.info ~~ 'USA:%201%'::text)))",
                                                                                "Rows Removed by Filter": 14534473
                                                                            }
                                                                        ]
                                                                    },
                                                                    {
                                                                        "Node Type": "Sort",
                                                                        "Parent Relationship": "Inner",
                                                                        "Parallel Aware": false,
                                                                        "Startup Cost": 40000989923.13,
                                                                        "Total Cost": 40000989923.13,
                                                                        "Plan Rows": 1,
                                                                        "Plan Width": 16,
                                                                        "Actual Startup Time": 5256.365,
                                                                        "Actual Total Time": 5256.374,
                                                                        "Actual Rows": 31,
                                                                        "Actual Loops": 1,
                                                                        "Output": [
                                                                            "ci.movie_id",
                                                                            "ci.person_id",
                                                                            "ci.person_role_id",
                                                                            "mc.movie_id"
                                                                        ],
                                                                        "Sort Key": [
                                                                            "ci.movie_id"
                                                                        ],
                                                                        "Sort Method": "quicksort",
                                                                        "Sort Space Used": 26,
                                                                        "Sort Space Type": "Memory",
                                                                        "Plans": [
                                                                            {
                                                                                "Node Type": "Merge Join",
                                                                                "Parent Relationship": "Outer",
                                                                                "Parallel Aware": false,
                                                                                "Join Type": "Inner",
                                                                                "Startup Cost": 40000975936.37,
                                                                                "Total Cost": 40000989923.12,
                                                                                "Plan Rows": 1,
                                                                                "Plan Width": 16,
                                                                                "Actual Startup Time": 5168.57,
                                                                                "Actual Total Time": 5256.352,
                                                                                "Actual Rows": 31,
                                                                                "Actual Loops": 1,
                                                                                "Output": [
                                                                                    "ci.movie_id",
                                                                                    "ci.person_id",
                                                                                    "ci.person_role_id",
                                                                                    "mc.movie_id"
                                                                                ],
                                                                                "Inner Unique": false,
                                                                                "Merge Cond": "(cn.id = mc.company_id)",
                                                                                "Plans": [
                                                                                    {
                                                                                        "Node Type": "Index Scan",
                                                                                        "Parent Relationship": "Outer",
                                                                                        "Parallel Aware": false,
                                                                                        "Scan Direction": "Forward",
                                                                                        "Index Name": "company_name_pkey",
                                                                                        "Relation Name": "company_name",
                                                                                        "Schema": "public",
                                                                                        "Alias": "cn",
                                                                                        "Startup Cost": 10000000000.42,
                                                                                        "Total Cost": 10000013041.93,
                                                                                        "Plan Rows": 1,
                                                                                        "Plan Width": 4,
                                                                                        "Actual Startup Time": 0.465,
                                                                                        "Actual Total Time": 88.235,
                                                                                        "Actual Rows": 1,
                                                                                        "Actual Loops": 1,
                                                                                        "Output": [
                                                                                            "cn.id",
                                                                                            "cn.name",
                                                                                            "cn.country_code",
                                                                                            "cn.imdb_id",
                                                                                            "cn.name_pcode_nf",
                                                                                            "cn.name_pcode_sf",
                                                                                            "cn.md5sum"
                                                                                        ],
                                                                                        "Filter": "(((cn.country_code)::text = '[us]'::text) AND (cn.name = 'NBC Universal Television'::text))",
                                                                                        "Rows Removed by Filter": 234996
                                                                                    },
                                                                                    {
                                                                                        "Node Type": "Sort",
                                                                                        "Parent Relationship": "Inner",
                                                                                        "Parallel Aware": false,
                                                                                        "Startup Cost": 30000975912.23,
                                                                                        "Total Cost": 30000976396.7,
                                                                                        "Plan Rows": 193787,
                                                                                        "Plan Width": 20,
                                                                                        "Actual Startup Time": 5161.641,
                                                                                        "Actual Total Time": 5163.942,
                                                                                        "Actual Rows": 71233,
                                                                                        "Actual Loops": 1,
                                                                                        "Output": [
                                                                                            "ci.movie_id",
                                                                                            "ci.person_id",
                                                                                            "ci.person_role_id",
                                                                                            "mc.movie_id",
                                                                                            "mc.company_id"
                                                                                        ],
                                                                                        "Sort Key": [
                                                                                            "mc.company_id"
                                                                                        ],
                                                                                        "Sort Method": "quicksort",
                                                                                        "Sort Space Used": 47843,
                                                                                        "Sort Space Type": "Memory",
                                                                                        "Plans": [
                                                                                            {
                                                                                                "Node Type": "Hash Join",
                                                                                                "Parent Relationship": "Outer",
                                                                                                "Parallel Aware": false,
                                                                                                "Join Type": "Inner",
                                                                                                "Startup Cost": 30000809633.05,
                                                                                                "Total Cost": 30000958893.75,
                                                                                                "Plan Rows": 193787,
                                                                                                "Plan Width": 20,
                                                                                                "Actual Startup Time": 3214.328,
                                                                                                "Actual Total Time": 5102.49,
                                                                                                "Actual Rows": 474025,
                                                                                                "Actual Loops": 1,
                                                                                                "Output": [
                                                                                                    "ci.movie_id",
                                                                                                    "ci.person_id",
                                                                                                    "ci.person_role_id",
                                                                                                    "mc.movie_id",
                                                                                                    "mc.company_id"
                                                                                                ],
                                                                                                "Inner Unique": false,
                                                                                                "Hash Cond": "(mc.movie_id = ci.movie_id)",
                                                                                                "Plans": [
                                                                                                    {
                                                                                                        "Node Type": "Index Scan",
                                                                                                        "Parent Relationship": "Outer",
                                                                                                        "Parallel Aware": false,
                                                                                                        "Scan Direction": "Forward",
                                                                                                        "Index Name": "company_id_movie_companies",
                                                                                                        "Relation Name": "movie_companies",
                                                                                                        "Schema": "public",
                                                                                                        "Alias": "mc",
                                                                                                        "Startup Cost": 10000000000.43,
                                                                                                        "Total Cost": 10000131016.21,
                                                                                                        "Plan Rows": 2609129,
                                                                                                        "Plan Width": 8,
                                                                                                        "Actual Startup Time": 0.012,
                                                                                                        "Actual Total Time": 1264.891,
                                                                                                        "Actual Rows": 2609129,
                                                                                                        "Actual Loops": 1,
                                                                                                        "Output": [
                                                                                                            "mc.id",
                                                                                                            "mc.movie_id",
                                                                                                            "mc.company_id",
                                                                                                            "mc.company_type_id",
                                                                                                            "mc.note"
                                                                                                        ]
                                                                                                    },
                                                                                                    {
                                                                                                        "Node Type": "Hash",
                                                                                                        "Parent Relationship": "Inner",
                                                                                                        "Parallel Aware": false,
                                                                                                        "Startup Cost": 20000808756.51,
                                                                                                        "Total Cost": 20000808756.51,
                                                                                                        "Plan Rows": 70089,
                                                                                                        "Plan Width": 12,
                                                                                                        "Actual Startup Time": 3214.058,
                                                                                                        "Actual Total Time": 3214.061,
                                                                                                        "Actual Rows": 276166,
                                                                                                        "Actual Loops": 1,
                                                                                                        "Output": [
                                                                                                            "ci.movie_id",
                                                                                                            "ci.person_id",
                                                                                                            "ci.person_role_id"
                                                                                                        ],
                                                                                                        "Hash Buckets": 524288,
                                                                                                        "Original Hash Buckets": 131072,
                                                                                                        "Hash Batches": 1,
                                                                                                        "Original Hash Batches": 1,
                                                                                                        "Peak Memory Usage": 15883,
                                                                                                        "Plans": [
                                                                                                            {
                                                                                                                "Node Type": "Hash Join",
                                                                                                                "Parent Relationship": "Outer",
                                                                                                                "Parallel Aware": false,
                                                                                                                "Join Type": "Inner",
                                                                                                                "Startup Cost": 20000806992.08,
                                                                                                                "Total Cost": 20000808756.51,
                                                                                                                "Plan Rows": 70089,
                                                                                                                "Plan Width": 12,
                                                                                                                "Actual Startup Time": 3154.083,
                                                                                                                "Actual Total Time": 3179.662,
                                                                                                                "Actual Rows": 276166,
                                                                                                                "Actual Loops": 1,
                                                                                                                "Output": [
                                                                                                                    "ci.movie_id",
                                                                                                                    "ci.person_id",
                                                                                                                    "ci.person_role_id"
                                                                                                                ],
                                                                                                                "Inner Unique": false,
                                                                                                                "Hash Cond": "(rt.id = ci.role_id)",
                                                                                                                "Plans": [
                                                                                                                    {
                                                                                                                        "Node Type": "Index Scan",
                                                                                                                        "Parent Relationship": "Outer",
                                                                                                                        "Parallel Aware": false,
                                                                                                                        "Scan Direction": "Forward",
                                                                                                                        "Index Name": "role_type_pkey",
                                                                                                                        "Relation Name": "role_type",
                                                                                                                        "Schema": "public",
                                                                                                                        "Alias": "rt",
                                                                                                                        "Startup Cost": 10000000000.14,
                                                                                                                        "Total Cost": 10000000012.34,
                                                                                                                        "Plan Rows": 1,
                                                                                                                        "Plan Width": 4,
                                                                                                                        "Actual Startup Time": 0.009,
                                                                                                                        "Actual Total Time": 0.021,
                                                                                                                        "Actual Rows": 1,
                                                                                                                        "Actual Loops": 1,
                                                                                                                        "Output": [
                                                                                                                            "rt.id",
                                                                                                                            "rt.role"
                                                                                                                        ],
                                                                                                                        "Filter": "((rt.role)::text = 'actress'::text)",
                                                                                                                        "Rows Removed by Filter": 11
                                                                                                                    },
                                                                                                                    {
                                                                                                                        "Node Type": "Hash",
                                                                                                                        "Parent Relationship": "Inner",
                                                                                                                        "Parallel Aware": false,
                                                                                                                        "Startup Cost": 10000796478.64,
                                                                                                                        "Total Cost": 10000796478.64,
                                                                                                                        "Plan Rows": 841064,
                                                                                                                        "Plan Width": 16,
                                                                                                                        "Actual Startup Time": 3153.123,
                                                                                                                        "Actual Total Time": 3153.124,
                                                                                                                        "Actual Rows": 867477,
                                                                                                                        "Actual Loops": 1,
                                                                                                                        "Output": [
                                                                                                                            "ci.movie_id",
                                                                                                                            "ci.person_id",
                                                                                                                            "ci.role_id",
                                                                                                                            "ci.person_role_id"
                                                                                                                        ],
                                                                                                                        "Hash Buckets": 1048576,
                                                                                                                        "Original Hash Buckets": 1048576,
                                                                                                                        "Hash Batches": 1,
                                                                                                                        "Original Hash Batches": 1,
                                                                                                                        "Peak Memory Usage": 48597,
                                                                                                                        "Plans": [
                                                                                                                            {
                                                                                                                                "Node Type": "Seq Scan",
                                                                                                                                "Parent Relationship": "Outer",
                                                                                                                                "Parallel Aware": false,
                                                                                                                                "Relation Name": "cast_info",
                                                                                                                                "Schema": "public",
                                                                                                                                "Alias": "ci",
                                                                                                                                "Startup Cost": 10000000000.0,
                                                                                                                                "Total Cost": 10000796478.64,
                                                                                                                                "Plan Rows": 841064,
                                                                                                                                "Plan Width": 16,
                                                                                                                                "Actual Startup Time": 0.02,
                                                                                                                                "Actual Total Time": 3054.827,
                                                                                                                                "Actual Rows": 867477,
                                                                                                                                "Actual Loops": 1,
                                                                                                                                "Output": [
                                                                                                                                    "ci.movie_id",
                                                                                                                                    "ci.person_id",
                                                                                                                                    "ci.role_id",
                                                                                                                                    "ci.person_role_id"
                                                                                                                                ],
                                                                                                                                "Filter": "(ci.note = ANY ('{(voice),\"(voice: Japanese version)\",\"(voice) (uncredited)\",\"(voice: English version)\"}'::text[]))",
                                                                                                                                "Rows Removed by Filter": 35376867
                                                                                                                            }
                                                                                                                        ]
                                                                                                                    }
                                                                                                                ]
                                                                                                            }
                                                                                                        ]
                                                                                                    }
                                                                                                ]
                                                                                            }
                                                                                        ]
                                                                                    }
                                                                                ]
                                                                            }
                                                                        ]
                                                                    }
                                                                ]
                                                            },
                                                            {
                                                                "Node Type": "Hash",
                                                                "Parent Relationship": "Inner",
                                                                "Parallel Aware": false,
                                                                "Startup Cost": 14.12,
                                                                "Total Cost": 14.12,
                                                                "Plan Rows": 1,
                                                                "Plan Width": 4,
                                                                "Actual Startup Time": 0.023,
                                                                "Actual Total Time": 0.024,
                                                                "Actual Rows": 1,
                                                                "Actual Loops": 1,
                                                                "Output": [
                                                                    "it.id"
                                                                ],
                                                                "Hash Buckets": 1024,
                                                                "Original Hash Buckets": 1024,
                                                                "Hash Batches": 1,
                                                                "Original Hash Batches": 1,
                                                                "Peak Memory Usage": 9,
                                                                "Plans": [
                                                                    {
                                                                        "Node Type": "Index Scan",
                                                                        "Parent Relationship": "Outer",
                                                                        "Parallel Aware": false,
                                                                        "Scan Direction": "Forward",
                                                                        "Index Name": "info_type_pkey",
                                                                        "Relation Name": "info_type",
                                                                        "Schema": "public",
                                                                        "Alias": "it",
                                                                        "Startup Cost": 0.14,
                                                                        "Total Cost": 14.12,
                                                                        "Plan Rows": 1,
                                                                        "Plan Width": 4,
                                                                        "Actual Startup Time": 0.012,
                                                                        "Actual Total Time": 0.022,
                                                                        "Actual Rows": 1,
                                                                        "Actual Loops": 1,
                                                                        "Output": [
                                                                            "it.id"
                                                                        ],
                                                                        "Filter": "((it.info)::text = 'release dates'::text)",
                                                                        "Rows Removed by Filter": 112
                                                                    }
                                                                ]
                                                            }
                                                        ]
                                                    }
                                                ]
                                            }
                                        ]
                                    }
                                ]
                            }
                        ]
                    },
                    {
                        "Node Type": "Bitmap Heap Scan",
                        "Parent Relationship": "Inner",
                        "Parallel Aware": false,
                        "Relation Name": "char_name",
                        "Schema": "public",
                        "Alias": "chn",
                        "Startup Cost": 0.49,
                        "Total Cost": 4.5,
                        "Plan Rows": 1,
                        "Plan Width": 20,
                        "Actual Startup Time": 0.004,
                        "Actual Total Time": 0.005,
                        "Actual Rows": 1,
                        "Actual Loops": 5,
                        "Output": [
                            "chn.id",
                            "chn.name",
                            "chn.imdb_index",
                            "chn.imdb_id",
                            "chn.name_pcode_nf",
                            "chn.surname_pcode",
                            "chn.md5sum"
                        ],
                        "Recheck Cond": "(chn.id = ci.person_role_id)",
                        "Rows Removed by Index Recheck": 0,
                        "Exact Heap Blocks": 5,
                        "Lossy Heap Blocks": 0,
                        "Plans": [
                            {
                                "Node Type": "Bitmap Index Scan",
                                "Parent Relationship": "Outer",
                                "Parallel Aware": false,
                                "Index Name": "char_name_pkey",
                                "Startup Cost": 0.0,
                                "Total Cost": 0.49,
                                "Plan Rows": 1,
                                "Plan Width": 0,
                                "Actual Startup Time": 0.003,
                                "Actual Total Time": 0.003,
                                "Actual Rows": 1,
                                "Actual Loops": 5,
                                "Index Cond": "(chn.id = ci.person_role_id)"
                            }
                        ]
                    }
                ]
            }
        ]
    },
    "Planning Time": 44.693,
    "Triggers": [],
    "Execution Time": 13561.152
}