[
  {
    "Plan": {
      "Node Type": "Aggregate",
      "Strategy": "Plain",
      "Partial Mode": "Finalize",
      "Parallel Aware": false,
      "Startup Cost": 90706.57,
      "Total Cost": 90706.58,
      "Plan Rows": 1,
      "Plan Width": 8,
      "Actual Startup Time": 279.12,
      "Actual Total Time": 298.251,
      "Actual Rows": 1,
      "Actual Loops": 1,
      "Plans": [
        {
          "Node Type": "Gather",
          "Parent Relationship": "Outer",
          "Parallel Aware": false,
          "Startup Cost": 90706.25,
          "Total Cost": 90706.56,
          "Plan Rows": 3,
          "Plan Width": 8,
          "Actual Startup Time": 278.525,
          "Actual Total Time": 298.242,
          "Actual Rows": 4,
          "Actual Loops": 1,
          "Workers Planned": 3,
          "Workers Launched": 3,
          "Single Copy": false,
          "Plans": [
            {
              "Node Type": "Aggregate",
              "Strategy": "Plain",
              "Partial Mode": "Partial",
              "Parent Relationship": "Outer",
              "Parallel Aware": false,
              "Startup Cost": 89706.25,
              "Total Cost": 89706.26,
              "Plan Rows": 1,
              "Plan Width": 8,
              "Actual Startup Time": 271.023,
              "Actual Total Time": 271.027,
              "Actual Rows": 1,
              "Actual Loops": 4,
              "Plans": [
                {
                  "Node Type": "Hash Join",
                  "Parent Relationship": "Outer",
                  "Parallel Aware": true,
                  "Join Type": "Inner",
                  "Startup Cost": 45812.27,
                  "Total Cost": 89659.98,
                  "Plan Rows": 18507,
                  "Plan Width": 0,
                  "Actual Startup Time": 121.726,
                  "Actual Total Time": 270.637,
                  "Actual Rows": 5789,
                  "Actual Loops": 4,
                  "Inner Unique": true,
                  "Hash Cond": "(mk.movie_id = t.id)",
                  "Plans": [
                    {
                      "Node Type": "Seq Scan",
                      "Parent Relationship": "Outer",
                      "Parallel Aware": true,
                      "Relation Name": "movie_keyword",
                      "Alias": "mk",
                      "Startup Cost": 0.0,
                      "Total Cost": 42695.65,
                      "Plan Rows": 438879,
                      "Plan Width": 4,
                      "Actual Startup Time": 0.03,
                      "Actual Total Time": 110.691,
                      "Actual Rows": 343062,
                      "Actual Loops": 4,
                      "Filter": "(keyword_id < 1808)",
                      "Rows Removed by Filter": 787921
                    },
                    {
                      "Node Type": "Hash",
                      "Parent Relationship": "Inner",
                      "Parallel Aware": true,
                      "Startup Cost": 45479.1,
                      "Total Cost": 45479.1,
                      "Plan Rows": 26654,
                      "Plan Width": 4,
                      "Actual Startup Time": 119.986,
                      "Actual Total Time": 119.987,
                      "Actual Rows": 27128,
                      "Actual Loops": 4,
                      "Hash Buckets": 131072,
                      "Original Hash Buckets": 131072,
                      "Hash Batches": 1,
                      "Original Hash Batches": 1,
                      "Peak Memory Usage": 5312,
                      "Plans": [
                        {
                          "Node Type": "Seq Scan",
                          "Parent Relationship": "Outer",
                          "Parallel Aware": true,
                          "Relation Name": "title",
                          "Alias": "t",
                          "Startup Cost": 0.0,
                          "Total Cost": 45479.1,
                          "Plan Rows": 26654,
                          "Plan Width": 4,
                          "Actual Startup Time": 0.046,
                          "Actual Total Time": 107.876,
                          "Actual Rows": 27128,
                          "Actual Loops": 4,
                          "Filter": "((kind_id > 1) AND (production_year = 2010))",
                          "Rows Removed by Filter": 604950
                        }
                      ]
                    }
                  ]
                }
              ]
            }
          ]
        }
      ]
    },
    "Planning Time": 0.525,
    "Triggers": [],
    "Execution Time": 298.314
  }
]