[
  {
    "Plan": {
      "Node Type": "Aggregate",
      "Strategy": "Plain",
      "Partial Mode": "Finalize",
      "Parallel Aware": false,
      "Startup Cost": 351449.0,
      "Total Cost": 351449.01,
      "Plan Rows": 1,
      "Plan Width": 8,
      "Actual Startup Time": 789.211,
      "Actual Total Time": 849.645,
      "Actual Rows": 1,
      "Actual Loops": 1,
      "Plans": [
        {
          "Node Type": "Gather",
          "Parent Relationship": "Outer",
          "Parallel Aware": false,
          "Startup Cost": 351448.37,
          "Total Cost": 351448.98,
          "Plan Rows": 6,
          "Plan Width": 8,
          "Actual Startup Time": 789.076,
          "Actual Total Time": 849.633,
          "Actual Rows": 7,
          "Actual Loops": 1,
          "Workers Planned": 6,
          "Workers Launched": 6,
          "Single Copy": false,
          "Plans": [
            {
              "Node Type": "Aggregate",
              "Strategy": "Plain",
              "Partial Mode": "Partial",
              "Parent Relationship": "Outer",
              "Parallel Aware": false,
              "Startup Cost": 350448.37,
              "Total Cost": 350448.38,
              "Plan Rows": 1,
              "Plan Width": 8,
              "Actual Startup Time": 779.07,
              "Actual Total Time": 779.071,
              "Actual Rows": 1,
              "Actual Loops": 7,
              "Plans": [
                {
                  "Node Type": "Seq Scan",
                  "Parent Relationship": "Outer",
                  "Parallel Aware": true,
                  "Relation Name": "cast_info",
                  "Alias": "ci",
                  "Startup Cost": 0.0,
                  "Total Cost": 343257.03,
                  "Plan Rows": 2876537,
                  "Plan Width": 0,
                  "Actual Startup Time": 133.588,
                  "Actual Total Time": 679.467,
                  "Actual Rows": 2294311,
                  "Actual Loops": 7,
                  "Filter": "((person_id > 994395) AND (role_id < 4))",
                  "Rows Removed by Filter": 2883453
                }
              ]
            }
          ]
        }
      ]
    },
    "Planning Time": 0.202,
    "Triggers": [],
    "Execution Time": 849.711
  }
]