{
    "Plan": {
        "Node Type": "Aggregate",
        "Strategy": "Plain",
        "Partial Mode": "Finalize",
        "Parallel Aware": false,
        "Startup Cost": 282003.91,
        "Total Cost": 282003.92,
        "Plan Rows": 1,
        "Plan Width": 8,
        "Actual Startup Time": 712.028,
        "Actual Total Time": 743.36,
        "Actual Rows": 1,
        "Actual Loops": 1,
        "Output": [
            "count(*)"
        ],
        "Plans": [
            {
                "Node Type": "Gather",
                "Parent Relationship": "Outer",
                "Parallel Aware": false,
                "Startup Cost": 282003.28,
                "Total Cost": 282003.89,
                "Plan Rows": 6,
                "Plan Width": 8,
                "Actual Startup Time": 706.447,
                "Actual Total Time": 743.352,
                "Actual Rows": 7,
                "Actual Loops": 1,
                "Output": [
                    "(PARTIAL count(*))"
                ],
                "Workers Planned": 6,
                "Workers Launched": 6,
                "Single Copy": false,
                "Plans": [
                    {
                        "Node Type": "Aggregate",
                        "Strategy": "Plain",
                        "Partial Mode": "Partial",
                        "Parent Relationship": "Outer",
                        "Parallel Aware": false,
                        "Startup Cost": 281003.28,
                        "Total Cost": 281003.29,
                        "Plan Rows": 1,
                        "Plan Width": 8,
                        "Actual Startup Time": 694.484,
                        "Actual Total Time": 694.49,
                        "Actual Rows": 1,
                        "Actual Loops": 7,
                        "Output": [
                            "PARTIAL count(*)"
                        ],
                        "Workers": [
                            {
                                "Worker Number": 0,
                                "Actual Startup Time": 691.889,
                                "Actual Total Time": 691.894,
                                "Actual Rows": 1,
                                "Actual Loops": 1
                            },
                            {
                                "Worker Number": 1,
                                "Actual Startup Time": 692.186,
                                "Actual Total Time": 692.192,
                                "Actual Rows": 1,
                                "Actual Loops": 1
                            },
                            {
                                "Worker Number": 2,
                                "Actual Startup Time": 692.333,
                                "Actual Total Time": 692.339,
                                "Actual Rows": 1,
                                "Actual Loops": 1
                            },
                            {
                                "Worker Number": 3,
                                "Actual Startup Time": 693.049,
                                "Actual Total Time": 693.054,
                                "Actual Rows": 1,
                                "Actual Loops": 1
                            },
                            {
                                "Worker Number": 4,
                                "Actual Startup Time": 692.717,
                                "Actual Total Time": 692.723,
                                "Actual Rows": 1,
                                "Actual Loops": 1
                            },
                            {
                                "Worker Number": 5,
                                "Actual Startup Time": 693.783,
                                "Actual Total Time": 693.788,
                                "Actual Rows": 1,
                                "Actual Loops": 1
                            }
                        ],
                        "Plans": [
                            {
                                "Node Type": "Hash Join",
                                "Parent Relationship": "Outer",
                                "Parallel Aware": true,
                                "Join Type": "Inner",
                                "Startup Cost": 77564.77,
                                "Total Cost": 280537.49,
                                "Plan Rows": 186316,
                                "Plan Width": 0,
                                "Actual Startup Time": 216.492,
                                "Actual Total Time": 673.515,
                                "Actual Rows": 527295,
                                "Actual Loops": 7,
                                "Inner Unique": false,
                                "Hash Cond": "(ci.movie_id = t.id)",
                                "Workers": [
                                    {
                                        "Worker Number": 0,
                                        "Actual Startup Time": 213.948,
                                        "Actual Total Time": 671.019,
                                        "Actual Rows": 529899,
                                        "Actual Loops": 1
                                    },
                                    {
                                        "Worker Number": 1,
                                        "Actual Startup Time": 214.959,
                                        "Actual Total Time": 672.18,
                                        "Actual Rows": 506869,
                                        "Actual Loops": 1
                                    },
                                    {
                                        "Worker Number": 2,
                                        "Actual Startup Time": 214.336,
                                        "Actual Total Time": 671.556,
                                        "Actual Rows": 527038,
                                        "Actual Loops": 1
                                    },
                                    {
                                        "Worker Number": 3,
                                        "Actual Startup Time": 215.051,
                                        "Actual Total Time": 672.215,
                                        "Actual Rows": 528024,
                                        "Actual Loops": 1
                                    },
                                    {
                                        "Worker Number": 4,
                                        "Actual Startup Time": 214.681,
                                        "Actual Total Time": 673.653,
                                        "Actual Rows": 476181,
                                        "Actual Loops": 1
                                    },
                                    {
                                        "Worker Number": 5,
                                        "Actual Startup Time": 215.574,
                                        "Actual Total Time": 672.977,
                                        "Actual Rows": 528252,
                                        "Actual Loops": 1
                                    }
                                ],
                                "Plans": [
                                    {
                                        "Node Type": "Index Scan",
                                        "Parent Relationship": "Outer",
                                        "Parallel Aware": true,
                                        "Scan Direction": "Forward",
                                        "Index Name": "role_id_cast_info",
                                        "Relation Name": "cast_info",
                                        "Schema": "public",
                                        "Alias": "ci",
                                        "Startup Cost": 0.56,
                                        "Total Cost": 197699.43,
                                        "Plan Rows": 1246088,
                                        "Plan Width": 4,
                                        "Actual Startup Time": 0.251,
                                        "Actual Total Time": 211.461,
                                        "Actual Rows": 1064568,
                                        "Actual Loops": 7,
                                        "Output": [
                                            "ci.id",
                                            "ci.person_id",
                                            "ci.movie_id",
                                            "ci.person_role_id",
                                            "ci.note",
                                            "ci.nr_order",
                                            "ci.role_id"
                                        ],
                                        "Index Cond": "(ci.role_id = 2)",
                                        "Rows Removed by Index Recheck": 0,
                                        "Workers": [
                                            {
                                                "Worker Number": 0,
                                                "Actual Startup Time": 0.303,
                                                "Actual Total Time": 217.148,
                                                "Actual Rows": 1059240,
                                                "Actual Loops": 1
                                            },
                                            {
                                                "Worker Number": 1,
                                                "Actual Startup Time": 0.365,
                                                "Actual Total Time": 213.076,
                                                "Actual Rows": 1004250,
                                                "Actual Loops": 1
                                            },
                                            {
                                                "Worker Number": 2,
                                                "Actual Startup Time": 0.195,
                                                "Actual Total Time": 215.399,
                                                "Actual Rows": 1065090,
                                                "Actual Loops": 1
                                            },
                                            {
                                                "Worker Number": 3,
                                                "Actual Startup Time": 0.354,
                                                "Actual Total Time": 215.358,
                                                "Actual Rows": 1065090,
                                                "Actual Loops": 1
                                            },
                                            {
                                                "Worker Number": 4,
                                                "Actual Startup Time": 0.261,
                                                "Actual Total Time": 212.727,
                                                "Actual Rows": 983042,
                                                "Actual Loops": 1
                                            },
                                            {
                                                "Worker Number": 5,
                                                "Actual Startup Time": 0.14,
                                                "Actual Total Time": 217.37,
                                                "Actual Rows": 1070550,
                                                "Actual Loops": 1
                                            }
                                        ]
                                    },
                                    {
                                        "Node Type": "Hash",
                                        "Parent Relationship": "Inner",
                                        "Parallel Aware": true,
                                        "Startup Cost": 76039.87,
                                        "Total Cost": 76039.87,
                                        "Plan Rows": 121947,
                                        "Plan Width": 8,
                                        "Actual Startup Time": 213.914,
                                        "Actual Total Time": 213.918,
                                        "Actual Rows": 69397,
                                        "Actual Loops": 7,
                                        "Output": [
                                            "t.id",
                                            "mc.movie_id"
                                        ],
                                        "Hash Buckets": 524288,
                                        "Original Hash Buckets": 524288,
                                        "Hash Batches": 1,
                                        "Original Hash Batches": 1,
                                        "Peak Memory Usage": 23264,
                                        "Workers": [
                                            {
                                                "Worker Number": 0,
                                                "Actual Startup Time": 213.26,
                                                "Actual Total Time": 213.264,
                                                "Actual Rows": 70454,
                                                "Actual Loops": 1
                                            },
                                            {
                                                "Worker Number": 1,
                                                "Actual Startup Time": 213.428,
                                                "Actual Total Time": 213.432,
                                                "Actual Rows": 63421,
                                                "Actual Loops": 1
                                            },
                                            {
                                                "Worker Number": 2,
                                                "Actual Startup Time": 213.712,
                                                "Actual Total Time": 213.716,
                                                "Actual Rows": 68725,
                                                "Actual Loops": 1
                                            },
                                            {
                                                "Worker Number": 3,
                                                "Actual Startup Time": 214.351,
                                                "Actual Total Time": 214.355,
                                                "Actual Rows": 70424,
                                                "Actual Loops": 1
                                            },
                                            {
                                                "Worker Number": 4,
                                                "Actual Startup Time": 214.022,
                                                "Actual Total Time": 214.027,
                                                "Actual Rows": 63365,
                                                "Actual Loops": 1
                                            },
                                            {
                                                "Worker Number": 5,
                                                "Actual Startup Time": 215.107,
                                                "Actual Total Time": 215.11,
                                                "Actual Rows": 69945,
                                                "Actual Loops": 1
                                            }
                                        ],
                                        "Plans": [
                                            {
                                                "Node Type": "Hash Join",
                                                "Parent Relationship": "Outer",
                                                "Parallel Aware": true,
                                                "Join Type": "Inner",
                                                "Startup Cost": 46623.98,
                                                "Total Cost": 76039.87,
                                                "Plan Rows": 121947,
                                                "Plan Width": 8,
                                                "Actual Startup Time": 110.581,
                                                "Actual Total Time": 190.767,
                                                "Actual Rows": 69397,
                                                "Actual Loops": 7,
                                                "Output": [
                                                    "t.id",
                                                    "mc.movie_id"
                                                ],
                                                "Inner Unique": true,
                                                "Hash Cond": "(mc.movie_id = t.id)",
                                                "Workers": [
                                                    {
                                                        "Worker Number": 0,
                                                        "Actual Startup Time": 110.356,
                                                        "Actual Total Time": 190.509,
                                                        "Actual Rows": 70454,
                                                        "Actual Loops": 1
                                                    },
                                                    {
                                                        "Worker Number": 1,
                                                        "Actual Startup Time": 110.619,
                                                        "Actual Total Time": 191.244,
                                                        "Actual Rows": 63421,
                                                        "Actual Loops": 1
                                                    },
                                                    {
                                                        "Worker Number": 2,
                                                        "Actual Startup Time": 110.601,
                                                        "Actual Total Time": 190.868,
                                                        "Actual Rows": 68725,
                                                        "Actual Loops": 1
                                                    },
                                                    {
                                                        "Worker Number": 3,
                                                        "Actual Startup Time": 110.613,
                                                        "Actual Total Time": 191.184,
                                                        "Actual Rows": 70424,
                                                        "Actual Loops": 1
                                                    },
                                                    {
                                                        "Worker Number": 4,
                                                        "Actual Startup Time": 110.584,
                                                        "Actual Total Time": 190.752,
                                                        "Actual Rows": 63365,
                                                        "Actual Loops": 1
                                                    },
                                                    {
                                                        "Worker Number": 5,
                                                        "Actual Startup Time": 110.604,
                                                        "Actual Total Time": 190.89,
                                                        "Actual Rows": 69945,
                                                        "Actual Loops": 1
                                                    }
                                                ],
                                                "Plans": [
                                                    {
                                                        "Node Type": "Seq Scan",
                                                        "Parent Relationship": "Outer",
                                                        "Parallel Aware": true,
                                                        "Relation Name": "movie_companies",
                                                        "Schema": "public",
                                                        "Alias": "mc",
                                                        "Startup Cost": 0.0,
                                                        "Total Cost": 27206.55,
                                                        "Plan Rows": 841655,
                                                        "Plan Width": 4,
                                                        "Actual Startup Time": 0.017,
                                                        "Actual Total Time": 37.539,
                                                        "Actual Rows": 372733,
                                                        "Actual Loops": 7,
                                                        "Output": [
                                                            "mc.id",
                                                            "mc.movie_id",
                                                            "mc.company_id",
                                                            "mc.company_type_id",
                                                            "mc.note"
                                                        ],
                                                        "Workers": [
                                                            {
                                                                "Worker Number": 0,
                                                                "Actual Startup Time": 0.017,
                                                                "Actual Total Time": 38.645,
                                                                "Actual Rows": 375164,
                                                                "Actual Loops": 1
                                                            },
                                                            {
                                                                "Worker Number": 1,
                                                                "Actual Startup Time": 0.022,
                                                                "Actual Total Time": 38.517,
                                                                "Actual Rows": 336095,
                                                                "Actual Loops": 1
                                                            },
                                                            {
                                                                "Worker Number": 2,
                                                                "Actual Startup Time": 0.016,
                                                                "Actual Total Time": 38.573,
                                                                "Actual Rows": 374370,
                                                                "Actual Loops": 1
                                                            },
                                                            {
                                                                "Worker Number": 3,
                                                                "Actual Startup Time": 0.018,
                                                                "Actual Total Time": 38.928,
                                                                "Actual Rows": 376505,
                                                                "Actual Loops": 1
                                                            },
                                                            {
                                                                "Worker Number": 4,
                                                                "Actual Startup Time": 0.021,
                                                                "Actual Total Time": 38.232,
                                                                "Actual Rows": 329724,
                                                                "Actual Loops": 1
                                                            },
                                                            {
                                                                "Worker Number": 5,
                                                                "Actual Startup Time": 0.018,
                                                                "Actual Total Time": 38.77,
                                                                "Actual Rows": 377006,
                                                                "Actual Loops": 1
                                                            }
                                                        ]
                                                    },
                                                    {
                                                        "Node Type": "Hash",
                                                        "Parent Relationship": "Inner",
                                                        "Parallel Aware": true,
                                                        "Startup Cost": 45479.21,
                                                        "Total Cost": 45479.21,
                                                        "Plan Rows": 91582,
                                                        "Plan Width": 4,
                                                        "Actual Startup Time": 92.977,
                                                        "Actual Total Time": 92.978,
                                                        "Actual Rows": 39145,
                                                        "Actual Loops": 7,
                                                        "Output": [
                                                            "t.id"
                                                        ],
                                                        "Hash Buckets": 524288,
                                                        "Original Hash Buckets": 524288,
                                                        "Hash Batches": 1,
                                                        "Original Hash Batches": 1,
                                                        "Peak Memory Usage": 14912,
                                                        "Workers": [
                                                            {
                                                                "Worker Number": 0,
                                                                "Actual Startup Time": 93.776,
                                                                "Actual Total Time": 93.777,
                                                                "Actual Rows": 38946,
                                                                "Actual Loops": 1
                                                            },
                                                            {
                                                                "Worker Number": 1,
                                                                "Actual Startup Time": 94.027,
                                                                "Actual Total Time": 94.028,
                                                                "Actual Rows": 35065,
                                                                "Actual Loops": 1
                                                            },
                                                            {
                                                                "Worker Number": 2,
                                                                "Actual Startup Time": 93.979,
                                                                "Actual Total Time": 93.98,
                                                                "Actual Rows": 39120,
                                                                "Actual Loops": 1
                                                            },
                                                            {
                                                                "Worker Number": 3,
                                                                "Actual Startup Time": 93.957,
                                                                "Actual Total Time": 93.958,
                                                                "Actual Rows": 38976,
                                                                "Actual Loops": 1
                                                            },
                                                            {
                                                                "Worker Number": 4,
                                                                "Actual Startup Time": 93.997,
                                                                "Actual Total Time": 93.999,
                                                                "Actual Rows": 34034,
                                                                "Actual Loops": 1
                                                            },
                                                            {
                                                                "Worker Number": 5,
                                                                "Actual Startup Time": 94.017,
                                                                "Actual Total Time": 94.017,
                                                                "Actual Rows": 39381,
                                                                "Actual Loops": 1
                                                            }
                                                        ],
                                                        "Plans": [
                                                            {
                                                                "Node Type": "Seq Scan",
                                                                "Parent Relationship": "Outer",
                                                                "Parallel Aware": true,
                                                                "Relation Name": "title",
                                                                "Schema": "public",
                                                                "Alias": "t",
                                                                "Startup Cost": 0.0,
                                                                "Total Cost": 45479.21,
                                                                "Plan Rows": 91582,
                                                                "Plan Width": 4,
                                                                "Actual Startup Time": 42.206,
                                                                "Actual Total Time": 72.454,
                                                                "Actual Rows": 39145,
                                                                "Actual Loops": 7,
                                                                "Output": [
                                                                    "t.id"
                                                                ],
                                                                "Filter": "((t.production_year > 2000) AND (t.kind_id = 1))",
                                                                "Rows Removed by Filter": 322042,
                                                                "Workers": [
                                                                    {
                                                                        "Worker Number": 0,
                                                                        "Actual Startup Time": 48.05,
                                                                        "Actual Total Time": 72.654,
                                                                        "Actual Rows": 38946,
                                                                        "Actual Loops": 1
                                                                    },
                                                                    {
                                                                        "Worker Number": 1,
                                                                        "Actual Startup Time": 48.241,
                                                                        "Actual Total Time": 72.527,
                                                                        "Actual Rows": 35065,
                                                                        "Actual Loops": 1
                                                                    },
                                                                    {
                                                                        "Worker Number": 2,
                                                                        "Actual Startup Time": 6.229,
                                                                        "Actual Total Time": 72.843,
                                                                        "Actual Rows": 39120,
                                                                        "Actual Loops": 1
                                                                    },
                                                                    {
                                                                        "Worker Number": 3,
                                                                        "Actual Startup Time": 48.626,
                                                                        "Actual Total Time": 73.012,
                                                                        "Actual Rows": 38976,
                                                                        "Actual Loops": 1
                                                                    },
                                                                    {
                                                                        "Worker Number": 4,
                                                                        "Actual Startup Time": 48.009,
                                                                        "Actual Total Time": 72.063,
                                                                        "Actual Rows": 34034,
                                                                        "Actual Loops": 1
                                                                    },
                                                                    {
                                                                        "Worker Number": 5,
                                                                        "Actual Startup Time": 48.138,
                                                                        "Actual Total Time": 73.092,
                                                                        "Actual Rows": 39381,
                                                                        "Actual Loops": 1
                                                                    }
                                                                ]
                                                            }
                                                        ]
                                                    }
                                                ]
                                            }
                                        ]
                                    }
                                ]
                            }
                        ]
                    }
                ]
            }
        ]
    },
    "Planning Time": 1.621,
    "Triggers": [],
    "Execution Time": 743.466
}