[
  {
    "Plan": {
      "Node Type": "Aggregate",
      "Strategy": "Plain",
      "Partial Mode": "Finalize",
      "Parallel Aware": false,
      "Startup Cost": 83408.48,
      "Total Cost": 83408.49,
      "Plan Rows": 1,
      "Plan Width": 8,
      "Actual Startup Time": 173.9,
      "Actual Total Time": 183.985,
      "Actual Rows": 1,
      "Actual Loops": 1,
      "Plans": [
        {
          "Node Type": "Gather",
          "Parent Relationship": "Outer",
          "Parallel Aware": false,
          "Startup Cost": 83408.16,
          "Total Cost": 83408.47,
          "Plan Rows": 3,
          "Plan Width": 8,
          "Actual Startup Time": 173.311,
          "Actual Total Time": 183.977,
          "Actual Rows": 4,
          "Actual Loops": 1,
          "Workers Planned": 3,
          "Workers Launched": 3,
          "Single Copy": false,
          "Plans": [
            {
              "Node Type": "Aggregate",
              "Strategy": "Plain",
              "Partial Mode": "Partial",
              "Parent Relationship": "Outer",
              "Parallel Aware": false,
              "Startup Cost": 82408.16,
              "Total Cost": 82408.17,
              "Plan Rows": 1,
              "Plan Width": 8,
              "Actual Startup Time": 168.301,
              "Actual Total Time": 168.306,
              "Actual Rows": 1,
              "Actual Loops": 4,
              "Plans": [
                {
                  "Node Type": "Hash Join",
                  "Parent Relationship": "Outer",
                  "Parallel Aware": true,
                  "Join Type": "Inner",
                  "Startup Cost": 38981.37,
                  "Total Cost": 82379.87,
                  "Plan Rows": 11315,
                  "Plan Width": 0,
                  "Actual Startup Time": 71.276,
                  "Actual Total Time": 166.945,
                  "Actual Rows": 26668,
                  "Actual Loops": 4,
                  "Inner Unique": true,
                  "Hash Cond": "(mk.movie_id = t.id)",
                  "Plans": [
                    {
                      "Node Type": "Seq Scan",
                      "Parent Relationship": "Outer",
                      "Parallel Aware": true,
                      "Relation Name": "movie_keyword",
                      "Alias": "mk",
                      "Startup Cost": 0.0,
                      "Total Cost": 42695.65,
                      "Plan Rows": 267753,
                      "Plan Width": 4,
                      "Actual Startup Time": 0.024,
                      "Actual Total Time": 90.87,
                      "Actual Rows": 207560,
                      "Actual Loops": 4,
                      "Filter": "(keyword_id < 797)",
                      "Rows Removed by Filter": 923422
                    },
                    {
                      "Node Type": "Hash",
                      "Parent Relationship": "Inner",
                      "Parallel Aware": true,
                      "Startup Cost": 38647.44,
                      "Total Cost": 38647.44,
                      "Plan Rows": 26714,
                      "Plan Width": 4,
                      "Actual Startup Time": 47.216,
                      "Actual Total Time": 47.218,
                      "Actual Rows": 27896,
                      "Actual Loops": 4,
                      "Hash Buckets": 131072,
                      "Original Hash Buckets": 131072,
                      "Hash Batches": 1,
                      "Original Hash Batches": 1,
                      "Peak Memory Usage": 5440,
                      "Plans": [
                        {
                          "Node Type": "Bitmap Heap Scan",
                          "Parent Relationship": "Outer",
                          "Parallel Aware": true,
                          "Relation Name": "title",
                          "Alias": "t",
                          "Startup Cost": 2194.01,
                          "Total Cost": 38647.44,
                          "Plan Rows": 26714,
                          "Plan Width": 4,
                          "Actual Startup Time": 8.015,
                          "Actual Total Time": 37.08,
                          "Actual Rows": 27896,
                          "Actual Loops": 4,
                          "Recheck Cond": "(kind_id = 4)",
                          "Rows Removed by Index Recheck": 0,
                          "Filter": "(production_year < 2012)",
                          "Rows Removed by Filter": 1662,
                          "Exact Heap Blocks": 5574,
                          "Lossy Heap Blocks": 0,
                          "Plans": [
                            {
                              "Node Type": "Bitmap Index Scan",
                              "Parent Relationship": "Outer",
                              "Parallel Aware": false,
                              "Index Name": "kind_id_title",
                              "Startup Cost": 0.0,
                              "Total Cost": 2167.3,
                              "Plan Rows": 121449,
                              "Plan Width": 0,
                              "Actual Startup Time": 8.885,
                              "Actual Total Time": 8.885,
                              "Actual Rows": 118234,
                              "Actual Loops": 1,
                              "Index Cond": "(kind_id = 4)"
                            }
                          ]
                        }
                      ]
                    }
                  ]
                }
              ]
            }
          ]
        }
      ]
    },
    "Planning Time": 0.249,
    "Triggers": [],
    "Execution Time": 184.031
  }
]