[
  {
    "Plan": {
      "Node Type": "Aggregate",
      "Strategy": "Plain",
      "Partial Mode": "Finalize",
      "Parallel Aware": false,
      "Startup Cost": 47025.14,
      "Total Cost": 47025.15,
      "Plan Rows": 1,
      "Plan Width": 8,
      "Actual Startup Time": 103.196,
      "Actual Total Time": 114.63,
      "Actual Rows": 1,
      "Actual Loops": 1,
      "Plans": [
        {
          "Node Type": "Gather",
          "Parent Relationship": "Outer",
          "Parallel Aware": false,
          "Startup Cost": 47024.72,
          "Total Cost": 47025.13,
          "Plan Rows": 4,
          "Plan Width": 8,
          "Actual Startup Time": 103.065,
          "Actual Total Time": 114.623,
          "Actual Rows": 5,
          "Actual Loops": 1,
          "Workers Planned": 4,
          "Workers Launched": 4,
          "Single Copy": false,
          "Plans": [
            {
              "Node Type": "Aggregate",
              "Strategy": "Plain",
              "Partial Mode": "Partial",
              "Parent Relationship": "Outer",
              "Parallel Aware": false,
              "Startup Cost": 46024.72,
              "Total Cost": 46024.73,
              "Plan Rows": 1,
              "Plan Width": 8,
              "Actual Startup Time": 95.117,
              "Actual Total Time": 95.119,
              "Actual Rows": 1,
              "Actual Loops": 5,
              "Plans": [
                {
                  "Node Type": "Seq Scan",
                  "Parent Relationship": "Outer",
                  "Parallel Aware": true,
                  "Relation Name": "title",
                  "Alias": "t",
                  "Startup Cost": 0.0,
                  "Total Cost": 45479.1,
                  "Plan Rows": 218248,
                  "Plan Width": 0,
                  "Actual Startup Time": 0.051,
                  "Actual Total Time": 88.183,
                  "Actual Rows": 156561,
                  "Actual Loops": 5,
                  "Filter": "((kind_id < 7) AND (production_year > 1959))",
                  "Rows Removed by Filter": 349101
                }
              ]
            }
          ]
        }
      ]
    },
    "Planning Time": 0.186,
    "Triggers": [],
    "Execution Time": 114.687
  }
]