[
  {
    "Plan": {
      "Node Type": "Aggregate",
      "Strategy": "Plain",
      "Partial Mode": "Finalize",
      "Parallel Aware": false,
      "Startup Cost": 77219.77,
      "Total Cost": 77219.78,
      "Plan Rows": 1,
      "Plan Width": 8,
      "Actual Startup Time": 346.287,
      "Actual Total Time": 361.585,
      "Actual Rows": 1,
      "Actual Loops": 1,
      "Plans": [
        {
          "Node Type": "Gather",
          "Parent Relationship": "Outer",
          "Parallel Aware": false,
          "Startup Cost": 77219.46,
          "Total Cost": 77219.77,
          "Plan Rows": 3,
          "Plan Width": 8,
          "Actual Startup Time": 334.71,
          "Actual Total Time": 361.574,
          "Actual Rows": 4,
          "Actual Loops": 1,
          "Workers Planned": 3,
          "Workers Launched": 3,
          "Single Copy": false,
          "Plans": [
            {
              "Node Type": "Aggregate",
              "Strategy": "Plain",
              "Partial Mode": "Partial",
              "Parent Relationship": "Outer",
              "Parallel Aware": false,
              "Startup Cost": 76219.46,
              "Total Cost": 76219.47,
              "Plan Rows": 1,
              "Plan Width": 8,
              "Actual Startup Time": 326.965,
              "Actual Total Time": 326.969,
              "Actual Rows": 1,
              "Actual Loops": 4,
              "Plans": [
                {
                  "Node Type": "Hash Join",
                  "Parent Relationship": "Outer",
                  "Parallel Aware": true,
                  "Join Type": "Inner",
                  "Startup Cost": 51150.14,
                  "Total Cost": 76163.11,
                  "Plan Rows": 22538,
                  "Plan Width": 0,
                  "Actual Startup Time": 275.063,
                  "Actual Total Time": 326.639,
                  "Actual Rows": 4678,
                  "Actual Loops": 4,
                  "Inner Unique": true,
                  "Hash Cond": "(mk.movie_id = t.id)",
                  "Plans": [
                    {
                      "Node Type": "Bitmap Heap Scan",
                      "Parent Relationship": "Outer",
                      "Parallel Aware": true,
                      "Relation Name": "movie_keyword",
                      "Alias": "mk",
                      "Startup Cost": 2432.33,
                      "Total Cost": 27348.29,
                      "Plan Rows": 36957,
                      "Plan Width": 4,
                      "Actual Startup Time": 11.596,
                      "Actual Total Time": 47.798,
                      "Actual Rows": 29348,
                      "Actual Loops": 4,
                      "Recheck Cond": "(keyword_id < 115)",
                      "Rows Removed by Index Recheck": 0,
                      "Exact Heap Blocks": 7213,
                      "Lossy Heap Blocks": 0,
                      "Plans": [
                        {
                          "Node Type": "Bitmap Index Scan",
                          "Parent Relationship": "Outer",
                          "Parallel Aware": false,
                          "Index Name": "keyword_id_movie_keyword",
                          "Startup Cost": 0.0,
                          "Total Cost": 2403.68,
                          "Plan Rows": 114567,
                          "Plan Width": 0,
                          "Actual Startup Time": 8.296,
                          "Actual Total Time": 8.297,
                          "Actual Rows": 117394,
                          "Actual Loops": 1,
                          "Index Cond": "(keyword_id < 115)"
                        }
                      ]
                    },
                    {
                      "Node Type": "Hash",
                      "Parent Relationship": "Inner",
                      "Parallel Aware": true,
                      "Startup Cost": 43899.32,
                      "Total Cost": 43899.32,
                      "Plan Rows": 385479,
                      "Plan Width": 4,
                      "Actual Startup Time": 258.187,
                      "Actual Total Time": 258.188,
                      "Actual Rows": 385816,
                      "Actual Loops": 4,
                      "Hash Buckets": 2097152,
                      "Original Hash Buckets": 2097152,
                      "Hash Batches": 1,
                      "Original Hash Batches": 1,
                      "Peak Memory Usage": 76832,
                      "Plans": [
                        {
                          "Node Type": "Seq Scan",
                          "Parent Relationship": "Outer",
                          "Parallel Aware": true,
                          "Relation Name": "title",
                          "Alias": "t",
                          "Startup Cost": 0.0,
                          "Total Cost": 43899.32,
                          "Plan Rows": 385479,
                          "Plan Width": 4,
                          "Actual Startup Time": 0.036,
                          "Actual Total Time": 108.78,
                          "Actual Rows": 385816,
                          "Actual Loops": 4,
                          "Filter": "(kind_id = 7)",
                          "Rows Removed by Filter": 246262
                        }
                      ]
                    }
                  ]
                }
              ]
            }
          ]
        }
      ]
    },
    "Planning Time": 0.279,
    "Triggers": [],
    "Execution Time": 361.636
  }
]