[
  {
    "Plan": {
      "Node Type": "Aggregate",
      "Strategy": "Plain",
      "Partial Mode": "Finalize",
      "Parallel Aware": false,
      "Startup Cost": 46340.58,
      "Total Cost": 46340.59,
      "Plan Rows": 1,
      "Plan Width": 8,
      "Actual Startup Time": 125.772,
      "Actual Total Time": 136.107,
      "Actual Rows": 1,
      "Actual Loops": 1,
      "Plans": [
        {
          "Node Type": "Gather",
          "Parent Relationship": "Outer",
          "Parallel Aware": false,
          "Startup Cost": 46340.16,
          "Total Cost": 46340.57,
          "Plan Rows": 4,
          "Plan Width": 8,
          "Actual Startup Time": 125.503,
          "Actual Total Time": 136.097,
          "Actual Rows": 5,
          "Actual Loops": 1,
          "Workers Planned": 4,
          "Workers Launched": 4,
          "Single Copy": false,
          "Plans": [
            {
              "Node Type": "Aggregate",
              "Strategy": "Plain",
              "Partial Mode": "Partial",
              "Parent Relationship": "Outer",
              "Parallel Aware": false,
              "Startup Cost": 45340.16,
              "Total Cost": 45340.17,
              "Plan Rows": 1,
              "Plan Width": 8,
              "Actual Startup Time": 117.671,
              "Actual Total Time": 117.672,
              "Actual Rows": 1,
              "Actual Loops": 5,
              "Plans": [
                {
                  "Node Type": "Seq Scan",
                  "Parent Relationship": "Outer",
                  "Parallel Aware": true,
                  "Relation Name": "title",
                  "Alias": "t",
                  "Startup Cost": 0.0,
                  "Total Cost": 43898.92,
                  "Plan Rows": 576496,
                  "Plan Width": 0,
                  "Actual Startup Time": 0.037,
                  "Actual Total Time": 94.183,
                  "Actual Rows": 460202,
                  "Actual Loops": 5,
                  "Filter": "(production_year > 1946)",
                  "Rows Removed by Filter": 45460
                }
              ]
            }
          ]
        }
      ]
    },
    "Planning Time": 0.151,
    "Triggers": [],
    "Execution Time": 136.176
  }
]