[
  {
    "Plan": {
      "Node Type": "Aggregate",
      "Strategy": "Plain",
      "Partial Mode": "Finalize",
      "Parallel Aware": false,
      "Startup Cost": 109484.23,
      "Total Cost": 109484.24,
      "Plan Rows": 1,
      "Plan Width": 8,
      "Actual Startup Time": 169.741,
      "Actual Total Time": 185.97,
      "Actual Rows": 1,
      "Actual Loops": 1,
      "Plans": [
        {
          "Node Type": "Gather",
          "Parent Relationship": "Outer",
          "Parallel Aware": false,
          "Startup Cost": 109483.71,
          "Total Cost": 109484.22,
          "Plan Rows": 5,
          "Plan Width": 8,
          "Actual Startup Time": 169.582,
          "Actual Total Time": 185.96,
          "Actual Rows": 6,
          "Actual Loops": 1,
          "Workers Planned": 5,
          "Workers Launched": 5,
          "Single Copy": false,
          "Plans": [
            {
              "Node Type": "Aggregate",
              "Strategy": "Plain",
              "Partial Mode": "Partial",
              "Parent Relationship": "Outer",
              "Parallel Aware": false,
              "Startup Cost": 108483.71,
              "Total Cost": 108483.72,
              "Plan Rows": 1,
              "Plan Width": 8,
              "Actual Startup Time": 164.301,
              "Actual Total Time": 164.303,
              "Actual Rows": 1,
              "Actual Loops": 6,
              "Plans": [
                {
                  "Node Type": "Index Scan",
                  "Parent Relationship": "Outer",
                  "Parallel Aware": true,
                  "Scan Direction": "Forward",
                  "Index Name": "role_id_cast_info",
                  "Relation Name": "cast_info",
                  "Alias": "ci",
                  "Startup Cost": 0.56,
                  "Total Cost": 107159.34,
                  "Plan Rows": 529750,
                  "Plan Width": 0,
                  "Actual Startup Time": 0.103,
                  "Actual Total Time": 149.772,
                  "Actual Rows": 269928,
                  "Actual Loops": 6,
                  "Index Cond": "(role_id = 3)",
                  "Rows Removed by Index Recheck": 0,
                  "Filter": "(person_id < 2525492)",
                  "Rows Removed by Filter": 398079
                }
              ]
            }
          ]
        }
      ]
    },
    "Planning Time": 0.106,
    "Triggers": [],
    "Execution Time": 186.008
  }
]