[
  {
    "Plan": {
      "Node Type": "Aggregate",
      "Strategy": "Plain",
      "Partial Mode": "Finalize",
      "Parallel Aware": false,
      "Startup Cost": 46834.87,
      "Total Cost": 46834.88,
      "Plan Rows": 1,
      "Plan Width": 8,
      "Actual Startup Time": 196.468,
      "Actual Total Time": 205.633,
      "Actual Rows": 1,
      "Actual Loops": 1,
      "Plans": [
        {
          "Node Type": "Gather",
          "Parent Relationship": "Outer",
          "Parallel Aware": false,
          "Startup Cost": 46834.55,
          "Total Cost": 46834.86,
          "Plan Rows": 3,
          "Plan Width": 8,
          "Actual Startup Time": 196.327,
          "Actual Total Time": 205.621,
          "Actual Rows": 4,
          "Actual Loops": 1,
          "Workers Planned": 3,
          "Workers Launched": 3,
          "Single Copy": false,
          "Plans": [
            {
              "Node Type": "Aggregate",
              "Strategy": "Plain",
              "Partial Mode": "Partial",
              "Parent Relationship": "Outer",
              "Parallel Aware": false,
              "Startup Cost": 45834.55,
              "Total Cost": 45834.56,
              "Plan Rows": 1,
              "Plan Width": 8,
              "Actual Startup Time": 187.682,
              "Actual Total Time": 187.683,
              "Actual Rows": 1,
              "Actual Loops": 4,
              "Plans": [
                {
                  "Node Type": "Seq Scan",
                  "Parent Relationship": "Outer",
                  "Parallel Aware": true,
                  "Relation Name": "movie_keyword",
                  "Alias": "mk",
                  "Startup Cost": 0.0,
                  "Total Cost": 42695.65,
                  "Plan Rows": 1255560,
                  "Plan Width": 0,
                  "Actual Startup Time": 0.073,
                  "Actual Total Time": 137.1,
                  "Actual Rows": 970916,
                  "Actual Loops": 4,
                  "Filter": "(keyword_id < 29032)",
                  "Rows Removed by Filter": 160066
                }
              ]
            }
          ]
        }
      ]
    },
    "Planning Time": 0.19,
    "Triggers": [],
    "Execution Time": 205.689
  }
]