{
  "Plan": {
    "Node Type": "Aggregate",
    "Strategy": "Plain",
    "Partial Mode": "Finalize",
    "Parallel Aware": false,
    "Startup Cost": 672644.26,
    "Total Cost": 672644.27,
    "Plan Rows": 1,
    "Plan Width": 8,
    "Actual Startup Time": 4198.53,
    "Actual Total Time": 4253.888,
    "Actual Rows": 1,
    "Actual Loops": 1,
    "Plans": [
      {
        "Node Type": "Gather",
        "Parent Relationship": "Outer",
        "Parallel Aware": false,
        "Startup Cost": 672644.15,
        "Total Cost": 672644.26,
        "Plan Rows": 1,
        "Plan Width": 8,
        "Actual Startup Time": 4062.848,
        "Actual Total Time": 4253.871,
        "Actual Rows": 2,
        "Actual Loops": 1,
        "Workers Planned": 1,
        "Workers Launched": 1,
        "Single Copy": false,
        "Plans": [
          {
            "Node Type": "Aggregate",
            "Strategy": "Plain",
            "Partial Mode": "Partial",
            "Parent Relationship": "Outer",
            "Parallel Aware": false,
            "Startup Cost": 671644.15,
            "Total Cost": 671644.16,
            "Plan Rows": 1,
            "Plan Width": 8,
            "Actual Startup Time": 4116.331,
            "Actual Total Time": 4116.34,
            "Actual Rows": 1,
            "Actual Loops": 2,
            "Plans": [
              {
                "Node Type": "Merge Join",
                "Parent Relationship": "Outer",
                "Parallel Aware": false,
                "Join Type": "Inner",
                "Startup Cost": 650298.35,
                "Total Cost": 669986.63,
                "Plan Rows": 663006,
                "Plan Width": 0,
                "Actual Startup Time": 3097.535,
                "Actual Total Time": 3936.339,
                "Actual Rows": 4794494,
                "Actual Loops": 2,
                "Inner Unique": false,
                "Merge Cond": "(t.id = mc.movie_id)",
                "Plans": [
                  {
                    "Node Type": "Sort",
                    "Parent Relationship": "Outer",
                    "Parallel Aware": false,
                    "Startup Cost": 485196.9,
                    "Total Cost": 488902.8,
                    "Plan Rows": 1482361,
                    "Plan Width": 8,
                    "Actual Startup Time": 2646.556,
                    "Actual Total Time": 2732.373,
                    "Actual Rows": 1936312,
                    "Actual Loops": 2,
                    "Sort Key": [
                      "t.id"
                    ],
                    "Sort Method": "quicksort",
                    "Sort Space Used": 133266,
                    "Sort Space Type": "Memory",
                    "Workers": [
                      {
                        "Worker Number": 0,
                        "Sort Method": "quicksort",
                        "Sort Space Used": 146601,
                        "Sort Space Type": "Memory"
                      }
                    ],
                    "Plans": [
                      {
                        "Node Type": "Hash Join",
                        "Parent Relationship": "Outer",
                        "Parallel Aware": true,
                        "Join Type": "Inner",
                        "Startup Cost": 61475.37,
                        "Total Cost": 333258.86,
                        "Plan Rows": 1482361,
                        "Plan Width": 8,
                        "Actual Startup Time": 219.022,
                        "Actual Total Time": 2190.558,
                        "Actual Rows": 1936663,
                        "Actual Loops": 2,
                        "Inner Unique": true,
                        "Hash Cond": "(mi.movie_id = t.id)",
                        "Plans": [
                          {
                            "Node Type": "Seq Scan",
                            "Parent Relationship": "Outer",
                            "Parallel Aware": true,
                            "Relation Name": "movie_info",
                            "Alias": "mi",
                            "Startup Cost": 0.0,
                            "Total Cost": 248955.74,
                            "Plan Rows": 8696274,
                            "Plan Width": 4,
                            "Actual Startup Time": 0.009,
                            "Actual Total Time": 686.06,
                            "Actual Rows": 7417860,
                            "Actual Loops": 2
                          },
                          {
                            "Node Type": "Hash",
                            "Parent Relationship": "Inner",
                            "Parallel Aware": true,
                            "Startup Cost": 58306.47,
                            "Total Cost": 58306.47,
                            "Plan Rows": 253512,
                            "Plan Width": 4,
                            "Actual Startup Time": 211.503,
                            "Actual Total Time": 211.505,
                            "Actual Rows": 168643,
                            "Actual Loops": 2,
                            "Hash Buckets": 524288,
                            "Original Hash Buckets": 524288,
                            "Hash Batches": 1,
                            "Original Hash Batches": 1,
                            "Peak Memory Usage": 17344,
                            "Plans": [
                              {
                                "Node Type": "Seq Scan",
                                "Parent Relationship": "Outer",
                                "Parallel Aware": true,
                                "Relation Name": "title",
                                "Alias": "t",
                                "Startup Cost": 0.0,
                                "Total Cost": 58306.47,
                                "Plan Rows": 253512,
                                "Plan Width": 4,
                                "Actual Startup Time": 0.07,
                                "Actual Total Time": 166.236,
                                "Actual Rows": 168643,
                                "Actual Loops": 2,
                                "Filter": "((kind_id < 4) AND (production_year > 2002))",
                                "Rows Removed by Filter": 1095513
                              }
                            ]
                          }
                        ]
                      }
                    ]
                  },
                  {
                    "Node Type": "Sort",
                    "Parent Relationship": "Inner",
                    "Parallel Aware": false,
                    "Startup Cost": 165101.3,
                    "Total Cost": 167928.34,
                    "Plan Rows": 1130813,
                    "Plan Width": 4,
                    "Actual Startup Time": 450.966,
                    "Actual Total Time": 642.092,
                    "Actual Rows": 5706848,
                    "Actual Loops": 2,
                    "Sort Key": [
                      "mc.movie_id"
                    ],
                    "Sort Method": "quicksort",
                    "Sort Space Used": 102029,
                    "Sort Space Type": "Memory",
                    "Workers": [
                      {
                        "Worker Number": 0,
                        "Sort Method": "quicksort",
                        "Sort Space Used": 102029,
                        "Sort Space Type": "Memory"
                      }
                    ],
                    "Plans": [
                      {
                        "Node Type": "Seq Scan",
                        "Parent Relationship": "Outer",
                        "Parallel Aware": false,
                        "Relation Name": "movie_companies",
                        "Alias": "mc",
                        "Startup Cost": 0.0,
                        "Total Cost": 51404.11,
                        "Plan Rows": 1130813,
                        "Plan Width": 4,
                        "Actual Startup Time": 0.041,
                        "Actual Total Time": 218.784,
                        "Actual Rows": 1128023,
                        "Actual Loops": 2,
                        "Filter": "(company_id < 8185)",
                        "Rows Removed by Filter": 1481106
                      }
                    ]
                  }
                ]
              }
            ]
          }
        ]
      }
    ]
  },
  "Planning Time": 1.14,
  "Triggers": [],
  "Execution Time": 4279.653
}