[
  {
    "Bao": {
      "Bao prediction": 1889.784,
      "Bao recommended hint": "SET enable_nestloop TO off; SET enable_mergejoin TO off; SET enable_indexscan TO off; "
    }
  },
  {
    "Plan": {
      "Node Type": "Aggregate",
      "Strategy": "Plain",
      "Partial Mode": "Simple",
      "Parallel Aware": false,
      "Startup Cost": 334681.93,
      "Total Cost": 334681.94,
      "Plan Rows": 1,
      "Plan Width": 96,
      "Actual Startup Time": 1040.479,
      "Actual Total Time": 1110.897,
      "Actual Rows": 1,
      "Actual Loops": 1,
      "Plans": [
        {
          "Node Type": "Hash Join",
          "Parent Relationship": "Outer",
          "Parallel Aware": false,
          "Join Type": "Inner",
          "Startup Cost": 128155.19,
          "Total Cost": 334681.93,
          "Plan Rows": 1,
          "Plan Width": 48,
          "Actual Startup Time": 1039.448,
          "Actual Total Time": 1110.852,
          "Actual Rows": 247,
          "Actual Loops": 1,
          "Inner Unique": true,
          "Hash Cond": "(mc.company_type_id = ct.id)",
          "Plans": [
            {
              "Node Type": "Gather",
              "Parent Relationship": "Outer",
              "Parallel Aware": false,
              "Startup Cost": 128154.13,
              "Total Cost": 334680.86,
              "Plan Rows": 1,
              "Plan Width": 52,
              "Actual Startup Time": 1039.363,
              "Actual Total Time": 1110.721,
              "Actual Rows": 247,
              "Actual Loops": 1,
              "Workers Planned": 5,
              "Workers Launched": 5,
              "Single Copy": false,
              "Plans": [
                {
                  "Node Type": "Hash Join",
                  "Parent Relationship": "Outer",
                  "Parallel Aware": true,
                  "Join Type": "Inner",
                  "Startup Cost": 127154.13,
                  "Total Cost": 333680.76,
                  "Plan Rows": 1,
                  "Plan Width": 52,
                  "Actual Startup Time": 1010.332,
                  "Actual Total Time": 1027.824,
                  "Actual Rows": 41,
                  "Actual Loops": 6,
                  "Inner Unique": false,
                  "Hash Cond": "(mi.movie_id = ml.movie_id)",
                  "Plans": [
                    {
                      "Node Type": "Seq Scan",
                      "Parent Relationship": "Outer",
                      "Parallel Aware": true,
                      "Relation Name": "movie_info",
                      "Alias": "mi",
                      "Startup Cost": 0.0,
                      "Total Cost": 206442.71,
                      "Plan Rows": 22376,
                      "Plan Width": 4,
                      "Actual Startup Time": 0.214,
                      "Actual Total Time": 550.819,
                      "Actual Rows": 22373,
                      "Actual Loops": 6,
                      "Filter": "(info = ANY ('{Sweden,Germany,Swedish,German}'::text[]))",
                      "Rows Removed by Filter": 2450247
                    },
                    {
                      "Node Type": "Hash",
                      "Parent Relationship": "Inner",
                      "Parallel Aware": true,
                      "Startup Cost": 127154.12,
                      "Total Cost": 127154.12,
                      "Plan Rows": 1,
                      "Plan Width": 72,
                      "Actual Startup Time": 473.651,
                      "Actual Total Time": 473.676,
                      "Actual Rows": 16,
                      "Actual Loops": 6,
                      "Hash Buckets": 1024,
                      "Original Hash Buckets": 1024,
                      "Hash Batches": 1,
                      "Original Hash Batches": 1,
                      "Peak Memory Usage": 104,
                      "Plans": [
                        {
                          "Node Type": "Hash Join",
                          "Parent Relationship": "Outer",
                          "Parallel Aware": true,
                          "Join Type": "Inner",
                          "Startup Cost": 121638.18,
                          "Total Cost": 127154.12,
                          "Plan Rows": 1,
                          "Plan Width": 72,
                          "Actual Startup Time": 468.404,
                          "Actual Total Time": 473.573,
                          "Actual Rows": 16,
                          "Actual Loops": 6,
                          "Inner Unique": false,
                          "Hash Cond": "(cn.id = mc.company_id)",
                          "Plans": [
                            {
                              "Node Type": "Seq Scan",
                              "Parent Relationship": "Outer",
                              "Parallel Aware": true,
                              "Relation Name": "company_name",
                              "Alias": "cn",
                              "Startup Cost": 0.0,
                              "Total Cost": 5414.09,
                              "Plan Rows": 27158,
                              "Plan Width": 23,
                              "Actual Startup Time": 0.034,
                              "Actual Total Time": 13.254,
                              "Actual Rows": 8050,
                              "Actual Loops": 6,
                              "Filter": "(((country_code)::text <> '[pl]'::text) AND ((name ~~ '%Film%'::text) OR (name ~~ '%Warner%'::text)))",
                              "Rows Removed by Filter": 31116
                            },
                            {
                              "Node Type": "Hash",
                              "Parent Relationship": "Inner",
                              "Parallel Aware": true,
                              "Startup Cost": 121638.16,
                              "Total Cost": 121638.16,
                              "Plan Rows": 1,
                              "Plan Width": 57,
                              "Actual Startup Time": 459.288,
                              "Actual Total Time": 459.311,
                              "Actual Rows": 32,
                              "Actual Loops": 6,
                              "Hash Buckets": 1024,
                              "Original Hash Buckets": 1024,
                              "Hash Batches": 1,
                              "Original Hash Batches": 1,
                              "Peak Memory Usage": 40,
                              "Plans": [
                                {
                                  "Node Type": "Hash Join",
                                  "Parent Relationship": "Outer",
                                  "Parallel Aware": true,
                                  "Join Type": "Inner",
                                  "Startup Cost": 93339.84,
                                  "Total Cost": 121638.16,
                                  "Plan Rows": 1,
                                  "Plan Width": 57,
                                  "Actual Startup Time": 449.202,
                                  "Actual Total Time": 459.054,
                                  "Actual Rows": 32,
                                  "Actual Loops": 6,
                                  "Inner Unique": false,
                                  "Hash Cond": "(t.id = ml.movie_id)",
                                  "Plans": [
                                    {
                                      "Node Type": "Hash Join",
                                      "Parent Relationship": "Outer",
                                      "Parallel Aware": true,
                                      "Join Type": "Inner",
                                      "Startup Cost": 44052.23,
                                      "Total Cost": 72320.81,
                                      "Plan Rows": 7930,
                                      "Plan Width": 33,
                                      "Actual Startup Time": 92.388,
                                      "Actual Total Time": 187.551,
                                      "Actual Rows": 3532,
                                      "Actual Loops": 6,
                                      "Inner Unique": true,
                                      "Hash Cond": "(mc.movie_id = t.id)",
                                      "Plans": [
                                        {
                                          "Node Type": "Seq Scan",
                                          "Parent Relationship": "Outer",
                                          "Parallel Aware": true,
                                          "Relation Name": "movie_companies",
                                          "Alias": "mc",
                                          "Startup Cost": 0.0,
                                          "Total Cost": 27206.55,
                                          "Plan Rows": 404583,
                                          "Plan Width": 12,
                                          "Actual Startup Time": 0.063,
                                          "Actual Total Time": 64.171,
                                          "Actual Rows": 211998,
                                          "Actual Loops": 6,
                                          "Filter": "(note IS NULL)",
                                          "Rows Removed by Filter": 222857
                                        },
                                        {
                                          "Node Type": "Hash",
                                          "Parent Relationship": "Inner",
                                          "Parallel Aware": true,
                                          "Startup Cost": 43897.41,
                                          "Total Cost": 43897.41,
                                          "Plan Rows": 12386,
                                          "Plan Width": 21,
                                          "Actual Startup Time": 91.719,
                                          "Actual Total Time": 91.721,
                                          "Actual Rows": 7764,
                                          "Actual Loops": 6,
                                          "Hash Buckets": 65536,
                                          "Original Hash Buckets": 65536,
                                          "Hash Batches": 1,
                                          "Original Hash Batches": 1,
                                          "Peak Memory Usage": 3232,
                                          "Plans": [
                                            {
                                              "Node Type": "Seq Scan",
                                              "Parent Relationship": "Outer",
                                              "Parallel Aware": true,
                                              "Relation Name": "title",
                                              "Alias": "t",
                                              "Startup Cost": 0.0,
                                              "Total Cost": 43897.41,
                                              "Plan Rows": 12386,
                                              "Plan Width": 21,
                                              "Actual Startup Time": 0.042,
                                              "Actual Total Time": 85.259,
                                              "Actual Rows": 7764,
                                              "Actual Loops": 6,
                                              "Filter": "(production_year = 1998)",
                                              "Rows Removed by Filter": 413622
                                            }
                                          ]
                                        }
                                      ]
                                    },
                                    {
                                      "Node Type": "Hash",
                                      "Parent Relationship": "Inner",
                                      "Parallel Aware": true,
                                      "Startup Cost": 49287.59,
                                      "Total Cost": 49287.59,
                                      "Plan Rows": 1,
                                      "Plan Width": 24,
                                      "Actual Startup Time": 270.894,
                                      "Actual Total Time": 270.909,
                                      "Actual Rows": 13,
                                      "Actual Loops": 6,
                                      "Hash Buckets": 1024,
                                      "Original Hash Buckets": 1024,
                                      "Hash Batches": 1,
                                      "Original Hash Batches": 1,
                                      "Peak Memory Usage": 104,
                                      "Plans": [
                                        {
                                          "Node Type": "Hash Join",
                                          "Parent Relationship": "Outer",
                                          "Parallel Aware": false,
                                          "Join Type": "Inner",
                                          "Startup Cost": 6409.28,
                                          "Total Cost": 49287.59,
                                          "Plan Rows": 1,
                                          "Plan Width": 24,
                                          "Actual Startup Time": 190.618,
                                          "Actual Total Time": 270.862,
                                          "Actual Rows": 13,
                                          "Actual Loops": 6,
                                          "Inner Unique": false,
                                          "Hash Cond": "(mk.movie_id = ml.movie_id)",
                                          "Plans": [
                                            {
                                              "Node Type": "Hash Join",
                                              "Parent Relationship": "Outer",
                                              "Parallel Aware": false,
                                              "Join Type": "Inner",
                                              "Startup Cost": 2626.14,
                                              "Total Cost": 45504.33,
                                              "Plan Rows": 11,
                                              "Plan Width": 4,
                                              "Actual Startup Time": 24.075,
                                              "Actual Total Time": 178.805,
                                              "Actual Rows": 1757,
                                              "Actual Loops": 6,
                                              "Inner Unique": true,
                                              "Hash Cond": "(mk.keyword_id = k.id)",
                                              "Plans": [
                                                {
                                                  "Node Type": "Seq Scan",
                                                  "Parent Relationship": "Outer",
                                                  "Parallel Aware": true,
                                                  "Relation Name": "movie_keyword",
                                                  "Alias": "mk",
                                                  "Startup Cost": 0.0,
                                                  "Total Cost": 39047.32,
                                                  "Plan Rows": 1459332,
                                                  "Plan Width": 8,
                                                  "Actual Startup Time": 0.035,
                                                  "Actual Total Time": 86.677,
                                                  "Actual Rows": 753988,
                                                  "Actual Loops": 6
                                                },
                                                {
                                                  "Node Type": "Hash",
                                                  "Parent Relationship": "Inner",
                                                  "Parallel Aware": false,
                                                  "Startup Cost": 2626.12,
                                                  "Total Cost": 2626.12,
                                                  "Plan Rows": 1,
                                                  "Plan Width": 4,
                                                  "Actual Startup Time": 23.37,
                                                  "Actual Total Time": 23.371,
                                                  "Actual Rows": 1,
                                                  "Actual Loops": 6,
                                                  "Hash Buckets": 1024,
                                                  "Original Hash Buckets": 1024,
                                                  "Hash Batches": 1,
                                                  "Original Hash Batches": 1,
                                                  "Peak Memory Usage": 9,
                                                  "Plans": [
                                                    {
                                                      "Node Type": "Seq Scan",
                                                      "Parent Relationship": "Outer",
                                                      "Parallel Aware": false,
                                                      "Relation Name": "keyword",
                                                      "Alias": "k",
                                                      "Startup Cost": 0.0,
                                                      "Total Cost": 2626.12,
                                                      "Plan Rows": 1,
                                                      "Plan Width": 4,
                                                      "Actual Startup Time": 2.073,
                                                      "Actual Total Time": 23.357,
                                                      "Actual Rows": 1,
                                                      "Actual Loops": 6,
                                                      "Filter": "(keyword = 'sequel'::text)",
                                                      "Rows Removed by Filter": 134169
                                                    }
                                                  ]
                                                }
                                              ]
                                            },
                                            {
                                              "Node Type": "Hash",
                                              "Parent Relationship": "Inner",
                                              "Parallel Aware": false,
                                              "Startup Cost": 3779.01,
                                              "Total Cost": 3779.01,
                                              "Plan Rows": 331,
                                              "Plan Width": 20,
                                              "Actual Startup Time": 91.718,
                                              "Actual Total Time": 91.728,
                                              "Actual Rows": 189,
                                              "Actual Loops": 6,
                                              "Hash Buckets": 1024,
                                              "Original Hash Buckets": 1024,
                                              "Hash Batches": 1,
                                              "Original Hash Batches": 1,
                                              "Peak Memory Usage": 18,
                                              "Plans": [
                                                {
                                                  "Node Type": "Hash Join",
                                                  "Parent Relationship": "Outer",
                                                  "Parallel Aware": false,
                                                  "Join Type": "Inner",
                                                  "Startup Cost": 3209.2,
                                                  "Total Cost": 3779.01,
                                                  "Plan Rows": 331,
                                                  "Plan Width": 20,
                                                  "Actual Startup Time": 85.272,
                                                  "Actual Total Time": 91.649,
                                                  "Actual Rows": 189,
                                                  "Actual Loops": 6,
                                                  "Inner Unique": false,
                                                  "Hash Cond": "(ml.movie_id = cc.movie_id)",
                                                  "Plans": [
                                                    {
                                                      "Node Type": "Hash Join",
                                                      "Parent Relationship": "Outer",
                                                      "Parallel Aware": false,
                                                      "Join Type": "Inner",
                                                      "Startup Cost": 1.24,
                                                      "Total Cost": 561.48,
                                                      "Plan Rows": 1666,
                                                      "Plan Width": 16,
                                                      "Actual Startup Time": 0.097,
                                                      "Actual Total Time": 6.644,
                                                      "Actual Rows": 2315,
                                                      "Actual Loops": 6,
                                                      "Inner Unique": true,
                                                      "Hash Cond": "(ml.link_type_id = lt.id)",
                                                      "Plans": [
                                                        {
                                                          "Node Type": "Seq Scan",
                                                          "Parent Relationship": "Outer",
                                                          "Parallel Aware": false,
                                                          "Relation Name": "movie_link",
                                                          "Alias": "ml",
                                                          "Startup Cost": 0.0,
                                                          "Total Cost": 462.97,
                                                          "Plan Rows": 29997,
                                                          "Plan Width": 8,
                                                          "Actual Startup Time": 0.032,
                                                          "Actual Total Time": 3.45,
                                                          "Actual Rows": 29997,
                                                          "Actual Loops": 6
                                                        },
                                                        {
                                                          "Node Type": "Hash",
                                                          "Parent Relationship": "Inner",
                                                          "Parallel Aware": false,
                                                          "Startup Cost": 1.23,
                                                          "Total Cost": 1.23,
                                                          "Plan Rows": 1,
                                                          "Plan Width": 16,
                                                          "Actual Startup Time": 0.03,
                                                          "Actual Total Time": 0.031,
                                                          "Actual Rows": 2,
                                                          "Actual Loops": 6,
                                                          "Hash Buckets": 1024,
                                                          "Original Hash Buckets": 1024,
                                                          "Hash Batches": 1,
                                                          "Original Hash Batches": 1,
                                                          "Peak Memory Usage": 9,
                                                          "Plans": [
                                                            {
                                                              "Node Type": "Seq Scan",
                                                              "Parent Relationship": "Outer",
                                                              "Parallel Aware": false,
                                                              "Relation Name": "link_type",
                                                              "Alias": "lt",
                                                              "Startup Cost": 0.0,
                                                              "Total Cost": 1.23,
                                                              "Plan Rows": 1,
                                                              "Plan Width": 16,
                                                              "Actual Startup Time": 0.018,
                                                              "Actual Total Time": 0.023,
                                                              "Actual Rows": 2,
                                                              "Actual Loops": 6,
                                                              "Filter": "((link)::text ~~ '%follow%'::text)",
                                                              "Rows Removed by Filter": 16
                                                            }
                                                          ]
                                                        }
                                                      ]
                                                    },
                                                    {
                                                      "Node Type": "Hash",
                                                      "Parent Relationship": "Inner",
                                                      "Parallel Aware": false,
                                                      "Startup Cost": 2996.89,
                                                      "Total Cost": 2996.89,
                                                      "Plan Rows": 16886,
                                                      "Plan Width": 4,
                                                      "Actual Startup Time": 84.448,
                                                      "Actual Total Time": 84.453,
                                                      "Actual Rows": 110494,
                                                      "Actual Loops": 6,
                                                      "Hash Buckets": 131072,
                                                      "Original Hash Buckets": 32768,
                                                      "Hash Batches": 1,
                                                      "Original Hash Batches": 1,
                                                      "Peak Memory Usage": 4909,
                                                      "Plans": [
                                                        {
                                                          "Node Type": "Hash Join",
                                                          "Parent Relationship": "Outer",
                                                          "Parallel Aware": false,
                                                          "Join Type": "Inner",
                                                          "Startup Cost": 2.14,
                                                          "Total Cost": 2996.89,
                                                          "Plan Rows": 16886,
                                                          "Plan Width": 4,
                                                          "Actual Startup Time": 0.104,
                                                          "Actual Total Time": 61.257,
                                                          "Actual Rows": 110494,
                                                          "Actual Loops": 6,
                                                          "Inner Unique": true,
                                                          "Hash Cond": "(cc.subject_id = cct1.id)",
                                                          "Plans": [
                                                            {
                                                              "Node Type": "Hash Join",
                                                              "Parent Relationship": "Outer",
                                                              "Parallel Aware": false,
                                                              "Join Type": "Inner",
                                                              "Startup Cost": 1.06,
                                                              "Total Cost": 2813.24,
                                                              "Plan Rows": 33772,
                                                              "Plan Width": 8,
                                                              "Actual Startup Time": 0.058,
                                                              "Actual Total Time": 42.476,
                                                              "Actual Rows": 110494,
                                                              "Actual Loops": 6,
                                                              "Inner Unique": true,
                                                              "Hash Cond": "(cc.status_id = cct2.id)",
                                                              "Plans": [
                                                                {
                                                                  "Node Type": "Seq Scan",
                                                                  "Parent Relationship": "Outer",
                                                                  "Parallel Aware": false,
                                                                  "Relation Name": "complete_cast",
                                                                  "Alias": "cc",
                                                                  "Startup Cost": 0.0,
                                                                  "Total Cost": 2081.86,
                                                                  "Plan Rows": 135086,
                                                                  "Plan Width": 12,
                                                                  "Actual Startup Time": 0.02,
                                                                  "Actual Total Time": 15.992,
                                                                  "Actual Rows": 135086,
                                                                  "Actual Loops": 6
                                                                },
                                                                {
                                                                  "Node Type": "Hash",
                                                                  "Parent Relationship": "Inner",
                                                                  "Parallel Aware": false,
                                                                  "Startup Cost": 1.05,
                                                                  "Total Cost": 1.05,
                                                                  "Plan Rows": 1,
                                                                  "Plan Width": 4,
                                                                  "Actual Startup Time": 0.012,
                                                                  "Actual Total Time": 0.013,
                                                                  "Actual Rows": 1,
                                                                  "Actual Loops": 6,
                                                                  "Hash Buckets": 1024,
                                                                  "Original Hash Buckets": 1024,
                                                                  "Hash Batches": 1,
                                                                  "Original Hash Batches": 1,
                                                                  "Peak Memory Usage": 9,
                                                                  "Plans": [
                                                                    {
                                                                      "Node Type": "Seq Scan",
                                                                      "Parent Relationship": "Outer",
                                                                      "Parallel Aware": false,
                                                                      "Relation Name": "comp_cast_type",
                                                                      "Alias": "cct2",
                                                                      "Startup Cost": 0.0,
                                                                      "Total Cost": 1.05,
                                                                      "Plan Rows": 1,
                                                                      "Plan Width": 4,
                                                                      "Actual Startup Time": 0.005,
                                                                      "Actual Total Time": 0.007,
                                                                      "Actual Rows": 1,
                                                                      "Actual Loops": 6,
                                                                      "Filter": "((kind)::text = 'complete'::text)",
                                                                      "Rows Removed by Filter": 3
                                                                    }
                                                                  ]
                                                                }
                                                              ]
                                                            },
                                                            {
                                                              "Node Type": "Hash",
                                                              "Parent Relationship": "Inner",
                                                              "Parallel Aware": false,
                                                              "Startup Cost": 1.05,
                                                              "Total Cost": 1.05,
                                                              "Plan Rows": 2,
                                                              "Plan Width": 4,
                                                              "Actual Startup Time": 0.021,
                                                              "Actual Total Time": 0.022,
                                                              "Actual Rows": 2,
                                                              "Actual Loops": 6,
                                                              "Hash Buckets": 1024,
                                                              "Original Hash Buckets": 1024,
                                                              "Hash Batches": 1,
                                                              "Original Hash Batches": 1,
                                                              "Peak Memory Usage": 9,
                                                              "Plans": [
                                                                {
                                                                  "Node Type": "Seq Scan",
                                                                  "Parent Relationship": "Outer",
                                                                  "Parallel Aware": false,
                                                                  "Relation Name": "comp_cast_type",
                                                                  "Alias": "cct1",
                                                                  "Startup Cost": 0.0,
                                                                  "Total Cost": 1.05,
                                                                  "Plan Rows": 2,
                                                                  "Plan Width": 4,
                                                                  "Actual Startup Time": 0.013,
                                                                  "Actual Total Time": 0.015,
                                                                  "Actual Rows": 2,
                                                                  "Actual Loops": 6,
                                                                  "Filter": "((kind)::text = ANY ('{cast,crew}'::text[]))",
                                                                  "Rows Removed by Filter": 2
                                                                }
                                                              ]
                                                            }
                                                          ]
                                                        }
                                                      ]
                                                    }
                                                  ]
                                                }
                                              ]
                                            }
                                          ]
                                        }
                                      ]
                                    }
                                  ]
                                }
                              ]
                            }
                          ]
                        }
                      ]
                    }
                  ]
                }
              ]
            },
            {
              "Node Type": "Hash",
              "Parent Relationship": "Inner",
              "Parallel Aware": false,
              "Startup Cost": 1.05,
              "Total Cost": 1.05,
              "Plan Rows": 1,
              "Plan Width": 4,
              "Actual Startup Time": 0.026,
              "Actual Total Time": 0.03,
              "Actual Rows": 1,
              "Actual Loops": 1,
              "Hash Buckets": 1024,
              "Original Hash Buckets": 1024,
              "Hash Batches": 1,
              "Original Hash Batches": 1,
              "Peak Memory Usage": 9,
              "Plans": [
                {
                  "Node Type": "Seq Scan",
                  "Parent Relationship": "Outer",
                  "Parallel Aware": false,
                  "Relation Name": "company_type",
                  "Alias": "ct",
                  "Startup Cost": 0.0,
                  "Total Cost": 1.05,
                  "Plan Rows": 1,
                  "Plan Width": 4,
                  "Actual Startup Time": 0.017,
                  "Actual Total Time": 0.02,
                  "Actual Rows": 1,
                  "Actual Loops": 1,
                  "Filter": "((kind)::text = 'production companies'::text)",
                  "Rows Removed by Filter": 3
                }
              ]
            }
          ]
        }
      ]
    },
    "Planning Time": 2149.548,
    "Triggers": [],
    "Execution Time": 1111.923
  }
]