[
    {
        "Bao": {
            "Bao prediction": 446.072,
            "Bao recommended hint": "(no hint)"
        }
    },
    {
        "Plan": {
            "Node Type": "Aggregate",
            "Strategy": "Plain",
            "Partial Mode": "Finalize",
            "Parallel Aware": false,
            "Startup Cost": 44377.36,
            "Total Cost": 44377.37,
            "Plan Rows": 1,
            "Plan Width": 8,
            "Actual Startup Time": 126.065,
            "Actual Total Time": 132.178,
            "Actual Rows": 1,
            "Actual Loops": 1,
            "Output": [
                "count(*)"
            ],
            "Plans": [
                {
                    "Node Type": "Gather",
                    "Parent Relationship": "Outer",
                    "Parallel Aware": false,
                    "Startup Cost": 44377.04,
                    "Total Cost": 44377.35,
                    "Plan Rows": 3,
                    "Plan Width": 8,
                    "Actual Startup Time": 125.987,
                    "Actual Total Time": 132.172,
                    "Actual Rows": 4,
                    "Actual Loops": 1,
                    "Output": [
                        "(PARTIAL count(*))"
                    ],
                    "Workers Planned": 3,
                    "Workers Launched": 3,
                    "Single Copy": false,
                    "Plans": [
                        {
                            "Node Type": "Aggregate",
                            "Strategy": "Plain",
                            "Partial Mode": "Partial",
                            "Parent Relationship": "Outer",
                            "Parallel Aware": false,
                            "Startup Cost": 43377.04,
                            "Total Cost": 43377.05,
                            "Plan Rows": 1,
                            "Plan Width": 8,
                            "Actual Startup Time": 118.357,
                            "Actual Total Time": 118.358,
                            "Actual Rows": 1,
                            "Actual Loops": 4,
                            "Output": [
                                "PARTIAL count(*)"
                            ],
                            "Workers": [
                                {
                                    "Worker Number": 0,
                                    "Actual Startup Time": 115.746,
                                    "Actual Total Time": 115.747,
                                    "Actual Rows": 1,
                                    "Actual Loops": 1
                                },
                                {
                                    "Worker Number": 1,
                                    "Actual Startup Time": 115.95,
                                    "Actual Total Time": 115.951,
                                    "Actual Rows": 1,
                                    "Actual Loops": 1
                                },
                                {
                                    "Worker Number": 2,
                                    "Actual Startup Time": 116.297,
                                    "Actual Total Time": 116.298,
                                    "Actual Rows": 1,
                                    "Actual Loops": 1
                                }
                            ],
                            "Plans": [
                                {
                                    "Node Type": "Seq Scan",
                                    "Parent Relationship": "Outer",
                                    "Parallel Aware": true,
                                    "Relation Name": "movie_keyword",
                                    "Schema": "public",
                                    "Alias": "mk",
                                    "Startup Cost": 0.0,
                                    "Total Cost": 42695.65,
                                    "Plan Rows": 272555,
                                    "Plan Width": 0,
                                    "Actual Startup Time": 5.365,
                                    "Actual Total Time": 106.241,
                                    "Actual Rows": 207300,
                                    "Actual Loops": 4,
                                    "Output": [
                                        "id",
                                        "movie_id",
                                        "keyword_id"
                                    ],
                                    "Filter": "(mk.keyword_id > 22197)",
                                    "Rows Removed by Filter": 923682,
                                    "Workers": [
                                        {
                                            "Worker Number": 0,
                                            "Actual Startup Time": 2.749,
                                            "Actual Total Time": 103.898,
                                            "Actual Rows": 143691,
                                            "Actual Loops": 1
                                        },
                                        {
                                            "Worker Number": 1,
                                            "Actual Startup Time": 2.968,
                                            "Actual Total Time": 104.267,
                                            "Actual Rows": 212815,
                                            "Actual Loops": 1
                                        },
                                        {
                                            "Worker Number": 2,
                                            "Actual Startup Time": 3.305,
                                            "Actual Total Time": 104.42,
                                            "Actual Rows": 211836,
                                            "Actual Loops": 1
                                        }
                                    ]
                                }
                            ]
                        }
                    ]
                }
            ]
        },
        "Planning Time": 427.485,
        "Triggers": [],
        "Execution Time": 132.253
    }
]