[
  {
    "Plan": {
      "Node Type": "Aggregate",
      "Strategy": "Plain",
      "Partial Mode": "Finalize",
      "Parallel Aware": false,
      "Startup Cost": 312149.0,
      "Total Cost": 312149.01,
      "Plan Rows": 1,
      "Plan Width": 8,
      "Actual Startup Time": 2928.211,
      "Actual Total Time": 2977.296,
      "Actual Rows": 1,
      "Actual Loops": 1,
      "Plans": [
        {
          "Node Type": "Gather",
          "Parent Relationship": "Outer",
          "Parallel Aware": false,
          "Startup Cost": 312148.68,
          "Total Cost": 312148.99,
          "Plan Rows": 3,
          "Plan Width": 8,
          "Actual Startup Time": 2895.927,
          "Actual Total Time": 2977.284,
          "Actual Rows": 4,
          "Actual Loops": 1,
          "Workers Planned": 3,
          "Workers Launched": 3,
          "Single Copy": false,
          "Plans": [
            {
              "Node Type": "Aggregate",
              "Strategy": "Plain",
              "Partial Mode": "Partial",
              "Parent Relationship": "Outer",
              "Parallel Aware": false,
              "Startup Cost": 311148.68,
              "Total Cost": 311148.69,
              "Plan Rows": 1,
              "Plan Width": 8,
              "Actual Startup Time": 2887.524,
              "Actual Total Time": 2888.411,
              "Actual Rows": 1,
              "Actual Loops": 4,
              "Plans": [
                {
                  "Node Type": "Hash Join",
                  "Parent Relationship": "Outer",
                  "Parallel Aware": true,
                  "Join Type": "Inner",
                  "Startup Cost": 261560.66,
                  "Total Cost": 310229.39,
                  "Plan Rows": 367717,
                  "Plan Width": 0,
                  "Actual Startup Time": 1567.2,
                  "Actual Total Time": 2485.001,
                  "Actual Rows": 8151397,
                  "Actual Loops": 4,
                  "Inner Unique": false,
                  "Hash Cond": "(mk.movie_id = t.id)",
                  "Plans": [
                    {
                      "Node Type": "Seq Scan",
                      "Parent Relationship": "Outer",
                      "Parallel Aware": true,
                      "Relation Name": "movie_keyword",
                      "Alias": "mk",
                      "Startup Cost": 0.0,
                      "Total Cost": 42695.65,
                      "Plan Rows": 1347675,
                      "Plan Width": 4,
                      "Actual Startup Time": 0.029,
                      "Actual Total Time": 131.77,
                      "Actual Rows": 1047074,
                      "Actual Loops": 4,
                      "Filter": "(keyword_id < 49165)",
                      "Rows Removed by Filter": 83908
                    },
                    {
                      "Node Type": "Hash",
                      "Parent Relationship": "Inner",
                      "Parallel Aware": true,
                      "Startup Cost": 259404.87,
                      "Total Cost": 259404.87,
                      "Plan Rows": 172463,
                      "Plan Width": 8,
                      "Actual Startup Time": 1560.199,
                      "Actual Total Time": 1561.079,
                      "Actual Rows": 776735,
                      "Actual Loops": 4,
                      "Hash Buckets": 4194304,
                      "Original Hash Buckets": 1048576,
                      "Hash Batches": 1,
                      "Original Hash Batches": 1,
                      "Peak Memory Usage": 178976,
                      "Plans": [
                        {
                          "Node Type": "Hash Join",
                          "Parent Relationship": "Outer",
                          "Parallel Aware": true,
                          "Join Type": "Inner",
                          "Startup Cost": 210477.97,
                          "Total Cost": 259404.87,
                          "Plan Rows": 172463,
                          "Plan Width": 8,
                          "Actual Startup Time": 743.973,
                          "Actual Total Time": 1275.189,
                          "Actual Rows": 776735,
                          "Actual Loops": 4,
                          "Inner Unique": false,
                          "Hash Cond": "(t.id = ci.movie_id)",
                          "Plans": [
                            {
                              "Node Type": "Seq Scan",
                              "Parent Relationship": "Outer",
                              "Parallel Aware": true,
                              "Relation Name": "title",
                              "Alias": "t",
                              "Startup Cost": 0.0,
                              "Total Cost": 42318.73,
                              "Plan Rows": 632073,
                              "Plan Width": 4,
                              "Actual Startup Time": 0.018,
                              "Actual Total Time": 92.133,
                              "Actual Rows": 632078,
                              "Actual Loops": 4
                            },
                            {
                              "Node Type": "Hash",
                              "Parent Relationship": "Inner",
                              "Parallel Aware": true,
                              "Startup Cost": 209040.78,
                              "Total Cost": 209040.78,
                              "Plan Rows": 114975,
                              "Plan Width": 4,
                              "Actual Startup Time": 741.114,
                              "Actual Total Time": 741.116,
                              "Actual Rows": 776735,
                              "Actual Loops": 4,
                              "Hash Buckets": 4194304,
                              "Original Hash Buckets": 1048576,
                              "Hash Batches": 1,
                              "Original Hash Batches": 1,
                              "Peak Memory Usage": 178912,
                              "Plans": [
                                {
                                  "Node Type": "Index Scan",
                                  "Parent Relationship": "Outer",
                                  "Parallel Aware": true,
                                  "Scan Direction": "Forward",
                                  "Index Name": "role_id_cast_info",
                                  "Relation Name": "cast_info",
                                  "Alias": "ci",
                                  "Startup Cost": 0.56,
                                  "Total Cost": 209040.78,
                                  "Plan Rows": 114975,
                                  "Plan Width": 4,
                                  "Actual Startup Time": 92.548,
                                  "Actual Total Time": 395.979,
                                  "Actual Rows": 776735,
                                  "Actual Loops": 4,
                                  "Index Cond": "(role_id > 6)",
                                  "Rows Removed by Index Recheck": 0,
                                  "Filter": "(person_id > 3489568)",
                                  "Rows Removed by Filter": 1151425
                                }
                              ]
                            }
                          ]
                        }
                      ]
                    }
                  ]
                }
              ]
            }
          ]
        }
      ]
    },
    "Planning Time": 1.352,
    "Triggers": [],
    "Execution Time": 2977.391
  }
]