[
    {
        "Bao": {
            "Bao prediction": "NaN",
            "Bao recommended hint": "(no hint)"
        }
    },
    {
        "Plan": {
            "Node Type": "Aggregate",
            "Strategy": "Plain",
            "Partial Mode": "Finalize",
            "Parallel Aware": false,
            "Startup Cost": 43458.82,
            "Total Cost": 43458.83,
            "Plan Rows": 1,
            "Plan Width": 8,
            "Actual Startup Time": 219.028,
            "Actual Total Time": 233.203,
            "Actual Rows": 1,
            "Actual Loops": 1,
            "Output": [
                "count(*)"
            ],
            "Plans": [
                {
                    "Node Type": "Gather",
                    "Parent Relationship": "Outer",
                    "Parallel Aware": false,
                    "Startup Cost": 43458.5,
                    "Total Cost": 43458.81,
                    "Plan Rows": 3,
                    "Plan Width": 8,
                    "Actual Startup Time": 218.549,
                    "Actual Total Time": 233.187,
                    "Actual Rows": 4,
                    "Actual Loops": 1,
                    "Output": [
                        "(PARTIAL count(*))"
                    ],
                    "Workers Planned": 3,
                    "Workers Launched": 3,
                    "Single Copy": false,
                    "Plans": [
                        {
                            "Node Type": "Aggregate",
                            "Strategy": "Plain",
                            "Partial Mode": "Partial",
                            "Parent Relationship": "Outer",
                            "Parallel Aware": false,
                            "Startup Cost": 42458.5,
                            "Total Cost": 42458.51,
                            "Plan Rows": 1,
                            "Plan Width": 8,
                            "Actual Startup Time": 208.76,
                            "Actual Total Time": 208.763,
                            "Actual Rows": 1,
                            "Actual Loops": 4,
                            "Output": [
                                "PARTIAL count(*)"
                            ],
                            "Workers": [
                                {
                                    "Worker Number": 0,
                                    "Actual Startup Time": 205.909,
                                    "Actual Total Time": 205.912,
                                    "Actual Rows": 1,
                                    "Actual Loops": 1
                                },
                                {
                                    "Worker Number": 1,
                                    "Actual Startup Time": 204.927,
                                    "Actual Total Time": 204.93,
                                    "Actual Rows": 1,
                                    "Actual Loops": 1
                                },
                                {
                                    "Worker Number": 2,
                                    "Actual Startup Time": 206.312,
                                    "Actual Total Time": 206.315,
                                    "Actual Rows": 1,
                                    "Actual Loops": 1
                                }
                            ],
                            "Plans": [
                                {
                                    "Node Type": "Bitmap Heap Scan",
                                    "Parent Relationship": "Outer",
                                    "Parallel Aware": true,
                                    "Relation Name": "movie_keyword",
                                    "Schema": "public",
                                    "Alias": "mk",
                                    "Startup Cost": 14660.47,
                                    "Total Cost": 41901.16,
                                    "Plan Rows": 222936,
                                    "Plan Width": 0,
                                    "Actual Startup Time": 76.185,
                                    "Actual Total Time": 195.255,
                                    "Actual Rows": 168859,
                                    "Actual Loops": 4,
                                    "Recheck Cond": "(mk.keyword_id > 27754)",
                                    "Rows Removed by Index Recheck": 0,
                                    "Exact Heap Blocks": 7968,
                                    "Lossy Heap Blocks": 0,
                                    "Workers": [
                                        {
                                            "Worker Number": 0,
                                            "Actual Startup Time": 73.362,
                                            "Actual Total Time": 193.747,
                                            "Actual Rows": 147380,
                                            "Actual Loops": 1
                                        },
                                        {
                                            "Worker Number": 1,
                                            "Actual Startup Time": 72.824,
                                            "Actual Total Time": 192.853,
                                            "Actual Rows": 150690,
                                            "Actual Loops": 1
                                        },
                                        {
                                            "Worker Number": 2,
                                            "Actual Startup Time": 73.748,
                                            "Actual Total Time": 194.136,
                                            "Actual Rows": 150115,
                                            "Actual Loops": 1
                                        }
                                    ],
                                    "Plans": [
                                        {
                                            "Node Type": "Bitmap Index Scan",
                                            "Parent Relationship": "Outer",
                                            "Parallel Aware": false,
                                            "Index Name": "keyword_id_movie_keyword",
                                            "Startup Cost": 0.0,
                                            "Total Cost": 14487.69,
                                            "Plan Rows": 691101,
                                            "Plan Width": 0,
                                            "Actual Startup Time": 79.166,
                                            "Actual Total Time": 79.168,
                                            "Actual Rows": 675436,
                                            "Actual Loops": 1,
                                            "Index Cond": "(mk.keyword_id > 27754)"
                                        }
                                    ]
                                }
                            ]
                        }
                    ]
                }
            ]
        },
        "Planning Time": 323.722,
        "Triggers": [],
        "Execution Time": 233.344
    }
]