[
  {
    "Plan": {
      "Node Type": "Aggregate",
      "Strategy": "Plain",
      "Partial Mode": "Finalize",
      "Parallel Aware": false,
      "Startup Cost": 122354.47,
      "Total Cost": 122354.48,
      "Plan Rows": 1,
      "Plan Width": 8,
      "Actual Startup Time": 713.103,
      "Actual Total Time": 735.794,
      "Actual Rows": 1,
      "Actual Loops": 1,
      "Plans": [
        {
          "Node Type": "Gather",
          "Parent Relationship": "Outer",
          "Parallel Aware": false,
          "Startup Cost": 122354.16,
          "Total Cost": 122354.47,
          "Plan Rows": 3,
          "Plan Width": 8,
          "Actual Startup Time": 707.785,
          "Actual Total Time": 735.781,
          "Actual Rows": 4,
          "Actual Loops": 1,
          "Workers Planned": 3,
          "Workers Launched": 3,
          "Single Copy": false,
          "Plans": [
            {
              "Node Type": "Aggregate",
              "Strategy": "Plain",
              "Partial Mode": "Partial",
              "Parent Relationship": "Outer",
              "Parallel Aware": false,
              "Startup Cost": 121354.16,
              "Total Cost": 121354.17,
              "Plan Rows": 1,
              "Plan Width": 8,
              "Actual Startup Time": 697.851,
              "Actual Total Time": 698.003,
              "Actual Rows": 1,
              "Actual Loops": 4,
              "Plans": [
                {
                  "Node Type": "Hash Join",
                  "Parent Relationship": "Outer",
                  "Parallel Aware": true,
                  "Join Type": "Inner",
                  "Startup Cost": 90461.99,
                  "Total Cost": 121123.0,
                  "Plan Rows": 92461,
                  "Plan Width": 0,
                  "Actual Startup Time": 419.37,
                  "Actual Total Time": 658.027,
                  "Actual Rows": 695611,
                  "Actual Loops": 4,
                  "Inner Unique": false,
                  "Hash Cond": "(mc.movie_id = t.id)",
                  "Plans": [
                    {
                      "Node Type": "Seq Scan",
                      "Parent Relationship": "Outer",
                      "Parallel Aware": true,
                      "Relation Name": "movie_companies",
                      "Alias": "mc",
                      "Startup Cost": 0.0,
                      "Total Cost": 27206.55,
                      "Plan Rows": 841655,
                      "Plan Width": 4,
                      "Actual Startup Time": 0.015,
                      "Actual Total Time": 72.579,
                      "Actual Rows": 652282,
                      "Actual Loops": 4
                    },
                    {
                      "Node Type": "Hash",
                      "Parent Relationship": "Inner",
                      "Parallel Aware": true,
                      "Startup Cost": 89341.98,
                      "Total Cost": 89341.98,
                      "Plan Rows": 89601,
                      "Plan Width": 8,
                      "Actual Startup Time": 412.704,
                      "Actual Total Time": 412.852,
                      "Actual Rows": 98800,
                      "Actual Loops": 4,
                      "Hash Buckets": 524288,
                      "Original Hash Buckets": 524288,
                      "Hash Batches": 1,
                      "Original Hash Batches": 1,
                      "Peak Memory Usage": 19616,
                      "Plans": [
                        {
                          "Node Type": "Hash Join",
                          "Parent Relationship": "Outer",
                          "Parallel Aware": true,
                          "Join Type": "Inner",
                          "Startup Cost": 45440.46,
                          "Total Cost": 89341.98,
                          "Plan Rows": 89601,
                          "Plan Width": 8,
                          "Actual Startup Time": 193.43,
                          "Actual Total Time": 381.056,
                          "Actual Rows": 98800,
                          "Actual Loops": 4,
                          "Inner Unique": true,
                          "Hash Cond": "(mk.movie_id = t.id)",
                          "Plans": [
                            {
                              "Node Type": "Seq Scan",
                              "Parent Relationship": "Outer",
                              "Parallel Aware": true,
                              "Relation Name": "movie_keyword",
                              "Alias": "mk",
                              "Startup Cost": 0.0,
                              "Total Cost": 42695.65,
                              "Plan Rows": 459378,
                              "Plan Width": 4,
                              "Actual Startup Time": 0.935,
                              "Actual Total Time": 123.148,
                              "Actual Rows": 354402,
                              "Actual Loops": 4,
                              "Filter": "(keyword_id > 11769)",
                              "Rows Removed by Filter": 776580
                            },
                            {
                              "Node Type": "Hash",
                              "Parent Relationship": "Inner",
                              "Parallel Aware": true,
                              "Startup Cost": 43899.32,
                              "Total Cost": 43899.32,
                              "Plan Rows": 123291,
                              "Plan Width": 4,
                              "Actual Startup Time": 189.958,
                              "Actual Total Time": 189.959,
                              "Actual Rows": 127239,
                              "Actual Loops": 4,
                              "Hash Buckets": 524288,
                              "Original Hash Buckets": 524288,
                              "Hash Batches": 1,
                              "Original Hash Batches": 1,
                              "Peak Memory Usage": 24096,
                              "Plans": [
                                {
                                  "Node Type": "Seq Scan",
                                  "Parent Relationship": "Outer",
                                  "Parallel Aware": true,
                                  "Relation Name": "title",
                                  "Alias": "t",
                                  "Startup Cost": 0.0,
                                  "Total Cost": 43899.32,
                                  "Plan Rows": 123291,
                                  "Plan Width": 4,
                                  "Actual Startup Time": 0.068,
                                  "Actual Total Time": 130.309,
                                  "Actual Rows": 127239,
                                  "Actual Loops": 4,
                                  "Filter": "(production_year < 1980)",
                                  "Rows Removed by Filter": 504839
                                }
                              ]
                            }
                          ]
                        }
                      ]
                    }
                  ]
                }
              ]
            }
          ]
        }
      ]
    },
    "Planning Time": 1.5,
    "Triggers": [],
    "Execution Time": 735.88
  }
]