[
    {
        "Bao": {
            "Bao prediction": "NaN",
            "Bao recommended hint": "(no hint)"
        }
    },
    {
        "Plan": {
            "Node Type": "Aggregate",
            "Strategy": "Plain",
            "Partial Mode": "Finalize",
            "Parallel Aware": false,
            "Startup Cost": 46989.52,
            "Total Cost": 46989.53,
            "Plan Rows": 1,
            "Plan Width": 8,
            "Actual Startup Time": 173.112,
            "Actual Total Time": 179.337,
            "Actual Rows": 1,
            "Actual Loops": 1,
            "Output": [
                "count(*)"
            ],
            "Plans": [
                {
                    "Node Type": "Gather",
                    "Parent Relationship": "Outer",
                    "Parallel Aware": false,
                    "Startup Cost": 46989.2,
                    "Total Cost": 46989.51,
                    "Plan Rows": 3,
                    "Plan Width": 8,
                    "Actual Startup Time": 172.975,
                    "Actual Total Time": 179.327,
                    "Actual Rows": 4,
                    "Actual Loops": 1,
                    "Output": [
                        "(PARTIAL count(*))"
                    ],
                    "Workers Planned": 3,
                    "Workers Launched": 3,
                    "Single Copy": false,
                    "Plans": [
                        {
                            "Node Type": "Aggregate",
                            "Strategy": "Plain",
                            "Partial Mode": "Partial",
                            "Parent Relationship": "Outer",
                            "Parallel Aware": false,
                            "Startup Cost": 45989.2,
                            "Total Cost": 45989.21,
                            "Plan Rows": 1,
                            "Plan Width": 8,
                            "Actual Startup Time": 164.704,
                            "Actual Total Time": 164.705,
                            "Actual Rows": 1,
                            "Actual Loops": 4,
                            "Output": [
                                "PARTIAL count(*)"
                            ],
                            "Workers": [
                                {
                                    "Worker Number": 0,
                                    "Actual Startup Time": 161.841,
                                    "Actual Total Time": 161.842,
                                    "Actual Rows": 1,
                                    "Actual Loops": 1
                                },
                                {
                                    "Worker Number": 1,
                                    "Actual Startup Time": 161.997,
                                    "Actual Total Time": 161.998,
                                    "Actual Rows": 1,
                                    "Actual Loops": 1
                                },
                                {
                                    "Worker Number": 2,
                                    "Actual Startup Time": 162.389,
                                    "Actual Total Time": 162.391,
                                    "Actual Rows": 1,
                                    "Actual Loops": 1
                                }
                            ],
                            "Plans": [
                                {
                                    "Node Type": "Seq Scan",
                                    "Parent Relationship": "Outer",
                                    "Parallel Aware": true,
                                    "Relation Name": "movie_keyword",
                                    "Schema": "public",
                                    "Alias": "mk",
                                    "Startup Cost": 0.0,
                                    "Total Cost": 42695.65,
                                    "Plan Rows": 1317418,
                                    "Plan Width": 0,
                                    "Actual Startup Time": 0.05,
                                    "Actual Total Time": 118.082,
                                    "Actual Rows": 1023498,
                                    "Actual Loops": 4,
                                    "Output": [
                                        "id",
                                        "movie_id",
                                        "keyword_id"
                                    ],
                                    "Filter": "(mk.keyword_id < 40685)",
                                    "Rows Removed by Filter": 107484,
                                    "Workers": [
                                        {
                                            "Worker Number": 0,
                                            "Actual Startup Time": 0.067,
                                            "Actual Total Time": 116.875,
                                            "Actual Rows": 944762,
                                            "Actual Loops": 1
                                        },
                                        {
                                            "Worker Number": 1,
                                            "Actual Startup Time": 0.064,
                                            "Actual Total Time": 116.705,
                                            "Actual Rows": 955692,
                                            "Actual Loops": 1
                                        },
                                        {
                                            "Worker Number": 2,
                                            "Actual Startup Time": 0.053,
                                            "Actual Total Time": 117.219,
                                            "Actual Rows": 943832,
                                            "Actual Loops": 1
                                        }
                                    ]
                                }
                            ]
                        }
                    ]
                }
            ]
        },
        "Planning Time": 190.126,
        "Triggers": [],
        "Execution Time": 179.397
    }
]