[
  {
    "Plan": {
      "Node Type": "Aggregate",
      "Strategy": "Plain",
      "Partial Mode": "Finalize",
      "Parallel Aware": false,
      "Startup Cost": 91424.81,
      "Total Cost": 91424.82,
      "Plan Rows": 1,
      "Plan Width": 8,
      "Actual Startup Time": 364.536,
      "Actual Total Time": 386.818,
      "Actual Rows": 1,
      "Actual Loops": 1,
      "Plans": [
        {
          "Node Type": "Gather",
          "Parent Relationship": "Outer",
          "Parallel Aware": false,
          "Startup Cost": 91424.5,
          "Total Cost": 91424.81,
          "Plan Rows": 3,
          "Plan Width": 8,
          "Actual Startup Time": 364.075,
          "Actual Total Time": 386.804,
          "Actual Rows": 4,
          "Actual Loops": 1,
          "Workers Planned": 3,
          "Workers Launched": 3,
          "Single Copy": false,
          "Plans": [
            {
              "Node Type": "Aggregate",
              "Strategy": "Plain",
              "Partial Mode": "Partial",
              "Parent Relationship": "Outer",
              "Parallel Aware": false,
              "Startup Cost": 90424.5,
              "Total Cost": 90424.51,
              "Plan Rows": 1,
              "Plan Width": 8,
              "Actual Startup Time": 358.027,
              "Actual Total Time": 358.031,
              "Actual Rows": 1,
              "Actual Loops": 4,
              "Plans": [
                {
                  "Node Type": "Hash Join",
                  "Parent Relationship": "Outer",
                  "Parallel Aware": true,
                  "Join Type": "Inner",
                  "Startup Cost": 45639.52,
                  "Total Cost": 90384.98,
                  "Plan Rows": 15806,
                  "Plan Width": 0,
                  "Actual Startup Time": 131.322,
                  "Actual Total Time": 357.84,
                  "Actual Rows": 2075,
                  "Actual Loops": 4,
                  "Inner Unique": true,
                  "Hash Cond": "(mk.movie_id = t.id)",
                  "Plans": [
                    {
                      "Node Type": "Seq Scan",
                      "Parent Relationship": "Outer",
                      "Parallel Aware": true,
                      "Relation Name": "movie_keyword",
                      "Alias": "mk",
                      "Startup Cost": 0.0,
                      "Total Cost": 42695.65,
                      "Plan Rows": 780878,
                      "Plan Width": 4,
                      "Actual Startup Time": 0.337,
                      "Actual Total Time": 160.552,
                      "Actual Rows": 603075,
                      "Actual Loops": 4,
                      "Filter": "(keyword_id > 3836)",
                      "Rows Removed by Filter": 527908
                    },
                    {
                      "Node Type": "Hash",
                      "Parent Relationship": "Inner",
                      "Parallel Aware": true,
                      "Startup Cost": 45479.59,
                      "Total Cost": 45479.59,
                      "Plan Rows": 12795,
                      "Plan Width": 4,
                      "Actual Startup Time": 129.757,
                      "Actual Total Time": 129.758,
                      "Actual Rows": 11330,
                      "Actual Loops": 4,
                      "Hash Buckets": 65536,
                      "Original Hash Buckets": 65536,
                      "Hash Batches": 1,
                      "Original Hash Batches": 1,
                      "Peak Memory Usage": 2336,
                      "Plans": [
                        {
                          "Node Type": "Seq Scan",
                          "Parent Relationship": "Outer",
                          "Parallel Aware": true,
                          "Relation Name": "title",
                          "Alias": "t",
                          "Startup Cost": 0.0,
                          "Total Cost": 45479.59,
                          "Plan Rows": 12795,
                          "Plan Width": 4,
                          "Actual Startup Time": 0.054,
                          "Actual Total Time": 123.377,
                          "Actual Rows": 11330,
                          "Actual Loops": 4,
                          "Filter": "((kind_id > 1) AND (production_year > 2012))",
                          "Rows Removed by Filter": 620748
                        }
                      ]
                    }
                  ]
                }
              ]
            }
          ]
        }
      ]
    },
    "Planning Time": 0.42,
    "Triggers": [],
    "Execution Time": 386.873
  }
]