[
  {
    "Plan": {
      "Node Type": "Aggregate",
      "Strategy": "Plain",
      "Partial Mode": "Simple",
      "Parallel Aware": false,
      "Startup Cost": 1059.83,
      "Total Cost": 1059.84,
      "Plan Rows": 1,
      "Plan Width": 8,
      "Actual Startup Time": 0.901,
      "Actual Total Time": 0.902,
      "Actual Rows": 1,
      "Actual Loops": 1,
      "Plans": [
        {
          "Node Type": "Index Scan",
          "Parent Relationship": "Outer",
          "Parallel Aware": false,
          "Scan Direction": "Forward",
          "Index Name": "person_id_cast_info",
          "Relation Name": "cast_info",
          "Alias": "ci",
          "Startup Cost": 0.56,
          "Total Cost": 1059.67,
          "Plan Rows": 64,
          "Plan Width": 0,
          "Actual Startup Time": 0.885,
          "Actual Total Time": 0.892,
          "Actual Rows": 7,
          "Actual Loops": 1,
          "Index Cond": "(person_id = 3190027)",
          "Rows Removed by Index Recheck": 0,
          "Filter": "(role_id > 9)",
          "Rows Removed by Filter": 113
        }
      ]
    },
    "Planning Time": 0.181,
    "Triggers": [],
    "Execution Time": 0.949
  }
]