[
    {
        "Bao": {
            "Bao prediction": 484.594,
            "Bao recommended hint": "(no hint)"
        }
    },
    {
        "Plan": {
            "Node Type": "Aggregate",
            "Strategy": "Plain",
            "Partial Mode": "Finalize",
            "Parallel Aware": false,
            "Startup Cost": 348747.6,
            "Total Cost": 348747.61,
            "Plan Rows": 1,
            "Plan Width": 8,
            "Actual Startup Time": 892.438,
            "Actual Total Time": 932.467,
            "Actual Rows": 1,
            "Actual Loops": 1,
            "Output": [
                "count(*)"
            ],
            "Plans": [
                {
                    "Node Type": "Gather",
                    "Parent Relationship": "Outer",
                    "Parallel Aware": false,
                    "Startup Cost": 348746.97,
                    "Total Cost": 348747.58,
                    "Plan Rows": 6,
                    "Plan Width": 8,
                    "Actual Startup Time": 892.35,
                    "Actual Total Time": 932.46,
                    "Actual Rows": 7,
                    "Actual Loops": 1,
                    "Output": [
                        "(PARTIAL count(*))"
                    ],
                    "Workers Planned": 6,
                    "Workers Launched": 6,
                    "Single Copy": false,
                    "Plans": [
                        {
                            "Node Type": "Aggregate",
                            "Strategy": "Plain",
                            "Partial Mode": "Partial",
                            "Parent Relationship": "Outer",
                            "Parallel Aware": false,
                            "Startup Cost": 347746.97,
                            "Total Cost": 347746.98,
                            "Plan Rows": 1,
                            "Plan Width": 8,
                            "Actual Startup Time": 882.87,
                            "Actual Total Time": 882.871,
                            "Actual Rows": 1,
                            "Actual Loops": 7,
                            "Output": [
                                "PARTIAL count(*)"
                            ],
                            "Workers": [
                                {
                                    "Worker Number": 0,
                                    "Actual Startup Time": 881.093,
                                    "Actual Total Time": 881.094,
                                    "Actual Rows": 1,
                                    "Actual Loops": 1
                                },
                                {
                                    "Worker Number": 1,
                                    "Actual Startup Time": 881.161,
                                    "Actual Total Time": 881.162,
                                    "Actual Rows": 1,
                                    "Actual Loops": 1
                                },
                                {
                                    "Worker Number": 2,
                                    "Actual Startup Time": 881.171,
                                    "Actual Total Time": 881.172,
                                    "Actual Rows": 1,
                                    "Actual Loops": 1
                                },
                                {
                                    "Worker Number": 3,
                                    "Actual Startup Time": 881.152,
                                    "Actual Total Time": 881.154,
                                    "Actual Rows": 1,
                                    "Actual Loops": 1
                                },
                                {
                                    "Worker Number": 4,
                                    "Actual Startup Time": 881.743,
                                    "Actual Total Time": 881.744,
                                    "Actual Rows": 1,
                                    "Actual Loops": 1
                                },
                                {
                                    "Worker Number": 5,
                                    "Actual Startup Time": 882.197,
                                    "Actual Total Time": 882.198,
                                    "Actual Rows": 1,
                                    "Actual Loops": 1
                                }
                            ],
                            "Plans": [
                                {
                                    "Node Type": "Seq Scan",
                                    "Parent Relationship": "Outer",
                                    "Parallel Aware": true,
                                    "Relation Name": "cast_info",
                                    "Schema": "public",
                                    "Alias": "ci",
                                    "Startup Cost": 0.0,
                                    "Total Cost": 343318.94,
                                    "Plan Rows": 1771212,
                                    "Plan Width": 0,
                                    "Actual Startup Time": 396.463,
                                    "Actual Total Time": 773.934,
                                    "Actual Rows": 1818344,
                                    "Actual Loops": 7,
                                    "Output": [
                                        "id",
                                        "person_id",
                                        "movie_id",
                                        "person_role_id",
                                        "note",
                                        "nr_order",
                                        "role_id"
                                    ],
                                    "Filter": "((ci.person_id > 1204606) AND (ci.role_id > 2))",
                                    "Rows Removed by Filter": 3359420,
                                    "Workers": [
                                        {
                                            "Worker Number": 0,
                                            "Actual Startup Time": 394.679,
                                            "Actual Total Time": 773.223,
                                            "Actual Rows": 1624039,
                                            "Actual Loops": 1
                                        },
                                        {
                                            "Worker Number": 1,
                                            "Actual Startup Time": 394.755,
                                            "Actual Total Time": 773.441,
                                            "Actual Rows": 1622012,
                                            "Actual Loops": 1
                                        },
                                        {
                                            "Worker Number": 2,
                                            "Actual Startup Time": 394.752,
                                            "Actual Total Time": 773.834,
                                            "Actual Rows": 1621112,
                                            "Actual Loops": 1
                                        },
                                        {
                                            "Worker Number": 3,
                                            "Actual Startup Time": 394.756,
                                            "Actual Total Time": 773.397,
                                            "Actual Rows": 1624974,
                                            "Actual Loops": 1
                                        },
                                        {
                                            "Worker Number": 4,
                                            "Actual Startup Time": 395.34,
                                            "Actual Total Time": 775.701,
                                            "Actual Rows": 1596185,
                                            "Actual Loops": 1
                                        },
                                        {
                                            "Worker Number": 5,
                                            "Actual Startup Time": 395.811,
                                            "Actual Total Time": 774.58,
                                            "Actual Rows": 1621100,
                                            "Actual Loops": 1
                                        }
                                    ]
                                }
                            ]
                        }
                    ]
                }
            ]
        },
        "Planning Time": 1288.663,
        "Triggers": [],
        "Execution Time": 932.557
    }
]