[
  {
    "Plan": {
      "Node Type": "Aggregate",
      "Strategy": "Plain",
      "Partial Mode": "Finalize",
      "Parallel Aware": false,
      "Startup Cost": 82075.39,
      "Total Cost": 82075.4,
      "Plan Rows": 1,
      "Plan Width": 8,
      "Actual Startup Time": 495.361,
      "Actual Total Time": 510.971,
      "Actual Rows": 1,
      "Actual Loops": 1,
      "Plans": [
        {
          "Node Type": "Gather",
          "Parent Relationship": "Outer",
          "Parallel Aware": false,
          "Startup Cost": 82075.08,
          "Total Cost": 82075.39,
          "Plan Rows": 3,
          "Plan Width": 8,
          "Actual Startup Time": 483.849,
          "Actual Total Time": 510.961,
          "Actual Rows": 4,
          "Actual Loops": 1,
          "Workers Planned": 3,
          "Workers Launched": 3,
          "Single Copy": false,
          "Plans": [
            {
              "Node Type": "Aggregate",
              "Strategy": "Plain",
              "Partial Mode": "Partial",
              "Parent Relationship": "Outer",
              "Parallel Aware": false,
              "Startup Cost": 81075.08,
              "Total Cost": 81075.09,
              "Plan Rows": 1,
              "Plan Width": 8,
              "Actual Startup Time": 465.395,
              "Actual Total Time": 465.399,
              "Actual Rows": 1,
              "Actual Loops": 4,
              "Plans": [
                {
                  "Node Type": "Hash Join",
                  "Parent Relationship": "Outer",
                  "Parallel Aware": true,
                  "Join Type": "Inner",
                  "Startup Cost": 55268.52,
                  "Total Cost": 80883.22,
                  "Plan Rows": 76741,
                  "Plan Width": 0,
                  "Actual Startup Time": 395.871,
                  "Actual Total Time": 461.928,
                  "Actual Rows": 60371,
                  "Actual Loops": 4,
                  "Inner Unique": true,
                  "Hash Cond": "(mk.movie_id = t.id)",
                  "Plans": [
                    {
                      "Node Type": "Bitmap Heap Scan",
                      "Parent Relationship": "Outer",
                      "Parallel Aware": true,
                      "Relation Name": "movie_keyword",
                      "Alias": "mk",
                      "Startup Cost": 5048.13,
                      "Total Cost": 30461.4,
                      "Plan Rows": 76741,
                      "Plan Width": 4,
                      "Actual Startup Time": 17.706,
                      "Actual Total Time": 58.817,
                      "Actual Rows": 60371,
                      "Actual Loops": 4,
                      "Recheck Cond": "(keyword_id > 61644)",
                      "Rows Removed by Index Recheck": 0,
                      "Exact Heap Blocks": 7491,
                      "Lossy Heap Blocks": 0,
                      "Plans": [
                        {
                          "Node Type": "Bitmap Index Scan",
                          "Parent Relationship": "Outer",
                          "Parallel Aware": false,
                          "Index Name": "keyword_id_movie_keyword",
                          "Startup Cost": 0.0,
                          "Total Cost": 4988.66,
                          "Plan Rows": 237897,
                          "Plan Width": 0,
                          "Actual Startup Time": 14.618,
                          "Actual Total Time": 14.619,
                          "Actual Rows": 241485,
                          "Actual Loops": 1,
                          "Index Cond": "(keyword_id > 61644)"
                        }
                      ]
                    },
                    {
                      "Node Type": "Hash",
                      "Parent Relationship": "Inner",
                      "Parallel Aware": true,
                      "Startup Cost": 42319.06,
                      "Total Cost": 42319.06,
                      "Plan Rows": 632106,
                      "Plan Width": 4,
                      "Actual Startup Time": 366.598,
                      "Actual Total Time": 366.599,
                      "Actual Rows": 632078,
                      "Actual Loops": 4,
                      "Hash Buckets": 4194304,
                      "Original Hash Buckets": 4194304,
                      "Hash Batches": 1,
                      "Original Hash Batches": 1,
                      "Peak Memory Usage": 131744,
                      "Plans": [
                        {
                          "Node Type": "Seq Scan",
                          "Parent Relationship": "Outer",
                          "Parallel Aware": true,
                          "Relation Name": "title",
                          "Alias": "t",
                          "Startup Cost": 0.0,
                          "Total Cost": 42319.06,
                          "Plan Rows": 632106,
                          "Plan Width": 4,
                          "Actual Startup Time": 0.038,
                          "Actual Total Time": 109.108,
                          "Actual Rows": 632078,
                          "Actual Loops": 4
                        }
                      ]
                    }
                  ]
                }
              ]
            }
          ]
        }
      ]
    },
    "Planning Time": 0.609,
    "Triggers": [],
    "Execution Time": 511.057
  }
]