{
  "Plan": {
    "Node Type": "Aggregate",
    "Strategy": "Plain",
    "Partial Mode": "Finalize",
    "Parallel Aware": false,
    "Startup Cost": 381204.17,
    "Total Cost": 381204.18,
    "Plan Rows": 1,
    "Plan Width": 8,
    "Actual Startup Time": 2614.986,
    "Actual Total Time": 2656.279,
    "Actual Rows": 1,
    "Actual Loops": 1,
    "Plans": [
      {
        "Node Type": "Gather",
        "Parent Relationship": "Outer",
        "Parallel Aware": false,
        "Startup Cost": 381204.06,
        "Total Cost": 381204.17,
        "Plan Rows": 1,
        "Plan Width": 8,
        "Actual Startup Time": 2613.869,
        "Actual Total Time": 2656.269,
        "Actual Rows": 2,
        "Actual Loops": 1,
        "Workers Planned": 1,
        "Workers Launched": 1,
        "Single Copy": false,
        "Plans": [
          {
            "Node Type": "Aggregate",
            "Strategy": "Plain",
            "Partial Mode": "Partial",
            "Parent Relationship": "Outer",
            "Parallel Aware": false,
            "Startup Cost": 380204.06,
            "Total Cost": 380204.07,
            "Plan Rows": 1,
            "Plan Width": 8,
            "Actual Startup Time": 2611.196,
            "Actual Total Time": 2611.355,
            "Actual Rows": 1,
            "Actual Loops": 2,
            "Plans": [
              {
                "Node Type": "Hash Join",
                "Parent Relationship": "Outer",
                "Parallel Aware": true,
                "Join Type": "Inner",
                "Startup Cost": 91173.0,
                "Total Cost": 377977.87,
                "Plan Rows": 890477,
                "Plan Width": 0,
                "Actual Startup Time": 556.461,
                "Actual Total Time": 2495.688,
                "Actual Rows": 2282596,
                "Actual Loops": 2,
                "Inner Unique": false,
                "Hash Cond": "(mi.movie_id = t.id)",
                "Plans": [
                  {
                    "Node Type": "Seq Scan",
                    "Parent Relationship": "Outer",
                    "Parallel Aware": true,
                    "Relation Name": "movie_info",
                    "Alias": "mi",
                    "Startup Cost": 0.0,
                    "Total Cost": 248955.74,
                    "Plan Rows": 8696274,
                    "Plan Width": 4,
                    "Actual Startup Time": 0.016,
                    "Actual Total Time": 679.24,
                    "Actual Rows": 7417860,
                    "Actual Loops": 2
                  },
                  {
                    "Node Type": "Hash",
                    "Parent Relationship": "Inner",
                    "Parallel Aware": true,
                    "Startup Cost": 89269.38,
                    "Total Cost": 89269.38,
                    "Plan Rows": 152289,
                    "Plan Width": 8,
                    "Actual Startup Time": 519.172,
                    "Actual Total Time": 519.331,
                    "Actual Rows": 128576,
                    "Actual Loops": 2,
                    "Hash Buckets": 262144,
                    "Original Hash Buckets": 262144,
                    "Hash Batches": 1,
                    "Original Hash Batches": 1,
                    "Peak Memory Usage": 12128,
                    "Plans": [
                      {
                        "Node Type": "Hash Join",
                        "Parent Relationship": "Outer",
                        "Parallel Aware": true,
                        "Join Type": "Inner",
                        "Startup Cost": 28208.06,
                        "Total Cost": 89269.38,
                        "Plan Rows": 152289,
                        "Plan Width": 8,
                        "Actual Startup Time": 298.154,
                        "Actual Total Time": 485.976,
                        "Actual Rows": 128576,
                        "Actual Loops": 2,
                        "Inner Unique": false,
                        "Hash Cond": "(t.id = mc.movie_id)",
                        "Plans": [
                          {
                            "Node Type": "Seq Scan",
                            "Parent Relationship": "Outer",
                            "Parallel Aware": true,
                            "Relation Name": "title",
                            "Alias": "t",
                            "Startup Cost": 0.0,
                            "Total Cost": 50870.31,
                            "Plan Rows": 1487231,
                            "Plan Width": 4,
                            "Actual Startup Time": 0.012,
                            "Actual Total Time": 137.461,
                            "Actual Rows": 1264156,
                            "Actual Loops": 2
                          },
                          {
                            "Node Type": "Hash",
                            "Parent Relationship": "Inner",
                            "Parallel Aware": true,
                            "Startup Cost": 26304.45,
                            "Total Cost": 26304.45,
                            "Plan Rows": 152289,
                            "Plan Width": 4,
                            "Actual Startup Time": 90.951,
                            "Actual Total Time": 90.952,
                            "Actual Rows": 128576,
                            "Actual Loops": 2,
                            "Hash Buckets": 262144,
                            "Original Hash Buckets": 262144,
                            "Hash Batches": 1,
                            "Original Hash Batches": 1,
                            "Peak Memory Usage": 12160,
                            "Plans": [
                              {
                                "Node Type": "Bitmap Heap Scan",
                                "Parent Relationship": "Outer",
                                "Parallel Aware": true,
                                "Relation Name": "movie_companies",
                                "Alias": "mc",
                                "Startup Cost": 5610.84,
                                "Total Cost": 26304.45,
                                "Plan Rows": 152289,
                                "Plan Width": 4,
                                "Actual Startup Time": 25.523,
                                "Actual Total Time": 57.533,
                                "Actual Rows": 128576,
                                "Actual Loops": 2,
                                "Recheck Cond": "(company_id > 99942)",
                                "Rows Removed by Index Recheck": 0,
                                "Exact Heap Blocks": 2339,
                                "Lossy Heap Blocks": 0,
                                "Plans": [
                                  {
                                    "Node Type": "Bitmap Index Scan",
                                    "Parent Relationship": "Outer",
                                    "Parallel Aware": false,
                                    "Index Name": "company_id_movie_companies",
                                    "Startup Cost": 0.0,
                                    "Total Cost": 5546.11,
                                    "Plan Rows": 258891,
                                    "Plan Width": 0,
                                    "Actual Startup Time": 24.472,
                                    "Actual Total Time": 24.472,
                                    "Actual Rows": 257153,
                                    "Actual Loops": 1,
                                    "Index Cond": "(company_id > 99942)"
                                  }
                                ]
                              }
                            ]
                          }
                        ]
                      }
                    ]
                  }
                ]
              }
            ]
          }
        ]
      }
    ]
  },
  "Planning Time": 0.555,
  "Triggers": [],
  "Execution Time": 2656.361
}