{
  "Plan": {
    "Node Type": "Aggregate",
    "Strategy": "Plain",
    "Partial Mode": "Finalize",
    "Parallel Aware": false,
    "Startup Cost": 261984.27,
    "Total Cost": 261984.28,
    "Plan Rows": 1,
    "Plan Width": 8,
    "Actual Startup Time": 570.271,
    "Actual Total Time": 585.604,
    "Actual Rows": 1,
    "Actual Loops": 1,
    "Plans": [
      {
        "Node Type": "Gather",
        "Parent Relationship": "Outer",
        "Parallel Aware": false,
        "Startup Cost": 261984.16,
        "Total Cost": 261984.27,
        "Plan Rows": 1,
        "Plan Width": 8,
        "Actual Startup Time": 567.213,
        "Actual Total Time": 585.595,
        "Actual Rows": 2,
        "Actual Loops": 1,
        "Workers Planned": 1,
        "Workers Launched": 1,
        "Single Copy": false,
        "Plans": [
          {
            "Node Type": "Aggregate",
            "Strategy": "Plain",
            "Partial Mode": "Partial",
            "Parent Relationship": "Outer",
            "Parallel Aware": false,
            "Startup Cost": 260984.16,
            "Total Cost": 260984.17,
            "Plan Rows": 1,
            "Plan Width": 8,
            "Actual Startup Time": 561.57,
            "Actual Total Time": 562.112,
            "Actual Rows": 1,
            "Actual Loops": 2,
            "Plans": [
              {
                "Node Type": "Hash Join",
                "Parent Relationship": "Outer",
                "Parallel Aware": true,
                "Join Type": "Inner",
                "Startup Cost": 87615.67,
                "Total Cost": 260262.7,
                "Plan Rows": 288586,
                "Plan Width": 0,
                "Actual Startup Time": 375.483,
                "Actual Total Time": 559.872,
                "Actual Rows": 50863,
                "Actual Loops": 2,
                "Inner Unique": true,
                "Hash Cond": "(mi.movie_id = t.id)",
                "Plans": [
                  {
                    "Node Type": "Bitmap Heap Scan",
                    "Parent Relationship": "Outer",
                    "Parallel Aware": true,
                    "Relation Name": "movie_info",
                    "Alias": "mi",
                    "Startup Cost": 21692.88,
                    "Total Cost": 192490.86,
                    "Plan Rows": 704398,
                    "Plan Width": 4,
                    "Actual Startup Time": 43.052,
                    "Actual Total Time": 130.199,
                    "Actual Rows": 577156,
                    "Actual Loops": 2,
                    "Recheck Cond": "(info_type_id > 50)",
                    "Rows Removed by Index Recheck": 0,
                    "Exact Heap Blocks": 19198,
                    "Lossy Heap Blocks": 0,
                    "Plans": [
                      {
                        "Node Type": "Bitmap Index Scan",
                        "Parent Relationship": "Outer",
                        "Parallel Aware": false,
                        "Index Name": "info_type_id_movie_info",
                        "Startup Cost": 0.0,
                        "Total Cost": 21393.51,
                        "Plan Rows": 1197477,
                        "Plan Width": 0,
                        "Actual Startup Time": 37.457,
                        "Actual Total Time": 37.458,
                        "Actual Rows": 1154311,
                        "Actual Loops": 1,
                        "Index Cond": "(info_type_id > 50)"
                      }
                    ]
                  },
                  {
                    "Node Type": "Hash",
                    "Parent Relationship": "Inner",
                    "Parallel Aware": true,
                    "Startup Cost": 58306.47,
                    "Total Cost": 58306.47,
                    "Plan Rows": 609306,
                    "Plan Width": 4,
                    "Actual Startup Time": 307.721,
                    "Actual Total Time": 307.722,
                    "Actual Rows": 567114,
                    "Actual Loops": 2,
                    "Hash Buckets": 2097152,
                    "Original Hash Buckets": 1048576,
                    "Hash Batches": 1,
                    "Original Hash Batches": 1,
                    "Peak Memory Usage": 68960,
                    "Plans": [
                      {
                        "Node Type": "Seq Scan",
                        "Parent Relationship": "Outer",
                        "Parallel Aware": true,
                        "Relation Name": "title",
                        "Alias": "t",
                        "Startup Cost": 0.0,
                        "Total Cost": 58306.47,
                        "Plan Rows": 609306,
                        "Plan Width": 4,
                        "Actual Startup Time": 0.035,
                        "Actual Total Time": 157.817,
                        "Actual Rows": 567114,
                        "Actual Loops": 2,
                        "Filter": "((production_year > 1992) AND (kind_id = 7))",
                        "Rows Removed by Filter": 697042
                      }
                    ]
                  }
                ]
              }
            ]
          }
        ]
      }
    ]
  },
  "Planning Time": 0.621,
  "Triggers": [],
  "Execution Time": 585.696
}