[
  {
    "Plan": {
      "Node Type": "Aggregate",
      "Strategy": "Plain",
      "Partial Mode": "Finalize",
      "Parallel Aware": false,
      "Startup Cost": 25608.72,
      "Total Cost": 25608.73,
      "Plan Rows": 1,
      "Plan Width": 8,
      "Actual Startup Time": 54.581,
      "Actual Total Time": 58.618,
      "Actual Rows": 1,
      "Actual Loops": 1,
      "Plans": [
        {
          "Node Type": "Gather",
          "Parent Relationship": "Outer",
          "Parallel Aware": false,
          "Startup Cost": 25608.41,
          "Total Cost": 25608.72,
          "Plan Rows": 3,
          "Plan Width": 8,
          "Actual Startup Time": 54.434,
          "Actual Total Time": 58.612,
          "Actual Rows": 4,
          "Actual Loops": 1,
          "Workers Planned": 3,
          "Workers Launched": 3,
          "Single Copy": false,
          "Plans": [
            {
              "Node Type": "Aggregate",
              "Strategy": "Plain",
              "Partial Mode": "Partial",
              "Parent Relationship": "Outer",
              "Parallel Aware": false,
              "Startup Cost": 24608.41,
              "Total Cost": 24608.42,
              "Plan Rows": 1,
              "Plan Width": 8,
              "Actual Startup Time": 50.445,
              "Actual Total Time": 50.448,
              "Actual Rows": 1,
              "Actual Loops": 4,
              "Plans": [
                {
                  "Node Type": "Bitmap Heap Scan",
                  "Parent Relationship": "Outer",
                  "Parallel Aware": true,
                  "Relation Name": "movie_companies",
                  "Alias": "mc",
                  "Startup Cost": 4756.79,
                  "Total Cost": 24431.47,
                  "Plan Rows": 70775,
                  "Plan Width": 0,
                  "Actual Startup Time": 24.252,
                  "Actual Total Time": 46.679,
                  "Actual Rows": 54263,
                  "Actual Loops": 4,
                  "Recheck Cond": "(company_id > 108735)",
                  "Rows Removed by Index Recheck": 0,
                  "Exact Heap Blocks": 1933,
                  "Lossy Heap Blocks": 0,
                  "Plans": [
                    {
                      "Node Type": "Bitmap Index Scan",
                      "Parent Relationship": "Outer",
                      "Parallel Aware": false,
                      "Index Name": "company_id_movie_companies",
                      "Startup Cost": 0.0,
                      "Total Cost": 4701.94,
                      "Plan Rows": 219401,
                      "Plan Width": 0,
                      "Actual Startup Time": 26.417,
                      "Actual Total Time": 26.417,
                      "Actual Rows": 217052,
                      "Actual Loops": 1,
                      "Index Cond": "(company_id > 108735)"
                    }
                  ]
                }
              ]
            }
          ]
        }
      ]
    },
    "Planning Time": 0.195,
    "Triggers": [],
    "Execution Time": 58.692
  }
]