{
  "Plan": {
    "Node Type": "Aggregate",
    "Strategy": "Plain",
    "Partial Mode": "Finalize",
    "Parallel Aware": false,
    "Startup Cost": 257142.37,
    "Total Cost": 257142.38,
    "Plan Rows": 1,
    "Plan Width": 8,
    "Actual Startup Time": 1833.255,
    "Actual Total Time": 1854.829,
    "Actual Rows": 1,
    "Actual Loops": 1,
    "Plans": [
      {
        "Node Type": "Gather",
        "Parent Relationship": "Outer",
        "Parallel Aware": false,
        "Startup Cost": 257142.26,
        "Total Cost": 257142.37,
        "Plan Rows": 1,
        "Plan Width": 8,
        "Actual Startup Time": 1832.884,
        "Actual Total Time": 1854.822,
        "Actual Rows": 2,
        "Actual Loops": 1,
        "Workers Planned": 1,
        "Workers Launched": 1,
        "Single Copy": false,
        "Plans": [
          {
            "Node Type": "Aggregate",
            "Strategy": "Plain",
            "Partial Mode": "Partial",
            "Parent Relationship": "Outer",
            "Parallel Aware": false,
            "Startup Cost": 256142.26,
            "Total Cost": 256142.27,
            "Plan Rows": 1,
            "Plan Width": 8,
            "Actual Startup Time": 1827.326,
            "Actual Total Time": 1827.328,
            "Actual Rows": 1,
            "Actual Loops": 2,
            "Plans": [
              {
                "Node Type": "Merge Join",
                "Parent Relationship": "Outer",
                "Parallel Aware": false,
                "Join Type": "Inner",
                "Startup Cost": 3.0,
                "Total Cost": 255134.0,
                "Plan Rows": 403304,
                "Plan Width": 0,
                "Actual Startup Time": 1.804,
                "Actual Total Time": 1813.717,
                "Actual Rows": 262288,
                "Actual Loops": 2,
                "Inner Unique": false,
                "Merge Cond": "(t.id = mc.movie_id)",
                "Plans": [
                  {
                    "Node Type": "Index Scan",
                    "Parent Relationship": "Outer",
                    "Parallel Aware": true,
                    "Scan Direction": "Forward",
                    "Index Name": "title_pkey",
                    "Relation Name": "title",
                    "Alias": "t",
                    "Startup Cost": 0.43,
                    "Total Cost": 103647.43,
                    "Plan Rows": 390808,
                    "Plan Width": 4,
                    "Actual Startup Time": 0.279,
                    "Actual Total Time": 779.557,
                    "Actual Rows": 330922,
                    "Actual Loops": 2,
                    "Filter": "(production_year > 2008)",
                    "Rows Removed by Filter": 932007
                  },
                  {
                    "Node Type": "Index Only Scan",
                    "Parent Relationship": "Inner",
                    "Parallel Aware": false,
                    "Scan Direction": "Forward",
                    "Index Name": "movie_id_movie_companies",
                    "Relation Name": "movie_companies",
                    "Alias": "mc",
                    "Startup Cost": 0.43,
                    "Total Cost": 140059.44,
                    "Plan Rows": 2609129,
                    "Plan Width": 4,
                    "Actual Startup Time": 0.136,
                    "Actual Total Time": 863.012,
                    "Actual Rows": 2609129,
                    "Actual Loops": 2,
                    "Heap Fetches": 5218258
                  }
                ]
              }
            ]
          }
        ]
      }
    ]
  },
  "Planning Time": 0.655,
  "Triggers": [],
  "Execution Time": 1854.905
}