[
  {
    "Plan": {
      "Node Type": "Aggregate",
      "Strategy": "Plain",
      "Partial Mode": "Finalize",
      "Parallel Aware": false,
      "Startup Cost": 31253.96,
      "Total Cost": 31253.97,
      "Plan Rows": 1,
      "Plan Width": 8,
      "Actual Startup Time": 96.911,
      "Actual Total Time": 104.424,
      "Actual Rows": 1,
      "Actual Loops": 1,
      "Plans": [
        {
          "Node Type": "Gather",
          "Parent Relationship": "Outer",
          "Parallel Aware": false,
          "Startup Cost": 31253.64,
          "Total Cost": 31253.95,
          "Plan Rows": 3,
          "Plan Width": 8,
          "Actual Startup Time": 96.719,
          "Actual Total Time": 104.418,
          "Actual Rows": 4,
          "Actual Loops": 1,
          "Workers Planned": 3,
          "Workers Launched": 3,
          "Single Copy": false,
          "Plans": [
            {
              "Node Type": "Aggregate",
              "Strategy": "Plain",
              "Partial Mode": "Partial",
              "Parent Relationship": "Outer",
              "Parallel Aware": false,
              "Startup Cost": 30253.64,
              "Total Cost": 30253.65,
              "Plan Rows": 1,
              "Plan Width": 8,
              "Actual Startup Time": 90.781,
              "Actual Total Time": 90.782,
              "Actual Rows": 1,
              "Actual Loops": 4,
              "Plans": [
                {
                  "Node Type": "Seq Scan",
                  "Parent Relationship": "Outer",
                  "Parallel Aware": true,
                  "Relation Name": "movie_companies",
                  "Alias": "mc",
                  "Startup Cost": 0.0,
                  "Total Cost": 29310.68,
                  "Plan Rows": 377185,
                  "Plan Width": 0,
                  "Actual Startup Time": 22.21,
                  "Actual Total Time": 78.473,
                  "Actual Rows": 293028,
                  "Actual Loops": 4,
                  "Filter": "(company_id > 12780)",
                  "Rows Removed by Filter": 359255
                }
              ]
            }
          ]
        }
      ]
    },
    "Planning Time": 0.182,
    "Triggers": [],
    "Execution Time": 104.539
  }
]