[
  {
    "Plan": {
      "Node Type": "Aggregate",
      "Strategy": "Plain",
      "Partial Mode": "Finalize",
      "Parallel Aware": false,
      "Startup Cost": 45926.07,
      "Total Cost": 45926.08,
      "Plan Rows": 1,
      "Plan Width": 8,
      "Actual Startup Time": 163.707,
      "Actual Total Time": 173.623,
      "Actual Rows": 1,
      "Actual Loops": 1,
      "Plans": [
        {
          "Node Type": "Gather",
          "Parent Relationship": "Outer",
          "Parallel Aware": false,
          "Startup Cost": 45925.76,
          "Total Cost": 45926.07,
          "Plan Rows": 3,
          "Plan Width": 8,
          "Actual Startup Time": 163.585,
          "Actual Total Time": 173.614,
          "Actual Rows": 4,
          "Actual Loops": 1,
          "Workers Planned": 3,
          "Workers Launched": 3,
          "Single Copy": false,
          "Plans": [
            {
              "Node Type": "Aggregate",
              "Strategy": "Plain",
              "Partial Mode": "Partial",
              "Parent Relationship": "Outer",
              "Parallel Aware": false,
              "Startup Cost": 44925.76,
              "Total Cost": 44925.77,
              "Plan Rows": 1,
              "Plan Width": 8,
              "Actual Startup Time": 157.673,
              "Actual Total Time": 157.675,
              "Actual Rows": 1,
              "Actual Loops": 4,
              "Plans": [
                {
                  "Node Type": "Seq Scan",
                  "Parent Relationship": "Outer",
                  "Parallel Aware": true,
                  "Relation Name": "movie_keyword",
                  "Alias": "mk",
                  "Startup Cost": 0.0,
                  "Total Cost": 42695.65,
                  "Plan Rows": 892041,
                  "Plan Width": 0,
                  "Actual Startup Time": 0.432,
                  "Actual Total Time": 124.438,
                  "Actual Rows": 688246,
                  "Actual Loops": 4,
                  "Filter": "(keyword_id > 2872)",
                  "Rows Removed by Filter": 442736
                }
              ]
            }
          ]
        }
      ]
    },
    "Planning Time": 0.159,
    "Triggers": [],
    "Execution Time": 173.673
  }
]