{
  "Plan": {
    "Node Type": "Aggregate",
    "Strategy": "Plain",
    "Partial Mode": "Finalize",
    "Parallel Aware": false,
    "Startup Cost": 533352.25,
    "Total Cost": 533352.26,
    "Plan Rows": 1,
    "Plan Width": 8,
    "Actual Startup Time": 10790.992,
    "Actual Total Time": 10858.399,
    "Actual Rows": 1,
    "Actual Loops": 1,
    "Plans": [
      {
        "Node Type": "Gather",
        "Parent Relationship": "Outer",
        "Parallel Aware": false,
        "Startup Cost": 533352.14,
        "Total Cost": 533352.25,
        "Plan Rows": 1,
        "Plan Width": 8,
        "Actual Startup Time": 10777.112,
        "Actual Total Time": 10858.393,
        "Actual Rows": 2,
        "Actual Loops": 1,
        "Workers Planned": 1,
        "Workers Launched": 1,
        "Single Copy": false,
        "Plans": [
          {
            "Node Type": "Aggregate",
            "Strategy": "Plain",
            "Partial Mode": "Partial",
            "Parent Relationship": "Outer",
            "Parallel Aware": false,
            "Startup Cost": 532352.14,
            "Total Cost": 532352.15,
            "Plan Rows": 1,
            "Plan Width": 8,
            "Actual Startup Time": 10759.382,
            "Actual Total Time": 10759.387,
            "Actual Rows": 1,
            "Actual Loops": 2,
            "Plans": [
              {
                "Node Type": "Hash Join",
                "Parent Relationship": "Outer",
                "Parallel Aware": true,
                "Join Type": "Inner",
                "Startup Cost": 407886.91,
                "Total Cost": 517005.52,
                "Plan Rows": 6138648,
                "Plan Width": 0,
                "Actual Startup Time": 3373.155,
                "Actual Total Time": 8161.524,
                "Actual Rows": 66025488,
                "Actual Loops": 2,
                "Inner Unique": false,
                "Hash Cond": "(mk.movie_id = t.id)",
                "Plans": [
                  {
                    "Node Type": "Seq Scan",
                    "Parent Relationship": "Outer",
                    "Parallel Aware": true,
                    "Relation Name": "movie_keyword",
                    "Alias": "mk",
                    "Startup Cost": 0.0,
                    "Total Cost": 57718.19,
                    "Plan Rows": 2038764,
                    "Plan Width": 4,
                    "Actual Startup Time": 0.017,
                    "Actual Total Time": 194.038,
                    "Actual Rows": 1733395,
                    "Actual Loops": 2,
                    "Filter": "(keyword_id < 16689)",
                    "Rows Removed by Filter": 528570
                  },
                  {
                    "Node Type": "Hash",
                    "Parent Relationship": "Inner",
                    "Parallel Aware": true,
                    "Startup Cost": 351911.89,
                    "Total Cost": 351911.89,
                    "Plan Rows": 4478001,
                    "Plan Width": 8,
                    "Actual Startup Time": 3343.493,
                    "Actual Total Time": 3343.497,
                    "Actual Rows": 3774428,
                    "Actual Loops": 2,
                    "Hash Buckets": 8388608,
                    "Original Hash Buckets": 8388608,
                    "Hash Batches": 1,
                    "Original Hash Batches": 1,
                    "Peak Memory Usage": 360896,
                    "Plans": [
                      {
                        "Node Type": "Hash Join",
                        "Parent Relationship": "Outer",
                        "Parallel Aware": true,
                        "Join Type": "Inner",
                        "Startup Cost": 69460.7,
                        "Total Cost": 351911.89,
                        "Plan Rows": 4478001,
                        "Plan Width": 8,
                        "Actual Startup Time": 534.616,
                        "Actual Total Time": 2354.745,
                        "Actual Rows": 3774428,
                        "Actual Loops": 2,
                        "Inner Unique": true,
                        "Hash Cond": "(mi.movie_id = t.id)",
                        "Plans": [
                          {
                            "Node Type": "Seq Scan",
                            "Parent Relationship": "Outer",
                            "Parallel Aware": true,
                            "Relation Name": "movie_info",
                            "Alias": "mi",
                            "Startup Cost": 0.0,
                            "Total Cost": 270696.42,
                            "Plan Rows": 4478001,
                            "Plan Width": 4,
                            "Actual Startup Time": 32.111,
                            "Actual Total Time": 698.737,
                            "Actual Rows": 3774428,
                            "Actual Loops": 2,
                            "Filter": "(info_type_id > 7)",
                            "Rows Removed by Filter": 3643432
                          },
                          {
                            "Node Type": "Hash",
                            "Parent Relationship": "Inner",
                            "Parallel Aware": true,
                            "Startup Cost": 50870.31,
                            "Total Cost": 50870.31,
                            "Plan Rows": 1487231,
                            "Plan Width": 4,
                            "Actual Startup Time": 490.956,
                            "Actual Total Time": 490.957,
                            "Actual Rows": 1264156,
                            "Actual Loops": 2,
                            "Hash Buckets": 4194304,
                            "Original Hash Buckets": 4194304,
                            "Hash Batches": 1,
                            "Original Hash Batches": 1,
                            "Peak Memory Usage": 131680,
                            "Plans": [
                              {
                                "Node Type": "Seq Scan",
                                "Parent Relationship": "Outer",
                                "Parallel Aware": true,
                                "Relation Name": "title",
                                "Alias": "t",
                                "Startup Cost": 0.0,
                                "Total Cost": 50870.31,
                                "Plan Rows": 1487231,
                                "Plan Width": 4,
                                "Actual Startup Time": 0.037,
                                "Actual Total Time": 144.585,
                                "Actual Rows": 1264156,
                                "Actual Loops": 2
                              }
                            ]
                          }
                        ]
                      }
                    ]
                  }
                ]
              }
            ]
          }
        ]
      }
    ]
  },
  "Planning Time": 0.833,
  "Triggers": [],
  "Execution Time": 10858.471
}