{
  "Plan": {
    "Node Type": "Aggregate",
    "Strategy": "Plain",
    "Partial Mode": "Finalize",
    "Parallel Aware": false,
    "Startup Cost": 77192.45,
    "Total Cost": 77192.46,
    "Plan Rows": 1,
    "Plan Width": 8,
    "Actual Startup Time": 359.106,
    "Actual Total Time": 372.738,
    "Actual Rows": 1,
    "Actual Loops": 1,
    "Plans": [
      {
        "Node Type": "Gather",
        "Parent Relationship": "Outer",
        "Parallel Aware": false,
        "Startup Cost": 77192.34,
        "Total Cost": 77192.45,
        "Plan Rows": 1,
        "Plan Width": 8,
        "Actual Startup Time": 358.939,
        "Actual Total Time": 372.73,
        "Actual Rows": 2,
        "Actual Loops": 1,
        "Workers Planned": 1,
        "Workers Launched": 1,
        "Single Copy": false,
        "Plans": [
          {
            "Node Type": "Aggregate",
            "Strategy": "Plain",
            "Partial Mode": "Partial",
            "Parent Relationship": "Outer",
            "Parallel Aware": false,
            "Startup Cost": 76192.34,
            "Total Cost": 76192.35,
            "Plan Rows": 1,
            "Plan Width": 8,
            "Actual Startup Time": 352.757,
            "Actual Total Time": 352.762,
            "Actual Rows": 1,
            "Actual Loops": 2,
            "Plans": [
              {
                "Node Type": "Hash Join",
                "Parent Relationship": "Outer",
                "Parallel Aware": true,
                "Join Type": "Inner",
                "Startup Cost": 15130.18,
                "Total Cost": 76187.1,
                "Plan Rows": 2094,
                "Plan Width": 0,
                "Actual Startup Time": 43.237,
                "Actual Total Time": 352.33,
                "Actual Rows": 8568,
                "Actual Loops": 2,
                "Inner Unique": false,
                "Hash Cond": "(mk.movie_id = t.id)",
                "Plans": [
                  {
                    "Node Type": "Seq Scan",
                    "Parent Relationship": "Outer",
                    "Parallel Aware": true,
                    "Relation Name": "movie_keyword",
                    "Alias": "mk",
                    "Startup Cost": 0.0,
                    "Total Cost": 51065.35,
                    "Plan Rows": 2661135,
                    "Plan Width": 4,
                    "Actual Startup Time": 0.01,
                    "Actual Total Time": 155.715,
                    "Actual Rows": 2261965,
                    "Actual Loops": 2
                  },
                  {
                    "Node Type": "Hash",
                    "Parent Relationship": "Inner",
                    "Parallel Aware": true,
                    "Startup Cost": 15115.56,
                    "Total Cost": 15115.56,
                    "Plan Rows": 1170,
                    "Plan Width": 8,
                    "Actual Startup Time": 42.247,
                    "Actual Total Time": 42.249,
                    "Actual Rows": 2356,
                    "Actual Loops": 2,
                    "Hash Buckets": 4096,
                    "Original Hash Buckets": 2048,
                    "Hash Batches": 1,
                    "Original Hash Batches": 1,
                    "Peak Memory Usage": 272,
                    "Plans": [
                      {
                        "Node Type": "Nested Loop",
                        "Parent Relationship": "Outer",
                        "Parallel Aware": false,
                        "Join Type": "Inner",
                        "Startup Cost": 44.27,
                        "Total Cost": 15115.56,
                        "Plan Rows": 1170,
                        "Plan Width": 8,
                        "Actual Startup Time": 1.281,
                        "Actual Total Time": 31.944,
                        "Actual Rows": 2356,
                        "Actual Loops": 2,
                        "Inner Unique": true,
                        "Plans": [
                          {
                            "Node Type": "Bitmap Heap Scan",
                            "Parent Relationship": "Outer",
                            "Parallel Aware": true,
                            "Relation Name": "movie_companies",
                            "Alias": "mc",
                            "Startup Cost": 43.84,
                            "Total Cost": 5820.22,
                            "Plan Rows": 1170,
                            "Plan Width": 4,
                            "Actual Startup Time": 1.136,
                            "Actual Total Time": 7.066,
                            "Actual Rows": 2356,
                            "Actual Loops": 2,
                            "Recheck Cond": "(company_id < 6)",
                            "Rows Removed by Index Recheck": 0,
                            "Exact Heap Blocks": 1151,
                            "Lossy Heap Blocks": 0,
                            "Plans": [
                              {
                                "Node Type": "Bitmap Index Scan",
                                "Parent Relationship": "Outer",
                                "Parallel Aware": false,
                                "Index Name": "company_id_movie_companies",
                                "Startup Cost": 0.0,
                                "Total Cost": 43.35,
                                "Plan Rows": 1989,
                                "Plan Width": 0,
                                "Actual Startup Time": 1.332,
                                "Actual Total Time": 1.332,
                                "Actual Rows": 4712,
                                "Actual Loops": 1,
                                "Index Cond": "(company_id < 6)"
                              }
                            ]
                          },
                          {
                            "Node Type": "Index Only Scan",
                            "Parent Relationship": "Inner",
                            "Parallel Aware": false,
                            "Scan Direction": "Forward",
                            "Index Name": "title_pkey",
                            "Relation Name": "title",
                            "Alias": "t",
                            "Startup Cost": 0.43,
                            "Total Cost": 7.94,
                            "Plan Rows": 1,
                            "Plan Width": 4,
                            "Actual Startup Time": 0.01,
                            "Actual Total Time": 0.01,
                            "Actual Rows": 1,
                            "Actual Loops": 4712,
                            "Index Cond": "(id = mc.movie_id)",
                            "Rows Removed by Index Recheck": 0,
                            "Heap Fetches": 4712
                          }
                        ]
                      }
                    ]
                  }
                ]
              }
            ]
          }
        ]
      }
    ]
  },
  "Planning Time": 1.119,
  "Triggers": [],
  "Execution Time": 372.837
}