{
  "Plan": {
    "Node Type": "Aggregate",
    "Strategy": "Plain",
    "Partial Mode": "Finalize",
    "Parallel Aware": false,
    "Startup Cost": 94660.98,
    "Total Cost": 94660.99,
    "Plan Rows": 1,
    "Plan Width": 8,
    "Actual Startup Time": 265.033,
    "Actual Total Time": 282.547,
    "Actual Rows": 1,
    "Actual Loops": 1,
    "Plans": [
      {
        "Node Type": "Gather",
        "Parent Relationship": "Outer",
        "Parallel Aware": false,
        "Startup Cost": 94660.87,
        "Total Cost": 94660.98,
        "Plan Rows": 1,
        "Plan Width": 8,
        "Actual Startup Time": 264.387,
        "Actual Total Time": 282.538,
        "Actual Rows": 2,
        "Actual Loops": 1,
        "Workers Planned": 1,
        "Workers Launched": 1,
        "Single Copy": false,
        "Plans": [
          {
            "Node Type": "Aggregate",
            "Strategy": "Plain",
            "Partial Mode": "Partial",
            "Parent Relationship": "Outer",
            "Parallel Aware": false,
            "Startup Cost": 93660.87,
            "Total Cost": 93660.88,
            "Plan Rows": 1,
            "Plan Width": 8,
            "Actual Startup Time": 258.397,
            "Actual Total Time": 258.401,
            "Actual Rows": 1,
            "Actual Loops": 2,
            "Plans": [
              {
                "Node Type": "Hash Join",
                "Parent Relationship": "Outer",
                "Parallel Aware": true,
                "Join Type": "Inner",
                "Startup Cost": 66124.16,
                "Total Cost": 93647.23,
                "Plan Rows": 5456,
                "Plan Width": 0,
                "Actual Startup Time": 175.539,
                "Actual Total Time": 258.278,
                "Actual Rows": 1534,
                "Actual Loops": 2,
                "Inner Unique": true,
                "Hash Cond": "(mk.movie_id = t.id)",
                "Plans": [
                  {
                    "Node Type": "Bitmap Heap Scan",
                    "Parent Relationship": "Outer",
                    "Parallel Aware": true,
                    "Relation Name": "movie_keyword",
                    "Alias": "mk",
                    "Startup Cost": 7317.83,
                    "Total Cost": 34308.25,
                    "Plan Rows": 202914,
                    "Plan Width": 4,
                    "Actual Startup Time": 24.758,
                    "Actual Total Time": 83.229,
                    "Actual Rows": 181846,
                    "Actual Loops": 2,
                    "Recheck Cond": "(keyword_id < 335)",
                    "Rows Removed by Index Recheck": 0,
                    "Exact Heap Blocks": 13335,
                    "Lossy Heap Blocks": 0,
                    "Plans": [
                      {
                        "Node Type": "Bitmap Index Scan",
                        "Parent Relationship": "Outer",
                        "Parallel Aware": false,
                        "Index Name": "keyword_id_movie_keyword",
                        "Startup Cost": 0.0,
                        "Total Cost": 7231.59,
                        "Plan Rows": 344954,
                        "Plan Width": 0,
                        "Actual Startup Time": 21.2,
                        "Actual Total Time": 21.201,
                        "Actual Rows": 363692,
                        "Actual Loops": 1,
                        "Index Cond": "(keyword_id < 335)"
                      }
                    ]
                  },
                  {
                    "Node Type": "Hash",
                    "Parent Relationship": "Inner",
                    "Parallel Aware": true,
                    "Startup Cost": 58306.47,
                    "Total Cost": 58306.47,
                    "Plan Rows": 39989,
                    "Plan Width": 4,
                    "Actual Startup Time": 148.372,
                    "Actual Total Time": 148.372,
                    "Actual Rows": 37262,
                    "Actual Loops": 2,
                    "Hash Buckets": 131072,
                    "Original Hash Buckets": 131072,
                    "Hash Batches": 1,
                    "Original Hash Batches": 1,
                    "Peak Memory Usage": 3968,
                    "Plans": [
                      {
                        "Node Type": "Seq Scan",
                        "Parent Relationship": "Outer",
                        "Parallel Aware": true,
                        "Relation Name": "title",
                        "Alias": "t",
                        "Startup Cost": 0.0,
                        "Total Cost": 58306.47,
                        "Plan Rows": 39989,
                        "Plan Width": 4,
                        "Actual Startup Time": 0.038,
                        "Actual Total Time": 137.713,
                        "Actual Rows": 37262,
                        "Actual Loops": 2,
                        "Filter": "((kind_id = 7) AND (production_year = 2006))",
                        "Rows Removed by Filter": 1226894
                      }
                    ]
                  }
                ]
              }
            ]
          }
        ]
      }
    ]
  },
  "Planning Time": 0.472,
  "Triggers": [],
  "Execution Time": 282.642
}