[
    {
        "Bao": {
            "Bao prediction": 1254.955,
            "Bao recommended hint": "(no hint)"
        }
    },
    {
        "Plan": {
            "Node Type": "Aggregate",
            "Strategy": "Plain",
            "Partial Mode": "Finalize",
            "Parallel Aware": false,
            "Startup Cost": 436793.84,
            "Total Cost": 436793.85,
            "Plan Rows": 1,
            "Plan Width": 8,
            "Actual Startup Time": 2714.959,
            "Actual Total Time": 2744.755,
            "Actual Rows": 1,
            "Actual Loops": 1,
            "Output": [
                "count(*)"
            ],
            "Plans": [
                {
                    "Node Type": "Gather",
                    "Parent Relationship": "Outer",
                    "Parallel Aware": false,
                    "Startup Cost": 436793.21,
                    "Total Cost": 436793.82,
                    "Plan Rows": 6,
                    "Plan Width": 8,
                    "Actual Startup Time": 2703.713,
                    "Actual Total Time": 2744.741,
                    "Actual Rows": 7,
                    "Actual Loops": 1,
                    "Output": [
                        "(PARTIAL count(*))"
                    ],
                    "Workers Planned": 6,
                    "Workers Launched": 6,
                    "Single Copy": false,
                    "Plans": [
                        {
                            "Node Type": "Aggregate",
                            "Strategy": "Plain",
                            "Partial Mode": "Partial",
                            "Parent Relationship": "Outer",
                            "Parallel Aware": false,
                            "Startup Cost": 435793.21,
                            "Total Cost": 435793.22,
                            "Plan Rows": 1,
                            "Plan Width": 8,
                            "Actual Startup Time": 2692.765,
                            "Actual Total Time": 2692.964,
                            "Actual Rows": 1,
                            "Actual Loops": 7,
                            "Output": [
                                "PARTIAL count(*)"
                            ],
                            "Workers": [
                                {
                                    "Worker Number": 0,
                                    "Actual Startup Time": 2690.803,
                                    "Actual Total Time": 2690.808,
                                    "Actual Rows": 1,
                                    "Actual Loops": 1
                                },
                                {
                                    "Worker Number": 1,
                                    "Actual Startup Time": 2690.892,
                                    "Actual Total Time": 2690.897,
                                    "Actual Rows": 1,
                                    "Actual Loops": 1
                                },
                                {
                                    "Worker Number": 2,
                                    "Actual Startup Time": 2692.101,
                                    "Actual Total Time": 2692.105,
                                    "Actual Rows": 1,
                                    "Actual Loops": 1
                                },
                                {
                                    "Worker Number": 3,
                                    "Actual Startup Time": 2690.837,
                                    "Actual Total Time": 2690.842,
                                    "Actual Rows": 1,
                                    "Actual Loops": 1
                                },
                                {
                                    "Worker Number": 4,
                                    "Actual Startup Time": 2691.07,
                                    "Actual Total Time": 2691.075,
                                    "Actual Rows": 1,
                                    "Actual Loops": 1
                                },
                                {
                                    "Worker Number": 5,
                                    "Actual Startup Time": 2691.081,
                                    "Actual Total Time": 2691.085,
                                    "Actual Rows": 1,
                                    "Actual Loops": 1
                                }
                            ],
                            "Plans": [
                                {
                                    "Node Type": "Hash Join",
                                    "Parent Relationship": "Outer",
                                    "Parallel Aware": true,
                                    "Join Type": "Inner",
                                    "Startup Cost": 92861.08,
                                    "Total Cost": 433736.52,
                                    "Plan Rows": 822676,
                                    "Plan Width": 0,
                                    "Actual Startup Time": 766.412,
                                    "Actual Total Time": 2286.687,
                                    "Actual Rows": 8185251,
                                    "Actual Loops": 7,
                                    "Inner Unique": false,
                                    "Hash Cond": "(ci.movie_id = t.id)",
                                    "Workers": [
                                        {
                                            "Worker Number": 0,
                                            "Actual Startup Time": 764.596,
                                            "Actual Total Time": 2281.881,
                                            "Actual Rows": 8615943,
                                            "Actual Loops": 1
                                        },
                                        {
                                            "Worker Number": 1,
                                            "Actual Startup Time": 764.684,
                                            "Actual Total Time": 2286.966,
                                            "Actual Rows": 7751303,
                                            "Actual Loops": 1
                                        },
                                        {
                                            "Worker Number": 2,
                                            "Actual Startup Time": 764.698,
                                            "Actual Total Time": 2274.399,
                                            "Actual Rows": 8276834,
                                            "Actual Loops": 1
                                        },
                                        {
                                            "Worker Number": 3,
                                            "Actual Startup Time": 764.656,
                                            "Actual Total Time": 2310.014,
                                            "Actual Rows": 9768008,
                                            "Actual Loops": 1
                                        },
                                        {
                                            "Worker Number": 4,
                                            "Actual Startup Time": 764.934,
                                            "Actual Total Time": 2281.626,
                                            "Actual Rows": 8142569,
                                            "Actual Loops": 1
                                        },
                                        {
                                            "Worker Number": 5,
                                            "Actual Startup Time": 764.899,
                                            "Actual Total Time": 2278.816,
                                            "Actual Rows": 7984551,
                                            "Actual Loops": 1
                                        }
                                    ],
                                    "Plans": [
                                        {
                                            "Node Type": "Seq Scan",
                                            "Parent Relationship": "Outer",
                                            "Parallel Aware": true,
                                            "Relation Name": "cast_info",
                                            "Schema": "public",
                                            "Alias": "ci",
                                            "Startup Cost": 0.0,
                                            "Total Cost": 328213.62,
                                            "Plan Rows": 2668808,
                                            "Plan Width": 4,
                                            "Actual Startup Time": 380.6,
                                            "Actual Total Time": 741.396,
                                            "Actual Rows": 2303098,
                                            "Actual Loops": 7,
                                            "Output": [
                                                "ci.id",
                                                "ci.person_id",
                                                "ci.movie_id",
                                                "ci.person_role_id",
                                                "ci.note",
                                                "ci.nr_order",
                                                "ci.role_id"
                                            ],
                                            "Filter": "(ci.role_id > 2)",
                                            "Rows Removed by Filter": 2874666,
                                            "Workers": [
                                                {
                                                    "Worker Number": 0,
                                                    "Actual Startup Time": 380.594,
                                                    "Actual Total Time": 746.649,
                                                    "Actual Rows": 2290012,
                                                    "Actual Loops": 1
                                                },
                                                {
                                                    "Worker Number": 1,
                                                    "Actual Startup Time": 380.598,
                                                    "Actual Total Time": 750.872,
                                                    "Actual Rows": 2128361,
                                                    "Actual Loops": 1
                                                },
                                                {
                                                    "Worker Number": 2,
                                                    "Actual Startup Time": 380.594,
                                                    "Actual Total Time": 744.754,
                                                    "Actual Rows": 2214542,
                                                    "Actual Loops": 1
                                                },
                                                {
                                                    "Worker Number": 3,
                                                    "Actual Startup Time": 380.582,
                                                    "Actual Total Time": 736.544,
                                                    "Actual Rows": 2936480,
                                                    "Actual Loops": 1
                                                },
                                                {
                                                    "Worker Number": 4,
                                                    "Actual Startup Time": 380.654,
                                                    "Actual Total Time": 748.949,
                                                    "Actual Rows": 2192683,
                                                    "Actual Loops": 1
                                                },
                                                {
                                                    "Worker Number": 5,
                                                    "Actual Startup Time": 380.574,
                                                    "Actual Total Time": 751.042,
                                                    "Actual Rows": 2241554,
                                                    "Actual Loops": 1
                                                }
                                            ]
                                        },
                                        {
                                            "Node Type": "Hash",
                                            "Parent Relationship": "Inner",
                                            "Parallel Aware": true,
                                            "Startup Cost": 89718.45,
                                            "Total Cost": 89718.45,
                                            "Plan Rows": 251410,
                                            "Plan Width": 8,
                                            "Actual Startup Time": 382.299,
                                            "Actual Total Time": 382.497,
                                            "Actual Rows": 191636,
                                            "Actual Loops": 7,
                                            "Output": [
                                                "t.id",
                                                "mk.movie_id"
                                            ],
                                            "Hash Buckets": 2097152,
                                            "Original Hash Buckets": 1048576,
                                            "Hash Batches": 1,
                                            "Original Hash Batches": 1,
                                            "Peak Memory Usage": 77152,
                                            "Workers": [
                                                {
                                                    "Worker Number": 0,
                                                    "Actual Startup Time": 383.227,
                                                    "Actual Total Time": 383.23,
                                                    "Actual Rows": 176224,
                                                    "Actual Loops": 1
                                                },
                                                {
                                                    "Worker Number": 1,
                                                    "Actual Startup Time": 383.155,
                                                    "Actual Total Time": 383.159,
                                                    "Actual Rows": 175755,
                                                    "Actual Loops": 1
                                                },
                                                {
                                                    "Worker Number": 2,
                                                    "Actual Startup Time": 383.349,
                                                    "Actual Total Time": 383.352,
                                                    "Actual Rows": 179007,
                                                    "Actual Loops": 1
                                                },
                                                {
                                                    "Worker Number": 3,
                                                    "Actual Startup Time": 383.229,
                                                    "Actual Total Time": 383.233,
                                                    "Actual Rows": 259607,
                                                    "Actual Loops": 1
                                                },
                                                {
                                                    "Worker Number": 4,
                                                    "Actual Startup Time": 383.516,
                                                    "Actual Total Time": 383.518,
                                                    "Actual Rows": 179323,
                                                    "Actual Loops": 1
                                                },
                                                {
                                                    "Worker Number": 5,
                                                    "Actual Startup Time": 383.537,
                                                    "Actual Total Time": 383.54,
                                                    "Actual Rows": 181532,
                                                    "Actual Loops": 1
                                                }
                                            ],
                                            "Plans": [
                                                {
                                                    "Node Type": "Hash Join",
                                                    "Parent Relationship": "Outer",
                                                    "Parallel Aware": true,
                                                    "Join Type": "Inner",
                                                    "Startup Cost": 46840.37,
                                                    "Total Cost": 89718.45,
                                                    "Plan Rows": 251410,
                                                    "Plan Width": 8,
                                                    "Actual Startup Time": 144.856,
                                                    "Actual Total Time": 288.795,
                                                    "Actual Rows": 191636,
                                                    "Actual Loops": 7,
                                                    "Output": [
                                                        "t.id",
                                                        "mk.movie_id"
                                                    ],
                                                    "Inner Unique": true,
                                                    "Hash Cond": "(mk.movie_id = t.id)",
                                                    "Workers": [
                                                        {
                                                            "Worker Number": 0,
                                                            "Actual Startup Time": 144.803,
                                                            "Actual Total Time": 288.783,
                                                            "Actual Rows": 176224,
                                                            "Actual Loops": 1
                                                        },
                                                        {
                                                            "Worker Number": 1,
                                                            "Actual Startup Time": 144.871,
                                                            "Actual Total Time": 289.062,
                                                            "Actual Rows": 175755,
                                                            "Actual Loops": 1
                                                        },
                                                        {
                                                            "Worker Number": 2,
                                                            "Actual Startup Time": 144.879,
                                                            "Actual Total Time": 289.015,
                                                            "Actual Rows": 179007,
                                                            "Actual Loops": 1
                                                        },
                                                        {
                                                            "Worker Number": 3,
                                                            "Actual Startup Time": 144.839,
                                                            "Actual Total Time": 288.058,
                                                            "Actual Rows": 259607,
                                                            "Actual Loops": 1
                                                        },
                                                        {
                                                            "Worker Number": 4,
                                                            "Actual Startup Time": 144.818,
                                                            "Actual Total Time": 290.149,
                                                            "Actual Rows": 179323,
                                                            "Actual Loops": 1
                                                        },
                                                        {
                                                            "Worker Number": 5,
                                                            "Actual Startup Time": 144.838,
                                                            "Actual Total Time": 288.336,
                                                            "Actual Rows": 181532,
                                                            "Actual Loops": 1
                                                        }
                                                    ],
                                                    "Plans": [
                                                        {
                                                            "Node Type": "Seq Scan",
                                                            "Parent Relationship": "Outer",
                                                            "Parallel Aware": true,
                                                            "Relation Name": "movie_keyword",
                                                            "Schema": "public",
                                                            "Alias": "mk",
                                                            "Startup Cost": 0.0,
                                                            "Total Cost": 39047.32,
                                                            "Plan Rows": 1459332,
                                                            "Plan Width": 4,
                                                            "Actual Startup Time": 0.023,
                                                            "Actual Total Time": 72.335,
                                                            "Actual Rows": 646276,
                                                            "Actual Loops": 7,
                                                            "Output": [
                                                                "mk.id",
                                                                "mk.movie_id",
                                                                "mk.keyword_id"
                                                            ],
                                                            "Workers": [
                                                                {
                                                                    "Worker Number": 0,
                                                                    "Actual Startup Time": 0.02,
                                                                    "Actual Total Time": 73.726,
                                                                    "Actual Rows": 600510,
                                                                    "Actual Loops": 1
                                                                },
                                                                {
                                                                    "Worker Number": 1,
                                                                    "Actual Startup Time": 0.032,
                                                                    "Actual Total Time": 74.307,
                                                                    "Actual Rows": 589965,
                                                                    "Actual Loops": 1
                                                                },
                                                                {
                                                                    "Worker Number": 2,
                                                                    "Actual Startup Time": 0.029,
                                                                    "Actual Total Time": 74.022,
                                                                    "Actual Rows": 601805,
                                                                    "Actual Loops": 1
                                                                },
                                                                {
                                                                    "Worker Number": 3,
                                                                    "Actual Startup Time": 0.016,
                                                                    "Actual Total Time": 72.536,
                                                                    "Actual Rows": 882265,
                                                                    "Actual Loops": 1
                                                                },
                                                                {
                                                                    "Worker Number": 4,
                                                                    "Actual Startup Time": 0.028,
                                                                    "Actual Total Time": 74.337,
                                                                    "Actual Rows": 601620,
                                                                    "Actual Loops": 1
                                                                },
                                                                {
                                                                    "Worker Number": 5,
                                                                    "Actual Startup Time": 0.026,
                                                                    "Actual Total Time": 73.208,
                                                                    "Actual Rows": 596935,
                                                                    "Actual Loops": 1
                                                                }
                                                            ]
                                                        },
                                                        {
                                                            "Node Type": "Hash",
                                                            "Parent Relationship": "Inner",
                                                            "Parallel Aware": true,
                                                            "Startup Cost": 45479.21,
                                                            "Total Cost": 45479.21,
                                                            "Plan Rows": 108893,
                                                            "Plan Width": 4,
                                                            "Actual Startup Time": 115.073,
                                                            "Actual Total Time": 115.074,
                                                            "Actual Rows": 44955,
                                                            "Actual Loops": 7,
                                                            "Output": [
                                                                "t.id"
                                                            ],
                                                            "Hash Buckets": 524288,
                                                            "Original Hash Buckets": 524288,
                                                            "Hash Batches": 1,
                                                            "Original Hash Batches": 1,
                                                            "Peak Memory Usage": 16512,
                                                            "Workers": [
                                                                {
                                                                    "Worker Number": 0,
                                                                    "Actual Startup Time": 115.73,
                                                                    "Actual Total Time": 115.731,
                                                                    "Actual Rows": 41559,
                                                                    "Actual Loops": 1
                                                                },
                                                                {
                                                                    "Worker Number": 1,
                                                                    "Actual Startup Time": 115.841,
                                                                    "Actual Total Time": 115.842,
                                                                    "Actual Rows": 41636,
                                                                    "Actual Loops": 1
                                                                },
                                                                {
                                                                    "Worker Number": 2,
                                                                    "Actual Startup Time": 115.838,
                                                                    "Actual Total Time": 115.838,
                                                                    "Actual Rows": 41970,
                                                                    "Actual Loops": 1
                                                                },
                                                                {
                                                                    "Worker Number": 3,
                                                                    "Actual Startup Time": 115.999,
                                                                    "Actual Total Time": 116.001,
                                                                    "Actual Rows": 59333,
                                                                    "Actual Loops": 1
                                                                },
                                                                {
                                                                    "Worker Number": 4,
                                                                    "Actual Startup Time": 115.783,
                                                                    "Actual Total Time": 115.784,
                                                                    "Actual Rows": 34473,
                                                                    "Actual Loops": 1
                                                                },
                                                                {
                                                                    "Worker Number": 5,
                                                                    "Actual Startup Time": 115.773,
                                                                    "Actual Total Time": 115.774,
                                                                    "Actual Rows": 41450,
                                                                    "Actual Loops": 1
                                                                }
                                                            ],
                                                            "Plans": [
                                                                {
                                                                    "Node Type": "Seq Scan",
                                                                    "Parent Relationship": "Outer",
                                                                    "Parallel Aware": true,
                                                                    "Relation Name": "title",
                                                                    "Schema": "public",
                                                                    "Alias": "t",
                                                                    "Startup Cost": 0.0,
                                                                    "Total Cost": 45479.21,
                                                                    "Plan Rows": 108893,
                                                                    "Plan Width": 4,
                                                                    "Actual Startup Time": 49.162,
                                                                    "Actual Total Time": 91.4,
                                                                    "Actual Rows": 44955,
                                                                    "Actual Loops": 7,
                                                                    "Output": [
                                                                        "t.id"
                                                                    ],
                                                                    "Filter": "((t.production_year > 1994) AND (t.kind_id = 1))",
                                                                    "Rows Removed by Filter": 316232,
                                                                    "Workers": [
                                                                        {
                                                                            "Worker Number": 0,
                                                                            "Actual Startup Time": 56.274,
                                                                            "Actual Total Time": 91.719,
                                                                            "Actual Rows": 41559,
                                                                            "Actual Loops": 1
                                                                        },
                                                                        {
                                                                            "Worker Number": 1,
                                                                            "Actual Startup Time": 5.848,
                                                                            "Actual Total Time": 92.335,
                                                                            "Actual Rows": 41636,
                                                                            "Actual Loops": 1
                                                                        },
                                                                        {
                                                                            "Worker Number": 2,
                                                                            "Actual Startup Time": 56.974,
                                                                            "Actual Total Time": 92.168,
                                                                            "Actual Rows": 41970,
                                                                            "Actual Loops": 1
                                                                        },
                                                                        {
                                                                            "Worker Number": 3,
                                                                            "Actual Startup Time": 56.187,
                                                                            "Actual Total Time": 90.282,
                                                                            "Actual Rows": 59333,
                                                                            "Actual Loops": 1
                                                                        },
                                                                        {
                                                                            "Worker Number": 4,
                                                                            "Actual Startup Time": 56.396,
                                                                            "Actual Total Time": 92.901,
                                                                            "Actual Rows": 34473,
                                                                            "Actual Loops": 1
                                                                        },
                                                                        {
                                                                            "Worker Number": 5,
                                                                            "Actual Startup Time": 56.257,
                                                                            "Actual Total Time": 91.702,
                                                                            "Actual Rows": 41450,
                                                                            "Actual Loops": 1
                                                                        }
                                                                    ]
                                                                }
                                                            ]
                                                        }
                                                    ]
                                                }
                                            ]
                                        }
                                    ]
                                }
                            ]
                        }
                    ]
                }
            ]
        },
        "Planning Time": 634.673,
        "Triggers": [],
        "Execution Time": 2744.914
    }
]