[
  {
    "Plan": {
      "Node Type": "Aggregate",
      "Strategy": "Plain",
      "Partial Mode": "Finalize",
      "Parallel Aware": false,
      "Startup Cost": 139516.52,
      "Total Cost": 139516.53,
      "Plan Rows": 1,
      "Plan Width": 8,
      "Actual Startup Time": 1169.678,
      "Actual Total Time": 1230.801,
      "Actual Rows": 1,
      "Actual Loops": 1,
      "Plans": [
        {
          "Node Type": "Gather",
          "Parent Relationship": "Outer",
          "Parallel Aware": false,
          "Startup Cost": 139516.2,
          "Total Cost": 139516.51,
          "Plan Rows": 3,
          "Plan Width": 8,
          "Actual Startup Time": 1169.665,
          "Actual Total Time": 1230.79,
          "Actual Rows": 4,
          "Actual Loops": 1,
          "Workers Planned": 3,
          "Workers Launched": 3,
          "Single Copy": false,
          "Plans": [
            {
              "Node Type": "Aggregate",
              "Strategy": "Plain",
              "Partial Mode": "Partial",
              "Parent Relationship": "Outer",
              "Parallel Aware": false,
              "Startup Cost": 138516.2,
              "Total Cost": 138516.21,
              "Plan Rows": 1,
              "Plan Width": 8,
              "Actual Startup Time": 1160.101,
              "Actual Total Time": 1160.104,
              "Actual Rows": 1,
              "Actual Loops": 4,
              "Plans": [
                {
                  "Node Type": "Nested Loop",
                  "Parent Relationship": "Outer",
                  "Parallel Aware": false,
                  "Join Type": "Inner",
                  "Startup Cost": 45611.84,
                  "Total Cost": 137641.69,
                  "Plan Rows": 349802,
                  "Plan Width": 0,
                  "Actual Startup Time": 128.211,
                  "Actual Total Time": 1093.064,
                  "Actual Rows": 1554774,
                  "Actual Loops": 4,
                  "Inner Unique": false,
                  "Join Filter": "(t.id = ci.movie_id)",
                  "Rows Removed by Join Filter": 0,
                  "Plans": [
                    {
                      "Node Type": "Hash Join",
                      "Parent Relationship": "Outer",
                      "Parallel Aware": true,
                      "Join Type": "Inner",
                      "Startup Cost": 45611.27,
                      "Total Cost": 88489.35,
                      "Plan Rows": 24412,
                      "Plan Width": 8,
                      "Actual Startup Time": 128.132,
                      "Actual Total Time": 258.953,
                      "Actual Rows": 19502,
                      "Actual Loops": 4,
                      "Inner Unique": true,
                      "Hash Cond": "(mk.movie_id = t.id)",
                      "Plans": [
                        {
                          "Node Type": "Seq Scan",
                          "Parent Relationship": "Outer",
                          "Parallel Aware": true,
                          "Relation Name": "movie_keyword",
                          "Alias": "mk",
                          "Startup Cost": 0.0,
                          "Total Cost": 39047.32,
                          "Plan Rows": 1459332,
                          "Plan Width": 4,
                          "Actual Startup Time": 0.021,
                          "Actual Total Time": 80.386,
                          "Actual Rows": 1130982,
                          "Actual Loops": 4
                        },
                        {
                          "Node Type": "Hash",
                          "Parent Relationship": "Inner",
                          "Parallel Aware": true,
                          "Startup Cost": 45479.1,
                          "Total Cost": 45479.1,
                          "Plan Rows": 10574,
                          "Plan Width": 4,
                          "Actual Startup Time": 95.46,
                          "Actual Total Time": 95.461,
                          "Actual Rows": 9353,
                          "Actual Loops": 4,
                          "Hash Buckets": 65536,
                          "Original Hash Buckets": 65536,
                          "Hash Batches": 1,
                          "Original Hash Batches": 1,
                          "Peak Memory Usage": 2048,
                          "Plans": [
                            {
                              "Node Type": "Seq Scan",
                              "Parent Relationship": "Outer",
                              "Parallel Aware": true,
                              "Relation Name": "title",
                              "Alias": "t",
                              "Startup Cost": 0.0,
                              "Total Cost": 45479.1,
                              "Plan Rows": 10574,
                              "Plan Width": 4,
                              "Actual Startup Time": 58.611,
                              "Actual Total Time": 92.226,
                              "Actual Rows": 9353,
                              "Actual Loops": 4,
                              "Filter": "((kind_id < 2) AND (production_year = 2011))",
                              "Rows Removed by Filter": 622725
                            }
                          ]
                        }
                      ]
                    },
                    {
                      "Node Type": "Index Only Scan",
                      "Parent Relationship": "Inner",
                      "Parallel Aware": false,
                      "Scan Direction": "Forward",
                      "Index Name": "movie_id_cast_info",
                      "Relation Name": "cast_info",
                      "Alias": "ci",
                      "Startup Cost": 0.56,
                      "Total Cost": 1.55,
                      "Plan Rows": 37,
                      "Plan Width": 4,
                      "Actual Startup Time": 0.004,
                      "Actual Total Time": 0.036,
                      "Actual Rows": 80,
                      "Actual Loops": 78010,
                      "Index Cond": "(movie_id = mk.movie_id)",
                      "Rows Removed by Index Recheck": 0,
                      "Heap Fetches": 6219096
                    }
                  ]
                }
              ]
            }
          ]
        }
      ]
    },
    "Planning Time": 1.224,
    "Triggers": [],
    "Execution Time": 1230.904
  }
]