[
  {
    "Plan": {
      "Node Type": "Aggregate",
      "Strategy": "Plain",
      "Partial Mode": "Finalize",
      "Parallel Aware": false,
      "Startup Cost": 44721.18,
      "Total Cost": 44721.19,
      "Plan Rows": 1,
      "Plan Width": 8,
      "Actual Startup Time": 138.104,
      "Actual Total Time": 147.394,
      "Actual Rows": 1,
      "Actual Loops": 1,
      "Plans": [
        {
          "Node Type": "Gather",
          "Parent Relationship": "Outer",
          "Parallel Aware": false,
          "Startup Cost": 44720.87,
          "Total Cost": 44721.18,
          "Plan Rows": 3,
          "Plan Width": 8,
          "Actual Startup Time": 137.985,
          "Actual Total Time": 147.385,
          "Actual Rows": 4,
          "Actual Loops": 1,
          "Workers Planned": 3,
          "Workers Launched": 3,
          "Single Copy": false,
          "Plans": [
            {
              "Node Type": "Aggregate",
              "Strategy": "Plain",
              "Partial Mode": "Partial",
              "Parent Relationship": "Outer",
              "Parallel Aware": false,
              "Startup Cost": 43720.87,
              "Total Cost": 43720.88,
              "Plan Rows": 1,
              "Plan Width": 8,
              "Actual Startup Time": 130.985,
              "Actual Total Time": 130.986,
              "Actual Rows": 1,
              "Actual Loops": 4,
              "Plans": [
                {
                  "Node Type": "Seq Scan",
                  "Parent Relationship": "Outer",
                  "Parallel Aware": true,
                  "Relation Name": "movie_keyword",
                  "Alias": "mk",
                  "Startup Cost": 0.0,
                  "Total Cost": 42695.65,
                  "Plan Rows": 410085,
                  "Plan Width": 0,
                  "Actual Startup Time": 2.449,
                  "Actual Total Time": 114.147,
                  "Actual Rows": 319117,
                  "Actual Loops": 4,
                  "Filter": "(keyword_id > 13899)",
                  "Rows Removed by Filter": 811865
                }
              ]
            }
          ]
        }
      ]
    },
    "Planning Time": 0.192,
    "Triggers": [],
    "Execution Time": 147.451
  }
]