[
  {
    "Plan": {
      "Node Type": "Aggregate",
      "Strategy": "Plain",
      "Partial Mode": "Finalize",
      "Parallel Aware": false,
      "Startup Cost": 86586.49,
      "Total Cost": 86586.5,
      "Plan Rows": 1,
      "Plan Width": 8,
      "Actual Startup Time": 399.243,
      "Actual Total Time": 417.955,
      "Actual Rows": 1,
      "Actual Loops": 1,
      "Plans": [
        {
          "Node Type": "Gather",
          "Parent Relationship": "Outer",
          "Parallel Aware": false,
          "Startup Cost": 86586.17,
          "Total Cost": 86586.48,
          "Plan Rows": 3,
          "Plan Width": 8,
          "Actual Startup Time": 388.999,
          "Actual Total Time": 417.947,
          "Actual Rows": 4,
          "Actual Loops": 1,
          "Workers Planned": 3,
          "Workers Launched": 3,
          "Single Copy": false,
          "Plans": [
            {
              "Node Type": "Aggregate",
              "Strategy": "Plain",
              "Partial Mode": "Partial",
              "Parent Relationship": "Outer",
              "Parallel Aware": false,
              "Startup Cost": 85586.17,
              "Total Cost": 85586.18,
              "Plan Rows": 1,
              "Plan Width": 8,
              "Actual Startup Time": 379.815,
              "Actual Total Time": 379.82,
              "Actual Rows": 1,
              "Actual Loops": 4,
              "Plans": [
                {
                  "Node Type": "Hash Join",
                  "Parent Relationship": "Outer",
                  "Parallel Aware": true,
                  "Join Type": "Inner",
                  "Startup Cost": 58783.14,
                  "Total Cost": 85411.09,
                  "Plan Rows": 70034,
                  "Plan Width": 0,
                  "Actual Startup Time": 283.755,
                  "Actual Total Time": 378.696,
                  "Actual Rows": 10124,
                  "Actual Loops": 4,
                  "Inner Unique": true,
                  "Hash Cond": "(mk.movie_id = t.id)",
                  "Plans": [
                    {
                      "Node Type": "Bitmap Heap Scan",
                      "Parent Relationship": "Outer",
                      "Parallel Aware": true,
                      "Relation Name": "movie_keyword",
                      "Alias": "mk",
                      "Startup Cost": 9453.59,
                      "Total Cost": 35704.24,
                      "Plan Rows": 143732,
                      "Plan Width": 4,
                      "Actual Startup Time": 45.876,
                      "Actual Total Time": 107.293,
                      "Actual Rows": 110756,
                      "Actual Loops": 4,
                      "Recheck Cond": "(keyword_id > 39935)",
                      "Rows Removed by Index Recheck": 0,
                      "Exact Heap Blocks": 7633,
                      "Lossy Heap Blocks": 0,
                      "Plans": [
                        {
                          "Node Type": "Bitmap Index Scan",
                          "Parent Relationship": "Outer",
                          "Parallel Aware": false,
                          "Index Name": "keyword_id_movie_keyword",
                          "Startup Cost": 0.0,
                          "Total Cost": 9342.2,
                          "Plan Rows": 445569,
                          "Plan Width": 0,
                          "Actual Startup Time": 40.363,
                          "Actual Total Time": 40.364,
                          "Actual Rows": 443023,
                          "Actual Loops": 1,
                          "Index Cond": "(keyword_id > 39935)"
                        }
                      ]
                    },
                    {
                      "Node Type": "Hash",
                      "Parent Relationship": "Inner",
                      "Parallel Aware": true,
                      "Startup Cost": 45479.59,
                      "Total Cost": 45479.59,
                      "Plan Rows": 307997,
                      "Plan Width": 4,
                      "Actual Startup Time": 233.444,
                      "Actual Total Time": 233.445,
                      "Actual Rows": 327224,
                      "Actual Loops": 4,
                      "Hash Buckets": 2097152,
                      "Original Hash Buckets": 2097152,
                      "Hash Batches": 1,
                      "Original Hash Batches": 1,
                      "Peak Memory Usage": 67648,
                      "Plans": [
                        {
                          "Node Type": "Seq Scan",
                          "Parent Relationship": "Outer",
                          "Parallel Aware": true,
                          "Relation Name": "title",
                          "Alias": "t",
                          "Startup Cost": 0.0,
                          "Total Cost": 45479.59,
                          "Plan Rows": 307997,
                          "Plan Width": 4,
                          "Actual Startup Time": 0.043,
                          "Actual Total Time": 113.934,
                          "Actual Rows": 327224,
                          "Actual Loops": 4,
                          "Filter": "((production_year > 1975) AND (kind_id = 7))",
                          "Rows Removed by Filter": 304854
                        }
                      ]
                    }
                  ]
                }
              ]
            }
          ]
        }
      ]
    },
    "Planning Time": 0.409,
    "Triggers": [],
    "Execution Time": 417.997
  }
]