{
  "Plan": {
    "Node Type": "Aggregate",
    "Strategy": "Plain",
    "Partial Mode": "Finalize",
    "Parallel Aware": false,
    "Startup Cost": 459416.85,
    "Total Cost": 459416.86,
    "Plan Rows": 1,
    "Plan Width": 8,
    "Actual Startup Time": 2511.982,
    "Actual Total Time": 2557.819,
    "Actual Rows": 1,
    "Actual Loops": 1,
    "Plans": [
      {
        "Node Type": "Gather",
        "Parent Relationship": "Outer",
        "Parallel Aware": false,
        "Startup Cost": 459416.73,
        "Total Cost": 459416.84,
        "Plan Rows": 1,
        "Plan Width": 8,
        "Actual Startup Time": 2507.392,
        "Actual Total Time": 2557.811,
        "Actual Rows": 2,
        "Actual Loops": 1,
        "Workers Planned": 1,
        "Workers Launched": 1,
        "Single Copy": false,
        "Plans": [
          {
            "Node Type": "Aggregate",
            "Strategy": "Plain",
            "Partial Mode": "Partial",
            "Parent Relationship": "Outer",
            "Parallel Aware": false,
            "Startup Cost": 458416.73,
            "Total Cost": 458416.74,
            "Plan Rows": 1,
            "Plan Width": 8,
            "Actual Startup Time": 2498.949,
            "Actual Total Time": 2498.954,
            "Actual Rows": 1,
            "Actual Loops": 2,
            "Plans": [
              {
                "Node Type": "Hash Join",
                "Parent Relationship": "Outer",
                "Parallel Aware": true,
                "Join Type": "Inner",
                "Startup Cost": 137789.82,
                "Total Cost": 450888.16,
                "Plan Rows": 3011430,
                "Plan Width": 0,
                "Actual Startup Time": 765.234,
                "Actual Total Time": 2371.985,
                "Actual Rows": 2979858,
                "Actual Loops": 2,
                "Inner Unique": false,
                "Hash Cond": "(mi.movie_id = t.id)",
                "Plans": [
                  {
                    "Node Type": "Seq Scan",
                    "Parent Relationship": "Outer",
                    "Parallel Aware": true,
                    "Relation Name": "movie_info",
                    "Alias": "mi",
                    "Startup Cost": 0.0,
                    "Total Cost": 270696.42,
                    "Plan Rows": 6583369,
                    "Plan Width": 4,
                    "Actual Startup Time": 0.017,
                    "Actual Total Time": 704.618,
                    "Actual Rows": 5605372,
                    "Actual Loops": 2,
                    "Filter": "(info_type_id > 3)",
                    "Rows Removed by Filter": 1812488
                  },
                  {
                    "Node Type": "Hash",
                    "Parent Relationship": "Inner",
                    "Parallel Aware": true,
                    "Startup Cost": 129286.02,
                    "Total Cost": 129286.02,
                    "Plan Rows": 680304,
                    "Plan Width": 8,
                    "Actual Startup Time": 749.991,
                    "Actual Total Time": 749.995,
                    "Actual Rows": 296150,
                    "Actual Loops": 2,
                    "Hash Buckets": 2097152,
                    "Original Hash Buckets": 2097152,
                    "Hash Batches": 1,
                    "Original Hash Batches": 1,
                    "Peak Memory Usage": 39584,
                    "Plans": [
                      {
                        "Node Type": "Hash Join",
                        "Parent Relationship": "Outer",
                        "Parallel Aware": true,
                        "Join Type": "Inner",
                        "Startup Cost": 68218.47,
                        "Total Cost": 129286.02,
                        "Plan Rows": 680304,
                        "Plan Width": 8,
                        "Actual Startup Time": 350.549,
                        "Actual Total Time": 679.773,
                        "Actual Rows": 296150,
                        "Actual Loops": 2,
                        "Inner Unique": true,
                        "Hash Cond": "(mk.movie_id = t.id)",
                        "Plans": [
                          {
                            "Node Type": "Seq Scan",
                            "Parent Relationship": "Outer",
                            "Parallel Aware": true,
                            "Relation Name": "movie_keyword",
                            "Alias": "mk",
                            "Startup Cost": 0.0,
                            "Total Cost": 57718.19,
                            "Plan Rows": 1275941,
                            "Plan Width": 4,
                            "Actual Startup Time": 0.013,
                            "Actual Total Time": 181.292,
                            "Actual Rows": 1086538,
                            "Actual Loops": 2,
                            "Filter": "(keyword_id < 4228)",
                            "Rows Removed by Filter": 1175428
                          },
                          {
                            "Node Type": "Hash",
                            "Parent Relationship": "Inner",
                            "Parallel Aware": true,
                            "Startup Cost": 58306.47,
                            "Total Cost": 58306.47,
                            "Plan Rows": 792960,
                            "Plan Width": 4,
                            "Actual Startup Time": 342.883,
                            "Actual Total Time": 342.884,
                            "Actual Rows": 662844,
                            "Actual Loops": 2,
                            "Hash Buckets": 2097152,
                            "Original Hash Buckets": 2097152,
                            "Hash Batches": 1,
                            "Original Hash Batches": 1,
                            "Peak Memory Usage": 68288,
                            "Plans": [
                              {
                                "Node Type": "Seq Scan",
                                "Parent Relationship": "Outer",
                                "Parallel Aware": true,
                                "Relation Name": "title",
                                "Alias": "t",
                                "Startup Cost": 0.0,
                                "Total Cost": 58306.47,
                                "Plan Rows": 792960,
                                "Plan Width": 4,
                                "Actual Startup Time": 0.029,
                                "Actual Total Time": 164.118,
                                "Actual Rows": 662844,
                                "Actual Loops": 2,
                                "Filter": "((kind_id > 2) AND (production_year < 2010))",
                                "Rows Removed by Filter": 601312
                              }
                            ]
                          }
                        ]
                      }
                    ]
                  }
                ]
              }
            ]
          }
        ]
      }
    ]
  },
  "Planning Time": 0.894,
  "Triggers": [],
  "Execution Time": 2557.902
}