[
  {
    "Plan": {
      "Node Type": "Aggregate",
      "Strategy": "Plain",
      "Partial Mode": "Finalize",
      "Parallel Aware": false,
      "Startup Cost": 79416.45,
      "Total Cost": 79416.46,
      "Plan Rows": 1,
      "Plan Width": 8,
      "Actual Startup Time": 443.572,
      "Actual Total Time": 457.559,
      "Actual Rows": 1,
      "Actual Loops": 1,
      "Plans": [
        {
          "Node Type": "Gather",
          "Parent Relationship": "Outer",
          "Parallel Aware": false,
          "Startup Cost": 79416.14,
          "Total Cost": 79416.45,
          "Plan Rows": 3,
          "Plan Width": 8,
          "Actual Startup Time": 439.214,
          "Actual Total Time": 457.551,
          "Actual Rows": 4,
          "Actual Loops": 1,
          "Workers Planned": 3,
          "Workers Launched": 3,
          "Single Copy": false,
          "Plans": [
            {
              "Node Type": "Aggregate",
              "Strategy": "Plain",
              "Partial Mode": "Partial",
              "Parent Relationship": "Outer",
              "Parallel Aware": false,
              "Startup Cost": 78416.14,
              "Total Cost": 78416.15,
              "Plan Rows": 1,
              "Plan Width": 8,
              "Actual Startup Time": 430.23,
              "Actual Total Time": 430.236,
              "Actual Rows": 1,
              "Actual Loops": 4,
              "Plans": [
                {
                  "Node Type": "Hash Join",
                  "Parent Relationship": "Outer",
                  "Parallel Aware": true,
                  "Join Type": "Inner",
                  "Startup Cost": 48259.72,
                  "Total Cost": 77675.61,
                  "Plan Rows": 296209,
                  "Plan Width": 0,
                  "Actual Startup Time": 190.267,
                  "Actual Total Time": 414.464,
                  "Actual Rows": 375210,
                  "Actual Loops": 4,
                  "Inner Unique": true,
                  "Hash Cond": "(mc.movie_id = t.id)",
                  "Plans": [
                    {
                      "Node Type": "Seq Scan",
                      "Parent Relationship": "Outer",
                      "Parallel Aware": true,
                      "Relation Name": "movie_companies",
                      "Alias": "mc",
                      "Startup Cost": 0.0,
                      "Total Cost": 27206.55,
                      "Plan Rows": 841655,
                      "Plan Width": 4,
                      "Actual Startup Time": 0.016,
                      "Actual Total Time": 60.093,
                      "Actual Rows": 652282,
                      "Actual Loops": 4
                    },
                    {
                      "Node Type": "Hash",
                      "Parent Relationship": "Inner",
                      "Parallel Aware": true,
                      "Startup Cost": 45479.1,
                      "Total Cost": 45479.1,
                      "Plan Rows": 222450,
                      "Plan Width": 4,
                      "Actual Startup Time": 184.836,
                      "Actual Total Time": 184.84,
                      "Actual Rows": 200176,
                      "Actual Loops": 4,
                      "Hash Buckets": 1048576,
                      "Original Hash Buckets": 1048576,
                      "Hash Batches": 1,
                      "Original Hash Batches": 1,
                      "Peak Memory Usage": 39584,
                      "Plans": [
                        {
                          "Node Type": "Seq Scan",
                          "Parent Relationship": "Outer",
                          "Parallel Aware": true,
                          "Relation Name": "title",
                          "Alias": "t",
                          "Startup Cost": 0.0,
                          "Total Cost": 45479.1,
                          "Plan Rows": 222450,
                          "Plan Width": 4,
                          "Actual Startup Time": 0.044,
                          "Actual Total Time": 110.23,
                          "Actual Rows": 200176,
                          "Actual Loops": 4,
                          "Filter": "((kind_id < 7) AND (production_year > 1954))",
                          "Rows Removed by Filter": 431902
                        }
                      ]
                    }
                  ]
                }
              ]
            }
          ]
        }
      ]
    },
    "Planning Time": 0.574,
    "Triggers": [],
    "Execution Time": 457.626
  }
]