[
  {
    "Plan": {
      "Node Type": "Aggregate",
      "Strategy": "Plain",
      "Partial Mode": "Finalize",
      "Parallel Aware": false,
      "Startup Cost": 331114.64,
      "Total Cost": 331114.65,
      "Plan Rows": 1,
      "Plan Width": 8,
      "Actual Startup Time": 545.44,
      "Actual Total Time": 600.249,
      "Actual Rows": 1,
      "Actual Loops": 1,
      "Plans": [
        {
          "Node Type": "Gather",
          "Parent Relationship": "Outer",
          "Parallel Aware": false,
          "Startup Cost": 331114.01,
          "Total Cost": 331114.62,
          "Plan Rows": 6,
          "Plan Width": 8,
          "Actual Startup Time": 545.341,
          "Actual Total Time": 600.24,
          "Actual Rows": 7,
          "Actual Loops": 1,
          "Workers Planned": 6,
          "Workers Launched": 6,
          "Single Copy": false,
          "Plans": [
            {
              "Node Type": "Aggregate",
              "Strategy": "Plain",
              "Partial Mode": "Partial",
              "Parent Relationship": "Outer",
              "Parallel Aware": false,
              "Startup Cost": 330114.01,
              "Total Cost": 330114.02,
              "Plan Rows": 1,
              "Plan Width": 8,
              "Actual Startup Time": 535.558,
              "Actual Total Time": 535.559,
              "Actual Rows": 1,
              "Actual Loops": 7,
              "Plans": [
                {
                  "Node Type": "Seq Scan",
                  "Parent Relationship": "Outer",
                  "Parallel Aware": true,
                  "Relation Name": "cast_info",
                  "Alias": "ci",
                  "Startup Cost": 0.0,
                  "Total Cost": 328162.03,
                  "Plan Rows": 780794,
                  "Plan Width": 0,
                  "Actual Startup Time": 374.296,
                  "Actual Total Time": 510.541,
                  "Actual Rows": 640911,
                  "Actual Loops": 7,
                  "Filter": "(person_id > 3242901)",
                  "Rows Removed by Filter": 4536852
                }
              ]
            }
          ]
        }
      ]
    },
    "Planning Time": 0.106,
    "Triggers": [],
    "Execution Time": 600.3
  }
]