[
  {
    "Plan": {
      "Node Type": "Aggregate",
      "Strategy": "Plain",
      "Partial Mode": "Finalize",
      "Parallel Aware": false,
      "Startup Cost": 33008.75,
      "Total Cost": 33008.76,
      "Plan Rows": 1,
      "Plan Width": 8,
      "Actual Startup Time": 80.685,
      "Actual Total Time": 88.487,
      "Actual Rows": 1,
      "Actual Loops": 1,
      "Plans": [
        {
          "Node Type": "Gather",
          "Parent Relationship": "Outer",
          "Parallel Aware": false,
          "Startup Cost": 33008.43,
          "Total Cost": 33008.74,
          "Plan Rows": 3,
          "Plan Width": 8,
          "Actual Startup Time": 80.606,
          "Actual Total Time": 88.478,
          "Actual Rows": 4,
          "Actual Loops": 1,
          "Workers Planned": 3,
          "Workers Launched": 3,
          "Single Copy": false,
          "Plans": [
            {
              "Node Type": "Aggregate",
              "Strategy": "Plain",
              "Partial Mode": "Partial",
              "Parent Relationship": "Outer",
              "Parallel Aware": false,
              "Startup Cost": 32008.43,
              "Total Cost": 32008.44,
              "Plan Rows": 1,
              "Plan Width": 8,
              "Actual Startup Time": 75.517,
              "Actual Total Time": 75.518,
              "Actual Rows": 1,
              "Actual Loops": 4,
              "Plans": [
                {
                  "Node Type": "Seq Scan",
                  "Parent Relationship": "Outer",
                  "Parallel Aware": true,
                  "Relation Name": "movie_companies",
                  "Alias": "mc",
                  "Startup Cost": 0.0,
                  "Total Cost": 31414.82,
                  "Plan Rows": 237444,
                  "Plan Width": 0,
                  "Actual Startup Time": 40.688,
                  "Actual Total Time": 70.622,
                  "Actual Rows": 115930,
                  "Actual Loops": 4,
                  "Filter": "((company_id < 13004) AND (company_type_id = 2))",
                  "Rows Removed by Filter": 536352
                }
              ]
            }
          ]
        }
      ]
    },
    "Planning Time": 0.19,
    "Triggers": [],
    "Execution Time": 88.536
  }
]