[
  {
    "Plan": {
      "Node Type": "Aggregate",
      "Strategy": "Plain",
      "Partial Mode": "Finalize",
      "Parallel Aware": false,
      "Startup Cost": 250984.52,
      "Total Cost": 250984.53,
      "Plan Rows": 1,
      "Plan Width": 8,
      "Actual Startup Time": 517.007,
      "Actual Total Time": 562.999,
      "Actual Rows": 1,
      "Actual Loops": 1,
      "Plans": [
        {
          "Node Type": "Gather",
          "Parent Relationship": "Outer",
          "Parallel Aware": false,
          "Startup Cost": 250984.0,
          "Total Cost": 250984.51,
          "Plan Rows": 5,
          "Plan Width": 8,
          "Actual Startup Time": 516.677,
          "Actual Total Time": 562.982,
          "Actual Rows": 6,
          "Actual Loops": 1,
          "Workers Planned": 5,
          "Workers Launched": 5,
          "Single Copy": false,
          "Plans": [
            {
              "Node Type": "Aggregate",
              "Strategy": "Plain",
              "Partial Mode": "Partial",
              "Parent Relationship": "Outer",
              "Parallel Aware": false,
              "Startup Cost": 249984.0,
              "Total Cost": 249984.01,
              "Plan Rows": 1,
              "Plan Width": 8,
              "Actual Startup Time": 506.502,
              "Actual Total Time": 506.505,
              "Actual Rows": 1,
              "Actual Loops": 6,
              "Plans": [
                {
                  "Node Type": "Hash Join",
                  "Parent Relationship": "Outer",
                  "Parallel Aware": true,
                  "Join Type": "Inner",
                  "Startup Cost": 45837.16,
                  "Total Cost": 249769.06,
                  "Plan Rows": 85973,
                  "Plan Width": 0,
                  "Actual Startup Time": 81.539,
                  "Actual Total Time": 506.402,
                  "Actual Rows": 739,
                  "Actual Loops": 6,
                  "Inner Unique": true,
                  "Hash Cond": "(mi.movie_id = t.id)",
                  "Plans": [
                    {
                      "Node Type": "Seq Scan",
                      "Parent Relationship": "Outer",
                      "Parallel Aware": true,
                      "Relation Name": "movie_info",
                      "Alias": "mi",
                      "Startup Cost": 0.0,
                      "Total Cost": 198952.16,
                      "Plan Rows": 1897040,
                      "Plan Width": 4,
                      "Actual Startup Time": 0.031,
                      "Actual Total Time": 318.1,
                      "Actual Rows": 1594192,
                      "Actual Loops": 6,
                      "Filter": "(info_type_id < 16)",
                      "Rows Removed by Filter": 878428
                    },
                    {
                      "Node Type": "Hash",
                      "Parent Relationship": "Inner",
                      "Parallel Aware": true,
                      "Startup Cost": 45479.1,
                      "Total Cost": 45479.1,
                      "Plan Rows": 28645,
                      "Plan Width": 4,
                      "Actual Startup Time": 79.245,
                      "Actual Total Time": 79.246,
                      "Actual Rows": 232,
                      "Actual Loops": 6,
                      "Hash Buckets": 131072,
                      "Original Hash Buckets": 131072,
                      "Hash Batches": 1,
                      "Original Hash Batches": 1,
                      "Peak Memory Usage": 1216,
                      "Plans": [
                        {
                          "Node Type": "Seq Scan",
                          "Parent Relationship": "Outer",
                          "Parallel Aware": true,
                          "Relation Name": "title",
                          "Alias": "t",
                          "Startup Cost": 0.0,
                          "Total Cost": 45479.1,
                          "Plan Rows": 28645,
                          "Plan Width": 4,
                          "Actual Startup Time": 0.455,
                          "Actual Total Time": 78.828,
                          "Actual Rows": 232,
                          "Actual Loops": 6,
                          "Filter": "((kind_id > 1) AND (production_year < 1949))",
                          "Rows Removed by Filter": 421153
                        }
                      ]
                    }
                  ]
                }
              ]
            }
          ]
        }
      ]
    },
    "Planning Time": 0.585,
    "Triggers": [],
    "Execution Time": 563.079
  }
]