[
  {
    "Plan": {
      "Node Type": "Aggregate",
      "Strategy": "Plain",
      "Partial Mode": "Finalize",
      "Parallel Aware": false,
      "Startup Cost": 335063.67,
      "Total Cost": 335063.68,
      "Plan Rows": 1,
      "Plan Width": 8,
      "Actual Startup Time": 641.327,
      "Actual Total Time": 697.588,
      "Actual Rows": 1,
      "Actual Loops": 1,
      "Plans": [
        {
          "Node Type": "Gather",
          "Parent Relationship": "Outer",
          "Parallel Aware": false,
          "Startup Cost": 335063.04,
          "Total Cost": 335063.65,
          "Plan Rows": 6,
          "Plan Width": 8,
          "Actual Startup Time": 641.217,
          "Actual Total Time": 697.579,
          "Actual Rows": 7,
          "Actual Loops": 1,
          "Workers Planned": 6,
          "Workers Launched": 6,
          "Single Copy": false,
          "Plans": [
            {
              "Node Type": "Aggregate",
              "Strategy": "Plain",
              "Partial Mode": "Partial",
              "Parent Relationship": "Outer",
              "Parallel Aware": false,
              "Startup Cost": 334063.04,
              "Total Cost": 334063.05,
              "Plan Rows": 1,
              "Plan Width": 8,
              "Actual Startup Time": 633.028,
              "Actual Total Time": 633.03,
              "Actual Rows": 1,
              "Actual Loops": 7,
              "Plans": [
                {
                  "Node Type": "Seq Scan",
                  "Parent Relationship": "Outer",
                  "Parallel Aware": true,
                  "Relation Name": "cast_info",
                  "Alias": "ci",
                  "Startup Cost": 0.0,
                  "Total Cost": 328162.03,
                  "Plan Rows": 2360406,
                  "Plan Width": 0,
                  "Actual Startup Time": 232.317,
                  "Actual Total Time": 550.714,
                  "Actual Rows": 2018568,
                  "Actual Loops": 7,
                  "Filter": "(person_id > 2252677)",
                  "Rows Removed by Filter": 3159196
                }
              ]
            }
          ]
        }
      ]
    },
    "Planning Time": 0.125,
    "Triggers": [],
    "Execution Time": 697.644
  }
]