[
  {
    "Plan": {
      "Node Type": "Aggregate",
      "Strategy": "Plain",
      "Partial Mode": "Finalize",
      "Parallel Aware": false,
      "Startup Cost": 176541.64,
      "Total Cost": 176541.65,
      "Plan Rows": 1,
      "Plan Width": 8,
      "Actual Startup Time": 965.697,
      "Actual Total Time": 1023.243,
      "Actual Rows": 1,
      "Actual Loops": 1,
      "Plans": [
        {
          "Node Type": "Gather",
          "Parent Relationship": "Outer",
          "Parallel Aware": false,
          "Startup Cost": 176541.22,
          "Total Cost": 176541.63,
          "Plan Rows": 4,
          "Plan Width": 8,
          "Actual Startup Time": 962.479,
          "Actual Total Time": 1023.234,
          "Actual Rows": 5,
          "Actual Loops": 1,
          "Workers Planned": 4,
          "Workers Launched": 4,
          "Single Copy": false,
          "Plans": [
            {
              "Node Type": "Aggregate",
              "Strategy": "Plain",
              "Partial Mode": "Partial",
              "Parent Relationship": "Outer",
              "Parallel Aware": false,
              "Startup Cost": 175541.22,
              "Total Cost": 175541.23,
              "Plan Rows": 1,
              "Plan Width": 8,
              "Actual Startup Time": 951.919,
              "Actual Total Time": 951.923,
              "Actual Rows": 1,
              "Actual Loops": 5,
              "Plans": [
                {
                  "Node Type": "Nested Loop",
                  "Parent Relationship": "Outer",
                  "Parallel Aware": false,
                  "Join Type": "Inner",
                  "Startup Cost": 28880.89,
                  "Total Cost": 174885.9,
                  "Plan Rows": 262130,
                  "Plan Width": 0,
                  "Actual Startup Time": 105.838,
                  "Actual Total Time": 909.32,
                  "Actual Rows": 861564,
                  "Actual Loops": 5,
                  "Inner Unique": false,
                  "Plans": [
                    {
                      "Node Type": "Hash Join",
                      "Parent Relationship": "Outer",
                      "Parallel Aware": true,
                      "Join Type": "Inner",
                      "Startup Cost": 28880.46,
                      "Total Cost": 74594.16,
                      "Plan Rows": 44829,
                      "Plan Width": 8,
                      "Actual Startup Time": 105.756,
                      "Actual Total Time": 280.443,
                      "Actual Rows": 48525,
                      "Actual Loops": 5,
                      "Inner Unique": false,
                      "Hash Cond": "(t.id = mc.movie_id)",
                      "Plans": [
                        {
                          "Node Type": "Seq Scan",
                          "Parent Relationship": "Outer",
                          "Parallel Aware": true,
                          "Relation Name": "title",
                          "Alias": "t",
                          "Startup Cost": 0.0,
                          "Total Cost": 43898.92,
                          "Plan Rows": 334036,
                          "Plan Width": 4,
                          "Actual Startup Time": 0.013,
                          "Actual Total Time": 80.192,
                          "Actual Rows": 269659,
                          "Actual Loops": 5,
                          "Filter": "(production_year < 2005)",
                          "Rows Removed by Filter": 236004
                        },
                        {
                          "Node Type": "Hash",
                          "Parent Relationship": "Inner",
                          "Parallel Aware": true,
                          "Startup Cost": 27512.27,
                          "Total Cost": 27512.27,
                          "Plan Rows": 109455,
                          "Plan Width": 4,
                          "Actual Startup Time": 102.839,
                          "Actual Total Time": 102.84,
                          "Actual Rows": 66891,
                          "Actual Loops": 5,
                          "Hash Buckets": 524288,
                          "Original Hash Buckets": 524288,
                          "Hash Batches": 1,
                          "Original Hash Batches": 1,
                          "Peak Memory Usage": 17248,
                          "Plans": [
                            {
                              "Node Type": "Bitmap Heap Scan",
                              "Parent Relationship": "Outer",
                              "Parallel Aware": true,
                              "Relation Name": "movie_companies",
                              "Alias": "mc",
                              "Startup Cost": 7354.08,
                              "Total Cost": 27512.27,
                              "Plan Rows": 109455,
                              "Plan Width": 4,
                              "Actual Startup Time": 27.746,
                              "Actual Total Time": 74.817,
                              "Actual Rows": 66891,
                              "Actual Loops": 5,
                              "Recheck Cond": "(company_id < 166)",
                              "Rows Removed by Index Recheck": 0,
                              "Exact Heap Blocks": 6759,
                              "Lossy Heap Blocks": 0,
                              "Plans": [
                                {
                                  "Node Type": "Bitmap Index Scan",
                                  "Parent Relationship": "Outer",
                                  "Parallel Aware": false,
                                  "Index Name": "company_id_movie_companies",
                                  "Startup Cost": 0.0,
                                  "Total Cost": 7269.26,
                                  "Plan Rows": 339310,
                                  "Plan Width": 0,
                                  "Actual Startup Time": 24.327,
                                  "Actual Total Time": 24.327,
                                  "Actual Rows": 334457,
                                  "Actual Loops": 1,
                                  "Index Cond": "(company_id < 166)"
                                }
                              ]
                            }
                          ]
                        }
                      ]
                    },
                    {
                      "Node Type": "Index Only Scan",
                      "Parent Relationship": "Inner",
                      "Parallel Aware": false,
                      "Scan Direction": "Forward",
                      "Index Name": "movie_id_movie_info",
                      "Relation Name": "movie_info",
                      "Alias": "mi",
                      "Startup Cost": 0.43,
                      "Total Cost": 1.82,
                      "Plan Rows": 42,
                      "Plan Width": 4,
                      "Actual Startup Time": 0.004,
                      "Actual Total Time": 0.012,
                      "Actual Rows": 18,
                      "Actual Loops": 242627,
                      "Index Cond": "(movie_id = t.id)",
                      "Rows Removed by Index Recheck": 0,
                      "Heap Fetches": 4307821
                    }
                  ]
                }
              ]
            }
          ]
        }
      ]
    },
    "Planning Time": 1.453,
    "Triggers": [],
    "Execution Time": 1023.38
  }
]