[
  {
    "Plan": {
      "Node Type": "Aggregate",
      "Strategy": "Plain",
      "Partial Mode": "Finalize",
      "Parallel Aware": false,
      "Startup Cost": 349770.55,
      "Total Cost": 349770.57,
      "Plan Rows": 1,
      "Plan Width": 8,
      "Actual Startup Time": 763.85,
      "Actual Total Time": 820.584,
      "Actual Rows": 1,
      "Actual Loops": 1,
      "Plans": [
        {
          "Node Type": "Gather",
          "Parent Relationship": "Outer",
          "Parallel Aware": false,
          "Startup Cost": 349769.93,
          "Total Cost": 349770.54,
          "Plan Rows": 6,
          "Plan Width": 8,
          "Actual Startup Time": 763.733,
          "Actual Total Time": 820.574,
          "Actual Rows": 7,
          "Actual Loops": 1,
          "Workers Planned": 6,
          "Workers Launched": 6,
          "Single Copy": false,
          "Plans": [
            {
              "Node Type": "Aggregate",
              "Strategy": "Plain",
              "Partial Mode": "Partial",
              "Parent Relationship": "Outer",
              "Parallel Aware": false,
              "Startup Cost": 348769.93,
              "Total Cost": 348769.94,
              "Plan Rows": 1,
              "Plan Width": 8,
              "Actual Startup Time": 755.223,
              "Actual Total Time": 755.224,
              "Actual Rows": 1,
              "Actual Loops": 7,
              "Plans": [
                {
                  "Node Type": "Seq Scan",
                  "Parent Relationship": "Outer",
                  "Parallel Aware": true,
                  "Relation Name": "cast_info",
                  "Alias": "ci",
                  "Startup Cost": 0.0,
                  "Total Cost": 343257.03,
                  "Plan Rows": 2205160,
                  "Plan Width": 0,
                  "Actual Startup Time": 338.257,
                  "Actual Total Time": 668.182,
                  "Actual Rows": 2017235,
                  "Actual Loops": 7,
                  "Filter": "((person_id > 690924) AND (role_id > 2))",
                  "Rows Removed by Filter": 3160528
                }
              ]
            }
          ]
        }
      ]
    },
    "Planning Time": 0.221,
    "Triggers": [],
    "Execution Time": 820.658
  }
]