{
  "Plan": {
    "Node Type": "Aggregate",
    "Strategy": "Plain",
    "Partial Mode": "Finalize",
    "Parallel Aware": false,
    "Startup Cost": 719956.34,
    "Total Cost": 719956.35,
    "Plan Rows": 1,
    "Plan Width": 8,
    "Actual Startup Time": 6117.608,
    "Actual Total Time": 6181.166,
    "Actual Rows": 1,
    "Actual Loops": 1,
    "Plans": [
      {
        "Node Type": "Gather",
        "Parent Relationship": "Outer",
        "Parallel Aware": false,
        "Startup Cost": 719956.22,
        "Total Cost": 719956.33,
        "Plan Rows": 1,
        "Plan Width": 8,
        "Actual Startup Time": 6114.888,
        "Actual Total Time": 6181.153,
        "Actual Rows": 2,
        "Actual Loops": 1,
        "Workers Planned": 1,
        "Workers Launched": 1,
        "Single Copy": false,
        "Plans": [
          {
            "Node Type": "Aggregate",
            "Strategy": "Plain",
            "Partial Mode": "Partial",
            "Parent Relationship": "Outer",
            "Parallel Aware": false,
            "Startup Cost": 718956.22,
            "Total Cost": 718956.23,
            "Plan Rows": 1,
            "Plan Width": 8,
            "Actual Startup Time": 6110.189,
            "Actual Total Time": 6110.505,
            "Actual Rows": 1,
            "Actual Loops": 2,
            "Plans": [
              {
                "Node Type": "Hash Join",
                "Parent Relationship": "Outer",
                "Parallel Aware": true,
                "Join Type": "Inner",
                "Startup Cost": 116554.19,
                "Total Cost": 702047.39,
                "Plan Rows": 6763535,
                "Plan Width": 0,
                "Actual Startup Time": 714.293,
                "Actual Total Time": 5865.469,
                "Actual Rows": 5920641,
                "Actual Loops": 2,
                "Inner Unique": false,
                "Hash Cond": "(ci.movie_id = t.id)",
                "Plans": [
                  {
                    "Node Type": "Seq Scan",
                    "Parent Relationship": "Outer",
                    "Parallel Aware": true,
                    "Relation Name": "cast_info",
                    "Alias": "ci",
                    "Startup Cost": 0.0,
                    "Total Cost": 465792.95,
                    "Plan Rows": 21310595,
                    "Plan Width": 4,
                    "Actual Startup Time": 0.036,
                    "Actual Total Time": 1396.883,
                    "Actual Rows": 18122172,
                    "Actual Loops": 2
                  },
                  {
                    "Node Type": "Hash",
                    "Parent Relationship": "Inner",
                    "Parallel Aware": true,
                    "Startup Cost": 110653.99,
                    "Total Cost": 110653.99,
                    "Plan Rows": 472016,
                    "Plan Width": 8,
                    "Actual Startup Time": 707.357,
                    "Actual Total Time": 707.671,
                    "Actual Rows": 251062,
                    "Actual Loops": 2,
                    "Hash Buckets": 1048576,
                    "Original Hash Buckets": 1048576,
                    "Hash Batches": 1,
                    "Original Hash Batches": 1,
                    "Peak Memory Usage": 27872,
                    "Plans": [
                      {
                        "Node Type": "Hash Join",
                        "Parent Relationship": "Outer",
                        "Parallel Aware": true,
                        "Join Type": "Inner",
                        "Startup Cost": 47711.93,
                        "Total Cost": 110653.99,
                        "Plan Rows": 472016,
                        "Plan Width": 8,
                        "Actual Startup Time": 202.752,
                        "Actual Total Time": 627.435,
                        "Actual Rows": 251062,
                        "Actual Loops": 2,
                        "Inner Unique": false,
                        "Hash Cond": "(t.id = mc.movie_id)",
                        "Plans": [
                          {
                            "Node Type": "Seq Scan",
                            "Parent Relationship": "Outer",
                            "Parallel Aware": true,
                            "Relation Name": "title",
                            "Alias": "t",
                            "Startup Cost": 0.0,
                            "Total Cost": 50870.31,
                            "Plan Rows": 1487231,
                            "Plan Width": 4,
                            "Actual Startup Time": 0.015,
                            "Actual Total Time": 128.4,
                            "Actual Rows": 1264156,
                            "Actual Loops": 2
                          },
                          {
                            "Node Type": "Hash",
                            "Parent Relationship": "Inner",
                            "Parallel Aware": true,
                            "Startup Cost": 41811.73,
                            "Total Cost": 41811.73,
                            "Plan Rows": 472016,
                            "Plan Width": 4,
                            "Actual Startup Time": 198.318,
                            "Actual Total Time": 198.319,
                            "Actual Rows": 251062,
                            "Actual Loops": 2,
                            "Hash Buckets": 1048576,
                            "Original Hash Buckets": 1048576,
                            "Hash Batches": 1,
                            "Original Hash Batches": 1,
                            "Peak Memory Usage": 27872,
                            "Plans": [
                              {
                                "Node Type": "Seq Scan",
                                "Parent Relationship": "Outer",
                                "Parallel Aware": true,
                                "Relation Name": "movie_companies",
                                "Alias": "mc",
                                "Startup Cost": 0.0,
                                "Total Cost": 41811.73,
                                "Plan Rows": 472016,
                                "Plan Width": 4,
                                "Actual Startup Time": 66.0,
                                "Actual Total Time": 127.537,
                                "Actual Rows": 251062,
                                "Actual Loops": 2,
                                "Filter": "((company_id < 15252) AND (company_type_id > 1))",
                                "Rows Removed by Filter": 1053502
                              }
                            ]
                          }
                        ]
                      }
                    ]
                  }
                ]
              }
            ]
          }
        ]
      }
    ]
  },
  "Planning Time": 0.682,
  "Triggers": [],
  "Execution Time": 6181.248
}