[
    {
        "Bao": {
            "Bao prediction": "NaN",
            "Bao recommended hint": "(no hint)"
        }
    },
    {
        "Plan": {
            "Node Type": "Aggregate",
            "Strategy": "Plain",
            "Partial Mode": "Finalize",
            "Parallel Aware": false,
            "Startup Cost": 29066.11,
            "Total Cost": 29066.12,
            "Plan Rows": 1,
            "Plan Width": 8,
            "Actual Startup Time": 60.576,
            "Actual Total Time": 64.272,
            "Actual Rows": 1,
            "Actual Loops": 1,
            "Output": [
                "count(*)"
            ],
            "Plans": [
                {
                    "Node Type": "Gather",
                    "Parent Relationship": "Outer",
                    "Parallel Aware": false,
                    "Startup Cost": 29065.79,
                    "Total Cost": 29066.1,
                    "Plan Rows": 3,
                    "Plan Width": 8,
                    "Actual Startup Time": 60.382,
                    "Actual Total Time": 64.265,
                    "Actual Rows": 4,
                    "Actual Loops": 1,
                    "Output": [
                        "(PARTIAL count(*))"
                    ],
                    "Workers Planned": 3,
                    "Workers Launched": 3,
                    "Single Copy": false,
                    "Plans": [
                        {
                            "Node Type": "Aggregate",
                            "Strategy": "Plain",
                            "Partial Mode": "Partial",
                            "Parent Relationship": "Outer",
                            "Parallel Aware": false,
                            "Startup Cost": 28065.79,
                            "Total Cost": 28065.8,
                            "Plan Rows": 1,
                            "Plan Width": 8,
                            "Actual Startup Time": 52.104,
                            "Actual Total Time": 52.107,
                            "Actual Rows": 1,
                            "Actual Loops": 4,
                            "Output": [
                                "PARTIAL count(*)"
                            ],
                            "Workers": [
                                {
                                    "Worker Number": 0,
                                    "Actual Startup Time": 49.281,
                                    "Actual Total Time": 49.282,
                                    "Actual Rows": 1,
                                    "Actual Loops": 1
                                },
                                {
                                    "Worker Number": 1,
                                    "Actual Startup Time": 49.519,
                                    "Actual Total Time": 49.52,
                                    "Actual Rows": 1,
                                    "Actual Loops": 1
                                },
                                {
                                    "Worker Number": 2,
                                    "Actual Startup Time": 49.523,
                                    "Actual Total Time": 49.524,
                                    "Actual Rows": 1,
                                    "Actual Loops": 1
                                }
                            ],
                            "Plans": [
                                {
                                    "Node Type": "Bitmap Heap Scan",
                                    "Parent Relationship": "Outer",
                                    "Parallel Aware": true,
                                    "Relation Name": "movie_keyword",
                                    "Schema": "public",
                                    "Alias": "mk",
                                    "Startup Cost": 2941.7,
                                    "Total Cost": 27954.11,
                                    "Plan Rows": 44673,
                                    "Plan Width": 0,
                                    "Actual Startup Time": 9.071,
                                    "Actual Total Time": 49.603,
                                    "Actual Rows": 32684,
                                    "Actual Loops": 4,
                                    "Recheck Cond": "(mk.keyword_id > 76297)",
                                    "Rows Removed by Index Recheck": 0,
                                    "Exact Heap Blocks": 12086,
                                    "Lossy Heap Blocks": 0,
                                    "Workers": [
                                        {
                                            "Worker Number": 0,
                                            "Actual Startup Time": 6.322,
                                            "Actual Total Time": 47.17,
                                            "Actual Rows": 15601,
                                            "Actual Loops": 1
                                        },
                                        {
                                            "Worker Number": 1,
                                            "Actual Startup Time": 6.578,
                                            "Actual Total Time": 47.443,
                                            "Actual Rows": 15945,
                                            "Actual Loops": 1
                                        },
                                        {
                                            "Worker Number": 2,
                                            "Actual Startup Time": 6.538,
                                            "Actual Total Time": 47.474,
                                            "Actual Rows": 15594,
                                            "Actual Loops": 1
                                        }
                                    ],
                                    "Plans": [
                                        {
                                            "Node Type": "Bitmap Index Scan",
                                            "Parent Relationship": "Outer",
                                            "Parallel Aware": false,
                                            "Index Name": "keyword_id_movie_keyword",
                                            "Startup Cost": 0.0,
                                            "Total Cost": 2907.08,
                                            "Plan Rows": 138486,
                                            "Plan Width": 0,
                                            "Actual Startup Time": 12.874,
                                            "Actual Total Time": 12.874,
                                            "Actual Rows": 130737,
                                            "Actual Loops": 1,
                                            "Index Cond": "(mk.keyword_id > 76297)"
                                        }
                                    ]
                                }
                            ]
                        }
                    ]
                }
            ]
        },
        "Planning Time": 196.056,
        "Triggers": [],
        "Execution Time": 64.331
    }
]