{
    "Plan": {
        "Node Type": "Aggregate",
        "Strategy": "Plain",
        "Partial Mode": "Finalize",
        "Parallel Aware": false,
        "Startup Cost": 79670.43,
        "Total Cost": 79670.44,
        "Plan Rows": 1,
        "Plan Width": 8,
        "Actual Startup Time": 340.392,
        "Actual Total Time": 356.614,
        "Actual Rows": 1,
        "Actual Loops": 1,
        "Output": [
            "count(*)"
        ],
        "Plans": [
            {
                "Node Type": "Gather",
                "Parent Relationship": "Outer",
                "Parallel Aware": false,
                "Startup Cost": 79670.11,
                "Total Cost": 79670.42,
                "Plan Rows": 3,
                "Plan Width": 8,
                "Actual Startup Time": 335.91,
                "Actual Total Time": 356.604,
                "Actual Rows": 4,
                "Actual Loops": 1,
                "Output": [
                    "(PARTIAL count(*))"
                ],
                "Workers Planned": 3,
                "Workers Launched": 3,
                "Single Copy": false,
                "Plans": [
                    {
                        "Node Type": "Aggregate",
                        "Strategy": "Plain",
                        "Partial Mode": "Partial",
                        "Parent Relationship": "Outer",
                        "Parallel Aware": false,
                        "Startup Cost": 78670.11,
                        "Total Cost": 78670.12,
                        "Plan Rows": 1,
                        "Plan Width": 8,
                        "Actual Startup Time": 326.948,
                        "Actual Total Time": 326.951,
                        "Actual Rows": 1,
                        "Actual Loops": 4,
                        "Output": [
                            "PARTIAL count(*)"
                        ],
                        "Workers": [
                            {
                                "Worker Number": 0,
                                "Actual Startup Time": 323.949,
                                "Actual Total Time": 323.952,
                                "Actual Rows": 1,
                                "Actual Loops": 1
                            },
                            {
                                "Worker Number": 1,
                                "Actual Startup Time": 323.91,
                                "Actual Total Time": 323.913,
                                "Actual Rows": 1,
                                "Actual Loops": 1
                            },
                            {
                                "Worker Number": 2,
                                "Actual Startup Time": 324.718,
                                "Actual Total Time": 324.721,
                                "Actual Rows": 1,
                                "Actual Loops": 1
                            }
                        ],
                        "Plans": [
                            {
                                "Node Type": "Hash Join",
                                "Parent Relationship": "Outer",
                                "Parallel Aware": true,
                                "Join Type": "Inner",
                                "Startup Cost": 45996.98,
                                "Total Cost": 78416.13,
                                "Plan Rows": 101594,
                                "Plan Width": 0,
                                "Actual Startup Time": 255.664,
                                "Actual Total Time": 322.189,
                                "Actual Rows": 98986,
                                "Actual Loops": 4,
                                "Inner Unique": true,
                                "Hash Cond": "(mc.movie_id = t.id)",
                                "Workers": [
                                    {
                                        "Worker Number": 0,
                                        "Actual Startup Time": 252.775,
                                        "Actual Total Time": 319.415,
                                        "Actual Rows": 118506,
                                        "Actual Loops": 1
                                    },
                                    {
                                        "Worker Number": 1,
                                        "Actual Startup Time": 252.722,
                                        "Actual Total Time": 319.393,
                                        "Actual Rows": 71824,
                                        "Actual Loops": 1
                                    },
                                    {
                                        "Worker Number": 2,
                                        "Actual Startup Time": 253.099,
                                        "Actual Total Time": 319.688,
                                        "Actual Rows": 80074,
                                        "Actual Loops": 1
                                    }
                                ],
                                "Plans": [
                                    {
                                        "Node Type": "Seq Scan",
                                        "Parent Relationship": "Outer",
                                        "Parallel Aware": true,
                                        "Relation Name": "movie_companies",
                                        "Schema": "public",
                                        "Alias": "mc",
                                        "Startup Cost": 0.0,
                                        "Total Cost": 31414.82,
                                        "Plan Rows": 382602,
                                        "Plan Width": 4,
                                        "Actual Startup Time": 33.606,
                                        "Actual Total Time": 75.726,
                                        "Actual Rows": 261822,
                                        "Actual Loops": 4,
                                        "Output": [
                                            "mc.id",
                                            "mc.movie_id",
                                            "mc.company_id",
                                            "mc.company_type_id",
                                            "mc.note"
                                        ],
                                        "Filter": "((mc.company_id < 95131) AND (mc.company_type_id > 1))",
                                        "Rows Removed by Filter": 390460,
                                        "Workers": [
                                            {
                                                "Worker Number": 0,
                                                "Actual Startup Time": 33.526,
                                                "Actual Total Time": 74.948,
                                                "Actual Rows": 312808,
                                                "Actual Loops": 1
                                            },
                                            {
                                                "Worker Number": 1,
                                                "Actual Startup Time": 33.685,
                                                "Actual Total Time": 76.238,
                                                "Actual Rows": 191820,
                                                "Actual Loops": 1
                                            },
                                            {
                                                "Worker Number": 2,
                                                "Actual Startup Time": 33.536,
                                                "Actual Total Time": 78.864,
                                                "Actual Rows": 214383,
                                                "Actual Loops": 1
                                            }
                                        ]
                                    },
                                    {
                                        "Node Type": "Hash",
                                        "Parent Relationship": "Inner",
                                        "Parallel Aware": true,
                                        "Startup Cost": 43899.01,
                                        "Total Cost": 43899.01,
                                        "Plan Rows": 167838,
                                        "Plan Width": 4,
                                        "Actual Startup Time": 172.61,
                                        "Actual Total Time": 172.611,
                                        "Actual Rows": 165706,
                                        "Actual Loops": 4,
                                        "Output": [
                                            "t.id"
                                        ],
                                        "Hash Buckets": 1048576,
                                        "Original Hash Buckets": 1048576,
                                        "Hash Batches": 1,
                                        "Original Hash Batches": 1,
                                        "Peak Memory Usage": 34144,
                                        "Workers": [
                                            {
                                                "Worker Number": 0,
                                                "Actual Startup Time": 174.502,
                                                "Actual Total Time": 174.503,
                                                "Actual Rows": 192970,
                                                "Actual Loops": 1
                                            },
                                            {
                                                "Worker Number": 1,
                                                "Actual Startup Time": 174.459,
                                                "Actual Total Time": 174.46,
                                                "Actual Rows": 121059,
                                                "Actual Loops": 1
                                            },
                                            {
                                                "Worker Number": 2,
                                                "Actual Startup Time": 174.719,
                                                "Actual Total Time": 174.72,
                                                "Actual Rows": 134114,
                                                "Actual Loops": 1
                                            }
                                        ],
                                        "Plans": [
                                            {
                                                "Node Type": "Seq Scan",
                                                "Parent Relationship": "Outer",
                                                "Parallel Aware": true,
                                                "Relation Name": "title",
                                                "Schema": "public",
                                                "Alias": "t",
                                                "Startup Cost": 0.0,
                                                "Total Cost": 43899.01,
                                                "Plan Rows": 167838,
                                                "Plan Width": 4,
                                                "Actual Startup Time": 51.22,
                                                "Actual Total Time": 112.273,
                                                "Actual Rows": 165706,
                                                "Actual Loops": 4,
                                                "Output": [
                                                    "t.id"
                                                ],
                                                "Filter": "(t.kind_id = 1)",
                                                "Rows Removed by Filter": 466372,
                                                "Workers": [
                                                    {
                                                        "Worker Number": 0,
                                                        "Actual Startup Time": 65.441,
                                                        "Actual Total Time": 112.939,
                                                        "Actual Rows": 192970,
                                                        "Actual Loops": 1
                                                    },
                                                    {
                                                        "Worker Number": 1,
                                                        "Actual Startup Time": 65.45,
                                                        "Actual Total Time": 112.118,
                                                        "Actual Rows": 121059,
                                                        "Actual Loops": 1
                                                    },
                                                    {
                                                        "Worker Number": 2,
                                                        "Actual Startup Time": 65.6,
                                                        "Actual Total Time": 114.979,
                                                        "Actual Rows": 134114,
                                                        "Actual Loops": 1
                                                    }
                                                ]
                                            }
                                        ]
                                    }
                                ]
                            }
                        ]
                    }
                ]
            }
        ]
    },
    "Planning Time": 0.783,
    "Triggers": [],
    "Execution Time": 356.685
}