{
  "Plan": {
    "Node Type": "Aggregate",
    "Strategy": "Plain",
    "Partial Mode": "Simple",
    "Parallel Aware": false,
    "Startup Cost": 10243.53,
    "Total Cost": 10243.54,
    "Plan Rows": 1,
    "Plan Width": 128,
    "Actual Startup Time": 41.039,
    "Actual Total Time": 44.68,
    "Actual Rows": 1,
    "Actual Loops": 1,
    "Plans": [
      {
        "Node Type": "Gather",
        "Parent Relationship": "Outer",
        "Parallel Aware": false,
        "Startup Cost": 1003.86,
        "Total Cost": 10243.52,
        "Plan Rows": 1,
        "Plan Width": 81,
        "Actual Startup Time": 40.699,
        "Actual Total Time": 44.665,
        "Actual Rows": 3,
        "Actual Loops": 1,
        "Workers Planned": 1,
        "Workers Launched": 1,
        "Single Copy": false,
        "Plans": [
          {
            "Node Type": "Nested Loop",
            "Parent Relationship": "Outer",
            "Parallel Aware": false,
            "Join Type": "Inner",
            "Startup Cost": 3.86,
            "Total Cost": 9243.42,
            "Plan Rows": 1,
            "Plan Width": 81,
            "Actual Startup Time": 25.441,
            "Actual Total Time": 32.728,
            "Actual Rows": 2,
            "Actual Loops": 2,
            "Inner Unique": true,
            "Plans": [
              {
                "Node Type": "Nested Loop",
                "Parent Relationship": "Outer",
                "Parallel Aware": false,
                "Join Type": "Inner",
                "Startup Cost": 3.71,
                "Total Cost": 9243.24,
                "Plan Rows": 1,
                "Plan Width": 85,
                "Actual Startup Time": 25.427,
                "Actual Total Time": 32.705,
                "Actual Rows": 4,
                "Actual Loops": 2,
                "Inner Unique": false,
                "Join Filter": "(t.id = mi_idx.movie_id)",
                "Rows Removed by Join Filter": 0,
                "Plans": [
                  {
                    "Node Type": "Nested Loop",
                    "Parent Relationship": "Outer",
                    "Parallel Aware": false,
                    "Join Type": "Inner",
                    "Startup Cost": 3.29,
                    "Total Cost": 9242.71,
                    "Plan Rows": 1,
                    "Plan Width": 95,
                    "Actual Startup Time": 25.354,
                    "Actual Total Time": 32.623,
                    "Actual Rows": 2,
                    "Actual Loops": 2,
                    "Inner Unique": true,
                    "Plans": [
                      {
                        "Node Type": "Nested Loop",
                        "Parent Relationship": "Outer",
                        "Parallel Aware": false,
                        "Join Type": "Inner",
                        "Startup Cost": 3.14,
                        "Total Cost": 9242.53,
                        "Plan Rows": 1,
                        "Plan Width": 99,
                        "Actual Startup Time": 25.325,
                        "Actual Total Time": 32.591,
                        "Actual Rows": 2,
                        "Actual Loops": 2,
                        "Inner Unique": true,
                        "Plans": [
                          {
                            "Node Type": "Nested Loop",
                            "Parent Relationship": "Outer",
                            "Parallel Aware": false,
                            "Join Type": "Inner",
                            "Startup Cost": 2.72,
                            "Total Cost": 9242.07,
                            "Plan Rows": 1,
                            "Plan Width": 103,
                            "Actual Startup Time": 23.667,
                            "Actual Total Time": 31.227,
                            "Actual Rows": 71,
                            "Actual Loops": 2,
                            "Inner Unique": true,
                            "Plans": [
                              {
                                "Node Type": "Nested Loop",
                                "Parent Relationship": "Outer",
                                "Parallel Aware": false,
                                "Join Type": "Inner",
                                "Startup Cost": 2.29,
                                "Total Cost": 9241.39,
                                "Plan Rows": 1,
                                "Plan Width": 92,
                                "Actual Startup Time": 23.57,
                                "Actual Total Time": 30.843,
                                "Actual Rows": 71,
                                "Actual Loops": 2,
                                "Inner Unique": false,
                                "Join Filter": "(t.id = ci.movie_id)",
                                "Rows Removed by Join Filter": 0,
                                "Plans": [
                                  {
                                    "Node Type": "Nested Loop",
                                    "Parent Relationship": "Outer",
                                    "Parallel Aware": false,
                                    "Join Type": "Inner",
                                    "Startup Cost": 1.73,
                                    "Total Cost": 9239.66,
                                    "Plan Rows": 1,
                                    "Plan Width": 84,
                                    "Actual Startup Time": 22.729,
                                    "Actual Total Time": 23.253,
                                    "Actual Rows": 71,
                                    "Actual Loops": 2,
                                    "Inner Unique": false,
                                    "Join Filter": "(t.id = mk.movie_id)",
                                    "Rows Removed by Join Filter": 0,
                                    "Plans": [
                                      {
                                        "Node Type": "Nested Loop",
                                        "Parent Relationship": "Outer",
                                        "Parallel Aware": false,
                                        "Join Type": "Inner",
                                        "Startup Cost": 1.29,
                                        "Total Cost": 9235.65,
                                        "Plan Rows": 1,
                                        "Plan Width": 76,
                                        "Actual Startup Time": 22.615,
                                        "Actual Total Time": 23.059,
                                        "Actual Rows": 0,
                                        "Actual Loops": 2,
                                        "Inner Unique": false,
                                        "Join Filter": "(t.id = mi.movie_id)",
                                        "Rows Removed by Join Filter": 0,
                                        "Plans": [
                                          {
                                            "Node Type": "Nested Loop",
                                            "Parent Relationship": "Outer",
                                            "Parallel Aware": false,
                                            "Join Type": "Inner",
                                            "Startup Cost": 0.86,
                                            "Total Cost": 9214.34,
                                            "Plan Rows": 1,
                                            "Plan Width": 25,
                                            "Actual Startup Time": 8.735,
                                            "Actual Total Time": 22.275,
                                            "Actual Rows": 1,
                                            "Actual Loops": 2,
                                            "Inner Unique": true,
                                            "Plans": [
                                              {
                                                "Node Type": "Nested Loop",
                                                "Parent Relationship": "Outer",
                                                "Parallel Aware": false,
                                                "Join Type": "Inner",
                                                "Startup Cost": 0.43,
                                                "Total Cost": 9206.23,
                                                "Plan Rows": 2,
                                                "Plan Width": 4,
                                                "Actual Startup Time": 4.227,
                                                "Actual Total Time": 19.9,
                                                "Actual Rows": 184,
                                                "Actual Loops": 2,
                                                "Inner Unique": false,
                                                "Plans": [
                                                  {
                                                    "Node Type": "Seq Scan",
                                                    "Parent Relationship": "Outer",
                                                    "Parallel Aware": true,
                                                    "Relation Name": "company_name",
                                                    "Alias": "cn",
                                                    "Startup Cost": 0.0,
                                                    "Total Cost": 4722.92,
                                                    "Plan Rows": 14,
                                                    "Plan Width": 4,
                                                    "Actual Startup Time": 1.81,
                                                    "Actual Total Time": 18.563,
                                                    "Actual Rows": 8,
                                                    "Actual Loops": 2,
                                                    "Filter": "(name ~~ 'UGC%'::text)",
                                                    "Rows Removed by Filter": 117490
                                                  },
                                                  {
                                                    "Node Type": "Index Scan",
                                                    "Parent Relationship": "Inner",
                                                    "Parallel Aware": false,
                                                    "Scan Direction": "Forward",
                                                    "Index Name": "company_id_movie_companies",
                                                    "Relation Name": "movie_companies",
                                                    "Alias": "mc",
                                                    "Startup Cost": 0.43,
                                                    "Total Cost": 320.22,
                                                    "Plan Rows": 2,
                                                    "Plan Width": 8,
                                                    "Actual Startup Time": 0.071,
                                                    "Actual Total Time": 0.159,
                                                    "Actual Rows": 23,
                                                    "Actual Loops": 16,
                                                    "Index Cond": "(company_id = cn.id)",
                                                    "Rows Removed by Index Recheck": 0,
                                                    "Filter": "(note ~~ '%(France)%'::text)",
                                                    "Rows Removed by Filter": 5
                                                  }
                                                ]
                                              },
                                              {
                                                "Node Type": "Index Scan",
                                                "Parent Relationship": "Inner",
                                                "Parallel Aware": false,
                                                "Scan Direction": "Forward",
                                                "Index Name": "title_pkey",
                                                "Relation Name": "title",
                                                "Alias": "t",
                                                "Startup Cost": 0.43,
                                                "Total Cost": 4.05,
                                                "Plan Rows": 1,
                                                "Plan Width": 21,
                                                "Actual Startup Time": 0.012,
                                                "Actual Total Time": 0.012,
                                                "Actual Rows": 0,
                                                "Actual Loops": 367,
                                                "Index Cond": "(id = mc.movie_id)",
                                                "Rows Removed by Index Recheck": 0,
                                                "Filter": "((production_year > 1989) AND ((title ~~ '%Freddy%'::text) OR (title ~~ '%Jason%'::text) OR (title ~~ 'Saw%'::text)))",
                                                "Rows Removed by Filter": 1
                                              }
                                            ]
                                          },
                                          {
                                            "Node Type": "Index Scan",
                                            "Parent Relationship": "Inner",
                                            "Parallel Aware": false,
                                            "Scan Direction": "Forward",
                                            "Index Name": "movie_id_movie_info",
                                            "Relation Name": "movie_info",
                                            "Alias": "mi",
                                            "Startup Cost": 0.43,
                                            "Total Cost": 21.3,
                                            "Plan Rows": 1,
                                            "Plan Width": 51,
                                            "Actual Startup Time": 0.779,
                                            "Actual Total Time": 0.779,
                                            "Actual Rows": 0,
                                            "Actual Loops": 2,
                                            "Index Cond": "(movie_id = mc.movie_id)",
                                            "Rows Removed by Index Recheck": 0,
                                            "Filter": "(info = ANY ('{Thriller,Thriller}'::text[]))",
                                            "Rows Removed by Filter": 220
                                          }
                                        ]
                                      },
                                      {
                                        "Node Type": "Index Scan",
                                        "Parent Relationship": "Inner",
                                        "Parallel Aware": false,
                                        "Scan Direction": "Forward",
                                        "Index Name": "movie_id_movie_keyword",
                                        "Relation Name": "movie_keyword",
                                        "Alias": "mk",
                                        "Startup Cost": 0.43,
                                        "Total Cost": 3.44,
                                        "Plan Rows": 46,
                                        "Plan Width": 8,
                                        "Actual Startup Time": 0.221,
                                        "Actual Total Time": 0.287,
                                        "Actual Rows": 142,
                                        "Actual Loops": 1,
                                        "Index Cond": "(movie_id = mi.movie_id)",
                                        "Rows Removed by Index Recheck": 0
                                      }
                                    ]
                                  },
                                  {
                                    "Node Type": "Index Scan",
                                    "Parent Relationship": "Inner",
                                    "Parallel Aware": false,
                                    "Scan Direction": "Forward",
                                    "Index Name": "movie_id_cast_info",
                                    "Relation Name": "cast_info",
                                    "Alias": "ci",
                                    "Startup Cost": 0.56,
                                    "Total Cost": 1.71,
                                    "Plan Rows": 1,
                                    "Plan Width": 8,
                                    "Actual Startup Time": 0.05,
                                    "Actual Total Time": 0.106,
                                    "Actual Rows": 1,
                                    "Actual Loops": 142,
                                    "Index Cond": "(movie_id = mk.movie_id)",
                                    "Rows Removed by Index Recheck": 0,
                                    "Filter": "(note = ANY ('{(writer),\"(head writer)\",\"(written by)\",(story),\"(story editor)\"}'::text[]))",
                                    "Rows Removed by Filter": 90
                                  }
                                ]
                              },
                              {
                                "Node Type": "Index Scan",
                                "Parent Relationship": "Inner",
                                "Parallel Aware": false,
                                "Scan Direction": "Forward",
                                "Index Name": "name_pkey",
                                "Relation Name": "name",
                                "Alias": "n",
                                "Startup Cost": 0.43,
                                "Total Cost": 0.69,
                                "Plan Rows": 1,
                                "Plan Width": 19,
                                "Actual Startup Time": 0.005,
                                "Actual Total Time": 0.005,
                                "Actual Rows": 1,
                                "Actual Loops": 142,
                                "Index Cond": "(id = ci.person_id)",
                                "Rows Removed by Index Recheck": 0,
                                "Filter": "((gender)::text = 'f'::text)",
                                "Rows Removed by Filter": 0
                              }
                            ]
                          },
                          {
                            "Node Type": "Index Scan",
                            "Parent Relationship": "Inner",
                            "Parallel Aware": false,
                            "Scan Direction": "Forward",
                            "Index Name": "keyword_pkey",
                            "Relation Name": "keyword",
                            "Alias": "k",
                            "Startup Cost": 0.42,
                            "Total Cost": 0.45,
                            "Plan Rows": 1,
                            "Plan Width": 4,
                            "Actual Startup Time": 0.019,
                            "Actual Total Time": 0.019,
                            "Actual Rows": 0,
                            "Actual Loops": 142,
                            "Index Cond": "(id = mk.keyword_id)",
                            "Rows Removed by Index Recheck": 0,
                            "Filter": "(keyword = ANY ('{murder,violence,blood,gore,death,female-nudity,hospital}'::text[]))",
                            "Rows Removed by Filter": 1
                          }
                        ]
                      },
                      {
                        "Node Type": "Index Scan",
                        "Parent Relationship": "Inner",
                        "Parallel Aware": false,
                        "Scan Direction": "Forward",
                        "Index Name": "info_type_pkey",
                        "Relation Name": "info_type",
                        "Alias": "it1",
                        "Startup Cost": 0.14,
                        "Total Cost": 0.16,
                        "Plan Rows": 1,
                        "Plan Width": 4,
                        "Actual Startup Time": 0.019,
                        "Actual Total Time": 0.019,
                        "Actual Rows": 1,
                        "Actual Loops": 3,
                        "Index Cond": "(id = mi.info_type_id)",
                        "Rows Removed by Index Recheck": 0,
                        "Filter": "((info)::text = 'genres'::text)",
                        "Rows Removed by Filter": 0
                      }
                    ]
                  },
                  {
                    "Node Type": "Index Scan",
                    "Parent Relationship": "Inner",
                    "Parallel Aware": false,
                    "Scan Direction": "Forward",
                    "Index Name": "movie_id_movie_info_idx",
                    "Relation Name": "movie_info_idx",
                    "Alias": "mi_idx",
                    "Startup Cost": 0.43,
                    "Total Cost": 0.49,
                    "Plan Rows": 3,
                    "Plan Width": 14,
                    "Actual Startup Time": 0.05,
                    "Actual Total Time": 0.051,
                    "Actual Rows": 3,
                    "Actual Loops": 3,
                    "Index Cond": "(movie_id = mk.movie_id)",
                    "Rows Removed by Index Recheck": 0
                  }
                ]
              },
              {
                "Node Type": "Index Scan",
                "Parent Relationship": "Inner",
                "Parallel Aware": false,
                "Scan Direction": "Forward",
                "Index Name": "info_type_pkey",
                "Relation Name": "info_type",
                "Alias": "it2",
                "Startup Cost": 0.14,
                "Total Cost": 0.16,
                "Plan Rows": 1,
                "Plan Width": 4,
                "Actual Startup Time": 0.004,
                "Actual Total Time": 0.004,
                "Actual Rows": 0,
                "Actual Loops": 9,
                "Index Cond": "(id = mi_idx.info_type_id)",
                "Rows Removed by Index Recheck": 0,
                "Filter": "((info)::text = 'votes'::text)",
                "Rows Removed by Filter": 1
              }
            ]
          }
        ]
      }
    ]
  },
  "Planning Time": 3.962,
  "Triggers": [],
  "Execution Time": 44.873
}