[
  {
    "Plan": {
      "Node Type": "Aggregate",
      "Strategy": "Plain",
      "Partial Mode": "Finalize",
      "Parallel Aware": false,
      "Startup Cost": 63931.98,
      "Total Cost": 63931.99,
      "Plan Rows": 1,
      "Plan Width": 8,
      "Actual Startup Time": 328.06,
      "Actual Total Time": 345.216,
      "Actual Rows": 1,
      "Actual Loops": 1,
      "Plans": [
        {
          "Node Type": "Gather",
          "Parent Relationship": "Outer",
          "Parallel Aware": false,
          "Startup Cost": 63931.76,
          "Total Cost": 63931.97,
          "Plan Rows": 2,
          "Plan Width": 8,
          "Actual Startup Time": 325.15,
          "Actual Total Time": 345.207,
          "Actual Rows": 3,
          "Actual Loops": 1,
          "Workers Planned": 2,
          "Workers Launched": 2,
          "Single Copy": false,
          "Plans": [
            {
              "Node Type": "Aggregate",
              "Strategy": "Plain",
              "Partial Mode": "Partial",
              "Parent Relationship": "Outer",
              "Parallel Aware": false,
              "Startup Cost": 62931.76,
              "Total Cost": 62931.77,
              "Plan Rows": 1,
              "Plan Width": 8,
              "Actual Startup Time": 319.178,
              "Actual Total Time": 319.184,
              "Actual Rows": 1,
              "Actual Loops": 3,
              "Plans": [
                {
                  "Node Type": "Hash Join",
                  "Parent Relationship": "Outer",
                  "Parallel Aware": true,
                  "Join Type": "Inner",
                  "Startup Cost": 47389.69,
                  "Total Cost": 62584.25,
                  "Plan Rows": 139006,
                  "Plan Width": 0,
                  "Actual Startup Time": 228.621,
                  "Actual Total Time": 310.01,
                  "Actual Rows": 197878,
                  "Actual Loops": 3,
                  "Inner Unique": true,
                  "Hash Cond": "(mi_idx.movie_id = t.id)",
                  "Plans": [
                    {
                      "Node Type": "Seq Scan",
                      "Parent Relationship": "Outer",
                      "Parallel Aware": true,
                      "Relation Name": "movie_info_idx",
                      "Alias": "mi_idx",
                      "Startup Cost": 0.0,
                      "Total Cost": 13685.15,
                      "Plan Rows": 575015,
                      "Plan Width": 4,
                      "Actual Startup Time": 0.013,
                      "Actual Total Time": 41.538,
                      "Actual Rows": 460012,
                      "Actual Loops": 3
                    },
                    {
                      "Node Type": "Hash",
                      "Parent Relationship": "Inner",
                      "Parallel Aware": true,
                      "Startup Cost": 45479.59,
                      "Total Cost": 45479.59,
                      "Plan Rows": 152808,
                      "Plan Width": 4,
                      "Actual Startup Time": 183.526,
                      "Actual Total Time": 183.527,
                      "Actual Rows": 176985,
                      "Actual Loops": 3,
                      "Hash Buckets": 1048576,
                      "Original Hash Buckets": 1048576,
                      "Hash Batches": 1,
                      "Original Hash Batches": 1,
                      "Peak Memory Usage": 29024,
                      "Plans": [
                        {
                          "Node Type": "Seq Scan",
                          "Parent Relationship": "Outer",
                          "Parallel Aware": true,
                          "Relation Name": "title",
                          "Alias": "t",
                          "Startup Cost": 0.0,
                          "Total Cost": 45479.59,
                          "Plan Rows": 152808,
                          "Plan Width": 4,
                          "Actual Startup Time": 45.192,
                          "Actual Total Time": 122.407,
                          "Actual Rows": 176985,
                          "Actual Loops": 3,
                          "Filter": "((production_year > 1933) AND (kind_id = 1))",
                          "Rows Removed by Filter": 665785
                        }
                      ]
                    }
                  ]
                }
              ]
            }
          ]
        }
      ]
    },
    "Planning Time": 0.437,
    "Triggers": [],
    "Execution Time": 345.266
  }
]