[
    {
        "Bao": {
            "Bao prediction": "NaN",
            "Bao recommended hint": "(no hint)"
        }
    },
    {
        "Plan": {
            "Node Type": "Aggregate",
            "Strategy": "Plain",
            "Partial Mode": "Finalize",
            "Parallel Aware": false,
            "Startup Cost": 244910.38,
            "Total Cost": 244910.39,
            "Plan Rows": 1,
            "Plan Width": 8,
            "Actual Startup Time": 695.742,
            "Actual Total Time": 719.762,
            "Actual Rows": 1,
            "Actual Loops": 1,
            "Output": [
                "count(*)"
            ],
            "Plans": [
                {
                    "Node Type": "Gather",
                    "Parent Relationship": "Outer",
                    "Parallel Aware": false,
                    "Startup Cost": 244909.86,
                    "Total Cost": 244910.37,
                    "Plan Rows": 5,
                    "Plan Width": 8,
                    "Actual Startup Time": 694.367,
                    "Actual Total Time": 719.751,
                    "Actual Rows": 6,
                    "Actual Loops": 1,
                    "Output": [
                        "(PARTIAL count(*))"
                    ],
                    "Workers Planned": 5,
                    "Workers Launched": 5,
                    "Single Copy": false,
                    "Plans": [
                        {
                            "Node Type": "Aggregate",
                            "Strategy": "Plain",
                            "Partial Mode": "Partial",
                            "Parent Relationship": "Outer",
                            "Parallel Aware": false,
                            "Startup Cost": 243909.86,
                            "Total Cost": 243909.87,
                            "Plan Rows": 1,
                            "Plan Width": 8,
                            "Actual Startup Time": 684.487,
                            "Actual Total Time": 684.49,
                            "Actual Rows": 1,
                            "Actual Loops": 6,
                            "Output": [
                                "PARTIAL count(*)"
                            ],
                            "Workers": [
                                {
                                    "Worker Number": 0,
                                    "Actual Startup Time": 682.042,
                                    "Actual Total Time": 682.044,
                                    "Actual Rows": 1,
                                    "Actual Loops": 1
                                },
                                {
                                    "Worker Number": 1,
                                    "Actual Startup Time": 682.376,
                                    "Actual Total Time": 682.379,
                                    "Actual Rows": 1,
                                    "Actual Loops": 1
                                },
                                {
                                    "Worker Number": 2,
                                    "Actual Startup Time": 682.543,
                                    "Actual Total Time": 682.546,
                                    "Actual Rows": 1,
                                    "Actual Loops": 1
                                },
                                {
                                    "Worker Number": 3,
                                    "Actual Startup Time": 683.132,
                                    "Actual Total Time": 683.135,
                                    "Actual Rows": 1,
                                    "Actual Loops": 1
                                },
                                {
                                    "Worker Number": 4,
                                    "Actual Startup Time": 683.125,
                                    "Actual Total Time": 683.127,
                                    "Actual Rows": 1,
                                    "Actual Loops": 1
                                }
                            ],
                            "Plans": [
                                {
                                    "Node Type": "Hash Join",
                                    "Parent Relationship": "Outer",
                                    "Parallel Aware": true,
                                    "Join Type": "Inner",
                                    "Startup Cost": 44292.66,
                                    "Total Cost": 243542.28,
                                    "Plan Rows": 147030,
                                    "Plan Width": 0,
                                    "Actual Startup Time": 88.404,
                                    "Actual Total Time": 673.319,
                                    "Actual Rows": 228637,
                                    "Actual Loops": 6,
                                    "Inner Unique": true,
                                    "Hash Cond": "(mi.movie_id = t.id)",
                                    "Workers": [
                                        {
                                            "Worker Number": 0,
                                            "Actual Startup Time": 86.348,
                                            "Actual Total Time": 671.238,
                                            "Actual Rows": 231605,
                                            "Actual Loops": 1
                                        },
                                        {
                                            "Worker Number": 1,
                                            "Actual Startup Time": 86.655,
                                            "Actual Total Time": 671.529,
                                            "Actual Rows": 235855,
                                            "Actual Loops": 1
                                        },
                                        {
                                            "Worker Number": 2,
                                            "Actual Startup Time": 86.844,
                                            "Actual Total Time": 671.59,
                                            "Actual Rows": 234197,
                                            "Actual Loops": 1
                                        },
                                        {
                                            "Worker Number": 3,
                                            "Actual Startup Time": 87.287,
                                            "Actual Total Time": 671.592,
                                            "Actual Rows": 154288,
                                            "Actual Loops": 1
                                        },
                                        {
                                            "Worker Number": 4,
                                            "Actual Startup Time": 85.276,
                                            "Actual Total Time": 672.278,
                                            "Actual Rows": 234855,
                                            "Actual Loops": 1
                                        }
                                    ],
                                    "Plans": [
                                        {
                                            "Node Type": "Seq Scan",
                                            "Parent Relationship": "Outer",
                                            "Parallel Aware": true,
                                            "Relation Name": "movie_info",
                                            "Schema": "public",
                                            "Alias": "mi",
                                            "Startup Cost": 0.0,
                                            "Total Cost": 191503.19,
                                            "Plan Rows": 2951019,
                                            "Plan Width": 4,
                                            "Actual Startup Time": 0.018,
                                            "Actual Total Time": 278.302,
                                            "Actual Rows": 2472620,
                                            "Actual Loops": 6,
                                            "Output": [
                                                "mi.id",
                                                "mi.movie_id",
                                                "mi.info_type_id",
                                                "mi.info",
                                                "mi.note"
                                            ],
                                            "Workers": [
                                                {
                                                    "Worker Number": 0,
                                                    "Actual Startup Time": 0.019,
                                                    "Actual Total Time": 284.044,
                                                    "Actual Rows": 2480511,
                                                    "Actual Loops": 1
                                                },
                                                {
                                                    "Worker Number": 1,
                                                    "Actual Startup Time": 0.02,
                                                    "Actual Total Time": 287.161,
                                                    "Actual Rows": 2542208,
                                                    "Actual Loops": 1
                                                },
                                                {
                                                    "Worker Number": 2,
                                                    "Actual Startup Time": 0.023,
                                                    "Actual Total Time": 281.325,
                                                    "Actual Rows": 2462286,
                                                    "Actual Loops": 1
                                                },
                                                {
                                                    "Worker Number": 3,
                                                    "Actual Startup Time": 0.023,
                                                    "Actual Total Time": 285.467,
                                                    "Actual Rows": 1653425,
                                                    "Actual Loops": 1
                                                },
                                                {
                                                    "Worker Number": 4,
                                                    "Actual Startup Time": 0.02,
                                                    "Actual Total Time": 285.662,
                                                    "Actual Rows": 2498700,
                                                    "Actual Loops": 1
                                                }
                                            ]
                                        },
                                        {
                                            "Node Type": "Hash",
                                            "Parent Relationship": "Inner",
                                            "Parallel Aware": true,
                                            "Startup Cost": 43899.01,
                                            "Total Cost": 43899.01,
                                            "Plan Rows": 31492,
                                            "Plan Width": 4,
                                            "Actual Startup Time": 77.976,
                                            "Actual Total Time": 77.977,
                                            "Actual Rows": 20894,
                                            "Actual Loops": 6,
                                            "Output": [
                                                "t.id"
                                            ],
                                            "Hash Buckets": 131072,
                                            "Original Hash Buckets": 131072,
                                            "Hash Batches": 1,
                                            "Original Hash Batches": 1,
                                            "Peak Memory Usage": 6080,
                                            "Workers": [
                                                {
                                                    "Worker Number": 0,
                                                    "Actual Startup Time": 75.533,
                                                    "Actual Total Time": 75.534,
                                                    "Actual Rows": 20611,
                                                    "Actual Loops": 1
                                                },
                                                {
                                                    "Worker Number": 1,
                                                    "Actual Startup Time": 75.941,
                                                    "Actual Total Time": 75.943,
                                                    "Actual Rows": 21432,
                                                    "Actual Loops": 1
                                                },
                                                {
                                                    "Worker Number": 2,
                                                    "Actual Startup Time": 76.151,
                                                    "Actual Total Time": 76.152,
                                                    "Actual Rows": 19030,
                                                    "Actual Loops": 1
                                                },
                                                {
                                                    "Worker Number": 3,
                                                    "Actual Startup Time": 76.608,
                                                    "Actual Total Time": 76.609,
                                                    "Actual Rows": 14260,
                                                    "Actual Loops": 1
                                                },
                                                {
                                                    "Worker Number": 4,
                                                    "Actual Startup Time": 76.749,
                                                    "Actual Total Time": 76.75,
                                                    "Actual Rows": 20547,
                                                    "Actual Loops": 1
                                                }
                                            ],
                                            "Plans": [
                                                {
                                                    "Node Type": "Seq Scan",
                                                    "Parent Relationship": "Outer",
                                                    "Parallel Aware": true,
                                                    "Relation Name": "title",
                                                    "Schema": "public",
                                                    "Alias": "t",
                                                    "Startup Cost": 0.0,
                                                    "Total Cost": 43899.01,
                                                    "Plan Rows": 31492,
                                                    "Plan Width": 4,
                                                    "Actual Startup Time": 40.461,
                                                    "Actual Total Time": 70.501,
                                                    "Actual Rows": 20894,
                                                    "Actual Loops": 6,
                                                    "Output": [
                                                        "t.id"
                                                    ],
                                                    "Filter": "(t.production_year < 1934)",
                                                    "Rows Removed by Filter": 400491,
                                                    "Workers": [
                                                        {
                                                            "Worker Number": 0,
                                                            "Actual Startup Time": 42.053,
                                                            "Actual Total Time": 68.406,
                                                            "Actual Rows": 20611,
                                                            "Actual Loops": 1
                                                        },
                                                        {
                                                            "Worker Number": 1,
                                                            "Actual Startup Time": 43.295,
                                                            "Actual Total Time": 69.136,
                                                            "Actual Rows": 21432,
                                                            "Actual Loops": 1
                                                        },
                                                        {
                                                            "Worker Number": 2,
                                                            "Actual Startup Time": 28.465,
                                                            "Actual Total Time": 68.407,
                                                            "Actual Rows": 19030,
                                                            "Actual Loops": 1
                                                        },
                                                        {
                                                            "Worker Number": 3,
                                                            "Actual Startup Time": 46.948,
                                                            "Actual Total Time": 69.931,
                                                            "Actual Rows": 14260,
                                                            "Actual Loops": 1
                                                        },
                                                        {
                                                            "Worker Number": 4,
                                                            "Actual Startup Time": 43.782,
                                                            "Actual Total Time": 69.545,
                                                            "Actual Rows": 20547,
                                                            "Actual Loops": 1
                                                        }
                                                    ]
                                                }
                                            ]
                                        }
                                    ]
                                }
                            ]
                        }
                    ]
                }
            ]
        },
        "Planning Time": 180.93,
        "Triggers": [],
        "Execution Time": 719.858
    }
]