[
  {
    "Plan": {
      "Node Type": "Aggregate",
      "Strategy": "Plain",
      "Partial Mode": "Finalize",
      "Parallel Aware": false,
      "Startup Cost": 134100.15,
      "Total Cost": 134100.16,
      "Plan Rows": 1,
      "Plan Width": 8,
      "Actual Startup Time": 1091.103,
      "Actual Total Time": 1116.26,
      "Actual Rows": 1,
      "Actual Loops": 1,
      "Plans": [
        {
          "Node Type": "Gather",
          "Parent Relationship": "Outer",
          "Parallel Aware": false,
          "Startup Cost": 134099.83,
          "Total Cost": 134100.14,
          "Plan Rows": 3,
          "Plan Width": 8,
          "Actual Startup Time": 1078.058,
          "Actual Total Time": 1116.25,
          "Actual Rows": 4,
          "Actual Loops": 1,
          "Workers Planned": 3,
          "Workers Launched": 3,
          "Single Copy": false,
          "Plans": [
            {
              "Node Type": "Aggregate",
              "Strategy": "Plain",
              "Partial Mode": "Partial",
              "Parent Relationship": "Outer",
              "Parallel Aware": false,
              "Startup Cost": 133099.83,
              "Total Cost": 133099.84,
              "Plan Rows": 1,
              "Plan Width": 8,
              "Actual Startup Time": 1070.861,
              "Actual Total Time": 1071.401,
              "Actual Rows": 1,
              "Actual Loops": 4,
              "Plans": [
                {
                  "Node Type": "Hash Join",
                  "Parent Relationship": "Outer",
                  "Parallel Aware": true,
                  "Join Type": "Inner",
                  "Startup Cost": 85363.61,
                  "Total Cost": 132229.68,
                  "Plan Rows": 348061,
                  "Plan Width": 0,
                  "Actual Startup Time": 579.651,
                  "Actual Total Time": 950.3,
                  "Actual Rows": 2951348,
                  "Actual Loops": 4,
                  "Inner Unique": false,
                  "Hash Cond": "(mk.movie_id = t.id)",
                  "Plans": [
                    {
                      "Node Type": "Seq Scan",
                      "Parent Relationship": "Outer",
                      "Parallel Aware": true,
                      "Relation Name": "movie_keyword",
                      "Alias": "mk",
                      "Startup Cost": 0.0,
                      "Total Cost": 42695.65,
                      "Plan Rows": 812702,
                      "Plan Width": 4,
                      "Actual Startup Time": 0.036,
                      "Actual Total Time": 102.867,
                      "Actual Rows": 633303,
                      "Actual Loops": 4,
                      "Filter": "(keyword_id < 6306)",
                      "Rows Removed by Filter": 497680
                    },
                    {
                      "Node Type": "Hash",
                      "Parent Relationship": "Inner",
                      "Parallel Aware": true,
                      "Startup Cost": 80997.22,
                      "Total Cost": 80997.22,
                      "Plan Rows": 349311,
                      "Plan Width": 8,
                      "Actual Startup Time": 575.235,
                      "Actual Total Time": 575.773,
                      "Actual Rows": 238722,
                      "Actual Loops": 4,
                      "Hash Buckets": 2097152,
                      "Original Hash Buckets": 2097152,
                      "Hash Batches": 1,
                      "Original Hash Batches": 1,
                      "Peak Memory Usage": 53824,
                      "Plans": [
                        {
                          "Node Type": "Hash Join",
                          "Parent Relationship": "Outer",
                          "Parallel Aware": true,
                          "Join Type": "Inner",
                          "Startup Cost": 50606.32,
                          "Total Cost": 80997.22,
                          "Plan Rows": 349311,
                          "Plan Width": 8,
                          "Actual Startup Time": 336.241,
                          "Actual Total Time": 502.51,
                          "Actual Rows": 238722,
                          "Actual Loops": 4,
                          "Inner Unique": true,
                          "Hash Cond": "(mc.movie_id = t.id)",
                          "Plans": [
                            {
                              "Node Type": "Seq Scan",
                              "Parent Relationship": "Outer",
                              "Parallel Aware": true,
                              "Relation Name": "movie_companies",
                              "Alias": "mc",
                              "Startup Cost": 0.0,
                              "Total Cost": 29310.68,
                              "Plan Rows": 411513,
                              "Plan Width": 4,
                              "Actual Startup Time": 0.01,
                              "Actual Total Time": 66.302,
                              "Actual Rows": 318562,
                              "Actual Loops": 4,
                              "Filter": "(company_type_id < 2)",
                              "Rows Removed by Filter": 333721
                            },
                            {
                              "Node Type": "Hash",
                              "Parent Relationship": "Inner",
                              "Parallel Aware": true,
                              "Startup Cost": 43899.32,
                              "Total Cost": 43899.32,
                              "Plan Rows": 536560,
                              "Plan Width": 4,
                              "Actual Startup Time": 329.781,
                              "Actual Total Time": 329.783,
                              "Actual Rows": 533243,
                              "Actual Loops": 4,
                              "Hash Buckets": 4194304,
                              "Original Hash Buckets": 4194304,
                              "Hash Batches": 1,
                              "Original Hash Batches": 1,
                              "Peak Memory Usage": 116256,
                              "Plans": [
                                {
                                  "Node Type": "Seq Scan",
                                  "Parent Relationship": "Outer",
                                  "Parallel Aware": true,
                                  "Relation Name": "title",
                                  "Alias": "t",
                                  "Startup Cost": 0.0,
                                  "Total Cost": 43899.32,
                                  "Plan Rows": 536560,
                                  "Plan Width": 4,
                                  "Actual Startup Time": 0.056,
                                  "Actual Total Time": 112.157,
                                  "Actual Rows": 533243,
                                  "Actual Loops": 4,
                                  "Filter": "(production_year > 1966)",
                                  "Rows Removed by Filter": 98835
                                }
                              ]
                            }
                          ]
                        }
                      ]
                    }
                  ]
                }
              ]
            }
          ]
        }
      ]
    },
    "Planning Time": 0.43,
    "Triggers": [],
    "Execution Time": 1116.298
  }
]