[
    {
        "Bao": {
            "Bao prediction": 168.195,
            "Bao recommended hint": "(no hint)"
        }
    },
    {
        "Plan": {
            "Node Type": "Aggregate",
            "Strategy": "Plain",
            "Partial Mode": "Simple",
            "Parallel Aware": false,
            "Startup Cost": 19236.46,
            "Total Cost": 19236.47,
            "Plan Rows": 1,
            "Plan Width": 64,
            "Actual Startup Time": 96.705,
            "Actual Total Time": 104.758,
            "Actual Rows": 1,
            "Actual Loops": 1,
            "Output": [
                "min(mi.info)",
                "min(t.title)"
            ],
            "Plans": [
                {
                    "Node Type": "Gather",
                    "Parent Relationship": "Outer",
                    "Parallel Aware": false,
                    "Startup Cost": 1004.41,
                    "Total Cost": 19236.45,
                    "Plan Rows": 1,
                    "Plan Width": 60,
                    "Actual Startup Time": 96.699,
                    "Actual Total Time": 104.751,
                    "Actual Rows": 0,
                    "Actual Loops": 1,
                    "Output": [
                        "mi.info",
                        "t.title"
                    ],
                    "Workers Planned": 2,
                    "Workers Launched": 2,
                    "Single Copy": false,
                    "Plans": [
                        {
                            "Node Type": "Nested Loop",
                            "Parent Relationship": "Outer",
                            "Parallel Aware": false,
                            "Join Type": "Inner",
                            "Startup Cost": 4.41,
                            "Total Cost": 18236.35,
                            "Plan Rows": 1,
                            "Plan Width": 60,
                            "Actual Startup Time": 86.492,
                            "Actual Total Time": 86.498,
                            "Actual Rows": 0,
                            "Actual Loops": 3,
                            "Output": [
                                "mi.info",
                                "t.title"
                            ],
                            "Inner Unique": true,
                            "Workers": [
                                {
                                    "Worker Number": 0,
                                    "Actual Startup Time": 81.95,
                                    "Actual Total Time": 81.959,
                                    "Actual Rows": 0,
                                    "Actual Loops": 1
                                },
                                {
                                    "Worker Number": 1,
                                    "Actual Startup Time": 82.516,
                                    "Actual Total Time": 82.52,
                                    "Actual Rows": 0,
                                    "Actual Loops": 1
                                }
                            ],
                            "Plans": [
                                {
                                    "Node Type": "Nested Loop",
                                    "Parent Relationship": "Outer",
                                    "Parallel Aware": false,
                                    "Join Type": "Inner",
                                    "Startup Cost": 4.27,
                                    "Total Cost": 18236.17,
                                    "Plan Rows": 1,
                                    "Plan Width": 64,
                                    "Actual Startup Time": 86.491,
                                    "Actual Total Time": 86.496,
                                    "Actual Rows": 0,
                                    "Actual Loops": 3,
                                    "Output": [
                                        "mi.info",
                                        "mi.info_type_id",
                                        "t.title"
                                    ],
                                    "Inner Unique": false,
                                    "Join Filter": "(t.id = mi.movie_id)",
                                    "Rows Removed by Join Filter": 0,
                                    "Workers": [
                                        {
                                            "Worker Number": 0,
                                            "Actual Startup Time": 81.949,
                                            "Actual Total Time": 81.955,
                                            "Actual Rows": 0,
                                            "Actual Loops": 1
                                        },
                                        {
                                            "Worker Number": 1,
                                            "Actual Startup Time": 82.515,
                                            "Actual Total Time": 82.518,
                                            "Actual Rows": 0,
                                            "Actual Loops": 1
                                        }
                                    ],
                                    "Plans": [
                                        {
                                            "Node Type": "Nested Loop",
                                            "Parent Relationship": "Outer",
                                            "Parallel Aware": false,
                                            "Join Type": "Inner",
                                            "Startup Cost": 3.84,
                                            "Total Cost": 18234.17,
                                            "Plan Rows": 1,
                                            "Plan Width": 29,
                                            "Actual Startup Time": 86.49,
                                            "Actual Total Time": 86.494,
                                            "Actual Rows": 0,
                                            "Actual Loops": 3,
                                            "Output": [
                                                "mc.movie_id",
                                                "mi_idx.movie_id",
                                                "t.title",
                                                "t.id"
                                            ],
                                            "Inner Unique": true,
                                            "Workers": [
                                                {
                                                    "Worker Number": 0,
                                                    "Actual Startup Time": 81.948,
                                                    "Actual Total Time": 81.954,
                                                    "Actual Rows": 0,
                                                    "Actual Loops": 1
                                                },
                                                {
                                                    "Worker Number": 1,
                                                    "Actual Startup Time": 82.515,
                                                    "Actual Total Time": 82.517,
                                                    "Actual Rows": 0,
                                                    "Actual Loops": 1
                                                }
                                            ],
                                            "Plans": [
                                                {
                                                    "Node Type": "Nested Loop",
                                                    "Parent Relationship": "Outer",
                                                    "Parallel Aware": false,
                                                    "Join Type": "Inner",
                                                    "Startup Cost": 3.71,
                                                    "Total Cost": 18234.01,
                                                    "Plan Rows": 1,
                                                    "Plan Width": 33,
                                                    "Actual Startup Time": 86.489,
                                                    "Actual Total Time": 86.493,
                                                    "Actual Rows": 0,
                                                    "Actual Loops": 3,
                                                    "Output": [
                                                        "mc.movie_id",
                                                        "mc.company_type_id",
                                                        "mi_idx.movie_id",
                                                        "t.title",
                                                        "t.id"
                                                    ],
                                                    "Inner Unique": true,
                                                    "Workers": [
                                                        {
                                                            "Worker Number": 0,
                                                            "Actual Startup Time": 81.948,
                                                            "Actual Total Time": 81.952,
                                                            "Actual Rows": 0,
                                                            "Actual Loops": 1
                                                        },
                                                        {
                                                            "Worker Number": 1,
                                                            "Actual Startup Time": 82.514,
                                                            "Actual Total Time": 82.517,
                                                            "Actual Rows": 0,
                                                            "Actual Loops": 1
                                                        }
                                                    ],
                                                    "Plans": [
                                                        {
                                                            "Node Type": "Nested Loop",
                                                            "Parent Relationship": "Outer",
                                                            "Parallel Aware": false,
                                                            "Join Type": "Inner",
                                                            "Startup Cost": 3.29,
                                                            "Total Cost": 18233.56,
                                                            "Plan Rows": 1,
                                                            "Plan Width": 37,
                                                            "Actual Startup Time": 86.488,
                                                            "Actual Total Time": 86.492,
                                                            "Actual Rows": 0,
                                                            "Actual Loops": 3,
                                                            "Output": [
                                                                "mi_idx.movie_id",
                                                                "mc.movie_id",
                                                                "mc.company_type_id",
                                                                "mc.company_id",
                                                                "t.title",
                                                                "t.id"
                                                            ],
                                                            "Inner Unique": false,
                                                            "Join Filter": "(t.id = mc.movie_id)",
                                                            "Rows Removed by Join Filter": 0,
                                                            "Workers": [
                                                                {
                                                                    "Worker Number": 0,
                                                                    "Actual Startup Time": 81.947,
                                                                    "Actual Total Time": 81.951,
                                                                    "Actual Rows": 0,
                                                                    "Actual Loops": 1
                                                                },
                                                                {
                                                                    "Worker Number": 1,
                                                                    "Actual Startup Time": 82.514,
                                                                    "Actual Total Time": 82.516,
                                                                    "Actual Rows": 0,
                                                                    "Actual Loops": 1
                                                                }
                                                            ],
                                                            "Plans": [
                                                                {
                                                                    "Node Type": "Nested Loop",
                                                                    "Parent Relationship": "Outer",
                                                                    "Parallel Aware": false,
                                                                    "Join Type": "Inner",
                                                                    "Startup Cost": 2.86,
                                                                    "Total Cost": 18232.9,
                                                                    "Plan Rows": 1,
                                                                    "Plan Width": 25,
                                                                    "Actual Startup Time": 86.488,
                                                                    "Actual Total Time": 86.491,
                                                                    "Actual Rows": 0,
                                                                    "Actual Loops": 3,
                                                                    "Output": [
                                                                        "mi_idx.movie_id",
                                                                        "t.title",
                                                                        "t.id"
                                                                    ],
                                                                    "Inner Unique": true,
                                                                    "Workers": [
                                                                        {
                                                                            "Worker Number": 0,
                                                                            "Actual Startup Time": 81.946,
                                                                            "Actual Total Time": 81.95,
                                                                            "Actual Rows": 0,
                                                                            "Actual Loops": 1
                                                                        },
                                                                        {
                                                                            "Worker Number": 1,
                                                                            "Actual Startup Time": 82.513,
                                                                            "Actual Total Time": 82.515,
                                                                            "Actual Rows": 0,
                                                                            "Actual Loops": 1
                                                                        }
                                                                    ],
                                                                    "Plans": [
                                                                        {
                                                                            "Node Type": "Hash Join",
                                                                            "Parent Relationship": "Outer",
                                                                            "Parallel Aware": false,
                                                                            "Join Type": "Inner",
                                                                            "Startup Cost": 2.43,
                                                                            "Total Cost": 15253.6,
                                                                            "Plan Rows": 5089,
                                                                            "Plan Width": 4,
                                                                            "Actual Startup Time": 86.37,
                                                                            "Actual Total Time": 86.375,
                                                                            "Actual Rows": 3,
                                                                            "Actual Loops": 3,
                                                                            "Output": [
                                                                                "mi_idx.movie_id"
                                                                            ],
                                                                            "Inner Unique": true,
                                                                            "Hash Cond": "(mi_idx.info_type_id = it2.id)",
                                                                            "Workers": [
                                                                                {
                                                                                    "Worker Number": 0,
                                                                                    "Actual Startup Time": 81.945,
                                                                                    "Actual Total Time": 81.948,
                                                                                    "Actual Rows": 0,
                                                                                    "Actual Loops": 1
                                                                                },
                                                                                {
                                                                                    "Worker Number": 1,
                                                                                    "Actual Startup Time": 82.512,
                                                                                    "Actual Total Time": 82.514,
                                                                                    "Actual Rows": 0,
                                                                                    "Actual Loops": 1
                                                                                }
                                                                            ],
                                                                            "Plans": [
                                                                                {
                                                                                    "Node Type": "Seq Scan",
                                                                                    "Parent Relationship": "Outer",
                                                                                    "Parallel Aware": true,
                                                                                    "Relation Name": "movie_info_idx",
                                                                                    "Schema": "public",
                                                                                    "Alias": "mi_idx",
                                                                                    "Startup Cost": 0.0,
                                                                                    "Total Cost": 13685.15,
                                                                                    "Plan Rows": 575015,
                                                                                    "Plan Width": 8,
                                                                                    "Actual Startup Time": 0.053,
                                                                                    "Actual Total Time": 49.813,
                                                                                    "Actual Rows": 460012,
                                                                                    "Actual Loops": 3,
                                                                                    "Output": [
                                                                                        "mi_idx.id",
                                                                                        "mi_idx.movie_id",
                                                                                        "mi_idx.info_type_id",
                                                                                        "mi_idx.info",
                                                                                        "mi_idx.note"
                                                                                    ],
                                                                                    "Workers": [
                                                                                        {
                                                                                            "Worker Number": 0,
                                                                                            "Actual Startup Time": 0.068,
                                                                                            "Actual Total Time": 47.416,
                                                                                            "Actual Rows": 433590,
                                                                                            "Actual Loops": 1
                                                                                        },
                                                                                        {
                                                                                            "Worker Number": 1,
                                                                                            "Actual Startup Time": 0.071,
                                                                                            "Actual Total Time": 48.499,
                                                                                            "Actual Rows": 427685,
                                                                                            "Actual Loops": 1
                                                                                        }
                                                                                    ]
                                                                                },
                                                                                {
                                                                                    "Node Type": "Hash",
                                                                                    "Parent Relationship": "Inner",
                                                                                    "Parallel Aware": false,
                                                                                    "Startup Cost": 2.41,
                                                                                    "Total Cost": 2.41,
                                                                                    "Plan Rows": 1,
                                                                                    "Plan Width": 4,
                                                                                    "Actual Startup Time": 0.096,
                                                                                    "Actual Total Time": 0.097,
                                                                                    "Actual Rows": 1,
                                                                                    "Actual Loops": 3,
                                                                                    "Output": [
                                                                                        "it2.id"
                                                                                    ],
                                                                                    "Hash Buckets": 1024,
                                                                                    "Original Hash Buckets": 1024,
                                                                                    "Hash Batches": 1,
                                                                                    "Original Hash Batches": 1,
                                                                                    "Peak Memory Usage": 9,
                                                                                    "Workers": [
                                                                                        {
                                                                                            "Worker Number": 0,
                                                                                            "Actual Startup Time": 0.11,
                                                                                            "Actual Total Time": 0.111,
                                                                                            "Actual Rows": 1,
                                                                                            "Actual Loops": 1
                                                                                        },
                                                                                        {
                                                                                            "Worker Number": 1,
                                                                                            "Actual Startup Time": 0.113,
                                                                                            "Actual Total Time": 0.114,
                                                                                            "Actual Rows": 1,
                                                                                            "Actual Loops": 1
                                                                                        }
                                                                                    ],
                                                                                    "Plans": [
                                                                                        {
                                                                                            "Node Type": "Seq Scan",
                                                                                            "Parent Relationship": "Outer",
                                                                                            "Parallel Aware": false,
                                                                                            "Relation Name": "info_type",
                                                                                            "Schema": "public",
                                                                                            "Alias": "it2",
                                                                                            "Startup Cost": 0.0,
                                                                                            "Total Cost": 2.41,
                                                                                            "Plan Rows": 1,
                                                                                            "Plan Width": 4,
                                                                                            "Actual Startup Time": 0.073,
                                                                                            "Actual Total Time": 0.076,
                                                                                            "Actual Rows": 1,
                                                                                            "Actual Loops": 3,
                                                                                            "Output": [
                                                                                                "it2.id"
                                                                                            ],
                                                                                            "Filter": "((it2.info)::text = 'bottom 10 rank'::text)",
                                                                                            "Rows Removed by Filter": 112,
                                                                                            "Workers": [
                                                                                                {
                                                                                                    "Worker Number": 0,
                                                                                                    "Actual Startup Time": 0.086,
                                                                                                    "Actual Total Time": 0.088,
                                                                                                    "Actual Rows": 1,
                                                                                                    "Actual Loops": 1
                                                                                                },
                                                                                                {
                                                                                                    "Worker Number": 1,
                                                                                                    "Actual Startup Time": 0.088,
                                                                                                    "Actual Total Time": 0.09,
                                                                                                    "Actual Rows": 1,
                                                                                                    "Actual Loops": 1
                                                                                                }
                                                                                            ]
                                                                                        }
                                                                                    ]
                                                                                }
                                                                            ]
                                                                        },
                                                                        {
                                                                            "Node Type": "Index Scan",
                                                                            "Parent Relationship": "Inner",
                                                                            "Parallel Aware": false,
                                                                            "Scan Direction": "Forward",
                                                                            "Index Name": "title_pkey",
                                                                            "Relation Name": "title",
                                                                            "Schema": "public",
                                                                            "Alias": "t",
                                                                            "Startup Cost": 0.43,
                                                                            "Total Cost": 0.59,
                                                                            "Plan Rows": 1,
                                                                            "Plan Width": 21,
                                                                            "Actual Startup Time": 0.033,
                                                                            "Actual Total Time": 0.033,
                                                                            "Actual Rows": 0,
                                                                            "Actual Loops": 10,
                                                                            "Output": [
                                                                                "t.id",
                                                                                "t.title",
                                                                                "t.imdb_index",
                                                                                "t.kind_id",
                                                                                "t.production_year",
                                                                                "t.imdb_id",
                                                                                "t.phonetic_code",
                                                                                "t.episode_of_id",
                                                                                "t.season_nr",
                                                                                "t.episode_nr",
                                                                                "t.series_years",
                                                                                "t.md5sum"
                                                                            ],
                                                                            "Index Cond": "(t.id = mi_idx.movie_id)",
                                                                            "Rows Removed by Index Recheck": 0,
                                                                            "Filter": "((t.production_year > 2012) AND ((t.title ~~ 'Birdemic%'::text) OR (t.title ~~ '%Movie%'::text)))",
                                                                            "Rows Removed by Filter": 1
                                                                        }
                                                                    ]
                                                                },
                                                                {
                                                                    "Node Type": "Index Scan",
                                                                    "Parent Relationship": "Inner",
                                                                    "Parallel Aware": false,
                                                                    "Scan Direction": "Forward",
                                                                    "Index Name": "movie_id_movie_companies",
                                                                    "Relation Name": "movie_companies",
                                                                    "Schema": "public",
                                                                    "Alias": "mc",
                                                                    "Startup Cost": 0.43,
                                                                    "Total Cost": 0.6,
                                                                    "Plan Rows": 5,
                                                                    "Plan Width": 12,
                                                                    "Actual Startup Time": 0.0,
                                                                    "Actual Total Time": 0.0,
                                                                    "Actual Rows": 0,
                                                                    "Actual Loops": 0,
                                                                    "Output": [
                                                                        "mc.id",
                                                                        "mc.movie_id",
                                                                        "mc.company_id",
                                                                        "mc.company_type_id",
                                                                        "mc.note"
                                                                    ],
                                                                    "Index Cond": "(mc.movie_id = mi_idx.movie_id)",
                                                                    "Rows Removed by Index Recheck": 0
                                                                }
                                                            ]
                                                        },
                                                        {
                                                            "Node Type": "Index Scan",
                                                            "Parent Relationship": "Inner",
                                                            "Parallel Aware": false,
                                                            "Scan Direction": "Forward",
                                                            "Index Name": "company_name_pkey",
                                                            "Relation Name": "company_name",
                                                            "Schema": "public",
                                                            "Alias": "cn",
                                                            "Startup Cost": 0.42,
                                                            "Total Cost": 0.45,
                                                            "Plan Rows": 1,
                                                            "Plan Width": 4,
                                                            "Actual Startup Time": 0.0,
                                                            "Actual Total Time": 0.0,
                                                            "Actual Rows": 0,
                                                            "Actual Loops": 0,
                                                            "Output": [
                                                                "cn.id",
                                                                "cn.name",
                                                                "cn.country_code",
                                                                "cn.imdb_id",
                                                                "cn.name_pcode_nf",
                                                                "cn.name_pcode_sf",
                                                                "cn.md5sum"
                                                            ],
                                                            "Index Cond": "(cn.id = mc.company_id)",
                                                            "Rows Removed by Index Recheck": 0,
                                                            "Filter": "((cn.country_code)::text = '[us]'::text)",
                                                            "Rows Removed by Filter": 0
                                                        }
                                                    ]
                                                },
                                                {
                                                    "Node Type": "Index Scan",
                                                    "Parent Relationship": "Inner",
                                                    "Parallel Aware": false,
                                                    "Scan Direction": "Forward",
                                                    "Index Name": "company_type_pkey",
                                                    "Relation Name": "company_type",
                                                    "Schema": "public",
                                                    "Alias": "ct",
                                                    "Startup Cost": 0.13,
                                                    "Total Cost": 0.15,
                                                    "Plan Rows": 1,
                                                    "Plan Width": 4,
                                                    "Actual Startup Time": 0.0,
                                                    "Actual Total Time": 0.0,
                                                    "Actual Rows": 0,
                                                    "Actual Loops": 0,
                                                    "Output": [
                                                        "ct.id",
                                                        "ct.kind"
                                                    ],
                                                    "Index Cond": "(ct.id = mc.company_type_id)",
                                                    "Rows Removed by Index Recheck": 0,
                                                    "Filter": "((ct.kind IS NOT NULL) AND (((ct.kind)::text = 'production companies'::text) OR ((ct.kind)::text = 'distributors'::text)))",
                                                    "Rows Removed by Filter": 0
                                                }
                                            ]
                                        },
                                        {
                                            "Node Type": "Index Scan",
                                            "Parent Relationship": "Inner",
                                            "Parallel Aware": false,
                                            "Scan Direction": "Forward",
                                            "Index Name": "movie_id_movie_info",
                                            "Relation Name": "movie_info",
                                            "Schema": "public",
                                            "Alias": "mi",
                                            "Startup Cost": 0.43,
                                            "Total Cost": 1.48,
                                            "Plan Rows": 41,
                                            "Plan Width": 51,
                                            "Actual Startup Time": 0.0,
                                            "Actual Total Time": 0.0,
                                            "Actual Rows": 0,
                                            "Actual Loops": 0,
                                            "Output": [
                                                "mi.id",
                                                "mi.movie_id",
                                                "mi.info_type_id",
                                                "mi.info",
                                                "mi.note"
                                            ],
                                            "Index Cond": "(mi.movie_id = mc.movie_id)",
                                            "Rows Removed by Index Recheck": 0
                                        }
                                    ]
                                },
                                {
                                    "Node Type": "Index Scan",
                                    "Parent Relationship": "Inner",
                                    "Parallel Aware": false,
                                    "Scan Direction": "Forward",
                                    "Index Name": "info_type_pkey",
                                    "Relation Name": "info_type",
                                    "Schema": "public",
                                    "Alias": "it1",
                                    "Startup Cost": 0.14,
                                    "Total Cost": 0.16,
                                    "Plan Rows": 1,
                                    "Plan Width": 4,
                                    "Actual Startup Time": 0.0,
                                    "Actual Total Time": 0.0,
                                    "Actual Rows": 0,
                                    "Actual Loops": 0,
                                    "Output": [
                                        "it1.id",
                                        "it1.info"
                                    ],
                                    "Index Cond": "(it1.id = mi.info_type_id)",
                                    "Rows Removed by Index Recheck": 0,
                                    "Filter": "((it1.info)::text = 'budget'::text)",
                                    "Rows Removed by Filter": 0
                                }
                            ]
                        }
                    ]
                }
            ]
        },
        "Planning Time": 657.777,
        "Triggers": [],
        "Execution Time": 105.585
    }
]