[
  {
    "Plan": {
      "Node Type": "Aggregate",
      "Strategy": "Plain",
      "Partial Mode": "Finalize",
      "Parallel Aware": false,
      "Startup Cost": 340779.84,
      "Total Cost": 340779.85,
      "Plan Rows": 1,
      "Plan Width": 8,
      "Actual Startup Time": 928.213,
      "Actual Total Time": 972.46,
      "Actual Rows": 1,
      "Actual Loops": 1,
      "Plans": [
        {
          "Node Type": "Gather",
          "Parent Relationship": "Outer",
          "Parallel Aware": false,
          "Startup Cost": 340779.21,
          "Total Cost": 340779.82,
          "Plan Rows": 6,
          "Plan Width": 8,
          "Actual Startup Time": 927.878,
          "Actual Total Time": 972.446,
          "Actual Rows": 7,
          "Actual Loops": 1,
          "Workers Planned": 6,
          "Workers Launched": 6,
          "Single Copy": false,
          "Plans": [
            {
              "Node Type": "Aggregate",
              "Strategy": "Plain",
              "Partial Mode": "Partial",
              "Parent Relationship": "Outer",
              "Parallel Aware": false,
              "Startup Cost": 339779.21,
              "Total Cost": 339779.22,
              "Plan Rows": 1,
              "Plan Width": 8,
              "Actual Startup Time": 917.416,
              "Actual Total Time": 917.419,
              "Actual Rows": 1,
              "Actual Loops": 7,
              "Plans": [
                {
                  "Node Type": "Seq Scan",
                  "Parent Relationship": "Outer",
                  "Parallel Aware": true,
                  "Relation Name": "cast_info",
                  "Alias": "ci",
                  "Startup Cost": 0.0,
                  "Total Cost": 328211.39,
                  "Plan Rows": 4627128,
                  "Plan Width": 0,
                  "Actual Startup Time": 0.069,
                  "Actual Total Time": 725.135,
                  "Actual Rows": 3965433,
                  "Actual Loops": 7,
                  "Filter": "(role_id < 6)",
                  "Rows Removed by Filter": 1212331
                }
              ]
            }
          ]
        }
      ]
    },
    "Planning Time": 0.236,
    "Triggers": [],
    "Execution Time": 972.529
  }
]