[
  {
    "Plan": {
      "Node Type": "Aggregate",
      "Strategy": "Plain",
      "Partial Mode": "Finalize",
      "Parallel Aware": false,
      "Startup Cost": 89549.59,
      "Total Cost": 89549.6,
      "Plan Rows": 1,
      "Plan Width": 8,
      "Actual Startup Time": 229.356,
      "Actual Total Time": 245.37,
      "Actual Rows": 1,
      "Actual Loops": 1,
      "Plans": [
        {
          "Node Type": "Gather",
          "Parent Relationship": "Outer",
          "Parallel Aware": false,
          "Startup Cost": 89549.27,
          "Total Cost": 89549.58,
          "Plan Rows": 3,
          "Plan Width": 8,
          "Actual Startup Time": 227.427,
          "Actual Total Time": 245.36,
          "Actual Rows": 4,
          "Actual Loops": 1,
          "Workers Planned": 3,
          "Workers Launched": 3,
          "Single Copy": false,
          "Plans": [
            {
              "Node Type": "Aggregate",
              "Strategy": "Plain",
              "Partial Mode": "Partial",
              "Parent Relationship": "Outer",
              "Parallel Aware": false,
              "Startup Cost": 88549.27,
              "Total Cost": 88549.28,
              "Plan Rows": 1,
              "Plan Width": 8,
              "Actual Startup Time": 218.145,
              "Actual Total Time": 218.149,
              "Actual Rows": 1,
              "Actual Loops": 4,
              "Plans": [
                {
                  "Node Type": "Nested Loop",
                  "Parent Relationship": "Outer",
                  "Parallel Aware": false,
                  "Join Type": "Inner",
                  "Startup Cost": 49142.44,
                  "Total Cost": 88541.37,
                  "Plan Rows": 3159,
                  "Plan Width": 0,
                  "Actual Startup Time": 176.925,
                  "Actual Total Time": 218.074,
                  "Actual Rows": 745,
                  "Actual Loops": 4,
                  "Inner Unique": false,
                  "Plans": [
                    {
                      "Node Type": "Hash Join",
                      "Parent Relationship": "Outer",
                      "Parallel Aware": true,
                      "Join Type": "Inner",
                      "Startup Cost": 49142.0,
                      "Total Cost": 73898.37,
                      "Plan Rows": 5936,
                      "Plan Width": 8,
                      "Actual Startup Time": 176.704,
                      "Actual Total Time": 196.737,
                      "Actual Rows": 766,
                      "Actual Loops": 4,
                      "Inner Unique": true,
                      "Hash Cond": "(mk.movie_id = t.id)",
                      "Plans": [
                        {
                          "Node Type": "Bitmap Heap Scan",
                          "Parent Relationship": "Outer",
                          "Parallel Aware": true,
                          "Relation Name": "movie_keyword",
                          "Alias": "mk",
                          "Startup Cost": 1316.72,
                          "Total Cost": 26020.6,
                          "Plan Rows": 19991,
                          "Plan Width": 4,
                          "Actual Startup Time": 8.947,
                          "Actual Total Time": 23.643,
                          "Actual Rows": 15228,
                          "Actual Loops": 4,
                          "Recheck Cond": "(keyword_id > 94844)",
                          "Rows Removed by Index Recheck": 0,
                          "Exact Heap Blocks": 5241,
                          "Lossy Heap Blocks": 0,
                          "Plans": [
                            {
                              "Node Type": "Bitmap Index Scan",
                              "Parent Relationship": "Outer",
                              "Parallel Aware": false,
                              "Index Name": "keyword_id_movie_keyword",
                              "Startup Cost": 0.0,
                              "Total Cost": 1301.22,
                              "Plan Rows": 61972,
                              "Plan Width": 0,
                              "Actual Startup Time": 6.953,
                              "Actual Total Time": 6.954,
                              "Actual Rows": 60912,
                              "Actual Loops": 1,
                              "Index Cond": "(keyword_id > 94844)"
                            }
                          ]
                        },
                        {
                          "Node Type": "Hash",
                          "Parent Relationship": "Inner",
                          "Parallel Aware": true,
                          "Startup Cost": 45479.1,
                          "Total Cost": 45479.1,
                          "Plan Rows": 187695,
                          "Plan Width": 4,
                          "Actual Startup Time": 162.465,
                          "Actual Total Time": 162.466,
                          "Actual Rows": 161889,
                          "Actual Loops": 4,
                          "Hash Buckets": 1048576,
                          "Original Hash Buckets": 1048576,
                          "Hash Batches": 1,
                          "Original Hash Batches": 1,
                          "Peak Memory Usage": 33600,
                          "Plans": [
                            {
                              "Node Type": "Seq Scan",
                              "Parent Relationship": "Outer",
                              "Parallel Aware": true,
                              "Relation Name": "title",
                              "Alias": "t",
                              "Startup Cost": 0.0,
                              "Total Cost": 45479.1,
                              "Plan Rows": 187695,
                              "Plan Width": 4,
                              "Actual Startup Time": 0.041,
                              "Actual Total Time": 104.386,
                              "Actual Rows": 161889,
                              "Actual Loops": 4,
                              "Filter": "((kind_id > 1) AND (production_year < 2000))",
                              "Rows Removed by Filter": 470189
                            }
                          ]
                        }
                      ]
                    },
                    {
                      "Node Type": "Index Scan",
                      "Parent Relationship": "Inner",
                      "Parallel Aware": false,
                      "Scan Direction": "Forward",
                      "Index Name": "movie_id_movie_info",
                      "Relation Name": "movie_info",
                      "Alias": "mi",
                      "Startup Cost": 0.43,
                      "Total Cost": 2.43,
                      "Plan Rows": 4,
                      "Plan Width": 4,
                      "Actual Startup Time": 0.02,
                      "Actual Total Time": 0.027,
                      "Actual Rows": 1,
                      "Actual Loops": 3064,
                      "Index Cond": "(movie_id = t.id)",
                      "Rows Removed by Index Recheck": 0,
                      "Filter": "(info_type_id = 7)",
                      "Rows Removed by Filter": 16
                    }
                  ]
                }
              ]
            }
          ]
        }
      ]
    },
    "Planning Time": 1.444,
    "Triggers": [],
    "Execution Time": 245.477
  }
]