{
  "Plan": {
    "Node Type": "Aggregate",
    "Strategy": "Plain",
    "Partial Mode": "Finalize",
    "Parallel Aware": false,
    "Startup Cost": 111535.17,
    "Total Cost": 111535.18,
    "Plan Rows": 1,
    "Plan Width": 8,
    "Actual Startup Time": 371.154,
    "Actual Total Time": 393.785,
    "Actual Rows": 1,
    "Actual Loops": 1,
    "Plans": [
      {
        "Node Type": "Gather",
        "Parent Relationship": "Outer",
        "Parallel Aware": false,
        "Startup Cost": 111535.06,
        "Total Cost": 111535.17,
        "Plan Rows": 1,
        "Plan Width": 8,
        "Actual Startup Time": 370.782,
        "Actual Total Time": 393.776,
        "Actual Rows": 2,
        "Actual Loops": 1,
        "Workers Planned": 1,
        "Workers Launched": 1,
        "Single Copy": false,
        "Plans": [
          {
            "Node Type": "Aggregate",
            "Strategy": "Plain",
            "Partial Mode": "Partial",
            "Parent Relationship": "Outer",
            "Parallel Aware": false,
            "Startup Cost": 110535.06,
            "Total Cost": 110535.07,
            "Plan Rows": 1,
            "Plan Width": 8,
            "Actual Startup Time": 364.593,
            "Actual Total Time": 364.597,
            "Actual Rows": 1,
            "Actual Loops": 2,
            "Plans": [
              {
                "Node Type": "Nested Loop",
                "Parent Relationship": "Outer",
                "Parallel Aware": false,
                "Join Type": "Inner",
                "Startup Cost": 58708.34,
                "Total Cost": 110456.65,
                "Plan Rows": 31366,
                "Plan Width": 0,
                "Actual Startup Time": 163.761,
                "Actual Total Time": 359.739,
                "Actual Rows": 105959,
                "Actual Loops": 2,
                "Inner Unique": false,
                "Join Filter": "(t.id = mk.movie_id)",
                "Rows Removed by Join Filter": 0,
                "Plans": [
                  {
                    "Node Type": "Hash Join",
                    "Parent Relationship": "Outer",
                    "Parallel Aware": true,
                    "Join Type": "Inner",
                    "Startup Cost": 58707.91,
                    "Total Cost": 76891.69,
                    "Plan Rows": 17529,
                    "Plan Width": 8,
                    "Actual Startup Time": 163.703,
                    "Actual Total Time": 283.573,
                    "Actual Rows": 17748,
                    "Actual Loops": 2,
                    "Inner Unique": true,
                    "Hash Cond": "(mi_idx.movie_id = t.id)",
                    "Plans": [
                      {
                        "Node Type": "Seq Scan",
                        "Parent Relationship": "Outer",
                        "Parallel Aware": true,
                        "Relation Name": "movie_info_idx",
                        "Alias": "mi_idx",
                        "Startup Cost": 0.0,
                        "Total Cost": 16052.85,
                        "Plan Rows": 811785,
                        "Plan Width": 4,
                        "Actual Startup Time": 0.018,
                        "Actual Total Time": 53.934,
                        "Actual Rows": 690018,
                        "Actual Loops": 2
                      },
                      {
                        "Node Type": "Hash",
                        "Parent Relationship": "Inner",
                        "Parallel Aware": true,
                        "Startup Cost": 58306.47,
                        "Total Cost": 58306.47,
                        "Plan Rows": 32115,
                        "Plan Width": 4,
                        "Actual Startup Time": 162.182,
                        "Actual Total Time": 162.182,
                        "Actual Rows": 23172,
                        "Actual Loops": 2,
                        "Hash Buckets": 65536,
                        "Original Hash Buckets": 65536,
                        "Hash Batches": 1,
                        "Original Hash Batches": 1,
                        "Peak Memory Usage": 2368,
                        "Plans": [
                          {
                            "Node Type": "Seq Scan",
                            "Parent Relationship": "Outer",
                            "Parallel Aware": true,
                            "Relation Name": "title",
                            "Alias": "t",
                            "Startup Cost": 0.0,
                            "Total Cost": 58306.47,
                            "Plan Rows": 32115,
                            "Plan Width": 4,
                            "Actual Startup Time": 0.114,
                            "Actual Total Time": 154.26,
                            "Actual Rows": 23172,
                            "Actual Loops": 2,
                            "Filter": "((kind_id < 4) AND (production_year = 2011))",
                            "Rows Removed by Filter": 1240984
                          }
                        ]
                      }
                    ]
                  },
                  {
                    "Node Type": "Index Only Scan",
                    "Parent Relationship": "Inner",
                    "Parallel Aware": false,
                    "Scan Direction": "Forward",
                    "Index Name": "movie_id_movie_keyword",
                    "Relation Name": "movie_keyword",
                    "Alias": "mk",
                    "Startup Cost": 0.43,
                    "Total Cost": 1.35,
                    "Plan Rows": 45,
                    "Plan Width": 4,
                    "Actual Startup Time": 0.003,
                    "Actual Total Time": 0.004,
                    "Actual Rows": 6,
                    "Actual Loops": 35496,
                    "Index Cond": "(movie_id = mi_idx.movie_id)",
                    "Rows Removed by Index Recheck": 0,
                    "Heap Fetches": 211918
                  }
                ]
              }
            ]
          }
        ]
      }
    ]
  },
  "Planning Time": 0.931,
  "Triggers": [],
  "Execution Time": 393.891
}