[
  {
    "Plan": {
      "Node Type": "Aggregate",
      "Strategy": "Plain",
      "Partial Mode": "Finalize",
      "Parallel Aware": false,
      "Startup Cost": 91814.54,
      "Total Cost": 91814.55,
      "Plan Rows": 1,
      "Plan Width": 8,
      "Actual Startup Time": 316.893,
      "Actual Total Time": 334.798,
      "Actual Rows": 1,
      "Actual Loops": 1,
      "Plans": [
        {
          "Node Type": "Gather",
          "Parent Relationship": "Outer",
          "Parallel Aware": false,
          "Startup Cost": 91814.22,
          "Total Cost": 91814.53,
          "Plan Rows": 3,
          "Plan Width": 8,
          "Actual Startup Time": 316.148,
          "Actual Total Time": 334.788,
          "Actual Rows": 4,
          "Actual Loops": 1,
          "Workers Planned": 3,
          "Workers Launched": 3,
          "Single Copy": false,
          "Plans": [
            {
              "Node Type": "Aggregate",
              "Strategy": "Plain",
              "Partial Mode": "Partial",
              "Parent Relationship": "Outer",
              "Parallel Aware": false,
              "Startup Cost": 90814.22,
              "Total Cost": 90814.23,
              "Plan Rows": 1,
              "Plan Width": 8,
              "Actual Startup Time": 312.176,
              "Actual Total Time": 312.18,
              "Actual Rows": 1,
              "Actual Loops": 4,
              "Plans": [
                {
                  "Node Type": "Hash Join",
                  "Parent Relationship": "Outer",
                  "Parallel Aware": true,
                  "Join Type": "Inner",
                  "Startup Cost": 46117.29,
                  "Total Cost": 90671.37,
                  "Plan Rows": 57139,
                  "Plan Width": 0,
                  "Actual Startup Time": 163.197,
                  "Actual Total Time": 309.11,
                  "Actual Rows": 57856,
                  "Actual Loops": 4,
                  "Inner Unique": true,
                  "Hash Cond": "(mk.movie_id = t.id)",
                  "Plans": [
                    {
                      "Node Type": "Seq Scan",
                      "Parent Relationship": "Outer",
                      "Parallel Aware": true,
                      "Relation Name": "movie_keyword",
                      "Alias": "mk",
                      "Startup Cost": 0.0,
                      "Total Cost": 42695.65,
                      "Plan Rows": 707975,
                      "Plan Width": 4,
                      "Actual Startup Time": 0.034,
                      "Actual Total Time": 119.924,
                      "Actual Rows": 551565,
                      "Actual Loops": 4,
                      "Filter": "(keyword_id < 4452)",
                      "Rows Removed by Filter": 579417
                    },
                    {
                      "Node Type": "Hash",
                      "Parent Relationship": "Inner",
                      "Parallel Aware": true,
                      "Startup Cost": 45479.59,
                      "Total Cost": 45479.59,
                      "Plan Rows": 51016,
                      "Plan Width": 4,
                      "Actual Startup Time": 125.642,
                      "Actual Total Time": 125.643,
                      "Actual Rows": 45598,
                      "Actual Loops": 4,
                      "Hash Buckets": 262144,
                      "Original Hash Buckets": 262144,
                      "Hash Batches": 1,
                      "Original Hash Batches": 1,
                      "Peak Memory Usage": 9248,
                      "Plans": [
                        {
                          "Node Type": "Seq Scan",
                          "Parent Relationship": "Outer",
                          "Parallel Aware": true,
                          "Relation Name": "title",
                          "Alias": "t",
                          "Startup Cost": 0.0,
                          "Total Cost": 45479.59,
                          "Plan Rows": 51016,
                          "Plan Width": 4,
                          "Actual Startup Time": 47.332,
                          "Actual Total Time": 109.056,
                          "Actual Rows": 45598,
                          "Actual Loops": 4,
                          "Filter": "((production_year > 2007) AND (kind_id = 1))",
                          "Rows Removed by Filter": 586480
                        }
                      ]
                    }
                  ]
                }
              ]
            }
          ]
        }
      ]
    },
    "Planning Time": 0.265,
    "Triggers": [],
    "Execution Time": 334.847
  }
]