[
  {
    "Plan": {
      "Node Type": "Aggregate",
      "Strategy": "Plain",
      "Partial Mode": "Finalize",
      "Parallel Aware": false,
      "Startup Cost": 91832.72,
      "Total Cost": 91832.73,
      "Plan Rows": 1,
      "Plan Width": 8,
      "Actual Startup Time": 273.466,
      "Actual Total Time": 289.75,
      "Actual Rows": 1,
      "Actual Loops": 1,
      "Plans": [
        {
          "Node Type": "Gather",
          "Parent Relationship": "Outer",
          "Parallel Aware": false,
          "Startup Cost": 91832.4,
          "Total Cost": 91832.71,
          "Plan Rows": 3,
          "Plan Width": 8,
          "Actual Startup Time": 272.805,
          "Actual Total Time": 289.74,
          "Actual Rows": 4,
          "Actual Loops": 1,
          "Workers Planned": 3,
          "Workers Launched": 3,
          "Single Copy": false,
          "Plans": [
            {
              "Node Type": "Aggregate",
              "Strategy": "Plain",
              "Partial Mode": "Partial",
              "Parent Relationship": "Outer",
              "Parallel Aware": false,
              "Startup Cost": 90832.4,
              "Total Cost": 90832.41,
              "Plan Rows": 1,
              "Plan Width": 8,
              "Actual Startup Time": 264.625,
              "Actual Total Time": 264.628,
              "Actual Rows": 1,
              "Actual Loops": 4,
              "Plans": [
                {
                  "Node Type": "Hash Join",
                  "Parent Relationship": "Outer",
                  "Parallel Aware": true,
                  "Join Type": "Inner",
                  "Startup Cost": 46124.09,
                  "Total Cost": 90687.21,
                  "Plan Rows": 58076,
                  "Plan Width": 0,
                  "Actual Startup Time": 140.452,
                  "Actual Total Time": 262.139,
                  "Actual Rows": 57856,
                  "Actual Loops": 4,
                  "Inner Unique": true,
                  "Hash Cond": "(mk.movie_id = t.id)",
                  "Plans": [
                    {
                      "Node Type": "Seq Scan",
                      "Parent Relationship": "Outer",
                      "Parallel Aware": true,
                      "Relation Name": "movie_keyword",
                      "Alias": "mk",
                      "Startup Cost": 0.0,
                      "Total Cost": 42695.65,
                      "Plan Rows": 711417,
                      "Plan Width": 4,
                      "Actual Startup Time": 0.026,
                      "Actual Total Time": 99.034,
                      "Actual Rows": 551565,
                      "Actual Loops": 4,
                      "Filter": "(keyword_id < 4452)",
                      "Rows Removed by Filter": 579417
                    },
                    {
                      "Node Type": "Hash",
                      "Parent Relationship": "Inner",
                      "Parallel Aware": true,
                      "Startup Cost": 45479.1,
                      "Total Cost": 45479.1,
                      "Plan Rows": 51599,
                      "Plan Width": 4,
                      "Actual Startup Time": 108.656,
                      "Actual Total Time": 108.657,
                      "Actual Rows": 45598,
                      "Actual Loops": 4,
                      "Hash Buckets": 262144,
                      "Original Hash Buckets": 262144,
                      "Hash Batches": 1,
                      "Original Hash Batches": 1,
                      "Peak Memory Usage": 9248,
                      "Plans": [
                        {
                          "Node Type": "Seq Scan",
                          "Parent Relationship": "Outer",
                          "Parallel Aware": true,
                          "Relation Name": "title",
                          "Alias": "t",
                          "Startup Cost": 0.0,
                          "Total Cost": 45479.1,
                          "Plan Rows": 51599,
                          "Plan Width": 4,
                          "Actual Startup Time": 46.06,
                          "Actual Total Time": 94.898,
                          "Actual Rows": 45598,
                          "Actual Loops": 4,
                          "Filter": "((production_year > 2007) AND (kind_id = 1))",
                          "Rows Removed by Filter": 586480
                        }
                      ]
                    }
                  ]
                }
              ]
            }
          ]
        }
      ]
    },
    "Planning Time": 0.613,
    "Triggers": [],
    "Execution Time": 289.829
  }
]