[
    {
        "Bao": {
            "Bao prediction": "NaN",
            "Bao recommended hint": "(no hint)"
        }
    },
    {
        "Plan": {
            "Node Type": "Aggregate",
            "Strategy": "Plain",
            "Partial Mode": "Finalize",
            "Parallel Aware": false,
            "Startup Cost": 349425.7,
            "Total Cost": 349425.71,
            "Plan Rows": 1,
            "Plan Width": 8,
            "Actual Startup Time": 875.624,
            "Actual Total Time": 907.462,
            "Actual Rows": 1,
            "Actual Loops": 1,
            "Output": [
                "count(*)"
            ],
            "Plans": [
                {
                    "Node Type": "Gather",
                    "Parent Relationship": "Outer",
                    "Parallel Aware": false,
                    "Startup Cost": 349425.08,
                    "Total Cost": 349425.69,
                    "Plan Rows": 6,
                    "Plan Width": 8,
                    "Actual Startup Time": 875.532,
                    "Actual Total Time": 907.452,
                    "Actual Rows": 7,
                    "Actual Loops": 1,
                    "Output": [
                        "(PARTIAL count(*))"
                    ],
                    "Workers Planned": 6,
                    "Workers Launched": 6,
                    "Single Copy": false,
                    "Plans": [
                        {
                            "Node Type": "Aggregate",
                            "Strategy": "Plain",
                            "Partial Mode": "Partial",
                            "Parent Relationship": "Outer",
                            "Parallel Aware": false,
                            "Startup Cost": 348425.08,
                            "Total Cost": 348425.09,
                            "Plan Rows": 1,
                            "Plan Width": 8,
                            "Actual Startup Time": 865.951,
                            "Actual Total Time": 865.953,
                            "Actual Rows": 1,
                            "Actual Loops": 7,
                            "Output": [
                                "PARTIAL count(*)"
                            ],
                            "Workers": [
                                {
                                    "Worker Number": 0,
                                    "Actual Startup Time": 863.86,
                                    "Actual Total Time": 863.861,
                                    "Actual Rows": 1,
                                    "Actual Loops": 1
                                },
                                {
                                    "Worker Number": 1,
                                    "Actual Startup Time": 863.965,
                                    "Actual Total Time": 863.966,
                                    "Actual Rows": 1,
                                    "Actual Loops": 1
                                },
                                {
                                    "Worker Number": 2,
                                    "Actual Startup Time": 864.224,
                                    "Actual Total Time": 864.225,
                                    "Actual Rows": 1,
                                    "Actual Loops": 1
                                },
                                {
                                    "Worker Number": 3,
                                    "Actual Startup Time": 864.504,
                                    "Actual Total Time": 864.506,
                                    "Actual Rows": 1,
                                    "Actual Loops": 1
                                },
                                {
                                    "Worker Number": 4,
                                    "Actual Startup Time": 864.828,
                                    "Actual Total Time": 864.829,
                                    "Actual Rows": 1,
                                    "Actual Loops": 1
                                },
                                {
                                    "Worker Number": 5,
                                    "Actual Startup Time": 865.221,
                                    "Actual Total Time": 865.223,
                                    "Actual Rows": 1,
                                    "Actual Loops": 1
                                }
                            ],
                            "Plans": [
                                {
                                    "Node Type": "Seq Scan",
                                    "Parent Relationship": "Outer",
                                    "Parallel Aware": true,
                                    "Relation Name": "cast_info",
                                    "Schema": "public",
                                    "Alias": "ci",
                                    "Startup Cost": 0.0,
                                    "Total Cost": 343318.94,
                                    "Plan Rows": 2042455,
                                    "Plan Width": 0,
                                    "Actual Startup Time": 226.921,
                                    "Actual Total Time": 724.367,
                                    "Actual Rows": 2678679,
                                    "Actual Loops": 7,
                                    "Output": [
                                        "id",
                                        "person_id",
                                        "movie_id",
                                        "person_role_id",
                                        "note",
                                        "nr_order",
                                        "role_id"
                                    ],
                                    "Filter": "((ci.person_id > 1704129) AND (ci.role_id > 1))",
                                    "Rows Removed by Filter": 2499085,
                                    "Workers": [
                                        {
                                            "Worker Number": 0,
                                            "Actual Startup Time": 224.813,
                                            "Actual Total Time": 723.796,
                                            "Actual Rows": 2108250,
                                            "Actual Loops": 1
                                        },
                                        {
                                            "Worker Number": 1,
                                            "Actual Startup Time": 224.954,
                                            "Actual Total Time": 724.825,
                                            "Actual Rows": 2070039,
                                            "Actual Loops": 1
                                        },
                                        {
                                            "Worker Number": 2,
                                            "Actual Startup Time": 225.178,
                                            "Actual Total Time": 724.243,
                                            "Actual Rows": 2107118,
                                            "Actual Loops": 1
                                        },
                                        {
                                            "Worker Number": 3,
                                            "Actual Startup Time": 225.484,
                                            "Actual Total Time": 726.383,
                                            "Actual Rows": 3386243,
                                            "Actual Loops": 1
                                        },
                                        {
                                            "Worker Number": 4,
                                            "Actual Startup Time": 225.803,
                                            "Actual Total Time": 727.654,
                                            "Actual Rows": 3271141,
                                            "Actual Loops": 1
                                        },
                                        {
                                            "Worker Number": 5,
                                            "Actual Startup Time": 226.192,
                                            "Actual Total Time": 727.583,
                                            "Actual Rows": 3282330,
                                            "Actual Loops": 1
                                        }
                                    ]
                                }
                            ]
                        }
                    ]
                }
            ]
        },
        "Planning Time": 283.981,
        "Triggers": [],
        "Execution Time": 907.598
    }
]