[
    {
        "Bao": {
            "Bao prediction": "NaN",
            "Bao recommended hint": "(no hint)"
        }
    },
    {
        "Plan": {
            "Node Type": "Aggregate",
            "Strategy": "Plain",
            "Partial Mode": "Finalize",
            "Parallel Aware": false,
            "Startup Cost": 23271.18,
            "Total Cost": 23271.19,
            "Plan Rows": 1,
            "Plan Width": 8,
            "Actual Startup Time": 45.038,
            "Actual Total Time": 49.13,
            "Actual Rows": 1,
            "Actual Loops": 1,
            "Output": [
                "count(*)"
            ],
            "Plans": [
                {
                    "Node Type": "Gather",
                    "Parent Relationship": "Outer",
                    "Parallel Aware": false,
                    "Startup Cost": 23270.86,
                    "Total Cost": 23271.17,
                    "Plan Rows": 3,
                    "Plan Width": 8,
                    "Actual Startup Time": 44.783,
                    "Actual Total Time": 49.123,
                    "Actual Rows": 4,
                    "Actual Loops": 1,
                    "Output": [
                        "(PARTIAL count(*))"
                    ],
                    "Workers Planned": 3,
                    "Workers Launched": 3,
                    "Single Copy": false,
                    "Plans": [
                        {
                            "Node Type": "Aggregate",
                            "Strategy": "Plain",
                            "Partial Mode": "Partial",
                            "Parent Relationship": "Outer",
                            "Parallel Aware": false,
                            "Startup Cost": 22270.86,
                            "Total Cost": 22270.87,
                            "Plan Rows": 1,
                            "Plan Width": 8,
                            "Actual Startup Time": 36.055,
                            "Actual Total Time": 36.057,
                            "Actual Rows": 1,
                            "Actual Loops": 4,
                            "Output": [
                                "PARTIAL count(*)"
                            ],
                            "Workers": [
                                {
                                    "Worker Number": 0,
                                    "Actual Startup Time": 33.239,
                                    "Actual Total Time": 33.24,
                                    "Actual Rows": 1,
                                    "Actual Loops": 1
                                },
                                {
                                    "Worker Number": 1,
                                    "Actual Startup Time": 33.366,
                                    "Actual Total Time": 33.367,
                                    "Actual Rows": 1,
                                    "Actual Loops": 1
                                },
                                {
                                    "Worker Number": 2,
                                    "Actual Startup Time": 33.24,
                                    "Actual Total Time": 33.241,
                                    "Actual Rows": 1,
                                    "Actual Loops": 1
                                }
                            ],
                            "Plans": [
                                {
                                    "Node Type": "Bitmap Heap Scan",
                                    "Parent Relationship": "Outer",
                                    "Parallel Aware": true,
                                    "Relation Name": "movie_companies",
                                    "Schema": "public",
                                    "Alias": "mc",
                                    "Startup Cost": 2799.04,
                                    "Total Cost": 22217.46,
                                    "Plan Rows": 21359,
                                    "Plan Width": 0,
                                    "Actual Startup Time": 30.549,
                                    "Actual Total Time": 35.616,
                                    "Actual Rows": 5885,
                                    "Actual Loops": 4,
                                    "Recheck Cond": "(mc.company_id < 27)",
                                    "Rows Removed by Index Recheck": 0,
                                    "Filter": "(mc.company_type_id > 1)",
                                    "Rows Removed by Filter": 27816,
                                    "Exact Heap Blocks": 7604,
                                    "Lossy Heap Blocks": 0,
                                    "Workers": [
                                        {
                                            "Worker Number": 0,
                                            "Actual Startup Time": 27.738,
                                            "Actual Total Time": 32.854,
                                            "Actual Rows": 3994,
                                            "Actual Loops": 1
                                        },
                                        {
                                            "Worker Number": 1,
                                            "Actual Startup Time": 27.857,
                                            "Actual Total Time": 33.012,
                                            "Actual Rows": 3009,
                                            "Actual Loops": 1
                                        },
                                        {
                                            "Worker Number": 2,
                                            "Actual Startup Time": 27.731,
                                            "Actual Total Time": 32.847,
                                            "Actual Rows": 3063,
                                            "Actual Loops": 1
                                        }
                                    ],
                                    "Plans": [
                                        {
                                            "Node Type": "Bitmap Index Scan",
                                            "Parent Relationship": "Outer",
                                            "Parallel Aware": false,
                                            "Index Name": "company_id_movie_companies",
                                            "Startup Cost": 0.0,
                                            "Total Cost": 2782.48,
                                            "Plan Rows": 129874,
                                            "Plan Width": 0,
                                            "Actual Startup Time": 13.036,
                                            "Actual Total Time": 13.036,
                                            "Actual Rows": 134807,
                                            "Actual Loops": 1,
                                            "Index Cond": "(mc.company_id < 27)"
                                        }
                                    ]
                                }
                            ]
                        }
                    ]
                }
            ]
        },
        "Planning Time": 193.933,
        "Triggers": [],
        "Execution Time": 49.199
    }
]