[
  {
    "Plan": {
      "Node Type": "Hash Join",
      "Parallel Aware": false,
      "Join Type": "Inner",
      "Startup Cost": 101167.19,
      "Total Cost": 180101.3,
      "Plan Rows": 2583447,
      "Plan Width": 40,
      "Actual Startup Time": 1011.515,
      "Actual Total Time": 2856.203,
      "Actual Rows": 2583037,
      "Actual Loops": 1,
      "Inner Unique": true,
      "Hash Cond": "(mc.company_type_id = ct.id)",
      "Plans": [
        {
          "Node Type": "Hash Join",
          "Parent Relationship": "Outer",
          "Parallel Aware": false,
          "Join Type": "Inner",
          "Startup Cost": 101166.1,
          "Total Cost": 166133.45,
          "Plan Rows": 2583447,
          "Plan Width": 40,
          "Actual Startup Time": 1011.475,
          "Actual Total Time": 2557.584,
          "Actual Rows": 2583037,
          "Actual Loops": 1,
          "Inner Unique": true,
          "Hash Cond": "(mc.movie_id = t.id)",
          "Plans": [
            {
              "Node Type": "Hash Join",
              "Parent Relationship": "Outer",
              "Parallel Aware": false,
              "Join Type": "Inner",
              "Startup Cost": 8282.43,
              "Total Cost": 66468.22,
              "Plan Rows": 2583447,
              "Plan Width": 40,
              "Actual Startup Time": 67.557,
              "Actual Total Time": 838.495,
              "Actual Rows": 2583037,
              "Actual Loops": 1,
              "Inner Unique": true,
              "Hash Cond": "(mc.company_id = cn.id)",
              "Plans": [
                {
                  "Node Type": "Seq Scan",
                  "Parent Relationship": "Outer",
                  "Parallel Aware": false,
                  "Relation Name": "movie_companies",
                  "Alias": "mc",
                  "Startup Cost": 0.0,
                  "Total Cost": 51404.11,
                  "Plan Rows": 2583447,
                  "Plan Width": 40,
                  "Actual Startup Time": 0.007,
                  "Actual Total Time": 260.096,
                  "Actual Rows": 2583037,
                  "Actual Loops": 1,
                  "Filter": "(company_id < 211061)",
                  "Rows Removed by Filter": 26092
                },
                {
                  "Node Type": "Hash",
                  "Parent Relationship": "Inner",
                  "Parallel Aware": false,
                  "Startup Cost": 5344.97,
                  "Total Cost": 5344.97,
                  "Plan Rows": 234997,
                  "Plan Width": 4,
                  "Actual Startup Time": 66.513,
                  "Actual Total Time": 66.514,
                  "Actual Rows": 234997,
                  "Actual Loops": 1,
                  "Hash Buckets": 262144,
                  "Original Hash Buckets": 262144,
                  "Hash Batches": 1,
                  "Original Hash Batches": 1,
                  "Peak Memory Usage": 10310,
                  "Plans": [
                    {
                      "Node Type": "Seq Scan",
                      "Parent Relationship": "Outer",
                      "Parallel Aware": false,
                      "Relation Name": "company_name",
                      "Alias": "cn",
                      "Startup Cost": 0.0,
                      "Total Cost": 5344.97,
                      "Plan Rows": 234997,
                      "Plan Width": 4,
                      "Actual Startup Time": 0.024,
                      "Actual Total Time": 31.611,
                      "Actual Rows": 234997,
                      "Actual Loops": 1
                    }
                  ]
                }
              ]
            },
            {
              "Node Type": "Hash",
              "Parent Relationship": "Inner",
              "Parallel Aware": false,
              "Startup Cost": 61280.52,
              "Total Cost": 61280.52,
              "Plan Rows": 2528252,
              "Plan Width": 4,
              "Actual Startup Time": 926.642,
              "Actual Total Time": 926.643,
              "Actual Rows": 2528312,
              "Actual Loops": 1,
              "Hash Buckets": 4194304,
              "Original Hash Buckets": 4194304,
              "Hash Batches": 1,
              "Original Hash Batches": 1,
              "Peak Memory Usage": 121654,
              "Plans": [
                {
                  "Node Type": "Seq Scan",
                  "Parent Relationship": "Outer",
                  "Parallel Aware": false,
                  "Relation Name": "title",
                  "Alias": "t",
                  "Startup Cost": 0.0,
                  "Total Cost": 61280.52,
                  "Plan Rows": 2528252,
                  "Plan Width": 4,
                  "Actual Startup Time": 0.031,
                  "Actual Total Time": 324.5,
                  "Actual Rows": 2528312,
                  "Actual Loops": 1
                }
              ]
            }
          ]
        },
        {
          "Node Type": "Hash",
          "Parent Relationship": "Inner",
          "Parallel Aware": false,
          "Startup Cost": 1.04,
          "Total Cost": 1.04,
          "Plan Rows": 4,
          "Plan Width": 4,
          "Actual Startup Time": 0.015,
          "Actual Total Time": 0.015,
          "Actual Rows": 4,
          "Actual Loops": 1,
          "Hash Buckets": 1024,
          "Original Hash Buckets": 1024,
          "Hash Batches": 1,
          "Original Hash Batches": 1,
          "Peak Memory Usage": 9,
          "Plans": [
            {
              "Node Type": "Seq Scan",
              "Parent Relationship": "Outer",
              "Parallel Aware": false,
              "Relation Name": "company_type",
              "Alias": "ct",
              "Startup Cost": 0.0,
              "Total Cost": 1.04,
              "Plan Rows": 4,
              "Plan Width": 4,
              "Actual Startup Time": 0.005,
              "Actual Total Time": 0.006,
              "Actual Rows": 4,
              "Actual Loops": 1
            }
          ]
        }
      ]
    },
    "Planning Time": 1.548,
    "Triggers": [],
    "Execution Time": 2935.452
  }
]