[
  {
    "Plan": {
      "Node Type": "Aggregate",
      "Strategy": "Plain",
      "Partial Mode": "Finalize",
      "Parallel Aware": false,
      "Startup Cost": 333357.63,
      "Total Cost": 333357.64,
      "Plan Rows": 1,
      "Plan Width": 8,
      "Actual Startup Time": 686.795,
      "Actual Total Time": 731.009,
      "Actual Rows": 1,
      "Actual Loops": 1,
      "Plans": [
        {
          "Node Type": "Gather",
          "Parent Relationship": "Outer",
          "Parallel Aware": false,
          "Startup Cost": 333357.0,
          "Total Cost": 333357.61,
          "Plan Rows": 6,
          "Plan Width": 8,
          "Actual Startup Time": 686.595,
          "Actual Total Time": 730.996,
          "Actual Rows": 7,
          "Actual Loops": 1,
          "Workers Planned": 6,
          "Workers Launched": 6,
          "Single Copy": false,
          "Plans": [
            {
              "Node Type": "Aggregate",
              "Strategy": "Plain",
              "Partial Mode": "Partial",
              "Parent Relationship": "Outer",
              "Parallel Aware": false,
              "Startup Cost": 332357.0,
              "Total Cost": 332357.01,
              "Plan Rows": 1,
              "Plan Width": 8,
              "Actual Startup Time": 678.679,
              "Actual Total Time": 678.68,
              "Actual Rows": 1,
              "Actual Loops": 7,
              "Plans": [
                {
                  "Node Type": "Seq Scan",
                  "Parent Relationship": "Outer",
                  "Parallel Aware": true,
                  "Relation Name": "cast_info",
                  "Alias": "ci",
                  "Startup Cost": 0.0,
                  "Total Cost": 328211.39,
                  "Plan Rows": 1658244,
                  "Plan Width": 0,
                  "Actual Startup Time": 0.054,
                  "Actual Total Time": 599.746,
                  "Actual Rows": 1427606,
                  "Actual Loops": 7,
                  "Filter": "(person_id < 983482)",
                  "Rows Removed by Filter": 3750157
                }
              ]
            }
          ]
        }
      ]
    },
    "Planning Time": 0.169,
    "Triggers": [],
    "Execution Time": 731.069
  }
]