[
  {
    "Plan": {
      "Node Type": "Aggregate",
      "Strategy": "Plain",
      "Partial Mode": "Finalize",
      "Parallel Aware": false,
      "Startup Cost": 32933.8,
      "Total Cost": 32933.81,
      "Plan Rows": 1,
      "Plan Width": 8,
      "Actual Startup Time": 93.659,
      "Actual Total Time": 99.155,
      "Actual Rows": 1,
      "Actual Loops": 1,
      "Plans": [
        {
          "Node Type": "Gather",
          "Parent Relationship": "Outer",
          "Parallel Aware": false,
          "Startup Cost": 32933.48,
          "Total Cost": 32933.79,
          "Plan Rows": 3,
          "Plan Width": 8,
          "Actual Startup Time": 93.538,
          "Actual Total Time": 99.148,
          "Actual Rows": 4,
          "Actual Loops": 1,
          "Workers Planned": 3,
          "Workers Launched": 3,
          "Single Copy": false,
          "Plans": [
            {
              "Node Type": "Aggregate",
              "Strategy": "Plain",
              "Partial Mode": "Partial",
              "Parent Relationship": "Outer",
              "Parallel Aware": false,
              "Startup Cost": 31933.48,
              "Total Cost": 31933.49,
              "Plan Rows": 1,
              "Plan Width": 8,
              "Actual Startup Time": 86.117,
              "Actual Total Time": 86.118,
              "Actual Rows": 1,
              "Actual Loops": 4,
              "Plans": [
                {
                  "Node Type": "Seq Scan",
                  "Parent Relationship": "Outer",
                  "Parallel Aware": true,
                  "Relation Name": "movie_companies",
                  "Alias": "mc",
                  "Startup Cost": 0.0,
                  "Total Cost": 31414.82,
                  "Plan Rows": 207464,
                  "Plan Width": 0,
                  "Actual Startup Time": 18.952,
                  "Actual Total Time": 80.64,
                  "Actual Rows": 98562,
                  "Actual Loops": 4,
                  "Filter": "((company_id > 11319) AND (company_type_id < 2))",
                  "Rows Removed by Filter": 553721
                }
              ]
            }
          ]
        }
      ]
    },
    "Planning Time": 0.195,
    "Triggers": [],
    "Execution Time": 99.207
  }
]