[
  {
    "Plan": {
      "Node Type": "Aggregate",
      "Strategy": "Plain",
      "Partial Mode": "Finalize",
      "Parallel Aware": false,
      "Startup Cost": 349100.56,
      "Total Cost": 349100.57,
      "Plan Rows": 1,
      "Plan Width": 8,
      "Actual Startup Time": 785.582,
      "Actual Total Time": 842.694,
      "Actual Rows": 1,
      "Actual Loops": 1,
      "Plans": [
        {
          "Node Type": "Gather",
          "Parent Relationship": "Outer",
          "Parallel Aware": false,
          "Startup Cost": 349099.94,
          "Total Cost": 349100.55,
          "Plan Rows": 6,
          "Plan Width": 8,
          "Actual Startup Time": 785.455,
          "Actual Total Time": 842.684,
          "Actual Rows": 7,
          "Actual Loops": 1,
          "Workers Planned": 6,
          "Workers Launched": 6,
          "Single Copy": false,
          "Plans": [
            {
              "Node Type": "Aggregate",
              "Strategy": "Plain",
              "Partial Mode": "Partial",
              "Parent Relationship": "Outer",
              "Parallel Aware": false,
              "Startup Cost": 348099.94,
              "Total Cost": 348099.95,
              "Plan Rows": 1,
              "Plan Width": 8,
              "Actual Startup Time": 775.717,
              "Actual Total Time": 775.718,
              "Actual Rows": 1,
              "Actual Loops": 7,
              "Plans": [
                {
                  "Node Type": "Seq Scan",
                  "Parent Relationship": "Outer",
                  "Parallel Aware": true,
                  "Relation Name": "cast_info",
                  "Alias": "ci",
                  "Startup Cost": 0.0,
                  "Total Cost": 343257.03,
                  "Plan Rows": 1937164,
                  "Plan Width": 0,
                  "Actual Startup Time": 203.483,
                  "Actual Total Time": 710.719,
                  "Actual Rows": 1333244,
                  "Actual Loops": 7,
                  "Filter": "((person_id > 1477718) AND (role_id < 3))",
                  "Rows Removed by Filter": 3844520
                }
              ]
            }
          ]
        }
      ]
    },
    "Planning Time": 0.202,
    "Triggers": [],
    "Execution Time": 842.765
  }
]