[
  {
    "Plan": {
      "Node Type": "Aggregate",
      "Strategy": "Plain",
      "Partial Mode": "Finalize",
      "Parallel Aware": false,
      "Startup Cost": 47371.22,
      "Total Cost": 47371.23,
      "Plan Rows": 1,
      "Plan Width": 8,
      "Actual Startup Time": 101.978,
      "Actual Total Time": 118.031,
      "Actual Rows": 1,
      "Actual Loops": 1,
      "Plans": [
        {
          "Node Type": "Gather",
          "Parent Relationship": "Outer",
          "Parallel Aware": false,
          "Startup Cost": 47370.8,
          "Total Cost": 47371.21,
          "Plan Rows": 4,
          "Plan Width": 8,
          "Actual Startup Time": 101.737,
          "Actual Total Time": 118.023,
          "Actual Rows": 5,
          "Actual Loops": 1,
          "Workers Planned": 4,
          "Workers Launched": 4,
          "Single Copy": false,
          "Plans": [
            {
              "Node Type": "Aggregate",
              "Strategy": "Plain",
              "Partial Mode": "Partial",
              "Parent Relationship": "Outer",
              "Parallel Aware": false,
              "Startup Cost": 46370.8,
              "Total Cost": 46370.81,
              "Plan Rows": 1,
              "Plan Width": 8,
              "Actual Startup Time": 93.371,
              "Actual Total Time": 93.373,
              "Actual Rows": 1,
              "Actual Loops": 5,
              "Plans": [
                {
                  "Node Type": "Nested Loop",
                  "Parent Relationship": "Outer",
                  "Parallel Aware": false,
                  "Join Type": "Inner",
                  "Startup Cost": 1.0,
                  "Total Cost": 46369.75,
                  "Plan Rows": 420,
                  "Plan Width": 0,
                  "Actual Startup Time": 58.754,
                  "Actual Total Time": 93.142,
                  "Actual Rows": 3553,
                  "Actual Loops": 5,
                  "Inner Unique": false,
                  "Join Filter": "(t.id = mi.movie_id)",
                  "Rows Removed by Join Filter": 0,
                  "Plans": [
                    {
                      "Node Type": "Nested Loop",
                      "Parent Relationship": "Outer",
                      "Parallel Aware": false,
                      "Join Type": "Inner",
                      "Startup Cost": 0.56,
                      "Total Cost": 46245.99,
                      "Plan Rows": 72,
                      "Plan Width": 8,
                      "Actual Startup Time": 58.675,
                      "Actual Total Time": 84.171,
                      "Actual Rows": 414,
                      "Actual Loops": 5,
                      "Inner Unique": false,
                      "Plans": [
                        {
                          "Node Type": "Seq Scan",
                          "Parent Relationship": "Outer",
                          "Parallel Aware": true,
                          "Relation Name": "title",
                          "Alias": "t",
                          "Startup Cost": 0.0,
                          "Total Cost": 45479.1,
                          "Plan Rows": 5,
                          "Plan Width": 4,
                          "Actual Startup Time": 58.481,
                          "Actual Total Time": 80.149,
                          "Actual Rows": 207,
                          "Actual Loops": 5,
                          "Filter": "((kind_id < 7) AND (production_year < 1897))",
                          "Rows Removed by Filter": 505455
                        },
                        {
                          "Node Type": "Index Only Scan",
                          "Parent Relationship": "Inner",
                          "Parallel Aware": false,
                          "Scan Direction": "Forward",
                          "Index Name": "movie_id_cast_info",
                          "Relation Name": "cast_info",
                          "Alias": "ci",
                          "Startup Cost": 0.56,
                          "Total Cost": 153.01,
                          "Plan Rows": 37,
                          "Plan Width": 4,
                          "Actual Startup Time": 0.015,
                          "Actual Total Time": 0.019,
                          "Actual Rows": 2,
                          "Actual Loops": 1036,
                          "Index Cond": "(movie_id = t.id)",
                          "Rows Removed by Index Recheck": 0,
                          "Heap Fetches": 2068
                        }
                      ]
                    },
                    {
                      "Node Type": "Index Only Scan",
                      "Parent Relationship": "Inner",
                      "Parallel Aware": false,
                      "Scan Direction": "Forward",
                      "Index Name": "movie_id_movie_info",
                      "Relation Name": "movie_info",
                      "Alias": "mi",
                      "Startup Cost": 0.43,
                      "Total Cost": 1.19,
                      "Plan Rows": 42,
                      "Plan Width": 4,
                      "Actual Startup Time": 0.009,
                      "Actual Total Time": 0.021,
                      "Actual Rows": 9,
                      "Actual Loops": 2068,
                      "Index Cond": "(movie_id = ci.movie_id)",
                      "Rows Removed by Index Recheck": 0,
                      "Heap Fetches": 17763
                    }
                  ]
                }
              ]
            }
          ]
        }
      ]
    },
    "Planning Time": 1.307,
    "Triggers": [],
    "Execution Time": 118.124
  }
]