[
  {
    "Plan": {
      "Node Type": "Aggregate",
      "Strategy": "Plain",
      "Partial Mode": "Finalize",
      "Parallel Aware": false,
      "Startup Cost": 341455.37,
      "Total Cost": 341455.38,
      "Plan Rows": 1,
      "Plan Width": 8,
      "Actual Startup Time": 734.31,
      "Actual Total Time": 756.432,
      "Actual Rows": 1,
      "Actual Loops": 1,
      "Plans": [
        {
          "Node Type": "Gather",
          "Parent Relationship": "Outer",
          "Parallel Aware": false,
          "Startup Cost": 341454.75,
          "Total Cost": 341455.36,
          "Plan Rows": 6,
          "Plan Width": 8,
          "Actual Startup Time": 734.215,
          "Actual Total Time": 756.425,
          "Actual Rows": 7,
          "Actual Loops": 1,
          "Workers Planned": 6,
          "Workers Launched": 6,
          "Single Copy": false,
          "Plans": [
            {
              "Node Type": "Aggregate",
              "Strategy": "Plain",
              "Partial Mode": "Partial",
              "Parent Relationship": "Outer",
              "Parallel Aware": false,
              "Startup Cost": 340454.75,
              "Total Cost": 340454.76,
              "Plan Rows": 1,
              "Plan Width": 8,
              "Actual Startup Time": 728.583,
              "Actual Total Time": 728.584,
              "Actual Rows": 1,
              "Actual Loops": 7,
              "Plans": [
                {
                  "Node Type": "Seq Scan",
                  "Parent Relationship": "Outer",
                  "Parallel Aware": true,
                  "Relation Name": "cast_info",
                  "Alias": "ci",
                  "Startup Cost": 0.0,
                  "Total Cost": 328213.62,
                  "Plan Rows": 4896452,
                  "Plan Width": 0,
                  "Actual Startup Time": 0.036,
                  "Actual Total Time": 553.436,
                  "Actual Rows": 4207184,
                  "Actual Loops": 7,
                  "Filter": "(person_id < 2982660)",
                  "Rows Removed by Filter": 970579
                }
              ]
            }
          ]
        }
      ]
    },
    "Planning Time": 0.088,
    "Triggers": [],
    "Execution Time": 756.462
  }
]