[
  {
    "Plan": {
      "Node Type": "Aggregate",
      "Strategy": "Plain",
      "Partial Mode": "Finalize",
      "Parallel Aware": false,
      "Startup Cost": 341364.45,
      "Total Cost": 341364.46,
      "Plan Rows": 1,
      "Plan Width": 8,
      "Actual Startup Time": 850.976,
      "Actual Total Time": 909.824,
      "Actual Rows": 1,
      "Actual Loops": 1,
      "Plans": [
        {
          "Node Type": "Gather",
          "Parent Relationship": "Outer",
          "Parallel Aware": false,
          "Startup Cost": 341363.82,
          "Total Cost": 341364.43,
          "Plan Rows": 6,
          "Plan Width": 8,
          "Actual Startup Time": 850.86,
          "Actual Total Time": 909.813,
          "Actual Rows": 7,
          "Actual Loops": 1,
          "Workers Planned": 6,
          "Workers Launched": 6,
          "Single Copy": false,
          "Plans": [
            {
              "Node Type": "Aggregate",
              "Strategy": "Plain",
              "Partial Mode": "Partial",
              "Parent Relationship": "Outer",
              "Parallel Aware": false,
              "Startup Cost": 340363.82,
              "Total Cost": 340363.83,
              "Plan Rows": 1,
              "Plan Width": 8,
              "Actual Startup Time": 841.625,
              "Actual Total Time": 841.626,
              "Actual Rows": 1,
              "Actual Loops": 7,
              "Plans": [
                {
                  "Node Type": "Seq Scan",
                  "Parent Relationship": "Outer",
                  "Parallel Aware": true,
                  "Relation Name": "cast_info",
                  "Alias": "ci",
                  "Startup Cost": 0.0,
                  "Total Cost": 328162.03,
                  "Plan Rows": 4880718,
                  "Plan Width": 0,
                  "Actual Startup Time": 0.05,
                  "Actual Total Time": 653.329,
                  "Actual Rows": 4207184,
                  "Actual Loops": 7,
                  "Filter": "(person_id < 2982660)",
                  "Rows Removed by Filter": 970579
                }
              ]
            }
          ]
        }
      ]
    },
    "Planning Time": 0.201,
    "Triggers": [],
    "Execution Time": 909.901
  }
]