[
  {
    "Plan": {
      "Node Type": "Aggregate",
      "Strategy": "Plain",
      "Partial Mode": "Finalize",
      "Parallel Aware": false,
      "Startup Cost": 44403.61,
      "Total Cost": 44403.62,
      "Plan Rows": 1,
      "Plan Width": 8,
      "Actual Startup Time": 117.277,
      "Actual Total Time": 125.52,
      "Actual Rows": 1,
      "Actual Loops": 1,
      "Plans": [
        {
          "Node Type": "Gather",
          "Parent Relationship": "Outer",
          "Parallel Aware": false,
          "Startup Cost": 44403.29,
          "Total Cost": 44403.6,
          "Plan Rows": 3,
          "Plan Width": 8,
          "Actual Startup Time": 117.146,
          "Actual Total Time": 125.512,
          "Actual Rows": 4,
          "Actual Loops": 1,
          "Workers Planned": 3,
          "Workers Launched": 3,
          "Single Copy": false,
          "Plans": [
            {
              "Node Type": "Aggregate",
              "Strategy": "Plain",
              "Partial Mode": "Partial",
              "Parent Relationship": "Outer",
              "Parallel Aware": false,
              "Startup Cost": 43403.29,
              "Total Cost": 43403.3,
              "Plan Rows": 1,
              "Plan Width": 8,
              "Actual Startup Time": 111.532,
              "Actual Total Time": 111.533,
              "Actual Rows": 1,
              "Actual Loops": 4,
              "Plans": [
                {
                  "Node Type": "Seq Scan",
                  "Parent Relationship": "Outer",
                  "Parallel Aware": true,
                  "Relation Name": "movie_keyword",
                  "Alias": "mk",
                  "Startup Cost": 0.0,
                  "Total Cost": 42695.65,
                  "Plan Rows": 283056,
                  "Plan Width": 0,
                  "Actual Startup Time": 4.65,
                  "Actual Total Time": 100.543,
                  "Actual Rows": 218939,
                  "Actual Loops": 4,
                  "Filter": "(keyword_id > 21088)",
                  "Rows Removed by Filter": 912044
                }
              ]
            }
          ]
        }
      ]
    },
    "Planning Time": 0.213,
    "Triggers": [],
    "Execution Time": 125.577
  }
]