{
  "Plan": {
    "Node Type": "Aggregate",
    "Strategy": "Plain",
    "Partial Mode": "Finalize",
    "Parallel Aware": false,
    "Startup Cost": 135779.9,
    "Total Cost": 135779.91,
    "Plan Rows": 1,
    "Plan Width": 8,
    "Actual Startup Time": 757.86,
    "Actual Total Time": 775.005,
    "Actual Rows": 1,
    "Actual Loops": 1,
    "Plans": [
      {
        "Node Type": "Gather",
        "Parent Relationship": "Outer",
        "Parallel Aware": false,
        "Startup Cost": 135779.78,
        "Total Cost": 135779.89,
        "Plan Rows": 1,
        "Plan Width": 8,
        "Actual Startup Time": 754.978,
        "Actual Total Time": 774.998,
        "Actual Rows": 2,
        "Actual Loops": 1,
        "Workers Planned": 1,
        "Workers Launched": 1,
        "Single Copy": false,
        "Plans": [
          {
            "Node Type": "Aggregate",
            "Strategy": "Plain",
            "Partial Mode": "Partial",
            "Parent Relationship": "Outer",
            "Parallel Aware": false,
            "Startup Cost": 134779.78,
            "Total Cost": 134779.79,
            "Plan Rows": 1,
            "Plan Width": 8,
            "Actual Startup Time": 746.547,
            "Actual Total Time": 746.551,
            "Actual Rows": 1,
            "Actual Loops": 2,
            "Plans": [
              {
                "Node Type": "Hash Join",
                "Parent Relationship": "Outer",
                "Parallel Aware": true,
                "Join Type": "Inner",
                "Startup Cost": 68300.42,
                "Total Cost": 131813.09,
                "Plan Rows": 1186679,
                "Plan Width": 0,
                "Actual Startup Time": 369.0,
                "Actual Total Time": 736.536,
                "Actual Rows": 261374,
                "Actual Loops": 2,
                "Inner Unique": true,
                "Hash Cond": "(mk.movie_id = t.id)",
                "Plans": [
                  {
                    "Node Type": "Seq Scan",
                    "Parent Relationship": "Outer",
                    "Parallel Aware": true,
                    "Relation Name": "movie_keyword",
                    "Alias": "mk",
                    "Startup Cost": 0.0,
                    "Total Cost": 57718.19,
                    "Plan Rows": 2207416,
                    "Plan Width": 4,
                    "Actual Startup Time": 0.053,
                    "Actual Total Time": 192.381,
                    "Actual Rows": 1869747,
                    "Actual Loops": 2,
                    "Filter": "(keyword_id > 748)",
                    "Rows Removed by Filter": 392218
                  },
                  {
                    "Node Type": "Hash",
                    "Parent Relationship": "Inner",
                    "Parallel Aware": true,
                    "Startup Cost": 58306.47,
                    "Total Cost": 58306.47,
                    "Plan Rows": 799516,
                    "Plan Width": 4,
                    "Actual Startup Time": 353.882,
                    "Actual Total Time": 353.883,
                    "Actual Rows": 719348,
                    "Actual Loops": 2,
                    "Hash Buckets": 2097152,
                    "Original Hash Buckets": 2097152,
                    "Hash Batches": 1,
                    "Original Hash Batches": 1,
                    "Peak Memory Usage": 72704,
                    "Plans": [
                      {
                        "Node Type": "Seq Scan",
                        "Parent Relationship": "Outer",
                        "Parallel Aware": true,
                        "Relation Name": "title",
                        "Alias": "t",
                        "Startup Cost": 0.0,
                        "Total Cost": 58306.47,
                        "Plan Rows": 799516,
                        "Plan Width": 4,
                        "Actual Startup Time": 0.03,
                        "Actual Total Time": 168.166,
                        "Actual Rows": 719348,
                        "Actual Loops": 2,
                        "Filter": "((production_year > 1958) AND (kind_id = 7))",
                        "Rows Removed by Filter": 544808
                      }
                    ]
                  }
                ]
              }
            ]
          }
        ]
      }
    ]
  },
  "Planning Time": 0.61,
  "Triggers": [],
  "Execution Time": 775.073
}