{
  "Plan": {
    "Node Type": "Aggregate",
    "Strategy": "Plain",
    "Partial Mode": "Finalize",
    "Parallel Aware": false,
    "Startup Cost": 823126.68,
    "Total Cost": 823126.69,
    "Plan Rows": 1,
    "Plan Width": 8,
    "Actual Startup Time": 5538.231,
    "Actual Total Time": 5611.751,
    "Actual Rows": 1,
    "Actual Loops": 1,
    "Plans": [
      {
        "Node Type": "Gather",
        "Parent Relationship": "Outer",
        "Parallel Aware": false,
        "Startup Cost": 823126.57,
        "Total Cost": 823126.68,
        "Plan Rows": 1,
        "Plan Width": 8,
        "Actual Startup Time": 5533.748,
        "Actual Total Time": 5611.74,
        "Actual Rows": 2,
        "Actual Loops": 1,
        "Workers Planned": 1,
        "Workers Launched": 1,
        "Single Copy": false,
        "Plans": [
          {
            "Node Type": "Aggregate",
            "Strategy": "Plain",
            "Partial Mode": "Partial",
            "Parent Relationship": "Outer",
            "Parallel Aware": false,
            "Startup Cost": 822126.57,
            "Total Cost": 822126.58,
            "Plan Rows": 1,
            "Plan Width": 8,
            "Actual Startup Time": 5526.078,
            "Actual Total Time": 5526.668,
            "Actual Rows": 1,
            "Actual Loops": 2,
            "Plans": [
              {
                "Node Type": "Hash Join",
                "Parent Relationship": "Outer",
                "Parallel Aware": true,
                "Join Type": "Inner",
                "Startup Cost": 138699.79,
                "Total Cost": 781052.46,
                "Plan Rows": 16429644,
                "Plan Width": 0,
                "Actual Startup Time": 865.566,
                "Actual Total Time": 5218.217,
                "Actual Rows": 7026009,
                "Actual Loops": 2,
                "Inner Unique": false,
                "Hash Cond": "(ci.movie_id = t.id)",
                "Plans": [
                  {
                    "Node Type": "Seq Scan",
                    "Parent Relationship": "Outer",
                    "Parallel Aware": true,
                    "Relation Name": "cast_info",
                    "Alias": "ci",
                    "Startup Cost": 0.0,
                    "Total Cost": 465792.95,
                    "Plan Rows": 21310595,
                    "Plan Width": 4,
                    "Actual Startup Time": 0.032,
                    "Actual Total Time": 1395.239,
                    "Actual Rows": 18122172,
                    "Actual Loops": 2
                  },
                  {
                    "Node Type": "Hash",
                    "Parent Relationship": "Inner",
                    "Parallel Aware": true,
                    "Startup Cost": 124367.31,
                    "Total Cost": 124367.31,
                    "Plan Rows": 1146598,
                    "Plan Width": 8,
                    "Actual Startup Time": 850.723,
                    "Actual Total Time": 851.312,
                    "Actual Rows": 229336,
                    "Actual Loops": 2,
                    "Hash Buckets": 2097152,
                    "Original Hash Buckets": 2097152,
                    "Hash Batches": 1,
                    "Original Hash Batches": 1,
                    "Peak Memory Usage": 34368,
                    "Plans": [
                      {
                        "Node Type": "Hash Join",
                        "Parent Relationship": "Outer",
                        "Parallel Aware": true,
                        "Join Type": "Inner",
                        "Startup Cost": 66316.47,
                        "Total Cost": 124367.31,
                        "Plan Rows": 1146598,
                        "Plan Width": 8,
                        "Actual Startup Time": 349.77,
                        "Actual Total Time": 791.911,
                        "Actual Rows": 229336,
                        "Actual Loops": 2,
                        "Inner Unique": true,
                        "Hash Cond": "(mk.movie_id = t.id)",
                        "Plans": [
                          {
                            "Node Type": "Seq Scan",
                            "Parent Relationship": "Outer",
                            "Parallel Aware": true,
                            "Relation Name": "movie_keyword",
                            "Alias": "mk",
                            "Startup Cost": 0.0,
                            "Total Cost": 51065.35,
                            "Plan Rows": 2661135,
                            "Plan Width": 4,
                            "Actual Startup Time": 0.015,
                            "Actual Total Time": 183.443,
                            "Actual Rows": 2261965,
                            "Actual Loops": 2
                          },
                          {
                            "Node Type": "Hash",
                            "Parent Relationship": "Inner",
                            "Parallel Aware": true,
                            "Startup Cost": 58306.47,
                            "Total Cost": 58306.47,
                            "Plan Rows": 640800,
                            "Plan Width": 4,
                            "Actual Startup Time": 342.371,
                            "Actual Total Time": 342.372,
                            "Actual Rows": 522111,
                            "Actual Loops": 2,
                            "Hash Buckets": 2097152,
                            "Original Hash Buckets": 2097152,
                            "Hash Batches": 1,
                            "Original Hash Batches": 1,
                            "Peak Memory Usage": 57280,
                            "Plans": [
                              {
                                "Node Type": "Seq Scan",
                                "Parent Relationship": "Outer",
                                "Parallel Aware": true,
                                "Relation Name": "title",
                                "Alias": "t",
                                "Startup Cost": 0.0,
                                "Total Cost": 58306.47,
                                "Plan Rows": 640800,
                                "Plan Width": 4,
                                "Actual Startup Time": 0.029,
                                "Actual Total Time": 188.743,
                                "Actual Rows": 522111,
                                "Actual Loops": 2,
                                "Filter": "((production_year < 2009) AND (kind_id = 7))",
                                "Rows Removed by Filter": 742045
                              }
                            ]
                          }
                        ]
                      }
                    ]
                  }
                ]
              }
            ]
          }
        ]
      }
    ]
  },
  "Planning Time": 1.356,
  "Triggers": [],
  "Execution Time": 5612.023
}