[
  {
    "Plan": {
      "Node Type": "Aggregate",
      "Strategy": "Plain",
      "Partial Mode": "Finalize",
      "Parallel Aware": false,
      "Startup Cost": 341656.6,
      "Total Cost": 341656.61,
      "Plan Rows": 1,
      "Plan Width": 8,
      "Actual Startup Time": 862.299,
      "Actual Total Time": 927.055,
      "Actual Rows": 1,
      "Actual Loops": 1,
      "Plans": [
        {
          "Node Type": "Gather",
          "Parent Relationship": "Outer",
          "Parallel Aware": false,
          "Startup Cost": 341655.97,
          "Total Cost": 341656.58,
          "Plan Rows": 6,
          "Plan Width": 8,
          "Actual Startup Time": 862.074,
          "Actual Total Time": 927.04,
          "Actual Rows": 7,
          "Actual Loops": 1,
          "Workers Planned": 6,
          "Workers Launched": 6,
          "Single Copy": false,
          "Plans": [
            {
              "Node Type": "Aggregate",
              "Strategy": "Plain",
              "Partial Mode": "Partial",
              "Parent Relationship": "Outer",
              "Parallel Aware": false,
              "Startup Cost": 340655.97,
              "Total Cost": 340655.98,
              "Plan Rows": 1,
              "Plan Width": 8,
              "Actual Startup Time": 854.157,
              "Actual Total Time": 854.159,
              "Actual Rows": 1,
              "Actual Loops": 7,
              "Plans": [
                {
                  "Node Type": "Seq Scan",
                  "Parent Relationship": "Outer",
                  "Parallel Aware": true,
                  "Relation Name": "cast_info",
                  "Alias": "ci",
                  "Startup Cost": 0.0,
                  "Total Cost": 328211.39,
                  "Plan Rows": 4977832,
                  "Plan Width": 0,
                  "Actual Startup Time": 0.033,
                  "Actual Total Time": 657.168,
                  "Actual Rows": 4276251,
                  "Actual Loops": 7,
                  "Filter": "(person_id < 3021626)",
                  "Rows Removed by Filter": 901513
                }
              ]
            }
          ]
        }
      ]
    },
    "Planning Time": 0.087,
    "Triggers": [],
    "Execution Time": 927.104
  }
]