[
  {
    "Plan": {
      "Node Type": "Aggregate",
      "Strategy": "Plain",
      "Partial Mode": "Finalize",
      "Parallel Aware": false,
      "Startup Cost": 99007.5,
      "Total Cost": 99007.51,
      "Plan Rows": 1,
      "Plan Width": 8,
      "Actual Startup Time": 506.886,
      "Actual Total Time": 526.215,
      "Actual Rows": 1,
      "Actual Loops": 1,
      "Plans": [
        {
          "Node Type": "Gather",
          "Parent Relationship": "Outer",
          "Parallel Aware": false,
          "Startup Cost": 99007.28,
          "Total Cost": 99007.49,
          "Plan Rows": 2,
          "Plan Width": 8,
          "Actual Startup Time": 501.881,
          "Actual Total Time": 526.19,
          "Actual Rows": 3,
          "Actual Loops": 1,
          "Workers Planned": 2,
          "Workers Launched": 2,
          "Single Copy": false,
          "Plans": [
            {
              "Node Type": "Aggregate",
              "Strategy": "Plain",
              "Partial Mode": "Partial",
              "Parent Relationship": "Outer",
              "Parallel Aware": false,
              "Startup Cost": 98007.28,
              "Total Cost": 98007.29,
              "Plan Rows": 1,
              "Plan Width": 8,
              "Actual Startup Time": 491.738,
              "Actual Total Time": 491.746,
              "Actual Rows": 1,
              "Actual Loops": 3,
              "Plans": [
                {
                  "Node Type": "Hash Join",
                  "Parent Relationship": "Outer",
                  "Parallel Aware": true,
                  "Join Type": "Inner",
                  "Startup Cost": 81816.76,
                  "Total Cost": 97854.87,
                  "Plan Rows": 60965,
                  "Plan Width": 0,
                  "Actual Startup Time": 447.342,
                  "Actual Total Time": 490.628,
                  "Actual Rows": 25248,
                  "Actual Loops": 3,
                  "Inner Unique": false,
                  "Hash Cond": "(mi_idx.movie_id = t.id)",
                  "Plans": [
                    {
                      "Node Type": "Seq Scan",
                      "Parent Relationship": "Outer",
                      "Parallel Aware": true,
                      "Relation Name": "movie_info_idx",
                      "Alias": "mi_idx",
                      "Startup Cost": 0.0,
                      "Total Cost": 13685.15,
                      "Plan Rows": 575015,
                      "Plan Width": 4,
                      "Actual Startup Time": 0.016,
                      "Actual Total Time": 36.951,
                      "Actual Rows": 460012,
                      "Actual Loops": 3
                    },
                    {
                      "Node Type": "Hash",
                      "Parent Relationship": "Inner",
                      "Parallel Aware": true,
                      "Startup Cost": 80735.82,
                      "Total Cost": 80735.82,
                      "Plan Rows": 86475,
                      "Plan Width": 8,
                      "Actual Startup Time": 408.654,
                      "Actual Total Time": 408.659,
                      "Actual Rows": 18455,
                      "Actual Loops": 3,
                      "Hash Buckets": 524288,
                      "Original Hash Buckets": 524288,
                      "Hash Batches": 1,
                      "Original Hash Batches": 1,
                      "Peak Memory Usage": 6304,
                      "Plans": [
                        {
                          "Node Type": "Hash Join",
                          "Parent Relationship": "Outer",
                          "Parallel Aware": true,
                          "Join Type": "Inner",
                          "Startup Cost": 48967.08,
                          "Total Cost": 80735.82,
                          "Plan Rows": 86475,
                          "Plan Width": 8,
                          "Actual Startup Time": 327.865,
                          "Actual Total Time": 402.169,
                          "Actual Rows": 18455,
                          "Actual Loops": 3,
                          "Inner Unique": true,
                          "Hash Cond": "(mc.movie_id = t.id)",
                          "Plans": [
                            {
                              "Node Type": "Seq Scan",
                              "Parent Relationship": "Outer",
                              "Parallel Aware": true,
                              "Relation Name": "movie_companies",
                              "Alias": "mc",
                              "Startup Cost": 0.0,
                              "Total Cost": 31414.82,
                              "Plan Rows": 134826,
                              "Plan Width": 4,
                              "Actual Startup Time": 13.706,
                              "Actual Total Time": 72.046,
                              "Actual Rows": 30659,
                              "Actual Loops": 3,
                              "Filter": "((company_id > 25771) AND (company_type_id = 1))",
                              "Rows Removed by Filter": 839050
                            },
                            {
                              "Node Type": "Hash",
                              "Parent Relationship": "Inner",
                              "Parallel Aware": true,
                              "Startup Cost": 43899.32,
                              "Total Cost": 43899.32,
                              "Plan Rows": 405421,
                              "Plan Width": 4,
                              "Actual Startup Time": 308.968,
                              "Actual Total Time": 308.97,
                              "Actual Rows": 535692,
                              "Actual Loops": 3,
                              "Hash Buckets": 2097152,
                              "Original Hash Buckets": 2097152,
                              "Hash Batches": 1,
                              "Original Hash Batches": 1,
                              "Peak Memory Usage": 79296,
                              "Plans": [
                                {
                                  "Node Type": "Seq Scan",
                                  "Parent Relationship": "Outer",
                                  "Parallel Aware": true,
                                  "Relation Name": "title",
                                  "Alias": "t",
                                  "Startup Cost": 0.0,
                                  "Total Cost": 43899.32,
                                  "Plan Rows": 405421,
                                  "Plan Width": 4,
                                  "Actual Startup Time": 0.048,
                                  "Actual Total Time": 132.507,
                                  "Actual Rows": 535692,
                                  "Actual Loops": 3,
                                  "Filter": "(production_year > 1995)",
                                  "Rows Removed by Filter": 307078
                                }
                              ]
                            }
                          ]
                        }
                      ]
                    }
                  ]
                }
              ]
            }
          ]
        }
      ]
    },
    "Planning Time": 0.565,
    "Triggers": [],
    "Execution Time": 526.264
  }
]