[
  {
    "Plan": {
      "Node Type": "Aggregate",
      "Strategy": "Plain",
      "Partial Mode": "Finalize",
      "Parallel Aware": false,
      "Startup Cost": 97146.63,
      "Total Cost": 97146.64,
      "Plan Rows": 1,
      "Plan Width": 8,
      "Actual Startup Time": 375.011,
      "Actual Total Time": 393.446,
      "Actual Rows": 1,
      "Actual Loops": 1,
      "Plans": [
        {
          "Node Type": "Gather",
          "Parent Relationship": "Outer",
          "Parallel Aware": false,
          "Startup Cost": 97146.41,
          "Total Cost": 97146.62,
          "Plan Rows": 2,
          "Plan Width": 8,
          "Actual Startup Time": 374.245,
          "Actual Total Time": 393.435,
          "Actual Rows": 3,
          "Actual Loops": 1,
          "Workers Planned": 2,
          "Workers Launched": 2,
          "Single Copy": false,
          "Plans": [
            {
              "Node Type": "Aggregate",
              "Strategy": "Plain",
              "Partial Mode": "Partial",
              "Parent Relationship": "Outer",
              "Parallel Aware": false,
              "Startup Cost": 96146.41,
              "Total Cost": 96146.42,
              "Plan Rows": 1,
              "Plan Width": 8,
              "Actual Startup Time": 365.273,
              "Actual Total Time": 365.281,
              "Actual Rows": 1,
              "Actual Loops": 3,
              "Plans": [
                {
                  "Node Type": "Hash Join",
                  "Parent Relationship": "Outer",
                  "Parallel Aware": true,
                  "Join Type": "Inner",
                  "Startup Cost": 80007.92,
                  "Total Cost": 95997.89,
                  "Plan Rows": 59408,
                  "Plan Width": 0,
                  "Actual Startup Time": 323.907,
                  "Actual Total Time": 364.21,
                  "Actual Rows": 25248,
                  "Actual Loops": 3,
                  "Inner Unique": false,
                  "Hash Cond": "(mi_idx.movie_id = t.id)",
                  "Plans": [
                    {
                      "Node Type": "Seq Scan",
                      "Parent Relationship": "Outer",
                      "Parallel Aware": true,
                      "Relation Name": "movie_info_idx",
                      "Alias": "mi_idx",
                      "Startup Cost": 0.0,
                      "Total Cost": 13685.15,
                      "Plan Rows": 575015,
                      "Plan Width": 4,
                      "Actual Startup Time": 0.03,
                      "Actual Total Time": 34.813,
                      "Actual Rows": 460012,
                      "Actual Loops": 3
                    },
                    {
                      "Node Type": "Hash",
                      "Parent Relationship": "Inner",
                      "Parallel Aware": true,
                      "Startup Cost": 79191.63,
                      "Total Cost": 79191.63,
                      "Plan Rows": 65303,
                      "Plan Width": 8,
                      "Actual Startup Time": 286.9,
                      "Actual Total Time": 286.905,
                      "Actual Rows": 18455,
                      "Actual Loops": 3,
                      "Hash Buckets": 262144,
                      "Original Hash Buckets": 262144,
                      "Hash Batches": 1,
                      "Original Hash Batches": 1,
                      "Peak Memory Usage": 4256,
                      "Plans": [
                        {
                          "Node Type": "Hash Join",
                          "Parent Relationship": "Outer",
                          "Parallel Aware": true,
                          "Join Type": "Inner",
                          "Startup Cost": 33065.49,
                          "Total Cost": 79191.63,
                          "Plan Rows": 65303,
                          "Plan Width": 8,
                          "Actual Startup Time": 223.16,
                          "Actual Total Time": 280.535,
                          "Actual Rows": 18455,
                          "Actual Loops": 3,
                          "Inner Unique": false,
                          "Hash Cond": "(t.id = mc.movie_id)",
                          "Plans": [
                            {
                              "Node Type": "Seq Scan",
                              "Parent Relationship": "Outer",
                              "Parallel Aware": true,
                              "Relation Name": "title",
                              "Alias": "t",
                              "Startup Cost": 0.0,
                              "Total Cost": 43898.92,
                              "Plan Rows": 403315,
                              "Plan Width": 4,
                              "Actual Startup Time": 0.011,
                              "Actual Total Time": 109.541,
                              "Actual Rows": 535692,
                              "Actual Loops": 3,
                              "Filter": "(production_year > 1995)",
                              "Rows Removed by Filter": 307078
                            },
                            {
                              "Node Type": "Hash",
                              "Parent Relationship": "Inner",
                              "Parallel Aware": true,
                              "Startup Cost": 31414.82,
                              "Total Cost": 31414.82,
                              "Plan Rows": 132054,
                              "Plan Width": 4,
                              "Actual Startup Time": 101.945,
                              "Actual Total Time": 101.947,
                              "Actual Rows": 30659,
                              "Actual Loops": 3,
                              "Hash Buckets": 524288,
                              "Original Hash Buckets": 524288,
                              "Hash Batches": 1,
                              "Original Hash Batches": 1,
                              "Peak Memory Usage": 7744,
                              "Plans": [
                                {
                                  "Node Type": "Seq Scan",
                                  "Parent Relationship": "Outer",
                                  "Parallel Aware": true,
                                  "Relation Name": "movie_companies",
                                  "Alias": "mc",
                                  "Startup Cost": 0.0,
                                  "Total Cost": 31414.82,
                                  "Plan Rows": 132054,
                                  "Plan Width": 4,
                                  "Actual Startup Time": 29.851,
                                  "Actual Total Time": 90.541,
                                  "Actual Rows": 30659,
                                  "Actual Loops": 3,
                                  "Filter": "((company_id > 25771) AND (company_type_id = 1))",
                                  "Rows Removed by Filter": 839050
                                }
                              ]
                            }
                          ]
                        }
                      ]
                    }
                  ]
                }
              ]
            }
          ]
        }
      ]
    },
    "Planning Time": 1.524,
    "Triggers": [],
    "Execution Time": 393.55
  }
]