{
  "Plan": {
    "Node Type": "Aggregate",
    "Strategy": "Plain",
    "Partial Mode": "Finalize",
    "Parallel Aware": false,
    "Startup Cost": 80427.15,
    "Total Cost": 80427.16,
    "Plan Rows": 1,
    "Plan Width": 8,
    "Actual Startup Time": 292.946,
    "Actual Total Time": 319.516,
    "Actual Rows": 1,
    "Actual Loops": 1,
    "Plans": [
      {
        "Node Type": "Gather",
        "Parent Relationship": "Outer",
        "Parallel Aware": false,
        "Startup Cost": 80427.03,
        "Total Cost": 80427.14,
        "Plan Rows": 1,
        "Plan Width": 8,
        "Actual Startup Time": 292.748,
        "Actual Total Time": 319.507,
        "Actual Rows": 2,
        "Actual Loops": 1,
        "Workers Planned": 1,
        "Workers Launched": 1,
        "Single Copy": false,
        "Plans": [
          {
            "Node Type": "Aggregate",
            "Strategy": "Plain",
            "Partial Mode": "Partial",
            "Parent Relationship": "Outer",
            "Parallel Aware": false,
            "Startup Cost": 79427.03,
            "Total Cost": 79427.04,
            "Plan Rows": 1,
            "Plan Width": 8,
            "Actual Startup Time": 286.66,
            "Actual Total Time": 286.663,
            "Actual Rows": 1,
            "Actual Loops": 2,
            "Plans": [
              {
                "Node Type": "Nested Loop",
                "Parent Relationship": "Outer",
                "Parallel Aware": false,
                "Join Type": "Inner",
                "Startup Cost": 54670.75,
                "Total Cost": 79384.89,
                "Plan Rows": 16858,
                "Plan Width": 0,
                "Actual Startup Time": 142.766,
                "Actual Total Time": 284.849,
                "Actual Rows": 28283,
                "Actual Loops": 2,
                "Inner Unique": false,
                "Join Filter": "(t.id = ci.movie_id)",
                "Rows Removed by Join Filter": 0,
                "Plans": [
                  {
                    "Node Type": "Hash Join",
                    "Parent Relationship": "Outer",
                    "Parallel Aware": true,
                    "Join Type": "Inner",
                    "Startup Cost": 54670.19,
                    "Total Cost": 73454.51,
                    "Plan Rows": 1176,
                    "Plan Width": 8,
                    "Actual Startup Time": 142.692,
                    "Actual Total Time": 213.613,
                    "Actual Rows": 1247,
                    "Actual Loops": 2,
                    "Inner Unique": true,
                    "Hash Cond": "(mi_idx.movie_id = t.id)",
                    "Plans": [
                      {
                        "Node Type": "Seq Scan",
                        "Parent Relationship": "Outer",
                        "Parallel Aware": true,
                        "Relation Name": "movie_info_idx",
                        "Alias": "mi_idx",
                        "Startup Cost": 0.0,
                        "Total Cost": 18082.32,
                        "Plan Rows": 267429,
                        "Plan Width": 4,
                        "Actual Startup Time": 0.018,
                        "Actual Total Time": 50.467,
                        "Actual Rows": 229962,
                        "Actual Loops": 2,
                        "Filter": "(info_type_id < 100)",
                        "Rows Removed by Filter": 460055
                      },
                      {
                        "Node Type": "Hash",
                        "Parent Relationship": "Inner",
                        "Parallel Aware": true,
                        "Startup Cost": 54588.39,
                        "Total Cost": 54588.39,
                        "Plan Rows": 6544,
                        "Plan Width": 4,
                        "Actual Startup Time": 141.19,
                        "Actual Total Time": 141.191,
                        "Actual Rows": 5536,
                        "Actual Loops": 2,
                        "Hash Buckets": 16384,
                        "Original Hash Buckets": 16384,
                        "Hash Batches": 1,
                        "Original Hash Batches": 1,
                        "Peak Memory Usage": 608,
                        "Plans": [
                          {
                            "Node Type": "Seq Scan",
                            "Parent Relationship": "Outer",
                            "Parallel Aware": true,
                            "Relation Name": "title",
                            "Alias": "t",
                            "Startup Cost": 0.0,
                            "Total Cost": 54588.39,
                            "Plan Rows": 6544,
                            "Plan Width": 4,
                            "Actual Startup Time": 0.157,
                            "Actual Total Time": 138.641,
                            "Actual Rows": 5536,
                            "Actual Loops": 2,
                            "Filter": "(production_year = 1961)",
                            "Rows Removed by Filter": 1258620
                          }
                        ]
                      }
                    ]
                  },
                  {
                    "Node Type": "Index Only Scan",
                    "Parent Relationship": "Inner",
                    "Parallel Aware": false,
                    "Scan Direction": "Forward",
                    "Index Name": "movie_id_cast_info",
                    "Relation Name": "cast_info",
                    "Alias": "ci",
                    "Startup Cost": 0.56,
                    "Total Cost": 4.58,
                    "Plan Rows": 37,
                    "Plan Width": 4,
                    "Actual Startup Time": 0.01,
                    "Actual Total Time": 0.054,
                    "Actual Rows": 23,
                    "Actual Loops": 2494,
                    "Index Cond": "(movie_id = mi_idx.movie_id)",
                    "Rows Removed by Index Recheck": 0,
                    "Heap Fetches": 56566
                  }
                ]
              }
            ]
          }
        ]
      }
    ]
  },
  "Planning Time": 0.883,
  "Triggers": [],
  "Execution Time": 319.621
}