[
  {
    "Plan": {
      "Node Type": "Aggregate",
      "Strategy": "Plain",
      "Partial Mode": "Finalize",
      "Parallel Aware": false,
      "Startup Cost": 46855.68,
      "Total Cost": 46855.69,
      "Plan Rows": 1,
      "Plan Width": 8,
      "Actual Startup Time": 186.494,
      "Actual Total Time": 195.991,
      "Actual Rows": 1,
      "Actual Loops": 1,
      "Plans": [
        {
          "Node Type": "Gather",
          "Parent Relationship": "Outer",
          "Parallel Aware": false,
          "Startup Cost": 46855.37,
          "Total Cost": 46855.68,
          "Plan Rows": 3,
          "Plan Width": 8,
          "Actual Startup Time": 186.394,
          "Actual Total Time": 195.983,
          "Actual Rows": 4,
          "Actual Loops": 1,
          "Workers Planned": 3,
          "Workers Launched": 3,
          "Single Copy": false,
          "Plans": [
            {
              "Node Type": "Aggregate",
              "Strategy": "Plain",
              "Partial Mode": "Partial",
              "Parent Relationship": "Outer",
              "Parallel Aware": false,
              "Startup Cost": 45855.37,
              "Total Cost": 45855.38,
              "Plan Rows": 1,
              "Plan Width": 8,
              "Actual Startup Time": 178.081,
              "Actual Total Time": 178.083,
              "Actual Rows": 1,
              "Actual Loops": 4,
              "Plans": [
                {
                  "Node Type": "Seq Scan",
                  "Parent Relationship": "Outer",
                  "Parallel Aware": true,
                  "Relation Name": "movie_keyword",
                  "Alias": "mk",
                  "Startup Cost": 0.0,
                  "Total Cost": 42695.65,
                  "Plan Rows": 1263885,
                  "Plan Width": 0,
                  "Actual Startup Time": 0.063,
                  "Actual Total Time": 130.748,
                  "Actual Rows": 982244,
                  "Actual Loops": 4,
                  "Filter": "(keyword_id < 30946)",
                  "Rows Removed by Filter": 148739
                }
              ]
            }
          ]
        }
      ]
    },
    "Planning Time": 0.157,
    "Triggers": [],
    "Execution Time": 196.04
  }
]