[
  {
    "Plan": {
      "Node Type": "Aggregate",
      "Strategy": "Plain",
      "Partial Mode": "Finalize",
      "Parallel Aware": false,
      "Startup Cost": 238307.69,
      "Total Cost": 238307.7,
      "Plan Rows": 1,
      "Plan Width": 8,
      "Actual Startup Time": 543.47,
      "Actual Total Time": 559.457,
      "Actual Rows": 1,
      "Actual Loops": 1,
      "Plans": [
        {
          "Node Type": "Gather",
          "Parent Relationship": "Outer",
          "Parallel Aware": false,
          "Startup Cost": 238307.47,
          "Total Cost": 238307.68,
          "Plan Rows": 2,
          "Plan Width": 8,
          "Actual Startup Time": 537.645,
          "Actual Total Time": 559.446,
          "Actual Rows": 3,
          "Actual Loops": 1,
          "Workers Planned": 2,
          "Workers Launched": 2,
          "Single Copy": false,
          "Plans": [
            {
              "Node Type": "Aggregate",
              "Strategy": "Plain",
              "Partial Mode": "Partial",
              "Parent Relationship": "Outer",
              "Parallel Aware": false,
              "Startup Cost": 237307.47,
              "Total Cost": 237307.48,
              "Plan Rows": 1,
              "Plan Width": 8,
              "Actual Startup Time": 523.915,
              "Actual Total Time": 523.922,
              "Actual Rows": 1,
              "Actual Loops": 3,
              "Plans": [
                {
                  "Node Type": "Hash Join",
                  "Parent Relationship": "Outer",
                  "Parallel Aware": true,
                  "Join Type": "Inner",
                  "Startup Cost": 221314.41,
                  "Total Cost": 237223.25,
                  "Plan Rows": 33690,
                  "Plan Width": 0,
                  "Actual Startup Time": 438.047,
                  "Actual Total Time": 523.896,
                  "Actual Rows": 301,
                  "Actual Loops": 3,
                  "Inner Unique": false,
                  "Hash Cond": "(mi_idx.movie_id = t.id)",
                  "Plans": [
                    {
                      "Node Type": "Seq Scan",
                      "Parent Relationship": "Outer",
                      "Parallel Aware": true,
                      "Relation Name": "movie_info_idx",
                      "Alias": "mi_idx",
                      "Startup Cost": 0.0,
                      "Total Cost": 13685.15,
                      "Plan Rows": 575015,
                      "Plan Width": 4,
                      "Actual Startup Time": 0.022,
                      "Actual Total Time": 44.268,
                      "Actual Rows": 460012,
                      "Actual Loops": 3
                    },
                    {
                      "Node Type": "Hash",
                      "Parent Relationship": "Inner",
                      "Parallel Aware": true,
                      "Startup Cost": 220944.06,
                      "Total Cost": 220944.06,
                      "Plan Rows": 29628,
                      "Plan Width": 8,
                      "Actual Startup Time": 434.272,
                      "Actual Total Time": 434.277,
                      "Actual Rows": 101,
                      "Actual Loops": 3,
                      "Hash Buckets": 262144,
                      "Original Hash Buckets": 262144,
                      "Hash Batches": 1,
                      "Original Hash Batches": 1,
                      "Peak Memory Usage": 2144,
                      "Plans": [
                        {
                          "Node Type": "Hash Join",
                          "Parent Relationship": "Outer",
                          "Parallel Aware": true,
                          "Join Type": "Inner",
                          "Startup Cost": 54783.85,
                          "Total Cost": 220944.06,
                          "Plan Rows": 29628,
                          "Plan Width": 8,
                          "Actual Startup Time": 401.603,
                          "Actual Total Time": 433.745,
                          "Actual Rows": 101,
                          "Actual Loops": 3,
                          "Inner Unique": true,
                          "Hash Cond": "(mi.movie_id = t.id)",
                          "Plans": [
                            {
                              "Node Type": "Bitmap Heap Scan",
                              "Parent Relationship": "Outer",
                              "Parallel Aware": true,
                              "Relation Name": "movie_info",
                              "Alias": "mi",
                              "Startup Cost": 5351.18,
                              "Total Cost": 171355.94,
                              "Plan Rows": 59219,
                              "Plan Width": 4,
                              "Actual Startup Time": 15.651,
                              "Actual Total Time": 38.436,
                              "Actual Rows": 102263,
                              "Actual Loops": 3,
                              "Recheck Cond": "(info_type_id > 105)",
                              "Rows Removed by Index Recheck": 0,
                              "Exact Heap Blocks": 1990,
                              "Lossy Heap Blocks": 0,
                              "Plans": [
                                {
                                  "Node Type": "Bitmap Index Scan",
                                  "Parent Relationship": "Outer",
                                  "Parallel Aware": false,
                                  "Index Name": "info_type_id_movie_info",
                                  "Startup Cost": 0.0,
                                  "Total Cost": 5277.15,
                                  "Plan Rows": 296096,
                                  "Plan Width": 0,
                                  "Actual Startup Time": 14.555,
                                  "Actual Total Time": 14.558,
                                  "Actual Rows": 306788,
                                  "Actual Loops": 1,
                                  "Index Cond": "(info_type_id > 105)"
                                }
                              ]
                            },
                            {
                              "Node Type": "Hash",
                              "Parent Relationship": "Inner",
                              "Parallel Aware": true,
                              "Startup Cost": 45479.59,
                              "Total Cost": 45479.59,
                              "Plan Rows": 316247,
                              "Plan Width": 4,
                              "Actual Startup Time": 370.303,
                              "Actual Total Time": 370.304,
                              "Actual Rows": 446872,
                              "Actual Loops": 3,
                              "Hash Buckets": 2097152,
                              "Original Hash Buckets": 2097152,
                              "Hash Batches": 1,
                              "Original Hash Batches": 1,
                              "Peak Memory Usage": 68896,
                              "Plans": [
                                {
                                  "Node Type": "Seq Scan",
                                  "Parent Relationship": "Outer",
                                  "Parallel Aware": true,
                                  "Relation Name": "title",
                                  "Alias": "t",
                                  "Startup Cost": 0.0,
                                  "Total Cost": 45479.59,
                                  "Plan Rows": 316247,
                                  "Plan Width": 4,
                                  "Actual Startup Time": 0.058,
                                  "Actual Total Time": 160.08,
                                  "Actual Rows": 446872,
                                  "Actual Loops": 3,
                                  "Filter": "((production_year > 1971) AND (kind_id = 7))",
                                  "Rows Removed by Filter": 395899
                                }
                              ]
                            }
                          ]
                        }
                      ]
                    }
                  ]
                }
              ]
            }
          ]
        }
      ]
    },
    "Planning Time": 0.793,
    "Triggers": [],
    "Execution Time": 559.52
  }
]