{
  "Plan": {
    "Node Type": "Aggregate",
    "Strategy": "Plain",
    "Partial Mode": "Finalize",
    "Parallel Aware": false,
    "Startup Cost": 100461.68,
    "Total Cost": 100461.69,
    "Plan Rows": 1,
    "Plan Width": 8,
    "Actual Startup Time": 530.72,
    "Actual Total Time": 547.834,
    "Actual Rows": 1,
    "Actual Loops": 1,
    "Plans": [
      {
        "Node Type": "Gather",
        "Parent Relationship": "Outer",
        "Parallel Aware": false,
        "Startup Cost": 100461.57,
        "Total Cost": 100461.68,
        "Plan Rows": 1,
        "Plan Width": 8,
        "Actual Startup Time": 527.587,
        "Actual Total Time": 547.826,
        "Actual Rows": 2,
        "Actual Loops": 1,
        "Workers Planned": 1,
        "Workers Launched": 1,
        "Single Copy": false,
        "Plans": [
          {
            "Node Type": "Aggregate",
            "Strategy": "Plain",
            "Partial Mode": "Partial",
            "Parent Relationship": "Outer",
            "Parallel Aware": false,
            "Startup Cost": 99461.57,
            "Total Cost": 99461.58,
            "Plan Rows": 1,
            "Plan Width": 8,
            "Actual Startup Time": 519.341,
            "Actual Total Time": 519.344,
            "Actual Rows": 1,
            "Actual Loops": 2,
            "Plans": [
              {
                "Node Type": "Hash Join",
                "Parent Relationship": "Outer",
                "Parallel Aware": true,
                "Join Type": "Inner",
                "Startup Cost": 72423.48,
                "Total Cost": 99207.26,
                "Plan Rows": 101726,
                "Plan Width": 0,
                "Actual Startup Time": 416.957,
                "Actual Total Time": 514.2,
                "Actual Rows": 115271,
                "Actual Loops": 2,
                "Inner Unique": true,
                "Hash Cond": "(mk.movie_id = t.id)",
                "Plans": [
                  {
                    "Node Type": "Bitmap Heap Scan",
                    "Parent Relationship": "Outer",
                    "Parallel Aware": true,
                    "Relation Name": "movie_keyword",
                    "Alias": "mk",
                    "Startup Cost": 5557.84,
                    "Total Cost": 31937.27,
                    "Plan Rows": 154035,
                    "Plan Width": 4,
                    "Actual Startup Time": 16.428,
                    "Actual Total Time": 66.704,
                    "Actual Rows": 136223,
                    "Actual Loops": 2,
                    "Recheck Cond": "(keyword_id < 231)",
                    "Rows Removed by Index Recheck": 0,
                    "Exact Heap Blocks": 14153,
                    "Lossy Heap Blocks": 0,
                    "Plans": [
                      {
                        "Node Type": "Bitmap Index Scan",
                        "Parent Relationship": "Outer",
                        "Parallel Aware": false,
                        "Index Name": "keyword_id_movie_keyword",
                        "Startup Cost": 0.0,
                        "Total Cost": 5492.38,
                        "Plan Rows": 261859,
                        "Plan Width": 0,
                        "Actual Startup Time": 12.872,
                        "Actual Total Time": 12.873,
                        "Actual Rows": 272446,
                        "Actual Loops": 1,
                        "Index Cond": "(keyword_id < 231)"
                      }
                    ]
                  },
                  {
                    "Node Type": "Hash",
                    "Parent Relationship": "Inner",
                    "Parallel Aware": true,
                    "Startup Cost": 54588.39,
                    "Total Cost": 54588.39,
                    "Plan Rows": 982180,
                    "Plan Width": 4,
                    "Actual Startup Time": 385.834,
                    "Actual Total Time": 385.835,
                    "Actual Rows": 835646,
                    "Actual Loops": 2,
                    "Hash Buckets": 2097152,
                    "Original Hash Buckets": 2097152,
                    "Hash Batches": 1,
                    "Original Hash Batches": 1,
                    "Peak Memory Usage": 81792,
                    "Plans": [
                      {
                        "Node Type": "Seq Scan",
                        "Parent Relationship": "Outer",
                        "Parallel Aware": true,
                        "Relation Name": "title",
                        "Alias": "t",
                        "Startup Cost": 0.0,
                        "Total Cost": 54588.39,
                        "Plan Rows": 982180,
                        "Plan Width": 4,
                        "Actual Startup Time": 0.029,
                        "Actual Total Time": 172.83,
                        "Actual Rows": 835646,
                        "Actual Loops": 2,
                        "Filter": "(production_year < 2008)",
                        "Rows Removed by Filter": 428510
                      }
                    ]
                  }
                ]
              }
            ]
          }
        ]
      }
    ]
  },
  "Planning Time": 0.643,
  "Triggers": [],
  "Execution Time": 547.932
}