[
    {
        "Bao": {
            "Bao prediction": 662.572,
            "Bao recommended hint": "(no hint)"
        }
    },
    {
        "Plan": {
            "Node Type": "Aggregate",
            "Strategy": "Plain",
            "Partial Mode": "Finalize",
            "Parallel Aware": false,
            "Startup Cost": 284001.78,
            "Total Cost": 284001.79,
            "Plan Rows": 1,
            "Plan Width": 8,
            "Actual Startup Time": 169.196,
            "Actual Total Time": 175.046,
            "Actual Rows": 1,
            "Actual Loops": 1,
            "Output": [
                "count(*)"
            ],
            "Plans": [
                {
                    "Node Type": "Gather",
                    "Parent Relationship": "Outer",
                    "Parallel Aware": false,
                    "Startup Cost": 284001.16,
                    "Total Cost": 284001.77,
                    "Plan Rows": 6,
                    "Plan Width": 8,
                    "Actual Startup Time": 168.391,
                    "Actual Total Time": 175.036,
                    "Actual Rows": 7,
                    "Actual Loops": 1,
                    "Output": [
                        "(PARTIAL count(*))"
                    ],
                    "Workers Planned": 6,
                    "Workers Launched": 6,
                    "Single Copy": false,
                    "Plans": [
                        {
                            "Node Type": "Aggregate",
                            "Strategy": "Plain",
                            "Partial Mode": "Partial",
                            "Parent Relationship": "Outer",
                            "Parallel Aware": false,
                            "Startup Cost": 283001.16,
                            "Total Cost": 283001.17,
                            "Plan Rows": 1,
                            "Plan Width": 8,
                            "Actual Startup Time": 159.073,
                            "Actual Total Time": 159.075,
                            "Actual Rows": 1,
                            "Actual Loops": 7,
                            "Output": [
                                "PARTIAL count(*)"
                            ],
                            "Workers": [
                                {
                                    "Worker Number": 0,
                                    "Actual Startup Time": 156.636,
                                    "Actual Total Time": 156.637,
                                    "Actual Rows": 1,
                                    "Actual Loops": 1
                                },
                                {
                                    "Worker Number": 1,
                                    "Actual Startup Time": 156.645,
                                    "Actual Total Time": 156.646,
                                    "Actual Rows": 1,
                                    "Actual Loops": 1
                                },
                                {
                                    "Worker Number": 2,
                                    "Actual Startup Time": 156.791,
                                    "Actual Total Time": 156.793,
                                    "Actual Rows": 1,
                                    "Actual Loops": 1
                                },
                                {
                                    "Worker Number": 3,
                                    "Actual Startup Time": 157.054,
                                    "Actual Total Time": 157.055,
                                    "Actual Rows": 1,
                                    "Actual Loops": 1
                                },
                                {
                                    "Worker Number": 4,
                                    "Actual Startup Time": 161.053,
                                    "Actual Total Time": 161.055,
                                    "Actual Rows": 1,
                                    "Actual Loops": 1
                                },
                                {
                                    "Worker Number": 5,
                                    "Actual Startup Time": 157.781,
                                    "Actual Total Time": 157.783,
                                    "Actual Rows": 1,
                                    "Actual Loops": 1
                                }
                            ],
                            "Plans": [
                                {
                                    "Node Type": "Bitmap Heap Scan",
                                    "Parent Relationship": "Outer",
                                    "Parallel Aware": true,
                                    "Relation Name": "cast_info",
                                    "Schema": "public",
                                    "Alias": "ci",
                                    "Startup Cost": 27230.84,
                                    "Total Cost": 282487.27,
                                    "Plan Rows": 205554,
                                    "Plan Width": 0,
                                    "Actual Startup Time": 72.137,
                                    "Actual Total Time": 144.519,
                                    "Actual Rows": 189794,
                                    "Actual Loops": 7,
                                    "Recheck Cond": "(ci.person_id > 3804546)",
                                    "Rows Removed by Index Recheck": 0,
                                    "Exact Heap Blocks": 4116,
                                    "Lossy Heap Blocks": 0,
                                    "Workers": [
                                        {
                                            "Worker Number": 0,
                                            "Actual Startup Time": 70.031,
                                            "Actual Total Time": 142.389,
                                            "Actual Rows": 175992,
                                            "Actual Loops": 1
                                        },
                                        {
                                            "Worker Number": 1,
                                            "Actual Startup Time": 69.718,
                                            "Actual Total Time": 142.356,
                                            "Actual Rows": 177301,
                                            "Actual Loops": 1
                                        },
                                        {
                                            "Worker Number": 2,
                                            "Actual Startup Time": 69.794,
                                            "Actual Total Time": 143.331,
                                            "Actual Rows": 166555,
                                            "Actual Loops": 1
                                        },
                                        {
                                            "Worker Number": 3,
                                            "Actual Startup Time": 70.179,
                                            "Actual Total Time": 143.625,
                                            "Actual Rows": 167760,
                                            "Actual Loops": 1
                                        },
                                        {
                                            "Worker Number": 4,
                                            "Actual Startup Time": 74.047,
                                            "Actual Total Time": 146.662,
                                            "Actual Rows": 178795,
                                            "Actual Loops": 1
                                        },
                                        {
                                            "Worker Number": 5,
                                            "Actual Startup Time": 70.991,
                                            "Actual Total Time": 143.444,
                                            "Actual Rows": 177861,
                                            "Actual Loops": 1
                                        }
                                    ],
                                    "Plans": [
                                        {
                                            "Node Type": "Bitmap Index Scan",
                                            "Parent Relationship": "Outer",
                                            "Parallel Aware": false,
                                            "Index Name": "person_id_cast_info",
                                            "Startup Cost": 0.0,
                                            "Total Cost": 26922.51,
                                            "Plan Rows": 1233326,
                                            "Plan Width": 0,
                                            "Actual Startup Time": 75.678,
                                            "Actual Total Time": 75.679,
                                            "Actual Rows": 1328555,
                                            "Actual Loops": 1,
                                            "Index Cond": "(ci.person_id > 3804546)"
                                        }
                                    ]
                                }
                            ]
                        }
                    ]
                }
            ]
        },
        "Planning Time": 1149.602,
        "Triggers": [],
        "Execution Time": 175.156
    }
]