[
  {
    "Plan": {
      "Node Type": "Aggregate",
      "Strategy": "Plain",
      "Partial Mode": "Finalize",
      "Parallel Aware": false,
      "Startup Cost": 45003.71,
      "Total Cost": 45003.72,
      "Plan Rows": 1,
      "Plan Width": 8,
      "Actual Startup Time": 165.026,
      "Actual Total Time": 175.486,
      "Actual Rows": 1,
      "Actual Loops": 1,
      "Plans": [
        {
          "Node Type": "Gather",
          "Parent Relationship": "Outer",
          "Parallel Aware": false,
          "Startup Cost": 45003.4,
          "Total Cost": 45003.71,
          "Plan Rows": 3,
          "Plan Width": 8,
          "Actual Startup Time": 164.906,
          "Actual Total Time": 175.473,
          "Actual Rows": 4,
          "Actual Loops": 1,
          "Workers Planned": 3,
          "Workers Launched": 3,
          "Single Copy": false,
          "Plans": [
            {
              "Node Type": "Aggregate",
              "Strategy": "Plain",
              "Partial Mode": "Partial",
              "Parent Relationship": "Outer",
              "Parallel Aware": false,
              "Startup Cost": 44003.4,
              "Total Cost": 44003.41,
              "Plan Rows": 1,
              "Plan Width": 8,
              "Actual Startup Time": 157.688,
              "Actual Total Time": 157.689,
              "Actual Rows": 1,
              "Actual Loops": 4,
              "Plans": [
                {
                  "Node Type": "Seq Scan",
                  "Parent Relationship": "Outer",
                  "Parallel Aware": true,
                  "Relation Name": "movie_keyword",
                  "Alias": "mk",
                  "Startup Cost": 0.0,
                  "Total Cost": 42695.65,
                  "Plan Rows": 523097,
                  "Plan Width": 0,
                  "Actual Startup Time": 0.684,
                  "Actual Total Time": 133.11,
                  "Actual Rows": 402671,
                  "Actual Loops": 4,
                  "Filter": "(keyword_id > 9420)",
                  "Rows Removed by Filter": 728312
                }
              ]
            }
          ]
        }
      ]
    },
    "Planning Time": 0.195,
    "Triggers": [],
    "Execution Time": 175.552
  }
]