[
  {
    "Plan": {
      "Node Type": "Aggregate",
      "Strategy": "Plain",
      "Partial Mode": "Finalize",
      "Parallel Aware": false,
      "Startup Cost": 90235.48,
      "Total Cost": 90235.49,
      "Plan Rows": 1,
      "Plan Width": 8,
      "Actual Startup Time": 240.967,
      "Actual Total Time": 259.297,
      "Actual Rows": 1,
      "Actual Loops": 1,
      "Plans": [
        {
          "Node Type": "Gather",
          "Parent Relationship": "Outer",
          "Parallel Aware": false,
          "Startup Cost": 90235.16,
          "Total Cost": 90235.47,
          "Plan Rows": 3,
          "Plan Width": 8,
          "Actual Startup Time": 240.678,
          "Actual Total Time": 259.289,
          "Actual Rows": 4,
          "Actual Loops": 1,
          "Workers Planned": 3,
          "Workers Launched": 3,
          "Single Copy": false,
          "Plans": [
            {
              "Node Type": "Aggregate",
              "Strategy": "Plain",
              "Partial Mode": "Partial",
              "Parent Relationship": "Outer",
              "Parallel Aware": false,
              "Startup Cost": 89235.16,
              "Total Cost": 89235.17,
              "Plan Rows": 1,
              "Plan Width": 8,
              "Actual Startup Time": 232.466,
              "Actual Total Time": 232.469,
              "Actual Rows": 1,
              "Actual Loops": 4,
              "Plans": [
                {
                  "Node Type": "Hash Join",
                  "Parent Relationship": "Outer",
                  "Parallel Aware": true,
                  "Join Type": "Inner",
                  "Startup Cost": 45606.21,
                  "Total Cost": 89221.08,
                  "Plan Rows": 5634,
                  "Plan Width": 0,
                  "Actual Startup Time": 109.085,
                  "Actual Total Time": 232.389,
                  "Actual Rows": 1394,
                  "Actual Loops": 4,
                  "Inner Unique": true,
                  "Hash Cond": "(mk.movie_id = t.id)",
                  "Plans": [
                    {
                      "Node Type": "Seq Scan",
                      "Parent Relationship": "Outer",
                      "Parallel Aware": true,
                      "Relation Name": "movie_keyword",
                      "Alias": "mk",
                      "Startup Cost": 0.0,
                      "Total Cost": 42695.65,
                      "Plan Rows": 350177,
                      "Plan Width": 4,
                      "Actual Startup Time": 1.324,
                      "Actual Total Time": 100.584,
                      "Actual Rows": 272059,
                      "Actual Loops": 4,
                      "Filter": "(keyword_id > 16264)",
                      "Rows Removed by Filter": 858923
                    },
                    {
                      "Node Type": "Hash",
                      "Parent Relationship": "Inner",
                      "Parallel Aware": true,
                      "Startup Cost": 45479.1,
                      "Total Cost": 45479.1,
                      "Plan Rows": 10169,
                      "Plan Width": 4,
                      "Actual Startup Time": 105.86,
                      "Actual Total Time": 105.861,
                      "Actual Rows": 10963,
                      "Actual Loops": 4,
                      "Hash Buckets": 65536,
                      "Original Hash Buckets": 65536,
                      "Hash Batches": 1,
                      "Original Hash Batches": 1,
                      "Peak Memory Usage": 2304,
                      "Plans": [
                        {
                          "Node Type": "Seq Scan",
                          "Parent Relationship": "Outer",
                          "Parallel Aware": true,
                          "Relation Name": "title",
                          "Alias": "t",
                          "Startup Cost": 0.0,
                          "Total Cost": 45479.1,
                          "Plan Rows": 10169,
                          "Plan Width": 4,
                          "Actual Startup Time": 0.055,
                          "Actual Total Time": 100.618,
                          "Actual Rows": 10963,
                          "Actual Loops": 4,
                          "Filter": "((kind_id = 7) AND (production_year = 2003))",
                          "Rows Removed by Filter": 621115
                        }
                      ]
                    }
                  ]
                }
              ]
            }
          ]
        }
      ]
    },
    "Planning Time": 0.639,
    "Triggers": [],
    "Execution Time": 259.375
  }
]