{
  "Plan": {
    "Node Type": "Aggregate",
    "Strategy": "Plain",
    "Partial Mode": "Simple",
    "Parallel Aware": false,
    "Startup Cost": 70000199349.38,
    "Total Cost": 70000199349.39,
    "Plan Rows": 1,
    "Plan Width": 64,
    "Actual Startup Time": 44298.223,
    "Actual Total Time": 44298.23,
    "Actual Rows": 1,
    "Actual Loops": 1,
    "Plans": [
      {
        "Node Type": "Nested Loop",
        "Parent Relationship": "Outer",
        "Parallel Aware": false,
        "Join Type": "Inner",
        "Startup Cost": 70000000002.14,
        "Total Cost": 70000199349.37,
        "Plan Rows": 1,
        "Plan Width": 23,
        "Actual Startup Time": 2604.655,
        "Actual Total Time": 44297.984,
        "Actual Rows": 71,
        "Actual Loops": 1,
        "Inner Unique": false,
        "Join Filter": "(mi_idx.movie_id = t.id)",
        "Rows Removed by Join Filter": 38977129,
        "Plans": [
          {
            "Node Type": "Nested Loop",
            "Parent Relationship": "Outer",
            "Parallel Aware": false,
            "Join Type": "Inner",
            "Startup Cost": 50000000001.72,
            "Total Cost": 50000136650.15,
            "Plan Rows": 1,
            "Plan Width": 29,
            "Actual Startup Time": 1486.109,
            "Actual Total Time": 2253.332,
            "Actual Rows": 150,
            "Actual Loops": 1,
            "Inner Unique": true,
            "Join Filter": "(mi.info_type_id = it1.id)",
            "Rows Removed by Join Filter": 14,
            "Plans": [
              {
                "Node Type": "Nested Loop",
                "Parent Relationship": "Outer",
                "Parallel Aware": false,
                "Join Type": "Inner",
                "Startup Cost": 40000000001.72,
                "Total Cost": 40000136647.73,
                "Plan Rows": 1,
                "Plan Width": 33,
                "Actual Startup Time": 1486.082,
                "Actual Total Time": 2251.032,
                "Actual Rows": 164,
                "Actual Loops": 1,
                "Inner Unique": false,
                "Join Filter": "(t.id = mi.movie_id)",
                "Rows Removed by Join Filter": 0,
                "Plans": [
                  {
                    "Node Type": "Nested Loop",
                    "Parent Relationship": "Outer",
                    "Parallel Aware": false,
                    "Join Type": "Inner",
                    "Startup Cost": 30000000001.28,
                    "Total Cost": 30000136645.85,
                    "Plan Rows": 1,
                    "Plan Width": 25,
                    "Actual Startup Time": 1485.564,
                    "Actual Total Time": 2222.718,
                    "Actual Rows": 209,
                    "Actual Loops": 1,
                    "Inner Unique": true,
                    "Plans": [
                      {
                        "Node Type": "Nested Loop",
                        "Parent Relationship": "Outer",
                        "Parallel Aware": false,
                        "Join Type": "Inner",
                        "Startup Cost": 20000000000.86,
                        "Total Cost": 20000136570.81,
                        "Plan Rows": 170,
                        "Plan Width": 29,
                        "Actual Startup Time": 1485.254,
                        "Actual Total Time": 2184.559,
                        "Actual Rows": 7882,
                        "Actual Loops": 1,
                        "Inner Unique": false,
                        "Plans": [
                          {
                            "Node Type": "Nested Loop",
                            "Parent Relationship": "Outer",
                            "Parallel Aware": false,
                            "Join Type": "Inner",
                            "Startup Cost": 10000000000.43,
                            "Total Cost": 10000135655.26,
                            "Plan Rows": 95,
                            "Plan Width": 21,
                            "Actual Startup Time": 1485.139,
                            "Actual Total Time": 2168.485,
                            "Actual Rows": 676,
                            "Actual Loops": 1,
                            "Inner Unique": true,
                            "Join Filter": "(kt.id = t.kind_id)",
                            "Rows Removed by Join Filter": 3385,
                            "Plans": [
                              {
                                "Node Type": "Index Scan",
                                "Parent Relationship": "Outer",
                                "Parallel Aware": false,
                                "Scan Direction": "Forward",
                                "Index Name": "title_pkey",
                                "Relation Name": "title",
                                "Alias": "t",
                                "Startup Cost": 0.43,
                                "Total Cost": 135644.15,
                                "Plan Rows": 668,
                                "Plan Width": 25,
                                "Actual Startup Time": 0.478,
                                "Actual Total Time": 2166.14,
                                "Actual Rows": 4061,
                                "Actual Loops": 1,
                                "Filter": "((production_year < 2013) AND ((title ~~ '%murder%'::text) OR (title ~~ '%Murder%'::text) OR (title ~~ '%Mord%'::text)))",
                                "Rows Removed by Filter": 2524251
                              },
                              {
                                "Node Type": "Materialize",
                                "Parent Relationship": "Inner",
                                "Parallel Aware": false,
                                "Startup Cost": 0.0,
                                "Total Cost": 1.09,
                                "Plan Rows": 1,
                                "Plan Width": 4,
                                "Actual Startup Time": 0.0,
                                "Actual Total Time": 0.0,
                                "Actual Rows": 1,
                                "Actual Loops": 4061,
                                "Plans": [
                                  {
                                    "Node Type": "Seq Scan",
                                    "Parent Relationship": "Outer",
                                    "Parallel Aware": false,
                                    "Relation Name": "kind_type",
                                    "Alias": "kt",
                                    "Startup Cost": 0.0,
                                    "Total Cost": 1.09,
                                    "Plan Rows": 1,
                                    "Plan Width": 4,
                                    "Actual Startup Time": 0.028,
                                    "Actual Total Time": 0.03,
                                    "Actual Rows": 1,
                                    "Actual Loops": 1,
                                    "Filter": "((kind)::text = 'movie'::text)",
                                    "Rows Removed by Filter": 6
                                  }
                                ]
                              }
                            ]
                          },
                          {
                            "Node Type": "Index Scan",
                            "Parent Relationship": "Inner",
                            "Parallel Aware": false,
                            "Scan Direction": "Forward",
                            "Index Name": "movie_id_movie_keyword",
                            "Relation Name": "movie_keyword",
                            "Alias": "mk",
                            "Startup Cost": 0.43,
                            "Total Cost": 9.18,
                            "Plan Rows": 46,
                            "Plan Width": 8,
                            "Actual Startup Time": 0.019,
                            "Actual Total Time": 0.021,
                            "Actual Rows": 12,
                            "Actual Loops": 676,
                            "Index Cond": "(movie_id = t.id)",
                            "Rows Removed by Index Recheck": 0
                          }
                        ]
                      },
                      {
                        "Node Type": "Index Scan",
                        "Parent Relationship": "Inner",
                        "Parallel Aware": false,
                        "Scan Direction": "Forward",
                        "Index Name": "keyword_pkey",
                        "Relation Name": "keyword",
                        "Alias": "k",
                        "Startup Cost": 0.42,
                        "Total Cost": 0.44,
                        "Plan Rows": 1,
                        "Plan Width": 4,
                        "Actual Startup Time": 0.005,
                        "Actual Total Time": 0.005,
                        "Actual Rows": 0,
                        "Actual Loops": 7882,
                        "Index Cond": "(id = mk.keyword_id)",
                        "Rows Removed by Index Recheck": 0,
                        "Filter": "(keyword = ANY ('{murder,murder-in-title}'::text[]))",
                        "Rows Removed by Filter": 1
                      }
                    ]
                  },
                  {
                    "Node Type": "Index Scan",
                    "Parent Relationship": "Inner",
                    "Parallel Aware": false,
                    "Scan Direction": "Forward",
                    "Index Name": "movie_id_movie_info",
                    "Relation Name": "movie_info",
                    "Alias": "mi",
                    "Startup Cost": 0.43,
                    "Total Cost": 1.86,
                    "Plan Rows": 2,
                    "Plan Width": 8,
                    "Actual Startup Time": 0.12,
                    "Actual Total Time": 0.133,
                    "Actual Rows": 1,
                    "Actual Loops": 209,
                    "Index Cond": "(movie_id = mk.movie_id)",
                    "Rows Removed by Index Recheck": 0,
                    "Filter": "(info = ANY ('{Sweden,Norway,Germany,Denmark,Swedish,Denish,Norwegian,German,USA,American}'::text[]))",
                    "Rows Removed by Filter": 31
                  }
                ]
              },
              {
                "Node Type": "Seq Scan",
                "Parent Relationship": "Inner",
                "Parallel Aware": false,
                "Relation Name": "info_type",
                "Alias": "it1",
                "Startup Cost": 0.0,
                "Total Cost": 2.41,
                "Plan Rows": 1,
                "Plan Width": 4,
                "Actual Startup Time": 0.006,
                "Actual Total Time": 0.006,
                "Actual Rows": 1,
                "Actual Loops": 164,
                "Filter": "((info)::text = 'countries'::text)",
                "Rows Removed by Filter": 16
              }
            ]
          },
          {
            "Node Type": "Nested Loop",
            "Parent Relationship": "Inner",
            "Parallel Aware": false,
            "Join Type": "Inner",
            "Startup Cost": 10000000000.43,
            "Total Cost": 10000062658.04,
            "Plan Rows": 3294,
            "Plan Width": 10,
            "Actual Startup Time": 0.011,
            "Actual Total Time": 269.199,
            "Actual Rows": 259848,
            "Actual Loops": 150,
            "Inner Unique": true,
            "Join Filter": "(it2.id = mi_idx.info_type_id)",
            "Rows Removed by Join Filter": 113561,
            "Plans": [
              {
                "Node Type": "Index Scan",
                "Parent Relationship": "Outer",
                "Parallel Aware": false,
                "Scan Direction": "Forward",
                "Index Name": "movie_id_movie_info_idx",
                "Relation Name": "movie_info_idx",
                "Alias": "mi_idx",
                "Startup Cost": 0.43,
                "Total Cost": 57072.82,
                "Plan Rows": 372187,
                "Plan Width": 14,
                "Actual Startup Time": 0.011,
                "Actual Total Time": 201.091,
                "Actual Rows": 373409,
                "Actual Loops": 150,
                "Filter": "(info > '6.0'::text)",
                "Rows Removed by Filter": 1006626
              },
              {
                "Node Type": "Materialize",
                "Parent Relationship": "Inner",
                "Parallel Aware": false,
                "Startup Cost": 0.0,
                "Total Cost": 2.42,
                "Plan Rows": 1,
                "Plan Width": 4,
                "Actual Startup Time": 0.0,
                "Actual Total Time": 0.0,
                "Actual Rows": 1,
                "Actual Loops": 56011350,
                "Plans": [
                  {
                    "Node Type": "Seq Scan",
                    "Parent Relationship": "Outer",
                    "Parallel Aware": false,
                    "Relation Name": "info_type",
                    "Alias": "it2",
                    "Startup Cost": 0.0,
                    "Total Cost": 2.41,
                    "Plan Rows": 1,
                    "Plan Width": 4,
                    "Actual Startup Time": 0.013,
                    "Actual Total Time": 0.014,
                    "Actual Rows": 1,
                    "Actual Loops": 1,
                    "Filter": "((info)::text = 'rating'::text)",
                    "Rows Removed by Filter": 112
                  }
                ]
              }
            ]
          }
        ]
      }
    ]
  },
  "Planning Time": 10.127,
  "Triggers": [],
  "Execution Time": 44298.627
}