[
  {
    "Plan": {
      "Node Type": "Aggregate",
      "Strategy": "Plain",
      "Partial Mode": "Finalize",
      "Parallel Aware": false,
      "Startup Cost": 62551.59,
      "Total Cost": 62551.6,
      "Plan Rows": 1,
      "Plan Width": 8,
      "Actual Startup Time": 103.004,
      "Actual Total Time": 116.218,
      "Actual Rows": 1,
      "Actual Loops": 1,
      "Plans": [
        {
          "Node Type": "Gather",
          "Parent Relationship": "Outer",
          "Parallel Aware": false,
          "Startup Cost": 62551.17,
          "Total Cost": 62551.58,
          "Plan Rows": 4,
          "Plan Width": 8,
          "Actual Startup Time": 102.876,
          "Actual Total Time": 116.211,
          "Actual Rows": 5,
          "Actual Loops": 1,
          "Workers Planned": 4,
          "Workers Launched": 4,
          "Single Copy": false,
          "Plans": [
            {
              "Node Type": "Aggregate",
              "Strategy": "Plain",
              "Partial Mode": "Partial",
              "Parent Relationship": "Outer",
              "Parallel Aware": false,
              "Startup Cost": 61551.17,
              "Total Cost": 61551.18,
              "Plan Rows": 1,
              "Plan Width": 8,
              "Actual Startup Time": 93.156,
              "Actual Total Time": 93.158,
              "Actual Rows": 1,
              "Actual Loops": 5,
              "Plans": [
                {
                  "Node Type": "Nested Loop",
                  "Parent Relationship": "Outer",
                  "Parallel Aware": false,
                  "Join Type": "Inner",
                  "Startup Cost": 0.43,
                  "Total Cost": 61542.76,
                  "Plan Rows": 3365,
                  "Plan Width": 0,
                  "Actual Startup Time": 1.275,
                  "Actual Total Time": 93.081,
                  "Actual Rows": 757,
                  "Actual Loops": 5,
                  "Inner Unique": false,
                  "Plans": [
                    {
                      "Node Type": "Seq Scan",
                      "Parent Relationship": "Outer",
                      "Parallel Aware": true,
                      "Relation Name": "title",
                      "Alias": "t",
                      "Startup Cost": 0.0,
                      "Total Cost": 45479.1,
                      "Plan Rows": 1880,
                      "Plan Width": 4,
                      "Actual Startup Time": 0.327,
                      "Actual Total Time": 81.898,
                      "Actual Rows": 1558,
                      "Actual Loops": 5,
                      "Filter": "((kind_id > 1) AND (production_year = 1963))",
                      "Rows Removed by Filter": 504104
                    },
                    {
                      "Node Type": "Index Only Scan",
                      "Parent Relationship": "Inner",
                      "Parallel Aware": false,
                      "Scan Direction": "Forward",
                      "Index Name": "movie_id_movie_keyword",
                      "Relation Name": "movie_keyword",
                      "Alias": "mk",
                      "Startup Cost": 0.43,
                      "Total Cost": 8.09,
                      "Plan Rows": 45,
                      "Plan Width": 4,
                      "Actual Startup Time": 0.007,
                      "Actual Total Time": 0.007,
                      "Actual Rows": 0,
                      "Actual Loops": 7792,
                      "Index Cond": "(movie_id = t.id)",
                      "Rows Removed by Index Recheck": 0,
                      "Heap Fetches": 3783
                    }
                  ]
                }
              ]
            }
          ]
        }
      ]
    },
    "Planning Time": 0.595,
    "Triggers": [],
    "Execution Time": 116.316
  }
]