[
  {
    "Plan": {
      "Node Type": "Aggregate",
      "Strategy": "Plain",
      "Partial Mode": "Simple",
      "Parallel Aware": false,
      "Startup Cost": 13512.51,
      "Total Cost": 13512.52,
      "Plan Rows": 1,
      "Plan Width": 8,
      "Actual Startup Time": 9.81,
      "Actual Total Time": 9.811,
      "Actual Rows": 1,
      "Actual Loops": 1,
      "Plans": [
        {
          "Node Type": "Bitmap Heap Scan",
          "Parent Relationship": "Outer",
          "Parallel Aware": false,
          "Relation Name": "movie_companies",
          "Alias": "mc",
          "Startup Cost": 142.82,
          "Total Cost": 13504.38,
          "Plan Rows": 3254,
          "Plan Width": 0,
          "Actual Startup Time": 1.794,
          "Actual Total Time": 8.974,
          "Actual Rows": 5589,
          "Actual Loops": 1,
          "Recheck Cond": "(company_id = 93)",
          "Rows Removed by Index Recheck": 0,
          "Filter": "(company_type_id < 2)",
          "Rows Removed by Filter": 478,
          "Exact Heap Blocks": 2144,
          "Lossy Heap Blocks": 0,
          "Plans": [
            {
              "Node Type": "Bitmap Index Scan",
              "Parent Relationship": "Outer",
              "Parallel Aware": false,
              "Index Name": "company_id_movie_companies",
              "Startup Cost": 0.0,
              "Total Cost": 142.0,
              "Plan Rows": 6610,
              "Plan Width": 0,
              "Actual Startup Time": 1.089,
              "Actual Total Time": 1.089,
              "Actual Rows": 6067,
              "Actual Loops": 1,
              "Index Cond": "(company_id = 93)"
            }
          ]
        }
      ]
    },
    "Planning Time": 0.204,
    "Triggers": [],
    "Execution Time": 9.877
  }
]