[
  {
    "Plan": {
      "Node Type": "Aggregate",
      "Strategy": "Plain",
      "Partial Mode": "Finalize",
      "Parallel Aware": false,
      "Startup Cost": 429811.17,
      "Total Cost": 429811.18,
      "Plan Rows": 1,
      "Plan Width": 8,
      "Actual Startup Time": 2425.614,
      "Actual Total Time": 2494.475,
      "Actual Rows": 1,
      "Actual Loops": 1,
      "Plans": [
        {
          "Node Type": "Gather",
          "Parent Relationship": "Outer",
          "Parallel Aware": false,
          "Startup Cost": 429810.54,
          "Total Cost": 429811.15,
          "Plan Rows": 6,
          "Plan Width": 8,
          "Actual Startup Time": 2415.406,
          "Actual Total Time": 2494.464,
          "Actual Rows": 7,
          "Actual Loops": 1,
          "Workers Planned": 6,
          "Workers Launched": 6,
          "Single Copy": false,
          "Plans": [
            {
              "Node Type": "Aggregate",
              "Strategy": "Plain",
              "Partial Mode": "Partial",
              "Parent Relationship": "Outer",
              "Parallel Aware": false,
              "Startup Cost": 428810.54,
              "Total Cost": 428810.55,
              "Plan Rows": 1,
              "Plan Width": 8,
              "Actual Startup Time": 2401.094,
              "Actual Total Time": 2401.1,
              "Actual Rows": 1,
              "Actual Loops": 7,
              "Plans": [
                {
                  "Node Type": "Hash Join",
                  "Parent Relationship": "Outer",
                  "Parallel Aware": true,
                  "Join Type": "Inner",
                  "Startup Cost": 81918.56,
                  "Total Cost": 425741.4,
                  "Plan Rows": 1227656,
                  "Plan Width": 0,
                  "Actual Startup Time": 609.027,
                  "Actual Total Time": 2224.256,
                  "Actual Rows": 4163911,
                  "Actual Loops": 7,
                  "Inner Unique": false,
                  "Hash Cond": "(ci.movie_id = t.id)",
                  "Plans": [
                    {
                      "Node Type": "Seq Scan",
                      "Parent Relationship": "Outer",
                      "Parallel Aware": true,
                      "Relation Name": "cast_info",
                      "Alias": "ci",
                      "Startup Cost": 0.0,
                      "Total Cost": 328162.03,
                      "Plan Rows": 3120169,
                      "Plan Width": 4,
                      "Actual Startup Time": 173.308,
                      "Actual Total Time": 581.964,
                      "Actual Rows": 2669738,
                      "Actual Loops": 7,
                      "Filter": "(person_id > 1737474)",
                      "Rows Removed by Filter": 2508025
                    },
                    {
                      "Node Type": "Hash",
                      "Parent Relationship": "Inner",
                      "Parallel Aware": true,
                      "Startup Cost": 77907.36,
                      "Total Cost": 77907.36,
                      "Plan Rows": 320896,
                      "Plan Width": 8,
                      "Actual Startup Time": 432.267,
                      "Actual Total Time": 432.271,
                      "Actual Rows": 268600,
                      "Actual Loops": 7,
                      "Hash Buckets": 2097152,
                      "Original Hash Buckets": 1048576,
                      "Hash Batches": 1,
                      "Original Hash Batches": 1,
                      "Peak Memory Usage": 98240,
                      "Plans": [
                        {
                          "Node Type": "Hash Join",
                          "Parent Relationship": "Outer",
                          "Parallel Aware": true,
                          "Join Type": "Inner",
                          "Startup Cost": 48491.47,
                          "Total Cost": 77907.36,
                          "Plan Rows": 320896,
                          "Plan Width": 8,
                          "Actual Startup Time": 146.711,
                          "Actual Total Time": 309.154,
                          "Actual Rows": 268600,
                          "Actual Loops": 7,
                          "Inner Unique": true,
                          "Hash Cond": "(mc.movie_id = t.id)",
                          "Plans": [
                            {
                              "Node Type": "Seq Scan",
                              "Parent Relationship": "Outer",
                              "Parallel Aware": true,
                              "Relation Name": "movie_companies",
                              "Alias": "mc",
                              "Startup Cost": 0.0,
                              "Total Cost": 27206.55,
                              "Plan Rows": 841655,
                              "Plan Width": 4,
                              "Actual Startup Time": 0.018,
                              "Actual Total Time": 41.482,
                              "Actual Rows": 372733,
                              "Actual Loops": 7
                            },
                            {
                              "Node Type": "Hash",
                              "Parent Relationship": "Inner",
                              "Parallel Aware": true,
                              "Startup Cost": 45479.1,
                              "Total Cost": 45479.1,
                              "Plan Rows": 240990,
                              "Plan Width": 4,
                              "Actual Startup Time": 145.032,
                              "Actual Total Time": 145.033,
                              "Actual Rows": 139683,
                              "Actual Loops": 7,
                              "Hash Buckets": 1048576,
                              "Original Hash Buckets": 1048576,
                              "Hash Batches": 1,
                              "Original Hash Batches": 1,
                              "Peak Memory Usage": 46560,
                              "Plans": [
                                {
                                  "Node Type": "Seq Scan",
                                  "Parent Relationship": "Outer",
                                  "Parallel Aware": true,
                                  "Relation Name": "title",
                                  "Alias": "t",
                                  "Startup Cost": 0.0,
                                  "Total Cost": 45479.1,
                                  "Plan Rows": 240990,
                                  "Plan Width": 4,
                                  "Actual Startup Time": 0.045,
                                  "Actual Total Time": 80.879,
                                  "Actual Rows": 139683,
                                  "Actual Loops": 7,
                                  "Filter": "((kind_id < 7) AND (production_year > 0))",
                                  "Rows Removed by Filter": 221505
                                }
                              ]
                            }
                          ]
                        }
                      ]
                    }
                  ]
                }
              ]
            }
          ]
        }
      ]
    },
    "Planning Time": 1.448,
    "Triggers": [],
    "Execution Time": 2494.578
  }
]