[
  {
    "Plan": {
      "Node Type": "Aggregate",
      "Strategy": "Plain",
      "Partial Mode": "Finalize",
      "Parallel Aware": false,
      "Startup Cost": 67626.9,
      "Total Cost": 67626.91,
      "Plan Rows": 1,
      "Plan Width": 8,
      "Actual Startup Time": 129.537,
      "Actual Total Time": 142.675,
      "Actual Rows": 1,
      "Actual Loops": 1,
      "Plans": [
        {
          "Node Type": "Gather",
          "Parent Relationship": "Outer",
          "Parallel Aware": false,
          "Startup Cost": 67626.58,
          "Total Cost": 67626.89,
          "Plan Rows": 3,
          "Plan Width": 8,
          "Actual Startup Time": 128.963,
          "Actual Total Time": 142.668,
          "Actual Rows": 4,
          "Actual Loops": 1,
          "Workers Planned": 3,
          "Workers Launched": 3,
          "Single Copy": false,
          "Plans": [
            {
              "Node Type": "Aggregate",
              "Strategy": "Plain",
              "Partial Mode": "Partial",
              "Parent Relationship": "Outer",
              "Parallel Aware": false,
              "Startup Cost": 66626.58,
              "Total Cost": 66626.59,
              "Plan Rows": 1,
              "Plan Width": 8,
              "Actual Startup Time": 123.639,
              "Actual Total Time": 123.642,
              "Actual Rows": 1,
              "Actual Loops": 4,
              "Plans": [
                {
                  "Node Type": "Hash Join",
                  "Parent Relationship": "Outer",
                  "Parallel Aware": true,
                  "Join Type": "Inner",
                  "Startup Cost": 47431.2,
                  "Total Cost": 66625.29,
                  "Plan Rows": 518,
                  "Plan Width": 0,
                  "Actual Startup Time": 104.809,
                  "Actual Total Time": 123.619,
                  "Actual Rows": 86,
                  "Actual Loops": 4,
                  "Inner Unique": true,
                  "Hash Cond": "(mc.movie_id = t.id)",
                  "Plans": [
                    {
                      "Node Type": "Bitmap Heap Scan",
                      "Parent Relationship": "Outer",
                      "Parallel Aware": true,
                      "Relation Name": "movie_companies",
                      "Alias": "mc",
                      "Startup Cost": 1798.29,
                      "Total Cost": 20922.25,
                      "Plan Rows": 26716,
                      "Plan Width": 4,
                      "Actual Startup Time": 10.422,
                      "Actual Total Time": 24.797,
                      "Actual Rows": 21018,
                      "Actual Loops": 4,
                      "Recheck Cond": "(company_id < 19)",
                      "Rows Removed by Index Recheck": 0,
                      "Exact Heap Blocks": 4038,
                      "Lossy Heap Blocks": 0,
                      "Plans": [
                        {
                          "Node Type": "Bitmap Index Scan",
                          "Parent Relationship": "Outer",
                          "Parallel Aware": false,
                          "Index Name": "company_id_movie_companies",
                          "Startup Cost": 0.0,
                          "Total Cost": 1777.59,
                          "Plan Rows": 82821,
                          "Plan Width": 0,
                          "Actual Startup Time": 8.592,
                          "Actual Total Time": 8.593,
                          "Actual Rows": 84071,
                          "Actual Loops": 1,
                          "Index Cond": "(company_id < 19)"
                        }
                      ]
                    },
                    {
                      "Node Type": "Hash",
                      "Parent Relationship": "Inner",
                      "Parallel Aware": true,
                      "Startup Cost": 45479.59,
                      "Total Cost": 45479.59,
                      "Plan Rows": 12266,
                      "Plan Width": 4,
                      "Actual Startup Time": 93.555,
                      "Actual Total Time": 93.556,
                      "Actual Rows": 11003,
                      "Actual Loops": 4,
                      "Hash Buckets": 65536,
                      "Original Hash Buckets": 65536,
                      "Hash Batches": 1,
                      "Original Hash Batches": 1,
                      "Peak Memory Usage": 2304,
                      "Plans": [
                        {
                          "Node Type": "Seq Scan",
                          "Parent Relationship": "Outer",
                          "Parallel Aware": true,
                          "Relation Name": "title",
                          "Alias": "t",
                          "Startup Cost": 0.0,
                          "Total Cost": 45479.59,
                          "Plan Rows": 12266,
                          "Plan Width": 4,
                          "Actual Startup Time": 0.397,
                          "Actual Total Time": 89.315,
                          "Actual Rows": 11003,
                          "Actual Loops": 4,
                          "Filter": "((kind_id < 7) AND (production_year = 2009))",
                          "Rows Removed by Filter": 621075
                        }
                      ]
                    }
                  ]
                }
              ]
            }
          ]
        }
      ]
    },
    "Planning Time": 0.31,
    "Triggers": [],
    "Execution Time": 142.72
  }
]