{
  "Plan": {
    "Node Type": "Aggregate",
    "Strategy": "Plain",
    "Partial Mode": "Simple",
    "Parallel Aware": false,
    "Startup Cost": 326408.03,
    "Total Cost": 326408.04,
    "Plan Rows": 1,
    "Plan Width": 32,
    "Actual Startup Time": 2569.138,
    "Actual Total Time": 2569.298,
    "Actual Rows": 1,
    "Actual Loops": 1,
    "Plans": [
      {
        "Node Type": "Nested Loop",
        "Parent Relationship": "Outer",
        "Parallel Aware": false,
        "Join Type": "Inner",
        "Startup Cost": 201656.82,
        "Total Cost": 326408.03,
        "Plan Rows": 1,
        "Plan Width": 17,
        "Actual Startup Time": 2064.537,
        "Actual Total Time": 2569.266,
        "Actual Rows": 14,
        "Actual Loops": 1,
        "Inner Unique": false,
        "Join Filter": "(mk.keyword_id = k.id)",
        "Rows Removed by Join Filter": 187876,
        "Plans": [
          {
            "Node Type": "Seq Scan",
            "Parent Relationship": "Outer",
            "Parallel Aware": false,
            "Relation Name": "keyword",
            "Alias": "k",
            "Startup Cost": 0.0,
            "Total Cost": 2626.12,
            "Plan Rows": 13,
            "Plan Width": 4,
            "Actual Startup Time": 3.675,
            "Actual Total Time": 19.202,
            "Actual Rows": 30,
            "Actual Loops": 1,
            "Filter": "(keyword ~~ '%sequel%'::text)",
            "Rows Removed by Filter": 134140
          },
          {
            "Node Type": "Materialize",
            "Parent Relationship": "Inner",
            "Parallel Aware": false,
            "Startup Cost": 201656.82,
            "Total Cost": 323091.21,
            "Plan Rows": 3588,
            "Plan Width": 21,
            "Actual Startup Time": 23.828,
            "Actual Total Time": 84.706,
            "Actual Rows": 6263,
            "Actual Loops": 30,
            "Plans": [
              {
                "Node Type": "Merge Join",
                "Parent Relationship": "Outer",
                "Parallel Aware": false,
                "Join Type": "Inner",
                "Startup Cost": 201656.82,
                "Total Cost": 323073.27,
                "Plan Rows": 3588,
                "Plan Width": 21,
                "Actual Startup Time": 714.815,
                "Actual Total Time": 2533.459,
                "Actual Rows": 6263,
                "Actual Loops": 1,
                "Inner Unique": false,
                "Merge Cond": "(t.id = mi.movie_id)",
                "Plans": [
                  {
                    "Node Type": "Index Scan",
                    "Parent Relationship": "Outer",
                    "Parallel Aware": false,
                    "Scan Direction": "Forward",
                    "Index Name": "title_pkey",
                    "Relation Name": "title",
                    "Alias": "t",
                    "Startup Cost": 0.43,
                    "Total Cost": 116680.33,
                    "Plan Rows": 1920413,
                    "Plan Width": 21,
                    "Actual Startup Time": 0.028,
                    "Actual Total Time": 1731.745,
                    "Actual Rows": 1917825,
                    "Actual Loops": 1,
                    "Filter": "(production_year < 2010)",
                    "Rows Removed by Filter": 603261
                  },
                  {
                    "Node Type": "Sort",
                    "Parent Relationship": "Inner",
                    "Parallel Aware": false,
                    "Startup Cost": 201653.17,
                    "Total Cost": 201664.98,
                    "Plan Rows": 4724,
                    "Plan Width": 12,
                    "Actual Startup Time": 682.813,
                    "Actual Total Time": 683.654,
                    "Actual Rows": 7574,
                    "Actual Loops": 1,
                    "Sort Key": [
                      "mi.movie_id"
                    ],
                    "Sort Method": "quicksort",
                    "Sort Space Used": 548,
                    "Sort Space Type": "Memory",
                    "Plans": [
                      {
                        "Node Type": "Gather",
                        "Parent Relationship": "Outer",
                        "Parallel Aware": false,
                        "Startup Cost": 1000.43,
                        "Total Cost": 201364.86,
                        "Plan Rows": 4724,
                        "Plan Width": 12,
                        "Actual Startup Time": 57.145,
                        "Actual Total Time": 680.876,
                        "Actual Rows": 7574,
                        "Actual Loops": 1,
                        "Workers Planned": 5,
                        "Workers Launched": 5,
                        "Single Copy": false,
                        "Plans": [
                          {
                            "Node Type": "Nested Loop",
                            "Parent Relationship": "Outer",
                            "Parallel Aware": false,
                            "Join Type": "Inner",
                            "Startup Cost": 0.43,
                            "Total Cost": 199892.46,
                            "Plan Rows": 945,
                            "Plan Width": 12,
                            "Actual Startup Time": 50.248,
                            "Actual Total Time": 669.663,
                            "Actual Rows": 1262,
                            "Actual Loops": 6,
                            "Inner Unique": false,
                            "Plans": [
                              {
                                "Node Type": "Seq Scan",
                                "Parent Relationship": "Outer",
                                "Parallel Aware": true,
                                "Relation Name": "movie_info",
                                "Alias": "mi",
                                "Startup Cost": 0.0,
                                "Total Cost": 199164.27,
                                "Plan Rows": 75,
                                "Plan Width": 4,
                                "Actual Startup Time": 47.67,
                                "Actual Total Time": 659.684,
                                "Actual Rows": 381,
                                "Actual Loops": 6,
                                "Filter": "(info = 'Bulgaria'::text)",
                                "Rows Removed by Filter": 2472239
                              },
                              {
                                "Node Type": "Index Scan",
                                "Parent Relationship": "Inner",
                                "Parallel Aware": false,
                                "Scan Direction": "Forward",
                                "Index Name": "movie_id_movie_keyword",
                                "Relation Name": "movie_keyword",
                                "Alias": "mk",
                                "Startup Cost": 0.43,
                                "Total Cost": 9.25,
                                "Plan Rows": 46,
                                "Plan Width": 8,
                                "Actual Startup Time": 0.024,
                                "Actual Total Time": 0.025,
                                "Actual Rows": 3,
                                "Actual Loops": 2287,
                                "Index Cond": "(movie_id = mi.movie_id)",
                                "Rows Removed by Index Recheck": 0
                              }
                            ]
                          }
                        ]
                      }
                    ]
                  }
                ]
              }
            ]
          }
        ]
      }
    ]
  },
  "Planning Time": 8.676,
  "Triggers": [],
  "Execution Time": 2570.176
}