[
  {
    "Plan": {
      "Node Type": "Aggregate",
      "Strategy": "Plain",
      "Partial Mode": "Finalize",
      "Parallel Aware": false,
      "Startup Cost": 99942.48,
      "Total Cost": 99942.49,
      "Plan Rows": 1,
      "Plan Width": 8,
      "Actual Startup Time": 732.491,
      "Actual Total Time": 752.311,
      "Actual Rows": 1,
      "Actual Loops": 1,
      "Plans": [
        {
          "Node Type": "Gather",
          "Parent Relationship": "Outer",
          "Parallel Aware": false,
          "Startup Cost": 99942.16,
          "Total Cost": 99942.47,
          "Plan Rows": 3,
          "Plan Width": 8,
          "Actual Startup Time": 710.627,
          "Actual Total Time": 752.298,
          "Actual Rows": 4,
          "Actual Loops": 1,
          "Workers Planned": 3,
          "Workers Launched": 3,
          "Single Copy": false,
          "Plans": [
            {
              "Node Type": "Aggregate",
              "Strategy": "Plain",
              "Partial Mode": "Partial",
              "Parent Relationship": "Outer",
              "Parallel Aware": false,
              "Startup Cost": 98942.16,
              "Total Cost": 98942.17,
              "Plan Rows": 1,
              "Plan Width": 8,
              "Actual Startup Time": 698.329,
              "Actual Total Time": 698.335,
              "Actual Rows": 1,
              "Actual Loops": 4,
              "Plans": [
                {
                  "Node Type": "Hash Join",
                  "Parent Relationship": "Outer",
                  "Parallel Aware": true,
                  "Join Type": "Inner",
                  "Startup Cost": 51481.76,
                  "Total Cost": 96666.9,
                  "Plan Rows": 910104,
                  "Plan Width": 0,
                  "Actual Startup Time": 389.616,
                  "Actual Total Time": 661.971,
                  "Actual Rows": 729639,
                  "Actual Loops": 4,
                  "Inner Unique": true,
                  "Hash Cond": "(mk.movie_id = t.id)",
                  "Plans": [
                    {
                      "Node Type": "Seq Scan",
                      "Parent Relationship": "Outer",
                      "Parallel Aware": true,
                      "Relation Name": "movie_keyword",
                      "Alias": "mk",
                      "Startup Cost": 0.0,
                      "Total Cost": 42695.65,
                      "Plan Rows": 948378,
                      "Plan Width": 4,
                      "Actual Startup Time": 0.2,
                      "Actual Total Time": 125.58,
                      "Actual Rows": 734814,
                      "Actual Loops": 4,
                      "Filter": "(keyword_id > 2414)",
                      "Rows Removed by Filter": 396169
                    },
                    {
                      "Node Type": "Hash",
                      "Parent Relationship": "Inner",
                      "Parallel Aware": true,
                      "Startup Cost": 43899.32,
                      "Total Cost": 43899.32,
                      "Plan Rows": 606595,
                      "Plan Width": 4,
                      "Actual Startup Time": 380.975,
                      "Actual Total Time": 380.979,
                      "Actual Rows": 606778,
                      "Actual Loops": 4,
                      "Hash Buckets": 4194304,
                      "Original Hash Buckets": 4194304,
                      "Hash Batches": 1,
                      "Original Hash Batches": 1,
                      "Peak Memory Usage": 127776,
                      "Plans": [
                        {
                          "Node Type": "Seq Scan",
                          "Parent Relationship": "Outer",
                          "Parallel Aware": true,
                          "Relation Name": "title",
                          "Alias": "t",
                          "Startup Cost": 0.0,
                          "Total Cost": 43899.32,
                          "Plan Rows": 606595,
                          "Plan Width": 4,
                          "Actual Startup Time": 0.051,
                          "Actual Total Time": 132.167,
                          "Actual Rows": 606778,
                          "Actual Loops": 4,
                          "Filter": "(production_year > 1910)",
                          "Rows Removed by Filter": 25300
                        }
                      ]
                    }
                  ]
                }
              ]
            }
          ]
        }
      ]
    },
    "Planning Time": 0.227,
    "Triggers": [],
    "Execution Time": 752.356
  }
]