[
  {
    "Plan": {
      "Node Type": "Aggregate",
      "Strategy": "Plain",
      "Partial Mode": "Finalize",
      "Parallel Aware": false,
      "Startup Cost": 99990.22,
      "Total Cost": 99990.23,
      "Plan Rows": 1,
      "Plan Width": 8,
      "Actual Startup Time": 606.624,
      "Actual Total Time": 620.199,
      "Actual Rows": 1,
      "Actual Loops": 1,
      "Plans": [
        {
          "Node Type": "Gather",
          "Parent Relationship": "Outer",
          "Parallel Aware": false,
          "Startup Cost": 99989.9,
          "Total Cost": 99990.21,
          "Plan Rows": 3,
          "Plan Width": 8,
          "Actual Startup Time": 601.025,
          "Actual Total Time": 620.191,
          "Actual Rows": 4,
          "Actual Loops": 1,
          "Workers Planned": 3,
          "Workers Launched": 3,
          "Single Copy": false,
          "Plans": [
            {
              "Node Type": "Aggregate",
              "Strategy": "Plain",
              "Partial Mode": "Partial",
              "Parent Relationship": "Outer",
              "Parallel Aware": false,
              "Startup Cost": 98989.9,
              "Total Cost": 98989.91,
              "Plan Rows": 1,
              "Plan Width": 8,
              "Actual Startup Time": 581.936,
              "Actual Total Time": 581.939,
              "Actual Rows": 1,
              "Actual Loops": 4,
              "Plans": [
                {
                  "Node Type": "Hash Join",
                  "Parent Relationship": "Outer",
                  "Parallel Aware": true,
                  "Join Type": "Inner",
                  "Startup Cost": 51499.25,
                  "Total Cost": 96697.32,
                  "Plan Rows": 917033,
                  "Plan Width": 0,
                  "Actual Startup Time": 324.224,
                  "Actual Total Time": 552.813,
                  "Actual Rows": 729639,
                  "Actual Loops": 4,
                  "Inner Unique": true,
                  "Hash Cond": "(mk.movie_id = t.id)",
                  "Plans": [
                    {
                      "Node Type": "Seq Scan",
                      "Parent Relationship": "Outer",
                      "Parallel Aware": true,
                      "Relation Name": "movie_keyword",
                      "Alias": "mk",
                      "Startup Cost": 0.0,
                      "Total Cost": 42695.65,
                      "Plan Rows": 953300,
                      "Plan Width": 4,
                      "Actual Startup Time": 0.15,
                      "Actual Total Time": 105.913,
                      "Actual Rows": 734814,
                      "Actual Loops": 4,
                      "Filter": "(keyword_id > 2414)",
                      "Rows Removed by Filter": 396169
                    },
                    {
                      "Node Type": "Hash",
                      "Parent Relationship": "Inner",
                      "Parallel Aware": true,
                      "Startup Cost": 43898.92,
                      "Total Cost": 43898.92,
                      "Plan Rows": 608027,
                      "Plan Width": 4,
                      "Actual Startup Time": 312.905,
                      "Actual Total Time": 312.906,
                      "Actual Rows": 606778,
                      "Actual Loops": 4,
                      "Hash Buckets": 4194304,
                      "Original Hash Buckets": 4194304,
                      "Hash Batches": 1,
                      "Original Hash Batches": 1,
                      "Peak Memory Usage": 127808,
                      "Plans": [
                        {
                          "Node Type": "Seq Scan",
                          "Parent Relationship": "Outer",
                          "Parallel Aware": true,
                          "Relation Name": "title",
                          "Alias": "t",
                          "Startup Cost": 0.0,
                          "Total Cost": 43898.92,
                          "Plan Rows": 608027,
                          "Plan Width": 4,
                          "Actual Startup Time": 0.034,
                          "Actual Total Time": 105.702,
                          "Actual Rows": 606778,
                          "Actual Loops": 4,
                          "Filter": "(production_year > 1910)",
                          "Rows Removed by Filter": 25300
                        }
                      ]
                    }
                  ]
                }
              ]
            }
          ]
        }
      ]
    },
    "Planning Time": 0.562,
    "Triggers": [],
    "Execution Time": 620.263
  }
]