{
  "Plan": {
    "Node Type": "Aggregate",
    "Strategy": "Plain",
    "Partial Mode": "Finalize",
    "Parallel Aware": false,
    "Startup Cost": 51515.32,
    "Total Cost": 51515.33,
    "Plan Rows": 1,
    "Plan Width": 8,
    "Actual Startup Time": 62.486,
    "Actual Total Time": 67.084,
    "Actual Rows": 1,
    "Actual Loops": 1,
    "Plans": [
      {
        "Node Type": "Gather",
        "Parent Relationship": "Outer",
        "Parallel Aware": false,
        "Startup Cost": 51515.21,
        "Total Cost": 51515.32,
        "Plan Rows": 1,
        "Plan Width": 8,
        "Actual Startup Time": 62.35,
        "Actual Total Time": 67.079,
        "Actual Rows": 2,
        "Actual Loops": 1,
        "Workers Planned": 1,
        "Workers Launched": 1,
        "Single Copy": false,
        "Plans": [
          {
            "Node Type": "Aggregate",
            "Strategy": "Plain",
            "Partial Mode": "Partial",
            "Parent Relationship": "Outer",
            "Parallel Aware": false,
            "Startup Cost": 50515.21,
            "Total Cost": 50515.22,
            "Plan Rows": 1,
            "Plan Width": 8,
            "Actual Startup Time": 59.056,
            "Actual Total Time": 59.057,
            "Actual Rows": 1,
            "Actual Loops": 2,
            "Plans": [
              {
                "Node Type": "Nested Loop",
                "Parent Relationship": "Outer",
                "Parallel Aware": false,
                "Join Type": "Inner",
                "Startup Cost": 2182.02,
                "Total Cost": 50513.09,
                "Plan Rows": 848,
                "Plan Width": 0,
                "Actual Startup Time": 17.315,
                "Actual Total Time": 58.914,
                "Actual Rows": 1467,
                "Actual Loops": 2,
                "Inner Unique": false,
                "Plans": [
                  {
                    "Node Type": "Bitmap Heap Scan",
                    "Parent Relationship": "Outer",
                    "Parallel Aware": true,
                    "Relation Name": "title",
                    "Alias": "t",
                    "Startup Cost": 2181.6,
                    "Total Cost": 39257.84,
                    "Plan Rows": 1553,
                    "Plan Width": 4,
                    "Actual Startup Time": 16.802,
                    "Actual Total Time": 47.716,
                    "Actual Rows": 1557,
                    "Actual Loops": 2,
                    "Recheck Cond": "(kind_id = 4)",
                    "Rows Removed by Index Recheck": 0,
                    "Filter": "(production_year = 1999)",
                    "Rows Removed by Filter": 57560,
                    "Exact Heap Blocks": 10435,
                    "Lossy Heap Blocks": 0,
                    "Plans": [
                      {
                        "Node Type": "Bitmap Index Scan",
                        "Parent Relationship": "Outer",
                        "Parallel Aware": false,
                        "Index Name": "kind_id_title",
                        "Startup Cost": 0.0,
                        "Total Cost": 2180.94,
                        "Plan Rows": 122201,
                        "Plan Width": 0,
                        "Actual Startup Time": 15.718,
                        "Actual Total Time": 15.718,
                        "Actual Rows": 118234,
                        "Actual Loops": 1,
                        "Index Cond": "(kind_id = 4)"
                      }
                    ]
                  },
                  {
                    "Node Type": "Index Only Scan",
                    "Parent Relationship": "Inner",
                    "Parallel Aware": false,
                    "Scan Direction": "Forward",
                    "Index Name": "movie_id_movie_info_idx",
                    "Relation Name": "movie_info_idx",
                    "Alias": "mi_idx",
                    "Startup Cost": 0.43,
                    "Total Cost": 7.22,
                    "Plan Rows": 3,
                    "Plan Width": 4,
                    "Actual Startup Time": 0.006,
                    "Actual Total Time": 0.007,
                    "Actual Rows": 1,
                    "Actual Loops": 3114,
                    "Index Cond": "(movie_id = t.id)",
                    "Rows Removed by Index Recheck": 0,
                    "Heap Fetches": 2934
                  }
                ]
              }
            ]
          }
        ]
      }
    ]
  },
  "Planning Time": 0.277,
  "Triggers": [],
  "Execution Time": 67.143
}