[
  {
    "Plan": {
      "Node Type": "Aggregate",
      "Strategy": "Plain",
      "Partial Mode": "Finalize",
      "Parallel Aware": false,
      "Startup Cost": 24507.2,
      "Total Cost": 24507.21,
      "Plan Rows": 1,
      "Plan Width": 8,
      "Actual Startup Time": 108.413,
      "Actual Total Time": 126.217,
      "Actual Rows": 1,
      "Actual Loops": 1,
      "Plans": [
        {
          "Node Type": "Gather",
          "Parent Relationship": "Outer",
          "Parallel Aware": false,
          "Startup Cost": 24506.98,
          "Total Cost": 24507.19,
          "Plan Rows": 2,
          "Plan Width": 8,
          "Actual Startup Time": 107.154,
          "Actual Total Time": 126.209,
          "Actual Rows": 3,
          "Actual Loops": 1,
          "Workers Planned": 2,
          "Workers Launched": 2,
          "Single Copy": false,
          "Plans": [
            {
              "Node Type": "Aggregate",
              "Strategy": "Plain",
              "Partial Mode": "Partial",
              "Parent Relationship": "Outer",
              "Parallel Aware": false,
              "Startup Cost": 23506.98,
              "Total Cost": 23506.99,
              "Plan Rows": 1,
              "Plan Width": 8,
              "Actual Startup Time": 99.464,
              "Actual Total Time": 99.466,
              "Actual Rows": 1,
              "Actual Loops": 3,
              "Plans": [
                {
                  "Node Type": "Nested Loop",
                  "Parent Relationship": "Outer",
                  "Parallel Aware": false,
                  "Join Type": "Inner",
                  "Startup Cost": 76.1,
                  "Total Cost": 23473.31,
                  "Plan Rows": 13470,
                  "Plan Width": 0,
                  "Actual Startup Time": 2.255,
                  "Actual Total Time": 97.106,
                  "Actual Rows": 34914,
                  "Actual Loops": 3,
                  "Inner Unique": false,
                  "Plans": [
                    {
                      "Node Type": "Nested Loop",
                      "Parent Relationship": "Outer",
                      "Parallel Aware": false,
                      "Join Type": "Inner",
                      "Startup Cost": 75.53,
                      "Total Cost": 20389.35,
                      "Plan Rows": 1434,
                      "Plan Width": 8,
                      "Actual Startup Time": 1.132,
                      "Actual Total Time": 6.362,
                      "Actual Rows": 930,
                      "Actual Loops": 3,
                      "Inner Unique": true,
                      "Plans": [
                        {
                          "Node Type": "Bitmap Heap Scan",
                          "Parent Relationship": "Outer",
                          "Parallel Aware": true,
                          "Relation Name": "movie_keyword",
                          "Alias": "mk",
                          "Startup Cost": 75.1,
                          "Total Cost": 9455.84,
                          "Plan Rows": 1434,
                          "Plan Width": 4,
                          "Actual Startup Time": 0.974,
                          "Actual Total Time": 2.259,
                          "Actual Rows": 930,
                          "Actual Loops": 3,
                          "Recheck Cond": "(keyword_id > 131508)",
                          "Rows Removed by Index Recheck": 0,
                          "Exact Heap Blocks": 615,
                          "Lossy Heap Blocks": 0,
                          "Plans": [
                            {
                              "Node Type": "Bitmap Index Scan",
                              "Parent Relationship": "Outer",
                              "Parallel Aware": false,
                              "Index Name": "keyword_id_movie_keyword",
                              "Startup Cost": 0.0,
                              "Total Cost": 74.24,
                              "Plan Rows": 3441,
                              "Plan Width": 0,
                              "Actual Startup Time": 2.271,
                              "Actual Total Time": 2.271,
                              "Actual Rows": 2791,
                              "Actual Loops": 1,
                              "Index Cond": "(keyword_id > 131508)"
                            }
                          ]
                        },
                        {
                          "Node Type": "Index Only Scan",
                          "Parent Relationship": "Inner",
                          "Parallel Aware": false,
                          "Scan Direction": "Forward",
                          "Index Name": "title_pkey",
                          "Relation Name": "title",
                          "Alias": "t",
                          "Startup Cost": 0.43,
                          "Total Cost": 7.62,
                          "Plan Rows": 1,
                          "Plan Width": 4,
                          "Actual Startup Time": 0.004,
                          "Actual Total Time": 0.004,
                          "Actual Rows": 1,
                          "Actual Loops": 2791,
                          "Index Cond": "(id = mk.movie_id)",
                          "Rows Removed by Index Recheck": 0,
                          "Heap Fetches": 2791
                        }
                      ]
                    },
                    {
                      "Node Type": "Index Scan",
                      "Parent Relationship": "Inner",
                      "Parallel Aware": false,
                      "Scan Direction": "Forward",
                      "Index Name": "movie_id_cast_info",
                      "Relation Name": "cast_info",
                      "Alias": "ci",
                      "Startup Cost": 0.56,
                      "Total Cost": 1.91,
                      "Plan Rows": 24,
                      "Plan Width": 4,
                      "Actual Startup Time": 0.039,
                      "Actual Total Time": 0.094,
                      "Actual Rows": 38,
                      "Actual Loops": 2791,
                      "Index Cond": "(movie_id = t.id)",
                      "Rows Removed by Index Recheck": 0,
                      "Filter": "(role_id > 1)",
                      "Rows Removed by Filter": 20
                    }
                  ]
                }
              ]
            }
          ]
        }
      ]
    },
    "Planning Time": 1.403,
    "Triggers": [],
    "Execution Time": 126.315
  }
]