[
    {
        "Bao": {
            "Bao prediction": "NaN",
            "Bao recommended hint": "(no hint)"
        }
    },
    {
        "Plan": {
            "Node Type": "Aggregate",
            "Strategy": "Plain",
            "Partial Mode": "Finalize",
            "Parallel Aware": false,
            "Startup Cost": 83455.1,
            "Total Cost": 83455.11,
            "Plan Rows": 1,
            "Plan Width": 8,
            "Actual Startup Time": 744.712,
            "Actual Total Time": 804.92,
            "Actual Rows": 1,
            "Actual Loops": 1,
            "Output": [
                "count(*)"
            ],
            "Plans": [
                {
                    "Node Type": "Gather",
                    "Parent Relationship": "Outer",
                    "Parallel Aware": false,
                    "Startup Cost": 83454.68,
                    "Total Cost": 83455.09,
                    "Plan Rows": 4,
                    "Plan Width": 8,
                    "Actual Startup Time": 744.092,
                    "Actual Total Time": 804.908,
                    "Actual Rows": 5,
                    "Actual Loops": 1,
                    "Output": [
                        "(PARTIAL count(*))"
                    ],
                    "Workers Planned": 4,
                    "Workers Launched": 4,
                    "Single Copy": false,
                    "Plans": [
                        {
                            "Node Type": "Aggregate",
                            "Strategy": "Plain",
                            "Partial Mode": "Partial",
                            "Parent Relationship": "Outer",
                            "Parallel Aware": false,
                            "Startup Cost": 82454.68,
                            "Total Cost": 82454.69,
                            "Plan Rows": 1,
                            "Plan Width": 8,
                            "Actual Startup Time": 733.292,
                            "Actual Total Time": 733.296,
                            "Actual Rows": 1,
                            "Actual Loops": 5,
                            "Output": [
                                "PARTIAL count(*)"
                            ],
                            "Workers": [
                                {
                                    "Worker Number": 0,
                                    "Actual Startup Time": 731.31,
                                    "Actual Total Time": 731.314,
                                    "Actual Rows": 1,
                                    "Actual Loops": 1
                                },
                                {
                                    "Worker Number": 1,
                                    "Actual Startup Time": 728.604,
                                    "Actual Total Time": 728.607,
                                    "Actual Rows": 1,
                                    "Actual Loops": 1
                                },
                                {
                                    "Worker Number": 2,
                                    "Actual Startup Time": 730.865,
                                    "Actual Total Time": 730.869,
                                    "Actual Rows": 1,
                                    "Actual Loops": 1
                                },
                                {
                                    "Worker Number": 3,
                                    "Actual Startup Time": 732.222,
                                    "Actual Total Time": 732.226,
                                    "Actual Rows": 1,
                                    "Actual Loops": 1
                                }
                            ],
                            "Plans": [
                                {
                                    "Node Type": "Nested Loop",
                                    "Parent Relationship": "Outer",
                                    "Parallel Aware": false,
                                    "Join Type": "Inner",
                                    "Startup Cost": 20728.85,
                                    "Total Cost": 82299.72,
                                    "Plan Rows": 61986,
                                    "Plan Width": 0,
                                    "Actual Startup Time": 82.183,
                                    "Actual Total Time": 708.448,
                                    "Actual Rows": 306679,
                                    "Actual Loops": 5,
                                    "Inner Unique": false,
                                    "Workers": [
                                        {
                                            "Worker Number": 0,
                                            "Actual Startup Time": 82.094,
                                            "Actual Total Time": 706.056,
                                            "Actual Rows": 259529,
                                            "Actual Loops": 1
                                        },
                                        {
                                            "Worker Number": 1,
                                            "Actual Startup Time": 72.646,
                                            "Actual Total Time": 703.59,
                                            "Actual Rows": 253968,
                                            "Actual Loops": 1
                                        },
                                        {
                                            "Worker Number": 2,
                                            "Actual Startup Time": 79.027,
                                            "Actual Total Time": 705.952,
                                            "Actual Rows": 257584,
                                            "Actual Loops": 1
                                        },
                                        {
                                            "Worker Number": 3,
                                            "Actual Startup Time": 87.871,
                                            "Actual Total Time": 707.127,
                                            "Actual Rows": 257982,
                                            "Actual Loops": 1
                                        }
                                    ],
                                    "Plans": [
                                        {
                                            "Node Type": "Hash Join",
                                            "Parent Relationship": "Outer",
                                            "Parallel Aware": true,
                                            "Join Type": "Inner",
                                            "Startup Cost": 20728.29,
                                            "Total Cost": 65480.44,
                                            "Plan Rows": 4323,
                                            "Plan Width": 8,
                                            "Actual Startup Time": 82.072,
                                            "Actual Total Time": 145.423,
                                            "Actual Rows": 11288,
                                            "Actual Loops": 5,
                                            "Output": [
                                                "t.id",
                                                "mc.movie_id"
                                            ],
                                            "Inner Unique": false,
                                            "Hash Cond": "(t.id = mc.movie_id)",
                                            "Workers": [
                                                {
                                                    "Worker Number": 0,
                                                    "Actual Startup Time": 81.976,
                                                    "Actual Total Time": 141.037,
                                                    "Actual Rows": 9721,
                                                    "Actual Loops": 1
                                                },
                                                {
                                                    "Worker Number": 1,
                                                    "Actual Startup Time": 72.51,
                                                    "Actual Total Time": 135.874,
                                                    "Actual Rows": 9277,
                                                    "Actual Loops": 1
                                                },
                                                {
                                                    "Worker Number": 2,
                                                    "Actual Startup Time": 78.886,
                                                    "Actual Total Time": 139.804,
                                                    "Actual Rows": 9522,
                                                    "Actual Loops": 1
                                                },
                                                {
                                                    "Worker Number": 3,
                                                    "Actual Startup Time": 87.76,
                                                    "Actual Total Time": 141.931,
                                                    "Actual Rows": 9522,
                                                    "Actual Loops": 1
                                                }
                                            ],
                                            "Plans": [
                                                {
                                                    "Node Type": "Seq Scan",
                                                    "Parent Relationship": "Outer",
                                                    "Parallel Aware": true,
                                                    "Relation Name": "title",
                                                    "Schema": "public",
                                                    "Alias": "t",
                                                    "Startup Cost": 0.0,
                                                    "Total Cost": 43899.01,
                                                    "Plan Rows": 167838,
                                                    "Plan Width": 4,
                                                    "Actual Startup Time": 37.371,
                                                    "Actual Total Time": 87.353,
                                                    "Actual Rows": 132565,
                                                    "Actual Loops": 5,
                                                    "Output": [
                                                        "t.id",
                                                        "t.title",
                                                        "t.imdb_index",
                                                        "t.kind_id",
                                                        "t.production_year",
                                                        "t.imdb_id",
                                                        "t.phonetic_code",
                                                        "t.episode_of_id",
                                                        "t.season_nr",
                                                        "t.episode_nr",
                                                        "t.series_years",
                                                        "t.md5sum"
                                                    ],
                                                    "Filter": "(t.kind_id < 2)",
                                                    "Rows Removed by Filter": 373097,
                                                    "Workers": [
                                                        {
                                                            "Worker Number": 0,
                                                            "Actual Startup Time": 46.179,
                                                            "Actual Total Time": 87.109,
                                                            "Actual Rows": 114797,
                                                            "Actual Loops": 1
                                                        },
                                                        {
                                                            "Worker Number": 1,
                                                            "Actual Startup Time": 45.758,
                                                            "Actual Total Time": 86.588,
                                                            "Actual Rows": 92222,
                                                            "Actual Loops": 1
                                                        },
                                                        {
                                                            "Worker Number": 2,
                                                            "Actual Startup Time": 45.825,
                                                            "Actual Total Time": 86.925,
                                                            "Actual Rows": 111581,
                                                            "Actual Loops": 1
                                                        },
                                                        {
                                                            "Worker Number": 3,
                                                            "Actual Startup Time": 45.969,
                                                            "Actual Total Time": 87.332,
                                                            "Actual Rows": 113310,
                                                            "Actual Loops": 1
                                                        }
                                                    ]
                                                },
                                                {
                                                    "Node Type": "Hash",
                                                    "Parent Relationship": "Inner",
                                                    "Parallel Aware": true,
                                                    "Startup Cost": 20465.7,
                                                    "Total Cost": 20465.7,
                                                    "Plan Rows": 21007,
                                                    "Plan Width": 4,
                                                    "Actual Startup Time": 20.8,
                                                    "Actual Total Time": 20.801,
                                                    "Actual Rows": 13383,
                                                    "Actual Loops": 5,
                                                    "Output": [
                                                        "mc.movie_id"
                                                    ],
                                                    "Hash Buckets": 65536,
                                                    "Original Hash Buckets": 65536,
                                                    "Hash Batches": 1,
                                                    "Original Hash Batches": 1,
                                                    "Peak Memory Usage": 3232,
                                                    "Workers": [
                                                        {
                                                            "Worker Number": 0,
                                                            "Actual Startup Time": 18.914,
                                                            "Actual Total Time": 18.916,
                                                            "Actual Rows": 7705,
                                                            "Actual Loops": 1
                                                        },
                                                        {
                                                            "Worker Number": 1,
                                                            "Actual Startup Time": 16.354,
                                                            "Actual Total Time": 16.355,
                                                            "Actual Rows": 8158,
                                                            "Actual Loops": 1
                                                        },
                                                        {
                                                            "Worker Number": 2,
                                                            "Actual Startup Time": 18.313,
                                                            "Actual Total Time": 18.315,
                                                            "Actual Rows": 7601,
                                                            "Actual Loops": 1
                                                        },
                                                        {
                                                            "Worker Number": 3,
                                                            "Actual Startup Time": 19.862,
                                                            "Actual Total Time": 19.863,
                                                            "Actual Rows": 9089,
                                                            "Actual Loops": 1
                                                        }
                                                    ],
                                                    "Plans": [
                                                        {
                                                            "Node Type": "Bitmap Heap Scan",
                                                            "Parent Relationship": "Outer",
                                                            "Parallel Aware": true,
                                                            "Relation Name": "movie_companies",
                                                            "Schema": "public",
                                                            "Alias": "mc",
                                                            "Startup Cost": 1413.12,
                                                            "Total Cost": 20465.7,
                                                            "Plan Rows": 21007,
                                                            "Plan Width": 4,
                                                            "Actual Startup Time": 1.308,
                                                            "Actual Total Time": 13.67,
                                                            "Actual Rows": 13383,
                                                            "Actual Loops": 5,
                                                            "Output": [
                                                                "mc.movie_id"
                                                            ],
                                                            "Recheck Cond": "(mc.company_id > 178776)",
                                                            "Rows Removed by Index Recheck": 0,
                                                            "Exact Heap Blocks": 1216,
                                                            "Lossy Heap Blocks": 0,
                                                            "Workers": [
                                                                {
                                                                    "Worker Number": 0,
                                                                    "Actual Startup Time": 0.123,
                                                                    "Actual Total Time": 12.842,
                                                                    "Actual Rows": 7705,
                                                                    "Actual Loops": 1
                                                                },
                                                                {
                                                                    "Worker Number": 1,
                                                                    "Actual Startup Time": 0.097,
                                                                    "Actual Total Time": 11.121,
                                                                    "Actual Rows": 8158,
                                                                    "Actual Loops": 1
                                                                },
                                                                {
                                                                    "Worker Number": 2,
                                                                    "Actual Startup Time": 0.1,
                                                                    "Actual Total Time": 12.329,
                                                                    "Actual Rows": 7601,
                                                                    "Actual Loops": 1
                                                                },
                                                                {
                                                                    "Worker Number": 3,
                                                                    "Actual Startup Time": 0.114,
                                                                    "Actual Total Time": 13.251,
                                                                    "Actual Rows": 9089,
                                                                    "Actual Loops": 1
                                                                }
                                                            ],
                                                            "Plans": [
                                                                {
                                                                    "Node Type": "Bitmap Index Scan",
                                                                    "Parent Relationship": "Outer",
                                                                    "Parallel Aware": false,
                                                                    "Index Name": "company_id_movie_companies",
                                                                    "Startup Cost": 0.0,
                                                                    "Total Cost": 1396.84,
                                                                    "Plan Rows": 65121,
                                                                    "Plan Width": 0,
                                                                    "Actual Startup Time": 5.41,
                                                                    "Actual Total Time": 5.411,
                                                                    "Actual Rows": 66916,
                                                                    "Actual Loops": 1,
                                                                    "Index Cond": "(mc.company_id > 178776)"
                                                                }
                                                            ]
                                                        }
                                                    ]
                                                }
                                            ]
                                        },
                                        {
                                            "Node Type": "Index Only Scan",
                                            "Parent Relationship": "Inner",
                                            "Parallel Aware": false,
                                            "Scan Direction": "Forward",
                                            "Index Name": "movie_id_cast_info",
                                            "Relation Name": "cast_info",
                                            "Schema": "public",
                                            "Alias": "ci",
                                            "Startup Cost": 0.56,
                                            "Total Cost": 3.51,
                                            "Plan Rows": 38,
                                            "Plan Width": 4,
                                            "Actual Startup Time": 0.011,
                                            "Actual Total Time": 0.047,
                                            "Actual Rows": 27,
                                            "Actual Loops": 56441,
                                            "Output": [
                                                "ci.movie_id"
                                            ],
                                            "Index Cond": "(ci.movie_id = t.id)",
                                            "Rows Removed by Index Recheck": 0,
                                            "Heap Fetches": 1533394,
                                            "Workers": [
                                                {
                                                    "Worker Number": 0,
                                                    "Actual Startup Time": 0.013,
                                                    "Actual Total Time": 0.054,
                                                    "Actual Rows": 27,
                                                    "Actual Loops": 9721
                                                },
                                                {
                                                    "Worker Number": 1,
                                                    "Actual Startup Time": 0.014,
                                                    "Actual Total Time": 0.057,
                                                    "Actual Rows": 27,
                                                    "Actual Loops": 9277
                                                },
                                                {
                                                    "Worker Number": 2,
                                                    "Actual Startup Time": 0.013,
                                                    "Actual Total Time": 0.056,
                                                    "Actual Rows": 27,
                                                    "Actual Loops": 9522
                                                },
                                                {
                                                    "Worker Number": 3,
                                                    "Actual Startup Time": 0.013,
                                                    "Actual Total Time": 0.056,
                                                    "Actual Rows": 27,
                                                    "Actual Loops": 9522
                                                }
                                            ]
                                        }
                                    ]
                                }
                            ]
                        }
                    ]
                }
            ]
        },
        "Planning Time": 217.969,
        "Triggers": [],
        "Execution Time": 805.056
    }
]