[
  {
    "Plan": {
      "Node Type": "Aggregate",
      "Strategy": "Plain",
      "Partial Mode": "Finalize",
      "Parallel Aware": false,
      "Startup Cost": 224151.35,
      "Total Cost": 224151.36,
      "Plan Rows": 1,
      "Plan Width": 8,
      "Actual Startup Time": 2079.398,
      "Actual Total Time": 2135.616,
      "Actual Rows": 1,
      "Actual Loops": 1,
      "Plans": [
        {
          "Node Type": "Gather",
          "Parent Relationship": "Outer",
          "Parallel Aware": false,
          "Startup Cost": 224151.03,
          "Total Cost": 224151.34,
          "Plan Rows": 3,
          "Plan Width": 8,
          "Actual Startup Time": 2076.359,
          "Actual Total Time": 2135.606,
          "Actual Rows": 4,
          "Actual Loops": 1,
          "Workers Planned": 3,
          "Workers Launched": 3,
          "Single Copy": false,
          "Plans": [
            {
              "Node Type": "Aggregate",
              "Strategy": "Plain",
              "Partial Mode": "Partial",
              "Parent Relationship": "Outer",
              "Parallel Aware": false,
              "Startup Cost": 223151.03,
              "Total Cost": 223151.04,
              "Plan Rows": 1,
              "Plan Width": 8,
              "Actual Startup Time": 2071.284,
              "Actual Total Time": 2071.288,
              "Actual Rows": 1,
              "Actual Loops": 4,
              "Plans": [
                {
                  "Node Type": "Nested Loop",
                  "Parent Relationship": "Outer",
                  "Parallel Aware": false,
                  "Join Type": "Inner",
                  "Startup Cost": 57236.27,
                  "Total Cost": 222820.74,
                  "Plan Rows": 132116,
                  "Plan Width": 0,
                  "Actual Startup Time": 238.24,
                  "Actual Total Time": 2013.992,
                  "Actual Rows": 1176786,
                  "Actual Loops": 4,
                  "Inner Unique": false,
                  "Plans": [
                    {
                      "Node Type": "Hash Join",
                      "Parent Relationship": "Outer",
                      "Parallel Aware": true,
                      "Join Type": "Inner",
                      "Startup Cost": 57235.84,
                      "Total Cost": 84047.67,
                      "Plan Rows": 60823,
                      "Plan Width": 8,
                      "Actual Startup Time": 238.071,
                      "Actual Total Time": 332.022,
                      "Actual Rows": 105466,
                      "Actual Loops": 4,
                      "Inner Unique": true,
                      "Hash Cond": "(mk.movie_id = t.id)",
                      "Plans": [
                        {
                          "Node Type": "Bitmap Heap Scan",
                          "Parent Relationship": "Outer",
                          "Parallel Aware": true,
                          "Relation Name": "movie_keyword",
                          "Alias": "mk",
                          "Startup Cost": 10253.69,
                          "Total Cost": 36656.31,
                          "Plan Rows": 155890,
                          "Plan Width": 4,
                          "Actual Startup Time": 42.028,
                          "Actual Total Time": 88.704,
                          "Actual Rows": 120031,
                          "Actual Loops": 4,
                          "Recheck Cond": "(keyword_id > 37265)",
                          "Rows Removed by Index Recheck": 0,
                          "Exact Heap Blocks": 5437,
                          "Lossy Heap Blocks": 0,
                          "Plans": [
                            {
                              "Node Type": "Bitmap Index Scan",
                              "Parent Relationship": "Outer",
                              "Parallel Aware": false,
                              "Index Name": "keyword_id_movie_keyword",
                              "Startup Cost": 0.0,
                              "Total Cost": 10132.88,
                              "Plan Rows": 483259,
                              "Plan Width": 0,
                              "Actual Startup Time": 36.542,
                              "Actual Total Time": 36.542,
                              "Actual Rows": 480123,
                              "Actual Loops": 1,
                              "Index Cond": "(keyword_id > 37265)"
                            }
                          ]
                        },
                        {
                          "Node Type": "Hash",
                          "Parent Relationship": "Inner",
                          "Parallel Aware": true,
                          "Startup Cost": 43899.32,
                          "Total Cost": 43899.32,
                          "Plan Rows": 246626,
                          "Plan Width": 4,
                          "Actual Startup Time": 192.835,
                          "Actual Total Time": 192.835,
                          "Actual Rows": 246262,
                          "Actual Loops": 4,
                          "Hash Buckets": 1048576,
                          "Original Hash Buckets": 1048576,
                          "Hash Batches": 1,
                          "Original Hash Batches": 1,
                          "Peak Memory Usage": 46784,
                          "Plans": [
                            {
                              "Node Type": "Seq Scan",
                              "Parent Relationship": "Outer",
                              "Parallel Aware": true,
                              "Relation Name": "title",
                              "Alias": "t",
                              "Startup Cost": 0.0,
                              "Total Cost": 43899.32,
                              "Plan Rows": 246626,
                              "Plan Width": 4,
                              "Actual Startup Time": 0.028,
                              "Actual Total Time": 103.774,
                              "Actual Rows": 246262,
                              "Actual Loops": 4,
                              "Filter": "(kind_id < 7)",
                              "Rows Removed by Filter": 385816
                            }
                          ]
                        }
                      ]
                    },
                    {
                      "Node Type": "Index Scan",
                      "Parent Relationship": "Inner",
                      "Parallel Aware": false,
                      "Scan Direction": "Forward",
                      "Index Name": "movie_id_movie_info",
                      "Relation Name": "movie_info",
                      "Alias": "mi",
                      "Startup Cost": 0.43,
                      "Total Cost": 2.13,
                      "Plan Rows": 15,
                      "Plan Width": 4,
                      "Actual Startup Time": 0.003,
                      "Actual Total Time": 0.015,
                      "Actual Rows": 11,
                      "Actual Loops": 421866,
                      "Index Cond": "(movie_id = t.id)",
                      "Rows Removed by Index Recheck": 0,
                      "Filter": "(info_type_id < 6)",
                      "Rows Removed by Filter": 51
                    }
                  ]
                }
              ]
            }
          ]
        }
      ]
    },
    "Planning Time": 0.617,
    "Triggers": [],
    "Execution Time": 2135.684
  }
]