[
  {
    "Plan": {
      "Node Type": "Aggregate",
      "Strategy": "Plain",
      "Partial Mode": "Finalize",
      "Parallel Aware": false,
      "Startup Cost": 228987.73,
      "Total Cost": 228987.74,
      "Plan Rows": 1,
      "Plan Width": 8,
      "Actual Startup Time": 1931.655,
      "Actual Total Time": 1989.162,
      "Actual Rows": 1,
      "Actual Loops": 1,
      "Plans": [
        {
          "Node Type": "Gather",
          "Parent Relationship": "Outer",
          "Parallel Aware": false,
          "Startup Cost": 228987.41,
          "Total Cost": 228987.72,
          "Plan Rows": 3,
          "Plan Width": 8,
          "Actual Startup Time": 1928.979,
          "Actual Total Time": 1989.151,
          "Actual Rows": 4,
          "Actual Loops": 1,
          "Workers Planned": 3,
          "Workers Launched": 3,
          "Single Copy": false,
          "Plans": [
            {
              "Node Type": "Aggregate",
              "Strategy": "Plain",
              "Partial Mode": "Partial",
              "Parent Relationship": "Outer",
              "Parallel Aware": false,
              "Startup Cost": 227987.41,
              "Total Cost": 227987.42,
              "Plan Rows": 1,
              "Plan Width": 8,
              "Actual Startup Time": 1919.708,
              "Actual Total Time": 1919.712,
              "Actual Rows": 1,
              "Actual Loops": 4,
              "Plans": [
                {
                  "Node Type": "Nested Loop",
                  "Parent Relationship": "Outer",
                  "Parallel Aware": false,
                  "Join Type": "Inner",
                  "Startup Cost": 57460.76,
                  "Total Cost": 227657.05,
                  "Plan Rows": 132145,
                  "Plan Width": 0,
                  "Actual Startup Time": 209.936,
                  "Actual Total Time": 1867.956,
                  "Actual Rows": 1176786,
                  "Actual Loops": 4,
                  "Inner Unique": false,
                  "Plans": [
                    {
                      "Node Type": "Hash Join",
                      "Parent Relationship": "Outer",
                      "Parallel Aware": true,
                      "Join Type": "Inner",
                      "Startup Cost": 57460.33,
                      "Total Cost": 84320.96,
                      "Plan Rows": 62395,
                      "Plan Width": 8,
                      "Actual Startup Time": 209.802,
                      "Actual Total Time": 295.716,
                      "Actual Rows": 105466,
                      "Actual Loops": 4,
                      "Inner Unique": true,
                      "Hash Cond": "(mk.movie_id = t.id)",
                      "Plans": [
                        {
                          "Node Type": "Bitmap Heap Scan",
                          "Parent Relationship": "Outer",
                          "Parallel Aware": true,
                          "Relation Name": "movie_keyword",
                          "Alias": "mk",
                          "Startup Cost": 10463.2,
                          "Total Cost": 36906.15,
                          "Plan Rows": 159116,
                          "Plan Width": 4,
                          "Actual Startup Time": 27.886,
                          "Actual Total Time": 71.009,
                          "Actual Rows": 120031,
                          "Actual Loops": 4,
                          "Recheck Cond": "(keyword_id > 37265)",
                          "Rows Removed by Index Recheck": 0,
                          "Exact Heap Blocks": 6807,
                          "Lossy Heap Blocks": 0,
                          "Plans": [
                            {
                              "Node Type": "Bitmap Index Scan",
                              "Parent Relationship": "Outer",
                              "Parallel Aware": false,
                              "Index Name": "keyword_id_movie_keyword",
                              "Startup Cost": 0.0,
                              "Total Cost": 10339.88,
                              "Plan Rows": 493260,
                              "Plan Width": 0,
                              "Actual Startup Time": 24.4,
                              "Actual Total Time": 24.4,
                              "Actual Rows": 480123,
                              "Actual Loops": 1,
                              "Index Cond": "(keyword_id > 37265)"
                            }
                          ]
                        },
                        {
                          "Node Type": "Hash",
                          "Parent Relationship": "Inner",
                          "Parallel Aware": true,
                          "Startup Cost": 43898.92,
                          "Total Cost": 43898.92,
                          "Plan Rows": 247857,
                          "Plan Width": 4,
                          "Actual Startup Time": 177.044,
                          "Actual Total Time": 177.045,
                          "Actual Rows": 246262,
                          "Actual Loops": 4,
                          "Hash Buckets": 1048576,
                          "Original Hash Buckets": 1048576,
                          "Hash Batches": 1,
                          "Original Hash Batches": 1,
                          "Peak Memory Usage": 46784,
                          "Plans": [
                            {
                              "Node Type": "Seq Scan",
                              "Parent Relationship": "Outer",
                              "Parallel Aware": true,
                              "Relation Name": "title",
                              "Alias": "t",
                              "Startup Cost": 0.0,
                              "Total Cost": 43898.92,
                              "Plan Rows": 247857,
                              "Plan Width": 4,
                              "Actual Startup Time": 0.045,
                              "Actual Total Time": 99.846,
                              "Actual Rows": 246262,
                              "Actual Loops": 4,
                              "Filter": "(kind_id < 7)",
                              "Rows Removed by Filter": 385816
                            }
                          ]
                        }
                      ]
                    },
                    {
                      "Node Type": "Index Scan",
                      "Parent Relationship": "Inner",
                      "Parallel Aware": false,
                      "Scan Direction": "Forward",
                      "Index Name": "movie_id_movie_info",
                      "Relation Name": "movie_info",
                      "Alias": "mi",
                      "Startup Cost": 0.43,
                      "Total Cost": 2.15,
                      "Plan Rows": 15,
                      "Plan Width": 4,
                      "Actual Startup Time": 0.003,
                      "Actual Total Time": 0.014,
                      "Actual Rows": 11,
                      "Actual Loops": 421866,
                      "Index Cond": "(movie_id = t.id)",
                      "Rows Removed by Index Recheck": 0,
                      "Filter": "(info_type_id < 6)",
                      "Rows Removed by Filter": 51
                    }
                  ]
                }
              ]
            }
          ]
        }
      ]
    },
    "Planning Time": 1.318,
    "Triggers": [],
    "Execution Time": 1989.28
  }
]