[
  {
    "Plan": {
      "Node Type": "Aggregate",
      "Strategy": "Plain",
      "Partial Mode": "Finalize",
      "Parallel Aware": false,
      "Startup Cost": 331734.63,
      "Total Cost": 331734.64,
      "Plan Rows": 1,
      "Plan Width": 8,
      "Actual Startup Time": 712.274,
      "Actual Total Time": 767.233,
      "Actual Rows": 1,
      "Actual Loops": 1,
      "Plans": [
        {
          "Node Type": "Gather",
          "Parent Relationship": "Outer",
          "Parallel Aware": false,
          "Startup Cost": 331734.01,
          "Total Cost": 331734.62,
          "Plan Rows": 6,
          "Plan Width": 8,
          "Actual Startup Time": 712.105,
          "Actual Total Time": 767.214,
          "Actual Rows": 7,
          "Actual Loops": 1,
          "Workers Planned": 6,
          "Workers Launched": 6,
          "Single Copy": false,
          "Plans": [
            {
              "Node Type": "Aggregate",
              "Strategy": "Plain",
              "Partial Mode": "Partial",
              "Parent Relationship": "Outer",
              "Parallel Aware": false,
              "Startup Cost": 330734.01,
              "Total Cost": 330734.02,
              "Plan Rows": 1,
              "Plan Width": 8,
              "Actual Startup Time": 704.517,
              "Actual Total Time": 704.519,
              "Actual Rows": 1,
              "Actual Loops": 7,
              "Plans": [
                {
                  "Node Type": "Seq Scan",
                  "Parent Relationship": "Outer",
                  "Parallel Aware": true,
                  "Relation Name": "cast_info",
                  "Alias": "ci",
                  "Startup Cost": 0.0,
                  "Total Cost": 328211.39,
                  "Plan Rows": 1009046,
                  "Plan Width": 0,
                  "Actual Startup Time": 426.453,
                  "Actual Total Time": 654.412,
                  "Actual Rows": 856341,
                  "Actual Loops": 7,
                  "Filter": "(person_id > 3047264)",
                  "Rows Removed by Filter": 4321422
                }
              ]
            }
          ]
        }
      ]
    },
    "Planning Time": 0.117,
    "Triggers": [],
    "Execution Time": 767.285
  }
]