[
  {
    "Plan": {
      "Node Type": "Aggregate",
      "Strategy": "Plain",
      "Partial Mode": "Finalize",
      "Parallel Aware": false,
      "Startup Cost": 31315.53,
      "Total Cost": 31315.54,
      "Plan Rows": 1,
      "Plan Width": 8,
      "Actual Startup Time": 88.016,
      "Actual Total Time": 94.242,
      "Actual Rows": 1,
      "Actual Loops": 1,
      "Plans": [
        {
          "Node Type": "Gather",
          "Parent Relationship": "Outer",
          "Parallel Aware": false,
          "Startup Cost": 31315.21,
          "Total Cost": 31315.52,
          "Plan Rows": 3,
          "Plan Width": 8,
          "Actual Startup Time": 87.901,
          "Actual Total Time": 94.236,
          "Actual Rows": 4,
          "Actual Loops": 1,
          "Workers Planned": 3,
          "Workers Launched": 3,
          "Single Copy": false,
          "Plans": [
            {
              "Node Type": "Aggregate",
              "Strategy": "Plain",
              "Partial Mode": "Partial",
              "Parent Relationship": "Outer",
              "Parallel Aware": false,
              "Startup Cost": 30315.21,
              "Total Cost": 30315.22,
              "Plan Rows": 1,
              "Plan Width": 8,
              "Actual Startup Time": 84.43,
              "Actual Total Time": 84.431,
              "Actual Rows": 1,
              "Actual Loops": 4,
              "Plans": [
                {
                  "Node Type": "Seq Scan",
                  "Parent Relationship": "Outer",
                  "Parallel Aware": true,
                  "Relation Name": "movie_companies",
                  "Alias": "mc",
                  "Startup Cost": 0.0,
                  "Total Cost": 29310.68,
                  "Plan Rows": 401811,
                  "Plan Width": 0,
                  "Actual Startup Time": 14.238,
                  "Actual Total Time": 70.193,
                  "Actual Rows": 312631,
                  "Actual Loops": 4,
                  "Filter": "(company_id > 11663)",
                  "Rows Removed by Filter": 339651
                }
              ]
            }
          ]
        }
      ]
    },
    "Planning Time": 0.181,
    "Triggers": [],
    "Execution Time": 94.295
  }
]