[
  {
    "Plan": {
      "Node Type": "Aggregate",
      "Strategy": "Plain",
      "Partial Mode": "Finalize",
      "Parallel Aware": false,
      "Startup Cost": 31316.14,
      "Total Cost": 31316.15,
      "Plan Rows": 1,
      "Plan Width": 8,
      "Actual Startup Time": 100.163,
      "Actual Total Time": 107.69,
      "Actual Rows": 1,
      "Actual Loops": 1,
      "Plans": [
        {
          "Node Type": "Gather",
          "Parent Relationship": "Outer",
          "Parallel Aware": false,
          "Startup Cost": 31315.82,
          "Total Cost": 31316.13,
          "Plan Rows": 3,
          "Plan Width": 8,
          "Actual Startup Time": 99.953,
          "Actual Total Time": 107.682,
          "Actual Rows": 4,
          "Actual Loops": 1,
          "Workers Planned": 3,
          "Workers Launched": 3,
          "Single Copy": false,
          "Plans": [
            {
              "Node Type": "Aggregate",
              "Strategy": "Plain",
              "Partial Mode": "Partial",
              "Parent Relationship": "Outer",
              "Parallel Aware": false,
              "Startup Cost": 30315.82,
              "Total Cost": 30315.83,
              "Plan Rows": 1,
              "Plan Width": 8,
              "Actual Startup Time": 93.872,
              "Actual Total Time": 93.873,
              "Actual Rows": 1,
              "Actual Loops": 4,
              "Plans": [
                {
                  "Node Type": "Seq Scan",
                  "Parent Relationship": "Outer",
                  "Parallel Aware": true,
                  "Relation Name": "movie_companies",
                  "Alias": "mc",
                  "Startup Cost": 0.0,
                  "Total Cost": 29310.68,
                  "Plan Rows": 402055,
                  "Plan Width": 0,
                  "Actual Startup Time": 21.772,
                  "Actual Total Time": 80.72,
                  "Actual Rows": 312631,
                  "Actual Loops": 4,
                  "Filter": "(company_id > 11663)",
                  "Rows Removed by Filter": 339651
                }
              ]
            }
          ]
        }
      ]
    },
    "Planning Time": 0.241,
    "Triggers": [],
    "Execution Time": 107.747
  }
]