[
  {
    "Plan": {
      "Node Type": "Aggregate",
      "Strategy": "Plain",
      "Partial Mode": "Finalize",
      "Parallel Aware": false,
      "Startup Cost": 384002.32,
      "Total Cost": 384002.33,
      "Plan Rows": 1,
      "Plan Width": 8,
      "Actual Startup Time": 1412.98,
      "Actual Total Time": 1489.074,
      "Actual Rows": 1,
      "Actual Loops": 1,
      "Plans": [
        {
          "Node Type": "Gather",
          "Parent Relationship": "Outer",
          "Parallel Aware": false,
          "Startup Cost": 384001.69,
          "Total Cost": 384002.3,
          "Plan Rows": 6,
          "Plan Width": 8,
          "Actual Startup Time": 1403.932,
          "Actual Total Time": 1489.061,
          "Actual Rows": 7,
          "Actual Loops": 1,
          "Workers Planned": 6,
          "Workers Launched": 6,
          "Single Copy": false,
          "Plans": [
            {
              "Node Type": "Aggregate",
              "Strategy": "Plain",
              "Partial Mode": "Partial",
              "Parent Relationship": "Outer",
              "Parallel Aware": false,
              "Startup Cost": 383001.69,
              "Total Cost": 383001.7,
              "Plan Rows": 1,
              "Plan Width": 8,
              "Actual Startup Time": 1392.673,
              "Actual Total Time": 1392.676,
              "Actual Rows": 1,
              "Actual Loops": 7,
              "Plans": [
                {
                  "Node Type": "Hash Join",
                  "Parent Relationship": "Outer",
                  "Parallel Aware": true,
                  "Join Type": "Inner",
                  "Startup Cost": 47832.9,
                  "Total Cost": 381453.06,
                  "Plan Rows": 619452,
                  "Plan Width": 0,
                  "Actual Startup Time": 144.877,
                  "Actual Total Time": 1358.16,
                  "Actual Rows": 651170,
                  "Actual Loops": 7,
                  "Inner Unique": true,
                  "Hash Cond": "(ci.movie_id = t.id)",
                  "Plans": [
                    {
                      "Node Type": "Seq Scan",
                      "Parent Relationship": "Outer",
                      "Parallel Aware": true,
                      "Relation Name": "cast_info",
                      "Alias": "ci",
                      "Startup Cost": 0.0,
                      "Total Cost": 328162.03,
                      "Plan Rows": 2079287,
                      "Plan Width": 4,
                      "Actual Startup Time": 0.029,
                      "Actual Total Time": 716.01,
                      "Actual Rows": 1810098,
                      "Actual Loops": 7,
                      "Filter": "(role_id < 2)",
                      "Rows Removed by Filter": 3367665
                    },
                    {
                      "Node Type": "Hash",
                      "Parent Relationship": "Inner",
                      "Parallel Aware": true,
                      "Startup Cost": 45479.1,
                      "Total Cost": 45479.1,
                      "Plan Rows": 188304,
                      "Plan Width": 4,
                      "Actual Startup Time": 141.28,
                      "Actual Total Time": 141.281,
                      "Actual Rows": 113420,
                      "Actual Loops": 7,
                      "Hash Buckets": 1048576,
                      "Original Hash Buckets": 1048576,
                      "Hash Batches": 1,
                      "Original Hash Batches": 1,
                      "Peak Memory Usage": 39360,
                      "Plans": [
                        {
                          "Node Type": "Seq Scan",
                          "Parent Relationship": "Outer",
                          "Parallel Aware": true,
                          "Relation Name": "title",
                          "Alias": "t",
                          "Startup Cost": 0.0,
                          "Total Cost": 45479.1,
                          "Plan Rows": 188304,
                          "Plan Width": 4,
                          "Actual Startup Time": 0.049,
                          "Actual Total Time": 85.049,
                          "Actual Rows": 113420,
                          "Actual Loops": 7,
                          "Filter": "((kind_id < 7) AND (production_year < 2010))",
                          "Rows Removed by Filter": 247767
                        }
                      ]
                    }
                  ]
                }
              ]
            }
          ]
        }
      ]
    },
    "Planning Time": 0.593,
    "Triggers": [],
    "Execution Time": 1489.164
  }
]