{
  "Plan": {
    "Node Type": "Aggregate",
    "Strategy": "Plain",
    "Partial Mode": "Finalize",
    "Parallel Aware": false,
    "Startup Cost": 163681.78,
    "Total Cost": 163681.79,
    "Plan Rows": 1,
    "Plan Width": 8,
    "Actual Startup Time": 621.04,
    "Actual Total Time": 642.278,
    "Actual Rows": 1,
    "Actual Loops": 1,
    "Plans": [
      {
        "Node Type": "Gather",
        "Parent Relationship": "Outer",
        "Parallel Aware": false,
        "Startup Cost": 163681.67,
        "Total Cost": 163681.78,
        "Plan Rows": 1,
        "Plan Width": 8,
        "Actual Startup Time": 620.278,
        "Actual Total Time": 642.272,
        "Actual Rows": 2,
        "Actual Loops": 1,
        "Workers Planned": 1,
        "Workers Launched": 1,
        "Single Copy": false,
        "Plans": [
          {
            "Node Type": "Aggregate",
            "Strategy": "Plain",
            "Partial Mode": "Partial",
            "Parent Relationship": "Outer",
            "Parallel Aware": false,
            "Startup Cost": 162681.67,
            "Total Cost": 162681.68,
            "Plan Rows": 1,
            "Plan Width": 8,
            "Actual Startup Time": 614.355,
            "Actual Total Time": 614.361,
            "Actual Rows": 1,
            "Actual Loops": 2,
            "Plans": [
              {
                "Node Type": "Hash Join",
                "Parent Relationship": "Outer",
                "Parallel Aware": true,
                "Join Type": "Inner",
                "Startup Cost": 119222.85,
                "Total Cost": 162592.74,
                "Plan Rows": 35569,
                "Plan Width": 0,
                "Actual Startup Time": 519.468,
                "Actual Total Time": 613.765,
                "Actual Rows": 14382,
                "Actual Loops": 2,
                "Inner Unique": false,
                "Hash Cond": "(mc.movie_id = t.id)",
                "Plans": [
                  {
                    "Node Type": "Seq Scan",
                    "Parent Relationship": "Outer",
                    "Parallel Aware": true,
                    "Relation Name": "movie_companies",
                    "Alias": "mc",
                    "Startup Cost": 0.0,
                    "Total Cost": 41811.73,
                    "Plan Rows": 359717,
                    "Plan Width": 4,
                    "Actual Startup Time": 47.511,
                    "Actual Total Time": 107.88,
                    "Actual Rows": 442118,
                    "Actual Loops": 2,
                    "Filter": "((company_id > 12223) AND (company_type_id = 2))",
                    "Rows Removed by Filter": 862447
                  },
                  {
                    "Node Type": "Hash",
                    "Parent Relationship": "Inner",
                    "Parallel Aware": true,
                    "Startup Cost": 117384.64,
                    "Total Cost": 117384.64,
                    "Plan Rows": 147057,
                    "Plan Width": 8,
                    "Actual Startup Time": 468.047,
                    "Actual Total Time": 468.051,
                    "Actual Rows": 19832,
                    "Actual Loops": 2,
                    "Hash Buckets": 262144,
                    "Original Hash Buckets": 262144,
                    "Hash Batches": 1,
                    "Original Hash Batches": 1,
                    "Peak Memory Usage": 3648,
                    "Plans": [
                      {
                        "Node Type": "Hash Join",
                        "Parent Relationship": "Outer",
                        "Parallel Aware": true,
                        "Join Type": "Inner",
                        "Startup Cost": 59333.79,
                        "Total Cost": 117384.64,
                        "Plan Rows": 147057,
                        "Plan Width": 8,
                        "Actual Startup Time": 154.914,
                        "Actual Total Time": 464.426,
                        "Actual Rows": 19832,
                        "Actual Loops": 2,
                        "Inner Unique": true,
                        "Hash Cond": "(mk.movie_id = t.id)",
                        "Plans": [
                          {
                            "Node Type": "Seq Scan",
                            "Parent Relationship": "Outer",
                            "Parallel Aware": true,
                            "Relation Name": "movie_keyword",
                            "Alias": "mk",
                            "Startup Cost": 0.0,
                            "Total Cost": 51065.35,
                            "Plan Rows": 2661135,
                            "Plan Width": 4,
                            "Actual Startup Time": 0.011,
                            "Actual Total Time": 147.011,
                            "Actual Rows": 2261965,
                            "Actual Loops": 2
                          },
                          {
                            "Node Type": "Hash",
                            "Parent Relationship": "Inner",
                            "Parallel Aware": true,
                            "Startup Cost": 58306.47,
                            "Total Cost": 58306.47,
                            "Plan Rows": 82186,
                            "Plan Width": 4,
                            "Actual Startup Time": 152.407,
                            "Actual Total Time": 152.408,
                            "Actual Rows": 75330,
                            "Actual Loops": 2,
                            "Hash Buckets": 262144,
                            "Original Hash Buckets": 262144,
                            "Hash Batches": 1,
                            "Original Hash Batches": 1,
                            "Peak Memory Usage": 7968,
                            "Plans": [
                              {
                                "Node Type": "Seq Scan",
                                "Parent Relationship": "Outer",
                                "Parallel Aware": true,
                                "Relation Name": "title",
                                "Alias": "t",
                                "Startup Cost": 0.0,
                                "Total Cost": 58306.47,
                                "Plan Rows": 82186,
                                "Plan Width": 4,
                                "Actual Startup Time": 0.033,
                                "Actual Total Time": 133.494,
                                "Actual Rows": 75330,
                                "Actual Loops": 2,
                                "Filter": "((production_year > 2011) AND (kind_id = 7))",
                                "Rows Removed by Filter": 1188826
                              }
                            ]
                          }
                        ]
                      }
                    ]
                  }
                ]
              }
            ]
          }
        ]
      }
    ]
  },
  "Planning Time": 1.076,
  "Triggers": [],
  "Execution Time": 642.384
}