[
  {
    "Plan": {
      "Node Type": "Aggregate",
      "Strategy": "Plain",
      "Partial Mode": "Finalize",
      "Parallel Aware": false,
      "Startup Cost": 350420.6,
      "Total Cost": 350420.61,
      "Plan Rows": 1,
      "Plan Width": 8,
      "Actual Startup Time": 774.506,
      "Actual Total Time": 839.151,
      "Actual Rows": 1,
      "Actual Loops": 1,
      "Plans": [
        {
          "Node Type": "Gather",
          "Parent Relationship": "Outer",
          "Parallel Aware": false,
          "Startup Cost": 350419.98,
          "Total Cost": 350420.59,
          "Plan Rows": 6,
          "Plan Width": 8,
          "Actual Startup Time": 774.361,
          "Actual Total Time": 839.138,
          "Actual Rows": 7,
          "Actual Loops": 1,
          "Workers Planned": 6,
          "Workers Launched": 6,
          "Single Copy": false,
          "Plans": [
            {
              "Node Type": "Aggregate",
              "Strategy": "Plain",
              "Partial Mode": "Partial",
              "Parent Relationship": "Outer",
              "Parallel Aware": false,
              "Startup Cost": 349419.98,
              "Total Cost": 349419.99,
              "Plan Rows": 1,
              "Plan Width": 8,
              "Actual Startup Time": 764.518,
              "Actual Total Time": 764.52,
              "Actual Rows": 1,
              "Actual Loops": 7,
              "Plans": [
                {
                  "Node Type": "Seq Scan",
                  "Parent Relationship": "Outer",
                  "Parallel Aware": true,
                  "Relation Name": "cast_info",
                  "Alias": "ci",
                  "Startup Cost": 0.0,
                  "Total Cost": 343316.27,
                  "Plan Rows": 2441482,
                  "Plan Width": 0,
                  "Actual Startup Time": 252.759,
                  "Actual Total Time": 678.445,
                  "Actual Rows": 1824492,
                  "Actual Loops": 7,
                  "Filter": "((person_id > 1971404) AND (role_id < 10))",
                  "Rows Removed by Filter": 3353272
                }
              ]
            }
          ]
        }
      ]
    },
    "Planning Time": 0.253,
    "Triggers": [],
    "Execution Time": 839.221
  }
]