[
  {
    "Plan": {
      "Node Type": "Aggregate",
      "Strategy": "Plain",
      "Partial Mode": "Finalize",
      "Parallel Aware": false,
      "Startup Cost": 95078.23,
      "Total Cost": 95078.24,
      "Plan Rows": 1,
      "Plan Width": 8,
      "Actual Startup Time": 572.299,
      "Actual Total Time": 588.695,
      "Actual Rows": 1,
      "Actual Loops": 1,
      "Plans": [
        {
          "Node Type": "Gather",
          "Parent Relationship": "Outer",
          "Parallel Aware": false,
          "Startup Cost": 95077.91,
          "Total Cost": 95078.22,
          "Plan Rows": 3,
          "Plan Width": 8,
          "Actual Startup Time": 563.178,
          "Actual Total Time": 588.684,
          "Actual Rows": 4,
          "Actual Loops": 1,
          "Workers Planned": 3,
          "Workers Launched": 3,
          "Single Copy": false,
          "Plans": [
            {
              "Node Type": "Aggregate",
              "Strategy": "Plain",
              "Partial Mode": "Partial",
              "Parent Relationship": "Outer",
              "Parallel Aware": false,
              "Startup Cost": 94077.91,
              "Total Cost": 94077.92,
              "Plan Rows": 1,
              "Plan Width": 8,
              "Actual Startup Time": 545.416,
              "Actual Total Time": 545.419,
              "Actual Rows": 1,
              "Actual Loops": 4,
              "Plans": [
                {
                  "Node Type": "Hash Join",
                  "Parent Relationship": "Outer",
                  "Parallel Aware": true,
                  "Join Type": "Inner",
                  "Startup Cost": 65522.63,
                  "Total Cost": 93496.17,
                  "Plan Rows": 232697,
                  "Plan Width": 0,
                  "Actual Startup Time": 409.419,
                  "Actual Total Time": 536.053,
                  "Actual Rows": 178374,
                  "Actual Loops": 4,
                  "Inner Unique": true,
                  "Hash Cond": "(mk.movie_id = t.id)",
                  "Plans": [
                    {
                      "Node Type": "Bitmap Heap Scan",
                      "Parent Relationship": "Outer",
                      "Parallel Aware": true,
                      "Relation Name": "movie_keyword",
                      "Alias": "mk",
                      "Startup Cost": 15302.98,
                      "Total Cost": 42665.69,
                      "Plan Rows": 232697,
                      "Plan Width": 4,
                      "Actual Startup Time": 49.733,
                      "Actual Total Time": 116.849,
                      "Actual Rows": 178374,
                      "Actual Loops": 4,
                      "Recheck Cond": "(keyword_id > 26449)",
                      "Rows Removed by Index Recheck": 0,
                      "Exact Heap Blocks": 7158,
                      "Lossy Heap Blocks": 0,
                      "Plans": [
                        {
                          "Node Type": "Bitmap Index Scan",
                          "Parent Relationship": "Outer",
                          "Parallel Aware": false,
                          "Index Name": "keyword_id_movie_keyword",
                          "Startup Cost": 0.0,
                          "Total Cost": 15122.64,
                          "Plan Rows": 721361,
                          "Plan Width": 0,
                          "Actual Startup Time": 46.111,
                          "Actual Total Time": 46.111,
                          "Actual Rows": 713495,
                          "Actual Loops": 1,
                          "Index Cond": "(keyword_id > 26449)"
                        }
                      ]
                    },
                    {
                      "Node Type": "Hash",
                      "Parent Relationship": "Inner",
                      "Parallel Aware": true,
                      "Startup Cost": 42318.73,
                      "Total Cost": 42318.73,
                      "Plan Rows": 632073,
                      "Plan Width": 4,
                      "Actual Startup Time": 348.522,
                      "Actual Total Time": 348.523,
                      "Actual Rows": 632078,
                      "Actual Loops": 4,
                      "Hash Buckets": 4194304,
                      "Original Hash Buckets": 4194304,
                      "Hash Batches": 1,
                      "Original Hash Batches": 1,
                      "Peak Memory Usage": 131744,
                      "Plans": [
                        {
                          "Node Type": "Seq Scan",
                          "Parent Relationship": "Outer",
                          "Parallel Aware": true,
                          "Relation Name": "title",
                          "Alias": "t",
                          "Startup Cost": 0.0,
                          "Total Cost": 42318.73,
                          "Plan Rows": 632073,
                          "Plan Width": 4,
                          "Actual Startup Time": 0.032,
                          "Actual Total Time": 104.389,
                          "Actual Rows": 632078,
                          "Actual Loops": 4
                        }
                      ]
                    }
                  ]
                }
              ]
            }
          ]
        }
      ]
    },
    "Planning Time": 0.649,
    "Triggers": [],
    "Execution Time": 588.784
  }
]