[
  {
    "Plan": {
      "Node Type": "Aggregate",
      "Strategy": "Plain",
      "Partial Mode": "Finalize",
      "Parallel Aware": false,
      "Startup Cost": 354520.13,
      "Total Cost": 354520.14,
      "Plan Rows": 1,
      "Plan Width": 8,
      "Actual Startup Time": 890.276,
      "Actual Total Time": 936.469,
      "Actual Rows": 1,
      "Actual Loops": 1,
      "Plans": [
        {
          "Node Type": "Gather",
          "Parent Relationship": "Outer",
          "Parallel Aware": false,
          "Startup Cost": 354519.51,
          "Total Cost": 354520.11,
          "Plan Rows": 6,
          "Plan Width": 8,
          "Actual Startup Time": 890.098,
          "Actual Total Time": 936.446,
          "Actual Rows": 7,
          "Actual Loops": 1,
          "Workers Planned": 6,
          "Workers Launched": 6,
          "Single Copy": false,
          "Plans": [
            {
              "Node Type": "Aggregate",
              "Strategy": "Plain",
              "Partial Mode": "Partial",
              "Parent Relationship": "Outer",
              "Parallel Aware": false,
              "Startup Cost": 353519.51,
              "Total Cost": 353519.52,
              "Plan Rows": 1,
              "Plan Width": 8,
              "Actual Startup Time": 880.169,
              "Actual Total Time": 880.171,
              "Actual Rows": 1,
              "Actual Loops": 7,
              "Plans": [
                {
                  "Node Type": "Seq Scan",
                  "Parent Relationship": "Outer",
                  "Parallel Aware": true,
                  "Relation Name": "cast_info",
                  "Alias": "ci",
                  "Startup Cost": 0.0,
                  "Total Cost": 343316.27,
                  "Plan Rows": 4081294,
                  "Plan Width": 0,
                  "Actual Startup Time": 0.067,
                  "Actual Total Time": 700.258,
                  "Actual Rows": 3837092,
                  "Actual Loops": 7,
                  "Filter": "((person_id < 3491778) AND (role_id < 5))",
                  "Rows Removed by Filter": 1340672
                }
              ]
            }
          ]
        }
      ]
    },
    "Planning Time": 0.063,
    "Triggers": [],
    "Execution Time": 936.505
  }
]