{
  "Plan": {
    "Node Type": "Aggregate",
    "Strategy": "Plain",
    "Partial Mode": "Finalize",
    "Parallel Aware": false,
    "Startup Cost": 131608.81,
    "Total Cost": 131608.82,
    "Plan Rows": 1,
    "Plan Width": 8,
    "Actual Startup Time": 361.966,
    "Actual Total Time": 378.583,
    "Actual Rows": 1,
    "Actual Loops": 1,
    "Plans": [
      {
        "Node Type": "Gather",
        "Parent Relationship": "Outer",
        "Parallel Aware": false,
        "Startup Cost": 131608.69,
        "Total Cost": 131608.8,
        "Plan Rows": 1,
        "Plan Width": 8,
        "Actual Startup Time": 361.767,
        "Actual Total Time": 378.573,
        "Actual Rows": 2,
        "Actual Loops": 1,
        "Workers Planned": 1,
        "Workers Launched": 1,
        "Single Copy": false,
        "Plans": [
          {
            "Node Type": "Aggregate",
            "Strategy": "Plain",
            "Partial Mode": "Partial",
            "Parent Relationship": "Outer",
            "Parallel Aware": false,
            "Startup Cost": 130608.69,
            "Total Cost": 130608.7,
            "Plan Rows": 1,
            "Plan Width": 8,
            "Actual Startup Time": 355.471,
            "Actual Total Time": 355.475,
            "Actual Rows": 1,
            "Actual Loops": 2,
            "Plans": [
              {
                "Node Type": "Hash Join",
                "Parent Relationship": "Outer",
                "Parallel Aware": true,
                "Join Type": "Inner",
                "Startup Cost": 69519.53,
                "Total Cost": 130595.41,
                "Plan Rows": 5315,
                "Plan Width": 0,
                "Actual Startup Time": 60.097,
                "Actual Total Time": 355.313,
                "Actual Rows": 3699,
                "Actual Loops": 2,
                "Inner Unique": false,
                "Hash Cond": "(mk.movie_id = t.id)",
                "Plans": [
                  {
                    "Node Type": "Seq Scan",
                    "Parent Relationship": "Outer",
                    "Parallel Aware": true,
                    "Relation Name": "movie_keyword",
                    "Alias": "mk",
                    "Startup Cost": 0.0,
                    "Total Cost": 51065.35,
                    "Plan Rows": 2661135,
                    "Plan Width": 4,
                    "Actual Startup Time": 0.008,
                    "Actual Total Time": 156.312,
                    "Actual Rows": 2261965,
                    "Actual Loops": 2
                  },
                  {
                    "Node Type": "Hash",
                    "Parent Relationship": "Inner",
                    "Parallel Aware": true,
                    "Startup Cost": 69482.39,
                    "Total Cost": 69482.39,
                    "Plan Rows": 2971,
                    "Plan Width": 8,
                    "Actual Startup Time": 58.289,
                    "Actual Total Time": 58.291,
                    "Actual Rows": 1941,
                    "Actual Loops": 2,
                    "Hash Buckets": 8192,
                    "Original Hash Buckets": 8192,
                    "Hash Batches": 1,
                    "Original Hash Batches": 1,
                    "Peak Memory Usage": 256,
                    "Plans": [
                      {
                        "Node Type": "Nested Loop",
                        "Parent Relationship": "Outer",
                        "Parallel Aware": false,
                        "Join Type": "Inner",
                        "Startup Cost": 600.35,
                        "Total Cost": 69482.39,
                        "Plan Rows": 2971,
                        "Plan Width": 8,
                        "Actual Startup Time": 6.758,
                        "Actual Total Time": 57.327,
                        "Actual Rows": 1941,
                        "Actual Loops": 2,
                        "Inner Unique": true,
                        "Plans": [
                          {
                            "Node Type": "Bitmap Heap Scan",
                            "Parent Relationship": "Outer",
                            "Parallel Aware": true,
                            "Relation Name": "movie_companies",
                            "Alias": "mc",
                            "Startup Cost": 599.92,
                            "Total Cost": 20557.29,
                            "Plan Rows": 8034,
                            "Plan Width": 4,
                            "Actual Startup Time": 5.672,
                            "Actual Total Time": 17.559,
                            "Actual Rows": 6416,
                            "Actual Loops": 2,
                            "Recheck Cond": "(company_id = 27)",
                            "Rows Removed by Index Recheck": 0,
                            "Filter": "(company_type_id = 1)",
                            "Rows Removed by Filter": 7235,
                            "Exact Heap Blocks": 5687,
                            "Lossy Heap Blocks": 0,
                            "Plans": [
                              {
                                "Node Type": "Bitmap Index Scan",
                                "Parent Relationship": "Outer",
                                "Parallel Aware": false,
                                "Index Name": "company_id_movie_companies",
                                "Startup Cost": 0.0,
                                "Total Cost": 596.51,
                                "Plan Rows": 27744,
                                "Plan Width": 0,
                                "Actual Startup Time": 7.397,
                                "Actual Total Time": 7.397,
                                "Actual Rows": 27303,
                                "Actual Loops": 1,
                                "Index Cond": "(company_id = 27)"
                              }
                            ]
                          },
                          {
                            "Node Type": "Index Scan",
                            "Parent Relationship": "Inner",
                            "Parallel Aware": false,
                            "Scan Direction": "Forward",
                            "Index Name": "title_pkey",
                            "Relation Name": "title",
                            "Alias": "t",
                            "Startup Cost": 0.43,
                            "Total Cost": 6.09,
                            "Plan Rows": 1,
                            "Plan Width": 4,
                            "Actual Startup Time": 0.006,
                            "Actual Total Time": 0.006,
                            "Actual Rows": 0,
                            "Actual Loops": 12833,
                            "Index Cond": "(id = mc.movie_id)",
                            "Rows Removed by Index Recheck": 0,
                            "Filter": "((production_year > 1997) AND (kind_id = 7))",
                            "Rows Removed by Filter": 1
                          }
                        ]
                      }
                    ]
                  }
                ]
              }
            ]
          }
        ]
      }
    ]
  },
  "Planning Time": 1.099,
  "Triggers": [],
  "Execution Time": 378.689
}