[
  {
    "Plan": {
      "Node Type": "Aggregate",
      "Strategy": "Plain",
      "Partial Mode": "Finalize",
      "Parallel Aware": false,
      "Startup Cost": 46780.56,
      "Total Cost": 46780.57,
      "Plan Rows": 1,
      "Plan Width": 8,
      "Actual Startup Time": 170.903,
      "Actual Total Time": 180.226,
      "Actual Rows": 1,
      "Actual Loops": 1,
      "Plans": [
        {
          "Node Type": "Gather",
          "Parent Relationship": "Outer",
          "Parallel Aware": false,
          "Startup Cost": 46780.25,
          "Total Cost": 46780.56,
          "Plan Rows": 3,
          "Plan Width": 8,
          "Actual Startup Time": 170.762,
          "Actual Total Time": 180.215,
          "Actual Rows": 4,
          "Actual Loops": 1,
          "Workers Planned": 3,
          "Workers Launched": 3,
          "Single Copy": false,
          "Plans": [
            {
              "Node Type": "Aggregate",
              "Strategy": "Plain",
              "Partial Mode": "Partial",
              "Parent Relationship": "Outer",
              "Parallel Aware": false,
              "Startup Cost": 45780.25,
              "Total Cost": 45780.26,
              "Plan Rows": 1,
              "Plan Width": 8,
              "Actual Startup Time": 162.45,
              "Actual Total Time": 162.451,
              "Actual Rows": 1,
              "Actual Loops": 4,
              "Plans": [
                {
                  "Node Type": "Seq Scan",
                  "Parent Relationship": "Outer",
                  "Parallel Aware": true,
                  "Relation Name": "movie_keyword",
                  "Alias": "mk",
                  "Startup Cost": 0.0,
                  "Total Cost": 42695.65,
                  "Plan Rows": 1233837,
                  "Plan Width": 0,
                  "Actual Startup Time": 0.061,
                  "Actual Total Time": 121.361,
                  "Actual Rows": 958887,
                  "Actual Loops": 4,
                  "Filter": "(keyword_id < 27362)",
                  "Rows Removed by Filter": 172096
                }
              ]
            }
          ]
        }
      ]
    },
    "Planning Time": 0.19,
    "Triggers": [],
    "Execution Time": 180.292
  }
]