[
  {
    "Plan": {
      "Node Type": "Aggregate",
      "Strategy": "Plain",
      "Partial Mode": "Finalize",
      "Parallel Aware": false,
      "Startup Cost": 80457.72,
      "Total Cost": 80457.73,
      "Plan Rows": 1,
      "Plan Width": 8,
      "Actual Startup Time": 267.771,
      "Actual Total Time": 283.193,
      "Actual Rows": 1,
      "Actual Loops": 1,
      "Plans": [
        {
          "Node Type": "Gather",
          "Parent Relationship": "Outer",
          "Parallel Aware": false,
          "Startup Cost": 80457.4,
          "Total Cost": 80457.71,
          "Plan Rows": 3,
          "Plan Width": 8,
          "Actual Startup Time": 265.771,
          "Actual Total Time": 283.184,
          "Actual Rows": 4,
          "Actual Loops": 1,
          "Workers Planned": 3,
          "Workers Launched": 3,
          "Single Copy": false,
          "Plans": [
            {
              "Node Type": "Aggregate",
              "Strategy": "Plain",
              "Partial Mode": "Partial",
              "Parent Relationship": "Outer",
              "Parallel Aware": false,
              "Startup Cost": 79457.4,
              "Total Cost": 79457.41,
              "Plan Rows": 1,
              "Plan Width": 8,
              "Actual Startup Time": 257.276,
              "Actual Total Time": 257.387,
              "Actual Rows": 1,
              "Actual Loops": 4,
              "Plans": [
                {
                  "Node Type": "Hash Join",
                  "Parent Relationship": "Outer",
                  "Parallel Aware": true,
                  "Join Type": "Inner",
                  "Startup Cost": 47116.42,
                  "Total Cost": 79304.74,
                  "Plan Rows": 61065,
                  "Plan Width": 0,
                  "Actual Startup Time": 151.462,
                  "Actual Total Time": 252.308,
                  "Actual Rows": 122707,
                  "Actual Loops": 4,
                  "Inner Unique": true,
                  "Hash Cond": "(mc.movie_id = t.id)",
                  "Plans": [
                    {
                      "Node Type": "Seq Scan",
                      "Parent Relationship": "Outer",
                      "Parallel Aware": true,
                      "Relation Name": "movie_companies",
                      "Alias": "mc",
                      "Startup Cost": 0.0,
                      "Total Cost": 31414.82,
                      "Plan Rows": 294667,
                      "Plan Width": 4,
                      "Actual Startup Time": 0.412,
                      "Actual Total Time": 60.115,
                      "Actual Rows": 187093,
                      "Actual Loops": 4,
                      "Filter": "((company_id > 1451) AND (company_type_id = 1))",
                      "Rows Removed by Filter": 465190
                    },
                    {
                      "Node Type": "Hash",
                      "Parent Relationship": "Inner",
                      "Parallel Aware": true,
                      "Startup Cost": 45479.1,
                      "Total Cost": 45479.1,
                      "Plan Rows": 130986,
                      "Plan Width": 4,
                      "Actual Startup Time": 147.653,
                      "Actual Total Time": 147.654,
                      "Actual Rows": 152383,
                      "Actual Loops": 4,
                      "Hash Buckets": 1048576,
                      "Original Hash Buckets": 524288,
                      "Hash Batches": 1,
                      "Original Hash Batches": 1,
                      "Peak Memory Usage": 36192,
                      "Plans": [
                        {
                          "Node Type": "Seq Scan",
                          "Parent Relationship": "Outer",
                          "Parallel Aware": true,
                          "Relation Name": "title",
                          "Alias": "t",
                          "Startup Cost": 0.0,
                          "Total Cost": 45479.1,
                          "Plan Rows": 130986,
                          "Plan Width": 4,
                          "Actual Startup Time": 0.045,
                          "Actual Total Time": 96.776,
                          "Actual Rows": 152383,
                          "Actual Loops": 4,
                          "Filter": "((kind_id < 7) AND (production_year < 2005))",
                          "Rows Removed by Filter": 479695
                        }
                      ]
                    }
                  ]
                }
              ]
            }
          ]
        }
      ]
    },
    "Planning Time": 0.687,
    "Triggers": [],
    "Execution Time": 283.265
  }
]