{
  "Plan": {
    "Node Type": "Aggregate",
    "Strategy": "Plain",
    "Partial Mode": "Simple",
    "Parallel Aware": false,
    "Startup Cost": 522174.77,
    "Total Cost": 522174.78,
    "Plan Rows": 1,
    "Plan Width": 96,
    "Actual Startup Time": 1341.727,
    "Actual Total Time": 1341.862,
    "Actual Rows": 1,
    "Actual Loops": 1,
    "Plans": [
      {
        "Node Type": "Merge Join",
        "Parent Relationship": "Outer",
        "Parallel Aware": false,
        "Join Type": "Inner",
        "Startup Cost": 522174.73,
        "Total Cost": 522174.76,
        "Plan Rows": 1,
        "Plan Width": 48,
        "Actual Startup Time": 1341.344,
        "Actual Total Time": 1341.699,
        "Actual Rows": 1410,
        "Actual Loops": 1,
        "Inner Unique": true,
        "Merge Cond": "(ml.link_type_id = lt.id)",
        "Plans": [
          {
            "Node Type": "Sort",
            "Parent Relationship": "Outer",
            "Parallel Aware": false,
            "Startup Cost": 522173.5,
            "Total Cost": 522173.5,
            "Plan Rows": 1,
            "Plan Width": 40,
            "Actual Startup Time": 1341.317,
            "Actual Total Time": 1341.507,
            "Actual Rows": 1410,
            "Actual Loops": 1,
            "Sort Key": [
              "ml.link_type_id"
            ],
            "Sort Method": "quicksort",
            "Sort Space Used": 188,
            "Sort Space Type": "Memory",
            "Plans": [
              {
                "Node Type": "Merge Join",
                "Parent Relationship": "Outer",
                "Parallel Aware": false,
                "Join Type": "Inner",
                "Startup Cost": 508400.25,
                "Total Cost": 522173.49,
                "Plan Rows": 1,
                "Plan Width": 40,
                "Actual Startup Time": 1304.121,
                "Actual Total Time": 1341.072,
                "Actual Rows": 1410,
                "Actual Loops": 1,
                "Inner Unique": false,
                "Merge Cond": "(cn.id = mc.company_id)",
                "Plans": [
                  {
                    "Node Type": "Index Scan",
                    "Parent Relationship": "Outer",
                    "Parallel Aware": false,
                    "Scan Direction": "Forward",
                    "Index Name": "company_name_pkey",
                    "Relation Name": "company_name",
                    "Alias": "cn",
                    "Startup Cost": 0.42,
                    "Total Cost": 13644.41,
                    "Plan Rows": 55187,
                    "Plan Width": 23,
                    "Actual Startup Time": 0.265,
                    "Actual Total Time": 38.911,
                    "Actual Rows": 14128,
                    "Actual Loops": 1,
                    "Filter": "(((country_code)::text <> '[pl]'::text) AND ((name ~~ '%Film%'::text) OR (name ~~ '%Warner%'::text)))",
                    "Rows Removed by Filter": 59511
                  },
                  {
                    "Node Type": "Sort",
                    "Parent Relationship": "Inner",
                    "Parallel Aware": false,
                    "Startup Cost": 508399.83,
                    "Total Cost": 508399.84,
                    "Plan Rows": 1,
                    "Plan Width": 25,
                    "Actual Startup Time": 1300.796,
                    "Actual Total Time": 1301.182,
                    "Actual Rows": 3029,
                    "Actual Loops": 1,
                    "Sort Key": [
                      "mc.company_id"
                    ],
                    "Sort Method": "quicksort",
                    "Sort Space Used": 333,
                    "Sort Space Type": "Memory",
                    "Plans": [
                      {
                        "Node Type": "Merge Join",
                        "Parent Relationship": "Outer",
                        "Parallel Aware": false,
                        "Join Type": "Inner",
                        "Startup Cost": 498903.24,
                        "Total Cost": 508399.82,
                        "Plan Rows": 1,
                        "Plan Width": 25,
                        "Actual Startup Time": 1243.336,
                        "Actual Total Time": 1300.285,
                        "Actual Rows": 3029,
                        "Actual Loops": 1,
                        "Inner Unique": false,
                        "Merge Cond": "(t.id = ml.movie_id)",
                        "Plans": [
                          {
                            "Node Type": "Index Scan",
                            "Parent Relationship": "Outer",
                            "Parallel Aware": false,
                            "Scan Direction": "Forward",
                            "Index Name": "title_pkey",
                            "Relation Name": "title",
                            "Alias": "t",
                            "Startup Cost": 0.43,
                            "Total Cost": 123001.61,
                            "Plan Rows": 909227,
                            "Plan Width": 21,
                            "Actual Startup Time": 0.024,
                            "Actual Total Time": 83.088,
                            "Actual Rows": 44154,
                            "Actual Loops": 1,
                            "Filter": "((production_year >= 1950) AND (production_year <= 2000))",
                            "Rows Removed by Filter": 94816
                          },
                          {
                            "Node Type": "Sort",
                            "Parent Relationship": "Inner",
                            "Parallel Aware": false,
                            "Startup Cost": 498902.81,
                            "Total Cost": 498902.82,
                            "Plan Rows": 2,
                            "Plan Width": 24,
                            "Actual Startup Time": 1214.502,
                            "Actual Total Time": 1214.798,
                            "Actual Rows": 4198,
                            "Actual Loops": 1,
                            "Sort Key": [
                              "mc.movie_id"
                            ],
                            "Sort Method": "quicksort",
                            "Sort Space Used": 520,
                            "Sort Space Type": "Memory",
                            "Plans": [
                              {
                                "Node Type": "Merge Join",
                                "Parent Relationship": "Outer",
                                "Parallel Aware": false,
                                "Join Type": "Inner",
                                "Startup Cost": 498902.73,
                                "Total Cost": 498902.8,
                                "Plan Rows": 2,
                                "Plan Width": 24,
                                "Actual Startup Time": 1213.008,
                                "Actual Total Time": 1213.765,
                                "Actual Rows": 4198,
                                "Actual Loops": 1,
                                "Inner Unique": false,
                                "Merge Cond": "(ct.id = mc.company_type_id)",
                                "Plans": [
                                  {
                                    "Node Type": "Sort",
                                    "Parent Relationship": "Outer",
                                    "Parallel Aware": false,
                                    "Startup Cost": 1.06,
                                    "Total Cost": 1.06,
                                    "Plan Rows": 1,
                                    "Plan Width": 4,
                                    "Actual Startup Time": 0.028,
                                    "Actual Total Time": 0.029,
                                    "Actual Rows": 1,
                                    "Actual Loops": 1,
                                    "Sort Key": [
                                      "ct.id"
                                    ],
                                    "Sort Method": "quicksort",
                                    "Sort Space Used": 25,
                                    "Sort Space Type": "Memory",
                                    "Plans": [
                                      {
                                        "Node Type": "Seq Scan",
                                        "Parent Relationship": "Outer",
                                        "Parallel Aware": false,
                                        "Relation Name": "company_type",
                                        "Alias": "ct",
                                        "Startup Cost": 0.0,
                                        "Total Cost": 1.05,
                                        "Plan Rows": 1,
                                        "Plan Width": 4,
                                        "Actual Startup Time": 0.011,
                                        "Actual Total Time": 0.012,
                                        "Actual Rows": 1,
                                        "Actual Loops": 1,
                                        "Filter": "((kind)::text = 'production companies'::text)",
                                        "Rows Removed by Filter": 3
                                      }
                                    ]
                                  },
                                  {
                                    "Node Type": "Sort",
                                    "Parent Relationship": "Inner",
                                    "Parallel Aware": false,
                                    "Startup Cost": 498901.67,
                                    "Total Cost": 498901.69,
                                    "Plan Rows": 10,
                                    "Plan Width": 28,
                                    "Actual Startup Time": 1212.957,
                                    "Actual Total Time": 1213.242,
                                    "Actual Rows": 4365,
                                    "Actual Loops": 1,
                                    "Sort Key": [
                                      "mc.company_type_id"
                                    ],
                                    "Sort Method": "quicksort",
                                    "Sort Space Used": 534,
                                    "Sort Space Type": "Memory",
                                    "Plans": [
                                      {
                                        "Node Type": "Merge Join",
                                        "Parent Relationship": "Outer",
                                        "Parallel Aware": false,
                                        "Join Type": "Inner",
                                        "Startup Cost": 492054.75,
                                        "Total Cost": 498901.5,
                                        "Plan Rows": 10,
                                        "Plan Width": 28,
                                        "Actual Startup Time": 1192.903,
                                        "Actual Total Time": 1212.205,
                                        "Actual Rows": 4365,
                                        "Actual Loops": 1,
                                        "Inner Unique": false,
                                        "Merge Cond": "(ml.movie_id = mc.movie_id)",
                                        "Plans": [
                                          {
                                            "Node Type": "Merge Join",
                                            "Parent Relationship": "Outer",
                                            "Parallel Aware": false,
                                            "Join Type": "Inner",
                                            "Startup Cost": 492054.32,
                                            "Total Cost": 493293.54,
                                            "Plan Rows": 4,
                                            "Plan Width": 16,
                                            "Actual Startup Time": 1188.981,
                                            "Actual Total Time": 1194.249,
                                            "Actual Rows": 684,
                                            "Actual Loops": 1,
                                            "Inner Unique": false,
                                            "Merge Cond": "(mk.movie_id = ml.movie_id)",
                                            "Plans": [
                                              {
                                                "Node Type": "Merge Join",
                                                "Parent Relationship": "Outer",
                                                "Parallel Aware": false,
                                                "Join Type": "Inner",
                                                "Startup Cost": 492052.33,
                                                "Total Cost": 492762.93,
                                                "Plan Rows": 13,
                                                "Plan Width": 8,
                                                "Actual Startup Time": 1187.649,
                                                "Actual Total Time": 1188.12,
                                                "Actual Rows": 42,
                                                "Actual Loops": 1,
                                                "Inner Unique": false,
                                                "Merge Cond": "(mk.movie_id = mi.movie_id)",
                                                "Plans": [
                                                  {
                                                    "Node Type": "Sort",
                                                    "Parent Relationship": "Outer",
                                                    "Parallel Aware": false,
                                                    "Startup Cost": 243204.9,
                                                    "Total Cost": 243204.98,
                                                    "Plan Rows": 34,
                                                    "Plan Width": 4,
                                                    "Actual Startup Time": 439.943,
                                                    "Actual Total Time": 439.951,
                                                    "Actual Rows": 49,
                                                    "Actual Loops": 1,
                                                    "Sort Key": [
                                                      "mk.movie_id"
                                                    ],
                                                    "Sort Method": "quicksort",
                                                    "Sort Space Used": 879,
                                                    "Sort Space Type": "Memory",
                                                    "Plans": [
                                                      {
                                                        "Node Type": "Merge Join",
                                                        "Parent Relationship": "Outer",
                                                        "Parallel Aware": false,
                                                        "Join Type": "Inner",
                                                        "Startup Cost": 842.63,
                                                        "Total Cost": 243204.03,
                                                        "Plan Rows": 34,
                                                        "Plan Width": 4,
                                                        "Actual Startup Time": 392.502,
                                                        "Actual Total Time": 437.89,
                                                        "Actual Rows": 10544,
                                                        "Actual Loops": 1,
                                                        "Inner Unique": false,
                                                        "Merge Cond": "(k.id = mk.keyword_id)",
                                                        "Plans": [
                                                          {
                                                            "Node Type": "Index Scan",
                                                            "Parent Relationship": "Outer",
                                                            "Parallel Aware": false,
                                                            "Scan Direction": "Forward",
                                                            "Index Name": "keyword_pkey",
                                                            "Relation Name": "keyword",
                                                            "Alias": "k",
                                                            "Startup Cost": 0.42,
                                                            "Total Cost": 5343.17,
                                                            "Plan Rows": 1,
                                                            "Plan Width": 4,
                                                            "Actual Startup Time": 0.976,
                                                            "Actual Total Time": 39.342,
                                                            "Actual Rows": 1,
                                                            "Actual Loops": 1,
                                                            "Filter": "(keyword = 'sequel'::text)",
                                                            "Rows Removed by Filter": 134169
                                                          },
                                                          {
                                                            "Node Type": "Index Scan",
                                                            "Parent Relationship": "Inner",
                                                            "Parallel Aware": false,
                                                            "Scan Direction": "Forward",
                                                            "Index Name": "keyword_id_movie_keyword",
                                                            "Relation Name": "movie_keyword",
                                                            "Alias": "mk",
                                                            "Startup Cost": 0.43,
                                                            "Total Cost": 226550.7,
                                                            "Plan Rows": 4523930,
                                                            "Plan Width": 8,
                                                            "Actual Startup Time": 0.02,
                                                            "Actual Total Time": 362.077,
                                                            "Actual Rows": 566271,
                                                            "Actual Loops": 1
                                                          }
                                                        ]
                                                      }
                                                    ]
                                                  },
                                                  {
                                                    "Node Type": "Sort",
                                                    "Parent Relationship": "Inner",
                                                    "Parallel Aware": false,
                                                    "Startup Cost": 248847.39,
                                                    "Total Cost": 249202.76,
                                                    "Plan Rows": 142147,
                                                    "Plan Width": 4,
                                                    "Actual Startup Time": 747.593,
                                                    "Actual Total Time": 747.918,
                                                    "Actual Rows": 4538,
                                                    "Actual Loops": 1,
                                                    "Sort Key": [
                                                      "mi.movie_id"
                                                    ],
                                                    "Sort Method": "quicksort",
                                                    "Sort Space Used": 13358,
                                                    "Sort Space Type": "Memory",
                                                    "Plans": [
                                                      {
                                                        "Node Type": "Gather",
                                                        "Parent Relationship": "Outer",
                                                        "Parallel Aware": false,
                                                        "Startup Cost": 1000.0,
                                                        "Total Cost": 236681.72,
                                                        "Plan Rows": 142147,
                                                        "Plan Width": 4,
                                                        "Actual Startup Time": 1.722,
                                                        "Actual Total Time": 717.334,
                                                        "Actual Rows": 153897,
                                                        "Actual Loops": 1,
                                                        "Workers Planned": 5,
                                                        "Workers Launched": 5,
                                                        "Single Copy": false,
                                                        "Plans": [
                                                          {
                                                            "Node Type": "Seq Scan",
                                                            "Parent Relationship": "Outer",
                                                            "Parallel Aware": true,
                                                            "Relation Name": "movie_info",
                                                            "Alias": "mi",
                                                            "Startup Cost": 0.0,
                                                            "Total Cost": 221467.02,
                                                            "Plan Rows": 28429,
                                                            "Plan Width": 4,
                                                            "Actual Startup Time": 0.439,
                                                            "Actual Total Time": 709.88,
                                                            "Actual Rows": 25650,
                                                            "Actual Loops": 6,
                                                            "Filter": "(info = ANY ('{Sweden,Norway,Germany,Denmark,Swedish,Denish,Norwegian,German}'::text[]))",
                                                            "Rows Removed by Filter": 2446970
                                                          }
                                                        ]
                                                      }
                                                    ]
                                                  }
                                                ]
                                              },
                                              {
                                                "Node Type": "Index Scan",
                                                "Parent Relationship": "Inner",
                                                "Parallel Aware": false,
                                                "Scan Direction": "Forward",
                                                "Index Name": "movie_id_movie_link",
                                                "Relation Name": "movie_link",
                                                "Alias": "ml",
                                                "Startup Cost": 0.29,
                                                "Total Cost": 1111.51,
                                                "Plan Rows": 29997,
                                                "Plan Width": 8,
                                                "Actual Startup Time": 0.022,
                                                "Actual Total Time": 4.287,
                                                "Actual Rows": 30528,
                                                "Actual Loops": 1
                                              }
                                            ]
                                          },
                                          {
                                            "Node Type": "Index Scan",
                                            "Parent Relationship": "Inner",
                                            "Parallel Aware": false,
                                            "Scan Direction": "Forward",
                                            "Index Name": "movie_id_movie_companies",
                                            "Relation Name": "movie_companies",
                                            "Alias": "mc",
                                            "Startup Cost": 0.43,
                                            "Total Cost": 140404.76,
                                            "Plan Rows": 1269863,
                                            "Plan Width": 12,
                                            "Actual Startup Time": 0.019,
                                            "Actual Total Time": 15.954,
                                            "Actual Rows": 37814,
                                            "Actual Loops": 1,
                                            "Filter": "(note IS NULL)",
                                            "Rows Removed by Filter": 36161
                                          }
                                        ]
                                      }
                                    ]
                                  }
                                ]
                              }
                            ]
                          }
                        ]
                      }
                    ]
                  }
                ]
              }
            ]
          },
          {
            "Node Type": "Sort",
            "Parent Relationship": "Inner",
            "Parallel Aware": false,
            "Startup Cost": 1.24,
            "Total Cost": 1.24,
            "Plan Rows": 1,
            "Plan Width": 16,
            "Actual Startup Time": 0.023,
            "Actual Total Time": 0.023,
            "Actual Rows": 2,
            "Actual Loops": 1,
            "Sort Key": [
              "lt.id"
            ],
            "Sort Method": "quicksort",
            "Sort Space Used": 25,
            "Sort Space Type": "Memory",
            "Plans": [
              {
                "Node Type": "Seq Scan",
                "Parent Relationship": "Outer",
                "Parallel Aware": false,
                "Relation Name": "link_type",
                "Alias": "lt",
                "Startup Cost": 0.0,
                "Total Cost": 1.23,
                "Plan Rows": 1,
                "Plan Width": 16,
                "Actual Startup Time": 0.012,
                "Actual Total Time": 0.014,
                "Actual Rows": 2,
                "Actual Loops": 1,
                "Filter": "((link)::text ~~ '%follow%'::text)",
                "Rows Removed by Filter": 16
              }
            ]
          }
        ]
      }
    ]
  },
  "Planning Time": 23.512,
  "Triggers": [],
  "Execution Time": 1343.466
}