[
  {
    "Plan": {
      "Node Type": "Aggregate",
      "Strategy": "Plain",
      "Partial Mode": "Finalize",
      "Parallel Aware": false,
      "Startup Cost": 332182.57,
      "Total Cost": 332182.58,
      "Plan Rows": 1,
      "Plan Width": 8,
      "Actual Startup Time": 606.117,
      "Actual Total Time": 653.355,
      "Actual Rows": 1,
      "Actual Loops": 1,
      "Plans": [
        {
          "Node Type": "Gather",
          "Parent Relationship": "Outer",
          "Parallel Aware": false,
          "Startup Cost": 332181.95,
          "Total Cost": 332182.56,
          "Plan Rows": 6,
          "Plan Width": 8,
          "Actual Startup Time": 605.983,
          "Actual Total Time": 653.347,
          "Actual Rows": 7,
          "Actual Loops": 1,
          "Workers Planned": 6,
          "Workers Launched": 6,
          "Single Copy": false,
          "Plans": [
            {
              "Node Type": "Aggregate",
              "Strategy": "Plain",
              "Partial Mode": "Partial",
              "Parent Relationship": "Outer",
              "Parallel Aware": false,
              "Startup Cost": 331181.95,
              "Total Cost": 331181.96,
              "Plan Rows": 1,
              "Plan Width": 8,
              "Actual Startup Time": 597.582,
              "Actual Total Time": 597.583,
              "Actual Rows": 1,
              "Actual Loops": 7,
              "Plans": [
                {
                  "Node Type": "Seq Scan",
                  "Parent Relationship": "Outer",
                  "Parallel Aware": true,
                  "Relation Name": "cast_info",
                  "Alias": "ci",
                  "Startup Cost": 0.0,
                  "Total Cost": 328211.39,
                  "Plan Rows": 1188223,
                  "Plan Width": 0,
                  "Actual Startup Time": 332.975,
                  "Actual Total Time": 547.699,
                  "Actual Rows": 1004136,
                  "Actual Loops": 7,
                  "Filter": "(person_id > 2962328)",
                  "Rows Removed by Filter": 4173628
                }
              ]
            }
          ]
        }
      ]
    },
    "Planning Time": 0.09,
    "Triggers": [],
    "Execution Time": 653.398
  }
]