[
  {
    "Plan": {
      "Node Type": "Aggregate",
      "Strategy": "Plain",
      "Partial Mode": "Finalize",
      "Parallel Aware": false,
      "Startup Cost": 45618.05,
      "Total Cost": 45618.06,
      "Plan Rows": 1,
      "Plan Width": 8,
      "Actual Startup Time": 126.715,
      "Actual Total Time": 136.184,
      "Actual Rows": 1,
      "Actual Loops": 1,
      "Plans": [
        {
          "Node Type": "Gather",
          "Parent Relationship": "Outer",
          "Parallel Aware": false,
          "Startup Cost": 45617.74,
          "Total Cost": 45618.05,
          "Plan Rows": 3,
          "Plan Width": 8,
          "Actual Startup Time": 126.624,
          "Actual Total Time": 136.176,
          "Actual Rows": 4,
          "Actual Loops": 1,
          "Workers Planned": 3,
          "Workers Launched": 3,
          "Single Copy": false,
          "Plans": [
            {
              "Node Type": "Aggregate",
              "Strategy": "Plain",
              "Partial Mode": "Partial",
              "Parent Relationship": "Outer",
              "Parallel Aware": false,
              "Startup Cost": 44617.74,
              "Total Cost": 44617.75,
              "Plan Rows": 1,
              "Plan Width": 8,
              "Actual Startup Time": 123.418,
              "Actual Total Time": 123.419,
              "Actual Rows": 1,
              "Actual Loops": 4,
              "Plans": [
                {
                  "Node Type": "Seq Scan",
                  "Parent Relationship": "Outer",
                  "Parallel Aware": true,
                  "Relation Name": "movie_keyword",
                  "Alias": "mk",
                  "Startup Cost": 0.0,
                  "Total Cost": 42695.65,
                  "Plan Rows": 768833,
                  "Plan Width": 0,
                  "Actual Startup Time": 0.206,
                  "Actual Total Time": 99.737,
                  "Actual Rows": 592288,
                  "Actual Loops": 4,
                  "Filter": "(keyword_id > 4073)",
                  "Rows Removed by Filter": 538694
                }
              ]
            }
          ]
        }
      ]
    },
    "Planning Time": 0.084,
    "Triggers": [],
    "Execution Time": 136.213
  }
]