[
  {
    "Plan": {
      "Node Type": "Aggregate",
      "Strategy": "Plain",
      "Partial Mode": "Finalize",
      "Parallel Aware": false,
      "Startup Cost": 45609.99,
      "Total Cost": 45610.0,
      "Plan Rows": 1,
      "Plan Width": 8,
      "Actual Startup Time": 177.431,
      "Actual Total Time": 190.153,
      "Actual Rows": 1,
      "Actual Loops": 1,
      "Plans": [
        {
          "Node Type": "Gather",
          "Parent Relationship": "Outer",
          "Parallel Aware": false,
          "Startup Cost": 45609.67,
          "Total Cost": 45609.98,
          "Plan Rows": 3,
          "Plan Width": 8,
          "Actual Startup Time": 177.309,
          "Actual Total Time": 190.144,
          "Actual Rows": 4,
          "Actual Loops": 1,
          "Workers Planned": 3,
          "Workers Launched": 3,
          "Single Copy": false,
          "Plans": [
            {
              "Node Type": "Aggregate",
              "Strategy": "Plain",
              "Partial Mode": "Partial",
              "Parent Relationship": "Outer",
              "Parallel Aware": false,
              "Startup Cost": 44609.67,
              "Total Cost": 44609.68,
              "Plan Rows": 1,
              "Plan Width": 8,
              "Actual Startup Time": 168.712,
              "Actual Total Time": 168.713,
              "Actual Rows": 1,
              "Actual Loops": 4,
              "Plans": [
                {
                  "Node Type": "Seq Scan",
                  "Parent Relationship": "Outer",
                  "Parallel Aware": true,
                  "Relation Name": "movie_keyword",
                  "Alias": "mk",
                  "Startup Cost": 0.0,
                  "Total Cost": 42695.65,
                  "Plan Rows": 765607,
                  "Plan Width": 0,
                  "Actual Startup Time": 0.625,
                  "Actual Total Time": 135.921,
                  "Actual Rows": 592288,
                  "Actual Loops": 4,
                  "Filter": "(keyword_id > 4073)",
                  "Rows Removed by Filter": 538694
                }
              ]
            }
          ]
        }
      ]
    },
    "Planning Time": 0.198,
    "Triggers": [],
    "Execution Time": 190.205
  }
]