{
  "Plan": {
    "Node Type": "Aggregate",
    "Strategy": "Plain",
    "Partial Mode": "Finalize",
    "Parallel Aware": false,
    "Startup Cost": 89669.78,
    "Total Cost": 89669.79,
    "Plan Rows": 1,
    "Plan Width": 8,
    "Actual Startup Time": 65.488,
    "Actual Total Time": 74.641,
    "Actual Rows": 1,
    "Actual Loops": 1,
    "Plans": [
      {
        "Node Type": "Gather",
        "Parent Relationship": "Outer",
        "Parallel Aware": false,
        "Startup Cost": 89669.67,
        "Total Cost": 89669.78,
        "Plan Rows": 1,
        "Plan Width": 8,
        "Actual Startup Time": 65.391,
        "Actual Total Time": 74.636,
        "Actual Rows": 2,
        "Actual Loops": 1,
        "Workers Planned": 1,
        "Workers Launched": 1,
        "Single Copy": false,
        "Plans": [
          {
            "Node Type": "Aggregate",
            "Strategy": "Plain",
            "Partial Mode": "Partial",
            "Parent Relationship": "Outer",
            "Parallel Aware": false,
            "Startup Cost": 88669.67,
            "Total Cost": 88669.68,
            "Plan Rows": 1,
            "Plan Width": 8,
            "Actual Startup Time": 62.614,
            "Actual Total Time": 62.616,
            "Actual Rows": 1,
            "Actual Loops": 2,
            "Plans": [
              {
                "Node Type": "Nested Loop",
                "Parent Relationship": "Outer",
                "Parallel Aware": false,
                "Join Type": "Inner",
                "Startup Cost": 429.47,
                "Total Cost": 88658.53,
                "Plan Rows": 4455,
                "Plan Width": 0,
                "Actual Startup Time": 5.114,
                "Actual Total Time": 61.918,
                "Actual Rows": 8778,
                "Actual Loops": 2,
                "Inner Unique": true,
                "Plans": [
                  {
                    "Node Type": "Bitmap Heap Scan",
                    "Parent Relationship": "Outer",
                    "Parallel Aware": true,
                    "Relation Name": "movie_keyword",
                    "Alias": "mk",
                    "Startup Cost": 429.04,
                    "Total Cost": 24971.84,
                    "Plan Rows": 11886,
                    "Plan Width": 4,
                    "Actual Startup Time": 5.035,
                    "Actual Total Time": 21.974,
                    "Actual Rows": 9764,
                    "Actual Loops": 2,
                    "Recheck Cond": "(keyword_id = 137)",
                    "Rows Removed by Index Recheck": 0,
                    "Exact Heap Blocks": 9405,
                    "Lossy Heap Blocks": 0,
                    "Plans": [
                      {
                        "Node Type": "Bitmap Index Scan",
                        "Parent Relationship": "Outer",
                        "Parallel Aware": false,
                        "Index Name": "keyword_id_movie_keyword",
                        "Startup Cost": 0.0,
                        "Total Cost": 423.99,
                        "Plan Rows": 20207,
                        "Plan Width": 0,
                        "Actual Startup Time": 4.368,
                        "Actual Total Time": 4.368,
                        "Actual Rows": 19528,
                        "Actual Loops": 1,
                        "Index Cond": "(keyword_id = 137)"
                      }
                    ]
                  },
                  {
                    "Node Type": "Index Scan",
                    "Parent Relationship": "Inner",
                    "Parallel Aware": false,
                    "Scan Direction": "Forward",
                    "Index Name": "title_pkey",
                    "Relation Name": "title",
                    "Alias": "t",
                    "Startup Cost": 0.43,
                    "Total Cost": 5.36,
                    "Plan Rows": 1,
                    "Plan Width": 4,
                    "Actual Startup Time": 0.004,
                    "Actual Total Time": 0.004,
                    "Actual Rows": 1,
                    "Actual Loops": 19528,
                    "Index Cond": "(id = mk.movie_id)",
                    "Rows Removed by Index Recheck": 0,
                    "Filter": "((kind_id < 7) AND (production_year > 1912))",
                    "Rows Removed by Filter": 0
                  }
                ]
              }
            ]
          }
        ]
      }
    ]
  },
  "Planning Time": 0.242,
  "Triggers": [],
  "Execution Time": 74.691
}