{
  "Plan": {
    "Node Type": "Aggregate",
    "Strategy": "Plain",
    "Partial Mode": "Simple",
    "Parallel Aware": false,
    "Startup Cost": 28458.08,
    "Total Cost": 28458.09,
    "Plan Rows": 1,
    "Plan Width": 96,
    "Actual Startup Time": 661.685,
    "Actual Total Time": 891.327,
    "Actual Rows": 1,
    "Actual Loops": 1,
    "Plans": [
      {
        "Node Type": "Nested Loop",
        "Parent Relationship": "Outer",
        "Parallel Aware": false,
        "Join Type": "Inner",
        "Startup Cost": 4817.84,
        "Total Cost": 28458.08,
        "Plan Rows": 1,
        "Plan Width": 48,
        "Actual Startup Time": 661.634,
        "Actual Total Time": 891.307,
        "Actual Rows": 14,
        "Actual Loops": 1,
        "Inner Unique": false,
        "Join Filter": "(ml.link_type_id = lt.id)",
        "Rows Removed by Join Filter": 24,
        "Plans": [
          {
            "Node Type": "Seq Scan",
            "Parent Relationship": "Outer",
            "Parallel Aware": false,
            "Relation Name": "link_type",
            "Alias": "lt",
            "Startup Cost": 0.0,
            "Total Cost": 1.23,
            "Plan Rows": 1,
            "Plan Width": 16,
            "Actual Startup Time": 0.017,
            "Actual Total Time": 0.023,
            "Actual Rows": 1,
            "Actual Loops": 1,
            "Filter": "((link)::text ~~ '%follows%'::text)",
            "Rows Removed by Filter": 17
          },
          {
            "Node Type": "Merge Join",
            "Parent Relationship": "Inner",
            "Parallel Aware": false,
            "Join Type": "Inner",
            "Startup Cost": 4817.84,
            "Total Cost": 28456.84,
            "Plan Rows": 1,
            "Plan Width": 40,
            "Actual Startup Time": 661.607,
            "Actual Total Time": 891.272,
            "Actual Rows": 38,
            "Actual Loops": 1,
            "Inner Unique": false,
            "Merge Cond": "(t.id = ml.movie_id)",
            "Plans": [
              {
                "Node Type": "Gather Merge",
                "Parent Relationship": "Outer",
                "Parallel Aware": false,
                "Startup Cost": 1000.49,
                "Total Cost": 95556.42,
                "Plan Rows": 4,
                "Plan Width": 21,
                "Actual Startup Time": 270.235,
                "Actual Total Time": 499.854,
                "Actual Rows": 2,
                "Actual Loops": 1,
                "Workers Planned": 4,
                "Workers Launched": 4,
                "Plans": [
                  {
                    "Node Type": "Index Scan",
                    "Parent Relationship": "Outer",
                    "Parallel Aware": true,
                    "Scan Direction": "Forward",
                    "Index Name": "title_pkey",
                    "Relation Name": "title",
                    "Alias": "t",
                    "Startup Cost": 0.43,
                    "Total Cost": 94555.88,
                    "Plan Rows": 1,
                    "Plan Width": 21,
                    "Actual Startup Time": 187.326,
                    "Actual Total Time": 636.251,
                    "Actual Rows": 7,
                    "Actual Loops": 5,
                    "Filter": "((title ~~ '%Money%'::text) AND (production_year = 1998))",
                    "Rows Removed by Filter": 422345
                  }
                ]
              },
              {
                "Node Type": "Sort",
                "Parent Relationship": "Inner",
                "Parallel Aware": false,
                "Startup Cost": 3817.35,
                "Total Cost": 3817.35,
                "Plan Rows": 2,
                "Plan Width": 35,
                "Actual Startup Time": 391.318,
                "Actual Total Time": 391.359,
                "Actual Rows": 422,
                "Actual Loops": 1,
                "Sort Key": [
                  "mc.movie_id"
                ],
                "Sort Method": "quicksort",
                "Sort Space Used": 57,
                "Sort Space Type": "Memory",
                "Plans": [
                  {
                    "Node Type": "Nested Loop",
                    "Parent Relationship": "Outer",
                    "Parallel Aware": false,
                    "Join Type": "Inner",
                    "Startup Cost": 11.92,
                    "Total Cost": 3817.34,
                    "Plan Rows": 2,
                    "Plan Width": 35,
                    "Actual Startup Time": 5.524,
                    "Actual Total Time": 391.16,
                    "Actual Rows": 422,
                    "Actual Loops": 1,
                    "Inner Unique": true,
                    "Join Filter": "(mc.company_type_id = ct.id)",
                    "Rows Removed by Join Filter": 30,
                    "Plans": [
                      {
                        "Node Type": "Nested Loop",
                        "Parent Relationship": "Outer",
                        "Parallel Aware": false,
                        "Join Type": "Inner",
                        "Startup Cost": 11.92,
                        "Total Cost": 3816.19,
                        "Plan Rows": 6,
                        "Plan Width": 39,
                        "Actual Startup Time": 5.506,
                        "Actual Total Time": 391.004,
                        "Actual Rows": 452,
                        "Actual Loops": 1,
                        "Inner Unique": false,
                        "Plans": [
                          {
                            "Node Type": "Nested Loop",
                            "Parent Relationship": "Outer",
                            "Parallel Aware": false,
                            "Join Type": "Inner",
                            "Startup Cost": 11.63,
                            "Total Cost": 3808.12,
                            "Plan Rows": 19,
                            "Plan Width": 31,
                            "Actual Startup Time": 5.436,
                            "Actual Total Time": 385.748,
                            "Actual Rows": 2802,
                            "Actual Loops": 1,
                            "Inner Unique": true,
                            "Plans": [
                              {
                                "Node Type": "Nested Loop",
                                "Parent Relationship": "Outer",
                                "Parallel Aware": false,
                                "Join Type": "Inner",
                                "Startup Cost": 11.21,
                                "Total Cost": 3770.17,
                                "Plan Rows": 83,
                                "Plan Width": 16,
                                "Actual Startup Time": 4.712,
                                "Actual Total Time": 291.906,
                                "Actual Rows": 14331,
                                "Actual Loops": 1,
                                "Inner Unique": false,
                                "Plans": [
                                  {
                                    "Node Type": "Nested Loop",
                                    "Parent Relationship": "Outer",
                                    "Parallel Aware": false,
                                    "Join Type": "Inner",
                                    "Startup Cost": 10.78,
                                    "Total Cost": 3751.04,
                                    "Plan Rows": 34,
                                    "Plan Width": 4,
                                    "Actual Startup Time": 4.602,
                                    "Actual Total Time": 77.197,
                                    "Actual Rows": 10544,
                                    "Actual Loops": 1,
                                    "Inner Unique": false,
                                    "Plans": [
                                      {
                                        "Node Type": "Seq Scan",
                                        "Parent Relationship": "Outer",
                                        "Parallel Aware": false,
                                        "Relation Name": "keyword",
                                        "Alias": "k",
                                        "Startup Cost": 0.0,
                                        "Total Cost": 2626.12,
                                        "Plan Rows": 1,
                                        "Plan Width": 4,
                                        "Actual Startup Time": 1.06,
                                        "Actual Total Time": 19.093,
                                        "Actual Rows": 1,
                                        "Actual Loops": 1,
                                        "Filter": "(keyword = 'sequel'::text)",
                                        "Rows Removed by Filter": 134169
                                      },
                                      {
                                        "Node Type": "Bitmap Heap Scan",
                                        "Parent Relationship": "Inner",
                                        "Parallel Aware": false,
                                        "Relation Name": "movie_keyword",
                                        "Alias": "mk",
                                        "Startup Cost": 10.78,
                                        "Total Cost": 1121.89,
                                        "Plan Rows": 303,
                                        "Plan Width": 8,
                                        "Actual Startup Time": 3.531,
                                        "Actual Total Time": 55.211,
                                        "Actual Rows": 10544,
                                        "Actual Loops": 1,
                                        "Recheck Cond": "(keyword_id = k.id)",
                                        "Rows Removed by Index Recheck": 0,
                                        "Exact Heap Blocks": 5570,
                                        "Lossy Heap Blocks": 0,
                                        "Plans": [
                                          {
                                            "Node Type": "Bitmap Index Scan",
                                            "Parent Relationship": "Outer",
                                            "Parallel Aware": false,
                                            "Index Name": "keyword_id_movie_keyword",
                                            "Startup Cost": 0.0,
                                            "Total Cost": 10.71,
                                            "Plan Rows": 303,
                                            "Plan Width": 0,
                                            "Actual Startup Time": 2.551,
                                            "Actual Total Time": 2.552,
                                            "Actual Rows": 10544,
                                            "Actual Loops": 1,
                                            "Index Cond": "(keyword_id = k.id)"
                                          }
                                        ]
                                      }
                                    ]
                                  },
                                  {
                                    "Node Type": "Index Scan",
                                    "Parent Relationship": "Inner",
                                    "Parallel Aware": false,
                                    "Scan Direction": "Forward",
                                    "Index Name": "movie_id_movie_companies",
                                    "Relation Name": "movie_companies",
                                    "Alias": "mc",
                                    "Startup Cost": 0.43,
                                    "Total Cost": 0.54,
                                    "Plan Rows": 2,
                                    "Plan Width": 12,
                                    "Actual Startup Time": 0.018,
                                    "Actual Total Time": 0.019,
                                    "Actual Rows": 1,
                                    "Actual Loops": 10544,
                                    "Index Cond": "(movie_id = mk.movie_id)",
                                    "Rows Removed by Index Recheck": 0,
                                    "Filter": "(note IS NULL)",
                                    "Rows Removed by Filter": 3
                                  }
                                ]
                              },
                              {
                                "Node Type": "Index Scan",
                                "Parent Relationship": "Inner",
                                "Parallel Aware": false,
                                "Scan Direction": "Forward",
                                "Index Name": "company_name_pkey",
                                "Relation Name": "company_name",
                                "Alias": "cn",
                                "Startup Cost": 0.42,
                                "Total Cost": 0.46,
                                "Plan Rows": 1,
                                "Plan Width": 23,
                                "Actual Startup Time": 0.006,
                                "Actual Total Time": 0.006,
                                "Actual Rows": 0,
                                "Actual Loops": 14331,
                                "Index Cond": "(id = mc.company_id)",
                                "Rows Removed by Index Recheck": 0,
                                "Filter": "(((country_code)::text <> '[pl]'::text) AND ((name ~~ '%Film%'::text) OR (name ~~ '%Warner%'::text)))",
                                "Rows Removed by Filter": 1
                              }
                            ]
                          },
                          {
                            "Node Type": "Index Scan",
                            "Parent Relationship": "Inner",
                            "Parallel Aware": false,
                            "Scan Direction": "Forward",
                            "Index Name": "movie_id_movie_link",
                            "Relation Name": "movie_link",
                            "Alias": "ml",
                            "Startup Cost": 0.29,
                            "Total Cost": 0.38,
                            "Plan Rows": 5,
                            "Plan Width": 8,
                            "Actual Startup Time": 0.001,
                            "Actual Total Time": 0.001,
                            "Actual Rows": 0,
                            "Actual Loops": 2802,
                            "Index Cond": "(movie_id = mk.movie_id)",
                            "Rows Removed by Index Recheck": 0
                          }
                        ]
                      },
                      {
                        "Node Type": "Materialize",
                        "Parent Relationship": "Inner",
                        "Parallel Aware": false,
                        "Startup Cost": 0.0,
                        "Total Cost": 1.05,
                        "Plan Rows": 1,
                        "Plan Width": 4,
                        "Actual Startup Time": 0.0,
                        "Actual Total Time": 0.0,
                        "Actual Rows": 1,
                        "Actual Loops": 452,
                        "Plans": [
                          {
                            "Node Type": "Seq Scan",
                            "Parent Relationship": "Outer",
                            "Parallel Aware": false,
                            "Relation Name": "company_type",
                            "Alias": "ct",
                            "Startup Cost": 0.0,
                            "Total Cost": 1.05,
                            "Plan Rows": 1,
                            "Plan Width": 4,
                            "Actual Startup Time": 0.011,
                            "Actual Total Time": 0.012,
                            "Actual Rows": 1,
                            "Actual Loops": 1,
                            "Filter": "((kind)::text = 'production companies'::text)",
                            "Rows Removed by Filter": 3
                          }
                        ]
                      }
                    ]
                  }
                ]
              }
            ]
          }
        ]
      }
    ]
  },
  "Planning Time": 15.874,
  "Triggers": [],
  "Execution Time": 892.185
}