[
  {
    "Plan": {
      "Node Type": "Aggregate",
      "Strategy": "Plain",
      "Partial Mode": "Finalize",
      "Parallel Aware": false,
      "Startup Cost": 135132.97,
      "Total Cost": 135132.98,
      "Plan Rows": 1,
      "Plan Width": 64,
      "Actual Startup Time": 480.391,
      "Actual Total Time": 524.718,
      "Actual Rows": 1,
      "Actual Loops": 1,
      "Plans": [
        {
          "Node Type": "Gather",
          "Parent Relationship": "Outer",
          "Parallel Aware": false,
          "Startup Cost": 135132.65,
          "Total Cost": 135132.96,
          "Plan Rows": 3,
          "Plan Width": 64,
          "Actual Startup Time": 479.037,
          "Actual Total Time": 524.702,
          "Actual Rows": 4,
          "Actual Loops": 1,
          "Workers Planned": 3,
          "Workers Launched": 3,
          "Single Copy": false,
          "Plans": [
            {
              "Node Type": "Aggregate",
              "Strategy": "Plain",
              "Partial Mode": "Partial",
              "Parent Relationship": "Outer",
              "Parallel Aware": false,
              "Startup Cost": 134132.65,
              "Total Cost": 134132.66,
              "Plan Rows": 1,
              "Plan Width": 64,
              "Actual Startup Time": 468.21,
              "Actual Total Time": 468.219,
              "Actual Rows": 1,
              "Actual Loops": 4,
              "Plans": [
                {
                  "Node Type": "Nested Loop",
                  "Parent Relationship": "Outer",
                  "Parallel Aware": false,
                  "Join Type": "Inner",
                  "Startup Cost": 71397.12,
                  "Total Cost": 134132.63,
                  "Plan Rows": 3,
                  "Plan Width": 32,
                  "Actual Startup Time": 265.296,
                  "Actual Total Time": 467.988,
                  "Actual Rows": 894,
                  "Actual Loops": 4,
                  "Inner Unique": true,
                  "Plans": [
                    {
                      "Node Type": "Nested Loop",
                      "Parent Relationship": "Outer",
                      "Parallel Aware": false,
                      "Join Type": "Inner",
                      "Startup Cost": 71396.7,
                      "Total Cost": 134129.96,
                      "Plan Rows": 6,
                      "Plan Width": 36,
                      "Actual Startup Time": 265.214,
                      "Actual Total Time": 456.86,
                      "Actual Rows": 2923,
                      "Actual Loops": 4,
                      "Inner Unique": false,
                      "Plans": [
                        {
                          "Node Type": "Nested Loop",
                          "Parent Relationship": "Outer",
                          "Parallel Aware": false,
                          "Join Type": "Inner",
                          "Startup Cost": 71396.27,
                          "Total Cost": 134129.31,
                          "Plan Rows": 1,
                          "Plan Width": 44,
                          "Actual Startup Time": 264.921,
                          "Actual Total Time": 452.044,
                          "Actual Rows": 907,
                          "Actual Loops": 4,
                          "Inner Unique": true,
                          "Plans": [
                            {
                              "Node Type": "Hash Join",
                              "Parent Relationship": "Outer",
                              "Parallel Aware": false,
                              "Join Type": "Inner",
                              "Startup Cost": 71395.84,
                              "Total Cost": 134128.64,
                              "Plan Rows": 1,
                              "Plan Width": 48,
                              "Actual Startup Time": 264.823,
                              "Actual Total Time": 447.147,
                              "Actual Rows": 929,
                              "Actual Loops": 4,
                              "Inner Unique": true,
                              "Hash Cond": "(mi.info_type_id = it.id)",
                              "Plans": [
                                {
                                  "Node Type": "Nested Loop",
                                  "Parent Relationship": "Outer",
                                  "Parallel Aware": false,
                                  "Join Type": "Inner",
                                  "Startup Cost": 71393.41,
                                  "Total Cost": 134125.84,
                                  "Plan Rows": 141,
                                  "Plan Width": 52,
                                  "Actual Startup Time": 264.393,
                                  "Actual Total Time": 446.355,
                                  "Actual Rows": 929,
                                  "Actual Loops": 4,
                                  "Inner Unique": false,
                                  "Plans": [
                                    {
                                      "Node Type": "Nested Loop",
                                      "Parent Relationship": "Outer",
                                      "Parallel Aware": false,
                                      "Join Type": "Inner",
                                      "Startup Cost": 71392.98,
                                      "Total Cost": 133424.99,
                                      "Plan Rows": 354,
                                      "Plan Width": 44,
                                      "Actual Startup Time": 261.698,
                                      "Actual Total Time": 423.084,
                                      "Actual Rows": 1211,
                                      "Actual Loops": 4,
                                      "Inner Unique": true,
                                      "Plans": [
                                        {
                                          "Node Type": "Hash Join",
                                          "Parent Relationship": "Outer",
                                          "Parallel Aware": false,
                                          "Join Type": "Inner",
                                          "Startup Cost": 71392.55,
                                          "Total Cost": 132996.33,
                                          "Plan Rows": 656,
                                          "Plan Width": 23,
                                          "Actual Startup Time": 261.638,
                                          "Actual Total Time": 406.134,
                                          "Actual Rows": 2051,
                                          "Actual Loops": 4,
                                          "Inner Unique": true,
                                          "Hash Cond": "(ci.role_id = rt.id)",
                                          "Plans": [
                                            {
                                              "Node Type": "Nested Loop",
                                              "Parent Relationship": "Outer",
                                              "Parallel Aware": false,
                                              "Join Type": "Inner",
                                              "Startup Cost": 71391.39,
                                              "Total Cost": 132967.2,
                                              "Plan Rows": 7874,
                                              "Plan Width": 27,
                                              "Actual Startup Time": 261.512,
                                              "Actual Total Time": 405.346,
                                              "Actual Rows": 2051,
                                              "Actual Loops": 4,
                                              "Inner Unique": false,
                                              "Join Filter": "(n.id = ci.person_id)",
                                              "Rows Removed by Join Filter": 0,
                                              "Plans": [
                                                {
                                                  "Node Type": "Hash Join",
                                                  "Parent Relationship": "Outer",
                                                  "Parallel Aware": true,
                                                  "Join Type": "Inner",
                                                  "Startup Cost": 71390.82,
                                                  "Total Cost": 86457.61,
                                                  "Plan Rows": 3349,
                                                  "Plan Width": 23,
                                                  "Actual Startup Time": 259.271,
                                                  "Actual Total Time": 336.208,
                                                  "Actual Rows": 2631,
                                                  "Actual Loops": 4,
                                                  "Inner Unique": true,
                                                  "Hash Cond": "(an.person_id = n.id)",
                                                  "Plans": [
                                                    {
                                                      "Node Type": "Seq Scan",
                                                      "Parent Relationship": "Outer",
                                                      "Parallel Aware": true,
                                                      "Relation Name": "aka_name",
                                                      "Alias": "an",
                                                      "Startup Cost": 0.0,
                                                      "Total Cost": 14303.56,
                                                      "Plan Rows": 290756,
                                                      "Plan Width": 4,
                                                      "Actual Startup Time": 0.026,
                                                      "Actual Total Time": 36.08,
                                                      "Actual Rows": 225336,
                                                      "Actual Loops": 4
                                                    },
                                                    {
                                                      "Node Type": "Hash",
                                                      "Parent Relationship": "Inner",
                                                      "Parallel Aware": true,
                                                      "Startup Cost": 71240.82,
                                                      "Total Cost": 71240.82,
                                                      "Plan Rows": 12000,
                                                      "Plan Width": 19,
                                                      "Actual Startup Time": 258.698,
                                                      "Actual Total Time": 258.699,
                                                      "Actual Rows": 12503,
                                                      "Actual Loops": 4,
                                                      "Hash Buckets": 65536,
                                                      "Original Hash Buckets": 65536,
                                                      "Hash Batches": 1,
                                                      "Original Hash Batches": 1,
                                                      "Peak Memory Usage": 3360,
                                                      "Plans": [
                                                        {
                                                          "Node Type": "Seq Scan",
                                                          "Parent Relationship": "Outer",
                                                          "Parallel Aware": true,
                                                          "Relation Name": "name",
                                                          "Alias": "n",
                                                          "Startup Cost": 0.0,
                                                          "Total Cost": 71240.82,
                                                          "Plan Rows": 12000,
                                                          "Plan Width": 19,
                                                          "Actual Startup Time": 113.373,
                                                          "Actual Total Time": 251.545,
                                                          "Actual Rows": 12503,
                                                          "Actual Loops": 4,
                                                          "Filter": "((name ~~ '%An%'::text) AND ((gender)::text = 'f'::text))",
                                                          "Rows Removed by Filter": 1029370
                                                        }
                                                      ]
                                                    }
                                                  ]
                                                },
                                                {
                                                  "Node Type": "Index Scan",
                                                  "Parent Relationship": "Inner",
                                                  "Parallel Aware": false,
                                                  "Scan Direction": "Forward",
                                                  "Index Name": "person_id_cast_info",
                                                  "Relation Name": "cast_info",
                                                  "Alias": "ci",
                                                  "Startup Cost": 0.56,
                                                  "Total Cost": 13.74,
                                                  "Plan Rows": 12,
                                                  "Plan Width": 16,
                                                  "Actual Startup Time": 0.023,
                                                  "Actual Total Time": 0.025,
                                                  "Actual Rows": 1,
                                                  "Actual Loops": 10525,
                                                  "Index Cond": "(person_id = an.person_id)",
                                                  "Rows Removed by Index Recheck": 0,
                                                  "Filter": "(note = ANY ('{(voice),\"(voice: Japanese version)\",\"(voice) (uncredited)\",\"(voice: English version)\"}'::text[]))",
                                                  "Rows Removed by Filter": 44
                                                }
                                              ]
                                            },
                                            {
                                              "Node Type": "Hash",
                                              "Parent Relationship": "Inner",
                                              "Parallel Aware": false,
                                              "Startup Cost": 1.15,
                                              "Total Cost": 1.15,
                                              "Plan Rows": 1,
                                              "Plan Width": 4,
                                              "Actual Startup Time": 0.075,
                                              "Actual Total Time": 0.076,
                                              "Actual Rows": 1,
                                              "Actual Loops": 4,
                                              "Hash Buckets": 1024,
                                              "Original Hash Buckets": 1024,
                                              "Hash Batches": 1,
                                              "Original Hash Batches": 1,
                                              "Peak Memory Usage": 9,
                                              "Plans": [
                                                {
                                                  "Node Type": "Seq Scan",
                                                  "Parent Relationship": "Outer",
                                                  "Parallel Aware": false,
                                                  "Relation Name": "role_type",
                                                  "Alias": "rt",
                                                  "Startup Cost": 0.0,
                                                  "Total Cost": 1.15,
                                                  "Plan Rows": 1,
                                                  "Plan Width": 4,
                                                  "Actual Startup Time": 0.057,
                                                  "Actual Total Time": 0.065,
                                                  "Actual Rows": 1,
                                                  "Actual Loops": 4,
                                                  "Filter": "((role)::text = 'actress'::text)",
                                                  "Rows Removed by Filter": 11
                                                }
                                              ]
                                            }
                                          ]
                                        },
                                        {
                                          "Node Type": "Index Scan",
                                          "Parent Relationship": "Inner",
                                          "Parallel Aware": false,
                                          "Scan Direction": "Forward",
                                          "Index Name": "title_pkey",
                                          "Relation Name": "title",
                                          "Alias": "t",
                                          "Startup Cost": 0.43,
                                          "Total Cost": 0.65,
                                          "Plan Rows": 1,
                                          "Plan Width": 21,
                                          "Actual Startup Time": 0.008,
                                          "Actual Total Time": 0.008,
                                          "Actual Rows": 1,
                                          "Actual Loops": 8204,
                                          "Index Cond": "(id = ci.movie_id)",
                                          "Rows Removed by Index Recheck": 0,
                                          "Filter": "(production_year > 2000)",
                                          "Rows Removed by Filter": 0
                                        }
                                      ]
                                    },
                                    {
                                      "Node Type": "Index Scan",
                                      "Parent Relationship": "Inner",
                                      "Parallel Aware": false,
                                      "Scan Direction": "Forward",
                                      "Index Name": "movie_id_movie_info",
                                      "Relation Name": "movie_info",
                                      "Alias": "mi",
                                      "Startup Cost": 0.43,
                                      "Total Cost": 1.97,
                                      "Plan Rows": 1,
                                      "Plan Width": 8,
                                      "Actual Startup Time": 0.013,
                                      "Actual Total Time": 0.019,
                                      "Actual Rows": 1,
                                      "Actual Loops": 4845,
                                      "Index Cond": "(movie_id = t.id)",
                                      "Rows Removed by Index Recheck": 0,
                                      "Filter": "((info IS NOT NULL) AND ((info ~~ 'Japan:%200%'::text) OR (info ~~ 'USA:%200%'::text)))",
                                      "Rows Removed by Filter": 14
                                    }
                                  ]
                                },
                                {
                                  "Node Type": "Hash",
                                  "Parent Relationship": "Inner",
                                  "Parallel Aware": false,
                                  "Startup Cost": 2.41,
                                  "Total Cost": 2.41,
                                  "Plan Rows": 1,
                                  "Plan Width": 4,
                                  "Actual Startup Time": 0.105,
                                  "Actual Total Time": 0.105,
                                  "Actual Rows": 1,
                                  "Actual Loops": 4,
                                  "Hash Buckets": 1024,
                                  "Original Hash Buckets": 1024,
                                  "Hash Batches": 1,
                                  "Original Hash Batches": 1,
                                  "Peak Memory Usage": 9,
                                  "Plans": [
                                    {
                                      "Node Type": "Seq Scan",
                                      "Parent Relationship": "Outer",
                                      "Parallel Aware": false,
                                      "Relation Name": "info_type",
                                      "Alias": "it",
                                      "Startup Cost": 0.0,
                                      "Total Cost": 2.41,
                                      "Plan Rows": 1,
                                      "Plan Width": 4,
                                      "Actual Startup Time": 0.061,
                                      "Actual Total Time": 0.077,
                                      "Actual Rows": 1,
                                      "Actual Loops": 4,
                                      "Filter": "((info)::text = 'release dates'::text)",
                                      "Rows Removed by Filter": 112
                                    }
                                  ]
                                }
                              ]
                            },
                            {
                              "Node Type": "Index Only Scan",
                              "Parent Relationship": "Inner",
                              "Parallel Aware": false,
                              "Scan Direction": "Forward",
                              "Index Name": "char_name_pkey",
                              "Relation Name": "char_name",
                              "Alias": "chn",
                              "Startup Cost": 0.43,
                              "Total Cost": 0.66,
                              "Plan Rows": 1,
                              "Plan Width": 4,
                              "Actual Startup Time": 0.005,
                              "Actual Total Time": 0.005,
                              "Actual Rows": 1,
                              "Actual Loops": 3715,
                              "Index Cond": "(id = ci.person_role_id)",
                              "Rows Removed by Index Recheck": 0,
                              "Heap Fetches": 3628
                            }
                          ]
                        },
                        {
                          "Node Type": "Index Scan",
                          "Parent Relationship": "Inner",
                          "Parallel Aware": false,
                          "Scan Direction": "Forward",
                          "Index Name": "movie_id_movie_companies",
                          "Relation Name": "movie_companies",
                          "Alias": "mc",
                          "Startup Cost": 0.43,
                          "Total Cost": 0.6,
                          "Plan Rows": 5,
                          "Plan Width": 8,
                          "Actual Startup Time": 0.003,
                          "Actual Total Time": 0.004,
                          "Actual Rows": 3,
                          "Actual Loops": 3628,
                          "Index Cond": "(movie_id = t.id)",
                          "Rows Removed by Index Recheck": 0
                        }
                      ]
                    },
                    {
                      "Node Type": "Index Scan",
                      "Parent Relationship": "Inner",
                      "Parallel Aware": false,
                      "Scan Direction": "Forward",
                      "Index Name": "company_name_pkey",
                      "Relation Name": "company_name",
                      "Alias": "cn",
                      "Startup Cost": 0.42,
                      "Total Cost": 0.45,
                      "Plan Rows": 1,
                      "Plan Width": 4,
                      "Actual Startup Time": 0.003,
                      "Actual Total Time": 0.003,
                      "Actual Rows": 0,
                      "Actual Loops": 11692,
                      "Index Cond": "(id = mc.company_id)",
                      "Rows Removed by Index Recheck": 0,
                      "Filter": "((country_code)::text = '[us]'::text)",
                      "Rows Removed by Filter": 1
                    }
                  ]
                }
              ]
            }
          ]
        }
      ]
    },
    "Planning Time": 40.868,
    "Triggers": [],
    "Execution Time": 525.181
  }
]