[
  {
    "Plan": {
      "Node Type": "Aggregate",
      "Strategy": "Plain",
      "Partial Mode": "Finalize",
      "Parallel Aware": false,
      "Startup Cost": 74136.73,
      "Total Cost": 74136.74,
      "Plan Rows": 1,
      "Plan Width": 8,
      "Actual Startup Time": 215.013,
      "Actual Total Time": 229.733,
      "Actual Rows": 1,
      "Actual Loops": 1,
      "Plans": [
        {
          "Node Type": "Gather",
          "Parent Relationship": "Outer",
          "Parallel Aware": false,
          "Startup Cost": 74136.41,
          "Total Cost": 74136.72,
          "Plan Rows": 3,
          "Plan Width": 8,
          "Actual Startup Time": 212.394,
          "Actual Total Time": 229.725,
          "Actual Rows": 4,
          "Actual Loops": 1,
          "Workers Planned": 3,
          "Workers Launched": 3,
          "Single Copy": false,
          "Plans": [
            {
              "Node Type": "Aggregate",
              "Strategy": "Plain",
              "Partial Mode": "Partial",
              "Parent Relationship": "Outer",
              "Parallel Aware": false,
              "Startup Cost": 73136.41,
              "Total Cost": 73136.42,
              "Plan Rows": 1,
              "Plan Width": 8,
              "Actual Startup Time": 204.39,
              "Actual Total Time": 204.396,
              "Actual Rows": 1,
              "Actual Loops": 4,
              "Plans": [
                {
                  "Node Type": "Hash Join",
                  "Parent Relationship": "Outer",
                  "Parallel Aware": true,
                  "Join Type": "Inner",
                  "Startup Cost": 48429.72,
                  "Total Cost": 73126.8,
                  "Plan Rows": 3847,
                  "Plan Width": 0,
                  "Actual Startup Time": 180.047,
                  "Actual Total Time": 203.794,
                  "Actual Rows": 9103,
                  "Actual Loops": 4,
                  "Inner Unique": true,
                  "Hash Cond": "(mk.movie_id = t.id)",
                  "Plans": [
                    {
                      "Node Type": "Bitmap Heap Scan",
                      "Parent Relationship": "Outer",
                      "Parallel Aware": true,
                      "Relation Name": "movie_keyword",
                      "Alias": "mk",
                      "Startup Cost": 1058.54,
                      "Total Cost": 25713.42,
                      "Plan Rows": 16071,
                      "Plan Width": 4,
                      "Actual Startup Time": 5.629,
                      "Actual Total Time": 23.843,
                      "Actual Rows": 12518,
                      "Actual Loops": 4,
                      "Recheck Cond": "(keyword_id > 99526)",
                      "Rows Removed by Index Recheck": 0,
                      "Exact Heap Blocks": 5199,
                      "Lossy Heap Blocks": 0,
                      "Plans": [
                        {
                          "Node Type": "Bitmap Index Scan",
                          "Parent Relationship": "Outer",
                          "Parallel Aware": false,
                          "Index Name": "keyword_id_movie_keyword",
                          "Startup Cost": 0.0,
                          "Total Cost": 1046.08,
                          "Plan Rows": 49820,
                          "Plan Width": 0,
                          "Actual Startup Time": 3.806,
                          "Actual Total Time": 3.807,
                          "Actual Rows": 50073,
                          "Actual Loops": 1,
                          "Index Cond": "(keyword_id > 99526)"
                        }
                      ]
                    },
                    {
                      "Node Type": "Hash",
                      "Parent Relationship": "Inner",
                      "Parallel Aware": true,
                      "Startup Cost": 45479.59,
                      "Total Cost": 45479.59,
                      "Plan Rows": 151328,
                      "Plan Width": 4,
                      "Actual Startup Time": 169.368,
                      "Actual Total Time": 169.371,
                      "Actual Rows": 168922,
                      "Actual Loops": 4,
                      "Hash Buckets": 1048576,
                      "Original Hash Buckets": 1048576,
                      "Hash Batches": 1,
                      "Original Hash Batches": 1,
                      "Peak Memory Usage": 34688,
                      "Plans": [
                        {
                          "Node Type": "Seq Scan",
                          "Parent Relationship": "Outer",
                          "Parallel Aware": true,
                          "Relation Name": "title",
                          "Alias": "t",
                          "Startup Cost": 0.0,
                          "Total Cost": 45479.59,
                          "Plan Rows": 151328,
                          "Plan Width": 4,
                          "Actual Startup Time": 0.04,
                          "Actual Total Time": 104.127,
                          "Actual Rows": 168922,
                          "Actual Loops": 4,
                          "Filter": "((kind_id < 7) AND (production_year < 2007))",
                          "Rows Removed by Filter": 463156
                        }
                      ]
                    }
                  ]
                }
              ]
            }
          ]
        }
      ]
    },
    "Planning Time": 0.708,
    "Triggers": [],
    "Execution Time": 229.825
  }
]