[
  {
    "Plan": {
      "Node Type": "Aggregate",
      "Strategy": "Plain",
      "Partial Mode": "Finalize",
      "Parallel Aware": false,
      "Startup Cost": 352612.02,
      "Total Cost": 352612.03,
      "Plan Rows": 1,
      "Plan Width": 8,
      "Actual Startup Time": 894.338,
      "Actual Total Time": 923.977,
      "Actual Rows": 1,
      "Actual Loops": 1,
      "Plans": [
        {
          "Node Type": "Gather",
          "Parent Relationship": "Outer",
          "Parallel Aware": false,
          "Startup Cost": 352611.39,
          "Total Cost": 352612.0,
          "Plan Rows": 6,
          "Plan Width": 8,
          "Actual Startup Time": 894.236,
          "Actual Total Time": 923.97,
          "Actual Rows": 7,
          "Actual Loops": 1,
          "Workers Planned": 6,
          "Workers Launched": 6,
          "Single Copy": false,
          "Plans": [
            {
              "Node Type": "Aggregate",
              "Strategy": "Plain",
              "Partial Mode": "Partial",
              "Parent Relationship": "Outer",
              "Parallel Aware": false,
              "Startup Cost": 351611.39,
              "Total Cost": 351611.4,
              "Plan Rows": 1,
              "Plan Width": 8,
              "Actual Startup Time": 885.973,
              "Actual Total Time": 885.974,
              "Actual Rows": 1,
              "Actual Loops": 7,
              "Plans": [
                {
                  "Node Type": "Seq Scan",
                  "Parent Relationship": "Outer",
                  "Parallel Aware": true,
                  "Relation Name": "cast_info",
                  "Alias": "ci",
                  "Startup Cost": 0.0,
                  "Total Cost": 343318.94,
                  "Plan Rows": 3316981,
                  "Plan Width": 0,
                  "Actual Startup Time": 18.128,
                  "Actual Total Time": 734.823,
                  "Actual Rows": 2808387,
                  "Actual Loops": 7,
                  "Filter": "((person_id > 66747) AND (role_id < 3))",
                  "Rows Removed by Filter": 2369377
                }
              ]
            }
          ]
        }
      ]
    },
    "Planning Time": 0.176,
    "Triggers": [],
    "Execution Time": 924.029
  }
]