{
  "Plan": {
    "Node Type": "Aggregate",
    "Strategy": "Plain",
    "Partial Mode": "Finalize",
    "Parallel Aware": false,
    "Startup Cost": 593600.21,
    "Total Cost": 593600.22,
    "Plan Rows": 1,
    "Plan Width": 8,
    "Actual Startup Time": 1497.195,
    "Actual Total Time": 1541.761,
    "Actual Rows": 1,
    "Actual Loops": 1,
    "Plans": [
      {
        "Node Type": "Gather",
        "Parent Relationship": "Outer",
        "Parallel Aware": false,
        "Startup Cost": 593600.09,
        "Total Cost": 593600.2,
        "Plan Rows": 1,
        "Plan Width": 8,
        "Actual Startup Time": 1496.93,
        "Actual Total Time": 1541.753,
        "Actual Rows": 2,
        "Actual Loops": 1,
        "Workers Planned": 1,
        "Workers Launched": 1,
        "Single Copy": false,
        "Plans": [
          {
            "Node Type": "Aggregate",
            "Strategy": "Plain",
            "Partial Mode": "Partial",
            "Parent Relationship": "Outer",
            "Parallel Aware": false,
            "Startup Cost": 592600.09,
            "Total Cost": 592600.1,
            "Plan Rows": 1,
            "Plan Width": 8,
            "Actual Startup Time": 1491.001,
            "Actual Total Time": 1491.004,
            "Actual Rows": 1,
            "Actual Loops": 2,
            "Plans": [
              {
                "Node Type": "Hash Join",
                "Parent Relationship": "Outer",
                "Parallel Aware": true,
                "Join Type": "Inner",
                "Startup Cost": 54724.04,
                "Total Cost": 592523.49,
                "Plan Rows": 30642,
                "Plan Width": 0,
                "Actual Startup Time": 139.09,
                "Actual Total Time": 1489.617,
                "Actual Rows": 20808,
                "Actual Loops": 2,
                "Inner Unique": true,
                "Hash Cond": "(ci.movie_id = t.id)",
                "Plans": [
                  {
                    "Node Type": "Index Scan",
                    "Parent Relationship": "Outer",
                    "Parallel Aware": true,
                    "Scan Direction": "Forward",
                    "Index Name": "role_id_cast_info",
                    "Relation Name": "cast_info",
                    "Alias": "ci",
                    "Startup Cost": 0.56,
                    "Total Cost": 526730.69,
                    "Plan Rows": 4216876,
                    "Plan Width": 4,
                    "Actual Startup Time": 0.116,
                    "Actual Total Time": 1113.011,
                    "Actual Rows": 2210484,
                    "Actual Loops": 2,
                    "Index Cond": "(role_id > 2)",
                    "Rows Removed by Index Recheck": 0,
                    "Filter": "(person_id < 1563855)",
                    "Rows Removed by Filter": 5850358
                  },
                  {
                    "Node Type": "Hash",
                    "Parent Relationship": "Inner",
                    "Parallel Aware": true,
                    "Startup Cost": 54588.39,
                    "Total Cost": 54588.39,
                    "Plan Rows": 10807,
                    "Plan Width": 4,
                    "Actual Startup Time": 137.118,
                    "Actual Total Time": 137.119,
                    "Actual Rows": 10061,
                    "Actual Loops": 2,
                    "Hash Buckets": 32768,
                    "Original Hash Buckets": 32768,
                    "Hash Batches": 1,
                    "Original Hash Batches": 1,
                    "Peak Memory Usage": 1088,
                    "Plans": [
                      {
                        "Node Type": "Seq Scan",
                        "Parent Relationship": "Outer",
                        "Parallel Aware": true,
                        "Relation Name": "title",
                        "Alias": "t",
                        "Startup Cost": 0.0,
                        "Total Cost": 54588.39,
                        "Plan Rows": 10807,
                        "Plan Width": 4,
                        "Actual Startup Time": 0.068,
                        "Actual Total Time": 133.341,
                        "Actual Rows": 10061,
                        "Actual Loops": 2,
                        "Filter": "(production_year = 1987)",
                        "Rows Removed by Filter": 1254095
                      }
                    ]
                  }
                ]
              }
            ]
          }
        ]
      }
    ]
  },
  "Planning Time": 0.481,
  "Triggers": [],
  "Execution Time": 1541.845
}