[
  {
    "Plan": {
      "Node Type": "Aggregate",
      "Strategy": "Plain",
      "Partial Mode": "Finalize",
      "Parallel Aware": false,
      "Startup Cost": 75234.98,
      "Total Cost": 75234.99,
      "Plan Rows": 1,
      "Plan Width": 8,
      "Actual Startup Time": 216.517,
      "Actual Total Time": 251.259,
      "Actual Rows": 1,
      "Actual Loops": 1,
      "Plans": [
        {
          "Node Type": "Gather",
          "Parent Relationship": "Outer",
          "Parallel Aware": false,
          "Startup Cost": 75234.56,
          "Total Cost": 75234.97,
          "Plan Rows": 4,
          "Plan Width": 8,
          "Actual Startup Time": 216.051,
          "Actual Total Time": 251.251,
          "Actual Rows": 5,
          "Actual Loops": 1,
          "Workers Planned": 4,
          "Workers Launched": 4,
          "Single Copy": false,
          "Plans": [
            {
              "Node Type": "Aggregate",
              "Strategy": "Plain",
              "Partial Mode": "Partial",
              "Parent Relationship": "Outer",
              "Parallel Aware": false,
              "Startup Cost": 74234.56,
              "Total Cost": 74234.57,
              "Plan Rows": 1,
              "Plan Width": 8,
              "Actual Startup Time": 205.818,
              "Actual Total Time": 205.822,
              "Actual Rows": 1,
              "Actual Loops": 5,
              "Plans": [
                {
                  "Node Type": "Nested Loop",
                  "Parent Relationship": "Outer",
                  "Parallel Aware": false,
                  "Join Type": "Inner",
                  "Startup Cost": 19944.43,
                  "Total Cost": 74203.51,
                  "Plan Rows": 12418,
                  "Plan Width": 0,
                  "Actual Startup Time": 71.271,
                  "Actual Total Time": 204.854,
                  "Actual Rows": 9870,
                  "Actual Loops": 5,
                  "Inner Unique": false,
                  "Plans": [
                    {
                      "Node Type": "Hash Join",
                      "Parent Relationship": "Outer",
                      "Parallel Aware": true,
                      "Join Type": "Inner",
                      "Startup Cost": 19943.86,
                      "Total Cost": 64680.06,
                      "Plan Rows": 2544,
                      "Plan Width": 8,
                      "Actual Startup Time": 70.45,
                      "Actual Total Time": 112.555,
                      "Actual Rows": 309,
                      "Actual Loops": 5,
                      "Inner Unique": false,
                      "Hash Cond": "(t.id = mc.movie_id)",
                      "Plans": [
                        {
                          "Node Type": "Seq Scan",
                          "Parent Relationship": "Outer",
                          "Parallel Aware": true,
                          "Relation Name": "title",
                          "Alias": "t",
                          "Startup Cost": 0.0,
                          "Total Cost": 43898.92,
                          "Plan Rows": 165814,
                          "Plan Width": 4,
                          "Actual Startup Time": 34.888,
                          "Actual Total Time": 73.619,
                          "Actual Rows": 132565,
                          "Actual Loops": 5,
                          "Filter": "(kind_id = 1)",
                          "Rows Removed by Filter": 373097
                        },
                        {
                          "Node Type": "Hash",
                          "Parent Relationship": "Inner",
                          "Parallel Aware": true,
                          "Startup Cost": 19787.45,
                          "Total Cost": 19787.45,
                          "Plan Rows": 12513,
                          "Plan Width": 4,
                          "Actual Startup Time": 20.901,
                          "Actual Total Time": 20.903,
                          "Actual Rows": 7227,
                          "Actual Loops": 5,
                          "Hash Buckets": 65536,
                          "Original Hash Buckets": 65536,
                          "Hash Batches": 1,
                          "Original Hash Batches": 1,
                          "Peak Memory Usage": 1984,
                          "Plans": [
                            {
                              "Node Type": "Bitmap Heap Scan",
                              "Parent Relationship": "Outer",
                              "Parallel Aware": true,
                              "Relation Name": "movie_companies",
                              "Alias": "mc",
                              "Startup Cost": 841.04,
                              "Total Cost": 19787.45,
                              "Plan Rows": 12513,
                              "Plan Width": 4,
                              "Actual Startup Time": 2.956,
                              "Actual Total Time": 16.579,
                              "Actual Rows": 7227,
                              "Actual Loops": 5,
                              "Recheck Cond": "(company_id = 160)",
                              "Rows Removed by Index Recheck": 0,
                              "Exact Heap Blocks": 2594,
                              "Lossy Heap Blocks": 0,
                              "Plans": [
                                {
                                  "Node Type": "Bitmap Index Scan",
                                  "Parent Relationship": "Outer",
                                  "Parallel Aware": false,
                                  "Index Name": "company_id_movie_companies",
                                  "Startup Cost": 0.0,
                                  "Total Cost": 831.35,
                                  "Plan Rows": 38789,
                                  "Plan Width": 0,
                                  "Actual Startup Time": 6.904,
                                  "Actual Total Time": 6.904,
                                  "Actual Rows": 36136,
                                  "Actual Loops": 1,
                                  "Index Cond": "(company_id = 160)"
                                }
                              ]
                            }
                          ]
                        }
                      ]
                    },
                    {
                      "Node Type": "Index Scan",
                      "Parent Relationship": "Inner",
                      "Parallel Aware": false,
                      "Scan Direction": "Forward",
                      "Index Name": "movie_id_cast_info",
                      "Relation Name": "cast_info",
                      "Alias": "ci",
                      "Startup Cost": 0.56,
                      "Total Cost": 3.61,
                      "Plan Rows": 13,
                      "Plan Width": 4,
                      "Actual Startup Time": 0.195,
                      "Actual Total Time": 0.295,
                      "Actual Rows": 32,
                      "Actual Loops": 1543,
                      "Index Cond": "(movie_id = t.id)",
                      "Rows Removed by Index Recheck": 0,
                      "Filter": "(role_id > 3)",
                      "Rows Removed by Filter": 47
                    }
                  ]
                }
              ]
            }
          ]
        }
      ]
    },
    "Planning Time": 1.445,
    "Triggers": [],
    "Execution Time": 251.381
  }
]