[
  {
    "Plan": {
      "Node Type": "Aggregate",
      "Strategy": "Plain",
      "Partial Mode": "Finalize",
      "Parallel Aware": false,
      "Startup Cost": 420019.11,
      "Total Cost": 420019.12,
      "Plan Rows": 1,
      "Plan Width": 8,
      "Actual Startup Time": 2902.797,
      "Actual Total Time": 2968.104,
      "Actual Rows": 1,
      "Actual Loops": 1,
      "Plans": [
        {
          "Node Type": "Gather",
          "Parent Relationship": "Outer",
          "Parallel Aware": false,
          "Startup Cost": 420018.48,
          "Total Cost": 420019.09,
          "Plan Rows": 6,
          "Plan Width": 8,
          "Actual Startup Time": 2887.583,
          "Actual Total Time": 2968.091,
          "Actual Rows": 7,
          "Actual Loops": 1,
          "Workers Planned": 6,
          "Workers Launched": 6,
          "Single Copy": false,
          "Plans": [
            {
              "Node Type": "Aggregate",
              "Strategy": "Plain",
              "Partial Mode": "Partial",
              "Parent Relationship": "Outer",
              "Parallel Aware": false,
              "Startup Cost": 419018.48,
              "Total Cost": 419018.49,
              "Plan Rows": 1,
              "Plan Width": 8,
              "Actual Startup Time": 2865.544,
              "Actual Total Time": 2865.548,
              "Actual Rows": 1,
              "Actual Loops": 7,
              "Plans": [
                {
                  "Node Type": "Hash Join",
                  "Parent Relationship": "Outer",
                  "Parallel Aware": true,
                  "Join Type": "Inner",
                  "Startup Cost": 51306.93,
                  "Total Cost": 407482.6,
                  "Plan Rows": 4614353,
                  "Plan Width": 0,
                  "Actual Startup Time": 271.787,
                  "Actual Total Time": 2702.306,
                  "Actual Rows": 4104220,
                  "Actual Loops": 7,
                  "Inner Unique": true,
                  "Hash Cond": "(ci.movie_id = t.id)",
                  "Plans": [
                    {
                      "Node Type": "Seq Scan",
                      "Parent Relationship": "Outer",
                      "Parallel Aware": true,
                      "Relation Name": "cast_info",
                      "Alias": "ci",
                      "Startup Cost": 0.0,
                      "Total Cost": 343257.03,
                      "Plan Rows": 4921378,
                      "Plan Width": 4,
                      "Actual Startup Time": 25.55,
                      "Actual Total Time": 709.192,
                      "Actual Rows": 4196504,
                      "Actual Loops": 7,
                      "Filter": "((person_id > 226677) AND (role_id < 10))",
                      "Rows Removed by Filter": 981259
                    },
                    {
                      "Node Type": "Hash",
                      "Parent Relationship": "Inner",
                      "Parallel Aware": true,
                      "Startup Cost": 43898.92,
                      "Total Cost": 43898.92,
                      "Plan Rows": 592641,
                      "Plan Width": 4,
                      "Actual Startup Time": 239.44,
                      "Actual Total Time": 239.441,
                      "Actual Rows": 338135,
                      "Actual Loops": 7,
                      "Hash Buckets": 4194304,
                      "Original Hash Buckets": 4194304,
                      "Hash Batches": 1,
                      "Original Hash Batches": 1,
                      "Peak Memory Usage": 125472,
                      "Plans": [
                        {
                          "Node Type": "Seq Scan",
                          "Parent Relationship": "Outer",
                          "Parallel Aware": true,
                          "Relation Name": "title",
                          "Alias": "t",
                          "Startup Cost": 0.0,
                          "Total Cost": 43898.92,
                          "Plan Rows": 592641,
                          "Plan Width": 4,
                          "Actual Startup Time": 0.046,
                          "Actual Total Time": 79.139,
                          "Actual Rows": 338135,
                          "Actual Loops": 7,
                          "Filter": "(production_year > 1920)",
                          "Rows Removed by Filter": 23052
                        }
                      ]
                    }
                  ]
                }
              ]
            }
          ]
        }
      ]
    },
    "Planning Time": 0.633,
    "Triggers": [],
    "Execution Time": 2968.193
  }
]