[
    {
        "Bao": {
            "Bao prediction": "NaN",
            "Bao recommended hint": "(no hint)"
        }
    },
    {
        "Plan": {
            "Node Type": "Aggregate",
            "Strategy": "Plain",
            "Partial Mode": "Finalize",
            "Parallel Aware": false,
            "Startup Cost": 275311.72,
            "Total Cost": 275311.73,
            "Plan Rows": 1,
            "Plan Width": 8,
            "Actual Startup Time": 106.862,
            "Actual Total Time": 111.229,
            "Actual Rows": 1,
            "Actual Loops": 1,
            "Output": [
                "count(*)"
            ],
            "Plans": [
                {
                    "Node Type": "Gather",
                    "Parent Relationship": "Outer",
                    "Parallel Aware": false,
                    "Startup Cost": 275311.09,
                    "Total Cost": 275311.7,
                    "Plan Rows": 6,
                    "Plan Width": 8,
                    "Actual Startup Time": 106.479,
                    "Actual Total Time": 111.222,
                    "Actual Rows": 7,
                    "Actual Loops": 1,
                    "Output": [
                        "(PARTIAL count(*))"
                    ],
                    "Workers Planned": 6,
                    "Workers Launched": 6,
                    "Single Copy": false,
                    "Plans": [
                        {
                            "Node Type": "Aggregate",
                            "Strategy": "Plain",
                            "Partial Mode": "Partial",
                            "Parent Relationship": "Outer",
                            "Parallel Aware": false,
                            "Startup Cost": 274311.09,
                            "Total Cost": 274311.1,
                            "Plan Rows": 1,
                            "Plan Width": 8,
                            "Actual Startup Time": 96.083,
                            "Actual Total Time": 96.085,
                            "Actual Rows": 1,
                            "Actual Loops": 7,
                            "Output": [
                                "PARTIAL count(*)"
                            ],
                            "Workers": [
                                {
                                    "Worker Number": 0,
                                    "Actual Startup Time": 93.796,
                                    "Actual Total Time": 93.797,
                                    "Actual Rows": 1,
                                    "Actual Loops": 1
                                },
                                {
                                    "Worker Number": 1,
                                    "Actual Startup Time": 94.086,
                                    "Actual Total Time": 94.087,
                                    "Actual Rows": 1,
                                    "Actual Loops": 1
                                },
                                {
                                    "Worker Number": 2,
                                    "Actual Startup Time": 94.17,
                                    "Actual Total Time": 94.172,
                                    "Actual Rows": 1,
                                    "Actual Loops": 1
                                },
                                {
                                    "Worker Number": 3,
                                    "Actual Startup Time": 94.733,
                                    "Actual Total Time": 94.734,
                                    "Actual Rows": 1,
                                    "Actual Loops": 1
                                },
                                {
                                    "Worker Number": 4,
                                    "Actual Startup Time": 94.613,
                                    "Actual Total Time": 94.614,
                                    "Actual Rows": 1,
                                    "Actual Loops": 1
                                },
                                {
                                    "Worker Number": 5,
                                    "Actual Startup Time": 95.282,
                                    "Actual Total Time": 95.284,
                                    "Actual Rows": 1,
                                    "Actual Loops": 1
                                }
                            ],
                            "Plans": [
                                {
                                    "Node Type": "Bitmap Heap Scan",
                                    "Parent Relationship": "Outer",
                                    "Parallel Aware": true,
                                    "Relation Name": "cast_info",
                                    "Schema": "public",
                                    "Alias": "ci",
                                    "Startup Cost": 19147.0,
                                    "Total Cost": 274005.74,
                                    "Plan Rows": 122139,
                                    "Plan Width": 0,
                                    "Actual Startup Time": 36.977,
                                    "Actual Total Time": 86.469,
                                    "Actual Rows": 120049,
                                    "Actual Loops": 7,
                                    "Recheck Cond": "(ci.person_id < 93198)",
                                    "Rows Removed by Index Recheck": 0,
                                    "Filter": "(ci.role_id < 9)",
                                    "Rows Removed by Filter": 6807,
                                    "Exact Heap Blocks": 3078,
                                    "Lossy Heap Blocks": 0,
                                    "Workers": [
                                        {
                                            "Worker Number": 0,
                                            "Actual Startup Time": 34.709,
                                            "Actual Total Time": 84.357,
                                            "Actual Rows": 96022,
                                            "Actual Loops": 1
                                        },
                                        {
                                            "Worker Number": 1,
                                            "Actual Startup Time": 35.168,
                                            "Actual Total Time": 84.812,
                                            "Actual Rows": 91152,
                                            "Actual Loops": 1
                                        },
                                        {
                                            "Worker Number": 2,
                                            "Actual Startup Time": 35.18,
                                            "Actual Total Time": 84.911,
                                            "Actual Rows": 91356,
                                            "Actual Loops": 1
                                        },
                                        {
                                            "Worker Number": 3,
                                            "Actual Startup Time": 35.609,
                                            "Actual Total Time": 85.408,
                                            "Actual Rows": 94640,
                                            "Actual Loops": 1
                                        },
                                        {
                                            "Worker Number": 4,
                                            "Actual Startup Time": 35.55,
                                            "Actual Total Time": 85.343,
                                            "Actual Rows": 91005,
                                            "Actual Loops": 1
                                        },
                                        {
                                            "Worker Number": 5,
                                            "Actual Startup Time": 36.181,
                                            "Actual Total Time": 85.765,
                                            "Actual Rows": 93774,
                                            "Actual Loops": 1
                                        }
                                    ],
                                    "Plans": [
                                        {
                                            "Node Type": "Bitmap Index Scan",
                                            "Parent Relationship": "Outer",
                                            "Parallel Aware": false,
                                            "Index Name": "person_id_cast_info",
                                            "Startup Cost": 0.0,
                                            "Total Cost": 18963.79,
                                            "Plan Rows": 868697,
                                            "Plan Width": 0,
                                            "Actual Startup Time": 45.134,
                                            "Actual Total Time": 45.134,
                                            "Actual Rows": 887994,
                                            "Actual Loops": 1,
                                            "Index Cond": "(ci.person_id < 93198)"
                                        }
                                    ]
                                }
                            ]
                        }
                    ]
                }
            ]
        },
        "Planning Time": 201.162,
        "Triggers": [],
        "Execution Time": 111.306
    }
]