{
    "Plan": {
        "Node Type": "Aggregate",
        "Strategy": "Plain",
        "Partial Mode": "Simple",
        "Parallel Aware": false,
        "Startup Cost": 70002758744.64,
        "Total Cost": 70002758744.65,
        "Plan Rows": 1,
        "Plan Width": 8,
        "Actual Startup Time": 26645.992,
        "Actual Total Time": 26662.287,
        "Actual Rows": 1,
        "Actual Loops": 1,
        "Output": [
            "count(*)"
        ],
        "Plans": [
            {
                "Node Type": "Merge Join",
                "Parent Relationship": "Outer",
                "Parallel Aware": false,
                "Join Type": "Inner",
                "Startup Cost": 70002758744.61,
                "Total Cost": 70002758744.64,
                "Plan Rows": 1,
                "Plan Width": 0,
                "Actual Startup Time": 26645.971,
                "Actual Total Time": 26662.269,
                "Actual Rows": 15,
                "Actual Loops": 1,
                "Inner Unique": false,
                "Merge Cond": "(mi.info_type_id = it.id)",
                "Plans": [
                    {
                        "Node Type": "Sort",
                        "Parent Relationship": "Outer",
                        "Parallel Aware": false,
                        "Startup Cost": 60002758742.19,
                        "Total Cost": 60002758742.2,
                        "Plan Rows": 1,
                        "Plan Width": 4,
                        "Actual Startup Time": 26645.927,
                        "Actual Total Time": 26662.22,
                        "Actual Rows": 15,
                        "Actual Loops": 1,
                        "Output": [
                            "mi.info_type_id"
                        ],
                        "Sort Key": [
                            "mi.info_type_id"
                        ],
                        "Sort Method": "quicksort",
                        "Sort Space Used": 25,
                        "Sort Space Type": "Memory",
                        "Plans": [
                            {
                                "Node Type": "Nested Loop",
                                "Parent Relationship": "Outer",
                                "Parallel Aware": false,
                                "Join Type": "Inner",
                                "Startup Cost": 60002753925.97,
                                "Total Cost": 60002758742.18,
                                "Plan Rows": 1,
                                "Plan Width": 4,
                                "Actual Startup Time": 26609.676,
                                "Actual Total Time": 26662.208,
                                "Actual Rows": 15,
                                "Actual Loops": 1,
                                "Output": [
                                    "mi.info_type_id"
                                ],
                                "Inner Unique": true,
                                "Plans": [
                                    {
                                        "Node Type": "Nested Loop",
                                        "Parent Relationship": "Outer",
                                        "Parallel Aware": false,
                                        "Join Type": "Inner",
                                        "Startup Cost": 60002753925.55,
                                        "Total Cost": 60002758741.74,
                                        "Plan Rows": 1,
                                        "Plan Width": 8,
                                        "Actual Startup Time": 26609.618,
                                        "Actual Total Time": 26661.926,
                                        "Actual Rows": 66,
                                        "Actual Loops": 1,
                                        "Output": [
                                            "mc.company_id",
                                            "mi.info_type_id"
                                        ],
                                        "Inner Unique": true,
                                        "Plans": [
                                            {
                                                "Node Type": "Hash Join",
                                                "Parent Relationship": "Outer",
                                                "Parallel Aware": false,
                                                "Join Type": "Inner",
                                                "Startup Cost": 50002753925.05,
                                                "Total Cost": 50002758733.21,
                                                "Plan Rows": 1,
                                                "Plan Width": 12,
                                                "Actual Startup Time": 26609.555,
                                                "Actual Total Time": 26661.547,
                                                "Actual Rows": 66,
                                                "Actual Loops": 1,
                                                "Output": [
                                                    "ci.person_role_id",
                                                    "mc.company_id",
                                                    "mi.info_type_id"
                                                ],
                                                "Inner Unique": false,
                                                "Hash Cond": "(n.id = ci.person_id)",
                                                "Plans": [
                                                    {
                                                        "Node Type": "Merge Join",
                                                        "Parent Relationship": "Outer",
                                                        "Parallel Aware": false,
                                                        "Join Type": "Inner",
                                                        "Startup Cost": 20000230560.86,
                                                        "Total Cost": 20000235338.35,
                                                        "Plan Rows": 8177,
                                                        "Plan Width": 8,
                                                        "Actual Startup Time": 850.0,
                                                        "Actual Total Time": 886.557,
                                                        "Actual Rows": 10525,
                                                        "Actual Loops": 1,
                                                        "Output": [
                                                            "an.person_id",
                                                            "n.id"
                                                        ],
                                                        "Inner Unique": false,
                                                        "Merge Cond": "(n.id = an.person_id)",
                                                        "Plans": [
                                                            {
                                                                "Node Type": "Sort",
                                                                "Parent Relationship": "Outer",
                                                                "Parallel Aware": false,
                                                                "Startup Cost": 10000121000.85,
                                                                "Total Cost": 10000121095.37,
                                                                "Plan Rows": 37808,
                                                                "Plan Width": 4,
                                                                "Actual Startup Time": 538.402,
                                                                "Actual Total Time": 541.761,
                                                                "Actual Rows": 50011,
                                                                "Actual Loops": 1,
                                                                "Output": [
                                                                    "n.id"
                                                                ],
                                                                "Sort Key": [
                                                                    "n.id"
                                                                ],
                                                                "Sort Method": "quicksort",
                                                                "Sort Space Used": 3881,
                                                                "Sort Space Type": "Memory",
                                                                "Plans": [
                                                                    {
                                                                        "Node Type": "Seq Scan",
                                                                        "Parent Relationship": "Outer",
                                                                        "Parallel Aware": false,
                                                                        "Relation Name": "name",
                                                                        "Schema": "public",
                                                                        "Alias": "n",
                                                                        "Startup Cost": 10000000000.0,
                                                                        "Total Cost": 10000118126.24,
                                                                        "Plan Rows": 37808,
                                                                        "Plan Width": 4,
                                                                        "Actual Startup Time": 223.577,
                                                                        "Actual Total Time": 529.593,
                                                                        "Actual Rows": 50011,
                                                                        "Actual Loops": 1,
                                                                        "Output": [
                                                                            "n.id"
                                                                        ],
                                                                        "Filter": "((n.name ~~ '%An%'::text) AND ((n.gender)::text = 'f'::text))",
                                                                        "Rows Removed by Filter": 4117480
                                                                    }
                                                                ]
                                                            },
                                                            {
                                                                "Node Type": "Sort",
                                                                "Parent Relationship": "Inner",
                                                                "Parallel Aware": false,
                                                                "Startup Cost": 10000109559.99,
                                                                "Total Cost": 10000111813.35,
                                                                "Plan Rows": 901343,
                                                                "Plan Width": 4,
                                                                "Actual Startup Time": 277.361,
                                                                "Actual Total Time": 310.897,
                                                                "Actual Rows": 578866,
                                                                "Actual Loops": 1,
                                                                "Output": [
                                                                    "an.person_id"
                                                                ],
                                                                "Sort Key": [
                                                                    "an.person_id"
                                                                ],
                                                                "Sort Method": "quicksort",
                                                                "Sort Space Used": 66827,
                                                                "Sort Space Type": "Memory",
                                                                "Plans": [
                                                                    {
                                                                        "Node Type": "Seq Scan",
                                                                        "Parent Relationship": "Outer",
                                                                        "Parallel Aware": false,
                                                                        "Relation Name": "aka_name",
                                                                        "Schema": "public",
                                                                        "Alias": "an",
                                                                        "Startup Cost": 10000000000.0,
                                                                        "Total Cost": 10000020409.43,
                                                                        "Plan Rows": 901343,
                                                                        "Plan Width": 4,
                                                                        "Actual Startup Time": 0.021,
                                                                        "Actual Total Time": 95.179,
                                                                        "Actual Rows": 901343,
                                                                        "Actual Loops": 1,
                                                                        "Output": [
                                                                            "an.person_id"
                                                                        ]
                                                                    }
                                                                ]
                                                            }
                                                        ]
                                                    },
                                                    {
                                                        "Node Type": "Hash",
                                                        "Parent Relationship": "Inner",
                                                        "Parallel Aware": false,
                                                        "Startup Cost": 30002523364.18,
                                                        "Total Cost": 30002523364.18,
                                                        "Plan Rows": 1,
                                                        "Plan Width": 20,
                                                        "Actual Startup Time": 25758.056,
                                                        "Actual Total Time": 25774.337,
                                                        "Actual Rows": 88,
                                                        "Actual Loops": 1,
                                                        "Output": [
                                                            "ci.person_id",
                                                            "ci.person_role_id",
                                                            "mc.company_id",
                                                            "mi.info_type_id",
                                                            "pi.person_id"
                                                        ],
                                                        "Hash Buckets": 1024,
                                                        "Original Hash Buckets": 1024,
                                                        "Hash Batches": 1,
                                                        "Original Hash Batches": 1,
                                                        "Peak Memory Usage": 13,
                                                        "Plans": [
                                                            {
                                                                "Node Type": "Merge Join",
                                                                "Parent Relationship": "Outer",
                                                                "Parallel Aware": false,
                                                                "Join Type": "Inner",
                                                                "Startup Cost": 30002523364.15,
                                                                "Total Cost": 30002523364.18,
                                                                "Plan Rows": 1,
                                                                "Plan Width": 20,
                                                                "Actual Startup Time": 25758.01,
                                                                "Actual Total Time": 25774.316,
                                                                "Actual Rows": 88,
                                                                "Actual Loops": 1,
                                                                "Output": [
                                                                    "ci.person_id",
                                                                    "ci.person_role_id",
                                                                    "mc.company_id",
                                                                    "mi.info_type_id",
                                                                    "pi.person_id"
                                                                ],
                                                                "Inner Unique": false,
                                                                "Merge Cond": "(mc.movie_id = t.id)",
                                                                "Plans": [
                                                                    {
                                                                        "Node Type": "Sort",
                                                                        "Parent Relationship": "Outer",
                                                                        "Parallel Aware": false,
                                                                        "Startup Cost": 30002245738.8,
                                                                        "Total Cost": 30002245738.8,
                                                                        "Plan Rows": 1,
                                                                        "Plan Width": 32,
                                                                        "Actual Startup Time": 25005.917,
                                                                        "Actual Total Time": 25006.276,
                                                                        "Actual Rows": 1791,
                                                                        "Actual Loops": 1,
                                                                        "Output": [
                                                                            "cc.movie_id",
                                                                            "ci.movie_id",
                                                                            "ci.person_id",
                                                                            "ci.person_role_id",
                                                                            "mc.movie_id",
                                                                            "mc.company_id",
                                                                            "mk.movie_id",
                                                                            "pi.person_id"
                                                                        ],
                                                                        "Sort Key": [
                                                                            "cc.movie_id"
                                                                        ],
                                                                        "Sort Method": "quicksort",
                                                                        "Sort Space Used": 285,
                                                                        "Sort Space Type": "Memory",
                                                                        "Plans": [
                                                                            {
                                                                                "Node Type": "Nested Loop",
                                                                                "Parent Relationship": "Outer",
                                                                                "Parallel Aware": false,
                                                                                "Join Type": "Inner",
                                                                                "Startup Cost": 30002245718.57,
                                                                                "Total Cost": 30002245738.79,
                                                                                "Plan Rows": 1,
                                                                                "Plan Width": 32,
                                                                                "Actual Startup Time": 24965.128,
                                                                                "Actual Total Time": 25005.247,
                                                                                "Actual Rows": 2410,
                                                                                "Actual Loops": 1,
                                                                                "Output": [
                                                                                    "cc.movie_id",
                                                                                    "ci.movie_id",
                                                                                    "ci.person_id",
                                                                                    "ci.person_role_id",
                                                                                    "mc.movie_id",
                                                                                    "mc.company_id",
                                                                                    "mk.movie_id",
                                                                                    "pi.person_id"
                                                                                ],
                                                                                "Inner Unique": true,
                                                                                "Plans": [
                                                                                    {
                                                                                        "Node Type": "Hash Join",
                                                                                        "Parent Relationship": "Outer",
                                                                                        "Parallel Aware": false,
                                                                                        "Join Type": "Inner",
                                                                                        "Startup Cost": 20002245718.43,
                                                                                        "Total Cost": 20002245730.62,
                                                                                        "Plan Rows": 1,
                                                                                        "Plan Width": 36,
                                                                                        "Actual Startup Time": 24965.08,
                                                                                        "Actual Total Time": 24972.838,
                                                                                        "Actual Rows": 9212,
                                                                                        "Actual Loops": 1,
                                                                                        "Output": [
                                                                                            "cc.movie_id",
                                                                                            "ci.movie_id",
                                                                                            "ci.person_id",
                                                                                            "ci.role_id",
                                                                                            "ci.person_role_id",
                                                                                            "mc.movie_id",
                                                                                            "mc.company_id",
                                                                                            "mk.movie_id",
                                                                                            "pi.person_id"
                                                                                        ],
                                                                                        "Inner Unique": false,
                                                                                        "Hash Cond": "(ci.person_id = pi.person_id)",
                                                                                        "Plans": [
                                                                                            {
                                                                                                "Node Type": "Hash Join",
                                                                                                "Parent Relationship": "Outer",
                                                                                                "Parallel Aware": false,
                                                                                                "Join Type": "Inner",
                                                                                                "Startup Cost": 20002038299.68,
                                                                                                "Total Cost": 20002038311.78,
                                                                                                "Plan Rows": 1,
                                                                                                "Plan Width": 32,
                                                                                                "Actual Startup Time": 19768.888,
                                                                                                "Actual Total Time": 19771.711,
                                                                                                "Actual Rows": 18419,
                                                                                                "Actual Loops": 1,
                                                                                                "Output": [
                                                                                                    "cc.movie_id",
                                                                                                    "ci.movie_id",
                                                                                                    "ci.person_id",
                                                                                                    "ci.role_id",
                                                                                                    "ci.person_role_id",
                                                                                                    "mc.movie_id",
                                                                                                    "mc.company_id",
                                                                                                    "mk.movie_id"
                                                                                                ],
                                                                                                "Inner Unique": false,
                                                                                                "Hash Cond": "(cct1.id = cc.subject_id)",
                                                                                                "Plans": [
                                                                                                    {
                                                                                                        "Node Type": "Index Scan",
                                                                                                        "Parent Relationship": "Outer",
                                                                                                        "Parallel Aware": false,
                                                                                                        "Scan Direction": "Forward",
                                                                                                        "Index Name": "comp_cast_type_pkey",
                                                                                                        "Relation Name": "comp_cast_type",
                                                                                                        "Schema": "public",
                                                                                                        "Alias": "cct1",
                                                                                                        "Startup Cost": 10000000000.13,
                                                                                                        "Total Cost": 10000000012.2,
                                                                                                        "Plan Rows": 1,
                                                                                                        "Plan Width": 4,
                                                                                                        "Actual Startup Time": 0.026,
                                                                                                        "Actual Total Time": 0.031,
                                                                                                        "Actual Rows": 1,
                                                                                                        "Actual Loops": 1,
                                                                                                        "Output": [
                                                                                                            "cct1.id",
                                                                                                            "cct1.kind"
                                                                                                        ],
                                                                                                        "Filter": "((cct1.kind)::text = 'cast'::text)",
                                                                                                        "Rows Removed by Filter": 3
                                                                                                    },
                                                                                                    {
                                                                                                        "Node Type": "Hash",
                                                                                                        "Parent Relationship": "Inner",
                                                                                                        "Parallel Aware": false,
                                                                                                        "Startup Cost": 10002038299.47,
                                                                                                        "Total Cost": 10002038299.47,
                                                                                                        "Plan Rows": 6,
                                                                                                        "Plan Width": 36,
                                                                                                        "Actual Startup Time": 19768.814,
                                                                                                        "Actual Total Time": 19769.007,
                                                                                                        "Actual Rows": 19064,
                                                                                                        "Actual Loops": 1,
                                                                                                        "Output": [
                                                                                                            "cc.movie_id",
                                                                                                            "cc.subject_id",
                                                                                                            "ci.movie_id",
                                                                                                            "ci.person_id",
                                                                                                            "ci.role_id",
                                                                                                            "ci.person_role_id",
                                                                                                            "mc.movie_id",
                                                                                                            "mc.company_id",
                                                                                                            "mk.movie_id"
                                                                                                        ],
                                                                                                        "Hash Buckets": 32768,
                                                                                                        "Original Hash Buckets": 1024,
                                                                                                        "Hash Batches": 1,
                                                                                                        "Original Hash Batches": 1,
                                                                                                        "Peak Memory Usage": 1538,
                                                                                                        "Plans": [
                                                                                                            {
                                                                                                                "Node Type": "Merge Join",
                                                                                                                "Parent Relationship": "Outer",
                                                                                                                "Parallel Aware": false,
                                                                                                                "Join Type": "Inner",
                                                                                                                "Startup Cost": 10002038287.23,
                                                                                                                "Total Cost": 10002038299.47,
                                                                                                                "Plan Rows": 6,
                                                                                                                "Plan Width": 36,
                                                                                                                "Actual Startup Time": 19762.443,
                                                                                                                "Actual Total Time": 19766.057,
                                                                                                                "Actual Rows": 19064,
                                                                                                                "Actual Loops": 1,
                                                                                                                "Output": [
                                                                                                                    "cc.movie_id",
                                                                                                                    "cc.subject_id",
                                                                                                                    "ci.movie_id",
                                                                                                                    "ci.person_id",
                                                                                                                    "ci.role_id",
                                                                                                                    "ci.person_role_id",
                                                                                                                    "mc.movie_id",
                                                                                                                    "mc.company_id",
                                                                                                                    "mk.movie_id"
                                                                                                                ],
                                                                                                                "Inner Unique": true,
                                                                                                                "Merge Cond": "(cc.status_id = cct2.id)",
                                                                                                                "Plans": [
                                                                                                                    {
                                                                                                                        "Node Type": "Sort",
                                                                                                                        "Parent Relationship": "Outer",
                                                                                                                        "Parallel Aware": false,
                                                                                                                        "Startup Cost": 10002038287.1,
                                                                                                                        "Total Cost": 10002038287.16,
                                                                                                                        "Plan Rows": 22,
                                                                                                                        "Plan Width": 40,
                                                                                                                        "Actual Startup Time": 19758.764,
                                                                                                                        "Actual Total Time": 19761.156,
                                                                                                                        "Actual Rows": 59783,
                                                                                                                        "Actual Loops": 1,
                                                                                                                        "Output": [
                                                                                                                            "cc.movie_id",
                                                                                                                            "cc.subject_id",
                                                                                                                            "cc.status_id",
                                                                                                                            "ci.movie_id",
                                                                                                                            "ci.person_id",
                                                                                                                            "ci.role_id",
                                                                                                                            "ci.person_role_id",
                                                                                                                            "mc.movie_id",
                                                                                                                            "mc.company_id",
                                                                                                                            "mk.movie_id"
                                                                                                                        ],
                                                                                                                        "Sort Key": [
                                                                                                                            "cc.status_id"
                                                                                                                        ],
                                                                                                                        "Sort Method": "quicksort",
                                                                                                                        "Sort Space Used": 6207,
                                                                                                                        "Sort Space Type": "Memory",
                                                                                                                        "Plans": [
                                                                                                                            {
                                                                                                                                "Node Type": "Merge Join",
                                                                                                                                "Parent Relationship": "Outer",
                                                                                                                                "Parallel Aware": false,
                                                                                                                                "Join Type": "Inner",
                                                                                                                                "Startup Cost": 10002023490.06,
                                                                                                                                "Total Cost": 10002038286.61,
                                                                                                                                "Plan Rows": 22,
                                                                                                                                "Plan Width": 40,
                                                                                                                                "Actual Startup Time": 19733.985,
                                                                                                                                "Actual Total Time": 19749.605,
                                                                                                                                "Actual Rows": 59783,
                                                                                                                                "Actual Loops": 1,
                                                                                                                                "Output": [
                                                                                                                                    "cc.movie_id",
                                                                                                                                    "cc.subject_id",
                                                                                                                                    "cc.status_id",
                                                                                                                                    "ci.movie_id",
                                                                                                                                    "ci.person_id",
                                                                                                                                    "ci.role_id",
                                                                                                                                    "ci.person_role_id",
                                                                                                                                    "mc.movie_id",
                                                                                                                                    "mc.company_id",
                                                                                                                                    "mk.movie_id"
                                                                                                                                ],
                                                                                                                                "Inner Unique": false,
                                                                                                                                "Merge Cond": "(mk.keyword_id = k.id)",
                                                                                                                                "Plans": [
                                                                                                                                    {
                                                                                                                                        "Node Type": "Sort",
                                                                                                                                        "Parent Relationship": "Outer",
                                                                                                                                        "Parallel Aware": false,
                                                                                                                                        "Startup Cost": 2020863.92,
                                                                                                                                        "Total Cost": 2028262.03,
                                                                                                                                        "Plan Rows": 2959244,
                                                                                                                                        "Plan Width": 44,
                                                                                                                                        "Actual Startup Time": 16742.562,
                                                                                                                                        "Actual Total Time": 18389.104,
                                                                                                                                        "Actual Rows": 13517769,
                                                                                                                                        "Actual Loops": 1,
                                                                                                                                        "Output": [
                                                                                                                                            "cc.movie_id",
                                                                                                                                            "cc.subject_id",
                                                                                                                                            "cc.status_id",
                                                                                                                                            "ci.movie_id",
                                                                                                                                            "ci.person_id",
                                                                                                                                            "ci.role_id",
                                                                                                                                            "ci.person_role_id",
                                                                                                                                            "mc.movie_id",
                                                                                                                                            "mc.company_id",
                                                                                                                                            "mk.movie_id",
                                                                                                                                            "mk.keyword_id"
                                                                                                                                        ],
                                                                                                                                        "Sort Key": [
                                                                                                                                            "mk.keyword_id"
                                                                                                                                        ],
                                                                                                                                        "Sort Method": "quicksort",
                                                                                                                                        "Sort Space Used": 2816644,
                                                                                                                                        "Sort Space Type": "Memory",
                                                                                                                                        "Plans": [
                                                                                                                                            {
                                                                                                                                                "Node Type": "Merge Join",
                                                                                                                                                "Parent Relationship": "Outer",
                                                                                                                                                "Parallel Aware": false,
                                                                                                                                                "Join Type": "Inner",
                                                                                                                                                "Startup Cost": 1486374.54,
                                                                                                                                                "Total Cost": 1702792.58,
                                                                                                                                                "Plan Rows": 2959244,
                                                                                                                                                "Plan Width": 44,
                                                                                                                                                "Actual Startup Time": 3479.511,
                                                                                                                                                "Actual Total Time": 10156.752,
                                                                                                                                                "Actual Rows": 25986712,
                                                                                                                                                "Actual Loops": 1,
                                                                                                                                                "Output": [
                                                                                                                                                    "cc.movie_id",
                                                                                                                                                    "cc.subject_id",
                                                                                                                                                    "cc.status_id",
                                                                                                                                                    "ci.movie_id",
                                                                                                                                                    "ci.person_id",
                                                                                                                                                    "ci.role_id",
                                                                                                                                                    "ci.person_role_id",
                                                                                                                                                    "mc.movie_id",
                                                                                                                                                    "mc.company_id",
                                                                                                                                                    "mk.movie_id",
                                                                                                                                                    "mk.keyword_id"
                                                                                                                                                ],
                                                                                                                                                "Inner Unique": false,
                                                                                                                                                "Merge Cond": "(mc.movie_id = ci.movie_id)",
                                                                                                                                                "Plans": [
                                                                                                                                                    {
                                                                                                                                                        "Node Type": "Index Scan",
                                                                                                                                                        "Parent Relationship": "Outer",
                                                                                                                                                        "Parallel Aware": false,
                                                                                                                                                        "Scan Direction": "Forward",
                                                                                                                                                        "Index Name": "movie_id_movie_companies",
                                                                                                                                                        "Relation Name": "movie_companies",
                                                                                                                                                        "Schema": "public",
                                                                                                                                                        "Alias": "mc",
                                                                                                                                                        "Startup Cost": 0.43,
                                                                                                                                                        "Total Cost": 140849.93,
                                                                                                                                                        "Plan Rows": 2609129,
                                                                                                                                                        "Plan Width": 8,
                                                                                                                                                        "Actual Startup Time": 0.025,
                                                                                                                                                        "Actual Total Time": 709.897,
                                                                                                                                                        "Actual Rows": 2607896,
                                                                                                                                                        "Actual Loops": 1,
                                                                                                                                                        "Output": [
                                                                                                                                                            "mc.id",
                                                                                                                                                            "mc.movie_id",
                                                                                                                                                            "mc.company_id",
                                                                                                                                                            "mc.company_type_id",
                                                                                                                                                            "mc.note"
                                                                                                                                                        ]
                                                                                                                                                    },
                                                                                                                                                    {
                                                                                                                                                        "Node Type": "Materialize",
                                                                                                                                                        "Parent Relationship": "Inner",
                                                                                                                                                        "Parallel Aware": false,
                                                                                                                                                        "Startup Cost": 1486367.33,
                                                                                                                                                        "Total Cost": 1534029.23,
                                                                                                                                                        "Plan Rows": 548992,
                                                                                                                                                        "Plan Width": 36,
                                                                                                                                                        "Actual Startup Time": 3475.285,
                                                                                                                                                        "Actual Total Time": 5700.708,
                                                                                                                                                        "Actual Rows": 26004061,
                                                                                                                                                        "Actual Loops": 1,
                                                                                                                                                        "Output": [
                                                                                                                                                            "cc.movie_id",
                                                                                                                                                            "cc.subject_id",
                                                                                                                                                            "cc.status_id",
                                                                                                                                                            "ci.movie_id",
                                                                                                                                                            "ci.person_id",
                                                                                                                                                            "ci.role_id",
                                                                                                                                                            "ci.person_role_id",
                                                                                                                                                            "mk.movie_id",
                                                                                                                                                            "mk.keyword_id"
                                                                                                                                                        ],
                                                                                                                                                        "Plans": [
                                                                                                                                                            {
                                                                                                                                                                "Node Type": "Merge Join",
                                                                                                                                                                "Parent Relationship": "Outer",
                                                                                                                                                                "Parallel Aware": false,
                                                                                                                                                                "Join Type": "Inner",
                                                                                                                                                                "Startup Cost": 1486367.33,
                                                                                                                                                                "Total Cost": 1532656.75,
                                                                                                                                                                "Plan Rows": 548992,
                                                                                                                                                                "Plan Width": 36,
                                                                                                                                                                "Actual Startup Time": 3475.28,
                                                                                                                                                                "Actual Total Time": 4291.084,
                                                                                                                                                                "Actual Rows": 1475280,
                                                                                                                                                                "Actual Loops": 1,
                                                                                                                                                                "Output": [
                                                                                                                                                                    "cc.movie_id",
                                                                                                                                                                    "cc.subject_id",
                                                                                                                                                                    "cc.status_id",
                                                                                                                                                                    "ci.movie_id",
                                                                                                                                                                    "ci.person_id",
                                                                                                                                                                    "ci.role_id",
                                                                                                                                                                    "ci.person_role_id",
                                                                                                                                                                    "mk.movie_id",
                                                                                                                                                                    "mk.keyword_id"
                                                                                                                                                                ],
                                                                                                                                                                "Inner Unique": false,
                                                                                                                                                                "Merge Cond": "(mk.movie_id = ci.movie_id)",
                                                                                                                                                                "Plans": [
                                                                                                                                                                    {
                                                                                                                                                                        "Node Type": "Sort",
                                                                                                                                                                        "Parent Relationship": "Outer",
                                                                                                                                                                        "Parallel Aware": false,
                                                                                                                                                                        "Startup Cost": 569794.43,
                                                                                                                                                                        "Total Cost": 581104.25,
                                                                                                                                                                        "Plan Rows": 4523930,
                                                                                                                                                                        "Plan Width": 8,
                                                                                                                                                                        "Actual Startup Time": 1784.731,
                                                                                                                                                                        "Actual Total Time": 1993.526,
                                                                                                                                                                        "Actual Rows": 4522893,
                                                                                                                                                                        "Actual Loops": 1,
                                                                                                                                                                        "Output": [
                                                                                                                                                                            "mk.movie_id",
                                                                                                                                                                            "mk.keyword_id"
                                                                                                                                                                        ],
                                                                                                                                                                        "Sort Key": [
                                                                                                                                                                            "mk.movie_id"
                                                                                                                                                                        ],
                                                                                                                                                                        "Sort Method": "quicksort",
                                                                                                                                                                        "Sort Space Used": 408668,
                                                                                                                                                                        "Sort Space Type": "Memory",
                                                                                                                                                                        "Plans": [
                                                                                                                                                                            {
                                                                                                                                                                                "Node Type": "Seq Scan",
                                                                                                                                                                                "Parent Relationship": "Outer",
                                                                                                                                                                                "Parallel Aware": false,
                                                                                                                                                                                "Relation Name": "movie_keyword",
                                                                                                                                                                                "Schema": "public",
                                                                                                                                                                                "Alias": "mk",
                                                                                                                                                                                "Startup Cost": 0.0,
                                                                                                                                                                                "Total Cost": 69693.3,
                                                                                                                                                                                "Plan Rows": 4523930,
                                                                                                                                                                                "Plan Width": 8,
                                                                                                                                                                                "Actual Startup Time": 0.025,
                                                                                                                                                                                "Actual Total Time": 652.414,
                                                                                                                                                                                "Actual Rows": 4523930,
                                                                                                                                                                                "Actual Loops": 1,
                                                                                                                                                                                "Output": [
                                                                                                                                                                                    "mk.movie_id",
                                                                                                                                                                                    "mk.keyword_id"
                                                                                                                                                                                ]
                                                                                                                                                                            }
                                                                                                                                                                        ]
                                                                                                                                                                    },
                                                                                                                                                                    {
                                                                                                                                                                        "Node Type": "Materialize",
                                                                                                                                                                        "Parent Relationship": "Inner",
                                                                                                                                                                        "Parallel Aware": false,
                                                                                                                                                                        "Startup Cost": 916568.94,
                                                                                                                                                                        "Total Cost": 932296.34,
                                                                                                                                                                        "Plan Rows": 114517,
                                                                                                                                                                        "Plan Width": 28,
                                                                                                                                                                        "Actual Startup Time": 1690.462,
                                                                                                                                                                        "Actual Total Time": 1830.671,
                                                                                                                                                                        "Actual Rows": 1501714,
                                                                                                                                                                        "Actual Loops": 1,
                                                                                                                                                                        "Output": [
                                                                                                                                                                            "cc.movie_id",
                                                                                                                                                                            "cc.subject_id",
                                                                                                                                                                            "cc.status_id",
                                                                                                                                                                            "ci.movie_id",
                                                                                                                                                                            "ci.person_id",
                                                                                                                                                                            "ci.role_id",
                                                                                                                                                                            "ci.person_role_id"
                                                                                                                                                                        ],
                                                                                                                                                                        "Plans": [
                                                                                                                                                                            {
                                                                                                                                                                                "Node Type": "Gather Merge",
                                                                                                                                                                                "Parent Relationship": "Outer",
                                                                                                                                                                                "Parallel Aware": false,
                                                                                                                                                                                "Startup Cost": 916568.94,
                                                                                                                                                                                "Total Cost": 932010.05,
                                                                                                                                                                                "Plan Rows": 114517,
                                                                                                                                                                                "Plan Width": 28,
                                                                                                                                                                                "Actual Startup Time": 1690.449,
                                                                                                                                                                                "Actual Total Time": 1765.143,
                                                                                                                                                                                "Actual Rows": 67324,
                                                                                                                                                                                "Actual Loops": 1,
                                                                                                                                                                                "Output": [
                                                                                                                                                                                    "cc.movie_id",
                                                                                                                                                                                    "cc.subject_id",
                                                                                                                                                                                    "cc.status_id",
                                                                                                                                                                                    "ci.movie_id",
                                                                                                                                                                                    "ci.person_id",
                                                                                                                                                                                    "ci.role_id",
                                                                                                                                                                                    "ci.person_role_id"
                                                                                                                                                                                ],
                                                                                                                                                                                "Workers Planned": 6,
                                                                                                                                                                                "Workers Launched": 6,
                                                                                                                                                                                "Plans": [
                                                                                                                                                                                    {
                                                                                                                                                                                        "Node Type": "Merge Join",
                                                                                                                                                                                        "Parent Relationship": "Outer",
                                                                                                                                                                                        "Parallel Aware": false,
                                                                                                                                                                                        "Join Type": "Inner",
                                                                                                                                                                                        "Startup Cost": 915568.84,
                                                                                                                                                                                        "Total Cost": 917091.92,
                                                                                                                                                                                        "Plan Rows": 19086,
                                                                                                                                                                                        "Plan Width": 28,
                                                                                                                                                                                        "Actual Startup Time": 1673.154,
                                                                                                                                                                                        "Actual Total Time": 1764.262,
                                                                                                                                                                                        "Actual Rows": 9618,
                                                                                                                                                                                        "Actual Loops": 7,
                                                                                                                                                                                        "Output": [
                                                                                                                                                                                            "cc.movie_id",
                                                                                                                                                                                            "cc.subject_id",
                                                                                                                                                                                            "cc.status_id",
                                                                                                                                                                                            "ci.movie_id",
                                                                                                                                                                                            "ci.person_id",
                                                                                                                                                                                            "ci.role_id",
                                                                                                                                                                                            "ci.person_role_id"
                                                                                                                                                                                        ],
                                                                                                                                                                                        "Inner Unique": false,
                                                                                                                                                                                        "Merge Cond": "(ci.movie_id = cc.movie_id)",
                                                                                                                                                                                        "Workers": [
                                                                                                                                                                                            {
                                                                                                                                                                                                "Worker Number": 0,
                                                                                                                                                                                                "Actual Startup Time": 1676.365,
                                                                                                                                                                                                "Actual Total Time": 1768.969,
                                                                                                                                                                                                "Actual Rows": 9943,
                                                                                                                                                                                                "Actual Loops": 1
                                                                                                                                                                                            },
                                                                                                                                                                                            {
                                                                                                                                                                                                "Worker Number": 1,
                                                                                                                                                                                                "Actual Startup Time": 1676.335,
                                                                                                                                                                                                "Actual Total Time": 1774.783,
                                                                                                                                                                                                "Actual Rows": 9179,
                                                                                                                                                                                                "Actual Loops": 1
                                                                                                                                                                                            },
                                                                                                                                                                                            {
                                                                                                                                                                                                "Worker Number": 2,
                                                                                                                                                                                                "Actual Startup Time": 1677.308,
                                                                                                                                                                                                "Actual Total Time": 1775.276,
                                                                                                                                                                                                "Actual Rows": 9247,
                                                                                                                                                                                                "Actual Loops": 1
                                                                                                                                                                                            },
                                                                                                                                                                                            {
                                                                                                                                                                                                "Worker Number": 3,
                                                                                                                                                                                                "Actual Startup Time": 1676.094,
                                                                                                                                                                                                "Actual Total Time": 1775.465,
                                                                                                                                                                                                "Actual Rows": 9668,
                                                                                                                                                                                                "Actual Loops": 1
                                                                                                                                                                                            },
                                                                                                                                                                                            {
                                                                                                                                                                                                "Worker Number": 4,
                                                                                                                                                                                                "Actual Startup Time": 1677.247,
                                                                                                                                                                                                "Actual Total Time": 1773.925,
                                                                                                                                                                                                "Actual Rows": 8112,
                                                                                                                                                                                                "Actual Loops": 1
                                                                                                                                                                                            },
                                                                                                                                                                                            {
                                                                                                                                                                                                "Worker Number": 5,
                                                                                                                                                                                                "Actual Startup Time": 1648.744,
                                                                                                                                                                                                "Actual Total Time": 1744.039,
                                                                                                                                                                                                "Actual Rows": 9363,
                                                                                                                                                                                                "Actual Loops": 1
                                                                                                                                                                                            }
                                                                                                                                                                                        ],
                                                                                                                                                                                        "Plans": [
                                                                                                                                                                                            {
                                                                                                                                                                                                "Node Type": "Sort",
                                                                                                                                                                                                "Parent Relationship": "Outer",
                                                                                                                                                                                                "Parallel Aware": false,
                                                                                                                                                                                                "Startup Cost": 901975.2,
                                                                                                                                                                                                "Total Cost": 902308.53,
                                                                                                                                                                                                "Plan Rows": 133330,
                                                                                                                                                                                                "Plan Width": 16,
                                                                                                                                                                                                "Actual Startup Time": 1609.688,
                                                                                                                                                                                                "Actual Total Time": 1632.29,
                                                                                                                                                                                                "Actual Rows": 119529,
                                                                                                                                                                                                "Actual Loops": 7,
                                                                                                                                                                                                "Output": [
                                                                                                                                                                                                    "ci.movie_id",
                                                                                                                                                                                                    "ci.person_id",
                                                                                                                                                                                                    "ci.role_id",
                                                                                                                                                                                                    "ci.person_role_id"
                                                                                                                                                                                                ],
                                                                                                                                                                                                "Sort Key": [
                                                                                                                                                                                                    "ci.movie_id"
                                                                                                                                                                                                ],
                                                                                                                                                                                                "Sort Method": "quicksort",
                                                                                                                                                                                                "Sort Space Used": 12578,
                                                                                                                                                                                                "Sort Space Type": "Memory",
                                                                                                                                                                                                "Workers": [
                                                                                                                                                                                                    {
                                                                                                                                                                                                        "Worker Number": 0,
                                                                                                                                                                                                        "Actual Startup Time": 1607.178,
                                                                                                                                                                                                        "Actual Total Time": 1628.701,
                                                                                                                                                                                                        "Actual Rows": 110178,
                                                                                                                                                                                                        "Actual Loops": 1
                                                                                                                                                                                                    },
                                                                                                                                                                                                    {
                                                                                                                                                                                                        "Worker Number": 1,
                                                                                                                                                                                                        "Actual Startup Time": 1608.517,
                                                                                                                                                                                                        "Actual Total Time": 1632.105,
                                                                                                                                                                                                        "Actual Rows": 117507,
                                                                                                                                                                                                        "Actual Loops": 1
                                                                                                                                                                                                    },
                                                                                                                                                                                                    {
                                                                                                                                                                                                        "Worker Number": 2,
                                                                                                                                                                                                        "Actual Startup Time": 1607.527,
                                                                                                                                                                                                        "Actual Total Time": 1630.937,
                                                                                                                                                                                                        "Actual Rows": 114143,
                                                                                                                                                                                                        "Actual Loops": 1
                                                                                                                                                                                                    },
                                                                                                                                                                                                    {
                                                                                                                                                                                                        "Worker Number": 3,
                                                                                                                                                                                                        "Actual Startup Time": 1608.594,
                                                                                                                                                                                                        "Actual Total Time": 1632.123,
                                                                                                                                                                                                        "Actual Rows": 118090,
                                                                                                                                                                                                        "Actual Loops": 1
                                                                                                                                                                                                    },
                                                                                                                                                                                                    {
                                                                                                                                                                                                        "Worker Number": 4,
                                                                                                                                                                                                        "Actual Startup Time": 1609.525,
                                                                                                                                                                                                        "Actual Total Time": 1632.459,
                                                                                                                                                                                                        "Actual Rows": 120778,
                                                                                                                                                                                                        "Actual Loops": 1
                                                                                                                                                                                                    },
                                                                                                                                                                                                    {
                                                                                                                                                                                                        "Worker Number": 5,
                                                                                                                                                                                                        "Actual Startup Time": 1603.001,
                                                                                                                                                                                                        "Actual Total Time": 1625.002,
                                                                                                                                                                                                        "Actual Rows": 118765,
                                                                                                                                                                                                        "Actual Loops": 1
                                                                                                                                                                                                    }
                                                                                                                                                                                                ],
                                                                                                                                                                                                "Plans": [
                                                                                                                                                                                                    {
                                                                                                                                                                                                        "Node Type": "Index Scan",
                                                                                                                                                                                                        "Parent Relationship": "Outer",
                                                                                                                                                                                                        "Parallel Aware": true,
                                                                                                                                                                                                        "Scan Direction": "Forward",
                                                                                                                                                                                                        "Index Name": "role_id_cast_info",
                                                                                                                                                                                                        "Relation Name": "cast_info",
                                                                                                                                                                                                        "Schema": "public",
                                                                                                                                                                                                        "Alias": "ci",
                                                                                                                                                                                                        "Startup Cost": 0.56,
                                                                                                                                                                                                        "Total Cost": 890625.72,
                                                                                                                                                                                                        "Plan Rows": 133330,
                                                                                                                                                                                                        "Plan Width": 16,
                                                                                                                                                                                                        "Actual Startup Time": 0.256,
                                                                                                                                                                                                        "Actual Total Time": 1559.829,
                                                                                                                                                                                                        "Actual Rows": 119529,
                                                                                                                                                                                                        "Actual Loops": 7,
                                                                                                                                                                                                        "Output": [
                                                                                                                                                                                                            "ci.movie_id",
                                                                                                                                                                                                            "ci.person_id",
                                                                                                                                                                                                            "ci.role_id",
                                                                                                                                                                                                            "ci.person_role_id"
                                                                                                                                                                                                        ],
                                                                                                                                                                                                        "Filter": "(ci.note = ANY ('{(voice),\"(voice) (uncredited)\",\"(voice: English version)\"}'::text[]))",
                                                                                                                                                                                                        "Rows Removed by Filter": 5058235,
                                                                                                                                                                                                        "Workers": [
                                                                                                                                                                                                            {
                                                                                                                                                                                                                "Worker Number": 0,
                                                                                                                                                                                                                "Actual Startup Time": 0.355,
                                                                                                                                                                                                                "Actual Total Time": 1553.114,
                                                                                                                                                                                                                "Actual Rows": 110178,
                                                                                                                                                                                                                "Actual Loops": 1
                                                                                                                                                                                                            },
                                                                                                                                                                                                            {
                                                                                                                                                                                                                "Worker Number": 1,
                                                                                                                                                                                                                "Actual Startup Time": 0.225,
                                                                                                                                                                                                                "Actual Total Time": 1557.955,
                                                                                                                                                                                                                "Actual Rows": 117507,
                                                                                                                                                                                                                "Actual Loops": 1
                                                                                                                                                                                                            },
                                                                                                                                                                                                            {
                                                                                                                                                                                                                "Worker Number": 2,
                                                                                                                                                                                                                "Actual Startup Time": 0.272,
                                                                                                                                                                                                                "Actual Total Time": 1558.11,
                                                                                                                                                                                                                "Actual Rows": 114143,
                                                                                                                                                                                                                "Actual Loops": 1
                                                                                                                                                                                                            },
                                                                                                                                                                                                            {
                                                                                                                                                                                                                "Worker Number": 3,
                                                                                                                                                                                                                "Actual Startup Time": 0.197,
                                                                                                                                                                                                                "Actual Total Time": 1557.842,
                                                                                                                                                                                                                "Actual Rows": 118090,
                                                                                                                                                                                                                "Actual Loops": 1
                                                                                                                                                                                                            },
                                                                                                                                                                                                            {
                                                                                                                                                                                                                "Worker Number": 4,
                                                                                                                                                                                                                "Actual Startup Time": 0.475,
                                                                                                                                                                                                                "Actual Total Time": 1557.35,
                                                                                                                                                                                                                "Actual Rows": 120778,
                                                                                                                                                                                                                "Actual Loops": 1
                                                                                                                                                                                                            },
                                                                                                                                                                                                            {
                                                                                                                                                                                                                "Worker Number": 5,
                                                                                                                                                                                                                "Actual Startup Time": 0.208,
                                                                                                                                                                                                                "Actual Total Time": 1558.087,
                                                                                                                                                                                                                "Actual Rows": 118765,
                                                                                                                                                                                                                "Actual Loops": 1
                                                                                                                                                                                                            }
                                                                                                                                                                                                        ]
                                                                                                                                                                                                    }
                                                                                                                                                                                                ]
                                                                                                                                                                                            },
                                                                                                                                                                                            {
                                                                                                                                                                                                "Node Type": "Sort",
                                                                                                                                                                                                "Parent Relationship": "Inner",
                                                                                                                                                                                                "Parallel Aware": false,
                                                                                                                                                                                                "Startup Cost": 13593.56,
                                                                                                                                                                                                "Total Cost": 13931.28,
                                                                                                                                                                                                "Plan Rows": 135086,
                                                                                                                                                                                                "Plan Width": 12,
                                                                                                                                                                                                "Actual Startup Time": 63.385,
                                                                                                                                                                                                "Actual Total Time": 82.11,
                                                                                                                                                                                                "Actual Rows": 137202,
                                                                                                                                                                                                "Actual Loops": 7,
                                                                                                                                                                                                "Output": [
                                                                                                                                                                                                    "cc.movie_id",
                                                                                                                                                                                                    "cc.subject_id",
                                                                                                                                                                                                    "cc.status_id"
                                                                                                                                                                                                ],
                                                                                                                                                                                                "Sort Key": [
                                                                                                                                                                                                    "cc.movie_id"
                                                                                                                                                                                                ],
                                                                                                                                                                                                "Sort Method": "quicksort",
                                                                                                                                                                                                "Sort Space Used": 12477,
                                                                                                                                                                                                "Sort Space Type": "Memory",
                                                                                                                                                                                                "Workers": [
                                                                                                                                                                                                    {
                                                                                                                                                                                                        "Worker Number": 0,
                                                                                                                                                                                                        "Actual Startup Time": 69.166,
                                                                                                                                                                                                        "Actual Total Time": 88.576,
                                                                                                                                                                                                        "Actual Rows": 137610,
                                                                                                                                                                                                        "Actual Loops": 1
                                                                                                                                                                                                    },
                                                                                                                                                                                                    {
                                                                                                                                                                                                        "Worker Number": 1,
                                                                                                                                                                                                        "Actual Startup Time": 67.584,
                                                                                                                                                                                                        "Actual Total Time": 87.666,
                                                                                                                                                                                                        "Actual Rows": 137082,
                                                                                                                                                                                                        "Actual Loops": 1
                                                                                                                                                                                                    },
                                                                                                                                                                                                    {
                                                                                                                                                                                                        "Worker Number": 2,
                                                                                                                                                                                                        "Actual Startup Time": 69.56,
                                                                                                                                                                                                        "Actual Total Time": 90.135,
                                                                                                                                                                                                        "Actual Rows": 136992,
                                                                                                                                                                                                        "Actual Loops": 1
                                                                                                                                                                                                    },
                                                                                                                                                                                                    {
                                                                                                                                                                                                        "Worker Number": 3,
                                                                                                                                                                                                        "Actual Startup Time": 67.487,
                                                                                                                                                                                                        "Actual Total Time": 87.744,
                                                                                                                                                                                                        "Actual Rows": 137109,
                                                                                                                                                                                                        "Actual Loops": 1
                                                                                                                                                                                                    },
                                                                                                                                                                                                    {
                                                                                                                                                                                                        "Worker Number": 4,
                                                                                                                                                                                                        "Actual Startup Time": 67.7,
                                                                                                                                                                                                        "Actual Total Time": 87.719,
                                                                                                                                                                                                        "Actual Rows": 136052,
                                                                                                                                                                                                        "Actual Loops": 1
                                                                                                                                                                                                    },
                                                                                                                                                                                                    {
                                                                                                                                                                                                        "Worker Number": 5,
                                                                                                                                                                                                        "Actual Startup Time": 45.714,
                                                                                                                                                                                                        "Actual Total Time": 65.683,
                                                                                                                                                                                                        "Actual Rows": 137161,
                                                                                                                                                                                                        "Actual Loops": 1
                                                                                                                                                                                                    }
                                                                                                                                                                                                ],
                                                                                                                                                                                                "Plans": [
                                                                                                                                                                                                    {
                                                                                                                                                                                                        "Node Type": "Seq Scan",
                                                                                                                                                                                                        "Parent Relationship": "Outer",
                                                                                                                                                                                                        "Parallel Aware": false,
                                                                                                                                                                                                        "Relation Name": "complete_cast",
                                                                                                                                                                                                        "Schema": "public",
                                                                                                                                                                                                        "Alias": "cc",
                                                                                                                                                                                                        "Startup Cost": 0.0,
                                                                                                                                                                                                        "Total Cost": 2081.86,
                                                                                                                                                                                                        "Plan Rows": 135086,
                                                                                                                                                                                                        "Plan Width": 12,
                                                                                                                                                                                                        "Actual Startup Time": 0.056,
                                                                                                                                                                                                        "Actual Total Time": 19.495,
                                                                                                                                                                                                        "Actual Rows": 135086,
                                                                                                                                                                                                        "Actual Loops": 7,
                                                                                                                                                                                                        "Output": [
                                                                                                                                                                                                            "cc.movie_id",
                                                                                                                                                                                                            "cc.subject_id",
                                                                                                                                                                                                            "cc.status_id"
                                                                                                                                                                                                        ],
                                                                                                                                                                                                        "Workers": [
                                                                                                                                                                                                            {
                                                                                                                                                                                                                "Worker Number": 0,
                                                                                                                                                                                                                "Actual Startup Time": 0.058,
                                                                                                                                                                                                                "Actual Total Time": 21.52,
                                                                                                                                                                                                                "Actual Rows": 135086,
                                                                                                                                                                                                                "Actual Loops": 1
                                                                                                                                                                                                            },
                                                                                                                                                                                                            {
                                                                                                                                                                                                                "Worker Number": 1,
                                                                                                                                                                                                                "Actual Startup Time": 0.058,
                                                                                                                                                                                                                "Actual Total Time": 20.344,
                                                                                                                                                                                                                "Actual Rows": 135086,
                                                                                                                                                                                                                "Actual Loops": 1
                                                                                                                                                                                                            },
                                                                                                                                                                                                            {
                                                                                                                                                                                                                "Worker Number": 2,
                                                                                                                                                                                                                "Actual Startup Time": 0.078,
                                                                                                                                                                                                                "Actual Total Time": 20.727,
                                                                                                                                                                                                                "Actual Rows": 135086,
                                                                                                                                                                                                                "Actual Loops": 1
                                                                                                                                                                                                            },
                                                                                                                                                                                                            {
                                                                                                                                                                                                                "Worker Number": 3,
                                                                                                                                                                                                                "Actual Startup Time": 0.053,
                                                                                                                                                                                                                "Actual Total Time": 20.411,
                                                                                                                                                                                                                "Actual Rows": 135086,
                                                                                                                                                                                                                "Actual Loops": 1
                                                                                                                                                                                                            },
                                                                                                                                                                                                            {
                                                                                                                                                                                                                "Worker Number": 4,
                                                                                                                                                                                                                "Actual Startup Time": 0.055,
                                                                                                                                                                                                                "Actual Total Time": 20.163,
                                                                                                                                                                                                                "Actual Rows": 135086,
                                                                                                                                                                                                                "Actual Loops": 1
                                                                                                                                                                                                            },
                                                                                                                                                                                                            {
                                                                                                                                                                                                                "Worker Number": 5,
                                                                                                                                                                                                                "Actual Startup Time": 0.07,
                                                                                                                                                                                                                "Actual Total Time": 14.988,
                                                                                                                                                                                                                "Actual Rows": 135086,
                                                                                                                                                                                                                "Actual Loops": 1
                                                                                                                                                                                                            }
                                                                                                                                                                                                        ]
                                                                                                                                                                                                    }
                                                                                                                                                                                                ]
                                                                                                                                                                                            }
                                                                                                                                                                                        ]
                                                                                                                                                                                    }
                                                                                                                                                                                ]
                                                                                                                                                                            }
                                                                                                                                                                        ]
                                                                                                                                                                    }
                                                                                                                                                                ]
                                                                                                                                                            }
                                                                                                                                                        ]
                                                                                                                                                    }
                                                                                                                                                ]
                                                                                                                                            }
                                                                                                                                        ]
                                                                                                                                    },
                                                                                                                                    {
                                                                                                                                        "Node Type": "Materialize",
                                                                                                                                        "Parent Relationship": "Inner",
                                                                                                                                        "Parallel Aware": false,
                                                                                                                                        "Startup Cost": 10000002626.14,
                                                                                                                                        "Total Cost": 10000002626.14,
                                                                                                                                        "Plan Rows": 1,
                                                                                                                                        "Plan Width": 4,
                                                                                                                                        "Actual Startup Time": 10.515,
                                                                                                                                        "Actual Total Time": 12.376,
                                                                                                                                        "Actual Rows": 1,
                                                                                                                                        "Actual Loops": 1,
                                                                                                                                        "Output": [
                                                                                                                                            "k.id"
                                                                                                                                        ],
                                                                                                                                        "Plans": [
                                                                                                                                            {
                                                                                                                                                "Node Type": "Sort",
                                                                                                                                                "Parent Relationship": "Outer",
                                                                                                                                                "Parallel Aware": false,
                                                                                                                                                "Startup Cost": 10000002626.14,
                                                                                                                                                "Total Cost": 10000002626.14,
                                                                                                                                                "Plan Rows": 1,
                                                                                                                                                "Plan Width": 4,
                                                                                                                                                "Actual Startup Time": 10.504,
                                                                                                                                                "Actual Total Time": 10.506,
                                                                                                                                                "Actual Rows": 1,
                                                                                                                                                "Actual Loops": 1,
                                                                                                                                                "Output": [
                                                                                                                                                    "k.id"
                                                                                                                                                ],
                                                                                                                                                "Sort Key": [
                                                                                                                                                    "k.id"
                                                                                                                                                ],
                                                                                                                                                "Sort Method": "quicksort",
                                                                                                                                                "Sort Space Used": 25,
                                                                                                                                                "Sort Space Type": "Memory",
                                                                                                                                                "Plans": [
                                                                                                                                                    {
                                                                                                                                                        "Node Type": "Seq Scan",
                                                                                                                                                        "Parent Relationship": "Outer",
                                                                                                                                                        "Parallel Aware": false,
                                                                                                                                                        "Relation Name": "keyword",
                                                                                                                                                        "Schema": "public",
                                                                                                                                                        "Alias": "k",
                                                                                                                                                        "Startup Cost": 10000000000.0,
                                                                                                                                                        "Total Cost": 10000002626.12,
                                                                                                                                                        "Plan Rows": 1,
                                                                                                                                                        "Plan Width": 4,
                                                                                                                                                        "Actual Startup Time": 0.066,
                                                                                                                                                        "Actual Total Time": 10.489,
                                                                                                                                                        "Actual Rows": 1,
                                                                                                                                                        "Actual Loops": 1,
                                                                                                                                                        "Output": [
                                                                                                                                                            "k.id"
                                                                                                                                                        ],
                                                                                                                                                        "Filter": "(k.keyword = 'computer-animation'::text)",
                                                                                                                                                        "Rows Removed by Filter": 134169
                                                                                                                                                    }
                                                                                                                                                ]
                                                                                                                                            }
                                                                                                                                        ]
                                                                                                                                    }
                                                                                                                                ]
                                                                                                                            }
                                                                                                                        ]
                                                                                                                    },
                                                                                                                    {
                                                                                                                        "Node Type": "Index Scan",
                                                                                                                        "Parent Relationship": "Inner",
                                                                                                                        "Parallel Aware": false,
                                                                                                                        "Scan Direction": "Forward",
                                                                                                                        "Index Name": "comp_cast_type_pkey",
                                                                                                                        "Relation Name": "comp_cast_type",
                                                                                                                        "Schema": "public",
                                                                                                                        "Alias": "cct2",
                                                                                                                        "Startup Cost": 0.13,
                                                                                                                        "Total Cost": 12.2,
                                                                                                                        "Plan Rows": 1,
                                                                                                                        "Plan Width": 4,
                                                                                                                        "Actual Startup Time": 0.037,
                                                                                                                        "Actual Total Time": 0.038,
                                                                                                                        "Actual Rows": 1,
                                                                                                                        "Actual Loops": 1,
                                                                                                                        "Output": [
                                                                                                                            "cct2.id",
                                                                                                                            "cct2.kind"
                                                                                                                        ],
                                                                                                                        "Filter": "((cct2.kind)::text = 'complete+verified'::text)",
                                                                                                                        "Rows Removed by Filter": 3
                                                                                                                    }
                                                                                                                ]
                                                                                                            }
                                                                                                        ]
                                                                                                    }
                                                                                                ]
                                                                                            },
                                                                                            {
                                                                                                "Node Type": "Hash",
                                                                                                "Parent Relationship": "Inner",
                                                                                                "Parallel Aware": false,
                                                                                                "Startup Cost": 207090.93,
                                                                                                "Total Cost": 207090.93,
                                                                                                "Plan Rows": 26226,
                                                                                                "Plan Width": 4,
                                                                                                "Actual Startup Time": 5196.141,
                                                                                                "Actual Total Time": 5196.151,
                                                                                                "Actual Rows": 142345,
                                                                                                "Actual Loops": 1,
                                                                                                "Output": [
                                                                                                    "pi.person_id"
                                                                                                ],
                                                                                                "Hash Buckets": 262144,
                                                                                                "Original Hash Buckets": 32768,
                                                                                                "Hash Batches": 1,
                                                                                                "Original Hash Batches": 1,
                                                                                                "Peak Memory Usage": 7053,
                                                                                                "Plans": [
                                                                                                    {
                                                                                                        "Node Type": "Nested Loop",
                                                                                                        "Parent Relationship": "Outer",
                                                                                                        "Parallel Aware": false,
                                                                                                        "Join Type": "Inner",
                                                                                                        "Startup Cost": 0.57,
                                                                                                        "Total Cost": 207090.93,
                                                                                                        "Plan Rows": 26226,
                                                                                                        "Plan Width": 4,
                                                                                                        "Actual Startup Time": 31.511,
                                                                                                        "Actual Total Time": 5060.698,
                                                                                                        "Actual Rows": 142345,
                                                                                                        "Actual Loops": 1,
                                                                                                        "Output": [
                                                                                                            "pi.person_id"
                                                                                                        ],
                                                                                                        "Inner Unique": false,
                                                                                                        "Plans": [
                                                                                                            {
                                                                                                                "Node Type": "Index Scan",
                                                                                                                "Parent Relationship": "Outer",
                                                                                                                "Parallel Aware": false,
                                                                                                                "Scan Direction": "Forward",
                                                                                                                "Index Name": "info_type_pkey",
                                                                                                                "Relation Name": "info_type",
                                                                                                                "Schema": "public",
                                                                                                                "Alias": "it3",
                                                                                                                "Startup Cost": 0.14,
                                                                                                                "Total Cost": 14.12,
                                                                                                                "Plan Rows": 1,
                                                                                                                "Plan Width": 4,
                                                                                                                "Actual Startup Time": 0.031,
                                                                                                                "Actual Total Time": 0.069,
                                                                                                                "Actual Rows": 1,
                                                                                                                "Actual Loops": 1,
                                                                                                                "Output": [
                                                                                                                    "it3.id",
                                                                                                                    "it3.info"
                                                                                                                ],
                                                                                                                "Filter": "((it3.info)::text = 'height'::text)",
                                                                                                                "Rows Removed by Filter": 112
                                                                                                            },
                                                                                                            {
                                                                                                                "Node Type": "Index Scan",
                                                                                                                "Parent Relationship": "Inner",
                                                                                                                "Parallel Aware": false,
                                                                                                                "Scan Direction": "Forward",
                                                                                                                "Index Name": "info_type_id_person_info",
                                                                                                                "Relation Name": "person_info",
                                                                                                                "Schema": "public",
                                                                                                                "Alias": "pi",
                                                                                                                "Startup Cost": 0.43,
                                                                                                                "Total Cost": 205729.76,
                                                                                                                "Plan Rows": 134705,
                                                                                                                "Plan Width": 8,
                                                                                                                "Actual Startup Time": 31.473,
                                                                                                                "Actual Total Time": 4988.519,
                                                                                                                "Actual Rows": 142345,
                                                                                                                "Actual Loops": 1,
                                                                                                                "Output": [
                                                                                                                    "pi.id",
                                                                                                                    "pi.person_id",
                                                                                                                    "pi.info_type_id",
                                                                                                                    "pi.info",
                                                                                                                    "pi.note"
                                                                                                                ],
                                                                                                                "Index Cond": "(pi.info_type_id = it3.id)",
                                                                                                                "Rows Removed by Index Recheck": 0
                                                                                                            }
                                                                                                        ]
                                                                                                    }
                                                                                                ]
                                                                                            }
                                                                                        ]
                                                                                    },
                                                                                    {
                                                                                        "Node Type": "Bitmap Heap Scan",
                                                                                        "Parent Relationship": "Inner",
                                                                                        "Parallel Aware": false,
                                                                                        "Relation Name": "role_type",
                                                                                        "Schema": "public",
                                                                                        "Alias": "rt",
                                                                                        "Startup Cost": 0.14,
                                                                                        "Total Cost": 4.16,
                                                                                        "Plan Rows": 1,
                                                                                        "Plan Width": 4,
                                                                                        "Actual Startup Time": 0.002,
                                                                                        "Actual Total Time": 0.002,
                                                                                        "Actual Rows": 0,
                                                                                        "Actual Loops": 9212,
                                                                                        "Output": [
                                                                                            "rt.id",
                                                                                            "rt.role"
                                                                                        ],
                                                                                        "Recheck Cond": "(rt.id = ci.role_id)",
                                                                                        "Rows Removed by Index Recheck": 0,
                                                                                        "Filter": "((rt.role)::text = 'actress'::text)",
                                                                                        "Rows Removed by Filter": 1,
                                                                                        "Exact Heap Blocks": 9212,
                                                                                        "Lossy Heap Blocks": 0,
                                                                                        "Plans": [
                                                                                            {
                                                                                                "Node Type": "Bitmap Index Scan",
                                                                                                "Parent Relationship": "Outer",
                                                                                                "Parallel Aware": false,
                                                                                                "Index Name": "role_type_pkey",
                                                                                                "Startup Cost": 0.0,
                                                                                                "Total Cost": 0.14,
                                                                                                "Plan Rows": 1,
                                                                                                "Plan Width": 0,
                                                                                                "Actual Startup Time": 0.001,
                                                                                                "Actual Total Time": 0.001,
                                                                                                "Actual Rows": 1,
                                                                                                "Actual Loops": 9212,
                                                                                                "Index Cond": "(rt.id = ci.role_id)"
                                                                                            }
                                                                                        ]
                                                                                    }
                                                                                ]
                                                                            }
                                                                        ]
                                                                    },
                                                                    {
                                                                        "Node Type": "Sort",
                                                                        "Parent Relationship": "Inner",
                                                                        "Parallel Aware": false,
                                                                        "Startup Cost": 277625.35,
                                                                        "Total Cost": 277625.36,
                                                                        "Plan Rows": 2,
                                                                        "Plan Width": 12,
                                                                        "Actual Startup Time": 751.778,
                                                                        "Actual Total Time": 767.851,
                                                                        "Actual Rows": 90,
                                                                        "Actual Loops": 1,
                                                                        "Output": [
                                                                            "mi.movie_id",
                                                                            "mi.info_type_id",
                                                                            "t.id"
                                                                        ],
                                                                        "Sort Key": [
                                                                            "mi.movie_id"
                                                                        ],
                                                                        "Sort Method": "quicksort",
                                                                        "Sort Space Used": 25,
                                                                        "Sort Space Type": "Memory",
                                                                        "Plans": [
                                                                            {
                                                                                "Node Type": "Gather",
                                                                                "Parent Relationship": "Outer",
                                                                                "Parallel Aware": false,
                                                                                "Startup Cost": 1000.43,
                                                                                "Total Cost": 277625.34,
                                                                                "Plan Rows": 2,
                                                                                "Plan Width": 12,
                                                                                "Actual Startup Time": 751.635,
                                                                                "Actual Total Time": 767.83,
                                                                                "Actual Rows": 3,
                                                                                "Actual Loops": 1,
                                                                                "Output": [
                                                                                    "mi.movie_id",
                                                                                    "mi.info_type_id",
                                                                                    "t.id"
                                                                                ],
                                                                                "Workers Planned": 5,
                                                                                "Workers Launched": 5,
                                                                                "Single Copy": false,
                                                                                "Plans": [
                                                                                    {
                                                                                        "Node Type": "Nested Loop",
                                                                                        "Parent Relationship": "Outer",
                                                                                        "Parallel Aware": false,
                                                                                        "Join Type": "Inner",
                                                                                        "Startup Cost": 0.43,
                                                                                        "Total Cost": 276625.14,
                                                                                        "Plan Rows": 1,
                                                                                        "Plan Width": 12,
                                                                                        "Actual Startup Time": 639.894,
                                                                                        "Actual Total Time": 741.442,
                                                                                        "Actual Rows": 0,
                                                                                        "Actual Loops": 6,
                                                                                        "Output": [
                                                                                            "mi.movie_id",
                                                                                            "mi.info_type_id",
                                                                                            "t.id"
                                                                                        ],
                                                                                        "Inner Unique": true,
                                                                                        "Workers": [
                                                                                            {
                                                                                                "Worker Number": 0,
                                                                                                "Actual Startup Time": 129.843,
                                                                                                "Actual Total Time": 739.123,
                                                                                                "Actual Rows": 3,
                                                                                                "Actual Loops": 1
                                                                                            },
                                                                                            {
                                                                                                "Worker Number": 1,
                                                                                                "Actual Startup Time": 738.932,
                                                                                                "Actual Total Time": 738.934,
                                                                                                "Actual Rows": 0,
                                                                                                "Actual Loops": 1
                                                                                            },
                                                                                            {
                                                                                                "Worker Number": 2,
                                                                                                "Actual Startup Time": 739.783,
                                                                                                "Actual Total Time": 739.785,
                                                                                                "Actual Rows": 0,
                                                                                                "Actual Loops": 1
                                                                                            },
                                                                                            {
                                                                                                "Worker Number": 3,
                                                                                                "Actual Startup Time": 739.788,
                                                                                                "Actual Total Time": 739.789,
                                                                                                "Actual Rows": 0,
                                                                                                "Actual Loops": 1
                                                                                            },
                                                                                            {
                                                                                                "Worker Number": 4,
                                                                                                "Actual Startup Time": 739.894,
                                                                                                "Actual Total Time": 739.896,
                                                                                                "Actual Rows": 0,
                                                                                                "Actual Loops": 1
                                                                                            }
                                                                                        ],
                                                                                        "Plans": [
                                                                                            {
                                                                                                "Node Type": "Seq Scan",
                                                                                                "Parent Relationship": "Outer",
                                                                                                "Parallel Aware": true,
                                                                                                "Relation Name": "movie_info",
                                                                                                "Schema": "public",
                                                                                                "Alias": "mi",
                                                                                                "Startup Cost": 0.0,
                                                                                                "Total Cost": 198880.74,
                                                                                                "Plan Rows": 91744,
                                                                                                "Plan Width": 8,
                                                                                                "Actual Startup Time": 63.047,
                                                                                                "Actual Total Time": 476.244,
                                                                                                "Actual Rows": 64614,
                                                                                                "Actual Loops": 6,
                                                                                                "Output": [
                                                                                                    "mi.id",
                                                                                                    "mi.movie_id",
                                                                                                    "mi.info_type_id",
                                                                                                    "mi.info",
                                                                                                    "mi.note"
                                                                                                ],
                                                                                                "Filter": "(mi.info ~~ 'USA:%200%'::text)",
                                                                                                "Rows Removed by Filter": 2408006,
                                                                                                "Workers": [
                                                                                                    {
                                                                                                        "Worker Number": 0,
                                                                                                        "Actual Startup Time": 57.044,
                                                                                                        "Actual Total Time": 474.944,
                                                                                                        "Actual Rows": 59657,
                                                                                                        "Actual Loops": 1
                                                                                                    },
                                                                                                    {
                                                                                                        "Worker Number": 1,
                                                                                                        "Actual Startup Time": 58.658,
                                                                                                        "Actual Total Time": 472.377,
                                                                                                        "Actual Rows": 56923,
                                                                                                        "Actual Loops": 1
                                                                                                    },
                                                                                                    {
                                                                                                        "Worker Number": 2,
                                                                                                        "Actual Startup Time": 62.084,
                                                                                                        "Actual Total Time": 477.236,
                                                                                                        "Actual Rows": 59555,
                                                                                                        "Actual Loops": 1
                                                                                                    },
                                                                                                    {
                                                                                                        "Worker Number": 3,
                                                                                                        "Actual Startup Time": 63.678,
                                                                                                        "Actual Total Time": 475.614,
                                                                                                        "Actual Rows": 59453,
                                                                                                        "Actual Loops": 1
                                                                                                    },
                                                                                                    {
                                                                                                        "Worker Number": 4,
                                                                                                        "Actual Startup Time": 65.606,
                                                                                                        "Actual Total Time": 477.884,
                                                                                                        "Actual Rows": 59116,
                                                                                                        "Actual Loops": 1
                                                                                                    }
                                                                                                ]
                                                                                            },
                                                                                            {
                                                                                                "Node Type": "Index Scan",
                                                                                                "Parent Relationship": "Inner",
                                                                                                "Parallel Aware": false,
                                                                                                "Scan Direction": "Forward",
                                                                                                "Index Name": "title_pkey",
                                                                                                "Relation Name": "title",
                                                                                                "Schema": "public",
                                                                                                "Alias": "t",
                                                                                                "Startup Cost": 0.43,
                                                                                                "Total Cost": 0.85,
                                                                                                "Plan Rows": 1,
                                                                                                "Plan Width": 4,
                                                                                                "Actual Startup Time": 0.004,
                                                                                                "Actual Total Time": 0.004,
                                                                                                "Actual Rows": 0,
                                                                                                "Actual Loops": 387683,
                                                                                                "Output": [
                                                                                                    "t.id",
                                                                                                    "t.title",
                                                                                                    "t.imdb_index",
                                                                                                    "t.kind_id",
                                                                                                    "t.production_year",
                                                                                                    "t.imdb_id",
                                                                                                    "t.phonetic_code",
                                                                                                    "t.episode_of_id",
                                                                                                    "t.season_nr",
                                                                                                    "t.episode_nr",
                                                                                                    "t.series_years",
                                                                                                    "t.md5sum"
                                                                                                ],
                                                                                                "Index Cond": "(t.id = mi.movie_id)",
                                                                                                "Rows Removed by Index Recheck": 0,
                                                                                                "Filter": "((t.production_year >= 2000) AND (t.production_year <= 2013) AND (t.title = 'Shrek 2'::text))",
                                                                                                "Rows Removed by Filter": 1,
                                                                                                "Workers": [
                                                                                                    {
                                                                                                        "Worker Number": 0,
                                                                                                        "Actual Startup Time": 0.004,
                                                                                                        "Actual Total Time": 0.004,
                                                                                                        "Actual Rows": 0,
                                                                                                        "Actual Loops": 59657
                                                                                                    },
                                                                                                    {
                                                                                                        "Worker Number": 1,
                                                                                                        "Actual Startup Time": 0.004,
                                                                                                        "Actual Total Time": 0.004,
                                                                                                        "Actual Rows": 0,
                                                                                                        "Actual Loops": 56923
                                                                                                    },
                                                                                                    {
                                                                                                        "Worker Number": 2,
                                                                                                        "Actual Startup Time": 0.004,
                                                                                                        "Actual Total Time": 0.004,
                                                                                                        "Actual Rows": 0,
                                                                                                        "Actual Loops": 59555
                                                                                                    },
                                                                                                    {
                                                                                                        "Worker Number": 3,
                                                                                                        "Actual Startup Time": 0.004,
                                                                                                        "Actual Total Time": 0.004,
                                                                                                        "Actual Rows": 0,
                                                                                                        "Actual Loops": 59453
                                                                                                    },
                                                                                                    {
                                                                                                        "Worker Number": 4,
                                                                                                        "Actual Startup Time": 0.004,
                                                                                                        "Actual Total Time": 0.004,
                                                                                                        "Actual Rows": 0,
                                                                                                        "Actual Loops": 59116
                                                                                                    }
                                                                                                ]
                                                                                            }
                                                                                        ]
                                                                                    }
                                                                                ]
                                                                            }
                                                                        ]
                                                                    }
                                                                ]
                                                            }
                                                        ]
                                                    }
                                                ]
                                            },
                                            {
                                                "Node Type": "Bitmap Heap Scan",
                                                "Parent Relationship": "Inner",
                                                "Parallel Aware": false,
                                                "Relation Name": "char_name",
                                                "Schema": "public",
                                                "Alias": "chn",
                                                "Startup Cost": 0.49,
                                                "Total Cost": 4.51,
                                                "Plan Rows": 1,
                                                "Plan Width": 4,
                                                "Actual Startup Time": 0.003,
                                                "Actual Total Time": 0.003,
                                                "Actual Rows": 1,
                                                "Actual Loops": 66,
                                                "Output": [
                                                    "chn.id",
                                                    "chn.name",
                                                    "chn.imdb_index",
                                                    "chn.imdb_id",
                                                    "chn.name_pcode_nf",
                                                    "chn.surname_pcode",
                                                    "chn.md5sum"
                                                ],
                                                "Recheck Cond": "(chn.id = ci.person_role_id)",
                                                "Rows Removed by Index Recheck": 0,
                                                "Filter": "(chn.name = 'Queen'::text)",
                                                "Rows Removed by Filter": 0,
                                                "Exact Heap Blocks": 66,
                                                "Lossy Heap Blocks": 0,
                                                "Plans": [
                                                    {
                                                        "Node Type": "Bitmap Index Scan",
                                                        "Parent Relationship": "Outer",
                                                        "Parallel Aware": false,
                                                        "Index Name": "char_name_pkey",
                                                        "Startup Cost": 0.0,
                                                        "Total Cost": 0.49,
                                                        "Plan Rows": 1,
                                                        "Plan Width": 0,
                                                        "Actual Startup Time": 0.002,
                                                        "Actual Total Time": 0.002,
                                                        "Actual Rows": 1,
                                                        "Actual Loops": 66,
                                                        "Index Cond": "(chn.id = ci.person_role_id)"
                                                    }
                                                ]
                                            }
                                        ]
                                    },
                                    {
                                        "Node Type": "Index Scan",
                                        "Parent Relationship": "Inner",
                                        "Parallel Aware": false,
                                        "Scan Direction": "Forward",
                                        "Index Name": "company_name_pkey",
                                        "Relation Name": "company_name",
                                        "Schema": "public",
                                        "Alias": "cn",
                                        "Startup Cost": 0.42,
                                        "Total Cost": 0.45,
                                        "Plan Rows": 1,
                                        "Plan Width": 4,
                                        "Actual Startup Time": 0.004,
                                        "Actual Total Time": 0.004,
                                        "Actual Rows": 0,
                                        "Actual Loops": 66,
                                        "Output": [
                                            "cn.id",
                                            "cn.name",
                                            "cn.country_code",
                                            "cn.imdb_id",
                                            "cn.name_pcode_nf",
                                            "cn.name_pcode_sf",
                                            "cn.md5sum"
                                        ],
                                        "Index Cond": "(cn.id = mc.company_id)",
                                        "Rows Removed by Index Recheck": 0,
                                        "Filter": "((cn.country_code)::text = '[us]'::text)",
                                        "Rows Removed by Filter": 1
                                    }
                                ]
                            }
                        ]
                    },
                    {
                        "Node Type": "Sort",
                        "Parent Relationship": "Inner",
                        "Parallel Aware": false,
                        "Startup Cost": 10000000002.42,
                        "Total Cost": 10000000002.43,
                        "Plan Rows": 1,
                        "Plan Width": 4,
                        "Actual Startup Time": 0.04,
                        "Actual Total Time": 0.041,
                        "Actual Rows": 1,
                        "Actual Loops": 1,
                        "Output": [
                            "it.id"
                        ],
                        "Sort Key": [
                            "it.id"
                        ],
                        "Sort Method": "quicksort",
                        "Sort Space Used": 25,
                        "Sort Space Type": "Memory",
                        "Plans": [
                            {
                                "Node Type": "Seq Scan",
                                "Parent Relationship": "Outer",
                                "Parallel Aware": false,
                                "Relation Name": "info_type",
                                "Schema": "public",
                                "Alias": "it",
                                "Startup Cost": 10000000000.0,
                                "Total Cost": 10000000002.41,
                                "Plan Rows": 1,
                                "Plan Width": 4,
                                "Actual Startup Time": 0.021,
                                "Actual Total Time": 0.026,
                                "Actual Rows": 1,
                                "Actual Loops": 1,
                                "Output": [
                                    "it.id"
                                ],
                                "Filter": "((it.info)::text = 'release dates'::text)",
                                "Rows Removed by Filter": 112
                            }
                        ]
                    }
                ]
            }
        ]
    },
    "Planning Time": 2321.016,
    "Triggers": [],
    "Execution Time": 26662.943
}