[
  {
    "Plan": {
      "Node Type": "Aggregate",
      "Strategy": "Plain",
      "Partial Mode": "Finalize",
      "Parallel Aware": false,
      "Startup Cost": 54217.69,
      "Total Cost": 54217.7,
      "Plan Rows": 1,
      "Plan Width": 8,
      "Actual Startup Time": 462.645,
      "Actual Total Time": 554.021,
      "Actual Rows": 1,
      "Actual Loops": 1,
      "Plans": [
        {
          "Node Type": "Gather",
          "Parent Relationship": "Outer",
          "Parallel Aware": false,
          "Startup Cost": 54217.37,
          "Total Cost": 54217.68,
          "Plan Rows": 3,
          "Plan Width": 8,
          "Actual Startup Time": 462.09,
          "Actual Total Time": 554.007,
          "Actual Rows": 4,
          "Actual Loops": 1,
          "Workers Planned": 3,
          "Workers Launched": 3,
          "Single Copy": false,
          "Plans": [
            {
              "Node Type": "Aggregate",
              "Strategy": "Plain",
              "Partial Mode": "Partial",
              "Parent Relationship": "Outer",
              "Parallel Aware": false,
              "Startup Cost": 53217.37,
              "Total Cost": 53217.38,
              "Plan Rows": 1,
              "Plan Width": 8,
              "Actual Startup Time": 452.446,
              "Actual Total Time": 452.449,
              "Actual Rows": 1,
              "Actual Loops": 4,
              "Plans": [
                {
                  "Node Type": "Nested Loop",
                  "Parent Relationship": "Outer",
                  "Parallel Aware": false,
                  "Join Type": "Inner",
                  "Startup Cost": 264.09,
                  "Total Cost": 53184.3,
                  "Plan Rows": 13229,
                  "Plan Width": 0,
                  "Actual Startup Time": 6.179,
                  "Actual Total Time": 447.857,
                  "Actual Rows": 49457,
                  "Actual Loops": 4,
                  "Inner Unique": false,
                  "Plans": [
                    {
                      "Node Type": "Nested Loop",
                      "Parent Relationship": "Outer",
                      "Parallel Aware": false,
                      "Join Type": "Inner",
                      "Startup Cost": 263.53,
                      "Total Cost": 45499.07,
                      "Plan Rows": 3940,
                      "Plan Width": 8,
                      "Actual Startup Time": 5.424,
                      "Actual Total Time": 44.171,
                      "Actual Rows": 2577,
                      "Actual Loops": 4,
                      "Inner Unique": true,
                      "Plans": [
                        {
                          "Node Type": "Bitmap Heap Scan",
                          "Parent Relationship": "Outer",
                          "Parallel Aware": true,
                          "Relation Name": "movie_keyword",
                          "Alias": "mk",
                          "Startup Cost": 263.1,
                          "Total Cost": 20870.7,
                          "Plan Rows": 3940,
                          "Plan Width": 4,
                          "Actual Startup Time": 5.237,
                          "Actual Total Time": 18.016,
                          "Actual Rows": 2577,
                          "Actual Loops": 4,
                          "Recheck Cond": "(keyword_id = 870)",
                          "Rows Removed by Index Recheck": 0,
                          "Exact Heap Blocks": 3917,
                          "Lossy Heap Blocks": 0,
                          "Plans": [
                            {
                              "Node Type": "Bitmap Index Scan",
                              "Parent Relationship": "Outer",
                              "Parallel Aware": false,
                              "Index Name": "keyword_id_movie_keyword",
                              "Startup Cost": 0.0,
                              "Total Cost": 260.05,
                              "Plan Rows": 12215,
                              "Plan Width": 0,
                              "Actual Startup Time": 10.034,
                              "Actual Total Time": 10.035,
                              "Actual Rows": 10307,
                              "Actual Loops": 1,
                              "Index Cond": "(keyword_id = 870)"
                            }
                          ]
                        },
                        {
                          "Node Type": "Index Only Scan",
                          "Parent Relationship": "Inner",
                          "Parallel Aware": false,
                          "Scan Direction": "Forward",
                          "Index Name": "title_pkey",
                          "Relation Name": "title",
                          "Alias": "t",
                          "Startup Cost": 0.43,
                          "Total Cost": 6.25,
                          "Plan Rows": 1,
                          "Plan Width": 4,
                          "Actual Startup Time": 0.009,
                          "Actual Total Time": 0.009,
                          "Actual Rows": 1,
                          "Actual Loops": 10307,
                          "Index Cond": "(id = mk.movie_id)",
                          "Rows Removed by Index Recheck": 0,
                          "Heap Fetches": 10307
                        }
                      ]
                    },
                    {
                      "Node Type": "Index Scan",
                      "Parent Relationship": "Inner",
                      "Parallel Aware": false,
                      "Scan Direction": "Forward",
                      "Index Name": "movie_id_cast_info",
                      "Relation Name": "cast_info",
                      "Alias": "ci",
                      "Startup Cost": 0.56,
                      "Total Cost": 1.87,
                      "Plan Rows": 8,
                      "Plan Width": 4,
                      "Actual Startup Time": 0.107,
                      "Actual Total Time": 0.154,
                      "Actual Rows": 19,
                      "Actual Loops": 10307,
                      "Index Cond": "(movie_id = t.id)",
                      "Rows Removed by Index Recheck": 0,
                      "Filter": "(role_id > 5)",
                      "Rows Removed by Filter": 34
                    }
                  ]
                }
              ]
            }
          ]
        }
      ]
    },
    "Planning Time": 1.068,
    "Triggers": [],
    "Execution Time": 554.138
  }
]