[
  {
    "Plan": {
      "Node Type": "Aggregate",
      "Strategy": "Plain",
      "Partial Mode": "Finalize",
      "Parallel Aware": false,
      "Startup Cost": 118795.27,
      "Total Cost": 118795.28,
      "Plan Rows": 1,
      "Plan Width": 8,
      "Actual Startup Time": 585.646,
      "Actual Total Time": 608.649,
      "Actual Rows": 1,
      "Actual Loops": 1,
      "Plans": [
        {
          "Node Type": "Gather",
          "Parent Relationship": "Outer",
          "Parallel Aware": false,
          "Startup Cost": 118794.95,
          "Total Cost": 118795.26,
          "Plan Rows": 3,
          "Plan Width": 8,
          "Actual Startup Time": 571.75,
          "Actual Total Time": 608.623,
          "Actual Rows": 4,
          "Actual Loops": 1,
          "Workers Planned": 3,
          "Workers Launched": 3,
          "Single Copy": false,
          "Plans": [
            {
              "Node Type": "Aggregate",
              "Strategy": "Plain",
              "Partial Mode": "Partial",
              "Parent Relationship": "Outer",
              "Parallel Aware": false,
              "Startup Cost": 117794.95,
              "Total Cost": 117794.96,
              "Plan Rows": 1,
              "Plan Width": 8,
              "Actual Startup Time": 563.756,
              "Actual Total Time": 563.763,
              "Actual Rows": 1,
              "Actual Loops": 4,
              "Plans": [
                {
                  "Node Type": "Hash Join",
                  "Parent Relationship": "Outer",
                  "Parallel Aware": true,
                  "Join Type": "Inner",
                  "Startup Cost": 87414.37,
                  "Total Cost": 117722.46,
                  "Plan Rows": 28998,
                  "Plan Width": 0,
                  "Actual Startup Time": 507.319,
                  "Actual Total Time": 563.303,
                  "Actual Rows": 8462,
                  "Actual Loops": 4,
                  "Inner Unique": false,
                  "Hash Cond": "(mc.movie_id = t.id)",
                  "Plans": [
                    {
                      "Node Type": "Seq Scan",
                      "Parent Relationship": "Outer",
                      "Parallel Aware": true,
                      "Relation Name": "movie_companies",
                      "Alias": "mc",
                      "Startup Cost": 0.0,
                      "Total Cost": 29310.68,
                      "Plan Rows": 241032,
                      "Plan Width": 4,
                      "Actual Startup Time": 17.283,
                      "Actual Total Time": 74.329,
                      "Actual Rows": 185278,
                      "Actual Loops": 4,
                      "Filter": "(company_id > 38548)",
                      "Rows Removed by Filter": 467004
                    },
                    {
                      "Node Type": "Hash",
                      "Parent Relationship": "Inner",
                      "Parallel Aware": true,
                      "Startup Cost": 86187.78,
                      "Total Cost": 86187.78,
                      "Plan Rows": 98127,
                      "Plan Width": 8,
                      "Actual Startup Time": 459.74,
                      "Actual Total Time": 459.745,
                      "Actual Rows": 15316,
                      "Actual Loops": 4,
                      "Hash Buckets": 524288,
                      "Original Hash Buckets": 524288,
                      "Hash Batches": 1,
                      "Original Hash Batches": 1,
                      "Peak Memory Usage": 6560,
                      "Plans": [
                        {
                          "Node Type": "Hash Join",
                          "Parent Relationship": "Outer",
                          "Parallel Aware": true,
                          "Join Type": "Inner",
                          "Startup Cost": 59300.05,
                          "Total Cost": 86187.78,
                          "Plan Rows": 98127,
                          "Plan Width": 8,
                          "Actual Startup Time": 349.194,
                          "Actual Total Time": 450.644,
                          "Actual Rows": 15316,
                          "Actual Loops": 4,
                          "Inner Unique": true,
                          "Hash Cond": "(mk.movie_id = t.id)",
                          "Plans": [
                            {
                              "Node Type": "Bitmap Heap Scan",
                              "Parent Relationship": "Outer",
                              "Parallel Aware": true,
                              "Relation Name": "movie_keyword",
                              "Alias": "mk",
                              "Startup Cost": 10582.24,
                              "Total Cost": 37047.59,
                              "Plan Rows": 160908,
                              "Plan Width": 4,
                              "Actual Startup Time": 43.234,
                              "Actual Total Time": 106.448,
                              "Actual Rows": 124422,
                              "Actual Loops": 4,
                              "Recheck Cond": "(keyword_id > 36233)",
                              "Rows Removed by Index Recheck": 0,
                              "Exact Heap Blocks": 6560,
                              "Lossy Heap Blocks": 0,
                              "Plans": [
                                {
                                  "Node Type": "Bitmap Index Scan",
                                  "Parent Relationship": "Outer",
                                  "Parallel Aware": false,
                                  "Index Name": "keyword_id_movie_keyword",
                                  "Startup Cost": 0.0,
                                  "Total Cost": 10457.54,
                                  "Plan Rows": 498814,
                                  "Plan Width": 0,
                                  "Actual Startup Time": 37.824,
                                  "Actual Total Time": 37.825,
                                  "Actual Rows": 497687,
                                  "Actual Loops": 1,
                                  "Index Cond": "(keyword_id > 36233)"
                                }
                              ]
                            },
                            {
                              "Node Type": "Hash",
                              "Parent Relationship": "Inner",
                              "Parallel Aware": true,
                              "Startup Cost": 43899.32,
                              "Total Cost": 43899.32,
                              "Plan Rows": 385479,
                              "Plan Width": 4,
                              "Actual Startup Time": 300.205,
                              "Actual Total Time": 300.206,
                              "Actual Rows": 385816,
                              "Actual Loops": 4,
                              "Hash Buckets": 2097152,
                              "Original Hash Buckets": 2097152,
                              "Hash Batches": 1,
                              "Original Hash Batches": 1,
                              "Peak Memory Usage": 76800,
                              "Plans": [
                                {
                                  "Node Type": "Seq Scan",
                                  "Parent Relationship": "Outer",
                                  "Parallel Aware": true,
                                  "Relation Name": "title",
                                  "Alias": "t",
                                  "Startup Cost": 0.0,
                                  "Total Cost": 43899.32,
                                  "Plan Rows": 385479,
                                  "Plan Width": 4,
                                  "Actual Startup Time": 0.058,
                                  "Actual Total Time": 123.495,
                                  "Actual Rows": 385816,
                                  "Actual Loops": 4,
                                  "Filter": "(kind_id = 7)",
                                  "Rows Removed by Filter": 246262
                                }
                              ]
                            }
                          ]
                        }
                      ]
                    }
                  ]
                }
              ]
            }
          ]
        }
      ]
    },
    "Planning Time": 1.124,
    "Triggers": [],
    "Execution Time": 608.751
  }
]