{
  "Plan": {
    "Node Type": "Aggregate",
    "Strategy": "Plain",
    "Partial Mode": "Simple",
    "Parallel Aware": false,
    "Startup Cost": 696.37,
    "Total Cost": 696.38,
    "Plan Rows": 1,
    "Plan Width": 8,
    "Actual Startup Time": 1.162,
    "Actual Total Time": 1.164,
    "Actual Rows": 1,
    "Actual Loops": 1,
    "Plans": [
      {
        "Node Type": "Nested Loop",
        "Parent Relationship": "Outer",
        "Parallel Aware": false,
        "Join Type": "Inner",
        "Startup Cost": 0.86,
        "Total Cost": 696.33,
        "Plan Rows": 18,
        "Plan Width": 0,
        "Actual Startup Time": 0.22,
        "Actual Total Time": 1.145,
        "Actual Rows": 88,
        "Actual Loops": 1,
        "Inner Unique": true,
        "Plans": [
          {
            "Node Type": "Index Scan",
            "Parent Relationship": "Outer",
            "Parallel Aware": false,
            "Scan Direction": "Forward",
            "Index Name": "company_id_movie_companies",
            "Relation Name": "movie_companies",
            "Alias": "mc",
            "Startup Cost": 0.43,
            "Total Cost": 273.83,
            "Plan Rows": 50,
            "Plan Width": 4,
            "Actual Startup Time": 0.198,
            "Actual Total Time": 0.403,
            "Actual Rows": 90,
            "Actual Loops": 1,
            "Index Cond": "(company_id = 13433)",
            "Rows Removed by Index Recheck": 0,
            "Filter": "(company_type_id = 1)",
            "Rows Removed by Filter": 5
          },
          {
            "Node Type": "Index Scan",
            "Parent Relationship": "Inner",
            "Parallel Aware": false,
            "Scan Direction": "Forward",
            "Index Name": "title_pkey",
            "Relation Name": "title",
            "Alias": "t",
            "Startup Cost": 0.43,
            "Total Cost": 8.45,
            "Plan Rows": 1,
            "Plan Width": 4,
            "Actual Startup Time": 0.008,
            "Actual Total Time": 0.008,
            "Actual Rows": 1,
            "Actual Loops": 90,
            "Index Cond": "(id = mc.movie_id)",
            "Rows Removed by Index Recheck": 0,
            "Filter": "(production_year > 2006)",
            "Rows Removed by Filter": 0
          }
        ]
      }
    ]
  },
  "Planning Time": 0.296,
  "Triggers": [],
  "Execution Time": 1.204
}