[
  {
    "Plan": {
      "Node Type": "Aggregate",
      "Strategy": "Plain",
      "Partial Mode": "Finalize",
      "Parallel Aware": false,
      "Startup Cost": 92931.49,
      "Total Cost": 92931.5,
      "Plan Rows": 1,
      "Plan Width": 8,
      "Actual Startup Time": 118.589,
      "Actual Total Time": 136.074,
      "Actual Rows": 1,
      "Actual Loops": 1,
      "Plans": [
        {
          "Node Type": "Gather",
          "Parent Relationship": "Outer",
          "Parallel Aware": false,
          "Startup Cost": 92931.07,
          "Total Cost": 92931.48,
          "Plan Rows": 4,
          "Plan Width": 8,
          "Actual Startup Time": 118.436,
          "Actual Total Time": 136.066,
          "Actual Rows": 5,
          "Actual Loops": 1,
          "Workers Planned": 4,
          "Workers Launched": 4,
          "Single Copy": false,
          "Plans": [
            {
              "Node Type": "Aggregate",
              "Strategy": "Plain",
              "Partial Mode": "Partial",
              "Parent Relationship": "Outer",
              "Parallel Aware": false,
              "Startup Cost": 91931.07,
              "Total Cost": 91931.08,
              "Plan Rows": 1,
              "Plan Width": 8,
              "Actual Startup Time": 108.526,
              "Actual Total Time": 108.527,
              "Actual Rows": 1,
              "Actual Loops": 5,
              "Plans": [
                {
                  "Node Type": "Nested Loop",
                  "Parent Relationship": "Outer",
                  "Parallel Aware": false,
                  "Join Type": "Inner",
                  "Startup Cost": 0.43,
                  "Total Cost": 91927.12,
                  "Plan Rows": 1580,
                  "Plan Width": 0,
                  "Actual Startup Time": 59.207,
                  "Actual Total Time": 108.011,
                  "Actual Rows": 6975,
                  "Actual Loops": 5,
                  "Inner Unique": false,
                  "Plans": [
                    {
                      "Node Type": "Seq Scan",
                      "Parent Relationship": "Outer",
                      "Parallel Aware": true,
                      "Relation Name": "title",
                      "Alias": "t",
                      "Startup Cost": 0.0,
                      "Total Cost": 45479.1,
                      "Plan Rows": 314,
                      "Plan Width": 4,
                      "Actual Startup Time": 59.128,
                      "Actual Total Time": 81.205,
                      "Actual Rows": 802,
                      "Actual Loops": 5,
                      "Filter": "((kind_id < 7) AND (production_year = 1920))",
                      "Rows Removed by Filter": 504860
                    },
                    {
                      "Node Type": "Index Scan",
                      "Parent Relationship": "Inner",
                      "Parallel Aware": false,
                      "Scan Direction": "Forward",
                      "Index Name": "movie_id_movie_info",
                      "Relation Name": "movie_info",
                      "Alias": "mi",
                      "Startup Cost": 0.43,
                      "Total Cost": 147.56,
                      "Plan Rows": 36,
                      "Plan Width": 4,
                      "Actual Startup Time": 0.013,
                      "Actual Total Time": 0.032,
                      "Actual Rows": 9,
                      "Actual Loops": 4012,
                      "Index Cond": "(movie_id = t.id)",
                      "Rows Removed by Index Recheck": 0,
                      "Filter": "(info_type_id > 2)",
                      "Rows Removed by Filter": 1
                    }
                  ]
                }
              ]
            }
          ]
        }
      ]
    },
    "Planning Time": 0.694,
    "Triggers": [],
    "Execution Time": 136.148
  }
]