[
  {
    "Plan": {
      "Node Type": "Aggregate",
      "Strategy": "Plain",
      "Partial Mode": "Simple",
      "Parallel Aware": false,
      "Startup Cost": 12914.93,
      "Total Cost": 12914.94,
      "Plan Rows": 1,
      "Plan Width": 192,
      "Actual Startup Time": 174.345,
      "Actual Total Time": 174.352,
      "Actual Rows": 1,
      "Actual Loops": 1,
      "Plans": [
        {
          "Node Type": "Nested Loop",
          "Parent Relationship": "Outer",
          "Parallel Aware": false,
          "Join Type": "Inner",
          "Startup Cost": 41.03,
          "Total Cost": 12914.91,
          "Plan Rows": 1,
          "Plan Width": 84,
          "Actual Startup Time": 161.494,
          "Actual Total Time": 174.269,
          "Actual Rows": 236,
          "Actual Loops": 1,
          "Inner Unique": true,
          "Plans": [
            {
              "Node Type": "Nested Loop",
              "Parent Relationship": "Outer",
              "Parallel Aware": false,
              "Join Type": "Inner",
              "Startup Cost": 40.9,
              "Total Cost": 12914.74,
              "Plan Rows": 1,
              "Plan Width": 88,
              "Actual Startup Time": 20.799,
              "Actual Total Time": 173.738,
              "Actual Rows": 487,
              "Actual Loops": 1,
              "Inner Unique": true,
              "Join Filter": "(ml.movie_id = t1.id)",
              "Rows Removed by Join Filter": 0,
              "Plans": [
                {
                  "Node Type": "Nested Loop",
                  "Parent Relationship": "Outer",
                  "Parallel Aware": false,
                  "Join Type": "Inner",
                  "Startup Cost": 40.47,
                  "Total Cost": 12914.21,
                  "Plan Rows": 1,
                  "Plan Width": 79,
                  "Actual Startup Time": 20.772,
                  "Actual Total Time": 172.602,
                  "Actual Rows": 487,
                  "Actual Loops": 1,
                  "Inner Unique": true,
                  "Plans": [
                    {
                      "Node Type": "Nested Loop",
                      "Parent Relationship": "Outer",
                      "Parallel Aware": false,
                      "Join Type": "Inner",
                      "Startup Cost": 40.05,
                      "Total Cost": 12913.77,
                      "Plan Rows": 1,
                      "Plan Width": 64,
                      "Actual Startup Time": 20.749,
                      "Actual Total Time": 169.73,
                      "Actual Rows": 487,
                      "Actual Loops": 1,
                      "Inner Unique": false,
                      "Plans": [
                        {
                          "Node Type": "Nested Loop",
                          "Parent Relationship": "Outer",
                          "Parallel Aware": false,
                          "Join Type": "Inner",
                          "Startup Cost": 39.62,
                          "Total Cost": 12913.12,
                          "Plan Rows": 1,
                          "Plan Width": 72,
                          "Actual Startup Time": 20.715,
                          "Actual Total Time": 168.743,
                          "Actual Rows": 107,
                          "Actual Loops": 1,
                          "Inner Unique": true,
                          "Plans": [
                            {
                              "Node Type": "Nested Loop",
                              "Parent Relationship": "Outer",
                              "Parallel Aware": false,
                              "Join Type": "Inner",
                              "Startup Cost": 39.2,
                              "Total Cost": 12912.68,
                              "Plan Rows": 1,
                              "Plan Width": 57,
                              "Actual Startup Time": 1.15,
                              "Actual Total Time": 159.909,
                              "Actual Rows": 4162,
                              "Actual Loops": 1,
                              "Inner Unique": false,
                              "Join Filter": "(ml.movie_id = mc1.movie_id)",
                              "Rows Removed by Join Filter": 0,
                              "Plans": [
                                {
                                  "Node Type": "Nested Loop",
                                  "Parent Relationship": "Outer",
                                  "Parallel Aware": false,
                                  "Join Type": "Inner",
                                  "Startup Cost": 38.77,
                                  "Total Cost": 12912.02,
                                  "Plan Rows": 1,
                                  "Plan Width": 49,
                                  "Actual Startup Time": 1.06,
                                  "Actual Total Time": 154.686,
                                  "Actual Rows": 1201,
                                  "Actual Loops": 1,
                                  "Inner Unique": false,
                                  "Join Filter": "(mi_idx1.info_type_id = it1.id)",
                                  "Rows Removed by Join Filter": 2402,
                                  "Plans": [
                                    {
                                      "Node Type": "Seq Scan",
                                      "Parent Relationship": "Outer",
                                      "Parallel Aware": false,
                                      "Relation Name": "info_type",
                                      "Alias": "it1",
                                      "Startup Cost": 0.0,
                                      "Total Cost": 2.41,
                                      "Plan Rows": 1,
                                      "Plan Width": 4,
                                      "Actual Startup Time": 0.048,
                                      "Actual Total Time": 0.05,
                                      "Actual Rows": 1,
                                      "Actual Loops": 1,
                                      "Filter": "((info)::text = 'rating'::text COLLATE \"C\")",
                                      "Rows Removed by Filter": 112
                                    },
                                    {
                                      "Node Type": "Nested Loop",
                                      "Parent Relationship": "Inner",
                                      "Parallel Aware": false,
                                      "Join Type": "Inner",
                                      "Startup Cost": 38.77,
                                      "Total Cost": 12909.25,
                                      "Plan Rows": 28,
                                      "Plan Width": 53,
                                      "Actual Startup Time": 1.008,
                                      "Actual Total Time": 154.289,
                                      "Actual Rows": 3603,
                                      "Actual Loops": 1,
                                      "Inner Unique": false,
                                      "Plans": [
                                        {
                                          "Node Type": "Nested Loop",
                                          "Parent Relationship": "Outer",
                                          "Parallel Aware": false,
                                          "Join Type": "Inner",
                                          "Startup Cost": 38.34,
                                          "Total Cost": 12887.65,
                                          "Plan Rows": 9,
                                          "Plan Width": 39,
                                          "Actual Startup Time": 0.953,
                                          "Actual Total Time": 149.762,
                                          "Actual Rows": 1507,
                                          "Actual Loops": 1,
                                          "Inner Unique": false,
                                          "Join Filter": "(t2.kind_id = kt2.id)",
                                          "Rows Removed by Join Filter": 1538,
                                          "Plans": [
                                            {
                                              "Node Type": "Seq Scan",
                                              "Parent Relationship": "Outer",
                                              "Parallel Aware": false,
                                              "Relation Name": "kind_type",
                                              "Alias": "kt2",
                                              "Startup Cost": 0.0,
                                              "Total Cost": 1.09,
                                              "Plan Rows": 1,
                                              "Plan Width": 4,
                                              "Actual Startup Time": 0.024,
                                              "Actual Total Time": 0.026,
                                              "Actual Rows": 1,
                                              "Actual Loops": 1,
                                              "Filter": "((kind)::text = 'tv series'::text COLLATE \"C\")",
                                              "Rows Removed by Filter": 6
                                            },
                                            {
                                              "Node Type": "Nested Loop",
                                              "Parent Relationship": "Inner",
                                              "Parallel Aware": false,
                                              "Join Type": "Inner",
                                              "Startup Cost": 38.34,
                                              "Total Cost": 12885.75,
                                              "Plan Rows": 65,
                                              "Plan Width": 43,
                                              "Actual Startup Time": 0.928,
                                              "Actual Total Time": 149.319,
                                              "Actual Rows": 3045,
                                              "Actual Loops": 1,
                                              "Inner Unique": true,
                                              "Join Filter": "(ml.linked_movie_id = t2.id)",
                                              "Rows Removed by Join Filter": 0,
                                              "Plans": [
                                                {
                                                  "Node Type": "Nested Loop",
                                                  "Parent Relationship": "Outer",
                                                  "Parallel Aware": false,
                                                  "Join Type": "Inner",
                                                  "Startup Cost": 37.91,
                                                  "Total Cost": 12815.25,
                                                  "Plan Rows": 114,
                                                  "Plan Width": 18,
                                                  "Actual Startup Time": 0.826,
                                                  "Actual Total Time": 92.431,
                                                  "Actual Rows": 5784,
                                                  "Actual Loops": 1,
                                                  "Inner Unique": false,
                                                  "Join Filter": "(mi_idx2.info_type_id = it2.id)",
                                                  "Rows Removed by Join Filter": 21489,
                                                  "Plans": [
                                                    {
                                                      "Node Type": "Seq Scan",
                                                      "Parent Relationship": "Outer",
                                                      "Parallel Aware": false,
                                                      "Relation Name": "info_type",
                                                      "Alias": "it2",
                                                      "Startup Cost": 0.0,
                                                      "Total Cost": 2.41,
                                                      "Plan Rows": 1,
                                                      "Plan Width": 4,
                                                      "Actual Startup Time": 0.007,
                                                      "Actual Total Time": 0.01,
                                                      "Actual Rows": 1,
                                                      "Actual Loops": 1,
                                                      "Filter": "((info)::text = 'rating'::text COLLATE \"C\")",
                                                      "Rows Removed by Filter": 112
                                                    },
                                                    {
                                                      "Node Type": "Nested Loop",
                                                      "Parent Relationship": "Inner",
                                                      "Parallel Aware": false,
                                                      "Join Type": "Inner",
                                                      "Startup Cost": 37.91,
                                                      "Total Cost": 12651.18,
                                                      "Plan Rows": 12933,
                                                      "Plan Width": 22,
                                                      "Actual Startup Time": 0.816,
                                                      "Actual Total Time": 90.309,
                                                      "Actual Rows": 27273,
                                                      "Actual Loops": 1,
                                                      "Inner Unique": false,
                                                      "Plans": [
                                                        {
                                                          "Node Type": "Nested Loop",
                                                          "Parent Relationship": "Outer",
                                                          "Parallel Aware": false,
                                                          "Join Type": "Inner",
                                                          "Startup Cost": 37.49,
                                                          "Total Cost": 612.73,
                                                          "Plan Rows": 5000,
                                                          "Plan Width": 8,
                                                          "Actual Startup Time": 0.704,
                                                          "Actual Total Time": 4.855,
                                                          "Actual Rows": 12018,
                                                          "Actual Loops": 1,
                                                          "Inner Unique": false,
                                                          "Plans": [
                                                            {
                                                              "Node Type": "Seq Scan",
                                                              "Parent Relationship": "Outer",
                                                              "Parallel Aware": false,
                                                              "Relation Name": "link_type",
                                                              "Alias": "lt",
                                                              "Startup Cost": 0.0,
                                                              "Total Cost": 1.25,
                                                              "Plan Rows": 3,
                                                              "Plan Width": 4,
                                                              "Actual Startup Time": 0.021,
                                                              "Actual Total Time": 0.03,
                                                              "Actual Rows": 3,
                                                              "Actual Loops": 1,
                                                              "Filter": "((link)::text = ANY ('{\"alternate language version of\",references,\"version of\"}'::text[]))",
                                                              "Rows Removed by Filter": 15
                                                            },
                                                            {
                                                              "Node Type": "Bitmap Heap Scan",
                                                              "Parent Relationship": "Inner",
                                                              "Parallel Aware": false,
                                                              "Relation Name": "movie_link",
                                                              "Alias": "ml",
                                                              "Startup Cost": 37.49,
                                                              "Total Cost": 185.08,
                                                              "Plan Rows": 1875,
                                                              "Plan Width": 12,
                                                              "Actual Startup Time": 0.296,
                                                              "Actual Total Time": 1.127,
                                                              "Actual Rows": 4006,
                                                              "Actual Loops": 3,
                                                              "Recheck Cond": "(link_type_id = lt.id)",
                                                              "Rows Removed by Index Recheck": 0,
                                                              "Exact Heap Blocks": 269,
                                                              "Lossy Heap Blocks": 0,
                                                              "Plans": [
                                                                {
                                                                  "Node Type": "Bitmap Index Scan",
                                                                  "Parent Relationship": "Outer",
                                                                  "Parallel Aware": false,
                                                                  "Index Name": "link_type_id_movie_link",
                                                                  "Startup Cost": 0.0,
                                                                  "Total Cost": 37.02,
                                                                  "Plan Rows": 1875,
                                                                  "Plan Width": 0,
                                                                  "Actual Startup Time": 0.279,
                                                                  "Actual Total Time": 0.279,
                                                                  "Actual Rows": 4006,
                                                                  "Actual Loops": 3,
                                                                  "Index Cond": "(link_type_id = lt.id)"
                                                                }
                                                              ]
                                                            }
                                                          ]
                                                        },
                                                        {
                                                          "Node Type": "Index Scan",
                                                          "Parent Relationship": "Inner",
                                                          "Parallel Aware": false,
                                                          "Scan Direction": "Forward",
                                                          "Index Name": "movie_id_movie_info_idx",
                                                          "Relation Name": "movie_info_idx",
                                                          "Alias": "mi_idx2",
                                                          "Startup Cost": 0.43,
                                                          "Total Cost": 2.38,
                                                          "Plan Rows": 3,
                                                          "Plan Width": 14,
                                                          "Actual Startup Time": 0.006,
                                                          "Actual Total Time": 0.007,
                                                          "Actual Rows": 2,
                                                          "Actual Loops": 12018,
                                                          "Index Cond": "(movie_id = ml.linked_movie_id)",
                                                          "Rows Removed by Index Recheck": 0,
                                                          "Filter": "(info < '7.0'::text)",
                                                          "Rows Removed by Filter": 1
                                                        }
                                                      ]
                                                    }
                                                  ]
                                                },
                                                {
                                                  "Node Type": "Index Scan",
                                                  "Parent Relationship": "Inner",
                                                  "Parallel Aware": false,
                                                  "Scan Direction": "Forward",
                                                  "Index Name": "title_pkey",
                                                  "Relation Name": "title",
                                                  "Alias": "t2",
                                                  "Startup Cost": 0.43,
                                                  "Total Cost": 0.61,
                                                  "Plan Rows": 1,
                                                  "Plan Width": 25,
                                                  "Actual Startup Time": 0.009,
                                                  "Actual Total Time": 0.009,
                                                  "Actual Rows": 1,
                                                  "Actual Loops": 5784,
                                                  "Index Cond": "(id = mi_idx2.movie_id)",
                                                  "Rows Removed by Index Recheck": 0,
                                                  "Filter": "((production_year >= 1994) AND (production_year <= 2011))",
                                                  "Rows Removed by Filter": 0
                                                }
                                              ]
                                            }
                                          ]
                                        },
                                        {
                                          "Node Type": "Index Scan",
                                          "Parent Relationship": "Inner",
                                          "Parallel Aware": false,
                                          "Scan Direction": "Forward",
                                          "Index Name": "movie_id_movie_info_idx",
                                          "Relation Name": "movie_info_idx",
                                          "Alias": "mi_idx1",
                                          "Startup Cost": 0.43,
                                          "Total Cost": 2.37,
                                          "Plan Rows": 3,
                                          "Plan Width": 14,
                                          "Actual Startup Time": 0.002,
                                          "Actual Total Time": 0.002,
                                          "Actual Rows": 2,
                                          "Actual Loops": 1507,
                                          "Index Cond": "(movie_id = ml.movie_id)",
                                          "Rows Removed by Index Recheck": 0
                                        }
                                      ]
                                    }
                                  ]
                                },
                                {
                                  "Node Type": "Index Scan",
                                  "Parent Relationship": "Inner",
                                  "Parallel Aware": false,
                                  "Scan Direction": "Forward",
                                  "Index Name": "movie_id_movie_companies",
                                  "Relation Name": "movie_companies",
                                  "Alias": "mc1",
                                  "Startup Cost": 0.43,
                                  "Total Cost": 0.6,
                                  "Plan Rows": 5,
                                  "Plan Width": 8,
                                  "Actual Startup Time": 0.003,
                                  "Actual Total Time": 0.004,
                                  "Actual Rows": 3,
                                  "Actual Loops": 1201,
                                  "Index Cond": "(movie_id = mi_idx1.movie_id)",
                                  "Rows Removed by Index Recheck": 0
                                }
                              ]
                            },
                            {
                              "Node Type": "Index Scan",
                              "Parent Relationship": "Inner",
                              "Parallel Aware": false,
                              "Scan Direction": "Forward",
                              "Index Name": "company_name_pkey",
                              "Relation Name": "company_name",
                              "Alias": "cn1",
                              "Startup Cost": 0.42,
                              "Total Cost": 0.45,
                              "Plan Rows": 1,
                              "Plan Width": 23,
                              "Actual Startup Time": 0.002,
                              "Actual Total Time": 0.002,
                              "Actual Rows": 0,
                              "Actual Loops": 4162,
                              "Index Cond": "(id = mc1.company_id)",
                              "Rows Removed by Index Recheck": 0,
                              "Filter": "((country_code)::text = '[se]'::text)",
                              "Rows Removed by Filter": 1
                            }
                          ]
                        },
                        {
                          "Node Type": "Index Scan",
                          "Parent Relationship": "Inner",
                          "Parallel Aware": false,
                          "Scan Direction": "Forward",
                          "Index Name": "movie_id_movie_companies",
                          "Relation Name": "movie_companies",
                          "Alias": "mc2",
                          "Startup Cost": 0.43,
                          "Total Cost": 0.6,
                          "Plan Rows": 5,
                          "Plan Width": 8,
                          "Actual Startup Time": 0.006,
                          "Actual Total Time": 0.008,
                          "Actual Rows": 5,
                          "Actual Loops": 107,
                          "Index Cond": "(movie_id = t2.id)",
                          "Rows Removed by Index Recheck": 0
                        }
                      ]
                    },
                    {
                      "Node Type": "Index Scan",
                      "Parent Relationship": "Inner",
                      "Parallel Aware": false,
                      "Scan Direction": "Forward",
                      "Index Name": "company_name_pkey",
                      "Relation Name": "company_name",
                      "Alias": "cn2",
                      "Startup Cost": 0.42,
                      "Total Cost": 0.44,
                      "Plan Rows": 1,
                      "Plan Width": 23,
                      "Actual Startup Time": 0.005,
                      "Actual Total Time": 0.005,
                      "Actual Rows": 1,
                      "Actual Loops": 487,
                      "Index Cond": "(id = mc2.company_id)",
                      "Rows Removed by Index Recheck": 0
                    }
                  ]
                },
                {
                  "Node Type": "Index Scan",
                  "Parent Relationship": "Inner",
                  "Parallel Aware": false,
                  "Scan Direction": "Forward",
                  "Index Name": "title_pkey",
                  "Relation Name": "title",
                  "Alias": "t1",
                  "Startup Cost": 0.43,
                  "Total Cost": 0.52,
                  "Plan Rows": 1,
                  "Plan Width": 25,
                  "Actual Startup Time": 0.002,
                  "Actual Total Time": 0.002,
                  "Actual Rows": 1,
                  "Actual Loops": 487,
                  "Index Cond": "(id = mc1.movie_id)",
                  "Rows Removed by Index Recheck": 0
                }
              ]
            },
            {
              "Node Type": "Index Scan",
              "Parent Relationship": "Inner",
              "Parallel Aware": false,
              "Scan Direction": "Forward",
              "Index Name": "kind_type_pkey",
              "Relation Name": "kind_type",
              "Alias": "kt1",
              "Startup Cost": 0.13,
              "Total Cost": 0.15,
              "Plan Rows": 1,
              "Plan Width": 4,
              "Actual Startup Time": 0.001,
              "Actual Total Time": 0.001,
              "Actual Rows": 0,
              "Actual Loops": 487,
              "Index Cond": "(id = t1.kind_id)",
              "Rows Removed by Index Recheck": 0,
              "Filter": "((kind)::text = 'tv series'::text COLLATE \"C\")",
              "Rows Removed by Filter": 1
            }
          ]
        }
      ]
    },
    "Planning Time": 174.724,
    "Triggers": [],
    "Execution Time": 174.763
  }
]