{
  "Plan": {
    "Node Type": "Aggregate",
    "Strategy": "Plain",
    "Partial Mode": "Finalize",
    "Parallel Aware": false,
    "Startup Cost": 225514.83,
    "Total Cost": 225514.84,
    "Plan Rows": 1,
    "Plan Width": 8,
    "Actual Startup Time": 1010.868,
    "Actual Total Time": 1078.138,
    "Actual Rows": 1,
    "Actual Loops": 1,
    "Plans": [
      {
        "Node Type": "Gather",
        "Parent Relationship": "Outer",
        "Parallel Aware": false,
        "Startup Cost": 225514.72,
        "Total Cost": 225514.83,
        "Plan Rows": 1,
        "Plan Width": 8,
        "Actual Startup Time": 1010.029,
        "Actual Total Time": 1078.131,
        "Actual Rows": 2,
        "Actual Loops": 1,
        "Workers Planned": 1,
        "Workers Launched": 1,
        "Single Copy": false,
        "Plans": [
          {
            "Node Type": "Aggregate",
            "Strategy": "Plain",
            "Partial Mode": "Partial",
            "Parent Relationship": "Outer",
            "Parallel Aware": false,
            "Startup Cost": 224514.72,
            "Total Cost": 224514.73,
            "Plan Rows": 1,
            "Plan Width": 8,
            "Actual Startup Time": 1003.634,
            "Actual Total Time": 1003.638,
            "Actual Rows": 1,
            "Actual Loops": 2,
            "Plans": [
              {
                "Node Type": "Nested Loop",
                "Parent Relationship": "Outer",
                "Parallel Aware": false,
                "Join Type": "Inner",
                "Startup Cost": 29003.23,
                "Total Cost": 224383.56,
                "Plan Rows": 52465,
                "Plan Width": 0,
                "Actual Startup Time": 111.979,
                "Actual Total Time": 982.46,
                "Actual Rows": 496753,
                "Actual Loops": 2,
                "Inner Unique": false,
                "Plans": [
                  {
                    "Node Type": "Hash Join",
                    "Parent Relationship": "Outer",
                    "Parallel Aware": true,
                    "Join Type": "Inner",
                    "Startup Cost": 29002.79,
                    "Total Cost": 90869.69,
                    "Plan Rows": 57271,
                    "Plan Width": 8,
                    "Actual Startup Time": 111.803,
                    "Actual Total Time": 354.93,
                    "Actual Rows": 46245,
                    "Actual Loops": 2,
                    "Inner Unique": false,
                    "Hash Cond": "(t.id = mc.movie_id)",
                    "Plans": [
                      {
                        "Node Type": "Seq Scan",
                        "Parent Relationship": "Outer",
                        "Parallel Aware": true,
                        "Relation Name": "title",
                        "Alias": "t",
                        "Startup Cost": 0.0,
                        "Total Cost": 58306.47,
                        "Plan Rows": 515766,
                        "Plan Width": 4,
                        "Actual Startup Time": 0.012,
                        "Actual Total Time": 132.458,
                        "Actual Rows": 393320,
                        "Actual Loops": 2,
                        "Filter": "((kind_id < 7) AND (production_year > 1958))",
                        "Rows Removed by Filter": 870836
                      },
                      {
                        "Node Type": "Hash",
                        "Parent Relationship": "Inner",
                        "Parallel Aware": true,
                        "Startup Cost": 26938.49,
                        "Total Cost": 26938.49,
                        "Plan Rows": 165144,
                        "Plan Width": 4,
                        "Actual Startup Time": 106.045,
                        "Actual Total Time": 106.046,
                        "Actual Rows": 139440,
                        "Actual Loops": 2,
                        "Hash Buckets": 524288,
                        "Original Hash Buckets": 524288,
                        "Hash Batches": 1,
                        "Original Hash Batches": 1,
                        "Peak Memory Usage": 15040,
                        "Plans": [
                          {
                            "Node Type": "Bitmap Heap Scan",
                            "Parent Relationship": "Outer",
                            "Parallel Aware": true,
                            "Relation Name": "movie_companies",
                            "Alias": "mc",
                            "Startup Cost": 6084.2,
                            "Total Cost": 26938.49,
                            "Plan Rows": 165144,
                            "Plan Width": 4,
                            "Actual Startup Time": 27.8,
                            "Actual Total Time": 75.358,
                            "Actual Rows": 139440,
                            "Actual Loops": 2,
                            "Recheck Cond": "(company_id < 150)",
                            "Rows Removed by Index Recheck": 0,
                            "Exact Heap Blocks": 11880,
                            "Lossy Heap Blocks": 0,
                            "Plans": [
                              {
                                "Node Type": "Bitmap Index Scan",
                                "Parent Relationship": "Outer",
                                "Parallel Aware": false,
                                "Index Name": "company_id_movie_companies",
                                "Startup Cost": 0.0,
                                "Total Cost": 6014.01,
                                "Plan Rows": 280744,
                                "Plan Width": 0,
                                "Actual Startup Time": 24.619,
                                "Actual Total Time": 24.619,
                                "Actual Rows": 278880,
                                "Actual Loops": 1,
                                "Index Cond": "(company_id < 150)"
                              }
                            ]
                          }
                        ]
                      }
                    ]
                  },
                  {
                    "Node Type": "Index Scan",
                    "Parent Relationship": "Inner",
                    "Parallel Aware": false,
                    "Scan Direction": "Forward",
                    "Index Name": "movie_id_movie_info",
                    "Relation Name": "movie_info",
                    "Alias": "mi",
                    "Startup Cost": 0.43,
                    "Total Cost": 2.26,
                    "Plan Rows": 7,
                    "Plan Width": 4,
                    "Actual Startup Time": 0.006,
                    "Actual Total Time": 0.013,
                    "Actual Rows": 11,
                    "Actual Loops": 92490,
                    "Index Cond": "(movie_id = t.id)",
                    "Rows Removed by Index Recheck": 0,
                    "Filter": "(info_type_id > 16)",
                    "Rows Removed by Filter": 21
                  }
                ]
              }
            ]
          }
        ]
      }
    ]
  },
  "Planning Time": 1.071,
  "Triggers": [],
  "Execution Time": 1078.263
}