[
  {
    "Plan": {
      "Node Type": "Aggregate",
      "Strategy": "Plain",
      "Partial Mode": "Finalize",
      "Parallel Aware": false,
      "Startup Cost": 45395.79,
      "Total Cost": 45395.8,
      "Plan Rows": 1,
      "Plan Width": 8,
      "Actual Startup Time": 174.091,
      "Actual Total Time": 186.867,
      "Actual Rows": 1,
      "Actual Loops": 1,
      "Plans": [
        {
          "Node Type": "Gather",
          "Parent Relationship": "Outer",
          "Parallel Aware": false,
          "Startup Cost": 45395.47,
          "Total Cost": 45395.78,
          "Plan Rows": 3,
          "Plan Width": 8,
          "Actual Startup Time": 173.974,
          "Actual Total Time": 186.859,
          "Actual Rows": 4,
          "Actual Loops": 1,
          "Workers Planned": 3,
          "Workers Launched": 3,
          "Single Copy": false,
          "Plans": [
            {
              "Node Type": "Aggregate",
              "Strategy": "Plain",
              "Partial Mode": "Partial",
              "Parent Relationship": "Outer",
              "Parallel Aware": false,
              "Startup Cost": 44395.47,
              "Total Cost": 44395.48,
              "Plan Rows": 1,
              "Plan Width": 8,
              "Actual Startup Time": 167.647,
              "Actual Total Time": 167.649,
              "Actual Rows": 1,
              "Actual Loops": 4,
              "Plans": [
                {
                  "Node Type": "Seq Scan",
                  "Parent Relationship": "Outer",
                  "Parallel Aware": true,
                  "Relation Name": "movie_keyword",
                  "Alias": "mk",
                  "Startup Cost": 0.0,
                  "Total Cost": 42695.65,
                  "Plan Rows": 679927,
                  "Plan Width": 0,
                  "Actual Startup Time": 0.049,
                  "Actual Total Time": 135.893,
                  "Actual Rows": 529232,
                  "Actual Loops": 4,
                  "Filter": "(keyword_id < 3865)",
                  "Rows Removed by Filter": 601750
                }
              ]
            }
          ]
        }
      ]
    },
    "Planning Time": 0.091,
    "Triggers": [],
    "Execution Time": 186.9
  }
]