[
  {
    "Plan": {
      "Node Type": "Aggregate",
      "Strategy": "Plain",
      "Partial Mode": "Finalize",
      "Parallel Aware": false,
      "Startup Cost": 45400.49,
      "Total Cost": 45400.5,
      "Plan Rows": 1,
      "Plan Width": 8,
      "Actual Startup Time": 142.646,
      "Actual Total Time": 152.281,
      "Actual Rows": 1,
      "Actual Loops": 1,
      "Plans": [
        {
          "Node Type": "Gather",
          "Parent Relationship": "Outer",
          "Parallel Aware": false,
          "Startup Cost": 45400.17,
          "Total Cost": 45400.48,
          "Plan Rows": 3,
          "Plan Width": 8,
          "Actual Startup Time": 142.536,
          "Actual Total Time": 152.272,
          "Actual Rows": 4,
          "Actual Loops": 1,
          "Workers Planned": 3,
          "Workers Launched": 3,
          "Single Copy": false,
          "Plans": [
            {
              "Node Type": "Aggregate",
              "Strategy": "Plain",
              "Partial Mode": "Partial",
              "Parent Relationship": "Outer",
              "Parallel Aware": false,
              "Startup Cost": 44400.17,
              "Total Cost": 44400.18,
              "Plan Rows": 1,
              "Plan Width": 8,
              "Actual Startup Time": 135.802,
              "Actual Total Time": 135.803,
              "Actual Rows": 1,
              "Actual Loops": 4,
              "Plans": [
                {
                  "Node Type": "Seq Scan",
                  "Parent Relationship": "Outer",
                  "Parallel Aware": true,
                  "Relation Name": "movie_keyword",
                  "Alias": "mk",
                  "Startup Cost": 0.0,
                  "Total Cost": 42695.65,
                  "Plan Rows": 681806,
                  "Plan Width": 0,
                  "Actual Startup Time": 0.048,
                  "Actual Total Time": 111.81,
                  "Actual Rows": 529232,
                  "Actual Loops": 4,
                  "Filter": "(keyword_id < 3865)",
                  "Rows Removed by Filter": 601750
                }
              ]
            }
          ]
        }
      ]
    },
    "Planning Time": 0.121,
    "Triggers": [],
    "Execution Time": 152.322
  }
]