[
  {
    "Plan": {
      "Node Type": "Aggregate",
      "Strategy": "Plain",
      "Partial Mode": "Simple",
      "Parallel Aware": false,
      "Startup Cost": 17063.06,
      "Total Cost": 17063.07,
      "Plan Rows": 1,
      "Plan Width": 8,
      "Actual Startup Time": 10.08,
      "Actual Total Time": 10.082,
      "Actual Rows": 1,
      "Actual Loops": 1,
      "Plans": [
        {
          "Node Type": "Bitmap Heap Scan",
          "Parent Relationship": "Outer",
          "Parallel Aware": false,
          "Relation Name": "movie_info",
          "Alias": "mi",
          "Startup Cost": 90.63,
          "Total Cost": 17050.74,
          "Plan Rows": 4928,
          "Plan Width": 0,
          "Actual Startup Time": 1.763,
          "Actual Total Time": 9.027,
          "Actual Rows": 6616,
          "Actual Loops": 1,
          "Recheck Cond": "(info_type_id = 61)",
          "Rows Removed by Index Recheck": 0,
          "Exact Heap Blocks": 1314,
          "Lossy Heap Blocks": 0,
          "Plans": [
            {
              "Node Type": "Bitmap Index Scan",
              "Parent Relationship": "Outer",
              "Parallel Aware": false,
              "Index Name": "info_type_id_movie_info",
              "Startup Cost": 0.0,
              "Total Cost": 89.4,
              "Plan Rows": 4928,
              "Plan Width": 0,
              "Actual Startup Time": 1.247,
              "Actual Total Time": 1.248,
              "Actual Rows": 6616,
              "Actual Loops": 1,
              "Index Cond": "(info_type_id = 61)"
            }
          ]
        }
      ]
    },
    "Planning Time": 0.168,
    "Triggers": [],
    "Execution Time": 10.149
  }
]