[
  {
    "Plan": {
      "Node Type": "Aggregate",
      "Strategy": "Plain",
      "Partial Mode": "Finalize",
      "Parallel Aware": false,
      "Startup Cost": 89655.28,
      "Total Cost": 89655.29,
      "Plan Rows": 1,
      "Plan Width": 8,
      "Actual Startup Time": 351.719,
      "Actual Total Time": 372.978,
      "Actual Rows": 1,
      "Actual Loops": 1,
      "Plans": [
        {
          "Node Type": "Gather",
          "Parent Relationship": "Outer",
          "Parallel Aware": false,
          "Startup Cost": 89654.96,
          "Total Cost": 89655.27,
          "Plan Rows": 3,
          "Plan Width": 8,
          "Actual Startup Time": 350.661,
          "Actual Total Time": 372.969,
          "Actual Rows": 4,
          "Actual Loops": 1,
          "Workers Planned": 3,
          "Workers Launched": 3,
          "Single Copy": false,
          "Plans": [
            {
              "Node Type": "Aggregate",
              "Strategy": "Plain",
              "Partial Mode": "Partial",
              "Parent Relationship": "Outer",
              "Parallel Aware": false,
              "Startup Cost": 88654.96,
              "Total Cost": 88654.97,
              "Plan Rows": 1,
              "Plan Width": 8,
              "Actual Startup Time": 341.997,
              "Actual Total Time": 342.062,
              "Actual Rows": 1,
              "Actual Loops": 4,
              "Plans": [
                {
                  "Node Type": "Hash Join",
                  "Parent Relationship": "Outer",
                  "Parallel Aware": true,
                  "Join Type": "Inner",
                  "Startup Cost": 45682.97,
                  "Total Cost": 88561.05,
                  "Plan Rows": 37564,
                  "Plan Width": 0,
                  "Actual Startup Time": 156.118,
                  "Actual Total Time": 333.363,
                  "Actual Rows": 177088,
                  "Actual Loops": 4,
                  "Inner Unique": true,
                  "Hash Cond": "(mk.movie_id = t.id)",
                  "Plans": [
                    {
                      "Node Type": "Seq Scan",
                      "Parent Relationship": "Outer",
                      "Parallel Aware": true,
                      "Relation Name": "movie_keyword",
                      "Alias": "mk",
                      "Startup Cost": 0.0,
                      "Total Cost": 39047.32,
                      "Plan Rows": 1459332,
                      "Plan Width": 4,
                      "Actual Startup Time": 0.023,
                      "Actual Total Time": 95.902,
                      "Actual Rows": 1130982,
                      "Actual Loops": 4
                    },
                    {
                      "Node Type": "Hash",
                      "Parent Relationship": "Inner",
                      "Parallel Aware": true,
                      "Startup Cost": 45479.59,
                      "Total Cost": 45479.59,
                      "Plan Rows": 16271,
                      "Plan Width": 4,
                      "Actual Startup Time": 117.754,
                      "Actual Total Time": 117.755,
                      "Actual Rows": 48902,
                      "Actual Loops": 4,
                      "Hash Buckets": 262144,
                      "Original Hash Buckets": 65536,
                      "Hash Batches": 1,
                      "Original Hash Batches": 1,
                      "Peak Memory Usage": 11296,
                      "Plans": [
                        {
                          "Node Type": "Seq Scan",
                          "Parent Relationship": "Outer",
                          "Parallel Aware": true,
                          "Relation Name": "title",
                          "Alias": "t",
                          "Startup Cost": 0.0,
                          "Total Cost": 45479.59,
                          "Plan Rows": 16271,
                          "Plan Width": 4,
                          "Actual Startup Time": 59.494,
                          "Actual Total Time": 98.151,
                          "Actual Rows": 48902,
                          "Actual Loops": 4,
                          "Filter": "((production_year < 1962) AND (kind_id = 1))",
                          "Rows Removed by Filter": 583176
                        }
                      ]
                    }
                  ]
                }
              ]
            }
          ]
        }
      ]
    },
    "Planning Time": 0.53,
    "Triggers": [],
    "Execution Time": 373.035
  }
]