[
    {
        "Bao": {
            "Bao prediction": "NaN",
            "Bao recommended hint": "(no hint)"
        }
    },
    {
        "Plan": {
            "Node Type": "Aggregate",
            "Strategy": "Plain",
            "Partial Mode": "Finalize",
            "Parallel Aware": false,
            "Startup Cost": 217276.97,
            "Total Cost": 217276.98,
            "Plan Rows": 1,
            "Plan Width": 8,
            "Actual Startup Time": 275.751,
            "Actual Total Time": 289.955,
            "Actual Rows": 1,
            "Actual Loops": 1,
            "Output": [
                "count(*)"
            ],
            "Plans": [
                {
                    "Node Type": "Gather",
                    "Parent Relationship": "Outer",
                    "Parallel Aware": false,
                    "Startup Cost": 217276.45,
                    "Total Cost": 217276.96,
                    "Plan Rows": 5,
                    "Plan Width": 8,
                    "Actual Startup Time": 264.107,
                    "Actual Total Time": 289.945,
                    "Actual Rows": 6,
                    "Actual Loops": 1,
                    "Output": [
                        "(PARTIAL count(*))"
                    ],
                    "Workers Planned": 5,
                    "Workers Launched": 5,
                    "Single Copy": false,
                    "Plans": [
                        {
                            "Node Type": "Aggregate",
                            "Strategy": "Plain",
                            "Partial Mode": "Partial",
                            "Parent Relationship": "Outer",
                            "Parallel Aware": false,
                            "Startup Cost": 216276.45,
                            "Total Cost": 216276.46,
                            "Plan Rows": 1,
                            "Plan Width": 8,
                            "Actual Startup Time": 253.935,
                            "Actual Total Time": 253.938,
                            "Actual Rows": 1,
                            "Actual Loops": 6,
                            "Output": [
                                "PARTIAL count(*)"
                            ],
                            "Workers": [
                                {
                                    "Worker Number": 0,
                                    "Actual Startup Time": 251.432,
                                    "Actual Total Time": 251.436,
                                    "Actual Rows": 1,
                                    "Actual Loops": 1
                                },
                                {
                                    "Worker Number": 1,
                                    "Actual Startup Time": 251.499,
                                    "Actual Total Time": 251.502,
                                    "Actual Rows": 1,
                                    "Actual Loops": 1
                                },
                                {
                                    "Worker Number": 2,
                                    "Actual Startup Time": 252.589,
                                    "Actual Total Time": 252.592,
                                    "Actual Rows": 1,
                                    "Actual Loops": 1
                                },
                                {
                                    "Worker Number": 3,
                                    "Actual Startup Time": 251.935,
                                    "Actual Total Time": 251.939,
                                    "Actual Rows": 1,
                                    "Actual Loops": 1
                                },
                                {
                                    "Worker Number": 4,
                                    "Actual Startup Time": 252.62,
                                    "Actual Total Time": 252.624,
                                    "Actual Rows": 1,
                                    "Actual Loops": 1
                                }
                            ],
                            "Plans": [
                                {
                                    "Node Type": "Hash Join",
                                    "Parent Relationship": "Outer",
                                    "Parallel Aware": true,
                                    "Join Type": "Inner",
                                    "Startup Cost": 53181.37,
                                    "Total Cost": 216209.88,
                                    "Plan Rows": 26628,
                                    "Plan Width": 0,
                                    "Actual Startup Time": 183.04,
                                    "Actual Total Time": 251.307,
                                    "Actual Rows": 35491,
                                    "Actual Loops": 6,
                                    "Inner Unique": true,
                                    "Hash Cond": "(mi.movie_id = t.id)",
                                    "Workers": [
                                        {
                                            "Worker Number": 0,
                                            "Actual Startup Time": 180.812,
                                            "Actual Total Time": 248.764,
                                            "Actual Rows": 31112,
                                            "Actual Loops": 1
                                        },
                                        {
                                            "Worker Number": 1,
                                            "Actual Startup Time": 180.606,
                                            "Actual Total Time": 248.787,
                                            "Actual Rows": 31073,
                                            "Actual Loops": 1
                                        },
                                        {
                                            "Worker Number": 2,
                                            "Actual Startup Time": 181.107,
                                            "Actual Total Time": 250.034,
                                            "Actual Rows": 29712,
                                            "Actual Loops": 1
                                        },
                                        {
                                            "Worker Number": 3,
                                            "Actual Startup Time": 181.206,
                                            "Actual Total Time": 249.38,
                                            "Actual Rows": 29703,
                                            "Actual Loops": 1
                                        },
                                        {
                                            "Worker Number": 4,
                                            "Actual Startup Time": 181.952,
                                            "Actual Total Time": 249.933,
                                            "Actual Rows": 31574,
                                            "Actual Loops": 1
                                        }
                                    ],
                                    "Plans": [
                                        {
                                            "Node Type": "Bitmap Heap Scan",
                                            "Parent Relationship": "Outer",
                                            "Parallel Aware": true,
                                            "Relation Name": "movie_info",
                                            "Schema": "public",
                                            "Alias": "mi",
                                            "Startup Cost": 6209.4,
                                            "Total Cost": 169058.19,
                                            "Plan Rows": 68464,
                                            "Plan Width": 4,
                                            "Actual Startup Time": 17.775,
                                            "Actual Total Time": 57.504,
                                            "Actual Rows": 54810,
                                            "Actual Loops": 6,
                                            "Output": [
                                                "mi.id",
                                                "mi.movie_id",
                                                "mi.info_type_id",
                                                "mi.info",
                                                "mi.note"
                                            ],
                                            "Recheck Cond": "(mi.info_type_id = 98)",
                                            "Rows Removed by Index Recheck": 0,
                                            "Exact Heap Blocks": 7144,
                                            "Lossy Heap Blocks": 0,
                                            "Workers": [
                                                {
                                                    "Worker Number": 0,
                                                    "Actual Startup Time": 17.901,
                                                    "Actual Total Time": 59.151,
                                                    "Actual Rows": 47929,
                                                    "Actual Loops": 1
                                                },
                                                {
                                                    "Worker Number": 1,
                                                    "Actual Startup Time": 17.723,
                                                    "Actual Total Time": 59.001,
                                                    "Actual Rows": 47174,
                                                    "Actual Loops": 1
                                                },
                                                {
                                                    "Worker Number": 2,
                                                    "Actual Startup Time": 17.841,
                                                    "Actual Total Time": 59.378,
                                                    "Actual Rows": 45146,
                                                    "Actual Loops": 1
                                                },
                                                {
                                                    "Worker Number": 3,
                                                    "Actual Startup Time": 17.711,
                                                    "Actual Total Time": 59.376,
                                                    "Actual Rows": 45481,
                                                    "Actual Loops": 1
                                                },
                                                {
                                                    "Worker Number": 4,
                                                    "Actual Startup Time": 17.775,
                                                    "Actual Total Time": 58.879,
                                                    "Actual Rows": 48161,
                                                    "Actual Loops": 1
                                                }
                                            ],
                                            "Plans": [
                                                {
                                                    "Node Type": "Bitmap Index Scan",
                                                    "Parent Relationship": "Outer",
                                                    "Parallel Aware": false,
                                                    "Index Name": "info_type_id_movie_info",
                                                    "Startup Cost": 0.0,
                                                    "Total Cost": 6123.82,
                                                    "Plan Rows": 342318,
                                                    "Plan Width": 0,
                                                    "Actual Startup Time": 14.035,
                                                    "Actual Total Time": 14.035,
                                                    "Actual Rows": 328857,
                                                    "Actual Loops": 1,
                                                    "Index Cond": "(mi.info_type_id = 98)"
                                                }
                                            ]
                                        },
                                        {
                                            "Node Type": "Hash",
                                            "Parent Relationship": "Inner",
                                            "Parallel Aware": true,
                                            "Startup Cost": 43899.01,
                                            "Total Cost": 43899.01,
                                            "Plan Rows": 245837,
                                            "Plan Width": 4,
                                            "Actual Startup Time": 162.363,
                                            "Actual Total Time": 162.364,
                                            "Actual Rows": 162075,
                                            "Actual Loops": 6,
                                            "Output": [
                                                "t.id"
                                            ],
                                            "Hash Buckets": 1048576,
                                            "Original Hash Buckets": 1048576,
                                            "Hash Batches": 1,
                                            "Original Hash Batches": 1,
                                            "Peak Memory Usage": 46336,
                                            "Workers": [
                                                {
                                                    "Worker Number": 0,
                                                    "Actual Startup Time": 162.299,
                                                    "Actual Total Time": 162.3,
                                                    "Actual Rows": 147688,
                                                    "Actual Loops": 1
                                                },
                                                {
                                                    "Worker Number": 1,
                                                    "Actual Startup Time": 162.364,
                                                    "Actual Total Time": 162.366,
                                                    "Actual Rows": 145292,
                                                    "Actual Loops": 1
                                                },
                                                {
                                                    "Worker Number": 2,
                                                    "Actual Startup Time": 162.734,
                                                    "Actual Total Time": 162.735,
                                                    "Actual Rows": 135955,
                                                    "Actual Loops": 1
                                                },
                                                {
                                                    "Worker Number": 3,
                                                    "Actual Startup Time": 162.858,
                                                    "Actual Total Time": 162.86,
                                                    "Actual Rows": 136956,
                                                    "Actual Loops": 1
                                                },
                                                {
                                                    "Worker Number": 4,
                                                    "Actual Startup Time": 163.497,
                                                    "Actual Total Time": 163.499,
                                                    "Actual Rows": 150762,
                                                    "Actual Loops": 1
                                                }
                                            ],
                                            "Plans": [
                                                {
                                                    "Node Type": "Seq Scan",
                                                    "Parent Relationship": "Outer",
                                                    "Parallel Aware": true,
                                                    "Relation Name": "title",
                                                    "Schema": "public",
                                                    "Alias": "t",
                                                    "Startup Cost": 0.0,
                                                    "Total Cost": 43899.01,
                                                    "Plan Rows": 245837,
                                                    "Plan Width": 4,
                                                    "Actual Startup Time": 0.055,
                                                    "Actual Total Time": 91.829,
                                                    "Actual Rows": 162075,
                                                    "Actual Loops": 6,
                                                    "Output": [
                                                        "t.id"
                                                    ],
                                                    "Filter": "(t.kind_id < 6)",
                                                    "Rows Removed by Filter": 259311,
                                                    "Workers": [
                                                        {
                                                            "Worker Number": 0,
                                                            "Actual Startup Time": 0.072,
                                                            "Actual Total Time": 93.454,
                                                            "Actual Rows": 147688,
                                                            "Actual Loops": 1
                                                        },
                                                        {
                                                            "Worker Number": 1,
                                                            "Actual Startup Time": 0.057,
                                                            "Actual Total Time": 93.776,
                                                            "Actual Rows": 145292,
                                                            "Actual Loops": 1
                                                        },
                                                        {
                                                            "Worker Number": 2,
                                                            "Actual Startup Time": 0.074,
                                                            "Actual Total Time": 92.344,
                                                            "Actual Rows": 135955,
                                                            "Actual Loops": 1
                                                        },
                                                        {
                                                            "Worker Number": 3,
                                                            "Actual Startup Time": 0.063,
                                                            "Actual Total Time": 91.872,
                                                            "Actual Rows": 136956,
                                                            "Actual Loops": 1
                                                        },
                                                        {
                                                            "Worker Number": 4,
                                                            "Actual Startup Time": 0.048,
                                                            "Actual Total Time": 94.379,
                                                            "Actual Rows": 150762,
                                                            "Actual Loops": 1
                                                        }
                                                    ]
                                                }
                                            ]
                                        }
                                    ]
                                }
                            ]
                        }
                    ]
                }
            ]
        },
        "Planning Time": 208.342,
        "Triggers": [],
        "Execution Time": 290.048
    }
]