{
  "Plan": {
    "Node Type": "Aggregate",
    "Strategy": "Plain",
    "Partial Mode": "Finalize",
    "Parallel Aware": false,
    "Startup Cost": 82213.39,
    "Total Cost": 82213.4,
    "Plan Rows": 1,
    "Plan Width": 64,
    "Actual Startup Time": 1644.334,
    "Actual Total Time": 1688.962,
    "Actual Rows": 1,
    "Actual Loops": 1,
    "Plans": [
      {
        "Node Type": "Gather",
        "Parent Relationship": "Outer",
        "Parallel Aware": false,
        "Startup Cost": 82213.28,
        "Total Cost": 82213.39,
        "Plan Rows": 1,
        "Plan Width": 64,
        "Actual Startup Time": 1644.085,
        "Actual Total Time": 1688.952,
        "Actual Rows": 2,
        "Actual Loops": 1,
        "Workers Planned": 1,
        "Workers Launched": 1,
        "Single Copy": false,
        "Plans": [
          {
            "Node Type": "Aggregate",
            "Strategy": "Plain",
            "Partial Mode": "Partial",
            "Parent Relationship": "Outer",
            "Parallel Aware": false,
            "Startup Cost": 81213.28,
            "Total Cost": 81213.29,
            "Plan Rows": 1,
            "Plan Width": 64,
            "Actual Startup Time": 1636.83,
            "Actual Total Time": 1636.836,
            "Actual Rows": 1,
            "Actual Loops": 2,
            "Plans": [
              {
                "Node Type": "Hash Join",
                "Parent Relationship": "Outer",
                "Parallel Aware": false,
                "Join Type": "Inner",
                "Startup Cost": 6.72,
                "Total Cost": 81213.27,
                "Plan Rows": 1,
                "Plan Width": 32,
                "Actual Startup Time": 25.369,
                "Actual Total Time": 1636.417,
                "Actual Rows": 1752,
                "Actual Loops": 2,
                "Inner Unique": true,
                "Hash Cond": "(mii.info_type_id = it1.id)",
                "Plans": [
                  {
                    "Node Type": "Nested Loop",
                    "Parent Relationship": "Outer",
                    "Parallel Aware": false,
                    "Join Type": "Inner",
                    "Startup Cost": 4.29,
                    "Total Cost": 81210.54,
                    "Plan Rows": 114,
                    "Plan Width": 36,
                    "Actual Startup Time": 4.241,
                    "Actual Total Time": 1634.233,
                    "Actual Rows": 13123,
                    "Actual Loops": 2,
                    "Inner Unique": false,
                    "Join Filter": "(t.id = mii.movie_id)",
                    "Rows Removed by Join Filter": 0,
                    "Plans": [
                      {
                        "Node Type": "Nested Loop",
                        "Parent Relationship": "Outer",
                        "Parallel Aware": false,
                        "Join Type": "Inner",
                        "Startup Cost": 3.86,
                        "Total Cost": 79929.46,
                        "Plan Rows": 2480,
                        "Plan Width": 40,
                        "Actual Startup Time": 3.496,
                        "Actual Total Time": 1338.197,
                        "Actual Rows": 104530,
                        "Actual Loops": 2,
                        "Inner Unique": true,
                        "Plans": [
                          {
                            "Node Type": "Nested Loop",
                            "Parent Relationship": "Outer",
                            "Parallel Aware": false,
                            "Join Type": "Inner",
                            "Startup Cost": 3.43,
                            "Total Cost": 78807.33,
                            "Plan Rows": 2480,
                            "Plan Width": 19,
                            "Actual Startup Time": 3.391,
                            "Actual Total Time": 1035.827,
                            "Actual Rows": 104530,
                            "Actual Loops": 2,
                            "Inner Unique": false,
                            "Plans": [
                              {
                                "Node Type": "Nested Loop",
                                "Parent Relationship": "Outer",
                                "Parallel Aware": false,
                                "Join Type": "Inner",
                                "Startup Cost": 2.87,
                                "Total Cost": 74544.54,
                                "Plan Rows": 285,
                                "Plan Width": 23,
                                "Actual Startup Time": 3.287,
                                "Actual Total Time": 977.92,
                                "Actual Rows": 2334,
                                "Actual Loops": 2,
                                "Inner Unique": true,
                                "Plans": [
                                  {
                                    "Node Type": "Hash Join",
                                    "Parent Relationship": "Outer",
                                    "Parallel Aware": false,
                                    "Join Type": "Inner",
                                    "Startup Cost": 2.44,
                                    "Total Cost": 72906.33,
                                    "Plan Rows": 285,
                                    "Plan Width": 4,
                                    "Actual Startup Time": 3.184,
                                    "Actual Total Time": 956.532,
                                    "Actual Rows": 2334,
                                    "Actual Loops": 2,
                                    "Inner Unique": true,
                                    "Hash Cond": "(pi.info_type_id = it2.id)",
                                    "Plans": [
                                      {
                                        "Node Type": "Seq Scan",
                                        "Parent Relationship": "Outer",
                                        "Parallel Aware": true,
                                        "Relation Name": "person_info",
                                        "Alias": "pi",
                                        "Startup Cost": 0.0,
                                        "Total Cost": 72859.99,
                                        "Plan Rows": 16121,
                                        "Plan Width": 8,
                                        "Actual Startup Time": 1.19,
                                        "Actual Total Time": 954.817,
                                        "Actual Rows": 8174,
                                        "Actual Loops": 2,
                                        "Filter": "(info ~~* '%india%'::text)",
                                        "Rows Removed by Filter": 1473658
                                      },
                                      {
                                        "Node Type": "Hash",
                                        "Parent Relationship": "Inner",
                                        "Parallel Aware": false,
                                        "Startup Cost": 2.41,
                                        "Total Cost": 2.41,
                                        "Plan Rows": 2,
                                        "Plan Width": 4,
                                        "Actual Startup Time": 0.114,
                                        "Actual Total Time": 0.115,
                                        "Actual Rows": 3,
                                        "Actual Loops": 2,
                                        "Hash Buckets": 1024,
                                        "Original Hash Buckets": 1024,
                                        "Hash Batches": 1,
                                        "Original Hash Batches": 1,
                                        "Peak Memory Usage": 9,
                                        "Plans": [
                                          {
                                            "Node Type": "Seq Scan",
                                            "Parent Relationship": "Outer",
                                            "Parallel Aware": false,
                                            "Relation Name": "info_type",
                                            "Alias": "it2",
                                            "Startup Cost": 0.0,
                                            "Total Cost": 2.41,
                                            "Plan Rows": 2,
                                            "Plan Width": 4,
                                            "Actual Startup Time": 0.03,
                                            "Actual Total Time": 0.099,
                                            "Actual Rows": 3,
                                            "Actual Loops": 2,
                                            "Filter": "((info)::text ~~* '%birth%'::text)",
                                            "Rows Removed by Filter": 110
                                          }
                                        ]
                                      }
                                    ]
                                  },
                                  {
                                    "Node Type": "Index Scan",
                                    "Parent Relationship": "Inner",
                                    "Parallel Aware": false,
                                    "Scan Direction": "Forward",
                                    "Index Name": "name_pkey",
                                    "Relation Name": "name",
                                    "Alias": "n",
                                    "Startup Cost": 0.43,
                                    "Total Cost": 5.75,
                                    "Plan Rows": 1,
                                    "Plan Width": 19,
                                    "Actual Startup Time": 0.009,
                                    "Actual Total Time": 0.009,
                                    "Actual Rows": 1,
                                    "Actual Loops": 4668,
                                    "Index Cond": "(id = pi.person_id)",
                                    "Rows Removed by Index Recheck": 0
                                  }
                                ]
                              },
                              {
                                "Node Type": "Index Scan",
                                "Parent Relationship": "Inner",
                                "Parallel Aware": false,
                                "Scan Direction": "Forward",
                                "Index Name": "person_id_cast_info",
                                "Relation Name": "cast_info",
                                "Alias": "ci",
                                "Startup Cost": 0.56,
                                "Total Cost": 9.86,
                                "Plan Rows": 510,
                                "Plan Width": 8,
                                "Actual Startup Time": 0.01,
                                "Actual Total Time": 0.02,
                                "Actual Rows": 45,
                                "Actual Loops": 4668,
                                "Index Cond": "(person_id = n.id)",
                                "Rows Removed by Index Recheck": 0
                              }
                            ]
                          },
                          {
                            "Node Type": "Index Scan",
                            "Parent Relationship": "Inner",
                            "Parallel Aware": false,
                            "Scan Direction": "Forward",
                            "Index Name": "title_pkey",
                            "Relation Name": "title",
                            "Alias": "t",
                            "Startup Cost": 0.43,
                            "Total Cost": 0.45,
                            "Plan Rows": 1,
                            "Plan Width": 21,
                            "Actual Startup Time": 0.003,
                            "Actual Total Time": 0.003,
                            "Actual Rows": 1,
                            "Actual Loops": 209061,
                            "Index Cond": "(id = ci.movie_id)",
                            "Rows Removed by Index Recheck": 0
                          }
                        ]
                      },
                      {
                        "Node Type": "Index Scan",
                        "Parent Relationship": "Inner",
                        "Parallel Aware": false,
                        "Scan Direction": "Forward",
                        "Index Name": "movie_id_movie_info_idx",
                        "Relation Name": "movie_info_idx",
                        "Alias": "mii",
                        "Startup Cost": 0.43,
                        "Total Cost": 0.5,
                        "Plan Rows": 1,
                        "Plan Width": 8,
                        "Actual Startup Time": 0.003,
                        "Actual Total Time": 0.003,
                        "Actual Rows": 0,
                        "Actual Loops": 209061,
                        "Index Cond": "(movie_id = ci.movie_id)",
                        "Rows Removed by Index Recheck": 0,
                        "Filter": "((info ~~* '8%'::text) OR (info ~~* '9%'::text) OR (info ~~* '10%'::text))",
                        "Rows Removed by Filter": 1
                      }
                    ]
                  },
                  {
                    "Node Type": "Hash",
                    "Parent Relationship": "Inner",
                    "Parallel Aware": false,
                    "Startup Cost": 2.41,
                    "Total Cost": 2.41,
                    "Plan Rows": 1,
                    "Plan Width": 4,
                    "Actual Startup Time": 0.163,
                    "Actual Total Time": 0.164,
                    "Actual Rows": 1,
                    "Actual Loops": 2,
                    "Hash Buckets": 1024,
                    "Original Hash Buckets": 1024,
                    "Hash Batches": 1,
                    "Original Hash Batches": 1,
                    "Peak Memory Usage": 9,
                    "Plans": [
                      {
                        "Node Type": "Seq Scan",
                        "Parent Relationship": "Outer",
                        "Parallel Aware": false,
                        "Relation Name": "info_type",
                        "Alias": "it1",
                        "Startup Cost": 0.0,
                        "Total Cost": 2.41,
                        "Plan Rows": 1,
                        "Plan Width": 4,
                        "Actual Startup Time": 0.138,
                        "Actual Total Time": 0.149,
                        "Actual Rows": 1,
                        "Actual Loops": 2,
                        "Filter": "((info)::text ~~* 'rating'::text)",
                        "Rows Removed by Filter": 112
                      }
                    ]
                  }
                ]
              }
            ]
          }
        ]
      }
    ]
  },
  "Planning Time": 2.433,
  "Triggers": [],
  "Execution Time": 1689.124
}