[
  {
    "Plan": {
      "Node Type": "Aggregate",
      "Strategy": "Plain",
      "Partial Mode": "Finalize",
      "Parallel Aware": false,
      "Startup Cost": 342599.48,
      "Total Cost": 342599.49,
      "Plan Rows": 1,
      "Plan Width": 8,
      "Actual Startup Time": 1118.773,
      "Actual Total Time": 1178.802,
      "Actual Rows": 1,
      "Actual Loops": 1,
      "Plans": [
        {
          "Node Type": "Gather",
          "Parent Relationship": "Outer",
          "Parallel Aware": false,
          "Startup Cost": 342598.86,
          "Total Cost": 342599.47,
          "Plan Rows": 6,
          "Plan Width": 8,
          "Actual Startup Time": 1118.489,
          "Actual Total Time": 1178.783,
          "Actual Rows": 7,
          "Actual Loops": 1,
          "Workers Planned": 6,
          "Workers Launched": 6,
          "Single Copy": false,
          "Plans": [
            {
              "Node Type": "Aggregate",
              "Strategy": "Plain",
              "Partial Mode": "Partial",
              "Parent Relationship": "Outer",
              "Parallel Aware": false,
              "Startup Cost": 341598.86,
              "Total Cost": 341598.87,
              "Plan Rows": 1,
              "Plan Width": 8,
              "Actual Startup Time": 1108.591,
              "Actual Total Time": 1108.593,
              "Actual Rows": 1,
              "Actual Loops": 7,
              "Plans": [
                {
                  "Node Type": "Seq Scan",
                  "Parent Relationship": "Outer",
                  "Parallel Aware": true,
                  "Relation Name": "cast_info",
                  "Alias": "ci",
                  "Startup Cost": 0.0,
                  "Total Cost": 328211.39,
                  "Plan Rows": 5354986,
                  "Plan Width": 0,
                  "Actual Startup Time": 0.076,
                  "Actual Total Time": 814.67,
                  "Actual Rows": 4596712,
                  "Actual Loops": 7,
                  "Filter": "(person_id < 3311050)",
                  "Rows Removed by Filter": 581052
                }
              ]
            }
          ]
        }
      ]
    },
    "Planning Time": 0.176,
    "Triggers": [],
    "Execution Time": 1178.871
  }
]