{
  "Plan": {
    "Node Type": "Aggregate",
    "Strategy": "Plain",
    "Partial Mode": "Finalize",
    "Parallel Aware": false,
    "Startup Cost": 142745.84,
    "Total Cost": 142745.85,
    "Plan Rows": 1,
    "Plan Width": 8,
    "Actual Startup Time": 707.906,
    "Actual Total Time": 726.039,
    "Actual Rows": 1,
    "Actual Loops": 1,
    "Plans": [
      {
        "Node Type": "Gather",
        "Parent Relationship": "Outer",
        "Parallel Aware": false,
        "Startup Cost": 142745.73,
        "Total Cost": 142745.84,
        "Plan Rows": 1,
        "Plan Width": 8,
        "Actual Startup Time": 706.326,
        "Actual Total Time": 726.032,
        "Actual Rows": 2,
        "Actual Loops": 1,
        "Workers Planned": 1,
        "Workers Launched": 1,
        "Single Copy": false,
        "Plans": [
          {
            "Node Type": "Aggregate",
            "Strategy": "Plain",
            "Partial Mode": "Partial",
            "Parent Relationship": "Outer",
            "Parallel Aware": false,
            "Startup Cost": 141745.73,
            "Total Cost": 141745.74,
            "Plan Rows": 1,
            "Plan Width": 8,
            "Actual Startup Time": 700.288,
            "Actual Total Time": 700.295,
            "Actual Rows": 1,
            "Actual Loops": 2,
            "Plans": [
              {
                "Node Type": "Hash Join",
                "Parent Relationship": "Outer",
                "Parallel Aware": true,
                "Join Type": "Inner",
                "Startup Cost": 77832.38,
                "Total Cost": 141604.94,
                "Plan Rows": 56315,
                "Plan Width": 0,
                "Actual Startup Time": 378.537,
                "Actual Total Time": 688.705,
                "Actual Rows": 294904,
                "Actual Loops": 2,
                "Inner Unique": false,
                "Hash Cond": "(mk.movie_id = t.id)",
                "Plans": [
                  {
                    "Node Type": "Seq Scan",
                    "Parent Relationship": "Outer",
                    "Parallel Aware": true,
                    "Relation Name": "movie_keyword",
                    "Alias": "mk",
                    "Startup Cost": 0.0,
                    "Total Cost": 57718.19,
                    "Plan Rows": 1526161,
                    "Plan Width": 4,
                    "Actual Startup Time": 0.014,
                    "Actual Total Time": 190.166,
                    "Actual Rows": 1295362,
                    "Actual Loops": 2,
                    "Filter": "(keyword_id < 6890)",
                    "Rows Removed by Filter": 966604
                  },
                  {
                    "Node Type": "Hash",
                    "Parent Relationship": "Inner",
                    "Parallel Aware": true,
                    "Startup Cost": 77146.39,
                    "Total Cost": 77146.39,
                    "Plan Rows": 54879,
                    "Plan Width": 8,
                    "Actual Startup Time": 375.915,
                    "Actual Total Time": 375.919,
                    "Actual Rows": 54771,
                    "Actual Loops": 2,
                    "Hash Buckets": 131072,
                    "Original Hash Buckets": 131072,
                    "Hash Batches": 1,
                    "Original Hash Batches": 1,
                    "Peak Memory Usage": 5344,
                    "Plans": [
                      {
                        "Node Type": "Hash Join",
                        "Parent Relationship": "Outer",
                        "Parallel Aware": true,
                        "Join Type": "Inner",
                        "Startup Cost": 58352.63,
                        "Total Cost": 77146.39,
                        "Plan Rows": 54879,
                        "Plan Width": 8,
                        "Actual Startup Time": 236.925,
                        "Actual Total Time": 360.363,
                        "Actual Rows": 54771,
                        "Actual Loops": 2,
                        "Inner Unique": true,
                        "Hash Cond": "(mi_idx.movie_id = t.id)",
                        "Plans": [
                          {
                            "Node Type": "Seq Scan",
                            "Parent Relationship": "Outer",
                            "Parallel Aware": true,
                            "Relation Name": "movie_info_idx",
                            "Alias": "mi_idx",
                            "Startup Cost": 0.0,
                            "Total Cost": 18082.32,
                            "Plan Rows": 271028,
                            "Plan Width": 4,
                            "Actual Startup Time": 0.023,
                            "Actual Total Time": 53.172,
                            "Actual Rows": 229962,
                            "Actual Loops": 2,
                            "Filter": "(info_type_id = 101)",
                            "Rows Removed by Filter": 460055
                          },
                          {
                            "Node Type": "Hash",
                            "Parent Relationship": "Inner",
                            "Parallel Aware": true,
                            "Startup Cost": 54588.39,
                            "Total Cost": 54588.39,
                            "Plan Rows": 301139,
                            "Plan Width": 4,
                            "Actual Startup Time": 232.666,
                            "Actual Total Time": 232.667,
                            "Actual Rows": 261867,
                            "Actual Loops": 2,
                            "Hash Buckets": 524288,
                            "Original Hash Buckets": 524288,
                            "Hash Batches": 1,
                            "Original Hash Batches": 1,
                            "Peak Memory Usage": 24640,
                            "Plans": [
                              {
                                "Node Type": "Seq Scan",
                                "Parent Relationship": "Outer",
                                "Parallel Aware": true,
                                "Relation Name": "title",
                                "Alias": "t",
                                "Startup Cost": 0.0,
                                "Total Cost": 54588.39,
                                "Plan Rows": 301139,
                                "Plan Width": 4,
                                "Actual Startup Time": 0.077,
                                "Actual Total Time": 154.99,
                                "Actual Rows": 261867,
                                "Actual Loops": 2,
                                "Filter": "(production_year < 1981)",
                                "Rows Removed by Filter": 1002289
                              }
                            ]
                          }
                        ]
                      }
                    ]
                  }
                ]
              }
            ]
          }
        ]
      }
    ]
  },
  "Planning Time": 0.864,
  "Triggers": [],
  "Execution Time": 726.136
}