{
  "Plan": {
    "Node Type": "Aggregate",
    "Strategy": "Plain",
    "Partial Mode": "Finalize",
    "Parallel Aware": false,
    "Startup Cost": 115558.89,
    "Total Cost": 115558.9,
    "Plan Rows": 1,
    "Plan Width": 8,
    "Actual Startup Time": 762.786,
    "Actual Total Time": 784.279,
    "Actual Rows": 1,
    "Actual Loops": 1,
    "Plans": [
      {
        "Node Type": "Gather",
        "Parent Relationship": "Outer",
        "Parallel Aware": false,
        "Startup Cost": 115558.78,
        "Total Cost": 115558.89,
        "Plan Rows": 1,
        "Plan Width": 8,
        "Actual Startup Time": 756.286,
        "Actual Total Time": 784.269,
        "Actual Rows": 2,
        "Actual Loops": 1,
        "Workers Planned": 1,
        "Workers Launched": 1,
        "Single Copy": false,
        "Plans": [
          {
            "Node Type": "Aggregate",
            "Strategy": "Plain",
            "Partial Mode": "Partial",
            "Parent Relationship": "Outer",
            "Parallel Aware": false,
            "Startup Cost": 114558.78,
            "Total Cost": 114558.79,
            "Plan Rows": 1,
            "Plan Width": 8,
            "Actual Startup Time": 744.538,
            "Actual Total Time": 744.542,
            "Actual Rows": 1,
            "Actual Loops": 2,
            "Plans": [
              {
                "Node Type": "Hash Join",
                "Parent Relationship": "Outer",
                "Parallel Aware": true,
                "Join Type": "Inner",
                "Startup Cost": 83327.37,
                "Total Cost": 113597.45,
                "Plan Rows": 384534,
                "Plan Width": 0,
                "Actual Startup Time": 558.866,
                "Actual Total Time": 729.958,
                "Actual Rows": 332130,
                "Actual Loops": 2,
                "Inner Unique": true,
                "Hash Cond": "(mk.movie_id = t.id)",
                "Plans": [
                  {
                    "Node Type": "Bitmap Heap Scan",
                    "Parent Relationship": "Outer",
                    "Parallel Aware": true,
                    "Relation Name": "movie_keyword",
                    "Alias": "mk",
                    "Startup Cost": 13866.67,
                    "Total Cost": 43127.35,
                    "Plan Rows": 384534,
                    "Plan Width": 4,
                    "Actual Startup Time": 39.276,
                    "Actual Total Time": 112.895,
                    "Actual Rows": 332130,
                    "Actual Loops": 2,
                    "Recheck Cond": "(keyword_id < 519)",
                    "Rows Removed by Index Recheck": 0,
                    "Exact Heap Blocks": 12407,
                    "Lossy Heap Blocks": 0,
                    "Plans": [
                      {
                        "Node Type": "Bitmap Index Scan",
                        "Parent Relationship": "Outer",
                        "Parallel Aware": false,
                        "Index Name": "keyword_id_movie_keyword",
                        "Startup Cost": 0.0,
                        "Total Cost": 13703.24,
                        "Plan Rows": 653708,
                        "Plan Width": 0,
                        "Actual Startup Time": 35.692,
                        "Actual Total Time": 35.693,
                        "Actual Rows": 664261,
                        "Actual Loops": 1,
                        "Index Cond": "(keyword_id < 519)"
                      }
                    ]
                  },
                  {
                    "Node Type": "Hash",
                    "Parent Relationship": "Inner",
                    "Parallel Aware": true,
                    "Startup Cost": 50870.31,
                    "Total Cost": 50870.31,
                    "Plan Rows": 1487231,
                    "Plan Width": 4,
                    "Actual Startup Time": 497.947,
                    "Actual Total Time": 497.948,
                    "Actual Rows": 1264156,
                    "Actual Loops": 2,
                    "Hash Buckets": 4194304,
                    "Original Hash Buckets": 4194304,
                    "Hash Batches": 1,
                    "Original Hash Batches": 1,
                    "Peak Memory Usage": 131712,
                    "Plans": [
                      {
                        "Node Type": "Seq Scan",
                        "Parent Relationship": "Outer",
                        "Parallel Aware": true,
                        "Relation Name": "title",
                        "Alias": "t",
                        "Startup Cost": 0.0,
                        "Total Cost": 50870.31,
                        "Plan Rows": 1487231,
                        "Plan Width": 4,
                        "Actual Startup Time": 0.024,
                        "Actual Total Time": 153.128,
                        "Actual Rows": 1264156,
                        "Actual Loops": 2
                      }
                    ]
                  }
                ]
              }
            ]
          }
        ]
      }
    ]
  },
  "Planning Time": 0.695,
  "Triggers": [],
  "Execution Time": 784.367
}