[
  {
    "Plan": {
      "Node Type": "Aggregate",
      "Strategy": "Plain",
      "Partial Mode": "Finalize",
      "Parallel Aware": false,
      "Startup Cost": 45563.26,
      "Total Cost": 45563.27,
      "Plan Rows": 1,
      "Plan Width": 8,
      "Actual Startup Time": 150.803,
      "Actual Total Time": 159.99,
      "Actual Rows": 1,
      "Actual Loops": 1,
      "Plans": [
        {
          "Node Type": "Gather",
          "Parent Relationship": "Outer",
          "Parallel Aware": false,
          "Startup Cost": 45562.94,
          "Total Cost": 45563.25,
          "Plan Rows": 3,
          "Plan Width": 8,
          "Actual Startup Time": 150.677,
          "Actual Total Time": 159.981,
          "Actual Rows": 4,
          "Actual Loops": 1,
          "Workers Planned": 3,
          "Workers Launched": 3,
          "Single Copy": false,
          "Plans": [
            {
              "Node Type": "Aggregate",
              "Strategy": "Plain",
              "Partial Mode": "Partial",
              "Parent Relationship": "Outer",
              "Parallel Aware": false,
              "Startup Cost": 44562.94,
              "Total Cost": 44562.95,
              "Plan Rows": 1,
              "Plan Width": 8,
              "Actual Startup Time": 143.401,
              "Actual Total Time": 143.402,
              "Actual Rows": 1,
              "Actual Loops": 4,
              "Plans": [
                {
                  "Node Type": "Seq Scan",
                  "Parent Relationship": "Outer",
                  "Parallel Aware": true,
                  "Relation Name": "movie_keyword",
                  "Alias": "mk",
                  "Startup Cost": 0.0,
                  "Total Cost": 42695.65,
                  "Plan Rows": 746915,
                  "Plan Width": 0,
                  "Actual Startup Time": 0.665,
                  "Actual Total Time": 115.368,
                  "Actual Rows": 577929,
                  "Actual Loops": 4,
                  "Filter": "(keyword_id > 4471)",
                  "Rows Removed by Filter": 553054
                }
              ]
            }
          ]
        }
      ]
    },
    "Planning Time": 0.184,
    "Triggers": [],
    "Execution Time": 160.046
  }
]