[
  {
    "Plan": {
      "Node Type": "Aggregate",
      "Strategy": "Plain",
      "Partial Mode": "Finalize",
      "Parallel Aware": false,
      "Startup Cost": 45569.07,
      "Total Cost": 45569.08,
      "Plan Rows": 1,
      "Plan Width": 8,
      "Actual Startup Time": 158.248,
      "Actual Total Time": 166.094,
      "Actual Rows": 1,
      "Actual Loops": 1,
      "Plans": [
        {
          "Node Type": "Gather",
          "Parent Relationship": "Outer",
          "Parallel Aware": false,
          "Startup Cost": 45568.76,
          "Total Cost": 45569.07,
          "Plan Rows": 3,
          "Plan Width": 8,
          "Actual Startup Time": 158.126,
          "Actual Total Time": 166.086,
          "Actual Rows": 4,
          "Actual Loops": 1,
          "Workers Planned": 3,
          "Workers Launched": 3,
          "Single Copy": false,
          "Plans": [
            {
              "Node Type": "Aggregate",
              "Strategy": "Plain",
              "Partial Mode": "Partial",
              "Parent Relationship": "Outer",
              "Parallel Aware": false,
              "Startup Cost": 44568.76,
              "Total Cost": 44568.77,
              "Plan Rows": 1,
              "Plan Width": 8,
              "Actual Startup Time": 151.716,
              "Actual Total Time": 151.717,
              "Actual Rows": 1,
              "Actual Loops": 4,
              "Plans": [
                {
                  "Node Type": "Seq Scan",
                  "Parent Relationship": "Outer",
                  "Parallel Aware": true,
                  "Relation Name": "movie_keyword",
                  "Alias": "mk",
                  "Startup Cost": 0.0,
                  "Total Cost": 42695.65,
                  "Plan Rows": 749241,
                  "Plan Width": 0,
                  "Actual Startup Time": 0.621,
                  "Actual Total Time": 123.143,
                  "Actual Rows": 580316,
                  "Actual Loops": 4,
                  "Filter": "(keyword_id > 4423)",
                  "Rows Removed by Filter": 550667
                }
              ]
            }
          ]
        }
      ]
    },
    "Planning Time": 0.163,
    "Triggers": [],
    "Execution Time": 166.143
  }
]