[
    {
        "Bao": {
            "Bao prediction": "NaN",
            "Bao recommended hint": "(no hint)"
        }
    },
    {
        "Plan": {
            "Node Type": "Aggregate",
            "Strategy": "Plain",
            "Partial Mode": "Finalize",
            "Parallel Aware": false,
            "Startup Cost": 44315.31,
            "Total Cost": 44315.32,
            "Plan Rows": 1,
            "Plan Width": 8,
            "Actual Startup Time": 143.844,
            "Actual Total Time": 152.907,
            "Actual Rows": 1,
            "Actual Loops": 1,
            "Output": [
                "count(*)"
            ],
            "Plans": [
                {
                    "Node Type": "Gather",
                    "Parent Relationship": "Outer",
                    "Parallel Aware": false,
                    "Startup Cost": 44315.0,
                    "Total Cost": 44315.31,
                    "Plan Rows": 3,
                    "Plan Width": 8,
                    "Actual Startup Time": 143.706,
                    "Actual Total Time": 152.897,
                    "Actual Rows": 4,
                    "Actual Loops": 1,
                    "Output": [
                        "(PARTIAL count(*))"
                    ],
                    "Workers Planned": 3,
                    "Workers Launched": 3,
                    "Single Copy": false,
                    "Plans": [
                        {
                            "Node Type": "Aggregate",
                            "Strategy": "Plain",
                            "Partial Mode": "Partial",
                            "Parent Relationship": "Outer",
                            "Parallel Aware": false,
                            "Startup Cost": 43315.0,
                            "Total Cost": 43315.01,
                            "Plan Rows": 1,
                            "Plan Width": 8,
                            "Actual Startup Time": 135.314,
                            "Actual Total Time": 135.315,
                            "Actual Rows": 1,
                            "Actual Loops": 4,
                            "Output": [
                                "PARTIAL count(*)"
                            ],
                            "Workers": [
                                {
                                    "Worker Number": 0,
                                    "Actual Startup Time": 132.584,
                                    "Actual Total Time": 132.586,
                                    "Actual Rows": 1,
                                    "Actual Loops": 1
                                },
                                {
                                    "Worker Number": 1,
                                    "Actual Startup Time": 132.714,
                                    "Actual Total Time": 132.715,
                                    "Actual Rows": 1,
                                    "Actual Loops": 1
                                },
                                {
                                    "Worker Number": 2,
                                    "Actual Startup Time": 132.858,
                                    "Actual Total Time": 132.859,
                                    "Actual Rows": 1,
                                    "Actual Loops": 1
                                }
                            ],
                            "Plans": [
                                {
                                    "Node Type": "Seq Scan",
                                    "Parent Relationship": "Outer",
                                    "Parallel Aware": true,
                                    "Relation Name": "movie_keyword",
                                    "Schema": "public",
                                    "Alias": "mk",
                                    "Startup Cost": 0.0,
                                    "Total Cost": 42695.65,
                                    "Plan Rows": 247737,
                                    "Plan Width": 0,
                                    "Actual Startup Time": 6.627,
                                    "Actual Total Time": 122.651,
                                    "Actual Rows": 187642,
                                    "Actual Loops": 4,
                                    "Output": [
                                        "id",
                                        "movie_id",
                                        "keyword_id"
                                    ],
                                    "Filter": "(mk.keyword_id > 24904)",
                                    "Rows Removed by Filter": 943340,
                                    "Workers": [
                                        {
                                            "Worker Number": 0,
                                            "Actual Startup Time": 3.901,
                                            "Actual Total Time": 120.203,
                                            "Actual Rows": 195583,
                                            "Actual Loops": 1
                                        },
                                        {
                                            "Worker Number": 1,
                                            "Actual Startup Time": 4.009,
                                            "Actual Total Time": 120.218,
                                            "Actual Rows": 156552,
                                            "Actual Loops": 1
                                        },
                                        {
                                            "Worker Number": 2,
                                            "Actual Startup Time": 4.17,
                                            "Actual Total Time": 121.142,
                                            "Actual Rows": 139443,
                                            "Actual Loops": 1
                                        }
                                    ]
                                }
                            ]
                        }
                    ]
                }
            ]
        },
        "Planning Time": 351.094,
        "Triggers": [],
        "Execution Time": 152.987
    }
]