[
  {
    "Plan": {
      "Node Type": "Aggregate",
      "Strategy": "Plain",
      "Partial Mode": "Finalize",
      "Parallel Aware": false,
      "Startup Cost": 80128.84,
      "Total Cost": 80128.85,
      "Plan Rows": 1,
      "Plan Width": 8,
      "Actual Startup Time": 250.244,
      "Actual Total Time": 265.738,
      "Actual Rows": 1,
      "Actual Loops": 1,
      "Plans": [
        {
          "Node Type": "Gather",
          "Parent Relationship": "Outer",
          "Parallel Aware": false,
          "Startup Cost": 80128.52,
          "Total Cost": 80128.83,
          "Plan Rows": 3,
          "Plan Width": 8,
          "Actual Startup Time": 249.061,
          "Actual Total Time": 265.73,
          "Actual Rows": 4,
          "Actual Loops": 1,
          "Workers Planned": 3,
          "Workers Launched": 3,
          "Single Copy": false,
          "Plans": [
            {
              "Node Type": "Aggregate",
              "Strategy": "Plain",
              "Partial Mode": "Partial",
              "Parent Relationship": "Outer",
              "Parallel Aware": false,
              "Startup Cost": 79128.52,
              "Total Cost": 79128.53,
              "Plan Rows": 1,
              "Plan Width": 8,
              "Actual Startup Time": 240.127,
              "Actual Total Time": 240.13,
              "Actual Rows": 1,
              "Actual Loops": 4,
              "Plans": [
                {
                  "Node Type": "Hash Join",
                  "Parent Relationship": "Outer",
                  "Parallel Aware": true,
                  "Join Type": "Inner",
                  "Startup Cost": 46937.25,
                  "Total Cost": 79012.45,
                  "Plan Rows": 46429,
                  "Plan Width": 0,
                  "Actual Startup Time": 150.275,
                  "Actual Total Time": 237.912,
                  "Actual Rows": 48784,
                  "Actual Loops": 4,
                  "Inner Unique": true,
                  "Hash Cond": "(mc.movie_id = t.id)",
                  "Plans": [
                    {
                      "Node Type": "Seq Scan",
                      "Parent Relationship": "Outer",
                      "Parallel Aware": true,
                      "Relation Name": "movie_companies",
                      "Alias": "mc",
                      "Startup Cost": 0.0,
                      "Total Cost": 31414.82,
                      "Plan Rows": 251574,
                      "Plan Width": 4,
                      "Actual Startup Time": 3.057,
                      "Actual Total Time": 68.87,
                      "Actual Rows": 140406,
                      "Actual Loops": 4,
                      "Filter": "((company_id > 5488) AND (company_type_id < 2))",
                      "Rows Removed by Filter": 511877
                    },
                    {
                      "Node Type": "Hash",
                      "Parent Relationship": "Inner",
                      "Parallel Aware": true,
                      "Startup Cost": 45479.1,
                      "Total Cost": 45479.1,
                      "Plan Rows": 116652,
                      "Plan Width": 4,
                      "Actual Startup Time": 134.56,
                      "Actual Total Time": 134.561,
                      "Actual Rows": 85186,
                      "Actual Loops": 4,
                      "Hash Buckets": 524288,
                      "Original Hash Buckets": 524288,
                      "Hash Batches": 1,
                      "Original Hash Batches": 1,
                      "Peak Memory Usage": 17472,
                      "Plans": [
                        {
                          "Node Type": "Seq Scan",
                          "Parent Relationship": "Outer",
                          "Parallel Aware": true,
                          "Relation Name": "title",
                          "Alias": "t",
                          "Startup Cost": 0.0,
                          "Total Cost": 45479.1,
                          "Plan Rows": 116652,
                          "Plan Width": 4,
                          "Actual Startup Time": 48.986,
                          "Actual Total Time": 105.831,
                          "Actual Rows": 85186,
                          "Actual Loops": 4,
                          "Filter": "((production_year > 1989) AND (kind_id = 1))",
                          "Rows Removed by Filter": 546892
                        }
                      ]
                    }
                  ]
                }
              ]
            }
          ]
        }
      ]
    },
    "Planning Time": 0.67,
    "Triggers": [],
    "Execution Time": 265.808
  }
]