{
    "Plan": {
        "Node Type": "Aggregate",
        "Strategy": "Plain",
        "Partial Mode": "Finalize",
        "Parallel Aware": false,
        "Startup Cost": 55372.3,
        "Total Cost": 55372.31,
        "Plan Rows": 1,
        "Plan Width": 8,
        "Actual Startup Time": 121.921,
        "Actual Total Time": 133.197,
        "Actual Rows": 1,
        "Actual Loops": 1,
        "Output": [
            "count(*)"
        ],
        "Plans": [
            {
                "Node Type": "Gather",
                "Parent Relationship": "Outer",
                "Parallel Aware": false,
                "Startup Cost": 55371.99,
                "Total Cost": 55372.3,
                "Plan Rows": 3,
                "Plan Width": 8,
                "Actual Startup Time": 121.796,
                "Actual Total Time": 133.19,
                "Actual Rows": 4,
                "Actual Loops": 1,
                "Output": [
                    "(PARTIAL count(*))"
                ],
                "Workers Planned": 3,
                "Workers Launched": 3,
                "Single Copy": false,
                "Plans": [
                    {
                        "Node Type": "Aggregate",
                        "Strategy": "Plain",
                        "Partial Mode": "Partial",
                        "Parent Relationship": "Outer",
                        "Parallel Aware": false,
                        "Startup Cost": 54371.99,
                        "Total Cost": 54372.0,
                        "Plan Rows": 1,
                        "Plan Width": 8,
                        "Actual Startup Time": 112.557,
                        "Actual Total Time": 112.56,
                        "Actual Rows": 1,
                        "Actual Loops": 4,
                        "Output": [
                            "PARTIAL count(*)"
                        ],
                        "Workers": [
                            {
                                "Worker Number": 0,
                                "Actual Startup Time": 110.333,
                                "Actual Total Time": 110.336,
                                "Actual Rows": 1,
                                "Actual Loops": 1
                            },
                            {
                                "Worker Number": 1,
                                "Actual Startup Time": 110.227,
                                "Actual Total Time": 110.229,
                                "Actual Rows": 1,
                                "Actual Loops": 1
                            },
                            {
                                "Worker Number": 2,
                                "Actual Startup Time": 109.845,
                                "Actual Total Time": 109.848,
                                "Actual Rows": 1,
                                "Actual Loops": 1
                            }
                        ],
                        "Plans": [
                            {
                                "Node Type": "Hash Join",
                                "Parent Relationship": "Outer",
                                "Parallel Aware": true,
                                "Join Type": "Inner",
                                "Startup Cost": 45500.21,
                                "Total Cost": 54371.59,
                                "Plan Rows": 160,
                                "Plan Width": 0,
                                "Actual Startup Time": 101.116,
                                "Actual Total Time": 112.55,
                                "Actual Rows": 15,
                                "Actual Loops": 4,
                                "Inner Unique": true,
                                "Hash Cond": "(ci.movie_id = t.id)",
                                "Workers": [
                                    {
                                        "Worker Number": 0,
                                        "Actual Startup Time": 100.562,
                                        "Actual Total Time": 110.326,
                                        "Actual Rows": 4,
                                        "Actual Loops": 1
                                    },
                                    {
                                        "Worker Number": 1,
                                        "Actual Startup Time": 98.132,
                                        "Actual Total Time": 110.22,
                                        "Actual Rows": 18,
                                        "Actual Loops": 1
                                    },
                                    {
                                        "Worker Number": 2,
                                        "Actual Startup Time": 97.598,
                                        "Actual Total Time": 109.837,
                                        "Actual Rows": 14,
                                        "Actual Loops": 1
                                    }
                                ],
                                "Plans": [
                                    {
                                        "Node Type": "Index Scan",
                                        "Parent Relationship": "Outer",
                                        "Parallel Aware": true,
                                        "Scan Direction": "Forward",
                                        "Index Name": "role_id_cast_info",
                                        "Relation Name": "cast_info",
                                        "Schema": "public",
                                        "Alias": "ci",
                                        "Startup Cost": 0.56,
                                        "Total Cost": 8709.54,
                                        "Plan Rows": 61867,
                                        "Plan Width": 4,
                                        "Actual Startup Time": 0.058,
                                        "Actual Total Time": 11.148,
                                        "Actual Rows": 19866,
                                        "Actual Loops": 4,
                                        "Output": [
                                            "ci.id",
                                            "ci.person_id",
                                            "ci.movie_id",
                                            "ci.person_role_id",
                                            "ci.note",
                                            "ci.nr_order",
                                            "ci.role_id"
                                        ],
                                        "Index Cond": "(ci.role_id > 10)",
                                        "Rows Removed by Index Recheck": 0,
                                        "Filter": "(ci.person_id < 2338729)",
                                        "Rows Removed by Filter": 59163,
                                        "Workers": [
                                            {
                                                "Worker Number": 0,
                                                "Actual Startup Time": 0.074,
                                                "Actual Total Time": 11.075,
                                                "Actual Rows": 17185,
                                                "Actual Loops": 1
                                            },
                                            {
                                                "Worker Number": 1,
                                                "Actual Startup Time": 0.058,
                                                "Actual Total Time": 11.124,
                                                "Actual Rows": 20490,
                                                "Actual Loops": 1
                                            },
                                            {
                                                "Worker Number": 2,
                                                "Actual Startup Time": 0.041,
                                                "Actual Total Time": 11.156,
                                                "Actual Rows": 20174,
                                                "Actual Loops": 1
                                            }
                                        ]
                                    },
                                    {
                                        "Node Type": "Hash",
                                        "Parent Relationship": "Inner",
                                        "Parallel Aware": true,
                                        "Startup Cost": 45479.21,
                                        "Total Cost": 45479.21,
                                        "Plan Rows": 1635,
                                        "Plan Width": 4,
                                        "Actual Startup Time": 98.271,
                                        "Actual Total Time": 98.272,
                                        "Actual Rows": 1640,
                                        "Actual Loops": 4,
                                        "Output": [
                                            "t.id"
                                        ],
                                        "Hash Buckets": 8192,
                                        "Original Hash Buckets": 8192,
                                        "Hash Batches": 1,
                                        "Original Hash Batches": 1,
                                        "Peak Memory Usage": 384,
                                        "Workers": [
                                            {
                                                "Worker Number": 0,
                                                "Actual Startup Time": 96.449,
                                                "Actual Total Time": 96.449,
                                                "Actual Rows": 1427,
                                                "Actual Loops": 1
                                            },
                                            {
                                                "Worker Number": 1,
                                                "Actual Startup Time": 96.369,
                                                "Actual Total Time": 96.37,
                                                "Actual Rows": 1460,
                                                "Actual Loops": 1
                                            },
                                            {
                                                "Worker Number": 2,
                                                "Actual Startup Time": 96.011,
                                                "Actual Total Time": 96.012,
                                                "Actual Rows": 1117,
                                                "Actual Loops": 1
                                            }
                                        ],
                                        "Plans": [
                                            {
                                                "Node Type": "Seq Scan",
                                                "Parent Relationship": "Outer",
                                                "Parallel Aware": true,
                                                "Relation Name": "title",
                                                "Schema": "public",
                                                "Alias": "t",
                                                "Startup Cost": 0.0,
                                                "Total Cost": 45479.21,
                                                "Plan Rows": 1635,
                                                "Plan Width": 4,
                                                "Actual Startup Time": 0.209,
                                                "Actual Total Time": 97.2,
                                                "Actual Rows": 1640,
                                                "Actual Loops": 4,
                                                "Output": [
                                                    "t.id"
                                                ],
                                                "Filter": "((t.kind_id = 7) AND (t.production_year = 1963))",
                                                "Rows Removed by Filter": 630438,
                                                "Workers": [
                                                    {
                                                        "Worker Number": 0,
                                                        "Actual Startup Time": 0.143,
                                                        "Actual Total Time": 95.337,
                                                        "Actual Rows": 1427,
                                                        "Actual Loops": 1
                                                    },
                                                    {
                                                        "Worker Number": 1,
                                                        "Actual Startup Time": 0.245,
                                                        "Actual Total Time": 95.287,
                                                        "Actual Rows": 1460,
                                                        "Actual Loops": 1
                                                    },
                                                    {
                                                        "Worker Number": 2,
                                                        "Actual Startup Time": 0.328,
                                                        "Actual Total Time": 94.911,
                                                        "Actual Rows": 1117,
                                                        "Actual Loops": 1
                                                    }
                                                ]
                                            }
                                        ]
                                    }
                                ]
                            }
                        ]
                    }
                ]
            }
        ]
    },
    "Planning Time": 0.819,
    "Triggers": [],
    "Execution Time": 133.274
}