[
  {
    "Plan": {
      "Node Type": "Aggregate",
      "Strategy": "Plain",
      "Partial Mode": "Finalize",
      "Parallel Aware": false,
      "Startup Cost": 94792.59,
      "Total Cost": 94792.6,
      "Plan Rows": 1,
      "Plan Width": 8,
      "Actual Startup Time": 459.614,
      "Actual Total Time": 475.126,
      "Actual Rows": 1,
      "Actual Loops": 1,
      "Plans": [
        {
          "Node Type": "Gather",
          "Parent Relationship": "Outer",
          "Parallel Aware": false,
          "Startup Cost": 94792.27,
          "Total Cost": 94792.58,
          "Plan Rows": 3,
          "Plan Width": 8,
          "Actual Startup Time": 447.804,
          "Actual Total Time": 475.119,
          "Actual Rows": 4,
          "Actual Loops": 1,
          "Workers Planned": 3,
          "Workers Launched": 3,
          "Single Copy": false,
          "Plans": [
            {
              "Node Type": "Aggregate",
              "Strategy": "Plain",
              "Partial Mode": "Partial",
              "Parent Relationship": "Outer",
              "Parallel Aware": false,
              "Startup Cost": 93792.27,
              "Total Cost": 93792.28,
              "Plan Rows": 1,
              "Plan Width": 8,
              "Actual Startup Time": 438.508,
              "Actual Total Time": 438.511,
              "Actual Rows": 1,
              "Actual Loops": 4,
              "Plans": [
                {
                  "Node Type": "Hash Join",
                  "Parent Relationship": "Outer",
                  "Parallel Aware": true,
                  "Join Type": "Inner",
                  "Startup Cost": 48733.6,
                  "Total Cost": 92922.29,
                  "Plan Rows": 347995,
                  "Plan Width": 0,
                  "Actual Startup Time": 263.914,
                  "Actual Total Time": 429.523,
                  "Actual Rows": 222127,
                  "Actual Loops": 4,
                  "Inner Unique": true,
                  "Hash Cond": "(mk.movie_id = t.id)",
                  "Plans": [
                    {
                      "Node Type": "Seq Scan",
                      "Parent Relationship": "Outer",
                      "Parallel Aware": true,
                      "Relation Name": "movie_keyword",
                      "Alias": "mk",
                      "Startup Cost": 0.0,
                      "Total Cost": 42695.65,
                      "Plan Rows": 568776,
                      "Plan Width": 4,
                      "Actual Startup Time": 0.482,
                      "Actual Total Time": 95.978,
                      "Actual Rows": 436921,
                      "Actual Loops": 4,
                      "Filter": "(keyword_id > 7986)",
                      "Rows Removed by Filter": 694062
                    },
                    {
                      "Node Type": "Hash",
                      "Parent Relationship": "Inner",
                      "Parallel Aware": true,
                      "Startup Cost": 43899.32,
                      "Total Cost": 43899.32,
                      "Plan Rows": 386742,
                      "Plan Width": 4,
                      "Actual Startup Time": 257.445,
                      "Actual Total Time": 257.446,
                      "Actual Rows": 382903,
                      "Actual Loops": 4,
                      "Hash Buckets": 2097152,
                      "Original Hash Buckets": 2097152,
                      "Hash Batches": 1,
                      "Original Hash Batches": 1,
                      "Peak Memory Usage": 76384,
                      "Plans": [
                        {
                          "Node Type": "Seq Scan",
                          "Parent Relationship": "Outer",
                          "Parallel Aware": true,
                          "Relation Name": "title",
                          "Alias": "t",
                          "Startup Cost": 0.0,
                          "Total Cost": 43899.32,
                          "Plan Rows": 386742,
                          "Plan Width": 4,
                          "Actual Startup Time": 0.049,
                          "Actual Total Time": 109.547,
                          "Actual Rows": 382903,
                          "Actual Loops": 4,
                          "Filter": "(production_year > 1997)",
                          "Rows Removed by Filter": 249175
                        }
                      ]
                    }
                  ]
                }
              ]
            }
          ]
        }
      ]
    },
    "Planning Time": 0.393,
    "Triggers": [],
    "Execution Time": 475.173
  }
]