[
    {
        "Bao": {
            "Bao prediction": 662.7,
            "Bao recommended hint": "(no hint)"
        }
    },
    {
        "Plan": {
            "Node Type": "Aggregate",
            "Strategy": "Plain",
            "Partial Mode": "Finalize",
            "Parallel Aware": false,
            "Startup Cost": 30632.36,
            "Total Cost": 30632.37,
            "Plan Rows": 1,
            "Plan Width": 8,
            "Actual Startup Time": 105.604,
            "Actual Total Time": 110.389,
            "Actual Rows": 1,
            "Actual Loops": 1,
            "Output": [
                "count(*)"
            ],
            "Plans": [
                {
                    "Node Type": "Gather",
                    "Parent Relationship": "Outer",
                    "Parallel Aware": false,
                    "Startup Cost": 30632.04,
                    "Total Cost": 30632.35,
                    "Plan Rows": 3,
                    "Plan Width": 8,
                    "Actual Startup Time": 105.371,
                    "Actual Total Time": 110.38,
                    "Actual Rows": 4,
                    "Actual Loops": 1,
                    "Output": [
                        "(PARTIAL count(*))"
                    ],
                    "Workers Planned": 3,
                    "Workers Launched": 3,
                    "Single Copy": false,
                    "Plans": [
                        {
                            "Node Type": "Aggregate",
                            "Strategy": "Plain",
                            "Partial Mode": "Partial",
                            "Parent Relationship": "Outer",
                            "Parallel Aware": false,
                            "Startup Cost": 29632.04,
                            "Total Cost": 29632.05,
                            "Plan Rows": 1,
                            "Plan Width": 8,
                            "Actual Startup Time": 97.347,
                            "Actual Total Time": 97.348,
                            "Actual Rows": 1,
                            "Actual Loops": 4,
                            "Output": [
                                "PARTIAL count(*)"
                            ],
                            "Workers": [
                                {
                                    "Worker Number": 0,
                                    "Actual Startup Time": 94.726,
                                    "Actual Total Time": 94.728,
                                    "Actual Rows": 1,
                                    "Actual Loops": 1
                                },
                                {
                                    "Worker Number": 1,
                                    "Actual Startup Time": 94.935,
                                    "Actual Total Time": 94.937,
                                    "Actual Rows": 1,
                                    "Actual Loops": 1
                                },
                                {
                                    "Worker Number": 2,
                                    "Actual Startup Time": 95.005,
                                    "Actual Total Time": 95.006,
                                    "Actual Rows": 1,
                                    "Actual Loops": 1
                                }
                            ],
                            "Plans": [
                                {
                                    "Node Type": "Bitmap Heap Scan",
                                    "Parent Relationship": "Outer",
                                    "Parallel Aware": true,
                                    "Relation Name": "movie_companies",
                                    "Schema": "public",
                                    "Alias": "mc",
                                    "Startup Cost": 8718.17,
                                    "Total Cost": 29465.71,
                                    "Plan Rows": 66535,
                                    "Plan Width": 0,
                                    "Actual Startup Time": 79.101,
                                    "Actual Total Time": 95.645,
                                    "Actual Rows": 23550,
                                    "Actual Loops": 4,
                                    "Recheck Cond": "(mc.company_id < 253)",
                                    "Rows Removed by Index Recheck": 0,
                                    "Filter": "(mc.company_type_id = 2)",
                                    "Rows Removed by Filter": 76803,
                                    "Exact Heap Blocks": 7744,
                                    "Lossy Heap Blocks": 0,
                                    "Workers": [
                                        {
                                            "Worker Number": 0,
                                            "Actual Startup Time": 76.473,
                                            "Actual Total Time": 93.114,
                                            "Actual Rows": 21635,
                                            "Actual Loops": 1
                                        },
                                        {
                                            "Worker Number": 1,
                                            "Actual Startup Time": 76.691,
                                            "Actual Total Time": 93.343,
                                            "Actual Rows": 21411,
                                            "Actual Loops": 1
                                        },
                                        {
                                            "Worker Number": 2,
                                            "Actual Startup Time": 76.754,
                                            "Actual Total Time": 93.422,
                                            "Actual Rows": 21183,
                                            "Actual Loops": 1
                                        }
                                    ],
                                    "Plans": [
                                        {
                                            "Node Type": "Bitmap Index Scan",
                                            "Parent Relationship": "Outer",
                                            "Parallel Aware": false,
                                            "Index Name": "company_id_movie_companies",
                                            "Startup Cost": 0.0,
                                            "Total Cost": 8666.61,
                                            "Plan Rows": 404557,
                                            "Plan Width": 0,
                                            "Actual Startup Time": 40.128,
                                            "Actual Total Time": 40.129,
                                            "Actual Rows": 401412,
                                            "Actual Loops": 1,
                                            "Index Cond": "(mc.company_id < 253)"
                                        }
                                    ]
                                }
                            ]
                        }
                    ]
                }
            ]
        },
        "Planning Time": 2477.526,
        "Triggers": [],
        "Execution Time": 110.51
    }
]