[
  {
    "Plan": {
      "Node Type": "Aggregate",
      "Strategy": "Plain",
      "Partial Mode": "Finalize",
      "Parallel Aware": false,
      "Startup Cost": 32976.14,
      "Total Cost": 32976.15,
      "Plan Rows": 1,
      "Plan Width": 8,
      "Actual Startup Time": 97.795,
      "Actual Total Time": 105.761,
      "Actual Rows": 1,
      "Actual Loops": 1,
      "Plans": [
        {
          "Node Type": "Gather",
          "Parent Relationship": "Outer",
          "Parallel Aware": false,
          "Startup Cost": 32975.82,
          "Total Cost": 32976.13,
          "Plan Rows": 3,
          "Plan Width": 8,
          "Actual Startup Time": 97.665,
          "Actual Total Time": 105.753,
          "Actual Rows": 4,
          "Actual Loops": 1,
          "Workers Planned": 3,
          "Workers Launched": 3,
          "Single Copy": false,
          "Plans": [
            {
              "Node Type": "Aggregate",
              "Strategy": "Plain",
              "Partial Mode": "Partial",
              "Parent Relationship": "Outer",
              "Parallel Aware": false,
              "Startup Cost": 31975.82,
              "Total Cost": 31975.83,
              "Plan Rows": 1,
              "Plan Width": 8,
              "Actual Startup Time": 90.095,
              "Actual Total Time": 90.096,
              "Actual Rows": 1,
              "Actual Loops": 4,
              "Plans": [
                {
                  "Node Type": "Seq Scan",
                  "Parent Relationship": "Outer",
                  "Parallel Aware": true,
                  "Relation Name": "movie_companies",
                  "Alias": "mc",
                  "Startup Cost": 0.0,
                  "Total Cost": 31414.82,
                  "Plan Rows": 224400,
                  "Plan Width": 0,
                  "Actual Startup Time": 20.586,
                  "Actual Total Time": 84.046,
                  "Actual Rows": 118811,
                  "Actual Loops": 4,
                  "Filter": "((company_id > 10635) AND (company_type_id = 1))",
                  "Rows Removed by Filter": 533471
                }
              ]
            }
          ]
        }
      ]
    },
    "Planning Time": 0.222,
    "Triggers": [],
    "Execution Time": 105.861
  }
]