[
  {
    "Plan": {
      "Node Type": "Aggregate",
      "Strategy": "Plain",
      "Partial Mode": "Finalize",
      "Parallel Aware": false,
      "Startup Cost": 45388.21,
      "Total Cost": 45388.22,
      "Plan Rows": 1,
      "Plan Width": 8,
      "Actual Startup Time": 112.619,
      "Actual Total Time": 125.777,
      "Actual Rows": 1,
      "Actual Loops": 1,
      "Plans": [
        {
          "Node Type": "Gather",
          "Parent Relationship": "Outer",
          "Parallel Aware": false,
          "Startup Cost": 45387.79,
          "Total Cost": 45388.2,
          "Plan Rows": 4,
          "Plan Width": 8,
          "Actual Startup Time": 112.304,
          "Actual Total Time": 125.764,
          "Actual Rows": 5,
          "Actual Loops": 1,
          "Workers Planned": 4,
          "Workers Launched": 4,
          "Single Copy": false,
          "Plans": [
            {
              "Node Type": "Aggregate",
              "Strategy": "Plain",
              "Partial Mode": "Partial",
              "Parent Relationship": "Outer",
              "Parallel Aware": false,
              "Startup Cost": 44387.79,
              "Total Cost": 44387.8,
              "Plan Rows": 1,
              "Plan Width": 8,
              "Actual Startup Time": 104.74,
              "Actual Total Time": 104.742,
              "Actual Rows": 1,
              "Actual Loops": 5,
              "Plans": [
                {
                  "Node Type": "Seq Scan",
                  "Parent Relationship": "Outer",
                  "Parallel Aware": true,
                  "Relation Name": "title",
                  "Alias": "t",
                  "Startup Cost": 0.0,
                  "Total Cost": 43899.32,
                  "Plan Rows": 195388,
                  "Plan Width": 0,
                  "Actual Startup Time": 0.047,
                  "Actual Total Time": 94.891,
                  "Actual Rows": 156985,
                  "Actual Loops": 5,
                  "Filter": "(production_year > 2007)",
                  "Rows Removed by Filter": 348677
                }
              ]
            }
          ]
        }
      ]
    },
    "Planning Time": 0.137,
    "Triggers": [],
    "Execution Time": 125.835
  }
]