[
  {
    "Plan": {
      "Node Type": "Aggregate",
      "Strategy": "Plain",
      "Partial Mode": "Finalize",
      "Parallel Aware": false,
      "Startup Cost": 45391.07,
      "Total Cost": 45391.08,
      "Plan Rows": 1,
      "Plan Width": 8,
      "Actual Startup Time": 106.805,
      "Actual Total Time": 118.189,
      "Actual Rows": 1,
      "Actual Loops": 1,
      "Plans": [
        {
          "Node Type": "Gather",
          "Parent Relationship": "Outer",
          "Parallel Aware": false,
          "Startup Cost": 45390.65,
          "Total Cost": 45391.06,
          "Plan Rows": 4,
          "Plan Width": 8,
          "Actual Startup Time": 106.688,
          "Actual Total Time": 118.18,
          "Actual Rows": 5,
          "Actual Loops": 1,
          "Workers Planned": 4,
          "Workers Launched": 4,
          "Single Copy": false,
          "Plans": [
            {
              "Node Type": "Aggregate",
              "Strategy": "Plain",
              "Partial Mode": "Partial",
              "Parent Relationship": "Outer",
              "Parallel Aware": false,
              "Startup Cost": 44390.65,
              "Total Cost": 44390.66,
              "Plan Rows": 1,
              "Plan Width": 8,
              "Actual Startup Time": 99.056,
              "Actual Total Time": 99.057,
              "Actual Rows": 1,
              "Actual Loops": 5,
              "Plans": [
                {
                  "Node Type": "Seq Scan",
                  "Parent Relationship": "Outer",
                  "Parallel Aware": true,
                  "Relation Name": "title",
                  "Alias": "t",
                  "Startup Cost": 0.0,
                  "Total Cost": 43898.92,
                  "Plan Rows": 196693,
                  "Plan Width": 0,
                  "Actual Startup Time": 0.043,
                  "Actual Total Time": 89.619,
                  "Actual Rows": 156985,
                  "Actual Loops": 5,
                  "Filter": "(production_year > 2007)",
                  "Rows Removed by Filter": 348677
                }
              ]
            }
          ]
        }
      ]
    },
    "Planning Time": 0.155,
    "Triggers": [],
    "Execution Time": 118.251
  }
]