{
  "Plan": {
    "Node Type": "Aggregate",
    "Strategy": "Plain",
    "Partial Mode": "Finalize",
    "Parallel Aware": false,
    "Startup Cost": 100586.86,
    "Total Cost": 100586.87,
    "Plan Rows": 1,
    "Plan Width": 8,
    "Actual Startup Time": 375.366,
    "Actual Total Time": 391.311,
    "Actual Rows": 1,
    "Actual Loops": 1,
    "Plans": [
      {
        "Node Type": "Gather",
        "Parent Relationship": "Outer",
        "Parallel Aware": false,
        "Startup Cost": 100586.74,
        "Total Cost": 100586.85,
        "Plan Rows": 1,
        "Plan Width": 8,
        "Actual Startup Time": 374.994,
        "Actual Total Time": 391.305,
        "Actual Rows": 2,
        "Actual Loops": 1,
        "Workers Planned": 1,
        "Workers Launched": 1,
        "Single Copy": false,
        "Plans": [
          {
            "Node Type": "Aggregate",
            "Strategy": "Plain",
            "Partial Mode": "Partial",
            "Parent Relationship": "Outer",
            "Parallel Aware": false,
            "Startup Cost": 99586.74,
            "Total Cost": 99586.75,
            "Plan Rows": 1,
            "Plan Width": 8,
            "Actual Startup Time": 371.48,
            "Actual Total Time": 371.483,
            "Actual Rows": 1,
            "Actual Loops": 2,
            "Plans": [
              {
                "Node Type": "Hash Join",
                "Parent Relationship": "Outer",
                "Parallel Aware": true,
                "Join Type": "Inner",
                "Startup Cost": 58615.97,
                "Total Cost": 99539.98,
                "Plan Rows": 18705,
                "Plan Width": 0,
                "Actual Startup Time": 193.22,
                "Actual Total Time": 367.88,
                "Actual Rows": 85424,
                "Actual Loops": 2,
                "Inner Unique": true,
                "Hash Cond": "(mc.movie_id = t.id)",
                "Plans": [
                  {
                    "Node Type": "Seq Scan",
                    "Parent Relationship": "Outer",
                    "Parallel Aware": true,
                    "Relation Name": "movie_companies",
                    "Alias": "mc",
                    "Startup Cost": 0.0,
                    "Total Cost": 37974.77,
                    "Plan Rows": 1123521,
                    "Plan Width": 4,
                    "Actual Startup Time": 0.013,
                    "Actual Total Time": 116.793,
                    "Actual Rows": 947463,
                    "Actual Loops": 2,
                    "Filter": "(company_id < 43496)",
                    "Rows Removed by Filter": 357102
                  },
                  {
                    "Node Type": "Hash",
                    "Parent Relationship": "Inner",
                    "Parallel Aware": true,
                    "Startup Cost": 58306.47,
                    "Total Cost": 58306.47,
                    "Plan Rows": 24760,
                    "Plan Width": 4,
                    "Actual Startup Time": 151.216,
                    "Actual Total Time": 151.217,
                    "Actual Rows": 54870,
                    "Actual Loops": 2,
                    "Hash Buckets": 131072,
                    "Original Hash Buckets": 65536,
                    "Hash Batches": 1,
                    "Original Hash Batches": 1,
                    "Peak Memory Usage": 5856,
                    "Plans": [
                      {
                        "Node Type": "Seq Scan",
                        "Parent Relationship": "Outer",
                        "Parallel Aware": true,
                        "Relation Name": "title",
                        "Alias": "t",
                        "Startup Cost": 0.0,
                        "Total Cost": 58306.47,
                        "Plan Rows": 24760,
                        "Plan Width": 4,
                        "Actual Startup Time": 83.54,
                        "Actual Total Time": 138.175,
                        "Actual Rows": 54870,
                        "Actual Loops": 2,
                        "Filter": "((kind_id < 7) AND (production_year < 1928))",
                        "Rows Removed by Filter": 1209286
                      }
                    ]
                  }
                ]
              }
            ]
          }
        ]
      }
    ]
  },
  "Planning Time": 0.401,
  "Triggers": [],
  "Execution Time": 391.371
}