{
  "Plan": {
    "Node Type": "Aggregate",
    "Strategy": "Plain",
    "Partial Mode": "Finalize",
    "Parallel Aware": false,
    "Startup Cost": 1201965.94,
    "Total Cost": 1201965.95,
    "Plan Rows": 1,
    "Plan Width": 8,
    "Actual Startup Time": 7133.992,
    "Actual Total Time": 7134.091,
    "Actual Rows": 1,
    "Actual Loops": 1,
    "Plans": [
      {
        "Node Type": "Gather",
        "Parent Relationship": "Outer",
        "Parallel Aware": false,
        "Startup Cost": 1201965.83,
        "Total Cost": 1201965.94,
        "Plan Rows": 1,
        "Plan Width": 8,
        "Actual Startup Time": 7133.981,
        "Actual Total Time": 7134.084,
        "Actual Rows": 2,
        "Actual Loops": 1,
        "Workers Planned": 1,
        "Workers Launched": 1,
        "Single Copy": false,
        "Plans": [
          {
            "Node Type": "Aggregate",
            "Strategy": "Plain",
            "Partial Mode": "Partial",
            "Parent Relationship": "Outer",
            "Parallel Aware": false,
            "Startup Cost": 1200965.83,
            "Total Cost": 1200965.84,
            "Plan Rows": 1,
            "Plan Width": 8,
            "Actual Startup Time": 6555.336,
            "Actual Total Time": 6555.341,
            "Actual Rows": 1,
            "Actual Loops": 2,
            "Plans": [
              {
                "Node Type": "Merge Join",
                "Parent Relationship": "Outer",
                "Parallel Aware": false,
                "Join Type": "Inner",
                "Startup Cost": 1118491.08,
                "Total Cost": 1191629.98,
                "Plan Rows": 3734340,
                "Plan Width": 0,
                "Actual Startup Time": 3907.635,
                "Actual Total Time": 5933.918,
                "Actual Rows": 14680571,
                "Actual Loops": 2,
                "Inner Unique": false,
                "Merge Cond": "(mi.movie_id = t.id)",
                "Plans": [
                  {
                    "Node Type": "Sort",
                    "Parent Relationship": "Outer",
                    "Parallel Aware": false,
                    "Startup Cost": 642661.63,
                    "Total Cost": 651228.91,
                    "Plan Rows": 3426912,
                    "Plan Width": 4,
                    "Actual Startup Time": 1569.695,
                    "Actual Total Time": 1678.484,
                    "Actual Rows": 2942475,
                    "Actual Loops": 2,
                    "Sort Key": [
                      "mi.movie_id"
                    ],
                    "Sort Method": "quicksort",
                    "Sort Space Used": 269636,
                    "Sort Space Type": "Memory",
                    "Workers": [
                      {
                        "Worker Number": 0,
                        "Sort Method": "quicksort",
                        "Sort Space Used": 202831,
                        "Sort Space Type": "Memory"
                      }
                    ],
                    "Plans": [
                      {
                        "Node Type": "Seq Scan",
                        "Parent Relationship": "Outer",
                        "Parallel Aware": true,
                        "Relation Name": "movie_info",
                        "Alias": "mi",
                        "Startup Cost": 0.0,
                        "Total Cost": 270696.42,
                        "Plan Rows": 3426912,
                        "Plan Width": 4,
                        "Actual Startup Time": 0.035,
                        "Actual Total Time": 817.068,
                        "Actual Rows": 2942482,
                        "Actual Loops": 2,
                        "Filter": "(info_type_id < 7)",
                        "Rows Removed by Filter": 4475378
                      }
                    ]
                  },
                  {
                    "Node Type": "Sort",
                    "Parent Relationship": "Inner",
                    "Parallel Aware": false,
                    "Startup Cost": 475829.11,
                    "Total Cost": 482716.88,
                    "Plan Rows": 2755106,
                    "Plan Width": 8,
                    "Actual Startup Time": 2337.393,
                    "Actual Total Time": 2831.216,
                    "Actual Rows": 14981471,
                    "Actual Loops": 2,
                    "Sort Key": [
                      "t.id"
                    ],
                    "Sort Method": "quicksort",
                    "Sort Space Used": 226921,
                    "Sort Space Type": "Memory",
                    "Workers": [
                      {
                        "Worker Number": 0,
                        "Sort Method": "quicksort",
                        "Sort Space Used": 226921,
                        "Sort Space Type": "Memory"
                      }
                    ],
                    "Plans": [
                      {
                        "Node Type": "Hash Join",
                        "Parent Relationship": "Outer",
                        "Parallel Aware": false,
                        "Join Type": "Inner",
                        "Startup Cost": 92884.59,
                        "Total Cost": 181119.88,
                        "Plan Rows": 2755106,
                        "Plan Width": 8,
                        "Actual Startup Time": 970.319,
                        "Actual Total Time": 1821.213,
                        "Actual Rows": 2743825,
                        "Actual Loops": 2,
                        "Inner Unique": true,
                        "Hash Cond": "(mk.movie_id = t.id)",
                        "Plans": [
                          {
                            "Node Type": "Seq Scan",
                            "Parent Relationship": "Outer",
                            "Parallel Aware": false,
                            "Relation Name": "movie_keyword",
                            "Alias": "mk",
                            "Startup Cost": 0.0,
                            "Total Cost": 81003.12,
                            "Plan Rows": 2755106,
                            "Plan Width": 4,
                            "Actual Startup Time": 0.667,
                            "Actual Total Time": 390.322,
                            "Actual Rows": 2743825,
                            "Actual Loops": 2,
                            "Filter": "(keyword_id > 2879)",
                            "Rows Removed by Filter": 1780105
                          },
                          {
                            "Node Type": "Hash",
                            "Parent Relationship": "Inner",
                            "Parallel Aware": false,
                            "Startup Cost": 61280.93,
                            "Total Cost": 61280.93,
                            "Plan Rows": 2528293,
                            "Plan Width": 4,
                            "Actual Startup Time": 951.834,
                            "Actual Total Time": 951.835,
                            "Actual Rows": 2528312,
                            "Actual Loops": 2,
                            "Hash Buckets": 4194304,
                            "Original Hash Buckets": 4194304,
                            "Hash Batches": 1,
                            "Original Hash Batches": 1,
                            "Peak Memory Usage": 121654,
                            "Plans": [
                              {
                                "Node Type": "Seq Scan",
                                "Parent Relationship": "Outer",
                                "Parallel Aware": false,
                                "Relation Name": "title",
                                "Alias": "t",
                                "Startup Cost": 0.0,
                                "Total Cost": 61280.93,
                                "Plan Rows": 2528293,
                                "Plan Width": 4,
                                "Actual Startup Time": 0.038,
                                "Actual Total Time": 323.027,
                                "Actual Rows": 2528312,
                                "Actual Loops": 2
                              }
                            ]
                          }
                        ]
                      }
                    ]
                  }
                ]
              }
            ]
          }
        ]
      }
    ]
  },
  "Planning Time": 1.035,
  "Triggers": [],
  "Execution Time": 7164.171
}