[
  {
    "Plan": {
      "Node Type": "Aggregate",
      "Strategy": "Plain",
      "Partial Mode": "Finalize",
      "Parallel Aware": false,
      "Startup Cost": 100571.35,
      "Total Cost": 100571.36,
      "Plan Rows": 1,
      "Plan Width": 8,
      "Actual Startup Time": 818.613,
      "Actual Total Time": 838.581,
      "Actual Rows": 1,
      "Actual Loops": 1,
      "Plans": [
        {
          "Node Type": "Gather",
          "Parent Relationship": "Outer",
          "Parallel Aware": false,
          "Startup Cost": 100571.14,
          "Total Cost": 100571.35,
          "Plan Rows": 2,
          "Plan Width": 8,
          "Actual Startup Time": 806.438,
          "Actual Total Time": 838.572,
          "Actual Rows": 3,
          "Actual Loops": 1,
          "Workers Planned": 2,
          "Workers Launched": 2,
          "Single Copy": false,
          "Plans": [
            {
              "Node Type": "Aggregate",
              "Strategy": "Plain",
              "Partial Mode": "Partial",
              "Parent Relationship": "Outer",
              "Parallel Aware": false,
              "Startup Cost": 99571.14,
              "Total Cost": 99571.15,
              "Plan Rows": 1,
              "Plan Width": 8,
              "Actual Startup Time": 795.977,
              "Actual Total Time": 795.985,
              "Actual Rows": 1,
              "Actual Loops": 3,
              "Plans": [
                {
                  "Node Type": "Hash Join",
                  "Parent Relationship": "Outer",
                  "Parallel Aware": true,
                  "Join Type": "Inner",
                  "Startup Cost": 83354.56,
                  "Total Cost": 99407.35,
                  "Plan Rows": 65515,
                  "Plan Width": 0,
                  "Actual Startup Time": 657.158,
                  "Actual Total Time": 784.963,
                  "Actual Rows": 202605,
                  "Actual Loops": 3,
                  "Inner Unique": false,
                  "Hash Cond": "(mi_idx.movie_id = t.id)",
                  "Plans": [
                    {
                      "Node Type": "Seq Scan",
                      "Parent Relationship": "Outer",
                      "Parallel Aware": true,
                      "Relation Name": "movie_info_idx",
                      "Alias": "mi_idx",
                      "Startup Cost": 0.0,
                      "Total Cost": 13685.15,
                      "Plan Rows": 575015,
                      "Plan Width": 4,
                      "Actual Startup Time": 0.037,
                      "Actual Total Time": 46.652,
                      "Actual Rows": 460012,
                      "Actual Loops": 3
                    },
                    {
                      "Node Type": "Hash",
                      "Parent Relationship": "Inner",
                      "Parallel Aware": true,
                      "Startup Cost": 82192.96,
                      "Total Cost": 82192.96,
                      "Plan Rows": 92928,
                      "Plan Width": 8,
                      "Actual Startup Time": 654.377,
                      "Actual Total Time": 654.383,
                      "Actual Rows": 94305,
                      "Actual Loops": 3,
                      "Hash Buckets": 524288,
                      "Original Hash Buckets": 524288,
                      "Hash Batches": 1,
                      "Original Hash Batches": 1,
                      "Peak Memory Usage": 15200,
                      "Plans": [
                        {
                          "Node Type": "Hash Join",
                          "Parent Relationship": "Outer",
                          "Parallel Aware": true,
                          "Join Type": "Inner",
                          "Startup Cost": 56333.42,
                          "Total Cost": 82192.96,
                          "Plan Rows": 92928,
                          "Plan Width": 8,
                          "Actual Startup Time": 514.651,
                          "Actual Total Time": 621.049,
                          "Actual Rows": 94305,
                          "Actual Loops": 3,
                          "Inner Unique": true,
                          "Hash Cond": "(mk.movie_id = t.id)",
                          "Plans": [
                            {
                              "Node Type": "Bitmap Heap Scan",
                              "Parent Relationship": "Outer",
                              "Parallel Aware": true,
                              "Relation Name": "movie_keyword",
                              "Alias": "mk",
                              "Startup Cost": 6113.04,
                              "Total Cost": 31728.64,
                              "Plan Rows": 92928,
                              "Plan Width": 4,
                              "Actual Startup Time": 18.357,
                              "Actual Total Time": 76.442,
                              "Actual Rows": 94305,
                              "Actual Loops": 3,
                              "Recheck Cond": "(keyword_id < 235)",
                              "Rows Removed by Index Recheck": 0,
                              "Exact Heap Blocks": 10819,
                              "Lossy Heap Blocks": 0,
                              "Plans": [
                                {
                                  "Node Type": "Bitmap Index Scan",
                                  "Parent Relationship": "Outer",
                                  "Parallel Aware": false,
                                  "Index Name": "keyword_id_movie_keyword",
                                  "Startup Cost": 0.0,
                                  "Total Cost": 6041.02,
                                  "Plan Rows": 288078,
                                  "Plan Width": 0,
                                  "Actual Startup Time": 14.618,
                                  "Actual Total Time": 14.618,
                                  "Actual Rows": 282915,
                                  "Actual Loops": 1,
                                  "Index Cond": "(keyword_id < 235)"
                                }
                              ]
                            },
                            {
                              "Node Type": "Hash",
                              "Parent Relationship": "Inner",
                              "Parallel Aware": true,
                              "Startup Cost": 42319.06,
                              "Total Cost": 42319.06,
                              "Plan Rows": 632106,
                              "Plan Width": 4,
                              "Actual Startup Time": 486.093,
                              "Actual Total Time": 486.094,
                              "Actual Rows": 842771,
                              "Actual Loops": 3,
                              "Hash Buckets": 4194304,
                              "Original Hash Buckets": 4194304,
                              "Hash Batches": 1,
                              "Original Hash Batches": 1,
                              "Peak Memory Usage": 131712,
                              "Plans": [
                                {
                                  "Node Type": "Seq Scan",
                                  "Parent Relationship": "Outer",
                                  "Parallel Aware": true,
                                  "Relation Name": "title",
                                  "Alias": "t",
                                  "Startup Cost": 0.0,
                                  "Total Cost": 42319.06,
                                  "Plan Rows": 632106,
                                  "Plan Width": 4,
                                  "Actual Startup Time": 0.044,
                                  "Actual Total Time": 145.699,
                                  "Actual Rows": 842771,
                                  "Actual Loops": 3
                                }
                              ]
                            }
                          ]
                        }
                      ]
                    }
                  ]
                }
              ]
            }
          ]
        }
      ]
    },
    "Planning Time": 0.551,
    "Triggers": [],
    "Execution Time": 838.641
  }
]