{
  "Plan": {
    "Node Type": "Aggregate",
    "Strategy": "Plain",
    "Partial Mode": "Finalize",
    "Parallel Aware": false,
    "Startup Cost": 100987.96,
    "Total Cost": 100987.97,
    "Plan Rows": 1,
    "Plan Width": 8,
    "Actual Startup Time": 390.082,
    "Actual Total Time": 401.893,
    "Actual Rows": 1,
    "Actual Loops": 1,
    "Plans": [
      {
        "Node Type": "Gather",
        "Parent Relationship": "Outer",
        "Parallel Aware": false,
        "Startup Cost": 100987.85,
        "Total Cost": 100987.96,
        "Plan Rows": 1,
        "Plan Width": 8,
        "Actual Startup Time": 389.752,
        "Actual Total Time": 401.887,
        "Actual Rows": 2,
        "Actual Loops": 1,
        "Workers Planned": 1,
        "Workers Launched": 1,
        "Single Copy": false,
        "Plans": [
          {
            "Node Type": "Aggregate",
            "Strategy": "Plain",
            "Partial Mode": "Partial",
            "Parent Relationship": "Outer",
            "Parallel Aware": false,
            "Startup Cost": 99987.85,
            "Total Cost": 99987.86,
            "Plan Rows": 1,
            "Plan Width": 8,
            "Actual Startup Time": 383.713,
            "Actual Total Time": 383.718,
            "Actual Rows": 1,
            "Actual Loops": 2,
            "Plans": [
              {
                "Node Type": "Hash Join",
                "Parent Relationship": "Outer",
                "Parallel Aware": true,
                "Join Type": "Inner",
                "Startup Cost": 80786.41,
                "Total Cost": 99956.72,
                "Plan Rows": 12454,
                "Plan Width": 0,
                "Actual Startup Time": 280.59,
                "Actual Total Time": 382.556,
                "Actual Rows": 25360,
                "Actual Loops": 2,
                "Inner Unique": false,
                "Hash Cond": "(mi_idx.movie_id = t.id)",
                "Plans": [
                  {
                    "Node Type": "Seq Scan",
                    "Parent Relationship": "Outer",
                    "Parallel Aware": true,
                    "Relation Name": "movie_info_idx",
                    "Alias": "mi_idx",
                    "Startup Cost": 0.0,
                    "Total Cost": 16052.85,
                    "Plan Rows": 811785,
                    "Plan Width": 4,
                    "Actual Startup Time": 0.018,
                    "Actual Total Time": 47.87,
                    "Actual Rows": 690018,
                    "Actual Loops": 2
                  },
                  {
                    "Node Type": "Hash",
                    "Parent Relationship": "Inner",
                    "Parallel Aware": true,
                    "Startup Cost": 80501.2,
                    "Total Cost": 80501.2,
                    "Plan Rows": 22817,
                    "Plan Width": 8,
                    "Actual Startup Time": 279.046,
                    "Actual Total Time": 279.05,
                    "Actual Rows": 18068,
                    "Actual Loops": 2,
                    "Hash Buckets": 65536,
                    "Original Hash Buckets": 65536,
                    "Hash Batches": 1,
                    "Original Hash Batches": 1,
                    "Peak Memory Usage": 1952,
                    "Plans": [
                      {
                        "Node Type": "Hash Join",
                        "Parent Relationship": "Outer",
                        "Parallel Aware": true,
                        "Join Type": "Inner",
                        "Startup Cost": 20201.47,
                        "Total Cost": 80501.2,
                        "Plan Rows": 22817,
                        "Plan Width": 8,
                        "Actual Startup Time": 28.315,
                        "Actual Total Time": 273.096,
                        "Actual Rows": 18068,
                        "Actual Loops": 2,
                        "Inner Unique": false,
                        "Hash Cond": "(t.id = mc.movie_id)",
                        "Plans": [
                          {
                            "Node Type": "Seq Scan",
                            "Parent Relationship": "Outer",
                            "Parallel Aware": true,
                            "Relation Name": "title",
                            "Alias": "t",
                            "Startup Cost": 0.0,
                            "Total Cost": 50870.31,
                            "Plan Rows": 1487231,
                            "Plan Width": 4,
                            "Actual Startup Time": 0.014,
                            "Actual Total Time": 118.391,
                            "Actual Rows": 1264156,
                            "Actual Loops": 2
                          },
                          {
                            "Node Type": "Hash",
                            "Parent Relationship": "Inner",
                            "Parallel Aware": true,
                            "Startup Cost": 19916.26,
                            "Total Cost": 19916.26,
                            "Plan Rows": 22817,
                            "Plan Width": 4,
                            "Actual Startup Time": 27.5,
                            "Actual Total Time": 27.501,
                            "Actual Rows": 18068,
                            "Actual Loops": 2,
                            "Hash Buckets": 65536,
                            "Original Hash Buckets": 65536,
                            "Hash Batches": 1,
                            "Original Hash Batches": 1,
                            "Peak Memory Usage": 1952,
                            "Plans": [
                              {
                                "Node Type": "Bitmap Heap Scan",
                                "Parent Relationship": "Outer",
                                "Parallel Aware": true,
                                "Relation Name": "movie_companies",
                                "Alias": "mc",
                                "Startup Cost": 841.04,
                                "Total Cost": 19916.26,
                                "Plan Rows": 22817,
                                "Plan Width": 4,
                                "Actual Startup Time": 4.811,
                                "Actual Total Time": 20.493,
                                "Actual Rows": 18068,
                                "Actual Loops": 2,
                                "Recheck Cond": "(company_id = 160)",
                                "Rows Removed by Index Recheck": 0,
                                "Exact Heap Blocks": 3657,
                                "Lossy Heap Blocks": 0,
                                "Plans": [
                                  {
                                    "Node Type": "Bitmap Index Scan",
                                    "Parent Relationship": "Outer",
                                    "Parallel Aware": false,
                                    "Index Name": "company_id_movie_companies",
                                    "Startup Cost": 0.0,
                                    "Total Cost": 831.35,
                                    "Plan Rows": 38789,
                                    "Plan Width": 0,
                                    "Actual Startup Time": 6.466,
                                    "Actual Total Time": 6.466,
                                    "Actual Rows": 36136,
                                    "Actual Loops": 1,
                                    "Index Cond": "(company_id = 160)"
                                  }
                                ]
                              }
                            ]
                          }
                        ]
                      }
                    ]
                  }
                ]
              }
            ]
          }
        ]
      }
    ]
  },
  "Planning Time": 1.09,
  "Triggers": [],
  "Execution Time": 401.995
}