[
  {
    "Plan": {
      "Node Type": "Aggregate",
      "Strategy": "Plain",
      "Partial Mode": "Finalize",
      "Parallel Aware": false,
      "Startup Cost": 334952.02,
      "Total Cost": 334952.03,
      "Plan Rows": 1,
      "Plan Width": 8,
      "Actual Startup Time": 716.768,
      "Actual Total Time": 777.693,
      "Actual Rows": 1,
      "Actual Loops": 1,
      "Plans": [
        {
          "Node Type": "Gather",
          "Parent Relationship": "Outer",
          "Parallel Aware": false,
          "Startup Cost": 334951.39,
          "Total Cost": 334952.0,
          "Plan Rows": 6,
          "Plan Width": 8,
          "Actual Startup Time": 716.557,
          "Actual Total Time": 777.677,
          "Actual Rows": 7,
          "Actual Loops": 1,
          "Workers Planned": 6,
          "Workers Launched": 6,
          "Single Copy": false,
          "Plans": [
            {
              "Node Type": "Aggregate",
              "Strategy": "Plain",
              "Partial Mode": "Partial",
              "Parent Relationship": "Outer",
              "Parallel Aware": false,
              "Startup Cost": 333951.39,
              "Total Cost": 333951.4,
              "Plan Rows": 1,
              "Plan Width": 8,
              "Actual Startup Time": 706.327,
              "Actual Total Time": 706.328,
              "Actual Rows": 1,
              "Actual Loops": 7,
              "Plans": [
                {
                  "Node Type": "Seq Scan",
                  "Parent Relationship": "Outer",
                  "Parallel Aware": true,
                  "Relation Name": "cast_info",
                  "Alias": "ci",
                  "Startup Cost": 0.0,
                  "Total Cost": 328211.39,
                  "Plan Rows": 2296000,
                  "Plan Width": 0,
                  "Actual Startup Time": 277.982,
                  "Actual Total Time": 622.186,
                  "Actual Rows": 1930088,
                  "Actual Loops": 7,
                  "Filter": "(person_id > 2320966)",
                  "Rows Removed by Filter": 3247675
                }
              ]
            }
          ]
        }
      ]
    },
    "Planning Time": 0.206,
    "Triggers": [],
    "Execution Time": 777.768
  }
]