[
  {
    "Plan": {
      "Node Type": "Aggregate",
      "Strategy": "Plain",
      "Partial Mode": "Finalize",
      "Parallel Aware": false,
      "Startup Cost": 334802.42,
      "Total Cost": 334802.43,
      "Plan Rows": 1,
      "Plan Width": 8,
      "Actual Startup Time": 698.817,
      "Actual Total Time": 754.967,
      "Actual Rows": 1,
      "Actual Loops": 1,
      "Plans": [
        {
          "Node Type": "Gather",
          "Parent Relationship": "Outer",
          "Parallel Aware": false,
          "Startup Cost": 334801.8,
          "Total Cost": 334802.41,
          "Plan Rows": 6,
          "Plan Width": 8,
          "Actual Startup Time": 698.682,
          "Actual Total Time": 754.957,
          "Actual Rows": 7,
          "Actual Loops": 1,
          "Workers Planned": 6,
          "Workers Launched": 6,
          "Single Copy": false,
          "Plans": [
            {
              "Node Type": "Aggregate",
              "Strategy": "Plain",
              "Partial Mode": "Partial",
              "Parent Relationship": "Outer",
              "Parallel Aware": false,
              "Startup Cost": 333801.8,
              "Total Cost": 333801.81,
              "Plan Rows": 1,
              "Plan Width": 8,
              "Actual Startup Time": 688.776,
              "Actual Total Time": 688.777,
              "Actual Rows": 1,
              "Actual Loops": 7,
              "Plans": [
                {
                  "Node Type": "Seq Scan",
                  "Parent Relationship": "Outer",
                  "Parallel Aware": true,
                  "Relation Name": "cast_info",
                  "Alias": "ci",
                  "Startup Cost": 0.0,
                  "Total Cost": 328162.03,
                  "Plan Rows": 2255908,
                  "Plan Width": 0,
                  "Actual Startup Time": 262.07,
                  "Actual Total Time": 598.992,
                  "Actual Rows": 1930088,
                  "Actual Loops": 7,
                  "Filter": "(person_id > 2320966)",
                  "Rows Removed by Filter": 3247675
                }
              ]
            }
          ]
        }
      ]
    },
    "Planning Time": 0.162,
    "Triggers": [],
    "Execution Time": 755.031
  }
]