{
  "Plan": {
    "Node Type": "Aggregate",
    "Strategy": "Plain",
    "Partial Mode": "Finalize",
    "Parallel Aware": false,
    "Startup Cost": 408390.62,
    "Total Cost": 408390.63,
    "Plan Rows": 1,
    "Plan Width": 8,
    "Actual Startup Time": 1871.232,
    "Actual Total Time": 1916.059,
    "Actual Rows": 1,
    "Actual Loops": 1,
    "Plans": [
      {
        "Node Type": "Gather",
        "Parent Relationship": "Outer",
        "Parallel Aware": false,
        "Startup Cost": 408390.5,
        "Total Cost": 408390.61,
        "Plan Rows": 1,
        "Plan Width": 8,
        "Actual Startup Time": 1868.376,
        "Actual Total Time": 1916.051,
        "Actual Rows": 2,
        "Actual Loops": 1,
        "Workers Planned": 1,
        "Workers Launched": 1,
        "Single Copy": false,
        "Plans": [
          {
            "Node Type": "Aggregate",
            "Strategy": "Plain",
            "Partial Mode": "Partial",
            "Parent Relationship": "Outer",
            "Parallel Aware": false,
            "Startup Cost": 407390.5,
            "Total Cost": 407390.51,
            "Plan Rows": 1,
            "Plan Width": 8,
            "Actual Startup Time": 1862.355,
            "Actual Total Time": 1862.362,
            "Actual Rows": 1,
            "Actual Loops": 2,
            "Plans": [
              {
                "Node Type": "Hash Join",
                "Parent Relationship": "Outer",
                "Parallel Aware": true,
                "Join Type": "Inner",
                "Startup Cost": 113890.03,
                "Total Cost": 403831.33,
                "Plan Rows": 1423671,
                "Plan Width": 0,
                "Actual Startup Time": 562.057,
                "Actual Total Time": 1839.815,
                "Actual Rows": 527586,
                "Actual Loops": 2,
                "Inner Unique": false,
                "Hash Cond": "(mi.movie_id = t.id)",
                "Plans": [
                  {
                    "Node Type": "Seq Scan",
                    "Parent Relationship": "Outer",
                    "Parallel Aware": true,
                    "Relation Name": "movie_info",
                    "Alias": "mi",
                    "Startup Cost": 0.0,
                    "Total Cost": 248955.74,
                    "Plan Rows": 8696274,
                    "Plan Width": 4,
                    "Actual Startup Time": 0.015,
                    "Actual Total Time": 591.064,
                    "Actual Rows": 7417860,
                    "Actual Loops": 2
                  },
                  {
                    "Node Type": "Hash",
                    "Parent Relationship": "Inner",
                    "Parallel Aware": true,
                    "Startup Cost": 110846.6,
                    "Total Cost": 110846.6,
                    "Plan Rows": 243475,
                    "Plan Width": 8,
                    "Actual Startup Time": 555.98,
                    "Actual Total Time": 555.985,
                    "Actual Rows": 53884,
                    "Actual Loops": 2,
                    "Hash Buckets": 524288,
                    "Original Hash Buckets": 524288,
                    "Hash Batches": 1,
                    "Original Hash Batches": 1,
                    "Peak Memory Usage": 8320,
                    "Plans": [
                      {
                        "Node Type": "Hash Join",
                        "Parent Relationship": "Outer",
                        "Parallel Aware": true,
                        "Join Type": "Inner",
                        "Startup Cost": 80334.42,
                        "Total Cost": 110846.6,
                        "Plan Rows": 243475,
                        "Plan Width": 8,
                        "Actual Startup Time": 410.335,
                        "Actual Total Time": 544.362,
                        "Actual Rows": 53884,
                        "Actual Loops": 2,
                        "Inner Unique": true,
                        "Hash Cond": "(mk.movie_id = t.id)",
                        "Plans": [
                          {
                            "Node Type": "Bitmap Heap Scan",
                            "Parent Relationship": "Outer",
                            "Parallel Aware": true,
                            "Relation Name": "movie_keyword",
                            "Alias": "mk",
                            "Startup Cost": 14445.55,
                            "Total Cost": 43906.31,
                            "Plan Rows": 400541,
                            "Plan Width": 4,
                            "Actual Startup Time": 36.163,
                            "Actual Total Time": 106.869,
                            "Actual Rows": 333750,
                            "Actual Loops": 2,
                            "Recheck Cond": "(keyword_id > 28077)",
                            "Rows Removed by Index Recheck": 0,
                            "Exact Heap Blocks": 13337,
                            "Lossy Heap Blocks": 0,
                            "Plans": [
                              {
                                "Node Type": "Bitmap Index Scan",
                                "Parent Relationship": "Outer",
                                "Parallel Aware": false,
                                "Index Name": "keyword_id_movie_keyword",
                                "Startup Cost": 0.0,
                                "Total Cost": 14275.33,
                                "Plan Rows": 680919,
                                "Plan Width": 0,
                                "Actual Startup Time": 32.685,
                                "Actual Total Time": 32.686,
                                "Actual Rows": 667499,
                                "Actual Loops": 1,
                                "Index Cond": "(keyword_id > 28077)"
                              }
                            ]
                          },
                          {
                            "Node Type": "Hash",
                            "Parent Relationship": "Inner",
                            "Parallel Aware": true,
                            "Startup Cost": 54588.39,
                            "Total Cost": 54588.39,
                            "Plan Rows": 904038,
                            "Plan Width": 4,
                            "Actual Startup Time": 363.106,
                            "Actual Total Time": 363.106,
                            "Actual Rows": 771632,
                            "Actual Loops": 2,
                            "Hash Buckets": 2097152,
                            "Original Hash Buckets": 2097152,
                            "Hash Batches": 1,
                            "Original Hash Batches": 1,
                            "Peak Memory Usage": 76768,
                            "Plans": [
                              {
                                "Node Type": "Seq Scan",
                                "Parent Relationship": "Outer",
                                "Parallel Aware": true,
                                "Relation Name": "title",
                                "Alias": "t",
                                "Startup Cost": 0.0,
                                "Total Cost": 54588.39,
                                "Plan Rows": 904038,
                                "Plan Width": 4,
                                "Actual Startup Time": 0.037,
                                "Actual Total Time": 156.115,
                                "Actual Rows": 771632,
                                "Actual Loops": 2,
                                "Filter": "(kind_id = 7)",
                                "Rows Removed by Filter": 492524
                              }
                            ]
                          }
                        ]
                      }
                    ]
                  }
                ]
              }
            ]
          }
        ]
      }
    ]
  },
  "Planning Time": 0.894,
  "Triggers": [],
  "Execution Time": 1916.165
}