[
  {
    "Plan": {
      "Node Type": "Aggregate",
      "Strategy": "Plain",
      "Partial Mode": "Finalize",
      "Parallel Aware": false,
      "Startup Cost": 327895.45,
      "Total Cost": 327895.46,
      "Plan Rows": 1,
      "Plan Width": 8,
      "Actual Startup Time": 566.81,
      "Actual Total Time": 589.392,
      "Actual Rows": 1,
      "Actual Loops": 1,
      "Plans": [
        {
          "Node Type": "Gather",
          "Parent Relationship": "Outer",
          "Parallel Aware": false,
          "Startup Cost": 327894.82,
          "Total Cost": 327895.43,
          "Plan Rows": 6,
          "Plan Width": 8,
          "Actual Startup Time": 549.007,
          "Actual Total Time": 589.363,
          "Actual Rows": 7,
          "Actual Loops": 1,
          "Workers Planned": 6,
          "Workers Launched": 6,
          "Single Copy": false,
          "Plans": [
            {
              "Node Type": "Aggregate",
              "Strategy": "Plain",
              "Partial Mode": "Partial",
              "Parent Relationship": "Outer",
              "Parallel Aware": false,
              "Startup Cost": 326894.82,
              "Total Cost": 326894.83,
              "Plan Rows": 1,
              "Plan Width": 8,
              "Actual Startup Time": 521.381,
              "Actual Total Time": 521.388,
              "Actual Rows": 1,
              "Actual Loops": 7,
              "Plans": [
                {
                  "Node Type": "Hash Join",
                  "Parent Relationship": "Outer",
                  "Parallel Aware": true,
                  "Join Type": "Inner",
                  "Startup Cost": 71391.43,
                  "Total Cost": 326495.33,
                  "Plan Rows": 159795,
                  "Plan Width": 0,
                  "Actual Startup Time": 385.89,
                  "Actual Total Time": 513.143,
                  "Actual Rows": 130664,
                  "Actual Loops": 7,
                  "Inner Unique": true,
                  "Hash Cond": "(ci.movie_id = t.id)",
                  "Plans": [
                    {
                      "Node Type": "Bitmap Heap Scan",
                      "Parent Relationship": "Outer",
                      "Parallel Aware": true,
                      "Relation Name": "cast_info",
                      "Alias": "ci",
                      "Startup Cost": 21171.05,
                      "Total Cost": 275855.49,
                      "Plan Rows": 159795,
                      "Plan Width": 4,
                      "Actual Startup Time": 34.717,
                      "Actual Total Time": 73.29,
                      "Actual Rows": 130664,
                      "Actual Loops": 7,
                      "Recheck Cond": "(person_id > 3886419)",
                      "Rows Removed by Index Recheck": 0,
                      "Exact Heap Blocks": 2384,
                      "Lossy Heap Blocks": 0,
                      "Plans": [
                        {
                          "Node Type": "Bitmap Index Scan",
                          "Parent Relationship": "Outer",
                          "Parallel Aware": false,
                          "Index Name": "person_id_cast_info",
                          "Startup Cost": 0.0,
                          "Total Cost": 20931.35,
                          "Plan Rows": 958772,
                          "Plan Width": 0,
                          "Actual Startup Time": 32.613,
                          "Actual Total Time": 32.614,
                          "Actual Rows": 914646,
                          "Actual Loops": 1,
                          "Index Cond": "(person_id > 3886419)"
                        }
                      ]
                    },
                    {
                      "Node Type": "Hash",
                      "Parent Relationship": "Inner",
                      "Parallel Aware": true,
                      "Startup Cost": 42319.06,
                      "Total Cost": 42319.06,
                      "Plan Rows": 632106,
                      "Plan Width": 4,
                      "Actual Startup Time": 343.619,
                      "Actual Total Time": 343.621,
                      "Actual Rows": 361187,
                      "Actual Loops": 7,
                      "Hash Buckets": 4194304,
                      "Original Hash Buckets": 4194304,
                      "Hash Batches": 1,
                      "Original Hash Batches": 1,
                      "Peak Memory Usage": 131808,
                      "Plans": [
                        {
                          "Node Type": "Seq Scan",
                          "Parent Relationship": "Outer",
                          "Parallel Aware": true,
                          "Relation Name": "title",
                          "Alias": "t",
                          "Startup Cost": 0.0,
                          "Total Cost": 42319.06,
                          "Plan Rows": 632106,
                          "Plan Width": 4,
                          "Actual Startup Time": 0.068,
                          "Actual Total Time": 103.825,
                          "Actual Rows": 361187,
                          "Actual Loops": 7
                        }
                      ]
                    }
                  ]
                }
              ]
            }
          ]
        }
      ]
    },
    "Planning Time": 0.646,
    "Triggers": [],
    "Execution Time": 589.496
  }
]