[
  {
    "Plan": {
      "Node Type": "Aggregate",
      "Strategy": "Plain",
      "Partial Mode": "Simple",
      "Parallel Aware": false,
      "Startup Cost": 77698.29,
      "Total Cost": 77698.3,
      "Plan Rows": 1,
      "Plan Width": 64,
      "Actual Startup Time": 674.671,
      "Actual Total Time": 709.981,
      "Actual Rows": 1,
      "Actual Loops": 1,
      "Plans": [
        {
          "Node Type": "Gather",
          "Parent Relationship": "Outer",
          "Parallel Aware": false,
          "Startup Cost": 46981.53,
          "Total Cost": 77698.27,
          "Plan Rows": 3,
          "Plan Width": 60,
          "Actual Startup Time": 674.66,
          "Actual Total Time": 709.967,
          "Actual Rows": 0,
          "Actual Loops": 1,
          "Workers Planned": 4,
          "Workers Launched": 4,
          "Single Copy": false,
          "Plans": [
            {
              "Node Type": "Nested Loop",
              "Parent Relationship": "Outer",
              "Parallel Aware": false,
              "Join Type": "Inner",
              "Startup Cost": 45981.53,
              "Total Cost": 76697.97,
              "Plan Rows": 1,
              "Plan Width": 60,
              "Actual Startup Time": 625.234,
              "Actual Total Time": 625.243,
              "Actual Rows": 0,
              "Actual Loops": 5,
              "Inner Unique": true,
              "Plans": [
                {
                  "Node Type": "Nested Loop",
                  "Parent Relationship": "Outer",
                  "Parallel Aware": false,
                  "Join Type": "Inner",
                  "Startup Cost": 45981.11,
                  "Total Cost": 76697.53,
                  "Plan Rows": 1,
                  "Plan Width": 64,
                  "Actual Startup Time": 625.233,
                  "Actual Total Time": 625.241,
                  "Actual Rows": 0,
                  "Actual Loops": 5,
                  "Inner Unique": false,
                  "Join Filter": "(t.id = mk.movie_id)",
                  "Rows Removed by Join Filter": 0,
                  "Plans": [
                    {
                      "Node Type": "Nested Loop",
                      "Parent Relationship": "Outer",
                      "Parallel Aware": false,
                      "Join Type": "Inner",
                      "Startup Cost": 45980.68,
                      "Total Cost": 76695.19,
                      "Plan Rows": 1,
                      "Plan Width": 76,
                      "Actual Startup Time": 625.232,
                      "Actual Total Time": 625.239,
                      "Actual Rows": 0,
                      "Actual Loops": 5,
                      "Inner Unique": true,
                      "Plans": [
                        {
                          "Node Type": "Nested Loop",
                          "Parent Relationship": "Outer",
                          "Parallel Aware": false,
                          "Join Type": "Inner",
                          "Startup Cost": 45980.53,
                          "Total Cost": 76694.91,
                          "Plan Rows": 1,
                          "Plan Width": 80,
                          "Actual Startup Time": 625.231,
                          "Actual Total Time": 625.237,
                          "Actual Rows": 0,
                          "Actual Loops": 5,
                          "Inner Unique": true,
                          "Plans": [
                            {
                              "Node Type": "Nested Loop",
                              "Parent Relationship": "Outer",
                              "Parallel Aware": false,
                              "Join Type": "Inner",
                              "Startup Cost": 45980.4,
                              "Total Cost": 76694.75,
                              "Plan Rows": 1,
                              "Plan Width": 84,
                              "Actual Startup Time": 625.23,
                              "Actual Total Time": 625.236,
                              "Actual Rows": 0,
                              "Actual Loops": 5,
                              "Inner Unique": false,
                              "Join Filter": "(t.id = mi.movie_id)",
                              "Rows Removed by Join Filter": 0,
                              "Plans": [
                                {
                                  "Node Type": "Nested Loop",
                                  "Parent Relationship": "Outer",
                                  "Parallel Aware": false,
                                  "Join Type": "Inner",
                                  "Startup Cost": 45979.97,
                                  "Total Cost": 76225.43,
                                  "Plan Rows": 124,
                                  "Plan Width": 33,
                                  "Actual Startup Time": 146.411,
                                  "Actual Total Time": 594.892,
                                  "Actual Rows": 1060,
                                  "Actual Loops": 5,
                                  "Inner Unique": true,
                                  "Plans": [
                                    {
                                      "Node Type": "Nested Loop",
                                      "Parent Relationship": "Outer",
                                      "Parallel Aware": false,
                                      "Join Type": "Inner",
                                      "Startup Cost": 45979.55,
                                      "Total Cost": 75809.08,
                                      "Plan Rows": 344,
                                      "Plan Width": 37,
                                      "Actual Startup Time": 146.372,
                                      "Actual Total Time": 591.57,
                                      "Actual Rows": 1120,
                                      "Actual Loops": 5,
                                      "Inner Unique": false,
                                      "Join Filter": "(t.id = mc.movie_id)",
                                      "Rows Removed by Join Filter": 0,
                                      "Plans": [
                                        {
                                          "Node Type": "Merge Join",
                                          "Parent Relationship": "Outer",
                                          "Parallel Aware": false,
                                          "Join Type": "Inner",
                                          "Startup Cost": 45979.12,
                                          "Total Cost": 68387.07,
                                          "Plan Rows": 8548,
                                          "Plan Width": 25,
                                          "Actual Startup Time": 137.934,
                                          "Actual Total Time": 448.535,
                                          "Actual Rows": 18211,
                                          "Actual Loops": 5,
                                          "Inner Unique": false,
                                          "Merge Cond": "(t.id = at.movie_id)",
                                          "Plans": [
                                            {
                                              "Node Type": "Sort",
                                              "Parent Relationship": "Outer",
                                              "Parallel Aware": false,
                                              "Startup Cost": 45970.53,
                                              "Total Cost": 46120.0,
                                              "Plan Rows": 59787,
                                              "Plan Width": 21,
                                              "Actual Startup Time": 134.865,
                                              "Actual Total Time": 145.308,
                                              "Actual Rows": 48247,
                                              "Actual Loops": 5,
                                              "Sort Key": [
                                                "t.id"
                                              ],
                                              "Sort Method": "quicksort",
                                              "Sort Space Used": 5922,
                                              "Sort Space Type": "Memory",
                                              "Workers": [
                                                {
                                                  "Worker Number": 0,
                                                  "Sort Method": "quicksort",
                                                  "Sort Space Used": 4293,
                                                  "Sort Space Type": "Memory"
                                                },
                                                {
                                                  "Worker Number": 1,
                                                  "Sort Method": "quicksort",
                                                  "Sort Space Used": 5620,
                                                  "Sort Space Type": "Memory"
                                                },
                                                {
                                                  "Worker Number": 2,
                                                  "Sort Method": "quicksort",
                                                  "Sort Space Used": 5370,
                                                  "Sort Space Type": "Memory"
                                                },
                                                {
                                                  "Worker Number": 3,
                                                  "Sort Method": "quicksort",
                                                  "Sort Space Used": 4327,
                                                  "Sort Space Type": "Memory"
                                                }
                                              ],
                                              "Plans": [
                                                {
                                                  "Node Type": "Bitmap Heap Scan",
                                                  "Parent Relationship": "Outer",
                                                  "Parallel Aware": true,
                                                  "Relation Name": "title",
                                                  "Alias": "t",
                                                  "Startup Cost": 4481.83,
                                                  "Total Cost": 41227.16,
                                                  "Plan Rows": 59787,
                                                  "Plan Width": 21,
                                                  "Actual Startup Time": 24.445,
                                                  "Actual Total Time": 114.144,
                                                  "Actual Rows": 48280,
                                                  "Actual Loops": 5,
                                                  "Recheck Cond": "(production_year < 1960)",
                                                  "Rows Removed by Index Recheck": 0,
                                                  "Exact Heap Blocks": 9288,
                                                  "Lossy Heap Blocks": 0,
                                                  "Plans": [
                                                    {
                                                      "Node Type": "Bitmap Index Scan",
                                                      "Parent Relationship": "Outer",
                                                      "Parallel Aware": false,
                                                      "Index Name": "idx_title_production_year",
                                                      "Startup Cost": 0.0,
                                                      "Total Cost": 4422.04,
                                                      "Plan Rows": 239148,
                                                      "Plan Width": 0,
                                                      "Actual Startup Time": 31.009,
                                                      "Actual Total Time": 31.011,
                                                      "Actual Rows": 241400,
                                                      "Actual Loops": 1,
                                                      "Index Cond": "(production_year < 1960)"
                                                    }
                                                  ]
                                                }
                                              ]
                                            },
                                            {
                                              "Node Type": "Index Only Scan",
                                              "Parent Relationship": "Inner",
                                              "Parallel Aware": false,
                                              "Scan Direction": "Forward",
                                              "Index Name": "movie_id_aka_title",
                                              "Relation Name": "aka_title",
                                              "Alias": "at",
                                              "Startup Cost": 0.42,
                                              "Total Cost": 21128.75,
                                              "Plan Rows": 361472,
                                              "Plan Width": 4,
                                              "Actual Startup Time": 0.078,
                                              "Actual Total Time": 270.013,
                                              "Actual Rows": 361472,
                                              "Actual Loops": 5,
                                              "Heap Fetches": 1807360
                                            }
                                          ]
                                        },
                                        {
                                          "Node Type": "Index Scan",
                                          "Parent Relationship": "Inner",
                                          "Parallel Aware": false,
                                          "Scan Direction": "Forward",
                                          "Index Name": "movie_id_movie_companies",
                                          "Relation Name": "movie_companies",
                                          "Alias": "mc",
                                          "Startup Cost": 0.43,
                                          "Total Cost": 0.86,
                                          "Plan Rows": 1,
                                          "Plan Width": 12,
                                          "Actual Startup Time": 0.007,
                                          "Actual Total Time": 0.007,
                                          "Actual Rows": 0,
                                          "Actual Loops": 91053,
                                          "Index Cond": "(movie_id = at.movie_id)",
                                          "Rows Removed by Index Recheck": 0,
                                          "Filter": "((note ~~ '%(200%)%'::text) AND (note ~~ '%(worldwide)%'::text))",
                                          "Rows Removed by Filter": 4
                                        }
                                      ]
                                    },
                                    {
                                      "Node Type": "Index Scan",
                                      "Parent Relationship": "Inner",
                                      "Parallel Aware": false,
                                      "Scan Direction": "Forward",
                                      "Index Name": "company_name_pkey",
                                      "Relation Name": "company_name",
                                      "Alias": "cn",
                                      "Startup Cost": 0.42,
                                      "Total Cost": 1.21,
                                      "Plan Rows": 1,
                                      "Plan Width": 4,
                                      "Actual Startup Time": 0.002,
                                      "Actual Total Time": 0.002,
                                      "Actual Rows": 1,
                                      "Actual Loops": 5601,
                                      "Index Cond": "(id = mc.company_id)",
                                      "Rows Removed by Index Recheck": 0,
                                      "Filter": "((country_code)::text = '[us]'::text)",
                                      "Rows Removed by Filter": 0
                                    }
                                  ]
                                },
                                {
                                  "Node Type": "Index Scan",
                                  "Parent Relationship": "Inner",
                                  "Parallel Aware": false,
                                  "Scan Direction": "Forward",
                                  "Index Name": "movie_id_movie_info",
                                  "Relation Name": "movie_info",
                                  "Alias": "mi",
                                  "Startup Cost": 0.43,
                                  "Total Cost": 3.77,
                                  "Plan Rows": 1,
                                  "Plan Width": 51,
                                  "Actual Startup Time": 0.028,
                                  "Actual Total Time": 0.028,
                                  "Actual Rows": 0,
                                  "Actual Loops": 5301,
                                  "Index Cond": "(movie_id = at.movie_id)",
                                  "Rows Removed by Index Recheck": 0,
                                  "Filter": "((note ~~ '%internet%'::text) AND (info ~~ 'USA:% 200%'::text))",
                                  "Rows Removed by Filter": 45
                                }
                              ]
                            },
                            {
                              "Node Type": "Index Only Scan",
                              "Parent Relationship": "Inner",
                              "Parallel Aware": false,
                              "Scan Direction": "Forward",
                              "Index Name": "company_type_pkey",
                              "Relation Name": "company_type",
                              "Alias": "ct",
                              "Startup Cost": 0.13,
                              "Total Cost": 0.15,
                              "Plan Rows": 1,
                              "Plan Width": 4,
                              "Actual Startup Time": 0.0,
                              "Actual Total Time": 0.0,
                              "Actual Rows": 0,
                              "Actual Loops": 0,
                              "Index Cond": "(id = mc.company_type_id)",
                              "Rows Removed by Index Recheck": 0,
                              "Heap Fetches": 0
                            }
                          ]
                        },
                        {
                          "Node Type": "Index Scan",
                          "Parent Relationship": "Inner",
                          "Parallel Aware": false,
                          "Scan Direction": "Forward",
                          "Index Name": "info_type_pkey",
                          "Relation Name": "info_type",
                          "Alias": "it1",
                          "Startup Cost": 0.14,
                          "Total Cost": 0.21,
                          "Plan Rows": 1,
                          "Plan Width": 4,
                          "Actual Startup Time": 0.0,
                          "Actual Total Time": 0.0,
                          "Actual Rows": 0,
                          "Actual Loops": 0,
                          "Index Cond": "(id = mi.info_type_id)",
                          "Rows Removed by Index Recheck": 0,
                          "Filter": "((info)::text = 'release dates'::text)",
                          "Rows Removed by Filter": 0
                        }
                      ]
                    },
                    {
                      "Node Type": "Index Scan",
                      "Parent Relationship": "Inner",
                      "Parallel Aware": false,
                      "Scan Direction": "Forward",
                      "Index Name": "movie_id_movie_keyword",
                      "Relation Name": "movie_keyword",
                      "Alias": "mk",
                      "Startup Cost": 0.43,
                      "Total Cost": 1.76,
                      "Plan Rows": 47,
                      "Plan Width": 8,
                      "Actual Startup Time": 0.0,
                      "Actual Total Time": 0.0,
                      "Actual Rows": 0,
                      "Actual Loops": 0,
                      "Index Cond": "(movie_id = at.movie_id)",
                      "Rows Removed by Index Recheck": 0
                    }
                  ]
                },
                {
                  "Node Type": "Index Only Scan",
                  "Parent Relationship": "Inner",
                  "Parallel Aware": false,
                  "Scan Direction": "Forward",
                  "Index Name": "keyword_pkey",
                  "Relation Name": "keyword",
                  "Alias": "k",
                  "Startup Cost": 0.42,
                  "Total Cost": 0.44,
                  "Plan Rows": 1,
                  "Plan Width": 4,
                  "Actual Startup Time": 0.0,
                  "Actual Total Time": 0.0,
                  "Actual Rows": 0,
                  "Actual Loops": 0,
                  "Index Cond": "(id = mk.keyword_id)",
                  "Rows Removed by Index Recheck": 0,
                  "Heap Fetches": 0
                }
              ]
            }
          ]
        }
      ]
    },
    "Planning Time": 30.954,
    "Triggers": [],
    "Execution Time": 711.686
  }
]