[
  {
    "Plan": {
      "Node Type": "Aggregate",
      "Strategy": "Plain",
      "Partial Mode": "Finalize",
      "Parallel Aware": false,
      "Startup Cost": 29833.79,
      "Total Cost": 29833.8,
      "Plan Rows": 1,
      "Plan Width": 8,
      "Actual Startup Time": 38.153,
      "Actual Total Time": 43.504,
      "Actual Rows": 1,
      "Actual Loops": 1,
      "Plans": [
        {
          "Node Type": "Gather",
          "Parent Relationship": "Outer",
          "Parallel Aware": false,
          "Startup Cost": 29833.58,
          "Total Cost": 29833.79,
          "Plan Rows": 2,
          "Plan Width": 8,
          "Actual Startup Time": 38.06,
          "Actual Total Time": 43.499,
          "Actual Rows": 3,
          "Actual Loops": 1,
          "Workers Planned": 2,
          "Workers Launched": 2,
          "Single Copy": false,
          "Plans": [
            {
              "Node Type": "Aggregate",
              "Strategy": "Plain",
              "Partial Mode": "Partial",
              "Parent Relationship": "Outer",
              "Parallel Aware": false,
              "Startup Cost": 28833.58,
              "Total Cost": 28833.59,
              "Plan Rows": 1,
              "Plan Width": 8,
              "Actual Startup Time": 31.616,
              "Actual Total Time": 31.618,
              "Actual Rows": 1,
              "Actual Loops": 3,
              "Plans": [
                {
                  "Node Type": "Nested Loop",
                  "Parent Relationship": "Outer",
                  "Parallel Aware": false,
                  "Join Type": "Inner",
                  "Startup Cost": 107.86,
                  "Total Cost": 28828.23,
                  "Plan Rows": 2140,
                  "Plan Width": 0,
                  "Actual Startup Time": 1.607,
                  "Actual Total Time": 31.151,
                  "Actual Rows": 3401,
                  "Actual Loops": 3,
                  "Inner Unique": false,
                  "Plans": [
                    {
                      "Node Type": "Nested Loop",
                      "Parent Relationship": "Outer",
                      "Parallel Aware": false,
                      "Join Type": "Inner",
                      "Startup Cost": 107.43,
                      "Total Cost": 27558.95,
                      "Plan Rows": 2073,
                      "Plan Width": 8,
                      "Actual Startup Time": 1.45,
                      "Actual Total Time": 18.428,
                      "Actual Rows": 1170,
                      "Actual Loops": 3,
                      "Inner Unique": true,
                      "Plans": [
                        {
                          "Node Type": "Bitmap Heap Scan",
                          "Parent Relationship": "Outer",
                          "Parallel Aware": true,
                          "Relation Name": "movie_keyword",
                          "Alias": "mk",
                          "Startup Cost": 107.0,
                          "Total Cost": 12376.91,
                          "Plan Rows": 2073,
                          "Plan Width": 4,
                          "Actual Startup Time": 1.287,
                          "Actual Total Time": 4.361,
                          "Actual Rows": 1170,
                          "Actual Loops": 3,
                          "Recheck Cond": "(keyword_id = 365)",
                          "Rows Removed by Index Recheck": 0,
                          "Exact Heap Blocks": 826,
                          "Lossy Heap Blocks": 0,
                          "Plans": [
                            {
                              "Node Type": "Bitmap Index Scan",
                              "Parent Relationship": "Outer",
                              "Parallel Aware": false,
                              "Index Name": "keyword_id_movie_keyword",
                              "Startup Cost": 0.0,
                              "Total Cost": 105.75,
                              "Plan Rows": 4976,
                              "Plan Width": 0,
                              "Actual Startup Time": 3.065,
                              "Actual Total Time": 3.066,
                              "Actual Rows": 3511,
                              "Actual Loops": 1,
                              "Index Cond": "(keyword_id = 365)"
                            }
                          ]
                        },
                        {
                          "Node Type": "Index Only Scan",
                          "Parent Relationship": "Inner",
                          "Parallel Aware": false,
                          "Scan Direction": "Forward",
                          "Index Name": "title_pkey",
                          "Relation Name": "title",
                          "Alias": "t",
                          "Startup Cost": 0.43,
                          "Total Cost": 7.32,
                          "Plan Rows": 1,
                          "Plan Width": 4,
                          "Actual Startup Time": 0.011,
                          "Actual Total Time": 0.011,
                          "Actual Rows": 1,
                          "Actual Loops": 3511,
                          "Index Cond": "(id = mk.movie_id)",
                          "Rows Removed by Index Recheck": 0,
                          "Heap Fetches": 3511
                        }
                      ]
                    },
                    {
                      "Node Type": "Index Only Scan",
                      "Parent Relationship": "Inner",
                      "Parallel Aware": false,
                      "Scan Direction": "Forward",
                      "Index Name": "movie_id_movie_companies",
                      "Relation Name": "movie_companies",
                      "Alias": "mc",
                      "Startup Cost": 0.43,
                      "Total Cost": 0.56,
                      "Plan Rows": 5,
                      "Plan Width": 4,
                      "Actual Startup Time": 0.008,
                      "Actual Total Time": 0.01,
                      "Actual Rows": 3,
                      "Actual Loops": 3511,
                      "Index Cond": "(movie_id = t.id)",
                      "Rows Removed by Index Recheck": 0,
                      "Heap Fetches": 10202
                    }
                  ]
                }
              ]
            }
          ]
        }
      ]
    },
    "Planning Time": 1.114,
    "Triggers": [],
    "Execution Time": 43.583
  }
]