[
  {
    "Plan": {
      "Node Type": "Aggregate",
      "Strategy": "Plain",
      "Partial Mode": "Finalize",
      "Parallel Aware": false,
      "Startup Cost": 335482.56,
      "Total Cost": 335482.57,
      "Plan Rows": 1,
      "Plan Width": 8,
      "Actual Startup Time": 809.103,
      "Actual Total Time": 857.307,
      "Actual Rows": 1,
      "Actual Loops": 1,
      "Plans": [
        {
          "Node Type": "Gather",
          "Parent Relationship": "Outer",
          "Parallel Aware": false,
          "Startup Cost": 335481.94,
          "Total Cost": 335482.55,
          "Plan Rows": 6,
          "Plan Width": 8,
          "Actual Startup Time": 808.907,
          "Actual Total Time": 857.288,
          "Actual Rows": 7,
          "Actual Loops": 1,
          "Workers Planned": 6,
          "Workers Launched": 6,
          "Single Copy": false,
          "Plans": [
            {
              "Node Type": "Aggregate",
              "Strategy": "Plain",
              "Partial Mode": "Partial",
              "Parent Relationship": "Outer",
              "Parallel Aware": false,
              "Startup Cost": 334481.94,
              "Total Cost": 334481.95,
              "Plan Rows": 1,
              "Plan Width": 8,
              "Actual Startup Time": 800.068,
              "Actual Total Time": 800.069,
              "Actual Rows": 1,
              "Actual Loops": 7,
              "Plans": [
                {
                  "Node Type": "Seq Scan",
                  "Parent Relationship": "Outer",
                  "Parallel Aware": true,
                  "Relation Name": "cast_info",
                  "Alias": "ci",
                  "Startup Cost": 0.0,
                  "Total Cost": 328211.39,
                  "Plan Rows": 2508218,
                  "Plan Width": 0,
                  "Actual Startup Time": 279.727,
                  "Actual Total Time": 680.314,
                  "Actual Rows": 2110415,
                  "Actual Loops": 7,
                  "Filter": "(person_id > 2176375)",
                  "Rows Removed by Filter": 3067349
                }
              ]
            }
          ]
        }
      ]
    },
    "Planning Time": 0.128,
    "Triggers": [],
    "Execution Time": 857.368
  }
]