[
  {
    "Plan": {
      "Node Type": "Aggregate",
      "Strategy": "Plain",
      "Partial Mode": "Finalize",
      "Parallel Aware": false,
      "Startup Cost": 356487.39,
      "Total Cost": 356487.4,
      "Plan Rows": 1,
      "Plan Width": 8,
      "Actual Startup Time": 962.221,
      "Actual Total Time": 1024.578,
      "Actual Rows": 1,
      "Actual Loops": 1,
      "Plans": [
        {
          "Node Type": "Gather",
          "Parent Relationship": "Outer",
          "Parallel Aware": false,
          "Startup Cost": 356486.76,
          "Total Cost": 356487.37,
          "Plan Rows": 6,
          "Plan Width": 8,
          "Actual Startup Time": 962.118,
          "Actual Total Time": 1024.568,
          "Actual Rows": 7,
          "Actual Loops": 1,
          "Workers Planned": 6,
          "Workers Launched": 6,
          "Single Copy": false,
          "Plans": [
            {
              "Node Type": "Aggregate",
              "Strategy": "Plain",
              "Partial Mode": "Partial",
              "Parent Relationship": "Outer",
              "Parallel Aware": false,
              "Startup Cost": 355486.76,
              "Total Cost": 355486.77,
              "Plan Rows": 1,
              "Plan Width": 8,
              "Actual Startup Time": 953.11,
              "Actual Total Time": 953.111,
              "Actual Rows": 1,
              "Actual Loops": 7,
              "Plans": [
                {
                  "Node Type": "Seq Scan",
                  "Parent Relationship": "Outer",
                  "Parallel Aware": true,
                  "Relation Name": "cast_info",
                  "Alias": "ci",
                  "Startup Cost": 0.0,
                  "Total Cost": 343257.03,
                  "Plan Rows": 4891893,
                  "Plan Width": 0,
                  "Actual Startup Time": 0.046,
                  "Actual Total Time": 760.516,
                  "Actual Rows": 4358807,
                  "Actual Loops": 7,
                  "Filter": "((person_id < 3803071) AND (role_id < 9))",
                  "Rows Removed by Filter": 818956
                }
              ]
            }
          ]
        }
      ]
    },
    "Planning Time": 0.216,
    "Triggers": [],
    "Execution Time": 1024.65
  }
]