[
  {
    "Plan": {
      "Node Type": "Aggregate",
      "Strategy": "Plain",
      "Partial Mode": "Finalize",
      "Parallel Aware": false,
      "Startup Cost": 338649.32,
      "Total Cost": 338649.33,
      "Plan Rows": 1,
      "Plan Width": 8,
      "Actual Startup Time": 752.279,
      "Actual Total Time": 809.197,
      "Actual Rows": 1,
      "Actual Loops": 1,
      "Plans": [
        {
          "Node Type": "Gather",
          "Parent Relationship": "Outer",
          "Parallel Aware": false,
          "Startup Cost": 338648.7,
          "Total Cost": 338649.3,
          "Plan Rows": 6,
          "Plan Width": 8,
          "Actual Startup Time": 752.165,
          "Actual Total Time": 809.188,
          "Actual Rows": 7,
          "Actual Loops": 1,
          "Workers Planned": 6,
          "Workers Launched": 6,
          "Single Copy": false,
          "Plans": [
            {
              "Node Type": "Aggregate",
              "Strategy": "Plain",
              "Partial Mode": "Partial",
              "Parent Relationship": "Outer",
              "Parallel Aware": false,
              "Startup Cost": 337648.7,
              "Total Cost": 337648.71,
              "Plan Rows": 1,
              "Plan Width": 8,
              "Actual Startup Time": 744.027,
              "Actual Total Time": 744.028,
              "Actual Rows": 1,
              "Actual Loops": 7,
              "Plans": [
                {
                  "Node Type": "Seq Scan",
                  "Parent Relationship": "Outer",
                  "Parallel Aware": true,
                  "Relation Name": "cast_info",
                  "Alias": "ci",
                  "Startup Cost": 0.0,
                  "Total Cost": 328162.03,
                  "Plan Rows": 3794668,
                  "Plan Width": 0,
                  "Actual Startup Time": 0.047,
                  "Actual Total Time": 602.663,
                  "Actual Rows": 3259328,
                  "Actual Loops": 7,
                  "Filter": "(person_id < 2329259)",
                  "Rows Removed by Filter": 1918436
                }
              ]
            }
          ]
        }
      ]
    },
    "Planning Time": 0.192,
    "Triggers": [],
    "Execution Time": 809.268
  }
]