[
  {
    "Plan": {
      "Node Type": "Aggregate",
      "Strategy": "Plain",
      "Partial Mode": "Finalize",
      "Parallel Aware": false,
      "Startup Cost": 65108.04,
      "Total Cost": 65108.05,
      "Plan Rows": 1,
      "Plan Width": 8,
      "Actual Startup Time": 560.356,
      "Actual Total Time": 587.763,
      "Actual Rows": 1,
      "Actual Loops": 1,
      "Plans": [
        {
          "Node Type": "Gather",
          "Parent Relationship": "Outer",
          "Parallel Aware": false,
          "Startup Cost": 65107.82,
          "Total Cost": 65108.03,
          "Plan Rows": 2,
          "Plan Width": 8,
          "Actual Startup Time": 554.25,
          "Actual Total Time": 587.749,
          "Actual Rows": 3,
          "Actual Loops": 1,
          "Workers Planned": 2,
          "Workers Launched": 2,
          "Single Copy": false,
          "Plans": [
            {
              "Node Type": "Aggregate",
              "Strategy": "Plain",
              "Partial Mode": "Partial",
              "Parent Relationship": "Outer",
              "Parallel Aware": false,
              "Startup Cost": 64107.82,
              "Total Cost": 64107.83,
              "Plan Rows": 1,
              "Plan Width": 8,
              "Actual Startup Time": 549.866,
              "Actual Total Time": 549.872,
              "Actual Rows": 1,
              "Actual Loops": 3,
              "Plans": [
                {
                  "Node Type": "Hash Join",
                  "Parent Relationship": "Outer",
                  "Parallel Aware": true,
                  "Join Type": "Inner",
                  "Startup Cost": 48384.71,
                  "Total Cost": 63579.27,
                  "Plan Rows": 211420,
                  "Plan Width": 0,
                  "Actual Startup Time": 336.278,
                  "Actual Total Time": 540.521,
                  "Actual Rows": 141787,
                  "Actual Loops": 3,
                  "Inner Unique": true,
                  "Hash Cond": "(mi_idx.movie_id = t.id)",
                  "Plans": [
                    {
                      "Node Type": "Seq Scan",
                      "Parent Relationship": "Outer",
                      "Parallel Aware": true,
                      "Relation Name": "movie_info_idx",
                      "Alias": "mi_idx",
                      "Startup Cost": 0.0,
                      "Total Cost": 13685.15,
                      "Plan Rows": 575015,
                      "Plan Width": 4,
                      "Actual Startup Time": 0.027,
                      "Actual Total Time": 64.09,
                      "Actual Rows": 460012,
                      "Actual Loops": 3
                    },
                    {
                      "Node Type": "Hash",
                      "Parent Relationship": "Inner",
                      "Parallel Aware": true,
                      "Startup Cost": 45479.59,
                      "Total Cost": 45479.59,
                      "Plan Rows": 232410,
                      "Plan Width": 4,
                      "Actual Startup Time": 332.396,
                      "Actual Total Time": 332.397,
                      "Actual Rows": 284059,
                      "Actual Loops": 3,
                      "Hash Buckets": 1048576,
                      "Original Hash Buckets": 1048576,
                      "Hash Batches": 1,
                      "Original Hash Batches": 1,
                      "Peak Memory Usage": 41536,
                      "Plans": [
                        {
                          "Node Type": "Seq Scan",
                          "Parent Relationship": "Outer",
                          "Parallel Aware": true,
                          "Relation Name": "title",
                          "Alias": "t",
                          "Startup Cost": 0.0,
                          "Total Cost": 45479.59,
                          "Plan Rows": 232410,
                          "Plan Width": 4,
                          "Actual Startup Time": 0.025,
                          "Actual Total Time": 191.192,
                          "Actual Rows": 284059,
                          "Actual Loops": 3,
                          "Filter": "((kind_id > 1) AND (production_year < 2004))",
                          "Rows Removed by Filter": 558711
                        }
                      ]
                    }
                  ]
                }
              ]
            }
          ]
        }
      ]
    },
    "Planning Time": 0.363,
    "Triggers": [],
    "Execution Time": 587.822
  }
]