{
  "Plan": {
    "Node Type": "Aggregate",
    "Strategy": "Plain",
    "Partial Mode": "Finalize",
    "Parallel Aware": false,
    "Startup Cost": 96125.02,
    "Total Cost": 96125.03,
    "Plan Rows": 1,
    "Plan Width": 8,
    "Actual Startup Time": 322.812,
    "Actual Total Time": 337.755,
    "Actual Rows": 1,
    "Actual Loops": 1,
    "Plans": [
      {
        "Node Type": "Gather",
        "Parent Relationship": "Outer",
        "Parallel Aware": false,
        "Startup Cost": 96124.91,
        "Total Cost": 96125.02,
        "Plan Rows": 1,
        "Plan Width": 8,
        "Actual Startup Time": 322.212,
        "Actual Total Time": 337.745,
        "Actual Rows": 2,
        "Actual Loops": 1,
        "Workers Planned": 1,
        "Workers Launched": 1,
        "Single Copy": false,
        "Plans": [
          {
            "Node Type": "Aggregate",
            "Strategy": "Plain",
            "Partial Mode": "Partial",
            "Parent Relationship": "Outer",
            "Parallel Aware": false,
            "Startup Cost": 95124.91,
            "Total Cost": 95124.92,
            "Plan Rows": 1,
            "Plan Width": 8,
            "Actual Startup Time": 316.168,
            "Actual Total Time": 316.172,
            "Actual Rows": 1,
            "Actual Loops": 2,
            "Plans": [
              {
                "Node Type": "Hash Join",
                "Parent Relationship": "Outer",
                "Parallel Aware": true,
                "Join Type": "Inner",
                "Startup Cost": 31725.07,
                "Total Cost": 94984.13,
                "Plan Rows": 56314,
                "Plan Width": 0,
                "Actual Startup Time": 96.94,
                "Actual Total Time": 314.971,
                "Actual Rows": 22483,
                "Actual Loops": 2,
                "Inner Unique": false,
                "Hash Cond": "(t.id = mc.movie_id)",
                "Plans": [
                  {
                    "Node Type": "Seq Scan",
                    "Parent Relationship": "Outer",
                    "Parallel Aware": true,
                    "Relation Name": "title",
                    "Alias": "t",
                    "Startup Cost": 0.0,
                    "Total Cost": 58306.47,
                    "Plan Rows": 739413,
                    "Plan Width": 4,
                    "Actual Startup Time": 0.011,
                    "Actual Total Time": 144.416,
                    "Actual Rows": 687614,
                    "Actual Loops": 2,
                    "Filter": "((kind_id > 1) AND (production_year > 1992))",
                    "Rows Removed by Filter": 576542
                  },
                  {
                    "Node Type": "Hash",
                    "Parent Relationship": "Inner",
                    "Parallel Aware": true,
                    "Startup Cost": 30309.22,
                    "Total Cost": 30309.22,
                    "Plan Rows": 113268,
                    "Plan Width": 4,
                    "Actual Startup Time": 93.406,
                    "Actual Total Time": 93.407,
                    "Actual Rows": 43517,
                    "Actual Loops": 2,
                    "Hash Buckets": 262144,
                    "Original Hash Buckets": 262144,
                    "Hash Batches": 1,
                    "Original Hash Batches": 1,
                    "Peak Memory Usage": 5504,
                    "Plans": [
                      {
                        "Node Type": "Bitmap Heap Scan",
                        "Parent Relationship": "Outer",
                        "Parallel Aware": true,
                        "Relation Name": "movie_companies",
                        "Alias": "mc",
                        "Startup Cost": 8172.92,
                        "Total Cost": 30309.22,
                        "Plan Rows": 113268,
                        "Plan Width": 4,
                        "Actual Startup Time": 68.28,
                        "Actual Total Time": 84.268,
                        "Actual Rows": 43517,
                        "Actual Loops": 2,
                        "Recheck Cond": "(company_id < 225)",
                        "Rows Removed by Index Recheck": 0,
                        "Filter": "(company_type_id = 2)",
                        "Rows Removed by Filter": 144794,
                        "Exact Heap Blocks": 14095,
                        "Lossy Heap Blocks": 0,
                        "Plans": [
                          {
                            "Node Type": "Bitmap Index Scan",
                            "Parent Relationship": "Outer",
                            "Parallel Aware": false,
                            "Index Name": "company_id_movie_companies",
                            "Startup Cost": 0.0,
                            "Total Cost": 8124.78,
                            "Plan Rows": 379247,
                            "Plan Width": 0,
                            "Actual Startup Time": 30.255,
                            "Actual Total Time": 30.255,
                            "Actual Rows": 376622,
                            "Actual Loops": 1,
                            "Index Cond": "(company_id < 225)"
                          }
                        ]
                      }
                    ]
                  }
                ]
              }
            ]
          }
        ]
      }
    ]
  },
  "Planning Time": 0.707,
  "Triggers": [],
  "Execution Time": 337.849
}