[
  {
    "Plan": {
      "Node Type": "Aggregate",
      "Strategy": "Plain",
      "Partial Mode": "Finalize",
      "Parallel Aware": false,
      "Startup Cost": 46488.93,
      "Total Cost": 46488.94,
      "Plan Rows": 1,
      "Plan Width": 8,
      "Actual Startup Time": 97.402,
      "Actual Total Time": 108.106,
      "Actual Rows": 1,
      "Actual Loops": 1,
      "Plans": [
        {
          "Node Type": "Gather",
          "Parent Relationship": "Outer",
          "Parallel Aware": false,
          "Startup Cost": 46488.51,
          "Total Cost": 46488.92,
          "Plan Rows": 4,
          "Plan Width": 8,
          "Actual Startup Time": 97.229,
          "Actual Total Time": 108.096,
          "Actual Rows": 5,
          "Actual Loops": 1,
          "Workers Planned": 4,
          "Workers Launched": 4,
          "Single Copy": false,
          "Plans": [
            {
              "Node Type": "Aggregate",
              "Strategy": "Plain",
              "Partial Mode": "Partial",
              "Parent Relationship": "Outer",
              "Parallel Aware": false,
              "Startup Cost": 45488.51,
              "Total Cost": 45488.52,
              "Plan Rows": 1,
              "Plan Width": 8,
              "Actual Startup Time": 87.97,
              "Actual Total Time": 87.972,
              "Actual Rows": 1,
              "Actual Loops": 5,
              "Plans": [
                {
                  "Node Type": "Seq Scan",
                  "Parent Relationship": "Outer",
                  "Parallel Aware": true,
                  "Relation Name": "title",
                  "Alias": "t",
                  "Startup Cost": 0.0,
                  "Total Cost": 45479.59,
                  "Plan Rows": 3568,
                  "Plan Width": 0,
                  "Actual Startup Time": 0.59,
                  "Actual Total Time": 87.7,
                  "Actual Rows": 2367,
                  "Actual Loops": 5,
                  "Filter": "((kind_id < 7) AND (production_year = 1995))",
                  "Rows Removed by Filter": 503295
                }
              ]
            }
          ]
        }
      ]
    },
    "Planning Time": 0.164,
    "Triggers": [],
    "Execution Time": 108.166
  }
]