[
  {
    "Plan": {
      "Node Type": "Aggregate",
      "Strategy": "Plain",
      "Partial Mode": "Finalize",
      "Parallel Aware": false,
      "Startup Cost": 33976.89,
      "Total Cost": 33976.9,
      "Plan Rows": 1,
      "Plan Width": 8,
      "Actual Startup Time": 142.699,
      "Actual Total Time": 171.186,
      "Actual Rows": 1,
      "Actual Loops": 1,
      "Plans": [
        {
          "Node Type": "Gather",
          "Parent Relationship": "Outer",
          "Parallel Aware": false,
          "Startup Cost": 33976.68,
          "Total Cost": 33976.89,
          "Plan Rows": 2,
          "Plan Width": 8,
          "Actual Startup Time": 141.846,
          "Actual Total Time": 171.177,
          "Actual Rows": 3,
          "Actual Loops": 1,
          "Workers Planned": 2,
          "Workers Launched": 2,
          "Single Copy": false,
          "Plans": [
            {
              "Node Type": "Aggregate",
              "Strategy": "Plain",
              "Partial Mode": "Partial",
              "Parent Relationship": "Outer",
              "Parallel Aware": false,
              "Startup Cost": 32976.68,
              "Total Cost": 32976.69,
              "Plan Rows": 1,
              "Plan Width": 8,
              "Actual Startup Time": 133.84,
              "Actual Total Time": 133.842,
              "Actual Rows": 1,
              "Actual Loops": 3,
              "Plans": [
                {
                  "Node Type": "Nested Loop",
                  "Parent Relationship": "Outer",
                  "Parallel Aware": false,
                  "Join Type": "Inner",
                  "Startup Cost": 113.71,
                  "Total Cost": 32949.96,
                  "Plan Rows": 10687,
                  "Plan Width": 0,
                  "Actual Startup Time": 1.61,
                  "Actual Total Time": 131.944,
                  "Actual Rows": 28590,
                  "Actual Loops": 3,
                  "Inner Unique": false,
                  "Plans": [
                    {
                      "Node Type": "Nested Loop",
                      "Parent Relationship": "Outer",
                      "Parallel Aware": false,
                      "Join Type": "Inner",
                      "Startup Cost": 113.15,
                      "Total Cost": 28530.03,
                      "Plan Rows": 2166,
                      "Plan Width": 8,
                      "Actual Startup Time": 1.41,
                      "Actual Total Time": 8.751,
                      "Actual Rows": 1433,
                      "Actual Loops": 3,
                      "Inner Unique": true,
                      "Plans": [
                        {
                          "Node Type": "Bitmap Heap Scan",
                          "Parent Relationship": "Outer",
                          "Parallel Aware": true,
                          "Relation Name": "movie_keyword",
                          "Alias": "mk",
                          "Startup Cost": 112.72,
                          "Total Cost": 12756.27,
                          "Plan Rows": 2166,
                          "Plan Width": 4,
                          "Actual Startup Time": 1.219,
                          "Actual Total Time": 3.069,
                          "Actual Rows": 1433,
                          "Actual Loops": 3,
                          "Recheck Cond": "(keyword_id > 130148)",
                          "Rows Removed by Index Recheck": 0,
                          "Exact Heap Blocks": 936,
                          "Lossy Heap Blocks": 0,
                          "Plans": [
                            {
                              "Node Type": "Bitmap Index Scan",
                              "Parent Relationship": "Outer",
                              "Parallel Aware": false,
                              "Index Name": "keyword_id_movie_keyword",
                              "Startup Cost": 0.0,
                              "Total Cost": 111.42,
                              "Plan Rows": 5198,
                              "Plan Width": 0,
                              "Actual Startup Time": 2.739,
                              "Actual Total Time": 2.74,
                              "Actual Rows": 4298,
                              "Actual Loops": 1,
                              "Index Cond": "(keyword_id > 130148)"
                            }
                          ]
                        },
                        {
                          "Node Type": "Index Only Scan",
                          "Parent Relationship": "Inner",
                          "Parallel Aware": false,
                          "Scan Direction": "Forward",
                          "Index Name": "title_pkey",
                          "Relation Name": "title",
                          "Alias": "t",
                          "Startup Cost": 0.43,
                          "Total Cost": 7.28,
                          "Plan Rows": 1,
                          "Plan Width": 4,
                          "Actual Startup Time": 0.004,
                          "Actual Total Time": 0.004,
                          "Actual Rows": 1,
                          "Actual Loops": 4298,
                          "Index Cond": "(id = mk.movie_id)",
                          "Rows Removed by Index Recheck": 0,
                          "Heap Fetches": 4298
                        }
                      ]
                    },
                    {
                      "Node Type": "Index Scan",
                      "Parent Relationship": "Inner",
                      "Parallel Aware": false,
                      "Scan Direction": "Forward",
                      "Index Name": "movie_id_cast_info",
                      "Relation Name": "cast_info",
                      "Alias": "ci",
                      "Startup Cost": 0.56,
                      "Total Cost": 1.91,
                      "Plan Rows": 13,
                      "Plan Width": 4,
                      "Actual Startup Time": 0.007,
                      "Actual Total Time": 0.084,
                      "Actual Rows": 20,
                      "Actual Loops": 4298,
                      "Index Cond": "(movie_id = t.id)",
                      "Rows Removed by Index Recheck": 0,
                      "Filter": "(role_id < 2)",
                      "Rows Removed by Filter": 39
                    }
                  ]
                }
              ]
            }
          ]
        }
      ]
    },
    "Planning Time": 1.341,
    "Triggers": [],
    "Execution Time": 171.286
  }
]