[
    {
        "Bao": {
            "Bao prediction": "NaN",
            "Bao recommended hint": "(no hint)"
        }
    },
    {
        "Plan": {
            "Node Type": "Aggregate",
            "Strategy": "Plain",
            "Partial Mode": "Finalize",
            "Parallel Aware": false,
            "Startup Cost": 29416.16,
            "Total Cost": 29416.17,
            "Plan Rows": 1,
            "Plan Width": 8,
            "Actual Startup Time": 63.226,
            "Actual Total Time": 68.6,
            "Actual Rows": 1,
            "Actual Loops": 1,
            "Output": [
                "count(*)"
            ],
            "Plans": [
                {
                    "Node Type": "Gather",
                    "Parent Relationship": "Outer",
                    "Parallel Aware": false,
                    "Startup Cost": 29415.84,
                    "Total Cost": 29416.15,
                    "Plan Rows": 3,
                    "Plan Width": 8,
                    "Actual Startup Time": 62.938,
                    "Actual Total Time": 68.593,
                    "Actual Rows": 4,
                    "Actual Loops": 1,
                    "Output": [
                        "(PARTIAL count(*))"
                    ],
                    "Workers Planned": 3,
                    "Workers Launched": 3,
                    "Single Copy": false,
                    "Plans": [
                        {
                            "Node Type": "Aggregate",
                            "Strategy": "Plain",
                            "Partial Mode": "Partial",
                            "Parent Relationship": "Outer",
                            "Parallel Aware": false,
                            "Startup Cost": 28415.84,
                            "Total Cost": 28415.85,
                            "Plan Rows": 1,
                            "Plan Width": 8,
                            "Actual Startup Time": 54.475,
                            "Actual Total Time": 54.477,
                            "Actual Rows": 1,
                            "Actual Loops": 4,
                            "Output": [
                                "PARTIAL count(*)"
                            ],
                            "Workers": [
                                {
                                    "Worker Number": 0,
                                    "Actual Startup Time": 51.186,
                                    "Actual Total Time": 51.188,
                                    "Actual Rows": 1,
                                    "Actual Loops": 1
                                },
                                {
                                    "Worker Number": 1,
                                    "Actual Startup Time": 51.956,
                                    "Actual Total Time": 51.957,
                                    "Actual Rows": 1,
                                    "Actual Loops": 1
                                },
                                {
                                    "Worker Number": 2,
                                    "Actual Startup Time": 52.072,
                                    "Actual Total Time": 52.074,
                                    "Actual Rows": 1,
                                    "Actual Loops": 1
                                }
                            ],
                            "Plans": [
                                {
                                    "Node Type": "Bitmap Heap Scan",
                                    "Parent Relationship": "Outer",
                                    "Parallel Aware": true,
                                    "Relation Name": "movie_keyword",
                                    "Schema": "public",
                                    "Alias": "mk",
                                    "Startup Cost": 3226.39,
                                    "Total Cost": 28293.27,
                                    "Plan Rows": 49030,
                                    "Plan Width": 0,
                                    "Actual Startup Time": 7.02,
                                    "Actual Total Time": 51.955,
                                    "Actual Rows": 36078,
                                    "Actual Loops": 4,
                                    "Recheck Cond": "(mk.keyword_id > 74450)",
                                    "Rows Removed by Index Recheck": 0,
                                    "Exact Heap Blocks": 11379,
                                    "Lossy Heap Blocks": 0,
                                    "Workers": [
                                        {
                                            "Worker Number": 0,
                                            "Actual Startup Time": 3.78,
                                            "Actual Total Time": 49.216,
                                            "Actual Rows": 17688,
                                            "Actual Loops": 1
                                        },
                                        {
                                            "Worker Number": 1,
                                            "Actual Startup Time": 4.681,
                                            "Actual Total Time": 49.844,
                                            "Actual Rows": 20342,
                                            "Actual Loops": 1
                                        },
                                        {
                                            "Worker Number": 2,
                                            "Actual Startup Time": 4.641,
                                            "Actual Total Time": 49.899,
                                            "Actual Rows": 20643,
                                            "Actual Loops": 1
                                        }
                                    ],
                                    "Plans": [
                                        {
                                            "Node Type": "Bitmap Index Scan",
                                            "Parent Relationship": "Outer",
                                            "Parallel Aware": false,
                                            "Index Name": "keyword_id_movie_keyword",
                                            "Startup Cost": 0.0,
                                            "Total Cost": 3188.39,
                                            "Plan Rows": 151994,
                                            "Plan Width": 0,
                                            "Actual Startup Time": 11.783,
                                            "Actual Total Time": 11.783,
                                            "Actual Rows": 144311,
                                            "Actual Loops": 1,
                                            "Index Cond": "(mk.keyword_id > 74450)"
                                        }
                                    ]
                                }
                            ]
                        }
                    ]
                }
            ]
        },
        "Planning Time": 186.082,
        "Triggers": [],
        "Execution Time": 68.662
    }
]