[
  {
    "Plan": {
      "Node Type": "Aggregate",
      "Strategy": "Plain",
      "Partial Mode": "Finalize",
      "Parallel Aware": false,
      "Startup Cost": 46559.96,
      "Total Cost": 46559.97,
      "Plan Rows": 1,
      "Plan Width": 8,
      "Actual Startup Time": 89.226,
      "Actual Total Time": 99.929,
      "Actual Rows": 1,
      "Actual Loops": 1,
      "Plans": [
        {
          "Node Type": "Gather",
          "Parent Relationship": "Outer",
          "Parallel Aware": false,
          "Startup Cost": 46559.54,
          "Total Cost": 46559.95,
          "Plan Rows": 4,
          "Plan Width": 8,
          "Actual Startup Time": 88.952,
          "Actual Total Time": 99.92,
          "Actual Rows": 5,
          "Actual Loops": 1,
          "Workers Planned": 4,
          "Workers Launched": 4,
          "Single Copy": false,
          "Plans": [
            {
              "Node Type": "Aggregate",
              "Strategy": "Plain",
              "Partial Mode": "Partial",
              "Parent Relationship": "Outer",
              "Parallel Aware": false,
              "Startup Cost": 45559.54,
              "Total Cost": 45559.55,
              "Plan Rows": 1,
              "Plan Width": 8,
              "Actual Startup Time": 82.48,
              "Actual Total Time": 82.482,
              "Actual Rows": 1,
              "Actual Loops": 5,
              "Plans": [
                {
                  "Node Type": "Seq Scan",
                  "Parent Relationship": "Outer",
                  "Parallel Aware": true,
                  "Relation Name": "title",
                  "Alias": "t",
                  "Startup Cost": 0.0,
                  "Total Cost": 45479.59,
                  "Plan Rows": 31983,
                  "Plan Width": 0,
                  "Actual Startup Time": 0.121,
                  "Actual Total Time": 79.955,
                  "Actual Rows": 51604,
                  "Actual Loops": 5,
                  "Filter": "((kind_id < 4) AND (production_year < 1972))",
                  "Rows Removed by Filter": 454058
                }
              ]
            }
          ]
        }
      ]
    },
    "Planning Time": 0.115,
    "Triggers": [],
    "Execution Time": 99.961
  }
]