[
  {
    "Plan": {
      "Node Type": "Aggregate",
      "Strategy": "Plain",
      "Partial Mode": "Finalize",
      "Parallel Aware": false,
      "Startup Cost": 56262.31,
      "Total Cost": 56262.32,
      "Plan Rows": 1,
      "Plan Width": 8,
      "Actual Startup Time": 85.285,
      "Actual Total Time": 94.712,
      "Actual Rows": 1,
      "Actual Loops": 1,
      "Plans": [
        {
          "Node Type": "Gather",
          "Parent Relationship": "Outer",
          "Parallel Aware": false,
          "Startup Cost": 56261.89,
          "Total Cost": 56262.3,
          "Plan Rows": 4,
          "Plan Width": 8,
          "Actual Startup Time": 85.201,
          "Actual Total Time": 94.707,
          "Actual Rows": 5,
          "Actual Loops": 1,
          "Workers Planned": 4,
          "Workers Launched": 4,
          "Single Copy": false,
          "Plans": [
            {
              "Node Type": "Aggregate",
              "Strategy": "Plain",
              "Partial Mode": "Partial",
              "Parent Relationship": "Outer",
              "Parallel Aware": false,
              "Startup Cost": 55261.89,
              "Total Cost": 55261.9,
              "Plan Rows": 1,
              "Plan Width": 8,
              "Actual Startup Time": 79.057,
              "Actual Total Time": 79.058,
              "Actual Rows": 1,
              "Actual Loops": 5,
              "Plans": [
                {
                  "Node Type": "Nested Loop",
                  "Parent Relationship": "Outer",
                  "Parallel Aware": false,
                  "Join Type": "Inner",
                  "Startup Cost": 0.43,
                  "Total Cost": 55261.26,
                  "Plan Rows": 252,
                  "Plan Width": 0,
                  "Actual Startup Time": 6.943,
                  "Actual Total Time": 78.991,
                  "Actual Rows": 715,
                  "Actual Loops": 5,
                  "Inner Unique": false,
                  "Plans": [
                    {
                      "Node Type": "Seq Scan",
                      "Parent Relationship": "Outer",
                      "Parallel Aware": true,
                      "Relation Name": "title",
                      "Alias": "t",
                      "Startup Cost": 0.0,
                      "Total Cost": 45479.21,
                      "Plan Rows": 572,
                      "Plan Width": 4,
                      "Actual Startup Time": 2.783,
                      "Actual Total Time": 70.799,
                      "Actual Rows": 550,
                      "Actual Loops": 5,
                      "Filter": "((kind_id < 7) AND (production_year = 1951))",
                      "Rows Removed by Filter": 505113
                    },
                    {
                      "Node Type": "Index Scan",
                      "Parent Relationship": "Inner",
                      "Parallel Aware": false,
                      "Scan Direction": "Forward",
                      "Index Name": "movie_id_movie_companies",
                      "Relation Name": "movie_companies",
                      "Alias": "mc",
                      "Startup Cost": 0.43,
                      "Total Cost": 17.08,
                      "Plan Rows": 2,
                      "Plan Width": 4,
                      "Actual Startup Time": 0.012,
                      "Actual Total Time": 0.014,
                      "Actual Rows": 1,
                      "Actual Loops": 2748,
                      "Index Cond": "(movie_id = t.id)",
                      "Rows Removed by Index Recheck": 0,
                      "Filter": "((company_id > 160) AND (company_type_id < 2))",
                      "Rows Removed by Filter": 1
                    }
                  ]
                }
              ]
            }
          ]
        }
      ]
    },
    "Planning Time": 0.252,
    "Triggers": [],
    "Execution Time": 94.745
  }
]