[
  {
    "Plan": {
      "Node Type": "Aggregate",
      "Strategy": "Plain",
      "Partial Mode": "Finalize",
      "Parallel Aware": false,
      "Startup Cost": 315335.14,
      "Total Cost": 315335.15,
      "Plan Rows": 1,
      "Plan Width": 8,
      "Actual Startup Time": 3010.464,
      "Actual Total Time": 3114.383,
      "Actual Rows": 1,
      "Actual Loops": 1,
      "Plans": [
        {
          "Node Type": "Gather",
          "Parent Relationship": "Outer",
          "Parallel Aware": false,
          "Startup Cost": 315334.82,
          "Total Cost": 315335.13,
          "Plan Rows": 3,
          "Plan Width": 8,
          "Actual Startup Time": 3007.894,
          "Actual Total Time": 3114.372,
          "Actual Rows": 4,
          "Actual Loops": 1,
          "Workers Planned": 3,
          "Workers Launched": 3,
          "Single Copy": false,
          "Plans": [
            {
              "Node Type": "Aggregate",
              "Strategy": "Plain",
              "Partial Mode": "Partial",
              "Parent Relationship": "Outer",
              "Parallel Aware": false,
              "Startup Cost": 314334.82,
              "Total Cost": 314334.83,
              "Plan Rows": 1,
              "Plan Width": 8,
              "Actual Startup Time": 3003.168,
              "Actual Total Time": 3003.172,
              "Actual Rows": 1,
              "Actual Loops": 4,
              "Plans": [
                {
                  "Node Type": "Nested Loop",
                  "Parent Relationship": "Outer",
                  "Parallel Aware": false,
                  "Join Type": "Inner",
                  "Startup Cost": 47023.38,
                  "Total Cost": 311709.24,
                  "Plan Rows": 1050231,
                  "Plan Width": 0,
                  "Actual Startup Time": 164.808,
                  "Actual Total Time": 2907.178,
                  "Actual Rows": 2078666,
                  "Actual Loops": 4,
                  "Inner Unique": false,
                  "Join Filter": "(t.id = ci.movie_id)",
                  "Rows Removed by Join Filter": 0,
                  "Plans": [
                    {
                      "Node Type": "Hash Join",
                      "Parent Relationship": "Outer",
                      "Parallel Aware": true,
                      "Join Type": "Inner",
                      "Startup Cost": 47022.81,
                      "Total Cost": 77462.62,
                      "Plan Rows": 84012,
                      "Plan Width": 8,
                      "Actual Startup Time": 164.727,
                      "Actual Total Time": 328.529,
                      "Actual Rows": 97186,
                      "Actual Loops": 4,
                      "Inner Unique": true,
                      "Hash Cond": "(mc.movie_id = t.id)",
                      "Plans": [
                        {
                          "Node Type": "Seq Scan",
                          "Parent Relationship": "Outer",
                          "Parallel Aware": true,
                          "Relation Name": "movie_companies",
                          "Alias": "mc",
                          "Startup Cost": 0.0,
                          "Total Cost": 29310.68,
                          "Plan Rows": 430142,
                          "Plan Width": 4,
                          "Actual Startup Time": 29.148,
                          "Actual Total Time": 69.205,
                          "Actual Rows": 333721,
                          "Actual Loops": 4,
                          "Filter": "(company_type_id = 2)",
                          "Rows Removed by Filter": 318562
                        },
                        {
                          "Node Type": "Hash",
                          "Parent Relationship": "Inner",
                          "Parallel Aware": true,
                          "Startup Cost": 45479.59,
                          "Total Cost": 45479.59,
                          "Plan Rows": 123458,
                          "Plan Width": 4,
                          "Actual Startup Time": 132.702,
                          "Actual Total Time": 132.703,
                          "Actual Rows": 105071,
                          "Actual Loops": 4,
                          "Hash Buckets": 524288,
                          "Original Hash Buckets": 524288,
                          "Hash Batches": 1,
                          "Original Hash Batches": 1,
                          "Peak Memory Usage": 20640,
                          "Plans": [
                            {
                              "Node Type": "Seq Scan",
                              "Parent Relationship": "Outer",
                              "Parallel Aware": true,
                              "Relation Name": "title",
                              "Alias": "t",
                              "Startup Cost": 0.0,
                              "Total Cost": 45479.59,
                              "Plan Rows": 123458,
                              "Plan Width": 4,
                              "Actual Startup Time": 0.053,
                              "Actual Total Time": 95.135,
                              "Actual Rows": 105071,
                              "Actual Loops": 4,
                              "Filter": "((kind_id < 7) AND (production_year > 2002))",
                              "Rows Removed by Filter": 527007
                            }
                          ]
                        }
                      ]
                    },
                    {
                      "Node Type": "Index Scan",
                      "Parent Relationship": "Inner",
                      "Parallel Aware": false,
                      "Scan Direction": "Forward",
                      "Index Name": "movie_id_cast_info",
                      "Relation Name": "cast_info",
                      "Alias": "ci",
                      "Startup Cost": 0.56,
                      "Total Cost": 2.41,
                      "Plan Rows": 30,
                      "Plan Width": 4,
                      "Actual Startup Time": 0.004,
                      "Actual Total Time": 0.025,
                      "Actual Rows": 21,
                      "Actual Loops": 388743,
                      "Index Cond": "(movie_id = mc.movie_id)",
                      "Rows Removed by Index Recheck": 0,
                      "Filter": "(role_id < 10)",
                      "Rows Removed by Filter": 5
                    }
                  ]
                }
              ]
            }
          ]
        }
      ]
    },
    "Planning Time": 0.998,
    "Triggers": [],
    "Execution Time": 3114.471
  }
]