[
  {
    "Plan": {
      "Node Type": "Aggregate",
      "Strategy": "Plain",
      "Partial Mode": "Finalize",
      "Parallel Aware": false,
      "Startup Cost": 108865.58,
      "Total Cost": 108865.59,
      "Plan Rows": 1,
      "Plan Width": 8,
      "Actual Startup Time": 673.53,
      "Actual Total Time": 694.975,
      "Actual Rows": 1,
      "Actual Loops": 1,
      "Plans": [
        {
          "Node Type": "Gather",
          "Parent Relationship": "Outer",
          "Parallel Aware": false,
          "Startup Cost": 108865.37,
          "Total Cost": 108865.58,
          "Plan Rows": 2,
          "Plan Width": 8,
          "Actual Startup Time": 663.453,
          "Actual Total Time": 694.965,
          "Actual Rows": 3,
          "Actual Loops": 1,
          "Workers Planned": 2,
          "Workers Launched": 2,
          "Single Copy": false,
          "Plans": [
            {
              "Node Type": "Aggregate",
              "Strategy": "Plain",
              "Partial Mode": "Partial",
              "Parent Relationship": "Outer",
              "Parallel Aware": false,
              "Startup Cost": 107865.37,
              "Total Cost": 107865.38,
              "Plan Rows": 1,
              "Plan Width": 8,
              "Actual Startup Time": 657.148,
              "Actual Total Time": 657.157,
              "Actual Rows": 1,
              "Actual Loops": 3,
              "Plans": [
                {
                  "Node Type": "Hash Join",
                  "Parent Relationship": "Outer",
                  "Parallel Aware": true,
                  "Join Type": "Inner",
                  "Startup Cost": 91486.89,
                  "Total Cost": 107630.89,
                  "Plan Rows": 93790,
                  "Plan Width": 0,
                  "Actual Startup Time": 553.577,
                  "Actual Total Time": 653.864,
                  "Actual Rows": 70263,
                  "Actual Loops": 3,
                  "Inner Unique": false,
                  "Hash Cond": "(mi_idx.movie_id = t.id)",
                  "Plans": [
                    {
                      "Node Type": "Seq Scan",
                      "Parent Relationship": "Outer",
                      "Parallel Aware": true,
                      "Relation Name": "movie_info_idx",
                      "Alias": "mi_idx",
                      "Startup Cost": 0.0,
                      "Total Cost": 13685.15,
                      "Plan Rows": 575015,
                      "Plan Width": 4,
                      "Actual Startup Time": 0.029,
                      "Actual Total Time": 43.294,
                      "Actual Rows": 460012,
                      "Actual Loops": 3
                    },
                    {
                      "Node Type": "Hash",
                      "Parent Relationship": "Inner",
                      "Parallel Aware": true,
                      "Startup Cost": 89823.97,
                      "Total Cost": 89823.97,
                      "Plan Rows": 133034,
                      "Plan Width": 8,
                      "Actual Startup Time": 549.81,
                      "Actual Total Time": 549.818,
                      "Actual Rows": 58298,
                      "Actual Loops": 3,
                      "Hash Buckets": 524288,
                      "Original Hash Buckets": 524288,
                      "Hash Batches": 1,
                      "Original Hash Batches": 1,
                      "Peak Memory Usage": 10976,
                      "Plans": [
                        {
                          "Node Type": "Hash Join",
                          "Parent Relationship": "Outer",
                          "Parallel Aware": true,
                          "Join Type": "Inner",
                          "Startup Cost": 62335.06,
                          "Total Cost": 89823.97,
                          "Plan Rows": 133034,
                          "Plan Width": 8,
                          "Actual Startup Time": 391.148,
                          "Actual Total Time": 530.584,
                          "Actual Rows": 58298,
                          "Actual Loops": 3,
                          "Inner Unique": true,
                          "Hash Cond": "(mk.movie_id = t.id)",
                          "Plans": [
                            {
                              "Node Type": "Bitmap Heap Scan",
                              "Parent Relationship": "Outer",
                              "Parallel Aware": true,
                              "Relation Name": "movie_keyword",
                              "Alias": "mk",
                              "Startup Cost": 13197.16,
                              "Total Cost": 40159.35,
                              "Plan Rows": 200655,
                              "Plan Width": 4,
                              "Actual Startup Time": 35.723,
                              "Actual Total Time": 108.666,
                              "Actual Rows": 210949,
                              "Actual Loops": 3,
                              "Recheck Cond": "(keyword_id < 495)",
                              "Rows Removed by Index Recheck": 0,
                              "Exact Heap Blocks": 9903,
                              "Lossy Heap Blocks": 0,
                              "Plans": [
                                {
                                  "Node Type": "Bitmap Index Scan",
                                  "Parent Relationship": "Outer",
                                  "Parallel Aware": false,
                                  "Index Name": "keyword_id_movie_keyword",
                                  "Startup Cost": 0.0,
                                  "Total Cost": 13041.66,
                                  "Plan Rows": 622030,
                                  "Plan Width": 0,
                                  "Actual Startup Time": 32.263,
                                  "Actual Total Time": 32.264,
                                  "Actual Rows": 632848,
                                  "Actual Loops": 1,
                                  "Index Cond": "(keyword_id < 495)"
                                }
                              ]
                            },
                            {
                              "Node Type": "Hash",
                              "Parent Relationship": "Inner",
                              "Parallel Aware": true,
                              "Startup Cost": 43899.32,
                              "Total Cost": 43899.32,
                              "Plan Rows": 419086,
                              "Plan Width": 4,
                              "Actual Startup Time": 348.082,
                              "Actual Total Time": 348.083,
                              "Actual Rows": 558033,
                              "Actual Loops": 3,
                              "Hash Buckets": 2097152,
                              "Original Hash Buckets": 2097152,
                              "Hash Batches": 1,
                              "Original Hash Batches": 1,
                              "Peak Memory Usage": 81920,
                              "Plans": [
                                {
                                  "Node Type": "Seq Scan",
                                  "Parent Relationship": "Outer",
                                  "Parallel Aware": true,
                                  "Relation Name": "title",
                                  "Alias": "t",
                                  "Startup Cost": 0.0,
                                  "Total Cost": 43899.32,
                                  "Plan Rows": 419086,
                                  "Plan Width": 4,
                                  "Actual Startup Time": 0.036,
                                  "Actual Total Time": 141.881,
                                  "Actual Rows": 558033,
                                  "Actual Loops": 3,
                                  "Filter": "(kind_id > 3)",
                                  "Rows Removed by Filter": 284738
                                }
                              ]
                            }
                          ]
                        }
                      ]
                    }
                  ]
                }
              ]
            }
          ]
        }
      ]
    },
    "Planning Time": 0.871,
    "Triggers": [],
    "Execution Time": 695.057
  }
]