[
  {
    "Plan": {
      "Node Type": "Aggregate",
      "Strategy": "Plain",
      "Partial Mode": "Finalize",
      "Parallel Aware": false,
      "Startup Cost": 48324.17,
      "Total Cost": 48324.18,
      "Plan Rows": 1,
      "Plan Width": 8,
      "Actual Startup Time": 28.218,
      "Actual Total Time": 32.765,
      "Actual Rows": 1,
      "Actual Loops": 1,
      "Plans": [
        {
          "Node Type": "Gather",
          "Parent Relationship": "Outer",
          "Parallel Aware": false,
          "Startup Cost": 48323.95,
          "Total Cost": 48324.16,
          "Plan Rows": 2,
          "Plan Width": 8,
          "Actual Startup Time": 28.137,
          "Actual Total Time": 32.76,
          "Actual Rows": 3,
          "Actual Loops": 1,
          "Workers Planned": 2,
          "Workers Launched": 2,
          "Single Copy": false,
          "Plans": [
            {
              "Node Type": "Aggregate",
              "Strategy": "Plain",
              "Partial Mode": "Partial",
              "Parent Relationship": "Outer",
              "Parallel Aware": false,
              "Startup Cost": 47323.95,
              "Total Cost": 47323.96,
              "Plan Rows": 1,
              "Plan Width": 8,
              "Actual Startup Time": 24.743,
              "Actual Total Time": 24.744,
              "Actual Rows": 1,
              "Actual Loops": 3,
              "Plans": [
                {
                  "Node Type": "Nested Loop",
                  "Parent Relationship": "Outer",
                  "Parallel Aware": false,
                  "Join Type": "Inner",
                  "Startup Cost": 248.48,
                  "Total Cost": 47312.17,
                  "Plan Rows": 4711,
                  "Plan Width": 0,
                  "Actual Startup Time": 0.671,
                  "Actual Total Time": 24.327,
                  "Actual Rows": 3556,
                  "Actual Loops": 3,
                  "Inner Unique": true,
                  "Plans": [
                    {
                      "Node Type": "Bitmap Heap Scan",
                      "Parent Relationship": "Outer",
                      "Parallel Aware": true,
                      "Relation Name": "movie_companies",
                      "Alias": "mc",
                      "Startup Cost": 248.05,
                      "Total Cost": 17339.68,
                      "Plan Rows": 4711,
                      "Plan Width": 4,
                      "Actual Startup Time": 0.582,
                      "Actual Total Time": 3.162,
                      "Actual Rows": 3556,
                      "Actual Loops": 3,
                      "Recheck Cond": "(company_id = 11)",
                      "Rows Removed by Index Recheck": 0,
                      "Exact Heap Blocks": 889,
                      "Lossy Heap Blocks": 0,
                      "Plans": [
                        {
                          "Node Type": "Bitmap Index Scan",
                          "Parent Relationship": "Outer",
                          "Parallel Aware": false,
                          "Index Name": "company_id_movie_companies",
                          "Startup Cost": 0.0,
                          "Total Cost": 245.23,
                          "Plan Rows": 11306,
                          "Plan Width": 0,
                          "Actual Startup Time": 1.311,
                          "Actual Total Time": 1.311,
                          "Actual Rows": 10667,
                          "Actual Loops": 1,
                          "Index Cond": "(company_id = 11)"
                        }
                      ]
                    },
                    {
                      "Node Type": "Index Only Scan",
                      "Parent Relationship": "Inner",
                      "Parallel Aware": false,
                      "Scan Direction": "Forward",
                      "Index Name": "title_pkey",
                      "Relation Name": "title",
                      "Alias": "t",
                      "Startup Cost": 0.43,
                      "Total Cost": 6.36,
                      "Plan Rows": 1,
                      "Plan Width": 4,
                      "Actual Startup Time": 0.005,
                      "Actual Total Time": 0.005,
                      "Actual Rows": 1,
                      "Actual Loops": 10667,
                      "Index Cond": "(id = mc.movie_id)",
                      "Rows Removed by Index Recheck": 0,
                      "Heap Fetches": 10667
                    }
                  ]
                }
              ]
            }
          ]
        }
      ]
    },
    "Planning Time": 0.322,
    "Triggers": [],
    "Execution Time": 32.809
  }
]