[
    {
        "Bao": {
            "Bao prediction": "NaN",
            "Bao recommended hint": "(no hint)"
        }
    },
    {
        "Plan": {
            "Node Type": "Aggregate",
            "Strategy": "Plain",
            "Partial Mode": "Finalize",
            "Parallel Aware": false,
            "Startup Cost": 32472.75,
            "Total Cost": 32472.76,
            "Plan Rows": 1,
            "Plan Width": 8,
            "Actual Startup Time": 87.046,
            "Actual Total Time": 92.696,
            "Actual Rows": 1,
            "Actual Loops": 1,
            "Output": [
                "count(*)"
            ],
            "Plans": [
                {
                    "Node Type": "Gather",
                    "Parent Relationship": "Outer",
                    "Parallel Aware": false,
                    "Startup Cost": 32472.43,
                    "Total Cost": 32472.74,
                    "Plan Rows": 3,
                    "Plan Width": 8,
                    "Actual Startup Time": 86.702,
                    "Actual Total Time": 92.688,
                    "Actual Rows": 4,
                    "Actual Loops": 1,
                    "Output": [
                        "(PARTIAL count(*))"
                    ],
                    "Workers Planned": 3,
                    "Workers Launched": 3,
                    "Single Copy": false,
                    "Plans": [
                        {
                            "Node Type": "Aggregate",
                            "Strategy": "Plain",
                            "Partial Mode": "Partial",
                            "Parent Relationship": "Outer",
                            "Parallel Aware": false,
                            "Startup Cost": 31472.43,
                            "Total Cost": 31472.44,
                            "Plan Rows": 1,
                            "Plan Width": 8,
                            "Actual Startup Time": 77.683,
                            "Actual Total Time": 77.684,
                            "Actual Rows": 1,
                            "Actual Loops": 4,
                            "Output": [
                                "PARTIAL count(*)"
                            ],
                            "Workers": [
                                {
                                    "Worker Number": 0,
                                    "Actual Startup Time": 74.483,
                                    "Actual Total Time": 74.485,
                                    "Actual Rows": 1,
                                    "Actual Loops": 1
                                },
                                {
                                    "Worker Number": 1,
                                    "Actual Startup Time": 74.619,
                                    "Actual Total Time": 74.621,
                                    "Actual Rows": 1,
                                    "Actual Loops": 1
                                },
                                {
                                    "Worker Number": 2,
                                    "Actual Startup Time": 75.23,
                                    "Actual Total Time": 75.232,
                                    "Actual Rows": 1,
                                    "Actual Loops": 1
                                }
                            ],
                            "Plans": [
                                {
                                    "Node Type": "Bitmap Heap Scan",
                                    "Parent Relationship": "Outer",
                                    "Parallel Aware": true,
                                    "Relation Name": "movie_keyword",
                                    "Schema": "public",
                                    "Alias": "mk",
                                    "Startup Cost": 5715.42,
                                    "Total Cost": 31255.26,
                                    "Plan Rows": 86867,
                                    "Plan Width": 0,
                                    "Actual Startup Time": 14.785,
                                    "Actual Total Time": 73.377,
                                    "Actual Rows": 67116,
                                    "Actual Loops": 4,
                                    "Recheck Cond": "(mk.keyword_id > 58514)",
                                    "Rows Removed by Index Recheck": 0,
                                    "Exact Heap Blocks": 11667,
                                    "Lossy Heap Blocks": 0,
                                    "Workers": [
                                        {
                                            "Worker Number": 0,
                                            "Actual Startup Time": 11.735,
                                            "Actual Total Time": 70.68,
                                            "Actual Rows": 38610,
                                            "Actual Loops": 1
                                        },
                                        {
                                            "Worker Number": 1,
                                            "Actual Startup Time": 11.751,
                                            "Actual Total Time": 70.927,
                                            "Actual Rows": 48647,
                                            "Actual Loops": 1
                                        },
                                        {
                                            "Worker Number": 2,
                                            "Actual Startup Time": 12.352,
                                            "Actual Total Time": 71.49,
                                            "Actual Rows": 36648,
                                            "Actual Loops": 1
                                        }
                                    ],
                                    "Plans": [
                                        {
                                            "Node Type": "Bitmap Index Scan",
                                            "Parent Relationship": "Outer",
                                            "Parallel Aware": false,
                                            "Index Name": "keyword_id_movie_keyword",
                                            "Startup Cost": 0.0,
                                            "Total Cost": 5648.1,
                                            "Plan Rows": 269289,
                                            "Plan Width": 0,
                                            "Actual Startup Time": 20.03,
                                            "Actual Total Time": 20.03,
                                            "Actual Rows": 268466,
                                            "Actual Loops": 1,
                                            "Index Cond": "(mk.keyword_id > 58514)"
                                        }
                                    ]
                                }
                            ]
                        }
                    ]
                }
            ]
        },
        "Planning Time": 200.851,
        "Triggers": [],
        "Execution Time": 92.747
    }
]