[
  {
    "Plan": {
      "Node Type": "Aggregate",
      "Strategy": "Plain",
      "Partial Mode": "Simple",
      "Parallel Aware": false,
      "Startup Cost": 18808.21,
      "Total Cost": 18808.22,
      "Plan Rows": 1,
      "Plan Width": 8,
      "Actual Startup Time": 19.736,
      "Actual Total Time": 19.737,
      "Actual Rows": 1,
      "Actual Loops": 1,
      "Plans": [
        {
          "Node Type": "Bitmap Heap Scan",
          "Parent Relationship": "Outer",
          "Parallel Aware": false,
          "Relation Name": "movie_companies",
          "Alias": "mc",
          "Startup Cost": 309.62,
          "Total Cost": 18772.99,
          "Plan Rows": 14089,
          "Plan Width": 0,
          "Actual Startup Time": 4.26,
          "Actual Total Time": 17.778,
          "Actual Rows": 12948,
          "Actual Loops": 1,
          "Recheck Cond": "(company_id = 11137)",
          "Rows Removed by Index Recheck": 0,
          "Exact Heap Blocks": 3577,
          "Lossy Heap Blocks": 0,
          "Plans": [
            {
              "Node Type": "Bitmap Index Scan",
              "Parent Relationship": "Outer",
              "Parallel Aware": false,
              "Index Name": "company_id_movie_companies",
              "Startup Cost": 0.0,
              "Total Cost": 306.1,
              "Plan Rows": 14089,
              "Plan Width": 0,
              "Actual Startup Time": 2.881,
              "Actual Total Time": 2.881,
              "Actual Rows": 12948,
              "Actual Loops": 1,
              "Index Cond": "(company_id = 11137)"
            }
          ]
        }
      ]
    },
    "Planning Time": 0.155,
    "Triggers": [],
    "Execution Time": 19.793
  }
]