[
  {
    "Plan": {
      "Node Type": "Aggregate",
      "Strategy": "Plain",
      "Partial Mode": "Finalize",
      "Parallel Aware": false,
      "Startup Cost": 399104.53,
      "Total Cost": 399104.54,
      "Plan Rows": 1,
      "Plan Width": 8,
      "Actual Startup Time": 1262.354,
      "Actual Total Time": 1326.587,
      "Actual Rows": 1,
      "Actual Loops": 1,
      "Plans": [
        {
          "Node Type": "Gather",
          "Parent Relationship": "Outer",
          "Parallel Aware": false,
          "Startup Cost": 399103.91,
          "Total Cost": 399104.52,
          "Plan Rows": 6,
          "Plan Width": 8,
          "Actual Startup Time": 1234.843,
          "Actual Total Time": 1326.572,
          "Actual Rows": 7,
          "Actual Loops": 1,
          "Workers Planned": 6,
          "Workers Launched": 6,
          "Single Copy": false,
          "Plans": [
            {
              "Node Type": "Aggregate",
              "Strategy": "Plain",
              "Partial Mode": "Partial",
              "Parent Relationship": "Outer",
              "Parallel Aware": false,
              "Startup Cost": 398103.91,
              "Total Cost": 398103.92,
              "Plan Rows": 1,
              "Plan Width": 8,
              "Actual Startup Time": 1213.678,
              "Actual Total Time": 1213.681,
              "Actual Rows": 1,
              "Actual Loops": 7,
              "Plans": [
                {
                  "Node Type": "Hash Join",
                  "Parent Relationship": "Outer",
                  "Parallel Aware": true,
                  "Join Type": "Inner",
                  "Startup Cost": 50219.64,
                  "Total Cost": 395846.72,
                  "Plan Rows": 902875,
                  "Plan Width": 0,
                  "Actual Startup Time": 631.061,
                  "Actual Total Time": 1187.069,
                  "Actual Rows": 474648,
                  "Actual Loops": 7,
                  "Inner Unique": true,
                  "Hash Cond": "(ci.movie_id = t.id)",
                  "Plans": [
                    {
                      "Node Type": "Seq Scan",
                      "Parent Relationship": "Outer",
                      "Parallel Aware": true,
                      "Relation Name": "cast_info",
                      "Alias": "ci",
                      "Startup Cost": 0.0,
                      "Total Cost": 343257.03,
                      "Plan Rows": 902875,
                      "Plan Width": 4,
                      "Actual Startup Time": 362.673,
                      "Actual Total Time": 668.221,
                      "Actual Rows": 474648,
                      "Actual Loops": 7,
                      "Filter": "((person_id < 1176889) AND (role_id > 2))",
                      "Rows Removed by Filter": 4703116
                    },
                    {
                      "Node Type": "Hash",
                      "Parent Relationship": "Inner",
                      "Parallel Aware": true,
                      "Startup Cost": 42318.73,
                      "Total Cost": 42318.73,
                      "Plan Rows": 632073,
                      "Plan Width": 4,
                      "Actual Startup Time": 261.09,
                      "Actual Total Time": 261.091,
                      "Actual Rows": 361187,
                      "Actual Loops": 7,
                      "Hash Buckets": 4194304,
                      "Original Hash Buckets": 4194304,
                      "Hash Batches": 1,
                      "Original Hash Batches": 1,
                      "Peak Memory Usage": 131840,
                      "Plans": [
                        {
                          "Node Type": "Seq Scan",
                          "Parent Relationship": "Outer",
                          "Parallel Aware": true,
                          "Relation Name": "title",
                          "Alias": "t",
                          "Startup Cost": 0.0,
                          "Total Cost": 42318.73,
                          "Plan Rows": 632073,
                          "Plan Width": 4,
                          "Actual Startup Time": 0.039,
                          "Actual Total Time": 79.854,
                          "Actual Rows": 361187,
                          "Actual Loops": 7
                        }
                      ]
                    }
                  ]
                }
              ]
            }
          ]
        }
      ]
    },
    "Planning Time": 0.507,
    "Triggers": [],
    "Execution Time": 1326.659
  }
]