[
    {
        "Bao": {
            "Bao prediction": "NaN",
            "Bao recommended hint": "(no hint)"
        }
    },
    {
        "Plan": {
            "Node Type": "Aggregate",
            "Strategy": "Plain",
            "Partial Mode": "Finalize",
            "Parallel Aware": false,
            "Startup Cost": 382411.99,
            "Total Cost": 382412.0,
            "Plan Rows": 1,
            "Plan Width": 8,
            "Actual Startup Time": 1012.993,
            "Actual Total Time": 1037.775,
            "Actual Rows": 1,
            "Actual Loops": 1,
            "Output": [
                "count(*)"
            ],
            "Plans": [
                {
                    "Node Type": "Gather",
                    "Parent Relationship": "Outer",
                    "Parallel Aware": false,
                    "Startup Cost": 382411.37,
                    "Total Cost": 382411.98,
                    "Plan Rows": 6,
                    "Plan Width": 8,
                    "Actual Startup Time": 1008.955,
                    "Actual Total Time": 1037.763,
                    "Actual Rows": 7,
                    "Actual Loops": 1,
                    "Output": [
                        "(PARTIAL count(*))"
                    ],
                    "Workers Planned": 6,
                    "Workers Launched": 6,
                    "Single Copy": false,
                    "Plans": [
                        {
                            "Node Type": "Aggregate",
                            "Strategy": "Plain",
                            "Partial Mode": "Partial",
                            "Parent Relationship": "Outer",
                            "Parallel Aware": false,
                            "Startup Cost": 381411.37,
                            "Total Cost": 381411.38,
                            "Plan Rows": 1,
                            "Plan Width": 8,
                            "Actual Startup Time": 998.807,
                            "Actual Total Time": 998.811,
                            "Actual Rows": 1,
                            "Actual Loops": 7,
                            "Output": [
                                "PARTIAL count(*)"
                            ],
                            "Workers": [
                                {
                                    "Worker Number": 0,
                                    "Actual Startup Time": 996.441,
                                    "Actual Total Time": 996.443,
                                    "Actual Rows": 1,
                                    "Actual Loops": 1
                                },
                                {
                                    "Worker Number": 1,
                                    "Actual Startup Time": 996.88,
                                    "Actual Total Time": 996.89,
                                    "Actual Rows": 1,
                                    "Actual Loops": 1
                                },
                                {
                                    "Worker Number": 2,
                                    "Actual Startup Time": 997.243,
                                    "Actual Total Time": 997.245,
                                    "Actual Rows": 1,
                                    "Actual Loops": 1
                                },
                                {
                                    "Worker Number": 3,
                                    "Actual Startup Time": 997.495,
                                    "Actual Total Time": 997.497,
                                    "Actual Rows": 1,
                                    "Actual Loops": 1
                                },
                                {
                                    "Worker Number": 4,
                                    "Actual Startup Time": 997.786,
                                    "Actual Total Time": 997.789,
                                    "Actual Rows": 1,
                                    "Actual Loops": 1
                                },
                                {
                                    "Worker Number": 5,
                                    "Actual Startup Time": 997.762,
                                    "Actual Total Time": 997.764,
                                    "Actual Rows": 1,
                                    "Actual Loops": 1
                                }
                            ],
                            "Plans": [
                                {
                                    "Node Type": "Hash Join",
                                    "Parent Relationship": "Outer",
                                    "Parallel Aware": true,
                                    "Join Type": "Inner",
                                    "Startup Cost": 46326.76,
                                    "Total Cost": 380774.48,
                                    "Plan Rows": 254756,
                                    "Plan Width": 0,
                                    "Actual Startup Time": 322.208,
                                    "Actual Total Time": 985.552,
                                    "Actual Rows": 248018,
                                    "Actual Loops": 7,
                                    "Inner Unique": true,
                                    "Hash Cond": "(ci.movie_id = t.id)",
                                    "Workers": [
                                        {
                                            "Worker Number": 0,
                                            "Actual Startup Time": 319.757,
                                            "Actual Total Time": 983.171,
                                            "Actual Rows": 270115,
                                            "Actual Loops": 1
                                        },
                                        {
                                            "Worker Number": 1,
                                            "Actual Startup Time": 320.225,
                                            "Actual Total Time": 983.541,
                                            "Actual Rows": 244495,
                                            "Actual Loops": 1
                                        },
                                        {
                                            "Worker Number": 2,
                                            "Actual Startup Time": 320.6,
                                            "Actual Total Time": 984.094,
                                            "Actual Rows": 242220,
                                            "Actual Loops": 1
                                        },
                                        {
                                            "Worker Number": 3,
                                            "Actual Startup Time": 320.578,
                                            "Actual Total Time": 984.317,
                                            "Actual Rows": 242339,
                                            "Actual Loops": 1
                                        },
                                        {
                                            "Worker Number": 4,
                                            "Actual Startup Time": 321.275,
                                            "Actual Total Time": 984.749,
                                            "Actual Rows": 264063,
                                            "Actual Loops": 1
                                        },
                                        {
                                            "Worker Number": 5,
                                            "Actual Startup Time": 321.471,
                                            "Actual Total Time": 984.963,
                                            "Actual Rows": 258285,
                                            "Actual Loops": 1
                                        }
                                    ],
                                    "Plans": [
                                        {
                                            "Node Type": "Seq Scan",
                                            "Parent Relationship": "Outer",
                                            "Parallel Aware": true,
                                            "Relation Name": "cast_info",
                                            "Schema": "public",
                                            "Alias": "ci",
                                            "Startup Cost": 0.0,
                                            "Total Cost": 328213.62,
                                            "Plan Rows": 2374892,
                                            "Plan Width": 4,
                                            "Actual Startup Time": 220.968,
                                            "Actual Total Time": 536.33,
                                            "Actual Rows": 2048489,
                                            "Actual Loops": 7,
                                            "Output": [
                                                "ci.id",
                                                "ci.person_id",
                                                "ci.movie_id",
                                                "ci.person_role_id",
                                                "ci.note",
                                                "ci.nr_order",
                                                "ci.role_id"
                                            ],
                                            "Filter": "(ci.person_id > 2228068)",
                                            "Rows Removed by Filter": 3129275,
                                            "Workers": [
                                                {
                                                    "Worker Number": 0,
                                                    "Actual Startup Time": 220.962,
                                                    "Actual Total Time": 549.422,
                                                    "Actual Rows": 2223621,
                                                    "Actual Loops": 1
                                                },
                                                {
                                                    "Worker Number": 1,
                                                    "Actual Startup Time": 220.97,
                                                    "Actual Total Time": 532.97,
                                                    "Actual Rows": 1995016,
                                                    "Actual Loops": 1
                                                },
                                                {
                                                    "Worker Number": 2,
                                                    "Actual Startup Time": 220.972,
                                                    "Actual Total Time": 531.907,
                                                    "Actual Rows": 1992203,
                                                    "Actual Loops": 1
                                                },
                                                {
                                                    "Worker Number": 3,
                                                    "Actual Startup Time": 220.987,
                                                    "Actual Total Time": 533.866,
                                                    "Actual Rows": 2005008,
                                                    "Actual Loops": 1
                                                },
                                                {
                                                    "Worker Number": 4,
                                                    "Actual Startup Time": 220.965,
                                                    "Actual Total Time": 546.381,
                                                    "Actual Rows": 2171633,
                                                    "Actual Loops": 1
                                                },
                                                {
                                                    "Worker Number": 5,
                                                    "Actual Startup Time": 220.975,
                                                    "Actual Total Time": 546.148,
                                                    "Actual Rows": 2162385,
                                                    "Actual Loops": 1
                                                }
                                            ]
                                        },
                                        {
                                            "Node Type": "Hash",
                                            "Parent Relationship": "Inner",
                                            "Parallel Aware": true,
                                            "Startup Cost": 45479.21,
                                            "Total Cost": 45479.21,
                                            "Plan Rows": 67804,
                                            "Plan Width": 4,
                                            "Actual Startup Time": 98.6,
                                            "Actual Total Time": 98.6,
                                            "Actual Rows": 53457,
                                            "Actual Loops": 7,
                                            "Output": [
                                                "t.id"
                                            ],
                                            "Hash Buckets": 524288,
                                            "Original Hash Buckets": 524288,
                                            "Hash Batches": 1,
                                            "Original Hash Batches": 1,
                                            "Peak Memory Usage": 18816,
                                            "Workers": [
                                                {
                                                    "Worker Number": 0,
                                                    "Actual Startup Time": 98.069,
                                                    "Actual Total Time": 98.069,
                                                    "Actual Rows": 51537,
                                                    "Actual Loops": 1
                                                },
                                                {
                                                    "Worker Number": 1,
                                                    "Actual Startup Time": 98.512,
                                                    "Actual Total Time": 98.513,
                                                    "Actual Rows": 56098,
                                                    "Actual Loops": 1
                                                },
                                                {
                                                    "Worker Number": 2,
                                                    "Actual Startup Time": 98.783,
                                                    "Actual Total Time": 98.784,
                                                    "Actual Rows": 54605,
                                                    "Actual Loops": 1
                                                },
                                                {
                                                    "Worker Number": 3,
                                                    "Actual Startup Time": 98.742,
                                                    "Actual Total Time": 98.742,
                                                    "Actual Rows": 55593,
                                                    "Actual Loops": 1
                                                },
                                                {
                                                    "Worker Number": 4,
                                                    "Actual Startup Time": 99.235,
                                                    "Actual Total Time": 99.236,
                                                    "Actual Rows": 52038,
                                                    "Actual Loops": 1
                                                },
                                                {
                                                    "Worker Number": 5,
                                                    "Actual Startup Time": 99.24,
                                                    "Actual Total Time": 99.241,
                                                    "Actual Rows": 51400,
                                                    "Actual Loops": 1
                                                }
                                            ],
                                            "Plans": [
                                                {
                                                    "Node Type": "Seq Scan",
                                                    "Parent Relationship": "Outer",
                                                    "Parallel Aware": true,
                                                    "Relation Name": "title",
                                                    "Schema": "public",
                                                    "Alias": "t",
                                                    "Startup Cost": 0.0,
                                                    "Total Cost": 45479.21,
                                                    "Plan Rows": 67804,
                                                    "Plan Width": 4,
                                                    "Actual Startup Time": 48.852,
                                                    "Actual Total Time": 76.59,
                                                    "Actual Rows": 53457,
                                                    "Actual Loops": 7,
                                                    "Output": [
                                                        "t.id"
                                                    ],
                                                    "Filter": "((t.production_year < 2000) AND (t.kind_id = 1))",
                                                    "Rows Removed by Filter": 307731,
                                                    "Workers": [
                                                        {
                                                            "Worker Number": 0,
                                                            "Actual Startup Time": 49.145,
                                                            "Actual Total Time": 77.019,
                                                            "Actual Rows": 51537,
                                                            "Actual Loops": 1
                                                        },
                                                        {
                                                            "Worker Number": 1,
                                                            "Actual Startup Time": 48.844,
                                                            "Actual Total Time": 77.137,
                                                            "Actual Rows": 56098,
                                                            "Actual Loops": 1
                                                        },
                                                        {
                                                            "Worker Number": 2,
                                                            "Actual Startup Time": 48.675,
                                                            "Actual Total Time": 76.801,
                                                            "Actual Rows": 54605,
                                                            "Actual Loops": 1
                                                        },
                                                        {
                                                            "Worker Number": 3,
                                                            "Actual Startup Time": 48.752,
                                                            "Actual Total Time": 76.977,
                                                            "Actual Rows": 55593,
                                                            "Actual Loops": 1
                                                        },
                                                        {
                                                            "Worker Number": 4,
                                                            "Actual Startup Time": 48.675,
                                                            "Actual Total Time": 76.469,
                                                            "Actual Rows": 52038,
                                                            "Actual Loops": 1
                                                        },
                                                        {
                                                            "Worker Number": 5,
                                                            "Actual Startup Time": 48.968,
                                                            "Actual Total Time": 76.629,
                                                            "Actual Rows": 51400,
                                                            "Actual Loops": 1
                                                        }
                                                    ]
                                                }
                                            ]
                                        }
                                    ]
                                }
                            ]
                        }
                    ]
                }
            ]
        },
        "Planning Time": 355.99,
        "Triggers": [],
        "Execution Time": 1037.885
    }
]