[
  {
    "Plan": {
      "Node Type": "Aggregate",
      "Strategy": "Plain",
      "Partial Mode": "Finalize",
      "Parallel Aware": false,
      "Startup Cost": 46273.29,
      "Total Cost": 46273.3,
      "Plan Rows": 1,
      "Plan Width": 8,
      "Actual Startup Time": 172.781,
      "Actual Total Time": 182.402,
      "Actual Rows": 1,
      "Actual Loops": 1,
      "Plans": [
        {
          "Node Type": "Gather",
          "Parent Relationship": "Outer",
          "Parallel Aware": false,
          "Startup Cost": 46272.98,
          "Total Cost": 46273.29,
          "Plan Rows": 3,
          "Plan Width": 8,
          "Actual Startup Time": 172.607,
          "Actual Total Time": 182.391,
          "Actual Rows": 4,
          "Actual Loops": 1,
          "Workers Planned": 3,
          "Workers Launched": 3,
          "Single Copy": false,
          "Plans": [
            {
              "Node Type": "Aggregate",
              "Strategy": "Plain",
              "Partial Mode": "Partial",
              "Parent Relationship": "Outer",
              "Parallel Aware": false,
              "Startup Cost": 45272.98,
              "Total Cost": 45272.99,
              "Plan Rows": 1,
              "Plan Width": 8,
              "Actual Startup Time": 164.167,
              "Actual Total Time": 164.168,
              "Actual Rows": 1,
              "Actual Loops": 4,
              "Plans": [
                {
                  "Node Type": "Seq Scan",
                  "Parent Relationship": "Outer",
                  "Parallel Aware": true,
                  "Relation Name": "movie_keyword",
                  "Alias": "mk",
                  "Startup Cost": 0.0,
                  "Total Cost": 42695.65,
                  "Plan Rows": 1030929,
                  "Plan Width": 0,
                  "Actual Startup Time": 0.164,
                  "Actual Total Time": 124.898,
                  "Actual Rows": 798249,
                  "Actual Loops": 4,
                  "Filter": "(keyword_id > 1739)",
                  "Rows Removed by Filter": 332734
                }
              ]
            }
          ]
        }
      ]
    },
    "Planning Time": 0.128,
    "Triggers": [],
    "Execution Time": 182.45
  }
]