[
  {
    "Plan": {
      "Node Type": "Aggregate",
      "Strategy": "Plain",
      "Partial Mode": "Finalize",
      "Parallel Aware": false,
      "Startup Cost": 46280.97,
      "Total Cost": 46280.98,
      "Plan Rows": 1,
      "Plan Width": 8,
      "Actual Startup Time": 202.066,
      "Actual Total Time": 215.215,
      "Actual Rows": 1,
      "Actual Loops": 1,
      "Plans": [
        {
          "Node Type": "Gather",
          "Parent Relationship": "Outer",
          "Parallel Aware": false,
          "Startup Cost": 46280.65,
          "Total Cost": 46280.96,
          "Plan Rows": 3,
          "Plan Width": 8,
          "Actual Startup Time": 201.825,
          "Actual Total Time": 215.205,
          "Actual Rows": 4,
          "Actual Loops": 1,
          "Workers Planned": 3,
          "Workers Launched": 3,
          "Single Copy": false,
          "Plans": [
            {
              "Node Type": "Aggregate",
              "Strategy": "Plain",
              "Partial Mode": "Partial",
              "Parent Relationship": "Outer",
              "Parallel Aware": false,
              "Startup Cost": 45280.65,
              "Total Cost": 45280.66,
              "Plan Rows": 1,
              "Plan Width": 8,
              "Actual Startup Time": 193.353,
              "Actual Total Time": 193.355,
              "Actual Rows": 1,
              "Actual Loops": 4,
              "Plans": [
                {
                  "Node Type": "Seq Scan",
                  "Parent Relationship": "Outer",
                  "Parallel Aware": true,
                  "Relation Name": "movie_keyword",
                  "Alias": "mk",
                  "Startup Cost": 0.0,
                  "Total Cost": 42695.65,
                  "Plan Rows": 1034000,
                  "Plan Width": 0,
                  "Actual Startup Time": 0.237,
                  "Actual Total Time": 148.747,
                  "Actual Rows": 798249,
                  "Actual Loops": 4,
                  "Filter": "(keyword_id > 1739)",
                  "Rows Removed by Filter": 332734
                }
              ]
            }
          ]
        }
      ]
    },
    "Planning Time": 0.157,
    "Triggers": [],
    "Execution Time": 215.276
  }
]