{
  "Plan": {
    "Node Type": "Aggregate",
    "Strategy": "Plain",
    "Partial Mode": "Finalize",
    "Parallel Aware": false,
    "Startup Cost": 79279.59,
    "Total Cost": 79279.6,
    "Plan Rows": 1,
    "Plan Width": 8,
    "Actual Startup Time": 318.125,
    "Actual Total Time": 328.273,
    "Actual Rows": 1,
    "Actual Loops": 1,
    "Plans": [
      {
        "Node Type": "Gather",
        "Parent Relationship": "Outer",
        "Parallel Aware": false,
        "Startup Cost": 79279.48,
        "Total Cost": 79279.59,
        "Plan Rows": 1,
        "Plan Width": 8,
        "Actual Startup Time": 317.148,
        "Actual Total Time": 328.265,
        "Actual Rows": 2,
        "Actual Loops": 1,
        "Workers Planned": 1,
        "Workers Launched": 1,
        "Single Copy": false,
        "Plans": [
          {
            "Node Type": "Aggregate",
            "Strategy": "Plain",
            "Partial Mode": "Partial",
            "Parent Relationship": "Outer",
            "Parallel Aware": false,
            "Startup Cost": 78279.48,
            "Total Cost": 78279.49,
            "Plan Rows": 1,
            "Plan Width": 8,
            "Actual Startup Time": 311.903,
            "Actual Total Time": 312.061,
            "Actual Rows": 1,
            "Actual Loops": 2,
            "Plans": [
              {
                "Node Type": "Hash Join",
                "Parent Relationship": "Outer",
                "Parallel Aware": true,
                "Join Type": "Inner",
                "Startup Cost": 59919.59,
                "Total Cost": 78103.38,
                "Plan Rows": 70440,
                "Plan Width": 0,
                "Actual Startup Time": 181.164,
                "Actual Total Time": 306.593,
                "Actual Rows": 139364,
                "Actual Loops": 2,
                "Inner Unique": true,
                "Hash Cond": "(mi_idx.movie_id = t.id)",
                "Plans": [
                  {
                    "Node Type": "Seq Scan",
                    "Parent Relationship": "Outer",
                    "Parallel Aware": true,
                    "Relation Name": "movie_info_idx",
                    "Alias": "mi_idx",
                    "Startup Cost": 0.0,
                    "Total Cost": 16052.85,
                    "Plan Rows": 811785,
                    "Plan Width": 4,
                    "Actual Startup Time": 0.017,
                    "Actual Total Time": 45.973,
                    "Actual Rows": 690018,
                    "Actual Loops": 2
                  },
                  {
                    "Node Type": "Hash",
                    "Parent Relationship": "Inner",
                    "Parallel Aware": true,
                    "Startup Cost": 58306.47,
                    "Total Cost": 58306.47,
                    "Plan Rows": 129050,
                    "Plan Width": 4,
                    "Actual Startup Time": 177.823,
                    "Actual Total Time": 177.824,
                    "Actual Rows": 167270,
                    "Actual Loops": 2,
                    "Hash Buckets": 524288,
                    "Original Hash Buckets": 262144,
                    "Hash Batches": 1,
                    "Original Hash Batches": 1,
                    "Peak Memory Usage": 19264,
                    "Plans": [
                      {
                        "Node Type": "Seq Scan",
                        "Parent Relationship": "Outer",
                        "Parallel Aware": true,
                        "Relation Name": "title",
                        "Alias": "t",
                        "Startup Cost": 0.0,
                        "Total Cost": 58306.47,
                        "Plan Rows": 129050,
                        "Plan Width": 4,
                        "Actual Startup Time": 0.098,
                        "Actual Total Time": 138.222,
                        "Actual Rows": 167270,
                        "Actual Loops": 2,
                        "Filter": "((kind_id < 7) AND (production_year < 1984))",
                        "Rows Removed by Filter": 1096886
                      }
                    ]
                  }
                ]
              }
            ]
          }
        ]
      }
    ]
  },
  "Planning Time": 0.269,
  "Triggers": [],
  "Execution Time": 328.32
}