[
  {
    "Plan": {
      "Node Type": "Aggregate",
      "Strategy": "Plain",
      "Partial Mode": "Finalize",
      "Parallel Aware": false,
      "Startup Cost": 25496.96,
      "Total Cost": 25496.97,
      "Plan Rows": 1,
      "Plan Width": 8,
      "Actual Startup Time": 37.48,
      "Actual Total Time": 40.169,
      "Actual Rows": 1,
      "Actual Loops": 1,
      "Plans": [
        {
          "Node Type": "Gather",
          "Parent Relationship": "Outer",
          "Parallel Aware": false,
          "Startup Cost": 25496.64,
          "Total Cost": 25496.95,
          "Plan Rows": 3,
          "Plan Width": 8,
          "Actual Startup Time": 37.34,
          "Actual Total Time": 40.163,
          "Actual Rows": 4,
          "Actual Loops": 1,
          "Workers Planned": 3,
          "Workers Launched": 3,
          "Single Copy": false,
          "Plans": [
            {
              "Node Type": "Aggregate",
              "Strategy": "Plain",
              "Partial Mode": "Partial",
              "Parent Relationship": "Outer",
              "Parallel Aware": false,
              "Startup Cost": 24496.64,
              "Total Cost": 24496.65,
              "Plan Rows": 1,
              "Plan Width": 8,
              "Actual Startup Time": 33.621,
              "Actual Total Time": 33.622,
              "Actual Rows": 1,
              "Actual Loops": 4,
              "Plans": [
                {
                  "Node Type": "Bitmap Heap Scan",
                  "Parent Relationship": "Outer",
                  "Parallel Aware": true,
                  "Relation Name": "movie_companies",
                  "Alias": "mc",
                  "Startup Cost": 4664.92,
                  "Total Cost": 24323.02,
                  "Plan Rows": 69448,
                  "Plan Width": 0,
                  "Actual Startup Time": 9.957,
                  "Actual Total Time": 30.157,
                  "Actual Rows": 53042,
                  "Actual Loops": 4,
                  "Recheck Cond": "(company_id > 109956)",
                  "Rows Removed by Index Recheck": 0,
                  "Exact Heap Blocks": 1795,
                  "Lossy Heap Blocks": 0,
                  "Plans": [
                    {
                      "Node Type": "Bitmap Index Scan",
                      "Parent Relationship": "Outer",
                      "Parallel Aware": false,
                      "Index Name": "company_id_movie_companies",
                      "Startup Cost": 0.0,
                      "Total Cost": 4611.1,
                      "Plan Rows": 215289,
                      "Plan Width": 0,
                      "Actual Startup Time": 12.45,
                      "Actual Total Time": 12.45,
                      "Actual Rows": 212169,
                      "Actual Loops": 1,
                      "Index Cond": "(company_id > 109956)"
                    }
                  ]
                }
              ]
            }
          ]
        }
      ]
    },
    "Planning Time": 0.07,
    "Triggers": [],
    "Execution Time": 40.211
  }
]