[
  {
    "Plan": {
      "Node Type": "Aggregate",
      "Strategy": "Plain",
      "Partial Mode": "Finalize",
      "Parallel Aware": false,
      "Startup Cost": 25519.84,
      "Total Cost": 25519.85,
      "Plan Rows": 1,
      "Plan Width": 8,
      "Actual Startup Time": 62.325,
      "Actual Total Time": 66.433,
      "Actual Rows": 1,
      "Actual Loops": 1,
      "Plans": [
        {
          "Node Type": "Gather",
          "Parent Relationship": "Outer",
          "Parallel Aware": false,
          "Startup Cost": 25519.52,
          "Total Cost": 25519.83,
          "Plan Rows": 3,
          "Plan Width": 8,
          "Actual Startup Time": 62.114,
          "Actual Total Time": 66.425,
          "Actual Rows": 4,
          "Actual Loops": 1,
          "Workers Planned": 3,
          "Workers Launched": 3,
          "Single Copy": false,
          "Plans": [
            {
              "Node Type": "Aggregate",
              "Strategy": "Plain",
              "Partial Mode": "Partial",
              "Parent Relationship": "Outer",
              "Parallel Aware": false,
              "Startup Cost": 24519.52,
              "Total Cost": 24519.53,
              "Plan Rows": 1,
              "Plan Width": 8,
              "Actual Startup Time": 53.313,
              "Actual Total Time": 53.317,
              "Actual Rows": 1,
              "Actual Loops": 4,
              "Plans": [
                {
                  "Node Type": "Bitmap Heap Scan",
                  "Parent Relationship": "Outer",
                  "Parallel Aware": true,
                  "Relation Name": "movie_companies",
                  "Alias": "mc",
                  "Startup Cost": 4683.62,
                  "Total Cost": 24345.2,
                  "Plan Rows": 69727,
                  "Plan Width": 0,
                  "Actual Startup Time": 20.904,
                  "Actual Total Time": 49.068,
                  "Actual Rows": 53042,
                  "Actual Loops": 4,
                  "Recheck Cond": "(company_id > 109956)",
                  "Rows Removed by Index Recheck": 0,
                  "Exact Heap Blocks": 2603,
                  "Lossy Heap Blocks": 0,
                  "Plans": [
                    {
                      "Node Type": "Bitmap Index Scan",
                      "Parent Relationship": "Outer",
                      "Parallel Aware": false,
                      "Index Name": "company_id_movie_companies",
                      "Startup Cost": 0.0,
                      "Total Cost": 4629.58,
                      "Plan Rows": 216153,
                      "Plan Width": 0,
                      "Actual Startup Time": 27.83,
                      "Actual Total Time": 27.831,
                      "Actual Rows": 212169,
                      "Actual Loops": 1,
                      "Index Cond": "(company_id > 109956)"
                    }
                  ]
                }
              ]
            }
          ]
        }
      ]
    },
    "Planning Time": 0.192,
    "Triggers": [],
    "Execution Time": 66.506
  }
]