[
  {
    "Bao": {
      "Bao prediction": 619.992,
      "Bao recommended hint": "SET enable_nestloop TO off; SET enable_hashjoin TO off; "
    }
  },
  {
    "Plan": {
      "Node Type": "Aggregate",
      "Strategy": "Plain",
      "Partial Mode": "Simple",
      "Parallel Aware": false,
      "Startup Cost": 1137317.7,
      "Total Cost": 1137317.71,
      "Plan Rows": 1,
      "Plan Width": 128,
      "Actual Startup Time": 6915.382,
      "Actual Total Time": 6915.631,
      "Actual Rows": 1,
      "Actual Loops": 1,
      "Plans": [
        {
          "Node Type": "Merge Join",
          "Parent Relationship": "Outer",
          "Parallel Aware": false,
          "Join Type": "Inner",
          "Startup Cost": 949302.76,
          "Total Cost": 1137317.69,
          "Plan Rows": 1,
          "Plan Width": 81,
          "Actual Startup Time": 5414.976,
          "Actual Total Time": 6914.742,
          "Actual Rows": 4407,
          "Actual Loops": 1,
          "Inner Unique": false,
          "Merge Cond": "(n.id = ci.person_id)",
          "Plans": [
            {
              "Node Type": "Index Scan",
              "Parent Relationship": "Outer",
              "Parallel Aware": false,
              "Scan Direction": "Forward",
              "Index Name": "name_pkey",
              "Relation Name": "name",
              "Alias": "n",
              "Startup Cost": 0.43,
              "Total Cost": 188589.67,
              "Plan Rows": 1747242,
              "Plan Width": 19,
              "Actual Startup Time": 0.015,
              "Actual Total Time": 1416.955,
              "Actual Rows": 1739579,
              "Actual Loops": 1,
              "Filter": "((gender)::text = 'm'::text)",
              "Rows Removed by Filter": 2427912
            },
            {
              "Node Type": "Sort",
              "Parent Relationship": "Inner",
              "Parallel Aware": false,
              "Startup Cost": 949302.33,
              "Total Cost": 949302.33,
              "Plan Rows": 1,
              "Plan Width": 70,
              "Actual Startup Time": 5413.762,
              "Actual Total Time": 5414.961,
              "Actual Rows": 4408,
              "Actual Loops": 1,
              "Sort Key": [
                "ci.person_id"
              ],
              "Sort Method": "quicksort",
              "Sort Space Used": 778,
              "Sort Space Type": "Memory",
              "Plans": [
                {
                  "Node Type": "Merge Join",
                  "Parent Relationship": "Outer",
                  "Parallel Aware": false,
                  "Join Type": "Inner",
                  "Startup Cost": 829961.65,
                  "Total Cost": 949302.32,
                  "Plan Rows": 1,
                  "Plan Width": 70,
                  "Actual Startup Time": 3436.285,
                  "Actual Total Time": 5410.967,
                  "Actual Rows": 7112,
                  "Actual Loops": 1,
                  "Inner Unique": false,
                  "Merge Cond": "(t.id = mi.movie_id)",
                  "Plans": [
                    {
                      "Node Type": "Gather Merge",
                      "Parent Relationship": "Outer",
                      "Parallel Aware": false,
                      "Startup Cost": 437495.26,
                      "Total Cost": 556921.04,
                      "Plan Rows": 14702,
                      "Plan Width": 39,
                      "Actual Startup Time": 1329.103,
                      "Actual Total Time": 3392.335,
                      "Actual Rows": 333549,
                      "Actual Loops": 1,
                      "Workers Planned": 6,
                      "Workers Launched": 6,
                      "Plans": [
                        {
                          "Node Type": "Merge Join",
                          "Parent Relationship": "Outer",
                          "Parallel Aware": false,
                          "Join Type": "Inner",
                          "Startup Cost": 436495.17,
                          "Total Cost": 554134.11,
                          "Plan Rows": 2450,
                          "Plan Width": 39,
                          "Actual Startup Time": 1206.041,
                          "Actual Total Time": 2916.309,
                          "Actual Rows": 47651,
                          "Actual Loops": 7,
                          "Inner Unique": true,
                          "Merge Cond": "(mi_idx.movie_id = t.id)",
                          "Plans": [
                            {
                              "Node Type": "Merge Join",
                              "Parent Relationship": "Outer",
                              "Parallel Aware": false,
                              "Join Type": "Inner",
                              "Startup Cost": 436489.48,
                              "Total Cost": 437547.79,
                              "Plan Rows": 2450,
                              "Plan Width": 18,
                              "Actual Startup Time": 1205.212,
                              "Actual Total Time": 1308.464,
                              "Actual Rows": 47651,
                              "Actual Loops": 7,
                              "Inner Unique": false,
                              "Merge Cond": "(ci.movie_id = mi_idx.movie_id)",
                              "Plans": [
                                {
                                  "Node Type": "Sort",
                                  "Parent Relationship": "Outer",
                                  "Parallel Aware": false,
                                  "Startup Cost": 367979.51,
                                  "Total Cost": 368465.97,
                                  "Plan Rows": 194584,
                                  "Plan Width": 8,
                                  "Actual Startup Time": 793.282,
                                  "Actual Total Time": 816.102,
                                  "Actual Rows": 177811,
                                  "Actual Loops": 7,
                                  "Sort Key": [
                                    "ci.movie_id"
                                  ],
                                  "Sort Method": "quicksort",
                                  "Sort Space Used": 15369,
                                  "Sort Space Type": "Memory",
                                  "Workers": [
                                    {
                                      "Worker Number": 0,
                                      "Sort Method": "quicksort",
                                      "Sort Space Used": 12328,
                                      "Sort Space Type": "Memory"
                                    },
                                    {
                                      "Worker Number": 1,
                                      "Sort Method": "quicksort",
                                      "Sort Space Used": 9079,
                                      "Sort Space Type": "Memory"
                                    },
                                    {
                                      "Worker Number": 2,
                                      "Sort Method": "quicksort",
                                      "Sort Space Used": 15333,
                                      "Sort Space Type": "Memory"
                                    },
                                    {
                                      "Worker Number": 3,
                                      "Sort Method": "quicksort",
                                      "Sort Space Used": 15390,
                                      "Sort Space Type": "Memory"
                                    },
                                    {
                                      "Worker Number": 4,
                                      "Sort Method": "quicksort",
                                      "Sort Space Used": 15378,
                                      "Sort Space Type": "Memory"
                                    },
                                    {
                                      "Worker Number": 5,
                                      "Sort Method": "quicksort",
                                      "Sort Space Used": 15408,
                                      "Sort Space Type": "Memory"
                                    }
                                  ],
                                  "Plans": [
                                    {
                                      "Node Type": "Seq Scan",
                                      "Parent Relationship": "Outer",
                                      "Parallel Aware": true,
                                      "Relation Name": "cast_info",
                                      "Alias": "ci",
                                      "Startup Cost": 0.0,
                                      "Total Cost": 350885.27,
                                      "Plan Rows": 194584,
                                      "Plan Width": 8,
                                      "Actual Startup Time": 79.509,
                                      "Actual Total Time": 741.445,
                                      "Actual Rows": 177817,
                                      "Actual Loops": 7,
                                      "Filter": "(note = ANY ('{(writer),\"(head writer)\",\"(written by)\",(story),\"(story editor)\"}'::text[]))",
                                      "Rows Removed by Filter": 4999947
                                    }
                                  ]
                                },
                                {
                                  "Node Type": "Sort",
                                  "Parent Relationship": "Inner",
                                  "Parallel Aware": false,
                                  "Startup Cost": 68509.93,
                                  "Total Cost": 68540.46,
                                  "Plan Rows": 12213,
                                  "Plan Width": 10,
                                  "Actual Startup Time": 411.913,
                                  "Actual Total Time": 436.183,
                                  "Actual Rows": 467146,
                                  "Actual Loops": 7,
                                  "Sort Key": [
                                    "mi_idx.movie_id"
                                  ],
                                  "Sort Method": "quicksort",
                                  "Sort Space Used": 33847,
                                  "Sort Space Type": "Memory",
                                  "Workers": [
                                    {
                                      "Worker Number": 0,
                                      "Sort Method": "quicksort",
                                      "Sort Space Used": 33847,
                                      "Sort Space Type": "Memory"
                                    },
                                    {
                                      "Worker Number": 1,
                                      "Sort Method": "quicksort",
                                      "Sort Space Used": 33847,
                                      "Sort Space Type": "Memory"
                                    },
                                    {
                                      "Worker Number": 2,
                                      "Sort Method": "quicksort",
                                      "Sort Space Used": 33847,
                                      "Sort Space Type": "Memory"
                                    },
                                    {
                                      "Worker Number": 3,
                                      "Sort Method": "quicksort",
                                      "Sort Space Used": 33847,
                                      "Sort Space Type": "Memory"
                                    },
                                    {
                                      "Worker Number": 4,
                                      "Sort Method": "quicksort",
                                      "Sort Space Used": 33847,
                                      "Sort Space Type": "Memory"
                                    },
                                    {
                                      "Worker Number": 5,
                                      "Sort Method": "quicksort",
                                      "Sort Space Used": 33847,
                                      "Sort Space Type": "Memory"
                                    }
                                  ],
                                  "Plans": [
                                    {
                                      "Node Type": "Merge Join",
                                      "Parent Relationship": "Outer",
                                      "Parallel Aware": false,
                                      "Join Type": "Inner",
                                      "Startup Cost": 2.86,
                                      "Total Cost": 67680.9,
                                      "Plan Rows": 12213,
                                      "Plan Width": 10,
                                      "Actual Startup Time": 139.641,
                                      "Actual Total Time": 291.786,
                                      "Actual Rows": 459925,
                                      "Actual Loops": 7,
                                      "Inner Unique": true,
                                      "Merge Cond": "(mi_idx.info_type_id = it2.id)",
                                      "Plans": [
                                        {
                                          "Node Type": "Index Scan",
                                          "Parent Relationship": "Outer",
                                          "Parallel Aware": false,
                                          "Scan Direction": "Forward",
                                          "Index Name": "info_type_id_movie_info_idx",
                                          "Relation Name": "movie_info_idx",
                                          "Alias": "mi_idx",
                                          "Startup Cost": 0.43,
                                          "Total Cost": 64106.25,
                                          "Plan Rows": 1380035,
                                          "Plan Width": 14,
                                          "Actual Startup Time": 0.057,
                                          "Actual Total Time": 189.679,
                                          "Actual Rows": 919851,
                                          "Actual Loops": 7
                                        },
                                        {
                                          "Node Type": "Sort",
                                          "Parent Relationship": "Inner",
                                          "Parallel Aware": false,
                                          "Startup Cost": 2.42,
                                          "Total Cost": 2.43,
                                          "Plan Rows": 1,
                                          "Plan Width": 4,
                                          "Actual Startup Time": 0.043,
                                          "Actual Total Time": 0.045,
                                          "Actual Rows": 1,
                                          "Actual Loops": 7,
                                          "Sort Key": [
                                            "it2.id"
                                          ],
                                          "Sort Method": "quicksort",
                                          "Sort Space Used": 25,
                                          "Sort Space Type": "Memory",
                                          "Workers": [
                                            {
                                              "Worker Number": 0,
                                              "Sort Method": "quicksort",
                                              "Sort Space Used": 25,
                                              "Sort Space Type": "Memory"
                                            },
                                            {
                                              "Worker Number": 1,
                                              "Sort Method": "quicksort",
                                              "Sort Space Used": 25,
                                              "Sort Space Type": "Memory"
                                            },
                                            {
                                              "Worker Number": 2,
                                              "Sort Method": "quicksort",
                                              "Sort Space Used": 25,
                                              "Sort Space Type": "Memory"
                                            },
                                            {
                                              "Worker Number": 3,
                                              "Sort Method": "quicksort",
                                              "Sort Space Used": 25,
                                              "Sort Space Type": "Memory"
                                            },
                                            {
                                              "Worker Number": 4,
                                              "Sort Method": "quicksort",
                                              "Sort Space Used": 25,
                                              "Sort Space Type": "Memory"
                                            },
                                            {
                                              "Worker Number": 5,
                                              "Sort Method": "quicksort",
                                              "Sort Space Used": 25,
                                              "Sort Space Type": "Memory"
                                            }
                                          ],
                                          "Plans": [
                                            {
                                              "Node Type": "Seq Scan",
                                              "Parent Relationship": "Outer",
                                              "Parallel Aware": false,
                                              "Relation Name": "info_type",
                                              "Alias": "it2",
                                              "Startup Cost": 0.0,
                                              "Total Cost": 2.41,
                                              "Plan Rows": 1,
                                              "Plan Width": 4,
                                              "Actual Startup Time": 0.038,
                                              "Actual Total Time": 0.039,
                                              "Actual Rows": 1,
                                              "Actual Loops": 7,
                                              "Filter": "((info)::text = 'votes'::text)",
                                              "Rows Removed by Filter": 112
                                            }
                                          ]
                                        }
                                      ]
                                    }
                                  ]
                                }
                              ]
                            },
                            {
                              "Node Type": "Index Scan",
                              "Parent Relationship": "Inner",
                              "Parallel Aware": false,
                              "Scan Direction": "Forward",
                              "Index Name": "title_pkey",
                              "Relation Name": "title",
                              "Alias": "t",
                              "Startup Cost": 0.43,
                              "Total Cost": 110359.06,
                              "Plan Rows": 2528509,
                              "Plan Width": 21,
                              "Actual Startup Time": 0.055,
                              "Actual Total Time": 1412.484,
                              "Actual Rows": 2525662,
                              "Actual Loops": 7
                            }
                          ]
                        }
                      ]
                    },
                    {
                      "Node Type": "Sort",
                      "Parent Relationship": "Inner",
                      "Parallel Aware": false,
                      "Startup Cost": 392466.39,
                      "Total Cost": 392466.39,
                      "Plan Rows": 1,
                      "Plan Width": 51,
                      "Actual Startup Time": 1989.453,
                      "Actual Total Time": 1993.041,
                      "Actual Rows": 14686,
                      "Actual Loops": 1,
                      "Sort Key": [
                        "mi.movie_id"
                      ],
                      "Sort Method": "quicksort",
                      "Sort Space Used": 968,
                      "Sort Space Type": "Memory",
                      "Plans": [
                        {
                          "Node Type": "Merge Join",
                          "Parent Relationship": "Outer",
                          "Parallel Aware": false,
                          "Join Type": "Inner",
                          "Startup Cost": 392449.61,
                          "Total Cost": 392466.38,
                          "Plan Rows": 1,
                          "Plan Width": 51,
                          "Actual Startup Time": 1970.891,
                          "Actual Total Time": 1986.549,
                          "Actual Rows": 12438,
                          "Actual Loops": 1,
                          "Inner Unique": true,
                          "Merge Cond": "(mk.keyword_id = k.id)",
                          "Plans": [
                            {
                              "Node Type": "Sort",
                              "Parent Relationship": "Outer",
                              "Parallel Aware": false,
                              "Startup Cost": 389320.23,
                              "Total Cost": 389328.63,
                              "Plan Rows": 3358,
                              "Plan Width": 55,
                              "Actual Startup Time": 1951.017,
                              "Actual Total Time": 1961.26,
                              "Actual Rows": 58304,
                              "Actual Loops": 1,
                              "Sort Key": [
                                "mk.keyword_id"
                              ],
                              "Sort Method": "quicksort",
                              "Sort Space Used": 38761,
                              "Sort Space Type": "Memory",
                              "Plans": [
                                {
                                  "Node Type": "Merge Join",
                                  "Parent Relationship": "Outer",
                                  "Parallel Aware": false,
                                  "Join Type": "Inner",
                                  "Startup Cost": 200615.32,
                                  "Total Cost": 389123.56,
                                  "Plan Rows": 3358,
                                  "Plan Width": 55,
                                  "Actual Startup Time": 866.191,
                                  "Actual Total Time": 1857.466,
                                  "Actual Rows": 338846,
                                  "Actual Loops": 1,
                                  "Inner Unique": false,
                                  "Merge Cond": "(mk.movie_id = mi.movie_id)",
                                  "Plans": [
                                    {
                                      "Node Type": "Index Scan",
                                      "Parent Relationship": "Outer",
                                      "Parallel Aware": false,
                                      "Scan Direction": "Forward",
                                      "Index Name": "movie_id_movie_keyword",
                                      "Relation Name": "movie_keyword",
                                      "Alias": "mk",
                                      "Startup Cost": 0.43,
                                      "Total Cost": 177148.48,
                                      "Plan Rows": 4523930,
                                      "Plan Width": 8,
                                      "Actual Startup Time": 0.058,
                                      "Actual Total Time": 655.418,
                                      "Actual Rows": 4523925,
                                      "Actual Loops": 1
                                    },
                                    {
                                      "Node Type": "Sort",
                                      "Parent Relationship": "Inner",
                                      "Parallel Aware": false,
                                      "Startup Cost": 200614.89,
                                      "Total Cost": 200615.56,
                                      "Plan Rows": 268,
                                      "Plan Width": 47,
                                      "Actual Startup Time": 866.034,
                                      "Actual Total Time": 882.379,
                                      "Actual Rows": 353814,
                                      "Actual Loops": 1,
                                      "Sort Key": [
                                        "mi.movie_id"
                                      ],
                                      "Sort Method": "quicksort",
                                      "Sort Space Used": 2194,
                                      "Sort Space Type": "Memory",
                                      "Plans": [
                                        {
                                          "Node Type": "Gather",
                                          "Parent Relationship": "Outer",
                                          "Parallel Aware": false,
                                          "Startup Cost": 200546.5,
                                          "Total Cost": 200604.08,
                                          "Plan Rows": 268,
                                          "Plan Width": 47,
                                          "Actual Startup Time": 850.157,
                                          "Actual Total Time": 860.185,
                                          "Actual Rows": 30413,
                                          "Actual Loops": 1,
                                          "Workers Planned": 5,
                                          "Workers Launched": 1,
                                          "Single Copy": false,
                                          "Plans": [
                                            {
                                              "Node Type": "Merge Join",
                                              "Parent Relationship": "Outer",
                                              "Parallel Aware": false,
                                              "Join Type": "Inner",
                                              "Startup Cost": 199546.5,
                                              "Total Cost": 199577.28,
                                              "Plan Rows": 54,
                                              "Plan Width": 47,
                                              "Actual Startup Time": 843.385,
                                              "Actual Total Time": 846.217,
                                              "Actual Rows": 15206,
                                              "Actual Loops": 2,
                                              "Inner Unique": true,
                                              "Merge Cond": "(mi.info_type_id = it1.id)",
                                              "Plans": [
                                                {
                                                  "Node Type": "Sort",
                                                  "Parent Relationship": "Outer",
                                                  "Parallel Aware": false,
                                                  "Startup Cost": 199544.08,
                                                  "Total Cost": 199559.19,
                                                  "Plan Rows": 6047,
                                                  "Plan Width": 51,
                                                  "Actual Startup Time": 843.332,
                                                  "Actual Total Time": 843.997,
                                                  "Actual Rows": 15208,
                                                  "Actual Loops": 2,
                                                  "Sort Key": [
                                                    "mi.info_type_id"
                                                  ],
                                                  "Sort Method": "quicksort",
                                                  "Sort Space Used": 1640,
                                                  "Sort Space Type": "Memory",
                                                  "Workers": [
                                                    {
                                                      "Worker Number": 0,
                                                      "Sort Method": "quicksort",
                                                      "Sort Space Used": 957,
                                                      "Sort Space Type": "Memory"
                                                    }
                                                  ],
                                                  "Plans": [
                                                    {
                                                      "Node Type": "Seq Scan",
                                                      "Parent Relationship": "Outer",
                                                      "Parallel Aware": true,
                                                      "Relation Name": "movie_info",
                                                      "Alias": "mi",
                                                      "Startup Cost": 0.0,
                                                      "Total Cost": 199164.27,
                                                      "Plan Rows": 6047,
                                                      "Plan Width": 51,
                                                      "Actual Startup Time": 537.698,
                                                      "Actual Total Time": 839.545,
                                                      "Actual Rows": 15400,
                                                      "Actual Loops": 2,
                                                      "Filter": "(info = 'Horror'::text)",
                                                      "Rows Removed by Filter": 7402460
                                                    }
                                                  ]
                                                },
                                                {
                                                  "Node Type": "Sort",
                                                  "Parent Relationship": "Inner",
                                                  "Parallel Aware": false,
                                                  "Startup Cost": 2.42,
                                                  "Total Cost": 2.43,
                                                  "Plan Rows": 1,
                                                  "Plan Width": 4,
                                                  "Actual Startup Time": 0.045,
                                                  "Actual Total Time": 0.046,
                                                  "Actual Rows": 1,
                                                  "Actual Loops": 2,
                                                  "Sort Key": [
                                                    "it1.id"
                                                  ],
                                                  "Sort Method": "quicksort",
                                                  "Sort Space Used": 25,
                                                  "Sort Space Type": "Memory",
                                                  "Workers": [
                                                    {
                                                      "Worker Number": 0,
                                                      "Sort Method": "quicksort",
                                                      "Sort Space Used": 25,
                                                      "Sort Space Type": "Memory"
                                                    }
                                                  ],
                                                  "Plans": [
                                                    {
                                                      "Node Type": "Seq Scan",
                                                      "Parent Relationship": "Outer",
                                                      "Parallel Aware": false,
                                                      "Relation Name": "info_type",
                                                      "Alias": "it1",
                                                      "Startup Cost": 0.0,
                                                      "Total Cost": 2.41,
                                                      "Plan Rows": 1,
                                                      "Plan Width": 4,
                                                      "Actual Startup Time": 0.029,
                                                      "Actual Total Time": 0.035,
                                                      "Actual Rows": 1,
                                                      "Actual Loops": 2,
                                                      "Filter": "((info)::text = 'genres'::text)",
                                                      "Rows Removed by Filter": 112
                                                    }
                                                  ]
                                                }
                                              ]
                                            }
                                          ]
                                        }
                                      ]
                                    }
                                  ]
                                }
                              ]
                            },
                            {
                              "Node Type": "Sort",
                              "Parent Relationship": "Inner",
                              "Parallel Aware": false,
                              "Startup Cost": 3129.32,
                              "Total Cost": 3129.33,
                              "Plan Rows": 5,
                              "Plan Width": 4,
                              "Actual Startup Time": 17.984,
                              "Actual Total Time": 17.986,
                              "Actual Rows": 5,
                              "Actual Loops": 1,
                              "Sort Key": [
                                "k.id"
                              ],
                              "Sort Method": "quicksort",
                              "Sort Space Used": 25,
                              "Sort Space Type": "Memory",
                              "Plans": [
                                {
                                  "Node Type": "Seq Scan",
                                  "Parent Relationship": "Outer",
                                  "Parallel Aware": false,
                                  "Relation Name": "keyword",
                                  "Alias": "k",
                                  "Startup Cost": 0.0,
                                  "Total Cost": 3129.26,
                                  "Plan Rows": 5,
                                  "Plan Width": 4,
                                  "Actual Startup Time": 0.544,
                                  "Actual Total Time": 17.969,
                                  "Actual Rows": 5,
                                  "Actual Loops": 1,
                                  "Filter": "(keyword = ANY ('{murder,blood,gore,death,female-nudity}'::text[]))",
                                  "Rows Removed by Filter": 134165
                                }
                              ]
                            }
                          ]
                        }
                      ]
                    }
                  ]
                }
              ]
            }
          ]
        }
      ]
    },
    "Planning Time": 505.76,
    "Triggers": [],
    "Execution Time": 6920.977
  }
]