[
    {
        "Bao": {
            "Bao prediction": "NaN",
            "Bao recommended hint": "(no hint)"
        }
    },
    {
        "Plan": {
            "Node Type": "Aggregate",
            "Strategy": "Plain",
            "Partial Mode": "Finalize",
            "Parallel Aware": false,
            "Startup Cost": 54162.36,
            "Total Cost": 54162.37,
            "Plan Rows": 1,
            "Plan Width": 8,
            "Actual Startup Time": 36.113,
            "Actual Total Time": 40.198,
            "Actual Rows": 1,
            "Actual Loops": 1,
            "Output": [
                "count(*)"
            ],
            "Plans": [
                {
                    "Node Type": "Gather",
                    "Parent Relationship": "Outer",
                    "Parallel Aware": false,
                    "Startup Cost": 54162.05,
                    "Total Cost": 54162.36,
                    "Plan Rows": 3,
                    "Plan Width": 8,
                    "Actual Startup Time": 32.875,
                    "Actual Total Time": 40.19,
                    "Actual Rows": 4,
                    "Actual Loops": 1,
                    "Output": [
                        "(PARTIAL count(*))"
                    ],
                    "Workers Planned": 3,
                    "Workers Launched": 3,
                    "Single Copy": false,
                    "Plans": [
                        {
                            "Node Type": "Aggregate",
                            "Strategy": "Plain",
                            "Partial Mode": "Partial",
                            "Parent Relationship": "Outer",
                            "Parallel Aware": false,
                            "Startup Cost": 53162.05,
                            "Total Cost": 53162.06,
                            "Plan Rows": 1,
                            "Plan Width": 8,
                            "Actual Startup Time": 25.194,
                            "Actual Total Time": 25.196,
                            "Actual Rows": 1,
                            "Actual Loops": 4,
                            "Output": [
                                "PARTIAL count(*)"
                            ],
                            "Workers": [
                                {
                                    "Worker Number": 0,
                                    "Actual Startup Time": 22.589,
                                    "Actual Total Time": 22.591,
                                    "Actual Rows": 1,
                                    "Actual Loops": 1
                                },
                                {
                                    "Worker Number": 1,
                                    "Actual Startup Time": 24.19,
                                    "Actual Total Time": 24.192,
                                    "Actual Rows": 1,
                                    "Actual Loops": 1
                                },
                                {
                                    "Worker Number": 2,
                                    "Actual Startup Time": 21.463,
                                    "Actual Total Time": 21.465,
                                    "Actual Rows": 1,
                                    "Actual Loops": 1
                                }
                            ],
                            "Plans": [
                                {
                                    "Node Type": "Nested Loop",
                                    "Parent Relationship": "Outer",
                                    "Parallel Aware": false,
                                    "Join Type": "Inner",
                                    "Startup Cost": 354.8,
                                    "Total Cost": 53152.08,
                                    "Plan Rows": 3985,
                                    "Plan Width": 0,
                                    "Actual Startup Time": 9.234,
                                    "Actual Total Time": 25.155,
                                    "Actual Rows": 332,
                                    "Actual Loops": 4,
                                    "Inner Unique": false,
                                    "Workers": [
                                        {
                                            "Worker Number": 0,
                                            "Actual Startup Time": 12.048,
                                            "Actual Total Time": 22.563,
                                            "Actual Rows": 74,
                                            "Actual Loops": 1
                                        },
                                        {
                                            "Worker Number": 1,
                                            "Actual Startup Time": 9.213,
                                            "Actual Total Time": 24.146,
                                            "Actual Rows": 144,
                                            "Actual Loops": 1
                                        },
                                        {
                                            "Worker Number": 2,
                                            "Actual Startup Time": 9.825,
                                            "Actual Total Time": 21.426,
                                            "Actual Rows": 74,
                                            "Actual Loops": 1
                                        }
                                    ],
                                    "Plans": [
                                        {
                                            "Node Type": "Nested Loop",
                                            "Parent Relationship": "Outer",
                                            "Parallel Aware": false,
                                            "Join Type": "Inner",
                                            "Startup Cost": 354.23,
                                            "Total Cost": 49734.88,
                                            "Plan Rows": 318,
                                            "Plan Width": 8,
                                            "Actual Startup Time": 1.663,
                                            "Actual Total Time": 22.141,
                                            "Actual Rows": 28,
                                            "Actual Loops": 4,
                                            "Output": [
                                                "t.id",
                                                "mc.movie_id"
                                            ],
                                            "Inner Unique": true,
                                            "Workers": [
                                                {
                                                    "Worker Number": 0,
                                                    "Actual Startup Time": 0.361,
                                                    "Actual Total Time": 20.359,
                                                    "Actual Rows": 6,
                                                    "Actual Loops": 1
                                                },
                                                {
                                                    "Worker Number": 1,
                                                    "Actual Startup Time": 1.425,
                                                    "Actual Total Time": 20.015,
                                                    "Actual Rows": 9,
                                                    "Actual Loops": 1
                                                },
                                                {
                                                    "Worker Number": 2,
                                                    "Actual Startup Time": 3.669,
                                                    "Actual Total Time": 17.85,
                                                    "Actual Rows": 9,
                                                    "Actual Loops": 1
                                                }
                                            ],
                                            "Plans": [
                                                {
                                                    "Node Type": "Bitmap Heap Scan",
                                                    "Parent Relationship": "Outer",
                                                    "Parallel Aware": true,
                                                    "Relation Name": "movie_companies",
                                                    "Schema": "public",
                                                    "Alias": "mc",
                                                    "Startup Cost": 353.8,
                                                    "Total Cost": 19334.53,
                                                    "Plan Rows": 5218,
                                                    "Plan Width": 4,
                                                    "Actual Startup Time": 0.393,
                                                    "Actual Total Time": 1.733,
                                                    "Actual Rows": 4055,
                                                    "Actual Loops": 4,
                                                    "Output": [
                                                        "mc.id",
                                                        "mc.movie_id",
                                                        "mc.company_id",
                                                        "mc.company_type_id",
                                                        "mc.note"
                                                    ],
                                                    "Recheck Cond": "(mc.company_id = 166)",
                                                    "Rows Removed by Index Recheck": 0,
                                                    "Exact Heap Blocks": 421,
                                                    "Lossy Heap Blocks": 0,
                                                    "Workers": [
                                                        {
                                                            "Worker Number": 0,
                                                            "Actual Startup Time": 0.132,
                                                            "Actual Total Time": 1.345,
                                                            "Actual Rows": 1247,
                                                            "Actual Loops": 1
                                                        },
                                                        {
                                                            "Worker Number": 1,
                                                            "Actual Startup Time": 0.116,
                                                            "Actual Total Time": 1.18,
                                                            "Actual Rows": 1053,
                                                            "Actual Loops": 1
                                                        },
                                                        {
                                                            "Worker Number": 2,
                                                            "Actual Startup Time": 0.146,
                                                            "Actual Total Time": 1.362,
                                                            "Actual Rows": 1024,
                                                            "Actual Loops": 1
                                                        }
                                                    ],
                                                    "Plans": [
                                                        {
                                                            "Node Type": "Bitmap Index Scan",
                                                            "Parent Relationship": "Outer",
                                                            "Parallel Aware": false,
                                                            "Index Name": "company_id_movie_companies",
                                                            "Startup Cost": 0.0,
                                                            "Total Cost": 349.76,
                                                            "Plan Rows": 16177,
                                                            "Plan Width": 0,
                                                            "Actual Startup Time": 1.092,
                                                            "Actual Total Time": 1.093,
                                                            "Actual Rows": 16220,
                                                            "Actual Loops": 1,
                                                            "Index Cond": "(mc.company_id = 166)"
                                                        }
                                                    ]
                                                },
                                                {
                                                    "Node Type": "Index Scan",
                                                    "Parent Relationship": "Inner",
                                                    "Parallel Aware": false,
                                                    "Scan Direction": "Forward",
                                                    "Index Name": "title_pkey",
                                                    "Relation Name": "title",
                                                    "Schema": "public",
                                                    "Alias": "t",
                                                    "Startup Cost": 0.43,
                                                    "Total Cost": 5.83,
                                                    "Plan Rows": 1,
                                                    "Plan Width": 4,
                                                    "Actual Startup Time": 0.005,
                                                    "Actual Total Time": 0.005,
                                                    "Actual Rows": 0,
                                                    "Actual Loops": 16220,
                                                    "Output": [
                                                        "t.id",
                                                        "t.title",
                                                        "t.imdb_index",
                                                        "t.kind_id",
                                                        "t.production_year",
                                                        "t.imdb_id",
                                                        "t.phonetic_code",
                                                        "t.episode_of_id",
                                                        "t.season_nr",
                                                        "t.episode_nr",
                                                        "t.series_years",
                                                        "t.md5sum"
                                                    ],
                                                    "Index Cond": "(t.id = mc.movie_id)",
                                                    "Rows Removed by Index Recheck": 0,
                                                    "Filter": "((t.kind_id < 7) AND (t.production_year > 2010))",
                                                    "Rows Removed by Filter": 1,
                                                    "Workers": [
                                                        {
                                                            "Worker Number": 0,
                                                            "Actual Startup Time": 0.014,
                                                            "Actual Total Time": 0.014,
                                                            "Actual Rows": 0,
                                                            "Actual Loops": 1247
                                                        },
                                                        {
                                                            "Worker Number": 1,
                                                            "Actual Startup Time": 0.017,
                                                            "Actual Total Time": 0.017,
                                                            "Actual Rows": 0,
                                                            "Actual Loops": 1053
                                                        },
                                                        {
                                                            "Worker Number": 2,
                                                            "Actual Startup Time": 0.015,
                                                            "Actual Total Time": 0.015,
                                                            "Actual Rows": 0,
                                                            "Actual Loops": 1024
                                                        }
                                                    ]
                                                }
                                            ]
                                        },
                                        {
                                            "Node Type": "Index Scan",
                                            "Parent Relationship": "Inner",
                                            "Parallel Aware": false,
                                            "Scan Direction": "Forward",
                                            "Index Name": "movie_id_cast_info",
                                            "Relation Name": "cast_info",
                                            "Schema": "public",
                                            "Alias": "ci",
                                            "Startup Cost": 0.56,
                                            "Total Cost": 10.41,
                                            "Plan Rows": 34,
                                            "Plan Width": 4,
                                            "Actual Startup Time": 0.021,
                                            "Actual Total Time": 0.106,
                                            "Actual Rows": 12,
                                            "Actual Loops": 112,
                                            "Output": [
                                                "ci.id",
                                                "ci.person_id",
                                                "ci.movie_id",
                                                "ci.person_role_id",
                                                "ci.note",
                                                "ci.nr_order",
                                                "ci.role_id"
                                            ],
                                            "Index Cond": "(ci.movie_id = t.id)",
                                            "Rows Removed by Index Recheck": 0,
                                            "Filter": "(ci.role_id < 10)",
                                            "Rows Removed by Filter": 8,
                                            "Workers": [
                                                {
                                                    "Worker Number": 0,
                                                    "Actual Startup Time": 0.082,
                                                    "Actual Total Time": 0.362,
                                                    "Actual Rows": 12,
                                                    "Actual Loops": 6
                                                },
                                                {
                                                    "Worker Number": 1,
                                                    "Actual Startup Time": 0.081,
                                                    "Actual Total Time": 0.452,
                                                    "Actual Rows": 16,
                                                    "Actual Loops": 9
                                                },
                                                {
                                                    "Worker Number": 2,
                                                    "Actual Startup Time": 0.072,
                                                    "Actual Total Time": 0.392,
                                                    "Actual Rows": 8,
                                                    "Actual Loops": 9
                                                }
                                            ]
                                        }
                                    ]
                                }
                            ]
                        }
                    ]
                }
            ]
        },
        "Planning Time": 191.566,
        "Triggers": [],
        "Execution Time": 40.265
    }
]