{
  "Plan": {
    "Node Type": "Aggregate",
    "Strategy": "Plain",
    "Partial Mode": "Finalize",
    "Parallel Aware": false,
    "Startup Cost": 360672.04,
    "Total Cost": 360672.05,
    "Plan Rows": 1,
    "Plan Width": 8,
    "Actual Startup Time": 2818.836,
    "Actual Total Time": 2900.389,
    "Actual Rows": 1,
    "Actual Loops": 1,
    "Plans": [
      {
        "Node Type": "Gather",
        "Parent Relationship": "Outer",
        "Parallel Aware": false,
        "Startup Cost": 360671.93,
        "Total Cost": 360672.04,
        "Plan Rows": 1,
        "Plan Width": 8,
        "Actual Startup Time": 2818.316,
        "Actual Total Time": 2900.38,
        "Actual Rows": 2,
        "Actual Loops": 1,
        "Workers Planned": 1,
        "Workers Launched": 1,
        "Single Copy": false,
        "Plans": [
          {
            "Node Type": "Aggregate",
            "Strategy": "Plain",
            "Partial Mode": "Partial",
            "Parent Relationship": "Outer",
            "Parallel Aware": false,
            "Startup Cost": 359671.93,
            "Total Cost": 359671.94,
            "Plan Rows": 1,
            "Plan Width": 8,
            "Actual Startup Time": 2812.059,
            "Actual Total Time": 2812.064,
            "Actual Rows": 1,
            "Actual Loops": 2,
            "Plans": [
              {
                "Node Type": "Nested Loop",
                "Parent Relationship": "Outer",
                "Parallel Aware": false,
                "Join Type": "Inner",
                "Startup Cost": 55651.7,
                "Total Cost": 355971.15,
                "Plan Rows": 1480311,
                "Plan Width": 0,
                "Actual Startup Time": 183.463,
                "Actual Total Time": 2652.885,
                "Actual Rows": 3613386,
                "Actual Loops": 2,
                "Inner Unique": false,
                "Join Filter": "(t.id = ci.movie_id)",
                "Rows Removed by Join Filter": 0,
                "Plans": [
                  {
                    "Node Type": "Hash Join",
                    "Parent Relationship": "Outer",
                    "Parallel Aware": true,
                    "Join Type": "Inner",
                    "Startup Cost": 55651.14,
                    "Total Cost": 118276.27,
                    "Plan Rows": 106862,
                    "Plan Width": 8,
                    "Actual Startup Time": 183.373,
                    "Actual Total Time": 533.999,
                    "Actual Rows": 63676,
                    "Actual Loops": 2,
                    "Inner Unique": true,
                    "Hash Cond": "(mk.movie_id = t.id)",
                    "Plans": [
                      {
                        "Node Type": "Seq Scan",
                        "Parent Relationship": "Outer",
                        "Parallel Aware": true,
                        "Relation Name": "movie_keyword",
                        "Alias": "mk",
                        "Startup Cost": 0.0,
                        "Total Cost": 57718.19,
                        "Plan Rows": 1869304,
                        "Plan Width": 4,
                        "Actual Startup Time": 0.179,
                        "Actual Total Time": 214.653,
                        "Actual Rows": 1581208,
                        "Actual Loops": 2,
                        "Filter": "(keyword_id > 1773)",
                        "Rows Removed by Filter": 680757
                      },
                      {
                        "Node Type": "Hash",
                        "Parent Relationship": "Inner",
                        "Parallel Aware": true,
                        "Startup Cost": 54588.39,
                        "Total Cost": 54588.39,
                        "Plan Rows": 85020,
                        "Plan Width": 4,
                        "Actual Startup Time": 179.493,
                        "Actual Total Time": 179.494,
                        "Actual Rows": 70852,
                        "Actual Loops": 2,
                        "Hash Buckets": 262144,
                        "Original Hash Buckets": 262144,
                        "Hash Batches": 1,
                        "Original Hash Batches": 1,
                        "Peak Memory Usage": 7648,
                        "Plans": [
                          {
                            "Node Type": "Seq Scan",
                            "Parent Relationship": "Outer",
                            "Parallel Aware": true,
                            "Relation Name": "title",
                            "Alias": "t",
                            "Startup Cost": 0.0,
                            "Total Cost": 54588.39,
                            "Plan Rows": 85020,
                            "Plan Width": 4,
                            "Actual Startup Time": 0.048,
                            "Actual Total Time": 154.318,
                            "Actual Rows": 70852,
                            "Actual Loops": 2,
                            "Filter": "(production_year = 2010)",
                            "Rows Removed by Filter": 1193304
                          }
                        ]
                      }
                    ]
                  },
                  {
                    "Node Type": "Index Scan",
                    "Parent Relationship": "Inner",
                    "Parallel Aware": false,
                    "Scan Direction": "Forward",
                    "Index Name": "movie_id_cast_info",
                    "Relation Name": "cast_info",
                    "Alias": "ci",
                    "Startup Cost": 0.56,
                    "Total Cost": 1.79,
                    "Plan Rows": 35,
                    "Plan Width": 4,
                    "Actual Startup Time": 0.004,
                    "Actual Total Time": 0.028,
                    "Actual Rows": 57,
                    "Actual Loops": 127353,
                    "Index Cond": "(movie_id = mk.movie_id)",
                    "Rows Removed by Index Recheck": 0,
                    "Filter": "(person_id < 3833568)",
                    "Rows Removed by Filter": 6
                  }
                ]
              }
            ]
          }
        ]
      }
    ]
  },
  "Planning Time": 1.097,
  "Triggers": [],
  "Execution Time": 2900.526
}