{
  "Plan": {
    "Node Type": "Aggregate",
    "Strategy": "Plain",
    "Partial Mode": "Finalize",
    "Parallel Aware": false,
    "Startup Cost": 118042.2,
    "Total Cost": 118042.21,
    "Plan Rows": 1,
    "Plan Width": 68,
    "Actual Startup Time": 585.671,
    "Actual Total Time": 605.867,
    "Actual Rows": 1,
    "Actual Loops": 1,
    "Plans": [
      {
        "Node Type": "Gather",
        "Parent Relationship": "Outer",
        "Parallel Aware": false,
        "Startup Cost": 118042.08,
        "Total Cost": 118042.19,
        "Plan Rows": 1,
        "Plan Width": 68,
        "Actual Startup Time": 585.381,
        "Actual Total Time": 605.857,
        "Actual Rows": 2,
        "Actual Loops": 1,
        "Workers Planned": 1,
        "Workers Launched": 1,
        "Single Copy": false,
        "Plans": [
          {
            "Node Type": "Aggregate",
            "Strategy": "Plain",
            "Partial Mode": "Partial",
            "Parent Relationship": "Outer",
            "Parallel Aware": false,
            "Startup Cost": 117042.08,
            "Total Cost": 117042.09,
            "Plan Rows": 1,
            "Plan Width": 68,
            "Actual Startup Time": 578.616,
            "Actual Total Time": 578.626,
            "Actual Rows": 1,
            "Actual Loops": 2,
            "Plans": [
              {
                "Node Type": "Hash Join",
                "Parent Relationship": "Outer",
                "Parallel Aware": false,
                "Join Type": "Inner",
                "Startup Cost": 76085.71,
                "Total Cost": 117038.16,
                "Plan Rows": 523,
                "Plan Width": 45,
                "Actual Startup Time": 562.412,
                "Actual Total Time": 578.614,
                "Actual Rows": 2,
                "Actual Loops": 2,
                "Inner Unique": true,
                "Hash Cond": "(mc.company_type_id = ct.id)",
                "Plans": [
                  {
                    "Node Type": "Hash Join",
                    "Parent Relationship": "Outer",
                    "Parallel Aware": true,
                    "Join Type": "Inner",
                    "Startup Cost": 76084.65,
                    "Total Cost": 117025.78,
                    "Plan Rows": 2092,
                    "Plan Width": 49,
                    "Actual Startup Time": 492.892,
                    "Actual Total Time": 578.123,
                    "Actual Rows": 39,
                    "Actual Loops": 2,
                    "Inner Unique": false,
                    "Hash Cond": "(mc.movie_id = t.id)",
                    "Plans": [
                      {
                        "Node Type": "Seq Scan",
                        "Parent Relationship": "Outer",
                        "Parallel Aware": true,
                        "Relation Name": "movie_companies",
                        "Alias": "mc",
                        "Startup Cost": 0.0,
                        "Total Cost": 37974.77,
                        "Plan Rows": 787749,
                        "Plan Width": 32,
                        "Actual Startup Time": 0.023,
                        "Actual Total Time": 191.584,
                        "Actual Rows": 668544,
                        "Actual Loops": 2,
                        "Filter": "(note !~~ '%(as Metro-Goldwyn-Mayer Pictures)%'::text)",
                        "Rows Removed by Filter": 636020
                      },
                      {
                        "Node Type": "Hash",
                        "Parent Relationship": "Inner",
                        "Parallel Aware": true,
                        "Startup Cost": 76035.29,
                        "Total Cost": 76035.29,
                        "Plan Rows": 3949,
                        "Plan Width": 29,
                        "Actual Startup Time": 341.174,
                        "Actual Total Time": 341.18,
                        "Actual Rows": 3,
                        "Actual Loops": 2,
                        "Hash Buckets": 8192,
                        "Original Hash Buckets": 8192,
                        "Hash Batches": 1,
                        "Original Hash Batches": 1,
                        "Peak Memory Usage": 128,
                        "Plans": [
                          {
                            "Node Type": "Hash Join",
                            "Parent Relationship": "Outer",
                            "Parallel Aware": true,
                            "Join Type": "Inner",
                            "Startup Cost": 18355.94,
                            "Total Cost": 76035.29,
                            "Plan Rows": 3949,
                            "Plan Width": 29,
                            "Actual Startup Time": 278.444,
                            "Actual Total Time": 341.084,
                            "Actual Rows": 3,
                            "Actual Loops": 2,
                            "Inner Unique": false,
                            "Hash Cond": "(t.id = mi_idx.movie_id)",
                            "Plans": [
                              {
                                "Node Type": "Seq Scan",
                                "Parent Relationship": "Outer",
                                "Parallel Aware": true,
                                "Relation Name": "title",
                                "Alias": "t",
                                "Startup Cost": 0.0,
                                "Total Cost": 54589.98,
                                "Plan Rows": 817639,
                                "Plan Width": 25,
                                "Actual Startup Time": 0.01,
                                "Actual Total Time": 164.428,
                                "Actual Rows": 690726,
                                "Actual Loops": 2,
                                "Filter": "(production_year > 2000)",
                                "Rows Removed by Filter": 573430
                              },
                              {
                                "Node Type": "Hash",
                                "Parent Relationship": "Inner",
                                "Parallel Aware": true,
                                "Startup Cost": 18266.14,
                                "Total Cost": 18266.14,
                                "Plan Rows": 7184,
                                "Plan Width": 4,
                                "Actual Startup Time": 127.429,
                                "Actual Total Time": 127.432,
                                "Actual Rows": 5,
                                "Actual Loops": 2,
                                "Hash Buckets": 16384,
                                "Original Hash Buckets": 16384,
                                "Hash Batches": 1,
                                "Original Hash Batches": 1,
                                "Peak Memory Usage": 160,
                                "Plans": [
                                  {
                                    "Node Type": "Hash Join",
                                    "Parent Relationship": "Outer",
                                    "Parallel Aware": false,
                                    "Join Type": "Inner",
                                    "Startup Cost": 2.43,
                                    "Total Cost": 18266.14,
                                    "Plan Rows": 7184,
                                    "Plan Width": 4,
                                    "Actual Startup Time": 127.366,
                                    "Actual Total Time": 127.371,
                                    "Actual Rows": 5,
                                    "Actual Loops": 2,
                                    "Inner Unique": true,
                                    "Hash Cond": "(mi_idx.info_type_id = it.id)",
                                    "Plans": [
                                      {
                                        "Node Type": "Seq Scan",
                                        "Parent Relationship": "Outer",
                                        "Parallel Aware": true,
                                        "Relation Name": "movie_info_idx",
                                        "Alias": "mi_idx",
                                        "Startup Cost": 0.0,
                                        "Total Cost": 16052.85,
                                        "Plan Rows": 811785,
                                        "Plan Width": 8,
                                        "Actual Startup Time": 0.042,
                                        "Actual Total Time": 67.715,
                                        "Actual Rows": 690018,
                                        "Actual Loops": 2
                                      },
                                      {
                                        "Node Type": "Hash",
                                        "Parent Relationship": "Inner",
                                        "Parallel Aware": false,
                                        "Startup Cost": 2.41,
                                        "Total Cost": 2.41,
                                        "Plan Rows": 1,
                                        "Plan Width": 4,
                                        "Actual Startup Time": 0.066,
                                        "Actual Total Time": 0.067,
                                        "Actual Rows": 1,
                                        "Actual Loops": 2,
                                        "Hash Buckets": 1024,
                                        "Original Hash Buckets": 1024,
                                        "Hash Batches": 1,
                                        "Original Hash Batches": 1,
                                        "Peak Memory Usage": 9,
                                        "Plans": [
                                          {
                                            "Node Type": "Seq Scan",
                                            "Parent Relationship": "Outer",
                                            "Parallel Aware": false,
                                            "Relation Name": "info_type",
                                            "Alias": "it",
                                            "Startup Cost": 0.0,
                                            "Total Cost": 2.41,
                                            "Plan Rows": 1,
                                            "Plan Width": 4,
                                            "Actual Startup Time": 0.053,
                                            "Actual Total Time": 0.055,
                                            "Actual Rows": 1,
                                            "Actual Loops": 2,
                                            "Filter": "((info)::text = 'bottom 10 rank'::text)",
                                            "Rows Removed by Filter": 112
                                          }
                                        ]
                                      }
                                    ]
                                  }
                                ]
                              }
                            ]
                          }
                        ]
                      }
                    ]
                  },
                  {
                    "Node Type": "Hash",
                    "Parent Relationship": "Inner",
                    "Parallel Aware": false,
                    "Startup Cost": 1.05,
                    "Total Cost": 1.05,
                    "Plan Rows": 1,
                    "Plan Width": 4,
                    "Actual Startup Time": 0.07,
                    "Actual Total Time": 0.071,
                    "Actual Rows": 1,
                    "Actual Loops": 2,
                    "Hash Buckets": 1024,
                    "Original Hash Buckets": 1024,
                    "Hash Batches": 1,
                    "Original Hash Batches": 1,
                    "Peak Memory Usage": 9,
                    "Plans": [
                      {
                        "Node Type": "Seq Scan",
                        "Parent Relationship": "Outer",
                        "Parallel Aware": false,
                        "Relation Name": "company_type",
                        "Alias": "ct",
                        "Startup Cost": 0.0,
                        "Total Cost": 1.05,
                        "Plan Rows": 1,
                        "Plan Width": 4,
                        "Actual Startup Time": 0.048,
                        "Actual Total Time": 0.052,
                        "Actual Rows": 1,
                        "Actual Loops": 2,
                        "Filter": "((kind)::text = 'production companies'::text)",
                        "Rows Removed by Filter": 3
                      }
                    ]
                  }
                ]
              }
            ]
          }
        ]
      }
    ]
  },
  "Planning Time": 1.118,
  "Triggers": [],
  "Execution Time": 605.991
}