[
  {
    "Plan": {
      "Node Type": "Aggregate",
      "Strategy": "Plain",
      "Partial Mode": "Finalize",
      "Parallel Aware": false,
      "Startup Cost": 36261.72,
      "Total Cost": 36261.73,
      "Plan Rows": 1,
      "Plan Width": 8,
      "Actual Startup Time": 42.697,
      "Actual Total Time": 47.36,
      "Actual Rows": 1,
      "Actual Loops": 1,
      "Plans": [
        {
          "Node Type": "Gather",
          "Parent Relationship": "Outer",
          "Parallel Aware": false,
          "Startup Cost": 36261.51,
          "Total Cost": 36261.72,
          "Plan Rows": 2,
          "Plan Width": 8,
          "Actual Startup Time": 42.477,
          "Actual Total Time": 47.353,
          "Actual Rows": 3,
          "Actual Loops": 1,
          "Workers Planned": 2,
          "Workers Launched": 2,
          "Single Copy": false,
          "Plans": [
            {
              "Node Type": "Aggregate",
              "Strategy": "Plain",
              "Partial Mode": "Partial",
              "Parent Relationship": "Outer",
              "Parallel Aware": false,
              "Startup Cost": 35261.51,
              "Total Cost": 35261.52,
              "Plan Rows": 1,
              "Plan Width": 8,
              "Actual Startup Time": 34.34,
              "Actual Total Time": 34.342,
              "Actual Rows": 1,
              "Actual Loops": 3,
              "Plans": [
                {
                  "Node Type": "Nested Loop",
                  "Parent Relationship": "Outer",
                  "Parallel Aware": false,
                  "Join Type": "Inner",
                  "Startup Cost": 144.72,
                  "Total Cost": 35261.24,
                  "Plan Rows": 107,
                  "Plan Width": 0,
                  "Actual Startup Time": 5.292,
                  "Actual Total Time": 34.314,
                  "Actual Rows": 106,
                  "Actual Loops": 3,
                  "Inner Unique": false,
                  "Plans": [
                    {
                      "Node Type": "Nested Loop",
                      "Parent Relationship": "Outer",
                      "Parallel Aware": false,
                      "Join Type": "Inner",
                      "Startup Cost": 144.28,
                      "Total Cost": 34444.24,
                      "Plan Rows": 22,
                      "Plan Width": 8,
                      "Actual Startup Time": 5.161,
                      "Actual Total Time": 33.381,
                      "Actual Rows": 19,
                      "Actual Loops": 3,
                      "Inner Unique": true,
                      "Plans": [
                        {
                          "Node Type": "Bitmap Heap Scan",
                          "Parent Relationship": "Outer",
                          "Parallel Aware": true,
                          "Relation Name": "movie_keyword",
                          "Alias": "mk",
                          "Startup Cost": 143.85,
                          "Total Cost": 14982.0,
                          "Plan Rows": 2765,
                          "Plan Width": 4,
                          "Actual Startup Time": 2.407,
                          "Actual Total Time": 11.207,
                          "Actual Rows": 2263,
                          "Actual Loops": 3,
                          "Recheck Cond": "(keyword_id = 495)",
                          "Rows Removed by Index Recheck": 0,
                          "Exact Heap Blocks": 3724,
                          "Lossy Heap Blocks": 0,
                          "Plans": [
                            {
                              "Node Type": "Bitmap Index Scan",
                              "Parent Relationship": "Outer",
                              "Parallel Aware": false,
                              "Index Name": "keyword_id_movie_keyword",
                              "Startup Cost": 0.0,
                              "Total Cost": 142.19,
                              "Plan Rows": 6635,
                              "Plan Width": 0,
                              "Actual Startup Time": 4.435,
                              "Actual Total Time": 4.435,
                              "Actual Rows": 6790,
                              "Actual Loops": 1,
                              "Index Cond": "(keyword_id = 495)"
                            }
                          ]
                        },
                        {
                          "Node Type": "Index Scan",
                          "Parent Relationship": "Inner",
                          "Parallel Aware": false,
                          "Scan Direction": "Forward",
                          "Index Name": "title_pkey",
                          "Relation Name": "title",
                          "Alias": "t",
                          "Startup Cost": 0.43,
                          "Total Cost": 7.04,
                          "Plan Rows": 1,
                          "Plan Width": 4,
                          "Actual Startup Time": 0.009,
                          "Actual Total Time": 0.009,
                          "Actual Rows": 0,
                          "Actual Loops": 6790,
                          "Index Cond": "(id = mk.movie_id)",
                          "Rows Removed by Index Recheck": 0,
                          "Filter": "((kind_id > 1) AND (production_year = 1992))",
                          "Rows Removed by Filter": 1
                        }
                      ]
                    },
                    {
                      "Node Type": "Index Scan",
                      "Parent Relationship": "Inner",
                      "Parallel Aware": false,
                      "Scan Direction": "Forward",
                      "Index Name": "movie_id_movie_info",
                      "Relation Name": "movie_info",
                      "Alias": "mi",
                      "Startup Cost": 0.43,
                      "Total Cost": 36.79,
                      "Plan Rows": 35,
                      "Plan Width": 4,
                      "Actual Startup Time": 0.021,
                      "Actual Total Time": 0.047,
                      "Actual Rows": 6,
                      "Actual Loops": 57,
                      "Index Cond": "(movie_id = t.id)",
                      "Rows Removed by Index Recheck": 0,
                      "Filter": "(info_type_id < 17)",
                      "Rows Removed by Filter": 0
                    }
                  ]
                }
              ]
            }
          ]
        }
      ]
    },
    "Planning Time": 1.392,
    "Triggers": [],
    "Execution Time": 47.457
  }
]