[
  {
    "Plan": {
      "Node Type": "Aggregate",
      "Strategy": "Plain",
      "Partial Mode": "Finalize",
      "Parallel Aware": false,
      "Startup Cost": 460103.32,
      "Total Cost": 460103.33,
      "Plan Rows": 1,
      "Plan Width": 8,
      "Actual Startup Time": 1656.754,
      "Actual Total Time": 1719.742,
      "Actual Rows": 1,
      "Actual Loops": 1,
      "Plans": [
        {
          "Node Type": "Gather",
          "Parent Relationship": "Outer",
          "Parallel Aware": false,
          "Startup Cost": 460102.69,
          "Total Cost": 460103.3,
          "Plan Rows": 6,
          "Plan Width": 8,
          "Actual Startup Time": 1633.575,
          "Actual Total Time": 1719.729,
          "Actual Rows": 7,
          "Actual Loops": 1,
          "Workers Planned": 6,
          "Workers Launched": 6,
          "Single Copy": false,
          "Plans": [
            {
              "Node Type": "Aggregate",
              "Strategy": "Plain",
              "Partial Mode": "Partial",
              "Parent Relationship": "Outer",
              "Parallel Aware": false,
              "Startup Cost": 459102.69,
              "Total Cost": 459102.7,
              "Plan Rows": 1,
              "Plan Width": 8,
              "Actual Startup Time": 1620.739,
              "Actual Total Time": 1621.158,
              "Actual Rows": 1,
              "Actual Loops": 7,
              "Plans": [
                {
                  "Node Type": "Hash Join",
                  "Parent Relationship": "Outer",
                  "Parallel Aware": true,
                  "Join Type": "Inner",
                  "Startup Cost": 101734.89,
                  "Total Cost": 455900.87,
                  "Plan Rows": 1280730,
                  "Plan Width": 0,
                  "Actual Startup Time": 777.416,
                  "Actual Total Time": 1540.281,
                  "Actual Rows": 1575124,
                  "Actual Loops": 7,
                  "Inner Unique": false,
                  "Hash Cond": "(ci.movie_id = t.id)",
                  "Plans": [
                    {
                      "Node Type": "Seq Scan",
                      "Parent Relationship": "Outer",
                      "Parallel Aware": true,
                      "Relation Name": "cast_info",
                      "Alias": "ci",
                      "Startup Cost": 0.0,
                      "Total Cost": 343316.27,
                      "Plan Rows": 1791550,
                      "Plan Width": 4,
                      "Actual Startup Time": 233.454,
                      "Actual Total Time": 652.014,
                      "Actual Rows": 665778,
                      "Actual Loops": 7,
                      "Filter": "((person_id < 1655545) AND (role_id > 1))",
                      "Rows Removed by Filter": 4511986
                    },
                    {
                      "Node Type": "Hash",
                      "Parent Relationship": "Inner",
                      "Parallel Aware": true,
                      "Startup Cost": 94446.58,
                      "Total Cost": 94446.58,
                      "Plan Rows": 583065,
                      "Plan Width": 8,
                      "Actual Startup Time": 537.265,
                      "Actual Total Time": 537.682,
                      "Actual Rows": 258348,
                      "Actual Loops": 7,
                      "Hash Buckets": 2097152,
                      "Original Hash Buckets": 2097152,
                      "Hash Batches": 1,
                      "Original Hash Batches": 1,
                      "Peak Memory Usage": 87264,
                      "Plans": [
                        {
                          "Node Type": "Hash Join",
                          "Parent Relationship": "Outer",
                          "Parallel Aware": true,
                          "Join Type": "Inner",
                          "Startup Cost": 50220.38,
                          "Total Cost": 94446.58,
                          "Plan Rows": 583065,
                          "Plan Width": 8,
                          "Actual Startup Time": 283.541,
                          "Actual Total Time": 438.22,
                          "Actual Rows": 258348,
                          "Actual Loops": 7,
                          "Inner Unique": true,
                          "Hash Cond": "(mk.movie_id = t.id)",
                          "Plans": [
                            {
                              "Node Type": "Seq Scan",
                              "Parent Relationship": "Outer",
                              "Parallel Aware": true,
                              "Relation Name": "movie_keyword",
                              "Alias": "mk",
                              "Startup Cost": 0.0,
                              "Total Cost": 42695.65,
                              "Plan Rows": 583065,
                              "Plan Width": 4,
                              "Actual Startup Time": 0.043,
                              "Actual Total Time": 80.473,
                              "Actual Rows": 258348,
                              "Actual Loops": 7,
                              "Filter": "(keyword_id < 2935)",
                              "Rows Removed by Filter": 387927
                            },
                            {
                              "Node Type": "Hash",
                              "Parent Relationship": "Inner",
                              "Parallel Aware": true,
                              "Startup Cost": 42319.06,
                              "Total Cost": 42319.06,
                              "Plan Rows": 632106,
                              "Plan Width": 4,
                              "Actual Startup Time": 279.38,
                              "Actual Total Time": 279.381,
                              "Actual Rows": 361187,
                              "Actual Loops": 7,
                              "Hash Buckets": 4194304,
                              "Original Hash Buckets": 4194304,
                              "Hash Batches": 1,
                              "Original Hash Batches": 1,
                              "Peak Memory Usage": 131744,
                              "Plans": [
                                {
                                  "Node Type": "Seq Scan",
                                  "Parent Relationship": "Outer",
                                  "Parallel Aware": true,
                                  "Relation Name": "title",
                                  "Alias": "t",
                                  "Startup Cost": 0.0,
                                  "Total Cost": 42319.06,
                                  "Plan Rows": 632106,
                                  "Plan Width": 4,
                                  "Actual Startup Time": 0.057,
                                  "Actual Total Time": 81.182,
                                  "Actual Rows": 361187,
                                  "Actual Loops": 7
                                }
                              ]
                            }
                          ]
                        }
                      ]
                    }
                  ]
                }
              ]
            }
          ]
        }
      ]
    },
    "Planning Time": 1.117,
    "Triggers": [],
    "Execution Time": 1719.823
  }
]