{
  "Plan": {
    "Node Type": "Aggregate",
    "Strategy": "Plain",
    "Partial Mode": "Finalize",
    "Parallel Aware": false,
    "Startup Cost": 98422.49,
    "Total Cost": 98422.5,
    "Plan Rows": 1,
    "Plan Width": 8,
    "Actual Startup Time": 377.485,
    "Actual Total Time": 387.738,
    "Actual Rows": 1,
    "Actual Loops": 1,
    "Plans": [
      {
        "Node Type": "Gather",
        "Parent Relationship": "Outer",
        "Parallel Aware": false,
        "Startup Cost": 98422.38,
        "Total Cost": 98422.49,
        "Plan Rows": 1,
        "Plan Width": 8,
        "Actual Startup Time": 376.483,
        "Actual Total Time": 387.73,
        "Actual Rows": 2,
        "Actual Loops": 1,
        "Workers Planned": 1,
        "Workers Launched": 1,
        "Single Copy": false,
        "Plans": [
          {
            "Node Type": "Aggregate",
            "Strategy": "Plain",
            "Partial Mode": "Partial",
            "Parent Relationship": "Outer",
            "Parallel Aware": false,
            "Startup Cost": 97422.38,
            "Total Cost": 97422.39,
            "Plan Rows": 1,
            "Plan Width": 8,
            "Actual Startup Time": 370.466,
            "Actual Total Time": 370.47,
            "Actual Rows": 1,
            "Actual Loops": 2,
            "Plans": [
              {
                "Node Type": "Hash Join",
                "Parent Relationship": "Outer",
                "Parallel Aware": true,
                "Join Type": "Inner",
                "Startup Cost": 57576.95,
                "Total Cost": 97119.2,
                "Plan Rows": 121271,
                "Plan Width": 0,
                "Actual Startup Time": 168.066,
                "Actual Total Time": 362.309,
                "Actual Rows": 199459,
                "Actual Loops": 2,
                "Inner Unique": true,
                "Hash Cond": "(mc.movie_id = t.id)",
                "Plans": [
                  {
                    "Node Type": "Seq Scan",
                    "Parent Relationship": "Outer",
                    "Parallel Aware": true,
                    "Relation Name": "movie_companies",
                    "Alias": "mc",
                    "Startup Cost": 0.0,
                    "Total Cost": 37974.77,
                    "Plan Rows": 597134,
                    "Plan Width": 4,
                    "Actual Startup Time": 15.355,
                    "Actual Total Time": 108.843,
                    "Actual Rows": 513243,
                    "Actual Loops": 2,
                    "Filter": "(company_id > 15735)",
                    "Rows Removed by Filter": 791322
                  },
                  {
                    "Node Type": "Hash",
                    "Parent Relationship": "Inner",
                    "Parallel Aware": true,
                    "Startup Cost": 53801.47,
                    "Total Cost": 53801.47,
                    "Plan Rows": 302038,
                    "Plan Width": 4,
                    "Actual Startup Time": 147.099,
                    "Actual Total Time": 147.101,
                    "Actual Rows": 193288,
                    "Actual Loops": 2,
                    "Hash Buckets": 524288,
                    "Original Hash Buckets": 524288,
                    "Hash Batches": 1,
                    "Original Hash Batches": 1,
                    "Peak Memory Usage": 19264,
                    "Plans": [
                      {
                        "Node Type": "Bitmap Heap Scan",
                        "Parent Relationship": "Outer",
                        "Parallel Aware": true,
                        "Relation Name": "title",
                        "Alias": "t",
                        "Startup Cost": 11951.22,
                        "Total Cost": 53801.47,
                        "Plan Rows": 302038,
                        "Plan Width": 4,
                        "Actual Startup Time": 35.922,
                        "Actual Total Time": 103.408,
                        "Actual Rows": 193288,
                        "Actual Loops": 2,
                        "Recheck Cond": "(kind_id = 1)",
                        "Rows Removed by Index Recheck": 0,
                        "Filter": "(production_year > 1979)",
                        "Rows Removed by Filter": 138125,
                        "Exact Heap Blocks": 8057,
                        "Lossy Heap Blocks": 0,
                        "Plans": [
                          {
                            "Node Type": "Bitmap Index Scan",
                            "Parent Relationship": "Outer",
                            "Parallel Aware": false,
                            "Index Name": "kind_id_title",
                            "Startup Cost": 0.0,
                            "Total Cost": 11822.85,
                            "Plan Rows": 663256,
                            "Plan Width": 0,
                            "Actual Startup Time": 34.245,
                            "Actual Total Time": 34.245,
                            "Actual Rows": 662825,
                            "Actual Loops": 1,
                            "Index Cond": "(kind_id = 1)"
                          }
                        ]
                      }
                    ]
                  }
                ]
              }
            ]
          }
        ]
      }
    ]
  },
  "Planning Time": 0.635,
  "Triggers": [],
  "Execution Time": 387.826
}