[
  {
    "Plan": {
      "Node Type": "Aggregate",
      "Strategy": "Plain",
      "Partial Mode": "Finalize",
      "Parallel Aware": false,
      "Startup Cost": 31026.4,
      "Total Cost": 31026.41,
      "Plan Rows": 1,
      "Plan Width": 8,
      "Actual Startup Time": 101.144,
      "Actual Total Time": 109.118,
      "Actual Rows": 1,
      "Actual Loops": 1,
      "Plans": [
        {
          "Node Type": "Gather",
          "Parent Relationship": "Outer",
          "Parallel Aware": false,
          "Startup Cost": 31026.08,
          "Total Cost": 31026.39,
          "Plan Rows": 3,
          "Plan Width": 8,
          "Actual Startup Time": 100.984,
          "Actual Total Time": 109.111,
          "Actual Rows": 4,
          "Actual Loops": 1,
          "Workers Planned": 3,
          "Workers Launched": 3,
          "Single Copy": false,
          "Plans": [
            {
              "Node Type": "Aggregate",
              "Strategy": "Plain",
              "Partial Mode": "Partial",
              "Parent Relationship": "Outer",
              "Parallel Aware": false,
              "Startup Cost": 30026.08,
              "Total Cost": 30026.09,
              "Plan Rows": 1,
              "Plan Width": 8,
              "Actual Startup Time": 92.205,
              "Actual Total Time": 92.207,
              "Actual Rows": 1,
              "Actual Loops": 4,
              "Plans": [
                {
                  "Node Type": "Seq Scan",
                  "Parent Relationship": "Outer",
                  "Parallel Aware": true,
                  "Relation Name": "movie_companies",
                  "Alias": "mc",
                  "Startup Cost": 0.0,
                  "Total Cost": 29310.68,
                  "Plan Rows": 286160,
                  "Plan Width": 0,
                  "Actual Startup Time": 25.731,
                  "Actual Total Time": 82.83,
                  "Actual Rows": 219548,
                  "Actual Loops": 4,
                  "Filter": "(company_id > 23004)",
                  "Rows Removed by Filter": 432734
                }
              ]
            }
          ]
        }
      ]
    },
    "Planning Time": 0.192,
    "Triggers": [],
    "Execution Time": 109.173
  }
]