{
    "Plan": {
        "Node Type": "Aggregate",
        "Strategy": "Plain",
        "Partial Mode": "Finalize",
        "Parallel Aware": false,
        "Startup Cost": 400064.24,
        "Total Cost": 400064.25,
        "Plan Rows": 1,
        "Plan Width": 8,
        "Actual Startup Time": 1281.053,
        "Actual Total Time": 1327.916,
        "Actual Rows": 1,
        "Actual Loops": 1,
        "Output": [
            "count(*)"
        ],
        "Plans": [
            {
                "Node Type": "Gather",
                "Parent Relationship": "Outer",
                "Parallel Aware": false,
                "Startup Cost": 400063.61,
                "Total Cost": 400064.22,
                "Plan Rows": 6,
                "Plan Width": 8,
                "Actual Startup Time": 1277.878,
                "Actual Total Time": 1327.907,
                "Actual Rows": 7,
                "Actual Loops": 1,
                "Output": [
                    "(PARTIAL count(*))"
                ],
                "Workers Planned": 6,
                "Workers Launched": 6,
                "Single Copy": false,
                "Plans": [
                    {
                        "Node Type": "Aggregate",
                        "Strategy": "Plain",
                        "Partial Mode": "Partial",
                        "Parent Relationship": "Outer",
                        "Parallel Aware": false,
                        "Startup Cost": 399063.61,
                        "Total Cost": 399063.62,
                        "Plan Rows": 1,
                        "Plan Width": 8,
                        "Actual Startup Time": 1267.092,
                        "Actual Total Time": 1267.095,
                        "Actual Rows": 1,
                        "Actual Loops": 7,
                        "Output": [
                            "PARTIAL count(*)"
                        ],
                        "Workers": [
                            {
                                "Worker Number": 0,
                                "Actual Startup Time": 1264.699,
                                "Actual Total Time": 1264.702,
                                "Actual Rows": 1,
                                "Actual Loops": 1
                            },
                            {
                                "Worker Number": 1,
                                "Actual Startup Time": 1265.14,
                                "Actual Total Time": 1265.144,
                                "Actual Rows": 1,
                                "Actual Loops": 1
                            },
                            {
                                "Worker Number": 2,
                                "Actual Startup Time": 1265.627,
                                "Actual Total Time": 1265.63,
                                "Actual Rows": 1,
                                "Actual Loops": 1
                            },
                            {
                                "Worker Number": 3,
                                "Actual Startup Time": 1265.378,
                                "Actual Total Time": 1265.381,
                                "Actual Rows": 1,
                                "Actual Loops": 1
                            },
                            {
                                "Worker Number": 4,
                                "Actual Startup Time": 1265.401,
                                "Actual Total Time": 1265.403,
                                "Actual Rows": 1,
                                "Actual Loops": 1
                            },
                            {
                                "Worker Number": 5,
                                "Actual Startup Time": 1266.399,
                                "Actual Total Time": 1266.402,
                                "Actual Rows": 1,
                                "Actual Loops": 1
                            }
                        ],
                        "Plans": [
                            {
                                "Node Type": "Hash Join",
                                "Parent Relationship": "Outer",
                                "Parallel Aware": true,
                                "Join Type": "Inner",
                                "Startup Cost": 45906.63,
                                "Total Cost": 398581.57,
                                "Plan Rows": 192816,
                                "Plan Width": 0,
                                "Actual Startup Time": 300.898,
                                "Actual Total Time": 1255.029,
                                "Actual Rows": 244494,
                                "Actual Loops": 7,
                                "Inner Unique": true,
                                "Hash Cond": "(ci.movie_id = t.id)",
                                "Workers": [
                                    {
                                        "Worker Number": 0,
                                        "Actual Startup Time": 298.437,
                                        "Actual Total Time": 1251.652,
                                        "Actual Rows": 178653,
                                        "Actual Loops": 1
                                    },
                                    {
                                        "Worker Number": 1,
                                        "Actual Startup Time": 298.888,
                                        "Actual Total Time": 1252.665,
                                        "Actual Rows": 207466,
                                        "Actual Loops": 1
                                    },
                                    {
                                        "Worker Number": 2,
                                        "Actual Startup Time": 299.181,
                                        "Actual Total Time": 1254.156,
                                        "Actual Rows": 251560,
                                        "Actual Loops": 1
                                    },
                                    {
                                        "Worker Number": 3,
                                        "Actual Startup Time": 299.247,
                                        "Actual Total Time": 1253.784,
                                        "Actual Rows": 255401,
                                        "Actual Loops": 1
                                    },
                                    {
                                        "Worker Number": 4,
                                        "Actual Startup Time": 299.129,
                                        "Actual Total Time": 1253.861,
                                        "Actual Rows": 252732,
                                        "Actual Loops": 1
                                    },
                                    {
                                        "Worker Number": 5,
                                        "Actual Startup Time": 300.343,
                                        "Actual Total Time": 1254.582,
                                        "Actual Rows": 260601,
                                        "Actual Loops": 1
                                    }
                                ],
                                "Plans": [
                                    {
                                        "Node Type": "Seq Scan",
                                        "Parent Relationship": "Outer",
                                        "Parallel Aware": true,
                                        "Relation Name": "cast_info",
                                        "Schema": "public",
                                        "Alias": "ci",
                                        "Startup Cost": 0.0,
                                        "Total Cost": 343318.94,
                                        "Plan Rows": 3564187,
                                        "Plan Width": 4,
                                        "Actual Startup Time": 208.036,
                                        "Actual Total Time": 699.204,
                                        "Actual Rows": 3236294,
                                        "Actual Loops": 7,
                                        "Output": [
                                            "ci.id",
                                            "ci.person_id",
                                            "ci.movie_id",
                                            "ci.person_role_id",
                                            "ci.note",
                                            "ci.nr_order",
                                            "ci.role_id"
                                        ],
                                        "Filter": "((ci.person_id > 316869) AND (ci.role_id > 1))",
                                        "Rows Removed by Filter": 1941469,
                                        "Workers": [
                                            {
                                                "Worker Number": 0,
                                                "Actual Startup Time": 208.039,
                                                "Actual Total Time": 708.276,
                                                "Actual Rows": 2335228,
                                                "Actual Loops": 1
                                            },
                                            {
                                                "Worker Number": 1,
                                                "Actual Startup Time": 208.031,
                                                "Actual Total Time": 705.844,
                                                "Actual Rows": 2623401,
                                                "Actual Loops": 1
                                            },
                                            {
                                                "Worker Number": 2,
                                                "Actual Startup Time": 208.032,
                                                "Actual Total Time": 701.195,
                                                "Actual Rows": 3371989,
                                                "Actual Loops": 1
                                            },
                                            {
                                                "Worker Number": 3,
                                                "Actual Startup Time": 208.036,
                                                "Actual Total Time": 706.011,
                                                "Actual Rows": 3440293,
                                                "Actual Loops": 1
                                            },
                                            {
                                                "Worker Number": 4,
                                                "Actual Startup Time": 208.04,
                                                "Actual Total Time": 700.677,
                                                "Actual Rows": 3373644,
                                                "Actual Loops": 1
                                            },
                                            {
                                                "Worker Number": 5,
                                                "Actual Startup Time": 208.031,
                                                "Actual Total Time": 694.996,
                                                "Actual Rows": 3451844,
                                                "Actual Loops": 1
                                            }
                                        ]
                                    },
                                    {
                                        "Node Type": "Hash",
                                        "Parent Relationship": "Inner",
                                        "Parallel Aware": true,
                                        "Startup Cost": 45479.21,
                                        "Total Cost": 45479.21,
                                        "Plan Rows": 34194,
                                        "Plan Width": 4,
                                        "Actual Startup Time": 90.873,
                                        "Actual Total Time": 90.874,
                                        "Actual Rows": 38534,
                                        "Actual Loops": 7,
                                        "Output": [
                                            "t.id"
                                        ],
                                        "Hash Buckets": 524288,
                                        "Original Hash Buckets": 262144,
                                        "Hash Batches": 1,
                                        "Original Hash Batches": 1,
                                        "Peak Memory Usage": 16832,
                                        "Workers": [
                                            {
                                                "Worker Number": 0,
                                                "Actual Startup Time": 89.711,
                                                "Actual Total Time": 89.712,
                                                "Actual Rows": 27252,
                                                "Actual Loops": 1
                                            },
                                            {
                                                "Worker Number": 1,
                                                "Actual Startup Time": 90.163,
                                                "Actual Total Time": 90.165,
                                                "Actual Rows": 38785,
                                                "Actual Loops": 1
                                            },
                                            {
                                                "Worker Number": 2,
                                                "Actual Startup Time": 90.359,
                                                "Actual Total Time": 90.359,
                                                "Actual Rows": 38740,
                                                "Actual Loops": 1
                                            },
                                            {
                                                "Worker Number": 3,
                                                "Actual Startup Time": 90.395,
                                                "Actual Total Time": 90.396,
                                                "Actual Rows": 38811,
                                                "Actual Loops": 1
                                            },
                                            {
                                                "Worker Number": 4,
                                                "Actual Startup Time": 90.372,
                                                "Actual Total Time": 90.373,
                                                "Actual Rows": 38824,
                                                "Actual Loops": 1
                                            },
                                            {
                                                "Worker Number": 5,
                                                "Actual Startup Time": 91.468,
                                                "Actual Total Time": 91.468,
                                                "Actual Rows": 38703,
                                                "Actual Loops": 1
                                            }
                                        ],
                                        "Plans": [
                                            {
                                                "Node Type": "Seq Scan",
                                                "Parent Relationship": "Outer",
                                                "Parallel Aware": true,
                                                "Relation Name": "title",
                                                "Schema": "public",
                                                "Alias": "t",
                                                "Startup Cost": 0.0,
                                                "Total Cost": 45479.21,
                                                "Plan Rows": 34194,
                                                "Plan Width": 4,
                                                "Actual Startup Time": 44.751,
                                                "Actual Total Time": 69.411,
                                                "Actual Rows": 38534,
                                                "Actual Loops": 7,
                                                "Output": [
                                                    "t.id"
                                                ],
                                                "Filter": "((t.production_year < 1980) AND (t.kind_id = 1))",
                                                "Rows Removed by Filter": 322654,
                                                "Workers": [
                                                    {
                                                        "Worker Number": 0,
                                                        "Actual Startup Time": 44.334,
                                                        "Actual Total Time": 68.734,
                                                        "Actual Rows": 27252,
                                                        "Actual Loops": 1
                                                    },
                                                    {
                                                        "Worker Number": 1,
                                                        "Actual Startup Time": 43.781,
                                                        "Actual Total Time": 69.094,
                                                        "Actual Rows": 38785,
                                                        "Actual Loops": 1
                                                    },
                                                    {
                                                        "Worker Number": 2,
                                                        "Actual Startup Time": 44.189,
                                                        "Actual Total Time": 69.442,
                                                        "Actual Rows": 38740,
                                                        "Actual Loops": 1
                                                    },
                                                    {
                                                        "Worker Number": 3,
                                                        "Actual Startup Time": 43.962,
                                                        "Actual Total Time": 69.44,
                                                        "Actual Rows": 38811,
                                                        "Actual Loops": 1
                                                    },
                                                    {
                                                        "Worker Number": 4,
                                                        "Actual Startup Time": 44.208,
                                                        "Actual Total Time": 69.302,
                                                        "Actual Rows": 38824,
                                                        "Actual Loops": 1
                                                    },
                                                    {
                                                        "Worker Number": 5,
                                                        "Actual Startup Time": 45.483,
                                                        "Actual Total Time": 70.027,
                                                        "Actual Rows": 38703,
                                                        "Actual Loops": 1
                                                    }
                                                ]
                                            }
                                        ]
                                    }
                                ]
                            }
                        ]
                    }
                ]
            }
        ]
    },
    "Planning Time": 0.75,
    "Triggers": [],
    "Execution Time": 1328.002
}