[
  {
    "Plan": {
      "Node Type": "Aggregate",
      "Strategy": "Plain",
      "Partial Mode": "Finalize",
      "Parallel Aware": false,
      "Startup Cost": 91195.52,
      "Total Cost": 91195.53,
      "Plan Rows": 1,
      "Plan Width": 8,
      "Actual Startup Time": 353.44,
      "Actual Total Time": 369.34,
      "Actual Rows": 1,
      "Actual Loops": 1,
      "Plans": [
        {
          "Node Type": "Gather",
          "Parent Relationship": "Outer",
          "Parallel Aware": false,
          "Startup Cost": 91195.21,
          "Total Cost": 91195.52,
          "Plan Rows": 3,
          "Plan Width": 8,
          "Actual Startup Time": 350.143,
          "Actual Total Time": 369.329,
          "Actual Rows": 4,
          "Actual Loops": 1,
          "Workers Planned": 3,
          "Workers Launched": 3,
          "Single Copy": false,
          "Plans": [
            {
              "Node Type": "Aggregate",
              "Strategy": "Plain",
              "Partial Mode": "Partial",
              "Parent Relationship": "Outer",
              "Parallel Aware": false,
              "Startup Cost": 90195.21,
              "Total Cost": 90195.22,
              "Plan Rows": 1,
              "Plan Width": 8,
              "Actual Startup Time": 341.747,
              "Actual Total Time": 341.75,
              "Actual Rows": 1,
              "Actual Loops": 4,
              "Plans": [
                {
                  "Node Type": "Hash Join",
                  "Parent Relationship": "Outer",
                  "Parallel Aware": true,
                  "Join Type": "Inner",
                  "Startup Cost": 45763.83,
                  "Total Cost": 89876.63,
                  "Plan Rows": 127429,
                  "Plan Width": 0,
                  "Actual Startup Time": 170.888,
                  "Actual Total Time": 335.362,
                  "Actual Rows": 138196,
                  "Actual Loops": 4,
                  "Inner Unique": true,
                  "Hash Cond": "(mk.movie_id = t.id)",
                  "Plans": [
                    {
                      "Node Type": "Seq Scan",
                      "Parent Relationship": "Outer",
                      "Parallel Aware": true,
                      "Relation Name": "movie_keyword",
                      "Alias": "mk",
                      "Startup Cost": 0.0,
                      "Total Cost": 42695.65,
                      "Plan Rows": 539868,
                      "Plan Width": 4,
                      "Actual Startup Time": 0.578,
                      "Actual Total Time": 106.316,
                      "Actual Rows": 420275,
                      "Actual Loops": 4,
                      "Filter": "(keyword_id > 8647)",
                      "Rows Removed by Filter": 710707
                    },
                    {
                      "Node Type": "Hash",
                      "Parent Relationship": "Inner",
                      "Parallel Aware": true,
                      "Startup Cost": 43898.92,
                      "Total Cost": 43898.92,
                      "Plan Rows": 149193,
                      "Plan Width": 4,
                      "Actual Startup Time": 165.15,
                      "Actual Total Time": 165.151,
                      "Actual Rows": 150853,
                      "Actual Loops": 4,
                      "Hash Buckets": 1048576,
                      "Original Hash Buckets": 1048576,
                      "Hash Batches": 1,
                      "Original Hash Batches": 1,
                      "Peak Memory Usage": 31872,
                      "Plans": [
                        {
                          "Node Type": "Seq Scan",
                          "Parent Relationship": "Outer",
                          "Parallel Aware": true,
                          "Relation Name": "title",
                          "Alias": "t",
                          "Startup Cost": 0.0,
                          "Total Cost": 43898.92,
                          "Plan Rows": 149193,
                          "Plan Width": 4,
                          "Actual Startup Time": 0.037,
                          "Actual Total Time": 105.132,
                          "Actual Rows": 150853,
                          "Actual Loops": 4,
                          "Filter": "(production_year < 1986)",
                          "Rows Removed by Filter": 481225
                        }
                      ]
                    }
                  ]
                }
              ]
            }
          ]
        }
      ]
    },
    "Planning Time": 0.669,
    "Triggers": [],
    "Execution Time": 369.413
  }
]