{
    "Plan": {
        "Node Type": "Aggregate",
        "Strategy": "Plain",
        "Partial Mode": "Finalize",
        "Parallel Aware": false,
        "Startup Cost": 122551.28,
        "Total Cost": 122551.29,
        "Plan Rows": 1,
        "Plan Width": 8,
        "Actual Startup Time": 932.591,
        "Actual Total Time": 956.237,
        "Actual Rows": 1,
        "Actual Loops": 1,
        "Output": [
            "count(*)"
        ],
        "Plans": [
            {
                "Node Type": "Gather",
                "Parent Relationship": "Outer",
                "Parallel Aware": false,
                "Startup Cost": 122550.97,
                "Total Cost": 122551.28,
                "Plan Rows": 3,
                "Plan Width": 8,
                "Actual Startup Time": 923.782,
                "Actual Total Time": 956.228,
                "Actual Rows": 4,
                "Actual Loops": 1,
                "Output": [
                    "(PARTIAL count(*))"
                ],
                "Workers Planned": 3,
                "Workers Launched": 3,
                "Single Copy": false,
                "Plans": [
                    {
                        "Node Type": "Aggregate",
                        "Strategy": "Plain",
                        "Partial Mode": "Partial",
                        "Parent Relationship": "Outer",
                        "Parallel Aware": false,
                        "Startup Cost": 121550.97,
                        "Total Cost": 121550.98,
                        "Plan Rows": 1,
                        "Plan Width": 8,
                        "Actual Startup Time": 908.654,
                        "Actual Total Time": 908.66,
                        "Actual Rows": 1,
                        "Actual Loops": 4,
                        "Output": [
                            "PARTIAL count(*)"
                        ],
                        "Workers": [
                            {
                                "Worker Number": 0,
                                "Actual Startup Time": 903.862,
                                "Actual Total Time": 903.868,
                                "Actual Rows": 1,
                                "Actual Loops": 1
                            },
                            {
                                "Worker Number": 1,
                                "Actual Startup Time": 903.863,
                                "Actual Total Time": 903.867,
                                "Actual Rows": 1,
                                "Actual Loops": 1
                            },
                            {
                                "Worker Number": 2,
                                "Actual Startup Time": 903.926,
                                "Actual Total Time": 903.93,
                                "Actual Rows": 1,
                                "Actual Loops": 1
                            }
                        ],
                        "Plans": [
                            {
                                "Node Type": "Hash Join",
                                "Parent Relationship": "Outer",
                                "Parallel Aware": true,
                                "Join Type": "Inner",
                                "Startup Cost": 73331.89,
                                "Total Cost": 120560.91,
                                "Plan Rows": 396023,
                                "Plan Width": 0,
                                "Actual Startup Time": 580.257,
                                "Actual Total Time": 855.266,
                                "Actual Rows": 1389128,
                                "Actual Loops": 4,
                                "Inner Unique": false,
                                "Hash Cond": "(mk.movie_id = t.id)",
                                "Workers": [
                                    {
                                        "Worker Number": 0,
                                        "Actual Startup Time": 575.999,
                                        "Actual Total Time": 851.295,
                                        "Actual Rows": 1373444,
                                        "Actual Loops": 1
                                    },
                                    {
                                        "Worker Number": 1,
                                        "Actual Startup Time": 575.998,
                                        "Actual Total Time": 851.302,
                                        "Actual Rows": 1375265,
                                        "Actual Loops": 1
                                    },
                                    {
                                        "Worker Number": 2,
                                        "Actual Startup Time": 576.052,
                                        "Actual Total Time": 851.628,
                                        "Actual Rows": 1370081,
                                        "Actual Loops": 1
                                    }
                                ],
                                "Plans": [
                                    {
                                        "Node Type": "Seq Scan",
                                        "Parent Relationship": "Outer",
                                        "Parallel Aware": true,
                                        "Relation Name": "movie_keyword",
                                        "Schema": "public",
                                        "Alias": "mk",
                                        "Startup Cost": 0.0,
                                        "Total Cost": 42695.65,
                                        "Plan Rows": 768873,
                                        "Plan Width": 4,
                                        "Actual Startup Time": 0.394,
                                        "Actual Total Time": 115.006,
                                        "Actual Rows": 595946,
                                        "Actual Loops": 4,
                                        "Output": [
                                            "mk.id",
                                            "mk.movie_id",
                                            "mk.keyword_id"
                                        ],
                                        "Filter": "(mk.keyword_id > 3991)",
                                        "Rows Removed by Filter": 535036,
                                        "Workers": [
                                            {
                                                "Worker Number": 0,
                                                "Actual Startup Time": 0.438,
                                                "Actual Total Time": 119.49,
                                                "Actual Rows": 590262,
                                                "Actual Loops": 1
                                            },
                                            {
                                                "Worker Number": 1,
                                                "Actual Startup Time": 0.396,
                                                "Actual Total Time": 119.663,
                                                "Actual Rows": 589490,
                                                "Actual Loops": 1
                                            },
                                            {
                                                "Worker Number": 2,
                                                "Actual Startup Time": 0.364,
                                                "Actual Total Time": 120.126,
                                                "Actual Rows": 588709,
                                                "Actual Loops": 1
                                            }
                                        ]
                                    },
                                    {
                                        "Node Type": "Hash",
                                        "Parent Relationship": "Inner",
                                        "Parallel Aware": true,
                                        "Startup Cost": 66549.29,
                                        "Total Cost": 66549.29,
                                        "Plan Rows": 542608,
                                        "Plan Width": 8,
                                        "Actual Startup Time": 571.616,
                                        "Actual Total Time": 571.62,
                                        "Actual Rows": 341261,
                                        "Actual Loops": 4,
                                        "Output": [
                                            "t.id",
                                            "mi_idx.movie_id"
                                        ],
                                        "Hash Buckets": 2097152,
                                        "Original Hash Buckets": 2097152,
                                        "Hash Batches": 1,
                                        "Original Hash Batches": 1,
                                        "Peak Memory Usage": 69824,
                                        "Workers": [
                                            {
                                                "Worker Number": 0,
                                                "Actual Startup Time": 574.908,
                                                "Actual Total Time": 574.912,
                                                "Actual Rows": 347541,
                                                "Actual Loops": 1
                                            },
                                            {
                                                "Worker Number": 1,
                                                "Actual Startup Time": 574.903,
                                                "Actual Total Time": 574.906,
                                                "Actual Rows": 351585,
                                                "Actual Loops": 1
                                            },
                                            {
                                                "Worker Number": 2,
                                                "Actual Startup Time": 574.946,
                                                "Actual Total Time": 574.949,
                                                "Actual Rows": 346758,
                                                "Actual Loops": 1
                                            }
                                        ],
                                        "Plans": [
                                            {
                                                "Node Type": "Hash Join",
                                                "Parent Relationship": "Outer",
                                                "Parallel Aware": true,
                                                "Join Type": "Inner",
                                                "Startup Cost": 51354.73,
                                                "Total Cost": 66549.29,
                                                "Plan Rows": 542608,
                                                "Plan Width": 8,
                                                "Actual Startup Time": 356.448,
                                                "Actual Total Time": 480.509,
                                                "Actual Rows": 341261,
                                                "Actual Loops": 4,
                                                "Output": [
                                                    "t.id",
                                                    "mi_idx.movie_id"
                                                ],
                                                "Inner Unique": true,
                                                "Hash Cond": "(mi_idx.movie_id = t.id)",
                                                "Workers": [
                                                    {
                                                        "Worker Number": 0,
                                                        "Actual Startup Time": 356.371,
                                                        "Actual Total Time": 480.038,
                                                        "Actual Rows": 347541,
                                                        "Actual Loops": 1
                                                    },
                                                    {
                                                        "Worker Number": 1,
                                                        "Actual Startup Time": 356.347,
                                                        "Actual Total Time": 479.967,
                                                        "Actual Rows": 351585,
                                                        "Actual Loops": 1
                                                    },
                                                    {
                                                        "Worker Number": 2,
                                                        "Actual Startup Time": 356.457,
                                                        "Actual Total Time": 480.044,
                                                        "Actual Rows": 346758,
                                                        "Actual Loops": 1
                                                    }
                                                ],
                                                "Plans": [
                                                    {
                                                        "Node Type": "Seq Scan",
                                                        "Parent Relationship": "Outer",
                                                        "Parallel Aware": true,
                                                        "Relation Name": "movie_info_idx",
                                                        "Schema": "public",
                                                        "Alias": "mi_idx",
                                                        "Startup Cost": 0.0,
                                                        "Total Cost": 13685.15,
                                                        "Plan Rows": 575015,
                                                        "Plan Width": 4,
                                                        "Actual Startup Time": 0.008,
                                                        "Actual Total Time": 28.285,
                                                        "Actual Rows": 345009,
                                                        "Actual Loops": 4,
                                                        "Output": [
                                                            "mi_idx.id",
                                                            "mi_idx.movie_id",
                                                            "mi_idx.info_type_id",
                                                            "mi_idx.info",
                                                            "mi_idx.note"
                                                        ],
                                                        "Workers": [
                                                            {
                                                                "Worker Number": 0,
                                                                "Actual Startup Time": 0.008,
                                                                "Actual Total Time": 29.28,
                                                                "Actual Rows": 351400,
                                                                "Actual Loops": 1
                                                            },
                                                            {
                                                                "Worker Number": 1,
                                                                "Actual Startup Time": 0.007,
                                                                "Actual Total Time": 28.964,
                                                                "Actual Rows": 355519,
                                                                "Actual Loops": 1
                                                            },
                                                            {
                                                                "Worker Number": 2,
                                                                "Actual Startup Time": 0.008,
                                                                "Actual Total Time": 29.141,
                                                                "Actual Rows": 350469,
                                                                "Actual Loops": 1
                                                            }
                                                        ]
                                                    },
                                                    {
                                                        "Node Type": "Hash",
                                                        "Parent Relationship": "Inner",
                                                        "Parallel Aware": true,
                                                        "Startup Cost": 43899.01,
                                                        "Total Cost": 43899.01,
                                                        "Plan Rows": 596458,
                                                        "Plan Width": 4,
                                                        "Actual Startup Time": 349.289,
                                                        "Actual Total Time": 349.29,
                                                        "Actual Rows": 597219,
                                                        "Actual Loops": 4,
                                                        "Output": [
                                                            "t.id"
                                                        ],
                                                        "Hash Buckets": 4194304,
                                                        "Original Hash Buckets": 4194304,
                                                        "Hash Batches": 1,
                                                        "Original Hash Batches": 1,
                                                        "Peak Memory Usage": 126272,
                                                        "Workers": [
                                                            {
                                                                "Worker Number": 0,
                                                                "Actual Startup Time": 356.264,
                                                                "Actual Total Time": 356.265,
                                                                "Actual Rows": 589396,
                                                                "Actual Loops": 1
                                                            },
                                                            {
                                                                "Worker Number": 1,
                                                                "Actual Startup Time": 356.254,
                                                                "Actual Total Time": 356.255,
                                                                "Actual Rows": 587682,
                                                                "Actual Loops": 1
                                                            },
                                                            {
                                                                "Worker Number": 2,
                                                                "Actual Startup Time": 356.357,
                                                                "Actual Total Time": 356.358,
                                                                "Actual Rows": 588862,
                                                                "Actual Loops": 1
                                                            }
                                                        ],
                                                        "Plans": [
                                                            {
                                                                "Node Type": "Seq Scan",
                                                                "Parent Relationship": "Outer",
                                                                "Parallel Aware": true,
                                                                "Relation Name": "title",
                                                                "Schema": "public",
                                                                "Alias": "t",
                                                                "Startup Cost": 0.0,
                                                                "Total Cost": 43899.01,
                                                                "Plan Rows": 596458,
                                                                "Plan Width": 4,
                                                                "Actual Startup Time": 0.071,
                                                                "Actual Total Time": 111.687,
                                                                "Actual Rows": 597219,
                                                                "Actual Loops": 4,
                                                                "Output": [
                                                                    "t.id"
                                                                ],
                                                                "Filter": "(t.production_year < 2013)",
                                                                "Rows Removed by Filter": 34859,
                                                                "Workers": [
                                                                    {
                                                                        "Worker Number": 0,
                                                                        "Actual Startup Time": 0.082,
                                                                        "Actual Total Time": 116.098,
                                                                        "Actual Rows": 589396,
                                                                        "Actual Loops": 1
                                                                    },
                                                                    {
                                                                        "Worker Number": 1,
                                                                        "Actual Startup Time": 0.092,
                                                                        "Actual Total Time": 115.782,
                                                                        "Actual Rows": 587682,
                                                                        "Actual Loops": 1
                                                                    },
                                                                    {
                                                                        "Worker Number": 2,
                                                                        "Actual Startup Time": 0.089,
                                                                        "Actual Total Time": 115.586,
                                                                        "Actual Rows": 588862,
                                                                        "Actual Loops": 1
                                                                    }
                                                                ]
                                                            }
                                                        ]
                                                    }
                                                ]
                                            }
                                        ]
                                    }
                                ]
                            }
                        ]
                    }
                ]
            }
        ]
    },
    "Planning Time": 1.513,
    "Triggers": [],
    "Execution Time": 956.335
}