[
    {
        "Bao": {
            "Bao prediction": "NaN",
            "Bao recommended hint": "(no hint)"
        }
    },
    {
        "Plan": {
            "Node Type": "Aggregate",
            "Strategy": "Plain",
            "Partial Mode": "Finalize",
            "Parallel Aware": false,
            "Startup Cost": 29753.55,
            "Total Cost": 29753.56,
            "Plan Rows": 1,
            "Plan Width": 8,
            "Actual Startup Time": 67.694,
            "Actual Total Time": 71.541,
            "Actual Rows": 1,
            "Actual Loops": 1,
            "Output": [
                "count(*)"
            ],
            "Plans": [
                {
                    "Node Type": "Gather",
                    "Parent Relationship": "Outer",
                    "Parallel Aware": false,
                    "Startup Cost": 29753.23,
                    "Total Cost": 29753.54,
                    "Plan Rows": 3,
                    "Plan Width": 8,
                    "Actual Startup Time": 67.574,
                    "Actual Total Time": 71.535,
                    "Actual Rows": 4,
                    "Actual Loops": 1,
                    "Output": [
                        "(PARTIAL count(*))"
                    ],
                    "Workers Planned": 3,
                    "Workers Launched": 3,
                    "Single Copy": false,
                    "Plans": [
                        {
                            "Node Type": "Aggregate",
                            "Strategy": "Plain",
                            "Partial Mode": "Partial",
                            "Parent Relationship": "Outer",
                            "Parallel Aware": false,
                            "Startup Cost": 28753.23,
                            "Total Cost": 28753.24,
                            "Plan Rows": 1,
                            "Plan Width": 8,
                            "Actual Startup Time": 58.879,
                            "Actual Total Time": 58.883,
                            "Actual Rows": 1,
                            "Actual Loops": 4,
                            "Output": [
                                "PARTIAL count(*)"
                            ],
                            "Workers": [
                                {
                                    "Worker Number": 0,
                                    "Actual Startup Time": 55.915,
                                    "Actual Total Time": 55.916,
                                    "Actual Rows": 1,
                                    "Actual Loops": 1
                                },
                                {
                                    "Worker Number": 1,
                                    "Actual Startup Time": 56.136,
                                    "Actual Total Time": 56.137,
                                    "Actual Rows": 1,
                                    "Actual Loops": 1
                                },
                                {
                                    "Worker Number": 2,
                                    "Actual Startup Time": 56.173,
                                    "Actual Total Time": 56.184,
                                    "Actual Rows": 1,
                                    "Actual Loops": 1
                                }
                            ],
                            "Plans": [
                                {
                                    "Node Type": "Bitmap Heap Scan",
                                    "Parent Relationship": "Outer",
                                    "Parallel Aware": true,
                                    "Relation Name": "movie_companies",
                                    "Schema": "public",
                                    "Alias": "mc",
                                    "Startup Cost": 8144.86,
                                    "Total Cost": 28450.17,
                                    "Plan Rows": 121225,
                                    "Plan Width": 0,
                                    "Actual Startup Time": 17.23,
                                    "Actual Total Time": 52.226,
                                    "Actual Rows": 95052,
                                    "Actual Loops": 4,
                                    "Recheck Cond": "(mc.company_id > 84256)",
                                    "Rows Removed by Index Recheck": 0,
                                    "Exact Heap Blocks": 3616,
                                    "Lossy Heap Blocks": 0,
                                    "Workers": [
                                        {
                                            "Worker Number": 0,
                                            "Actual Startup Time": 14.425,
                                            "Actual Total Time": 49.936,
                                            "Actual Rows": 53242,
                                            "Actual Loops": 1
                                        },
                                        {
                                            "Worker Number": 1,
                                            "Actual Startup Time": 14.511,
                                            "Actual Total Time": 50.24,
                                            "Actual Rows": 52128,
                                            "Actual Loops": 1
                                        },
                                        {
                                            "Worker Number": 2,
                                            "Actual Startup Time": 14.536,
                                            "Actual Total Time": 50.445,
                                            "Actual Rows": 53310,
                                            "Actual Loops": 1
                                        }
                                    ],
                                    "Plans": [
                                        {
                                            "Node Type": "Bitmap Index Scan",
                                            "Parent Relationship": "Outer",
                                            "Parallel Aware": false,
                                            "Index Name": "company_id_movie_companies",
                                            "Startup Cost": 0.0,
                                            "Total Cost": 8050.91,
                                            "Plan Rows": 375797,
                                            "Plan Width": 0,
                                            "Actual Startup Time": 24.664,
                                            "Actual Total Time": 24.664,
                                            "Actual Rows": 380206,
                                            "Actual Loops": 1,
                                            "Index Cond": "(mc.company_id > 84256)"
                                        }
                                    ]
                                }
                            ]
                        }
                    ]
                }
            ]
        },
        "Planning Time": 201.975,
        "Triggers": [],
        "Execution Time": 71.6
    }
]