[
  {
    "Plan": {
      "Node Type": "Aggregate",
      "Strategy": "Plain",
      "Partial Mode": "Finalize",
      "Parallel Aware": false,
      "Startup Cost": 132482.07,
      "Total Cost": 132482.08,
      "Plan Rows": 1,
      "Plan Width": 8,
      "Actual Startup Time": 684.664,
      "Actual Total Time": 703.472,
      "Actual Rows": 1,
      "Actual Loops": 1,
      "Plans": [
        {
          "Node Type": "Gather",
          "Parent Relationship": "Outer",
          "Parallel Aware": false,
          "Startup Cost": 132481.75,
          "Total Cost": 132482.06,
          "Plan Rows": 3,
          "Plan Width": 8,
          "Actual Startup Time": 673.528,
          "Actual Total Time": 703.463,
          "Actual Rows": 4,
          "Actual Loops": 1,
          "Workers Planned": 3,
          "Workers Launched": 3,
          "Single Copy": false,
          "Plans": [
            {
              "Node Type": "Aggregate",
              "Strategy": "Plain",
              "Partial Mode": "Partial",
              "Parent Relationship": "Outer",
              "Parallel Aware": false,
              "Startup Cost": 131481.75,
              "Total Cost": 131481.76,
              "Plan Rows": 1,
              "Plan Width": 8,
              "Actual Startup Time": 664.445,
              "Actual Total Time": 664.681,
              "Actual Rows": 1,
              "Actual Loops": 4,
              "Plans": [
                {
                  "Node Type": "Hash Join",
                  "Parent Relationship": "Outer",
                  "Parallel Aware": true,
                  "Join Type": "Inner",
                  "Startup Cost": 85246.89,
                  "Total Cost": 130962.64,
                  "Plan Rows": 207645,
                  "Plan Width": 0,
                  "Actual Startup Time": 499.149,
                  "Actual Total Time": 658.22,
                  "Actual Rows": 165091,
                  "Actual Loops": 4,
                  "Inner Unique": false,
                  "Hash Cond": "(mk.movie_id = t.id)",
                  "Plans": [
                    {
                      "Node Type": "Seq Scan",
                      "Parent Relationship": "Outer",
                      "Parallel Aware": true,
                      "Relation Name": "movie_keyword",
                      "Alias": "mk",
                      "Startup Cost": 0.0,
                      "Total Cost": 42695.65,
                      "Plan Rows": 626740,
                      "Plan Width": 4,
                      "Actual Startup Time": 0.403,
                      "Actual Total Time": 98.833,
                      "Actual Rows": 485702,
                      "Actual Loops": 4,
                      "Filter": "(keyword_id > 6740)",
                      "Rows Removed by Filter": 645280
                    },
                    {
                      "Node Type": "Hash",
                      "Parent Relationship": "Inner",
                      "Parallel Aware": true,
                      "Startup Cost": 81869.28,
                      "Total Cost": 81869.28,
                      "Plan Rows": 270209,
                      "Plan Width": 8,
                      "Actual Startup Time": 493.527,
                      "Actual Total Time": 493.759,
                      "Actual Rows": 137776,
                      "Actual Loops": 4,
                      "Hash Buckets": 1048576,
                      "Original Hash Buckets": 1048576,
                      "Hash Batches": 1,
                      "Original Hash Batches": 1,
                      "Peak Memory Usage": 29824,
                      "Plans": [
                        {
                          "Node Type": "Hash Join",
                          "Parent Relationship": "Outer",
                          "Parallel Aware": true,
                          "Join Type": "Inner",
                          "Startup Cost": 49443.78,
                          "Total Cost": 81869.28,
                          "Plan Rows": 270209,
                          "Plan Width": 8,
                          "Actual Startup Time": 303.426,
                          "Actual Total Time": 445.448,
                          "Actual Rows": 137776,
                          "Actual Loops": 4,
                          "Inner Unique": true,
                          "Hash Cond": "(mc.movie_id = t.id)",
                          "Plans": [
                            {
                              "Node Type": "Seq Scan",
                              "Parent Relationship": "Outer",
                              "Parallel Aware": true,
                              "Relation Name": "movie_companies",
                              "Alias": "mc",
                              "Startup Cost": 0.0,
                              "Total Cost": 31414.82,
                              "Plan Rows": 385023,
                              "Plan Width": 4,
                              "Actual Startup Time": 31.028,
                              "Actual Total Time": 70.076,
                              "Actual Rows": 318773,
                              "Actual Loops": 4,
                              "Filter": "((company_id > 125) AND (company_type_id > 1))",
                              "Rows Removed by Filter": 333510
                            },
                            {
                              "Node Type": "Hash",
                              "Parent Relationship": "Inner",
                              "Parallel Aware": true,
                              "Startup Cost": 43898.92,
                              "Total Cost": 43898.92,
                              "Plan Rows": 443589,
                              "Plan Width": 4,
                              "Actual Startup Time": 267.765,
                              "Actual Total Time": 267.766,
                              "Actual Rows": 443659,
                              "Actual Loops": 4,
                              "Hash Buckets": 2097152,
                              "Original Hash Buckets": 2097152,
                              "Hash Batches": 1,
                              "Original Hash Batches": 1,
                              "Peak Memory Usage": 85856,
                              "Plans": [
                                {
                                  "Node Type": "Seq Scan",
                                  "Parent Relationship": "Outer",
                                  "Parallel Aware": true,
                                  "Relation Name": "title",
                                  "Alias": "t",
                                  "Startup Cost": 0.0,
                                  "Total Cost": 43898.92,
                                  "Plan Rows": 443589,
                                  "Plan Width": 4,
                                  "Actual Startup Time": 0.051,
                                  "Actual Total Time": 103.379,
                                  "Actual Rows": 443659,
                                  "Actual Loops": 4,
                                  "Filter": "(kind_id > 2)",
                                  "Rows Removed by Filter": 188419
                                }
                              ]
                            }
                          ]
                        }
                      ]
                    }
                  ]
                }
              ]
            }
          ]
        }
      ]
    },
    "Planning Time": 1.399,
    "Triggers": [],
    "Execution Time": 703.583
  }
]