[
  {
    "Plan": {
      "Node Type": "Aggregate",
      "Strategy": "Plain",
      "Partial Mode": "Finalize",
      "Parallel Aware": false,
      "Startup Cost": 32013.36,
      "Total Cost": 32013.37,
      "Plan Rows": 1,
      "Plan Width": 8,
      "Actual Startup Time": 112.792,
      "Actual Total Time": 120.836,
      "Actual Rows": 1,
      "Actual Loops": 1,
      "Plans": [
        {
          "Node Type": "Gather",
          "Parent Relationship": "Outer",
          "Parallel Aware": false,
          "Startup Cost": 32013.05,
          "Total Cost": 32013.36,
          "Plan Rows": 3,
          "Plan Width": 8,
          "Actual Startup Time": 112.592,
          "Actual Total Time": 120.827,
          "Actual Rows": 4,
          "Actual Loops": 1,
          "Workers Planned": 3,
          "Workers Launched": 3,
          "Single Copy": false,
          "Plans": [
            {
              "Node Type": "Aggregate",
              "Strategy": "Plain",
              "Partial Mode": "Partial",
              "Parent Relationship": "Outer",
              "Parallel Aware": false,
              "Startup Cost": 31013.05,
              "Total Cost": 31013.06,
              "Plan Rows": 1,
              "Plan Width": 8,
              "Actual Startup Time": 106.129,
              "Actual Total Time": 106.13,
              "Actual Rows": 1,
              "Actual Loops": 4,
              "Plans": [
                {
                  "Node Type": "Seq Scan",
                  "Parent Relationship": "Outer",
                  "Parallel Aware": true,
                  "Relation Name": "movie_companies",
                  "Alias": "mc",
                  "Startup Cost": 0.0,
                  "Total Cost": 29310.68,
                  "Plan Rows": 680946,
                  "Plan Width": 0,
                  "Actual Startup Time": 0.185,
                  "Actual Total Time": 82.786,
                  "Actual Rows": 528554,
                  "Actual Loops": 4,
                  "Filter": "(company_id > 436)",
                  "Rows Removed by Filter": 123728
                }
              ]
            }
          ]
        }
      ]
    },
    "Planning Time": 0.158,
    "Triggers": [],
    "Execution Time": 120.884
  }
]