{
  "Plan": {
    "Node Type": "Aggregate",
    "Strategy": "Plain",
    "Partial Mode": "Finalize",
    "Parallel Aware": false,
    "Startup Cost": 675644.66,
    "Total Cost": 675644.67,
    "Plan Rows": 1,
    "Plan Width": 8,
    "Actual Startup Time": 2412.95,
    "Actual Total Time": 2466.333,
    "Actual Rows": 1,
    "Actual Loops": 1,
    "Plans": [
      {
        "Node Type": "Gather",
        "Parent Relationship": "Outer",
        "Parallel Aware": false,
        "Startup Cost": 675644.55,
        "Total Cost": 675644.66,
        "Plan Rows": 1,
        "Plan Width": 8,
        "Actual Startup Time": 2412.296,
        "Actual Total Time": 2466.325,
        "Actual Rows": 2,
        "Actual Loops": 1,
        "Workers Planned": 1,
        "Workers Launched": 1,
        "Single Copy": false,
        "Plans": [
          {
            "Node Type": "Aggregate",
            "Strategy": "Plain",
            "Partial Mode": "Partial",
            "Parent Relationship": "Outer",
            "Parallel Aware": false,
            "Startup Cost": 674644.55,
            "Total Cost": 674644.56,
            "Plan Rows": 1,
            "Plan Width": 8,
            "Actual Startup Time": 2409.392,
            "Actual Total Time": 2409.397,
            "Actual Rows": 1,
            "Actual Loops": 2,
            "Plans": [
              {
                "Node Type": "Hash Join",
                "Parent Relationship": "Outer",
                "Parallel Aware": true,
                "Join Type": "Inner",
                "Startup Cost": 654616.93,
                "Total Cost": 674562.87,
                "Plan Rows": 32672,
                "Plan Width": 0,
                "Actual Startup Time": 2316.749,
                "Actual Total Time": 2407.098,
                "Actual Rows": 54258,
                "Actual Loops": 2,
                "Inner Unique": false,
                "Hash Cond": "(mi_idx.movie_id = t.id)",
                "Plans": [
                  {
                    "Node Type": "Seq Scan",
                    "Parent Relationship": "Outer",
                    "Parallel Aware": true,
                    "Relation Name": "movie_info_idx",
                    "Alias": "mi_idx",
                    "Startup Cost": 0.0,
                    "Total Cost": 18082.32,
                    "Plan Rows": 267429,
                    "Plan Width": 4,
                    "Actual Startup Time": 0.024,
                    "Actual Total Time": 48.179,
                    "Actual Rows": 229962,
                    "Actual Loops": 2,
                    "Filter": "(info_type_id = 99)",
                    "Rows Removed by Filter": 460055
                  },
                  {
                    "Node Type": "Hash",
                    "Parent Relationship": "Inner",
                    "Parallel Aware": true,
                    "Startup Cost": 652345.71,
                    "Total Cost": 652345.71,
                    "Plan Rows": 181698,
                    "Plan Width": 8,
                    "Actual Startup Time": 2313.215,
                    "Actual Total Time": 2313.219,
                    "Actual Rows": 106578,
                    "Actual Loops": 2,
                    "Hash Buckets": 524288,
                    "Original Hash Buckets": 524288,
                    "Hash Batches": 1,
                    "Original Hash Batches": 1,
                    "Peak Memory Usage": 12448,
                    "Plans": [
                      {
                        "Node Type": "Hash Join",
                        "Parent Relationship": "Outer",
                        "Parallel Aware": true,
                        "Join Type": "Inner",
                        "Startup Cost": 58723.21,
                        "Total Cost": 652345.71,
                        "Plan Rows": 181698,
                        "Plan Width": 8,
                        "Actual Startup Time": 425.663,
                        "Actual Total Time": 2280.092,
                        "Actual Rows": 106578,
                        "Actual Loops": 2,
                        "Inner Unique": true,
                        "Hash Cond": "(ci.movie_id = t.id)",
                        "Plans": [
                          {
                            "Node Type": "Seq Scan",
                            "Parent Relationship": "Outer",
                            "Parallel Aware": true,
                            "Relation Name": "cast_info",
                            "Alias": "ci",
                            "Startup Cost": 0.0,
                            "Total Cost": 572345.93,
                            "Plan Rows": 8105348,
                            "Plan Width": 4,
                            "Actual Startup Time": 294.392,
                            "Actual Total Time": 1571.675,
                            "Actual Rows": 6068392,
                            "Actual Loops": 2,
                            "Filter": "((person_id > 1087177) AND (role_id < 3))",
                            "Rows Removed by Filter": 12053780
                          },
                          {
                            "Node Type": "Hash",
                            "Parent Relationship": "Inner",
                            "Parallel Aware": true,
                            "Startup Cost": 58306.47,
                            "Total Cost": 58306.47,
                            "Plan Rows": 33339,
                            "Plan Width": 4,
                            "Actual Startup Time": 130.995,
                            "Actual Total Time": 130.996,
                            "Actual Rows": 24538,
                            "Actual Loops": 2,
                            "Hash Buckets": 65536,
                            "Original Hash Buckets": 65536,
                            "Hash Batches": 1,
                            "Original Hash Batches": 1,
                            "Peak Memory Usage": 2464,
                            "Plans": [
                              {
                                "Node Type": "Seq Scan",
                                "Parent Relationship": "Outer",
                                "Parallel Aware": true,
                                "Relation Name": "title",
                                "Alias": "t",
                                "Startup Cost": 0.0,
                                "Total Cost": 58306.47,
                                "Plan Rows": 33339,
                                "Plan Width": 4,
                                "Actual Startup Time": 0.156,
                                "Actual Total Time": 124.148,
                                "Actual Rows": 24538,
                                "Actual Loops": 2,
                                "Filter": "((kind_id < 7) AND (production_year = 2010))",
                                "Rows Removed by Filter": 1239618
                              }
                            ]
                          }
                        ]
                      }
                    ]
                  }
                ]
              }
            ]
          }
        ]
      }
    ]
  },
  "Planning Time": 0.675,
  "Triggers": [],
  "Execution Time": 2466.422
}