{
  "Plan": {
    "Node Type": "Aggregate",
    "Strategy": "Plain",
    "Partial Mode": "Finalize",
    "Parallel Aware": false,
    "Startup Cost": 122453.49,
    "Total Cost": 122453.5,
    "Plan Rows": 1,
    "Plan Width": 8,
    "Actual Startup Time": 428.417,
    "Actual Total Time": 442.202,
    "Actual Rows": 1,
    "Actual Loops": 1,
    "Plans": [
      {
        "Node Type": "Gather",
        "Parent Relationship": "Outer",
        "Parallel Aware": false,
        "Startup Cost": 122453.37,
        "Total Cost": 122453.48,
        "Plan Rows": 1,
        "Plan Width": 8,
        "Actual Startup Time": 428.27,
        "Actual Total Time": 442.195,
        "Actual Rows": 2,
        "Actual Loops": 1,
        "Workers Planned": 1,
        "Workers Launched": 1,
        "Single Copy": false,
        "Plans": [
          {
            "Node Type": "Aggregate",
            "Strategy": "Plain",
            "Partial Mode": "Partial",
            "Parent Relationship": "Outer",
            "Parallel Aware": false,
            "Startup Cost": 121453.37,
            "Total Cost": 121453.38,
            "Plan Rows": 1,
            "Plan Width": 8,
            "Actual Startup Time": 423.536,
            "Actual Total Time": 423.539,
            "Actual Rows": 1,
            "Actual Loops": 2,
            "Plans": [
              {
                "Node Type": "Hash Join",
                "Parent Relationship": "Outer",
                "Parallel Aware": true,
                "Join Type": "Inner",
                "Startup Cost": 58659.29,
                "Total Cost": 121363.25,
                "Plan Rows": 36048,
                "Plan Width": 0,
                "Actual Startup Time": 136.134,
                "Actual Total Time": 421.023,
                "Actual Rows": 56979,
                "Actual Loops": 2,
                "Inner Unique": true,
                "Hash Cond": "(mk.movie_id = t.id)",
                "Plans": [
                  {
                    "Node Type": "Seq Scan",
                    "Parent Relationship": "Outer",
                    "Parallel Aware": true,
                    "Relation Name": "movie_keyword",
                    "Alias": "mk",
                    "Startup Cost": 0.0,
                    "Total Cost": 57718.19,
                    "Plan Rows": 1899337,
                    "Plan Width": 4,
                    "Actual Startup Time": 0.124,
                    "Actual Total Time": 185.9,
                    "Actual Rows": 1607234,
                    "Actual Loops": 2,
                    "Filter": "(keyword_id > 1714)",
                    "Rows Removed by Filter": 654730
                  },
                  {
                    "Node Type": "Hash",
                    "Parent Relationship": "Inner",
                    "Parallel Aware": true,
                    "Startup Cost": 58306.47,
                    "Total Cost": 58306.47,
                    "Plan Rows": 28226,
                    "Plan Width": 4,
                    "Actual Startup Time": 134.603,
                    "Actual Total Time": 134.604,
                    "Actual Rows": 19376,
                    "Actual Loops": 2,
                    "Hash Buckets": 65536,
                    "Original Hash Buckets": 65536,
                    "Hash Batches": 1,
                    "Original Hash Batches": 1,
                    "Peak Memory Usage": 2080,
                    "Plans": [
                      {
                        "Node Type": "Seq Scan",
                        "Parent Relationship": "Outer",
                        "Parallel Aware": true,
                        "Relation Name": "title",
                        "Alias": "t",
                        "Startup Cost": 0.0,
                        "Total Cost": 58306.47,
                        "Plan Rows": 28226,
                        "Plan Width": 4,
                        "Actual Startup Time": 0.139,
                        "Actual Total Time": 129.377,
                        "Actual Rows": 19376,
                        "Actual Loops": 2,
                        "Filter": "((kind_id < 7) AND (production_year = 2008))",
                        "Rows Removed by Filter": 1244780
                      }
                    ]
                  }
                ]
              }
            ]
          }
        ]
      }
    ]
  },
  "Planning Time": 0.376,
  "Triggers": [],
  "Execution Time": 442.261
}