{
    "Plan": {
        "Node Type": "Aggregate",
        "Strategy": "Plain",
        "Partial Mode": "Finalize",
        "Parallel Aware": false,
        "Startup Cost": 343430.69,
        "Total Cost": 343430.7,
        "Plan Rows": 1,
        "Plan Width": 8,
        "Actual Startup Time": 5699.813,
        "Actual Total Time": 5751.388,
        "Actual Rows": 1,
        "Actual Loops": 1,
        "Output": [
            "count(*)"
        ],
        "Plans": [
            {
                "Node Type": "Gather",
                "Parent Relationship": "Outer",
                "Parallel Aware": false,
                "Startup Cost": 343430.16,
                "Total Cost": 343430.67,
                "Plan Rows": 5,
                "Plan Width": 8,
                "Actual Startup Time": 5675.803,
                "Actual Total Time": 5751.375,
                "Actual Rows": 6,
                "Actual Loops": 1,
                "Output": [
                    "(PARTIAL count(*))"
                ],
                "Workers Planned": 5,
                "Workers Launched": 5,
                "Single Copy": false,
                "Plans": [
                    {
                        "Node Type": "Aggregate",
                        "Strategy": "Plain",
                        "Partial Mode": "Partial",
                        "Parent Relationship": "Outer",
                        "Parallel Aware": false,
                        "Startup Cost": 342430.16,
                        "Total Cost": 342430.17,
                        "Plan Rows": 1,
                        "Plan Width": 8,
                        "Actual Startup Time": 5655.178,
                        "Actual Total Time": 5655.892,
                        "Actual Rows": 1,
                        "Actual Loops": 6,
                        "Output": [
                            "PARTIAL count(*)"
                        ],
                        "Workers": [
                            {
                                "Worker Number": 0,
                                "Actual Startup Time": 5650.311,
                                "Actual Total Time": 5650.315,
                                "Actual Rows": 1,
                                "Actual Loops": 1
                            },
                            {
                                "Worker Number": 1,
                                "Actual Startup Time": 5654.621,
                                "Actual Total Time": 5654.626,
                                "Actual Rows": 1,
                                "Actual Loops": 1
                            },
                            {
                                "Worker Number": 2,
                                "Actual Startup Time": 5650.363,
                                "Actual Total Time": 5650.367,
                                "Actual Rows": 1,
                                "Actual Loops": 1
                            },
                            {
                                "Worker Number": 3,
                                "Actual Startup Time": 5650.338,
                                "Actual Total Time": 5650.343,
                                "Actual Rows": 1,
                                "Actual Loops": 1
                            },
                            {
                                "Worker Number": 4,
                                "Actual Startup Time": 5650.576,
                                "Actual Total Time": 5650.582,
                                "Actual Rows": 1,
                                "Actual Loops": 1
                            }
                        ],
                        "Plans": [
                            {
                                "Node Type": "Hash Join",
                                "Parent Relationship": "Outer",
                                "Parallel Aware": true,
                                "Join Type": "Inner",
                                "Startup Cost": 112725.62,
                                "Total Cost": 330582.47,
                                "Plan Rows": 4739077,
                                "Plan Width": 0,
                                "Actual Startup Time": 728.948,
                                "Actual Total Time": 4167.848,
                                "Actual Rows": 36241688,
                                "Actual Loops": 6,
                                "Inner Unique": false,
                                "Hash Cond": "(mi.movie_id = t.id)",
                                "Workers": [
                                    {
                                        "Worker Number": 0,
                                        "Actual Startup Time": 724.883,
                                        "Actual Total Time": 4147.23,
                                        "Actual Rows": 30637903,
                                        "Actual Loops": 1
                                    },
                                    {
                                        "Worker Number": 1,
                                        "Actual Startup Time": 724.375,
                                        "Actual Total Time": 4193.411,
                                        "Actual Rows": 36555011,
                                        "Actual Loops": 1
                                    },
                                    {
                                        "Worker Number": 2,
                                        "Actual Startup Time": 725.004,
                                        "Actual Total Time": 4161.745,
                                        "Actual Rows": 37591841,
                                        "Actual Loops": 1
                                    },
                                    {
                                        "Worker Number": 3,
                                        "Actual Startup Time": 724.945,
                                        "Actual Total Time": 4162.182,
                                        "Actual Rows": 37618875,
                                        "Actual Loops": 1
                                    },
                                    {
                                        "Worker Number": 4,
                                        "Actual Startup Time": 725.1,
                                        "Actual Total Time": 4183.264,
                                        "Actual Rows": 36723548,
                                        "Actual Loops": 1
                                    }
                                ],
                                "Plans": [
                                    {
                                        "Node Type": "Seq Scan",
                                        "Parent Relationship": "Outer",
                                        "Parallel Aware": true,
                                        "Relation Name": "movie_info",
                                        "Schema": "public",
                                        "Alias": "mi",
                                        "Startup Cost": 0.0,
                                        "Total Cost": 191503.19,
                                        "Plan Rows": 2951019,
                                        "Plan Width": 4,
                                        "Actual Startup Time": 0.044,
                                        "Actual Total Time": 278.285,
                                        "Actual Rows": 2472620,
                                        "Actual Loops": 6,
                                        "Output": [
                                            "mi.id",
                                            "mi.movie_id",
                                            "mi.info_type_id",
                                            "mi.info",
                                            "mi.note"
                                        ],
                                        "Workers": [
                                            {
                                                "Worker Number": 0,
                                                "Actual Startup Time": 0.044,
                                                "Actual Total Time": 288.954,
                                                "Actual Rows": 2059293,
                                                "Actual Loops": 1
                                            },
                                            {
                                                "Worker Number": 1,
                                                "Actual Startup Time": 0.046,
                                                "Actual Total Time": 300.653,
                                                "Actual Rows": 2460078,
                                                "Actual Loops": 1
                                            },
                                            {
                                                "Worker Number": 2,
                                                "Actual Startup Time": 0.062,
                                                "Actual Total Time": 285.77,
                                                "Actual Rows": 2594465,
                                                "Actual Loops": 1
                                            },
                                            {
                                                "Worker Number": 3,
                                                "Actual Startup Time": 0.061,
                                                "Actual Total Time": 285.276,
                                                "Actual Rows": 2592597,
                                                "Actual Loops": 1
                                            },
                                            {
                                                "Worker Number": 4,
                                                "Actual Startup Time": 0.041,
                                                "Actual Total Time": 298.513,
                                                "Actual Rows": 2439275,
                                                "Actual Loops": 1
                                            }
                                        ]
                                    },
                                    {
                                        "Node Type": "Hash",
                                        "Parent Relationship": "Inner",
                                        "Parallel Aware": true,
                                        "Startup Cost": 96353.59,
                                        "Total Cost": 96353.59,
                                        "Plan Rows": 1309762,
                                        "Plan Width": 8,
                                        "Actual Startup Time": 720.528,
                                        "Actual Total Time": 721.24,
                                        "Actual Rows": 677034,
                                        "Actual Loops": 6,
                                        "Output": [
                                            "t.id",
                                            "mk.movie_id"
                                        ],
                                        "Hash Buckets": 4194304,
                                        "Original Hash Buckets": 4194304,
                                        "Hash Batches": 1,
                                        "Original Hash Batches": 1,
                                        "Peak Memory Usage": 191776,
                                        "Workers": [
                                            {
                                                "Worker Number": 0,
                                                "Actual Startup Time": 723.334,
                                                "Actual Total Time": 723.337,
                                                "Actual Rows": 478275,
                                                "Actual Loops": 1
                                            },
                                            {
                                                "Worker Number": 1,
                                                "Actual Startup Time": 723.416,
                                                "Actual Total Time": 723.42,
                                                "Actual Rows": 678311,
                                                "Actual Loops": 1
                                            },
                                            {
                                                "Worker Number": 2,
                                                "Actual Startup Time": 723.529,
                                                "Actual Total Time": 723.532,
                                                "Actual Rows": 711292,
                                                "Actual Loops": 1
                                            },
                                            {
                                                "Worker Number": 3,
                                                "Actual Startup Time": 723.546,
                                                "Actual Total Time": 723.549,
                                                "Actual Rows": 717729,
                                                "Actual Loops": 1
                                            },
                                            {
                                                "Worker Number": 4,
                                                "Actual Startup Time": 723.825,
                                                "Actual Total Time": 723.829,
                                                "Actual Rows": 683627,
                                                "Actual Loops": 1
                                            }
                                        ],
                                        "Plans": [
                                            {
                                                "Node Type": "Hash Join",
                                                "Parent Relationship": "Outer",
                                                "Parallel Aware": true,
                                                "Join Type": "Inner",
                                                "Startup Cost": 50219.81,
                                                "Total Cost": 96353.59,
                                                "Plan Rows": 1309762,
                                                "Plan Width": 8,
                                                "Actual Startup Time": 282.496,
                                                "Actual Total Time": 519.824,
                                                "Actual Rows": 677034,
                                                "Actual Loops": 6,
                                                "Output": [
                                                    "t.id",
                                                    "mk.movie_id"
                                                ],
                                                "Inner Unique": true,
                                                "Hash Cond": "(mk.movie_id = t.id)",
                                                "Workers": [
                                                    {
                                                        "Worker Number": 0,
                                                        "Actual Startup Time": 282.405,
                                                        "Actual Total Time": 522.304,
                                                        "Actual Rows": 478275,
                                                        "Actual Loops": 1
                                                    },
                                                    {
                                                        "Worker Number": 1,
                                                        "Actual Startup Time": 282.49,
                                                        "Actual Total Time": 519.507,
                                                        "Actual Rows": 678311,
                                                        "Actual Loops": 1
                                                    },
                                                    {
                                                        "Worker Number": 2,
                                                        "Actual Startup Time": 282.45,
                                                        "Actual Total Time": 519.767,
                                                        "Actual Rows": 711292,
                                                        "Actual Loops": 1
                                                    },
                                                    {
                                                        "Worker Number": 3,
                                                        "Actual Startup Time": 282.511,
                                                        "Actual Total Time": 519.765,
                                                        "Actual Rows": 717729,
                                                        "Actual Loops": 1
                                                    },
                                                    {
                                                        "Worker Number": 4,
                                                        "Actual Startup Time": 282.491,
                                                        "Actual Total Time": 519.948,
                                                        "Actual Rows": 683627,
                                                        "Actual Loops": 1
                                                    }
                                                ],
                                                "Plans": [
                                                    {
                                                        "Node Type": "Seq Scan",
                                                        "Parent Relationship": "Outer",
                                                        "Parallel Aware": true,
                                                        "Relation Name": "movie_keyword",
                                                        "Schema": "public",
                                                        "Alias": "mk",
                                                        "Startup Cost": 0.0,
                                                        "Total Cost": 42695.65,
                                                        "Plan Rows": 1309762,
                                                        "Plan Width": 4,
                                                        "Actual Startup Time": 0.029,
                                                        "Actual Total Time": 102.537,
                                                        "Actual Rows": 677034,
                                                        "Actual Loops": 6,
                                                        "Output": [
                                                            "mk.id",
                                                            "mk.movie_id",
                                                            "mk.keyword_id"
                                                        ],
                                                        "Filter": "(mk.keyword_id > 348)",
                                                        "Rows Removed by Filter": 76954,
                                                        "Workers": [
                                                            {
                                                                "Worker Number": 0,
                                                                "Actual Startup Time": 0.069,
                                                                "Actual Total Time": 105.551,
                                                                "Actual Rows": 478275,
                                                                "Actual Loops": 1
                                                            },
                                                            {
                                                                "Worker Number": 1,
                                                                "Actual Startup Time": 0.028,
                                                                "Actual Total Time": 105.518,
                                                                "Actual Rows": 678311,
                                                                "Actual Loops": 1
                                                            },
                                                            {
                                                                "Worker Number": 2,
                                                                "Actual Startup Time": 0.013,
                                                                "Actual Total Time": 105.425,
                                                                "Actual Rows": 711292,
                                                                "Actual Loops": 1
                                                            },
                                                            {
                                                                "Worker Number": 3,
                                                                "Actual Startup Time": 0.027,
                                                                "Actual Total Time": 105.612,
                                                                "Actual Rows": 717729,
                                                                "Actual Loops": 1
                                                            },
                                                            {
                                                                "Worker Number": 4,
                                                                "Actual Startup Time": 0.026,
                                                                "Actual Total Time": 105.695,
                                                                "Actual Rows": 683627,
                                                                "Actual Loops": 1
                                                            }
                                                        ]
                                                    },
                                                    {
                                                        "Node Type": "Hash",
                                                        "Parent Relationship": "Inner",
                                                        "Parallel Aware": true,
                                                        "Startup Cost": 42318.81,
                                                        "Total Cost": 42318.81,
                                                        "Plan Rows": 632080,
                                                        "Plan Width": 4,
                                                        "Actual Startup Time": 278.113,
                                                        "Actual Total Time": 278.114,
                                                        "Actual Rows": 421385,
                                                        "Actual Loops": 6,
                                                        "Output": [
                                                            "t.id"
                                                        ],
                                                        "Hash Buckets": 4194304,
                                                        "Original Hash Buckets": 4194304,
                                                        "Hash Batches": 1,
                                                        "Original Hash Batches": 1,
                                                        "Peak Memory Usage": 131776,
                                                        "Workers": [
                                                            {
                                                                "Worker Number": 0,
                                                                "Actual Startup Time": 282.259,
                                                                "Actual Total Time": 282.26,
                                                                "Actual Rows": 307674,
                                                                "Actual Loops": 1
                                                            },
                                                            {
                                                                "Worker Number": 1,
                                                                "Actual Startup Time": 282.196,
                                                                "Actual Total Time": 282.197,
                                                                "Actual Rows": 397360,
                                                                "Actual Loops": 1
                                                            },
                                                            {
                                                                "Worker Number": 2,
                                                                "Actual Startup Time": 282.19,
                                                                "Actual Total Time": 282.191,
                                                                "Actual Rows": 434065,
                                                                "Actual Loops": 1
                                                            },
                                                            {
                                                                "Worker Number": 3,
                                                                "Actual Startup Time": 282.221,
                                                                "Actual Total Time": 282.222,
                                                                "Actual Rows": 430303,
                                                                "Actual Loops": 1
                                                            },
                                                            {
                                                                "Worker Number": 4,
                                                                "Actual Startup Time": 282.229,
                                                                "Actual Total Time": 282.23,
                                                                "Actual Rows": 403863,
                                                                "Actual Loops": 1
                                                            }
                                                        ],
                                                        "Plans": [
                                                            {
                                                                "Node Type": "Seq Scan",
                                                                "Parent Relationship": "Outer",
                                                                "Parallel Aware": true,
                                                                "Relation Name": "title",
                                                                "Schema": "public",
                                                                "Alias": "t",
                                                                "Startup Cost": 0.0,
                                                                "Total Cost": 42318.81,
                                                                "Plan Rows": 632080,
                                                                "Plan Width": 4,
                                                                "Actual Startup Time": 0.069,
                                                                "Actual Total Time": 77.732,
                                                                "Actual Rows": 421385,
                                                                "Actual Loops": 6,
                                                                "Output": [
                                                                    "t.id"
                                                                ],
                                                                "Workers": [
                                                                    {
                                                                        "Worker Number": 0,
                                                                        "Actual Startup Time": 0.081,
                                                                        "Actual Total Time": 84.294,
                                                                        "Actual Rows": 307674,
                                                                        "Actual Loops": 1
                                                                    },
                                                                    {
                                                                        "Worker Number": 1,
                                                                        "Actual Startup Time": 0.09,
                                                                        "Actual Total Time": 79.792,
                                                                        "Actual Rows": 397360,
                                                                        "Actual Loops": 1
                                                                    },
                                                                    {
                                                                        "Worker Number": 2,
                                                                        "Actual Startup Time": 0.075,
                                                                        "Actual Total Time": 79.605,
                                                                        "Actual Rows": 434065,
                                                                        "Actual Loops": 1
                                                                    },
                                                                    {
                                                                        "Worker Number": 3,
                                                                        "Actual Startup Time": 0.086,
                                                                        "Actual Total Time": 79.811,
                                                                        "Actual Rows": 430303,
                                                                        "Actual Loops": 1
                                                                    },
                                                                    {
                                                                        "Worker Number": 4,
                                                                        "Actual Startup Time": 0.065,
                                                                        "Actual Total Time": 79.955,
                                                                        "Actual Rows": 403863,
                                                                        "Actual Loops": 1
                                                                    }
                                                                ]
                                                            }
                                                        ]
                                                    }
                                                ]
                                            }
                                        ]
                                    }
                                ]
                            }
                        ]
                    }
                ]
            }
        ]
    },
    "Planning Time": 1.445,
    "Triggers": [],
    "Execution Time": 5751.473
}