[
  {
    "Plan": {
      "Node Type": "Aggregate",
      "Strategy": "Plain",
      "Partial Mode": "Finalize",
      "Parallel Aware": false,
      "Startup Cost": 24178.15,
      "Total Cost": 24178.16,
      "Plan Rows": 1,
      "Plan Width": 8,
      "Actual Startup Time": 63.528,
      "Actual Total Time": 68.97,
      "Actual Rows": 1,
      "Actual Loops": 1,
      "Plans": [
        {
          "Node Type": "Gather",
          "Parent Relationship": "Outer",
          "Parallel Aware": false,
          "Startup Cost": 24177.84,
          "Total Cost": 24178.15,
          "Plan Rows": 3,
          "Plan Width": 8,
          "Actual Startup Time": 63.304,
          "Actual Total Time": 68.962,
          "Actual Rows": 4,
          "Actual Loops": 1,
          "Workers Planned": 3,
          "Workers Launched": 3,
          "Single Copy": false,
          "Plans": [
            {
              "Node Type": "Aggregate",
              "Strategy": "Plain",
              "Partial Mode": "Partial",
              "Parent Relationship": "Outer",
              "Parallel Aware": false,
              "Startup Cost": 23177.84,
              "Total Cost": 23177.85,
              "Plan Rows": 1,
              "Plan Width": 8,
              "Actual Startup Time": 59.286,
              "Actual Total Time": 59.287,
              "Actual Rows": 1,
              "Actual Loops": 4,
              "Plans": [
                {
                  "Node Type": "Bitmap Heap Scan",
                  "Parent Relationship": "Outer",
                  "Parallel Aware": true,
                  "Relation Name": "movie_companies",
                  "Alias": "mc",
                  "Startup Cost": 3587.04,
                  "Total Cost": 23044.37,
                  "Plan Rows": 53386,
                  "Plan Width": 0,
                  "Actual Startup Time": 23.421,
                  "Actual Total Time": 55.883,
                  "Actual Rows": 40620,
                  "Actual Loops": 4,
                  "Recheck Cond": "(company_id < 30)",
                  "Rows Removed by Index Recheck": 0,
                  "Exact Heap Blocks": 7649,
                  "Lossy Heap Blocks": 0,
                  "Plans": [
                    {
                      "Node Type": "Bitmap Index Scan",
                      "Parent Relationship": "Outer",
                      "Parallel Aware": false,
                      "Index Name": "company_id_movie_companies",
                      "Startup Cost": 0.0,
                      "Total Cost": 3545.66,
                      "Plan Rows": 165498,
                      "Plan Width": 0,
                      "Actual Startup Time": 22.367,
                      "Actual Total Time": 22.367,
                      "Actual Rows": 162479,
                      "Actual Loops": 1,
                      "Index Cond": "(company_id < 30)"
                    }
                  ]
                }
              ]
            }
          ]
        }
      ]
    },
    "Planning Time": 0.311,
    "Triggers": [],
    "Execution Time": 69.042
  }
]