[
  {
    "Plan": {
      "Node Type": "Aggregate",
      "Strategy": "Plain",
      "Partial Mode": "Finalize",
      "Parallel Aware": false,
      "Startup Cost": 24034.0,
      "Total Cost": 24034.01,
      "Plan Rows": 1,
      "Plan Width": 8,
      "Actual Startup Time": 61.144,
      "Actual Total Time": 66.564,
      "Actual Rows": 1,
      "Actual Loops": 1,
      "Plans": [
        {
          "Node Type": "Gather",
          "Parent Relationship": "Outer",
          "Parallel Aware": false,
          "Startup Cost": 24033.68,
          "Total Cost": 24033.99,
          "Plan Rows": 3,
          "Plan Width": 8,
          "Actual Startup Time": 60.953,
          "Actual Total Time": 66.558,
          "Actual Rows": 4,
          "Actual Loops": 1,
          "Workers Planned": 3,
          "Workers Launched": 3,
          "Single Copy": false,
          "Plans": [
            {
              "Node Type": "Aggregate",
              "Strategy": "Plain",
              "Partial Mode": "Partial",
              "Parent Relationship": "Outer",
              "Parallel Aware": false,
              "Startup Cost": 23033.68,
              "Total Cost": 23033.69,
              "Plan Rows": 1,
              "Plan Width": 8,
              "Actual Startup Time": 54.838,
              "Actual Total Time": 54.839,
              "Actual Rows": 1,
              "Actual Loops": 4,
              "Plans": [
                {
                  "Node Type": "Bitmap Heap Scan",
                  "Parent Relationship": "Outer",
                  "Parallel Aware": true,
                  "Relation Name": "movie_companies",
                  "Alias": "mc",
                  "Startup Cost": 3469.08,
                  "Total Cost": 22904.58,
                  "Plan Rows": 51640,
                  "Plan Width": 0,
                  "Actual Startup Time": 17.19,
                  "Actual Total Time": 51.251,
                  "Actual Rows": 40620,
                  "Actual Loops": 4,
                  "Recheck Cond": "(company_id < 30)",
                  "Rows Removed by Index Recheck": 0,
                  "Exact Heap Blocks": 9198,
                  "Lossy Heap Blocks": 0,
                  "Plans": [
                    {
                      "Node Type": "Bitmap Index Scan",
                      "Parent Relationship": "Outer",
                      "Parallel Aware": false,
                      "Index Name": "company_id_movie_companies",
                      "Startup Cost": 0.0,
                      "Total Cost": 3429.06,
                      "Plan Rows": 160084,
                      "Plan Width": 0,
                      "Actual Startup Time": 19.206,
                      "Actual Total Time": 19.206,
                      "Actual Rows": 162479,
                      "Actual Loops": 1,
                      "Index Cond": "(company_id < 30)"
                    }
                  ]
                }
              ]
            }
          ]
        }
      ]
    },
    "Planning Time": 0.26,
    "Triggers": [],
    "Execution Time": 66.662
  }
]