[
  {
    "Plan": {
      "Node Type": "Aggregate",
      "Strategy": "Plain",
      "Partial Mode": "Finalize",
      "Parallel Aware": false,
      "Startup Cost": 228552.36,
      "Total Cost": 228552.37,
      "Plan Rows": 1,
      "Plan Width": 8,
      "Actual Startup Time": 172.925,
      "Actual Total Time": 201.292,
      "Actual Rows": 1,
      "Actual Loops": 1,
      "Plans": [
        {
          "Node Type": "Gather",
          "Parent Relationship": "Outer",
          "Parallel Aware": false,
          "Startup Cost": 228551.94,
          "Total Cost": 228552.35,
          "Plan Rows": 4,
          "Plan Width": 8,
          "Actual Startup Time": 172.555,
          "Actual Total Time": 201.279,
          "Actual Rows": 5,
          "Actual Loops": 1,
          "Workers Planned": 4,
          "Workers Launched": 4,
          "Single Copy": false,
          "Plans": [
            {
              "Node Type": "Aggregate",
              "Strategy": "Plain",
              "Partial Mode": "Partial",
              "Parent Relationship": "Outer",
              "Parallel Aware": false,
              "Startup Cost": 227551.94,
              "Total Cost": 227551.95,
              "Plan Rows": 1,
              "Plan Width": 8,
              "Actual Startup Time": 163.749,
              "Actual Total Time": 163.751,
              "Actual Rows": 1,
              "Actual Loops": 5,
              "Plans": [
                {
                  "Node Type": "Nested Loop",
                  "Parent Relationship": "Outer",
                  "Parallel Aware": false,
                  "Join Type": "Inner",
                  "Startup Cost": 0.43,
                  "Total Cost": 227482.97,
                  "Plan Rows": 27590,
                  "Plan Width": 0,
                  "Actual Startup Time": 0.327,
                  "Actual Total Time": 161.565,
                  "Actual Rows": 24406,
                  "Actual Loops": 5,
                  "Inner Unique": false,
                  "Plans": [
                    {
                      "Node Type": "Seq Scan",
                      "Parent Relationship": "Outer",
                      "Parallel Aware": true,
                      "Relation Name": "title",
                      "Alias": "t",
                      "Startup Cost": 0.0,
                      "Total Cost": 43899.32,
                      "Plan Rows": 4699,
                      "Plan Width": 4,
                      "Actual Startup Time": 0.099,
                      "Actual Total Time": 78.931,
                      "Actual Rows": 3678,
                      "Actual Loops": 5,
                      "Filter": "(production_year = 1985)",
                      "Rows Removed by Filter": 501984
                    },
                    {
                      "Node Type": "Index Only Scan",
                      "Parent Relationship": "Inner",
                      "Parallel Aware": false,
                      "Scan Direction": "Forward",
                      "Index Name": "movie_id_movie_info",
                      "Relation Name": "movie_info",
                      "Alias": "mi",
                      "Startup Cost": 0.43,
                      "Total Cost": 38.66,
                      "Plan Rows": 41,
                      "Plan Width": 4,
                      "Actual Startup Time": 0.01,
                      "Actual Total Time": 0.021,
                      "Actual Rows": 7,
                      "Actual Loops": 18391,
                      "Index Cond": "(movie_id = t.id)",
                      "Rows Removed by Index Recheck": 0,
                      "Heap Fetches": 122032
                    }
                  ]
                }
              ]
            }
          ]
        }
      ]
    },
    "Planning Time": 0.482,
    "Triggers": [],
    "Execution Time": 201.367
  }
]