[
  {
    "Plan": {
      "Node Type": "Aggregate",
      "Strategy": "Plain",
      "Partial Mode": "Finalize",
      "Parallel Aware": false,
      "Startup Cost": 31795.14,
      "Total Cost": 31795.15,
      "Plan Rows": 1,
      "Plan Width": 8,
      "Actual Startup Time": 113.378,
      "Actual Total Time": 120.702,
      "Actual Rows": 1,
      "Actual Loops": 1,
      "Plans": [
        {
          "Node Type": "Gather",
          "Parent Relationship": "Outer",
          "Parallel Aware": false,
          "Startup Cost": 31794.82,
          "Total Cost": 31795.13,
          "Plan Rows": 3,
          "Plan Width": 8,
          "Actual Startup Time": 113.309,
          "Actual Total Time": 120.695,
          "Actual Rows": 4,
          "Actual Loops": 1,
          "Workers Planned": 3,
          "Workers Launched": 3,
          "Single Copy": false,
          "Plans": [
            {
              "Node Type": "Aggregate",
              "Strategy": "Plain",
              "Partial Mode": "Partial",
              "Parent Relationship": "Outer",
              "Parallel Aware": false,
              "Startup Cost": 30794.82,
              "Total Cost": 30794.83,
              "Plan Rows": 1,
              "Plan Width": 8,
              "Actual Startup Time": 105.514,
              "Actual Total Time": 105.515,
              "Actual Rows": 1,
              "Actual Loops": 4,
              "Plans": [
                {
                  "Node Type": "Seq Scan",
                  "Parent Relationship": "Outer",
                  "Parallel Aware": true,
                  "Relation Name": "movie_companies",
                  "Alias": "mc",
                  "Startup Cost": 0.0,
                  "Total Cost": 29310.68,
                  "Plan Rows": 593655,
                  "Plan Width": 0,
                  "Actual Startup Time": 0.374,
                  "Actual Total Time": 83.213,
                  "Actual Rows": 460508,
                  "Actual Loops": 4,
                  "Filter": "(company_id > 1604)",
                  "Rows Removed by Filter": 191775
                }
              ]
            }
          ]
        }
      ]
    },
    "Planning Time": 0.078,
    "Triggers": [],
    "Execution Time": 120.727
  }
]