{
  "Plan": {
    "Node Type": "Aggregate",
    "Strategy": "Plain",
    "Partial Mode": "Finalize",
    "Parallel Aware": false,
    "Startup Cost": 115930.69,
    "Total Cost": 115930.7,
    "Plan Rows": 1,
    "Plan Width": 8,
    "Actual Startup Time": 810.876,
    "Actual Total Time": 832.48,
    "Actual Rows": 1,
    "Actual Loops": 1,
    "Plans": [
      {
        "Node Type": "Gather",
        "Parent Relationship": "Outer",
        "Parallel Aware": false,
        "Startup Cost": 115930.58,
        "Total Cost": 115930.69,
        "Plan Rows": 1,
        "Plan Width": 8,
        "Actual Startup Time": 807.117,
        "Actual Total Time": 832.473,
        "Actual Rows": 2,
        "Actual Loops": 1,
        "Workers Planned": 1,
        "Workers Launched": 1,
        "Single Copy": false,
        "Plans": [
          {
            "Node Type": "Aggregate",
            "Strategy": "Plain",
            "Partial Mode": "Partial",
            "Parent Relationship": "Outer",
            "Parallel Aware": false,
            "Startup Cost": 114930.58,
            "Total Cost": 114930.59,
            "Plan Rows": 1,
            "Plan Width": 8,
            "Actual Startup Time": 797.562,
            "Actual Total Time": 797.566,
            "Actual Rows": 1,
            "Actual Loops": 2,
            "Plans": [
              {
                "Node Type": "Hash Join",
                "Parent Relationship": "Outer",
                "Parallel Aware": true,
                "Join Type": "Inner",
                "Startup Cost": 83577.97,
                "Total Cost": 113952.05,
                "Plan Rows": 391411,
                "Plan Width": 0,
                "Actual Startup Time": 613.892,
                "Actual Total Time": 783.001,
                "Actual Rows": 327412,
                "Actual Loops": 2,
                "Inner Unique": true,
                "Hash Cond": "(mk.movie_id = t.id)",
                "Plans": [
                  {
                    "Node Type": "Bitmap Heap Scan",
                    "Parent Relationship": "Outer",
                    "Parallel Aware": true,
                    "Relation Name": "movie_keyword",
                    "Alias": "mk",
                    "Startup Cost": 14117.27,
                    "Total Cost": 43463.9,
                    "Plan Rows": 391411,
                    "Plan Width": 4,
                    "Actual Startup Time": 37.542,
                    "Actual Total Time": 121.191,
                    "Actual Rows": 327412,
                    "Actual Loops": 2,
                    "Recheck Cond": "(keyword_id > 28705)",
                    "Rows Removed by Index Recheck": 0,
                    "Exact Heap Blocks": 13685,
                    "Lossy Heap Blocks": 0,
                    "Plans": [
                      {
                        "Node Type": "Bitmap Index Scan",
                        "Parent Relationship": "Outer",
                        "Parallel Aware": false,
                        "Index Name": "keyword_id_movie_keyword",
                        "Startup Cost": 0.0,
                        "Total Cost": 13950.92,
                        "Plan Rows": 665398,
                        "Plan Width": 0,
                        "Actual Startup Time": 34.034,
                        "Actual Total Time": 34.034,
                        "Actual Rows": 654824,
                        "Actual Loops": 1,
                        "Index Cond": "(keyword_id > 28705)"
                      }
                    ]
                  },
                  {
                    "Node Type": "Hash",
                    "Parent Relationship": "Inner",
                    "Parallel Aware": true,
                    "Startup Cost": 50870.31,
                    "Total Cost": 50870.31,
                    "Plan Rows": 1487231,
                    "Plan Width": 4,
                    "Actual Startup Time": 557.974,
                    "Actual Total Time": 557.975,
                    "Actual Rows": 1264156,
                    "Actual Loops": 2,
                    "Hash Buckets": 4194304,
                    "Original Hash Buckets": 4194304,
                    "Hash Batches": 1,
                    "Original Hash Batches": 1,
                    "Peak Memory Usage": 131712,
                    "Plans": [
                      {
                        "Node Type": "Seq Scan",
                        "Parent Relationship": "Outer",
                        "Parallel Aware": true,
                        "Relation Name": "title",
                        "Alias": "t",
                        "Startup Cost": 0.0,
                        "Total Cost": 50870.31,
                        "Plan Rows": 1487231,
                        "Plan Width": 4,
                        "Actual Startup Time": 0.031,
                        "Actual Total Time": 156.299,
                        "Actual Rows": 1264156,
                        "Actual Loops": 2
                      }
                    ]
                  }
                ]
              }
            ]
          }
        ]
      }
    ]
  },
  "Planning Time": 0.346,
  "Triggers": [],
  "Execution Time": 832.534
}