{
  "Plan": {
    "Node Type": "Aggregate",
    "Strategy": "Plain",
    "Partial Mode": "Finalize",
    "Parallel Aware": false,
    "Startup Cost": 31442.26,
    "Total Cost": 31442.27,
    "Plan Rows": 1,
    "Plan Width": 8,
    "Actual Startup Time": 39.521,
    "Actual Total Time": 45.085,
    "Actual Rows": 1,
    "Actual Loops": 1,
    "Plans": [
      {
        "Node Type": "Gather",
        "Parent Relationship": "Outer",
        "Parallel Aware": false,
        "Startup Cost": 31442.15,
        "Total Cost": 31442.26,
        "Plan Rows": 1,
        "Plan Width": 8,
        "Actual Startup Time": 39.375,
        "Actual Total Time": 45.079,
        "Actual Rows": 2,
        "Actual Loops": 1,
        "Workers Planned": 1,
        "Workers Launched": 1,
        "Single Copy": false,
        "Plans": [
          {
            "Node Type": "Aggregate",
            "Strategy": "Plain",
            "Partial Mode": "Partial",
            "Parent Relationship": "Outer",
            "Parallel Aware": false,
            "Startup Cost": 30442.15,
            "Total Cost": 30442.16,
            "Plan Rows": 1,
            "Plan Width": 8,
            "Actual Startup Time": 33.216,
            "Actual Total Time": 33.218,
            "Actual Rows": 1,
            "Actual Loops": 2,
            "Plans": [
              {
                "Node Type": "Nested Loop",
                "Parent Relationship": "Outer",
                "Parallel Aware": false,
                "Join Type": "Inner",
                "Startup Cost": 94.75,
                "Total Cost": 30441.97,
                "Plan Rows": 70,
                "Plan Width": 0,
                "Actual Startup Time": 8.063,
                "Actual Total Time": 33.201,
                "Actual Rows": 22,
                "Actual Loops": 2,
                "Inner Unique": true,
                "Plans": [
                  {
                    "Node Type": "Bitmap Heap Scan",
                    "Parent Relationship": "Outer",
                    "Parallel Aware": true,
                    "Relation Name": "movie_keyword",
                    "Alias": "mk",
                    "Startup Cost": 94.32,
                    "Total Cost": 11305.86,
                    "Plan Rows": 2572,
                    "Plan Width": 4,
                    "Actual Startup Time": 3.135,
                    "Actual Total Time": 10.707,
                    "Actual Rows": 2444,
                    "Actual Loops": 2,
                    "Recheck Cond": "(keyword_id = 1962)",
                    "Rows Removed by Index Recheck": 0,
                    "Exact Heap Blocks": 3175,
                    "Lossy Heap Blocks": 0,
                    "Plans": [
                      {
                        "Node Type": "Bitmap Index Scan",
                        "Parent Relationship": "Outer",
                        "Parallel Aware": false,
                        "Index Name": "keyword_id_movie_keyword",
                        "Startup Cost": 0.0,
                        "Total Cost": 93.23,
                        "Plan Rows": 4373,
                        "Plan Width": 0,
                        "Actual Startup Time": 4.178,
                        "Actual Total Time": 4.178,
                        "Actual Rows": 4889,
                        "Actual Loops": 1,
                        "Index Cond": "(keyword_id = 1962)"
                      }
                    ]
                  },
                  {
                    "Node Type": "Index Scan",
                    "Parent Relationship": "Inner",
                    "Parallel Aware": false,
                    "Scan Direction": "Forward",
                    "Index Name": "title_pkey",
                    "Relation Name": "title",
                    "Alias": "t",
                    "Startup Cost": 0.43,
                    "Total Cost": 7.44,
                    "Plan Rows": 1,
                    "Plan Width": 4,
                    "Actual Startup Time": 0.009,
                    "Actual Total Time": 0.009,
                    "Actual Rows": 0,
                    "Actual Loops": 4889,
                    "Index Cond": "(id = mk.movie_id)",
                    "Rows Removed by Index Recheck": 0,
                    "Filter": "(production_year > 2012)",
                    "Rows Removed by Filter": 1
                  }
                ]
              }
            ]
          }
        ]
      }
    ]
  },
  "Planning Time": 0.459,
  "Triggers": [],
  "Execution Time": 45.177
}