[
  {
    "Plan": {
      "Node Type": "Aggregate",
      "Strategy": "Plain",
      "Partial Mode": "Finalize",
      "Parallel Aware": false,
      "Startup Cost": 55822.25,
      "Total Cost": 55822.26,
      "Plan Rows": 1,
      "Plan Width": 8,
      "Actual Startup Time": 186.558,
      "Actual Total Time": 194.611,
      "Actual Rows": 1,
      "Actual Loops": 1,
      "Plans": [
        {
          "Node Type": "Gather",
          "Parent Relationship": "Outer",
          "Parallel Aware": false,
          "Startup Cost": 55822.03,
          "Total Cost": 55822.24,
          "Plan Rows": 2,
          "Plan Width": 8,
          "Actual Startup Time": 186.062,
          "Actual Total Time": 194.603,
          "Actual Rows": 3,
          "Actual Loops": 1,
          "Workers Planned": 2,
          "Workers Launched": 2,
          "Single Copy": false,
          "Plans": [
            {
              "Node Type": "Aggregate",
              "Strategy": "Plain",
              "Partial Mode": "Partial",
              "Parent Relationship": "Outer",
              "Parallel Aware": false,
              "Startup Cost": 54822.03,
              "Total Cost": 54822.04,
              "Plan Rows": 1,
              "Plan Width": 8,
              "Actual Startup Time": 177.69,
              "Actual Total Time": 177.694,
              "Actual Rows": 1,
              "Actual Loops": 3,
              "Plans": [
                {
                  "Node Type": "Nested Loop",
                  "Parent Relationship": "Outer",
                  "Parallel Aware": false,
                  "Join Type": "Inner",
                  "Startup Cost": 20218.51,
                  "Total Cost": 54821.93,
                  "Plan Rows": 43,
                  "Plan Width": 0,
                  "Actual Startup Time": 107.409,
                  "Actual Total Time": 177.683,
                  "Actual Rows": 28,
                  "Actual Loops": 3,
                  "Inner Unique": true,
                  "Join Filter": "(mc.movie_id = t.id)",
                  "Rows Removed by Join Filter": 0,
                  "Plans": [
                    {
                      "Node Type": "Hash Join",
                      "Parent Relationship": "Outer",
                      "Parallel Aware": true,
                      "Join Type": "Inner",
                      "Startup Cost": 20218.08,
                      "Total Cost": 36875.53,
                      "Plan Rows": 30140,
                      "Plan Width": 8,
                      "Actual Startup Time": 96.479,
                      "Actual Total Time": 120.625,
                      "Actual Rows": 22988,
                      "Actual Loops": 3,
                      "Inner Unique": false,
                      "Hash Cond": "(mi_idx.movie_id = mc.movie_id)",
                      "Plans": [
                        {
                          "Node Type": "Seq Scan",
                          "Parent Relationship": "Outer",
                          "Parallel Aware": true,
                          "Relation Name": "movie_info_idx",
                          "Alias": "mi_idx",
                          "Startup Cost": 0.0,
                          "Total Cost": 13685.15,
                          "Plan Rows": 575015,
                          "Plan Width": 4,
                          "Actual Startup Time": 0.031,
                          "Actual Total Time": 42.875,
                          "Actual Rows": 460012,
                          "Actual Loops": 3
                        },
                        {
                          "Node Type": "Hash",
                          "Parent Relationship": "Inner",
                          "Parallel Aware": true,
                          "Startup Cost": 20115.43,
                          "Total Cost": 20115.43,
                          "Plan Rows": 8212,
                          "Plan Width": 4,
                          "Actual Startup Time": 26.307,
                          "Actual Total Time": 26.308,
                          "Actual Rows": 15839,
                          "Actual Loops": 3,
                          "Hash Buckets": 65536,
                          "Original Hash Buckets": 32768,
                          "Hash Batches": 1,
                          "Original Hash Batches": 1,
                          "Peak Memory Usage": 2656,
                          "Plans": [
                            {
                              "Node Type": "Bitmap Heap Scan",
                              "Parent Relationship": "Outer",
                              "Parallel Aware": true,
                              "Relation Name": "movie_companies",
                              "Alias": "mc",
                              "Startup Cost": 1082.83,
                              "Total Cost": 20115.43,
                              "Plan Rows": 8212,
                              "Plan Width": 4,
                              "Actual Startup Time": 2.568,
                              "Actual Total Time": 16.308,
                              "Actual Rows": 15839,
                              "Actual Loops": 3,
                              "Recheck Cond": "(company_id > 193406)",
                              "Rows Removed by Index Recheck": 0,
                              "Filter": "(company_type_id > 1)",
                              "Rows Removed by Filter": 0,
                              "Exact Heap Blocks": 958,
                              "Lossy Heap Blocks": 0,
                              "Plans": [
                                {
                                  "Node Type": "Bitmap Index Scan",
                                  "Parent Relationship": "Outer",
                                  "Parallel Aware": false,
                                  "Index Name": "company_id_movie_companies",
                                  "Startup Cost": 0.0,
                                  "Total Cost": 1076.46,
                                  "Plan Rows": 50138,
                                  "Plan Width": 0,
                                  "Actual Startup Time": 6.527,
                                  "Actual Total Time": 6.527,
                                  "Actual Rows": 47518,
                                  "Actual Loops": 1,
                                  "Index Cond": "(company_id > 193406)"
                                }
                              ]
                            }
                          ]
                        }
                      ]
                    },
                    {
                      "Node Type": "Index Scan",
                      "Parent Relationship": "Inner",
                      "Parallel Aware": false,
                      "Scan Direction": "Forward",
                      "Index Name": "title_pkey",
                      "Relation Name": "title",
                      "Alias": "t",
                      "Startup Cost": 0.43,
                      "Total Cost": 0.58,
                      "Plan Rows": 1,
                      "Plan Width": 4,
                      "Actual Startup Time": 0.002,
                      "Actual Total Time": 0.002,
                      "Actual Rows": 0,
                      "Actual Loops": 68964,
                      "Index Cond": "(id = mi_idx.movie_id)",
                      "Rows Removed by Index Recheck": 0,
                      "Filter": "((kind_id > 3) AND (production_year = 1994))",
                      "Rows Removed by Filter": 1
                    }
                  ]
                }
              ]
            }
          ]
        }
      ]
    },
    "Planning Time": 1.381,
    "Triggers": [],
    "Execution Time": 194.711
  }
]