{
  "Plan": {
    "Node Type": "Aggregate",
    "Strategy": "Plain",
    "Partial Mode": "Finalize",
    "Parallel Aware": false,
    "Startup Cost": 119164.45,
    "Total Cost": 119164.46,
    "Plan Rows": 1,
    "Plan Width": 8,
    "Actual Startup Time": 541.853,
    "Actual Total Time": 559.938,
    "Actual Rows": 1,
    "Actual Loops": 1,
    "Plans": [
      {
        "Node Type": "Gather",
        "Parent Relationship": "Outer",
        "Parallel Aware": false,
        "Startup Cost": 119164.34,
        "Total Cost": 119164.45,
        "Plan Rows": 1,
        "Plan Width": 8,
        "Actual Startup Time": 538.087,
        "Actual Total Time": 559.923,
        "Actual Rows": 2,
        "Actual Loops": 1,
        "Workers Planned": 1,
        "Workers Launched": 1,
        "Single Copy": false,
        "Plans": [
          {
            "Node Type": "Aggregate",
            "Strategy": "Plain",
            "Partial Mode": "Partial",
            "Parent Relationship": "Outer",
            "Parallel Aware": false,
            "Startup Cost": 118164.34,
            "Total Cost": 118164.35,
            "Plan Rows": 1,
            "Plan Width": 8,
            "Actual Startup Time": 528.395,
            "Actual Total Time": 528.401,
            "Actual Rows": 1,
            "Actual Loops": 2,
            "Plans": [
              {
                "Node Type": "Hash Join",
                "Parent Relationship": "Outer",
                "Parallel Aware": true,
                "Join Type": "Inner",
                "Startup Cost": 98945.6,
                "Total Cost": 118124.51,
                "Plan Rows": 15934,
                "Plan Width": 0,
                "Actual Startup Time": 480.283,
                "Actual Total Time": 528.168,
                "Actual Rows": 5362,
                "Actual Loops": 2,
                "Inner Unique": false,
                "Hash Cond": "(mi_idx.movie_id = t.id)",
                "Plans": [
                  {
                    "Node Type": "Seq Scan",
                    "Parent Relationship": "Outer",
                    "Parallel Aware": true,
                    "Relation Name": "movie_info_idx",
                    "Alias": "mi_idx",
                    "Startup Cost": 0.0,
                    "Total Cost": 18082.32,
                    "Plan Rows": 267429,
                    "Plan Width": 4,
                    "Actual Startup Time": 0.026,
                    "Actual Total Time": 48.87,
                    "Actual Rows": 229962,
                    "Actual Loops": 2,
                    "Filter": "(info_type_id < 100)",
                    "Rows Removed by Filter": 460055
                  },
                  {
                    "Node Type": "Hash",
                    "Parent Relationship": "Inner",
                    "Parallel Aware": true,
                    "Startup Cost": 97837.96,
                    "Total Cost": 97837.96,
                    "Plan Rows": 88611,
                    "Plan Width": 8,
                    "Actual Startup Time": 455.569,
                    "Actual Total Time": 455.573,
                    "Actual Rows": 9362,
                    "Actual Loops": 2,
                    "Hash Buckets": 262144,
                    "Original Hash Buckets": 262144,
                    "Hash Batches": 1,
                    "Original Hash Batches": 1,
                    "Peak Memory Usage": 2816,
                    "Plans": [
                      {
                        "Node Type": "Hash Join",
                        "Parent Relationship": "Outer",
                        "Parallel Aware": true,
                        "Join Type": "Inner",
                        "Startup Cost": 71197.72,
                        "Total Cost": 97837.96,
                        "Plan Rows": 88611,
                        "Plan Width": 8,
                        "Actual Startup Time": 382.783,
                        "Actual Total Time": 452.957,
                        "Actual Rows": 9362,
                        "Actual Loops": 2,
                        "Inner Unique": true,
                        "Hash Cond": "(mk.movie_id = t.id)",
                        "Plans": [
                          {
                            "Node Type": "Bitmap Heap Scan",
                            "Parent Relationship": "Outer",
                            "Parallel Aware": true,
                            "Relation Name": "movie_keyword",
                            "Alias": "mk",
                            "Startup Cost": 5212.81,
                            "Total Cost": 31473.62,
                            "Plan Rows": 144545,
                            "Plan Width": 4,
                            "Actual Startup Time": 15.447,
                            "Actual Total Time": 58.504,
                            "Actual Rows": 117880,
                            "Actual Loops": 2,
                            "Recheck Cond": "(keyword_id > 62550)",
                            "Rows Removed by Index Recheck": 0,
                            "Exact Heap Blocks": 12419,
                            "Lossy Heap Blocks": 0,
                            "Plans": [
                              {
                                "Node Type": "Bitmap Index Scan",
                                "Parent Relationship": "Outer",
                                "Parallel Aware": false,
                                "Index Name": "keyword_id_movie_keyword",
                                "Startup Cost": 0.0,
                                "Total Cost": 5151.38,
                                "Plan Rows": 245726,
                                "Plan Width": 0,
                                "Actual Startup Time": 12.405,
                                "Actual Total Time": 12.406,
                                "Actual Rows": 235761,
                                "Actual Loops": 1,
                                "Index Cond": "(keyword_id > 62550)"
                              }
                            ]
                          },
                          {
                            "Node Type": "Hash",
                            "Parent Relationship": "Inner",
                            "Parallel Aware": true,
                            "Startup Cost": 54588.39,
                            "Total Cost": 54588.39,
                            "Plan Rows": 911722,
                            "Plan Width": 4,
                            "Actual Startup Time": 355.271,
                            "Actual Total Time": 355.272,
                            "Actual Rows": 777932,
                            "Actual Loops": 2,
                            "Hash Buckets": 2097152,
                            "Original Hash Buckets": 2097152,
                            "Hash Batches": 1,
                            "Original Hash Batches": 1,
                            "Peak Memory Usage": 77280,
                            "Plans": [
                              {
                                "Node Type": "Seq Scan",
                                "Parent Relationship": "Outer",
                                "Parallel Aware": true,
                                "Relation Name": "title",
                                "Alias": "t",
                                "Startup Cost": 0.0,
                                "Total Cost": 54588.39,
                                "Plan Rows": 911722,
                                "Plan Width": 4,
                                "Actual Startup Time": 0.028,
                                "Actual Total Time": 157.983,
                                "Actual Rows": 777932,
                                "Actual Loops": 2,
                                "Filter": "(kind_id > 4)",
                                "Rows Removed by Filter": 486224
                              }
                            ]
                          }
                        ]
                      }
                    ]
                  }
                ]
              }
            ]
          }
        ]
      }
    ]
  },
  "Planning Time": 0.986,
  "Triggers": [],
  "Execution Time": 560.035
}