[
    {
        "Bao": {
            "Bao prediction": 450.005,
            "Bao recommended hint": "(no hint)"
        }
    },
    {
        "Plan": {
            "Node Type": "Aggregate",
            "Strategy": "Plain",
            "Partial Mode": "Finalize",
            "Parallel Aware": false,
            "Startup Cost": 33082.15,
            "Total Cost": 33082.16,
            "Plan Rows": 1,
            "Plan Width": 8,
            "Actual Startup Time": 105.05,
            "Actual Total Time": 109.676,
            "Actual Rows": 1,
            "Actual Loops": 1,
            "Output": [
                "count(*)"
            ],
            "Plans": [
                {
                    "Node Type": "Gather",
                    "Parent Relationship": "Outer",
                    "Parallel Aware": false,
                    "Startup Cost": 33081.83,
                    "Total Cost": 33082.14,
                    "Plan Rows": 3,
                    "Plan Width": 8,
                    "Actual Startup Time": 104.844,
                    "Actual Total Time": 109.668,
                    "Actual Rows": 4,
                    "Actual Loops": 1,
                    "Output": [
                        "(PARTIAL count(*))"
                    ],
                    "Workers Planned": 3,
                    "Workers Launched": 3,
                    "Single Copy": false,
                    "Plans": [
                        {
                            "Node Type": "Aggregate",
                            "Strategy": "Plain",
                            "Partial Mode": "Partial",
                            "Parent Relationship": "Outer",
                            "Parallel Aware": false,
                            "Startup Cost": 32081.83,
                            "Total Cost": 32081.84,
                            "Plan Rows": 1,
                            "Plan Width": 8,
                            "Actual Startup Time": 97.108,
                            "Actual Total Time": 97.109,
                            "Actual Rows": 1,
                            "Actual Loops": 4,
                            "Output": [
                                "PARTIAL count(*)"
                            ],
                            "Workers": [
                                {
                                    "Worker Number": 0,
                                    "Actual Startup Time": 94.586,
                                    "Actual Total Time": 94.587,
                                    "Actual Rows": 1,
                                    "Actual Loops": 1
                                },
                                {
                                    "Worker Number": 1,
                                    "Actual Startup Time": 94.597,
                                    "Actual Total Time": 94.598,
                                    "Actual Rows": 1,
                                    "Actual Loops": 1
                                },
                                {
                                    "Worker Number": 2,
                                    "Actual Startup Time": 95.021,
                                    "Actual Total Time": 95.022,
                                    "Actual Rows": 1,
                                    "Actual Loops": 1
                                }
                            ],
                            "Plans": [
                                {
                                    "Node Type": "Seq Scan",
                                    "Parent Relationship": "Outer",
                                    "Parallel Aware": true,
                                    "Relation Name": "movie_companies",
                                    "Schema": "public",
                                    "Alias": "mc",
                                    "Startup Cost": 0.0,
                                    "Total Cost": 31414.82,
                                    "Plan Rows": 266804,
                                    "Plan Width": 0,
                                    "Actual Startup Time": 50.873,
                                    "Actual Total Time": 89.624,
                                    "Actual Rows": 130260,
                                    "Actual Loops": 4,
                                    "Output": [
                                        "id",
                                        "movie_id",
                                        "company_id",
                                        "company_type_id",
                                        "note"
                                    ],
                                    "Filter": "((mc.company_id < 17068) AND (mc.company_type_id = 2))",
                                    "Rows Removed by Filter": 522022,
                                    "Workers": [
                                        {
                                            "Worker Number": 0,
                                            "Actual Startup Time": 48.361,
                                            "Actual Total Time": 87.253,
                                            "Actual Rows": 109064,
                                            "Actual Loops": 1
                                        },
                                        {
                                            "Worker Number": 1,
                                            "Actual Startup Time": 48.359,
                                            "Actual Total Time": 87.221,
                                            "Actual Rows": 107848,
                                            "Actual Loops": 1
                                        },
                                        {
                                            "Worker Number": 2,
                                            "Actual Startup Time": 48.785,
                                            "Actual Total Time": 87.663,
                                            "Actual Rows": 107588,
                                            "Actual Loops": 1
                                        }
                                    ]
                                }
                            ]
                        }
                    ]
                }
            ]
        },
        "Planning Time": 641.18,
        "Triggers": [],
        "Execution Time": 109.773
    }
]