{
  "Plan": {
    "Node Type": "Aggregate",
    "Strategy": "Plain",
    "Partial Mode": "Finalize",
    "Parallel Aware": false,
    "Startup Cost": 158822.71,
    "Total Cost": 158822.72,
    "Plan Rows": 1,
    "Plan Width": 8,
    "Actual Startup Time": 748.889,
    "Actual Total Time": 765.466,
    "Actual Rows": 1,
    "Actual Loops": 1,
    "Plans": [
      {
        "Node Type": "Gather",
        "Parent Relationship": "Outer",
        "Parallel Aware": false,
        "Startup Cost": 158822.59,
        "Total Cost": 158822.7,
        "Plan Rows": 1,
        "Plan Width": 8,
        "Actual Startup Time": 747.3,
        "Actual Total Time": 765.457,
        "Actual Rows": 2,
        "Actual Loops": 1,
        "Workers Planned": 1,
        "Workers Launched": 1,
        "Single Copy": false,
        "Plans": [
          {
            "Node Type": "Aggregate",
            "Strategy": "Plain",
            "Partial Mode": "Partial",
            "Parent Relationship": "Outer",
            "Parallel Aware": false,
            "Startup Cost": 157822.59,
            "Total Cost": 157822.6,
            "Plan Rows": 1,
            "Plan Width": 8,
            "Actual Startup Time": 741.233,
            "Actual Total Time": 741.238,
            "Actual Rows": 1,
            "Actual Loops": 2,
            "Plans": [
              {
                "Node Type": "Nested Loop",
                "Parent Relationship": "Outer",
                "Parallel Aware": false,
                "Join Type": "Inner",
                "Startup Cost": 75487.78,
                "Total Cost": 157781.8,
                "Plan Rows": 16318,
                "Plan Width": 0,
                "Actual Startup Time": 290.371,
                "Actual Total Time": 734.212,
                "Actual Rows": 105868,
                "Actual Loops": 2,
                "Inner Unique": false,
                "Plans": [
                  {
                    "Node Type": "Hash Join",
                    "Parent Relationship": "Outer",
                    "Parallel Aware": true,
                    "Join Type": "Inner",
                    "Startup Cost": 75487.36,
                    "Total Cost": 105053.83,
                    "Plan Rows": 90749,
                    "Plan Width": 8,
                    "Actual Startup Time": 290.272,
                    "Actual Total Time": 432.16,
                    "Actual Rows": 134522,
                    "Actual Loops": 2,
                    "Inner Unique": true,
                    "Hash Cond": "(mk.movie_id = t.id)",
                    "Plans": [
                      {
                        "Node Type": "Bitmap Heap Scan",
                        "Parent Relationship": "Outer",
                        "Parallel Aware": true,
                        "Relation Name": "movie_keyword",
                        "Alias": "mk",
                        "Startup Cost": 12189.78,
                        "Total Cost": 40868.96,
                        "Plan Rows": 338015,
                        "Plan Width": 4,
                        "Actual Startup Time": 35.756,
                        "Actual Total Time": 115.56,
                        "Actual Rows": 281460,
                        "Actual Loops": 2,
                        "Recheck Cond": "(keyword_id > 32608)",
                        "Rows Removed by Index Recheck": 0,
                        "Exact Heap Blocks": 12646,
                        "Lossy Heap Blocks": 0,
                        "Plans": [
                          {
                            "Node Type": "Bitmap Index Scan",
                            "Parent Relationship": "Outer",
                            "Parallel Aware": false,
                            "Index Name": "keyword_id_movie_keyword",
                            "Startup Cost": 0.0,
                            "Total Cost": 12046.12,
                            "Plan Rows": 574625,
                            "Plan Width": 0,
                            "Actual Startup Time": 32.277,
                            "Actual Total Time": 32.278,
                            "Actual Rows": 562920,
                            "Actual Loops": 1,
                            "Index Cond": "(keyword_id > 32608)"
                          }
                        ]
                      },
                      {
                        "Node Type": "Hash",
                        "Parent Relationship": "Inner",
                        "Parallel Aware": true,
                        "Startup Cost": 58306.47,
                        "Total Cost": 58306.47,
                        "Plan Rows": 399289,
                        "Plan Width": 4,
                        "Actual Startup Time": 245.298,
                        "Actual Total Time": 245.299,
                        "Actual Rows": 288142,
                        "Actual Loops": 2,
                        "Hash Buckets": 1048576,
                        "Original Hash Buckets": 1048576,
                        "Hash Batches": 1,
                        "Original Hash Batches": 1,
                        "Peak Memory Usage": 30784,
                        "Plans": [
                          {
                            "Node Type": "Seq Scan",
                            "Parent Relationship": "Outer",
                            "Parallel Aware": true,
                            "Relation Name": "title",
                            "Alias": "t",
                            "Startup Cost": 0.0,
                            "Total Cost": 58306.47,
                            "Plan Rows": 399289,
                            "Plan Width": 4,
                            "Actual Startup Time": 0.033,
                            "Actual Total Time": 156.153,
                            "Actual Rows": 288142,
                            "Actual Loops": 2,
                            "Filter": "((kind_id < 7) AND (production_year > 1991))",
                            "Rows Removed by Filter": 976014
                          }
                        ]
                      }
                    ]
                  },
                  {
                    "Node Type": "Index Scan",
                    "Parent Relationship": "Inner",
                    "Parallel Aware": false,
                    "Scan Direction": "Forward",
                    "Index Name": "movie_id_movie_info_idx",
                    "Relation Name": "movie_info_idx",
                    "Alias": "mi_idx",
                    "Startup Cost": 0.43,
                    "Total Cost": 0.57,
                    "Plan Rows": 1,
                    "Plan Width": 4,
                    "Actual Startup Time": 0.002,
                    "Actual Total Time": 0.002,
                    "Actual Rows": 1,
                    "Actual Loops": 269045,
                    "Index Cond": "(movie_id = t.id)",
                    "Rows Removed by Index Recheck": 0,
                    "Filter": "(info_type_id < 100)",
                    "Rows Removed by Filter": 2
                  }
                ]
              }
            ]
          }
        ]
      }
    ]
  },
  "Planning Time": 1.068,
  "Triggers": [],
  "Execution Time": 765.57
}