[
  {
    "Plan": {
      "Node Type": "Aggregate",
      "Strategy": "Plain",
      "Partial Mode": "Finalize",
      "Parallel Aware": false,
      "Startup Cost": 44772.76,
      "Total Cost": 44772.77,
      "Plan Rows": 1,
      "Plan Width": 8,
      "Actual Startup Time": 128.392,
      "Actual Total Time": 138.099,
      "Actual Rows": 1,
      "Actual Loops": 1,
      "Plans": [
        {
          "Node Type": "Gather",
          "Parent Relationship": "Outer",
          "Parallel Aware": false,
          "Startup Cost": 44772.44,
          "Total Cost": 44772.75,
          "Plan Rows": 3,
          "Plan Width": 8,
          "Actual Startup Time": 128.264,
          "Actual Total Time": 138.089,
          "Actual Rows": 4,
          "Actual Loops": 1,
          "Workers Planned": 3,
          "Workers Launched": 3,
          "Single Copy": false,
          "Plans": [
            {
              "Node Type": "Aggregate",
              "Strategy": "Plain",
              "Partial Mode": "Partial",
              "Parent Relationship": "Outer",
              "Parallel Aware": false,
              "Startup Cost": 43772.44,
              "Total Cost": 43772.45,
              "Plan Rows": 1,
              "Plan Width": 8,
              "Actual Startup Time": 124.052,
              "Actual Total Time": 124.053,
              "Actual Rows": 1,
              "Actual Loops": 4,
              "Plans": [
                {
                  "Node Type": "Seq Scan",
                  "Parent Relationship": "Outer",
                  "Parallel Aware": true,
                  "Relation Name": "movie_keyword",
                  "Alias": "mk",
                  "Startup Cost": 0.0,
                  "Total Cost": 42695.65,
                  "Plan Rows": 430714,
                  "Plan Width": 0,
                  "Actual Startup Time": 2.11,
                  "Actual Total Time": 108.04,
                  "Actual Rows": 335854,
                  "Actual Loops": 4,
                  "Filter": "(keyword_id > 12733)",
                  "Rows Removed by Filter": 795129
                }
              ]
            }
          ]
        }
      ]
    },
    "Planning Time": 0.22,
    "Triggers": [],
    "Execution Time": 138.156
  }
]