[
    {
        "Bao": {
            "Bao prediction": "NaN",
            "Bao recommended hint": "(no hint)"
        }
    },
    {
        "Plan": {
            "Node Type": "Aggregate",
            "Strategy": "Plain",
            "Partial Mode": "Finalize",
            "Parallel Aware": false,
            "Startup Cost": 770454.94,
            "Total Cost": 770454.95,
            "Plan Rows": 1,
            "Plan Width": 8,
            "Actual Startup Time": 13774.914,
            "Actual Total Time": 13891.213,
            "Actual Rows": 1,
            "Actual Loops": 1,
            "Output": [
                "count(*)"
            ],
            "Plans": [
                {
                    "Node Type": "Gather",
                    "Parent Relationship": "Outer",
                    "Parallel Aware": false,
                    "Startup Cost": 770454.31,
                    "Total Cost": 770454.92,
                    "Plan Rows": 6,
                    "Plan Width": 8,
                    "Actual Startup Time": 13727.289,
                    "Actual Total Time": 13891.2,
                    "Actual Rows": 7,
                    "Actual Loops": 1,
                    "Output": [
                        "(PARTIAL count(*))"
                    ],
                    "Workers Planned": 6,
                    "Workers Launched": 6,
                    "Single Copy": false,
                    "Plans": [
                        {
                            "Node Type": "Aggregate",
                            "Strategy": "Plain",
                            "Partial Mode": "Partial",
                            "Parent Relationship": "Outer",
                            "Parallel Aware": false,
                            "Startup Cost": 769454.31,
                            "Total Cost": 769454.32,
                            "Plan Rows": 1,
                            "Plan Width": 8,
                            "Actual Startup Time": 13685.143,
                            "Actual Total Time": 13686.395,
                            "Actual Rows": 1,
                            "Actual Loops": 7,
                            "Output": [
                                "PARTIAL count(*)"
                            ],
                            "Workers": [
                                {
                                    "Worker Number": 0,
                                    "Actual Startup Time": 13688.326,
                                    "Actual Total Time": 13688.331,
                                    "Actual Rows": 1,
                                    "Actual Loops": 1
                                },
                                {
                                    "Worker Number": 1,
                                    "Actual Startup Time": 13676.254,
                                    "Actual Total Time": 13676.258,
                                    "Actual Rows": 1,
                                    "Actual Loops": 1
                                },
                                {
                                    "Worker Number": 2,
                                    "Actual Startup Time": 13676.022,
                                    "Actual Total Time": 13676.028,
                                    "Actual Rows": 1,
                                    "Actual Loops": 1
                                },
                                {
                                    "Worker Number": 3,
                                    "Actual Startup Time": 13676.105,
                                    "Actual Total Time": 13676.11,
                                    "Actual Rows": 1,
                                    "Actual Loops": 1
                                },
                                {
                                    "Worker Number": 4,
                                    "Actual Startup Time": 13676.168,
                                    "Actual Total Time": 13676.174,
                                    "Actual Rows": 1,
                                    "Actual Loops": 1
                                },
                                {
                                    "Worker Number": 5,
                                    "Actual Startup Time": 13676.539,
                                    "Actual Total Time": 13676.543,
                                    "Actual Rows": 1,
                                    "Actual Loops": 1
                                }
                            ],
                            "Plans": [
                                {
                                    "Node Type": "Hash Join",
                                    "Parent Relationship": "Outer",
                                    "Parallel Aware": true,
                                    "Join Type": "Inner",
                                    "Startup Cost": 286357.17,
                                    "Total Cost": 699949.36,
                                    "Plan Rows": 27801982,
                                    "Plan Width": 0,
                                    "Actual Startup Time": 2315.858,
                                    "Actual Total Time": 11585.539,
                                    "Actual Rows": 50871000,
                                    "Actual Loops": 7,
                                    "Inner Unique": false,
                                    "Hash Cond": "(ci.movie_id = t.id)",
                                    "Workers": [
                                        {
                                            "Worker Number": 0,
                                            "Actual Startup Time": 2308.406,
                                            "Actual Total Time": 11590.765,
                                            "Actual Rows": 47834357,
                                            "Actual Loops": 1
                                        },
                                        {
                                            "Worker Number": 1,
                                            "Actual Startup Time": 2308.607,
                                            "Actual Total Time": 11570.634,
                                            "Actual Rows": 49637744,
                                            "Actual Loops": 1
                                        },
                                        {
                                            "Worker Number": 2,
                                            "Actual Startup Time": 2308.617,
                                            "Actual Total Time": 11604.695,
                                            "Actual Rows": 53958037,
                                            "Actual Loops": 1
                                        },
                                        {
                                            "Worker Number": 3,
                                            "Actual Startup Time": 2308.594,
                                            "Actual Total Time": 11656.203,
                                            "Actual Rows": 49984206,
                                            "Actual Loops": 1
                                        },
                                        {
                                            "Worker Number": 4,
                                            "Actual Startup Time": 2308.682,
                                            "Actual Total Time": 11660.96,
                                            "Actual Rows": 50017952,
                                            "Actual Loops": 1
                                        },
                                        {
                                            "Worker Number": 5,
                                            "Actual Startup Time": 2308.959,
                                            "Actual Total Time": 11537.963,
                                            "Actual Rows": 51559539,
                                            "Actual Loops": 1
                                        }
                                    ],
                                    "Plans": [
                                        {
                                            "Node Type": "Seq Scan",
                                            "Parent Relationship": "Outer",
                                            "Parallel Aware": true,
                                            "Relation Name": "cast_info",
                                            "Schema": "public",
                                            "Alias": "ci",
                                            "Startup Cost": 0.0,
                                            "Total Cost": 328213.62,
                                            "Plan Rows": 4763938,
                                            "Plan Width": 4,
                                            "Actual Startup Time": 78.934,
                                            "Actual Total Time": 574.918,
                                            "Actual Rows": 4052341,
                                            "Actual Loops": 7,
                                            "Output": [
                                                "ci.id",
                                                "ci.person_id",
                                                "ci.movie_id",
                                                "ci.person_role_id",
                                                "ci.note",
                                                "ci.nr_order",
                                                "ci.role_id"
                                            ],
                                            "Filter": "(ci.person_id > 768086)",
                                            "Rows Removed by Filter": 1125423,
                                            "Workers": [
                                                {
                                                    "Worker Number": 0,
                                                    "Actual Startup Time": 78.926,
                                                    "Actual Total Time": 581.723,
                                                    "Actual Rows": 3796118,
                                                    "Actual Loops": 1
                                                },
                                                {
                                                    "Worker Number": 1,
                                                    "Actual Startup Time": 78.867,
                                                    "Actual Total Time": 583.269,
                                                    "Actual Rows": 3928262,
                                                    "Actual Loops": 1
                                                },
                                                {
                                                    "Worker Number": 2,
                                                    "Actual Startup Time": 79.005,
                                                    "Actual Total Time": 600.988,
                                                    "Actual Rows": 4319069,
                                                    "Actual Loops": 1
                                                },
                                                {
                                                    "Worker Number": 3,
                                                    "Actual Startup Time": 79.011,
                                                    "Actual Total Time": 568.439,
                                                    "Actual Rows": 3972809,
                                                    "Actual Loops": 1
                                                },
                                                {
                                                    "Worker Number": 4,
                                                    "Actual Startup Time": 79.0,
                                                    "Actual Total Time": 571.447,
                                                    "Actual Rows": 4004248,
                                                    "Actual Loops": 1
                                                },
                                                {
                                                    "Worker Number": 5,
                                                    "Actual Startup Time": 78.87,
                                                    "Actual Total Time": 609.429,
                                                    "Actual Rows": 4089640,
                                                    "Actual Loops": 1
                                                }
                                            ]
                                        },
                                        {
                                            "Node Type": "Hash",
                                            "Parent Relationship": "Inner",
                                            "Parallel Aware": true,
                                            "Startup Cost": 249469.43,
                                            "Total Cost": 249469.43,
                                            "Plan Rows": 2951019,
                                            "Plan Width": 8,
                                            "Actual Startup Time": 2220.676,
                                            "Actual Total Time": 2221.926,
                                            "Actual Rows": 2119389,
                                            "Actual Loops": 7,
                                            "Output": [
                                                "t.id",
                                                "mi.movie_id"
                                            ],
                                            "Hash Buckets": 16777216,
                                            "Original Hash Buckets": 16777216,
                                            "Hash Batches": 1,
                                            "Original Hash Batches": 1,
                                            "Peak Memory Usage": 711584,
                                            "Workers": [
                                                {
                                                    "Worker Number": 0,
                                                    "Actual Startup Time": 2228.474,
                                                    "Actual Total Time": 2228.477,
                                                    "Actual Rows": 1710860,
                                                    "Actual Loops": 1
                                                },
                                                {
                                                    "Worker Number": 1,
                                                    "Actual Startup Time": 2228.76,
                                                    "Actual Total Time": 2228.763,
                                                    "Actual Rows": 2333208,
                                                    "Actual Loops": 1
                                                },
                                                {
                                                    "Worker Number": 2,
                                                    "Actual Startup Time": 2228.804,
                                                    "Actual Total Time": 2228.807,
                                                    "Actual Rows": 2322055,
                                                    "Actual Loops": 1
                                                },
                                                {
                                                    "Worker Number": 3,
                                                    "Actual Startup Time": 2228.747,
                                                    "Actual Total Time": 2228.75,
                                                    "Actual Rows": 2173662,
                                                    "Actual Loops": 1
                                                },
                                                {
                                                    "Worker Number": 4,
                                                    "Actual Startup Time": 2228.881,
                                                    "Actual Total Time": 2228.885,
                                                    "Actual Rows": 2105834,
                                                    "Actual Loops": 1
                                                },
                                                {
                                                    "Worker Number": 5,
                                                    "Actual Startup Time": 2229.097,
                                                    "Actual Total Time": 2229.101,
                                                    "Actual Rows": 1733587,
                                                    "Actual Loops": 1
                                                }
                                            ],
                                            "Plans": [
                                                {
                                                    "Node Type": "Hash Join",
                                                    "Parent Relationship": "Outer",
                                                    "Parallel Aware": true,
                                                    "Join Type": "Inner",
                                                    "Startup Cost": 50219.81,
                                                    "Total Cost": 249469.43,
                                                    "Plan Rows": 2951019,
                                                    "Plan Width": 8,
                                                    "Actual Startup Time": 242.34,
                                                    "Actual Total Time": 1343.735,
                                                    "Actual Rows": 2119389,
                                                    "Actual Loops": 7,
                                                    "Output": [
                                                        "t.id",
                                                        "mi.movie_id"
                                                    ],
                                                    "Inner Unique": true,
                                                    "Hash Cond": "(mi.movie_id = t.id)",
                                                    "Workers": [
                                                        {
                                                            "Worker Number": 0,
                                                            "Actual Startup Time": 242.345,
                                                            "Actual Total Time": 1352.981,
                                                            "Actual Rows": 1710860,
                                                            "Actual Loops": 1
                                                        },
                                                        {
                                                            "Worker Number": 1,
                                                            "Actual Startup Time": 242.229,
                                                            "Actual Total Time": 1342.422,
                                                            "Actual Rows": 2333208,
                                                            "Actual Loops": 1
                                                        },
                                                        {
                                                            "Worker Number": 2,
                                                            "Actual Startup Time": 242.298,
                                                            "Actual Total Time": 1341.489,
                                                            "Actual Rows": 2322055,
                                                            "Actual Loops": 1
                                                        },
                                                        {
                                                            "Worker Number": 3,
                                                            "Actual Startup Time": 242.304,
                                                            "Actual Total Time": 1341.849,
                                                            "Actual Rows": 2173662,
                                                            "Actual Loops": 1
                                                        },
                                                        {
                                                            "Worker Number": 4,
                                                            "Actual Startup Time": 242.307,
                                                            "Actual Total Time": 1347.38,
                                                            "Actual Rows": 2105834,
                                                            "Actual Loops": 1
                                                        },
                                                        {
                                                            "Worker Number": 5,
                                                            "Actual Startup Time": 242.297,
                                                            "Actual Total Time": 1349.441,
                                                            "Actual Rows": 1733587,
                                                            "Actual Loops": 1
                                                        }
                                                    ],
                                                    "Plans": [
                                                        {
                                                            "Node Type": "Seq Scan",
                                                            "Parent Relationship": "Outer",
                                                            "Parallel Aware": true,
                                                            "Relation Name": "movie_info",
                                                            "Schema": "public",
                                                            "Alias": "mi",
                                                            "Startup Cost": 0.0,
                                                            "Total Cost": 191503.19,
                                                            "Plan Rows": 2951019,
                                                            "Plan Width": 4,
                                                            "Actual Startup Time": 0.029,
                                                            "Actual Total Time": 276.767,
                                                            "Actual Rows": 2119389,
                                                            "Actual Loops": 7,
                                                            "Output": [
                                                                "mi.id",
                                                                "mi.movie_id",
                                                                "mi.info_type_id",
                                                                "mi.info",
                                                                "mi.note"
                                                            ],
                                                            "Workers": [
                                                                {
                                                                    "Worker Number": 0,
                                                                    "Actual Startup Time": 0.041,
                                                                    "Actual Total Time": 297.93,
                                                                    "Actual Rows": 1710860,
                                                                    "Actual Loops": 1
                                                                },
                                                                {
                                                                    "Worker Number": 1,
                                                                    "Actual Startup Time": 0.031,
                                                                    "Actual Total Time": 281.099,
                                                                    "Actual Rows": 2333208,
                                                                    "Actual Loops": 1
                                                                },
                                                                {
                                                                    "Worker Number": 2,
                                                                    "Actual Startup Time": 0.026,
                                                                    "Actual Total Time": 280.835,
                                                                    "Actual Rows": 2322055,
                                                                    "Actual Loops": 1
                                                                },
                                                                {
                                                                    "Worker Number": 3,
                                                                    "Actual Startup Time": 0.029,
                                                                    "Actual Total Time": 271.874,
                                                                    "Actual Rows": 2173662,
                                                                    "Actual Loops": 1
                                                                },
                                                                {
                                                                    "Worker Number": 4,
                                                                    "Actual Startup Time": 0.028,
                                                                    "Actual Total Time": 280.463,
                                                                    "Actual Rows": 2105834,
                                                                    "Actual Loops": 1
                                                                },
                                                                {
                                                                    "Worker Number": 5,
                                                                    "Actual Startup Time": 0.034,
                                                                    "Actual Total Time": 306.526,
                                                                    "Actual Rows": 1733587,
                                                                    "Actual Loops": 1
                                                                }
                                                            ]
                                                        },
                                                        {
                                                            "Node Type": "Hash",
                                                            "Parent Relationship": "Inner",
                                                            "Parallel Aware": true,
                                                            "Startup Cost": 42318.81,
                                                            "Total Cost": 42318.81,
                                                            "Plan Rows": 632080,
                                                            "Plan Width": 4,
                                                            "Actual Startup Time": 238.849,
                                                            "Actual Total Time": 238.85,
                                                            "Actual Rows": 361187,
                                                            "Actual Loops": 7,
                                                            "Output": [
                                                                "t.id"
                                                            ],
                                                            "Hash Buckets": 4194304,
                                                            "Original Hash Buckets": 4194304,
                                                            "Hash Batches": 1,
                                                            "Original Hash Batches": 1,
                                                            "Peak Memory Usage": 131808,
                                                            "Workers": [
                                                                {
                                                                    "Worker Number": 0,
                                                                    "Actual Startup Time": 242.011,
                                                                    "Actual Total Time": 242.012,
                                                                    "Actual Rows": 271045,
                                                                    "Actual Loops": 1
                                                                },
                                                                {
                                                                    "Worker Number": 1,
                                                                    "Actual Startup Time": 242.123,
                                                                    "Actual Total Time": 242.125,
                                                                    "Actual Rows": 382203,
                                                                    "Actual Loops": 1
                                                                },
                                                                {
                                                                    "Worker Number": 2,
                                                                    "Actual Startup Time": 242.002,
                                                                    "Actual Total Time": 242.003,
                                                                    "Actual Rows": 382409,
                                                                    "Actual Loops": 1
                                                                },
                                                                {
                                                                    "Worker Number": 3,
                                                                    "Actual Startup Time": 241.975,
                                                                    "Actual Total Time": 241.976,
                                                                    "Actual Rows": 340152,
                                                                    "Actual Loops": 1
                                                                },
                                                                {
                                                                    "Worker Number": 4,
                                                                    "Actual Startup Time": 241.984,
                                                                    "Actual Total Time": 241.985,
                                                                    "Actual Rows": 345570,
                                                                    "Actual Loops": 1
                                                                },
                                                                {
                                                                    "Worker Number": 5,
                                                                    "Actual Startup Time": 241.947,
                                                                    "Actual Total Time": 241.948,
                                                                    "Actual Rows": 286397,
                                                                    "Actual Loops": 1
                                                                }
                                                            ],
                                                            "Plans": [
                                                                {
                                                                    "Node Type": "Seq Scan",
                                                                    "Parent Relationship": "Outer",
                                                                    "Parallel Aware": true,
                                                                    "Relation Name": "title",
                                                                    "Schema": "public",
                                                                    "Alias": "t",
                                                                    "Startup Cost": 0.0,
                                                                    "Total Cost": 42318.81,
                                                                    "Plan Rows": 632080,
                                                                    "Plan Width": 4,
                                                                    "Actual Startup Time": 0.065,
                                                                    "Actual Total Time": 68.625,
                                                                    "Actual Rows": 361187,
                                                                    "Actual Loops": 7,
                                                                    "Output": [
                                                                        "t.id"
                                                                    ],
                                                                    "Workers": [
                                                                        {
                                                                            "Worker Number": 0,
                                                                            "Actual Startup Time": 0.073,
                                                                            "Actual Total Time": 73.72,
                                                                            "Actual Rows": 271045,
                                                                            "Actual Loops": 1
                                                                        },
                                                                        {
                                                                            "Worker Number": 1,
                                                                            "Actual Startup Time": 0.096,
                                                                            "Actual Total Time": 69.851,
                                                                            "Actual Rows": 382203,
                                                                            "Actual Loops": 1
                                                                        },
                                                                        {
                                                                            "Worker Number": 2,
                                                                            "Actual Startup Time": 0.053,
                                                                            "Actual Total Time": 69.35,
                                                                            "Actual Rows": 382409,
                                                                            "Actual Loops": 1
                                                                        },
                                                                        {
                                                                            "Worker Number": 3,
                                                                            "Actual Startup Time": 0.094,
                                                                            "Actual Total Time": 69.053,
                                                                            "Actual Rows": 340152,
                                                                            "Actual Loops": 1
                                                                        },
                                                                        {
                                                                            "Worker Number": 4,
                                                                            "Actual Startup Time": 0.064,
                                                                            "Actual Total Time": 68.63,
                                                                            "Actual Rows": 345570,
                                                                            "Actual Loops": 1
                                                                        },
                                                                        {
                                                                            "Worker Number": 5,
                                                                            "Actual Startup Time": 0.062,
                                                                            "Actual Total Time": 74.295,
                                                                            "Actual Rows": 286397,
                                                                            "Actual Loops": 1
                                                                        }
                                                                    ]
                                                                }
                                                            ]
                                                        }
                                                    ]
                                                }
                                            ]
                                        }
                                    ]
                                }
                            ]
                        }
                    ]
                }
            ]
        },
        "Planning Time": 235.851,
        "Triggers": [],
        "Execution Time": 13891.321
    }
]