[
  {
    "Plan": {
      "Node Type": "Aggregate",
      "Strategy": "Plain",
      "Partial Mode": "Finalize",
      "Parallel Aware": false,
      "Startup Cost": 225137.43,
      "Total Cost": 225137.44,
      "Plan Rows": 1,
      "Plan Width": 8,
      "Actual Startup Time": 400.913,
      "Actual Total Time": 422.844,
      "Actual Rows": 1,
      "Actual Loops": 1,
      "Plans": [
        {
          "Node Type": "Gather",
          "Parent Relationship": "Outer",
          "Parallel Aware": false,
          "Startup Cost": 225136.91,
          "Total Cost": 225137.42,
          "Plan Rows": 5,
          "Plan Width": 8,
          "Actual Startup Time": 377.985,
          "Actual Total Time": 422.835,
          "Actual Rows": 6,
          "Actual Loops": 1,
          "Workers Planned": 5,
          "Workers Launched": 5,
          "Single Copy": false,
          "Plans": [
            {
              "Node Type": "Aggregate",
              "Strategy": "Plain",
              "Partial Mode": "Partial",
              "Parent Relationship": "Outer",
              "Parallel Aware": false,
              "Startup Cost": 224136.91,
              "Total Cost": 224136.92,
              "Plan Rows": 1,
              "Plan Width": 8,
              "Actual Startup Time": 356.575,
              "Actual Total Time": 356.579,
              "Actual Rows": 1,
              "Actual Loops": 6,
              "Plans": [
                {
                  "Node Type": "Hash Join",
                  "Parent Relationship": "Outer",
                  "Parallel Aware": true,
                  "Join Type": "Inner",
                  "Startup Cost": 60201.85,
                  "Total Cost": 223861.44,
                  "Plan Rows": 110188,
                  "Plan Width": 0,
                  "Actual Startup Time": 300.187,
                  "Actual Total Time": 351.89,
                  "Actual Rows": 87794,
                  "Actual Loops": 6,
                  "Inner Unique": true,
                  "Hash Cond": "(mi.movie_id = t.id)",
                  "Plans": [
                    {
                      "Node Type": "Bitmap Heap Scan",
                      "Parent Relationship": "Outer",
                      "Parallel Aware": true,
                      "Relation Name": "movie_info",
                      "Alias": "mi",
                      "Startup Cost": 9982.2,
                      "Total Cost": 173352.55,
                      "Plan Rows": 110188,
                      "Plan Width": 4,
                      "Actual Startup Time": 17.35,
                      "Actual Total Time": 35.053,
                      "Actual Rows": 87794,
                      "Actual Loops": 6,
                      "Recheck Cond": "(info_type_id > 102)",
                      "Rows Removed by Index Recheck": 0,
                      "Exact Heap Blocks": 1482,
                      "Lossy Heap Blocks": 0,
                      "Plans": [
                        {
                          "Node Type": "Bitmap Index Scan",
                          "Parent Relationship": "Outer",
                          "Parallel Aware": false,
                          "Index Name": "info_type_id_movie_info",
                          "Startup Cost": 0.0,
                          "Total Cost": 9844.47,
                          "Plan Rows": 550938,
                          "Plan Width": 0,
                          "Actual Startup Time": 16.458,
                          "Actual Total Time": 16.458,
                          "Actual Rows": 526764,
                          "Actual Loops": 1,
                          "Index Cond": "(info_type_id > 102)"
                        }
                      ]
                    },
                    {
                      "Node Type": "Hash",
                      "Parent Relationship": "Inner",
                      "Parallel Aware": true,
                      "Startup Cost": 42318.73,
                      "Total Cost": 42318.73,
                      "Plan Rows": 632073,
                      "Plan Width": 4,
                      "Actual Startup Time": 275.181,
                      "Actual Total Time": 275.183,
                      "Actual Rows": 421385,
                      "Actual Loops": 6,
                      "Hash Buckets": 4194304,
                      "Original Hash Buckets": 4194304,
                      "Hash Batches": 1,
                      "Original Hash Batches": 1,
                      "Peak Memory Usage": 131776,
                      "Plans": [
                        {
                          "Node Type": "Seq Scan",
                          "Parent Relationship": "Outer",
                          "Parallel Aware": true,
                          "Relation Name": "title",
                          "Alias": "t",
                          "Startup Cost": 0.0,
                          "Total Cost": 42318.73,
                          "Plan Rows": 632073,
                          "Plan Width": 4,
                          "Actual Startup Time": 0.036,
                          "Actual Total Time": 82.027,
                          "Actual Rows": 421385,
                          "Actual Loops": 6
                        }
                      ]
                    }
                  ]
                }
              ]
            }
          ]
        }
      ]
    },
    "Planning Time": 0.565,
    "Triggers": [],
    "Execution Time": 422.929
  }
]