{
  "Plan": {
    "Node Type": "Aggregate",
    "Strategy": "Plain",
    "Partial Mode": "Finalize",
    "Parallel Aware": false,
    "Startup Cost": 187791.65,
    "Total Cost": 187791.66,
    "Plan Rows": 1,
    "Plan Width": 8,
    "Actual Startup Time": 505.436,
    "Actual Total Time": 528.766,
    "Actual Rows": 1,
    "Actual Loops": 1,
    "Plans": [
      {
        "Node Type": "Gather",
        "Parent Relationship": "Outer",
        "Parallel Aware": false,
        "Startup Cost": 187791.54,
        "Total Cost": 187791.65,
        "Plan Rows": 1,
        "Plan Width": 8,
        "Actual Startup Time": 505.054,
        "Actual Total Time": 528.759,
        "Actual Rows": 2,
        "Actual Loops": 1,
        "Workers Planned": 1,
        "Workers Launched": 1,
        "Single Copy": false,
        "Plans": [
          {
            "Node Type": "Aggregate",
            "Strategy": "Plain",
            "Partial Mode": "Partial",
            "Parent Relationship": "Outer",
            "Parallel Aware": false,
            "Startup Cost": 186791.54,
            "Total Cost": 186791.55,
            "Plan Rows": 1,
            "Plan Width": 8,
            "Actual Startup Time": 498.992,
            "Actual Total Time": 498.996,
            "Actual Rows": 1,
            "Actual Loops": 2,
            "Plans": [
              {
                "Node Type": "Nested Loop",
                "Parent Relationship": "Outer",
                "Parallel Aware": false,
                "Join Type": "Inner",
                "Startup Cost": 59757.6,
                "Total Cost": 186409.77,
                "Plan Rows": 152707,
                "Plan Width": 0,
                "Actual Startup Time": 231.266,
                "Actual Total Time": 489.55,
                "Actual Rows": 174283,
                "Actual Loops": 2,
                "Inner Unique": false,
                "Join Filter": "(t.id = mi.movie_id)",
                "Rows Removed by Join Filter": 0,
                "Plans": [
                  {
                    "Node Type": "Hash Join",
                    "Parent Relationship": "Outer",
                    "Parallel Aware": true,
                    "Join Type": "Inner",
                    "Startup Cost": 59757.17,
                    "Total Cost": 102447.39,
                    "Plan Rows": 26116,
                    "Plan Width": 8,
                    "Actual Startup Time": 231.195,
                    "Actual Total Time": 361.169,
                    "Actual Rows": 18336,
                    "Actual Loops": 2,
                    "Inner Unique": true,
                    "Hash Cond": "(mc.movie_id = t.id)",
                    "Plans": [
                      {
                        "Node Type": "Seq Scan",
                        "Parent Relationship": "Outer",
                        "Parallel Aware": true,
                        "Relation Name": "movie_companies",
                        "Alias": "mc",
                        "Startup Cost": 0.0,
                        "Total Cost": 41811.73,
                        "Plan Rows": 334664,
                        "Plan Width": 4,
                        "Actual Startup Time": 56.614,
                        "Actual Total Time": 130.483,
                        "Actual Rows": 429950,
                        "Actual Loops": 2,
                        "Filter": "((company_id > 13644) AND (company_type_id = 2))",
                        "Rows Removed by Filter": 874614
                      },
                      {
                        "Node Type": "Hash",
                        "Parent Relationship": "Inner",
                        "Parallel Aware": true,
                        "Startup Cost": 58306.47,
                        "Total Cost": 58306.47,
                        "Plan Rows": 116056,
                        "Plan Width": 4,
                        "Actual Startup Time": 170.961,
                        "Actual Total Time": 170.962,
                        "Actual Rows": 52077,
                        "Actual Loops": 2,
                        "Hash Buckets": 262144,
                        "Original Hash Buckets": 262144,
                        "Hash Batches": 1,
                        "Original Hash Batches": 1,
                        "Peak Memory Usage": 6144,
                        "Plans": [
                          {
                            "Node Type": "Seq Scan",
                            "Parent Relationship": "Outer",
                            "Parallel Aware": true,
                            "Relation Name": "title",
                            "Alias": "t",
                            "Startup Cost": 0.0,
                            "Total Cost": 58306.47,
                            "Plan Rows": 116056,
                            "Plan Width": 4,
                            "Actual Startup Time": 0.032,
                            "Actual Total Time": 154.774,
                            "Actual Rows": 52077,
                            "Actual Loops": 2,
                            "Filter": "((production_year < 1968) AND (kind_id = 7))",
                            "Rows Removed by Filter": 1212079
                          }
                        ]
                      }
                    ]
                  },
                  {
                    "Node Type": "Index Only Scan",
                    "Parent Relationship": "Inner",
                    "Parallel Aware": false,
                    "Scan Direction": "Forward",
                    "Index Name": "movie_id_movie_info",
                    "Relation Name": "movie_info",
                    "Alias": "mi",
                    "Startup Cost": 0.43,
                    "Total Cost": 2.69,
                    "Plan Rows": 42,
                    "Plan Width": 4,
                    "Actual Startup Time": 0.002,
                    "Actual Total Time": 0.006,
                    "Actual Rows": 10,
                    "Actual Loops": 36672,
                    "Index Cond": "(movie_id = mc.movie_id)",
                    "Rows Removed by Index Recheck": 0,
                    "Heap Fetches": 348566
                  }
                ]
              }
            ]
          }
        ]
      }
    ]
  },
  "Planning Time": 1.121,
  "Triggers": [],
  "Execution Time": 528.856
}