{
  "Plan": {
    "Node Type": "Aggregate",
    "Strategy": "Plain",
    "Partial Mode": "Finalize",
    "Parallel Aware": false,
    "Startup Cost": 122975.26,
    "Total Cost": 122975.27,
    "Plan Rows": 1,
    "Plan Width": 8,
    "Actual Startup Time": 260.581,
    "Actual Total Time": 286.934,
    "Actual Rows": 1,
    "Actual Loops": 1,
    "Plans": [
      {
        "Node Type": "Gather",
        "Parent Relationship": "Outer",
        "Parallel Aware": false,
        "Startup Cost": 122975.15,
        "Total Cost": 122975.26,
        "Plan Rows": 1,
        "Plan Width": 8,
        "Actual Startup Time": 260.349,
        "Actual Total Time": 286.928,
        "Actual Rows": 2,
        "Actual Loops": 1,
        "Workers Planned": 1,
        "Workers Launched": 1,
        "Single Copy": false,
        "Plans": [
          {
            "Node Type": "Aggregate",
            "Strategy": "Plain",
            "Partial Mode": "Partial",
            "Parent Relationship": "Outer",
            "Parallel Aware": false,
            "Startup Cost": 121975.15,
            "Total Cost": 121975.16,
            "Plan Rows": 1,
            "Plan Width": 8,
            "Actual Startup Time": 254.502,
            "Actual Total Time": 254.504,
            "Actual Rows": 1,
            "Actual Loops": 2,
            "Plans": [
              {
                "Node Type": "Nested Loop",
                "Parent Relationship": "Outer",
                "Parallel Aware": false,
                "Join Type": "Inner",
                "Startup Cost": 0.87,
                "Total Cost": 121908.21,
                "Plan Rows": 26774,
                "Plan Width": 0,
                "Actual Startup Time": 2.053,
                "Actual Total Time": 247.125,
                "Actual Rows": 175786,
                "Actual Loops": 2,
                "Inner Unique": false,
                "Join Filter": "(t.id = mi.movie_id)",
                "Rows Removed by Join Filter": 0,
                "Plans": [
                  {
                    "Node Type": "Nested Loop",
                    "Parent Relationship": "Outer",
                    "Parallel Aware": false,
                    "Join Type": "Inner",
                    "Startup Cost": 0.43,
                    "Total Cost": 111637.25,
                    "Plan Rows": 4579,
                    "Plan Width": 8,
                    "Actual Startup Time": 1.911,
                    "Actual Total Time": 162.145,
                    "Actual Rows": 4260,
                    "Actual Loops": 2,
                    "Inner Unique": false,
                    "Plans": [
                      {
                        "Node Type": "Seq Scan",
                        "Parent Relationship": "Outer",
                        "Parallel Aware": true,
                        "Relation Name": "title",
                        "Alias": "t",
                        "Startup Cost": 0.0,
                        "Total Cost": 54588.39,
                        "Plan Rows": 7337,
                        "Plan Width": 4,
                        "Actual Startup Time": 0.232,
                        "Actual Total Time": 129.817,
                        "Actual Rows": 6856,
                        "Actual Loops": 2,
                        "Filter": "(production_year = 1966)",
                        "Rows Removed by Filter": 1257300
                      },
                      {
                        "Node Type": "Index Scan",
                        "Parent Relationship": "Inner",
                        "Parallel Aware": false,
                        "Scan Direction": "Forward",
                        "Index Name": "movie_id_movie_keyword",
                        "Relation Name": "movie_keyword",
                        "Alias": "mk",
                        "Startup Cost": 0.43,
                        "Total Cost": 7.62,
                        "Plan Rows": 16,
                        "Plan Width": 4,
                        "Actual Startup Time": 0.004,
                        "Actual Total Time": 0.004,
                        "Actual Rows": 1,
                        "Actual Loops": 13711,
                        "Index Cond": "(movie_id = t.id)",
                        "Rows Removed by Index Recheck": 0,
                        "Filter": "(keyword_id < 2447)",
                        "Rows Removed by Filter": 1
                      }
                    ]
                  },
                  {
                    "Node Type": "Index Only Scan",
                    "Parent Relationship": "Inner",
                    "Parallel Aware": false,
                    "Scan Direction": "Forward",
                    "Index Name": "movie_id_movie_info",
                    "Relation Name": "movie_info",
                    "Alias": "mi",
                    "Startup Cost": 0.43,
                    "Total Cost": 1.72,
                    "Plan Rows": 42,
                    "Plan Width": 4,
                    "Actual Startup Time": 0.004,
                    "Actual Total Time": 0.016,
                    "Actual Rows": 41,
                    "Actual Loops": 8520,
                    "Index Cond": "(movie_id = mk.movie_id)",
                    "Rows Removed by Index Recheck": 0,
                    "Heap Fetches": 351573
                  }
                ]
              }
            ]
          }
        ]
      }
    ]
  },
  "Planning Time": 0.819,
  "Triggers": [],
  "Execution Time": 287.011
}