[
  {
    "Plan": {
      "Node Type": "Aggregate",
      "Strategy": "Plain",
      "Partial Mode": "Finalize",
      "Parallel Aware": false,
      "Startup Cost": 44456.23,
      "Total Cost": 44456.24,
      "Plan Rows": 1,
      "Plan Width": 8,
      "Actual Startup Time": 146.401,
      "Actual Total Time": 155.981,
      "Actual Rows": 1,
      "Actual Loops": 1,
      "Plans": [
        {
          "Node Type": "Gather",
          "Parent Relationship": "Outer",
          "Parallel Aware": false,
          "Startup Cost": 44455.92,
          "Total Cost": 44456.23,
          "Plan Rows": 3,
          "Plan Width": 8,
          "Actual Startup Time": 146.152,
          "Actual Total Time": 155.972,
          "Actual Rows": 4,
          "Actual Loops": 1,
          "Workers Planned": 3,
          "Workers Launched": 3,
          "Single Copy": false,
          "Plans": [
            {
              "Node Type": "Aggregate",
              "Strategy": "Plain",
              "Partial Mode": "Partial",
              "Parent Relationship": "Outer",
              "Parallel Aware": false,
              "Startup Cost": 43455.92,
              "Total Cost": 43455.93,
              "Plan Rows": 1,
              "Plan Width": 8,
              "Actual Startup Time": 137.92,
              "Actual Total Time": 137.921,
              "Actual Rows": 1,
              "Actual Loops": 4,
              "Plans": [
                {
                  "Node Type": "Seq Scan",
                  "Parent Relationship": "Outer",
                  "Parallel Aware": true,
                  "Relation Name": "movie_keyword",
                  "Alias": "mk",
                  "Startup Cost": 0.0,
                  "Total Cost": 42695.65,
                  "Plan Rows": 304105,
                  "Plan Width": 0,
                  "Actual Startup Time": 4.42,
                  "Actual Total Time": 123.006,
                  "Actual Rows": 236096,
                  "Actual Loops": 4,
                  "Filter": "(keyword_id > 20095)",
                  "Rows Removed by Filter": 894886
                }
              ]
            }
          ]
        }
      ]
    },
    "Planning Time": 0.158,
    "Triggers": [],
    "Execution Time": 156.031
  }
]