[
  {
    "Plan": {
      "Node Type": "Aggregate",
      "Strategy": "Plain",
      "Partial Mode": "Finalize",
      "Parallel Aware": false,
      "Startup Cost": 637390.38,
      "Total Cost": 637390.39,
      "Plan Rows": 1,
      "Plan Width": 8,
      "Actual Startup Time": 3281.724,
      "Actual Total Time": 3365.449,
      "Actual Rows": 1,
      "Actual Loops": 1,
      "Plans": [
        {
          "Node Type": "Gather",
          "Parent Relationship": "Outer",
          "Parallel Aware": false,
          "Startup Cost": 637389.76,
          "Total Cost": 637390.37,
          "Plan Rows": 6,
          "Plan Width": 8,
          "Actual Startup Time": 3245.51,
          "Actual Total Time": 3365.44,
          "Actual Rows": 7,
          "Actual Loops": 1,
          "Workers Planned": 6,
          "Workers Launched": 6,
          "Single Copy": false,
          "Plans": [
            {
              "Node Type": "Aggregate",
              "Strategy": "Plain",
              "Partial Mode": "Partial",
              "Parent Relationship": "Outer",
              "Parallel Aware": false,
              "Startup Cost": 636389.76,
              "Total Cost": 636389.77,
              "Plan Rows": 1,
              "Plan Width": 8,
              "Actual Startup Time": 3229.707,
              "Actual Total Time": 3229.715,
              "Actual Rows": 1,
              "Actual Loops": 7,
              "Plans": [
                {
                  "Node Type": "Hash Join",
                  "Parent Relationship": "Outer",
                  "Parallel Aware": true,
                  "Join Type": "Inner",
                  "Startup Cost": 260485.66,
                  "Total Cost": 624867.68,
                  "Plan Rows": 4608832,
                  "Plan Width": 0,
                  "Actual Startup Time": 1211.6,
                  "Actual Total Time": 3065.811,
                  "Actual Rows": 4089366,
                  "Actual Loops": 7,
                  "Inner Unique": false,
                  "Hash Cond": "(ci.movie_id = t.id)",
                  "Plans": [
                    {
                      "Node Type": "Seq Scan",
                      "Parent Relationship": "Outer",
                      "Parallel Aware": true,
                      "Relation Name": "cast_info",
                      "Alias": "ci",
                      "Startup Cost": 0.0,
                      "Total Cost": 343316.27,
                      "Plan Rows": 3159491,
                      "Plan Width": 4,
                      "Actual Startup Time": 206.055,
                      "Actual Total Time": 643.966,
                      "Actual Rows": 2369474,
                      "Actual Loops": 7,
                      "Filter": "((person_id < 2966639) AND (role_id > 1))",
                      "Rows Removed by Filter": 2808289
                    },
                    {
                      "Node Type": "Hash",
                      "Parent Relationship": "Inner",
                      "Parallel Aware": true,
                      "Startup Cost": 251264.97,
                      "Total Cost": 251264.97,
                      "Plan Rows": 737655,
                      "Plan Width": 8,
                      "Actual Startup Time": 1000.887,
                      "Actual Total Time": 1000.893,
                      "Actual Rows": 517854,
                      "Actual Loops": 7,
                      "Hash Buckets": 4194304,
                      "Original Hash Buckets": 4194304,
                      "Hash Batches": 1,
                      "Original Hash Batches": 1,
                      "Peak Memory Usage": 174688,
                      "Plans": [
                        {
                          "Node Type": "Hash Join",
                          "Parent Relationship": "Outer",
                          "Parallel Aware": true,
                          "Join Type": "Inner",
                          "Startup Cost": 50220.38,
                          "Total Cost": 251264.97,
                          "Plan Rows": 737655,
                          "Plan Width": 8,
                          "Actual Startup Time": 290.804,
                          "Actual Total Time": 786.102,
                          "Actual Rows": 517854,
                          "Actual Loops": 7,
                          "Inner Unique": true,
                          "Hash Cond": "(mi.movie_id = t.id)",
                          "Plans": [
                            {
                              "Node Type": "Seq Scan",
                              "Parent Relationship": "Outer",
                              "Parallel Aware": true,
                              "Relation Name": "movie_info",
                              "Alias": "mi",
                              "Startup Cost": 0.0,
                              "Total Cost": 199108.24,
                              "Plan Rows": 737655,
                              "Plan Width": 4,
                              "Actual Startup Time": 28.756,
                              "Actual Total Time": 319.717,
                              "Actual Rows": 517854,
                              "Actual Loops": 7,
                              "Filter": "(info_type_id < 4)",
                              "Rows Removed by Filter": 1601535
                            },
                            {
                              "Node Type": "Hash",
                              "Parent Relationship": "Inner",
                              "Parallel Aware": true,
                              "Startup Cost": 42319.06,
                              "Total Cost": 42319.06,
                              "Plan Rows": 632106,
                              "Plan Width": 4,
                              "Actual Startup Time": 257.827,
                              "Actual Total Time": 257.829,
                              "Actual Rows": 361187,
                              "Actual Loops": 7,
                              "Hash Buckets": 4194304,
                              "Original Hash Buckets": 4194304,
                              "Hash Batches": 1,
                              "Original Hash Batches": 1,
                              "Peak Memory Usage": 131808,
                              "Plans": [
                                {
                                  "Node Type": "Seq Scan",
                                  "Parent Relationship": "Outer",
                                  "Parallel Aware": true,
                                  "Relation Name": "title",
                                  "Alias": "t",
                                  "Startup Cost": 0.0,
                                  "Total Cost": 42319.06,
                                  "Plan Rows": 632106,
                                  "Plan Width": 4,
                                  "Actual Startup Time": 0.068,
                                  "Actual Total Time": 73.547,
                                  "Actual Rows": 361187,
                                  "Actual Loops": 7
                                }
                              ]
                            }
                          ]
                        }
                      ]
                    }
                  ]
                }
              ]
            }
          ]
        }
      ]
    },
    "Planning Time": 0.459,
    "Triggers": [],
    "Execution Time": 3365.5
  }
]