[
  {
    "Plan": {
      "Node Type": "Aggregate",
      "Strategy": "Plain",
      "Partial Mode": "Finalize",
      "Parallel Aware": false,
      "Startup Cost": 70862.32,
      "Total Cost": 70862.33,
      "Plan Rows": 1,
      "Plan Width": 8,
      "Actual Startup Time": 240.458,
      "Actual Total Time": 261.425,
      "Actual Rows": 1,
      "Actual Loops": 1,
      "Plans": [
        {
          "Node Type": "Gather",
          "Parent Relationship": "Outer",
          "Parallel Aware": false,
          "Startup Cost": 70862.11,
          "Total Cost": 70862.32,
          "Plan Rows": 2,
          "Plan Width": 8,
          "Actual Startup Time": 240.366,
          "Actual Total Time": 261.418,
          "Actual Rows": 3,
          "Actual Loops": 1,
          "Workers Planned": 2,
          "Workers Launched": 2,
          "Single Copy": false,
          "Plans": [
            {
              "Node Type": "Aggregate",
              "Strategy": "Plain",
              "Partial Mode": "Partial",
              "Parent Relationship": "Outer",
              "Parallel Aware": false,
              "Startup Cost": 69862.11,
              "Total Cost": 69862.12,
              "Plan Rows": 1,
              "Plan Width": 8,
              "Actual Startup Time": 232.306,
              "Actual Total Time": 232.309,
              "Actual Rows": 1,
              "Actual Loops": 3,
              "Plans": [
                {
                  "Node Type": "Nested Loop",
                  "Parent Relationship": "Outer",
                  "Parallel Aware": false,
                  "Join Type": "Inner",
                  "Startup Cost": 45535.98,
                  "Total Cost": 69825.72,
                  "Plan Rows": 14555,
                  "Plan Width": 0,
                  "Actual Startup Time": 151.826,
                  "Actual Total Time": 231.327,
                  "Actual Rows": 15882,
                  "Actual Loops": 3,
                  "Inner Unique": false,
                  "Join Filter": "(t.id = mi.movie_id)",
                  "Rows Removed by Join Filter": 0,
                  "Plans": [
                    {
                      "Node Type": "Hash Join",
                      "Parent Relationship": "Outer",
                      "Parallel Aware": true,
                      "Join Type": "Inner",
                      "Startup Cost": 45535.55,
                      "Total Cost": 60730.11,
                      "Plan Rows": 4108,
                      "Plan Width": 8,
                      "Actual Startup Time": 151.743,
                      "Actual Total Time": 200.638,
                      "Actual Rows": 1488,
                      "Actual Loops": 3,
                      "Inner Unique": true,
                      "Hash Cond": "(mi_idx.movie_id = t.id)",
                      "Plans": [
                        {
                          "Node Type": "Seq Scan",
                          "Parent Relationship": "Outer",
                          "Parallel Aware": true,
                          "Relation Name": "movie_info_idx",
                          "Alias": "mi_idx",
                          "Startup Cost": 0.0,
                          "Total Cost": 13685.15,
                          "Plan Rows": 575015,
                          "Plan Width": 4,
                          "Actual Startup Time": 0.022,
                          "Actual Total Time": 38.436,
                          "Actual Rows": 460012,
                          "Actual Loops": 3
                        },
                        {
                          "Node Type": "Hash",
                          "Parent Relationship": "Inner",
                          "Parallel Aware": true,
                          "Startup Cost": 45479.1,
                          "Total Cost": 45479.1,
                          "Plan Rows": 4516,
                          "Plan Width": 4,
                          "Actual Startup Time": 119.483,
                          "Actual Total Time": 119.484,
                          "Actual Rows": 7340,
                          "Actual Loops": 3,
                          "Hash Buckets": 32768,
                          "Original Hash Buckets": 32768,
                          "Hash Batches": 1,
                          "Original Hash Batches": 1,
                          "Peak Memory Usage": 1184,
                          "Plans": [
                            {
                              "Node Type": "Seq Scan",
                              "Parent Relationship": "Outer",
                              "Parallel Aware": true,
                              "Relation Name": "title",
                              "Alias": "t",
                              "Startup Cost": 0.0,
                              "Total Cost": 45479.1,
                              "Plan Rows": 4516,
                              "Plan Width": 4,
                              "Actual Startup Time": 71.638,
                              "Actual Total Time": 116.551,
                              "Actual Rows": 7340,
                              "Actual Loops": 3,
                              "Filter": "((production_year > 2012) AND (kind_id = 1))",
                              "Rows Removed by Filter": 835430
                            }
                          ]
                        }
                      ]
                    },
                    {
                      "Node Type": "Index Scan",
                      "Parent Relationship": "Inner",
                      "Parallel Aware": false,
                      "Scan Direction": "Forward",
                      "Index Name": "movie_id_movie_info",
                      "Relation Name": "movie_info",
                      "Alias": "mi",
                      "Startup Cost": 0.43,
                      "Total Cost": 1.9,
                      "Plan Rows": 25,
                      "Plan Width": 4,
                      "Actual Startup Time": 0.008,
                      "Actual Total Time": 0.019,
                      "Actual Rows": 11,
                      "Actual Loops": 4464,
                      "Index Cond": "(movie_id = mi_idx.movie_id)",
                      "Rows Removed by Index Recheck": 0,
                      "Filter": "(info_type_id > 6)",
                      "Rows Removed by Filter": 6
                    }
                  ]
                }
              ]
            }
          ]
        }
      ]
    },
    "Planning Time": 1.29,
    "Triggers": [],
    "Execution Time": 261.523
  }
]