[
  {
    "Plan": {
      "Node Type": "Aggregate",
      "Strategy": "Plain",
      "Partial Mode": "Finalize",
      "Parallel Aware": false,
      "Startup Cost": 44335.5,
      "Total Cost": 44335.51,
      "Plan Rows": 1,
      "Plan Width": 8,
      "Actual Startup Time": 126.272,
      "Actual Total Time": 133.828,
      "Actual Rows": 1,
      "Actual Loops": 1,
      "Plans": [
        {
          "Node Type": "Gather",
          "Parent Relationship": "Outer",
          "Parallel Aware": false,
          "Startup Cost": 44335.18,
          "Total Cost": 44335.49,
          "Plan Rows": 3,
          "Plan Width": 8,
          "Actual Startup Time": 126.185,
          "Actual Total Time": 133.82,
          "Actual Rows": 4,
          "Actual Loops": 1,
          "Workers Planned": 3,
          "Workers Launched": 3,
          "Single Copy": false,
          "Plans": [
            {
              "Node Type": "Aggregate",
              "Strategy": "Plain",
              "Partial Mode": "Partial",
              "Parent Relationship": "Outer",
              "Parallel Aware": false,
              "Startup Cost": 43335.18,
              "Total Cost": 43335.19,
              "Plan Rows": 1,
              "Plan Width": 8,
              "Actual Startup Time": 119.518,
              "Actual Total Time": 119.52,
              "Actual Rows": 1,
              "Actual Loops": 4,
              "Plans": [
                {
                  "Node Type": "Seq Scan",
                  "Parent Relationship": "Outer",
                  "Parallel Aware": true,
                  "Relation Name": "movie_keyword",
                  "Alias": "mk",
                  "Startup Cost": 0.0,
                  "Total Cost": 42695.65,
                  "Plan Rows": 255812,
                  "Plan Width": 0,
                  "Actual Startup Time": 0.046,
                  "Actual Total Time": 107.955,
                  "Actual Rows": 197848,
                  "Actual Loops": 4,
                  "Filter": "(keyword_id < 763)",
                  "Rows Removed by Filter": 933134
                }
              ]
            }
          ]
        }
      ]
    },
    "Planning Time": 0.178,
    "Triggers": [],
    "Execution Time": 133.881
  }
]