[
  {
    "Plan": {
      "Node Type": "Aggregate",
      "Strategy": "Plain",
      "Partial Mode": "Finalize",
      "Parallel Aware": false,
      "Startup Cost": 268992.87,
      "Total Cost": 268992.88,
      "Plan Rows": 1,
      "Plan Width": 8,
      "Actual Startup Time": 84.253,
      "Actual Total Time": 88.21,
      "Actual Rows": 1,
      "Actual Loops": 1,
      "Plans": [
        {
          "Node Type": "Gather",
          "Parent Relationship": "Outer",
          "Parallel Aware": false,
          "Startup Cost": 268992.34,
          "Total Cost": 268992.85,
          "Plan Rows": 5,
          "Plan Width": 8,
          "Actual Startup Time": 84.028,
          "Actual Total Time": 88.203,
          "Actual Rows": 6,
          "Actual Loops": 1,
          "Workers Planned": 5,
          "Workers Launched": 5,
          "Single Copy": false,
          "Plans": [
            {
              "Node Type": "Aggregate",
              "Strategy": "Plain",
              "Partial Mode": "Partial",
              "Parent Relationship": "Outer",
              "Parallel Aware": false,
              "Startup Cost": 267992.34,
              "Total Cost": 267992.35,
              "Plan Rows": 1,
              "Plan Width": 8,
              "Actual Startup Time": 73.681,
              "Actual Total Time": 73.682,
              "Actual Rows": 1,
              "Actual Loops": 6,
              "Plans": [
                {
                  "Node Type": "Bitmap Heap Scan",
                  "Parent Relationship": "Outer",
                  "Parallel Aware": true,
                  "Relation Name": "cast_info",
                  "Alias": "ci",
                  "Startup Cost": 10555.67,
                  "Total Cost": 267753.43,
                  "Plan Rows": 95564,
                  "Plan Width": 0,
                  "Actual Startup Time": 33.528,
                  "Actual Total Time": 67.568,
                  "Actual Rows": 75658,
                  "Actual Loops": 6,
                  "Recheck Cond": "(person_id > 3975152)",
                  "Rows Removed by Index Recheck": 0,
                  "Exact Heap Blocks": 2976,
                  "Lossy Heap Blocks": 0,
                  "Plans": [
                    {
                      "Node Type": "Bitmap Index Scan",
                      "Parent Relationship": "Outer",
                      "Parallel Aware": false,
                      "Index Name": "person_id_cast_info",
                      "Startup Cost": 0.0,
                      "Total Cost": 10436.22,
                      "Plan Rows": 477820,
                      "Plan Width": 0,
                      "Actual Startup Time": 41.882,
                      "Actual Total Time": 41.882,
                      "Actual Rows": 453945,
                      "Actual Loops": 1,
                      "Index Cond": "(person_id > 3975152)"
                    }
                  ]
                }
              ]
            }
          ]
        }
      ]
    },
    "Planning Time": 0.242,
    "Triggers": [],
    "Execution Time": 88.276
  }
]