[
  {
    "Plan": {
      "Node Type": "Aggregate",
      "Strategy": "Plain",
      "Partial Mode": "Finalize",
      "Parallel Aware": false,
      "Startup Cost": 46745.74,
      "Total Cost": 46745.75,
      "Plan Rows": 1,
      "Plan Width": 8,
      "Actual Startup Time": 100.904,
      "Actual Total Time": 112.737,
      "Actual Rows": 1,
      "Actual Loops": 1,
      "Plans": [
        {
          "Node Type": "Gather",
          "Parent Relationship": "Outer",
          "Parallel Aware": false,
          "Startup Cost": 46745.32,
          "Total Cost": 46745.73,
          "Plan Rows": 4,
          "Plan Width": 8,
          "Actual Startup Time": 100.747,
          "Actual Total Time": 112.729,
          "Actual Rows": 5,
          "Actual Loops": 1,
          "Workers Planned": 4,
          "Workers Launched": 4,
          "Single Copy": false,
          "Plans": [
            {
              "Node Type": "Aggregate",
              "Strategy": "Plain",
              "Partial Mode": "Partial",
              "Parent Relationship": "Outer",
              "Parallel Aware": false,
              "Startup Cost": 45745.32,
              "Total Cost": 45745.33,
              "Plan Rows": 1,
              "Plan Width": 8,
              "Actual Startup Time": 92.292,
              "Actual Total Time": 92.293,
              "Actual Rows": 1,
              "Actual Loops": 5,
              "Plans": [
                {
                  "Node Type": "Seq Scan",
                  "Parent Relationship": "Outer",
                  "Parallel Aware": true,
                  "Relation Name": "title",
                  "Alias": "t",
                  "Startup Cost": 0.0,
                  "Total Cost": 45479.1,
                  "Plan Rows": 106490,
                  "Plan Width": 0,
                  "Actual Startup Time": 0.042,
                  "Actual Total Time": 88.372,
                  "Actual Rows": 58674,
                  "Actual Loops": 5,
                  "Filter": "((kind_id > 1) AND (production_year < 1985))",
                  "Rows Removed by Filter": 446988
                }
              ]
            }
          ]
        }
      ]
    },
    "Planning Time": 0.185,
    "Triggers": [],
    "Execution Time": 112.796
  }
]