[
  {
    "Plan": {
      "Node Type": "Aggregate",
      "Strategy": "Plain",
      "Partial Mode": "Finalize",
      "Parallel Aware": false,
      "Startup Cost": 331597.23,
      "Total Cost": 331597.24,
      "Plan Rows": 1,
      "Plan Width": 8,
      "Actual Startup Time": 615.564,
      "Actual Total Time": 662.053,
      "Actual Rows": 1,
      "Actual Loops": 1,
      "Plans": [
        {
          "Node Type": "Gather",
          "Parent Relationship": "Outer",
          "Parallel Aware": false,
          "Startup Cost": 331596.61,
          "Total Cost": 331597.22,
          "Plan Rows": 6,
          "Plan Width": 8,
          "Actual Startup Time": 615.246,
          "Actual Total Time": 662.041,
          "Actual Rows": 7,
          "Actual Loops": 1,
          "Workers Planned": 6,
          "Workers Launched": 6,
          "Single Copy": false,
          "Plans": [
            {
              "Node Type": "Aggregate",
              "Strategy": "Plain",
              "Partial Mode": "Partial",
              "Parent Relationship": "Outer",
              "Parallel Aware": false,
              "Startup Cost": 330596.61,
              "Total Cost": 330596.62,
              "Plan Rows": 1,
              "Plan Width": 8,
              "Actual Startup Time": 606.508,
              "Actual Total Time": 606.51,
              "Actual Rows": 1,
              "Actual Loops": 7,
              "Plans": [
                {
                  "Node Type": "Seq Scan",
                  "Parent Relationship": "Outer",
                  "Parallel Aware": true,
                  "Relation Name": "cast_info",
                  "Alias": "ci",
                  "Startup Cost": 0.0,
                  "Total Cost": 328211.39,
                  "Plan Rows": 954086,
                  "Plan Width": 0,
                  "Actual Startup Time": 0.064,
                  "Actual Total Time": 562.116,
                  "Actual Rows": 844878,
                  "Actual Loops": 7,
                  "Filter": "(person_id < 572290)",
                  "Rows Removed by Filter": 4332886
                }
              ]
            }
          ]
        }
      ]
    },
    "Planning Time": 0.171,
    "Triggers": [],
    "Execution Time": 662.108
  }
]