[
  {
    "Plan": {
      "Node Type": "Aggregate",
      "Strategy": "Plain",
      "Partial Mode": "Finalize",
      "Parallel Aware": false,
      "Startup Cost": 337609.96,
      "Total Cost": 337609.97,
      "Plan Rows": 1,
      "Plan Width": 8,
      "Actual Startup Time": 532.843,
      "Actual Total Time": 552.915,
      "Actual Rows": 1,
      "Actual Loops": 1,
      "Plans": [
        {
          "Node Type": "Gather",
          "Parent Relationship": "Outer",
          "Parallel Aware": false,
          "Startup Cost": 337609.34,
          "Total Cost": 337609.95,
          "Plan Rows": 6,
          "Plan Width": 8,
          "Actual Startup Time": 515.272,
          "Actual Total Time": 552.903,
          "Actual Rows": 7,
          "Actual Loops": 1,
          "Workers Planned": 6,
          "Workers Launched": 6,
          "Single Copy": false,
          "Plans": [
            {
              "Node Type": "Aggregate",
              "Strategy": "Plain",
              "Partial Mode": "Partial",
              "Parent Relationship": "Outer",
              "Parallel Aware": false,
              "Startup Cost": 336609.34,
              "Total Cost": 336609.35,
              "Plan Rows": 1,
              "Plan Width": 8,
              "Actual Startup Time": 499.383,
              "Actual Total Time": 499.387,
              "Actual Rows": 1,
              "Actual Loops": 7,
              "Plans": [
                {
                  "Node Type": "Hash Join",
                  "Parent Relationship": "Outer",
                  "Parallel Aware": true,
                  "Join Type": "Inner",
                  "Startup Cost": 79965.16,
                  "Total Cost": 336048.03,
                  "Plan Rows": 224521,
                  "Plan Width": 0,
                  "Actual Startup Time": 337.934,
                  "Actual Total Time": 489.52,
                  "Actual Rows": 182473,
                  "Actual Loops": 7,
                  "Inner Unique": true,
                  "Hash Cond": "(ci.movie_id = t.id)",
                  "Plans": [
                    {
                      "Node Type": "Bitmap Heap Scan",
                      "Parent Relationship": "Outer",
                      "Parallel Aware": true,
                      "Relation Name": "cast_info",
                      "Alias": "ci",
                      "Startup Cost": 29744.78,
                      "Total Cost": 285238.28,
                      "Plan Rows": 224521,
                      "Plan Width": 4,
                      "Actual Startup Time": 70.859,
                      "Actual Total Time": 115.073,
                      "Actual Rows": 182473,
                      "Actual Loops": 7,
                      "Recheck Cond": "(person_id > 3814671)",
                      "Rows Removed by Index Recheck": 0,
                      "Exact Heap Blocks": 3153,
                      "Lossy Heap Blocks": 0,
                      "Plans": [
                        {
                          "Node Type": "Bitmap Index Scan",
                          "Parent Relationship": "Outer",
                          "Parallel Aware": false,
                          "Index Name": "person_id_cast_info",
                          "Startup Cost": 0.0,
                          "Total Cost": 29407.99,
                          "Plan Rows": 1347124,
                          "Plan Width": 0,
                          "Actual Startup Time": 66.282,
                          "Actual Total Time": 66.283,
                          "Actual Rows": 1277310,
                          "Actual Loops": 1,
                          "Index Cond": "(person_id > 3814671)"
                        }
                      ]
                    },
                    {
                      "Node Type": "Hash",
                      "Parent Relationship": "Inner",
                      "Parallel Aware": true,
                      "Startup Cost": 42319.06,
                      "Total Cost": 42319.06,
                      "Plan Rows": 632106,
                      "Plan Width": 4,
                      "Actual Startup Time": 262.137,
                      "Actual Total Time": 262.138,
                      "Actual Rows": 361187,
                      "Actual Loops": 7,
                      "Hash Buckets": 4194304,
                      "Original Hash Buckets": 4194304,
                      "Hash Batches": 1,
                      "Original Hash Batches": 1,
                      "Peak Memory Usage": 131776,
                      "Plans": [
                        {
                          "Node Type": "Seq Scan",
                          "Parent Relationship": "Outer",
                          "Parallel Aware": true,
                          "Relation Name": "title",
                          "Alias": "t",
                          "Startup Cost": 0.0,
                          "Total Cost": 42319.06,
                          "Plan Rows": 632106,
                          "Plan Width": 4,
                          "Actual Startup Time": 0.042,
                          "Actual Total Time": 77.791,
                          "Actual Rows": 361187,
                          "Actual Loops": 7
                        }
                      ]
                    }
                  ]
                }
              ]
            }
          ]
        }
      ]
    },
    "Planning Time": 0.217,
    "Triggers": [],
    "Execution Time": 552.961
  }
]