[
  {
    "Plan": {
      "Node Type": "Aggregate",
      "Strategy": "Plain",
      "Partial Mode": "Finalize",
      "Parallel Aware": false,
      "Startup Cost": 336288.93,
      "Total Cost": 336288.94,
      "Plan Rows": 1,
      "Plan Width": 8,
      "Actual Startup Time": 476.738,
      "Actual Total Time": 495.593,
      "Actual Rows": 1,
      "Actual Loops": 1,
      "Plans": [
        {
          "Node Type": "Gather",
          "Parent Relationship": "Outer",
          "Parallel Aware": false,
          "Startup Cost": 336288.31,
          "Total Cost": 336288.92,
          "Plan Rows": 6,
          "Plan Width": 8,
          "Actual Startup Time": 462.749,
          "Actual Total Time": 495.583,
          "Actual Rows": 7,
          "Actual Loops": 1,
          "Workers Planned": 6,
          "Workers Launched": 6,
          "Single Copy": false,
          "Plans": [
            {
              "Node Type": "Aggregate",
              "Strategy": "Plain",
              "Partial Mode": "Partial",
              "Parent Relationship": "Outer",
              "Parallel Aware": false,
              "Startup Cost": 335288.31,
              "Total Cost": 335288.32,
              "Plan Rows": 1,
              "Plan Width": 8,
              "Actual Startup Time": 440.608,
              "Actual Total Time": 440.612,
              "Actual Rows": 1,
              "Actual Loops": 7,
              "Plans": [
                {
                  "Node Type": "Hash Join",
                  "Parent Relationship": "Outer",
                  "Parallel Aware": true,
                  "Join Type": "Inner",
                  "Startup Cost": 78800.33,
                  "Total Cost": 334749.16,
                  "Plan Rows": 215658,
                  "Plan Width": 0,
                  "Actual Startup Time": 293.243,
                  "Actual Total Time": 431.477,
                  "Actual Rows": 182473,
                  "Actual Loops": 7,
                  "Inner Unique": true,
                  "Hash Cond": "(ci.movie_id = t.id)",
                  "Plans": [
                    {
                      "Node Type": "Bitmap Heap Scan",
                      "Parent Relationship": "Outer",
                      "Parallel Aware": true,
                      "Relation Name": "cast_info",
                      "Alias": "ci",
                      "Startup Cost": 28580.69,
                      "Total Cost": 283963.42,
                      "Plan Rows": 215658,
                      "Plan Width": 4,
                      "Actual Startup Time": 47.593,
                      "Actual Total Time": 88.085,
                      "Actual Rows": 182473,
                      "Actual Loops": 7,
                      "Recheck Cond": "(person_id > 3814671)",
                      "Rows Removed by Index Recheck": 0,
                      "Exact Heap Blocks": 2890,
                      "Lossy Heap Blocks": 0,
                      "Plans": [
                        {
                          "Node Type": "Bitmap Index Scan",
                          "Parent Relationship": "Outer",
                          "Parallel Aware": false,
                          "Index Name": "person_id_cast_info",
                          "Startup Cost": 0.0,
                          "Total Cost": 28257.2,
                          "Plan Rows": 1293951,
                          "Plan Width": 0,
                          "Actual Startup Time": 44.739,
                          "Actual Total Time": 44.739,
                          "Actual Rows": 1277310,
                          "Actual Loops": 1,
                          "Index Cond": "(person_id > 3814671)"
                        }
                      ]
                    },
                    {
                      "Node Type": "Hash",
                      "Parent Relationship": "Inner",
                      "Parallel Aware": true,
                      "Startup Cost": 42318.73,
                      "Total Cost": 42318.73,
                      "Plan Rows": 632073,
                      "Plan Width": 4,
                      "Actual Startup Time": 238.718,
                      "Actual Total Time": 238.719,
                      "Actual Rows": 361187,
                      "Actual Loops": 7,
                      "Hash Buckets": 4194304,
                      "Original Hash Buckets": 4194304,
                      "Hash Batches": 1,
                      "Original Hash Batches": 1,
                      "Peak Memory Usage": 131776,
                      "Plans": [
                        {
                          "Node Type": "Seq Scan",
                          "Parent Relationship": "Outer",
                          "Parallel Aware": true,
                          "Relation Name": "title",
                          "Alias": "t",
                          "Startup Cost": 0.0,
                          "Total Cost": 42318.73,
                          "Plan Rows": 632073,
                          "Plan Width": 4,
                          "Actual Startup Time": 0.041,
                          "Actual Total Time": 71.361,
                          "Actual Rows": 361187,
                          "Actual Loops": 7
                        }
                      ]
                    }
                  ]
                }
              ]
            }
          ]
        }
      ]
    },
    "Planning Time": 0.614,
    "Triggers": [],
    "Execution Time": 495.682
  }
]