[
  {
    "Plan": {
      "Node Type": "Aggregate",
      "Strategy": "Plain",
      "Partial Mode": "Finalize",
      "Parallel Aware": false,
      "Startup Cost": 333153.53,
      "Total Cost": 333153.54,
      "Plan Rows": 1,
      "Plan Width": 8,
      "Actual Startup Time": 670.119,
      "Actual Total Time": 730.302,
      "Actual Rows": 1,
      "Actual Loops": 1,
      "Plans": [
        {
          "Node Type": "Gather",
          "Parent Relationship": "Outer",
          "Parallel Aware": false,
          "Startup Cost": 333152.9,
          "Total Cost": 333153.51,
          "Plan Rows": 6,
          "Plan Width": 8,
          "Actual Startup Time": 669.996,
          "Actual Total Time": 730.291,
          "Actual Rows": 7,
          "Actual Loops": 1,
          "Workers Planned": 6,
          "Workers Launched": 6,
          "Single Copy": false,
          "Plans": [
            {
              "Node Type": "Aggregate",
              "Strategy": "Plain",
              "Partial Mode": "Partial",
              "Parent Relationship": "Outer",
              "Parallel Aware": false,
              "Startup Cost": 332152.9,
              "Total Cost": 332152.91,
              "Plan Rows": 1,
              "Plan Width": 8,
              "Actual Startup Time": 660.367,
              "Actual Total Time": 660.368,
              "Actual Rows": 1,
              "Actual Loops": 7,
              "Plans": [
                {
                  "Node Type": "Seq Scan",
                  "Parent Relationship": "Outer",
                  "Parallel Aware": true,
                  "Relation Name": "cast_info",
                  "Alias": "ci",
                  "Startup Cost": 0.0,
                  "Total Cost": 328162.03,
                  "Plan Rows": 1596350,
                  "Plan Width": 0,
                  "Actual Startup Time": 0.053,
                  "Actual Total Time": 591.868,
                  "Actual Rows": 1379863,
                  "Actual Loops": 7,
                  "Filter": "(person_id < 949498)",
                  "Rows Removed by Filter": 3797900
                }
              ]
            }
          ]
        }
      ]
    },
    "Planning Time": 0.203,
    "Triggers": [],
    "Execution Time": 730.379
  }
]