[
  {
    "Plan": {
      "Node Type": "Aggregate",
      "Strategy": "Plain",
      "Partial Mode": "Finalize",
      "Parallel Aware": false,
      "Startup Cost": 122411.08,
      "Total Cost": 122411.09,
      "Plan Rows": 1,
      "Plan Width": 8,
      "Actual Startup Time": 561.336,
      "Actual Total Time": 625.327,
      "Actual Rows": 1,
      "Actual Loops": 1,
      "Plans": [
        {
          "Node Type": "Gather",
          "Parent Relationship": "Outer",
          "Parallel Aware": false,
          "Startup Cost": 122410.76,
          "Total Cost": 122411.07,
          "Plan Rows": 3,
          "Plan Width": 8,
          "Actual Startup Time": 560.329,
          "Actual Total Time": 625.315,
          "Actual Rows": 4,
          "Actual Loops": 1,
          "Workers Planned": 3,
          "Workers Launched": 3,
          "Single Copy": false,
          "Plans": [
            {
              "Node Type": "Aggregate",
              "Strategy": "Plain",
              "Partial Mode": "Partial",
              "Parent Relationship": "Outer",
              "Parallel Aware": false,
              "Startup Cost": 121410.76,
              "Total Cost": 121410.77,
              "Plan Rows": 1,
              "Plan Width": 8,
              "Actual Startup Time": 554.708,
              "Actual Total Time": 554.713,
              "Actual Rows": 1,
              "Actual Loops": 4,
              "Plans": [
                {
                  "Node Type": "Nested Loop",
                  "Parent Relationship": "Outer",
                  "Parallel Aware": false,
                  "Join Type": "Inner",
                  "Startup Cost": 44400.04,
                  "Total Cost": 121149.2,
                  "Plan Rows": 104625,
                  "Plan Width": 0,
                  "Actual Startup Time": 123.679,
                  "Actual Total Time": 543.96,
                  "Actual Rows": 168690,
                  "Actual Loops": 4,
                  "Inner Unique": false,
                  "Join Filter": "(t.id = ci.movie_id)",
                  "Rows Removed by Join Filter": 0,
                  "Plans": [
                    {
                      "Node Type": "Hash Join",
                      "Parent Relationship": "Outer",
                      "Parallel Aware": true,
                      "Join Type": "Inner",
                      "Startup Cost": 44399.47,
                      "Total Cost": 76161.37,
                      "Plan Rows": 8369,
                      "Plan Width": 8,
                      "Actual Startup Time": 123.608,
                      "Actual Total Time": 223.599,
                      "Actual Rows": 5816,
                      "Actual Loops": 4,
                      "Inner Unique": true,
                      "Hash Cond": "(mc.movie_id = t.id)",
                      "Plans": [
                        {
                          "Node Type": "Seq Scan",
                          "Parent Relationship": "Outer",
                          "Parallel Aware": true,
                          "Relation Name": "movie_companies",
                          "Alias": "mc",
                          "Startup Cost": 0.0,
                          "Total Cost": 31414.82,
                          "Plan Rows": 132220,
                          "Plan Width": 4,
                          "Actual Startup Time": 0.011,
                          "Actual Total Time": 67.815,
                          "Actual Rows": 148040,
                          "Actual Loops": 4,
                          "Filter": "((company_id < 2174) AND (company_type_id = 1))",
                          "Rows Removed by Filter": 504242
                        },
                        {
                          "Node Type": "Hash",
                          "Parent Relationship": "Inner",
                          "Parallel Aware": true,
                          "Startup Cost": 43899.32,
                          "Total Cost": 43899.32,
                          "Plan Rows": 40012,
                          "Plan Width": 4,
                          "Actual Startup Time": 122.324,
                          "Actual Total Time": 122.326,
                          "Actual Rows": 41077,
                          "Actual Loops": 4,
                          "Hash Buckets": 262144,
                          "Original Hash Buckets": 262144,
                          "Hash Batches": 1,
                          "Original Hash Batches": 1,
                          "Peak Memory Usage": 8512,
                          "Plans": [
                            {
                              "Node Type": "Seq Scan",
                              "Parent Relationship": "Outer",
                              "Parallel Aware": true,
                              "Relation Name": "title",
                              "Alias": "t",
                              "Startup Cost": 0.0,
                              "Total Cost": 43899.32,
                              "Plan Rows": 40012,
                              "Plan Width": 4,
                              "Actual Startup Time": 0.032,
                              "Actual Total Time": 105.007,
                              "Actual Rows": 41077,
                              "Actual Loops": 4,
                              "Filter": "(production_year = 2012)",
                              "Rows Removed by Filter": 591001
                            }
                          ]
                        }
                      ]
                    },
                    {
                      "Node Type": "Index Scan",
                      "Parent Relationship": "Inner",
                      "Parallel Aware": false,
                      "Scan Direction": "Forward",
                      "Index Name": "movie_id_cast_info",
                      "Relation Name": "cast_info",
                      "Alias": "ci",
                      "Startup Cost": 0.56,
                      "Total Cost": 5.0,
                      "Plan Rows": 30,
                      "Plan Width": 4,
                      "Actual Startup Time": 0.007,
                      "Actual Total Time": 0.052,
                      "Actual Rows": 29,
                      "Actual Loops": 23266,
                      "Index Cond": "(movie_id = mc.movie_id)",
                      "Rows Removed by Index Recheck": 0,
                      "Filter": "(role_id < 10)",
                      "Rows Removed by Filter": 15
                    }
                  ]
                }
              ]
            }
          ]
        }
      ]
    },
    "Planning Time": 0.547,
    "Triggers": [],
    "Execution Time": 625.395
  }
]