{
  "Plan": {
    "Node Type": "Aggregate",
    "Strategy": "Plain",
    "Partial Mode": "Finalize",
    "Parallel Aware": false,
    "Startup Cost": 95116.17,
    "Total Cost": 95116.18,
    "Plan Rows": 1,
    "Plan Width": 8,
    "Actual Startup Time": 360.571,
    "Actual Total Time": 374.174,
    "Actual Rows": 1,
    "Actual Loops": 1,
    "Plans": [
      {
        "Node Type": "Gather",
        "Parent Relationship": "Outer",
        "Parallel Aware": false,
        "Startup Cost": 95116.05,
        "Total Cost": 95116.16,
        "Plan Rows": 1,
        "Plan Width": 8,
        "Actual Startup Time": 360.125,
        "Actual Total Time": 374.167,
        "Actual Rows": 2,
        "Actual Loops": 1,
        "Workers Planned": 1,
        "Workers Launched": 1,
        "Single Copy": false,
        "Plans": [
          {
            "Node Type": "Aggregate",
            "Strategy": "Plain",
            "Partial Mode": "Partial",
            "Parent Relationship": "Outer",
            "Parallel Aware": false,
            "Startup Cost": 94116.05,
            "Total Cost": 94116.06,
            "Plan Rows": 1,
            "Plan Width": 8,
            "Actual Startup Time": 354.113,
            "Actual Total Time": 354.118,
            "Actual Rows": 1,
            "Actual Loops": 2,
            "Plans": [
              {
                "Node Type": "Hash Join",
                "Parent Relationship": "Outer",
                "Parallel Aware": true,
                "Join Type": "Inner",
                "Startup Cost": 32913.69,
                "Total Cost": 93806.82,
                "Plan Rows": 123695,
                "Plan Width": 0,
                "Actual Startup Time": 101.323,
                "Actual Total Time": 351.763,
                "Actual Rows": 48258,
                "Actual Loops": 2,
                "Inner Unique": false,
                "Hash Cond": "(t.id = mc.movie_id)",
                "Plans": [
                  {
                    "Node Type": "Seq Scan",
                    "Parent Relationship": "Outer",
                    "Parallel Aware": true,
                    "Relation Name": "title",
                    "Alias": "t",
                    "Startup Cost": 0.0,
                    "Total Cost": 50870.31,
                    "Plan Rows": 1487231,
                    "Plan Width": 4,
                    "Actual Startup Time": 0.01,
                    "Actual Total Time": 111.243,
                    "Actual Rows": 1264156,
                    "Actual Loops": 2
                  },
                  {
                    "Node Type": "Hash",
                    "Parent Relationship": "Inner",
                    "Parallel Aware": true,
                    "Startup Cost": 31367.5,
                    "Total Cost": 31367.5,
                    "Plan Rows": 123695,
                    "Plan Width": 4,
                    "Actual Startup Time": 97.764,
                    "Actual Total Time": 97.765,
                    "Actual Rows": 48258,
                    "Actual Loops": 2,
                    "Hash Buckets": 262144,
                    "Original Hash Buckets": 262144,
                    "Hash Batches": 1,
                    "Original Hash Batches": 1,
                    "Peak Memory Usage": 5856,
                    "Plans": [
                      {
                        "Node Type": "Bitmap Heap Scan",
                        "Parent Relationship": "Outer",
                        "Parallel Aware": true,
                        "Relation Name": "movie_companies",
                        "Alias": "mc",
                        "Startup Cost": 8923.18,
                        "Total Cost": 31367.5,
                        "Plan Rows": 123695,
                        "Plan Width": 4,
                        "Actual Startup Time": 71.881,
                        "Actual Total Time": 88.015,
                        "Actual Rows": 48258,
                        "Actual Loops": 2,
                        "Recheck Cond": "(company_id < 272)",
                        "Rows Removed by Index Recheck": 0,
                        "Filter": "(company_type_id = 2)",
                        "Rows Removed by Filter": 157924,
                        "Exact Heap Blocks": 13740,
                        "Lossy Heap Blocks": 0,
                        "Plans": [
                          {
                            "Node Type": "Bitmap Index Scan",
                            "Parent Relationship": "Outer",
                            "Parallel Aware": false,
                            "Index Name": "company_id_movie_companies",
                            "Startup Cost": 0.0,
                            "Total Cost": 8870.61,
                            "Plan Rows": 414157,
                            "Plan Width": 0,
                            "Actual Startup Time": 33.822,
                            "Actual Total Time": 33.822,
                            "Actual Rows": 412364,
                            "Actual Loops": 1,
                            "Index Cond": "(company_id < 272)"
                          }
                        ]
                      }
                    ]
                  }
                ]
              }
            ]
          }
        ]
      }
    ]
  },
  "Planning Time": 0.745,
  "Triggers": [],
  "Execution Time": 374.266
}