[
  {
    "Plan": {
      "Node Type": "Aggregate",
      "Strategy": "Plain",
      "Partial Mode": "Finalize",
      "Parallel Aware": false,
      "Startup Cost": 279954.01,
      "Total Cost": 279954.02,
      "Plan Rows": 1,
      "Plan Width": 8,
      "Actual Startup Time": 120.631,
      "Actual Total Time": 125.589,
      "Actual Rows": 1,
      "Actual Loops": 1,
      "Plans": [
        {
          "Node Type": "Gather",
          "Parent Relationship": "Outer",
          "Parallel Aware": false,
          "Startup Cost": 279953.38,
          "Total Cost": 279953.99,
          "Plan Rows": 6,
          "Plan Width": 8,
          "Actual Startup Time": 120.334,
          "Actual Total Time": 125.582,
          "Actual Rows": 7,
          "Actual Loops": 1,
          "Workers Planned": 6,
          "Workers Launched": 6,
          "Single Copy": false,
          "Plans": [
            {
              "Node Type": "Aggregate",
              "Strategy": "Plain",
              "Partial Mode": "Partial",
              "Parent Relationship": "Outer",
              "Parallel Aware": false,
              "Startup Cost": 278953.38,
              "Total Cost": 278953.39,
              "Plan Rows": 1,
              "Plan Width": 8,
              "Actual Startup Time": 109.502,
              "Actual Total Time": 109.503,
              "Actual Rows": 1,
              "Actual Loops": 7,
              "Plans": [
                {
                  "Node Type": "Bitmap Heap Scan",
                  "Parent Relationship": "Outer",
                  "Parallel Aware": true,
                  "Relation Name": "cast_info",
                  "Alias": "ci",
                  "Startup Cost": 23595.7,
                  "Total Cost": 278508.27,
                  "Plan Rows": 178046,
                  "Plan Width": 0,
                  "Actual Startup Time": 54.332,
                  "Actual Total Time": 99.138,
                  "Actual Rows": 153349,
                  "Actual Loops": 7,
                  "Recheck Cond": "(person_id < 109758)",
                  "Rows Removed by Index Recheck": 0,
                  "Exact Heap Blocks": 3169,
                  "Lossy Heap Blocks": 0,
                  "Plans": [
                    {
                      "Node Type": "Bitmap Index Scan",
                      "Parent Relationship": "Outer",
                      "Parallel Aware": false,
                      "Index Name": "person_id_cast_info",
                      "Startup Cost": 0.0,
                      "Total Cost": 23328.63,
                      "Plan Rows": 1068275,
                      "Plan Width": 0,
                      "Actual Startup Time": 62.196,
                      "Actual Total Time": 62.197,
                      "Actual Rows": 1073446,
                      "Actual Loops": 1,
                      "Index Cond": "(person_id < 109758)"
                    }
                  ]
                }
              ]
            }
          ]
        }
      ]
    },
    "Planning Time": 0.163,
    "Triggers": [],
    "Execution Time": 125.654
  }
]