[
  {
    "Plan": {
      "Node Type": "Aggregate",
      "Strategy": "Plain",
      "Partial Mode": "Finalize",
      "Parallel Aware": false,
      "Startup Cost": 79907.96,
      "Total Cost": 79907.97,
      "Plan Rows": 1,
      "Plan Width": 8,
      "Actual Startup Time": 392.891,
      "Actual Total Time": 410.877,
      "Actual Rows": 1,
      "Actual Loops": 1,
      "Plans": [
        {
          "Node Type": "Gather",
          "Parent Relationship": "Outer",
          "Parallel Aware": false,
          "Startup Cost": 79907.64,
          "Total Cost": 79907.95,
          "Plan Rows": 3,
          "Plan Width": 8,
          "Actual Startup Time": 373.75,
          "Actual Total Time": 410.868,
          "Actual Rows": 4,
          "Actual Loops": 1,
          "Workers Planned": 3,
          "Workers Launched": 3,
          "Single Copy": false,
          "Plans": [
            {
              "Node Type": "Aggregate",
              "Strategy": "Plain",
              "Partial Mode": "Partial",
              "Parent Relationship": "Outer",
              "Parallel Aware": false,
              "Startup Cost": 78907.64,
              "Total Cost": 78907.65,
              "Plan Rows": 1,
              "Plan Width": 8,
              "Actual Startup Time": 364.045,
              "Actual Total Time": 364.051,
              "Actual Rows": 1,
              "Actual Loops": 4,
              "Plans": [
                {
                  "Node Type": "Hash Join",
                  "Parent Relationship": "Outer",
                  "Parallel Aware": true,
                  "Join Type": "Inner",
                  "Startup Cost": 53430.02,
                  "Total Cost": 78801.31,
                  "Plan Rows": 42532,
                  "Plan Width": 0,
                  "Actual Startup Time": 298.707,
                  "Actual Total Time": 362.917,
                  "Actual Rows": 14670,
                  "Actual Loops": 4,
                  "Inner Unique": true,
                  "Hash Cond": "(mk.movie_id = t.id)",
                  "Plans": [
                    {
                      "Node Type": "Bitmap Heap Scan",
                      "Parent Relationship": "Outer",
                      "Parallel Aware": true,
                      "Relation Name": "movie_keyword",
                      "Alias": "mk",
                      "Startup Cost": 3989.49,
                      "Total Cost": 29201.59,
                      "Plan Rows": 60648,
                      "Plan Width": 4,
                      "Actual Startup Time": 22.329,
                      "Actual Total Time": 64.037,
                      "Actual Rows": 47194,
                      "Actual Loops": 4,
                      "Recheck Cond": "(keyword_id < 137)",
                      "Rows Removed by Index Recheck": 0,
                      "Exact Heap Blocks": 8552,
                      "Lossy Heap Blocks": 0,
                      "Plans": [
                        {
                          "Node Type": "Bitmap Index Scan",
                          "Parent Relationship": "Outer",
                          "Parallel Aware": false,
                          "Index Name": "keyword_id_movie_keyword",
                          "Startup Cost": 0.0,
                          "Total Cost": 3942.49,
                          "Plan Rows": 188008,
                          "Plan Width": 0,
                          "Actual Startup Time": 16.843,
                          "Actual Total Time": 16.844,
                          "Actual Rows": 188777,
                          "Actual Loops": 1,
                          "Index Cond": "(keyword_id < 137)"
                        }
                      ]
                    },
                    {
                      "Node Type": "Hash",
                      "Parent Relationship": "Inner",
                      "Parallel Aware": true,
                      "Startup Cost": 43899.32,
                      "Total Cost": 43899.32,
                      "Plan Rows": 443296,
                      "Plan Width": 4,
                      "Actual Startup Time": 270.583,
                      "Actual Total Time": 270.586,
                      "Actual Rows": 443659,
                      "Actual Loops": 4,
                      "Hash Buckets": 2097152,
                      "Original Hash Buckets": 2097152,
                      "Hash Batches": 1,
                      "Original Hash Batches": 1,
                      "Peak Memory Usage": 85888,
                      "Plans": [
                        {
                          "Node Type": "Seq Scan",
                          "Parent Relationship": "Outer",
                          "Parallel Aware": true,
                          "Relation Name": "title",
                          "Alias": "t",
                          "Startup Cost": 0.0,
                          "Total Cost": 43899.32,
                          "Plan Rows": 443296,
                          "Plan Width": 4,
                          "Actual Startup Time": 0.028,
                          "Actual Total Time": 113.411,
                          "Actual Rows": 443659,
                          "Actual Loops": 4,
                          "Filter": "(kind_id > 2)",
                          "Rows Removed by Filter": 188419
                        }
                      ]
                    }
                  ]
                }
              ]
            }
          ]
        }
      ]
    },
    "Planning Time": 0.355,
    "Triggers": [],
    "Execution Time": 410.937
  }
]