[
    {
        "Bao": {
            "Bao prediction": "NaN",
            "Bao recommended hint": "(no hint)"
        }
    },
    {
        "Plan": {
            "Node Type": "Aggregate",
            "Strategy": "Plain",
            "Partial Mode": "Finalize",
            "Parallel Aware": false,
            "Startup Cost": 341895.91,
            "Total Cost": 341895.92,
            "Plan Rows": 1,
            "Plan Width": 8,
            "Actual Startup Time": 805.351,
            "Actual Total Time": 832.706,
            "Actual Rows": 1,
            "Actual Loops": 1,
            "Output": [
                "count(*)"
            ],
            "Plans": [
                {
                    "Node Type": "Gather",
                    "Parent Relationship": "Outer",
                    "Parallel Aware": false,
                    "Startup Cost": 341895.29,
                    "Total Cost": 341895.9,
                    "Plan Rows": 6,
                    "Plan Width": 8,
                    "Actual Startup Time": 805.237,
                    "Actual Total Time": 832.696,
                    "Actual Rows": 7,
                    "Actual Loops": 1,
                    "Output": [
                        "(PARTIAL count(*))"
                    ],
                    "Workers Planned": 6,
                    "Workers Launched": 6,
                    "Single Copy": false,
                    "Plans": [
                        {
                            "Node Type": "Aggregate",
                            "Strategy": "Plain",
                            "Partial Mode": "Partial",
                            "Parent Relationship": "Outer",
                            "Parallel Aware": false,
                            "Startup Cost": 340895.29,
                            "Total Cost": 340895.3,
                            "Plan Rows": 1,
                            "Plan Width": 8,
                            "Actual Startup Time": 795.225,
                            "Actual Total Time": 795.226,
                            "Actual Rows": 1,
                            "Actual Loops": 7,
                            "Output": [
                                "PARTIAL count(*)"
                            ],
                            "Workers": [
                                {
                                    "Worker Number": 0,
                                    "Actual Startup Time": 792.686,
                                    "Actual Total Time": 792.687,
                                    "Actual Rows": 1,
                                    "Actual Loops": 1
                                },
                                {
                                    "Worker Number": 1,
                                    "Actual Startup Time": 793.232,
                                    "Actual Total Time": 793.233,
                                    "Actual Rows": 1,
                                    "Actual Loops": 1
                                },
                                {
                                    "Worker Number": 2,
                                    "Actual Startup Time": 793.72,
                                    "Actual Total Time": 793.721,
                                    "Actual Rows": 1,
                                    "Actual Loops": 1
                                },
                                {
                                    "Worker Number": 3,
                                    "Actual Startup Time": 793.869,
                                    "Actual Total Time": 793.87,
                                    "Actual Rows": 1,
                                    "Actual Loops": 1
                                },
                                {
                                    "Worker Number": 4,
                                    "Actual Startup Time": 793.884,
                                    "Actual Total Time": 793.885,
                                    "Actual Rows": 1,
                                    "Actual Loops": 1
                                },
                                {
                                    "Worker Number": 5,
                                    "Actual Startup Time": 794.774,
                                    "Actual Total Time": 794.775,
                                    "Actual Rows": 1,
                                    "Actual Loops": 1
                                }
                            ],
                            "Plans": [
                                {
                                    "Node Type": "Seq Scan",
                                    "Parent Relationship": "Outer",
                                    "Parallel Aware": true,
                                    "Relation Name": "cast_info",
                                    "Schema": "public",
                                    "Alias": "ci",
                                    "Startup Cost": 0.0,
                                    "Total Cost": 328213.62,
                                    "Plan Rows": 5072668,
                                    "Plan Width": 0,
                                    "Actual Startup Time": 70.163,
                                    "Actual Total Time": 599.663,
                                    "Actual Rows": 4317225,
                                    "Actual Loops": 7,
                                    "Output": [
                                        "id",
                                        "person_id",
                                        "movie_id",
                                        "person_role_id",
                                        "note",
                                        "nr_order",
                                        "role_id"
                                    ],
                                    "Filter": "(ci.person_id > 581971)",
                                    "Rows Removed by Filter": 860539,
                                    "Workers": [
                                        {
                                            "Worker Number": 0,
                                            "Actual Startup Time": 67.615,
                                            "Actual Total Time": 596.176,
                                            "Actual Rows": 2939491,
                                            "Actual Loops": 1
                                        },
                                        {
                                            "Worker Number": 1,
                                            "Actual Startup Time": 68.172,
                                            "Actual Total Time": 596.641,
                                            "Actual Rows": 2988114,
                                            "Actual Loops": 1
                                        },
                                        {
                                            "Worker Number": 2,
                                            "Actual Startup Time": 68.665,
                                            "Actual Total Time": 605.364,
                                            "Actual Rows": 4648379,
                                            "Actual Loops": 1
                                        },
                                        {
                                            "Worker Number": 3,
                                            "Actual Startup Time": 68.811,
                                            "Actual Total Time": 605.605,
                                            "Actual Rows": 4641980,
                                            "Actual Loops": 1
                                        },
                                        {
                                            "Worker Number": 4,
                                            "Actual Startup Time": 68.813,
                                            "Actual Total Time": 603.057,
                                            "Actual Rows": 4629986,
                                            "Actual Loops": 1
                                        },
                                        {
                                            "Worker Number": 5,
                                            "Actual Startup Time": 69.717,
                                            "Actual Total Time": 606.621,
                                            "Actual Rows": 4641893,
                                            "Actual Loops": 1
                                        }
                                    ]
                                }
                            ]
                        }
                    ]
                }
            ]
        },
        "Planning Time": 190.953,
        "Triggers": [],
        "Execution Time": 832.792
    }
]