[
  {
    "Plan": {
      "Node Type": "Aggregate",
      "Strategy": "Plain",
      "Partial Mode": "Finalize",
      "Parallel Aware": false,
      "Startup Cost": 155862.24,
      "Total Cost": 155862.25,
      "Plan Rows": 1,
      "Plan Width": 8,
      "Actual Startup Time": 204.613,
      "Actual Total Time": 216.337,
      "Actual Rows": 1,
      "Actual Loops": 1,
      "Plans": [
        {
          "Node Type": "Gather",
          "Parent Relationship": "Outer",
          "Parallel Aware": false,
          "Startup Cost": 155861.71,
          "Total Cost": 155862.23,
          "Plan Rows": 5,
          "Plan Width": 8,
          "Actual Startup Time": 204.515,
          "Actual Total Time": 216.33,
          "Actual Rows": 6,
          "Actual Loops": 1,
          "Workers Planned": 5,
          "Workers Launched": 5,
          "Single Copy": false,
          "Plans": [
            {
              "Node Type": "Aggregate",
              "Strategy": "Plain",
              "Partial Mode": "Partial",
              "Parent Relationship": "Outer",
              "Parallel Aware": false,
              "Startup Cost": 154861.71,
              "Total Cost": 154861.73,
              "Plan Rows": 1,
              "Plan Width": 8,
              "Actual Startup Time": 198.044,
              "Actual Total Time": 198.045,
              "Actual Rows": 1,
              "Actual Loops": 6,
              "Plans": [
                {
                  "Node Type": "Index Scan",
                  "Parent Relationship": "Outer",
                  "Parallel Aware": true,
                  "Scan Direction": "Forward",
                  "Index Name": "role_id_cast_info",
                  "Relation Name": "cast_info",
                  "Alias": "ci",
                  "Startup Cost": 0.56,
                  "Total Cost": 154655.9,
                  "Plan Rows": 82324,
                  "Plan Width": 0,
                  "Actual Startup Time": 32.816,
                  "Actual Total Time": 178.371,
                  "Actual Rows": 448249,
                  "Actual Loops": 6,
                  "Index Cond": "(role_id > 8)",
                  "Rows Removed by Index Recheck": 0,
                  "Filter": "(person_id > 3545453)",
                  "Rows Removed by Filter": 507200
                }
              ]
            }
          ]
        }
      ]
    },
    "Planning Time": 0.115,
    "Triggers": [],
    "Execution Time": 216.373
  }
]