[
  {
    "Plan": {
      "Node Type": "Aggregate",
      "Strategy": "Plain",
      "Partial Mode": "Finalize",
      "Parallel Aware": false,
      "Startup Cost": 333420.7,
      "Total Cost": 333420.71,
      "Plan Rows": 1,
      "Plan Width": 8,
      "Actual Startup Time": 618.821,
      "Actual Total Time": 663.043,
      "Actual Rows": 1,
      "Actual Loops": 1,
      "Plans": [
        {
          "Node Type": "Gather",
          "Parent Relationship": "Outer",
          "Parallel Aware": false,
          "Startup Cost": 333420.08,
          "Total Cost": 333420.69,
          "Plan Rows": 6,
          "Plan Width": 8,
          "Actual Startup Time": 618.616,
          "Actual Total Time": 663.032,
          "Actual Rows": 7,
          "Actual Loops": 1,
          "Workers Planned": 6,
          "Workers Launched": 6,
          "Single Copy": false,
          "Plans": [
            {
              "Node Type": "Aggregate",
              "Strategy": "Plain",
              "Partial Mode": "Partial",
              "Parent Relationship": "Outer",
              "Parallel Aware": false,
              "Startup Cost": 332420.08,
              "Total Cost": 332420.09,
              "Plan Rows": 1,
              "Plan Width": 8,
              "Actual Startup Time": 611.843,
              "Actual Total Time": 611.846,
              "Actual Rows": 1,
              "Actual Loops": 7,
              "Plans": [
                {
                  "Node Type": "Seq Scan",
                  "Parent Relationship": "Outer",
                  "Parallel Aware": true,
                  "Relation Name": "cast_info",
                  "Alias": "ci",
                  "Startup Cost": 0.0,
                  "Total Cost": 328211.39,
                  "Plan Rows": 1683474,
                  "Plan Width": 0,
                  "Actual Startup Time": 0.044,
                  "Actual Total Time": 543.338,
                  "Actual Rows": 1449365,
                  "Actual Loops": 7,
                  "Filter": "(person_id < 996856)",
                  "Rows Removed by Filter": 3728398
                }
              ]
            }
          ]
        }
      ]
    },
    "Planning Time": 0.08,
    "Triggers": [],
    "Execution Time": 663.08
  }
]