[
  {
    "Plan": {
      "Node Type": "Aggregate",
      "Strategy": "Plain",
      "Partial Mode": "Finalize",
      "Parallel Aware": false,
      "Startup Cost": 333361.33,
      "Total Cost": 333361.34,
      "Plan Rows": 1,
      "Plan Width": 8,
      "Actual Startup Time": 601.642,
      "Actual Total Time": 665.656,
      "Actual Rows": 1,
      "Actual Loops": 1,
      "Plans": [
        {
          "Node Type": "Gather",
          "Parent Relationship": "Outer",
          "Parallel Aware": false,
          "Startup Cost": 333360.71,
          "Total Cost": 333361.32,
          "Plan Rows": 6,
          "Plan Width": 8,
          "Actual Startup Time": 601.505,
          "Actual Total Time": 665.646,
          "Actual Rows": 7,
          "Actual Loops": 1,
          "Workers Planned": 6,
          "Workers Launched": 6,
          "Single Copy": false,
          "Plans": [
            {
              "Node Type": "Aggregate",
              "Strategy": "Plain",
              "Partial Mode": "Partial",
              "Parent Relationship": "Outer",
              "Parallel Aware": false,
              "Startup Cost": 332360.71,
              "Total Cost": 332360.72,
              "Plan Rows": 1,
              "Plan Width": 8,
              "Actual Startup Time": 592.424,
              "Actual Total Time": 592.425,
              "Actual Rows": 1,
              "Actual Loops": 7,
              "Plans": [
                {
                  "Node Type": "Seq Scan",
                  "Parent Relationship": "Outer",
                  "Parallel Aware": true,
                  "Relation Name": "cast_info",
                  "Alias": "ci",
                  "Startup Cost": 0.0,
                  "Total Cost": 328162.03,
                  "Plan Rows": 1679473,
                  "Plan Width": 0,
                  "Actual Startup Time": 0.043,
                  "Actual Total Time": 530.671,
                  "Actual Rows": 1449365,
                  "Actual Loops": 7,
                  "Filter": "(person_id < 996856)",
                  "Rows Removed by Filter": 3728398
                }
              ]
            }
          ]
        }
      ]
    },
    "Planning Time": 0.194,
    "Triggers": [],
    "Execution Time": 665.727
  }
]