{
    "Plan": {
        "Node Type": "Aggregate",
        "Strategy": "Plain",
        "Partial Mode": "Finalize",
        "Parallel Aware": false,
        "Startup Cost": 311718.11,
        "Total Cost": 311718.12,
        "Plan Rows": 1,
        "Plan Width": 8,
        "Actual Startup Time": 5303.65,
        "Actual Total Time": 5355.192,
        "Actual Rows": 1,
        "Actual Loops": 1,
        "Output": [
            "count(*)"
        ],
        "Plans": [
            {
                "Node Type": "Gather",
                "Parent Relationship": "Outer",
                "Parallel Aware": false,
                "Startup Cost": 311717.59,
                "Total Cost": 311718.1,
                "Plan Rows": 5,
                "Plan Width": 8,
                "Actual Startup Time": 5276.712,
                "Actual Total Time": 5355.164,
                "Actual Rows": 6,
                "Actual Loops": 1,
                "Output": [
                    "(PARTIAL count(*))"
                ],
                "Workers Planned": 5,
                "Workers Launched": 5,
                "Single Copy": false,
                "Plans": [
                    {
                        "Node Type": "Aggregate",
                        "Strategy": "Plain",
                        "Partial Mode": "Partial",
                        "Parent Relationship": "Outer",
                        "Parallel Aware": false,
                        "Startup Cost": 310717.59,
                        "Total Cost": 310717.6,
                        "Plan Rows": 1,
                        "Plan Width": 8,
                        "Actual Startup Time": 5261.922,
                        "Actual Total Time": 5262.87,
                        "Actual Rows": 1,
                        "Actual Loops": 6,
                        "Output": [
                            "PARTIAL count(*)"
                        ],
                        "Workers": [
                            {
                                "Worker Number": 0,
                                "Actual Startup Time": 5262.656,
                                "Actual Total Time": 5262.662,
                                "Actual Rows": 1,
                                "Actual Loops": 1
                            },
                            {
                                "Worker Number": 1,
                                "Actual Startup Time": 5258.206,
                                "Actual Total Time": 5258.211,
                                "Actual Rows": 1,
                                "Actual Loops": 1
                            },
                            {
                                "Worker Number": 2,
                                "Actual Startup Time": 5258.207,
                                "Actual Total Time": 5258.212,
                                "Actual Rows": 1,
                                "Actual Loops": 1
                            },
                            {
                                "Worker Number": 3,
                                "Actual Startup Time": 5258.28,
                                "Actual Total Time": 5258.285,
                                "Actual Rows": 1,
                                "Actual Loops": 1
                            },
                            {
                                "Worker Number": 4,
                                "Actual Startup Time": 5258.413,
                                "Actual Total Time": 5258.417,
                                "Actual Rows": 1,
                                "Actual Loops": 1
                            }
                        ],
                        "Plans": [
                            {
                                "Node Type": "Hash Join",
                                "Parent Relationship": "Outer",
                                "Parallel Aware": true,
                                "Join Type": "Inner",
                                "Startup Cost": 93718.84,
                                "Total Cost": 307391.61,
                                "Plan Rows": 1330391,
                                "Plan Width": 0,
                                "Actual Startup Time": 580.855,
                                "Actual Total Time": 3846.106,
                                "Actual Rows": 34638590,
                                "Actual Loops": 6,
                                "Inner Unique": false,
                                "Hash Cond": "(mi.movie_id = t.id)",
                                "Workers": [
                                    {
                                        "Worker Number": 0,
                                        "Actual Startup Time": 577.998,
                                        "Actual Total Time": 3846.99,
                                        "Actual Rows": 30044011,
                                        "Actual Loops": 1
                                    },
                                    {
                                        "Worker Number": 1,
                                        "Actual Startup Time": 577.894,
                                        "Actual Total Time": 3833.403,
                                        "Actual Rows": 31954274,
                                        "Actual Loops": 1
                                    },
                                    {
                                        "Worker Number": 2,
                                        "Actual Startup Time": 577.865,
                                        "Actual Total Time": 3847.004,
                                        "Actual Rows": 37284593,
                                        "Actual Loops": 1
                                    },
                                    {
                                        "Worker Number": 3,
                                        "Actual Startup Time": 577.913,
                                        "Actual Total Time": 3860.761,
                                        "Actual Rows": 35736476,
                                        "Actual Loops": 1
                                    },
                                    {
                                        "Worker Number": 4,
                                        "Actual Startup Time": 578.059,
                                        "Actual Total Time": 3845.135,
                                        "Actual Rows": 37342549,
                                        "Actual Loops": 1
                                    }
                                ],
                                "Plans": [
                                    {
                                        "Node Type": "Seq Scan",
                                        "Parent Relationship": "Outer",
                                        "Parallel Aware": true,
                                        "Relation Name": "movie_info",
                                        "Schema": "public",
                                        "Alias": "mi",
                                        "Startup Cost": 0.0,
                                        "Total Cost": 198880.74,
                                        "Plan Rows": 2800119,
                                        "Plan Width": 4,
                                        "Actual Startup Time": 0.037,
                                        "Actual Total Time": 365.033,
                                        "Actual Rows": 2338930,
                                        "Actual Loops": 6,
                                        "Output": [
                                            "mi.id",
                                            "mi.movie_id",
                                            "mi.info_type_id",
                                            "mi.info",
                                            "mi.note"
                                        ],
                                        "Filter": "(mi.info_type_id > 1)",
                                        "Rows Removed by Filter": 133690,
                                        "Workers": [
                                            {
                                                "Worker Number": 0,
                                                "Actual Startup Time": 0.043,
                                                "Actual Total Time": 384.686,
                                                "Actual Rows": 1970488,
                                                "Actual Loops": 1
                                            },
                                            {
                                                "Worker Number": 1,
                                                "Actual Startup Time": 0.046,
                                                "Actual Total Time": 380.907,
                                                "Actual Rows": 2117902,
                                                "Actual Loops": 1
                                            },
                                            {
                                                "Worker Number": 2,
                                                "Actual Startup Time": 0.039,
                                                "Actual Total Time": 372.013,
                                                "Actual Rows": 2548098,
                                                "Actual Loops": 1
                                            },
                                            {
                                                "Worker Number": 3,
                                                "Actual Startup Time": 0.04,
                                                "Actual Total Time": 380.234,
                                                "Actual Rows": 2354207,
                                                "Actual Loops": 1
                                            },
                                            {
                                                "Worker Number": 4,
                                                "Actual Startup Time": 0.036,
                                                "Actual Total Time": 370.427,
                                                "Actual Rows": 2540277,
                                                "Actual Loops": 1
                                            }
                                        ]
                                    },
                                    {
                                        "Node Type": "Hash",
                                        "Parent Relationship": "Inner",
                                        "Parallel Aware": true,
                                        "Startup Cost": 88875.06,
                                        "Total Cost": 88875.06,
                                        "Plan Rows": 387502,
                                        "Plan Width": 8,
                                        "Actual Startup Time": 558.333,
                                        "Actual Total Time": 559.279,
                                        "Actual Rows": 481112,
                                        "Actual Loops": 6,
                                        "Output": [
                                            "t.id",
                                            "mk.movie_id"
                                        ],
                                        "Hash Buckets": 4194304,
                                        "Original Hash Buckets": 2097152,
                                        "Hash Batches": 1,
                                        "Original Hash Batches": 1,
                                        "Peak Memory Usage": 162144,
                                        "Workers": [
                                            {
                                                "Worker Number": 0,
                                                "Actual Startup Time": 560.475,
                                                "Actual Total Time": 560.48,
                                                "Actual Rows": 363113,
                                                "Actual Loops": 1
                                            },
                                            {
                                                "Worker Number": 1,
                                                "Actual Startup Time": 560.448,
                                                "Actual Total Time": 560.452,
                                                "Actual Rows": 374580,
                                                "Actual Loops": 1
                                            },
                                            {
                                                "Worker Number": 2,
                                                "Actual Startup Time": 560.419,
                                                "Actual Total Time": 560.423,
                                                "Actual Rows": 536837,
                                                "Actual Loops": 1
                                            },
                                            {
                                                "Worker Number": 3,
                                                "Actual Startup Time": 560.535,
                                                "Actual Total Time": 560.539,
                                                "Actual Rows": 509693,
                                                "Actual Loops": 1
                                            },
                                            {
                                                "Worker Number": 4,
                                                "Actual Startup Time": 560.684,
                                                "Actual Total Time": 560.688,
                                                "Actual Rows": 539781,
                                                "Actual Loops": 1
                                            }
                                        ],
                                        "Plans": [
                                            {
                                                "Node Type": "Hash Join",
                                                "Parent Relationship": "Outer",
                                                "Parallel Aware": true,
                                                "Join Type": "Inner",
                                                "Startup Cost": 45996.98,
                                                "Total Cost": 88875.06,
                                                "Plan Rows": 387502,
                                                "Plan Width": 8,
                                                "Actual Startup Time": 170.745,
                                                "Actual Total Time": 352.006,
                                                "Actual Rows": 481112,
                                                "Actual Loops": 6,
                                                "Output": [
                                                    "t.id",
                                                    "mk.movie_id"
                                                ],
                                                "Inner Unique": true,
                                                "Hash Cond": "(mk.movie_id = t.id)",
                                                "Workers": [
                                                    {
                                                        "Worker Number": 0,
                                                        "Actual Startup Time": 170.744,
                                                        "Actual Total Time": 351.847,
                                                        "Actual Rows": 363113,
                                                        "Actual Loops": 1
                                                    },
                                                    {
                                                        "Worker Number": 1,
                                                        "Actual Startup Time": 170.75,
                                                        "Actual Total Time": 352.241,
                                                        "Actual Rows": 374580,
                                                        "Actual Loops": 1
                                                    },
                                                    {
                                                        "Worker Number": 2,
                                                        "Actual Startup Time": 170.712,
                                                        "Actual Total Time": 351.518,
                                                        "Actual Rows": 536837,
                                                        "Actual Loops": 1
                                                    },
                                                    {
                                                        "Worker Number": 3,
                                                        "Actual Startup Time": 170.701,
                                                        "Actual Total Time": 353.451,
                                                        "Actual Rows": 509693,
                                                        "Actual Loops": 1
                                                    },
                                                    {
                                                        "Worker Number": 4,
                                                        "Actual Startup Time": 170.715,
                                                        "Actual Total Time": 349.678,
                                                        "Actual Rows": 539781,
                                                        "Actual Loops": 1
                                                    }
                                                ],
                                                "Plans": [
                                                    {
                                                        "Node Type": "Seq Scan",
                                                        "Parent Relationship": "Outer",
                                                        "Parallel Aware": true,
                                                        "Relation Name": "movie_keyword",
                                                        "Schema": "public",
                                                        "Alias": "mk",
                                                        "Startup Cost": 0.0,
                                                        "Total Cost": 39047.32,
                                                        "Plan Rows": 1459332,
                                                        "Plan Width": 4,
                                                        "Actual Startup Time": 0.015,
                                                        "Actual Total Time": 82.436,
                                                        "Actual Rows": 753988,
                                                        "Actual Loops": 6,
                                                        "Output": [
                                                            "mk.id",
                                                            "mk.movie_id",
                                                            "mk.keyword_id"
                                                        ],
                                                        "Workers": [
                                                            {
                                                                "Worker Number": 0,
                                                                "Actual Startup Time": 0.024,
                                                                "Actual Total Time": 84.708,
                                                                "Actual Rows": 557590,
                                                                "Actual Loops": 1
                                                            },
                                                            {
                                                                "Worker Number": 1,
                                                                "Actual Startup Time": 0.016,
                                                                "Actual Total Time": 84.024,
                                                                "Actual Rows": 577755,
                                                                "Actual Loops": 1
                                                            },
                                                            {
                                                                "Worker Number": 2,
                                                                "Actual Startup Time": 0.013,
                                                                "Actual Total Time": 84.804,
                                                                "Actual Rows": 844895,
                                                                "Actual Loops": 1
                                                            },
                                                            {
                                                                "Worker Number": 3,
                                                                "Actual Startup Time": 0.017,
                                                                "Actual Total Time": 87.606,
                                                                "Actual Rows": 795440,
                                                                "Actual Loops": 1
                                                            },
                                                            {
                                                                "Worker Number": 4,
                                                                "Actual Startup Time": 0.011,
                                                                "Actual Total Time": 84.059,
                                                                "Actual Rows": 846005,
                                                                "Actual Loops": 1
                                                            }
                                                        ]
                                                    },
                                                    {
                                                        "Node Type": "Hash",
                                                        "Parent Relationship": "Inner",
                                                        "Parallel Aware": true,
                                                        "Startup Cost": 43899.01,
                                                        "Total Cost": 43899.01,
                                                        "Plan Rows": 167838,
                                                        "Plan Width": 4,
                                                        "Actual Startup Time": 136.28,
                                                        "Actual Total Time": 136.281,
                                                        "Actual Rows": 110471,
                                                        "Actual Loops": 6,
                                                        "Output": [
                                                            "t.id"
                                                        ],
                                                        "Hash Buckets": 1048576,
                                                        "Original Hash Buckets": 1048576,
                                                        "Hash Batches": 1,
                                                        "Original Hash Batches": 1,
                                                        "Peak Memory Usage": 34240,
                                                        "Workers": [
                                                            {
                                                                "Worker Number": 0,
                                                                "Actual Startup Time": 137.609,
                                                                "Actual Total Time": 137.61,
                                                                "Actual Rows": 84242,
                                                                "Actual Loops": 1
                                                            },
                                                            {
                                                                "Worker Number": 1,
                                                                "Actual Startup Time": 137.593,
                                                                "Actual Total Time": 137.594,
                                                                "Actual Rows": 87812,
                                                                "Actual Loops": 1
                                                            },
                                                            {
                                                                "Worker Number": 2,
                                                                "Actual Startup Time": 137.579,
                                                                "Actual Total Time": 137.581,
                                                                "Actual Rows": 121313,
                                                                "Actual Loops": 1
                                                            },
                                                            {
                                                                "Worker Number": 3,
                                                                "Actual Startup Time": 137.582,
                                                                "Actual Total Time": 137.583,
                                                                "Actual Rows": 114932,
                                                                "Actual Loops": 1
                                                            },
                                                            {
                                                                "Worker Number": 4,
                                                                "Actual Startup Time": 137.59,
                                                                "Actual Total Time": 137.591,
                                                                "Actual Rows": 121946,
                                                                "Actual Loops": 1
                                                            }
                                                        ],
                                                        "Plans": [
                                                            {
                                                                "Node Type": "Seq Scan",
                                                                "Parent Relationship": "Outer",
                                                                "Parallel Aware": true,
                                                                "Relation Name": "title",
                                                                "Schema": "public",
                                                                "Alias": "t",
                                                                "Startup Cost": 0.0,
                                                                "Total Cost": 43899.01,
                                                                "Plan Rows": 167838,
                                                                "Plan Width": 4,
                                                                "Actual Startup Time": 43.647,
                                                                "Actual Total Time": 83.913,
                                                                "Actual Rows": 110471,
                                                                "Actual Loops": 6,
                                                                "Output": [
                                                                    "t.id"
                                                                ],
                                                                "Filter": "(t.kind_id = 1)",
                                                                "Rows Removed by Filter": 310914,
                                                                "Workers": [
                                                                    {
                                                                        "Worker Number": 0,
                                                                        "Actual Startup Time": 51.556,
                                                                        "Actual Total Time": 85.617,
                                                                        "Actual Rows": 84242,
                                                                        "Actual Loops": 1
                                                                    },
                                                                    {
                                                                        "Worker Number": 1,
                                                                        "Actual Startup Time": 51.243,
                                                                        "Actual Total Time": 85.17,
                                                                        "Actual Rows": 87812,
                                                                        "Actual Loops": 1
                                                                    },
                                                                    {
                                                                        "Worker Number": 2,
                                                                        "Actual Startup Time": 51.142,
                                                                        "Actual Total Time": 83.432,
                                                                        "Actual Rows": 121313,
                                                                        "Actual Loops": 1
                                                                    },
                                                                    {
                                                                        "Worker Number": 3,
                                                                        "Actual Startup Time": 5.609,
                                                                        "Actual Total Time": 84.031,
                                                                        "Actual Rows": 114932,
                                                                        "Actual Loops": 1
                                                                    },
                                                                    {
                                                                        "Worker Number": 4,
                                                                        "Actual Startup Time": 51.149,
                                                                        "Actual Total Time": 83.628,
                                                                        "Actual Rows": 121946,
                                                                        "Actual Loops": 1
                                                                    }
                                                                ]
                                                            }
                                                        ]
                                                    }
                                                ]
                                            }
                                        ]
                                    }
                                ]
                            }
                        ]
                    }
                ]
            }
        ]
    },
    "Planning Time": 1.58,
    "Triggers": [],
    "Execution Time": 5355.292
}