{
  "Plan": {
    "Node Type": "Aggregate",
    "Strategy": "Plain",
    "Partial Mode": "Finalize",
    "Parallel Aware": false,
    "Startup Cost": 123794.13,
    "Total Cost": 123794.14,
    "Plan Rows": 1,
    "Plan Width": 8,
    "Actual Startup Time": 601.437,
    "Actual Total Time": 618.719,
    "Actual Rows": 1,
    "Actual Loops": 1,
    "Plans": [
      {
        "Node Type": "Gather",
        "Parent Relationship": "Outer",
        "Parallel Aware": false,
        "Startup Cost": 123794.01,
        "Total Cost": 123794.12,
        "Plan Rows": 1,
        "Plan Width": 8,
        "Actual Startup Time": 600.119,
        "Actual Total Time": 618.712,
        "Actual Rows": 2,
        "Actual Loops": 1,
        "Workers Planned": 1,
        "Workers Launched": 1,
        "Single Copy": false,
        "Plans": [
          {
            "Node Type": "Aggregate",
            "Strategy": "Plain",
            "Partial Mode": "Partial",
            "Parent Relationship": "Outer",
            "Parallel Aware": false,
            "Startup Cost": 122794.01,
            "Total Cost": 122794.02,
            "Plan Rows": 1,
            "Plan Width": 8,
            "Actual Startup Time": 594.38,
            "Actual Total Time": 594.382,
            "Actual Rows": 1,
            "Actual Loops": 2,
            "Plans": [
              {
                "Node Type": "Hash Join",
                "Parent Relationship": "Outer",
                "Parallel Aware": true,
                "Join Type": "Inner",
                "Startup Cost": 63046.78,
                "Total Cost": 121097.62,
                "Plan Rows": 678556,
                "Plan Width": 0,
                "Actual Startup Time": 235.254,
                "Actual Total Time": 584.814,
                "Actual Rows": 244640,
                "Actual Loops": 2,
                "Inner Unique": true,
                "Hash Cond": "(mk.movie_id = t.id)",
                "Plans": [
                  {
                    "Node Type": "Seq Scan",
                    "Parent Relationship": "Outer",
                    "Parallel Aware": true,
                    "Relation Name": "movie_keyword",
                    "Alias": "mk",
                    "Startup Cost": 0.0,
                    "Total Cost": 51065.35,
                    "Plan Rows": 2661135,
                    "Plan Width": 4,
                    "Actual Startup Time": 0.015,
                    "Actual Total Time": 150.795,
                    "Actual Rows": 2261965,
                    "Actual Loops": 2
                  },
                  {
                    "Node Type": "Hash",
                    "Parent Relationship": "Inner",
                    "Parallel Aware": true,
                    "Startup Cost": 58306.47,
                    "Total Cost": 58306.47,
                    "Plan Rows": 379225,
                    "Plan Width": 4,
                    "Actual Startup Time": 225.641,
                    "Actual Total Time": 225.642,
                    "Actual Rows": 265111,
                    "Actual Loops": 2,
                    "Hash Buckets": 1048576,
                    "Original Hash Buckets": 1048576,
                    "Hash Batches": 1,
                    "Original Hash Batches": 1,
                    "Peak Memory Usage": 28992,
                    "Plans": [
                      {
                        "Node Type": "Seq Scan",
                        "Parent Relationship": "Outer",
                        "Parallel Aware": true,
                        "Relation Name": "title",
                        "Alias": "t",
                        "Startup Cost": 0.0,
                        "Total Cost": 58306.47,
                        "Plan Rows": 379225,
                        "Plan Width": 4,
                        "Actual Startup Time": 0.027,
                        "Actual Total Time": 152.638,
                        "Actual Rows": 265111,
                        "Actual Loops": 2,
                        "Filter": "((kind_id > 2) AND (production_year < 1998))",
                        "Rows Removed by Filter": 999045
                      }
                    ]
                  }
                ]
              }
            ]
          }
        ]
      }
    ]
  },
  "Planning Time": 0.559,
  "Triggers": [],
  "Execution Time": 618.782
}