{
  "Plan": {
    "Node Type": "Aggregate",
    "Strategy": "Plain",
    "Partial Mode": "Finalize",
    "Parallel Aware": false,
    "Startup Cost": 73845.84,
    "Total Cost": 73845.85,
    "Plan Rows": 1,
    "Plan Width": 8,
    "Actual Startup Time": 231.09,
    "Actual Total Time": 241.083,
    "Actual Rows": 1,
    "Actual Loops": 1,
    "Plans": [
      {
        "Node Type": "Gather",
        "Parent Relationship": "Outer",
        "Parallel Aware": false,
        "Startup Cost": 73845.73,
        "Total Cost": 73845.84,
        "Plan Rows": 1,
        "Plan Width": 8,
        "Actual Startup Time": 230.994,
        "Actual Total Time": 241.077,
        "Actual Rows": 2,
        "Actual Loops": 1,
        "Workers Planned": 1,
        "Workers Launched": 1,
        "Single Copy": false,
        "Plans": [
          {
            "Node Type": "Aggregate",
            "Strategy": "Plain",
            "Partial Mode": "Partial",
            "Parent Relationship": "Outer",
            "Parallel Aware": false,
            "Startup Cost": 72845.73,
            "Total Cost": 72845.74,
            "Plan Rows": 1,
            "Plan Width": 8,
            "Actual Startup Time": 225.565,
            "Actual Total Time": 225.568,
            "Actual Rows": 1,
            "Actual Loops": 2,
            "Plans": [
              {
                "Node Type": "Hash Join",
                "Parent Relationship": "Outer",
                "Parallel Aware": true,
                "Join Type": "Inner",
                "Startup Cost": 54654.7,
                "Total Cost": 72838.49,
                "Plan Rows": 2895,
                "Plan Width": 0,
                "Actual Startup Time": 170.292,
                "Actual Total Time": 225.529,
                "Actual Rows": 420,
                "Actual Loops": 2,
                "Inner Unique": true,
                "Hash Cond": "(mi_idx.movie_id = t.id)",
                "Plans": [
                  {
                    "Node Type": "Seq Scan",
                    "Parent Relationship": "Outer",
                    "Parallel Aware": true,
                    "Relation Name": "movie_info_idx",
                    "Alias": "mi_idx",
                    "Startup Cost": 0.0,
                    "Total Cost": 16052.85,
                    "Plan Rows": 811785,
                    "Plan Width": 4,
                    "Actual Startup Time": 0.017,
                    "Actual Total Time": 46.146,
                    "Actual Rows": 690018,
                    "Actual Loops": 2
                  },
                  {
                    "Node Type": "Hash",
                    "Parent Relationship": "Inner",
                    "Parallel Aware": true,
                    "Startup Cost": 54588.39,
                    "Total Cost": 54588.39,
                    "Plan Rows": 5305,
                    "Plan Width": 4,
                    "Actual Startup Time": 132.431,
                    "Actual Total Time": 132.432,
                    "Actual Rows": 3885,
                    "Actual Loops": 2,
                    "Hash Buckets": 16384,
                    "Original Hash Buckets": 16384,
                    "Hash Batches": 1,
                    "Original Hash Batches": 1,
                    "Peak Memory Usage": 480,
                    "Plans": [
                      {
                        "Node Type": "Seq Scan",
                        "Parent Relationship": "Outer",
                        "Parallel Aware": true,
                        "Relation Name": "title",
                        "Alias": "t",
                        "Startup Cost": 0.0,
                        "Total Cost": 54588.39,
                        "Plan Rows": 5305,
                        "Plan Width": 4,
                        "Actual Startup Time": 90.656,
                        "Actual Total Time": 131.115,
                        "Actual Rows": 3885,
                        "Actual Loops": 2,
                        "Filter": "(production_year = 1912)",
                        "Rows Removed by Filter": 1260271
                      }
                    ]
                  }
                ]
              }
            ]
          }
        ]
      }
    ]
  },
  "Planning Time": 0.405,
  "Triggers": [],
  "Execution Time": 241.151
}