[
  {
    "Plan": {
      "Node Type": "Aggregate",
      "Strategy": "Plain",
      "Partial Mode": "Finalize",
      "Parallel Aware": false,
      "Startup Cost": 239576.35,
      "Total Cost": 239576.36,
      "Plan Rows": 1,
      "Plan Width": 8,
      "Actual Startup Time": 614.238,
      "Actual Total Time": 630.731,
      "Actual Rows": 1,
      "Actual Loops": 1,
      "Plans": [
        {
          "Node Type": "Gather",
          "Parent Relationship": "Outer",
          "Parallel Aware": false,
          "Startup Cost": 239576.13,
          "Total Cost": 239576.34,
          "Plan Rows": 2,
          "Plan Width": 8,
          "Actual Startup Time": 606.554,
          "Actual Total Time": 630.721,
          "Actual Rows": 3,
          "Actual Loops": 1,
          "Workers Planned": 2,
          "Workers Launched": 2,
          "Single Copy": false,
          "Plans": [
            {
              "Node Type": "Aggregate",
              "Strategy": "Plain",
              "Partial Mode": "Partial",
              "Parent Relationship": "Outer",
              "Parallel Aware": false,
              "Startup Cost": 238576.13,
              "Total Cost": 238576.14,
              "Plan Rows": 1,
              "Plan Width": 8,
              "Actual Startup Time": 603.111,
              "Actual Total Time": 603.35,
              "Actual Rows": 1,
              "Actual Loops": 3,
              "Plans": [
                {
                  "Node Type": "Hash Join",
                  "Parent Relationship": "Outer",
                  "Parallel Aware": true,
                  "Join Type": "Inner",
                  "Startup Cost": 222407.31,
                  "Total Cost": 238394.26,
                  "Plan Rows": 72748,
                  "Plan Width": 0,
                  "Actual Startup Time": 479.233,
                  "Actual Total Time": 593.317,
                  "Actual Rows": 214511,
                  "Actual Loops": 3,
                  "Inner Unique": false,
                  "Hash Cond": "(mi_idx.movie_id = t.id)",
                  "Plans": [
                    {
                      "Node Type": "Seq Scan",
                      "Parent Relationship": "Outer",
                      "Parallel Aware": true,
                      "Relation Name": "movie_info_idx",
                      "Alias": "mi_idx",
                      "Startup Cost": 0.0,
                      "Total Cost": 13685.15,
                      "Plan Rows": 575015,
                      "Plan Width": 4,
                      "Actual Startup Time": 0.021,
                      "Actual Total Time": 43.597,
                      "Actual Rows": 460012,
                      "Actual Loops": 3
                    },
                    {
                      "Node Type": "Hash",
                      "Parent Relationship": "Inner",
                      "Parallel Aware": true,
                      "Startup Cost": 221607.6,
                      "Total Cost": 221607.6,
                      "Plan Rows": 63977,
                      "Plan Width": 8,
                      "Actual Startup Time": 476.83,
                      "Actual Total Time": 477.068,
                      "Actual Rows": 84322,
                      "Actual Loops": 3,
                      "Hash Buckets": 524288,
                      "Original Hash Buckets": 524288,
                      "Hash Batches": 1,
                      "Original Hash Batches": 1,
                      "Peak Memory Usage": 14016,
                      "Plans": [
                        {
                          "Node Type": "Hash Join",
                          "Parent Relationship": "Outer",
                          "Parallel Aware": true,
                          "Join Type": "Inner",
                          "Startup Cost": 58072.71,
                          "Total Cost": 221607.6,
                          "Plan Rows": 63977,
                          "Plan Width": 8,
                          "Actual Startup Time": 379.625,
                          "Actual Total Time": 455.055,
                          "Actual Rows": 84322,
                          "Actual Loops": 3,
                          "Inner Unique": true,
                          "Hash Cond": "(mi.movie_id = t.id)",
                          "Plans": [
                            {
                              "Node Type": "Bitmap Heap Scan",
                              "Parent Relationship": "Outer",
                              "Parallel Aware": true,
                              "Relation Name": "movie_info",
                              "Alias": "mi",
                              "Startup Cost": 9214.73,
                              "Total Cost": 172482.02,
                              "Plan Rows": 101943,
                              "Plan Width": 4,
                              "Actual Startup Time": 29.888,
                              "Actual Total Time": 52.556,
                              "Actual Rows": 162185,
                              "Actual Loops": 3,
                              "Recheck Cond": "(info_type_id = 5)",
                              "Rows Removed by Index Recheck": 0,
                              "Exact Heap Blocks": 1611,
                              "Lossy Heap Blocks": 0,
                              "Plans": [
                                {
                                  "Node Type": "Bitmap Index Scan",
                                  "Parent Relationship": "Outer",
                                  "Parallel Aware": false,
                                  "Index Name": "info_type_id_movie_info",
                                  "Startup Cost": 0.0,
                                  "Total Cost": 9087.3,
                                  "Plan Rows": 509716,
                                  "Plan Width": 0,
                                  "Actual Startup Time": 29.07,
                                  "Actual Total Time": 29.071,
                                  "Actual Rows": 486554,
                                  "Actual Loops": 1,
                                  "Index Cond": "(info_type_id = 5)"
                                }
                              ]
                            },
                            {
                              "Node Type": "Hash",
                              "Parent Relationship": "Inner",
                              "Parallel Aware": true,
                              "Startup Cost": 43899.32,
                              "Total Cost": 43899.32,
                              "Plan Rows": 396692,
                              "Plan Width": 4,
                              "Actual Startup Time": 344.194,
                              "Actual Total Time": 344.195,
                              "Actual Rows": 523523,
                              "Actual Loops": 3,
                              "Hash Buckets": 2097152,
                              "Original Hash Buckets": 2097152,
                              "Hash Batches": 1,
                              "Original Hash Batches": 1,
                              "Peak Memory Usage": 77888,
                              "Plans": [
                                {
                                  "Node Type": "Seq Scan",
                                  "Parent Relationship": "Outer",
                                  "Parallel Aware": true,
                                  "Relation Name": "title",
                                  "Alias": "t",
                                  "Startup Cost": 0.0,
                                  "Total Cost": 43899.32,
                                  "Plan Rows": 396692,
                                  "Plan Width": 4,
                                  "Actual Startup Time": 0.038,
                                  "Actual Total Time": 145.511,
                                  "Actual Rows": 523523,
                                  "Actual Loops": 3,
                                  "Filter": "(production_year > 1996)",
                                  "Rows Removed by Filter": 319248
                                }
                              ]
                            }
                          ]
                        }
                      ]
                    }
                  ]
                }
              ]
            }
          ]
        }
      ]
    },
    "Planning Time": 0.594,
    "Triggers": [],
    "Execution Time": 630.801
  }
]