[
  {
    "Plan": {
      "Node Type": "Aggregate",
      "Strategy": "Plain",
      "Partial Mode": "Finalize",
      "Parallel Aware": false,
      "Startup Cost": 35693.52,
      "Total Cost": 35693.53,
      "Plan Rows": 1,
      "Plan Width": 8,
      "Actual Startup Time": 118.223,
      "Actual Total Time": 126.646,
      "Actual Rows": 1,
      "Actual Loops": 1,
      "Plans": [
        {
          "Node Type": "Gather",
          "Parent Relationship": "Outer",
          "Parallel Aware": false,
          "Startup Cost": 35693.2,
          "Total Cost": 35693.51,
          "Plan Rows": 3,
          "Plan Width": 8,
          "Actual Startup Time": 117.988,
          "Actual Total Time": 126.638,
          "Actual Rows": 4,
          "Actual Loops": 1,
          "Workers Planned": 3,
          "Workers Launched": 3,
          "Single Copy": false,
          "Plans": [
            {
              "Node Type": "Aggregate",
              "Strategy": "Plain",
              "Partial Mode": "Partial",
              "Parent Relationship": "Outer",
              "Parallel Aware": false,
              "Startup Cost": 34693.2,
              "Total Cost": 34693.21,
              "Plan Rows": 1,
              "Plan Width": 8,
              "Actual Startup Time": 110.851,
              "Actual Total Time": 110.853,
              "Actual Rows": 1,
              "Actual Loops": 4,
              "Plans": [
                {
                  "Node Type": "Bitmap Heap Scan",
                  "Parent Relationship": "Outer",
                  "Parallel Aware": true,
                  "Relation Name": "movie_keyword",
                  "Alias": "mk",
                  "Startup Cost": 8337.82,
                  "Total Cost": 34376.31,
                  "Plan Rows": 126759,
                  "Plan Width": 0,
                  "Actual Startup Time": 38.513,
                  "Actual Total Time": 105.202,
                  "Actual Rows": 95323,
                  "Actual Loops": 4,
                  "Recheck Cond": "(keyword_id > 44832)",
                  "Rows Removed by Index Recheck": 0,
                  "Exact Heap Blocks": 10667,
                  "Lossy Heap Blocks": 0,
                  "Plans": [
                    {
                      "Node Type": "Bitmap Index Scan",
                      "Parent Relationship": "Outer",
                      "Parallel Aware": false,
                      "Index Name": "keyword_id_movie_keyword",
                      "Startup Cost": 0.0,
                      "Total Cost": 8239.58,
                      "Plan Rows": 392953,
                      "Plan Width": 0,
                      "Actual Startup Time": 41.308,
                      "Actual Total Time": 41.313,
                      "Actual Rows": 381292,
                      "Actual Loops": 1,
                      "Index Cond": "(keyword_id > 44832)"
                    }
                  ]
                }
              ]
            }
          ]
        }
      ]
    },
    "Planning Time": 0.16,
    "Triggers": [],
    "Execution Time": 126.714
  }
]