[
  {
    "Plan": {
      "Node Type": "Aggregate",
      "Strategy": "Plain",
      "Partial Mode": "Finalize",
      "Parallel Aware": false,
      "Startup Cost": 619523.01,
      "Total Cost": 619523.02,
      "Plan Rows": 1,
      "Plan Width": 8,
      "Actual Startup Time": 6452.698,
      "Actual Total Time": 6508.772,
      "Actual Rows": 1,
      "Actual Loops": 1,
      "Plans": [
        {
          "Node Type": "Gather",
          "Parent Relationship": "Outer",
          "Parallel Aware": false,
          "Startup Cost": 619522.48,
          "Total Cost": 619522.99,
          "Plan Rows": 5,
          "Plan Width": 8,
          "Actual Startup Time": 6408.377,
          "Actual Total Time": 6508.748,
          "Actual Rows": 6,
          "Actual Loops": 1,
          "Workers Planned": 5,
          "Workers Launched": 5,
          "Single Copy": false,
          "Plans": [
            {
              "Node Type": "Aggregate",
              "Strategy": "Plain",
              "Partial Mode": "Partial",
              "Parent Relationship": "Outer",
              "Parallel Aware": false,
              "Startup Cost": 618522.48,
              "Total Cost": 618522.49,
              "Plan Rows": 1,
              "Plan Width": 8,
              "Actual Startup Time": 6376.324,
              "Actual Total Time": 6377.745,
              "Actual Rows": 1,
              "Actual Loops": 6,
              "Plans": [
                {
                  "Node Type": "Hash Join",
                  "Parent Relationship": "Outer",
                  "Parallel Aware": true,
                  "Join Type": "Inner",
                  "Startup Cost": 393390.87,
                  "Total Cost": 605032.35,
                  "Plan Rows": 5396052,
                  "Plan Width": 0,
                  "Actual Startup Time": 1676.05,
                  "Actual Total Time": 5428.299,
                  "Actual Rows": 24653358,
                  "Actual Loops": 6,
                  "Inner Unique": false,
                  "Hash Cond": "(mi.movie_id = t.id)",
                  "Plans": [
                    {
                      "Node Type": "Seq Scan",
                      "Parent Relationship": "Outer",
                      "Parallel Aware": true,
                      "Relation Name": "movie_info",
                      "Alias": "mi",
                      "Startup Cost": 0.0,
                      "Total Cost": 191560.33,
                      "Plan Rows": 2956733,
                      "Plan Width": 4,
                      "Actual Startup Time": 0.03,
                      "Actual Total Time": 298.799,
                      "Actual Rows": 2472620,
                      "Actual Loops": 6
                    },
                    {
                      "Node Type": "Hash",
                      "Parent Relationship": "Inner",
                      "Parallel Aware": true,
                      "Startup Cost": 383778.07,
                      "Total Cost": 383778.07,
                      "Plan Rows": 769024,
                      "Plan Width": 8,
                      "Actual Startup Time": 1662.614,
                      "Actual Total Time": 1664.033,
                      "Actual Rows": 837728,
                      "Actual Loops": 6,
                      "Hash Buckets": 8388608,
                      "Original Hash Buckets": 8388608,
                      "Hash Batches": 1,
                      "Original Hash Batches": 1,
                      "Peak Memory Usage": 262272,
                      "Plans": [
                        {
                          "Node Type": "Hash Join",
                          "Parent Relationship": "Outer",
                          "Parallel Aware": true,
                          "Join Type": "Inner",
                          "Startup Cost": 46997.69,
                          "Total Cost": 383778.07,
                          "Plan Rows": 769024,
                          "Plan Width": 8,
                          "Actual Startup Time": 154.179,
                          "Actual Total Time": 1279.035,
                          "Actual Rows": 837728,
                          "Actual Loops": 6,
                          "Inner Unique": true,
                          "Hash Cond": "(ci.movie_id = t.id)",
                          "Plans": [
                            {
                              "Node Type": "Index Scan",
                              "Parent Relationship": "Outer",
                              "Parallel Aware": true,
                              "Scan Direction": "Forward",
                              "Index Name": "role_id_cast_info",
                              "Relation Name": "cast_info",
                              "Alias": "ci",
                              "Startup Cost": 0.56,
                              "Total Cost": 331632.96,
                              "Plan Rows": 1961130,
                              "Plan Width": 4,
                              "Actual Startup Time": 0.216,
                              "Actual Total Time": 446.967,
                              "Actual Rows": 1960439,
                              "Actual Loops": 6,
                              "Index Cond": "(role_id > 3)",
                              "Rows Removed by Index Recheck": 0,
                              "Filter": "(person_id > 170709)",
                              "Rows Removed by Filter": 58502
                            },
                            {
                              "Node Type": "Hash",
                              "Parent Relationship": "Inner",
                              "Parallel Aware": true,
                              "Startup Cost": 43898.92,
                              "Total Cost": 43898.92,
                              "Plan Rows": 247857,
                              "Plan Width": 4,
                              "Actual Startup Time": 152.826,
                              "Actual Total Time": 152.827,
                              "Actual Rows": 164175,
                              "Actual Loops": 6,
                              "Hash Buckets": 1048576,
                              "Original Hash Buckets": 1048576,
                              "Hash Batches": 1,
                              "Original Hash Batches": 1,
                              "Peak Memory Usage": 46784,
                              "Plans": [
                                {
                                  "Node Type": "Seq Scan",
                                  "Parent Relationship": "Outer",
                                  "Parallel Aware": true,
                                  "Relation Name": "title",
                                  "Alias": "t",
                                  "Startup Cost": 0.0,
                                  "Total Cost": 43898.92,
                                  "Plan Rows": 247857,
                                  "Plan Width": 4,
                                  "Actual Startup Time": 0.041,
                                  "Actual Total Time": 85.192,
                                  "Actual Rows": 164175,
                                  "Actual Loops": 6,
                                  "Filter": "(kind_id < 7)",
                                  "Rows Removed by Filter": 257211
                                }
                              ]
                            }
                          ]
                        }
                      ]
                    }
                  ]
                }
              ]
            }
          ]
        }
      ]
    },
    "Planning Time": 1.295,
    "Triggers": [],
    "Execution Time": 6508.878
  }
]