[
  {
    "Plan": {
      "Node Type": "Aggregate",
      "Strategy": "Plain",
      "Partial Mode": "Finalize",
      "Parallel Aware": false,
      "Startup Cost": 9811.55,
      "Total Cost": 9811.56,
      "Plan Rows": 1,
      "Plan Width": 8,
      "Actual Startup Time": 44.673,
      "Actual Total Time": 47.273,
      "Actual Rows": 1,
      "Actual Loops": 1,
      "Plans": [
        {
          "Node Type": "Gather",
          "Parent Relationship": "Outer",
          "Parallel Aware": false,
          "Startup Cost": 9811.24,
          "Total Cost": 9811.55,
          "Plan Rows": 3,
          "Plan Width": 8,
          "Actual Startup Time": 44.539,
          "Actual Total Time": 47.266,
          "Actual Rows": 4,
          "Actual Loops": 1,
          "Workers Planned": 3,
          "Workers Launched": 3,
          "Single Copy": false,
          "Plans": [
            {
              "Node Type": "Aggregate",
              "Strategy": "Plain",
              "Partial Mode": "Partial",
              "Parent Relationship": "Outer",
              "Parallel Aware": false,
              "Startup Cost": 8811.24,
              "Total Cost": 8811.25,
              "Plan Rows": 1,
              "Plan Width": 8,
              "Actual Startup Time": 37.115,
              "Actual Total Time": 37.116,
              "Actual Rows": 1,
              "Actual Loops": 4,
              "Plans": [
                {
                  "Node Type": "Index Scan",
                  "Parent Relationship": "Outer",
                  "Parallel Aware": true,
                  "Scan Direction": "Forward",
                  "Index Name": "role_id_cast_info",
                  "Relation Name": "cast_info",
                  "Alias": "ci",
                  "Startup Cost": 0.56,
                  "Total Cost": 8600.37,
                  "Plan Rows": 84346,
                  "Plan Width": 0,
                  "Actual Startup Time": 0.149,
                  "Actual Total Time": 30.721,
                  "Actual Rows": 74494,
                  "Actual Loops": 4,
                  "Index Cond": "(role_id > 10)",
                  "Rows Removed by Index Recheck": 0,
                  "Filter": "(person_id > 442422)",
                  "Rows Removed by Filter": 4535
                }
              ]
            }
          ]
        }
      ]
    },
    "Planning Time": 0.266,
    "Triggers": [],
    "Execution Time": 47.343
  }
]