[
  {
    "Plan": {
      "Node Type": "Aggregate",
      "Strategy": "Plain",
      "Partial Mode": "Finalize",
      "Parallel Aware": false,
      "Startup Cost": 95021.61,
      "Total Cost": 95021.62,
      "Plan Rows": 1,
      "Plan Width": 8,
      "Actual Startup Time": 357.735,
      "Actual Total Time": 376.18,
      "Actual Rows": 1,
      "Actual Loops": 1,
      "Plans": [
        {
          "Node Type": "Gather",
          "Parent Relationship": "Outer",
          "Parallel Aware": false,
          "Startup Cost": 95021.19,
          "Total Cost": 95021.6,
          "Plan Rows": 4,
          "Plan Width": 8,
          "Actual Startup Time": 352.148,
          "Actual Total Time": 376.17,
          "Actual Rows": 5,
          "Actual Loops": 1,
          "Workers Planned": 4,
          "Workers Launched": 4,
          "Single Copy": false,
          "Plans": [
            {
              "Node Type": "Aggregate",
              "Strategy": "Plain",
              "Partial Mode": "Partial",
              "Parent Relationship": "Outer",
              "Parallel Aware": false,
              "Startup Cost": 94021.19,
              "Total Cost": 94021.2,
              "Plan Rows": 1,
              "Plan Width": 8,
              "Actual Startup Time": 340.132,
              "Actual Total Time": 340.138,
              "Actual Rows": 1,
              "Actual Loops": 5,
              "Plans": [
                {
                  "Node Type": "Hash Join",
                  "Parent Relationship": "Outer",
                  "Parallel Aware": true,
                  "Join Type": "Inner",
                  "Startup Cost": 49127.6,
                  "Total Cost": 93995.54,
                  "Plan Rows": 10261,
                  "Plan Width": 0,
                  "Actual Startup Time": 229.969,
                  "Actual Total Time": 338.161,
                  "Actual Rows": 34083,
                  "Actual Loops": 5,
                  "Inner Unique": false,
                  "Hash Cond": "(t.id = mi_idx.movie_id)",
                  "Plans": [
                    {
                      "Node Type": "Seq Scan",
                      "Parent Relationship": "Outer",
                      "Parallel Aware": true,
                      "Relation Name": "title",
                      "Alias": "t",
                      "Startup Cost": 0.0,
                      "Total Cost": 42318.73,
                      "Plan Rows": 632073,
                      "Plan Width": 4,
                      "Actual Startup Time": 0.017,
                      "Actual Total Time": 75.62,
                      "Actual Rows": 505662,
                      "Actual Loops": 5
                    },
                    {
                      "Node Type": "Hash",
                      "Parent Relationship": "Inner",
                      "Parallel Aware": true,
                      "Startup Cost": 48232.9,
                      "Total Cost": 48232.9,
                      "Plan Rows": 71576,
                      "Plan Width": 8,
                      "Actual Startup Time": 178.75,
                      "Actual Total Time": 178.755,
                      "Actual Rows": 34083,
                      "Actual Loops": 5,
                      "Hash Buckets": 262144,
                      "Original Hash Buckets": 262144,
                      "Hash Batches": 1,
                      "Original Hash Batches": 1,
                      "Peak Memory Usage": 8832,
                      "Plans": [
                        {
                          "Node Type": "Hash Join",
                          "Parent Relationship": "Outer",
                          "Parallel Aware": true,
                          "Join Type": "Inner",
                          "Startup Cost": 22300.65,
                          "Total Cost": 48232.9,
                          "Plan Rows": 71576,
                          "Plan Width": 8,
                          "Actual Startup Time": 105.1,
                          "Actual Total Time": 165.231,
                          "Actual Rows": 34083,
                          "Actual Loops": 5,
                          "Inner Unique": false,
                          "Hash Cond": "(mk.movie_id = mi_idx.movie_id)",
                          "Plans": [
                            {
                              "Node Type": "Bitmap Heap Scan",
                              "Parent Relationship": "Outer",
                              "Parallel Aware": true,
                              "Relation Name": "movie_keyword",
                              "Alias": "mk",
                              "Startup Cost": 4777.04,
                              "Total Cost": 30138.75,
                              "Plan Rows": 72616,
                              "Plan Width": 4,
                              "Actual Startup Time": 17.684,
                              "Actual Total Time": 60.159,
                              "Actual Rows": 43162,
                              "Actual Loops": 5,
                              "Recheck Cond": "(keyword_id > 65488)",
                              "Rows Removed by Index Recheck": 0,
                              "Exact Heap Blocks": 4748,
                              "Lossy Heap Blocks": 0,
                              "Plans": [
                                {
                                  "Node Type": "Bitmap Index Scan",
                                  "Parent Relationship": "Outer",
                                  "Parallel Aware": false,
                                  "Index Name": "keyword_id_movie_keyword",
                                  "Startup Cost": 0.0,
                                  "Total Cost": 4720.77,
                                  "Plan Rows": 225111,
                                  "Plan Width": 0,
                                  "Actual Startup Time": 14.259,
                                  "Actual Total Time": 14.26,
                                  "Actual Rows": 215812,
                                  "Actual Loops": 1,
                                  "Index Cond": "(keyword_id > 65488)"
                                }
                              ]
                            },
                            {
                              "Node Type": "Hash",
                              "Parent Relationship": "Inner",
                              "Parallel Aware": true,
                              "Startup Cost": 15122.68,
                              "Total Cost": 15122.68,
                              "Plan Rows": 192074,
                              "Plan Width": 4,
                              "Actual Startup Time": 85.594,
                              "Actual Total Time": 85.595,
                              "Actual Rows": 92037,
                              "Actual Loops": 5,
                              "Hash Buckets": 524288,
                              "Original Hash Buckets": 524288,
                              "Hash Batches": 1,
                              "Original Hash Batches": 1,
                              "Peak Memory Usage": 22144,
                              "Plans": [
                                {
                                  "Node Type": "Seq Scan",
                                  "Parent Relationship": "Outer",
                                  "Parallel Aware": true,
                                  "Relation Name": "movie_info_idx",
                                  "Alias": "mi_idx",
                                  "Startup Cost": 0.0,
                                  "Total Cost": 15122.68,
                                  "Plan Rows": 192074,
                                  "Plan Width": 4,
                                  "Actual Startup Time": 0.077,
                                  "Actual Total Time": 43.446,
                                  "Actual Rows": 92037,
                                  "Actual Loops": 5,
                                  "Filter": "(info_type_id > 100)",
                                  "Rows Removed by Filter": 183970
                                }
                              ]
                            }
                          ]
                        }
                      ]
                    }
                  ]
                }
              ]
            }
          ]
        }
      ]
    },
    "Planning Time": 1.332,
    "Triggers": [],
    "Execution Time": 376.299
  }
]