[
  {
    "Plan": {
      "Node Type": "Aggregate",
      "Strategy": "Plain",
      "Partial Mode": "Finalize",
      "Parallel Aware": false,
      "Startup Cost": 93258.96,
      "Total Cost": 93258.97,
      "Plan Rows": 1,
      "Plan Width": 8,
      "Actual Startup Time": 361.94,
      "Actual Total Time": 379.978,
      "Actual Rows": 1,
      "Actual Loops": 1,
      "Plans": [
        {
          "Node Type": "Gather",
          "Parent Relationship": "Outer",
          "Parallel Aware": false,
          "Startup Cost": 93258.64,
          "Total Cost": 93258.95,
          "Plan Rows": 3,
          "Plan Width": 8,
          "Actual Startup Time": 360.285,
          "Actual Total Time": 379.968,
          "Actual Rows": 4,
          "Actual Loops": 1,
          "Workers Planned": 3,
          "Workers Launched": 3,
          "Single Copy": false,
          "Plans": [
            {
              "Node Type": "Aggregate",
              "Strategy": "Plain",
              "Partial Mode": "Partial",
              "Parent Relationship": "Outer",
              "Parallel Aware": false,
              "Startup Cost": 92258.64,
              "Total Cost": 92258.65,
              "Plan Rows": 1,
              "Plan Width": 8,
              "Actual Startup Time": 353.257,
              "Actual Total Time": 353.26,
              "Actual Rows": 1,
              "Actual Loops": 4,
              "Plans": [
                {
                  "Node Type": "Hash Join",
                  "Parent Relationship": "Outer",
                  "Parallel Aware": true,
                  "Join Type": "Inner",
                  "Startup Cost": 46432.9,
                  "Total Cost": 91935.87,
                  "Plan Rows": 129106,
                  "Plan Width": 0,
                  "Actual Startup Time": 139.118,
                  "Actual Total Time": 340.271,
                  "Actual Rows": 324135,
                  "Actual Loops": 4,
                  "Inner Unique": true,
                  "Hash Cond": "(mk.movie_id = t.id)",
                  "Plans": [
                    {
                      "Node Type": "Seq Scan",
                      "Parent Relationship": "Outer",
                      "Parallel Aware": true,
                      "Relation Name": "movie_keyword",
                      "Alias": "mk",
                      "Startup Cost": 0.0,
                      "Total Cost": 42695.65,
                      "Plan Rows": 1069456,
                      "Plan Width": 4,
                      "Actual Startup Time": 0.027,
                      "Actual Total Time": 107.066,
                      "Actual Rows": 827469,
                      "Actual Loops": 4,
                      "Filter": "(keyword_id < 15064)",
                      "Rows Removed by Filter": 303513
                    },
                    {
                      "Node Type": "Hash",
                      "Parent Relationship": "Inner",
                      "Parallel Aware": true,
                      "Startup Cost": 45479.1,
                      "Total Cost": 45479.1,
                      "Plan Rows": 76304,
                      "Plan Width": 4,
                      "Actual Startup Time": 135.741,
                      "Actual Total Time": 135.742,
                      "Actual Rows": 105554,
                      "Actual Loops": 4,
                      "Hash Buckets": 524288,
                      "Original Hash Buckets": 524288,
                      "Hash Batches": 1,
                      "Original Hash Batches": 1,
                      "Peak Memory Usage": 20640,
                      "Plans": [
                        {
                          "Node Type": "Seq Scan",
                          "Parent Relationship": "Outer",
                          "Parallel Aware": true,
                          "Relation Name": "title",
                          "Alias": "t",
                          "Startup Cost": 0.0,
                          "Total Cost": 45479.1,
                          "Plan Rows": 76304,
                          "Plan Width": 4,
                          "Actual Startup Time": 0.061,
                          "Actual Total Time": 99.19,
                          "Actual Rows": 105554,
                          "Actual Loops": 4,
                          "Filter": "((kind_id < 7) AND (production_year < 1994))",
                          "Rows Removed by Filter": 526524
                        }
                      ]
                    }
                  ]
                }
              ]
            }
          ]
        }
      ]
    },
    "Planning Time": 0.582,
    "Triggers": [],
    "Execution Time": 380.042
  }
]