{
    "Plan": {
        "Node Type": "Aggregate",
        "Strategy": "Plain",
        "Partial Mode": "Finalize",
        "Parallel Aware": false,
        "Startup Cost": 455398.7,
        "Total Cost": 455398.71,
        "Plan Rows": 1,
        "Plan Width": 8,
        "Actual Startup Time": 2783.554,
        "Actual Total Time": 2833.036,
        "Actual Rows": 1,
        "Actual Loops": 1,
        "Output": [
            "count(*)"
        ],
        "Plans": [
            {
                "Node Type": "Gather",
                "Parent Relationship": "Outer",
                "Parallel Aware": false,
                "Startup Cost": 455398.08,
                "Total Cost": 455398.69,
                "Plan Rows": 6,
                "Plan Width": 8,
                "Actual Startup Time": 2767.529,
                "Actual Total Time": 2833.023,
                "Actual Rows": 7,
                "Actual Loops": 1,
                "Output": [
                    "(PARTIAL count(*))"
                ],
                "Workers Planned": 6,
                "Workers Launched": 6,
                "Single Copy": false,
                "Plans": [
                    {
                        "Node Type": "Aggregate",
                        "Strategy": "Plain",
                        "Partial Mode": "Partial",
                        "Parent Relationship": "Outer",
                        "Parallel Aware": false,
                        "Startup Cost": 454398.08,
                        "Total Cost": 454398.09,
                        "Plan Rows": 1,
                        "Plan Width": 8,
                        "Actual Startup Time": 2756.828,
                        "Actual Total Time": 2757.025,
                        "Actual Rows": 1,
                        "Actual Loops": 7,
                        "Output": [
                            "PARTIAL count(*)"
                        ],
                        "Workers": [
                            {
                                "Worker Number": 0,
                                "Actual Startup Time": 2753.886,
                                "Actual Total Time": 2753.892,
                                "Actual Rows": 1,
                                "Actual Loops": 1
                            },
                            {
                                "Worker Number": 1,
                                "Actual Startup Time": 2754.126,
                                "Actual Total Time": 2754.132,
                                "Actual Rows": 1,
                                "Actual Loops": 1
                            },
                            {
                                "Worker Number": 2,
                                "Actual Startup Time": 2754.732,
                                "Actual Total Time": 2754.736,
                                "Actual Rows": 1,
                                "Actual Loops": 1
                            },
                            {
                                "Worker Number": 3,
                                "Actual Startup Time": 2754.967,
                                "Actual Total Time": 2754.973,
                                "Actual Rows": 1,
                                "Actual Loops": 1
                            },
                            {
                                "Worker Number": 4,
                                "Actual Startup Time": 2754.909,
                                "Actual Total Time": 2754.915,
                                "Actual Rows": 1,
                                "Actual Loops": 1
                            },
                            {
                                "Worker Number": 5,
                                "Actual Startup Time": 2758.647,
                                "Actual Total Time": 2758.653,
                                "Actual Rows": 1,
                                "Actual Loops": 1
                            }
                        ],
                        "Plans": [
                            {
                                "Node Type": "Hash Join",
                                "Parent Relationship": "Outer",
                                "Parallel Aware": true,
                                "Join Type": "Inner",
                                "Startup Cost": 94466.82,
                                "Total Cost": 452609.12,
                                "Plan Rows": 715584,
                                "Plan Width": 0,
                                "Actual Startup Time": 382.339,
                                "Actual Total Time": 2388.749,
                                "Actual Rows": 8243549,
                                "Actual Loops": 7,
                                "Inner Unique": false,
                                "Hash Cond": "(ci.movie_id = t.id)",
                                "Workers": [
                                    {
                                        "Worker Number": 0,
                                        "Actual Startup Time": 379.862,
                                        "Actual Total Time": 2389.381,
                                        "Actual Rows": 8671100,
                                        "Actual Loops": 1
                                    },
                                    {
                                        "Worker Number": 1,
                                        "Actual Startup Time": 380.127,
                                        "Actual Total Time": 2367.729,
                                        "Actual Rows": 6616457,
                                        "Actual Loops": 1
                                    },
                                    {
                                        "Worker Number": 2,
                                        "Actual Startup Time": 380.69,
                                        "Actual Total Time": 2388.624,
                                        "Actual Rows": 8941649,
                                        "Actual Loops": 1
                                    },
                                    {
                                        "Worker Number": 3,
                                        "Actual Startup Time": 380.954,
                                        "Actual Total Time": 2393.348,
                                        "Actual Rows": 8828016,
                                        "Actual Loops": 1
                                    },
                                    {
                                        "Worker Number": 4,
                                        "Actual Startup Time": 380.87,
                                        "Actual Total Time": 2395.261,
                                        "Actual Rows": 8707722,
                                        "Actual Loops": 1
                                    },
                                    {
                                        "Worker Number": 5,
                                        "Actual Startup Time": 381.361,
                                        "Actual Total Time": 2414.967,
                                        "Actual Rows": 8560548,
                                        "Actual Loops": 1
                                    }
                                ],
                                "Plans": [
                                    {
                                        "Node Type": "Seq Scan",
                                        "Parent Relationship": "Outer",
                                        "Parallel Aware": true,
                                        "Relation Name": "cast_info",
                                        "Schema": "public",
                                        "Alias": "ci",
                                        "Startup Cost": 0.0,
                                        "Total Cost": 343318.94,
                                        "Plan Rows": 3337340,
                                        "Plan Width": 4,
                                        "Actual Startup Time": 0.026,
                                        "Actual Total Time": 698.972,
                                        "Actual Rows": 3411234,
                                        "Actual Loops": 7,
                                        "Output": [
                                            "ci.id",
                                            "ci.person_id",
                                            "ci.movie_id",
                                            "ci.person_role_id",
                                            "ci.note",
                                            "ci.nr_order",
                                            "ci.role_id"
                                        ],
                                        "Filter": "((ci.person_id < 3024647) AND (ci.role_id < 4))",
                                        "Rows Removed by Filter": 1766530,
                                        "Workers": [
                                            {
                                                "Worker Number": 0,
                                                "Actual Startup Time": 0.046,
                                                "Actual Total Time": 709.835,
                                                "Actual Rows": 3584029,
                                                "Actual Loops": 1
                                            },
                                            {
                                                "Worker Number": 1,
                                                "Actual Startup Time": 0.024,
                                                "Actual Total Time": 700.434,
                                                "Actual Rows": 2721804,
                                                "Actual Loops": 1
                                            },
                                            {
                                                "Worker Number": 2,
                                                "Actual Startup Time": 0.024,
                                                "Actual Total Time": 706.581,
                                                "Actual Rows": 3671967,
                                                "Actual Loops": 1
                                            },
                                            {
                                                "Worker Number": 3,
                                                "Actual Startup Time": 0.026,
                                                "Actual Total Time": 708.126,
                                                "Actual Rows": 3646511,
                                                "Actual Loops": 1
                                            },
                                            {
                                                "Worker Number": 4,
                                                "Actual Startup Time": 0.015,
                                                "Actual Total Time": 722.398,
                                                "Actual Rows": 3566164,
                                                "Actual Loops": 1
                                            },
                                            {
                                                "Worker Number": 5,
                                                "Actual Startup Time": 0.033,
                                                "Actual Total Time": 706.227,
                                                "Actual Rows": 3528915,
                                                "Actual Loops": 1
                                            }
                                        ]
                                    },
                                    {
                                        "Node Type": "Hash",
                                        "Parent Relationship": "Inner",
                                        "Parallel Aware": true,
                                        "Startup Cost": 92280.87,
                                        "Total Cost": 92280.87,
                                        "Plan Rows": 174876,
                                        "Plan Width": 8,
                                        "Actual Startup Time": 379.104,
                                        "Actual Total Time": 379.299,
                                        "Actual Rows": 242941,
                                        "Actual Loops": 7,
                                        "Output": [
                                            "t.id",
                                            "mk.movie_id"
                                        ],
                                        "Hash Buckets": 2097152,
                                        "Original Hash Buckets": 1048576,
                                        "Hash Batches": 1,
                                        "Original Hash Batches": 1,
                                        "Peak Memory Usage": 91232,
                                        "Workers": [
                                            {
                                                "Worker Number": 0,
                                                "Actual Startup Time": 379.204,
                                                "Actual Total Time": 379.208,
                                                "Actual Rows": 199204,
                                                "Actual Loops": 1
                                            },
                                            {
                                                "Worker Number": 1,
                                                "Actual Startup Time": 379.301,
                                                "Actual Total Time": 379.305,
                                                "Actual Rows": 190488,
                                                "Actual Loops": 1
                                            },
                                            {
                                                "Worker Number": 2,
                                                "Actual Startup Time": 380.009,
                                                "Actual Total Time": 380.012,
                                                "Actual Rows": 271763,
                                                "Actual Loops": 1
                                            },
                                            {
                                                "Worker Number": 3,
                                                "Actual Startup Time": 380.268,
                                                "Actual Total Time": 380.272,
                                                "Actual Rows": 272262,
                                                "Actual Loops": 1
                                            },
                                            {
                                                "Worker Number": 4,
                                                "Actual Startup Time": 380.216,
                                                "Actual Total Time": 380.22,
                                                "Actual Rows": 271580,
                                                "Actual Loops": 1
                                            },
                                            {
                                                "Worker Number": 5,
                                                "Actual Startup Time": 380.618,
                                                "Actual Total Time": 380.622,
                                                "Actual Rows": 277502,
                                                "Actual Loops": 1
                                            }
                                        ],
                                        "Plans": [
                                            {
                                                "Node Type": "Hash Join",
                                                "Parent Relationship": "Outer",
                                                "Parallel Aware": true,
                                                "Join Type": "Inner",
                                                "Startup Cost": 46765.48,
                                                "Total Cost": 92280.87,
                                                "Plan Rows": 174876,
                                                "Plan Width": 8,
                                                "Actual Startup Time": 141.236,
                                                "Actual Total Time": 283.777,
                                                "Actual Rows": 242941,
                                                "Actual Loops": 7,
                                                "Output": [
                                                    "t.id",
                                                    "mk.movie_id"
                                                ],
                                                "Inner Unique": true,
                                                "Hash Cond": "(mk.movie_id = t.id)",
                                                "Workers": [
                                                    {
                                                        "Worker Number": 0,
                                                        "Actual Startup Time": 141.272,
                                                        "Actual Total Time": 284.246,
                                                        "Actual Rows": 199204,
                                                        "Actual Loops": 1
                                                    },
                                                    {
                                                        "Worker Number": 1,
                                                        "Actual Startup Time": 141.258,
                                                        "Actual Total Time": 283.91,
                                                        "Actual Rows": 190488,
                                                        "Actual Loops": 1
                                                    },
                                                    {
                                                        "Worker Number": 2,
                                                        "Actual Startup Time": 141.097,
                                                        "Actual Total Time": 284.434,
                                                        "Actual Rows": 271763,
                                                        "Actual Loops": 1
                                                    },
                                                    {
                                                        "Worker Number": 3,
                                                        "Actual Startup Time": 141.231,
                                                        "Actual Total Time": 283.546,
                                                        "Actual Rows": 272262,
                                                        "Actual Loops": 1
                                                    },
                                                    {
                                                        "Worker Number": 4,
                                                        "Actual Startup Time": 141.204,
                                                        "Actual Total Time": 284.315,
                                                        "Actual Rows": 271580,
                                                        "Actual Loops": 1
                                                    },
                                                    {
                                                        "Worker Number": 5,
                                                        "Actual Startup Time": 141.209,
                                                        "Actual Total Time": 283.678,
                                                        "Actual Rows": 277502,
                                                        "Actual Loops": 1
                                                    }
                                                ],
                                                "Plans": [
                                                    {
                                                        "Node Type": "Seq Scan",
                                                        "Parent Relationship": "Outer",
                                                        "Parallel Aware": true,
                                                        "Relation Name": "movie_keyword",
                                                        "Schema": "public",
                                                        "Alias": "mk",
                                                        "Startup Cost": 0.0,
                                                        "Total Cost": 42695.65,
                                                        "Plan Rows": 1074186,
                                                        "Plan Width": 4,
                                                        "Actual Startup Time": 0.051,
                                                        "Actual Total Time": 93.377,
                                                        "Actual Rows": 476407,
                                                        "Actual Loops": 7,
                                                        "Output": [
                                                            "mk.id",
                                                            "mk.movie_id",
                                                            "mk.keyword_id"
                                                        ],
                                                        "Filter": "(mk.keyword_id > 1417)",
                                                        "Rows Removed by Filter": 169868,
                                                        "Workers": [
                                                            {
                                                                "Worker Number": 0,
                                                                "Actual Startup Time": 0.062,
                                                                "Actual Total Time": 95.622,
                                                                "Actual Rows": 389374,
                                                                "Actual Loops": 1
                                                            },
                                                            {
                                                                "Worker Number": 1,
                                                                "Actual Startup Time": 0.035,
                                                                "Actual Total Time": 95.269,
                                                                "Actual Rows": 368689,
                                                                "Actual Loops": 1
                                                            },
                                                            {
                                                                "Worker Number": 2,
                                                                "Actual Startup Time": 0.041,
                                                                "Actual Total Time": 95.299,
                                                                "Actual Rows": 536796,
                                                                "Actual Loops": 1
                                                            },
                                                            {
                                                                "Worker Number": 3,
                                                                "Actual Startup Time": 0.047,
                                                                "Actual Total Time": 94.6,
                                                                "Actual Rows": 530261,
                                                                "Actual Loops": 1
                                                            },
                                                            {
                                                                "Worker Number": 4,
                                                                "Actual Startup Time": 0.067,
                                                                "Actual Total Time": 95.35,
                                                                "Actual Rows": 531899,
                                                                "Actual Loops": 1
                                                            },
                                                            {
                                                                "Worker Number": 5,
                                                                "Actual Startup Time": 0.049,
                                                                "Actual Total Time": 94.926,
                                                                "Actual Rows": 539082,
                                                                "Actual Loops": 1
                                                            }
                                                        ]
                                                    },
                                                    {
                                                        "Node Type": "Hash",
                                                        "Parent Relationship": "Inner",
                                                        "Parallel Aware": true,
                                                        "Startup Cost": 45479.21,
                                                        "Total Cost": 45479.21,
                                                        "Plan Rows": 102902,
                                                        "Plan Width": 4,
                                                        "Actual Startup Time": 112.689,
                                                        "Actual Total Time": 112.69,
                                                        "Actual Rows": 65164,
                                                        "Actual Loops": 7,
                                                        "Output": [
                                                            "t.id"
                                                        ],
                                                        "Hash Buckets": 524288,
                                                        "Original Hash Buckets": 524288,
                                                        "Hash Batches": 1,
                                                        "Original Hash Batches": 1,
                                                        "Peak Memory Usage": 22048,
                                                        "Workers": [
                                                            {
                                                                "Worker Number": 0,
                                                                "Actual Startup Time": 113.413,
                                                                "Actual Total Time": 113.414,
                                                                "Actual Rows": 52466,
                                                                "Actual Loops": 1
                                                            },
                                                            {
                                                                "Worker Number": 1,
                                                                "Actual Startup Time": 113.45,
                                                                "Actual Total Time": 113.452,
                                                                "Actual Rows": 49232,
                                                                "Actual Loops": 1
                                                            },
                                                            {
                                                                "Worker Number": 2,
                                                                "Actual Startup Time": 113.311,
                                                                "Actual Total Time": 113.312,
                                                                "Actual Rows": 74309,
                                                                "Actual Loops": 1
                                                            },
                                                            {
                                                                "Worker Number": 3,
                                                                "Actual Startup Time": 113.411,
                                                                "Actual Total Time": 113.412,
                                                                "Actual Rows": 74315,
                                                                "Actual Loops": 1
                                                            },
                                                            {
                                                                "Worker Number": 4,
                                                                "Actual Startup Time": 113.375,
                                                                "Actual Total Time": 113.376,
                                                                "Actual Rows": 74003,
                                                                "Actual Loops": 1
                                                            },
                                                            {
                                                                "Worker Number": 5,
                                                                "Actual Startup Time": 113.337,
                                                                "Actual Total Time": 113.339,
                                                                "Actual Rows": 66698,
                                                                "Actual Loops": 1
                                                            }
                                                        ],
                                                        "Plans": [
                                                            {
                                                                "Node Type": "Seq Scan",
                                                                "Parent Relationship": "Outer",
                                                                "Parallel Aware": true,
                                                                "Relation Name": "title",
                                                                "Schema": "public",
                                                                "Alias": "t",
                                                                "Startup Cost": 0.0,
                                                                "Total Cost": 45479.21,
                                                                "Plan Rows": 102902,
                                                                "Plan Width": 4,
                                                                "Actual Startup Time": 53.243,
                                                                "Actual Total Time": 84.362,
                                                                "Actual Rows": 65164,
                                                                "Actual Loops": 7,
                                                                "Output": [
                                                                    "t.id"
                                                                ],
                                                                "Filter": "((t.production_year < 2007) AND (t.kind_id = 1))",
                                                                "Rows Removed by Filter": 296024,
                                                                "Workers": [
                                                                    {
                                                                        "Worker Number": 0,
                                                                        "Actual Startup Time": 53.227,
                                                                        "Actual Total Time": 85.506,
                                                                        "Actual Rows": 52466,
                                                                        "Actual Loops": 1
                                                                    },
                                                                    {
                                                                        "Worker Number": 1,
                                                                        "Actual Startup Time": 53.15,
                                                                        "Actual Total Time": 84.49,
                                                                        "Actual Rows": 49232,
                                                                        "Actual Loops": 1
                                                                    },
                                                                    {
                                                                        "Worker Number": 2,
                                                                        "Actual Startup Time": 53.197,
                                                                        "Actual Total Time": 84.624,
                                                                        "Actual Rows": 74309,
                                                                        "Actual Loops": 1
                                                                    },
                                                                    {
                                                                        "Worker Number": 3,
                                                                        "Actual Startup Time": 53.418,
                                                                        "Actual Total Time": 84.655,
                                                                        "Actual Rows": 74315,
                                                                        "Actual Loops": 1
                                                                    },
                                                                    {
                                                                        "Worker Number": 4,
                                                                        "Actual Startup Time": 53.479,
                                                                        "Actual Total Time": 84.957,
                                                                        "Actual Rows": 74003,
                                                                        "Actual Loops": 1
                                                                    },
                                                                    {
                                                                        "Worker Number": 5,
                                                                        "Actual Startup Time": 53.091,
                                                                        "Actual Total Time": 83.591,
                                                                        "Actual Rows": 66698,
                                                                        "Actual Loops": 1
                                                                    }
                                                                ]
                                                            }
                                                        ]
                                                    }
                                                ]
                                            }
                                        ]
                                    }
                                ]
                            }
                        ]
                    }
                ]
            }
        ]
    },
    "Planning Time": 1.59,
    "Triggers": [],
    "Execution Time": 2833.135
}