{
  "Plan": {
    "Node Type": "Aggregate",
    "Strategy": "Plain",
    "Partial Mode": "Finalize",
    "Parallel Aware": false,
    "Startup Cost": 111184.81,
    "Total Cost": 111184.82,
    "Plan Rows": 1,
    "Plan Width": 8,
    "Actual Startup Time": 398.453,
    "Actual Total Time": 419.082,
    "Actual Rows": 1,
    "Actual Loops": 1,
    "Plans": [
      {
        "Node Type": "Gather",
        "Parent Relationship": "Outer",
        "Parallel Aware": false,
        "Startup Cost": 111184.7,
        "Total Cost": 111184.81,
        "Plan Rows": 1,
        "Plan Width": 8,
        "Actual Startup Time": 397.678,
        "Actual Total Time": 419.076,
        "Actual Rows": 2,
        "Actual Loops": 1,
        "Workers Planned": 1,
        "Workers Launched": 1,
        "Single Copy": false,
        "Plans": [
          {
            "Node Type": "Aggregate",
            "Strategy": "Plain",
            "Partial Mode": "Partial",
            "Parent Relationship": "Outer",
            "Parallel Aware": false,
            "Startup Cost": 110184.7,
            "Total Cost": 110184.71,
            "Plan Rows": 1,
            "Plan Width": 8,
            "Actual Startup Time": 393.473,
            "Actual Total Time": 393.478,
            "Actual Rows": 1,
            "Actual Loops": 2,
            "Plans": [
              {
                "Node Type": "Nested Loop",
                "Parent Relationship": "Outer",
                "Parallel Aware": false,
                "Join Type": "Inner",
                "Startup Cost": 65480.39,
                "Total Cost": 110165.6,
                "Plan Rows": 7642,
                "Plan Width": 0,
                "Actual Startup Time": 192.044,
                "Actual Total Time": 388.924,
                "Actual Rows": 96703,
                "Actual Loops": 2,
                "Inner Unique": false,
                "Join Filter": "(t.id = mc.movie_id)",
                "Rows Removed by Join Filter": 0,
                "Plans": [
                  {
                    "Node Type": "Hash Join",
                    "Parent Relationship": "Outer",
                    "Parallel Aware": true,
                    "Join Type": "Inner",
                    "Startup Cost": 65479.96,
                    "Total Cost": 93123.59,
                    "Plan Rows": 19569,
                    "Plan Width": 8,
                    "Actual Startup Time": 191.977,
                    "Actual Total Time": 275.771,
                    "Actual Rows": 26008,
                    "Actual Loops": 2,
                    "Inner Unique": true,
                    "Hash Cond": "(mk.movie_id = t.id)",
                    "Plans": [
                      {
                        "Node Type": "Bitmap Heap Scan",
                        "Parent Relationship": "Outer",
                        "Parallel Aware": true,
                        "Relation Name": "movie_keyword",
                        "Alias": "mk",
                        "Startup Cost": 7606.85,
                        "Total Cost": 34696.91,
                        "Plan Rows": 210885,
                        "Plan Width": 4,
                        "Actual Startup Time": 23.989,
                        "Actual Total Time": 77.483,
                        "Actual Rows": 173824,
                        "Actual Loops": 2,
                        "Recheck Cond": "(keyword_id > 47874)",
                        "Rows Removed by Index Recheck": 0,
                        "Exact Heap Blocks": 12313,
                        "Lossy Heap Blocks": 0,
                        "Plans": [
                          {
                            "Node Type": "Bitmap Index Scan",
                            "Parent Relationship": "Outer",
                            "Parallel Aware": false,
                            "Index Name": "keyword_id_movie_keyword",
                            "Startup Cost": 0.0,
                            "Total Cost": 7517.22,
                            "Plan Rows": 358505,
                            "Plan Width": 0,
                            "Actual Startup Time": 20.696,
                            "Actual Total Time": 20.697,
                            "Actual Rows": 347648,
                            "Actual Loops": 1,
                            "Index Cond": "(keyword_id > 47874)"
                          }
                        ]
                      },
                      {
                        "Node Type": "Hash",
                        "Parent Relationship": "Inner",
                        "Parallel Aware": true,
                        "Startup Cost": 56148.0,
                        "Total Cost": 56148.0,
                        "Plan Rows": 138009,
                        "Plan Width": 4,
                        "Actual Startup Time": 164.985,
                        "Actual Total Time": 164.986,
                        "Actual Rows": 104081,
                        "Actual Loops": 2,
                        "Hash Buckets": 262144,
                        "Original Hash Buckets": 262144,
                        "Hash Batches": 1,
                        "Original Hash Batches": 1,
                        "Peak Memory Usage": 10240,
                        "Plans": [
                          {
                            "Node Type": "Bitmap Heap Scan",
                            "Parent Relationship": "Outer",
                            "Parallel Aware": true,
                            "Relation Name": "title",
                            "Alias": "t",
                            "Startup Cost": 13497.61,
                            "Total Cost": 56148.0,
                            "Plan Rows": 138009,
                            "Plan Width": 4,
                            "Actual Startup Time": 51.044,
                            "Actual Total Time": 142.429,
                            "Actual Rows": 104081,
                            "Actual Loops": 2,
                            "Recheck Cond": "(kind_id < 3)",
                            "Rows Removed by Index Recheck": 0,
                            "Filter": "(production_year > 2007)",
                            "Rows Removed by Filter": 272758,
                            "Exact Heap Blocks": 26960,
                            "Lossy Heap Blocks": 0,
                            "Plans": [
                              {
                                "Node Type": "Bitmap Index Scan",
                                "Parent Relationship": "Outer",
                                "Parallel Aware": false,
                                "Index Name": "kind_id_title",
                                "Startup Cost": 0.0,
                                "Total Cost": 13438.96,
                                "Plan Rows": 753937,
                                "Plan Width": 0,
                                "Actual Startup Time": 46.484,
                                "Actual Total Time": 46.484,
                                "Actual Rows": 753677,
                                "Actual Loops": 1,
                                "Index Cond": "(kind_id < 3)"
                              }
                            ]
                          }
                        ]
                      }
                    ]
                  },
                  {
                    "Node Type": "Index Scan",
                    "Parent Relationship": "Inner",
                    "Parallel Aware": false,
                    "Scan Direction": "Forward",
                    "Index Name": "movie_id_movie_companies",
                    "Relation Name": "movie_companies",
                    "Alias": "mc",
                    "Startup Cost": 0.43,
                    "Total Cost": 0.85,
                    "Plan Rows": 2,
                    "Plan Width": 4,
                    "Actual Startup Time": 0.002,
                    "Actual Total Time": 0.004,
                    "Actual Rows": 4,
                    "Actual Loops": 52016,
                    "Index Cond": "(movie_id = mk.movie_id)",
                    "Rows Removed by Index Recheck": 0,
                    "Filter": "(company_id < 4493)",
                    "Rows Removed by Filter": 8
                  }
                ]
              }
            ]
          }
        ]
      }
    ]
  },
  "Planning Time": 0.891,
  "Triggers": [],
  "Execution Time": 419.19
}