{
    "Plan": {
        "Node Type": "Aggregate",
        "Strategy": "Plain",
        "Partial Mode": "Finalize",
        "Parallel Aware": false,
        "Startup Cost": 330667.9,
        "Total Cost": 330667.91,
        "Plan Rows": 1,
        "Plan Width": 8,
        "Actual Startup Time": 1018.517,
        "Actual Total Time": 1092.622,
        "Actual Rows": 1,
        "Actual Loops": 1,
        "Output": [
            "count(*)"
        ],
        "Plans": [
            {
                "Node Type": "Gather",
                "Parent Relationship": "Outer",
                "Parallel Aware": false,
                "Startup Cost": 330667.38,
                "Total Cost": 330667.89,
                "Plan Rows": 5,
                "Plan Width": 8,
                "Actual Startup Time": 1018.084,
                "Actual Total Time": 1092.612,
                "Actual Rows": 6,
                "Actual Loops": 1,
                "Output": [
                    "(PARTIAL count(*))"
                ],
                "Workers Planned": 5,
                "Workers Launched": 5,
                "Single Copy": false,
                "Plans": [
                    {
                        "Node Type": "Aggregate",
                        "Strategy": "Plain",
                        "Partial Mode": "Partial",
                        "Parent Relationship": "Outer",
                        "Parallel Aware": false,
                        "Startup Cost": 329667.38,
                        "Total Cost": 329667.39,
                        "Plan Rows": 1,
                        "Plan Width": 8,
                        "Actual Startup Time": 1003.629,
                        "Actual Total Time": 1003.633,
                        "Actual Rows": 1,
                        "Actual Loops": 6,
                        "Output": [
                            "PARTIAL count(*)"
                        ],
                        "Workers": [
                            {
                                "Worker Number": 0,
                                "Actual Startup Time": 984.561,
                                "Actual Total Time": 984.565,
                                "Actual Rows": 1,
                                "Actual Loops": 1
                            },
                            {
                                "Worker Number": 1,
                                "Actual Startup Time": 1004.667,
                                "Actual Total Time": 1004.67,
                                "Actual Rows": 1,
                                "Actual Loops": 1
                            },
                            {
                                "Worker Number": 2,
                                "Actual Startup Time": 1004.503,
                                "Actual Total Time": 1004.507,
                                "Actual Rows": 1,
                                "Actual Loops": 1
                            },
                            {
                                "Worker Number": 3,
                                "Actual Startup Time": 1004.686,
                                "Actual Total Time": 1004.689,
                                "Actual Rows": 1,
                                "Actual Loops": 1
                            },
                            {
                                "Worker Number": 4,
                                "Actual Startup Time": 1006.189,
                                "Actual Total Time": 1006.192,
                                "Actual Rows": 1,
                                "Actual Loops": 1
                            }
                        ],
                        "Plans": [
                            {
                                "Node Type": "Nested Loop",
                                "Parent Relationship": "Outer",
                                "Parallel Aware": false,
                                "Join Type": "Inner",
                                "Startup Cost": 45602.87,
                                "Total Cost": 328019.14,
                                "Plan Rows": 659294,
                                "Plan Width": 0,
                                "Actual Startup Time": 85.5,
                                "Actual Total Time": 991.791,
                                "Actual Rows": 201447,
                                "Actual Loops": 6,
                                "Inner Unique": false,
                                "Join Filter": "(t.id = ci.movie_id)",
                                "Rows Removed by Join Filter": 0,
                                "Workers": [
                                    {
                                        "Worker Number": 0,
                                        "Actual Startup Time": 66.464,
                                        "Actual Total Time": 971.457,
                                        "Actual Rows": 144608,
                                        "Actual Loops": 1
                                    },
                                    {
                                        "Worker Number": 1,
                                        "Actual Startup Time": 86.538,
                                        "Actual Total Time": 991.555,
                                        "Actual Rows": 146548,
                                        "Actual Loops": 1
                                    },
                                    {
                                        "Worker Number": 2,
                                        "Actual Startup Time": 86.511,
                                        "Actual Total Time": 993.899,
                                        "Actual Rows": 198938,
                                        "Actual Loops": 1
                                    },
                                    {
                                        "Worker Number": 3,
                                        "Actual Startup Time": 86.613,
                                        "Actual Total Time": 993.776,
                                        "Actual Rows": 199836,
                                        "Actual Loops": 1
                                    },
                                    {
                                        "Worker Number": 4,
                                        "Actual Startup Time": 87.78,
                                        "Actual Total Time": 995.462,
                                        "Actual Rows": 206614,
                                        "Actual Loops": 1
                                    }
                                ],
                                "Plans": [
                                    {
                                        "Node Type": "Hash Join",
                                        "Parent Relationship": "Outer",
                                        "Parallel Aware": true,
                                        "Join Type": "Inner",
                                        "Startup Cost": 45602.31,
                                        "Total Cost": 244851.93,
                                        "Plan Rows": 45980,
                                        "Plan Width": 8,
                                        "Actual Startup Time": 85.383,
                                        "Actual Total Time": 640.968,
                                        "Actual Rows": 10010,
                                        "Actual Loops": 6,
                                        "Output": [
                                            "t.id",
                                            "mi.movie_id"
                                        ],
                                        "Inner Unique": true,
                                        "Hash Cond": "(mi.movie_id = t.id)",
                                        "Workers": [
                                            {
                                                "Worker Number": 0,
                                                "Actual Startup Time": 66.307,
                                                "Actual Total Time": 610.807,
                                                "Actual Rows": 6636,
                                                "Actual Loops": 1
                                            },
                                            {
                                                "Worker Number": 1,
                                                "Actual Startup Time": 86.4,
                                                "Actual Total Time": 637.543,
                                                "Actual Rows": 6699,
                                                "Actual Loops": 1
                                            },
                                            {
                                                "Worker Number": 2,
                                                "Actual Startup Time": 86.343,
                                                "Actual Total Time": 637.902,
                                                "Actual Rows": 10279,
                                                "Actual Loops": 1
                                            },
                                            {
                                                "Worker Number": 3,
                                                "Actual Startup Time": 86.496,
                                                "Actual Total Time": 633.011,
                                                "Actual Rows": 10158,
                                                "Actual Loops": 1
                                            },
                                            {
                                                "Worker Number": 4,
                                                "Actual Startup Time": 87.684,
                                                "Actual Total Time": 637.408,
                                                "Actual Rows": 10320,
                                                "Actual Loops": 1
                                            }
                                        ],
                                        "Plans": [
                                            {
                                                "Node Type": "Seq Scan",
                                                "Parent Relationship": "Outer",
                                                "Parallel Aware": true,
                                                "Relation Name": "movie_info",
                                                "Schema": "public",
                                                "Alias": "mi",
                                                "Startup Cost": 0.0,
                                                "Total Cost": 191503.19,
                                                "Plan Rows": 2951019,
                                                "Plan Width": 4,
                                                "Actual Startup Time": 0.032,
                                                "Actual Total Time": 296.147,
                                                "Actual Rows": 2472620,
                                                "Actual Loops": 6,
                                                "Output": [
                                                    "mi.id",
                                                    "mi.movie_id",
                                                    "mi.info_type_id",
                                                    "mi.info",
                                                    "mi.note"
                                                ],
                                                "Workers": [
                                                    {
                                                        "Worker Number": 0,
                                                        "Actual Startup Time": 0.039,
                                                        "Actual Total Time": 294.491,
                                                        "Actual Rows": 1692040,
                                                        "Actual Loops": 1
                                                    },
                                                    {
                                                        "Worker Number": 1,
                                                        "Actual Startup Time": 0.037,
                                                        "Actual Total Time": 296.248,
                                                        "Actual Rows": 1735610,
                                                        "Actual Loops": 1
                                                    },
                                                    {
                                                        "Worker Number": 2,
                                                        "Actual Startup Time": 0.039,
                                                        "Actual Total Time": 301.269,
                                                        "Actual Rows": 2634608,
                                                        "Actual Loops": 1
                                                    },
                                                    {
                                                        "Worker Number": 3,
                                                        "Actual Startup Time": 0.035,
                                                        "Actual Total Time": 298.541,
                                                        "Actual Rows": 2560764,
                                                        "Actual Loops": 1
                                                    },
                                                    {
                                                        "Worker Number": 4,
                                                        "Actual Startup Time": 0.036,
                                                        "Actual Total Time": 295.483,
                                                        "Actual Rows": 2682892,
                                                        "Actual Loops": 1
                                                    }
                                                ]
                                            },
                                            {
                                                "Node Type": "Hash",
                                                "Parent Relationship": "Inner",
                                                "Parallel Aware": true,
                                                "Startup Cost": 45479.21,
                                                "Total Cost": 45479.21,
                                                "Plan Rows": 9848,
                                                "Plan Width": 4,
                                                "Actual Startup Time": 83.367,
                                                "Actual Total Time": 83.368,
                                                "Actual Rows": 6687,
                                                "Actual Loops": 6,
                                                "Output": [
                                                    "t.id"
                                                ],
                                                "Hash Buckets": 65536,
                                                "Original Hash Buckets": 65536,
                                                "Hash Batches": 1,
                                                "Original Hash Batches": 1,
                                                "Peak Memory Usage": 2208,
                                                "Workers": [
                                                    {
                                                        "Worker Number": 0,
                                                        "Actual Startup Time": 65.196,
                                                        "Actual Total Time": 65.197,
                                                        "Actual Rows": 1866,
                                                        "Actual Loops": 1
                                                    },
                                                    {
                                                        "Worker Number": 1,
                                                        "Actual Startup Time": 85.372,
                                                        "Actual Total Time": 85.373,
                                                        "Actual Rows": 5596,
                                                        "Actual Loops": 1
                                                    },
                                                    {
                                                        "Worker Number": 2,
                                                        "Actual Startup Time": 85.143,
                                                        "Actual Total Time": 85.144,
                                                        "Actual Rows": 6586,
                                                        "Actual Loops": 1
                                                    },
                                                    {
                                                        "Worker Number": 3,
                                                        "Actual Startup Time": 85.139,
                                                        "Actual Total Time": 85.14,
                                                        "Actual Rows": 6710,
                                                        "Actual Loops": 1
                                                    },
                                                    {
                                                        "Worker Number": 4,
                                                        "Actual Startup Time": 86.388,
                                                        "Actual Total Time": 86.389,
                                                        "Actual Rows": 6968,
                                                        "Actual Loops": 1
                                                    }
                                                ],
                                                "Plans": [
                                                    {
                                                        "Node Type": "Seq Scan",
                                                        "Parent Relationship": "Outer",
                                                        "Parallel Aware": true,
                                                        "Relation Name": "title",
                                                        "Schema": "public",
                                                        "Alias": "t",
                                                        "Startup Cost": 0.0,
                                                        "Total Cost": 45479.21,
                                                        "Plan Rows": 9848,
                                                        "Plan Width": 4,
                                                        "Actual Startup Time": 0.07,
                                                        "Actual Total Time": 79.591,
                                                        "Actual Rows": 6687,
                                                        "Actual Loops": 6,
                                                        "Output": [
                                                            "t.id"
                                                        ],
                                                        "Filter": "((t.kind_id = 7) AND (t.production_year = 2013))",
                                                        "Rows Removed by Filter": 414699,
                                                        "Workers": [
                                                            {
                                                                "Worker Number": 0,
                                                                "Actual Startup Time": 0.048,
                                                                "Actual Total Time": 62.994,
                                                                "Actual Rows": 1866,
                                                                "Actual Loops": 1
                                                            },
                                                            {
                                                                "Worker Number": 1,
                                                                "Actual Startup Time": 0.066,
                                                                "Actual Total Time": 81.258,
                                                                "Actual Rows": 5596,
                                                                "Actual Loops": 1
                                                            },
                                                            {
                                                                "Worker Number": 2,
                                                                "Actual Startup Time": 0.075,
                                                                "Actual Total Time": 81.299,
                                                                "Actual Rows": 6586,
                                                                "Actual Loops": 1
                                                            },
                                                            {
                                                                "Worker Number": 3,
                                                                "Actual Startup Time": 0.062,
                                                                "Actual Total Time": 81.048,
                                                                "Actual Rows": 6710,
                                                                "Actual Loops": 1
                                                            },
                                                            {
                                                                "Worker Number": 4,
                                                                "Actual Startup Time": 0.087,
                                                                "Actual Total Time": 82.329,
                                                                "Actual Rows": 6968,
                                                                "Actual Loops": 1
                                                            }
                                                        ]
                                                    }
                                                ]
                                            }
                                        ]
                                    },
                                    {
                                        "Node Type": "Index Only Scan",
                                        "Parent Relationship": "Inner",
                                        "Parallel Aware": false,
                                        "Scan Direction": "Forward",
                                        "Index Name": "movie_id_cast_info",
                                        "Relation Name": "cast_info",
                                        "Schema": "public",
                                        "Alias": "ci",
                                        "Startup Cost": 0.56,
                                        "Total Cost": 1.33,
                                        "Plan Rows": 38,
                                        "Plan Width": 4,
                                        "Actual Startup Time": 0.006,
                                        "Actual Total Time": 0.033,
                                        "Actual Rows": 20,
                                        "Actual Loops": 60062,
                                        "Output": [
                                            "ci.movie_id"
                                        ],
                                        "Index Cond": "(ci.movie_id = mi.movie_id)",
                                        "Rows Removed by Index Recheck": 0,
                                        "Heap Fetches": 1208682,
                                        "Workers": [
                                            {
                                                "Worker Number": 0,
                                                "Actual Startup Time": 0.009,
                                                "Actual Total Time": 0.05,
                                                "Actual Rows": 22,
                                                "Actual Loops": 6636
                                            },
                                            {
                                                "Worker Number": 1,
                                                "Actual Startup Time": 0.009,
                                                "Actual Total Time": 0.049,
                                                "Actual Rows": 22,
                                                "Actual Loops": 6699
                                            },
                                            {
                                                "Worker Number": 2,
                                                "Actual Startup Time": 0.006,
                                                "Actual Total Time": 0.032,
                                                "Actual Rows": 19,
                                                "Actual Loops": 10279
                                            },
                                            {
                                                "Worker Number": 3,
                                                "Actual Startup Time": 0.006,
                                                "Actual Total Time": 0.033,
                                                "Actual Rows": 20,
                                                "Actual Loops": 10158
                                            },
                                            {
                                                "Worker Number": 4,
                                                "Actual Startup Time": 0.006,
                                                "Actual Total Time": 0.032,
                                                "Actual Rows": 20,
                                                "Actual Loops": 10320
                                            }
                                        ]
                                    }
                                ]
                            }
                        ]
                    }
                ]
            }
        ]
    },
    "Planning Time": 1.569,
    "Triggers": [],
    "Execution Time": 1092.741
}