[
  {
    "Plan": {
      "Node Type": "Aggregate",
      "Strategy": "Plain",
      "Partial Mode": "Finalize",
      "Parallel Aware": false,
      "Startup Cost": 330829.92,
      "Total Cost": 330829.93,
      "Plan Rows": 1,
      "Plan Width": 8,
      "Actual Startup Time": 628.051,
      "Actual Total Time": 667.39,
      "Actual Rows": 1,
      "Actual Loops": 1,
      "Plans": [
        {
          "Node Type": "Gather",
          "Parent Relationship": "Outer",
          "Parallel Aware": false,
          "Startup Cost": 330829.29,
          "Total Cost": 330829.9,
          "Plan Rows": 6,
          "Plan Width": 8,
          "Actual Startup Time": 627.913,
          "Actual Total Time": 667.373,
          "Actual Rows": 7,
          "Actual Loops": 1,
          "Workers Planned": 6,
          "Workers Launched": 6,
          "Single Copy": false,
          "Plans": [
            {
              "Node Type": "Aggregate",
              "Strategy": "Plain",
              "Partial Mode": "Partial",
              "Parent Relationship": "Outer",
              "Parallel Aware": false,
              "Startup Cost": 329829.29,
              "Total Cost": 329829.3,
              "Plan Rows": 1,
              "Plan Width": 8,
              "Actual Startup Time": 616.16,
              "Actual Total Time": 616.161,
              "Actual Rows": 1,
              "Actual Loops": 7,
              "Plans": [
                {
                  "Node Type": "Index Scan",
                  "Parent Relationship": "Outer",
                  "Parallel Aware": true,
                  "Scan Direction": "Forward",
                  "Index Name": "role_id_cast_info",
                  "Relation Name": "cast_info",
                  "Alias": "ci",
                  "Startup Cost": 0.56,
                  "Total Cost": 325153.08,
                  "Plan Rows": 1870484,
                  "Plan Width": 0,
                  "Actual Startup Time": 0.209,
                  "Actual Total Time": 522.004,
                  "Actual Rows": 1367472,
                  "Actual Loops": 7,
                  "Index Cond": "(role_id > 3)",
                  "Rows Removed by Index Recheck": 0,
                  "Filter": "(person_id < 3566909)",
                  "Rows Removed by Filter": 363049
                }
              ]
            }
          ]
        }
      ]
    },
    "Planning Time": 0.273,
    "Triggers": [],
    "Execution Time": 667.473
  }
]