{
  "Plan": {
    "Node Type": "Aggregate",
    "Strategy": "Plain",
    "Partial Mode": "Finalize",
    "Parallel Aware": false,
    "Startup Cost": 265265.35,
    "Total Cost": 265265.36,
    "Plan Rows": 1,
    "Plan Width": 8,
    "Actual Startup Time": 841.541,
    "Actual Total Time": 864.066,
    "Actual Rows": 1,
    "Actual Loops": 1,
    "Plans": [
      {
        "Node Type": "Gather",
        "Parent Relationship": "Outer",
        "Parallel Aware": false,
        "Startup Cost": 265265.23,
        "Total Cost": 265265.34,
        "Plan Rows": 1,
        "Plan Width": 8,
        "Actual Startup Time": 835.393,
        "Actual Total Time": 864.058,
        "Actual Rows": 2,
        "Actual Loops": 1,
        "Workers Planned": 1,
        "Workers Launched": 1,
        "Single Copy": false,
        "Plans": [
          {
            "Node Type": "Aggregate",
            "Strategy": "Plain",
            "Partial Mode": "Partial",
            "Parent Relationship": "Outer",
            "Parallel Aware": false,
            "Startup Cost": 264265.23,
            "Total Cost": 264265.24,
            "Plan Rows": 1,
            "Plan Width": 8,
            "Actual Startup Time": 823.905,
            "Actual Total Time": 824.199,
            "Actual Rows": 1,
            "Actual Loops": 2,
            "Plans": [
              {
                "Node Type": "Hash Join",
                "Parent Relationship": "Outer",
                "Parallel Aware": true,
                "Join Type": "Inner",
                "Startup Cost": 244172.14,
                "Total Cost": 263968.17,
                "Plan Rows": 118826,
                "Plan Width": 0,
                "Actual Startup Time": 659.54,
                "Actual Total Time": 804.329,
                "Actual Rows": 456982,
                "Actual Loops": 2,
                "Inner Unique": false,
                "Hash Cond": "(mi_idx.movie_id = t.id)",
                "Plans": [
                  {
                    "Node Type": "Seq Scan",
                    "Parent Relationship": "Outer",
                    "Parallel Aware": true,
                    "Relation Name": "movie_info_idx",
                    "Alias": "mi_idx",
                    "Startup Cost": 0.0,
                    "Total Cost": 16052.85,
                    "Plan Rows": 811785,
                    "Plan Width": 4,
                    "Actual Startup Time": 0.027,
                    "Actual Total Time": 47.096,
                    "Actual Rows": 690018,
                    "Actual Loops": 2
                  },
                  {
                    "Node Type": "Hash",
                    "Parent Relationship": "Inner",
                    "Parallel Aware": true,
                    "Startup Cost": 241450.94,
                    "Total Cost": 241450.94,
                    "Plan Rows": 217696,
                    "Plan Width": 8,
                    "Actual Startup Time": 655.511,
                    "Actual Total Time": 655.803,
                    "Actual Rows": 184109,
                    "Actual Loops": 2,
                    "Hash Buckets": 524288,
                    "Original Hash Buckets": 524288,
                    "Hash Batches": 1,
                    "Original Hash Batches": 1,
                    "Peak Memory Usage": 18528,
                    "Plans": [
                      {
                        "Node Type": "Hash Join",
                        "Parent Relationship": "Outer",
                        "Parallel Aware": true,
                        "Join Type": "Inner",
                        "Startup Cost": 76165.29,
                        "Total Cost": 241450.94,
                        "Plan Rows": 217696,
                        "Plan Width": 8,
                        "Actual Startup Time": 531.076,
                        "Actual Total Time": 618.419,
                        "Actual Rows": 184109,
                        "Actual Loops": 2,
                        "Inner Unique": true,
                        "Hash Cond": "(mi.movie_id = t.id)",
                        "Plans": [
                          {
                            "Node Type": "Bitmap Heap Scan",
                            "Parent Relationship": "Outer",
                            "Parallel Aware": true,
                            "Relation Name": "movie_info",
                            "Alias": "mi",
                            "Startup Cost": 6704.59,
                            "Total Cost": 171418.79,
                            "Plan Rows": 217696,
                            "Plan Width": 4,
                            "Actual Startup Time": 18.762,
                            "Actual Total Time": 49.514,
                            "Actual Rows": 184109,
                            "Actual Loops": 2,
                            "Recheck Cond": "(info_type_id = 17)",
                            "Rows Removed by Index Recheck": 0,
                            "Exact Heap Blocks": 5741,
                            "Lossy Heap Blocks": 0,
                            "Plans": [
                              {
                                "Node Type": "Bitmap Index Scan",
                                "Parent Relationship": "Outer",
                                "Parallel Aware": false,
                                "Index Name": "info_type_id_movie_info",
                                "Startup Cost": 0.0,
                                "Total Cost": 6612.07,
                                "Plan Rows": 370084,
                                "Plan Width": 0,
                                "Actual Startup Time": 17.217,
                                "Actual Total Time": 17.217,
                                "Actual Rows": 368218,
                                "Actual Loops": 1,
                                "Index Cond": "(info_type_id = 17)"
                              }
                            ]
                          },
                          {
                            "Node Type": "Hash",
                            "Parent Relationship": "Inner",
                            "Parallel Aware": true,
                            "Startup Cost": 50870.31,
                            "Total Cost": 50870.31,
                            "Plan Rows": 1487231,
                            "Plan Width": 4,
                            "Actual Startup Time": 497.108,
                            "Actual Total Time": 497.11,
                            "Actual Rows": 1264156,
                            "Actual Loops": 2,
                            "Hash Buckets": 4194304,
                            "Original Hash Buckets": 4194304,
                            "Hash Batches": 1,
                            "Original Hash Batches": 1,
                            "Peak Memory Usage": 131712,
                            "Plans": [
                              {
                                "Node Type": "Seq Scan",
                                "Parent Relationship": "Outer",
                                "Parallel Aware": true,
                                "Relation Name": "title",
                                "Alias": "t",
                                "Startup Cost": 0.0,
                                "Total Cost": 50870.31,
                                "Plan Rows": 1487231,
                                "Plan Width": 4,
                                "Actual Startup Time": 0.025,
                                "Actual Total Time": 149.92,
                                "Actual Rows": 1264156,
                                "Actual Loops": 2
                              }
                            ]
                          }
                        ]
                      }
                    ]
                  }
                ]
              }
            ]
          }
        ]
      }
    ]
  },
  "Planning Time": 0.509,
  "Triggers": [],
  "Execution Time": 864.135
}