[
  {
    "Plan": {
      "Node Type": "Aggregate",
      "Strategy": "Plain",
      "Partial Mode": "Finalize",
      "Parallel Aware": false,
      "Startup Cost": 365874.0,
      "Total Cost": 365874.01,
      "Plan Rows": 1,
      "Plan Width": 8,
      "Actual Startup Time": 603.907,
      "Actual Total Time": 621.984,
      "Actual Rows": 1,
      "Actual Loops": 1,
      "Plans": [
        {
          "Node Type": "Gather",
          "Parent Relationship": "Outer",
          "Parallel Aware": false,
          "Startup Cost": 365873.38,
          "Total Cost": 365873.99,
          "Plan Rows": 6,
          "Plan Width": 8,
          "Actual Startup Time": 587.724,
          "Actual Total Time": 621.971,
          "Actual Rows": 7,
          "Actual Loops": 1,
          "Workers Planned": 6,
          "Workers Launched": 6,
          "Single Copy": false,
          "Plans": [
            {
              "Node Type": "Aggregate",
              "Strategy": "Plain",
              "Partial Mode": "Partial",
              "Parent Relationship": "Outer",
              "Parallel Aware": false,
              "Startup Cost": 364873.38,
              "Total Cost": 364873.39,
              "Plan Rows": 1,
              "Plan Width": 8,
              "Actual Startup Time": 566.863,
              "Actual Total Time": 566.867,
              "Actual Rows": 1,
              "Actual Loops": 7,
              "Plans": [
                {
                  "Node Type": "Hash Join",
                  "Parent Relationship": "Outer",
                  "Parallel Aware": true,
                  "Join Type": "Inner",
                  "Startup Cost": 104813.28,
                  "Total Cost": 364306.49,
                  "Plan Rows": 226756,
                  "Plan Width": 0,
                  "Actual Startup Time": 340.806,
                  "Actual Total Time": 553.582,
                  "Actual Rows": 258306,
                  "Actual Loops": 7,
                  "Inner Unique": true,
                  "Hash Cond": "(ci.movie_id = t.id)",
                  "Plans": [
                    {
                      "Node Type": "Bitmap Heap Scan",
                      "Parent Relationship": "Outer",
                      "Parallel Aware": true,
                      "Relation Name": "cast_info",
                      "Alias": "ci",
                      "Startup Cost": 54593.63,
                      "Total Cost": 313491.61,
                      "Plan Rows": 226756,
                      "Plan Width": 4,
                      "Actual Startup Time": 89.534,
                      "Actual Total Time": 173.232,
                      "Actual Rows": 258306,
                      "Actual Loops": 7,
                      "Recheck Cond": "(person_id < 244106)",
                      "Rows Removed by Index Recheck": 0,
                      "Filter": "(role_id < 3)",
                      "Rows Removed by Filter": 101850,
                      "Exact Heap Blocks": 3913,
                      "Lossy Heap Blocks": 0,
                      "Plans": [
                        {
                          "Node Type": "Bitmap Index Scan",
                          "Parent Relationship": "Outer",
                          "Parallel Aware": false,
                          "Index Name": "person_id_cast_info",
                          "Startup Cost": 0.0,
                          "Total Cost": 54253.5,
                          "Plan Rows": 2484391,
                          "Plan Width": 0,
                          "Actual Startup Time": 85.43,
                          "Actual Total Time": 85.431,
                          "Actual Rows": 2521092,
                          "Actual Loops": 1,
                          "Index Cond": "(person_id < 244106)"
                        }
                      ]
                    },
                    {
                      "Node Type": "Hash",
                      "Parent Relationship": "Inner",
                      "Parallel Aware": true,
                      "Startup Cost": 42318.73,
                      "Total Cost": 42318.73,
                      "Plan Rows": 632073,
                      "Plan Width": 4,
                      "Actual Startup Time": 244.331,
                      "Actual Total Time": 244.332,
                      "Actual Rows": 361187,
                      "Actual Loops": 7,
                      "Hash Buckets": 4194304,
                      "Original Hash Buckets": 4194304,
                      "Hash Batches": 1,
                      "Original Hash Batches": 1,
                      "Peak Memory Usage": 131808,
                      "Plans": [
                        {
                          "Node Type": "Seq Scan",
                          "Parent Relationship": "Outer",
                          "Parallel Aware": true,
                          "Relation Name": "title",
                          "Alias": "t",
                          "Startup Cost": 0.0,
                          "Total Cost": 42318.73,
                          "Plan Rows": 632073,
                          "Plan Width": 4,
                          "Actual Startup Time": 0.042,
                          "Actual Total Time": 74.984,
                          "Actual Rows": 361187,
                          "Actual Loops": 7
                        }
                      ]
                    }
                  ]
                }
              ]
            }
          ]
        }
      ]
    },
    "Planning Time": 0.632,
    "Triggers": [],
    "Execution Time": 622.081
  }
]