[
  {
    "Plan": {
      "Node Type": "Aggregate",
      "Strategy": "Plain",
      "Partial Mode": "Finalize",
      "Parallel Aware": false,
      "Startup Cost": 526684.31,
      "Total Cost": 526684.32,
      "Plan Rows": 1,
      "Plan Width": 64,
      "Actual Startup Time": 3188.289,
      "Actual Total Time": 3311.705,
      "Actual Rows": 1,
      "Actual Loops": 1,
      "Plans": [
        {
          "Node Type": "Gather",
          "Parent Relationship": "Outer",
          "Parallel Aware": false,
          "Startup Cost": 526683.88,
          "Total Cost": 526684.29,
          "Plan Rows": 4,
          "Plan Width": 32,
          "Actual Startup Time": 3185.189,
          "Actual Total Time": 3311.69,
          "Actual Rows": 5,
          "Actual Loops": 1,
          "Workers Planned": 4,
          "Workers Launched": 4,
          "Single Copy": false,
          "Plans": [
            {
              "Node Type": "Aggregate",
              "Strategy": "Plain",
              "Partial Mode": "Partial",
              "Parent Relationship": "Outer",
              "Parallel Aware": false,
              "Startup Cost": 525683.88,
              "Total Cost": 525683.89,
              "Plan Rows": 1,
              "Plan Width": 32,
              "Actual Startup Time": 3174.76,
              "Actual Total Time": 3174.882,
              "Actual Rows": 1,
              "Actual Loops": 5,
              "Plans": [
                {
                  "Node Type": "Hash Join",
                  "Parent Relationship": "Outer",
                  "Parallel Aware": true,
                  "Join Type": "Inner",
                  "Startup Cost": 480995.19,
                  "Total Cost": 525683.88,
                  "Plan Rows": 3,
                  "Plan Width": 15,
                  "Actual Startup Time": 3021.133,
                  "Actual Total Time": 3173.931,
                  "Actual Rows": 9607,
                  "Actual Loops": 5,
                  "Inner Unique": false,
                  "Hash Cond": "(t.id = ci.movie_id)",
                  "Plans": [
                    {
                      "Node Type": "Seq Scan",
                      "Parent Relationship": "Outer",
                      "Parallel Aware": true,
                      "Relation Name": "title",
                      "Alias": "t",
                      "Startup Cost": 0.0,
                      "Total Cost": 42318.49,
                      "Plan Rows": 632049,
                      "Plan Width": 4,
                      "Actual Startup Time": 0.021,
                      "Actual Total Time": 84.457,
                      "Actual Rows": 505662,
                      "Actual Loops": 5
                    },
                    {
                      "Node Type": "Hash",
                      "Parent Relationship": "Inner",
                      "Parallel Aware": true,
                      "Startup Cost": 480995.16,
                      "Total Cost": 480995.16,
                      "Plan Rows": 2,
                      "Plan Width": 27,
                      "Actual Startup Time": 3017.462,
                      "Actual Total Time": 3017.582,
                      "Actual Rows": 9607,
                      "Actual Loops": 5,
                      "Hash Buckets": 65536,
                      "Original Hash Buckets": 1024,
                      "Hash Batches": 1,
                      "Original Hash Batches": 1,
                      "Peak Memory Usage": 4088,
                      "Plans": [
                        {
                          "Node Type": "Hash Join",
                          "Parent Relationship": "Outer",
                          "Parallel Aware": true,
                          "Join Type": "Inner",
                          "Startup Cost": 149789.22,
                          "Total Cost": 480995.16,
                          "Plan Rows": 2,
                          "Plan Width": 27,
                          "Actual Startup Time": 1347.455,
                          "Actual Total Time": 2966.591,
                          "Actual Rows": 9607,
                          "Actual Loops": 5,
                          "Inner Unique": false,
                          "Hash Cond": "(ci.movie_id = mk.movie_id)",
                          "Plans": [
                            {
                              "Node Type": "Hash Join",
                              "Parent Relationship": "Outer",
                              "Parallel Aware": true,
                              "Join Type": "Inner",
                              "Startup Cost": 69951.0,
                              "Total Cost": 398869.75,
                              "Plan Rows": 609915,
                              "Plan Width": 19,
                              "Actual Startup Time": 771.946,
                              "Actual Total Time": 2306.589,
                              "Actual Rows": 698679,
                              "Actual Loops": 5,
                              "Inner Unique": true,
                              "Hash Cond": "(ci.person_id = n.id)",
                              "Plans": [
                                {
                                  "Node Type": "Seq Scan",
                                  "Parent Relationship": "Outer",
                                  "Parallel Aware": true,
                                  "Relation Name": "cast_info",
                                  "Alias": "ci",
                                  "Startup Cost": 0.0,
                                  "Total Cost": 313068.58,
                                  "Plan Rows": 6038158,
                                  "Plan Width": 8,
                                  "Actual Startup Time": 0.018,
                                  "Actual Total Time": 1048.898,
                                  "Actual Rows": 7248869,
                                  "Actual Loops": 5
                                },
                                {
                                  "Node Type": "Hash",
                                  "Parent Relationship": "Inner",
                                  "Parallel Aware": true,
                                  "Startup Cost": 68635.58,
                                  "Total Cost": 68635.58,
                                  "Plan Rows": 105233,
                                  "Plan Width": 19,
                                  "Actual Startup Time": 227.602,
                                  "Actual Total Time": 227.603,
                                  "Actual Rows": 81053,
                                  "Actual Loops": 5,
                                  "Hash Buckets": 524288,
                                  "Original Hash Buckets": 524288,
                                  "Hash Batches": 1,
                                  "Original Hash Batches": 1,
                                  "Peak Memory Usage": 26208,
                                  "Plans": [
                                    {
                                      "Node Type": "Seq Scan",
                                      "Parent Relationship": "Outer",
                                      "Parallel Aware": true,
                                      "Relation Name": "name",
                                      "Alias": "n",
                                      "Startup Cost": 0.0,
                                      "Total Cost": 68635.58,
                                      "Plan Rows": 105233,
                                      "Plan Width": 19,
                                      "Actual Startup Time": 53.677,
                                      "Actual Total Time": 175.961,
                                      "Actual Rows": 81053,
                                      "Actual Loops": 5,
                                      "Filter": "(name ~~ 'S%'::text)",
                                      "Rows Removed by Filter": 752445
                                    }
                                  ]
                                }
                              ]
                            },
                            {
                              "Node Type": "Hash",
                              "Parent Relationship": "Inner",
                              "Parallel Aware": true,
                              "Startup Cost": 79838.2,
                              "Total Cost": 79838.2,
                              "Plan Rows": 2,
                              "Plan Width": 8,
                              "Actual Startup Time": 575.092,
                              "Actual Total Time": 575.1,
                              "Actual Rows": 1567,
                              "Actual Loops": 5,
                              "Hash Buckets": 8192,
                              "Original Hash Buckets": 1024,
                              "Hash Batches": 1,
                              "Original Hash Batches": 1,
                              "Peak Memory Usage": 568,
                              "Plans": [
                                {
                                  "Node Type": "Hash Join",
                                  "Parent Relationship": "Outer",
                                  "Parallel Aware": true,
                                  "Join Type": "Inner",
                                  "Startup Cost": 50296.32,
                                  "Total Cost": 79838.2,
                                  "Plan Rows": 2,
                                  "Plan Width": 8,
                                  "Actual Startup Time": 327.916,
                                  "Actual Total Time": 494.304,
                                  "Actual Rows": 1567,
                                  "Actual Loops": 5,
                                  "Inner Unique": false,
                                  "Hash Cond": "(mc.movie_id = mk.movie_id)",
                                  "Plans": [
                                    {
                                      "Node Type": "Hash Join",
                                      "Parent Relationship": "Outer",
                                      "Parallel Aware": true,
                                      "Join Type": "Inner",
                                      "Startup Cost": 4791.86,
                                      "Total Cost": 34207.79,
                                      "Plan Rows": 33581,
                                      "Plan Width": 4,
                                      "Actual Startup Time": 14.776,
                                      "Actual Total Time": 173.864,
                                      "Actual Rows": 29626,
                                      "Actual Loops": 5,
                                      "Inner Unique": true,
                                      "Hash Cond": "(mc.company_id = cn.id)",
                                      "Plans": [
                                        {
                                          "Node Type": "Seq Scan",
                                          "Parent Relationship": "Outer",
                                          "Parallel Aware": true,
                                          "Relation Name": "movie_companies",
                                          "Alias": "mc",
                                          "Startup Cost": 0.0,
                                          "Total Cost": 27206.55,
                                          "Plan Rows": 841655,
                                          "Plan Width": 8,
                                          "Actual Startup Time": 0.02,
                                          "Actual Total Time": 82.018,
                                          "Actual Rows": 521826,
                                          "Actual Loops": 5
                                        },
                                        {
                                          "Node Type": "Hash",
                                          "Parent Relationship": "Inner",
                                          "Parallel Aware": true,
                                          "Startup Cost": 4722.92,
                                          "Total Cost": 4722.92,
                                          "Plan Rows": 5515,
                                          "Plan Width": 4,
                                          "Actual Startup Time": 14.603,
                                          "Actual Total Time": 14.604,
                                          "Actual Rows": 1955,
                                          "Actual Loops": 5,
                                          "Hash Buckets": 16384,
                                          "Original Hash Buckets": 16384,
                                          "Hash Batches": 1,
                                          "Original Hash Batches": 1,
                                          "Peak Memory Usage": 608,
                                          "Plans": [
                                            {
                                              "Node Type": "Seq Scan",
                                              "Parent Relationship": "Outer",
                                              "Parallel Aware": true,
                                              "Relation Name": "company_name",
                                              "Alias": "cn",
                                              "Startup Cost": 0.0,
                                              "Total Cost": 4722.92,
                                              "Plan Rows": 5515,
                                              "Plan Width": 4,
                                              "Actual Startup Time": 0.04,
                                              "Actual Total Time": 13.316,
                                              "Actual Rows": 1955,
                                              "Actual Loops": 5,
                                              "Filter": "((country_code)::text = '[de]'::text)",
                                              "Rows Removed by Filter": 45044
                                            }
                                          ]
                                        }
                                      ]
                                    },
                                    {
                                      "Node Type": "Hash",
                                      "Parent Relationship": "Inner",
                                      "Parallel Aware": true,
                                      "Startup Cost": 45504.33,
                                      "Total Cost": 45504.33,
                                      "Plan Rows": 11,
                                      "Plan Width": 4,
                                      "Actual Startup Time": 312.272,
                                      "Actual Total Time": 312.275,
                                      "Actual Rows": 8368,
                                      "Actual Loops": 5,
                                      "Hash Buckets": 65536,
                                      "Original Hash Buckets": 1024,
                                      "Hash Batches": 1,
                                      "Original Hash Batches": 1,
                                      "Peak Memory Usage": 2776,
                                      "Plans": [
                                        {
                                          "Node Type": "Hash Join",
                                          "Parent Relationship": "Outer",
                                          "Parallel Aware": false,
                                          "Join Type": "Inner",
                                          "Startup Cost": 2626.14,
                                          "Total Cost": 45504.33,
                                          "Plan Rows": 11,
                                          "Plan Width": 4,
                                          "Actual Startup Time": 27.919,
                                          "Actual Total Time": 254.749,
                                          "Actual Rows": 8368,
                                          "Actual Loops": 5,
                                          "Inner Unique": true,
                                          "Hash Cond": "(mk.keyword_id = k.id)",
                                          "Plans": [
                                            {
                                              "Node Type": "Seq Scan",
                                              "Parent Relationship": "Outer",
                                              "Parallel Aware": true,
                                              "Relation Name": "movie_keyword",
                                              "Alias": "mk",
                                              "Startup Cost": 0.0,
                                              "Total Cost": 39047.32,
                                              "Plan Rows": 1459332,
                                              "Plan Width": 8,
                                              "Actual Startup Time": 0.059,
                                              "Actual Total Time": 132.906,
                                              "Actual Rows": 904786,
                                              "Actual Loops": 5
                                            },
                                            {
                                              "Node Type": "Hash",
                                              "Parent Relationship": "Inner",
                                              "Parallel Aware": false,
                                              "Startup Cost": 2626.12,
                                              "Total Cost": 2626.12,
                                              "Plan Rows": 1,
                                              "Plan Width": 4,
                                              "Actual Startup Time": 27.77,
                                              "Actual Total Time": 27.771,
                                              "Actual Rows": 1,
                                              "Actual Loops": 5,
                                              "Hash Buckets": 1024,
                                              "Original Hash Buckets": 1024,
                                              "Hash Batches": 1,
                                              "Original Hash Batches": 1,
                                              "Peak Memory Usage": 9,
                                              "Plans": [
                                                {
                                                  "Node Type": "Seq Scan",
                                                  "Parent Relationship": "Outer",
                                                  "Parallel Aware": false,
                                                  "Relation Name": "keyword",
                                                  "Alias": "k",
                                                  "Startup Cost": 0.0,
                                                  "Total Cost": 2626.12,
                                                  "Plan Rows": 1,
                                                  "Plan Width": 4,
                                                  "Actual Startup Time": 1.818,
                                                  "Actual Total Time": 27.753,
                                                  "Actual Rows": 1,
                                                  "Actual Loops": 5,
                                                  "Filter": "(keyword = 'character-name-in-title'::text)",
                                                  "Rows Removed by Filter": 134169
                                                }
                                              ]
                                            }
                                          ]
                                        }
                                      ]
                                    }
                                  ]
                                }
                              ]
                            }
                          ]
                        }
                      ]
                    }
                  ]
                }
              ]
            }
          ]
        }
      ]
    },
    "Planning Time": 14.216,
    "Triggers": [],
    "Execution Time": 3312.129
  }
]