[
  {
    "Plan": {
      "Node Type": "Aggregate",
      "Strategy": "Plain",
      "Partial Mode": "Finalize",
      "Parallel Aware": false,
      "Startup Cost": 218202.93,
      "Total Cost": 218202.94,
      "Plan Rows": 1,
      "Plan Width": 8,
      "Actual Startup Time": 57.173,
      "Actual Total Time": 61.145,
      "Actual Rows": 1,
      "Actual Loops": 1,
      "Plans": [
        {
          "Node Type": "Gather",
          "Parent Relationship": "Outer",
          "Parallel Aware": false,
          "Startup Cost": 218202.51,
          "Total Cost": 218202.92,
          "Plan Rows": 4,
          "Plan Width": 8,
          "Actual Startup Time": 56.922,
          "Actual Total Time": 61.139,
          "Actual Rows": 5,
          "Actual Loops": 1,
          "Workers Planned": 4,
          "Workers Launched": 4,
          "Single Copy": false,
          "Plans": [
            {
              "Node Type": "Aggregate",
              "Strategy": "Plain",
              "Partial Mode": "Partial",
              "Parent Relationship": "Outer",
              "Parallel Aware": false,
              "Startup Cost": 217202.51,
              "Total Cost": 217202.52,
              "Plan Rows": 1,
              "Plan Width": 8,
              "Actual Startup Time": 51.461,
              "Actual Total Time": 51.463,
              "Actual Rows": 1,
              "Actual Loops": 5,
              "Plans": [
                {
                  "Node Type": "Nested Loop",
                  "Parent Relationship": "Outer",
                  "Parallel Aware": false,
                  "Join Type": "Inner",
                  "Startup Cost": 2111.03,
                  "Total Cost": 217193.72,
                  "Plan Rows": 3514,
                  "Plan Width": 0,
                  "Actual Startup Time": 40.956,
                  "Actual Total Time": 51.458,
                  "Actual Rows": 1,
                  "Actual Loops": 5,
                  "Inner Unique": false,
                  "Plans": [
                    {
                      "Node Type": "Bitmap Heap Scan",
                      "Parent Relationship": "Outer",
                      "Parallel Aware": true,
                      "Relation Name": "title",
                      "Alias": "t",
                      "Startup Cost": 2110.59,
                      "Total Cost": 38551.68,
                      "Plan Rows": 3986,
                      "Plan Width": 4,
                      "Actual Startup Time": 35.32,
                      "Actual Total Time": 51.252,
                      "Actual Rows": 2,
                      "Actual Loops": 5,
                      "Recheck Cond": "(kind_id = 4)",
                      "Rows Removed by Index Recheck": 0,
                      "Filter": "(production_year < 1968)",
                      "Rows Removed by Filter": 23645,
                      "Exact Heap Blocks": 7145,
                      "Lossy Heap Blocks": 0,
                      "Plans": [
                        {
                          "Node Type": "Bitmap Index Scan",
                          "Parent Relationship": "Outer",
                          "Parallel Aware": false,
                          "Index Name": "kind_id_title",
                          "Startup Cost": 0.0,
                          "Total Cost": 2106.61,
                          "Plan Rows": 118157,
                          "Plan Width": 0,
                          "Actual Startup Time": 18.691,
                          "Actual Total Time": 18.691,
                          "Actual Rows": 118234,
                          "Actual Loops": 1,
                          "Index Cond": "(kind_id = 4)"
                        }
                      ]
                    },
                    {
                      "Node Type": "Index Scan",
                      "Parent Relationship": "Inner",
                      "Parallel Aware": false,
                      "Scan Direction": "Forward",
                      "Index Name": "movie_id_movie_info",
                      "Relation Name": "movie_info",
                      "Alias": "mi",
                      "Startup Cost": 0.43,
                      "Total Cost": 44.76,
                      "Plan Rows": 6,
                      "Plan Width": 4,
                      "Actual Startup Time": 0.091,
                      "Actual Total Time": 0.124,
                      "Actual Rows": 1,
                      "Actual Loops": 8,
                      "Index Cond": "(movie_id = t.id)",
                      "Rows Removed by Index Recheck": 0,
                      "Filter": "(info_type_id > 16)",
                      "Rows Removed by Filter": 6
                    }
                  ]
                }
              ]
            }
          ]
        }
      ]
    },
    "Planning Time": 0.654,
    "Triggers": [],
    "Execution Time": 61.225
  }
]