[
  {
    "Plan": {
      "Node Type": "Aggregate",
      "Strategy": "Plain",
      "Partial Mode": "Simple",
      "Parallel Aware": false,
      "Startup Cost": 15665.83,
      "Total Cost": 15665.84,
      "Plan Rows": 1,
      "Plan Width": 8,
      "Actual Startup Time": 5.249,
      "Actual Total Time": 5.25,
      "Actual Rows": 1,
      "Actual Loops": 1,
      "Plans": [
        {
          "Node Type": "Bitmap Heap Scan",
          "Parent Relationship": "Outer",
          "Parallel Aware": false,
          "Relation Name": "movie_companies",
          "Alias": "mc",
          "Startup Cost": 191.43,
          "Total Cost": 15654.64,
          "Plan Rows": 4478,
          "Plan Width": 0,
          "Actual Startup Time": 1.033,
          "Actual Total Time": 4.302,
          "Actual Rows": 8606,
          "Actual Loops": 1,
          "Recheck Cond": "(company_id = 596)",
          "Rows Removed by Index Recheck": 0,
          "Filter": "(company_type_id > 1)",
          "Rows Removed by Filter": 96,
          "Exact Heap Blocks": 821,
          "Lossy Heap Blocks": 0,
          "Plans": [
            {
              "Node Type": "Bitmap Index Scan",
              "Parent Relationship": "Outer",
              "Parallel Aware": false,
              "Index Name": "company_id_movie_companies",
              "Startup Cost": 0.0,
              "Total Cost": 190.31,
              "Plan Rows": 8784,
              "Plan Width": 0,
              "Actual Startup Time": 0.711,
              "Actual Total Time": 0.712,
              "Actual Rows": 8702,
              "Actual Loops": 1,
              "Index Cond": "(company_id = 596)"
            }
          ]
        }
      ]
    },
    "Planning Time": 0.125,
    "Triggers": [],
    "Execution Time": 5.289
  }
]