[
  {
    "Plan": {
      "Node Type": "Aggregate",
      "Strategy": "Plain",
      "Partial Mode": "Finalize",
      "Parallel Aware": false,
      "Startup Cost": 78307.83,
      "Total Cost": 78307.84,
      "Plan Rows": 1,
      "Plan Width": 8,
      "Actual Startup Time": 549.828,
      "Actual Total Time": 569.629,
      "Actual Rows": 1,
      "Actual Loops": 1,
      "Plans": [
        {
          "Node Type": "Gather",
          "Parent Relationship": "Outer",
          "Parallel Aware": false,
          "Startup Cost": 78307.51,
          "Total Cost": 78307.82,
          "Plan Rows": 3,
          "Plan Width": 8,
          "Actual Startup Time": 547.609,
          "Actual Total Time": 569.619,
          "Actual Rows": 4,
          "Actual Loops": 1,
          "Workers Planned": 3,
          "Workers Launched": 3,
          "Single Copy": false,
          "Plans": [
            {
              "Node Type": "Aggregate",
              "Strategy": "Plain",
              "Partial Mode": "Partial",
              "Parent Relationship": "Outer",
              "Parallel Aware": false,
              "Startup Cost": 77307.51,
              "Total Cost": 77307.52,
              "Plan Rows": 1,
              "Plan Width": 8,
              "Actual Startup Time": 538.117,
              "Actual Total Time": 538.12,
              "Actual Rows": 1,
              "Actual Loops": 4,
              "Plans": [
                {
                  "Node Type": "Hash Join",
                  "Parent Relationship": "Outer",
                  "Parallel Aware": true,
                  "Join Type": "Inner",
                  "Startup Cost": 47384.37,
                  "Total Cost": 76800.26,
                  "Plan Rows": 202899,
                  "Plan Width": 0,
                  "Actual Startup Time": 273.542,
                  "Actual Total Time": 520.716,
                  "Actual Rows": 260478,
                  "Actual Loops": 4,
                  "Inner Unique": true,
                  "Hash Cond": "(mc.movie_id = t.id)",
                  "Plans": [
                    {
                      "Node Type": "Seq Scan",
                      "Parent Relationship": "Outer",
                      "Parallel Aware": true,
                      "Relation Name": "movie_companies",
                      "Alias": "mc",
                      "Startup Cost": 0.0,
                      "Total Cost": 27206.55,
                      "Plan Rows": 841655,
                      "Plan Width": 4,
                      "Actual Startup Time": 0.018,
                      "Actual Total Time": 87.876,
                      "Actual Rows": 652282,
                      "Actual Loops": 4
                    },
                    {
                      "Node Type": "Hash",
                      "Parent Relationship": "Inner",
                      "Parallel Aware": true,
                      "Startup Cost": 45479.59,
                      "Total Cost": 45479.59,
                      "Plan Rows": 152383,
                      "Plan Width": 4,
                      "Actual Startup Time": 211.35,
                      "Actual Total Time": 211.351,
                      "Actual Rows": 131499,
                      "Actual Loops": 4,
                      "Hash Buckets": 1048576,
                      "Original Hash Buckets": 1048576,
                      "Hash Batches": 1,
                      "Original Hash Batches": 1,
                      "Peak Memory Usage": 28864,
                      "Plans": [
                        {
                          "Node Type": "Seq Scan",
                          "Parent Relationship": "Outer",
                          "Parallel Aware": true,
                          "Relation Name": "title",
                          "Alias": "t",
                          "Startup Cost": 0.0,
                          "Total Cost": 45479.59,
                          "Plan Rows": 152383,
                          "Plan Width": 4,
                          "Actual Startup Time": 58.953,
                          "Actual Total Time": 140.326,
                          "Actual Rows": 131499,
                          "Actual Loops": 4,
                          "Filter": "((production_year > 1935) AND (kind_id = 1))",
                          "Rows Removed by Filter": 500579
                        }
                      ]
                    }
                  ]
                }
              ]
            }
          ]
        }
      ]
    },
    "Planning Time": 0.658,
    "Triggers": [],
    "Execution Time": 569.704
  }
]