[
  {
    "Plan": {
      "Node Type": "Aggregate",
      "Strategy": "Plain",
      "Partial Mode": "Finalize",
      "Parallel Aware": false,
      "Startup Cost": 78312.37,
      "Total Cost": 78312.38,
      "Plan Rows": 1,
      "Plan Width": 8,
      "Actual Startup Time": 386.425,
      "Actual Total Time": 404.465,
      "Actual Rows": 1,
      "Actual Loops": 1,
      "Plans": [
        {
          "Node Type": "Gather",
          "Parent Relationship": "Outer",
          "Parallel Aware": false,
          "Startup Cost": 78312.05,
          "Total Cost": 78312.36,
          "Plan Rows": 3,
          "Plan Width": 8,
          "Actual Startup Time": 384.174,
          "Actual Total Time": 404.453,
          "Actual Rows": 4,
          "Actual Loops": 1,
          "Workers Planned": 3,
          "Workers Launched": 3,
          "Single Copy": false,
          "Plans": [
            {
              "Node Type": "Aggregate",
              "Strategy": "Plain",
              "Partial Mode": "Partial",
              "Parent Relationship": "Outer",
              "Parallel Aware": false,
              "Startup Cost": 77312.05,
              "Total Cost": 77312.06,
              "Plan Rows": 1,
              "Plan Width": 8,
              "Actual Startup Time": 374.954,
              "Actual Total Time": 374.957,
              "Actual Rows": 1,
              "Actual Loops": 4,
              "Plans": [
                {
                  "Node Type": "Hash Join",
                  "Parent Relationship": "Outer",
                  "Parallel Aware": true,
                  "Join Type": "Inner",
                  "Startup Cost": 47387.84,
                  "Total Cost": 76803.73,
                  "Plan Rows": 203331,
                  "Plan Width": 0,
                  "Actual Startup Time": 199.549,
                  "Actual Total Time": 363.089,
                  "Actual Rows": 260478,
                  "Actual Loops": 4,
                  "Inner Unique": true,
                  "Hash Cond": "(mc.movie_id = t.id)",
                  "Plans": [
                    {
                      "Node Type": "Seq Scan",
                      "Parent Relationship": "Outer",
                      "Parallel Aware": true,
                      "Relation Name": "movie_companies",
                      "Alias": "mc",
                      "Startup Cost": 0.0,
                      "Total Cost": 27206.55,
                      "Plan Rows": 841655,
                      "Plan Width": 4,
                      "Actual Startup Time": 0.018,
                      "Actual Total Time": 61.626,
                      "Actual Rows": 652282,
                      "Actual Loops": 4
                    },
                    {
                      "Node Type": "Hash",
                      "Parent Relationship": "Inner",
                      "Parallel Aware": true,
                      "Startup Cost": 45479.1,
                      "Total Cost": 45479.1,
                      "Plan Rows": 152699,
                      "Plan Width": 4,
                      "Actual Startup Time": 162.858,
                      "Actual Total Time": 162.859,
                      "Actual Rows": 131499,
                      "Actual Loops": 4,
                      "Hash Buckets": 1048576,
                      "Original Hash Buckets": 1048576,
                      "Hash Batches": 1,
                      "Original Hash Batches": 1,
                      "Peak Memory Usage": 28832,
                      "Plans": [
                        {
                          "Node Type": "Seq Scan",
                          "Parent Relationship": "Outer",
                          "Parallel Aware": true,
                          "Relation Name": "title",
                          "Alias": "t",
                          "Startup Cost": 0.0,
                          "Total Cost": 45479.1,
                          "Plan Rows": 152699,
                          "Plan Width": 4,
                          "Actual Startup Time": 51.051,
                          "Actual Total Time": 112.732,
                          "Actual Rows": 131499,
                          "Actual Loops": 4,
                          "Filter": "((production_year > 1935) AND (kind_id = 1))",
                          "Rows Removed by Filter": 500579
                        }
                      ]
                    }
                  ]
                }
              ]
            }
          ]
        }
      ]
    },
    "Planning Time": 0.648,
    "Triggers": [],
    "Execution Time": 404.541
  }
]