{
  "Plan": {
    "Node Type": "Aggregate",
    "Strategy": "Plain",
    "Partial Mode": "Simple",
    "Parallel Aware": false,
    "Startup Cost": 846064.48,
    "Total Cost": 846064.49,
    "Plan Rows": 1,
    "Plan Width": 128,
    "Actual Startup Time": 4123.867,
    "Actual Total Time": 4208.365,
    "Actual Rows": 1,
    "Actual Loops": 1,
    "Plans": [
      {
        "Node Type": "Gather",
        "Parent Relationship": "Outer",
        "Parallel Aware": false,
        "Startup Cost": 756744.63,
        "Total Cost": 846064.47,
        "Plan Rows": 1,
        "Plan Width": 54,
        "Actual Startup Time": 3770.217,
        "Actual Total Time": 4207.987,
        "Actual Rows": 1728,
        "Actual Loops": 1,
        "Workers Planned": 1,
        "Workers Launched": 1,
        "Single Copy": false,
        "Plans": [
          {
            "Node Type": "Hash Join",
            "Parent Relationship": "Outer",
            "Parallel Aware": true,
            "Join Type": "Inner",
            "Startup Cost": 755744.63,
            "Total Cost": 845064.37,
            "Plan Rows": 1,
            "Plan Width": 54,
            "Actual Startup Time": 3761.968,
            "Actual Total Time": 4113.552,
            "Actual Rows": 864,
            "Actual Loops": 2,
            "Inner Unique": false,
            "Hash Cond": "(n.id = ci.person_id)",
            "Plans": [
              {
                "Node Type": "Seq Scan",
                "Parent Relationship": "Outer",
                "Parallel Aware": true,
                "Relation Name": "name",
                "Alias": "n",
                "Startup Cost": 0.0,
                "Total Cost": 80126.98,
                "Plan Rows": 2451398,
                "Plan Width": 19,
                "Actual Startup Time": 0.011,
                "Actual Total Time": 188.624,
                "Actual Rows": 2083746,
                "Actual Loops": 2
              },
              {
                "Node Type": "Hash",
                "Parent Relationship": "Inner",
                "Parallel Aware": true,
                "Startup Cost": 755744.62,
                "Total Cost": 755744.62,
                "Plan Rows": 1,
                "Plan Width": 43,
                "Actual Startup Time": 3760.182,
                "Actual Total Time": 3760.213,
                "Actual Rows": 864,
                "Actual Loops": 2,
                "Hash Buckets": 2048,
                "Original Hash Buckets": 1024,
                "Hash Batches": 1,
                "Original Hash Batches": 1,
                "Peak Memory Usage": 216,
                "Plans": [
                  {
                    "Node Type": "Hash Join",
                    "Parent Relationship": "Outer",
                    "Parallel Aware": true,
                    "Join Type": "Inner",
                    "Startup Cost": 209795.56,
                    "Total Cost": 755744.62,
                    "Plan Rows": 1,
                    "Plan Width": 43,
                    "Actual Startup Time": 1034.083,
                    "Actual Total Time": 3581.616,
                    "Actual Rows": 864,
                    "Actual Loops": 2,
                    "Inner Unique": true,
                    "Hash Cond": "(ci.person_role_id = chn.id)",
                    "Plans": [
                      {
                        "Node Type": "Hash Join",
                        "Parent Relationship": "Outer",
                        "Parallel Aware": true,
                        "Join Type": "Inner",
                        "Startup Cost": 143559.21,
                        "Total Cost": 689508.24,
                        "Plan Rows": 8,
                        "Plan Width": 31,
                        "Actual Startup Time": 689.959,
                        "Actual Total Time": 3233.372,
                        "Actual Rows": 29474,
                        "Actual Loops": 2,
                        "Inner Unique": false,
                        "Hash Cond": "(ci.movie_id = mk.movie_id)",
                        "Plans": [
                          {
                            "Node Type": "Seq Scan",
                            "Parent Relationship": "Outer",
                            "Parallel Aware": true,
                            "Relation Name": "cast_info",
                            "Alias": "ci",
                            "Startup Cost": 0.0,
                            "Total Cost": 465968.32,
                            "Plan Rows": 21328132,
                            "Plan Width": 12,
                            "Actual Startup Time": 0.017,
                            "Actual Total Time": 1302.7,
                            "Actual Rows": 18122172,
                            "Actual Loops": 2
                          },
                          {
                            "Node Type": "Hash",
                            "Parent Relationship": "Inner",
                            "Parallel Aware": true,
                            "Startup Cost": 143559.2,
                            "Total Cost": 143559.2,
                            "Plan Rows": 1,
                            "Plan Width": 39,
                            "Actual Startup Time": 688.757,
                            "Actual Total Time": 688.782,
                            "Actual Rows": 163,
                            "Actual Loops": 2,
                            "Hash Buckets": 1024,
                            "Original Hash Buckets": 1024,
                            "Hash Batches": 1,
                            "Original Hash Batches": 1,
                            "Peak Memory Usage": 72,
                            "Plans": [
                              {
                                "Node Type": "Hash Join",
                                "Parent Relationship": "Outer",
                                "Parallel Aware": false,
                                "Join Type": "Inner",
                                "Startup Cost": 84880.22,
                                "Total Cost": 143559.2,
                                "Plan Rows": 1,
                                "Plan Width": 39,
                                "Actual Startup Time": 620.611,
                                "Actual Total Time": 688.632,
                                "Actual Rows": 163,
                                "Actual Loops": 2,
                                "Inner Unique": true,
                                "Hash Cond": "(mi_idx.info_type_id = it2.id)",
                                "Plans": [
                                  {
                                    "Node Type": "Hash Join",
                                    "Parent Relationship": "Outer",
                                    "Parallel Aware": false,
                                    "Join Type": "Inner",
                                    "Startup Cost": 84877.8,
                                    "Total Cost": 143556.77,
                                    "Plan Rows": 1,
                                    "Plan Width": 43,
                                    "Actual Startup Time": 619.308,
                                    "Actual Total Time": 688.517,
                                    "Actual Rows": 254,
                                    "Actual Loops": 2,
                                    "Inner Unique": true,
                                    "Hash Cond": "(cc.subject_id = cct1.id)",
                                    "Plans": [
                                      {
                                        "Node Type": "Hash Join",
                                        "Parent Relationship": "Outer",
                                        "Parallel Aware": false,
                                        "Join Type": "Inner",
                                        "Startup Cost": 84876.73,
                                        "Total Cost": 143555.7,
                                        "Plan Rows": 2,
                                        "Plan Width": 47,
                                        "Actual Startup Time": 619.269,
                                        "Actual Total Time": 688.413,
                                        "Actual Rows": 308,
                                        "Actual Loops": 2,
                                        "Inner Unique": true,
                                        "Hash Cond": "(t.kind_id = kt.id)",
                                        "Plans": [
                                          {
                                            "Node Type": "Hash Join",
                                            "Parent Relationship": "Outer",
                                            "Parallel Aware": false,
                                            "Join Type": "Inner",
                                            "Startup Cost": 84875.63,
                                            "Total Cost": 143554.54,
                                            "Plan Rows": 16,
                                            "Plan Width": 51,
                                            "Actual Startup Time": 497.416,
                                            "Actual Total Time": 688.291,
                                            "Actual Rows": 442,
                                            "Actual Loops": 2,
                                            "Inner Unique": true,
                                            "Hash Cond": "(cc.status_id = cct2.id)",
                                            "Plans": [
                                              {
                                                "Node Type": "Hash Join",
                                                "Parent Relationship": "Outer",
                                                "Parallel Aware": true,
                                                "Join Type": "Inner",
                                                "Startup Cost": 84874.57,
                                                "Total Cost": 143553.13,
                                                "Plan Rows": 65,
                                                "Plan Width": 55,
                                                "Actual Startup Time": 497.388,
                                                "Actual Total Time": 688.143,
                                                "Actual Rows": 442,
                                                "Actual Loops": 2,
                                                "Inner Unique": false,
                                                "Hash Cond": "(t.id = mk.movie_id)",
                                                "Plans": [
                                                  {
                                                    "Node Type": "Seq Scan",
                                                    "Parent Relationship": "Outer",
                                                    "Parallel Aware": true,
                                                    "Relation Name": "title",
                                                    "Alias": "t",
                                                    "Startup Cost": 0.0,
                                                    "Total Cost": 54589.98,
                                                    "Plan Rows": 817639,
                                                    "Plan Width": 25,
                                                    "Actual Startup Time": 0.008,
                                                    "Actual Total Time": 144.337,
                                                    "Actual Rows": 690726,
                                                    "Actual Loops": 2,
                                                    "Filter": "(production_year > 2000)",
                                                    "Rows Removed by Filter": 573430
                                                  },
                                                  {
                                                    "Node Type": "Hash",
                                                    "Parent Relationship": "Inner",
                                                    "Parallel Aware": true,
                                                    "Startup Cost": 84873.1,
                                                    "Total Cost": 84873.1,
                                                    "Plan Rows": 118,
                                                    "Plan Width": 30,
                                                    "Actual Startup Time": 493.408,
                                                    "Actual Total Time": 493.42,
                                                    "Actual Rows": 1762,
                                                    "Actual Loops": 2,
                                                    "Hash Buckets": 4096,
                                                    "Original Hash Buckets": 1024,
                                                    "Hash Batches": 1,
                                                    "Original Hash Batches": 1,
                                                    "Peak Memory Usage": 312,
                                                    "Plans": [
                                                      {
                                                        "Node Type": "Hash Join",
                                                        "Parent Relationship": "Outer",
                                                        "Parallel Aware": true,
                                                        "Join Type": "Inner",
                                                        "Startup Cost": 65796.61,
                                                        "Total Cost": 84873.1,
                                                        "Plan Rows": 118,
                                                        "Plan Width": 30,
                                                        "Actual Startup Time": 422.077,
                                                        "Actual Total Time": 489.828,
                                                        "Actual Rows": 1762,
                                                        "Actual Loops": 2,
                                                        "Inner Unique": false,
                                                        "Hash Cond": "(mi_idx.movie_id = mk.movie_id)",
                                                        "Plans": [
                                                          {
                                                            "Node Type": "Seq Scan",
                                                            "Parent Relationship": "Outer",
                                                            "Parallel Aware": true,
                                                            "Relation Name": "movie_info_idx",
                                                            "Alias": "mi_idx",
                                                            "Startup Cost": 0.0,
                                                            "Total Cost": 18082.32,
                                                            "Plan Rows": 113541,
                                                            "Plan Width": 14,
                                                            "Actual Startup Time": 0.027,
                                                            "Actual Total Time": 60.329,
                                                            "Actual Rows": 96420,
                                                            "Actual Loops": 2,
                                                            "Filter": "(info > '7.0'::text)",
                                                            "Rows Removed by Filter": 593598
                                                          },
                                                          {
                                                            "Node Type": "Hash",
                                                            "Parent Relationship": "Inner",
                                                            "Parallel Aware": true,
                                                            "Startup Cost": 65793.17,
                                                            "Total Cost": 65793.17,
                                                            "Plan Rows": 275,
                                                            "Plan Width": 16,
                                                            "Actual Startup Time": 420.776,
                                                            "Actual Total Time": 420.784,
                                                            "Actual Rows": 4696,
                                                            "Actual Loops": 2,
                                                            "Hash Buckets": 16384,
                                                            "Original Hash Buckets": 1024,
                                                            "Hash Batches": 1,
                                                            "Original Hash Batches": 1,
                                                            "Peak Memory Usage": 728,
                                                            "Plans": [
                                                              {
                                                                "Node Type": "Hash Join",
                                                                "Parent Relationship": "Outer",
                                                                "Parallel Aware": false,
                                                                "Join Type": "Inner",
                                                                "Startup Cost": 7738.38,
                                                                "Total Cost": 65793.17,
                                                                "Plan Rows": 275,
                                                                "Plan Width": 16,
                                                                "Actual Startup Time": 61.467,
                                                                "Actual Total Time": 374.992,
                                                                "Actual Rows": 4696,
                                                                "Actual Loops": 2,
                                                                "Inner Unique": false,
                                                                "Hash Cond": "(mk.movie_id = cc.movie_id)",
                                                                "Plans": [
                                                                  {
                                                                    "Node Type": "Hash Join",
                                                                    "Parent Relationship": "Outer",
                                                                    "Parallel Aware": false,
                                                                    "Join Type": "Inner",
                                                                    "Startup Cost": 3967.95,
                                                                    "Total Cost": 62019.0,
                                                                    "Plan Rows": 198,
                                                                    "Plan Width": 4,
                                                                    "Actual Startup Time": 25.353,
                                                                    "Actual Total Time": 334.294,
                                                                    "Actual Rows": 12046,
                                                                    "Actual Loops": 2,
                                                                    "Inner Unique": true,
                                                                    "Hash Cond": "(mk.keyword_id = k.id)",
                                                                    "Plans": [
                                                                      {
                                                                        "Node Type": "Seq Scan",
                                                                        "Parent Relationship": "Outer",
                                                                        "Parallel Aware": true,
                                                                        "Relation Name": "movie_keyword",
                                                                        "Alias": "mk",
                                                                        "Startup Cost": 0.0,
                                                                        "Total Cost": 51065.35,
                                                                        "Plan Rows": 2661135,
                                                                        "Plan Width": 8,
                                                                        "Actual Startup Time": 0.011,
                                                                        "Actual Total Time": 160.729,
                                                                        "Actual Rows": 2261965,
                                                                        "Actual Loops": 2
                                                                      },
                                                                      {
                                                                        "Node Type": "Hash",
                                                                        "Parent Relationship": "Inner",
                                                                        "Parallel Aware": false,
                                                                        "Startup Cost": 3967.82,
                                                                        "Total Cost": 3967.82,
                                                                        "Plan Rows": 10,
                                                                        "Plan Width": 4,
                                                                        "Actual Startup Time": 25.275,
                                                                        "Actual Total Time": 25.277,
                                                                        "Actual Rows": 10,
                                                                        "Actual Loops": 2,
                                                                        "Hash Buckets": 1024,
                                                                        "Original Hash Buckets": 1024,
                                                                        "Hash Batches": 1,
                                                                        "Original Hash Batches": 1,
                                                                        "Peak Memory Usage": 9,
                                                                        "Plans": [
                                                                          {
                                                                            "Node Type": "Seq Scan",
                                                                            "Parent Relationship": "Outer",
                                                                            "Parallel Aware": false,
                                                                            "Relation Name": "keyword",
                                                                            "Alias": "k",
                                                                            "Startup Cost": 0.0,
                                                                            "Total Cost": 3967.82,
                                                                            "Plan Rows": 10,
                                                                            "Plan Width": 4,
                                                                            "Actual Startup Time": 0.106,
                                                                            "Actual Total Time": 25.269,
                                                                            "Actual Rows": 10,
                                                                            "Actual Loops": 2,
                                                                            "Filter": "(keyword = ANY ('{superhero,marvel-comics,based-on-comic,tv-special,fight,violence,magnet,web,claw,laser}'::text[]))",
                                                                            "Rows Removed by Filter": 134160
                                                                          }
                                                                        ]
                                                                      }
                                                                    ]
                                                                  },
                                                                  {
                                                                    "Node Type": "Hash",
                                                                    "Parent Relationship": "Inner",
                                                                    "Parallel Aware": false,
                                                                    "Startup Cost": 2081.86,
                                                                    "Total Cost": 2081.86,
                                                                    "Plan Rows": 135086,
                                                                    "Plan Width": 12,
                                                                    "Actual Startup Time": 33.815,
                                                                    "Actual Total Time": 33.816,
                                                                    "Actual Rows": 135086,
                                                                    "Actual Loops": 2,
                                                                    "Hash Buckets": 262144,
                                                                    "Original Hash Buckets": 262144,
                                                                    "Hash Batches": 1,
                                                                    "Original Hash Batches": 1,
                                                                    "Peak Memory Usage": 7853,
                                                                    "Plans": [
                                                                      {
                                                                        "Node Type": "Seq Scan",
                                                                        "Parent Relationship": "Outer",
                                                                        "Parallel Aware": false,
                                                                        "Relation Name": "complete_cast",
                                                                        "Alias": "cc",
                                                                        "Startup Cost": 0.0,
                                                                        "Total Cost": 2081.86,
                                                                        "Plan Rows": 135086,
                                                                        "Plan Width": 12,
                                                                        "Actual Startup Time": 0.02,
                                                                        "Actual Total Time": 14.001,
                                                                        "Actual Rows": 135086,
                                                                        "Actual Loops": 2
                                                                      }
                                                                    ]
                                                                  }
                                                                ]
                                                              }
                                                            ]
                                                          }
                                                        ]
                                                      }
                                                    ]
                                                  }
                                                ]
                                              },
                                              {
                                                "Node Type": "Hash",
                                                "Parent Relationship": "Inner",
                                                "Parallel Aware": false,
                                                "Startup Cost": 1.05,
                                                "Total Cost": 1.05,
                                                "Plan Rows": 1,
                                                "Plan Width": 4,
                                                "Actual Startup Time": 0.01,
                                                "Actual Total Time": 0.011,
                                                "Actual Rows": 2,
                                                "Actual Loops": 2,
                                                "Hash Buckets": 1024,
                                                "Original Hash Buckets": 1024,
                                                "Hash Batches": 1,
                                                "Original Hash Batches": 1,
                                                "Peak Memory Usage": 9,
                                                "Plans": [
                                                  {
                                                    "Node Type": "Seq Scan",
                                                    "Parent Relationship": "Outer",
                                                    "Parallel Aware": false,
                                                    "Relation Name": "comp_cast_type",
                                                    "Alias": "cct2",
                                                    "Startup Cost": 0.0,
                                                    "Total Cost": 1.05,
                                                    "Plan Rows": 1,
                                                    "Plan Width": 4,
                                                    "Actual Startup Time": 0.005,
                                                    "Actual Total Time": 0.006,
                                                    "Actual Rows": 2,
                                                    "Actual Loops": 2,
                                                    "Filter": "((kind)::text ~~ '%complete%'::text)",
                                                    "Rows Removed by Filter": 2
                                                  }
                                                ]
                                              }
                                            ]
                                          },
                                          {
                                            "Node Type": "Hash",
                                            "Parent Relationship": "Inner",
                                            "Parallel Aware": false,
                                            "Startup Cost": 1.09,
                                            "Total Cost": 1.09,
                                            "Plan Rows": 1,
                                            "Plan Width": 4,
                                            "Actual Startup Time": 0.016,
                                            "Actual Total Time": 0.017,
                                            "Actual Rows": 1,
                                            "Actual Loops": 2,
                                            "Hash Buckets": 1024,
                                            "Original Hash Buckets": 1024,
                                            "Hash Batches": 1,
                                            "Original Hash Batches": 1,
                                            "Peak Memory Usage": 9,
                                            "Plans": [
                                              {
                                                "Node Type": "Seq Scan",
                                                "Parent Relationship": "Outer",
                                                "Parallel Aware": false,
                                                "Relation Name": "kind_type",
                                                "Alias": "kt",
                                                "Startup Cost": 0.0,
                                                "Total Cost": 1.09,
                                                "Plan Rows": 1,
                                                "Plan Width": 4,
                                                "Actual Startup Time": 0.011,
                                                "Actual Total Time": 0.012,
                                                "Actual Rows": 1,
                                                "Actual Loops": 2,
                                                "Filter": "((kind)::text = 'movie'::text)",
                                                "Rows Removed by Filter": 6
                                              }
                                            ]
                                          }
                                        ]
                                      },
                                      {
                                        "Node Type": "Hash",
                                        "Parent Relationship": "Inner",
                                        "Parallel Aware": false,
                                        "Startup Cost": 1.05,
                                        "Total Cost": 1.05,
                                        "Plan Rows": 1,
                                        "Plan Width": 4,
                                        "Actual Startup Time": 0.023,
                                        "Actual Total Time": 0.024,
                                        "Actual Rows": 1,
                                        "Actual Loops": 2,
                                        "Hash Buckets": 1024,
                                        "Original Hash Buckets": 1024,
                                        "Hash Batches": 1,
                                        "Original Hash Batches": 1,
                                        "Peak Memory Usage": 9,
                                        "Plans": [
                                          {
                                            "Node Type": "Seq Scan",
                                            "Parent Relationship": "Outer",
                                            "Parallel Aware": false,
                                            "Relation Name": "comp_cast_type",
                                            "Alias": "cct1",
                                            "Startup Cost": 0.0,
                                            "Total Cost": 1.05,
                                            "Plan Rows": 1,
                                            "Plan Width": 4,
                                            "Actual Startup Time": 0.016,
                                            "Actual Total Time": 0.017,
                                            "Actual Rows": 1,
                                            "Actual Loops": 2,
                                            "Filter": "((kind)::text = 'cast'::text)",
                                            "Rows Removed by Filter": 3
                                          }
                                        ]
                                      }
                                    ]
                                  },
                                  {
                                    "Node Type": "Hash",
                                    "Parent Relationship": "Inner",
                                    "Parallel Aware": false,
                                    "Startup Cost": 2.41,
                                    "Total Cost": 2.41,
                                    "Plan Rows": 1,
                                    "Plan Width": 4,
                                    "Actual Startup Time": 0.038,
                                    "Actual Total Time": 0.039,
                                    "Actual Rows": 1,
                                    "Actual Loops": 2,
                                    "Hash Buckets": 1024,
                                    "Original Hash Buckets": 1024,
                                    "Hash Batches": 1,
                                    "Original Hash Batches": 1,
                                    "Peak Memory Usage": 9,
                                    "Plans": [
                                      {
                                        "Node Type": "Seq Scan",
                                        "Parent Relationship": "Outer",
                                        "Parallel Aware": false,
                                        "Relation Name": "info_type",
                                        "Alias": "it2",
                                        "Startup Cost": 0.0,
                                        "Total Cost": 2.41,
                                        "Plan Rows": 1,
                                        "Plan Width": 4,
                                        "Actual Startup Time": 0.03,
                                        "Actual Total Time": 0.032,
                                        "Actual Rows": 1,
                                        "Actual Loops": 2,
                                        "Filter": "((info)::text = 'rating'::text)",
                                        "Rows Removed by Filter": 112
                                      }
                                    ]
                                  }
                                ]
                              }
                            ]
                          }
                        ]
                      },
                      {
                        "Node Type": "Hash",
                        "Parent Relationship": "Inner",
                        "Parallel Aware": true,
                        "Startup Cost": 64156.11,
                        "Total Cost": 64156.11,
                        "Plan Rows": 166420,
                        "Plan Width": 20,
                        "Actual Startup Time": 336.975,
                        "Actual Total Time": 336.976,
                        "Actual Rows": 90076,
                        "Actual Loops": 2,
                        "Hash Buckets": 524288,
                        "Original Hash Buckets": 524288,
                        "Hash Batches": 1,
                        "Original Hash Batches": 1,
                        "Peak Memory Usage": 14464,
                        "Plans": [
                          {
                            "Node Type": "Seq Scan",
                            "Parent Relationship": "Outer",
                            "Parallel Aware": true,
                            "Relation Name": "char_name",
                            "Alias": "chn",
                            "Startup Cost": 0.0,
                            "Total Cost": 64156.11,
                            "Plan Rows": 166420,
                            "Plan Width": 20,
                            "Actual Startup Time": 0.054,
                            "Actual Total Time": 300.37,
                            "Actual Rows": 90076,
                            "Actual Loops": 2,
                            "Filter": "((name IS NOT NULL) AND ((name ~~ '%man%'::text) OR (name ~~ '%Man%'::text)))",
                            "Rows Removed by Filter": 1480094
                          }
                        ]
                      }
                    ]
                  }
                ]
              }
            ]
          }
        ]
      }
    ]
  },
  "Planning Time": 2.729,
  "Triggers": [],
  "Execution Time": 4208.77
}