[
  {
    "Plan": {
      "Node Type": "Aggregate",
      "Strategy": "Plain",
      "Partial Mode": "Finalize",
      "Parallel Aware": false,
      "Startup Cost": 165671.04,
      "Total Cost": 165671.05,
      "Plan Rows": 1,
      "Plan Width": 8,
      "Actual Startup Time": 314.251,
      "Actual Total Time": 360.821,
      "Actual Rows": 1,
      "Actual Loops": 1,
      "Plans": [
        {
          "Node Type": "Gather",
          "Parent Relationship": "Outer",
          "Parallel Aware": false,
          "Startup Cost": 165670.62,
          "Total Cost": 165671.03,
          "Plan Rows": 4,
          "Plan Width": 8,
          "Actual Startup Time": 314.085,
          "Actual Total Time": 360.813,
          "Actual Rows": 5,
          "Actual Loops": 1,
          "Workers Planned": 4,
          "Workers Launched": 4,
          "Single Copy": false,
          "Plans": [
            {
              "Node Type": "Aggregate",
              "Strategy": "Plain",
              "Partial Mode": "Partial",
              "Parent Relationship": "Outer",
              "Parallel Aware": false,
              "Startup Cost": 164670.62,
              "Total Cost": 164670.63,
              "Plan Rows": 1,
              "Plan Width": 8,
              "Actual Startup Time": 307.559,
              "Actual Total Time": 307.563,
              "Actual Rows": 1,
              "Actual Loops": 5,
              "Plans": [
                {
                  "Node Type": "Nested Loop",
                  "Parent Relationship": "Outer",
                  "Parallel Aware": false,
                  "Join Type": "Inner",
                  "Startup Cost": 903.16,
                  "Total Cost": 164531.91,
                  "Plan Rows": 55484,
                  "Plan Width": 0,
                  "Actual Startup Time": 39.533,
                  "Actual Total Time": 296.169,
                  "Actual Rows": 198903,
                  "Actual Loops": 5,
                  "Inner Unique": false,
                  "Plans": [
                    {
                      "Node Type": "Nested Loop",
                      "Parent Relationship": "Outer",
                      "Parallel Aware": false,
                      "Join Type": "Inner",
                      "Startup Cost": 902.6,
                      "Total Cost": 150869.23,
                      "Plan Rows": 3872,
                      "Plan Width": 8,
                      "Actual Startup Time": 39.453,
                      "Actual Total Time": 57.396,
                      "Actual Rows": 1604,
                      "Actual Loops": 5,
                      "Inner Unique": true,
                      "Plans": [
                        {
                          "Node Type": "Bitmap Heap Scan",
                          "Parent Relationship": "Outer",
                          "Parallel Aware": true,
                          "Relation Name": "movie_info",
                          "Alias": "mi",
                          "Startup Cost": 902.17,
                          "Total Cost": 106838.88,
                          "Plan Rows": 12443,
                          "Plan Width": 4,
                          "Actual Startup Time": 1.242,
                          "Actual Total Time": 8.027,
                          "Actual Rows": 10053,
                          "Actual Loops": 5,
                          "Recheck Cond": "(info_type_id > 107)",
                          "Rows Removed by Index Recheck": 0,
                          "Exact Heap Blocks": 1804,
                          "Lossy Heap Blocks": 0,
                          "Plans": [
                            {
                              "Node Type": "Bitmap Index Scan",
                              "Parent Relationship": "Outer",
                              "Parallel Aware": false,
                              "Index Name": "info_type_id_movie_info",
                              "Startup Cost": 0.0,
                              "Total Cost": 889.72,
                              "Plan Rows": 49772,
                              "Plan Width": 0,
                              "Actual Startup Time": 4.39,
                              "Actual Total Time": 4.391,
                              "Actual Rows": 50267,
                              "Actual Loops": 1,
                              "Index Cond": "(info_type_id > 107)"
                            }
                          ]
                        },
                        {
                          "Node Type": "Index Scan",
                          "Parent Relationship": "Inner",
                          "Parallel Aware": false,
                          "Scan Direction": "Forward",
                          "Index Name": "title_pkey",
                          "Relation Name": "title",
                          "Alias": "t",
                          "Startup Cost": 0.43,
                          "Total Cost": 3.54,
                          "Plan Rows": 1,
                          "Plan Width": 4,
                          "Actual Startup Time": 0.005,
                          "Actual Total Time": 0.005,
                          "Actual Rows": 0,
                          "Actual Loops": 50267,
                          "Index Cond": "(id = mi.movie_id)",
                          "Rows Removed by Index Recheck": 0,
                          "Filter": "(production_year > 2007)",
                          "Rows Removed by Filter": 1
                        }
                      ]
                    },
                    {
                      "Node Type": "Index Only Scan",
                      "Parent Relationship": "Inner",
                      "Parallel Aware": false,
                      "Scan Direction": "Forward",
                      "Index Name": "movie_id_cast_info",
                      "Relation Name": "cast_info",
                      "Alias": "ci",
                      "Startup Cost": 0.56,
                      "Total Cost": 3.16,
                      "Plan Rows": 37,
                      "Plan Width": 4,
                      "Actual Startup Time": 0.01,
                      "Actual Total Time": 0.139,
                      "Actual Rows": 124,
                      "Actual Loops": 8018,
                      "Index Cond": "(movie_id = t.id)",
                      "Rows Removed by Index Recheck": 0,
                      "Heap Fetches": 994516
                    }
                  ]
                }
              ]
            }
          ]
        }
      ]
    },
    "Planning Time": 0.775,
    "Triggers": [],
    "Execution Time": 360.909
  }
]