[
  {
    "Plan": {
      "Node Type": "Aggregate",
      "Strategy": "Plain",
      "Partial Mode": "Finalize",
      "Parallel Aware": false,
      "Startup Cost": 34635.98,
      "Total Cost": 34635.99,
      "Plan Rows": 1,
      "Plan Width": 8,
      "Actual Startup Time": 13.966,
      "Actual Total Time": 15.683,
      "Actual Rows": 1,
      "Actual Loops": 1,
      "Plans": [
        {
          "Node Type": "Gather",
          "Parent Relationship": "Outer",
          "Parallel Aware": false,
          "Startup Cost": 34635.76,
          "Total Cost": 34635.97,
          "Plan Rows": 2,
          "Plan Width": 8,
          "Actual Startup Time": 13.265,
          "Actual Total Time": 15.669,
          "Actual Rows": 3,
          "Actual Loops": 1,
          "Workers Planned": 2,
          "Workers Launched": 2,
          "Single Copy": false,
          "Plans": [
            {
              "Node Type": "Aggregate",
              "Strategy": "Plain",
              "Partial Mode": "Partial",
              "Parent Relationship": "Outer",
              "Parallel Aware": false,
              "Startup Cost": 33635.76,
              "Total Cost": 33635.77,
              "Plan Rows": 1,
              "Plan Width": 8,
              "Actual Startup Time": 7.367,
              "Actual Total Time": 7.37,
              "Actual Rows": 1,
              "Actual Loops": 3,
              "Plans": [
                {
                  "Node Type": "Nested Loop",
                  "Parent Relationship": "Outer",
                  "Parallel Aware": false,
                  "Join Type": "Inner",
                  "Startup Cost": 160.39,
                  "Total Cost": 33634.34,
                  "Plan Rows": 568,
                  "Plan Width": 0,
                  "Actual Startup Time": 1.384,
                  "Actual Total Time": 7.326,
                  "Actual Rows": 154,
                  "Actual Loops": 3,
                  "Inner Unique": true,
                  "Join Filter": "(ci.movie_id = t.id)",
                  "Rows Removed by Join Filter": 0,
                  "Plans": [
                    {
                      "Node Type": "Nested Loop",
                      "Parent Relationship": "Outer",
                      "Parallel Aware": false,
                      "Join Type": "Inner",
                      "Startup Cost": 159.96,
                      "Total Cost": 32776.44,
                      "Plan Rows": 1453,
                      "Plan Width": 8,
                      "Actual Startup Time": 1.241,
                      "Actual Total Time": 5.769,
                      "Actual Rows": 154,
                      "Actual Loops": 3,
                      "Inner Unique": false,
                      "Plans": [
                        {
                          "Node Type": "Bitmap Heap Scan",
                          "Parent Relationship": "Outer",
                          "Parallel Aware": true,
                          "Relation Name": "cast_info",
                          "Alias": "ci",
                          "Startup Cost": 159.53,
                          "Total Cost": 25177.18,
                          "Plan Rows": 1040,
                          "Plan Width": 4,
                          "Actual Startup Time": 1.047,
                          "Actual Total Time": 1.556,
                          "Actual Rows": 1019,
                          "Actual Loops": 3,
                          "Recheck Cond": "(person_id = 461148)",
                          "Rows Removed by Index Recheck": 0,
                          "Filter": "(role_id = 1)",
                          "Rows Removed by Filter": 1,
                          "Exact Heap Blocks": 14,
                          "Lossy Heap Blocks": 0,
                          "Plans": [
                            {
                              "Node Type": "Bitmap Index Scan",
                              "Parent Relationship": "Outer",
                              "Parallel Aware": false,
                              "Index Name": "person_id_cast_info",
                              "Startup Cost": 0.0,
                              "Total Cost": 158.91,
                              "Plan Rows": 7246,
                              "Plan Width": 0,
                              "Actual Startup Time": 2.856,
                              "Actual Total Time": 2.857,
                              "Actual Rows": 3060,
                              "Actual Loops": 1,
                              "Index Cond": "(person_id = 461148)"
                            }
                          ]
                        },
                        {
                          "Node Type": "Index Only Scan",
                          "Parent Relationship": "Inner",
                          "Parallel Aware": false,
                          "Scan Direction": "Forward",
                          "Index Name": "movie_id_movie_info_idx",
                          "Relation Name": "movie_info_idx",
                          "Alias": "mi_idx",
                          "Startup Cost": 0.43,
                          "Total Cost": 7.28,
                          "Plan Rows": 3,
                          "Plan Width": 4,
                          "Actual Startup Time": 0.004,
                          "Actual Total Time": 0.004,
                          "Actual Rows": 0,
                          "Actual Loops": 3056,
                          "Index Cond": "(movie_id = ci.movie_id)",
                          "Rows Removed by Index Recheck": 0,
                          "Heap Fetches": 462
                        }
                      ]
                    },
                    {
                      "Node Type": "Index Only Scan",
                      "Parent Relationship": "Inner",
                      "Parallel Aware": false,
                      "Scan Direction": "Forward",
                      "Index Name": "title_pkey",
                      "Relation Name": "title",
                      "Alias": "t",
                      "Startup Cost": 0.43,
                      "Total Cost": 0.58,
                      "Plan Rows": 1,
                      "Plan Width": 4,
                      "Actual Startup Time": 0.009,
                      "Actual Total Time": 0.009,
                      "Actual Rows": 1,
                      "Actual Loops": 462,
                      "Index Cond": "(id = mi_idx.movie_id)",
                      "Rows Removed by Index Recheck": 0,
                      "Heap Fetches": 462
                    }
                  ]
                }
              ]
            }
          ]
        }
      ]
    },
    "Planning Time": 1.322,
    "Triggers": [],
    "Execution Time": 15.787
  }
]