{
  "Plan": {
    "Node Type": "Aggregate",
    "Strategy": "Plain",
    "Partial Mode": "Finalize",
    "Parallel Aware": false,
    "Startup Cost": 646326.73,
    "Total Cost": 646326.74,
    "Plan Rows": 1,
    "Plan Width": 8,
    "Actual Startup Time": 7328.715,
    "Actual Total Time": 7397.426,
    "Actual Rows": 1,
    "Actual Loops": 1,
    "Plans": [
      {
        "Node Type": "Gather",
        "Parent Relationship": "Outer",
        "Parallel Aware": false,
        "Startup Cost": 646326.62,
        "Total Cost": 646326.73,
        "Plan Rows": 1,
        "Plan Width": 8,
        "Actual Startup Time": 7326.774,
        "Actual Total Time": 7397.417,
        "Actual Rows": 2,
        "Actual Loops": 1,
        "Workers Planned": 1,
        "Workers Launched": 1,
        "Single Copy": false,
        "Plans": [
          {
            "Node Type": "Aggregate",
            "Strategy": "Plain",
            "Partial Mode": "Partial",
            "Parent Relationship": "Outer",
            "Parallel Aware": false,
            "Startup Cost": 645326.62,
            "Total Cost": 645326.63,
            "Plan Rows": 1,
            "Plan Width": 8,
            "Actual Startup Time": 7323.867,
            "Actual Total Time": 7323.87,
            "Actual Rows": 1,
            "Actual Loops": 2,
            "Plans": [
              {
                "Node Type": "Hash Join",
                "Parent Relationship": "Outer",
                "Parallel Aware": true,
                "Join Type": "Inner",
                "Startup Cost": 61878.3,
                "Total Cost": 627821.25,
                "Plan Rows": 7002146,
                "Plan Width": 0,
                "Actual Startup Time": 303.765,
                "Actual Total Time": 7018.11,
                "Actual Rows": 6223423,
                "Actual Loops": 2,
                "Inner Unique": true,
                "Hash Cond": "(ci.movie_id = t.id)",
                "Plans": [
                  {
                    "Node Type": "Seq Scan",
                    "Parent Relationship": "Outer",
                    "Parallel Aware": true,
                    "Relation Name": "cast_info",
                    "Alias": "ci",
                    "Startup Cost": 0.0,
                    "Total Cost": 519069.44,
                    "Plan Rows": 17856545,
                    "Plan Width": 4,
                    "Actual Startup Time": 0.018,
                    "Actual Total Time": 1845.583,
                    "Actual Rows": 15280658,
                    "Actual Loops": 2,
                    "Filter": "(person_id < 3080787)",
                    "Rows Removed by Filter": 2841514
                  },
                  {
                    "Node Type": "Hash",
                    "Parent Relationship": "Inner",
                    "Parallel Aware": true,
                    "Startup Cost": 54588.39,
                    "Total Cost": 54588.39,
                    "Plan Rows": 583193,
                    "Plan Width": 4,
                    "Actual Startup Time": 298.709,
                    "Actual Total Time": 298.71,
                    "Actual Rows": 492524,
                    "Actual Loops": 2,
                    "Hash Buckets": 1048576,
                    "Original Hash Buckets": 1048576,
                    "Hash Batches": 1,
                    "Original Hash Batches": 1,
                    "Peak Memory Usage": 46752,
                    "Plans": [
                      {
                        "Node Type": "Seq Scan",
                        "Parent Relationship": "Outer",
                        "Parallel Aware": true,
                        "Relation Name": "title",
                        "Alias": "t",
                        "Startup Cost": 0.0,
                        "Total Cost": 54588.39,
                        "Plan Rows": 583193,
                        "Plan Width": 4,
                        "Actual Startup Time": 0.019,
                        "Actual Total Time": 164.363,
                        "Actual Rows": 492524,
                        "Actual Loops": 2,
                        "Filter": "(kind_id < 7)",
                        "Rows Removed by Filter": 771632
                      }
                    ]
                  }
                ]
              }
            ]
          }
        ]
      }
    ]
  },
  "Planning Time": 0.317,
  "Triggers": [],
  "Execution Time": 7397.485
}