{
  "Plan": {
    "Node Type": "Aggregate",
    "Strategy": "Plain",
    "Partial Mode": "Finalize",
    "Parallel Aware": false,
    "Startup Cost": 735904.71,
    "Total Cost": 735904.72,
    "Plan Rows": 1,
    "Plan Width": 8,
    "Actual Startup Time": 8448.144,
    "Actual Total Time": 8519.971,
    "Actual Rows": 1,
    "Actual Loops": 1,
    "Plans": [
      {
        "Node Type": "Gather",
        "Parent Relationship": "Outer",
        "Parallel Aware": false,
        "Startup Cost": 735904.6,
        "Total Cost": 735904.71,
        "Plan Rows": 1,
        "Plan Width": 8,
        "Actual Startup Time": 8444.389,
        "Actual Total Time": 8519.959,
        "Actual Rows": 2,
        "Actual Loops": 1,
        "Workers Planned": 1,
        "Workers Launched": 1,
        "Single Copy": false,
        "Plans": [
          {
            "Node Type": "Aggregate",
            "Strategy": "Plain",
            "Partial Mode": "Partial",
            "Parent Relationship": "Outer",
            "Parallel Aware": false,
            "Startup Cost": 734904.6,
            "Total Cost": 734904.61,
            "Plan Rows": 1,
            "Plan Width": 8,
            "Actual Startup Time": 8437.303,
            "Actual Total Time": 8437.311,
            "Actual Rows": 1,
            "Actual Loops": 2,
            "Plans": [
              {
                "Node Type": "Hash Join",
                "Parent Relationship": "Outer",
                "Parallel Aware": true,
                "Join Type": "Inner",
                "Startup Cost": 119627.26,
                "Total Cost": 714155.75,
                "Plan Rows": 8299540,
                "Plan Width": 0,
                "Actual Startup Time": 806.4,
                "Actual Total Time": 7769.915,
                "Actual Rows": 16342443,
                "Actual Loops": 2,
                "Inner Unique": false,
                "Hash Cond": "(ci.movie_id = t.id)",
                "Plans": [
                  {
                    "Node Type": "Seq Scan",
                    "Parent Relationship": "Outer",
                    "Parallel Aware": true,
                    "Relation Name": "cast_info",
                    "Alias": "ci",
                    "Startup Cost": 0.0,
                    "Total Cost": 465792.95,
                    "Plan Rows": 21310595,
                    "Plan Width": 4,
                    "Actual Startup Time": 0.023,
                    "Actual Total Time": 1411.982,
                    "Actual Rows": 18122172,
                    "Actual Loops": 2
                  },
                  {
                    "Node Type": "Hash",
                    "Parent Relationship": "Inner",
                    "Parallel Aware": true,
                    "Startup Cost": 112387.12,
                    "Total Cost": 112387.12,
                    "Plan Rows": 579211,
                    "Plan Width": 8,
                    "Actual Startup Time": 797.252,
                    "Actual Total Time": 797.258,
                    "Actual Rows": 420036,
                    "Actual Loops": 2,
                    "Hash Buckets": 1048576,
                    "Original Hash Buckets": 1048576,
                    "Hash Batches": 1,
                    "Original Hash Batches": 1,
                    "Peak Memory Usage": 41056,
                    "Plans": [
                      {
                        "Node Type": "Hash Join",
                        "Parent Relationship": "Outer",
                        "Parallel Aware": true,
                        "Join Type": "Inner",
                        "Startup Cost": 48814.49,
                        "Total Cost": 112387.12,
                        "Plan Rows": 579211,
                        "Plan Width": 8,
                        "Actual Startup Time": 220.976,
                        "Actual Total Time": 696.07,
                        "Actual Rows": 420036,
                        "Actual Loops": 2,
                        "Inner Unique": false,
                        "Hash Cond": "(t.id = mc.movie_id)",
                        "Plans": [
                          {
                            "Node Type": "Seq Scan",
                            "Parent Relationship": "Outer",
                            "Parallel Aware": true,
                            "Relation Name": "title",
                            "Alias": "t",
                            "Startup Cost": 0.0,
                            "Total Cost": 50870.31,
                            "Plan Rows": 1487231,
                            "Plan Width": 4,
                            "Actual Startup Time": 0.012,
                            "Actual Total Time": 121.023,
                            "Actual Rows": 1264156,
                            "Actual Loops": 2
                          },
                          {
                            "Node Type": "Hash",
                            "Parent Relationship": "Inner",
                            "Parallel Aware": true,
                            "Startup Cost": 41574.35,
                            "Total Cost": 41574.35,
                            "Plan Rows": 579211,
                            "Plan Width": 4,
                            "Actual Startup Time": 215.411,
                            "Actual Total Time": 215.413,
                            "Actual Rows": 420036,
                            "Actual Loops": 2,
                            "Hash Buckets": 1048576,
                            "Original Hash Buckets": 1048576,
                            "Hash Batches": 1,
                            "Original Hash Batches": 1,
                            "Peak Memory Usage": 41088,
                            "Plans": [
                              {
                                "Node Type": "Index Scan",
                                "Parent Relationship": "Outer",
                                "Parallel Aware": true,
                                "Scan Direction": "Forward",
                                "Index Name": "company_type_id_movie_companies",
                                "Relation Name": "movie_companies",
                                "Alias": "mc",
                                "Startup Cost": 0.43,
                                "Total Cost": 41574.35,
                                "Plan Rows": 579211,
                                "Plan Width": 4,
                                "Actual Startup Time": 1.198,
                                "Actual Total Time": 123.229,
                                "Actual Rows": 420036,
                                "Actual Loops": 2,
                                "Index Cond": "(company_type_id < 2)",
                                "Rows Removed by Index Recheck": 0,
                                "Filter": "(company_id > 697)",
                                "Rows Removed by Filter": 217086
                              }
                            ]
                          }
                        ]
                      }
                    ]
                  }
                ]
              }
            ]
          }
        ]
      }
    ]
  },
  "Planning Time": 1.161,
  "Triggers": [],
  "Execution Time": 8520.094
}