[
    {
        "Bao": {
            "Bao prediction": "NaN",
            "Bao recommended hint": "(no hint)"
        }
    },
    {
        "Plan": {
            "Node Type": "Aggregate",
            "Strategy": "Plain",
            "Partial Mode": "Finalize",
            "Parallel Aware": false,
            "Startup Cost": 73837.94,
            "Total Cost": 73837.95,
            "Plan Rows": 1,
            "Plan Width": 8,
            "Actual Startup Time": 146.919,
            "Actual Total Time": 153.286,
            "Actual Rows": 1,
            "Actual Loops": 1,
            "Output": [
                "count(*)"
            ],
            "Plans": [
                {
                    "Node Type": "Gather",
                    "Parent Relationship": "Outer",
                    "Parallel Aware": false,
                    "Startup Cost": 73837.42,
                    "Total Cost": 73837.93,
                    "Plan Rows": 5,
                    "Plan Width": 8,
                    "Actual Startup Time": 146.802,
                    "Actual Total Time": 153.277,
                    "Actual Rows": 6,
                    "Actual Loops": 1,
                    "Output": [
                        "(PARTIAL count(*))"
                    ],
                    "Workers Planned": 5,
                    "Workers Launched": 5,
                    "Single Copy": false,
                    "Plans": [
                        {
                            "Node Type": "Aggregate",
                            "Strategy": "Plain",
                            "Partial Mode": "Partial",
                            "Parent Relationship": "Outer",
                            "Parallel Aware": false,
                            "Startup Cost": 72837.42,
                            "Total Cost": 72837.43,
                            "Plan Rows": 1,
                            "Plan Width": 8,
                            "Actual Startup Time": 136.585,
                            "Actual Total Time": 136.586,
                            "Actual Rows": 1,
                            "Actual Loops": 6,
                            "Output": [
                                "PARTIAL count(*)"
                            ],
                            "Workers": [
                                {
                                    "Worker Number": 0,
                                    "Actual Startup Time": 134.194,
                                    "Actual Total Time": 134.195,
                                    "Actual Rows": 1,
                                    "Actual Loops": 1
                                },
                                {
                                    "Worker Number": 1,
                                    "Actual Startup Time": 134.181,
                                    "Actual Total Time": 134.183,
                                    "Actual Rows": 1,
                                    "Actual Loops": 1
                                },
                                {
                                    "Worker Number": 2,
                                    "Actual Startup Time": 134.821,
                                    "Actual Total Time": 134.822,
                                    "Actual Rows": 1,
                                    "Actual Loops": 1
                                },
                                {
                                    "Worker Number": 3,
                                    "Actual Startup Time": 134.907,
                                    "Actual Total Time": 134.908,
                                    "Actual Rows": 1,
                                    "Actual Loops": 1
                                },
                                {
                                    "Worker Number": 4,
                                    "Actual Startup Time": 135.482,
                                    "Actual Total Time": 135.484,
                                    "Actual Rows": 1,
                                    "Actual Loops": 1
                                }
                            ],
                            "Plans": [
                                {
                                    "Node Type": "Index Scan",
                                    "Parent Relationship": "Outer",
                                    "Parallel Aware": true,
                                    "Scan Direction": "Forward",
                                    "Index Name": "role_id_cast_info",
                                    "Relation Name": "cast_info",
                                    "Schema": "public",
                                    "Alias": "ci",
                                    "Startup Cost": 0.56,
                                    "Total Cost": 72121.93,
                                    "Plan Rows": 286199,
                                    "Plan Width": 0,
                                    "Actual Startup Time": 0.171,
                                    "Actual Total Time": 119.658,
                                    "Actual Rows": 262738,
                                    "Actual Loops": 6,
                                    "Output": [
                                        "id",
                                        "person_id",
                                        "movie_id",
                                        "person_role_id",
                                        "note",
                                        "nr_order",
                                        "role_id"
                                    ],
                                    "Index Cond": "(ci.role_id = 4)",
                                    "Rows Removed by Index Recheck": 0,
                                    "Filter": "(ci.person_id > 1640569)",
                                    "Rows Removed by Filter": 192086,
                                    "Workers": [
                                        {
                                            "Worker Number": 0,
                                            "Actual Startup Time": 0.179,
                                            "Actual Total Time": 117.302,
                                            "Actual Rows": 221941,
                                            "Actual Loops": 1
                                        },
                                        {
                                            "Worker Number": 1,
                                            "Actual Startup Time": 0.342,
                                            "Actual Total Time": 118.143,
                                            "Actual Rows": 212498,
                                            "Actual Loops": 1
                                        },
                                        {
                                            "Worker Number": 2,
                                            "Actual Startup Time": 0.117,
                                            "Actual Total Time": 117.999,
                                            "Actual Rows": 222028,
                                            "Actual Loops": 1
                                        },
                                        {
                                            "Worker Number": 3,
                                            "Actual Startup Time": 0.154,
                                            "Actual Total Time": 118.901,
                                            "Actual Rows": 310137,
                                            "Actual Loops": 1
                                        },
                                        {
                                            "Worker Number": 4,
                                            "Actual Startup Time": 0.146,
                                            "Actual Total Time": 119.865,
                                            "Actual Rows": 312572,
                                            "Actual Loops": 1
                                        }
                                    ]
                                }
                            ]
                        }
                    ]
                }
            ]
        },
        "Planning Time": 304.075,
        "Triggers": [],
        "Execution Time": 153.378
    }
]