[
  {
    "Plan": {
      "Node Type": "Aggregate",
      "Strategy": "Plain",
      "Partial Mode": "Finalize",
      "Parallel Aware": false,
      "Startup Cost": 238645.36,
      "Total Cost": 238645.37,
      "Plan Rows": 1,
      "Plan Width": 8,
      "Actual Startup Time": 651.742,
      "Actual Total Time": 682.846,
      "Actual Rows": 1,
      "Actual Loops": 1,
      "Plans": [
        {
          "Node Type": "Gather",
          "Parent Relationship": "Outer",
          "Parallel Aware": false,
          "Startup Cost": 238644.84,
          "Total Cost": 238645.35,
          "Plan Rows": 5,
          "Plan Width": 8,
          "Actual Startup Time": 650.994,
          "Actual Total Time": 682.829,
          "Actual Rows": 6,
          "Actual Loops": 1,
          "Workers Planned": 5,
          "Workers Launched": 5,
          "Single Copy": false,
          "Plans": [
            {
              "Node Type": "Aggregate",
              "Strategy": "Plain",
              "Partial Mode": "Partial",
              "Parent Relationship": "Outer",
              "Parallel Aware": false,
              "Startup Cost": 237644.84,
              "Total Cost": 237644.85,
              "Plan Rows": 1,
              "Plan Width": 8,
              "Actual Startup Time": 646.195,
              "Actual Total Time": 646.198,
              "Actual Rows": 1,
              "Actual Loops": 6,
              "Plans": [
                {
                  "Node Type": "Hash Join",
                  "Parent Relationship": "Outer",
                  "Parallel Aware": true,
                  "Join Type": "Inner",
                  "Startup Cost": 38216.2,
                  "Total Cost": 237465.83,
                  "Plan Rows": 71603,
                  "Plan Width": 0,
                  "Actual Startup Time": 50.417,
                  "Actual Total Time": 640.968,
                  "Actual Rows": 96422,
                  "Actual Loops": 6,
                  "Inner Unique": true,
                  "Hash Cond": "(mi.movie_id = t.id)",
                  "Plans": [
                    {
                      "Node Type": "Seq Scan",
                      "Parent Relationship": "Outer",
                      "Parallel Aware": true,
                      "Relation Name": "movie_info",
                      "Alias": "mi",
                      "Startup Cost": 0.0,
                      "Total Cost": 191503.19,
                      "Plan Rows": 2951019,
                      "Plan Width": 4,
                      "Actual Startup Time": 0.019,
                      "Actual Total Time": 292.267,
                      "Actual Rows": 2472620,
                      "Actual Loops": 6
                    },
                    {
                      "Node Type": "Hash",
                      "Parent Relationship": "Inner",
                      "Parallel Aware": true,
                      "Startup Cost": 38024.49,
                      "Total Cost": 38024.49,
                      "Plan Rows": 15337,
                      "Plan Width": 4,
                      "Actual Startup Time": 49.631,
                      "Actual Total Time": 49.632,
                      "Actual Rows": 10814,
                      "Actual Loops": 6,
                      "Hash Buckets": 65536,
                      "Original Hash Buckets": 65536,
                      "Hash Batches": 1,
                      "Original Hash Batches": 1,
                      "Peak Memory Usage": 3168,
                      "Plans": [
                        {
                          "Node Type": "Bitmap Heap Scan",
                          "Parent Relationship": "Outer",
                          "Parallel Aware": true,
                          "Relation Name": "title",
                          "Alias": "t",
                          "Startup Cost": 1677.58,
                          "Total Cost": 38024.49,
                          "Plan Rows": 15337,
                          "Plan Width": 4,
                          "Actual Startup Time": 9.684,
                          "Actual Total Time": 45.954,
                          "Actual Rows": 10814,
                          "Actual Loops": 6,
                          "Recheck Cond": "(kind_id = 2)",
                          "Rows Removed by Index Recheck": 0,
                          "Filter": "(production_year < 2008)",
                          "Rows Removed by Filter": 4328,
                          "Exact Heap Blocks": 9459,
                          "Lossy Heap Blocks": 0,
                          "Plans": [
                            {
                              "Node Type": "Bitmap Index Scan",
                              "Parent Relationship": "Outer",
                              "Parallel Aware": false,
                              "Index Name": "kind_id_title",
                              "Startup Cost": 0.0,
                              "Total Cost": 1662.25,
                              "Plan Rows": 93042,
                              "Plan Width": 0,
                              "Actual Startup Time": 9.056,
                              "Actual Total Time": 9.056,
                              "Actual Rows": 90852,
                              "Actual Loops": 1,
                              "Index Cond": "(kind_id = 2)"
                            }
                          ]
                        }
                      ]
                    }
                  ]
                }
              ]
            }
          ]
        }
      ]
    },
    "Planning Time": 0.258,
    "Triggers": [],
    "Execution Time": 682.891
  }
]