[
    {
        "Bao": {
            "Bao prediction": "NaN",
            "Bao recommended hint": "(no hint)"
        }
    },
    {
        "Plan": {
            "Node Type": "Aggregate",
            "Strategy": "Plain",
            "Partial Mode": "Finalize",
            "Parallel Aware": false,
            "Startup Cost": 352247.84,
            "Total Cost": 352247.85,
            "Plan Rows": 1,
            "Plan Width": 8,
            "Actual Startup Time": 868.651,
            "Actual Total Time": 897.241,
            "Actual Rows": 1,
            "Actual Loops": 1,
            "Output": [
                "count(*)"
            ],
            "Plans": [
                {
                    "Node Type": "Gather",
                    "Parent Relationship": "Outer",
                    "Parallel Aware": false,
                    "Startup Cost": 352247.22,
                    "Total Cost": 352247.83,
                    "Plan Rows": 6,
                    "Plan Width": 8,
                    "Actual Startup Time": 868.563,
                    "Actual Total Time": 897.233,
                    "Actual Rows": 7,
                    "Actual Loops": 1,
                    "Output": [
                        "(PARTIAL count(*))"
                    ],
                    "Workers Planned": 6,
                    "Workers Launched": 6,
                    "Single Copy": false,
                    "Plans": [
                        {
                            "Node Type": "Aggregate",
                            "Strategy": "Plain",
                            "Partial Mode": "Partial",
                            "Parent Relationship": "Outer",
                            "Parallel Aware": false,
                            "Startup Cost": 351247.22,
                            "Total Cost": 351247.23,
                            "Plan Rows": 1,
                            "Plan Width": 8,
                            "Actual Startup Time": 858.596,
                            "Actual Total Time": 858.597,
                            "Actual Rows": 1,
                            "Actual Loops": 7,
                            "Output": [
                                "PARTIAL count(*)"
                            ],
                            "Workers": [
                                {
                                    "Worker Number": 0,
                                    "Actual Startup Time": 856.23,
                                    "Actual Total Time": 856.231,
                                    "Actual Rows": 1,
                                    "Actual Loops": 1
                                },
                                {
                                    "Worker Number": 1,
                                    "Actual Startup Time": 856.448,
                                    "Actual Total Time": 856.449,
                                    "Actual Rows": 1,
                                    "Actual Loops": 1
                                },
                                {
                                    "Worker Number": 2,
                                    "Actual Startup Time": 856.984,
                                    "Actual Total Time": 856.985,
                                    "Actual Rows": 1,
                                    "Actual Loops": 1
                                },
                                {
                                    "Worker Number": 3,
                                    "Actual Startup Time": 857.148,
                                    "Actual Total Time": 857.149,
                                    "Actual Rows": 1,
                                    "Actual Loops": 1
                                },
                                {
                                    "Worker Number": 4,
                                    "Actual Startup Time": 857.392,
                                    "Actual Total Time": 857.392,
                                    "Actual Rows": 1,
                                    "Actual Loops": 1
                                },
                                {
                                    "Worker Number": 5,
                                    "Actual Startup Time": 857.85,
                                    "Actual Total Time": 857.851,
                                    "Actual Rows": 1,
                                    "Actual Loops": 1
                                }
                            ],
                            "Plans": [
                                {
                                    "Node Type": "Seq Scan",
                                    "Parent Relationship": "Outer",
                                    "Parallel Aware": true,
                                    "Relation Name": "cast_info",
                                    "Schema": "public",
                                    "Alias": "ci",
                                    "Startup Cost": 0.0,
                                    "Total Cost": 343318.94,
                                    "Plan Rows": 3171310,
                                    "Plan Width": 0,
                                    "Actual Startup Time": 222.534,
                                    "Actual Total Time": 707.115,
                                    "Actual Rows": 3082668,
                                    "Actual Loops": 7,
                                    "Output": [
                                        "id",
                                        "person_id",
                                        "movie_id",
                                        "person_role_id",
                                        "note",
                                        "nr_order",
                                        "role_id"
                                    ],
                                    "Filter": "((ci.person_id > 687689) AND (ci.role_id > 1))",
                                    "Rows Removed by Filter": 2095096,
                                    "Workers": [
                                        {
                                            "Worker Number": 0,
                                            "Actual Startup Time": 220.155,
                                            "Actual Total Time": 705.756,
                                            "Actual Rows": 2272484,
                                            "Actual Loops": 1
                                        },
                                        {
                                            "Worker Number": 1,
                                            "Actual Startup Time": 220.386,
                                            "Actual Total Time": 706.189,
                                            "Actual Rows": 2259634,
                                            "Actual Loops": 1
                                        },
                                        {
                                            "Worker Number": 2,
                                            "Actual Startup Time": 220.926,
                                            "Actual Total Time": 710.431,
                                            "Actual Rows": 3605361,
                                            "Actual Loops": 1
                                        },
                                        {
                                            "Worker Number": 3,
                                            "Actual Startup Time": 221.094,
                                            "Actual Total Time": 709.268,
                                            "Actual Rows": 3418954,
                                            "Actual Loops": 1
                                        },
                                        {
                                            "Worker Number": 4,
                                            "Actual Startup Time": 221.324,
                                            "Actual Total Time": 706.99,
                                            "Actual Rows": 2267964,
                                            "Actual Loops": 1
                                        },
                                        {
                                            "Worker Number": 5,
                                            "Actual Startup Time": 221.796,
                                            "Actual Total Time": 711.049,
                                            "Actual Rows": 3566422,
                                            "Actual Loops": 1
                                        }
                                    ]
                                }
                            ]
                        }
                    ]
                }
            ]
        },
        "Planning Time": 208.805,
        "Triggers": [],
        "Execution Time": 897.306
    }
]