[
  {
    "Plan": {
      "Node Type": "Aggregate",
      "Strategy": "Plain",
      "Partial Mode": "Finalize",
      "Parallel Aware": false,
      "Startup Cost": 222502.4,
      "Total Cost": 222502.41,
      "Plan Rows": 1,
      "Plan Width": 8,
      "Actual Startup Time": 130.16,
      "Actual Total Time": 148.749,
      "Actual Rows": 1,
      "Actual Loops": 1,
      "Plans": [
        {
          "Node Type": "Gather",
          "Parent Relationship": "Outer",
          "Parallel Aware": false,
          "Startup Cost": 222501.98,
          "Total Cost": 222502.39,
          "Plan Rows": 4,
          "Plan Width": 8,
          "Actual Startup Time": 130.016,
          "Actual Total Time": 148.739,
          "Actual Rows": 5,
          "Actual Loops": 1,
          "Workers Planned": 4,
          "Workers Launched": 4,
          "Single Copy": false,
          "Plans": [
            {
              "Node Type": "Aggregate",
              "Strategy": "Plain",
              "Partial Mode": "Partial",
              "Parent Relationship": "Outer",
              "Parallel Aware": false,
              "Startup Cost": 221501.98,
              "Total Cost": 221501.99,
              "Plan Rows": 1,
              "Plan Width": 8,
              "Actual Startup Time": 120.119,
              "Actual Total Time": 120.121,
              "Actual Rows": 1,
              "Actual Loops": 5,
              "Plans": [
                {
                  "Node Type": "Nested Loop",
                  "Parent Relationship": "Outer",
                  "Parallel Aware": false,
                  "Join Type": "Inner",
                  "Startup Cost": 0.43,
                  "Total Cost": 221455.92,
                  "Plan Rows": 18422,
                  "Plan Width": 0,
                  "Actual Startup Time": 0.296,
                  "Actual Total Time": 119.314,
                  "Actual Rows": 7002,
                  "Actual Loops": 5,
                  "Inner Unique": false,
                  "Plans": [
                    {
                      "Node Type": "Seq Scan",
                      "Parent Relationship": "Outer",
                      "Parallel Aware": true,
                      "Relation Name": "title",
                      "Alias": "t",
                      "Startup Cost": 0.0,
                      "Total Cost": 45479.1,
                      "Plan Rows": 3150,
                      "Plan Width": 4,
                      "Actual Startup Time": 0.08,
                      "Actual Total Time": 84.463,
                      "Actual Rows": 2308,
                      "Actual Loops": 5,
                      "Filter": "((kind_id = 7) AND (production_year = 1988))",
                      "Rows Removed by Filter": 503354
                    },
                    {
                      "Node Type": "Index Only Scan",
                      "Parent Relationship": "Inner",
                      "Parallel Aware": false,
                      "Scan Direction": "Forward",
                      "Index Name": "movie_id_movie_info",
                      "Relation Name": "movie_info",
                      "Alias": "mi",
                      "Startup Cost": 0.43,
                      "Total Cost": 55.45,
                      "Plan Rows": 42,
                      "Plan Width": 4,
                      "Actual Startup Time": 0.009,
                      "Actual Total Time": 0.014,
                      "Actual Rows": 3,
                      "Actual Loops": 11542,
                      "Index Cond": "(movie_id = t.id)",
                      "Rows Removed by Index Recheck": 0,
                      "Heap Fetches": 35010
                    }
                  ]
                }
              ]
            }
          ]
        }
      ]
    },
    "Planning Time": 0.716,
    "Triggers": [],
    "Execution Time": 148.828
  }
]