[
    {
        "Bao": {
            "Bao prediction": 412.201,
            "Bao recommended hint": "(no hint)"
        }
    },
    {
        "Plan": {
            "Node Type": "Aggregate",
            "Strategy": "Plain",
            "Partial Mode": "Finalize",
            "Parallel Aware": false,
            "Startup Cost": 46492.66,
            "Total Cost": 46492.67,
            "Plan Rows": 1,
            "Plan Width": 8,
            "Actual Startup Time": 132.708,
            "Actual Total Time": 143.239,
            "Actual Rows": 1,
            "Actual Loops": 1,
            "Output": [
                "count(*)"
            ],
            "Plans": [
                {
                    "Node Type": "Gather",
                    "Parent Relationship": "Outer",
                    "Parallel Aware": false,
                    "Startup Cost": 46492.24,
                    "Total Cost": 46492.65,
                    "Plan Rows": 4,
                    "Plan Width": 8,
                    "Actual Startup Time": 132.397,
                    "Actual Total Time": 143.192,
                    "Actual Rows": 5,
                    "Actual Loops": 1,
                    "Output": [
                        "(PARTIAL count(*))"
                    ],
                    "Workers Planned": 4,
                    "Workers Launched": 4,
                    "Single Copy": false,
                    "Plans": [
                        {
                            "Node Type": "Aggregate",
                            "Strategy": "Plain",
                            "Partial Mode": "Partial",
                            "Parent Relationship": "Outer",
                            "Parallel Aware": false,
                            "Startup Cost": 45492.24,
                            "Total Cost": 45492.25,
                            "Plan Rows": 1,
                            "Plan Width": 8,
                            "Actual Startup Time": 122.761,
                            "Actual Total Time": 122.762,
                            "Actual Rows": 1,
                            "Actual Loops": 5,
                            "Output": [
                                "PARTIAL count(*)"
                            ],
                            "Workers": [
                                {
                                    "Worker Number": 0,
                                    "Actual Startup Time": 120.11,
                                    "Actual Total Time": 120.111,
                                    "Actual Rows": 1,
                                    "Actual Loops": 1
                                },
                                {
                                    "Worker Number": 1,
                                    "Actual Startup Time": 120.106,
                                    "Actual Total Time": 120.108,
                                    "Actual Rows": 1,
                                    "Actual Loops": 1
                                },
                                {
                                    "Worker Number": 2,
                                    "Actual Startup Time": 120.771,
                                    "Actual Total Time": 120.772,
                                    "Actual Rows": 1,
                                    "Actual Loops": 1
                                },
                                {
                                    "Worker Number": 3,
                                    "Actual Startup Time": 121.21,
                                    "Actual Total Time": 121.212,
                                    "Actual Rows": 1,
                                    "Actual Loops": 1
                                }
                            ],
                            "Plans": [
                                {
                                    "Node Type": "Seq Scan",
                                    "Parent Relationship": "Outer",
                                    "Parallel Aware": true,
                                    "Relation Name": "title",
                                    "Schema": "public",
                                    "Alias": "t",
                                    "Startup Cost": 0.0,
                                    "Total Cost": 45479.21,
                                    "Plan Rows": 5212,
                                    "Plan Width": 0,
                                    "Actual Startup Time": 76.946,
                                    "Actual Total Time": 121.34,
                                    "Actual Rows": 15573,
                                    "Actual Loops": 5,
                                    "Output": [
                                        "id",
                                        "title",
                                        "imdb_index",
                                        "kind_id",
                                        "production_year",
                                        "imdb_id",
                                        "phonetic_code",
                                        "episode_of_id",
                                        "season_nr",
                                        "episode_nr",
                                        "series_years",
                                        "md5sum"
                                    ],
                                    "Filter": "((t.production_year < 1918) AND (t.kind_id = 1))",
                                    "Rows Removed by Filter": 490090,
                                    "Workers": [
                                        {
                                            "Worker Number": 0,
                                            "Actual Startup Time": 72.349,
                                            "Actual Total Time": 118.758,
                                            "Actual Rows": 14768,
                                            "Actual Loops": 1
                                        },
                                        {
                                            "Worker Number": 1,
                                            "Actual Startup Time": 72.35,
                                            "Actual Total Time": 118.639,
                                            "Actual Rows": 10074,
                                            "Actual Loops": 1
                                        },
                                        {
                                            "Worker Number": 2,
                                            "Actual Startup Time": 72.869,
                                            "Actual Total Time": 119.429,
                                            "Actual Rows": 14921,
                                            "Actual Loops": 1
                                        },
                                        {
                                            "Worker Number": 3,
                                            "Actual Startup Time": 78.387,
                                            "Actual Total Time": 119.897,
                                            "Actual Rows": 14621,
                                            "Actual Loops": 1
                                        }
                                    ]
                                }
                            ]
                        }
                    ]
                }
            ]
        },
        "Planning Time": 2918.614,
        "Triggers": [],
        "Execution Time": 143.37
    }
]