{
    "Plan": {
        "Node Type": "Aggregate",
        "Strategy": "Plain",
        "Partial Mode": "Finalize",
        "Parallel Aware": false,
        "Startup Cost": 753737.4,
        "Total Cost": 753737.41,
        "Plan Rows": 1,
        "Plan Width": 8,
        "Actual Startup Time": 14213.841,
        "Actual Total Time": 14321.694,
        "Actual Rows": 1,
        "Actual Loops": 1,
        "Output": [
            "count(*)"
        ],
        "Plans": [
            {
                "Node Type": "Gather",
                "Parent Relationship": "Outer",
                "Parallel Aware": false,
                "Startup Cost": 753736.78,
                "Total Cost": 753737.39,
                "Plan Rows": 6,
                "Plan Width": 8,
                "Actual Startup Time": 14122.41,
                "Actual Total Time": 14321.678,
                "Actual Rows": 7,
                "Actual Loops": 1,
                "Output": [
                    "(PARTIAL count(*))"
                ],
                "Workers Planned": 6,
                "Workers Launched": 6,
                "Single Copy": false,
                "Plans": [
                    {
                        "Node Type": "Aggregate",
                        "Strategy": "Plain",
                        "Partial Mode": "Partial",
                        "Parent Relationship": "Outer",
                        "Parallel Aware": false,
                        "Startup Cost": 752736.78,
                        "Total Cost": 752736.79,
                        "Plan Rows": 1,
                        "Plan Width": 8,
                        "Actual Startup Time": 14074.481,
                        "Actual Total Time": 14075.791,
                        "Actual Rows": 1,
                        "Actual Loops": 7,
                        "Output": [
                            "PARTIAL count(*)"
                        ],
                        "Workers": [
                            {
                                "Worker Number": 0,
                                "Actual Startup Time": 14077.791,
                                "Actual Total Time": 14077.795,
                                "Actual Rows": 1,
                                "Actual Loops": 1
                            },
                            {
                                "Worker Number": 1,
                                "Actual Startup Time": 14064.444,
                                "Actual Total Time": 14064.449,
                                "Actual Rows": 1,
                                "Actual Loops": 1
                            },
                            {
                                "Worker Number": 2,
                                "Actual Startup Time": 14064.174,
                                "Actual Total Time": 14064.178,
                                "Actual Rows": 1,
                                "Actual Loops": 1
                            },
                            {
                                "Worker Number": 3,
                                "Actual Startup Time": 14064.541,
                                "Actual Total Time": 14064.546,
                                "Actual Rows": 1,
                                "Actual Loops": 1
                            },
                            {
                                "Worker Number": 4,
                                "Actual Startup Time": 14064.431,
                                "Actual Total Time": 14064.437,
                                "Actual Rows": 1,
                                "Actual Loops": 1
                            },
                            {
                                "Worker Number": 5,
                                "Actual Startup Time": 14064.586,
                                "Actual Total Time": 14064.591,
                                "Actual Rows": 1,
                                "Actual Loops": 1
                            }
                        ],
                        "Plans": [
                            {
                                "Node Type": "Hash Join",
                                "Parent Relationship": "Outer",
                                "Parallel Aware": true,
                                "Join Type": "Inner",
                                "Startup Cost": 286357.17,
                                "Total Cost": 690733.92,
                                "Plan Rows": 24801143,
                                "Plan Width": 0,
                                "Actual Startup Time": 2719.492,
                                "Actual Total Time": 12137.056,
                                "Actual Rows": 44952334,
                                "Actual Loops": 7,
                                "Inner Unique": false,
                                "Hash Cond": "(ci.movie_id = t.id)",
                                "Workers": [
                                    {
                                        "Worker Number": 0,
                                        "Actual Startup Time": 2711.248,
                                        "Actual Total Time": 12128.309,
                                        "Actual Rows": 44449143,
                                        "Actual Loops": 1
                                    },
                                    {
                                        "Worker Number": 1,
                                        "Actual Startup Time": 2711.336,
                                        "Actual Total Time": 12180.485,
                                        "Actual Rows": 44712539,
                                        "Actual Loops": 1
                                    },
                                    {
                                        "Worker Number": 2,
                                        "Actual Startup Time": 2711.111,
                                        "Actual Total Time": 12062.025,
                                        "Actual Rows": 45626186,
                                        "Actual Loops": 1
                                    },
                                    {
                                        "Worker Number": 3,
                                        "Actual Startup Time": 2711.447,
                                        "Actual Total Time": 12142.869,
                                        "Actual Rows": 42495344,
                                        "Actual Loops": 1
                                    },
                                    {
                                        "Worker Number": 4,
                                        "Actual Startup Time": 2711.454,
                                        "Actual Total Time": 12093.924,
                                        "Actual Rows": 42325509,
                                        "Actual Loops": 1
                                    },
                                    {
                                        "Worker Number": 5,
                                        "Actual Startup Time": 2711.584,
                                        "Actual Total Time": 12265.874,
                                        "Actual Rows": 47209631,
                                        "Actual Loops": 1
                                    }
                                ],
                                "Plans": [
                                    {
                                        "Node Type": "Seq Scan",
                                        "Parent Relationship": "Outer",
                                        "Parallel Aware": true,
                                        "Relation Name": "cast_info",
                                        "Schema": "public",
                                        "Alias": "ci",
                                        "Startup Cost": 0.0,
                                        "Total Cost": 328213.62,
                                        "Plan Rows": 4249737,
                                        "Plan Width": 4,
                                        "Actual Startup Time": 0.039,
                                        "Actual Total Time": 689.53,
                                        "Actual Rows": 3634915,
                                        "Actual Loops": 7,
                                        "Output": [
                                            "ci.id",
                                            "ci.person_id",
                                            "ci.movie_id",
                                            "ci.person_role_id",
                                            "ci.note",
                                            "ci.nr_order",
                                            "ci.role_id"
                                        ],
                                        "Filter": "(ci.person_id < 2626835)",
                                        "Rows Removed by Filter": 1542848,
                                        "Workers": [
                                            {
                                                "Worker Number": 0,
                                                "Actual Startup Time": 0.041,
                                                "Actual Total Time": 719.044,
                                                "Actual Rows": 3594167,
                                                "Actual Loops": 1
                                            },
                                            {
                                                "Worker Number": 1,
                                                "Actual Startup Time": 0.042,
                                                "Actual Total Time": 709.317,
                                                "Actual Rows": 3600597,
                                                "Actual Loops": 1
                                            },
                                            {
                                                "Worker Number": 2,
                                                "Actual Startup Time": 0.042,
                                                "Actual Total Time": 721.517,
                                                "Actual Rows": 3664567,
                                                "Actual Loops": 1
                                            },
                                            {
                                                "Worker Number": 3,
                                                "Actual Startup Time": 0.045,
                                                "Actual Total Time": 716.724,
                                                "Actual Rows": 3436241,
                                                "Actual Loops": 1
                                            },
                                            {
                                                "Worker Number": 4,
                                                "Actual Startup Time": 0.047,
                                                "Actual Total Time": 721.297,
                                                "Actual Rows": 3415911,
                                                "Actual Loops": 1
                                            },
                                            {
                                                "Worker Number": 5,
                                                "Actual Startup Time": 0.04,
                                                "Actual Total Time": 698.321,
                                                "Actual Rows": 3825835,
                                                "Actual Loops": 1
                                            }
                                        ]
                                    },
                                    {
                                        "Node Type": "Hash",
                                        "Parent Relationship": "Inner",
                                        "Parallel Aware": true,
                                        "Startup Cost": 249469.43,
                                        "Total Cost": 249469.43,
                                        "Plan Rows": 2951019,
                                        "Plan Width": 8,
                                        "Actual Startup Time": 2698.506,
                                        "Actual Total Time": 2699.814,
                                        "Actual Rows": 2119389,
                                        "Actual Loops": 7,
                                        "Output": [
                                            "t.id",
                                            "mi.movie_id"
                                        ],
                                        "Hash Buckets": 16777216,
                                        "Original Hash Buckets": 16777216,
                                        "Hash Batches": 1,
                                        "Original Hash Batches": 1,
                                        "Peak Memory Usage": 711552,
                                        "Workers": [
                                            {
                                                "Worker Number": 0,
                                                "Actual Startup Time": 2710.355,
                                                "Actual Total Time": 2710.359,
                                                "Actual Rows": 1981260,
                                                "Actual Loops": 1
                                            },
                                            {
                                                "Worker Number": 1,
                                                "Actual Startup Time": 2710.63,
                                                "Actual Total Time": 2710.634,
                                                "Actual Rows": 1998073,
                                                "Actual Loops": 1
                                            },
                                            {
                                                "Worker Number": 2,
                                                "Actual Startup Time": 2710.427,
                                                "Actual Total Time": 2710.429,
                                                "Actual Rows": 2016922,
                                                "Actual Loops": 1
                                            },
                                            {
                                                "Worker Number": 3,
                                                "Actual Startup Time": 2710.698,
                                                "Actual Total Time": 2710.701,
                                                "Actual Rows": 1960594,
                                                "Actual Loops": 1
                                            },
                                            {
                                                "Worker Number": 4,
                                                "Actual Startup Time": 2710.671,
                                                "Actual Total Time": 2710.675,
                                                "Actual Rows": 2034313,
                                                "Actual Loops": 1
                                            },
                                            {
                                                "Worker Number": 5,
                                                "Actual Startup Time": 2710.877,
                                                "Actual Total Time": 2710.88,
                                                "Actual Rows": 2625870,
                                                "Actual Loops": 1
                                            }
                                        ],
                                        "Plans": [
                                            {
                                                "Node Type": "Hash Join",
                                                "Parent Relationship": "Outer",
                                                "Parallel Aware": true,
                                                "Join Type": "Inner",
                                                "Startup Cost": 50219.81,
                                                "Total Cost": 249469.43,
                                                "Plan Rows": 2951019,
                                                "Plan Width": 8,
                                                "Actual Startup Time": 286.88,
                                                "Actual Total Time": 1634.862,
                                                "Actual Rows": 2119389,
                                                "Actual Loops": 7,
                                                "Output": [
                                                    "t.id",
                                                    "mi.movie_id"
                                                ],
                                                "Inner Unique": true,
                                                "Hash Cond": "(mi.movie_id = t.id)",
                                                "Workers": [
                                                    {
                                                        "Worker Number": 0,
                                                        "Actual Startup Time": 286.916,
                                                        "Actual Total Time": 1638.902,
                                                        "Actual Rows": 1981260,
                                                        "Actual Loops": 1
                                                    },
                                                    {
                                                        "Worker Number": 1,
                                                        "Actual Startup Time": 286.873,
                                                        "Actual Total Time": 1640.024,
                                                        "Actual Rows": 1998073,
                                                        "Actual Loops": 1
                                                    },
                                                    {
                                                        "Worker Number": 2,
                                                        "Actual Startup Time": 286.883,
                                                        "Actual Total Time": 1639.759,
                                                        "Actual Rows": 2016922,
                                                        "Actual Loops": 1
                                                    },
                                                    {
                                                        "Worker Number": 3,
                                                        "Actual Startup Time": 286.872,
                                                        "Actual Total Time": 1638.695,
                                                        "Actual Rows": 1960594,
                                                        "Actual Loops": 1
                                                    },
                                                    {
                                                        "Worker Number": 4,
                                                        "Actual Startup Time": 286.915,
                                                        "Actual Total Time": 1640.195,
                                                        "Actual Rows": 2034313,
                                                        "Actual Loops": 1
                                                    },
                                                    {
                                                        "Worker Number": 5,
                                                        "Actual Startup Time": 286.789,
                                                        "Actual Total Time": 1634.789,
                                                        "Actual Rows": 2625870,
                                                        "Actual Loops": 1
                                                    }
                                                ],
                                                "Plans": [
                                                    {
                                                        "Node Type": "Seq Scan",
                                                        "Parent Relationship": "Outer",
                                                        "Parallel Aware": true,
                                                        "Relation Name": "movie_info",
                                                        "Schema": "public",
                                                        "Alias": "mi",
                                                        "Startup Cost": 0.0,
                                                        "Total Cost": 191503.19,
                                                        "Plan Rows": 2951019,
                                                        "Plan Width": 4,
                                                        "Actual Startup Time": 0.039,
                                                        "Actual Total Time": 360.144,
                                                        "Actual Rows": 2119389,
                                                        "Actual Loops": 7,
                                                        "Output": [
                                                            "mi.id",
                                                            "mi.movie_id",
                                                            "mi.info_type_id",
                                                            "mi.info",
                                                            "mi.note"
                                                        ],
                                                        "Workers": [
                                                            {
                                                                "Worker Number": 0,
                                                                "Actual Startup Time": 0.046,
                                                                "Actual Total Time": 376.996,
                                                                "Actual Rows": 1981260,
                                                                "Actual Loops": 1
                                                            },
                                                            {
                                                                "Worker Number": 1,
                                                                "Actual Startup Time": 0.042,
                                                                "Actual Total Time": 379.092,
                                                                "Actual Rows": 1998073,
                                                                "Actual Loops": 1
                                                            },
                                                            {
                                                                "Worker Number": 2,
                                                                "Actual Startup Time": 0.046,
                                                                "Actual Total Time": 384.373,
                                                                "Actual Rows": 2016922,
                                                                "Actual Loops": 1
                                                            },
                                                            {
                                                                "Worker Number": 3,
                                                                "Actual Startup Time": 0.043,
                                                                "Actual Total Time": 376.786,
                                                                "Actual Rows": 1960594,
                                                                "Actual Loops": 1
                                                            },
                                                            {
                                                                "Worker Number": 4,
                                                                "Actual Startup Time": 0.043,
                                                                "Actual Total Time": 383.197,
                                                                "Actual Rows": 2034313,
                                                                "Actual Loops": 1
                                                            },
                                                            {
                                                                "Worker Number": 5,
                                                                "Actual Startup Time": 0.043,
                                                                "Actual Total Time": 344.341,
                                                                "Actual Rows": 2625870,
                                                                "Actual Loops": 1
                                                            }
                                                        ]
                                                    },
                                                    {
                                                        "Node Type": "Hash",
                                                        "Parent Relationship": "Inner",
                                                        "Parallel Aware": true,
                                                        "Startup Cost": 42318.81,
                                                        "Total Cost": 42318.81,
                                                        "Plan Rows": 632080,
                                                        "Plan Width": 4,
                                                        "Actual Startup Time": 282.181,
                                                        "Actual Total Time": 282.182,
                                                        "Actual Rows": 361187,
                                                        "Actual Loops": 7,
                                                        "Output": [
                                                            "t.id"
                                                        ],
                                                        "Hash Buckets": 4194304,
                                                        "Original Hash Buckets": 4194304,
                                                        "Hash Batches": 1,
                                                        "Original Hash Batches": 1,
                                                        "Peak Memory Usage": 131776,
                                                        "Workers": [
                                                            {
                                                                "Worker Number": 0,
                                                                "Actual Startup Time": 286.562,
                                                                "Actual Total Time": 286.563,
                                                                "Actual Rows": 388224,
                                                                "Actual Loops": 1
                                                            },
                                                            {
                                                                "Worker Number": 1,
                                                                "Actual Startup Time": 286.52,
                                                                "Actual Total Time": 286.521,
                                                                "Actual Rows": 319260,
                                                                "Actual Loops": 1
                                                            },
                                                            {
                                                                "Worker Number": 2,
                                                                "Actual Startup Time": 286.541,
                                                                "Actual Total Time": 286.542,
                                                                "Actual Rows": 328516,
                                                                "Actual Loops": 1
                                                            },
                                                            {
                                                                "Worker Number": 3,
                                                                "Actual Startup Time": 286.517,
                                                                "Actual Total Time": 286.518,
                                                                "Actual Rows": 314005,
                                                                "Actual Loops": 1
                                                            },
                                                            {
                                                                "Worker Number": 4,
                                                                "Actual Startup Time": 286.553,
                                                                "Actual Total Time": 286.554,
                                                                "Actual Rows": 333115,
                                                                "Actual Loops": 1
                                                            },
                                                            {
                                                                "Worker Number": 5,
                                                                "Actual Startup Time": 286.595,
                                                                "Actual Total Time": 286.596,
                                                                "Actual Rows": 411822,
                                                                "Actual Loops": 1
                                                            }
                                                        ],
                                                        "Plans": [
                                                            {
                                                                "Node Type": "Seq Scan",
                                                                "Parent Relationship": "Outer",
                                                                "Parallel Aware": true,
                                                                "Relation Name": "title",
                                                                "Schema": "public",
                                                                "Alias": "t",
                                                                "Startup Cost": 0.0,
                                                                "Total Cost": 42318.81,
                                                                "Plan Rows": 632080,
                                                                "Plan Width": 4,
                                                                "Actual Startup Time": 0.083,
                                                                "Actual Total Time": 83.62,
                                                                "Actual Rows": 361187,
                                                                "Actual Loops": 7,
                                                                "Output": [
                                                                    "t.id"
                                                                ],
                                                                "Workers": [
                                                                    {
                                                                        "Worker Number": 0,
                                                                        "Actual Startup Time": 0.091,
                                                                        "Actual Total Time": 84.806,
                                                                        "Actual Rows": 388224,
                                                                        "Actual Loops": 1
                                                                    },
                                                                    {
                                                                        "Worker Number": 1,
                                                                        "Actual Startup Time": 0.099,
                                                                        "Actual Total Time": 87.42,
                                                                        "Actual Rows": 319260,
                                                                        "Actual Loops": 1
                                                                    },
                                                                    {
                                                                        "Worker Number": 2,
                                                                        "Actual Startup Time": 0.088,
                                                                        "Actual Total Time": 87.781,
                                                                        "Actual Rows": 328516,
                                                                        "Actual Loops": 1
                                                                    },
                                                                    {
                                                                        "Worker Number": 3,
                                                                        "Actual Startup Time": 0.097,
                                                                        "Actual Total Time": 86.2,
                                                                        "Actual Rows": 314005,
                                                                        "Actual Loops": 1
                                                                    },
                                                                    {
                                                                        "Worker Number": 4,
                                                                        "Actual Startup Time": 0.098,
                                                                        "Actual Total Time": 87.664,
                                                                        "Actual Rows": 333115,
                                                                        "Actual Loops": 1
                                                                    },
                                                                    {
                                                                        "Worker Number": 5,
                                                                        "Actual Startup Time": 0.093,
                                                                        "Actual Total Time": 81.971,
                                                                        "Actual Rows": 411822,
                                                                        "Actual Loops": 1
                                                                    }
                                                                ]
                                                            }
                                                        ]
                                                    }
                                                ]
                                            }
                                        ]
                                    }
                                ]
                            }
                        ]
                    }
                ]
            }
        ]
    },
    "Planning Time": 1.518,
    "Triggers": [],
    "Execution Time": 14321.798
}