[
  {
    "Plan": {
      "Node Type": "Aggregate",
      "Strategy": "Plain",
      "Partial Mode": "Finalize",
      "Parallel Aware": false,
      "Startup Cost": 33081.86,
      "Total Cost": 33081.87,
      "Plan Rows": 1,
      "Plan Width": 8,
      "Actual Startup Time": 114.264,
      "Actual Total Time": 121.87,
      "Actual Rows": 1,
      "Actual Loops": 1,
      "Plans": [
        {
          "Node Type": "Gather",
          "Parent Relationship": "Outer",
          "Parallel Aware": false,
          "Startup Cost": 33081.54,
          "Total Cost": 33081.85,
          "Plan Rows": 3,
          "Plan Width": 8,
          "Actual Startup Time": 114.179,
          "Actual Total Time": 121.861,
          "Actual Rows": 4,
          "Actual Loops": 1,
          "Workers Planned": 3,
          "Workers Launched": 3,
          "Single Copy": false,
          "Plans": [
            {
              "Node Type": "Aggregate",
              "Strategy": "Plain",
              "Partial Mode": "Partial",
              "Parent Relationship": "Outer",
              "Parallel Aware": false,
              "Startup Cost": 32081.54,
              "Total Cost": 32081.55,
              "Plan Rows": 1,
              "Plan Width": 8,
              "Actual Startup Time": 106.579,
              "Actual Total Time": 106.581,
              "Actual Rows": 1,
              "Actual Loops": 4,
              "Plans": [
                {
                  "Node Type": "Seq Scan",
                  "Parent Relationship": "Outer",
                  "Parallel Aware": true,
                  "Relation Name": "movie_companies",
                  "Alias": "mc",
                  "Startup Cost": 0.0,
                  "Total Cost": 31414.82,
                  "Plan Rows": 266689,
                  "Plan Width": 0,
                  "Actual Startup Time": 52.725,
                  "Actual Total Time": 94.215,
                  "Actual Rows": 260696,
                  "Actual Loops": 4,
                  "Filter": "((company_id > 4380) AND (company_type_id > 1))",
                  "Rows Removed by Filter": 391586
                }
              ]
            }
          ]
        }
      ]
    },
    "Planning Time": 0.249,
    "Triggers": [],
    "Execution Time": 121.932
  }
]