[
  {
    "Plan": {
      "Node Type": "Aggregate",
      "Strategy": "Plain",
      "Partial Mode": "Finalize",
      "Parallel Aware": false,
      "Startup Cost": 31729.22,
      "Total Cost": 31729.23,
      "Plan Rows": 1,
      "Plan Width": 8,
      "Actual Startup Time": 115.012,
      "Actual Total Time": 123.243,
      "Actual Rows": 1,
      "Actual Loops": 1,
      "Plans": [
        {
          "Node Type": "Gather",
          "Parent Relationship": "Outer",
          "Parallel Aware": false,
          "Startup Cost": 31728.9,
          "Total Cost": 31729.21,
          "Plan Rows": 3,
          "Plan Width": 8,
          "Actual Startup Time": 114.917,
          "Actual Total Time": 123.235,
          "Actual Rows": 4,
          "Actual Loops": 1,
          "Workers Planned": 3,
          "Workers Launched": 3,
          "Single Copy": false,
          "Plans": [
            {
              "Node Type": "Aggregate",
              "Strategy": "Plain",
              "Partial Mode": "Partial",
              "Parent Relationship": "Outer",
              "Parallel Aware": false,
              "Startup Cost": 30728.9,
              "Total Cost": 30728.91,
              "Plan Rows": 1,
              "Plan Width": 8,
              "Actual Startup Time": 108.645,
              "Actual Total Time": 108.646,
              "Actual Rows": 1,
              "Actual Loops": 4,
              "Plans": [
                {
                  "Node Type": "Seq Scan",
                  "Parent Relationship": "Outer",
                  "Parallel Aware": true,
                  "Relation Name": "movie_companies",
                  "Alias": "mc",
                  "Startup Cost": 0.0,
                  "Total Cost": 29310.68,
                  "Plan Rows": 567289,
                  "Plan Width": 0,
                  "Actual Startup Time": 1.333,
                  "Actual Total Time": 87.201,
                  "Actual Rows": 440873,
                  "Actual Loops": 4,
                  "Filter": "(company_id > 2281)",
                  "Rows Removed by Filter": 211409
                }
              ]
            }
          ]
        }
      ]
    },
    "Planning Time": 0.164,
    "Triggers": [],
    "Execution Time": 123.29
  }
]