[
  {
    "Plan": {
      "Node Type": "Aggregate",
      "Strategy": "Plain",
      "Partial Mode": "Finalize",
      "Parallel Aware": false,
      "Startup Cost": 253613.38,
      "Total Cost": 253613.39,
      "Plan Rows": 1,
      "Plan Width": 8,
      "Actual Startup Time": 1901.63,
      "Actual Total Time": 1973.387,
      "Actual Rows": 1,
      "Actual Loops": 1,
      "Plans": [
        {
          "Node Type": "Gather",
          "Parent Relationship": "Outer",
          "Parallel Aware": false,
          "Startup Cost": 253612.96,
          "Total Cost": 253613.37,
          "Plan Rows": 4,
          "Plan Width": 8,
          "Actual Startup Time": 1887.756,
          "Actual Total Time": 1973.374,
          "Actual Rows": 5,
          "Actual Loops": 1,
          "Workers Planned": 4,
          "Workers Launched": 4,
          "Single Copy": false,
          "Plans": [
            {
              "Node Type": "Aggregate",
              "Strategy": "Plain",
              "Partial Mode": "Partial",
              "Parent Relationship": "Outer",
              "Parallel Aware": false,
              "Startup Cost": 252612.96,
              "Total Cost": 252612.97,
              "Plan Rows": 1,
              "Plan Width": 8,
              "Actual Startup Time": 1871.9,
              "Actual Total Time": 1871.905,
              "Actual Rows": 1,
              "Actual Loops": 5,
              "Plans": [
                {
                  "Node Type": "Nested Loop",
                  "Parent Relationship": "Outer",
                  "Parallel Aware": false,
                  "Join Type": "Inner",
                  "Startup Cost": 51992.76,
                  "Total Cost": 251734.92,
                  "Plan Rows": 351216,
                  "Plan Width": 0,
                  "Actual Startup Time": 301.815,
                  "Actual Total Time": 1757.132,
                  "Actual Rows": 2523196,
                  "Actual Loops": 5,
                  "Inner Unique": false,
                  "Plans": [
                    {
                      "Node Type": "Hash Join",
                      "Parent Relationship": "Outer",
                      "Parallel Aware": true,
                      "Join Type": "Inner",
                      "Startup Cost": 51992.19,
                      "Total Cost": 199483.36,
                      "Plan Rows": 24496,
                      "Plan Width": 8,
                      "Actual Startup Time": 301.682,
                      "Actual Total Time": 318.508,
                      "Actual Rows": 21807,
                      "Actual Loops": 5,
                      "Inner Unique": true,
                      "Hash Cond": "(mi.movie_id = t.id)",
                      "Plans": [
                        {
                          "Node Type": "Bitmap Heap Scan",
                          "Parent Relationship": "Outer",
                          "Parallel Aware": true,
                          "Relation Name": "movie_info",
                          "Alias": "mi",
                          "Startup Cost": 1771.81,
                          "Total Cost": 149198.68,
                          "Plan Rows": 24496,
                          "Plan Width": 4,
                          "Actual Startup Time": 4.234,
                          "Actual Total Time": 11.996,
                          "Actual Rows": 21807,
                          "Actual Loops": 5,
                          "Recheck Cond": "(info_type_id = 106)",
                          "Rows Removed by Index Recheck": 0,
                          "Exact Heap Blocks": 1034,
                          "Lossy Heap Blocks": 0,
                          "Plans": [
                            {
                              "Node Type": "Bitmap Index Scan",
                              "Parent Relationship": "Outer",
                              "Parallel Aware": false,
                              "Index Name": "info_type_id_movie_info",
                              "Startup Cost": 0.0,
                              "Total Cost": 1747.32,
                              "Plan Rows": 97984,
                              "Plan Width": 0,
                              "Actual Startup Time": 3.664,
                              "Actual Total Time": 3.665,
                              "Actual Rows": 109034,
                              "Actual Loops": 1,
                              "Index Cond": "(info_type_id = 106)"
                            }
                          ]
                        },
                        {
                          "Node Type": "Hash",
                          "Parent Relationship": "Inner",
                          "Parallel Aware": true,
                          "Startup Cost": 42319.06,
                          "Total Cost": 42319.06,
                          "Plan Rows": 632106,
                          "Plan Width": 4,
                          "Actual Startup Time": 289.922,
                          "Actual Total Time": 289.923,
                          "Actual Rows": 505662,
                          "Actual Loops": 5,
                          "Hash Buckets": 4194304,
                          "Original Hash Buckets": 4194304,
                          "Hash Batches": 1,
                          "Original Hash Batches": 1,
                          "Peak Memory Usage": 131776,
                          "Plans": [
                            {
                              "Node Type": "Seq Scan",
                              "Parent Relationship": "Outer",
                              "Parallel Aware": true,
                              "Relation Name": "title",
                              "Alias": "t",
                              "Startup Cost": 0.0,
                              "Total Cost": 42319.06,
                              "Plan Rows": 632106,
                              "Plan Width": 4,
                              "Actual Startup Time": 0.028,
                              "Actual Total Time": 87.903,
                              "Actual Rows": 505662,
                              "Actual Loops": 5
                            }
                          ]
                        }
                      ]
                    },
                    {
                      "Node Type": "Index Only Scan",
                      "Parent Relationship": "Inner",
                      "Parallel Aware": false,
                      "Scan Direction": "Forward",
                      "Index Name": "movie_id_cast_info",
                      "Relation Name": "cast_info",
                      "Alias": "ci",
                      "Startup Cost": 0.56,
                      "Total Cost": 1.78,
                      "Plan Rows": 35,
                      "Plan Width": 4,
                      "Actual Startup Time": 0.006,
                      "Actual Total Time": 0.057,
                      "Actual Rows": 116,
                      "Actual Loops": 109034,
                      "Index Cond": "(movie_id = t.id)",
                      "Rows Removed by Index Recheck": 0,
                      "Heap Fetches": 12615982
                    }
                  ]
                }
              ]
            }
          ]
        }
      ]
    },
    "Planning Time": 0.769,
    "Triggers": [],
    "Execution Time": 1973.49
  }
]