[
  {
    "Plan": {
      "Node Type": "Aggregate",
      "Strategy": "Plain",
      "Partial Mode": "Finalize",
      "Parallel Aware": false,
      "Startup Cost": 335542.24,
      "Total Cost": 335542.26,
      "Plan Rows": 1,
      "Plan Width": 8,
      "Actual Startup Time": 651.677,
      "Actual Total Time": 705.087,
      "Actual Rows": 1,
      "Actual Loops": 1,
      "Plans": [
        {
          "Node Type": "Gather",
          "Parent Relationship": "Outer",
          "Parallel Aware": false,
          "Startup Cost": 335541.62,
          "Total Cost": 335542.23,
          "Plan Rows": 6,
          "Plan Width": 8,
          "Actual Startup Time": 651.545,
          "Actual Total Time": 705.076,
          "Actual Rows": 7,
          "Actual Loops": 1,
          "Workers Planned": 6,
          "Workers Launched": 6,
          "Single Copy": false,
          "Plans": [
            {
              "Node Type": "Aggregate",
              "Strategy": "Plain",
              "Partial Mode": "Partial",
              "Parent Relationship": "Outer",
              "Parallel Aware": false,
              "Startup Cost": 334541.62,
              "Total Cost": 334541.63,
              "Plan Rows": 1,
              "Plan Width": 8,
              "Actual Startup Time": 643.781,
              "Actual Total Time": 643.782,
              "Actual Rows": 1,
              "Actual Loops": 7,
              "Plans": [
                {
                  "Node Type": "Seq Scan",
                  "Parent Relationship": "Outer",
                  "Parallel Aware": true,
                  "Relation Name": "cast_info",
                  "Alias": "ci",
                  "Startup Cost": 0.0,
                  "Total Cost": 328162.03,
                  "Plan Rows": 2551838,
                  "Plan Width": 0,
                  "Actual Startup Time": 0.044,
                  "Actual Total Time": 551.134,
                  "Actual Rows": 2182314,
                  "Actual Loops": 7,
                  "Filter": "(person_id < 1504450)",
                  "Rows Removed by Filter": 2995449
                }
              ]
            }
          ]
        }
      ]
    },
    "Planning Time": 0.202,
    "Triggers": [],
    "Execution Time": 705.159
  }
]