[
    {
        "Bao": {
            "Bao prediction": "NaN",
            "Bao recommended hint": "(no hint)"
        }
    },
    {
        "Plan": {
            "Node Type": "Aggregate",
            "Strategy": "Plain",
            "Partial Mode": "Finalize",
            "Parallel Aware": false,
            "Startup Cost": 316903.73,
            "Total Cost": 316903.74,
            "Plan Rows": 1,
            "Plan Width": 8,
            "Actual Startup Time": 253.015,
            "Actual Total Time": 261.838,
            "Actual Rows": 1,
            "Actual Loops": 1,
            "Output": [
                "count(*)"
            ],
            "Plans": [
                {
                    "Node Type": "Gather",
                    "Parent Relationship": "Outer",
                    "Parallel Aware": false,
                    "Startup Cost": 316903.1,
                    "Total Cost": 316903.71,
                    "Plan Rows": 6,
                    "Plan Width": 8,
                    "Actual Startup Time": 251.878,
                    "Actual Total Time": 261.83,
                    "Actual Rows": 7,
                    "Actual Loops": 1,
                    "Output": [
                        "(PARTIAL count(*))"
                    ],
                    "Workers Planned": 6,
                    "Workers Launched": 6,
                    "Single Copy": false,
                    "Plans": [
                        {
                            "Node Type": "Aggregate",
                            "Strategy": "Plain",
                            "Partial Mode": "Partial",
                            "Parent Relationship": "Outer",
                            "Parallel Aware": false,
                            "Startup Cost": 315903.1,
                            "Total Cost": 315903.11,
                            "Plan Rows": 1,
                            "Plan Width": 8,
                            "Actual Startup Time": 241.329,
                            "Actual Total Time": 241.33,
                            "Actual Rows": 1,
                            "Actual Loops": 7,
                            "Output": [
                                "PARTIAL count(*)"
                            ],
                            "Workers": [
                                {
                                    "Worker Number": 0,
                                    "Actual Startup Time": 239.058,
                                    "Actual Total Time": 239.06,
                                    "Actual Rows": 1,
                                    "Actual Loops": 1
                                },
                                {
                                    "Worker Number": 1,
                                    "Actual Startup Time": 239.032,
                                    "Actual Total Time": 239.033,
                                    "Actual Rows": 1,
                                    "Actual Loops": 1
                                },
                                {
                                    "Worker Number": 2,
                                    "Actual Startup Time": 239.376,
                                    "Actual Total Time": 239.378,
                                    "Actual Rows": 1,
                                    "Actual Loops": 1
                                },
                                {
                                    "Worker Number": 3,
                                    "Actual Startup Time": 239.98,
                                    "Actual Total Time": 239.981,
                                    "Actual Rows": 1,
                                    "Actual Loops": 1
                                },
                                {
                                    "Worker Number": 4,
                                    "Actual Startup Time": 240.127,
                                    "Actual Total Time": 240.128,
                                    "Actual Rows": 1,
                                    "Actual Loops": 1
                                },
                                {
                                    "Worker Number": 5,
                                    "Actual Startup Time": 240.575,
                                    "Actual Total Time": 240.576,
                                    "Actual Rows": 1,
                                    "Actual Loops": 1
                                }
                            ],
                            "Plans": [
                                {
                                    "Node Type": "Bitmap Heap Scan",
                                    "Parent Relationship": "Outer",
                                    "Parallel Aware": true,
                                    "Relation Name": "cast_info",
                                    "Schema": "public",
                                    "Alias": "ci",
                                    "Startup Cost": 56143.63,
                                    "Total Cost": 315213.79,
                                    "Plan Rows": 275724,
                                    "Plan Width": 0,
                                    "Actual Startup Time": 101.862,
                                    "Actual Total Time": 221.341,
                                    "Actual Rows": 373299,
                                    "Actual Loops": 7,
                                    "Recheck Cond": "(ci.person_id > 3556199)",
                                    "Rows Removed by Index Recheck": 0,
                                    "Filter": "(ci.role_id > 1)",
                                    "Rows Removed by Filter": 0,
                                    "Exact Heap Blocks": 8576,
                                    "Lossy Heap Blocks": 0,
                                    "Workers": [
                                        {
                                            "Worker Number": 0,
                                            "Actual Startup Time": 100.053,
                                            "Actual Total Time": 218.755,
                                            "Actual Rows": 263184,
                                            "Actual Loops": 1
                                        },
                                        {
                                            "Worker Number": 1,
                                            "Actual Startup Time": 99.461,
                                            "Actual Total Time": 219.763,
                                            "Actual Rows": 369976,
                                            "Actual Loops": 1
                                        },
                                        {
                                            "Worker Number": 2,
                                            "Actual Startup Time": 99.773,
                                            "Actual Total Time": 219.895,
                                            "Actual Rows": 380134,
                                            "Actual Loops": 1
                                        },
                                        {
                                            "Worker Number": 3,
                                            "Actual Startup Time": 100.412,
                                            "Actual Total Time": 219.892,
                                            "Actual Rows": 262828,
                                            "Actual Loops": 1
                                        },
                                        {
                                            "Worker Number": 4,
                                            "Actual Startup Time": 100.954,
                                            "Actual Total Time": 221.119,
                                            "Actual Rows": 366674,
                                            "Actual Loops": 1
                                        },
                                        {
                                            "Worker Number": 5,
                                            "Actual Startup Time": 101.3,
                                            "Actual Total Time": 221.213,
                                            "Actual Rows": 378002,
                                            "Actual Loops": 1
                                        }
                                    ],
                                    "Plans": [
                                        {
                                            "Node Type": "Bitmap Index Scan",
                                            "Parent Relationship": "Outer",
                                            "Parallel Aware": false,
                                            "Index Name": "person_id_cast_info",
                                            "Startup Cost": 0.0,
                                            "Total Cost": 55730.04,
                                            "Plan Rows": 2553264,
                                            "Plan Width": 0,
                                            "Actual Startup Time": 105.115,
                                            "Actual Total Time": 105.116,
                                            "Actual Rows": 2613093,
                                            "Actual Loops": 1,
                                            "Index Cond": "(ci.person_id > 3556199)"
                                        }
                                    ]
                                }
                            ]
                        }
                    ]
                }
            ]
        },
        "Planning Time": 215.364,
        "Triggers": [],
        "Execution Time": 261.931
    }
]