[
    {
        "Bao": {
            "Bao prediction": "NaN",
            "Bao recommended hint": "(no hint)"
        }
    },
    {
        "Plan": {
            "Node Type": "Aggregate",
            "Strategy": "Plain",
            "Partial Mode": "Finalize",
            "Parallel Aware": false,
            "Startup Cost": 74616.88,
            "Total Cost": 74616.89,
            "Plan Rows": 1,
            "Plan Width": 8,
            "Actual Startup Time": 189.385,
            "Actual Total Time": 197.93,
            "Actual Rows": 1,
            "Actual Loops": 1,
            "Output": [
                "count(*)"
            ],
            "Plans": [
                {
                    "Node Type": "Gather",
                    "Parent Relationship": "Outer",
                    "Parallel Aware": false,
                    "Startup Cost": 74616.46,
                    "Total Cost": 74616.87,
                    "Plan Rows": 4,
                    "Plan Width": 8,
                    "Actual Startup Time": 188.592,
                    "Actual Total Time": 197.922,
                    "Actual Rows": 5,
                    "Actual Loops": 1,
                    "Output": [
                        "(PARTIAL count(*))"
                    ],
                    "Workers Planned": 4,
                    "Workers Launched": 4,
                    "Single Copy": false,
                    "Plans": [
                        {
                            "Node Type": "Aggregate",
                            "Strategy": "Plain",
                            "Partial Mode": "Partial",
                            "Parent Relationship": "Outer",
                            "Parallel Aware": false,
                            "Startup Cost": 73616.46,
                            "Total Cost": 73616.47,
                            "Plan Rows": 1,
                            "Plan Width": 8,
                            "Actual Startup Time": 178.888,
                            "Actual Total Time": 178.891,
                            "Actual Rows": 1,
                            "Actual Loops": 5,
                            "Output": [
                                "PARTIAL count(*)"
                            ],
                            "Workers": [
                                {
                                    "Worker Number": 0,
                                    "Actual Startup Time": 176.184,
                                    "Actual Total Time": 176.188,
                                    "Actual Rows": 1,
                                    "Actual Loops": 1
                                },
                                {
                                    "Worker Number": 1,
                                    "Actual Startup Time": 176.458,
                                    "Actual Total Time": 176.461,
                                    "Actual Rows": 1,
                                    "Actual Loops": 1
                                },
                                {
                                    "Worker Number": 2,
                                    "Actual Startup Time": 176.741,
                                    "Actual Total Time": 176.744,
                                    "Actual Rows": 1,
                                    "Actual Loops": 1
                                },
                                {
                                    "Worker Number": 3,
                                    "Actual Startup Time": 176.989,
                                    "Actual Total Time": 176.992,
                                    "Actual Rows": 1,
                                    "Actual Loops": 1
                                }
                            ],
                            "Plans": [
                                {
                                    "Node Type": "Hash Join",
                                    "Parent Relationship": "Outer",
                                    "Parallel Aware": true,
                                    "Join Type": "Inner",
                                    "Startup Cost": 26220.12,
                                    "Total Cost": 73568.84,
                                    "Plan Rows": 19049,
                                    "Plan Width": 0,
                                    "Actual Startup Time": 72.533,
                                    "Actual Total Time": 178.357,
                                    "Actual Rows": 6614,
                                    "Actual Loops": 5,
                                    "Inner Unique": false,
                                    "Hash Cond": "(t.id = mc.movie_id)",
                                    "Workers": [
                                        {
                                            "Worker Number": 0,
                                            "Actual Startup Time": 69.882,
                                            "Actual Total Time": 175.543,
                                            "Actual Rows": 4405,
                                            "Actual Loops": 1
                                        },
                                        {
                                            "Worker Number": 1,
                                            "Actual Startup Time": 70.11,
                                            "Actual Total Time": 175.907,
                                            "Actual Rows": 6868,
                                            "Actual Loops": 1
                                        },
                                        {
                                            "Worker Number": 2,
                                            "Actual Startup Time": 70.333,
                                            "Actual Total Time": 176.193,
                                            "Actual Rows": 6736,
                                            "Actual Loops": 1
                                        },
                                        {
                                            "Worker Number": 3,
                                            "Actual Startup Time": 70.628,
                                            "Actual Total Time": 176.479,
                                            "Actual Rows": 6255,
                                            "Actual Loops": 1
                                        }
                                    ],
                                    "Plans": [
                                        {
                                            "Node Type": "Seq Scan",
                                            "Parent Relationship": "Outer",
                                            "Parallel Aware": true,
                                            "Relation Name": "title",
                                            "Schema": "public",
                                            "Alias": "t",
                                            "Startup Cost": 0.0,
                                            "Total Cost": 45479.21,
                                            "Plan Rows": 361613,
                                            "Plan Width": 4,
                                            "Actual Startup Time": 0.01,
                                            "Actual Total Time": 73.439,
                                            "Actual Rows": 287637,
                                            "Actual Loops": 5,
                                            "Output": [
                                                "t.id",
                                                "t.title",
                                                "t.imdb_index",
                                                "t.kind_id",
                                                "t.production_year",
                                                "t.imdb_id",
                                                "t.phonetic_code",
                                                "t.episode_of_id",
                                                "t.season_nr",
                                                "t.episode_nr",
                                                "t.series_years",
                                                "t.md5sum"
                                            ],
                                            "Filter": "((t.production_year < 2013) AND (t.kind_id = 7))",
                                            "Rows Removed by Filter": 218026,
                                            "Workers": [
                                                {
                                                    "Worker Number": 0,
                                                    "Actual Startup Time": 0.015,
                                                    "Actual Total Time": 75.014,
                                                    "Actual Rows": 188313,
                                                    "Actual Loops": 1
                                                },
                                                {
                                                    "Worker Number": 1,
                                                    "Actual Startup Time": 0.009,
                                                    "Actual Total Time": 74.126,
                                                    "Actual Rows": 297237,
                                                    "Actual Loops": 1
                                                },
                                                {
                                                    "Worker Number": 2,
                                                    "Actual Startup Time": 0.008,
                                                    "Actual Total Time": 73.645,
                                                    "Actual Rows": 293926,
                                                    "Actual Loops": 1
                                                },
                                                {
                                                    "Worker Number": 3,
                                                    "Actual Startup Time": 0.008,
                                                    "Actual Total Time": 72.635,
                                                    "Actual Rows": 268614,
                                                    "Actual Loops": 1
                                                }
                                            ]
                                        },
                                        {
                                            "Node Type": "Hash",
                                            "Parent Relationship": "Inner",
                                            "Parallel Aware": true,
                                            "Startup Cost": 25683.07,
                                            "Total Cost": 25683.07,
                                            "Plan Rows": 42964,
                                            "Plan Width": 4,
                                            "Actual Startup Time": 70.788,
                                            "Actual Total Time": 70.789,
                                            "Actual Rows": 12060,
                                            "Actual Loops": 5,
                                            "Output": [
                                                "mc.movie_id"
                                            ],
                                            "Hash Buckets": 262144,
                                            "Original Hash Buckets": 262144,
                                            "Hash Batches": 1,
                                            "Original Hash Batches": 1,
                                            "Peak Memory Usage": 4512,
                                            "Workers": [
                                                {
                                                    "Worker Number": 0,
                                                    "Actual Startup Time": 69.362,
                                                    "Actual Total Time": 69.364,
                                                    "Actual Rows": 9159,
                                                    "Actual Loops": 1
                                                },
                                                {
                                                    "Worker Number": 1,
                                                    "Actual Startup Time": 69.626,
                                                    "Actual Total Time": 69.627,
                                                    "Actual Rows": 10944,
                                                    "Actual Loops": 1
                                                },
                                                {
                                                    "Worker Number": 2,
                                                    "Actual Startup Time": 69.852,
                                                    "Actual Total Time": 69.853,
                                                    "Actual Rows": 10067,
                                                    "Actual Loops": 1
                                                },
                                                {
                                                    "Worker Number": 3,
                                                    "Actual Startup Time": 70.163,
                                                    "Actual Total Time": 70.165,
                                                    "Actual Rows": 7653,
                                                    "Actual Loops": 1
                                                }
                                            ],
                                            "Plans": [
                                                {
                                                    "Node Type": "Bitmap Heap Scan",
                                                    "Parent Relationship": "Outer",
                                                    "Parallel Aware": true,
                                                    "Relation Name": "movie_companies",
                                                    "Schema": "public",
                                                    "Alias": "mc",
                                                    "Startup Cost": 5629.01,
                                                    "Total Cost": 25683.07,
                                                    "Plan Rows": 42964,
                                                    "Plan Width": 4,
                                                    "Actual Startup Time": 55.367,
                                                    "Actual Total Time": 66.285,
                                                    "Actual Rows": 12060,
                                                    "Actual Loops": 5,
                                                    "Output": [
                                                        "mc.movie_id"
                                                    ],
                                                    "Recheck Cond": "(mc.company_id < 133)",
                                                    "Rows Removed by Index Recheck": 0,
                                                    "Filter": "(mc.company_type_id > 1)",
                                                    "Rows Removed by Filter": 39821,
                                                    "Exact Heap Blocks": 9411,
                                                    "Lossy Heap Blocks": 0,
                                                    "Workers": [
                                                        {
                                                            "Worker Number": 0,
                                                            "Actual Startup Time": 53.91,
                                                            "Actual Total Time": 65.048,
                                                            "Actual Rows": 9159,
                                                            "Actual Loops": 1
                                                        },
                                                        {
                                                            "Worker Number": 1,
                                                            "Actual Startup Time": 54.189,
                                                            "Actual Total Time": 65.357,
                                                            "Actual Rows": 10944,
                                                            "Actual Loops": 1
                                                        },
                                                        {
                                                            "Worker Number": 2,
                                                            "Actual Startup Time": 54.416,
                                                            "Actual Total Time": 65.614,
                                                            "Actual Rows": 10067,
                                                            "Actual Loops": 1
                                                        },
                                                        {
                                                            "Worker Number": 3,
                                                            "Actual Startup Time": 54.77,
                                                            "Actual Total Time": 65.768,
                                                            "Actual Rows": 7653,
                                                            "Actual Loops": 1
                                                        }
                                                    ],
                                                    "Plans": [
                                                        {
                                                            "Node Type": "Bitmap Index Scan",
                                                            "Parent Relationship": "Outer",
                                                            "Parallel Aware": false,
                                                            "Index Name": "company_id_movie_companies",
                                                            "Startup Cost": 0.0,
                                                            "Total Cost": 5595.72,
                                                            "Plan Rows": 261238,
                                                            "Plan Width": 0,
                                                            "Actual Startup Time": 23.579,
                                                            "Actual Total Time": 23.579,
                                                            "Actual Rows": 259406,
                                                            "Actual Loops": 1,
                                                            "Index Cond": "(mc.company_id < 133)"
                                                        }
                                                    ]
                                                }
                                            ]
                                        }
                                    ]
                                }
                            ]
                        }
                    ]
                }
            ]
        },
        "Planning Time": 224.367,
        "Triggers": [],
        "Execution Time": 198.022
    }
]