[
  {
    "Plan": {
      "Node Type": "Aggregate",
      "Strategy": "Plain",
      "Partial Mode": "Finalize",
      "Parallel Aware": false,
      "Startup Cost": 84795.81,
      "Total Cost": 84795.82,
      "Plan Rows": 1,
      "Plan Width": 8,
      "Actual Startup Time": 225.338,
      "Actual Total Time": 244.119,
      "Actual Rows": 1,
      "Actual Loops": 1,
      "Plans": [
        {
          "Node Type": "Gather",
          "Parent Relationship": "Outer",
          "Parallel Aware": false,
          "Startup Cost": 84795.49,
          "Total Cost": 84795.8,
          "Plan Rows": 3,
          "Plan Width": 8,
          "Actual Startup Time": 224.435,
          "Actual Total Time": 244.113,
          "Actual Rows": 4,
          "Actual Loops": 1,
          "Workers Planned": 3,
          "Workers Launched": 3,
          "Single Copy": false,
          "Plans": [
            {
              "Node Type": "Aggregate",
              "Strategy": "Plain",
              "Partial Mode": "Partial",
              "Parent Relationship": "Outer",
              "Parallel Aware": false,
              "Startup Cost": 83795.49,
              "Total Cost": 83795.5,
              "Plan Rows": 1,
              "Plan Width": 8,
              "Actual Startup Time": 220.374,
              "Actual Total Time": 220.378,
              "Actual Rows": 1,
              "Actual Loops": 4,
              "Plans": [
                {
                  "Node Type": "Hash Join",
                  "Parent Relationship": "Outer",
                  "Parallel Aware": true,
                  "Join Type": "Inner",
                  "Startup Cost": 56501.17,
                  "Total Cost": 83775.58,
                  "Plan Rows": 7963,
                  "Plan Width": 0,
                  "Actual Startup Time": 134.339,
                  "Actual Total Time": 219.938,
                  "Actual Rows": 5440,
                  "Actual Loops": 4,
                  "Inner Unique": true,
                  "Hash Cond": "(mk.movie_id = t.id)",
                  "Plans": [
                    {
                      "Node Type": "Bitmap Heap Scan",
                      "Parent Relationship": "Outer",
                      "Parallel Aware": true,
                      "Relation Name": "movie_keyword",
                      "Alias": "mk",
                      "Startup Cost": 12264.46,
                      "Total Cost": 39049.38,
                      "Plan Rows": 186474,
                      "Plan Width": 4,
                      "Actual Startup Time": 33.201,
                      "Actual Total Time": 97.268,
                      "Actual Rows": 144365,
                      "Actual Loops": 4,
                      "Recheck Cond": "(keyword_id > 31767)",
                      "Rows Removed by Index Recheck": 0,
                      "Exact Heap Blocks": 8692,
                      "Lossy Heap Blocks": 0,
                      "Plans": [
                        {
                          "Node Type": "Bitmap Index Scan",
                          "Parent Relationship": "Outer",
                          "Parallel Aware": false,
                          "Index Name": "keyword_id_movie_keyword",
                          "Startup Cost": 0.0,
                          "Total Cost": 12119.94,
                          "Plan Rows": 578068,
                          "Plan Width": 0,
                          "Actual Startup Time": 29.666,
                          "Actual Total Time": 29.667,
                          "Actual Rows": 577459,
                          "Actual Loops": 1,
                          "Index Cond": "(keyword_id > 31767)"
                        }
                      ]
                    },
                    {
                      "Node Type": "Hash",
                      "Parent Relationship": "Inner",
                      "Parallel Aware": true,
                      "Startup Cost": 43899.32,
                      "Total Cost": 43899.32,
                      "Plan Rows": 26991,
                      "Plan Width": 4,
                      "Actual Startup Time": 100.391,
                      "Actual Total Time": 100.392,
                      "Actual Rows": 27107,
                      "Actual Loops": 4,
                      "Hash Buckets": 131072,
                      "Original Hash Buckets": 131072,
                      "Hash Batches": 1,
                      "Original Hash Batches": 1,
                      "Peak Memory Usage": 5344,
                      "Plans": [
                        {
                          "Node Type": "Seq Scan",
                          "Parent Relationship": "Outer",
                          "Parallel Aware": true,
                          "Relation Name": "title",
                          "Alias": "t",
                          "Startup Cost": 0.0,
                          "Total Cost": 43899.32,
                          "Plan Rows": 26991,
                          "Plan Width": 4,
                          "Actual Startup Time": 0.024,
                          "Actual Total Time": 89.595,
                          "Actual Rows": 27107,
                          "Actual Loops": 4,
                          "Filter": "(production_year = 2006)",
                          "Rows Removed by Filter": 604971
                        }
                      ]
                    }
                  ]
                }
              ]
            }
          ]
        }
      ]
    },
    "Planning Time": 0.221,
    "Triggers": [],
    "Execution Time": 244.161
  }
]