{
  "Plan": {
    "Node Type": "Aggregate",
    "Strategy": "Plain",
    "Partial Mode": "Finalize",
    "Parallel Aware": false,
    "Startup Cost": 132593.31,
    "Total Cost": 132593.32,
    "Plan Rows": 1,
    "Plan Width": 8,
    "Actual Startup Time": 715.093,
    "Actual Total Time": 735.403,
    "Actual Rows": 1,
    "Actual Loops": 1,
    "Plans": [
      {
        "Node Type": "Gather",
        "Parent Relationship": "Outer",
        "Parallel Aware": false,
        "Startup Cost": 132593.2,
        "Total Cost": 132593.31,
        "Plan Rows": 1,
        "Plan Width": 8,
        "Actual Startup Time": 713.012,
        "Actual Total Time": 735.397,
        "Actual Rows": 2,
        "Actual Loops": 1,
        "Workers Planned": 1,
        "Workers Launched": 1,
        "Single Copy": false,
        "Plans": [
          {
            "Node Type": "Aggregate",
            "Strategy": "Plain",
            "Partial Mode": "Partial",
            "Parent Relationship": "Outer",
            "Parallel Aware": false,
            "Startup Cost": 131593.2,
            "Total Cost": 131593.21,
            "Plan Rows": 1,
            "Plan Width": 8,
            "Actual Startup Time": 705.672,
            "Actual Total Time": 705.676,
            "Actual Rows": 1,
            "Actual Loops": 2,
            "Plans": [
              {
                "Node Type": "Hash Join",
                "Parent Relationship": "Outer",
                "Parallel Aware": true,
                "Join Type": "Inner",
                "Startup Cost": 66858.29,
                "Total Cost": 129455.62,
                "Plan Rows": 855032,
                "Plan Width": 0,
                "Actual Startup Time": 339.315,
                "Actual Total Time": 690.634,
                "Actual Rows": 376276,
                "Actual Loops": 2,
                "Inner Unique": true,
                "Hash Cond": "(mk.movie_id = t.id)",
                "Plans": [
                  {
                    "Node Type": "Seq Scan",
                    "Parent Relationship": "Outer",
                    "Parallel Aware": true,
                    "Relation Name": "movie_keyword",
                    "Alias": "mk",
                    "Startup Cost": 0.0,
                    "Total Cost": 57718.19,
                    "Plan Rows": 1858713,
                    "Plan Width": 4,
                    "Actual Startup Time": 0.18,
                    "Actual Total Time": 195.049,
                    "Actual Rows": 1574240,
                    "Actual Loops": 2,
                    "Filter": "(keyword_id > 1820)",
                    "Rows Removed by Filter": 687724
                  },
                  {
                    "Node Type": "Hash",
                    "Parent Relationship": "Inner",
                    "Parallel Aware": true,
                    "Startup Cost": 58306.47,
                    "Total Cost": 58306.47,
                    "Plan Rows": 684146,
                    "Plan Width": 4,
                    "Actual Startup Time": 325.046,
                    "Actual Total Time": 325.047,
                    "Actual Rows": 633666,
                    "Actual Loops": 2,
                    "Hash Buckets": 2097152,
                    "Original Hash Buckets": 2097152,
                    "Hash Batches": 1,
                    "Original Hash Batches": 1,
                    "Peak Memory Usage": 65984,
                    "Plans": [
                      {
                        "Node Type": "Seq Scan",
                        "Parent Relationship": "Outer",
                        "Parallel Aware": true,
                        "Relation Name": "title",
                        "Alias": "t",
                        "Startup Cost": 0.0,
                        "Total Cost": 58306.47,
                        "Plan Rows": 684146,
                        "Plan Width": 4,
                        "Actual Startup Time": 0.05,
                        "Actual Total Time": 170.573,
                        "Actual Rows": 633666,
                        "Actual Loops": 2,
                        "Filter": "((kind_id > 1) AND (production_year > 1996))",
                        "Rows Removed by Filter": 630490
                      }
                    ]
                  }
                ]
              }
            ]
          }
        ]
      }
    ]
  },
  "Planning Time": 0.635,
  "Triggers": [],
  "Execution Time": 735.474
}