[
  {
    "Plan": {
      "Node Type": "Aggregate",
      "Strategy": "Plain",
      "Partial Mode": "Finalize",
      "Parallel Aware": false,
      "Startup Cost": 284590.58,
      "Total Cost": 284590.59,
      "Plan Rows": 1,
      "Plan Width": 8,
      "Actual Startup Time": 882.844,
      "Actual Total Time": 934.096,
      "Actual Rows": 1,
      "Actual Loops": 1,
      "Plans": [
        {
          "Node Type": "Gather",
          "Parent Relationship": "Outer",
          "Parallel Aware": false,
          "Startup Cost": 284590.06,
          "Total Cost": 284590.57,
          "Plan Rows": 5,
          "Plan Width": 8,
          "Actual Startup Time": 871.493,
          "Actual Total Time": 934.085,
          "Actual Rows": 6,
          "Actual Loops": 1,
          "Workers Planned": 5,
          "Workers Launched": 5,
          "Single Copy": false,
          "Plans": [
            {
              "Node Type": "Aggregate",
              "Strategy": "Plain",
              "Partial Mode": "Partial",
              "Parent Relationship": "Outer",
              "Parallel Aware": false,
              "Startup Cost": 283590.06,
              "Total Cost": 283590.07,
              "Plan Rows": 1,
              "Plan Width": 8,
              "Actual Startup Time": 861.555,
              "Actual Total Time": 861.562,
              "Actual Rows": 1,
              "Actual Loops": 6,
              "Plans": [
                {
                  "Node Type": "Hash Join",
                  "Parent Relationship": "Outer",
                  "Parallel Aware": true,
                  "Join Type": "Inner",
                  "Startup Cost": 82198.08,
                  "Total Cost": 283293.81,
                  "Plan Rows": 118499,
                  "Plan Width": 0,
                  "Actual Startup Time": 449.945,
                  "Actual Total Time": 852.57,
                  "Actual Rows": 169483,
                  "Actual Loops": 6,
                  "Inner Unique": false,
                  "Hash Cond": "(mi.movie_id = t.id)",
                  "Plans": [
                    {
                      "Node Type": "Seq Scan",
                      "Parent Relationship": "Outer",
                      "Parallel Aware": true,
                      "Relation Name": "movie_info",
                      "Alias": "mi",
                      "Startup Cost": 0.0,
                      "Total Cost": 199108.24,
                      "Plan Rows": 428064,
                      "Plan Width": 4,
                      "Actual Startup Time": 32.592,
                      "Actual Total Time": 341.792,
                      "Actual Rows": 348511,
                      "Actual Loops": 6,
                      "Filter": "(info_type_id < 3)",
                      "Rows Removed by Filter": 2124109
                    },
                    {
                      "Node Type": "Hash",
                      "Parent Relationship": "Inner",
                      "Parallel Aware": true,
                      "Startup Cost": 79375.78,
                      "Total Cost": 79375.78,
                      "Plan Rows": 225784,
                      "Plan Width": 8,
                      "Actual Startup Time": 414.513,
                      "Actual Total Time": 414.519,
                      "Actual Rows": 102183,
                      "Actual Loops": 6,
                      "Hash Buckets": 1048576,
                      "Original Hash Buckets": 1048576,
                      "Hash Batches": 1,
                      "Original Hash Batches": 1,
                      "Peak Memory Usage": 32256,
                      "Plans": [
                        {
                          "Node Type": "Hash Join",
                          "Parent Relationship": "Outer",
                          "Parallel Aware": true,
                          "Join Type": "Inner",
                          "Startup Cost": 49177.93,
                          "Total Cost": 79375.78,
                          "Plan Rows": 225784,
                          "Plan Width": 8,
                          "Actual Startup Time": 258.631,
                          "Actual Total Time": 374.288,
                          "Actual Rows": 102183,
                          "Actual Loops": 6,
                          "Inner Unique": true,
                          "Hash Cond": "(mc.movie_id = t.id)",
                          "Plans": [
                            {
                              "Node Type": "Seq Scan",
                              "Parent Relationship": "Outer",
                              "Parallel Aware": true,
                              "Relation Name": "movie_companies",
                              "Alias": "mc",
                              "Startup Cost": 0.0,
                              "Total Cost": 29310.68,
                              "Plan Rows": 337966,
                              "Plan Width": 4,
                              "Actual Startup Time": 8.308,
                              "Actual Total Time": 55.44,
                              "Actual Rows": 173562,
                              "Actual Loops": 6,
                              "Filter": "(company_id > 15193)",
                              "Rows Removed by Filter": 261292
                            },
                            {
                              "Node Type": "Hash",
                              "Parent Relationship": "Inner",
                              "Parallel Aware": true,
                              "Startup Cost": 43899.32,
                              "Total Cost": 43899.32,
                              "Plan Rows": 422289,
                              "Plan Width": 4,
                              "Actual Startup Time": 247.288,
                              "Actual Total Time": 247.289,
                              "Actual Rows": 278924,
                              "Actual Loops": 6,
                              "Hash Buckets": 2097152,
                              "Original Hash Buckets": 2097152,
                              "Hash Batches": 1,
                              "Original Hash Batches": 1,
                              "Peak Memory Usage": 81952,
                              "Plans": [
                                {
                                  "Node Type": "Seq Scan",
                                  "Parent Relationship": "Outer",
                                  "Parallel Aware": true,
                                  "Relation Name": "title",
                                  "Alias": "t",
                                  "Startup Cost": 0.0,
                                  "Total Cost": 43899.32,
                                  "Plan Rows": 422289,
                                  "Plan Width": 4,
                                  "Actual Startup Time": 0.048,
                                  "Actual Total Time": 104.085,
                                  "Actual Rows": 278924,
                                  "Actual Loops": 6,
                                  "Filter": "(production_year > 1993)",
                                  "Rows Removed by Filter": 142462
                                }
                              ]
                            }
                          ]
                        }
                      ]
                    }
                  ]
                }
              ]
            }
          ]
        }
      ]
    },
    "Planning Time": 0.663,
    "Triggers": [],
    "Execution Time": 934.161
  }
]