[
  {
    "Plan": {
      "Node Type": "Aggregate",
      "Strategy": "Plain",
      "Partial Mode": "Finalize",
      "Parallel Aware": false,
      "Startup Cost": 134239.72,
      "Total Cost": 134239.73,
      "Plan Rows": 1,
      "Plan Width": 8,
      "Actual Startup Time": 882.601,
      "Actual Total Time": 902.986,
      "Actual Rows": 1,
      "Actual Loops": 1,
      "Plans": [
        {
          "Node Type": "Gather",
          "Parent Relationship": "Outer",
          "Parallel Aware": false,
          "Startup Cost": 134239.4,
          "Total Cost": 134239.71,
          "Plan Rows": 3,
          "Plan Width": 8,
          "Actual Startup Time": 873.765,
          "Actual Total Time": 902.975,
          "Actual Rows": 4,
          "Actual Loops": 1,
          "Workers Planned": 3,
          "Workers Launched": 3,
          "Single Copy": false,
          "Plans": [
            {
              "Node Type": "Aggregate",
              "Strategy": "Plain",
              "Partial Mode": "Partial",
              "Parent Relationship": "Outer",
              "Parallel Aware": false,
              "Startup Cost": 133239.4,
              "Total Cost": 133239.41,
              "Plan Rows": 1,
              "Plan Width": 8,
              "Actual Startup Time": 861.166,
              "Actual Total Time": 861.608,
              "Actual Rows": 1,
              "Actual Loops": 4,
              "Plans": [
                {
                  "Node Type": "Hash Join",
                  "Parent Relationship": "Outer",
                  "Parallel Aware": true,
                  "Join Type": "Inner",
                  "Startup Cost": 85573.98,
                  "Total Cost": 131666.6,
                  "Plan Rows": 629122,
                  "Plan Width": 0,
                  "Actual Startup Time": 530.802,
                  "Actual Total Time": 813.602,
                  "Actual Rows": 1245560,
                  "Actual Loops": 4,
                  "Inner Unique": false,
                  "Hash Cond": "(mk.movie_id = t.id)",
                  "Plans": [
                    {
                      "Node Type": "Seq Scan",
                      "Parent Relationship": "Outer",
                      "Parallel Aware": true,
                      "Relation Name": "movie_keyword",
                      "Alias": "mk",
                      "Startup Cost": 0.0,
                      "Total Cost": 39047.32,
                      "Plan Rows": 1459332,
                      "Plan Width": 4,
                      "Actual Startup Time": 0.043,
                      "Actual Total Time": 86.342,
                      "Actual Rows": 1130982,
                      "Actual Loops": 4
                    },
                    {
                      "Node Type": "Hash",
                      "Parent Relationship": "Inner",
                      "Parallel Aware": true,
                      "Startup Cost": 82167.88,
                      "Total Cost": 82167.88,
                      "Plan Rows": 272488,
                      "Plan Width": 8,
                      "Actual Startup Time": 522.761,
                      "Actual Total Time": 523.201,
                      "Actual Rows": 216092,
                      "Actual Loops": 4,
                      "Hash Buckets": 2097152,
                      "Original Hash Buckets": 2097152,
                      "Hash Batches": 1,
                      "Original Hash Batches": 1,
                      "Peak Memory Usage": 50272,
                      "Plans": [
                        {
                          "Node Type": "Hash Join",
                          "Parent Relationship": "Outer",
                          "Parallel Aware": true,
                          "Join Type": "Inner",
                          "Startup Cost": 35809.79,
                          "Total Cost": 82167.88,
                          "Plan Rows": 272488,
                          "Plan Width": 8,
                          "Actual Startup Time": 168.925,
                          "Actual Total Time": 443.146,
                          "Actual Rows": 216092,
                          "Actual Loops": 4,
                          "Inner Unique": false,
                          "Hash Cond": "(t.id = mc.movie_id)",
                          "Plans": [
                            {
                              "Node Type": "Seq Scan",
                              "Parent Relationship": "Outer",
                              "Parallel Aware": true,
                              "Relation Name": "title",
                              "Alias": "t",
                              "Startup Cost": 0.0,
                              "Total Cost": 42318.73,
                              "Plan Rows": 632073,
                              "Plan Width": 4,
                              "Actual Startup Time": 0.009,
                              "Actual Total Time": 75.261,
                              "Actual Rows": 632078,
                              "Actual Loops": 4
                            },
                            {
                              "Node Type": "Hash",
                              "Parent Relationship": "Inner",
                              "Parallel Aware": true,
                              "Startup Cost": 31414.82,
                              "Total Cost": 31414.82,
                              "Plan Rows": 351598,
                              "Plan Width": 4,
                              "Actual Startup Time": 165.104,
                              "Actual Total Time": 165.105,
                              "Actual Rows": 216092,
                              "Actual Loops": 4,
                              "Hash Buckets": 2097152,
                              "Original Hash Buckets": 2097152,
                              "Hash Batches": 1,
                              "Original Hash Batches": 1,
                              "Peak Memory Usage": 50272,
                              "Plans": [
                                {
                                  "Node Type": "Seq Scan",
                                  "Parent Relationship": "Outer",
                                  "Parallel Aware": true,
                                  "Relation Name": "movie_companies",
                                  "Alias": "mc",
                                  "Startup Cost": 0.0,
                                  "Total Cost": 31414.82,
                                  "Plan Rows": 351598,
                                  "Plan Width": 4,
                                  "Actual Startup Time": 49.343,
                                  "Actual Total Time": 88.321,
                                  "Actual Rows": 216092,
                                  "Actual Loops": 4,
                                  "Filter": "((company_id < 75999) AND (company_type_id = 2))",
                                  "Rows Removed by Filter": 436190
                                }
                              ]
                            }
                          ]
                        }
                      ]
                    }
                  ]
                }
              ]
            }
          ]
        }
      ]
    },
    "Planning Time": 1.486,
    "Triggers": [],
    "Execution Time": 903.073
  }
]