{
  "Plan": {
    "Node Type": "Aggregate",
    "Strategy": "Plain",
    "Partial Mode": "Finalize",
    "Parallel Aware": false,
    "Startup Cost": 147413.51,
    "Total Cost": 147413.52,
    "Plan Rows": 1,
    "Plan Width": 8,
    "Actual Startup Time": 784.899,
    "Actual Total Time": 800.391,
    "Actual Rows": 1,
    "Actual Loops": 1,
    "Plans": [
      {
        "Node Type": "Gather",
        "Parent Relationship": "Outer",
        "Parallel Aware": false,
        "Startup Cost": 147413.4,
        "Total Cost": 147413.51,
        "Plan Rows": 1,
        "Plan Width": 8,
        "Actual Startup Time": 782.679,
        "Actual Total Time": 800.382,
        "Actual Rows": 2,
        "Actual Loops": 1,
        "Workers Planned": 1,
        "Workers Launched": 1,
        "Single Copy": false,
        "Plans": [
          {
            "Node Type": "Aggregate",
            "Strategy": "Plain",
            "Partial Mode": "Partial",
            "Parent Relationship": "Outer",
            "Parallel Aware": false,
            "Startup Cost": 146413.4,
            "Total Cost": 146413.41,
            "Plan Rows": 1,
            "Plan Width": 8,
            "Actual Startup Time": 777.27,
            "Actual Total Time": 777.564,
            "Actual Rows": 1,
            "Actual Loops": 2,
            "Plans": [
              {
                "Node Type": "Hash Join",
                "Parent Relationship": "Outer",
                "Parallel Aware": true,
                "Join Type": "Inner",
                "Startup Cost": 83517.67,
                "Total Cost": 146058.55,
                "Plan Rows": 141939,
                "Plan Width": 0,
                "Actual Startup Time": 421.472,
                "Actual Total Time": 741.171,
                "Actual Rows": 895644,
                "Actual Loops": 2,
                "Inner Unique": false,
                "Hash Cond": "(mk.movie_id = t.id)",
                "Plans": [
                  {
                    "Node Type": "Seq Scan",
                    "Parent Relationship": "Outer",
                    "Parallel Aware": true,
                    "Relation Name": "movie_keyword",
                    "Alias": "mk",
                    "Startup Cost": 0.0,
                    "Total Cost": 57718.19,
                    "Plan Rows": 1063401,
                    "Plan Width": 4,
                    "Actual Startup Time": 0.013,
                    "Actual Total Time": 166.639,
                    "Actual Rows": 909076,
                    "Actual Loops": 2,
                    "Filter": "(keyword_id < 2983)",
                    "Rows Removed by Filter": 1352889
                  },
                  {
                    "Node Type": "Hash",
                    "Parent Relationship": "Inner",
                    "Parallel Aware": true,
                    "Startup Cost": 81036.28,
                    "Total Cost": 81036.28,
                    "Plan Rows": 198511,
                    "Plan Width": 8,
                    "Actual Startup Time": 416.143,
                    "Actual Total Time": 416.435,
                    "Actual Rows": 259033,
                    "Actual Loops": 2,
                    "Hash Buckets": 524288,
                    "Original Hash Buckets": 524288,
                    "Hash Batches": 1,
                    "Original Hash Batches": 1,
                    "Peak Memory Usage": 24416,
                    "Plans": [
                      {
                        "Node Type": "Hash Join",
                        "Parent Relationship": "Outer",
                        "Parallel Aware": true,
                        "Join Type": "Inner",
                        "Startup Cost": 62852.49,
                        "Total Cost": 81036.28,
                        "Plan Rows": 198511,
                        "Plan Width": 8,
                        "Actual Startup Time": 218.137,
                        "Actual Total Time": 369.663,
                        "Actual Rows": 259033,
                        "Actual Loops": 2,
                        "Inner Unique": true,
                        "Hash Cond": "(mi_idx.movie_id = t.id)",
                        "Plans": [
                          {
                            "Node Type": "Seq Scan",
                            "Parent Relationship": "Outer",
                            "Parallel Aware": true,
                            "Relation Name": "movie_info_idx",
                            "Alias": "mi_idx",
                            "Startup Cost": 0.0,
                            "Total Cost": 16052.85,
                            "Plan Rows": 811785,
                            "Plan Width": 4,
                            "Actual Startup Time": 0.016,
                            "Actual Total Time": 47.061,
                            "Actual Rows": 690018,
                            "Actual Loops": 2
                          },
                          {
                            "Node Type": "Hash",
                            "Parent Relationship": "Inner",
                            "Parallel Aware": true,
                            "Startup Cost": 58306.47,
                            "Total Cost": 58306.47,
                            "Plan Rows": 363682,
                            "Plan Width": 4,
                            "Actual Startup Time": 211.65,
                            "Actual Total Time": 211.651,
                            "Actual Rows": 260188,
                            "Actual Loops": 2,
                            "Hash Buckets": 1048576,
                            "Original Hash Buckets": 1048576,
                            "Hash Batches": 1,
                            "Original Hash Batches": 1,
                            "Peak Memory Usage": 28576,
                            "Plans": [
                              {
                                "Node Type": "Seq Scan",
                                "Parent Relationship": "Outer",
                                "Parallel Aware": true,
                                "Relation Name": "title",
                                "Alias": "t",
                                "Startup Cost": 0.0,
                                "Total Cost": 58306.47,
                                "Plan Rows": 363682,
                                "Plan Width": 4,
                                "Actual Startup Time": 0.038,
                                "Actual Total Time": 142.778,
                                "Actual Rows": 260188,
                                "Actual Loops": 2,
                                "Filter": "((kind_id < 7) AND (production_year > 1996))",
                                "Rows Removed by Filter": 1003968
                              }
                            ]
                          }
                        ]
                      }
                    ]
                  }
                ]
              }
            ]
          }
        ]
      }
    ]
  },
  "Planning Time": 1.008,
  "Triggers": [],
  "Execution Time": 800.47
}