{
  "Plan": {
    "Node Type": "Aggregate",
    "Strategy": "Plain",
    "Partial Mode": "Finalize",
    "Parallel Aware": false,
    "Startup Cost": 392794.69,
    "Total Cost": 392794.7,
    "Plan Rows": 1,
    "Plan Width": 8,
    "Actual Startup Time": 360.463,
    "Actual Total Time": 395.786,
    "Actual Rows": 1,
    "Actual Loops": 1,
    "Plans": [
      {
        "Node Type": "Gather",
        "Parent Relationship": "Outer",
        "Parallel Aware": false,
        "Startup Cost": 392794.58,
        "Total Cost": 392794.69,
        "Plan Rows": 1,
        "Plan Width": 8,
        "Actual Startup Time": 359.804,
        "Actual Total Time": 395.777,
        "Actual Rows": 2,
        "Actual Loops": 1,
        "Workers Planned": 1,
        "Workers Launched": 1,
        "Single Copy": false,
        "Plans": [
          {
            "Node Type": "Aggregate",
            "Strategy": "Plain",
            "Partial Mode": "Partial",
            "Parent Relationship": "Outer",
            "Parallel Aware": false,
            "Startup Cost": 391794.58,
            "Total Cost": 391794.59,
            "Plan Rows": 1,
            "Plan Width": 8,
            "Actual Startup Time": 353.494,
            "Actual Total Time": 353.496,
            "Actual Rows": 1,
            "Actual Loops": 2,
            "Plans": [
              {
                "Node Type": "Nested Loop",
                "Parent Relationship": "Outer",
                "Parallel Aware": false,
                "Join Type": "Inner",
                "Startup Cost": 236.58,
                "Total Cost": 391412.19,
                "Plan Rows": 152958,
                "Plan Width": 0,
                "Actual Startup Time": 7.21,
                "Actual Total Time": 329.06,
                "Actual Rows": 473508,
                "Actual Loops": 2,
                "Inner Unique": false,
                "Join Filter": "(t.id = mi.movie_id)",
                "Rows Removed by Join Filter": 0,
                "Plans": [
                  {
                    "Node Type": "Nested Loop",
                    "Parent Relationship": "Outer",
                    "Parallel Aware": false,
                    "Join Type": "Inner",
                    "Startup Cost": 236.14,
                    "Total Cost": 346125.64,
                    "Plan Rows": 26159,
                    "Plan Width": 8,
                    "Actual Startup Time": 7.053,
                    "Actual Total Time": 109.561,
                    "Actual Rows": 20024,
                    "Actual Loops": 2,
                    "Inner Unique": false,
                    "Plans": [
                      {
                        "Node Type": "Bitmap Heap Scan",
                        "Parent Relationship": "Outer",
                        "Parallel Aware": true,
                        "Relation Name": "title",
                        "Alias": "t",
                        "Startup Cost": 235.58,
                        "Total Cost": 26194.92,
                        "Plan Rows": 2769,
                        "Plan Width": 4,
                        "Actual Startup Time": 6.873,
                        "Actual Total Time": 17.375,
                        "Actual Rows": 1344,
                        "Actual Loops": 2,
                        "Recheck Cond": "(kind_id = 6)",
                        "Rows Removed by Index Recheck": 0,
                        "Filter": "(production_year > 2006)",
                        "Rows Removed by Filter": 4956,
                        "Exact Heap Blocks": 5648,
                        "Lossy Heap Blocks": 0,
                        "Plans": [
                          {
                            "Node Type": "Bitmap Index Scan",
                            "Parent Relationship": "Outer",
                            "Parallel Aware": false,
                            "Index Name": "kind_id_title",
                            "Startup Cost": 0.0,
                            "Total Cost": 234.4,
                            "Plan Rows": 13063,
                            "Plan Width": 0,
                            "Actual Startup Time": 7.843,
                            "Actual Total Time": 7.843,
                            "Actual Rows": 12600,
                            "Actual Loops": 1,
                            "Index Cond": "(kind_id = 6)"
                          }
                        ]
                      },
                      {
                        "Node Type": "Index Scan",
                        "Parent Relationship": "Inner",
                        "Parallel Aware": false,
                        "Scan Direction": "Forward",
                        "Index Name": "movie_id_cast_info",
                        "Relation Name": "cast_info",
                        "Alias": "ci",
                        "Startup Cost": 0.56,
                        "Total Cost": 115.3,
                        "Plan Rows": 24,
                        "Plan Width": 4,
                        "Actual Startup Time": 0.01,
                        "Actual Total Time": 0.067,
                        "Actual Rows": 15,
                        "Actual Loops": 2687,
                        "Index Cond": "(movie_id = t.id)",
                        "Rows Removed by Index Recheck": 0,
                        "Filter": "(role_id < 4)",
                        "Rows Removed by Filter": 12
                      }
                    ]
                  },
                  {
                    "Node Type": "Index Only Scan",
                    "Parent Relationship": "Inner",
                    "Parallel Aware": false,
                    "Scan Direction": "Forward",
                    "Index Name": "movie_id_movie_info",
                    "Relation Name": "movie_info",
                    "Alias": "mi",
                    "Startup Cost": 0.43,
                    "Total Cost": 1.21,
                    "Plan Rows": 42,
                    "Plan Width": 4,
                    "Actual Startup Time": 0.003,
                    "Actual Total Time": 0.008,
                    "Actual Rows": 24,
                    "Actual Loops": 40049,
                    "Index Cond": "(movie_id = ci.movie_id)",
                    "Rows Removed by Index Recheck": 0,
                    "Heap Fetches": 947016
                  }
                ]
              }
            ]
          }
        ]
      }
    ]
  },
  "Planning Time": 1.016,
  "Triggers": [],
  "Execution Time": 395.9
}