[
  {
    "Plan": {
      "Node Type": "Aggregate",
      "Strategy": "Plain",
      "Partial Mode": "Finalize",
      "Parallel Aware": false,
      "Startup Cost": 252103.62,
      "Total Cost": 252103.63,
      "Plan Rows": 1,
      "Plan Width": 8,
      "Actual Startup Time": 734.838,
      "Actual Total Time": 773.432,
      "Actual Rows": 1,
      "Actual Loops": 1,
      "Plans": [
        {
          "Node Type": "Gather",
          "Parent Relationship": "Outer",
          "Parallel Aware": false,
          "Startup Cost": 252103.1,
          "Total Cost": 252103.61,
          "Plan Rows": 5,
          "Plan Width": 8,
          "Actual Startup Time": 732.973,
          "Actual Total Time": 773.414,
          "Actual Rows": 6,
          "Actual Loops": 1,
          "Workers Planned": 5,
          "Workers Launched": 5,
          "Single Copy": false,
          "Plans": [
            {
              "Node Type": "Aggregate",
              "Strategy": "Plain",
              "Partial Mode": "Partial",
              "Parent Relationship": "Outer",
              "Parallel Aware": false,
              "Startup Cost": 251103.1,
              "Total Cost": 251103.11,
              "Plan Rows": 1,
              "Plan Width": 8,
              "Actual Startup Time": 724.899,
              "Actual Total Time": 724.902,
              "Actual Rows": 1,
              "Actual Loops": 6,
              "Plans": [
                {
                  "Node Type": "Hash Join",
                  "Parent Relationship": "Outer",
                  "Parallel Aware": true,
                  "Join Type": "Inner",
                  "Startup Cost": 46304.72,
                  "Total Cost": 250588.37,
                  "Plan Rows": 205892,
                  "Plan Width": 0,
                  "Actual Startup Time": 138.27,
                  "Actual Total Time": 701.904,
                  "Actual Rows": 535948,
                  "Actual Loops": 6,
                  "Inner Unique": true,
                  "Hash Cond": "(mi.movie_id = t.id)",
                  "Plans": [
                    {
                      "Node Type": "Seq Scan",
                      "Parent Relationship": "Outer",
                      "Parallel Aware": true,
                      "Relation Name": "movie_info",
                      "Alias": "mi",
                      "Startup Cost": 0.0,
                      "Total Cost": 199108.24,
                      "Plan Rows": 1971577,
                      "Plan Width": 4,
                      "Actual Startup Time": 15.823,
                      "Actual Total Time": 336.748,
                      "Actual Rows": 1651959,
                      "Actual Loops": 6,
                      "Filter": "(info_type_id > 4)",
                      "Rows Removed by Filter": 820661
                    },
                    {
                      "Node Type": "Hash",
                      "Parent Relationship": "Inner",
                      "Parallel Aware": true,
                      "Startup Cost": 45479.59,
                      "Total Cost": 45479.59,
                      "Plan Rows": 66011,
                      "Plan Width": 4,
                      "Actual Startup Time": 106.948,
                      "Actual Total Time": 106.95,
                      "Actual Rows": 62366,
                      "Actual Loops": 6,
                      "Hash Buckets": 524288,
                      "Original Hash Buckets": 524288,
                      "Hash Batches": 1,
                      "Original Hash Batches": 1,
                      "Peak Memory Usage": 18816,
                      "Plans": [
                        {
                          "Node Type": "Seq Scan",
                          "Parent Relationship": "Outer",
                          "Parallel Aware": true,
                          "Relation Name": "title",
                          "Alias": "t",
                          "Startup Cost": 0.0,
                          "Total Cost": 45479.59,
                          "Plan Rows": 66011,
                          "Plan Width": 4,
                          "Actual Startup Time": 50.087,
                          "Actual Total Time": 82.435,
                          "Actual Rows": 62366,
                          "Actual Loops": 6,
                          "Filter": "((production_year < 2000) AND (kind_id = 1))",
                          "Rows Removed by Filter": 359019
                        }
                      ]
                    }
                  ]
                }
              ]
            }
          ]
        }
      ]
    },
    "Planning Time": 0.354,
    "Triggers": [],
    "Execution Time": 773.483
  }
]