[
  {
    "Plan": {
      "Node Type": "Aggregate",
      "Strategy": "Plain",
      "Partial Mode": "Finalize",
      "Parallel Aware": false,
      "Startup Cost": 259950.08,
      "Total Cost": 259950.09,
      "Plan Rows": 1,
      "Plan Width": 8,
      "Actual Startup Time": 620.59,
      "Actual Total Time": 637.662,
      "Actual Rows": 1,
      "Actual Loops": 1,
      "Plans": [
        {
          "Node Type": "Gather",
          "Parent Relationship": "Outer",
          "Parallel Aware": false,
          "Startup Cost": 259949.76,
          "Total Cost": 259950.07,
          "Plan Rows": 3,
          "Plan Width": 8,
          "Actual Startup Time": 614.962,
          "Actual Total Time": 637.651,
          "Actual Rows": 4,
          "Actual Loops": 1,
          "Workers Planned": 3,
          "Workers Launched": 3,
          "Single Copy": false,
          "Plans": [
            {
              "Node Type": "Aggregate",
              "Strategy": "Plain",
              "Partial Mode": "Partial",
              "Parent Relationship": "Outer",
              "Parallel Aware": false,
              "Startup Cost": 258949.76,
              "Total Cost": 258949.77,
              "Plan Rows": 1,
              "Plan Width": 8,
              "Actual Startup Time": 605.486,
              "Actual Total Time": 605.597,
              "Actual Rows": 1,
              "Actual Loops": 4,
              "Plans": [
                {
                  "Node Type": "Hash Join",
                  "Parent Relationship": "Outer",
                  "Parallel Aware": true,
                  "Join Type": "Inner",
                  "Startup Cost": 227956.56,
                  "Total Cost": 258599.51,
                  "Plan Rows": 140099,
                  "Plan Width": 0,
                  "Actual Startup Time": 408.774,
                  "Actual Total Time": 592.625,
                  "Actual Rows": 328645,
                  "Actual Loops": 4,
                  "Inner Unique": false,
                  "Hash Cond": "(mc.movie_id = t.id)",
                  "Plans": [
                    {
                      "Node Type": "Seq Scan",
                      "Parent Relationship": "Outer",
                      "Parallel Aware": true,
                      "Relation Name": "movie_companies",
                      "Alias": "mc",
                      "Startup Cost": 0.0,
                      "Total Cost": 27206.55,
                      "Plan Rows": 841655,
                      "Plan Width": 4,
                      "Actual Startup Time": 0.018,
                      "Actual Total Time": 58.209,
                      "Actual Rows": 652282,
                      "Actual Loops": 4
                    },
                    {
                      "Node Type": "Hash",
                      "Parent Relationship": "Inner",
                      "Parallel Aware": true,
                      "Startup Cost": 226904.44,
                      "Total Cost": 226904.44,
                      "Plan Rows": 84170,
                      "Plan Width": 8,
                      "Actual Startup Time": 405.44,
                      "Actual Total Time": 405.549,
                      "Actual Rows": 119490,
                      "Actual Loops": 4,
                      "Hash Buckets": 524288,
                      "Original Hash Buckets": 524288,
                      "Hash Batches": 1,
                      "Original Hash Batches": 1,
                      "Peak Memory Usage": 22848,
                      "Plans": [
                        {
                          "Node Type": "Hash Join",
                          "Parent Relationship": "Outer",
                          "Parallel Aware": true,
                          "Join Type": "Inner",
                          "Startup Cost": 62502.49,
                          "Total Cost": 226904.44,
                          "Plan Rows": 84170,
                          "Plan Width": 8,
                          "Actual Startup Time": 267.476,
                          "Actual Total Time": 370.687,
                          "Actual Rows": 119490,
                          "Actual Loops": 4,
                          "Inner Unique": true,
                          "Hash Cond": "(mi.movie_id = t.id)",
                          "Plans": [
                            {
                              "Node Type": "Bitmap Heap Scan",
                              "Parent Relationship": "Outer",
                              "Parallel Aware": true,
                              "Relation Name": "movie_info",
                              "Alias": "mi",
                              "Startup Cost": 14428.12,
                              "Total Cost": 178411.99,
                              "Plan Rows": 159269,
                              "Plan Width": 4,
                              "Actual Startup Time": 28.464,
                              "Actual Total Time": 52.98,
                              "Actual Rows": 200535,
                              "Actual Loops": 4,
                              "Recheck Cond": "(info_type_id = 1)",
                              "Rows Removed by Index Recheck": 0,
                              "Exact Heap Blocks": 1368,
                              "Lossy Heap Blocks": 0,
                              "Plans": [
                                {
                                  "Node Type": "Bitmap Index Scan",
                                  "Parent Relationship": "Outer",
                                  "Parallel Aware": false,
                                  "Index Name": "info_type_id_movie_info",
                                  "Startup Cost": 0.0,
                                  "Total Cost": 14229.04,
                                  "Plan Rows": 796347,
                                  "Plan Width": 0,
                                  "Actual Startup Time": 27.746,
                                  "Actual Total Time": 27.746,
                                  "Actual Rows": 802140,
                                  "Actual Loops": 1,
                                  "Index Cond": "(info_type_id = 1)"
                                }
                              ]
                            },
                            {
                              "Node Type": "Hash",
                              "Parent Relationship": "Inner",
                              "Parallel Aware": true,
                              "Startup Cost": 43898.92,
                              "Total Cost": 43898.92,
                              "Plan Rows": 334036,
                              "Plan Width": 4,
                              "Actual Startup Time": 233.56,
                              "Actual Total Time": 233.56,
                              "Actual Rows": 337073,
                              "Actual Loops": 4,
                              "Hash Buckets": 2097152,
                              "Original Hash Buckets": 2097152,
                              "Hash Batches": 1,
                              "Original Hash Batches": 1,
                              "Peak Memory Usage": 69216,
                              "Plans": [
                                {
                                  "Node Type": "Seq Scan",
                                  "Parent Relationship": "Outer",
                                  "Parallel Aware": true,
                                  "Relation Name": "title",
                                  "Alias": "t",
                                  "Startup Cost": 0.0,
                                  "Total Cost": 43898.92,
                                  "Plan Rows": 334036,
                                  "Plan Width": 4,
                                  "Actual Startup Time": 0.049,
                                  "Actual Total Time": 107.814,
                                  "Actual Rows": 337073,
                                  "Actual Loops": 4,
                                  "Filter": "(production_year < 2005)",
                                  "Rows Removed by Filter": 295005
                                }
                              ]
                            }
                          ]
                        }
                      ]
                    }
                  ]
                }
              ]
            }
          ]
        }
      ]
    },
    "Planning Time": 1.291,
    "Triggers": [],
    "Execution Time": 637.761
  }
]