[
  {
    "Plan": {
      "Node Type": "Aggregate",
      "Strategy": "Plain",
      "Partial Mode": "Finalize",
      "Parallel Aware": false,
      "Startup Cost": 400562.89,
      "Total Cost": 400562.9,
      "Plan Rows": 1,
      "Plan Width": 8,
      "Actual Startup Time": 2900.709,
      "Actual Total Time": 2970.223,
      "Actual Rows": 1,
      "Actual Loops": 1,
      "Plans": [
        {
          "Node Type": "Gather",
          "Parent Relationship": "Outer",
          "Parallel Aware": false,
          "Startup Cost": 400562.27,
          "Total Cost": 400562.88,
          "Plan Rows": 6,
          "Plan Width": 8,
          "Actual Startup Time": 2894.892,
          "Actual Total Time": 2970.208,
          "Actual Rows": 7,
          "Actual Loops": 1,
          "Workers Planned": 6,
          "Workers Launched": 6,
          "Single Copy": false,
          "Plans": [
            {
              "Node Type": "Aggregate",
              "Strategy": "Plain",
              "Partial Mode": "Partial",
              "Parent Relationship": "Outer",
              "Parallel Aware": false,
              "Startup Cost": 399562.27,
              "Total Cost": 399562.28,
              "Plan Rows": 1,
              "Plan Width": 8,
              "Actual Startup Time": 2881.912,
              "Actual Total Time": 2881.917,
              "Actual Rows": 1,
              "Actual Loops": 7,
              "Plans": [
                {
                  "Node Type": "Hash Join",
                  "Parent Relationship": "Outer",
                  "Parallel Aware": true,
                  "Join Type": "Inner",
                  "Startup Cost": 49708.07,
                  "Total Cost": 392238.04,
                  "Plan Rows": 2929690,
                  "Plan Width": 0,
                  "Actual Startup Time": 259.106,
                  "Actual Total Time": 2737.573,
                  "Actual Rows": 2669760,
                  "Actual Loops": 7,
                  "Inner Unique": true,
                  "Hash Cond": "(ci.movie_id = t.id)",
                  "Plans": [
                    {
                      "Node Type": "Seq Scan",
                      "Parent Relationship": "Outer",
                      "Parallel Aware": true,
                      "Relation Name": "cast_info",
                      "Alias": "ci",
                      "Startup Cost": 0.0,
                      "Total Cost": 328162.03,
                      "Plan Rows": 5473493,
                      "Plan Width": 4,
                      "Actual Startup Time": 44.173,
                      "Actual Total Time": 780.529,
                      "Actual Rows": 4677371,
                      "Actual Loops": 7,
                      "Filter": "(person_id > 335678)",
                      "Rows Removed by Filter": 500392
                    },
                    {
                      "Node Type": "Hash",
                      "Parent Relationship": "Inner",
                      "Parallel Aware": true,
                      "Startup Cost": 45479.1,
                      "Total Cost": 45479.1,
                      "Plan Rows": 338318,
                      "Plan Width": 4,
                      "Actual Startup Time": 210.428,
                      "Actual Total Time": 210.429,
                      "Actual Rows": 204573,
                      "Actual Loops": 7,
                      "Hash Buckets": 2097152,
                      "Original Hash Buckets": 2097152,
                      "Hash Batches": 1,
                      "Original Hash Batches": 1,
                      "Peak Memory Usage": 72544,
                      "Plans": [
                        {
                          "Node Type": "Seq Scan",
                          "Parent Relationship": "Outer",
                          "Parallel Aware": true,
                          "Relation Name": "title",
                          "Alias": "t",
                          "Startup Cost": 0.0,
                          "Total Cost": 45479.1,
                          "Plan Rows": 338318,
                          "Plan Width": 4,
                          "Actual Startup Time": 0.055,
                          "Actual Total Time": 97.678,
                          "Actual Rows": 204573,
                          "Actual Loops": 7,
                          "Filter": "((production_year > 1959) AND (kind_id = 7))",
                          "Rows Removed by Filter": 156614
                        }
                      ]
                    }
                  ]
                }
              ]
            }
          ]
        }
      ]
    },
    "Planning Time": 0.534,
    "Triggers": [],
    "Execution Time": 2970.307
  }
]