{
  "Plan": {
    "Node Type": "Aggregate",
    "Strategy": "Plain",
    "Partial Mode": "Finalize",
    "Parallel Aware": false,
    "Startup Cost": 20412.46,
    "Total Cost": 20412.47,
    "Plan Rows": 1,
    "Plan Width": 8,
    "Actual Startup Time": 40.327,
    "Actual Total Time": 45.472,
    "Actual Rows": 1,
    "Actual Loops": 1,
    "Plans": [
      {
        "Node Type": "Gather",
        "Parent Relationship": "Outer",
        "Parallel Aware": false,
        "Startup Cost": 20412.35,
        "Total Cost": 20412.46,
        "Plan Rows": 1,
        "Plan Width": 8,
        "Actual Startup Time": 40.102,
        "Actual Total Time": 45.465,
        "Actual Rows": 2,
        "Actual Loops": 1,
        "Workers Planned": 1,
        "Workers Launched": 1,
        "Single Copy": false,
        "Plans": [
          {
            "Node Type": "Aggregate",
            "Strategy": "Plain",
            "Partial Mode": "Partial",
            "Parent Relationship": "Outer",
            "Parallel Aware": false,
            "Startup Cost": 19412.35,
            "Total Cost": 19412.36,
            "Plan Rows": 1,
            "Plan Width": 8,
            "Actual Startup Time": 34.022,
            "Actual Total Time": 34.024,
            "Actual Rows": 1,
            "Actual Loops": 2,
            "Plans": [
              {
                "Node Type": "Nested Loop",
                "Parent Relationship": "Outer",
                "Parallel Aware": false,
                "Join Type": "Inner",
                "Startup Cost": 81.14,
                "Total Cost": 19411.51,
                "Plan Rows": 333,
                "Plan Width": 0,
                "Actual Startup Time": 2.093,
                "Actual Total Time": 33.868,
                "Actual Rows": 686,
                "Actual Loops": 2,
                "Inner Unique": false,
                "Plans": [
                  {
                    "Node Type": "Nested Loop",
                    "Parent Relationship": "Outer",
                    "Parallel Aware": false,
                    "Join Type": "Inner",
                    "Startup Cost": 80.71,
                    "Total Cost": 17679.53,
                    "Plan Rows": 1058,
                    "Plan Width": 8,
                    "Actual Startup Time": 1.64,
                    "Actual Total Time": 14.019,
                    "Actual Rows": 974,
                    "Actual Loops": 2,
                    "Inner Unique": true,
                    "Plans": [
                      {
                        "Node Type": "Bitmap Heap Scan",
                        "Parent Relationship": "Outer",
                        "Parallel Aware": true,
                        "Relation Name": "movie_companies",
                        "Alias": "mc",
                        "Startup Cost": 80.28,
                        "Total Cost": 9226.95,
                        "Plan Rows": 1058,
                        "Plan Width": 4,
                        "Actual Startup Time": 1.493,
                        "Actual Total Time": 4.731,
                        "Actual Rows": 974,
                        "Actual Loops": 2,
                        "Recheck Cond": "(company_id = 181)",
                        "Rows Removed by Index Recheck": 0,
                        "Filter": "(company_type_id < 2)",
                        "Rows Removed by Filter": 716,
                        "Exact Heap Blocks": 989,
                        "Lossy Heap Blocks": 0,
                        "Plans": [
                          {
                            "Node Type": "Bitmap Index Scan",
                            "Parent Relationship": "Outer",
                            "Parallel Aware": false,
                            "Index Name": "company_id_movie_companies",
                            "Startup Cost": 0.0,
                            "Total Cost": 79.83,
                            "Plan Rows": 3653,
                            "Plan Width": 0,
                            "Actual Startup Time": 2.32,
                            "Actual Total Time": 2.32,
                            "Actual Rows": 3380,
                            "Actual Loops": 1,
                            "Index Cond": "(company_id = 181)"
                          }
                        ]
                      },
                      {
                        "Node Type": "Index Only Scan",
                        "Parent Relationship": "Inner",
                        "Parallel Aware": false,
                        "Scan Direction": "Forward",
                        "Index Name": "title_pkey",
                        "Relation Name": "title",
                        "Alias": "t",
                        "Startup Cost": 0.43,
                        "Total Cost": 7.99,
                        "Plan Rows": 1,
                        "Plan Width": 4,
                        "Actual Startup Time": 0.009,
                        "Actual Total Time": 0.009,
                        "Actual Rows": 1,
                        "Actual Loops": 1947,
                        "Index Cond": "(id = mc.movie_id)",
                        "Rows Removed by Index Recheck": 0,
                        "Heap Fetches": 1947
                      }
                    ]
                  },
                  {
                    "Node Type": "Index Scan",
                    "Parent Relationship": "Inner",
                    "Parallel Aware": false,
                    "Scan Direction": "Forward",
                    "Index Name": "movie_id_movie_info",
                    "Relation Name": "movie_info",
                    "Alias": "mi",
                    "Startup Cost": 0.43,
                    "Total Cost": 1.62,
                    "Plan Rows": 2,
                    "Plan Width": 4,
                    "Actual Startup Time": 0.012,
                    "Actual Total Time": 0.02,
                    "Actual Rows": 1,
                    "Actual Loops": 1947,
                    "Index Cond": "(movie_id = t.id)",
                    "Rows Removed by Index Recheck": 0,
                    "Filter": "(info_type_id = 1)",
                    "Rows Removed by Filter": 6
                  }
                ]
              }
            ]
          }
        ]
      }
    ]
  },
  "Planning Time": 0.951,
  "Triggers": [],
  "Execution Time": 45.57
}