[
  {
    "Plan": {
      "Node Type": "Aggregate",
      "Strategy": "Plain",
      "Partial Mode": "Finalize",
      "Parallel Aware": false,
      "Startup Cost": 82309.54,
      "Total Cost": 82309.55,
      "Plan Rows": 1,
      "Plan Width": 8,
      "Actual Startup Time": 415.741,
      "Actual Total Time": 437.118,
      "Actual Rows": 1,
      "Actual Loops": 1,
      "Plans": [
        {
          "Node Type": "Gather",
          "Parent Relationship": "Outer",
          "Parallel Aware": false,
          "Startup Cost": 82309.12,
          "Total Cost": 82309.53,
          "Plan Rows": 4,
          "Plan Width": 8,
          "Actual Startup Time": 410.676,
          "Actual Total Time": 437.108,
          "Actual Rows": 5,
          "Actual Loops": 1,
          "Workers Planned": 4,
          "Workers Launched": 4,
          "Single Copy": false,
          "Plans": [
            {
              "Node Type": "Aggregate",
              "Strategy": "Plain",
              "Partial Mode": "Partial",
              "Parent Relationship": "Outer",
              "Parallel Aware": false,
              "Startup Cost": 81309.12,
              "Total Cost": 81309.13,
              "Plan Rows": 1,
              "Plan Width": 8,
              "Actual Startup Time": 402.42,
              "Actual Total Time": 402.425,
              "Actual Rows": 1,
              "Actual Loops": 5,
              "Plans": [
                {
                  "Node Type": "Hash Join",
                  "Parent Relationship": "Outer",
                  "Parallel Aware": true,
                  "Join Type": "Inner",
                  "Startup Cost": 34673.27,
                  "Total Cost": 80804.06,
                  "Plan Rows": 202024,
                  "Plan Width": 0,
                  "Actual Startup Time": 150.476,
                  "Actual Total Time": 391.933,
                  "Actual Rows": 205413,
                  "Actual Loops": 5,
                  "Inner Unique": false,
                  "Hash Cond": "(t.id = mc.movie_id)",
                  "Plans": [
                    {
                      "Node Type": "Seq Scan",
                      "Parent Relationship": "Outer",
                      "Parallel Aware": true,
                      "Relation Name": "title",
                      "Alias": "t",
                      "Startup Cost": 0.0,
                      "Total Cost": 42318.73,
                      "Plan Rows": 632073,
                      "Plan Width": 4,
                      "Actual Startup Time": 0.014,
                      "Actual Total Time": 70.008,
                      "Actual Rows": 505662,
                      "Actual Loops": 5
                    },
                    {
                      "Node Type": "Hash",
                      "Parent Relationship": "Inner",
                      "Parallel Aware": true,
                      "Startup Cost": 31414.82,
                      "Total Cost": 31414.82,
                      "Plan Rows": 260676,
                      "Plan Width": 4,
                      "Actual Startup Time": 146.482,
                      "Actual Total Time": 146.484,
                      "Actual Rows": 205413,
                      "Actual Loops": 5,
                      "Hash Buckets": 1048576,
                      "Original Hash Buckets": 1048576,
                      "Hash Batches": 1,
                      "Original Hash Batches": 1,
                      "Peak Memory Usage": 48448,
                      "Plans": [
                        {
                          "Node Type": "Seq Scan",
                          "Parent Relationship": "Outer",
                          "Parallel Aware": true,
                          "Relation Name": "movie_companies",
                          "Alias": "mc",
                          "Startup Cost": 0.0,
                          "Total Cost": 31414.82,
                          "Plan Rows": 260676,
                          "Plan Width": 4,
                          "Actual Startup Time": 42.174,
                          "Actual Total Time": 80.057,
                          "Actual Rows": 205413,
                          "Actual Loops": 5,
                          "Filter": "((company_id > 5221) AND (company_type_id = 2))",
                          "Rows Removed by Filter": 316412
                        }
                      ]
                    }
                  ]
                }
              ]
            }
          ]
        }
      ]
    },
    "Planning Time": 0.647,
    "Triggers": [],
    "Execution Time": 437.19
  }
]