[
  {
    "Plan": {
      "Node Type": "Aggregate",
      "Strategy": "Plain",
      "Partial Mode": "Finalize",
      "Parallel Aware": false,
      "Startup Cost": 346603.32,
      "Total Cost": 346603.33,
      "Plan Rows": 1,
      "Plan Width": 8,
      "Actual Startup Time": 630.747,
      "Actual Total Time": 688.541,
      "Actual Rows": 1,
      "Actual Loops": 1,
      "Plans": [
        {
          "Node Type": "Gather",
          "Parent Relationship": "Outer",
          "Parallel Aware": false,
          "Startup Cost": 346602.69,
          "Total Cost": 346603.3,
          "Plan Rows": 6,
          "Plan Width": 8,
          "Actual Startup Time": 630.632,
          "Actual Total Time": 688.531,
          "Actual Rows": 7,
          "Actual Loops": 1,
          "Workers Planned": 6,
          "Workers Launched": 6,
          "Single Copy": false,
          "Plans": [
            {
              "Node Type": "Aggregate",
              "Strategy": "Plain",
              "Partial Mode": "Partial",
              "Parent Relationship": "Outer",
              "Parallel Aware": false,
              "Startup Cost": 345602.69,
              "Total Cost": 345602.7,
              "Plan Rows": 1,
              "Plan Width": 8,
              "Actual Startup Time": 620.872,
              "Actual Total Time": 620.873,
              "Actual Rows": 1,
              "Actual Loops": 7,
              "Plans": [
                {
                  "Node Type": "Seq Scan",
                  "Parent Relationship": "Outer",
                  "Parallel Aware": true,
                  "Relation Name": "cast_info",
                  "Alias": "ci",
                  "Startup Cost": 0.0,
                  "Total Cost": 343257.03,
                  "Plan Rows": 938265,
                  "Plan Width": 0,
                  "Actual Startup Time": 337.497,
                  "Actual Total Time": 600.144,
                  "Actual Rows": 491462,
                  "Actual Loops": 7,
                  "Filter": "((person_id < 1224891) AND (role_id > 2))",
                  "Rows Removed by Filter": 4686301
                }
              ]
            }
          ]
        }
      ]
    },
    "Planning Time": 0.227,
    "Triggers": [],
    "Execution Time": 688.618
  }
]