[
  {
    "Plan": {
      "Node Type": "Aggregate",
      "Strategy": "Plain",
      "Partial Mode": "Finalize",
      "Parallel Aware": false,
      "Startup Cost": 121712.52,
      "Total Cost": 121712.53,
      "Plan Rows": 1,
      "Plan Width": 8,
      "Actual Startup Time": 407.213,
      "Actual Total Time": 428.898,
      "Actual Rows": 1,
      "Actual Loops": 1,
      "Plans": [
        {
          "Node Type": "Gather",
          "Parent Relationship": "Outer",
          "Parallel Aware": false,
          "Startup Cost": 121712.2,
          "Total Cost": 121712.51,
          "Plan Rows": 3,
          "Plan Width": 8,
          "Actual Startup Time": 406.299,
          "Actual Total Time": 428.877,
          "Actual Rows": 4,
          "Actual Loops": 1,
          "Workers Planned": 3,
          "Workers Launched": 3,
          "Single Copy": false,
          "Plans": [
            {
              "Node Type": "Aggregate",
              "Strategy": "Plain",
              "Partial Mode": "Partial",
              "Parent Relationship": "Outer",
              "Parallel Aware": false,
              "Startup Cost": 120712.2,
              "Total Cost": 120712.21,
              "Plan Rows": 1,
              "Plan Width": 8,
              "Actual Startup Time": 396.821,
              "Actual Total Time": 396.828,
              "Actual Rows": 1,
              "Actual Loops": 4,
              "Plans": [
                {
                  "Node Type": "Hash Join",
                  "Parent Relationship": "Outer",
                  "Parallel Aware": true,
                  "Join Type": "Inner",
                  "Startup Cost": 75854.59,
                  "Total Cost": 120543.3,
                  "Plan Rows": 67560,
                  "Plan Width": 0,
                  "Actual Startup Time": 230.753,
                  "Actual Total Time": 396.133,
                  "Actual Rows": 17074,
                  "Actual Loops": 4,
                  "Inner Unique": false,
                  "Hash Cond": "(mk.movie_id = t.id)",
                  "Plans": [
                    {
                      "Node Type": "Seq Scan",
                      "Parent Relationship": "Outer",
                      "Parallel Aware": true,
                      "Relation Name": "movie_keyword",
                      "Alias": "mk",
                      "Startup Cost": 0.0,
                      "Total Cost": 39047.32,
                      "Plan Rows": 1459332,
                      "Plan Width": 4,
                      "Actual Startup Time": 0.031,
                      "Actual Total Time": 87.039,
                      "Actual Rows": 1130982,
                      "Actual Loops": 4
                    },
                    {
                      "Node Type": "Hash",
                      "Parent Relationship": "Inner",
                      "Parallel Aware": true,
                      "Startup Cost": 75488.81,
                      "Total Cost": 75488.81,
                      "Plan Rows": 29262,
                      "Plan Width": 8,
                      "Actual Startup Time": 228.876,
                      "Actual Total Time": 228.881,
                      "Actual Rows": 11790,
                      "Actual Loops": 4,
                      "Hash Buckets": 131072,
                      "Original Hash Buckets": 131072,
                      "Hash Batches": 1,
                      "Original Hash Batches": 1,
                      "Peak Memory Usage": 2944,
                      "Plans": [
                        {
                          "Node Type": "Hash Join",
                          "Parent Relationship": "Outer",
                          "Parallel Aware": true,
                          "Join Type": "Inner",
                          "Startup Cost": 29574.43,
                          "Total Cost": 75488.81,
                          "Plan Rows": 29262,
                          "Plan Width": 8,
                          "Actual Startup Time": 93.977,
                          "Actual Total Time": 224.167,
                          "Actual Rows": 11790,
                          "Actual Loops": 4,
                          "Inner Unique": false,
                          "Hash Cond": "(t.id = mc.movie_id)",
                          "Plans": [
                            {
                              "Node Type": "Seq Scan",
                              "Parent Relationship": "Outer",
                              "Parallel Aware": true,
                              "Relation Name": "title",
                              "Alias": "t",
                              "Startup Cost": 0.0,
                              "Total Cost": 43898.92,
                              "Plan Rows": 384216,
                              "Plan Width": 4,
                              "Actual Startup Time": 0.011,
                              "Actual Total Time": 84.772,
                              "Actual Rows": 385816,
                              "Actual Loops": 4,
                              "Filter": "(kind_id = 7)",
                              "Rows Removed by Filter": 246262
                            },
                            {
                              "Node Type": "Hash",
                              "Parent Relationship": "Inner",
                              "Parallel Aware": true,
                              "Startup Cost": 28797.99,
                              "Total Cost": 28797.99,
                              "Plan Rows": 62115,
                              "Plan Width": 4,
                              "Actual Startup Time": 92.727,
                              "Actual Total Time": 92.728,
                              "Actual Rows": 21758,
                              "Actual Loops": 4,
                              "Hash Buckets": 262144,
                              "Original Hash Buckets": 262144,
                              "Hash Batches": 1,
                              "Original Hash Batches": 1,
                              "Peak Memory Usage": 5504,
                              "Plans": [
                                {
                                  "Node Type": "Bitmap Heap Scan",
                                  "Parent Relationship": "Outer",
                                  "Parallel Aware": true,
                                  "Relation Name": "movie_companies",
                                  "Alias": "mc",
                                  "Startup Cost": 8172.92,
                                  "Total Cost": 28797.99,
                                  "Plan Rows": 62115,
                                  "Plan Width": 4,
                                  "Actual Startup Time": 71.847,
                                  "Actual Total Time": 86.145,
                                  "Actual Rows": 21758,
                                  "Actual Loops": 4,
                                  "Recheck Cond": "(company_id < 225)",
                                  "Rows Removed by Index Recheck": 0,
                                  "Filter": "(company_type_id = 2)",
                                  "Rows Removed by Filter": 72397,
                                  "Exact Heap Blocks": 9370,
                                  "Lossy Heap Blocks": 0,
                                  "Plans": [
                                    {
                                      "Node Type": "Bitmap Index Scan",
                                      "Parent Relationship": "Outer",
                                      "Parallel Aware": false,
                                      "Index Name": "company_id_movie_companies",
                                      "Startup Cost": 0.0,
                                      "Total Cost": 8124.78,
                                      "Plan Rows": 379247,
                                      "Plan Width": 0,
                                      "Actual Startup Time": 31.12,
                                      "Actual Total Time": 31.12,
                                      "Actual Rows": 376622,
                                      "Actual Loops": 1,
                                      "Index Cond": "(company_id < 225)"
                                    }
                                  ]
                                }
                              ]
                            }
                          ]
                        }
                      ]
                    }
                  ]
                }
              ]
            }
          ]
        }
      ]
    },
    "Planning Time": 1.48,
    "Triggers": [],
    "Execution Time": 429.008
  }
]