{
  "Plan": {
    "Node Type": "Aggregate",
    "Strategy": "Plain",
    "Partial Mode": "Finalize",
    "Parallel Aware": false,
    "Startup Cost": 665981.28,
    "Total Cost": 665981.29,
    "Plan Rows": 1,
    "Plan Width": 8,
    "Actual Startup Time": 4804.417,
    "Actual Total Time": 4855.949,
    "Actual Rows": 1,
    "Actual Loops": 1,
    "Plans": [
      {
        "Node Type": "Gather",
        "Parent Relationship": "Outer",
        "Parallel Aware": false,
        "Startup Cost": 665981.16,
        "Total Cost": 665981.27,
        "Plan Rows": 1,
        "Plan Width": 8,
        "Actual Startup Time": 4799.265,
        "Actual Total Time": 4855.941,
        "Actual Rows": 2,
        "Actual Loops": 1,
        "Workers Planned": 1,
        "Workers Launched": 1,
        "Single Copy": false,
        "Plans": [
          {
            "Node Type": "Aggregate",
            "Strategy": "Plain",
            "Partial Mode": "Partial",
            "Parent Relationship": "Outer",
            "Parallel Aware": false,
            "Startup Cost": 664981.16,
            "Total Cost": 664981.17,
            "Plan Rows": 1,
            "Plan Width": 8,
            "Actual Startup Time": 4787.674,
            "Actual Total Time": 4787.678,
            "Actual Rows": 1,
            "Actual Loops": 2,
            "Plans": [
              {
                "Node Type": "Hash Join",
                "Parent Relationship": "Outer",
                "Parallel Aware": true,
                "Join Type": "Inner",
                "Startup Cost": 69460.7,
                "Total Cost": 653676.52,
                "Plan Rows": 4521856,
                "Plan Width": 0,
                "Actual Startup Time": 1224.129,
                "Actual Total Time": 4550.844,
                "Actual Rows": 5831640,
                "Actual Loops": 2,
                "Inner Unique": true,
                "Hash Cond": "(ci.movie_id = t.id)",
                "Plans": [
                  {
                    "Node Type": "Seq Scan",
                    "Parent Relationship": "Outer",
                    "Parallel Aware": true,
                    "Relation Name": "cast_info",
                    "Alias": "ci",
                    "Startup Cost": 0.0,
                    "Total Cost": 572345.93,
                    "Plan Rows": 4521856,
                    "Plan Width": 4,
                    "Actual Startup Time": 694.115,
                    "Actual Total Time": 1551.499,
                    "Actual Rows": 5831640,
                    "Actual Loops": 2,
                    "Filter": "((person_id > 2527202) AND (role_id > 1))",
                    "Rows Removed by Filter": 12290532
                  },
                  {
                    "Node Type": "Hash",
                    "Parent Relationship": "Inner",
                    "Parallel Aware": true,
                    "Startup Cost": 50870.31,
                    "Total Cost": 50870.31,
                    "Plan Rows": 1487231,
                    "Plan Width": 4,
                    "Actual Startup Time": 507.662,
                    "Actual Total Time": 507.663,
                    "Actual Rows": 1264156,
                    "Actual Loops": 2,
                    "Hash Buckets": 4194304,
                    "Original Hash Buckets": 4194304,
                    "Hash Batches": 1,
                    "Original Hash Batches": 1,
                    "Peak Memory Usage": 131712,
                    "Plans": [
                      {
                        "Node Type": "Seq Scan",
                        "Parent Relationship": "Outer",
                        "Parallel Aware": true,
                        "Relation Name": "title",
                        "Alias": "t",
                        "Startup Cost": 0.0,
                        "Total Cost": 50870.31,
                        "Plan Rows": 1487231,
                        "Plan Width": 4,
                        "Actual Startup Time": 0.024,
                        "Actual Total Time": 147.359,
                        "Actual Rows": 1264156,
                        "Actual Loops": 2
                      }
                    ]
                  }
                ]
              }
            ]
          }
        ]
      }
    ]
  },
  "Planning Time": 0.548,
  "Triggers": [],
  "Execution Time": 4856.019
}