[
  {
    "Plan": {
      "Node Type": "Aggregate",
      "Strategy": "Plain",
      "Partial Mode": "Finalize",
      "Parallel Aware": false,
      "Startup Cost": 136590.28,
      "Total Cost": 136590.29,
      "Plan Rows": 1,
      "Plan Width": 8,
      "Actual Startup Time": 910.157,
      "Actual Total Time": 933.096,
      "Actual Rows": 1,
      "Actual Loops": 1,
      "Plans": [
        {
          "Node Type": "Gather",
          "Parent Relationship": "Outer",
          "Parallel Aware": false,
          "Startup Cost": 136589.96,
          "Total Cost": 136590.27,
          "Plan Rows": 3,
          "Plan Width": 8,
          "Actual Startup Time": 903.246,
          "Actual Total Time": 933.084,
          "Actual Rows": 4,
          "Actual Loops": 1,
          "Workers Planned": 3,
          "Workers Launched": 3,
          "Single Copy": false,
          "Plans": [
            {
              "Node Type": "Aggregate",
              "Strategy": "Plain",
              "Partial Mode": "Partial",
              "Parent Relationship": "Outer",
              "Parallel Aware": false,
              "Startup Cost": 135589.96,
              "Total Cost": 135589.97,
              "Plan Rows": 1,
              "Plan Width": 8,
              "Actual Startup Time": 891.298,
              "Actual Total Time": 891.808,
              "Actual Rows": 1,
              "Actual Loops": 4,
              "Plans": [
                {
                  "Node Type": "Hash Join",
                  "Parent Relationship": "Outer",
                  "Parallel Aware": true,
                  "Join Type": "Inner",
                  "Startup Cost": 86664.13,
                  "Total Cost": 133666.21,
                  "Plan Rows": 769499,
                  "Plan Width": 0,
                  "Actual Startup Time": 585.777,
                  "Actual Total Time": 855.205,
                  "Actual Rows": 845208,
                  "Actual Loops": 4,
                  "Inner Unique": false,
                  "Hash Cond": "(mk.movie_id = t.id)",
                  "Plans": [
                    {
                      "Node Type": "Seq Scan",
                      "Parent Relationship": "Outer",
                      "Parallel Aware": true,
                      "Relation Name": "movie_keyword",
                      "Alias": "mk",
                      "Startup Cost": 0.0,
                      "Total Cost": 39047.32,
                      "Plan Rows": 1459332,
                      "Plan Width": 4,
                      "Actual Startup Time": 0.042,
                      "Actual Total Time": 95.039,
                      "Actual Rows": 1130982,
                      "Actual Loops": 4
                    },
                    {
                      "Node Type": "Hash",
                      "Parent Relationship": "Inner",
                      "Parallel Aware": true,
                      "Startup Cost": 81288.5,
                      "Total Cost": 81288.5,
                      "Plan Rows": 430051,
                      "Plan Width": 8,
                      "Actual Startup Time": 577.761,
                      "Actual Total Time": 578.27,
                      "Actual Rows": 228828,
                      "Actual Loops": 4,
                      "Hash Buckets": 2097152,
                      "Original Hash Buckets": 2097152,
                      "Hash Batches": 1,
                      "Original Hash Batches": 1,
                      "Peak Memory Usage": 52288,
                      "Plans": [
                        {
                          "Node Type": "Hash Join",
                          "Parent Relationship": "Outer",
                          "Parallel Aware": true,
                          "Join Type": "Inner",
                          "Startup Cost": 50008.74,
                          "Total Cost": 81288.5,
                          "Plan Rows": 430051,
                          "Plan Width": 8,
                          "Actual Startup Time": 250.813,
                          "Actual Total Time": 492.572,
                          "Actual Rows": 228828,
                          "Actual Loops": 4,
                          "Inner Unique": true,
                          "Hash Cond": "(mc.movie_id = t.id)",
                          "Plans": [
                            {
                              "Node Type": "Seq Scan",
                              "Parent Relationship": "Outer",
                              "Parallel Aware": true,
                              "Relation Name": "movie_companies",
                              "Alias": "mc",
                              "Startup Cost": 0.0,
                              "Total Cost": 29310.68,
                              "Plan Rows": 750125,
                              "Plan Width": 4,
                              "Actual Startup Time": 0.023,
                              "Actual Total Time": 80.995,
                              "Actual Rows": 581937,
                              "Actual Loops": 4,
                              "Filter": "(company_id < 95783)",
                              "Rows Removed by Filter": 70345
                            },
                            {
                              "Node Type": "Hash",
                              "Parent Relationship": "Inner",
                              "Parallel Aware": true,
                              "Startup Cost": 45479.1,
                              "Total Cost": 45479.1,
                              "Plan Rows": 362371,
                              "Plan Width": 4,
                              "Actual Startup Time": 246.927,
                              "Actual Total Time": 246.928,
                              "Actual Rows": 357445,
                              "Actual Loops": 4,
                              "Hash Buckets": 2097152,
                              "Original Hash Buckets": 2097152,
                              "Hash Batches": 1,
                              "Original Hash Batches": 1,
                              "Peak Memory Usage": 72352,
                              "Plans": [
                                {
                                  "Node Type": "Seq Scan",
                                  "Parent Relationship": "Outer",
                                  "Parallel Aware": true,
                                  "Relation Name": "title",
                                  "Alias": "t",
                                  "Startup Cost": 0.0,
                                  "Total Cost": 45479.1,
                                  "Plan Rows": 362371,
                                  "Plan Width": 4,
                                  "Actual Startup Time": 0.046,
                                  "Actual Total Time": 113.49,
                                  "Actual Rows": 357445,
                                  "Actual Loops": 4,
                                  "Filter": "((kind_id > 2) AND (production_year < 2011))",
                                  "Rows Removed by Filter": 274633
                                }
                              ]
                            }
                          ]
                        }
                      ]
                    }
                  ]
                }
              ]
            }
          ]
        }
      ]
    },
    "Planning Time": 1.389,
    "Triggers": [],
    "Execution Time": 933.18
  }
]