[
  {
    "Plan": {
      "Node Type": "Aggregate",
      "Strategy": "Plain",
      "Partial Mode": "Finalize",
      "Parallel Aware": false,
      "Startup Cost": 27827.19,
      "Total Cost": 27827.2,
      "Plan Rows": 1,
      "Plan Width": 8,
      "Actual Startup Time": 79.354,
      "Actual Total Time": 88.074,
      "Actual Rows": 1,
      "Actual Loops": 1,
      "Plans": [
        {
          "Node Type": "Gather",
          "Parent Relationship": "Outer",
          "Parallel Aware": false,
          "Startup Cost": 27826.77,
          "Total Cost": 27827.18,
          "Plan Rows": 4,
          "Plan Width": 8,
          "Actual Startup Time": 79.119,
          "Actual Total Time": 88.066,
          "Actual Rows": 5,
          "Actual Loops": 1,
          "Workers Planned": 4,
          "Workers Launched": 4,
          "Single Copy": false,
          "Plans": [
            {
              "Node Type": "Aggregate",
              "Strategy": "Plain",
              "Partial Mode": "Partial",
              "Parent Relationship": "Outer",
              "Parallel Aware": false,
              "Startup Cost": 26826.77,
              "Total Cost": 26826.78,
              "Plan Rows": 1,
              "Plan Width": 8,
              "Actual Startup Time": 70.278,
              "Actual Total Time": 70.279,
              "Actual Rows": 1,
              "Actual Loops": 5,
              "Plans": [
                {
                  "Node Type": "Index Scan",
                  "Parent Relationship": "Outer",
                  "Parallel Aware": true,
                  "Scan Direction": "Forward",
                  "Index Name": "role_id_cast_info",
                  "Relation Name": "cast_info",
                  "Alias": "ci",
                  "Startup Cost": 0.56,
                  "Total Cost": 26337.94,
                  "Plan Rows": 195533,
                  "Plan Width": 0,
                  "Actual Startup Time": 0.124,
                  "Actual Total Time": 59.317,
                  "Actual Rows": 163262,
                  "Actual Loops": 5,
                  "Index Cond": "(role_id = 5)",
                  "Rows Removed by Index Recheck": 0,
                  "Filter": "(person_id > 614233)",
                  "Rows Removed by Filter": 16415
                }
              ]
            }
          ]
        }
      ]
    },
    "Planning Time": 0.231,
    "Triggers": [],
    "Execution Time": 88.134
  }
]