{
  "Plan": {
    "Node Type": "Aggregate",
    "Strategy": "Plain",
    "Partial Mode": "Finalize",
    "Parallel Aware": false,
    "Startup Cost": 250439.83,
    "Total Cost": 250439.84,
    "Plan Rows": 1,
    "Plan Width": 8,
    "Actual Startup Time": 1897.269,
    "Actual Total Time": 1915.824,
    "Actual Rows": 1,
    "Actual Loops": 1,
    "Plans": [
      {
        "Node Type": "Gather",
        "Parent Relationship": "Outer",
        "Parallel Aware": false,
        "Startup Cost": 250439.72,
        "Total Cost": 250439.83,
        "Plan Rows": 1,
        "Plan Width": 8,
        "Actual Startup Time": 1895.942,
        "Actual Total Time": 1915.818,
        "Actual Rows": 2,
        "Actual Loops": 1,
        "Workers Planned": 1,
        "Workers Launched": 1,
        "Single Copy": false,
        "Plans": [
          {
            "Node Type": "Aggregate",
            "Strategy": "Plain",
            "Partial Mode": "Partial",
            "Parent Relationship": "Outer",
            "Parallel Aware": false,
            "Startup Cost": 249439.72,
            "Total Cost": 249439.73,
            "Plan Rows": 1,
            "Plan Width": 8,
            "Actual Startup Time": 1890.547,
            "Actual Total Time": 1890.551,
            "Actual Rows": 1,
            "Actual Loops": 2,
            "Plans": [
              {
                "Node Type": "Nested Loop",
                "Parent Relationship": "Outer",
                "Parallel Aware": false,
                "Join Type": "Inner",
                "Startup Cost": 80288.54,
                "Total Cost": 248923.29,
                "Plan Rows": 206571,
                "Plan Width": 0,
                "Actual Startup Time": 310.114,
                "Actual Total Time": 1778.189,
                "Actual Rows": 2686147,
                "Actual Loops": 2,
                "Inner Unique": false,
                "Plans": [
                  {
                    "Node Type": "Hash Join",
                    "Parent Relationship": "Outer",
                    "Parallel Aware": true,
                    "Join Type": "Inner",
                    "Startup Cost": 80288.11,
                    "Total Cost": 112462.9,
                    "Plan Rows": 200171,
                    "Plan Width": 8,
                    "Actual Startup Time": 310.011,
                    "Actual Total Time": 525.846,
                    "Actual Rows": 386206,
                    "Actual Loops": 2,
                    "Inner Unique": true,
                    "Hash Cond": "(mk.movie_id = t.id)",
                    "Plans": [
                      {
                        "Node Type": "Bitmap Heap Scan",
                        "Parent Relationship": "Outer",
                        "Parallel Aware": true,
                        "Relation Name": "movie_keyword",
                        "Alias": "mk",
                        "Startup Cost": 18409.81,
                        "Total Cost": 49244.63,
                        "Plan Rows": 510465,
                        "Plan Width": 4,
                        "Actual Startup Time": 45.443,
                        "Actual Total Time": 127.353,
                        "Actual Rows": 439134,
                        "Actual Loops": 2,
                        "Recheck Cond": "(keyword_id < 832)",
                        "Rows Removed by Index Recheck": 0,
                        "Exact Heap Blocks": 12717,
                        "Lossy Heap Blocks": 0,
                        "Plans": [
                          {
                            "Node Type": "Bitmap Index Scan",
                            "Parent Relationship": "Outer",
                            "Parallel Aware": false,
                            "Index Name": "keyword_id_movie_keyword",
                            "Startup Cost": 0.0,
                            "Total Cost": 18192.86,
                            "Plan Rows": 867791,
                            "Plan Width": 0,
                            "Actual Startup Time": 41.735,
                            "Actual Total Time": 41.736,
                            "Actual Rows": 878267,
                            "Actual Loops": 1,
                            "Index Cond": "(keyword_id < 832)"
                          }
                        ]
                      },
                      {
                        "Node Type": "Hash",
                        "Parent Relationship": "Inner",
                        "Parallel Aware": true,
                        "Startup Cost": 54588.39,
                        "Total Cost": 54588.39,
                        "Plan Rows": 583193,
                        "Plan Width": 4,
                        "Actual Startup Time": 255.704,
                        "Actual Total Time": 255.705,
                        "Actual Rows": 492524,
                        "Actual Loops": 2,
                        "Hash Buckets": 1048576,
                        "Original Hash Buckets": 1048576,
                        "Hash Batches": 1,
                        "Original Hash Batches": 1,
                        "Peak Memory Usage": 46784,
                        "Plans": [
                          {
                            "Node Type": "Seq Scan",
                            "Parent Relationship": "Outer",
                            "Parallel Aware": true,
                            "Relation Name": "title",
                            "Alias": "t",
                            "Startup Cost": 0.0,
                            "Total Cost": 54588.39,
                            "Plan Rows": 583193,
                            "Plan Width": 4,
                            "Actual Startup Time": 0.026,
                            "Actual Total Time": 145.681,
                            "Actual Rows": 492524,
                            "Actual Loops": 2,
                            "Filter": "(kind_id < 7)",
                            "Rows Removed by Filter": 771632
                          }
                        ]
                      }
                    ]
                  },
                  {
                    "Node Type": "Index Only Scan",
                    "Parent Relationship": "Inner",
                    "Parallel Aware": false,
                    "Scan Direction": "Forward",
                    "Index Name": "movie_id_movie_companies",
                    "Relation Name": "movie_companies",
                    "Alias": "mc",
                    "Startup Cost": 0.43,
                    "Total Cost": 0.63,
                    "Plan Rows": 5,
                    "Plan Width": 4,
                    "Actual Startup Time": 0.001,
                    "Actual Total Time": 0.003,
                    "Actual Rows": 7,
                    "Actual Loops": 772412,
                    "Index Cond": "(movie_id = t.id)",
                    "Rows Removed by Index Recheck": 0,
                    "Heap Fetches": 5372294
                  }
                ]
              }
            ]
          }
        ]
      }
    ]
  },
  "Planning Time": 1.07,
  "Triggers": [],
  "Execution Time": 1915.929
}