[
  {
    "Plan": {
      "Node Type": "Aggregate",
      "Strategy": "Plain",
      "Partial Mode": "Finalize",
      "Parallel Aware": false,
      "Startup Cost": 80410.7,
      "Total Cost": 80410.71,
      "Plan Rows": 1,
      "Plan Width": 8,
      "Actual Startup Time": 383.895,
      "Actual Total Time": 399.321,
      "Actual Rows": 1,
      "Actual Loops": 1,
      "Plans": [
        {
          "Node Type": "Gather",
          "Parent Relationship": "Outer",
          "Parallel Aware": false,
          "Startup Cost": 80410.28,
          "Total Cost": 80410.69,
          "Plan Rows": 4,
          "Plan Width": 8,
          "Actual Startup Time": 379.892,
          "Actual Total Time": 399.298,
          "Actual Rows": 5,
          "Actual Loops": 1,
          "Workers Planned": 4,
          "Workers Launched": 4,
          "Single Copy": false,
          "Plans": [
            {
              "Node Type": "Aggregate",
              "Strategy": "Plain",
              "Partial Mode": "Partial",
              "Parent Relationship": "Outer",
              "Parallel Aware": false,
              "Startup Cost": 79410.28,
              "Total Cost": 79410.29,
              "Plan Rows": 1,
              "Plan Width": 8,
              "Actual Startup Time": 369.71,
              "Actual Total Time": 369.713,
              "Actual Rows": 1,
              "Actual Loops": 5,
              "Plans": [
                {
                  "Node Type": "Hash Join",
                  "Parent Relationship": "Outer",
                  "Parallel Aware": true,
                  "Join Type": "Inner",
                  "Startup Cost": 32720.64,
                  "Total Cost": 78881.73,
                  "Plan Rows": 211418,
                  "Plan Width": 0,
                  "Actual Startup Time": 136.718,
                  "Actual Total Time": 362.283,
                  "Actual Rows": 171825,
                  "Actual Loops": 5,
                  "Inner Unique": false,
                  "Hash Cond": "(t.id = mc.movie_id)",
                  "Plans": [
                    {
                      "Node Type": "Seq Scan",
                      "Parent Relationship": "Outer",
                      "Parallel Aware": true,
                      "Relation Name": "title",
                      "Alias": "t",
                      "Startup Cost": 0.0,
                      "Total Cost": 42318.73,
                      "Plan Rows": 632073,
                      "Plan Width": 4,
                      "Actual Startup Time": 0.012,
                      "Actual Total Time": 64.641,
                      "Actual Rows": 505662,
                      "Actual Loops": 5
                    },
                    {
                      "Node Type": "Hash",
                      "Parent Relationship": "Inner",
                      "Parallel Aware": true,
                      "Startup Cost": 29310.68,
                      "Total Cost": 29310.68,
                      "Plan Rows": 272797,
                      "Plan Width": 4,
                      "Actual Startup Time": 132.217,
                      "Actual Total Time": 132.218,
                      "Actual Rows": 171825,
                      "Actual Loops": 5,
                      "Hash Buckets": 1048576,
                      "Original Hash Buckets": 1048576,
                      "Hash Batches": 1,
                      "Original Hash Batches": 1,
                      "Peak Memory Usage": 41888,
                      "Plans": [
                        {
                          "Node Type": "Seq Scan",
                          "Parent Relationship": "Outer",
                          "Parallel Aware": true,
                          "Relation Name": "movie_companies",
                          "Alias": "mc",
                          "Startup Cost": 0.0,
                          "Total Cost": 29310.68,
                          "Plan Rows": 272797,
                          "Plan Width": 4,
                          "Actual Startup Time": 24.404,
                          "Actual Total Time": 74.621,
                          "Actual Rows": 171825,
                          "Actual Loops": 5,
                          "Filter": "(company_id > 24392)",
                          "Rows Removed by Filter": 350001
                        }
                      ]
                    }
                  ]
                }
              ]
            }
          ]
        }
      ]
    },
    "Planning Time": 0.641,
    "Triggers": [],
    "Execution Time": 399.392
  }
]