[
  {
    "Plan": {
      "Node Type": "Aggregate",
      "Strategy": "Plain",
      "Partial Mode": "Finalize",
      "Parallel Aware": false,
      "Startup Cost": 28924.94,
      "Total Cost": 28924.95,
      "Plan Rows": 1,
      "Plan Width": 8,
      "Actual Startup Time": 65.784,
      "Actual Total Time": 72.919,
      "Actual Rows": 1,
      "Actual Loops": 1,
      "Plans": [
        {
          "Node Type": "Gather",
          "Parent Relationship": "Outer",
          "Parallel Aware": false,
          "Startup Cost": 28924.62,
          "Total Cost": 28924.93,
          "Plan Rows": 3,
          "Plan Width": 8,
          "Actual Startup Time": 65.497,
          "Actual Total Time": 72.912,
          "Actual Rows": 4,
          "Actual Loops": 1,
          "Workers Planned": 3,
          "Workers Launched": 3,
          "Single Copy": false,
          "Plans": [
            {
              "Node Type": "Aggregate",
              "Strategy": "Plain",
              "Partial Mode": "Partial",
              "Parent Relationship": "Outer",
              "Parallel Aware": false,
              "Startup Cost": 27924.62,
              "Total Cost": 27924.63,
              "Plan Rows": 1,
              "Plan Width": 8,
              "Actual Startup Time": 62.117,
              "Actual Total Time": 62.118,
              "Actual Rows": 1,
              "Actual Loops": 4,
              "Plans": [
                {
                  "Node Type": "Bitmap Heap Scan",
                  "Parent Relationship": "Outer",
                  "Parallel Aware": true,
                  "Relation Name": "movie_companies",
                  "Alias": "mc",
                  "Startup Cost": 7344.66,
                  "Total Cost": 27784.13,
                  "Plan Rows": 56199,
                  "Plan Width": 0,
                  "Actual Startup Time": 49.445,
                  "Actual Total Time": 61.269,
                  "Actual Rows": 17338,
                  "Actual Loops": 4,
                  "Recheck Cond": "(company_id < 166)",
                  "Rows Removed by Index Recheck": 0,
                  "Filter": "(company_type_id > 1)",
                  "Rows Removed by Filter": 66276,
                  "Exact Heap Blocks": 9281,
                  "Lossy Heap Blocks": 0,
                  "Plans": [
                    {
                      "Node Type": "Bitmap Index Scan",
                      "Parent Relationship": "Outer",
                      "Parallel Aware": false,
                      "Index Name": "company_id_movie_companies",
                      "Startup Cost": 0.0,
                      "Total Cost": 7301.1,
                      "Plan Rows": 340890,
                      "Plan Width": 0,
                      "Actual Startup Time": 19.575,
                      "Actual Total Time": 19.575,
                      "Actual Rows": 334457,
                      "Actual Loops": 1,
                      "Index Cond": "(company_id < 166)"
                    }
                  ]
                }
              ]
            }
          ]
        }
      ]
    },
    "Planning Time": 0.103,
    "Triggers": [],
    "Execution Time": 72.956
  }
]