[
  {
    "Plan": {
      "Node Type": "Aggregate",
      "Strategy": "Plain",
      "Partial Mode": "Finalize",
      "Parallel Aware": false,
      "Startup Cost": 297275.78,
      "Total Cost": 297275.79,
      "Plan Rows": 1,
      "Plan Width": 8,
      "Actual Startup Time": 936.737,
      "Actual Total Time": 981.71,
      "Actual Rows": 1,
      "Actual Loops": 1,
      "Plans": [
        {
          "Node Type": "Gather",
          "Parent Relationship": "Outer",
          "Parallel Aware": false,
          "Startup Cost": 297275.26,
          "Total Cost": 297275.77,
          "Plan Rows": 5,
          "Plan Width": 8,
          "Actual Startup Time": 907.604,
          "Actual Total Time": 981.697,
          "Actual Rows": 6,
          "Actual Loops": 1,
          "Workers Planned": 5,
          "Workers Launched": 5,
          "Single Copy": false,
          "Plans": [
            {
              "Node Type": "Aggregate",
              "Strategy": "Plain",
              "Partial Mode": "Partial",
              "Parent Relationship": "Outer",
              "Parallel Aware": false,
              "Startup Cost": 296275.26,
              "Total Cost": 296275.27,
              "Plan Rows": 1,
              "Plan Width": 8,
              "Actual Startup Time": 896.573,
              "Actual Total Time": 896.718,
              "Actual Rows": 1,
              "Actual Loops": 6,
              "Plans": [
                {
                  "Node Type": "Hash Join",
                  "Parent Relationship": "Outer",
                  "Parallel Aware": true,
                  "Join Type": "Inner",
                  "Startup Cost": 94210.36,
                  "Total Cost": 295892.8,
                  "Plan Rows": 152985,
                  "Plan Width": 0,
                  "Actual Startup Time": 532.064,
                  "Actual Total Time": 871.22,
                  "Actual Rows": 663195,
                  "Actual Loops": 6,
                  "Inner Unique": false,
                  "Hash Cond": "(mi.movie_id = t.id)",
                  "Plans": [
                    {
                      "Node Type": "Seq Scan",
                      "Parent Relationship": "Outer",
                      "Parallel Aware": true,
                      "Relation Name": "movie_info",
                      "Alias": "mi",
                      "Startup Cost": 0.0,
                      "Total Cost": 198952.16,
                      "Plan Rows": 596472,
                      "Plan Width": 4,
                      "Actual Startup Time": 67.013,
                      "Actual Total Time": 283.823,
                      "Actual Rows": 506120,
                      "Actual Loops": 6,
                      "Filter": "(info_type_id = 16)",
                      "Rows Removed by Filter": 1966500
                    },
                    {
                      "Node Type": "Hash",
                      "Parent Relationship": "Inner",
                      "Parallel Aware": true,
                      "Startup Cost": 91595.58,
                      "Total Cost": 91595.58,
                      "Plan Rows": 209183,
                      "Plan Width": 8,
                      "Actual Startup Time": 461.446,
                      "Actual Total Time": 461.589,
                      "Actual Rows": 109322,
                      "Actual Loops": 6,
                      "Hash Buckets": 1048576,
                      "Original Hash Buckets": 1048576,
                      "Hash Batches": 1,
                      "Original Hash Batches": 1,
                      "Peak Memory Usage": 33952,
                      "Plans": [
                        {
                          "Node Type": "Hash Join",
                          "Parent Relationship": "Outer",
                          "Parallel Aware": true,
                          "Join Type": "Inner",
                          "Startup Cost": 63977.69,
                          "Total Cost": 91595.58,
                          "Plan Rows": 209183,
                          "Plan Width": 8,
                          "Actual Startup Time": 313.25,
                          "Actual Total Time": 411.208,
                          "Actual Rows": 109322,
                          "Actual Loops": 6,
                          "Inner Unique": true,
                          "Hash Cond": "(mk.movie_id = t.id)",
                          "Plans": [
                            {
                              "Node Type": "Bitmap Heap Scan",
                              "Parent Relationship": "Outer",
                              "Parallel Aware": true,
                              "Relation Name": "movie_keyword",
                              "Alias": "mk",
                              "Startup Cost": 13758.04,
                              "Total Cost": 40826.83,
                              "Plan Rows": 209183,
                              "Plan Width": 4,
                              "Actual Startup Time": 40.072,
                              "Actual Total Time": 89.571,
                              "Actual Rows": 109322,
                              "Actual Loops": 6,
                              "Recheck Cond": "(keyword_id < 508)",
                              "Rows Removed by Index Recheck": 0,
                              "Exact Heap Blocks": 4748,
                              "Lossy Heap Blocks": 0,
                              "Plans": [
                                {
                                  "Node Type": "Bitmap Index Scan",
                                  "Parent Relationship": "Outer",
                                  "Parallel Aware": false,
                                  "Index Name": "keyword_id_movie_keyword",
                                  "Startup Cost": 0.0,
                                  "Total Cost": 13595.93,
                                  "Plan Rows": 648466,
                                  "Plan Width": 0,
                                  "Actual Startup Time": 36.27,
                                  "Actual Total Time": 36.27,
                                  "Actual Rows": 655932,
                                  "Actual Loops": 1,
                                  "Index Cond": "(keyword_id < 508)"
                                }
                              ]
                            },
                            {
                              "Node Type": "Hash",
                              "Parent Relationship": "Inner",
                              "Parallel Aware": true,
                              "Startup Cost": 42318.73,
                              "Total Cost": 42318.73,
                              "Plan Rows": 632073,
                              "Plan Width": 4,
                              "Actual Startup Time": 267.785,
                              "Actual Total Time": 267.786,
                              "Actual Rows": 421385,
                              "Actual Loops": 6,
                              "Hash Buckets": 4194304,
                              "Original Hash Buckets": 4194304,
                              "Hash Batches": 1,
                              "Original Hash Batches": 1,
                              "Peak Memory Usage": 131808,
                              "Plans": [
                                {
                                  "Node Type": "Seq Scan",
                                  "Parent Relationship": "Outer",
                                  "Parallel Aware": true,
                                  "Relation Name": "title",
                                  "Alias": "t",
                                  "Startup Cost": 0.0,
                                  "Total Cost": 42318.73,
                                  "Plan Rows": 632073,
                                  "Plan Width": 4,
                                  "Actual Startup Time": 0.049,
                                  "Actual Total Time": 75.2,
                                  "Actual Rows": 421385,
                                  "Actual Loops": 6
                                }
                              ]
                            }
                          ]
                        }
                      ]
                    }
                  ]
                }
              ]
            }
          ]
        }
      ]
    },
    "Planning Time": 1.382,
    "Triggers": [],
    "Execution Time": 981.823
  }
]