[
  {
    "Plan": {
      "Node Type": "Aggregate",
      "Strategy": "Plain",
      "Partial Mode": "Finalize",
      "Parallel Aware": false,
      "Startup Cost": 122644.76,
      "Total Cost": 122644.77,
      "Plan Rows": 1,
      "Plan Width": 8,
      "Actual Startup Time": 211.287,
      "Actual Total Time": 222.41,
      "Actual Rows": 1,
      "Actual Loops": 1,
      "Plans": [
        {
          "Node Type": "Gather",
          "Parent Relationship": "Outer",
          "Parallel Aware": false,
          "Startup Cost": 122644.24,
          "Total Cost": 122644.75,
          "Plan Rows": 5,
          "Plan Width": 8,
          "Actual Startup Time": 211.173,
          "Actual Total Time": 222.402,
          "Actual Rows": 6,
          "Actual Loops": 1,
          "Workers Planned": 5,
          "Workers Launched": 5,
          "Single Copy": false,
          "Plans": [
            {
              "Node Type": "Aggregate",
              "Strategy": "Plain",
              "Partial Mode": "Partial",
              "Parent Relationship": "Outer",
              "Parallel Aware": false,
              "Startup Cost": 121644.24,
              "Total Cost": 121644.25,
              "Plan Rows": 1,
              "Plan Width": 8,
              "Actual Startup Time": 202.548,
              "Actual Total Time": 202.549,
              "Actual Rows": 1,
              "Actual Loops": 6,
              "Plans": [
                {
                  "Node Type": "Index Scan",
                  "Parent Relationship": "Outer",
                  "Parallel Aware": true,
                  "Scan Direction": "Forward",
                  "Index Name": "role_id_cast_info",
                  "Relation Name": "cast_info",
                  "Alias": "ci",
                  "Startup Cost": 0.56,
                  "Total Cost": 119623.46,
                  "Plan Rows": 808314,
                  "Plan Width": 0,
                  "Actual Startup Time": 0.125,
                  "Actual Total Time": 166.768,
                  "Actual Rows": 701628,
                  "Actual Loops": 6,
                  "Index Cond": "(role_id = 10)",
                  "Rows Removed by Index Recheck": 0,
                  "Filter": "(person_id > 278826)",
                  "Rows Removed by Filter": 18875
                }
              ]
            }
          ]
        }
      ]
    },
    "Planning Time": 0.232,
    "Triggers": [],
    "Execution Time": 222.482
  }
]