{
  "Plan": {
    "Node Type": "Aggregate",
    "Strategy": "Plain",
    "Partial Mode": "Finalize",
    "Parallel Aware": false,
    "Startup Cost": 338833.66,
    "Total Cost": 338833.67,
    "Plan Rows": 1,
    "Plan Width": 8,
    "Actual Startup Time": 2952.796,
    "Actual Total Time": 2996.511,
    "Actual Rows": 1,
    "Actual Loops": 1,
    "Plans": [
      {
        "Node Type": "Gather",
        "Parent Relationship": "Outer",
        "Parallel Aware": false,
        "Startup Cost": 338833.55,
        "Total Cost": 338833.66,
        "Plan Rows": 1,
        "Plan Width": 8,
        "Actual Startup Time": 2951.42,
        "Actual Total Time": 2996.502,
        "Actual Rows": 2,
        "Actual Loops": 1,
        "Workers Planned": 1,
        "Workers Launched": 1,
        "Single Copy": false,
        "Plans": [
          {
            "Node Type": "Aggregate",
            "Strategy": "Plain",
            "Partial Mode": "Partial",
            "Parent Relationship": "Outer",
            "Parallel Aware": false,
            "Startup Cost": 337833.55,
            "Total Cost": 337833.56,
            "Plan Rows": 1,
            "Plan Width": 8,
            "Actual Startup Time": 2945.654,
            "Actual Total Time": 2945.658,
            "Actual Rows": 1,
            "Actual Loops": 2,
            "Plans": [
              {
                "Node Type": "Hash Join",
                "Parent Relationship": "Outer",
                "Parallel Aware": true,
                "Join Type": "Inner",
                "Startup Cost": 61875.83,
                "Total Cost": 333659.32,
                "Plan Rows": 1669691,
                "Plan Width": 0,
                "Actual Startup Time": 285.737,
                "Actual Total Time": 2790.737,
                "Actual Rows": 3394815,
                "Actual Loops": 2,
                "Inner Unique": true,
                "Hash Cond": "(mi.movie_id = t.id)",
                "Plans": [
                  {
                    "Node Type": "Seq Scan",
                    "Parent Relationship": "Outer",
                    "Parallel Aware": true,
                    "Relation Name": "movie_info",
                    "Alias": "mi",
                    "Startup Cost": 0.0,
                    "Total Cost": 248955.74,
                    "Plan Rows": 8696274,
                    "Plan Width": 4,
                    "Actual Startup Time": 0.012,
                    "Actual Total Time": 706.127,
                    "Actual Rows": 7417860,
                    "Actual Loops": 2
                  },
                  {
                    "Node Type": "Hash",
                    "Parent Relationship": "Inner",
                    "Parallel Aware": true,
                    "Startup Cost": 58306.47,
                    "Total Cost": 58306.47,
                    "Plan Rows": 285549,
                    "Plan Width": 4,
                    "Actual Startup Time": 281.329,
                    "Actual Total Time": 281.331,
                    "Actual Rows": 285138,
                    "Actual Loops": 2,
                    "Hash Buckets": 1048576,
                    "Original Hash Buckets": 524288,
                    "Hash Batches": 1,
                    "Original Hash Batches": 1,
                    "Peak Memory Usage": 34624,
                    "Plans": [
                      {
                        "Node Type": "Seq Scan",
                        "Parent Relationship": "Outer",
                        "Parallel Aware": true,
                        "Relation Name": "title",
                        "Alias": "t",
                        "Startup Cost": 0.0,
                        "Total Cost": 58306.47,
                        "Plan Rows": 285549,
                        "Plan Width": 4,
                        "Actual Startup Time": 0.036,
                        "Actual Total Time": 172.975,
                        "Actual Rows": 285138,
                        "Actual Loops": 2,
                        "Filter": "((kind_id < 4) AND (production_year < 2006))",
                        "Rows Removed by Filter": 979018
                      }
                    ]
                  }
                ]
              }
            ]
          }
        ]
      }
    ]
  },
  "Planning Time": 0.322,
  "Triggers": [],
  "Execution Time": 2996.558
}