{
  "Plan": {
    "Node Type": "Aggregate",
    "Strategy": "Plain",
    "Partial Mode": "Finalize",
    "Parallel Aware": false,
    "Startup Cost": 165590.31,
    "Total Cost": 165590.32,
    "Plan Rows": 1,
    "Plan Width": 8,
    "Actual Startup Time": 973.854,
    "Actual Total Time": 994.609,
    "Actual Rows": 1,
    "Actual Loops": 1,
    "Plans": [
      {
        "Node Type": "Gather",
        "Parent Relationship": "Outer",
        "Parallel Aware": false,
        "Startup Cost": 165590.2,
        "Total Cost": 165590.31,
        "Plan Rows": 1,
        "Plan Width": 8,
        "Actual Startup Time": 973.676,
        "Actual Total Time": 994.601,
        "Actual Rows": 2,
        "Actual Loops": 1,
        "Workers Planned": 1,
        "Workers Launched": 1,
        "Single Copy": false,
        "Plans": [
          {
            "Node Type": "Aggregate",
            "Strategy": "Plain",
            "Partial Mode": "Partial",
            "Parent Relationship": "Outer",
            "Parallel Aware": false,
            "Startup Cost": 164590.2,
            "Total Cost": 164590.21,
            "Plan Rows": 1,
            "Plan Width": 8,
            "Actual Startup Time": 967.668,
            "Actual Total Time": 967.67,
            "Actual Rows": 1,
            "Actual Loops": 2,
            "Plans": [
              {
                "Node Type": "Merge Join",
                "Parent Relationship": "Outer",
                "Parallel Aware": false,
                "Join Type": "Inner",
                "Startup Cost": 3.07,
                "Total Cost": 164007.88,
                "Plan Rows": 232929,
                "Plan Width": 0,
                "Actual Startup Time": 3.792,
                "Actual Total Time": 957.203,
                "Actual Rows": 243198,
                "Actual Loops": 2,
                "Inner Unique": false,
                "Merge Cond": "(t.id = mi_idx.movie_id)",
                "Plans": [
                  {
                    "Node Type": "Index Scan",
                    "Parent Relationship": "Outer",
                    "Parallel Aware": true,
                    "Scan Direction": "Forward",
                    "Index Name": "title_pkey",
                    "Relation Name": "title",
                    "Alias": "t",
                    "Startup Cost": 0.43,
                    "Total Cost": 103647.43,
                    "Plan Rows": 426739,
                    "Plan Width": 4,
                    "Actual Startup Time": 1.906,
                    "Actual Total Time": 612.738,
                    "Actual Rows": 365188,
                    "Actual Loops": 2,
                    "Filter": "(production_year < 1992)",
                    "Rows Removed by Filter": 897782
                  },
                  {
                    "Node Type": "Index Only Scan",
                    "Parent Relationship": "Inner",
                    "Parallel Aware": false,
                    "Scan Direction": "Forward",
                    "Index Name": "movie_id_movie_info_idx",
                    "Relation Name": "movie_info_idx",
                    "Alias": "mi_idx",
                    "Startup Cost": 0.43,
                    "Total Cost": 53620.22,
                    "Plan Rows": 1380035,
                    "Plan Width": 4,
                    "Actual Startup Time": 0.145,
                    "Actual Total Time": 247.622,
                    "Actual Rows": 1380035,
                    "Actual Loops": 2,
                    "Heap Fetches": 2760070
                  }
                ]
              }
            ]
          }
        ]
      }
    ]
  },
  "Planning Time": 0.635,
  "Triggers": [],
  "Execution Time": 994.683
}