[
  {
    "Plan": {
      "Node Type": "Aggregate",
      "Strategy": "Plain",
      "Partial Mode": "Finalize",
      "Parallel Aware": false,
      "Startup Cost": 46255.03,
      "Total Cost": 46255.04,
      "Plan Rows": 1,
      "Plan Width": 8,
      "Actual Startup Time": 161.756,
      "Actual Total Time": 170.857,
      "Actual Rows": 1,
      "Actual Loops": 1,
      "Plans": [
        {
          "Node Type": "Gather",
          "Parent Relationship": "Outer",
          "Parallel Aware": false,
          "Startup Cost": 46254.71,
          "Total Cost": 46255.02,
          "Plan Rows": 3,
          "Plan Width": 8,
          "Actual Startup Time": 161.601,
          "Actual Total Time": 170.847,
          "Actual Rows": 4,
          "Actual Loops": 1,
          "Workers Planned": 3,
          "Workers Launched": 3,
          "Single Copy": false,
          "Plans": [
            {
              "Node Type": "Aggregate",
              "Strategy": "Plain",
              "Partial Mode": "Partial",
              "Parent Relationship": "Outer",
              "Parallel Aware": false,
              "Startup Cost": 45254.71,
              "Total Cost": 45254.72,
              "Plan Rows": 1,
              "Plan Width": 8,
              "Actual Startup Time": 157.372,
              "Actual Total Time": 157.373,
              "Actual Rows": 1,
              "Actual Loops": 4,
              "Plans": [
                {
                  "Node Type": "Seq Scan",
                  "Parent Relationship": "Outer",
                  "Parallel Aware": true,
                  "Relation Name": "movie_keyword",
                  "Alias": "mk",
                  "Startup Cost": 0.0,
                  "Total Cost": 42695.65,
                  "Plan Rows": 1023623,
                  "Plan Width": 0,
                  "Actual Startup Time": 0.152,
                  "Actual Total Time": 120.769,
                  "Actual Rows": 790092,
                  "Actual Loops": 4,
                  "Filter": "(keyword_id > 1775)",
                  "Rows Removed by Filter": 340890
                }
              ]
            }
          ]
        }
      ]
    },
    "Planning Time": 0.097,
    "Triggers": [],
    "Execution Time": 170.892
  }
]