[
  {
    "Plan": {
      "Node Type": "Aggregate",
      "Strategy": "Plain",
      "Partial Mode": "Finalize",
      "Parallel Aware": false,
      "Startup Cost": 461167.74,
      "Total Cost": 461167.75,
      "Plan Rows": 1,
      "Plan Width": 8,
      "Actual Startup Time": 3579.078,
      "Actual Total Time": 3640.318,
      "Actual Rows": 1,
      "Actual Loops": 1,
      "Plans": [
        {
          "Node Type": "Gather",
          "Parent Relationship": "Outer",
          "Parallel Aware": false,
          "Startup Cost": 461167.12,
          "Total Cost": 461167.73,
          "Plan Rows": 6,
          "Plan Width": 8,
          "Actual Startup Time": 3557.485,
          "Actual Total Time": 3640.306,
          "Actual Rows": 7,
          "Actual Loops": 1,
          "Workers Planned": 6,
          "Workers Launched": 6,
          "Single Copy": false,
          "Plans": [
            {
              "Node Type": "Aggregate",
              "Strategy": "Plain",
              "Partial Mode": "Partial",
              "Parent Relationship": "Outer",
              "Parallel Aware": false,
              "Startup Cost": 460167.12,
              "Total Cost": 460167.13,
              "Plan Rows": 1,
              "Plan Width": 8,
              "Actual Startup Time": 3541.887,
              "Actual Total Time": 3542.363,
              "Actual Rows": 1,
              "Actual Loops": 7,
              "Plans": [
                {
                  "Node Type": "Hash Join",
                  "Parent Relationship": "Outer",
                  "Parallel Aware": true,
                  "Join Type": "Inner",
                  "Startup Cost": 88564.91,
                  "Total Cost": 450154.15,
                  "Plan Rows": 4005188,
                  "Plan Width": 0,
                  "Actual Startup Time": 537.115,
                  "Actual Total Time": 3228.094,
                  "Actual Rows": 7791545,
                  "Actual Loops": 7,
                  "Inner Unique": false,
                  "Hash Cond": "(ci.movie_id = t.id)",
                  "Plans": [
                    {
                      "Node Type": "Seq Scan",
                      "Parent Relationship": "Outer",
                      "Parallel Aware": true,
                      "Relation Name": "cast_info",
                      "Alias": "ci",
                      "Startup Cost": 0.0,
                      "Total Cost": 328162.03,
                      "Plan Rows": 5468597,
                      "Plan Width": 4,
                      "Actual Startup Time": 32.998,
                      "Actual Total Time": 601.543,
                      "Actual Rows": 4671759,
                      "Actual Loops": 7,
                      "Filter": "(person_id > 338678)",
                      "Rows Removed by Filter": 506005
                    },
                    {
                      "Node Type": "Hash",
                      "Parent Relationship": "Inner",
                      "Parallel Aware": true,
                      "Startup Cost": 81098.31,
                      "Total Cost": 81098.31,
                      "Plan Rows": 597328,
                      "Plan Width": 8,
                      "Actual Startup Time": 499.238,
                      "Actual Total Time": 499.712,
                      "Actual Rows": 262377,
                      "Actual Loops": 7,
                      "Hash Buckets": 2097152,
                      "Original Hash Buckets": 2097152,
                      "Hash Batches": 1,
                      "Original Hash Batches": 1,
                      "Peak Memory Usage": 88352,
                      "Plans": [
                        {
                          "Node Type": "Hash Join",
                          "Parent Relationship": "Outer",
                          "Parallel Aware": true,
                          "Join Type": "Inner",
                          "Startup Cost": 50219.64,
                          "Total Cost": 81098.31,
                          "Plan Rows": 597328,
                          "Plan Width": 8,
                          "Actual Startup Time": 249.7,
                          "Actual Total Time": 398.558,
                          "Actual Rows": 262377,
                          "Actual Loops": 7,
                          "Inner Unique": true,
                          "Hash Cond": "(mc.movie_id = t.id)",
                          "Plans": [
                            {
                              "Node Type": "Seq Scan",
                              "Parent Relationship": "Outer",
                              "Parallel Aware": true,
                              "Relation Name": "movie_companies",
                              "Alias": "mc",
                              "Startup Cost": 0.0,
                              "Total Cost": 29310.68,
                              "Plan Rows": 597328,
                              "Plan Width": 4,
                              "Actual Startup Time": 0.025,
                              "Actual Total Time": 47.6,
                              "Actual Rows": 262377,
                              "Actual Loops": 7,
                              "Filter": "(company_id < 33715)",
                              "Rows Removed by Filter": 110356
                            },
                            {
                              "Node Type": "Hash",
                              "Parent Relationship": "Inner",
                              "Parallel Aware": true,
                              "Startup Cost": 42318.73,
                              "Total Cost": 42318.73,
                              "Plan Rows": 632073,
                              "Plan Width": 4,
                              "Actual Startup Time": 245.588,
                              "Actual Total Time": 245.589,
                              "Actual Rows": 361187,
                              "Actual Loops": 7,
                              "Hash Buckets": 4194304,
                              "Original Hash Buckets": 4194304,
                              "Hash Batches": 1,
                              "Original Hash Batches": 1,
                              "Peak Memory Usage": 131776,
                              "Plans": [
                                {
                                  "Node Type": "Seq Scan",
                                  "Parent Relationship": "Outer",
                                  "Parallel Aware": true,
                                  "Relation Name": "title",
                                  "Alias": "t",
                                  "Startup Cost": 0.0,
                                  "Total Cost": 42318.73,
                                  "Plan Rows": 632073,
                                  "Plan Width": 4,
                                  "Actual Startup Time": 0.042,
                                  "Actual Total Time": 68.735,
                                  "Actual Rows": 361187,
                                  "Actual Loops": 7
                                }
                              ]
                            }
                          ]
                        }
                      ]
                    }
                  ]
                }
              ]
            }
          ]
        }
      ]
    },
    "Planning Time": 1.456,
    "Triggers": [],
    "Execution Time": 3640.416
  }
]