[
  {
    "Plan": {
      "Node Type": "Aggregate",
      "Strategy": "Plain",
      "Partial Mode": "Finalize",
      "Parallel Aware": false,
      "Startup Cost": 342779.37,
      "Total Cost": 342779.38,
      "Plan Rows": 1,
      "Plan Width": 8,
      "Actual Startup Time": 917.673,
      "Actual Total Time": 970.482,
      "Actual Rows": 1,
      "Actual Loops": 1,
      "Plans": [
        {
          "Node Type": "Gather",
          "Parent Relationship": "Outer",
          "Parallel Aware": false,
          "Startup Cost": 342778.74,
          "Total Cost": 342779.35,
          "Plan Rows": 6,
          "Plan Width": 8,
          "Actual Startup Time": 917.512,
          "Actual Total Time": 970.465,
          "Actual Rows": 7,
          "Actual Loops": 1,
          "Workers Planned": 6,
          "Workers Launched": 6,
          "Single Copy": false,
          "Plans": [
            {
              "Node Type": "Aggregate",
              "Strategy": "Plain",
              "Partial Mode": "Partial",
              "Parent Relationship": "Outer",
              "Parallel Aware": false,
              "Startup Cost": 341778.74,
              "Total Cost": 341778.75,
              "Plan Rows": 1,
              "Plan Width": 8,
              "Actual Startup Time": 910.088,
              "Actual Total Time": 910.089,
              "Actual Rows": 1,
              "Actual Loops": 7,
              "Plans": [
                {
                  "Node Type": "Seq Scan",
                  "Parent Relationship": "Outer",
                  "Parallel Aware": true,
                  "Relation Name": "cast_info",
                  "Alias": "ci",
                  "Startup Cost": 0.0,
                  "Total Cost": 328211.39,
                  "Plan Rows": 5426940,
                  "Plan Width": 0,
                  "Actual Startup Time": 53.424,
                  "Actual Total Time": 674.809,
                  "Actual Rows": 4631131,
                  "Actual Loops": 7,
                  "Filter": "(person_id > 366709)",
                  "Rows Removed by Filter": 546632
                }
              ]
            }
          ]
        }
      ]
    },
    "Planning Time": 0.198,
    "Triggers": [],
    "Execution Time": 970.554
  }
]