[
  {
    "Plan": {
      "Node Type": "Aggregate",
      "Strategy": "Plain",
      "Partial Mode": "Finalize",
      "Parallel Aware": false,
      "Startup Cost": 90518.03,
      "Total Cost": 90518.04,
      "Plan Rows": 1,
      "Plan Width": 8,
      "Actual Startup Time": 257.387,
      "Actual Total Time": 275.629,
      "Actual Rows": 1,
      "Actual Loops": 1,
      "Plans": [
        {
          "Node Type": "Gather",
          "Parent Relationship": "Outer",
          "Parallel Aware": false,
          "Startup Cost": 90517.71,
          "Total Cost": 90518.02,
          "Plan Rows": 3,
          "Plan Width": 8,
          "Actual Startup Time": 257.141,
          "Actual Total Time": 275.611,
          "Actual Rows": 4,
          "Actual Loops": 1,
          "Workers Planned": 3,
          "Workers Launched": 3,
          "Single Copy": false,
          "Plans": [
            {
              "Node Type": "Aggregate",
              "Strategy": "Plain",
              "Partial Mode": "Partial",
              "Parent Relationship": "Outer",
              "Parallel Aware": false,
              "Startup Cost": 89517.71,
              "Total Cost": 89517.72,
              "Plan Rows": 1,
              "Plan Width": 8,
              "Actual Startup Time": 248.575,
              "Actual Total Time": 248.577,
              "Actual Rows": 1,
              "Actual Loops": 4,
              "Plans": [
                {
                  "Node Type": "Hash Join",
                  "Parent Relationship": "Outer",
                  "Parallel Aware": true,
                  "Join Type": "Inner",
                  "Startup Cost": 44037.97,
                  "Total Cost": 89471.81,
                  "Plan Rows": 18359,
                  "Plan Width": 0,
                  "Actual Startup Time": 94.524,
                  "Actual Total Time": 247.85,
                  "Actual Rows": 15729,
                  "Actual Loops": 4,
                  "Inner Unique": true,
                  "Hash Cond": "(mk.movie_id = t.id)",
                  "Plans": [
                    {
                      "Node Type": "Seq Scan",
                      "Parent Relationship": "Outer",
                      "Parallel Aware": true,
                      "Relation Name": "movie_keyword",
                      "Alias": "mk",
                      "Startup Cost": 0.0,
                      "Total Cost": 42695.65,
                      "Plan Rows": 1043122,
                      "Plan Width": 4,
                      "Actual Startup Time": 0.092,
                      "Actual Total Time": 102.644,
                      "Actual Rows": 805348,
                      "Actual Loops": 4,
                      "Filter": "(keyword_id > 1699)",
                      "Rows Removed by Filter": 325635
                    },
                    {
                      "Node Type": "Hash",
                      "Parent Relationship": "Inner",
                      "Parallel Aware": true,
                      "Startup Cost": 43898.92,
                      "Total Cost": 43898.92,
                      "Plan Rows": 11124,
                      "Plan Width": 4,
                      "Actual Startup Time": 92.68,
                      "Actual Total Time": 92.681,
                      "Actual Rows": 11646,
                      "Actual Loops": 4,
                      "Hash Buckets": 65536,
                      "Original Hash Buckets": 65536,
                      "Hash Batches": 1,
                      "Original Hash Batches": 1,
                      "Peak Memory Usage": 2400,
                      "Plans": [
                        {
                          "Node Type": "Seq Scan",
                          "Parent Relationship": "Outer",
                          "Parallel Aware": true,
                          "Relation Name": "title",
                          "Alias": "t",
                          "Startup Cost": 0.0,
                          "Total Cost": 43898.92,
                          "Plan Rows": 11124,
                          "Plan Width": 4,
                          "Actual Startup Time": 0.044,
                          "Actual Total Time": 87.45,
                          "Actual Rows": 11646,
                          "Actual Loops": 4,
                          "Filter": "(production_year = 1998)",
                          "Rows Removed by Filter": 620432
                        }
                      ]
                    }
                  ]
                }
              ]
            }
          ]
        }
      ]
    },
    "Planning Time": 0.643,
    "Triggers": [],
    "Execution Time": 275.697
  }
]