[
  {
    "Plan": {
      "Node Type": "Aggregate",
      "Strategy": "Plain",
      "Partial Mode": "Finalize",
      "Parallel Aware": false,
      "Startup Cost": 29907.78,
      "Total Cost": 29907.79,
      "Plan Rows": 1,
      "Plan Width": 8,
      "Actual Startup Time": 71.788,
      "Actual Total Time": 75.835,
      "Actual Rows": 1,
      "Actual Loops": 1,
      "Plans": [
        {
          "Node Type": "Gather",
          "Parent Relationship": "Outer",
          "Parallel Aware": false,
          "Startup Cost": 29907.46,
          "Total Cost": 29907.77,
          "Plan Rows": 3,
          "Plan Width": 8,
          "Actual Startup Time": 71.662,
          "Actual Total Time": 75.829,
          "Actual Rows": 4,
          "Actual Loops": 1,
          "Workers Planned": 3,
          "Workers Launched": 3,
          "Single Copy": false,
          "Plans": [
            {
              "Node Type": "Aggregate",
              "Strategy": "Plain",
              "Partial Mode": "Partial",
              "Parent Relationship": "Outer",
              "Parallel Aware": false,
              "Startup Cost": 28907.46,
              "Total Cost": 28907.47,
              "Plan Rows": 1,
              "Plan Width": 8,
              "Actual Startup Time": 66.184,
              "Actual Total Time": 66.185,
              "Actual Rows": 1,
              "Actual Loops": 4,
              "Plans": [
                {
                  "Node Type": "Bitmap Heap Scan",
                  "Parent Relationship": "Outer",
                  "Parallel Aware": true,
                  "Relation Name": "movie_companies",
                  "Alias": "mc",
                  "Startup Cost": 8270.56,
                  "Total Cost": 28599.65,
                  "Plan Rows": 123127,
                  "Plan Width": 0,
                  "Actual Startup Time": 25.305,
                  "Actual Total Time": 59.726,
                  "Actual Rows": 95162,
                  "Actual Loops": 4,
                  "Recheck Cond": "(company_id > 84192)",
                  "Rows Removed by Index Recheck": 0,
                  "Exact Heap Blocks": 3418,
                  "Lossy Heap Blocks": 0,
                  "Plans": [
                    {
                      "Node Type": "Bitmap Index Scan",
                      "Parent Relationship": "Outer",
                      "Parallel Aware": false,
                      "Index Name": "company_id_movie_companies",
                      "Startup Cost": 0.0,
                      "Total Cost": 8175.14,
                      "Plan Rows": 381694,
                      "Plan Width": 0,
                      "Actual Startup Time": 29.338,
                      "Actual Total Time": 29.338,
                      "Actual Rows": 380650,
                      "Actual Loops": 1,
                      "Index Cond": "(company_id > 84192)"
                    }
                  ]
                }
              ]
            }
          ]
        }
      ]
    },
    "Planning Time": 0.097,
    "Triggers": [],
    "Execution Time": 75.875
  }
]