[
  {
    "Plan": {
      "Node Type": "Aggregate",
      "Strategy": "Plain",
      "Partial Mode": "Finalize",
      "Parallel Aware": false,
      "Startup Cost": 77672.49,
      "Total Cost": 77672.5,
      "Plan Rows": 1,
      "Plan Width": 8,
      "Actual Startup Time": 418.701,
      "Actual Total Time": 435.122,
      "Actual Rows": 1,
      "Actual Loops": 1,
      "Plans": [
        {
          "Node Type": "Gather",
          "Parent Relationship": "Outer",
          "Parallel Aware": false,
          "Startup Cost": 77672.17,
          "Total Cost": 77672.48,
          "Plan Rows": 3,
          "Plan Width": 8,
          "Actual Startup Time": 409.2,
          "Actual Total Time": 435.111,
          "Actual Rows": 4,
          "Actual Loops": 1,
          "Workers Planned": 3,
          "Workers Launched": 3,
          "Single Copy": false,
          "Plans": [
            {
              "Node Type": "Aggregate",
              "Strategy": "Plain",
              "Partial Mode": "Partial",
              "Parent Relationship": "Outer",
              "Parallel Aware": false,
              "Startup Cost": 76672.17,
              "Total Cost": 76672.18,
              "Plan Rows": 1,
              "Plan Width": 8,
              "Actual Startup Time": 397.612,
              "Actual Total Time": 397.617,
              "Actual Rows": 1,
              "Actual Loops": 4,
              "Plans": [
                {
                  "Node Type": "Hash Join",
                  "Parent Relationship": "Outer",
                  "Parallel Aware": true,
                  "Join Type": "Inner",
                  "Startup Cost": 51796.12,
                  "Total Cost": 76612.31,
                  "Plan Rows": 23946,
                  "Plan Width": 0,
                  "Actual Startup Time": 352.142,
                  "Actual Total Time": 396.502,
                  "Actual Rows": 18752,
                  "Actual Loops": 4,
                  "Inner Unique": true,
                  "Hash Cond": "(mk.movie_id = t.id)",
                  "Plans": [
                    {
                      "Node Type": "Bitmap Heap Scan",
                      "Parent Relationship": "Outer",
                      "Parallel Aware": true,
                      "Relation Name": "movie_keyword",
                      "Alias": "mk",
                      "Startup Cost": 1575.74,
                      "Total Cost": 26329.06,
                      "Plan Rows": 23946,
                      "Plan Width": 4,
                      "Actual Startup Time": 7.853,
                      "Actual Total Time": 35.273,
                      "Actual Rows": 18752,
                      "Actual Loops": 4,
                      "Recheck Cond": "(keyword_id < 70)",
                      "Rows Removed by Index Recheck": 0,
                      "Exact Heap Blocks": 7778,
                      "Lossy Heap Blocks": 0,
                      "Plans": [
                        {
                          "Node Type": "Bitmap Index Scan",
                          "Parent Relationship": "Outer",
                          "Parallel Aware": false,
                          "Index Name": "keyword_id_movie_keyword",
                          "Startup Cost": 0.0,
                          "Total Cost": 1557.18,
                          "Plan Rows": 74233,
                          "Plan Width": 0,
                          "Actual Startup Time": 5.1,
                          "Actual Total Time": 5.101,
                          "Actual Rows": 75008,
                          "Actual Loops": 1,
                          "Index Cond": "(keyword_id < 70)"
                        }
                      ]
                    },
                    {
                      "Node Type": "Hash",
                      "Parent Relationship": "Inner",
                      "Parallel Aware": true,
                      "Startup Cost": 42319.06,
                      "Total Cost": 42319.06,
                      "Plan Rows": 632106,
                      "Plan Width": 4,
                      "Actual Startup Time": 336.099,
                      "Actual Total Time": 336.101,
                      "Actual Rows": 632078,
                      "Actual Loops": 4,
                      "Hash Buckets": 4194304,
                      "Original Hash Buckets": 4194304,
                      "Hash Batches": 1,
                      "Original Hash Batches": 1,
                      "Peak Memory Usage": 131744,
                      "Plans": [
                        {
                          "Node Type": "Seq Scan",
                          "Parent Relationship": "Outer",
                          "Parallel Aware": true,
                          "Relation Name": "title",
                          "Alias": "t",
                          "Startup Cost": 0.0,
                          "Total Cost": 42319.06,
                          "Plan Rows": 632106,
                          "Plan Width": 4,
                          "Actual Startup Time": 0.039,
                          "Actual Total Time": 96.349,
                          "Actual Rows": 632078,
                          "Actual Loops": 4
                        }
                      ]
                    }
                  ]
                }
              ]
            }
          ]
        }
      ]
    },
    "Planning Time": 0.433,
    "Triggers": [],
    "Execution Time": 435.171
  }
]