[
  {
    "Plan": {
      "Node Type": "Aggregate",
      "Strategy": "Plain",
      "Partial Mode": "Finalize",
      "Parallel Aware": false,
      "Startup Cost": 338804.72,
      "Total Cost": 338804.73,
      "Plan Rows": 1,
      "Plan Width": 8,
      "Actual Startup Time": 782.932,
      "Actual Total Time": 837.949,
      "Actual Rows": 1,
      "Actual Loops": 1,
      "Plans": [
        {
          "Node Type": "Gather",
          "Parent Relationship": "Outer",
          "Parallel Aware": false,
          "Startup Cost": 338804.1,
          "Total Cost": 338804.71,
          "Plan Rows": 6,
          "Plan Width": 8,
          "Actual Startup Time": 782.807,
          "Actual Total Time": 837.94,
          "Actual Rows": 7,
          "Actual Loops": 1,
          "Workers Planned": 6,
          "Workers Launched": 6,
          "Single Copy": false,
          "Plans": [
            {
              "Node Type": "Aggregate",
              "Strategy": "Plain",
              "Partial Mode": "Partial",
              "Parent Relationship": "Outer",
              "Parallel Aware": false,
              "Startup Cost": 337804.1,
              "Total Cost": 337804.11,
              "Plan Rows": 1,
              "Plan Width": 8,
              "Actual Startup Time": 774.146,
              "Actual Total Time": 774.148,
              "Actual Rows": 1,
              "Actual Loops": 7,
              "Plans": [
                {
                  "Node Type": "Seq Scan",
                  "Parent Relationship": "Outer",
                  "Parallel Aware": true,
                  "Relation Name": "cast_info",
                  "Alias": "ci",
                  "Startup Cost": 0.0,
                  "Total Cost": 328162.03,
                  "Plan Rows": 3856828,
                  "Plan Width": 0,
                  "Actual Startup Time": 0.046,
                  "Actual Total Time": 625.154,
                  "Actual Rows": 3313698,
                  "Actual Loops": 7,
                  "Filter": "(person_id < 2372129)",
                  "Rows Removed by Filter": 1864065
                }
              ]
            }
          ]
        }
      ]
    },
    "Planning Time": 0.085,
    "Triggers": [],
    "Execution Time": 837.994
  }
]