[
  {
    "Plan": {
      "Node Type": "Aggregate",
      "Strategy": "Plain",
      "Partial Mode": "Finalize",
      "Parallel Aware": false,
      "Startup Cost": 32760.69,
      "Total Cost": 32760.7,
      "Plan Rows": 1,
      "Plan Width": 8,
      "Actual Startup Time": 88.66,
      "Actual Total Time": 98.169,
      "Actual Rows": 1,
      "Actual Loops": 1,
      "Plans": [
        {
          "Node Type": "Gather",
          "Parent Relationship": "Outer",
          "Parallel Aware": false,
          "Startup Cost": 32760.37,
          "Total Cost": 32760.68,
          "Plan Rows": 3,
          "Plan Width": 8,
          "Actual Startup Time": 88.517,
          "Actual Total Time": 98.16,
          "Actual Rows": 4,
          "Actual Loops": 1,
          "Workers Planned": 3,
          "Workers Launched": 3,
          "Single Copy": false,
          "Plans": [
            {
              "Node Type": "Aggregate",
              "Strategy": "Plain",
              "Partial Mode": "Partial",
              "Parent Relationship": "Outer",
              "Parallel Aware": false,
              "Startup Cost": 31760.37,
              "Total Cost": 31760.38,
              "Plan Rows": 1,
              "Plan Width": 8,
              "Actual Startup Time": 81.646,
              "Actual Total Time": 81.648,
              "Actual Rows": 1,
              "Actual Loops": 4,
              "Plans": [
                {
                  "Node Type": "Seq Scan",
                  "Parent Relationship": "Outer",
                  "Parallel Aware": true,
                  "Relation Name": "movie_companies",
                  "Alias": "mc",
                  "Startup Cost": 0.0,
                  "Total Cost": 31414.82,
                  "Plan Rows": 138222,
                  "Plan Width": 0,
                  "Actual Startup Time": 20.516,
                  "Actual Total Time": 80.087,
                  "Actual Rows": 25676,
                  "Actual Loops": 4,
                  "Filter": "((company_id > 23837) AND (company_type_id = 1))",
                  "Rows Removed by Filter": 626606
                }
              ]
            }
          ]
        }
      ]
    },
    "Planning Time": 0.227,
    "Triggers": [],
    "Execution Time": 98.219
  }
]