[
  {
    "Plan": {
      "Node Type": "Aggregate",
      "Strategy": "Plain",
      "Partial Mode": "Finalize",
      "Parallel Aware": false,
      "Startup Cost": 31150.42,
      "Total Cost": 31150.43,
      "Plan Rows": 1,
      "Plan Width": 8,
      "Actual Startup Time": 88.709,
      "Actual Total Time": 96.363,
      "Actual Rows": 1,
      "Actual Loops": 1,
      "Plans": [
        {
          "Node Type": "Gather",
          "Parent Relationship": "Outer",
          "Parallel Aware": false,
          "Startup Cost": 31150.11,
          "Total Cost": 31150.42,
          "Plan Rows": 3,
          "Plan Width": 8,
          "Actual Startup Time": 88.589,
          "Actual Total Time": 96.356,
          "Actual Rows": 4,
          "Actual Loops": 1,
          "Workers Planned": 3,
          "Workers Launched": 3,
          "Single Copy": false,
          "Plans": [
            {
              "Node Type": "Aggregate",
              "Strategy": "Plain",
              "Partial Mode": "Partial",
              "Parent Relationship": "Outer",
              "Parallel Aware": false,
              "Startup Cost": 30150.11,
              "Total Cost": 30150.12,
              "Plan Rows": 1,
              "Plan Width": 8,
              "Actual Startup Time": 83.658,
              "Actual Total Time": 83.659,
              "Actual Rows": 1,
              "Actual Loops": 4,
              "Plans": [
                {
                  "Node Type": "Seq Scan",
                  "Parent Relationship": "Outer",
                  "Parallel Aware": true,
                  "Relation Name": "movie_companies",
                  "Alias": "mc",
                  "Startup Cost": 0.0,
                  "Total Cost": 29310.68,
                  "Plan Rows": 335770,
                  "Plan Width": 0,
                  "Actual Startup Time": 18.661,
                  "Actual Total Time": 72.743,
                  "Actual Rows": 262501,
                  "Actual Loops": 4,
                  "Filter": "(company_id > 14947)",
                  "Rows Removed by Filter": 389781
                }
              ]
            }
          ]
        }
      ]
    },
    "Planning Time": 0.188,
    "Triggers": [],
    "Execution Time": 96.418
  }
]