{
  "Plan": {
    "Node Type": "Aggregate",
    "Strategy": "Plain",
    "Partial Mode": "Finalize",
    "Parallel Aware": false,
    "Startup Cost": 129072.83,
    "Total Cost": 129072.84,
    "Plan Rows": 1,
    "Plan Width": 8,
    "Actual Startup Time": 810.091,
    "Actual Total Time": 827.266,
    "Actual Rows": 1,
    "Actual Loops": 1,
    "Plans": [
      {
        "Node Type": "Gather",
        "Parent Relationship": "Outer",
        "Parallel Aware": false,
        "Startup Cost": 129072.71,
        "Total Cost": 129072.82,
        "Plan Rows": 1,
        "Plan Width": 8,
        "Actual Startup Time": 807.792,
        "Actual Total Time": 827.254,
        "Actual Rows": 2,
        "Actual Loops": 1,
        "Workers Planned": 1,
        "Workers Launched": 1,
        "Single Copy": false,
        "Plans": [
          {
            "Node Type": "Aggregate",
            "Strategy": "Plain",
            "Partial Mode": "Partial",
            "Parent Relationship": "Outer",
            "Parallel Aware": false,
            "Startup Cost": 128072.71,
            "Total Cost": 128072.72,
            "Plan Rows": 1,
            "Plan Width": 8,
            "Actual Startup Time": 799.749,
            "Actual Total Time": 799.756,
            "Actual Rows": 1,
            "Actual Loops": 2,
            "Plans": [
              {
                "Node Type": "Hash Join",
                "Parent Relationship": "Outer",
                "Parallel Aware": true,
                "Join Type": "Inner",
                "Startup Cost": 65951.41,
                "Total Cost": 126452.64,
                "Plan Rows": 648029,
                "Plan Width": 0,
                "Actual Startup Time": 438.389,
                "Actual Total Time": 772.819,
                "Actual Rows": 676248,
                "Actual Loops": 2,
                "Inner Unique": true,
                "Hash Cond": "(mk.movie_id = t.id)",
                "Plans": [
                  {
                    "Node Type": "Seq Scan",
                    "Parent Relationship": "Outer",
                    "Parallel Aware": true,
                    "Relation Name": "movie_keyword",
                    "Alias": "mk",
                    "Startup Cost": 0.0,
                    "Total Cost": 57718.19,
                    "Plan Rows": 1060204,
                    "Plan Width": 4,
                    "Actual Startup Time": 0.74,
                    "Actual Total Time": 180.355,
                    "Actual Rows": 904754,
                    "Actual Loops": 2,
                    "Filter": "(keyword_id > 7672)",
                    "Rows Removed by Filter": 1357212
                  },
                  {
                    "Node Type": "Hash",
                    "Parent Relationship": "Inner",
                    "Parallel Aware": true,
                    "Startup Cost": 54588.39,
                    "Total Cost": 54588.39,
                    "Plan Rows": 909042,
                    "Plan Width": 4,
                    "Actual Startup Time": 421.392,
                    "Actual Total Time": 421.394,
                    "Actual Rows": 775864,
                    "Actual Loops": 2,
                    "Hash Buckets": 2097152,
                    "Original Hash Buckets": 2097152,
                    "Hash Batches": 1,
                    "Original Hash Batches": 1,
                    "Peak Memory Usage": 77120,
                    "Plans": [
                      {
                        "Node Type": "Seq Scan",
                        "Parent Relationship": "Outer",
                        "Parallel Aware": true,
                        "Relation Name": "title",
                        "Alias": "t",
                        "Startup Cost": 0.0,
                        "Total Cost": 54588.39,
                        "Plan Rows": 909042,
                        "Plan Width": 4,
                        "Actual Startup Time": 0.044,
                        "Actual Total Time": 179.662,
                        "Actual Rows": 775864,
                        "Actual Loops": 2,
                        "Filter": "(production_year < 2007)",
                        "Rows Removed by Filter": 488292
                      }
                    ]
                  }
                ]
              }
            ]
          }
        ]
      }
    ]
  },
  "Planning Time": 0.676,
  "Triggers": [],
  "Execution Time": 827.35
}