[
  {
    "Plan": {
      "Node Type": "Aggregate",
      "Strategy": "Plain",
      "Partial Mode": "Finalize",
      "Parallel Aware": false,
      "Startup Cost": 338484.05,
      "Total Cost": 338484.06,
      "Plan Rows": 1,
      "Plan Width": 8,
      "Actual Startup Time": 452.089,
      "Actual Total Time": 472.945,
      "Actual Rows": 1,
      "Actual Loops": 1,
      "Plans": [
        {
          "Node Type": "Gather",
          "Parent Relationship": "Outer",
          "Parallel Aware": false,
          "Startup Cost": 338483.42,
          "Total Cost": 338484.03,
          "Plan Rows": 6,
          "Plan Width": 8,
          "Actual Startup Time": 452.005,
          "Actual Total Time": 472.936,
          "Actual Rows": 7,
          "Actual Loops": 1,
          "Workers Planned": 6,
          "Workers Launched": 6,
          "Single Copy": false,
          "Plans": [
            {
              "Node Type": "Aggregate",
              "Strategy": "Plain",
              "Partial Mode": "Partial",
              "Parent Relationship": "Outer",
              "Parallel Aware": false,
              "Startup Cost": 337483.42,
              "Total Cost": 337483.43,
              "Plan Rows": 1,
              "Plan Width": 8,
              "Actual Startup Time": 443.018,
              "Actual Total Time": 443.019,
              "Actual Rows": 1,
              "Actual Loops": 7,
              "Plans": [
                {
                  "Node Type": "Index Scan",
                  "Parent Relationship": "Outer",
                  "Parallel Aware": true,
                  "Scan Direction": "Forward",
                  "Index Name": "role_id_cast_info",
                  "Relation Name": "cast_info",
                  "Alias": "ci",
                  "Startup Cost": 0.56,
                  "Total Cost": 335235.55,
                  "Plan Rows": 899149,
                  "Plan Width": 0,
                  "Actual Startup Time": 0.114,
                  "Actual Total Time": 374.512,
                  "Actual Rows": 1608270,
                  "Actual Loops": 7,
                  "Index Cond": "(role_id = 1)",
                  "Rows Removed by Index Recheck": 0,
                  "Filter": "(person_id < 1542108)",
                  "Rows Removed by Filter": 201828
                }
              ]
            }
          ]
        }
      ]
    },
    "Planning Time": 0.226,
    "Triggers": [],
    "Execution Time": 473.002
  }
]