[
    {
        "Bao": {
            "Bao prediction": 1526.642,
            "Bao recommended hint": "SET enable_nestloop TO off; "
        }
    },
    {
        "Plan": {
            "Node Type": "Aggregate",
            "Strategy": "Plain",
            "Partial Mode": "Finalize",
            "Parallel Aware": false,
            "Startup Cost": 403933.97,
            "Total Cost": 403933.98,
            "Plan Rows": 1,
            "Plan Width": 8,
            "Actual Startup Time": 2161.685,
            "Actual Total Time": 2201.609,
            "Actual Rows": 1,
            "Actual Loops": 1,
            "Output": [
                "count(*)"
            ],
            "Plans": [
                {
                    "Node Type": "Gather",
                    "Parent Relationship": "Outer",
                    "Parallel Aware": false,
                    "Startup Cost": 403933.35,
                    "Total Cost": 403933.96,
                    "Plan Rows": 6,
                    "Plan Width": 8,
                    "Actual Startup Time": 2160.04,
                    "Actual Total Time": 2201.585,
                    "Actual Rows": 7,
                    "Actual Loops": 1,
                    "Output": [
                        "(PARTIAL count(*))"
                    ],
                    "Workers Planned": 6,
                    "Workers Launched": 6,
                    "Single Copy": false,
                    "Plans": [
                        {
                            "Node Type": "Aggregate",
                            "Strategy": "Plain",
                            "Partial Mode": "Partial",
                            "Parent Relationship": "Outer",
                            "Parallel Aware": false,
                            "Startup Cost": 402933.35,
                            "Total Cost": 402933.36,
                            "Plan Rows": 1,
                            "Plan Width": 8,
                            "Actual Startup Time": 2148.048,
                            "Actual Total Time": 2148.054,
                            "Actual Rows": 1,
                            "Actual Loops": 7,
                            "Output": [
                                "PARTIAL count(*)"
                            ],
                            "Workers": [
                                {
                                    "Worker Number": 0,
                                    "Actual Startup Time": 2145.218,
                                    "Actual Total Time": 2145.224,
                                    "Actual Rows": 1,
                                    "Actual Loops": 1
                                },
                                {
                                    "Worker Number": 1,
                                    "Actual Startup Time": 2146.002,
                                    "Actual Total Time": 2146.006,
                                    "Actual Rows": 1,
                                    "Actual Loops": 1
                                },
                                {
                                    "Worker Number": 2,
                                    "Actual Startup Time": 2145.986,
                                    "Actual Total Time": 2145.991,
                                    "Actual Rows": 1,
                                    "Actual Loops": 1
                                },
                                {
                                    "Worker Number": 3,
                                    "Actual Startup Time": 2146.332,
                                    "Actual Total Time": 2146.336,
                                    "Actual Rows": 1,
                                    "Actual Loops": 1
                                },
                                {
                                    "Worker Number": 4,
                                    "Actual Startup Time": 2146.912,
                                    "Actual Total Time": 2146.916,
                                    "Actual Rows": 1,
                                    "Actual Loops": 1
                                },
                                {
                                    "Worker Number": 5,
                                    "Actual Startup Time": 2147.01,
                                    "Actual Total Time": 2147.014,
                                    "Actual Rows": 1,
                                    "Actual Loops": 1
                                }
                            ],
                            "Plans": [
                                {
                                    "Node Type": "Hash Join",
                                    "Parent Relationship": "Outer",
                                    "Parallel Aware": true,
                                    "Join Type": "Inner",
                                    "Startup Cost": 72242.54,
                                    "Total Cost": 402797.97,
                                    "Plan Rows": 54150,
                                    "Plan Width": 0,
                                    "Actual Startup Time": 165.668,
                                    "Actual Total Time": 2142.914,
                                    "Actual Rows": 53841,
                                    "Actual Loops": 7,
                                    "Inner Unique": false,
                                    "Hash Cond": "(t.id = mc.movie_id)",
                                    "Workers": [
                                        {
                                            "Worker Number": 0,
                                            "Actual Startup Time": 163.132,
                                            "Actual Total Time": 2140.076,
                                            "Actual Rows": 49833,
                                            "Actual Loops": 1
                                        },
                                        {
                                            "Worker Number": 1,
                                            "Actual Startup Time": 163.544,
                                            "Actual Total Time": 2140.724,
                                            "Actual Rows": 53542,
                                            "Actual Loops": 1
                                        },
                                        {
                                            "Worker Number": 2,
                                            "Actual Startup Time": 163.614,
                                            "Actual Total Time": 2140.76,
                                            "Actual Rows": 50032,
                                            "Actual Loops": 1
                                        },
                                        {
                                            "Worker Number": 3,
                                            "Actual Startup Time": 163.786,
                                            "Actual Total Time": 2141.226,
                                            "Actual Rows": 50275,
                                            "Actual Loops": 1
                                        },
                                        {
                                            "Worker Number": 4,
                                            "Actual Startup Time": 164.438,
                                            "Actual Total Time": 2141.669,
                                            "Actual Rows": 51574,
                                            "Actual Loops": 1
                                        },
                                        {
                                            "Worker Number": 5,
                                            "Actual Startup Time": 164.604,
                                            "Actual Total Time": 2141.77,
                                            "Actual Rows": 58347,
                                            "Actual Loops": 1
                                        }
                                    ],
                                    "Plans": [
                                        {
                                            "Node Type": "Hash Join",
                                            "Parent Relationship": "Outer",
                                            "Parallel Aware": true,
                                            "Join Type": "Inner",
                                            "Startup Cost": 38872.62,
                                            "Total Cost": 367841.53,
                                            "Plan Rows": 282369,
                                            "Plan Width": 8,
                                            "Actual Startup Time": 72.108,
                                            "Actual Total Time": 1964.584,
                                            "Actual Rows": 196869,
                                            "Actual Loops": 7,
                                            "Output": [
                                                "t.id",
                                                "ci.movie_id"
                                            ],
                                            "Inner Unique": true,
                                            "Hash Cond": "(ci.movie_id = t.id)",
                                            "Workers": [
                                                {
                                                    "Worker Number": 0,
                                                    "Actual Startup Time": 72.238,
                                                    "Actual Total Time": 1966.589,
                                                    "Actual Rows": 185602,
                                                    "Actual Loops": 1
                                                },
                                                {
                                                    "Worker Number": 1,
                                                    "Actual Startup Time": 71.974,
                                                    "Actual Total Time": 1967.838,
                                                    "Actual Rows": 193378,
                                                    "Actual Loops": 1
                                                },
                                                {
                                                    "Worker Number": 2,
                                                    "Actual Startup Time": 72.108,
                                                    "Actual Total Time": 1968.51,
                                                    "Actual Rows": 182691,
                                                    "Actual Loops": 1
                                                },
                                                {
                                                    "Worker Number": 3,
                                                    "Actual Startup Time": 72.036,
                                                    "Actual Total Time": 1968.879,
                                                    "Actual Rows": 187043,
                                                    "Actual Loops": 1
                                                },
                                                {
                                                    "Worker Number": 4,
                                                    "Actual Startup Time": 72.077,
                                                    "Actual Total Time": 1965.708,
                                                    "Actual Rows": 190896,
                                                    "Actual Loops": 1
                                                },
                                                {
                                                    "Worker Number": 5,
                                                    "Actual Startup Time": 72.195,
                                                    "Actual Total Time": 1961.104,
                                                    "Actual Rows": 212304,
                                                    "Actual Loops": 1
                                                }
                                            ],
                                            "Plans": [
                                                {
                                                    "Node Type": "Seq Scan",
                                                    "Parent Relationship": "Outer",
                                                    "Parallel Aware": true,
                                                    "Relation Name": "cast_info",
                                                    "Schema": "public",
                                                    "Alias": "ci",
                                                    "Startup Cost": 0.0,
                                                    "Total Cost": 313108.29,
                                                    "Plan Rows": 6042129,
                                                    "Plan Width": 4,
                                                    "Actual Startup Time": 0.029,
                                                    "Actual Total Time": 738.16,
                                                    "Actual Rows": 5177763,
                                                    "Actual Loops": 7,
                                                    "Output": [
                                                        "ci.id",
                                                        "ci.person_id",
                                                        "ci.movie_id",
                                                        "ci.person_role_id",
                                                        "ci.note",
                                                        "ci.nr_order",
                                                        "ci.role_id"
                                                    ],
                                                    "Workers": [
                                                        {
                                                            "Worker Number": 0,
                                                            "Actual Startup Time": 0.033,
                                                            "Actual Total Time": 738.562,
                                                            "Actual Rows": 4849943,
                                                            "Actual Loops": 1
                                                        },
                                                        {
                                                            "Worker Number": 1,
                                                            "Actual Startup Time": 0.036,
                                                            "Actual Total Time": 765.359,
                                                            "Actual Rows": 5205144,
                                                            "Actual Loops": 1
                                                        },
                                                        {
                                                            "Worker Number": 2,
                                                            "Actual Startup Time": 0.033,
                                                            "Actual Total Time": 752.094,
                                                            "Actual Rows": 4866433,
                                                            "Actual Loops": 1
                                                        },
                                                        {
                                                            "Worker Number": 3,
                                                            "Actual Startup Time": 0.028,
                                                            "Actual Total Time": 761.85,
                                                            "Actual Rows": 4928370,
                                                            "Actual Loops": 1
                                                        },
                                                        {
                                                            "Worker Number": 4,
                                                            "Actual Startup Time": 0.025,
                                                            "Actual Total Time": 742.406,
                                                            "Actual Rows": 4938761,
                                                            "Actual Loops": 1
                                                        },
                                                        {
                                                            "Worker Number": 5,
                                                            "Actual Startup Time": 0.034,
                                                            "Actual Total Time": 724.868,
                                                            "Actual Rows": 5513951,
                                                            "Actual Loops": 1
                                                        }
                                                    ]
                                                },
                                                {
                                                    "Node Type": "Hash",
                                                    "Parent Relationship": "Inner",
                                                    "Parallel Aware": true,
                                                    "Startup Cost": 38503.39,
                                                    "Total Cost": 38503.39,
                                                    "Plan Rows": 29539,
                                                    "Plan Width": 4,
                                                    "Actual Startup Time": 71.619,
                                                    "Actual Total Time": 71.62,
                                                    "Actual Rows": 16891,
                                                    "Actual Loops": 7,
                                                    "Output": [
                                                        "t.id"
                                                    ],
                                                    "Hash Buckets": 131072,
                                                    "Original Hash Buckets": 131072,
                                                    "Hash Batches": 1,
                                                    "Original Hash Batches": 1,
                                                    "Peak Memory Usage": 5760,
                                                    "Workers": [
                                                        {
                                                            "Worker Number": 0,
                                                            "Actual Startup Time": 71.895,
                                                            "Actual Total Time": 71.896,
                                                            "Actual Rows": 15155,
                                                            "Actual Loops": 1
                                                        },
                                                        {
                                                            "Worker Number": 1,
                                                            "Actual Startup Time": 71.863,
                                                            "Actual Total Time": 71.865,
                                                            "Actual Rows": 16182,
                                                            "Actual Loops": 1
                                                        },
                                                        {
                                                            "Worker Number": 2,
                                                            "Actual Startup Time": 71.842,
                                                            "Actual Total Time": 71.844,
                                                            "Actual Rows": 17172,
                                                            "Actual Loops": 1
                                                        },
                                                        {
                                                            "Worker Number": 3,
                                                            "Actual Startup Time": 71.844,
                                                            "Actual Total Time": 71.846,
                                                            "Actual Rows": 17310,
                                                            "Actual Loops": 1
                                                        },
                                                        {
                                                            "Worker Number": 4,
                                                            "Actual Startup Time": 71.92,
                                                            "Actual Total Time": 71.921,
                                                            "Actual Rows": 15233,
                                                            "Actual Loops": 1
                                                        },
                                                        {
                                                            "Worker Number": 5,
                                                            "Actual Startup Time": 70.163,
                                                            "Actual Total Time": 70.165,
                                                            "Actual Rows": 15891,
                                                            "Actual Loops": 1
                                                        }
                                                    ],
                                                    "Plans": [
                                                        {
                                                            "Node Type": "Bitmap Heap Scan",
                                                            "Parent Relationship": "Outer",
                                                            "Parallel Aware": true,
                                                            "Relation Name": "title",
                                                            "Schema": "public",
                                                            "Alias": "t",
                                                            "Startup Cost": 2136.15,
                                                            "Total Cost": 38503.39,
                                                            "Plan Rows": 29539,
                                                            "Plan Width": 4,
                                                            "Actual Startup Time": 14.573,
                                                            "Actual Total Time": 58.763,
                                                            "Actual Rows": 16891,
                                                            "Actual Loops": 7,
                                                            "Output": [
                                                                "t.id"
                                                            ],
                                                            "Recheck Cond": "(t.kind_id = 4)",
                                                            "Rows Removed by Index Recheck": 0,
                                                            "Exact Heap Blocks": 2337,
                                                            "Lossy Heap Blocks": 0,
                                                            "Workers": [
                                                                {
                                                                    "Worker Number": 0,
                                                                    "Actual Startup Time": 14.423,
                                                                    "Actual Total Time": 59.248,
                                                                    "Actual Rows": 15155,
                                                                    "Actual Loops": 1
                                                                },
                                                                {
                                                                    "Worker Number": 1,
                                                                    "Actual Startup Time": 14.457,
                                                                    "Actual Total Time": 59.099,
                                                                    "Actual Rows": 16182,
                                                                    "Actual Loops": 1
                                                                },
                                                                {
                                                                    "Worker Number": 2,
                                                                    "Actual Startup Time": 14.766,
                                                                    "Actual Total Time": 58.812,
                                                                    "Actual Rows": 17172,
                                                                    "Actual Loops": 1
                                                                },
                                                                {
                                                                    "Worker Number": 3,
                                                                    "Actual Startup Time": 14.412,
                                                                    "Actual Total Time": 59.003,
                                                                    "Actual Rows": 17310,
                                                                    "Actual Loops": 1
                                                                },
                                                                {
                                                                    "Worker Number": 4,
                                                                    "Actual Startup Time": 14.458,
                                                                    "Actual Total Time": 59.153,
                                                                    "Actual Rows": 15233,
                                                                    "Actual Loops": 1
                                                                },
                                                                {
                                                                    "Worker Number": 5,
                                                                    "Actual Startup Time": 14.432,
                                                                    "Actual Total Time": 59.325,
                                                                    "Actual Rows": 15891,
                                                                    "Actual Loops": 1
                                                                }
                                                            ],
                                                            "Plans": [
                                                                {
                                                                    "Node Type": "Bitmap Index Scan",
                                                                    "Parent Relationship": "Outer",
                                                                    "Parallel Aware": false,
                                                                    "Index Name": "kind_id_title",
                                                                    "Startup Cost": 0.0,
                                                                    "Total Cost": 2106.61,
                                                                    "Plan Rows": 118157,
                                                                    "Plan Width": 0,
                                                                    "Actual Startup Time": 11.548,
                                                                    "Actual Total Time": 11.548,
                                                                    "Actual Rows": 118234,
                                                                    "Actual Loops": 1,
                                                                    "Index Cond": "(t.kind_id = 4)",
                                                                    "Workers": [
                                                                        {
                                                                            "Worker Number": 5,
                                                                            "Actual Startup Time": 11.548,
                                                                            "Actual Total Time": 11.548,
                                                                            "Actual Rows": 118234,
                                                                            "Actual Loops": 1
                                                                        }
                                                                    ]
                                                                }
                                                            ]
                                                        }
                                                    ]
                                                }
                                            ]
                                        },
                                        {
                                            "Node Type": "Hash",
                                            "Parent Relationship": "Inner",
                                            "Parallel Aware": true,
                                            "Startup Cost": 31414.82,
                                            "Total Cost": 31414.82,
                                            "Plan Rows": 156408,
                                            "Plan Width": 4,
                                            "Actual Startup Time": 90.906,
                                            "Actual Total Time": 90.907,
                                            "Actual Rows": 25354,
                                            "Actual Loops": 7,
                                            "Output": [
                                                "mc.movie_id"
                                            ],
                                            "Hash Buckets": 524288,
                                            "Original Hash Buckets": 524288,
                                            "Hash Batches": 1,
                                            "Original Hash Batches": 1,
                                            "Peak Memory Usage": 11136,
                                            "Workers": [
                                                {
                                                    "Worker Number": 0,
                                                    "Actual Startup Time": 90.118,
                                                    "Actual Total Time": 90.119,
                                                    "Actual Rows": 23636,
                                                    "Actual Loops": 1
                                                },
                                                {
                                                    "Worker Number": 1,
                                                    "Actual Startup Time": 90.913,
                                                    "Actual Total Time": 90.914,
                                                    "Actual Rows": 24755,
                                                    "Actual Loops": 1
                                                },
                                                {
                                                    "Worker Number": 2,
                                                    "Actual Startup Time": 90.823,
                                                    "Actual Total Time": 90.824,
                                                    "Actual Rows": 24808,
                                                    "Actual Loops": 1
                                                },
                                                {
                                                    "Worker Number": 3,
                                                    "Actual Startup Time": 90.953,
                                                    "Actual Total Time": 90.954,
                                                    "Actual Rows": 24518,
                                                    "Actual Loops": 1
                                                },
                                                {
                                                    "Worker Number": 4,
                                                    "Actual Startup Time": 91.728,
                                                    "Actual Total Time": 91.729,
                                                    "Actual Rows": 22791,
                                                    "Actual Loops": 1
                                                },
                                                {
                                                    "Worker Number": 5,
                                                    "Actual Startup Time": 91.919,
                                                    "Actual Total Time": 91.92,
                                                    "Actual Rows": 23196,
                                                    "Actual Loops": 1
                                                }
                                            ],
                                            "Plans": [
                                                {
                                                    "Node Type": "Seq Scan",
                                                    "Parent Relationship": "Outer",
                                                    "Parallel Aware": true,
                                                    "Relation Name": "movie_companies",
                                                    "Schema": "public",
                                                    "Alias": "mc",
                                                    "Startup Cost": 0.0,
                                                    "Total Cost": 31414.82,
                                                    "Plan Rows": 156408,
                                                    "Plan Width": 4,
                                                    "Actual Startup Time": 17.987,
                                                    "Actual Total Time": 73.366,
                                                    "Actual Rows": 25354,
                                                    "Actual Loops": 7,
                                                    "Output": [
                                                        "mc.movie_id"
                                                    ],
                                                    "Filter": "((mc.company_id > 16987) AND (mc.company_type_id = 1))",
                                                    "Rows Removed by Filter": 347378,
                                                    "Workers": [
                                                        {
                                                            "Worker Number": 0,
                                                            "Actual Startup Time": 17.999,
                                                            "Actual Total Time": 72.859,
                                                            "Actual Rows": 23636,
                                                            "Actual Loops": 1
                                                        },
                                                        {
                                                            "Worker Number": 1,
                                                            "Actual Startup Time": 18.042,
                                                            "Actual Total Time": 73.768,
                                                            "Actual Rows": 24755,
                                                            "Actual Loops": 1
                                                        },
                                                        {
                                                            "Worker Number": 2,
                                                            "Actual Startup Time": 17.958,
                                                            "Actual Total Time": 73.903,
                                                            "Actual Rows": 24808,
                                                            "Actual Loops": 1
                                                        },
                                                        {
                                                            "Worker Number": 3,
                                                            "Actual Startup Time": 17.974,
                                                            "Actual Total Time": 74.069,
                                                            "Actual Rows": 24518,
                                                            "Actual Loops": 1
                                                        },
                                                        {
                                                            "Worker Number": 4,
                                                            "Actual Startup Time": 17.892,
                                                            "Actual Total Time": 73.22,
                                                            "Actual Rows": 22791,
                                                            "Actual Loops": 1
                                                        },
                                                        {
                                                            "Worker Number": 5,
                                                            "Actual Startup Time": 17.911,
                                                            "Actual Total Time": 73.319,
                                                            "Actual Rows": 23196,
                                                            "Actual Loops": 1
                                                        }
                                                    ]
                                                }
                                            ]
                                        }
                                    ]
                                }
                            ]
                        }
                    ]
                }
            ]
        },
        "Planning Time": 5568.391,
        "Triggers": [],
        "Execution Time": 2201.835
    }
]