{
    "Plan": {
        "Node Type": "Aggregate",
        "Strategy": "Plain",
        "Partial Mode": "Finalize",
        "Parallel Aware": false,
        "Startup Cost": 76698.86,
        "Total Cost": 76698.87,
        "Plan Rows": 1,
        "Plan Width": 8,
        "Actual Startup Time": 172.109,
        "Actual Total Time": 186.023,
        "Actual Rows": 1,
        "Actual Loops": 1,
        "Output": [
            "count(*)"
        ],
        "Plans": [
            {
                "Node Type": "Gather",
                "Parent Relationship": "Outer",
                "Parallel Aware": false,
                "Startup Cost": 76698.44,
                "Total Cost": 76698.85,
                "Plan Rows": 4,
                "Plan Width": 8,
                "Actual Startup Time": 170.491,
                "Actual Total Time": 186.012,
                "Actual Rows": 5,
                "Actual Loops": 1,
                "Output": [
                    "(PARTIAL count(*))"
                ],
                "Workers Planned": 4,
                "Workers Launched": 4,
                "Single Copy": false,
                "Plans": [
                    {
                        "Node Type": "Aggregate",
                        "Strategy": "Plain",
                        "Partial Mode": "Partial",
                        "Parent Relationship": "Outer",
                        "Parallel Aware": false,
                        "Startup Cost": 75698.44,
                        "Total Cost": 75698.45,
                        "Plan Rows": 1,
                        "Plan Width": 8,
                        "Actual Startup Time": 160.755,
                        "Actual Total Time": 160.758,
                        "Actual Rows": 1,
                        "Actual Loops": 5,
                        "Output": [
                            "PARTIAL count(*)"
                        ],
                        "Workers": [
                            {
                                "Worker Number": 0,
                                "Actual Startup Time": 158.407,
                                "Actual Total Time": 158.41,
                                "Actual Rows": 1,
                                "Actual Loops": 1
                            },
                            {
                                "Worker Number": 1,
                                "Actual Startup Time": 158.449,
                                "Actual Total Time": 158.452,
                                "Actual Rows": 1,
                                "Actual Loops": 1
                            },
                            {
                                "Worker Number": 2,
                                "Actual Startup Time": 158.452,
                                "Actual Total Time": 158.455,
                                "Actual Rows": 1,
                                "Actual Loops": 1
                            },
                            {
                                "Worker Number": 3,
                                "Actual Startup Time": 158.79,
                                "Actual Total Time": 158.793,
                                "Actual Rows": 1,
                                "Actual Loops": 1
                            }
                        ],
                        "Plans": [
                            {
                                "Node Type": "Hash Join",
                                "Parent Relationship": "Outer",
                                "Parallel Aware": true,
                                "Join Type": "Inner",
                                "Startup Cost": 29859.32,
                                "Total Cost": 75689.32,
                                "Plan Rows": 3649,
                                "Plan Width": 0,
                                "Actual Startup Time": 124.045,
                                "Actual Total Time": 160.225,
                                "Actual Rows": 9261,
                                "Actual Loops": 5,
                                "Inner Unique": false,
                                "Hash Cond": "(t.id = mc.movie_id)",
                                "Workers": [
                                    {
                                        "Worker Number": 0,
                                        "Actual Startup Time": 122.864,
                                        "Actual Total Time": 157.884,
                                        "Actual Rows": 9548,
                                        "Actual Loops": 1
                                    },
                                    {
                                        "Worker Number": 1,
                                        "Actual Startup Time": 116.773,
                                        "Actual Total Time": 157.869,
                                        "Actual Rows": 6803,
                                        "Actual Loops": 1
                                    },
                                    {
                                        "Worker Number": 2,
                                        "Actual Startup Time": 123.008,
                                        "Actual Total Time": 157.926,
                                        "Actual Rows": 9640,
                                        "Actual Loops": 1
                                    },
                                    {
                                        "Worker Number": 3,
                                        "Actual Startup Time": 123.351,
                                        "Actual Total Time": 158.328,
                                        "Actual Rows": 8562,
                                        "Actual Loops": 1
                                    }
                                ],
                                "Plans": [
                                    {
                                        "Node Type": "Seq Scan",
                                        "Parent Relationship": "Outer",
                                        "Parallel Aware": true,
                                        "Relation Name": "title",
                                        "Schema": "public",
                                        "Alias": "t",
                                        "Startup Cost": 0.0,
                                        "Total Cost": 45479.21,
                                        "Plan Rows": 67804,
                                        "Plan Width": 4,
                                        "Actual Startup Time": 36.565,
                                        "Actual Total Time": 69.818,
                                        "Actual Rows": 74839,
                                        "Actual Loops": 5,
                                        "Output": [
                                            "t.id",
                                            "t.title",
                                            "t.imdb_index",
                                            "t.kind_id",
                                            "t.production_year",
                                            "t.imdb_id",
                                            "t.phonetic_code",
                                            "t.episode_of_id",
                                            "t.season_nr",
                                            "t.episode_nr",
                                            "t.series_years",
                                            "t.md5sum"
                                        ],
                                        "Filter": "((t.kind_id < 2) AND (t.production_year < 2000))",
                                        "Rows Removed by Filter": 430823,
                                        "Workers": [
                                            {
                                                "Worker Number": 0,
                                                "Actual Startup Time": 36.432,
                                                "Actual Total Time": 70.338,
                                                "Actual Rows": 77300,
                                                "Actual Loops": 1
                                            },
                                            {
                                                "Worker Number": 1,
                                                "Actual Startup Time": 36.979,
                                                "Actual Total Time": 70.922,
                                                "Actual Rows": 55318,
                                                "Actual Loops": 1
                                            },
                                            {
                                                "Worker Number": 2,
                                                "Actual Startup Time": 36.344,
                                                "Actual Total Time": 70.28,
                                                "Actual Rows": 77398,
                                                "Actual Loops": 1
                                            },
                                            {
                                                "Worker Number": 3,
                                                "Actual Startup Time": 36.502,
                                                "Actual Total Time": 69.041,
                                                "Actual Rows": 67413,
                                                "Actual Loops": 1
                                            }
                                        ]
                                    },
                                    {
                                        "Node Type": "Hash",
                                        "Parent Relationship": "Inner",
                                        "Parallel Aware": true,
                                        "Startup Cost": 29310.68,
                                        "Total Cost": 29310.68,
                                        "Plan Rows": 43891,
                                        "Plan Width": 4,
                                        "Actual Startup Time": 72.364,
                                        "Actual Total Time": 72.365,
                                        "Actual Rows": 27685,
                                        "Actual Loops": 5,
                                        "Output": [
                                            "mc.movie_id"
                                        ],
                                        "Hash Buckets": 262144,
                                        "Original Hash Buckets": 262144,
                                        "Hash Batches": 1,
                                        "Original Hash Batches": 1,
                                        "Peak Memory Usage": 7584,
                                        "Workers": [
                                            {
                                                "Worker Number": 0,
                                                "Actual Startup Time": 71.288,
                                                "Actual Total Time": 71.289,
                                                "Actual Rows": 29671,
                                                "Actual Loops": 1
                                            },
                                            {
                                                "Worker Number": 1,
                                                "Actual Startup Time": 71.394,
                                                "Actual Total Time": 71.394,
                                                "Actual Rows": 19100,
                                                "Actual Loops": 1
                                            },
                                            {
                                                "Worker Number": 2,
                                                "Actual Startup Time": 71.393,
                                                "Actual Total Time": 71.394,
                                                "Actual Rows": 29706,
                                                "Actual Loops": 1
                                            },
                                            {
                                                "Worker Number": 3,
                                                "Actual Startup Time": 71.802,
                                                "Actual Total Time": 71.803,
                                                "Actual Rows": 25435,
                                                "Actual Loops": 1
                                            }
                                        ],
                                        "Plans": [
                                            {
                                                "Node Type": "Seq Scan",
                                                "Parent Relationship": "Outer",
                                                "Parallel Aware": true,
                                                "Relation Name": "movie_companies",
                                                "Schema": "public",
                                                "Alias": "mc",
                                                "Startup Cost": 0.0,
                                                "Total Cost": 29310.68,
                                                "Plan Rows": 43891,
                                                "Plan Width": 4,
                                                "Actual Startup Time": 51.258,
                                                "Actual Total Time": 63.889,
                                                "Actual Rows": 27685,
                                                "Actual Loops": 5,
                                                "Output": [
                                                    "mc.movie_id"
                                                ],
                                                "Filter": "(mc.company_id > 137077)",
                                                "Rows Removed by Filter": 494141,
                                                "Workers": [
                                                    {
                                                        "Worker Number": 0,
                                                        "Actual Startup Time": 50.164,
                                                        "Actual Total Time": 63.042,
                                                        "Actual Rows": 29671,
                                                        "Actual Loops": 1
                                                    },
                                                    {
                                                        "Worker Number": 1,
                                                        "Actual Startup Time": 50.286,
                                                        "Actual Total Time": 63.248,
                                                        "Actual Rows": 19100,
                                                        "Actual Loops": 1
                                                    },
                                                    {
                                                        "Worker Number": 2,
                                                        "Actual Startup Time": 50.283,
                                                        "Actual Total Time": 63.019,
                                                        "Actual Rows": 29706,
                                                        "Actual Loops": 1
                                                    },
                                                    {
                                                        "Worker Number": 3,
                                                        "Actual Startup Time": 50.69,
                                                        "Actual Total Time": 62.995,
                                                        "Actual Rows": 25435,
                                                        "Actual Loops": 1
                                                    }
                                                ]
                                            }
                                        ]
                                    }
                                ]
                            }
                        ]
                    }
                ]
            }
        ]
    },
    "Planning Time": 0.779,
    "Triggers": [],
    "Execution Time": 186.092
}