[
  {
    "Plan": {
      "Node Type": "Aggregate",
      "Strategy": "Plain",
      "Partial Mode": "Finalize",
      "Parallel Aware": false,
      "Startup Cost": 302170.04,
      "Total Cost": 302170.05,
      "Plan Rows": 1,
      "Plan Width": 8,
      "Actual Startup Time": 3459.748,
      "Actual Total Time": 3501.083,
      "Actual Rows": 1,
      "Actual Loops": 1,
      "Plans": [
        {
          "Node Type": "Gather",
          "Parent Relationship": "Outer",
          "Parallel Aware": false,
          "Startup Cost": 302169.52,
          "Total Cost": 302170.03,
          "Plan Rows": 5,
          "Plan Width": 8,
          "Actual Startup Time": 3449.15,
          "Actual Total Time": 3501.068,
          "Actual Rows": 6,
          "Actual Loops": 1,
          "Workers Planned": 5,
          "Workers Launched": 5,
          "Single Copy": false,
          "Plans": [
            {
              "Node Type": "Aggregate",
              "Strategy": "Plain",
              "Partial Mode": "Partial",
              "Parent Relationship": "Outer",
              "Parallel Aware": false,
              "Startup Cost": 301169.52,
              "Total Cost": 301169.53,
              "Plan Rows": 1,
              "Plan Width": 8,
              "Actual Startup Time": 3440.447,
              "Actual Total Time": 3440.712,
              "Actual Rows": 1,
              "Actual Loops": 6,
              "Plans": [
                {
                  "Node Type": "Hash Join",
                  "Parent Relationship": "Outer",
                  "Parallel Aware": true,
                  "Join Type": "Inner",
                  "Startup Cost": 94506.68,
                  "Total Cost": 299491.55,
                  "Plan Rows": 671187,
                  "Plan Width": 0,
                  "Actual Startup Time": 465.286,
                  "Actual Total Time": 2620.906,
                  "Actual Rows": 16507871,
                  "Actual Loops": 6,
                  "Inner Unique": false,
                  "Hash Cond": "(mi.movie_id = t.id)",
                  "Plans": [
                    {
                      "Node Type": "Seq Scan",
                      "Parent Relationship": "Outer",
                      "Parallel Aware": true,
                      "Relation Name": "movie_info",
                      "Alias": "mi",
                      "Startup Cost": 0.0,
                      "Total Cost": 191685.19,
                      "Plan Rows": 2969219,
                      "Plan Width": 4,
                      "Actual Startup Time": 0.049,
                      "Actual Total Time": 318.754,
                      "Actual Rows": 2472620,
                      "Actual Loops": 6
                    },
                    {
                      "Node Type": "Hash",
                      "Parent Relationship": "Inner",
                      "Parallel Aware": true,
                      "Startup Cost": 92202.06,
                      "Total Cost": 92202.06,
                      "Plan Rows": 184369,
                      "Plan Width": 8,
                      "Actual Startup Time": 462.088,
                      "Actual Total Time": 462.35,
                      "Actual Rows": 278426,
                      "Actual Loops": 6,
                      "Hash Buckets": 2097152,
                      "Original Hash Buckets": 1048576,
                      "Hash Batches": 1,
                      "Original Hash Batches": 1,
                      "Peak Memory Usage": 90048,
                      "Plans": [
                        {
                          "Node Type": "Hash Join",
                          "Parent Relationship": "Outer",
                          "Parallel Aware": true,
                          "Join Type": "Inner",
                          "Startup Cost": 47013.61,
                          "Total Cost": 92202.06,
                          "Plan Rows": 184369,
                          "Plan Width": 8,
                          "Actual Startup Time": 152.976,
                          "Actual Total Time": 341.296,
                          "Actual Rows": 278426,
                          "Actual Loops": 6,
                          "Inner Unique": true,
                          "Hash Cond": "(mk.movie_id = t.id)",
                          "Plans": [
                            {
                              "Node Type": "Seq Scan",
                              "Parent Relationship": "Outer",
                              "Parallel Aware": true,
                              "Relation Name": "movie_keyword",
                              "Alias": "mk",
                              "Startup Cost": 0.0,
                              "Total Cost": 42695.65,
                              "Plan Rows": 949638,
                              "Plan Width": 4,
                              "Actual Startup Time": 0.151,
                              "Actual Total Time": 101.189,
                              "Actual Rows": 490458,
                              "Actual Loops": 6,
                              "Filter": "(keyword_id > 2399)",
                              "Rows Removed by Filter": 263530
                            },
                            {
                              "Node Type": "Hash",
                              "Parent Relationship": "Inner",
                              "Parallel Aware": true,
                              "Startup Cost": 45479.59,
                              "Total Cost": 45479.59,
                              "Plan Rows": 122722,
                              "Plan Width": 4,
                              "Actual Startup Time": 152.175,
                              "Actual Total Time": 152.177,
                              "Actual Rows": 96903,
                              "Actual Loops": 6,
                              "Hash Buckets": 1048576,
                              "Original Hash Buckets": 524288,
                              "Hash Batches": 1,
                              "Original Hash Batches": 1,
                              "Peak Memory Usage": 35136,
                              "Plans": [
                                {
                                  "Node Type": "Seq Scan",
                                  "Parent Relationship": "Outer",
                                  "Parallel Aware": true,
                                  "Relation Name": "title",
                                  "Alias": "t",
                                  "Startup Cost": 0.0,
                                  "Total Cost": 45479.59,
                                  "Plan Rows": 122722,
                                  "Plan Width": 4,
                                  "Actual Startup Time": 0.07,
                                  "Actual Total Time": 89.981,
                                  "Actual Rows": 96903,
                                  "Actual Loops": 6,
                                  "Filter": "((kind_id < 7) AND (production_year < 2004))",
                                  "Rows Removed by Filter": 324482
                                }
                              ]
                            }
                          ]
                        }
                      ]
                    }
                  ]
                }
              ]
            }
          ]
        }
      ]
    },
    "Planning Time": 0.442,
    "Triggers": [],
    "Execution Time": 3501.133
  }
]