[
  {
    "Plan": {
      "Node Type": "Aggregate",
      "Strategy": "Plain",
      "Partial Mode": "Finalize",
      "Parallel Aware": false,
      "Startup Cost": 31430.84,
      "Total Cost": 31430.85,
      "Plan Rows": 1,
      "Plan Width": 8,
      "Actual Startup Time": 106.493,
      "Actual Total Time": 114.289,
      "Actual Rows": 1,
      "Actual Loops": 1,
      "Plans": [
        {
          "Node Type": "Gather",
          "Parent Relationship": "Outer",
          "Parallel Aware": false,
          "Startup Cost": 31430.52,
          "Total Cost": 31430.83,
          "Plan Rows": 3,
          "Plan Width": 8,
          "Actual Startup Time": 106.365,
          "Actual Total Time": 114.281,
          "Actual Rows": 4,
          "Actual Loops": 1,
          "Workers Planned": 3,
          "Workers Launched": 3,
          "Single Copy": false,
          "Plans": [
            {
              "Node Type": "Aggregate",
              "Strategy": "Plain",
              "Partial Mode": "Partial",
              "Parent Relationship": "Outer",
              "Parallel Aware": false,
              "Startup Cost": 30430.52,
              "Total Cost": 30430.53,
              "Plan Rows": 1,
              "Plan Width": 8,
              "Actual Startup Time": 100.545,
              "Actual Total Time": 100.546,
              "Actual Rows": 1,
              "Actual Loops": 4,
              "Plans": [
                {
                  "Node Type": "Seq Scan",
                  "Parent Relationship": "Outer",
                  "Parallel Aware": true,
                  "Relation Name": "movie_companies",
                  "Alias": "mc",
                  "Startup Cost": 0.0,
                  "Total Cost": 29310.68,
                  "Plan Rows": 447937,
                  "Plan Width": 0,
                  "Actual Startup Time": 0.034,
                  "Actual Total Time": 81.037,
                  "Actual Rows": 346477,
                  "Actual Loops": 4,
                  "Filter": "(company_id < 11980)",
                  "Rows Removed by Filter": 305805
                }
              ]
            }
          ]
        }
      ]
    },
    "Planning Time": 0.186,
    "Triggers": [],
    "Execution Time": 114.344
  }
]