[
  {
    "Plan": {
      "Node Type": "Aggregate",
      "Strategy": "Plain",
      "Partial Mode": "Finalize",
      "Parallel Aware": false,
      "Startup Cost": 360179.92,
      "Total Cost": 360179.93,
      "Plan Rows": 1,
      "Plan Width": 8,
      "Actual Startup Time": 534.121,
      "Actual Total Time": 554.351,
      "Actual Rows": 1,
      "Actual Loops": 1,
      "Plans": [
        {
          "Node Type": "Gather",
          "Parent Relationship": "Outer",
          "Parallel Aware": false,
          "Startup Cost": 360179.3,
          "Total Cost": 360179.91,
          "Plan Rows": 6,
          "Plan Width": 8,
          "Actual Startup Time": 515.776,
          "Actual Total Time": 554.339,
          "Actual Rows": 7,
          "Actual Loops": 1,
          "Workers Planned": 6,
          "Workers Launched": 6,
          "Single Copy": false,
          "Plans": [
            {
              "Node Type": "Aggregate",
              "Strategy": "Plain",
              "Partial Mode": "Partial",
              "Parent Relationship": "Outer",
              "Parallel Aware": false,
              "Startup Cost": 359179.3,
              "Total Cost": 359179.31,
              "Plan Rows": 1,
              "Plan Width": 8,
              "Actual Startup Time": 499.756,
              "Actual Total Time": 499.76,
              "Actual Rows": 1,
              "Actual Loops": 7,
              "Plans": [
                {
                  "Node Type": "Hash Join",
                  "Parent Relationship": "Outer",
                  "Parallel Aware": true,
                  "Join Type": "Inner",
                  "Startup Cost": 99966.63,
                  "Total Cost": 358761.4,
                  "Plan Rows": 167159,
                  "Plan Width": 0,
                  "Actual Startup Time": 412.496,
                  "Actual Total Time": 494.794,
                  "Actual Rows": 95102,
                  "Actual Loops": 7,
                  "Inner Unique": true,
                  "Hash Cond": "(ci.movie_id = t.id)",
                  "Plans": [
                    {
                      "Node Type": "Bitmap Heap Scan",
                      "Parent Relationship": "Outer",
                      "Parallel Aware": true,
                      "Relation Name": "cast_info",
                      "Alias": "ci",
                      "Startup Cost": 49746.24,
                      "Total Cost": 308102.22,
                      "Plan Rows": 167159,
                      "Plan Width": 4,
                      "Actual Startup Time": 153.129,
                      "Actual Total Time": 183.738,
                      "Actual Rows": 95102,
                      "Actual Loops": 7,
                      "Recheck Cond": "(person_id < 227316)",
                      "Rows Removed by Index Recheck": 0,
                      "Filter": "(role_id > 2)",
                      "Rows Removed by Filter": 238589,
                      "Exact Heap Blocks": 4555,
                      "Lossy Heap Blocks": 0,
                      "Plans": [
                        {
                          "Node Type": "Bitmap Index Scan",
                          "Parent Relationship": "Outer",
                          "Parallel Aware": false,
                          "Index Name": "person_id_cast_info",
                          "Startup Cost": 0.0,
                          "Total Cost": 49495.51,
                          "Plan Rows": 2267592,
                          "Plan Width": 0,
                          "Actual Startup Time": 94.439,
                          "Actual Total Time": 94.44,
                          "Actual Rows": 2335836,
                          "Actual Loops": 1,
                          "Index Cond": "(person_id < 227316)"
                        }
                      ]
                    },
                    {
                      "Node Type": "Hash",
                      "Parent Relationship": "Inner",
                      "Parallel Aware": true,
                      "Startup Cost": 42319.06,
                      "Total Cost": 42319.06,
                      "Plan Rows": 632106,
                      "Plan Width": 4,
                      "Actual Startup Time": 254.268,
                      "Actual Total Time": 254.269,
                      "Actual Rows": 361187,
                      "Actual Loops": 7,
                      "Hash Buckets": 4194304,
                      "Original Hash Buckets": 4194304,
                      "Hash Batches": 1,
                      "Original Hash Batches": 1,
                      "Peak Memory Usage": 131776,
                      "Plans": [
                        {
                          "Node Type": "Seq Scan",
                          "Parent Relationship": "Outer",
                          "Parallel Aware": true,
                          "Relation Name": "title",
                          "Alias": "t",
                          "Startup Cost": 0.0,
                          "Total Cost": 42319.06,
                          "Plan Rows": 632106,
                          "Plan Width": 4,
                          "Actual Startup Time": 0.041,
                          "Actual Total Time": 76.395,
                          "Actual Rows": 361187,
                          "Actual Loops": 7
                        }
                      ]
                    }
                  ]
                }
              ]
            }
          ]
        }
      ]
    },
    "Planning Time": 0.25,
    "Triggers": [],
    "Execution Time": 554.408
  }
]