[
  {
    "Plan": {
      "Node Type": "Aggregate",
      "Strategy": "Plain",
      "Partial Mode": "Finalize",
      "Parallel Aware": false,
      "Startup Cost": 203189.11,
      "Total Cost": 203189.12,
      "Plan Rows": 1,
      "Plan Width": 8,
      "Actual Startup Time": 444.226,
      "Actual Total Time": 493.58,
      "Actual Rows": 1,
      "Actual Loops": 1,
      "Plans": [
        {
          "Node Type": "Gather",
          "Parent Relationship": "Outer",
          "Parallel Aware": false,
          "Startup Cost": 203188.59,
          "Total Cost": 203189.1,
          "Plan Rows": 5,
          "Plan Width": 8,
          "Actual Startup Time": 444.064,
          "Actual Total Time": 493.562,
          "Actual Rows": 6,
          "Actual Loops": 1,
          "Workers Planned": 5,
          "Workers Launched": 5,
          "Single Copy": false,
          "Plans": [
            {
              "Node Type": "Aggregate",
              "Strategy": "Plain",
              "Partial Mode": "Partial",
              "Parent Relationship": "Outer",
              "Parallel Aware": false,
              "Startup Cost": 202188.59,
              "Total Cost": 202188.6,
              "Plan Rows": 1,
              "Plan Width": 8,
              "Actual Startup Time": 436.308,
              "Actual Total Time": 436.309,
              "Actual Rows": 1,
              "Actual Loops": 6,
              "Plans": [
                {
                  "Node Type": "Seq Scan",
                  "Parent Relationship": "Outer",
                  "Parallel Aware": true,
                  "Relation Name": "movie_info",
                  "Alias": "mi",
                  "Startup Cost": 0.0,
                  "Total Cost": 199108.24,
                  "Plan Rows": 1232139,
                  "Plan Width": 0,
                  "Actual Startup Time": 24.674,
                  "Actual Total Time": 389.388,
                  "Actual Rows": 1037249,
                  "Actual Loops": 6,
                  "Filter": "(info_type_id > 8)",
                  "Rows Removed by Filter": 1435371
                }
              ]
            }
          ]
        }
      ]
    },
    "Planning Time": 0.139,
    "Triggers": [],
    "Execution Time": 493.624
  }
]