[
  {
    "Plan": {
      "Node Type": "Aggregate",
      "Strategy": "Plain",
      "Partial Mode": "Finalize",
      "Parallel Aware": false,
      "Startup Cost": 203096.93,
      "Total Cost": 203096.94,
      "Plan Rows": 1,
      "Plan Width": 8,
      "Actual Startup Time": 392.25,
      "Actual Total Time": 427.021,
      "Actual Rows": 1,
      "Actual Loops": 1,
      "Plans": [
        {
          "Node Type": "Gather",
          "Parent Relationship": "Outer",
          "Parallel Aware": false,
          "Startup Cost": 203096.4,
          "Total Cost": 203096.91,
          "Plan Rows": 5,
          "Plan Width": 8,
          "Actual Startup Time": 392.153,
          "Actual Total Time": 427.011,
          "Actual Rows": 6,
          "Actual Loops": 1,
          "Workers Planned": 5,
          "Workers Launched": 5,
          "Single Copy": false,
          "Plans": [
            {
              "Node Type": "Aggregate",
              "Strategy": "Plain",
              "Partial Mode": "Partial",
              "Parent Relationship": "Outer",
              "Parallel Aware": false,
              "Startup Cost": 202096.4,
              "Total Cost": 202096.41,
              "Plan Rows": 1,
              "Plan Width": 8,
              "Actual Startup Time": 382.497,
              "Actual Total Time": 382.498,
              "Actual Rows": 1,
              "Actual Loops": 6,
              "Plans": [
                {
                  "Node Type": "Seq Scan",
                  "Parent Relationship": "Outer",
                  "Parallel Aware": true,
                  "Relation Name": "movie_info",
                  "Alias": "mi",
                  "Startup Cost": 0.0,
                  "Total Cost": 198952.16,
                  "Plan Rows": 1257696,
                  "Plan Width": 0,
                  "Actual Startup Time": 31.716,
                  "Actual Total Time": 337.66,
                  "Actual Rows": 1037249,
                  "Actual Loops": 6,
                  "Filter": "(info_type_id > 8)",
                  "Rows Removed by Filter": 1435371
                }
              ]
            }
          ]
        }
      ]
    },
    "Planning Time": 0.085,
    "Triggers": [],
    "Execution Time": 427.064
  }
]