[
  {
    "Plan": {
      "Node Type": "Aggregate",
      "Strategy": "Plain",
      "Partial Mode": "Finalize",
      "Parallel Aware": false,
      "Startup Cost": 396153.98,
      "Total Cost": 396153.99,
      "Plan Rows": 1,
      "Plan Width": 8,
      "Actual Startup Time": 1122.619,
      "Actual Total Time": 1183.657,
      "Actual Rows": 1,
      "Actual Loops": 1,
      "Plans": [
        {
          "Node Type": "Gather",
          "Parent Relationship": "Outer",
          "Parallel Aware": false,
          "Startup Cost": 396153.35,
          "Total Cost": 396153.96,
          "Plan Rows": 6,
          "Plan Width": 8,
          "Actual Startup Time": 1118.121,
          "Actual Total Time": 1183.646,
          "Actual Rows": 7,
          "Actual Loops": 1,
          "Workers Planned": 6,
          "Workers Launched": 6,
          "Single Copy": false,
          "Plans": [
            {
              "Node Type": "Aggregate",
              "Strategy": "Plain",
              "Partial Mode": "Partial",
              "Parent Relationship": "Outer",
              "Parallel Aware": false,
              "Startup Cost": 395153.35,
              "Total Cost": 395153.36,
              "Plan Rows": 1,
              "Plan Width": 8,
              "Actual Startup Time": 1107.974,
              "Actual Total Time": 1107.977,
              "Actual Rows": 1,
              "Actual Loops": 7,
              "Plans": [
                {
                  "Node Type": "Hash Join",
                  "Parent Relationship": "Outer",
                  "Parallel Aware": true,
                  "Join Type": "Inner",
                  "Startup Cost": 45139.85,
                  "Total Cost": 394274.2,
                  "Plan Rows": 351660,
                  "Plan Width": 0,
                  "Actual Startup Time": 100.378,
                  "Actual Total Time": 1093.166,
                  "Actual Rows": 338901,
                  "Actual Loops": 7,
                  "Inner Unique": true,
                  "Hash Cond": "(ci.movie_id = t.id)",
                  "Plans": [
                    {
                      "Node Type": "Seq Scan",
                      "Parent Relationship": "Outer",
                      "Parallel Aware": true,
                      "Relation Name": "cast_info",
                      "Alias": "ci",
                      "Startup Cost": 0.0,
                      "Total Cost": 343257.03,
                      "Plan Rows": 2238974,
                      "Plan Width": 4,
                      "Actual Startup Time": 0.021,
                      "Actual Total Time": 629.347,
                      "Actual Rows": 2103418,
                      "Actual Loops": 7,
                      "Filter": "((person_id < 1516647) AND (role_id < 10))",
                      "Rows Removed by Filter": 3074345
                    },
                    {
                      "Node Type": "Hash",
                      "Parent Relationship": "Inner",
                      "Parallel Aware": true,
                      "Startup Cost": 43898.92,
                      "Total Cost": 43898.92,
                      "Plan Rows": 99275,
                      "Plan Width": 4,
                      "Actual Startup Time": 97.816,
                      "Actual Total Time": 97.817,
                      "Actual Rows": 58499,
                      "Actual Loops": 7,
                      "Hash Buckets": 524288,
                      "Original Hash Buckets": 524288,
                      "Hash Batches": 1,
                      "Original Hash Batches": 1,
                      "Peak Memory Usage": 20256,
                      "Plans": [
                        {
                          "Node Type": "Seq Scan",
                          "Parent Relationship": "Outer",
                          "Parallel Aware": true,
                          "Relation Name": "title",
                          "Alias": "t",
                          "Startup Cost": 0.0,
                          "Total Cost": 43898.92,
                          "Plan Rows": 99275,
                          "Plan Width": 4,
                          "Actual Startup Time": 0.055,
                          "Actual Total Time": 72.745,
                          "Actual Rows": 58499,
                          "Actual Loops": 7,
                          "Filter": "(production_year < 1973)",
                          "Rows Removed by Filter": 302688
                        }
                      ]
                    }
                  ]
                }
              ]
            }
          ]
        }
      ]
    },
    "Planning Time": 0.616,
    "Triggers": [],
    "Execution Time": 1183.743
  }
]