[
  {
    "Plan": {
      "Node Type": "Aggregate",
      "Strategy": "Plain",
      "Partial Mode": "Finalize",
      "Parallel Aware": false,
      "Startup Cost": 342834.95,
      "Total Cost": 342834.96,
      "Plan Rows": 1,
      "Plan Width": 8,
      "Actual Startup Time": 483.628,
      "Actual Total Time": 510.759,
      "Actual Rows": 1,
      "Actual Loops": 1,
      "Plans": [
        {
          "Node Type": "Gather",
          "Parent Relationship": "Outer",
          "Parallel Aware": false,
          "Startup Cost": 342834.33,
          "Total Cost": 342834.94,
          "Plan Rows": 6,
          "Plan Width": 8,
          "Actual Startup Time": 483.49,
          "Actual Total Time": 510.746,
          "Actual Rows": 7,
          "Actual Loops": 1,
          "Workers Planned": 6,
          "Workers Launched": 6,
          "Single Copy": false,
          "Plans": [
            {
              "Node Type": "Aggregate",
              "Strategy": "Plain",
              "Partial Mode": "Partial",
              "Parent Relationship": "Outer",
              "Parallel Aware": false,
              "Startup Cost": 341834.33,
              "Total Cost": 341834.34,
              "Plan Rows": 1,
              "Plan Width": 8,
              "Actual Startup Time": 472.38,
              "Actual Total Time": 472.382,
              "Actual Rows": 1,
              "Actual Loops": 7,
              "Plans": [
                {
                  "Node Type": "Index Scan",
                  "Parent Relationship": "Outer",
                  "Parallel Aware": true,
                  "Scan Direction": "Forward",
                  "Index Name": "role_id_cast_info",
                  "Relation Name": "cast_info",
                  "Alias": "ci",
                  "Startup Cost": 0.56,
                  "Total Cost": 341155.22,
                  "Plan Rows": 271644,
                  "Plan Width": 0,
                  "Actual Startup Time": 0.173,
                  "Actual Total Time": 440.393,
                  "Actual Rows": 497834,
                  "Actual Loops": 7,
                  "Index Cond": "(role_id = 1)",
                  "Rows Removed by Index Recheck": 0,
                  "Filter": "(person_id < 467985)",
                  "Rows Removed by Filter": 1312264
                }
              ]
            }
          ]
        }
      ]
    },
    "Planning Time": 0.296,
    "Triggers": [],
    "Execution Time": 510.834
  }
]