{
  "Plan": {
    "Node Type": "Aggregate",
    "Strategy": "Plain",
    "Partial Mode": "Finalize",
    "Parallel Aware": false,
    "Startup Cost": 165229.32,
    "Total Cost": 165229.33,
    "Plan Rows": 1,
    "Plan Width": 8,
    "Actual Startup Time": 686.676,
    "Actual Total Time": 707.546,
    "Actual Rows": 1,
    "Actual Loops": 1,
    "Plans": [
      {
        "Node Type": "Gather",
        "Parent Relationship": "Outer",
        "Parallel Aware": false,
        "Startup Cost": 165229.2,
        "Total Cost": 165229.31,
        "Plan Rows": 1,
        "Plan Width": 8,
        "Actual Startup Time": 686.066,
        "Actual Total Time": 707.539,
        "Actual Rows": 2,
        "Actual Loops": 1,
        "Workers Planned": 1,
        "Workers Launched": 1,
        "Single Copy": false,
        "Plans": [
          {
            "Node Type": "Aggregate",
            "Strategy": "Plain",
            "Partial Mode": "Partial",
            "Parent Relationship": "Outer",
            "Parallel Aware": false,
            "Startup Cost": 164229.2,
            "Total Cost": 164229.21,
            "Plan Rows": 1,
            "Plan Width": 8,
            "Actual Startup Time": 680.682,
            "Actual Total Time": 680.688,
            "Actual Rows": 1,
            "Actual Loops": 2,
            "Plans": [
              {
                "Node Type": "Hash Join",
                "Parent Relationship": "Outer",
                "Parallel Aware": true,
                "Join Type": "Inner",
                "Startup Cost": 119175.02,
                "Total Cost": 164120.62,
                "Plan Rows": 43434,
                "Plan Width": 0,
                "Actual Startup Time": 541.727,
                "Actual Total Time": 675.184,
                "Actual Rows": 142067,
                "Actual Loops": 2,
                "Inner Unique": false,
                "Hash Cond": "(mc.movie_id = t.id)",
                "Plans": [
                  {
                    "Node Type": "Seq Scan",
                    "Parent Relationship": "Outer",
                    "Parallel Aware": true,
                    "Relation Name": "movie_companies",
                    "Alias": "mc",
                    "Startup Cost": 0.0,
                    "Total Cost": 41811.73,
                    "Plan Rows": 767569,
                    "Plan Width": 4,
                    "Actual Startup Time": 51.937,
                    "Actual Total Time": 121.09,
                    "Actual Rows": 649165,
                    "Actual Loops": 2,
                    "Filter": "((company_id < 202224) AND (company_type_id > 1))",
                    "Rows Removed by Filter": 655400
                  },
                  {
                    "Node Type": "Hash",
                    "Parent Relationship": "Inner",
                    "Parallel Aware": true,
                    "Startup Cost": 118123.07,
                    "Total Cost": 118123.07,
                    "Plan Rows": 84156,
                    "Plan Width": 8,
                    "Actual Startup Time": 486.636,
                    "Actual Total Time": 486.641,
                    "Actual Rows": 64974,
                    "Actual Loops": 2,
                    "Hash Buckets": 262144,
                    "Original Hash Buckets": 262144,
                    "Hash Batches": 1,
                    "Original Hash Batches": 1,
                    "Peak Memory Usage": 7168,
                    "Plans": [
                      {
                        "Node Type": "Hash Join",
                        "Parent Relationship": "Outer",
                        "Parallel Aware": true,
                        "Join Type": "Inner",
                        "Startup Cost": 55410.7,
                        "Total Cost": 118123.07,
                        "Plan Rows": 84156,
                        "Plan Width": 8,
                        "Actual Startup Time": 157.912,
                        "Actual Total Time": 473.016,
                        "Actual Rows": 64974,
                        "Actual Loops": 2,
                        "Inner Unique": true,
                        "Hash Cond": "(mk.movie_id = t.id)",
                        "Plans": [
                          {
                            "Node Type": "Seq Scan",
                            "Parent Relationship": "Outer",
                            "Parallel Aware": true,
                            "Relation Name": "movie_keyword",
                            "Alias": "mk",
                            "Startup Cost": 0.0,
                            "Total Cost": 57718.19,
                            "Plan Rows": 1902539,
                            "Plan Width": 4,
                            "Actual Startup Time": 0.16,
                            "Actual Total Time": 199.677,
                            "Actual Rows": 1611048,
                            "Actual Loops": 2,
                            "Filter": "(keyword_id > 1697)",
                            "Rows Removed by Filter": 650917
                          },
                          {
                            "Node Type": "Hash",
                            "Parent Relationship": "Inner",
                            "Parallel Aware": true,
                            "Startup Cost": 54588.39,
                            "Total Cost": 54588.39,
                            "Plan Rows": 65785,
                            "Plan Width": 4,
                            "Actual Startup Time": 156.925,
                            "Actual Total Time": 156.926,
                            "Actual Rows": 54214,
                            "Actual Loops": 2,
                            "Hash Buckets": 131072,
                            "Original Hash Buckets": 131072,
                            "Hash Batches": 1,
                            "Original Hash Batches": 1,
                            "Peak Memory Usage": 5280,
                            "Plans": [
                              {
                                "Node Type": "Seq Scan",
                                "Parent Relationship": "Outer",
                                "Parallel Aware": true,
                                "Relation Name": "title",
                                "Alias": "t",
                                "Startup Cost": 0.0,
                                "Total Cost": 54588.39,
                                "Plan Rows": 65785,
                                "Plan Width": 4,
                                "Actual Startup Time": 0.074,
                                "Actual Total Time": 139.225,
                                "Actual Rows": 54214,
                                "Actual Loops": 2,
                                "Filter": "(production_year = 2006)",
                                "Rows Removed by Filter": 1209942
                              }
                            ]
                          }
                        ]
                      }
                    ]
                  }
                ]
              }
            ]
          }
        ]
      }
    ]
  },
  "Planning Time": 0.691,
  "Triggers": [],
  "Execution Time": 707.61
}