{
  "Plan": {
    "Node Type": "Aggregate",
    "Strategy": "Plain",
    "Partial Mode": "Finalize",
    "Parallel Aware": false,
    "Startup Cost": 200581.69,
    "Total Cost": 200581.7,
    "Plan Rows": 1,
    "Plan Width": 8,
    "Actual Startup Time": 201.154,
    "Actual Total Time": 224.286,
    "Actual Rows": 1,
    "Actual Loops": 1,
    "Plans": [
      {
        "Node Type": "Gather",
        "Parent Relationship": "Outer",
        "Parallel Aware": false,
        "Startup Cost": 200581.57,
        "Total Cost": 200581.68,
        "Plan Rows": 1,
        "Plan Width": 8,
        "Actual Startup Time": 201.025,
        "Actual Total Time": 224.28,
        "Actual Rows": 2,
        "Actual Loops": 1,
        "Workers Planned": 1,
        "Workers Launched": 1,
        "Single Copy": false,
        "Plans": [
          {
            "Node Type": "Aggregate",
            "Strategy": "Plain",
            "Partial Mode": "Partial",
            "Parent Relationship": "Outer",
            "Parallel Aware": false,
            "Startup Cost": 199581.57,
            "Total Cost": 199581.58,
            "Plan Rows": 1,
            "Plan Width": 8,
            "Actual Startup Time": 194.973,
            "Actual Total Time": 194.975,
            "Actual Rows": 1,
            "Actual Loops": 2,
            "Plans": [
              {
                "Node Type": "Nested Loop",
                "Parent Relationship": "Outer",
                "Parallel Aware": false,
                "Join Type": "Inner",
                "Startup Cost": 0.56,
                "Total Cost": 199563.76,
                "Plan Rows": 7127,
                "Plan Width": 0,
                "Actual Startup Time": 93.346,
                "Actual Total Time": 194.062,
                "Actual Rows": 15012,
                "Actual Loops": 2,
                "Inner Unique": false,
                "Plans": [
                  {
                    "Node Type": "Seq Scan",
                    "Parent Relationship": "Outer",
                    "Parallel Aware": true,
                    "Relation Name": "title",
                    "Alias": "t",
                    "Startup Cost": 0.0,
                    "Total Cost": 54588.39,
                    "Plan Rows": 1065,
                    "Plan Width": 4,
                    "Actual Startup Time": 75.716,
                    "Actual Total Time": 133.409,
                    "Actual Rows": 1234,
                    "Actual Loops": 2,
                    "Filter": "(production_year = 1935)",
                    "Rows Removed by Filter": 1262922
                  },
                  {
                    "Node Type": "Index Scan",
                    "Parent Relationship": "Inner",
                    "Parallel Aware": false,
                    "Scan Direction": "Forward",
                    "Index Name": "movie_id_cast_info",
                    "Relation Name": "cast_info",
                    "Alias": "ci",
                    "Startup Cost": 0.56,
                    "Total Cost": 135.96,
                    "Plan Rows": 17,
                    "Plan Width": 4,
                    "Actual Startup Time": 0.011,
                    "Actual Total Time": 0.048,
                    "Actual Rows": 12,
                    "Actual Loops": 2467,
                    "Index Cond": "(movie_id = t.id)",
                    "Rows Removed by Index Recheck": 0,
                    "Filter": "(person_id < 1677514)",
                    "Rows Removed by Filter": 8
                  }
                ]
              }
            ]
          }
        ]
      }
    ]
  },
  "Planning Time": 0.465,
  "Triggers": [],
  "Execution Time": 224.362
}