[
    {
        "Bao": {
            "Bao prediction": "NaN",
            "Bao recommended hint": "(no hint)"
        }
    },
    {
        "Plan": {
            "Node Type": "Aggregate",
            "Strategy": "Plain",
            "Partial Mode": "Simple",
            "Parallel Aware": false,
            "Startup Cost": 16091.67,
            "Total Cost": 16091.68,
            "Plan Rows": 1,
            "Plan Width": 8,
            "Actual Startup Time": 11.989,
            "Actual Total Time": 11.991,
            "Actual Rows": 1,
            "Actual Loops": 1,
            "Output": [
                "count(*)"
            ],
            "Plans": [
                {
                    "Node Type": "Bitmap Heap Scan",
                    "Parent Relationship": "Outer",
                    "Parallel Aware": false,
                    "Relation Name": "movie_companies",
                    "Schema": "public",
                    "Alias": "mc",
                    "Startup Cost": 203.37,
                    "Total Cost": 16080.26,
                    "Plan Rows": 4561,
                    "Plan Width": 0,
                    "Actual Startup Time": 2.12,
                    "Actual Total Time": 11.484,
                    "Actual Rows": 7120,
                    "Actual Loops": 1,
                    "Recheck Cond": "(mc.company_id = 2561)",
                    "Rows Removed by Index Recheck": 0,
                    "Filter": "(mc.company_type_id = 1)",
                    "Rows Removed by Filter": 3040,
                    "Exact Heap Blocks": 5416,
                    "Lossy Heap Blocks": 0,
                    "Plans": [
                        {
                            "Node Type": "Bitmap Index Scan",
                            "Parent Relationship": "Outer",
                            "Parallel Aware": false,
                            "Index Name": "company_id_movie_companies",
                            "Startup Cost": 0.0,
                            "Total Cost": 202.23,
                            "Plan Rows": 9306,
                            "Plan Width": 0,
                            "Actual Startup Time": 1.355,
                            "Actual Total Time": 1.355,
                            "Actual Rows": 10160,
                            "Actual Loops": 1,
                            "Index Cond": "(mc.company_id = 2561)"
                        }
                    ]
                }
            ]
        },
        "Planning Time": 185.095,
        "Triggers": [],
        "Execution Time": 12.043
    }
]