[
  {
    "Plan": {
      "Node Type": "Aggregate",
      "Strategy": "Plain",
      "Partial Mode": "Finalize",
      "Parallel Aware": false,
      "Startup Cost": 331725.65,
      "Total Cost": 331725.66,
      "Plan Rows": 1,
      "Plan Width": 8,
      "Actual Startup Time": 643.519,
      "Actual Total Time": 702.349,
      "Actual Rows": 1,
      "Actual Loops": 1,
      "Plans": [
        {
          "Node Type": "Gather",
          "Parent Relationship": "Outer",
          "Parallel Aware": false,
          "Startup Cost": 331725.02,
          "Total Cost": 331725.63,
          "Plan Rows": 6,
          "Plan Width": 8,
          "Actual Startup Time": 643.208,
          "Actual Total Time": 702.337,
          "Actual Rows": 7,
          "Actual Loops": 1,
          "Workers Planned": 6,
          "Workers Launched": 6,
          "Single Copy": false,
          "Plans": [
            {
              "Node Type": "Aggregate",
              "Strategy": "Plain",
              "Partial Mode": "Partial",
              "Parent Relationship": "Outer",
              "Parallel Aware": false,
              "Startup Cost": 330725.02,
              "Total Cost": 330725.03,
              "Plan Rows": 1,
              "Plan Width": 8,
              "Actual Startup Time": 634.188,
              "Actual Total Time": 634.189,
              "Actual Rows": 1,
              "Actual Loops": 7,
              "Plans": [
                {
                  "Node Type": "Seq Scan",
                  "Parent Relationship": "Outer",
                  "Parallel Aware": true,
                  "Relation Name": "cast_info",
                  "Alias": "ci",
                  "Startup Cost": 0.0,
                  "Total Cost": 328162.03,
                  "Plan Rows": 1025199,
                  "Plan Width": 0,
                  "Actual Startup Time": 378.566,
                  "Actual Total Time": 591.932,
                  "Actual Rows": 854727,
                  "Actual Loops": 7,
                  "Filter": "(person_id > 3047935)",
                  "Rows Removed by Filter": 4323037
                }
              ]
            }
          ]
        }
      ]
    },
    "Planning Time": 0.14,
    "Triggers": [],
    "Execution Time": 702.408
  }
]