{
  "Plan": {
    "Node Type": "Aggregate",
    "Strategy": "Plain",
    "Partial Mode": "Finalize",
    "Parallel Aware": false,
    "Startup Cost": 756065.42,
    "Total Cost": 756065.43,
    "Plan Rows": 1,
    "Plan Width": 8,
    "Actual Startup Time": 4084.808,
    "Actual Total Time": 4144.702,
    "Actual Rows": 1,
    "Actual Loops": 1,
    "Plans": [
      {
        "Node Type": "Gather",
        "Parent Relationship": "Outer",
        "Parallel Aware": false,
        "Startup Cost": 756065.31,
        "Total Cost": 756065.42,
        "Plan Rows": 1,
        "Plan Width": 8,
        "Actual Startup Time": 4080.186,
        "Actual Total Time": 4144.694,
        "Actual Rows": 2,
        "Actual Loops": 1,
        "Workers Planned": 1,
        "Workers Launched": 1,
        "Single Copy": false,
        "Plans": [
          {
            "Node Type": "Aggregate",
            "Strategy": "Plain",
            "Partial Mode": "Partial",
            "Parent Relationship": "Outer",
            "Parallel Aware": false,
            "Startup Cost": 755065.31,
            "Total Cost": 755065.32,
            "Plan Rows": 1,
            "Plan Width": 8,
            "Actual Startup Time": 4073.588,
            "Actual Total Time": 4073.594,
            "Actual Rows": 1,
            "Actual Loops": 2,
            "Plans": [
              {
                "Node Type": "Hash Join",
                "Parent Relationship": "Outer",
                "Parallel Aware": true,
                "Join Type": "Inner",
                "Startup Cost": 447135.41,
                "Total Cost": 747202.62,
                "Plan Rows": 3145075,
                "Plan Width": 0,
                "Actual Startup Time": 1359.702,
                "Actual Total Time": 3888.428,
                "Actual Rows": 4844848,
                "Actual Loops": 2,
                "Inner Unique": false,
                "Hash Cond": "(mi.movie_id = t.id)",
                "Plans": [
                  {
                    "Node Type": "Seq Scan",
                    "Parent Relationship": "Outer",
                    "Parallel Aware": true,
                    "Relation Name": "movie_info",
                    "Alias": "mi",
                    "Startup Cost": 0.0,
                    "Total Cost": 248955.74,
                    "Plan Rows": 8696274,
                    "Plan Width": 4,
                    "Actual Startup Time": 0.016,
                    "Actual Total Time": 628.879,
                    "Actual Rows": 7417860,
                    "Actual Loops": 2
                  },
                  {
                    "Node Type": "Hash",
                    "Parent Relationship": "Inner",
                    "Parallel Aware": true,
                    "Startup Cost": 440412.05,
                    "Total Cost": 440412.05,
                    "Plan Rows": 537869,
                    "Plan Width": 8,
                    "Actual Startup Time": 1349.447,
                    "Actual Total Time": 1349.452,
                    "Actual Rows": 538876,
                    "Actual Loops": 2,
                    "Hash Buckets": 2097152,
                    "Original Hash Buckets": 1048576,
                    "Hash Batches": 1,
                    "Original Hash Batches": 1,
                    "Peak Memory Usage": 66752,
                    "Plans": [
                      {
                        "Node Type": "Hash Join",
                        "Parent Relationship": "Outer",
                        "Parallel Aware": true,
                        "Join Type": "Inner",
                        "Startup Cost": 148055.3,
                        "Total Cost": 440412.05,
                        "Plan Rows": 537869,
                        "Plan Width": 8,
                        "Actual Startup Time": 404.112,
                        "Actual Total Time": 1173.742,
                        "Actual Rows": 538876,
                        "Actual Loops": 2,
                        "Inner Unique": true,
                        "Hash Cond": "(ci.movie_id = t.id)",
                        "Plans": [
                          {
                            "Node Type": "Bitmap Heap Scan",
                            "Parent Relationship": "Outer",
                            "Parallel Aware": true,
                            "Relation Name": "cast_info",
                            "Alias": "ci",
                            "Startup Cost": 87681.84,
                            "Total Cost": 375501.4,
                            "Plan Rows": 1728444,
                            "Plan Width": 4,
                            "Actual Startup Time": 136.985,
                            "Actual Total Time": 414.079,
                            "Actual Rows": 1783092,
                            "Actual Loops": 2,
                            "Recheck Cond": "(person_id < 395073)",
                            "Rows Removed by Index Recheck": 0,
                            "Filter": "(role_id < 5)",
                            "Rows Removed by Filter": 271568,
                            "Exact Heap Blocks": 23195,
                            "Lossy Heap Blocks": 0,
                            "Plans": [
                              {
                                "Node Type": "Bitmap Index Scan",
                                "Parent Relationship": "Outer",
                                "Parallel Aware": false,
                                "Index Name": "person_id_cast_info",
                                "Startup Cost": 0.0,
                                "Total Cost": 86947.25,
                                "Plan Rows": 3981691,
                                "Plan Width": 0,
                                "Actual Startup Time": 130.052,
                                "Actual Total Time": 130.052,
                                "Actual Rows": 4109318,
                                "Actual Loops": 1,
                                "Index Cond": "(person_id < 395073)"
                              }
                            ]
                          },
                          {
                            "Node Type": "Hash",
                            "Parent Relationship": "Inner",
                            "Parallel Aware": true,
                            "Startup Cost": 54588.39,
                            "Total Cost": 54588.39,
                            "Plan Rows": 462806,
                            "Plan Width": 4,
                            "Actual Startup Time": 261.599,
                            "Actual Total Time": 261.6,
                            "Actual Rows": 392463,
                            "Actual Loops": 2,
                            "Hash Buckets": 1048576,
                            "Original Hash Buckets": 1048576,
                            "Hash Batches": 1,
                            "Original Hash Batches": 1,
                            "Peak Memory Usage": 38912,
                            "Plans": [
                              {
                                "Node Type": "Seq Scan",
                                "Parent Relationship": "Outer",
                                "Parallel Aware": true,
                                "Relation Name": "title",
                                "Alias": "t",
                                "Startup Cost": 0.0,
                                "Total Cost": 54588.39,
                                "Plan Rows": 462806,
                                "Plan Width": 4,
                                "Actual Startup Time": 0.035,
                                "Actual Total Time": 153.716,
                                "Actual Rows": 392463,
                                "Actual Loops": 2,
                                "Filter": "(production_year > 2007)",
                                "Rows Removed by Filter": 871693
                              }
                            ]
                          }
                        ]
                      }
                    ]
                  }
                ]
              }
            ]
          }
        ]
      }
    ]
  },
  "Planning Time": 0.929,
  "Triggers": [],
  "Execution Time": 4144.819
}