{
  "Plan": {
    "Node Type": "Aggregate",
    "Strategy": "Plain",
    "Partial Mode": "Finalize",
    "Parallel Aware": false,
    "Startup Cost": 464303.83,
    "Total Cost": 464303.84,
    "Plan Rows": 1,
    "Plan Width": 32,
    "Actual Startup Time": 2540.641,
    "Actual Total Time": 2589.693,
    "Actual Rows": 1,
    "Actual Loops": 1,
    "Plans": [
      {
        "Node Type": "Gather",
        "Parent Relationship": "Outer",
        "Parallel Aware": false,
        "Startup Cost": 464303.72,
        "Total Cost": 464303.83,
        "Plan Rows": 1,
        "Plan Width": 32,
        "Actual Startup Time": 2537.445,
        "Actual Total Time": 2589.686,
        "Actual Rows": 2,
        "Actual Loops": 1,
        "Workers Planned": 1,
        "Workers Launched": 1,
        "Single Copy": false,
        "Plans": [
          {
            "Node Type": "Aggregate",
            "Strategy": "Plain",
            "Partial Mode": "Partial",
            "Parent Relationship": "Outer",
            "Parallel Aware": false,
            "Startup Cost": 463303.72,
            "Total Cost": 463303.73,
            "Plan Rows": 1,
            "Plan Width": 32,
            "Actual Startup Time": 2530.734,
            "Actual Total Time": 2530.743,
            "Actual Rows": 1,
            "Actual Loops": 2,
            "Plans": [
              {
                "Node Type": "Merge Join",
                "Parent Relationship": "Outer",
                "Parallel Aware": false,
                "Join Type": "Inner",
                "Startup Cost": 463248.99,
                "Total Cost": 463299.51,
                "Plan Rows": 1684,
                "Plan Width": 17,
                "Actual Startup Time": 2530.702,
                "Actual Total Time": 2530.728,
                "Actual Rows": 84,
                "Actual Loops": 2,
                "Inner Unique": true,
                "Merge Cond": "(mc.company_type_id = ct.id)",
                "Plans": [
                  {
                    "Node Type": "Sort",
                    "Parent Relationship": "Outer",
                    "Parallel Aware": false,
                    "Startup Cost": 463247.93,
                    "Total Cost": 463264.76,
                    "Plan Rows": 6734,
                    "Plan Width": 21,
                    "Actual Startup Time": 2529.682,
                    "Actual Total Time": 2530.086,
                    "Actual Rows": 12034,
                    "Actual Loops": 2,
                    "Sort Key": [
                      "mc.company_type_id"
                    ],
                    "Sort Method": "quicksort",
                    "Sort Space Used": 1254,
                    "Sort Space Type": "Memory",
                    "Workers": [
                      {
                        "Worker Number": 0,
                        "Sort Method": "quicksort",
                        "Sort Space Used": 1246,
                        "Sort Space Type": "Memory"
                      }
                    ],
                    "Plans": [
                      {
                        "Node Type": "Merge Join",
                        "Parent Relationship": "Outer",
                        "Parallel Aware": false,
                        "Join Type": "Inner",
                        "Startup Cost": 462718.17,
                        "Total Cost": 462819.74,
                        "Plan Rows": 6734,
                        "Plan Width": 21,
                        "Actual Startup Time": 2525.855,
                        "Actual Total Time": 2527.838,
                        "Actual Rows": 12034,
                        "Actual Loops": 2,
                        "Inner Unique": true,
                        "Merge Cond": "(mi.info_type_id = it.id)",
                        "Plans": [
                          {
                            "Node Type": "Sort",
                            "Parent Relationship": "Outer",
                            "Parallel Aware": false,
                            "Startup Cost": 462712.19,
                            "Total Cost": 462729.03,
                            "Plan Rows": 6734,
                            "Plan Width": 25,
                            "Actual Startup Time": 2525.795,
                            "Actual Total Time": 2526.285,
                            "Actual Rows": 12034,
                            "Actual Loops": 2,
                            "Sort Key": [
                              "mi.info_type_id"
                            ],
                            "Sort Method": "quicksort",
                            "Sort Space Used": 1343,
                            "Sort Space Type": "Memory",
                            "Workers": [
                              {
                                "Worker Number": 0,
                                "Sort Method": "quicksort",
                                "Sort Space Used": 1335,
                                "Sort Space Type": "Memory"
                              }
                            ],
                            "Plans": [
                              {
                                "Node Type": "Hash Join",
                                "Parent Relationship": "Outer",
                                "Parallel Aware": true,
                                "Join Type": "Inner",
                                "Startup Cost": 420053.25,
                                "Total Cost": 462284.0,
                                "Plan Rows": 6734,
                                "Plan Width": 25,
                                "Actual Startup Time": 2315.859,
                                "Actual Total Time": 2522.673,
                                "Actual Rows": 12034,
                                "Actual Loops": 2,
                                "Inner Unique": false,
                                "Hash Cond": "(mc.movie_id = t.id)",
                                "Plans": [
                                  {
                                    "Node Type": "Seq Scan",
                                    "Parent Relationship": "Outer",
                                    "Parallel Aware": true,
                                    "Relation Name": "movie_companies",
                                    "Alias": "mc",
                                    "Startup Cost": 0.0,
                                    "Total Cost": 41811.73,
                                    "Plan Rows": 101177,
                                    "Plan Width": 8,
                                    "Actual Startup Time": 0.029,
                                    "Actual Total Time": 174.783,
                                    "Actual Rows": 147814,
                                    "Actual Loops": 2,
                                    "Filter": "((note !~~ '%(TV)%'::text) AND (note ~~ '%(USA)%'::text))",
                                    "Rows Removed by Filter": 1156750
                                  },
                                  {
                                    "Node Type": "Hash",
                                    "Parent Relationship": "Inner",
                                    "Parallel Aware": true,
                                    "Startup Cost": 418816.03,
                                    "Total Cost": 418816.03,
                                    "Plan Rows": 98978,
                                    "Plan Width": 29,
                                    "Actual Startup Time": 2313.3,
                                    "Actual Total Time": 2313.305,
                                    "Actual Rows": 86474,
                                    "Actual Loops": 2,
                                    "Hash Buckets": 262144,
                                    "Original Hash Buckets": 262144,
                                    "Hash Batches": 1,
                                    "Original Hash Batches": 1,
                                    "Peak Memory Usage": 13312,
                                    "Plans": [
                                      {
                                        "Node Type": "Hash Join",
                                        "Parent Relationship": "Outer",
                                        "Parallel Aware": true,
                                        "Join Type": "Inner",
                                        "Startup Cost": 59427.61,
                                        "Total Cost": 418816.03,
                                        "Plan Rows": 98978,
                                        "Plan Width": 29,
                                        "Actual Startup Time": 331.484,
                                        "Actual Total Time": 2276.066,
                                        "Actual Rows": 86474,
                                        "Actual Loops": 2,
                                        "Inner Unique": true,
                                        "Hash Cond": "(mi.movie_id = t.id)",
                                        "Plans": [
                                          {
                                            "Node Type": "Seq Scan",
                                            "Parent Relationship": "Outer",
                                            "Parallel Aware": true,
                                            "Relation Name": "movie_info",
                                            "Alias": "mi",
                                            "Startup Cost": 0.0,
                                            "Total Cost": 358390.48,
                                            "Plan Rows": 380165,
                                            "Plan Width": 8,
                                            "Actual Startup Time": 0.741,
                                            "Actual Total Time": 1830.475,
                                            "Actual Rows": 349428,
                                            "Actual Loops": 2,
                                            "Filter": "(info = ANY ('{Denmark,Sweden,Germany,USA,American,Norway,Denish,German,America,Norwegian}'::text[]))",
                                            "Rows Removed by Filter": 7068432
                                          },
                                          {
                                            "Node Type": "Hash",
                                            "Parent Relationship": "Inner",
                                            "Parallel Aware": true,
                                            "Startup Cost": 54587.68,
                                            "Total Cost": 54587.68,
                                            "Plan Rows": 387194,
                                            "Plan Width": 21,
                                            "Actual Startup Time": 323.586,
                                            "Actual Total Time": 323.587,
                                            "Actual Rows": 331032,
                                            "Actual Loops": 2,
                                            "Hash Buckets": 1048576,
                                            "Original Hash Buckets": 1048576,
                                            "Hash Batches": 1,
                                            "Original Hash Batches": 1,
                                            "Peak Memory Usage": 45472,
                                            "Plans": [
                                              {
                                                "Node Type": "Seq Scan",
                                                "Parent Relationship": "Outer",
                                                "Parallel Aware": true,
                                                "Relation Name": "title",
                                                "Alias": "t",
                                                "Startup Cost": 0.0,
                                                "Total Cost": 54587.68,
                                                "Plan Rows": 387194,
                                                "Plan Width": 21,
                                                "Actual Startup Time": 0.045,
                                                "Actual Total Time": 183.035,
                                                "Actual Rows": 331032,
                                                "Actual Loops": 2,
                                                "Filter": "(production_year > 2008)",
                                                "Rows Removed by Filter": 933124
                                              }
                                            ]
                                          }
                                        ]
                                      }
                                    ]
                                  }
                                ]
                              }
                            ]
                          },
                          {
                            "Node Type": "Sort",
                            "Parent Relationship": "Inner",
                            "Parallel Aware": false,
                            "Startup Cost": 5.98,
                            "Total Cost": 6.27,
                            "Plan Rows": 113,
                            "Plan Width": 4,
                            "Actual Startup Time": 0.054,
                            "Actual Total Time": 0.055,
                            "Actual Rows": 18,
                            "Actual Loops": 2,
                            "Sort Key": [
                              "it.id"
                            ],
                            "Sort Method": "quicksort",
                            "Sort Space Used": 30,
                            "Sort Space Type": "Memory",
                            "Workers": [
                              {
                                "Worker Number": 0,
                                "Sort Method": "quicksort",
                                "Sort Space Used": 30,
                                "Sort Space Type": "Memory"
                              }
                            ],
                            "Plans": [
                              {
                                "Node Type": "Seq Scan",
                                "Parent Relationship": "Outer",
                                "Parallel Aware": false,
                                "Relation Name": "info_type",
                                "Alias": "it",
                                "Startup Cost": 0.0,
                                "Total Cost": 2.13,
                                "Plan Rows": 113,
                                "Plan Width": 4,
                                "Actual Startup Time": 0.028,
                                "Actual Total Time": 0.036,
                                "Actual Rows": 113,
                                "Actual Loops": 2
                              }
                            ]
                          }
                        ]
                      }
                    ]
                  },
                  {
                    "Node Type": "Sort",
                    "Parent Relationship": "Inner",
                    "Parallel Aware": false,
                    "Startup Cost": 1.06,
                    "Total Cost": 1.06,
                    "Plan Rows": 1,
                    "Plan Width": 4,
                    "Actual Startup Time": 0.031,
                    "Actual Total Time": 0.032,
                    "Actual Rows": 1,
                    "Actual Loops": 2,
                    "Sort Key": [
                      "ct.id"
                    ],
                    "Sort Method": "quicksort",
                    "Sort Space Used": 25,
                    "Sort Space Type": "Memory",
                    "Workers": [
                      {
                        "Worker Number": 0,
                        "Sort Method": "quicksort",
                        "Sort Space Used": 25,
                        "Sort Space Type": "Memory"
                      }
                    ],
                    "Plans": [
                      {
                        "Node Type": "Seq Scan",
                        "Parent Relationship": "Outer",
                        "Parallel Aware": false,
                        "Relation Name": "company_type",
                        "Alias": "ct",
                        "Startup Cost": 0.0,
                        "Total Cost": 1.05,
                        "Plan Rows": 1,
                        "Plan Width": 4,
                        "Actual Startup Time": 0.026,
                        "Actual Total Time": 0.027,
                        "Actual Rows": 1,
                        "Actual Loops": 2,
                        "Filter": "((kind)::text = 'production companies'::text)",
                        "Rows Removed by Filter": 3
                      }
                    ]
                  }
                ]
              }
            ]
          }
        ]
      }
    ]
  },
  "Planning Time": 1.503,
  "Triggers": [],
  "Execution Time": 2589.823
}