{
  "Plan": {
    "Node Type": "Aggregate",
    "Strategy": "Plain",
    "Partial Mode": "Finalize",
    "Parallel Aware": false,
    "Startup Cost": 374024.53,
    "Total Cost": 374024.54,
    "Plan Rows": 1,
    "Plan Width": 8,
    "Actual Startup Time": 545.807,
    "Actual Total Time": 562.327,
    "Actual Rows": 1,
    "Actual Loops": 1,
    "Plans": [
      {
        "Node Type": "Gather",
        "Parent Relationship": "Outer",
        "Parallel Aware": false,
        "Startup Cost": 374024.42,
        "Total Cost": 374024.53,
        "Plan Rows": 1,
        "Plan Width": 8,
        "Actual Startup Time": 543.832,
        "Actual Total Time": 562.316,
        "Actual Rows": 2,
        "Actual Loops": 1,
        "Workers Planned": 1,
        "Workers Launched": 1,
        "Single Copy": false,
        "Plans": [
          {
            "Node Type": "Aggregate",
            "Strategy": "Plain",
            "Partial Mode": "Partial",
            "Parent Relationship": "Outer",
            "Parallel Aware": false,
            "Startup Cost": 373024.42,
            "Total Cost": 373024.43,
            "Plan Rows": 1,
            "Plan Width": 8,
            "Actual Startup Time": 536.845,
            "Actual Total Time": 536.853,
            "Actual Rows": 1,
            "Actual Loops": 2,
            "Plans": [
              {
                "Node Type": "Hash Join",
                "Parent Relationship": "Outer",
                "Parallel Aware": true,
                "Join Type": "Inner",
                "Startup Cost": 112082.73,
                "Total Cost": 373002.55,
                "Plan Rows": 8748,
                "Plan Width": 0,
                "Actual Startup Time": 406.633,
                "Actual Total Time": 528.913,
                "Actual Rows": 179836,
                "Actual Loops": 2,
                "Inner Unique": false,
                "Hash Cond": "(ci.movie_id = t.id)",
                "Plans": [
                  {
                    "Node Type": "Bitmap Heap Scan",
                    "Parent Relationship": "Outer",
                    "Parallel Aware": true,
                    "Relation Name": "cast_info",
                    "Alias": "ci",
                    "Startup Cost": 18905.76,
                    "Total Cost": 277886.11,
                    "Plan Rows": 503468,
                    "Plan Width": 4,
                    "Actual Startup Time": 28.919,
                    "Actual Total Time": 83.014,
                    "Actual Rows": 412658,
                    "Actual Loops": 2,
                    "Recheck Cond": "(person_id > 3903593)",
                    "Rows Removed by Index Recheck": 0,
                    "Exact Heap Blocks": 6381,
                    "Lossy Heap Blocks": 0,
                    "Plans": [
                      {
                        "Node Type": "Bitmap Index Scan",
                        "Parent Relationship": "Outer",
                        "Parallel Aware": false,
                        "Index Name": "person_id_cast_info",
                        "Startup Cost": 0.0,
                        "Total Cost": 18691.78,
                        "Plan Rows": 855896,
                        "Plan Width": 0,
                        "Actual Startup Time": 27.315,
                        "Actual Total Time": 27.315,
                        "Actual Rows": 825316,
                        "Actual Loops": 1,
                        "Index Cond": "(person_id > 3903593)"
                      }
                    ]
                  },
                  {
                    "Node Type": "Hash",
                    "Parent Relationship": "Inner",
                    "Parallel Aware": true,
                    "Startup Cost": 92853.96,
                    "Total Cost": 92853.96,
                    "Plan Rows": 25841,
                    "Plan Width": 8,
                    "Actual Startup Time": 376.318,
                    "Actual Total Time": 376.324,
                    "Actual Rows": 49646,
                    "Actual Loops": 2,
                    "Hash Buckets": 131072,
                    "Original Hash Buckets": 65536,
                    "Hash Batches": 1,
                    "Original Hash Batches": 1,
                    "Peak Memory Usage": 5472,
                    "Plans": [
                      {
                        "Node Type": "Hash Join",
                        "Parent Relationship": "Outer",
                        "Parallel Aware": true,
                        "Join Type": "Inner",
                        "Startup Cost": 67183.48,
                        "Total Cost": 92853.96,
                        "Plan Rows": 25841,
                        "Plan Width": 8,
                        "Actual Startup Time": 296.45,
                        "Actual Total Time": 362.239,
                        "Actual Rows": 49646,
                        "Actual Loops": 2,
                        "Inner Unique": true,
                        "Hash Cond": "(mk.movie_id = t.id)",
                        "Plans": [
                          {
                            "Node Type": "Bitmap Heap Scan",
                            "Parent Relationship": "Outer",
                            "Parallel Aware": true,
                            "Relation Name": "movie_keyword",
                            "Alias": "mk",
                            "Startup Cost": 2904.07,
                            "Total Cost": 28363.43,
                            "Plan Rows": 80428,
                            "Plan Width": 4,
                            "Actual Startup Time": 11.191,
                            "Actual Total Time": 56.113,
                            "Actual Rows": 66479,
                            "Actual Loops": 2,
                            "Recheck Cond": "(keyword_id > 75898)",
                            "Rows Removed by Index Recheck": 0,
                            "Exact Heap Blocks": 11133,
                            "Lossy Heap Blocks": 0,
                            "Plans": [
                              {
                                "Node Type": "Bitmap Index Scan",
                                "Parent Relationship": "Outer",
                                "Parallel Aware": false,
                                "Index Name": "keyword_id_movie_keyword",
                                "Startup Cost": 0.0,
                                "Total Cost": 2869.89,
                                "Plan Rows": 136728,
                                "Plan Width": 0,
                                "Actual Startup Time": 8.344,
                                "Actual Total Time": 8.344,
                                "Actual Rows": 132958,
                                "Actual Loops": 1,
                                "Index Cond": "(keyword_id > 75898)"
                              }
                            ]
                          },
                          {
                            "Node Type": "Hash",
                            "Parent Relationship": "Inner",
                            "Parallel Aware": true,
                            "Startup Cost": 58306.47,
                            "Total Cost": 58306.47,
                            "Plan Rows": 477835,
                            "Plan Width": 4,
                            "Actual Startup Time": 277.33,
                            "Actual Total Time": 277.331,
                            "Actual Rows": 359865,
                            "Actual Loops": 2,
                            "Hash Buckets": 1048576,
                            "Original Hash Buckets": 1048576,
                            "Hash Batches": 1,
                            "Original Hash Batches": 1,
                            "Peak Memory Usage": 36384,
                            "Plans": [
                              {
                                "Node Type": "Seq Scan",
                                "Parent Relationship": "Outer",
                                "Parallel Aware": true,
                                "Relation Name": "title",
                                "Alias": "t",
                                "Startup Cost": 0.0,
                                "Total Cost": 58306.47,
                                "Plan Rows": 477835,
                                "Plan Width": 4,
                                "Actual Startup Time": 0.056,
                                "Actual Total Time": 164.913,
                                "Actual Rows": 359865,
                                "Actual Loops": 2,
                                "Filter": "((kind_id < 7) AND (production_year > 1971))",
                                "Rows Removed by Filter": 904291
                              }
                            ]
                          }
                        ]
                      }
                    ]
                  }
                ]
              }
            ]
          }
        ]
      }
    ]
  },
  "Planning Time": 1.093,
  "Triggers": [],
  "Execution Time": 562.448
}