[
  {
    "Plan": {
      "Node Type": "Aggregate",
      "Strategy": "Plain",
      "Partial Mode": "Finalize",
      "Parallel Aware": false,
      "Startup Cost": 28564.38,
      "Total Cost": 28564.39,
      "Plan Rows": 1,
      "Plan Width": 8,
      "Actual Startup Time": 35.017,
      "Actual Total Time": 39.679,
      "Actual Rows": 1,
      "Actual Loops": 1,
      "Plans": [
        {
          "Node Type": "Gather",
          "Parent Relationship": "Outer",
          "Parallel Aware": false,
          "Startup Cost": 28564.17,
          "Total Cost": 28564.38,
          "Plan Rows": 2,
          "Plan Width": 8,
          "Actual Startup Time": 34.778,
          "Actual Total Time": 39.672,
          "Actual Rows": 3,
          "Actual Loops": 1,
          "Workers Planned": 2,
          "Workers Launched": 2,
          "Single Copy": false,
          "Plans": [
            {
              "Node Type": "Aggregate",
              "Strategy": "Plain",
              "Partial Mode": "Partial",
              "Parent Relationship": "Outer",
              "Parallel Aware": false,
              "Startup Cost": 27564.17,
              "Total Cost": 27564.18,
              "Plan Rows": 1,
              "Plan Width": 8,
              "Actual Startup Time": 26.656,
              "Actual Total Time": 26.657,
              "Actual Rows": 1,
              "Actual Loops": 3,
              "Plans": [
                {
                  "Node Type": "Nested Loop",
                  "Parent Relationship": "Outer",
                  "Parallel Aware": false,
                  "Join Type": "Inner",
                  "Startup Cost": 107.43,
                  "Total Cost": 27564.14,
                  "Plan Rows": 12,
                  "Plan Width": 0,
                  "Actual Startup Time": 12.184,
                  "Actual Total Time": 26.646,
                  "Actual Rows": 10,
                  "Actual Loops": 3,
                  "Inner Unique": true,
                  "Plans": [
                    {
                      "Node Type": "Bitmap Heap Scan",
                      "Parent Relationship": "Outer",
                      "Parallel Aware": true,
                      "Relation Name": "movie_keyword",
                      "Alias": "mk",
                      "Startup Cost": 107.0,
                      "Total Cost": 12376.91,
                      "Plan Rows": 2073,
                      "Plan Width": 4,
                      "Actual Startup Time": 2.172,
                      "Actual Total Time": 8.916,
                      "Actual Rows": 1341,
                      "Actual Loops": 3,
                      "Recheck Cond": "(keyword_id = 782)",
                      "Rows Removed by Index Recheck": 0,
                      "Exact Heap Blocks": 2681,
                      "Lossy Heap Blocks": 0,
                      "Plans": [
                        {
                          "Node Type": "Bitmap Index Scan",
                          "Parent Relationship": "Outer",
                          "Parallel Aware": false,
                          "Index Name": "keyword_id_movie_keyword",
                          "Startup Cost": 0.0,
                          "Total Cost": 105.75,
                          "Plan Rows": 4976,
                          "Plan Width": 0,
                          "Actual Startup Time": 4.365,
                          "Actual Total Time": 4.365,
                          "Actual Rows": 4023,
                          "Actual Loops": 1,
                          "Index Cond": "(keyword_id = 782)"
                        }
                      ]
                    },
                    {
                      "Node Type": "Index Scan",
                      "Parent Relationship": "Inner",
                      "Parallel Aware": false,
                      "Scan Direction": "Forward",
                      "Index Name": "title_pkey",
                      "Relation Name": "title",
                      "Alias": "t",
                      "Startup Cost": 0.43,
                      "Total Cost": 7.33,
                      "Plan Rows": 1,
                      "Plan Width": 4,
                      "Actual Startup Time": 0.013,
                      "Actual Total Time": 0.013,
                      "Actual Rows": 0,
                      "Actual Loops": 4023,
                      "Index Cond": "(id = mk.movie_id)",
                      "Rows Removed by Index Recheck": 0,
                      "Filter": "(production_year = 1973)",
                      "Rows Removed by Filter": 1
                    }
                  ]
                }
              ]
            }
          ]
        }
      ]
    },
    "Planning Time": 0.619,
    "Triggers": [],
    "Execution Time": 39.764
  }
]