[
  {
    "Plan": {
      "Node Type": "Aggregate",
      "Strategy": "Plain",
      "Partial Mode": "Finalize",
      "Parallel Aware": false,
      "Startup Cost": 65292.22,
      "Total Cost": 65292.23,
      "Plan Rows": 1,
      "Plan Width": 8,
      "Actual Startup Time": 239.777,
      "Actual Total Time": 258.993,
      "Actual Rows": 1,
      "Actual Loops": 1,
      "Plans": [
        {
          "Node Type": "Gather",
          "Parent Relationship": "Outer",
          "Parallel Aware": false,
          "Startup Cost": 65292.01,
          "Total Cost": 65292.22,
          "Plan Rows": 2,
          "Plan Width": 8,
          "Actual Startup Time": 239.604,
          "Actual Total Time": 258.987,
          "Actual Rows": 3,
          "Actual Loops": 1,
          "Workers Planned": 2,
          "Workers Launched": 2,
          "Single Copy": false,
          "Plans": [
            {
              "Node Type": "Aggregate",
              "Strategy": "Plain",
              "Partial Mode": "Partial",
              "Parent Relationship": "Outer",
              "Parallel Aware": false,
              "Startup Cost": 64292.01,
              "Total Cost": 64292.02,
              "Plan Rows": 1,
              "Plan Width": 8,
              "Actual Startup Time": 235.734,
              "Actual Total Time": 235.737,
              "Actual Rows": 1,
              "Actual Loops": 3,
              "Plans": [
                {
                  "Node Type": "Nested Loop",
                  "Parent Relationship": "Outer",
                  "Parallel Aware": false,
                  "Join Type": "Inner",
                  "Startup Cost": 45554.83,
                  "Total Cost": 64285.14,
                  "Plan Rows": 2747,
                  "Plan Width": 0,
                  "Actual Startup Time": 113.394,
                  "Actual Total Time": 234.741,
                  "Actual Rows": 15596,
                  "Actual Loops": 3,
                  "Inner Unique": false,
                  "Join Filter": "(t.id = mc.movie_id)",
                  "Rows Removed by Join Filter": 0,
                  "Plans": [
                    {
                      "Node Type": "Hash Join",
                      "Parent Relationship": "Outer",
                      "Parallel Aware": true,
                      "Join Type": "Inner",
                      "Startup Cost": 45554.4,
                      "Total Cost": 60748.96,
                      "Plan Rows": 5444,
                      "Plan Width": 8,
                      "Actual Startup Time": 113.265,
                      "Actual Total Time": 195.639,
                      "Actual Rows": 8529,
                      "Actual Loops": 3,
                      "Inner Unique": true,
                      "Hash Cond": "(mi_idx.movie_id = t.id)",
                      "Plans": [
                        {
                          "Node Type": "Seq Scan",
                          "Parent Relationship": "Outer",
                          "Parallel Aware": true,
                          "Relation Name": "movie_info_idx",
                          "Alias": "mi_idx",
                          "Startup Cost": 0.0,
                          "Total Cost": 13685.15,
                          "Plan Rows": 575015,
                          "Plan Width": 4,
                          "Actual Startup Time": 0.012,
                          "Actual Total Time": 39.842,
                          "Actual Rows": 460012,
                          "Actual Loops": 3
                        },
                        {
                          "Node Type": "Hash",
                          "Parent Relationship": "Inner",
                          "Parallel Aware": true,
                          "Startup Cost": 45479.59,
                          "Total Cost": 45479.59,
                          "Plan Rows": 5985,
                          "Plan Width": 4,
                          "Actual Startup Time": 112.515,
                          "Actual Total Time": 112.516,
                          "Actual Rows": 6297,
                          "Actual Loops": 3,
                          "Hash Buckets": 32768,
                          "Original Hash Buckets": 32768,
                          "Hash Batches": 1,
                          "Original Hash Batches": 1,
                          "Peak Memory Usage": 1056,
                          "Plans": [
                            {
                              "Node Type": "Seq Scan",
                              "Parent Relationship": "Outer",
                              "Parallel Aware": true,
                              "Relation Name": "title",
                              "Alias": "t",
                              "Startup Cost": 0.0,
                              "Total Cost": 45479.59,
                              "Plan Rows": 5985,
                              "Plan Width": 4,
                              "Actual Startup Time": 0.174,
                              "Actual Total Time": 109.631,
                              "Actual Rows": 6297,
                              "Actual Loops": 3,
                              "Filter": "((kind_id < 7) AND (production_year = 2001))",
                              "Rows Removed by Filter": 836473
                            }
                          ]
                        }
                      ]
                    },
                    {
                      "Node Type": "Index Scan",
                      "Parent Relationship": "Inner",
                      "Parallel Aware": false,
                      "Scan Direction": "Forward",
                      "Index Name": "movie_id_movie_companies",
                      "Relation Name": "movie_companies",
                      "Alias": "mc",
                      "Startup Cost": 0.43,
                      "Total Cost": 0.61,
                      "Plan Rows": 3,
                      "Plan Width": 4,
                      "Actual Startup Time": 0.003,
                      "Actual Total Time": 0.004,
                      "Actual Rows": 2,
                      "Actual Loops": 25587,
                      "Index Cond": "(movie_id = mi_idx.movie_id)",
                      "Rows Removed by Index Recheck": 0,
                      "Filter": "(company_type_id = 1)",
                      "Rows Removed by Filter": 2
                    }
                  ]
                }
              ]
            }
          ]
        }
      ]
    },
    "Planning Time": 0.578,
    "Triggers": [],
    "Execution Time": 259.039
  }
]