{
  "Plan": {
    "Node Type": "Aggregate",
    "Strategy": "Plain",
    "Partial Mode": "Finalize",
    "Parallel Aware": false,
    "Startup Cost": 308737.09,
    "Total Cost": 308737.1,
    "Plan Rows": 1,
    "Plan Width": 8,
    "Actual Startup Time": 2341.692,
    "Actual Total Time": 2361.13,
    "Actual Rows": 1,
    "Actual Loops": 1,
    "Plans": [
      {
        "Node Type": "Gather",
        "Parent Relationship": "Outer",
        "Parallel Aware": false,
        "Startup Cost": 308736.98,
        "Total Cost": 308737.09,
        "Plan Rows": 1,
        "Plan Width": 8,
        "Actual Startup Time": 2339.204,
        "Actual Total Time": 2361.124,
        "Actual Rows": 2,
        "Actual Loops": 1,
        "Workers Planned": 1,
        "Workers Launched": 1,
        "Single Copy": false,
        "Plans": [
          {
            "Node Type": "Aggregate",
            "Strategy": "Plain",
            "Partial Mode": "Partial",
            "Parent Relationship": "Outer",
            "Parallel Aware": false,
            "Startup Cost": 307736.98,
            "Total Cost": 307736.99,
            "Plan Rows": 1,
            "Plan Width": 8,
            "Actual Startup Time": 2331.768,
            "Actual Total Time": 2331.772,
            "Actual Rows": 1,
            "Actual Loops": 2,
            "Plans": [
              {
                "Node Type": "Nested Loop",
                "Parent Relationship": "Outer",
                "Parallel Aware": false,
                "Join Type": "Inner",
                "Startup Cost": 83587.05,
                "Total Cost": 306965.84,
                "Plan Rows": 308458,
                "Plan Width": 0,
                "Actual Startup Time": 570.402,
                "Actual Total Time": 2231.425,
                "Actual Rows": 2057862,
                "Actual Loops": 2,
                "Inner Unique": false,
                "Plans": [
                  {
                    "Node Type": "Hash Join",
                    "Parent Relationship": "Outer",
                    "Parallel Aware": true,
                    "Join Type": "Inner",
                    "Startup Cost": 83586.62,
                    "Total Cost": 115436.98,
                    "Plan Rows": 298901,
                    "Plan Width": 8,
                    "Actual Startup Time": 570.247,
                    "Actual Total Time": 821.396,
                    "Actual Rows": 327511,
                    "Actual Loops": 2,
                    "Inner Unique": true,
                    "Hash Cond": "(mk.movie_id = t.id)",
                    "Plans": [
                      {
                        "Node Type": "Bitmap Heap Scan",
                        "Parent Relationship": "Outer",
                        "Parallel Aware": true,
                        "Relation Name": "movie_keyword",
                        "Alias": "mk",
                        "Startup Cost": 17635.21,
                        "Total Cost": 48201.9,
                        "Plan Rows": 489015,
                        "Plan Width": 4,
                        "Actual Startup Time": 63.652,
                        "Actual Total Time": 166.002,
                        "Actual Rows": 420830,
                        "Actual Loops": 2,
                        "Recheck Cond": "(keyword_id < 807)",
                        "Rows Removed by Index Recheck": 0,
                        "Exact Heap Blocks": 10387,
                        "Lossy Heap Blocks": 0,
                        "Plans": [
                          {
                            "Node Type": "Bitmap Index Scan",
                            "Parent Relationship": "Outer",
                            "Parallel Aware": false,
                            "Index Name": "keyword_id_movie_keyword",
                            "Startup Cost": 0.0,
                            "Total Cost": 17427.38,
                            "Plan Rows": 831326,
                            "Plan Width": 0,
                            "Actual Startup Time": 57.862,
                            "Actual Total Time": 57.862,
                            "Actual Rows": 841659,
                            "Actual Loops": 1,
                            "Index Cond": "(keyword_id < 807)"
                          }
                        ]
                      },
                      {
                        "Node Type": "Hash",
                        "Parent Relationship": "Inner",
                        "Parallel Aware": true,
                        "Startup Cost": 54588.39,
                        "Total Cost": 54588.39,
                        "Plan Rows": 909042,
                        "Plan Width": 4,
                        "Actual Startup Time": 493.852,
                        "Actual Total Time": 493.853,
                        "Actual Rows": 775864,
                        "Actual Loops": 2,
                        "Hash Buckets": 2097152,
                        "Original Hash Buckets": 2097152,
                        "Hash Batches": 1,
                        "Original Hash Batches": 1,
                        "Peak Memory Usage": 77120,
                        "Plans": [
                          {
                            "Node Type": "Seq Scan",
                            "Parent Relationship": "Outer",
                            "Parallel Aware": true,
                            "Relation Name": "title",
                            "Alias": "t",
                            "Startup Cost": 0.0,
                            "Total Cost": 54588.39,
                            "Plan Rows": 909042,
                            "Plan Width": 4,
                            "Actual Startup Time": 0.04,
                            "Actual Total Time": 213.83,
                            "Actual Rows": 775864,
                            "Actual Loops": 2,
                            "Filter": "(production_year < 2007)",
                            "Rows Removed by Filter": 488292
                          }
                        ]
                      }
                    ]
                  },
                  {
                    "Node Type": "Index Only Scan",
                    "Parent Relationship": "Inner",
                    "Parallel Aware": false,
                    "Scan Direction": "Forward",
                    "Index Name": "movie_id_movie_companies",
                    "Relation Name": "movie_companies",
                    "Alias": "mc",
                    "Startup Cost": 0.43,
                    "Total Cost": 0.59,
                    "Plan Rows": 5,
                    "Plan Width": 4,
                    "Actual Startup Time": 0.002,
                    "Actual Total Time": 0.004,
                    "Actual Rows": 6,
                    "Actual Loops": 655022,
                    "Index Cond": "(movie_id = t.id)",
                    "Rows Removed by Index Recheck": 0,
                    "Heap Fetches": 4115725
                  }
                ]
              }
            ]
          }
        ]
      }
    ]
  },
  "Planning Time": 0.777,
  "Triggers": [],
  "Execution Time": 2361.225
}