[
    {
        "Bao": {
            "Bao prediction": "NaN",
            "Bao recommended hint": "(no hint)"
        }
    },
    {
        "Plan": {
            "Node Type": "Aggregate",
            "Strategy": "Plain",
            "Partial Mode": "Finalize",
            "Parallel Aware": false,
            "Startup Cost": 32957.49,
            "Total Cost": 32957.5,
            "Plan Rows": 1,
            "Plan Width": 8,
            "Actual Startup Time": 87.269,
            "Actual Total Time": 92.269,
            "Actual Rows": 1,
            "Actual Loops": 1,
            "Output": [
                "count(*)"
            ],
            "Plans": [
                {
                    "Node Type": "Gather",
                    "Parent Relationship": "Outer",
                    "Parallel Aware": false,
                    "Startup Cost": 32957.17,
                    "Total Cost": 32957.48,
                    "Plan Rows": 3,
                    "Plan Width": 8,
                    "Actual Startup Time": 87.171,
                    "Actual Total Time": 92.262,
                    "Actual Rows": 4,
                    "Actual Loops": 1,
                    "Output": [
                        "(PARTIAL count(*))"
                    ],
                    "Workers Planned": 3,
                    "Workers Launched": 3,
                    "Single Copy": false,
                    "Plans": [
                        {
                            "Node Type": "Aggregate",
                            "Strategy": "Plain",
                            "Partial Mode": "Partial",
                            "Parent Relationship": "Outer",
                            "Parallel Aware": false,
                            "Startup Cost": 31957.17,
                            "Total Cost": 31957.18,
                            "Plan Rows": 1,
                            "Plan Width": 8,
                            "Actual Startup Time": 79.314,
                            "Actual Total Time": 79.315,
                            "Actual Rows": 1,
                            "Actual Loops": 4,
                            "Output": [
                                "PARTIAL count(*)"
                            ],
                            "Workers": [
                                {
                                    "Worker Number": 0,
                                    "Actual Startup Time": 76.43,
                                    "Actual Total Time": 76.432,
                                    "Actual Rows": 1,
                                    "Actual Loops": 1
                                },
                                {
                                    "Worker Number": 1,
                                    "Actual Startup Time": 76.798,
                                    "Actual Total Time": 76.799,
                                    "Actual Rows": 1,
                                    "Actual Loops": 1
                                },
                                {
                                    "Worker Number": 2,
                                    "Actual Startup Time": 77.148,
                                    "Actual Total Time": 77.149,
                                    "Actual Rows": 1,
                                    "Actual Loops": 1
                                }
                            ],
                            "Plans": [
                                {
                                    "Node Type": "Seq Scan",
                                    "Parent Relationship": "Outer",
                                    "Parallel Aware": true,
                                    "Relation Name": "movie_companies",
                                    "Schema": "public",
                                    "Alias": "mc",
                                    "Startup Cost": 0.0,
                                    "Total Cost": 31414.82,
                                    "Plan Rows": 216940,
                                    "Plan Width": 0,
                                    "Actual Startup Time": 15.698,
                                    "Actual Total Time": 73.317,
                                    "Actual Rows": 112558,
                                    "Actual Loops": 4,
                                    "Output": [
                                        "id",
                                        "movie_id",
                                        "company_id",
                                        "company_type_id",
                                        "note"
                                    ],
                                    "Filter": "((mc.company_id > 11138) AND (mc.company_type_id < 2))",
                                    "Rows Removed by Filter": 539724,
                                    "Workers": [
                                        {
                                            "Worker Number": 0,
                                            "Actual Startup Time": 12.835,
                                            "Actual Total Time": 70.629,
                                            "Actual Rows": 99420,
                                            "Actual Loops": 1
                                        },
                                        {
                                            "Worker Number": 1,
                                            "Actual Startup Time": 13.198,
                                            "Actual Total Time": 71.054,
                                            "Actual Rows": 99141,
                                            "Actual Loops": 1
                                        },
                                        {
                                            "Worker Number": 2,
                                            "Actual Startup Time": 13.522,
                                            "Actual Total Time": 71.293,
                                            "Actual Rows": 80302,
                                            "Actual Loops": 1
                                        }
                                    ]
                                }
                            ]
                        }
                    ]
                }
            ]
        },
        "Planning Time": 198.245,
        "Triggers": [],
        "Execution Time": 92.309
    }
]