[
  {
    "Plan": {
      "Node Type": "Aggregate",
      "Strategy": "Plain",
      "Partial Mode": "Finalize",
      "Parallel Aware": false,
      "Startup Cost": 33043.92,
      "Total Cost": 33043.93,
      "Plan Rows": 1,
      "Plan Width": 8,
      "Actual Startup Time": 92.779,
      "Actual Total Time": 99.996,
      "Actual Rows": 1,
      "Actual Loops": 1,
      "Plans": [
        {
          "Node Type": "Gather",
          "Parent Relationship": "Outer",
          "Parallel Aware": false,
          "Startup Cost": 33043.6,
          "Total Cost": 33043.91,
          "Plan Rows": 3,
          "Plan Width": 8,
          "Actual Startup Time": 92.672,
          "Actual Total Time": 99.988,
          "Actual Rows": 4,
          "Actual Loops": 1,
          "Workers Planned": 3,
          "Workers Launched": 3,
          "Single Copy": false,
          "Plans": [
            {
              "Node Type": "Aggregate",
              "Strategy": "Plain",
              "Partial Mode": "Partial",
              "Parent Relationship": "Outer",
              "Parallel Aware": false,
              "Startup Cost": 32043.6,
              "Total Cost": 32043.61,
              "Plan Rows": 1,
              "Plan Width": 8,
              "Actual Startup Time": 85.998,
              "Actual Total Time": 85.999,
              "Actual Rows": 1,
              "Actual Loops": 4,
              "Plans": [
                {
                  "Node Type": "Seq Scan",
                  "Parent Relationship": "Outer",
                  "Parallel Aware": true,
                  "Relation Name": "movie_companies",
                  "Alias": "mc",
                  "Startup Cost": 0.0,
                  "Total Cost": 31414.82,
                  "Plan Rows": 251512,
                  "Plan Width": 0,
                  "Actual Startup Time": 0.034,
                  "Actual Total Time": 72.805,
                  "Actual Rows": 271804,
                  "Actual Loops": 4,
                  "Filter": "((company_id < 16391) AND (company_type_id = 1))",
                  "Rows Removed by Filter": 380479
                }
              ]
            }
          ]
        }
      ]
    },
    "Planning Time": 0.103,
    "Triggers": [],
    "Execution Time": 100.03
  }
]