[
  {
    "Plan": {
      "Node Type": "Aggregate",
      "Strategy": "Plain",
      "Partial Mode": "Finalize",
      "Parallel Aware": false,
      "Startup Cost": 46030.14,
      "Total Cost": 46030.15,
      "Plan Rows": 1,
      "Plan Width": 8,
      "Actual Startup Time": 135.354,
      "Actual Total Time": 145.737,
      "Actual Rows": 1,
      "Actual Loops": 1,
      "Plans": [
        {
          "Node Type": "Gather",
          "Parent Relationship": "Outer",
          "Parallel Aware": false,
          "Startup Cost": 46029.83,
          "Total Cost": 46030.14,
          "Plan Rows": 3,
          "Plan Width": 8,
          "Actual Startup Time": 135.157,
          "Actual Total Time": 145.728,
          "Actual Rows": 4,
          "Actual Loops": 1,
          "Workers Planned": 3,
          "Workers Launched": 3,
          "Single Copy": false,
          "Plans": [
            {
              "Node Type": "Aggregate",
              "Strategy": "Plain",
              "Partial Mode": "Partial",
              "Parent Relationship": "Outer",
              "Parallel Aware": false,
              "Startup Cost": 45029.83,
              "Total Cost": 45029.84,
              "Plan Rows": 1,
              "Plan Width": 8,
              "Actual Startup Time": 132.319,
              "Actual Total Time": 132.32,
              "Actual Rows": 1,
              "Actual Loops": 4,
              "Plans": [
                {
                  "Node Type": "Seq Scan",
                  "Parent Relationship": "Outer",
                  "Parallel Aware": true,
                  "Relation Name": "movie_keyword",
                  "Alias": "mk",
                  "Startup Cost": 0.0,
                  "Total Cost": 42695.65,
                  "Plan Rows": 933669,
                  "Plan Width": 0,
                  "Actual Startup Time": 0.025,
                  "Actual Total Time": 103.111,
                  "Actual Rows": 726334,
                  "Actual Loops": 4,
                  "Filter": "(keyword_id < 9315)",
                  "Rows Removed by Filter": 404648
                }
              ]
            }
          ]
        }
      ]
    },
    "Planning Time": 0.081,
    "Triggers": [],
    "Execution Time": 145.772
  }
]