[
  {
    "Plan": {
      "Node Type": "Aggregate",
      "Strategy": "Plain",
      "Partial Mode": "Finalize",
      "Parallel Aware": false,
      "Startup Cost": 98884.47,
      "Total Cost": 98884.48,
      "Plan Rows": 1,
      "Plan Width": 8,
      "Actual Startup Time": 690.179,
      "Actual Total Time": 709.694,
      "Actual Rows": 1,
      "Actual Loops": 1,
      "Plans": [
        {
          "Node Type": "Gather",
          "Parent Relationship": "Outer",
          "Parallel Aware": false,
          "Startup Cost": 98884.15,
          "Total Cost": 98884.46,
          "Plan Rows": 3,
          "Plan Width": 8,
          "Actual Startup Time": 682.672,
          "Actual Total Time": 709.668,
          "Actual Rows": 4,
          "Actual Loops": 1,
          "Workers Planned": 3,
          "Workers Launched": 3,
          "Single Copy": false,
          "Plans": [
            {
              "Node Type": "Aggregate",
              "Strategy": "Plain",
              "Partial Mode": "Partial",
              "Parent Relationship": "Outer",
              "Parallel Aware": false,
              "Startup Cost": 97884.15,
              "Total Cost": 97884.16,
              "Plan Rows": 1,
              "Plan Width": 8,
              "Actual Startup Time": 666.012,
              "Actual Total Time": 666.016,
              "Actual Rows": 1,
              "Actual Loops": 4,
              "Plans": [
                {
                  "Node Type": "Hash Join",
                  "Parent Relationship": "Outer",
                  "Parallel Aware": true,
                  "Join Type": "Inner",
                  "Startup Cost": 51497.65,
                  "Total Cost": 94375.73,
                  "Plan Rows": 1403371,
                  "Plan Width": 0,
                  "Actual Startup Time": 351.134,
                  "Actual Total Time": 620.936,
                  "Actual Rows": 1123139,
                  "Actual Loops": 4,
                  "Inner Unique": true,
                  "Hash Cond": "(mk.movie_id = t.id)",
                  "Plans": [
                    {
                      "Node Type": "Seq Scan",
                      "Parent Relationship": "Outer",
                      "Parallel Aware": true,
                      "Relation Name": "movie_keyword",
                      "Alias": "mk",
                      "Startup Cost": 0.0,
                      "Total Cost": 39047.32,
                      "Plan Rows": 1459332,
                      "Plan Width": 4,
                      "Actual Startup Time": 0.023,
                      "Actual Total Time": 80.818,
                      "Actual Rows": 1130982,
                      "Actual Loops": 4
                    },
                    {
                      "Node Type": "Hash",
                      "Parent Relationship": "Inner",
                      "Parallel Aware": true,
                      "Startup Cost": 43899.32,
                      "Total Cost": 43899.32,
                      "Plan Rows": 607866,
                      "Plan Width": 4,
                      "Actual Startup Time": 340.841,
                      "Actual Total Time": 340.842,
                      "Actual Rows": 607928,
                      "Actual Loops": 4,
                      "Hash Buckets": 4194304,
                      "Original Hash Buckets": 4194304,
                      "Hash Batches": 1,
                      "Original Hash Batches": 1,
                      "Peak Memory Usage": 127968,
                      "Plans": [
                        {
                          "Node Type": "Seq Scan",
                          "Parent Relationship": "Outer",
                          "Parallel Aware": true,
                          "Relation Name": "title",
                          "Alias": "t",
                          "Startup Cost": 0.0,
                          "Total Cost": 43899.32,
                          "Plan Rows": 607866,
                          "Plan Width": 4,
                          "Actual Startup Time": 0.047,
                          "Actual Total Time": 110.78,
                          "Actual Rows": 607928,
                          "Actual Loops": 4,
                          "Filter": "(production_year > 1909)",
                          "Rows Removed by Filter": 24150
                        }
                      ]
                    }
                  ]
                }
              ]
            }
          ]
        }
      ]
    },
    "Planning Time": 0.492,
    "Triggers": [],
    "Execution Time": 709.742
  }
]