{
  "Plan": {
    "Node Type": "Aggregate",
    "Strategy": "Plain",
    "Partial Mode": "Finalize",
    "Parallel Aware": false,
    "Startup Cost": 252472.85,
    "Total Cost": 252472.86,
    "Plan Rows": 1,
    "Plan Width": 8,
    "Actual Startup Time": 291.151,
    "Actual Total Time": 298.325,
    "Actual Rows": 1,
    "Actual Loops": 1,
    "Plans": [
      {
        "Node Type": "Gather",
        "Parent Relationship": "Outer",
        "Parallel Aware": false,
        "Startup Cost": 252472.74,
        "Total Cost": 252472.85,
        "Plan Rows": 1,
        "Plan Width": 8,
        "Actual Startup Time": 290.862,
        "Actual Total Time": 298.317,
        "Actual Rows": 2,
        "Actual Loops": 1,
        "Workers Planned": 1,
        "Workers Launched": 1,
        "Single Copy": false,
        "Plans": [
          {
            "Node Type": "Aggregate",
            "Strategy": "Plain",
            "Partial Mode": "Partial",
            "Parent Relationship": "Outer",
            "Parallel Aware": false,
            "Startup Cost": 251472.74,
            "Total Cost": 251472.75,
            "Plan Rows": 1,
            "Plan Width": 8,
            "Actual Startup Time": 284.615,
            "Actual Total Time": 284.619,
            "Actual Rows": 1,
            "Actual Loops": 2,
            "Plans": [
              {
                "Node Type": "Hash Join",
                "Parent Relationship": "Outer",
                "Parallel Aware": true,
                "Join Type": "Inner",
                "Startup Cost": 77695.31,
                "Total Cost": 251469.11,
                "Plan Rows": 1451,
                "Plan Width": 0,
                "Actual Startup Time": 206.871,
                "Actual Total Time": 284.451,
                "Actual Rows": 2418,
                "Actual Loops": 2,
                "Inner Unique": true,
                "Hash Cond": "(mi.movie_id = t.id)",
                "Plans": [
                  {
                    "Node Type": "Bitmap Heap Scan",
                    "Parent Relationship": "Outer",
                    "Parallel Aware": true,
                    "Relation Name": "movie_info",
                    "Alias": "mi",
                    "Startup Cost": 23986.4,
                    "Total Cost": 195715.6,
                    "Plan Rows": 778896,
                    "Plan Width": 4,
                    "Actual Startup Time": 59.076,
                    "Actual Total Time": 123.609,
                    "Actual Rows": 662680,
                    "Actual Loops": 2,
                    "Recheck Cond": "(info_type_id = 8)",
                    "Rows Removed by Index Recheck": 0,
                    "Exact Heap Blocks": 4226,
                    "Lossy Heap Blocks": 0,
                    "Plans": [
                      {
                        "Node Type": "Bitmap Index Scan",
                        "Parent Relationship": "Outer",
                        "Parallel Aware": false,
                        "Index Name": "info_type_id_movie_info",
                        "Startup Cost": 0.0,
                        "Total Cost": 23655.37,
                        "Plan Rows": 1324124,
                        "Plan Width": 0,
                        "Actual Startup Time": 57.837,
                        "Actual Total Time": 57.838,
                        "Actual Rows": 1325361,
                        "Actual Loops": 1,
                        "Index Cond": "(info_type_id = 8)"
                      }
                    ]
                  },
                  {
                    "Node Type": "Hash",
                    "Parent Relationship": "Inner",
                    "Parallel Aware": true,
                    "Startup Cost": 53674.29,
                    "Total Cost": 53674.29,
                    "Plan Rows": 2770,
                    "Plan Width": 4,
                    "Actual Startup Time": 101.858,
                    "Actual Total Time": 101.859,
                    "Actual Rows": 2257,
                    "Actual Loops": 2,
                    "Hash Buckets": 8192,
                    "Original Hash Buckets": 8192,
                    "Hash Batches": 1,
                    "Original Hash Batches": 1,
                    "Peak Memory Usage": 256,
                    "Plans": [
                      {
                        "Node Type": "Bitmap Heap Scan",
                        "Parent Relationship": "Outer",
                        "Parallel Aware": true,
                        "Relation Name": "title",
                        "Alias": "t",
                        "Startup Cost": 11824.03,
                        "Total Cost": 53674.29,
                        "Plan Rows": 2770,
                        "Plan Width": 4,
                        "Actual Startup Time": 42.137,
                        "Actual Total Time": 100.956,
                        "Actual Rows": 2257,
                        "Actual Loops": 2,
                        "Recheck Cond": "(kind_id = 1)",
                        "Rows Removed by Index Recheck": 0,
                        "Filter": "(production_year = 1984)",
                        "Rows Removed by Filter": 329156,
                        "Exact Heap Blocks": 8802,
                        "Lossy Heap Blocks": 0,
                        "Plans": [
                          {
                            "Node Type": "Bitmap Index Scan",
                            "Parent Relationship": "Outer",
                            "Parallel Aware": false,
                            "Index Name": "kind_id_title",
                            "Startup Cost": 0.0,
                            "Total Cost": 11822.85,
                            "Plan Rows": 663256,
                            "Plan Width": 0,
                            "Actual Startup Time": 45.136,
                            "Actual Total Time": 45.136,
                            "Actual Rows": 662825,
                            "Actual Loops": 1,
                            "Index Cond": "(kind_id = 1)"
                          }
                        ]
                      }
                    ]
                  }
                ]
              }
            ]
          }
        ]
      }
    ]
  },
  "Planning Time": 0.475,
  "Triggers": [],
  "Execution Time": 298.441
}