{
  "Plan": {
    "Node Type": "Aggregate",
    "Strategy": "Plain",
    "Partial Mode": "Finalize",
    "Parallel Aware": false,
    "Startup Cost": 341774.88,
    "Total Cost": 341774.89,
    "Plan Rows": 1,
    "Plan Width": 8,
    "Actual Startup Time": 1193.121,
    "Actual Total Time": 1242.371,
    "Actual Rows": 1,
    "Actual Loops": 1,
    "Plans": [
      {
        "Node Type": "Gather",
        "Parent Relationship": "Outer",
        "Parallel Aware": false,
        "Startup Cost": 341774.77,
        "Total Cost": 341774.88,
        "Plan Rows": 1,
        "Plan Width": 8,
        "Actual Startup Time": 1192.956,
        "Actual Total Time": 1242.36,
        "Actual Rows": 2,
        "Actual Loops": 1,
        "Workers Planned": 1,
        "Workers Launched": 1,
        "Single Copy": false,
        "Plans": [
          {
            "Node Type": "Aggregate",
            "Strategy": "Plain",
            "Partial Mode": "Partial",
            "Parent Relationship": "Outer",
            "Parallel Aware": false,
            "Startup Cost": 340774.77,
            "Total Cost": 340774.78,
            "Plan Rows": 1,
            "Plan Width": 8,
            "Actual Startup Time": 1187.363,
            "Actual Total Time": 1187.367,
            "Actual Rows": 1,
            "Actual Loops": 2,
            "Plans": [
              {
                "Node Type": "Hash Join",
                "Parent Relationship": "Outer",
                "Parallel Aware": true,
                "Join Type": "Inner",
                "Startup Cost": 54690.64,
                "Total Cost": 340694.59,
                "Plan Rows": 32074,
                "Plan Width": 0,
                "Actual Startup Time": 170.896,
                "Actual Total Time": 1185.718,
                "Actual Rows": 31351,
                "Actual Loops": 2,
                "Inner Unique": true,
                "Hash Cond": "(mi.movie_id = t.id)",
                "Plans": [
                  {
                    "Node Type": "Seq Scan",
                    "Parent Relationship": "Outer",
                    "Parallel Aware": true,
                    "Relation Name": "movie_info",
                    "Alias": "mi",
                    "Startup Cost": 0.0,
                    "Total Cost": 270696.42,
                    "Plan Rows": 5831431,
                    "Plan Width": 4,
                    "Actual Startup Time": 33.817,
                    "Actual Total Time": 707.214,
                    "Actual Rows": 4955877,
                    "Actual Loops": 2,
                    "Filter": "(info_type_id > 4)",
                    "Rows Removed by Filter": 2461983
                  },
                  {
                    "Node Type": "Hash",
                    "Parent Relationship": "Inner",
                    "Parallel Aware": true,
                    "Startup Cost": 54588.39,
                    "Total Cost": 54588.39,
                    "Plan Rows": 8180,
                    "Plan Width": 4,
                    "Actual Startup Time": 135.794,
                    "Actual Total Time": 135.795,
                    "Actual Rows": 6532,
                    "Actual Loops": 2,
                    "Hash Buckets": 16384,
                    "Original Hash Buckets": 16384,
                    "Hash Batches": 1,
                    "Original Hash Batches": 1,
                    "Peak Memory Usage": 672,
                    "Plans": [
                      {
                        "Node Type": "Seq Scan",
                        "Parent Relationship": "Outer",
                        "Parallel Aware": true,
                        "Relation Name": "title",
                        "Alias": "t",
                        "Startup Cost": 0.0,
                        "Total Cost": 54588.39,
                        "Plan Rows": 8180,
                        "Plan Width": 4,
                        "Actual Startup Time": 0.31,
                        "Actual Total Time": 133.404,
                        "Actual Rows": 6532,
                        "Actual Loops": 2,
                        "Filter": "(production_year = 1965)",
                        "Rows Removed by Filter": 1257624
                      }
                    ]
                  }
                ]
              }
            ]
          }
        ]
      }
    ]
  },
  "Planning Time": 0.484,
  "Triggers": [],
  "Execution Time": 1242.456
}