[
  {
    "Plan": {
      "Node Type": "Aggregate",
      "Strategy": "Plain",
      "Partial Mode": "Finalize",
      "Parallel Aware": false,
      "Startup Cost": 45653.43,
      "Total Cost": 45653.44,
      "Plan Rows": 1,
      "Plan Width": 8,
      "Actual Startup Time": 153.926,
      "Actual Total Time": 163.58,
      "Actual Rows": 1,
      "Actual Loops": 1,
      "Plans": [
        {
          "Node Type": "Gather",
          "Parent Relationship": "Outer",
          "Parallel Aware": false,
          "Startup Cost": 45653.11,
          "Total Cost": 45653.42,
          "Plan Rows": 3,
          "Plan Width": 8,
          "Actual Startup Time": 153.81,
          "Actual Total Time": 163.569,
          "Actual Rows": 4,
          "Actual Loops": 1,
          "Workers Planned": 3,
          "Workers Launched": 3,
          "Single Copy": false,
          "Plans": [
            {
              "Node Type": "Aggregate",
              "Strategy": "Plain",
              "Partial Mode": "Partial",
              "Parent Relationship": "Outer",
              "Parallel Aware": false,
              "Startup Cost": 44653.11,
              "Total Cost": 44653.12,
              "Plan Rows": 1,
              "Plan Width": 8,
              "Actual Startup Time": 146.844,
              "Actual Total Time": 146.845,
              "Actual Rows": 1,
              "Actual Loops": 4,
              "Plans": [
                {
                  "Node Type": "Seq Scan",
                  "Parent Relationship": "Outer",
                  "Parallel Aware": true,
                  "Relation Name": "movie_keyword",
                  "Alias": "mk",
                  "Startup Cost": 0.0,
                  "Total Cost": 42695.65,
                  "Plan Rows": 782984,
                  "Plan Width": 0,
                  "Actual Startup Time": 0.471,
                  "Actual Total Time": 118.744,
                  "Actual Rows": 605734,
                  "Actual Loops": 4,
                  "Filter": "(keyword_id > 3782)",
                  "Rows Removed by Filter": 525248
                }
              ]
            }
          ]
        }
      ]
    },
    "Planning Time": 0.157,
    "Triggers": [],
    "Execution Time": 163.639
  }
]