[
  {
    "Plan": {
      "Node Type": "Aggregate",
      "Strategy": "Plain",
      "Partial Mode": "Finalize",
      "Parallel Aware": false,
      "Startup Cost": 130372.2,
      "Total Cost": 130372.21,
      "Plan Rows": 1,
      "Plan Width": 8,
      "Actual Startup Time": 675.541,
      "Actual Total Time": 697.02,
      "Actual Rows": 1,
      "Actual Loops": 1,
      "Plans": [
        {
          "Node Type": "Gather",
          "Parent Relationship": "Outer",
          "Parallel Aware": false,
          "Startup Cost": 130371.89,
          "Total Cost": 130372.2,
          "Plan Rows": 3,
          "Plan Width": 8,
          "Actual Startup Time": 669.141,
          "Actual Total Time": 697.009,
          "Actual Rows": 4,
          "Actual Loops": 1,
          "Workers Planned": 3,
          "Workers Launched": 3,
          "Single Copy": false,
          "Plans": [
            {
              "Node Type": "Aggregate",
              "Strategy": "Plain",
              "Partial Mode": "Partial",
              "Parent Relationship": "Outer",
              "Parallel Aware": false,
              "Startup Cost": 129371.89,
              "Total Cost": 129371.9,
              "Plan Rows": 1,
              "Plan Width": 8,
              "Actual Startup Time": 660.016,
              "Actual Total Time": 660.389,
              "Actual Rows": 1,
              "Actual Loops": 4,
              "Plans": [
                {
                  "Node Type": "Hash Join",
                  "Parent Relationship": "Outer",
                  "Parallel Aware": true,
                  "Join Type": "Inner",
                  "Startup Cost": 82553.8,
                  "Total Cost": 128368.42,
                  "Plan Rows": 401388,
                  "Plan Width": 0,
                  "Actual Startup Time": 441.448,
                  "Actual Total Time": 647.259,
                  "Actual Rows": 339025,
                  "Actual Loops": 4,
                  "Inner Unique": false,
                  "Hash Cond": "(mk.movie_id = t.id)",
                  "Plans": [
                    {
                      "Node Type": "Seq Scan",
                      "Parent Relationship": "Outer",
                      "Parallel Aware": true,
                      "Relation Name": "movie_keyword",
                      "Alias": "mk",
                      "Startup Cost": 0.0,
                      "Total Cost": 39047.32,
                      "Plan Rows": 1459332,
                      "Plan Width": 4,
                      "Actual Startup Time": 0.045,
                      "Actual Total Time": 86.209,
                      "Actual Rows": 1130982,
                      "Actual Loops": 4
                    },
                    {
                      "Node Type": "Hash",
                      "Parent Relationship": "Inner",
                      "Parallel Aware": true,
                      "Startup Cost": 79749.75,
                      "Total Cost": 79749.75,
                      "Plan Rows": 224324,
                      "Plan Width": 8,
                      "Actual Startup Time": 435.946,
                      "Actual Total Time": 436.317,
                      "Actual Rows": 112517,
                      "Actual Loops": 4,
                      "Hash Buckets": 1048576,
                      "Original Hash Buckets": 1048576,
                      "Hash Batches": 1,
                      "Original Hash Batches": 1,
                      "Peak Memory Usage": 25856,
                      "Plans": [
                        {
                          "Node Type": "Hash Join",
                          "Parent Relationship": "Outer",
                          "Parallel Aware": true,
                          "Join Type": "Inner",
                          "Startup Cost": 49182.96,
                          "Total Cost": 79749.75,
                          "Plan Rows": 224324,
                          "Plan Width": 8,
                          "Actual Startup Time": 226.562,
                          "Actual Total Time": 393.259,
                          "Actual Rows": 112517,
                          "Actual Loops": 4,
                          "Inner Unique": true,
                          "Hash Cond": "(mc.movie_id = t.id)",
                          "Plans": [
                            {
                              "Node Type": "Seq Scan",
                              "Parent Relationship": "Outer",
                              "Parallel Aware": true,
                              "Relation Name": "movie_companies",
                              "Alias": "mc",
                              "Startup Cost": 0.0,
                              "Total Cost": 29310.68,
                              "Plan Rows": 478517,
                              "Plan Width": 4,
                              "Actual Startup Time": 0.019,
                              "Actual Total Time": 67.755,
                              "Actual Rows": 369965,
                              "Actual Loops": 4,
                              "Filter": "(company_id < 13552)",
                              "Rows Removed by Filter": 282317
                            },
                            {
                              "Node Type": "Hash",
                              "Parent Relationship": "Inner",
                              "Parallel Aware": true,
                              "Startup Cost": 45479.1,
                              "Total Cost": 45479.1,
                              "Plan Rows": 296309,
                              "Plan Width": 4,
                              "Actual Startup Time": 222.029,
                              "Actual Total Time": 222.031,
                              "Actual Rows": 285984,
                              "Actual Loops": 4,
                              "Hash Buckets": 2097152,
                              "Original Hash Buckets": 2097152,
                              "Hash Batches": 1,
                              "Original Hash Batches": 1,
                              "Peak Memory Usage": 61216,
                              "Plans": [
                                {
                                  "Node Type": "Seq Scan",
                                  "Parent Relationship": "Outer",
                                  "Parallel Aware": true,
                                  "Relation Name": "title",
                                  "Alias": "t",
                                  "Startup Cost": 0.0,
                                  "Total Cost": 45479.1,
                                  "Plan Rows": 296309,
                                  "Plan Width": 4,
                                  "Actual Startup Time": 0.048,
                                  "Actual Total Time": 104.732,
                                  "Actual Rows": 285984,
                                  "Actual Loops": 4,
                                  "Filter": "((kind_id > 3) AND (production_year < 2009))",
                                  "Rows Removed by Filter": 346094
                                }
                              ]
                            }
                          ]
                        }
                      ]
                    }
                  ]
                }
              ]
            }
          ]
        }
      ]
    },
    "Planning Time": 1.497,
    "Triggers": [],
    "Execution Time": 697.102
  }
]