[
  {
    "Plan": {
      "Node Type": "Aggregate",
      "Strategy": "Plain",
      "Partial Mode": "Finalize",
      "Parallel Aware": false,
      "Startup Cost": 154384.69,
      "Total Cost": 154384.7,
      "Plan Rows": 1,
      "Plan Width": 8,
      "Actual Startup Time": 829.277,
      "Actual Total Time": 905.646,
      "Actual Rows": 1,
      "Actual Loops": 1,
      "Plans": [
        {
          "Node Type": "Gather",
          "Parent Relationship": "Outer",
          "Parallel Aware": false,
          "Startup Cost": 154384.27,
          "Total Cost": 154384.68,
          "Plan Rows": 4,
          "Plan Width": 8,
          "Actual Startup Time": 828.504,
          "Actual Total Time": 905.636,
          "Actual Rows": 5,
          "Actual Loops": 1,
          "Workers Planned": 4,
          "Workers Launched": 4,
          "Single Copy": false,
          "Plans": [
            {
              "Node Type": "Aggregate",
              "Strategy": "Plain",
              "Partial Mode": "Partial",
              "Parent Relationship": "Outer",
              "Parallel Aware": false,
              "Startup Cost": 153384.27,
              "Total Cost": 153384.28,
              "Plan Rows": 1,
              "Plan Width": 8,
              "Actual Startup Time": 818.822,
              "Actual Total Time": 818.826,
              "Actual Rows": 1,
              "Actual Loops": 5,
              "Plans": [
                {
                  "Node Type": "Nested Loop",
                  "Parent Relationship": "Outer",
                  "Parallel Aware": false,
                  "Join Type": "Inner",
                  "Startup Cost": 26935.7,
                  "Total Cost": 152081.92,
                  "Plan Rows": 520940,
                  "Plan Width": 0,
                  "Actual Startup Time": 83.62,
                  "Actual Total Time": 800.401,
                  "Actual Rows": 278894,
                  "Actual Loops": 5,
                  "Inner Unique": false,
                  "Plans": [
                    {
                      "Node Type": "Hash Join",
                      "Parent Relationship": "Outer",
                      "Parallel Aware": true,
                      "Join Type": "Inner",
                      "Startup Cost": 26935.14,
                      "Total Cost": 72531.51,
                      "Plan Rows": 36356,
                      "Plan Width": 8,
                      "Actual Startup Time": 83.525,
                      "Actual Total Time": 235.946,
                      "Actual Rows": 12929,
                      "Actual Loops": 5,
                      "Inner Unique": false,
                      "Hash Cond": "(t.id = mc.movie_id)",
                      "Plans": [
                        {
                          "Node Type": "Seq Scan",
                          "Parent Relationship": "Outer",
                          "Parallel Aware": true,
                          "Relation Name": "title",
                          "Alias": "t",
                          "Startup Cost": 0.0,
                          "Total Cost": 42318.73,
                          "Plan Rows": 632073,
                          "Plan Width": 4,
                          "Actual Startup Time": 0.01,
                          "Actual Total Time": 66.234,
                          "Actual Rows": 505662,
                          "Actual Loops": 5
                        },
                        {
                          "Node Type": "Hash",
                          "Parent Relationship": "Inner",
                          "Parallel Aware": true,
                          "Startup Cost": 26348.76,
                          "Total Cost": 26348.76,
                          "Plan Rows": 46910,
                          "Plan Width": 4,
                          "Actual Startup Time": 81.481,
                          "Actual Total Time": 81.483,
                          "Actual Rows": 12929,
                          "Actual Loops": 5,
                          "Hash Buckets": 262144,
                          "Original Hash Buckets": 262144,
                          "Hash Batches": 1,
                          "Original Hash Batches": 1,
                          "Peak Memory Usage": 4672,
                          "Plans": [
                            {
                              "Node Type": "Bitmap Heap Scan",
                              "Parent Relationship": "Outer",
                              "Parallel Aware": true,
                              "Relation Name": "movie_companies",
                              "Alias": "mc",
                              "Startup Cost": 6172.89,
                              "Total Cost": 26348.76,
                              "Plan Rows": 46910,
                              "Plan Width": 4,
                              "Actual Startup Time": 64.484,
                              "Actual Total Time": 76.55,
                              "Actual Rows": 12929,
                              "Actual Loops": 5,
                              "Recheck Cond": "(company_id < 158)",
                              "Rows Removed by Index Recheck": 0,
                              "Filter": "(company_type_id > 1)",
                              "Rows Removed by Filter": 43985,
                              "Exact Heap Blocks": 8493,
                              "Lossy Heap Blocks": 0,
                              "Plans": [
                                {
                                  "Node Type": "Bitmap Index Scan",
                                  "Parent Relationship": "Outer",
                                  "Parallel Aware": false,
                                  "Index Name": "company_id_movie_companies",
                                  "Startup Cost": 0.0,
                                  "Total Cost": 6136.53,
                                  "Plan Rows": 286414,
                                  "Plan Width": 0,
                                  "Actual Startup Time": 26.82,
                                  "Actual Total Time": 26.821,
                                  "Actual Rows": 284571,
                                  "Actual Loops": 1,
                                  "Index Cond": "(company_id < 158)"
                                }
                              ]
                            }
                          ]
                        }
                      ]
                    },
                    {
                      "Node Type": "Index Only Scan",
                      "Parent Relationship": "Inner",
                      "Parallel Aware": false,
                      "Scan Direction": "Forward",
                      "Index Name": "movie_id_cast_info",
                      "Relation Name": "cast_info",
                      "Alias": "ci",
                      "Startup Cost": 0.56,
                      "Total Cost": 1.82,
                      "Plan Rows": 37,
                      "Plan Width": 4,
                      "Actual Startup Time": 0.008,
                      "Actual Total Time": 0.041,
                      "Actual Rows": 22,
                      "Actual Loops": 64646,
                      "Index Cond": "(movie_id = t.id)",
                      "Rows Removed by Index Recheck": 0,
                      "Heap Fetches": 1394472
                    }
                  ]
                }
              ]
            }
          ]
        }
      ]
    },
    "Planning Time": 1.447,
    "Triggers": [],
    "Execution Time": 905.785
  }
]