[
  {
    "Plan": {
      "Node Type": "Aggregate",
      "Strategy": "Plain",
      "Partial Mode": "Finalize",
      "Parallel Aware": false,
      "Startup Cost": 340714.1,
      "Total Cost": 340714.11,
      "Plan Rows": 1,
      "Plan Width": 8,
      "Actual Startup Time": 1166.336,
      "Actual Total Time": 1244.679,
      "Actual Rows": 1,
      "Actual Loops": 1,
      "Plans": [
        {
          "Node Type": "Gather",
          "Parent Relationship": "Outer",
          "Parallel Aware": false,
          "Startup Cost": 340713.47,
          "Total Cost": 340714.08,
          "Plan Rows": 6,
          "Plan Width": 8,
          "Actual Startup Time": 1166.128,
          "Actual Total Time": 1244.661,
          "Actual Rows": 7,
          "Actual Loops": 1,
          "Workers Planned": 6,
          "Workers Launched": 6,
          "Single Copy": false,
          "Plans": [
            {
              "Node Type": "Aggregate",
              "Strategy": "Plain",
              "Partial Mode": "Partial",
              "Parent Relationship": "Outer",
              "Parallel Aware": false,
              "Startup Cost": 339713.47,
              "Total Cost": 339713.48,
              "Plan Rows": 1,
              "Plan Width": 8,
              "Actual Startup Time": 1157.502,
              "Actual Total Time": 1157.503,
              "Actual Rows": 1,
              "Actual Loops": 7,
              "Plans": [
                {
                  "Node Type": "Seq Scan",
                  "Parent Relationship": "Outer",
                  "Parallel Aware": true,
                  "Relation Name": "cast_info",
                  "Alias": "ci",
                  "Startup Cost": 0.0,
                  "Total Cost": 328211.39,
                  "Plan Rows": 4600832,
                  "Plan Width": 0,
                  "Actual Startup Time": 0.047,
                  "Actual Total Time": 883.956,
                  "Actual Rows": 3956449,
                  "Actual Loops": 7,
                  "Filter": "(person_id < 2832310)",
                  "Rows Removed by Filter": 1221314
                }
              ]
            }
          ]
        }
      ]
    },
    "Planning Time": 0.124,
    "Triggers": [],
    "Execution Time": 1244.735
  }
]