[
  {
    "Plan": {
      "Node Type": "Aggregate",
      "Strategy": "Plain",
      "Partial Mode": "Simple",
      "Parallel Aware": false,
      "Startup Cost": 12101.85,
      "Total Cost": 12101.86,
      "Plan Rows": 1,
      "Plan Width": 8,
      "Actual Startup Time": 93.094,
      "Actual Total Time": 93.097,
      "Actual Rows": 1,
      "Actual Loops": 1,
      "Plans": [
        {
          "Node Type": "Bitmap Heap Scan",
          "Parent Relationship": "Outer",
          "Parallel Aware": false,
          "Relation Name": "movie_companies",
          "Alias": "mc",
          "Startup Cost": 122.19,
          "Total Cost": 12095.15,
          "Plan Rows": 2679,
          "Plan Width": 0,
          "Actual Startup Time": 90.107,
          "Actual Total Time": 92.895,
          "Actual Rows": 949,
          "Actual Loops": 1,
          "Recheck Cond": "(company_id = 394)",
          "Rows Removed by Index Recheck": 0,
          "Filter": "(company_type_id = 1)",
          "Rows Removed by Filter": 3777,
          "Exact Heap Blocks": 386,
          "Lossy Heap Blocks": 0,
          "Plans": [
            {
              "Node Type": "Bitmap Index Scan",
              "Parent Relationship": "Outer",
              "Parallel Aware": false,
              "Index Name": "company_id_movie_companies",
              "Startup Cost": 0.0,
              "Total Cost": 121.52,
              "Plan Rows": 5479,
              "Plan Width": 0,
              "Actual Startup Time": 89.959,
              "Actual Total Time": 89.96,
              "Actual Rows": 4726,
              "Actual Loops": 1,
              "Index Cond": "(company_id = 394)"
            }
          ]
        }
      ]
    },
    "Planning Time": 0.113,
    "Triggers": [],
    "Execution Time": 93.144
  }
]