[
  {
    "Plan": {
      "Node Type": "Aggregate",
      "Strategy": "Plain",
      "Partial Mode": "Finalize",
      "Parallel Aware": false,
      "Startup Cost": 123478.71,
      "Total Cost": 123478.72,
      "Plan Rows": 1,
      "Plan Width": 8,
      "Actual Startup Time": 939.807,
      "Actual Total Time": 977.798,
      "Actual Rows": 1,
      "Actual Loops": 1,
      "Plans": [
        {
          "Node Type": "Gather",
          "Parent Relationship": "Outer",
          "Parallel Aware": false,
          "Startup Cost": 123478.39,
          "Total Cost": 123478.7,
          "Plan Rows": 3,
          "Plan Width": 8,
          "Actual Startup Time": 931.07,
          "Actual Total Time": 977.771,
          "Actual Rows": 4,
          "Actual Loops": 1,
          "Workers Planned": 3,
          "Workers Launched": 3,
          "Single Copy": false,
          "Plans": [
            {
              "Node Type": "Aggregate",
              "Strategy": "Plain",
              "Partial Mode": "Partial",
              "Parent Relationship": "Outer",
              "Parallel Aware": false,
              "Startup Cost": 122478.39,
              "Total Cost": 122478.4,
              "Plan Rows": 1,
              "Plan Width": 8,
              "Actual Startup Time": 924.492,
              "Actual Total Time": 925.172,
              "Actual Rows": 1,
              "Actual Loops": 4,
              "Plans": [
                {
                  "Node Type": "Hash Join",
                  "Parent Relationship": "Outer",
                  "Parallel Aware": true,
                  "Join Type": "Inner",
                  "Startup Cost": 91729.67,
                  "Total Cost": 122309.87,
                  "Plan Rows": 67407,
                  "Plan Width": 0,
                  "Actual Startup Time": 525.757,
                  "Actual Total Time": 879.684,
                  "Actual Rows": 710016,
                  "Actual Loops": 4,
                  "Inner Unique": false,
                  "Hash Cond": "(mc.movie_id = t.id)",
                  "Plans": [
                    {
                      "Node Type": "Seq Scan",
                      "Parent Relationship": "Outer",
                      "Parallel Aware": true,
                      "Relation Name": "movie_companies",
                      "Alias": "mc",
                      "Startup Cost": 0.0,
                      "Total Cost": 27206.55,
                      "Plan Rows": 841655,
                      "Plan Width": 4,
                      "Actual Startup Time": 0.023,
                      "Actual Total Time": 98.448,
                      "Actual Rows": 652282,
                      "Actual Loops": 4
                    },
                    {
                      "Node Type": "Hash",
                      "Parent Relationship": "Inner",
                      "Parallel Aware": true,
                      "Startup Cost": 90913.13,
                      "Total Cost": 90913.13,
                      "Plan Rows": 65323,
                      "Plan Width": 8,
                      "Actual Startup Time": 524.057,
                      "Actual Total Time": 524.734,
                      "Actual Rows": 95360,
                      "Actual Loops": 4,
                      "Hash Buckets": 524288,
                      "Original Hash Buckets": 262144,
                      "Hash Batches": 1,
                      "Original Hash Batches": 1,
                      "Peak Memory Usage": 21152,
                      "Plans": [
                        {
                          "Node Type": "Hash Join",
                          "Parent Relationship": "Outer",
                          "Parallel Aware": true,
                          "Join Type": "Inner",
                          "Startup Cost": 47569.06,
                          "Total Cost": 90913.13,
                          "Plan Rows": 65323,
                          "Plan Width": 8,
                          "Actual Startup Time": 236.32,
                          "Actual Total Time": 469.394,
                          "Actual Rows": 95360,
                          "Actual Loops": 4,
                          "Inner Unique": true,
                          "Hash Cond": "(mk.movie_id = t.id)",
                          "Plans": [
                            {
                              "Node Type": "Seq Scan",
                              "Parent Relationship": "Outer",
                              "Parallel Aware": true,
                              "Relation Name": "movie_keyword",
                              "Alias": "mk",
                              "Startup Cost": 0.0,
                              "Total Cost": 42695.65,
                              "Plan Rows": 247017,
                              "Plan Width": 4,
                              "Actual Startup Time": 0.054,
                              "Actual Total Time": 150.975,
                              "Actual Rows": 190686,
                              "Actual Loops": 4,
                              "Filter": "(keyword_id < 720)",
                              "Rows Removed by Filter": 940297
                            },
                            {
                              "Node Type": "Hash",
                              "Parent Relationship": "Inner",
                              "Parallel Aware": true,
                              "Startup Cost": 45479.59,
                              "Total Cost": 45479.59,
                              "Plan Rows": 167158,
                              "Plan Width": 4,
                              "Actual Startup Time": 233.649,
                              "Actual Total Time": 233.651,
                              "Actual Rows": 141522,
                              "Actual Loops": 4,
                              "Hash Buckets": 1048576,
                              "Original Hash Buckets": 1048576,
                              "Hash Batches": 1,
                              "Original Hash Batches": 1,
                              "Peak Memory Usage": 30400,
                              "Plans": [
                                {
                                  "Node Type": "Seq Scan",
                                  "Parent Relationship": "Outer",
                                  "Parallel Aware": true,
                                  "Relation Name": "title",
                                  "Alias": "t",
                                  "Startup Cost": 0.0,
                                  "Total Cost": 45479.59,
                                  "Plan Rows": 167158,
                                  "Plan Width": 4,
                                  "Actual Startup Time": 0.046,
                                  "Actual Total Time": 146.148,
                                  "Actual Rows": 141522,
                                  "Actual Loops": 4,
                                  "Filter": "((kind_id < 7) AND (production_year > 1992))",
                                  "Rows Removed by Filter": 490556
                                }
                              ]
                            }
                          ]
                        }
                      ]
                    }
                  ]
                }
              ]
            }
          ]
        }
      ]
    },
    "Planning Time": 0.689,
    "Triggers": [],
    "Execution Time": 977.879
  }
]