[
  {
    "Plan": {
      "Node Type": "Aggregate",
      "Strategy": "Plain",
      "Partial Mode": "Finalize",
      "Parallel Aware": false,
      "Startup Cost": 123454.99,
      "Total Cost": 123455.0,
      "Plan Rows": 1,
      "Plan Width": 8,
      "Actual Startup Time": 545.24,
      "Actual Total Time": 567.343,
      "Actual Rows": 1,
      "Actual Loops": 1,
      "Plans": [
        {
          "Node Type": "Gather",
          "Parent Relationship": "Outer",
          "Parallel Aware": false,
          "Startup Cost": 123454.67,
          "Total Cost": 123454.98,
          "Plan Rows": 3,
          "Plan Width": 8,
          "Actual Startup Time": 542.017,
          "Actual Total Time": 567.334,
          "Actual Rows": 4,
          "Actual Loops": 1,
          "Workers Planned": 3,
          "Workers Launched": 3,
          "Single Copy": false,
          "Plans": [
            {
              "Node Type": "Aggregate",
              "Strategy": "Plain",
              "Partial Mode": "Partial",
              "Parent Relationship": "Outer",
              "Parallel Aware": false,
              "Startup Cost": 122454.67,
              "Total Cost": 122454.68,
              "Plan Rows": 1,
              "Plan Width": 8,
              "Actual Startup Time": 530.311,
              "Actual Total Time": 530.695,
              "Actual Rows": 1,
              "Actual Loops": 4,
              "Plans": [
                {
                  "Node Type": "Hash Join",
                  "Parent Relationship": "Outer",
                  "Parallel Aware": true,
                  "Join Type": "Inner",
                  "Startup Cost": 91710.58,
                  "Total Cost": 122288.17,
                  "Plan Rows": 66600,
                  "Plan Width": 0,
                  "Actual Startup Time": 318.322,
                  "Actual Total Time": 503.484,
                  "Actual Rows": 710016,
                  "Actual Loops": 4,
                  "Inner Unique": false,
                  "Hash Cond": "(mc.movie_id = t.id)",
                  "Plans": [
                    {
                      "Node Type": "Seq Scan",
                      "Parent Relationship": "Outer",
                      "Parallel Aware": true,
                      "Relation Name": "movie_companies",
                      "Alias": "mc",
                      "Startup Cost": 0.0,
                      "Total Cost": 27206.55,
                      "Plan Rows": 841655,
                      "Plan Width": 4,
                      "Actual Startup Time": 0.034,
                      "Actual Total Time": 55.13,
                      "Actual Rows": 652282,
                      "Actual Loops": 4
                    },
                    {
                      "Node Type": "Hash",
                      "Parent Relationship": "Inner",
                      "Parallel Aware": true,
                      "Startup Cost": 90903.88,
                      "Total Cost": 90903.88,
                      "Plan Rows": 64536,
                      "Plan Width": 8,
                      "Actual Startup Time": 315.7,
                      "Actual Total Time": 316.082,
                      "Actual Rows": 95360,
                      "Actual Loops": 4,
                      "Hash Buckets": 524288,
                      "Original Hash Buckets": 262144,
                      "Hash Batches": 1,
                      "Original Hash Batches": 1,
                      "Peak Memory Usage": 21152,
                      "Plans": [
                        {
                          "Node Type": "Hash Join",
                          "Parent Relationship": "Outer",
                          "Parallel Aware": true,
                          "Join Type": "Inner",
                          "Startup Cost": 47567.24,
                          "Total Cost": 90903.88,
                          "Plan Rows": 64536,
                          "Plan Width": 8,
                          "Actual Startup Time": 156.333,
                          "Actual Total Time": 286.975,
                          "Actual Rows": 95360,
                          "Actual Loops": 4,
                          "Inner Unique": true,
                          "Hash Cond": "(mk.movie_id = t.id)",
                          "Plans": [
                            {
                              "Node Type": "Seq Scan",
                              "Parent Relationship": "Outer",
                              "Parallel Aware": true,
                              "Relation Name": "movie_keyword",
                              "Alias": "mk",
                              "Startup Cost": 0.0,
                              "Total Cost": 42695.65,
                              "Plan Rows": 244186,
                              "Plan Width": 4,
                              "Actual Startup Time": 0.025,
                              "Actual Total Time": 88.448,
                              "Actual Rows": 190686,
                              "Actual Loops": 4,
                              "Filter": "(keyword_id < 720)",
                              "Rows Removed by Filter": 940297
                            },
                            {
                              "Node Type": "Hash",
                              "Parent Relationship": "Inner",
                              "Parallel Aware": true,
                              "Startup Cost": 45479.1,
                              "Total Cost": 45479.1,
                              "Plan Rows": 167051,
                              "Plan Width": 4,
                              "Actual Startup Time": 152.743,
                              "Actual Total Time": 152.744,
                              "Actual Rows": 141522,
                              "Actual Loops": 4,
                              "Hash Buckets": 1048576,
                              "Original Hash Buckets": 1048576,
                              "Hash Batches": 1,
                              "Original Hash Batches": 1,
                              "Peak Memory Usage": 30400,
                              "Plans": [
                                {
                                  "Node Type": "Seq Scan",
                                  "Parent Relationship": "Outer",
                                  "Parallel Aware": true,
                                  "Relation Name": "title",
                                  "Alias": "t",
                                  "Startup Cost": 0.0,
                                  "Total Cost": 45479.1,
                                  "Plan Rows": 167051,
                                  "Plan Width": 4,
                                  "Actual Startup Time": 0.037,
                                  "Actual Total Time": 100.205,
                                  "Actual Rows": 141522,
                                  "Actual Loops": 4,
                                  "Filter": "((kind_id < 7) AND (production_year > 1992))",
                                  "Rows Removed by Filter": 490556
                                }
                              ]
                            }
                          ]
                        }
                      ]
                    }
                  ]
                }
              ]
            }
          ]
        }
      ]
    },
    "Planning Time": 1.386,
    "Triggers": [],
    "Execution Time": 567.426
  }
]