[
  {
    "Plan": {
      "Node Type": "Aggregate",
      "Strategy": "Plain",
      "Partial Mode": "Finalize",
      "Parallel Aware": false,
      "Startup Cost": 168517.66,
      "Total Cost": 168517.67,
      "Plan Rows": 1,
      "Plan Width": 8,
      "Actual Startup Time": 2343.158,
      "Actual Total Time": 2424.282,
      "Actual Rows": 1,
      "Actual Loops": 1,
      "Plans": [
        {
          "Node Type": "Gather",
          "Parent Relationship": "Outer",
          "Parallel Aware": false,
          "Startup Cost": 168517.24,
          "Total Cost": 168517.65,
          "Plan Rows": 4,
          "Plan Width": 8,
          "Actual Startup Time": 2341.429,
          "Actual Total Time": 2424.273,
          "Actual Rows": 5,
          "Actual Loops": 1,
          "Workers Planned": 4,
          "Workers Launched": 4,
          "Single Copy": false,
          "Plans": [
            {
              "Node Type": "Aggregate",
              "Strategy": "Plain",
              "Partial Mode": "Partial",
              "Parent Relationship": "Outer",
              "Parallel Aware": false,
              "Startup Cost": 167517.24,
              "Total Cost": 167517.25,
              "Plan Rows": 1,
              "Plan Width": 8,
              "Actual Startup Time": 2331.598,
              "Actual Total Time": 2331.655,
              "Actual Rows": 1,
              "Actual Loops": 5,
              "Plans": [
                {
                  "Node Type": "Nested Loop",
                  "Parent Relationship": "Outer",
                  "Parallel Aware": false,
                  "Join Type": "Inner",
                  "Startup Cost": 28226.96,
                  "Total Cost": 166008.34,
                  "Plan Rows": 603561,
                  "Plan Width": 0,
                  "Actual Startup Time": 108.896,
                  "Actual Total Time": 2254.299,
                  "Actual Rows": 1665949,
                  "Actual Loops": 5,
                  "Inner Unique": false,
                  "Plans": [
                    {
                      "Node Type": "Hash Join",
                      "Parent Relationship": "Outer",
                      "Parallel Aware": true,
                      "Join Type": "Inner",
                      "Startup Cost": 28226.39,
                      "Total Cost": 73841.36,
                      "Plan Rows": 42122,
                      "Plan Width": 8,
                      "Actual Startup Time": 104.209,
                      "Actual Total Time": 302.24,
                      "Actual Rows": 66739,
                      "Actual Loops": 5,
                      "Inner Unique": false,
                      "Hash Cond": "(t.id = mc.movie_id)",
                      "Plans": [
                        {
                          "Node Type": "Seq Scan",
                          "Parent Relationship": "Outer",
                          "Parallel Aware": true,
                          "Relation Name": "title",
                          "Alias": "t",
                          "Startup Cost": 0.0,
                          "Total Cost": 42318.73,
                          "Plan Rows": 632073,
                          "Plan Width": 4,
                          "Actual Startup Time": 0.011,
                          "Actual Total Time": 67.968,
                          "Actual Rows": 505662,
                          "Actual Loops": 5
                        },
                        {
                          "Node Type": "Hash",
                          "Parent Relationship": "Inner",
                          "Parallel Aware": true,
                          "Startup Cost": 27547.02,
                          "Total Cost": 27547.02,
                          "Plan Rows": 54350,
                          "Plan Width": 4,
                          "Actual Startup Time": 88.205,
                          "Actual Total Time": 88.206,
                          "Actual Rows": 66739,
                          "Actual Loops": 5,
                          "Hash Buckets": 524288,
                          "Original Hash Buckets": 262144,
                          "Hash Batches": 1,
                          "Original Hash Batches": 1,
                          "Peak Memory Usage": 19264,
                          "Plans": [
                            {
                              "Node Type": "Bitmap Heap Scan",
                              "Parent Relationship": "Outer",
                              "Parallel Aware": true,
                              "Relation Name": "movie_companies",
                              "Alias": "mc",
                              "Startup Cost": 7151.34,
                              "Total Cost": 27547.02,
                              "Plan Rows": 54350,
                              "Plan Width": 4,
                              "Actual Startup Time": 25.555,
                              "Actual Total Time": 56.087,
                              "Actual Rows": 66739,
                              "Actual Loops": 5,
                              "Recheck Cond": "(company_id > 90150)",
                              "Rows Removed by Index Recheck": 0,
                              "Filter": "(company_type_id = 2)",
                              "Rows Removed by Filter": 0,
                              "Exact Heap Blocks": 1976,
                              "Lossy Heap Blocks": 0,
                              "Plans": [
                                {
                                  "Node Type": "Bitmap Index Scan",
                                  "Parent Relationship": "Outer",
                                  "Parallel Aware": false,
                                  "Index Name": "company_id_movie_companies",
                                  "Startup Cost": 0.0,
                                  "Total Cost": 7109.22,
                                  "Plan Rows": 331839,
                                  "Plan Width": 0,
                                  "Actual Startup Time": 27.405,
                                  "Actual Total Time": 27.405,
                                  "Actual Rows": 333694,
                                  "Actual Loops": 1,
                                  "Index Cond": "(company_id > 90150)"
                                }
                              ]
                            }
                          ]
                        }
                      ]
                    },
                    {
                      "Node Type": "Index Only Scan",
                      "Parent Relationship": "Inner",
                      "Parallel Aware": false,
                      "Scan Direction": "Forward",
                      "Index Name": "movie_id_cast_info",
                      "Relation Name": "cast_info",
                      "Alias": "ci",
                      "Startup Cost": 0.56,
                      "Total Cost": 1.82,
                      "Plan Rows": 37,
                      "Plan Width": 4,
                      "Actual Startup Time": 0.005,
                      "Actual Total Time": 0.027,
                      "Actual Rows": 25,
                      "Actual Loops": 333694,
                      "Index Cond": "(movie_id = t.id)",
                      "Rows Removed by Index Recheck": 0,
                      "Heap Fetches": 8329745
                    }
                  ]
                }
              ]
            }
          ]
        }
      ]
    },
    "Planning Time": 1.399,
    "Triggers": [],
    "Execution Time": 2424.414
  }
]