[
  {
    "Plan": {
      "Node Type": "Aggregate",
      "Strategy": "Plain",
      "Partial Mode": "Finalize",
      "Parallel Aware": false,
      "Startup Cost": 80628.53,
      "Total Cost": 80628.54,
      "Plan Rows": 1,
      "Plan Width": 8,
      "Actual Startup Time": 275.196,
      "Actual Total Time": 291.334,
      "Actual Rows": 1,
      "Actual Loops": 1,
      "Plans": [
        {
          "Node Type": "Gather",
          "Parent Relationship": "Outer",
          "Parallel Aware": false,
          "Startup Cost": 80628.21,
          "Total Cost": 80628.52,
          "Plan Rows": 3,
          "Plan Width": 8,
          "Actual Startup Time": 273.334,
          "Actual Total Time": 291.312,
          "Actual Rows": 4,
          "Actual Loops": 1,
          "Workers Planned": 3,
          "Workers Launched": 3,
          "Single Copy": false,
          "Plans": [
            {
              "Node Type": "Aggregate",
              "Strategy": "Plain",
              "Partial Mode": "Partial",
              "Parent Relationship": "Outer",
              "Parallel Aware": false,
              "Startup Cost": 79628.21,
              "Total Cost": 79628.22,
              "Plan Rows": 1,
              "Plan Width": 8,
              "Actual Startup Time": 264.527,
              "Actual Total Time": 264.53,
              "Actual Rows": 1,
              "Actual Loops": 4,
              "Plans": [
                {
                  "Node Type": "Hash Join",
                  "Parent Relationship": "Outer",
                  "Parallel Aware": true,
                  "Join Type": "Inner",
                  "Startup Cost": 46973.64,
                  "Total Cost": 79438.96,
                  "Plan Rows": 75700,
                  "Plan Width": 0,
                  "Actual Startup Time": 173.228,
                  "Actual Total Time": 263.358,
                  "Actual Rows": 30109,
                  "Actual Loops": 4,
                  "Inner Unique": true,
                  "Hash Cond": "(mc.movie_id = t.id)",
                  "Plans": [
                    {
                      "Node Type": "Seq Scan",
                      "Parent Relationship": "Outer",
                      "Parallel Aware": true,
                      "Relation Name": "movie_companies",
                      "Alias": "mc",
                      "Startup Cost": 0.0,
                      "Total Cost": 31414.82,
                      "Plan Rows": 400192,
                      "Plan Width": 4,
                      "Actual Startup Time": 29.741,
                      "Actual Total Time": 65.666,
                      "Actual Rows": 293332,
                      "Actual Loops": 4,
                      "Filter": "((company_id < 127135) AND (company_type_id = 2))",
                      "Rows Removed by Filter": 358950
                    },
                    {
                      "Node Type": "Hash",
                      "Parent Relationship": "Inner",
                      "Parallel Aware": true,
                      "Startup Cost": 45479.1,
                      "Total Cost": 45479.1,
                      "Plan Rows": 119563,
                      "Plan Width": 4,
                      "Actual Startup Time": 140.006,
                      "Actual Total Time": 140.008,
                      "Actual Rows": 129582,
                      "Actual Loops": 4,
                      "Hash Buckets": 524288,
                      "Original Hash Buckets": 524288,
                      "Hash Batches": 1,
                      "Original Hash Batches": 1,
                      "Peak Memory Usage": 24448,
                      "Plans": [
                        {
                          "Node Type": "Seq Scan",
                          "Parent Relationship": "Outer",
                          "Parallel Aware": true,
                          "Relation Name": "title",
                          "Alias": "t",
                          "Startup Cost": 0.0,
                          "Total Cost": 45479.1,
                          "Plan Rows": 119563,
                          "Plan Width": 4,
                          "Actual Startup Time": 0.038,
                          "Actual Total Time": 96.679,
                          "Actual Rows": 129582,
                          "Actual Loops": 4,
                          "Filter": "((production_year > 2007) AND (kind_id = 7))",
                          "Rows Removed by Filter": 502496
                        }
                      ]
                    }
                  ]
                }
              ]
            }
          ]
        }
      ]
    },
    "Planning Time": 0.626,
    "Triggers": [],
    "Execution Time": 291.4
  }
]