[
  {
    "Plan": {
      "Node Type": "Aggregate",
      "Strategy": "Plain",
      "Partial Mode": "Finalize",
      "Parallel Aware": false,
      "Startup Cost": 31004.24,
      "Total Cost": 31004.25,
      "Plan Rows": 1,
      "Plan Width": 8,
      "Actual Startup Time": 99.78,
      "Actual Total Time": 107.199,
      "Actual Rows": 1,
      "Actual Loops": 1,
      "Plans": [
        {
          "Node Type": "Gather",
          "Parent Relationship": "Outer",
          "Parallel Aware": false,
          "Startup Cost": 31003.92,
          "Total Cost": 31004.23,
          "Plan Rows": 3,
          "Plan Width": 8,
          "Actual Startup Time": 99.67,
          "Actual Total Time": 107.191,
          "Actual Rows": 4,
          "Actual Loops": 1,
          "Workers Planned": 3,
          "Workers Launched": 3,
          "Single Copy": false,
          "Plans": [
            {
              "Node Type": "Aggregate",
              "Strategy": "Plain",
              "Partial Mode": "Partial",
              "Parent Relationship": "Outer",
              "Parallel Aware": false,
              "Startup Cost": 30003.92,
              "Total Cost": 30003.93,
              "Plan Rows": 1,
              "Plan Width": 8,
              "Actual Startup Time": 91.193,
              "Actual Total Time": 91.194,
              "Actual Rows": 1,
              "Actual Loops": 4,
              "Plans": [
                {
                  "Node Type": "Seq Scan",
                  "Parent Relationship": "Outer",
                  "Parallel Aware": true,
                  "Relation Name": "movie_companies",
                  "Alias": "mc",
                  "Startup Cost": 0.0,
                  "Total Cost": 29310.68,
                  "Plan Rows": 277295,
                  "Plan Width": 0,
                  "Actual Startup Time": 0.045,
                  "Actual Total Time": 76.884,
                  "Actual Rows": 213416,
                  "Actual Loops": 4,
                  "Filter": "(company_id < 2416)",
                  "Rows Removed by Filter": 438866
                }
              ]
            }
          ]
        }
      ]
    },
    "Planning Time": 0.164,
    "Triggers": [],
    "Execution Time": 107.248
  }
]