[
  {
    "Plan": {
      "Node Type": "Aggregate",
      "Strategy": "Plain",
      "Partial Mode": "Finalize",
      "Parallel Aware": false,
      "Startup Cost": 90480.41,
      "Total Cost": 90480.42,
      "Plan Rows": 1,
      "Plan Width": 8,
      "Actual Startup Time": 211.415,
      "Actual Total Time": 229.397,
      "Actual Rows": 1,
      "Actual Loops": 1,
      "Plans": [
        {
          "Node Type": "Gather",
          "Parent Relationship": "Outer",
          "Parallel Aware": false,
          "Startup Cost": 90480.09,
          "Total Cost": 90480.4,
          "Plan Rows": 3,
          "Plan Width": 8,
          "Actual Startup Time": 211.21,
          "Actual Total Time": 229.388,
          "Actual Rows": 4,
          "Actual Loops": 1,
          "Workers Planned": 3,
          "Workers Launched": 3,
          "Single Copy": false,
          "Plans": [
            {
              "Node Type": "Aggregate",
              "Strategy": "Plain",
              "Partial Mode": "Partial",
              "Parent Relationship": "Outer",
              "Parallel Aware": false,
              "Startup Cost": 89480.09,
              "Total Cost": 89480.1,
              "Plan Rows": 1,
              "Plan Width": 8,
              "Actual Startup Time": 202.14,
              "Actual Total Time": 202.143,
              "Actual Rows": 1,
              "Actual Loops": 4,
              "Plans": [
                {
                  "Node Type": "Hash Join",
                  "Parent Relationship": "Outer",
                  "Parallel Aware": true,
                  "Join Type": "Inner",
                  "Startup Cost": 45788.15,
                  "Total Cost": 89444.31,
                  "Plan Rows": 14313,
                  "Plan Width": 0,
                  "Actual Startup Time": 156.49,
                  "Actual Total Time": 202.136,
                  "Actual Rows": 1,
                  "Actual Loops": 4,
                  "Inner Unique": true,
                  "Hash Cond": "(mk.movie_id = t.id)",
                  "Plans": [
                    {
                      "Node Type": "Seq Scan",
                      "Parent Relationship": "Outer",
                      "Parallel Aware": true,
                      "Relation Name": "movie_keyword",
                      "Alias": "mk",
                      "Startup Cost": 0.0,
                      "Total Cost": 42695.65,
                      "Plan Rows": 365908,
                      "Plan Width": 4,
                      "Actual Startup Time": 0.027,
                      "Actual Total Time": 89.473,
                      "Actual Rows": 285604,
                      "Actual Loops": 4,
                      "Filter": "(keyword_id < 1301)",
                      "Rows Removed by Filter": 845379
                    },
                    {
                      "Node Type": "Hash",
                      "Parent Relationship": "Inner",
                      "Parallel Aware": true,
                      "Startup Cost": 45479.1,
                      "Total Cost": 45479.1,
                      "Plan Rows": 24724,
                      "Plan Width": 4,
                      "Actual Startup Time": 91.634,
                      "Actual Total Time": 91.635,
                      "Actual Rows": 13,
                      "Actual Loops": 4,
                      "Hash Buckets": 131072,
                      "Original Hash Buckets": 131072,
                      "Hash Batches": 1,
                      "Original Hash Batches": 1,
                      "Peak Memory Usage": 1152,
                      "Plans": [
                        {
                          "Node Type": "Seq Scan",
                          "Parent Relationship": "Outer",
                          "Parallel Aware": true,
                          "Relation Name": "title",
                          "Alias": "t",
                          "Startup Cost": 0.0,
                          "Total Cost": 45479.1,
                          "Plan Rows": 24724,
                          "Plan Width": 4,
                          "Actual Startup Time": 28.146,
                          "Actual Total Time": 91.481,
                          "Actual Rows": 13,
                          "Actual Loops": 4,
                          "Filter": "((kind_id > 3) AND (production_year < 1945))",
                          "Rows Removed by Filter": 632065
                        }
                      ]
                    }
                  ]
                }
              ]
            }
          ]
        }
      ]
    },
    "Planning Time": 0.605,
    "Triggers": [],
    "Execution Time": 229.464
  }
]