[
  {
    "Plan": {
      "Node Type": "Aggregate",
      "Strategy": "Plain",
      "Partial Mode": "Finalize",
      "Parallel Aware": false,
      "Startup Cost": 46543.37,
      "Total Cost": 46543.38,
      "Plan Rows": 1,
      "Plan Width": 8,
      "Actual Startup Time": 89.102,
      "Actual Total Time": 104.601,
      "Actual Rows": 1,
      "Actual Loops": 1,
      "Plans": [
        {
          "Node Type": "Gather",
          "Parent Relationship": "Outer",
          "Parallel Aware": false,
          "Startup Cost": 46542.95,
          "Total Cost": 46543.36,
          "Plan Rows": 4,
          "Plan Width": 8,
          "Actual Startup Time": 88.933,
          "Actual Total Time": 104.593,
          "Actual Rows": 5,
          "Actual Loops": 1,
          "Workers Planned": 4,
          "Workers Launched": 4,
          "Single Copy": false,
          "Plans": [
            {
              "Node Type": "Aggregate",
              "Strategy": "Plain",
              "Partial Mode": "Partial",
              "Parent Relationship": "Outer",
              "Parallel Aware": false,
              "Startup Cost": 45542.95,
              "Total Cost": 45542.96,
              "Plan Rows": 1,
              "Plan Width": 8,
              "Actual Startup Time": 84.068,
              "Actual Total Time": 84.07,
              "Actual Rows": 1,
              "Actual Loops": 5,
              "Plans": [
                {
                  "Node Type": "Seq Scan",
                  "Parent Relationship": "Outer",
                  "Parallel Aware": true,
                  "Relation Name": "title",
                  "Alias": "t",
                  "Startup Cost": 0.0,
                  "Total Cost": 45479.59,
                  "Plan Rows": 25347,
                  "Plan Width": 0,
                  "Actual Startup Time": 39.838,
                  "Actual Total Time": 82.95,
                  "Actual Rows": 19798,
                  "Actual Loops": 5,
                  "Filter": "((kind_id < 2) AND (production_year > 2010))",
                  "Rows Removed by Filter": 485864
                }
              ]
            }
          ]
        }
      ]
    },
    "Planning Time": 0.123,
    "Triggers": [],
    "Execution Time": 104.646
  }
]