[
  {
    "Plan": {
      "Node Type": "Aggregate",
      "Strategy": "Plain",
      "Partial Mode": "Finalize",
      "Parallel Aware": false,
      "Startup Cost": 98007.54,
      "Total Cost": 98007.55,
      "Plan Rows": 1,
      "Plan Width": 8,
      "Actual Startup Time": 773.541,
      "Actual Total Time": 789.284,
      "Actual Rows": 1,
      "Actual Loops": 1,
      "Plans": [
        {
          "Node Type": "Gather",
          "Parent Relationship": "Outer",
          "Parallel Aware": false,
          "Startup Cost": 98007.32,
          "Total Cost": 98007.53,
          "Plan Rows": 2,
          "Plan Width": 8,
          "Actual Startup Time": 767.141,
          "Actual Total Time": 789.273,
          "Actual Rows": 3,
          "Actual Loops": 1,
          "Workers Planned": 2,
          "Workers Launched": 2,
          "Single Copy": false,
          "Plans": [
            {
              "Node Type": "Aggregate",
              "Strategy": "Plain",
              "Partial Mode": "Partial",
              "Parent Relationship": "Outer",
              "Parallel Aware": false,
              "Startup Cost": 97007.32,
              "Total Cost": 97007.33,
              "Plan Rows": 1,
              "Plan Width": 8,
              "Actual Startup Time": 759.47,
              "Actual Total Time": 760.277,
              "Actual Rows": 1,
              "Actual Loops": 3,
              "Plans": [
                {
                  "Node Type": "Hash Join",
                  "Parent Relationship": "Outer",
                  "Parallel Aware": true,
                  "Join Type": "Inner",
                  "Startup Cost": 80632.09,
                  "Total Cost": 96740.43,
                  "Plan Rows": 106757,
                  "Plan Width": 0,
                  "Actual Startup Time": 611.434,
                  "Actual Total Time": 745.609,
                  "Actual Rows": 363445,
                  "Actual Loops": 3,
                  "Inner Unique": false,
                  "Hash Cond": "(mi_idx.movie_id = t.id)",
                  "Plans": [
                    {
                      "Node Type": "Seq Scan",
                      "Parent Relationship": "Outer",
                      "Parallel Aware": true,
                      "Relation Name": "movie_info_idx",
                      "Alias": "mi_idx",
                      "Startup Cost": 0.0,
                      "Total Cost": 13685.15,
                      "Plan Rows": 575015,
                      "Plan Width": 4,
                      "Actual Startup Time": 0.022,
                      "Actual Total Time": 35.915,
                      "Actual Rows": 460012,
                      "Actual Loops": 3
                    },
                    {
                      "Node Type": "Hash",
                      "Parent Relationship": "Inner",
                      "Parallel Aware": true,
                      "Startup Cost": 79165.22,
                      "Total Cost": 79165.22,
                      "Plan Rows": 117350,
                      "Plan Width": 8,
                      "Actual Startup Time": 606.805,
                      "Actual Total Time": 607.61,
                      "Actual Rows": 264743,
                      "Actual Loops": 3,
                      "Hash Buckets": 1048576,
                      "Original Hash Buckets": 524288,
                      "Hash Batches": 1,
                      "Original Hash Batches": 1,
                      "Peak Memory Usage": 43424,
                      "Plans": [
                        {
                          "Node Type": "Hash Join",
                          "Parent Relationship": "Outer",
                          "Parallel Aware": true,
                          "Join Type": "Inner",
                          "Startup Cost": 33307.57,
                          "Total Cost": 79165.22,
                          "Plan Rows": 117350,
                          "Plan Width": 8,
                          "Actual Startup Time": 184.24,
                          "Actual Total Time": 520.979,
                          "Actual Rows": 264743,
                          "Actual Loops": 3,
                          "Inner Unique": false,
                          "Hash Cond": "(t.id = mc.movie_id)",
                          "Plans": [
                            {
                              "Node Type": "Seq Scan",
                              "Parent Relationship": "Outer",
                              "Parallel Aware": true,
                              "Relation Name": "title",
                              "Alias": "t",
                              "Startup Cost": 0.0,
                              "Total Cost": 42318.73,
                              "Plan Rows": 632073,
                              "Plan Width": 4,
                              "Actual Startup Time": 0.008,
                              "Actual Total Time": 90.902,
                              "Actual Rows": 842771,
                              "Actual Loops": 3
                            },
                            {
                              "Node Type": "Hash",
                              "Parent Relationship": "Inner",
                              "Parallel Aware": true,
                              "Startup Cost": 31414.82,
                              "Total Cost": 31414.82,
                              "Plan Rows": 151420,
                              "Plan Width": 4,
                              "Actual Startup Time": 181.803,
                              "Actual Total Time": 181.804,
                              "Actual Rows": 264743,
                              "Actual Loops": 3,
                              "Hash Buckets": 1048576,
                              "Original Hash Buckets": 524288,
                              "Hash Batches": 1,
                              "Original Hash Batches": 1,
                              "Peak Memory Usage": 43392,
                              "Plans": [
                                {
                                  "Node Type": "Seq Scan",
                                  "Parent Relationship": "Outer",
                                  "Parallel Aware": true,
                                  "Relation Name": "movie_companies",
                                  "Alias": "mc",
                                  "Startup Cost": 0.0,
                                  "Total Cost": 31414.82,
                                  "Plan Rows": 151420,
                                  "Plan Width": 4,
                                  "Actual Startup Time": 53.465,
                                  "Actual Total Time": 101.147,
                                  "Actual Rows": 264743,
                                  "Actual Loops": 3,
                                  "Filter": "((company_id > 19211) AND (company_type_id > 1))",
                                  "Rows Removed by Filter": 604967
                                }
                              ]
                            }
                          ]
                        }
                      ]
                    }
                  ]
                }
              ]
            }
          ]
        }
      ]
    },
    "Planning Time": 1.442,
    "Triggers": [],
    "Execution Time": 789.369
  }
]