[
  {
    "Plan": {
      "Node Type": "Aggregate",
      "Strategy": "Plain",
      "Partial Mode": "Finalize",
      "Parallel Aware": false,
      "Startup Cost": 90945.93,
      "Total Cost": 90945.94,
      "Plan Rows": 1,
      "Plan Width": 8,
      "Actual Startup Time": 224.401,
      "Actual Total Time": 239.136,
      "Actual Rows": 1,
      "Actual Loops": 1,
      "Plans": [
        {
          "Node Type": "Gather",
          "Parent Relationship": "Outer",
          "Parallel Aware": false,
          "Startup Cost": 90945.62,
          "Total Cost": 90945.93,
          "Plan Rows": 3,
          "Plan Width": 8,
          "Actual Startup Time": 223.754,
          "Actual Total Time": 239.129,
          "Actual Rows": 4,
          "Actual Loops": 1,
          "Workers Planned": 3,
          "Workers Launched": 3,
          "Single Copy": false,
          "Plans": [
            {
              "Node Type": "Aggregate",
              "Strategy": "Plain",
              "Partial Mode": "Partial",
              "Parent Relationship": "Outer",
              "Parallel Aware": false,
              "Startup Cost": 89945.62,
              "Total Cost": 89945.63,
              "Plan Rows": 1,
              "Plan Width": 8,
              "Actual Startup Time": 218.231,
              "Actual Total Time": 218.233,
              "Actual Rows": 1,
              "Actual Loops": 4,
              "Plans": [
                {
                  "Node Type": "Hash Join",
                  "Parent Relationship": "Outer",
                  "Parallel Aware": true,
                  "Join Type": "Inner",
                  "Startup Cost": 46334.16,
                  "Total Cost": 89860.09,
                  "Plan Rows": 34210,
                  "Plan Width": 0,
                  "Actual Startup Time": 105.37,
                  "Actual Total Time": 217.956,
                  "Actual Rows": 5736,
                  "Actual Loops": 4,
                  "Inner Unique": true,
                  "Hash Cond": "(mk.movie_id = t.id)",
                  "Plans": [
                    {
                      "Node Type": "Seq Scan",
                      "Parent Relationship": "Outer",
                      "Parallel Aware": true,
                      "Relation Name": "movie_keyword",
                      "Alias": "mk",
                      "Startup Cost": 0.0,
                      "Total Cost": 42695.65,
                      "Plan Rows": 316296,
                      "Plan Width": 4,
                      "Actual Startup Time": 1.322,
                      "Actual Total Time": 88.476,
                      "Actual Rows": 244082,
                      "Actual Loops": 4,
                      "Filter": "(keyword_id > 19164)",
                      "Rows Removed by Filter": 886901
                    },
                    {
                      "Node Type": "Hash",
                      "Parent Relationship": "Inner",
                      "Parallel Aware": true,
                      "Startup Cost": 45479.59,
                      "Total Cost": 45479.59,
                      "Plan Rows": 68366,
                      "Plan Width": 4,
                      "Actual Startup Time": 101.672,
                      "Actual Total Time": 101.674,
                      "Actual Rows": 44335,
                      "Actual Loops": 4,
                      "Hash Buckets": 524288,
                      "Original Hash Buckets": 524288,
                      "Hash Batches": 1,
                      "Original Hash Batches": 1,
                      "Peak Memory Usage": 11104,
                      "Plans": [
                        {
                          "Node Type": "Seq Scan",
                          "Parent Relationship": "Outer",
                          "Parallel Aware": true,
                          "Relation Name": "title",
                          "Alias": "t",
                          "Startup Cost": 0.0,
                          "Total Cost": 45479.59,
                          "Plan Rows": 68366,
                          "Plan Width": 4,
                          "Actual Startup Time": 0.03,
                          "Actual Total Time": 86.457,
                          "Actual Rows": 44335,
                          "Actual Loops": 4,
                          "Filter": "((production_year < 1977) AND (kind_id = 7))",
                          "Rows Removed by Filter": 587743
                        }
                      ]
                    }
                  ]
                }
              ]
            }
          ]
        }
      ]
    },
    "Planning Time": 0.26,
    "Triggers": [],
    "Execution Time": 239.172
  }
]