[
  {
    "Plan": {
      "Node Type": "Aggregate",
      "Strategy": "Plain",
      "Partial Mode": "Finalize",
      "Parallel Aware": false,
      "Startup Cost": 32891.08,
      "Total Cost": 32891.09,
      "Plan Rows": 1,
      "Plan Width": 8,
      "Actual Startup Time": 112.167,
      "Actual Total Time": 118.627,
      "Actual Rows": 1,
      "Actual Loops": 1,
      "Plans": [
        {
          "Node Type": "Gather",
          "Parent Relationship": "Outer",
          "Parallel Aware": false,
          "Startup Cost": 32890.76,
          "Total Cost": 32891.07,
          "Plan Rows": 3,
          "Plan Width": 8,
          "Actual Startup Time": 112.081,
          "Actual Total Time": 118.615,
          "Actual Rows": 4,
          "Actual Loops": 1,
          "Workers Planned": 3,
          "Workers Launched": 3,
          "Single Copy": false,
          "Plans": [
            {
              "Node Type": "Aggregate",
              "Strategy": "Plain",
              "Partial Mode": "Partial",
              "Parent Relationship": "Outer",
              "Parallel Aware": false,
              "Startup Cost": 31890.76,
              "Total Cost": 31890.77,
              "Plan Rows": 1,
              "Plan Width": 8,
              "Actual Startup Time": 103.48,
              "Actual Total Time": 103.481,
              "Actual Rows": 1,
              "Actual Loops": 4,
              "Plans": [
                {
                  "Node Type": "Seq Scan",
                  "Parent Relationship": "Outer",
                  "Parallel Aware": true,
                  "Relation Name": "movie_companies",
                  "Alias": "mc",
                  "Startup Cost": 0.0,
                  "Total Cost": 31414.82,
                  "Plan Rows": 190376,
                  "Plan Width": 0,
                  "Actual Startup Time": 26.262,
                  "Actual Total Time": 98.213,
                  "Actual Rows": 78844,
                  "Actual Loops": 4,
                  "Filter": "((company_id > 12368) AND (company_type_id < 2))",
                  "Rows Removed by Filter": 573438
                }
              ]
            }
          ]
        }
      ]
    },
    "Planning Time": 0.215,
    "Triggers": [],
    "Execution Time": 118.681
  }
]