[
  {
    "Plan": {
      "Node Type": "Aggregate",
      "Strategy": "Plain",
      "Partial Mode": "Finalize",
      "Parallel Aware": false,
      "Startup Cost": 97497.66,
      "Total Cost": 97497.67,
      "Plan Rows": 1,
      "Plan Width": 8,
      "Actual Startup Time": 212.896,
      "Actual Total Time": 230.289,
      "Actual Rows": 1,
      "Actual Loops": 1,
      "Plans": [
        {
          "Node Type": "Gather",
          "Parent Relationship": "Outer",
          "Parallel Aware": false,
          "Startup Cost": 97497.34,
          "Total Cost": 97497.65,
          "Plan Rows": 3,
          "Plan Width": 8,
          "Actual Startup Time": 212.227,
          "Actual Total Time": 230.281,
          "Actual Rows": 4,
          "Actual Loops": 1,
          "Workers Planned": 3,
          "Workers Launched": 3,
          "Single Copy": false,
          "Plans": [
            {
              "Node Type": "Aggregate",
              "Strategy": "Plain",
              "Partial Mode": "Partial",
              "Parent Relationship": "Outer",
              "Parallel Aware": false,
              "Startup Cost": 96497.34,
              "Total Cost": 96497.35,
              "Plan Rows": 1,
              "Plan Width": 8,
              "Actual Startup Time": 208.218,
              "Actual Total Time": 208.222,
              "Actual Rows": 1,
              "Actual Loops": 4,
              "Plans": [
                {
                  "Node Type": "Nested Loop",
                  "Parent Relationship": "Outer",
                  "Parallel Aware": false,
                  "Join Type": "Inner",
                  "Startup Cost": 45920.74,
                  "Total Cost": 96479.04,
                  "Plan Rows": 7320,
                  "Plan Width": 0,
                  "Actual Startup Time": 147.902,
                  "Actual Total Time": 208.116,
                  "Actual Rows": 1584,
                  "Actual Loops": 4,
                  "Inner Unique": false,
                  "Join Filter": "(t.id = mk.movie_id)",
                  "Rows Removed by Join Filter": 0,
                  "Plans": [
                    {
                      "Node Type": "Hash Join",
                      "Parent Relationship": "Outer",
                      "Parallel Aware": true,
                      "Join Type": "Inner",
                      "Startup Cost": 45920.31,
                      "Total Cost": 77791.02,
                      "Plan Rows": 9687,
                      "Plan Width": 8,
                      "Actual Startup Time": 146.347,
                      "Actual Total Time": 198.867,
                      "Actual Rows": 3713,
                      "Actual Loops": 4,
                      "Inner Unique": true,
                      "Hash Cond": "(mc.movie_id = t.id)",
                      "Plans": [
                        {
                          "Node Type": "Seq Scan",
                          "Parent Relationship": "Outer",
                          "Parallel Aware": true,
                          "Relation Name": "movie_companies",
                          "Alias": "mc",
                          "Startup Cost": 0.0,
                          "Total Cost": 31414.82,
                          "Plan Rows": 173672,
                          "Plan Width": 4,
                          "Actual Startup Time": 36.047,
                          "Actual Total Time": 72.328,
                          "Actual Rows": 82466,
                          "Actual Loops": 4,
                          "Filter": "((company_id < 6354) AND (company_type_id > 1))",
                          "Rows Removed by Filter": 569817
                        },
                        {
                          "Node Type": "Hash",
                          "Parent Relationship": "Inner",
                          "Parallel Aware": true,
                          "Startup Cost": 45479.59,
                          "Total Cost": 45479.59,
                          "Plan Rows": 35258,
                          "Plan Width": 4,
                          "Actual Startup Time": 108.71,
                          "Actual Total Time": 108.711,
                          "Actual Rows": 37797,
                          "Actual Loops": 4,
                          "Hash Buckets": 262144,
                          "Original Hash Buckets": 262144,
                          "Hash Batches": 1,
                          "Original Hash Batches": 1,
                          "Peak Memory Usage": 8032,
                          "Plans": [
                            {
                              "Node Type": "Seq Scan",
                              "Parent Relationship": "Outer",
                              "Parallel Aware": true,
                              "Relation Name": "title",
                              "Alias": "t",
                              "Startup Cost": 0.0,
                              "Total Cost": 45479.59,
                              "Plan Rows": 35258,
                              "Plan Width": 4,
                              "Actual Startup Time": 0.022,
                              "Actual Total Time": 96.498,
                              "Actual Rows": 37797,
                              "Actual Loops": 4,
                              "Filter": "((kind_id > 4) AND (production_year > 2011))",
                              "Rows Removed by Filter": 594281
                            }
                          ]
                        }
                      ]
                    },
                    {
                      "Node Type": "Index Scan",
                      "Parent Relationship": "Inner",
                      "Parallel Aware": false,
                      "Scan Direction": "Forward",
                      "Index Name": "movie_id_movie_keyword",
                      "Relation Name": "movie_keyword",
                      "Alias": "mk",
                      "Startup Cost": 0.43,
                      "Total Cost": 1.69,
                      "Plan Rows": 19,
                      "Plan Width": 4,
                      "Actual Startup Time": 0.002,
                      "Actual Total Time": 0.002,
                      "Actual Rows": 0,
                      "Actual Loops": 14853,
                      "Index Cond": "(movie_id = mc.movie_id)",
                      "Rows Removed by Index Recheck": 0,
                      "Filter": "(keyword_id > 7156)",
                      "Rows Removed by Filter": 0
                    }
                  ]
                }
              ]
            }
          ]
        }
      ]
    },
    "Planning Time": 0.69,
    "Triggers": [],
    "Execution Time": 230.35
  }
]