{
  "Plan": {
    "Node Type": "Aggregate",
    "Strategy": "Plain",
    "Partial Mode": "Finalize",
    "Parallel Aware": false,
    "Startup Cost": 192960.02,
    "Total Cost": 192960.03,
    "Plan Rows": 1,
    "Plan Width": 64,
    "Actual Startup Time": 915.686,
    "Actual Total Time": 982.839,
    "Actual Rows": 1,
    "Actual Loops": 1,
    "Plans": [
      {
        "Node Type": "Gather",
        "Parent Relationship": "Outer",
        "Parallel Aware": false,
        "Startup Cost": 192959.91,
        "Total Cost": 192960.02,
        "Plan Rows": 1,
        "Plan Width": 64,
        "Actual Startup Time": 915.271,
        "Actual Total Time": 982.831,
        "Actual Rows": 2,
        "Actual Loops": 1,
        "Workers Planned": 1,
        "Workers Launched": 1,
        "Single Copy": false,
        "Plans": [
          {
            "Node Type": "Aggregate",
            "Strategy": "Plain",
            "Partial Mode": "Partial",
            "Parent Relationship": "Outer",
            "Parallel Aware": false,
            "Startup Cost": 191959.91,
            "Total Cost": 191959.92,
            "Plan Rows": 1,
            "Plan Width": 64,
            "Actual Startup Time": 908.673,
            "Actual Total Time": 908.677,
            "Actual Rows": 1,
            "Actual Loops": 2,
            "Plans": [
              {
                "Node Type": "Nested Loop",
                "Parent Relationship": "Outer",
                "Parallel Aware": false,
                "Join Type": "Inner",
                "Startup Cost": 19532.16,
                "Total Cost": 191927.84,
                "Plan Rows": 6414,
                "Plan Width": 22,
                "Actual Startup Time": 103.491,
                "Actual Total Time": 904.526,
                "Actual Rows": 40028,
                "Actual Loops": 2,
                "Inner Unique": false,
                "Plans": [
                  {
                    "Node Type": "Nested Loop",
                    "Parent Relationship": "Outer",
                    "Parallel Aware": false,
                    "Join Type": "Inner",
                    "Startup Cost": 19531.73,
                    "Total Cost": 187730.16,
                    "Plan Rows": 6215,
                    "Plan Width": 34,
                    "Actual Startup Time": 103.439,
                    "Actual Total Time": 848.836,
                    "Actual Rows": 7980,
                    "Actual Loops": 2,
                    "Inner Unique": false,
                    "Plans": [
                      {
                        "Node Type": "Hash Join",
                        "Parent Relationship": "Outer",
                        "Parallel Aware": true,
                        "Join Type": "Inner",
                        "Startup Cost": 19531.29,
                        "Total Cost": 81207.21,
                        "Plan Rows": 48112,
                        "Plan Width": 30,
                        "Actual Startup Time": 102.748,
                        "Actual Total Time": 365.486,
                        "Actual Rows": 41134,
                        "Actual Loops": 2,
                        "Inner Unique": false,
                        "Hash Cond": "(t.id = mi_idx.movie_id)",
                        "Plans": [
                          {
                            "Node Type": "Seq Scan",
                            "Parent Relationship": "Outer",
                            "Parallel Aware": true,
                            "Relation Name": "title",
                            "Alias": "t",
                            "Startup Cost": 0.0,
                            "Total Cost": 58306.47,
                            "Plan Rows": 617286,
                            "Plan Width": 21,
                            "Actual Startup Time": 0.015,
                            "Actual Total Time": 150.292,
                            "Actual Rows": 521400,
                            "Actual Loops": 2,
                            "Filter": "((production_year >= 2000) AND (production_year <= 2010))",
                            "Rows Removed by Filter": 742756
                          },
                          {
                            "Node Type": "Hash",
                            "Parent Relationship": "Inner",
                            "Parallel Aware": true,
                            "Startup Cost": 18082.32,
                            "Total Cost": 18082.32,
                            "Plan Rows": 115918,
                            "Plan Width": 9,
                            "Actual Startup Time": 99.174,
                            "Actual Total Time": 99.175,
                            "Actual Rows": 96420,
                            "Actual Loops": 2,
                            "Hash Buckets": 262144,
                            "Original Hash Buckets": 262144,
                            "Hash Batches": 1,
                            "Original Hash Batches": 1,
                            "Peak Memory Usage": 9664,
                            "Plans": [
                              {
                                "Node Type": "Seq Scan",
                                "Parent Relationship": "Outer",
                                "Parallel Aware": true,
                                "Relation Name": "movie_info_idx",
                                "Alias": "mi_idx",
                                "Startup Cost": 0.0,
                                "Total Cost": 18082.32,
                                "Plan Rows": 115918,
                                "Plan Width": 9,
                                "Actual Startup Time": 0.07,
                                "Actual Total Time": 76.278,
                                "Actual Rows": 96420,
                                "Actual Loops": 2,
                                "Filter": "(info > '7.0'::text)",
                                "Rows Removed by Filter": 593598
                              }
                            ]
                          }
                        ]
                      },
                      {
                        "Node Type": "Index Scan",
                        "Parent Relationship": "Inner",
                        "Parallel Aware": false,
                        "Scan Direction": "Forward",
                        "Index Name": "movie_id_movie_info",
                        "Relation Name": "movie_info",
                        "Alias": "mi",
                        "Startup Cost": 0.43,
                        "Total Cost": 2.2,
                        "Plan Rows": 1,
                        "Plan Width": 4,
                        "Actual Startup Time": 0.011,
                        "Actual Total Time": 0.012,
                        "Actual Rows": 0,
                        "Actual Loops": 82267,
                        "Index Cond": "(movie_id = t.id)",
                        "Rows Removed by Index Recheck": 0,
                        "Filter": "(info = ANY ('{Drama,Horror,Western,Family}'::text[]))",
                        "Rows Removed by Filter": 15
                      }
                    ]
                  },
                  {
                    "Node Type": "Index Only Scan",
                    "Parent Relationship": "Inner",
                    "Parallel Aware": false,
                    "Scan Direction": "Forward",
                    "Index Name": "movie_id_movie_companies",
                    "Relation Name": "movie_companies",
                    "Alias": "mc",
                    "Startup Cost": 0.43,
                    "Total Cost": 0.63,
                    "Plan Rows": 5,
                    "Plan Width": 4,
                    "Actual Startup Time": 0.005,
                    "Actual Total Time": 0.006,
                    "Actual Rows": 5,
                    "Actual Loops": 15961,
                    "Index Cond": "(movie_id = t.id)",
                    "Rows Removed by Index Recheck": 0,
                    "Heap Fetches": 80057
                  }
                ]
              }
            ]
          }
        ]
      }
    ]
  },
  "Planning Time": 1.62,
  "Triggers": [],
  "Execution Time": 982.962
}