{
  "Plan": {
    "Node Type": "Aggregate",
    "Strategy": "Plain",
    "Partial Mode": "Finalize",
    "Parallel Aware": false,
    "Startup Cost": 75133.35,
    "Total Cost": 75133.36,
    "Plan Rows": 1,
    "Plan Width": 8,
    "Actual Startup Time": 250.337,
    "Actual Total Time": 257.931,
    "Actual Rows": 1,
    "Actual Loops": 1,
    "Plans": [
      {
        "Node Type": "Gather",
        "Parent Relationship": "Outer",
        "Parallel Aware": false,
        "Startup Cost": 75133.24,
        "Total Cost": 75133.35,
        "Plan Rows": 1,
        "Plan Width": 8,
        "Actual Startup Time": 249.183,
        "Actual Total Time": 257.922,
        "Actual Rows": 2,
        "Actual Loops": 1,
        "Workers Planned": 1,
        "Workers Launched": 1,
        "Single Copy": false,
        "Plans": [
          {
            "Node Type": "Aggregate",
            "Strategy": "Plain",
            "Partial Mode": "Partial",
            "Parent Relationship": "Outer",
            "Parallel Aware": false,
            "Startup Cost": 74133.24,
            "Total Cost": 74133.25,
            "Plan Rows": 1,
            "Plan Width": 8,
            "Actual Startup Time": 243.389,
            "Actual Total Time": 243.55,
            "Actual Rows": 1,
            "Actual Loops": 2,
            "Plans": [
              {
                "Node Type": "Hash Join",
                "Parent Relationship": "Outer",
                "Parallel Aware": true,
                "Join Type": "Inner",
                "Startup Cost": 55282.74,
                "Total Cost": 74076.5,
                "Plan Rows": 22695,
                "Plan Width": 0,
                "Actual Startup Time": 182.163,
                "Actual Total Time": 241.341,
                "Actual Rows": 51843,
                "Actual Loops": 2,
                "Inner Unique": true,
                "Hash Cond": "(mi_idx.movie_id = t.id)",
                "Plans": [
                  {
                    "Node Type": "Seq Scan",
                    "Parent Relationship": "Outer",
                    "Parallel Aware": true,
                    "Relation Name": "movie_info_idx",
                    "Alias": "mi_idx",
                    "Startup Cost": 0.0,
                    "Total Cost": 18082.32,
                    "Plan Rows": 271028,
                    "Plan Width": 4,
                    "Actual Startup Time": 0.02,
                    "Actual Total Time": 51.125,
                    "Actual Rows": 229962,
                    "Actual Loops": 2,
                    "Filter": "(info_type_id = 101)",
                    "Rows Removed by Filter": 460055
                  },
                  {
                    "Node Type": "Hash",
                    "Parent Relationship": "Inner",
                    "Parallel Aware": true,
                    "Startup Cost": 53726.04,
                    "Total Cost": 53726.04,
                    "Plan Rows": 124536,
                    "Plan Width": 4,
                    "Actual Startup Time": 144.914,
                    "Actual Total Time": 144.915,
                    "Actual Rows": 170813,
                    "Actual Loops": 2,
                    "Hash Buckets": 524288,
                    "Original Hash Buckets": 262144,
                    "Hash Batches": 1,
                    "Original Hash Batches": 1,
                    "Peak Memory Usage": 19552,
                    "Plans": [
                      {
                        "Node Type": "Bitmap Heap Scan",
                        "Parent Relationship": "Outer",
                        "Parallel Aware": true,
                        "Relation Name": "title",
                        "Alias": "t",
                        "Startup Cost": 11875.78,
                        "Total Cost": 53726.04,
                        "Plan Rows": 124536,
                        "Plan Width": 4,
                        "Actual Startup Time": 37.842,
                        "Actual Total Time": 104.114,
                        "Actual Rows": 170813,
                        "Actual Loops": 2,
                        "Recheck Cond": "(kind_id < 2)",
                        "Rows Removed by Index Recheck": 0,
                        "Filter": "(production_year < 1995)",
                        "Rows Removed by Filter": 160600,
                        "Exact Heap Blocks": 8343,
                        "Lossy Heap Blocks": 0,
                        "Plans": [
                          {
                            "Node Type": "Bitmap Index Scan",
                            "Parent Relationship": "Outer",
                            "Parallel Aware": false,
                            "Index Name": "kind_id_title",
                            "Startup Cost": 0.0,
                            "Total Cost": 11822.85,
                            "Plan Rows": 663256,
                            "Plan Width": 0,
                            "Actual Startup Time": 38.033,
                            "Actual Total Time": 38.033,
                            "Actual Rows": 662825,
                            "Actual Loops": 1,
                            "Index Cond": "(kind_id < 2)"
                          }
                        ]
                      }
                    ]
                  }
                ]
              }
            ]
          }
        ]
      }
    ]
  },
  "Planning Time": 0.466,
  "Triggers": [],
  "Execution Time": 258.023
}