[
  {
    "Plan": {
      "Node Type": "Aggregate",
      "Strategy": "Plain",
      "Partial Mode": "Finalize",
      "Parallel Aware": false,
      "Startup Cost": 44908.82,
      "Total Cost": 44908.83,
      "Plan Rows": 1,
      "Plan Width": 8,
      "Actual Startup Time": 90.042,
      "Actual Total Time": 101.16,
      "Actual Rows": 1,
      "Actual Loops": 1,
      "Plans": [
        {
          "Node Type": "Gather",
          "Parent Relationship": "Outer",
          "Parallel Aware": false,
          "Startup Cost": 44908.4,
          "Total Cost": 44908.81,
          "Plan Rows": 4,
          "Plan Width": 8,
          "Actual Startup Time": 89.777,
          "Actual Total Time": 101.151,
          "Actual Rows": 5,
          "Actual Loops": 1,
          "Workers Planned": 4,
          "Workers Launched": 4,
          "Single Copy": false,
          "Plans": [
            {
              "Node Type": "Aggregate",
              "Strategy": "Plain",
              "Partial Mode": "Partial",
              "Parent Relationship": "Outer",
              "Parallel Aware": false,
              "Startup Cost": 43908.4,
              "Total Cost": 43908.41,
              "Plan Rows": 1,
              "Plan Width": 8,
              "Actual Startup Time": 83.218,
              "Actual Total Time": 83.219,
              "Actual Rows": 1,
              "Actual Loops": 5,
              "Plans": [
                {
                  "Node Type": "Seq Scan",
                  "Parent Relationship": "Outer",
                  "Parallel Aware": true,
                  "Relation Name": "title",
                  "Alias": "t",
                  "Startup Cost": 0.0,
                  "Total Cost": 43898.92,
                  "Plan Rows": 3792,
                  "Plan Width": 0,
                  "Actual Startup Time": 0.107,
                  "Actual Total Time": 82.855,
                  "Actual Rows": 2857,
                  "Actual Loops": 5,
                  "Filter": "(production_year = 1973)",
                  "Rows Removed by Filter": 502806
                }
              ]
            }
          ]
        }
      ]
    },
    "Planning Time": 0.126,
    "Triggers": [],
    "Execution Time": 101.208
  }
]