[
  {
    "Plan": {
      "Node Type": "Aggregate",
      "Strategy": "Plain",
      "Partial Mode": "Finalize",
      "Parallel Aware": false,
      "Startup Cost": 77348.97,
      "Total Cost": 77348.98,
      "Plan Rows": 1,
      "Plan Width": 8,
      "Actual Startup Time": 437.353,
      "Actual Total Time": 457.795,
      "Actual Rows": 1,
      "Actual Loops": 1,
      "Plans": [
        {
          "Node Type": "Gather",
          "Parent Relationship": "Outer",
          "Parallel Aware": false,
          "Startup Cost": 77348.65,
          "Total Cost": 77348.96,
          "Plan Rows": 3,
          "Plan Width": 8,
          "Actual Startup Time": 428.883,
          "Actual Total Time": 457.784,
          "Actual Rows": 4,
          "Actual Loops": 1,
          "Workers Planned": 3,
          "Workers Launched": 3,
          "Single Copy": false,
          "Plans": [
            {
              "Node Type": "Aggregate",
              "Strategy": "Plain",
              "Partial Mode": "Partial",
              "Parent Relationship": "Outer",
              "Parallel Aware": false,
              "Startup Cost": 76348.65,
              "Total Cost": 76348.66,
              "Plan Rows": 1,
              "Plan Width": 8,
              "Actual Startup Time": 411.147,
              "Actual Total Time": 411.15,
              "Actual Rows": 1,
              "Actual Loops": 4,
              "Plans": [
                {
                  "Node Type": "Hash Join",
                  "Parent Relationship": "Outer",
                  "Parallel Aware": true,
                  "Join Type": "Inner",
                  "Startup Cost": 51541.48,
                  "Total Cost": 76298.56,
                  "Plan Rows": 20038,
                  "Plan Width": 0,
                  "Actual Startup Time": 377.871,
                  "Actual Total Time": 410.102,
                  "Actual Rows": 15260,
                  "Actual Loops": 4,
                  "Inner Unique": true,
                  "Hash Cond": "(mk.movie_id = t.id)",
                  "Plans": [
                    {
                      "Node Type": "Bitmap Heap Scan",
                      "Parent Relationship": "Outer",
                      "Parallel Aware": true,
                      "Relation Name": "movie_keyword",
                      "Alias": "mk",
                      "Startup Cost": 1321.84,
                      "Total Cost": 26026.31,
                      "Plan Rows": 20038,
                      "Plan Width": 4,
                      "Actual Startup Time": 10.447,
                      "Actual Total Time": 34.208,
                      "Actual Rows": 15260,
                      "Actual Loops": 4,
                      "Recheck Cond": "(keyword_id > 94781)",
                      "Rows Removed by Index Recheck": 0,
                      "Exact Heap Blocks": 4427,
                      "Lossy Heap Blocks": 0,
                      "Plans": [
                        {
                          "Node Type": "Bitmap Index Scan",
                          "Parent Relationship": "Outer",
                          "Parallel Aware": false,
                          "Index Name": "keyword_id_movie_keyword",
                          "Startup Cost": 0.0,
                          "Total Cost": 1306.31,
                          "Plan Rows": 62117,
                          "Plan Width": 0,
                          "Actual Startup Time": 7.114,
                          "Actual Total Time": 7.115,
                          "Actual Rows": 61040,
                          "Actual Loops": 1,
                          "Index Cond": "(keyword_id > 94781)"
                        }
                      ]
                    },
                    {
                      "Node Type": "Hash",
                      "Parent Relationship": "Inner",
                      "Parallel Aware": true,
                      "Startup Cost": 42318.73,
                      "Total Cost": 42318.73,
                      "Plan Rows": 632073,
                      "Plan Width": 4,
                      "Actual Startup Time": 355.933,
                      "Actual Total Time": 355.934,
                      "Actual Rows": 632078,
                      "Actual Loops": 4,
                      "Hash Buckets": 4194304,
                      "Original Hash Buckets": 4194304,
                      "Hash Batches": 1,
                      "Original Hash Batches": 1,
                      "Peak Memory Usage": 131744,
                      "Plans": [
                        {
                          "Node Type": "Seq Scan",
                          "Parent Relationship": "Outer",
                          "Parallel Aware": true,
                          "Relation Name": "title",
                          "Alias": "t",
                          "Startup Cost": 0.0,
                          "Total Cost": 42318.73,
                          "Plan Rows": 632073,
                          "Plan Width": 4,
                          "Actual Startup Time": 0.037,
                          "Actual Total Time": 105.287,
                          "Actual Rows": 632078,
                          "Actual Loops": 4
                        }
                      ]
                    }
                  ]
                }
              ]
            }
          ]
        }
      ]
    },
    "Planning Time": 0.703,
    "Triggers": [],
    "Execution Time": 457.884
  }
]