[
  {
    "Plan": {
      "Node Type": "Aggregate",
      "Strategy": "Plain",
      "Partial Mode": "Finalize",
      "Parallel Aware": false,
      "Startup Cost": 451845.85,
      "Total Cost": 451845.86,
      "Plan Rows": 1,
      "Plan Width": 8,
      "Actual Startup Time": 1569.504,
      "Actual Total Time": 1621.954,
      "Actual Rows": 1,
      "Actual Loops": 1,
      "Plans": [
        {
          "Node Type": "Gather",
          "Parent Relationship": "Outer",
          "Parallel Aware": false,
          "Startup Cost": 451845.23,
          "Total Cost": 451845.84,
          "Plan Rows": 6,
          "Plan Width": 8,
          "Actual Startup Time": 1552.061,
          "Actual Total Time": 1621.945,
          "Actual Rows": 7,
          "Actual Loops": 1,
          "Workers Planned": 6,
          "Workers Launched": 6,
          "Single Copy": false,
          "Plans": [
            {
              "Node Type": "Aggregate",
              "Strategy": "Plain",
              "Partial Mode": "Partial",
              "Parent Relationship": "Outer",
              "Parallel Aware": false,
              "Startup Cost": 450845.23,
              "Total Cost": 450845.24,
              "Plan Rows": 1,
              "Plan Width": 8,
              "Actual Startup Time": 1541.144,
              "Actual Total Time": 1541.15,
              "Actual Rows": 1,
              "Actual Loops": 7,
              "Plans": [
                {
                  "Node Type": "Hash Join",
                  "Parent Relationship": "Outer",
                  "Parallel Aware": true,
                  "Join Type": "Inner",
                  "Startup Cost": 96719.46,
                  "Total Cost": 449334.57,
                  "Plan Rows": 604261,
                  "Plan Width": 0,
                  "Actual Startup Time": 707.375,
                  "Actual Total Time": 1455.058,
                  "Actual Rows": 2115639,
                  "Actual Loops": 7,
                  "Inner Unique": false,
                  "Hash Cond": "(ci.movie_id = t.id)",
                  "Plans": [
                    {
                      "Node Type": "Seq Scan",
                      "Parent Relationship": "Outer",
                      "Parallel Aware": true,
                      "Relation Name": "cast_info",
                      "Alias": "ci",
                      "Startup Cost": 0.0,
                      "Total Cost": 343316.27,
                      "Plan Rows": 1959897,
                      "Plan Width": 4,
                      "Actual Startup Time": 307.317,
                      "Actual Total Time": 610.446,
                      "Actual Rows": 1912790,
                      "Actual Loops": 7,
                      "Filter": "((person_id > 957332) AND (role_id > 2))",
                      "Rows Removed by Filter": 3264974
                    },
                    {
                      "Node Type": "Hash",
                      "Parent Relationship": "Inner",
                      "Parallel Aware": true,
                      "Startup Cost": 93576.13,
                      "Total Cost": 93576.13,
                      "Plan Rows": 251466,
                      "Plan Width": 8,
                      "Actual Startup Time": 397.966,
                      "Actual Total Time": 397.971,
                      "Actual Rows": 110775,
                      "Actual Loops": 7,
                      "Hash Buckets": 1048576,
                      "Original Hash Buckets": 1048576,
                      "Hash Batches": 1,
                      "Original Hash Batches": 1,
                      "Peak Memory Usage": 38656,
                      "Plans": [
                        {
                          "Node Type": "Hash Join",
                          "Parent Relationship": "Outer",
                          "Parallel Aware": true,
                          "Join Type": "Inner",
                          "Startup Cost": 50220.38,
                          "Total Cost": 93576.13,
                          "Plan Rows": 251466,
                          "Plan Width": 8,
                          "Actual Startup Time": 263.189,
                          "Actual Total Time": 355.349,
                          "Actual Rows": 110775,
                          "Actual Loops": 7,
                          "Inner Unique": true,
                          "Hash Cond": "(mk.movie_id = t.id)",
                          "Plans": [
                            {
                              "Node Type": "Seq Scan",
                              "Parent Relationship": "Outer",
                              "Parallel Aware": true,
                              "Relation Name": "movie_keyword",
                              "Alias": "mk",
                              "Startup Cost": 0.0,
                              "Total Cost": 42695.65,
                              "Plan Rows": 251466,
                              "Plan Width": 4,
                              "Actual Startup Time": 1.402,
                              "Actual Total Time": 61.108,
                              "Actual Rows": 110775,
                              "Actual Loops": 7,
                              "Filter": "(keyword_id > 24318)",
                              "Rows Removed by Filter": 535501
                            },
                            {
                              "Node Type": "Hash",
                              "Parent Relationship": "Inner",
                              "Parallel Aware": true,
                              "Startup Cost": 42319.06,
                              "Total Cost": 42319.06,
                              "Plan Rows": 632106,
                              "Plan Width": 4,
                              "Actual Startup Time": 257.752,
                              "Actual Total Time": 257.754,
                              "Actual Rows": 361187,
                              "Actual Loops": 7,
                              "Hash Buckets": 4194304,
                              "Original Hash Buckets": 4194304,
                              "Hash Batches": 1,
                              "Original Hash Batches": 1,
                              "Peak Memory Usage": 131776,
                              "Plans": [
                                {
                                  "Node Type": "Seq Scan",
                                  "Parent Relationship": "Outer",
                                  "Parallel Aware": true,
                                  "Relation Name": "title",
                                  "Alias": "t",
                                  "Startup Cost": 0.0,
                                  "Total Cost": 42319.06,
                                  "Plan Rows": 632106,
                                  "Plan Width": 4,
                                  "Actual Startup Time": 0.055,
                                  "Actual Total Time": 73.843,
                                  "Actual Rows": 361187,
                                  "Actual Loops": 7
                                }
                              ]
                            }
                          ]
                        }
                      ]
                    }
                  ]
                }
              ]
            }
          ]
        }
      ]
    },
    "Planning Time": 0.499,
    "Triggers": [],
    "Execution Time": 1622.013
  }
]