[
  {
    "Plan": {
      "Node Type": "Aggregate",
      "Strategy": "Plain",
      "Partial Mode": "Finalize",
      "Parallel Aware": false,
      "Startup Cost": 121727.47,
      "Total Cost": 121727.48,
      "Plan Rows": 1,
      "Plan Width": 8,
      "Actual Startup Time": 509.223,
      "Actual Total Time": 579.065,
      "Actual Rows": 1,
      "Actual Loops": 1,
      "Plans": [
        {
          "Node Type": "Gather",
          "Parent Relationship": "Outer",
          "Parallel Aware": false,
          "Startup Cost": 121727.16,
          "Total Cost": 121727.47,
          "Plan Rows": 3,
          "Plan Width": 8,
          "Actual Startup Time": 508.648,
          "Actual Total Time": 579.052,
          "Actual Rows": 4,
          "Actual Loops": 1,
          "Workers Planned": 3,
          "Workers Launched": 3,
          "Single Copy": false,
          "Plans": [
            {
              "Node Type": "Aggregate",
              "Strategy": "Plain",
              "Partial Mode": "Partial",
              "Parent Relationship": "Outer",
              "Parallel Aware": false,
              "Startup Cost": 120727.16,
              "Total Cost": 120727.17,
              "Plan Rows": 1,
              "Plan Width": 8,
              "Actual Startup Time": 500.847,
              "Actual Total Time": 500.852,
              "Actual Rows": 1,
              "Actual Loops": 4,
              "Plans": [
                {
                  "Node Type": "Nested Loop",
                  "Parent Relationship": "Outer",
                  "Parallel Aware": false,
                  "Join Type": "Inner",
                  "Startup Cost": 44277.84,
                  "Total Cost": 120277.23,
                  "Plan Rows": 179970,
                  "Plan Width": 0,
                  "Actual Startup Time": 156.064,
                  "Actual Total Time": 492.249,
                  "Actual Rows": 120636,
                  "Actual Loops": 4,
                  "Inner Unique": false,
                  "Join Filter": "(t.id = ci.movie_id)",
                  "Rows Removed by Join Filter": 0,
                  "Plans": [
                    {
                      "Node Type": "Hash Join",
                      "Parent Relationship": "Outer",
                      "Parallel Aware": true,
                      "Join Type": "Inner",
                      "Startup Cost": 44277.27,
                      "Total Cost": 76380.94,
                      "Plan Rows": 12552,
                      "Plan Width": 8,
                      "Actual Startup Time": 155.921,
                      "Actual Total Time": 222.322,
                      "Actual Rows": 3905,
                      "Actual Loops": 4,
                      "Inner Unique": true,
                      "Hash Cond": "(mc.movie_id = t.id)",
                      "Plans": [
                        {
                          "Node Type": "Seq Scan",
                          "Parent Relationship": "Outer",
                          "Parallel Aware": true,
                          "Relation Name": "movie_companies",
                          "Alias": "mc",
                          "Startup Cost": 0.0,
                          "Total Cost": 31414.82,
                          "Plan Rows": 262418,
                          "Plan Width": 4,
                          "Actual Startup Time": 36.371,
                          "Actual Total Time": 72.205,
                          "Actual Rows": 127685,
                          "Actual Loops": 4,
                          "Filter": "((company_id < 16279) AND (company_type_id = 2))",
                          "Rows Removed by Filter": 524598
                        },
                        {
                          "Node Type": "Hash",
                          "Parent Relationship": "Inner",
                          "Parallel Aware": true,
                          "Startup Cost": 43899.32,
                          "Total Cost": 43899.32,
                          "Plan Rows": 30236,
                          "Plan Width": 4,
                          "Actual Startup Time": 117.634,
                          "Actual Total Time": 117.635,
                          "Actual Rows": 29891,
                          "Actual Loops": 4,
                          "Hash Buckets": 131072,
                          "Original Hash Buckets": 131072,
                          "Hash Batches": 1,
                          "Original Hash Batches": 1,
                          "Peak Memory Usage": 5760,
                          "Plans": [
                            {
                              "Node Type": "Seq Scan",
                              "Parent Relationship": "Outer",
                              "Parallel Aware": true,
                              "Relation Name": "title",
                              "Alias": "t",
                              "Startup Cost": 0.0,
                              "Total Cost": 43899.32,
                              "Plan Rows": 30236,
                              "Plan Width": 4,
                              "Actual Startup Time": 0.048,
                              "Actual Total Time": 104.371,
                              "Actual Rows": 29891,
                              "Actual Loops": 4,
                              "Filter": "(production_year = 2007)",
                              "Rows Removed by Filter": 602187
                            }
                          ]
                        }
                      ]
                    },
                    {
                      "Node Type": "Index Only Scan",
                      "Parent Relationship": "Inner",
                      "Parallel Aware": false,
                      "Scan Direction": "Forward",
                      "Index Name": "movie_id_cast_info",
                      "Relation Name": "cast_info",
                      "Alias": "ci",
                      "Startup Cost": 0.56,
                      "Total Cost": 3.06,
                      "Plan Rows": 35,
                      "Plan Width": 4,
                      "Actual Startup Time": 0.01,
                      "Actual Total Time": 0.065,
                      "Actual Rows": 31,
                      "Actual Loops": 15621,
                      "Index Cond": "(movie_id = mc.movie_id)",
                      "Rows Removed by Index Recheck": 0,
                      "Heap Fetches": 482546
                    }
                  ]
                }
              ]
            }
          ]
        }
      ]
    },
    "Planning Time": 1.522,
    "Triggers": [],
    "Execution Time": 579.173
  }
]