[
  {
    "Plan": {
      "Node Type": "Aggregate",
      "Strategy": "Plain",
      "Partial Mode": "Finalize",
      "Parallel Aware": false,
      "Startup Cost": 396985.85,
      "Total Cost": 396985.86,
      "Plan Rows": 1,
      "Plan Width": 8,
      "Actual Startup Time": 993.845,
      "Actual Total Time": 1044.719,
      "Actual Rows": 1,
      "Actual Loops": 1,
      "Plans": [
        {
          "Node Type": "Gather",
          "Parent Relationship": "Outer",
          "Parallel Aware": false,
          "Startup Cost": 396985.23,
          "Total Cost": 396985.84,
          "Plan Rows": 6,
          "Plan Width": 8,
          "Actual Startup Time": 987.177,
          "Actual Total Time": 1044.702,
          "Actual Rows": 7,
          "Actual Loops": 1,
          "Workers Planned": 6,
          "Workers Launched": 6,
          "Single Copy": false,
          "Plans": [
            {
              "Node Type": "Aggregate",
              "Strategy": "Plain",
              "Partial Mode": "Partial",
              "Parent Relationship": "Outer",
              "Parallel Aware": false,
              "Startup Cost": 395985.23,
              "Total Cost": 395985.24,
              "Plan Rows": 1,
              "Plan Width": 8,
              "Actual Startup Time": 978.853,
              "Actual Total Time": 978.856,
              "Actual Rows": 1,
              "Actual Loops": 7,
              "Plans": [
                {
                  "Node Type": "Hash Join",
                  "Parent Relationship": "Outer",
                  "Parallel Aware": true,
                  "Join Type": "Inner",
                  "Startup Cost": 47671.21,
                  "Total Cost": 394940.88,
                  "Plan Rows": 417740,
                  "Plan Width": 0,
                  "Actual Startup Time": 363.477,
                  "Actual Total Time": 969.317,
                  "Actual Rows": 169986,
                  "Actual Loops": 7,
                  "Inner Unique": true,
                  "Hash Cond": "(ci.movie_id = t.id)",
                  "Plans": [
                    {
                      "Node Type": "Seq Scan",
                      "Parent Relationship": "Outer",
                      "Parallel Aware": true,
                      "Relation Name": "cast_info",
                      "Alias": "ci",
                      "Startup Cost": 0.0,
                      "Total Cost": 343316.27,
                      "Plan Rows": 1506052,
                      "Plan Width": 4,
                      "Actual Startup Time": 232.248,
                      "Actual Total Time": 655.071,
                      "Actual Rows": 556414,
                      "Actual Loops": 7,
                      "Filter": "((person_id < 1384789) AND (role_id > 1))",
                      "Rows Removed by Filter": 4621350
                    },
                    {
                      "Node Type": "Hash",
                      "Parent Relationship": "Inner",
                      "Parallel Aware": true,
                      "Startup Cost": 45479.59,
                      "Total Cost": 45479.59,
                      "Plan Rows": 175330,
                      "Plan Width": 4,
                      "Actual Startup Time": 124.459,
                      "Actual Total Time": 124.46,
                      "Actual Rows": 107133,
                      "Actual Loops": 7,
                      "Hash Buckets": 1048576,
                      "Original Hash Buckets": 1048576,
                      "Hash Batches": 1,
                      "Original Hash Batches": 1,
                      "Peak Memory Usage": 37600,
                      "Plans": [
                        {
                          "Node Type": "Seq Scan",
                          "Parent Relationship": "Outer",
                          "Parallel Aware": true,
                          "Relation Name": "title",
                          "Alias": "t",
                          "Startup Cost": 0.0,
                          "Total Cost": 45479.59,
                          "Plan Rows": 175330,
                          "Plan Width": 4,
                          "Actual Startup Time": 0.044,
                          "Actual Total Time": 76.477,
                          "Actual Rows": 107133,
                          "Actual Loops": 7,
                          "Filter": "((kind_id < 7) AND (production_year < 2009))",
                          "Rows Removed by Filter": 254054
                        }
                      ]
                    }
                  ]
                }
              ]
            }
          ]
        }
      ]
    },
    "Planning Time": 0.222,
    "Triggers": [],
    "Execution Time": 1044.769
  }
]