{
  "Plan": {
    "Node Type": "Aggregate",
    "Strategy": "Plain",
    "Partial Mode": "Finalize",
    "Parallel Aware": false,
    "Startup Cost": 119166.98,
    "Total Cost": 119166.99,
    "Plan Rows": 1,
    "Plan Width": 8,
    "Actual Startup Time": 503.556,
    "Actual Total Time": 522.242,
    "Actual Rows": 1,
    "Actual Loops": 1,
    "Plans": [
      {
        "Node Type": "Gather",
        "Parent Relationship": "Outer",
        "Parallel Aware": false,
        "Startup Cost": 119166.87,
        "Total Cost": 119166.98,
        "Plan Rows": 1,
        "Plan Width": 8,
        "Actual Startup Time": 501.751,
        "Actual Total Time": 522.234,
        "Actual Rows": 2,
        "Actual Loops": 1,
        "Workers Planned": 1,
        "Workers Launched": 1,
        "Single Copy": false,
        "Plans": [
          {
            "Node Type": "Aggregate",
            "Strategy": "Plain",
            "Partial Mode": "Partial",
            "Parent Relationship": "Outer",
            "Parallel Aware": false,
            "Startup Cost": 118166.87,
            "Total Cost": 118166.88,
            "Plan Rows": 1,
            "Plan Width": 8,
            "Actual Startup Time": 495.613,
            "Actual Total Time": 495.617,
            "Actual Rows": 1,
            "Actual Loops": 2,
            "Plans": [
              {
                "Node Type": "Hash Join",
                "Parent Relationship": "Outer",
                "Parallel Aware": true,
                "Join Type": "Inner",
                "Startup Cost": 84694.5,
                "Total Cost": 117712.15,
                "Plan Rows": 181885,
                "Plan Width": 0,
                "Actual Startup Time": 317.232,
                "Actual Total Time": 493.9,
                "Actual Rows": 29599,
                "Actual Loops": 2,
                "Inner Unique": true,
                "Hash Cond": "(mk.movie_id = t.id)",
                "Plans": [
                  {
                    "Node Type": "Bitmap Heap Scan",
                    "Parent Relationship": "Outer",
                    "Parallel Aware": true,
                    "Relation Name": "movie_keyword",
                    "Alias": "mk",
                    "Startup Cost": 20416.01,
                    "Total Cost": 51947.41,
                    "Plan Rows": 566192,
                    "Plan Width": 4,
                    "Actual Startup Time": 55.691,
                    "Actual Total Time": 147.267,
                    "Actual Rows": 483107,
                    "Actual Loops": 2,
                    "Recheck Cond": "(keyword_id < 910)",
                    "Rows Removed by Index Recheck": 0,
                    "Exact Heap Blocks": 12353,
                    "Lossy Heap Blocks": 0,
                    "Plans": [
                      {
                        "Node Type": "Bitmap Index Scan",
                        "Parent Relationship": "Outer",
                        "Parallel Aware": false,
                        "Index Name": "keyword_id_movie_keyword",
                        "Startup Cost": 0.0,
                        "Total Cost": 20175.38,
                        "Plan Rows": 962526,
                        "Plan Width": 0,
                        "Actual Startup Time": 52.042,
                        "Actual Total Time": 52.044,
                        "Actual Rows": 966214,
                        "Actual Loops": 1,
                        "Index Cond": "(keyword_id < 910)"
                      }
                    ]
                  },
                  {
                    "Node Type": "Hash",
                    "Parent Relationship": "Inner",
                    "Parallel Aware": true,
                    "Startup Cost": 58306.47,
                    "Total Cost": 58306.47,
                    "Plan Rows": 477762,
                    "Plan Width": 4,
                    "Actual Startup Time": 252.445,
                    "Actual Total Time": 252.446,
                    "Actual Rows": 369380,
                    "Actual Loops": 2,
                    "Hash Buckets": 1048576,
                    "Original Hash Buckets": 1048576,
                    "Hash Batches": 1,
                    "Original Hash Batches": 1,
                    "Peak Memory Usage": 37120,
                    "Plans": [
                      {
                        "Node Type": "Seq Scan",
                        "Parent Relationship": "Outer",
                        "Parallel Aware": true,
                        "Relation Name": "title",
                        "Alias": "t",
                        "Startup Cost": 0.0,
                        "Total Cost": 58306.47,
                        "Plan Rows": 477762,
                        "Plan Width": 4,
                        "Actual Startup Time": 0.035,
                        "Actual Total Time": 158.145,
                        "Actual Rows": 369380,
                        "Actual Loops": 2,
                        "Filter": "((production_year < 2005) AND (kind_id = 7))",
                        "Rows Removed by Filter": 894776
                      }
                    ]
                  }
                ]
              }
            ]
          }
        ]
      }
    ]
  },
  "Planning Time": 0.618,
  "Triggers": [],
  "Execution Time": 522.332
}