[
  {
    "Plan": {
      "Node Type": "Aggregate",
      "Strategy": "Plain",
      "Partial Mode": "Finalize",
      "Parallel Aware": false,
      "Startup Cost": 291974.65,
      "Total Cost": 291974.66,
      "Plan Rows": 1,
      "Plan Width": 8,
      "Actual Startup Time": 1594.422,
      "Actual Total Time": 1641.531,
      "Actual Rows": 1,
      "Actual Loops": 1,
      "Plans": [
        {
          "Node Type": "Gather",
          "Parent Relationship": "Outer",
          "Parallel Aware": false,
          "Startup Cost": 291974.13,
          "Total Cost": 291974.64,
          "Plan Rows": 5,
          "Plan Width": 8,
          "Actual Startup Time": 1585.127,
          "Actual Total Time": 1641.521,
          "Actual Rows": 6,
          "Actual Loops": 1,
          "Workers Planned": 5,
          "Workers Launched": 5,
          "Single Copy": false,
          "Plans": [
            {
              "Node Type": "Aggregate",
              "Strategy": "Plain",
              "Partial Mode": "Partial",
              "Parent Relationship": "Outer",
              "Parallel Aware": false,
              "Startup Cost": 290974.13,
              "Total Cost": 290974.14,
              "Plan Rows": 1,
              "Plan Width": 8,
              "Actual Startup Time": 1573.253,
              "Actual Total Time": 1573.258,
              "Actual Rows": 1,
              "Actual Loops": 6,
              "Plans": [
                {
                  "Node Type": "Hash Join",
                  "Parent Relationship": "Outer",
                  "Parallel Aware": true,
                  "Join Type": "Inner",
                  "Startup Cost": 82595.08,
                  "Total Cost": 288108.65,
                  "Plan Rows": 1146194,
                  "Plan Width": 0,
                  "Actual Startup Time": 401.183,
                  "Actual Total Time": 1459.676,
                  "Actual Rows": 2914858,
                  "Actual Loops": 6,
                  "Inner Unique": false,
                  "Hash Cond": "(mi.movie_id = t.id)",
                  "Plans": [
                    {
                      "Node Type": "Seq Scan",
                      "Parent Relationship": "Outer",
                      "Parallel Aware": true,
                      "Relation Name": "movie_info",
                      "Alias": "mi",
                      "Startup Cost": 0.0,
                      "Total Cost": 191560.33,
                      "Plan Rows": 2956733,
                      "Plan Width": 4,
                      "Actual Startup Time": 0.031,
                      "Actual Total Time": 287.779,
                      "Actual Rows": 2472620,
                      "Actual Loops": 6
                    },
                    {
                      "Node Type": "Hash",
                      "Parent Relationship": "Inner",
                      "Parallel Aware": true,
                      "Startup Cost": 79532.24,
                      "Total Cost": 79532.24,
                      "Plan Rows": 245027,
                      "Plan Width": 8,
                      "Actual Startup Time": 395.667,
                      "Actual Total Time": 395.67,
                      "Actual Rows": 165633,
                      "Actual Loops": 6,
                      "Hash Buckets": 1048576,
                      "Original Hash Buckets": 1048576,
                      "Hash Batches": 1,
                      "Original Hash Batches": 1,
                      "Peak Memory Usage": 47168,
                      "Plans": [
                        {
                          "Node Type": "Hash Join",
                          "Parent Relationship": "Outer",
                          "Parallel Aware": true,
                          "Join Type": "Inner",
                          "Startup Cost": 33262.73,
                          "Total Cost": 79532.24,
                          "Plan Rows": 245027,
                          "Plan Width": 8,
                          "Actual Startup Time": 127.347,
                          "Actual Total Time": 334.929,
                          "Actual Rows": 165633,
                          "Actual Loops": 6,
                          "Inner Unique": false,
                          "Hash Cond": "(t.id = mc.movie_id)",
                          "Plans": [
                            {
                              "Node Type": "Seq Scan",
                              "Parent Relationship": "Outer",
                              "Parallel Aware": true,
                              "Relation Name": "title",
                              "Alias": "t",
                              "Startup Cost": 0.0,
                              "Total Cost": 42318.73,
                              "Plan Rows": 632073,
                              "Plan Width": 4,
                              "Actual Startup Time": 0.011,
                              "Actual Total Time": 57.84,
                              "Actual Rows": 421385,
                              "Actual Loops": 6
                            },
                            {
                              "Node Type": "Hash",
                              "Parent Relationship": "Inner",
                              "Parallel Aware": true,
                              "Startup Cost": 29310.68,
                              "Total Cost": 29310.68,
                              "Plan Rows": 316164,
                              "Plan Width": 4,
                              "Actual Startup Time": 125.596,
                              "Actual Total Time": 125.596,
                              "Actual Rows": 165633,
                              "Actual Loops": 6,
                              "Hash Buckets": 1048576,
                              "Original Hash Buckets": 1048576,
                              "Hash Batches": 1,
                              "Original Hash Batches": 1,
                              "Peak Memory Usage": 47168,
                              "Plans": [
                                {
                                  "Node Type": "Seq Scan",
                                  "Parent Relationship": "Outer",
                                  "Parallel Aware": true,
                                  "Relation Name": "movie_companies",
                                  "Alias": "mc",
                                  "Startup Cost": 0.0,
                                  "Total Cost": 29310.68,
                                  "Plan Rows": 316164,
                                  "Plan Width": 4,
                                  "Actual Startup Time": 18.601,
                                  "Actual Total Time": 66.239,
                                  "Actual Rows": 165633,
                                  "Actual Loops": 6,
                                  "Filter": "(company_id > 16941)",
                                  "Rows Removed by Filter": 269222
                                }
                              ]
                            }
                          ]
                        }
                      ]
                    }
                  ]
                }
              ]
            }
          ]
        }
      ]
    },
    "Planning Time": 1.366,
    "Triggers": [],
    "Execution Time": 1641.623
  }
]