{
  "Plan": {
    "Node Type": "Aggregate",
    "Strategy": "Plain",
    "Partial Mode": "Finalize",
    "Parallel Aware": false,
    "Startup Cost": 63341.47,
    "Total Cost": 63341.48,
    "Plan Rows": 1,
    "Plan Width": 8,
    "Actual Startup Time": 37.622,
    "Actual Total Time": 42.007,
    "Actual Rows": 1,
    "Actual Loops": 1,
    "Plans": [
      {
        "Node Type": "Gather",
        "Parent Relationship": "Outer",
        "Parallel Aware": false,
        "Startup Cost": 63341.36,
        "Total Cost": 63341.47,
        "Plan Rows": 1,
        "Plan Width": 8,
        "Actual Startup Time": 37.525,
        "Actual Total Time": 42.002,
        "Actual Rows": 2,
        "Actual Loops": 1,
        "Workers Planned": 1,
        "Workers Launched": 1,
        "Single Copy": false,
        "Plans": [
          {
            "Node Type": "Aggregate",
            "Strategy": "Plain",
            "Partial Mode": "Partial",
            "Parent Relationship": "Outer",
            "Parallel Aware": false,
            "Startup Cost": 62341.36,
            "Total Cost": 62341.37,
            "Plan Rows": 1,
            "Plan Width": 8,
            "Actual Startup Time": 31.23,
            "Actual Total Time": 31.232,
            "Actual Rows": 1,
            "Actual Loops": 2,
            "Plans": [
              {
                "Node Type": "Nested Loop",
                "Parent Relationship": "Outer",
                "Parallel Aware": false,
                "Join Type": "Inner",
                "Startup Cost": 154.21,
                "Total Cost": 62338.64,
                "Plan Rows": 1087,
                "Plan Width": 0,
                "Actual Startup Time": 2.355,
                "Actual Total Time": 31.096,
                "Actual Rows": 555,
                "Actual Loops": 2,
                "Inner Unique": false,
                "Plans": [
                  {
                    "Node Type": "Nested Loop",
                    "Parent Relationship": "Outer",
                    "Parallel Aware": false,
                    "Join Type": "Inner",
                    "Startup Cost": 153.79,
                    "Total Cost": 60721.38,
                    "Plan Rows": 2969,
                    "Plan Width": 8,
                    "Actual Startup Time": 2.15,
                    "Actual Total Time": 27.323,
                    "Actual Rows": 292,
                    "Actual Loops": 2,
                    "Inner Unique": true,
                    "Plans": [
                      {
                        "Node Type": "Bitmap Heap Scan",
                        "Parent Relationship": "Outer",
                        "Parallel Aware": true,
                        "Relation Name": "movie_info",
                        "Alias": "mi",
                        "Startup Cost": 153.36,
                        "Total Cost": 27378.64,
                        "Plan Rows": 4928,
                        "Plan Width": 4,
                        "Actual Startup Time": 1.735,
                        "Actual Total Time": 5.553,
                        "Actual Rows": 3017,
                        "Actual Loops": 2,
                        "Recheck Cond": "(info_type_id = 57)",
                        "Rows Removed by Index Recheck": 0,
                        "Exact Heap Blocks": 1102,
                        "Lossy Heap Blocks": 0,
                        "Plans": [
                          {
                            "Node Type": "Bitmap Index Scan",
                            "Parent Relationship": "Outer",
                            "Parallel Aware": false,
                            "Index Name": "info_type_id_movie_info",
                            "Startup Cost": 0.0,
                            "Total Cost": 151.26,
                            "Plan Rows": 8377,
                            "Plan Width": 0,
                            "Actual Startup Time": 2.542,
                            "Actual Total Time": 2.542,
                            "Actual Rows": 6034,
                            "Actual Loops": 1,
                            "Index Cond": "(info_type_id = 57)"
                          }
                        ]
                      },
                      {
                        "Node Type": "Index Scan",
                        "Parent Relationship": "Inner",
                        "Parallel Aware": false,
                        "Scan Direction": "Forward",
                        "Index Name": "title_pkey",
                        "Relation Name": "title",
                        "Alias": "t",
                        "Startup Cost": 0.43,
                        "Total Cost": 6.77,
                        "Plan Rows": 1,
                        "Plan Width": 4,
                        "Actual Startup Time": 0.007,
                        "Actual Total Time": 0.007,
                        "Actual Rows": 0,
                        "Actual Loops": 6034,
                        "Index Cond": "(id = mi.movie_id)",
                        "Rows Removed by Index Recheck": 0,
                        "Filter": "((kind_id > 1) AND (production_year < 2011))",
                        "Rows Removed by Filter": 1
                      }
                    ]
                  },
                  {
                    "Node Type": "Index Scan",
                    "Parent Relationship": "Inner",
                    "Parallel Aware": false,
                    "Scan Direction": "Forward",
                    "Index Name": "movie_id_movie_info_idx",
                    "Relation Name": "movie_info_idx",
                    "Alias": "mi_idx",
                    "Startup Cost": 0.43,
                    "Total Cost": 0.52,
                    "Plan Rows": 2,
                    "Plan Width": 4,
                    "Actual Startup Time": 0.011,
                    "Actual Total Time": 0.012,
                    "Actual Rows": 2,
                    "Actual Loops": 583,
                    "Index Cond": "(movie_id = t.id)",
                    "Rows Removed by Index Recheck": 0,
                    "Filter": "(info_type_id > 99)",
                    "Rows Removed by Filter": 1
                  }
                ]
              }
            ]
          }
        ]
      }
    ]
  },
  "Planning Time": 0.964,
  "Triggers": [],
  "Execution Time": 42.11
}